TRXV5
3
4
4
9
string Extension=J
integer IsArchMeasurement=1
integer IsSpherical=1
string Generator=SPM
string GeneratorVersion=1.3.1 Dev
double ArchRadius=0.449999988079071
integer FrequencyAxisIndex=0
integer AzimuthAxisIndex=1
integer ElevationAxisIndex=2
Frequency
5 201 900000000 1000000000 LIN
Azimuth
7 8 0 2.74889357189107 LIN
Elevation
7 15 -2.74889357189107 2.74889357189107 LIN
Polar H Real Part
13
Polar H Imaginary Part
14
Polar V Real Part
13
Polar V Imaginary Part
14
Polar H Magnitude (dB)
12 0xC0000002 0 1
Polar H Phase
7 0xC0000003 0 1
Polar V Magnitude (dB)
12 0xC0000002 2 3
Polar V Phase
7 0xC0000003 2 3
-0.00516806823224485 -0.000260737825329722 -0.0813681293837208 0.025947958620143
-0.0128610740054329 -0.00491909048495604 -0.0337829028112945 -0.104618703032353
-0.00321361951404073 -0.00511151009348402 0.0952887121932764 -0.22311653763773
0.00674615880298379 -0.0089903352566673 0.312387824658767 -0.0471975326529001
0.0180650213507656 -0.00281107310946658 0.258062765234719 0.330545913121731
-0.00567289523160186 0.0108678294362064 -0.151489900067708 0.425813008581656
-0.010509894112556 -0.00845257839454173 -0.302291097407294 0.116584539547499
-0.00184496526660991 -0.0175218682014889 -0.0182419334263287 0.0385802882088306
0.000485200302900059 -0.00070025307878635 0.317723671389562 -0.0576326121265083
-0.000780803855480086 0.00567586812722048 0.269942664734765 -0.414100259103197
0.00299913625229332 0.00142883658898464 -0.208149532398495 -0.426437633629804
-0.00894608791359685 -0.0102243203319174 -0.370724108220358 0.0149767308887927
-0.0120234533076351 -0.00546822793050281 -0.139509163327815 0.232571619651593
-0.011780006962979 -0.00644461475974465 0.0361974822958454 0.145051563729572
-0.0151565324733631 -0.000499893792575871 0.0952205517148117 -0.0300527546302959
-0.0061468647448299 -0.00152531699269762 -0.0825012486582148 0.0252473996540095
-0.0124701919603392 -0.00763187122685941 -0.0357333203453389 -0.103244629468105
-0.00154100823419832 -0.00815475976293957 0.0929638872824464 -0.221993388457815
0.00763240345480236 -0.0109953965263046 0.311693755694029 -0.0489426153946361
0.0175307203189218 -0.00153569584301731 0.261327069032078 0.327314700102997
-0.00739687606794071 0.0131698578767901 -0.148116339537978 0.425768413820682
-0.0115762964395775 -0.00783719276683159 -0.30183946316307 0.118135647702043
-0.00291559226208086 -0.0173622375623262 -0.0200393057740671 0.0391104726896814
-0.000979475638862361 0.000214058773452526 0.316846755156803 -0.0559007024976153
-0.00309695486475028 0.0082479632369816 0.272700994002734 -0.411723065553923
0.00241356775306722 0.00345446217778206 -0.203047670671357 -0.428713858126161
-0.00744392952463477 -0.0120123479054807 -0.370957473207471 0.0121833291601008
-0.0100077980664795 -0.00864780846585037 -0.142495442496892 0.231721815290126
-0.0107458078019835 -0.00911710361925464 0.0345566259617352 0.145908228974466
-0.0155750211375911 -0.0016663635066533 0.0940332696271017 -0.0299208473743216
-0.00631763022417447 -0.0019059689964819 -0.0828290407262757 0.0241927178937694
-0.0121066713419609 -0.00944558227929265 -0.0356552215327994 -0.103291551443758
-0.00069353077523172 -0.0108784131934152 0.0919977694888236 -0.22227668492913
0.00856760381357249 -0.0132343725446966 0.310225211020862 -0.0489182552742189
0.0169189540844308 -0.000833564652249712 0.260338960665396 0.327498217470798
-0.00897868116106237 0.0147641673325174 -0.146014337087195 0.428293764227831
-0.0128055176929167 -0.00795778220663365 -0.30341888324904 0.119789273275903
-0.00299014414631033 -0.0164674319247764 -0.0216667507926659 0.039431371138906
-0.00143311802552688 0.000253290078509594 0.314801146466316 -0.0539770616646582
-0.00529077004124002 0.00939389448674677 0.272828359893208 -0.408682423722216
0.00174215979235622 0.00422998591697594 -0.202524448289751 -0.429328116283441
-0.00572068876713541 -0.0139480546787633 -0.3715084916141 0.0111796598652979
-0.00823193421818023 -0.0109212583384182 -0.143253403890744 0.233424800050372
-0.0097060984044278 -0.0116618444270557 0.0340686571839981 0.147056985004877
-0.0163489285638112 -0.00302232061110882 0.0944564293910102 -0.0301107394661303
-0.0065776430247059 -0.00180645505251838 -0.0827126197076839 0.0233515093705046
-0.0117209568872728 -0.0115800132164405 -0.0341306066885494 -0.103011162788838
0.000640251475555092 -0.0127329447938819 0.0929257349403158 -0.221773405652392
0.00877872259927616 -0.0148506897228235 0.309170740193628 -0.046829440287063
0.0160439900593129 -0.000753738720142867 0.257322046645944 0.330166769055167
-0.0106321872571535 0.0149827842876971 -0.151959568318103 0.428026771559275
-0.0128769919785577 -0.00826595891589798 -0.306789614324602 0.119773235021914
-0.00247337613310069 -0.0166105070581849 -0.0240074581854552 0.0397982972647781
-0.00191458558887445 0.000336776544286268 0.312451655129546 -0.0534743938352323
-0.00618701257663794 0.00987674271027397 0.27069180994905 -0.408513344825795
0.00113349518042098 0.00436689242411465 -0.206487321535618 -0.42758950892486
-0.00547442236784633 -0.0154788879465572 -0.373074018700355 0.0132099025118022
-0.006376110695466 -0.0128632678761388 -0.14331614116699 0.234176282010937
-0.00802252170134901 -0.0125352620082839 0.0344387476889417 0.147400062002091
-0.0158203101203364 -0.00259797933404959 0.09548319066699 -0.0301286919648894
-0.00558460695942066 -0.000786359720218611 -0.0808302416683103 0.023263381413446
-0.00954312011492269 -0.0120555549081069 -0.032109900696558 -0.103461422666957
0.0017469067873671 -0.0137913069018519 0.0952708115439061 -0.220368557402567
0.00914926114413475 -0.0162279559551189 0.308837965689584 -0.0431614288485521
0.0148511278315697 -0.000838136757031852 0.250243603334692 0.334196871609716
-0.0112009259739208 0.0142340536338209 -0.158697742917275 0.429782115851109
-0.0119030045965569 -0.00868056423768185 -0.30918859219087 0.1181457614524
-0.00130123913105236 -0.0170545366031934 -0.0258537412095188 0.0402158669314387
-0.00103779080312453 6.13205817625792E-05 0.310692901562981 -0.0546512623042666
-0.00676031014365875 0.00952785663045908 0.261872211762796 -0.4094875730713
-5.07503655366639E-05 0.00352267479086051 -0.214315462760622 -0.421817482336059
-0.00572630619357242 -0.0167404153921174 -0.374631535942544 0.0189262843015657
-0.00505409346696187 -0.0138270502062493 -0.141267737126689 0.235181078263427
-0.00710929699621017 -0.0129561885108062 0.0357049501295442 0.147578532162097
-0.0151786785508389 -0.00188421350376132 0.0963831165999227 -0.0300331161155137
-0.00552101594333054 2.77395196547376E-05 -0.0791746692832143 0.0235974073658936
-0.00911728383627424 -0.0126659806186705 -0.0297673024289621 -0.102369723112539
0.00230725191268154 -0.0140327267087314 0.0983954264990082 -0.218740052129752
0.00880869946857256 -0.0165464538052328 0.307305528848898 -0.0367488430782937
0.0145436598340389 -0.001494238780029 0.242237894224231 0.339234721173648
-0.0109810877765283 0.0125754683369535 -0.169591227720715 0.427828143883648
-0.0106753620951707 -0.009536962891524 -0.313070222033819 0.114297680645178
0.0010633082119471 -0.0172921202891773 -0.0261976606221414 0.0400833307353018
0.00100865533439417 -0.000448199186277467 0.308267158632097 -0.0559833442604108
-0.00660867483645781 0.00778162492994699 0.254510655299322 -0.410597436722857
-0.000467124247597815 0.00233061440065353 -0.223947428602489 -0.415311394499054
-0.0064618610195123 -0.0177169425385841 -0.375922933583161 0.0260068148435714
-0.00484620277885761 -0.0135601705513866 -0.138871783170592 0.236737214577184
-0.00572733593821016 -0.0121980781111635 0.0383608867328016 0.147246341518389
-0.0141725555069059 -0.000286791749737845 0.0983130600864912 -0.0292538662832204
-0.00449587208311205 0.00186384119805414 -0.0769663144825363 0.0250915859189591
-0.00840667752673661 -0.0107437235265518 -0.0262212995043691 -0.103217631216964
0.00257965349581516 -0.0127938671348701 0.101471176557068 -0.217640164126769
0.00809604145229367 -0.0161595481796609 0.306414344201135 -0.0320770604193307
0.0144181368435863 -0.00261792390076767 0.233031633689605 0.346196575138588
-0.0102766408146444 0.0104896108874598 -0.179265738519048 0.42637208238045
-0.00870066607696757 -0.0107090958354268 -0.315583157861786 0.112034480045129
0.00293087746232414 -0.0172146224492482 -0.0261787081990815 0.040272916779656
0.00245455387278432 -0.00141971766455376 0.305720321564597 -0.0593938352325443
-0.00501964227072405 0.00613463501148177 0.242627071095099 -0.412762901830591
-0.00115631385678192 9.24783728193847E-05 -0.23384814607959 -0.408984255887504
-0.00757710390349174 -0.0178286527435168 -0.37578404868468 0.0336777535805659
-0.00515498386735619 -0.0126707790157382 -0.134449074898429 0.237554851325893
-0.00516971652614843 -0.010275618016408 0.0414455859325058 0.145819830013872
-0.0128362691851617 0.00197728145068618 0.100702420141701 -0.0293845245823813
-0.00282490162384027 0.00323324555906856 -0.0743084799084685 0.025653383988998
-0.00785780980970673 -0.00894769098941196 -0.0238828805052289 -0.103857348632307
0.00183374421677584 -0.0110267637768669 0.105079295383128 -0.21704000778903
0.00716826890042813 -0.0153476858956614 0.305926257046029 -0.026354442633786
0.0141074645773859 -0.00452058248925699 0.223938168566673 0.352381462344365
-0.00836631654639436 0.00747536488611555 -0.189605666349435 0.424302710354404
-0.00713097792195439 -0.0117969895166544 -0.318666198145134 0.108891502964075
0.00415922022921994 -0.0179083513061738 -0.0257938195081246 0.0404460412403122
0.00423910604448129 -0.00251349892253007 0.304670553681118 -0.0627742116262622
-0.00394559828704459 0.0031935956062856 0.234719997506514 -0.416053414421484
-0.0015747800997055 -0.00208349253192009 -0.243586202572593 -0.404669543949339
-0.00944265058735423 -0.0173032101841083 -0.376409810183873 0.0386934657740074
-0.00609081186960972 -0.0107011726687816 -0.1301183664814 0.238432072560963
-0.00495699014437328 -0.00833583793958625 0.044316807286192 0.1447127919482
-0.0115825575280209 0.00423694333423723 0.102468478738783 -0.0297699095592836
-0.00491930507305319 -0.000731581157565592 -0.0815939034279417 0.0254478849566447
-0.012722632327247 -0.00460138011087116 -0.0344542827345078 -0.104673024835132
-0.0033155835979916 -0.00463540684412916 0.0945699137153416 -0.222736222825314
0.00659381516055156 -0.00914113663204674 0.311397917397279 -0.046300831225024
0.0179977941731301 -0.00304706005086157 0.256530431374578 0.328460399159363
-0.00559934885669966 0.010885786513004 -0.151258894097364 0.42409556447429
-0.0102195147677223 -0.00835598641068076 -0.301206213958951 0.115317467652853
-0.00255169725845548 -0.0176567922210523 -0.0186909010936807 0.0384907477787418
0.00080270476642275 -0.000921278153584493 0.316993728750132 -0.05798405815823
-0.000701646128327377 0.00599192245078029 0.268329776888381 -0.41273166768502
0.00312090187021457 0.00173965827315135 -0.205800580162009 -0.424706432046183
-0.00852571528582676 -0.0101401466888787 -0.369698254493035 0.0152840086643515
-0.01211496321172 -0.0053595451116856 -0.13861929138956 0.23238466589548
-0.0118623923818666 -0.0064721704631125 0.0361022399899736 0.144601343785549
-0.0150118200415937 0.000104583815254516 0.0954123932365533 -0.0296347241440515
-0.00563000541759497 -0.00131578094374292 -0.0825064282859956 0.0249005779617098
-0.0125195519480209 -0.00737644580153465 -0.0352981411689378 -0.104321483771517
-0.00175042478324232 -0.00772250367569143 0.0920913954900783 -0.222232763707306
0.00757250912567883 -0.0109808440868328 0.310616739993252 -0.0488650330059494
0.01726588272601 -0.00183121421817871 0.261012654701982 0.326206996929241
-0.00734175550819165 0.0136351870267218 -0.146685913634392 0.424491653750072
-0.012105144001817 -0.00785581375199215 -0.300849635059919 0.118092860831267
-0.00332777724051445 -0.0172417067452455 -0.020730564960252 0.0391583309140735
-0.00121133163556181 -0.000427462645845924 0.316191864939653 -0.0547751461184069
-0.00292255878118659 0.00793058904661944 0.271941301598264 -0.410819458450578
0.00285884062946718 0.00324638919716171 -0.202720248271399 -0.428237476794014
-0.00747813358457302 -0.0116184877560812 -0.370456798775508 0.0120802902075997
-0.00999309080456584 -0.00870365939185847 -0.142020031201047 0.232056073794173
-0.0108513992414566 -0.0089396348609816 0.0349438782316193 0.14584520422158
-0.0161765440301284 -0.00149041842106582 0.0946156005894846 -0.0294777471022553
-0.00626416026547115 -0.00221436389336666 -0.0828148590005113 0.0232716359800673
-0.0123118137442494 -0.00947224231700874 -0.035688210591365 -0.103333611418739
-0.000868278596615567 -0.0109397066029353 0.0911977620825757 -0.222398882688218
0.00824726418122015 -0.0130460650190338 0.309414607492983 -0.048537566056221
0.0167856671243466 -0.000857652300809929 0.261638987879909 0.32576151414744
-0.00939883939411891 0.0146198813678418 -0.14633583276304 0.426752602677161
-0.013151822543048 -0.00756575354693658 -0.302145156979647 0.118444348818578
-0.00356436077752794 -0.0172531054039914 -0.0215481543399581 0.0392915570347394
-0.00188029040151533 2.46778756676537E-05 0.314514520805705 -0.0543983593412038
-0.005165745163505 0.00957793094639416 0.27121296372903 -0.407633958505841
0.00213438173300206 0.00390074843871109 -0.202655279106691 -0.428839896338229
-0.00605946425600928 -0.013610178895916 -0.371014458572086 0.0113900010592864
-0.00836865689072232 -0.0112011346116712 -0.143006665938985 0.23264227928378
-0.0103540070328284 -0.0114798871820592 0.0340951779495596 0.147026455925625
-0.0165546343124415 -0.00232854418945762 0.0946404780297914 -0.0294924995597302
-0.00652176207835354 -0.00149435200616215 -0.0822395939794036 0.0231408363310858
-0.0115794882424304 -0.0110000564294196 -0.0345387841816758 -0.103073468906748
0.000434666666998844 -0.0127005331841039 0.0922785169240907 -0.220868047973419
0.00912266904946489 -0.0147165507260517 0.308752785392859 -0.0463506750202085
0.0158455202894651 -0.000199151639514028 0.256113340993649 0.328336830588605
-0.0104194974333361 0.0150212231599536 -0.152073259777809 0.426114719980319
-0.0130028944755237 -0.00806090163773412 -0.305503628808955 0.119429706807627
-0.00269861137088265 -0.0169289215941254 -0.0239084373907147 0.0398786712873166
-0.00145491894221923 0.000348032581509623 0.311709595954131 -0.0529796419165591
-0.00623095545732731 0.0100205495800839 0.269145538386964 -0.407958615698136
0.00142491204954813 0.00464167960688591 -0.205859756019941 -0.425731035886133
-0.00553431658945094 -0.0154160554329391 -0.372951780846675 0.0131970958524771
-0.00625794629064777 -0.012691634927944 -0.142635828828027 0.23344858614767
-0.00848755545431792 -0.0123919917599457 0.0341539256165883 0.147353742019816
-0.0160068060016569 -0.00237177557282184 0.0951887943632828 -0.0295656251573028
-0.00612990019126672 -0.00103930823255362 -0.0808129758159621 0.0232032144460468
-0.0105411655963463 -0.0117554473477053 -0.0325372736358012 -0.103313059312335
0.00175785409206762 -0.0138548428320186 0.093956313045464 -0.219931486304822
0.00891098736646448 -0.0161913202981588 0.307403236532244 -0.0423926065064862
0.0146120491057707 -0.000620468172057931 0.250819538617163 0.334713569377438
-0.0109168763919469 0.0141154761888982 -0.158208252932195 0.427321622134506
-0.012301964153636 -0.00870838406794581 -0.307962896764143 0.117882600558249
-0.00169198380761548 -0.0172249801609229 -0.0254261380302125 0.0395473583569076
-0.0010748426250059 0.000309014680269245 0.309043523347487 -0.055165192523633
-0.00670608441540173 0.00931240829981617 0.261291806631663 -0.408816846546882
0.000586237644853542 0.00407043414838745 -0.212539122415253 -0.42145852833454
-0.00539752204193028 -0.0166492028781254 -0.373284566220835 0.0189936861200053
-0.00510599892760089 -0.0138026452511082 -0.141158674150814 0.234789303790291
-0.00721601747131533 -0.0130273143149309 0.0360506487384738 0.147305695436131
-0.0158166854506574 -0.00144876965886191 0.0968033933667119 -0.0293764106198367
-0.00614921720856201 0.000333864830884224 -0.0791518694662102 0.0231067586047019
-0.00956198462535804 -0.0116998220425007 -0.0296864736867378 -0.10346977717716
0.00226546136494941 -0.0138474910510022 0.0974986337497993 -0.218349877171787
0.00883245383717631 -0.0170979109860742 0.306412124991597 -0.0368652748899546
0.0141254433509897 -0.00124199330846907 0.240965846726045 0.339059607768125
-0.0108336071739492 0.0123642683592186 -0.169249159167511 0.426407919784791
-0.0109347281137199 -0.00915036190043845 -0.312373964795381 0.113717107622879
0.000460801612702558 -0.0172707030314261 -0.026551565850918 0.0402617710677554
0.000108278908963547 -0.00089278195858131 0.30702899636342 -0.0555630719846975
-0.00612684643160707 0.00807206819472231 0.253419333060204 -0.409542596888688
-0.000403595216044076 0.0027128418614091 -0.222814408524172 -0.414633145447731
-0.00607331356513342 -0.017136051688207 -0.374913496901116 0.0262026978083417
-0.00423797129746964 -0.0140924463852499 -0.138689015151313 0.236170600340285
-0.00637563140922076 -0.0125174834067155 0.0386934057175679 0.146943748178961
-0.0140975517242592 0.000408109506161404 0.0980219110248593 -0.0294430919321367
-0.0041690895325331 0.00155501840874152 -0.0763477623347866 0.0244562492023679
-0.0087262327007297 -0.0107186575007225 -0.0268404636400769 -0.103478131067114
0.00258686809576746 -0.0125592622496013 0.100901198393578 -0.217851749284642
0.00816762847263942 -0.0158182329176252 0.305251409464396 -0.0311901749913738
0.0139858603660932 -0.0022624931913009 0.232469940640259 0.345566795716677
-0.0101675211490395 0.0102026769054551 -0.17903013709625 0.425996020068788
-0.00912720452189119 -0.0107427013481762 -0.315419472874116 0.111378292679542
0.0025238556016092 -0.0177992925585154 -0.0268601265524081 0.0404724881699959
0.00234263003405296 -0.00140399797373256 0.304306715129578 -0.0590602362067453
-0.0051856838503127 0.00610214152132441 0.24210553041082 -0.411485086133633
-0.00136500396640213 0.000718200711557017 -0.233058945990353 -0.408693411909601
-0.00732615437551843 -0.0175011035900192 -0.375422857827039 0.0330744235101058
-0.00479615596736468 -0.0126132820571628 -0.134005467612165 0.237493912505533
-0.00596338449650432 -0.0105287309454436 0.0417564444194969 0.146146155441872
-0.0130935714539914 0.00276895155514859 0.100353406566732 -0.0288470577005578
-0.00304433628830773 0.00326362889499781 -0.0741616705243023 0.0255842699506224
-0.00760103172403559 -0.00893230672081679 -0.024278909672845 -0.10387360554834
0.00208285785518343 -0.0109599616025207 0.103616240041434 -0.216850173831455
0.00722152579002048 -0.0148151716340363 0.305292653289042 -0.0255214747401769
0.0138844002831659 -0.00459541728087577 0.223488819306557 0.351655366819444
-0.00861561287060478 0.00784308334137636 -0.190285693201871 0.423762314547197
-0.00722503603301155 -0.0116385029773862 -0.317229731020491 0.107821536305316
0.00432882263483506 -0.0178378771426948 -0.0258871489316235 0.0400559108807685
0.00400922305530126 -0.00246595409282434 0.303607784049097 -0.0624651550245136
-0.00370547420965419 0.00312943794157357 0.233269972924502 -0.415305704506866
-0.00179578717434886 -0.00169803921533498 -0.243106180743553 -0.403726916139135
-0.00930441334443661 -0.0168994973892848 -0.375934741896832 0.0393636330414797
-0.00603604467052682 -0.010692265534429 -0.130239314777229 0.238832522402394
-0.00523471341479928 -0.00861974344776347 0.0448331048554704 0.144814692129346
-0.0119143542226957 0.00467667387816749 0.102399405346109 -0.0288950037719295
-0.00491034066453221 -0.000890406997483601 -0.0815115159140034 0.0247136262426703
-0.0131115718340259 -0.00428166824948621 -0.0346912407922272 -0.105024445297711
-0.00324246675561928 -0.00503059365183968 0.0938168849569992 -0.222187026860819
0.00672650813411715 -0.00893892087407879 0.309812745562124 -0.0460256583443514
0.0180622634425556 -0.00278307430636767 0.255899343481953 0.327433318814627
-0.00581214552877323 0.0115174326437693 -0.151296507732332 0.422896443237809
-0.0106109081580147 -0.00833402072271319 -0.300484786369276 0.114840362415047
-0.0027271296296523 -0.0174195358198393 -0.0186341221012168 0.0383516349152262
0.000379920595869642 -0.0014976324703499 0.315832063991734 -0.0567766775894595
-0.000506087235098773 0.00620842331886146 0.26826961509543 -0.411767815223981
0.00319074829061079 0.00169445378447934 -0.205614441523 -0.425032805771927
-0.00882416662368365 -0.0100206921035684 -0.369503750888689 0.0155530007375367
-0.0121760629254741 -0.00539819960248259 -0.138698536331002 0.231983619625578
-0.0119972522862548 -0.00632140066271774 0.0365798990050101 0.145016756272868
-0.0148865739001245 0.000787233947324989 0.0958183449402379 -0.0286925681471425
-0.0058346511986367 -0.00121899607620113 -0.0827615338504444 0.0240313740580816
-0.0127867006037092 -0.00687230960924243 -0.0358129188097248 -0.104228300099388
-0.00217578229263902 -0.00779656066924163 0.091218038873281 -0.221834646777934
0.00779213656188466 -0.010656101244578 0.309850334285992 -0.0487234956489104
0.0174923553922698 -0.00138379895705295 0.259887759680734 0.324568443160144
-0.00744190425293979 0.0138768369052383 -0.146774781107298 0.4243694771661
-0.012085364242111 -0.00771763892958471 -0.300251119602002 0.117424547453861
-0.00377954858555044 -0.0176424663738452 -0.0201641950592849 0.03867356972294
-0.00129912356804498 -0.000499612301566379 0.314779254394002 -0.054620790356176
-0.00293171060168984 0.00795615004943793 0.272363789040999 -0.409717790873866
0.00252138973277871 0.0033582314702403 -0.20109592063515 -0.427687217063702
-0.0073941148168536 -0.0116232100483625 -0.369702407060753 0.0124320288109738
-0.010043745578604 -0.00861198625803315 -0.141368676267687 0.231968184415412
-0.0115395226550944 -0.00897232271355042 0.0345958899445882 0.146114791554199
-0.0161183768705317 -0.00125682884512478 0.0944917363980932 -0.0294123779485369
-0.00623909438610767 -0.0020434588873489 -0.0829818005536362 0.0231491942696344
-0.0125490198241347 -0.00920118749484749 -0.0362148648129194 -0.103725858566016
-0.000568999192207537 -0.0102225947426959 0.0912092206399697 -0.221663812917383
0.00812305908003718 -0.0129631359008584 0.308794196045595 -0.0483007461558155
0.0161360639795412 -0.000961636779500381 0.259620025693387 0.325405875267827
-0.00917642367487834 0.0148903016593198 -0.146943175034221 0.424840310073513
-0.0132636376828696 -0.0075088284085461 -0.301705364556177 0.118062499094687
-0.00392916018194448 -0.0170804501011796 -0.0224317731741824 0.0391453422522858
-0.00178019977832396 -0.000303006195594712 0.313282395271618 -0.0538402512379915
-0.00455327635268555 0.00961581314661195 0.271750962710736 -0.407165171724216
0.00205247373938519 0.00470327685350753 -0.200778506537338 -0.427910536205128
-0.00584425978097271 -0.0136366846569836 -0.370604585728634 0.0112769688933295
-0.00793233400123207 -0.011254369257152 -0.142497129564429 0.23234533922401
-0.01089353748217 -0.0109362759328109 0.0341837795907769 0.147002276149694
-0.0162494338647122 -0.00195866210572391 0.094241979287437 -0.0291903761462629
-0.00666499335515136 -0.00168241897794923 -0.081912094063736 0.0228814578221164
-0.0111925588460537 -0.0109263041805084 -0.0347789394797511 -0.103620368333369
0.000546297929700044 -0.0126989390873955 0.0917073730349549 -0.220719900784795
0.00872544070064019 -0.0149142453887347 0.307160856036524 -0.0458864253923566
0.0159474883044088 -0.000365210851851238 0.255480684171924 0.328294855739846
-0.0103806742090118 0.0151760775547697 -0.151247429363308 0.425006557210727
-0.0134722405115276 -0.00781421122851998 -0.304638889758501 0.118451136797633
-0.00330485156857327 -0.0172623505796703 -0.0241760800428161 0.0395352764632346
-0.00181054244807194 -0.000181487895339493 0.310330666543086 -0.0527643851446361
-0.00609971926360047 0.00939831704697423 0.269053055310796 -0.406022565413267
0.00142193946449904 0.00526256443032825 -0.205239321866894 -0.425730497676259
-0.00523984035403305 -0.0151867431735596 -0.37278873392117 0.0128330105774294
-0.00593582288550169 -0.0130261621614773 -0.142571781043973 0.233086246570424
-0.00904305818348681 -0.0126587373595509 0.034450764388445 0.14789436087487
-0.0160893345213663 -0.0016559956228151 0.0951490451780555 -0.0292303481328206
-0.00640427776282727 -0.000819462993831979 -0.0809790841342408 0.0224993504895656
-0.0102607843235739 -0.0115962979086188 -0.033284439494902 -0.103647942233991
0.00143926120083497 -0.0135504824217214 0.0932498171879189 -0.219777192840138
0.00901193528947953 -0.0161411350836173 0.307070756385679 -0.0419398449550341
0.0146994740823609 -0.00058559914061523 0.248801609068662 0.333589000882075
-0.0111157701489214 0.014459589876132 -0.158355617495638 0.425941840392507
-0.0120285298935714 -0.00863016879486273 -0.306900544223214 0.11651781395713
-0.00191235979287647 -0.0172577153047757 -0.0255481999700607 0.0399437538899782
-0.000996605186253102 -0.000728066999996384 0.308953647244428 -0.0542400786555348
-0.00669487052969861 0.00932598155713993 0.260950482053541 -0.407464849248543
-0.000238305091850861 0.00435223955752251 -0.212342952343093 -0.421134169882674
-0.00554331861779865 -0.0165697303736958 -0.373035007724537 0.0182683326876004
-0.00495435450112402 -0.0144150408396718 -0.140885185540015 0.234961129752222
-0.00763155034674882 -0.0129354910553035 0.0367553323648066 0.147455519378926
-0.0156732021129194 -0.000974943251250174 0.0967610774711841 -0.0290791320006811
-0.00601243363206057 0.000124389311366086 -0.079034049199951 0.0228399738596883
-0.00933870320322841 -0.0113074955779711 -0.0304468723873515 -0.103415156779307
0.0021794550387144 -0.0138766886632941 0.0967644246329277 -0.218639956626763
0.00878073385173161 -0.0161475542329278 0.305297909255931 -0.0362805292346536
0.0142612621403891 -0.00181675343749468 0.240109982924791 0.338971574726418
-0.0112369993823873 0.012965436463193 -0.168822978105367 0.424966263179375
-0.0106917031428639 -0.00918139464939433 -0.311247507691682 0.113248144378431
9.70257913610114E-05 -0.017111399287253 -0.0258214377990134 0.0398235783686106
0.000383980911884753 -0.000944148543031383 0.306414133672424 -0.0554209741141055
-0.0060565866649006 0.00770226579568091 0.252301363774528 -0.408442256519264
-0.000543118709346632 0.00266597719788136 -0.222803099171271 -0.415733893661243
-0.00594788273520932 -0.0170061429256434 -0.373825609861691 0.0253597033836401
-0.00458146585111948 -0.0137206931867119 -0.138139912989515 0.23584574529739
-0.00677889254373707 -0.0124717565380035 0.0392811364943691 0.147180213662028
-0.0140344699589923 0.00100319341407874 0.0984225137241477 -0.0285889149640246
-0.0043831377915869 0.00158670779230093 -0.0768226448297054 0.0240210873471543
-0.00816036778818129 -0.010485037457177 -0.0273161449189929 -0.103890116073176
0.00261317002417856 -0.012638556675496 0.100737780874145 -0.2176682581432
0.0081788148312974 -0.0160607335115699 0.304516819663821 -0.0303869277144083
0.0140144973690172 -0.00285122856936919 0.229774156911662 0.344220538397488
-0.010152698884346 0.0102218691595338 -0.179960517659207 0.423921181722317
-0.00964356871255681 -0.0105384754100008 -0.313999944175086 0.110694859677648
0.00192280177286668 -0.0177715615564886 -0.0268650566161249 0.0400915925548541
0.00247238076582097 -0.00171987955619245 0.303976315468513 -0.0600200350389818
-0.00486495227088907 0.0056849704702525 0.242805551799337 -0.41123403380299
-0.00110815293894199 0.000414612517209969 -0.23246635670473 -0.408511254668622
-0.007798394102576 -0.0177513791491564 -0.374660288761954 0.0331176308479416
-0.00478507553147933 -0.013034812868315 -0.133307872531985 0.23742154663656
-0.00602119608542695 -0.0105636635344644 0.0426369583826429 0.145693243517207
-0.0134110304909563 0.00284017538054666 0.100386797003093 -0.0285159603521658
-0.00304952296918118 0.00355918313477839 -0.0742909618681936 0.0252504202356905
-0.00758089509352928 -0.0085772021826914 -0.0245970046931648 -0.104537359107301
0.00217705091388551 -0.0105293094291224 0.10375335633138 -0.21637313609426
0.006993899549807 -0.0150599849779853 0.304381547095103 -0.025347106330494
0.014276735187241 -0.0041682055320174 0.223200499558062 0.351142856141574
-0.00898790012383932 0.00787325914754972 -0.190572916199984 0.42054156085851
-0.00721201924839435 -0.0117794430753547 -0.316493426632985 0.107259795513706
0.00343715929699026 -0.018257916386887 -0.0257753325269485 0.0403893699862709
0.00443558317776069 -0.00270678072832627 0.302261681061821 -0.0623591479087582
-0.0036755272180007 0.0032042039057988 0.233880006437459 -0.414696952850923
-0.00207108346123135 -0.00186534151438401 -0.242805606819888 -0.403324620927541
-0.0092475394056117 -0.0170414854870623 -0.375002823299439 0.0385421063729886
-0.00566807887495899 -0.0109296636237954 -0.12992325153721 0.238500644807369
-0.00548784888099303 -0.00823461180516754 0.0448256509806798 0.145121029294444
-0.0116904911665356 0.00504880650044488 0.10241045348934 -0.028660985538237
-0.00541203696863307 -0.000805889679814745 -0.0818386328180404 0.0246037552830446
-0.0128893213058453 -0.00428112931290862 -0.0346320670527186 -0.105286245573987
-0.00372854205584592 -0.00456420240407438 0.0929853939031478 -0.222046498094923
0.00638618136905875 -0.00835726412907323 0.310097549646618 -0.0453396256166729
0.0179500816271086 -0.00271814955459864 0.255929824130494 0.328610858999954
-0.00603818131525678 0.011473817770127 -0.151320750466764 0.422422254060195
-0.010867913198784 -0.00839141052712176 -0.300331715841955 0.113928336593657
-0.00365672120661262 -0.0173248596564006 -0.0187592511805036 0.0385461660683972
0.000447476780646514 -0.0014730679680783 0.314658983577227 -0.0568747561293992
-0.000435914351415958 0.00544363768828329 0.268926705845731 -0.411647750151778
0.00319534795949911 0.00180256828280214 -0.205084226417694 -0.425313727946849
-0.00888078798436089 -0.00970435073747665 -0.368918154629341 0.014341589540928
-0.0119070270102467 -0.00578627289091419 -0.138297212728589 0.231785233168336
-0.0128412803999249 -0.00614723658276038 0.0370167894071781 0.144898657076613
-0.0150953652507376 0.000412858660331001 0.0954565209831285 -0.0284235800754041
-0.00605599659110149 -0.00171020065348735 -0.0825513241353875 0.0237858026132005
-0.0130968321938968 -0.0070998790999074 -0.0363997921226701 -0.105127889731371
-0.00191518559795049 -0.00739275428008304 0.0915937865763797 -0.221318622563601
0.00749762364314857 -0.010678327840027 0.308782618081997 -0.0479713534964301
0.0178014712585624 -0.00136260912276386 0.258468810880486 0.325127176419844
-0.0072682686253771 0.0140381575597501 -0.148519416730312 0.422772451844942
-0.0121821115811725 -0.00794770857091336 -0.299572859841637 0.116340886700953
-0.00433284851493796 -0.0173280878497007 -0.0205655221949462 0.0389101129480704
-0.00129317272216187 -0.000960939411028722 0.313851603632542 -0.0541285323222926
-0.00273100678979341 0.00798171832420209 0.272547873605498 -0.40883275204339
0.00302169616667254 0.00408554022603667 -0.200685658531726 -0.427410865133796
-0.00750691015002543 -0.0118636376738491 -0.36987665804518 0.0115800711149649
-0.0102161648813108 -0.00880370707189409 -0.141339714812964 0.231723287006266
-0.0118945263127855 -0.00919918487934119 0.0348115070486756 0.145962658105234
-0.0160036023567026 -0.000889730509139135 0.0948065599258521 -0.0287145720386396
-0.00680606899100291 -0.00187669666330084 -0.0828682172458845 0.0228766022471431
-0.0123967526668857 -0.00904180268947057 -0.036153111611421 -0.10436595385576
-0.00077017587920031 -0.010380349555964 0.090146461752955 -0.221914267499426
0.00817693545484933 -0.0127251181782601 0.307899572823204 -0.0477909755772886
0.0162359572374519 -0.000295507110296658 0.25849064656209 0.326379686375054
-0.00936545019896016 0.0149779960864887 -0.148146277032721 0.423443337244048
-0.0128934866992841 -0.00778969810191597 -0.301055764787547 0.11755315704077
-0.00432803805029052 -0.0171180192751907 -0.022183143628394 0.0390258899009752
-0.00177659480677939 -0.000538894636065875 0.312814991822504 -0.0529906728311572
-0.00440450284602232 0.00920149978686285 0.272390453231823 -0.406238883584913
0.00231386729477454 0.00458533646631032 -0.201099316178593 -0.428070499721318
-0.00591069718886908 -0.0134698581265181 -0.370945273769498 0.0102664343455026
-0.00819946344538867 -0.0113877602919605 -0.142846680519488 0.232469853304895
-0.0112930218779561 -0.0109024063273342 0.0343167617213555 0.147625267238642
-0.0163772600505991 -0.0014390791685912 0.0944955087598618 -0.0285737046580607
-0.00648444219086742 -0.00149031286754446 -0.0816755687718166 0.0222094779168162
-0.0113121531057991 -0.0108792054072319 -0.0350722541029578 -0.103746437662714
0.000658613143588684 -0.0120721551743019 0.0909594854473484 -0.220499103304377
0.00849932911848867 -0.0147000483582855 0.30740971609918 -0.0452089764853145
0.0157406451864643 -0.000292749870684584 0.25482107476799 0.328064048363436
-0.0105948250789407 0.0153929116661246 -0.152484400797148 0.424249519019212
-0.013436199081583 -0.00781230461018261 -0.304009662425316 0.118139273786281
-0.00375863918278837 -0.0175960995160708 -0.0239892652365179 0.0396441692133365
-0.00115783060888836 -0.0002367400679289 0.310525682693686 -0.0525033330199027
-0.00588603990438415 0.00969739075847348 0.269745530485345 -0.406364996938181
0.00148644206668619 0.00535473261840915 -0.205423335841653 -0.426556047715344
-0.00543531294858767 -0.014899451816354 -0.372119497611342 0.0128046761633859
-0.00558053620125511 -0.0133229983310891 -0.142544157494221 0.232732311850174
-0.0094902076032668 -0.0127799559201889 0.0348494218826634 0.147284965962259
-0.0162094175891366 -0.00140914338243784 0.0948949122999889 -0.0282747709074194
-0.00662783423151974 -0.00111752676006837 -0.0807650211534904 0.0222320885323476
-0.0106043468326081 -0.011716731415926 -0.0329463227211762 -0.103758330789337
0.00173209754634856 -0.0133659295132031 0.0930323699194457 -0.219273660139618
0.00893463177816858 -0.0157082402214656 0.306124348912405 -0.0417675924600733
0.01507094579521 -0.000602162796666482 0.247587497254082 0.332741897089689
-0.0112037583775554 0.0147283216869916 -0.159046827738073 0.425637480338031
-0.0124402921066669 -0.00858403025014001 -0.307108140139108 0.115864137999517
-0.00241446191017629 -0.0174348600783535 -0.0257681125003888 0.0397719959017682
-0.000924836543062152 -0.00104640547264622 0.308303102092346 -0.0536007736626395
-0.00636195531807077 0.00895106835257414 0.262714870835478 -0.407116034040747
0.000255556443936477 0.00442941509935882 -0.211901713532596 -0.42093789188928
-0.00554305567583168 -0.01623110875078 -0.372401496146069 0.0182119234194955
-0.00459386430637188 -0.014152269484874 -0.140899539913303 0.234712070018193
-0.00820316737303044 -0.0128768504394345 0.0369439971851612 0.147923231834884
-0.0157978670125108 -0.000350433438618979 0.096679338565978 -0.0282860237662833
-0.00605829034157645 0.000615193220327422 -0.079139729745221 0.0226680546274399
-0.00997222511743835 -0.0115409443829597 -0.0305099316188183 -0.103782985329069
0.00226327286397462 -0.0133679852458342 0.0962092279812453 -0.218580431281968
0.0088614223926945 -0.0159784594960763 0.304875968118035 -0.035095074574702
0.0145134459194483 -0.0015446717653236 0.239801613446817 0.339158795112762
-0.0108782472258037 0.0132654730439816 -0.169448555699394 0.424062485841677
-0.0115295695358434 -0.00966345028315484 -0.311308778339476 0.112889979042882
-0.000352152614227161 -0.0175210316776166 -0.0264635434339131 0.039996098531632
0.000427963969377234 -0.00159227665391296 0.305641365227055 -0.0552964746092644
-0.00600394831728796 0.00762434911221174 0.252408858685031 -0.407882773404732
-0.000753065627703766 0.00290882517830356 -0.221861333080451 -0.415341731833972
-0.00607733335319544 -0.017267909035341 -0.374142124250332 0.0252164011540664
-0.00402981126699885 -0.0139462963027702 -0.138112097473276 0.236047464245665
-0.00741756196040058 -0.012018645679183 0.0392580546410577 0.147815255158722
-0.0145047747532622 0.001216072910846 0.098529741546495 -0.0285561739257412
-0.00455942551327187 0.00136835820479506 -0.0767360905327898 0.0234610637705186
-0.00838919651196619 -0.010387110058942 -0.0275100608487279 -0.10424248322685
0.00257060949482721 -0.0126058948885312 0.0996080259407495 -0.217073468652693
0.00841284947362504 -0.0159903511190181 0.303939416826598 -0.0304893718030654
0.0138445435414008 -0.00218532620344543 0.229286862004591 0.345258176596276
-0.00987054205275834 0.0106743973998472 -0.180602615059347 0.42264703736565
-0.00939618750390515 -0.0108368372953575 -0.313977061026758 0.109526334233513
0.00145515392077817 -0.0178149307019759 -0.0265934514878144 0.0397702221808863
0.00250805328707434 -0.00220198258542462 0.302560012688 -0.0591753889657913
-0.00499007954678143 0.00570277242995845 0.242130526313329 -0.411458941506919
-0.00114131251369444 0.00113173001936958 -0.231967372932659 -0.408158171241595
-0.0077658222273319 -0.0173090049318653 -0.374841927959243 0.0324733073658794
-0.00459404505257786 -0.0127074045449251 -0.134141208026492 0.237467747708888
-0.0060823589374144 -0.0106401397582938 0.0421189935138549 0.146043949335356
-0.0132557400778808 0.00334697983798497 0.100570998565002 -0.0279479789133451
-0.00358132429962023 0.00316437246112794 -0.0747036197063351 0.02433567604276
-0.00802505090651527 -0.00824288330017439 -0.0249544121305631 -0.10463305788651
0.00183933066737868 -0.010397217274305 0.103184296791021 -0.216416000654027
0.00730111615260598 -0.0149314098355663 0.304114630134229 -0.0242978550779389
0.014372034121783 -0.00398202315878965 0.221426146079762 0.351736224931423
-0.00840963940445996 0.00774423365194491 -0.190017484741889 0.420133291483025
-0.00698591781002901 -0.0116025693095137 -0.315706460560178 0.106660081212661
0.00298143035210111 -0.0175989206914288 -0.0256626810679557 0.0401095273702023
0.00406646882207399 -0.00300453242417203 0.301887777941251 -0.0619204286730997
-0.00356697103438351 0.00284174035259989 0.233556600005226 -0.414610646812269
-0.00158488685531724 -0.00158728079089805 -0.241613846767255 -0.403555580187699
-0.00922141111092716 -0.0167274294834637 -0.374539759867312 0.0388633882218303
-0.00572432692611112 -0.0107856794017749 -0.130040567021811 0.238253670933628
-0.00565296435747106 -0.00782541235017043 0.0449037626299682 0.145164067149919
-0.0120809993421128 0.00523322188439285 0.102587687780818 -0.0278799010731593
-0.00539819847904684 -0.000780247002667208 -0.0815346648154761 0.0243152715274226
-0.013264609360191 -0.00416194394049686 -0.0352571442665762 -0.105928643589958
-0.00345650597037045 -0.00452672019461279 0.0929348634936714 -0.22197695101429
0.00637027089489293 -0.00852020101795459 0.309438174165243 -0.0450678897482765
0.0177456971484275 -0.00253061578696996 0.253418550828365 0.328995985287316
-0.00545068768646551 0.0112464167080036 -0.153015229523253 0.422084394071144
-0.0109657433128364 -0.00849197067342261 -0.300306148830057 0.113056568371134
-0.00324104793755787 -0.0176211119452919 -0.0188322625628398 0.0381060053395909
0.000369761386961942 -0.00176626035679009 0.31534310911831 -0.0568097593619886
-0.000394640959766147 0.00545410722567428 0.269232847941222 -0.411385538728782
0.00370222705880179 0.00222265272051227 -0.205984190191049 -0.426884698280069
-0.0087706698998767 -0.0101413889258813 -0.369164959656249 0.0138395568660035
-0.0117766687299652 -0.00570739065622963 -0.138862562329326 0.232387937456
-0.0131708838847383 -0.00607826631708599 0.0368699586458412 0.145553235229223
-0.0153316758455691 0.00127668415939678 0.0958323806556475 -0.0286555152266352
-0.00631679004198561 -0.00197636069803108 -0.0827205574114601 0.0234621935069661
-0.0124961868545553 -0.00686626827330318 -0.0363492937859 -0.105309455142769
-0.0021568718955933 -0.00735156477184449 0.0906425143521044 -0.222237366579923
0.00723147891062335 -0.0106516394936098 0.308955148896584 -0.0468861372596709
0.017073237007728 -0.0012248336479593 0.257122361586642 0.325752760965586
-0.00745588593630799 0.0141118738278501 -0.148817956611622 0.421551296613709
-0.0126122098833388 -0.00791003518788175 -0.300465457258051 0.115361377964445
-0.00443691363388345 -0.017654056632423 -0.0204955818189417 0.0383647694987367
-0.00117610080862679 -0.00123495603719908 0.314173022812341 -0.0533390008232259
-0.00265179038840565 0.0083117119348064 0.272748333619242 -0.407724645115354
0.00272356979774878 0.00392707299927628 -0.199528876538693 -0.428107006699254
-0.00683896583896489 -0.0115684440514 -0.36961282144882 0.0105176218362219
-0.00984549235273749 -0.0087440592814956 -0.141226051083689 0.231211305605637
-0.0124155924149687 -0.00871324414447573 0.0351223336907434 0.146620268594291
-0.0163920403636556 -0.000470975771567862 0.0946914572837853 -0.02818941429167
-0.00679526002967279 -0.00207119497543302 -0.0832235690721636 0.0224266898191756
-0.0122941576025139 -0.00900889929367038 -0.0366166870462572 -0.104833209247588
-0.000956155544776785 -0.010156523148055 0.0899454030053476 -0.221188290957868
0.00779974603261231 -0.0128722587908955 0.307192310826379 -0.0468154322413421
0.0166031206216379 -0.000517855526759418 0.257920516483174 0.325858241740904
-0.00893529012136585 0.0156321071237047 -0.148328329195396 0.424030159885621
-0.0135122143594212 -0.0074956933809903 -0.301014518929009 0.116931206362583
-0.00466229731840164 -0.0172202674893533 -0.0221972005781598 0.0390349429511115
-0.00168979807503292 -0.00107171361236458 0.312228384484583 -0.0528700809715922
-0.00449028289032352 0.00949803209447234 0.271927307016119 -0.406663707901928
0.00250553089616015 0.00507159291884601 -0.199457564096796 -0.428548664165545
-0.0059581031963937 -0.013493136346433 -0.370360901125567 0.0106520934399317
-0.00794004032680589 -0.0114257348095581 -0.142348661187434 0.233141093868484
-0.011341137746418 -0.0108174490334422 0.0346530907811069 0.147447576786263
-0.0163954978982646 -0.00119215578656436 0.0946904460534213 -0.0282242756012818
-0.00706773699326192 -0.0016163004398682 -0.0820640123576069 0.0218053489109074
-0.0115375223858316 -0.0104098880513888 -0.0357947967741112 -0.104705507626447
0.000334094574265192 -0.0123999090585022 0.0908028478858161 -0.220253258578337
0.00879487615310236 -0.0143380544090344 0.307556782797811 -0.0444968113274634
0.015334313885311 -0.000237710802669713 0.253880493877213 0.329029949360368
-0.0106030508824492 0.0154159262711836 -0.152404953001315 0.425185183007237
-0.0134965031516391 -0.00820659450893678 -0.304899522290711 0.117423102053164
-0.0040871467054705 -0.0176309149884552 -0.0241707436546044 0.0390931325228285
-0.00163283608183079 -0.000901748268885496 0.3095664942053 -0.0517542850986267
-0.00591792361559217 0.00940643079646381 0.269007575481493 -0.406159536113513
0.000818823694932693 0.00539935368673758 -0.205017985353247 -0.426868423662809
-0.00557137223196632 -0.0148377435812177 -0.372211645457779 0.0121747565744285
-0.00584469319811278 -0.0135870649507679 -0.14299326350525 0.233735885453213
-0.00951323702564548 -0.0121939516218065 0.0348475783065419 0.147902574119316
-0.0160941249323834 -0.000851939330992667 0.0957011615293372 -0.0278293181452303
-0.0064419537470361 -0.000842411766981314 -0.080704200704756 0.0218540477811416
-0.0108370851402247 -0.0113007752063201 -0.0338524489722718 -0.104855173082614
0.00156992536178252 -0.013482213678165 0.0923942442908196 -0.21991411313995
0.00882306264147279 -0.015316685762453 0.305582123753334 -0.0406058597955863
0.0147120054227054 -0.000922387844859461 0.247318479875479 0.333345389872814
-0.0111558430075902 0.015030926684332 -0.159403439870042 0.425221615900868
-0.0126124145869476 -0.00867046670064418 -0.307865879751791 0.115660153896742
-0.00216865074735354 -0.0176180695196548 -0.0255863595970827 0.0394946407841809
-0.000681999961986591 -0.00119402730801394 0.307910946676524 -0.0534726085760552
-0.00641041321485748 0.00893988555560733 0.263137713884739 -0.406580342895431
0.000466523124334492 0.00445279134792128 -0.211832972904164 -0.422105738065679
-0.0054398240793872 -0.0162473758154645 -0.373628868503887 0.0175313635189379
-0.00525492381149569 -0.014299757363643 -0.140885603761494 0.234815305357869
-0.00867022580229744 -0.0126319253609154 0.0370205152994154 0.148098032886992
-0.0155804070068862 -0.00018120482094829 0.0967069005875509 -0.0273823590962453
-0.00621885463953419 0.00068693068575909 -0.0791994164967299 0.0218005381191845
-0.00935368083699823 -0.011404314464918 -0.030729655973428 -0.10447494835538
0.0021865365063751 -0.013331123118185 0.0959599149997198 -0.218678743409141
0.00885434197888622 -0.0165281284448691 0.305658060627943 -0.034741833257408
0.014169461597837 -0.00135205923157255 0.237601869089661 0.338359162297743
-0.0106925608807828 0.0129846431749618 -0.170501711272876 0.42311831334165
-0.011427514887767 -0.00956647110909055 -0.310608621441929 0.111599339885615
-0.000712471196059506 -0.0177283993628911 -0.0258404591485012 0.0399144617348653
0.000510379485754772 -0.00179952495312343 0.305762605318473 -0.0550423713601897
-0.00569181824161336 0.00812180050600957 0.254392890702159 -0.408296758945091
-0.000577470165299646 0.00310617580223941 -0.22183906671958 -0.416223322719478
-0.00622841771381929 -0.0171387814305129 -0.374862818401605 0.0248934626274477
-0.00440165761285762 -0.0141606139652614 -0.138131407245212 0.236325998904356
-0.00704389370285899 -0.0120383213694369 0.039091068190957 0.147859334988088
-0.0147672661023987 0.00170319969461 0.0986144284925991 -0.0277932255142196
-0.00473669959918744 0.00188797072942539 -0.0769464046056129 0.0227498244194046
-0.00872914172955999 -0.00978672660216348 -0.0275287981131653 -0.104903888626662
0.0023893147509149 -0.0120655640417504 0.0993139428694176 -0.217161568451156
0.00841669652856309 -0.0157319044248648 0.303439037058504 -0.0288549567946458
0.0137161632507057 -0.00272974428291589 0.229515550689001 0.345544485707367
-0.0100040389587811 0.010518883749327 -0.180386938845913 0.421600389743301
-0.00957229652492746 -0.0102937706531044 -0.313385794258314 0.108409768005411
0.0014733328863283 -0.0179533321308583 -0.0264518293166993 0.0402524883514654
0.00211383421846339 -0.00300014628350068 0.30329354588874 -0.0581131829508328
-0.0047090941190171 0.00528746610265104 0.243426327532168 -0.409763375177085
-0.00115972059879222 0.00119082415713309 -0.231609338112466 -0.409348693006839
-0.00787712414340484 -0.0172025365961907 -0.375616888477057 0.0323565535651553
-0.00475724332254014 -0.0134955229117839 -0.134027855491397 0.238092868027902
-0.00665603350940312 -0.0105885928424765 0.0424756879206619 0.146565997231115
-0.0135101072785913 0.00396465892011037 0.100908603645527 -0.0274207205949088
-0.0037099272544466 0.00337194862296359 -0.0746364222025103 0.0240874854389622
-0.00822015234338216 -0.00842582852284125 -0.0253603350125611 -0.105433628442042
0.00209248963551365 -0.0105211464915682 0.1026128055981 -0.216525239917227
0.00737634663028487 -0.0145175818851576 0.303757677333024 -0.0235104460059937
0.0139513896197388 -0.0037059263303251 0.220655603907038 0.350748923048203
-0.00870276916968727 0.00815920028344634 -0.190810010634689 0.420871072063949
-0.0073866321864286 -0.0113618582625868 -0.316101756160066 0.105819795241671
0.00273086701059462 -0.0181896410946551 -0.0260126571222019 0.0397252058463241
0.00420771394974902 -0.00319178130047202 0.301476858352731 -0.0612668977629627
-0.00334370420261154 0.00308592363984401 0.23468129442004 -0.413123642518997
-0.00166332411801202 -0.00131250733028516 -0.241040736571128 -0.404807019190194
-0.00932194265340758 -0.0164154072476439 -0.375729501820408 0.0379708323513592
-0.00550580264812008 -0.0112841410547647 -0.129813063634683 0.238060240871638
-0.00608879449934881 -0.00816975996296392 0.0451643007301201 0.145796278796666
-0.012345384156362 0.00584984046215638 0.1032798052937 -0.0277395707820465
-0.00539079765181932 -0.000503822120005853 -0.082375851271566 0.0233835907949449
-0.0129636714121599 -0.00417416964363407 -0.0356543327505648 -0.106866374750182
-0.00388347398054317 -0.00415862170674273 0.0933653750829603 -0.222101461505988
0.00665263525106245 -0.00860676965995185 0.310099382768491 -0.043625268005516
0.0180515177711134 -0.00275571915233675 0.254743401065802 0.330323752691002
-0.00599047698805367 0.0119571672905162 -0.153319568100034 0.422060159173778
-0.0109130931540225 -0.0084070344758614 -0.301083559581142 0.112337436989451
-0.00398721239264604 -0.0176589413363828 -0.0188640832104069 0.038025055836946
0.000272300503159188 -0.00236609686218313 0.315096764755208 -0.0561949130772659
-0.000116528167178286 0.00558868463317748 0.270303939589678 -0.411602269491804
0.00349980560350554 0.00227276905815827 -0.205408608904519 -0.426515029616142
-0.00898285664439705 -0.00965846928650944 -0.369577771980489 0.0137296457761862
-0.0123509575613839 -0.00594833935498747 -0.138683660407223 0.233148732264486
-0.0132076243602554 -0.00611105185778709 0.0366444394632236 0.14606772380029
-0.0152825556083475 0.00157939985759068 0.0958520680481043 -0.0276102579969594
-0.00611438437253558 -0.00118959486078022 -0.083174423816952 0.0227526794814743
-0.0132441310980546 -0.00690336582228411 -0.0367736691250614 -0.105912491045627
-0.00225550913428015 -0.00724333411149891 0.0909424236803724 -0.221923559592143
0.00764457684342758 -0.0103153952054857 0.309721042094952 -0.0465372504858034
0.0174866126347201 -0.00132213102208256 0.256812837939614 0.32757874797814
-0.00733886320972028 0.0141630510432973 -0.149778404314188 0.421991646856689
-0.0126609291370531 -0.00796363044301782 -0.300630484190417 0.11460541685417
-0.00486985860877395 -0.0175044159597269 -0.0205774264448772 0.0388975818061187
-0.0013627689161963 -0.00167703304937592 0.315017093712388 -0.0535934397941876
-0.00236464282277283 0.00809351100752053 0.273858740165839 -0.408527939405384
0.00270546166439712 0.00404031613107756 -0.19901860491921 -0.429723855206708
-0.00722970575576617 -0.0116251879634069 -0.370430661221367 0.009698089040612
-0.009839441447777 -0.00861586664198128 -0.141726681604314 0.232613896808782
-0.0126026785472479 -0.00913896268777545 0.035122557876212 0.147461465739386
-0.0165056964720958 6.09692284057215E-05 0.0947473142584058 -0.0278048864417463
-0.00686182861056655 -0.00201208248279017 -0.0834261057038475 0.022047596850157
-0.0125003694672579 -0.00869339861907688 -0.0369524483040408 -0.105376723144261
-0.00079244475983656 -0.0100630702697323 0.0897290022384408 -0.221857021007196
0.00879889751126961 -0.0122789273815604 0.308103463940385 -0.0463920316537386
0.0166204755974712 -0.00050501323551248 0.257493614558017 0.326461813948704
-0.0088462847455196 0.0157413295348618 -0.14875092924986 0.423781715541228
-0.0136842756374236 -0.00764572158984835 -0.302054510816031 0.11578166322252
-0.00498121170421898 -0.0172272632627293 -0.0223847362887435 0.0386851310066475
-0.00171096280314694 -0.00138171791901852 0.312733393193823 -0.0518588111326384
-0.00453593848414739 0.00924828920298311 0.273838063310275 -0.406461658582382
0.00262070227044704 0.00520439740632595 -0.199531222977024 -0.430401443637846
-0.0059669943371416 -0.0129860948693007 -0.371782012690308 0.00939829696719774
-0.00783545790282142 -0.0115923415512416 -0.142934274111832 0.233101821509679
-0.0114803947166483 -0.0109216017748324 0.0347504985289205 0.148208245135377
-0.0163707698482131 -0.000523207303345624 0.0951204108268967 -0.0278206445222195
-0.00679721938416219 -0.00134085396836104 -0.0826428457129831 0.021218903074796
-0.011825861924761 -0.0105074299520167 -0.035763911838705 -0.10516032094018
0.000323127989193139 -0.0121451042521443 0.0903887541007578 -0.221020349338569
0.00866809502900529 -0.0143635438276624 0.30733890345279 -0.0444557618168697
0.0157220068811994 -0.000123829462467345 0.25240776332491 0.33080650204107
-0.0106354199631589 0.0159390261928444 -0.154701308014299 0.424980409221664
-0.013473821803665 -0.00816676290193385 -0.304527181659433 0.115961975788588
-0.00400508506012209 -0.0172140494445274 -0.023893001783078 0.0392566431534865
-0.00208949410025063 -0.00116321414041556 0.309696588338287 -0.0515142224437422
-0.00579727803555308 0.00955457926022718 0.26910914163243 -0.406141074630948
0.0012533887521114 0.00549024187975489 -0.204711824114449 -0.428248594456841
-0.00550510485678418 -0.0149684116308672 -0.373428586381606 0.0114567160820172
-0.00589755598635694 -0.0134310121490839 -0.143365117392528 0.234132437473438
-0.0106145535028928 -0.0118771614922146 0.0351715067425895 0.148893136799019
-0.0161119241348158 -0.00126808499052885 0.0960238758269929 -0.027444147124691
-0.00654666669797164 -0.000568195661295912 -0.081135693263101 0.0211434100793382
-0.0103764996938881 -0.0112915721538294 -0.0336113187723274 -0.105179431216908
0.00195547842984209 -0.0134421681933901 0.0926753008238099 -0.219799088404129
0.00916046049834778 -0.0156326241414076 0.305985229768934 -0.0393846744260491
0.0146854701031184 -0.000548454915686245 0.246636061778868 0.334736609056096
-0.0108669013516404 0.0150202395922177 -0.161030319779411 0.424567476999954
-0.0130892179536151 -0.00858514191945974 -0.307469841880253 0.11471059028513
-0.0028692630069979 -0.0175963771032117 -0.0253493314105153 0.0397727172927661
-0.000870583789699226 -0.00152022942988083 0.308097850022176 -0.0527150554761577
-0.00611376621088436 0.00883413741084009 0.263416737615133 -0.407080745340548
0.00077277023360172 0.00473768681678654 -0.211647099801189 -0.423092207994523
-0.00565603599688441 -0.0163293227977262 -0.373967642351068 0.0172286622077478
-0.00490169526457311 -0.0143059750224263 -0.141741645971522 0.235166068489473
-0.00906804356626711 -0.0127143757439433 0.0369606827474478 0.149285633733187
-0.0156448008996948 -2.78204628439927E-05 0.0973077779221009 -0.0276189426613233
-0.00612252610066206 0.00024264080753993 -0.0794284330934322 0.0217713467795056
-0.00981340230104105 -0.0113098788659095 -0.0311561154103359 -0.104474717066983
0.00231068617950203 -0.0126623347573053 0.0958285420055094 -0.21882188325885
0.00870931521800275 -0.0157323403142359 0.305334910083552 -0.0343452331016634
0.0141667363287524 -0.00134210280574648 0.237775374510854 0.339578676851942
-0.0107452045205316 0.0132282691112072 -0.171738755732028 0.423393399930785
-0.011405025855545 -0.00957228225491856 -0.311108180987773 0.110786037991563
-0.00103739543664777 -0.0177503024280177 -0.0269177194319728 0.0396515686637494
0.000821040592645639 -0.00210272978735051 0.30589149932519 -0.0545303962653603
-0.00580345434116131 0.00738809211631468 0.253811527348374 -0.407831052214023
-0.000437293190289154 0.00318476671846666 -0.221154968370345 -0.418076063521284
-0.00596224712987694 -0.0169773997541193 -0.37493073488608 0.0238458060608237
-0.00435002157999437 -0.0142620011892798 -0.138227109557075 0.236622917734055
-0.00773525692274418 -0.0119481398684407 0.0393104273877048 0.148380996116504
-0.0146216385444295 0.0020612640877585 0.0995751739758634 -0.0274876903815355
-0.00485047566420172 0.00162981669724291 -0.0775744814968186 0.0224592077106327
-0.00867543864468477 -0.00977128834189423 -0.0282786620177439 -0.105767054593082
0.00264442522410802 -0.0120649925929741 0.0989805442274428 -0.217247208515248
0.00811009100525509 -0.0158399549956114 0.304343462083549 -0.0289892360201194
0.0139507993163758 -0.00259171997247598 0.228518465214328 0.346116117575767
-0.00987920865169974 0.0109577510842989 -0.181613130176328 0.421247063596575
-0.009523987426727 -0.0104919865093536 -0.313995193433963 0.108637217412722
0.000830166649580111 -0.0180689566538637 -0.0264783927143558 0.0401527008711291
0.00231119925607483 -0.00329246328973569 0.30282218794799 -0.0576366083856548
-0.00484747906719263 0.0054350436827672 0.244776776327255 -0.409540473208988
-0.00106949635209654 0.0010429349419073 -0.231821084643706 -0.41039473359011
-0.00785617526720603 -0.0169513588913752 -0.37540933086487 0.0314751673149171
-0.00506833247036883 -0.0132912725679378 -0.134324687114279 0.238383371712209
-0.0070650789047747 -0.0101263431004117 0.0423086601341903 0.147507944210397
-0.0133207218924608 0.00426115636033973 0.101134798746402 -0.027090883135354
-0.00389844261001102 0.00371149197949024 -0.0748521410940547 0.0241966824235625
-0.00794087807364047 -0.00822957183041752 -0.0258407882295947 -0.105828640780421
0.00189105846821702 -0.00997197764436038 0.102556209973089 -0.216289750645049
0.00686499900668566 -0.0143618658961117 0.303758218168397 -0.0223601002188476
0.0139568206699489 -0.00420912933004551 0.21956711729286 0.352281042644452
-0.00829683761618266 0.00827500978722896 -0.192165066104433 0.419923868060786
-0.00714453513975444 -0.0111385934879199 -0.316434189011984 0.105159686200503
0.00241121616013959 -0.0184525963448889 -0.026312332217697 0.0398333940262929
0.00428159751081641 -0.0037217671044154 0.302318335797707 -0.0613595073657901
-0.00325930623691861 0.00257128051358513 0.236754502230873 -0.414971793596688
-0.00124867097063398 -0.00111778328453116 -0.241291301174007 -0.405597128444857
-0.00914538107050873 -0.0164973643848173 -0.3753066811089 0.0371947479064121
-0.00573619630717059 -0.0112209292035743 -0.129799262422854 0.239047035325653
-0.00658433982223066 -0.0079633759125831 0.0454549395603214 0.146215668721037
-0.0122972114871061 0.00605615664544184 0.103126010347016 -0.0273863354287075
-0.00556806568476201 -0.000320118142007311 -0.0821788877340274 0.0234411742320139
-0.0133499727241318 -0.00457642066984788 -0.0359899468370651 -0.107240467904722
-0.00347331341324414 -0.00382399450808347 0.092641947794559 -0.222901878708657
0.00595447494514212 -0.00802307579106035 0.311048750997367 -0.0433557195994853
0.0179279024763635 -0.00255367213620903 0.252775523129901 0.33267874492359
-0.00540949753445831 0.0122722491361708 -0.155248102042371 0.421209840088836
-0.0111180535217583 -0.00793219718087227 -0.301117846251447 0.11190474109563
-0.00397713366661849 -0.0179223591434467 -0.0189477690840561 0.0380599373068525
-0.000167860312552104 -0.00271953916170246 0.315904479465331 -0.0556425679833573
7.1129552694435E-06 0.00586103946176117 0.273329914147568 -0.412360012147621
0.00304482042714908 0.00240170614949165 -0.205503837749999 -0.428324079231712
-0.00869615496935082 -0.00925597773581538 -0.371878280548287 0.0124986850473883
-0.0119289203820217 -0.00612823882013243 -0.139886305754025 0.233318270816585
-0.0140650662616317 -0.0059856851085479 0.0368120117905232 0.147197153703361
-0.0153734430026018 0.00190787359867214 0.0963071177788196 -0.0270037410847337
-0.00637326862421163 -0.00148663729662279 -0.0837152985300454 0.022759721072652
-0.0133278835111107 -0.00679095404778752 -0.0371359555262794 -0.106634435032307
-0.00245718687626891 -0.00666988038215053 0.0904140507044877 -0.222800769037971
0.00796163738440558 -0.0103890187136515 0.310431678127411 -0.0459008822861916
0.0174065727524589 -0.00131436485236657 0.256988016307008 0.32833288932653
-0.00723097136817035 0.0145146047382207 -0.152252323402917 0.422499448418515
-0.0128098986847661 -0.00794328995494512 -0.300959744554093 0.114733787926151
-0.00534283350777628 -0.0175891093104501 -0.0209195406895183 0.0386150819702424
-0.00175088884641275 -0.00199075949833702 0.314320052226266 -0.0525776182925326
-0.00252706204918092 0.00806934696943244 0.274793956408584 -0.409199338499589
0.00291420974868388 0.00464591386733418 -0.199527806604657 -0.431914068034572
-0.0073000833677397 -0.011792182389737 -0.372715892265111 0.00924384388729049
-0.0102552027177849 -0.00923016961780698 -0.141990671835516 0.232570952309459
-0.0130901787070441 -0.00883214352072044 0.0351935077740775 0.147731040034467
-0.0162935878520415 0.00057278658148275 0.0953755273467001 -0.026860923460031
-0.00699387798767898 -0.00154976480931563 -0.0832767202602305 0.0214077323917985
-0.012771667694629 -0.00883217148468501 -0.0373154846499156 -0.106196883343984
-0.000801832832095057 -0.00988055966277041 0.0896202167576616 -0.222632170973115
0.00827439164997461 -0.0123639630922156 0.309046436451229 -0.0462382575205096
0.0161091544882862 -0.00063310275796548 0.257299147835715 0.328718738348858
-0.00889964825838936 0.0159226979107779 -0.15069815380888 0.424573988454673
-0.0137654374533171 -0.00760050206668379 -0.302444649858948 0.115386523247309
-0.00537957025284052 -0.0177237997109674 -0.0225389373587708 0.0391126302226483
-0.00208968976355369 -0.00148009279901941 0.312595185731834 -0.051839225365873
-0.00394141336346043 0.00907207565083677 0.274289371267331 -0.407494571852523
0.00166949421661411 0.00540018531999233 -0.200267112697119 -0.431442435445836
-0.00605993135010247 -0.0131581090861445 -0.372403293662909 0.0094767756722661
-0.00806059251553231 -0.0115969979661811 -0.143330415748362 0.233875932097153
-0.0124385145994593 -0.0106519781202397 0.0349531950693306 0.149246805527074
-0.0169290721160828 -0.000446118892813353 0.0954536546401196 -0.0269571766523878
-0.00696177006680706 -0.00172718653812257 -0.0830159896891429 0.0209158246864734
-0.012074183019944 -0.0100134768622542 -0.0364433442106282 -0.105667116019129
0.000517333363459983 -0.0120976777496283 0.0905849089044205 -0.22147546556743
0.00840744161334795 -0.0144492365971511 0.307755445263028 -0.0431335345420334
0.0154935852518794 -0.00029273049989023 0.251739258145082 0.332554494372406
-0.0105062598530299 0.0156454162354135 -0.155443914550648 0.423794999434276
-0.0135810579310631 -0.00773195085226216 -0.305738134548035 0.115318079017316
-0.00435305143959228 -0.0171720140311531 -0.0247278322670298 0.0385735305964402
-0.00194334519708377 -0.00146834067324782 0.311198527705233 -0.0509410211512148
-0.00548392757439851 0.00958009534144921 0.272398888926442 -0.406230522238163
0.00135883544538582 0.00561218376563105 -0.203442150245072 -0.43046623583777
-0.00519344128258678 -0.0151033171380825 -0.374824507617735 0.0103680386753623
-0.0060472037467353 -0.0136286054497411 -0.143570723300692 0.234622175540994
-0.0104105606302999 -0.0116009826405701 0.0352166623406173 0.149586200902828
-0.0163347245207744 -0.000299070136948248 0.0963286333843526 -0.0275671792295896
-0.00710037892758247 -0.000528469654238855 -0.0814326262713759 0.0205331877739695
-0.0107065943826851 -0.0110146609504718 -0.0338034455258156 -0.105939773511148
0.00163231629267284 -0.0129414352868983 0.0927985263014138 -0.220849152238384
0.00860480707989014 -0.0155246773698376 0.306958926063227 -0.0391745022277806
0.0144276296735771 -0.000497474897215879 0.247159072362228 0.337234952400815
-0.0106505751803422 0.015177773469345 -0.162540540488872 0.427199443386091
-0.0131496804415151 -0.00897555064333655 -0.308667263841691 0.113249953081762
-0.00300387528103832 -0.0178556593281096 -0.0263674176746339 0.0396004480847927
-0.000692734743337533 -0.00177761115254885 0.30819760737006 -0.0520915893604493
-0.00604441787721191 0.00893194328290847 0.264806966859725 -0.407881924068374
0.000322042301390154 0.00456026940059426 -0.211272204378097 -0.426592800642303
-0.00535189745960062 -0.0160075708406804 -0.375206185737897 0.0168063185561801
-0.00471298067987685 -0.0146646611505653 -0.142381082269825 0.235542780124719
-0.00967646630001728 -0.0125794070072927 0.0373833601393754 0.149750909553125
-0.0159682501889447 0.00104462850655081 0.0983006354774516 -0.0268202407032404
-0.00637239247705781 0.000595533545645703 -0.0798728005741001 0.0209775749094962
-0.00980471924169248 -0.0110696748834878 -0.0313984270511807 -0.105739086204752
0.00221135713396865 -0.01301117909302 0.0959374098276909 -0.21938605289833
0.00868667514029254 -0.0158852853776114 0.305750559599178 -0.03366109065024
0.0141426375202455 -0.00134363080440764 0.23689366372961 0.340856565055912
-0.0111278859677514 0.0133661718890235 -0.173115847476167 0.423095933347266
-0.01154190445182 -0.00980443149634454 -0.31280553591549 0.109966296694114
-0.00159594520264503 -0.0183470172234612 -0.0268762253373848 0.0395711959312721
0.000429452980679476 -0.00253354728791183 0.306592509284712 -0.0540018691430186
-0.00580576959486 0.00766407903568486 0.255932613728682 -0.409551725880466
-0.000565592297405741 0.00355742887514077 -0.221589603227408 -0.418822648300753
-0.00611293465936305 -0.0168082996976478 -0.376918066757263 0.0238620873313034
-0.00434566915011885 -0.014201487549449 -0.138734064381715 0.237728706040314
-0.00826822213185082 -0.0117639823719377 0.0396552144694988 0.14962211170958
-0.0146367488852778 0.00269903301561167 0.0996830273861473 -0.0268616418859384
-0.00506899420209776 0.00180699111272591 -0.0774798088471303 0.0221674774077452
-0.00898418616016721 -0.00969873768120294 -0.0281550770654566 -0.10625744023364
0.00265964141964886 -0.0118082586414749 0.0989242721305778 -0.217965438911493
0.00807261138265516 -0.0151057400631761 0.304751711992991 -0.0278861051469992
0.0137159753015425 -0.00237228064070186 0.228518598848772 0.347889934946987
-0.00997889854235557 0.0110477191450456 -0.184010197246815 0.422546286699967
-0.0093934598254996 -0.0110391322055632 -0.315104176326691 0.107571091303624
0.000121860929208574 -0.0177028943805323 -0.0266548980145292 0.0397930771409654
0.00245212211081898 -0.0039089645597213 0.303775398824872 -0.0575322539433202
-0.00476733008928796 0.00563525939465333 0.245405496335317 -0.410098572888992
-0.00112368967099264 0.00118994343900113 -0.232024144531934 -0.412512693898052
-0.00768991597597721 -0.0171823960429177 -0.377196114475223 0.0311109477966994
-0.00431482597938885 -0.0132952168814079 -0.135041367246706 0.238707117299569
-0.00756846906879658 -0.00974761448763655 0.0425967434972541 0.148057316372252
-0.0137456884887095 0.00494412754508207 0.10170950127647 -0.0267670981664384
-0.00373176086244971 0.00331638488302448 -0.0753414068935513 0.0231918259847159
-0.00796565934116775 -0.0078124717203483 -0.0261711875252696 -0.10656633067067
0.00170907532040394 -0.0101358954427572 0.102554406348561 -0.217560159993186
0.00768539552281331 -0.0141628550504137 0.304701091819286 -0.0214260126205993
0.0141186667694403 -0.0042694942275531 0.219506451068567 0.35395678791518
-0.00842195363379041 0.00850686711363519 -0.193419623022077 0.420176087525259
-0.00760726502497754 -0.0116389049904977 -0.31748847686746 0.104288263073701
0.00258273090820823 -0.0185891083050981 -0.0264485377287457 0.0397921781341644
0.00414697199183063 -0.00472142894607876 0.302250487192063 -0.0605323913509338
-0.00335788516235096 0.00292026764597028 0.237197950606659 -0.414917164706599
-0.00162539588109859 -0.00113207945853779 -0.241407436706755 -0.406158922061011
-0.00938136120929091 -0.0167295479261626 -0.377185588247014 0.0370438215912548
-0.00545455030721317 -0.0113194615310445 -0.131008525395555 0.239555193730841
-0.00680055363187661 -0.00776636762440914 0.0457307265733692 0.146853282221189
-0.0123724876782296 0.00697320749128423 0.103995845936873 -0.0267069330556842
-0.00611261783901688 -0.000822321975826314 -0.0828382665857852 0.0229503204721875
-0.0136239535496216 -0.00402863568322049 -0.0362183613388075 -0.108056322853061
-0.0035780210136018 -0.00431619900380285 0.0924553258456003 -0.223481716828273
0.00646065990622767 -0.00803239959669026 0.312079696386346 -0.0423199234967706
0.0178218737670141 -0.00252017339713793 0.25370884537479 0.332601163220178
-0.00516306326776724 0.0125481825838011 -0.155890100506716 0.423967428204025
-0.0110968645382147 -0.00829923418471955 -0.302916071905349 0.111595629412395
-0.00467748637711007 -0.0180822808302117 -0.0193683121351401 0.0379368857150084
6.84519073236509E-05 -0.00295718058893426 0.316927720826704 -0.0555947188767799
-9.62216772350151E-05 0.00550131387469942 0.273241796657874 -0.41319508360415
0.00328146573710222 0.00226105642834334 -0.205068836573796 -0.431061599722866
-0.00868028175057418 -0.00956623947479451 -0.372865499324825 0.0118717168575163
-0.012362487541867 -0.00573383474893015 -0.140481356851863 0.233846693477984
-0.0141220009178289 -0.00569042512326221 0.0372981686777956 0.148307853469426
-0.0155696844057565 0.00300109343300947 0.0975217986676177 -0.0267620993036786
-0.00654889113264047 -0.00157981828478748 -0.0836343229661277 0.0217292467843396
-0.0139426765709888 -0.00679708966542605 -0.0376359901781497 -0.1075104219195
-0.00183977470427048 -0.0068492968174541 0.0905734117548919 -0.223516047730237
0.00789398438097538 -0.0102907645363559 0.311134918713537 -0.0450846570104113
0.0173609688423326 -0.00129363159317414 0.25679685300361 0.330603417160293
-0.00710119001694948 0.0148863275453334 -0.152006204519535 0.423835776889873
-0.013169104800474 -0.0077546067305978 -0.302647897094945 0.113978241827322
-0.00554650889163493 -0.0175451896138703 -0.0209541337137006 0.0389487373281406
-0.00144793891834072 -0.00246403476889277 0.315217185902849 -0.052614224946268
-0.00192662410002084 0.00795165011184465 0.276878384332913 -0.410421554710913
0.00290943822990749 0.00432581335406722 -0.200549099528965 -0.433114519595354
-0.00732290918882243 -0.0111073798952883 -0.373784147673664 0.00950164448331767
-0.0100835843167227 -0.00952084951559442 -0.143604694170895 0.233208965390381
-0.0137448560416995 -0.00864159343977788 0.035705164010747 0.148731987238035
-0.0165065677422985 0.000874803625462045 0.0964276327541505 -0.0268853285628056
-0.00707273971060334 -0.0015382884951077 -0.084128356792436 0.0210015563517743
-0.0125595058988685 -0.00856214793450385 -0.0376442056209094 -0.107146791825318
-0.000715342620930644 -0.00989206743476246 0.0895799926204598 -0.223361224731878
0.00863625360886168 -0.0125835754369379 0.309925687771434 -0.0449823838727004
0.0164814381547187 3.02479493597728E-05 0.256754255548562 0.330836093565663
-0.0090294947032456 0.016088491033003 -0.151539909844461 0.425847438582493
-0.0135271629178098 -0.00747263608836296 -0.303606989382689 0.115199982828652
-0.00562017987444825 -0.017567395162436 -0.0230587608188773 0.0388300859396326
-0.0021225185557891 -0.00197366650657044 0.314688798561643 -0.0509891294699184
-0.0039468440102271 0.00902513372237505 0.276373693017828 -0.408759174006413
0.00219052744847097 0.00529809709132219 -0.199954713584749 -0.433203383933932
-0.00642192666061186 -0.0133655551580827 -0.375031778339969 0.00870268649857839
-0.00793718602224637 -0.0116412921184293 -0.144445265713346 0.234803926387789
-0.0130057398796949 -0.0108478641971062 0.0359003172531232 0.150022023263804
-0.0167407092969115 0.000122788133995492 0.096187427357171 -0.027137380130316
-0.00716449819515494 -0.00152275751203775 -0.0832730342004668 0.0205909663660204
-0.0116051101914141 -0.00992123339005694 -0.036918378990014 -0.106912724464827
0.000713492147491655 -0.011465141760293 0.0903700621381922 -0.22237222992287
0.00853927683613231 -0.0141339634999694 0.309193530415148 -0.0430178363238493
0.0159735135926954 -5.48379936967614E-05 0.252593173879236 0.334243069797893
-0.0103461577939627 0.016129040775704 -0.156981801959959 0.426331928098948
-0.0139717378020189 -0.00823455409040087 -0.306261027742854 0.115314395956531
-0.0049466551191912 -0.0177441698119118 -0.0247263585838341 0.0391809224911606
-0.00180540160024417 -0.00186631166175952 0.311390502361011 -0.0507548547905317
-0.0055561360371443 0.00940538253583056 0.272904539563042 -0.407996706881656
0.00140596544172812 0.0061137152161777 -0.20464841667299 -0.432482481042422
-0.00527431212053857 -0.0148662175746376 -0.376100466909671 0.0106187643189782
-0.00601513182027583 -0.0136580725546598 -0.14461458830885 0.235727627020636
-0.0110553285283598 -0.0119637056995289 0.0358493007449076 0.150812482016857
-0.0169617326598656 0.000413867133889274 0.0973788911471407 -0.0270133148466397
-0.00683992113155006 -0.000474493922775726 -0.0819793372181429 0.0205100846526893
-0.0107181523973253 -0.0111865772085014 -0.0348601917248946 -0.107090462237722
0.00200442032595625 -0.0129632962209104 0.0927015694067695 -0.221291952092703
0.00899624447942825 -0.0157758765663857 0.308171784058477 -0.0388622229170418
0.0147219496466516 -0.000660630578702377 0.246383839010418 0.338167515494232
-0.0110557480584209 0.0153587218572734 -0.163378444069748 0.426902891423998
-0.0128207954606739 -0.00867331360102124 -0.310126962816747 0.112943748285226
-0.00370125486459093 -0.0174235193234833 -0.0262320473034127 0.0390528397401214
-0.00135944867242228 -0.00258108005118043 0.30997019260249 -0.0526781013214951
-0.00620317120796779 0.00909982004971496 0.265943028580047 -0.408288584204565
0.000364181354103345 0.00500017678953193 -0.21125140128491 -0.427647659834209
-0.00566661073663296 -0.0164603006208913 -0.377322143189712 0.0162395365911692
-0.00464759450195646 -0.0147792385885669 -0.142556235796445 0.237570667423002
-0.00996774405793097 -0.0120330772952436 0.037244541242508 0.150714620246219
-0.0159387704054208 0.00110514906737883 0.0984812891843073 -0.0270769566284226
-0.00620211390391852 0.000975903574185126 -0.0805432292351494 0.0208097665236655
-0.00983556859481785 -0.0109076359735211 -0.0317131684989005 -0.106862770320687
0.00244716888593608 -0.0127693261514952 0.0947658616463346 -0.220020422926578
0.00917525115481582 -0.0158404674407444 0.30671265304725 -0.0320154805392175
0.0139146822761393 -0.00139715629817986 0.237680609769687 0.342579717328351
-0.0107063928812771 0.0135173051672402 -0.17377951218935 0.42406375747401
-0.0116207914090572 -0.00948894185350305 -0.313478148060128 0.110262767603344
-0.00172176122232287 -0.0180000955079464 -0.0275083988598931 0.0398542531512039
0.000364702373467305 -0.00252493062550465 0.306376127404929 -0.054139732435816
-0.00592758170373505 0.00740742388139424 0.258554108433382 -0.409427120338573
-9.92481345980269E-05 0.00348584671821038 -0.221658964926464 -0.42144651692785
-0.00632858105450824 -0.0169656160971689 -0.378832114324345 0.0225755614297359
-0.00464012847025344 -0.0146860169030426 -0.139555539149177 0.238541685286317
-0.00847183888473665 -0.0116236501555005 0.0404536675163007 0.150429684341806
-0.0152766353923019 0.00288011902332453 0.100180878590001 -0.0263423847568633
-0.00548940318073475 0.00207142877412308 -0.0780773538271105 0.0216793921409221
-0.00912555043408882 -0.00971073814701503 -0.0281471794797522 -0.10716100519044
0.00270687712546532 -0.011681932198816 0.0991369292976953 -0.218386445244373
0.00832212779881875 -0.0155056995249559 0.305610993797129 -0.0269480907277538
0.0140550673197375 -0.00285800626241032 0.227607140531716 0.349670348579441
-0.00953632178792399 0.011565917959715 -0.184081987003802 0.424506103517869
-0.00972468113807857 -0.0110173349601332 -0.316327949747319 0.106906226830073
-0.000106008917631232 -0.0184267858730093 -0.0268195298948924 0.039574948008274
0.00198807051694323 -0.00405171621459351 0.304964686884319 -0.0575039675718753
-0.00439097505040892 0.00539777284078483 0.246917604241971 -0.411090525950026
-0.000721487844806983 0.00148539602750024 -0.231533123863957 -0.413886853128988
-0.00757558867923716 -0.0169633098469726 -0.379001669446039 0.0310133130536482
-0.00497550141024189 -0.0133828578846891 -0.135619300433189 0.239602341672677
-0.00832999933638094 -0.0100189218046103 0.0434097990464905 0.149304127368504
-0.0137662917321564 0.00450999368335459 0.102395693234777 -0.0264467747476704
-0.00418048996937651 0.00376460002937246 -0.0759852154034851 0.0229858527993446
-0.00849788976932096 -0.0074825534497201 -0.0261220310436114 -0.107241628964693
0.00210914357693885 -0.00971894252397269 0.102118894349839 -0.217640033710292
0.00765585979710887 -0.0145883801707564 0.30563203060056 -0.0212230181823881
0.0138489581071154 -0.00364353714916437 0.219920616279099 0.355451136714597
-0.00807504699663496 0.00871211182644468 -0.195143960441804 0.421551979545226
-0.00775214282332334 -0.0113891598446523 -0.319011130454893 0.103502997706511
0.00199679996490741 -0.018692389747754 -0.0266956341896787 0.0398741023731574
0.00446728906932668 -0.00451139047781662 0.303087789057495 -0.0607379443470782
-0.00317961551730755 0.00305649961849351 0.238073156318601 -0.4168320567363
-0.00157409942094598 -0.000653093802425272 -0.240942724125633 -0.40834977083713
-0.00931072087681552 -0.0166908264109992 -0.378761937387748 0.0370373917282306
-0.00585103259276536 -0.0112649066918573 -0.131004237485835 0.240473479722673
-0.00737894294827692 -0.00729202436535538 0.045751448690551 0.148119931185927
-0.0124896855311556 0.00680377949126173 0.104223048942025 -0.0263590582112944
-0.0058508644751034 -0.000501408402568272 -0.0833727264931358 0.0226958653025808
-0.0133683363894939 -0.00391928826338389 -0.0364348514805528 -0.109153885949984
-0.00335228425696127 -0.00394723046511959 0.0924326223302665 -0.224749619567842
0.00697666095857597 -0.00817986755247259 0.313710978389412 -0.0424338274248939
0.0178395705932924 -0.00255390313043426 0.254893699017581 0.335374114605211
-0.00566205202370328 0.0123492013869029 -0.157185083643411 0.425453530860595
-0.011318766308291 -0.00840286258436503 -0.304312006317957 0.112418579207817
-0.00508211345257472 -0.0177673023564745 -0.0195277762704012 0.0380778560669734
-0.000177129271895092 -0.00299068949337619 0.317753841100225 -0.0549078495764907
-1.24199163777095E-06 0.00549756478015671 0.275918120363774 -0.416038617415876
0.00376250315179744 0.00299216587088454 -0.20564492593558 -0.434482525519037
-0.00872098897380674 -0.00957414609093403 -0.375627552234375 0.0120322617661485
-0.0124394858832563 -0.00624148834315577 -0.14057574025288 0.235109025969491
-0.0145630649420518 -0.00541048488905394 0.0381269085942967 0.149364600486675
-0.015702090103225 0.00281353484841938 0.097731099503361 -0.0259058296878501
-0.00675119089808667 -0.00101864518777776 -0.0844001428871071 0.0214483299430969
-0.0134948829633577 -0.00607709515232273 -0.038057272986299 -0.108973873228449
-0.00232562274822424 -0.00669298624478199 0.0902963416413143 -0.224646239224612
0.00782496665071086 -0.00996725513944674 0.312595349908981 -0.0449214404294307
0.0174932334985992 -0.00128264300206335 0.258062309420488 0.333071002375598
-0.00717907605514985 0.0150024225559419 -0.154193354510254 0.425353958798358
-0.0129315154892508 -0.00776844639075733 -0.304073204656856 0.114216644482121
-0.00581165639373105 -0.0178657448405505 -0.0211945592200402 0.0388666003047593
-0.00188747519908419 -0.00257807753264269 0.316936397969133 -0.052713336458966
-0.0021687913240791 0.00765855393107522 0.278140309028889 -0.411925397483149
0.00316370211932634 0.00469215684697676 -0.201708637039493 -0.436568664918295
-0.0075494790809254 -0.011392623418888 -0.375552235691072 0.00922949312235811
-0.00993673164100136 -0.00905877080126819 -0.144381595183068 0.235021378855237
-0.0142237432244776 -0.00789652926770274 0.0359407288077256 0.150134439414155
-0.016084299298276 0.00121194550376295 0.0974555026497626 -0.0266680042936447
-0.00695916979276533 -0.00156974118509272 -0.0848561997175684 0.0207218300352036
-0.0128820061999716 -0.0088635374349039 -0.0382604324098609 -0.10845217630099
-0.00074792194409797 -0.0096170330184497 0.0895378743324212 -0.224237069834508
0.00851440000170615 -0.0122180009102306 0.311188120091807 -0.0449032359679971
0.0163038296626409 -0.000276324110255978 0.258895027863501 0.332280394893522
-0.00895704361862784 0.0164507749739334 -0.153833542292432 0.427174477938701
-0.0140724658103985 -0.00757503481771111 -0.305384411249263 0.115028022324871
-0.00618344283357653 -0.0179724530902379 -0.023131999262281 0.0388771164090793
-0.00259324598014788 -0.0023893238501747 0.314841099006442 -0.0514177244504447
-0.00446130424563639 0.008754310912319 0.279124242851811 -0.409735918736138
0.0025687932146191 0.00616000292258571 -0.200360146700993 -0.435627027885618
-0.00578896427713683 -0.0130562845232144 -0.376684952281816 0.0080439730455885
-0.00771989185500824 -0.0121478448365494 -0.145381435405892 0.236494151062806
-0.0126283460936984 -0.0100819179170761 0.0358032560780964 0.151257169955006
-0.0166050567148298 0.000744087940093566 0.0965698359314545 -0.0269439006647704
-0.00738089234886633 -0.00155980610499687 -0.083777058005336 0.0203093029465772
-0.011985035336162 -0.0101269482037141 -0.0374804147807112 -0.107968402809595
0.00011593155565291 -0.0118138304319244 0.0901001659335877 -0.224248417092961
0.009261440343712 -0.0140954045782811 0.310671159833394 -0.0422000585645189
0.0155274175391296 -0.000396883386674059 0.253780418843441 0.336012105001218
-0.0103492401317942 0.0167527069265386 -0.158523662752799 0.428759475463304
-0.01399440422456 -0.00817759266079074 -0.308330102697929 0.115165131686314
-0.00518477978179216 -0.0177591885817738 -0.0248522308787329 0.039456564212602
-0.00196908813212398 -0.00228237103994894 0.312300806791214 -0.0503397827569659
-0.00559444526372546 0.00894508663329494 0.276039767376707 -0.40900289609701
0.00117111598367012 0.00619896025980837 -0.204942916348034 -0.434766553504706
-0.00529453796009903 -0.0150722153145452 -0.378614790657226 0.0103599487070842
-0.00570861062347115 -0.0138502942671497 -0.145426323773213 0.23737586829518
-0.0112355768468902 -0.0116337538597067 0.0361449016346998 0.151622151163577
-0.016994465595066 0.000377130595067879 0.0977034681311743 -0.026559691193048
-0.00728266080517304 -1.88750582969729E-05 -0.0823733996435085 0.0202624217598661
-0.0110577752313961 -0.0109861070511633 -0.0344305665315406 -0.107889438555394
0.00183386947448768 -0.0130271687837614 0.0919884485842713 -0.222733328317173
0.00901838982412377 -0.0154980434681343 0.309704261004694 -0.038316592779502
0.0145387020237876 -0.000419711310962889 0.246884698894353 0.339407927240214
-0.0105454455615575 0.0158519353961187 -0.164652687317868 0.428995142570703
-0.0133885168656882 -0.00837176663456611 -0.311652936520609 0.113357753076285
-0.00432817447604184 -0.0175957200909725 -0.0268539972457379 0.039417107879815
-0.000912473744611291 -0.00264303788400908 0.31073882058943 -0.0522728501594642
-0.00601907027089749 0.00884120643836634 0.267273727521237 -0.41139087839597
0.000971719778551405 0.00538435920588388 -0.212827462256157 -0.428907952268895
-0.00561252274772508 -0.0162266353628851 -0.379992355372127 0.0158099796264345
-0.00475347224007731 -0.015114562250237 -0.143477128474035 0.237994306119058
-0.0103698267329886 -0.0119939145388214 0.0380445319578037 0.151972144300028
-0.0160957387313832 0.00154071911589293 0.0990474259147352 -0.026524425528702
-0.00648680771474491 0.000847367086483694 -0.0807451337341369 0.0208171496062735
-0.0103032233292877 -0.0104242691054155 -0.032258028449136 -0.108383007601022
0.00236670286766913 -0.0128003211421767 0.0950330634534793 -0.22113091878438
0.00927418975367659 -0.0156516152683911 0.308405169285918 -0.0323916175645665
0.013909573442568 -0.00133049319136416 0.240004655881 0.346237081938379
-0.010997548277557 0.0137947276252349 -0.176738575718308 0.426649325062536
-0.011811351745905 -0.00963795208292192 -0.315427387986701 0.109820709739376
-0.00184176901580725 -0.0179926705617798 -0.0273326356465201 0.0399402067691254
0.00055266346850066 -0.00337343676650838 0.308598650279695 -0.053688068091266
-0.00549423374911049 0.00745458323892849 0.25977657580272 -0.411247361127609
0.000144023735191748 0.00407118841488839 -0.221991341483867 -0.423574218298185
-0.00631179889417708 -0.017166247020523 -0.380431330598006 0.0231459468607311
-0.00422427415420826 -0.0150757792845064 -0.140207155741792 0.239492702444759
-0.00880994594132274 -0.0115756323490555 0.0404575672117604 0.151249115898172
-0.015556528676624 0.00319166642121724 0.101445749328276 -0.0265176017486466
-0.00552835408386156 0.002611370951975 -0.0779432266825711 0.0218601048011468
-0.00914817844926982 -0.00956985634564318 -0.0290929891197401 -0.107922553101242
0.0027776738683104 -0.0118026679538769 0.099354948557678 -0.219249811258482
0.00825280152097729 -0.0153181999008684 0.307063658948822 -0.027285159962632
0.0144202254811683 -0.00232079524604006 0.228529261575091 0.352009544252339
-0.00983628635477296 0.0117888110221103 -0.186269458159299 0.42606724044201
-0.0100483302657321 -0.0102747146032569 -0.31722154567443 0.106587070545144
-0.000470249990065182 -0.0184883414617238 -0.0268406077364911 0.039922742093474
0.00228960932176997 -0.0035667037574469 0.306343813932595 -0.0571917717482241
-0.004758927045888 0.00508552991872406 0.248966555495746 -0.413955624545877
-0.000959069187910578 0.00168682409659323 -0.232548019718048 -0.417136672882922
-0.00787506593629561 -0.0172981968806611 -0.38105513552119 0.0303056936498274
-0.0048056311898527 -0.0137873468587487 -0.136256905507727 0.24167951891364
-0.008157291205404 -0.00985391421058239 0.043845484240684 0.150944603324427
-0.0140653098959355 0.00552680883863044 0.103208943729756 -0.0261227231671513
-0.00411650714983 0.00352648508324399 -0.0762874500694889 0.0223938678277388
-0.00849855909066598 -0.00742747429484802 -0.026417392947069 -0.108760295905417
0.00205405235220542 -0.0100003751392459 0.102108101696651 -0.218738020008311
0.00751033151958074 -0.0145055247753369 0.307573524232879 -0.0200270727706284
0.0141548335041865 -0.00386146743673 0.220094668391577 0.359200010597222
-0.00821222170743155 0.00910117870725052 -0.196517816434981 0.423316221267531
-0.00806994631944941 -0.0116936383561415 -0.320732052535086 0.103857541790153
0.0013392961183979 -0.018341726756596 -0.0268159020084872 0.0401459738121216
0.00361179404443978 -0.00548111725918874 0.305319064886811 -0.0603505636694017
-0.00297573379513275 0.00284263525736855 0.241144007178536 -0.417445943572578
-0.00134519713094697 -0.000399953877615272 -0.241911658309459 -0.412126625149065
-0.00912869098600431 -0.0162813549083773 -0.380891684877202 0.0366711515682505
-0.00551940597315191 -0.0121455900679762 -0.131935452367283 0.242359265137256
-0.00776261361320254 -0.00778659736609826 0.0463929787486429 0.149342907437853
-0.0122739881815213 0.00765060289956875 0.105496183949819 -0.026531503390525
-0.00572699360213775 -4.72734111307484E-05 -0.0840017795094649 0.022031392693468
-0.0136495043402424 -0.00352599032098141 -0.0374658808313553 -0.110412961179297
-0.00335655277650644 -0.00435815702903045 0.0922052785335514 -0.226799351498896
0.0067351928533075 -0.00797973677493637 0.314835632837979 -0.0418719685623819
0.0182270923559262 -0.00238534855652048 0.255149692129835 0.337594237513723
-0.00544721614258928 0.0132334681591289 -0.158084643069838 0.427371667705161
-0.011678122031117 -0.00800032164709559 -0.306613493991911 0.111998725167414
-0.00574298643006176 -0.0182167466152873 -0.0198982286744889 0.0384555008867389
-0.000369618055740026 -0.00373619186484431 0.319106698971342 -0.054836246778302
0.000100391802415233 0.00518693441739116 0.277644269344683 -0.418210436922242
0.00381870898878646 0.00290756880471849 -0.207899718913855 -0.437918394242912
-0.00887644352755521 -0.00948285650250337 -0.378487313836695 0.012098996844374
-0.0122710951696677 -0.00677281132178687 -0.14174262924365 0.237646091433718
-0.0151712450135375 -0.00547881746752161 0.0381275130437035 0.150087164700018
-0.0158503398375029 0.00344990866682487 0.0986999943845393 -0.0264150805912323
-0.0064866723577282 -0.00118614504981238 -0.0844779146470802 0.0212114258254716
-0.0134579177488273 -0.00607848595676798 -0.0388088376317423 -0.110007010289036
-0.00181597566190539 -0.00668503632171435 0.0900844562090838 -0.226052915827205
0.00768621503949933 -0.0105286977110954 0.314490817274393 -0.0443348112304185
0.0175675549913778 -0.00105572288293448 0.259455858307021 0.335013835108884
-0.00674923695798205 0.0150500525257161 -0.154535539463933 0.428258656267238
-0.013508010959197 -0.00739175174613484 -0.305548608493647 0.114225223551772
-0.00632912095680695 -0.0179631028028508 -0.0212887547160803 0.0384935858151126
-0.00135338750623217 -0.00320676667382803 0.318049946110803 -0.0527211047330287
-0.00209341583849917 0.00767969498090192 0.280982667082025 -0.414626818674192
0.00303310128946763 0.00461019421651196 -0.202028801623886 -0.43861661107686
-0.00738667741998483 -0.0115332050789851 -0.378420838173708 0.00938999359802963
-0.0100806215378886 -0.00931009368850975 -0.144739820052564 0.236942395983094
-0.0147692778684121 -0.00771759293535231 0.0369552892791771 0.151467503021728
-0.016647700948882 0.0013557632448313 0.0978972774286643 -0.0264357091464307
-0.00708431780226506 -0.00118000035589727 -0.0852036454270827 0.0204416619789927
-0.0133409364545308 -0.00860641850532621 -0.0390977929305555 -0.108870867620082
-0.000632986328707843 -0.00926224227024782 0.0891105902543749 -0.226246612024322
0.00856640889610885 -0.0126165259028805 0.312786158196731 -0.0444903614503745
0.0168126394315248 -0.000271349585247724 0.260248292729864 0.334711789103647
-0.00888123141136883 0.0163891555478196 -0.154004089527374 0.429954400126609
-0.0138642205229073 -0.00712679021111615 -0.307290986645105 0.115144089711946
-0.00635807043834732 -0.0175470914104859 -0.0235425861705399 0.0390952800018095
-0.00273754396758691 -0.00281790535959353 0.316958017619577 -0.0517383959340936
-0.00409660048982781 0.00870427315085725 0.280058677628514 -0.413823764622098
0.00228289776047632 0.00625617823070529 -0.202691929367727 -0.438779955942751
-0.0061277871886818 -0.0134701437550501 -0.379884047319109 0.00854453578724358
-0.00784834894585069 -0.0119733111377125 -0.145548758547982 0.237862717253972
-0.0139277579180713 -0.00980153245633848 0.0363895813390924 0.152554064678497
-0.017167048231005 0.000787171753677826 0.0979069440186126 -0.026606286654123
-0.00724136148970522 -0.00113480120692937 -0.0847326242090596 0.0199759388631683
-0.012326009228226 -0.0101145659102891 -0.037871770013382 -0.108513660320351
0.000725933084658389 -0.0113287680963046 0.0899917171071799 -0.225024076562114
0.00895050599003257 -0.0143248978456952 0.312360559201756 -0.0420103833640907
0.0159987186800359 3.44966911864173E-05 0.254683290546442 0.338084944117767
-0.0103265287139098 0.0170073843274253 -0.16000373391626 0.429951731387755
-0.0145988924927679 -0.00791190121622811 -0.310024328333445 0.115608629985635
-0.00570821202453136 -0.0175893141324852 -0.0255255825262114 0.0394896340870524
-0.0022899396630075 -0.00273083140626145 0.314296684732781 -0.0508357594944555
-0.00538625491200028 0.00954544999759249 0.277171243509692 -0.411979718301273
0.00141162111115638 0.00629029374336182 -0.20664220703064 -0.437035415831571
-0.0055722860468241 -0.0146852607338365 -0.381362557384869 0.0104870540804306
-0.00611875376561042 -0.0141115214835778 -0.145968198688407 0.239425977732129
-0.0119191257395244 -0.0114896014989706 0.0366199852836853 0.153038467394398
-0.0167200130097061 0.000902516903248264 0.0985765648380676 -0.0263682020335251
-0.00737101780648906 -0.000437503650587732 -0.0832981797568513 0.0202098024637452
-0.0110982482994226 -0.0108407236166696 -0.0359904182426598 -0.109026155248731
0.00191416902518118 -0.0128686857949666 0.0921528879493168 -0.224190980679457
0.00930434172443174 -0.0154789303989347 0.311244028176184 -0.0379264640869206
0.014981525768102 -0.000356090300077304 0.248082103068813 0.343106394803103
-0.010729986815503 0.015800116960978 -0.16640334333017 0.431173974128853
-0.0136203466634805 -0.0086679320622025 -0.313043655782981 0.113583428138733
-0.00405054324032886 -0.0179267163047123 -0.026304079611392 0.040028426675081
-0.00151885810261561 -0.00294093374547416 0.312049845605001 -0.0518721766321067
-0.00567613860504341 0.0090331679928751 0.270405104506169 -0.414369194783688
0.000648520819500675 0.00575338866395797 -0.213814464068314 -0.432692682557072
-0.00587400708099518 -0.0162738930770472 -0.382160058376638 0.0156985302695037
-0.00422535420614789 -0.015167334989978 -0.144420954476069 0.240716766567907
-0.0107865738954206 -0.0119282655532384 0.0384917013801909 0.153303239887005
-0.0164911008075042 0.00205670526853815 0.100159554743488 -0.0267245187275247
-0.0068455148700994 0.00103768235260622 -0.0805352463609805 0.0202058845174781
-0.010071060684938 -0.0104562122425667 -0.0327297924196452 -0.108733596913804
0.00223236126322873 -0.0126077672571647 0.0959274234500408 -0.222974066720935
0.00911403269135653 -0.0157708515077997 0.310434703077015 -0.0319043067848923
0.0143762752296101 -0.00104165441393482 0.239981900193038 0.348971604876638
-0.0105449736833457 0.0141448969523745 -0.177118220153995 0.429349845926087
-0.0121642352805801 -0.00937671498090547 -0.316900538643757 0.110387739307078
-0.00257546642417249 -0.0182810146376944 -0.0276436538950163 0.039710636379822
0.000208448726593079 -0.00371066168264462 0.309873582012416 -0.0549456881968464
-0.00516821789740953 0.007591499771882 0.261145803396186 -0.414943010027001
-0.000125983419928572 0.00412509190433593 -0.223831619506513 -0.427095987343174
-0.00638921389067973 -0.0171925956198565 -0.383478172525814 0.0235260156883789
-0.00415835600228544 -0.0149164317483713 -0.141038258878505 0.241894490019648
-0.00948879712098442 -0.011157978331928 0.0410790162971745 0.152819066751357
-0.0147517296049549 0.00394509443694251 0.102085972898911 -0.0263948759262901
-0.00526096284085469 0.00212621753507522 -0.0788998869355377 0.0211186634499893
-0.00928735731331822 -0.00910705694167751 -0.0294086897219537 -0.109248284990682
0.0028097081496763 -0.0118155671296265 0.0983782253474408 -0.221214895208365
0.00842058071241802 -0.0153643221129847 0.30875049668468 -0.0261070870178379
0.0141600313036727 -0.00217270278378109 0.229544591551504 0.354728721979522
-0.00933519286582066 0.0114352434005402 -0.188555435827896 0.427921678044094
-0.0100280036687348 -0.0102106118467586 -0.319719521729173 0.107260457409696
-0.000686702940131389 -0.0184510335943071 -0.0274566327835012 0.0397656192340802
0.00184688375882941 -0.00463161162569169 0.307285048042916 -0.0577453971346351
-0.00497090754449193 0.00511710405814288 0.25036343740961 -0.416083672148753
-0.000561458395016914 0.00200095951926314 -0.23506881686862 -0.419833294737412
-0.00757515851288633 -0.0171260583720193 -0.383915152748336 0.0309621618714849
-0.00449041362000479 -0.0137179156877356 -0.136907474919412 0.243523550578211
-0.00849156743633304 -0.0094633033923065 0.0437569571986151 0.151788195363842
-0.0138384812984751 0.00616661292266239 0.104073584993692 -0.0262916008142454
-0.00417973755172643 0.00380959965586327 -0.07709744786478 0.0222027905883698
-0.00861632722585702 -0.00737552090853948 -0.0271696177331066 -0.109803133508369
0.00227364882068376 -0.00956719738399641 0.102032061869371 -0.220488520073067
0.00792517468611677 -0.0144970184154907 0.30854863250362 -0.0207862433466783
0.0141142138720091 -0.00391639676545436 0.220890832890884 0.360869673291983
-0.00782499101973438 0.00900488004888052 -0.197414144443529 0.425466615416604
-0.00816466782744811 -0.0113619141671217 -0.322431732475565 0.104000376345507
0.000933110256021616 -0.0181748467015296 -0.0270174319295782 0.0398303945420011
0.0037437445898059 -0.00501718635276265 0.306755480113755 -0.0610443288774716
-0.00282336660181903 0.00233354701248762 0.24187192823129 -0.420094783315112
-0.00113208113561934 -0.000191280050922216 -0.244609450247959 -0.414534719129383
-0.00948786910558764 -0.0165094003451499 -0.384150774585924 0.0370784539588582
-0.00572615525392269 -0.0119661991436703 -0.132956687146144 0.244541669984581
-0.00821754160588833 -0.00696196854808231 0.0469507018942848 0.150964865330792
-0.0121660271532807 0.00775809281741576 0.106197802934621 -0.0263019125892122
-0.00538707658956471 0.00355461249760932 -0.0539042818769347 0.0681416658025677
-0.0138565743469942 0.00504560174058278 -0.0971659249595577 -0.0659537253792973
-0.00554355199514355 -0.00256300227576612 -0.0593551305348738 -0.237349560013953
0.00122446763672224 -0.0120132463191907 0.231088532460965 -0.223228540202004
0.0134487700122683 -0.0138890320788047 0.404502533956159 0.118004843056362
0.00558731741821035 0.0126450175186936 0.129415758449367 0.437283621188885
-0.0126443898811287 0.00135872812204896 -0.18081169291201 0.276629544723777
-0.0155403112168228 -0.0109044920152936 0.00718396600086949 0.0429095304723865
-0.00111042391878392 -0.00501880874063366 0.223144840602976 -0.237601574259199
0.00199553447165043 0.00235981612655604 -0.0260651559844747 -0.507516708923569
0.00164989308565631 -0.000279636238956847 -0.430446614994738 -0.225545899615943
-0.0144269977826342 0.000728407747896169 -0.299343652501566 0.240299888410058
-0.0131258615241794 0.00605462785215535 0.0332429075011802 0.276877283087052
-0.0139590224777454 0.0066174181349054 0.12567484855916 0.0965987564230454
-0.00928721843212892 0.0121252478500114 0.0648661905276252 -0.084024058669479
-0.00648360983133876 0.00318907822769392 -0.055476859168229 0.0681962506788354
-0.014780644132853 0.00255405790788369 -0.0975319877195928 -0.0646709246651101
-0.00604212173097847 -0.00582237704110976 -0.060959686784579 -0.236790404487886
0.000547804435644963 -0.014450475615052 0.228639298799348 -0.22434667465903
0.0137836967260078 -0.0127739643665206 0.405908617110361 0.113669266894726
0.00548979896383535 0.0152426498013934 0.133280776150139 0.437431049498532
-0.0132045974582715 0.002860553108396 -0.179536594423104 0.278898659516343
-0.0161147675802953 -0.00980353868932683 0.00621725284070821 0.0437782166525524
-0.00182266433990346 -0.00343494159967922 0.224103089763668 -0.235253815885562
0.001244475582023 0.00589509885434254 -0.0216748261162388 -0.505260149305223
0.0018181598084279 0.00153582426861965 -0.428680132435253 -0.230472611801086
-0.0139085597927348 -0.00113521993345408 -0.30114203307607 0.237870535603282
-0.013395942039416 0.00238929605629576 0.0305426053258664 0.278986976590216
-0.0152193620422471 0.00408875466993855 0.124996242671053 0.0984301127016755
-0.010824903943914 0.0117322436381121 0.0642303160060237 -0.0837901814622969
-0.00716670596565045 0.00302902655859207 -0.0559174572330977 0.0673877273653416
-0.0156312197056059 0.000645184217286122 -0.0975439976174896 -0.0647787814064884
-0.00649734505326745 -0.00909203863985284 -0.0618128481276652 -0.235548044466457
0.000177343465190964 -0.0164524818768877 0.227576053302468 -0.223440522546205
0.0137536915666122 -0.0116846554352169 0.406991616457647 0.114737112583325
0.00521717439053644 0.0178282372933693 0.13312908942921 0.438257984111122
-0.0141485807774175 0.00330828420802982 -0.179969324466057 0.280075589099842
-0.0161452659388895 -0.0100555140503991 0.0047412914976407 0.0455840813141803
-0.00282117223737734 -0.00299200924166065 0.223824950274539 -0.232743171757317
0.000993025541119489 0.0079874814459341 -0.0200787964879378 -0.504544578654434
0.0022772292915556 0.00260036817368249 -0.429268079490559 -0.230170169045653
-0.0136412435707984 -0.00348862442203273 -0.301846488633213 0.238359123816037
-0.0130311328871684 -0.00120754545043929 0.030410676118416 0.280452359873407
-0.0157283351703162 0.00148181690946164 0.125263549271031 0.100270998917813
-0.0120160092529874 0.0111343445264311 0.063849159338525 -0.0838321988501546
-0.00708915901145362 0.00366411975326311 -0.0560460160084167 0.0669781897777153
-0.0162295242082691 -0.00088517912788623 -0.0966406618877415 -0.064488321818376
-0.00726036046653085 -0.0116010812559283 -0.0607627090469268 -0.235582501927381
-0.000344997102147237 -0.0181480393162138 0.228253680430451 -0.221609190505925
0.0126858657457146 -0.0107742793245812 0.404736234523838 0.119032366950176
0.00371695057209531 0.0186361501967079 0.130219452280906 0.441465763776067
-0.0141941055240193 0.00315470965290736 -0.181826567804105 0.282232112830217
-0.0154158088668047 -0.0102762120524283 0.00353460567451921 0.0470504588152761
-0.00250308187958301 -0.00283148339205238 0.222261985054706 -0.230748636146892
3.19981767266941E-05 0.0089004089702548 -0.0230909428585732 -0.501454375314679
0.00148172210571358 0.00334857086011838 -0.430702031357336 -0.226926107243355
-0.0144705395022687 -0.00556071246659394 -0.301965681564779 0.24070512455037
-0.0125993761725248 -0.00407192508511017 0.0308485341768675 0.281593135306915
-0.0152109418504995 -0.000385420705633237 0.126326535170209 0.10002042243911
-0.0119510865131735 0.0111563561047049 0.064500753388551 -0.0839837800709666
-0.00675805864287128 0.00433399094136903 -0.0546739717470632 0.0661293238596717
-0.0158242644942435 -0.00200056667874366 -0.0948327845119102 -0.066399554728357
-0.00641682577106659 -0.0128015536124587 -0.0588482751677043 -0.235830862696468
-0.00109054052839053 -0.0194924651767805 0.229825029693267 -0.218119769117206
0.0121094586987272 -0.0103792730183848 0.403177970471896 0.126429781674281
0.00292474720691505 0.0181387945538669 0.124352961601383 0.445811007337381
-0.0137490892704357 0.00251229758072861 -0.185347913887477 0.282242457311219
-0.0140608701394877 -0.0118037637790147 0.00228550791818682 0.0480572803172749
-0.00201132411474621 -0.00352573058357207 0.220043434148712 -0.230867203960343
-0.00129659213307394 0.00884037120318782 -0.0300531725979142 -0.497187896655828
0.000109149707468661 0.0033204525821347 -0.433898008064722 -0.217946815565945
-0.0154928567719895 -0.00627094037873381 -0.299204464917849 0.246218648077866
-0.0120996624956916 -0.00599535905009215 0.0328431016134975 0.280857113173058
-0.0142613265181711 -0.00190365001183247 0.127545468075804 0.0997085987371675
-0.0106797126760125 0.0119410292144433 0.0657702574406555 -0.0851112586960918
-0.00548705418491182 0.00510403064246325 -0.0529008648473552 0.0651769457972879
-0.0147625874932735 -0.00245091074587845 -0.0923472642635568 -0.0673071688734304
-0.00576006131734402 -0.0133315126568688 -0.0548028386104725 -0.236684826850435
-0.00142997648368839 -0.0193154362100543 0.23267483812832 -0.212078606588104
0.0111470759398129 -0.0109298745322669 0.398343096201473 0.135390943947343
0.00212090185367276 0.0166280378167859 0.114740253946463 0.450742836876177
-0.0127971097922581 0.00100051030821615 -0.190637260895013 0.28209786792072
-0.0130459334328047 -0.012561817617349 0.00169497036689265 0.0485337285569615
-0.00107720925771214 -0.00493520732414093 0.216252838962609 -0.230273602868772
-0.00153770223901658 0.00746419796099851 -0.0365195829047669 -0.494043289990405
-0.00122852315372876 0.00266826340344237 -0.437878212328909 -0.207027269081629
-0.0165099272022171 -0.0064210793434301 -0.295934850794409 0.252172392866383
-0.0113644766883675 -0.00594366624880464 0.0361794853676288 0.2807107430673
-0.0130144404795684 -0.00156129144702958 0.129532663844015 0.0966380561639444
-0.00869636653696273 0.0123724193573214 0.0673885534599883 -0.0862293661401933
-0.0036493678123302 0.00562288550454783 -0.0507389823177997 0.0642523245496125
-0.0131097064607189 -0.00250887865551882 -0.0909397019105239 -0.0697347961830568
-0.00500350178465128 -0.0127149544570478 -0.0513739512041878 -0.237310928766688
-0.00139942332131983 -0.0188057875026353 0.235037079925475 -0.207143079441117
0.0100375801683378 -0.0116779785771377 0.393286811323071 0.147064452706231
0.0011534591232136 0.0143659320554523 0.104833871930171 0.456957726821644
-0.0125445153215545 -0.0013162780615469 -0.194855767248498 0.281588214448989
-0.0118175845194464 -0.0139755189348081 0.00201900613950788 0.0488536920679237
-1.86290870948982E-05 -0.0067519858557175 0.212530332341124 -0.231914501700149
-0.00194382966754874 0.00481132937173478 -0.0468840356752192 -0.489592675916518
-0.00331691026994471 0.00160814772777945 -0.441941374701649 -0.194577578743072
-0.0172557494011775 -0.00605981989899579 -0.292052118935099 0.259089056000362
-0.0108897295798857 -0.00523066204156847 0.0407990556836981 0.278694741862204
-0.0114205682213397 -0.00112929840985373 0.131361785208002 0.0941603012098346
-0.00648108980330298 0.0138295813073627 0.0691473666175927 -0.0872883555506983
-0.00155044148448451 0.0062059124022496 -0.0476206002886508 0.0644530100517702
-0.0114800349293375 -0.000976840178410503 -0.0884845761299784 -0.0717141661051432
-0.00426966172156059 -0.0108847525852015 -0.0479196434507536 -0.238745117062081
-0.00139160399772084 -0.017519445200218 0.238255048833102 -0.201676946793072
0.00925926631725553 -0.0128094376127576 0.391382259970488 0.157045616292436
0.00111041644036809 0.0114745970423863 0.0969935194429678 0.460985032458558
-0.0111548123289674 -0.00280406079771634 -0.199076217107743 0.280143475228027
-0.0103275012119499 -0.0153752384295419 0.00224899916015529 0.048360903865725
0.000810875350344252 -0.00864185887468009 0.210274364180552 -0.233839728439487
-0.00247253789447479 0.0018069376411181 -0.056858822706294 -0.487663266272916
-0.00543707677807326 -0.00030418903532347 -0.446075512813576 -0.184120357912261
-0.0180800643852621 -0.00413063516850967 -0.288071599999991 0.263942120814485
-0.0104167950783833 -0.00218915604075572 0.0445020416653056 0.277373722783016
-0.0096801188239945 0.00113739643054136 0.133225671984816 0.0918248181288016
-0.00405299383145467 0.0147375487245367 0.070957324832555 -0.088691995921529
-0.00542133789201698 0.00347902211758417 -0.0546546781243561 0.0688552732903101
-0.0135319598856437 0.00514985273369547 -0.0986082742783667 -0.0668055675058305
-0.00549001782129598 -0.00233915678286016 -0.06119088209769 -0.239145728013568
0.000961780787136736 -0.0119578091759184 0.232320255690406 -0.225365424083194
0.0134578417906304 -0.014088232104879 0.409388271961386 0.118474991976137
0.00589099494620488 0.0126556231942359 0.131728766497743 0.442396414428721
-0.0125976680468776 0.00151022879811077 -0.181835125807493 0.278772907435525
-0.0156609505707913 -0.0106494616624464 0.0075496727732892 0.0428525722646385
-0.00142216471958993 -0.00517035540113306 0.223244335401152 -0.239914896094688
0.00158878834187417 0.00220300959525471 -0.0273441757871354 -0.510430300240266
0.00118979643477909 -0.000946713631521077 -0.434659665616637 -0.226151161607841
-0.0142926122482553 0.00129529094006562 -0.300058573696874 0.243071733131217
-0.0132727109762868 0.00655408399515729 0.0341429962338919 0.279507369987185
-0.0141358267587837 0.00677283211970698 0.127001020555064 0.0969867912151348
-0.00921633745800265 0.0130912995411151 0.0656338110832154 -0.0848988053477142
-0.00635913073763638 0.00353403072948047 -0.0561191125487946 0.0689344120996744
-0.0144024693264827 0.00299010447261322 -0.0994917468374672 -0.0652259611629892
-0.00620110546923621 -0.00583033213247911 -0.0631992038124427 -0.237806106839785
0.000833057116024826 -0.014525422231483 0.230637165568142 -0.226968690871651
0.0139489500465569 -0.0127358314626752 0.409962647305349 0.114508799521459
0.00570121461577946 0.01575086868389 0.134174525290713 0.439764844283818
-0.0133898147181068 0.00327468475492456 -0.180535770355683 0.281156493153346
-0.0158451512282475 -0.0101090483710565 0.00598558569880948 0.0442081163644726
-0.00233490460390489 -0.0037430563622704 0.225393786582763 -0.236809032066676
0.00130352348131766 0.00540556683395606 -0.0233128565980769 -0.509118054111492
0.00187830816852381 0.00141331934886114 -0.432533252537532 -0.231456653116069
-0.0137724217673683 -0.00119317256811286 -0.302904238889291 0.240775085690462
-0.013076197022231 0.00204271555701447 0.0315538893786767 0.281052839585993
-0.0152807938428846 0.00462918056174478 0.127115682906527 0.0989717798889625
-0.0109519286741499 0.0122844058180835 0.0646765318953357 -0.0840951817667424
-0.00752476195883347 0.00379553564896717 -0.0568353627617487 0.0678764481539267
-0.0158424315735285 0.00123542481568385 -0.0995147682103427 -0.0648558899163528
-0.00695557996370926 -0.00887288161791149 -0.0630558799619703 -0.236857566389163
0.000105847693543997 -0.0165594408520109 0.229038089784321 -0.226574231957909
0.0136616204182077 -0.0112870823831735 0.410686879422642 0.114328919780426
0.00515285681929846 0.0178110353396609 0.135119535455978 0.441229707641502
-0.0139013244830308 0.00382265990770505 -0.181072996493183 0.282772544283707
-0.0162060255980102 -0.0095964364530011 0.00498452347103364 0.0456684954489673
-0.00278626058250685 -0.003074699783219 0.224536730603324 -0.234722075157265
0.000974502430097262 0.00760706815175425 -0.0212286590002955 -0.508712918561377
0.00209936047907653 0.00279781706236102 -0.432891234886193 -0.231515111635139
-0.0137878953182242 -0.00409402459513688 -0.304396742583069 0.240802631596084
-0.0133637523716687 -0.00135956452564245 0.0313927363294338 0.282709042745835
-0.0158839976123252 0.0019965585568622 0.127341977182258 0.100303751630869
-0.0114628200310157 0.0120826906441251 0.0648250548364938 -0.0845691766872337
-0.00735626102456208 0.00396404642433216 -0.0559834245139216 0.0679210616926312
-0.0160302053890207 -0.000675829756067 -0.0983684694799126 -0.0649737328226135
-0.00648474975441442 -0.0117549292243072 -0.0626162683741246 -0.236850148659928
-0.000245968805875682 -0.0184173748562323 0.230004751491063 -0.223560848812639
0.0131083144574589 -0.0107145057502712 0.409339670163176 0.119647985807699
0.00421050517621688 0.0188475011760848 0.131363025367586 0.444485817658038
-0.0143233698394835 0.00358449033317421 -0.182819806129403 0.284388694943356
-0.0160615124284086 -0.00986209422511358 0.00343487518397171 0.0471648092888826
-0.00292962222909381 -0.00315276281647184 0.223655307419392 -0.232441089645478
-2.57625138281713E-05 0.00904471579571181 -0.0235512015322 -0.506139958844115
0.00188160280901342 0.00335636101045074 -0.434742465148257 -0.227033581546011
-0.0145771181064184 -0.00541478565576559 -0.304315917926478 0.243314442145786
-0.012545306485952 -0.00441365252660564 0.0326507531017397 0.283415492033749
-0.0153769630343705 -1.16724223389354E-05 0.127409203414468 0.100866826938861
-0.0115440197307186 0.0116121091873941 0.0649174504476573 -0.0847399397233055
-0.00637323946393834 0.00482784293472955 -0.0555326110927748 0.0669086335825171
-0.0157768343904525 -0.00197517764362598 -0.0964814784750049 -0.0665661280874364
-0.00625007645252842 -0.0130251900266996 -0.0601043688043315 -0.23732487724772
-0.000549830932618548 -0.0197578691621175 0.231055357390632 -0.219343652613615
0.0125364441944906 -0.0103649178634703 0.406008527284432 0.126924866814617
0.00314795588420716 0.0181640746013809 0.127186996673617 0.448669260723983
-0.014271125064568 0.00270510231685961 -0.186114931085285 0.285386346764105
-0.0146962420278087 -0.0110925031327814 0.00220727779081794 0.0479372131460355
-0.00211979187224707 -0.00394676925972226 0.22059131951358 -0.233103158964075
-0.000370347160822824 0.00890543439273008 -0.0306210759126318 -0.502555674628268
0.000414876616668759 0.00324337094027375 -0.43834129892591 -0.218871766521203
-0.0151648296744648 -0.00645450454072456 -0.301925961597448 0.248592660556535
-0.011934812767825 -0.00581125232392165 0.0349435592807121 0.283467576847466
-0.0146408527438081 -0.000861649077579772 0.129426372972628 0.0997464704687199
-0.010678942444343 0.0122364928028655 0.0662602854748176 -0.0860036330668032
-0.00528713362104229 0.00513931431868786 -0.0537241117004693 0.0651490329278493
-0.0145892358777123 -0.00249391050259392 -0.0942008999299513 -0.0685037934083716
-0.00579796222980073 -0.0137409201494126 -0.0570803148037348 -0.237954180221226
-0.00115940739832405 -0.0196889014154627 0.233919494181334 -0.213476521141227
0.0111157469751427 -0.0108398086207741 0.40271880088651 0.136859640547086
0.0023137085464885 0.0170910561435594 0.116855791052773 0.454872936727268
-0.0133737825489515 0.00118908557216161 -0.191852362929422 0.284374687069765
-0.0138845604569327 -0.0123632761325345 0.00158814568555457 0.0485504345704464
-0.00133009575826476 -0.00507718233736503 0.217442044560238 -0.232504902645702
-0.00146884129090278 0.00719490935794447 -0.0375102454780027 -0.498945266895888
-0.00124702400984921 0.0031733828710489 -0.442817293375318 -0.206870539869703
-0.0167148830462259 -0.00632101565285274 -0.298593036459528 0.255175209879158
-0.0119207027911799 -0.00655728160690943 0.0377275220866944 0.282888219540195
-0.0132616516066652 -0.00115376363296166 0.131673165628491 0.0976610002273039
-0.0083484800512762 0.0134102113119972 0.0679224780403317 -0.0865785147089475
-0.0034687757321761 0.00580546771336911 -0.0508773176807933 0.0650034892085373
-0.0128538719706551 -0.00145349021607091 -0.0918185966412273 -0.0702478771372777
-0.00480475582299448 -0.012571894536988 -0.0530279264752524 -0.239411354993811
-0.00165325137193767 -0.0188826535633053 0.236707033865908 -0.208901346445961
0.0101206756140771 -0.0118028918812897 0.398271392886071 0.147384841159305
0.00193114848735877 0.014420825501895 0.106383097175795 0.460552300237223
-0.013014865538327 -0.000928551314729696 -0.195655150947226 0.283168562369379
-0.0117418169763847 -0.0135325939020669 0.00192453647267023 0.0489918990396725
-0.000149800011947833 -0.00670625585107163 0.213580883286923 -0.234223441506428
-0.00215130026633573 0.00448821460815521 -0.0489560684476762 -0.493974291664505
-0.00317134202964545 0.00189203024298768 -0.446008317763046 -0.194937114557257
-0.018098570716351 -0.00569129799179293 -0.294279869721754 0.262548589418577
-0.0112316105493047 -0.00487344272799517 0.041760255959912 0.281580319689602
-0.0115025930169498 -5.8821070447742E-05 0.13346414136747 0.0947713682393922
-0.00587879695878993 0.0134023156417587 0.0695304303647615 -0.0880925987477703
-0.00147028580198684 0.00636821816149924 -0.0488154295047763 0.0644328761469719
-0.0113676081336657 -0.000740050718476897 -0.0895505026985916 -0.0722898548435007
-0.00411900355149523 -0.0105962410845324 -0.049239183749572 -0.240096503576237
-0.00183731411036389 -0.0178372320990799 0.240004091526004 -0.204326635425734
0.0096093481008904 -0.0130054880217742 0.394549598230555 0.157818476642397
0.00158036458682418 0.01132121328332 0.0981779379741739 0.464759880016147
-0.0114509395745483 -0.0032438018319131 -0.199251420928346 0.282659075150691
-0.0106205682935411 -0.0151457309634808 0.00259426297837734 0.0485912569974015
0.000442072144581332 -0.00910396055801883 0.210555844942899 -0.236017277273278
-0.00249511159451643 0.0017572667087859 -0.0587496953873603 -0.490944065148162
-0.00493980895065372 -0.00011855679895368 -0.451260092215458 -0.185463534213238
-0.0182959708896919 -0.00394768513568318 -0.290534030539365 0.26733630264566
-0.0109544832091543 -0.00237664480848631 0.0449148555670452 0.279258902610387
-0.00976102885372995 0.00133529490972205 0.13473294077322 0.0927014363179283
-0.00377304130301524 0.0149765895000138 0.0714581677212709 -0.0892120724175135
-0.00506277178435974 0.00387905402035286 -0.0551580822654184 0.0693851834003607
-0.0138039950745892 0.00551370097552234 -0.100215862694733 -0.0670494151633942
-0.00572447867464839 -0.00260903042290341 -0.0634197106860759 -0.240381515251897
0.000912711559692521 -0.0123703864026611 0.234556675880026 -0.228163157192722
0.0133622601152244 -0.0143623367087829 0.413694484475733 0.117528287131052
0.00662748021594312 0.0129873797947576 0.133138808982304 0.444679559758368
-0.0125858662452405 0.00162438252222593 -0.182647811844918 0.282206264637073
-0.0159355652176005 -0.0104161038090206 0.00719386384326475 0.0431403254497579
-0.00171241547032008 -0.0055599218611441 0.224820182697296 -0.242784599130381
0.00203375683183382 0.00215633530609869 -0.0305508829712252 -0.51632461990999
0.00140209434656476 -0.000105539742865163 -0.440176105995359 -0.226842878376267
-0.0140877361571348 0.00141006178394387 -0.303194337139535 0.248111909620847
-0.0134103051108057 0.00623448184177055 0.0364406856274918 0.281651279028746
-0.014685809739062 0.0078852240871719 0.129462375538348 0.0979797626169665
-0.00862141954853948 0.0133946671329446 0.0661466711467061 -0.0857138357473731
-0.00640273358286331 0.00367893641059128 -0.0566134184513613 0.0693212148804762
-0.0150032927618883 0.00355294879870863 -0.100925119421146 -0.065629838857514
-0.00630597541416755 -0.0056473139348963 -0.0646387022990644 -0.23858718246533
0.000686389443644985 -0.0146119323994507 0.232163873113262 -0.229671905924706
0.0140200171242356 -0.0132425119216277 0.415627894753159 0.113954863489498
0.00635998293736042 0.0156557976230682 0.13764776157456 0.443260862162313
-0.0136049139237119 0.00295157493218375 -0.180666864630341 0.284516498581329
-0.0167873224465729 -0.00983639632362739 0.00609930265501797 0.0446796713769555
-0.00281956177412279 -0.00384310814985463 0.226552724184948 -0.239476588359371
0.00162804620948248 0.00506065724934724 -0.0251776196021427 -0.514306643522623
0.00220735781938381 0.00158991141596495 -0.437196846899407 -0.231717029248162
-0.0144000294759726 -0.00115884018575559 -0.305705448600493 0.24465570331511
-0.0135788721966701 0.00199446362946607 0.0329922717969846 0.284211069456669
-0.0158006701391172 0.00546869832577926 0.128794534814774 0.0994758122009219
-0.0101212097088994 0.0126106294239933 0.0653314567553222 -0.0853839047143152
-0.00705584989202819 0.0038252370077094 -0.0570996955649024 0.0689102741369097
-0.0161849169487797 0.00119598228565302 -0.100936320884088 -0.0650928541427257
-0.00673450007271941 -0.00868611404882888 -0.066383835088837 -0.238230031510258
0.000153505114261642 -0.0165453864431038 0.230528888029395 -0.228660422132582
0.0137959050941497 -0.0117406795881513 0.415452688659381 0.114260531005938
0.00558202327948366 0.0180560488976612 0.138699214926009 0.444448157832508
-0.0141780028175207 0.00383266776181808 -0.181835340500153 0.285296608532462
-0.0168450401919396 -0.00940676532779854 0.00487542599787911 0.0458724621905526
-0.00294989133940376 -0.00301012538053868 0.225344116373572 -0.23776998923213
0.000863580182482579 0.00749337159498104 -0.0244149360938005 -0.514377209355617
0.00280001597103632 0.00279550435369368 -0.437082027535095 -0.232619134410803
-0.0142188992694456 -0.00368190114591613 -0.306568655694891 0.245385293185989
-0.0129022372126102 -0.00158141409015223 0.0326165426311948 0.285534308921957
-0.0161359844357381 0.00277108194601471 0.129191738587564 0.100874000157676
-0.0113902164782741 0.0121854057121224 0.0651018380563202 -0.0847852809011632
-0.00700422768094587 0.00417603986341165 -0.0571263574375438 0.0685809175420021
-0.0163195200243567 -0.000563476940557468 -0.0997835732390625 -0.065877126090828
-0.00667085328336815 -0.0116864767223969 -0.0645267830333462 -0.237999938230105
-0.000687787366531425 -0.018584777245086 0.232001830576045 -0.226265488524274
0.0132032085376356 -0.010836550232918 0.413814396993036 0.119223499463334
0.00469007966866705 0.0187916056689044 0.134981912134621 0.448240911061744
-0.0144240384845985 0.00354264373134645 -0.183562751498932 0.287470970430992
-0.0161028323787922 -0.0100087070499285 0.00370276331168672 0.0475905726707929
-0.00316878761360744 -0.00343812173281127 0.224539056111999 -0.235993444767468
-0.000414884801039028 0.00892088395310884 -0.0259110086103014 -0.510316039634209
0.00161077065366511 0.00343790260816601 -0.441296898045867 -0.227293018680404
-0.0147528200012968 -0.00478159085160554 -0.306670593614432 0.247594275371321
-0.0127628103089101 -0.00458517724352476 0.0333727388710676 0.286086184550955
-0.0155270147780009 0.000469504396960904 0.129689855266076 0.101012878617789
-0.0112019179818366 0.0121652068943824 0.0659019121589557 -0.0858659277906341
-0.00629939617821332 0.00478095602917182 -0.0556607309454709 0.0669474117907741
-0.0157603648738355 -0.001797234196554 -0.0980912391999294 -0.0668272895034374
-0.00634496328141457 -0.0127635274830129 -0.0625105900164146 -0.238630817701162
-0.00119023057631779 -0.0195464866173094 0.233075870364199 -0.222127781504614
0.0121374892186368 -0.0107379735488304 0.41031709494909 0.126023154071655
0.00351897726004252 0.0188534357047321 0.128722841066088 0.453109492963053
-0.0141784617028591 0.0025273533399258 -0.186739500109003 0.288169982205978
-0.0152674116141123 -0.0107696538322545 0.00262755237211369 0.0485745809255428
-0.00267792776391437 -0.00412297337396384 0.221467784265923 -0.235222877898636
-0.00126577858213392 0.00894638674938586 -0.0330170919360282 -0.507673980160165
0.000858264398871416 0.00388602107471731 -0.443402941710453 -0.219150176213214
-0.0152156387654661 -0.0063924818956582 -0.304247297455689 0.252419896988017
-0.0120048358025537 -0.00591573836535578 0.0360695008483474 0.286130562835458
-0.0146062213649486 -0.000806428496908729 0.131216468649771 0.100011671362799
-0.0106934299217474 0.0127342919402633 0.0674188506601706 -0.0866930238459427
-0.00523400573479348 0.00552790439885352 -0.0543242177491584 0.066118762483723
-0.0145775028242985 -0.0019599567024172 -0.0957555523939091 -0.0690312779337761
-0.00587596506522898 -0.0139428933687338 -0.0586579293874252 -0.239384974613181
-0.00138136285139226 -0.0201466096146205 0.235718027250079 -0.216404901337807
0.0114086352928015 -0.0111477881413156 0.405843479178164 0.137423459481175
0.00257956565152267 0.0172070807223421 0.119010781725673 0.458511738421051
-0.0138007139996824 0.00101303718136152 -0.192982436249968 0.287821279612735
-0.013909670679858 -0.0122207541838753 0.00214482420426441 0.0494625324739049
-0.00192426662245661 -0.00566762788229599 0.219146877397305 -0.235212854942802
-0.00123727653852393 0.00748580068802727 -0.0415585594920239 -0.502737989728431
-0.00103158450900452 0.00329871866638498 -0.448901293438399 -0.207986539026099
-0.0164694343729613 -0.00686252096609767 -0.300450499982709 0.259400978992874
-0.011996639269465 -0.00681777431830567 0.0392559887199194 0.285557284843909
-0.0131618254481455 -0.00074578266327577 0.133123479226867 0.0977036585333294
-0.0077003825137786 0.0134912747766818 0.0683962455239551 -0.0880134282637323
-0.00340057312337829 0.00600482361661139 -0.0516123864815932 0.0656354454923582
-0.0133446474949055 -0.00169284635732957 -0.0932603535339427 -0.0709115293659737
-0.00480544587467114 -0.0128642194552712 -0.0551962905996277 -0.240298328046104
-0.00181371305533246 -0.0191011901857872 0.238907863195532 -0.211534484212016
0.0104196475339728 -0.0116667339654771 0.402770694803768 0.148426271376015
0.00183903025669281 0.0144993072366854 0.109653797857053 0.463282929307683
-0.0126386738504392 -0.000830536722909027 -0.196562230341423 0.286493811672202
-0.0124273448111843 -0.0135065699116305 0.00225110056778905 0.0496442784597875
-0.000462118501145738 -0.00715650350439514 0.214227418768863 -0.237375659780721
-0.00207967792605329 0.00518055677695595 -0.0515001648799919 -0.49875800337227
-0.00312371795510816 0.00169151753002617 -0.451341368366512 -0.194966424836328
-0.0177467706833077 -0.00574878439700654 -0.295612112850487 0.265445015953488
-0.0111083999152421 -0.00488436722337037 0.0435128090814635 0.283882981498099
-0.0114245503157312 -0.000118429227612937 0.135609133905156 0.0953109551219053
-0.00528235363667105 0.0143880353452012 0.070174216379233 -0.0890720563165307
-0.0010845409176623 0.00630230063510414 -0.0489125246161407 0.0650493118892219
-0.0116543878970488 -0.000215902475293666 -0.0913323701937409 -0.0725198286854729
-0.00416654862427527 -0.0104806539624537 -0.0513993417857243 -0.241295018823472
-0.00185891997032355 -0.0177836566587206 0.242566644023284 -0.206261985878025
0.00991562252859297 -0.0134759773937891 0.399433681408278 0.159349113552079
0.0020241607423242 0.0113993508422793 0.0997947605823588 0.468094793626321
-0.0117033706752969 -0.00283046622754201 -0.201053169784432 0.285115140660315
-0.0111347336447453 -0.0146217970516559 0.0023205450876561 0.0495062390746217
-0.000184646067474274 -0.00929848696377801 0.211747379643781 -0.238750250831591
-0.00258378770772756 0.00172723227125324 -0.0602291588471511 -0.495180937878951
-0.00475909395555654 8.01553628324639E-05 -0.45667576770471 -0.18616363978747
-0.0185711230529119 -0.00427857228273343 -0.29193151648537 0.270800738265218
-0.0107531880242301 -0.00295569156624986 0.0469686913868498 0.28173050243884
-0.00958800468937675 0.00138767630576669 0.136974573596287 0.0926871671615921
-0.00335960454904339 0.0158897152891051 0.0718175437112635 -0.0903628222933651
-0.00531327092343747 0.00401222406169709 -0.055387011551287 0.0701110287860189
-0.0136870683056386 0.00586826915009368 -0.102054448868177 -0.0666278227101494
-0.00571851018639974 -0.00222807239646567 -0.0660062138225521 -0.241327220852943
0.000972744600454542 -0.01255383762164 0.235807350853494 -0.231235207791509
0.0135452791865631 -0.0144836587729471 0.418800841847126 0.117332326065164
0.00659172245256498 0.0128327824896068 0.137968820676637 0.449109464210159
-0.0127768014669598 0.00180278581991344 -0.183175471100506 0.285616075556988
-0.0167589135173713 -0.0099661408325218 0.00775147034399415 0.043773221223196
-0.0025541525985103 -0.00520397112621221 0.226183284038296 -0.245614812749446
0.00184500563538623 0.00214457650329922 -0.0329272178598992 -0.52035329460989
0.00161756590707093 -0.000368529999089366 -0.446394604598678 -0.227239912772989
-0.0142227779631913 0.00116168868554965 -0.304567916444954 0.251923663719556
-0.0133874489191236 0.00622300794355577 0.0382148397613549 0.285297839968394
-0.0145430438782053 0.00827469457076189 0.131717387319469 0.0978613948276214
-0.00856063204539218 0.0136308408277038 0.0662038765630979 -0.0867244107912535
-0.00678954659938374 0.00402684089088666 -0.0573636973094917 0.0703401416744861
-0.0148678812105221 0.00336762126777022 -0.103125609065852 -0.0655986891958531
-0.00607391803957048 -0.00553382918314086 -0.0673455250908382 -0.240317935710952
0.000737399237460439 -0.0150591456265806 0.232936079332847 -0.232348146140892
0.0141281428474986 -0.0129230476482267 0.419769677095277 0.112872787594792
0.00660181513517512 0.0160296291406647 0.141633946048244 0.447495460189594
-0.013280991283097 0.00352761183023472 -0.182024223309842 0.287939435531317
-0.0171295749160456 -0.00946472085952916 0.00647785012877571 0.0451527251366093
-0.00389488267454769 -0.00384704792983008 0.226821290164344 -0.242985741319633
0.0013827147833524 0.00525459062412238 -0.02941535497571 -0.519914105595869
0.0027299475281145 0.00128313532046622 -0.442644631069621 -0.232365505027818
-0.0139884244842704 -0.00109489786644353 -0.306689093886936 0.248466255124331
-0.0133439731051913 0.00228034612083777 0.0355050220671598 0.286570920640616
-0.0160816452708264 0.00612325040918532 0.131361486754223 0.0997773065467335
-0.00995057959155801 0.0131970165590381 0.0654574879293018 -0.0860488996901458
-0.00701170954978709 0.00421972851436263 -0.0577439327734279 0.0696755963360886
-0.0159896127647483 0.00151287053059176 -0.102682991121236 -0.0652371535770653
-0.00646361574933688 -0.00867806447912845 -0.0681224145352115 -0.23986167835398
2.90986498379213E-05 -0.0169917925800052 0.232143382949972 -0.231137771839137
0.0139795959505662 -0.0118021754940787 0.420357465703169 0.113273529359886
0.00607149408694857 0.0179824457298795 0.141209067677403 0.448616488988241
-0.0146238481104748 0.00395000643655791 -0.181399793948721 0.28905584383281
-0.0174412876344694 -0.00932887847130164 0.00505717956027406 0.0464971974980852
-0.00364510436068053 -0.00319843571856017 0.226530833649229 -0.240029302790774
0.000907549333391272 0.00784334256625712 -0.0266976016205701 -0.5187595210931
0.00269314462604899 0.00307484703798147 -0.443855031284129 -0.232111663252649
-0.0142804034896456 -0.00378150897316037 -0.30857023562977 0.24955704234405
-0.0134716960457958 -0.00148861748235737 0.0348745948401291 0.287791413143131
-0.0163749406615567 0.00378818183954621 0.13134430969371 0.101102912095833
-0.0111217397399533 0.012890729030599 0.0657821858905184 -0.0865730959321952
-0.00732594619616264 0.00442832160859776 -0.057266603621909 0.0688992057530733
-0.0161139818645766 -4.37342551771016E-05 -0.101608525148347 -0.0662918532566597
-0.00676674954937146 -0.011702968300199 -0.0673167921395392 -0.23924662009913
-0.000710858878289681 -0.0192394245468282 0.232660398958614 -0.229912923341868
0.0133009594765112 -0.0113623999091301 0.417752268244821 0.119318918012834
0.00487986061378755 0.0192547866720696 0.13961584583895 0.452155305310209
-0.0151011341825403 0.00402240399938157 -0.184428835567289 0.291300302130172
-0.0165797437131221 -0.00990837694906361 0.00369435879853648 0.0478547791132145
-0.00395756634666213 -0.00321776285107488 0.224077505796894 -0.239088830344872
-0.000220259015611157 0.00883078440830875 -0.0286496134562312 -0.51651473499673
0.00214439387602098 0.00369596655681974 -0.446010430474041 -0.228100391585503
-0.014640022134299 -0.00499266932981596 -0.308541259488908 0.251989821944632
-0.0131477010030679 -0.00453328116812453 0.0358460792709107 0.289084811056571
-0.0157663499069697 0.00127619820349906 0.13246136009998 0.101338976264831
-0.0108906814968701 0.012715311858501 0.0663599548261075 -0.0867416707077388
-0.00678432059737765 0.00502532627200975 -0.0562488284130426 0.0677556885173318
-0.0157702101656442 -0.00125466804710454 -0.100226296987648 -0.0668502560965387
-0.00640658372325565 -0.013164883240044 -0.0647714515073749 -0.23983010798517
-0.00136831237793519 -0.0199862816954068 0.234756490297701 -0.225398052547799
0.0125383633317681 -0.0109530391816704 0.415330308508062 0.126457215126966
0.00396170597392358 0.0190775219593535 0.133448387529347 0.457605458242943
-0.0143912680637325 0.00301338975131961 -0.18783772414768 0.29128466697541
-0.0154530674764706 -0.0108364920379657 0.00289449695271154 0.0490647106204999
-0.00313194044772004 -0.00431753558380727 0.221833991710308 -0.238738975730432
-0.00074405371195385 0.00836195286581068 -0.0357506345173824 -0.511326930382051
0.000581545849872123 0.00375241788911499 -0.449403823862516 -0.218938581091366
-0.0156112343200272 -0.00630744765014143 -0.306428737838698 0.257303257807231
-0.012533991109378 -0.00644373718033205 0.0381707434275419 0.288989330876391
-0.0151337563670557 8.12299862455474E-05 0.133671665034365 0.100395201425195
-0.00996087879161437 0.0132169670767865 0.0673625917010374 -0.0879428030320644
-0.00524592466039539 0.00562018027607632 -0.0544930800502308 0.0667532560578868
-0.0147809478500749 -0.00185045562481383 -0.0976212770000782 -0.0691737809752992
-0.00622348977675237 -0.0134345435671373 -0.0613770380383803 -0.24062808232584
-0.00153621930322582 -0.0199220724101973 0.237091212613633 -0.219482885028755
0.0115566352020288 -0.0111688592001598 0.412364739719389 0.135240838653896
0.00245087275622407 0.0169876302409384 0.123152126008962 0.462379993402592
-0.0135071468828525 0.000843778377703722 -0.193124140154236 0.290864858663705
-0.0140985088733233 -0.0117412465503614 0.00240921244336409 0.0496976977959876
-0.00232084376116887 -0.00563655853927958 0.219365579641038 -0.237827798104876
-0.0013374875806369 0.00725062466661239 -0.0436222484814403 -0.507472964123134
-0.00088734797007121 0.00334385721391435 -0.454000848847647 -0.207610783709103
-0.0167202813075192 -0.00637190340908388 -0.302498284643014 0.263846455487771
-0.0120107211649554 -0.00608298333437988 0.0419985088977417 0.288054266059122
-0.0134212968791967 -0.000347937993087639 0.135666662106255 0.0980083666542169
-0.00794684691484418 0.0143489666569287 0.0693702785941919 -0.0891352560660655
-0.00345674033580552 0.00638047252275609 -0.0523133108868791 0.0659980023417775
-0.0134925609574032 -0.00142368865812924 -0.0950552833556145 -0.0713909891265942
-0.00508687710949739 -0.0128138188263392 -0.0578057758525178 -0.241528651695518
-0.00177990487418621 -0.0196519276146454 0.239632935348124 -0.213876605476449
0.0105976424293097 -0.0120767074461491 0.406644166457231 0.147751343065936
0.00192699390473324 0.0147156287220731 0.11242883366501 0.466812718298485
-0.0125930785024969 -0.000685574951530986 -0.196708550611116 0.289985146069766
-0.0127479801673775 -0.013513095663911 0.00248296388372569 0.0500049120480511
-0.00116025227760997 -0.00732741070490442 0.214871301386453 -0.239635076326458
-0.00206074073582713 0.00482251312994585 -0.0549595213632502 -0.501989994815389
-0.002678874759122 0.00194031564382121 -0.45758797550633 -0.195000502998387
-0.0181145752209031 -0.0059981487848522 -0.297929612930798 0.270353307618343
-0.0114738988254362 -0.00506800739786548 0.0458238583638598 0.286700930236564
-0.011542970320932 0.000159504766320857 0.137730013964376 0.0959119186185605
-0.00499183629346632 0.0151275928524553 0.0707269452125032 -0.0909871257632324
-0.00144330089206494 0.00644595182061266 -0.0494835463046618 0.0656470322619527
-0.0119923662869739 -0.00011527040154753 -0.0934975028630316 -0.0727461397979101
-0.00408817855130052 -0.0107342190740704 -0.0542698858548541 -0.243005430625982
-0.00181776759051584 -0.0181127273255357 0.243491726658085 -0.209015544827786
0.00962787039998985 -0.0135268917028509 0.403997354636094 0.158666599448216
0.00192396446508567 0.0118043900367607 0.103245104093446 0.47302602378265
-0.0115313096452176 -0.00262426335709454 -0.200758248150594 0.28888475274894
-0.0114766644873322 -0.0146923605484611 0.00254076280447654 0.0496685894536291
-0.000577187423855369 -0.00971157190096873 0.212268050454536 -0.241910446785705
-0.00245792431976002 0.00129379977482898 -0.0646367269320753 -0.499446824611933
-0.00455779813095982 0.000396912825462385 -0.461481434333118 -0.185204374477316
-0.0186120064921159 -0.00439014893365132 -0.293684400106842 0.275902605266674
-0.0107038864668161 -0.00319423071249759 0.0503086753097331 0.284294305709368
-0.00961514707504398 0.00222610326579676 0.139231575188903 0.0924912211259563
-0.00308104405677287 0.0160212809047508 0.0723999325365314 -0.0915758707865915
-0.0056188409930384 0.00476232907948497 -0.0559918313693333 0.0710901063733246
-0.013792878675286 0.00627834023249071 -0.104133009803811 -0.0667231079955123
-0.00576387198203241 -0.00241877900484298 -0.0687640072063153 -0.242533370065145
0.000929846804598753 -0.0126195056063453 0.23659511650492 -0.234590316978828
0.0136531468815398 -0.0147280220835006 0.424200184123174 0.116683026205906
0.00682287989785023 0.0127946033015763 0.142275360449589 0.451932936913198
-0.0127588885855123 0.00201079021915349 -0.18308471691628 0.288684942907535
-0.016693920731327 -0.0098245282554613 0.0081182518533145 0.0441155202311576
-0.00291730770261215 -0.00500067739843413 0.226029852497389 -0.2497189812338
0.00223566846745228 0.00144535485117231 -0.0375854002879262 -0.52541749566033
0.00168703918751524 -0.00010922271098773 -0.452353972901963 -0.226278691465416
-0.0143231382930147 0.00143517715476532 -0.306387605452553 0.255908333660603
-0.0138793357773632 0.00647969966926111 0.0411166298361676 0.287349087018484
-0.014958083581793 0.00878414454145195 0.134091359290525 0.0981886776819186
-0.00817702669235298 0.0139636959768769 0.0669154835125392 -0.087687291584049
-0.00677371770392201 0.00411861270843796 -0.0572269107173495 0.0714673367022246
-0.0150881899712426 0.00378318527930421 -0.105312778150134 -0.0657240314309924
-0.00636811080720422 -0.00572568402388927 -0.0706691780910238 -0.241191833326054
0.000413383933390528 -0.0150138638606846 0.234018485403059 -0.236137585307844
0.0141771689137768 -0.0131289924675834 0.424610801804182 0.111145574628644
0.00700516726314501 0.015993353045855 0.143950763804555 0.450771367322354
-0.0137482932399128 0.00377104352875391 -0.180376159609791 0.291250432228598
-0.0175988753015249 -0.00888187265798679 0.00625084505688161 0.0456344362688109
-0.00343907011116415 -0.00371057673078528 0.227337633243059 -0.246643200688511
0.00147942898171609 0.00502776822344272 -0.0316901335199961 -0.525744311183567
0.00276920980385414 0.00105094979167092 -0.449767032307425 -0.231248964174334
-0.0142492798828506 -0.00121956191445919 -0.308372942087783 0.253513263084958
-0.0141624283239956 0.00215671658293736 0.0382295307421155 0.2891945758052
-0.0160330904621088 0.00643622614209261 0.133878591908057 0.0998082256713424
-0.0097143241158947 0.0134649179874246 0.0665395460721461 -0.0875991156484065
-0.00718019225408307 0.00447902414379711 -0.0577937084897292 0.0708078583353191
-0.0161791871871048 0.00231122463528525 -0.105186943980408 -0.0650764340819381
-0.00647897482858919 -0.00870845814276254 -0.0717767775255237 -0.240156955805807
0.000163129317084595 -0.0173598817533435 0.232551229179241 -0.235798718056304
0.0136776442701565 -0.0122560419032534 0.425781600663283 0.111412846039494
0.00630035615670437 0.018158864374234 0.145057698127154 0.452095550360954
-0.0139054879518195 0.00403381882627878 -0.181680984521426 0.292628287752225
-0.0173194895943792 -0.00861697799863575 0.0050584241485255 0.0468832280495827
-0.0042993145568879 -0.00358540247283927 0.22602982730627 -0.24403339463291
0.000543136430972707 0.00725010505145346 -0.0301638000684224 -0.52365938599966
0.00286981742599479 0.00270976308748612 -0.450558039299309 -0.230692627109894
-0.0144246519401979 -0.00322566439503836 -0.30924923314353 0.254458302481779
-0.0136487037766777 -0.00130357514930644 0.0377847634437159 0.29062338216199
-0.0165753114153674 0.00351015204974529 0.133932178916806 0.101174383872762
-0.0107082349029941 0.0129942114302871 0.0657513305047116 -0.0875808122568645
-0.007293096828309 0.00460215845153304 -0.0573725557643294 0.0695582494376664
-0.0164264486458188 3.99924792590726E-06 -0.103846696927562 -0.0655681135842403
-0.00679868016945052 -0.0117257272264074 -0.0706997147619394 -0.240407790607547
-0.000710061674253087 -0.0187953605423664 0.233827475725564 -0.232772837354466
0.013221786550225 -0.0114570150793662 0.42317412186579 0.116438915691161
0.00495858182154498 0.0194266664132152 0.143815892755667 0.455139502624565
-0.0150703837616091 0.00413506339755106 -0.184646275942387 0.294970152977736
-0.0167221991956296 -0.00949314202982155 0.00398933712536865 0.048479885438227
-0.00370151906183869 -0.00350876888842628 0.224324445148242 -0.242976741726413
0.000259218025161672 0.00869960378279402 -0.0327642329019299 -0.521211465640217
0.0027855917288554 0.00374786208758358 -0.452313911857755 -0.227077075137599
-0.0148340626476931 -0.00517866755522072 -0.30962742396127 0.257214169758731
-0.0129621675480942 -0.00474166491531529 0.0388558903528075 0.29108993470961
-0.015613346722153 0.00191547396536044 0.134833254622872 0.101589728770216
-0.0105953978802873 0.0134177750849572 0.0665108686398382 -0.087972043775276
-0.00622589554002322 0.0050491754976421 -0.0564348893629632 0.0690455993226636
-0.0160972340366247 -0.00134614894964944 -0.102154590201516 -0.0674223348655882
-0.00648616364798866 -0.0126186512159411 -0.0682466698044703 -0.24119796411919
-0.00140262424057749 -0.0200789650041836 0.235728653887384 -0.22848014332779
0.0124728430917949 -0.0110927165161478 0.419709408105151 0.125528394294281
0.00432174789499464 0.0186803158285716 0.137594687061382 0.460443120098036
-0.0144491853333288 0.00302884162150913 -0.187734113074225 0.295185755056893
-0.0160857729033559 -0.0103865791109835 0.00322746829898501 0.049427517409589
-0.00344641013397059 -0.00446028614059187 0.222445261471051 -0.242099694634325
-0.000686140794452748 0.0082056012722684 -0.0394910077679971 -0.516700263850216
0.00138613231034025 0.00399246011366047 -0.455576582895811 -0.219088991328475
-0.0156156041494899 -0.00628075939226339 -0.307166274969321 0.262065773780713
-0.0129225017152702 -0.00607567727306127 0.0413689281732292 0.291684419679065
-0.0148349831388707 0.000617675008668054 0.136672340397917 0.100162044784871
-0.00966664954620072 0.0136410858708211 0.0682907393495707 -0.0890481314623968
-0.0050972841691873 0.00620100414877494 -0.0541662491807909 0.0675125869844186
-0.0149535934431968 -0.00148163313969919 -0.0998893760543241 -0.0686661943245362
-0.00576870619073747 -0.0138361531223434 -0.064662509439299 -0.241665457024339
-0.00151633508117478 -0.0205926714773308 0.238023470227053 -0.222953008339505
0.0113400261811935 -0.0110419236003913 0.417529818562606 0.135655231962105
0.00339423135535954 0.0176712070154954 0.126804392728125 0.465588685885263
-0.0140967034326929 0.00162577193160208 -0.192816871570283 0.294953841582485
-0.0146758909209929 -0.0117778555828296 0.00250521507143685 0.0500160853919073
-0.00260919969871924 -0.00583717378286612 0.218849223982114 -0.24194047032596
-0.00136320634608855 0.00659678723402207 -0.0483279589460889 -0.5116319570348
-0.000460487243243924 0.00289852731610095 -0.459854967098199 -0.208345434478327
-0.0172868521820713 -0.00579287198569082 -0.303584481139821 0.269096817074087
-0.0122406468132172 -0.00613829449122969 0.0447926435131682 0.290535232763619
-0.0134003304725751 0.000380815748040263 0.138296198487028 0.0986508986796643
-0.00758419560791492 0.0147066099871864 0.0695130567646063 -0.0906292575861326
-0.00350108109576343 0.00656719997424183 -0.0527136203169105 0.0668862416803916
-0.0136322113238245 -0.000730315940270079 -0.0974523450773781 -0.07117001335709
-0.00482670211922097 -0.012422161940016 -0.0602819384552776 -0.243225394925678
-0.00189351561991565 -0.0197609637704432 0.241423141161637 -0.218007697509185
0.010408607656086 -0.0120881276389892 0.412140359839871 0.146054482004192
0.00244192262546445 0.014409798963658 0.116258108385348 0.471276297898254
-0.0130639999519608 -0.000441312489629449 -0.197712567907144 0.293379296323461
-0.0131559663016765 -0.0126322112684736 0.00267599502602889 0.0501872647328626
-0.00191758484683369 -0.00758007809554179 0.214748582741837 -0.24356739613838
-0.00187519644777629 0.00439739864140539 -0.0590678127120249 -0.507458302878417
-0.00245562799953196 0.00186478539281483 -0.463664365300864 -0.193717455114034
-0.0179881898181159 -0.00539343252195325 -0.298079523376176 0.275237960521673
-0.0116605158599492 -0.00533782546101662 0.0490664571890551 0.289184175705504
-0.0117615363527904 0.000976229197179681 0.140368237477622 0.095534043589194
-0.00505892138371326 0.0158852985990889 0.071485019049415 -0.0920078779947148
-0.00132095042763209 0.00697771215848748 -0.0495247712713176 0.0660593970930282
-0.0122618678172128 8.26527682267609E-05 -0.0953360122848703 -0.0728387409473447
-0.00431554450486702 -0.0111718918240525 -0.0569213835670069 -0.243588580355506
-0.00211652497880866 -0.0180214339066763 0.244630124344761 -0.211965364779586
0.00998417850872777 -0.0134610897089497 0.408593685568254 0.157230243976507
0.00227267199440792 0.0117872245830917 0.108327433214015 0.476091864298503
-0.0118181806288768 -0.00287045801876495 -0.200853425090948 0.292328396607546
-0.0120984938362849 -0.0143066816851211 0.00288683251450417 0.049925734760603
-0.0010257683818195 -0.00998865841775467 0.21193279963288 -0.245466835472469
-0.00264165123593483 0.00149300093395499 -0.0687471399905772 -0.505216144490656
-0.00432444759846434 0.000453609767544539 -0.468846722424708 -0.183364692177894
-0.0189155405231101 -0.00394560102034985 -0.294936995223509 0.281674367811323
-0.0115188859528905 -0.00270070196473919 0.0528594984707779 0.286589522175419
-0.0100776590594541 0.00257164871631773 0.141947969105563 0.0930703973327446
-0.00215465071222635 0.0166192196433628 0.0731942091674784 -0.0933908625133284
-0.00366639351477605 0.00404060880702242 -0.0561387646099566 0.0716819234494535
-0.0137958076761615 0.00628925513536856 -0.106756726699223 -0.066021089418165
-0.00553971448308105 -0.00230583375614905 -0.0718429992169162 -0.243796937717248
0.000714786404350798 -0.0129170966180122 0.237040268642365 -0.239083152542534
0.0143004586164948 -0.0145274727854491 0.428365212001988 0.112086641216055
0.00765821903306096 0.0127922859889668 0.146643931826487 0.454209915879581
-0.0128614324668117 0.00239981434448654 -0.182354637704791 0.293008097346088
-0.0171976379577721 -0.00898941059690088 0.00859932647157584 0.0442996758285743
-0.00311954248361554 -0.00524916517243694 0.224956778780142 -0.253321384199247
0.00171353857270242 0.00185527903994423 -0.0418430353058108 -0.530569899271701
0.0016935809295162 -0.000217127171680417 -0.458674245283127 -0.224751203530991
-0.0147009722111367 0.00162699050985892 -0.30644359153217 0.262348356660561
-0.0139205054424206 0.00635296177492498 0.0445884097311012 0.289585660762434
-0.0146964439304943 0.0100377595898273 0.136933488693618 0.0973993372712249
-0.00757515909388548 0.0147307282541202 0.0672075566361579 -0.0887580164970758
-0.00665830856252815 0.00461989769490787 -0.0573886035182048 0.0718191263536528
-0.015053816742655 0.00447518141025237 -0.107552948657676 -0.0650140343791034
-0.00608815172259018 -0.00545557161910028 -0.0735023190819301 -0.242368358779198
0.000479050266342981 -0.0153823168308017 0.233888521810119 -0.240623373853705
0.0139381591338043 -0.013455727573427 0.429107773380956 0.109140654962764
0.00736349092641773 0.0158771957823002 0.151580302211096 0.453970760811441
-0.0138520080454593 0.00383695558948996 -0.180849395001857 0.295129300785138
-0.0178709952602876 -0.00854053590305316 0.00697027598566621 0.0460207426225827
-0.00466062483095313 -0.00394353718839863 0.226759797341625 -0.250121611420954
0.00116642591393372 0.00505659688930099 -0.0372685221174969 -0.528627644994589
0.0026374257543709 0.00150300599678897 -0.456095666253776 -0.230647923189352
-0.014267711476684 -0.000753585390438 -0.308843308107863 0.259583371825791
-0.0141334442746721 0.00221366298070338 0.0418811152030806 0.292003918665123
-0.0159767305361152 0.00714017803220457 0.136065370285497 0.0995772250437856
-0.00911929820703232 0.014238381035087 0.0659443517365513 -0.0889725900439017
-0.00729602590185707 0.00455963759380664 -0.0579774428186678 0.0717292702538854
-0.01618156777938 0.00178362926912392 -0.107136403522336 -0.064486249998556
-0.00690709517948222 -0.0085185778822655 -0.074567539598762 -0.241557167034941
3.10116957343335E-06 -0.0171558759052712 0.23348090694824 -0.239177672474663
0.0139206735735817 -0.0123496334914543 0.430492100011617 0.109163155827851
0.00694968406732204 0.0180986975323158 0.1521611776362 0.454154066641375
-0.0144973994437753 0.004619088264191 -0.180423209802331 0.296577848010694
-0.0178080746237745 -0.00866266013944374 0.00546991504788436 0.0473923560405649
-0.00398937108740082 -0.00349220424542738 0.225911458105305 -0.248120562788451
0.000519655671889576 0.00715328408967933 -0.037171953829329 -0.529014455456571
0.00355522265857268 0.00307136489413252 -0.457278079776284 -0.229020053188445
-0.0143940563095466 -0.00320029375306471 -0.310428374409286 0.260159992931204
-0.0142146845880566 -0.00151759958526361 0.0415911882188078 0.293271628105727
-0.0164602432155395 0.00482677476443726 0.136769376737794 0.100964641908851
-0.0101737735265593 0.0135292401234915 0.0659166937772055 -0.0891161750783925
-0.00709248153707341 0.00502953506699905 -0.0577678498232825 0.0707846465539334
-0.0166810526360778 0.000413819693370146 -0.105988724403557 -0.0655280254697355
-0.00702229503613936 -0.011511601224993 -0.0733139250976638 -0.241251444804737
-0.00114934069133035 -0.0192255202850862 0.233791762572264 -0.237225219275086
0.0133924236470268 -0.0115152455643418 0.42993923641814 0.112932838487722
0.00619034226418795 0.019128368077146 0.147995543616737 0.458573940175007
-0.0151203078982717 0.00419943073686233 -0.183699648874636 0.298138049326575
-0.017367976421666 -0.00887084209681501 0.00417447217892664 0.0484263159697558
-0.00419726558992124 -0.00389354483487679 0.224207598467802 -0.246404475780027
-0.0003190037760067 0.00844323817586519 -0.03781769615169 -0.52576539174365
0.00273498593926689 0.0039706226851431 -0.459531661043566 -0.225376902985478
-0.014894543177144 -0.00500721990693006 -0.310427806383161 0.263042581706743
-0.0134552766350155 -0.00422266325244649 0.0421497828518385 0.294152663967394
-0.0161829151220672 0.00289294444334745 0.137432127252851 0.1015329812306
-0.0104201828635109 0.0141065428849691 0.0670107436984282 -0.0897158415598876
-0.00611501573557124 0.00546688561536713 -0.0567192918921755 0.0694528957810114
-0.0162438499426575 -0.000846636797763674 -0.10450534845082 -0.0666589431367547
-0.00641020540966286 -0.0132070256942153 -0.0713962648202239 -0.241304695953436
-0.00156519026479896 -0.0200726219758971 0.23577209364742 -0.232696171454716
0.0125120834070456 -0.0113711761854741 0.426144165348005 0.122925196374693
0.00495632419183068 0.0191302211351925 0.142631377261212 0.462783564651946
-0.014348346952393 0.00329054573988428 -0.186720006446303 0.298793622644828
-0.016324461872496 -0.0100824593502041 0.00361680283011277 0.0497395600872467
-0.00355987669670533 -0.00455545251574004 0.221449797472037 -0.245811242788385
-0.000795788328051899 0.00830296996593939 -0.0449419185045621 -0.521336694140272
0.0011080214662537 0.00400245307184363 -0.462389497455979 -0.216653189327644
-0.0157816605142041 -0.00637380313187084 -0.307924154246277 0.267685255060074
-0.0127404771539754 -0.00614190934436361 0.045164343044317 0.294319438027069
-0.0150078095960948 0.00125902127273643 0.13866511450327 0.0999832182078816
-0.00892091735259422 0.0141280758988831 0.0676289826548922 -0.0905008611181016
-0.00529920341834147 0.00612965028753695 -0.0547089891969103 0.0685989337490881
-0.0149382389879902 -0.000884378667171433 -0.102010369308391 -0.0690531343561447
-0.00613144849049474 -0.0133183168388416 -0.0684146679483597 -0.242957456462298
-0.00242042522059712 -0.0206962074486875 0.239080417012671 -0.22685246611129
0.0116650442695343 -0.0113585068099714 0.421581201139195 0.132917745718385
0.00351975562888906 0.0175949533830777 0.132308279160753 0.468583395396476
-0.0138925352883833 0.0016863117800066 -0.192082055799706 0.298829001580938
-0.0148367511995007 -0.0111719748150884 0.00307188620860492 0.0504295951120243
-0.00259928182759083 -0.00611767743359128 0.218316615677193 -0.245322686603183
-0.00152617577280255 0.00744724330568827 -0.0521014265874717 -0.516801121271244
-0.000432977960525411 0.00331756876638689 -0.464968496805095 -0.205009398700085
-0.0165530949637663 -0.00675472451924227 -0.304854289581032 0.274776100862094
-0.0124941769492031 -0.00636413161006598 0.0486035127119058 0.293319506849328
-0.0133834156869196 0.00119929240792085 0.141176644218354 0.0982340271873219
-0.0065656862445404 0.0151513761678635 0.0699786902382781 -0.0920806242038449
-0.0033206514957798 0.00685150365505569 -0.052835629383625 0.0681716021796901
-0.0133076053600077 -0.000411285458361083 -0.0993971988875981 -0.0711051467632263
-0.00497234098888652 -0.0132735995599407 -0.064025683517153 -0.243886322390396
-0.00219600340944458 -0.020097561147863 0.241533227923406 -0.221419728952509
0.0106403718953224 -0.0127534222714835 0.417342143718581 0.144877606123147
0.00285736802963041 0.0147159726827774 0.122171651924887 0.475754925606874
-0.0134159378949288 -0.000770421201282069 -0.196253459291159 0.298026696614046
-0.0136843148914436 -0.0124722852840863 0.00300923425127131 0.0506147092130768
-0.00196768442388966 -0.00782686987900903 0.213957371949191 -0.247575729666338
-0.00227438128424478 0.0045353080981245 -0.0638436178579092 -0.51105712135939
-0.00240817266963346 0.00220659774040591 -0.469215462266598 -0.1910751573733
-0.018085187418648 -0.00579312428877515 -0.298854089055308 0.281532827121229
-0.0119669975796849 -0.00521291197564917 0.0528893821499018 0.29186205602884
-0.012018585391288 0.00172509894563218 0.142896843139616 0.0949364823013764
-0.00441337103425575 0.0162820596577607 0.0710283299134553 -0.0934648998632809
-0.00124674670264707 0.00715618117589437 -0.0498080942251945 0.0668420386613454
-0.0117198771796351 0.000612350939428953 -0.0972296560957079 -0.0727928180942691
-0.0044126222568293 -0.0105850118008074 -0.0601433976924301 -0.245190106913319
-0.00256292011838122 -0.0186610808358299 0.245159775054661 -0.216672242716552
0.00932057326437755 -0.0138295720199953 0.415521881640509 0.155602474520882
0.00249645483684484 0.0115736956318326 0.112222341796602 0.480077772456802
-0.0118788256705692 -0.00235609172901208 -0.200497852416083 0.296468243803826
-0.0123480853562565 -0.0141890403749952 0.00331769899591852 0.0509627503029482
-0.00124525777359979 -0.0100168597648655 0.21124331505775 -0.249038042623834
-0.00249014291258047 0.00118957070324329 -0.0735487737053378 -0.508310867663352
-0.00432162389398914 0.000491633328063991 -0.474298529029711 -0.180716112494961
-0.0192262340424347 -0.00391292317466878 -0.29468144293869 0.287258037368923
-0.011249350248732 -0.00304074714856128 0.0565722311618279 0.289347499289392
-0.00974903685720313 0.00341071617623782 0.144564103553809 0.0921188022069106
-0.00201288168346646 0.0169814857814612 0.0730754494741261 -0.0945675727336568
-0.00527241767731635 0.00448132805123352 -0.0555813186766598 0.0727085878949664
-0.013902199710157 0.00666310082937993 -0.108475854329103 -0.0656120009324703
-0.00580191897782446 -0.00246217973214029 -0.0763103352801193 -0.244045842858253
0.00016873432111826 -0.0131386674875935 0.236258558000002 -0.242724860393883
0.0134983102234233 -0.015396075193108 0.433416235421631 0.110568098658024
0.00813915430167214 0.0125784344187577 0.152477837599826 0.458287575697398
-0.0129587267966484 0.00212138816592436 -0.180360468278129 0.297177868106327
-0.0173274583589147 -0.00877339029387312 0.00859597351643481 0.0446714870611808
-0.00339161607782129 -0.0051736632638407 0.223846985048065 -0.256998038061272
0.00184070622049718 0.00151253558169604 -0.0480527376808014 -0.534869012945345
0.00233739270009233 -0.000584721392310059 -0.465060105241636 -0.221801940825366
-0.0147735481471079 0.00125098239754252 -0.307049202558921 0.267798025524413
-0.0137915203797659 0.00633144737689398 0.0488044154722807 0.291765254566354
-0.0146068154924049 0.0100919856911549 0.139698129117713 0.097065675784663
-0.00707711934231774 0.0149266649764738 0.0666354343685589 -0.0909658405157575
-0.00669059806640338 0.00443843519297803 -0.0576447900917852 0.0730483956130676
-0.0152277986775758 0.00481557489502472 -0.109212209634864 -0.0638396070933891
-0.00639400002069741 -0.00526750581374363 -0.0780268721847988 -0.242388428351966
-0.000270729491642525 -0.0155560150501401 0.234050589580045 -0.244073963125135
0.0139471003033464 -0.0139356301065436 0.435796043946729 0.105904886958826
0.00797031093959517 0.0165246469800601 0.15680684131183 0.456645366531051
-0.0138052360062797 0.00417914680884469 -0.179013345655475 0.299270983192053
-0.0180287688709135 -0.0077809356810242 0.0075788049383663 0.0459178035565889
-0.0044681322461031 -0.00420171656121401 0.225103434888187 -0.253600664599726
0.00143505731385783 0.00430929603334814 -0.0437506737936433 -0.532323631199079
0.0032677736317919 0.00119515518179398 -0.463586473090247 -0.226929783348227
-0.0144313791387005 -0.00104171495113182 -0.309784671091164 0.266230888827564
-0.0143845553255909 0.0023761417009622 0.0457023963345501 0.294104318917682
-0.0152376312498819 0.00803360376143232 0.139184786629864 0.09964658784946
-0.00891079271512264 0.014827587316145 0.0661202012416456 -0.0901485363482713
-0.00713351404501026 0.00485382814591542 -0.0579972496778796 0.0724637463961782
-0.0163805632987629 0.00265505486577469 -0.109380914056404 -0.0640174534079956
-0.00665211778196564 -0.00912341164610113 -0.0789013477026876 -0.241984300767739
-0.000269912118684448 -0.0175901130706933 0.233052797449778 -0.243344923002204
0.0141220023651255 -0.0126850675755715 0.434774609827151 0.105341632257413
0.00711060655600552 0.0181110587785195 0.157420704798502 0.457020533853019
-0.0147529760429045 0.00476824081041827 -0.178890484250172 0.301392645294317
-0.018302078486276 -0.00807658446524033 0.00628155418676626 0.0471707639677804
-0.00505098554738065 -0.00323287886942584 0.224598673147434 -0.252551327719039
0.00054257682726667 0.0069372209304167 -0.0421662053839763 -0.531778586400184
0.00344759780263279 0.00309877363448606 -0.464116574356157 -0.225796203171406
-0.0147837069961684 -0.00303778465033663 -0.310714622226437 0.266330789037797
-0.0141795807638686 -0.00143480658100219 0.045303886349931 0.295096771658282
-0.0163027278888821 0.00541800005408014 0.139465272886182 0.10039170184357
-0.0099354231053323 0.014403045137393 0.0657064831022628 -0.0906107135934447
-0.00700946543039908 0.0053344206384647 -0.0575366237903168 0.0714766891548837
-0.0165293996075701 0.000766094123673378 -0.10838177845831 -0.0647506072206992
-0.00715395340937265 -0.0114835341492181 -0.077518765733842 -0.242033079736966
-0.00145353089332573 -0.0195221195503898 0.233840997116447 -0.241013837564944
0.013255937973625 -0.0118203949133283 0.434348251630257 0.110279535442461
0.00638921112425372 0.0190894233950942 0.154675237083414 0.461484702893276
-0.0148726694571689 0.0043465634841798 -0.181690089342246 0.302795481639793
-0.0175442643011612 -0.00858608412451117 0.00499040443583282 0.048739073819626
-0.00483581957542962 -0.00368223044313119 0.222895616148222 -0.250086115109324
-0.000120410386675636 0.00840177805178014 -0.0435312644153784 -0.528355220818971
0.00307520497416716 0.00370142817935586 -0.466552656300437 -0.220755649655293
-0.0154054638396527 -0.00512404296956889 -0.310879149428445 0.268534463351105
-0.013561423682592 -0.00470797242135033 0.0462229798835132 0.296518355889382
-0.0162349574535857 0.00304218064633367 0.140309166984623 0.100459585314181
-0.00977054827598712 0.0145044679680631 0.0663963406347548 -0.0907547725523673
-0.00673834266679859 0.00580462952228827 -0.0569398847258595 0.0708357051106604
-0.0162081507831925 -0.00044015563046335 -0.106495460411947 -0.0660512047783274
-0.00642408239865606 -0.013012320830983 -0.0748076348578508 -0.242312628670563
-0.00191616410921934 -0.0205234609166626 0.236135544629636 -0.237439344279689
0.0124512200764077 -0.0116096812922378 0.431980544670618 0.119273259643639
0.0052719931731362 0.0188746005213043 0.148547702191442 0.466666276237686
-0.0144263576108395 0.00387786603495546 -0.185209707993128 0.303323685412301
-0.0168709151882724 -0.00991961782459617 0.00363948239124393 0.0506130818595982
-0.00421214598211793 -0.00474580228840976 0.220528959799464 -0.250319795986454
-0.000716397894331653 0.0080979931236893 -0.0515113155844139 -0.524171981785779
0.0016256270067479 0.00422035116066861 -0.467574324900308 -0.213125725459061
-0.0161811053508256 -0.00566600028215505 -0.307560515131259 0.273925597118357
-0.0135152262267542 -0.00629273737803062 0.0483973098733979 0.295948421684474
-0.015367295557239 0.00179128715537677 0.142045344001484 0.099112174730781
-0.00839839987769671 0.0149433207104186 0.0679070716445457 -0.091989244980352
-0.00497454666884767 0.00667823434243065 -0.0547906281353443 0.0694486627152359
-0.0150865534024459 -0.000930010928114341 -0.104145861036983 -0.0678425092888977
-0.00593540455037505 -0.0138428458972451 -0.071376101626819 -0.24330241911272
-0.00244907597633289 -0.0207504676233676 0.238290114661861 -0.230885689246436
0.011048637865966 -0.0119320654212293 0.428281621189455 0.129548367531403
0.00411611693692546 0.0175912056258076 0.138204590374498 0.47255503102679
-0.0143697269341638 0.00177379271966388 -0.19103319252442 0.30303886217176
-0.0157136864692142 -0.0115309445967364 0.0032953308423918 0.0512728236740837
-0.00349657859956945 -0.00602443084444351 0.217785210045328 -0.250244037973597
-0.00128986876270473 0.00648185767454067 -0.0590945890369941 -0.520469903664883
6.10195795386088E-05 0.00270966020717073 -0.473071750641984 -0.201482569954202
-0.0172116424748885 -0.00634261243523414 -0.304248778451626 0.280759068002593
-0.0124535571207629 -0.00652778153862445 0.0523604693703988 0.295314063562148
-0.0136142198755355 0.00175305911443387 0.144303693990893 0.0973361288224001
-0.00657778521486057 0.0153817295777892 0.0694121049879935 -0.0929114159777609
-0.00313855563983773 0.00723872853714758 -0.0525647179683746 0.0687588460908519
-0.0137646883561899 -0.000468207523019742 -0.101746811980355 -0.0704167520977709
-0.00533609619254058 -0.0132044868985058 -0.067034968739433 -0.244457487347144
-0.00258185849643992 -0.019986189823375 0.241836661418867 -0.225699649023631
0.0104581528997857 -0.0128361926150789 0.423033066232556 0.142146621592995
0.00319627164309144 0.0148271133538304 0.129417178414369 0.477170725201696
-0.0129254456395754 -0.000234336301217299 -0.195027474734378 0.302406653389277
-0.0141075575388126 -0.0119261074469367 0.00321667600871047 0.0508397920149917
-0.00254605794823852 -0.00802570311693508 0.21350572686052 -0.251429185992644
-0.00246330096480235 0.00464641569453649 -0.0687329624415765 -0.514361613804781
-0.00174511963833769 0.00213990774180673 -0.476253355972388 -0.188889521471215
-0.0181768143411316 -0.00514520087892311 -0.299347016042713 0.28720132748809
-0.0122294125447989 -0.00532116641478054 0.0571394292792762 0.293917123991286
-0.0115722214881685 0.00226108977138329 0.146061987177695 0.0950518405541832
-0.00408016719924135 0.016145907845073 0.0713168798322313 -0.0945111345599241
-0.00122128183327989 0.00752893167170866 -0.0495629075565433 0.0679980383249039
-0.0116435052849198 0.000722426826913227 -0.100076633219777 -0.0722443467446232
-0.00419392546526443 -0.0108202576506108 -0.063877818965829 -0.245674004980851
-0.00255178371768018 -0.0183691354769101 0.245800349955352 -0.21998803446584
0.00963078005244881 -0.0140977615079652 0.419790273642487 0.152141047376452
0.00300008505190683 0.0118369151964571 0.118447888710981 0.481931963698556
-0.0125066139194851 -0.00226655646016329 -0.199156781670966 0.301242917537041
-0.013016387765324 -0.0134975871382718 0.00400998223498822 0.0506921959392395
-0.00140760416648126 -0.0100205288596191 0.210282084743749 -0.253884363902085
-0.00236391911467828 0.000859878220851184 -0.0795274367780254 -0.512368238607907
-0.00418985773763138 0.000263762903842495 -0.480455603519962 -0.177918485579923
-0.0191495632400234 -0.00329138817425855 -0.29387055908367 0.292275726895172
-0.0113833831290373 -0.00273556935166434 0.0609668629688493 0.291490133306343
-0.00980855453921504 0.00380349342635034 0.147654197914161 0.0913446135439379
-0.00131622584698585 0.0172631117955111 0.0727660147127536 -0.0961153743947175
-0.00541073664404646 0.00510622467252081 -0.0557199323613562 0.0741145589548985
-0.0135689370521491 0.00709796660720181 -0.11120255047181 -0.0647220027109639
-0.0056849629022708 -0.00227627736160954 -0.080155848658571 -0.243577543821671
0.000329413476197768 -0.0130347706036062 0.235538206575348 -0.247668488697909
0.0134803389810231 -0.0160635952036946 0.438658792053107 0.105931672878299
0.00841875714258221 0.0126188587292251 0.160128328143142 0.458786071167668
-0.0128235233451984 0.00271319573253398 -0.17815972254062 0.301705707548542
-0.017798735967408 -0.00802357139769885 0.0089774606482322 0.0446683228572607
-0.00421491303849218 -0.00547639506820295 0.222010678167039 -0.261134203895823
0.00191225377150889 0.00133185077494712 -0.0556264426418508 -0.538314103721125
0.00250799154429412 -0.00102322098194801 -0.471249824710877 -0.217011917870597
-0.0148879651250548 0.0018624464902764 -0.305725742299994 0.274328623126375
-0.014500848242458 0.00664490641781533 0.0531013255390646 0.293673199095783
-0.0144717717606546 0.0108669419959829 0.142456325578881 0.0960859955558806
-0.00681655205377062 0.0155286697415576 0.066354528309501 -0.0920430723258058
-0.00645359182331824 0.00435489706936532 -0.0574178050235926 0.0741810940636493
-0.0151044381733663 0.00507248706893131 -0.111408945795586 -0.0633249898070441
-0.00679828330349101 -0.00560085339906932 -0.0819656292310099 -0.241720425724528
-0.00022993194336977 -0.0153723875941329 0.233280059663548 -0.249519887525314
0.013812923993382 -0.0141821999952896 0.439920416417552 0.100491563749656
0.00831559343107006 0.015961194384052 0.163297398217056 0.456820885687529
-0.0142579154077036 0.00427412735706765 -0.176447773514808 0.303566649461289
-0.018442029232214 -0.00768946720249878 0.00767634151765794 0.0459811896340029
-0.004890655555186 -0.00396333834166777 0.223182911587307 -0.258119744036159
0.00151159468448975 0.00426903174071612 -0.0507816402733873 -0.537751163973923
0.00327012392380529 0.00144112447039656 -0.4710837503517 -0.22231251821139
-0.0143028226981464 -0.000678628171734192 -0.308367907825446 0.272267937582819
-0.0145690071998771 0.0024133616321966 0.0502631102243479 0.295826952137694
-0.0155974455767636 0.00835076696206723 0.142191362178129 0.098297297575686
-0.00840859586094336 0.0149125359858329 0.066244898848878 -0.0914030190961876
-0.00707218002501641 0.00489567781593545 -0.0578338822719954 0.0736434781700315
-0.016432476819006 0.00291821908356043 -0.111783196200826 -0.0634774617778208
-0.00689618542264735 -0.00895390562898485 -0.0831260995604822 -0.241347342802184
-0.00131524646066151 -0.0179570693934493 0.232205688918195 -0.247917614925672
0.0140255635750298 -0.0128771398803329 0.440200636724324 0.0999053732236851
0.00806854015307903 0.0184547406020373 0.165216283589381 0.45793150611842
-0.0149857817132179 0.00506626188805059 -0.176740234359943 0.30552255812393
-0.0189129951971696 -0.00757454033962717 0.00668425854979041 0.0474041721363141
-0.00483135437369389 -0.00345873537928673 0.222447684048597 -0.256084961739014
0.00088648960948221 0.00690417344942597 -0.0483295888160355 -0.536216108738712
0.00383005267233086 0.00294536395619579 -0.469689830589451 -0.222570161002616
-0.0148385962907208 -0.00268186241292858 -0.310119922246514 0.272780653624034
-0.0144592385396609 -0.00144925342419922 0.0498088076075844 0.297596666530342
-0.0164294092753071 0.0059176922303258 0.142309097975522 0.0990469623657029
-0.00950858275229481 0.0147183744469119 0.0662212171672336 -0.0917406620778718
-0.00705488386826222 0.00537441722051119 -0.0575816620438858 0.0730617569192799
-0.0164694355216547 0.00109505964625085 -0.110592156998876 -0.0635336475272834
-0.00704864125211379 -0.0118683565517133 -0.0811217194807038 -0.241369158561209
-0.00161605096538481 -0.0197263074405602 0.232883392962075 -0.245713721561203
0.0130216902149231 -0.0121518818932236 0.439386603743972 0.106338748705986
0.00690069476722966 0.0192648821810237 0.161327461138813 0.462800572435178
-0.0151067639631392 0.00472616159857902 -0.179122551206275 0.307263681184185
-0.0179670159929739 -0.00823980823566329 0.00492114746801292 0.0493610145084185
-0.00498537035755532 -0.00368616349515579 0.221482925599649 -0.253918095902615
0.000174139714466821 0.00854211034906501 -0.0515137262008304 -0.532455077620612
0.00324128840681158 0.0040171610673076 -0.472136273643447 -0.219147432580974
-0.0154578260272549 -0.0049772064197329 -0.310541210740159 0.275306550230974
-0.0138029263336402 -0.00407117787012816 0.0510488978120896 0.298007956855435
-0.0160358306804966 0.00380478179703548 0.142992528769147 0.099465622396618
-0.00945124996350009 0.0149052746531749 0.0666828372118457 -0.092197055969474
-0.00643248315306115 0.00630413341657843 -0.0566487012495012 0.0719711661329997
-0.0160942973675924 0.000311186596946251 -0.108932292058029 -0.065088380261494
-0.00684044753165973 -0.0131270254778657 -0.0792242036105251 -0.242348222466009
-0.00271777604565256 -0.0206167643866774 0.2351245419206 -0.24138861930549
0.0124717689613925 -0.0118738522648852 0.434657686562498 0.114878286791684
0.00557537785904217 0.0190776142923345 0.154489182398411 0.467384917962999
-0.0148914090168507 0.00394737643626112 -0.182935751824498 0.307572387242339
-0.0169873947874593 -0.00905913220028893 0.00428530363186772 0.0503123791943285
-0.00449180067394654 -0.00479911894292452 0.218729103125491 -0.253961041536443
-0.000792699170885654 0.00830111012210994 -0.0580424240563423 -0.529377704701918
0.00195383962878753 0.00396218471153495 -0.474604376890354 -0.208175652436135
-0.016350522463748 -0.0054511676259175 -0.306714615986982 0.280386653040312
-0.0132131100056018 -0.00636693008555655 0.0528509389161236 0.298058126453783
-0.0151560544605627 0.00223017819808219 0.144550375008178 0.0986051066376861
-0.00779382579021175 0.0153876549369708 0.0675475798671283 -0.0936102068549918
-0.00490612939092087 0.00670731006282806 -0.0546031735758236 0.0708055497977685
-0.0152037567963738 -0.000557768639241947 -0.106490382227063 -0.0669910270439658
-0.00618588125452776 -0.0138702982920136 -0.0758619170659067 -0.243247424485827
-0.00270779051824527 -0.0212887606569069 0.237829006895035 -0.235063420356085
0.0116918952777037 -0.0123145061690646 0.432207375609285 0.125409801177566
0.0041935469682745 0.0174342706826394 0.144495609951247 0.473802535525905
-0.0138673849697215 0.00169109309127579 -0.188103020118072 0.30719917083376
-0.0155273190436606 -0.0100486262216197 0.00407849711375529 0.0510635957685182
-0.00380526365724075 -0.00599307627572628 0.215853696193918 -0.253560127978952
-0.00158762158292551 0.00670023973848822 -0.0665021347610149 -0.523272769995196
0.000173180206169046 0.00332451782393508 -0.478903136628848 -0.197925586408009
-0.0177423769217815 -0.00580035132853635 -0.302770375634135 0.2876008562126
-0.0127906022261779 -0.00699096137892274 0.056237863571593 0.296941519162837
-0.0138422325746282 0.00206959518143923 0.146582303962207 0.0965981223270952
-0.0055978522219679 0.0162796896522888 0.069237879107394 -0.0951471084800982
-0.00297493976793108 0.00712770953715287 -0.0523333046756072 0.0698286029987519
-0.0138550907157159 8.02937151411281E-05 -0.10412338114092 -0.0692303241311336
-0.00519962447251117 -0.0128112567975898 -0.0715130148791196 -0.244044662136271
-0.00311001687833042 -0.0198800567283057 0.241085945791171 -0.22972341465005
0.0106723847644493 -0.0131981097209786 0.428663461075662 0.137974729895705
0.00391818600305385 0.014977601237189 0.135212797945055 0.478780712746816
-0.0135540430590526 0.000257131016775755 -0.192995608005351 0.307008509652804
-0.0140132534888109 -0.011636986324314 0.00409259932822203 0.0511971277441479
-0.00327465939730911 -0.00790815972115874 0.211672797202752 -0.254720117750616
-0.00216615865333712 0.00422251834948011 -0.0780137508929494 -0.518047369282307
-0.00208220982261364 0.00229969834355964 -0.482362687239117 -0.183746595264476
-0.0183061717475184 -0.00516869748688476 -0.297845123018745 0.294144977108113
-0.0123400500043982 -0.00570760372724756 0.0612270470228773 0.295174109460984
-0.0123980420447262 0.00314601760839793 0.148457183789238 0.0931125413030379
-0.0032755258934402 0.0172723820942185 0.0713008270000273 -0.096185931796925
-0.000800477199545545 0.00734184926240206 -0.0496379479744911 0.069013421873576
-0.0118041102307766 0.00131688902212016 -0.101912090947227 -0.0713825084117972
-0.00439434021838591 -0.0108056756785592 -0.0676116375018064 -0.246030745674961
-0.00296751460359634 -0.0188838516394066 0.245729806690697 -0.225227773650899
0.0092377816320032 -0.0141878268794506 0.425314063735978 0.148301184523639
0.003224769206646 0.0114138415015518 0.125672149817674 0.484893877993665
-0.0119309414087165 -0.00232413915173431 -0.197262562793209 0.304715504604051
-0.0129007972392397 -0.0132428728622662 0.0045178367267246 0.0511598541151039
-0.00230835635685581 -0.0102873054789249 0.207791191888526 -0.257309594025662
-0.00295449575896907 0.000789372548997054 -0.0862441414109788 -0.514899485316014
-0.003933456945934 0.000440809156100879 -0.487364134500124 -0.17289712655492
-0.0196400384249045 -0.00315004832170482 -0.292750162115414 0.299805845438249
-0.0118298435782715 -0.00277344944740263 0.0648614736424339 0.29354852917535
-0.0100893979040472 0.0043297392094158 0.150694729145967 0.0906333376683301
-0.000836456076106881 0.0181633527447038 0.0727492511403584 -0.0976893384311312
-0.00489873774610979 0.00518422257543943 -0.0555506554192948 0.0750208459507909
-0.0136158335455433 0.00779496378315155 -0.112965128233672 -0.0636290775473189
-0.00543388556570928 -0.00197139136849572 -0.0839396269207764 -0.242807100742076
-0.000163679999120337 -0.0132952723926812 0.235323203120058 -0.252404636796126
0.0131961791325218 -0.0162114613509883 0.442219495024643 0.101536454638916
0.00881891664948694 0.0123563703384663 0.166240723954464 0.460698043272129
-0.0131544793044399 0.00271470573539369 -0.17569674125125 0.305305149597296
-0.0182236714204266 -0.00760030390619878 0.00969340713480133 0.0451142389216062
-0.0045224986084557 -0.00529421486077237 0.219938182893228 -0.265526212424822
0.00198609244801479 0.000967814824393391 -0.0627374079370488 -0.540434999229375
0.00260283299486826 -0.000252685413346269 -0.478087374185867 -0.213397569796503
-0.0148845650809017 0.00224666048839549 -0.303468040134619 0.28094216987272
-0.0147539145807666 0.00672174068128467 0.0572264697992938 0.295232537693778
-0.0140485476929685 0.0113032901454888 0.1447058948926 0.0951497196097897
-0.00588826673846484 0.0158938328859464 0.0660614831468931 -0.0933241705294853
-0.00620512833962308 0.00532535723398513 -0.0566347979817029 0.0748873310438416
-0.0151582810383885 0.00553549090898128 -0.113519855618157 -0.0621328791491047
-0.00640881515787313 -0.00550250875392631 -0.0858497473382905 -0.24221767239383
-0.000479678203181985 -0.0155057971361881 0.231860358071805 -0.253578771950816
0.014216288798428 -0.0147297641025772 0.443563968520177 0.0963118313557155
0.0089330598059733 0.0157755706821186 0.170052444108119 0.459125709305524
-0.014573773413207 0.00477025384349012 -0.174173466889806 0.307126249198476
-0.0187548871183948 -0.00715437817744022 0.0086526812602633 0.0464952087996825
-0.00544083508692913 -0.00358194823909533 0.221814503889241 -0.261970575255327
0.0011967514376202 0.00436808003043647 -0.0572875392810143 -0.540182784377532
0.00391827409121581 0.00147276536399288 -0.47622485633261 -0.21843395188821
-0.0151692245312476 -0.000211851132301299 -0.307281411088333 0.279028314740979
-0.0145116710680244 0.00271730308920253 0.0546173741611189 0.296928774436446
-0.0156349724797013 0.00908941334434531 0.144693629509662 0.0970887056959932
-0.00780173393566028 0.0151003941336024 0.0652746767575985 -0.0934304993667813
-0.00713427787533303 0.00527785003763345 -0.05730547657003 0.0745652311687895
-0.0161985568822451 0.00351124916357798 -0.113982080802484 -0.0614056284870964
-0.00696282593901429 -0.0090253232567893 -0.0867090236043491 -0.241672226060928
-0.00134234355577362 -0.0176727535894736 0.231207155988648 -0.252370870708359
0.0138026907959187 -0.0134199955306501 0.443748397482875 0.0956800860090452
0.00828544829408119 0.0178072441863832 0.171149294849245 0.458888776059353
-0.0145367649475952 0.00534047618124826 -0.174516763235319 0.309643998285865
-0.0186762219893833 -0.00728533966294592 0.00747144273034416 0.0477619624553373
-0.00571735376380051 -0.00348660555750333 0.220600429540363 -0.259943465096642
0.000649636327260438 0.00714430240577844 -0.05708559335262 -0.538690474156329
0.00378827584467058 0.00280662123171277 -0.477778350198661 -0.219262064074181
-0.0151464629663248 -0.00283098031573135 -0.308444901434181 0.278097449536473
-0.0146448293474202 -0.00126232181856315 0.0544204712844899 0.298723573738877
-0.0161131387032083 0.00639497989745813 0.145022859512268 0.0982289800017437
-0.00886848547679303 0.0149909747125543 0.0656622713704287 -0.0932226660228995
-0.0067570130461311 0.00551086722228205 -0.057238095789184 0.0741446718660013
-0.0168555043685898 0.00175667127383939 -0.112953330427783 -0.0625708469771631
-0.00729397199165886 -0.0113586508685843 -0.0853081560801454 -0.241527419343987
-0.00221591586460835 -0.0198399166565648 0.232155297877998 -0.250082701209981
0.0130404720158248 -0.0126804133396925 0.442442850785254 0.10092818713991
0.0072212478907783 0.019072789952953 0.16823222127355 0.463746818003918
-0.0150197231293404 0.00507929813609321 -0.176334793627198 0.311438847484577
-0.0182801814549952 -0.00766612990538621 0.00541865019714355 0.0492397707227566
-0.00556166200075423 -0.00362002534860879 0.219002402862788 -0.258560391950952
0.000153578397499254 0.00808171079424309 -0.0576473775530299 -0.536760605391313
0.00336136632154039 0.00420264818555078 -0.478035714400987 -0.214157873444444
-0.0152884964479983 -0.00447516655301172 -0.30840388366385 0.281194945704312
-0.0142200808116657 -0.00435854653310929 0.0552568310578358 0.300131462821658
-0.0158426145252893 0.00446450319942537 0.145915695612091 0.0984776582326743
-0.00844554149240217 0.0152849480923296 0.065721003950582 -0.0937732427629515
-0.00609289224635371 0.00634822231785815 -0.0561507227928381 0.0722787746336879
-0.0164141825299545 0.000780713837913768 -0.11117163047121 -0.0645272462947958
-0.00738858636598788 -0.0132680217190283 -0.0830170018716675 -0.24205077758528
-0.00283849313085824 -0.020834855552547 0.233926495219015 -0.245831414448794
0.0124103266870361 -0.0120425317964561 0.439976009526519 0.109722504262742
0.00611972172134734 0.0191020635914164 0.162110795437033 0.468683372523495
-0.0150737609880062 0.00423664403430138 -0.180137153652403 0.31171851976653
-0.0171536885124494 -0.00844553158241497 0.00513479636375936 0.0507849201863165
-0.00526631090800091 -0.00474076212289756 0.216228131778944 -0.258370182363787
-0.000530840513988813 0.00789534269536424 -0.0648981838891003 -0.531564252046332
0.00188157168428554 0.00385674157509408 -0.480468919159914 -0.20458700381796
-0.0162980950969148 -0.00567126272071638 -0.305400121738127 0.28675056508748
-0.0136667002739407 -0.00630723913767529 0.0578917477007471 0.299474965870982
-0.0150298498701415 0.00283743609842753 0.147175045474758 0.0976380668236921
-0.00712257339016701 0.0155261282855654 0.0670973861243919 -0.0948377771217836
-0.00464219481589922 0.00700441881294763 -0.0541528480412401 0.0715525788592323
-0.014938067664637 0.000363122850024018 -0.108809129453444 -0.0660440035605632
-0.00684349509328281 -0.013757610625165 -0.0792089129515838 -0.242924742234924
-0.00285284938858836 -0.0207796008236384 0.237250242715477 -0.240105432198809
0.0110394319269381 -0.0123674889758281 0.435838584168454 0.121715391498463
0.00504210358297765 0.0174636224183469 0.152247036966366 0.474636620353308
-0.014435455922726 0.0022046245454612 -0.185405498867521 0.311513978449408
-0.0159861503498437 -0.0100001074925094 0.00423435259132035 0.0516357853542237
-0.00410181564647989 -0.00581526154815381 0.213192609773438 -0.258575669797649
-0.00175436510111226 0.00682997869906661 -0.0715750405911738 -0.526334387016627
0.000350669207394089 0.00386947243273128 -0.484856404359374 -0.19127751778143
-0.0175246965573856 -0.00583182737687734 -0.301648633807394 0.293727612967721
-0.0133890786317865 -0.00660713327648967 0.0614656295161928 0.298533110314311
-0.0139125731733093 0.00269000143705733 0.149317000389846 0.095446641029686
-0.00538204687430923 0.0159101359471202 0.0687200099372798 -0.0959554564639956
-0.00283281756058286 0.00737298245259089 -0.0518844404400353 0.0706116262667667
-0.0136749847889189 0.000468892426007664 -0.106520934570739 -0.0684306297243981
-0.00539082034462558 -0.0129680505707121 -0.0751044157215211 -0.243859577001666
-0.00362462898097874 -0.020354217306825 0.240030990303299 -0.234426541786611
0.0102761337926836 -0.0131697190072735 0.432775650771528 0.133883338588952
0.00402226664906771 0.0148075889404439 0.141482880351585 0.481018504704126
-0.0136742149889447 0.000509836031034253 -0.190560176506818 0.31094104271973
-0.0145055904822698 -0.0112348662793986 0.00501628021684303 0.0516974539330617
-0.00326789623520826 -0.00809913916085095 0.209520634222977 -0.25917275993286
-0.00212219432646095 0.00434838956696511 -0.083540754614612 -0.521274243193228
-0.0016449758226026 0.00209212827521562 -0.489622222960059 -0.179548766043626
-0.0187591593467043 -0.00478935300509775 -0.295349330496377 0.299817212461599
-0.0126663509078531 -0.00518785044458553 0.0659994128754934 0.297318672492761
-0.0117088185624947 0.0028876738276694 0.150652698353765 0.0918595157571093
-0.00261801287138075 0.0172885814549834 0.0702851246437429 -0.0979810561570186
-0.000723009501248401 0.00732128762847866 -0.0494384639958398 0.0699411138483645
-0.011926292461362 0.00178715053142886 -0.104495249462336 -0.0704044702773097
-0.00453841211294541 -0.0109237319219851 -0.0713089405994594 -0.245464767121494
-0.00326177652396015 -0.0190539578129652 0.244547128731895 -0.228818573116548
0.00914548133963044 -0.0147637078013642 0.432103585128962 0.144982265873335
0.00342957225913869 0.0114784711417107 0.132642066396952 0.486857429968128
-0.0126795912572846 -0.00233779502824981 -0.194412056100045 0.309332354361574
-0.013526396813609 -0.0128646168574012 0.0050708004012889 0.0511062417694786
-0.00290716845439849 -0.00991100557199632 0.20566829995092 -0.261121998864703
-0.00288853137757064 0.0006903032503597 -0.0935672435514012 -0.517627292627885
-0.0037960921541411 0.000371824033983437 -0.493672805719522 -0.167292523510549
-0.0196480306302246 -0.0031971650215044 -0.291572840208524 0.305565177294891
-0.0118870012104694 -0.00257788995689769 0.0692955409733559 0.294396059868396
-0.00981090206754404 0.00555192807814566 0.152844769320567 0.0886399109691094
8.02910643406748E-05 0.0184431997953246 0.0722345485760068 -0.0995769514166745
-0.00630788207654843 0.00356043335983335 -0.0544738450035002 0.0758772983315105
-0.0123173445367444 0.00889521685983491 -0.114662298636608 -0.0621641219776514
-0.00585198660742484 -0.00216799367760846 -0.0883859667381935 -0.241836165578289
-0.00050258375282272 -0.0135487877163297 0.232539641965074 -0.256448203067169
0.0131087412164722 -0.0168175595089405 0.447484772694072 0.0965466689063094
0.00926142245698333 0.0124111606448405 0.173719403264024 0.459094064300403
-0.0131906903551522 0.00327010989215843 -0.17283920244143 0.308612931356286
-0.0181859569270905 -0.00741505669689311 0.0101254188640198 0.0448147067110909
-0.00514374746610747 -0.00523448417960867 0.216992425847157 -0.269531024630601
0.00144256808463427 0.000764833508486905 -0.070425732270016 -0.542192173506005
0.00302253644429288 -0.00053024391069376 -0.483068083225655 -0.206580768182844
-0.0152899151538336 0.0023755986276138 -0.301861942794145 0.287584948171011
-0.0146346077547111 0.00701504842585553 0.0623718993861566 0.295251710287314
-0.0139362120606363 0.0125919204041854 0.147567420094191 0.0929881176901349
-0.00545206396472336 0.0162725599466902 0.065302968306626 -0.0948523344359667
-0.00621396023805664 0.00536824258052478 -0.0560372961460047 0.0760622306580479
-0.0148452417150657 0.00560346665504056 -0.116150944488377 -0.0601660177578492
-0.00669453830696152 -0.00551841040869785 -0.0898884078821997 -0.24122241257496
-0.00115230042891738 -0.0157067184517008 0.229227642754646 -0.257445390207953
0.0138128080032478 -0.014728049804001 0.448118922563595 0.0910968196217435
0.00894115307563038 0.0158818981204284 0.17707070811322 0.458395333536166
-0.0139820772072441 0.00513396777015694 -0.170041586137237 0.310696167770612
-0.0189369665532192 -0.00628021363902891 0.00864588602128366 0.0464011918292534
-0.00569535867327688 -0.00398087005405508 0.218257809048481 -0.266091447932618
0.00152432490047846 0.00447670589495574 -0.0642768118314661 -0.542087647963523
0.00398693015098869 0.00106975993339701 -0.482559344449785 -0.212850286142254
-0.0148180598832483 -0.000461141438089807 -0.304882938852726 0.284751889572997
-0.0151514551781916 0.0025975269360085 0.0599420921435259 0.297501294674757
-0.0154843206424099 0.00979188558348385 0.147001180578092 0.095572297452532
-0.00726195540763126 0.0158249759457661 0.0646685371446374 -0.0944129122534791
-0.0067714374231614 0.0054059550765087 -0.0574220507198486 0.0754268786656093
-0.0160910284327273 0.00399465208493809 -0.115589538831826 -0.0601663414276555
-0.00710655391668237 -0.00886091610702728 -0.0906915423049439 -0.240066896834946
-0.00202696504558907 -0.0176910764239676 0.228406239437228 -0.256635151045788
0.0138894761096466 -0.0136184819788409 0.449192822857423 0.0904016474966254
0.00906510768264908 0.0180134603221975 0.178328774699176 0.459880316607488
-0.0145408975176905 0.00520870776435229 -0.170514921509061 0.312406026364904
-0.0192464808483503 -0.00628455501193347 0.0079040549216435 0.0479938199970645
-0.00604794005184272 -0.00361716868705404 0.217611361277253 -0.264115903516643
0.000994361643658823 0.00674582584751946 -0.063384834674961 -0.541259324764486
0.00406939673924512 0.00292523849188185 -0.483905528735212 -0.212465962520056
-0.0147765017933025 -0.00275901864394307 -0.305967075216543 0.285189203639877
-0.014896658257825 -0.00121363635343076 0.0594537706149643 0.299089331373135
-0.0160947745397719 0.00722306092817957 0.147733410132216 0.0962410959754623
-0.00803431571846795 0.0152826745327869 0.0644297455085925 -0.0944592379268776
-0.00681380632941975 0.00607056698708492 -0.0567769316987541 0.0746096861409986
-0.016550691477156 0.00217017198326791 -0.115248368327955 -0.0609797437983482
-0.00730815886240121 -0.0114347840359095 -0.0898968266778713 -0.240508919846773
-0.00264315607722896 -0.0196193631837731 0.229987922535283 -0.254317477791867
0.013061210287368 -0.0127133758264633 0.446550139964675 0.0963776875934693
0.0082324264048277 0.0190409211414681 0.175556023208687 0.463186209371886
-0.0150576598611767 0.00539219510149414 -0.173186583534775 0.314792873337237
-0.01871565212686 -0.0065612495114965 0.00692498920552982 0.0497169807217037
-0.00615717939841392 -0.00345465120765364 0.216489559371008 -0.261557935967676
0.000147491519938862 0.00811879840920285 -0.0650990607355783 -0.536512157944312
0.00348067602319256 0.00385990497506363 -0.485558388404666 -0.207460227305239
-0.0155229506027432 -0.00400936734228365 -0.306388717677823 0.287999475819665
-0.0142784760323031 -0.00438345492164344 0.0595667384066584 0.300210726496919
-0.0160099383777393 0.00493446803011502 0.148536008558436 0.0966758968742971
-0.00821720254913652 0.0155825730065261 0.0652766369284942 -0.0949933523297343
-0.00584944551394448 0.00685247101944567 -0.0554643731779082 0.0734099187918913
-0.016179001684531 0.00103838438571907 -0.11301357786941 -0.062691758866262
-0.00719897500271367 -0.0132683651176992 -0.0872986536953721 -0.241016932561437
-0.00328919478286392 -0.0210873271291948 0.231627343918052 -0.250123851349187
0.0120929668814177 -0.0124101970336527 0.444868551570792 0.104368944269673
0.0066443894973883 0.0188193034329483 0.169989690349119 0.468803674016998
-0.0150172994132053 0.00430907304539446 -0.176138656990121 0.315271857228387
-0.0174365538582849 -0.00786917715281211 0.00590059366788745 0.0508716354093031
-0.00585097712534957 -0.00440369984005379 0.213276183958039 -0.262470116351138
-0.000751218060038203 0.00782386166433332 -0.0731649514067071 -0.532413366229165
0.0026231537159269 0.00373625984350967 -0.487253906658849 -0.199357117522516
-0.0167586397128331 -0.00588910185776459 -0.302531135294616 0.293471511682926
-0.0144790161998004 -0.00643307236933073 0.0627596365024677 0.300425995983167
-0.0149346585312279 0.00370826187190289 0.150036913873162 0.0955280793012578
-0.00642297595847987 0.0160617786484922 0.0662366875454772 -0.0961995032837106
-0.00463883345294739 0.00723595638481392 -0.0540666957997396 0.0722343740107349
-0.0150923824073323 0.000278024996468385 -0.110987794398945 -0.0647323559144361
-0.00644431506302779 -0.0134820664286115 -0.0837788264947705 -0.242019562951578
-0.00361625325168956 -0.0211571385665121 0.235299430623593 -0.244163645681508
0.0110290660868985 -0.012851724501966 0.44028303260295 0.114674849279165
0.00551236443380612 0.0172875253072335 0.159108795122712 0.474605310811329
-0.0146558268039767 0.00228067184625029 -0.182531794480334 0.315035051209714
-0.0162277971807272 -0.00949430139329847 0.00501146601997595 0.0517815139806234
-0.0050408111491169 -0.00606841778130024 0.210383987702013 -0.26118372518446
-0.00130067728444452 0.0064094572322659 -0.0809230447737398 -0.527527518755991
0.000702434404455843 0.00310532694847409 -0.490585650762211 -0.186662504473776
-0.0173601336535082 -0.00581374943805304 -0.298071283565157 0.299071662881807
-0.0131808844261269 -0.00629057228793752 0.0663347107463768 0.298976075194826
-0.0131136243410334 0.00346569107653848 0.151880148542103 0.0930428842044857
-0.00473196310923985 0.0165602791690856 0.0675771994259332 -0.0977879964196036
-0.00251899599602494 0.00768573473153226 -0.051416644444242 0.0713721568693451
-0.013324166746519 0.00138784867352001 -0.108449470946979 -0.0672818873683627
-0.00553022108001752 -0.0128284751324663 -0.0796338273388912 -0.243118888757215
-0.00383283991969832 -0.0204102492681965 0.238735862383072 -0.238654215367333
0.00982797086634357 -0.013691066730238 0.437782949962706 0.128745363054046
0.00484446875835376 0.0147092080004853 0.148938744842016 0.480992452438387
-0.0136537408292629 0.000198994844265681 -0.186278064554396 0.314296533497419
-0.0147495639250207 -0.011170259847003 0.00555174830202807 0.0515030909529298
-0.00426839632911836 -0.00793241071440049 0.205616735673183 -0.26304078872104
-0.00252101398487972 0.00373715416316171 -0.0927273085437626 -0.522483009303453
-0.00157879324496967 0.00213835392221246 -0.493817675907676 -0.173030547849135
-0.0188833931802195 -0.00458426962621127 -0.292975865933875 0.305720080717729
-0.0130435340911429 -0.00535945318239813 0.0707767171469539 0.297342122238392
-0.0115899728423273 0.00368786397727261 0.153568581743558 0.0903692109971728
-0.00177148023948234 0.0178602822030062 0.069533227535611 -0.0992299325880622
-0.000909986606637756 0.00794906494988704 -0.0484589179141991 0.0705444955542621
-0.0115692610164491 0.00201815036941217 -0.106766155523091 -0.0692639107887273
-0.00439369486844424 -0.011027046835034 -0.0755039615743186 -0.244603388834305
-0.00389374671964363 -0.0189376204379441 0.242815983527241 -0.233759619051497
0.00897270892180665 -0.0145641470943611 0.434130876441102 0.137903488372958
0.00408919657422205 0.0115949868676218 0.141258441328151 0.487026577598481
-0.0125330489242502 -0.00212155677366457 -0.190899663715584 0.313243676135762
-0.0136871415706117 -0.0120969415370813 0.00553398376785331 0.0512842747149492
-0.00324254082956929 -0.00962581390036787 0.202691468786465 -0.264886855324723
-0.00293044422781295 0.000485619525802708 -0.102035463053451 -0.51778166027778
-0.00388087648214838 0.000342250797491353 -0.496525420820888 -0.161387282777514
-0.0195314984689399 -0.00284513872627817 -0.287720535584314 0.311849521500618
-0.0123012433703994 -0.00244553590699169 0.0746184833277048 0.294601905930173
-0.00970532285061691 0.00582438106175199 0.155772524409122 0.087018327183571
0.000492455579119689 0.0185809953614604 0.0710753494416564 -0.101072709270706
-0.00454924033445908 0.0056167438201149 -0.0541111454976032 0.0767324087826491
-0.012920862152187 0.00852202451362942 -0.116736746733229 -0.0597905200032545
-0.00559156503600206 -0.00210546367490665 -0.092241828322644 -0.240182027102872
-0.0009843079935747 -0.0134721606285995 0.229521874421657 -0.26060026081771
0.0133622983034575 -0.0163962784489278 0.449075976041123 0.0876634482444881
0.00968384386552503 0.0121228130674486 0.182092586579175 0.45785532674254
-0.0130002192333614 0.00377756098430546 -0.168482873451355 0.311791634462258
-0.0182845510434087 -0.00686234213025987 0.0107733800670863 0.0451552336563507
-0.00536718837528396 -0.0051358097155526 0.212545268824473 -0.272750910368134
0.00173288618541641 0.000494504506962831 -0.0786412507733233 -0.542728002131912
0.00308394233466851 -0.00082351762477589 -0.48866231814137 -0.200898089931535
-0.0149629672407726 0.00239609539271786 -0.298258260601366 0.292666976661155
-0.0145394230211904 0.00714651985087134 0.0671215383559393 0.295945128249044
-0.0135014588384359 0.0129837747533037 0.149810702418392 0.0913614134001755
-0.00474575061016569 0.0164724457792696 0.0643763790804545 -0.0960843174516462
-0.00592911795663092 0.00565141718011561 -0.0554906880512365 0.0767512306768615
-0.014494737099511 0.00612472056445075 -0.117733650519317 -0.0586266304301005
-0.0062254878958421 -0.00506184115192399 -0.0940960104266473 -0.238929513603521
-0.00155189683815409 -0.0155811381795375 0.227055586752093 -0.261667719264717
0.0133977900463117 -0.0155198889099166 0.451631511463569 0.0844425894328161
0.00984730178445725 0.0151175042839902 0.18513452495528 0.456130646881904
-0.0143521639174732 0.00492477508829225 -0.166145990510841 0.314416868432502
-0.0189571177018535 -0.00544137243042648 0.00924354569263643 0.0462408090280054
-0.00603143775033247 -0.00390470742223412 0.214051989650782 -0.268962214858235
0.00132089548064937 0.00398689404945408 -0.0742871744663987 -0.542665680796588
0.00391781029828919 0.00164940879622861 -0.487020906225931 -0.205858264200305
-0.0148924568674535 0.000392007318131254 -0.301000049521206 0.290447314011476
-0.0150114787458146 0.00311407967557901 0.0648648110944095 0.29724770718675
-0.0148031353635949 0.0109490477337727 0.149526222253697 0.0935864441355068
-0.00629157727430619 0.0157736280357229 0.0638221928153604 -0.0950961459009781
-0.0065967006144967 0.00583354113597438 -0.0561079786628755 0.0761071085082583
-0.0155886109964893 0.00425055130370125 -0.117378985505363 -0.0587117255578351
-0.00766664598009127 -0.00827996470320597 -0.0949152138971037 -0.238459274502265
-0.00204492459767076 -0.0181961215740341 0.226452440457482 -0.260832193232057
0.0133055736004556 -0.0133244282455545 0.451165127294789 0.0850003888993884
0.00917693563484284 0.017826858516617 0.185750619560456 0.457668689752941
-0.0147645834529142 0.00582542772704399 -0.16652721902073 0.315991628731324
-0.0192437786690116 -0.00583076928615254 0.00845839475824594 0.0478342445159381
-0.00657578502858264 -0.00328344524674595 0.214346184559484 -0.267769744766738
0.000425866180746776 0.00653474498286675 -0.0740724633680064 -0.541535788364035
0.00477422051069702 0.0029193447971595 -0.48759127379163 -0.206724330758708
-0.0150116128004041 -0.00220184602337962 -0.302879399963604 0.290987282147939
-0.0153092175661064 -0.00127578036059611 0.0644980360199278 0.299813543555648
-0.0160818919250947 0.00816540397739991 0.150159418124695 0.0947270873302555
-0.00711418044411873 0.0159965858075616 0.0635801664860843 -0.0957851109278794
-0.00672009542705546 0.00605435787190483 -0.0564325732450683 0.075671283033579
-0.0161429197316239 0.00270644705047957 -0.117117169952607 -0.0587913541472032
-0.00737851406031763 -0.0111584326949906 -0.0933484881865854 -0.238030400972228
-0.00352352396424815 -0.0200557441731496 0.226994710303055 -0.258102246870484
0.0126341630923493 -0.0128865742466746 0.449560732365565 0.0901776958781194
0.00811798573132525 0.0188081516287441 0.182427266598427 0.461728024591969
-0.0151635788999954 0.00548762896823441 -0.168886668590587 0.317674176903345
-0.0183462766830819 -0.00664117834160247 0.0069494361718794 0.0497506925960089
-0.00625726720736973 -0.00347899920403161 0.212361643523209 -0.26551721066104
0.000282322114109161 0.00784762027897956 -0.0741449907105593 -0.538378879188627
0.0041469925555818 0.00357537392279973 -0.488902694067447 -0.201757132194076
-0.0158607812690787 -0.00439017402641438 -0.303035960002302 0.294086691111789
-0.0148958761960584 -0.00424614607585973 0.0651188807013332 0.299933429540711
-0.01618561314573 0.00553598038294922 0.151063971877777 0.0945414310785422
-0.00711831316651751 0.0161015403097766 0.0641471645998016 -0.0967446868572712
-0.00584309270701837 0.00657087917727458 -0.0549327238410928 0.0735833252311913
-0.0158197732333057 0.00132298195047962 -0.114820306396076 -0.0606245568820256
-0.0074732568987323 -0.012848609868248 -0.0910539977504475 -0.239633488769466
-0.00382438338947401 -0.0211149938978914 0.229285515566744 -0.25428634027297
0.0121141797591833 -0.0127982678543316 0.447759561005849 0.0990064380529637
0.00730485657167003 0.0188011618120326 0.175500139337294 0.466660698476545
-0.0147686959526984 0.00464659586698795 -0.172483625740723 0.318826064307517
-0.0177440434031375 -0.00770268683662204 0.00644629323992984 0.0510275571672823
-0.00593831132174474 -0.00420731210770083 0.209924328554411 -0.265427925273471
-0.00114203790726033 0.00738586082941189 -0.0815137164571633 -0.534524498596167
0.00236175618458757 0.00359812669667397 -0.491441206691491 -0.191367503275907
-0.0167442772124482 -0.00503778974077506 -0.299204574682934 0.299045984183609
-0.014652087366465 -0.0058827524412811 0.0677823554232737 0.300417434229711
-0.0145928570964078 0.00476871070712586 0.152999641678622 0.0931617924567022
-0.0059556988544691 0.0164842589985764 0.0653972349971728 -0.0973408304918145
-0.00443542003903807 0.00760470759017977 -0.052854092182524 0.0730104080276828
-0.0150374297456137 0.000761373207549631 -0.112604790987655 -0.0628564276698802
-0.00662174851313504 -0.0136777704691033 -0.0877680487217263 -0.23982226017103
-0.00455907818228741 -0.0208075045802741 0.232596099538186 -0.248191564769774
0.0110114791052814 -0.0130021325981348 0.443704776925919 0.109380288140902
0.00611601248767902 0.0170034467517965 0.166446017531435 0.473518810905394
-0.0141634357020344 0.00298096297868555 -0.17767375708143 0.318515473233402
-0.0165223965021814 -0.00916320454214462 0.00585192960480838 0.0512696719506017
-0.00557130316270339 -0.0058538113699657 0.206627208958837 -0.265115002165259
-0.00134962515988784 0.00632757816143262 -0.0889614222973494 -0.528038038471165
0.000793532193623143 0.00366954513625895 -0.49403626058897 -0.180066245313438
-0.0180137552177227 -0.00547434061640599 -0.294069746818516 0.30578674845828
-0.0141151929934426 -0.00668250437066602 0.071409969292594 0.299591344173948
-0.0135666868117396 0.00413238340271239 0.154219573756631 0.0911010761415172
-0.00359002756876405 0.0172115921129625 0.0669739686624364 -0.0990001798530301
-0.00224103037469808 0.00772617138856228 -0.0506385381584231 0.0723451828073075
-0.0133325489947451 0.00119117463612402 -0.110557318849341 -0.0653540714338007
-0.0055568117791188 -0.0128868864815593 -0.0835183611518677 -0.241279673733283
-0.00466374758227402 -0.020358797168498 0.236585097571944 -0.242663881752142
0.00942378835947729 -0.0138440170765666 0.440199775116594 0.121091444136759
0.00476668395165838 0.0143730918543987 0.157878083015786 0.479256692749684
-0.0141603286959265 0.0003058001909581 -0.18225816752736 0.317447439264359
-0.0153412005122435 -0.0105710023919203 0.00593572365751314 0.0516654405318319
-0.00457131103191314 -0.00784503272719525 0.202299126180297 -0.266486168592156
-0.00219673970518868 0.00353662447235982 -0.100802274983342 -0.522388944692115
-0.00130724001203686 0.00209596886001059 -0.498433999541476 -0.166174727773424
-0.0188311994108039 -0.00444542072046435 -0.289061440622544 0.312552803328055
-0.0131904392206397 -0.00534582381910864 0.0756377683075328 0.29685664487554
-0.0114771706591306 0.00443458160054237 0.155935791613296 0.0881962618016046
-0.00113474204267563 0.0175026133679838 0.0679334340846611 -0.100481722082913
-0.000411394455394007 0.00795118642991465 -0.0477254994896933 0.0717594292348373
-0.0114360866239942 0.00232417613532998 -0.108376856707952 -0.0671395596704969
-0.00444628201858198 -0.0110308490619225 -0.0796045094013746 -0.24328876613695
-0.00412304533438986 -0.0187212698380198 0.240625224076636 -0.237658015873603
0.00881886709622974 -0.0149396734578908 0.438191135039571 0.132838005067656
0.00464758813038605 0.0113415279050122 0.147538854114968 0.486274961206357
-0.0126091488459063 -0.00175771794301855 -0.18702532730009 0.316852091173961
-0.0139374121605901 -0.0123741828270654 0.00632873080904903 0.0515501806289853
-0.00350160238185371 -0.00917569033433016 0.198813387055667 -0.26806374946699
-0.00290418792719004 0.000596519820416707 -0.108783593540308 -0.519252161459032
-0.00321554495956305 0.000520368744920754 -0.502917580631029 -0.155253661484735
-0.0197378396067455 -0.00255120566807861 -0.284697566214512 0.31717218102584
-0.0122659200865177 -0.00296502923463569 0.0802955261614043 0.294535002822919
-0.00959516231444105 0.00599022554228919 0.157515137096221 0.0853869718729754
0.00133371756860183 0.0187846078376349 0.0702306265823579 -0.102175481519007
-0.00492070284355614 0.00601023667046631 -0.0527708626810596 0.0772432286811356
-0.0126972032661349 0.0087559004240209 -0.118457309680592 -0.0578989390585064
-0.00537927816855667 -0.00191773460681174 -0.0962570130203854 -0.238728750813078
-0.00101799120840479 -0.0132186228539437 0.22703212475781 -0.263679473846383
0.0125133680688529 -0.0172869656857622 0.452927734688924 0.0828390207612351
0.0100979016809958 0.012040182710199 0.188024245670481 0.456326144037692
-0.0132833455625213 0.00350962527395049 -0.163745536354489 0.314261202543626
-0.0181802123969806 -0.00568280644936686 0.0117185358274255 0.0447777783998429
-0.00566851813370443 -0.00480167582029377 0.208809193230552 -0.275499571081025
0.00138394746947337 0.000863707572715245 -0.0877549952807019 -0.542182312103171
0.00360739400278445 -0.000980138797245927 -0.493167348837589 -0.193580406509483
-0.0150818915518864 0.0029006934089998 -0.295003856019936 0.298211867502532
-0.0144795448444767 0.00743920579994124 0.0716710860723801 0.295029808581814
-0.0135451403218138 0.0138284731705162 0.152552974652935 0.0891390438981287
-0.00386420537886517 0.016201661378582 0.06348633445191 -0.0970838422931462
-0.00595045544152349 0.0055409238113238 -0.0541482165952251 0.0773981078252768
-0.014898261650881 0.00668030320411827 -0.119122855226509 -0.056583445211373
-0.00641215687115954 -0.00507954809147415 -0.0976105681192173 -0.23725822540436
-0.00140413683833768 -0.0154648353514322 0.224017932024068 -0.265377095834808
0.013408832036854 -0.0155049951750522 0.453870541310691 0.0770779227959239
0.00998841904912544 0.0150876805972451 0.192438544085932 0.454012830275291
-0.0143527351678504 0.00525527635153104 -0.162250169008258 0.316930681695158
-0.0193224347030451 -0.00513267834955915 0.0104137582612435 0.0465249824860727
-0.0065296813996561 -0.00334448263329021 0.210450672168814 -0.272740935905281
0.00111237137999091 0.00319880707332576 -0.0824883947178504 -0.542114567354369
0.00442843686151224 0.00114438641086484 -0.491515847548334 -0.199016692132279
-0.0150518748609443 7.84493854257388E-05 -0.2975098180765 0.29599034136742
-0.0149153066320698 0.00324132864272854 0.0695760066443434 0.296657015077187
-0.0151936392627426 0.0112413578721872 0.151922740599934 0.0910419123607811
-0.0060901567411801 0.0163750657933307 0.0626663617390899 -0.0964867022858923
-0.00675831578054293 0.00614782981936889 -0.0557522826344003 0.0770402930381676
-0.015561000020687 0.00485854702517906 -0.119348581405771 -0.0566177992820502
-0.00754762941863371 -0.00857362325010196 -0.0986499522897732 -0.236195143594318
-0.00275843312096645 -0.0179991427162265 0.222923582076749 -0.2640686740884
0.0129344752290668 -0.014114525189049 0.453085252127612 0.0771280762736034
0.00924594793258321 0.0175854710008939 0.192326280103421 0.455132460470593
-0.0148389104184862 0.00598823080373997 -0.162246055453903 0.318314064964497
-0.019148963254408 -0.00505111098254107 0.00925175507762008 0.0485259433966799
-0.00679140035161451 -0.00283106714401099 0.20934741678158 -0.271396411563128
0.000606806634020372 0.00673170371889112 -0.0813395826983534 -0.540621857344476
0.00507903612232371 0.00280719417348054 -0.491448294000123 -0.198860653072073
-0.0151068300007919 -0.00217263040333096 -0.297914961329689 0.296476501973424
-0.0156157876913912 -0.00108103581837662 0.0695134074294581 0.299093195300104
-0.0151198793408765 0.00834707874526921 0.152639161385951 0.0920485198695957
-0.00638521962692968 0.0158131415549192 0.0623454408517919 -0.0970506296088471
-0.00626120568587614 0.00632938513547036 -0.0552771251269471 0.0761732502920219
-0.0164976073455841 0.00314277330514306 -0.118671768623937 -0.0566180341905279
-0.00777962702001335 -0.0112633857996109 -0.0977003358552656 -0.236205882524864
-0.00371999869642544 -0.0197731751686145 0.223873249774271 -0.261751906417888
0.0125125004104342 -0.013336999620953 0.452334226863038 0.0827790526441062
0.00893467882006295 0.0189176909800642 0.190120930172409 0.459807564261178
-0.0154182214971239 0.00582326239427311 -0.164247183158634 0.320657019864335
-0.0186377767132356 -0.00544501856554053 0.00757095796834112 0.0492171289926348
-0.00696811963238578 -0.00319764096707398 0.208798025148626 -0.268375055264542
0.000268226050663394 0.00774213698251304 -0.0823999254179275 -0.537381198593814
0.00379481801398347 0.00376881778317058 -0.492269235561062 -0.194423863874655
-0.0162070174175137 -0.0040426435028097 -0.298845419393787 0.299320740725485
-0.0151770617379646 -0.00426768135813939 0.0704365838740225 0.299130080646186
-0.0157202316198913 0.00648209458009919 0.152980690085995 0.0923554816404068
-0.00713609183662082 0.0162483923969461 0.0632604275608515 -0.0973996773973628
-0.00602484936322445 0.00720691009309385 -0.0543796074572069 0.0752079023046351
-0.0160701561488097 0.00158456597099295 -0.117270001693025 -0.0590347723900948
-0.0074723387139138 -0.0130758637960878 -0.0951661236238663 -0.236932751237672
-0.00430716223036 -0.0209079765730209 0.226770017471417 -0.257162616831929
0.0115425718561524 -0.0129360478312084 0.4508369819528 0.0919325693969144
0.00742110292604316 0.0181608663515098 0.183866510295142 0.464857838992494
-0.015023669721269 0.00510352215400548 -0.1682798178569 0.320912253587115
-0.0177422736661993 -0.00663718038228643 0.00693517079274399 0.0509619790509745
-0.00649278003111448 -0.00381700804746824 0.205535523960504 -0.268077037070323
-0.000802673245230794 0.00769547025486014 -0.0889819858639501 -0.531791023044409
0.00265316188285803 0.003378398960898 -0.495327723332631 -0.184664942390658
-0.0169374835087454 -0.00494787901681418 -0.295188048290365 0.304874861044506
-0.0144266847095918 -0.0058092668029038 0.0729658314215506 0.299262333540008
-0.0146870881341106 0.00499987533983129 0.154536589291413 0.0916017842629595
-0.0053035368726809 0.0167915517003833 0.0642949059385352 -0.0986338946183987
-0.00410700288476348 0.00768738570239661 -0.0522414593727347 0.073879586480946
-0.0147437556525359 0.00124176086054303 -0.114284880470899 -0.0606751908319537
-0.00676907328552971 -0.0135675313541492 -0.091842488888364 -0.238319623252796
-0.00482344193046187 -0.0210663766908001 0.229282371005344 -0.251434095244507
0.0105306228672879 -0.012932277096079 0.446048366315641 0.103687765425354
0.00611421709339742 0.0167016334495531 0.174211437351402 0.47118246110264
-0.0144444651699427 0.00294374721209252 -0.173243924187511 0.321414540142431
-0.0164895802207471 -0.00828869073815659 0.00627598205318979 0.0515753857954976
-0.00558938402972457 -0.00555493079916774 0.202454856064047 -0.267963400429554
-0.00136768744254685 0.00640281693175133 -0.0969017682449577 -0.527871168369635
0.0012775734806574 0.00332563992911737 -0.49821533147177 -0.172861871471304
-0.0183001401006953 -0.00507125209227351 -0.290885961223984 0.311520713347662
-0.0144594628605903 -0.00652162880274806 0.0764914373980469 0.298770453235501
-0.0128702069693781 0.00455642170109302 0.156680667211771 0.0890174250933134
-0.00306112758194986 0.0168379108673549 0.0654828957623858 -0.0998045735376676
-0.00222939598489327 0.00796505410965383 -0.0496266030332655 0.0724862695540157
-0.0131543030423304 0.00156510087061638 -0.112123780369946 -0.0632989030782661
-0.00608786715341873 -0.0131033576100276 -0.0873977312765795 -0.239255065821264
-0.00521704117100803 -0.020417403256827 0.234067202883207 -0.246140152017698
0.00970775439737893 -0.0140636424681982 0.443835974075647 0.114749205767726
0.00504607891555777 0.0144924533062523 0.164240770145709 0.47831492290489
-0.0136824484816681 0.000501779912472151 -0.178288185314778 0.320815425312788
-0.0148495953771065 -0.00997682819697791 0.00685334948000214 0.0514328570583572
-0.00499603287975646 -0.00791409939912998 0.198508279509957 -0.269248582638521
-0.0025341101096828 0.00344520663021198 -0.109005277087543 -0.521095838724616
-0.00125965864685062 0.0021803696688672 -0.503020435824376 -0.158820804041009
-0.0193799475337116 -0.00426659368846745 -0.284241130963049 0.316978949471299
-0.0136223667741388 -0.00509179985793446 0.0810041923554433 0.296531449207317
-0.0111052081343479 0.00546988329990345 0.158501328895693 0.085553344671609
-0.000345256156668988 0.0180620757983333 0.0674755594480006 -0.101860041937591
-0.000123632667398824 0.00835208278618247 -0.0471953876206438 0.0713718336470915
-0.0111180806340324 0.00295387152338634 -0.109988524843726 -0.0656677570471181
-0.00472376211916786 -0.0107795033935121 -0.0832485745886206 -0.240749872903126
-0.00486241862452528 -0.0183642520708843 0.238234428328229 -0.241156252648544
0.00868342071988328 -0.0150003157036809 0.441712337715223 0.126079866813985
0.00485608668940356 0.0110337717088492 0.155137896703695 0.484327853166536
-0.0123969372261573 -0.00187950522890266 -0.182165900779729 0.31988508477836
-0.0142559901084415 -0.0112903611588653 0.00710732287568222 0.0512432832404552
-0.00442649023951482 -0.00987436476770885 0.195189852473268 -0.271121903372234
-0.00352935673476085 0.000971417549010823 -0.117410868026256 -0.51697887684421
-0.0031398793894921 0.000501045825567942 -0.504304386117917 -0.148413973329929
-0.0201449253661713 -0.0024425953441981 -0.28052190814437 0.32310654857367
-0.0127427843489049 -0.00296611264687044 0.084829752607524 0.293612861779219
-0.00912723745392057 0.00689741431771107 0.159505173776075 0.0826813257122778
0.00240205944861095 0.0191042656414605 0.0692666211074183 -0.103424754707934
-0.00457399440185165 0.00568540724923101 -0.0522465257659807 0.078023009077959
-0.0126682899805146 0.00903386608663698 -0.119756993006563 -0.0559312949474889
-0.00533300599148938 -0.00153571352481698 -0.0993447741349059 -0.235777525431254
-0.00168417398723885 -0.0129737570652772 0.223565882485037 -0.267033794283685
0.0122440770839115 -0.0169348741606053 0.453735376761551 0.0759444681521485
0.0106891130831355 0.0116534831173493 0.194241738142055 0.453065122866496
-0.0129898730831652 0.00339502790163182 -0.159137655230462 0.316366801166217
-0.0184551240898464 -0.00578843508825184 0.0120147961806888 0.0447575784530497
-0.00613330551335123 -0.00451052820885263 0.204170939311202 -0.277810141261997
0.00135054309493376 0.000603700642134629 -0.0953785378680893 -0.540459298889878
0.00336324445708246 -0.000871726923845777 -0.49586530801123 -0.186154656804804
-0.0148735054400283 0.00292107875351037 -0.289650494515998 0.302243927820451
-0.0148127596738511 0.00726960176275508 0.0769573586311035 0.293496889041422
-0.0128695294440465 0.0137137851776888 0.153187328996013 0.0869464933027153
-0.00279279120187681 0.0165257808463175 0.062238889079742 -0.098035280282261
-0.00569979592399185 0.00589198100994944 -0.053568989159696 0.0780281768156514
-0.0144615749903012 0.00673541387513811 -0.120879076235855 -0.0544934863803083
-0.0064872761415306 -0.00483372006544462 -0.10143245739694 -0.234050513011431
-0.00231491190476024 -0.0153925118902882 0.220430323054793 -0.268823286304407
0.0128074628235818 -0.0156338398263213 0.45445545959287 0.0708674728512669
0.0106676414641232 0.0146078904451552 0.200055525383808 0.451101097840559
-0.01417508317589 0.00543249314439454 -0.157422625735378 0.318573178348914
-0.0192859851180432 -0.00464097228241607 0.0107568299841102 0.0463965870651926
-0.00698300954245891 -0.00375889992775406 0.206159299733894 -0.274982044231687
0.00112737428125034 0.00349564848022225 -0.0903130449141822 -0.539525207584763
0.00474672102105958 0.000829483351079571 -0.494749518174915 -0.191561526834974
-0.0147056890277372 0.000362559508541487 -0.292749519928142 0.300830607591983
-0.0150066451725707 0.00309347129116486 0.0747148569997857 0.295569837406076
-0.0148679721615786 0.0116504525490332 0.153453607433195 0.088628509648542
-0.0054216857685497 0.0163011560371743 0.0619630351610654 -0.0968136839771229
-0.00599165754194069 0.00589934137048748 -0.0545271715714607 0.0776306530980257
-0.015473448992794 0.00469905424130791 -0.12059419551708 -0.0541200111557093
-0.00746163025957118 -0.00810864670866388 -0.101573498833527 -0.233305407887983
-0.00324108325938661 -0.0175399001592884 0.219592259887751 -0.267391505416423
0.0128094893859997 -0.0141631119381673 0.454699696126914 0.0706950981242405
0.0101563559464625 0.0170424646177783 0.199755930793239 0.452229950229822
-0.0145736142159621 0.00636056907844942 -0.157487054457759 0.320825205079687
-0.0193663416063405 -0.0043611488467102 0.00985564658010619 0.0473555210159433
-0.00732952739093595 -0.00310810012893421 0.205852313017457 -0.272893307448362
0.00137696040186848 0.0063473415449949 -0.0892449179209884 -0.539173288661098
0.00477116121885632 0.00237253688906949 -0.495894014859553 -0.191610779908075
-0.0154310968772227 -0.00209302625162811 -0.294183071669827 0.30105464803775
-0.0154570510754625 -0.000833248514580533 0.0743015164305837 0.296811061971969
-0.0150494377010582 0.00905172367785227 0.15377312349837 0.0898086145233402
-0.00642799223978234 0.0164100512904486 0.0611595186763234 -0.0974390034958993
-0.00617056368152318 0.006901979270231 -0.0540205103853945 0.0765742718794071
-0.0158741888779799 0.00325922935722903 -0.119332514706872 -0.0550942642480878
-0.0079391382687295 -0.01114571178084 -0.10131973221476 -0.233729259957084
-0.00421181141669493 -0.01939834466039 0.220325176411481 -0.265291777015624
0.0124416067582154 -0.0134700176674438 0.452974934222747 0.0764143972291563
0.00915062804300192 0.0185994015260998 0.195934200020307 0.455847495558842
-0.0147627819762844 0.00628743130020099 -0.159405095145617 0.322441421982174
-0.0188018432275489 -0.00519618847001076 0.00842069278289571 0.0495067584653816
-0.00754536635158617 -0.00284879643328741 0.203834258277892 -0.270587418481057
-0.000167431297996332 0.00763616721005524 -0.0905009424230605 -0.535524654603333
0.00437949732808868 0.00340233467297598 -0.497104993328107 -0.18684014595469
-0.0161403811083576 -0.00374185151464173 -0.29312237640228 0.304355921822102
-0.0152217498484477 -0.00385905610726694 0.0754694838500672 0.298449222869857
-0.0154428709950175 0.00732144963260574 0.154495158069773 0.0900019703377157
-0.00554243052984655 0.0167218837985755 0.0620045522235572 -0.0982737646683704
-0.00521968912509857 0.00701407115480807 -0.0535542948404281 0.0756802696293358
-0.0155940711640679 0.00203461144655221 -0.117712443745354 -0.0566951706537714
-0.00756975993480421 -0.0129228608343475 -0.0983205749863442 -0.234348475715697
-0.00495752195525205 -0.0204862968357781 0.222484539822648 -0.26066904416954
0.0111490460892621 -0.0133286748372478 0.450732956209582 0.084623351149866
0.00823838136370111 0.0180403692058998 0.189141524533966 0.460842951245666
-0.0148276189774457 0.00460694142267696 -0.163591466601671 0.322463857026126
-0.0178087102148545 -0.00638036270028371 0.00780947592377409 0.0507150372513029
-0.00717062468906261 -0.00409367957900262 0.201137387873589 -0.270124768193449
-0.000869776634185995 0.00729791161630864 -0.0972524340811816 -0.531124887111891
0.00303216999409519 0.00337999805366534 -0.498683313980982 -0.176691691637224
-0.0167589440377068 -0.00497428921134787 -0.290076655755092 0.308806820568066
-0.0147596263259839 -0.00594361416506558 0.0781769827400362 0.298355307785448
-0.0142235359887394 0.00560874298800033 0.156777091975051 0.0883763228101403
-0.00421974639178342 0.0171889371098633 0.0625405149006307 -0.0994765204656616
-0.00428185254906511 0.00755607993590175 -0.0518531585426705 0.0740722708016636
-0.0147229884531801 0.00167550296399689 -0.11514724264946 -0.058731636136975
-0.00671062807987078 -0.0136891522733183 -0.0947766058807741 -0.235407906243926
-0.00491614170321849 -0.0204709822309067 0.227070336678044 -0.254753483716121
0.0102434774645177 -0.0131735638943995 0.44753678267703 0.0958404292103085
0.00702573299061186 0.0162593538505368 0.17987102680598 0.468949946133728
-0.0145329234608133 0.00311431833213744 -0.169058157996313 0.323630214307373
-0.0167654386958656 -0.00745594056446104 0.00731072913297949 0.0515582581067986
-0.00619660277623165 -0.00561809121811603 0.198100318561456 -0.269949428679024
-0.00157452119811607 0.00620240018900213 -0.105474032652187 -0.525827945521166
0.00119552133750353 0.00281010724259531 -0.500338002352353 -0.165104452084202
-0.0186143091177533 -0.00504645580429593 -0.286216891321459 0.315581314254551
-0.0141726689985609 -0.00619705146484377 0.0808672100697935 0.297160942168681
-0.0129866458294682 0.00549004086191827 0.158240234584793 0.0863100837627791
-0.00182335631803263 0.017728987430242 0.0643932360814846 -0.101075631387438
-0.00193043284166177 0.0078259415738042 -0.0491114812670123 0.0732064380981057
-0.0128891256240116 0.00163265579506454 -0.113253765348359 -0.0612868705090576
-0.00623268628526369 -0.0127042895628945 -0.0907849555093222 -0.236955915954973
-0.00511715378163308 -0.0202516018713536 0.230092620945699 -0.249369176206874
0.00942176781694993 -0.0139889963151701 0.444343902390807 0.107758152068715
0.00603133621078984 0.014158854423548 0.171966764303053 0.475930847465082
-0.0137870039336303 0.000726407863238063 -0.173055723012519 0.322999273845362
-0.0154820255336105 -0.00938016311450537 0.00719206545420233 0.0516174221108813
-0.00545127167059085 -0.00814038158347978 0.193542633356031 -0.271172527741976
-0.00219491368153026 0.00362934163465992 -0.115531127088201 -0.518457525556265
-0.00133289428546441 0.00224636448112391 -0.504192966670435 -0.151438419705441
-0.0195685119005427 -0.0034650881210828 -0.279881717509925 0.322124509872817
-0.013839663179896 -0.00522934733853343 0.0863396470871097 0.294701855116768
-0.0108068157910866 0.00569143727962035 0.160507638271448 0.0836062764917407
0.000897758835127667 0.0182895327407569 0.0657127628892168 -0.10264393303124
0.000230913668667778 0.0082945805308222 -0.0465047698538074 0.0724357115577498
-0.0107338054450771 0.00286981215030912 -0.111400501052263 -0.0638958647373624
-0.00432773884195737 -0.0105180333213948 -0.0864655247570012 -0.238804534118845
-0.00512773340320358 -0.0184848477964979 0.235116477373506 -0.244300702711881
0.00837161035498102 -0.0154188072795473 0.442635270621081 0.119624601769714
0.00526877344201069 0.0108898696636479 0.162304936281045 0.482263390380773
-0.0130153530529366 -0.00148573307581401 -0.178380743322519 0.321461815633951
-0.0136949219740222 -0.0108024320864046 0.00792657183094346 0.0510884946892017
-0.00492603812036907 -0.00996042002915404 0.190594197069245 -0.272909616175737
-0.00354691019464452 0.00046733775766075 -0.125424388983221 -0.515357961044389
-0.00309819004682611 0.000624423544759445 -0.507164519073458 -0.140066312098909
-0.0201978310474815 -0.00204270686906684 -0.275387568133413 0.328064981813702
-0.0128604585090309 -0.00260342047814537 0.0901597608206501 0.292912953473546
-0.00842158115912946 0.00699338676062335 0.161411786255664 0.0800272583746413
0.003196614532441 0.0188139058182791 0.0678600146887924 -0.103865605550232
-0.00397333913885143 0.00596002842153054 -0.0512777540335609 0.0784444857540434
-0.0124628566272787 0.00929429704860784 -0.120810265166309 -0.0534270899015843
-0.00522218656555715 -0.00125392163554477 -0.102098581896522 -0.232601218266455
-0.00194204599313337 -0.0129599067355734 0.21967475391583 -0.269676044463945
0.0120392269480108 -0.0173432001813341 0.453355132151802 0.0698057602261323
0.0104238543307625 0.0115264054341395 0.200727265898367 0.449479909687434
-0.0130735132223916 0.00419427051229931 -0.153934091291984 0.318023031781995
-0.0182893088987959 -0.00487789969475585 0.0124296520565268 0.0442479906893453
-0.00671478949993551 -0.00478661179228089 0.199323942921621 -0.279861834533451
0.00134704600310001 0.00033780268113915 -0.102986195470899 -0.537272053063196
0.00332357981265565 -0.00125506068939253 -0.497286062856306 -0.178573644447955
-0.0147689517996515 0.00296943918784302 -0.28482179788435 0.307424793034314
-0.0146421185472979 0.00788815019098962 0.0815110153698859 0.292335522986257
-0.0123798295220027 0.0147294442759583 0.155520743275967 0.0842712784858724
-0.00199954429808016 0.0169845826724442 0.0608174364595384 -0.0981912553001725
-0.0054633380188028 0.00593547949617108 -0.0527062431729996 0.0784498713286991
-0.0141351813992379 0.00689912487743403 -0.121634423920696 -0.0520216181825161
-0.00656747615453603 -0.0045833255586482 -0.104420152393431 -0.232016392340889
-0.00264979358999066 -0.0151526873043842 0.217649373580524 -0.271102856802178
0.012584953273493 -0.0158051238113238 0.454166358554368 0.0640291788241588
0.0104714857770107 0.014371222162815 0.204644796836191 0.447619662539997
-0.0140529615274952 0.00546074138360757 -0.151895232557545 0.319666793127047
-0.0190683894121157 -0.00398719531197324 0.0112150540913224 0.0457594060403597
-0.00774424658510422 -0.00330531692912072 0.201275595368934 -0.277178012823454
0.00129754427581335 0.00330794141045446 -0.0981533945969111 -0.538173297197468
0.00508778987418698 0.000391365592844674 -0.49722341548442 -0.184819094657453
-0.0146850872236455 0.00102319028542315 -0.287819079149425 0.305127965792651
-0.0152275022567471 0.00333443956709323 0.0792425870467847 0.294409651798229
-0.0139290151023158 0.0120152811903402 0.155271424275214 0.0863731145583563
-0.00391797402426447 0.0164533433720305 0.060825296707052 -0.0978399708190712
-0.00611202165896257 0.00653216582172519 -0.0534011553290193 0.0784177098194438
-0.0153028633485488 0.00566832153238846 -0.1212933030698 -0.0518586477829862
-0.00735188088076768 -0.00802252703635275 -0.105270473623552 -0.230383324057816
-0.0033253100291631 -0.0175891831514922 0.215929324614458 -0.270152400446422
0.0128340466386925 -0.0147991306364148 0.453106340092656 0.0642696696870166
0.0104237474281796 0.0164958447195297 0.205179260056611 0.448441088725672
-0.0148997367709448 0.00677039515263039 -0.152341569685324 0.321321642566159
-0.0192245650314262 -0.00383144757372204 0.0104832696452454 0.0475069813705519
-0.00777760119511698 -0.00237030649704053 0.20102356636806 -0.275133683589993
0.000589524656942947 0.00623020990661447 -0.0968853492989621 -0.536292320741742
0.00559431439602433 0.00204883833061777 -0.496425421739898 -0.183631547310227
-0.0151977156923253 -0.00190311283365101 -0.288692715436768 0.304940509375677
-0.016058592701926 -0.00040748604713718 0.0792756833354921 0.295724997308312
-0.0147503777108834 0.00964990140754654 0.155803350256908 0.0876522292118499
-0.00506529604455772 0.0158802855727901 0.060256971106063 -0.097948968396217
-0.00571712083744476 0.00659306965135892 -0.0529882321695735 0.0773412275013867
-0.0157057763321231 0.00351793372607503 -0.120528124579532 -0.0526994673715986
-0.00802843553532087 -0.0108817259135289 -0.104163468410025 -0.230648237659709
-0.00457731541857645 -0.0191788790904564 0.216307072631786 -0.267658132207461
0.0119889307361627 -0.0136983471204992 0.454740289385549 0.0705107857632499
0.00968553347574939 0.0182228326393296 0.202551522191384 0.452602585412872
-0.0147918987165017 0.00627690596961534 -0.155025554405035 0.323734201691406
-0.0185176404651816 -0.0043421067204565 0.00913938972631199 0.0491287337531156
-0.00778984500125802 -0.00257914557201926 0.198950141689408 -0.272498200700088
-8.9576817891129E-05 0.00743799899748541 -0.0979639482735947 -0.533706027208622
0.00477655365984404 0.00325527403080085 -0.498689199561407 -0.179510060287982
-0.0161739549520946 -0.00330208839522009 -0.289369378231139 0.308129590217424
-0.016106937957901 -0.00370042625432446 0.0799030158602411 0.296980046623973
-0.0146850077786193 0.00762021764453242 0.156401692273088 0.087791342372559
-0.00500633149736713 0.0166224479794801 0.0602085913490159 -0.0987312817023451
-0.00502988170760205 0.00713627001339061 -0.0521940416157241 0.0758783668211291
-0.0156905399035379 0.00277073336260051 -0.118692006327457 -0.054204849852177
-0.00782179338600776 -0.0125325228690697 -0.101847884368916 -0.231180242538233
-0.00536080571264291 -0.0203752643181877 0.21955671231471 -0.263049906852011
0.0111003438714601 -0.0132379763369302 0.451591113671191 0.0784379923654823
0.00811768828735416 0.0175821375555657 0.196533766429332 0.458839731061574
-0.0149527089469989 0.00499550749442881 -0.159017812920785 0.325006499997333
-0.0179546497040812 -0.00578575264295313 0.008272133249121 0.0512098810689024
-0.00722381310236867 -0.00406453979155188 0.196106489912345 -0.272060389149505
-0.000748151084190895 0.00730127972088666 -0.105501361732472 -0.528514542111341
0.00348187329274836 0.0032639788313656 -0.500468111218922 -0.169509283442063
-0.0169337334256274 -0.00436142742314071 -0.284739243490287 0.312943320361139
-0.0152478529399636 -0.0057732113538562 0.0828077967562221 0.296634308767227
-0.0140256467338361 0.00644858011742218 0.158051755881978 0.0860147117822203
-0.0040333285081871 0.0169415529822523 0.0615552227750089 -0.0996209543917987
-0.00354394145075152 0.00786832045161506 -0.0505688081076584 0.0744691804370736
-0.0143664105126088 0.0020186895617131 -0.116473175701258 -0.0566759056645808
-0.00706019673366329 -0.0131792908354743 -0.097692857016448 -0.232794598264786
-0.00605339469487995 -0.0206376268167534 0.22259301220142 -0.257975103146531
0.0103790314280816 -0.013143267600153 0.44893317352402 0.0898595642533196
0.00726570989418483 0.0161553312961891 0.186462228165572 0.465110774198043
-0.0144593978691648 0.00306248478860582 -0.163858153162303 0.324766109849821
-0.0165585366462706 -0.00739923683928467 0.00808080599668262 0.0514550494924901
-0.00627735617833537 -0.00576670366164142 0.193601398345263 -0.271296450635764
-0.00150814338511849 0.00599065539903912 -0.112451428921885 -0.523485907336737
0.00122392608931095 0.00271911642741805 -0.502830434143432 -0.156627064461013
-0.0181921261228745 -0.00488215462471006 -0.280198544847822 0.319728456421653
-0.014398855894478 -0.00615401278486626 0.0861840136075172 0.295106700407513
-0.0123558129416905 0.00595863480885094 0.159810020772461 0.0838013680375264
-0.00147482544024991 0.0171609336027156 0.0628502746525677 -0.101540816093351
-0.00151449127743818 0.00835745801100495 -0.0480186803665835 0.0735944446521409
-0.0125494299464971 0.00226860167175144 -0.114180461498392 -0.0593522097067862
-0.00571119583245726 -0.0126226074054441 -0.0939480736327004 -0.233759141888811
-0.00593278848344384 -0.0194184603218038 0.227419325351866 -0.252026818440838
0.00917347913718795 -0.0140458906047449 0.446814864904324 0.102761242446812
0.00585126663357385 0.0137256373624143 0.177530340072394 0.472868843970232
-0.013574366591811 0.00115675125001413 -0.168055528365732 0.32429708805284
-0.0154323933451847 -0.00894275431429341 0.00814241751413606 0.0515004598098965
-0.00551166003077242 -0.00741344113602752 0.189012344292626 -0.272846266430916
-0.00254927484560389 0.00353158732731697 -0.1239310540404 -0.516288028864256
-0.00086385135786372 0.00193178290049648 -0.504929078870376 -0.143638323199703
-0.0193798800264997 -0.00319771434561344 -0.274627394477635 0.326724316925878
-0.0136837563095397 -0.00451211570910338 0.0905518935283089 0.293019673444023
-0.0104693154421794 0.00668981605962811 0.161546314380283 0.0805539799872945
0.00136769789041797 0.0185611833206693 0.0647160646187172 -0.10341939597369
0.000601554023009071 0.00857362184749007 -0.0456854100719574 0.0725185326761288
-0.0106142327773202 0.00360235793764128 -0.112157413506119 -0.0611909134969063
-0.00456659887229226 -0.0105302881538557 -0.0898989154336425 -0.236164864521469
-0.00577879480175919 -0.01862675164044 0.231621421292392 -0.247572190834959
0.00813972415323502 -0.0156261364241122 0.444203059670215 0.114009499285339
0.00527893424443375 0.0108291198436155 0.168751403658447 0.479289329019356
-0.0128625374090658 -0.00143662610869328 -0.172899366654997 0.323191791754429
-0.0139792901412265 -0.0106269103612282 0.00862169847487673 0.0510915691016578
-0.00506535965165907 -0.0096636563932743 0.186638807370427 -0.275655912109888
-0.00336884486668996 0.000190431069672118 -0.131492976856474 -0.512297458958937
-0.00261425381537156 0.000313898984634804 -0.507707241525315 -0.133249303717889
-0.0204019816200841 -0.00142077097710862 -0.269386625856997 0.331565106421888
-0.0129111550973319 -0.00229112741030701 0.0940977222488006 0.290642589794462
-0.00836659337053627 0.00769775867415798 0.162872842163055 0.0777800041517981
0.00391404348247465 0.0194777055190393 0.066275787844919 -0.105164652416789
-0.00420262196074915 0.00591276283663958 -0.0501162318385525 0.0782396875517454
-0.0121333715063408 0.00939069512412065 -0.121718179012361 -0.051839828373226
-0.00543861720559009 -0.00127322008770239 -0.104730541513388 -0.229625004149803
-0.00251874129634024 -0.0125931180793395 0.216215958187013 -0.271606890763939
0.0116935999160807 -0.0173314278505135 0.452537568386631 0.062768298863147
0.0106970601754614 0.0107746303561185 0.205357198461694 0.445628124893744
-0.0132210542400126 0.00413250675740649 -0.149543993065814 0.318941393888148
-0.018186417279212 -0.0040930829332311 0.0132335062818499 0.0443429876096067
-0.00725366476490598 -0.00416401726043595 0.195369925914721 -0.280190374402625
0.0010825047417916 0.00014775798428265 -0.109948052650209 -0.534611656769151
0.00367503195963978 -0.00105949442056178 -0.499618098920381 -0.17100380884161
-0.0148094431227315 0.00336415035014324 -0.279206217245092 0.310085051915493
-0.0145714903822759 0.00804506549015022 0.0860565373088092 0.289911630390948
-0.011893114429179 0.0152951583392508 0.15634739385388 0.081549155446034
-0.00194584498841553 0.016732907632531 0.0596566665129563 -0.0993017455282236
-0.00499798947914793 0.00611562171202515 -0.0516655041897792 0.0783964486839586
-0.0134785850240765 0.00808821916866743 -0.122003618007122 -0.0502156420772074
-0.00637405444329184 -0.00489577616362189 -0.106703190744145 -0.227825950945753
-0.00282502153258543 -0.014937734810613 0.21268795218749 -0.27365883399322
0.0123912951485419 -0.0162557552863548 0.453799056561996 0.0575910945382329
0.0112067084267848 0.0137457087153847 0.209298573724915 0.443243807795457
-0.0139845837554273 0.00578305263784524 -0.147635224422902 0.320050608803718
-0.0191260890760872 -0.00375274294788043 0.0119349997593599 0.0452386865574445
-0.00766415757788723 -0.00284365834410717 0.196392761133036 -0.278089059841657
0.000586642604573247 0.00323408072706725 -0.105292402607439 -0.534166127010267
0.00492573554357106 0.000445365711968047 -0.496944708453044 -0.176238371963155
-0.0147432947621846 0.00112063261408588 -0.282262779058927 0.308276397775442
-0.0154371339298112 0.00370123853205246 0.083291322378832 0.291891937939326
-0.0133087390626176 0.0127073301747709 0.155608321652637 0.0838903820846035
-0.00347834645515656 0.0165912676306033 0.0591721139219221 -0.0985179022347261
-0.00578365258333095 0.00642072467192737 -0.0521918102699516 0.078207187769261
-0.0149380198370212 0.00567985372219124 -0.122403469471181 -0.0499127555423214
-0.00733022805170675 -0.00824774882202325 -0.107348134434463 -0.227722856747064
-0.00378669966328964 -0.0174479912156909 0.21158599205409 -0.271700806181245
0.0122480609614893 -0.0145533725604381 0.454624802673503 0.0573347796358413
0.0107626900314241 0.0163423982907824 0.210941682092494 0.443876586510116
-0.0143882153838903 0.00707750693125388 -0.147772054187675 0.32127507454614
-0.0191846482875168 -0.00337298156743566 0.0108050105516661 0.0471018680115483
-0.00838488685556649 -0.00214254616383408 0.195422507748228 -0.275393544234413
0.000423929641753942 0.0058918530071693 -0.102739027674289 -0.532386229000207
0.0056365487962128 0.00207176116906493 -0.497224470646211 -0.176028319800284
-0.0152911303074293 -0.00153603864608865 -0.284045550167688 0.30873262896138
-0.015395302154053 -0.00039938326357316 0.0828937529739241 0.293782707889634
-0.0144914129159484 0.0103800364393683 0.15638135919099 0.0849743195692731
-0.00442482210051328 0.0164297520482897 0.0591622492640478 -0.0983169477574665
-0.00574003213074827 0.00652093758030658 -0.0520986567774793 0.0775083827875797
-0.0155083404606353 0.00408823976407646 -0.120692139969364 -0.0504439368558964
-0.00781585307930758 -0.0106658173552461 -0.106460569245662 -0.227072530487675
-0.00502006339545119 -0.0189701472547066 0.212933492982712 -0.269675749413185
0.0115551374017805 -0.0136937862468364 0.453877863735609 0.0641336582446537
0.00974003643854307 0.0173797529700095 0.208145745076114 0.447831123919801
-0.0142491126586437 0.00649213153657824 -0.150127763843614 0.324334739752675
-0.0184371785144388 -0.00424280975122086 0.00959933442615573 0.0490335197743825
-0.00810515670377245 -0.0028154661012396 0.194860566295956 -0.273675084437724
0.000193605417848134 0.00737618867724641 -0.104907096543334 -0.530604716583136
0.00502775411226775 0.00330320638036876 -0.498748130694142 -0.171572056529118
-0.0157880924557215 -0.00319594060007178 -0.283221639950585 0.311356694408895
-0.0155711507460303 -0.00394252821275812 0.0835592224191719 0.294324525242139
-0.0143095010624887 0.00788045827238947 0.157270837485503 0.0848553024518188
-0.00438192541617244 0.0165740265727588 0.0592242783079793 -0.0992757224306695
-0.00476571318305109 0.00711804079809558 -0.0513524537822066 0.0761082641973207
-0.0155266308545913 0.00297979284136296 -0.119686883917754 -0.0526426380969135
-0.00761501222098042 -0.0126017962063963 -0.104155708538553 -0.228566944668744
-0.00582082093589128 -0.0202333041951263 0.215186834644187 -0.265199358197137
0.0110839924785452 -0.0133882774686052 0.450520710024156 0.0732541269594843
0.00862024141052235 0.0172025479998993 0.202394813327342 0.454485737684934
-0.0148301342979584 0.00545283883536652 -0.153492003885285 0.324721700523643
-0.0179768621481437 -0.00507411632738031 0.00887510557003411 0.0497672582448508
-0.00782026110169017 -0.00366109946675289 0.191525356319837 -0.273310151249554
-0.00105904293842719 0.00722017648641966 -0.1118042507764 -0.524824437947654
0.00381859016254425 0.0035363147476293 -0.501444534708694 -0.163353662256919
-0.0169468778318883 -0.00429392296834962 -0.279806640153259 0.316947580572812
-0.0153025426028579 -0.00565181212247651 0.0866607487788513 0.294318372995876
-0.0138192599355974 0.00670013577819718 0.159239654897571 0.0840694564785002
-0.00273252837319646 0.0166025863801717 0.0600301118983212 -0.100624073450878
-0.00353487159071118 0.00825546679524332 -0.0498125731638902 0.0744462372987561
-0.0142311902052012 0.00229492177638422 -0.11722745759701 -0.0549365579642428
-0.0072623622608621 -0.0132464408679895 -0.0999083098707996 -0.229311146796435
-0.00646445419390351 -0.0200608835373174 0.220381329830074 -0.259683632876018
0.00997182026487369 -0.0134195811184129 0.448880442442863 0.0839251398123723
0.00742227290278468 0.0157261628596871 0.193723388276702 0.461544977589476
-0.0144619447986886 0.00320619804868199 -0.158624118032896 0.324951266557021
-0.0163584631300264 -0.00667866768021219 0.00827627918907898 0.0504264468235307
-0.00701509565442366 -0.00495088902443267 0.189078479466303 -0.272904185712031
-0.00160160686724711 0.00614035063758242 -0.119046240884474 -0.51956056417938
0.00176981508082397 0.00296845830736203 -0.503232074899466 -0.150139175121755
-0.0183702459047 -0.00424236254096569 -0.274771891988717 0.322584227543706
-0.0146529038351753 -0.00605654861544183 0.0903726931409824 0.292900817780286
-0.0120943544658043 0.00641532559128304 0.160522118134669 0.081013688815327
-0.000593474318088131 0.0176281350801833 0.0621604894844495 -0.102169354203275
-0.00165618583168216 0.00788686568437984 -0.047272754218833 0.0735051267619838
-0.0123719900940186 0.0026506576482207 -0.115251351243315 -0.0574481260393649
-0.0062641915724828 -0.0130016874982893 -0.095650717411345 -0.230953518022694
-0.00613541536663349 -0.0195798756835495 0.22343950758645 -0.254083740660312
0.00899530430342056 -0.0144033226098894 0.446173551428189 0.0955879609428515
0.00634012607339611 0.0135263205350258 0.183560354034854 0.468126983204747
-0.0137179102482964 0.00124779556539042 -0.163820184940634 0.324912931067924
-0.0155103794934203 -0.0080396267554791 0.0083013162764583 0.0508509651826312
-0.0066809488094044 -0.00741271022996637 0.185046244704172 -0.273729837504331
-0.00281551641214668 0.00324375124820795 -0.130077955403511 -0.512737903805509
-0.000917778557167393 0.0021661771710146 -0.505531117011575 -0.136431449288905
-0.0192836023223099 -0.00287936791630426 -0.268710149137846 0.329618453308559
-0.014207713726178 -0.00471682414387594 0.0948945343599492 0.290821689236796
-0.0103399476430596 0.00669801559418487 0.162165070579025 0.0778659185750725
0.0018018662756697 0.0184774498761669 0.0631922252836395 -0.104284502578639
0.000487671304687542 0.00804373328158269 -0.0443743331053552 0.0725672836081402
-0.0106619492185133 0.00354896256731778 -0.113198693187567 -0.0593954098435463
-0.00481231239169885 -0.010878146503182 -0.0926115601114219 -0.232761776284325
-0.00616541317560661 -0.0182069322715309 0.228439372277355 -0.250103876427422
0.0075568882410675 -0.0157766739687897 0.445196695594192 0.107729442845643
0.00523740126498317 0.0101453677419695 0.174089512775552 0.474201065401124
-0.0132055627975709 -0.00116338954765769 -0.168325173114164 0.323736723933412
-0.0141519328380069 -0.00972756105592477 0.0090311075703279 0.0506102293178683
-0.00559877624300271 -0.00971866511455569 0.181191869084857 -0.275673066921968
-0.00314525545718536 0.000367554443752844 -0.138368496823602 -0.509198443763264
-0.00269454424345378 0.000322768130634577 -0.508977607777627 -0.124726330182289
-0.0202039183414465 -0.00145604983090659 -0.263706967232195 0.334459283042264
-0.0130910668696054 -0.00200553716344412 0.0982388706775389 0.288145112657079
-0.00792205001492178 0.00814777937614247 0.163912839920585 0.0747020749732838
0.00406572868955889 0.0190082767346364 0.0648268066956377 -0.105547562674417
-0.00392360648433561 0.00621158944153978 -0.0492311934853766 0.0788132416525403
-0.0120589315831101 0.00981657236188177 -0.121558204034383 -0.0497088410764249
-0.00486374274284839 -0.00124982825419845 -0.106553404903616 -0.22630722467288
-0.00278715972331373 -0.0118605686786444 0.211645792943147 -0.273661165208436
0.0112873812559613 -0.0174750817930703 0.452355453801041 0.0574838850003943
0.0110161394530107 0.0101832635910131 0.210749467010038 0.440927166298715
-0.0126912133985169 0.00493416069538676 -0.145210455625856 0.318974011753727
-0.0185391501956804 -0.00357276629834433 0.0135302238251968 0.0433225630651585
-0.00726535742292131 -0.00430478424722264 0.190907451666169 -0.281017921221992
0.000654387176600669 -6.38479706602905E-05 -0.116253368453358 -0.530309850219078
0.00385063562812934 -0.00115093639983976 -0.49960241144587 -0.163803161336682
-0.0145409109096823 0.00404014070198632 -0.27420015212279 0.312351995758618
-0.0147827124334658 0.00800896979210971 0.0896598561383089 0.287216826213394
-0.0116739548768977 0.0157413548524607 0.157500196410487 0.0792239544566233
-0.00119307767939029 0.0166712654794257 0.0584986439063998 -0.0991556212286509
-0.00492359321084668 0.00640501417459544 -0.0507564394100167 0.0786334950658091
-0.0134440921956105 0.00792832632577546 -0.122637554043951 -0.0485512294539932
-0.00647881402511102 -0.00431005350748722 -0.108763348249376 -0.225035783790754
-0.00359961742117963 -0.0145065390342916 0.209041441809023 -0.274072924733085
0.0120884128284771 -0.0159747685930251 0.452795265176228 0.0510013862306619
0.0112863505861591 0.0134257431345458 0.214688998795874 0.438203960476282
-0.0138063766235043 0.00612240622706525 -0.144041767363465 0.320031189171698
-0.0188698315767978 -0.00309068849341371 0.0125739873340787 0.0450885220241517
-0.00827832753950153 -0.00234248635886907 0.192005295400191 -0.278642431223198
0.000647802282348552 0.00334891521389567 -0.111106514248654 -0.53009297882
0.00497057463269173 0.000674281661192534 -0.498338005865431 -0.170076326266221
-0.0154324707819617 0.0011507500104982 -0.277399740954901 0.31080161630408
-0.0155113482403499 0.00377590198085709 0.086839843775321 0.289487298321844
-0.0128630575459181 0.0130659464254938 0.156525019665954 0.0810530208886003
-0.00246360633485676 0.0161791225027961 0.0576215124444544 -0.0983079823963661
-0.0055862837331366 0.00643126974617008 -0.0513943170182366 0.0783277505967436
-0.0146834566576557 0.00608931049996165 -0.12266455266435 -0.0481295223008571
-0.00740184506591479 -0.007900837702492 -0.110040120801773 -0.223480611065198
-0.00413860110447082 -0.0170397154542773 0.207934103366812 -0.27305309808579
0.0118212997326615 -0.014862826567339 0.450849997812637 0.0512355943095577
0.0113937374209526 0.0155935635256324 0.214105607549335 0.439591692517743
-0.0143031466311055 0.00685727101424827 -0.143190678796919 0.322578316907841
-0.0187293552257702 -0.00296028788660165 0.0112865732283049 0.0466305427595013
-0.00832196734996417 -0.00185996115180111 0.191438133613256 -0.275806016183129
0.000412045025281159 0.00603006209350708 -0.11000768028543 -0.529437468741744
0.00556942856055997 0.00266822328784725 -0.498333216987256 -0.169488343244555
-0.0154347204676863 -0.00120667431697687 -0.278452846871315 0.310908345271964
-0.0157919476627386 -0.000175304405227472 0.0869853794755169 0.291310238694583
-0.0141440311061043 0.0105040139169172 0.157445889625092 0.0824634037281217
-0.00378677451286737 0.0162679060965571 0.0574125178268062 -0.0984773198899851
-0.00562963330502017 0.00707069089450708 -0.0514464259881384 0.077303685038662
-0.0152873915436882 0.00419811469410258 -0.121705891173333 -0.0484790421677571
-0.00788463983484906 -0.0106104561963098 -0.108796193469126 -0.223689436042596
-0.00514130583844326 -0.0182741873228961 0.20937585903047 -0.270807099880008
0.0115261056503721 -0.0140066531825416 0.45254684301007 0.0582363571652649
0.0103256542106542 0.01679289741546 0.212595246611072 0.442715815194122
-0.0147256923061006 0.00679997310327389 -0.145151301889651 0.32404084317455
-0.0187924019687271 -0.00371621164376051 0.0102000253854617 0.0483956208935234
-0.00864991614286276 -0.00195693689092038 0.190101516047084 -0.274138726994484
-0.00025837061291974 0.00714013438114308 -0.111070536606358 -0.527062661529767
0.0050023136938915 0.00339058404828296 -0.498170201173213 -0.164316570703832
-0.0160193040740277 -0.00294483612948863 -0.278172607262817 0.314513818273068
-0.015593627625849 -0.00356765674122945 0.0876538694575703 0.291608936017144
-0.0137196644994954 0.00863962933839267 0.158294219426547 0.0826432231603906
-0.00357871309808186 0.016263117274343 0.0582700236990507 -0.0991649021248878
-0.00443119837511321 0.0075449504343735 -0.0503557663900633 0.0761761618858941
-0.0150429805505109 0.00323524654199426 -0.120204259820324 -0.050588718697314
-0.00787613422612203 -0.012327894175172 -0.106624212580818 -0.224786228796432
-0.00623954876898941 -0.0193101773819002 0.211777203234664 -0.266547775198823
0.0106496635714312 -0.0138021217487214 0.450658863476066 0.0673104735173204
0.00880593334029262 0.0169601437721082 0.207130687799804 0.449111817569583
-0.0148212639812214 0.00546305875394485 -0.148793684104602 0.324865985768667
-0.0173234007088019 -0.00444113774067554 0.00949884807948932 0.0496423766362572
-0.00795170662578074 -0.0034639977261958 0.187683253286852 -0.273907335484125
-0.000909591711637238 0.00713306300176016 -0.117174922088552 -0.521334352138741
0.00420863871772333 0.00319359635898616 -0.499764212881126 -0.154661552770799
-0.0173920467201194 -0.00407933508976669 -0.274222992147453 0.319258130637014
-0.0154582098259044 -0.00581267489425112 0.090421219370576 0.292184607769705
-0.0131336273701079 0.00703122522602083 0.159857674341058 0.0813240247620869
-0.00209158696139878 0.0170529353757027 0.0586032270031127 -0.10046606242574
-0.00310448105795592 0.00798106143922555 -0.0482829240594899 0.0747788032555805
-0.01382096923151 0.00221971157895114 -0.118159658052277 -0.0529048349030819
-0.00695207405439513 -0.0129724893264156 -0.102264955573347 -0.226374540534532
-0.00647613025120009 -0.0198266956848694 0.215497431619411 -0.261267065096397
0.00941258546024328 -0.013387373415276 0.447774383244533 0.0775841679265156
0.00795389747385849 0.0152505769126437 0.19737963476093 0.456712794901441
-0.0141852740258262 0.0035116509675372 -0.154572267815446 0.325079079095359
-0.0168208271263791 -0.00578033989900927 0.00877144774058586 0.0504209387863456
-0.00712717376602433 -0.00521054307149776 0.184363338452901 -0.272780188005814
-0.00224048329024034 0.00560773658022827 -0.124121186517416 -0.515433897430003
0.0018845664419397 0.00272893418293226 -0.502990801709289 -0.142182124823337
-0.0182852223979437 -0.00360089653639837 -0.269372242209313 0.325817930489191
-0.0153352621289197 -0.00561096541878838 0.0940469637631096 0.289785458115945
-0.0113010188452959 0.00676711485191001 0.161161288939232 0.0788160513571263
-0.000332767024779945 0.0172925559845777 0.0601982354900713 -0.102214834384666
-0.00119060012494252 0.00855396049690368 -0.0462388562202891 0.0737875667223205
-0.0125059370419525 0.00283673040048186 -0.115711157665632 -0.0557929316564127
-0.00626377788124014 -0.0122661974781411 -0.0981019907246651 -0.22780472209172
-0.00660397478449329 -0.0189463744259805 0.220042045824722 -0.256525659192283
0.00874772773301591 -0.0140676246276785 0.445863849956587 0.0896727089662779
0.00685295459082778 0.0130297982181323 0.18777476116935 0.463758328100785
-0.0135617385633511 0.00103631899227625 -0.159032532534048 0.325264023517242
-0.0152427643223334 -0.00747399483093037 0.00870417284209789 0.0505498472248126
-0.00680203866952847 -0.00679785064772542 0.179692197228663 -0.274154612630662
-0.00291590130530921 0.00295293466189649 -0.134969264368265 -0.508617455921578
-0.000217691973493299 0.00165263522780422 -0.505114748138225 -0.129515131887498
-0.0196515761571244 -0.00283148104141427 -0.2632910366399 0.331658676747953
-0.0144237462268845 -0.00485875698207078 0.0981518266540527 0.288548614379496
-0.00999447731639138 0.00724260664641209 0.163632773997367 0.0752626836345152
0.00258370144588354 0.0180158799766847 0.0619583144800767 -0.103787587462297
0.000794339772362099 0.00864669749733733 -0.0437627899783195 0.0724532680161738
-0.0103449685785151 0.00338743128769926 -0.113745676441276 -0.0573486441831148
-0.00498914735448947 -0.0100314176932612 -0.0944537685811067 -0.22967534833471
-0.00650276120555768 -0.0179371779917861 0.224444883969753 -0.251059674465088
0.00742142486896891 -0.0156063794682972 0.444417317883607 0.10079489443368
0.00603791757569143 0.00968832644691127 0.179734939372254 0.469848058128016
-0.0129915672667997 -0.00109153126025276 -0.163314735364694 0.324831291170864
-0.0143032054365011 -0.00940957355495437 0.00981599286973658 0.0496574776976782
-0.00655564008873688 -0.00920099159583101 0.176357477672021 -0.275889222692742
-0.00374950549979102 -0.000125974066347064 -0.144974665333813 -0.505611233548475
-0.00261421139928229 0.000213860194214578 -0.507471135134246 -0.117643733926606
-0.0200991236868975 -0.000881664977289097 -0.259103788500655 0.336031829198451
-0.0132048401127264 -0.00187809440501073 0.101688758936807 0.286104998989732
-0.00727656514202355 0.0087805336444124 0.164480583573966 0.0721657813802847
0.00515810654313152 0.0186769762087612 0.0632474384471512 -0.10550871336518
-0.00340863263457252 0.00607338134285264 -0.0480357671762382 0.0782915005668639
-0.0113968337861892 0.00974034734275415 -0.121908802660797 -0.047928455752986
-0.00528461638551963 -0.00118696957143257 -0.108139244144901 -0.223173896190998
-0.0027231755843318 -0.0121819486030659 0.208534709322572 -0.274388225662257
0.0111164223531175 -0.0174963927860926 0.450947225499493 0.0523287847143568
0.0112892042527051 0.0101201559231147 0.213798094211528 0.436152750249034
-0.0132798463973324 0.00463868277245398 -0.141290530827118 0.317949630392766
-0.017939044184176 -0.00345849043916736 0.0136650992129189 0.0433648441315499
-0.00783128478089823 -0.00338342760327206 0.186966036106609 -0.280826199415856
0.00068145828083555 -0.000356400172083422 -0.121445124945069 -0.52546329078246
0.00399120716799859 -0.00112772164811912 -0.498224793138176 -0.157752058046032
-0.0148175073832828 0.00386394230848112 -0.268673856879843 0.314616208416739
-0.0149697868033905 0.00773048630716512 0.0921204474751632 0.284376303955764
-0.0109568915085461 0.015747153455394 0.157314342463246 0.076868095472065
-0.000254379013655818 0.0159745233428866 0.0576578678082833 -0.0991267559261179
-0.00474995121019295 0.00653755722901746 -0.049925325686206 0.078450481753288
-0.012705847429701 0.00812721428715738 -0.122388150333392 -0.0461251252401811
-0.0063112054963405 -0.00453218282021279 -0.110060418154524 -0.221199254283831
-0.00355423294183141 -0.0146064518308518 0.206086124489062 -0.275881964018044
0.0117558060923467 -0.0160964807183685 0.450853325532934 0.0463940385224156
0.0113765845717366 0.012724103491593 0.21794735756553 0.433325655387803
-0.0135907543709919 0.0062947620448124 -0.139491486258491 0.319943645593232
-0.0186786975397381 -0.00248685215660879 0.0130481210649048 0.0448957366323825
-0.00884730046093076 -0.0024850877727576 0.187902201494906 -0.278166899888543
0.000667662569377628 0.00303713331710849 -0.116221220376335 -0.527830441483436
0.00537721543780974 0.000446657634112883 -0.496604704760719 -0.164195638308133
-0.0150247986359027 0.00163365032735189 -0.271875010811428 0.312310604372929
-0.0158058011656908 0.0039146114637415 0.089941549748345 0.287296331626448
-0.0126313262301662 0.0134652674251915 0.157429318675756 0.0789824537044101
-0.0022987691496767 0.0159730196246128 0.0564877598823696 -0.0982182804756961
-0.00516322771779414 0.00642730239247511 -0.050765611471309 0.0782730367703049
-0.0141283325178865 0.00601160005213847 -0.122189492800562 -0.0466271645951849
-0.00721770931679822 -0.00768525950218187 -0.111592027062841 -0.220772068887821
-0.00452416893987786 -0.0167067833134404 0.204163931586857 -0.274334456508277
0.0115839615875206 -0.0148373372968694 0.451417502268364 0.0465685051308998
0.0108370545445588 0.0153619955190672 0.21853570692443 0.43485467335687
-0.0142207845362729 0.00682649671454462 -0.139095103483456 0.321724505922835
-0.0187183149925627 -0.00234538584393907 0.0119160753093577 0.0464583374892223
-0.0088715030559617 -0.00146966775471978 0.187592122232393 -0.276046040189545
0.000446897091119376 0.0057109368049045 -0.113126850686026 -0.525897806505673
0.00557747641375059 0.0016762119926488 -0.497966499147242 -0.163350843614572
-0.0153285817142264 -0.000978914668589274 -0.273420469733967 0.313181423271453
-0.0159043411273008 -0.000133997725876866 0.0905443341980713 0.288637108613423
-0.0131598284124339 0.0108299376600022 0.157936017634702 0.0797633259530652
-0.0032590904235848 0.0158918460025845 0.0566099192911819 -0.0988559948403657
-0.00521577277424346 0.00681204121927759 -0.050713702370004 0.0772018693279397
-0.0146587967899689 0.00449142030317406 -0.12166333287346 -0.0471278689964247
-0.00794804790597762 -0.0105745994981194 -0.11047422210393 -0.221015701753516
-0.00552434556828665 -0.0179376507685164 0.205876198404597 -0.271827732777891
0.0108486102315971 -0.0138855066957374 0.4501884054231 0.0526684643044576
0.0105202571260051 0.016537691714824 0.217186058127622 0.439356965262374
-0.0150185002666682 0.00677175902485131 -0.141209420724218 0.324092549068487
-0.0183985355670658 -0.00301193050268496 0.0105017956311108 0.0482349302258167
-0.00824883625251495 -0.00231355363412445 0.186498463957006 -0.274139403614307
-0.000373073283045953 0.00697466650014286 -0.115070912774996 -0.522527727315054
0.0049403693606826 0.00298260726191773 -0.498185577717401 -0.158364817904231
-0.0162863810246655 -0.00298117989684323 -0.273324840619124 0.315647120502816
-0.0159466278169873 -0.0029265599313309 0.09061854927256 0.289549996567366
-0.0135456962422156 0.00912074180904143 0.158946457225034 0.0807356099192655
-0.00286619110343968 0.0165722011872484 0.0572575071263791 -0.0993144547278714
-0.0042605896197289 0.00702950400412763 -0.0494530569590602 0.0762804705568897
-0.0143984580321894 0.00311206574238855 -0.120227370676031 -0.0489049625790858
-0.0080439650169824 -0.0120608576462385 -0.107311788819146 -0.221908839138301
-0.00654009286429964 -0.0191203175209933 0.208477305589981 -0.268585599702572
0.0104761351983609 -0.0135214336840656 0.448891840314447 0.0603593805793342
0.00916818017180671 0.016560938294135 0.210484896370598 0.445039554560243
-0.0149179697087141 0.00582610687524416 -0.144862886282862 0.324430545073955
-0.0173611822796708 -0.00417899631001375 0.00929889211520506 0.0491143105381656
-0.00838832120390951 -0.00345132704668289 0.182815964559954 -0.273411926751864
-0.000981433032926518 0.00671742672898331 -0.122980008423608 -0.516268656186001
0.00424019801167027 0.00311907861559021 -0.499977256688573 -0.149734986575788
-0.0168707038361977 -0.003189136943743 -0.270111684005687 0.320711462259203
-0.0154201327270342 -0.005000230981996 0.0932272463592906 0.28921852684079
-0.0126553526856875 0.00801374047827919 0.160461470396174 0.0787177050745846
-0.00157321213828915 0.0167850242179241 0.058263476603583 -0.100648635919886
-0.00257680774920828 0.0080724421976881 -0.0481375135092978 0.074395307388424
-0.0135038321229768 0.002767919050185 -0.117614083789805 -0.0509990062534007
-0.00720101992033007 -0.0128422665061067 -0.103968175371864 -0.223570321020193
-0.00665407180441665 -0.019169167047433 0.212690562563022 -0.262224670026973
0.00943967748310895 -0.0136707172698982 0.446674866618399 0.0725510214814905
0.00788785695706101 0.0149648073237982 0.202065024267709 0.453225228074451
-0.0142667570791744 0.00328582464664658 -0.150648379645823 0.325087917679052
-0.0163169220098398 -0.00532502450857948 0.00993075311624029 0.0500569930902026
-0.00769168587762575 -0.00456544468686441 0.180833013804217 -0.272605782636453
-0.00222803835400981 0.00543214572942212 -0.129988117113099 -0.511669095518547
0.00192551594511081 0.00278276758177872 -0.503047597697071 -0.136928036919097
-0.0183193100217378 -0.00311003867021015 -0.264398784959391 0.326983860552564
-0.015187603433927 -0.00487180716202655 0.0968991539777075 0.28811291684991
-0.01142522926771 0.00742185009574628 0.161883433714809 0.0764477377548174
0.00074923808414709 0.017672372327309 0.0594169661176583 -0.102324563726022
-0.0010500369819947 0.00818086167644866 -0.0452664235126147 0.0737149618760852
-0.0120172783942272 0.00284151688606133 -0.115374142877875 -0.0537374863323701
-0.00610493571707512 -0.0120712990930627 -0.0995144995738622 -0.224653594286608
-0.00654749275339053 -0.0188159918159322 0.216654693783201 -0.257437619911671
0.00852929712248831 -0.0143333240571924 0.44471930590814 0.085873787240431
0.00685672083997895 0.0127481626052176 0.192713922498722 0.459343374541899
-0.0136376901524344 0.00144197284948188 -0.1546558925075 0.324661145704865
-0.015326158066764 -0.00700717461095225 0.00932020531301967 0.0500966218695551
-0.00710645099331129 -0.00633599966210208 0.176029544119957 -0.27363266669477
-0.00292679670589135 0.00291728079535551 -0.140008478156013 -0.505278839087294
-0.000328714505684209 0.00174269234879024 -0.505090992728859 -0.123713475933883
-0.0192005269785884 -0.00290501261127161 -0.258930687121099 0.333571344602035
-0.0142770473500433 -0.00442155058411101 0.10112296121381 0.285653618167796
-0.00925685773601815 0.00722380689018748 0.163668307268287 0.0729640991304879
0.00341515187831572 0.018004213168567 0.0604698906999206 -0.103952072088596
0.00115870494250031 0.00838201543173447 -0.0431446736583641 0.0724961765783271
-0.0102150958150242 0.0039510089619093 -0.114330419173776 -0.0559394933946689
-0.00450651084546156 -0.0102606166514711 -0.0960802234963503 -0.226875990911045
-0.00698135571920644 -0.0170723667700758 0.221229128921617 -0.252544983650105
0.00743309608580502 -0.0155931050629662 0.443324061855915 0.095615454556339
0.00592829214979491 0.00995918365861867 0.183781226126963 0.465974053772633
-0.0129067141076569 -0.00113473173324181 -0.159664454630318 0.324317380633724
-0.0139952035312255 -0.00860298497866802 0.0100801612601641 0.0498765323842368
-0.0065735408693976 -0.00870794124237642 0.173153041169844 -0.275942650482343
-0.00378587462840338 -3.05342068484763E-05 -0.150295401782891 -0.500600109580098
-0.00241326637178461 0.000479716395784199 -0.506685949812191 -0.111477692684167
-0.0200809156971166 -0.000998802959216031 -0.253925629901372 0.338098442805491
-0.0135313832151715 -0.00233313846879994 0.104815397836114 0.283291380553325
-0.00716179093224605 0.00896894422401272 0.165281960041976 0.0699158686024625
0.00601231835205328 0.0186714818808858 0.0620162588570759 -0.105540196432766
-0.00332378602367289 0.00592153816549883 -0.047329915578476 0.0777848688049302
-0.0109269428436073 0.00971958534651364 -0.121628850267634 -0.0458854912089794
-0.0050522975398754 -0.00117110260106208 -0.108851364276018 -0.219840695595245
-0.00300931767396437 -0.0116054075023947 0.205824596401503 -0.274926033241321
0.0105055060040462 -0.0173409338761689 0.44863762392603 0.0475292524213129
0.0113306037500608 0.00960555327992176 0.216782502708093 0.43079712431651
-0.0131669976247537 0.00447240623561124 -0.138046532098403 0.31672255370154
-0.0180524113108342 -0.00268160006663376 0.0142462011093377 0.0432495211572923
-0.00765619350643222 -0.00322750750180559 0.18291133130069 -0.280061340813067
0.000439448130635485 -8.91352119244248E-05 -0.125490070482949 -0.522240018776331
0.00407340957948544 -0.00146401602240908 -0.496810402564966 -0.152998793099998
-0.014513812306463 0.0040763780646676 -0.264616008143079 0.316036440781721
-0.0148995172852075 0.00814088980670022 0.0948350112652048 0.282196091254496
-0.0102983096791458 0.0161193381042482 0.157611117687485 0.0750580586649601
0.000157491315752533 0.0162085656804926 0.0562130209068777 -0.0991779166730933
-0.00439105955815685 0.00596563945833687 -0.0492662225736745 0.0779889711477083
-0.0126124787592111 0.00785895104167747 -0.122292064543376 -0.0445206286109789
-0.00640575776947189 -0.00456747260384216 -0.111207335189274 -0.218364698835595
-0.00360254527374267 -0.014209629155502 0.202295487474655 -0.276315983457901
0.0111844226120534 -0.0159711734757485 0.449663142355342 0.0414379036936937
0.0113251051047909 0.0127350246929867 0.220492071342852 0.429132383914573
-0.0136911341250018 0.00616507496609134 -0.135730988395656 0.318543800486571
-0.018560780443698 -0.00174612580951826 0.0132100676149656 0.0444868080090689
-0.00874826583884435 -0.00256237194668259 0.183629652743517 -0.277448052180191
0.000393936866901467 0.00303963924597445 -0.120481157957129 -0.523081243229151
0.00506462713787369 0.000272112464201824 -0.495703882223492 -0.15741388286511
-0.0143811410402802 0.00153512391939542 -0.267930477376957 0.313941706817926
-0.0149827097921798 0.00406072621069797 0.0918954388037713 0.284594974927189
-0.012020487235202 0.0137753482229685 0.157437384026017 0.0769258940378251
-0.00162422981331403 0.0158325346212088 0.055369459669441 -0.0979802848176854
-0.0046991461400784 0.00638380408520288 -0.0495106899298176 0.0775494011566468
-0.0140094252099262 0.00611057572308488 -0.122659986608487 -0.0445846408082639
-0.0075802079448713 -0.00758441325843656 -0.111680897913447 -0.217612526602057
-0.00457158298810381 -0.0162519188277497 0.201598248308152 -0.274914179871379
0.0115364074524436 -0.0148215586426108 0.449590064437005 0.0416067185927666
0.0111361666644192 0.015039836196326 0.221976322058914 0.431149591502749
-0.0142260788890304 0.00709033583631191 -0.135647018424464 0.320855419946921
-0.0184778035389392 -0.00168776351758938 0.011699755738036 0.0460339500100782
-0.00890797697234351 -0.00133547273508492 0.183518568001276 -0.275487567357875
9.02609300624298E-05 0.00572167586481925 -0.11814083024024 -0.520875586614015
0.00588542330007135 0.00158322598700466 -0.496819480742222 -0.156916524112175
-0.0153383592720882 -0.000144526860234058 -0.269339989516201 0.314305077688374
-0.0160709808582511 0.00020529965497282 0.0926301872165033 0.285855081772664
-0.0129871415294696 0.0111607757288647 0.158184296642242 0.0777842508877926
-0.00270919835341467 0.0162815638466617 0.0551902220710474 -0.0989346846940484
-0.00459869419067253 0.00702547538964103 -0.0495269350343587 0.0764905402074071
-0.014417105170492 0.00474093174856486 -0.121933891454746 -0.0453681120723044
-0.00774359476458113 -0.0101404809033294 -0.111191507488604 -0.21752445018437
-0.00588495765945293 -0.0175791820463699 0.202891775809136 -0.272498213030452
0.010989368320351 -0.0137185355958727 0.447681166777073 0.0477288133400169
0.0104651481913212 0.0164295926724608 0.219814822299453 0.434282561949803
-0.0145821349751074 0.0068197986048294 -0.137861905812503 0.323215629852345
-0.0179905846797599 -0.00262750108377055 0.0107684079619341 0.0472977967392155
-0.00865907816975923 -0.00158738798109764 0.182331491177161 -0.273050189981949
-0.000741455051392828 0.00705408401717167 -0.120884866895617 -0.517754931985343
0.00552623043942593 0.0026292769322242 -0.497438372105529 -0.153136943634866
-0.0160027606168634 -0.00215618748272237 -0.268616682618571 0.31713097182375
-0.0158150200968599 -0.00298473115275933 0.0940921247317548 0.286909338675596
-0.0130305370507422 0.00968149197467607 0.158906409410771 0.0779954049744111
-0.00212097878501226 0.016036990260931 0.055667506894841 -0.0984314533063768
-0.00385631160666767 0.00754868468163607 -0.0487321922102384 0.0755356974741344
-0.0145278730718619 0.00344797954411092 -0.120264048267259 -0.046904223776781
-0.00767145678203367 -0.0120306371431949 -0.108324659528619 -0.218276875904853
-0.00657003746287575 -0.0187719330794452 0.205176313812425 -0.268280349675578
0.0103428233945022 -0.0135988882952682 0.447146471567729 0.0571004713198348
0.00946857355347428 0.0160194267779416 0.213406061854484 0.440723502673243
-0.0144412664193457 0.00577171233267643 -0.141099722304726 0.32337387893328
-0.0173670694288024 -0.00343021698100606 0.00985138769716278 0.0489295637598574
-0.00843081104613532 -0.00261339244141044 0.179198200794865 -0.272775770868706
-0.00134172778575713 0.0064446232352477 -0.1268967407139 -0.513707454440478
0.00410622711581244 0.00293858027638465 -0.497996247034399 -0.142935804158615
-0.0171397643616702 -0.00361286353780918 -0.264712977644749 0.321519726595294
-0.0154373363907406 -0.00517380729923974 0.0961721602665588 0.2865712820565
-0.0119392019900571 0.00754730749488192 0.161077841386273 0.0771065023660693
-0.000714652096830948 0.0164772661449041 0.0567820386279922 -0.100625229682129
-0.00273441855792226 0.00817492818502409 -0.0474899508276789 0.0745841514819405
-0.013260843628082 0.00279516533677663 -0.117462830888552 -0.0488851962632381
-0.00693309419008392 -0.0127370764118872 -0.105337870592678 -0.220069073781913
-0.00714714044737702 -0.0188256682949517 0.209091406240634 -0.262538118328083
0.00896734444525731 -0.0137044333954987 0.443325145919449 0.0682290629810837
0.00812390002367099 0.0147768451809335 0.20432806972628 0.446990052699884
-0.0146248740634695 0.00383919401963064 -0.147058391494867 0.32386373414212
-0.0162219381736145 -0.0051403649406501 0.0100435192089359 0.04931227921856
-0.00832049864064696 -0.00416818500087031 0.177404005586443 -0.271867898222983
-0.00203640309860277 0.00543888855754471 -0.134066293542694 -0.50675074095259
0.00255976978402129 0.00269322582128392 -0.500109090403164 -0.129716217379801
-0.0184698084094805 -0.00344222405190894 -0.259680822748774 0.328692348441944
-0.0151503971215896 -0.00530126879929342 0.0994243021241796 0.285170207108668
-0.0107527668851493 0.00743303277235667 0.162559992318777 0.0742104240462469
0.00190392603150691 0.0174072847863153 0.0579862058199384 -0.102370439506008
-0.000594471660555488 0.0080652723000975 -0.0451063247719383 0.0731755632587339
-0.01179424862308 0.00328629064518648 -0.11534574660833 -0.0520529611009163
-0.00603104449203062 -0.0122764769200224 -0.100655667986816 -0.221397318931912
-0.00722469836526019 -0.0179183923982269 0.21351969485892 -0.257857259896498
0.00787207163527861 -0.014124860452639 0.443460129154854 0.0813473306412173
0.00674958394031274 0.0122996934579471 0.195828450271723 0.455332371147456
-0.0137231588393591 0.00150814785586414 -0.151577270979341 0.323852041836115
-0.0150651452862147 -0.00669791914083786 0.0097684413012498 0.0494088854244572
-0.00729649943267015 -0.00657734412634013 0.172660612279881 -0.273228300499833
-0.00337107387318481 0.00302667737125803 -0.144384857839132 -0.499961178679238
-4.82552906094875E-05 0.00152117666477336 -0.502986078533962 -0.117116954421111
-0.019377957656354 -0.00236350240590228 -0.253438401380207 0.33391534992136
-0.0142923818451159 -0.00491302165668008 0.104009787037721 0.283454208740837
-0.00886934445025692 0.00816880886100806 0.164220366365532 0.0702136028042001
0.00409000531567028 0.0176825489507157 0.0594629772415474 -0.103587639049214
0.00194770294181349 0.00852718586026626 -0.0422540555222302 0.0723532350081974
-0.0100076637152654 0.003945283132684 -0.113714582883005 -0.0538884577117924
-0.00434139961912961 -0.0104346749961957 -0.0975965261952532 -0.22348396431093
-0.00695970424838907 -0.0165742255253242 0.218449016772971 -0.253042731621219
0.0070389771470307 -0.0153814416007801 0.441354861537175 0.0916898816449734
0.00641724622161696 0.00928926602870388 0.186854239305364 0.461790482003976
-0.0130192383563495 -0.000805336603145374 -0.15569984811177 0.323102796267784
-0.0140953254209278 -0.00795689576743257 0.0101780711578188 0.0491648504826922
-0.00654623200369657 -0.00868930730204703 0.168865714954563 -0.275372461500204
-0.00449145895980962 2.33034204269161E-05 -0.152548723172856 -0.496163984747126
-0.00199188492321474 0.000554888452464146 -0.506824625150372 -0.105814149207663
-0.0203237488640069 -0.000801497843656221 -0.248922627610092 0.339496956906194
-0.0135869499398783 -0.00234861376341102 0.10814038204405 0.280334279139025
-0.00683599434658925 0.0093350089426108 0.1656009961045 0.0678155207065321
0.00643084399575182 0.0185003749199353 0.0609509417738763 -0.105765405599139
-0.00296833240255856 0.00646032673233206 -0.0470248027903099 0.0777608375420064
-0.0111305877853475 0.00994478748326443 -0.121201749729488 -0.0438847922989274
-0.0049088443537631 -0.00110547420414499 -0.109841329154925 -0.217044352014293
-0.00304515884416948 -0.0113426727416996 0.202422746696025 -0.275340006302606
0.0107544428159798 -0.0173889247930683 0.44719429901555 0.0435693400697399
0.0107853215776953 0.0091780092926697 0.218324953357318 0.4264843665617
-0.0130043352050311 0.00485050813644432 -0.134407193145421 0.315894437127859
-0.0177590408131797 -0.00229521810917988 0.0141255902235808 0.042620512911119
-0.00813441918991428 -0.0032695203379879 0.178641678591036 -0.279511259961206
0.000399278012240966 -0.000635768080559467 -0.128476714233535 -0.517574815215225
0.00448981864403665 -0.00195618048990017 -0.496073907188619 -0.147400724022081
-0.0147892385944014 0.00430953930925394 -0.259846573389154 0.317055660920114
-0.0148872973735257 0.00816146197396932 0.0968500083845768 0.279080519205138
-0.00991823286406333 0.0158266429519986 0.157784437719911 0.0731688601828461
0.00103881319826747 0.0162532967020259 0.0553863044796968 -0.098259670768046
-0.0042708981588414 0.00594029036447214 -0.0481483712665246 0.0777675226179225
-0.0126761300765876 0.00798194106523281 -0.122007647289986 -0.0432205567209155
-0.00633849790074166 -0.00434852610432127 -0.112115452689765 -0.215678571570177
-0.00360381777565514 -0.0135341054367591 0.199453023565558 -0.276525811006508
0.0113720418359275 -0.0162800509575781 0.447915399059081 0.0378151478438273
0.0118669654004061 0.012228054674175 0.223716185488351 0.425427268848314
-0.0139435095083752 0.00607851365481304 -0.132130270240744 0.317632577089572
-0.0178839127682682 -0.00187479036363192 0.0130659853395644 0.0441701719534997
-0.00890703754548753 -0.00175363096569176 0.180563059039519 -0.276366089497614
0.000426524352862657 0.00252660318629731 -0.12302450695374 -0.517873640595584
0.00558559881640236 -0.000210520740644555 -0.494618919868384 -0.152200172628184
-0.0146485594570127 0.00215299303106426 -0.26285226413711 0.31443304923404
-0.0158817324272458 0.00400897805935734 0.0944680869821842 0.281658184759113
-0.0114834806145041 0.0141310584147063 0.157538397688349 0.0752389787902761
-0.000899634263956979 0.0153013470440314 0.054726468203661 -0.0974982756144593
-0.0045059999727627 0.00660399049520511 -0.0489042332372542 0.0774483019001113
-0.0138567909783759 0.00656932659746676 -0.122448868241459 -0.0427000525644562
-0.0072691986534824 -0.00737485924813319 -0.112066420524866 -0.214321392740232
-0.00477917823297694 -0.0154328595883279 0.198682702654735 -0.275099002092941
0.0110380727136527 -0.0147704679340026 0.446311184862853 0.0378991881553608
0.011248850191173 0.0141695488942003 0.223943661781377 0.426321931844206
-0.0141389128088049 0.00691014202160076 -0.13204753910472 0.319080506009076
-0.0181625477330613 -0.00195901421015046 0.0122301652751378 0.0457006306723377
-0.0091500428921327 -0.00124256316587678 0.179446716812017 -0.274108816379869
3.52352533778844E-05 0.00546847261808352 -0.123167151785355 -0.517296142701613
0.0059939910713076 0.002027444984827 -0.495534959502506 -0.152168992699971
-0.0155466232721981 -0.000310769410436142 -0.26422416499861 0.315699082023307
-0.0161619887033266 0.000114097700182985 0.094783211401862 0.283405343537365
-0.0125073210501765 0.011496952513289 0.15807531561929 0.0758793069416896
-0.00183130434406781 0.0150690028164859 0.05467708803908 -0.097969669523487
-0.00466240710105101 0.0069978076246028 -0.0488693269178707 0.076458395565478
-0.0142890239161296 0.00494367800776742 -0.121410723122366 -0.0438673463933888
-0.00827470423247967 -0.010377902693729 -0.111544027984219 -0.214743705631806
-0.00624535938272858 -0.0176766767595167 0.199864747980166 -0.272462359222045
0.0103010582668932 -0.0140180214821431 0.445806900446184 0.0435398127890089
0.0109394373335908 0.0157068454004455 0.221454484468437 0.429987644820517
-0.0146249390087986 0.0070047733114237 -0.134629754264077 0.321674934204445
-0.0180016810042198 -0.00174568712140118 0.0109041276729172 0.0469068652407911
-0.00901870468861492 -0.0015547032691785 0.179193150345748 -0.272020974323537
-0.000324344574988518 0.00693274284073769 -0.122311993482916 -0.513401521157399
0.0051723779985831 0.00257646384091529 -0.496274264194106 -0.147195644607023
-0.0159384315829793 -0.00218921668478017 -0.263476294835469 0.317980364558383
-0.0160658243032452 -0.00285842444713121 0.095170370109759 0.284428176422694
-0.0125254112721312 0.00951455779014907 0.158730753272628 0.0755465726320199
-0.0019818581312761 0.0156512220473783 0.054849264797856 -0.0984348858741014
-0.00373555392784221 0.00756962256231877 -0.0481326581747001 0.0750850843647966
-0.0140582619911198 0.0035402119260442 -0.120030186459928 -0.0454183955667214
-0.00803068469258073 -0.0121336334127392 -0.108911595941198 -0.21518426406972
-0.00708854927008489 -0.0186425795478588 0.202460543542267 -0.268724989777213
0.00996832831643946 -0.0135663278275854 0.444031409545229 0.0534440954449431
0.00990302872435999 0.0158551882890834 0.216005753973705 0.435544462832543
-0.0145317912319894 0.00535946465114009 -0.137940312223726 0.322182647123741
-0.0167968212457918 -0.00278706996801947 0.010343614445105 0.0487348143172881
-0.00884694853374116 -0.00271024229196191 0.176505853623679 -0.271528331567495
-0.00153030125773601 0.00647046546512466 -0.129459434993584 -0.509052023132502
0.00409940527542683 0.00247800263300107 -0.497852577061462 -0.137972183670998
-0.0170873382245147 -0.00328179089480478 -0.260815505823411 0.322841958905232
-0.0156959262255174 -0.00492687680244045 0.0983016561954262 0.283992586460368
-0.0117424040612938 0.00827338737998112 0.160989775712472 0.0749147196921847
-0.000340263791251154 0.0162388836667037 0.0554193787038524 -0.0997834199064516
-0.002234156784761 0.00796130363184883 -0.0458793899093875 0.0739890791751973
-0.0128864514557546 0.00289890850529324 -0.118027704864359 -0.0477682877447427
-0.00689935920711833 -0.0124414076646237 -0.105364658128947 -0.217091670633842
-0.00705578755344169 -0.018467360973009 0.206817423684751 -0.26351918238823
0.00915275899179067 -0.0135856866904369 0.443227099717066 0.0637684386240102
0.00828530320180677 0.0144869502296108 0.206286784650162 0.443348730441449
-0.0142567459356979 0.00342607556552226 -0.143742767297705 0.322801440312132
-0.0157350081711827 -0.00476318977104434 0.00948033576502843 0.0496307383171549
-0.00854527029959481 -0.00416981276072763 0.173322301631412 -0.271230688733774
-0.00227930826694201 0.00524884071698203 -0.138294586660057 -0.502710324810997
0.0023739067202928 0.00289820594161273 -0.499478521895388 -0.126232972215094
-0.0186942658816351 -0.00269748864163503 -0.25470683305123 0.329281855656574
-0.0150740150568198 -0.00521104227151312 0.101218205375252 0.282434339644507
-0.0101402221902861 0.00781685756049334 0.162365306121711 0.0714988355427363
0.00138015167913009 0.0170027954763202 0.0574517249232269 -0.101942286248158
-0.000480890281327084 0.00807916925468448 -0.0440201289234888 0.0728401199096949
-0.0115566842841227 0.00302957054019916 -0.115715416715946 -0.0505345434814477
-0.00597725937922664 -0.0122894771764051 -0.101358308265447 -0.21851209119027
-0.00758486900380237 -0.0175409301664402 0.210861545105306 -0.258220677413146
0.00759884717352239 -0.014487200803518 0.44114112658113 0.0761317838818083
0.00707070618898532 0.0124331342359975 0.198203789223217 0.450064629679435
-0.0136694566216884 0.00173055860405792 -0.148261919898981 0.322102809062439
-0.0146558175158549 -0.00603735688675801 0.00913692330361197 0.0493396710252416
-0.00783027607506649 -0.00632543636577356 0.16900910989265 -0.272241223836949
-0.00311765384315571 0.00243547178759978 -0.147243445867498 -0.495675532194727
0.00040534485880624 0.00170107307989932 -0.50123401186542 -0.112182069344998
-0.0196086415501994 -0.00219268926165022 -0.249706458674953 0.334474657497033
-0.0146383373163842 -0.00396571937420522 0.105663737733373 0.28012747719929
-0.00837795146073498 0.00803569870639877 0.164039670317897 0.0688619407943355
0.00429745120015226 0.0172704283840609 0.0583437418371203 -0.103309607808281
0.00200407533493782 0.0083576104088476 -0.0416988720323837 0.0716412730417852
-0.00957178524361431 0.00383857955082655 -0.114280570001205 -0.0525319133287898
-0.00512757747014905 -0.0101093194968585 -0.0980679910046711 -0.220581747909566
-0.00694117425262288 -0.016334159654582 0.215730190003173 -0.253334149799083
0.00652543198140981 -0.0152115831008119 0.440264896129629 0.0863513579538755
0.00603444412401648 0.00920005793034391 0.18943210163208 0.456548542313734
-0.0127904996040795 -0.000595940569013501 -0.152389384650697 0.321626498380094
-0.0138090382715898 -0.0078462934229863 0.0106572132961887 0.048992873833184
-0.0074894077329351 -0.00826680128707956 0.165675684060981 -0.273780084620067
-0.0043487301623264 -0.000189514539840121 -0.155646763210786 -0.492753933834369
-0.00172504794038884 0.000341498548740743 -0.503759488774894 -0.101216781901348
-0.0201741287419956 -0.000395701947087438 -0.243267128294113 0.340149479818439
-0.0137663700150014 -0.00150865803109613 0.10896698084128 0.277571350305961
-0.00663044709712183 0.00900629978278239 0.164946778633838 0.066172757355981
0.0070713520327269 0.0178566639555553 0.0597041993732365 -0.105224718911857
-0.00310373493610751 0.006117743787649 -0.0465128160535267 0.0774141673229528
-0.0104315458922392 0.0102303272468616 -0.121242794432439 -0.0429303949219118
-0.00507180053413113 -0.000789958099645447 -0.110317201110796 -0.214019472282511
-0.00302768470985005 -0.0109119638214392 0.200167496862601 -0.274825827374488
0.0103526318043271 -0.0170648320336738 0.444385673092216 0.0397487286342995
0.0112225894300526 0.00886554238968636 0.22117969624811 0.422307415412937
-0.01324717122336 0.00477628187159874 -0.131099417291153 0.314246462532764
-0.0171403288520355 -0.00204703965938148 0.0139369227619702 0.0418973799301475
-0.0084480702461344 -0.00266421603204277 0.175454346984765 -0.278107926479331
-0.000267254001417701 -0.000382075631144512 -0.130152955122577 -0.514863660801701
0.00479246350698084 -0.00182998172521985 -0.493215828192337 -0.143201057026678
-0.0142105352692173 0.00490894860768179 -0.25647869873699 0.317157607625767
-0.0149147445495638 0.00850188988282672 0.0980511595764443 0.277036899979454
-0.00921210251322208 0.016173790204056 0.157779954532253 0.0713092998314294
0.00147192231081665 0.0157031404666883 0.0548855373190598 -0.098277810421131
-0.00370666457904552 0.00635616621641021 -0.0478453918976347 0.0773008385966579
-0.0123494283985309 0.00788465966643528 -0.122102285627645 -0.0419398816382701
-0.00585171897200109 -0.00423667741812629 -0.111727260539858 -0.212437748186107
-0.00386554263542867 -0.0132301864198755 0.196832508470391 -0.276190818138555
0.0109968353950766 -0.0159334999828429 0.44412200984128 0.0343672933416309
0.0118909994455832 0.0120137194419252 0.224309185892973 0.420511957466078
-0.0137618213733068 0.00632543960865564 -0.129776336980814 0.316568975236016
-0.0181341698296242 -0.000977299855389008 0.0126872506551102 0.0434860289675974
-0.00936967763008098 -0.00142945541393995 0.176874886293277 -0.275499180996603
0.000322406331511085 0.00263397675243644 -0.126272951409013 -0.513442451842396
0.00572368447388699 -4.11656375947193E-05 -0.492930646528344 -0.148206434389248
-0.0145923777894758 0.00218453961319934 -0.259393864918711 0.314798280513893
-0.0160298428720409 0.00430257333735177 0.0964712261730259 0.279667455904323
-0.0110989176770967 0.0144918483975372 0.157517849641571 0.0737395453059142
-0.000322000740787588 0.0147594101763249 0.0541614984331427 -0.0972603412829369
-0.00446854445798258 0.00660252922049386 -0.0481406217795278 0.0768364787260761
-0.0131712032460158 0.00646567276916084 -0.122151335432455 -0.0413224447425011
-0.00736929232030577 -0.00749824951514197 -0.112706529473852 -0.211365205112713
-0.00518748188351278 -0.0151229459378491 0.195529479458376 -0.275048189702526
0.0110706687710194 -0.014973365284209 0.445491471753024 0.0346718706544437
0.0120711077023144 0.0142016296281267 0.22514395770696 0.421383558964732
-0.0142399259266663 0.00739926063582242 -0.129711151229369 0.318149419536513
-0.0179074906675884 -0.00120919464041682 0.0123769682448057 0.0451824277926534
-0.00911690190556565 -0.000569195834792169 0.177055524172184 -0.273621137136655
-0.000135297326107368 0.00477930135613706 -0.125306736023315 -0.512683329178982
0.00605830018196828 0.00133122128462663 -0.492997162095947 -0.147401743955736
-0.0153819064020723 -0.000310784999054483 -0.260181805642811 0.315550377771108
-0.0162582126262009 0.000200618908485143 0.0956616055238453 0.281013568071362
-0.0117212111096109 0.0118458830539901 0.158358783754155 0.0743957182581804
-0.00124279812030168 0.0156582209420191 0.053431275654662 -0.0975572963475834
-0.00411108727405171 0.00723135314417475 -0.0482467637735605 0.0760322988142113
-0.0140260944423736 0.00489030121233014 -0.121067356426856 -0.0420707509608219
-0.00760585025947031 -0.0104319896733014 -0.111965285874216 -0.211912230329318
-0.00629455345881761 -0.0170421653984442 0.196971872273626 -0.272319999588762
0.0108447461826017 -0.0142013198834905 0.443650394756342 0.0395405280389677
0.01072291399217 0.01546387573301 0.222463635762832 0.425249203132653
-0.0146056815326822 0.00709525013144087 -0.131640788431859 0.320485151718745
-0.017471653252038 -0.00150859991493515 0.0112022971749625 0.0470399733584509
-0.0090287146138955 -0.000907142085509195 0.17581374414695 -0.270852503656517
-0.000960154210523558 0.00654834640488362 -0.125566570246058 -0.508905739219218
0.00584886529467123 0.00210086758480007 -0.493754001059365 -0.142777957742501
-0.0154876655667723 -0.00228875027400348 -0.260473259548421 0.318033914855346
-0.0163943987356947 -0.00274256318556461 0.0970402588135573 0.281932559780874
-0.0119226791598709 0.00960099808017547 0.159353729899128 0.0745735937228533
-0.00070681324377262 0.0156810365423999 0.0541482833822625 -0.0983252673208011
-0.00390066788083872 0.00755153777385217 -0.0480036323340944 0.0748803025133265
-0.0138449861741274 0.0034149204617793 -0.119503948733082 -0.0443458839259914
-0.0075109845282838 -0.0117598731856275 -0.108836413382531 -0.212855084594348
-0.00696526970334454 -0.0180034103906625 0.199719942137701 -0.268221377936022
0.00958843499710128 -0.0137368901906019 0.442994317938781 0.0497766287367745
0.00957660149606109 0.0153352547336267 0.217882200272671 0.431725418687042
-0.0148844275259604 0.00602023356061242 -0.135383919331653 0.321305938471918
-0.0169694203692985 -0.0031194054340752 0.0105536311759348 0.0477549106576934
-0.00913055435265646 -0.00196631822458942 0.173716532490431 -0.270319874823607
-0.00145030291671023 0.00652617600288702 -0.131258282824914 -0.504352198085776
0.00463254259381946 0.00232549215739896 -0.494932251009954 -0.135102986681187
-0.0169790841949095 -0.0027125021255556 -0.256196246410745 0.32291005708696
-0.0161908522020465 -0.00467871245592585 0.0995049458495879 0.281754714528053
-0.0113056130082053 0.0085542389587418 0.16028210500894 0.0730621627822281
0.000450304460096849 0.0159117626740034 0.0548641675312809 -0.0998344033359718
-0.00185006963001708 0.00795972601938701 -0.0456730422426744 0.073613486712956
-0.0129874044791755 0.00346904147058008 -0.117500553874856 -0.0459170570023342
-0.00739033667377187 -0.0127013782351326 -0.105745411911574 -0.214335194361389
-0.00763961320563961 -0.0182412348491419 0.204186255541019 -0.262750474980238
0.00884036553732801 -0.0134090239864986 0.440950340942284 0.0607481759380119
0.00833853113922674 0.0144075748902537 0.208771916595323 0.438234822313318
-0.0144422783369019 0.00423771414980164 -0.140988137446326 0.322382067152597
-0.0162790358244731 -0.00426250150251551 0.00992664224756521 0.0488333003712793
-0.00865093310130638 -0.00350117678286806 0.170962885930291 -0.269272008736812
-0.00244757063128456 0.00569844392766257 -0.139729129486466 -0.49786233793618
0.00240359386268751 0.00269068394924142 -0.49744481153022 -0.121276932762849
-0.0182110372735659 -0.00285680562453194 -0.251334630964539 0.329240674883571
-0.0155590900405303 -0.00491445286834286 0.103472712409705 0.279657258927643
-0.0100761817462694 0.00805485907653036 0.16274754611737 0.0703968858423188
0.00253733916288108 0.0166797709853764 0.0561361712169191 -0.101183963380657
-0.000288288329931149 0.00817235701618169 -0.0437103706178769 0.0723900095202794
-0.0115103419863717 0.00347995983394315 -0.115245143009874 -0.0489385092136316
-0.0059489091531244 -0.0118936567879984 -0.101611791717357 -0.215801843585232
-0.00765354954664497 -0.0174107561471938 0.208853782664678 -0.258678930974958
0.00786871026545549 -0.0142108620206503 0.438689203447138 0.0725921484367139
0.00736727367981074 0.0116750704960583 0.201303379917444 0.446573434920007
-0.0133371254628636 0.00163570855221495 -0.145681699465395 0.321507014612138
-0.0145382419411842 -0.00614691026173974 0.00950482019589774 0.0491344222919247
-0.00791945484541175 -0.00557079183571347 0.166319893713971 -0.270426624568637
-0.00346098862097433 0.00322173236655167 -0.150211966879969 -0.491993029884026
0.00051659326026052 0.00183509607722965 -0.499339232152996 -0.108072294517616
-0.0191825070751225 -0.00172882030973028 -0.24582087600882 0.334867767883453
-0.0149484161001413 -0.0039172993540837 0.106976477766414 0.278612136691731
-0.00780430823832001 0.00872740669252604 0.163538753259987 0.0678604970891907
0.00522834228422607 0.0178071377195882 0.0575416061798895 -0.1032954590132
0.00205160917504016 0.00794947797948121 -0.0407731621920931 0.0712374213854181
-0.0096526976806133 0.0040527951374365 -0.114028664914128 -0.0507318062263132
-0.00456235864600123 -0.00985259612793573 -0.0977498729003989 -0.217852207431984
-0.00682421388852913 -0.016184183622733 0.213537443991586 -0.253327155113371
0.00668257287567251 -0.0152435200211765 0.438565476228556 0.0827213050343058
0.00653460415304889 0.00884067426834027 0.191006976757057 0.453640504493385
-0.0131971780780221 -0.000541479926495465 -0.149204511926744 0.320895517061085
-0.0134893962247425 -0.00746161992539492 0.0102373582592541 0.0483827761659318
-0.00801570199609515 -0.00758918759846642 0.163197610008267 -0.272739361009692
-0.004455939000396 -4.517947502229E-05 -0.158048229107309 -0.487435597755299
-0.0018314644092473 0.000591079123620251 -0.501041245156078 -0.0968888712573533
-0.0201102528369788 0.000469762088296711 -0.239956473308276 0.339853079183124
-0.0140110687339425 -0.00188882789133388 0.111296345957517 0.274910361061611
-0.00594930537021721 0.00956632944457809 0.164894315843183 0.0650815263035584
0.0076251069697997 0.0179905617331079 0.058904520989199 -0.104658375775693
-0.0055652533477104 0.00443707029328577 -0.0744232140686823 0.0499682439187183
-0.0136876902001379 0.00415373774974727 -0.090912626010112 -0.0895773398613141
-0.00468908348307474 -0.00354846589344339 -0.00682114226878189 -0.240791385915616
0.000725568592187888 -0.0110826186280021 0.299730773621871 -0.167084085386568
0.0129443564774126 -0.0125920148214829 0.381442532595533 0.226176712918619
0.00537903614970246 0.0112029636090572 0.01910715659688 0.474423122743462
-0.0138024668042044 -0.0017443612688639 -0.252963744249791 0.228099621394545
-0.0144644614941631 -0.00865117288468221 -0.00520216487559035 0.0434294963180022
-0.00703681521878393 -0.00842829977351304 0.273691713387954 -0.174355656058736
-0.00413586941200606 -0.000874437651716259 0.0988082137739096 -0.520368674736334
-0.000103110335183005 0.00437038438631555 -0.379392608653124 -0.337034846053801
-0.0128473732079639 0.00337522806844448 -0.365492203696381 0.175320605813204
-0.0129845838201465 0.00349088446107118 -0.0286647379878698 0.288500607764223
-0.01178773412816 0.0105398207650606 0.112939741347762 0.129019160756813
-0.00384559366065788 0.0128691696837916 0.0904147464573929 -0.0658687001782403
-0.0060963294351348 0.0034444647919311 -0.0758814879699388 0.0491698607711684
-0.0145319686811932 0.00173902546984787 -0.0926352350042019 -0.088524550924721
-0.00415628537518073 -0.00682586787344164 -0.0100634317147748 -0.23978829715708
0.000965183512682947 -0.0128690692184277 0.296484649320437 -0.169489602210672
0.0130030972115996 -0.010970842082398 0.385995546581374 0.220351497459253
0.00450326050902239 0.0140263954496475 0.0223027806225689 0.473755929789776
-0.0149343644888058 -0.000458370375407253 -0.252344826341423 0.230026745853083
-0.0153725595848843 -0.00841906915311479 -0.00660445689176428 0.044340351603617
-0.00811446368254629 -0.00680701157415715 0.273651390664697 -0.17191314096597
-0.00513368854426774 0.00240512199846617 0.103610218181704 -0.517548518426199
0.000623434338086952 0.00646896674045793 -0.37711862266334 -0.340894209418971
-0.0124700893563321 0.000861687580344628 -0.367680117862818 0.172772637437774
-0.0123775365773762 -0.000510601769208907 -0.031298887254024 0.289836836166535
-0.0124931958218801 0.00841244986081543 0.111681051500168 0.130372145610222
-0.00556205451029726 0.0130491960567511 0.0890753764285352 -0.0656839148895157
-0.00712057865825705 0.00368798060641444 -0.0754166983491901 0.0491066264065027
-0.0148155962956122 -0.000134431240409977 -0.0926559031402796 -0.0887879353400141
-0.00361026776104665 -0.00997545329895464 -0.0114576707332024 -0.239243144440846
0.00087396600846767 -0.0153225098069755 0.295772833927757 -0.168679844444542
0.0125057964492282 -0.00945794093809515 0.385606198081816 0.220768780209961
0.00339589486665128 0.0161786682554341 0.0234207845645611 0.474564819660886
-0.0159679525101356 0.000540740450137603 -0.252356794008042 0.231696316265815
-0.0159712121617274 -0.00825159279149179 -0.00825182699819512 0.0456452604585771
-0.00852125895896769 -0.0064874553456459 0.273320798343105 -0.170292368035433
-0.00653368261658507 0.00475654699390445 0.105104044538598 -0.517369852512377
0.000317978027604298 0.00788717724675612 -0.378139070598521 -0.34142290683016
-0.01166448124633 -0.00161861195161773 -0.368566892490758 0.173301671908216
-0.0110780201707705 -0.00391417124110012 -0.0326652204773524 0.291034901370193
-0.0118006630844363 0.00570187140792171 0.112248646902549 0.131445156570264
-0.00588684216908698 0.012553373268128 0.0895389707286659 -0.0664491887704758
-0.00684182154927722 0.00459425353563027 -0.0754277431360365 0.0479013678951534
-0.0143562531533848 -0.00177990563235749 -0.0918037186135895 -0.0886564490696376
-0.00285780208115128 -0.0129348072348698 -0.0102891640766543 -0.239011505248543
0.000661292418754178 -0.0177492770471149 0.295347998601316 -0.166637116715841
0.0118665685937533 -0.00984863261976241 0.381793941702832 0.226652564848877
0.00242200074195067 0.0164972069463699 0.0192472831416794 0.477347485748327
-0.0156631821875703 -4.71214445991568E-05 -0.255459811335484 0.232969862594105
-0.0148391288280721 -0.00861663362815201 -0.00984711159880009 0.0463708184771908
-0.00850675980098174 -0.00664996556694914 0.270975827641464 -0.168926061745355
-0.00772025487143884 0.00530573879706038 0.103423400642585 -0.514117324402762
-0.000452212098736618 0.00878555097424185 -0.379438550965816 -0.336945956154152
-0.0115730541995319 -0.00341839250384033 -0.369635233572408 0.175465080882664
-0.00988660129542613 -0.00734764310213666 -0.0317478948517879 0.292243621513259
-0.0115329238397477 0.00423090951578986 0.113282312669754 0.132351828599588
-0.00562126764927108 0.0126126741792203 0.0894050923797487 -0.0668137332745
-0.00653646106454502 0.00523457520159642 -0.0744111946171498 0.0476570164029494
-0.0139353924896667 -0.00269182548852608 -0.089397681259593 -0.0897680430032907
-0.0022558931427915 -0.0143276891467805 -0.00790895794409309 -0.238468101986812
0.00063595936986158 -0.0185048031265957 0.295854466184961 -0.161342887279379
0.0108075079849018 -0.00963714357322337 0.377068624615413 0.233751667533256
0.00140520212497233 0.0163998992314941 0.0109119628715047 0.480134584801079
-0.0158151312153703 -0.00105469331841376 -0.258713248944506 0.232492251826349
-0.0142380776240956 -0.00920081701438782 -0.0106840022113698 0.0474524424118689
-0.00818131576366797 -0.0077200289870142 0.268118710202439 -0.169558154870922
-0.00834772433125185 0.00506449062992357 0.0951365681194086 -0.511401000710166
-0.00152625595648283 0.00838512768571849 -0.384462392338343 -0.330379852242546
-0.0122358822327519 -0.00457595182676431 -0.368105251283051 0.181104261669755
-0.00883125533503765 -0.00893420715156753 -0.0293247429506931 0.292871492208365
-0.0101617833831265 0.00281566739423181 0.114570125835641 0.131261721260855
-0.00448763585540404 0.0135786351891538 0.0915415823152642 -0.0672488379112209
-0.00486213971806424 0.00641872700187657 -0.0722765695854606 0.0469091976522762
-0.0121772748713371 -0.0026577428188674 -0.0864956522224956 -0.0908539668709271
-0.0018656624479914 -0.0144922785315347 -0.00436512309152546 -0.238954560313817
-0.000232786920534129 -0.0188855678893393 0.297874171249424 -0.154544635039095
0.0101074709120207 -0.0101107777833713 0.370419084115415 0.243071964333425
0.000920165370279856 0.0146539321446926 0.00079695673643723 0.483194304402803
-0.0147868101620637 -0.00246631845976709 -0.264660804084942 0.230766107880974
-0.0119928431146069 -0.010381206707888 -0.011295122583587 0.0478579611888899
-0.00680703634105794 -0.00874247860426145 0.265672527751302 -0.170071342688142
-0.00875689055739494 0.00361742073565258 0.0844324328071558 -0.508369078098893
-0.00285465313469509 0.00725749157592073 -0.392578330156829 -0.320633497061084
-0.0132620687946701 -0.00528904644725984 -0.366286646581214 0.189188441285586
-0.00840334560926621 -0.00910582969397514 -0.0262176654406819 0.292585518136342
-0.00893211993780678 0.00316671222787063 0.117623429634579 0.129906313521805
-0.00304090409958663 0.0141689948598199 0.0931110597126475 -0.0683262838925418
-0.00368507509151649 0.0075365651557765 -0.0691359652878936 0.0459265203111508
-0.0113588640472041 -0.00156531013891593 -0.0836608960565689 -0.0923773561825015
-0.000845392941108366 -0.0137205954835924 0.000646807759914799 -0.238234610002101
4.39356076514666E-06 -0.0183886768098493 0.29955204635081 -0.147792455259677
0.00990718743447307 -0.0106140884847714 0.363426651181799 0.253963221478899
0.00101155925544154 0.011568581349222 -0.011118520084817 0.486023950489867
-0.013310171553157 -0.00458487215380222 -0.267843351090957 0.227244109829877
-0.0108552010629463 -0.0107964876316449 -0.0116318441316684 0.0477011950347688
-0.00576692785076459 -0.010246032031242 0.26241878866204 -0.172748255322144
-0.00849315719801926 0.000891097748695653 0.073705160979574 -0.507696628972392
-0.00452156691179641 0.0057477730164129 -0.398980619027876 -0.307819959335242
-0.0142411031884395 -0.00443486030498515 -0.363499118044776 0.197424011356742
-0.00766206750409545 -0.0080372497517734 -0.0210545684627518 0.292615047203313
-0.007502167737476 0.00404495814923587 0.120320103213659 0.127795879654771
-0.000564701006995223 0.0161439018416107 0.0951192796645677 -0.0691022024245306
-0.00203589033056197 0.00856874515842805 -0.0666051712589842 0.0460813958082378
-0.010207114037442 -0.000187001660787559 -0.0811578017748714 -0.0943676570798752
-9.48437267834096E-05 -0.0116597367134618 0.00514878689502282 -0.239015676316365
-0.0010694763913879 -0.0170057901277423 0.302142800981118 -0.142039716191877
0.00913921457589265 -0.012747007035206 0.358388198726633 0.263276747029986
0.00126298411221885 0.00876732543304209 -0.021486454277688 0.487960181567976
-0.0117121203223544 -0.00614637599461575 -0.271397565108643 0.226006870639351
-0.00962828360908337 -0.0120415162739874 -0.0111357772934793 0.0472414022426727
-0.00371997614240945 -0.0116771356635601 0.259905097239221 -0.175709378935853
-0.00821496995930499 -0.00230220324799219 0.0635890602821841 -0.507976742138975
-0.00564492748325376 0.00410865955719623 -0.406107682354439 -0.297825734179412
-0.0158392642382167 -0.00315389995495681 -0.359888221748175 0.203934571737767
-0.00774266611016596 -0.00513216768051133 -0.0167462566355347 0.292538984975845
-0.00602034992985766 0.00637513827934882 0.123072802307373 0.125484114240258
0.00100784591140064 0.0178153982471632 0.0972707947009537 -0.0699386762971117
-0.00527220864261797 0.00437163373983465 -0.0733441063621084 0.049625898266295
-0.0134942657631395 0.00432572290330081 -0.0911565748227759 -0.0886332175465499
-0.00450463076109486 -0.00322594957208486 -0.00783698108715748 -0.238895143659689
0.000204959790463596 -0.0104081176066142 0.298247763178804 -0.167935531164205
0.0130169885824751 -0.012447904692721 0.38237102572042 0.221931698820795
0.00586264815731376 0.0109399734868381 0.0209737963297189 0.471610341378348
-0.0137181928913846 -0.0012258648437984 -0.251014396881517 0.22736267858487
-0.0142596813011966 -0.00826967505401578 -0.00448470400456054 0.0433735217698585
-0.00684964821689294 -0.00737392923236311 0.271373623622753 -0.174245347691096
-0.00499170836654387 -0.000705119120453161 0.0972577718598665 -0.51823978217548
-0.000136510070460798 0.00425620686381347 -0.378777663637762 -0.332722992438843
-0.0125925819888714 0.00347286753034992 -0.362716228018321 0.177482631694028
-0.0133884521500774 0.00372130981139918 -0.0268155431304705 0.287378522650383
-0.0114328310250482 0.0109482014629364 0.113857735073621 0.12770170136784
-0.00308033892972098 0.0129427412496037 0.0898247168394991 -0.0654522395885695
-0.00583720749531911 0.00380373100305804 -0.0753825875691433 0.0489670613894976
-0.0142609264659851 0.00216616498734584 -0.0924284699366098 -0.0880290102498108
-0.00416009172182073 -0.00680983329691283 -0.0110738070756385 -0.238439283887408
0.000349403848876589 -0.0126098117727105 0.295074497248814 -0.170587460669866
0.01295463275352 -0.0109191548481846 0.384671387544507 0.217318990156494
0.00514103546043638 0.0138796607851614 0.0255351040195887 0.471205870045298
-0.0150686866856342 -0.000124964897423373 -0.249704598835011 0.230046191795042
-0.015804784491215 -0.00788450214210876 -0.00635836441013892 0.0439550795890368
-0.00871040194314584 -0.00661519257423506 0.271256703129662 -0.171837265112711
-0.00522248163294536 0.00189021116568633 0.101523700184103 -0.515409092810587
0.000776504242536741 0.00645115978566336 -0.376824956693273 -0.33675932228473
-0.0122748698933919 0.00110539127169148 -0.365126398461119 0.173932010756862
-0.0120888301669787 -0.000499992732789815 -0.0298578481989419 0.288929876754093
-0.0122418663990194 0.00863770543653492 0.112429610988969 0.129663754868172
-0.00438494561087929 0.0123824293998437 0.0889075121810835 -0.0656509890446428
-0.00700665491177099 0.0039888263994454 -0.0757931741868512 0.048851668235392
-0.0144749002252554 0.000166282199747231 -0.092740088314565 -0.087300514802879
-0.00370012468388313 -0.0103608059845789 -0.0117883162852145 -0.23766490618833
0.000311668863011878 -0.0149928049186743 0.294205651201477 -0.168248149971475
0.0123618035657528 -0.00970874425375107 0.3843447423281 0.218277435447855
0.00378348327315437 0.0159509464695951 0.0255344967367658 0.472568500512958
-0.015991774268339 0.000124381960416086 -0.250518190871127 0.231513646398937
-0.0155280153811086 -0.00781384966729651 -0.00785970003511735 0.0454612776083984
-0.00922670063643469 -0.00607445277228096 0.270702387141527 -0.169307046996762
-0.00664607280730808 0.00417907271923967 0.102706610317611 -0.513773696849343
0.000437376535274992 0.00765860822892061 -0.37717210477372 -0.337764020071793
-0.0114002320302524 -0.00115126889855769 -0.366389562106717 0.174164491967616
-0.0112330445339506 -0.00401254665604127 -0.0306197109019787 0.289886393610811
-0.0119186532897589 0.00643765782956046 0.112385063677631 0.130823804337096
-0.0058288189178582 0.0122945283163068 0.08851374069395 -0.0653742194072047
-0.00663416672782691 0.00439810123482608 -0.0748866915743794 0.0484554712220223
-0.014422597463873 -0.00193692551875262 -0.0920261575836148 -0.0879161127745873
-0.00276825983006283 -0.012723911306041 -0.011334084715687 -0.237078010655663
0.000428788634184295 -0.0170420404771479 0.293679859615948 -0.166418268199431
0.0116214871362726 -0.0093253258351997 0.381867330210676 0.22349206504799
0.00273562924116166 0.0163590444496645 0.0203129717315909 0.474919381118818
-0.0163052927278992 -8.85323378205741E-05 -0.253211655805567 0.232775387127077
-0.0145633910623048 -0.00819643793349278 -0.00983360959117017 0.0464998201576008
-0.00893869341293197 -0.00646141829170011 0.268237132296535 -0.168062036295596
-0.00742963348808876 0.00553027976036648 0.0993733476597536 -0.512165117854225
-0.00015771406095536 0.00874529832808708 -0.379671278187819 -0.333392583855575
-0.0114603687143788 -0.00341387532945311 -0.36669441913531 0.176313866506523
-0.00971820182702489 -0.00699313156222029 -0.0300359666298091 0.290399148223539
-0.0114227458758203 0.00417838188074443 0.113231753425524 0.13109597865053
-0.00491263159778149 0.0125485889595519 0.0889122558441019 -0.0662177789011772
-0.00608548630563705 0.00561475634911301 -0.0737148985786795 0.0471118038485191
-0.0137443070659922 -0.00238521973193581 -0.0898868140621015 -0.0889961935590589
-0.00212175372907501 -0.0143307259637471 -0.00896351558298823 -0.236957287535626
0.000189185662987761 -0.0182280000091089 0.294796944710811 -0.161309677533853
0.0110178513933257 -0.00953068144578123 0.376578975484409 0.230501878116742
0.0020101041871821 0.0159133494536706 0.0132690569259178 0.477744502234507
-0.0155374724488812 -0.00105786287406495 -0.25609441994338 0.232429880276958
-0.0137623312808205 -0.00886381794730461 -0.011001495906296 0.047148330641446
-0.00806615273141465 -0.0075007379734703 0.265968097312188 -0.169005761126771
-0.00867811742832598 0.00495287661597683 0.0915313701285745 -0.509344748455043
-0.00129925497983705 0.00800230021089712 -0.384752742566664 -0.325870952261931
-0.0122942737779788 -0.00453291171106574 -0.364898744232859 0.182656219898034
-0.00861244253521783 -0.00862395862003593 -0.0275674727953981 0.291383430070572
-0.0100881975965746 0.00326051537604566 0.115206577187671 0.130795417792618
-0.00423900589564542 0.0134489646140051 0.0911843209586819 -0.0669201314273634
-0.00537719982879324 0.0062795568102297 -0.0716419213917659 0.0466671746360742
-0.0122479093361767 -0.00236042949422198 -0.0871369592777458 -0.0905815492494365
-0.00127104157303226 -0.0146899487675731 -0.00529811922290403 -0.237444014845528
-0.000276065649077596 -0.0187475999123575 0.296098780607336 -0.155067301365625
0.0101881466093009 -0.00995934147245965 0.370317065323411 0.23990909733541
0.000727731940251056 0.0141845998068937 0.00318166285171647 0.480560106514954
-0.0148070952405229 -0.00238914555686418 -0.261642235168853 0.229726864300924
-0.0119880263993928 -0.00981771528101484 -0.0115500140484219 0.0471896619703212
-0.00689386730861545 -0.00860031583138488 0.263546695774865 -0.169236499714372
-0.0087892720097849 0.00348292314708303 0.0827771379802531 -0.507056385349965
-0.00291461318990687 0.00754529465109594 -0.392356106586575 -0.316657879089944
-0.0131548254171535 -0.00492716145186236 -0.363998223614095 0.189746753610809
-0.00795936317301376 -0.0093301273180722 -0.0237588983630805 0.292228453265601
-0.00885233983088465 0.00324012597651652 0.117815084992825 0.128968232974201
-0.00278406608829219 0.0148092294770243 0.0923386391282518 -0.0680983966003486
-0.00342274543475083 0.00778729351343328 -0.0696207580639745 0.0459303401777724
-0.0111908397517966 -0.00169576996872222 -0.0840621760481954 -0.092038684436962
-0.000673400760970446 -0.013798988165619 -0.00108579417258197 -0.236690290752425
-0.000465646061407871 -0.0180576175001023 0.298788138602515 -0.148442805662273
0.00944354672963973 -0.0110895174101391 0.364001886095968 0.251436457252011
0.00100259261464431 0.0113754028837151 -0.00795351067518307 0.483377178281228
-0.0131424277309499 -0.00420014189169059 -0.266092131512787 0.228041061983268
-0.0107750720208627 -0.0112312826573656 -0.0114098922660485 0.0477761089874238
-0.00608944975144861 -0.010144776873498 0.259774247627741 -0.172135351399754
-0.00886079208274648 0.0014500216145693 0.0703432682787631 -0.505885992142473
-0.00430078214252629 0.00555265215684799 -0.399722942500478 -0.303928905876063
-0.0143483576994913 -0.00445455323600937 -0.360574017173861 0.198506665558852
-0.0080000353428555 -0.00782892254025412 -0.0189786038916156 0.291800654596244
-0.00697280241316053 0.00460745198185391 0.120606876018441 0.126512204245542
-0.000275647863358409 0.0160934756729849 0.0941428042798947 -0.0690033423453974
-0.00157559137155789 0.00854838484918259 -0.066536939077626 0.0457860418915819
-0.00986484183555902 -0.000264916506534374 -0.0815269093695417 -0.0934974106399524
-0.000313449853670888 -0.0115231537486709 0.00401775768267754 -0.236892030134472
-0.00122168219421037 -0.0165008283570127 0.300951157797173 -0.142961801042868
0.00897426888918641 -0.0126184790640111 0.358396666237274 0.260185558788966
0.00161145073842756 0.00857644555998075 -0.0187393845803358 0.485284948232054
-0.0116255488310082 -0.00566496999952085 -0.270388387647389 0.226050587995032
-0.00917817306170546 -0.0115882753047696 -0.0107995123118533 0.047424713291269
-0.00439593226885786 -0.0115018277474335 0.257884545036619 -0.175555170154783
-0.00832110881601956 -0.00189291916465087 0.0620727258819355 -0.50576134084169
-0.00577142300644123 0.00394700859036667 -0.406174983565713 -0.29557622395205
-0.015497193906832 -0.00297227840845368 -0.357438394891629 0.204709440807863
-0.00802177672215662 -0.0055450681004367 -0.0151042780650696 0.291467704012449
-0.00570146817647917 0.00615346039597187 0.123240719040034 0.124507283717948
0.00186845579104266 0.017665856407037 0.0960569028310817 -0.0695384427433481
-0.00491772489305934 0.00424718997623833 -0.0733073130136898 0.0487287253526379
-0.0133360652329204 0.00437201024466456 -0.0912480473188496 -0.0883289345422998
-0.00424102474921546 -0.00348702626048647 -0.00839277959901345 -0.237251861951205
0.000410438125980725 -0.0104921422620886 0.297123121580571 -0.168377798473615
0.0127319760035373 -0.0122184437624975 0.382373945412101 0.220771129686819
0.00595161609583385 0.010710348349651 0.0216705005130059 0.469512551978558
-0.0139256984975151 -0.00115770267160384 -0.249798269383431 0.22702920682281
-0.0143941140103783 -0.00806027394898634 -0.00487524849533412 0.0435679376417806
-0.00752983401509819 -0.00751479016108865 0.269637905669688 -0.174240434627661
-0.00497145615868596 -0.000759720392753486 0.094010299936141 -0.516166164578892
0.00035926433562932 0.0040734610389654 -0.379596232986607 -0.331882953696082
-0.0128851753776535 0.00317418348448178 -0.361344451544068 0.178866064711087
-0.013331292803086 0.00326965347558973 -0.0251634599469828 0.286752105381237
-0.0109189409613368 0.0112188893019718 0.11413018921858 0.127234686254652
-0.0027926122674051 0.0130956351395526 0.0893321946304794 -0.0652202486866039
-0.00577602658136354 0.00385046280731456 -0.0747400077783414 0.048545920800597
-0.0141835577074504 0.00255695169440519 -0.092452713573318 -0.0876069345323087
-0.00374681080456602 -0.0067879436742825 -0.0109069829148403 -0.236251745832855
0.000577105489391609 -0.0124176839222599 0.294689998461242 -0.170297863728686
0.0128995997550331 -0.01115009620434 0.38331801255067 0.215710504959313
0.00499024815141469 0.0133611856711049 0.0257968821972082 0.469226201168292
-0.0156781375994375 -0.000331569164972783 -0.248537683379903 0.229533982081304
-0.0150932055975207 -0.00752172134399122 -0.00670428465617857 0.0439439167141853
-0.00902231582171846 -0.00649573456078717 0.269624534577645 -0.17104008187297
-0.00533790633234897 0.00200684456044584 0.100251990725873 -0.514090320860637
0.000715952207017486 0.00656570510737007 -0.376710581443148 -0.33577270561698
-0.0121117846270185 0.000993146732040396 -0.36376262332477 0.17577460991057
-0.0123665475048513 -0.000691841871713537 -0.0283293381273017 0.287696897786944
-0.0115810643706448 0.0089641608867025 0.112995058061382 0.128871959088488
-0.00430745280338958 0.0122349087180941 0.0883837478951938 -0.0648786699432753
-0.0066067745359481 0.00343588579733458 -0.0753581972839009 0.048492509040103
-0.0144330975616482 0.000244373467341079 -0.0928691267544927 -0.0870753292993194
-0.00341129474083124 -0.00999484330938745 -0.0124148098934224 -0.236003133858742
0.000697786600458731 -0.0148605382129523 0.293595762663047 -0.170017615647399
0.0124183581188555 -0.00982130152370023 0.384497644463508 0.216018491534321
0.00390559221796315 0.0153791366842948 0.0268522819427033 0.470736345428644
-0.0162178110402092 0.00031474796129534 -0.249025802588653 0.231147461453038
-0.0155955960246005 -0.00742733667558022 -0.00776344764673116 0.045383259444297
-0.00904395429023109 -0.00628742918376576 0.268423695550957 -0.169313669425414
-0.00728063375994582 0.00424733724754706 0.0987288575355734 -0.512034969718816
0.000536888289558059 0.00778854631037217 -0.37684893028448 -0.334844831824751
-0.0116086039712187 -0.00127029715618414 -0.364198422341227 0.174947892267154
-0.0112085010751933 -0.00391659709147655 -0.0290206811692617 0.289064432415566
-0.0113752114828874 0.00665051992634837 0.112922965272033 0.129673922047407
-0.00483130516735268 0.0120565453949858 0.088687911581492 -0.0654663936052932
-0.0063460821563522 0.0045009651231497 -0.0746648945963949 0.0473981056708229
-0.0145235868179326 -0.00155111335160517 -0.0918768485223535 -0.0873280175310419
-0.00312191841067561 -0.0124431685382518 -0.0116255004786634 -0.235600399939719
0.000193488779056772 -0.0165316874564708 0.292803805038416 -0.167022342827555
0.011543605940233 -0.0093723085226377 0.381999148392566 0.220876637503962
0.0028545092219759 0.0163345588140547 0.0223125065689071 0.473393620721712
-0.0162514969123616 -0.000253939043546073 -0.251813539651325 0.232395217248534
-0.0146516527084658 -0.00764471519210983 -0.00941394661065014 0.0459493592941134
-0.00919093738723378 -0.00638867514754863 0.266610948413137 -0.168085219230791
-0.00801258338043091 0.00514059621215637 0.0968156274737267 -0.510149740675298
0.000142308617653454 0.00863381916747601 -0.380530658887259 -0.331772087013418
-0.0117851615776887 -0.00305917586914096 -0.365322232760206 0.177788364424942
-0.0101505638237678 -0.00732844675550723 -0.0288220247018747 0.289859056807193
-0.0109875624544277 0.00483308595110024 0.113877810708036 0.130343346966125
-0.00484246853120753 0.0123513751539384 0.0890647741328636 -0.0658357741521792
-0.00596815701837796 0.00544141047180813 -0.0737241724494777 0.0465899370556859
-0.0134705628854088 -0.00225494745939029 -0.0900850674624978 -0.0884119378500232
-0.00173766999302045 -0.0145740725062336 -0.00935421670027862 -0.23581169004061
-0.000172736506122797 -0.0177235380885055 0.293154051883882 -0.16225315976953
0.01065804004891 -0.00971744992339252 0.37660277306522 0.228652764116676
0.00189274497296374 0.0158219280332332 0.0159014234965863 0.477500478739917
-0.0161868050383087 -0.00105832633986648 -0.255210287630034 0.232273556435769
-0.013871982562692 -0.00847401541757575 -0.0103063148128772 0.0467625655932977
-0.00854174417315155 -0.00692236832897188 0.264859436134778 -0.168739790453029
-0.00836459834662883 0.00464057248910226 0.0896671066410425 -0.509591577978831
-0.000974443289840008 0.00845708781450977 -0.38527904141106 -0.323193751991572
-0.0124640364451822 -0.00448388851071918 -0.363068471047664 0.183730031297486
-0.00925964841725926 -0.00868410987579783 -0.026002525705756 0.291013657831035
-0.00957307040638799 0.00398781188438672 0.116006108858776 0.129850065182021
-0.00368039801905908 0.0129464324172087 0.0902272495196767 -0.0667706758367161
-0.00507586716076857 0.00657868964349302 -0.0713066016879788 0.0460713243245424
-0.0121229339991246 -0.00226743391753392 -0.0868008552701678 -0.0896640535955229
-0.00104963543616774 -0.0148482598604531 -0.00547857178098213 -0.235152302636377
-0.000118718968723449 -0.0180549669148949 0.295699826841219 -0.155220363698426
0.00974632559253346 -0.00996847496770925 0.370670457240895 0.239177411955423
0.00131767089070328 0.0142626721165413 0.00489202676459768 0.479228385449318
-0.014904935933347 -0.00262833747899651 -0.260296081378976 0.230005831233648
-0.0124214329176999 -0.00906678774860418 -0.0115160907000626 0.0476469753802568
-0.00768344764485734 -0.00849821362995386 0.261866486023599 -0.169294785449478
-0.0088820858730939 0.00331603090252191 0.0803788459343598 -0.505696409450683
-0.00247328365547907 0.00722811349710542 -0.391884021125371 -0.314450968460558
-0.0130058862383101 -0.00481719277078271 -0.361817993594524 0.191592672210098
-0.00838776567926938 -0.00902261176104049 -0.0226238276322579 0.291265728559805
-0.00827351616783696 0.00350999321294772 0.118603633398312 0.127697926484219
-0.00181004177373826 0.0152136401942144 0.0921721371763103 -0.0681292169089635
-0.00320749710888195 0.0076617073286515 -0.0682989120993532 0.0455713008194036
-0.0108958660578563 -0.00162266140463544 -0.084027206423698 -0.0908955485829794
-0.000739391931394136 -0.0134189554827871 -0.000919616023202507 -0.235040370989888
-0.000785343482742128 -0.0176118774133532 0.296763015442797 -0.149438505296579
0.00932574580259831 -0.0110895532426847 0.363883015226393 0.248731820555945
0.00113792744882104 0.0115887424940113 -0.00594028889135633 0.481898204937712
-0.0137003497092244 -0.00420269588019894 -0.264257532257192 0.228010896738887
-0.01085448275302 -0.0105634705308952 -0.0115677955620673 0.0476526326194513
-0.00614427547455673 -0.00992101691687186 0.257743924637184 -0.172270290648472
-0.00880267470151818 0.000891364628015577 0.0685829485080363 -0.504823768576429
-0.00408604307064545 0.00552469556821023 -0.398726765136145 -0.301650306977753
-0.0142984824917661 -0.00432227949214345 -0.35858644059558 0.199380253842667
-0.00799746607498038 -0.00782874803471003 -0.0176373778488484 0.291036080322831
-0.00648578635640024 0.00435893434613097 0.121108673944779 0.125757506122302
0.000307256772258267 0.0158919925882302 0.0937984940290544 -0.06899114465622
-0.00129937652589751 0.00876571283203991 -0.0665222940773717 0.0455194437244064
-0.00962086981266711 -0.000184462874874167 -0.0816828232752062 -0.092742335089489
-0.000286313438817754 -0.0118298925161961 0.0031032869843994 -0.235722665696014
-0.00110182271050186 -0.0163323892994723 0.299585286418692 -0.143720943112555
0.00923052509135592 -0.0127843473218214 0.358397333839853 0.256634122392779
0.00202475689653672 0.00855233729642995 -0.016993917672329 0.483360715354965
-0.0120635668346527 -0.00598735004906817 -0.268118373254687 0.225212987145869
-0.00910818580316859 -0.0112301751909218 -0.0106677970316197 0.04721312270444
-0.00476743798809241 -0.0115212744463291 0.255748933994243 -0.17481711084935
-0.00843732213206156 -0.00208380296745989 0.0593670405592476 -0.503655116400152
-0.00523039714561328 0.00408303378190385 -0.405584766792885 -0.292354149797749
-0.0156965685479556 -0.00295329972865946 -0.355531346502788 0.205850538844226
-0.00828426194397212 -0.00517717824148374 -0.013802139188606 0.290378772150648
-0.00568880520789122 0.00640120221400574 0.12373259258204 0.123649878458096
0.00227956341981984 0.017381945891998 0.0954121883532082 -0.069647069598557
-0.00509995230420045 0.00432829878370795 -0.0736554071520287 0.0490920359914745
-0.0134861971731941 0.00421076250080763 -0.0912671986029031 -0.0877478630918429
-0.00431160832567054 -0.0030931009180224 -0.0088484173593203 -0.236438388900928
5.88501698349279E-05 -0.00985338512822683 0.296471906482848 -0.169298101531286
0.0127019516141778 -0.0125921621199681 0.382378497346575 0.218904906526984
0.00584546254223848 0.010667930493016 0.0231165467914035 0.467758060591365
-0.0141193129260922 -0.00128656503615577 -0.247790076454537 0.227837345769667
-0.0143716012739534 -0.00757136239532754 -0.00441708918497368 0.0427353853340156
-0.0075203296992653 -0.00692407235752231 0.267779114864381 -0.174158709251388
-0.00489936441108041 -0.00109942723644064 0.0924202289945786 -0.515535578893091
0.000671685803179846 0.00402339260266007 -0.380460124572388 -0.329284805415628
-0.0127739722154318 0.00360717377096539 -0.360371440900054 0.179710024782234
-0.0132240358155539 0.00401416794144098 -0.0240887335118457 0.286309237140414
-0.0107403585178728 0.0113251944247082 0.11436998083988 0.126992061070373
-0.00234051734067357 0.0129026555268917 0.0894728320780047 -0.0650307128943156
-0.00595426175865144 0.003866789524109 -0.0742025825504445 0.048398424265753
-0.0143602418885876 0.00205880413746492 -0.0927567185251438 -0.0865328366244678
-0.00394723638355321 -0.00666039517939446 -0.011404041330883 -0.235371071236581
0.000616771259409518 -0.0119287014452072 0.292947576785584 -0.171192987220412
0.0129460606764313 -0.011018721282076 0.384107974731041 0.214771436422733
0.00519121933330867 0.0132558678584411 0.0286305934626309 0.468104465367406
-0.0159022448218756 -8.81654310684928E-05 -0.24650051434192 0.230371268766458
-0.015198351809297 -0.00733285819321587 -0.00628767232679173 0.0440592775321168
-0.00908938114926428 -0.00608996260540179 0.268179360608582 -0.171486477021645
-0.00583702167283285 0.00187336123791385 0.0972132789642292 -0.513293795640028
0.00103439393707119 0.00587227559277713 -0.377409810159566 -0.333008123639953
-0.0121670091581446 0.000721200075465484 -0.361710420732697 0.177117097411202
-0.012490822342182 -0.000616929970597293 -0.0275700860736081 0.287494559082826
-0.011596084519263 0.00872868870692601 0.113197692812805 0.128196887789397
-0.00412920016327577 0.0121890390792858 0.0885052806949447 -0.0648243871085901
-0.00625334181928653 0.00383035061955648 -0.0750537612697296 0.0479276970927132
-0.0144298504504121 0.000119217640312408 -0.0934716041288648 -0.086321918042601
-0.00342811052971492 -0.00962686927790329 -0.0131709565142832 -0.235083690994565
0.000380936339790507 -0.0143050610984012 0.291671746789367 -0.171022400953589
0.0121693508401678 -0.0100287784620684 0.384719562156745 0.21497132919711
0.00402834956212409 0.0156056091923303 0.0289069516550511 0.46985031748892
-0.0166195909279466 0.000218201611970816 -0.247555806282679 0.231144029033463
-0.0153103498328095 -0.00682327503546777 -0.00773902368905092 0.0451585066923626
-0.00948135976104649 -0.00583239462594985 0.266319997026277 -0.1697743584252
-0.00688487181490278 0.00418010679122534 0.0975366296509291 -0.512001584371929
0.000393098983882143 0.00784391512940025 -0.378362644494068 -0.332533907688309
-0.0118589414896887 -0.00151737153196886 -0.363014854846802 0.177133908376608
-0.0118921462622572 -0.00380247463781772 -0.0279178134433348 0.287960130369464
-0.0115057562592359 0.00656139478158802 0.113949202556422 0.129171880629276
-0.00421290503180511 0.0116385957346444 0.088213571987596 -0.0654615476885135
-0.00621230688806777 0.00436433700665713 -0.0744150872214134 0.0471559971294823
-0.0139759413977285 -0.00159073297561294 -0.0920017121461019 -0.0867170133886519
-0.00300608428539368 -0.0129838001934053 -0.0120636059848898 -0.234543410779165
0.000316257003383579 -0.0165972712737312 0.29207889849707 -0.167808075014982
0.0117150322298733 -0.00991611598519293 0.381122597136388 0.219492015734802
0.0032167988124571 0.0163162843101896 0.0240756438026669 0.472044175025734
-0.0169091833112403 9.5374434562868E-05 -0.250537605849263 0.232281501011587
-0.0150156708197979 -0.00747433083903074 -0.00946914404329025 0.0458958616814453
-0.00942320913244921 -0.0062055365169455 0.265570270521427 -0.16832403328946
-0.00780729414817685 0.0049698829115294 0.0958491789797335 -0.509428071184448
0.000522675669566227 0.00821469170915314 -0.380963018584496 -0.329504967349125
-0.0117750836200038 -0.00274284311383768 -0.363991191171479 0.178991747456496
-0.0103095192719732 -0.00726704435627464 -0.0269205142110574 0.290154207296475
-0.0103773749300463 0.00503566281089343 0.114773265021752 0.12921019359235
-0.00388071919864054 0.0123572960122135 0.0883306963205561 -0.0658774224386668
-0.00594515623474456 0.00510276249225896 -0.0729009088599146 0.0462264033758121
-0.0133670214274227 -0.00232605616432059 -0.0899432318241955 -0.0880818918082364
-0.00205398153180324 -0.013998221873755 -0.00989159364049172 -0.234134049664105
0.000200422062093509 -0.0175462179273499 0.293176238758721 -0.162862948313227
0.0109117838246717 -0.00955802039557073 0.375960541902342 0.227129193765597
0.00178560358310547 0.0155432535561 0.017125009975429 0.474523160501669
-0.0164744613106065 -0.000698539036226299 -0.254158346654459 0.231620875999775
-0.0133493483403928 -0.00830075072060094 -0.0104187010026457 0.0468349072790576
-0.00851789584886209 -0.00642326740406895 0.262919155070164 -0.168899643102304
-0.00861638184981394 0.00473957475370721 0.0881487470856118 -0.506338993363122
-0.00107662437974293 0.00835427992798477 -0.385706596578841 -0.322342569668618
-0.0122429485391182 -0.00412340746281848 -0.362360760149554 0.185321244558729
-0.00907590715294625 -0.00883479764304986 -0.0246607034089154 0.290418957411918
-0.00942610971618547 0.00364892552276768 0.116421852846436 0.12945740202953
-0.00331878343091188 0.0133870038454564 0.0901068651404577 -0.0667682481170567
-0.0049255257953958 0.00629679423341177 -0.0716037112760472 0.0456353330655565
-0.0122313342902482 -0.00229588947438488 -0.0873935081012673 -0.0892263718230245
-0.00119314323401697 -0.0144497544778215 -0.00602132129700302 -0.234094104341889
-0.000616645475596525 -0.0180012148241663 0.29380281279094 -0.156577980754829
0.0101893707429079 -0.00983819229377146 0.369868854804783 0.236837263571376
0.00148184934339572 0.013869145962604 0.00606469556713647 0.478853913219465
-0.0152016040157487 -0.00252409535289433 -0.259016785102564 0.229790754048161
-0.0121031099594914 -0.00906910915128778 -0.0114531893517581 0.0473859361025877
-0.00767080397663871 -0.00825881099153956 0.259856533682614 -0.168839128551645
-0.00892433955463442 0.00318578933767295 0.0778816883468345 -0.505875381142249
-0.00232362263029426 0.00726824457208359 -0.392579714397485 -0.311438808730122
-0.0131420381139884 -0.00479021034611641 -0.359892900077239 0.193106638736724
-0.00876586458583486 -0.00885421617090352 -0.0215674131336298 0.290486672952764
-0.00801976865144199 0.00361375214311145 0.119031236017031 0.127150884440725
-0.00113718081623943 0.0145135503901788 0.0919440946631899 -0.068061344663862
-0.00335393581672569 0.00775025795361452 -0.0687178478963428 0.0456749398592929
-0.0109311294465152 -0.00157712918378486 -0.0846359383580926 -0.0905597627943281
-0.00013342817404038 -0.0135888822784908 -0.00140060317460245 -0.234365740680044
-0.00100330017682362 -0.0172976677477375 0.296136481042591 -0.150545614290914
0.00914093965365858 -0.0112430999996724 0.364058609631127 0.247242861204604
0.00142460570948381 0.0111524736653889 -0.00527407795972997 0.480638999151872
-0.0135982802820522 -0.00457889289714966 -0.263058772242311 0.22798282373705
-0.0105133953344209 -0.0103195547087084 -0.0114234670783285 0.0475018601643257
-0.00623539996102081 -0.0095859417434092 0.256671103826306 -0.172018789292632
-0.00914557732948548 0.000819972113526204 0.0682665868102516 -0.503938472950341
-0.00422872095428449 0.00575661671590129 -0.400407824582326 -0.30005693337642
-0.0144614322453648 -0.00398618658946838 -0.356603530283669 0.201100963368637
-0.00856637432793927 -0.00769006516542113 -0.0162246798997473 0.290220321245043
-0.00626519454304516 0.00486476388485784 0.122103148124499 0.125498511983819
0.000801423144470244 0.0161509385405247 0.0932607436032713 -0.0689969232601182
-0.00111622754790622 0.00831079238478857 -0.0660717882929608 0.0451013903278897
-0.00944659820116872 -7.53796713959694E-05 -0.082454697397658 -0.0927549907793511
-0.000240619307087474 -0.0116293786792357 0.00253538913855976 -0.23424490311918
-0.00128823006150759 -0.0160504920091203 0.298834276608279 -0.144013638007953
0.00871178272183953 -0.0128749996594344 0.358651981649198 0.255166219773592
0.00225104677336927 0.00818197196660423 -0.0148302869098094 0.482532854125759
-0.0123286944336581 -0.00606919812938329 -0.266571498845586 0.225618881762232
-0.00891210086227368 -0.0111327584572004 -0.0102065594033124 0.047223089161779
-0.00529166580748988 -0.0108109661064795 0.254513673941595 -0.174988243791582
-0.00852743816934464 -0.00217877260448341 0.0567715137820934 -0.502098823493813
-0.00542611684854123 0.00390932096081359 -0.405589362337692 -0.289357766853094
-0.0154513167466277 -0.00257155219802613 -0.353389235056889 0.206861870042247
-0.00855070779842465 -0.0050165055138447 -0.0115731052166789 0.289786638795849
-0.00490764870724681 0.00689400195994913 0.124365274720635 0.122969150255229
0.00284676049290003 0.0171421431236382 0.0958558449205407 -0.0693978129973957
-0.0044612611031103 0.00428944362805152 -0.072770677474195 0.0483319368311733
-0.0135929026825727 0.00437473382752272 -0.0917163866202803 -0.0877182263425921
-0.00375807199125855 -0.00355504631711061 -0.00894690721642578 -0.23531468407286
-9.23028006865183E-05 -0.00941673764579754 0.295944152468748 -0.169301711746434
0.0125035895075162 -0.0128121208100081 0.381175507660449 0.217660770370681
0.00575931220217153 0.00997436817221204 0.0258425047421826 0.466768731547278
-0.0142192321314378 -0.000752542172803417 -0.247469533417132 0.228608471038594
-0.0142969640175762 -0.00744127614702427 -0.00479976347324744 0.0428313449853222
-0.00829474985814325 -0.0070508082595856 0.267305405427457 -0.174183282263947
-0.00514233241949055 -0.00104062977403895 0.0904827908575712 -0.515216305654708
0.00058643804782624 0.00450671842871192 -0.380629017736702 -0.328257947444756
-0.0131599353030942 0.00344752293642989 -0.358354675896262 0.180855557195159
-0.0134218038911957 0.00381076844938884 -0.0229355483077099 0.285718106427952
-0.010662618449044 0.0121544859645359 0.115158316579846 0.126055969559735
-0.00202250876932986 0.012699898765981 0.0888549237152596 -0.0650723721323988
-0.0055261054599899 0.00405412433125997 -0.0747394467565396 0.0483148560269232
-0.0138446841223829 0.00231751499529979 -0.0932337095730091 -0.0867969725798943
-0.00356842011206624 -0.0064224864157502 -0.0115820580325325 -0.234413776396199
0.000561654009489847 -0.0119918194701524 0.293639974237822 -0.171762741358356
0.0125532835928194 -0.0114147313010442 0.385148495088605 0.213316301347724
0.00500246290220495 0.013313126839877 0.0300504423116426 0.467165220283736
-0.0156114432220745 -5.5756852172884E-05 -0.24674287667718 0.230287946458135
-0.0152388794536599 -0.00684831066641992 -0.00620651058357122 0.0435334158602568
-0.00932578954496895 -0.00591711691566055 0.267529793127127 -0.170576044502295
-0.00626016214230256 0.00220447771979629 0.0957681541492065 -0.513955180894953
0.00111691839052516 0.00591471772408618 -0.37937324033941 -0.331585565970817
-0.0120542177942289 0.00111991573427638 -0.360622916450823 0.178680927000414
-0.0128323557354768 -0.000184919836844502 -0.0263390669628937 0.286991847503881
-0.011319194939156 0.00933127631846789 0.114247606324952 0.127495199948433
-0.00330828522357224 0.0115592887604452 0.0883522555613934 -0.0644485030422744
-0.00609557078411371 0.00413628999537012 -0.0751242010074953 0.0477352170148465
-0.0142580578649247 0.00025899074962661 -0.0935705287675391 -0.0860674940231977
-0.00326956720871321 -0.00989494357243058 -0.0129807338715452 -0.233735299781895
0.000273841515814494 -0.0143880880349363 0.291755867152308 -0.171398683276882
0.0121882123902518 -0.010457385456247 0.38366639181921 0.213004093528261
0.00415424852312193 0.0149893038105625 0.0296857168323114 0.468543076689488
-0.0158376888957511 0.00072456448450342 -0.246763255963741 0.231733091753567
-0.0150920724202632 -0.00705488537131196 -0.00801081958403682 0.0444413013450543
-0.00946608233803586 -0.0055363462242207 0.265776510209333 -0.169772840778837
-0.00734485064847705 0.00374714106568634 0.0962519488563854 -0.511110487033102
0.000907285446347861 0.00750496460673574 -0.380084819150265 -0.332818133534627
-0.0117903856399163 -0.0012018598487607 -0.362320875095924 0.178306980557623
-0.0114847829512583 -0.00395162187689264 -0.0261515184359573 0.288606697957143
-0.0112040194553684 0.00624799770580666 0.114173409271263 0.128729376285222
-0.0037870358389327 0.0119594389079435 0.0881937459215005 -0.0653792591211018
-0.0059273472313962 0.00467301156832077 -0.0743609935562715 0.0469787972730344
-0.0139997693817566 -0.00156258082132342 -0.0926430237037365 -0.0864494543621028
-0.00249739246010546 -0.0130183200893479 -0.0121570226109151 -0.233581545717093
-3.36532038917409E-05 -0.0162347194792068 0.291938699042147 -0.168356440202854
0.0116985820220835 -0.00997759982568774 0.3827966689445 0.218738863481303
0.00300286849388323 0.0159104624508359 0.0261857845105995 0.471237702641928
-0.0167971730270724 0.000543945573243373 -0.250183528321942 0.232798505857066
-0.0146859556638753 -0.00742793935922862 -0.00922883100527852 0.0456131619710575
-0.00965113094083937 -0.00590187574046755 0.264283804735623 -0.16739625620952
-0.00794160890915546 0.00482678064356023 0.0929423455248447 -0.509932429266783
0.000216668196304619 0.00809766085667188 -0.380241959394344 -0.328229856539164
-0.0119271719059135 -0.00332377476159199 -0.363591450721065 0.180644352049432
-0.0106604065701586 -0.00687455122555215 -0.0261235976698417 0.28991006770898
-0.0102278946646411 0.00522953368630344 0.11497392224815 0.129195586545367
-0.00384113677978451 0.0123916768494976 0.0889613601039839 -0.0660291773710431
-0.00534606021448848 0.00521298511014982 -0.0734073277188276 0.04596089261077
-0.0134000459960102 -0.0019405452451722 -0.0904949871044668 -0.0877065353708772
-0.00155157731787485 -0.0143005321385726 -0.00985178590994962 -0.233820497093546
-0.000507720735167551 -0.0171434362322781 0.292622786322264 -0.163493669416129
0.0105593149056934 -0.00931730416061321 0.377098862936365 0.226006897281493
0.0022634174883092 0.0152202130810966 0.0182051628704523 0.474802370946238
-0.0166409408867464 -0.000808506973375801 -0.253370459571042 0.232858066066721
-0.0135456496729095 -0.00797393888153315 -0.0106978483686563 0.0466505995729625
-0.00871731338779952 -0.00678985537159588 0.261747623693369 -0.168683308284383
-0.00896062032323889 0.00480957813178493 0.085551046559219 -0.507333820505237
-0.000857644722480491 0.00812629225736736 -0.384883834134276 -0.320560992086685
-0.01191832174686 -0.00363038969894194 -0.360712705910959 0.186776046400316
-0.0097665125915573 -0.00874260993984992 -0.0229744542910554 0.290025938089057
-0.00905103909596234 0.00417990968243213 0.11709453712442 0.128083056256811
-0.00271939993478 0.0129916618440754 0.0897359986489536 -0.0668403454160923
-0.00445812733557864 0.00652228218908827 -0.0706592059800452 0.0458522424255925
-0.0120243494483251 -0.00226915900920937 -0.0880250559872795 -0.0887538574893831
-0.00109380754555971 -0.0146339633120096 -0.00621947186933241 -0.233499136576779
-0.000662999690913916 -0.0176407428965972 0.294005242991299 -0.156098826893855
0.0098207422374962 -0.010131740917874 0.370557801560599 0.235332962260961
0.0015767695211792 0.0137827112450834 0.0079015416532847 0.477785149544965
-0.0154730069805661 -0.00224455853070719 -0.258637018310411 0.230019280140393
-0.0117386415956991 -0.00909028510612885 -0.0112152765267549 0.0469604411430881
-0.00813464374112278 -0.00766574928036465 0.259324726260554 -0.168964183168595
-0.0091211247944476 0.00348128221435679 0.0767091131539125 -0.504888134862507
-0.00193223490599985 0.00705322231373125 -0.393174415037642 -0.310665826717365
-0.0137516628350929 -0.00455439403315194 -0.358391438523632 0.194415223686268
-0.00874859127801931 -0.00907746032368472 -0.020057919093 0.290676504555755
-0.00749913641449673 0.00419032791286332 0.119366676967167 0.12692905701448
-0.00112967467614846 0.0143142045023078 0.0914795982738462 -0.0672497122219525
-0.00292614000023223 0.00741588868258601 -0.0691161181832865 0.0448731499648167
-0.0110870754029555 -0.00164522368695734 -0.0846378452937908 -0.090253039188776
-0.000314753519316802 -0.0137810661963686 -0.00147804093195268 -0.233628757039997
-0.000988434342197363 -0.0169282301990725 0.29654931079988 -0.15123706566044
0.00900111328330028 -0.0113989823520142 0.365099550110257 0.246348597447097
0.00138986503517969 0.0111817829109162 -0.00277620453987459 0.480191363893491
-0.0139715603315662 -0.0041427715422503 -0.262226987192892 0.228324017565861
-0.010411507052621 -0.0100115390295309 -0.0113055009198737 0.0472613524414608
-0.00659552155229559 -0.00921734993879384 0.255854569380501 -0.172117881531355
-0.00902211558142497 0.000853576322991974 0.0645455666835033 -0.502079483926791
-0.00370929906094133 0.00583285138738192 -0.399402535655923 -0.297812445142155
-0.0143371970323927 -0.00402707944982149 -0.355901301105939 0.201646536700866
-0.00850801857862623 -0.0076280664740209 -0.015189888436797 0.290723743903832
-0.00629736969002008 0.00507402440598462 0.121407344857981 0.124779545945325
0.00121210892612503 0.0154513800719413 0.0935713289047373 -0.0683134228994983
-0.00110979431730631 0.0085322307154621 -0.0663190095372991 0.0446236601382987
-0.00958907248006544 0.000143680354960938 -0.0822270630943302 -0.0919311186674542
0.000282427234663965 -0.011442056957059 0.00251050645640702 -0.233500249270673
-0.00107036344137389 -0.0155194149617229 0.298709395193573 -0.145175590161121
0.00885835043921814 -0.0127952531995019 0.358724596531086 0.253635636375044
0.00180654812476543 0.00780740648100716 -0.0136368999454356 0.482969279857387
-0.0124395774900621 -0.00576637061625567 -0.265510294351355 0.225916465204808
-0.0091167088118969 -0.0108949930660725 -0.0102703712963991 0.047030429967252
-0.00497782734967024 -0.0107935054807912 0.253922342744823 -0.174947814778182
-0.00917663784589531 -0.00212709838949347 0.0555542032064979 -0.502614403992996
-0.00528778321690243 0.00393729823156678 -0.406144845378526 -0.290006332128297
-0.0156045416555613 -0.00233020940567602 -0.353586013156805 0.208466335242591
-0.00840718779150926 -0.00504584581374405 -0.0112374394861742 0.289757061656372
-0.00454882528693861 0.00691974178726498 0.125158767897156 0.122834993793639
0.00380875105038205 0.0169863640777286 0.0955162006256812 -0.069501654200685
-0.00460372440383201 0.00368279905378243 -0.0736855425486337 0.0482564871376632
-0.0135290983747009 0.00454066011372784 -0.0922380764705552 -0.0874395970506871
-0.00402686441923859 -0.00315822106913108 -0.00926276434336659 -0.234723560978038
0.000241750283135463 -0.00914557657890531 0.29595802010715 -0.170998310424368
0.0126828800422091 -0.0125778029771153 0.382869002419458 0.216129619133663
0.00617232185808748 0.0101217733781134 0.0275644286588401 0.466847819721609
-0.0140006925926201 -0.00106635003262913 -0.246355148081711 0.22848455567515
-0.0138049220180093 -0.00769822097107878 -0.0050801026531332 0.0429473736163363
-0.00797843657211816 -0.00649781890511528 0.266576228433183 -0.174403629585432
-0.0052482628226131 -0.000684666340672659 0.0894549245101815 -0.515931656238513
0.000903411475939888 0.00392514971453079 -0.381721605611409 -0.326593352547748
-0.0126438824203924 0.00367335909445627 -0.358204213821874 0.183218695770268
-0.0135224479539535 0.0039056658351248 -0.0214082106798238 0.285916290726627
-0.00976972644506289 0.0120426776220822 0.115786031577998 0.125915879237334
-0.00131496939512929 0.0126659924301428 0.0890703585260635 -0.0651621656785583
-0.00532684122477149 0.00353194820543687 -0.0747223782748836 0.0482038975385337
-0.0137015232106287 0.00230331277222674 -0.0934020526932128 -0.0862049270575343
-0.00349721838892673 -0.00705391529999456 -0.0123422893606235 -0.23395633157346
0.000366643486839385 -0.0116565759341825 0.293430593928455 -0.172711985861313
0.0123795734272942 -0.0113013002391727 0.385643361615474 0.211363975492252
0.00559038532115735 0.0127620457859157 0.0311406844203355 0.467688384585727
-0.015659103516588 -2.92068502441368E-05 -0.245777206221573 0.230577014684081
-0.0148057212865327 -0.00686254522438338 -0.00628305165270325 0.0434642495614989
-0.00932832592445667 -0.00553138335666084 0.266526069151781 -0.171269264100793
-0.0063048902268837 0.00223137674296032 0.0934910080058759 -0.51397078730456
0.00165013983900345 0.00568462571984902 -0.381149496427639 -0.331754525420331
-0.0124670826944542 0.001253429351631 -0.359943743064121 0.180517117116009
-0.0126639680794041 -0.000509131103240762 -0.0250067177829772 0.28741728508109
-0.010400951122813 0.00968709010776381 0.11464723676896 0.127649549450522
-0.00314814949179726 0.0119724238111842 0.0881161638409923 -0.0645046391583683
-0.00621193591291681 0.00375542805176943 -0.0745671140720316 0.0473993441039834
-0.0145943263127147 0.000659474147785504 -0.093868436966934 -0.0854215471120673
-0.00330611673866226 -0.0099706131754976 -0.0134248615196865 -0.233547299963942
0.000285207781853199 -0.0139293509841505 0.292295222472028 -0.172451508418448
0.0121732875834258 -0.0101986925736503 0.384561712188568 0.213264425140539
0.00446673838337113 0.0147605930349973 0.0312119171082139 0.468821859259463
-0.0167678491856303 0.000754974581033398 -0.245886591444249 0.232855136752878
-0.0150138959919029 -0.00669408925514513 -0.00749728626253391 0.0449444108997526
-0.0100158841324505 -0.00532242211470799 0.265513746486729 -0.169446590111724
-0.00821000783118809 0.00400977691785526 0.0938021535618997 -0.512064130290013
0.00113882260992548 0.00711579286409727 -0.381285869833383 -0.330349794961648
-0.0117149633982624 -0.000834701176143014 -0.360308475801854 0.180423532211988
-0.0117923860829708 -0.00400471025189867 -0.0250951942995055 0.288295464712367
-0.0107363572656995 0.00673420817834243 0.115141438355308 0.128524364010985
-0.00356054442464768 0.0117163649253573 0.0880042172322236 -0.0652137714620946
-0.00588925543727941 0.00476375095838606 -0.0745560325225923 0.0465898581452239
-0.0143125229895603 -0.00130840308463712 -0.0929110586060587 -0.0862243076446439
-0.00254291041891359 -0.0126879232980807 -0.0124847371548776 -0.232349454534166
-5.46428666041216E-05 -0.0155640870605204 0.291645766498906 -0.169113451920261
0.0114320606230247 -0.0093712339637158 0.382919916635352 0.217653773895158
0.00331110157278366 0.0156900959337769 0.0280996734425817 0.471893657818213
-0.0166905878927691 4.23204414489774E-05 -0.248543700694542 0.233626735152425
-0.0144945452498002 -0.00679287443217688 -0.00935162044163496 0.0460357322627695
-0.0101313329167398 -0.00588133969191732 0.262645064150119 -0.168621370893607
-0.00853692347489924 0.00478135072077683 0.0912734433548596 -0.509017185431539
0.000770217509934789 0.00809975241500607 -0.382915673521021 -0.326667999421852
-0.0118609448827133 -0.00273303480863655 -0.361891714871961 0.182646461772638
-0.0105545184870618 -0.00657473172598966 -0.0241512120068727 0.289351893684844
-0.00961275449242635 0.00531457367525834 0.115852789406801 0.128985398845338
-0.00345466292586339 0.0122614536172649 0.08839219627888 -0.0659667026122817
-0.00534241531024011 0.00574554405341212 -0.0730716728734649 0.0463767151697279
-0.01360573372744 -0.00224908957442686 -0.0909445082309209 -0.0875088633910706
-0.00155551780744483 -0.0144928476492259 -0.0100781242805868 -0.232515796803142
-0.000613650585934968 -0.0170774559367657 0.292651089777925 -0.164626809112157
0.010371973406687 -0.00965273586267119 0.378069417921998 0.224833175618906
0.00234501030350218 0.0148490493016961 0.0209999892241654 0.473936722581586
-0.0165380060713939 -0.000452401997867603 -0.25295702644151 0.232967439467373
-0.0133583198493104 -0.00772389978982106 -0.0104014616711573 0.0466084495981305
-0.00915196940296723 -0.0066622445813339 0.260497621118304 -0.168243043329215
-0.00948407708056609 0.00452011795476125 0.0844202461082036 -0.507044270405226
-0.00071740255989439 0.00786197396493179 -0.386474334909476 -0.318986678322715
-0.0122440717904936 -0.00402181074691862 -0.360364960599707 0.188929720257996
-0.00984451045255281 -0.00871595876056083 -0.0222880364100297 0.291120186779013
-0.0085337048677189 0.00425643179039171 0.1180301030613 0.128325097821071
-0.00216944100245623 0.0128816487968241 0.0896663543989007 -0.0667422003114596
-0.00452493134531968 0.00630160527528688 -0.0716024156349468 0.0452907008404096
-0.0122523654869581 -0.00210210154606658 -0.0881149487020177 -0.0888720502422595
-0.000965348606451246 -0.0142164668087594 -0.00648535041327724 -0.23261217389722
-0.000802300132749001 -0.0173533041843064 0.294194375168168 -0.157777181568261
0.0099098006875626 -0.0101930553755539 0.371232440723141 0.233311109805227
0.00160608842741666 0.0130540826787294 0.00869590078902201 0.476499342244851
-0.0159185371438661 -0.00238080823614534 -0.257391244599639 0.230484640752509
-0.0119501831072614 -0.00873787291397299 -0.0110738554414495 0.0473452677732482
-0.00804336406879491 -0.00756399186140977 0.257868972087998 -0.169254507545164
-0.00936529868108103 0.0030719845032012 0.0748395535371945 -0.505633003922417
-0.00173437400369801 0.00753263971394635 -0.393910197865411 -0.308487819551309
-0.0129809874812761 -0.00457117231586336 -0.358415445621747 0.196482990632678
-0.00916041059644348 -0.00892716485578394 -0.0182599159142414 0.290655967153705
-0.0072804448410373 0.00376085454317653 0.120389602534777 0.126674451135719
-0.000263790703099699 0.0145451006150313 0.0919371435111458 -0.0682412752880786
-0.003005342882886 0.0079313159765599 -0.0687248398659689 0.0446638935743292
-0.0108482834809369 -0.00140141895918819 -0.0848810564908123 -0.0901759013914658
5.91554634932023E-05 -0.0137677189692003 -0.00207294498480579 -0.232179323884641
-0.00100373059581413 -0.0164019722931608 0.296490708327929 -0.151305742499209
0.00907117450847096 -0.011270534277004 0.365099380566091 0.245337247409097
0.00174565633745598 0.0104674858476031 -0.00170021974245307 0.480997466473434
-0.0140450242542303 -0.00367513505815137 -0.261607591634713 0.229559890887741
-0.0101798025165591 -0.00977341548247097 -0.0108750956494812 0.0473985108591069
-0.00653694959631842 -0.00900431507221625 0.255034440250101 -0.173150340197136
-0.00950099754285878 0.000860153684166361 0.0641449327992649 -0.502890729761258
-0.00323868716325529 0.00534126452434311 -0.401305389003939 -0.297864608437117
-0.0143189364663942 -0.00383756012968068 -0.355535962657052 0.203853255204496
-0.00903766651825128 -0.0080145189888308 -0.0135552790837261 0.290102465959282
-0.00600255723089851 0.00535793385282509 0.123247007104822 0.124776435872422
0.00200742103024108 0.0154921174103357 0.0930160078530541 -0.0686969580547094
-0.00112019337292491 0.00838568282256772 -0.0664288744921492 0.0446469956822089
-0.00950558654705133 -9.73942004038819E-05 -0.0828322516208384 -0.0915899590525274
0.000592622345587333 -0.011828626751982 0.00228368313544529 -0.232841241420963
-0.00139167984926204 -0.0154681286226989 0.299693410619463 -0.145557341392534
0.00879655957646992 -0.0133170662337094 0.360073489369543 0.253949082782821
0.00217660032889608 0.00774203899002115 -0.0114728830330229 0.483439122598651
-0.0125292865064517 -0.00584909173583868 -0.264650590019486 0.226518999380214
-0.009088863190239 -0.0103882119317622 -0.0104970538281378 0.04644593613152
-0.00544640241150675 -0.0108197537427582 0.253224044568204 -0.174953158286715
-0.00947264469856637 -0.00222727996846569 0.054012337015912 -0.503438638819355
-0.0046188515129692 0.00353557174341197 -0.40827449136913 -0.288969900387128
-0.015634082535432 -0.00208551077762874 -0.35232591717208 0.210356531867553
-0.00877874968901731 -0.00524502395916931 -0.00919933509532134 0.289689537887081
-0.00442320454137327 0.00738621690834404 0.125318162009827 0.121601490436248
0.00370664295023273 0.0167596593789943 0.0955878982407435 -0.0690241446808007
-0.0041556405651453 0.00444175638967972 -0.073473102975097 0.0483907575711166
-0.0129345537262309 0.00429624245821114 -0.0933324998763671 -0.0870426999016872
-0.00367416572272868 -0.00374336279346956 -0.00979131545521925 -0.234787748720871
8.41392133836452E-05 -0.00904293562863889 0.2958930613313 -0.171951901270833
0.0124602221467932 -0.0130107464529008 0.384176008854204 0.215315900573004
0.00650996165726103 0.00968247242060959 0.0289650635561915 0.4666615391447
-0.0150874714766202 -0.000823010079576267 -0.246147468869 0.229927169860549
-0.0141888185046322 -0.00728778958581586 -0.00488747405113525 0.0431159387421225
-0.00847635000249256 -0.00639557509845054 0.265273951446265 -0.17475757783687
-0.00539113064066003 -0.000894213505431697 0.0869340461544172 -0.516168659450819
0.000804100332183717 0.00352339095011078 -0.384895050068354 -0.325789845585541
-0.0132819712635441 0.00388008246964148 -0.357862111651317 0.185394583455653
-0.0138979732571968 0.00404009570999372 -0.0202872492667182 0.286371214875849
-0.00932341431217938 0.0120003450277936 0.116455760176476 0.125536003623667
-0.000568111158875292 0.0121864882785301 0.0892414442094153 -0.0651566398252967
-0.00507341965637675 0.00382334781391765 -0.0750351839654149 0.0476901124537288
-0.0141388554698614 0.00239223049792334 -0.0944738569484121 -0.0855689824259654
-0.0032613551648976 -0.00689933342390814 -0.012459019799794 -0.233114976253763
0.000205409692611648 -0.0111577881983992 0.293879216676483 -0.174692697329206
0.0126571025538327 -0.0114419936285528 0.387863105268974 0.209630217930929
0.00529066349885593 0.0126861906451739 0.0330833231900456 0.467054144683035
-0.0161612724776195 0.00025341145987506 -0.2454070674304 0.231559835379212
-0.0150702800244671 -0.00637909177251668 -0.00623351358038874 0.0437183689730707
-0.00977843515344255 -0.00556837834369207 0.265742259958543 -0.17218424907094
-0.00704359399959421 0.00215085806337474 0.0916492190370047 -0.513827861911568
0.00136809859203905 0.0056058115688425 -0.38201437742338 -0.328960733916515
-0.0123890930390498 0.0014726021826151 -0.359140554397046 0.182321642449199
-0.013189346625857 3.23680910973229E-05 -0.0237803561966613 0.287461000663032
-0.0107374234405723 0.00951531847944019 0.116259372326997 0.127191829316979
-0.00284189359470364 0.0112782127480363 0.0885214768252128 -0.0649120356823924
-0.00602500636193152 0.00394389400018631 -0.0752270175855484 0.0476781799579847
-0.0142192527392696 0.000425209183832431 -0.0942469891902456 -0.0853461026755511
-0.00325876670831061 -0.01030995107692 -0.0140794414959987 -0.232805950604176
5.25273979485527E-05 -0.0135077294011808 0.292037414698881 -0.173272797399032
0.0122100766229868 -0.0101797356221599 0.386071759408715 0.210229775456232
0.00455198850180078 0.0143565692202177 0.0343052797871753 0.468295719928155
-0.0165735562751984 0.000986807562864287 -0.245341906146014 0.233057072195588
-0.0148088459895444 -0.00665269000526393 -0.00780772909360872 0.0450856870137463
-0.00975179054294695 -0.00516090286032302 0.264667687175595 -0.170181329155692
-0.00754935466758204 0.00383247704622333 0.0925052017296889 -0.512765692195508
0.00148884850875703 0.00716379277768852 -0.381894753819139 -0.330587367529641
-0.0118929281191099 -0.00100823451137305 -0.360603154585908 0.182228204806338
-0.011830429200784 -0.00353122257536948 -0.023571393108102 0.288741514577554
-0.0102373017864175 0.00680890018161995 0.116039130041876 0.128148173784512
-0.00331441000837849 0.0108574108885337 0.0881728948623066 -0.0651215671129446
-0.00587254155945395 0.00444887900319365 -0.0739447672576296 0.0467666383087384
-0.0144266322808673 -0.00115076917134821 -0.0936705246107382 -0.0858792338575466
-0.00275805094272252 -0.0125795507016551 -0.0133009252723005 -0.2326546865106
0.000128416289715009 -0.0156227129047044 0.291863166907703 -0.171367606024879
0.0114649205180603 -0.00965127567231131 0.38386355074309 0.215949780125594
0.00338489465638642 0.0152798980061787 0.030013279510259 0.471216099962452
-0.017164344001266 0.000782275017928467 -0.248053098392308 0.234687561356907
-0.0144701415596181 -0.00697820379908334 -0.00945698289184059 0.0457626815293631
-0.0101238906005748 -0.00543376588288671 0.263226654129582 -0.168563659911236
-0.00895013962196768 0.0050091956703146 0.0907295027115444 -0.510267223468728
0.00100811467972989 0.00812956902991711 -0.383365151690919 -0.326327837774594
-0.0119186872876362 -0.00285541525738005 -0.360833581851735 0.184949923276665
-0.010788523559224 -0.00701295596201132 -0.022848622680816 0.29017177354081
-0.00956171963530895 0.00538481401673726 0.116717879887969 0.128235636988863
-0.00245819623825655 0.0118276359383856 0.0887897952674421 -0.0654547888382607
-0.00530563938017603 0.00555307336220546 -0.0728906540519984 0.0456513860488371
-0.013342441816903 -0.00210227123051233 -0.0916614385326064 -0.0873485555547422
-0.00146629731941859 -0.0141932452260367 -0.0107641864329695 -0.232594880854861
-0.000233434206267287 -0.0166569910244066 0.292853380989685 -0.165647153145762
0.0104554063202943 -0.00996634560691879 0.378699320058294 0.2228246969423
0.00226756372258572 0.0146232094775379 0.0230243923271974 0.473878656641828
-0.0164312736855767 -0.000195751225819572 -0.251868033054315 0.233760862015524
-0.0134523404299163 -0.00802161496434036 -0.0105187297362349 0.0473669560457785
-0.00926456992291738 -0.00649491454653314 0.259827773718395 -0.169229583369839
-0.00934265779339506 0.00454399609710972 0.0817779881701514 -0.508167451835054
-0.000562301369896447 0.00808860649695147 -0.388863023436996 -0.318118042949638
-0.0120921135316022 -0.00342487464996203 -0.360186095798968 0.191002209314192
-0.0100605281819523 -0.00853805077255786 -0.0212166819419423 0.291266771494032
-0.00846241373381062 0.00453851748844055 0.119084318734797 0.127806015287345
-0.0012946312114425 0.0126466855612973 0.0900449156285855 -0.0665627230479719
-0.00401334040233942 0.00639092543592127 -0.070647303253232 0.0445466077477151
-0.0122994375415384 -0.00184166201790789 -0.0888187874433096 -0.0877814407186882
-0.00102464849989075 -0.014922397282682 -0.00766251857987685 -0.232267964584171
-0.000847776634325445 -0.0168816975816609 0.294769615268258 -0.159876622265655
0.0094652745843939 -0.0102309005051884 0.373535198187503 0.232414853550149
0.00194344896907371 0.0131286868166289 0.0121802485433905 0.477243526549976
-0.0154181650343798 -0.00224281570787752 -0.25659654150194 0.231893039854894
-0.0121088177143157 -0.00847798846798731 -0.0108880199985829 0.0468662543991162
-0.00790362853855569 -0.0074128699510285 0.25714088405043 -0.170105275025699
-0.00956347610608336 0.0030481404275725 0.0727128162864913 -0.506679885096294
-0.00174671639865138 0.00711655941405934 -0.397192485739147 -0.307605062663302
-0.013366814587327 -0.00407189438239172 -0.357812556512653 0.198320257438284
-0.00945900177682762 -0.00925634692144528 -0.0164766784218526 0.291259331896553
-0.00715927589967786 0.00445886520318094 0.122014145004478 0.126370973023933
0.000311853148531916 0.0140086757299786 0.0910595644753112 -0.0684590046798006
-0.00222409238335057 0.00744133394324103 -0.0683926098559845 0.0443046610500201
-0.0109384495680429 -0.000865299848353339 -0.0859536899809943 -0.0900455160336978
-0.000216593178089514 -0.013994186348608 -0.00274824466579565 -0.232122982099364
-0.000807118809911932 -0.0165684008816713 0.297273962230626 -0.153236955702354
0.00915324410837752 -0.0113875235232118 0.366855019432841 0.244107940215214
0.00143461572133489 0.0100889190311728 0.000677194608309875 0.481303382273508
-0.0143584638305541 -0.00374245532141492 -0.260376903043068 0.22990915550327
-0.0102281335666904 -0.00946028583007604 -0.0110799321374339 0.047101653787302
-0.0071569453019336 -0.00903811446791815 0.254240822105294 -0.172417282819631
-0.00990679291945021 0.000693107281284317 0.0617042431838963 -0.503513857585814
-0.00332371154101244 0.00556093389231485 -0.401638477180256 -0.295601428240776
-0.0142859148851228 -0.003833179321841 -0.354583488534307 0.205710857800904
-0.00881948192431751 -0.00780540696810713 -0.0122331950257357 0.290631024209014
-0.00570709624742515 0.00563081632078584 0.123976790038494 0.123676227217868
0.0018359264106203 0.0155065583667247 0.0934183848855444 -0.0685095792719997
-0.00110458190523103 0.00836516805780368 -0.0659145020437863 0.0443175635246195
-0.0100040574658824 0.00038889500242117 -0.08407123766434 -0.0917410290986376
0.000316440358575768 -0.0120985945188897 0.00209130286055662 -0.232925753507391
-0.00163406514539105 -0.0152568384250594 0.299503404538574 -0.147020857708372
0.00822902938531153 -0.0129285043588656 0.361618639221523 0.252217933839021
0.00222063447751144 0.00735357349210834 -0.00831712122625127 0.484121957236404
-0.013058397292132 -0.00581313694558953 -0.264582943302323 0.228123661174968
-0.00876994476261724 -0.0104010475794734 -0.0103730217233675 0.0468058456003599
-0.00573163001022331 -0.0103422626437934 0.25129602263065 -0.175334422563599
-0.00960041220580206 -0.0019000538126615 0.0530031637669761 -0.503269647817028
-0.00473803603555859 0.00368706312854295 -0.409592621962299 -0.286548283549589
-0.0160804876055113 -0.00175676515858159 -0.35158562174248 0.212804880289294
-0.00899511381777905 -0.00550586270671644 -0.00821021572887885 0.290085042902329
-0.00409260046430439 0.00729527211067019 0.126573209274684 0.121649765884085
0.00406008418557131 0.0164020408318652 0.095253772869939 -0.069407849107611
-0.00418186708960204 0.00443663325531406 -0.0735752162416039 0.0481034118877099
-0.013357092829388 0.00494958972609983 -0.0935966767643591 -0.0865736064859816
-0.00357563771614795 -0.00334450673049258 -0.01051943866054 -0.234271516672302
0.000219174728304872 -0.00862827292724693 0.296735328782883 -0.173774315382873
0.0123026493341832 -0.0131811745650438 0.387742376054028 0.212740028999997
0.0065000463026175 0.0094249209534183 0.0314310297967263 0.467142867086675
-0.0150444964585676 -0.000556642883546432 -0.244845174953882 0.230480458552176
-0.0137991367777396 -0.00690490645070166 -0.00442254400633884 0.0426323611580331
-0.00865498815971879 -0.00558271628941986 0.26468298550136 -0.175906319436597
-0.00558408001054784 -0.0013260461108017 0.0845782887793205 -0.517805324031502
0.00125059699605709 0.00354092570603426 -0.387249007825932 -0.324672113702539
-0.0132538377335812 0.0040912321563113 -0.356687416366025 0.187480103866617
-0.0143994986060453 0.00441994274705874 -0.0187202467220456 0.287217923835776
-0.00935117242970686 0.0125101858042694 0.117413844572031 0.125091735837996
-0.000502467877337321 0.0119056599291558 0.0891007857703114 -0.065289531640813
-0.00530988970398173 0.00340080696878416 -0.0747445789958668 0.0476375077365835
-0.0143361856630938 0.0030372181656005 -0.0948278627727438 -0.0858095266966145
-0.00329331410636616 -0.00717763193944478 -0.0136088831586736 -0.233147753869485
0.000690605207241461 -0.0110850324954265 0.293398826047946 -0.175952448241966
0.0124763133248029 -0.0118199877948212 0.388858144194458 0.208872995895406
0.00551859263610399 0.0121297872334693 0.0354125280462246 0.467803729900833
-0.0164018606032443 0.00068947506779295 -0.243777624540871 0.233042839897548
-0.0145830558773164 -0.00622165345280642 -0.00627048795002996 0.0437397817111259
-0.00990502695594276 -0.00541354674326288 0.265409708757676 -0.172772690149557
-0.00682046101870477 0.00220396832740862 0.0894033228450155 -0.515111542896324
0.00154568345727104 0.00576470192932625 -0.383729825288196 -0.328779950911003
-0.0125262548145194 0.00158692821445291 -0.359176831582804 0.184253037955095
-0.0131262012387717 2.56615446219514E-05 -0.0212904383362116 0.287770089698642
-0.00996234787043359 0.00946240951473667 0.117212523538625 0.126509802361435
-0.00211610189256245 0.0115692932229607 0.0884742196723366 -0.0651699989040685
-0.0055229292953618 0.00349973976804013 -0.0752432081685421 0.0469846684104811
-0.0142749477768411 0.000657166818215069 -0.0952342255692117 -0.0849855391857928
-0.00308994241276521 -0.0101467172855386 -0.0150268641663984 -0.23360574752034
0.000430829730980159 -0.0135958052303588 0.292144365064535 -0.175507290358979
0.0120023292277702 -0.0105730451649948 0.389289672670727 0.208341743789222
0.00478299500035261 0.0143768745899646 0.0356168546072043 0.470256477538227
-0.0168590849870331 0.0012860360209215 -0.244439566371002 0.235033436914696
-0.0152724667051581 -0.00622542144761172 -0.00801397948192084 0.0450312805539818
-0.00995732574090026 -0.00485983962151814 0.264246948441662 -0.171437335101683
-0.00811969963055179 0.00426300940621455 0.0898565931191707 -0.513951002337458
0.00178991651625858 0.0072889968388935 -0.384416043987049 -0.327971191292522
-0.0119106524075887 -0.000736276769523122 -0.36015472505463 0.185381227203554
-0.012190688787347 -0.00348457375725695 -0.0218837889961989 0.289315942874734
-0.00958863937068841 0.00763383246125892 0.11703004857424 0.127860475753733
-0.00292008956568025 0.011011462271833 0.0882786444998014 -0.065267834306656
-0.0057187948400619 0.00446366074203444 -0.0743869721469852 0.0465198204317922
-0.014385379160054 -0.000843707424932773 -0.0943015214552733 -0.085896751151412
-0.00224654730721828 -0.0129465205330762 -0.0138369503275731 -0.2323268636735
7.24453079605556E-05 -0.0153543504675032 0.291951945207739 -0.172343044870047
0.0114773143426044 -0.00973027665293374 0.386205031634715 0.214576890887602
0.00347516477410039 0.0152614745060484 0.0319884467506353 0.471180810458883
-0.0173469472467713 0.000685297976193077 -0.247147286474389 0.23581625921193
-0.0144769332703528 -0.00650160705583529 -0.00934835131845879 0.0457834325920624
-0.0102659527982193 -0.00494703115147841 0.262627737783521 -0.16968955962421
-0.00895128969412326 0.00457061841428174 0.0867017157555905 -0.510443661524771
0.00112907042699834 0.00794740005381352 -0.387004345190277 -0.324756534829299
-0.0116495656979725 -0.00236004169843582 -0.360613197535263 0.187823206621586
-0.0115044358059693 -0.00639690600096172 -0.0210123089623928 0.291003967240825
-0.0096783512808958 0.00557150655641056 0.11820805803579 0.128380516658681
-0.00268069756837197 0.0117581383404879 0.0885257678491638 -0.0656874223238769
-0.00543417470520436 0.00519248879318286 -0.0729345651004951 0.0455352089154348
-0.0138324321464884 -0.00185803375474996 -0.0919817908623011 -0.0866809334589335
-0.00169512922993731 -0.0143170378486227 -0.0115148314122318 -0.231932277959965
-0.000373140516720417 -0.0167067701142187 0.293512684348801 -0.168020955983427
0.0105324476060152 -0.00986566152219122 0.381579674979906 0.221574465269685
0.00259486537423825 0.0145513703781483 0.0259875803327364 0.475165802838675
-0.0165761539322372 -0.000287437794666125 -0.250855686916074 0.235665542195279
-0.0134247057363951 -0.00716506127310938 -0.010166589903071 0.0465988984953418
-0.00937898003314499 -0.0059333997753381 0.259307771482468 -0.170638759335098
-0.0096915353339716 0.00445122435925256 0.079869475675452 -0.509124678048216
-6.08848110622189E-05 0.00774322044413134 -0.392510474130961 -0.317276310156956
-0.0127316128931903 -0.00353583318020908 -0.359060631909704 0.193317314776933
-0.0103171977719506 -0.0084647592168513 -0.0191438632187995 0.29142434731134
-0.00841891394548614 0.00490357126216659 0.120045660527961 0.127557410416762
-0.00126520997166165 0.0124450858784291 0.089901239161559 -0.0668091743471469
-0.00411405259952132 0.0066744128314753 -0.0713660138604286 0.0451317269500354
-0.0124332836543534 -0.00190276133466467 -0.0892761895922163 -0.0876665864823342
-0.000298319758274164 -0.014801602624929 -0.00804054621604786 -0.232191189607232
-0.000932125985022377 -0.0165956369219616 0.295202213365874 -0.161286361421086
0.00942621528803037 -0.0105352947220632 0.375927244081162 0.23132748831171
0.00199572539807393 0.0128462821418029 0.0142597272213131 0.478577178284174
-0.0164991435146323 -0.001873506073001 -0.256496988840895 0.233264710408381
-0.0115898320805555 -0.00802431033532015 -0.0113103262508947 0.0472666534116021
-0.00837114769587272 -0.00759971928453716 0.25678621589965 -0.171095851503946
-0.00997960617874214 0.00347269055672809 0.0701282872000092 -0.507254413278469
-0.00150146751205748 0.00729813867461476 -0.3987252360915 -0.3057606513865
-0.0134572713858461 -0.00406219970009267 -0.356419697953629 0.200733164714972
-0.00953906862466203 -0.00905984079695417 -0.0148699224790532 0.29129944238714
-0.00696602191027301 0.00467810514864282 0.122803800220103 0.125646350800799
0.000457425610907552 0.0139464099359311 0.0913411858418701 -0.0675726475482185
-0.00242743386770002 0.00790120787239923 -0.0685788422025997 0.0445852339310707
-0.0111947101436684 -0.00121265325280961 -0.086598892532713 -0.0896567704502515
-5.24881400863482E-05 -0.0138748682895458 -0.00297243447744506 -0.23228946482622
-0.00118926394731568 -0.0161970667140194 0.297483438602822 -0.155127985990092
0.00893882438403865 -0.0114159090684017 0.368489934599214 0.242155596068994
0.00172897449610083 0.0101891377912977 0.00364742078469534 0.481682020105749
-0.0147671073738772 -0.00371530536946862 -0.259600101487971 0.231425344035662
-0.0103849458356644 -0.0092239141179684 -0.0110037677647528 0.0474500383635287
-0.00721004720325146 -0.00888309623036157 0.253901788721535 -0.173577917219341
-0.00977440528122456 0.000765647703372426 0.059284082599361 -0.50482132435768
-0.00306121214027584 0.00546363049830881 -0.405692339478705 -0.294856154222389
-0.015020394858587 -0.00357780306226382 -0.353353312088889 0.208925721678147
-0.00909599160961707 -0.00754351151490166 -0.00978983645555319 0.291686622384453
-0.00528187077322879 0.00592504221615201 0.125258310465575 0.123481948397014
0.00283059330097899 0.0153828190968858 0.0933327834723862 -0.0692502932850622
-0.000819939242488912 0.0087789513018797 -0.0659369182911038 0.0439362041426372
-0.00967695069872997 0.000261139518023814 -0.084175029391141 -0.0910542793614065
0.000264170903645936 -0.0119809362875684 0.00117522038775985 -0.232313286764718
-0.00120539088462454 -0.0148525325342039 0.2997487909964 -0.148842211533498
0.00854281860948588 -0.01324438655629 0.364203196027338 0.250095310596612
0.00202463998300927 0.00700551680353942 -0.00677584331191221 0.484566889674122
-0.0132171211046139 -0.00538754433170891 -0.2633579186584 0.228930066941074
-0.00827075528893633 -0.0100165267821282 -0.0104737280324519 0.0467821646724535
-0.00568859680508573 -0.0102133597659326 0.252032571178885 -0.176814446849138
-0.00931079034876262 -0.00221555293258959 0.049945488752536 -0.504257649164829
-0.00445044126969934 0.00353089370184371 -0.411322544094647 -0.285375895106339
-0.0159201956873832 -0.00178669205082646 -0.351323165270188 0.214989185900309
-0.00937903545474346 -0.00543513885820436 -0.00587310154353077 0.290618997388069
-0.00354519906259359 0.00769069543244419 0.127363472844223 0.120844237311663
0.00453096742656816 0.0166332998182485 0.0955352096807993 -0.0696753130127912
-0.00428879800223632 0.00424800569859456 -0.0732071047730016 0.0475942039613146
-0.0132372197132508 0.00504682411490266 -0.0944148770520063 -0.0866935300960198
-0.00374712316228418 -0.00359048397136211 -0.010925319039346 -0.234333550062976
0.000297959995667134 -0.00851223803590556 0.296548499653192 -0.176384696885091
0.012041175362889 -0.0130145586774945 0.389153248555499 0.211035670506429
0.00635489984161848 0.00931523893668001 0.0359916485179148 0.467148030153162
-0.0150836236978344 -4.70014229629291E-05 -0.244521092503711 0.232908822876116
-0.0142479079389735 -0.00677494317414955 -0.00417853525688539 0.0428151351784071
-0.00854872600306184 -0.00596035805721476 0.264492053920166 -0.176832785544468
-0.00603979481943409 -0.00117214035674707 0.0811744153044964 -0.519127797682345
0.00168838446852263 0.00374884346960582 -0.3892944811382 -0.323482059678887
-0.0130718780291096 0.00433732007402209 -0.356055631757812 0.190813051477441
-0.0143865481762239 0.00455908746565874 -0.0166309419873652 0.287664508610084
-0.00908696209435659 0.0124784125405528 0.119353176999171 0.12480124506378
-0.000612080608321064 0.0113913790077667 0.0895088438559095 -0.065050503023092
-0.0050485017917989 0.00372788208307596 -0.075099179084262 0.0476545703599498
-0.014129941498462 0.00286935013872668 -0.0958323000116653 -0.0855010276660138
-0.00376849546824358 -0.00688094728307879 -0.0140853443879423 -0.23249436284529
0.000572185456427425 -0.011006578460776 0.294412734329769 -0.17818069587476
0.0123531191992258 -0.0116091337669322 0.391475594340121 0.205667675533732
0.00587549043713092 0.0123597373014088 0.0400304174426384 0.467940967092764
-0.0164565775026947 0.000884681141762982 -0.243061156805011 0.23514213525072
-0.0146902406352773 -0.00604003613635349 -0.00612429841508508 0.0433935062350547
-0.00966179475560278 -0.00473615536586806 0.264353956760439 -0.173877535590413
-0.0071002612915768 0.00224734560566198 0.0864407362691228 -0.516901988466543
0.00175462411212213 0.00542102080867314 -0.387530235879302 -0.326753212594019
-0.0124498948963694 0.00169467039604656 -0.35880108745195 0.187447216932088
-0.0139102994041573 0.000171458373581612 -0.0191048189059772 0.288721572915732
-0.00996670773371019 0.00985733694324487 0.118145055714572 0.126166460018162
-0.00130479501097071 0.0115220776183162 0.0885257405619359 -0.0652949891205996
-0.00577789169609843 0.00392464279251078 -0.0748124160088835 0.0471960530268912
-0.0145444962702343 0.000891978454094191 -0.0956813912971185 -0.0855066353549264
-0.00299750676685779 -0.0106269152404059 -0.0162423461422026 -0.23262608213801
0.000140125225595502 -0.0129476784171732 0.292138236330037 -0.178046302691927
0.0120748609843771 -0.0105626223893477 0.391657156190666 0.206257505870377
0.00480104505769764 0.0137972697579973 0.0393533589348644 0.469025378426922
-0.0172142811913447 0.001276530767046 -0.244189037858163 0.236641056392548
-0.0149545070029205 -0.0060489972185045 -0.0077909262749381 0.0452446046796647
-0.0107307324498178 -0.00474661582600513 0.263536348072534 -0.17231415954363
-0.00789538988036568 0.0039412500573559 0.0863231238898068 -0.51543399745755
0.00194067184794916 0.00686188088382675 -0.387825273526196 -0.327350651590304
-0.011933802521246 -0.000105451110751507 -0.35950645674699 0.188425081379414
-0.0122301706186402 -0.00388483801800113 -0.0205376004372402 0.290307450529335
-0.00974258259517387 0.00791904196521986 0.118831423115211 0.127436693878755
-0.00230111472771509 0.0108876705827467 0.0879361211681929 -0.065775707005644
-0.00541719561488031 0.00463776137739549 -0.0746813307309807 0.0467291956558097
-0.0143349759254788 -0.000786844854299571 -0.095126651113074 -0.0855952412778499
-0.0028265625891978 -0.0129931448364131 -0.0147340030760957 -0.231990466984627
0.000235951561401316 -0.0147683985828769 0.292157042094671 -0.175132986613047
0.0115129154816238 -0.0102170240742333 0.387797598235524 0.212126818088017
0.00368004557078743 0.0146654354948367 0.0357780503068835 0.471573897958877
-0.0174906719305586 0.000924748697787795 -0.246393316502108 0.237533168469517
-0.0142581834262999 -0.0064314247552111 -0.00930564478605438 0.0460600106062824
-0.0101225864148648 -0.00500972315048283 0.260928663585246 -0.170712700431808
-0.00917065041169939 0.00489482697440285 0.0844997338151681 -0.513072360814276
0.0010952881174863 0.00806506560352194 -0.390362331994134 -0.323225149460329
-0.0121379093597091 -0.00242997033631138 -0.360806811428408 0.190918796506754
-0.0113364618314002 -0.00678377449854752 -0.0194001305998648 0.291524957190641
-0.009163655616695 0.00581241962999141 0.119083787332607 0.127655643877769
-0.00219574283544442 0.0113225560524305 0.088421219766656 -0.0661235659755911
-0.00499508596234105 0.00527514039409848 -0.0732973736662274 0.045337981930778
-0.0134398228077672 -0.00161351082510433 -0.0933046994904301 -0.0869284041087342
-0.00188827737593085 -0.0146791656050222 -0.0126829996946996 -0.231751336318323
-0.000168734040583337 -0.0164451070814532 0.293849809215359 -0.16969966661511
0.0103528342359707 -0.00977620932179809 0.384143289166746 0.220380439378943
0.00274754103166064 0.0143912044648555 0.0290611459699601 0.476322941830738
-0.0172952003459169 -0.000118552812342576 -0.250524982052689 0.236945308284366
-0.0136086030203094 -0.006772319049248 -0.01056529164987 0.0468454275395405
-0.00969509666049177 -0.00544768655029714 0.25940081493977 -0.171356374793597
-0.00962002617508579 0.00479576073489568 0.0774112678542035 -0.511903020490978
0.000376272901666103 0.00804715506742892 -0.393914126779797 -0.315044819193666
-0.0126417387162437 -0.00336329455753434 -0.358382891687786 0.196511674035888
-0.0105053226786944 -0.00857214749104629 -0.017102313125087 0.292007983401258
-0.00785504956587548 0.00439399904395023 0.120932151306563 0.127331761178608
-0.000617373394714254 0.0124659842169422 0.0898515858255237 -0.0671994659041361
-0.00350981624471685 0.00666684627707002 -0.0709348868184476 0.045139960682517
-0.012312297050888 -0.0018268671330265 -0.0906298967854802 -0.0881030117367873
-0.000403663642467381 -0.0152788512334081 -0.00854519108879831 -0.232086673238019
-0.000548079885217292 -0.0165159656639098 0.295571065768328 -0.163780561293749
0.00948758020963619 -0.0108938439316079 0.378325470411077 0.228951706162754
0.00204778772988288 0.0123758310721364 0.0172399711798994 0.479227329158578
-0.0157864462860302 -0.00163749114401047 -0.254883808322037 0.235360866435143
-0.0118129350737685 -0.0078358138257796 -0.0104296214520844 0.0475993298451796
-0.00871584399075843 -0.00723846399565619 0.256265337372504 -0.172280709347559
-0.0101744430353177 0.00337396016588525 0.0677239484844674 -0.507843337893591
-0.00124056982237156 0.00677594753810899 -0.400834973323117 -0.304257643277979
-0.0138966992002301 -0.00353897671950404 -0.356750883952948 0.204424371368279
-0.0101818746239579 -0.00892309955039276 -0.0128542692740738 0.292637355410818
-0.00683929486355973 0.00498672544804664 0.123763184923743 0.125182572978066
0.00094054947455086 0.0136054342518079 0.0918434861057434 -0.0683080800047926
-0.00220058042050013 0.00733062607379352 -0.0691727421658418 0.0438630149091907
-0.0109187794702492 -0.000830092303914348 -0.0876033004836007 -0.0893734675262821
2.04469301388003E-05 -0.0141762478393442 -0.00412847495901755 -0.231795797769881
-0.00123399854139228 -0.0160197047858547 0.297230100397875 -0.156950255063681
0.00911610471850377 -0.011788601761549 0.371669391145299 0.2401463524449
0.00213257317304036 0.00943700837029013 0.00636367311040739 0.481329975023273
-0.0146215737302997 -0.00325809866910113 -0.258899208148968 0.233545843978229
-0.0103565222986881 -0.00876720036506865 -0.0106913245064659 0.0470970546869776
-0.00755013007956981 -0.00820973618682142 0.253312468202968 -0.174896405089807
-0.00995581532969718 0.00108962894528389 0.0559041680957342 -0.507109931071895
-0.00294475743500257 0.00509983288146197 -0.408108716267429 -0.292296968911142
-0.015235369064075 -0.00306716850481751 -0.35324194539993 0.212102681739105
-0.00947477753463911 -0.00750553116157998 -0.00861928873916425 0.292669775022673
-0.00524356600655237 0.00574066414242363 0.126436094485028 0.123151226836869
0.0031539574528095 0.0153087121021707 0.093213310894516 -0.0689381426913056
-0.000663660295118237 0.00836009447216348 -0.0667117849491944 0.044153692381058
-0.00963390808451243 0.000411009993497114 -0.085229384813245 -0.0908427079230135
0.000505232608093999 -0.0117950052657198 0.000521443017705774 -0.23238692280073
-0.00153926638332084 -0.0146184437283685 0.300765949548912 -0.151094933684825
0.00842217618399419 -0.0132773528515427 0.366305848731434 0.24965407257997
0.00221525607284387 0.00681167096114804 -0.00347242521093498 0.484451932148126
-0.0132626975700907 -0.00514598961371686 -0.263302743406201 0.231117471095735
-0.00861076116591123 -0.0100273965152399 -0.0104722854559878 0.0470296962379459
-0.00647191136697622 -0.0101705597473344 0.250947118867203 -0.177898693686871
-0.00992122322787391 -0.00242468012401295 0.0464529221795196 -0.50563523395151
-0.00463499199077357 0.0034203983422013 -0.414847990120507 -0.2837226899421
-0.0164909692182035 -0.00174040765963499 -0.350353441593621 0.218307597840268
-0.00923303996159047 -0.00499818777070002 -0.00393828979878218 0.291654920434648
-0.00346889278538568 0.00769591887093838 0.128972639339283 0.120917471821969
0.00513912312999965 0.0165372495424495 0.0953772298769454 -0.0700320218000911
-0.00421242814625589 0.0043213145350927 -0.0736717634492693 0.0483659774675506
-0.0130868967092748 0.0052511075616989 -0.0955270177447125 -0.0863292554898199
-0.00338122165918439 -0.00367901661653717 -0.0128576342511806 -0.234123313280599
0.000303318441332777 -0.00842120543709429 0.29706246081601 -0.179516626787372
0.0122450170422723 -0.0135304049270938 0.390908138559164 0.208515144748459
0.00668716879957433 0.00889127968194949 0.0392353751267469 0.469320385230752
-0.0151993224507788 -0.00017889590856139 -0.243264062918768 0.234935577228575
-0.0137057439026461 -0.00642999350180149 -0.00440489269406666 0.0430345758942655
-0.00892634300557138 -0.0059096499625353 0.263484369246211 -0.179184987253888
-0.00644805404557922 -0.0010041878843524 0.0783573568331496 -0.521804698230812
0.00186519292666475 0.0036884017850913 -0.392728933160407 -0.32068618535701
-0.0131249137911833 0.00450466682814787 -0.35547181454012 0.193824978759408
-0.0146023904539266 0.00448361810550294 -0.0136881536117596 0.288960353776109
-0.00853536659871842 0.012600038690451 0.120457636734672 0.124252646777068
0.000154961289095879 0.0114529193631596 0.0893076029964948 -0.0657198663882522
-0.00488850334752074 0.00371062963130595 -0.0749142897532204 0.0477764717271412
-0.0143203802627338 0.00333403779869259 -0.0967082267694934 -0.0850662673269576
-0.00326681372578234 -0.00740787769858342 -0.0152148597287588 -0.233436468786918
0.000814890261735444 -0.0107577897046319 0.294471864927475 -0.180620716254838
0.0123194443610368 -0.0118376119620155 0.394585146162316 0.205116745696119
0.00600988804555703 0.0117772183761969 0.0431353495858176 0.468894918482361
-0.0166084023399918 0.00105252109185023 -0.242016005354689 0.237505921460231
-0.0147676467895367 -0.0060639018653442 -0.00605124916299025 0.0438742190895936
-0.00977694153348961 -0.00438793742179744 0.264116375700787 -0.175534661029979
-0.00715865521292918 0.0018413525066076 0.0826484404558978 -0.519386303630996
0.00198797823801725 0.00558258474114309 -0.391133610140494 -0.325087791951523
-0.012578121672998 0.00212795693045345 -0.358206483131376 0.190975172068811
-0.0138208103953655 0.000471375231284835 -0.0173422407560346 0.289947351148288
-0.00937330126408915 0.0103686808309815 0.119166017402028 0.125764078567921
-0.00110731468119508 0.0107408733490975 0.0886582680242936 -0.0659872760472068
-0.00564799433317651 0.00385549043315394 -0.0753430638633267 0.0473845805038563
-0.0143637784807206 0.000937230437458477 -0.0969130091048533 -0.0846995596090108
-0.00323529934081397 -0.0102884162805374 -0.0170097110288436 -0.232583671139164
-1.77840702090997E-05 -0.0129744188837128 0.292424971585119 -0.180047083732135
0.0119125753275946 -0.0111342962544696 0.393841271029561 0.204727134871056
0.0048827203804096 0.0139582163070383 0.0436550438379321 0.470256913408666
-0.0169118248328613 0.00186379634807121 -0.24294296066222 0.238304093576422
-0.0147248237499396 -0.00604988756967681 -0.00745107511628589 0.0448804179450856
-0.010582005397501 -0.00399205723573805 0.263032743327968 -0.174062635374307
-0.00822687181992008 0.00425322215103999 0.0819613296735394 -0.517315417483073
0.00232503809128419 0.00708298171074026 -0.391458926809654 -0.325504994917314
-0.0118905989178786 -0.00053040655085473 -0.359007588804097 0.191580961277963
-0.0125657053197792 -0.003619565497704 -0.0174116832485263 0.291362299613919
-0.00931961049629678 0.00749098364666467 0.120308879460518 0.12737408302197
-0.00213537214177747 0.0107170439022447 0.0882109805149165 -0.0658929049482244
-0.00518405981958907 0.00402613065999208 -0.0748241275591881 0.0467047828301922
-0.0142631031761825 -0.000977272484200654 -0.0966673930177389 -0.085465274827469
-0.00276118172511773 -0.0132951712335354 -0.0163364216009122 -0.232168418787051
0.000266716746838504 -0.0146762306655265 0.292684680070735 -0.17796605380776
0.0111161785222492 -0.0101626479198895 0.39149179829636 0.209590177968757
0.00381436009857185 0.014308141819244 0.0399677892387902 0.472713067638497
-0.0174574264890447 0.00132784061905201 -0.245458785978056 0.240005307450787
-0.0142829603771848 -0.00627882644048743 -0.00875181235278819 0.045478532597676
-0.010197674425424 -0.00450634020044768 0.2600683920709 -0.172515312467015
-0.00947038133475289 0.00498398465976181 0.0809452947796438 -0.515015545321328
0.00117852805034444 0.00781642106032765 -0.393325780418229 -0.3221357218751
-0.0122437059143336 -0.00186731510765954 -0.359962290642829 0.194001478346793
-0.0118843631508556 -0.00663244254168238 -0.016502273777936 0.292438397015022
-0.00882669520569768 0.00595284417231453 0.121033175457335 0.127341153744715
-0.00133236154121497 0.0114197517359746 0.0887478832096935 -0.0662037774190764
-0.00487444761476779 0.0050089821107375 -0.0735769017920762 0.0462922474902753
-0.0136184671607032 -0.0013345016403468 -0.0939263493048801 -0.0863516333512162
-0.00165940460332247 -0.015138877319138 -0.0138399272252349 -0.232184193165135
-0.000100246750837571 -0.0159772262609042 0.292884896778763 -0.172437252645965
0.0103508300842748 -0.0101461100258432 0.386743620765807 0.217194595733138
0.0030515061722609 0.014156186432908 0.0321978721303055 0.476851229564585
-0.0172934518273566 0.00033178898811017 -0.249093058108843 0.238915571244118
-0.012966993999846 -0.006981789161907 -0.00986579273925397 0.046276532758266
-0.00971793388962571 -0.00539285193227671 0.257990647293426 -0.173447530395099
-0.00987527315274695 0.00509447984107503 0.0731112106572646 -0.513415643408762
0.00034461445597835 0.0078052140788041 -0.39699279433895 -0.314213948483574
-0.0130031700985177 -0.00333383067701268 -0.358068658417547 0.200060860294677
-0.0111082475843568 -0.00869906194919932 -0.014334736959701 0.293259337226925
-0.00775120210932771 0.00528359753004425 0.123076168841133 0.1258810191746
-0.000376710977480405 0.0124587875035172 0.0898397437504775 -0.0678036970659005
-0.00395994895905684 0.00616338409731682 -0.0714144714159465 0.0452217620184125
-0.0124648594076121 -0.00161764602000524 -0.0913496086065794 -0.0877178580875688
-0.000737533118295047 -0.0152213193062709 -0.0101885414264511 -0.231973370595631
-0.00066143373125054 -0.0163804291202072 0.295697598738678 -0.166458934850149
0.00925281397454788 -0.0108213536614074 0.38039357818534 0.226741900253722
0.00223725108768852 0.0119971138735723 0.0204199210298435 0.480200079943699
-0.0163260750244632 -0.00154035783687392 -0.254119273497855 0.237766327812373
-0.0117560008803657 -0.00777775941384598 -0.0109615704717431 0.0470733756486774
-0.0089112583763764 -0.00674215139276662 0.255274156264238 -0.173595311308218
-0.0101576802172777 0.00369511572340888 0.0643723984708068 -0.510534821588045
-0.00142309876109978 0.00645684269210714 -0.405229140991947 -0.303001010726745
-0.0141487257619363 -0.00360486980943586 -0.355273586058062 0.208004113442974
-0.0101889740046137 -0.00884075796357409 -0.0104927088630019 0.293135177392699
-0.00623284108258623 0.00503644701640042 0.125458660652898 0.12500653321316
0.00151053124002192 0.0136049837761883 0.091730595578959 -0.0687636862733226
-0.00184783061782319 0.00770581016372024 -0.0689085666950241 0.0446186048510609
-0.0112222376598007 -0.000735365307996639 -0.0887855152064201 -0.0896834656223863
3.3576068596366E-05 -0.01454558533963 -0.00473432303920451 -0.231877099213752
-0.00109985245208943 -0.0163279235569629 0.297815307111029 -0.160602340138408
0.00839237249310109 -0.0118552410122249 0.374710328034698 0.237323762580788
0.00214868190166512 0.00942283380864629 0.0106571705269257 0.482879206098964
-0.0153105170994124 -0.00281033832542562 -0.258445840049896 0.235333144926314
-0.0103300276184127 -0.00881569338888991 -0.0104228359028627 0.0475035587433661
-0.00788460153438061 -0.00793708530519829 0.252416914457695 -0.176242105557447
-0.0101375364891369 0.00102562090911974 0.0520826877139792 -0.507707951334968
-0.00270015713747326 0.00533196935552938 -0.411706382802121 -0.288948986444211
-0.0155147706433604 -0.00280133365394276 -0.352165117577 0.2156585473435
-0.00940072323953018 -0.00749066075777445 -0.00504737599733533 0.293588270495443
-0.00470471645806987 0.00571069402431405 0.128369085185972 0.122533341570969
0.00380144779830619 0.0153166518909327 0.0931881556386189 -0.0696127662240212
-0.000345539930433981 0.00830671599300364 -0.0665364614866794 0.0442732206609443
-0.00959188565791509 0.000594816170142921 -0.0863565231077499 -0.0905123662518004
0.000523777460004687 -0.0119701720093566 -0.000369015015908952 -0.233092372519632
-0.0013874003524149 -0.0145923727721682 0.300846287544313 -0.153955796550099
0.00834605687981914 -0.0132467048298593 0.369439539494523 0.246243564901307
0.00243985548973039 0.00642848770448198 0.000126951377008451 0.48594641172019
-0.0133075309928248 -0.00479101539383624 -0.261589998733837 0.233393888565813
-0.00881774746833867 -0.00989043517355901 -0.0101759241899143 0.0470476859616123
-0.00647844151509527 -0.00983998677650978 0.250323674583136 -0.178763812356053
-0.0102463244406248 -0.00191821339206544 0.0431653629320045 -0.507789815833899
-0.00421455881824994 0.00333203208571177 -0.417587661275717 -0.281554775528081
-0.0158963313458204 -0.00169923262899538 -0.349348729229663 0.221707848151952
-0.00950950959587624 -0.00518253605733612 -0.00189349652204545 0.291766982885343
-0.00326280894642429 0.00801109910264483 0.130841180589052 0.120189173748099
0.0057620151754339 0.0160939322607975 0.0953831508472499 -0.0709451296981796
-0.00394941315592432 0.00400534526039906 -0.0735509426233541 0.0483814049507464
-0.0131983856590897 0.00537501990641623 -0.0965584053107353 -0.085667195646248
-0.00349673714495106 -0.00379565825596631 -0.0142656867695925 -0.234396799644261
0.000287986467558514 -0.00830769866001441 0.296029057489554 -0.182366260686315
0.0116155313530095 -0.0136593201050655 0.394676232369243 0.206185210239219
0.00646812783154881 0.00872080990146564 0.0420124553855374 0.46940859995333
-0.0153701209153275 7.278520958899E-05 -0.241759683534231 0.237795938787794
-0.0138093270151752 -0.00634181564816149 -0.00414039227470055 0.0427838881318876
-0.0091193415577174 -0.00521190875594859 0.26226253216316 -0.180641308641967
-0.00635454150826892 -0.00104881106251095 0.0734938775989314 -0.522104035907472
0.00207293857385641 0.00324630357645879 -0.396610869683496 -0.318350258093107
-0.0133949265174998 0.00493287612427982 -0.354484719513536 0.197865006849229
-0.0143828999349301 0.00479764400129705 -0.0118075572403365 0.290083715944814
-0.00824816283131801 0.012320207596613 0.122010753466494 0.123607807589558
0.000968161485674199 0.0112383995295344 0.0895324857013316 -0.0661539470252588
-0.00508010325025687 0.00374631759107149 -0.0748074663498027 0.048247904885352
-0.0141924720193318 0.00337498762186475 -0.098492585305387 -0.0847160782869153
-0.00354078297762001 -0.00734346987601579 -0.0162398619667904 -0.232971598008238
0.000852804803594097 -0.0104511580937562 0.294567676182266 -0.184093913298959
0.0121754172033437 -0.0122308544726125 0.396428962236237 0.200946073150211
0.0059932579735643 0.011353879088403 0.046024782277831 0.469151723205618
-0.0165625703441767 0.00126294769044756 -0.240812990230989 0.239985898811581
-0.0148411037503415 -0.00541633014213723 -0.00559979209792834 0.0437589956121893
-0.0104496684561524 -0.0040281676428485 0.262589644624298 -0.177835613848023
-0.00742157613559947 0.00194825649250203 0.0779108958539071 -0.520481122889518
0.00215547708585405 0.00551465627729931 -0.394932963308724 -0.323116766212259
-0.0126129843919929 0.00240530958734305 -0.356901696752935 0.195500367865084
-0.0139527263435423 0.000238050120035096 -0.0145049756368444 0.29056256128
-0.00897296937907771 0.00960130869384644 0.121907615767133 0.12542771413807
-0.000699846501423581 0.0106961511149455 0.0885098819516056 -0.0662765960293923
-0.00500813207646512 0.00407627586833778 -0.0755105692596401 0.0472183737005356
-0.0144727720533389 0.00124283211028925 -0.0979200512144975 -0.0838673776132138
-0.00258454033230196 -0.0106896670267846 -0.0185151501805849 -0.23263667377057
0.000703335265245623 -0.0129309563259156 0.292118092256124 -0.18318674773141
0.0120735612581148 -0.0111611987392783 0.396135769956663 0.202220475805879
0.00531445406926577 0.0134966098374808 0.0464160356101385 0.470056564166405
-0.0171971421388471 0.00208219159714458 -0.241656509485755 0.241453280575918
-0.0147333694188083 -0.00552466186480349 -0.00701579359387635 0.0450443354464608
-0.0106077813151784 -0.00394748610287566 0.261275806230479 -0.176252606914274
-0.00818941492495209 0.00451311350304719 0.0795015836115922 -0.519380523911933
0.00235465520083525 0.00684224611685855 -0.395200296987444 -0.323029491274558
-0.0120670674711708 8.69573981310524E-05 -0.358776277764886 0.195257085035214
-0.0127959367445515 -0.00332351250581297 -0.0153332313465788 0.292477333202016
-0.00909033134441605 0.00777341505524451 0.122168210905999 0.126498587750089
-0.00142014792528927 0.0109898883313722 0.088063974874305 -0.0664937704756885
-0.00508616670208535 0.00456101438875205 -0.0745120141121449 0.0466436799320594
-0.0143343486860708 -0.000465694999905368 -0.0973848766768289 -0.0847122648122017
-0.00252950414254951 -0.0132948832494158 -0.0173140618177428 -0.232649703970317
0.000100709183669572 -0.014684763324014 0.292508033932576 -0.180538078564078
0.0104899710731021 -0.0105385264202216 0.394149347553886 0.206851904813927
0.00405349598092325 0.0142438014649368 0.0440968511923395 0.47398683863465
-0.0178634224822729 0.00182156306877722 -0.244027365732407 0.242461764330475
-0.014640364049274 -0.0062486050157279 -0.00881019880345484 0.0462748448539231
-0.0104421465229126 -0.00393613277127299 0.259735241732021 -0.174592856200784
-0.00932463962563884 0.00518071559775512 0.076635327871957 -0.51659036224998
0.00167007989539696 0.00783643629494617 -0.398347506762064 -0.318967934068439
-0.0123164775986 -0.00167454656137766 -0.359248129517832 0.198358457303161
-0.0116183593194041 -0.006671277658324 -0.0144292723379926 0.293049345518172
-0.00837645270145899 0.00618556505142908 0.122620314080373 0.126306750762609
-0.00137054469019779 0.0114166897658887 0.0885793647577906 -0.0673122503546527
-0.00462346989466428 0.00513048308168658 -0.0734689271513739 0.0456683460673385
-0.0138902006907725 -0.00133984297655808 -0.0953903324052045 -0.0859620581244509
-0.00169554675464059 -0.0148211685605732 -0.0148244508000396 -0.231877246047753
-0.000313059848632052 -0.0161206058588269 0.293440625598559 -0.175586733988832
0.0102326159085664 -0.0103104371200883 0.389947977582171 0.214161771557112
0.00286254224271656 0.0138916868942841 0.0363013808264992 0.47650366515552
-0.0172718411843772 0.000888483173654342 -0.247401480590553 0.242441981233065
-0.0132345582969699 -0.00655681894423651 -0.00940321595231154 0.0471088973408902
-0.0101569144568514 -0.00504155489788787 0.257325418328588 -0.174418205417648
-0.00974521162420992 0.00506706005680478 0.0685369084982856 -0.514790509655138
0.000679325420683666 0.00785592179894758 -0.402627766201859 -0.309449317078858
-0.0127688194900461 -0.00271917529677778 -0.35707797890241 0.204045880132385
-0.0110693500029276 -0.00792773033696455 -0.0122650000145718 0.293758903826492
-0.00725560743914524 0.00523136495474792 0.12477148806615 0.126059081055639
-0.00011193048545173 0.0120380586600247 0.0893533068539297 -0.0685417507050277
-0.00362763885024989 0.00655508951443052 -0.0714007857767048 0.0451004613682333
-0.0122507717689873 -0.00133072089465362 -0.0928135058227463 -0.0868841096068058
-0.000765212552743984 -0.0156319388234158 -0.0112125730950615 -0.232200330380732
-0.000676614332909997 -0.0163586300719772 0.295664230150325 -0.169059726701202
0.00934710924473137 -0.0108819066800567 0.382838221929004 0.224589279903854
0.00264809975903937 0.0117048607554241 0.025034719220397 0.480895947189508
-0.0165993210120155 -0.000693914228953627 -0.25280210601827 0.240469886604164
-0.0117544334171049 -0.00783043150017424 -0.010423272048806 0.0476876446849242
-0.00910521932031275 -0.00625285909893621 0.254303393323521 -0.175504174130427
-0.00980974678501279 0.00368589724903881 0.0609521230337572 -0.512139353678074
-0.00079461042663561 0.00683097785671843 -0.409640672548112 -0.29968991964488
-0.0139105308103295 -0.00354876244505856 -0.354844269371605 0.211878317796845
-0.0102224659929578 -0.00881592122872701 -0.00782854163174977 0.29417601068768
-0.00564718438858275 0.00535854989252727 0.127312611593896 0.12399864924568
0.00173335104190075 0.0131761157311742 0.0917085716746471 -0.0691132790816947
-0.00195914298531348 0.0073421540010878 -0.0692846479850705 0.0452556017935546
-0.0112058904785584 -7.31727574729689E-05 -0.0896823898269988 -0.0888008046615333
7.29911938389524E-05 -0.0144820596833639 -0.00657586778229085 -0.232306636796241
-0.00109051386154992 -0.0156605749609574 0.298206109045739 -0.163027151337605
0.00857874157866559 -0.0120947214549811 0.377642392741492 0.235179462466963
0.00205599863050816 0.00917296635482117 0.0153846839950224 0.483823259811611
-0.0153127069738224 -0.00273634325061516 -0.256690618067664 0.23812941738955
-0.0105974487980152 -0.00864115082029406 -0.010692410599232 0.0473768341872238
-0.00765586114270296 -0.00802022909054688 0.250933131244466 -0.178507936019916
-0.0103415446728546 0.000850506010892567 0.0490823152142676 -0.508840070430044
-0.00247148432715852 0.00490530415986619 -0.415073749164732 -0.286899150450485
-0.0149987160735624 -0.00274904966119866 -0.350463085666992 0.219668537929051
-0.0101793225239224 -0.00687433708210147 -0.00319806414044811 0.294009979726467
-0.00429678822624069 0.00622272734725337 0.129750571671107 0.12199191679048
0.0039841766569458 0.0148768963086797 0.0929009731731815 -0.0702583323507677
2.56654822532074E-05 0.00846125716046729 -0.066342002099728 0.0443555121473658
-0.0095678758692267 0.000827047315139746 -0.0872445618798427 -0.09037649927662
0.000570634760933288 -0.0125161296371782 -0.00179733394991828 -0.232564143005771
-0.00143649092993246 -0.0142668224392219 0.300861665009121 -0.156736595427356
0.00811804154680814 -0.0136849710343011 0.371578126463519 0.244289090583339
0.00244078670053559 0.00628813240476216 0.00531836193976911 0.487961952972497
-0.0137708874564947 -0.00475876710208427 -0.259709192916912 0.236295075637332
-0.00876409657837017 -0.00970617909175818 -0.0103011945003032 0.0473999471791234
-0.00663362962414053 -0.00978717351975085 0.249137551901081 -0.18118147620439
-0.0102762102613696 -0.00206466433135909 0.0396837045090567 -0.50897782355326
-0.00437592869900151 0.00323234211573498 -0.420253537155679 -0.27913211438515
-0.0162407105644901 -0.0011221776794734 -0.347915761482919 0.226479629127105
-0.00986088530142095 -0.00446380380595549 0.000853177247624648 0.293319800897426
-0.00262834257812043 0.00764497212004405 0.132800654689534 0.119496001946416
0.00578019659079005 0.0157263472008016 0.0954451587793383 -0.0712314676244575
-0.00413615160009995 0.00384128354927091 -0.0735118746539236 0.0486898354218197
-0.0131383329069076 0.00572241061997515 -0.0981969843651866 -0.0849070950835709
-0.00346818150593439 -0.00394311646211169 -0.0159488024332607 -0.234302358647446
0.000975546313032345 -0.00831523763747028 0.295821166419859 -0.186377829636761
0.0119136568224755 -0.0138812082992956 0.397268001008348 0.20366863513024
0.00659778405577882 0.00808664642003735 0.0470931042584898 0.469777929291015
-0.0152656238027633 0.000587742905065025 -0.23965157727879 0.239973106452202
-0.0139953361459809 -0.00598695307809882 -0.00398967881756596 0.0429459924242674
-0.00851549158793436 -0.0050783394720144 0.260995573057093 -0.183190206328644
-0.00638992903605619 -0.000647580393020285 0.0691145512172196 -0.523990920025676
0.00213703391494571 0.00322531859969513 -0.401960762503998 -0.314588796985624
-0.0134654777977915 0.00482695563725236 -0.353525480232493 0.203117132416314
-0.014829709895759 0.00488011672774992 -0.0080214637597016 0.290316812907973
-0.0077169032772922 0.0131017100269246 0.12422921809708 0.122846158009421
0.000787999375081326 0.0110862047975891 0.0893223595141654 -0.0668743643510335
-0.00460016283393023 0.00368081917506327 -0.0748469488057797 0.0483891349010077
-0.0142614397459754 0.00340979314908631 -0.100000762148233 -0.0841788942467449
-0.00357704551924673 -0.0073796887770884 -0.018649255995644 -0.233287161378391
0.000553459214932927 -0.0102459008948747 0.29339266206256 -0.187528711438976
0.0118301267053223 -0.0121604716349428 0.399218216569448 0.196893899753011
0.00609026728524429 0.0113071183051048 0.0528092077745388 0.4698436544717
-0.0167311364935862 0.00178597743626463 -0.238178078148437 0.24255304007213
-0.0148166967412107 -0.00553351213881267 -0.00529911061691412 0.0444654419256682
-0.00992981751118819 -0.00393700744036038 0.261100022336418 -0.180370491165059
-0.0077602341053275 0.00245957829438877 0.0747235605243701 -0.522360380587882
0.00211810755967106 0.00512995699934107 -0.398358691099584 -0.31943883219109
-0.0125849698361522 0.0025073755660929 -0.355237688936901 0.199830428828625
-0.014575641873129 0.000837739921582141 -0.01118978662307 0.291351451124384
-0.00883073812872598 0.0103217047884275 0.123264144434732 0.12401384317364
-0.000603703074677251 0.0103408574163848 0.0879993549773471 -0.0667486579682719
-0.00525226083091073 0.0035446127508527 -0.0753077380769104 0.0477945458954557
-0.0147678147917151 0.0016097201833852 -0.099542526351171 -0.0835086661757808
-0.0028938472460531 -0.0107057231077971 -0.0200016268290243 -0.232803598288853
0.000554097370737577 -0.0122701404983777 0.291424894156811 -0.187027241327873
0.0115607876874013 -0.0113999210954647 0.39918687446146 0.197098892171867
0.0050416874965057 0.0132431882703962 0.0522904335205328 0.470142206720117
-0.0176010898446816 0.00248553219896973 -0.239224647085452 0.24442488213609
-0.0148342900911072 -0.00541024937516505 -0.00708976695740235 0.0453899803857237
-0.0108353305143617 -0.00324553423239425 0.259974432872939 -0.178573177999174
-0.00835311809980705 0.00441939396245186 0.0751627473460805 -0.521330395014099
0.00241399805569455 0.00674794021980254 -0.399390702458045 -0.319074901818827
-0.0124904985958269 0.00037900430598964 -0.356431240198638 0.20027368343377
-0.0131967922594826 -0.00307517717708238 -0.0115843041589539 0.293001479364507
-0.00860251936549954 0.00795896833428993 0.124139498337644 0.125376680950848
-0.00143804342673479 0.0105047404075897 0.0880329300150923 -0.0673158827059049
-0.00491916849678061 0.00454161656907751 -0.0743783515717929 0.0471225900548005
-0.014479289924868 3.66238523215115E-05 -0.098492200154518 -0.0837997148561368
-0.00230287492430654 -0.0135491120210788 -0.0188708711364459 -0.232085231513713
-9.74910470204214E-05 -0.0142156776037564 0.292456965964284 -0.183736425781248
0.0110051067137175 -0.0104650328931348 0.39828865767001 0.201817054364352
0.00419944429857484 0.0137906968379309 0.0480720912333088 0.475456767300032
-0.0179303506080969 0.0020368720530749 -0.2418039563358 0.24496138226928
-0.0142931904875995 -0.00581425041486236 -0.00842875192087883 0.0460917579095903
-0.0110488273534795 -0.00427043514682056 0.257880907945635 -0.176649154405856
-0.009710826709264 0.00560994414097384 0.0718250725344721 -0.518557224311889
0.00177323656806638 0.00733843697077955 -0.402160944656447 -0.315017440497962
-0.012666731556141 -0.00141123795289247 -0.357539883988592 0.202599303427294
-0.0123599576361042 -0.00651992714341237 -0.0115196557675801 0.294128390245687
-0.00794140398397427 0.00605480444207889 0.124330059276147 0.125764486299375
-0.000779017868640317 0.0109154690170179 0.0886342816039743 -0.0677088267479328
-0.00434998811887862 0.00531155210320773 -0.0732433204999867 0.0462388796673979
-0.0133659760486099 -0.000944763844546177 -0.0969871939301235 -0.084972517871808
-0.00182385047069592 -0.0151951538337001 -0.0170489451233159 -0.231958044323688
-4.46409854722368E-05 -0.0159544848778312 0.293427963672782 -0.179535564770328
0.0100283139841647 -0.0108105499104106 0.392486226001211 0.211043154645965
0.00306421958681246 0.0136521791402698 0.0417301289442713 0.47764182180825
-0.0173349549414271 0.000822804750289718 -0.245064093212627 0.244783416870348
-0.0132250678652244 -0.00673007027097116 -0.0095608171292994 0.0471439963114962
-0.010383251356154 -0.00497077408138128 0.255543713029568 -0.178089801485293
-0.0100279360923877 0.00510471009500134 0.0641389219707663 -0.516563220435856
0.000868259260713349 0.00717988357915208 -0.405672322429535 -0.307743735439903
-0.0128654459118575 -0.00275195537472534 -0.35512329822088 0.20836673764261
-0.0113010966575401 -0.00820712739939764 -0.00856349707234726 0.294702168707721
-0.00705633403929893 0.00545990371056759 0.126846019291189 0.125082077940864
0.000286496299101493 0.01224812869721 0.0897799137368715 -0.0688299505329191
-0.0030695174218967 0.00613222312445735 -0.0715094862434412 0.0452411740700961
-0.0125728719468047 -0.000834081739106905 -0.0941794670097559 -0.0862862815109356
-0.00071716238662339 -0.01542804063327 -0.0132702892253775 -0.231994141966673
-0.000706205346099694 -0.0164334352248149 0.294887473663752 -0.172736260312963
0.00919179930142913 -0.011104603467859 0.386328974741772 0.221881375413828
0.0023931632681657 0.0115893821802329 0.0301189790961955 0.480529220010791
-0.0163587940446356 -0.000505576961110338 -0.250246883587865 0.242703074931042
-0.0118122312172633 -0.0073707796414997 -0.00997841117695322 0.0475624604385306
-0.00946124787563716 -0.00598540076256962 0.252761996332696 -0.177575652114375
-0.0105473016601837 0.00404822692923781 0.0559516230309266 -0.513833431822605
-0.000722249519458356 0.00647474403009841 -0.412580276542598 -0.295909865856006
-0.0142827985361076 -0.00312315016148859 -0.353131310370581 0.216199975705005
-0.0106112508707617 -0.00833753020670389 -0.0048904238374632 0.29462009009291
-0.00547035197394113 0.00518088280597525 0.129040807425959 0.123130126758183
0.00259667627745819 0.0134777483006517 0.0906122810755908 -0.0701248329471081
-0.0018036036031538 0.00725453031839498 -0.069038711913223 0.0449320385894063
-0.0108781817461922 -2.84278463204716E-05 -0.0913174664804951 -0.0887401193701638
-0.000234129744486861 -0.014981060134038 -0.00845644971758885 -0.232163347121014
-0.00100845596857011 -0.01596368596458 0.297847376171572 -0.166584113232348
0.00833108844528642 -0.012243293244065 0.381266627217411 0.232296329882111
0.00235248444936248 0.00887697057784112 0.0209270226081692 0.485373093581813
-0.0154184712837084 -0.00249088524196837 -0.255201486619236 0.241396734060698
-0.0101228457747977 -0.00840941968874924 -0.010194683463757 0.04757215248171
-0.00799851057569051 -0.00772491489301873 0.249573633808647 -0.180589315712349
-0.0108297097521567 0.00143055675115776 0.0437026269222739 -0.512295029273218
-0.00235176719072994 0.00490357516446908 -0.419805428248365 -0.284324833459495
-0.0155447602812227 -0.00254660306665419 -0.348889554772096 0.224130194399045
-0.0101350539205566 -0.00724188432173042 0.000614823023234393 0.294690506615882
-0.00418387403860056 0.00592787733367351 0.13163357296005 0.12087303541285
0.0045779738680319 0.0144849549452036 0.0929519488345922 -0.0709340826389036
-0.000112755946597471 0.00841683834912309 -0.0660349674998755 0.0445374279786059
-0.00988461796000718 0.00137326454939256 -0.0888028132961155 -0.0900377900460139
0.000748911372032076 -0.0125714777231214 -0.00337633241206377 -0.232965135057562
-0.00139990167270364 -0.0138842695589875 0.301822952152923 -0.160032556945189
0.0080230629051804 -0.0139600696582167 0.376306872117963 0.24151372103373
0.00258414323984139 0.00589570497131728 0.00939417378874405 0.487174136263198
-0.013770538388778 -0.00441050836475035 -0.25858358119619 0.2390700770275
-0.00865038068512632 -0.00950945189039174 -0.00940215060863245 0.0475741008897442
-0.00703672537791062 -0.00963322791836593 0.247798808778278 -0.183892052635164
-0.0107251278264385 -0.00207302627523518 0.0340291909950193 -0.510794850729202
-0.00406295290973409 0.00293497439379304 -0.424332511846565 -0.27425282474384
-0.0163732661830816 -0.000937915905994569 -0.346037019240166 0.230321240214836
-0.0101711239716839 -0.00452830571228736 0.00456051515656942 0.29308167086924
-0.0021811749907606 0.00794909735094347 0.133627982163244 0.118591942741273
0.00634328410877406 0.0155243324097501 0.0951773996788049 -0.0718852457787271
-0.00319899048043139 0.00377411374173557 -0.0735897509446889 0.0484198922992856
-0.0135268275433081 0.00633953485616663 -0.0990423369217121 -0.083733169041602
-0.00352630698571799 -0.00426821317140667 -0.0177830730829531 -0.234180677031108
0.000552710108648635 -0.00814869172216094 0.294840499664063 -0.189687478071318
0.0113044200772205 -0.0141396652621028 0.400858623352707 0.198056070511293
0.00681855660689524 0.00808370138392535 0.0534083556068342 0.469457149243412
-0.0152996136700067 0.00070444374109889 -0.23717881160051 0.243025882794971
-0.0136967211564488 -0.00592336337936627 -0.00394151718409199 0.0432980739792818
-0.00908747801315166 -0.00480627515587954 0.2596675415606 -0.184901359594911
-0.00692368036272826 -0.00088932193569502 0.0632626191534123 -0.526190008643461
0.00248514519579334 0.00266984634070992 -0.405285012743839 -0.311059983127517
-0.0132754972853688 0.00511230228940599 -0.350858741881122 0.208028163504454
-0.0146091719501548 0.005443911190063 -0.00439563753263041 0.290556156289808
-0.00739125613683967 0.012791465277993 0.125996542862695 0.122167618707929
0.00107164223914769 0.0106117956431612 0.0895961884061508 -0.0677685440536989
-0.00460766959262703 0.00363048338581835 -0.074521122625876 0.0488968929366101
-0.0140980461951524 0.00368841775499393 -0.10070891011653 -0.0827564246901059
-0.00312026571825883 -0.00743280633604325 -0.0205226626268836 -0.233081529407539
0.000847179246099779 -0.0102118610944731 0.292093366176793 -0.192026559054482
0.0119096628859237 -0.0124473202812628 0.403209404638028 0.19310212130189
0.00627992275567618 0.0110368379044101 0.0564299783984942 0.469449788762738
-0.0171527654829428 0.00211100277141066 -0.236466435492412 0.245882104086358
-0.0146581407753187 -0.00538338885698327 -0.00531932086900471 0.0443895695789034
-0.0104037112472617 -0.00384499876898335 0.259245738791108 -0.182939372825594
-0.00777637106910688 0.00229077966198592 0.0676530352669107 -0.523957107631826
0.00247821740647606 0.00477542792759454 -0.402430561164548 -0.316313605645763
-0.0129325223012457 0.00317075935955946 -0.353762175937488 0.204546397646925
-0.0143284042659677 0.00128356466654296 -0.00733717363876733 0.291994956930629
-0.00861187167776312 0.0103711338804155 0.125159623067869 0.123317946201573
-0.000217964647473055 0.0104636451161109 0.0884231563826516 -0.0675037193882079
-0.00511573455456413 0.00355798752558162 -0.0751208737498275 0.0482541364996633
-0.0146947986401851 0.00198209342888184 -0.100839574819329 -0.0831801689275719
-0.00303156977655209 -0.0110824181503268 -0.0217791352353145 -0.232644634695882
0.000552860313224796 -0.0121642870192537 0.290620112737334 -0.1904877292098
0.0112746031304154 -0.0112947485938368 0.402133616467356 0.19230768950102
0.00531003978261834 0.0128621393809066 0.0579033119646151 0.4712399757595
-0.0176065005750261 0.00282683636976748 -0.236638900135705 0.246461821672495
-0.014918396746895 -0.00510686008782608 -0.00676489553577149 0.0453193687791463
-0.010904005932598 -0.00330444043827969 0.258835472801421 -0.180758136339966
-0.0088732631423252 0.00464397134301271 0.0687921817209675 -0.522897848105492
0.00268330677067278 0.00631146945907056 -0.403820272229323 -0.316109920026623
-0.012641056575247 0.000467783414431421 -0.354615188369693 0.204196143492926
-0.0133904753356378 -0.00282832301487012 -0.0084746750808017 0.293337970578374
-0.00858268808817482 0.00803093604373295 0.125558932692661 0.124511741147714
-0.000646798295466161 0.0104767177468442 0.0880344884173507 -0.0680790124199429
-0.00466880047993188 0.00422475592721078 -0.0749774576953352 0.0468253465320296
-0.0146925798023577 1.76836602331439E-06 -0.100219416654295 -0.0823630933305442
-0.0024495024338508 -0.0133027649604877 -0.0208965602119998 -0.232627404791053
-0.000370559811908133 -0.0142842312399199 0.291194408416402 -0.188102162185429
0.0107548242878304 -0.0104927730651054 0.400410190446965 0.198128763051583
0.00411872632655655 0.0137708496699417 0.0536280236570218 0.473501135847233
-0.0180635845785652 0.00234080734997026 -0.239945681356559 0.248108125421956
-0.0143584069400012 -0.00552392661092525 -0.00805677765118852 0.0463510974623375
-0.0107888441789677 -0.00349329004858556 0.256569483337895 -0.178961244534955
-0.00963185570140779 0.00523637176840811 0.0666186996215781 -0.520410403973228
0.00223273517233716 0.00712685631472157 -0.405974558975199 -0.312224800046698
-0.0125559470945547 -0.00139550835797337 -0.354988375163972 0.207770234833914
-0.0123711294488739 -0.00594399791744011 -0.00802405779732104 0.294945115044027
-0.0076770566169212 0.00621352176434419 0.126369134676369 0.124566366173936
-0.000492220764506231 0.0104764026548956 0.0880126781502436 -0.068651050670835
-0.00407883645841716 0.00513219627621112 -0.0736875797664219 0.0465453798497875
-0.013755859948256 -0.000541753740855797 -0.0984535329694374 -0.0842374861352439
-0.00186911019548829 -0.0158352436042762 -0.0187828153667676 -0.231763700152884
-0.00067392779753941 -0.0157633427902709 0.292394175763774 -0.182285767935459
0.0097226594369102 -0.010838747132733 0.396461906820294 0.206931269062329
0.00319670348991092 0.013288640096444 0.0470655607835725 0.478148819752154
-0.017707361366205 0.00141553285042367 -0.243030987353861 0.24760478796683
-0.0132923719449166 -0.00613004172527649 -0.00955000400865244 0.0469103769628256
-0.0102891810801262 -0.00473131649290082 0.254250084606835 -0.179470348138265
-0.0101285671245621 0.00486288993414348 0.0586345171392783 -0.517679312827562
0.000931272140449711 0.00713864253646385 -0.409231782457424 -0.303246199928246
-0.0133436070006892 -0.00234552574211966 -0.353429721665896 0.213764572693641
-0.0119009704688305 -0.00832849512269176 -0.00469854788237506 0.295157900871444
-0.00662947697090171 0.00528593579917395 0.128239443092794 0.123961224696528
0.00116945565391943 0.0114001915418832 0.0894254646836617 -0.0699755015184553
-0.00283562295053494 0.00626619392139957 -0.071014264366482 0.0455067979066369
-0.0129942592543894 -0.000762819573097569 -0.0952553781334637 -0.0850322466185572
-0.00080727557144755 -0.0159065197510485 -0.0148383498457519 -0.232236947553341
-0.000964700279234526 -0.0158675278297634 0.294074490531788 -0.175741609410768
0.00887646286148107 -0.0112267228242837 0.390156737026284 0.216869891916917
0.00225509135875125 0.0112540359150521 0.035999036406603 0.48283787773223
-0.0168998138669547 -0.000325477053355823 -0.248880971425468 0.246042008172335
-0.0117701338930252 -0.00667771923086742 -0.00974002464215111 0.0476836265583735
-0.00922414119398492 -0.00595182783066833 0.251783771692795 -0.180350908789312
-0.0105667289527306 0.00389635446960499 0.0503883754334521 -0.515036894768104
-0.000428910364416724 0.00635468263545932 -0.417561052934257 -0.293033297899082
-0.0145467700382408 -0.00273628756602259 -0.350819506895562 0.220886279437292
-0.0107012579505125 -0.00830302879594948 -0.000882072093489388 0.295347162122343
-0.00532598333775918 0.00584944804179762 0.130712911489039 0.121990262597133
0.00307700680533769 0.012739011793767 0.0909867396089668 -0.0702736695636998
-0.00185376699948831 0.00718060413162641 -0.0692809236336528 0.0452528607858001
-0.0110089538532029 -0.000120352966693361 -0.0920005405629293 -0.0873935272489017
-0.000154535700358205 -0.014909969455985 -0.00999711027453938 -0.231567282553894
-0.00117698489992537 -0.015310390166262 0.29664334629824 -0.1698262677561
0.00820055681802831 -0.0129227393037438 0.384061306751529 0.22738901737803
0.00184989062320852 0.00870208253900522 0.0250443092473416 0.484976281122528
-0.0153637080527785 -0.00219402704068982 -0.252132237240663 0.244427816441618
-0.0101426849960451 -0.00818654620171757 -0.009803156569075 0.0475049464156514
-0.00840152996879603 -0.00785652114548415 0.247966217445188 -0.18303984033731
-0.0113889766820935 0.00162060384496384 0.038998361387827 -0.511604955299716
-0.00195479967546191 0.00440339246192464 -0.422915698172826 -0.279683647437966
-0.0153379556921292 -0.00205004092884016 -0.34696955453455 0.227973285006718
-0.0108062282719557 -0.00679219713204183 0.00461103776241302 0.295296817441078
-0.00384001627276172 0.00611281397642146 0.133138031664337 0.120101538844192
0.00520756854292407 0.0140042575164884 0.092188403428513 -0.071647456193901
0.000512950570810968 0.00822062117005403 -0.0663472503957732 0.0445360557918801
-0.0098827074011619 0.00099409158112963 -0.0901009340596328 -0.0890840737230532
0.000322342134235005 -0.0125985139129142 -0.0057504665759761 -0.232456931900016
-0.00110142894309203 -0.014112997878445 0.299924088835546 -0.16353546709432
0.00760469845297472 -0.0139555194325161 0.379715428965077 0.236903415889238
0.00220556382817376 0.0057153975326516 0.0151441159017407 0.488825879477445
-0.01372860166406 -0.00399943384238366 -0.255780381381945 0.242569593630291
-0.00910383876533993 -0.009401536513704 -0.00909504518591819 0.0474089157429694
-0.00649531717133485 -0.00969844122421644 0.245557459220233 -0.186270353299526
-0.0111715018600518 -0.0019130558129484 0.0291543132712514 -0.51220670089785
-0.00390434975855068 0.00285690324412965 -0.428811852266495 -0.270200423756046
-0.0161026114049401 -0.000896002516154952 -0.344092473327526 0.235318987799175
-0.0104346887422985 -0.00447432470150596 0.00793888123465495 0.294225344947166
-0.00243885589315468 0.00790117485074853 0.135514523015109 0.117296807506557
0.00690426299730699 0.0154031390110226 0.0946666117414073 -0.0726162385476796
-0.00327392794600796 0.00386477561353945 -0.0737877374227602 0.0491364657682757
-0.0136587270042605 0.00664024095982042 -0.100997772664155 -0.0831261672640057
-0.00327422754348796 -0.00403998716725364 -0.0193277677060799 -0.233535796674699
0.000562284474795899 -0.0079465781993574 0.293267260428634 -0.193797918417004
0.0113511391368813 -0.0143052605261908 0.403464605841637 0.192945283783973
0.0066962561769999 0.00764151366677391 0.0596695525912253 0.468442414791529
-0.0154321093008162 0.00139952376059995 -0.234184031069648 0.245790282288987
-0.0138972609644499 -0.00565417054132809 -0.0032107176974269 0.0429739011179288
-0.0100544747249169 -0.0042090851339125 0.256711855905013 -0.188112677941154
-0.00702842676706209 -0.00069721449639162 0.057348737530531 -0.525955615828579
0.00225009491978625 0.00283987524751438 -0.409053953041268 -0.306541419352367
-0.0132721889882994 0.00573273442033231 -0.34835381069937 0.21166025373378
-0.014691709758634 0.00561710824294316 -0.000734056756703187 0.290800048817081
-0.0069719008343988 0.0130028605817432 0.12773085028894 0.120283320528519
0.00127631409862813 0.010382408877436 0.0887763010418941 -0.0682037820415962
-0.00436418555615373 0.00341439246793842 -0.074366136523505 0.0488674836520567
-0.014013421337393 0.00443699008441411 -0.102220303305736 -0.0819616664109848
-0.00352262833969485 -0.00764154825186155 -0.0224255164614155 -0.233124280391131
0.000680710640263557 -0.010254644965983 0.290055615310597 -0.195724821126478
0.011427417390311 -0.0123886436974409 0.40502784842653 0.18791540475302
0.00612880461927403 0.0103441961993241 0.0644041662780704 0.466951044286156
-0.0164449132311863 0.00245771242005602 -0.232875940031906 0.248602469550469
-0.0145084483129706 -0.00538739813582831 -0.004935099308325 0.0443153930615586
-0.0106066686661851 -0.00336894424600011 0.256697348888685 -0.184894889711913
-0.0080190699041171 0.00242406584507889 0.0608123944147849 -0.524690760735479
0.00266221072301519 0.00429765038868554 -0.407702490106069 -0.310084302413544
-0.0129885973420599 0.00334348012231063 -0.350934950562252 0.208705462798078
-0.0143923915613185 0.00117503807964419 -0.00399259003841961 0.292060407726191
-0.00805690829714404 0.0107357062104902 0.126816604496738 0.121916883521514
-0.000102023653590491 0.0101362830345255 0.0876083470330288 -0.0681914768403783
-0.00491131948035605 0.00388930039675062 -0.0752259906471724 0.048216862099083
-0.0147919470106937 0.00215567167735924 -0.102256799441609 -0.0812022650356542
-0.00318943343280829 -0.0109704522064137 -0.0241246611253431 -0.231632849236738
0.000460050817255084 -0.0122987767386879 0.289008772088101 -0.19485146364524
0.0113153612898482 -0.011512697923374 0.404895687831716 0.188746184617805
0.0054305265896901 0.0127491436744826 0.063284287922284 0.470114403482344
-0.0179743401171505 0.00282939107289048 -0.233377973712402 0.249528277690319
-0.0146774453003734 -0.00501195752756223 -0.00638124645908566 0.0452760175817826
-0.0114343145924701 -0.0031055963368902 0.256134715228138 -0.183503456799212
-0.00877979459396608 0.00513267189876037 0.0615567554956077 -0.523828980128747
0.00284086542680955 0.00580481443074792 -0.407570983086899 -0.309729002177826
-0.0125031593978499 0.00101895992755734 -0.351682858378785 0.209234023133967
-0.0136089459431034 -0.00251549703403066 -0.00453759497863686 0.29333559977665
-0.00822720949992926 0.00875043946744111 0.127282214147366 0.12267792072718
-0.00041924433166919 0.00991915889021671 0.0872755390043719 -0.0688697579921806
-0.00489356412989025 0.00442119760217985 -0.0743986914448073 0.0479865563495844
-0.0144349370234466 0.00049062863392253 -0.101336076891023 -0.0813260634076592
-0.00294854180314042 -0.0139183442682328 -0.0235369870663851 -0.231253949646591
3.36094312425173E-05 -0.0143668115022781 0.289242448978224 -0.191207216447595
0.0102687484802503 -0.0106344399978784 0.403072556377157 0.193931417220024
0.00446764041217197 0.0135143851578059 0.059775798445979 0.472712792919907
-0.018097643021556 0.00280804743557528 -0.236148164770845 0.25117170335547
-0.0143811065232835 -0.00547613336285832 -0.00800517556580067 0.0462147290393445
-0.0111720972795389 -0.003438347287063 0.254074215123354 -0.181936232288532
-0.0097447543940179 0.00563476780640061 0.0597722164403146 -0.520408071731578
0.00230999605918372 0.00715324541672063 -0.40952850764957 -0.306864942593959
-0.0126083035679481 -0.00122712035835514 -0.352520428748351 0.212933012365084
-0.0127332206383668 -0.00574115136728168 -0.00357464605757524 0.294394215147397
-0.00766930984445165 0.00635508344724037 0.128200365033408 0.12292461479542
2.17566826503923E-05 0.0106700591121342 0.0875592913077771 -0.0691669650580771
-0.00404878647963359 0.00523303281322943 -0.0730818963018854 0.0467977465321475
-0.0136017961377954 -0.000268809887462914 -0.0988190254854637 -0.0829195394751744
-0.00184295925802662 -0.0154752975278737 -0.0206620860206354 -0.231096846206518
-0.000526739843675903 -0.0157195392193034 0.290654093522046 -0.186741332354814
0.00986640284694174 -0.0110551009958302 0.397979560768508 0.202051192440918
0.00300527765464414 0.0128300643016977 0.0537956335244773 0.477188999937451
-0.0176305684134262 0.00156554851863632 -0.239811845288887 0.25079849294148
-0.0128521958852356 -0.00589282656625849 -0.00871836919035315 0.0475057077731392
-0.0107388731203346 -0.00455473708636081 0.251450046127645 -0.182257144872731
-0.0101935103440155 0.00522327195225394 0.0512601318288699 -0.517810824678048
0.00113385338199712 0.0068601872027344 -0.412905777697796 -0.298866149298536
-0.0131338407609202 -0.00226073057879162 -0.350260519224679 0.218473074449092
-0.0118109084754623 -0.00791499121059597 -0.000777829939341958 0.294725027130687
-0.00620734323081953 0.0056944895803509 0.130406780432436 0.122456000972673
0.00114608086433957 0.0110821737795636 0.0888841551178104 -0.0702577443980194
-0.00294759353337406 0.00614955373544854 -0.0710423709605549 0.046111946532935
-0.0123425928819606 -0.000276973605289847 -0.0969175649080928 -0.0845759094271597
-0.0010269629123117 -0.0157288118614111 -0.0168034760114401 -0.231042521043902
-0.000687746179400851 -0.0158274746126856 0.292942265820751 -0.180397711876427
0.00887192461497815 -0.0116301609328651 0.392783578039776 0.21162435282067
0.00266720772301776 0.0104974999089392 0.042995332066192 0.480169269967983
-0.0167708378013222 0.00018749041109163 -0.245624838289596 0.249081558392625
-0.0117522216582838 -0.00693271659227374 -0.00927718805999858 0.0476827600070987
-0.0095742563085786 -0.0057087059849785 0.248501725661076 -0.183055546790855
-0.0112325509247412 0.00409800884117965 0.0429641027680144 -0.514949334077309
-0.000325815239928104 0.00600856962742963 -0.41967635954462 -0.28654313622778
-0.0142862441265106 -0.00257543325347452 -0.347766396111717 0.226064110747101
-0.0109654520824601 -0.00801115002902238 0.00304065645494559 0.295540949512221
-0.00501644312470419 0.0057022902146516 0.132478692689799 0.120326040578574
0.0027092784418453 0.0127670166509508 0.0905965863850665 -0.0710810914179556
-0.00123926548615223 0.00754937806279427 -0.0687104278104943 0.0455029920360644
-0.0109942848383513 0.000475378757394237 -0.0940030479617702 -0.0863023741190872
-0.000292752177606284 -0.0153206563398075 -0.0125272170850688 -0.231808704632994
-0.00109173771808512 -0.015259801247475 0.295062374248862 -0.174109547493588
0.007706122667896 -0.0125605047838637 0.387305753083371 0.222110523850439
0.00222886851179327 0.00823684463398658 0.0309289661369177 0.483881014816862
-0.0152223451956362 -0.00135886570832951 -0.249288880127641 0.247159597075
-0.00992795578275541 -0.0080472078910354 -0.00869479288311539 0.0479704606022977
-0.00860217928715467 -0.00728010634561405 0.245246007884203 -0.185863278021963
-0.0112447034092409 0.0013923677842587 0.0320543337501875 -0.513170328167458
-0.00223614842383144 0.00441084000923949 -0.42657027596399 -0.275762895640205
-0.0152498447408496 -0.00179920867906342 -0.344042991816258 0.232799690237234
-0.0111195162102754 -0.00653604436066777 0.00798976866883877 0.294899232825042
-0.00324337176538702 0.00641009320546227 0.135235873761224 0.117926950915251
0.00531567761467046 0.0135689186067756 0.0926080808290065 -0.0722785087078472
0.000571950661618186 0.00811700422749272 -0.0661277966857756 0.04500268938736
-0.0101110554449795 0.00202444941487447 -0.0918183982374494 -0.087599483869513
0.000250834203442406 -0.0131951505192388 -0.00753836379236874 -0.232060913018034
-0.0017294467532808 -0.0141758740626417 0.298443572277727 -0.168078286378166
0.00746031531044125 -0.0143340636464493 0.381954856393861 0.231648023119139
0.00232603649236248 0.00538557124347868 0.0201598836977896 0.486551591242641
-0.0142685715353603 -0.00347913496578226 -0.251972527116581 0.245235820051875
-0.00882414189641946 -0.00884244257516118 -0.0087168480460143 0.0477902512683243
-0.00729444717155049 -0.00929854222469004 0.242608099867838 -0.187872253620557
-0.0109154742126421 -0.0014835601007277 0.0223975767985433 -0.512197694261561
-0.00375801479266155 0.00260627002477394 -0.432743168811784 -0.265085340546177
-0.0162357046399062 -0.000381355629400323 -0.340007126110565 0.239771755520824
-0.0105473784585705 -0.00404252506487961 0.0125940528888533 0.29394881827169
-0.0017852099080577 0.0082834870425768 0.137593110346024 0.115607143619148
0.00713082178243321 0.0153984375072918 0.0941137236449982 -0.0738693560995452
-0.00361846786478793 0.00356412866369659 -0.0733419395827003 0.0498875503793923
-0.0133351924738394 0.0069925660321196 -0.102183948154897 -0.0817499168979425
-0.00362826677601232 -0.00449547512919826 -0.0221176002942517 -0.233407797487642
0.000486025271063797 -0.00790222113287273 0.290376509913934 -0.196932461399741
0.0107156718044551 -0.0146734242333372 0.404245817027603 0.186866085099642
0.00657039953738303 0.00750470982342153 0.0655018887926188 0.46565910172666
-0.0154209634066869 0.0016471026045125 -0.229947792634783 0.248571963387451
-0.0138838889581845 -0.00548171408968737 -0.00289049322534953 0.0432445426689182
-0.0100493523418215 -0.00407467087672546 0.253884689214594 -0.189670701168919
-0.00702093070949789 -0.000667008744518272 0.0494831917218176 -0.52569952933475
0.00228092984987421 0.00223238473432528 -0.412515967603252 -0.301279789097451
-0.0133512763065602 0.006150742600466 -0.344589108546933 0.217028372921488
-0.0152247655348202 0.00596834204790756 0.00349633014743433 0.290292687936167
-0.00690602525367166 0.0132117332020073 0.129397069419998 0.118511915612982
0.00151719058113963 0.00991698401974165 0.0880200694122735 -0.0687328362685068
-0.00435242358483067 0.00368926646844279 -0.0741547288789027 0.0489251166237516
-0.014252198758631 0.00453087255764377 -0.102994614310987 -0.0803923256570486
-0.00355120555472138 -0.00777414185613507 -0.0248205187018534 -0.231888931410238
0.000797894486171977 -0.0100348782675889 0.288381654316947 -0.199552113442924
0.0113138620764797 -0.0132094764298851 0.407002995592095 0.181798904221831
0.00640302506517332 0.00996831375843731 0.068746147334644 0.466267119321241
-0.0168438363145982 0.00308113688804978 -0.228904896907385 0.250682666194845
-0.0147153082742677 -0.00466836504902975 -0.00426892664849128 0.0444813344703975
-0.010693480218945 -0.00334382829940844 0.253662590842711 -0.187690881409317
-0.00785756658084315 0.00260759311389679 0.0535448070013219 -0.524361859683408
0.00277265687485893 0.00440503740575583 -0.411316559181218 -0.305063429135592
-0.0130518103905167 0.00358508522865367 -0.346487372097181 0.213764689506918
-0.0148071512784308 0.00142588980714521 0.000450323015688671 0.291518470580594
-0.00794816917409806 0.0105838171297396 0.128871548747821 0.119993695875268
0.000356465127215741 0.0098926333767433 0.086654990720118 -0.0684164606700173
-0.00511091257928427 0.00367682797290042 -0.0747515971797659 0.0489475397138751
-0.0143572937128308 0.0026845804238913 -0.103197790085353 -0.0798899626662628
-0.00324923205925364 -0.0112216909591355 -0.0266751447726375 -0.23090125967618
0.000382824763347183 -0.0125209614334608 0.286357656498973 -0.198325573925743
0.0107119295821758 -0.0118466380572434 0.406198424826183 0.181864768530253
0.00517421062052403 0.0123325042264102 0.07032217447675 0.467160829062849
-0.0173837923269813 0.00351618176647019 -0.229922268255911 0.251772916266716
-0.0146605171474958 -0.00471212932497016 -0.00605271917877861 0.0454943756620405
-0.0112453107067833 -0.00264467557084875 0.252628591942836 -0.18583628993008
-0.00901201390589605 0.00459452893723219 0.0541341822157966 -0.522174945242292
0.00291689318574626 0.00585545180786084 -0.411189521939996 -0.304340109752387
-0.0121677398441947 0.00119565854993682 -0.348310605007433 0.213994777417407
-0.0143438564969255 -0.00231611990700542 -0.0003223040509046 0.29313357477685
-0.00784013395229282 0.00811042625807327 0.129067076572425 0.120948495830307
2.48153590047722E-05 0.00948156105805367 0.08626235733396 -0.0690660791924478
-0.00511397860692494 0.00392543639833266 -0.0745034279002557 0.0482399638211562
-0.0141775336446039 0.000956128220300779 -0.102585598678983 -0.0801806573640317
-0.00276831930994868 -0.0138735066707163 -0.025677349647732 -0.230240355450014
5.61517448427633E-05 -0.0140376242805883 0.286569597417182 -0.19564757177103
0.00994639136685388 -0.0111308063886658 0.403936251765017 0.187067679165475
0.00446714129449781 0.0125555648680213 0.0670403091084709 0.470505365014017
-0.0175152979324081 0.00304081973576174 -0.232531463433522 0.253121758229907
-0.014054260512754 -0.00536800741307202 -0.00718089369803655 0.0463650564028085
-0.0108637998995828 -0.0030843987620967 0.251006107635259 -0.18446493388299
-0.00989921366233544 0.00554057669031292 0.0529087398335654 -0.520352047693529
0.00283523834563993 0.00686367098982206 -0.412010466177437 -0.301484184549504
-0.0124379297479936 -0.000667966107062272 -0.348238719565988 0.216392616955546
-0.0133253803265825 -0.00526845451334624 0.000708799812638175 0.294082726447594
-0.00730154998100053 0.00636842932011854 0.130317475427416 0.121607598440617
0.000154694851441925 0.0102496478229061 0.0870157776802502 -0.0698019736462178
-0.00392809644179115 0.00522325859417085 -0.0726711843070648 0.046950551234014
-0.014052404796359 1.73808747865756E-05 -0.100616221629474 -0.081912068851913
-0.00202406138164078 -0.015492855482101 -0.0234672737477819 -0.230649119716048
-0.000327032024277787 -0.0152838073027353 0.288491440892553 -0.190928745597746
0.0094523679943946 -0.0111104850905123 0.401193532958706 0.195866733675742
0.00339209479912368 0.0123432571022729 0.0588938259323766 0.47548880760726
-0.0177987343519622 0.00231758583759354 -0.236170490779018 0.253317002348948
-0.0130063837964767 -0.0058271217904497 -0.00853279099633199 0.0472915811626634
-0.0106394349458643 -0.00370447082511205 0.248828905530412 -0.184516180557016
-0.0104416234471162 0.00483706613977243 0.0452079436396491 -0.518210090175845
0.00176516031981325 0.00695052319264734 -0.416711570159463 -0.292307203976897
-0.0131223089827464 -0.00169678485633656 -0.346523906328354 0.222758296179008
-0.0119374697000716 -0.00784839350756487 0.00409002888308658 0.294984530722491
-0.00602682688030512 0.00595684635018151 0.131527880900882 0.120391933959332
0.00163601661791239 0.011160051317243 0.0881764321673783 -0.0709063062545339
-0.00260327062916162 0.00627073294754765 -0.0707401640210192 0.0461745115613895
-0.012406464787523 5.12929932802565E-05 -0.0979062408893591 -0.0834029941647716
-0.00130861109010165 -0.0163256435072771 -0.0193568103002093 -0.230465312855174
-0.00073175967553492 -0.0156967309556592 0.29105024394848 -0.184001955246258
0.00835709332252818 -0.0116156299424067 0.394560487012466 0.206374041462944
0.00238029987759237 0.0105469895544213 0.0488584830304321 0.478691432761974
-0.0169524812248876 0.000772279099377033 -0.240731302083772 0.251442783156818
-0.0112685593009498 -0.00681608621022173 -0.00943413218958271 0.0476745654583609
-0.00957732300750804 -0.00540301667643604 0.245959950482046 -0.184980240578652
-0.0111970035739779 0.00387890264257228 0.0350025490774529 -0.514357509018946
-5.96262774373709E-05 0.00588603761352828 -0.423365467735834 -0.280664931978914
-0.0145068886979097 -0.00213087335932423 -0.343462553795823 0.230531064073098
-0.0112727470024775 -0.00786688950685409 0.00739678532581029 0.294764052563616
-0.00465308032669761 0.0054843595901203 0.134138193346464 0.118425929413142
0.00300897176139019 0.0120376809523918 0.089616558397499 -0.0717930618686095
-0.0011280507053932 0.00717741711386996 -0.0682229124136857 0.0455063287866001
-0.0109090315390635 0.000364583421035688 -0.0952204647925547 -0.0851592015016369
-0.0004363913308962 -0.0153570623997961 -0.0144108467515083 -0.23092416776436
-0.000995619160123065 -0.0150375954578889 0.29387426959139 -0.178342806692293
0.00735353520035064 -0.0127893454902135 0.389247547903323 0.21691544204171
0.00270900157605867 0.00803157928177238 0.0379602995045959 0.482580787158071
-0.0153445564363164 -0.00120914903236811 -0.244791755939321 0.249566786479157
-0.0101930533785653 -0.00812899718973922 -0.00877509422647418 0.0477614594773585
-0.00845446795501761 -0.00723914839318138 0.242254900557716 -0.187775963357124
-0.0115093894095069 0.00114709448062711 0.024168119290313 -0.511544147545482
-0.00175428777417999 0.00454570499993679 -0.43020418215955 -0.270178801059823
-0.0154761097532388 -0.00125071745174377 -0.339979792586625 0.237927794033029
-0.0109648513853263 -0.00633002482439457 0.0124334739017995 0.294263460051701
-0.00309306012697236 0.00633600443430989 0.136844796959706 0.116153852333971
0.00553045410867777 0.0132742765709524 0.0913235736014616 -0.073173524551058
0.000344295595868771 0.00798248581191591 -0.0658971707274069 0.045737832252871
-0.00946531025871853 0.0019907221731435 -0.0928844009976786 -0.0864903684403776
0.000166134444508625 -0.0131219365560514 -0.00993045736136209 -0.23166742513784
-0.00144483948976873 -0.0137441002855219 0.296465832943741 -0.172295122930538
0.00727080150157054 -0.0141509117998394 0.384747932716947 0.226055690898506
0.00246007940889673 0.00502964540668087 0.0276648961923371 0.485250522089018
-0.0139810246224111 -0.00339407368759783 -0.248975220470701 0.248324739524267
-0.00875684871789691 -0.00887501917517491 -0.00832640553482587 0.0476082257144794
-0.00708517227722881 -0.00873907801207503 0.240196567141841 -0.190258588139105
-0.0116431280533751 -0.00145841909908335 0.0159972744925224 -0.511337317766804
-0.00346784393957379 0.00261491474208778 -0.435770926986284 -0.258807780633468
-0.0162193585042533 0.000135397390823502 -0.335777976415927 0.243703256587823
-0.0111106703276169 -0.00404524225129923 0.0163462753845618 0.293570925173628
-0.00150691368574011 0.00793516100847464 0.138910522884638 0.113695441845635
0.00766027968509964 0.0145691078847622 0.093844569643442 -0.0739276073354165
-0.00313124222977846 0.00347917807167188 -0.0727411406138616 0.0500682763918032
-0.0131891211735 0.00696505898526963 -0.102826263936557 -0.0797774365514275
-0.00400839236285178 -0.00422656957621344 -0.0245634922050358 -0.231463502831601
0.000806561757182036 -0.00771539561922005 0.287681473041367 -0.200956769342753
0.0102760240295198 -0.0146775705935324 0.406948874146674 0.180449588797793
0.00646867686965969 0.00667626032381172 0.0710464573289647 0.464343684071119
-0.0155974162422161 0.00179721264592465 -0.225306863546882 0.250190665095185
-0.0139901058587257 -0.00516441231189978 -0.00230138059345506 0.0433786521476048
-0.00958520777759274 -0.00377789602215199 0.250028016550285 -0.192736171633984
-0.00678790329970274 -0.0001688388652732 0.0422376309348194 -0.523512468928139
0.00253199843948287 0.00179569220935842 -0.415779205305819 -0.293977889748709
-0.0129522363896219 0.00666484092313831 -0.339466514588661 0.220372356046962
-0.015072709620872 0.00634010272346434 0.00768031601649072 0.289211118027884
-0.00660985198644389 0.0129605807398388 0.130682312320189 0.116168007064847
0.00260566933757091 0.0102305868159533 0.0873377849626294 -0.0696664953380702
-0.00416941164350856 0.00348551478707077 -0.073494979256322 0.049818604750656
-0.0139280905630137 0.00499230629462752 -0.103969584501661 -0.0779789822279181
-0.00355942264013623 -0.00814118796424181 -0.0277565062381469 -0.230573177423542
0.0009946807087719 -0.0101002520204251 0.284917590599743 -0.203574214663605
0.0107630435808922 -0.0131698405301569 0.408050755501014 0.175647091943418
0.0060859339272738 0.00955009027205193 0.0758722002781075 0.463076202371749
-0.0167753955543023 0.00310599684521194 -0.224134245827212 0.252481536684595
-0.0146737934801825 -0.00412873066672265 -0.00387569223064631 0.0443950995921367
-0.0103856740323195 -0.00283301580070905 0.250607166653598 -0.188906480913522
-0.00774165754932498 0.00310494557755675 0.0469045505828312 -0.523639888123117
0.00313160194067422 0.00383921414616342 -0.414176146047074 -0.298578245219096
-0.0126920098758898 0.00377858265442227 -0.342230761671997 0.21811979852413
-0.0146750527448331 0.00211876804542786 0.00495499999766022 0.290521485701562
-0.00753489569537309 0.0106180392987809 0.129986531010788 0.118126576785696
0.000920660329246468 0.00907130159650958 0.086008393589056 -0.0693152563697838
-0.00483358794524662 0.00371297579519738 -0.0740266947602775 0.0489200700954537
-0.0143206433292287 0.00296664052735916 -0.104546636589683 -0.0783066587597721
-0.00373137257550226 -0.0111664887452958 -0.0285672839695703 -0.229468787517775
0.00037215552052553 -0.0125020492328159 0.283214112645987 -0.202203822158791
0.010821135590228 -0.0121370693386725 0.408121010446567 0.17483309502667
0.00502111252448076 0.0116980565273653 0.0763527096393292 0.463566265083824
-0.0175421515691935 0.00351125222132957 -0.224982627478604 0.253809983515339
-0.0145787531214644 -0.00465030685918033 -0.00550024421874655 0.0451458509753969
-0.0110832659266187 -0.00233600360847042 0.248925355992369 -0.187943891997476
-0.00914438448339047 0.00512254630532012 0.0481488292954958 -0.520912153216391
0.00293598481551239 0.00556028208698195 -0.413670735840171 -0.298721039045602
-0.0122499536503857 0.00146507379946831 -0.343254082032921 0.2179162374757
-0.0140433313805149 -0.00222683326816585 0.00337133328724961 0.291841391762225
-0.00725970597494742 0.00830438181108585 0.130387259642792 0.118929807656419
0.000133556210074017 0.00939730098170815 0.0859099067301283 -0.0695339220347021
-0.00424344332548125 0.00416435750539522 -0.0736080478309249 0.0486901405229693
-0.0142628243951001 0.00120933206565153 -0.103419246452894 -0.0788604972083108
-0.00274082907480358 -0.0139038502476138 -0.0280222980890546 -0.229165812724757
-0.000353856756820064 -0.0141390397590526 0.284099913364197 -0.199159090704632
0.0100045962744766 -0.0114539305647518 0.40510789220896 0.180881435624286
0.00441367706995693 0.0128434452389942 0.0718712063040705 0.466481765193393
-0.0179717759341353 0.00364086883581999 -0.227939348729345 0.254977240725463
-0.0138873559820656 -0.00461797688234451 -0.0068463605547248 0.0461854446172391
-0.0112981523649465 -0.00297481908152309 0.246851673447008 -0.18572838241868
-0.010086866686774 0.00607404570906096 0.0457893701265917 -0.51879828807585
0.00242977992228888 0.00598055482831645 -0.416664309673847 -0.295363959056053
-0.0124316133048295 -0.000348762727893148 -0.344233621386804 0.221193602833611
-0.0128740737943469 -0.00514953733770427 0.00506723154394804 0.292714312558633
-0.00676088618197762 0.00660353056073604 0.131294930990005 0.118955077391568
0.000804085071647657 0.00985024339064643 0.0862809404822967 -0.0703117794987772
-0.0041878130768251 0.00497489973547003 -0.0725879746107972 0.047652925654252
-0.0136605755015498 0.000592089399242733 -0.101615511643266 -0.0796649223016925
-0.00271601730680682 -0.0155913298073631 -0.025476377119242 -0.229340356654966
-0.000756837385247884 -0.0151188662954041 0.285382558772625 -0.195284301736165
0.0090411553714889 -0.0114393664177065 0.401359749653334 0.189927956069439
0.00346999548312885 0.0119906667258886 0.0655558061152108 0.470636470592132
-0.0178024931521427 0.00244628992000237 -0.231507678209307 0.255000850130539
-0.0127386141921064 -0.00534328599638956 -0.00797687621645281 0.0469903449698709
-0.0106718129066957 -0.00368377886456573 0.245323111223489 -0.186470789201285
-0.0101692076400453 0.00635827888521345 0.0378349989795826 -0.515471548699854
0.00154485673220507 0.00638504267188451 -0.419397241826124 -0.285487766486515
-0.0134884530696143 -0.00155008257430459 -0.341147088483773 0.227343568751526
-0.012399240142312 -0.00719146018563151 0.00788346038996904 0.29396756210963
-0.00570026525495598 0.00558924961781183 0.133307120096718 0.11836778079701
0.00177603423840348 0.0105750045250462 0.0868624893640254 -0.0715527549420582
-0.00256888698164808 0.00615050938114337 -0.0700374638506535 0.0459699589661296
-0.0122193752000287 0.000492553385568121 -0.0991852186047878 -0.0813212900836868
-0.00121598836381275 -0.0164053264437491 -0.0208269559816259 -0.229259586193424
-0.00103802869670139 -0.0157554681173037 0.288285293643029 -0.18750832338221
0.00816358244811794 -0.0118276429464995 0.395667192743408 0.198697277439827
0.00261389640074435 0.0101340557939356 0.0552484546398502 0.475103613824329
-0.0168376671923957 0.000966295383114967 -0.236591819230507 0.253218091596444
-0.0114947479530506 -0.00633912645518864 -0.00848169964083226 0.0473920384655291
-0.00967263363956569 -0.00509367599384086 0.241942567829512 -0.187389460301502
-0.0109543291998893 0.00429910875144074 0.0280686164417938 -0.512512932044788
-6.26582113805365E-05 0.00593563135455698 -0.425785308915812 -0.275179750054254
-0.0147877585571402 -0.00146908945009966 -0.33849271675005 0.234776747297325
-0.011591580850312 -0.00742093024310951 0.0117040603527334 0.2935808906177
-0.00436514388286174 0.00602472910357719 0.135850057438557 0.115841382554588
0.00349601151643251 0.0122323422456814 0.0891251841515564 -0.0728429116400335
-0.000711473818450461 0.00702634002976747 -0.067819309133381 0.045773156842674
-0.0112076632164379 0.00129113943410601 -0.0962615864716794 -0.0833094674710515
-0.000539644227653725 -0.0154655878178024 -0.0169420478426888 -0.228948443289169
-0.000814107539147115 -0.0151671622258825 0.290225329503643 -0.181342495281224
0.00727937731565105 -0.0126852381698436 0.392249606961566 0.210773499255423
0.00213157925363318 0.00791600022040097 0.0437877487358913 0.47926490732333
-0.0155354298840821 -0.00101459028319398 -0.240862206334582 0.252544513156378
-0.00985875823953804 -0.00777606104297728 -0.00858109739544201 0.0475625336088773
-0.00843731082611028 -0.00667249445296273 0.238673570402999 -0.190064149084104
-0.0114578743835909 0.00195453674772082 0.0184214502140631 -0.510615505535071
-0.00183223258654075 0.00434933546246407 -0.431524303078837 -0.261546148581571
-0.0151871861121398 -0.00101344162699643 -0.334372406735728 0.241752095765999
-0.0116495464168415 -0.00621591184530513 0.0171225223245951 0.293498089568608
-0.00289442307074442 0.00610048903668536 0.138238546470823 0.113629572233422
0.00563392092749746 0.0124586451579068 0.0901881371998056 -0.0737596639373275
0.00114828314643467 0.00835591312853627 -0.0650724686550974 0.0450155877821091
-0.00951581573592702 0.00234191378627796 -0.0944051552111995 -0.0850058154885566
-1.62229505354587E-05 -0.0132886082069572 -0.0123252451028349 -0.230746644304331
-0.00139434488458145 -0.0136656105448146 0.293907251266574 -0.175432593884168
0.0069703153998799 -0.0143004072157993 0.387531677059913 0.219317932089822
0.00232251938169491 0.00455918273228291 0.0340534455369646 0.483950639510748
-0.0144355557860391 -0.00274429547300293 -0.244465709158717 0.249995796837176
-0.00875715901608571 -0.00874325564550721 -0.00801940085041332 0.047279706822865
-0.00738403869040093 -0.00832090459776729 0.236187191837907 -0.192329335636758
-0.0113698217251504 -0.00136570560886897 0.00888860830488054 -0.508147639716813
-0.00346283693846123 0.00211177658322275 -0.437189407052252 -0.25220458882518
-0.0159121111727365 0.0007149442205791 -0.331419190984567 0.248209623864548
-0.011339879192067 -0.00393379271262095 0.0211256986518726 0.29198860609903
-0.00129386133306567 0.00804177454962816 0.14069446105919 0.111794700614361
0.00793509903614182 0.014231142448051 0.0927779059733329 -0.0747969229667816
-0.00343893467821586 0.00353717917008274 -0.0720395554132121 0.0501220018037944
-0.0124731232535165 0.00710163009656976 -0.103582610684857 -0.0776380386444463
-0.003369838098737 -0.00441999418346618 -0.026369149917551 -0.230003676728775
0.000658016107910274 -0.00766823014434822 0.283561386372527 -0.204425632179527
0.0103973572200538 -0.0146942669167671 0.405988604259288 0.17324910852982
0.0061981366463873 0.00638998055544681 0.0775973917209581 0.45981289050514
-0.0153649111601957 0.0022013017997116 -0.221238073353632 0.251599828955086
-0.013571273069293 -0.00487243248108687 -0.00224587520391216 0.0426783277269313
-0.00960218677443072 -0.00344731564606623 0.245522219227121 -0.194145676812815
-0.00724200685491425 -0.000130612382154642 0.0340941654417896 -0.521008193792962
0.00265588871394928 0.00167333911793066 -0.416796401548761 -0.287072139153814
-0.0129973194222651 0.006416482006743 -0.334100353988368 0.224337247125933
-0.0151271131383356 0.00572540293423231 0.0114328946012893 0.287724082381171
-0.00594658641755143 0.0132050542667368 0.131765588544626 0.113842734832275
0.00229258029700705 0.00928065563446883 0.08635525106918 -0.0697629594643899
-0.00434359021605113 0.00330032072102381 -0.0731890305739421 0.0496718885934869
-0.0135130804535449 0.00515304348215064 -0.104851257487231 -0.0766390321993818
-0.00384888119062 -0.00778500216728146 -0.0295099184417094 -0.228517572574918
0.000585020114647218 -0.0100100628732933 0.28128316320276 -0.205682468582683
0.0102192698976226 -0.0132621497249961 0.407851590319105 0.16827038095974
0.00616157937926846 0.00937986178980219 0.0820698457675809 0.458770753362258
-0.0166047020340288 0.00337008436603055 -0.220146959426133 0.254136987986809
-0.0143354912202815 -0.00423402553060161 -0.00383337562101369 0.0436829123561479
-0.0106081350225324 -0.00306179729931511 0.246170611429247 -0.190389316007155
-0.00834049060455343 0.00314832734573006 0.039908721531114 -0.521228247810006
0.00288099330808277 0.00370785449490768 -0.414792923500022 -0.291686229379238
-0.0125621867233164 0.00371487070160328 -0.336425406715828 0.221111432374795
-0.0143348126408042 0.00240929041362144 0.00840268716320619 0.289039039377182
-0.00718156670203937 0.0104404594583918 0.131142924627646 0.115659503903757
0.00117406641523465 0.00896565186588891 0.0851158789924339 -0.0701230125803013
-0.00464122606310325 0.00369611033328671 -0.0734154866923127 0.0494804835524072
-0.0142429494280371 0.00322433133314413 -0.104269864204703 -0.0762971994936421
-0.00385740317782852 -0.0114209015263833 -0.0308068259911156 -0.227838435917356
0.000594217661967691 -0.012143815177015 0.27943840068872 -0.205246449039853
0.00994148942812505 -0.0122342525713505 0.408736319339795 0.168189359948024
0.00547387419157118 0.0113951413830998 0.0811404035225659 0.459403343736878
-0.0175748010372088 0.00412700478346549 -0.219880600490188 0.254972400949915
-0.014564075900874 -0.00405808484871035 -0.00482992984156353 0.0448168802089545
-0.0111172692321003 -0.00210111291623237 0.245397979029651 -0.188884951233558
-0.00925561363725372 0.00510516266397026 0.0408012871372764 -0.517684336191376
0.00296866545386806 0.00485978611770044 -0.41470831870206 -0.291925102632587
-0.0124288808116724 0.00157623833950124 -0.337558951405989 0.221435399990528
-0.0141230814033985 -0.00198980935164268 0.00829994714032896 0.290211173599158
-0.00685248575936206 0.00815226019051012 0.131603863145108 0.116534483802012
0.000229746977656856 0.00877495632374924 0.0851644817656406 -0.0700198939836414
-0.00425660381301229 0.00426516313220245 -0.0729589515011503 0.04880824683875
-0.0141452113398822 0.0014964943566349 -0.104052747961974 -0.0771286399278176
-0.00310919329878311 -0.0143595930294926 -0.0300287409127024 -0.226664618328785
-0.00023843362923103 -0.0134694243525382 0.279856353832336 -0.202406243811713
0.00963820994221043 -0.0118256871333006 0.405688085447876 0.174624784660963
0.00427674493807613 0.0125316840798105 0.0784707390525235 0.463534991011396
-0.0177278665453869 0.00445213902383185 -0.222823847973413 0.256568562912444
-0.0138368023621006 -0.00443121910158536 -0.00626483859811361 0.0459466730114829
-0.0116315363536887 -0.00272595094250522 0.243014104211151 -0.187496709114041
-0.0103132109197098 0.00606715525291797 0.0369381214637522 -0.516363001204735
0.00306352497187146 0.00599636305862542 -0.417745280558896 -0.287031395336022
-0.0124417002383033 0.000136707768783027 -0.33911935653155 0.225423356281113
-0.0132470647372656 -0.00474716642306085 0.00941347245866281 0.291650234400761
-0.00617098126873528 0.0064638899112834 0.13293535013571 0.116765679940927
0.00034205654718133 0.00920757131399826 0.0856470552642304 -0.0704298348658076
-0.00351945508424237 0.0049003517582612 -0.0719392359621881 0.0471299490271474
-0.0136411771258852 0.000591068071468445 -0.10250535030539 -0.0779199290738484
-0.00254229520947039 -0.0162378176486725 -0.0276719243138219 -0.226747118276006
-0.000390711669663337 -0.0150669613593457 0.281333544786935 -0.196755753340216
0.00870436617491269 -0.0114155780164484 0.402008851521441 0.183709237757165
0.00316515329162634 0.0121331457013441 0.0723685141695189 0.466567103500392
-0.0176231040207117 0.00296976386898763 -0.226707632183831 0.256350356637591
-0.0128522336123018 -0.00553670064092535 -0.00737034665895204 0.0469120476860428
-0.0108506058358495 -0.00376104489733723 0.240885889966436 -0.187965226372745
-0.0104146843503559 0.00558927293943918 0.0305612828501557 -0.511830974732919
0.00137729469511365 0.00626379049431505 -0.421482827022442 -0.278252299241306
-0.013051658461612 -0.000986965879051818 -0.336329242544188 0.230726376513399
-0.0126416927750751 -0.00665157442199534 0.0124898410187185 0.291701143493132
-0.00545288537778211 0.00534204944377995 0.1346151947919 0.116349480420177
0.00222415792093305 0.0103935403232942 0.0864246436271838 -0.0716239373589016
-0.00231338079901444 0.00589591079436701 -0.0696118901167529 0.0470575739564831
-0.0118233748092987 0.000484924563167505 -0.0996651806828887 -0.0795155203715163
-0.00170426670269057 -0.0165550490444625 -0.0236933603967969 -0.227995991495507
-0.000907818729832509 -0.0155893264352482 0.283988338530342 -0.190858735218451
0.00769334128027953 -0.0119881407868893 0.396061456036586 0.193962219594751
0.00292283489615843 0.00992334440049941 0.0603339754884646 0.471247090229043
-0.0167340012095853 0.000981685608206531 -0.231483254683387 0.255097500878253
-0.0115470363816637 -0.00620555231970805 -0.00764207127899311 0.0474312159788682
-0.00988120078880922 -0.00463622442927877 0.237571415297689 -0.188695754218898
-0.0111322334183825 0.00382337492298736 0.0215481002231638 -0.509400866951366
-4.44045286406448E-06 0.00530405396953379 -0.427323005810625 -0.267146563391006
-0.0144972816934976 -0.00119966369406142 -0.333076011552882 0.238166422743929
-0.0114697740450869 -0.00702198011447243 0.0158859017126669 0.291626490281947
-0.00407132391159444 0.00592563683569231 0.137351288731381 0.113920869329274
0.00382924245293003 0.0115981641914186 0.0877084631704623 -0.0732342057680268
-0.000538067997547383 0.00676922375425738 -0.067867538647924 0.045831358589933
-0.0108124567976466 0.0011174438393446 -0.0976867448129284 -0.0812387103217204
-0.00113099707230228 -0.0156263089492878 -0.0194464838348064 -0.227609027003359
-0.000917818193868166 -0.014864385571186 0.28695164899344 -0.1851188836226
0.00720651798239046 -0.0132323398693269 0.391614756295512 0.20363419668129
0.00172696950714267 0.00737841427543842 0.0512497531264167 0.476731316906154
-0.0157832775605836 -0.000524583778544883 -0.235810976845704 0.253707865305828
-0.00996398947099248 -0.00736720441975098 -0.00812180172456846 0.0477367087631987
-0.00924350255592154 -0.00660043721817285 0.234802778469606 -0.191169789354402
-0.011262185071411 0.00182738685557458 0.0118213981222365 -0.50800403395754
-0.00145762884486033 0.00377081010335334 -0.4332393349485 -0.256236175278113
-0.0152013343202271 -0.000711744457775176 -0.329535189575792 0.245615283569568
-0.0116898728599013 -0.00618065234806791 0.0207647871627556 0.291775323297781
-0.00254349224768833 0.00615672159971641 0.139192302442546 0.111626122064218
0.00629234243895625 0.0129165610552036 0.0890128164664119 -0.0744276401839657
0.00100052160943679 0.00737171654581257 -0.0652081107038874 0.0455756629008869
-0.00933770714789247 0.00264826452809451 -0.09481550307194 -0.0834625344124296
-5.34512911976126E-05 -0.0138810955614672 -0.0147004979922361 -0.228866816274359
-0.00128936838210314 -0.0135246642232645 0.290660906881592 -0.179118010190778
0.00647198737493636 -0.0143565573078012 0.386641175444766 0.213173284097996
0.00192607735611716 0.00446471023983505 0.039871332130636 0.479502132663079
-0.0141293916933073 -0.00251482703814598 -0.239847423980932 0.251809016463295
-0.00870050691218567 -0.00838601567972803 -0.0069492403065652 0.0473370466711902
-0.0075981811984541 -0.00799372367727221 0.23182463285702 -0.193923546796826
-0.0111851250608674 -0.00106198711524958 0.0014033497961131 -0.505942037511372
-0.0031636301642449 0.00193996390989417 -0.43747428793107 -0.244379243230983
-0.0162706319516291 0.0013785800865101 -0.325130669051391 0.251765960383423
-0.0110655698577584 -0.00346017873741422 0.0250616129428003 0.289932506712679
-0.000663729781945481 0.00793643894582095 0.141350167612661 0.109192309323921
0.00859177103290014 0.0135497874335164 0.0912047151468986 -0.0754724528796904
-0.00313875584173009 0.00335496809104183 -0.0712755058629161 0.0501120027934988
-0.0127372103553345 0.00772037585398926 -0.103922231124036 -0.0763929731612943
-0.00398629120861684 -0.00487909596049624 -0.0284741400733352 -0.227603517273692
0.000974725283148502 -0.00770473659646822 0.279838839675536 -0.207168682905286
0.00993704619257179 -0.0148652424614668 0.405465428348497 0.166436354951177
0.00652949184002026 0.00592598072158646 0.0819171835310961 0.455173612692104
-0.0153708434944918 0.00275898841291736 -0.215879325738385 0.252566517847885
-0.0133426251355669 -0.00475960079523026 -0.00163060857056045 0.0426468071984209
-0.00986511303064853 -0.00299181682777933 0.240741889647171 -0.194953882851175
-0.00776216473582446 7.13662994114659E-05 0.0273745504883929 -0.517555927942639
0.00231292245662871 0.0014587973094336 -0.417520745375931 -0.280550380767858
-0.0129312352846604 0.00682508774121723 -0.32837014764401 0.226876956389455
-0.0150915620372382 0.00694764508757247 0.0153159263986074 0.285016025702051
-0.00550364712808775 0.0130941642406213 0.132744500798959 0.111659189522064
0.00263657797418968 0.00905988855443268 0.0853422682814455 -0.0701956957934124
-0.00416350340603492 0.00298348677059765 -0.0721535635705872 0.049934462619011
-0.0135354989995148 0.00534237602921805 -0.105193426503248 -0.074755091153373
-0.00394563248347373 -0.00836176035339192 -0.0312925769435498 -0.226339770259129
0.000607469172382088 -0.009852441012929 0.27739621474464 -0.209073783232854
0.00993338423338193 -0.0133486478786031 0.4066740278268 0.161377150463081
0.00580211369282022 0.00908051660931711 0.0862450924524821 0.453728522846055
-0.0161639055718871 0.00418683230109288 -0.214592429371798 0.254446322247561
-0.0139922042697578 -0.00387458097672356 -0.00314457734642736 0.0435331702522954
-0.0109231914179245 -0.00220239338008017 0.241360292160337 -0.192183334785447
-0.00818339320989283 0.00298795918149179 0.0335306429182975 -0.516230298527862
0.00320064096884404 0.00312334346514355 -0.416675803270412 -0.284829545469036
-0.0125676195067663 0.00478565640146502 -0.330537131762006 0.224362284732564
-0.014495014767803 0.00240711035368433 0.0121807985762675 0.285966872299741
-0.00669090029428867 0.0107153343641495 0.13232694090603 0.113681482479659
0.00171992566308105 0.00846957517990822 0.0843591455500193 -0.0701837421287872
-0.00440303053937571 0.00338062365664661 -0.0730412099207779 0.0496599523598408
-0.0137149537482832 0.00361698406008596 -0.105300718251895 -0.0747820404544518
-0.00389141250944995 -0.0113294334426393 -0.0324933292093817 -0.225390121179745
0.000337436693912461 -0.0121909669165518 0.275334672279671 -0.207524278980175
0.0099106559347688 -0.0124246301299114 0.406760783578199 0.162706509942485
0.00505111208401488 0.0112036717872259 0.0869437611434507 0.454508309758243
-0.0174398644087438 0.00425278824695754 -0.215278813603931 0.255355795740384
-0.0143625022611416 -0.00385346312574546 -0.00505171871150144 0.0449184302304247
-0.0112444439756321 -0.00217171443052501 0.240616104545323 -0.190343506295478
-0.00911984719217123 0.00524496788210679 0.033088583644632 -0.515175937361464
0.00304212170135359 0.00461096617397759 -0.416375668739844 -0.284508136115308
-0.0120335262021318 0.00214398104121398 -0.332110089657368 0.225152546728999
-0.0136886800610523 -0.00121014289476835 0.0120154253403628 0.287625816992506
-0.00645310083628847 0.00808940827944676 0.132064093608318 0.113620128383381
0.000501387047979866 0.0087556546023582 0.0840770369440952 -0.0701912330980441
-0.00444850409826229 0.00399997141590316 -0.0727823496776785 0.0484318649598437
-0.0139488860803533 0.00171341520524925 -0.104576158120247 -0.0750373664873538
-0.00380959751554064 -0.0145495696542692 -0.0314385133750493 -0.22487973061263
2.26969589453382E-05 -0.0136461076862535 0.275816266465045 -0.204971029248648
0.00925583704383984 -0.0115849900488947 0.403422066333816 0.168503664117671
0.00441343599020523 0.0118419112233115 0.083469836821051 0.458787328645803
-0.0176378835599986 0.00400810097374557 -0.217782306227648 0.257008430058411
-0.0139705856690469 -0.00416848700895406 -0.00625659146599857 0.0459371103640688
-0.0109578404569087 -0.00230981033128594 0.238865921061191 -0.188506741242011
-0.0101716597995642 0.00623354970103075 0.0310339049101622 -0.512790345962414
0.00271301057691209 0.00551047879288453 -0.418983750577904 -0.27914281466984
-0.0123915852126933 0.000715082536659487 -0.332838731221904 0.227425822094062
-0.0133756140208982 -0.00444283339353904 0.0134826480074875 0.289269628025573
-0.0061787282749292 0.00660590468309472 0.133425280771419 0.114135804308863
0.00121860872627499 0.00885562263070344 0.0841893043887817 -0.0708884827065653
-0.00353562950977675 0.00453774159108152 -0.0712182335407482 0.0476089057195382
-0.0132859645339899 0.000860699669785706 -0.102960091372336 -0.0763897203100858
-0.00279917462567297 -0.0159143020979111 -0.0290754563385887 -0.225130165893878
-0.000388139553119644 -0.0151962035539998 0.277135968020841 -0.199627939849675
0.00811677147180497 -0.0115455363608975 0.401706070600024 0.174748049435228
0.00327220178737157 0.0114413533325986 0.0767844816001601 0.46230739235086
-0.0173618053925662 0.00338454760758984 -0.22067167277915 0.256859033766065
-0.0130502716232892 -0.00524471426239564 -0.00688657198430586 0.0468327722752906
-0.0106110319493791 -0.00340352525623082 0.236202731173427 -0.188825953016509
-0.0108447527369481 0.00602582701026519 0.0248638910734665 -0.509599716475366
0.00164169474532222 0.00583040793712783 -0.42196048119549 -0.270485658336276
-0.0129995843310781 -0.000932044775721285 -0.330573313357003 0.233220628268973
-0.0124705143639388 -0.00640536005259596 0.0156448780310827 0.28959943264563
-0.00504683758699127 0.00541196530570483 0.135078652686283 0.113569773234165
0.00233914857880391 0.00988071140175712 0.0846372530479503 -0.0721548000088498
-0.00243997261443045 0.0058115156989502 -0.0688599596699017 0.0469223862484401
-0.0122540202797392 0.000874587732620587 -0.100107176358557 -0.0776305617863412
-0.00173435318235152 -0.0164201080451694 -0.025811586882726 -0.225572253914573
-0.000561996725999979 -0.0154705488427095 0.280340040587723 -0.193678218647551
0.00745177674864969 -0.0118753234214977 0.395379470862823 0.186164657259385
0.00206520212952303 0.00963938076523537 0.066492400981522 0.467087112787235
-0.0165811235339021 0.00184894624112165 -0.226651690951732 0.255816889519678
-0.0117735954254658 -0.00585300919691144 -0.0079040756932613 0.0472593427611186
-0.00981814187163924 -0.00458782542933344 0.232947261206787 -0.189396499237894
-0.0113806165007113 0.00462309971806998 0.0151126650340929 -0.504958578262425
-2.31748848428708E-05 0.00501544022446987 -0.426821381236256 -0.260331803890051
-0.0139862700130647 -0.00115225932559704 -0.327736611054453 0.24090236695864
-0.0116098916450177 -0.00670138479390107 0.0197641077050258 0.289079035059003
-0.00388687074734738 0.00539069216996031 0.137069405745239 0.111606316993602
0.00476465414581943 0.0110902342044585 0.086569560256084 -0.0730747648797581
-0.000437564447621311 0.00675467638872622 -0.0665855334927616 0.0462375476697845
-0.01053711393465 0.00146286631866155 -0.0978296614097196 -0.0794035057765815
-0.000928359356194461 -0.0154873360892138 -0.0208534774967617 -0.225888099402358
-0.00122696585377308 -0.0147103640539625 0.282709626464243 -0.187509209714924
0.00668926343020848 -0.0131060265345158 0.390522273839604 0.19706942062313
0.0019505497459675 0.00711522475675804 0.0556558050649435 0.471415634202313
-0.0152480988784581 0.000109111269734095 -0.23013926921418 0.253858475076647
-0.0103134672632667 -0.00705710137568535 -0.00705382805541109 0.0470870845596692
-0.00889320856465768 -0.0061530164522894 0.230002607296823 -0.191680090292353
-0.0112873601726043 0.00201600396844628 0.00515433052583538 -0.503499425228812
-0.00154452743637304 0.00366247213298439 -0.432176770479137 -0.24709688622228
-0.014786011455283 -0.000330616669670697 -0.323232684369165 0.247238147358724
-0.0117109113983683 -0.00580864613892551 0.0245391261082636 0.288918114995516
-0.00193210094094189 0.00670562600349161 0.139365926154079 0.109218211307153
0.0064259710212498 0.0122312508295577 0.0880651491193122 -0.0746096578492258
0.00108382773887622 0.00740145310250956 -0.0643706552986456 0.0454824958275748
-0.0091223183102801 0.00318052308183839 -0.0957561657213665 -0.0815027275621174
-0.000822846986402036 -0.013382323096463 -0.0165710190185635 -0.227048262255037
-0.00146801131650798 -0.0135976402415654 0.287206011267582 -0.181807226224296
0.00585313776968881 -0.0143376844228552 0.386499323328655 0.205565473645018
0.00192031677910768 0.00436673952524912 0.0455372723406117 0.47517512359901
-0.0141196492601816 -0.00189302346876993 -0.234104634101142 0.252291339005059
-0.00878770865065073 -0.00870605427324258 -0.0066175368726784 0.0473962825218016
-0.00765057744474949 -0.00790413409313486 0.227653226233511 -0.194392802443122
-0.0116381610774953 -0.0010413762146022 -0.00476568583068202 -0.501727221172726
-0.00339355438790014 0.00196672521244835 -0.438994777011786 -0.237849169033539
-0.0160694097107879 0.00105240406484794 -0.319388139677693 0.254150992968477
-0.0112723308182897 -0.00305300861155128 0.0285760022968955 0.287813152530827
-0.000600958787056088 0.00781019668850944 0.142096292082409 0.10680249750324
0.00820186542732059 0.0132964213739749 0.0904351811391925 -0.0756328653254597
-0.00289692770574634 0.00347659584745152 -0.0700901145237125 0.0495571265912878
-0.0121593265997675 0.00780669758944384 -0.104288403814997 -0.0743367925349322
-0.00358984613170534 -0.00510907940053879 -0.0298553351183873 -0.22589991730891
0.000921463426909275 -0.00773688219869224 0.275087541620927 -0.208895838966339
0.00914135116832064 -0.015149006373941 0.403072653639959 0.159133627010538
0.00587949370043622 0.00590155949799282 0.0858353302226212 0.446981027313394
-0.015311625170072 0.00286700582735345 -0.210880393973839 0.252057956167016
-0.0134539557666795 -0.00443758415301439 -0.00169108159610658 0.042110973429405
-0.00948979146105754 -0.0029900393022694 0.236383991478224 -0.194206721781212
-0.00758557690346271 -9.53882342451702E-05 0.0223367158820446 -0.51335994758731
0.00206747620846475 0.00116288402818538 -0.416549681279545 -0.272256191012823
-0.0123638142060925 0.00716866953253292 -0.32253041559546 0.229514072211948
-0.0150958441899002 0.0069235882474668 0.0188536928274822 0.282435777961682
-0.00514127741975143 0.0127844786632974 0.132854367168335 0.109290824416312
0.0022291414903803 0.00897392344716186 0.0847248351247642 -0.0698499490902719
-0.00403305081151212 0.00304156202359431 -0.0717010114058176 0.0494030488218644
-0.0130448225613143 0.00550904485830651 -0.105068838419457 -0.0729007256324032
-0.00354816345906291 -0.00853111438538896 -0.0321854437225183 -0.224060394405344
0.000817382774296712 -0.00976869390598961 0.27214474145685 -0.210269879073171
0.00950767259544065 -0.0133436576561515 0.405353288106879 0.15540233716091
0.00583478313025123 0.00857295054319081 0.0906089356624404 0.44771651081134
-0.0162200763257326 0.00455874864530998 -0.20934631877981 0.254112198303262
-0.0142144542013453 -0.00376749059089599 -0.00295825753568978 0.0434539310218949
-0.0104370881378215 -0.00224568625099108 0.236373990432636 -0.192048200745388
-0.00871671478863272 0.00316877665661343 0.0272757339503891 -0.511306296622617
0.00291296485132666 0.00305515216011642 -0.415684427376283 -0.277434402681371
-0.0120044115170891 0.00506279803975946 -0.325453288018624 0.226466511375204
-0.0150014524241283 0.00266833512302829 0.0159394449314205 0.28320617033616
-0.00646714123195829 0.0105254085589517 0.132821389032462 0.110849736227979
0.00111334981075336 0.00800692399832552 0.0832140567014757 -0.0701380476979444
-0.00433813047642329 0.00338927142282756 -0.0719904223551418 0.0492623775178806
-0.0134028176382542 0.00378331352531842 -0.105785288887337 -0.0728117457173846
-0.00414744037076206 -0.0114123550885318 -0.0340970194471289 -0.223210256716723
0.000301917023165971 -0.0115748472262183 0.270471706856924 -0.20907994679905
0.0091580752968007 -0.0123652838115847 0.404684016877954 0.156571704682246
0.0050531697412211 0.0111246362877568 0.0911060168516154 0.449627231160226
-0.0172153974379551 0.00516409341797571 -0.210618497449852 0.255272280421681
-0.0142818788569844 -0.00384898175000674 -0.00430263827435054 0.044326736882504
-0.0109504985833182 -0.00116218336658574 0.236140570631093 -0.19027826649738
-0.00940414152112764 0.00509337356719065 0.028629314542138 -0.510626487030554
0.00330893388326316 0.00458452696569417 -0.416051685274003 -0.27657323796457
-0.0115676311610317 0.00264400288864403 -0.326298742816808 0.226470123936646
-0.014273375233799 -0.00109828594368555 0.0158823272519024 0.284750885303521
-0.00650776982613883 0.00835454839941946 0.132654640121381 0.112054466253973
0.000897609331113898 0.00820311986098992 0.083196266859079 -0.0701935111803697
-0.00434669059978032 0.00408168593056193 -0.0715212371865894 0.0486068236193169
-0.0135125265211134 0.00229499937407067 -0.104436172366747 -0.0732351748599174
-0.00367232973430648 -0.0142463230374203 -0.0333469404368319 -0.222337775763588
0.000105156629132176 -0.0138858331661502 0.270837793446629 -0.20596675324998
0.00868217270754384 -0.0115938575580747 0.40256587849873 0.162032950371619
0.00418785702487902 0.0115337359810842 0.0868069894069642 0.452650041178376
-0.0174520867013322 0.00488686356244538 -0.212662326092059 0.256761537547494
-0.0139316674619578 -0.00430338478091128 -0.00578424559180819 0.0454400918363595
-0.0110014174075263 -0.00220851233580465 0.234232294190571 -0.189094583789684
-0.00981373745838671 0.00606910276724518 0.0255718871487315 -0.508169005078192
0.00285941532825722 0.00530718754041032 -0.418062395604393 -0.27178898037805
-0.0120526729604892 0.000955578417322236 -0.326894096212474 0.229570884624139
-0.0134185037991755 -0.00415410045362468 0.0171256629720903 0.285968633538622
-0.00564511681997543 0.006499586297533 0.132951996219823 0.112000319808073
0.00132956649042199 0.00897739627173437 0.0832042654253924 -0.0706451017545665
-0.00309515609901458 0.00489381096760175 -0.0705868806527302 0.0472061459611382
-0.0127632076354528 0.00138712266454565 -0.10269875286272 -0.0741891247644228
-0.00307305404962061 -0.0157499186585525 -0.0307556912207636 -0.222727282426352
-0.000752363993957458 -0.0149419923886885 0.273182542885366 -0.201417108766182
0.00786197803648678 -0.0115149162528919 0.39971278363364 0.168361658095199
0.00274918582089272 0.0111132451479424 0.0815734494540598 0.457611165539292
-0.0170042349397921 0.00366022479863903 -0.215651956109656 0.257165126299226
-0.0127733890244778 -0.00451895217310854 -0.00650598127918638 0.0464398271708697
-0.0108026465301079 -0.0029270505195847 0.23188191819635 -0.189188136770672
-0.010712888178831 0.00616528215073364 0.0181665457900923 -0.50526670765221
0.00157800002363828 0.00525113603320556 -0.421671711169648 -0.264728627665222
-0.0124817829405756 -0.000250353486452819 -0.324640385898579 0.235475768854828
-0.0128140618271785 -0.00617521650022298 0.0191204339699471 0.286378119608443
-0.00489552890650388 0.00564366996834523 0.135508484370751 0.11081837218034
0.00235837345412511 0.00943374912891014 0.0840819084868476 -0.0717856239070644
-0.00240068887233635 0.00568623263296212 -0.068379287545237 0.046580391558816
-0.0123370052082909 0.000944976290912221 -0.10023961983781 -0.0755468638605989
-0.00234375634418717 -0.0163854395188935 -0.026656994377013 -0.222740513112314
-0.0012242092970775 -0.0149333804590679 0.276433765760463 -0.195579583771279
0.00678787273142502 -0.0121019238533417 0.39420753878963 0.180969785971167
0.00226345055267267 0.00929793873678794 0.0712140484700557 0.462088594011981
-0.0165094018715983 0.00175370266472174 -0.221438746384727 0.255541118845766
-0.011414089280958 -0.00560293654795105 -0.00739980142080076 0.0467536162231773
-0.00999210380135784 -0.00425403084253361 0.228965465333746 -0.189477628759464
-0.0108981239409527 0.00449140143442761 0.00938167837204113 -0.501966704344686
0.000213688262717682 0.00463964448390806 -0.427141987206738 -0.254247745817466
-0.0141354195176955 -0.000620139561733034 -0.321083380047116 0.242252283524735
-0.011958448335789 -0.00655798677995835 0.0238471597888066 0.285550223986107
-0.00290306797223 0.00528266707823437 0.136990375702517 0.108766554745291
0.00425567414529135 0.0102148187805914 0.0855165794431457 -0.073263631262208
-0.00070450696519518 0.00643096009279471 -0.0660191571696778 0.0456493569164557
-0.0102593250704155 0.00158533638211548 -0.0980231025247603 -0.0778945240879699
-0.00145932288609745 -0.015924325942949 -0.0225348437602606 -0.223484102236311
-0.00143309455337792 -0.0146371508748849 0.278907029889511 -0.18989370147004
0.00633631117955221 -0.0128777113470278 0.389352720637109 0.191266071108014
0.00212213750193887 0.00690846161202833 0.0612082898145236 0.465152673629362
-0.0155021945035633 0.000251566606583499 -0.225068558711017 0.254336727194793
-0.0102597493705615 -0.00713140223595433 -0.00708160567096253 0.0469549188789119
-0.00880627227406784 -0.00569314700505781 0.225521818297708 -0.192108267419435
-0.0115376504432411 0.00231134998226519 -0.00130223510690514 -0.498095723717109
-0.00163173834538861 0.0032494664594149 -0.431209150916296 -0.241421378072426
-0.0150120579633598 -6.87284902911953E-05 -0.316615925209471 0.249754441307292
-0.0118503564950053 -0.00564080432212073 0.0280465460459281 0.286092427081617
-0.00193479756052345 0.00597354797454027 0.139860137441982 0.106693299027894
0.00633560813440456 0.0116419394778905 0.0867996599283697 -0.0745580004634631
0.00097864240187076 0.00755428598012081 -0.0639756348778193 0.0452580928380152
-0.00886360312155134 0.00312602333327875 -0.0955799215270377 -0.0796600486979753
-0.000698950106113008 -0.0134661763873763 -0.0179249151478316 -0.224716762067983
-0.00160994616159967 -0.0134356083953962 0.282724037874519 -0.184112258835246
0.00578444474803567 -0.0145749477080127 0.385565006243827 0.200531921225132
0.00173950868202529 0.00351733694574511 0.0512789867504919 0.469705287935534
-0.0138257951009718 -0.0016709850248494 -0.228976571601853 0.252102458576662
-0.00881183690067057 -0.00828673479485161 -0.00641652986402264 0.0466938266770427
-0.00760045862381863 -0.00764733849759808 0.223200689874491 -0.194932628522767
-0.0116325590388746 -0.00103847518801297 -0.0104613506487971 -0.49739472093241
-0.00338446244764428 0.00177874825096142 -0.436767037314489 -0.230683910895544
-0.0158123429994313 0.00149743561486428 -0.313041753440876 0.255928121899187
-0.0115275464560757 -0.00322093997783651 0.0321509540750638 0.284078657678918
-0.000119173016827449 0.00778838736741671 0.142540493575681 0.104425704593513
0.00828748350431675 0.0126478816208751 0.0887592922010196 -0.0755106021802994
-0.00325169591849847 0.00328898854914526 -0.0697942396918575 0.0496396493325137
-0.0120186618351273 0.00780897607071528 -0.103950473361305 -0.07255260662167
-0.00364002041650692 -0.0049123985680439 -0.0311313350618392 -0.223231733229859
0.000905874931205331 -0.00754723318774127 0.270818974918051 -0.209676790287319
0.00886068245783342 -0.0150124667629096 0.401849017057917 0.15540280344176
0.00577132311111792 0.00514068450431545 0.090326109166754 0.442999700301236
-0.0149658203879542 0.00368828939595433 -0.205514825755645 0.251362184741823
-0.0134406268810309 -0.00411698021555842 -0.00122200980189309 0.0420844233380282
-0.00903888074645304 -0.00323491800716065 0.23175477824724 -0.194779673756032
-0.0078420178397035 0.000683741234801296 0.0173093658557393 -0.507691874549388
0.0025216008884042 0.00133279673147719 -0.415550119969646 -0.266618228692319
-0.0121445696636075 0.00729881153879451 -0.316562054031485 0.22921120752812
-0.0146645697319434 0.0071256904263251 0.0213253496759742 0.278461350086618
-0.00496999888549186 0.0124223584284619 0.132941453253186 0.107389883095605
0.0024751514301764 0.00821126641760343 0.0832888621528719 -0.0697310731389445
-0.00390681852302028 0.00323025255238961 -0.0714133634387941 0.0494960688373669
-0.0129914450141622 0.00576408752238592 -0.105027923285455 -0.0712419333763029
-0.00423997532253704 -0.00813447045824572 -0.0338782925173618 -0.221080173370377
0.000792237818239377 -0.0096356576491388 0.267700313544809 -0.211309837243859
0.0091830189904925 -0.0132522109386632 0.401071889865904 0.150194379524973
0.00584489505024469 0.00807411842369067 0.0934932932302121 0.442127220892709
-0.0159892441088481 0.00503879751606801 -0.204512399314692 0.252848431489774
-0.0141912137587789 -0.00376193146853956 -0.00230795415039988 0.0429793548909351
-0.0108310474746702 -0.00142893008500951 0.232914624385097 -0.192249977338601
-0.0082733167729431 0.00325321450967721 0.0225082250054541 -0.506031685131233
0.00315421090601256 0.00261935988284335 -0.413970374227711 -0.271072904580473
-0.0114913258901611 0.00487845721454779 -0.319380745643481 0.227399095219927
-0.0147978309845557 0.00319125879323408 0.0186526635006207 0.279816698949116
-0.00551859473933372 0.0104710184826598 0.132344932303584 0.10856845384938
0.00144186482564365 0.00777688991561013 0.0817729912069893 -0.069442314322641
-0.00414313664910953 0.00317252060502213 -0.0714794177909426 0.0491471142910975
-0.0134820526518559 0.00406406593628076 -0.105446861499082 -0.0707750835872785
-0.00390980666250222 -0.0118380272736307 -0.0348292316957192 -0.220470984621603
0.000683727973721567 -0.0115703432205627 0.26665435694404 -0.209953695919546
0.00891488876283556 -0.0122964815998239 0.401632082871851 0.151486848269974
0.00463626061660069 0.0105184407680989 0.0950723644887837 0.442703134979562
-0.017090539689775 0.00533921250881832 -0.204778801792459 0.254818821594204
-0.0140430265854327 -0.00281174226604998 -0.00365243769489686 0.0444492754869452
-0.0108848624801482 -0.00135140582623461 0.231404712484319 -0.190534879437731
-0.00885008388026225 0.00551201675043181 0.0222349353973554 -0.504867731394153
0.00290019003113566 0.00434056844414548 -0.413072375010296 -0.270164392800437
-0.0115427064450725 0.00269530742603446 -0.320160807262756 0.227539023215872
-0.0137138958105263 -0.000520812938464552 0.0183459914925322 0.281478585821843
-0.00577952932557626 0.00840017938071226 0.13264640346525 0.109807334922903
0.000811698274212552 0.00790749459143874 0.0819797810042606 -0.0704751445247704
-0.00404792136740695 0.00384574086726785 -0.0708567088385476 0.0482465970472912
-0.013595006614814 0.00235377493198277 -0.104322876435517 -0.0710996588600944
-0.00383554344914723 -0.0143012127212947 -0.0344906418693119 -0.219919081292094
6.01465475759887E-06 -0.0138850189811529 0.266865177791389 -0.207038358411032
0.00831366566277803 -0.011521185827219 0.399170976657533 0.155488115022166
0.00369496847746806 0.0110507861767679 0.0910246911961617 0.446543459931872
-0.0172681630564011 0.00518569311578372 -0.207469249261841 0.256078584191655
-0.0137561704777797 -0.00380464398646172 -0.00543196115506376 0.0455539771111459
-0.0111430471150305 -0.00146275821474849 0.229898725304422 -0.188985278544971
-0.0102206744429179 0.00663354868332738 0.0202585611347946 -0.502364265116096
0.00305204086332537 0.00515952757688417 -0.416721953674154 -0.265988772101792
-0.0120439343240795 0.00149606628481467 -0.320399867813712 0.231188766195605
-0.0133434126400784 -0.00379875522217174 0.0193411441174615 0.282586203089822
-0.00537608548255715 0.00646198194280283 0.133587328938726 0.109895209963242
0.00134929371675636 0.00838523392299294 0.0816346246907725 -0.0704050234489901
-0.0035735492839648 0.00497529931565819 -0.0692147374327703 0.0471556575531502
-0.0125931782223495 0.00150382421988303 -0.102995793508582 -0.072499121491711
-0.00304208192993088 -0.0160317604562269 -0.0324493761822254 -0.220188231418248
-0.000492948016629728 -0.0146275905539084 0.268616079440822 -0.20250672652673
0.00777516629992836 -0.0118923036600527 0.396041339614029 0.16275105509404
0.00289342239938116 0.0106059306808 0.0842500522954622 0.451435480704914
-0.0167620133167674 0.0040043033381684 -0.211084499098428 0.255093734843906
-0.0126750185318236 -0.00459219468381582 -0.00613521132513537 0.0454723998334233
-0.0106448662718503 -0.00307656023174481 0.227170811111522 -0.188719481206919
-0.0105369015492394 0.00602087696795239 0.0138909633563243 -0.499327714214269
0.00161575674891066 0.00546351531754015 -0.419408781902376 -0.256489885100011
-0.0127217019301317 -1.94033401244584E-05 -0.318478268914764 0.236269705405279
-0.0129575950868407 -0.00624081447031382 0.021919710814418 0.283165545102122
-0.00453950058167991 0.00532188007071506 0.135420776771813 0.109134055364788
0.00295715857369701 0.00941249260976725 0.0823927450610896 -0.071767914580788
-0.00203168301258734 0.00538119495180633 -0.0676186882418661 0.045900437847664
-0.0118988985717856 0.00156656230918483 -0.100074006268085 -0.0737070761437808
-0.00220266372967201 -0.0162166702317603 -0.0282337378345342 -0.220824852688626
-0.00071096030562613 -0.0151574388940634 0.271221354380049 -0.196512169907073
0.00670479853112093 -0.0122093998145949 0.391267344489457 0.174303378316506
0.00220490935878882 0.00904496397942118 0.0749426489546831 0.45659840181976
-0.0160704269201063 0.00205041413362302 -0.215578185727612 0.254719889837443
-0.0112818448384529 -0.00591999473390597 -0.00635589273523156 0.0464249966641866
-0.0095703186135371 -0.00383009855788589 0.224389227736988 -0.188877849279279
-0.0110225673038111 0.00471415106293654 0.00442469210400335 -0.496717441877423
-0.000363716638109215 0.0044162752491072 -0.424935663438613 -0.246451529694281
-0.0135624356695995 -0.000203979652070095 -0.314840571486715 0.243480817305834
-0.0120755191367827 -0.00654961937221367 0.0265506233729028 0.283460859862731
-0.0034172309526691 0.00540848484612824 0.137792580557735 0.106404054741261
0.00433170155743867 0.0103133700548591 0.0843039007400908 -0.0731199061655064
-0.000574304895785386 0.00623994227523001 -0.0656511396794415 0.0455666644410939
-0.0103215858507425 0.00225787996066245 -0.0976591531804955 -0.0758295445717748
-0.00172939551155317 -0.015915344858419 -0.0236391167102553 -0.221093645461605
-0.000865719802395838 -0.0144476128733193 0.2737952133178 -0.190481120341103
0.0059210192036139 -0.0127877797155585 0.386108984879993 0.185832056382632
0.0018791272922728 0.00679998431157935 0.065602952896728 0.460052550175217
-0.0148927772704693 0.000427541297229379 -0.219665962799203 0.253015346673831
-0.0100151131532559 -0.00687968651676868 -0.00686564330235759 0.0464426068484754
-0.00858714679672363 -0.0055086271486203 0.220854115651853 -0.191472253060039
-0.0115386636599877 0.00244033000037521 -0.00473852673916695 -0.494484051568189
-0.0020203923112769 0.00344806027115927 -0.428718865750501 -0.234976028790385
-0.0148082496528988 0.00019781446469834 -0.310589679966831 0.250021800747222
-0.0117859694394765 -0.00521971231674986 0.0307969224177544 0.282440780099088
-0.00144229690506005 0.0062927816759336 0.139964297393169 0.104347665368911
0.00698571312355581 0.0114279761132156 0.0857822763826527 -0.0739096628258148
0.00159896758285701 0.00704959452373397 -0.0633740779695315 0.0450924574895127
-0.00876512339052563 0.00290107839306405 -0.0952597907652354 -0.0774225894509971
-0.00103966794092044 -0.0137706220103425 -0.0198173309907571 -0.222472092146533
-0.00107798652595835 -0.0131155044132952 0.27783690415803 -0.185231937967228
0.00535369121165196 -0.0140001737250959 0.383108536620725 0.194120561346151
0.00168206239633296 0.00384757992396426 0.0546556270843334 0.463382858940661
-0.0139392160906351 -0.000688253383862409 -0.223965670851085 0.251699795730336
-0.0086592952158078 -0.00762972420219048 -0.00629934326006883 0.0464846552673582
-0.00779220070276302 -0.00717973977391697 0.218920311719463 -0.193788357891285
-0.0115727712617256 -0.000666386672829318 -0.0156228331526168 -0.491556135355814
-0.00353647096009374 0.00152944354489625 -0.434958808709641 -0.223853700565207
-0.0151170983024213 0.00194510670654142 -0.306742970358559 0.255937316666407
-0.0115369774738166 -0.00253051209776929 0.034834158739802 0.28104422667991
0.00044391616690085 0.00747565940680185 0.142337384400484 0.1015444135266
0.00886213500637024 0.0121411012117566 0.0878031938605379 -0.0751739526057601
-0.00263966044555006 0.00404178443821544 -0.0646251941977614 0.0557180838165241
-0.0115987229066989 0.00921017771715214 -0.109942102233049 -0.0605011328519309
-0.00572107976473634 -0.0052761961425457 -0.0539958733991449 -0.217284948489241
0.000972711074812164 -0.0080562292688585 0.241433084340543 -0.240094126492425
0.00672664678917538 -0.0133283021404597 0.412694394631654 0.108302630797725
0.00734183875118673 0.005053239124862 0.134563227213946 0.428729312383137
-0.0144877091455894 0.00632616836550841 -0.18078635657628 0.271670611915671
-0.0134963093446634 -0.00240323011164879 0.00251026452316237 0.0413626814272339
-0.0105742034147849 -0.00232478344633263 0.208274780498504 -0.214106391002066
-0.00874120920865812 0.00380164609430903 -0.0388318072752108 -0.499632582133503
0.00449724094250076 0.00449695369605559 -0.435562350572113 -0.221451223425488
-0.00643027514769061 0.00957012732207491 -0.290412422945245 0.260310255372932
-0.0115786319070452 0.00718552535545965 0.0501015486907675 0.274762584727037
-0.00253004786159195 0.0103438729420585 0.142545222489457 0.0913025916954362
0.00269956797084951 0.00604934665835521 0.0759043313397807 -0.0777250978241614
-0.00384987564027932 0.00430969603425776 -0.065339750163404 0.0556532100002879
-0.0126121332529668 0.00707608085626051 -0.111066315535085 -0.0590979658016931
-0.00619761405364108 -0.00841063902808365 -0.0569967616356047 -0.21540247689091
0.000706632233690925 -0.00995131873083409 0.23886010779951 -0.241526562249509
0.00760502237086886 -0.0120288162738232 0.413180290265415 0.104646909029197
0.0074977583274254 0.00809933467469919 0.138141257723963 0.426846164412834
-0.0155118212458176 0.00806629623861732 -0.178590331278605 0.273894244942645
-0.0140612221254675 -0.00192976989182571 0.00151974621081059 0.0427667274432223
-0.0116467228982974 -0.000844140480641468 0.208619837141183 -0.210814444641067
-0.0093083990584804 0.00656012847434987 -0.033539969922215 -0.49985124039819
0.00518842897971104 0.00637559841595702 -0.43477146835031 -0.22690412936615
-0.00660379759039465 0.00721742421727863 -0.293235286629846 0.258769607656411
-0.0118081031922283 0.00324441962076893 0.0468631993009551 0.275698566239418
-0.00387167015991171 0.00820571071078989 0.141791427363968 0.0929144445871361
0.00132836633110118 0.00593772354542712 0.0750028592197377 -0.0772856720971759
-0.0045510015830325 0.00484130836892123 -0.065715037329284 0.0549964327766805
-0.0133650421150393 0.00520684794728218 -0.111287968727969 -0.0583974227740705
-0.00655729160333161 -0.0114471391355881 -0.0575150276771553 -0.214309890606366
2.74412987306948E-05 -0.0122723165768033 0.237468726579567 -0.239613266942434
0.00734410238338159 -0.0108916013612941 0.413429504143899 0.103480566339042
0.00717454742927679 0.00980456454841974 0.138603876266927 0.429262682809233
-0.0161370616187794 0.0090194430179441 -0.178692984860705 0.275229825579809
-0.0140818046305649 -0.00226559356753073 0.000499350603667092 0.0436173254267944
-0.0122551230538473 -0.000478009602553562 0.20810041472536 -0.209056653275187
-0.0101843398423297 0.00857103246550119 -0.0333764850899595 -0.498496676069851
0.00506864148172222 0.00776231162642443 -0.434792247172615 -0.226115351449779
-0.00681856831031507 0.00526353913171821 -0.295132746112839 0.257752415905066
-0.011943811913359 -0.00124618027577198 0.0459190323256237 0.277177162589961
-0.00400296646979839 0.00590273444157999 0.142637114144646 0.0935237989482279
0.00124486690510334 0.00598963015484348 0.0740619478321061 -0.0776113184521478
-0.00396109394721131 0.00520065607440503 -0.0655431759807904 0.0543244684241432
-0.0129741619827788 0.00385603962392794 -0.110658319631752 -0.0589190599756816
-0.00676456336304743 -0.0139252402478255 -0.0563882474947401 -0.213194982410479
-0.000515505168769603 -0.0141412765534297 0.238210483423713 -0.238103141129314
0.00640871170516175 -0.0101003368371167 0.411843924412076 0.109824345533941
0.00644606825328548 0.0107225704750039 0.13692528852677 0.431297822917387
-0.0164114049670606 0.00847887544330056 -0.181130009872633 0.277420451737663
-0.0136041899313695 -0.00235379155458493 -0.00083361659364949 0.04508536078252
-0.0122449537522707 -0.000329264447146687 0.206720354585163 -0.207479725249485
-0.010128525616626 0.00940483447287636 -0.0339596863176226 -0.495671000429864
0.00528069991220128 0.00860285334382473 -0.436205878017624 -0.222682136166813
-0.00686494517770626 0.0034387631610226 -0.294560271586015 0.261576417530234
-0.0110592333790255 -0.00356465355272545 0.0478916604739696 0.278237436127882
-0.00390328772742209 0.00405460272616074 0.14375183742136 0.0933195995322989
0.00168998088639396 0.00641641055755366 0.0746448747124689 -0.0780764904499865
-0.00297175984659471 0.00589738278991107 -0.0640721747313324 0.0529150125366936
-0.0131446255115146 0.00305861601856079 -0.108743007693615 -0.0605291558278194
-0.00626693094713619 -0.0161578296230725 -0.054548978254432 -0.213648706112293
-0.000952301128857598 -0.0152411230085443 0.24068402739151 -0.232944959933632
0.00624271573482419 -0.0098213610406241 0.407889173977155 0.117122355576426
0.00543829208077126 0.0108035811899086 0.130517671389968 0.43795764389693
-0.0163923084051488 0.00750569895618894 -0.184634324637028 0.278115968506435
-0.0128473012525331 -0.00337093911927154 -0.00149266308288671 0.0459560482765166
-0.012162651048332 -0.00116430020921939 0.204756024201936 -0.207929152848549
-0.0110926360217395 0.00963546503585907 -0.0401263223111566 -0.492823688428734
0.00421310795806501 0.00817784227938591 -0.438608878985371 -0.212720773496256
-0.0076706046202175 0.00231234366416161 -0.291414394786304 0.267327635794612
-0.0109631334278159 -0.00593800465835195 0.0502015958188751 0.277766800330973
-0.0030195715946717 0.00363919714311243 0.145049204010588 0.0923078681345334
0.00287098395162241 0.0074993151293503 0.0754416100516537 -0.0797796667372507
-0.00162202491453042 0.00655687766485879 -0.0626008089352854 0.0517655356655966
-0.0117610426096347 0.00249015123177057 -0.106251350704372 -0.0620420193728505
-0.00536504006013342 -0.0167446182837237 -0.050665503347138 -0.214457081499661
-0.00151109348553434 -0.0152134976277068 0.24488165603973 -0.22731196116442
0.00509528530649058 -0.0108332328306107 0.405097843277877 0.128241252744305
0.00444326330269173 0.00895188787406359 0.120570278968956 0.442300345763788
-0.0156957767550759 0.00568436454178804 -0.190103415093057 0.276755952630632
-0.0115799983612015 -0.00455882163933022 -0.00195619078163958 0.0465090369878909
-0.0110037462861783 -0.00286961330763696 0.201720224789535 -0.208236375044087
-0.0115793953929351 0.00791889738635748 -0.0494071794442343 -0.487098718377751
0.00259316035965817 0.00835150735561572 -0.4417976721799 -0.201264132779182
-0.00885681982931139 0.00185115711079652 -0.287424232178771 0.273844315577147
-0.0104869623505804 -0.0061773048877278 0.0544696945535578 0.277339993215314
-0.0014216633037649 0.00292401943793817 0.147226776391216 0.0903739373810523
0.00457470873829475 0.00806410464259601 0.0766445471354269 -0.0807731546660698
0.000336140007185711 0.00686663124466359 -0.0610378782235004 0.0509047915225639
-0.00984764710420544 0.00293117073648268 -0.104763858521197 -0.0645451648255896
-0.00412890041731406 -0.0160201091532914 -0.0465909066675773 -0.215468852771555
-0.00178046798168623 -0.0146319570940006 0.247734376824473 -0.221381328587456
0.00414637662334238 -0.0113677908083164 0.402497205361011 0.139185811914549
0.00392569687869446 0.00684568144464196 0.111231279936465 0.448427129654684
-0.0149817536648913 0.00426347298334388 -0.1945923454717 0.275167412842855
-0.0103103095101434 -0.00542624981379822 -0.00195168790329601 0.0466603659025254
-0.0110142636130385 -0.00481939505968901 0.198110546954321 -0.209907459286447
-0.0119224977879492 0.00615225733333133 -0.0589585397567636 -0.484446292684787
0.00110560648147943 0.00699751334500648 -0.445796655047602 -0.189867345674341
-0.00966877723762792 0.0029356156805541 -0.282062560483705 0.280409188355329
-0.00992577656321168 -0.00540999417397783 0.0591729419213358 0.275907382972487
3.25075376227677E-05 0.00344232512671308 0.149707061387284 0.087713879319135
0.00691878448078872 0.00872886371014469 0.0781567660800145 -0.0819394559035417
0.00216573010107418 0.00774531820385654 -0.0583862688148126 0.0500177063511764
-0.00906907713906043 0.00418290571555933 -0.101993037411696 -0.0663441381093083
-0.00371925664917601 -0.0141221966670647 -0.0424433814812611 -0.216761648619745
-0.00179144892627426 -0.0133354967740002 0.251621425026553 -0.217370382879854
0.00310049136377886 -0.012869511103925 0.400060611522803 0.150208781317268
0.00298097589837443 0.00393791934719493 0.102199424134035 0.452512276768801
-0.0137464984647442 0.00220672464505424 -0.197729437110258 0.274548110294749
-0.00898766770506669 -0.00677759129913011 -0.00167840388325118 0.0460542868292576
-0.00958958772758134 -0.00637673963431152 0.195627162973908 -0.212417861623438
-0.0127011952348775 0.00321198405867668 -0.0670420658108171 -0.481214476991285
-0.000750893835734533 0.00539567385436325 -0.449948360892965 -0.178970951474727
-0.010374204085134 0.00440592291075773 -0.277507975154556 0.285624653103327
-0.00946211000787784 -0.00293432433925427 0.0627429801498038 0.274942580138869
0.001913021153537 0.00468218740289028 0.151518894100268 0.0846921525943078
0.00892643995770917 0.00900975805835717 0.0799470205423468 -0.0831573901253478
-0.00228543587802702 0.0040624742342745 -0.0636455839942721 0.0546702310410893
-0.0113862856211758 0.00837996615989238 -0.109168252050512 -0.0587538792313018
-0.00594142524915443 -0.00534874852097215 -0.0536539143228826 -0.214112815286029
0.000958063406614002 -0.00775905033437725 0.237595332961016 -0.239380913218211
0.00662218698532313 -0.013095436671265 0.40685001089582 0.10412008170264
0.00702865099425645 0.00495100836324253 0.134234808396384 0.42240303720596
-0.0140075881935785 0.00651207805088973 -0.17587556226968 0.269278925391455
-0.013309244567354 -0.00261800635310873 0.00346528461947353 0.041051669560552
-0.010617834877961 -0.00172465467197404 0.204115663219294 -0.21100372399145
-0.00869875397723338 0.00351171430834086 -0.0398470282865914 -0.493897300056071
0.0045025370440003 0.00402114525725129 -0.431944021084795 -0.216112385140845
-0.0065533008152072 0.00961210182794451 -0.285333258226048 0.259843957359387
-0.0114342485306302 0.0071288342369736 0.0505547682510135 0.270652801371691
-0.00249681057478023 0.00970078406250638 0.142148781836511 0.0893417187821423
0.00250143333311318 0.0057637808832153 0.0751170627014275 -0.0769170951920119
-0.00367841648421047 0.00396397307804354 -0.0648120511840433 0.0545661370908917
-0.0122304058838752 0.00727846511054788 -0.110024628732982 -0.0576532561738631
-0.00613433998812907 -0.00869902741758992 -0.0565630417347878 -0.212660546584724
0.000932353232403268 -0.0100762664719881 0.234880255756439 -0.240620524773664
0.00732061385973878 -0.011746527314081 0.408030298339539 0.100189911061412
0.00701058570448603 0.00745147394196928 0.138002251861625 0.42062376354087
-0.0149940477359327 0.00828094142061167 -0.174929766048371 0.271430641483889
-0.013683830366154 -0.00170299761404819 0.00189292610476592 0.0425939574963236
-0.0114575450090918 -0.000767154068951086 0.20542377821955 -0.208275290955307
-0.00892526406828784 0.0067428793711837 -0.0337550321862162 -0.493263263429741
0.00474743377663958 0.00624347881081861 -0.43063829254563 -0.220544427558241
-0.00680568144283964 0.00737321489006913 -0.287677608834967 0.256460373086171
-0.0118277627528933 0.00315568323932697 0.0483381290911459 0.271403259095413
-0.0035351579003678 0.00786262105417612 0.141560989181113 0.090930424312919
0.00132723324214665 0.00592079694300042 0.0742441987653353 -0.0768526330607451
-0.0042143963429459 0.00443185524863671 -0.0648706023908259 0.0547801099442609
-0.0129186136006945 0.00571144066524474 -0.110017460626543 -0.0572554860723359
-0.00672185936279735 -0.0119133666087104 -0.0573546828647894 -0.211590589438872
0.000140253161713538 -0.0122676199520241 0.233160657615198 -0.239331463774375
0.00754180196355985 -0.0105498768939408 0.408935071948052 0.10006534930736
0.00697608192281345 0.00968645671118148 0.139197750716283 0.42132467771825
-0.0157728831755464 0.00906601762814305 -0.175212726799763 0.272663885332538
-0.0135883489954704 -0.00125696712919865 0.000601870286649218 0.0430463766885939
-0.0122018090799586 -0.000132534397733504 0.204196138343082 -0.206509627462522
-0.00947501802324937 0.00931609830134943 -0.0337856864467603 -0.492682346694953
0.00555710507867349 0.00736781162707539 -0.430903671183924 -0.221344531662964
-0.00648076335193805 0.00527841905629848 -0.289214021023044 0.256885349295368
-0.0114754837883828 -0.00052704872416149 0.047598715536078 0.273110543916258
-0.00393302547972948 0.00600327565773378 0.142295930991409 0.0912804055172002
0.00105831718442325 0.00591906324824457 0.0738658954456369 -0.0766462602504932
-0.00372357497139227 0.00492290909635891 -0.0649064904750278 0.0531494376934144
-0.0127911964518669 0.00401344468984665 -0.109556778039712 -0.0578457736938632
-0.00682895724182081 -0.0142009463483183 -0.0564158491584268 -0.210575505673243
-0.000554240636292524 -0.0137086951343197 0.234452722493919 -0.236423873360759
0.00645935223959618 -0.00987548569636062 0.407064070215641 0.105676567776579
0.00588377100440329 0.0109570563020159 0.136096326219905 0.424429590038281
-0.0163261670122124 0.00884854643315283 -0.177593860410242 0.274435232427633
-0.0132061349781921 -0.00249260376759419 -0.000119936913966377 0.0445830607135832
-0.0119971492037674 -3.94556406107622E-05 0.20311637224943 -0.20483997734036
-0.0104556726637233 0.00990175083841739 -0.0362187095015803 -0.488705869619363
0.00489929632038211 0.00838713372080434 -0.432012292654939 -0.215548211289939
-0.00692473549524007 0.00363346510635175 -0.289675857683431 0.259273213172565
-0.0113193320323774 -0.00361675352171703 0.0487437312632855 0.273816713462311
-0.00373805723802709 0.00448502589976897 0.142450311438786 0.0921647349095881
0.0016438255038482 0.00596147945883087 0.0740235176457333 -0.0774397908706529
-0.00276694237947977 0.00581481827945081 -0.0638205332649068 0.0522030449448604
-0.0125838335940638 0.00311147712015476 -0.107966321908085 -0.0590202269231288
-0.00626419602452255 -0.0158082205427803 -0.0543620711564359 -0.210983659722817
-0.00111320546290232 -0.0148887081367875 0.236714124190585 -0.232302232663027
0.00581502600082147 -0.0101542151279928 0.404866658436582 0.114411942576845
0.00501965673748114 0.0104370024775348 0.130923333348698 0.43110262116208
-0.0158544614870971 0.00778302310550996 -0.180838170519168 0.274674319251818
-0.0124681103363966 -0.00286482060434684 -0.00175513969767107 0.0451522753006606
-0.0119139678172618 -0.000887007860982159 0.200424895590541 -0.205292301160513
-0.0111891460879621 0.0095282525182302 -0.0429761045292799 -0.485574312066841
0.00395453826225856 0.00863664622330305 -0.434079337759543 -0.207716190590974
-0.00767990398847455 0.00246760747432247 -0.285941368079268 0.265457112763493
-0.010936160702243 -0.00563893283182713 0.0512500962743013 0.274016031653649
-0.00277166462007757 0.00299086754577322 0.144327749247295 0.0900584518368355
0.00284997817863469 0.00656943050620236 0.0747316352900371 -0.0786330614757576
-0.0013149168265558 0.00608083578696657 -0.0624481816298493 0.0514189458603189
-0.0114962862360704 0.00266624985367475 -0.105671303880732 -0.060193225366697
-0.00567299127451724 -0.017068032345618 -0.0505622446210256 -0.211457607419747
-0.00172218136631316 -0.0152410766730629 0.240168581009007 -0.22639394365526
0.00468139593684609 -0.0101541624842222 0.402283711740734 0.124724139336832
0.00436460848270034 0.00886763968734371 0.121373342422477 0.435725029618063
-0.0153640666557153 0.00612402268367468 -0.185816500409097 0.274204592731188
-0.011390052136637 -0.00439082254902401 -0.00183975051608294 0.0458875739414769
-0.0111076376949414 -0.00283768426492124 0.197222029538187 -0.205792830821695
-0.0116916952181643 0.00855342723046922 -0.0500313722059146 -0.481458587204159
0.00268613681261683 0.00788582042932404 -0.438029211898363 -0.197559157062292
-0.0089931136293678 0.00181509959379411 -0.282148508738738 0.271755796203616
-0.010274312159977 -0.0060363948985466 0.0555032648520122 0.273141649347828
-0.00175245361359496 0.00279948610348984 0.146393884397751 0.088619464996741
0.00464331393336418 0.00760204221109911 0.0760516787492409 -0.0795999674020076
0.000116664715055178 0.00651630852076348 -0.0599024379333905 0.0506790375863841
-0.0103253549823756 0.003254434621438 -0.10348907140474 -0.0632511156159197
-0.00446629333677633 -0.0164680067253058 -0.0468783850802505 -0.212764205561593
-0.00134566684805926 -0.0145767595519418 0.243772100265347 -0.221194751833447
0.00382492099730845 -0.0112334261194115 0.398258721535686 0.135505444307776
0.00352044878161811 0.00654883144411819 0.112228512991598 0.440803106259394
-0.0146730150196721 0.00417335848286737 -0.189838705844107 0.272785793575954
-0.0104452224367041 -0.00542027235990245 -0.00227383097814811 0.0461664440505486
-0.0100798261389176 -0.00457057596962123 0.193827064780517 -0.207911780768445
-0.0121822901043172 0.00664042704200409 -0.0613803371655803 -0.475891388906774
0.000874006548275391 0.00665856154176909 -0.440915874062477 -0.183967700619368
-0.00975407421662908 0.00300926901374457 -0.276928282333306 0.2783358913886
-0.010195211863649 -0.00516476342091524 0.06014232067086 0.271860835473399
-0.00016025081086035 0.00300772079362345 0.148377223230344 0.085547263684917
0.00694589122968416 0.00856142074389415 0.0777006348319577 -0.081207767839177
0.00190388660533649 0.0077485139165614 -0.0583257726496603 0.0491594490807405
-0.00838856073808748 0.00442640496312004 -0.101593626479589 -0.0650871054195765
-0.00393014537812963 -0.0144443480641631 -0.0423340709286032 -0.214558254305003
-0.00146058146307883 -0.0132054701917444 0.248073622613779 -0.216385583441845
0.00339347194735155 -0.0121745581513273 0.395285376383887 0.146494716267302
0.00305040556184847 0.00378596922053646 0.103138028158101 0.445469485965588
-0.0130428885629271 0.00246456720458679 -0.193705747705056 0.271824979574354
-0.00940321492985866 -0.00652702721190384 -0.000848246891884353 0.045815740292433
-0.00905674364954431 -0.00598624319608117 0.192248445972802 -0.210320561549341
-0.0124968533321374 0.00347760189343492 -0.0692586707422028 -0.473948786488191
-0.000621875379664328 0.00513806925172217 -0.446506199256145 -0.174418118942365
-0.0100827873055376 0.00453295119460148 -0.272544417830282 0.284259367608405
-0.00985313563002236 -0.00265928598505542 0.063480739995314 0.27076826631415
0.00165187441804827 0.0045814403660689 0.150454018664813 0.0833588595934853
0.00896580566055092 0.00900743151432733 0.0793057426250164 -0.0823982903924041
-0.00287857567816984 0.00345009497243593 -0.0628369558242092 0.0541985279722774
-0.0108782408333828 0.00918791228056199 -0.108311613736657 -0.0576804231869251
-0.00586814474282973 -0.00516443875713811 -0.0530326782137474 -0.21205247106685
0.00125664464510056 -0.00787688223531067 0.233747517867134 -0.238132069155198
0.00614242317386693 -0.01325947636188 0.402711267097691 0.101775793390445
0.00677871448935658 0.00479522430009714 0.134478131992712 0.41511079983826
-0.0138973701065811 0.00685885021385266 -0.173056869721395 0.265868307050109
-0.0129596962670476 -0.00221338710399635 0.00336684183118855 0.0408714291780307
-0.0100025821866377 -0.00140165067578698 0.201504671110987 -0.208723548293768
-0.00901037199774196 0.00403834894107242 -0.0403788598922296 -0.486466559371025
0.00370177537031009 0.0038728503187626 -0.427386674459282 -0.212693762908547
-0.00602535570235046 0.00971469132592776 -0.279805645568444 0.257458135970261
-0.0113711753089607 0.00734853779346815 0.0509711062488312 0.266044703102594
-0.00246671040665289 0.00941759919351844 0.14091104314363 0.0881659131327923
0.00256981538469518 0.00533904212244983 0.0743217178460955 -0.076072853464519
-0.00360934570998158 0.00377677045780877 -0.0648595511732081 0.0543413789885635
-0.0118076709977174 0.00691780571547757 -0.109522113227476 -0.0566597663581628
-0.00636317346311517 -0.00872533778105656 -0.0557746110847729 -0.210013925492787
0.000889814405153717 -0.0100833231247029 0.231200521088126 -0.239204433711281
0.00667544478801177 -0.0118382272817834 0.403095060763742 0.0972023683035798
0.00675751761996907 0.00755662951200086 0.138671964271505 0.414735627059194
-0.0148510545804982 0.00836325405049326 -0.171165206285127 0.26821415468585
-0.0137984722880647 -0.00143648243042073 0.00169246143702598 0.0418447238140852
-0.011433186669144 -0.000368324971113071 0.201873336678084 -0.205444463881202
-0.00903865224622069 0.00660804996566928 -0.0356828126305923 -0.487121293219103
0.00447899417223394 0.00566675526335704 -0.42587404243611 -0.216628961977981
-0.00630823327315408 0.0074628996156773 -0.28279916503784 0.254178005782314
-0.0115287586432877 0.00341285448392963 0.0482600089320173 0.267893509267428
-0.00343568895586726 0.0079176022724952 0.140490786320473 0.0893853739532033
0.00140490907115208 0.00555524923052193 0.0736234988777468 -0.0755011062645901
-0.00371450288025058 0.00400410730393825 -0.0652551861882681 0.0534659879217274
-0.0126677436090275 0.00544602850836493 -0.109453001151775 -0.0559944880616599
-0.00680586046936631 -0.0110982261803857 -0.056995883827952 -0.208797150787997
0.000144208477509224 -0.0119055590915938 0.230308256159116 -0.237636483893492
0.0069504668180728 -0.0103310257316525 0.40267436689671 0.0976459513336459
0.0067181599205728 0.00928441876971528 0.1387232324041 0.415944431760895
-0.0151260996676373 0.00921351207923342 -0.171996085098092 0.269267752204071
-0.0138058654595763 -0.00142205511729237 0.000638555683433375 0.0430928345946326
-0.0121253607983753 -9.47711710398442E-05 0.201607612593984 -0.204278589035409
-0.00967171437318648 0.00899606520350369 -0.0361358636037012 -0.485107123683431
0.00523553239757512 0.00731480345007184 -0.426277051500691 -0.215974098906057
-0.00652873386822615 0.00477070378733774 -0.28317672209706 0.25472563149473
-0.0112696065201472 -0.000408396251954411 0.0489262761878595 0.269232920660486
-0.00350044960694459 0.00586168894123759 0.140817997721543 0.0904503630513507
0.000866216531393391 0.00575754505108599 0.0730797068275037 -0.0760777025272903
-0.00343042542227493 0.00478285918820786 -0.0642714391141677 0.0529643551188962
-0.012648055740461 0.0041420468880898 -0.10867348504256 -0.0564813591455106
-0.00705649298773114 -0.0142980910438514 -0.0561374319008961 -0.208544180770398
-0.000545904355461061 -0.0135978623420456 0.230973667409641 -0.234629724501
0.00626940334700056 -0.00981622830232225 0.401472737145744 0.102369865688278
0.00583406657548948 0.0102311037961518 0.137120058439217 0.418563430653743
-0.0157194245830395 0.0088541980531305 -0.174324563600111 0.271312031112829
-0.0132047017720089 -0.00163393087206846 -0.000477648132086155 0.0442883038164211
-0.0122028123919278 -0.000119420094291884 0.199588119995211 -0.202728051008836
-0.0102870110388672 0.00981223995826782 -0.0369991967062145 -0.482831231247752
0.00491170719940997 0.00799535430043697 -0.427716833380152 -0.212690223501311
-0.00632908948840611 0.00332754767497025 -0.284689139839503 0.257303887264934
-0.0110447047345046 -0.0034479688064053 0.0490262105156074 0.270540421960216
-0.00331738894341559 0.00391424991352734 0.141634916115475 0.0900342740692184
0.00141627841134634 0.00547338169438687 0.0729737998219283 -0.0760035620233124
-0.00294212592293381 0.00537611528142517 -0.0634399433602435 0.0519421847728521
-0.0124507454739132 0.00323345760595654 -0.107087771245026 -0.0576773896809721
-0.00637923595976567 -0.0159378062035768 -0.0537486722426198 -0.208076884911972
-0.000943253936779392 -0.0149081506352085 0.233547649146116 -0.230746847838132
0.00534250045922636 -0.00993670849493676 0.399765083939289 0.111104283799935
0.00440167177678343 0.00988863911549714 0.130276742866941 0.42322374121761
-0.0153956230299999 0.00798609681787591 -0.177436083781052 0.271325610110142
-0.0122326994650562 -0.00256653692471634 -0.00163322979807369 0.0451119319827021
-0.0117825821824276 -0.00101408936693966 0.197077170515909 -0.202650291182943
-0.0107184046228217 0.00984779667518115 -0.0431413899330484 -0.478666835684386
0.00387383227997788 0.00813454185724907 -0.430370103757245 -0.204198004902071
-0.0073923073145761 0.00279316658567122 -0.280750361429078 0.263092198634392
-0.0107830670654018 -0.00477025308968166 0.0520622182299297 0.269847960336125
-0.0025109705455583 0.00273466991666778 0.143090671348932 0.0889710499755344
0.00298997214627783 0.00644681761299096 0.0741538101018541 -0.0775089007926583
-0.00107807844811769 0.00633351717928943 -0.0620293422619919 0.050447228362061
-0.0110856016316585 0.00310312371926867 -0.104955580832672 -0.0591765434182849
-0.0058237869613156 -0.0167838990499573 -0.0499083742228313 -0.209240052063847
-0.00125545013407569 -0.0145920386732352 0.236769543498387 -0.225142754536348
0.00401268949697882 -0.00999162698504582 0.395744088891478 0.12163809871067
0.00437428241658234 0.00885071532377897 0.121651377184959 0.430507542732422
-0.0150356309728922 0.00634325366645914 -0.182894613130332 0.271004857728142
-0.0112590609021251 -0.00420367711350663 -0.00169101672381952 0.0458572644640801
-0.0109538901430833 -0.00276645314128257 0.194284047222775 -0.202815017601116
-0.0111783522180866 0.00816338552675247 -0.052231175891012 -0.474293467341806
0.00242276808574303 0.00727229462418105 -0.434413156092683 -0.19324563035662
-0.00860995393758928 0.00217153994269706 -0.27729822910443 0.270131864321073
-0.0105295559084852 -0.00542353026900298 0.0553951246906126 0.269486233500746
-0.00144509762355288 0.00292106533683786 0.145286413821643 0.0864139682300158
0.00528041169253208 0.00676196268997619 0.0745793501146051 -0.078990394053178
0.000519418808161624 0.00681228560319087 -0.0596547029464399 0.0491431902459775
-0.00970320654950555 0.0032829265283836 -0.102910806596984 -0.0613049792994221
-0.00475268446571348 -0.0157569090472682 -0.0461697328748941 -0.210350923056245
-0.00152322693487231 -0.0145341556837236 0.24031784172034 -0.219553751835062
0.00351284044120885 -0.0107246669065522 0.393679650080383 0.132748009356054
0.00321276865649815 0.0062604008040526 0.11228240274732 0.43412898517715
-0.014193004579795 0.00426588142933838 -0.186309624478703 0.270166152162847
-0.0101054386441615 -0.00485209586361851 -0.00164532127280084 0.0456230710130155
-0.0102897315441365 -0.00430710852253583 0.191236099924432 -0.204528945265404
-0.0123230996370491 0.00626274208364114 -0.0623831017430179 -0.469520174831316
0.00100492885860031 0.00664399447308076 -0.437411791930476 -0.179850304271229
-0.00932130125527787 0.00326508774286702 -0.271961628278348 0.276269659163312
-0.00964018187813429 -0.00461147042185589 0.0601944025555653 0.268449003661219
3.41620589037368E-05 0.00333537601766546 0.14709059699492 0.0842177212377431
0.00663182712111533 0.00829996434740269 0.0759960537217549 -0.0801130114373378
0.00239405088557911 0.00708484993989034 -0.057868090967011 0.0487416630339323
-0.00819806121431831 0.0043479943775315 -0.101160661116489 -0.0638847566788002
-0.00375765525175363 -0.0140797327449994 -0.0419513627355548 -0.211932738667856
-0.00150060399456424 -0.0128605177652737 0.244783675892847 -0.215106877608353
0.00293195823002204 -0.0123198663022875 0.391213184988126 0.141696395576868
0.00275858330834226 0.00351053524796621 0.102940107326274 0.439355389806171
-0.0133588231637042 0.00265184403636667 -0.19009494406667 0.268458524874296
-0.0087924181444342 -0.00620060683104194 -0.00130259606026077 0.0451354292925349
-0.00926203252906289 -0.00599680212029342 0.18865338899189 -0.206704472779749
-0.0124047048026545 0.0037320876442418 -0.0709621797251903 -0.468823013300606
-0.000994346971972752 0.0049446822217127 -0.440425283404196 -0.169270386564277
-0.00964041421106783 0.00443039336999876 -0.267514897333011 0.281274201878192
-0.00937930385432694 -0.00222687988678619 0.06380591550629 0.266825770665507
0.00214522303852149 0.00446673497038581 0.148741951965641 0.0814292573431519
0.00852577611577613 0.00864280602432731 0.0786892306042496 -0.0816669183001628
-0.00265260595838297 0.00405788337686343 -0.0630368751720973 0.0528036299800628
-0.0106520236417744 0.0085626820175791 -0.107109049451784 -0.0569455019702031
-0.00604908269619907 -0.00530944977148401 -0.0524236175782035 -0.209567702143218
0.00139095699491442 -0.00790139126123665 0.230374872985977 -0.23623603709702
0.00605211450602811 -0.0122895857511759 0.396827845205425 0.100395480294118
0.00693117045506933 0.00445753551982955 0.132816161902213 0.4100705563602
-0.0140079707661223 0.00689438186338525 -0.169638730474633 0.262405087820302
-0.0130516076817855 -0.00197327675725673 0.0027366520054108 0.0403568619207434
-0.0102752054874038 -0.000852814114701455 0.198692251144408 -0.205876133157809
-0.00887384928036189 0.00405448221204236 -0.0407888995858435 -0.4821653108202
0.00362920195499762 0.00400858034050844 -0.423000598685975 -0.209306382132808
-0.00588262944753098 0.00963252308749166 -0.275372559239703 0.253904056963756
-0.0111679424631376 0.00738444973435894 0.0511336374023286 0.262600392304425
-0.00206220593348284 0.00912485728436482 0.13933253665356 0.0864865886056893
0.0026470723382867 0.00542001340520108 0.0739338275371711 -0.074997240182856
-0.00334260746898622 0.0038203690951269 -0.0637360516179928 0.0531732150146789
-0.0117388845586122 0.0071385141903498 -0.107858381987369 -0.0558955913491412
-0.00663612971584488 -0.00826114560878786 -0.054526386678919 -0.207772172506646
0.000908599887175256 -0.00970893088717167 0.228911497773566 -0.236665662523305
0.00615652735454485 -0.0113114604695765 0.398070217202986 0.0960375323688896
0.00646656856268157 0.00727508209471398 0.137084194703402 0.408852426509088
-0.0143539222987506 0.00856125715314962 -0.168890114064418 0.26411522191494
-0.0134642168264165 -0.00135971202377998 0.00148637338860702 0.0413027024177012
-0.0110375507145337 -0.000382542726004855 0.198240118761952 -0.202294521966139
-0.00920737810285784 0.00646196486111764 -0.0370360091445655 -0.480836551752036
0.00441992475963414 0.00557382583864526 -0.420954585144225 -0.213068243275917
-0.00620099164858499 0.00736883508801896 -0.278310964697479 0.252021872156988
-0.0117102782623113 0.00324043502353853 0.0483766972479443 0.264301801360913
-0.0029669904739775 0.0076229510718027 0.139069135974592 0.0882556200152498
0.00126738348867782 0.00468594788650418 0.073230680550538 -0.0745704420109691
-0.00373707177176233 0.00359432493062648 -0.0647162451725767 0.052941945509768
-0.012544008151484 0.00521944273527494 -0.107672138672633 -0.0554745944634708
-0.00673332765315128 -0.0115128694706116 -0.0562163869175325 -0.206448819751199
8.32842898374976E-05 -0.0120622118534585 0.227353675191987 -0.235222422223644
0.00633695509149195 -0.0105221842319206 0.397872463562782 0.095485830474895
0.00621803694960476 0.00910749415997197 0.137058982525368 0.410091422074717
-0.0146910895459127 0.0092375308940408 -0.16940564849364 0.265635881033073
-0.0137739463036823 -0.00117372966246532 0.000596792605888265 0.0424024727113927
-0.0117338748288038 0.000135455685787362 0.198346815436187 -0.201169551999234
-0.00997358428807837 0.00865128575946672 -0.0355657950876765 -0.478884448032086
0.00502445128832592 0.00689374789952683 -0.421028409857293 -0.212326566778799
-0.00634311122152638 0.00507914028904359 -0.279530648657971 0.251439540855043
-0.0113159911881701 -0.000399229730285403 0.0483144076948452 0.265081668625725
-0.00351897417368837 0.00551384995070156 0.139129472668705 0.0895408339956937
0.000734582477259826 0.00503554700388867 0.0727485852366218 -0.0745928211761425
-0.00342677213762154 0.00453147878016005 -0.0640056512105149 0.0517494157238557
-0.0124319175215149 0.00363676138690575 -0.107699545069499 -0.0551450383257912
-0.00684514776376498 -0.0142706152055464 -0.055443760489571 -0.206287067086884
-0.000615427166665888 -0.0133774733374381 0.227933731569945 -0.23314623925325
0.00585232987944395 -0.0094705707337646 0.396862681618756 0.100598479088104
0.00545031234075406 0.01035558317163 0.134233138897482 0.413925806231075
-0.0153559258877499 0.00928982293152874 -0.171243480611158 0.267413820226846
-0.0127113310189727 -0.00179679583250119 -0.000849905822344271 0.04383305813708
-0.0115726510688748 8.44075513619742E-05 0.197131106382053 -0.199126208309843
-0.0102334005050225 0.00950932988241205 -0.0369047437995826 -0.476467057743918
0.0046506567261032 0.00790755575976272 -0.421439020368945 -0.209421014066164
-0.00677720021149333 0.0034722147358347 -0.280105699697375 0.254771870092327
-0.01143550303817 -0.00336897191024459 0.0495533109122727 0.266296174661331
-0.00325592055121305 0.00371979730253583 0.140086504603602 0.0889694825905722
0.00162736573636197 0.00532778318024445 0.0730922318388253 -0.0756293070045913
-0.00275385565623589 0.00526820893752982 -0.0629295359187865 0.050966781349219
-0.0117383210435296 0.00286468426476164 -0.106033967250928 -0.0569147785682094
-0.00666954310618587 -0.0156655628446788 -0.0525714594562347 -0.20600755106901
-0.00118232048921212 -0.0144813067232991 0.230101755364269 -0.228354355816714
0.00531464238789662 -0.00958182056213753 0.394238912936568 0.109113899269041
0.00441243696879309 0.00992184504438286 0.128723452156359 0.418808881165011
-0.0154814261097431 0.00785734193262774 -0.17471862893808 0.26745542670865
-0.0121677957519865 -0.00298146154803368 -0.00181016520339628 0.044511248317524
-0.0114372497987267 -0.000958846543332276 0.193898576064438 -0.199668551513244
-0.0109033504358228 0.00958452636940173 -0.0441910892035233 -0.473324422879148
0.00379018158531723 0.00780118843935871 -0.424268896971878 -0.200918955271614
-0.00733706918139175 0.00232777597976245 -0.276716908175799 0.259886053133171
-0.0109637734314648 -0.00500776950318981 0.0518629913699319 0.266411358851266
-0.00232448882324329 0.00284545172510462 0.141904235017909 0.0877813963493662
0.00303907775509195 0.0057606005365413 0.0734712666642967 -0.0766567929030512
-0.00117792855292754 0.0060479909415614 -0.0615066446189504 0.049417160934418
-0.010999716741738 0.00301701636067642 -0.103993566811998 -0.058694994531591
-0.0056210364779869 -0.0165332542124823 -0.0492784673818118 -0.206979344021177
-0.00111401332297872 -0.0149713387811508 0.233951889902807 -0.22345731961364
0.00427069220105226 -0.00980666707932402 0.391548903243763 0.11955470623709
0.00371776418350811 0.0082184032643066 0.119573162546572 0.424469254113933
-0.014570988030051 0.00640475380837878 -0.179457107127863 0.267164474447797
-0.0114187286680834 -0.00390149213228142 -0.00184731059575912 0.0453205581030868
-0.0108282955275457 -0.00236311186320365 0.192095658555562 -0.199599499925875
-0.011456262192377 0.00852274961279241 -0.0520856827116943 -0.468632192560061
0.0025352346396745 0.00768334684500199 -0.428634066492131 -0.190228917228794
-0.00810789860896298 0.00225424689917382 -0.272160151328167 0.266475061279898
-0.0102652881399315 -0.0057961324824998 0.0552687631851753 0.265885276392426
-0.00164001593918127 0.00290201705561361 0.143624158045084 0.0856768343079504
0.00471423670658698 0.00699347360072581 0.0747043348331156 -0.0782387722884801
0.000397250276118667 0.0063983425392555 -0.0598969284181327 0.0487979167150886
-0.00943560896556954 0.00288796614564961 -0.10195889344963 -0.0604499615080609
-0.0047025513081243 -0.0160626794935477 -0.0448716906535115 -0.207656763194931
-0.00140126891667872 -0.0138953117337379 0.237103345142511 -0.218307862594778
0.00320345438083168 -0.0108277736976133 0.38924759782676 0.131006850619726
0.00282023449146139 0.00594199344514981 0.111256113640126 0.429176439018201
-0.0141664098722905 0.00451143574893985 -0.183201386189438 0.265839490333346
-0.00998501160196149 -0.00471533022269489 -0.00186820802068343 0.0452977943301206
-0.0102110620371833 -0.00402786119431882 0.188393409040418 -0.201779887126253
-0.0118548086670886 0.00612180222455521 -0.0610253526675644 -0.464200590669511
0.000736470586108618 0.00649345387265772 -0.432863334057208 -0.17844881331217
-0.00940118477056471 0.0028997428232488 -0.268198483022294 0.273102838805661
-0.0101211335684097 -0.00457399558645274 0.0605500604304441 0.264596971866005
0.000232642091648243 0.00319222248732322 0.145743638681958 0.0830871244067451
0.00676294307856953 0.00743123617167641 0.0760619311505216 -0.0790678161939639
0.00214096287258039 0.00728617618137356 -0.0577957337953941 0.0478255500535344
-0.00788285496959403 0.00409499732762371 -0.0999585893722631 -0.0624081523957851
-0.00388771566348416 -0.0143805222074486 -0.0414928936167401 -0.209334124774603
-0.00115126626339274 -0.0125273526551886 0.241255772046297 -0.213241235847594
0.00271432393906922 -0.0118245752970826 0.385944557233022 0.139565455070774
0.0022922656554404 0.00365235926612384 0.101623173970762 0.433360045869784
-0.0129313119586408 0.0024584151855454 -0.186809480270909 0.265060914277999
-0.00849245488434938 -0.0064922879485623 -0.00147779190763982 0.044657526273309
-0.00939376542335479 -0.00570578893783086 0.185726929072858 -0.204144270957916
-0.0125504171913346 0.00345063276980471 -0.0691969617152226 -0.462177445340518
-0.00083786840506536 0.00467566893001846 -0.435999006888578 -0.167144281568856
-0.00993992613041798 0.00407208986663194 -0.26330844731708 0.27796960784702
-0.00927939046104756 -0.00208953802579346 0.063544071261644 0.263308604413857
0.00207978473589505 0.0041260502973185 0.148068779857894 0.0808012143601731
0.00901030705979277 0.00809989639798529 0.0777439125190929 -0.0806213114159884
-0.00251728291252761 0.00381145356736041 -0.0631616520117246 0.0522294993031801
-0.0103069071769183 0.00873078379500295 -0.106220003990048 -0.0562627911547828
-0.00603191678754489 -0.0055133712523572 -0.0498968353610674 -0.207665449391964
0.0011974385467125 -0.00768674741927827 0.228497670057009 -0.23279338545184
0.0055623133952048 -0.0124078286613019 0.391385570973812 0.0998222505532919
0.00627211966775604 0.00433949526501067 0.13021917868347 0.404969682007801
-0.0128223133044823 0.00718087672359355 -0.168325182301962 0.25848692807287
-0.0127632099301694 -0.00189956520263998 0.00297549539338989 0.0400759415885247
-0.0104281483117291 -0.000686364866530662 0.196259100238272 -0.202304569079823
-0.00865470040719346 0.00406988131669704 -0.0409909063056255 -0.474826494091342
0.00351371793495505 0.0034335364333599 -0.416941715650065 -0.207308730689408
-0.00569379452391269 0.0093718643833414 -0.272296489795973 0.250239325137073
-0.0111447774070363 0.00733154111435256 0.0500144484018346 0.259918823141203
-0.00192797168504417 0.00898449776991005 0.13795248515628 0.0860714089843926
0.00255109811517223 0.00503543431475757 0.0737084635079554 -0.0738408336681473
-0.00353961952990392 0.00366310192906497 -0.0640566168514652 0.0524771126853709
-0.0113820333878669 0.00696250306923857 -0.107089508088746 -0.0548373000514289
-0.00650669423296091 -0.00859468427886998 -0.053132819664601 -0.205597005550247
0.00122384745501894 -0.00996200515407752 0.225540323332631 -0.234267189090172
0.00653491204425341 -0.0112044602318664 0.393371900188768 0.0949086364549254
0.00620196688126089 0.0070846851548623 0.135127654332877 0.403960027736534
-0.0140159237217158 0.00833456160093487 -0.166960982338781 0.260517661270923
-0.0131104999066407 -0.00181854851076506 0.00137261193163929 0.040955945483085
-0.0113328344913741 0.000295764088645889 0.196570958119509 -0.19905730456118
-0.00938854055977547 0.0068473120193062 -0.0363530913621172 -0.475277234122558
0.0046862559183424 0.00533109328177533 -0.415994037716107 -0.212285553789533
-0.00601635456710401 0.00744853959093677 -0.27531481568014 0.248112533725029
-0.0118121187484726 0.00392706631029887 0.0474354895638398 0.261147046660074
-0.0030715916843138 0.00761195994289216 0.137593233259453 0.08726931155168
0.0013551930407879 0.004548646166587 0.0724269490337739 -0.0739873484735948
-0.00346549273712532 0.003517517378331 -0.0646762580784864 0.0520360962814829
-0.0121919214078908 0.00534125102075898 -0.106658694148421 -0.0551826372540895
-0.00727815420459206 -0.0114863988366344 -0.0541525527310062 -0.204460168324277
0.00054601374227611 -0.0117027946857874 0.224713940498788 -0.232865288467239
0.0060509477130187 -0.00994092916594626 0.39321059787821 0.0963306420723365
0.00594429231632655 0.00897361352388634 0.134685846722037 0.405010182894755
-0.0143041451732541 0.0091241467104619 -0.166988073326942 0.262382254036598
-0.013273319165777 -0.00139711111683441 0.000496057305773232 0.0419627381902941
-0.0118468488647731 0.000560482052761544 0.195519395694407 -0.1971666817314
-0.00997780244872982 0.0086348350630963 -0.0347916203379132 -0.473245527439914
0.00452154875889222 0.00629692822043986 -0.41513968229396 -0.211084902130058
-0.00595975310074847 0.00500203425448205 -0.276373981973006 0.248486807839759
-0.0114120023116459 0.000103391658893953 0.0471376224169147 0.262201864091155
-0.0032805595792582 0.00516192987436756 0.137701981867124 0.0879911541205648
0.00113214943723731 0.00460273400513567 0.0725004199382462 -0.0736958102937383
-0.00352199396219267 0.00494902360741217 -0.0639388330475716 0.0510600739542099
-0.0121792338851935 0.00386699418778252 -0.106404253080242 -0.054705899529891
-0.00682465070931837 -0.0139349829355447 -0.0536320998251104 -0.203714375446621
-0.000343903651096628 -0.0133782497352539 0.225658768400747 -0.230285552778446
0.00594344285317849 -0.00990574829164883 0.392705319776046 0.100362612391426
0.00494590846126092 0.00968655881303945 0.13271656399967 0.409317942263363
-0.0153229554115706 0.00878368432058111 -0.169598951644417 0.26367823553367
-0.0127505950217723 -0.0018159756387418 -0.000677339118083992 0.0437538224752287
-0.0119097544739457 -3.36209967473702E-05 0.194493805479269 -0.196277238988128
-0.0103459036004674 0.0097850664696198 -0.036197439330003 -0.470775843304505
0.00450161056117254 0.00741152276627704 -0.417968613384069 -0.207981875933405
-0.00637967081190348 0.00367705691773 -0.276271882758314 0.251101012050487
-0.0115491363609918 -0.00287429003677774 0.0488102118536281 0.263345358237943
-0.00314105148196114 0.00393393097129435 0.138391912559853 0.0881887664706287
0.00170362642203547 0.00492672734287999 0.0728071965727587 -0.0741989588279274
-0.00236295437020067 0.00519955493976109 -0.0628852276966494 0.0495644558923059
-0.0117344064651061 0.00323678319051853 -0.105068444449795 -0.0561990022217865
-0.00656129809764048 -0.0157968178932284 -0.050995163487687 -0.204320886610758
-0.000572119671350228 -0.0143717895285136 0.228012351747026 -0.225886406354096
0.00483777955652993 -0.00937964034450702 0.389217219307391 0.109092071752618
0.00389439671444994 0.00946151704718098 0.127696543455978 0.414058718205766
-0.0153354913532661 0.00819757136665055 -0.172674147140355 0.263830513917357
-0.0120683468372425 -0.00255966693563848 -0.00160922001648277 0.0446429058593356
-0.0112556005095727 -0.00103334761640353 0.191819508293009 -0.195177137002597
-0.0111793634603015 0.00940907048019339 -0.0421669805637 -0.466962953258878
0.00366980879172978 0.00783899859382494 -0.419735224669751 -0.199618920852544
-0.00725240866682712 0.00266437249426636 -0.273771783074748 0.256496134597536
-0.0109173821637844 -0.00481336803031793 0.0511510039326475 0.263132746128216
-0.00205698128944313 0.00250431965964892 0.139929796283424 0.0868831682918792
0.00282509878563473 0.00562952036406778 0.0734461865151758 -0.0754678304796524
-0.00157304289869196 0.00580269414441058 -0.061062793165975 0.0488817973517598
-0.0104085365391786 0.00250722652640841 -0.10287852429168 -0.0577559673565312
-0.00588604149307942 -0.016456363337818 -0.0478185537275308 -0.204658735940376
-0.0011508612420262 -0.0147080937875962 0.231773887743305 -0.220103054594605
0.00458083120233269 -0.00985666128808511 0.386432452551626 0.118741807686959
0.00337014841779944 0.00824003796427651 0.117244044294426 0.417895874092896
-0.0142042795487712 0.0066215849478692 -0.177612666765141 0.263697544234668
-0.0107962158523543 -0.00375894401295401 -0.00199804777958067 0.0448490170356001
-0.0109255468286222 -0.00164147074956292 0.190020238112837 -0.195900809099692
-0.0115736846828766 0.00835876146461957 -0.0512684753520062 -0.462003390099041
0.00206946070956554 0.00690297265983832 -0.422799002871514 -0.188973843033255
-0.00792278954369181 0.00224057030525254 -0.26943900704986 0.262947707058661
-0.0105681260220189 -0.00534087409644294 0.0543926902475574 0.262198050777487
-0.00111448533269024 0.0025209250614626 0.141796597382526 0.0849464282177326
0.00492408216634917 0.006581507226079 0.0737450136895553 -0.076465599567398
0.000328447788196805 0.00660161513061676 -0.0595495344721226 0.0471957281623543
-0.00910432709755378 0.00307381852583341 -0.101201918356283 -0.059955670921083
-0.00528001566327331 -0.0153902056425597 -0.0433102396645457 -0.20556764417953
-0.0010279982718826 -0.0138784401593303 0.235148395051122 -0.215224500160377
0.00336886838312986 -0.0108147698425933 0.383409509057864 0.129890759160509
0.00252229179926005 0.00584220010136463 0.108412631661125 0.422423451089271
-0.0133850274746789 0.00430170172336014 -0.181555017768293 0.26191094691274
-0.0101027504916314 -0.00503705980810409 -0.00180050854806235 0.044718743059876
-0.00998545009261113 -0.003396630005899 0.186484911789509 -0.198814497145413
-0.0123135752012669 0.00603559978424283 -0.0592412224431577 -0.458144071170915
0.000580065440237166 0.0058824535241856 -0.426926243815919 -0.175797827218525
-0.00894783790360137 0.00292279746704373 -0.264449924071071 0.26893058389152
-0.00959204848121976 -0.00435278531059808 0.0593286371087105 0.261461910051012
0.000752513965394836 0.00315154266320042 0.143960652801541 0.0822567463403933
0.00656333654386691 0.00725316260944301 0.0752231417735579 -0.0779841533552134
0.0020987052568041 0.00736167083784364 -0.0579206564309518 0.0470950948456534
-0.0077003546496402 0.0042351589487891 -0.0991899941965479 -0.0620108306583484
-0.00412948034377379 -0.0143275221320337 -0.0401986717936933 -0.20768170999825
-0.00127291800960458 -0.0127732707110569 0.239274042528433 -0.210218108089124
0.00242964969017087 -0.011832787754672 0.380640418960727 0.138543360137273
0.00235601971819644 0.00318693503812644 0.100624704060936 0.428733664203969
-0.0124823905885273 0.0026291519960119 -0.184668593772862 0.26067041879348
-0.00878614401756354 -0.00578437172063847 -0.00164908034880176 0.0443921671133144
-0.00927974278707358 -0.00559736013641331 0.183244308391958 -0.200480416215774
-0.0120457312197864 0.00357119012221785 -0.0690076693012543 -0.457168358487192
-0.00134104602218351 0.00434023708941851 -0.430530228265758 -0.166772443011157
-0.00923718875409594 0.00456284013590831 -0.260258214711104 0.274996193419825
-0.00943661699185303 -0.00205459535746468 0.0630769041490815 0.260326884034996
0.00207160285193087 0.00397101439543463 0.146495157668541 0.0794408029752751
0.00857760544397013 0.00800867551135826 0.0775967727831719 -0.0791495803306663
-0.00220754749203903 0.00342843589209901 -0.0632514149600657 0.0510352809444285
-0.0102043631681669 0.00870136899114756 -0.104993153337703 -0.055954298340262
-0.00601897569298805 -0.00542947112428115 -0.0494258340483373 -0.206227125272493
0.0011760872843847 -0.00773975491860087 0.227253786100208 -0.230578653444329
0.00574623724728865 -0.0121243580551545 0.386968025655588 0.0996194190024155
0.00587670426733762 0.00438893896904458 0.127235283467337 0.40030474030302
-0.0129946172651752 0.00661429863106353 -0.167036684559908 0.254317245184885
-0.0126013401778843 -0.00207506568812432 0.00243942853499159 0.0392520212009841
-0.00983027234369783 -0.00121008380268489 0.194453424222939 -0.198395937439095
-0.00866355059266225 0.00407002156227939 -0.0379353376223967 -0.469363969839042
0.00368600464021366 0.00320159222586159 -0.412177036228647 -0.207269079307561
-0.00556914576032779 0.00916347001368895 -0.269703315104046 0.24695846256961
-0.0113337444580181 0.00757467502174699 0.0490234969450544 0.257040585132143
-0.00210422532742487 0.00899956193410205 0.136046911433836 0.0859977902104025
0.00260035485627965 0.00482495146257844 0.0735843938803824 -0.0725403018713471
-0.0032703308806918 0.00358510403613995 -0.0647529552971637 0.051316896984339
-0.0111905921920322 0.00714962340086516 -0.105932369499585 -0.0547091622770438
-0.00688325515572971 -0.00886431989996364 -0.0516433716926734 -0.204244225179755
0.00111797054588687 -0.00958523814745231 0.224249461220411 -0.231451911671569
0.00601642014748377 -0.0110905579337223 0.389057352776622 0.0950213706180085
0.00627676515030498 0.00672229380473648 0.131839341926452 0.398914506360744
-0.0137497984087236 0.00865869496142235 -0.16523228016438 0.256995755075866
-0.0129489585638075 -0.0014477256915249 0.00103399334802444 0.040662626672799
-0.0112549197302888 0.000129578416578139 0.195214839478677 -0.195106527279767
-0.0091832220484358 0.00669997399075302 -0.032022842912479 -0.468705153935711
0.00455683636740007 0.00538222086800308 -0.41061720103407 -0.209814530042503
-0.00622521359310542 0.00704575256141184 -0.272860635095382 0.244608301769298
-0.0118276525388168 0.00388187828931467 0.0462707559562543 0.258386265588325
-0.0026801190027749 0.00692853427156398 0.13577007412564 0.0869506036408197
0.00146346133804111 0.00414769614803554 0.0731893677824869 -0.0722704146646248
-0.0038233949903068 0.00373343674702685 -0.0642868531380061 0.0508431685686418
-0.0117960021407676 0.0053628871820605 -0.105714773264875 -0.0545765219671966
-0.00656249655270206 -0.0116656356877667 -0.0530890666259126 -0.203163108401385
0.000755020464412098 -0.0117393804493338 0.222999233556458 -0.230539384052092
0.00599936053686241 -0.00996888133303966 0.387720688691716 0.0955514487786859
0.00582440986309813 0.00878615356302633 0.131845587226855 0.400253670714263
-0.0143518964043192 0.00894648388852047 -0.165989426193479 0.257977897558736
-0.0132914931126446 -0.00119273116455671 -2.62076264220866E-06 0.0420769798387314
-0.0117265071806183 0.000102287346568693 0.19453714592313 -0.193922334180322
-0.00973390534669588 0.00910588781019573 -0.0320508507789989 -0.467893435103956
0.00430362226507832 0.00660615792754097 -0.409789570031037 -0.20972194329351
-0.00563554128083936 0.00535124251831495 -0.273809227811956 0.244580186570652
-0.0119068934007958 0.000464940667111448 0.0458763835489704 0.259079236803613
-0.00333826249115179 0.00508457827081583 0.136632726339087 0.0879101415619628
0.000713462849708679 0.00448687458702855 0.072043496019463 -0.0724579685141812
-0.003205318981682 0.00456916973627345 -0.0642593724849166 0.0500783513019323
-0.0120374831989686 0.00372101942636813 -0.105134611318175 -0.0549041770881001
-0.00672910842619383 -0.0142421713790559 -0.0513614976070584 -0.202686710248297
-0.000106808308317148 -0.01322196031538 0.224588446745391 -0.227660837872639
0.00560102780755869 -0.00919719590776304 0.386406888445203 0.100725688925562
0.00488082467226331 0.00959282769749724 0.129487636159063 0.403346835052014
-0.0147314297678803 0.00893677923481776 -0.168123025685807 0.259339160887708
-0.0125126466199009 -0.00181089065780682 -0.000972673737544033 0.0433692968395496
-0.0116131008761754 0.000341084134954615 0.193225272085982 -0.192420933307131
-0.0104325082840528 0.00948399446367776 -0.0335104280645531 -0.465127237400604
0.00407040246425306 0.00757346654480366 -0.411476899906845 -0.206236405331586
-0.00641181970826852 0.00370718302767361 -0.2736087080056 0.247274503420801
-0.0110048174178426 -0.0026098488200851 0.0472331978496722 0.260734507144172
-0.00337588775534178 0.0032862298344006 0.13759149358971 0.0880637998062318
0.00097136508047843 0.00496564407257358 0.0724928841447489 -0.0730025622724016
-0.0027247827364458 0.00507626531218868 -0.0637047295356373 0.0487268179681356
-0.0115396499865774 0.00316104592758254 -0.103687296171305 -0.0560871000493061
-0.00666572465785833 -0.015904675594489 -0.0493153550171648 -0.202536172394726
-0.000241785241037024 -0.0139243034809904 0.22662824774249 -0.223217028155245
0.00492427708126802 -0.00920792350990698 0.384218690459625 0.108966985357207
0.00380277129539239 0.00929681347034832 0.122279697961936 0.408755216163047
-0.0148144257513137 0.0076236049458173 -0.171164157323426 0.260421946411005
-0.0115642576908289 -0.00218322377151621 -0.00199737921082749 0.0438086395141094
-0.0112182773474517 -0.000720229292452768 0.190361802851483 -0.192273412473582
-0.0111768573686323 0.00976292232574912 -0.0395266593164767 -0.461082106179938
0.00331814505851387 0.00736822171482255 -0.414682144456175 -0.198286036802963
-0.00717111465760948 0.00247081807148734 -0.270850381476527 0.252710968789061
-0.0106071663406565 -0.0048427876643124 0.049395162017155 0.259913708594901
-0.00219180747636446 0.00241240955600621 0.13868885627368 0.0868086915512136
0.0026069430034448 0.00546223550679409 0.0732995401375176 -0.0738337963544927
-0.00112371710217514 0.00531783457999499 -0.0615452549973213 0.0479847025411002
-0.0102600875358363 0.00266587679010239 -0.101375913877193 -0.0577824670672239
-0.00577982434833227 -0.0162044643611502 -0.0463153745397674 -0.203675677079428
-0.000792441910363402 -0.0145319867064708 0.229943207806241 -0.217572153486117
0.00374397305600736 -0.0094120994997602 0.381569829950203 0.118732672894085
0.0028230681747397 0.00782837634478497 0.114655713437796 0.414143715109595
-0.0140031783330466 0.00610455174984013 -0.176604358387481 0.259247502883153
-0.0107312603624858 -0.0034803242802784 -0.00226529458513051 0.0440748245819868
-0.0104524179602254 -0.00200769268018728 0.188327237911713 -0.192852889340981
-0.011666923771585 0.00824130076876919 -0.0482520750085035 -0.458215299466969
0.00204698312152311 0.00703080914914389 -0.417535994654581 -0.187969277414083
-0.00770952944986711 0.00204022649680697 -0.267185939755308 0.259504002494366
-0.0104399924575503 -0.00555561139535291 0.05323223756561 0.259789093599222
-0.000969904207618385 0.00179581971334659 0.14055504686069 0.0846703184875272
0.00453102373838098 0.00625999626779428 0.074636723007146 -0.0755007903423144
0.000635644734324913 0.00604410024263117 -0.0597103298397491 0.0465424137222844
-0.00926713023582733 0.00332292519490441 -0.0996831976684689 -0.0595564635230435
-0.00499915415781436 -0.0156214073965811 -0.0412720972361019 -0.204425796000256
-0.000996676361747852 -0.0140217700255177 0.23329496051003 -0.212918149892191
0.00325470110244583 -0.0105794249928079 0.378871303076658 0.129854900489102
0.00253959471693571 0.00552616899050399 0.10619015285259 0.418958071373789
-0.0132969634553871 0.00471369461068173 -0.180530954445206 0.257768333212748
-0.00982877344969831 -0.00474565048563054 -0.00218584623440543 0.044260996515102
-0.00998338650706622 -0.0032896413989749 0.184725073237231 -0.194381519333979
-0.0120052746575226 0.00614733617714711 -0.0564047548147341 -0.453815959205976
0.000589311179044848 0.00589484807354641 -0.422088992458097 -0.176952025064887
-0.00890982610863812 0.00274338516070765 -0.262646745285805 0.265893081744367
-0.00943625421197026 -0.00430006916759264 0.0580607963230201 0.258877221074991
0.00101352857874339 0.00247659919756467 0.142663388860948 0.0819865908838579
0.006376265388284 0.00716096217542929 0.075612430191846 -0.0768384533689968
0.00288129388991245 0.00696452140729217 -0.0580613347351098 0.0459440313682134
-0.00742407966276727 0.0042313991940583 -0.0974694573758868 -0.0618492356543962
-0.00424496388704576 -0.0142619439874268 -0.0380092470190551 -0.205857468786038
-0.00139554421945729 -0.0126115143072227 0.237580370245475 -0.207880929892235
0.00257838667835659 -0.0115761294107786 0.37664764291956 0.137562485178805
0.00170171810609175 0.00298395587546698 0.0981829468865213 0.422783363358
-0.0124320694061931 0.00271720141510153 -0.183931085755261 0.257114837331297
-0.00826137999079744 -0.00567534595879234 -0.00195119539855887 0.0440319898896085
-0.00902863216772067 -0.00495710307369651 0.182302367217326 -0.196600646609755
-0.0123460093551545 0.00363872984241783 -0.0656247857259747 -0.45010731698319
-0.00147209267872798 0.00431552870418171 -0.426038473335931 -0.164419352840683
-0.00906563018516462 0.00409795031523299 -0.257838035007222 0.270207864366334
-0.00937005600228213 -0.00231496509352096 0.0615753917006147 0.257591498180391
0.00218678076362779 0.00356901557480832 0.144334254531648 0.0795523209201611
0.00835849426387853 0.00767154137693389 0.0773513944717312 -0.0777442701762078
-0.00209111989432956 0.00325894118381606 -0.063614704725192 0.0503940543289351
-0.00986409177256322 0.00891947630066482 -0.103598993238895 -0.0560318987056488
-0.00602290589623682 -0.00587144771080905 -0.0472634309542376 -0.204702516482773
0.00166863824406965 -0.00767723379227782 0.22592913676663 -0.227588107068761
0.00585536054518471 -0.012001005811035 0.382751258880226 0.100939817561533
0.0056429441274198 0.00405304780207401 0.123681194964052 0.39705800906427
-0.012298527506245 0.00668164662462456 -0.166979574076659 0.251134572835615
-0.0123500874294311 -0.00196849955923297 0.00254115893490799 0.0392032327761624
-0.0102757895703396 -0.00111067147085399 0.194262178630356 -0.194542792334129
-0.00868093481224407 0.00379521805834709 -0.0346051146452955 -0.465552683696272
0.00341041192082718 0.00318153123078198 -0.407493099066639 -0.206708845972837
-0.00577247566380073 0.00927814825988687 -0.268078778693067 0.242364787532315
-0.0109948654051773 0.00730414361947647 0.0466959358992436 0.254653215070943
-0.00221135238253339 0.0089931922109613 0.135512244417225 0.0858722694606746
0.00235192800981513 0.00397300987390534 0.0736517914105374 -0.0708715489201809
-0.00352322829875477 0.00347368325234994 -0.0646334279134541 0.0501330169477907
-0.0109697726182211 0.00679258571342312 -0.10486869358367 -0.0546304387275811
-0.00687994636262002 -0.00861861496508032 -0.0497382324942239 -0.202466734799155
0.00139617425766981 -0.00959839592853624 0.22383084231663 -0.229421390248086
0.00615409089099418 -0.0109559827671985 0.384514592284035 0.0967989228688961
0.00553102266556308 0.00661610968301859 0.128021634254508 0.395321342086713
-0.0134644995164086 0.00817559690322731 -0.165326071204511 0.252405639957402
-0.012878743425219 -0.00128038365965879 0.000995829393529964 0.0404266419244334
-0.0112282561882748 -1.25462202629359E-05 0.19420400470872 -0.191018281482796
-0.00939215170460891 0.00649054950161076 -0.029415562535051 -0.464841118814289
0.00437019726584076 0.00492457494884035 -0.405582908400831 -0.209575191931357
-0.00575352255592839 0.00719275880989778 -0.271240540592399 0.240525657672944
-0.0115102929733205 0.00362347132706908 0.0442810810346829 0.255606343256292
-0.00311553576471657 0.00712078315080783 0.134944211789352 0.0871331942047527
0.00122059079255586 0.00401334884929325 0.07287833723145 -0.0713736089941914
-0.00326842458022301 0.0034960025467567 -0.0647172044168955 0.049601984098065
-0.0114419537127781 0.00552557869092774 -0.104627876353643 -0.0542716957949819
-0.00722228860384373 -0.0115596146860711 -0.0504531475758404 -0.201363626271065
0.000418384286262724 -0.0115840835253406 0.222725074234392 -0.227060091572687
0.00628697582548403 -0.00945982828024591 0.383626140010011 0.0970066654022186
0.005307712009756 0.00871563398546141 0.128476302903443 0.397109778834091
-0.013916164635911 0.00875588815356543 -0.165486412066676 0.254014422211497
-0.0129489818651026 -0.00107988580331495 0.000243109223128965 0.0416785710345317
-0.0114352838938284 0.000632203927640625 0.193982219277785 -0.190368277125829
-0.00953013464334895 0.00878580624540112 -0.0284331588481537 -0.46356518965956
0.00441780969314511 0.00673293245155317 -0.405302051898711 -0.20988576139352
-0.00570212734317454 0.00517828863411096 -0.271813838838587 0.241061340725646
-0.0114303291535835 -0.000110781738725475 0.0444079637632273 0.257025629873451
-0.00283472305280698 0.00516585944967332 0.135031313985679 0.0875904998183154
0.00103875861619202 0.00418784363192992 0.0723022518928682 -0.0716146449292565
-0.00333806986501613 0.00434605432978358 -0.0644055833671259 0.0490048919298275
-0.0110979982784606 0.00415695061969591 -0.104393908874214 -0.0547599165783956
-0.00718193401582642 -0.014054289976556 -0.0495292380653508 -0.200879841282186
0.000263581828499898 -0.0129228008912023 0.223826344372394 -0.224525528403383
0.00594763096485429 -0.00922730221150623 0.381102050426913 0.101838064864102
0.00408640262869211 0.00951162937105958 0.125752426601671 0.399852197527894
-0.0145297039675467 0.00898805660776851 -0.167607692584077 0.255486168946808
-0.0124223701353791 -0.00194364720689585 -0.00169516689349932 0.0429284954806898
-0.0114986106887088 0.000373996618523119 0.192182969050441 -0.188490577033691
-0.0105519401317356 0.00962920334169928 -0.0311596400528483 -0.46092774400548
0.00420650824981046 0.0073456385943362 -0.407290560947808 -0.206424007177676
-0.0063626391471422 0.00356621772953872 -0.272869661238004 0.243377945853568
-0.0113322411224922 -0.00261269859757624 0.0451778189455427 0.257684766030838
-0.00308829298553146 0.00340066647401014 0.135781552238744 0.0881052801375272
0.00128970913118802 0.00495471802091782 0.0725373956183783 -0.0715766962680519
-0.00273473584424176 0.00494353154805675 -0.0634042173698642 0.0480268342070674
-0.0114860496519935 0.00300924334589855 -0.102618888689906 -0.0555544643177364
-0.00673028349030674 -0.0160252029828893 -0.0470675264276772 -0.201036882350485
-0.000438236969488561 -0.0139031424936534 0.225915954323765 -0.221204979699312
0.0051043407488394 -0.00926266756123628 0.380954749860481 0.109527988676866
0.00364817806489091 0.0090022161726956 0.119412866414239 0.405843060682661
-0.01469252207615 0.00793042036716953 -0.170948157555578 0.256388102994467
-0.0116809578868712 -0.00257383787505748 -0.0018442361433863 0.0437505234223972
-0.0110213499668902 -0.000659919761874579 0.190035019125425 -0.188815022056588
-0.0112537739563158 0.00940287994989303 -0.0369681596309324 -0.458196307742835
0.00359208268729932 0.00727646650067175 -0.409753898912239 -0.198149277112722
-0.00694209408882202 0.00254960755187646 -0.269131709206666 0.249478388609863
-0.0108270268536429 -0.00459975004698557 0.0473269459977647 0.258104314332441
-0.00230520011821318 0.00247563364693484 0.137078920723265 0.086218225916045
0.00267079703470828 0.0055925334029668 0.0734729888693708 -0.0731235949781879
-0.000503381686929399 0.00552183699988255 -0.0619537077813516 0.0465203108768304
-0.0100388973947628 0.00254949635427643 -0.0999920346393134 -0.0577745159617026
-0.00574140050401367 -0.016522487893878 -0.044043553332732 -0.201858077915589
-0.000609454771230886 -0.0142902897217569 0.229483064930502 -0.214536734298962
0.00384503433149036 -0.00912909462129218 0.37771111789065 0.120129297408197
0.00265356949909782 0.00771675695632436 0.111715674234373 0.41005764941835
-0.0141731423187972 0.00650848143663755 -0.175809161675209 0.255708700466671
-0.010699850434646 -0.00338256771408938 -0.00248676778561733 0.044174631157732
-0.0109492891643175 -0.00191739947734812 0.18692818669042 -0.18916520263705
-0.0115552097145913 0.00833025652181903 -0.0451886541268903 -0.453008703542043
0.00163862227649046 0.0069989981086425 -0.412449749834279 -0.187832039884971
-0.0073792352836572 0.00198293392247874 -0.265879729949136 0.254913046138086
-0.0100261798683139 -0.00545952272876444 0.0516470602052344 0.257573276920496
-0.000503343260802633 0.00199768883122961 0.139094986231858 0.0849910135994171
0.00463254610118683 0.00576067405661008 0.0743283222909689 -0.0743559329137213
0.000745031827150297 0.00632839354405421 -0.0603283509314832 0.0458821085720603
-0.00865222504365542 0.00305529526821992 -0.0983692706625004 -0.0595975201796994
-0.00555970450443409 -0.0160316627122264 -0.0398194347154554 -0.202754925671655
-0.0010805705543553 -0.0139044843628224 0.231970277491999 -0.209873289577375
0.00291312086285 -0.0102299368838188 0.374462939776631 0.131762983253935
0.00194448073462094 0.00559442653493386 0.101614305005682 0.415135769879629
-0.0132094860326406 0.00475116898704407 -0.179754937266526 0.253675464846197
-0.00934255861043685 -0.00470196848643495 -0.00279231476631521 0.0443418870932071
-0.0100173363626906 -0.00355940994790382 0.18427846378377 -0.190788677230024
-0.0119116777164192 0.00600758930155605 -0.0547549592360072 -0.449160831080565
0.000306294976261764 0.00543172734481557 -0.416859383983415 -0.175543110606667
-0.00865643311425646 0.00269007589940501 -0.26077588345497 0.261381100162896
-0.00982913674903772 -0.0045821449595103 0.0562614081950125 0.25649579580642
0.000698248542415402 0.00277288432201581 0.141013408418581 0.0822155900119468
0.00645534028940131 0.00651023261285261 0.0753405472063866 -0.0756089724764547
0.0022227983926648 0.00694992674924288 -0.0580653094073762 0.0454504635800941
-0.00700994778869499 0.00437385853724478 -0.0972907546900161 -0.061406312051194
-0.00402516512994231 -0.014412547183374 -0.0358430052733393 -0.204329470177278
-0.000950675357112723 -0.0122950588662859 0.236504830241025 -0.205563616934265
0.00226009755105953 -0.0115717047534912 0.371285306498092 0.140431456784488
0.00151879867119485 0.00317552382545178 0.0946482800760423 0.419666794668107
-0.0121267916212079 0.00272792594416195 -0.183512690514139 0.25316814384819
-0.00847239718006304 -0.00589414919421158 -0.00180654747917506 0.0439453624202899
-0.00912863713771438 -0.00485832138715163 0.18135285436939 -0.192932272475729
-0.0122597659704982 0.00378754159645003 -0.0630550283444321 -0.446503283232967
-0.00137268918664053 0.0039695310144557 -0.420466040865908 -0.16618370708821
-0.00890173891064589 0.00361526079975482 -0.256638685806359 0.266136876435852
-0.00935429226064451 -0.00153879502186619 0.059698710767167 0.255096294353932
0.00207311653169689 0.0039207204818441 0.142937625134487 0.0801210405370036
0.00829525017290367 0.00772655485591286 0.0777426281605752 -0.0763816128928401
-0.00213899203932365 0.00300195621050033 -0.0643445195056856 0.0490301068899574
-0.0094040253438967 0.00856015327236954 -0.102276922315871 -0.0564548140587067
-0.00655254742543872 -0.00590708321407 -0.0451975291087147 -0.20390433268406
0.00144478318191444 -0.00766302414458749 0.225867416262065 -0.224557301605473
0.00567874890142897 -0.0120387017839745 0.379014984421204 0.104117541759903
0.00540715955968665 0.00459044457901734 0.119351924341314 0.394212280138344
-0.012855543728472 0.00718169860956739 -0.167325788377486 0.24690584937887
-0.0120715959938341 -0.00205008889468305 0.00155512378273126 0.0398176540692451
-0.00952709282294356 -0.000645529629815286 0.193861444293771 -0.191184753805469
-0.00881198951420073 0.00424404441146604 -0.0306617155899616 -0.462421050803871
0.0031324938709189 0.00309483842623101 -0.402499293315587 -0.207785737100127
-0.00539189998983999 0.00889800972970611 -0.267992018984218 0.238554664986976
-0.0112008778892625 0.00760735577994863 0.0447759333753174 0.253298194148352
-0.00194380843099604 0.00854761030754095 0.133785685802628 0.086267606606058
0.00202937652802705 0.00433593276853787 0.074563149082746 -0.0705646724638358
-0.00338622141720745 0.00313942266254852 -0.0651553978049161 0.0494055103151336
-0.0106973507072366 0.00682415977713706 -0.103910851788368 -0.0549565227803872
-0.00699202949333353 -0.00899421418089399 -0.0474014963519088 -0.201294505983982
0.00190810743742793 -0.00979067147994795 0.224197063287725 -0.225646864117295
0.00640790514895489 -0.0107111918804347 0.379628760224763 0.0990820847757981
0.00557879996040879 0.00643244616327114 0.123142359677699 0.393508624413103
-0.0132018777591565 0.0084905387692572 -0.165499600858381 0.248998738897716
-0.0127098843445646 -0.00158089165713121 0.000585561205696272 0.040661506834121
-0.0107264952738712 0.000342190532556842 0.193934925238966 -0.187940234807145
-0.00928377865414959 0.00686052646953564 -0.0256990469493986 -0.461368808888331
0.0039601328001072 0.00481490801810006 -0.402246180910018 -0.211625800417241
-0.00579310157317667 0.00696925869492514 -0.270685631242214 0.236950103883344
-0.0113626917793418 0.00364424838096023 0.0424277346874008 0.254375155131174
-0.00289186423999097 0.00651661933918434 0.133643046206504 0.087553204135817
0.000911754774842402 0.00423960894550014 0.0731790138366114 -0.0700666519943423
-0.00339452500005054 0.00336138537960128 -0.0653306268964144 0.0488253529016959
-0.0111173650544665 0.00532618406475931 -0.103667633661396 -0.0546178270660765
-0.006995331910344 -0.0116302306088135 -0.0483161196537173 -0.200815217508659
0.000911132806907309 -0.0116461208612553 0.222535708935438 -0.223865766093662
0.00560517382691756 -0.00945096855694662 0.380926919831749 0.0993151478512257
0.00498392487879228 0.00842041494579529 0.123766687421611 0.39574997686241
-0.0138459345326615 0.00929765436741301 -0.166313603405126 0.250797928001426
-0.0126265363463882 -0.00131754038414827 -0.000276909772353881 0.0414522679117281
-0.0112779541272866 0.000708500452893833 0.193125603352303 -0.186340549417161
-0.00999214889971343 0.00925226552911345 -0.0247547265294983 -0.45946480781759
0.00429074813015631 0.00623555976584663 -0.401909888004705 -0.211651746141806
-0.00532044613132457 0.00492746280390016 -0.270813523238631 0.237290691693808
-0.0112145760134942 0.000410672228786035 0.0422695678655437 0.255639792050193
-0.00295136424240927 0.00440816291909203 0.133103717783159 0.0884510295520624
0.000789729217006725 0.00447283644109286 0.0733599360762123 -0.0701492389080771
-0.003223331492543 0.00375117523410621 -0.0651367213262783 0.0480333494934394
-0.0113690454574199 0.00382024662593938 -0.102667121995344 -0.0551148680864852
-0.00690144844488717 -0.0139813263945266 -0.0474242185775146 -0.200280139908072
0.000531877870628107 -0.0133128159946572 0.223730377214685 -0.221571552607927
0.00543271433689854 -0.00929577415296014 0.378214789208515 0.1038353460255
0.0044162647365454 0.00952602099014723 0.121176141050321 0.398705873977241
-0.0141372006808496 0.00858885920433808 -0.167915551411349 0.252141631172233
-0.0126803594942862 -0.00197953900582188 -0.00178998372375692 0.0425974051869504
-0.0111818314899862 0.000222471583417505 0.192377713248514 -0.184659342480001
-0.0108492637357446 0.00995236905365222 -0.0263837443625438 -0.456713119595371
0.00400059457020296 0.00755536333868519 -0.402131796137623 -0.206873407067999
-0.00616808722813196 0.00340016666469228 -0.2724402503602 0.23983862872106
-0.0111655638336819 -0.00294230140144728 0.0430962968308091 0.25621916049849
-0.00249447405051805 0.00359568487452748 0.134290917629787 0.0887064058541381
0.000843149044864567 0.00465264480879755 0.0730326344168358 -0.0702995706273184
-0.00236844513059901 0.00476920333475648 -0.063960001241133 0.046753606307663
-0.0107487570732693 0.00296777994045297 -0.100994313649146 -0.0561166585585492
-0.00653933703924536 -0.0158218598296064 -0.0449883535157916 -0.2000704919599
-0.000231654745098756 -0.0140643670524486 0.225133323469912 -0.218028060206926
0.00441629979667192 -0.009137156015326 0.377206342666848 0.11144425765031
0.00317235116525587 0.00930385047682565 0.116237362736176 0.401998484638344
-0.0145036629824443 0.00790025613265561 -0.17184855542114 0.252101854057708
-0.0115879466183678 -0.00224722238258336 -0.00248780952127099 0.0434489837133943
-0.0109992919340068 -0.00105579483873453 0.189548442772012 -0.185039216560718
-0.0108243337796826 0.00951592756583608 -0.0338116175524976 -0.453628047696787
0.00310732233462254 0.00718884826314463 -0.404854246819764 -0.199821952250445
-0.00649722160994044 0.00251666101565531 -0.268866829711637 0.245119439153124
-0.010771962473288 -0.00455863841555746 0.0458052933458448 0.256996055040871
-0.00181771716313255 0.00231162905975674 0.136104523059506 0.0874409254343147
0.00219918347641133 0.00494857940313037 0.074001692163043 -0.0715128037912543
-0.000961683912089624 0.00516292465047032 -0.0625981537124599 0.0458342614577836
-0.00980104755542109 0.00271668644337859 -0.0985136229767067 -0.0574644422321099
-0.00603957029298183 -0.0168005709046584 -0.0416095446479207 -0.200826998045833
-0.000580960385022546 -0.0140990887901049 0.229194645488208 -0.213092616341606
0.00386121468358745 -0.00923105016785853 0.37303685464415 0.12216563590241
0.00256751429413557 0.00771033144479393 0.106884904766003 0.408206348363429
-0.0139091538104834 0.00581018151303686 -0.176721571899955 0.251378170582395
-0.0106233507379129 -0.00338246240001728 -0.00270326982767716 0.043578352809491
-0.0104568662503859 -0.00163827243915928 0.187554182941413 -0.185180278219328
-0.011850564814774 0.00801387777020527 -0.0416084529778024 -0.449628043628195
0.00151064053859922 0.00667897595380415 -0.408237058979959 -0.189028943729823
-0.0077178091958848 0.00221631509982506 -0.265213149330791 0.251132841491622
-0.0103311810337471 -0.00530905419177262 0.0498506444640764 0.256199880173059
-0.000912522524919131 0.00182182675226657 0.137767811808772 0.0852250893719977
0.00435426170068569 0.00589338475586384 0.0749881638537532 -0.0726074617806394
0.000629537249229189 0.00587888438635598 -0.0608677939057413 0.0449701060925639
-0.00843209364197977 0.00318362780788103 -0.0976646061254361 -0.0597017221887558
-0.00495690258088557 -0.0161218574265354 -0.0378844217713137 -0.201954901137205
-0.000734599830268888 -0.0137133706920479 0.232136066909984 -0.207701357370325
0.00314803795949378 -0.00977070240759619 0.36913016073265 0.132925906041431
0.00162004890145324 0.00524117205223785 0.0992617439023235 0.412755999424647
-0.0129544707154433 0.00467661364747126 -0.179923450848579 0.25052420256702
-0.00928268148281599 -0.00444094622696845 -0.00302792739636691 0.044169600800125
-0.00929753442733363 -0.0039397502633086 0.183824139965029 -0.187689245645901
-0.0122865988543167 0.00621751866591596 -0.05167505152719 -0.447374267507381
0.000252320975185846 0.00562908577472295 -0.413165029613398 -0.177692035631875
-0.00844427375182575 0.00267059146624748 -0.260296954967901 0.257087071914886
-0.00959456454023124 -0.00439950824659252 0.0540040320930662 0.254772530557582
0.00071847565910869 0.00226444671122442 0.139836975333912 0.0826746271111955
0.00620975611523453 0.00645163457612193 0.0760864864280541 -0.0739061872740844
0.0023732792492005 0.00682516853340449 -0.0585649453926173 0.0438323247680822
-0.00716853132136706 0.00390187660323798 -0.0958162150758709 -0.0612478275681764
-0.00406396948654111 -0.014385098323416 -0.0337284989607362 -0.203560328621146
-0.000695827019247164 -0.0126124477923867 0.236455142717734 -0.202450857015639
0.0022560090229599 -0.0113179122371794 0.367501954462107 0.14203655883589
0.00135651466491022 0.00269358705315658 0.0899466494728791 0.415824507276629
-0.011755065362929 0.0030537202303499 -0.183209244192552 0.249325196762149
-0.00868199912625312 -0.00566583757712244 -0.00262757228424671 0.0441158811844688
-0.00901954981340007 -0.00499688577494872 0.181210977697914 -0.189785474928237
-0.0124603202906367 0.003644179161107 -0.0587532913328365 -0.443924695106075
-0.00172539985832995 0.00395173266419703 -0.416313296053616 -0.16743358374531
-0.00912071646339177 0.00447066213944563 -0.256438710892567 0.262845734845297
-0.00899113878708618 -0.00192877585792699 0.0575273704234632 0.253551535613867
0.00243922160744181 0.00385158030237676 0.141629629174218 0.0805165090450002
0.00801921123551014 0.00689097381227739 0.077997064972119 -0.0755753411749477
-0.00231856453805646 0.00304424132666737 -0.0646129626258229 0.0477388957078221
-0.00990783942100932 0.00811790019305618 -0.101700472630567 -0.0564334400477634
-0.00625240836412859 -0.00566087792673479 -0.0424892939413447 -0.20370875140231
0.0018781862224693 -0.0078347593897488 0.227552612196714 -0.222167333519944
0.00571185768067487 -0.011424121155532 0.375215044272527 0.106254824610935
0.00513494734044992 0.00422466055550347 0.11436314318816 0.393283336705496
-0.0122764363246005 0.00704831020143409 -0.169269704961006 0.243323985286822
-0.012422311790983 -0.00197076282580638 0.00139138976590735 0.0398467796040223
-0.00961437916790069 -0.000663192226665127 0.194552020370308 -0.186872256353806
-0.00908353374165367 0.00378631573832101 -0.0261595592515968 -0.458928114500835
0.00274579125554666 0.00315274665241669 -0.398456973532497 -0.21072733160265
-0.00554825757839354 0.00880935775024446 -0.268104594609546 0.235221603542613
-0.0112835793751292 0.00735670535022147 0.0420676388364316 0.252079913314425
-0.00188744447904509 0.00860536077963855 0.132569606279053 0.087296077154149
0.00206351181210163 0.00405146906426007 0.0753886914459664 -0.0691475732511284
-0.0030817532388281 0.00312975065766653 -0.0663687859597886 0.0484869211668152
-0.0106115819725429 0.00640214788868224 -0.102743997977319 -0.0554809990907999
-0.00723924343941191 -0.0090356839705887 -0.0445097911328268 -0.202080784279303
0.00161521204481118 -0.00982950423058405 0.224562681626115 -0.222998737027133
0.00593511411411297 -0.0104641010415969 0.376341555737228 0.101817418501765
0.00485855101119602 0.00654507432007787 0.118944027704649 0.392337886112023
-0.0133762958007872 0.00834458386659626 -0.167514190517648 0.245563634187497
-0.0121640538695512 -0.00150733059568332 -4.36426302373762E-05 0.0407611582699915
-0.0110764313703862 3.43243904431375E-05 0.194986926560998 -0.184206090768927
-0.00965177071957353 0.00659710752852452 -0.0211793511987318 -0.459236162224663
0.00322966005443214 0.0049971931467555 -0.397319023972721 -0.215406177681491
-0.00535986280158518 0.00686701935578848 -0.271015103447905 0.232450614790471
-0.0117037632133833 0.0036986100032377 0.039728197584006 0.253683960343266
-0.00291302518072035 0.00650176865033664 0.132305885645138 0.0889170370029896
0.000860036364621905 0.00366433653238428 0.0740527885368708 -0.0689522894820609
-0.00355099100009186 0.00304107261921292 -0.0662009011383709 0.0478450183822294
-0.0109512056866991 0.00500286185364174 -0.102619701104023 -0.054969650821336
-0.00696752922181719 -0.0113735747380978 -0.0455314968165248 -0.200630348973791
0.00141790995578655 -0.0115674410647604 0.2237929581881 -0.222382761400674
0.00566808067456981 -0.00972852304795889 0.376409951719969 0.102457625149309
0.00456218624977569 0.00866016021883852 0.119736604914475 0.394075955043338
-0.013860481440742 0.0087728543148863 -0.167841053005548 0.247248474065665
-0.0126652184162091 -0.00136352552632073 -0.00090869350360128 0.0417106080707885
-0.0111825545650286 0.000797428245326126 0.193548083675305 -0.182844882133764
-0.00987216520818252 0.00879034405666225 -0.0212241702437284 -0.458421443828249
0.00375209250645248 0.00624621076181173 -0.396899251485709 -0.213717405921798
-0.00572577214847306 0.00473974282676975 -0.272392489438825 0.233340916445555
-0.0117315397861851 0.000187635270138585 0.0397868428743026 0.254500082371855
-0.00282480600556546 0.00446437366743773 0.13249028402135 0.08962677166799
0.000712274607175658 0.00359506198254505 0.0731328710136664 -0.0691920112462224
-0.00280820212243504 0.00372465171540754 -0.0656509450749213 0.0471193585133272
-0.0112601068954837 0.00358523947777202 -0.103008428509349 -0.0551550243154289
-0.00725286378349622 -0.0142406993005722 -0.0447502410630635 -0.199806576503806
0.000350717318957923 -0.0130540086264576 0.224356897089872 -0.219377844211501
0.00528047593186024 -0.00903289246344921 0.375287345760513 0.107400014954601
0.00375076299879466 0.00910762795123791 0.116821405483125 0.397484520512397
-0.0139308012003848 0.00869159742523103 -0.169734698884932 0.249110589333634
-0.0125691366447822 -0.00167265729144286 -0.0024247789058915 0.0428871832791987
-0.0114349174541963 0.00048480136931963 0.192351658374964 -0.181501611068183
-0.0111551695743649 0.00940591465145336 -0.0231353756801433 -0.454781085009338
0.00391941336305505 0.00692764513685553 -0.398310907932455 -0.210579801578225
-0.00629032051992076 0.0033746686666602 -0.272233578879933 0.236117703070229
-0.0110034353141951 -0.00304727928098607 0.0402559038891645 0.254891438243666
-0.00287297872525752 0.00306748021319603 0.133340233809514 0.0894230703672793
0.00115205563032366 0.00412660536489904 0.0736902441403443 -0.0691534262653331
-0.00240492478980227 0.00460700444654522 -0.0652217392867456 0.0461837740540647
-0.0107992341639259 0.00308865569401892 -0.100555961022977 -0.0566087939164917
-0.00686272446303451 -0.0159462601610501 -0.042687036144291 -0.199979483751795
0.000108905053486301 -0.0142584988734462 0.226586319206995 -0.215344705201892
0.00490220010370363 -0.0088369345054848 0.374387216293189 0.11448608583939
0.00277434834443488 0.00895619932421455 0.111274342963323 0.40109676645866
-0.0137843940162234 0.00797739629385178 -0.172862803619636 0.249184671083363
-0.0112199194935657 -0.00261535828275391 -0.00307607069578942 0.0434300989878315
-0.0108265110032573 -0.000745663848987636 0.190222634609599 -0.181754030680631
-0.0111643780801526 0.00928083604195135 -0.0292535542646661 -0.452023969198292
0.0028592433121411 0.0069046458365747 -0.400673865350605 -0.203346814077652
-0.00636786185845666 0.00247794950232527 -0.269694827554448 0.24127187767378
-0.0105139410835687 -0.00379569721272779 0.0433975153382229 0.255169018846371
-0.00236469909039209 0.00196488412576602 0.135357804693231 0.0881820601989466
0.00210151605355964 0.00466806471406796 0.0747160010522667 -0.0706480642731251
-0.000777844028581013 0.00493137163544453 -0.0634627212238819 0.0449892304285648
-0.0094952721270598 0.00235447372574452 -0.0982996949390191 -0.0584890449369972
-0.00610466172818498 -0.0167316996630376 -0.0392955012061047 -0.201072792436189
-0.000265341495263219 -0.0145354072437707 0.230462951902841 -0.209420157411093
0.00382067956943205 -0.00886558779318709 0.369641049062768 0.125226180748692
0.00204736997544203 0.0074001257631284 0.103412704639824 0.405855217483095
-0.0135471282327966 0.00616678676907813 -0.177725528711653 0.247283925276741
-0.0105293247028776 -0.00347271326841141 -0.00313020270474766 0.0438705251741801
-0.010407618797774 -0.00182437443410228 0.187683818232707 -0.181662760594843
-0.0114706863032241 0.00825042955286139 -0.0359579464599683 -0.448012843667982
0.00127757534676946 0.00635230480507668 -0.40538857706067 -0.191353984947286
-0.00770336874679586 0.00175363746646081 -0.265972114206971 0.247276370094643
-0.00981595480669464 -0.00510978446304882 0.0470279577457561 0.254838715724551
-0.000423667619458397 0.00202894404713056 0.137117396675318 0.0862087324231687
0.00392526123709083 0.00562089303718775 0.0755555159579705 -0.0713159325260764
0.000853581805212445 0.00585614625638746 -0.0613748737402517 0.0440256211309446
-0.00846854276193348 0.00305462182742953 -0.0968049728175356 -0.0601322346291726
-0.00505254120938153 -0.0159136254867959 -0.0356616283351667 -0.201408065633567
-0.000450791962142532 -0.01389155630579 0.233356017573663 -0.204847640189952
0.0028799075523148 -0.00996912548413469 0.367168050366858 0.135515409405622
0.00151786525547353 0.00574576965180656 0.0947155449933348 0.411341797647902
-0.0127629545815366 0.00459444850397632 -0.181515955714474 0.247592279522867
-0.00937488024118008 -0.00440457528250996 -0.00340704979648821 0.044014044768719
-0.00946029373798887 -0.00343444115487027 0.184876967037911 -0.183508890293816
-0.0121030791138361 0.00605640909277455 -0.0458513891053638 -0.443976201710451
-0.000207781883241536 0.00514016175111651 -0.408735983837319 -0.180881784811431
-0.00799865941223297 0.00276699488259586 -0.26155557813858 0.253627633629431
-0.00953408258996775 -0.00404907191740622 0.0513493912499357 0.253794518328629
0.000689146357739859 0.00188537129852724 0.138864459330096 0.0832081146971363
0.00604793190037388 0.00637794597488698 0.0768346226991505 -0.0729229104285382
0.00279567318952015 0.00626521925404976 -0.0591862580248503 0.0431478545464236
-0.00681012917438851 0.00381399145393423 -0.0950578099580732 -0.0622827250354661
-0.00461268523460484 -0.0145751673810906 -0.0314477333850255 -0.203100350846581
-0.000523170160820769 -0.0126016624429412 0.237161046748276 -0.199530212092846
0.00213616660196077 -0.0114448464141534 0.364101965295328 0.143473546101899
0.00085998794505499 0.00229589791259068 0.0860815292821502 0.414271171107873
-0.0116590527708834 0.00256325291588671 -0.184700771893606 0.245711143466853
-0.00798453799492192 -0.00546808633024851 -0.00269582985156258 0.0437443806374942
-0.00900625949080046 -0.00483347088604843 0.181951541782057 -0.186542035324494
-0.012752610618957 0.00302261868332405 -0.0544060468465899 -0.44140420137798
-0.00206353853523029 0.0041832058296069 -0.41355774137347 -0.170812949438676
-0.00884564778276068 0.00396879702761812 -0.256510931150555 0.259212231308943
-0.00958296506359661 -0.00181505436055053 0.0551956328573453 0.252694063868299
0.00209569071338333 0.00339258306903994 0.140957652437608 0.0811501601702243
0.00776176598760723 0.00712368534034457 0.0790985869614525 -0.0741697819324597
-0.00219990309782809 0.00292653801567732 -0.0661091867185298 0.0474240291104232
-0.00977584386069709 0.00817068429011447 -0.101371342360704 -0.0573781655159955
-0.00673023716572588 -0.00593127461370381 -0.0403808792010847 -0.204129161037073
0.0020007305194672 -0.00811554002053292 0.228606577672072 -0.220046105329222
0.00558732838303804 -0.011632020273656 0.37351711012787 0.109308493702234
0.00486561428601633 0.00403584054217149 0.111050608814863 0.392986608751144
-0.0125827195086822 0.0065470887364046 -0.17024666072161 0.240662303759247
-0.0117544983714457 -0.00196749332240728 0.000914240667122506 0.0395461577776011
-0.00980521022979551 -0.000922948601624073 0.196226516486898 -0.183843228398062
-0.00964566882657088 0.00424005058087688 -0.0216981205477559 -0.458267814453208
0.00302377342990914 0.00303854333771598 -0.395228462496514 -0.214018001186992
-0.00562802860655432 0.00904834212929113 -0.269916797304766 0.232279313332959
-0.0113148657258031 0.0072894293853499 0.0396608343866219 0.251358417592054
-0.00208310654880367 0.0080681657854518 0.132182031608117 0.0877721277671581
0.00170708248971038 0.00375403102857954 0.0762668491752245 -0.0684998520322512
-0.00275036030386576 0.00235319812303034 -0.0670745005600185 0.0477656255861664
-0.0105438180567551 0.00617205339739662 -0.102188689605456 -0.056493636127212
-0.00679565877514924 -0.00887877210634553 -0.0419035539359641 -0.201697155319741
0.00156734740915038 -0.00998234611314929 0.226489037363648 -0.220683557227467
0.0060948570914893 -0.0100147822979439 0.373982994734049 0.105188062774088
0.00487848285367975 0.00682480972135798 0.114531400483467 0.391429778603294
-0.013004071283505 0.0082798775295153 -0.168816442686601 0.243185145724492
-0.012264451230578 -0.00121539715319742 -0.000563817273471332 0.0401909119440712
-0.0107980528302607 0.000473198412746258 0.196102049896917 -0.181061448252432
-0.0097604950918166 0.00673803622567018 -0.0172366210625666 -0.458369234874821
0.00335816157813999 0.0050339880091307 -0.39372648078133 -0.217539658809581
-0.00604319823943343 0.00647772869963773 -0.272849490742952 0.229676735517667
-0.0111327040918583 0.00369653563200611 0.0371961891567655 0.252649707882094
-0.00263927228151746 0.00670424573920879 0.131669359657738 0.0894113709456732
0.00084300889186244 0.00365665423499681 0.0752460820749203 -0.0681513501859804
-0.00308888251598816 0.00306336384296887 -0.0670746882219554 0.0470465731486478
-0.0105951201408314 0.00460778359090865 -0.102273877568688 -0.0559656216187197
-0.00709349777257774 -0.0119921393311383 -0.0435863693239365 -0.200753318743684
0.00116980998478925 -0.0117355001163736 0.224990438847958 -0.219797924316079
0.00590487817583154 -0.00957466739303308 0.373728300505268 0.106333691713756
0.00422263916186059 0.00852158561152769 0.115175410076906 0.393668390977767
-0.0134315260834254 0.00854793183946564 -0.169417538065974 0.244842975342431
-0.0125901180206245 -0.00128638113685515 -0.00142831762660006 0.0415126612756841
-0.0107995909687422 0.00048848311465194 0.195055452772681 -0.179626828961056
-0.0104873940854349 0.00844401939320366 -0.0167820905437386 -0.455563516055797
0.00360382861275722 0.00605732421284651 -0.394153205010667 -0.21769687999386
-0.00562831161918089 0.00496522213149826 -0.273199596351418 0.230190400161081
-0.0112215699058425 0.000172146502128277 0.036972536217233 0.253528530269707
-0.00280784799251187 0.00441449183557642 0.131743075770527 0.0904497272921008
0.000520540451860753 0.00416724259837737 0.0752677629749573 -0.0682806254253481
-0.0033434670836459 0.00337407939421183 -0.0662641867460783 0.045832681745254
-0.0112896329703376 0.00351873206043329 -0.101366688567748 -0.0564647115449338
-0.00717114465697149 -0.0143659159965158 -0.0429252105643796 -0.19991983069601
0.000605567393302517 -0.0134276476337779 0.226374359770369 -0.216595534818741
0.00529275311623594 -0.00883086898080901 0.372769197076602 0.110942917366582
0.0032722410978018 0.00935313548790892 0.11391778976615 0.395952152574137
-0.0139422778518282 0.00857953520267948 -0.171162594332304 0.246144774292112
-0.0120336733192732 -0.00171337782219974 -0.00239073559251695 0.0425522609674469
-0.0109124210573491 0.000505407002311573 0.193088712529248 -0.178303464577088
-0.0107511569974064 0.00984789336811441 -0.0180734822897823 -0.452297925129796
0.0033553042609631 0.00662259754568138 -0.396211644841384 -0.213777665940799
-0.00578053786546196 0.00336177780173523 -0.273281810773672 0.233273256131858
-0.0111958858837125 -0.00279857641727974 0.0377986523774902 0.254899200263916
-0.00286285359241231 0.00285899594841243 0.132442945498176 0.0904384240129091
0.000989085937097859 0.00419163449480316 0.0747520131537397 -0.0688628162831488
-0.00237980605976774 0.00425434056768027 -0.0656861749314424 0.0450714919604514
-0.0107388601907858 0.0025326922001689 -0.0997324866351058 -0.0573301069655311
-0.00661650961615573 -0.0159445942625721 -0.0405098931668406 -0.200519594933072
-0.000117694043543062 -0.0140990549592174 0.228201539794912 -0.212571533364191
0.00473802056645225 -0.00877863652701956 0.370418837908219 0.118660218545411
0.00249166078740765 0.00912784541621972 0.107708609127427 0.401194391638663
-0.0137916216813433 0.00804332801984114 -0.174460556122635 0.246325151707167
-0.0114369301250146 -0.00243188865599587 -0.0032530643004098 0.0433411296026581
-0.010581748461496 -0.000662954167388677 0.191681554310352 -0.177956796725851
-0.0115009365363046 0.00943538201185519 -0.0246249556601548 -0.448850440000785
0.00263368893092464 0.00698043072897692 -0.399016298099587 -0.207059183399004
-0.00638974216912061 0.00261441008929604 -0.270769819166956 0.238051524608057
-0.0109271464311776 -0.00443195679178473 0.0409341239571572 0.254362479266728
-0.00203749587211066 0.00168061006632946 0.133863745550275 0.0894905441509816
0.00225059325692455 0.00483535512387462 0.0755583107596305 -0.0697063798645237
-0.000996212170417172 0.00482697490952205 -0.0640253638018715 0.0439158663200867
-0.00962951580164127 0.00247395235746956 -0.098078820790111 -0.0587704299513132
-0.00559229033691477 -0.0168739545434363 -0.0372900869880447 -0.201586971012586
-3.46154017441368E-05 -0.0139233658052508 0.231955807263072 -0.207692458742898
0.00396162439049759 -0.00885219603412667 0.366927965966648 0.128239189142772
0.00158310236715919 0.00766721216537169 0.0977769042940118 0.40648527217757
-0.0136050425931274 0.00605585001655165 -0.179379338745162 0.245500724718248
-0.0101089125013563 -0.00335431954945793 -0.00397013657006992 0.0435274906170251
-0.0100627406267747 -0.00197120406904701 0.189271391365433 -0.178923947564623
-0.0119930088065194 0.00797843186144199 -0.0319962607988438 -0.446381045010853
0.00173910399574253 0.00612577693887742 -0.401976636888261 -0.196866452732192
-0.0073235703402295 0.00205011036939624 -0.266716476306946 0.244011753546271
-0.0104048611856799 -0.00469759072740045 0.0443541287399557 0.254807350669919
-0.00060783159839969 0.00154128422329592 0.135934176344638 0.0875462035576776
0.00419252093652354 0.00537545231594128 0.0765811637207422 -0.0703442218795399
0.000703625542267867 0.00572631206578754 -0.0618938101804018 0.0431004564245827
-0.00774945706637292 0.0026144408021472 -0.0958435875815452 -0.061066720208014
-0.00519373574235977 -0.0159930591998604 -0.032513836732067 -0.201698513174695
-0.000348113479255534 -0.0137776721643617 0.234693727155045 -0.202428517733752
0.00292629420303343 -0.00985612358572564 0.363984902885341 0.137977389476425
0.000948774919387703 0.00545865057594575 0.0895819445031297 0.409400726413781
-0.0123770130593103 0.00450775987958444 -0.182927120082671 0.244501500488516
-0.00898741614044833 -0.0044080534258393 -0.00405196861346118 0.0439954528595196
-0.00915353971469644 -0.00312034618131715 0.185990067159501 -0.181004035203634
-0.0126372904702275 0.00578507512991135 -0.0414769948781859 -0.442414548397713
-0.000366909276310496 0.00518224320863335 -0.405690123187107 -0.183908227029646
-0.00848329309904173 0.00230772796554831 -0.26246986982152 0.250876067970758
-0.00976901336908851 -0.00382254491353697 0.0493043041622794 0.253540522229495
0.000908699968151412 0.00200273754727152 0.138113075894333 0.0852706714467642
0.00584406461943555 0.00649025614544065 0.0780896225055966 -0.0722586555941402
0.00197223850198386 0.00666876057707177 -0.060488164590824 0.0422977087983095
-0.00678182098970967 0.00405339720837917 -0.0934430837190083 -0.0625681792238921
-0.00438913073433972 -0.0142917571921296 -0.0291391307504235 -0.203071031795662
-0.000332359656558273 -0.0125721829937656 0.238111214009568 -0.197543315670775
0.00213164263944836 -0.0113054824362973 0.361183700692641 0.14759392468444
0.000721606238756172 0.00324142240528511 0.0816951878579338 0.413358607341526
-0.0114036210252174 0.00248277377721801 -0.186335266445114 0.242824479406916
-0.00799147067306153 -0.00538757563634175 -0.00320172170206845 0.0440278518285216
-0.00857427156617134 -0.00479041428728323 0.183564988242194 -0.183047553071232
-0.0127743428531988 0.00337403805057435 -0.0498721953940249 -0.441423779232187
-0.0016403509887121 0.00379276512961681 -0.410368011346919 -0.175000002752754
-0.0089253482164228 0.00365065343891183 -0.25809032192534 0.255692845174104
-0.0093465837509817 -0.00214662560023646 0.0528178757127367 0.252504661208676
0.00242179156988773 0.00371709421376496 0.140120298941834 0.0826011909038247
0.00754269709259598 0.00686818434426959 0.0799361823063836 -0.0733051943210939
-0.00249995623975729 0.00252401906851393 -0.0667788606714908 0.0469387870661181
-0.00970774155169909 0.00786145554228269 -0.100649501644708 -0.0585295267661842
-0.00695171662016058 -0.00587492391935201 -0.0379723054719521 -0.204765119526166
0.00220891285887122 -0.00770596763968254 0.230910977773405 -0.217532797580725
0.00574120907856462 -0.011432060561234 0.372145282081194 0.113083360401975
0.00445495019680482 0.00391883101813618 0.107357135364945 0.393500554500507
-0.0122105784333674 0.00681341528664121 -0.172597042173142 0.238893188473486
-0.0116815330247501 -0.00235246265731844 0.000529236560612073 0.0398891787944745
-0.0094811951007888 -0.00124757817736003 0.197606497931254 -0.181065742432769
-0.00915309886534019 0.00411877492118591 -0.0160763094206785 -0.458821405107857
0.00254022197986805 0.0033701288053345 -0.393401999643876 -0.218128646439611
-0.00563989499681187 0.00863656015189332 -0.271424915641712 0.22849074920639
-0.0114761308722895 0.00791685928066773 0.0374100378491263 0.251104197620256
-0.00210142286617305 0.00865656258934019 0.131278639328953 0.0902884755835276
0.00170043300334888 0.00396674888689641 0.0774897814280262 -0.0672823784419552
-0.00340330478664871 0.00246863350889097 -0.0679016759403142 0.0469584811198541
-0.0104003209314861 0.00620303055187879 -0.101793401339031 -0.0569835859425974
-0.00695261308080601 -0.00895072550709949 -0.0404610039532918 -0.203098817409903
0.00195558880828976 -0.00941656534678679 0.228750360358913 -0.219924718414414
0.00590521386458054 -0.0101223148926237 0.373573277104246 0.109291475930021
0.00455961317596408 0.00697841968316758 0.109560421485175 0.392715374909444
-0.0126969681191961 0.0077993993522461 -0.171565650076861 0.240357295437244
-0.0124316715007088 -0.00193415841984155 -0.00054517792830627 0.0410826567956153
-0.0103339431942223 0.000112263468485399 0.197479736417056 -0.178321464663932
-0.00994456478384863 0.00677523540632865 -0.0125832865873844 -0.45704835547149
0.00315872040253231 0.00488922902228935 -0.391361011243876 -0.221810258533187
-0.00568288489932269 0.0063037017573593 -0.274188820380585 0.226461027791463
-0.0112818526914194 0.0037564132486567 0.0349041189057969 0.252718751537619
-0.00275850417709942 0.00606594113589739 0.1305309578988 0.0909300503746692
0.000813706318389953 0.00341302607366278 0.0766030550815664 -0.0671884413487562
-0.00321529880632402 0.00271919622385984 -0.0682723730505063 0.0462263171029819
-0.0108196292545214 0.00462641570852839 -0.101359522712835 -0.05704701329634
-0.0073450219336098 -0.0121233077718136 -0.041117083333512 -0.201523301648944
0.00168287287225905 -0.0115623748101114 0.227261659601863 -0.217625328713175
0.00579581671362932 -0.00915202883515944 0.373219510040351 0.109854046073679
0.00417963934897809 0.00883928310801222 0.111673552996731 0.394453031486666
-0.0137908653382289 0.00880933423144223 -0.171222536277816 0.242411426180425
-0.0126102544634166 -0.00172145283542095 -0.00149855017179947 0.0420464009797991
-0.0111696178245064 0.000768333651730858 0.196578130295537 -0.176656152022663
-0.010170950409983 0.00881655955433949 -0.0120485766834781 -0.45534466986018
0.00339551252384985 0.00620738872454339 -0.391144968407659 -0.220599827988526
-0.005746390080025 0.00437338697838863 -0.275290478505941 0.226767544745502
-0.0109551867139105 0.000165354469327636 0.0345097269052193 0.25381888970602
-0.00299567666140921 0.00421367681589339 0.131258478301637 0.0919843862078755
0.000132617298520739 0.00377210978670735 0.0759764309235778 -0.0671150021233586
-0.00337570775022508 0.00342795733838684 -0.0679802549855997 0.0452958129588394
-0.0112600706957188 0.00313428531407255 -0.100520394687351 -0.0570627682565189
-0.00726923135611024 -0.0145771293761045 -0.0407021471276643 -0.201004974227947
0.00126920508765625 -0.0132052695979355 0.228299121556324 -0.215695768793802
0.00523777121502633 -0.00869432958004624 0.371514813472008 0.114438275521243
0.00312429692026026 0.00882458770066699 0.108537350449704 0.396114892912045
-0.0141641010469313 0.0084991257595082 -0.17364995251309 0.243757171667161
-0.0119087205794967 -0.00183938701498419 -0.00289006336453292 0.0427854948493896
-0.0114724166448489 0.000171555569004949 0.19590879591684 -0.175195919892912
-0.0111980549591581 0.00923845382050285 -0.0128413351049365 -0.452676726922927
0.00348352241832377 0.00658639985398423 -0.393543289269207 -0.216785681007085
-0.00587152702061929 0.00310575649407054 -0.275890038337145 0.229864912675897
-0.0110614645084545 -0.00292646968145777 0.0353947286915577 0.254793801311764
-0.00256139868882615 0.00274498232659223 0.131838127489519 0.0924618699707744
0.000573506719938695 0.0039721879909781 0.0765557405414392 -0.0678152687845578
-0.00230443759817454 0.00443776220729571 -0.06611667590492 0.0439661230425565
-0.0104670816057916 0.00264987920880335 -0.0998976861405693 -0.0582589186459951
-0.00664634825579055 -0.0162512452077449 -0.0380332143596852 -0.200896469472631
0.000334695658923281 -0.0140471738975449 0.230054278522721 -0.211680439611936
0.0047872032331446 -0.00849240851016408 0.368998266194674 0.122418727052516
0.00224921318893554 0.00877449418016061 0.102450011711155 0.401887412039949
-0.01379795398404 0.00748355930103737 -0.177263440448033 0.243803474346449
-0.010930023893066 -0.00241549595392649 -0.00363684686160126 0.0433525989473931
-0.0108777946118536 -0.000458494677500437 0.193341868312075 -0.175361219262062
-0.0116327572282005 0.0089763527698908 -0.0190872967457679 -0.449739702920699
0.00244460127217253 0.0069499629230316 -0.39472433285634 -0.209642809311977
-0.00638813022877358 0.00227657807275293 -0.272652754113911 0.235055978937338
-0.0102806946904851 -0.00474746025408306 0.0381078652099119 0.255173939752147
-0.00174544799261804 0.00203461133284204 0.133211402831631 0.0908970814685523
0.00214326784142544 0.00462194075734811 0.0768791652356977 -0.0685085783833436
-0.00120253952331658 0.00435447639408544 -0.064430462707934 0.0438100738402329
-0.00911571452925802 0.00211533600335065 -0.0974476567957105 -0.0600013727577503
-0.00601153714866475 -0.0167123039789595 -0.0348022301904191 -0.202289176397007
0.000301263409763726 -0.0143050874898345 0.233565624648583 -0.205610866258361
0.00377848909599024 -0.00857654332017222 0.365279900765129 0.132019443848657
0.000920879438490912 0.00733019562810785 0.093445966329582 0.40523923297744
-0.0132720494450998 0.00590323493359181 -0.181653140678865 0.243221038316899
-0.00998766845150398 -0.00390012739128166 -0.00427500962667503 0.0435180642338984
-0.00982728648563054 -0.0020515564209167 0.190668854517977 -0.175950896940952
-0.0122607523167121 0.00823413968546039 -0.0268819698581079 -0.445552773438727
0.00128325521978783 0.00618344167738222 -0.400193782028984 -0.198067411230292
-0.00712081465226196 0.00188567126923418 -0.268812834746152 0.241679668516287
-0.0103123672313479 -0.00519799339990333 0.0420329882727627 0.254760767519033
-0.000738129219765056 0.0015648166165917 0.13540445566946 0.0890942640245522
0.00412939317990913 0.0055173133145653 0.0775839397686536 -0.0701736604965715
0.000724318703547703 0.00530181604971148 -0.0631445321560221 0.0423016224145229
-0.00822565726363858 0.00286275353367204 -0.0952133260462187 -0.0615239993142262
-0.00497223012186612 -0.0163992021883972 -0.0306045164105376 -0.202779446798458
0.000312688677653541 -0.0135866549861046 0.236591886508279 -0.200828678005246
0.0030188592088864 -0.00975704045195844 0.362502359330278 0.142346027495499
0.000622651147195562 0.00551156094669559 0.0854629403619933 0.410262587578006
-0.0127201475195521 0.00441894415122111 -0.185522213194513 0.242114279692055
-0.00882345263366654 -0.00487656917618455 -0.00399902483561853 0.0440497515471154
-0.0093922632567209 -0.00326820723827419 0.187922488343368 -0.177991598578388
-0.0125423879155688 0.00634160655711467 -0.0373175931804492 -0.442900953470973
-0.000346852373285759 0.00518046090562892 -0.404551191417394 -0.187617501398508
-0.00847066085880988 0.00215200366764232 -0.264476492036167 0.24753230888994
-0.00908948159072469 -0.00371692144217268 0.0468323439039793 0.253881084931097
0.00100021214729955 0.00229850724033052 0.137770738948045 0.0861839724140213
0.00563517614254621 0.00619075106664495 0.0789717126651162 -0.0712231442189526
0.00222465859542621 0.00585036354060416 -0.0613687130851096 0.0418549408152198
-0.00708011242233051 0.00363501458275616 -0.0936298060426539 -0.0633348762925586
-0.00415292301832284 -0.014067069754125 -0.0268371605435214 -0.204276928900573
-0.00016933759682442 -0.0124991363981729 0.240663028045831 -0.196177153999016
0.00220448964866807 -0.0111581770729171 0.358901611899998 0.151373593644555
0.000555813291576991 0.00242520091647201 0.0774747588000493 0.41399641490844
-0.011929058774075 0.00270270993365493 -0.189973908983457 0.240604298400295
-0.00818332992337105 -0.00572413576383229 -0.00383682105744714 0.0440795904540867
-0.00839016156911802 -0.00470790069417542 0.184958364234451 -0.180334179333452
-0.0126146982226369 0.00334282440354794 -0.0439805206547917 -0.440343136735608
-0.00205771965539998 0.00360116650978762 -0.407774140188578 -0.179073715736953
-0.00856824850560651 0.00385001208734326 -0.260559362626818 0.25327723398695
-0.00931437246174222 -0.00179932027683137 0.0508137236666098 0.252684213894793
0.00211055632469037 0.00330556980952692 0.13917213992728 0.084383566891582
0.00723079523517169 0.0070545966249339 0.0810330703096351 -0.0722446444401653
-0.00198276698835745 0.00257618213850685 -0.0676199662477826 0.0457821117817641
-0.00921223198899123 0.00759524632987104 -0.099917184071716 -0.0597051983949335
-0.0072642916961427 -0.00641054732706844 -0.0356850795390446 -0.205756378789787
0.00219355823629995 -0.0079894829756058 0.233510024565348 -0.217035435144129
0.00571769178940005 -0.0118023767568054 0.371420370861066 0.118021343111567
0.00399232977463591 0.00381772050910246 0.103085279005604 0.395607525713543
-0.0119411967047956 0.00621447031716839 -0.175177867522291 0.236529052007472
-0.0116792309192457 -0.00177579691527405 0.000240529491775464 0.0399740901310562
-0.00960754627403163 -0.000715178716473642 0.199865151614551 -0.178668221903923
-0.00958209049505331 0.0043550419733136 -0.0121284155976307 -0.458694318362378
0.00260064426874945 0.00296894363340552 -0.391179820039546 -0.222214791322872
-0.00595747504998847 0.00833202166891406 -0.274195069258349 0.226853401409878
-0.0116756155459617 0.00761592156716445 0.0348379692323702 0.252470744440854
-0.00205579614364878 0.00770758264163057 0.131414850302268 0.0920763256629951
0.00197434304764157 0.00345295351041885 0.0791634926426894 -0.0664237382657969
-0.00274099859486846 0.0020695798667042 -0.0690747797015254 0.0464043662612417
-0.0103694292066919 0.00631921434683672 -0.101221132139805 -0.0581494834336842
-0.00738979974478052 -0.00906246771167979 -0.038140516858177 -0.204615141405448
0.00213185608402857 -0.00984183608871087 0.230726551970495 -0.218081105214071
0.00606346223414595 -0.0103786215100677 0.373369712344122 0.113428663739775
0.00430915707730986 0.00657322395243724 0.106946414777714 0.393855587360927
-0.0127231234019563 0.00806600834365017 -0.174039652482543 0.239274724046288
-0.0121871081424947 -0.00184074781648069 -0.00117923359620941 0.0407461231508567
-0.0102302127901711 0.000138664246079548 0.20021329663317 -0.176271106669805
-0.00982684667241685 0.00708287897425531 -0.00703043273375125 -0.457817631135729
0.00331017215412501 0.00459283338625717 -0.390181398823535 -0.226477411185784
-0.00538729189961235 0.00658334531028882 -0.277020794821325 0.224432603240888
-0.0116485854349029 0.00364492756661023 0.0325757389213658 0.25374050136651
-0.00301415159108634 0.00599116831331419 0.13061222050488 0.0928038046771174
0.00071795776958694 0.00338598140620692 0.0778790078232014 -0.0662118269465766
-0.00333620145549261 0.00253511822383307 -0.0691834218225008 0.045544396229766
-0.0109920104197516 0.00481621446596047 -0.101216315262669 -0.0582245721329127
-0.00758959577849648 -0.0123001502234204 -0.039645937874179 -0.203165724390023
0.00177564031255542 -0.0117370321722402 0.229808833437698 -0.217102474719335
0.00596121852479468 -0.00890190781435689 0.372225425805881 0.113982598588874
0.00361281487750156 0.00833441139074577 0.108760392377471 0.395297989691107
-0.0137209322221452 0.00827218473558755 -0.174241290750468 0.240325971413336
-0.0120162894376906 -0.00162102227516674 -0.00238316745805713 0.0419415925981825
-0.0112601602438654 0.000756860465910774 0.199241173675662 -0.174679196767018
-0.0105978112990353 0.00841132985456198 -0.00692122439585038 -0.456608982156426
0.00371833833727832 0.00608771687905172 -0.392268425879161 -0.225224729730702
-0.00525390617196038 0.00451502829646704 -0.277914558445488 0.22432955346857
-0.0114906904016556 8.50038775027364E-05 0.03255962815147 0.255148613716633
-0.00315364300929591 0.00370767758265366 0.130917882691532 0.093715692648317
0.000286893391633077 0.00368514661745276 0.07680677548664 -0.0667062369722381
-0.00287587055937154 0.00307884291629043 -0.0691362297149523 0.0449897655323249
-0.0107074154138149 0.00302910168206498 -0.100691615238413 -0.0577427357412797
-0.00752399046215799 -0.0147778177686353 -0.0378630881984339 -0.203050431255743
0.000964662302199304 -0.0134973532869695 0.230897213714781 -0.214088878692953
0.00544454468417498 -0.00866822280469245 0.37104640691974 0.118371025379739
0.00296400378940617 0.00928507826674965 0.104933321919689 0.398571619398565
-0.0136232019192454 0.00819737336329801 -0.176443658883332 0.241525657489908
-0.0117181813131762 -0.00219012451474046 -0.00378377032912899 0.0427003622530551
-0.0114227249203156 3.26413210702614E-05 0.197763730448892 -0.173474936181478
-0.0115994458449295 0.0094914600358956 -0.00821508903443788 -0.452636161833198
0.00311345607733939 0.00711902473650043 -0.392323123084931 -0.222195591252207
-0.00604809210311915 0.00300381709897054 -0.279040599963889 0.227654318849398
-0.0112865666957995 -0.00264612215936256 0.0330164032444181 0.255721263125253
-0.00269228753741667 0.00276721584912022 0.131240329991834 0.0937143239771049
0.00115952118018587 0.0037944260665087 0.0771079039906473 -0.0666579467016567
-0.00216527988798455 0.00395352900848074 -0.0678070629488891 0.0436044661498758
-0.0102621214758535 0.00284175567893913 -0.098922816473459 -0.0594291814041644
-0.00682881553304192 -0.0165497490162295 -0.0360689129450824 -0.20322683471011
0.000893958245395998 -0.0144596471962578 0.233177361166975 -0.209869005401852
0.00464959498184211 -0.00848752846194949 0.368798725383964 0.125682189016188
0.00166084937608205 0.00875310816114314 0.0999280576065759 0.403173398483672
-0.0138546220540938 0.00713707784927356 -0.179529283116433 0.242047200438738
-0.0110626804159664 -0.00271943381852035 -0.00436740235613164 0.0435777002700447
-0.0112189194398631 -0.000549993815127998 0.195597757701097 -0.173568384854873
-0.0118267238137044 0.00925895314566507 -0.0147049367521548 -0.450551805540576
0.00198579983047951 0.00687548905611919 -0.394229004416477 -0.214607589653287
-0.00677792297764147 0.00201858554773064 -0.275244270324575 0.232555501544975
-0.0107014728728575 -0.00444864295306195 0.0357806665376614 0.256053751142904
-0.00171849327720235 0.00183649834433315 0.133363933164906 0.0926275158720952
0.0021007231833569 0.00408207607350902 0.0777157867089818 -0.0681142503326102
-0.000740521003063157 0.00452659008497684 -0.0660878961078464 0.0426990384001919
-0.00926389196038548 0.00223946983189663 -0.0966271422058752 -0.0611734761894862
-0.0061401949142756 -0.0170619345053128 -0.0322236842141302 -0.203186235495191
0.000261537207568807 -0.0146930023099253 0.236453197337399 -0.204559475736794
0.0040252517553008 -0.0087511021716856 0.364820633624317 0.135811196123194
0.00109251810339242 0.00742417407923355 0.0886883046543949 0.407273072348858
-0.0129049762133844 0.00624946874305933 -0.184160400090638 0.241682563364241
-0.00976827299514594 -0.0034229832484818 -0.00448484909685587 0.0440168733566626
-0.0101452649992408 -0.00172436281572032 0.192967518963963 -0.174117526387053
-0.0125733012220021 0.00826250118647573 -0.0231249907647252 -0.447631072887534
0.000798907897512286 0.00617296534782989 -0.400254111430519 -0.202710036218433
-0.00727479087065326 0.00194710349097764 -0.272085537923416 0.239288198278972
-0.0103766576360405 -0.00484872039685574 0.0398790074723693 0.255790772589904
-0.000643596467902855 0.00162039106809419 0.135224382826669 0.0899553084021258
0.00376312298609121 0.0051045216367544 0.079170869162963 -0.0694046599734611
0.000662644120010548 0.0056482369653354 -0.0644957768872101 0.0416251304591119
-0.00778380491661034 0.00246887895482879 -0.0950221759590344 -0.0632555020017482
-0.00506846977341403 -0.0162187941609064 -0.0282962336451558 -0.203778594679452
0.000270739752723873 -0.0138010228451699 0.238927857623818 -0.199666069037467
0.00342786497412944 -0.00981013235312892 0.361582861661294 0.145893744680558
0.00037812636119913 0.00518939741673285 0.0816097883041624 0.41158788716926
-0.0121728883153785 0.00439849052432172 -0.187783851558696 0.23982633095233
-0.00881839428875383 -0.00467604198378634 -0.00456386454670235 0.0440716914312479
-0.00951116383038524 -0.00359388999153102 0.190069345356348 -0.175672419951415
-0.0125609624698803 0.00574619704056937 -0.0328731558012005 -0.445209122253405
-0.000734390186433245 0.00524566587536913 -0.403462724556984 -0.192201009708732
-0.0079931521261354 0.00258391835887456 -0.267393566687285 0.245767559069654
-0.00955135145053707 -0.00408394912203526 0.0437478409118722 0.254988224618344
0.000618485759105247 0.00183945171134157 0.137133167731416 0.0880442015426488
0.00603613200777983 0.00601873549031301 0.0803050239298117 -0.0703231871955221
0.00258147005591518 0.00605425898802632 -0.0625277950909222 0.0411752951351735
-0.00650281652653279 0.00340914727080197 -0.0932594212157525 -0.0636726213451744
-0.00482029930123252 -0.0146681386819077 -0.0246552638366436 -0.204859326425739
3.93142289060273E-06 -0.0124431252708088 0.243146691917747 -0.194987364363252
0.00240750416112704 -0.0109795196180472 0.358464319522509 0.155014595788181
0.000324285858295742 0.00294465088401254 0.0715771743564657 0.416559476754016
-0.0113142279469818 0.00218148965806071 -0.191329046006433 0.237995704282205
-0.00784832100951352 -0.00548221160194531 -0.00352813997737746 0.0438030357631223
-0.00881737114332273 -0.00502424990987914 0.18766193139336 -0.177942596921554
-0.0128208259561894 0.0035170845745427 -0.0414759352056581 -0.44207980890918
-0.00206028355250612 0.00366810337149538 -0.407660199348109 -0.183847541521382
-0.00876419361983429 0.00380323927304565 -0.263674119589711 0.25112971127172
-0.00906327586724651 -0.0021285884291653 0.0479131513125927 0.253396807666398
0.00235738037681478 0.00335834441671605 0.13944718616279 0.0862387134253147
0.00728743441513208 0.0069381150338704 0.0822363038941516 -0.0717024727294826
-0.00209141749956544 0.00186633717604051 -0.0696848888963404 0.0457409887484612
-0.00970606464630815 0.00771352713893259 -0.100160766937242 -0.0606902473911602
-0.00747259893349997 -0.00606635665840047 -0.0338993026611829 -0.207715316562619
0.00248387467268151 -0.00783156164678094 0.236852663414341 -0.215262852030862
0.00575469822051893 -0.0114297310801613 0.372065767701929 0.121403008933706
0.00398198368637567 0.00411284416000642 0.0991812794995697 0.397624383691918
-0.0119680056072566 0.00649934003721665 -0.17828109038463 0.235978456564903
-0.0116124916373087 -0.00222604833579729 -0.000266859501504208 0.0401712294002663
-0.00969569356171894 -0.00108277727282813 0.201828461536411 -0.176403372455332
-0.00957725365146536 0.00429669186928935 -0.00794596527642239 -0.460422893532951
0.00210127578561585 0.00299937036186852 -0.391252820089242 -0.226252700619492
-0.00592683575119587 0.0087798276459711 -0.277380129657855 0.225495099639668
-0.0115064793264873 0.00767825526581311 0.0324633212971661 0.253234995734193
-0.00236056586634143 0.00810063728340011 0.131576424670878 0.0930410731257704
0.00131985544248148 0.00355107189942864 0.0803445268415044 -0.0659622983126086
-0.00283130527347304 0.00215984325743407 -0.0702894304380643 0.0454622242670218
-0.0102777792205184 0.00594691662224594 -0.101098238161401 -0.0597186597227886
-0.00774218734869136 -0.00895637903561937 -0.0362282499813831 -0.205227553472757
0.0022544216958207 -0.00974845911022615 0.23412790729949 -0.217715817979037
0.00606407595559297 -0.0100056045799701 0.373349938151014 0.117957889628588
0.00408001292858604 0.00695152819401143 0.102350506783703 0.395464552048851
-0.0130123830646256 0.00764666249899374 -0.176161532222358 0.237798274160822
-0.0116185610081438 -0.00145768504916761 -0.00168502568985663 0.0407663248343047
-0.010640227314887 4.73282483224044E-05 0.202103232827432 -0.174148649275928
-0.0103895628796283 0.00679008206899722 -0.00358559238575974 -0.45978497444327
0.00301082263558707 0.00443361563543402 -0.389837760151445 -0.229656514966255
-0.00538180984196002 0.0062238464758715 -0.27993498655598 0.223363165493532
-0.0118698501168486 0.00374059883126315 0.0300944631417181 0.254996484408122
-0.00336212183623126 0.00607504683755253 0.130757857023328 0.0943872291080631
0.000861181104766269 0.00359143362756462 0.079071207601876 -0.0659619885714951
-0.00363494732730841 0.00245355181677803 -0.0705166596791793 0.0450701432063945
-0.0109491778996889 0.00415765605655362 -0.101195685943991 -0.0592311062596431
-0.00784236792244797 -0.0126269447163007 -0.0375609990827269 -0.204459754002708
0.00167440323246553 -0.0115458082739834 0.233038582684739 -0.21678881912424
0.00577452914895278 -0.00927485510294191 0.373389252831429 0.118171090179186
0.0032755377733301 0.00853700824540033 0.104792404552338 0.398041425292883
-0.0135346991891305 0.00833006984513512 -0.177586255577799 0.239482291820051
-0.0122596151234053 -0.00136468499371828 -0.00320035012791019 0.0418882481688621
-0.0108461003529944 0.000492242589391722 0.201613739626093 -0.17212565973418
-0.0108400591910812 0.00850801804225085 -0.00309560316443665 -0.458278979341296
0.00354860726441886 0.00609492572773233 -0.390514518201614 -0.230139516459389
-0.00548129051693188 0.00460050765801989 -0.281051327282754 0.223226682429452
-0.0115147577048156 0.000317284291641668 0.0304067741114873 0.256076812911062
-0.00289728732666176 0.00405504954981045 0.131274592884715 0.0955378946941339
-2.60970557608873E-05 0.00330827132546847 0.0784846316083793 -0.0658131286290815
-0.00297163144486416 0.00317868355386696 -0.0700949479677146 0.0444007572339183
-0.0106692466720747 0.00292804933443316 -0.100755370185425 -0.0591295799487073
-0.00730200535825177 -0.0148737469643725 -0.0362176593601951 -0.203904879380175
0.00131215770307877 -0.0133009193104722 0.234155703447045 -0.213880955028046
0.00560218168849873 -0.00872845592067299 0.371187111997059 0.122686981872246
0.00228939950534588 0.00937141053293081 0.10156991923207 0.401260323947382
-0.0142927520421363 0.00832031364446369 -0.17914829755921 0.24112121457927
-0.0118564902841912 -0.00182960252978991 -0.00373700327562321 0.0432647245589938
-0.011668997221023 0.000391065847373066 0.200210153364305 -0.170801618416151
-0.0114487406365696 0.00949462434299328 -0.00382923948723501 -0.455745781450317
0.00313615190855452 0.00666912583122366 -0.392096943543436 -0.226518323537742
-0.00610044127945511 0.0035810414226774 -0.281060002788471 0.225939990349903
-0.0109481837335758 -0.00264358815516107 0.0308507772287068 0.257284516552889
-0.0023563711481469 0.00219519656019758 0.132044267242025 0.0952012398000613
0.000739735146374628 0.00356752605484994 0.0788408567445368 -0.0664038784308013
-0.0021832497251191 0.00382163378916448 -0.0688360450260845 0.0430810079414424
-0.0105473723191866 0.00218570651569488 -0.099151628369529 -0.0602619830185003
-0.00691809448985261 -0.0166215229648579 -0.0338316755680687 -0.204468677649424
0.00115028097582867 -0.0142918277498453 0.236334620880331 -0.209267891192753
0.00465529761230106 -0.00827155373730647 0.368675388513828 0.129672157626795
0.00138366488740101 0.00888057521891399 0.0954630547841374 0.406339926013338
-0.0140865054514572 0.00711911804549177 -0.183000587075987 0.240860084257297
-0.0107222795712426 -0.00267494205344672 -0.00481971031494643 0.0438539952993911
-0.0110882959175063 -0.000197159755908274 0.198349724153191 -0.171042923118708
-0.0120677703934967 0.00943202293727348 -0.0114031274708936 -0.453255627481961
0.00197894603483635 0.00665874181438307 -0.39526625040884 -0.219277678482834
-0.00611166708754414 0.00200417570672886 -0.278085602994953 0.231086343754676
-0.0102988373253263 -0.00437107578261411 0.0337621339683932 0.25690505975516
-0.00167412622891268 0.00143984286830067 0.133814157029444 0.0938034006299309
0.0024070951329932 0.00430592192249417 0.0793338927458247 -0.0677047720342298
-0.000346728737952575 0.00427484699189429 -0.0672874020425657 0.0420670202324031
-0.00903255571105199 0.00244612793727312 -0.0967747246266602 -0.0619009560099123
-0.00600954068819166 -0.017237013926519 -0.0304014435342207 -0.204739070517778
0.000679658731089146 -0.0142493476298313 0.238765328249442 -0.202836992406376
0.00386685918607207 -0.00890754523006208 0.365088240494682 0.139832038179225
0.000605587768048305 0.00776333101872669 0.0871725186838122 0.409622231675501
-0.0133606235138412 0.00581405090273903 -0.187261347332081 0.239735704409299
-0.00967156879162868 -0.00320730779880641 -0.0049470083665174 0.0444849975399631
-0.0100431341466156 -0.00166202856712146 0.19495012504296 -0.172172973556735
-0.0124829972471855 0.00814291723918604 -0.0203242917283553 -0.449972110720691
0.000826489032867045 0.00662545742297268 -0.399781012498647 -0.208309273206268
-0.00701999555503471 0.00170189983363664 -0.275052015762574 0.237811274708466
-0.0100177930380287 -0.00463775554908083 0.0373902387012033 0.25661580911532
-0.000566420967641753 0.00120207564517928 0.135515568709811 0.0922230663657664
0.00395019409641935 0.00527331872717546 0.0807370765324644 -0.0684047408995197
0.000708187884659345 0.00485716924457043 -0.0658126963958455 0.0414239763013315
-0.00803580404110257 0.002555018096256 -0.0951726868380892 -0.063889997180355
-0.00532881168866868 -0.0168937307344807 -0.0263114302196591 -0.205513042152822
0.000444974418896768 -0.0144361223861338 0.24192087061625 -0.198667534008298
0.00303466716025067 -0.00941870465281888 0.361425959904725 0.1492721845443
2.51509117418108E-05 0.00530833298925471 0.0790037452380512 0.41397512825948
-0.012562298490162 0.00409924657762741 -0.191323010996748 0.239013582010195
-0.00875439622966716 -0.00464561015173857 -0.00468897893502697 0.044153346192824
-0.00951089692328412 -0.00345957120386288 0.192451425312113 -0.173898237757804
-0.0131281185501298 0.00579321579141122 -0.0293219880299539 -0.446243884958839
-0.000719410111213258 0.00481011846945493 -0.403140914943435 -0.197191936282675
-0.00800677801560728 0.00254883938121665 -0.270137314242463 0.244224703826615
-0.00956231649787777 -0.00371204467962798 0.0422753858111731 0.255847460381076
0.000591171674862515 0.00204880039485603 0.138230362880351 0.0899175852064574
0.00527101737416073 0.00613384390649938 0.0819394667539142 -0.0697805859777778
0.00248964704251668 0.00571549501367274 -0.064024153919369 0.0411970793831938
-0.00641431131185975 0.00310284688801193 -0.093119561870454 -0.0655784309658124
-0.0044558899589558 -0.0149684488687344 -0.0220690865257298 -0.206991010597072
0.000565538692278005 -0.0124603002432728 0.246197163259821 -0.194062738061059
0.00216464566854415 -0.0106285641508982 0.35800509699627 0.159263080772156
-6.96228535008261E-05 0.00256519523547766 0.068996055631347 0.418808837928792
-0.0110659682381009 0.0022611504412008 -0.194730504976424 0.237337467054619
-0.00729506515335418 -0.00566234686787647 -0.00459555806718035 0.0439639258878268
-0.00854302168746534 -0.0046301879841914 0.190300967546846 -0.176192871072285
-0.0129456897961357 0.00353064962322913 -0.0365287066696523 -0.444543144819645
-0.00193419384231053 0.00342703727095988 -0.407633443399899 -0.188278458792257
-0.00875682777231427 0.00378905294358855 -0.266438476782943 0.249612379638921
-0.00926641713509245 -0.00159944672721246 0.045750996001349 0.255112827946817
0.00235922368799811 0.00320235967578875 0.139367637491891 0.0876241821674042
0.00776674657889091 0.00661621738235046 0.0836507815985301 -0.0711234493401019
-0.00235534739020556 0.00224022181369829 -0.0707246321926161 0.0450355093267699
-0.00945998202820893 0.00721298931569204 -0.100814875973974 -0.0614573272749961
-0.00740330422189526 -0.00631121854306444 -0.0319326069481446 -0.209952446268738
0.0024414241083641 -0.00834121170697774 0.240508581046754 -0.215832860756712
0.00531640435679099 -0.0113749295357896 0.37317868952452 0.125200295229655
0.00332186773378181 0.00414948843725115 0.09590539841094 0.400080396208736
-0.0124483448860547 0.00645782621659109 -0.181426820855828 0.235606896042144
-0.0115198935697283 -0.0021071617423015 -0.000671032524543286 0.0405205010872678
-0.00955726978571497 -0.00114440494544396 0.205048372705175 -0.175638655353239
-0.0101359060136354 0.00410050711732165 -0.00345656470664703 -0.462764302520496
0.00237405304301321 0.00267464944745422 -0.393252136882288 -0.2319417938272
-0.00559396703245304 0.00836745290816579 -0.28055073022424 0.224129759784948
-0.0124084868795321 0.00758976645637284 0.0311588894092033 0.255822761256327
-0.00211985867124718 0.00763011281108059 0.132495385613362 0.0950335746330859
0.0011788213133777 0.00324472059641537 0.0819869751599862 -0.0657915834160548
-0.00289443715548948 0.00223647222570777 -0.0714848786166099 0.0453205472436111
-0.0106132200428744 0.00584172843615182 -0.101740109335025 -0.0606363669191712
-0.00781152294116369 -0.00936756713409521 -0.0341329018919074 -0.208353085757889
0.00220740428182565 -0.0102570867316012 0.237046034186686 -0.217772925859749
0.00646741584998251 -0.0100158088235118 0.375000048008469 0.122122283514429
0.00360744504876946 0.00666017308458397 0.100234636977287 0.400088362392896
-0.0127525667570749 0.00782327412998809 -0.179885462424823 0.237703047762851
-0.0122692514751217 -0.00156602131727608 -0.00202256357420773 0.0415213365857709
-0.0107282826707884 0.000213510898287059 0.206107360582062 -0.172608008804145
-0.0104825417822854 0.00685073584145438 7.81104336009743E-05 -0.46324592260938
0.00261750635109157 0.00490075168803567 -0.391670296374546 -0.23638410217016
-0.0057845059435249 0.00636856829905429 -0.283161479709287 0.222226546574167
-0.012677523955674 0.003832039790183 0.0289307978184111 0.257744013626011
-0.00337234841156845 0.00596748043722484 0.131347335607798 0.0970039641010427
0.000654990530455247 0.00273431054573137 0.0805266779100817 -0.0651282541971178
-0.00350413496527089 0.00236697313488244 -0.0720155434787171 0.0445549874717684
-0.010972163900515 0.00412798309234856 -0.101871574894061 -0.06020005197379
-0.00805590168544525 -0.0122559417483806 -0.0357200448480395 -0.206734325999399
0.00222948318792231 -0.0120690079510016 0.23639394187511 -0.216445620344135
0.00565679457142934 -0.00921636187607632 0.374667946436565 0.121636853511057
0.00279613066728832 0.00907377223128315 0.101291649081182 0.401371784026037
-0.0133581887939951 0.00836296173144133 -0.180274223869561 0.239053661385781
-0.0122532390522464 -0.0018048274835033 -0.00337807976834635 0.0424337023057561
-0.0108974042128396 0.000580104880014894 0.204852834508249 -0.170246265897378
-0.0109380544884911 0.00901147788498355 0.000521632844917879 -0.461497600975043
0.00330968567696945 0.00587547203594848 -0.390355154111092 -0.235552763135098
-0.0058590729919455 0.00445600577673826 -0.28433316144337 0.222233637778908
-0.0116411599661519 0.000347549739064468 0.0279203119742278 0.257836125603266
-0.00374915431591019 0.0036786616305358 0.131527232488049 0.0971238761904967
0.000161242380796595 0.00361354004503061 0.0806284410660352 -0.0657952682558237
-0.00279893461541454 0.00263258006667614 -0.0720045582334574 0.043623017951683
-0.0109900978575567 0.00307660675876339 -0.100827647666035 -0.0606642192788957
-0.00763713875047589 -0.0147050749981759 -0.0341221358433906 -0.206206874120461
0.00155014481520296 -0.0134886146483835 0.237250191230803 -0.21376957293322
0.00544242001734691 -0.00835362433242591 0.373015634773862 0.125991730428926
0.00180647859951005 0.00936971332897258 0.0980209695006088 0.404288464765491
-0.0137614719399848 0.00832934679764786 -0.182650366521316 0.240879678911313
-0.0115496747999799 -0.00193264629398366 -0.00451618283335126 0.0434442112432982
-0.0111420413723983 0.000233090219537048 0.203557903824127 -0.169521923568434
-0.0117083035229859 0.00978422469197864 -0.00100340505965879 -0.458278565612767
0.00266325251816813 0.00668470274130806 -0.391872040579492 -0.231243748028376
-0.00565871527617422 0.00314950875394852 -0.285355054470615 0.224584089077298
-0.0105743278967572 -0.00230269474007151 0.0286677910392748 0.258502646214218
-0.00280525871987285 0.00204261208285994 0.132634017520357 0.0974478937162948
0.000536707563991899 0.00328264005742407 0.0807152488183526 -0.0661485619896049
-0.00227793891646988 0.00333614574468479 -0.070440410786712 0.0427721681911156
-0.0104694662755676 0.0022206178710543 -0.0994612176091296 -0.0613929964900701
-0.00690972308842636 -0.0170138429519049 -0.0323642526723792 -0.206389209390622
0.000784212203191735 -0.0146565084863602 0.239085254544323 -0.209426003259653
0.00465091703372113 -0.0083561939320722 0.370148731551752 0.13417806033878
0.000834492554584333 0.00871150100817893 0.0926485724304895 0.409053963371444
-0.0138092692233714 0.0070356850490637 -0.185327184522351 0.240334057378196
-0.0106366799708052 -0.00288684014430852 -0.00475835363041768 0.0442746984629764
-0.0107931884483557 -0.000473704734983901 0.200885205918172 -0.170109204933043
-0.012387339539383 0.00941491515396144 -0.00708644015612813 -0.455345513366872
0.00153529253925141 0.00633177339057991 -0.394838535018745 -0.222926180914939
-0.00635786368774055 0.00211833557907327 -0.282777048700262 0.230084024382154
-0.0105721651606989 -0.00408686445653445 0.0319173658751956 0.259141714314077
-0.00156610764670225 0.00117815363346555 0.134179647270087 0.0963390519500217
0.00175113805316316 0.00393962541028824 0.0809485216600781 -0.0670901114111916
-0.00049290088588803 0.00453101553131451 -0.0691661311334131 0.0419926050673879
-0.00902556965267883 0.0016164464985743 -0.0969489317477132 -0.062771324989108
-0.0065434567823453 -0.0173286666682476 -0.0287266552430362 -0.206589248318823
0.000671013732140058 -0.0147874906680167 0.242251603354258 -0.203454136951668
0.00397138735321173 -0.00888813463797244 0.365347675656682 0.143613619870419
0.000311334171713245 0.00795276770053011 0.0843890204097169 0.413246931000387
-0.0128292773314249 0.00580074875213514 -0.190273723529842 0.239802252229958
-0.00963955814218702 -0.00330236015114183 -0.00576357871164878 0.0450908254791236
-0.0102529226817479 -0.00130786246518339 0.198669281977912 -0.17062147314855
-0.0124855370342501 0.00831199382696933 -0.0161103295233173 -0.453788563710811
0.00102080601880639 0.00606739250178639 -0.399161261251932 -0.213830726258984
-0.00741612504916504 0.00175959059447105 -0.277939590955037 0.236721339523275
-0.0100325332527113 -0.00521716083505756 0.0353557473953954 0.258841840278978
-0.000814687366971161 0.000927272817806557 0.135804127354149 0.0943419817984099
0.00344012622862246 0.00510569975441604 0.0822716049934351 -0.0685253850056338
0.000998479347862542 0.00519361028796718 -0.066955876028632 0.0407712576390034
-0.00778487854610271 0.00225926208923888 -0.0953132286429205 -0.0649646846385727
-0.00525333318145864 -0.0168114690497504 -0.0245125240313567 -0.207463356819725
0.000684600802584045 -0.0142863688027689 0.245386081889906 -0.199263178853727
0.00321234244024401 -0.00982312438095318 0.362382631715044 0.154276750600256
-0.000271078029040222 0.00565329650722538 0.0741733513891864 0.41627672025158
-0.0119393998552866 0.00411949387317549 -0.194002632402158 0.238318121118619
-0.00866710584241694 -0.00450208701633236 -0.00510704714319376 0.0450621438707309
-0.00896874871781038 -0.00309649953807889 0.194995342181282 -0.172477895661399
-0.0131053958544446 0.00633524302665145 -0.024881801888447 -0.449494673548941
-0.000457488631525188 0.00561711967288852 -0.403709742917161 -0.200813890061643
-0.00839352872511587 0.00183848395868801 -0.273849383149314 0.243736175966127
-0.00972886477640128 -0.00399022068630377 0.0399316914194447 0.258018261001387
0.000785115764796181 0.00220043921656612 0.138224919438702 0.0918776884360142
0.00578021808179194 0.0062751613734468 0.083884736343722 -0.0694578956521132
0.00274418372440655 0.00559508609142253 -0.0652058079394839 0.0405666275646725
-0.00636483823850936 0.00303835165283597 -0.0930948275035826 -0.0664937028011784
-0.00452773749183938 -0.0150618841036149 -0.0210695665612573 -0.209005693127508
0.000651285085539366 -0.0132358786308077 0.249068250612572 -0.193002684864794
0.00279258554298319 -0.0106838299308271 0.359501507162673 0.163125257947567
-0.000415759987639471 0.0030317234889311 0.065381671508027 0.421346479787358
-0.0109929041430876 0.00272793407050156 -0.197219238056945 0.237019068414874
-0.00726177759369936 -0.0054344965488517 -0.00474648509700535 0.0447367496202417
-0.00833698705321654 -0.00486784558468223 0.192379924171465 -0.175102772487625
-0.0134548379201191 0.00341407228044485 -0.0342819022739551 -0.449740489468608
-0.00246820223735103 0.00377095154114097 -0.40820701403383 -0.192126687831289
-0.00857207800812085 0.00300131756918014 -0.269931775797866 0.248607307601811
-0.00949986200417555 -0.0017210699882413 0.0440266845150072 0.25700061696016
0.00217938861446314 0.00332205485435149 0.140096723584856 0.0896174443978723
0.00718776395901495 0.00651312462932355 0.0856555853951601 -0.0712046037216525
-0.00196045331339418 0.00179166748057785 -0.0722343830434582 0.0449352021226054
-0.0096038417799268 0.00715703966561481 -0.101083641802732 -0.0633536466698227
-0.00765045789216868 -0.0063889439413337 -0.0304998145195432 -0.212350374711569
0.00281548966770179 -0.00874875009327796 0.24353110039317 -0.216918582591233
0.00580876626479942 -0.0114193191820415 0.375066271553091 0.129258000935969
0.00361211116588919 0.00423840887976567 0.09467260355102 0.403920382965593
-0.0118504660856845 0.00651368570449994 -0.184562231941194 0.23586354223962
-0.011461179469023 -0.00201778882453251 -0.000853610538501619 0.0411234269646396
-0.010000896958953 -0.000907690179976923 0.207833657338042 -0.173978304115617
-0.00991347799213715 0.00407283925650113 -0.000847799130976202 -0.467547091481004
0.00187182133932874 0.0033214896937084 -0.395028664845905 -0.236756793170747
-0.00606414137809171 0.00865318114210246 -0.284717130407753 0.224396806903526
-0.0124435973646564 0.00763200277705722 0.0295420579602252 0.258822997316314
-0.00256118672718961 0.00772658682299213 0.132951778861457 0.0970972480519661
0.00147462961181492 0.00375880209784378 0.0833106411839828 -0.0659653175522733
-0.00335486261061062 0.0015786887257024 -0.0733620325222651 0.0450404072361387
-0.0103615308868713 0.00581692412163579 -0.101509869603526 -0.0619919340596279
-0.00791153937115663 -0.00960768019669159 -0.0330668597593309 -0.210300838572536
0.0026161291543528 -0.0101099104989002 0.241173608120609 -0.218307923255317
0.00611444706909564 -0.01035815302989 0.377356945608256 0.12608279385208
0.00305171196367724 0.00680902741300743 0.0976160615978245 0.403705061484229
-0.013000832788741 0.00790327883933723 -0.183294306323056 0.238215790924168
-0.0119720844708125 -0.00183104109309045 -0.00220028920070274 0.0420991512715065
-0.0107972643303562 0.000592237157678075 0.20881953592907 -0.171373726954882
-0.0105443206191604 0.007043783696798 0.00412797126502047 -0.465402640494798
0.00296795054422698 0.00460431862323639 -0.392761171431983 -0.241707931660771
-0.0057737367269351 0.00628734759903762 -0.288265765397707 0.221438557897525
-0.0117901146179926 0.00392305558367353 0.0269966927232711 0.259633571847844
-0.00312697614783634 0.00577982617076905 0.132658383701044 0.0981265768782427
0.000526491375296412 0.00316692206296871 0.0826373367203388 -0.0653957029836907
-0.00318173342675678 0.00202521561994408 -0.0734838257950466 0.0442569393464636
-0.0111781048800007 0.00417015741320598 -0.102194891475166 -0.0615536089398822
-0.0083333894600442 -0.0123060521199314 -0.0341352171077689 -0.209324623326754
0.00214096634567429 -0.0120480134355107 0.239767305677443 -0.21664857932242
0.00625062356908029 -0.00905993873504458 0.376045559554842 0.125842248938237
0.00289395901512429 0.0085306081915572 0.0991927097008333 0.405123543502542
-0.0133150282897072 0.00836601891496799 -0.183673932553606 0.239664323375832
-0.0119431279937557 -0.00135236286058911 -0.00296724672684004 0.0428856880744941
-0.0110016531160751 0.000373904395941169 0.207438219399117 -0.169873325127821
-0.0113130990561291 0.00881318081333177 0.0039037101830153 -0.465824668428091
0.00286835965883773 0.00644639033419087 -0.393050302189051 -0.239624815602565
-0.00582440740814066 0.00469187826641538 -0.288653361497912 0.221708954536368
-0.0116927707553994 0.000240887210305659 0.0260682143966095 0.260446148013344
-0.0036586892512624 0.00325098033058796 0.132186559632665 0.0990199026752844
-0.000355390435255423 0.0030864862377545 0.0817393206368594 -0.0657683234806697
-0.00266611553568024 0.00253201319054879 -0.0733546228336407 0.0438491200047478
-0.011191683440819 0.00290445908288516 -0.101506605449835 -0.061665089599969
-0.00809422870110206 -0.0146058204886768 -0.0326133987252304 -0.209186035658141
0.00197976531039837 -0.0136967110346655 0.24080522851774 -0.21462830839931
0.00527729008207193 -0.00806665587469893 0.376078140438922 0.129978614311436
0.00176892321223724 0.0094925962311321 0.0959903633166799 0.408286624478226
-0.0142013814340642 0.00820614970525957 -0.186309744285463 0.240901797010843
-0.0112803218786004 -0.00214380236963516 -0.00461134312050959 0.0436772146686989
-0.0115563207916205 0.000271286703222105 0.206248875804701 -0.168565513289506
-0.0122029554470281 0.00988894926425082 0.00295722885080304 -0.462991697189974
0.0027066614757716 0.00678795403953312 -0.395650688784922 -0.236589830438984
-0.00561607448998402 0.00323961762574035 -0.290019786966013 0.224764787358221
-0.0114442787849972 -0.00235350858456793 0.0271524874133952 0.261711042074006
-0.00300489624731907 0.001964471782031 0.133474954005074 0.0993134297189704
0.000405818690060787 0.0029357798166087 0.082018676669246 -0.0660748408119552
-0.00249939777971187 0.00331253782752521 -0.0716794647824735 0.0425972917416141
-0.0103931065902848 0.00216229432874585 -0.100228959631474 -0.0631226020164263
-0.00725161638103808 -0.0170557642006751 -0.030677721065094 -0.209354699062272
0.00121250103809891 -0.0149540008925677 0.242943608141368 -0.209975922319497
0.00473775898792741 -0.00830919194184988 0.371894358532955 0.138625156940812
0.000773433573118753 0.00898612989507181 0.0902928588915625 0.412850522184722
-0.0137880914227171 0.00706665900966327 -0.18923485153398 0.240731424049682
-0.0108031387956203 -0.00233712142779002 -0.00552931999274751 0.0448690865847598
-0.0109199106666276 -0.000658094365140601 0.204333325079657 -0.168760373446332
-0.0125469988149199 0.00963747796594093 -0.0035108555203362 -0.459827131525557
0.00152760512398028 0.00684635597672053 -0.397284620518698 -0.229224175026032
-0.0064122616208476 0.0016774492660573 -0.286626170176279 0.230477434241255
-0.0107027574398048 -0.00453695503652281 0.0303272128275346 0.261546761370553
-0.00154424447816721 0.00111283675890903 0.134581302654074 0.0977849274470216
0.0016624250029796 0.00443701659423459 0.0822601661281744 -0.0672966547301375
-0.000588346688094933 0.00416804599875362 -0.0704724528927292 0.0419234375494076
-0.00930382338314012 0.00176488951174592 -0.0978242701911273 -0.0641101854514773
-0.00624027424490146 -0.017689162727873 -0.0269800240955521 -0.209143839332784
0.00107436474876092 -0.0150591676090947 0.246325549821422 -0.204411581869204
0.00394213225357396 -0.00897206229288751 0.368276518810628 0.147941620223572
-9.5831888344864E-05 0.0076177865043091 0.0813438595821173 0.417500415952691
-0.0132453086212578 0.00609536402544632 -0.193726662269336 0.240019663722907
-0.00989565489267173 -0.00331116380215052 -0.00569164355728469 0.0454812179798621
-0.0103468339571936 -0.00146862143338482 0.201201129309092 -0.169725162140537
-0.0127925095305287 0.00837623591183009 -0.0113280223345633 -0.455919017291537
0.000454412134346891 0.00633725606143602 -0.401946963937886 -0.21817208829765
-0.00748297637884183 0.00188747184003324 -0.282668527932653 0.236602306398475
-0.0100327406599489 -0.00493800242288029 0.034084603474791 0.261391800401354
-0.000709663113568045 0.00101600874484676 0.136739067206549 0.096248567289767
0.00387324933510602 0.00498456737359739 0.0839189125370175 -0.0684357668737313
0.00112613262255356 0.00529641835086639 -0.0684894666204184 0.0410018380571273
-0.00772764527508131 0.00206549202120779 -0.0953951298846797 -0.0659431894760215
-0.00539241482960955 -0.0169860220823165 -0.022811392845266 -0.210568183728837
0.00106439307393046 -0.0147261696304581 0.24836661485033 -0.1992155066719
0.00312494695614484 -0.0095857164986238 0.364401080207481 0.158360791869138
-0.000692761569261987 0.00519122059383468 0.072451271839168 0.421261415032528
-0.0118535707722754 0.00412393986613174 -0.197405401750605 0.238637689699187
-0.0081463729922015 -0.00440114688368304 -0.00564778238831385 0.0456774952961362
-0.00929483206731474 -0.00349056480954582 0.198271587442419 -0.171894043874182
-0.0133219006727684 0.00607515362232838 -0.0215268155404181 -0.453209187224263
-0.00121490841808217 0.00455885178319902 -0.407211623674434 -0.206311588923099
-0.00775994702474277 0.00230159258908638 -0.278163040992969 0.243592117441097
-0.0102606703176855 -0.00373368860102668 0.038874660095501 0.260210782921177
0.000604540965432305 0.00218324473538468 0.139494595828364 0.0938902171601607
0.00529528600386291 0.00610810713965385 0.0852787308956286 -0.0696197693566461
0.0023486539056877 0.00543650304236332 -0.0668773942494722 0.0404011220807202
-0.00660724187087917 0.00324303463672656 -0.0937354990299439 -0.0677673174167349
-0.00485302608133499 -0.0148813628518386 -0.0190247307911764 -0.211614315719823
0.000651083894438071 -0.0130250873627682 0.253099408888755 -0.19454368061653
0.00240367264664575 -0.0107976116840021 0.36131279853761 0.168211673205635
-0.000558191061713546 0.00318960455967083 0.0627859160314094 0.423759731214196
-0.0106853594275666 0.0023993975029518 -0.20064778441864 0.236648926920174
-0.00740321475074276 -0.0057091058175004 -0.00520125286797086 0.0449444930374714
-0.00847378857069879 -0.00519560407322991 0.195867056926358 -0.174523808431734
-0.0136209584102326 0.00338733066189239 -0.0302427379820151 -0.451636296839477
-0.00260936687872671 0.00313617979392379 -0.411555389735366 -0.196909000810049
-0.00883602632489499 0.00365349255070121 -0.274880131123013 0.249235302903139
-0.00946093798696284 -0.00104454091622764 0.0426459147769165 0.26013989071142
0.00247235972891839 0.00259641292736974 0.141374753933403 0.0917042583782891
0.00723718465777331 0.00713828463760648 0.0871930766513094 -0.0708148380627787
-0.00208901492731594 0.0017518149283347 -0.0740114154355408 0.0452859683042871
-0.00983402756457405 0.0076902106240404 -0.102181048998912 -0.064285709707286
-0.00775284540790352 -0.00692679614779398 -0.0295316245030829 -0.215209183942911
0.00288844362403716 -0.00824598321471187 0.247290343818198 -0.21863799340181
0.00588819264606151 -0.0112448848244956 0.378978562825982 0.134322725779753
0.00323709125788048 0.00440336674805857 0.0929738079407996 0.409663686717787
-0.0113036049978645 0.0063950095282133 -0.188047845375601 0.236888824399493
-0.0112364241061104 -0.00229513267420497 -0.00128372358513211 0.0414727890285829
-0.00963008539368962 -0.000628152226927074 0.211404650435796 -0.174348873541526
-0.0105045626508753 0.00456192677673662 0.00140277701711805 -0.472810242737897
0.00196791516654913 0.00288582109666027 -0.397602976237188 -0.24185327846656
-0.00634814347702092 0.00880466118078437 -0.289250246815311 0.224987840176203
-0.0122159060520746 0.00801276224004153 0.028218333683684 0.26121822047705
-0.00279284105826514 0.00758696337466748 0.134657939634559 0.0993324865844218
0.00133531617397429 0.00276194756682966 0.0853203189795206 -0.0654847744143312
-0.00295691508889767 0.00120758980427613 -0.0752466102698354 0.0452649203137249
-0.0105237172870622 0.0054132976647335 -0.103080578506721 -0.0633026215305499
-0.00839871954419736 -0.00965736479518968 -0.0319229567415747 -0.213999308870346
0.00277422309043588 -0.0104802874343904 0.245232000711141 -0.22086172390367
0.00653904519963872 -0.0101521686773798 0.379884320029813 0.129319942043786
0.00305155193542238 0.00697221415156431 0.0962865748841443 0.408125204160166
-0.0129288186683619 0.00752453322835108 -0.18701554839274 0.239005665403163
-0.0118181345325713 -0.00160843702130054 -0.00229463917991751 0.0422508435722649
-0.0108262280990599 0.000141024143439129 0.212395423026645 -0.171749763281833
-0.0104826601515141 0.00693209835146086 0.00642303528372639 -0.471594514611977
0.00255101883036097 0.0048342830281406 -0.394488465228015 -0.246736085296588
-0.00554993861502317 0.00659403012086925 -0.292557667048795 0.222212178162407
-0.0122740896485439 0.00419341093081964 0.025600961301058 0.262217546926497
-0.00311254681747821 0.0056847931737226 0.133980656123721 0.100501001668757
0.00021162081384861 0.00290599953244294 0.0843264048840056 -0.0655409133884501
-0.00280780815448722 0.00183368534690441 -0.0757145939234997 0.0443418318867767
-0.0110067422093612 0.00385754683448957 -0.103134236779816 -0.062400238520191
-0.00823340472696979 -0.012973728254744 -0.0326609424630868 -0.211980746701882
0.00234016434882156 -0.0125889132009902 0.244109179643531 -0.217746374638383
0.00639570249373177 -0.00920577863304658 0.379989346695182 0.129386574517362
0.00201508920375966 0.00855236314935079 0.096700245147377 0.409975262598462
-0.013599597990168 0.00816494509073955 -0.187031179860799 0.240561762381181
-0.0121382385638712 -0.00173992047412369 -0.00364566406170079 0.0435577660108238
-0.0113128517643126 0.000409951572628861 0.211069009163301 -0.170087614474846
-0.0112153078204369 0.00920579046032689 0.00752281549818561 -0.469990965701293
0.00266423286803542 0.00673695533963108 -0.395575806600881 -0.245034309261418
-0.00560290089540183 0.00459735548482802 -0.293286238119658 0.222630229167582
-0.011951517667615 0.000335355844151241 0.0251432056971193 0.263276113905479
-0.00358469625573928 0.00388972505780493 0.133495434131546 0.101499309601395
-0.000454173442354895 0.00298364707733383 0.083930462908614 -0.0655887831771374
-0.00321337878895654 0.00219227978545476 -0.0751727135158579 0.0437303404796957
-0.0109956438364774 0.00219445721176493 -0.102341273711043 -0.0625298509533566
-0.00777638581728 -0.0153825069708781 -0.0322357817351777 -0.212058363323665
0.00216926807170153 -0.0137572217338656 0.244840171373874 -0.215836420538335
0.00567380818095421 -0.00825674631394264 0.378525932588576 0.134703849589114
0.00158383852301911 0.00958830040993854 0.0942095377733044 0.413552134769726
-0.0140575245039317 0.00816546170749822 -0.18932374972743 0.242005404790631
-0.0112772780733225 -0.00218718189164339 -0.00487885032197949 0.0443812121296149
-0.0113157982110808 0.000561126511762503 0.209500589076208 -0.168795615894372
-0.0120703773041117 0.0100798142812618 0.00509188381634899 -0.467718383005268
0.00261984123555468 0.00682870852408623 -0.397430033563345 -0.241109827929739
-0.00605407986025995 0.00296177316334392 -0.294200386024029 0.225470005778759
-0.0112430441186944 -0.00271464726636869 0.0260295827381662 0.264387071319643
-0.00274221284448984 0.00188078986852063 0.134700258060976 0.101308670256449
0.000329731161945884 0.0034644363635884 0.0838699558469418 -0.0661282362041343
-0.0017340138854844 0.00317565040355426 -0.0736290029113046 0.0432014178903252
-0.0105823951574288 0.0019494276363366 -0.100625836781063 -0.0639525688411626
-0.00719145803004521 -0.0170943697454138 -0.0295260850331372 -0.212331142656794
0.00151722353207417 -0.0150342009856961 0.247110474421544 -0.211229121741291
0.00475616623419114 -0.00829974463563848 0.375257886113974 0.141974180814542
7.65840531757526E-05 0.00930948195277392 0.0876235034846223 0.418435896995237
-0.0137880920503389 0.00773583471962052 -0.192069363821391 0.241551123592008
-0.0108154782875978 -0.00260485611424172 -0.00534808886564862 0.0455462833030052
-0.0111391669046419 -0.000449022982923366 0.207469697730689 -0.168976563257824
-0.0128448239391215 0.0100924704603875 -0.00146384371985048 -0.464442460810492
0.00151383969591234 0.00723107400918793 -0.400077301833968 -0.234243175831245
-0.00665402585995951 0.00200874950981442 -0.290812603616022 0.230693423961915
-0.0108468557007495 -0.00451485531942807 0.0291996581064984 0.264612777277056
-0.00193928776607976 0.00117617647115762 0.136364936345571 0.100275397013195
0.00197429050581531 0.00418360899122685 0.0843766270698749 -0.0671309615280025
-0.000807794060579824 0.00399497065306068 -0.0721285827003662 0.0412240517010546
-0.00941297250463748 0.00179141195708765 -0.0986974540012569 -0.0653015188312057
-0.006681448526558 -0.0177578877529746 -0.0261930576640426 -0.211722513743354
0.00174329819979918 -0.0154883904564635 0.250130538185554 -0.205432248763735
0.00378578135553035 -0.00883303895797682 0.371261823324726 0.153060698222756
-0.00054017964976643 0.00781011854140145 0.0788618694330841 0.421648967327119
-0.01301311413391 0.00563859397455892 -0.197521173687599 0.240733726468262
-0.00936074070987041 -0.0034008128110836 -0.00586833710852093 0.0454024766541031
-0.0105882251847505 -0.00163647559817082 0.204736984006451 -0.169042163288707
-0.013448262574817 0.00852718648602785 -0.00977476444144214 -0.461349092058574
0.000175340945558644 0.0062594516510085 -0.405390895251379 -0.222894539791213
-0.00750875714407605 0.00191626404832027 -0.287667946232 0.237816917311009
-0.0104712957190444 -0.00478537056988436 0.0328808303946826 0.264550909320996
-0.000205458696825879 0.000988580087864087 0.13902103347644 0.0979783285467922
0.00355786895120861 0.00514241765360609 0.0859360824099229 -0.0682149727198687
0.000676224345753039 0.00453173276989547 -0.0703430113109601 0.0410191459514644
-0.00785884332985734 0.00181680857281635 -0.0960323448943771 -0.067618359328002
-0.00591231923825525 -0.0166832414024466 -0.021627456464957 -0.212547730618718
0.000858919116276109 -0.0145622901883716 0.254080334738542 -0.200839409933348
0.00323336464349464 -0.00964251224181471 0.36727179673263 0.16203308632022
-0.00108216367625143 0.00531032286854373 0.0707841496939904 0.426697040707636
-0.0120234431030451 0.00380972531714346 -0.201076120356935 0.239138480236575
-0.00837792857273497 -0.00436725669139405 -0.00586249373250925 0.0458441407133195
-0.00927380953042194 -0.00326289419390127 0.201781143149185 -0.171825620585718
-0.0136291856335521 0.00632129997975486 -0.0190788183212115 -0.458222411146282
-0.000760456129424884 0.00517141902335885 -0.408658936170106 -0.211889932308414
-0.00830612000182882 0.00205087650408507 -0.282491296295632 0.244225687252103
-0.0100679628522218 -0.00356872388328251 0.0377096065683705 0.26388338896604
0.000708295108306945 0.00174715026158794 0.14087721861145 0.0955002944765638
0.00552375451496582 0.00595058086572571 0.0869108621224868 -0.0693185621164584
0.00281940315772507 0.00534875087629292 -0.0686761168788766 0.039970642603778
-0.00622514624591162 0.003108953735759 -0.0940974102044934 -0.0685490387447836
-0.00529334648823895 -0.0150802617561183 -0.0177250314129843 -0.214456371718089
0.00094579312609106 -0.0135611342054855 0.257256157400438 -0.195224991024687
0.00246237190955461 -0.0111830966483334 0.364232050914954 0.171783920285548
-0.000932839949426131 0.00286159090259994 0.0599687540835672 0.429508869031009
-0.0110164545032325 0.00258671599963169 -0.204032422995 0.237757255346605
-0.00710205358675138 -0.00531961852068088 -0.00567231368894613 0.0457892818437875
-0.00838382573256687 -0.0048605598673374 0.199817400024272 -0.174270673974224
-0.0140234589159555 0.00361306197133516 -0.0277611230471037 -0.456113190074932
-0.00267592610868218 0.00348197467814816 -0.414273527032136 -0.20122157218925
-0.00892003526314091 0.0034558939955402 -0.278160732563279 0.25047887085816
-0.00964211458117655 -0.00164449075980976 0.0418307165085902 0.262878322455104
0.00227108734713457 0.00288188327630979 0.143246840786762 0.0932284340274465
0.00734294808102237 0.00701445251092745 0.0892576696148343 -0.0708142552728775
-0.00256224234029178 0.00179677202646955 -0.0758196422822321 0.0453564590491974
-0.00974638637429494 0.00724243025672152 -0.103310498476705 -0.0654438395251453
-0.00815172965884695 -0.00654882580625623 -0.0286781632034395 -0.219031156541599
0.00304793460846774 -0.00875550204819843 0.25183373294976 -0.220999388801139
0.0058122328886182 -0.0114000007945844 0.383746584961234 0.137069778499134
0.0030763602881911 0.0047598320165011 0.0917251375351893 0.415145429347256
-0.0116168806690164 0.00655276835330087 -0.191351606903714 0.239077968452969
-0.0113843491676434 -0.00249360915042766 -0.000924958155184479 0.0422640492663694
-0.0099449256073654 -0.000643346145657748 0.215463253497511 -0.17445793407017
-0.0103541701278465 0.00459394701671747 0.00364298281380752 -0.479447859190808
0.00175906057503904 0.0029676980961478 -0.402321133127443 -0.2478508131204
-0.00640077592882032 0.00918171721778475 -0.29380007090748 0.226589017371212
-0.0123992885545906 0.00821779099326517 0.0274672414057196 0.264748448081835
-0.00285658721409317 0.00712195351565636 0.136156946704118 0.100502632528084
0.00145075021018207 0.00312740816317582 0.0871532238355903 -0.0661915464409723
-0.00277639432720923 0.00133631423419641 -0.0770209487839805 0.0453145752481147
-0.0108075337924614 0.00550153016243609 -0.104123690772509 -0.0642250855643819
-0.00864663902168582 -0.0099240326743874 -0.0311917149886933 -0.217527511914616
0.00246488329091949 -0.0108817951176911 0.249270513636378 -0.222066156097409
0.00634301102906657 -0.0101814692183489 0.384762601083934 0.132665522162363
0.0024185737110663 0.00752057012097254 0.0951185987069772 0.413653993537183
-0.0130913713735114 0.00758810240771001 -0.1903919379467 0.240725874782467
-0.012221330232351 -0.00200595936364446 -0.00235068241111253 0.0431392538406007
-0.010763587181545 0.00029646778013935 0.215687625003432 -0.172386899496444
-0.0109643072732197 0.00756189449574978 0.00906061176464838 -0.477538532396977
0.002441103011634 0.00490561099514099 -0.399916231826558 -0.251434619269286
-0.00565478991352486 0.00663669589341742 -0.296760000801655 0.2239212216692
-0.0126082479001839 0.00407108582629938 0.0243195039793159 0.26658470899466
-0.00375133260075636 0.00580429707678532 0.13545008044734 0.102465211282506
0.00042734190889893 0.00285777257666583 0.0859727751625976 -0.0663237700455651
-0.00361060937828604 0.00142578542861254 -0.0772661327623228 0.0448856415384145
-0.0112083496054529 0.00382741419389146 -0.104158483213805 -0.0638475628358508
-0.00837268495507535 -0.0127026232006809 -0.0322852255598895 -0.215615188487446
0.00245086948795023 -0.0126377831636215 0.248319937570246 -0.221308147915956
0.00611973054114145 -0.00910075937361372 0.384465855283143 0.133232115681583
0.00224300234616363 0.00900141187317544 0.0963151717997238 0.41563116656338
-0.0141598645771515 0.00866901960540079 -0.190774287954425 0.242542545742299
-0.0121924798034063 -0.00136273708942738 -0.00334467414230184 0.0442293546289438
-0.0112195126856258 0.000889764186047286 0.215078010525762 -0.170449694690906
-0.0116847124845981 0.00931724085048484 0.00892692235053571 -0.475548521198933
0.0026202521033376 0.00634639565779308 -0.399955043471368 -0.251052236113481
-0.00595626396034232 0.00452527320187438 -0.298250926746484 0.224565364206222
-0.0118445800270303 0.000341799800663753 0.0247465964462343 0.26776271329093
-0.00360013820524911 0.00318573862592681 0.135985398745136 0.103060029232077
2.72336271194482E-05 0.00294990671751555 0.0859654383087089 -0.0663720808699124
-0.00297957704844504 0.00220887233672597 -0.0768349883660786 0.043905102573974
-0.0113823198483693 0.00241098461964222 -0.102925328589758 -0.0643574978311539
-0.00844930971331413 -0.0156736994024439 -0.0312082659892679 -0.215592385110933
0.00184733359659748 -0.0139348674455522 0.249191538508884 -0.218331856581622
0.0058018656671449 -0.00846557597105849 0.383444270327901 0.137281118959512
0.00130633815544752 0.00994667330801814 0.0925115023483063 0.419723258983268
-0.013983340045362 0.00802474374954968 -0.192894073334111 0.244065277266617
-0.0116826707896481 -0.00196699392372367 -0.00463535451563606 0.0452926071319545
-0.0114854334626483 0.000583736806133275 0.213000146778885 -0.168984773328175
-0.0123842354148667 0.0105556964922286 0.00697336050313019 -0.473873831861639
0.00239493722055079 0.00714668596275004 -0.400720330720824 -0.246756013927652
-0.00601004717736301 0.00269489084167821 -0.298524100336456 0.227403434414779
-0.0116796347084931 -0.00263821293025482 0.0257080006162618 0.268473274680907
-0.00278995167117087 0.0018537311407148 0.136589914510577 0.103152463779984
0.000629528682592448 0.00334100352567443 0.0859453032088138 -0.066711396566963
-0.0021597750920729 0.00310276955542311 -0.0753254607378447 0.0426629526199703
-0.0105179074264449 0.0018271237132386 -0.101948549263761 -0.0651313600780305
-0.00794110579221 -0.017416760017109 -0.029044550573348 -0.215962838077126
0.00197406695870793 -0.015166389691656 0.250828072044489 -0.214234265640967
0.00486871235202424 -0.00840342226770467 0.379603648052571 0.145967504509634
5.44535872092902E-05 0.00953072602672801 0.086501843557477 0.423040323615514
-0.013702408537983 0.00749067549600973 -0.196331700848013 0.243737759401251
-0.0108060984741908 -0.00279766800528302 -0.00606846630998825 0.0458530802332973
-0.0111782297926427 -0.000151855329720802 0.211086882262861 -0.169339402338353
-0.0128797904073241 0.00951220065157014 0.000647219904684494 -0.470212900266353
0.0017881148346965 0.00708404027626492 -0.405067384722318 -0.239647920792779
-0.00643153558199991 0.00202935206896502 -0.295753364997593 0.232823838209861
-0.0109882401873506 -0.0044675841700952 0.0281345867886295 0.268859417538189
-0.00201490335820275 0.00128535712274513 0.138362216539345 0.101939276331514
0.00197837676469086 0.00389860932211594 0.0864926450691359 -0.0675968861102904
-0.000409840064971045 0.00369408416534527 -0.0740473410859763 0.0419007236845169
-0.00950101132629164 0.0018411110092071 -0.0996064660483516 -0.0669397179408874
-0.00637227365970723 -0.0179972358312212 -0.0252153194861947 -0.215922966179903
0.00146947654993993 -0.0156985709205176 0.254573839322962 -0.207333699083508
0.00395532568949304 -0.00901469199576473 0.375980808395359 0.155935833807711
-0.000672716424188852 0.00793042360371241 0.0774370542418165 0.427608780427915
-0.0130743741947576 0.00586697203451334 -0.201481796913562 0.243409925504697
-0.00979321429585815 -0.00326741667175849 -0.0064119039448531 0.0466950937433787
-0.0101461078400851 -0.00176600620262757 0.208259490424154 -0.170632266793472
-0.0137364941263878 0.00838792096608255 -0.0075642578119097 -0.467669602854104
5.65047414450995E-06 0.00646551856794586 -0.40926589401006 -0.228421069394712
-0.00687309609653102 0.00170048157565085 -0.291839223698145 0.239713074628848
-0.010448607215125 -0.00473953510477075 0.0323448488864734 0.267937277650341
-0.000640286397184436 0.000713970009003135 0.139984053622321 0.0997302069974038
0.00354276436068103 0.00511193516245394 0.087485939921608 -0.0688974027176543
0.000683944792793632 0.00462094921326804 -0.0722560901109982 0.0409346325560759
-0.00784347118864913 0.00222887335864298 -0.0972269833727821 -0.0683434598864873
-0.00605790326361971 -0.0172461324317927 -0.0210778806453036 -0.216352532480214
0.00139629313745276 -0.0150537842308665 0.257428537813875 -0.20242979613789
0.00332624160347825 -0.00989710465049933 0.372067392606683 0.166886641501779
-0.000966924309380415 0.00542171364795241 0.0683802042337006 0.432605857023072
-0.0122829239813548 0.00399368571276344 -0.204985965015503 0.241612896886878
-0.00846200544526238 -0.00426213326649798 -0.00570824962726698 0.0465416534876469
-0.0095823772913859 -0.00335969152978725 0.205146254393201 -0.172676572848666
-0.0142748668168094 0.00627823197815454 -0.0170238949124578 -0.464502158573724
-0.000890560064320459 0.00477375334396527 -0.414771828444473 -0.216088634854287
-0.00825196154891419 0.0022927044176745 -0.286801754709537 0.24679528499569
-0.00977244741525768 -0.00405791286940174 0.0370426365586416 0.267905728685215
0.000943763404692169 0.00153640257578047 0.142991913255738 0.0974580983700857
0.00597526098941677 0.0060824556652649 0.0892375892668598 -0.0702968174376305
0.00233277139079713 0.00549130371513948 -0.0699477087031561 0.0407229718801067
-0.00689174302452935 0.00317213188910103 -0.0952630235354168 -0.0699350331709924
-0.00524214466292699 -0.0154110391950662 -0.0167242768374635 -0.217701762239578
0.000666397855905609 -0.0136072720823914 0.26196210828329 -0.197653373154959
0.00244184704163023 -0.0111026607387772 0.368315181680754 0.175491803198758
-0.00108902067901804 0.00287507404866968 0.0596338218670378 0.435439223311496
-0.0108322322352654 0.00240520635343242 -0.207888244463957 0.240080236879216
-0.00717266464459984 -0.00556233750293972 -0.00580892853138623 0.0466447505200185
-0.00819914282368781 -0.00494139154493258 0.203168494910575 -0.175207768784031
-0.0141886892825123 0.00360315501525887 -0.0261904646017851 -0.463468985088605
-0.0027393348076483 0.00388366665285737 -0.419166661995571 -0.20666518182797
-0.00851193648280625 0.00298516989386445 -0.282717559257776 0.25259692624392
-0.00963992143849944 -0.00138034632504038 0.0410742642097855 0.266370043770415
0.00247173777820406 0.00264711793835557 0.14507554032583 0.0961173600648667
0.00730972142862028 0.0068972882394451 0.0911600054957032 -0.0710928941918132
-0.00239898466378129 0.0013518786523703 -0.0774248428462242 0.0459403788913559
-0.0103336032902263 0.00748215434961512 -0.104010997098907 -0.0669306618516142
-0.00842395519970026 -0.00648931723552344 -0.0292544269259455 -0.222651819804031
0.00284433982220905 -0.00939167206224812 0.255651907767506 -0.224605949994389
0.00589286566815721 -0.0115375101178299 0.388793822129668 0.139984550436919
0.0030253108210706 0.0047261888146044 0.0912573113731481 0.420158950595664
-0.0116899458137244 0.00609126460713307 -0.194310417081851 0.241704911662486
-0.0116907023252292 -0.0022708765076651 -0.00139060230140047 0.042897008835713
-0.00962931021128168 -0.000443252188847058 0.219316830235458 -0.176290709642089
-0.0106706811086037 0.00477887620587888 0.00516309880364157 -0.486074509339092
0.00178341695455144 0.0028236356268737 -0.406556042460443 -0.251521384076392
-0.00606469159773483 0.0089532340414861 -0.298859670157116 0.228940649838496
-0.0127666453537331 0.0082283764604593 0.0266047708671657 0.269102613773495
-0.00266935665959425 0.00764638323196678 0.138811793272869 0.102847293476866
0.00142324281786385 0.00300968587629876 0.0889397216217629 -0.0673603915199673
-0.00285587767355648 0.00114788118309336 -0.0784746526490736 0.045891299452221
-0.0106938169499348 0.00555010949198638 -0.105215823279314 -0.0655970068756585
-0.00872756823831106 -0.00993199829958503 -0.0308914627282795 -0.221058693147255
0.00274636939795606 -0.0108571821134379 0.253702296979616 -0.225747421800378
0.00621328713549438 -0.0101121628988154 0.389384131719676 0.135742730018532
0.0023705278520143 0.00761892288149739 0.0948567684033209 0.420105956138174
-0.012811474462258 0.00768345483351322 -0.193229659724494 0.243597184806077
-0.0117845258460228 -0.00139775026694017 -0.00283071545110296 0.0435538300887756
-0.0108730438685585 0.000894495398990743 0.219906178282981 -0.17359507655592
-0.0112649793616887 0.0073865183048371 0.00993738347080392 -0.483376768655764
0.0023328780613177 0.00466650711968678 -0.405577720322284 -0.25561478856429
-0.00568410654001113 0.00637787803780831 -0.301483386220556 0.226466247567772
-0.0129343134405712 0.00452472484441314 0.0240156286009693 0.270021361085775
-0.00319484931290859 0.00562082790114282 0.138232874045447 0.104427577592865
-2.61126195895229E-05 0.00311790838393137 0.0881822429825358 -0.0669261760574135
-0.00297553475686667 0.000981913671236937 -0.0792597484058907 0.0452952355886744
-0.0110678704576485 0.00375175102833887 -0.105463720233832 -0.0656539222569641
-0.008503450960407 -0.0128467994097888 -0.0319442014919991 -0.220006026494657
0.00254956354555559 -0.0130469691165561 0.251830968728607 -0.224226410273357
0.00634139374889434 -0.00908045713933151 0.389060875405067 0.136586641152926
0.00177441615121137 0.00954940990437921 0.096701641119859 0.420997135083474
-0.0141581883230966 0.00855663552735678 -0.194183902038032 0.245014475997653
-0.0118931381178212 -0.00122956403875981 -0.00370701926184144 0.0450743425597879
-0.0115882747836152 0.000869927821274077 0.218572862345727 -0.172242560364719
-0.0119257110517789 0.00968144226148269 0.0103048339511277 -0.482714838840968
0.00260868774303267 0.00637049609572041 -0.406173468300023 -0.256194898161039
-0.00594108909988169 0.00443416152762735 -0.302625700443522 0.227354980249269
-0.0124751985377011 0.000761326887164625 0.0239914397920847 0.271760249606846
-0.00334980487094633 0.00371015205024008 0.138111772612597 0.104746560068931
0.00018376423788371 0.00317578691905168 0.0873722331678783 -0.0668302369507579
-0.0031231933536727 0.00214927201149931 -0.0785646423047974 0.0445250378842281
-0.0110495886784065 0.0023555828340691 -0.104908653851955 -0.0657177996964531
-0.00840678516748321 -0.0158143359760023 -0.0310252556093922 -0.219015315002484
0.00244523463409217 -0.014424548760638 0.253061222267754 -0.22153772744072
0.00564494104419297 -0.00853754889909771 0.38824945565838 0.141638353186243
0.000672250251174953 0.0100707075904746 0.0940544244020483 0.425357912520709
-0.0138945094655963 0.00823631649430634 -0.196096416707999 0.245743783936471
-0.0118372309235815 -0.00184592769127529 -0.00510405015399378 0.0461028345448729
-0.0113638707706408 0.00113699765260011 0.21624325718309 -0.170479615151374
-0.0128221489076825 0.0101429069685745 0.00877423335688543 -0.479705278525522
0.00254169882434325 0.00716231059638517 -0.406659762606367 -0.251986765975529
-0.00595645171057929 0.00303391295252423 -0.303210116148655 0.229240685511754
-0.0117253505034792 -0.00230974579994744 0.0251233047804265 0.272646263889674
-0.00302890756025827 0.00200525994497872 0.139054685920854 0.105115621192697
0.000602534826337583 0.00281890203756431 0.0876328192183667 -0.0675340639715303
-0.00227332278712935 0.00280743178255377 -0.0775678643543286 0.0432721815544369
-0.0104380195506153 0.00147911761613147 -0.103237305705756 -0.0666270295217039
-0.00784656358948481 -0.0175551899430319 -0.0289321876102626 -0.219377907255092
0.00171900039232305 -0.0158589874709152 0.255405617025165 -0.216941822290959
0.00464472988912557 -0.00861253562436999 0.384663430794951 0.149350540478131
-0.000179654723686055 0.00937754129915361 0.0875924997059486 0.428780547947285
-0.0139105374739972 0.00738824513327173 -0.199871598847057 0.246459217834701
-0.0108132981763502 -0.00261716611589144 -0.00584172829896072 0.0468009601894894
-0.0114411568111757 -0.000133611513113346 0.214750852207006 -0.171046171441166
-0.0134140788280729 0.0102789114811049 0.00216225016686187 -0.476763815158794
0.00149148825257283 0.00708388520647076 -0.410499171175047 -0.243917603049944
-0.0068625014426746 0.0018724663604035 -0.300479734017372 0.235346871465071
-0.0111830654916291 -0.00448809150078664 0.0276872529376889 0.272598075365102
-0.00214018864797794 0.000880048010359544 0.140823432732781 0.104033651754425
0.00188242321300436 0.00411014713835272 0.0883151145050296 -0.0682626253378479
-0.000975334010830476 0.00351745730241116 -0.0755117825030062 0.0425150308066051
-0.0094079747932669 0.00163546384838897 -0.100523833119573 -0.0675822617485881
-0.0071488824258043 -0.0179508864865982 -0.0249868299692488 -0.218979401716167
0.0015439049311251 -0.0159661368932425 0.258266862514967 -0.21115237569694
0.00411674045468387 -0.00898836424453903 0.38025028189212 0.158517124807284
-0.000721859651816992 0.00794705766791699 0.0785792257122575 0.434215660090107
-0.013284606403257 0.0057743663895041 -0.204182656909551 0.245392313707194
-0.00976872977198421 -0.00357029114174196 -0.00642891791857213 0.0470011417835108
-0.0101322487796875 -0.00161134328617534 0.211858297925045 -0.17132136520199
-0.0141141486800474 0.00915452226695164 -0.00698503800376122 -0.474148949787863
0.000292576646426214 0.00641177355501511 -0.415560919259468 -0.231962745940803
-0.00698349120683917 0.00157771042678206 -0.296838287725823 0.242581132974475
-0.0105259327181198 -0.00495535990063949 0.0324029967205827 0.272065479800755
-0.000544538379950461 0.000863566581095628 0.142630903149075 0.102039747457109
0.00374189529695192 0.00468151718064751 0.0898472882331631 -0.0698486586364789
0.00102036182771924 0.00455703284110926 -0.0737862572961451 0.0413645909854012
-0.00797060617090183 0.00209830156427665 -0.0985458029424273 -0.0697465158599081
-0.00600066663917132 -0.0175268783032091 -0.0207217179639303 -0.220203461228616
0.00143291833714022 -0.0154903078524101 0.261414878889724 -0.205742739375792
0.00331573999315422 -0.00958668449934572 0.376379889017341 0.170028739821003
-0.0012628861582167 0.00589530632388699 0.0681753331548094 0.437947711543556
-0.0121206017736994 0.00416844678950152 -0.208230560285261 0.24421394587602
-0.00784253246925673 -0.00429761913598344 -0.0064643711907698 0.0474116714629778
-0.00949073547747157 -0.00306623228598532 0.208703755531382 -0.173589108258234
-0.0140257975007539 0.00652188629703098 -0.0166570603481015 -0.470863234642557
-0.00172969831266729 0.00473247065399336 -0.420888056965426 -0.219680209678744
-0.00819482226010535 0.00255947640842061 -0.291792458948321 0.249732530111753
-0.0100332679669253 -0.00387640641760038 0.0371613769385308 0.271492265554292
0.00106076116494289 0.00166563133825362 0.145554807134387 0.0993092182239964
0.00565996283134142 0.00614247834979082 0.0913333648298771 -0.0711803471092486
0.00269719081802916 0.00536549299001773 -0.0712968865750018 0.041137618862724
-0.00670889592756445 0.00358217311085531 -0.0963904694986419 -0.071114129925275
-0.0054947981718632 -0.0154066524669265 -0.016411152998479 -0.221331040058087
0.00124461573407655 -0.0139570039240246 0.265451338670512 -0.200715865642223
0.00251746347195749 -0.0110218246328243 0.373097429642402 0.178740502653077
-0.00154364063697169 0.00314528983670428 0.0600794426023192 0.441417708101438
-0.011249236216481 0.00211242750737033 -0.211414727672056 0.242482958632915
-0.00716751175575701 -0.00557733700274105 -0.00567656516079488 0.047074612219889
-0.00846596783539463 -0.00482766022176933 0.206313807118623 -0.175937208894274
-0.0140829676871576 0.00364653039764492 -0.0257941781821681 -0.468699250056313
-0.00295506330742635 0.00349051694870384 -0.424267201060225 -0.210117340261162
-0.00889238663261775 0.00341164652070732 -0.287929063664756 0.255924970282269
-0.00977330666671539 -0.0017159517697429 0.0413314629743876 0.270735082697415
0.001492653102901 0.00285507567040836 0.14732439560427 0.0967515996674929
0.00740392285387452 0.0069704844717482 0.0934328096873259 -0.0721895733886786
-0.00260265611346414 0.000930332292568582 -0.0793342724170329 0.0470219699109172
-0.0101864973624982 0.00758700360473406 -0.106382169621429 -0.0680887944377775
-0.00862854505201713 -0.00669713381236809 -0.0295945245911244 -0.227321392474458
0.00308230570719076 -0.00907225654357642 0.259559206528692 -0.229013561466529
0.0059278667415621 -0.0116763622440321 0.394363312486421 0.142363318056452
0.00245087300394424 0.00512715568202925 0.093670176049862 0.426730001127151
-0.0124041763157378 0.0063323082812138 -0.197993434511146 0.245117212840725
-0.0114508354732817 -0.00232220499401619 -0.00111998916112295 0.0439545458349444
-0.010135340967054 -0.000523363040605249 0.222547746278844 -0.178361788036622
-0.0109382934782516 0.00493757325491375 0.00381188233939278 -0.492234972399924
0.00156840924304662 0.00302957682231053 -0.414105032223323 -0.254972270231013
-0.00617757949882192 0.00920859777536858 -0.303750530072895 0.232604202415837
-0.0126350475694868 0.00854462082479402 0.0276940009522311 0.273983804177884
-0.00293903262780574 0.00751561818498868 0.141755109169635 0.104354376219426
0.00136313413198799 0.0033477190502599 0.0913885043217005 -0.0684830597376916
-0.00284684162628348 0.000714861143239322 -0.0805819961511813 0.0467619715847224
-0.0109458556357828 0.00564663460697956 -0.107998676192886 -0.0665032255058907
-0.00859440989517525 -0.00981202791162465 -0.031834544302467 -0.225323766937487
0.00316063535002842 -0.0110566902771387 0.256796434872973 -0.22981867803666
0.00649158727093526 -0.0100579046214926 0.39635274571432 0.137864701828426
0.00218537245679239 0.00766034868088524 0.0971024172362898 0.426323814042221
-0.0131580124777941 0.00747545956970066 -0.195738845867921 0.246729453301849
-0.0120800033824554 -0.00142472885929205 -0.0022640051061134 0.0451642191456941
-0.0115464181749733 0.000871096988468993 0.223155178129833 -0.175780756709109
-0.0113670379724521 0.00771176067975823 0.0108145449060165 -0.49173917096068
0.00236484018443759 0.00478580586041234 -0.412379457473929 -0.260456988639224
-0.00573975406539874 0.00679680883293964 -0.305960539077239 0.230792895264717
-0.0130652155859941 0.00440719055771749 0.024622347879218 0.274763533729454
-0.00361002225418507 0.00541574560915443 0.14049418909462 0.10630501851683
0.00020466429442495 0.00264326727268811 0.0900811877297559 -0.0684264064173697
-0.00321404356631859 0.000679264846511482 -0.080899267891836 0.0464377012875924
-0.0114568184902021 0.00371758172311843 -0.107379773433135 -0.0663913651331468
-0.00935719113356909 -0.0137193000426272 -0.0332881819516766 -0.224131411904997
0.00285137952204142 -0.013252040404426 0.256452936787405 -0.228700264633211
0.00636250878756357 -0.009056889684447 0.396725905199839 0.138073553706539
0.00131132010802794 0.00951682715653298 0.100277834242363 0.427338498845013
-0.0137006562292366 0.00846711311283785 -0.196484826642709 0.248489922795394
-0.0120556167998531 -0.00128708952683368 -0.00362688029194787 0.0459082373222571
-0.0117399641681367 0.00092041330907627 0.221764933938015 -0.173659490663215
-0.0121677013499281 0.00972784456558078 0.0114244108126883 -0.489991630317322
0.00251880249619776 0.00618208909998223 -0.413549242778491 -0.259933201803662
-0.0058137808117926 0.00472072352363424 -0.307393194161881 0.231278967226923
-0.012295597817563 0.000775071727650924 0.0246233496341704 0.27556454747675
-0.00382041741694339 0.00375040837783071 0.140910149568258 0.106467897512165
-0.000192546804974174 0.00318782364630194 0.0896604710939622 -0.0682577439010894
-0.00263123038263991 0.00158142652330036 -0.0804203241099792 0.045066512066994
-0.0116119747181396 0.00233811378933701 -0.106951627214177 -0.0668001729207232
-0.00860702070634379 -0.0159306766411687 -0.0317009236526935 -0.22372552842456
0.00229818066576629 -0.0149925692326626 0.256670291632073 -0.226247836827578
0.00550242133456509 -0.00839627938281009 0.394363264493199 0.143045171527907
0.000672537041054887 0.0103696943881424 0.0954924724443128 0.430747648622214
-0.0140013569600122 0.00864789859511036 -0.19877501743818 0.250577625983695
-0.0120235426272874 -0.00178466964111956 -0.00518837512502797 0.0468920068844915
-0.0117580668112903 0.000639750392484493 0.219814322556132 -0.172522235607601
-0.0127592640365714 0.0105313152438534 0.00851388025079223 -0.487097078056125
0.00210331400253544 0.00670784803379818 -0.415751808764341 -0.255257001609736
-0.00562884552239018 0.00305992313103888 -0.307130256593357 0.233352002088947
-0.0119569133962788 -0.00251889590218631 0.02584050783784 0.276661050347846
-0.00281159697276904 0.00153059938808908 0.142164619821899 0.106939602211805
0.000248821780519616 0.00345061933532912 0.0895260275280936 -0.068633300986885
-0.00199553059082916 0.00290199327630154 -0.0791006315589551 0.0445161486855884
-0.0107893158404278 0.00183928973999884 -0.105176339449599 -0.0681334164195659
-0.00809136892076271 -0.0175148606731188 -0.0295836332299289 -0.222892189103979
0.00190086532010765 -0.0160836911522859 0.258864284087881 -0.221959776151508
0.00499605374832476 -0.00836198348681911 0.391556481474759 0.150280111866425
-0.00031280135629174 0.0098500751086198 0.088330401935237 0.436787134673153
-0.0142482518795363 0.00743317505448359 -0.202783866563455 0.250012883818361
-0.0106355543824719 -0.00251714244830787 -0.00608030964705637 0.0475351046814167
-0.0116104593739183 -0.000410790615158866 0.217482337368473 -0.172462534842319
-0.013497759986209 0.0103774976827988 0.000921612071046165 -0.485497565221398
0.00144654232146791 0.00686800250249488 -0.418308199369683 -0.246479931769887
-0.00651636928356244 0.00184454494067361 -0.304765763550314 0.239113557493953
-0.0116152525531585 -0.00472381720564841 0.0287502095208415 0.277317664891384
-0.00177647834923613 0.00082010082028805 0.143256025884112 0.105638731096275
0.00185327629765837 0.00403591974684812 0.0904175769794606 -0.0696275757612798
-0.000704647818848613 0.00364642281322913 -0.0771760747242855 0.0431058055478104
-0.00965576129217257 0.00134586100769712 -0.102882319765277 -0.068804652845724
-0.00744830354864447 -0.0186022500220523 -0.0256405556243495 -0.22378431077552
0.00154210510425825 -0.0161372216311212 0.262055751191911 -0.21491243895179
0.0039632063414185 -0.00906922956577842 0.38678599272157 0.162052484116604
-0.00120410674861387 0.00850629921458541 0.0794257884283746 0.440393299347809
-0.0131985516064704 0.00585070061977092 -0.206990113101811 0.249358481834233
-0.00929978762172574 -0.0035747780309964 -0.00646894157981744 0.0481791608636662
-0.0106004074269692 -0.00150555645178151 0.215280091991665 -0.173464442214217
-0.0137162958987008 0.00933730721821492 -0.00673917715641674 -0.482016401756188
0.00021520842187721 0.00628916187522226 -0.42265832756951 -0.235713923337257
-0.00738841598531313 0.001717458683323 -0.301018873394418 0.246882882723476
-0.0109503366766648 -0.00475307955749311 0.0332371220304261 0.276931407889773
-0.00058005642919282 0.000373117121520015 0.145936395361958 0.103681696723994
0.00375368304470624 0.00492416314361981 0.0916284961487561 -0.0706438801053045
0.00107486775403972 0.00433753205017048 -0.0758543111160048 0.0424711343431309
-0.00823206477923849 0.00186579047619329 -0.100766894678199 -0.070715686709858
-0.00636536036931819 -0.0175637018035262 -0.0214906399768679 -0.224491850555728
0.00139517928138601 -0.0155968418597031 0.266134853847782 -0.209937136947661
0.00327268156905259 -0.0104713358386607 0.382545483152341 0.17278412426585
-0.00176651590574751 0.00616819001942982 0.0701259012687549 0.444523485164306
-0.0122214590648757 0.00435736070436336 -0.211130274962648 0.247319071144581
-0.00823682134059201 -0.00465375299250223 -0.00608395102016416 0.0483061354453022
-0.00942807625690727 -0.00326398392530917 0.211396477258021 -0.175888881998529
-0.0140305071552352 0.0067135276451569 -0.0168596654937812 -0.478687206192326
-0.00148391032817298 0.00521031480782469 -0.425678294872992 -0.222683431949777
-0.00834362790236323 0.00232565989917315 -0.295728819658534 0.253297681636758
-0.0102522766738428 -0.0033617635675082 0.0382550191655459 0.276219571421054
0.000522756431049257 0.00145669339569939 0.148383143105485 0.101729717970177
0.00578504611337427 0.00591734394394436 0.0925867072073972 -0.0720997771114264
0.00335177894068723 0.00520678390748525 -0.0733720479064347 0.0418938957426649
-0.00687782722675746 0.00310795436863365 -0.0982730697687822 -0.072470974894415
-0.00603400578025538 -0.0155114355079488 -0.0164694758616943 -0.225343806625891
0.00125793078293844 -0.0144759334165398 0.268945695042867 -0.204243794053813
0.0029088379955923 -0.0113469763419738 0.379523338964592 0.181811901103665
-0.00182979950673531 0.00339661215899532 0.0599762005590791 0.448253075904412
-0.0105156980918576 0.0024038478711819 -0.215214820423827 0.246382728604986
-0.00695818942857059 -0.00581512560834123 -0.00588690415055001 0.048075136987765
-0.00883173669607277 -0.00485442661289586 0.20954188998397 -0.178073463010924
-0.0145087546371569 0.00410780241537208 -0.0264250690171786 -0.476222933259928
-0.00318437112789964 0.00326500072245523 -0.431946424514333 -0.212743121859158
-0.0091049812143149 0.00360917428303485 -0.291711709299309 0.260395644752236
-0.00969808938316881 -0.00118030128349667 0.0426689518184736 0.275453664019868
0.00245146598747081 0.00269047968139657 0.150434037541392 0.098412877391885
0.00726370621644975 0.00724056581249113 0.0950811711496399 -0.0727597946161511
-0.00217276750043476 0.000596642770212899 -0.0813234872754917 0.048147138837937
-0.010324206466556 0.00801127385811272 -0.10828071862033 -0.0682735151869669
-0.0092540587132169 -0.00664944521768877 -0.0305731763753942 -0.231607217359607
0.0033002022204591 -0.00924386739554502 0.262241172843339 -0.234900715372525
0.00583944136113108 -0.012067206717548 0.402322549650721 0.141636957528344
0.00274884373872512 0.00549951635962772 0.0972465359106904 0.43399237545477
-0.0120175306076409 0.00656463515398718 -0.200190124386913 0.249385590760481
-0.0115293067842522 -0.0024450696059949 -0.000471940451855009 0.0444496066662468
-0.0103451200043269 -0.000446184639186498 0.226400112186409 -0.181206209133552
-0.0108128273571258 0.00534336286218911 0.00359024489691723 -0.501147207524104
0.00185438793594261 0.00315343603587681 -0.423345188171498 -0.258007164994563
-0.00636322531354261 0.00918613949807321 -0.307361181493868 0.238655536276159
-0.0129829685269623 0.00898522947567682 0.0289170003406374 0.278781985025785
-0.00292706544910326 0.0078386736517357 0.145027493525383 0.105691856384212
0.00153647226073887 0.00350183617877947 0.0929201958720229 -0.0699609686042373
-0.00285037027329669 0.000639711184223266 -0.0821570719034161 0.0481266643749731
-0.0114899504044612 0.00565490042940606 -0.109389654848328 -0.0672299381077654
-0.00915472122205264 -0.010036280802721 -0.0334621556866501 -0.229459019764137
0.00307923793702947 -0.0114393107633672 0.259838793003568 -0.236478842137472
0.00660985361467429 -0.0104636545900187 0.403520725802432 0.138145394883723
0.0018002664373996 0.00811651704219508 0.100688426061805 0.431972258587493
-0.0130263369352022 0.00810741110875605 -0.198259144723501 0.251594435810672
-0.0118936382234463 -0.00141438313807156 -0.00196011842712252 0.045481841426093
-0.0109245985730332 0.000953068447620492 0.22657241605705 -0.179126194211819
-0.0115599091380786 0.00796233642306924 0.00715772437824244 -0.500832592262998
0.00257270612218109 0.00469681160758672 -0.420439667211383 -0.26289082698934
-0.00554888777453665 0.00683541726772423 -0.310374803429916 0.236103199595544
-0.0130667351031197 0.00495998653946067 0.0264654365913672 0.27921488798668
-0.00387319067972378 0.00589888325635527 0.144284627514491 0.106963941258019
2.39060000004699E-05 0.00246314509501407 0.0921540304388557 -0.0691327077233893
-0.00360565652247232 0.000654994020324753 -0.0823793548622669 0.0475156981627564
-0.0113678569431856 0.00421491171693598 -0.109946295963102 -0.0666012608091107
-0.00928921251692848 -0.0133290479642539 -0.0343567356414298 -0.22828174405644
0.00283006538496765 -0.0135316892524071 0.258625888606294 -0.234750155217693
0.00624997713605066 -0.00897203098137111 0.403810446312968 0.138654943234896
0.00106925144754603 0.0102083653953489 0.103084952813274 0.434817834994921
-0.0137735354049556 0.00859505351401126 -0.198794529977005 0.25313244205438
-0.0122454384595527 -0.00125017140068384 -0.00340575995782928 0.0468560608397182
-0.0116454003247291 0.00125530595634511 0.225276069511605 -0.176758162956627
-0.0123289851442978 0.0102050353052032 0.00913156096612427 -0.499851906142981
0.00244147410477496 0.00600031465610086 -0.420869714517108 -0.261367015780806
-0.00585940396994959 0.00494556837346039 -0.31085999025384 0.236148014879528
-0.0128600281022773 0.000773713664692661 0.026593811909351 0.280367702021991
-0.00376650922696484 0.00346394986109266 0.143973670964898 0.107594788255974
-0.000203630475041976 0.00274654832917946 0.0911421395837138 -0.0697244422242585
-0.00284962379481352 0.001650485435606 -0.0821944300131844 0.04625328587431
-0.0117095664551033 0.00288283731946703 -0.10892302641249 -0.0673707791500095
-0.0093111281938876 -0.016106461406604 -0.0330892978397941 -0.227275319058163
0.00263256513242014 -0.0153330240029618 0.259762536479319 -0.232344767875502
0.00552816475375202 -0.0091329563615015 0.401746723220301 0.144642419947284
0.000709478979607465 0.0106153237733964 0.0991110707232396 0.438735050563004
-0.0141473143547791 0.00864462780790511 -0.200727821882827 0.254715357880246
-0.0116817184184523 -0.00156749682422441 -0.00470384846545525 0.0477218083823748
-0.0117808000597222 0.000889918556344252 0.223226235071375 -0.175610031813406
-0.0130771278589509 0.0110975580558059 0.00703238410713935 -0.496891476277217
0.00228063950000657 0.00730739856402983 -0.421758039729748 -0.257222786212372
-0.00611044727934904 0.00287207597764931 -0.311801429991798 0.238631995017827
-0.0123234798875682 -0.00229477695395847 0.0274487807703163 0.281782895686952
-0.00326955276554142 0.00174570446324891 0.145296403882868 0.108173226072843
0.000146753013631745 0.00331065691628822 0.0915505048206827 -0.0699858675759683
-0.0020077241426078 0.00220243512222844 -0.0812537068082484 0.0451731498754638
-0.0107441040556645 0.00209882053423831 -0.107085644191156 -0.0682938056743435
-0.00864312810981367 -0.0175933167437983 -0.0307496585068412 -0.228158561555056
0.00187316986772242 -0.0166447459794741 0.262564649917399 -0.226896711721848
0.00487176262680738 -0.00869444062268031 0.399633670041701 0.151692991979989
-0.00035197274252726 0.0103203866411674 0.0929844429001143 0.442577908213295
-0.0137265878369261 0.00767349727460966 -0.204262580276446 0.254651660942906
-0.0110317677636699 -0.00252280574614984 -0.00553509076454156 0.0488717943493933
-0.0112184127242204 -0.000187965163357696 0.220811607189157 -0.175483542999845
-0.0137479608317303 0.010757400543617 -0.00119116500973953 -0.492260984496506
0.00120248054213183 0.00718757672796238 -0.425751066214586 -0.249444100441551
-0.00649732077360858 0.00181337665806678 -0.308493056772672 0.244346468709056
-0.011381232542863 -0.00394853240540212 0.0305591239936054 0.281942365876686
-0.00181833775194725 0.000710350942123865 0.147437319318576 0.107093481750457
0.00196427902261624 0.00360558897276757 0.0915669529867921 -0.0713982176924787
-0.000817418100621408 0.00298816915175353 -0.0792911902421765 0.0440617227286937
-0.00949803226945864 0.00165138836116882 -0.10490604317525 -0.0696118812011879
-0.00763541813686008 -0.0184690026729695 -0.0266018297853214 -0.227655043970065
0.00180445943620976 -0.016740090069987 0.265713715459438 -0.220518610309208
0.00379770204783678 -0.00933315627514124 0.394319105304637 0.162830106158924
-0.00146568068945865 0.00904426059488301 0.0829335040753575 0.447344454272035
-0.0134998809027272 0.00601965196960046 -0.209493352140457 0.253492605518633
-0.00948817280588981 -0.00317549699140565 -0.00644736640289388 0.0491416625876647
-0.0105375151710585 -0.00120784017985602 0.217417742187466 -0.177581092114766
-0.014144830782552 0.00977742030982307 -0.00997885986724817 -0.489717648966789
-0.000218537852758341 0.00649487942760684 -0.431582870210912 -0.23787579430273
-0.00782486380548686 0.00154671493960927 -0.305176401917842 0.25241373133361
-0.010786471342949 -0.00453982841739993 0.0351481087628595 0.281453084836247
-0.0008963771560812 0.00072269258177848 0.149678934332747 0.104280684140734
0.00359081488864849 0.00531263483610561 0.0933090594101544 -0.0727397728082263
0.000839666385663976 0.00387154878295009 -0.0770000064248658 0.0431370194808718
-0.00775715393121139 0.00222577051387766 -0.102414330283333 -0.0716699223178823
-0.0071177639231672 -0.0177163911079754 -0.0223075831282906 -0.228691896133637
0.00114381405429572 -0.016266488751908 0.269034516607985 -0.215255497654976
0.00308436220782549 -0.0103998290653918 0.389820137209695 0.174121808744747
-0.0021935167836415 0.00631099024653008 0.0726592670472246 0.451665293473077
-0.0123368371362337 0.00444699391577124 -0.213384372902177 0.252191011013011
-0.00806882269535216 -0.0045553290067038 -0.00653290625669206 0.0493398023946426
-0.00994329445289961 -0.00278099832956681 0.214595131302185 -0.179183486826755
-0.0144225171495829 0.00726344924914954 -0.0191775656291116 -0.486803769787732
-0.00149845898979923 0.00508292243888898 -0.434828597815403 -0.225252478016328
-0.00790811391963955 0.00219236267571734 -0.299451819264445 0.259171427816666
-0.0101522842707222 -0.00371440327118875 0.0400186556634241 0.280701279053276
0.000541311075154577 0.00120262285898707 0.151350238743843 0.102421577489694
0.00574076995343932 0.0058732582375427 0.0950772374014129 -0.0739009250530085
0.00294654740394308 0.00496258441459806 -0.0752292828379039 0.0425502150274077
-0.00655466543907813 0.00350912846887797 -0.100492419430238 -0.0734001173223248
-0.00604604782754145 -0.0157749064342102 -0.0176976612647433 -0.229711530360254
0.00119200241915151 -0.0148200196180483 0.272951646405117 -0.20970163601466
0.00271099874921935 -0.0115555226417447 0.385793058129568 0.183330179211739
-0.00180872311661 0.00351097523396864 0.0628626136339833 0.454760706198025
-0.0107069876798642 0.00227405221103974 -0.217115840619225 0.249915326759787
-0.00699935555376527 -0.00555900801421106 -0.00587534379647642 0.0487405110317226
-0.00845991807337367 -0.00458266615955677 0.212871784295133 -0.181361510066927
-0.0146311584599751 0.00459432226534968 -0.0291153092276148 -0.485341690875997
-0.00304747312215814 0.00346072493691919 -0.440585462820995 -0.21457492553529
-0.00927517113701959 0.00357715768200867 -0.29557750683855 0.265891929058396
-0.0101609363128694 -0.00106867995455014 0.0443991481500205 0.279926923761833
0.00234108043764095 0.00277198573379259 0.154553358737935 0.0997108316824826
0.00790485099894835 0.00690570400539925 0.0970643320081592 -0.0752636071298781
-0.00206591670322709 -0.000593562420915329 -0.0776002672484403 0.0594756277964414
-0.00825657522141516 0.00807259006743723 -0.118798797782151 -0.0566059976936373
-0.00866686984389668 -0.00344909097143311 -0.0597498357598247 -0.23262836731047
0.00324263533807054 -0.0062142292833426 0.23181213915741 -0.272913563582895
0.00199645612370591 -0.00729056048994795 0.42490687707731 0.0910901471483657
0.000550582279943193 0.00301405342950858 0.150468670003094 0.426895824804625
-0.0116718300415445 0.00709991253352873 -0.171288069226838 0.281766015075654
-0.0121412653363447 -0.00124998852218536 0.00455788222925339 0.0449346114977235
-0.00856787909490444 0.00221190807746733 0.207605412539869 -0.209318837774585
-0.0063731709019251 0.00790916233337157 -0.0555109548936735 -0.506309096725277
0.00601473523849035 0.000137328640050132 -0.458671736273529 -0.214222616284958
-0.00311538987168771 0.00820784936910253 -0.285208701205992 0.278068185798097
-0.0124139843565684 0.0104692657071951 0.0631892648050516 0.279197469834617
-0.00322456744342039 0.00754180228100727 0.159412395781951 0.0895030876266377
0.000608507404939062 0.00278760377348121 0.0868687773476585 -0.0812805178721338
-0.00325942889175325 -0.000779917774295289 -0.0777089143261887 0.0598479095740445
-0.0095612782029589 0.00668964544188918 -0.119441320003076 -0.0556179073980132
-0.00942477672190403 -0.00742801256101421 -0.0621623693383689 -0.229496181681585
0.00291436959047194 -0.00861551496348459 0.228978501370255 -0.273376676628647
0.0025230676893775 -0.00607999358473822 0.425812414314168 0.0866564179141791
0.000481000288370341 0.00567916373418942 0.154948916324183 0.425652820942563
-0.0121094970827067 0.00831427944666685 -0.169470771362987 0.283612066836948
-0.0128375327430288 -0.000377882780359824 0.00352563564073116 0.0462518067418066
-0.00948607463670735 0.0037743612817727 0.208536010791688 -0.206518127099668
-0.00691845585579719 0.0110832419547285 -0.0497166468423279 -0.505945006348467
0.00725321979103871 0.00199722483170494 -0.458571875636243 -0.218882929681112
-0.00294942217697721 0.00596238892826891 -0.288400694556175 0.275754394336153
-0.0130888980841192 0.0062082313239612 0.0599760438944926 0.280689197518695
-0.00417388673506716 0.00509743186906074 0.158841967781595 0.0911191295568841
-0.000424084454803636 0.00247572992308797 0.0862013339400525 -0.0805533923419793
-0.00336679680463961 5.56869952515718E-05 -0.0784862858968404 0.0591147976475863
-0.0100769213433605 0.00515360025572187 -0.119982927494982 -0.0543161052741792
-0.00933290834492355 -0.0104110638151841 -0.0629751991541414 -0.228512703518444
0.00269914848396982 -0.0103120873817712 0.228326319731275 -0.272017994686883
0.00233672994269483 -0.00527071781650976 0.426429694122172 0.0871760859440953
-0.000198950106061991 0.00789034430002074 0.156065228510301 0.427328253433813
-0.0130742252923832 0.00903468745357429 -0.169176383097407 0.285713003787236
-0.0123145056095277 -0.000748924810579646 0.00211712097654148 0.0471126150215198
-0.00955518423432272 0.00434853361472794 0.208015567056928 -0.205023257032954
-0.0074912386586408 0.0132607855333386 -0.0493737459622221 -0.50387842146427
0.00829855115587657 0.0032958569828465 -0.458493560045913 -0.219111139784546
-0.00333680381983932 0.00366989962521299 -0.289775638124861 0.276534552399691
-0.0131095227170732 0.00230747228471584 0.0594784822418597 0.28169217130648
-0.00437181724016098 0.00280103694747719 0.158697155494699 0.0916221394915387
-0.000637064171804267 0.00258703970632889 0.0853865234432295 -0.0810361073179242
-0.0026303620713474 0.000872561739948919 -0.0782203330529306 0.0578332416196245
-0.00980710876895038 0.00363570043616605 -0.118790742215386 -0.0546722614734406
-0.00960326083178023 -0.0134467049709815 -0.0617483381268912 -0.227469826030979
0.00194943380115334 -0.0116972971773398 0.230028217121297 -0.269453404654117
0.00209557583380951 -0.00400443691983805 0.425118814360449 0.0925914090118722
-0.000816999918996431 0.00888150348892119 0.153698795658209 0.431333683472459
-0.0135345245919413 0.00884765431863593 -0.172054547388503 0.287875482988597
-0.0121903290515147 -0.00059099919090382 0.000755997477100631 0.0486160302612184
-0.0103123898422101 0.00394244656107824 0.20660955110341 -0.203344975370576
-0.00792216610052689 0.0141009636570646 -0.0504902720744637 -0.501905366926271
0.00727274341362082 0.003848484016304 -0.458352382369517 -0.215234110691351
-0.00378584840510679 0.00217041910243437 -0.290028649789356 0.278631580384217
-0.01259076481168 -0.00114488345976898 0.0605695044240678 0.282426506898106
-0.00397920110405411 0.00133124532432585 0.159510557101348 0.0922621469221306
0.000360722125603245 0.00286438536902503 0.085611723170743 -0.0815957357931564
-0.00208828148162234 0.00202471562626007 -0.0772640557118896 0.0563651984367678
-0.00953294780995855 0.00246856730252867 -0.117439181792185 -0.0563264676306868
-0.00885291238487875 -0.0155605609161219 -0.0593679230327821 -0.227824426945436
0.00107359624047868 -0.0130326845115365 0.232675697560628 -0.264697786039945
0.00122753594190896 -0.00400177827002671 0.423008063266152 0.101466518627319
-0.00208702593079576 0.0081975315609027 0.147102184805713 0.437399857083772
-0.0130684020997391 0.00792712171479467 -0.175165673986041 0.287618876951258
-0.0112147192010246 -0.00164104563891485 -0.000115736737729748 0.04993179173246
-0.0100084769907172 0.00278154684801453 0.203502525207172 -0.202838219834813
-0.00876680969433324 0.0140044386919221 -0.0586894392217954 -0.497196693896095
0.0064695300443669 0.00426085672544231 -0.460177544687087 -0.206018309916608
-0.00429176459337845 0.00125395537544233 -0.285341793200887 0.285084652523381
-0.0121641409286187 -0.00324737200518372 0.064050657416952 0.282660113742968
-0.00331669329273257 0.000462435257428168 0.161602867489986 0.0908667802135376
0.00127196800510889 0.00365531235383392 0.0861792998869166 -0.0824919919281927
-5.4039424349661E-05 0.00207105304604332 -0.0760746068255505 0.0551936547572821
-0.00832624925067785 0.00195329632628842 -0.115226870262038 -0.0581055062496569
-0.00853266503648172 -0.0161950519726459 -0.0550377347151846 -0.22877615827784
0.000790310334202331 -0.0133211074023792 0.236536885287947 -0.258991900542998
-0.00029536872206778 -0.00482009748164052 0.419418913552709 0.112962394917571
-0.0029980347091953 0.00674594566758744 0.137695085064642 0.442401852708285
-0.0123628514969403 0.0066885872957575 -0.180266439003406 0.287550471342635
-0.0100774046346476 -0.00248186007390477 -0.000604940618885891 0.0501769992322174
-0.00916579655039197 0.00118690520215 0.200644608055883 -0.203564199632931
-0.00939084224875679 0.0119989721755669 -0.0660881904098341 -0.493033820800075
0.00459290243873296 0.00373626730980856 -0.463755939889432 -0.192639667288323
-0.00487101821978865 0.000766388855489723 -0.281055975719098 0.292158322949844
-0.0120830424175887 -0.00352259819266964 0.0689224191006996 0.281737590812974
-0.00160422012719632 0.000263490030067827 0.16351442266478 0.0880544077558724
0.00321615903834775 0.00404190528670693 0.0873307296121251 -0.0842544722482981
0.0019784524387265 0.00264337531301402 -0.0743003268224649 0.0543838101042789
-0.0067817394649651 0.00280822597150851 -0.112455649990571 -0.0605266708408519
-0.00736679152531452 -0.0154988840659668 -0.0506338154914227 -0.23031081815009
0.000732177944204966 -0.0129116632459231 0.240736938679372 -0.254132199643633
-0.00126956435562623 -0.00591465207561565 0.417335947463534 0.124945697316038
-0.0035793335957607 0.00476547397721883 0.129444330985747 0.44852839259663
-0.012037263109519 0.00437355018231663 -0.184589432445348 0.286286646432179
-0.009000981041029 -0.00391552080182432 -0.000615760281500474 0.0502011808189288
-0.00847981473095904 -0.000364077344057478 0.19682392598507 -0.206029502440959
-0.0107162373298655 0.010213981712584 -0.077045456348604 -0.48959005174751
0.00338439864613553 0.00249455924473492 -0.467537060891656 -0.18067721310263
-0.00641548312095073 0.000778038184294684 -0.275354591089311 0.298711296924775
-0.0117033039254336 -0.00243414872240177 0.0739334432488369 0.280367889049597
0.000518500097242098 0.000233358716908579 0.165870159088237 0.0855948512065914
0.00564014296518694 0.00554768755895499 0.0886817394451692 -0.0854760405301243
0.00385672805348196 0.00338347433836049 -0.0725601493936616 0.0533334722730818
-0.0052140562120665 0.00365281002766933 -0.111777840547618 -0.0618263703022073
-0.00672776710520948 -0.0135168311267998 -0.0461325425062113 -0.231676804593464
0.000821821277415878 -0.0117308796380694 0.245507598558175 -0.249477190593944
-0.0023537717935673 -0.00706401173401515 0.414768164366943 0.135115680082667
-0.00460245793863528 0.00173661651683736 0.120190420363151 0.454559323650173
-0.0104194118971495 0.00249683790736796 -0.189151150404799 0.2850233937317
-0.0079507456787447 -0.00497798648195358 0.000191064101920143 0.0497742902390566
-0.00756865484519407 -0.00212716859444594 0.194873504840358 -0.207859428865529
-0.0105471170857831 0.00694472787746536 -0.0859311708544131 -0.486027101463091
0.0011351759638753 0.000750489425106872 -0.47278455503452 -0.169268159879622
-0.00697819992178562 0.00240046354998441 -0.270046174740511 0.304537175169083
-0.0105064178591592 -1.10248361819875E-05 0.078380430979225 0.278485143156891
0.00142668967417496 0.00221630530096832 0.168060457728614 0.0826668503723024
0.00753413996773797 0.00588487405758698 0.0909314546829744 -0.0865605760142698
-0.00207153634853557 -0.000974607641345875 -0.0784914028480549 0.0614700501835441
-0.00835822897476054 0.0086470500222586 -0.120947827014138 -0.0564159562394513
-0.00891350086175151 -0.0035735394197994 -0.0636582734150975 -0.236756356393221
0.00329157632310175 -0.0062375744854057 0.232158042471898 -0.280460947159197
0.00189245676191886 -0.00764892865707062 0.433107960410767 0.0883853133825878
9.90035958352755E-05 0.00323817005693347 0.157354406065291 0.432259559125533
-0.0117362016749531 0.00724391201160462 -0.170397706710849 0.287812972284658
-0.0121040008547323 -0.00105479625799775 0.00514383132220778 0.0450675239254656
-0.00833162390932119 0.00230381163391808 0.208931976664192 -0.214087673448407
-0.00632224996822226 0.00814976955338931 -0.0614959748639353 -0.514361910915311
0.00632137297810307 0.000489732350109661 -0.469308058464036 -0.213222006481076
-0.00320762296173889 0.00863348138782351 -0.286749247126566 0.285342766506214
-0.0125908795403497 0.0106948011800275 0.067511700232183 0.283056092764336
-0.00295313208661152 0.00731864386427388 0.163895567966899 0.0890493085913832
0.000751665033341309 0.00288059997920938 0.0881724563312455 -0.0835905462431994
-0.00336391042617059 -0.000386562651457733 -0.0791855510144473 0.0614195088496552
-0.00908855933354187 0.0070117512071999 -0.122761723299603 -0.0548060172317892
-0.0094422250168567 -0.0073463006659298 -0.0664522795474364 -0.233986060982411
0.0028885838071806 -0.00869085514415407 0.228944606146619 -0.281513643235823
0.00259139997004191 -0.00567956799309508 0.433271623133431 0.0827872208103722
8.23933856177938E-05 0.00640022549841528 0.162416051014984 0.430321845520412
-0.0118293253090644 0.00874160777490549 -0.169220808167866 0.289941315553525
-0.0124701195353852 -8.20479827205779E-05 0.00347705241595962 0.0471155922786183
-0.00925901300813454 0.00417997947711426 0.209820086929775 -0.21118592526914
-0.00670820853447057 0.0114059111265884 -0.0565510130523807 -0.513485321035559
0.00746819298397825 0.00207375886059064 -0.467748209345695 -0.216989830950835
-0.00310581733440304 0.00647974654498686 -0.289937920017437 0.282828367114998
-0.0131274021088111 0.00635016286536771 0.0646722484125787 0.284618715726261
-0.00425458633937846 0.00534769298096762 0.162716018927542 0.0903893715740507
-0.000487333930595789 0.00255004182351058 0.0870320335220751 -0.0835588444390016
-0.00341617941977391 -0.000351970654136508 -0.0794062375895555 0.0607860085430054
-0.0103621197058862 0.00489308612723351 -0.122108053026483 -0.0541119721270322
-0.00961356838978562 -0.0102692212417572 -0.0665337455036585 -0.232729112367928
0.00235509015165515 -0.0109814232714855 0.227684671871835 -0.279469134268376
0.00240097734722632 -0.00496672562724419 0.433913649846741 0.0837527317363867
-0.000502868000603574 0.0081989957290215 0.162785832028689 0.432723689613612
-0.0129438075560698 0.00956048272391022 -0.169087592574638 0.292178278215021
-0.0122974838400121 -0.000204382427108366 0.00258825698399678 0.0481050038103805
-0.010285019019957 0.00455580336089046 0.208984769065544 -0.209168897877049
-0.00761412971802675 0.0132874758162592 -0.0552903389736531 -0.512335750826291
0.00777727129330172 0.00361046024436803 -0.467969755053467 -0.216317585071627
-0.00286591210359666 0.00364862872600507 -0.291000857447648 0.284002470906099
-0.0130181502954879 0.00238853103955749 0.064311387164285 0.285645923741672
-0.00440367006489908 0.00305902698171628 0.163459811474784 0.0915799978732405
-0.000494345348125484 0.00272107501354538 0.0869173879179885 -0.0838812407533593
-0.00258669929967018 0.000116219157523511 -0.0797726393273957 0.059543680679037
-0.01032483071409 0.00368870380891109 -0.121443290468235 -0.0547478188778275
-0.00987040359442099 -0.0136061538640907 -0.0654317760283522 -0.231386711245014
0.00167273174490671 -0.012653200962844 0.230209576808092 -0.276401406222178
0.00191615662402571 -0.00421324091948435 0.432652961549427 0.0887623980969188
-0.00129132220251766 0.00898388642648617 0.159869381916024 0.436727658192939
-0.01332147367732 0.0091890033902329 -0.171158576242624 0.293450514554991
-0.0118852459256037 -0.000145875007389153 0.00163629095249137 0.0496668646183558
-0.0104373132319682 0.00387471310690454 0.206729141882119 -0.207790323866501
-0.00778917200029583 0.0146827282467593 -0.0583445364519519 -0.509544994401444
0.00752380501670282 0.00443226064523302 -0.468926688684717 -0.213635135319149
-0.00377097867856194 0.00209550512278265 -0.290820594675175 0.287157264590295
-0.012991094496193 -0.00119792955076603 0.065320535877509 0.286100063336071
-0.00403706220375613 0.00105936483604538 0.164223817603264 0.0914791127103972
0.000166420113107297 0.0028912677280137 0.0867932268428052 -0.0839295377189002
-0.00185143962987736 0.00111664016597649 -0.0786760222678287 0.0587438724691924
-0.00921756906784552 0.00273998467904842 -0.120256392704777 -0.0560930525391566
-0.00967648501740663 -0.0152547337420184 -0.0628132405712703 -0.231887735555883
0.00100768405018692 -0.013556068736078 0.233251632741695 -0.272903448312652
0.00064249851584432 -0.00400773482697009 0.430822437125029 0.0982431157988029
-0.00224587647220632 0.00897511356480696 0.153964972392096 0.442061963340533
-0.0128888489183169 0.00866095687118865 -0.174806596984603 0.293367606389743
-0.0113061712251904 -0.00123263333021336 0.000453682630080407 0.0502554184519687
-0.0100925182606965 0.00315701580613549 0.204255014332518 -0.207901312201655
-0.00867730616521394 0.014083045220936 -0.0643577771116712 -0.504842698581913
0.00658859787353266 0.00432375691690435 -0.470325021854049 -0.203573804318106
-0.00408516442151953 0.000855095342846889 -0.287107717238266 0.292536289494678
-0.0125137295417438 -0.00302448531614055 0.0678063047103435 0.286630634167961
-0.00290358403363767 0.000119651126580486 0.166099902833214 0.090397662465437
0.00142803664559798 0.00377271896379536 0.0868513673108258 -0.0853838042406129
-2.09066498919298E-05 0.00213697117804449 -0.0763920674382291 0.0576033302847407
-0.00812703174034324 0.00249987097648768 -0.117810851016322 -0.0575014703363554
-0.00901551254381423 -0.016008940849499 -0.059033931478378 -0.232667110098257
0.00052406406898495 -0.0134994233825225 0.237508945009459 -0.26772672624075
-0.0003098435978204 -0.00451833268399865 0.427998695787042 0.109843053670453
-0.00376782819830973 0.0072230239028334 0.145730192386797 0.448642484833234
-0.0128876293386568 0.00643243401182563 -0.180476711262902 0.292963180756176
-0.0104509039469734 -0.00226879378121292 0.000180201202568743 0.0510418415733525
-0.00947883313181147 0.00149849477012729 0.20133663937125 -0.208716366688844
-0.00910992286706771 0.0125521024862552 -0.0739554049948895 -0.499466167047781
0.00503923214268543 0.00354031114230882 -0.475258135160453 -0.189328628429312
-0.00498175594535572 0.000778720518164127 -0.281777935216871 0.299708395792741
-0.0121156267998038 -0.00336419525952213 0.0732696438702999 0.285934408404146
-0.00194523808963137 7.57741369475026E-05 0.167986744957476 0.087671990174694
0.00334805127003903 0.00446943591959389 0.088371966698481 -0.0868614829867392
0.00174853003416526 0.00273996693551395 -0.0749907036084953 0.0562842224510257
-0.00687040634022033 0.00300743181317006 -0.115345612669886 -0.0597899984584471
-0.00740549675354152 -0.0152962502338251 -0.054796203702271 -0.233552152725726
0.000379151077446328 -0.0130041488443678 0.242035055998511 -0.261788137884445
-0.00107081428768734 -0.00551214009017684 0.425356836422275 0.121605143520177
-0.00415255725901413 0.00477898547701453 0.135058709226419 0.454180940340171
-0.0115960460962543 0.00478226456148964 -0.184773451184768 0.292585420905946
-0.00901058775778606 -0.00349947276579331 0.000261803761480181 0.0508561605917771
-0.00880483653599824 -0.00012466495880391 0.197959834927347 -0.210472933520565
-0.0102279565371379 0.0101827683521463 -0.0832261243236828 -0.496098369977138
0.00278532604443129 0.00263887784539293 -0.477429826737519 -0.178267842945312
-0.00574724707733371 0.00111479446601234 -0.275625698723705 0.306628324616045
-0.0112751268180323 -0.00250402037436123 0.0788527253495726 0.284021106912603
-2.50067869102017E-05 0.000275336559337086 0.169817672097663 0.0849678108198888
0.00537986317981795 0.00531595909668877 0.0897663811191936 -0.0871860099652031
0.00401349370256078 0.00317353651212927 -0.0736381218976363 0.0547064359831582
-0.00537153002561599 0.00382817428058674 -0.113803065868063 -0.0619994029349293
-0.00703199245727527 -0.0134486477631154 -0.0494452718046158 -0.236559330566915
0.000372171370529321 -0.0118368033914898 0.246639183345284 -0.256658299871154
-0.00233075121523823 -0.00684163424102471 0.422630850040497 0.132780919379216
-0.00450842932443232 0.0017874119626309 0.126361730027976 0.458610115076767
-0.0102616180678177 0.0026886024777633 -0.188439838779561 0.290967180457095
-0.00817107962073013 -0.004828244906502 0.000712290907930951 0.0505472338585708
-0.00733632672692578 -0.00210560989371757 0.195607872627521 -0.213245071143862
-0.0105822226767653 0.00744996903196056 -0.0928665026842143 -0.494249198719859
0.00123687437233611 0.000786541468857333 -0.481348733003387 -0.166722942320859
-0.00669097748470431 0.00269832479793125 -0.270919112270613 0.31268132519003
-0.0108238650622263 0.0002645234852609 0.0830336924949355 0.282391294195375
0.00160901436170066 0.00179675464161545 0.171507087681362 0.0815816466758596
0.00752026798728394 0.00574763328571794 0.0914330020728949 -0.0903534507374376
-0.00258919142112392 -0.000990217264358238 -0.0792071979517202 0.0640795100492156
-0.00817702497847032 0.00871939432353379 -0.124503324860128 -0.055140353896073
-0.00882369439848752 -0.00338370654952487 -0.0686418862657655 -0.239426337479868
0.00315026495168147 -0.00662532683581902 0.231073239466848 -0.288770954529887
0.00177611116956779 -0.00754624529803487 0.440924737277113 0.0826765979082297
3.78945588471614E-05 0.00389481153780203 0.166168032285573 0.436382435617557
-0.0113302423997246 0.0070221052080833 -0.168995683254311 0.294445761111774
-0.0119157262906589 -0.000388579416633625 0.00618645273847083 0.0460364246496745
-0.00853742201845807 0.00322519167404823 0.208824882873364 -0.219939986020028
-0.0065071398296845 0.00871256882707428 -0.0706935242007101 -0.520857583822441
0.00616724105915825 -2.14602612152552E-05 -0.478701281538816 -0.208590729603854
-0.00312693228460826 0.00869648434142702 -0.286063231216801 0.294442638162686
-0.0130379223685479 0.0110331715637594 0.0724547766719229 0.285725837558435
-0.00280548236052476 0.00749956490890787 0.168057124348104 0.087682598703602
0.000752933752572354 0.0024564073388454 0.0886707914938931 -0.0868756585093366
-0.00368013026599686 -0.000911922421731957 -0.0799917764496088 0.0641350074626606
-0.00929211846162209 0.0071005597120019 -0.12558005714903 -0.0542569905113699
-0.00966766942936764 -0.00668875653784793 -0.0709064020364473 -0.237247216103283
0.00289827203820812 -0.00900856979878873 0.228347202581517 -0.289410230840351
0.00229761333289583 -0.00589087372700171 0.440906537312654 0.0781933093930975
-7.13952021005222E-05 0.00624722156907495 0.17067614805139 0.434941813464836
-0.0117838228571867 0.00892029369363513 -0.166944108960757 0.295448957876552
-0.0127558546549625 1.69168269368457E-05 0.00444177937014458 0.0472226703699454
-0.0093184772239342 0.00447245339857585 0.210658892438917 -0.216833660294414
-0.00659242469647165 0.0114005513236829 -0.0661353519066755 -0.519727034298238
0.00740907186777328 0.0018682884177186 -0.477132095806937 -0.213977552127386
-0.00268053314756136 0.00627110192105606 -0.290446242160216 0.291344811028543
-0.0128838450533445 0.00682067285940637 0.0696861158474911 0.287443386742101
-0.00445818473818588 0.00518597623545676 0.166905001115545 0.0900709560778417
-0.000252536244447687 0.0022564004391654 0.0879046353105497 -0.0858337756194199
-0.00339856414436594 -0.000642979894333051 -0.0804805657891653 0.062889001244677
-0.0098891698179695 0.00525691869544895 -0.125270429098206 -0.0534614187543453
-0.010003846250679 -0.0103661529264424 -0.0722345122493556 -0.234984629998783
0.00225550195490027 -0.0111010882032436 0.227005071731683 -0.288243610882386
0.00198369789152428 -0.00501174854884538 0.442243211712956 0.0784749380722835
-0.000223009725031664 0.00854906098485357 0.172426478267017 0.436275397881465
-0.0126137150746347 0.00942192617370768 -0.167122572423183 0.297788108958623
-0.0124195311390793 9.80598461341208E-05 0.00351848254816641 0.0486871457413089
-0.0100597113728274 0.00474687766746478 0.209155588887412 -0.214624182386276
-0.00742571308871061 0.0140213428077491 -0.0631682593894387 -0.517396154742436
0.00787511018928991 0.00286967122654125 -0.47725972683465 -0.214093714953118
-0.00313340355187118 0.00399980440115108 -0.290770939654712 0.292458546344069
-0.0132758905205274 0.0028094706865295 0.069430143917307 0.288741276002025
-0.0044931399477085 0.00343303094360177 0.167656288891753 0.0903713999965953
-0.000824952101123166 0.00275853363589363 0.0870074758231924 -0.0860839155287394
-0.00311484127257933 0.000460517432022907 -0.0802310053422978 0.0621813171308578
-0.0101752020530866 0.00378165301338192 -0.124411615036477 -0.0536377103798769
-0.00997318697455274 -0.0131950397544081 -0.0702598380194853 -0.23457746524155
0.00177494068786925 -0.0127427348950098 0.228407847993938 -0.285769994449394
0.00170547700370497 -0.00465019272895842 0.440316572842917 0.0840112555098111
-0.00127837205788011 0.00977798537369868 0.169804769910895 0.439272898015534
-0.0131190680506929 0.00951938786635466 -0.169129072684542 0.299373686482051
-0.0121681373542874 -0.000496751345803731 0.00242349626065936 0.0502583528526974
-0.0100565540358975 0.00426850075427661 0.207684794773373 -0.213752326826876
-0.00768821989371664 0.0146863524253757 -0.065082650638128 -0.514455790267369
0.00763045390687141 0.00415992917477634 -0.47915443592642 -0.209099969039132
-0.00345926603512697 0.00228088490220618 -0.291122254814338 0.295719245675408
-0.0134191125213367 -0.000491431120683285 0.0706997857810151 0.28933840496648
-0.0042972735340225 0.00187678744913522 0.168060369822893 0.090652956334399
4.12190034442799E-05 0.00286547175690536 0.0870382686398347 -0.0866503759773665
-0.00232363294453417 0.000929399829892227 -0.0794307286429561 0.0603257367496187
-0.00957324022167757 0.0029749906557473 -0.12281661254217 -0.0547923180214708
-0.00983897775134526 -0.0156579351453997 -0.06731560871242 -0.234625387810838
0.00108797085964931 -0.0141541454982854 0.231904326736535 -0.280641627095256
0.000896460769801649 -0.00426733546398509 0.437855381130803 0.0932412515511535
-0.00218958691598437 0.00924034587587108 0.163818972055397 0.444884090131008
-0.0124976055442539 0.00891638233034893 -0.173827015142549 0.299438249585879
-0.011511829798855 -0.00115985599076311 0.00154841263039342 0.0510486314739144
-0.00988198257825707 0.00350253125402111 0.204429037802996 -0.213423625339183
-0.00846613607370156 0.01453851044715 -0.0732494932546917 -0.510595289017814
0.00696123328907887 0.00390635823834282 -0.481066452485213 -0.200538565778641
-0.00403789068420189 0.0010074064885807 -0.286101948314758 0.300884297185621
-0.012975453195215 -0.00277584541163932 0.0735780107394478 0.2896608413438
-0.00319570306416241 8.99455679778567E-05 0.170231817685296 0.0886996827897837
0.0016545825478485 0.00341648328954112 0.0877055686809108 -0.087649646969921
-0.000367596029772467 0.00150012634056732 -0.077782736339214 0.0594250454248624
-0.00860829337711532 0.00246784767939275 -0.120182039767949 -0.0568308070210574
-0.00892473784141492 -0.0162447576687829 -0.0635593145610197 -0.235945384115871
0.000452253240463704 -0.0143955828967705 0.235815399178642 -0.274385725710947
-7.36737129750703E-05 -0.00471956576511021 0.434775476922427 0.104522576627058
-0.00363733735160717 0.00793823531147036 0.154220107514216 0.451077900427144
-0.0125917753229423 0.00687568448785333 -0.178392583102601 0.299276436935598
-0.0102323212605248 -0.0022687961397674 0.00143213525743973 0.0516289481992981
-0.00965066840541391 0.00184583180742893 0.202709448686627 -0.213478872532673
-0.00925310109995391 0.0135872030984015 -0.0821115375301212 -0.505682600402804
0.00493315047686406 0.0034676871411029 -0.484116594780583 -0.187032114287874
-0.00491275779507544 0.000852786553389907 -0.280970546339403 0.30806471078633
-0.0125225414345525 -0.00313300536850208 0.0788816418712559 0.288677584126713
-0.00169724762711034 -7.4793551279595E-05 0.172039879746082 0.0860678137391132
0.0036609094747055 0.00424927162629109 0.0887657748239347 -0.0892262100229855
0.0015520465878592 0.00195497135194254 -0.0756331377398871 0.0583403939735757
-0.00678190291887702 0.00276973092735845 -0.118245961650715 -0.0593540180602461
-0.00804530780472287 -0.0154712900140243 -0.0588651952446804 -0.236864903542239
0.000258807192397932 -0.0137506848595303 0.240460695072765 -0.269558335905084
-0.00102317871647042 -0.00520881782137658 0.432593819185685 0.116661167228321
-0.00454750368374357 0.00532744157466172 0.143932965628582 0.457427617652756
-0.0119430093709416 0.00474151956866655 -0.182533684269359 0.298674054478248
-0.00848483228658799 -0.00340984207074551 0.00106413597020024 0.0518254535294693
-0.00889373499911625 -0.000249158386085229 0.197908366441817 -0.215830580062179
-0.00959945946578222 0.0105651155676451 -0.091548920550125 -0.501292261571644
0.00319654317843562 0.00250543927620592 -0.487804104301948 -0.172301334736219
-0.00610710001949868 0.00149038371262633 -0.275318249307724 0.315899105544988
-0.0113743671084888 -0.0024363672819084 0.083925170283599 0.286910671241752
-0.000225270155965465 0.000754022956694309 0.174418232016542 0.0838511456943049
0.0059800249834505 0.00519628857609818 0.0900324055298096 -0.0907809279822031
0.00366057794919191 0.00293217771290353 -0.0739675233200207 0.0568693918179644
-0.00514023634947849 0.00384829069384003 -0.116406383587219 -0.0612126823180737
-0.00735410005482856 -0.0135855426515099 -0.054041393688621 -0.239294717174669
0.000318977075853681 -0.0114993059542703 0.245868810422747 -0.264593683510559
-0.00213165211790295 -0.00715615074984912 0.43117617471474 0.128535624673331
-0.00439929894586008 0.00247655394881686 0.134931161777728 0.463209913761082
-0.0109196302743983 0.00249526679353087 -0.186762937202856 0.297057300840298
-0.00761658161983622 -0.00504261678768442 0.0015909631164383 0.0515012373793609
-0.00752508358819659 -0.00217744156376835 0.194600679512578 -0.217821645706273
-0.0104242485358719 0.00738388763931479 -0.101765034960324 -0.499284030575415
0.00102328409080001 0.000734478709108167 -0.49041682984544 -0.161009337778981
-0.00655892402501782 0.00271820711862736 -0.269093748039697 0.320742521205104
-0.0111336262313471 0.000184482592963527 0.0885459316180974 0.28511024854859
0.00209669589432615 0.00170820433385077 0.176214582135693 0.0802382314713174
0.00747078225678987 0.00584159985869584 0.0919503953721144 -0.0925951731989451
-0.00248643261484457 -0.000779252029670647 -0.0795953571443961 0.0663354669033591
-0.00795151581335644 0.00943722168351551 -0.12700670646472 -0.0540433993516367
-0.00915900565249102 -0.00316677121996122 -0.0740211986670579 -0.241959625283587
0.00324464403484238 -0.00668922856625771 0.22757371745232 -0.29667022737591
0.00159890479443368 -0.00754378893360927 0.446377290566601 0.0763616157150709
7.43872607657566E-05 0.00395908159048704 0.175372444764039 0.437924869785898
-0.0112514367402393 0.00714817527930112 -0.165583535952092 0.299653830492057
-0.0116788750983511 -0.000571891040174596 0.00721376549975778 0.0462913414334397
-0.00837202643695487 0.00297693423111053 0.207557954738503 -0.225698866624062
-0.0060667353645803 0.00870770426166538 -0.0809628513502522 -0.525601465060617
0.00625506596156828 -0.000136683816929261 -0.488451096761456 -0.202799985601965
-0.00238076195926747 0.00905763552799135 -0.285114194001355 0.303181370110605
-0.0126283872873784 0.0117633859832138 0.0791797077199307 0.288532441031449
-0.00290109900762003 0.00755698507694072 0.172023797425504 0.0857529125527055
0.000505585639539733 0.00251469886991485 0.0887037891187021 -0.0892248740928022
-0.00354996566822196 -0.000943019024675157 -0.0799432108117339 0.0662036839846797
-0.00941960006353892 0.00706561964646246 -0.127784296560848 -0.0527980461180761
-0.0103085183773413 -0.00687969559089299 -0.0763875628816849 -0.239204653173663
0.00275699562501047 -0.00905746080462506 0.225030914358977 -0.297173694360277
0.00214553032105729 -0.00599030979529117 0.448052387103645 0.0720606067855391
-3.26077612757512E-07 0.00687856308291989 0.180364444207474 0.436597493751377
-0.0120648185016238 0.00865302780472434 -0.163728222383067 0.301619407040812
-0.0123840195199143 1.75533015725634E-06 0.00561333724346191 0.048039955081324
-0.00916415579144295 0.0044795746625124 0.208428693008998 -0.222720974573487
-0.00683359138768653 0.0121656088232823 -0.0750061884497751 -0.524131564459233
0.00737472303379358 0.001917492015301 -0.486773186663019 -0.2078117501661
-0.00286485635319079 0.0059716998536364 -0.287540661156601 0.300940672827279
-0.0135037029998514 0.00739125086699112 0.0756962634206588 0.290040765015347
-0.00376411091745988 0.0056940563593219 0.170987944264231 0.0873066161399816
-0.000209328644579727 0.0022152766855801 0.0873569135871056 -0.0884235216554677
-0.00425063012110419 -0.00055578178983864 -0.0804200069753201 0.0660070436000444
-0.00993174398378258 0.00524116977164221 -0.127403129287407 -0.0521127254044377
-0.0105017453173284 -0.0102254908494386 -0.0770168148751719 -0.237418899511645
0.00188836490953455 -0.0113482029996455 0.223681868782784 -0.296292704942913
0.00235271216918979 -0.00471346389439399 0.447943106856449 0.0710644608700032
-0.00047820236498539 0.00933847939575446 0.18157982674727 0.437462736512048
-0.0126913602773458 0.00964002404681851 -0.164478305232855 0.303478500746064
-0.0128534878288049 0.000192859812073672 0.00464978137723779 0.0495444196543243
-0.00992191026949512 0.00528019395791447 0.208355182789679 -0.220749631125319
-0.00745129159685801 0.0140376335426111 -0.0728339959233953 -0.524302080685062
0.00812429952128934 0.00325977711324836 -0.486888660346053 -0.207554564458463
-0.00274411335927709 0.00393136860869207 -0.289270851994511 0.300847582533723
-0.0138402444325445 0.00319565842804041 0.0753383268781231 0.290656484533111
-0.00472795993823052 0.00359652267973211 0.171663441567497 0.0881184905531897
-0.00123144561017657 0.0027618705073492 0.0870017618718269 -0.0892065833858652
-0.00340635574080185 0.00028583899469439 -0.0804499842569551 0.064224511535184
-0.0105052749680641 0.00405922924582122 -0.126427800172244 -0.0522475235625012
-0.0105219715549802 -0.0132180938267273 -0.0755101226077409 -0.237016435739444
0.00148370107362128 -0.0133322546895828 0.225672854602931 -0.292803594647427
0.00174319147231428 -0.00407522780319338 0.446906433733457 0.0776479362058456
-0.00134236683502383 0.00990744307495597 0.177766659900255 0.441511065502466
-0.0130945907001561 0.00990731711053089 -0.166330939416227 0.305317417043398
-0.0120975111072286 -0.000266977735583783 0.00348390888519033 0.0506750553460982
-0.00989122233889448 0.00485126303795785 0.206856778018404 -0.218895352171229
-0.0074713358012519 0.0155459758440435 -0.0751945540562157 -0.519062817326484
0.00777940368406468 0.00417898339226978 -0.488388140601667 -0.202906420060381
-0.00336604087251967 0.00214191930574919 -0.289017884868088 0.304379908012091
-0.0133821944069782 -0.000200507151596931 0.0767072172140401 0.292186087890805
-0.00406780771516875 0.00119550769506861 0.172468742124501 0.0883029172035122
-0.000154464609405785 0.00258587180164635 0.0866689390087123 -0.0889775966688747
-0.00201394364092303 0.000938699806784588 -0.0793115381662799 0.0633283419197665
-0.00953298753342804 0.00309689561738383 -0.125304674435725 -0.0538537433736248
-0.0102607454216003 -0.0152470367788925 -0.0721836932663278 -0.237590030976816
0.000906474282180034 -0.0142852660577956 0.228618509443113 -0.28855868128271
0.000584754948688007 -0.00409355590641952 0.44583948602899 0.0858362061999685
-0.00254522038293288 0.00963528524400262 0.172609652635074 0.447262997258701
-0.012779359230672 0.0090741577962436 -0.170035936254424 0.305988635742892
-0.0114667079993113 -0.00105046243320985 0.00239635533509054 0.0518782477267586
-0.00954102936465668 0.0034327602713707 0.203509926748086 -0.219061660569869
-0.00777068305349581 0.0151748803406784 -0.0825494644348551 -0.514793671026755
0.0068294470819467 0.00420762189128608 -0.491025324522473 -0.194154361679541
-0.00455378170649558 0.001028028793987 -0.284697943102251 0.310235262545051
-0.0127113797946811 -0.00222066034962094 0.0804197594787497 0.292114760241108
-0.00304029055158917 0.000517665666256032 0.174619381172276 0.0866671890769391
0.00178598750310197 0.00323242506454501 0.0875126256423811 -0.0911208853979588
-0.00042106560159945 0.00163710652506871 -0.0776795694748852 0.0619413388005283
-0.00834498820380197 0.00253761969137127 -0.123323273552497 -0.0555262057722373
-0.00968776983083515 -0.0157057491154975 -0.068592437999883 -0.238239091166445
0.000207711318951016 -0.0144186118573013 0.234130881450206 -0.282709075468044
-9.15717645896099E-05 -0.004428361782937 0.441926027078802 0.0987340719250445
-0.0036520028927897 0.00831162633064704 0.164044466358573 0.453912334817806
-0.012292442091024 0.00696169218823908 -0.175638187173921 0.305752570584139
-0.0103521013633023 -0.00231173931775746 0.00201974404283847 0.0519415876666346
-0.00959515235535415 0.00199205621401575 0.200527077902308 -0.218837721426825
-0.00894543068567894 0.0137206980684682 -0.0913511608719436 -0.50954512050921
0.0049735503623929 0.0032238969143756 -0.495548913256522 -0.180871893785711
-0.00481617891131428 0.00121478926227089 -0.278975604328345 0.316426893078039
-0.0125721350017897 -0.0028194029606386 0.0841846699176477 0.291082825020609
-0.00160223813954065 0.000175414783647215 0.176161603831516 0.0839229353813911
0.00377355193711853 0.00391206960243956 0.0887159524801332 -0.0915921145792329
0.00170675294466766 0.00238953366731509 -0.0761598440107756 0.060933911587337
-0.00671740006793604 0.00275536580991398 -0.12092753524234 -0.0577885257029462
-0.00834626467615626 -0.015281037582293 -0.0632077814656466 -0.239658018257511
-4.77600511947572E-05 -0.0138442334121775 0.23807081314471 -0.277428355122348
-0.00144354652857155 -0.00564180348236736 0.440208552619364 0.111096274836778
-0.00425354732056252 0.00582038219468933 0.153348887751691 0.460459132170871
-0.0112867526097004 0.00485860024176745 -0.179622922075482 0.304381548333101
-0.00881803216423781 -0.0033629880287409 0.00227056955137649 0.0522327593607609
-0.00863452807058502 0.000185171255780052 0.196457366818335 -0.221488961623295
-0.010211355847317 0.0113674066787458 -0.102174821334936 -0.50645633015552
0.0030773778058962 0.00263313047480066 -0.496829843386028 -0.166254340667025
-0.00601912882182275 0.00157756660414224 -0.272506012391313 0.323596017212105
-0.0118656653206551 -0.00191754140132054 0.0900768172478992 0.289311270526057
0.000236859902240527 0.000362957772330594 0.178246579794949 0.0809387248412356
0.00559981488109364 0.00492045026248118 0.0900097536827647 -0.0936034673703217
0.00422049516918327 0.00230670726533522 -0.0748198728911312 0.059415338983149
-0.00500966831802022 0.0038275780580188 -0.119109466650668 -0.0599221811737425
-0.0075962892192027 -0.0132134098445737 -0.0597098596927386 -0.241930002619586
-0.000192843539750299 -0.0123567322458792 0.243771303817466 -0.272804655471431
-0.00238702581983003 -0.00690249473452784 0.437990332360002 0.121576369349148
-0.00498920109921962 0.00270851031388099 0.143840061385667 0.466271154437895
-0.0103396501898601 0.00282007055745159 -0.184203300263014 0.303931643544218
-0.00805763376740087 -0.00450298964636021 0.00266020937072143 0.0519983697716891
-0.0076747116741148 -0.00147299737334447 0.193809343767322 -0.223047867056827
-0.0106466632614765 0.00795633267152506 -0.11197152716453 -0.502880140534635
0.00130996503134049 0.000804374803239591 -0.500317184380564 -0.153971501168422
-0.00685610903270649 0.00314358303040344 -0.266719678537989 0.329774491747383
-0.0115371585109983 0.000328596424038958 0.0946841357325713 0.287610965280961
0.00166371830250569 0.00160315070822014 0.180515760032478 0.0782609238985619
0.00811060869901072 0.00558983389626785 0.0920697203319294 -0.0951066510767575
-0.00299884807029944 -0.00142560693296556 -0.0790940833305038 0.0687428904258667
-0.00801758422146016 0.00963998227536044 -0.129281895644591 -0.0521700696514634
-0.00924761470065169 -0.00275979573053144 -0.0792059819502548 -0.243284913380476
0.00304007729429084 -0.00742029743445822 0.22384761753031 -0.304030300397653
0.00136762914243848 -0.00731732148876586 0.453223192660713 0.0687735736719612
-0.00015594748939393 0.00437602878753273 0.186375288293038 0.438369133604741
-0.0106284554151863 0.00741859368392373 -0.161348137756859 0.305107043432589
-0.0117709506602971 -0.000171159586157765 0.00846997928830944 0.0465751698046078
-0.00808278595351119 0.00353804228140235 0.205393925275002 -0.230870259475244
-0.00616780112610042 0.00972061060397736 -0.0909313735178297 -0.527787583158455
0.00659427662100733 -8.84047275118843E-06 -0.498435839751939 -0.196720275973073
-0.00222536276794115 0.00867928635807664 -0.281498245821543 0.311035318469631
-0.012383416433193 0.0118644101587119 0.0847640353637185 0.28936834013193
-0.00277439940036866 0.00795408269129669 0.175873629267847 0.0829858725518008
0.000977575251776676 0.00292116557158412 0.0882438837135932 -0.092054813737136
-0.00352570273037927 -0.00129187764030455 -0.0808682249410193 0.0687195151203201
-0.00927000515239771 0.00768814439384999 -0.130158330443328 -0.0504724604747464
-0.0103207838295439 -0.00652313882844484 -0.082046219039246 -0.240524338363468
0.00255538664539343 -0.00923186278679471 0.221765994698843 -0.305542602668665
0.00189644410135842 -0.00594835856489598 0.453460221112482 0.0630270106035118
-0.000227631426744861 0.00706092689666834 0.188622154640999 0.437026255857268
-0.0117086901809726 0.0092143898651672 -0.159544720659923 0.307080916398796
-0.0123683371710497 0.000415446043623642 0.00677237247845165 0.0482176553514311
-0.00905985707702767 0.00435752508412572 0.207052414037508 -0.227288215421787
-0.00656227411123269 0.0122468868825676 -0.0864232919793418 -0.527087206505476
0.00719037487064786 0.00156590809301244 -0.497443959806218 -0.201204288025778
-0.0024164377785705 0.00618337769257199 -0.284796218399297 0.308363705661543
-0.0130807246388023 0.00738963304604364 0.0820666190794704 0.291818402142338
-0.00420540089640716 0.00596358833558239 0.175211345099573 0.0847595472143044
-0.000484965826731358 0.00248457594522752 0.0872609691300931 -0.0914188066208751
-0.00358275221526306 -0.000995026431655427 -0.0806915746007521 0.0675372857058529
-0.0100466907891023 0.00593387122005654 -0.129639440169737 -0.0500678411261636
-0.0107340236270624 -0.0100568982542336 -0.0825764172654199 -0.239015053105835
0.00209004489227637 -0.0113398131133949 0.219628089655672 -0.303449481729646
0.00227430532321031 -0.00492969245783102 0.453485591889672 0.0640801195903618
-0.000434861336896279 0.00926781290183128 0.192450018880463 0.437931515701386
-0.0120731546315643 0.00997701295663842 -0.160276082942558 0.3089864018018
-0.0122799450955453 0.000317048685034465 0.00574695492560884 0.0496615601610008
-0.00993834243327495 0.00529068726453668 0.206056681016858 -0.225278822633618
-0.00647540202228247 0.0151316565425881 -0.0861726283549974 -0.525107328003425
0.00801032796574999 0.00304013110936134 -0.497235480976996 -0.201153258382675
-0.00250631015273003 0.00416388430553371 -0.286400681212835 0.309420476212707
-0.0133181648700023 0.00345871548156559 0.0821553008447976 0.292755510848989
-0.00453153782227696 0.00342132025885634 0.175230463294915 0.0856023079597578
-0.000365171101420595 0.00263485191661688 0.0864022404674935 -0.0915500097187102
-0.00332835545448706 -0.000285871762526403 -0.0806380400072302 0.066794527714328
-0.00999390903653939 0.00392346477317099 -0.129108226284135 -0.0508454987586131
-0.0109986368933117 -0.0130640410649271 -0.0812585105443891 -0.238661698141612
0.00101918172939055 -0.0134475970148923 0.221439505873572 -0.30061901130081
0.00138443568179691 -0.00416137632209578 0.452013401460589 0.0696221555434985
-0.00095893720941666 0.0102521397225192 0.187934986607495 0.441916330818986
-0.0127001543039328 0.00960146487566087 -0.162088174699971 0.311065352705025
-0.0121280397362203 0.000166234373075018 0.00507495667430943 0.0509366682362882
-0.00989497962035072 0.00514972141953795 0.204181278728008 -0.223712511767662
-0.00728633913154273 0.0153883524200616 -0.0864579152127601 -0.52366246671518
0.00757643400560931 0.00391258761156898 -0.496916289334324 -0.194824767954788
-0.00319160346104652 0.00217856795901107 -0.285484993004085 0.312693355964169
-0.0136056319412854 0.000110380412780515 0.082938442940264 0.293431166045903
-0.00432167211889007 0.00171760297341931 0.177077185159116 0.0855179908345524
0.000321293476707101 0.00274820163859791 0.0865599353131257 -0.0913707198899211
-0.00259838194171216 5.19083199770573E-05 -0.0794940678389451 0.0658181501415505
-0.00975419604336964 0.00353886690593909 -0.127530752771313 -0.052053300857258
-0.0104168300112263 -0.0151701201001451 -0.0780192407104614 -0.238124586143072
0.000625060398915442 -0.0143576372967428 0.225171269671683 -0.296078535159747
0.000992634266028699 -0.00373181994353803 0.450773656328299 0.0792853845932281
-0.00216521933928014 0.0096180725186657 0.182442908555069 0.448797863956796
-0.0128788073451114 0.00882494334438493 -0.16626184092465 0.311522648606077
-0.0109374611535422 -0.0010781816102177 0.00363948016801165 0.052679418239131
-0.00927887565705341 0.00404870861228561 0.202143700737983 -0.224172247489412
-0.0081489792719456 0.015592172542433 -0.0941335973407079 -0.51888530371801
0.00654772385763988 0.0040771763057812 -0.499306535538158 -0.185552066861949
-0.00426982551437367 0.000953353450934323 -0.281558012926931 0.318681290598391
-0.0131648226366654 -0.00169942028671983 0.0871061299971844 0.293158895428974
-0.00315879985773686 0.000199359002100188 0.177840449854279 0.0840282145354757
0.00169068274814962 0.0034507351747656 0.0870317917546493 -0.0934696599043393
-0.00021224751733622 0.00150394923510803 -0.0778855003152702 0.0633234776876003
-0.00864071338685462 0.00273016328776886 -0.125350800103235 -0.0540733901782389
-0.00992428710429772 -0.0157519976054847 -0.074237224321373 -0.239676324862427
-0.000265138336021112 -0.0145792272856604 0.229861472612345 -0.289887053271491
-0.000131628066257882 -0.00467652556523322 0.44805695107021 0.0901666159450004
-0.00314617505574937 0.0085929614931712 0.173774652814379 0.455079231693301
-0.0122776731361784 0.00704181327527737 -0.171481202648887 0.311285779971582
-0.0103057195750431 -0.00207507458406582 0.00339410263814844 0.0523671190259836
-0.00941695719134225 0.00261570073755229 0.197877325468735 -0.22409944694573
-0.00871503216764698 0.0139132082557277 -0.103465233866142 -0.513473227537576
0.00518433158504307 0.00422119891341195 -0.501439588742197 -0.172682428793795
-0.00506361338356335 0.000389674045544698 -0.275558780532844 0.325703171839751
-0.0125137519779156 -0.0025474856778305 0.0911848255289832 0.292334474262801
-0.00198140413426556 0.000425720278969463 0.180306706988335 0.0814874887532548
0.00353911473668601 0.00387759790382713 0.0881216014464998 -0.0948387092227392
0.00200679966849355 0.00115121125107374 -0.0764336440684974 0.0630489462753409
-0.00659289905252341 0.00302720618036239 -0.12307758870434 -0.0562346718103498
-0.00889369347013492 -0.0148944408337187 -0.0694513611151368 -0.241116182220584
-0.000324059303916861 -0.0139990653381516 0.234875203681003 -0.285366454367722
-0.00176186073967074 -0.00525513898708293 0.446114038225275 0.103343658184509
-0.0041921488442742 0.00665796003210279 0.164817768447689 0.46180440384862
-0.0113993301777205 0.00526568174061422 -0.17571611922459 0.310663587002459
-0.00896742973834428 -0.00301907304178758 0.00350712572722737 0.0524827497879751
-0.00846045287937646 0.000226855042750141 0.194424085603335 -0.226200433125991
-0.00955362312163946 0.0116941164643354 -0.112885167332985 -0.508351630622894
0.00329486235078769 0.00235360961732965 -0.504676519270402 -0.158773008261738
-0.00577869003473526 0.00171143363733526 -0.269222995463559 0.332261273829194
-0.0116246490192543 -0.00212059759324962 0.0968219484119046 0.290192867182403
1.7813630391121E-05 0.000305344492779266 0.182410240697595 0.0781796446680527
0.00595712753228509 0.00502489839394987 0.0898211338810209 -0.0965431712254976
0.00389482151541168 0.00187445697572485 -0.0747971855801597 0.0619493835954282
-0.0048405219577439 0.0039660358107761 -0.121554177369082 -0.0581788718505432
-0.00769836355702649 -0.0132503968103836 -0.0655968099051836 -0.243476142736668
-0.00039682588651962 -0.0125736632824081 0.239932129663154 -0.280057986657522
-0.00275496147485279 -0.00676704136113866 0.444423871214553 0.114488879740988
-0.00492902991013423 0.00325691477737179 0.153840867139528 0.467484124738108
-0.0103581039755313 0.0031692209927442 -0.179784406516318 0.309757797389241
-0.00748343873360045 -0.00458077548585552 0.00428538417931783 0.0522391645770376
-0.00804063666518911 -0.00159753575702036 0.191250799948305 -0.228103115327819
-0.0106620296825764 0.00877485790458816 -0.123142924114003 -0.504816609056968
0.000878465111881002 0.000544481663270213 -0.509326735237607 -0.146607292231236
-0.00638201162076168 0.00327517446155878 -0.262878466418876 0.33811019385399
-0.0109711005128906 0.00142971715466237 0.101274888117833 0.288424896964251
0.00166626464532967 0.00198248654516899 0.184279939017306 0.0754701061257259
0.00828105285663394 0.00538267615118984 0.0913200681359411 -0.09780384711066
-0.00331341891979237 -0.00134839188603357 -0.0786412896394785 0.0710313027574038
-0.0075845825750574 0.00988327776500199 -0.131513497129524 -0.0498074344643606
-0.00933768475432273 -0.002452896523612 -0.0856771557897884 -0.244162749317157
0.00256597025811502 -0.00738144962656775 0.218212609511245 -0.311014101828429
0.00121558474504087 -0.00741744605878722 0.456385850285025 0.0597712088099305
-6.96436113015349E-05 0.00493758749585347 0.195813350243434 0.43635150464671
-0.0109844866091321 0.00734380544357015 -0.155538345608635 0.309562199540381
-0.01193948437283 -0.000558683202243871 0.00912229360184324 0.0468510981142149
-0.00804811745857629 0.00366365688831298 0.202179202579673 -0.235393622425026
-0.00604726986692359 0.00996486717199371 -0.102815653072325 -0.529282723369209
0.0057912340577357 -0.000513350072299957 -0.506341903349164 -0.185228068441694
-0.0022725414134564 0.00895861511468792 -0.276629887192129 0.318200276905984
-0.0117177379871004 0.0128287779597891 0.0918432140010778 0.289515859969677
-0.00263143792231673 0.00791228020971596 0.179038064560997 0.0794175665236745
0.000986912992551377 0.0028322102658783 0.0874738249032339 -0.0954889115879091
-0.00406878665350228 -0.0011713009509837 -0.0800886086306868 0.0707103881529504
-0.00907635216827377 0.00742352046041458 -0.132295132661537 -0.0479579689238376
-0.0101901698280989 -0.0058810510380327 -0.0882022011610135 -0.240997726641959
0.00237735877959219 -0.00964521136179336 0.215016880751903 -0.312206210527163
0.00196080451165584 -0.00640009949329452 0.456680592867121 0.0546215531050699
0.000231912871870285 0.00737176656085213 0.199534317441988 0.435207462597942
-0.0113651768992476 0.00935861254717295 -0.153988954536858 0.311580145939288
-0.0119904866101659 0.000763300040414074 0.00822752860466331 0.0481015695589401
-0.00866961967017856 0.00513919627465038 0.203472291864635 -0.232385133946897
-0.00592126748878087 0.0126063518909813 -0.0978420371419938 -0.529090153782582
0.0073020744424201 0.00161271660023056 -0.504324971976359 -0.191569090963922
-0.00218199643309597 0.00631970710183928 -0.280100043362357 0.316994946197877
-0.0129468733460152 0.00850803365789876 0.0892752234864792 0.291722226896002
-0.00378309445751086 0.00617564185240451 0.179150764403598 0.081565393739117
-0.000662093459347078 0.00265181652521851 0.0861310886885081 -0.0942966515910341
-0.00442044380449231 -0.000905389154641429 -0.0803838232236129 0.0696506770373424
-0.00982388567208168 0.0061502135957522 -0.131869999976675 -0.0474780807863973
-0.0107539275426095 -0.00936377443318721 -0.0886428961240212 -0.239466356649211
0.00157677447443844 -0.0118670742226091 0.214429493087648 -0.31045823717155
0.00237602631312562 -0.0047290135336235 0.457373064882456 0.0544562731432376
-6.21986455300672E-05 0.0097359117477237 0.200886858805006 0.436286788573818
-0.0120448897198356 0.0101020021271842 -0.154688860758484 0.313288341428966
-0.0121800825373722 0.000959843087626443 0.00715827779016305 0.0499819420059618
-0.00959449582988599 0.00591150459327182 0.202542586405722 -0.231042457374008
-0.00635873922722028 0.0148926893409333 -0.0971612814711133 -0.525962786849068
0.00808141948286521 0.00245840048105451 -0.503201544152326 -0.191139603219876
-0.00268709590273108 0.00440896402723794 -0.281579505047254 0.317757619222774
-0.0131425852607273 0.00400749249707174 0.0881831451578895 0.292310815631864
-0.00467256869663443 0.00377397311061848 0.179339377329625 0.0816782621600925
-0.000752110361125034 0.00243713801406397 0.0852988439892556 -0.094149210755353
-0.0036889497487697 -0.000653626349097394 -0.0799962317798343 0.0695513463603509
-0.0102488278656319 0.00428434851816761 -0.131073453090711 -0.0478097179280514
-0.0114302675879838 -0.0127198065629536 -0.0870150179956677 -0.238118246795344
0.000461575521542536 -0.0135740196268541 0.215810339285174 -0.307142633821577
0.00147037629338359 -0.00432197385680486 0.45592794247177 0.0605402844825699
-0.000960396084690088 0.0110410810641893 0.198454238901755 0.440485024339023
-0.0123475688996605 0.0102742097872424 -0.155517516459653 0.315557202004343
-0.0115393488711598 0.000243314548928772 0.0058133421794001 0.0512916502859455
-0.00976731761251164 0.00567950294372177 0.20110458721256 -0.22825968827335
-0.00698790345261366 0.0161274270026565 -0.0984488013189259 -0.523123285371468
0.00798800248482401 0.00364084190265677 -0.506182306666083 -0.186599066591014
-0.00320755897507397 0.00239972875404346 -0.281416239942828 0.320368599005901
-0.0136102643077653 0.000408005397506605 0.0897407296322363 0.293625452789442
-0.00386361259458338 0.00179395086517722 0.1799391073022 0.0815222961661004
5.17562512722149E-05 0.00298030766140232 0.0851292108734918 -0.0948267412127923
-0.00258733031190317 0.000119498247532662 -0.0791111275676711 0.0679531217458097
-0.00921098792487539 0.00355777594680944 -0.129822840215792 -0.0498593384138922
-0.0111636385388917 -0.0147645424450867 -0.0839154653773225 -0.239259739279932
-4.0833039564214E-05 -0.0147310739486682 0.219292602809505 -0.30310846468486
0.000596064331455118 -0.00380581186027102 0.454758574313872 0.070424102430844
-0.00232605710828345 0.0105487179435329 0.192588486552769 0.447640066953113
-0.0120295991956738 0.00915657830856236 -0.160320805225007 0.315394353324072
-0.0111240722282936 -0.000599119294467739 0.00552213575408575 0.0519715243659127
-0.00949845707957082 0.00433716292250043 0.198179205441088 -0.228518509270516
-0.0075769054220633 0.0157470459046708 -0.105110221596182 -0.518753313068214
0.00647935094212768 0.00379774391868653 -0.507100515032299 -0.17610944690723
-0.00399083372198751 0.00110372290026227 -0.276567813849489 0.325392904591825
-0.0129722840390557 -0.00154214068619576 0.0936228941320721 0.293311681690972
-0.00316515824162344 0.000482858049681668 0.181753264238464 0.0808609860802794
0.00161103544047067 0.00328273885125013 0.0862608671244331 -0.0961056075727451
-0.000693343568189363 0.00037488688043539 -0.0777647276425111 0.0660663500956675
-0.00828452516922108 0.00306468879209468 -0.127258355411617 -0.0517839480414573
-0.00996970554409171 -0.0155749363832425 -0.0803996735383436 -0.239775129827726
-0.000616152292889431 -0.0143668105781144 0.224515707047398 -0.297275237610211
-0.000532078238857984 -0.00448892044790194 0.452310931587976 0.0821384396990048
-0.00352060046046495 0.00911296967236189 0.183704567682187 0.453120161259125
-0.0119308324393219 0.0071314807025417 -0.165382599468712 0.31604554835548
-0.00981795701339492 -0.00206874821482988 0.00442713425407205 0.0524437807070303
-0.00858717519441865 0.00284182586293442 0.195191236604672 -0.228725026278699
-0.00859031633328652 0.0145524414269468 -0.113287333649976 -0.513731956718214
0.00476727309348084 0.0031812508925997 -0.509650784149329 -0.163755442497262
-0.00529326687790112 0.000914792105529007 -0.270705784800974 0.333647355002107
-0.0131148478086449 -0.0022834213662153 0.0979069614588871 0.292175866981322
-0.00179959100288155 9.26592372142293E-05 0.183298178522616 0.0772972455762804
0.00399697179601333 0.00399681398403674 0.0865098312499699 -0.0972156267924532
0.00165388479833467 0.00145766794659888 -0.0757554267482941 0.0651065579866513
-0.00654662978243708 0.00327873849258625 -0.124890637111524 -0.0539316794104102
-0.00935473170437844 -0.0147660180608845 -0.0753004105435354 -0.242132617960978
-0.000758489873459956 -0.0139839469290872 0.229831546164987 -0.292158293139555
-0.00180050033325569 -0.00560756261105051 0.45143338253409 0.0953515135758119
-0.0048694727823778 0.00688049014728442 0.17344481207661 0.460897124077717
-0.0112897292258484 0.00499873306503251 -0.169615772431996 0.315865328125995
-0.00857839306964353 -0.00300038094039202 0.00446632695735193 0.0528197921765013
-0.00834762580129717 0.000934903544764725 0.191351856487641 -0.231004973273289
-0.00947340373562757 0.0122967415839334 -0.124097014834693 -0.508598919790592
0.00278125673976067 0.00191797055838969 -0.512425807011272 -0.149501458740404
-0.00600959864181244 0.00182145542453621 -0.263665752401751 0.339873588654538
-0.0119879011250534 -0.00107697898886612 0.10327327333076 0.28904118147028
0.000304385502381588 0.00113097283726506 0.185200164826215 0.0739612293457188
0.00645248579524127 0.00453282610215344 0.0882496654624182 -0.0990920545695137
0.00374057694171464 0.00180297824163816 -0.0740792435925794 0.0639913353604684
-0.00486099188222367 0.00415641854261681 -0.123720991967287 -0.0567199762507377
-0.00834713691985051 -0.012719578100424 -0.07107901197034 -0.244336279137774
-0.0007115031721299 -0.012861896798068 0.235221737261884 -0.287359862435178
-0.00258765046180976 -0.00679449781712464 0.449600930491936 0.106102892659725
-0.00514598257096972 0.00359933828328469 0.163925748586161 0.466451664712822
-0.0103987174942917 0.00275933459669404 -0.174608590884705 0.314250577995085
-0.0077317129563485 -0.004421357450775 0.00510357819066752 0.0525024353107484
-0.00760327171412302 -0.000973324281784505 0.188318573109237 -0.233212740223961
-0.00998566153567185 0.00922336105727715 -0.134032533821494 -0.504657977897643
0.000826333484627906 0.000880766547458504 -0.513925545829071 -0.136780636803205
-0.00639807381568877 0.00328233919441145 -0.25703513688524 0.345669140569479
-0.010815732429038 0.00143183135747614 0.108774375540711 0.287892363630999
0.00134114479988151 0.00182941447876754 0.187700002412113 0.0715885814875814
0.00812867640303071 0.0054815429496682 0.0901166135388703 -0.101052764096435
-0.00324916376613696 -0.00164139825926672 -0.0774077138776982 0.0728668671293837
-0.00732636727073131 0.00949578880763935 -0.132878157317103 -0.0470075217129016
-0.00952750975830727 -0.00228786013597101 -0.0915768765046104 -0.243174027670302
0.00242431715082652 -0.00760491167556671 0.210921358310239 -0.317405091045523
0.000801681472892802 -0.00758014298822789 0.458209043510351 0.0500577718919451
0.000366789424881808 0.00538766303502055 0.205782325806035 0.432192108002941
-0.0106093279376276 0.00732385150439471 -0.14966917437577 0.312666643841258
-0.0115177661321018 0.000180472079874992 0.0103733054155674 0.0466175796768746
-0.00744893365471719 0.00378696222746387 0.198107797736097 -0.239637038455025
-0.00581771031544938 0.010284237737326 -0.114306139276202 -0.527504243110519
0.00585089948373093 -0.000246364749897176 -0.510650401647622 -0.176047604407009
-0.00192076735492104 0.00903265431693505 -0.27013911916704 0.325052828968078
-0.0116536617957594 0.0131030129246538 0.0987731362789724 0.288633662935745
-0.00229004738456694 0.00770688503232454 0.182089481917923 0.0755946548963733
0.000439171889185895 0.00246320050010827 0.0854476424542042 -0.0971978222609493
-0.00415004772227038 -0.00157328565186935 -0.0790026266237958 0.0729767686218332
-0.00883506588107703 0.00780241268396547 -0.133922175151255 -0.0452198547043797
-0.0106207580094282 -0.00545345549539599 -0.0936894473471632 -0.240114302120526
0.00210771930570074 -0.00972146077026602 0.207830721137316 -0.318772230185182
0.00201574997083641 -0.00624952277809134 0.459106977575878 0.0446387113270961
0.000288986091725698 0.00795140537296489 0.209117938859703 0.431501089115463
-0.0111506379643737 0.0095571886207599 -0.146718898372916 0.315380467702032
-0.0122858796740181 0.000323240638958763 0.0096059570947698 0.0480040135608434
-0.00872925825185125 0.00549436534368062 0.198842339063119 -0.236872770906679
-0.00587265429669564 0.0132197582942243 -0.109366851811393 -0.526303426124211
0.00697415940517857 0.00144658586243971 -0.508274419534833 -0.180814671393374
-0.00201990309864131 0.00616538176897514 -0.273612348865434 0.323821907857475
-0.0129732393105994 0.00866717650906695 0.0963586774171237 0.29013937378247
-0.00379004766860654 0.00612032392426475 0.18124525406196 0.077439989352132
-0.000573274078394571 0.00220547828279362 0.0847920291761639 -0.0963812688321434
-0.00468143829710988 -0.00121815997896124 -0.0791511726777042 0.0722133331198853
-0.00957928266633999 0.00603911426625308 -0.134011645917359 -0.0447374297436082
-0.0111144975834198 -0.00882593663082491 -0.0942175619579831 -0.238136879073834
0.00122105510683904 -0.0120038704130702 0.206958075401658 -0.315410556225095
0.00198643225601906 -0.00472719973101398 0.45867105386823 0.0451218068304127
9.96589206252486E-05 0.0100949599094982 0.211591548242478 0.432212310185556
-0.0118110185856148 0.0101361458989467 -0.148001942542078 0.317093269620802
-0.0120521572251053 0.000881057714763738 0.00810953526632062 0.0493249149655505
-0.00922016293762714 0.00604053212965828 0.1984722182367 -0.234756704044022
-0.00612765755836246 0.015431553525888 -0.108497818409236 -0.524917307711554
0.00783734738193095 0.00299503347689581 -0.509394822126814 -0.181353712523559
-0.00250880090714853 0.0041714355516837 -0.274652300668556 0.324227036558264
-0.0131904618963785 0.00423423118189576 0.0952155064351876 0.291234046026095
-0.00409023986471057 0.00415295028913791 0.181519456947415 0.0782580771816517
-0.00109262835269083 0.00253732809680413 0.083969736463823 -0.0965998591542947
-0.00359346457445496 -0.000268338967526969 -0.0788576231027246 0.0708028261437329
-0.00999853244282811 0.00447995571566027 -0.132608914128271 -0.0457491028950544
-0.0118500362622001 -0.0120320316690483 -0.0929234061521634 -0.23776601344779
0.000312962134848313 -0.0138717260127507 0.209207211523252 -0.313072839807487
0.00134595297158526 -0.00381383357075317 0.458825314925224 0.0507716711525631
-0.000758512122954446 0.0111087081105748 0.208270764807127 0.437536034325957
-0.0124592332138593 0.0100900270273688 -0.149461371404059 0.318471494113316
-0.0116809160434366 0.000222483252288318 0.00708133589020459 0.0504514249272259
-0.00936696995719482 0.00593087154439411 0.196688454415145 -0.232721958887676
-0.00658068702163023 0.0166463958529108 -0.110337689167097 -0.522453544172529
0.00814972439469017 0.00349279982869961 -0.511296149396945 -0.175630420123396
-0.00284742505882233 0.00209005750642015 -0.274211980281206 0.3274726549755
-0.013270211997939 0.00115683393735648 0.097210847597481 0.291892459214904
-0.00396571242530824 0.00212205979156875 0.182694507103651 0.0781537070476571
0.000200379676798778 0.00286490838508374 0.0838154378964088 -0.0966748770677311
-0.00250507527574635 0.000319323050457346 -0.0785724050956278 0.0699893161070256
-0.0093714466715971 0.00326977118322744 -0.131205159478953 -0.0468360372974719
-0.0112105648872874 -0.0145181099171685 -0.0892573802754193 -0.238154622914315
-0.000451373444022504 -0.0147684603351469 0.212672925600131 -0.30944979229484
0.000423174384091581 -0.00422090958400304 0.456767838280948 0.0607420575773078
-0.00189154421534917 0.0108466253564431 0.202181198424671 0.442833684289394
-0.0121232935993093 0.00944145134605908 -0.153726411836783 0.319671697858083
-0.0107865170390397 -0.000452613869660487 0.00599629631422078 0.0521670867279224
-0.00929470054919704 0.00436154307936891 0.193483314122239 -0.232678370891324
-0.00764973046763099 0.0164882402789765 -0.117296395305365 -0.518481494321494
0.00668755424158959 0.00319543556773756 -0.51215746555462 -0.166605480250733
-0.00389327226297312 0.00108445364170863 -0.26892084498032 0.332761834079955
-0.0134680519916948 -0.000879218143691839 0.100402670781932 0.291494180394995
-0.00307184852082511 0.000458009636396613 0.18457759326102 0.0761909652323104
0.00152144223367097 0.00338330379640722 0.0842608518478984 -0.0980519894110402
-0.000903237280694048 0.000722848260989608 -0.0766710903194007 0.0681154563670016
-0.00803730120416549 0.00310749723330345 -0.128728427362957 -0.0488023285748201
-0.0107293726272556 -0.0151905849629937 -0.0857605465699505 -0.2392130647252
-0.000643096171411444 -0.0148457372297511 0.217871159459179 -0.303177457913443
-0.00016554776357134 -0.00420719409380277 0.455285441471329 0.0725394164807317
-0.00327020254529879 0.00958717734364115 0.192737331699878 0.450425006880169
-0.0116175262824451 0.007395270213383 -0.158951383965747 0.319248994109764
-0.00988788136491413 -0.00182079296965043 0.00548200940442519 0.0527411967219458
-0.00887508025150052 0.00247921733855384 0.190031130624201 -0.232739077452907
-0.00824016151364125 0.014630612847316 -0.125880143785705 -0.510785644587692
0.00529875625351554 0.00373616740064214 -0.514427020682967 -0.152054649846709
-0.00503810766893984 0.00059786819948563 -0.262789431222842 0.340271723361793
-0.0126826041004879 -0.00174626112456968 0.10528943608745 0.290726228282409
-0.0017424799371311 0.000171582155571812 0.186376595194757 0.0730508312069422
0.00397857076092163 0.00390033393220614 0.0853589458594823 -0.099827572226489
0.000972875373317486 0.00137900371501638 -0.0746371277785685 0.067156031360974
-0.00623973672421341 0.00319192400560451 -0.126954753193469 -0.0511574083093497
-0.00979834466192745 -0.014645961555244 -0.0809031922975237 -0.240632801991194
-0.000967281944814955 -0.0142648155068263 0.223024251477309 -0.298176747564197
-0.00178301431141909 -0.00536419637298555 0.453148373423041 0.0852240333962025
-0.00435261389692139 0.00713277897098815 0.18408329795865 0.457436083299014
-0.0111417445571236 0.00501438552320361 -0.163045033593372 0.318624123823356
-0.00858149274380351 -0.00312166759830243 0.00615267384726128 0.0522984590774207
-0.00793293020706478 0.00133779934642339 0.186683105984646 -0.235082825540553
-0.00914298516892047 0.0124481572808518 -0.135502926805769 -0.505314906936743
0.00271159159668469 0.00247036779255601 -0.516701062837393 -0.137631883694452
-0.00559259947587965 0.00197209306502661 -0.25635130900517 0.346694702296857
-0.0120068957206488 -0.000533101271167779 0.110145974844495 0.288104191972006
5.46744820330205E-06 0.000790015301262088 0.188435595141791 0.0694049329720259
0.0065551094735917 0.00462926300164022 0.0866706978996427 -0.101793514121371
0.00324577013802576 0.00152323721446725 -0.0728276456632904 0.0658180140263151
-0.00450986765888757 0.00429785970332121 -0.125630770520384 -0.0541576225079538
-0.00873693913935269 -0.012775922577682 -0.0763229625552004 -0.24394117076366
-0.000964245425314306 -0.0129682425371027 0.228753930260908 -0.293530553438136
-0.00294428806167255 -0.00622918875797767 0.45209639996683 0.0968733478669659
-0.00528775206989412 0.00388259336518043 0.175725858228302 0.464813910908869
-0.00997113917286805 0.00284148497196909 -0.167259829672598 0.318663670613119
-0.00755682226011618 -0.00425346298815659 0.00639987622257822 0.0522060572967848
-0.00716112950644455 -0.00112993439692785 0.183356628144063 -0.236742262520238
-0.00994749462746048 0.0093550380124597 -0.145446154828958 -0.50217213580693
0.000968699787697833 0.000492489611471511 -0.520154182880146 -0.126193126060875
-0.00637703799522041 0.00327882418226599 -0.250596855022967 0.352529241213186
-0.0111169410270894 0.0019273933558907 0.114874144895485 0.285993568044153
0.00179364690585226 0.0017325605290198 0.190099168487981 0.0668177767574418
0.00807255966419775 0.00536502900288814 0.0881637422822521 -0.103257147285723
-0.00347137252880163 -0.00153721746821041 -0.0768013243567045 0.0746020439833054
-0.00749263944009021 0.00977673764957237 -0.133920169794724 -0.0444909910761881
-0.00939262408434296 -0.0015620924052761 -0.0974097930351035 -0.241564549309063
0.00223055454120174 -0.00771683602761647 0.203671989089256 -0.322166409487041
0.000884600915432502 -0.0073771533097755 0.45853343699565 0.0388374899925128
0.000154745961925272 0.00510081697798685 0.213547803395668 0.42791132411152
-0.0104013735662432 0.00756789938244433 -0.14315819213615 0.315124406499121
-0.0113632681133973 0.000515414807215465 0.0113893176092092 0.0459792781342023
-0.00811748490787113 0.0039954754396628 0.192717579916957 -0.243098305035282
-0.00525144717470314 0.00973401545853816 -0.126733854964952 -0.523092976784503
0.00638814646287866 -0.000360191415987365 -0.515853431361007 -0.163284991360948
-0.00185570826773936 0.00890908870958083 -0.262600580807458 0.331012670397439
-0.0108353376773523 0.0139381470755191 0.105400021382083 0.28605278395916
-0.00261759432051089 0.00816709021652096 0.183756435011778 0.071112902479472
0.000954186474409825 0.00281247690592277 0.0836349701586119 -0.0993295328460142
-0.00469687976434962 -0.00186426789664716 -0.077903234460475 0.0747800276442444
-0.00840636679887386 0.0079334207101202 -0.134877924287877 -0.0426359208781635
-0.0103636272438107 -0.00531311400801417 -0.0990823511602834 -0.238002576093523
0.00217967123059884 -0.00973924266301939 0.199637530220216 -0.32211732569419
0.00185310020160267 -0.00606848605574646 0.459082331506978 0.0352330926275177
0.000444490599648829 0.0082596330766061 0.217788803064913 0.425466409525808
-0.0107643740042599 0.00929176958644235 -0.140771002525228 0.316607780389393
-0.0118604053355087 0.000941440659595375 0.0103530924767665 0.0478219012432792
-0.00856100294926716 0.00503956120307807 0.193385039192697 -0.239638104467753
-0.00529293189480851 0.0131250985179973 -0.12183299428092 -0.523148303598115
0.00725861396848734 0.00130598655375629 -0.513882998797926 -0.169889720454838
-0.00166181712180102 0.00628838617858434 -0.265765333016621 0.328862620773492
-0.0123855391914777 0.00921492806339978 0.101917872295245 0.288440120053495
-0.00364884881436484 0.00659984144798118 0.183473009614543 0.0733286721730856
-7.70643413207026E-05 0.00229672579104622 0.082617391346918 -0.0984318577367134
-0.00480477017964974 -0.000906627393522443 -0.077902190295012 0.0740879264376635
-0.00951006886730391 0.00660630191172477 -0.134493188390656 -0.0421386474826405
-0.0114085634064388 -0.00897655111780028 -0.100061406648647 -0.236551126685956
0.00123950881119605 -0.0117584118134583 0.199319187090301 -0.320656320012223
0.00197547113416716 -0.00450392437807472 0.458787579296467 0.0350742893624462
0.000479006761372816 0.0103643414404376 0.218913509371428 0.428125087190561
-0.0114418928882509 0.0102814315085983 -0.14087891394044 0.318595261860615
-0.0122851398422423 0.00144223479351241 0.00891069302824297 0.0490975281753746
-0.00933233585513595 0.00618053925013131 0.193562405247365 -0.237769220911333
-0.00527911365130651 0.0159712261204957 -0.120163622805242 -0.521438199186315
0.00747660219875341 0.00275452430039061 -0.513662945264601 -0.16977786514033
-0.00242869161068963 0.00427450183749503 -0.26727686282282 0.329454823023824
-0.0132650143915457 0.00482038486842716 0.102300860680807 0.289029873655227
-0.0040868081620224 0.00363960029735814 0.183441246238142 0.0736734874973251
-0.000834839591073237 0.00216785524335611 0.0823489835813743 -0.0984782597666219
-0.00427826340225474 -0.000994326408419951 -0.0774631697160166 0.0729761863824839
-0.00976016025485897 0.00477662320639274 -0.133473360566207 -0.0423681502330207
-0.0119703468890053 -0.0118833917021362 -0.0983535052996146 -0.236211573727625
0.00031737343626492 -0.0135827146925365 0.202082269112572 -0.31744477297086
0.00135413644322927 -0.00374169130432049 0.459296337954007 0.0411253295419578
-0.000820104157229639 0.0117640924159162 0.217390465039831 0.431697060111033
-0.0114443580219627 0.0102841042988979 -0.143281223162448 0.32104744084055
-0.0118530361465866 0.000565561665190805 0.00805461991677001 0.0512286595769359
-0.00908044868324732 0.00575364732248044 0.191133582259862 -0.235718945410254
-0.0064125066481139 0.0167841914107864 -0.121240474733041 -0.519752049569614
0.00786391459517315 0.00334280950505912 -0.513688992583559 -0.164939333352654
-0.00307772995068704 0.00249012151900147 -0.266544120641904 0.33376675675039
-0.0130580481224159 0.00126844395741107 0.104006794790711 0.289765694596872
-0.00379322415540043 0.00205440238942842 0.184896501746795 0.0738835525373319
-0.000120617146768164 0.00258314301626227 0.0819187386512916 -0.0988558668874747
-0.00254519206556129 -0.000320701233166817 -0.0773034478043876 0.0715963405237124
-0.00904210299755567 0.00386935006632789 -0.132390959238266 -0.0442963791057362
-0.0117581130837304 -0.0142152364044333 -0.0956910497062716 -0.236517458661305
-0.000457144369741187 -0.0151978688465188 0.204701468047362 -0.313829874204816
0.000540962630621653 -0.00358189316658443 0.457733074964682 0.0502699603285642
-0.00154154704188978 0.0113677667042991 0.212212859773173 0.438395085455234
-0.0120962102893513 0.00944570584240267 -0.146941600720158 0.322305921291037
-0.0110620792607313 -0.000368379434341116 0.00702976268211617 0.0517525374145587
-0.00898567186870696 0.00487366550942817 0.188883345313135 -0.235947878328722
-0.00709455732224936 0.0161899128225279 -0.128986881712284 -0.515141665572066
0.00714670943709357 0.00378777781944988 -0.515048693450822 -0.15439556605017
-0.00405135294934885 0.00123216784939676 -0.261515169983983 0.338036870339614
-0.0133731754762952 -0.000794770805054413 0.106934464006426 0.289107634591337
-0.00262899601391752 0.000800192865061118 0.186257428554817 0.0719064400421887
0.00157724861827148 0.00354216347161417 0.0826492043653471 -0.100646086744785
-0.000903506338298469 0.000827181868173521 -0.0758565254089319 0.0700182121511752
-0.00789944426980903 0.00362890718709773 -0.12986727354699 -0.0460050313175085
-0.0108492785134991 -0.0149046262965674 -0.0914028808442547 -0.23820912851633
-0.00128806640304916 -0.015014666017654 0.210053272478601 -0.307609359736659
-0.000577906837191076 -0.00417822955774615 0.455432973107802 0.063067151028606
-0.00273142353027827 0.00989795181288355 0.203321722153884 0.445504832878107
-0.0113506921928412 0.00778701802712237 -0.15189925425166 0.321870547762408
-0.00938423531326967 -0.00143637034313563 0.00660686457464876 0.0520864275791829
-0.00860170028286297 0.00343409064838255 0.186024762838855 -0.235798795584008
-0.00799767373591046 0.0153265452876198 -0.136397830548598 -0.508375222106246
0.00532932648514108 0.00330648126952016 -0.51768208349687 -0.140674635647618
-0.00448747241950776 0.000457564401661288 -0.254947796617383 0.345103320395378
-0.0128937222255264 -0.00113288241534326 0.111644635875091 0.287897976309074
-0.00162373917230764 0.000227828963262136 0.187745581059909 0.0687295592026572
0.00359525777982089 0.00425379147705579 0.0837576788815173 -0.102078249764072
0.000980059047310245 0.000672020370933149 -0.0738296389521031 0.0686929107556928
-0.00630666753776804 0.00365687750082608 -0.128120300951064 -0.048471515280499
-0.0100806137070309 -0.0146856480133311 -0.0862127998395532 -0.239236072016923
-0.00103473873442083 -0.0143444399134868 0.216069485072277 -0.302496587670477
-0.00225294829151158 -0.00479065863280364 0.454567326229225 0.0756849405480213
-0.00399130437581017 0.00782885695127201 0.193966577687841 0.452343595792982
-0.0105765636353133 0.00518020808681454 -0.157211128044985 0.322247566197716
-0.00854958852268585 -0.00286587063820189 0.00697998877079896 0.0520593745113022
-0.00763893634539818 0.0015935861577225 0.181311905141659 -0.23732177638052
-0.00851457806094411 0.0128311202926951 -0.147604522184322 -0.501139595541729
0.00315808048288273 0.00238028528860784 -0.519787961909332 -0.12696362234815
-0.00578406464340951 0.00209858601542519 -0.248217432454182 0.352121228181232
-0.0115883698041548 -0.000646757276310354 0.117071165116035 0.284792118502219
0.000297732218276092 0.000705522440364776 0.190718581481839 0.0660388317661719
0.00631086214410343 0.00459854942629664 0.0844501909543625 -0.103958268821315
0.00306782439184592 0.00132985871170017 -0.0720047682187733 0.067993792633012
-0.00448669013093789 0.0043477307970344 -0.126444012814325 -0.0507346048027907
-0.00857835953976449 -0.0122037848214211 -0.0823983835630413 -0.242628424434269
-0.00109852420765513 -0.0130031479350344 0.221659280400794 -0.298236370751818
-0.00268353973940433 -0.00620350582219876 0.454112207208693 0.0864993278799133
-0.00498452847019341 0.00446087239065296 0.183969019170261 0.458925921523757
-0.00996239174823093 0.00316730201963897 -0.160612152204097 0.321065072197334
-0.00791813614447535 -0.0041358753627454 0.00779217051462885 0.0521625465076472
-0.00723826652052618 -0.00104171320927287 0.178056610744342 -0.239645483698724
-0.00999633812017321 0.00952817149416652 -0.157313626788037 -0.497416048969966
0.000890904241646272 0.00105294251198595 -0.52138243151864 -0.113753623080075
-0.00605656413555639 0.0034538951990457 -0.241699950382941 0.356160072339094
-0.0105780051849462 0.00201267044009757 0.120785543592097 0.28280364673488
0.00230120077487544 0.00175797252874855 0.191901018607658 0.0621673267725744
0.00857397809840304 0.00496545081617344 0.0862804579752426 -0.105953052425908
-0.00410008305604228 -0.00213723114369623 -0.0750212555694152 0.0765077412374676
-0.00706850713695065 0.00966528716213389 -0.134949224107779 -0.0417753076736972
-0.00921500533679598 -0.00157123572137913 -0.102698825838818 -0.238623914785601
0.00193365493117597 -0.00814817723191401 0.195597482567283 -0.324553053522166
0.00104937736196573 -0.00708297768866349 0.45727937849338 0.030068043357497
0.000428489379649309 0.00554660536492438 0.221252528202647 0.421424556810201
-0.0100868557020869 0.00755631037138325 -0.135434747890236 0.316450660980653
-0.0110875447273757 0.000311735288592927 0.012245007187916 0.0457290228541385
-0.00756052218443187 0.00419594940008685 0.187199850072745 -0.244814868092181
-0.00536140129937505 0.0103740684509249 -0.136583787323271 -0.518269559737204
0.00577233120514442 -0.000608211265570388 -0.516510949793156 -0.153163278900646
-0.00174597660051672 0.00876834173832776 -0.25462679518375 0.334943722442726
-0.010940952008356 0.0139505612385635 0.110328214366267 0.281835572013519
-0.0021445660996854 0.00850513575695922 0.184838546053439 0.0669973041468009
0.000933554801854992 0.00249684965845645 0.0819003984885561 -0.101206999880728
-0.00463089265081316 -0.00172129184849 -0.0761248363681411 0.0763576184994747
-0.00806536169823735 0.00767328631458874 -0.13523584167194 -0.0398748031106965
-0.0108484134021609 -0.00485310357588557 -0.104439647472567 -0.23546972347768
0.00163103622498386 -0.00993406011106649 0.191590499909267 -0.325181411604681
0.00201643316647922 -0.00537311874462782 0.45772048557555 0.0254252718337577
0.000989480640429351 0.00869140192174538 0.225880998335312 0.418488484373912
-0.0105334928652351 0.0093618884977794 -0.133498230201385 0.318187833706719
-0.011553825773168 0.00101897626923665 0.0110297899962455 0.0472879357154335
-0.00796302209195381 0.00551295226852973 0.18826444625095 -0.242082392473263
-0.00481932236662728 0.0136297439927047 -0.131458894390461 -0.518210810633332
0.00759667202768674 0.00111663870821599 -0.513795373523483 -0.157702346132614
-0.00214597520965666 0.00662072452555508 -0.258143696461958 0.333001822191838
-0.0121033801791281 0.00960387349036607 0.107983713704458 0.284784592567617
-0.00336472041610291 0.00623013200779233 0.184762422219016 0.0687762428030273
-0.00042597974647778 0.00242540098735044 0.0804541576147907 -0.100125022926264
-0.00481423323113263 -0.00161269266403688 -0.0764672811770033 0.0755613636744285
-0.00944488983189284 0.00652970246189505 -0.134937619198355 -0.0390934402723378
-0.0117910203083114 -0.00890262792406379 -0.105131763797324 -0.233992223976702
0.000826596324062374 -0.0120492766220233 0.191745151181017 -0.323221282590367
0.00169534370367365 -0.00461338055427808 0.457394853028638 0.0250196459848453
0.000715129741199514 0.0108384753633425 0.226705707677136 0.42036786480006
-0.0112483276779557 0.0101488731069233 -0.133885329723432 0.319223863509303
-0.0116613887300361 0.00129281271662295 0.0100295821688056 0.0486907121199142
-0.00861494056038134 0.00646145502160356 0.186929137692265 -0.240543229336749
-0.00507694238568619 0.0156453539853172 -0.130617396159774 -0.515996056651598
0.00803451184961579 0.00268612925135225 -0.514977953606031 -0.15757317150289
-0.00187857100723634 0.00421812571085798 -0.258916669348966 0.333186405694944
-0.0126727134800095 0.00535440844335716 0.107786433646108 0.285624121328499
-0.0038002099124188 0.00387023381875572 0.185098077354187 0.0690196899336704
-0.000479672092709007 0.00256093077287307 0.0799277391265286 -0.100264726770207
-0.00423036432374383 -0.000765968587963288 -0.0765244743638457 0.0744761445291087
-0.00927598324054869 0.00499073188672327 -0.134269070262655 -0.0393324322677097
-0.0121976446206572 -0.0116884480985689 -0.10314872493818 -0.23341185935796
-0.000303303997920355 -0.0138769882894187 0.193503982774717 -0.321412903995674
0.00164414055362146 -0.00394169797633331 0.457651745451231 0.0308388493168284
-0.000265310092603914 0.0116806396922748 0.224953794783304 0.424435146277132
-0.0117527210435874 0.0100278706722293 -0.135414822051076 0.321842757493162
-0.0110249684810191 0.000980835293258808 0.00930768730351096 0.0498828198638835
-0.00908008028012756 0.00601135344136644 0.185897525330936 -0.238331693351839
-0.00613560786152362 0.0170056335208903 -0.131408699428457 -0.512708619743005
0.00805780945593988 0.00370559448761828 -0.515782451465184 -0.152980067884594
-0.00260629875980663 0.0023682645130849 -0.258376485626336 0.337042407429132
-0.0129984703099945 0.00192690929400837 0.10948911949814 0.286063695164282
-0.0042718060463122 0.00238468811429292 0.185998582844517 0.0687899188686096
0.000110084558352406 0.00268389075462299 0.0800967603337798 -0.100149599930026
-0.00291321215638173 -0.000181869703538862 -0.0755363560425228 0.0726722404289027
-0.0089909344818968 0.00396145655453563 -0.132395059429377 -0.041401448407665
-0.0117779825817941 -0.0134783700583399 -0.100287592820628 -0.23390036261241
-0.000989660027493057 -0.0150523359090619 0.197287937123604 -0.316722638966567
0.00077246088385177 -0.00355771187585671 0.456004601558643 0.0410772399982776
-0.00142461270171655 0.0115476618999143 0.218637269345372 0.432649970642312
-0.0111146462408809 0.00968104874303147 -0.139437891840064 0.323053050300377
-0.0102323942474308 -0.000100595850812671 0.00829363022602649 0.0513764995314829
-0.00890704598730334 0.0048995076888927 0.182792857362199 -0.23727911004694
-0.00658380447826587 0.0166655663771291 -0.138086745618458 -0.508037867003008
0.00685321150701855 0.0036664428686616 -0.517469064368481 -0.142812233273372
-0.00375637776229445 0.000882758315590349 -0.25425440136367 0.342312053452406
-0.0128353316640036 -0.000714632671915787 0.112093434357207 0.28620974179512
-0.00295478573816694 0.00081505500480388 0.187559434763083 0.0674386165058566
0.00161173266499923 0.00315293404793051 0.0803054473400358 -0.102249317514371
-0.00116071070311027 0.000325825507892015 -0.0738210062787158 0.0715253308463934
-0.00733109694446223 0.00330872809785164 -0.13002839299421 -0.0436681792185046
-0.011315110931019 -0.0144438559283968 -0.0963545891891883 -0.235472930993493
-0.00142856316156408 -0.0152199208090353 0.202233834198472 -0.311288049806542
-0.000663667021682122 -0.00383345199219204 0.455028483353038 0.0538430164300836
-0.00294627590416101 0.00985137825564671 0.209482094461431 0.43926834630857
-0.0108722120350209 0.00743086356483225 -0.1449162235459 0.323454970361809
-0.00939218681815254 -0.00129313939245139 0.0082021845777687 0.0515969492630919
-0.00827901704926236 0.00323361218861257 0.180111566167545 -0.237799066125981
-0.00799186924064665 0.0152412315652734 -0.146311416345739 -0.501119337005545
0.0049112564367594 0.00314822956118469 -0.518253117624001 -0.129974777563683
-0.00510973485719375 0.000961904044820426 -0.246783540852293 0.348919977840947
-0.01271154058596 -0.00111945930917609 0.117371773147131 0.283697372315354
-0.00166231965050233 -0.000305318682569425 0.189297912713875 0.0650292694611023
0.00394329647699712 0.00341991910433347 0.0816220023893972 -0.103661606987879
0.000418094617195168 0.000224678319272432 -0.0726035960915547 0.0702397406582069
-0.00561339287008149 0.00379625417542755 -0.128621311950572 -0.0457889320050995
-0.0102842915914944 -0.0140806695204875 -0.091475105615658 -0.237090089111766
-0.00168413333905847 -0.0147962183591341 0.207045411569329 -0.306535858683802
-0.00195134944398545 -0.00495049599511928 0.454230251737128 0.0658792990517063
-0.00393102393332898 0.0079797671469169 0.201681697126429 0.445969239117991
-0.0105559108152653 0.00512003221296326 -0.14884659819227 0.323195098604075
-0.00851210760890545 -0.00261884368868756 0.0081034580868024 0.0518427504700624
-0.00766651813359796 0.0014472027494386 0.176107058747957 -0.239164981368667
-0.00833044158766485 0.0132361640315644 -0.156521998853474 -0.495569286144842
0.00304955171975238 0.0024129350791537 -0.520474070596813 -0.113984172917896
-0.00547827095091481 0.00184056548350716 -0.239579819162391 0.355483043059502
-0.011624295328003 -0.000267071492736116 0.12319780718281 0.281197839203779
8.04834388887388E-05 0.000449528172670849 0.191616361428464 0.0611841584213379
0.00587656953779494 0.0044962715493243 0.0822743263064352 -0.105489513779513
0.00302808256448813 0.000926745291654069 -0.0703900985322422 0.0693730567745974
-0.00418531947616422 0.00441977599792801 -0.127136500247495 -0.0480045723853021
-0.00913399550616846 -0.0119169707737865 -0.0876157582952892 -0.240467738535512
-0.001424879131182 -0.0130051453824681 0.214205797803802 -0.30240679123556
-0.00315226050537539 -0.00609471401698987 0.453167156619963 0.0774815243260909
-0.00445982616933612 0.00518926360653174 0.192431091427926 0.45362078301956
-0.00981316354922188 0.00278610944624158 -0.154155722737326 0.322265953437239
-0.00726661573793502 -0.00414161947214142 0.00885637218144869 0.0512901376222225
-0.00687143643923577 -0.000422120144452537 0.173069145867529 -0.241340570193066
-0.00972469371089716 0.00981455754317605 -0.165669476094157 -0.492152735053551
0.000637245728074993 0.000996645612357636 -0.522127267391163 -0.103156308930521
-0.00580714505516895 0.00339660431860781 -0.233177740210293 0.360056273519354
-0.0106001559402831 0.00210971800173819 0.127195910839187 0.278844311586093
0.00181772227413074 0.00210079197521849 0.192893175323068 0.0576784059415661
0.00859377777873443 0.00467580950276991 0.0844984253166993 -0.10725716841387
-0.00440452930343826 -0.0019979569000545 -0.0731342499026394 0.0769982109192884
-0.0068171761271689 0.0101211102073936 -0.134452896061075 -0.0389426637085059
-0.00949941175289777 -0.00155780662089686 -0.106820455584687 -0.234722041758138
0.00203993695336035 -0.00750681121471198 0.186847656787607 -0.32613793439957
0.000886589344245248 -0.00698030721802224 0.454653512219226 0.0214479857260055
0.000720193520911707 0.0057090508741832 0.227003740506759 0.413805030945758
-0.00975171494099533 0.00758284823270629 -0.128636839315794 0.316437930773811
-0.0112700704047069 0.00110100165744318 0.0133684752607609 0.0447475162844082
-0.00694861718137275 0.00445546323495712 0.181735748256066 -0.246314282746152
-0.00479849742524368 0.0105433274407112 -0.145419024161418 -0.511712715767849
0.00558895138692066 -0.000837959084581005 -0.515129828733683 -0.141992485333866
-0.00122328631513623 0.00886368231610985 -0.246027014497404 0.337523729715107
-0.0108328313631198 0.0139849149583726 0.115606548455076 0.277570749383284
-0.00158764971783603 0.00804267070612225 0.184991011519753 0.0620175861704457
0.000804906242080244 0.00256781957688098 0.0795812430391541 -0.102587462839404
-0.00530410670411943 -0.00196307475015336 -0.074372489320505 0.0773436256668525
-0.00788827598656748 0.0084568469937575 -0.13499350458354 -0.0367394768603047
-0.0105339342404948 -0.00474443400717283 -0.10906581286186 -0.231927891363618
0.00169280234355531 -0.00991933441673543 0.183460055722487 -0.32648615573766
0.00171233973467345 -0.00584253346838527 0.454145731327786 0.0171690923256799
0.00103165088572839 0.00880694753282964 0.231432936131172 0.411885552071673
-0.0103173231524727 0.00935900436497496 -0.127080615970813 0.31779788433639
-0.0114691003906283 0.0012877394367844 0.0120639407296997 0.0461424968463699
-0.00803499509663648 0.00607088846517715 0.183082375143052 -0.243021278120805
-0.00435103191150755 0.013738911520028 -0.140286114502954 -0.510745214794027
0.0070439471933297 0.000852674004186598 -0.514613989821035 -0.146793020280274
-0.00165081568142494 0.00675736201796672 -0.249477132708154 0.335268164723304
-0.0116620562160075 0.00991242014438249 0.113096710921962 0.280213006605577
-0.0029537493744964 0.00669470609864046 0.185095975068756 0.0642104918465556
-0.000387975331264426 0.00266751957096986 0.0782844991466985 -0.101492798539785
-0.00530031343277912 -0.00161620762460882 -0.0745525467411826 0.0765320036468719
-0.00873482484510143 0.00632504834354059 -0.134757925601794 -0.0363148746507653
-0.0113723821753167 -0.00794906420132011 -0.109356543006785 -0.23116500954875
4.23539614094327E-05 -0.0121765133738132 0.182936460115739 -0.324671037265867
0.00189243297806676 -0.00476174985201267 0.453840155313361 0.0167911482437878
0.00130928282555113 0.0111320122261767 0.23296752702526 0.413976850440157
-0.0105069600090893 0.0103879249747239 -0.126580265145823 0.318998699897139
-0.0115665047770461 0.00162004686813889 0.0115054182512422 0.0482753885111396
-0.00809360961734745 0.00641624443922907 0.181463916790034 -0.241149277811267
-0.00497678257458333 0.0157410681314248 -0.139717455941538 -0.509978849942565
0.00798881565267529 0.00242747437265904 -0.515077443129509 -0.145394991661231
-0.00241906331116326 0.00412807499575672 -0.250127875887833 0.33660314764923
-0.0122679039064075 0.00616153122755466 0.112756917115188 0.281035711045588
-0.00386244751534419 0.00398191271540524 0.185422086096746 0.064622194853422
-0.000163349848398153 0.00243994382317406 0.0774984906792537 -0.101176594810193
-0.00479019669924397 -0.000651910852261643 -0.0744972942484122 0.0757928320650587
-0.00897696847991202 0.00523149686446396 -0.134138760009743 -0.0370292963779402
-0.0123251028157505 -0.0110688416627304 -0.107925884375542 -0.230259808862871
-0.000639052206100038 -0.0137052688526829 0.18570451199517 -0.321798783527946
0.00147360434561584 -0.00388612437120855 0.454093244858043 0.0228488722180723
0.000126599308706066 0.011958560822904 0.230126320472117 0.416790322494577
-0.0110939843410777 0.0104553520971931 -0.128256528225272 0.321389619747981
-0.011311239444207 0.00108836351234652 0.0104652480271923 0.0496665561342692
-0.00859092423034739 0.0064492394959574 0.180165832297152 -0.238777143959121
-0.00519673529451265 0.0168933662388725 -0.141597138097821 -0.507671325668072
0.00792289863495595 0.00324757515489338 -0.515273911778788 -0.14217595263489
-0.00289469343588088 0.00228012053430509 -0.250324761342162 0.338954594589112
-0.0128369281893497 0.00254681418707849 0.114931592323168 0.281816460855496
-0.0037502675547366 0.00224479846221638 0.186049378392048 0.0648453397155001
6.24795149278407E-05 0.00295134714160619 0.0776971726950615 -0.101452820373592
-0.00304323428702645 -0.000289020840623072 -0.0743250141656767 0.0743661506806015
-0.0086473250181892 0.00396027618832913 -0.132503901790107 -0.0383379714492239
-0.0122005460312383 -0.0133442541478193 -0.104905240979218 -0.230155582742827
-0.00136138362459908 -0.0148528989244432 0.189292615720713 -0.318023941613841
0.000572185023034849 -0.003667215367646 0.453811922924961 0.031940351882589
-0.00112979402964508 0.0118351036792554 0.225585151308556 0.424575000882696
-0.0112118146664903 0.00972505558981171 -0.13214634060284 0.322484068342628
-0.0101792386583413 -0.000239461335762976 0.00945933798440644 0.0509299428346033
-0.00874589690609305 0.00530604974285973 0.177583745093912 -0.238202635193829
-0.00631599470418828 0.0169835481655318 -0.147721138314311 -0.500598182553203
0.00621441193540495 0.0033874992865798 -0.515773599877821 -0.131207127659796
-0.00349459269222882 0.000996993950822507 -0.244976554962518 0.344425784896523
-0.0130618353666697 -0.000159137357215403 0.11751128052489 0.281068110057665
-0.00276813228723179 0.000859706758336736 0.188118289633882 0.0630747865008692
0.00188266834245323 0.00297901443635382 0.0782207083705708 -0.103087375421842
-0.00161952816359506 9.41950425857826E-05 -0.0722081920686391 0.0727296523943649
-0.00704152095977329 0.00352618804954704 -0.130207360838639 -0.0411794283586484
-0.011106263548162 -0.0141490013739416 -0.100636081080643 -0.232134006081443
-0.00190724917601183 -0.0147585979986833 0.195109392828446 -0.313012383444701
-0.000780068327196417 -0.00393983056676282 0.453053526969328 0.0437857220001322
-0.0024094091924545 0.0103563465177635 0.217336175365984 0.431978300653371
-0.0105839139339865 0.00759394652972554 -0.138051784952502 0.32255341945357
-0.00883118290627853 -0.00131114202692755 0.00903643774636955 0.0505508783835744
-0.0079469147053582 0.00368877442386207 0.174235763456469 -0.23886324759782
-0.00712282054607001 0.0156062449867142 -0.155070311289143 -0.494537071672882
0.00494754400082512 0.00290253606908853 -0.517476660715628 -0.118651551036477
-0.00455777971946453 0.0011958805059659 -0.238460820938804 0.351367463365257
-0.0122890581023234 -0.000758668181581268 0.122405692038531 0.2793645594706
-0.00120212094693938 0.000225893463877583 0.189705198429987 0.0600722914303486
0.00419375482242347 0.00359175920427521 0.0786089755187738 -0.104595336394994
0.000409653118702141 0.000346835506330098 -0.0710815871443192 0.0711481807994495
-0.00550707450279659 0.00363217766190714 -0.128645178231438 -0.0430355297604027
-0.0103383725938122 -0.0140259019355136 -0.0958452205472471 -0.234549895049853
-0.00185399942213659 -0.0139937126675514 0.200090018735625 -0.308572924063625
-0.00155634101893921 -0.00490022486082181 0.451696117033521 0.0573406220688477
-0.00354384361649865 0.00830015236826907 0.20755821004395 0.438747510816262
-0.00994920024340888 0.00542357085666805 -0.142654882252875 0.322319563800556
-0.00810036736334177 -0.00264980232852597 0.00862483346764254 0.0512186910474404
-0.0074700593137063 0.00172116407620997 0.170602958900681 -0.240199223352819
-0.00797407376307114 0.0129396281294533 -0.164511413052275 -0.488812909503609
0.00277934339378866 0.00255594776381121 -0.520193559784672 -0.104574588544445
-0.00542169332308681 0.00197879565524022 -0.230880420844117 0.356752564443859
-0.0114101819371165 0.000137679995989286 0.127807117925985 0.277220873232261
-1.43664163229779E-05 0.000875554284679175 0.191550913454623 0.056602426889368
0.00650885156731687 0.0047239074583524 0.079892621263393 -0.106625052710265
0.00228920872650612 0.000615468648243474 -0.0693247566059785 0.0702887339859429
-0.00383507063463836 0.00470863913732454 -0.127717151449728 -0.0455345369462418
-0.00922403447590839 -0.0116122563571888 -0.0913993290589738 -0.236853497068444
-0.00199810939109652 -0.0127693283592127 0.205761851717054 -0.304256029196409
-0.00288593023437375 -0.00607112212786629 0.451327032474282 0.0683826126720632
-0.00440978801063386 0.00523109507963525 0.20013332516384 0.446139050721883
-0.0094073580548746 0.00308352735268551 -0.146552254996588 0.322108519194229
-0.00732898124844673 -0.00398009774318633 0.00951439778381465 0.0510924807055991
-0.00687674079127198 -0.000441025362660801 0.167086674494284 -0.24224387987967
-0.00940862292841989 0.0101324846895848 -0.17364591042327 -0.486115476440584
0.000780818646378511 0.000869737405685181 -0.52169661850891 -0.092642675491409
-0.00627664493883812 0.00382164364236635 -0.224820410722738 0.362717650749064
-0.0103394621072825 0.00251391191873684 0.132244503247785 0.274036784171309
0.00212834175482689 0.00174542580194685 0.192253291033742 0.0534346510274328
0.00846464523137763 0.00485424488854057 0.0816776573410528 -0.108148656909722
-0.00490280046369828 -0.00210980799824361 -0.0714673149372619 0.0782789411600651
-0.00602619063060202 0.0100030589341723 -0.134017810047855 -0.0365767590148144
-0.00912171989217846 -0.00103145734988068 -0.11077381121194 -0.23150033736668
0.00141696039502351 -0.00805222308137665 0.17827001544604 -0.326694438890463
0.00113024543753216 -0.00712924398016469 0.449463943668163 0.0135591714329836
0.000837627038149454 0.00580866068765746 0.231621406291362 0.406124285756155
-0.00962936298405273 0.0077955444756617 -0.122691327690812 0.314376886858572
-0.0107723417834903 0.000661321775618143 0.0135953324077956 0.0441436160211
-0.00660948778295791 0.00427149705624577 0.175746379839403 -0.245901885094689
-0.0046592588245161 0.0103744732111658 -0.152211341174508 -0.502293373272218
0.00563706727001097 -0.000944709452463111 -0.513416980377485 -0.131972391875411
-0.00131565666539819 0.00813483790629911 -0.238127518613957 0.338089908790228
-0.010191132021325 0.0140765784861642 0.118968057662012 0.273612539312887
-0.00169933928471373 0.0082824794910352 0.184972237252461 0.0585207599243467
0.000969993459461553 0.00211605812591918 0.0773417195462609 -0.102285136813085
-0.00579110725724945 -0.00175022570349937 -0.0723690484030513 0.0777493770677275
-0.0077900419953063 0.007825774527343 -0.134490792292371 -0.03464375962386
-0.0106119375466226 -0.00432223164324998 -0.112386809851803 -0.228795436074705
0.00140896915263657 -0.0102596784214507 0.175435990243254 -0.32655866622723
0.00184332258583497 -0.00558325620504197 0.450873971289385 0.00863482230798698
0.00114979423759597 0.00890424349703494 0.235585584123296 0.403668499000061
-0.0101340090544774 0.00937519906150281 -0.120200377676961 0.315707510183827
-0.0110739644297557 0.00129786360831439 0.0123037489469981 0.0452450640418717
-0.00760795594174349 0.00615795551318827 0.176801862922394 -0.242578515077252
-0.00420186434568617 0.0132431549394224 -0.146388324733097 -0.502944416693829
0.00706385954981983 0.000735375828173786 -0.511608316133631 -0.136461083016341
-0.00145736518213569 0.00603049225923973 -0.241631710766513 0.335886545140697
-0.0116975578015408 0.0101588234327396 0.116505347022877 0.27568729140201
-0.00294962597288935 0.00619379689387698 0.184654400086693 0.0598153043140683
-0.000392396745496509 0.00228808397434662 0.0756189117420682 -0.10150171607875
-0.00561438567067097 -0.00171092532462176 -0.0731171917383339 0.0772401812640527
-0.00891598609427203 0.00659980123648584 -0.134600986481259 -0.0341768475648229
-0.0114592620125636 -0.00775263438901501 -0.112933424405694 -0.226807395514241
0.000173695969426601 -0.0121910042144142 0.175164493130186 -0.324306523406302
0.0018089015786519 -0.00443233548142242 0.449271277641363 0.00907673558848113
0.000981790014455562 0.011175475702582 0.23758854522346 0.403862390035917
-0.0106444806498293 0.0104841859190104 -0.119843048871084 0.317434870446406
-0.0110482692767318 0.00144804158853103 0.011381549417585 0.0469048022658292
-0.00783348449985165 0.00665522817329744 0.17680354332935 -0.240517065365917
-0.004285132605135 0.0159026587245699 -0.145850880137331 -0.501954154976389
0.00782166039051204 0.00256038695945241 -0.511966537942872 -0.136620257797231
-0.00211531383235272 0.00351312922100734 -0.241890179672962 0.336590276473384
-0.011995282035241 0.0059512050189927 0.117172389933462 0.277098507155689
-0.00331514303444855 0.004316875922659 0.185270918453595 0.060239728564369
-0.000399501788728762 0.00276013013972319 0.0757156312392564 -0.10132685351276
-0.00475715521265456 -0.000895505534092858 -0.0731539277699301 0.0763248545706596
-0.00896531244705596 0.00528299984240479 -0.133554048352257 -0.0347685900734641
-0.0122682623727321 -0.0109371788520067 -0.111262379941014 -0.226796311863541
-0.000947217436918255 -0.0138676394953615 0.176829153388684 -0.32234230906639
0.00172036181456247 -0.00373416962075333 0.449053991934283 0.0150295381508088
8.75158615431613E-05 0.0119514201385976 0.234291974754179 0.409500136941367
-0.0110039905098799 0.0105553233578358 -0.121756001419086 0.319684243228297
-0.0106547025365994 0.00100661714476016 0.0105047428418584 0.0486513314694591
-0.00819743712414173 0.00652608829283812 0.174847193802813 -0.238983113739507
-0.00488626520606719 0.0170624627603948 -0.147069279458095 -0.498695600780283
0.00792382370101636 0.00349804457594367 -0.512584093887929 -0.132471018379735
-0.00268846732571979 0.00249922825392814 -0.240751146713231 0.340494279065696
-0.0125944227183054 0.00246447822390713 0.117861662033411 0.276786677638097
-0.00316497120521022 0.0024760015940116 0.185982659608205 0.0606247877844501
-5.93519113198425E-05 0.00292012928289604 0.0754612251312054 -0.102119849347249
-0.00341329321623765 -0.000900738080358043 -0.0725720197100735 0.075189948563178
-0.00821977186760563 0.00429879878939484 -0.132140591182728 -0.0365841224980098
-0.0122666059419842 -0.0129554154533311 -0.108180057623189 -0.226903156197926
-0.00176531337338587 -0.0148615013533773 0.181692030327255 -0.317503001288005
0.000762823957757845 -0.00359273740959816 0.450435309078237 0.0245835140737215
-0.000660539467509483 0.0118961798509392 0.230070487318995 0.415140106927385
-0.0107017813769364 0.00947740855112877 -0.12552479539219 0.320770115476587
-0.009741530869757 0.000265392497753171 0.0104254866761549 0.0493632725155167
-0.00778963191211722 0.00558006131876759 0.17259632394318 -0.238373511791031
-0.0058597176491823 0.0172955611971453 -0.154522258873134 -0.494710837239779
0.00672307370264797 0.00332667448643582 -0.513691665035237 -0.122864027607119
-0.00403140788088412 0.00072933506011596 -0.237322783195414 0.344995086724947
-0.0124987327296068 0.000346199454128292 0.121391449049078 0.277196787357537
-0.00295048638831101 0.000668006215204186 0.187461890597766 0.059035618043549
0.00152338235208958 0.00311247883342503 0.0756697877929741 -0.103863015023624
-0.00190918484214523 -0.000103453784471509 -0.070839901441192 0.0733618597982332
-0.00694688146764064 0.00406394272195103 -0.129944286919908 -0.0385947635131048
-0.0114906045564745 -0.0138822343342985 -0.104276200664124 -0.228487577731074
-0.00217497487277945 -0.0148697666057643 0.187189581513134 -0.312957734827383
-0.000583636691871667 -0.00357109581387113 0.44832128058397 0.0362543003378778
-0.0021981110250492 0.0109696850907797 0.22078304807749 0.423005482110336
-0.0106774635465328 0.00765560657992117 -0.130949958219439 0.321040568776048
-0.00878170635451762 -0.00111190031868494 0.00977887681831214 0.0500465321498582
-0.00753405415244582 0.00417710521188671 0.169102517769809 -0.238440861444916
-0.0068198953114012 0.0153840331970277 -0.16273590646066 -0.487798264171008
0.00475516228177747 0.00289923425601561 -0.514604225379863 -0.108028136229323
-0.00451378346620227 0.000883002859951723 -0.230421084273265 0.351789614552797
-0.0119452632465489 0.000129730598097278 0.12556407751838 0.27415187439485
-0.00161398898237417 0.000534839747920899 0.188769234729234 0.0558066841349768
0.00422379059039713 0.00367324552899074 0.0766420306810329 -0.10518897333403
0.000658368969781706 0.00059774991632099 -0.0685613238097768 0.0719115216577725
-0.00544534798683394 0.00329206155652831 -0.128303890331828 -0.0403509056958937
-0.0105793900393777 -0.0134135794683601 -0.099457688249138 -0.230771079865733
-0.00224276886103016 -0.0143469402079663 0.192105143000124 -0.308869615578523
-0.00189639653953892 -0.0043759429392138 0.448236038151392 0.0495481071281922
-0.00314837848556522 0.00824221014539131 0.213116967275296 0.431000271889038
-0.00961242700652013 0.00522896570761788 -0.135300168154875 0.320965811868252
-0.00785780391408185 -0.00258205622431277 0.00958541045866247 0.0505000686851158
-0.0072938890593706 0.00185315081554963 0.164752958946018 -0.239841682188999
-0.00769518052917727 0.013635661940478 -0.17151260237344 -0.479889612665902
0.00297600333561111 0.0023641317120451 -0.515715431222447 -0.0942379022389681
-0.00576523022689301 0.00212233843034191 -0.222318615414457 0.357314145333209
-0.011240026691651 0.000656906492853463 0.130669379753724 0.272165098206566
0.000349475123972702 0.000419064082552451 0.190725662135509 0.0516387662323295
0.00644553152924477 0.00430943434765236 0.077836407775357 -0.107109289238033
0.00250513650917837 0.000106935371037948 -0.0674797636499763 0.0705774322759721
-0.00354119381478294 0.00440377822568366 -0.12692103627378 -0.0431113946026768
-0.00908904555060186 -0.0115260700993733 -0.0952886895555048 -0.233808394975736
-0.00202142311122878 -0.0128442684940042 0.198131086547597 -0.304420365861932
-0.00286987433878476 -0.00596784213046853 0.447736994328724 0.0594636283177926
-0.00424010232846739 0.00592403742868285 0.204770747950483 0.438656924860549
-0.00923266021908337 0.00318931570863162 -0.139937016571332 0.320638926487271
-0.00721817948856353 -0.00379789140989245 0.010278044637338 0.0500412937321483
-0.00667995883748864 -0.000431559455061933 0.161718196049728 -0.242059068447073
-0.00859306831405171 0.0104640697398919 -0.179877476965368 -0.475930779358716
0.00063496860539556 0.000694007452442512 -0.517050089895681 -0.0818829287706202
-0.00576932173794719 0.00321559670980358 -0.215768879277238 0.36240545534328
-0.00996500904898877 0.00303491919854731 0.13492867492411 0.269557435913722
0.00223699297847075 0.00168451110994667 0.19238958395937 0.0491313354753505
0.00862370335685437 0.00468382082813259 0.079589063407235 -0.108785842657248
-0.0047575271812429 -0.00217215566287463 -0.0697457529120756 0.0782730140901894
-0.00554419880297426 0.00989523244402192 -0.133113230718521 -0.0341346326114531
-0.00935554921091835 -0.000858489765649919 -0.112969845750879 -0.227297990576854
0.00143209150951773 -0.00792084157701105 0.171416640617813 -0.323982805769948
0.00100179598510653 -0.00673899222258371 0.445053195417929 0.00690490013900225
0.00115008032666238 0.00592886801311725 0.234177570771836 0.397006331251545
-0.00926038840373808 0.00746948103287763 -0.116837464051438 0.31173555666636
-0.0105741753437365 0.000824145935690968 0.0137387679716622 0.0434632040963061
-0.00644214463736567 0.00470048454329439 0.170450650523592 -0.244362783867611
-0.00405395490152581 0.0108045338842401 -0.158187831607954 -0.493096184970336
0.00557091731694221 -0.00105179163145642 -0.509929473141876 -0.123459066375173
-0.000946759767008856 0.00850057605902342 -0.230265917664048 0.337276068836948
-0.00971461157474899 0.0143728394091262 0.121979188448502 0.268525444980228
-0.00142814985330409 0.0082405945208562 0.183920012244942 0.0545944755693982
0.00127398669501742 0.0025564712256677 0.0751677076808474 -0.102700677636946
-0.00575810658641515 -0.00214335267800324 -0.0706319088950877 0.0783079474988943
-0.00744499370006842 0.00821030264299561 -0.134061542354345 -0.0321940036231075
-0.0104668623804217 -0.00416096398014608 -0.114545539646248 -0.224290768236656
0.000880417149134344 -0.0102456720707103 0.167997423050128 -0.325237784407123
0.0018491857707534 -0.00517517389734725 0.444705648206213 0.00279336536120895
0.00136091993786321 0.00883005310599963 0.2381807539423 0.395288748338416
-0.00965960458215168 0.00923248064313727 -0.114200128147102 0.312867808355896
-0.0108020469092243 0.00124679689470883 0.0130699321178977 0.0442424474239635
-0.00738078600230732 0.00639827055771154 0.171523365347369 -0.24173300279398
-0.00363344723303429 0.0134847491901288 -0.153488580382923 -0.494983153755752
0.00704519904839092 0.000886469123789705 -0.509068449567387 -0.127516927101991
-0.00137266045567189 0.00627107551948696 -0.233184327337651 0.336112348114739
-0.0109574416145446 0.0104888284447081 0.119084552433192 0.270198100804306
-0.00298680999273811 0.00637735724642633 0.183934380075704 0.056278365707293
-6.39896945667968E-05 0.00252411230362899 0.0738018290082995 -0.101909683026026
-0.00546612220796034 -0.00153107186137672 -0.0711831541332505 0.0775891238223444
-0.00825388700317877 0.00682576477941628 -0.133611293490134 -0.032048933319882
-0.0115011847171666 -0.00740838331253769 -0.115071441491103 -0.223103880399216
5.84098520917768E-05 -0.0119894280439385 0.167838783513721 -0.323710523461562
0.0023208086607861 -0.00423106897424306 0.445239145682055 0.00297608222348384
0.00146198436298803 0.0113863817387701 0.239520611487074 0.397156234358557
-0.00996133436562659 0.010306334361256 -0.114794198772467 0.315415545217836
-0.0108829242826321 0.00189704175547105 0.0121471020753551 0.0460211368804658
-0.00774139249646822 0.00664935487159447 0.1718640180486 -0.239618412337139
-0.0041485968857989 0.0160723368255834 -0.151777431104563 -0.493374358866173
0.00778425286696949 0.00232549701067944 -0.508182233612226 -0.127362304663448
-0.00204618617786564 0.00405988039540233 -0.234395024572616 0.337516223734462
-0.0115258689291261 0.00584172981912876 0.118440940850638 0.271664366897126
-0.00342578630797242 0.00407819138607191 0.184125301125792 0.0565920123612095
-0.000186769451422558 0.00272162676488297 0.0732084661940095 -0.101815257335695
-0.00517327064234491 -0.000926985316502687 -0.0715211050395528 0.0770398019340148
-0.00875736881275522 0.0050489116394703 -0.132523576245538 -0.031849888471781
-0.0122895749709392 -0.0102652022943735 -0.113543412544117 -0.221962685203235
-0.000964283915393474 -0.0135184558596268 0.170235659006158 -0.321047903157375
0.00129125621848656 -0.00326000065147277 0.444615573247244 0.00889137522847534
0.000897895266665157 0.0118860875466978 0.237234415139254 0.40121236222088
-0.0106939394531179 0.0102453465414021 -0.117004821661328 0.317409645596832
-0.0103543142671932 0.000946194130809336 0.011423769069363 0.0479619773768508
-0.00821455608415197 0.00657274193636024 0.169786406251165 -0.237462058566042
-0.00448842442849751 0.0170619969470139 -0.151893865077196 -0.489427376990884
0.00748056232647931 0.00294845055276135 -0.509301213413068 -0.122350018975133
-0.00252525349567823 0.00224428634083643 -0.233387287417794 0.340058822591947
-0.01223128506019 0.00273768596997339 0.121038945874983 0.272145798363005
-0.00322294689292591 0.00216189608514084 0.184832035775539 0.0564886118957242
7.07336333751361E-05 0.00278149517984351 0.0733017742587808 -0.102081948305479
-0.00376283978989217 -0.000394067797587689 -0.0709043820717535 0.0750326328951147
-0.00814335028196825 0.00394093689415565 -0.131754667155844 -0.0336961198708032
-0.0122813202008766 -0.0125590616779934 -0.110557620084938 -0.223129140188349
-0.00191995483546297 -0.0143693210089727 0.173478845549282 -0.317513731227775
0.000664337861358521 -0.00337066694132 0.444012066467875 0.018455112324109
-1.10431517873965E-05 0.0120440096922958 0.232414629925804 0.407723239735091
-0.0105057722915184 0.00899408761971389 -0.120805146886164 0.318531251425151
-0.00951865148729285 0.00044394015258969 0.0109290087317127 0.0484382100794382
-0.00758408709908159 0.00520108243919547 0.167292267138162 -0.236946076874243
-0.00524925104096083 0.0172919226300222 -0.159059704333372 -0.484851828886954
0.00666289013148167 0.00303502049776018 -0.510245729908894 -0.11330521719115
-0.00327462641849868 0.000797443096786095 -0.22891079873449 0.343720392943274
-0.012095944703642 0.000496858420652533 0.124059462711356 0.271532981300949
-0.00272931233406085 0.00117452658984092 0.186420066478878 0.0550770879495951
0.00197919049121927 0.0032165611603537 0.0735910827863447 -0.10378739062792
-0.00205075642409436 7.28732786425537E-05 -0.0694218546564811 0.0736525241665583
-0.00657864703261571 0.00341697186875403 -0.129725295830483 -0.0362067446736148
-0.0116403897474878 -0.0132805126790749 -0.106902643726449 -0.224487330748506
-0.00236794406490127 -0.0146267759808934 0.17950577189427 -0.312016401130648
-0.000218530198669491 -0.00342897001803137 0.443948589411173 0.0303964727874637
-0.00144514669785244 0.0108763397477673 0.225321080048026 0.41578494424731
-0.00984417977087358 0.00737836428022322 -0.125103637164056 0.318843968942286
-0.00876519718491304 -0.00137328414991832 0.0098560624968977 0.0497345637308941
-0.00767756426582364 0.00394907553854202 0.164548410819509 -0.237803893051527
-0.00607448827885996 0.0155362730995985 -0.166391699848605 -0.479039338248096
0.00503214753446285 0.00256536129153281 -0.510284915225585 -0.10005539366561
-0.00455350588694165 0.000735368738863726 -0.222061443739979 0.350059525361676
-0.0121090226142196 0.000131549761644159 0.128634473595086 0.269211169058705
-0.0010610375388612 0.00060564519984296 0.187557818496829 0.0521085702033556
0.00400555549411198 0.00365752185104059 0.0743274813346068 -0.105267492547412
0.000196748613209203 0.000320834964100031 -0.0675376528740688 0.0722292310581368
-0.00524999194877861 0.00398401361720075 -0.127567122273309 -0.0383894638901204
-0.0106097806810602 -0.0127908835969554 -0.102935984626407 -0.226859430602353
-0.00234077839301767 -0.0141374708925441 0.185197391286029 -0.308808678918798
-0.00185798655849978 -0.00439329557613528 0.443759527913555 0.0426332857425302
-0.00298673285722918 0.00821440879667076 0.216618096661809 0.423747933685897
-0.00983551878450385 0.00570743148964039 -0.130020909957296 0.317883059633634
-0.00772539626387697 -0.00260748848308053 0.010113030287558 0.049366666248284
-0.00695019527245254 0.00193024149781305 0.160358366449448 -0.23846836246637
-0.00738403766614522 0.013287834092751 -0.176405887529454 -0.471814595089972
0.00284113174109559 0.00209028989562329 -0.510947740330421 -0.0858791976990931
-0.00548659750951507 0.00242718842277646 -0.214242779505049 0.35627909729885
-0.0109768048742193 0.000922120933605111 0.133701972600415 0.266969799958807
0.000319191771577333 0.000418948127357866 0.189159779202826 0.048680699323407
0.00628405861125804 0.00421250786698635 0.0756881694410212 -0.107114086345566
0.0022908223499918 0.000188487937982519 -0.0658907354883484 0.0711221688457249
-0.00361407913675872 0.0044437427468683 -0.12638635344369 -0.0411911275771322
-0.00916644230824479 -0.0110209709819704 -0.0984943890419726 -0.229993448813864
-0.00245910260732447 -0.0127913326816881 0.190966409099236 -0.303888560533088
-0.00294854078357171 -0.00541123805018805 0.443556058703906 0.0533437087743508
-0.00390489091370194 0.00592004269250744 0.20812899869246 0.429578913592059
-0.00876039920949137 0.0029332218528981 -0.134450907359668 0.317769938628866
-0.00705667625989262 -0.00359092879131448 0.0108022997653186 0.0492868631677793
-0.00646701426316625 -0.000299265270486593 0.157106859129111 -0.240215873872291
-0.00833108577955871 0.0106661787511358 -0.185030145669271 -0.467457792996858
0.000376994852765276 0.00118437906988697 -0.513333339716186 -0.0743786781032188
-0.00552907659837035 0.00358359993138345 -0.207785324626423 0.360730480169709
-0.00967370375170038 0.00327073089028172 0.137652741266139 0.264442981291203
0.00216100185633633 0.00157331584939551 0.190845863071909 0.0454616001236062
0.00852041700521551 0.00402477023911479 0.0770675040570991 -0.108663593595131
-0.00509009906974888 -0.00184327228140757 -0.0679327861095092 0.0781638709636219
-0.00571036684526065 0.00987828072801419 -0.132164558592367 -0.0321906565210515
-0.00891105077424892 -0.000456185463123968 -0.114531120276447 -0.223200243449709
0.00117283442220158 -0.00824985279345364 0.165296325029051 -0.322523347598707
0.000987563376805868 -0.00688661713785937 0.439010504540076 0.00272997100035951
0.00126679172443265 0.00603627737000979 0.234769637897882 0.390137466129009
-0.00871194228335365 0.007438747704921 -0.113279772853108 0.30851393859118
-0.0100728904545299 0.000482452485052669 0.014460510288706 0.0424848289157118
-0.00611179082204087 0.00475212431507243 0.166589814360793 -0.243119502051906
-0.00386502430144593 0.0105105274789295 -0.160066786811967 -0.486555108223787
0.00555319177445446 -0.000979976310218303 -0.505285013649347 -0.115629123068961
-0.00102389364608402 0.00838216018170688 -0.223558174435707 0.33586392365088
-0.00912334712825508 0.0143699872640605 0.122819887273899 0.263663128271415
-0.00127513324888329 0.00801644170109252 0.182839495319297 0.0515129717698887
0.000827368444753196 0.00224753580102863 0.0727716267512389 -0.102132017375334
-0.00559020289467564 -0.00216711101752932 -0.0694179027540187 0.0777146229916297
-0.00675318070087457 0.00804644025025764 -0.132696819478153 -0.0306724920158178
-0.010581153810449 -0.00413808649593398 -0.116156557363355 -0.220684155243501
0.000476305619883324 -0.010266067544489 0.162498450666702 -0.322659862319714
0.00162745766398663 -0.00554843574452275 0.43921637202735 -0.00207828994049419
0.00187073691009584 0.0089239492943791 0.238651469976856 0.387639080725417
-0.0095227793282054 0.00882337814294517 -0.110247951240592 0.309768851041084
-0.0108016201480918 0.0015209097687287 0.0133466416502898 0.0434531925202615
-0.00648228800180526 0.00579669554276966 0.167666433609009 -0.23946889452823
-0.00357279998738886 0.0137720932849949 -0.156285467475993 -0.487260375787927
0.0065590085069426 0.000751891245714283 -0.503358859369045 -0.12063020195552
-0.00124773779186618 0.00615416832177469 -0.226776444624101 0.33445362106621
-0.0101724854997098 0.0102791846910389 0.120897936518278 0.266068420414173
-0.00265610861335385 0.00616544900561408 0.182626398123702 0.0533267225881575
-0.000113938249213632 0.00242918362752735 0.071818515604836 -0.101597377104786
-0.00609052365288821 -0.00173409473152351 -0.0700462612606625 0.077654972460687
-0.00809132822971925 0.00659060819696449 -0.132038723672814 -0.0301322201828509
-0.0116859386525093 -0.00707295634219926 -0.117120944098617 -0.218620127078713
-0.000284557645260696 -0.0121537369692069 0.161376898153286 -0.321516042671367
0.00188518815332375 -0.00452473933198262 0.438963395622101 -0.00137149432510385
0.00202120247087786 0.0111347033584045 0.241238520206361 0.388285729934814
-0.00974222591214797 0.00987124553734775 -0.110156414153744 0.311616647404392
-0.010577441470393 0.0015118465631451 0.0127860849103826 0.0453801428547539
-0.00730905464252015 0.00665592955477722 0.166832439203987 -0.237639716654122
-0.00343273105789066 0.0161624019418107 -0.154962846026447 -0.484934999212753
0.00750078459731354 0.0022208183679069 -0.504973189925645 -0.11967871464283
-0.00185405886844356 0.00370948822066682 -0.227948124161054 0.334585368097462
-0.0115532268682265 0.00659778003425315 0.120745283931999 0.266830937191811
-0.00315717126277734 0.00468495542538292 0.182973708207419 0.0534502944832536
-0.000326127191222826 0.00253012470440165 0.0713999910728819 -0.101629687121439
-0.00512939376645101 -0.00119692577297259 -0.0696865229414299 0.0768064611733184
-0.00820289470472769 0.00518801719544804 -0.131381573186034 -0.030849779328521
-0.0121296589914701 -0.010066652291285 -0.114909346087849 -0.218964673946448
-0.0013428007150356 -0.0134763005621253 0.163986097274226 -0.318958922826331
0.00169627176946916 -0.00354818489705074 0.438755053075946 0.00421702643830045
0.000960104915847882 0.0123632815120925 0.237773181848225 0.393173503379075
-0.0100806321304621 0.00995066626875404 -0.111587485748945 0.313755362148711
-0.0104840158335875 0.00125145356312486 0.0116744583334366 0.0468497427450167
-0.00742900231399024 0.00656768847402025 0.165062131680234 -0.235787656717296
-0.00401501135616887 0.0172040041616136 -0.155780263801952 -0.481438302685297
0.00727235556899867 0.00296358269830333 -0.503552055936334 -0.115570285596776
-0.00315728881677686 0.00216842538723093 -0.227281128208659 0.338360303460478
-0.0118947793687324 0.00297919443541789 0.121980762757974 0.267073157815346
-0.00326184201280059 0.00241432600309838 0.183777105262124 0.0537530632787023
0.000565041790555558 0.00269874429600757 0.0715401389049472 -0.101803164245196
-0.00447276394856049 -0.000710248335613314 -0.0696235604112693 0.0751126091210434
-0.00785690269839574 0.00389690710323436 -0.130429670265413 -0.0319846986398252
-0.0123274820734734 -0.0122430870732859 -0.112631832994502 -0.219516283596638
-0.00232760185036379 -0.0145383256860042 0.167890904142922 -0.31524627069065
0.000640062442217398 -0.00309989041208982 0.43960286418995 0.013793120389928
3.89679944676966E-05 0.0121488865903547 0.233051321815775 0.400223611945262
-0.0101557112450684 0.00901254933803715 -0.115642024278133 0.31494494399343
-0.00941037975492257 0.000539265372843102 0.0106127049014402 0.0479262260868342
-0.00749506795161523 0.00524533212676548 0.162709160686807 -0.235665964365986
-0.00491664817281356 0.0169222238567342 -0.161103230612721 -0.476725024685342
0.00637924761242571 0.0032181543732002 -0.504468322838581 -0.106629975973994
-0.00341897110410938 0.000996846650900204 -0.22182418264078 0.342654266950598
-0.0118662156510874 0.000705321355935325 0.125768049142977 0.266775816184343
-0.00287839931259283 0.00125908413955065 0.184940813654581 0.0521503869520122
0.00197991219624431 0.00300419912935826 0.0718887935952302 -0.10330074250276
-0.00246606593393985 -0.000245583865423929 -0.0675841309173043 0.0738954971723449
-0.00676436168571663 0.00377593211996859 -0.128389452764253 -0.0343681813165088
-0.0116914855676111 -0.0131328885366466 -0.108568258365417 -0.221041159159295
-0.00255047851776389 -0.0143183670453441 0.173727889683115 -0.310338769838895
-0.000590846899453252 -0.0035925814386537 0.438627080549898 0.0255561481941459
-0.0014952208073342 0.0110928178489979 0.224587737557061 0.407344434243097
-0.00955426842029177 0.00740744140674595 -0.120126949114857 0.31581968763154
-0.00869595846338773 -0.000752973658630379 0.0104385553144696 0.0484084778238739
-0.00677296653413036 0.0041486130052796 0.160506319426797 -0.234768385693879
-0.0056188466619181 0.0155357564494098 -0.168281910629465 -0.471585174445098
0.00520907749194975 0.00279321798271213 -0.506266926994354 -0.0936224906049367
-0.00443238229652551 0.000784851914192013 -0.215813387853558 0.347868723284138
-0.0117029906763919 8.41152901373474E-05 0.130148271932594 0.264233506139532
-0.00132609143319277 0.000444288531546365 0.185993572035841 0.0485219332453611
0.0040519910608509 0.00327489216271195 0.0723878569159198 -0.105218859158332
-0.00033599325118653 1.11781762119874E-05 -0.0661674468855311 0.0720650601212278
-0.00489258018354868 0.00361222501926961 -0.126845660880911 -0.0363434022990654
-0.0102804390403421 -0.0128325250579747 -0.104186942679354 -0.223109366873687
-0.00270483128488613 -0.0138341215558117 0.178916921511026 -0.305720909621275
-0.00170478336173041 -0.00402763570373201 0.437986610214541 0.0371847570415809
-0.00298099644899929 0.00837187215630944 0.216884274714935 0.415866184483918
-0.0098267100944374 0.00548031384503957 -0.124472443634849 0.314846556597307
-0.00744322511167692 -0.00255438209468239 0.0104889054547091 0.0486934618763294
-0.00665367322873359 0.0020034124897647 0.156426286939327 -0.236569776453912
-0.00664689662284474 0.0133724503713798 -0.17969193788565 -0.463736501584447
0.00286245200002717 0.00200127133796469 -0.505670606512045 -0.0794168239048672
-0.00523397730510553 0.00205981611580119 -0.207525777498897 0.354010295391047
-0.0104417546700005 0.0011005149848889 0.135031594482035 0.261339131565164
0.000196795072873205 0.000792500846248214 0.188355558160434 0.045705129659553
0.0066849482328306 0.00354600184337303 0.0735514731223382 -0.106213534989445
0.00197613425024246 7.15732645346712E-05 -0.064282684798938 0.0712939600366733
-0.00290503751749703 0.00447819842573832 -0.12548999471984 -0.0389415715711682
-0.00947139109529055 -0.0107895813224422 -0.100756321980003 -0.225741148330758
-0.00222730048921391 -0.0125698833783544 0.185052904675581 -0.302512009988574
-0.00289590301528128 -0.00531319897344679 0.43861791170944 0.0486900546150144
-0.00355703278690581 0.00623044828476918 0.209474524586462 0.422336098093284
-0.00899804662227596 0.0031431550736623 -0.128679801095139 0.314884034837709
-0.00679842182572722 -0.003690994612453 0.0116126350475152 0.0478409849609828
-0.00603125320398583 -0.000299802391940015 0.153259363195391 -0.238600530746218
-0.00812102818137196 0.0105558408916147 -0.186868966663886 -0.459589877800559
0.000513324675876263 0.000609027050573675 -0.508058031790772 -0.0678848929229633
-0.00592736674748811 0.00346567299974641 -0.201844873628397 0.358751237260147
-0.00950532369220796 0.00381314357976193 0.138991243274356 0.259431180198396
0.00189360224907722 0.00160263227538499 0.189952300286945 0.0420713544564053
0.00851891505698957 0.00403756038745396 0.074794524755716 -0.108750750683432
-0.00513802387889105 -0.0018122274971 -0.0674675549785476 0.0776035928486595
-0.00515487111449785 0.00927455026568337 -0.131576976252934 -0.0304552592099774
-0.00905234826559435 -0.000632504321712107 -0.116133996604766 -0.220047037150187
0.00145747826253746 -0.00762446862122679 0.160499272582321 -0.320122005545744
0.000985184051258905 -0.00673309862384861 0.433830717822971 -0.00102125253060074
0.00155624832909556 0.00646468230323099 0.234092121957027 0.382871400327975
-0.00884189760725722 0.0072843377533636 -0.109208870226757 0.304248317832963
-0.00999011693529027 0.000432891816737551 0.0139482119407038 0.0414215770181556
-0.00621393194885114 0.00431445359216355 0.162225819869645 -0.240042659526003
-0.00336970001030515 0.0103979978544048 -0.162157279635605 -0.477079728072292
0.00555827197669568 -0.000649007877585012 -0.498190673965081 -0.109630925484703
-0.000944203695396323 0.00788410140231363 -0.217615711762721 0.332689756077899
-0.00895618931042328 0.0143872932763396 0.124078525816055 0.25946892119565
-0.000983535713823666 0.00807495331068599 0.181165684766095 0.0491620851442203
0.00102541239536608 0.00223054811003759 0.0713665982701654 -0.101613652637522
-0.00599016355287148 -0.00153043033074648 -0.0679732194351222 0.0774981310530873
-0.00674430659689523 0.00795172814343464 -0.131191396544212 -0.0290509147567145
-0.0102757414981134 -0.00394347170491079 -0.117236854423848 -0.216961680684136
0.000335635362925165 -0.010056391493333 0.157223757213032 -0.319561885814976
0.00175555181005432 -0.0051716079757791 0.43298821090496 -0.00485786428242839
0.00196810106489631 0.00919631659485553 0.237473050972821 0.380291473825259
-0.00955952738890685 0.00895807303989983 -0.106533537810261 0.306325830613268
-0.0104875153732658 0.00119608262643284 0.0139523229451499 0.042853956382381
-0.00664593793131996 0.00606108808248712 0.163562752179222 -0.236725571657323
-0.00298314256017044 0.0137535099120829 -0.157489404441141 -0.47811669770775
0.00676468494804104 0.000612875080452126 -0.498954216480202 -0.115241665055474
-0.00130582375193661 0.00583026885904584 -0.221040341118534 0.331181217210484
-0.01030457959923 0.0103509085393675 0.121486832394462 0.260914784874205
-0.00237259680980051 0.00630633415661088 0.180708202085199 0.0506474480514116
6.14256052711443E-05 0.00275881368639829 0.0705258941049131 -0.101077051045306
-0.00622290058174412 -0.00149983821325431 -0.0682360374012007 0.0773273043798644
-0.00796004179505743 0.00671360560373331 -0.1313548804369 -0.0289164436029763
-0.0115187491906561 -0.00710392688889018 -0.117692882506009 -0.215256065389687
-0.000402089739276177 -0.0118501300964681 0.156235086318646 -0.318623133212542
0.00214285577102403 -0.00425772653838955 0.43389536092404 -0.00444234914082558
0.00223247980843337 0.0110642419591477 0.241680072811505 0.381343911855145
-0.00998255042047417 0.00988925727955803 -0.106899359672764 0.307672188452205
-0.0103640198948537 0.0016758239316605 0.0127902982579727 0.0440720965635427
-0.00712025784783201 0.00669486050008764 0.163606775355812 -0.23504757684368
-0.00337617455417619 0.0154531500646932 -0.154917565245648 -0.476731081547741
0.00710989989791759 0.00215512129238982 -0.498319785364599 -0.114124773888463
-0.00180748082934015 0.00375977917181233 -0.221548284654106 0.332209816664604
-0.0112817677461276 0.00682323880808712 0.121341401318816 0.262320027537481
-0.00332490350694551 0.00411466064967678 0.18071906724187 0.0510183058702983
6.37601060361499E-06 0.00242293059183195 0.0697759377857109 -0.101248212139209
-0.00535253456257655 -0.00106403964085842 -0.0686976890826571 0.0762223370160596
-0.00793818342258009 0.00512904811896162 -0.13051214422074 -0.0292907528378439
-0.0124453606848594 -0.00985528309344708 -0.116289403025295 -0.214648377922525
-0.00166214674710413 -0.0136406276934296 0.159515881706765 -0.316235327012529
0.00174328459693253 -0.00349431410154713 0.433118532626713 0.000677995310057408
0.00124315780133194 0.0121611392961954 0.238877192153734 0.384457013755575
-0.010180245236471 0.0102298232514115 -0.108215632502746 0.310879958845095
-0.00964913877060297 0.0012853441250157 0.0116703576479971 0.0462311681059717
-0.00702342202357235 0.00629680742603517 0.162181445600156 -0.232508025976361
-0.00370227439710064 0.0168802121800628 -0.157046772529546 -0.473901839077262
0.00739919275218856 0.00270514771161671 -0.498836775816975 -0.109936303501042
-0.00258206831513778 0.0021478438743268 -0.221400105105805 0.334734684096123
-0.0113608720433562 0.00321546258133919 0.122876278419304 0.2630932546379
-0.00307488484055532 0.00239124836831448 0.182062082754171 0.0510586795538105
0.000554850658325742 0.00283443377366705 0.0694716702453801 -0.101696109273577
-0.00447074794656473 -0.000530813122072512 -0.0676990182080335 0.074412336689216
-0.00747032519198268 0.00423353046496181 -0.128471068562009 -0.0312730877113148
-0.0121526006235952 -0.0117065684424055 -0.113247878214008 -0.215999459791919
-0.00237505848364587 -0.0142973174855043 0.163004328717254 -0.312309849231048
0.000890847376146513 -0.00304880820747702 0.433388051672466 0.0101419211968076
0.00022439469385958 0.0122607913250397 0.234195264794233 0.392165908500948
-0.00985553400151391 0.00921187940699596 -0.111934393987608 0.31114547886259
-0.00910958559746521 0.000193210986960163 0.0112497354801997 0.0470185015926314
-0.00712665137034288 0.00513317672379881 0.159397921139515 -0.232829102675933
-0.00497684597138988 0.0168607263042684 -0.163110561327383 -0.468837100571191
0.00660249582728052 0.00280146495123953 -0.498054981962566 -0.100719996924382
-0.00368765829934493 0.000923848078875732 -0.216318125259632 0.339532796226692
-0.0112098860561162 0.00116539184793949 0.125690246894535 0.26185504468177
-0.00241096232374878 0.000802375051183534 0.183507137694313 0.0488350387474925
0.00206554954061666 0.00279808931430993 0.0697695279162776 -0.102488649398062
-0.00257907021778329 -0.000144416707348884 -0.0666848386148404 0.072823396169445
-0.00604695260503051 0.00347463983440881 -0.127086219198357 -0.033223925965628
-0.0116311464181742 -0.0126804282567622 -0.109577861134178 -0.217795758568392
-0.00269806295068691 -0.0144649144489944 0.168641113903708 -0.307403478709572
-0.000178279379482816 -0.0035171314215513 0.43279714441063 0.0218946030005049
-0.00144743734059253 0.0112571037385371 0.225151839623181 0.400666746760703
-0.00981875019949282 0.00747559438968927 -0.116991968795985 0.310897949050579
-0.0080955754826489 -0.000975567648989835 0.0109000988892674 0.0476056032977981
-0.00670128423997361 0.00407169834760644 0.156492801517593 -0.23245384672232
-0.00543813996703351 0.0153978134250488 -0.169632719195361 -0.461396072849177
0.00468282399146476 0.00270077748324405 -0.49975757448651 -0.087774543776101
-0.00443836663532542 0.00153828795952481 -0.209830756902869 0.34519201433854
-0.0110015485169221 0.000474331313648184 0.130663652843156 0.259781017588416
-0.00120453101898478 0.000612154291516899 0.185321369467114 0.0464779971817767
0.00425733670767328 0.00352467258464707 0.071222200561258 -0.104292148110474
-0.000583986325009636 1.62228260444752E-05 -0.0647557277454305 0.0718452896053207
-0.00486319359856917 0.00346646561066821 -0.12582366152819 -0.0353726365420569
-0.0105696966488439 -0.0127211686671659 -0.104957908947249 -0.219510593789641
-0.00263628129755437 -0.013782168071062 0.173889759463032 -0.303339269143416
-0.00162776415991107 -0.0038589014020105 0.432977917177709 0.0331705352985316
-0.00227052683555081 0.00851060804378435 0.218110167360313 0.406956921173367
-0.00934392995426366 0.00471011693821092 -0.121159359568465 0.311092242221231
-0.00756938399337773 -0.00260354614412454 0.010726612226774 0.0473474000903744
-0.00670263240758751 0.00245761094792527 0.152181554935472 -0.234361292176638
-0.00683241586078597 0.013323053294835 -0.179107976687083 -0.455959597437701
0.00242615587687062 0.00220435344843275 -0.500883386106277 -0.0742359676927022
-0.00508118819795284 0.00212690803514673 -0.201911442363052 0.351103806414167
-0.0102232213722283 0.00133281135901003 0.135589185212368 0.257223130229539
0.000460621729411101 0.000938840561914619 0.186418208352868 0.0425028043554944
0.00660380489123673 0.00412652992605349 0.071755006279155 -0.106304041555682
0.00154792194362534 0.000242441216371211 -0.063468588536035 0.0704600984638132
-0.00314942245477206 0.00438096483682834 -0.124354006582611 -0.0381659610670273
-0.00909614038389041 -0.0104764488122621 -0.101133997091243 -0.222235468178783
-0.00279507827766396 -0.0123441714003113 0.179598185082131 -0.299784783470191
-0.00257966122327098 -0.00552175636339491 0.432636914466178 0.0450752162225901
-0.00331888704052613 0.00599043748519333 0.210272601369051 0.415606380339597
-0.00902156945246592 0.00270382366614666 -0.125434710000156 0.31077742337922
-0.00614167234544021 -0.00357929978669946 0.0115289342352767 0.0468622795380066
-0.00586306111754676 -8.09731337652279E-05 0.148814813782753 -0.235774300579294
-0.00789476080339063 0.0106126311857847 -0.187642620734334 -0.45099881632566
0.000712460230100015 0.000823055218113371 -0.501229441408518 -0.0615495715945467
-0.00602881196301424 0.00316383745498648 -0.195966472781775 0.355171420674691
-0.00900643237446744 0.00413280229007913 0.139602695721947 0.254937286294421
0.00272454217327104 0.00175101650264249 0.187416683549031 0.0398346789531178
0.00845493453599622 0.00453525880680112 0.0737499484898209 -0.107859889972102
-0.00567489280325326 -0.00192874306585544 -0.0662403373682967 0.0772581402942624
-0.00497806976373829 0.00924180265589559 -0.129649220443062 -0.029752662883154
-0.00943650671348921 -0.000486606502416061 -0.115583955398822 -0.216535634202631
0.00103477487392148 -0.00775759979099511 0.156372188058449 -0.315800503396476
0.000934173238120299 -0.00625467965997983 0.427961221145462 -0.00239899151304637
0.00152503919109115 0.00648796707055886 0.2327637407196 0.376787658642299
-0.00848504921714741 0.00727576822247387 -0.106242385504046 0.30078812459571
-0.00970041456513635 0.000755818187924748 0.0140438618347785 0.0408455018010084
-0.00564216526896351 0.0044684923450064 0.159319044455975 -0.237057556889736
-0.0038134587714954 0.0103441676911144 -0.161430542530236 -0.470339859359374
0.00512282907322459 -0.000744722076770609 -0.493230558297586 -0.105355657522888
-0.00123924427639995 0.00816389924371252 -0.213527144585383 0.329801640975565
-0.00805314213609625 0.0144684634325 0.12430418731379 0.254982425419124
-0.00124438093659633 0.00797204684300796 0.179387350677774 0.0472974500693776
0.000783681902096305 0.00171958755421027 0.0700128918021171 -0.101313096475474
-0.0059548236013482 -0.0018276323725507 -0.0671956014815153 0.0776998996299022
-0.00655914456336057 0.00764263478445223 -0.130290654083257 -0.0280460196574379
-0.00996797916554349 -0.00393830416145343 -0.117342183285592 -0.213555671444657
0.000746206810829116 -0.00990011863650609 0.153012538703405 -0.316819548828247
0.00230098293929161 -0.00522758834067691 0.426818739915961 -0.00719957923210128
0.00227375101087554 0.00934133785810032 0.237485381349363 0.373190809471274
-0.00899661178594915 0.00875274582664409 -0.103985053241835 0.301515767266018
-0.0100038532298402 0.000992112268146066 0.0130024362406591 0.0420151416996717
-0.00655087908056388 0.00588643884394145 0.160625412489455 -0.2343781806579
-0.00338509500826893 0.0135283675692817 -0.155835192326553 -0.47108485439885
0.0063876705202572 0.00103303382650286 -0.491640417753614 -0.109815540074298
-0.00132002408925089 0.00575217393191428 -0.216564059834188 0.328398631262704
-0.00999781527849157 0.0108509637872482 0.121137611654738 0.256789885486792
-0.0020131693258234 0.00654646069518831 0.179178731123522 0.0487710058663734
0.000218540185532657 0.00169350459342666 0.0688596151258142 -0.100111690752677
-0.00662072290771506 -0.00104748491091079 -0.0676119892203197 0.0772821842442771
-0.00694101932626825 0.00652405501992177 -0.129455035391045 -0.0281260882429174
-0.0113390721977189 -0.00649137928691441 -0.117703902459011 -0.21199592625636
-0.00115504028968347 -0.0119973861729525 0.152295583099344 -0.314800427956916
0.00221590600453042 -0.00399417849181518 0.427575338843847 -0.00620977106657182
0.00244076850858104 0.0113125770381481 0.23966016647017 0.375363303202007
-0.00961596382299775 0.0097322391455491 -0.103704385577618 0.304216738255001
-0.0101877451648138 0.00186642475977808 0.012461587916377 0.0433827989171907
-0.00685607234880618 0.00626037358853182 0.160502781219888 -0.232287743484574
-0.00309876606914375 0.0161368183961399 -0.156521715447683 -0.469760589543754
0.00757198322047574 0.00223544682958511 -0.492244478789502 -0.110432470577374
-0.00191508179266299 0.00386455752985571 -0.217199172730294 0.32871723696515
-0.0108903073559472 0.00690129331107966 0.121320500807467 0.258505859786708
-0.00311672942432465 0.00417727445365827 0.179504143797849 0.0494375357659245
-0.000368605581933813 0.00236572529969349 0.0683543180869346 -0.100606278334915
-0.00600633582667761 -0.00107755196673929 -0.0671473865234972 0.0755999337278359
-0.0078283864447777 0.00506929552114437 -0.128777001261921 -0.0288015909555772
-0.0123217155043032 -0.00957013443964114 -0.116000883290579 -0.21201882412059
-0.00179336325179079 -0.0134484223744335 0.154766550957297 -0.312145462405142
0.00175144857603125 -0.00346575941856338 0.427205698612648 -0.00100612385729656
0.00152226284342663 0.0124757861596852 0.237112896661461 0.377949848263587
-0.00986273320681298 0.00958401861335902 -0.105897647878845 0.305908956398217
-0.0098847461939498 0.00107610523885772 0.011774768850286 0.0447234140491846
-0.00699376932449022 0.0064265312801812 0.158851911228478 -0.230099831333048
-0.00343748418927874 0.0169064263169734 -0.158010955127321 -0.466477493635735
0.00697722267057786 0.00278222566668601 -0.494273713221164 -0.106426016313876
-0.00249982727845285 0.0021155929504072 -0.216965061061457 0.331539576921324
-0.0113530098417001 0.0032864581605072 0.123066474379583 0.25931636399663
-0.0033469995243471 0.00215677806123605 0.180270963513981 0.0483215799053528
0.000409173451199982 0.00254960388300407 0.0683357154831758 -0.100932926745433
-0.00494814682728804 -0.000181537247257667 -0.0665999695513214 0.074189433142154
-0.00728271716483582 0.00411291224136837 -0.127635804595006 -0.0305181999317907
-0.0122189179021407 -0.0113379882537039 -0.113054808258298 -0.211948468037908
-0.00274084901482083 -0.0141720150911993 0.158405300436026 -0.309313146860811
0.000535983211282608 -0.00341716796947254 0.427875313490589 0.00723463721391947
0.0004579766949801 0.011863650951777 0.231579454574782 0.386256423188374
-0.00940921175478992 0.00862738704186385 -0.11007883223061 0.307701912095013
-0.00888445883392935 0.000167365850012478 0.0106561224132383 0.0461717589182071
-0.00639185525958366 0.00517941811361724 0.156335965497823 -0.229701517640012
-0.00409123660462509 0.0166746941619317 -0.163285097816638 -0.461467016081264
0.00648649922261356 0.00295109553156465 -0.492987886768909 -0.0969607879991444
-0.00311235019383034 0.000948224322153418 -0.212123278327752 0.336746531623583
-0.011681554013997 0.00130510734400369 0.125835463654163 0.257750519502572
-0.00185673437794876 0.00116880036085833 0.181761843380163 0.0467167324117483
0.00204548502688359 0.00299500497501624 0.0688418085701305 -0.101933532598167
-0.00246494907769459 -0.000266589262001457 -0.0651622944867659 0.0721263921707867
-0.0059376850073048 0.00338227475251863 -0.125818212641673 -0.0320547268355549
-0.0117836408457188 -0.0125119980798428 -0.109931275693832 -0.21398244139511
-0.00283021430958559 -0.0146515426328035 0.164225890099002 -0.304452381771317
3.66977316322735E-05 -0.00338536035352281 0.42717248903109 0.0191169467027565
-0.000856998427796856 0.0112897638356991 0.224223276636952 0.3940784251847
-0.00941341669699537 0.00739400999162133 -0.113437818771221 0.307686831923238
-0.00806658166208593 -0.00110996486875358 0.0109049390038036 0.047083356687744
-0.00643960754750991 0.0037512101148746 0.153201552082903 -0.229948455102852
-0.00528028324282117 0.0154227732121947 -0.169216172312202 -0.454019382581113
0.00424207918685854 0.00302079684333255 -0.494731508845544 -0.0844399472697708
-0.00453148189836428 0.00146805127502466 -0.205205344206838 0.342028984478998
-0.0107324432164779 0.00104955388172264 0.129797554717884 0.256005903225077
-0.00124395974167798 6.42297714148303E-05 0.183172260299124 0.0445186318236876
0.00398268848425945 0.0031170941314948 0.0693082670255937 -0.103679080870693
-0.000749255278259099 8.55225233928093E-05 -0.0636132636341817 0.0711632169671816
-0.00464100750358769 0.00353050781100104 -0.124272899231616 -0.0343414453443131
-0.0105473695707863 -0.0120080928219212 -0.104859082066573 -0.21637259231113
-0.00322428807548402 -0.0140224979642763 0.170195198691051 -0.300525618723045
-0.00155284035277965 -0.00441350744928978 0.427053692509064 0.0317729245325422
-0.00225252663490649 0.0092220027139288 0.217068726488799 0.400414204284645
-0.00922929844465275 0.00487701774075466 -0.118340402892728 0.307415732954866
-0.00742827031672137 -0.00268324124688047 0.0109603875801925 0.0473042454100435
-0.00596271870787489 0.00216200125043674 0.149977615396049 -0.231086334143048
-0.00651465088170455 0.0134492795187735 -0.179249337524884 -0.448239924024036
0.00235585712533226 0.00221836853176583 -0.494849684419325 -0.0693466541732497
-0.00526603168118879 0.00175031394551813 -0.19750083014106 0.347066123237916
-0.00971124998776451 0.00161076719710156 0.135321661062578 0.252406756965234
0.00046431288853192 0.000250265365755039 0.18430186230921 0.0408122668793944
0.00672130064310599 0.00382273358032081 0.0702464211630832 -0.105761342361848
0.000892985737510437 -0.000251426933943325 -0.0626058216116169 0.0698724786497047
-0.00265549386798434 0.00397328552206689 -0.122759922874421 -0.036569595783129
-0.00965092308187184 -0.00988767403570815 -0.101745760861824 -0.21916162119474
-0.0030345294830994 -0.0123238246636757 0.176009876456372 -0.29676631955255
-0.00268588636344593 -0.00532920055227826 0.426440622961225 0.0418535288127175
-0.00286745308719308 0.00649661043266037 0.209010669896342 0.40831195508481
-0.00897494387789713 0.00290944024604809 -0.122569531816537 0.306812080606623
-0.0064787355735836 -0.00371370366539557 0.0110482517200577 0.0458694496483978
-0.00583723596601043 0.000144757432674441 0.146582174422061 -0.232957638749433
-0.00761148285199811 0.0106539823131365 -0.187515460653739 -0.444667198070819
0.000714881002660246 0.000854514932528427 -0.495320232736365 -0.0597081973065194
-0.00551583359186187 0.00344400710752314 -0.190519010934283 0.351423298520817
-0.00835274471700981 0.00365000661718183 0.139127164730664 0.250727177689533
0.0024149333797951 0.00180938181678348 0.186125201232259 0.0373100531757902
0.00823887612290407 0.00405206243551602 0.0723259882057698 -0.107362198562269
-0.00312156834356691 -0.00268744104376481 -0.0663918628244089 0.07637648816491
-0.00474608179405638 0.0094632985302214 -0.128575054201805 -0.0291843602271817
-0.00875960318452603 -0.000278497151202928 -0.115650702228332 -0.21375820545125
0.000706787536528284 -0.00769521721785543 0.152690864007086 -0.312785096699543
0.00135262034484347 -0.00620009876433819 0.422407925343096 -0.00327879428514793
0.0017376454515685 0.00610890276351666 0.230379956185703 0.370902732392928
-0.0083201883661201 0.0070707573669295 -0.104377186385975 0.296318958761607
-0.00925260277141713 0.00053031602055126 0.0136201134373555 0.0398384609710698
-0.00525104744491201 0.00408051028280942 0.158139394066136 -0.234085607473985
-0.0036672535477793 0.010854360877659 -0.161064375728212 -0.4641919683341
0.00493000919733646 -0.000706795036438506 -0.488378634338068 -0.102643107991655
-0.00106095331927239 0.00857301646018827 -0.210709024229072 0.326294151143546
-0.00824546933436604 0.0143682884785125 0.122970062889513 0.25194552231642
-0.000595291629022144 0.00800187293287098 0.17729354862042 0.0451736259494562
0.00122768053871674 0.00261944637489535 0.0688844325340401 -0.100312307096411
-0.00689946383061459 -0.00168087989155912 -0.0662855709963199 0.0763764335954823
-0.00629522339475459 0.0076624492858825 -0.128807607547282 -0.0279361694065372
-0.0102551126997322 -0.00363204062720501 -0.117130874204154 -0.210774627882739
8.87520383957476E-05 -0.0097261257153633 0.150362928826392 -0.31278821101166
0.00200780562382798 -0.00547035282641282 0.421723276848259 -0.00711018139089648
0.0027354725816056 0.00928022681407097 0.234347725538655 0.368961774577022
-0.00906650662931284 0.00840216433971003 -0.102240856534216 0.298323163857697
-0.0099700743341461 0.00143686377485633 0.0132654430194438 0.0412630467248932
-0.00633898423790187 0.00571362545793038 0.158850800564163 -0.230931390428272
-0.00293868002341086 0.013536218395092 -0.155530829171826 -0.464145344373442
0.00613589445531885 0.000441484675175319 -0.48715757894346 -0.107465740782066
-0.00122922632945534 0.00588277502639896 -0.21412512271582 0.324499581788681
-0.00930224079832194 0.0104593085895913 0.120786785608938 0.253275818186244
-0.00243467623247141 0.00628030138043403 0.177312572525408 0.0473532642440891
-0.000239417684889462 0.00222667681702595 0.0681531872170889 -0.0990362895465382
-0.00667802059175227 -0.00122421184983884 -0.0670771756208067 0.0758297754657445
-0.00717564691468053 0.00615565524535782 -0.128533930896569 -0.0274649164151492
-0.0116717508136501 -0.00665783786523693 -0.117267956571433 -0.209054946444542
-0.000619351243630256 -0.0118123364748035 0.150079079381655 -0.311395382099241
0.002107672510068 -0.00423047791673033 0.421650592005963 -0.0071144578218725
0.00240579675371968 0.0111908508079959 0.23592515193929 0.370971718638068
-0.00885503331721605 0.00947628835182912 -0.10193169492382 0.300148864320018
-0.00975705279149092 0.0012944589760577 0.0126064762925769 0.0433128442677177
-0.00675623487772397 0.00661713163181899 0.158148667835206 -0.228778616677303
-0.00265104847957144 0.0153692501752311 -0.1544423499727 -0.462634259553192
0.00717799497111114 0.00171822042875528 -0.486955860319206 -0.107373585195287
-0.00141070320842436 0.00393478962629545 -0.214374753860501 0.324629661716214
-0.0102047428960113 0.0064459604526819 0.120454008919854 0.25495590276215
-0.00335723607734844 0.00430158689176872 0.177316537849983 0.0475352542505191
-3.62726307195256E-05 0.00247919239608335 0.0669793281669834 -0.0990139878878362
-0.00595866063618277 -0.00089879402352783 -0.0669009811950947 0.0745875824760514
-0.00736030675027881 0.00477249784468219 -0.128012462974432 -0.0283552463216066
-0.0116624092692318 -0.00949369072532139 -0.116466151679416 -0.208341415534583
-0.00165093443540118 -0.0135161077302212 0.151854162528967 -0.309062239946376
0.00196852128426814 -0.00328101231258496 0.422701445244244 -0.00220253201757877
0.00180640034446026 0.0123627814774701 0.234544890470575 0.373531272572859
-0.00992352025519124 0.0094242077901881 -0.103425917757722 0.30230295993761
-0.00941527965618777 0.0008999505337762 0.0111110479040801 0.0442887361755324
-0.00641486733377746 0.00633785012384905 0.157085328484037 -0.227467112455588
-0.00343382094440647 0.0165669924151418 -0.157161695440611 -0.460531167774021
0.00716773217329116 0.0026832373757277 -0.487478666479273 -0.103319230142021
-0.00270038750690234 0.00205196358293958 -0.213543185309931 0.328064259716855
-0.0111197246121889 0.00380735440777013 0.122055244047378 0.255314009979998
-0.00274832126040308 0.00231396526711264 0.1782940831904 0.047321480690363
0.000685398887602584 0.00243759582208663 0.067860366128926 -0.0996732111659112
-0.00486241600707218 -0.00050155948459606 -0.0662780614456658 0.0736559014756341
-0.00722189691769669 0.00382230891766843 -0.126497843855328 -0.0296648213415059
-0.0118534633163506 -0.0116233884960018 -0.113233855953376 -0.210246603475171
-0.00253253690284605 -0.0143538059415546 0.155647999488285 -0.30564924512073
0.00111451064728395 -0.0031589577916817 0.422645736186671 0.0072663466013334
0.000429877606349854 0.0119048768438876 0.230401974762642 0.380775436528457
-0.00973475544422161 0.00812728851065064 -0.107297461521585 0.303579640618426
-0.00898911121744523 0.000356218426877295 0.0107077027625476 0.0455437831696413
-0.00647668739628704 0.00531986885893135 0.154215233804846 -0.226773173522442
-0.00434099548076967 0.0167710237810977 -0.162296639689967 -0.454503467258124
0.00624634505679047 0.00314076148123443 -0.489072660048157 -0.0945280958070002
-0.00329712668251139 0.00121946242307853 -0.20823539244432 0.332584577109496
-0.0110403339161807 0.00169731556836898 0.12481026626558 0.25393559346548
-0.00212026679242365 0.00111709697786227 0.179539931144468 0.0458406253016026
0.00259739787659351 0.00299400358134682 0.0680740176455872 -0.101191050689705
-0.00304245303771651 0.000222470855460847 -0.0643844151815322 0.0716743907122254
-0.0059278536847505 0.0035344827241092 -0.124803649277714 -0.0316025874165489
-0.0113995037428556 -0.0123883766160768 -0.109991216846901 -0.210795386218152
-0.00279156514533395 -0.0140168733007154 0.160484032206116 -0.301127840630334
-8.4120583604322E-05 -0.00321781687480608 0.422284858769971 0.0187707744163715
-0.000556902942236897 0.0109718853996372 0.221810747714781 0.388236926342805
-0.00909260075565529 0.00696363943059801 -0.112452929570798 0.302906614817418
-0.0076508514542537 -0.000868214855366349 0.0108348696469847 0.0457398445980948
-0.0061718562128592 0.00378245284882132 0.15199744426778 -0.226703001140467
-0.00505442060665587 0.0156190193636606 -0.168751440993492 -0.44808404206055
0.00455074262805793 0.00263034015789179 -0.488588098373453 -0.0815093303293263
-0.00435547752723858 0.00127864507569766 -0.201903328412466 0.337574366604616
-0.0105455139922322 0.000545381265104741 0.129269442394916 0.252154474011283
-0.000907958370262385 0.000204925847763297 0.180933297114255 0.0431317203426238
0.00434255950186061 0.00286462588547855 0.0685006925858501 -0.102545370314619
-0.000825806815105138 0.00026671037563948 -0.0633516115470927 0.0700787726705871
-0.00424658989399109 0.00366272880823821 -0.1233800768914 -0.0341192147468947
-0.0105507811548055 -0.0120885892197818 -0.104682225025127 -0.213932897144448
-0.00296665559747326 -0.013888461768481 0.166622557717213 -0.296762706799293
-0.00132510123315334 -0.00373529162531777 0.422141446116429 0.0305841096815069
-0.00147545210973285 0.00889865904775213 0.214627231912763 0.395607955518298
-0.00878932593580252 0.00468066306771319 -0.116353503074657 0.303477129612632
-0.00648059159189823 -0.00250663052175173 0.0107140902025636 0.0461051904205412
-0.00585112260218803 0.00216178679307795 0.147786162037998 -0.227469851428651
-0.00595049279419193 0.0134697447515574 -0.178333779639355 -0.44290711159391
0.00223981206047489 0.00225048310975583 -0.489272310438186 -0.0688741660785709
-0.00513499278469729 0.00169428468724859 -0.195698604079978 0.342931215348411
-0.00944414450074365 0.00141805817844132 0.134051436987824 0.249569712941841
0.00113960130543603 0.000271135631566475 0.182076399755087 0.0395967063810927
0.00654497517531255 0.00389319203976124 0.0694462564223016 -0.104101803447791
0.000940320286018309 0.000154509149373975 -0.0618383557347057 0.0692621122147287
-0.00228022399977346 0.00387375771512151 -0.12169066808756 -0.0361656189151732
-0.00933262281628609 -0.0102259291991737 -0.102000418638368 -0.215844328319678
-0.00285147844159729 -0.0123026704255989 0.172692945837069 -0.293013915521889
-0.00244679821289289 -0.00527758018960188 0.421537960669206 0.0412547349695258
-0.00299368134315654 0.00642228305244741 0.207572283044128 0.40311745998259
-0.00855372431802296 0.00291144595848805 -0.121011673689764 0.302524077017934
-0.00614485784603069 -0.00381057283555114 0.0110257799412799 0.0457290649054944
-0.00540112090660402 4.08651737465963E-05 0.145257558772029 -0.229470918991814
-0.0069169440613796 0.0103479050078975 -0.186050252128953 -0.438215565832471
0.000290261209542769 0.00117507597607326 -0.489846129284862 -0.0582119309339529
-0.00521324633743935 0.00328736385447426 -0.188108640808775 0.347420221394177
-0.00850008852644244 0.00375389620224513 0.138182724607374 0.247067867826167
0.00234423354975611 0.00137156923755115 0.183853681103245 0.0363603919156208
0.00848094750187531 0.00399563365883975 0.0715243529158987 -0.106116821906017
-0.00572702069161849 -0.00157784258152396 -0.0646530958871091 0.0750746696980487
-0.00437074249440504 0.00905084654127543 -0.127181829450216 -0.0291980133143189
-0.00900991279084653 -0.000191870401334812 -0.11490178244181 -0.211345028228282
0.000909184533094609 -0.00774120172604741 0.151320475841787 -0.309379398005452
0.00110023464806527 -0.00627343942351005 0.418402994322536 -0.00248912682969396
0.00234994538617652 0.00673907314759522 0.227427102679057 0.366881007372595
-0.00830985530695248 0.00711526714389544 -0.103693807112913 0.292621715935059
-0.00894680024908547 0.000781862674161599 0.0142364260607814 0.0392768449841478
-0.00551770211779044 0.00404696033538043 0.15628212771325 -0.231098774281167
-0.00307908846692709 0.010758923147778 -0.159019049380966 -0.457708022952614
0.00460579061399074 -0.000794082296113802 -0.483664392311729 -0.101188720657908
-0.000857980259525619 0.00807265768810133 -0.207376569634149 0.323199299244465
-0.00795673768433879 0.0140015091912986 0.12229772574299 0.248728813442924
-0.000615293044684273 0.0078681642296811 0.176035773140659 0.0449061397029579
0.00122792480665297 0.0021923541763008 0.0681717097414826 -0.0987933049955753
-0.00682682003434863 -0.00183183251477516 -0.0660277627058636 0.0760296075627162
-0.00610842970566766 0.0070915400241472 -0.12772000430279 -0.027595282550004
-0.0103438021580016 -0.00346581009015738 -0.116518605601972 -0.208649333485747
0.00037941131582033 -0.00983165556557375 0.14831504694443 -0.310153921070093
0.00208774234309176 -0.00536873404162351 0.416838852536306 -0.00743776940852893
0.00239894179574242 0.00921661791774638 0.232430082169711 0.364724961611883
-0.00873458150738798 0.00849524889696172 -0.101885188959775 0.293945832765539
-0.00993960561677488 0.00120655302362015 0.0134319808996465 0.041000912429222
-0.00561171104868206 0.00586572000837215 0.15745665876097 -0.227713830189511
-0.00244457549373387 0.0134757882993248 -0.154642854528527 -0.458890724127433
0.00594742654122067 0.000292158207370479 -0.482421392365532 -0.105308685552981
-0.00155149307586718 0.00561777703830438 -0.210587054685445 0.321183002725083
-0.0091195098047815 0.0107398315092615 0.119542942017362 0.250475442354801
-0.00213600309993187 0.0059371523720504 0.174820715042507 0.0465139631704175
0.000161261788369097 0.00178584853498895 0.0674865740244185 -0.0985255249859922
-0.00692211316569421 -0.00172342185116292 -0.065997029943484 0.0751423564125521
-0.00687333604687295 0.0062080301839229 -0.127899399091581 -0.027414722607974
-0.0113118533223623 -0.00642785527942016 -0.116072637243719 -0.206933795111735
-0.00110613455681831 -0.0115881188301848 0.147955192288211 -0.30768853632689
0.001949529854682 -0.00379637767511549 0.417156455167466 -0.00675238136687889
0.00241206607628031 0.0108663798789613 0.23339959373065 0.364319762940916
-0.00906175806529612 0.00993321158611639 -0.101199224596653 0.29603453695461
-0.00932414655899936 0.00142746422458396 0.0122756369583046 0.0425078689369487
-0.00619418041509269 0.00640223730451878 0.15727343437813 -0.226052206580532
-0.00306751803639961 0.0157584403200113 -0.152529509911852 -0.456893926844918
0.0065694519969192 0.00239124197027788 -0.481994032173705 -0.105547186427307
-0.0017761296083466 0.00348315238521321 -0.212324489232515 0.322092094719352
-0.0103673818971193 0.00667016598328238 0.119280738634565 0.251692954052369
-0.00273988093330008 0.00401767102118045 0.175852216674909 0.0466999041968768
-0.00032359646750176 0.00188689167814275 0.0666165710597822 -0.0986214713624952
-0.00599545153575523 -0.00077114558616667 -0.0656331201405855 0.0744727104826335
-0.00718144014157938 0.00449791334228766 -0.126889608703681 -0.0275625199612787
-0.0120383550457727 -0.00927679626236341 -0.115374456416123 -0.206413901964336
-0.00183887047349101 -0.0129360141580532 0.149253796661393 -0.305345991669721
0.00158709179741408 -0.00327464903187019 0.417617918303579 -0.0015138347860864
0.00207436346123495 0.0125408267489515 0.231272336133918 0.369597729429627
-0.00962261873690796 0.00942692633251357 -0.103382296161455 0.298625789546563
-0.00921015332533423 0.00100788403768427 0.0112832267419486 0.0437983906540886
-0.006173736422292 0.00606092736658037 0.155697609842263 -0.224100202186018
-0.00358043600522235 0.0170235722709185 -0.154008696571418 -0.455156069927
0.00707448781176021 0.0029294786444545 -0.482622219766974 -0.101385401929226
-0.00226419734431205 0.0016482251468938 -0.211121007071028 0.325368486262957
-0.0104285409755158 0.00386380783804574 0.120028145777462 0.252768124495137
-0.00234547440024539 0.00261058819199645 0.177116437217923 0.0467098431046323
0.000845848741226607 0.0024841569309443 0.0669020390376456 -0.0983377236610466
-0.00497225147540478 -0.000440980417948582 -0.0656026054091058 0.0724292094552029
-0.00696691426931923 0.00397342295043029 -0.125109418166553 -0.0291717069106634
-0.0122737079794819 -0.0112549888283684 -0.112707681340846 -0.207642872061095
-0.00259669003890307 -0.0140141066508461 0.154080476949333 -0.302065629446804
0.000941495413248654 -0.00332630395635799 0.418047465507576 0.00717714730805321
0.00109562575829102 0.011983052213174 0.226835953853261 0.376423779575232
-0.00977986317238378 0.00858609348948696 -0.106826306229602 0.299189891273088
-0.00868102258958051 -1.90699001852235E-05 0.0107214050345631 0.0448765683826523
-0.00650073922028226 0.00547689871949596 0.153038931511023 -0.223881419849651
-0.00368370473527764 0.0165562160002806 -0.160365183071008 -0.449698486297873
0.00583994143269051 0.00304227702670545 -0.482496807305991 -0.0930090224461291
-0.00299277761918262 0.00120442301614889 -0.206260116907539 0.328859733015991
-0.0107127089543699 0.00125715026274921 0.123711625892026 0.251421427043342
-0.00174672745128705 0.0009697572520048 0.178292667477804 0.0450557719441812
0.00224990793411971 0.00249165778534365 0.0675274738486268 -0.100519275228612
-0.00342177717447415 -0.000216224175375527 -0.0642130491652557 0.0712139480151861
-0.00599873873990362 0.00325669618982129 -0.123386629870273 -0.0317428683293646
-0.0108006230600206 -0.0117877226396622 -0.108995021466216 -0.209356637802534
-0.0028961814447115 -0.0141649742854915 0.159244966074289 -0.297554308366017
-0.000141596875155849 -0.00300580023832045 0.417499433480601 0.0185252126428106
-0.000491053756780845 0.0108621225937942 0.218760812949912 0.384220424033246
-0.00965246249279854 0.00683702532655777 -0.111427644351276 0.299498422004258
-0.00767009196246807 -0.00111818829551156 0.0104458869721783 0.0451460303474183
-0.00640390418488203 0.00388304229283825 0.15048203482573 -0.223974394264177
-0.00505486635619142 0.0155764314643532 -0.166539630528244 -0.443423710062129
0.00434805600888625 0.00275218185121474 -0.483368793583247 -0.0815183106484851
-0.0044396083961574 0.00137796345436265 -0.199923728952068 0.334027457011966
-0.00967724713339755 0.000876114330538676 0.127825515051891 0.249710975870884
-0.000831044961627724 0.000304254961754984 0.179084611773953 0.04175026008763
0.00469190232447898 0.00321694054389326 0.0673321667436517 -0.101738107773522
-0.0010619533437186 0.000356049846009381 -0.0627869005482494 0.0690844426584114
-0.00409957696644304 0.00321420080348996 -0.121699177675813 -0.0340030533917298
-0.0105056475999057 -0.0113522098679054 -0.104889679865623 -0.21113618886355
-0.00304169558064881 -0.0138506952138434 0.164487013338472 -0.293973654249162
-0.000881413080501861 -0.00423599114619657 0.417945625869581 0.0303254646173468
-0.0015029648553089 0.00889254607844328 0.211609773458928 0.392056305469328
-0.00903816170447699 0.00463059304891143 -0.114751881438593 0.300040332233534
-0.00684563681694833 -0.00222406193380404 0.0108121393261911 0.0454713683617247
-0.00583736846306369 0.00199906703152526 0.147166344185606 -0.225409057553639
-0.00621964956850414 0.0133806547458505 -0.176838647793161 -0.436550697715026
0.00206477031160574 0.00206918265816466 -0.483488641658873 -0.0665690343055902
-0.00509489498539796 0.00193086586075031 -0.193063210752119 0.339097189168359
-0.00946511650545087 0.00189208518962126 0.133083913606014 0.246667294719389
0.000632515921960084 0.00113742607778495 0.181130539233093 0.0387856329457778
0.00676307538093157 0.00349644571953205 0.0687526658138005 -0.103221133778518
0.000662594750484918 -7.85160839604513E-05 -0.0613919970388001 0.068682598430888
-0.00222087064634658 0.00359905469224685 -0.120399422305728 -0.0356880681485596
-0.00892154097694049 -0.0100733499191684 -0.101357549657287 -0.214098551070695
-0.00296034348980382 -0.012176142467652 0.1701867656353 -0.290577877141941
-0.00239729706946161 -0.00535537037678238 0.417858471820615 0.0403582936336287
-0.00218179147278642 0.00622783647152768 0.20375813447676 0.398227820818762
-0.00822834256527752 0.00271302909825884 -0.119274405052617 0.299472444996816
-0.00580825185960866 -0.00397649096537882 0.0110004969362007 0.0450546101674688
-0.00523331127699805 0.000258770929566268 0.143941022881532 -0.226497582825228
-0.00712859312547875 0.0105281725261373 -0.183363168242589 -0.433227992848723
0.000430269636513135 0.000953338654846125 -0.485999467029156 -0.0557227035466312
-0.00551043115141823 0.00317689429718158 -0.186353085879209 0.342827820313493
-0.00808386249771839 0.00412552775212031 0.136449649327825 0.244848736662047
0.00282455542917908 0.0016327534777971 0.182396494177228 0.0358196065634718
0.00879495753698863 0.00424051645495207 0.0700915264992173 -0.1050211134405
-0.00636639707040012 -0.00169110380497177 -0.0646267442802276 0.0744112504301115
-0.00494593109442135 0.00875129773500499 -0.125840696734625 -0.0288882980895098
-0.00891352777670941 -0.00060461011621937 -0.113585174204732 -0.209518414793919
0.000752153086115452 -0.00789286027586184 0.150111188584311 -0.305859756561219
0.00100585616376055 -0.00652389915752568 0.41462087901069 -0.0020772115238071
0.00212073506120955 0.00627892588207076 0.225128161464671 0.364022968367744
-0.00826301438518339 0.00690425341501964 -0.103598231504233 0.289881163447736
-0.00851549642762337 -5.7158320696415E-05 0.01341781110367 0.0391668224716743
-0.00497660334809159 0.00452578870372057 0.155493508688915 -0.228109793421963
-0.00302128150011284 0.0106043152258584 -0.156886407203728 -0.453739518316734
0.00465403752564563 -0.000282016268372921 -0.479384455552664 -0.101431910041673
-0.00111706967474749 0.00814197158380287 -0.205828945251035 0.319555909871343
-0.00773254824826824 0.014609813958903 0.120667402238036 0.247292720108073
-0.000623586237892184 0.00754412508782952 0.174603100659449 0.0440601581372804
0.00161695847930182 0.00202679663989094 0.0680412182977755 -0.0983057913255558
-0.00691258751819744 -0.00153110392752295 -0.0653522069649324 0.0740898205317914
-0.00566329194364639 0.00750382054671523 -0.127228067180723 -0.0275263963061275
-0.00987823196205472 -0.00360245111443655 -0.115835067007686 -0.207418496108494
-3.2582196585662E-05 -0.00931897967056189 0.147309061702606 -0.306417879631929
0.0019755485870338 -0.00531125315181663 0.413786989313582 -0.00608239536724329
0.00277965503145581 0.00898247965448656 0.228442143528136 0.36202000920423
-0.00888678393147211 0.00835141020646876 -0.101588871793408 0.290910912954982
-0.00954606689127438 0.00113836022513821 0.0126459274975144 0.0405612481520384
-0.00561864867448778 0.00568812404901105 0.157127141041525 -0.224814461072824
-0.00301411348431458 0.0135987807243698 -0.151518469076092 -0.454965158022965
0.00642821132485157 0.000810908480697611 -0.478739887930395 -0.105440049458109
-0.00122241163361045 0.00534194565374687 -0.209407253005482 0.31810366984844
-0.00927831564444461 0.0105726712793078 0.118069544057894 0.249199229900549
-0.00198858623400102 0.00557172531355029 0.174027174433729 0.0454905145025714
0.0005082640140112 0.00209385376588365 0.0675097738535333 -0.0979813010550087
-0.00703884249195422 -0.00157898988523465 -0.0660667292146216 0.0740591001556395
-0.00687622019779127 0.00608897210039902 -0.126529389837375 -0.0274360548367515
-0.0111953708030739 -0.0065689278623495 -0.116052490041007 -0.205642780549876
-0.000861112289881782 -0.011747325824328 0.146312162480975 -0.305474983968135
0.00212972505781242 -0.00422462113484562 0.413360761064754 -0.00597177365062258
0.00277498925375467 0.0111083726741108 0.23046329254805 0.363824602500805
-0.00939223309130469 0.00944601058715592 -0.101913192640196 0.293640565304121
-0.00978600137697671 0.00124049115217288 0.0120005984588184 0.0419084310023454
-0.00622459376621645 0.0061824138029741 0.156621827084027 -0.223211541991601
-0.00260843172032348 0.0156882069975171 -0.150090297010386 -0.452815999527076
0.00658816444047337 0.00185533482996846 -0.47787062914088 -0.104704402249784
-0.00159040389672637 0.00329704548108993 -0.210485900407926 0.318493306727061
-0.00933231356765755 0.00691670023084298 0.117894654662915 0.249293912038548
-0.00279370045695386 0.00372670218380438 0.174716791396043 0.0462687079751496
2.10502212954298E-05 0.00174223247853448 0.0668900562611901 -0.0977231455743221
-0.00655527886301214 -0.000902469306429979 -0.0655287097916726 0.0727162179124685
-0.00669672136343809 0.00480053419658052 -0.12591532735046 -0.0285211809705651
-0.011888803192348 -0.00908596701311531 -0.114846069841505 -0.205400508003876
-0.00190771517985157 -0.0130041887168708 0.14822727241525 -0.302804977991546
0.00162418142167836 -0.00305964201053948 0.414360927699105 -0.000164656810132753
0.00203477936058991 0.0124670493029482 0.227938046117042 0.366049820127516
-0.00931493938268153 0.00920456706109453 -0.103439233838336 0.295213610669047
-0.00896845303775901 0.00084298754940266 0.0107393780656917 0.0430745366106345
-0.00626711698006674 0.0061043301240892 0.155133027508552 -0.221209017708691
-0.00292282556535171 0.0167905849496686 -0.151980729311233 -0.450406603643075
0.0068671117733885 0.00280514278479018 -0.478044913812841 -0.100802338299079
-0.00236389468453909 0.00214023333733306 -0.210134998944865 0.321252326478481
-0.0106244240733206 0.00369367258757836 0.119310663264945 0.250106663849239
-0.00257024833182068 0.00228569604964834 0.174994197478705 0.0457818327102636
0.000876205309681245 0.00237078037799376 0.0662609275484276 -0.097865837748777
-0.00513373317963702 -3.6321028009613E-05 -0.0657088122927443 0.0715605449885209
-0.00670506533592517 0.00348412011852304 -0.124556167887472 -0.0294824061530971
-0.0118671165463785 -0.0112555801572198 -0.111531079457049 -0.205985235300889
-0.00279465396457288 -0.0139523867279874 0.153124090928375 -0.298417769633174
0.000959635911867011 -0.00344147671092916 0.4138257761168 0.00817217719523172
0.000990703550382325 0.0123565373717427 0.223465499164189 0.372993013491801
-0.00919467439204598 0.00809882822196911 -0.106312623697991 0.295927359052079
-0.00853383822984971 -0.000192466428634296 0.0103170740854887 0.0446986652716688
-0.00621260106093439 0.00493589108432683 0.153112374223191 -0.220463207166838
-0.00381428001933688 0.0167516494389367 -0.156785029952755 -0.445970885254775
0.00585594199520699 0.00317334587137694 -0.478813848361867 -0.0930985047050469
-0.00325973204789 0.0010045956365021 -0.204866539688248 0.325962082883027
-0.0105811819046827 0.00210117918719701 0.122458501765339 0.249202801274865
-0.00183332678521982 0.00102915739785512 0.17716988161548 0.0447050610278641
0.00258787328713406 0.0022840056007874 0.0669200660754774 -0.0987639243920702
-0.00338450494283887 0.000134127752825381 -0.0643381272337468 0.0697822707209932
-0.00569480135591547 0.00314222314339171 -0.122468631440416 -0.0312606418925459
-0.0114447451073982 -0.0121325770052201 -0.1081242587802 -0.207654172124261
-0.00303081798226491 -0.0140948796507349 0.157872775942255 -0.294278582815065
5.84022887503352E-05 -0.00325491448701404 0.413518972500603 0.0201758489326228
-0.000271030813197768 0.0110632690489725 0.216415832775878 0.381497709013223
-0.0091152047054928 0.00657863224100972 -0.111403078974766 0.296209540713019
-0.00752210877399968 -0.000939101545110456 0.0105435809212775 0.0447738410886584
-0.00605138825668086 0.00348981003373504 0.150486564233173 -0.220419932689165
-0.00449773027981338 0.0150303117031935 -0.164517836050925 -0.439006656514549
0.00440339567247337 0.00305972772859152 -0.480180839084671 -0.0800264303287826
-0.00421958629119368 0.00111721627169144 -0.198689813021344 0.331672302295932
-0.00984899035048143 0.000757646280981111 0.126500049011123 0.247739562210154
-0.000558965333127617 0.000487572547385654 0.177633920527156 0.0416194576093206
0.00436124169534681 0.00302630520022736 0.0678508711451963 -0.100486114254444
-0.00127205106890177 4.20978239897506E-05 -0.0627269698872377 0.0687363104739241
-0.00374660429610464 0.00330464172122523 -0.12118833108537 -0.0336657733219309
-0.0104013022343864 -0.0116759281358437 -0.10400873051718 -0.210183332298785
-0.00297121680525518 -0.0131278175926176 0.163308713200192 -0.291062398079425
-0.00104220836506811 -0.00404951658728484 0.4135905160807 0.0304439702153249
-0.00131257390846431 0.00908771696927057 0.208618993359015 0.388004544532347
-0.0087293290019604 0.00450841507201358 -0.115430096148269 0.296107563915195
-0.00692395242623746 -0.00279536971507586 0.010157561325033 0.0448286901499787
-0.00527868827982417 0.00186881527520485 0.146213607599163 -0.221676450165399
-0.00565160802222963 0.0133170153772325 -0.173763286453667 -0.432368639322086
0.00210610706345015 0.0023050893050854 -0.480273233712765 -0.068618440224774
-0.00541913860888488 0.00180278900450728 -0.19106605824856 0.336231953225011
-0.00932040028993991 0.00179646839475479 0.130909137489659 0.245099159043277
0.000313715252915736 0.000623325237876715 0.179657223811983 0.0382078340277214
0.00690205724388481 0.00337105164446793 0.0685659896637625 -0.102445082802007
0.000583535723104067 0.000245369604515361 -0.0611913306249697 0.0676443223424188
-0.0021285536983791 0.00364735543613005 -0.120129975770697 -0.0352800607674239
-0.0095388024883671 -0.0093496066850751 -0.100202992929516 -0.21222081632855
-0.00311508911602817 -0.0120757861196405 0.169358964077806 -0.287060409342693
-0.00196404784627752 -0.00535502523608493 0.414388909077856 0.0422703309665924
-0.00225956047897598 0.00645571026372082 0.201590723759016 0.39554767909166
-0.0084579304665856 0.00218770489815329 -0.119186782571401 0.296296882214297
-0.00604357834725396 -0.00400761347599291 0.0106741775060078 0.0445906563943248
-0.0048258803024732 -0.000481040622704088 0.143307767818953 -0.223584431605769
-0.00701630773244101 0.0107908933772327 -0.180634795468104 -0.428780846095722
0.000508178379070508 0.00130145115473662 -0.480416371229091 -0.0560387783283606
-0.00536259259855614 0.0033673227418104 -0.185439297171458 0.340016081384589
-0.00767900590732848 0.00391327899702838 0.135348164095216 0.242166503412812
0.00272861487220236 0.00146631519346978 0.180620245670524 0.0354673062016727
0.00857503922842476 0.0034733922912588 0.0698460179909853 -0.104364851337803
-0.0064886123102507 -0.0013331266798023 -0.0644146009179222 0.0736412663503453
-0.00478484238330746 0.00877314774733198 -0.125824712097187 -0.0292830575734166
-0.00908448001676689 9.13402982787685E-05 -0.11341285906399 -0.20914636659979
0.000477452308315034 -0.00744074473911507 0.150406562010663 -0.303309338915385
0.00116326723449823 -0.0066299082543305 0.411545240977971 -0.000322232524596901
0.00272160606255681 0.00627634682223549 0.220972236207592 0.363725629236764
-0.00867517684062893 0.00633980823716709 -0.104225554462878 0.287071637647389
-0.00876861518106791 0.000499697661255103 0.0131832619152559 0.0385748971094025
-0.00482345075587816 0.00412326509684201 0.155938119760062 -0.224819548534158
-0.00259419720189194 0.0104192809588454 -0.153854498652359 -0.45023006919673
0.00468804783045372 -0.000546605872209954 -0.47612163909607 -0.101784594589194
-0.00110597575581879 0.00787315960170914 -0.205515519235673 0.316548192699336
-0.00766799511778274 0.0145100231976406 0.119268782683284 0.24588814696716
-0.000268412516500659 0.00728985706635956 0.173668785978834 0.0442616514618415
0.00114027808688161 0.00213661910560318 0.0678838542575209 -0.0974917417038083
-0.00714182816258217 -0.00148244311022301 -0.0659061015287459 0.073420083784394
-0.00582441164690733 0.00728792130810492 -0.126467732913759 -0.0282875716576792
-0.010497271656608 -0.00313738588532649 -0.114884855345688 -0.206164427478248
-0.000152548771099053 -0.00956162549031746 0.146630857958726 -0.304272698475985
0.00214712235253816 -0.00521032969041109 0.411223986318907 -0.00385755829528161
0.00300209231871507 0.00880447970642922 0.225460362543595 0.360156045054145
-0.00895365576216326 0.00823697376594085 -0.102231182563746 0.288346300588219
-0.00954720536660823 0.00085397839537623 0.0122440813983761 0.0401634690309896
-0.00516430886705133 0.00566513749396189 0.157043615790154 -0.222571815633999
-0.0026494597765488 0.0133374279605587 -0.148167123523821 -0.451606016691109
0.00558923605161778 0.00088778364680529 -0.475177677616893 -0.107272875067949
-0.00134204248591607 0.0061014009107233 -0.209393802505123 0.314524243737413
-0.00890098324108156 0.0106480295176175 0.116624194954258 0.247576080634
-0.00213812664713552 0.00549622714089435 0.172961453594444 0.0454178685481954
0.000297047533905673 0.00171696454497448 0.0673531858076701 -0.0964589422687781
-0.00695183026776449 -0.000897393582568685 -0.0661580759870947 0.0731086457116078
-0.00666794437204248 0.00588331187457847 -0.125843886576908 -0.0279377903958245
-0.011156764073646 -0.00607587953376379 -0.115547828272756 -0.204636007434191
-0.000741037873801978 -0.011268897857247 0.145629715924201 -0.3022822231416
0.00222451776791836 -0.00395887078973469 0.41072926836339 -0.00431323281595999
0.00284299883469565 0.0114374422290486 0.227192131330619 0.361866751260171
-0.00903055448170157 0.00891482692412123 -0.102170767336736 0.290363631793182
-0.00948910591036534 0.00123964482819885 0.0114714095793275 0.0415005635728886
-0.005524429258764 0.00613607301634311 0.156946474803091 -0.220360288907021
-0.00251539011065305 0.015601175731101 -0.147079085764485 -0.450706283849814
0.00685341737945944 0.00233245162345663 -0.473907656796693 -0.10653340045553
-0.00165896273294983 0.00378920598778745 -0.20989371627317 0.316123420674645
-0.00941057935896743 0.00682224830391444 0.116214483813925 0.248681872880745
-0.00254787003067996 0.00396183544565622 0.173519506143805 0.0460720141282907
-1.0420615446113E-05 0.00234418349530506 0.0669718652666681 -0.0968869680785325
-0.00646567999558858 -0.000687642079906188 -0.0661973922919041 0.0723194371202229
-0.00716595089305497 0.00453474737181306 -0.124671179340652 -0.0285883760593564
-0.0117602366117435 -0.0090954395630302 -0.113028240174775 -0.204232529318438
-0.00185311560705592 -0.0127376611867354 0.148296258737085 -0.299786290103506
0.0022556935757271 -0.00296306616984131 0.411732107599133 0.0010537683285261
0.00257396583665259 0.0122979806881539 0.225150906362348 0.364970947170347
-0.009448942763229 0.00922067784160712 -0.103454866443754 0.292234504198113
-0.00904681595530078 0.000590821286537984 0.0107772602808985 0.0429273411089325
-0.00602264243740072 0.00593103462839161 0.155972774708667 -0.218492708675426
-0.00286577424515389 0.0166935229420994 -0.149451505440658 -0.447736229568815
0.00652686027297373 0.0031118268503954 -0.475172523878309 -0.103461217541746
-0.00240578283358608 0.00224754302185063 -0.209738692328087 0.318027872921524
-0.0101307349182667 0.00333422817802984 0.117361810647663 0.248437999607533
-0.00256549765824424 0.00195538563569623 0.174344498898729 0.046415492216528
0.00125112996244752 0.00275365363461724 0.0665720848175606 -0.0974205007037722
-0.00535074135088967 -0.000158826227444161 -0.0651446010101429 0.0705431638846701
-0.0068173137513495 0.00313738287348997 -0.124053333701884 -0.030035843260798
-0.0122099990027764 -0.0111234252764591 -0.110668284640095 -0.204852736304612
-0.00254587533439006 -0.0137344395885823 0.15270568964345 -0.297103064644625
0.0011351616843408 -0.00321779017702279 0.411284275210942 0.00975374750511476
0.0012002222354183 0.0119934380403346 0.221378299366129 0.372997431277193
-0.00918197147612582 0.00826136192709824 -0.106731161682273 0.292891420770739
-0.00821946217608485 -2.53266130812471E-05 0.0101166415193186 0.0440104225110025
-0.00586805688885767 0.00520929225855329 0.153470068635521 -0.21828072775103
-0.00390809064785993 0.0168847963754188 -0.154502461170543 -0.442428192411616
0.0057601099354895 0.00279109110521151 -0.475473030401384 -0.0937980985255447
-0.00311246409088812 0.000861317803636995 -0.204366817942106 0.322474239501848
-0.010052115911432 0.00143743584576189 0.120674660327362 0.248336763639946
-0.00156138920706114 0.000753941575799615 0.17539415260397 0.0442425060761786
0.00263611258853132 0.00269943602968993 0.0669582574566117 -0.0983802197347099
-0.00365044303622779 0.000145983099511571 -0.0638508840762806 0.0694062719382904
-0.00543870135198207 0.00307658005707936 -0.121808339721103 -0.0313658400733098
-0.0112173352748065 -0.011847086106452 -0.106831734306738 -0.206475860485435
-0.00310673159512883 -0.0140160107542402 0.157405174245301 -0.292475289084934
-7.79420248827722E-06 -0.00308444079882105 0.410664054426151 0.020882511176677
-6.91924548329274E-06 0.0112533502541377 0.213199275560039 0.378774271278351
-0.00912712793063962 0.00647865743737838 -0.111579205610304 0.293844562287231
-0.00724274878470444 -0.00128426695321502 0.0100237634050225 0.0446261229610747
-0.0057107766186461 0.00366540440791516 0.150521854683625 -0.218235139915383
-0.00450560230887489 0.0155772490326349 -0.160399493474489 -0.436593121304361
0.00436918649773457 0.00270242242707125 -0.475815222951049 -0.0826302322531504
-0.00455517080946614 0.00131091364915143 -0.19771549528372 0.327956034127495
-0.00967980695393734 0.00101326710985407 0.12503485480901 0.245859955258732
-0.00065049954458565 0.000353731374610937 0.177078543448114 0.0410136828744958
0.00428849686157738 0.00307672855004446 0.067291528480473 -0.0998214827771856
-0.0015126310418015 0.000373936593670364 -0.0631513847143856 0.0675650951576792
-0.00385731802686059 0.00275574129094982 -0.120797558396678 -0.0340288702840431
-0.0104549919428519 -0.0113644943713205 -0.103408764809706 -0.208364272518615
-0.00324240287059545 -0.0135095587601174 0.162942671730455 -0.287993508552975
-0.00109113624441674 -0.00426680953207002 0.410599894603564 0.032979030667206
-0.00104288971006215 0.00895071036763617 0.206262253254649 0.386447753516785
-0.00866562440544275 0.00472846150005569 -0.115421029384867 0.293910638259896
-0.00642577706483327 -0.00280495280754241 0.00969808271607163 0.0443317847739902
-0.0047324161974235 0.00220014013055215 0.146897203510339 -0.219433544400819
-0.0057238633576737 0.0131977639449187 -0.170757301531658 -0.429808298458323
0.00228415400952073 0.00219861814731703 -0.47653675807176 -0.0687761606930403
-0.00495941475896085 0.00192544481826615 -0.190913033388283 0.332953842506829
-0.00887401011122424 0.00162829961399513 0.129722846516747 0.243457840342163
0.00113859147490635 0.000554392834809852 0.177957282433006 0.0378450530720891
0.00677652297409989 0.00353289711682336 0.0682748003899345 -0.100863335304756
0.00031093339267037 -0.000179735000809333 -0.0616039130146666 0.0672215812893639
-0.00187704989773933 0.00382999652137288 -0.118901092325968 -0.0360656545415833
-0.00922392485057697 -0.00972049012577127 -0.0989295187421286 -0.211579333118807
-0.00292666597092187 -0.0121982794226071 0.168420393998358 -0.284711138667368
-0.00220794153023623 -0.00559871149163458 0.411024414645071 0.0430083952849585
-0.00199119536453163 0.00651007515263624 0.198983944972891 0.39383480656509
-0.00808586106903195 0.00231382828910141 -0.119509346077998 0.292919224925378
-0.00586462501007709 -0.00396934620245889 0.0103083037490885 0.0440886969723807
-0.00487917232657934 -5.17523774365642E-05 0.143617470449755 -0.220801281505362
-0.007160386890154 0.0108704295242305 -0.178834252349815 -0.426789178931314
0.000403466545720314 0.000898559800685383 -0.477066562073163 -0.0573133569542768
-0.00522298423236842 0.00338591191851388 -0.18489441790634 0.337314608909101
-0.00779840831055094 0.00395857481168627 0.133710929115021 0.241205176362941
0.00260926606201813 0.00164191264810796 0.179847372540323 0.0349261341234624
0.00870740521461743 0.00409894269300001 0.0698423499836747 -0.103113667122797
-0.00679580864867672 -0.00159771424893768 -0.0644142491538968 0.072632110280728
-0.00449533572519341 0.0084569092535375 -0.125266047808403 -0.0298438782158783
-0.0089578803969639 0.000124233103217921 -0.1118600171191 -0.20828327955675
0.00037316345009534 -0.00713155552823424 0.150203204067835 -0.301483678547044
0.00151970989247825 -0.00631484093165639 0.409378581684859 0.00137941179365611
0.00232964018688211 0.00669266462805852 0.219574883482217 0.362098426381838
-0.00812341666416096 0.00635262796101472 -0.10456383317454 0.285053063425068
-0.0089767899006155 0.000438697225787989 0.0129205888385491 0.0386866287955261
-0.0048976665525123 0.00406281831796062 0.156774102256254 -0.222683218802472
-0.00264224383039419 0.0107729580140767 -0.15030366803678 -0.449055708547681
0.0049389212996269 -0.000669844035287609 -0.47315540848489 -0.103543650474721
-0.00129851000982632 0.00810017125366055 -0.206832620966263 0.314563453255688
-0.00726805790637578 0.0144631912347412 0.117592159976222 0.245203960017689
-0.000743102793358839 0.00747755928840824 0.172500035736642 0.0443448312570954
0.0011972648014087 0.00182058286208059 0.0683375343917333 -0.0967155642611556
-0.00712666127482537 -0.00160063233827951 -0.0661108710926775 0.0726673331820202
-0.00591052434920627 0.00681113010232724 -0.125646452423504 -0.028576177451399
-0.0103024350485741 -0.00345398984417341 -0.113919008230225 -0.20562900349547
0.000315120071848796 -0.0093617919140914 0.147340627209828 -0.301677789198764
0.00231842545653107 -0.00491983693717914 0.408813931892759 -0.00258483430631748
0.00309366824000989 0.009233270103319 0.223160957528897 0.359076112505418
-0.00877302374092527 0.00805902417069692 -0.103281643575372 0.286717207928159
-0.00894549181937603 0.00110451355176942 0.0114599000790725 0.0398340738483635
-0.00497692533396421 0.0056821743334664 0.157756780013896 -0.219890310542081
-0.00279688593487594 0.0134480594172148 -0.146041927553457 -0.449005681765569
0.0059742747321428 0.000990007048444567 -0.472646321609649 -0.107716136437003
-0.00151760242005552 0.00579779558847158 -0.209519266043564 0.311300103351398
-0.00865285101634879 0.0107030649239102 0.115177825399393 0.246433501022781
-0.00171428002647603 0.00565815552264395 0.172096161038451 0.0460888474285916
0.000294365266762882 0.00236246564883363 0.0674042622575986 -0.0964436479440859
-0.00713807398479444 -0.000938849663058224 -0.066501630172644 0.0727438158243694
-0.00658983927399845 0.00570770661519908 -0.12561764070707 -0.0284376729481024
-0.0115123362093306 -0.00640606779851668 -0.113957995488744 -0.204353190757425
-0.00107237255921677 -0.0119287481421565 0.146558908673171 -0.299892732587449
0.00213403194019067 -0.00403407400483771 0.40900594931543 -0.00142254496877719
0.00349886993467278 0.0113735319269191 0.224148100028298 0.361427580392902
-0.00874799633709124 0.00897826222354553 -0.102773168001685 0.28799494814236
-0.00909065929249836 0.00100134790785489 0.0112933726056877 0.0415244091968242
-0.00517582731561974 0.00588801424271822 0.157247969614664 -0.218019341266393
-0.00233925376290858 0.0152432684932292 -0.144225240571173 -0.447655068273278
0.00660579744752542 0.00231436960117196 -0.472620405242277 -0.10701732338197
-0.00167067503302664 0.00360446603923435 -0.210531823521382 0.313757216642554
-0.00927581336462577 0.00716737206260662 0.11478070510159 0.247443593862381
-0.0023717696358091 0.00376911278795489 0.172816322345937 0.0462845706727798
0.000433025045612586 0.00178544328659801 0.0668615916530187 -0.0957973562169416
-0.00683530315899301 -0.0004714608096738 -0.0664181299713121 0.0717620050923261
-0.00707888069109217 0.00409554049501444 -0.124571013844905 -0.0288018627670746
-0.011684512371224 -0.00904525683857052 -0.113042089349949 -0.2036114028475
-0.00186324109067414 -0.0130030409906695 0.148803121239314 -0.297909195482839
0.0016798340946402 -0.00317568753256213 0.409827537740206 0.00330088157302614
0.00257012639941839 0.0121309336698186 0.221999757262507 0.364133890991687
-0.00926986606047193 0.0087719646474804 -0.104177456542894 0.289876749407718
-0.00860753576723318 0.000555508700082547 0.0102082094345621 0.0429195549905724
-0.00546970145663079 0.00612501889095951 0.156610204450323 -0.216361455025857
-0.00313475700160999 0.0163756048914943 -0.145936486108408 -0.444289900981415
0.00660905472240557 0.00278307128413211 -0.472629285811663 -0.10334971579497
-0.00219096871482702 0.00194493781323907 -0.209962013824943 0.316187309032092
-0.0096815640228798 0.00388387204401961 0.115495292706813 0.24796853799334
-0.00244820553504203 0.00212913387642631 0.173077610662231 0.0457491730095985
0.000689907041443556 0.00238028215095736 0.0668342417561177 -0.0961466375507681
-0.00558644293312003 -0.000445857131989197 -0.0658728417809697 0.0700922299944158
-0.0067929337249836 0.00315839315028271 -0.123710307350358 -0.0306084988470106
-0.0120299890028526 -0.0107803982698618 -0.109749064764745 -0.204473291401149
-0.00239680546289511 -0.0134958215180512 0.152883855813756 -0.294759897658129
0.00096131141613757 -0.00303103927362415 0.409530222223774 0.0121925010350289
0.0017691998628938 0.0123124667750755 0.217668451234759 0.370874297018908
-0.00946477020171763 0.00803007651202769 -0.108261126631072 0.29096336627698
-0.00779585995136364 -0.000219869492805323 0.0097325484997649 0.0438762851837407
-0.00545034283105696 0.00493210733324382 0.153662719158232 -0.215548796505713
-0.00378950740822682 0.0165640685465435 -0.151402609483138 -0.440574514499473
0.00585339504380268 0.00331964126518934 -0.473113914163356 -0.0947539522701923
-0.0031342047432772 0.00120570234369654 -0.205454511986016 0.319997060781131
-0.00998420592145443 0.00175381601991579 0.11944648824209 0.247064571488754
-0.00184231262495847 0.000808172117689578 0.174739910611738 0.0440610235016148
0.00269453763280436 0.00287366273686856 0.0671981794383628 -0.0975546050672197
-0.00416215312421316 0.000181684530932997 -0.0643216080831913 0.0686468412796172
-0.00529796598684574 0.00274059176642445 -0.121830855029017 -0.0319783009846199
-0.0115866169363735 -0.0115763110199162 -0.105973754454713 -0.205752504793556
-0.00288604412070291 -0.0139416287110543 0.157657477755173 -0.290266130069937
0.000142468158138766 -0.00322253875288195 0.40882575570751 0.0232767773743679
0.000351163857991388 0.0106484062426139 0.210250663094594 0.378347536254398
-0.00880193034367445 0.00626192076941237 -0.112543530213674 0.291295191664468
-0.00724667176545573 -0.0013071203189363 0.00988957398844121 0.0444315121792264
-0.00581892640141503 0.00345222809723777 0.150984486711884 -0.215725672464416
-0.00434680430472201 0.0153269299976341 -0.158949612072928 -0.433995805727652
0.00424881026189162 0.00304103693330557 -0.473880681924261 -0.0831698083233681
-0.00426034595354737 0.00106584746853521 -0.198321973724766 0.325426397402528
-0.00945089650935851 0.000994725206924897 0.123903337105465 0.245414828236022
-0.000722066739656333 0.000487872236362385 0.175548474499285 0.0416854060741665
0.00427464051268994 0.0033142341363582 0.067705787686005 -0.0989654273674334
-0.00158403568175687 0.000414050155014449 -0.0634818904462896 0.0673265725268476
-0.00385521039727054 0.00232972470557826 -0.120130503547669 -0.0345562966702803
-0.0103953874261395 -0.0113514160811852 -0.101287026105574 -0.207739123354566
-0.00290591799055058 -0.0132009367727433 0.163247643158253 -0.286048967265938
-0.000832815588375097 -0.00430185432403559 0.408832105615636 0.0344896074262934
-0.000864068092823144 0.00930406621298608 0.202907908591401 0.385060278045739
-0.0086672426473123 0.00407698242147953 -0.11634324858396 0.291396452748215
-0.00658393675848497 -0.00262999692663653 0.00966237672205339 0.0443537156239335
-0.00520485906767999 0.00148959219936643 0.147362344802019 -0.216752345427631
-0.00596209907918779 0.013273100674345 -0.167554011850037 -0.428685130245696
0.00198119153400654 0.00194165436873165 -0.474636216825626 -0.0703024027935372
-0.00516947160161206 0.0025081103989188 -0.191398312067301 0.329988614250407
-0.00897149086539342 0.00182686327949108 0.128478791766179 0.243418687148858
0.0012066771797713 0.00089602523177184 0.17724138190124 0.0381609970682625
0.00675287822586809 0.00330634708145971 0.0681897058838297 -0.100154602831339
-0.000118163841480101 0.00030753872696332 -0.0611300926611822 0.0663029651970761
-0.00208605334407467 0.00356506274022799 -0.118767960117798 -0.0363741631314768
-0.00911851980588457 -0.00965102015498393 -0.0978224241888864 -0.21087319940001
-0.00329798945409908 -0.0120621541348952 0.169125357387145 -0.282869101550411
-0.00226038841078767 -0.0052696961847639 0.408566754486447 0.0455316946410982
-0.00213708465161602 0.00637986194481928 0.196143062795214 0.392341803127709
-0.00820509286577291 0.0022933799607006 -0.120319596963181 0.291187926895156
-0.00575441058524862 -0.00408583865419182 0.0104567608998275 0.0441211201346024
-0.00467341152565659 -0.00032436055975783 0.144807907581914 -0.218660382850174
-0.00651833701669815 0.0103497352561828 -0.176045934654236 -0.423868220410432
4.54025758633346E-05 0.00145456519467625 -0.476535567581357 -0.0596474785087305
-0.00549926873377596 0.00336846234947681 -0.184878603604943 0.334920051835179
-0.00740843003265287 0.00380149010205605 0.132466565875433 0.240258621193056
0.00291766563481661 0.00133790378452393 0.178768150585678 0.0350980533845049
0.00882126384428297 0.00367778720426488 0.0696795807867579 -0.102152804258682
-0.00650292520085206 -0.00259165820301133 -0.0742982553663093 0.0633981265911017
-0.00537537661290788 0.00713055927452066 -0.121145448969016 -0.0475574321921896
-0.00821738844044871 -0.000716163093581376 -0.084526812148895 -0.22296176649759
0.00269131752035838 -0.00623176421890286 0.186614025532272 -0.276475705732618
0.00323282526342132 -0.00378491160111326 0.403566599374467 0.0556276969465816
0.00257479652169069 0.00432856234982618 0.166884667588214 0.390134098782102
-0.00838176731228324 0.00673633113231336 -0.141603631404993 0.269784807392365
-0.00872766860338226 -0.00121690041400266 0.00665700599935886 0.040113962182044
-0.00557872144789086 5.41216816904583E-05 0.18920145896853 -0.196653525151889
-0.0080949419572823 0.00807046280634098 -0.0807985871996819 -0.466706253187295
-0.000258672642007634 0.00440779487338615 -0.453818899582914 -0.175567399070295
0.0016007703203007 0.0118598063874356 -0.253610796090233 0.280828380134176
-0.00340627240821962 0.0133738823270046 0.0787954619055313 0.260982355067737
-3.40291253435061E-05 0.00504705462567416 0.164629808839133 0.0697292165507856
0.000591426500346182 0.000903467440700336 0.0840937205803203 -0.0859581706557664
-0.00676531600444492 -0.00190349841157547 -0.0750354475744483 0.0632415955372646
-0.00630272317602558 0.00572906972813773 -0.122866650169874 -0.0459288745945348
-0.00885583355423348 -0.0039599579393845 -0.0861416205311317 -0.21990937541547
0.00245521470693152 -0.00815872986410869 0.183239840736268 -0.277187771094951
0.0038007726234261 -0.00277314448133227 0.403063041006876 0.0520356346323778
0.00245102517332889 0.00705925700913871 0.171633208570922 0.387476386009989
-0.00874678475065541 0.00830946204097248 -0.140132374548166 0.271501978811519
-0.00911661278697449 -0.000350198248818324 0.00549784746529476 0.0408668373433592
-0.00612323064825289 0.00142004933765366 0.189787812780369 -0.193474055320592
-0.0081200922887253 0.0113047544683446 -0.0751139808556154 -0.466740459181937
0.000893153722267707 0.00601088854956837 -0.452641259934783 -0.180650317405891
0.00172021637616052 0.00967813635625676 -0.257320497992918 0.278469006609224
-0.00405061875370493 0.00978222681587277 0.0757392823471192 0.262385725391356
-0.00108613928272296 0.00316148043210118 0.163640940933289 0.0712168538828634
-0.000925293430412715 0.000516126697155344 0.0832056817238934 -0.0852067530333317
-0.00740901531321854 -0.00213486141958622 -0.0756701751443739 0.0631516152217376
-0.00690421763991147 0.00411902950307793 -0.122282073060858 -0.045463632759221
-0.00977361156117211 -0.00707427642490878 -0.0864477033433343 -0.218471338379924
0.00210754580416908 -0.0104022439729348 0.181897979533745 -0.276201910926926
0.00362196319204565 -0.0015947087957101 0.40407808438006 0.0536551729790235
0.00191175112731972 0.00950701330594371 0.172136409277899 0.389482222839447
-0.00905850254316716 0.00885775240361085 -0.13995234920479 0.273137491021021
-0.00897874285757061 -0.000176541750887093 0.00434046733550114 0.041987133636806
-0.00688507821442172 0.00214347487923576 0.189905400006157 -0.192205927644769
-0.0086254595297114 0.0129261660586833 -0.0741146975378818 -0.464306897687458
0.00159648066566336 0.00672997996518936 -0.451508089798005 -0.179799232740249
0.00177545282279902 0.00794934617906025 -0.257796771116795 0.279536686739881
-0.00445612713961794 0.00581153565927616 0.0753375335742279 0.263433831384689
-0.00159120660938892 0.000825262474831468 0.163898570948734 0.0723467927078578
-0.000928607273131675 0.000550925357049094 0.0827844912748895 -0.0849798553987699
-0.0064873091305405 -0.00197008611123052 -0.0757613797938499 0.0618909050562843
-0.007068764040561 0.00302185521827473 -0.121240205914277 -0.0467028376119864
-0.00960313628664922 -0.00968703987708512 -0.0849501427570697 -0.218026177542196
0.00135466501227282 -0.0118679301477904 0.184160500528572 -0.273682823276255
0.00321195708807788 -0.00108248839638696 0.404084563251562 0.0578791075730523
0.00136509980903423 0.0100275827042477 0.169370350102636 0.392989259049394
-0.00926854593595625 0.00883280788633039 -0.141395556054263 0.274706632489158
-0.00868548488221427 -0.000390146945619502 0.00352473587667216 0.0430623755214709
-0.00683994948741477 0.0017088520202693 0.187718312837225 -0.189934537714714
-0.00901335546639369 0.0141244681639359 -0.0766736328469605 -0.462781597602937
0.00117434612284346 0.00761105875979802 -0.453414939378983 -0.176370606560116
0.00109096474146286 0.00616498171507551 -0.258300382119612 0.281940867700067
-0.00442930601573804 0.00286848281683075 0.0769693801478481 0.263419471529322
-0.00123478925257298 -0.000392685846430115 0.1651320946742 0.0721618256013172
-0.000511472177001074 0.00107407068210764 0.0828130076302201 -0.0858016310504474
-0.0054612063271654 -0.00123760206784087 -0.0750311694181643 0.0606406494169603
-0.00649510561638546 0.00192107060971157 -0.119369462257699 -0.0475321629590795
-0.00985019957021042 -0.0118184013062356 -0.0818214843611538 -0.217942781961291
0.000675598429577697 -0.012884966634832 0.187832956013218 -0.269848201137805
0.00270267531590962 -0.000767207537267874 0.402854223944142 0.0664305290497356
0.000145477375045662 0.00966426360232304 0.165044772272876 0.39991626946883
-0.00956996913200665 0.00735579666800416 -0.145464028108235 0.275442808609583
-0.00778393679831451 -0.00137198137334438 0.00293803065267 0.0443694421433996
-0.00674448634608956 0.00114344608230329 0.185729921422964 -0.190062019045485
-0.00976074499903242 0.0143873980588119 -0.0833106210723979 -0.458952610013706
0.000580119320204405 0.0079436746956697 -0.455017035113401 -0.167679615338904
0.000568460665452433 0.00484557960960167 -0.254327760944673 0.287211156428056
-0.0042089280055799 0.000516949285471922 0.0800645754617118 0.263170822337861
-0.000208310930374462 -0.00161441098214601 0.166560390927233 0.0702366988560789
0.00085838248172178 0.00178182928213922 0.0834144657755087 -0.086719629655433
-0.00406519642602582 -0.000941245242806407 -0.0726573456213818 0.0592565880818489
-0.00549695049028522 0.0014136756418008 -0.116916818424913 -0.0493500210623336
-0.00872065112305895 -0.0122539630564415 -0.0776717632194272 -0.218922178778846
-1.76722050244243E-06 -0.0127997791256514 0.19179665242247 -0.265016270075849
0.00149093096241044 -0.00125171394017001 0.400954674430254 0.0771463537714039
-0.000923977128939016 0.00844728204731311 0.155419459422926 0.405562498093699
-0.00873725524409004 0.00660487638968135 -0.149969935833738 0.274867617128336
-0.00667411209765746 -0.00232939929746475 0.0025887841199095 0.044703929416738
-0.00619283065215156 -0.000553067463487004 0.182136497502354 -0.190663220472378
-0.0106862718857972 0.0127251492066958 -0.0908027226344184 -0.453027837845107
-0.000924202056165609 0.00769978710393516 -0.457266880809744 -0.155400269769078
-0.000670641821707045 0.00423502386071956 -0.247898006867189 0.29423952721855
-0.00393664686692434 0.000210448942056663 0.0845870517769169 0.26160504640665
0.000438601404251256 -0.00180122532529677 0.168098476118023 0.067691775087766
0.00324525997071462 0.00184764546545436 0.0841827301970043 -0.088340955634086
-0.0019875341341151 -0.000278212330836375 -0.0720171702795126 0.0583595891711233
-0.00385959063353421 0.00197787093296944 -0.115556693686741 -0.0507934322829066
-0.00780319247681398 -0.0118303361133487 -0.0727845178274191 -0.220999061529599
-0.000113347815699324 -0.0125086057877974 0.196869481807247 -0.26039277727872
0.000360786138890136 -0.0020848857742435 0.398958729296702 0.0880404743907693
-0.0014179958693343 0.00635407425237361 0.147420640913774 0.411007131137354
-0.00784112065630854 0.00433552774747929 -0.154058757479017 0.274133393603698
-0.00535133177819354 -0.00328138083829076 0.00250809536114544 0.0450172797351839
-0.00581621841363209 -0.00247428703646394 0.179670515039468 -0.192406438379695
-0.0108787097756193 0.0106981960392334 -0.101372190172631 -0.448224074155191
-0.00231388019512902 0.00665264539782171 -0.460834724057788 -0.143397959638576
-0.00078362531253082 0.0054165416753849 -0.242117100624195 0.299653401526307
-0.00305292552515489 0.000588470345530195 0.089357702517413 0.260794126248797
0.00272992334370477 -0.00135549591658494 0.16986042044556 0.0651123294780601
0.00525395929927901 0.00335203059914304 0.0854495854581477 -0.0902190020588405
5.6498587639368E-05 9.96446065414953E-05 -0.0701687426286103 0.0577261457821828
-0.00222950444381873 0.00245473055568617 -0.11432650700607 -0.0531201187821542
-0.00725188991463776 -0.0101848105298126 -0.0700410385167862 -0.223185744324699
-0.000687396118502244 -0.0110341308741731 0.202443640725928 -0.255944600557854
-0.000390945010554383 -0.00371605255812856 0.397469538372745 0.0985100214954797
-0.00187183412545352 0.00396661796742409 0.138820117346156 0.417102050081563
-0.00726941586701055 0.00283985186798556 -0.158165864884532 0.274047286257703
-0.00449254880592235 -0.00495928948166061 0.00308198915731764 0.044876880321919
-0.0049437566760805 -0.00374262067925851 0.176646183043548 -0.19455996608085
-0.0115017201699113 0.00781716994511277 -0.10935385008199 -0.446265475710972
-0.00389356289612822 0.00537249906760209 -0.463687087532833 -0.131808372023122
-0.00143910309994532 0.00636147839251363 -0.235802981349742 0.30497410779729
-0.00166856368963308 0.00343168726433369 0.0942107591270452 0.258939671000586
0.00325578163282944 -0.000329613650315509 0.172053561049195 0.0624437166719277
0.00690022955011649 0.00370963432044049 0.0867993634962193 -0.0912292794451646
-0.00648733689092052 -0.00254392233817683 -0.0747446567310341 0.0625114021615523
-0.00518761587650939 0.00702640627972512 -0.12197376929074 -0.0482272573283998
-0.00797129015895239 -0.000544212557501584 -0.0836691769933565 -0.223524698510231
0.00272634897500754 -0.00575577870166624 0.186669909444318 -0.276248872243016
0.00318889866369071 -0.0039680588578472 0.403029117228883 0.0587535918590841
0.0020857370511799 0.00438097707723058 0.163951897949144 0.39025020459172
-0.00833193399696945 0.00656114729690755 -0.142975099692562 0.268695526507494
-0.00828199660181653 -0.000873873998638881 0.00617050288581854 0.039805099119585
-0.00543429499201482 0.000139761315180937 0.190486032453629 -0.195180335833554
-0.00771565908149714 0.00842273197904456 -0.0783075341833099 -0.467218600881426
-7.71696293088175E-05 0.00418424325564486 -0.452551988640541 -0.177396408725707
0.00159619554344538 0.0121874491020593 -0.254804895363894 0.279972746418092
-0.00353140475956861 0.0136929506960929 0.077402407395156 0.260572845735112
-0.000330739146058624 0.00493487806632011 0.164735548664654 0.0699908848603949
0.000349225554092183 0.000866693210085291 0.0850479875912868 -0.085554487678922
-0.0073265515854039 -0.0025354623096914 -0.0758409442237208 0.0622745556856146
-0.0065241429312884 0.00545400490925332 -0.122608472503953 -0.0470303401366604
-0.00882593644496374 -0.00414847149933722 -0.085074943055555 -0.22059826626635
0.00236375600333176 -0.00817897548393488 0.1841268426756 -0.275923282837693
0.00419727416010697 -0.00281042517379244 0.403830901491376 0.0538752037807442
0.00273760809775254 0.00750493467552238 0.167607124111564 0.387962140762564
-0.00880573292897808 0.00819996592988037 -0.141219792907075 0.270038493545738
-0.00913718632801233 -0.000375764707023859 0.00506212874900973 0.0410023615122453
-0.00623585381537321 0.00147938332475682 0.1907389141109 -0.192233104837471
-0.00794003344616393 0.0112194647044993 -0.0744276558603303 -0.467097387677866
0.00106759760588057 0.00571904361183503 -0.451118891225599 -0.182004883704741
0.00177852803540953 0.00973086799635113 -0.258681054032756 0.277557132288924
-0.00399331793593534 0.00997601347008155 0.0746242948509345 0.262354317323393
-0.000929496029905737 0.00320106104596027 0.163371436893671 0.0720763841708967
-0.000578554790133975 0.00049756419933864 0.083928122472651 -0.0848431020124348
-0.00705455904695108 -0.00252868598317419 -0.0757103817434241 0.0624803672936013
-0.00700432649236543 0.00380489413661186 -0.122150660675947 -0.0464951779459794
-0.00968159604860865 -0.0070150706460806 -0.085412026949475 -0.218746406208284
0.00164710197193197 -0.0100493736386321 0.18299177397051 -0.274482586376457
0.00381679132700931 -0.00187805562889561 0.402941499066953 0.0552758528217926
0.00197856709570374 0.00915080838882236 0.170003855347921 0.390594743017663
-0.00889995021384304 0.00843362457795787 -0.141180867131782 0.271564704684565
-0.00900329716427037 -0.000207470785773699 0.00424185829317423 0.0421540201685547
-0.00659793214735721 0.00177185187695892 0.190534196721489 -0.190511329098889
-0.00857567923558242 0.0136042201404055 -0.0721482798668915 -0.464290608012861
0.00127091502201801 0.0070895096485222 -0.450350454415138 -0.181272921433094
0.00174329250982272 0.00771837855172172 -0.259634015813619 0.278272888811646
-0.00439124550728329 0.00615879335047861 0.0745593736054068 0.262682349430481
-0.00154334528362463 0.00154576045668052 0.163857190717 0.0724012436736499
-0.000839576561829797 0.00100649603682703 0.0834484171093139 -0.0853258589871963
-0.00660520987422114 -0.0014321778454496 -0.0758421989037349 0.0616373803439883
-0.00701387903756519 0.00259777087474769 -0.121282776503786 -0.0469359064082036
-0.00982621906118135 -0.00987455224138255 -0.083889937245992 -0.218579280675704
0.00110684386648715 -0.0118719362651743 0.185026278740713 -0.272469131061826
0.00326783966191496 -0.00113555712403758 0.402887822371525 0.0603491963364761
0.0013107010877776 0.0103002359825362 0.16702974760127 0.392806561069007
-0.00892924344587732 0.00852485845120021 -0.142760559978449 0.273372724608941
-0.0087343093293572 -0.000584101890698837 0.00322392302016151 0.0434546531702313
-0.00690459000158293 0.00189161772535755 0.189104355465224 -0.188536450493876
-0.00893623979116739 0.0142547418521805 -0.075032538593503 -0.461319459609501
0.00104108404015436 0.00759212176337834 -0.453117764332896 -0.176429483533182
0.000936222080782329 0.00601819658818618 -0.259598487628303 0.281480550104176
-0.00391664983209381 0.00295351450997533 0.075438506643111 0.263960961932309
-0.00104283343062017 -0.000683977508570126 0.164851400877205 0.0723965116636909
-0.0002088395518939 0.00112505207158581 0.0835179742105006 -0.0849483459142489
-0.00571545928717395 -0.00131558755350486 -0.0748543806213437 0.0601400478039603
-0.00637230042882261 0.00194686150995505 -0.119438002430852 -0.0483954124700385
-0.00997560080514074 -0.0118136326493314 -0.0807492440350762 -0.218970734392218
0.000603617335687683 -0.012915701822397 0.188371955087689 -0.269021324812066
0.0022457289114346 -0.00084481269804835 0.401909692492431 0.0684374490549635
0.000506347361041634 0.00972872091995475 0.161637170782004 0.399878776342556
-0.00917520274471386 0.00788661002492688 -0.146565774179024 0.274309632058943
-0.00756625165917742 -0.00153156207852981 0.00224756775456445 0.044304446876822
-0.00662623605504079 0.00098193053099404 0.186588802535845 -0.188937743714964
-0.0097999277041224 0.0141518313632775 -0.0801344940212834 -0.457843110923579
0.000345415122351168 0.00775211437445617 -0.454472112375834 -0.169062751288247
0.000645262553067813 0.00473136036030682 -0.255488372020782 0.286217720766813
-0.00424194786961616 0.000842391740552048 0.0787240926589003 0.263625449597788
-0.000317637763496676 -0.0013884207724136 0.166455710310817 0.0704328195045011
0.00122019698368863 0.00161536658432445 0.0845032695299426 -0.0864689335122738
-0.00418486150707065 -0.000370418416846376 -0.0737043001379354 0.0589465964770025
-0.00533788278689323 0.00145639642370665 -0.117078262015905 -0.049304824017014
-0.00905203546474602 -0.0128929053909289 -0.0772738663965156 -0.219531796423618
-0.00036882642315694 -0.0128429476776434 0.193123922708773 -0.263591775471116
0.00128863498511676 -0.00103087274760918 0.400756827380782 0.0792078163141765
-0.000409427116185034 0.00899081139772897 0.152790315906867 0.406439166872951
-0.00882796631146622 0.0061022770019711 -0.151445587113581 0.273565026568938
-0.00668067248188232 -0.00261784240870373 0.00214853810947803 0.0448892177777946
-0.00633072306946786 -0.000277330673875525 0.183506929512517 -0.189751631268584
-0.00961284705795597 0.0127884722475164 -0.0888525349930527 -0.45382649937495
-0.00115999209781439 0.00768582311233008 -0.456730224275584 -0.158253262422407
-0.000874893360091677 0.00444924915839632 -0.249784326618436 0.292274705688389
-0.00395489910497616 0.000150602627947897 0.0830716969159762 0.262190363763109
0.000566618244064598 -0.00168041302800619 0.167525352824616 0.0683515181076896
0.00342547408222986 0.00244069985530761 0.0850108408348868 -0.0875782134111756
-0.00227128203407844 -6.46506478786681E-05 -0.0719393174791142 0.0574912317819375
-0.00355501188748283 0.00176294155578565 -0.115325612443522 -0.0517004823595642
-0.00816736327995356 -0.0115560689429735 -0.072072887448665 -0.220811959452365
-0.000269253684176334 -0.0125676355897688 0.197842555562097 -0.258688368245382
0.000462535625392375 -0.00153170094811903 0.398549583684282 0.090445719442917
-0.000968593431658779 0.00623653831508601 0.144883738187131 0.411529061752962
-0.00808099474537031 0.00445744376887755 -0.154716277128236 0.273248416960384
-0.0057417214710456 -0.00356557555392222 0.00208069254426845 0.0448042754481029
-0.00607579820350187 -0.00188112998790888 0.181469438726552 -0.190877093289018
-0.0109654092547344 0.0106558664197495 -0.099024037647397 -0.448267851092589
-0.00282866211522917 0.00664990206548224 -0.45979685801515 -0.144032507185443
-0.00116990801439077 0.0051806251985754 -0.243097236264445 0.298666670704784
-0.00293080603911991 0.00126879714407613 0.0885463192691823 0.260811090800024
0.00255666336719717 -0.00132869189774463 0.170474106594788 0.065806371629116
0.00516750747735103 0.00350527497083274 0.0860106835971874 -0.0894606726118753
-0.00073533171343964 0.000405652953556185 -0.0704645506474558 0.0568750280202959
-0.00203924241787273 0.00237576112972123 -0.114042991981083 -0.0536513116827402
-0.0072754823049094 -0.0103272252139804 -0.068893606282889 -0.223515584443809
-1.9640459297577E-05 -0.0110622316540211 0.202675656857889 -0.255049448391397
-0.000287382369304097 -0.00354567236620331 0.397300034041952 0.100234020025618
-0.00198553702694302 0.00412707084675828 0.136540581420433 0.417510632278011
-0.0071705507877725 0.00257409840395996 -0.159371165454977 0.27266378069871
-0.00468446190872309 -0.00473511288902284 0.0026917651672448 0.0443221454831717
-0.00511709428497168 -0.00392884522617371 0.178053470175248 -0.193427732024999
-0.0116639455275871 0.00794949380369522 -0.107465765771945 -0.446069847182157
-0.00458584129265802 0.00548582605922336 -0.46241135134625 -0.133400968808026
-0.00114387993411809 0.00637018328400498 -0.237472474736274 0.303658736372333
-0.0018651147381834 0.00311827847448737 0.0930195836891548 0.258627842597861
0.00352254178918771 -0.000299548167365675 0.171960525288657 0.0625834609479363
0.00747931971524498 0.00376978756679305 0.0875187014344284 -0.0908725654017412
-0.00705136228090502 -0.0027686831467872 -0.0756727703420056 0.0624483576365011
-0.00542231721728091 0.00683063421246431 -0.12216155425131 -0.0488270172149979
-0.00826398775654044 -0.000457277641656682 -0.0832778909824358 -0.223712809273375
0.00248168677637383 -0.00636078768961328 0.188238285713613 -0.275584787907627
0.00303156632279607 -0.00424885596919181 0.405052423465179 0.0613629669501986
0.00220529559844681 0.00459803332552507 0.162182285217256 0.392029901537089
-0.00801290647780238 0.00596903510936754 -0.14443270669761 0.26782355813235
-0.00859654466749977 -0.00111833088528827 0.00620218990798451 0.0399528295323099
-0.00545038839495748 -0.000238925019731571 0.1921625433953 -0.193954898574315
-0.00755497574310751 0.0083078518282703 -0.0760477419278378 -0.46804187322078
-0.000303650172797262 0.00436826050182867 -0.452963518707129 -0.180760287430543
0.00196283971479805 0.0123078630202925 -0.256645712034763 0.279074553675531
-0.00304381120560572 0.0137491828568919 0.0768771834696242 0.261233875863796
-0.00075158338892901 0.00523260342873932 0.164809554608246 0.0705734764579107
0.000193427057617939 0.000591926096779054 0.0853870461901912 -0.0849973908504031
-0.00756229911405952 -0.00280132998170911 -0.0764641164319174 0.0629288723151377
-0.00631745304795885 0.00520212477895134 -0.122746884525787 -0.0475636552137255
-0.00904673022493024 -0.00385679770789574 -0.0848113161642335 -0.221517917746293
0.00241238275482427 -0.00833610179883106 0.185578358882418 -0.275631922343311
0.00394300040689837 -0.00279737977334622 0.404238347898858 0.056532351694095
0.00265320149334314 0.00736806352873865 0.166131684766731 0.391066328429045
-0.00875271023178017 0.0078464833726177 -0.142970951958481 0.270356208215764
-0.00881595656042915 -0.000533179828321891 0.00529188807830166 0.0406655935806897
-0.00607171903524182 0.00124198155231287 0.192736605318909 -0.191240161620385
-0.00811182028417967 0.0111596554434904 -0.0711802540677738 -0.46689739060431
0.000924925568992012 0.00576319720060945 -0.450820137423185 -0.184156596928559
0.0015450462120171 0.0100230697421616 -0.259859982755863 0.277096817449687
-0.00370651908785231 0.0101915815297385 0.0739643985215341 0.263146369337315
-0.000692931583697091 0.00323795133187566 0.163653737946716 0.0722905745918446
-0.000383539041275712 0.000341820107028342 0.0847274100873884 -0.083984601355946
-0.00769778952682259 -0.00194993838195233 -0.0770768630281523 0.0615454059973077
-0.00701292422320556 0.00353114520582357 -0.122837548062949 -0.0472972006593565
-0.00992982120869841 -0.00719363335795561 -0.0851576830475884 -0.21927274569925
0.00188442589711872 -0.0102449187002638 0.184772632900918 -0.274217912087189
0.00398696947389183 -0.00186297895818003 0.403902880913079 0.0566272468376011
0.00244053235068898 0.0092123410206906 0.168182032855566 0.391327748229099
-0.00924106716723227 0.00859860886571748 -0.142547500963556 0.271278818541169
-0.00884064224545888 -0.000241470452141909 0.00367326211471927 0.0421835825167179
-0.0065399544313075 0.00178713818662886 0.192355279195044 -0.189371602911923
-0.00827645933216863 0.0134164186421253 -0.0703016454925056 -0.465850373651609
0.00139557793129911 0.00692626918505442 -0.451544869023225 -0.184176845322269
0.00191782480855546 0.00783091656803108 -0.261088226063048 0.277241835265202
-0.00424684597744256 0.00621724805250159 0.0742151152275791 0.264362040384647
-0.00149845327130335 0.00117136096113725 0.163937851047337 0.0733740225408542
-0.000810902751738033 0.000505987301000823 0.0837413281243653 -0.084430361142383
-0.00703950977999359 -0.00198955964837768 -0.0766292557296804 0.0610291494908541
-0.00692228551809179 0.00246193534937456 -0.121305513430412 -0.0478762943008754
-0.00991234909270457 -0.00942117425461428 -0.0840986941485183 -0.21920394147812
0.00142336816779258 -0.011980664884308 0.1862758130515 -0.272540284943356
0.00312963421864753 -0.000549215695041983 0.403513558318318 0.0622473140685645
0.00140202539738609 0.0101226470569527 0.165764557074452 0.395503265744724
-0.00949376746408734 0.00866490456262763 -0.144495425395462 0.272768607744031
-0.00851481299973455 -0.00127389457517254 0.00262805686777031 0.0435602371871442
-0.00642169366856783 0.00179774098755267 0.190577439409527 -0.188302506289286
-0.00909351883007256 0.0145956858615127 -0.072548831200303 -0.463192396630808
0.000842937061416457 0.00786931111530309 -0.452989551754834 -0.180534861960946
0.00147673284275106 0.00622242629505147 -0.260980705669901 0.28090215545992
-0.00419209107265113 0.00310336596714368 0.0751778394582794 0.264500247122231
-0.0010529596448323 -0.000192588349797131 0.164936033417047 0.0730501444969997
4.51669047176785E-06 0.00078446329814419 0.0839571833482224 -0.0849363315950748
-0.00613021671070314 -0.00110379329561033 -0.07602121662083 0.0594821381399773
-0.00650026144870487 0.00164821707024643 -0.120063579562017 -0.0493320551772848
-0.0100184729784734 -0.0120025886269858 -0.0808147505085708 -0.21939953891851
0.000295120111135781 -0.0128055917394468 0.190374011094297 -0.268660678850286
0.00219491164932812 -0.000879998599469619 0.402661374785828 0.0704866160598571
0.000538945344720848 0.00960375030001279 0.160305216968008 0.401755866357744
-0.00913748825257608 0.0073049846810265 -0.148163875706231 0.273099691217875
-0.00762674398603388 -0.00128042566355346 0.0024277179562183 0.0441216714527784
-0.00641744346605868 0.000913222572259263 0.18777527950157 -0.187530420847949
-0.00927766867005124 0.0142094989562068 -0.0790065472448149 -0.459313761639228
0.000333006655823457 0.00805676604947435 -0.454869106389753 -0.171149905039427
0.000467437974128494 0.00483899343369368 -0.255885720415655 0.285103407301639
-0.00377018880243789 0.000847022368838416 0.0775677301400412 0.264600697881494
-0.000191425246368748 -0.00133255133657774 0.166695340418053 0.0713766981585285
0.0016291444318013 0.0014249656674061 0.0843428758539969 -0.0863837844716256
-0.00427324786160158 -0.000836471996740251 -0.0744254824164966 0.0586194329799458
-0.00516466071664716 0.00119995270638537 -0.117866567895601 -0.050138257096981
-0.00865496218136728 -0.0125139832859502 -0.0763800021040225 -0.219799993185849
-8.07736310558943E-06 -0.0130279190372504 0.194670167671256 -0.263663045049213
0.00159449626970556 -0.00132835159255878 0.401015472758515 0.0820896724690702
-0.000351808181099998 0.0085539789940995 0.152273266661052 0.40850395728413
-0.00876663373997426 0.0062901511431017 -0.153003130434262 0.273150776249002
-0.00606817500012516 -0.00225354122291042 0.00177064293472597 0.0445000372558563
-0.00579005142916773 -0.000852566594223082 0.185243705688306 -0.187967845283112
-0.0100762851350435 0.0129110418948846 -0.086414187452059 -0.45423153932141
-0.000729292048119851 0.00762852816409952 -0.457573233251551 -0.159033901214806
5.45366828189238E-06 0.00462874402894896 -0.251323046484254 0.292065431042706
-0.00345133029548551 0.000589422347641929 0.0823000983225447 0.263081458826439
0.000439071392479038 -0.00194813254642975 0.167930599313269 0.0691456179338505
0.00337097476929955 0.00227846076903233 0.0853018709921125 -0.0877084482669481
-0.00268557314711647 -0.00014745956254823 -0.0725472147100794 0.05782578102653
-0.00364240378981969 0.00159788257059026 -0.115638140445371 -0.0522901508550235
-0.00777091719651101 -0.0119867472196107 -0.0727614992436303 -0.222081181847486
3.44889462866702E-05 -0.0122997377610449 0.199894838537836 -0.258750723576704
0.000530008891182051 -0.00244862205204105 0.398937325448292 0.0936907682691808
-0.00111647005372116 0.00660685247423559 0.143037643900441 0.412887194031226
-0.00832757928389526 0.00396627612770603 -0.156891212698616 0.27276225082598
-0.00527686293997986 -0.00370321563344398 0.00192122093076269 0.0449826941841657
-0.00584643445057271 -0.00201269064073222 0.181769438928241 -0.189855945521186
-0.0109466231298031 0.0112623601766439 -0.0967131659590589 -0.448804178752106
-0.00271977972541984 0.00685093645495709 -0.460775244401244 -0.146334956530512
-0.00110324255332212 0.00506671556794231 -0.245057881831131 0.298680861410778
-0.00257988533788414 0.00108339052609801 0.0879555221267632 0.261379535036884
0.00226318826414507 -0.00156564506439172 0.170017960845807 0.0659819641022671
0.00561285863844466 0.00322166640170955 0.0868337154825036 -0.0893134005125266
-0.00102431259359249 0.000190697261732057 -0.0709388532950036 0.056455227595532
-0.00210717750808317 0.0024695883300634 -0.114481251233233 -0.0536000957535565
-0.0071424151764805 -0.0100012019929828 -0.0680985577899914 -0.224235766347653
-9.92101950574795E-05 -0.0113591488014037 0.204619838512639 -0.254284343969524
-0.000595471601166798 -0.00346023484955859 0.397296787895705 0.103109067805578
-0.00125694357567492 0.00391413810620412 0.134746912504877 0.417765036902037
-0.0071414606572114 0.00222062505221054 -0.160649239132938 0.27181176702507
-0.0046792045809679 -0.00444378505395959 0.00236445381399012 0.0442192229290422
-0.00524889751134696 -0.00386175036758356 0.179297568992075 -0.191925319664708
-0.0116862725787289 0.00811057175819575 -0.105801185676197 -0.446828631294056
-0.00428473625402312 0.00570995774165533 -0.463069742802308 -0.135397804107531
-0.00159269942991568 0.00654922644089545 -0.238468907127286 0.304038749934552
-0.00129727870563311 0.00305806877800511 0.0920256755879704 0.259129681540427
0.00417874534076015 -0.000521809192508935 0.172243096350986 0.0630449364637048
0.00732641803324304 0.00384641013755108 0.0882576571451291 -0.0914414524616982
-0.00694083369077774 -0.00268776911706166 -0.076814802430195 0.0624227093977122
-0.00506855711867648 0.00647116537599931 -0.122688920346268 -0.0490263453445585
-0.00869726696473459 -0.000107605149910428 -0.0828745186472883 -0.224583537146392
0.00263239501877014 -0.0062021050719603 0.190336795981957 -0.275561813012461
0.00306713789244597 -0.00411906956890452 0.405200918736613 0.0629344936915516
0.00308804558491586 0.00460896655759542 0.1613884841285 0.394384324583454
-0.0081707251444806 0.00627489060768133 -0.145786600097688 0.268809156793095
-0.00811676535290492 -0.00148025575661873 0.00573309084703156 0.0400758315591559
-0.00501992375208091 -1.76130625858455E-05 0.194127918379836 -0.193598619385829
-0.00774581134356979 0.00861962032794369 -0.074300886289645 -0.468183993107661
0.000269748433356095 0.00458892272028829 -0.453785130128717 -0.182682494198217
0.0016029380187108 0.0120776236861898 -0.259358332362835 0.27960987539972
-0.00313027405969382 0.0134388365071828 0.0760068752048407 0.263169435679193
0.000239801273464129 0.0050081076528171 0.164997459614264 0.0713405954462318
0.000553526094589669 0.000286002909309231 0.0861760447512624 -0.0851017464465017
-0.00736362941180353 -0.00267189701245892 -0.0775448075483338 0.0623397800898418
-0.00662587912096299 0.00516551098001877 -0.12325691815791 -0.0483615721262703
-0.00925197803348781 -0.00328540361694914 -0.0850741132905294 -0.222248403277226
0.00217495175848189 -0.00831320813439195 0.187062478825998 -0.276829055435853
0.00388720276027778 -0.00302946560985003 0.405436348354408 0.0583670761728665
0.0027000470097324 0.00709362827914064 0.167411126024555 0.392666356482538
-0.00852111335034945 0.00750367565096053 -0.144098188109073 0.269516069439157
-0.00898521765109778 -0.000322606794162516 0.00444669938078719 0.0409122749034829
-0.00583312357058415 0.00123622255353521 0.194281110084595 -0.190810043572199
-0.00777616886149405 0.0114168097775476 -0.0688695899709663 -0.468739342613677
0.000763087157927239 0.00582506407836506 -0.453302439738639 -0.187612712374002
0.00161626143278214 0.0100634351512031 -0.261916904383914 0.27727738991401
-0.00392006853631338 0.0101795710307429 0.0733661956553144 0.264646373604575
-0.00090183431007435 0.00301563064904901 0.164806707126694 0.0723015318711962
-0.000173247656961657 4.68399119659736E-05 0.0851531991512188 -0.0841128895022714
-0.00785013215173445 -0.00239908747703999 -0.077544604019079 0.0619578095012249
-0.00691636634347639 0.00352210707644969 -0.123131732193165 -0.0481357294312097
-0.0100331903564998 -0.00688189372823303 -0.0851152137536973 -0.22124735899873
0.00181034535227934 -0.0102654588302711 0.186285466194206 -0.275127149013585
0.0038908654350972 -0.0017481369139786 0.406163797632754 0.0593848246425926
0.00272704569124764 0.00927107030578695 0.16799225089224 0.393472050093286
-0.00941634274997854 0.00848759859319158 -0.144660872988332 0.270988702117255
-0.00857260595275699 -0.000343559824202353 0.0037945070297236 0.0421829544315815
-0.00662886480796781 0.00199260509621849 0.193893816510049 -0.188694563693834
-0.00808500101878715 0.0133081967988489 -0.0700649881659939 -0.467425607196951
0.0015563066640678 0.00692218324627256 -0.453350915998332 -0.186901574489909
0.00186556306071093 0.00800029936588103 -0.263410259906442 0.277711313976707
-0.00398631084679357 0.00648778649835805 0.0732158114680047 0.265448193592792
-0.0011836076947801 0.00144157182943969 0.164814851662716 0.0733418945192332
-0.000245998748608062 1.00919219940053E-05 0.0848528127683753 -0.0843913231384883
-0.00728529455369153 -0.00165055678219352 -0.0780116326265004 0.0607139362614128
-0.00689705950426617 0.00225193920634653 -0.12250243515154 -0.0483482394232427
-0.0100319975580624 -0.00974644157501867 -0.0839954530529795 -0.219994552249632
0.00113774300209561 -0.0121498714199217 0.188646124166076 -0.272676315971954
0.00307484757750227 -0.000899289453885193 0.405239465678448 0.0645430693361082
0.00158689910682795 0.010244052517679 0.165011442191644 0.39744587017481
-0.0093257427159381 0.00854729927366723 -0.146762579571212 0.273560012116125
-0.00832576481703104 -0.000705291844422799 0.00245934505582139 0.0438553710455037
-0.00674333294090631 0.00133708949040196 0.192624032721518 -0.187337393501921
-0.00886955629387609 0.0144938764684268 -0.0714957333326175 -0.465570049090883
0.00116390507189443 0.0081367951364331 -0.45480670832634 -0.181052297318006
0.00116758620341684 0.00644525804442585 -0.263241244546643 0.281489955721442
-0.00388949322340678 0.00309345764541551 0.0742082014592322 0.265589266468174
-0.000985832117548338 -0.00107319909295883 0.16555647346314 0.0744228400936994
-0.000100028137607931 0.000858139017923721 0.084865826765717 -0.0849096703071538
-0.00611482827187933 -0.00122285458137312 -0.0769119486471105 0.0594598029624268
-0.00633227917794185 0.0014170420061349 -0.120855181737275 -0.049650060554554
-0.00992751932926106 -0.0113145275787732 -0.0805526631390574 -0.22070603854319
7.60637037727119E-05 -0.0125530417838517 0.19217827279827 -0.26874762709211
0.00246531945053256 -0.000996951791710434 0.404202055560896 0.072587048921677
0.000748558851905621 0.010089924355051 0.157777172469763 0.403663645234339
-0.0093875647314064 0.00781689683064762 -0.149830591333591 0.273630797059611
-0.00734648318427497 -0.00114138173046959 0.00211193212730645 0.0440507116882869
-0.00650961842826324 0.000863118543687349 0.189624826194021 -0.187227935260346
-0.00940829988596477 0.0143955546844798 -0.076812654868351 -0.460882711798708
0.000322160840490864 0.00829292049239677 -0.455650697617145 -0.172546551192792
0.000192223022440477 0.00466190502797128 -0.258586814140015 0.286208274075444
-0.00374252711408892 0.000545986085800422 0.0772910260456071 0.266146680669126
-9.4835235504168E-05 -0.00199597488258277 0.167311299762523 0.0718321888609975
0.00173759302197768 0.00131471618638328 0.0855332809765096 -0.0864267286141327
-0.00459109894851644 -0.000388211178696129 -0.0753006303750051 0.0580222789125765
-0.0054508781973196 0.00147319121279168 -0.117588476225741 -0.0514319305193793
-0.00913370176203618 -0.0123406658504756 -0.0765308730479187 -0.221431794968603
-5.20072372906183E-05 -0.0132303239582671 0.196358002443942 -0.263677378743138
0.00155794039120449 -0.00147049748995036 0.402062008134803 0.0835243747992789
-0.00027573518970808 0.0089686884224466 0.149733423089573 0.40861597840631
-0.00905406386598 0.00618313179995921 -0.154488128043952 0.27329849831133
-0.00615367301169264 -0.00256130668813971 0.00195653498834724 0.0446984508155004
-0.00582555418176813 -0.000855680500649856 0.187473505307635 -0.188031543021253
-0.0100645376948519 0.0128711072497137 -0.0842862519181102 -0.455945046723958
-0.00105938777283656 0.00796775818052185 -0.458074411936486 -0.161151568133941
-0.000402299928608303 0.00480763918363879 -0.253264650472893 0.292431342893212
-0.0032317900789947 0.000595583478038991 0.0817692849187912 0.264783390788221
0.00123539323940782 -0.00147761528487659 0.168352385866265 0.0697913379070308
0.00345617333190199 0.00260291793683191 0.0863648639643189 -0.087578818758244
-0.00270093777999055 -1.43141123621279E-05 -0.0743106048754525 0.0568421890946504
-0.00391014181191755 0.0015499441854724 -0.116085406934243 -0.0529184647928761
-0.00811774640337193 -0.0116209089868134 -0.0720753709682939 -0.222955788620023
-6.99898806680397E-05 -0.012566219946659 0.201000811952341 -0.258229976181308
0.000407989049947447 -0.00220695712369702 0.400366347741781 0.0949129816130692
-0.00136077114740824 0.00639945909145847 0.14240770649852 0.415295244049547
-0.00830192713669196 0.00388146682888771 -0.158872505627586 0.272555728547706
-0.00517579355816565 -0.00375972470099868 0.00193186649620018 0.0445727501885991
-0.00561406435562396 -0.00237628917209172 0.184127126409918 -0.189588509052705
-0.0112892155521093 0.0110707273233753 -0.0944004078417429 -0.452344535502552
-0.00274128546723484 0.006596658235672 -0.460799094957071 -0.148733973926426
-0.000717110057814345 0.00536737965048492 -0.247127504838074 0.298057832874095
-0.00249828114002612 0.000855862549045855 0.0879495827992171 0.263024799330424
0.0027939103755194 -0.00154402538030152 0.170568727745077 0.0668318056667766
0.00544527830274071 0.00306932737755583 0.0877089497506929 -0.0889600909245069
-0.000758451239334137 0.000324842039738556 -0.0722842207433267 0.0562974679116926
-0.00218225581023873 0.00258165461974596 -0.114325446875029 -0.054857435940002
-0.00722937384917513 -0.00996909758632755 -0.0680753750246434 -0.224924841633933
-0.000326316643093997 -0.010936871869546 0.205765162071653 -0.255290646301111
-0.000455613544264774 -0.00361380426633868 0.398562078008388 0.104579666872906
-0.00160562375904422 0.00381285230546046 0.133519465184805 0.42078012411114
-0.00715680682455052 0.00199066787289458 -0.162563720790325 0.271726431513207
-0.00438797448605489 -0.0042746996214373 0.00260531274102581 0.0447887050457953
-0.00468662807259808 -0.00429832647465898 0.181162031869277 -0.191864280694763
-0.0115311570604511 0.00851504588085122 -0.101896806024719 -0.448375585959873
-0.00472886726455508 0.00563395698605419 -0.465123267625312 -0.139241972170225
-0.00166391112462368 0.00678663176016848 -0.240807035231005 0.303275654564556
-0.00119303004748193 0.0031374105393973 0.0913561531862764 0.260614300940699
0.00428208947650354 -0.000374514947962583 0.172738892555665 0.0639097992888406
0.00749318832864782 0.00388742386972655 0.0892554300916794 -0.0908024854315939
-0.00708993043998599 -0.00212244466805408 -0.0778228679304626 0.0627632499842593
-0.00510160920837417 0.00637856250112927 -0.123855715834972 -0.0498686394688139
-0.00868525547540538 -0.000117306058778817 -0.0835089275822875 -0.226255974861573
0.0026468621592137 -0.00616341521233026 0.191026411758666 -0.277398213680969
0.00342628780944593 -0.00435391943235363 0.407961181721748 0.0650445677937547
0.00319369977523029 0.00467234348984441 0.160981434552468 0.397506925653147
-0.00778880046671424 0.00584582530915311 -0.147834352774923 0.268668682216513
-0.00837131069189681 -0.00148293095054028 0.00531722071364403 0.0399131069198554
-0.00532453620876918 5.65352147396964E-05 0.195851515911526 -0.194299783038688
-0.00727321250664478 0.0088322652323601 -0.0729848293225949 -0.471127652980662
-0.000364704785566727 0.00426770165344147 -0.457137257391534 -0.184229860720615
0.00156005374157683 0.0125779915221674 -0.261416898169013 0.280599169337663
-0.00289825293955498 0.013969560402194 0.0758927205164118 0.264706403722345
-5.78576587424856E-05 0.00463357825282702 0.165850187132938 0.0719892622357062
0.000306729280266559 -0.000185646176826421 0.0875655975607963 -0.0856666451109003
-0.00809323049364911 -0.00294038517120385 -0.0788655314348834 0.0624045712485245
-0.00664368267726202 0.00528483641847049 -0.124467878153502 -0.0491142217260667
-0.00935955681740405 -0.0030097213951917 -0.0848546822891221 -0.223424446515766
0.00214652765877142 -0.00816668878231295 0.188667584577283 -0.277708885234442
0.00392198860085502 -0.00271222504283 0.408482241574585 0.0596373383663983
0.00303150338124544 0.00742199209129675 0.16523377784048 0.396229386307926
-0.00868245070060737 0.00779655029293366 -0.145676195373078 0.270300743480193
-0.00881780976784033 -0.000901132754617314 0.00370771649785854 0.0412302884620229
-0.00600166033652568 0.00131480128118161 0.196377134139995 -0.190697171885548
-0.00756388619968413 0.0114771874658447 -0.0682037366431925 -0.470220942419745
0.00073038165298801 0.00592743452219201 -0.455256413143501 -0.188724610066948
0.0018438279995489 0.0103434602775645 -0.26472575499839 0.277879191955359
-0.00341830469732344 0.0105305630658786 0.0729249608654503 0.265759856097468
-0.00120513336046705 0.00315428322405948 0.165426261567654 0.0733027751681783
-0.000368250864747156 -0.000188590914810988 0.0862951842894198 -0.0843771194913266
-0.00800635749975738 -0.00226258878541977 -0.0793192136180655 0.0617088964552605
-0.00685820484728655 0.00324297119831299 -0.124349286111965 -0.0486700666234445
-0.00954179908472984 -0.0065981236917513 -0.0853356000999313 -0.222401937812868
0.00178990861960215 -0.0102921175872295 0.187994527369806 -0.276374759989618
0.00416083759410747 -0.00152469879450576 0.408434680048683 0.0604853634667917
0.0027545929442403 0.00936036302127353 0.166621860895204 0.396974963814818
-0.00881312388195736 0.00867757830736212 -0.14573742758695 0.271880059477888
-0.00876604620212043 -1.59158717658643E-05 0.00383614805887282 0.0424231808405746
-0.00658853028819361 0.00204310439305114 0.195021762257573 -0.188762191468432
-0.00770726240783047 0.013824345545888 -0.0673937015854728 -0.469569409525351
0.00154257253382506 0.00786526318488018 -0.455369920114357 -0.188831769955949
0.00144238796262808 0.00801581936028869 -0.265115576122147 0.27849863021858
-0.0040314543603665 0.00622200070581176 0.0723971574106071 0.26744765497561
-0.00149533206242166 0.00110474470446229 0.166094201187791 0.0747197280005444
-0.000731740945558213 0.000361875732817484 0.0859706477445302 -0.0847025434834891
-0.00761442892631661 -0.00159262328817853 -0.078870683665943 0.0604122807206673
-0.00733419736176955 0.00229325286976881 -0.122737431689213 -0.0489990555548634
-0.0100512852352846 -0.00912408977311032 -0.0841494383486048 -0.22149864711462
0.000820407850579213 -0.0119988845899047 0.189869322099181 -0.273859051733561
0.00298840932987507 -0.000766721856258241 0.407560155344288 0.0656326121464602
0.00198697367689665 0.0102926296763018 0.16422621336841 0.399451985667273
-0.00957052463629977 0.00815692101467091 -0.147656216113913 0.274153511508078
-0.00815107478953782 -0.000579734993997539 0.00241424473489257 0.0439876279856726
-0.00656567594050265 0.00135872380747252 0.19422506432034 -0.186969359903777
-0.00864464171446579 0.014684323205514 -0.0691133280905108 -0.466901017964189
0.000776888872528599 0.00815223878137658 -0.455712427950212 -0.18427228599222
0.00124869846326853 0.00620561623117557 -0.265424006145181 0.281298671516321
-0.00392706362806174 0.00259803147269019 0.074078487954559 0.267517037016989
-0.000645356954715762 -0.000711983662843477 0.166459691431048 0.0742559671142273
0.000266813656768595 0.000545200120554787 0.0862613498357796 -0.0848976646090644
-0.00630424887978397 -0.00119693782665006 -0.0781090957484109 0.0595776135889258
-0.00669250007569492 0.00133209764508901 -0.121771426920929 -0.0506169903500008
-0.00973739012373901 -0.011203169072294 -0.0810245209177036 -0.222357120080238
0.000237143979438187 -0.0127572807799577 0.193580969974924 -0.27023242092863
0.00241076511601743 -0.00113091354672038 0.405907812248495 0.0735205801234567
0.00112159786743286 0.00977096790346448 0.158693579077824 0.40549735838287
-0.00928147592590282 0.0076123434537254 -0.151523561054565 0.274884541205358
-0.0073584911028239 -0.00166119295875648 0.00175762989954687 0.0446855340421043
-0.00606200295793145 0.000861371719993235 0.191703068835003 -0.186546797966155
-0.00921990503466376 0.0147119273658716 -0.0755797477162552 -0.462408843247372
0.000231186401257791 0.00862171630267102 -0.458110028370003 -0.174931842130939
0.000643557288503691 0.00531906014630173 -0.260906555793622 0.287340566329854
-0.00387269232434873 0.000922102488101625 0.0771851679975261 0.267685500462665
-0.000226360226480043 -0.0016528860864697 0.167377062205968 0.0726311643526158
0.00174703068592071 0.00102378779500227 0.0866010888944509 -0.0861986561263923
-0.00495465227104782 -0.000219981697571322 -0.0766890619623412 0.0579236525951625
-0.00530460500037485 0.000940166425937062 -0.118993363270053 -0.0511057353212007
-0.00879066881496739 -0.0118318243774977 -0.0767504358996144 -0.222894290629935
1.70176712086184E-06 -0.0132644840444922 0.197868633718818 -0.264930772390198
0.00154077497351216 -0.00117025245001525 0.40410084772141 0.0852592229152638
-0.000533374856355002 0.00872955604963714 0.14990949803959 0.412089022659568
-0.0083207398680473 0.00593233625295455 -0.156312557024639 0.274629683744688
-0.00601301375395744 -0.00260836269213235 0.0016816409282588 0.0454427246766509
-0.00557386725586782 -0.000768807262339247 0.189300628248911 -0.187588271802898
-0.00977880940337096 0.0136821780133384 -0.0838359525771998 -0.457215354094192
-0.000380702438518533 0.0076857880409886 -0.460836851683064 -0.1639159478094
-0.000541342920367225 0.00495039104307146 -0.255282019731628 0.293401768685184
-0.00266677958424063 0.00033532328237108 0.0823092019382664 0.265788568087115
0.0011074019356206 -0.00220483478420789 0.169511557810401 0.0700591580595675
0.00320628981277155 0.00195456185058759 0.0873762584346306 -0.0879794522546731
-0.0025761729562124 -0.000382825650407382 -0.0753435966448716 0.0566080578027708
-0.00349769524783128 0.00103790362324816 -0.11713741090499 -0.0541838789518242
-0.00833659605650521 -0.0116385134277514 -0.0720611723971474 -0.224324289309934
-0.000219054971277434 -0.0127311373257024 0.202570775230919 -0.260604758543868
0.000426062726600578 -0.00266510784223177 0.401991544218848 0.0967477997260363
-0.000902416201490714 0.00680124919325675 0.141425567841164 0.417039393608071
-0.0077948658558623 0.00439430335655689 -0.160032436660312 0.273369014081591
-0.00539587495002916 -0.00383915410061733 0.00142208188047196 0.0449647823697221
-0.00526702434597688 -0.00208271090709356 0.185794797058188 -0.1894003843403
-0.0109943396405317 0.0116361380526494 -0.0932379326603636 -0.453939400933909
-0.00230316176855756 0.00661964290626105 -0.463682683684443 -0.151451198073356
-0.0011629253572765 0.00548495257496382 -0.248541942222598 0.299020990716899
-0.00233585832496956 0.00102276609062873 0.0878396010741497 0.264279059587096
0.00287035410472893 -0.0013486782205139 0.172189897295498 0.0671732011562706
0.00583078929839481 0.00245949463364548 0.0886521344237369 -0.0891495977761439
-0.00102217762328286 0.000729353838419831 -0.073051805258691 0.0556550063771661
-0.00225068752068666 0.00236392894812447 -0.115881981272883 -0.0556802979211412
-0.00689430767276171 -0.0100252282298357 -0.0682410038175583 -0.2270214740023
-0.00037206648699489 -0.0113546388426267 0.207940537465971 -0.255738938873265
-0.000397493885698126 -0.00374170830804457 0.401376801428965 0.106951832654367
-0.00135486289246353 0.0040558086336221 0.133926811845003 0.423503555825774
-0.00727113812847536 0.00192981206730011 -0.163955422024038 0.272777657720246
-0.00458883820052629 -0.00482318978235527 0.00198005584560576 0.0454931639382188
-0.00446808116050322 -0.00364827592973154 0.183130622035932 -0.191800338266278
-0.0116700446413226 0.00838389677293371 -0.101748715372996 -0.450611626232045
-0.0043438641515981 0.00553821183506295 -0.467042135629791 -0.140359360163862
-0.00185951386527428 0.00709134947802574 -0.243236668580058 0.304763463181333
-0.00180344754460952 0.00306770592575227 0.0918146830709987 0.262695973012833
0.00434748962868621 -0.000771098747203342 0.17413910167512 0.0643621968958489
0.00727387016955861 0.0037000277074176 0.0898373081734087 -0.0907006901838295
-0.00737653040777059 -0.0026150542661302 -0.0785620489909194 0.0626633639981093
-0.0055797550329946 0.00673458320634312 -0.124608643769439 -0.0507209497368288
-0.00849470953073053 0.000225662993210575 -0.0841818791127485 -0.227985558419655
0.00237590566066531 -0.00615766203867935 0.193089923684218 -0.279041725567473
0.00304603728511699 -0.00430647397455267 0.41123110574442 0.0653730924844484
0.00280356673879151 0.00498222942634209 0.160666386490945 0.400473048128401
-0.00808046016685153 0.00609116537688191 -0.148987257108409 0.270613839483755
-0.0087485352088054 -0.00112502028790047 0.00558902759117609 0.0404810367644503
-0.00519673145856383 -0.000239555689698545 0.19733615566761 -0.194652869085785
-0.00735079355467149 0.00850360419481099 -0.0723371980994323 -0.474483656052869
-0.000258223367011869 0.00450281401859942 -0.46061446966664 -0.185304777645569
0.00164954457328755 0.0126509838129234 -0.263539313506358 0.282109478058918
-0.00278392807861989 0.0144607123774858 0.076556953651028 0.266414546849648
-0.000392244327369369 0.00469488397577666 0.167079354755823 0.0724325769803633
0.000697271378549295 -3.40973069069134E-05 0.0886707321987989 -0.0856932204126789
-0.00827825045643648 -0.00257252984841112 -0.079956846593445 0.0625669627286299
-0.00687452571891397 0.00488582738717355 -0.125910960073856 -0.0496444068578994
-0.00927082137749922 -0.00362679608845725 -0.0856334709728069 -0.225455319444325
0.0019910466429761 -0.008169435919284 0.190152559994814 -0.280693012621221
0.00382228149046299 -0.00245370099451369 0.411150616277695 0.0615450987505582
0.00275964819601527 0.00796339862672243 0.166048380023545 0.397767650186165
-0.00875607460102919 0.00774093874576063 -0.147747509418308 0.271951209213939
-0.00878600594070256 -0.000536458463253221 0.00450804150080442 0.0416249908607104
-0.0060683262330255 0.000930767446380626 0.198515738085215 -0.191539638521766
-0.00769808681380268 0.0123834985952318 -0.0673066163654394 -0.47368543162607
0.000460779264345915 0.00607249724933303 -0.459179849157941 -0.189301731002791
0.00174230605279987 0.0102755744862015 -0.26666377822904 0.280062363279009
-0.00368089858940725 0.010304145508698 0.0745496063655342 0.268230704497941
-0.00111123180795489 0.00293379119979173 0.166508210165902 0.0738554485704336
-0.000687320785030707 -0.000542943162350571 0.0878514888839967 -0.0851535683087297
-0.00818836227124973 -0.00177413308835967 -0.0805337058847977 0.0618179872267439
-0.00708161199115683 0.00357983611061654 -0.125287305293713 -0.048874046861709
-0.0102154611319408 -0.00637264157700678 -0.0864766823139268 -0.224250222847567
0.00158575726476557 -0.0105898477653865 0.189407871828871 -0.278480160781596
0.00406277963388247 -0.00183565976921423 0.412205843853395 0.0621049169285794
0.00272109357893577 0.00961262847828775 0.168083496306958 0.399605749661086
-0.00919571671885888 0.00817023004055363 -0.147471821964621 0.273038343151566
-0.00891129729148919 -0.000247799689257136 0.00324787428728448 0.0430182034278911
-0.00632418422760837 0.00210808147421357 0.197973226842999 -0.189839435838168
-0.00785988465366792 0.0138224478153362 -0.0678175279144881 -0.47300530008783
0.00120966880901975 0.00733366118505273 -0.4605634792267 -0.190823603679987
0.00173366773742435 0.00812084937325921 -0.267553533687633 0.280974905529306
-0.00388471305027968 0.00643089395227885 0.07327833636094 0.268658756167751
-0.00122356437309607 0.00145645346046535 0.167087078572519 0.0745535765848578
-0.000415665940404505 3.3412106188247E-05 0.0869878981937034 -0.0854444132912295
-0.00760464870991076 -0.00161272554852215 -0.0798899798074271 0.0608001603740514
-0.00700139101119419 0.00165237085873218 -0.12455245435458 -0.0498662042364281
-0.0103736625643932 -0.0094423780743902 -0.0840873113990278 -0.223025427963057
0.000826071070401624 -0.0118224378579465 0.191181237782441 -0.276025791843303
0.00309078485633436 -0.000853937538799695 0.411334379131022 0.066680738459088
0.00182264486837243 0.0103346753544934 0.166434043766495 0.402739438527449
-0.00948011924620302 0.00846538308938924 -0.149022105242044 0.275700072932741
-0.00800776631316987 -0.000700840011628213 0.00235806058988373 0.0440512697401861
-0.00609388693492322 0.00166560542051064 0.196530881444587 -0.188134437451752
-0.00854516873905811 0.0149189577393801 -0.0691955151450122 -0.470084820880053
0.00123932743263701 0.00830074347739012 -0.460625734647381 -0.18458749179181
0.00153842428824888 0.00630806493964049 -0.267842125163304 0.283314985782146
-0.00353833788640304 0.00275426303579409 0.0749766585371806 0.269537541436198
-0.000992567488437852 -0.000509316925035323 0.167916928597738 0.0743932626468124
0.00035631074855153 0.000384908078881544 0.0864519964670392 -0.0855566422329368
-0.00680078029942553 -0.00106424380049951 -0.0795437420973391 0.0596488627164116
-0.00638926548804454 0.00126640645732353 -0.122551940251054 -0.051162241695592
-0.00996099246042432 -0.0113572379094568 -0.0818550625563697 -0.22389532919518
0.000714234870771444 -0.0136342977598165 0.195080855020628 -0.271598684249153
0.00252087812210481 -0.00100982504564798 0.409149757045625 0.0757524436482291
0.000965873634606852 0.0102214616763918 0.15905055727205 0.409412776777455
-0.00936704178550914 0.00732326880403064 -0.152796452123961 0.276535682783248
-0.00727852013739459 -0.00154570942553059 0.00144074636854996 0.0450256392398644
-0.00599979765290859 0.000701840365772112 0.193784506441292 -0.187772610843834
-0.00935261178519585 0.0147229604110762 -0.075377651924007 -0.465490106325234
0.0002833489093679 0.00831282950925121 -0.461405859507482 -0.176819929720959
0.000475475009832301 0.00534583760743295 -0.262590005108665 0.288717701328177
-0.00318044765674115 0.000763646066938468 0.077847461062805 0.269403048373575
0.000208346535916198 -0.00181746290445891 0.168937538322479 0.0730899251336938
0.0021058909770587 0.00108013262613539 0.0868163621060575 -0.0865917252253563
-0.00470375487639966 0.000217890398287102 -0.077995199597095 0.0581775198937828
-0.00529387467302441 0.000873214829526935 -0.120402513705449 -0.0519203489382571
-0.00944512037055773 -0.0118809252811877 -0.0768566823413141 -0.224844409035387
-0.000389588751195029 -0.0132784255600263 0.199742736130503 -0.26679801795323
0.00172396665290966 -0.00125569945207467 0.407670466776677 0.0861123563043378
0.000254808160326267 0.00853764157499559 0.150475956757144 0.414987801702435
-0.00895770074935436 0.00610681199906219 -0.157385048520054 0.275794621488735
-0.00648875889435963 -0.00229498315674382 0.00164318787914491 0.0453844264562594
-0.00566715385774378 -0.000531720084342308 0.190958223481484 -0.188209244007205
-0.00995185214353915 0.0133440304056183 -0.0829675726003855 -0.461705684693787
-0.000992482870899073 0.00801561576043626 -0.464556937306582 -0.164716064487115
-0.000156301259110054 0.00544130150919808 -0.25701033438365 0.295495517163105
-0.00265466402005856 -6.97525312049092E-05 0.0824840887317227 0.267852983946593
0.00166369804947354 -0.00213656826036705 0.171002877650526 0.0699989471447398
0.00375237153992019 0.00150608991050935 0.0879149664836967 -0.0877965698700102
-0.00322285817925934 0.000237553798807376 -0.0757542879598028 0.0570265794558637
-0.00367751849355789 0.00108706726033602 -0.118382378840215 -0.0544962227001218
-0.00823836517100432 -0.0112326966801463 -0.0725131226742338 -0.225982023437824
-0.000108547889689142 -0.0124573900430725 0.20472274678926 -0.262546941799104
0.000820472123475223 -0.00237584447462302 0.405310477002642 0.0981118348024118
-0.000891369159008847 0.00693710960205751 0.142506601117665 0.42042842101279
-0.00786112677309399 0.00376395564968998 -0.161753270427819 0.275344633916623
-0.00521377506127525 -0.00371498354567812 0.00126364341869051 0.0456164031270591
-0.00511835031934801 -0.00245015872642503 0.186593865713412 -0.189973432023377
-0.0106956306227386 0.0112193414224649 -0.0935078310756535 -0.456941901517858
-0.00282038237229074 0.00724131797958806 -0.468073049147875 -0.152050046649551
-0.000610838970133644 0.00531029087377139 -0.250324354581775 0.300978800592692
-0.00158269856448825 0.00130305280095917 0.0880161054235419 0.26656111001156
0.00263887478978322 -0.0013680217106024 0.173407628122305 0.0669988642214378
0.00570530262705486 0.00306881803234778 0.0897881343319756 -0.0896060816566225
-0.00143667132919921 0.000558630910393574 -0.0748720026611326 0.0565775001544679
-0.00193952113664712 0.00227412866599379 -0.116582941611497 -0.055921341039481
-0.00711434058658278 -0.00945503014211499 -0.0685386589788681 -0.228429471973575
-0.000280168134677595 -0.0112339074434978 0.209665066438469 -0.258296617741221
-0.000481148814770136 -0.00366935730666004 0.404225368164737 0.108305509675355
-0.00113720981392255 0.00397543878206206 0.133407085417287 0.426559289177551
-0.00719001199527807 0.00189368418576623 -0.165261354604724 0.274163709010825
-0.00422138243270034 -0.00486783082269251 0.00224315571864959 0.0456694016916597
-0.00502324176281913 -0.00398097880175095 0.185038496232271 -0.193179668741239
-0.0112734849470924 0.0085739868836232 -0.101619024664702 -0.453915841217529
-0.00440207568670356 0.00583239977717308 -0.470522779475208 -0.141679251555077
-0.00127713924656046 0.00695335770741183 -0.244998403102167 0.307124440858064
-0.00149667519516823 0.00323961384788187 0.0925570074504506 0.263900185053304
0.00420802591143094 -0.000341588920171096 0.175182527394049 0.0642903501329077
0.00772127456422908 0.00354504286969132 0.0917804510375792 -0.091187858004038
-0.00780824884542977 -0.00202642194725379 -0.0798988969881958 0.0627594068272644
-0.00574947551378543 0.00647918818159502 -0.126878612075873 -0.0509947858673139
-0.00877861827934819 0.000500102419373997 -0.0854977526765625 -0.230388120165444
0.00239391797388281 -0.00631146533988931 0.194629543445293 -0.282353424807026
0.00328109197040213 -0.00440169379380012 0.415462412820324 0.0651581684243971
0.00336127911904882 0.0046832633134509 0.163602766295803 0.403401334998858
-0.00791138975572391 0.00588426581406076 -0.150322735003593 0.272412295673255
-0.00816706427093357 -0.00138062375604122 0.00492536827751617 0.0405543790886961
-0.00490934992696987 -0.000174393550644329 0.199049156452366 -0.195715401303526
-0.00718836387648788 0.00928871563266223 -0.0737781435546044 -0.477395689952553
-0.000481402695760787 0.00455420968755989 -0.465874847619349 -0.187088114396577
0.00226329540369388 0.0124183862998144 -0.266262197824377 0.284972777037539
-0.00261171101751719 0.0139637878691169 0.0778848800812128 0.268356205777238
4.92352286432891E-05 0.00484887604168615 0.168617023372948 0.0725302708891001
0.000644168192966788 -0.000269379760400564 0.0892109039939547 -0.0864531395859559
-0.00852432097240599 -0.00242278677624454 -0.0811943123591523 0.063377813571688
-0.00709779857589424 0.00480042510136906 -0.126802404740821 -0.0497783187064343
-0.00987657694080602 -0.00280910862200569 -0.0875536326009527 -0.227080291528022
0.00221755682476307 -0.00852520026701301 0.190628072418731 -0.283058951127711
0.00404104125473304 -0.00268953848861527 0.414518864561239 0.0611727366524488
0.00343162319707425 0.00746528133133445 0.168271170168749 0.400566397226731
-0.00901104291068354 0.00790120364016398 -0.148417815987571 0.274225587640667
-0.00882536304360411 -0.000683650910095498 0.0042538357314366 0.0419191785385718
-0.00589934305652352 0.00120840201339868 0.20020360142722 -0.193150224161583
-0.0076295430186613 0.011798638444356 -0.0682756137234083 -0.477191991387055
0.000519559379171986 0.00626184450359355 -0.462442845014852 -0.19033494048498
0.00193544821752056 0.0103331667350505 -0.269023689463329 0.283164064131227
-0.00322436793842528 0.0102328222122206 0.0749690347952319 0.269891199248835
-0.00145877173945311 0.00337313746477543 0.168293631926874 0.0743860314599822
-0.000612236711979849 -0.000370053862388497 0.0880520912467564 -0.0859178007129232
-0.00869016921320492 -0.00167095244094635 -0.0810238185671674 0.0623385729982417
-0.00695764256317553 0.00348241655932609 -0.126912378051459 -0.0492308431307764
-0.0100619370534943 -0.0059577031861871 -0.0881288986626645 -0.225963520970409
0.00131058538555024 -0.0107428477730157 0.19080905561875 -0.281299475607391
0.00420520690462834 -0.001970879753078 0.415463336412919 0.0612846655905024
0.00314221368380398 0.00937065494869049 0.169653211194454 0.402493386320069
-0.00900515029643448 0.00831380320389038 -0.14842671468058 0.275281293115964
-0.00853251045449305 -0.000504536956199956 0.00335822148689946 0.0431355851423841
-0.00641866767621781 0.00179978382535768 0.198941582635998 -0.190745135483156
-0.00792843870310793 0.0139008594614019 -0.0675168470193927 -0.476289890089561
0.00145331806911176 0.00745135443851935 -0.463661483423703 -0.19012840110046
0.00148038583056493 0.00836144947214739 -0.269813308982533 0.283294538479715
-0.00347471800674934 0.00672884755401761 0.0744857383138488 0.271092787806344
-0.0012840989822168 0.0013620699136038 0.168356743181442 0.0743891171337399
-0.000332127939174488 -0.000428395528143986 0.0881457595452665 -0.0862222633870588
-0.00809996397880738 -0.00112217514117483 -0.080890215079314 0.0616925507621099
-0.00747047300572171 0.00203996451742191 -0.126070273203294 -0.0497799738211171
-0.010524773442137 -0.00919398106568068 -0.0862791828577627 -0.224837226003494
0.000743901092979395 -0.0122314124671193 0.192281496109655 -0.279600388830082
0.00348147825591474 -0.00121797495139334 0.415200393684751 0.066101001765175
0.00210312541439245 0.0104629042603597 0.166412890518326 0.405574498905321
-0.00914942444530742 0.00823121519753679 -0.149904595691862 0.277676392969561
-0.00806935438716618 -0.000797390293892569 0.00239793266039784 0.0441856920772424
-0.00631688985347212 0.00144481362249472 0.197902536696098 -0.189413882733026
-0.00864633671962763 0.0151113271247183 -0.0712204612783788 -0.472024867558247
0.00139974950590488 0.00809897418815651 -0.464837017502201 -0.18567116674213
0.00117510263519981 0.00644187972247445 -0.268928551666749 0.286574370038106
-0.00360420274955557 0.00321551600709677 0.0758218708409601 0.272117319143299
-0.000803150114162551 -0.000796273167948903 0.168694657028253 0.0746685812117023
0.000149837492914656 0.000252415361301403 0.0879663015863864 -0.0863433541021687
-0.0064758847967181 -0.00109282485844994 -0.0807481814724362 0.05977986043334
-0.00628666590252876 0.00136334719222351 -0.124430731596449 -0.0513970993942949
-0.0101786104664036 -0.010948817524478 -0.0836617480214965 -0.225837067088631
0.000384973026012648 -0.0133492398417355 0.195965565644508 -0.274986904838309
0.00240945525891306 -0.00148812620902072 0.413391001376472 0.0760351038587445
0.000997374903935718 0.0104877958786382 0.161313814686981 0.41249107462527
-0.00905297930601075 0.00736057988373708 -0.153448750054571 0.278199945569472
-0.00716401359753122 -0.00158758167721106 0.00188407237586695 0.0454992064063421
-0.00598521736238525 0.000694481384968235 0.195529351222567 -0.189226797333946
-0.00895675349810243 0.0150681535109097 -0.0759884987278262 -0.468596426729359
0.000246149971544683 0.00854043141680269 -0.46644333514232 -0.177661560750451
0.000592001159437153 0.00540896215475199 -0.264466469309453 0.291983471266241
-0.00282355612107439 0.0012999464832044 0.0795724598733999 0.271663173879034
-2.87930817229722E-05 -0.00149595848743986 0.171012575574715 0.0726512885274284
0.00215504956304373 0.000982926688271569 0.0883968706865767 -0.0874676281816933
-0.00491789984530738 -3.18457531580957E-05 -0.0789077536062842 0.0586345344921281
-0.00553585178319659 0.00113659081095137 -0.12136597601389 -0.0529188702927247
-0.00985353537272477 -0.0116535102360759 -0.0786477925200315 -0.226123194521795
0.000129172535840315 -0.0138535111981797 0.200917788692645 -0.270464313620312
0.00139563670213258 -0.00189815824552718 0.410926599392945 0.0873186248723066
2.7811844525136E-05 0.00895286009692373 0.152851756955829 0.419121852321793
-0.0085124983774688 0.00606659954758902 -0.158523534751079 0.278303270465245
-0.00615846358250174 -0.0026443245685711 0.00145413720191172 0.0456841652380844
-0.00536178551506714 -0.000592135825706401 0.192994288011911 -0.190049310492202
-0.00999787136353161 0.0137845190184311 -0.0853742858261855 -0.464686426509974
-0.00115175021521012 0.00823590461657765 -0.469159116100742 -0.165035725147985
-0.000142064707241457 0.00531035740410671 -0.258907890605798 0.297506495381521
-0.00246414492897372 0.000216909494193448 0.0841532945329401 0.270101379730704
0.00153517386132968 -0.0019720721383095 0.172912081658299 0.0706374706341418
0.00382790727370898 0.00199301193761724 0.0892694103675685 -0.0892350332535095
-0.00346553417123883 0.000149311163210038 -0.0769017876653784 0.0573455415096735
-0.00373183221299327 0.00121831980342924 -0.12000073574907 -0.0552741743415916
-0.00816348297709496 -0.011078237685344 -0.0747720287392571 -0.228419592347563
-0.000578651470507774 -0.0126715657817828 0.205120505121288 -0.264855700778245
0.000426858931229938 -0.00264681552920871 0.409445993085804 0.09881633020052
-0.000904450873069624 0.0061721304652938 0.144240391584888 0.423986099089598
-0.00803264281585492 0.00418903323430964 -0.162091365823233 0.276809148178958
-0.00487781641742993 -0.00381748526062118 0.00176977274636286 0.0457138420253482
-0.00481013555103399 -0.00237220855631106 0.189637885283388 -0.191629596025957
-0.0105404668568912 0.0114515966895907 -0.0946970572968382 -0.459790687233848
-0.00280108800212998 0.00692395225993824 -0.472478721949956 -0.151693562510506
-0.00103386672255483 0.00572983021020817 -0.252003103411478 0.305247750928167
-0.00204849056227644 0.00147452200657928 0.0886805861418394 0.268374092472695
0.00287547385787472 -0.00161509132693542 0.174958180795529 0.0677791500296383
0.00570157802812707 0.00248745170600717 0.0906507891325653 -0.0902075223202616
-0.00126185068527828 0.000710758229126144 -0.0755670176140041 0.0567860952674202
-0.00217865204663306 0.0018967390132435 -0.118096473891483 -0.056001851217901
-0.00739574779403922 -0.00934618226442789 -0.0703509286258061 -0.231018201807526
-0.000145131531403989 -0.0112119186024233 0.210789512241877 -0.260631341085915
-0.00050311841807827 -0.00385703601716926 0.408010941261867 0.109420127612643
-0.000898690491709987 0.00438180024490089 0.134970348851181 0.429520318726596
-0.00719243407478668 0.00162350694651669 -0.166111741827297 0.275987521513376
-0.00396389948013542 -0.00502688258877105 0.00186009136555341 0.0456163108888658
-0.00420563429400937 -0.00450685205568289 0.186368347279218 -0.193907047326739
-0.0112266295481228 0.00895213775548342 -0.102868709976746 -0.457156668429565
-0.00441168059741188 0.00598022424118353 -0.475570113675464 -0.141797841997517
-0.00107049499786359 0.006739098366082 -0.246729598256425 0.309285236136041
-0.00147088824222275 0.00336711936229044 0.093569559844672 0.266679926956191
0.00417170279661767 -0.000473055799196293 0.176624840215832 0.0646923199705627
0.0079651719456835 0.00326467929932149 0.0925426957905991 -0.0918041194181728
-0.00814871498984487 -0.00226022930114764 -0.0809801883026631 0.0638487729539115
-0.00560107242831407 0.00652029920518586 -0.127851737231687 -0.0510929367182588
-0.0087728864998761 0.000499663798450668 -0.0878068221140306 -0.231807301807396
0.00225246603031257 -0.00625497734537394 0.194670022038834 -0.285344101252251
0.00343781315857691 -0.00470360620666887 0.41979884884267 0.0645453319628407
0.00324960860130654 0.00468816845518642 0.166067271523837 0.406390132385995
-0.00805931349661988 0.00588431688761978 -0.150360204032428 0.275785116333838
-0.0086111705096291 -0.00142012777086673 0.00549763019922905 0.0411228909455337
-0.00489934567338863 -0.000587845281875769 0.200657274639085 -0.19815212660492
-0.0072177151926463 0.00909778972422223 -0.0757011840672181 -0.481588080631101
-0.000196694111939827 0.00449447961047361 -0.471085272598483 -0.185103899781801
0.00185538163796259 0.0133293850502147 -0.266650510269312 0.288786754673288
-0.00270208264231437 0.0142916009941201 0.0798165689574521 0.270389209952761
0.000303635625821286 0.00497721759059333 0.170189111921575 0.0724695129732527
0.000819825200921494 -0.000325966937457394 0.0898548856812052 -0.0878829399575276
-0.00872376796158485 -0.0020386801861385 -0.0824240619289557 0.0639455182357404
-0.00668182812448344 0.0051626650386814 -0.129332661998642 -0.0496335631043907
-0.00978030040250846 -0.002511345002431 -0.0896459619245518 -0.228934972503517
0.00218672258036814 -0.00855401700122946 0.192329384641205 -0.286748289937162
0.00393085945606907 -0.00298068296662045 0.419038015184565 0.0596214270802229
0.00360005185719923 0.00762812000000269 0.170379155004998 0.404342877165863
-0.0087070889564861 0.00782783677405309 -0.148478569284224 0.276749991737173
-0.00865226602354711 -0.000492449631671699 0.00409604214010912 0.0421418034342064
-0.00595117034844399 0.00101424683668031 0.200828412304527 -0.194644498063784
-0.00723577837351249 0.0122551662457014 -0.0707218747915478 -0.481041801898977
0.000701472807866432 0.00636793839822664 -0.469064100548837 -0.190195799544063
0.00206563304206512 0.0103123463011032 -0.270743212161604 0.286997076771496
-0.00291550233492155 0.0105575410266374 0.0764067439881734 0.272201571119592
-0.00116573448606601 0.00299224541710312 0.169846209859168 0.0740411917823771
-0.000555016080707767 -0.000597478520787819 0.0891072995445156 -0.0873741862602674
-0.00883092807125082 -0.00205028939338911 -0.0822435498106577 0.0633085221385272
-0.00736293288417133 0.00326497639858416 -0.128542487066203 -0.0498045444600423
-0.0103848024486816 -0.0056831984773994 -0.0901327024644892 -0.227130942898018
0.00152763028953238 -0.0108485641381618 0.19061077998014 -0.284872642137263
0.00380238359904194 -0.00186924680934585 0.419109567337258 0.0612881515693812
0.00295168318930328 0.0100006690873979 0.172346525010264 0.405888566185936
-0.00895074092580771 0.00828933139972189 -0.148460865597958 0.278378569284946
-0.0088566017572716 -0.000221277109396692 0.0029730667064245 0.0434401996116442
-0.00614640003586112 0.00203723299160755 0.200580137088547 -0.193383692569543
-0.00792174200088229 0.0141070461683443 -0.07087790637193 -0.480480779675678
0.00110208022666423 0.00778179936748623 -0.468560695543681 -0.190228976713917
0.00217728623425737 0.00826101616857136 -0.271465304970354 0.286479232205178
-0.00316851398448527 0.00677394059852741 0.0760729523148602 0.273366486870259
-0.00104723891405433 0.00113496874956125 0.170259694629402 0.0743019433385192
-0.000735936563839367 -0.000425666192973234 0.0890556409999287 -0.0871937681159137
-0.00840509412807143 -0.00129696467425907 -0.0821492092825434 0.06251005626658
-0.00721896073224946 0.00210204713257451 -0.127701137237967 -0.0502316237501554
-0.010576240216265 -0.00891515164010916 -0.088087592476326 -0.227041807202245
0.000708154877339513 -0.0121095835891268 0.192879186934773 -0.282151741045742
0.00354021744134735 -0.00140152893572354 0.41881100451344 0.0660179014092248
0.00238298893240063 0.0104955753514569 0.16906827111916 0.409472046287629
-0.00911967106820959 0.0083352626750051 -0.150003246392916 0.280231959967025
-0.00842197730495861 -0.000757114399142259 0.00238406256994073 0.044635000998313
-0.00612675504024325 0.00160539247453526 0.199267705541156 -0.191659042339715
-0.00819126883011847 0.0154274384641676 -0.072510074711405 -0.47624244628975
0.00114533193889312 0.00872558320990324 -0.469296897333773 -0.185605832722222
0.00152291551093943 0.00663181486036031 -0.270700420244061 0.289833026504457
-0.00360150240514069 0.00350064956837266 0.0777625784135481 0.274028622243117
-0.000792461193506187 -0.000468432062642031 0.171355767923083 0.0742343866943864
0.000387565781771324 -0.000495829819278829 0.0883608849898802 -0.0876301660175304
-0.00715662748978252 -0.000465300584508666 -0.0809993811308324 0.0606565429353387
-0.00666331003559952 0.00142966068790872 -0.125764464404893 -0.0513225573537162
-0.0103536460456623 -0.0105775184376532 -0.0854559614942755 -0.227364809674881
-8.93071854688042E-05 -0.0134437298761649 0.196315513971129 -0.278409271920249
0.00269825938364628 -0.00087421059215199 0.417777691128176 0.0742566391850287
0.00130079669652935 0.0102847150333344 0.165049902896002 0.416271184353016
-0.00890484744827805 0.00754208985871256 -0.153591713724479 0.280746938026757
-0.00712802463465927 -0.00179060922062984 0.00168391105229796 0.045821393507988
-0.00626299728194774 0.000834067931332348 0.197257505630409 -0.19180856970091
-0.00925353700402565 0.0151800868317427 -0.0796436090040101 -0.47222039916249
-9.90784122167588E-05 0.00879001399204487 -0.471565663997281 -0.177514896800677
0.00076396923417256 0.00544186813341286 -0.266413172964168 0.294896256271287
-0.00305338599582138 0.000902510355040862 0.0812352467351609 0.273502981105752
0.000401431962958782 -0.00197115264666405 0.17267274219372 0.0728590696821727
0.00246694358793264 0.000826993305132701 0.0886935545189546 -0.0888756766877554
-0.00541111994036032 9.50074583778195E-05 -0.0793358769986656 0.0590100842722374
-0.00555518385087036 0.00102176126726334 -0.123240874510799 -0.0526623117180371
-0.00974575706406954 -0.0114064648293913 -0.0805302838499848 -0.228697172263611
-0.000446218935905287 -0.0135439017788067 0.201268003163144 -0.272842268777268
0.00140197978353303 -0.00152897922103555 0.41506772012735 0.0860228980958761
0.000133796173763372 0.00910227811264864 0.154474849104656 0.421162331552889
-0.00864060239217693 0.00546693220004445 -0.158230120117226 0.281197444368062
-0.00584618519595964 -0.00248477403095141 0.00210239299429536 0.0456782591831235
-0.00519767745818512 -0.000581889895816963 0.193972536220271 -0.191332911842884
-0.00986306039979561 0.0140599720022729 -0.0870309937297119 -0.467898445187852
-0.00122868556660695 0.00813591864977574 -0.474418418714786 -0.164036368741271
0.000123021490864747 0.00542113845601228 -0.261098250168376 0.302341251811202
-0.00237382638947465 0.000507294698894248 0.085667290464222 0.27240614509542
0.0017510368696598 -0.00208416424641663 0.174863255807285 0.0702451755715627
0.0040691563348359 0.00143079685878546 0.0899084769029207 -0.0903067406762252
-0.00350061609372396 0.000372298909422985 -0.0783364482289002 0.0580532543379704
-0.00372365305864275 0.000908356742537037 -0.121476003982404 -0.0547838511496647
-0.00856070688712064 -0.0109683745270229 -0.0760839188422016 -0.230164474260515
-0.000496838662132374 -0.0126603727229293 0.206752220305078 -0.268709386809378
0.000595248359485961 -0.00266655955338447 0.413454025032209 0.0982824719032289
-0.000553953056937653 0.00705098212199376 0.148276109445349 0.427643080730264
-0.00795900275600822 0.00356115222844261 -0.162500386478603 0.279511263305171
-0.00493978136243239 -0.0037539003379056 0.00160629751852872 0.046493982942296
-0.00482707498220432 -0.00260660221777639 0.19025004526473 -0.193932306586067
-0.0106323453419532 0.0113832951532004 -0.0980547488125079 -0.463047624424291
-0.00284935990330328 0.00736940388213573 -0.47695060568881 -0.151262445630512
-0.000321483079948748 0.00579549216936442 -0.252803549311627 0.307404535782832
-0.00202913109923012 0.00114780159816073 0.0909107504275017 0.270006530963053
0.00314483600628455 -0.00153846500111074 0.17675602319766 0.0666537510170974
0.0061797918070486 0.00267017571879746 0.0910417300750238 -0.091462244697971
-0.00171333682219767 0.000970499348444251 -0.0764437702483813 0.0570951561354363
-0.0024355193572484 0.00202414630435172 -0.119470679067133 -0.0561119863281934
-0.00772514451811838 -0.00912339404276692 -0.0711530931269134 -0.232375279684399
-0.000705652639113567 -0.0116202929522014 0.212039271101924 -0.263764887901375
-0.000589750259177613 -0.00391324552811344 0.412165961934278 0.109292247202795
-0.00093180703997093 0.00414312862705391 0.139512847530749 0.433903541639082
-0.00686172572035243 0.00177396018708808 -0.166572791913127 0.278915824612538
-0.00397718401107232 -0.00520324889125942 0.00185429418004425 0.0459640193138524
-0.00461549468961304 -0.0044688639692398 0.187450675675826 -0.196611308872422
-0.0110158665863501 0.00900295241058774 -0.106929457088556 -0.459699054134432
-0.00443472045584914 0.00636718937159276 -0.479698918198718 -0.141512883733059
-0.00166428136216465 0.00663641246034503 -0.248233667114041 0.313223507266457
-0.00106902381277727 0.00346981134156547 0.0958165966267633 0.268673886705318
0.00455538873658866 -0.000591796783878789 0.178667220170938 0.063663622221221
0.00833477014265692 0.00324839915001499 0.092790566529519 -0.0929933987543888
-0.00793390408245321 -0.00146787232021983 -0.0818556220860915 0.0646251937973895
-0.00584797860333111 0.00637793239202165 -0.130146975812475 -0.0508538029136431
-0.00958391806410025 0.00129959306733112 -0.0899564298384767 -0.233123494394105
0.00236897399655081 -0.00644906265113911 0.194479625751752 -0.290230312613366
0.0033848481656548 -0.00449266200022465 0.424305119229949 0.0630637479792918
0.00350164743453333 0.00507540060322761 0.170021452638542 0.408398608779031
-0.00803621077181998 0.00629885258164252 -0.149534764927733 0.278358273492144
-0.00812679157243354 -0.0012462017728155 0.00549324691680216 0.0414815508583108
-0.00489103592073494 -0.000425722512558465 0.201763324434986 -0.200190282205215
-0.00708639385834962 0.00912805037555372 -0.0794042017429382 -0.485245546588605
-0.000174397504945687 0.00515482418516189 -0.475369627638882 -0.18504238437446
0.0025414703944993 0.0128597569417106 -0.267329784834428 0.293001088279163
-0.00215549548337313 0.0148967892379035 0.0820302140101048 0.273266882496434
0.000175858078380544 0.00496667205977156 0.17301819683463 0.0717713419756436
0.000478345637944353 -0.000651140948665995 0.0907111202439229 -0.0891642226446612
-0.00909814510769287 -0.00192951460514912 -0.0828015267719557 0.0646183932292609
-0.00669192134867939 0.0052053147770947 -0.130164468982466 -0.0504427483489015
-0.00978134060299189 -0.00238522663707181 -0.0918646436301488 -0.230910251326965
0.00200224269501232 -0.00871620874267254 0.19168931340048 -0.290687429532574
0.00393790084362118 -0.00310378469721819 0.423643387319138 0.058313091743797
0.0035428785563495 0.00735782311368305 0.174629013959629 0.408509951827846
-0.00878557178960095 0.00770511180850619 -0.147802889884119 0.279941716524815
-0.00882505145591876 -0.000622509891542237 0.00477009565435425 0.0428196983634148
-0.00541464953238549 0.00136161972805912 0.202441546746056 -0.19720626580388
-0.00710211349305442 0.012519286547023 -0.0741797216541386 -0.484775036004229
0.000800790378151128 0.00669785284737116 -0.474836604855907 -0.188335406676724
0.00242771056216174 0.0105947456373183 -0.271115599062213 0.290882974196569
-0.00289803038367032 0.0105949478893505 0.0790184473886632 0.274754780249176
-0.000366087438208149 0.00296818478491064 0.172395762664264 0.0727134682474593
-0.000672262709923372 -0.000907096426167696 0.0899593243007892 -0.0880625931380054
-0.00909934705145731 -0.00208348621561072 -0.0833591668136589 0.0641396734637423
-0.0075522882699153 0.00357314786564377 -0.130374039508067 -0.0497093883765759
-0.0108251058666939 -0.00574901139355469 -0.0923166334406681 -0.229020023772063
0.00113163772716369 -0.0106877563912527 0.191165540344387 -0.289087635627133
0.00382587688658492 -0.00191256888901735 0.423822859762409 0.0580275364588292
0.00337271997815949 0.00970658380599235 0.176685332056348 0.407881590161468
-0.00907201744247442 0.00836638537109236 -0.148245291178015 0.281273407099079
-0.00833296851610192 -0.000233587835875089 0.00365439416100423 0.0435954503799951
-0.00637966180103303 0.0022360480546342 0.201894532546931 -0.194622673479481
-0.00760868288081912 0.0145381363290246 -0.0731934295941608 -0.48313807541404
0.00140905066629222 0.00763427631381543 -0.473844366894045 -0.189253087257749
0.00194563525649587 0.00844217632638175 -0.271121867016417 0.292001013325164
-0.00269051511804265 0.0064979903117771 0.0787723369856847 0.274492021516515
-0.00117757248153946 0.000625129093409059 0.17257506042201 0.073843542067939
-0.000280932158683144 -0.00100000215562196 0.088831659217439 -0.0888101141777232
-0.00845528527102206 -0.00106840057593737 -0.0831395551874616 0.0626126896069934
-0.00779262286337326 0.00204278081545965 -0.129381667228995 -0.0498610837124681
-0.0108729411781295 -0.00851595402339879 -0.0905790857670211 -0.228855858797559
0.000284030375072395 -0.0124546005378042 0.192977982951454 -0.286564358594739
0.00352785532375554 -0.00122528158139068 0.422692448862432 0.0638134887220567
0.00271733407462001 0.0110421864456612 0.172729733164174 0.411092244991353
-0.0089070115010523 0.00801542494263875 -0.150152273706008 0.283447519389939
-0.00820715451282216 -0.00075261519487397 0.00278436284640533 0.0456085628659053
-0.00610393988310037 0.00131259453293337 0.199974307481035 -0.193772677268797
-0.00808940173559033 0.0155764774483274 -0.0757866113201368 -0.48018271811251
0.000878808551376092 0.00911526016164199 -0.475569800020952 -0.1841059964726
0.00168852570197513 0.00687385336120879 -0.27143524710145 0.294421729863112
-0.00315905517414998 0.00342693818373322 0.0800812063581063 0.275801078167077
-0.000654639042196598 -0.00112400053811192 0.173938380019816 0.0742471570526623
8.35788404682297E-05 -0.000620230938544983 0.0890319944158219 -0.0889975832268509
-0.00734616030728717 -0.000543378517960468 -0.0825342930099189 0.0613526793767022
-0.0067995527343234 0.00149329901415402 -0.12736408183151 -0.0512007055523796
-0.0105042822523008 -0.0107900154047041 -0.087985799589182 -0.228509986316115
-0.000109271215236145 -0.0130610116369668 0.196819455671534 -0.282314417359806
0.00214936174319945 -0.00150176682157685 0.422584833475194 0.0735459742796934
0.00129002599022991 0.0106356500641374 0.169090294858637 0.418611320932716
-0.00895613136276666 0.00716344698870856 -0.153555239087722 0.284329600341797
-0.00740189758465032 -0.00182283927615877 0.00207622330917985 0.0464395802015077
-0.00606123146879201 0.000563565989961465 0.198020181854367 -0.193728738551202
-0.00915371355796947 0.015661640853032 -0.0825525573369195 -0.475477007217092
0.00068898631549125 0.00914624402137887 -0.475464668754035 -0.177001622549568
0.000826575916306948 0.00585068072983095 -0.26694956790575 0.299403623972381
-0.00254063474694262 0.00103981269395194 0.0827288198360361 0.275378136956286
0.000576401477770625 -0.00181354443938344 0.174564022396649 0.0723473255375157
0.00201606228924585 0.000565067189883876 0.0895675805787679 -0.0899512524105492
-0.00568831377412494 0.000220504381441476 -0.08087228402111 0.0594406263374933
-0.00554279786042068 0.000830911587047242 -0.125496274847717 -0.0528860798013598
-0.0096879916315268 -0.0113535813495884 -0.0828664475658796 -0.230477028660547
-0.000419879267791465 -0.014276567074707 0.201433168814707 -0.277048596053253
0.00159605618069308 -0.00105275010127164 0.4205645428435 0.0840196638188723
0.000595105933101573 0.00912122838631 0.158238469919592 0.424216182297741
-0.00881743459165512 0.00594856273516682 -0.158359529334241 0.283880714295582
-0.00620050567565458 -0.00250772397127777 0.00161204677492866 0.0467126401056256
-0.00525750180910127 -0.000581607172482094 0.194574432692593 -0.194236129129802
-0.0097248727515447 0.0145240177734209 -0.0900433604672389 -0.471339376119633
-0.000798959661909648 0.0088195314663076 -0.47843542161345 -0.163352268776344
7.16655560888887E-05 0.00518871449402479 -0.26139187183588 0.305505889152334
-0.00225039926826272 0.000581498284270171 0.0880744807251525 0.273888402682413
0.00148360195090667 -0.00240501727407362 0.176374226360095 0.0693671971418642
0.00412671488862968 0.00142192333441542 0.0907494901530804 -0.0917038400603772
-0.00381463933699543 0.000659772960602802 -0.0790304757383761 0.0587719504039222
-0.00355927452093956 0.000970888498936393 -0.123176262382897 -0.0543456810684965
-0.00852724045276547 -0.0108057886408522 -0.0782040400997912 -0.23180027121849
-0.000465690127219866 -0.0130877467198335 0.206368656584254 -0.272189801465499
0.000371774617668212 -0.00265303289320545 0.419031353442849 0.0964546397679915
-0.00022412974130329 0.00667886932408999 0.149920317368591 0.429989218778633
-0.00806533881917731 0.00400667401524867 -0.162171038030575 0.282923485769868
-0.00487887722144415 -0.00431794082141473 0.00209423872882114 0.0464572431800855
-0.00511294602730084 -0.00262851104213365 0.190888304964783 -0.195982387772651
-0.0103272580650782 0.0117537432865557 -0.101936843349572 -0.466401716821782
-0.00290089612124464 0.00741421666500702 -0.481953741383829 -0.149731018177619
-0.00124271202891123 0.00601659515907744 -0.254319863753101 0.312364992877227
-0.00193044112575667 0.00132636186527026 0.0938578742356285 0.271987499957821
0.00346298460272936 -0.0020490964090932 0.178501750457763 0.0659971749787373
0.00628898127864451 0.00204966581612055 0.0920447855542778 -0.0932062186968671
-0.00174081493021891 0.000999382050451247 -0.0770956904131646 0.058540452295707
-0.00237114298668636 0.00207587749903628 -0.121516867844922 -0.0561483378099572
-0.00748708369110006 -0.00939764380862661 -0.0742546962812765 -0.233709151530112
-0.000974738058147605 -0.0117186432082617 0.212733152803512 -0.267934341313818
-0.000907803824794279 -0.00416061911156797 0.417574571078217 0.107149265897434
-0.00107949130946886 0.00428281532641488 0.143236846559885 0.43526497584429
-0.007159593787038 0.00183324631124725 -0.166503230354962 0.2819149787646
-0.00427579477449581 -0.00516433343475509 0.00245530935537961 0.0463417921658029
-0.00442241374325461 -0.00439672892495517 0.188446668994991 -0.198202387237365
-0.0111054461854577 0.00936247648333831 -0.109326416256236 -0.462855899757083
-0.00446369349296533 0.00580155200237202 -0.485472746423074 -0.139556250501857
-0.00140807104337388 0.00706696860930093 -0.247429601554649 0.316942211313832
-0.000952466990014673 0.00348372195643095 0.0986361558439569 0.26996180501369
0.00457661477422173 -0.000919946131421562 0.180877975069692 0.0632328656683956
0.00807914383326021 0.00305672854782561 0.0938595487070654 -0.0946050812018443
-0.00891887490040185 -0.00153033640534308 -0.0826204869924208 0.0658828575312864
-0.00582198967291006 0.00675685012856611 -0.131747520935437 -0.0504785836543976
-0.00916933258173576 0.00161251960040239 -0.0930506375310574 -0.233932193381955
0.0020033930078045 -0.00672714526037484 0.193805771934418 -0.294511864431821
0.00347256676893771 -0.00434148804645211 0.42811906696663 0.0594600131154608
0.00385404063139011 0.00495933680196043 0.17597337296145 0.411503374048867
-0.00786896280415731 0.00562426303414722 -0.149137451510399 0.280977481670797
-0.00759711668523907 -0.0013881311502304 0.00618879321811869 0.041352984693063
-0.00475034318193368 -0.000441182648055814 0.201829549371603 -0.202644792257218
-0.00678303289612464 0.00950317028722833 -0.0845233789778061 -0.488619291536898
-9.71165236110941E-05 0.00528283465358429 -0.481984304593237 -0.180762673909097
0.00201963122250229 0.0130766861197955 -0.266856326772925 0.297744251121526
-0.00184493314233119 0.0151774295276749 0.0855200206593189 0.273967028971239
0.000449231618933388 0.00481897776789846 0.175282918035975 0.0703532540865911
0.000367761677276543 -0.000710638741410021 0.0912115510225433 -0.0902541411615366
-0.00972110202239984 -0.00188590553950587 -0.0836014271029173 0.0660038291997413
-0.00691202274491367 0.00551554102418252 -0.132395102047562 -0.0491675841332633
-0.00993954694448269 -0.00176035310240909 -0.0947643214740962 -0.23223891919819
0.00218051757213931 -0.00888018825115678 0.19097606679865 -0.294219546902768
0.00359715872621757 -0.0033926764335909 0.427742938523286 0.0549964202249673
0.00416671371471058 0.00746657738461193 0.179829391343841 0.408398859735509
-0.00851900962706971 0.00735166571836043 -0.146575701314053 0.282846961097418
-0.00877087016113745 -0.000570987433761868 0.00497606734644592 0.0425907951834988
-0.00577715610981496 0.00141915732083375 0.202307640684449 -0.20025901700882
-0.00700921782925945 0.0125711029640156 -0.0790466464085856 -0.487454777923222
0.0011826599373403 0.00645494032779215 -0.479559655577914 -0.18549797313506
0.00248998238478287 0.0108575946364036 -0.270056311756288 0.296112486933467
-0.0025240547062951 0.0106510562277057 0.0823620866164108 0.27562642007302
-0.000638110467005579 0.00269377979204342 0.174262730728115 0.0715499545573978
-0.000557598157097047 -0.000566446366200619 0.0902771886780736 -0.0894807102774417
-0.00943470722520608 -0.00137713268757539 -0.0839419920692965 0.0649143274266712
-0.00753218897182418 0.00356666326310268 -0.132323839551284 -0.049120182051487
-0.0106341327152813 -0.00549760168553053 -0.0954584758166915 -0.230043814714195
0.00101589601302191 -0.0106501711911728 0.190311115585192 -0.293188130815404
0.00384715062226194 -0.00231508147488495 0.428604522115437 0.0563647887760141
0.00350807045106622 0.00961728005278071 0.181513442489854 0.410481347614286
-0.00913155711136157 0.00816905564660537 -0.147290204081466 0.284498322567159
-0.00868534422659785 -0.000292235667807281 0.00354587960495248 0.0444825598718987
-0.00611044488495121 0.00162051581927246 0.201717983316239 -0.198507764871042
-0.00772594757589577 0.0149172631213397 -0.0782623697522172 -0.485220217580844
0.00120938184385975 0.00790168201356755 -0.480466045167209 -0.187233581800425
0.00192618851961497 0.00869419394433006 -0.271553240295374 0.296994851872568
-0.00280470132009746 0.00696966914155585 0.0819851914088838 0.27686886257498
-0.00100203074990118 0.0010440848037996 0.174260180943482 0.0723903038663901
-2.90694066825961E-05 -0.000775833549987515 0.0891654302718904 -0.0901025529861157
-0.00921494884259507 -0.0010069389974643 -0.0839087953568197 0.0644488438662301
-0.00770220025539922 0.00203250518300698 -0.131004980764782 -0.04885074343049
-0.0108913783787906 -0.00842011614111406 -0.0940660700936071 -0.229941052299462
0.000373460132916354 -0.0123886783663765 0.191373883888574 -0.291240076603433
0.00310147621561074 -0.00132427504404548 0.428020801883796 0.0607067526530799
0.00272245095048339 0.0110483322852431 0.177260281282828 0.412579205979113
-0.00902931339549496 0.00847174829738493 -0.148194037344186 0.286304391624294
-0.00799577390574416 -0.00100944146449374 0.00291514158249949 0.0454221884606845
-0.00628793164326613 0.00159239003101499 0.20024269597969 -0.196259916477278
-0.00758012761483023 0.0159802484468185 -0.0808310665074357 -0.482752116580723
0.00108466019490805 0.00902040040595332 -0.481423020764886 -0.181339567127787
0.00168738043867425 0.00703830194944606 -0.270880774509951 0.299647280542219
-0.002922861023415 0.00338786341956048 0.0836127193069256 0.277868478152652
-0.000714905294389215 -0.00111667005766467 0.175713835402667 0.0726654823183659
0.000568471492432835 -0.000251909029416733 0.0894728580607673 -0.0903305312984384
-0.00748540910531479 -0.000664598153442116 -0.0831625395203644 0.0628145891143644
-0.00719494728762964 0.00152039353955637 -0.129375439780619 -0.0508449568825852
-0.0105001333590463 -0.0106428345430082 -0.0906706068883479 -0.230150096258911
-0.000477171475403011 -0.0136367765545708 0.19578602114991 -0.286386800931878
0.00223255793625731 -0.00118800688629893 0.426945833603675 0.069658070816233
0.00174829121948212 0.010780652809637 0.173548668407853 0.41976868051167
-0.00929484700237067 0.00730371966735196 -0.152806727935997 0.286585748936458
-0.00710183154012395 -0.00123078789510134 0.00235388852027972 0.0463136357586341
-0.00564310898966766 0.000652931806146511 0.197750649009323 -0.196910177146748
-0.00827421259265347 0.0156589003497744 -0.0878067263051471 -0.47900033292469
0.000574984687842175 0.0094818131855217 -0.482100699766356 -0.171830458324509
0.00112813480013555 0.00589768875530364 -0.26586477256354 0.304471181027902
-0.0023759194419209 0.00137793675971088 0.0862452746006099 0.276832138661819
0.000591086553791962 -0.00188927636507238 0.177130135997393 0.071360804573236
0.00194843022467528 0.000207439675130866 0.0903867487707413 -0.0920031716227805
-0.00615747763686928 0.000297565251326925 -0.0816337917676049 0.0613828433001426
-0.00558680886558893 0.000751973889426849 -0.127109783265658 -0.0524690212909989
-0.00963563694258494 -0.0110024907239135 -0.086592948535087 -0.231487777685545
-0.000593002957055891 -0.0134415638676776 0.200251038109165 -0.281011446845863
0.000941708927798688 -0.00178706201985642 0.424914190614666 0.0815670850513985
0.00102008523999861 0.00920600285428251 0.163435946586844 0.426276812129353
-0.00837192014051296 0.00595876138873258 -0.157307127456053 0.287057076433675
-0.00633067404993359 -0.00266666515229943 0.00220786328383013 0.0465639455450799
-0.00575938958865926 -0.000930671941608471 0.194552368735655 -0.197455816799967
-0.00987165077577841 0.014516762145435 -0.0945961198741577 -0.473680672676722
-0.00109416482232056 0.00901385369211659 -0.485052926169539 -0.16011500803949
0.000186755719870544 0.00530896962383066 -0.26077952310774 0.310917189194769
-0.00194514112148101 0.000511098892995327 0.0912426662087598 0.274999953381181
0.00204383031434238 -0.00249770368202895 0.179213418143 0.0687241855898413
0.0041121663777665 0.00147668732301672 0.0908563513433159 -0.0926951639232686
-0.0041583046514099 0.00109415668265372 -0.0801241429376758 0.0599446799821401
-0.00426022194604251 0.000807276433918404 -0.125269645227431 -0.0543073503983513
-0.00887494851255215 -0.0106969394633442 -0.0809921951911362 -0.232162564109586
-0.00130905957187144 -0.0130301224915326 0.206033245193174 -0.276081727208741
0.000169524312197997 -0.00313070783096429 0.42346693787714 0.0941721412053075
-7.95280051842737E-05 0.00693136257046221 0.154823426303767 0.432226119575638
-0.00808790305957623 0.00401642533445898 -0.161153936752036 0.286137899982914
-0.00493564585950183 -0.00377315633056367 0.00199748441403459 0.0471237243848805
-0.00515831978913856 -0.00275484930322113 0.190739867082436 -0.199512641324306
-0.010305400228873 0.0123087931222083 -0.106277533808904 -0.46955086491659
-0.00280721006640122 0.00729010347972078 -0.487945580127351 -0.14742070215705
-0.000362239969858298 0.00619286532555696 -0.252833454598738 0.317330409307034
-0.00143042849780691 0.00151809137210497 0.096796979872291 0.273180839712312
0.00338674981784617 -0.00190833218512401 0.18078672425549 0.0658719920669397
0.00629766311716834 0.00197708504398759 0.092745176620461 -0.0945860578500028
-0.00185514644992815 0.00102950492583813 -0.0785339365271286 0.0592699209185003
-0.00248539811291491 0.0020433493269821 -0.123197537020394 -0.0558600111150596
-0.00812070447330365 -0.00864318966256704 -0.0771810400955309 -0.235647428075384
-0.00101544931206024 -0.0116876944737092 0.211649072222993 -0.272745203564342
-0.000715941428892341 -0.00412971186168948 0.422045914463424 0.103883262626738
-0.000618622897460271 0.00445802895978628 0.1477762747057 0.437738545768313
-0.00721929512168746 0.0017677618066799 -0.164845366030005 0.285266774724439
-0.0043131960571635 -0.00489226935260812 0.0026953662343626 0.0466276882953727
-0.00431542312600993 -0.00463386551488615 0.188702826569006 -0.200522457707569
-0.0109303770359179 0.00916035440745629 -0.114967442075941 -0.465142199685389
-0.00468333119533924 0.00653215716434975 -0.491920025834777 -0.13577140535797
-0.000885279456158206 0.00740108252962291 -0.247458221990486 0.323309481091893
-0.000522215148152171 0.00393958104610134 0.102289634340741 0.271244774450683
0.00474979134551155 -0.00108215086993225 0.182756141988709 0.0618713034799993
0.00809460840578587 0.00305529269837447 0.0940249654758357 -0.0958462886952267
-0.00893316067710806 -0.00123128199711381 -0.0832281472314848 0.066615727881462
-0.00618954036219403 0.00687639690455733 -0.133422911541261 -0.0494573421299576
-0.00895276993722905 0.00181105568130566 -0.0971196756372639 -0.235372391877794
0.00171635708615551 -0.00652855292209426 0.1907813220604 -0.299070013520831
0.00283265727025293 -0.00465912302299412 0.431489673676858 0.0554224435193434
0.00380512897656261 0.00501948880520281 0.180228905323165 0.41132798872778
-0.00770859660153162 0.00593511658854515 -0.146979795126428 0.284373220797177
-0.00791512775526086 -0.00160140253201728 0.00660968170766039 0.0416514623463535
-0.0045652027806725 -0.000417641523420341 0.200488739465499 -0.20683093519348
-0.00649847326344052 0.00984681546598983 -0.0896804804684398 -0.488529382415291
7.94849951769542E-05 0.00512752568506221 -0.486174560890727 -0.178182950377628
0.00254497871655738 0.0133626909825679 -0.264770663627296 0.302379718459967
-0.00158026240908955 0.0151430286214721 0.0891786976962863 0.275256919454749
0.000453270825007766 0.00482479664050105 0.177194011326577 0.0691478362810005
0.000464038936681684 -0.00118664793667368 0.0909852109055504 -0.0919713706687883
-0.0101589489025299 -0.00159790826012379 -0.0841164222941704 0.0673927369845227
-0.00702592179334058 0.00541198481448889 -0.134880483444386 -0.0484735936449941
-0.00942066771323933 -0.0015724988922519 -0.0991118552446984 -0.232319586842809
0.0019314723109938 -0.00860616864230684 0.188072338611806 -0.299173955209159
0.00341959371035867 -0.00291041092159849 0.432825479777694 0.050711465544276
0.00369881876997631 0.0076745664586369 0.186004936042445 0.40948694483485
-0.00865684242604426 0.00748346640828822 -0.143979356590152 0.286176274488243
-0.00840615647600132 -0.000805493434865221 0.00546124534092544 0.0426383530922145
-0.00584088296088037 0.00122021831450065 0.202278762851196 -0.203367649425525
-0.00615954967303453 0.0130085729555447 -0.0840157800087417 -0.489070226538496
0.000937657413281268 0.00685608066342523 -0.485900651940025 -0.182804972563494
0.00239016540525284 0.0112317933393087 -0.269240729468935 0.300739538212879
-0.00236283429080369 0.0111059591356432 0.0861560201659154 0.276865581314115
-0.000764900983370898 0.00297843266832125 0.176435847928246 0.0703013847414577
-0.000611363136643115 -0.000835315008154792 0.0903742065889401 -0.0915323603416582
-0.00978658534195776 -0.00134427031446703 -0.0841639712978043 0.066324045287001
-0.00811122998634361 0.00358080709576387 -0.134199217051575 -0.0481370362558876
-0.0107157904250486 -0.00510994610759517 -0.0995402674774847 -0.230261454537023
0.000806296402505598 -0.0112134074282179 0.187703999105104 -0.297721273515954
0.00367384202865025 -0.00194599298619387 0.432489528742497 0.0511650628843675
0.00347473367696823 0.0100138035178996 0.187442819781532 0.409997496185112
-0.00880186502222228 0.0084640541615312 -0.14478462600414 0.287390362735225
-0.00855097455688528 -0.000818904993438549 0.00444795797559664 0.0441618724328865
-0.00630467997060895 0.0016858444532923 0.201094144682573 -0.201625407414872
-0.00707329613614196 0.0154404599173532 -0.0843785097963271 -0.487402712385501
0.0015070892541366 0.00796892804487747 -0.486084054698192 -0.181545176112653
0.00249312283503823 0.00870631554889212 -0.269717741292659 0.30124687149293
-0.00246001626280429 0.00682035330333602 0.0858031326350229 0.277910039927936
-0.000800355116786042 0.000756945318468008 0.176772396612934 0.0707771299028673
-0.000611973995560974 -0.000912858292066382 0.0891930185833656 -0.0919276747184705
-0.00926411967749097 -0.00106852473662492 -0.0843019312944102 0.0654448677048979
-0.00775678332664993 0.00238601770849806 -0.133119245479703 -0.0484363757910642
-0.0107316008706029 -0.00813269110610508 -0.0975025204440915 -0.230083782307721
0.000271824010243422 -0.012995703835883 0.189215090225643 -0.295535375060127
0.00312824234372206 -0.00141440020112888 0.431953955819653 0.0566033901885855
0.00276949513282984 0.0112642152954641 0.184470484070302 0.413533988165015
-0.00915507190340833 0.00849408489515218 -0.146816483734743 0.290028593655212
-0.00747029497575036 -0.000839939548730031 0.00329966669378339 0.0455539946924757
-0.00607381549734921 0.00177279089553843 0.200328607525758 -0.199517799084261
-0.00729647820139209 0.0162935125152533 -0.0856660881714384 -0.486152399057747
0.00138149651626982 0.00890532902783165 -0.487379787456762 -0.17624015161892
0.00204826862253673 0.00691048544059269 -0.269310202301704 0.304214162604782
-0.00265903004688326 0.0034276669988256 0.0867435284450936 0.278800938536
-0.000396818978078743 -0.00148009951510345 0.177072886604649 0.0711002554816634
0.000493931473628937 -0.000677921226392326 0.088991877427805 -0.09164585936973
-0.0078259075732962 -0.000454259394331646 -0.0836228498236178 0.063962200533697
-0.00663366754584539 0.00139802749196183 -0.131333669471382 -0.0499883134601973
-0.0108063414527276 -0.0103062206770006 -0.0939227361839143 -0.230329236215971
-0.000670203496634851 -0.0139382477570217 0.193942111899294 -0.291108363141952
0.00206058586007284 -0.00140014301651658 0.431226980780451 0.0654391323248864
0.00188333776175985 0.0107181579784649 0.178805164046773 0.421999863693002
-0.00915858271575835 0.0074372263692722 -0.149845211653607 0.290230026448661
-0.00663361935258008 -0.00172353758076159 0.00320777635777307 0.0463191744998777
-0.00569724120105059 0.000844172966231744 0.197489009875659 -0.199972189997081
-0.00853182301518191 0.0160516868901711 -0.0916041813721854 -0.4800527845007
0.000695311194718625 0.00897127549938298 -0.488822003976418 -0.169088442829152
0.00116900792075462 0.00573231900719392 -0.264432256793403 0.310346226991637
-0.00216464914316403 0.00130935625836207 0.0905575335375996 0.277902806306551
0.000407502005857383 -0.00252215465644568 0.179412606595082 0.0687637336406022
0.00191247831233743 0.000184321150627151 0.0903754527025289 -0.0934340211614289
-0.00616104877325705 0.000481356770173076 -0.0816891200175608 0.0622678086430205
-0.00564717051126559 0.00079379776093342 -0.129272084158556 -0.0511460640533056
-0.00951714582059448 -0.0108095607902184 -0.0893837947733755 -0.232566202096917
-0.00095134080241486 -0.0137638915088335 0.198802270491313 -0.285526267492535
0.000968019570641288 -0.00178232655237455 0.429219951402041 0.077280392974436
0.0007551906655866 0.00923401705161173 0.170210224554095 0.426539552542439
-0.00858344762342477 0.00560278222908578 -0.154904486338521 0.290081306592793
-0.00616341671039568 -0.00271568404603001 0.00295525360167868 0.047022945299334
-0.00538479137061625 -0.00102105053410727 0.194162097206885 -0.200150490690723
-0.00920569889711815 0.0149318559615759 -0.101682284462503 -0.475614657146661
-0.000777160222938019 0.00894202771701825 -0.490831377998609 -0.154930937321923
0.000513478300280949 0.00562561358625287 -0.258667444958584 0.316470228964729
-0.00213644953634443 0.000313121777157979 0.0951272891592842 0.276218924903144
0.00180364629291559 -0.00257936922075523 0.180512003510391 0.065999144633733
0.00397087853850594 0.000643741333861035 0.090931066389001 -0.0944037547564717
-0.00411107453746701 0.000966528647032054 -0.0803411576280366 0.0614501219394698
-0.00401165870881318 0.0010200424588095 -0.126653396533416 -0.0537045030458342
-0.00903550013023769 -0.0102764562317946 -0.0848131034069629 -0.233482412448858
-0.00114482371397588 -0.0130833607546349 0.203888245011565 -0.281334018525958
2.51716380811192E-05 -0.00270857636259763 0.427320263902661 0.0890963686383903
1.92807659502503E-05 0.00674447852928632 0.160864255474743 0.432960250491172
-0.00786683861523864 0.00357113627423917 -0.159162521845639 0.289766680137435
-0.00475919727970852 -0.0040270642927558 0.00323722298436699 0.0473514207920702
-0.00498343307711088 -0.00215076754104587 0.19038277999109 -0.20195074024397
-0.00993285466054659 0.0124134240324431 -0.110914212007307 -0.470450121659191
-0.00264346762262615 0.00776484013667228 -0.494122429941818 -0.141977497769671
-0.000767784504345494 0.00625053361402057 -0.251050287849079 0.32270471994148
-0.000981050550289651 0.00148238058390097 0.100522329721266 0.27380467570467
0.00376967796466188 -0.00207751150663012 0.183181492913748 0.063362061329262
0.00627769871638311 0.00125391086743755 0.0921777104971145 -0.0961395168427319
-0.0022638626793149 0.00132642422598708 -0.0784905744101972 0.0607672334494514
-0.00244379394632059 0.00149770612263591 -0.125075210680241 -0.0547228884227389
-0.00762060540765106 -0.00839058682507364 -0.0807543865857718 -0.235733280301534
-0.00141532714536595 -0.0114060574425919 0.2098845956683 -0.277466601159249
-0.0010839438980766 -0.00410660241148581 0.426989519214319 0.100315071083797
-0.000170391358846556 0.00417005765536456 0.153224496609585 0.440028577332106
-0.00685771213400385 0.00157105576000473 -0.163796235041471 0.288194030087425
-0.00442331305951626 -0.00525471563582522 0.00345894326385288 0.0467544228518021
-0.00414473480624782 -0.00447738821470082 0.188212453866361 -0.204485190704447
-0.0104874893931687 0.00979057534492393 -0.120113069483426 -0.467607695629537
-0.00426317070536518 0.00654190681524343 -0.495686017198666 -0.129172998111702
-0.000840666348217185 0.00760870696247286 -0.245808669014145 0.327802057870733
-0.000299545860486097 0.00371247414577934 0.105269911331402 0.272276264031665
0.0047657310698691 -0.00107875378673172 0.185823625009736 0.0600911295811669
0.00805487478990555 0.00221231263971625 0.0937386633358163 -0.0976842581273461
-0.00927088916612522 -0.00137957843118595 -0.083139608999989 0.0685528461650399
-0.00608335135391072 0.00717974156344007 -0.135848740309632 -0.0481838275862149
-0.00895938774767252 0.00247908178973867 -0.101087856848608 -0.235162763248041
0.00160207060687993 -0.00659528361517874 0.188106115486367 -0.302807946103091
0.00277492961127968 -0.00492595630668103 0.435167029427473 0.0501505696409428
0.00410681243279542 0.00471253491088133 0.187023703153036 0.411232043184588
-0.00785279253077416 0.00602313115467968 -0.143789981654878 0.287342448790387
-0.00780227629269442 -0.00125096931561327 0.00687578276427415 0.0416026873135987
-0.0052279668636422 2.63011921222628E-05 0.20004499130602 -0.20973412318599
-0.00622166973098256 0.00963947237551098 -0.0959417709734438 -0.489652671058499
-0.000245664335765965 0.00553571844677786 -0.491960503628992 -0.170948996358718
0.00284650416041271 0.0135616316573936 -0.262263780669113 0.30760940797057
-0.000851830351883806 0.0151668700578741 0.0930043952489996 0.275488570078591
0.000484599675591251 0.00460425685311379 0.179004369577082 0.0664773884890883
0.000426816934172419 -0.000870361501015854 0.0912233721445353 -0.0940659939089064
-0.0101899860851327 -0.00126030212889277 -0.0841859662380497 0.0683980107589848
-0.00756083011951589 0.00566861392605789 -0.135910926839843 -0.046911643070062
-0.00997586180253595 -0.00171625797228322 -0.102601890202456 -0.231442348183594
0.00128423201525076 -0.00858294555629804 0.184829722293553 -0.303221704695262
0.00324821689966143 -0.00370730200842573 0.43535739682066 0.0455634610709427
0.00445994682107139 0.00747394852417694 0.192170393669824 0.409753787339748
-0.00840256793252 0.00757187044715832 -0.141315681954703 0.288739326272098
-0.00838642872179662 -0.000697179594469965 0.0060629562076223 0.043055527439483
-0.00507370152174346 0.00142354674778338 0.200422923288514 -0.206406256794942
-0.00606522944590608 0.0132761776438365 -0.0913451604228916 -0.490318372890166
0.00155212929513912 0.00689124723014441 -0.491384473567289 -0.175418401661035
0.00266302300516508 0.0110667444204466 -0.265704225712102 0.306004321517772
-0.00175909649319918 0.0105829062686373 0.090097461577211 0.276414265190674
-0.000564395519713807 0.00260839507492027 0.17801346985158 0.0680593663816119
-0.0006073595617501 -0.00126481586299016 0.0898392792852359 -0.0934795355922959
-0.0101323239876987 -0.00126620881681345 -0.0844377126868628 0.0680260154765555
-0.00785977977171746 0.00398320253096511 -0.135769722184022 -0.0466889528652029
-0.0107477919425931 -0.00452341589861518 -0.103174823350852 -0.230090884187978
0.000519214219467839 -0.0111613921889573 0.183738353314477 -0.301797582131979
0.00364678912466103 -0.00185899416621098 0.435624308827431 0.0452756771219101
0.00369648458778002 0.0100724639469677 0.193606583057117 0.410188164198247
-0.00913022704540992 0.00845259254014168 -0.1410585859621 0.290277636639993
-0.00819018479053726 -0.000357483851865881 0.00495693963231114 0.0440873020827257
-0.00579538789599304 0.00173210479877777 0.200131564592589 -0.204718344311525
-0.0067263568296468 0.0154376074945879 -0.0905698130546343 -0.489290004832766
0.00167231158703416 0.00822210442036988 -0.489904630534628 -0.175928267327904
0.00247996303865005 0.00907574133316953 -0.268011215403245 0.3057212419199
-0.00244249145592103 0.00696019469349678 0.0900098060461005 0.277475376006406
-0.000718048009644425 0.000912610956059292 0.178799671299807 0.0686470898005447
-0.000572444755059147 -0.000902011133764116 0.0893273879044141 -0.0934560021080024
-0.00944525923939466 -0.000694408448314477 -0.0847803591601291 0.0668181050813552
-0.00817773894977127 0.00231766500619319 -0.134678353879741 -0.0472876346938121
-0.0110709919928084 -0.00770057164139032 -0.10137602317518 -0.229929926575046
0.000140361402900205 -0.0128462861321534 0.186487610815072 -0.299680537882442
0.00298933700756753 -0.00150506456641561 0.435266701765805 0.0508076549264273
0.0032942722857177 0.0110852348498663 0.190630539808979 0.413027940171737
-0.00926759457394505 0.00870496085503622 -0.143593323301201 0.293014671624281
-0.00778475308127045 -0.000497971575620772 0.00391799253501477 0.0451916236449747
-0.005817575092928 0.00129568387828381 0.198508473887893 -0.202996151956644
-0.00718366843280509 0.0164251478470807 -0.0929625903139083 -0.486079291631131
0.00139166924580779 0.00926675842545311 -0.491457122229073 -0.172945068162652
0.00214120008078897 0.00709984584189378 -0.266700172117805 0.309561034817706
-0.00230443227865273 0.00345724892927714 0.0914027414443305 0.278586306194545
-0.000452878590935507 -0.000988646533021161 0.179584697779382 0.0690714579297614
0.000337508588350606 -0.000612954082057446 0.0891989323444237 -0.0932598025659826
-0.00845896237360695 0.00031635278628851 -0.0834128878087535 0.0650819319601636
-0.00717724449366201 0.00180304128792909 -0.132751473493341 -0.0484383795785334
-0.0108050330511203 -0.00973953151087258 -0.0975592168883009 -0.230866544581211
-0.000894689219010667 -0.0135554735615301 0.190923963100386 -0.295120683262162
0.00232638529201343 -0.00170400951828392 0.434019567954841 0.0604508931503578
0.00242914606255773 0.0108313277273031 0.18568979153257 0.419754266085861
-0.00911126572548257 0.00763556889395844 -0.147978808513578 0.293604506009107
-0.00667279880186884 -0.00151469654004692 0.00300461670147417 0.0467396026352054
-0.00571459028115601 0.000651018884827566 0.195972577679503 -0.203714764023641
-0.00853503366218326 0.0164330091784708 -0.0992483762697464 -0.481600843358309
0.000648816049212285 0.00938255981739342 -0.491578097323387 -0.162746945055536
0.00111197510182326 0.0059299736965478 -0.26256386375319 0.31436041152498
-0.00226935882055316 0.00124397099207526 0.094809403260234 0.277623827600171
0.000620426004391678 -0.00274894275269204 0.181174983537463 0.0668902765736875
0.00194118394229876 -4.99095570121277E-05 0.0899072494345997 -0.0949694693811091
-0.00647424782129083 0.000366150119582286 -0.0814715705090969 0.063487319885988
-0.00597594387953759 0.00128073763068397 -0.130179104975345 -0.0502842564414953
-0.00948327066288819 -0.010087436222544 -0.0931187460400588 -0.231750835967166
-0.00121417695495074 -0.0141210285510511 0.195936422391984 -0.289675225872951
0.00105416101866132 -0.00126893224419895 0.432456777359172 0.0722484627311447
0.00109140373117324 0.00973547740351134 0.177611548374022 0.427038192974675
-0.00823011369936229 0.00596131343273591 -0.151453221140067 0.29287453026422
-0.00568135052845274 -0.00264262942424542 0.00302479393555668 0.0474752406622975
-0.00545135038070165 -0.000552849512461342 0.193381844330737 -0.202968799399491
-0.00876657979908841 0.0150624894580613 -0.107625389267576 -0.475560610372121
-0.00108873437595218 0.00892320817938281 -0.495172029141021 -0.148486875221208
0.000364420339181633 0.0051038256812107 -0.255834501493836 0.321282711473138
-0.00179297177408391 0.000411026638564554 0.0989432836224389 0.276831235789345
0.00201559206336536 -0.00294958855618068 0.183072856492514 0.063787435579503
0.00393994043169109 0.000694837158248035 0.0910549830473652 -0.0963394089959942
-0.0049294908220447 0.00161285064087367 -0.0805708595437402 0.0626334180407263
-0.00435108599746502 0.000987815219652362 -0.128634742120742 -0.0521383702896742
-0.0088592412839481 -0.00992615963478611 -0.0887324516773435 -0.234416412997865
-0.00129326781181508 -0.0132412121167948 0.201607549840842 -0.28546639504992
-9.81807498206854E-05 -0.00298701908892885 0.431177244433578 0.0845342566378328
0.00063645270323145 0.00696837115326917 0.167444071905806 0.433450381706347
-0.00771216038757659 0.00377918355596306 -0.15592811474828 0.292163762276554
-0.00498066225416289 -0.00366770012500305 0.00322251791266884 0.0468437461194995
-0.00501125167537197 -0.00252914076921527 0.18935831832859 -0.204595715597558
-0.00973285205316467 0.0126970639596339 -0.118692108585666 -0.470949100975141
-0.00251298573530128 0.00813030075667087 -0.497320453912631 -0.136158775284314
-2.14521242585357E-05 0.00628350683524361 -0.248398067820683 0.327481864375321
-0.000999169584128746 0.00158324844667839 0.105161185311621 0.274298120768763
0.0032556707261503 -0.00227341046129872 0.185319646246952 0.0612614650510133
0.00625770246349388 0.00170465494319537 0.0917223088180752 -0.0978448461560687
-0.00255143338844131 0.000937194347760546 -0.0788363842420847 0.0618208045982054
-0.00255868201031741 0.00206851484862209 -0.126597257844071 -0.0541284334543051
-0.00789645667010483 -0.0080174889331753 -0.0846770529079726 -0.236250582529635
-0.00175685695405551 -0.0116719009684283 0.207217904946668 -0.281355500214134
-0.00146972992192607 -0.00411697939647053 0.43019571448188 0.0949183531851433
-0.000225580722073034 0.00449873563952306 0.159976751624509 0.439367444428513
-0.0069827952968535 0.00123649446183041 -0.160321473522736 0.291369273155271
-0.00389406800781977 -0.00540360352039183 0.00371529176763884 0.0467579148987251
-0.00441163134100197 -0.0043023738768377 0.186674118621728 -0.206023759303226
-0.0106435188602897 0.00985611461549496 -0.126962481466223 -0.467330921250652
-0.00425454568451635 0.00696775274263187 -0.500091144933354 -0.125039399234983
-0.000693075408707503 0.0078881438247985 -0.242061604147942 0.33214169493612
0.000305798011642522 0.00371054762397586 0.109143152135383 0.271075014784579
0.00496836987552063 -0.00140917047070722 0.18673630569331 0.0577904038531519
0.00843836521496768 0.00224122662283673 0.0937533213399864 -0.0998226294677776
-0.00975383790210525 -0.000834587708719187 -0.0829993058601067 0.0695726589563368
-0.00594057950026768 0.00743869022226596 -0.136911009913658 -0.0466178336012344
-0.00865230715011405 0.00298201413832048 -0.105050441410437 -0.234382637788241
0.00146459998836043 -0.00641122832079853 0.184446119406719 -0.306227096639412
0.00251334475322226 -0.00469923846739503 0.437330012648283 0.043981067149669
0.00416614661579711 0.00477349369969033 0.192887837186716 0.409097540711081
-0.00788486512537154 0.00614409512290541 -0.140405525194552 0.289487967049413
-0.00809138683391658 -0.00115971069613695 0.00780089247031781 0.0413555496594375
-0.00482838218476787 -0.000486876803667134 0.197756901964689 -0.212685535509799
-0.00601166732249254 0.0101541829942125 -0.102490891819438 -0.490610246379959
0.000115015535213885 0.00520060649568888 -0.495966208958878 -0.164246602421279
0.00304128416387323 0.0137733201640963 -0.259805578624982 0.312751051543334
-0.000703310417885232 0.0148611109353471 0.0971772842415664 0.274308684874887
0.000741846794336689 0.0044189546768996 0.180698642026477 0.0643112998998069
0.000377179411558466 -0.00137163316220139 0.0904419948213525 -0.0958478779029636
-0.0102664206039552 -0.000930522854643161 -0.084117732564848 0.0698889365084723
-0.00719787513936137 0.00557861128323395 -0.137818678838065 -0.0454223447679395
-0.00957605109993046 -0.000732144545106337 -0.106580753726552 -0.231505547419098
0.0011682213511617 -0.00847405829493072 0.182039698015286 -0.306827421283448
0.00350279000496481 -0.00342974749169108 0.437370812451528 0.0385895355814025
0.00431004322375534 0.00761293391083873 0.198041502748421 0.406468403408094
-0.00837521794348625 0.00726625276378266 -0.138385129371318 0.291007269091445
-0.00853396968215227 -0.000651182974135817 0.00717621261414048 0.0425644751921111
-0.00506535083661751 0.00134134653737971 0.198346390989684 -0.209754679772485
-0.00558328374276484 0.0130263171500746 -0.0981159309513623 -0.491110742705904
0.00105079829656264 0.00715461505689923 -0.494349661912495 -0.169281377227996
0.00344744854560122 0.0112716482491539 -0.262570172143183 0.310541661087317
-0.00123953490664295 0.0112782617725467 0.0944665417437209 0.276175684914629
-0.000510829923012314 0.0027511990807482 0.180072796997017 0.0657713540267867
-0.000594878074617734 -0.00152748218986368 0.0889458377223619 -0.0947298067602998
-0.0105274205340097 -0.00100957274348733 -0.0846087217270131 0.0693638160253716
-0.00788053944240289 0.00395939668938439 -0.13678964586326 -0.0446574082950482
-0.0107329720055146 -0.00412451949113674 -0.106876318669977 -0.230165807919843
0.000493122933525977 -0.0107307483468685 0.180349127735644 -0.305245056114116
0.00344055519328828 -0.00237653509688212 0.437898509413214 0.0400230872058074
0.00436911839197022 0.00948515872842434 0.199529466110886 0.408865118684079
-0.00849342696765858 0.00826319567482189 -0.13838413102291 0.29317139243685
-0.00842200319978861 -0.000643359040018851 0.00534921960953456 0.044278381557676
-0.00560538643602714 0.00165263894269585 0.198349945237906 -0.207189343805676
-0.00624733572063166 0.0157740564067121 -0.0971449317471942 -0.487110304043331
0.00190559149234056 0.00867772493452258 -0.49468314118881 -0.168061293878064
0.00262541534348357 0.00897893419009219 -0.264250218510533 0.310935121353169
-0.00221205055153423 0.00712462929601863 0.0938403039543282 0.277239255886481
-0.000661772721294044 0.000570023845530777 0.179977865780397 0.0665464728888743
-0.000662597250610076 -0.00106326235051368 0.0883819028355674 -0.0947609648970321
-0.00967562634428814 -0.000475040193466812 -0.0843117405380781 0.0679586595911789
-0.008298516034535 0.00239492055894271 -0.136248850169255 -0.0452432818493896
-0.0109755212515434 -0.0071019366074997 -0.105164736547358 -0.229302307183733
-0.000665572373091793 -0.0121533748753027 0.183223878753151 -0.303193596464248
0.00294439572703745 -0.00127632435185042 0.437518541461022 0.0448990887364638
0.00330564931757445 0.0107950923043484 0.196440795817403 0.411692155366191
-0.00907371475611126 0.00818500743189257 -0.140747394146 0.294947457340813
-0.00737712500857358 -0.000758598905977874 0.00485863528857065 0.0454635702268999
-0.00561462921796554 0.00187719892301431 0.196144450650208 -0.205332485567631
-0.00657074643439123 0.0165271772459965 -0.0996691779849034 -0.485377316613415
0.00143835696537791 0.00918711647343266 -0.496109530662156 -0.1643630232529
0.00225911281862056 0.00741228092505241 -0.262530881804099 0.314188189916013
-0.00246376361549527 0.00349281719172786 0.0947815628619967 0.278039171808403
-0.000270492693823804 -0.0013940562983421 0.181524680978268 0.0662173251135981
0.000273309400087888 -0.000737320731035076 0.0890256973050907 -0.0951074319848872
-0.00838775169607111 8.31802293457503E-06 -0.0831820309358929 0.0667600171678186
-0.00706001310721221 0.00183424368602928 -0.134523844876459 -0.0472789273761006
-0.0104783039766263 -0.00929195054617596 -0.101503700505581 -0.230141988378319
-0.00105135974451107 -0.0136703174912343 0.186915042245863 -0.299352095948482
0.00174458034852369 -0.00145030969975743 0.437106999942661 0.0550776397128354
0.00287319637541795 0.0108058552896261 0.191630419559308 0.418379025955208
-0.00813861524573234 0.00746479293227044 -0.143415137094855 0.295618311328976
-0.00641654868422053 -0.0013487458137505 0.00407963798883267 0.0464553376154421
-0.00565755369679909 0.00073959098157632 0.193886041743435 -0.205904835211827
-0.00742223202344319 0.0164068839352042 -0.104469581373779 -0.480251520796058
0.000661409132009311 0.0091926728234968 -0.49733033505459 -0.155355016081055
0.00164542411534273 0.00625587736596708 -0.257314048625297 0.319257642168249
-0.00191048761268062 0.00120374872091984 0.0989595354423422 0.277204273472533
0.000556574275044041 -0.00242959560085952 0.183099457698752 0.0645228896959265
0.00202274602793289 -0.000555640688060723 0.0887848923673551 -0.0965799296287423
-0.00712874706784447 0.00091809009046184 -0.0816494584388782 0.0648410428051648
-0.00595331015830091 0.00136215166751287 -0.131768034533622 -0.0485935015135958
-0.00970904882675551 -0.0102859022213653 -0.0971699968070017 -0.231238796559034
-0.00190398980584576 -0.0141172052824058 0.192344505944528 -0.293701929387013
0.000710904835501256 -0.00211161884642126 0.435164015193479 0.0663480469448627
0.00173988346243581 0.00943573874738161 0.183951819403452 0.425919490013881
-0.00866041413064365 0.00578860186410108 -0.148157787984988 0.294943477125889
-0.00549124993656309 -0.00272752266204606 0.00346544968080739 0.0468625591154711
-0.0050178352916056 -0.000805139813919433 0.191304189069246 -0.206003026349837
-0.00846962464185839 0.0151199710419915 -0.114344215726831 -0.474972654780428
-0.000660433658277481 0.00890787934615585 -0.49951270434059 -0.141983497339819
0.000452102140469731 0.00559215436488043 -0.251993615574189 0.325065708494248
-0.00115992261177548 0.00022506427892474 0.103636916674577 0.275428850661329
0.00206186152886081 -0.00286706098663829 0.184649812528802 0.0620016730020187
0.00428187322035397 0.000527764911674138 0.0893758933048142 -0.0977217488594546
-0.00477887297021751 0.0011901716293452 -0.0803437295134106 0.0637489522550114
-0.00447033893331192 0.00128145017979832 -0.129654005698895 -0.0504399763152566
-0.00864169463324912 -0.00956450959196159 -0.0925695839091968 -0.233255413428048
-0.00153718859650155 -0.0130024616772995 0.198252275944957 -0.29011715015827
-0.000289962665522356 -0.0026630081385853 0.434661709648216 0.0789683251838681
0.000686840077329417 0.00727244267593133 0.173911921425564 0.431931989994056
-0.00771173193325909 0.00368325142710682 -0.152444918121426 0.294732251180445
-0.00460333336238988 -0.00382005660234064 0.00458241606554379 0.0470394960277229
-0.00481574581243502 -0.00238537260842799 0.187253835738887 -0.207395434363915
-0.00946764146438837 0.0132810622855724 -0.124927921235221 -0.469232814556666
-0.00229166426650051 0.00829070712133987 -0.501632933845376 -0.129767913394347
-0.000255396567495307 0.00637655759489971 -0.244851242308514 0.331319824675935
-0.000683439501819154 0.00154426106594006 0.109021524273759 0.273873049356272
0.00330746719148876 -0.00265912696252493 0.186464473655878 0.0580377040728955
0.0063015222929825 0.00168350566773464 0.0914937260523354 -0.0998235110579874
-0.0026383424503698 0.00128681725326727 -0.0795002993092461 0.0630140613478857
-0.00261224305300328 0.00219441953765051 -0.128304773501973 -0.0517824635085571
-0.00796726043249981 -0.00737506519272326 -0.0880315850685491 -0.235903892173909
-0.00202192521536817 -0.0118051481952507 0.203570460209717 -0.285401848966628
-0.0010723765931384 -0.00414631272388113 0.433396298414431 0.0894682805506339
0.000171807854629369 0.00475660394832667 0.165829258934224 0.437398299986598
-0.00712052075451283 0.00137553596437232 -0.156333586653832 0.294603695099896
-0.00370356015243404 -0.00488293557622101 0.00467710387787259 0.0470401918398983
-0.00455037511226412 -0.00441797269091866 0.184335676593725 -0.209754918286624
-0.0102628816382916 0.0100275302820617 -0.132693084578128 -0.466753412385036
-0.00435555798604915 0.00677282939375627 -0.504294422109484 -0.116836689335999
-0.000410665137053933 0.00775526746516359 -0.238204808980183 0.336619597022067
-0.000271920577388118 0.00350673165122267 0.114041886036549 0.271048057703778
0.00481513703564512 -0.00132297308370592 0.188496326051834 0.0552196630459594
0.00810976972674564 0.0023001851387777 0.0928475287338071 -0.101260692623294
-0.00978992968673988 -0.000846726265302346 -0.083069804321495 0.0713622893841337
-0.00602250306471766 0.00741539228312107 -0.138314300346652 -0.0448506114573415
-0.00822400559729999 0.0032384577199918 -0.108652658253041 -0.232969751638185
0.0012295290714915 -0.00613175730550263 0.179692212502682 -0.309825409847154
0.00246142421421542 -0.00465055328830092 0.438659848534547 0.0367927922398817
0.0047132315804881 0.00506907834038045 0.198167844692534 0.405324299199975
-0.00785687436880649 0.00586570719255068 -0.135792544366605 0.290841312724514
-0.00809365156056915 -0.00132758746575594 0.00802063287742949 0.041481012955665
-0.00444091154731178 -0.0001411875614472 0.1944533954668 -0.215539692628265
-0.00552552125454101 0.0108748270585871 -0.110234982542187 -0.488431599824175
0.000358239237751692 0.00524086954913008 -0.499466820000295 -0.158537129006107
0.00364480099768933 0.0136557623236738 -0.25508607972073 0.316153268939604
-0.000314166003152879 0.0151047681055928 0.101523417885835 0.273093017949434
0.000645674199622665 0.00422759464253065 0.182051098346667 0.0615412515075285
0.000391482581041961 -0.00125251488788962 0.0896431390495755 -0.0968951984832849
-0.0105198620730184 -0.000566867541674985 -0.0837544168474711 0.0712106280934617
-0.00736471313108816 0.00599995131880856 -0.138439830473763 -0.0431795193413755
-0.00945704026778944 -0.0003255957163575 -0.110938321492308 -0.230255636731159
0.00117430558814237 -0.00864308252275649 0.176254140715669 -0.311060830383298
0.00333125920770802 -0.00323147611605658 0.438248525203222 0.0328728148103972
0.00486596526953202 0.00810825829583033 0.203665558922376 0.403350626859826
-0.00812136572928787 0.00742656456946786 -0.133929160907791 0.292885811671701
-0.00856678174716793 -0.000344341479256257 0.0071667406549709 0.0424580405690306
-0.00513604682558922 0.00126908106185814 0.196160393597074 -0.212012872809847
-0.00594399236038631 0.013312251432689 -0.105750005308239 -0.487635922857088
0.00144745966986755 0.00727686751107194 -0.496875837576226 -0.162393198948748
0.00373995059134365 0.0115336179339872 -0.258547381795175 0.314243420114817
-0.00114725012194992 0.0113010898332803 0.0986518972635798 0.275329364519551
-0.000635233023577484 0.00252036577510513 0.181480557664958 0.0627221654853378
-0.000672349156829933 -0.00182592241698146 0.0878740685627428 -0.0962122926504091
-0.0106942280908786 -0.000207340083005403 -0.0838957517492943 0.0703616888243069
-0.00785542079079051 0.00406380063744719 -0.138009232073801 -0.0432409509220574
-0.0101644267937368 -0.00372212355336693 -0.111032608400156 -0.228747327705098
0.000126823695832131 -0.0108329131363541 0.175588816628521 -0.308558022815575
0.00352751740721911 -0.00237906177859293 0.43906086804131 0.0335696399323386
0.00474999610314574 0.00990270406119378 0.205493214002608 0.405168648078937
-0.00828950320705988 0.00866104502062035 -0.134307347245335 0.294192686138372
-0.00806976555990806 -0.000449847382533452 0.00619737377999609 0.0441868794973041
-0.00594853431975117 0.0022561667624803 0.195181855800347 -0.20966702348918
-0.00538291649980631 0.0156805774541291 -0.103862353427339 -0.486973650169326
0.00155579763895138 0.00862832615059789 -0.497835631807788 -0.161590599912977
0.00307878446289642 0.00874038038419944 -0.259073446578945 0.315313311574921
-0.00171873373637136 0.00682964793883811 0.0979145809986018 0.275867187120054
-0.000887309647999547 0.000346776281170032 0.181609059495222 0.0638077243521938
-0.000886237566530871 -0.00157069924960723 0.0870156717507295 -0.0964214128575679
-0.00981411011673431 0.000475877695270375 -0.0837326223575248 0.0690855176918107
-0.00788083798697575 0.00269963802503514 -0.13774306409802 -0.0435034033393295
-0.0106513953277053 -0.00718551483425501 -0.109050006481998 -0.227670228202125
-0.000670168231774278 -0.0124614501115029 0.177636005581659 -0.305991058570591
0.00262161219781888 -0.00143424920795962 0.438381328281474 0.0392718124930606
0.00363301295730739 0.0111470779177131 0.203028973190856 0.408851457345835
-0.00871508074479385 0.00847524681773341 -0.135870818672098 0.296107514882587
-0.00742282852679407 -0.00109923261333453 0.00525943154811267 0.0454122013843133
-0.00574985682825136 0.00147654433636646 0.194103761474383 -0.207525571469934
-0.00612492685539465 0.0167098138298646 -0.106359604888771 -0.483909562396472
0.00211764791780714 0.00922932397766446 -0.499549838170029 -0.156373726282038
0.00221383599626185 0.00743368060426709 -0.258288815000153 0.317946001627834
-0.00157103524644436 0.00399743059011984 0.0994459923005841 0.276691319303933
-0.00018775032214105 -0.00131696081602905 0.182252897501015 0.0631679815630609
4.1366080094302E-06 -0.000924138557953045 0.087342677754845 -0.0965816766873431
-0.00893931441709456 0.000473683432794944 -0.0833673462643519 0.0681069062888703
-0.00715988086067137 0.00201828957176906 -0.135726986086766 -0.0449906224027863
-0.0103045896367173 -0.00862003547417492 -0.105663723019662 -0.228347530426063
-0.00150039214915731 -0.0137882932175219 0.18210572519211 -0.302500449191057
0.00172757592240132 -0.00151011347436759 0.438223580716924 0.0477080736842262
0.00273841115229808 0.0106845546522269 0.196793555781603 0.416194196531229
-0.00879701666685988 0.00754273434342838 -0.138452691731121 0.297425103492915
-0.00678260492772978 -0.00129401809151921 0.00518160574989394 0.0461360549712542
-0.00564720653592218 0.00118166761770453 0.191331885368865 -0.207858842076064
-0.00716958864585714 0.0165134919915391 -0.111751132381662 -0.47994094686493
0.000735823614854687 0.00949965879084735 -0.499169808597706 -0.14886022268511
0.00133626668232512 0.00578887835601989 -0.253052670072192 0.3225101960079
-0.00178279920439995 0.0011867694392616 0.10323461041338 0.275672885714774
0.000527327317062598 -0.00259828114446018 0.183675129518741 0.0611990953876583
0.00216175036153702 -0.000687357756208705 0.088279397287876 -0.0980194262007722
-0.00681126030119555 0.00133320446749446 -0.0815930726840723 0.0655742009941341
-0.00613521241053434 0.00168405431878337 -0.133598402871951 -0.0467283900790239
-0.0101669327506192 -0.00992183877484952 -0.100988034765822 -0.229955076718142
-0.00206395119094369 -0.0140201449168216 0.187506492943104 -0.297248202350542
0.000515440967588833 -0.0015207225753392 0.437276156531962 0.0594156234604949
0.0015823390499052 0.00970151457506151 0.189993897011069 0.422709952704289
-0.00808697355524219 0.00547889693412343 -0.14367685520853 0.297231996841783
-0.00567596530970176 -0.00313888961274185 0.00450014966801088 0.0468349758643951
-0.00494269220253272 -0.000326756053564717 0.188909677557753 -0.207722833940882
-0.00750210956194465 0.015132079523578 -0.12113136824949 -0.473149933718545
-0.000325218463513832 0.00932620559433541 -0.5024017082019 -0.135348702619911
0.000678141272602024 0.00575326636685587 -0.247217939128866 0.330066472857511
-0.00135326397369461 0.000284356815422961 0.107922343366308 0.273955724214437
0.00204252148178109 -0.00279696331757293 0.185900705451775 0.0592083084948989
0.00410848281118636 0.000284298086613501 0.0889181373033368 -0.0994583547891318
-0.00439040381554719 0.00146096957264358 -0.0803640902688497 0.0650942422443454
-0.00458575937195336 0.00108182419392216 -0.130862202777533 -0.0489223855335624
-0.00877153667538724 -0.00946038024407996 -0.0961751656288777 -0.231936207261195
-0.00212679990380247 -0.0130794215108145 0.193392279800601 -0.29276686739887
-0.000166083994721212 -0.0028620941919454 0.435636005609851 0.0725484616041824
0.00110059603362276 0.00699485316026162 0.180728933902156 0.429905760246537
-0.00766592038642794 0.00355334162069577 -0.148442530475742 0.29641975107141
-0.00438336456413583 -0.00372486671586876 0.00456099122433345 0.0470023256779145
-0.00501241013387608 -0.00256843365481049 0.184770518631452 -0.209636004593915
-0.00924193228030799 0.0134929420256594 -0.131098241816031 -0.466571268108283
-0.002555126811639 0.00881849582106538 -0.502819972421104 -0.121245825142287
-0.00016929947644267 0.00682143388977159 -0.239436853623005 0.334541288671584
-0.00039111021297681 0.00113176816187984 0.113472379117579 0.272143251560415
0.00379048243387453 -0.00311845815664295 0.187636269643381 0.0557178863930179
0.00614952842072166 0.00120958520733948 0.0903354625406618 -0.10111952222236
-0.00269416778724229 0.00184722045166753 -0.0785795306350111 0.0642494808363289
-0.00297021785773629 0.00222733194068068 -0.129150534345201 -0.0506219921514537
-0.00778530901894205 -0.00690015185440273 -0.0914108377951984 -0.235189197616699
-0.00227484969677114 -0.0115546041121486 0.199678120744356 -0.289350588282392
-0.00117843359834389 -0.00402213481429696 0.435132476708303 0.0827255626758301
0.000425928853168499 0.00436709974650138 0.172513282131878 0.435015361961828
-0.00720060019865421 0.00160760923722861 -0.152136465927997 0.296259522127019
-0.00406457621414402 -0.00467066372434275 0.00552290945915967 0.0461630456858982
-0.00466980244802297 -0.00439160146370651 0.182629328692929 -0.212155448049728
-0.00969495075774126 0.0108170618191301 -0.139435868194198 -0.46389053278428
-0.00441055904690234 0.00726600447715451 -0.505597292848813 -0.109123806388395
-0.000481944873376269 0.00818963466809956 -0.233510369587673 0.340387874412395
0.000500155066899797 0.00384526094019934 0.118927282116633 0.268845273815014
0.00525634434476469 -0.00138689985054092 0.189967618728709 0.0524863440994493
0.00832602170491218 0.00164826089314096 0.0920282457410233 -0.103081175434654
-0.00985617719906513 0.000213162523609177 -0.0820839817136631 0.0717770630675685
-0.00618663956362909 0.00752796195984198 -0.138609738795479 -0.0428370328381253
-0.00769887523989811 0.00340919470242565 -0.112992637305695 -0.230627101018196
0.00133492390898643 -0.00611017791077555 0.174969558447184 -0.312875850825089
0.00228598879392545 -0.00425011619946921 0.438830274572385 0.0305414215849591
0.00492184071247028 0.00505759672984164 0.204572063321723 0.401583072924264
-0.00773404409373854 0.00607404095019924 -0.130771000418635 0.29208496578226
-0.00787599887208037 -0.00123556937687023 0.0092155128310936 0.0405538561534447
-0.00439377143390515 -0.00068848182091928 0.191226263797529 -0.216541494516748
-0.00521319987022409 0.010417679602819 -0.116491552298961 -0.484075387252887
0.000239899975397592 0.00507107092920773 -0.501819343099521 -0.149068761246472
0.00377023297838039 0.0136688188150077 -0.249543825171713 0.319395562166328
0.000237003891341959 0.0154110007531033 0.105699396587865 0.271083819442039
0.000845940472598196 0.0040155080819751 0.182795192298223 0.0581030881981172
3.4597488191841E-05 -0.00192740598164939 0.0877096553253574 -0.0984497580292923
-0.0103007106976456 -0.000277558059141995 -0.0834287425528347 0.0718473247183303
-0.00725453665829511 0.00600893107978142 -0.139064898213961 -0.041716968921288
-0.00910197077547605 -0.000355312825645117 -0.114597049479815 -0.228181310378025
0.000887354017834781 -0.00847595149847294 0.170722441393918 -0.312102398167617
0.00334095708102382 -0.003287107337279 0.438962889988787 0.0258809109438637
0.00505211476114676 0.00757164384621844 0.208485329312618 0.398479810579907
-0.00822863949505247 0.00753922407616263 -0.129454674364059 0.293656805860019
-0.00823466908309686 -0.000745964942007999 0.00821925368713469 0.0423955443542404
-0.00541109814332689 0.00138077923917176 0.192531974854253 -0.214190109912438
-0.00515012366471504 0.0132361645830621 -0.111871985812907 -0.485496834082015
0.00111571118114129 0.00733274439588227 -0.499039363657526 -0.152483642350697
0.00388855614321725 0.0113490555836973 -0.253291839851099 0.317799612197629
-0.000664210400174008 0.010773176386551 0.10288084958056 0.273104437113743
1.78410228785777E-05 0.00235193464672117 0.182255695774255 0.0601147563894068
-0.00131519970622584 -0.00178000378629865 0.0867914786986689 -0.0976910827527599
-0.0105184579561368 -0.000117013397880106 -0.083096703593364 0.0718614511902182
-0.00802248607673613 0.00447335733699472 -0.139093528883716 -0.0409634201080894
-0.0102937794252476 -0.00342451227461939 -0.114699775428503 -0.226653479327532
-0.000224267646570596 -0.0103938679425433 0.170972851132601 -0.310838613791802
0.00321626333780461 -0.00217295539296221 0.438522558562863 0.0264320478929534
0.00482687346306943 0.00980802078460676 0.210798949518022 0.401183688513574
-0.00836103239469647 0.00863010833237409 -0.12917039159578 0.294965667167528
-0.00827203767112532 -0.000453775023635549 0.00672195560683221 0.0430622575902045
-0.00524040536608023 0.00192132095501173 0.191613643053796 -0.211997660720829
-0.00507514552730981 0.0156025732471177 -0.110814586792616 -0.484072989451838
0.00233028268017756 0.008562436261779 -0.498952409855139 -0.154108275913225
0.00302475283026346 0.00927581233957842 -0.254438927839749 0.318115017414783
-0.00162313375731105 0.00694244688881194 0.102317555145215 0.273660350466077
-0.000843191207132213 0.000448741787147573 0.181903010682457 0.0605771798391282
-0.000667902063113774 -0.00167917356464483 0.0863334351027536 -0.0970509477636407
-0.0102864025349544 0.000437738900102 -0.0836463243434933 0.0706566357396851
-0.00797050556361554 0.00280350279674343 -0.138531498590121 -0.0411136448776726
-0.0106055481143163 -0.00635764939815341 -0.112521251788666 -0.225705508785819
-0.0010722726562292 -0.0126667028182201 0.172666326564546 -0.308195416727718
0.00281680300968961 -0.00150420511501641 0.439067201590949 0.0315365381700899
0.00433606841150746 0.0105560142068054 0.207953062761014 0.404988080429888
-0.00870542056035686 0.00812732530220871 -0.130598849673449 0.297027937037185
-0.00767217756479914 -0.000700710692146509 0.00626080783506044 0.0447151905680327
-0.00583137954797925 0.00194393586024793 0.191657429022315 -0.209984975010686
-0.0057805592956183 0.0168748927074333 -0.112698389927123 -0.480907683974584
0.00219840503135833 0.0097875546540821 -0.499685430635881 -0.150390591687432
0.00285896070514701 0.00704193018699458 -0.25266868823225 0.321966298335729
-0.00165545224529568 0.00364766351572297 0.103807229283584 0.274572548769685
-0.000317593905183522 -0.00144264885054687 0.182839477536684 0.0603460580330066
0.000351684754314492 -0.00130200305993602 0.0865510036458329 -0.0977901182055361
-0.009005928812575 0.0012269254333448 -0.0819908178936144 0.0688935187267949
-0.00744703711891701 0.00203343459922314 -0.136740690585582 -0.0433133144642051
-0.0103974080872178 -0.00841256615991765 -0.109003291189595 -0.227003370934824
-0.00168685932114474 -0.0135160591451687 0.176890866006078 -0.305348778824047
0.00150905440582314 -0.00134561900045391 0.438518898589164 0.0408073358229297
0.0032709311272337 0.0108178608547119 0.202879128045999 0.411249479407253
-0.00866301258534475 0.00704274522128024 -0.133937806885331 0.298164924658173
-0.00685761952304348 -0.00131688725534747 0.00521943411543608 0.0458220175341773
-0.00540224627064622 0.000684191196722273 0.188382625363322 -0.210323254345095
-0.00646456790863473 0.0167734032870374 -0.11773017277112 -0.475793808851926
0.00138765015496653 0.00980003191946777 -0.501315501537835 -0.139713268052887
0.00244881718544563 0.00584854322591943 -0.248361957545874 0.326195322173012
-0.00171689055038964 0.00170997776370175 0.107122180785047 0.273812053071958
0.000687861281905253 -0.00273220299385236 0.184875051405588 0.0583631197500068
0.00195528729297509 -0.000637344946727316 0.0867305841716957 -0.0988949182942906
-0.00707256505676634 0.0011853905361395 -0.0808265123737284 0.0671847308381013
-0.00630644411219014 0.00128316478211842 -0.133912076008677 -0.0445105393305706
-0.00991816988521363 -0.00941175771204132 -0.104477739987161 -0.228247713140405
-0.00193666950059578 -0.0137326948764765 0.18301495413305 -0.300238141130749
0.000466331395832719 -0.00171925650942453 0.43740880600016 0.0529920251425278
0.0021641907542851 0.00943972711591745 0.194575076529893 0.418093703376255
-0.00823109814436458 0.00583962940636693 -0.138836527394516 0.298289359212455
-0.00543933848540543 -0.00283352356259627 0.00509661702703126 0.0462252040017614
-0.00532424090754553 -0.00048914583682442 0.185376494728754 -0.209923824421852
-0.00716159494577804 0.0154768941620527 -0.127249328436845 -0.469364697335298
-0.000361543076185109 0.00919613363689028 -0.501677711107188 -0.126697005209496
0.000947883472616977 0.00586665563779405 -0.241413743057303 0.332300869251701
-0.00115920651264483 0.000718861449787353 0.112428643979785 0.271690996283868
0.00171438001245559 -0.0031401742695071 0.185902320052499 0.0554678042460988
0.00394567697176622 -8.80395252942407E-05 0.0879213772081372 -0.100341283379239
-0.00491969160519989 0.00179011918561484 -0.0799354306084708 0.0657936468048522
-0.0044929609717653 0.00180054986328361 -0.131861527948645 -0.0472173986414505
-0.00875525050733989 -0.00855736081832385 -0.100003252782676 -0.229970655181457
-0.00225763917756401 -0.0130102543851605 0.188126166509733 -0.295235111639541
-0.000669124112167528 -0.00255410338926012 0.435620387537837 0.0655493856858713
0.00132251309140745 0.00709119889955673 0.186007416333373 0.426339203474451
-0.00798332516321516 0.00382441373154079 -0.143492655146062 0.297368579617665
-0.00479781910184873 -0.00450326926221416 0.00589365991823309 0.0467560214424675
-0.0045051811789751 -0.00280919554219041 0.18166648734167 -0.211637202631191
-0.00845033797967538 0.0133262997236084 -0.136644960027489 -0.463839123598049
-0.00203379571349382 0.00819306331926424 -0.50412598702464 -0.112992702190287
1.03964055986287E-05 0.00642276081306127 -0.234441996091139 0.338650565345745
-0.000242827862700484 0.00120234806223489 0.117551033572104 0.269913050752578
0.00334952910387599 -0.00300251859971798 0.188185966333016 0.0523873255110188
0.00654462346251833 0.000190953435558468 0.0889372369423972 -0.102423993925043
-0.00267674612821355 0.00201229670147764 -0.0778828257444335 0.0645754726732896
-0.00311199197473335 0.0021760575579556 -0.130334600917232 -0.0482128000041174
-0.00779471797981812 -0.00699524573087967 -0.0957223662133595 -0.232659084357677
-0.00253783208825234 -0.0114188570857797 0.194139975683645 -0.291648502060289
-0.00163162787596706 -0.00434657072819837 0.435333858444506 0.0765360330156848
0.00013781570705919 0.00457048534912583 0.178281735959129 0.431224271988612
-0.00721287104491915 0.00121771936406071 -0.147536779011806 0.296578113389855
-0.00331881326159553 -0.00517564608384073 0.00577802906098897 0.0459598773796745
-0.00458278185933561 -0.00419118308940181 0.17834287944579 -0.213908533364788
-0.00964901563177523 0.0105959353958205 -0.145797776995711 -0.460226940574477
-0.00422010377658836 0.00675737625340401 -0.506525791213083 -0.101722820986067
-0.000654151849457794 0.00823111733632984 -0.227002133224682 0.342781114869777
0.000993082027586232 0.00358557620055026 0.122227171394678 0.266564307721673
0.00523512068389527 -0.00171241563394596 0.190166689245855 0.0491878304947816
0.00831335769901674 0.00120500400912131 0.0904814752481776 -0.104286593486396
-0.00971474867097952 0.000458914011821664 -0.0815274307879071 0.0726737442818086
-0.00584008411228811 0.00784661162179236 -0.139322188520486 -0.0400490065545579
-0.00787604652756225 0.00415956431654482 -0.115449980011988 -0.227604006476119
0.000881555545150323 -0.00603075888594544 0.168234064636082 -0.31352439776942
0.00240168121078702 -0.00474548390887029 0.436979565454704 0.0235354935837776
0.00502263141527487 0.00455094798530755 0.209430608546696 0.397385174227893
-0.00779261941486109 0.00585597361571762 -0.126334281780625 0.29217517368625
-0.00745739290803882 -0.00114200219338346 0.00934381569541505 0.04057543689052
-0.00465168441540078 -0.000214700428974176 0.18733096235065 -0.218528674806845
-0.00453910548059612 0.0104439198322961 -0.123018288309204 -0.480894603403786
0.000597755449389888 0.00541079230794704 -0.501500607624469 -0.140009553781061
0.00403540454982869 0.0136035612307386 -0.243686804326838 0.321301891767286
0.000709025948412908 0.0151530864400743 0.108808975425228 0.268689539350272
0.000911387501176877 0.00436314655333704 0.183165007989882 0.0546900387014494
6.95090862631855E-05 -0.00161043594547492 0.0866981390149605 -0.0989938964903288
-0.0107113089660056 -0.000373603212922398 -0.082511471166986 0.0730453952322226
-0.00709919747281921 0.00571584256382998 -0.14010784043685 -0.0389207839642011
-0.00910728878218132 0.000940127516668014 -0.117843677139015 -0.225499870085142
0.000233758296358962 -0.0082307802359355 0.165706324292329 -0.313523689432468
0.00305379666831433 -0.00307032957277288 0.43707513117396 0.019197122201445
0.00528195696045663 0.00754089314619352 0.214776691272176 0.393664707343092
-0.00807239338485903 0.00728392052373118 -0.124290804511729 0.293540271029286
-0.00807212492934022 -0.000779159587487689 0.00834484828718148 0.0414321933718078
-0.00489726847792447 0.00135587600154218 0.188704506636304 -0.215751588754344
-0.00460017909676157 0.0134507261694312 -0.116716151329914 -0.481660447184774
0.00155180560689867 0.00697396262154322 -0.499713436416676 -0.145241014450377
0.00403870398797658 0.0105614689693084 -0.24742811029094 0.319698731678138
-0.000481180750444498 0.0108571448053941 0.106551968307869 0.270277980222477
-0.000128753336402701 0.00233765659660253 0.181655281914655 0.0570873528417623
-0.00102416186412954 -0.00170937691937846 0.0853420869367555 -0.0980592715781425
-0.0105640240997335 0.000467758980647888 -0.0832015542033825 0.0721773507973435
-0.00779255171000932 0.00458194083768204 -0.139640126716969 -0.0382391278134801
-0.00985168596968411 -0.00285063896761941 -0.118203821119794 -0.22337014335245
-0.000505645499005391 -0.0103087473517247 0.164567416335543 -0.311824592404519
0.00303826667122639 -0.00247652144198474 0.437318206240802 0.0195145273842696
0.00509087054327042 0.00985281748019792 0.215783753683542 0.394847712704902
-0.00841229103185277 0.00842222725936813 -0.124409106985093 0.295144974086717
-0.00813518575509933 -0.000496486420738924 0.00740083289421266 0.042790270908645
-0.00506431950265958 0.00192502895221212 0.188232932749783 -0.213576919183242
-0.00464498605875264 0.0156350359339524 -0.117017869602582 -0.47930131149994
0.00210887177073352 0.00843518786306863 -0.499614717957609 -0.144132977018727
0.00339238643981595 0.00883986178123532 -0.24842540739762 0.320320628774235
-0.000888745347222442 0.00675271328226915 0.106091870410055 0.271858202217834
-0.000573154723558351 0.000268045794091877 0.182502115970797 0.057218067182928
-0.000731144348440623 -0.00140762230641158 0.084714939372118 -0.0987473762181024
-0.0103268981790482 0.00130129477612803 -0.08275360793023 0.0710932783583911
-0.00811936772537019 0.00308843680432674 -0.139188394912815 -0.0396089381136642
-0.010272203037677 -0.0059651276824962 -0.115428850421531 -0.22296452580849
-0.0011491734249724 -0.0118009468069701 0.167385083308123 -0.310567309544381
0.00246556935885382 -0.00148886592591843 0.436889933444416 0.0246864563908153
0.00458837053082669 0.0107108620920212 0.212723758153739 0.398631918893292
-0.00849782081956529 0.00820835724079244 -0.126375736207191 0.296995526494432
-0.00737969897337084 -0.000996170676554877 0.00642553572220821 0.0444800384827916
-0.00571526701233611 0.00181176334200623 0.187078459399419 -0.211356790685057
-0.00517050246913722 0.0168668995488453 -0.119264654500197 -0.477333693323195
0.00202492969796826 0.0089615450534607 -0.499822078730269 -0.14144612064045
0.00323759933265891 0.00716914904482586 -0.247032158582241 0.324286988579449
-0.0015229749035705 0.00353232361759661 0.108007912818616 0.271670191277471
-0.000466121952738193 -0.00179760834943708 0.182814076171918 0.0571963921955843
-0.000368687057972709 -0.00129428601694708 0.0850521191754793 -0.0989094951057737
-0.0092162004655772 0.00126231974473741 -0.0822758051270654 0.0698569683397762
-0.00744199865870998 0.00244992333743262 -0.137600575995594 -0.0409261187621993
-0.0104472792801986 -0.0079368953010276 -0.111905331455741 -0.224558216039404
-0.00217109493801376 -0.0128871565827776 0.171946187565543 -0.305912545933897
0.001832082682044 -0.00129285388096126 0.436946618219113 0.0337901842051437
0.00350466701879405 0.0108421235163439 0.207157776178051 0.406217125926188
-0.00852737304498631 0.00751582711635865 -0.12903039848268 0.297704312634694
-0.00676222940374154 -0.00199499889386606 0.00603233852030254 0.0452383927690102
-0.00495771386656827 0.000797054626947261 0.184806052821665 -0.211670453786716
-0.00607480057006005 0.0170422996089173 -0.124382512402443 -0.470856072457203
0.00167543035178902 0.00987292922803107 -0.500382473402891 -0.132103822340356
0.00246156988455133 0.00600113725901341 -0.241437535865834 0.328958675045008
-0.00126793018305982 0.00108809391096353 0.111062716733158 0.271701244229681
0.000475869450784152 -0.00255772878590316 0.18534922580536 0.0553001197964913
0.00176410233122497 -0.000829485930255958 0.0855420879774921 -0.0999621761618747
-0.00712415485500615 0.00189459875456619 -0.0804224334081407 0.0678286619237003
-0.00588573964723108 0.00175137766871318 -0.134381825649742 -0.0430109698450115
-0.00976202703156027 -0.00867253664872068 -0.108035285842728 -0.225881951723764
-0.00244923754616965 -0.0129068524490122 0.177150422074833 -0.300968743849731
0.000599467706874196 -0.00185261674968251 0.43576944918448 0.0467311397853135
0.00258823485430634 0.0095501216628696 0.200161502571189 0.413424324551726
-0.00805425315375164 0.00552545634658531 -0.134725398321787 0.298734916111378
-0.00595644844286568 -0.00240721066121514 0.00575835171164921 0.0457842705428219
-0.00493266954806035 -0.000253594510402989 0.181968599508539 -0.210932930888604
-0.00694617472631797 0.0154868472157539 -0.132784434374634 -0.465264348445387
-0.000347124736862016 0.00930441955916012 -0.502020933693921 -0.118286948602349
0.00143721125047135 0.00588960004126838 -0.235398189198855 0.334679561325004
-0.00102254933840772 0.000377672672732288 0.115402403442993 0.269039944369669
0.0015419134864209 -0.00333367692531977 0.18650761538749 0.0523653439012531
0.0038328282010546 -0.000232041728189014 0.0864966225455453 -0.10150062336966
-0.00521068251898164 0.00182264753160514 -0.0785921140256056 0.0669625454724517
-0.0041663116009422 0.0018969345941555 -0.132082849866674 -0.0450834666310842
-0.00850018844010632 -0.00858708621139433 -0.103273247154959 -0.227067134940029
-0.00235059194854982 -0.0130118325362608 0.182938032178463 -0.297150875948678
-0.000512761432287651 -0.00266897428464772 0.435442239067762 0.058625435464114
0.00143491425663249 0.00743808478610761 0.191835393311805 0.420370513499488
-0.00760095196876179 0.00333253457313475 -0.138110214134253 0.297122021360717
-0.00408713348853216 -0.00433101486283221 0.00581895607191143 0.0458621892036165
-0.00444523672803392 -0.00261167540376993 0.177774462950206 -0.212917752478713
-0.00804322253363229 0.0133480243980984 -0.14339774258336 -0.459862233602309
-0.00207406210020179 0.00848702141562156 -0.504502145412979 -0.106672031291652
0.000312156950327811 0.00605124623747849 -0.227713877630867 0.340289423484182
-1.48941559171187E-05 0.00162628649522778 0.121181228364168 0.266033518953809
0.00332585670047787 -0.00251470895907923 0.188631663510085 0.0489645282599917
0.00606255223100218 0.000489011288792891 0.0871477244986483 -0.103166192940844
-0.00338738626569259 0.00232183542368166 -0.0775282426231894 0.0656721668555475
-0.00274635317511136 0.00257838068373712 -0.130292504544074 -0.0466948069564017
-0.00752926251003141 -0.00647817925463743 -0.0987935308422042 -0.23055059674783
-0.00279920121767946 -0.011129811014795 0.188700929471043 -0.293224476841498
-0.00150822622078168 -0.00410694513039769 0.435447630479333 0.0692742940046742
0.000419304722777698 0.00438867886235092 0.183200977621416 0.42619951998926
-0.00738677899710817 0.00117745608037462 -0.143002457128827 0.296408187060577
-0.0035711476236185 -0.00539670973434641 0.00670592882954257 0.0454865943584095
-0.00422522428735164 -0.00501210381484265 0.175439053866137 -0.215924576893523
-0.00901950122812393 0.0106084322032093 -0.152381712517234 -0.455529834791613
-0.00358051312262863 0.007262318341667 -0.505556875653842 -0.0937005814692521
3.67451195333853E-05 0.00786130568256618 -0.221485224524723 0.345291107070059
0.00105343220936791 0.0038573774815303 0.12591939114627 0.264032848321448
0.0048596272329797 -0.00172151436617622 0.190171538428781 0.0460860913324806
0.00858495076401297 0.000776329595321399 0.08883057983771 -0.105505337800872
-0.0100579907289993 0.000284440620570973 -0.0806557402649082 0.0736085485159038
-0.00559230260437626 0.00774239281828892 -0.139745623251735 -0.0382902311342685
-0.00727299376592065 0.0042160293189271 -0.118433377784564 -0.224992682597857
0.00067227757168421 -0.00569045434258325 0.163238061355641 -0.31426997174913
0.00252015426843709 -0.00442931340478758 0.435138162753885 0.0172890455579752
0.00506962827685654 0.00449670345337193 0.213579156065613 0.390468394515388
-0.00788975152185356 0.00577442200132984 -0.121940925387711 0.290729854648842
-0.00738371491961119 -0.00123446712497389 0.00942338223610944 0.0397452921343796
-0.00421200019270446 -0.000202376187432185 0.18370182825273 -0.219656581208903
-0.00437141730480422 0.010562090059478 -0.127026572032506 -0.475483193315262
0.000204025524015427 0.00536841723163991 -0.499438158972213 -0.132148617369765
0.00468151464242317 0.0131982353215268 -0.237338773475753 0.323046759185226
0.000861223588000961 0.0148807264106242 0.112161577271346 0.26518337677059
0.00077218170863325 0.00402304335139679 0.182596987391674 0.0522126175568283
0.000200466383889949 -0.00205924994088782 0.0848858561382035 -0.100022743739077
-0.0106045532288085 9.58702020241293E-05 -0.0814686969690422 0.0732714874383676
-0.00663394960942229 0.00643107510520014 -0.14001576578925 -0.0369232378805459
-0.00859242288992187 0.000571578524898073 -0.119621505328727 -0.222934834222941
0.000150398710253463 -0.00818249568202868 0.159627490111875 -0.3139671098841
0.00335730618592697 -0.00309508098418384 0.434400092006423 0.0125975897479841
0.00541676522879496 0.00756692277400776 0.217695457869077 0.388374585241498
-0.00778817786918004 0.00712170500736995 -0.119270521121405 0.292378193724198
-0.00792311844181919 -0.000631998056045979 0.00862829841296604 0.0410030608743041
-0.00483956664253038 0.00138641899263925 0.185533274597792 -0.216444285052958
-0.00419204087961494 0.0136565757577596 -0.122772521729514 -0.475776598029885
0.00139763529883114 0.0073077595005014 -0.49741193802188 -0.137452687915048
0.00429631093724609 0.0105781318227281 -0.240840105503637 0.321008710469051
-0.000116633243956785 0.0108106372690762 0.109134574113111 0.267572222567823
-0.000249561085746011 0.00243780328885632 0.182313008184422 0.054122350795641
-0.00115779926711391 -0.00218940517310236 0.0840450933367942 -0.0993922257723559
-0.0105868480967711 0.000927144789647731 -0.082028408604927 0.0726322098077011
-0.00773167390149229 0.00457266355607405 -0.139926090170971 -0.0367501419126233
-0.00944532669022319 -0.0024537032867555 -0.120579510075932 -0.220938760340609
-0.000751729745663106 -0.010507570446593 0.159884931487775 -0.312716325741802
0.00327577153780903 -0.00196362680905261 0.434656641228676 0.0130404672086127
0.00557169779530306 0.00942008854797647 0.219278826610881 0.390579325601816
-0.00832189672298831 0.00835278109667572 -0.119617609766657 0.293912951665935
-0.00826748500577626 -0.000233282065880218 0.00770860405294777 0.0422740570057535
-0.00551063292861233 0.00168671553170516 0.184910098508066 -0.214205184438231
-0.00440413992693942 0.0154896776901101 -0.121539852248825 -0.474642652708471
0.00238401981000285 0.00865893087376598 -0.497871531884419 -0.136470741821917
0.00400827318412104 0.00872153342124117 -0.24272509011218 0.321344722279165
-0.000813978218595482 0.0068110895034348 0.108927217066805 0.268333048173979
-0.000379207939015345 0.000578695689518458 0.18174576946507 0.0543087874536014
-0.00102126547545608 -0.00165058569406417 0.0832689671358186 -0.0987700353678837
-0.0104675990541103 0.00116563000854341 -0.0814836242134827 0.0723404860202891
-0.00786699136928999 0.0031872258949506 -0.13911969502556 -0.0377630977992945
-0.0100952031908181 -0.00557818207389705 -0.118419564627105 -0.220527262186958
-0.00140557743172115 -0.0122977432513366 0.161671873986573 -0.310893682712722
0.00216250740188569 -0.0012372084242114 0.434696023959442 0.0190361398459097
0.0045693348328412 0.0105977033306872 0.216533839316166 0.393603132355526
-0.00841370552794429 0.00836377858452316 -0.12124006884126 0.296368498037733
-0.00743936922717026 -0.00107286451953181 0.00701701750548668 0.044020525948489
-0.00533330589137091 0.00161159213500411 0.182631172687957 -0.211661653019838
-0.00479383987752961 0.0167920752984292 -0.12351922061616 -0.471701929197457
0.00222625816994235 0.00885489239359654 -0.498603752855253 -0.132844887828795
0.00303618200299795 0.00705591230042216 -0.241519134999459 0.325169060475944
-0.00117104708589546 0.00352104804364343 0.10980475744655 0.26938342522129
-0.00056292521628628 -0.00201436418615105 0.183096772255058 0.0541394351008714
-0.000236922937399212 -0.00117986549634028 0.0832263096273006 -0.0997756044050962
-0.00921006895228177 0.0020575124604027 -0.0811638735673967 0.0700595010322038
-0.00709785044321534 0.00240791729390849 -0.136895440496551 -0.0392742692314692
-0.0101955237346267 -0.00759598022676436 -0.114972194856832 -0.221465975842008
-0.00210339264583057 -0.0132377221504893 0.165548981730216 -0.307327711386424
0.00174854433258353 -0.00136031501778569 0.434585251653074 0.0273972447109888
0.00376896191349179 0.010662636503782 0.212975590983288 0.400453819413585
-0.00836420401919135 0.00759134159881406 -0.125142950788384 0.297574313523988
-0.00645407979206059 -0.00157354358277592 0.00641330547476437 0.0451553947488844
-0.00510013757654405 0.000661951734635463 0.181147317905023 -0.212772091525407
-0.00528298113193226 0.0167270027242019 -0.129117519429626 -0.468424822869327
0.00111879074782769 0.00951080790449878 -0.499146567272275 -0.123923739854362
0.00248684957521708 0.0055927064516245 -0.236105984429004 0.329781967016738
-0.00111860090992415 0.00135792003205166 0.113296520948799 0.267373848540866
0.000596400486428936 -0.00299229429184591 0.185122171144002 0.0524521962260648
0.00169445352361377 -0.00103115889589544 0.0843096870094718 -0.100591573681824
-0.00730111517761999 0.00237180889168181 -0.0798280561126059 0.0685486330818647
-0.00616817582514116 0.00172644172298496 -0.134650881994201 -0.0408916236596591
-0.0094220926446825 -0.00866491146135639 -0.110588116548949 -0.223187909136387
-0.0031730134101428 -0.0135368189459209 0.172036582883351 -0.301856734392403
0.00068750665174202 -0.00211573422172574 0.434327805012551 0.039771212433159
0.00263020478844796 0.00945171393345061 0.204736264935419 0.407365738848014
-0.00791901266700216 0.00547128323315208 -0.130049104259173 0.29732753943672
-0.00544015961628464 -0.00249375406131703 0.00629904617918118 0.045319221271534
-0.00470398463619945 -0.000930423995905197 0.17790784681171 -0.211889819131529
-0.00648881164584699 0.0154041006339941 -0.137328038702667 -0.460211618255358
0.00016436768348648 0.00939174813718312 -0.500134545846115 -0.111797429953274
0.000924003737188253 0.00592284700664392 -0.229193595067551 0.335216424291208
-0.000839439878330177 0.000571949781525025 0.118207658747076 0.265614767444983
0.0016733663230743 -0.00376281127640965 0.186116172978668 0.0493439889518656
0.00357415361840902 -0.000239120839078047 0.0844931729496444 -0.102374545655163
-0.00517005013744852 0.00248895137673765 -0.0789873573446872 0.0675482343466446
-0.00406600385597702 0.0020172653679887 -0.132616242973114 -0.0430551692487252
-0.00814358341715579 -0.00818432834943563 -0.106284853807079 -0.225029891150113
-0.00273040467356137 -0.0124659275960132 0.176714096025322 -0.298210392668345
-0.00067172798486791 -0.00258295154021136 0.4332352846589 0.0519246589650155
0.001888861555657 0.00716356015134378 0.194582197480966 0.415676141575205
-0.00773127879792687 0.00367754511242927 -0.133753319848838 0.296618249554313
-0.00441178476359801 -0.00443856326469083 0.006362436558804 0.0456817304324768
-0.00433081084394937 -0.00257137453004131 0.174052733777436 -0.213409790792784
-0.00795693086347575 0.0134477122015117 -0.147093332562205 -0.454346252580237
-0.00195976538803358 0.00828956165548456 -0.502596415644042 -0.0970764079597606
0.000435856642624425 0.00633617670058068 -0.221431150962571 0.341061856235357
-5.62873068830861E-06 0.00135396863007198 0.124249073087478 0.263211569197625
0.00327636606655521 -0.00339143112036725 0.18773654084327 0.0456152159877542
0.00635487412005912 0.000126074681123222 0.0858088666642 -0.10405688078306
-0.00326952181923458 0.00282647728839412 -0.0762835869410561 0.0664223813386396
-0.00264598896834879 0.00236953278531429 -0.130958872216938 -0.0448362616926943
-0.00695069626230065 -0.006182436613082 -0.101913029508687 -0.228313544630762
-0.0030177005638826 -0.0107894278805949 0.183477553288084 -0.294221620488948
-0.00188571880021083 -0.00420632934651129 0.433822724567537 0.0637304403808258
0.000866310252219886 0.00445920052174744 0.187403698182177 0.420574352850195
-0.00714980936017687 0.00115659498661339 -0.138027587151883 0.296207189388453
-0.00369404766850084 -0.00533697965170111 0.00703340526680742 0.0452917266456499
-0.00456954749287206 -0.00477967589727329 0.171283453678515 -0.21527611535935
-0.0090567375834119 0.0108755060609111 -0.156028970846322 -0.45006689980666
-0.00366995551299999 0.00738968467748041 -0.503330612121622 -0.0853852149283281
0.000641943053583064 0.00799492298409806 -0.215370089562649 0.346270828934553
0.0011335873058329 0.00328965234532289 0.128781653425626 0.260110780737047
0.00499517795327454 -0.00191687316653878 0.189561143303717 0.0426412625906662
0.00819644688014101 0.00159009291273547 0.0876932350241784 -0.105758311213387
-0.0100570383162326 0.000998861668155753 -0.0793438662884496 0.0738251503610706
-0.00572341758608258 0.00810967926602272 -0.139076428087115 -0.0359772574530539
-0.00707222194486023 0.00404889428096422 -0.12092069992194 -0.221401518359457
0.000554465646877755 -0.005386335664738 0.15791580598007 -0.313113983517951
0.00197284638542063 -0.00441824776686139 0.431575456278063 0.0114180188690896
0.00521019951738314 0.00495312275811523 0.216357376934644 0.38510180482353
-0.00757595666010168 0.00615805758856012 -0.117367443551889 0.289268964238154
-0.00781012979274709 -0.00129397763708136 0.00960379366681909 0.0397371157073212
-0.00406614459656689 -0.000366773727837394 0.179614255882363 -0.218552037518063
-0.00425693575735476 0.0102989113979335 -0.131662699313246 -0.469603824524107
0.000534210999228984 0.00543769610845123 -0.496965624489861 -0.1256668315629
0.00462489318808463 0.0133171107084239 -0.231722244253426 0.323602662443676
0.00149619820782337 0.0146762799953461 0.114641701966595 0.261148146324603
0.000695150456568318 0.00392960237576265 0.181895044036589 0.0497919519062553
-0.000550617515131682 -0.00214557342449748 0.083594440209593 -0.100428015910055
-0.0109600663736563 0.000674607569853354 -0.0810256582404847 0.0742878651266041
-0.00715208217638956 0.00646124440487279 -0.139672250864247 -0.0351251440743746
-0.00798247218229528 0.000896870555085271 -0.121819615112526 -0.218555081111726
0.000340508380749241 -0.00790535142151884 0.154982292429462 -0.313316912370224
0.00308598032325022 -0.0034480169964843 0.431207366092177 0.00764388424413059
0.00600946777746818 0.00689191151073738 0.220474047281942 0.381232804800757
-0.00788233958122252 0.00724390780185555 -0.11562766749103 0.29075365150847
-0.00772899751640621 -0.000765061346636387 0.00863321847336039 0.0408355698710298
-0.00482233858314998 0.00148461695334764 0.18080240326884 -0.216084913709697
-0.0037484605728203 0.0134967098598011 -0.127242857935637 -0.470060918863207
0.00196768813637335 0.00714274640467167 -0.495573782232669 -0.128765455283431
0.00405894261745521 0.0110545424429462 -0.234491073486162 0.320974991820747
0.00037448815511249 0.0108315452321647 0.111813078191433 0.262915266562992
-0.000417645046839184 0.00216362808626936 0.181375686876577 0.0503966833911115
-0.00128627155035094 -0.00220301259551317 0.0823389276864689 -0.0994178889162666
-0.0106368314109118 0.00113685020371234 -0.0812302625418188 0.0733355769920898
-0.0072374307261446 0.00503710831635347 -0.139592329459721 -0.0346888212459812
-0.00922938396482273 -0.00243436934228112 -0.122232497627945 -0.216935888229166
-0.000778794200162165 -0.0101092309323547 0.154467255034111 -0.312052934635918
0.00304522597657341 -0.002146898887752 0.431530709218505 0.00824839085242149
0.0062543304932406 0.00949478800123896 0.222217160473162 0.383246934745894
-0.00787288675916291 0.00784895440552693 -0.11523482129353 0.291973673205911
-0.0076703899988296 -0.000579166870269122 0.00800510020592793 0.0419674744480318
-0.00514525523554395 0.00156224119653887 0.180689637278904 -0.213528388451701
-0.00391513910751245 0.0154311357623391 -0.12730251818609 -0.469144258491282
0.00237470660032297 0.00852525591555303 -0.49498865897744 -0.129739687848937
0.00395067266996624 0.00865246072864097 -0.235896593674151 0.322019380869596
-0.000598188750374201 0.00660303838546363 0.111015534236266 0.264327704167549
-0.000744361585634423 6.57799176546755E-05 0.181267012788263 0.0514884972685996
-0.000961990170768082 -0.00174554772120159 0.0819304563044827 -0.0993118974314259
-0.00998961622469425 0.00172725827435353 -0.0810910874434297 0.0723805843503141
-0.00777967090450486 0.00371745509778166 -0.139037232868539 -0.0352400065284297
-0.00995032221029822 -0.00494818541248568 -0.12067249592534 -0.21664864044946
-0.00181131911121527 -0.0116028479403707 0.156126986011786 -0.310041641923652
0.00248458805849841 -0.00129114916528949 0.431333443004723 0.0135287107335957
0.00495263357036786 0.0105642260022733 0.220187137361376 0.387042777322453
-0.00855094179509047 0.00844733685832651 -0.116438861389577 0.294535187975955
-0.0074721362269174 -0.000830921434277525 0.00716401498420993 0.0428668071478759
-0.00558856066920813 0.00175978471573583 0.179339139800844 -0.211686594546178
-0.00402183953742835 0.0172269246194008 -0.128079726147396 -0.464998485887151
0.0021499410532109 0.00945763554001661 -0.495054144824054 -0.125944194415916
0.00343121044056887 0.00699914468181062 -0.235119722705671 0.324742235979217
-0.000797502719728762 0.00334949171840275 0.113134162286224 0.264611618885995
-0.000194513388922436 -0.00160778446560499 0.182116476694948 0.050725872776214
-0.000268208717775233 -0.00179493133116217 0.0821204426723828 -0.099390909710813
-0.00926579114836657 0.00189707812486571 -0.0803305490328786 0.0707969308800883
-0.00699989109642862 0.00263775456826229 -0.137224486706455 -0.037524150435288
-0.00980780047928691 -0.00738935326071348 -0.117122950151001 -0.217583068664456
-0.00252421767566905 -0.0123428987129876 0.160720281879938 -0.306453985624249
0.00139971469349411 -0.00135569264784285 0.431700867334788 0.0224948322726018
0.0040524436008178 0.0103328026796607 0.214450881402671 0.395039094801917
-0.00827984960952347 0.00722122620796908 -0.120047256470272 0.295340073166057
-0.00649243427861514 -0.00208528862072794 0.00686290192546039 0.0439126565202862
-0.00493835557630129 0.00108373048844248 0.176671668194769 -0.211999121257844
-0.00495784781177046 0.0167331541000909 -0.134117391776508 -0.460166296148001
0.00130776820302454 0.00969771245892507 -0.495343512646869 -0.117645432566516
0.00247616712820999 0.00585903368164773 -0.229422268218866 0.329960730129264
-0.000616501189499111 0.0013490036886976 0.116032145293857 0.264050712143474
0.000291537952670111 -0.00324468305841401 0.183735218386189 0.0491160598578867
0.00147332414142163 -0.00106766485116458 0.0822468916211495 -0.100828801466921
-0.0068006007161385 0.00236229737985328 -0.0788040527984006 0.0688583162618046
-0.00542325380879316 0.00194464734638668 -0.134420064532805 -0.0390206929524593
-0.00912059651749674 -0.00849523748235633 -0.112765755010985 -0.219619500057454
-0.0028405213385341 -0.0133506420335122 0.16612436979373 -0.301732384369318
0.00036502330544714 -0.00165228520961393 0.430707855930957 0.0342050220473703
0.00320904721924103 0.00889996986099217 0.207692884133484 0.401716742341082
-0.008063275593896 0.00590146590820268 -0.12520205055962 0.295863477712825
-0.00542299930361143 -0.00291895762094433 0.00664369990609286 0.0448985591059186
-0.00460807349858858 -0.000398193353582283 0.174161856898128 -0.212278794158385
-0.00562209923353746 0.0153967188168986 -0.141372254683168 -0.4548263090109
-8.59136091175185E-05 0.00918278363504526 -0.497441705667597 -0.104828892544763
0.00194672316614051 0.00569658678437279 -0.223409551099661 0.334779077372834
-0.000322303304432766 0.000290578477840852 0.120362913997399 0.26226439584772
0.00171600984670889 -0.00342413814161026 0.185098582968156 0.0469923045506135
0.00379464347958858 -0.000665249204939542 0.0829344770085895 -0.102249806274715
-0.00521278782270481 0.00297635792625854 -0.0773103371168692 0.0678239812832181
-0.0039610863247893 0.00140413247982547 -0.132333975959454 -0.0407097226062362
-0.00815699241498504 -0.00775583130678583 -0.107983571561269 -0.221820975539743
-0.00309275052575118 -0.0118766692188061 0.172392480806569 -0.297631728998076
-0.000610263336714869 -0.00254070038355336 0.430067095701338 0.0464163043810388
0.00213369785110864 0.00688921242962814 0.198693802200129 0.409292993078839
-0.00780146032277664 0.0032024032211427 -0.129225434354013 0.295172471838831
-0.0042663139234624 -0.00431935199414143 0.00699022794837303 0.044688300626828
-0.00467352222685467 -0.00278909244407833 0.170640305118471 -0.212761949140401
-0.00709687808261989 0.0133460416326169 -0.151564911571825 -0.448452592514575
-0.00172866329671674 0.00851455998552292 -0.49948771120221 -0.0903454920237828
0.000449989801684471 0.00616795166710474 -0.215742649711168 0.340281651157329
0.000492916476544492 0.00104713923457876 0.125984479439227 0.259261179381458
0.00320325347100318 -0.00323847968629749 0.186742856215038 0.0438457040134844
0.00554560650358717 -5.00895021031925E-05 0.0848531262506936 -0.104044605167405
-0.00356603574625296 0.00291577176889947 -0.0754708312160323 0.066874676385104
-0.00205583116653517 0.00265057614891895 -0.131423387801319 -0.0426485029022664
-0.0070523867843347 -0.00606321557551896 -0.103893468428203 -0.22457227369001
-0.00305174219075264 -0.01064584549968 0.177920120199124 -0.294403363209428
-0.00207933136834234 -0.00385154437447931 0.430226244401959 0.0567875341699406
0.00115623625206144 0.00439356584867821 0.190403979189804 0.415052613694356
-0.0069037249240671 0.00148950362465631 -0.132748343713746 0.294716592002023
-0.0039142627349355 -0.00557445091678218 0.00766619478870697 0.0445301911812257
-0.00450627177318485 -0.00463499485710408 0.167957419947208 -0.215705779182941
-0.008724482886369 0.0107520446477153 -0.159182838582025 -0.444543476863615
-0.00372986000226292 0.00753340921240549 -0.500762239490771 -0.0790312805605684
0.000594821472501452 0.00768960798057351 -0.209004670984356 0.3448728962729
0.00184172891490385 0.00336487903262863 0.13043247761751 0.256559407169536
0.00484936928376206 -0.00227482986605766 0.188751653643588 0.0399605000356425
0.00810474885727224 0.00053897774638608 0.0853991510944206 -0.105856500244954
-0.0100201612633905 0.00162779963998022 -0.0785596581876247 0.0736026306381478
-0.00544257538337439 0.00825236354442686 -0.138319783997396 -0.0343853696726129
-0.00661168968165477 0.0047450986951586 -0.122008958004257 -0.217815016843752
0.000913848554143241 -0.00582094614358131 0.152941651788457 -0.311604189450196
0.00225494026892737 -0.00454713350751843 0.426903226104338 0.00738398465902482
0.0058302852021648 0.00424208883973872 0.216629842835914 0.379519562624054
-0.00757992471433032 0.00561737608064865 -0.112914420188598 0.286947947542144
-0.00748726702609218 -0.00123032670918525 0.010156443334111 0.0385526795558172
-0.00398902920718933 -0.000432092832008589 0.175682776212933 -0.217117714257318
-0.00352391413564884 0.0105908667402707 -0.134983494519134 -0.463322859251382
0.000413735697988826 0.00530587292968911 -0.493033769918309 -0.119092178747167
0.00498641078311589 0.0133114549660692 -0.225732921582655 0.320809130848311
0.00137348755392805 0.0145128285576606 0.116117693870707 0.257314836999954
0.00090502428152637 0.00391561200720897 0.180137850187119 0.0468254285329404
-0.000308367418241787 -0.00237107981594708 0.0820261383636662 -0.0999684770386893
-0.0110237262328315 0.000939146246943278 -0.0796172191117967 0.0738050568488668
-0.00681053184507505 0.006123790600866 -0.138900753873082 -0.0336972819103488
-0.00757397781891967 0.00115628584545423 -0.122325451865139 -0.215331723304468
0.000385305041132108 -0.00805181212599929 0.149379174882212 -0.312569042672443
0.00294941401816644 -0.00295741993375025 0.426323163381799 0.00267886796742828
0.00601239827841729 0.00728455918658851 0.222264781666533 0.375169393447071
-0.00794370777515187 0.00692526454352104 -0.11085761042957 0.288025733732548
-0.00720763882842243 -0.000769462007154428 0.00905394088062521 0.0397840389819545
-0.00459540130546227 0.000789178304676318 0.177365677644787 -0.214774391914183
-0.00343099857951944 0.0129576570788809 -0.129709839023621 -0.463122894355481
0.00162195235712643 0.00689743591451061 -0.49110938695253 -0.122949028862913
0.0045000037025298 0.0103577562466681 -0.229935115367547 0.319630491975722
0.000630087456312872 0.0102946427614856 0.112475549729511 0.259551228294314
-0.000264853486764881 0.00245135097129081 0.179612364955054 0.0484086352691139
-0.0012204180158734 -0.00210332063296725 0.0809003532007144 -0.0987246321154042
-0.0111536639686179 0.00212873783251789 -0.0800287504064876 0.0731501947725583
-0.00759756233119593 0.00496797625993419 -0.138540239914214 -0.0337963854032527
-0.00896592448275974 -0.00198413851556769 -0.123831508253713 -0.213980377723567
-0.000683031239512173 -0.00963093264565495 0.148481453138565 -0.310604695006286
0.00318710980172805 -0.00252256969468716 0.427290730695888 0.0037817746110738
0.00567243169146911 0.00932746015956684 0.222173708212894 0.378303432173623
-0.00791250408065838 0.00762739269785262 -0.110638615044195 0.289641213380628
-0.00756562769214648 -0.000416398191078184 0.00874368102354576 0.041106483980499
-0.00484640687505174 0.00204263703029114 0.176525603556667 -0.212355292901917
-0.0035800466488528 0.0153115395275838 -0.128676960550361 -0.461749516859019
0.00200205726465245 0.00865262859491038 -0.491965061819561 -0.123525516319349
0.00412160353752284 0.00874207863458165 -0.231098871426611 0.321072092084397
-0.000289730107849221 0.0065839743959527 0.112671107204119 0.260790049319588
-0.000495280575054016 -6.07121668197343E-06 0.179744245520564 0.0487317293301363
-0.00162096449249052 -0.00208046386259926 0.0803955320652457 -0.098996801294328
-0.0101803544678035 0.00220739386434649 -0.079831741586803 0.0725771030939906
-0.00752986465124046 0.00334613248994973 -0.138163170041135 -0.0340283398783082
-0.00930462316338003 -0.0051072517631476 -0.121689407956089 -0.213420474528486
-0.00215321383908404 -0.0115153291379597 0.151077524304895 -0.308341017191376
0.00249468875827518 -0.00143655193397006 0.427154511462012 0.00982749510488572
0.00536146324733131 0.00997884880727973 0.220817194830561 0.381215542728375
-0.00824394942836211 0.00781418301658371 -0.112756746712784 0.29198305411748
-0.00724725140529296 -0.000355018385690752 0.0068961710636618 0.0428668152124648
-0.00483361966572645 0.00139984193244723 0.175430030741497 -0.210685856213714
-0.00378654794464781 0.0168043631197342 -0.12983282295882 -0.458864248332863
0.00244714499036299 0.00926130090508907 -0.491870194676565 -0.119397287327018
0.00374997352836998 0.00721357620113118 -0.229993875085036 0.323572703244434
-0.000571502245617152 0.00363039840302928 0.114688284201167 0.260730534383671
-0.000284058848738855 -0.00171472249257492 0.181162787178035 0.0486169755640338
-0.00075920286347236 -0.00218398152519055 0.0803337042912421 -0.0991428474245868
-0.00879772067772556 0.00249996896018883 -0.0793449541124728 0.0704017687482479
-0.00702441925003815 0.00235630192398179 -0.136752354886876 -0.0354075232761598
-0.0098592448738309 -0.00715942311216423 -0.117789135457315 -0.214435953528464
-0.00289064219514329 -0.0127300210485542 0.155161189306814 -0.304988268207882
0.00164531939048579 -0.00125946890679205 0.427133930400691 0.0173582599096156
0.00441768631460917 0.0102230267940791 0.215678522736664 0.38846211757868
-0.00841715417041184 0.00713662466558406 -0.116108481164934 0.292856530300854
-0.0062238793770748 -0.00145354351331219 0.00690724549902718 0.0433446724128819
-0.00528340322647044 0.000420287128220164 0.173032175323591 -0.210378222554996
-0.00449144394237217 0.0161924861460209 -0.136569591503552 -0.454584777622968
0.00163258489711946 0.00944030283611344 -0.491851450064537 -0.1095436222209
0.00313958735185264 0.0058644778312783 -0.223950202130026 0.327503519244206
-0.000384070978176504 0.00107108096091723 0.117207266158659 0.260081594383899
0.000175249573102888 -0.00313608992403372 0.182475494504483 0.0467470214158878
0.0012229248491586 -0.00136181576141691 0.0804592346512909 -0.100608664693663
-0.00733501284582665 0.00259716892816602 -0.0778217635811557 0.0686703026414551
-0.0057486291532713 0.00210113755564102 -0.133823913181087 -0.0371838009247131
-0.00854525790866774 -0.00797130967425515 -0.114063661823055 -0.216174803794476
-0.00282977756040396 -0.0125526691607703 0.161384162051438 -0.299731093306143
0.000557441922013091 -0.00150703147183341 0.426553980281404 0.0292949590423443
0.00269201211523318 0.00878074380200676 0.209159963066381 0.395459508238326
-0.00810651430180307 0.00565872608727301 -0.121139745454926 0.293298783355032
-0.00511404325156556 -0.00338679234793956 0.00714964464506422 0.0440188339233812
-0.00472481604922995 -0.000392469415315992 0.170833052897348 -0.21050433210637
-0.00523598895101598 0.0153336069140474 -0.144008505336245 -0.448079399844582
6.80970783376823E-05 0.00951544665210617 -0.493785182297225 -0.0973467295058039
0.00144344274384049 0.00555862741171664 -0.217854654240362 0.333909926737059
-2.06923146957242E-05 0.000573280797084236 0.122007144075025 0.257972822658289
0.00156705694036591 -0.00350471488327042 0.18386087071302 0.0442815225699594
0.00347299103200164 -0.000874762747954911 0.0816216711777589 -0.102255804880726
-0.00535149246985718 0.00323231143735207 -0.0761630423196828 0.0674572975142308
-0.00438871659607147 0.00228132053416019 -0.132560618241239 -0.039546038453449
-0.00773470196756195 -0.00728368959124572 -0.109366622407003 -0.217881094262947
-0.00326264654348722 -0.011980522350735 0.167137090485715 -0.296143385338145
-0.000606864916698311 -0.00235864104166552 0.425557228819087 0.0416554646101912
0.00189925836830585 0.00720232889749091 0.201347666721724 0.402012456130805
-0.0075358380581442 0.00357896492829227 -0.124555478638456 0.292811527435665
-0.00459552546304928 -0.00418482348388571 0.00673323136383972 0.0443332124133782
-0.00447490682242117 -0.00245054826200477 0.167038080317874 -0.212232688051262
-0.00652626101316985 0.013509564043709 -0.154609027998692 -0.441513916099441
-0.0019588895034449 0.00836932746910404 -0.493897572043857 -0.0834417181888599
0.00114340253309422 0.00635529704082952 -0.209851203723398 0.339350791910034
0.000558053904326693 0.00105097260009643 0.127601583892506 0.255385664780876
0.00260304686093237 -0.00304181097368159 0.185346102280658 0.0410370497902197
0.00609515477656252 -5.13691246754443E-06 0.0828321637006376 -0.103966827207712
-0.00340741452683534 0.00338389341461028 -0.0751954036503628 0.0666797881623966
-0.00252372198918703 0.00264721635966533 -0.130672382539104 -0.0408719589421479
-0.00700469645950071 -0.00591426011141533 -0.105273172583499 -0.220796404000049
-0.003503297312467 -0.010543962622632 0.172744474877607 -0.292969823795694
-0.00179680516255804 -0.00342468863997416 0.426314345102355 0.0519288846492637
0.00163530680591322 0.00413415169063487 0.193075386901481 0.408469514439271
-0.00703589649167879 0.00126082129088612 -0.129157200796443 0.291437311243193
-0.00378982055589418 -0.00564107079073816 0.00805393852062582 0.0435961739493288
-0.00439452430587715 -0.00487823952576237 0.164527241207531 -0.21436954826253
-0.00766151267095292 0.0109808231823531 -0.161675788613373 -0.438070914761145
-0.0033580687872345 0.0075711571707 -0.496473562154345 -0.0727902093474032
0.000682359329326284 0.00775484164096311 -0.203153951957401 0.343593586123875
0.00148036429277368 0.00311122945972227 0.131927428534325 0.253098800156115
0.00485934479517213 -0.00261477600512068 0.187829837649739 0.0376465564872673
0.00749703605660376 0.000723692213590723 0.0844801232741122 -0.105174326164168
-0.00991529307160772 0.00148169963299508 -0.078523647359571 0.0735242058844473
-0.00531442739305377 0.00834526298473045 -0.137669217990989 -0.032476726693476
-0.0065847211633834 0.00420805483624748 -0.121794534409146 -0.214622411723744
0.000950480883926335 -0.00514214788501379 0.148769110298629 -0.309165721323963
0.0020745836120145 -0.00438167993120548 0.421821887510322 0.0045087158814356
0.00623612648701034 0.0041291266772684 0.21633987161145 0.37241669771432
-0.00732986538312198 0.00576451844917227 -0.110184207225386 0.284006142027308
-0.00729230453041441 -0.00143501290331067 0.00988569657693457 0.03753386260106
-0.00349229931251087 -7.21533627451635E-05 0.172854645629345 -0.21548601889984
-0.00364602702474847 0.0100202096753433 -0.136342549706489 -0.455801156929888
0.000120439718542093 0.00583773316913688 -0.488064154790892 -0.112789728437016
0.0052198669455684 0.0126810558263256 -0.221293533597916 0.319744999435957
0.00213701140700488 0.0140936827431385 0.116130490665016 0.253698483217442
0.00108826935474185 0.00341888049584042 0.178971317155085 0.04436969386799
-0.00042163061604963 -0.00208793948943121 0.0806380949199387 -0.0997141883475869
-0.0107287797814934 0.00144491122408446 -0.0789650829146196 0.0736026352069504
-0.00670753232552377 0.00661696260244608 -0.138933329936033 -0.0322692933938104
-0.0071742436755301 0.00150583083610047 -0.123147984228565 -0.211646227684835
0.000150836557439564 -0.00733133748363217 0.144861610357982 -0.309426930782916
0.00264624346351812 -0.00302975114028842 0.421888054480862 -0.000135019377580579
0.00598424885324553 0.006816651144274 0.22187770797758 0.369132623139982
-0.00778346599173687 0.00704320072338505 -0.107874844139182 0.285634580570798
-0.00829193727945529 -0.0007677461879063 0.00915360717053876 0.0390899213583416
-0.00434988163444158 0.000765421231753178 0.17386901568418 -0.213195456480443
-0.0030740893213344 0.0130063864979735 -0.129958040185313 -0.45648040316052
0.00158838494058541 0.00700567032049974 -0.486914055580707 -0.118337775671161
0.00473267916481103 0.0106838303531134 -0.22406034554558 0.31774237282629
0.000974883449185919 0.0105242551445591 0.113451472172516 0.255254802978197
9.95644767905531E-05 0.001896733726983 0.178361700717128 0.0465110132273196
-0.00181119082608409 -0.00208597743144078 0.0796159948561498 -0.0988553610851966
-0.0106917024252565 0.00242961051574723 -0.0796551806581831 0.072704851263187
-0.00697519054159155 0.00495714206120474 -0.138399984890461 -0.0324066336827223
-0.00868069731652829 -0.00213621008462867 -0.123713475653487 -0.209874692431158
-0.000504468255600617 -0.00948555882588579 0.14439013420773 -0.307847285119836
0.00264639480833525 -0.00210542177670931 0.421804718734026 -8.71532983040602E-06
0.0060578551565272 0.008744316422142 0.222951385145712 0.370602691213337
-0.00806467772800426 0.00789039401007192 -0.107913786017379 0.286479912363665
-0.00758842460163367 -0.000428032425513341 0.00826952333005152 0.0403540088069269
-0.00479945990721368 0.00182658893760427 0.17354209327337 -0.211118748844218
-0.00318510466994336 0.0153751035903317 -0.130841986164057 -0.454914587718162
0.00245411395815233 0.00805558687740929 -0.486633271305169 -0.117705063530374
0.0042269185042511 0.00857908250194832 -0.226026515548245 0.318550661848539
0.000181554892897035 0.00634171853736333 0.113560404809854 0.256553185830961
-0.000722253898902173 -0.000501428086656223 0.178427155835262 0.0474296669582444
-0.00149235743320828 -0.00191906192893684 0.0786768073928267 -0.0985431186012504
-0.0103585990955029 0.00221493909265645 -0.0792422558771622 0.0715306399312544
-0.00740038614531148 0.00363213066774253 -0.137378953052352 -0.0320909434985964
-0.00923672937096927 -0.00498922778731892 -0.122321393854942 -0.209845537772431
-0.00184787313030814 -0.0110877444516005 0.146746365323589 -0.306345276864746
0.0022192907509335 -0.00145366851243615 0.421708572889424 0.00591340762241622
0.00546058577270657 0.0100666710582678 0.220529621358646 0.374812427083986
-0.00800887949967717 0.00775072841936292 -0.109312049620663 0.288288893146032
-0.00664567927300719 -0.000876366896104671 0.00699880783413284 0.0413360700569645
-0.00490281220556582 0.00126920175856061 0.172506452669854 -0.20953558167343
-0.0033814990218154 0.0164063676690964 -0.132311434900494 -0.451036379047631
0.00266981716532731 0.00846247732781622 -0.48757476828513 -0.113782330880435
0.00379395991847776 0.00685123809055167 -0.224465264871345 0.321476416569011
-0.000371578800611601 0.00309766069109811 0.11436428877981 0.257038605363425
-0.000416297956389394 -0.00205629772772423 0.179368522014445 0.0466071195617796
-0.000841721345436576 -0.00182151094849144 0.0788404038130232 -0.0983258010514548
-0.00927329833189008 0.0026233827178796 -0.0782624061012586 0.070937989608284
-0.00681237968810698 0.00290317663728035 -0.135510344672215 -0.0341078387030289
-0.0088586426284675 -0.007270455952628 -0.118950768316358 -0.210477364673005
-0.00240111586962804 -0.0120443162105867 0.151126551498494 -0.302703574388473
0.00137507194955357 -0.00133899450552203 0.422564144844065 0.0145059757276345
0.00432222154079612 0.0101755685802424 0.216498805694535 0.381222777103314
-0.00831980397265335 0.00725157801524742 -0.113141367368671 0.289441981126864
-0.00604515337136149 -0.00166084067895333 0.0069525001972295 0.0426279860758792
-0.00505710437942732 0.000637726588023805 0.170429007229745 -0.20914151298752
-0.00442388060085209 0.0164367429351589 -0.136633489496819 -0.447294650990589
0.00168788562799708 0.00937679925250375 -0.486513369406874 -0.104646563908617
0.00297296095743328 0.00535775154816363 -0.218682107810921 0.325336476446468
-3.45497301492219E-05 0.000964533293103973 0.117532642234944 0.255814037898221
0.00013912266613896 -0.00331158628061902 0.180577934128453 0.0450681814485517
0.00126412604639342 -0.00130017445274575 0.0792545473951534 -0.0999748595730479
-0.00730220498215667 0.00331520844436155 -0.0769339358084122 0.0686154490811376
-0.005510130690471 0.00229046870452672 -0.13325551402598 -0.0357299525136319
-0.008570272107133 -0.00779473139170177 -0.114673844209231 -0.211909593082699
-0.00304979903066107 -0.0118679052870465 0.157576888387566 -0.298020610331808
0.000264306338620589 -0.00148317945152271 0.421725661113176 0.0255689560559997
0.00359571542155209 0.00891583281382038 0.210081806183692 0.389511789228853
-0.00816709377557429 0.0054239470782288 -0.117954948910169 0.28951436526918
-0.00514978318842633 -0.00263207900348667 0.00696514134467605 0.043165982602722
-0.00463951371450493 -0.000822851766090916 0.167455454780371 -0.208432253280833
-0.00524956479751125 0.0156861060574504 -0.144328870498851 -0.439911661376778
0.000157004627978952 0.00937610058490753 -0.488461229235372 -0.0924931148304981
0.00171167441382258 0.00566766656684106 -0.212846649381629 0.331704121235493
0.000403180691290823 -1.53274065451516E-05 0.12269164304202 0.253178919051429
0.00139998724288505 -0.00352209779771462 0.182223364549786 0.0422731579740619
0.00328630180838594 -0.000658669091593854 0.0800352873366263 -0.101814036115596
-0.00504268314834237 0.00372083673536175 -0.0759419727402417 0.0673253075671761
-0.00406110510166499 0.00205996744274518 -0.130952108454213 -0.0376090998603537
-0.00736626165809926 -0.00712471715244517 -0.109673612695306 -0.215517695139218
-0.00319391921033778 -0.0115661941252023 0.162046154122423 -0.293839229594333
-0.000766604952730937 -0.00252727576842256 0.421424285766997 0.0378436006325782
0.00236349566686634 0.00687246393309365 0.201550753824311 0.395570891950374
-0.00739966894290184 0.00340748337447419 -0.121388797620354 0.289354478152683
-0.00431346524048317 -0.00409569483309572 0.00700045686330927 0.0432005186436017
-0.00426738490943792 -0.00223782734508242 0.16343552955583 -0.210805441258872
-0.0058245447234686 0.0125652003629214 -0.1535901490063 -0.434459527061037
-0.00134652420339826 0.00802407822500381 -0.488915313745475 -0.0809578379060459
0.000964913879116758 0.0060229278676554 -0.205226520921406 0.335917040489358
0.000519272923152428 0.000996952379237596 0.128096923027617 0.250699296430195
0.00283311791680561 -0.00335085312323987 0.183910153163968 0.0390759043864517
0.00548227012507546 -8.85353696216248E-05 0.0813246365073278 -0.103337928824467
-0.00320174412197136 0.00341080074672897 -0.0742461321303422 0.0668692040031185
-0.00272763046032044 0.00263961209153056 -0.129341238326211 -0.0397400735946096
-0.00579019275966836 -0.00571401567056428 -0.10601405834785 -0.21807926632835
-0.00357316088461078 -0.0103504640073058 0.168417056744942 -0.290891584644776
-0.00233540238933704 -0.0032141689362171 0.421369389003107 0.0474114810253952
0.00172760759524011 0.00395974395073613 0.194101713242468 0.401897293582774
-0.00685635659358821 0.00139049626826728 -0.125988875300392 0.288963959247357
-0.00322269948129465 -0.00530165514749173 0.00755364109153608 0.0431969999486834
-0.00390697900686645 -0.0045333784646201 0.160612875160564 -0.212955493846397
-0.0075783719304936 0.0103631735698619 -0.161832393576644 -0.430667113308217
-0.00361400729095655 0.007331379546032 -0.490846647253485 -0.0675352273941982
0.000994397571165594 0.00760135482879532 -0.198313005632057 0.340463509601076
0.0021470327964173 0.00306916141383002 0.132184120741463 0.248282071051475
0.00468856020703181 -0.00232970653533338 0.185866464472437 0.035252481257715
0.00760193178639315 0.000439411164378435 0.0828356583882876 -0.105676179763309
-0.00975676339270176 0.000139279139925889 -0.0854761442697573 0.0611089789927882
-0.00603039888745772 0.00699625995913819 -0.130667722482472 -0.0483922140888352
-0.00600801682045185 0.00345833883916955 -0.0919610464488586 -0.222129547586433
0.00266192110747293 -0.0043970481999372 0.180608013091313 -0.275400101100525
0.00234787827105423 -0.00255591183303697 0.40480319221661 0.0585212647299055
0.00175802107992695 0.00240509793439123 0.16431949405025 0.388591751343729
-0.00710543790957363 0.0037135285729048 -0.142910559603318 0.261697387663794
-0.00712139887260532 -0.00252427811478517 0.00407996924400242 0.0379407841863154
-0.00603287547194777 -0.00104080182992829 0.199359552516065 -0.189976871184652
-0.00540849774077128 0.0116140520805097 -0.0727884199930151 -0.468195380887847
0.00197202151370209 0.0085113802449398 -0.468163628134681 -0.179018439154479
0.0088366482232325 0.0107564438030668 -0.262350996292648 0.289314312771072
0.00238870978776692 0.0103304040954436 0.0810459212353758 0.26763752947715
-0.000484227182816777 0.00254321173806224 0.172493752343119 0.0670384860276101
-0.00129814608967409 -0.00169728624010465 0.09465962673354 -0.0897968854829356
-0.0104573025973661 0.00037880317247994 -0.0860727220413499 0.0606973075692232
-0.00709404597210719 0.00534704389981239 -0.131789638153529 -0.047979485460837
-0.0065492295503201 0.000103432597701405 -0.0925200360294974 -0.22049402996258
0.00272576801228795 -0.00648769743180126 0.177164008807529 -0.275960278978251
0.00295762756975662 -0.00122686353045692 0.405184969809282 0.0535762632149865
0.0018112413637433 0.00492416047806642 0.167141968376333 0.38620289450689
-0.00731737343403572 0.00553578487025734 -0.140951937084599 0.263639527438901
-0.00755849059211565 -0.00163748246401654 0.00315371147296056 0.0390076709839516
-0.00664042515466829 -0.000142384937245344 0.199986626914499 -0.186999900625558
-0.00521944262556544 0.0148742795944938 -0.0679366909728167 -0.466848379052384
0.00307298929581787 0.0102562393516963 -0.464919827354392 -0.183060643207248
0.00836345539815182 0.00869606084731383 -0.265551525445804 0.287062072438682
0.00158953149684964 0.00644437613701242 0.0788846195451664 0.269476246620851
-0.00140801263216587 0.000610626929203151 0.172450285268751 0.069150331764501
-0.00269036023971142 -0.00219940307695715 0.0938871498254968 -0.0889685359029842
-0.010726737480245 0.000929420282092986 -0.0860179769130415 0.0602596683964494
-0.0077386953673491 0.00389250563240486 -0.131350283051945 -0.0478406745794685
-0.00712309005844575 -0.00286322342554492 -0.0931424862598863 -0.218356059252974
0.0021331847293916 -0.0087482689016581 0.177259635321294 -0.274681285179774
0.00296314970145159 0.000194255948823945 0.404891980709236 0.0535184909557428
0.00138917577703104 0.00712588046933809 0.169709651442073 0.387704496480436
-0.00796962969895328 0.00669866442855838 -0.140881811267015 0.264908096243028
-0.00739326700596129 -0.0012841284381429 0.00215915206644256 0.0404651120811661
-0.00677461738098188 0.000448563254529861 0.199350149089353 -0.184516703163602
-0.00559091267349111 0.0163720809072494 -0.0690772024957296 -0.465657513818074
0.00343513715647176 0.0113448237472826 -0.466613389100058 -0.183276899944141
0.00835744908498532 0.00587769063444081 -0.267567083194108 0.287795692724834
0.00122066072900977 0.00249596708401382 0.0781023407471453 0.270614205197142
-0.00146943370971274 -0.00144365002295374 0.172175195193757 0.0694120376191332
-0.00226506129104887 -0.00190798372789226 0.0929957012120211 -0.088852405192238
-0.0102141547729216 0.000513089928113815 -0.0864210234552429 0.059046562457812
-0.00746524451515934 0.00213269231048879 -0.13054530209975 -0.0483234007243138
-0.00697957528076614 -0.00598236519037457 -0.091828673041561 -0.218577515441113
0.00110061087620792 -0.0102014211819107 0.17892765195366 -0.272907448742224
0.00249886536372398 0.000544424237638372 0.404252159224007 0.0590831757167998
0.000447587157325431 0.00810687965792774 0.16684667917098 0.392348190705485
-0.00792178947089042 0.00626240496055483 -0.142950617729122 0.26637086482483
-0.0065025219273032 -0.00204539195978655 0.0012845319606452 0.0412060314496417
-0.00685450783574241 0.000670262077527179 0.198283411772869 -0.183108190582255
-0.00598739787004466 0.0175406002698748 -0.0691231368412413 -0.463422575677969
0.00333697802254849 0.0122004297350425 -0.467402975974116 -0.17952451777981
0.00808137133369762 0.00438006032323876 -0.266981609825062 0.291577741089124
0.00146988263034377 -0.00123047253171657 0.0790163620406447 0.27100428097934
-0.00102100914800092 -0.00328870729859415 0.172812851476939 0.069869492228235
-0.00117552251123866 -0.00159426790770152 0.0935833736615892 -0.0895472689399769
-0.00868519784046872 0.00185611315430147 -0.0854402409420735 0.0579009614959623
-0.00697458030245611 0.00144363856420256 -0.128409125387084 -0.0499523769219291
-0.00709327955504182 -0.00797264922621769 -0.0881028342860502 -0.218560223935071
0.000670269473608301 -0.0113508238517992 0.1830591896389 -0.269306528531884
0.00125090373310504 0.00112780039730311 0.403609968382648 0.067756389682441
-0.000326697863664214 0.00746655701363176 0.161318930831403 0.396906970323426
-0.00797686683395917 0.00503017902276121 -0.146781245324049 0.2673434777289
-0.00575560809626063 -0.00273564277598277 0.000456080015558967 0.0425171633815457
-0.00674280016262956 -0.000487690724899189 0.195940304160499 -0.183122985752412
-0.00691757702530831 0.0173328203314227 -0.0755064247743556 -0.459578418227415
0.00281184758983156 0.0127467142060716 -0.468273182530191 -0.170411829929326
0.00735773531092604 0.00291507074374125 -0.261555912657929 0.296270974332534
0.0014066778939065 -0.00341426334465224 0.082648064845998 0.270876416212564
-0.000283863898328806 -0.00412134943843153 0.175178406519464 0.0676814827903214
0.000247924436519337 -0.0012461582562082 0.0938067382019883 -0.0910150434283282
-0.00782889506650302 0.00205248654683439 -0.0832658857905998 0.0564899122413713
-0.00540650662845651 0.00142551381880394 -0.125888095380743 -0.0517420138473948
-0.0059387009684397 -0.00831314775023681 -0.0840112805496767 -0.220109960340144
9.45584755198217E-05 -0.0116906541079917 0.18777156085853 -0.263633364138468
0.000103799278757805 9.33652722669813E-05 0.401564607385473 0.0781916395343017
-0.00116378901246483 0.00599499421908734 0.1533926541501 0.402930106481341
-0.00714047557524927 0.00373935116052827 -0.150248987709822 0.266653803003063
-0.0049207825115543 -0.00376466101583389 0.000527820901386009 0.0427713380457984
-0.00611382878691171 -0.00175432963435257 0.193653469204536 -0.183046505827458
-0.0075804769003143 0.016096772073109 -0.0833991529814463 -0.453788699330214
0.00155496185069448 0.0121356265957109 -0.470874835760272 -0.157853413033819
0.00623673402216714 0.00271028956325613 -0.255561413884474 0.302735121846025
0.00200661773339065 -0.00416848713671029 0.0873116328802425 0.269126815532586
0.00105675283514116 -0.00462712899096365 0.176292851870639 0.065388134907408
0.00248236028217225 0.000338124079332394 0.0944648223639039 -0.0916520986836902
-0.00548336284764195 0.00260479052751741 -0.0819171294037083 0.0551340006862816
-0.00404725221823664 0.00169242309457719 -0.123597450040094 -0.0529891286885334
-0.00551279367542758 -0.00795808173373083 -0.0787168056786166 -0.221713595168179
4.72588882402493E-06 -0.0109607111584067 0.192313214912179 -0.259354957276354
-0.000895412258751189 -0.000715779801984167 0.399570644929292 0.0897656758929069
-0.00152512219078458 0.00400052420964648 0.144867803525681 0.407752256185128
-0.00647541584900078 0.00188267480847999 -0.154239998997126 0.266110557169183
-0.00345906752853776 -0.00514710629203517 0.000537437551414723 0.043074467911249
-0.0059895239539961 -0.00374962901165034 0.189884794308487 -0.185548178017045
-0.00848520190959591 0.0142369579763618 -0.0932087677584816 -0.44912342722951
-0.000230452437721229 0.0107942652679994 -0.475261365595136 -0.144528853169059
0.00564011309534458 0.00320238707782445 -0.248727390554992 0.308636635981532
0.00252665164530179 -0.00287507816840112 0.0932596487271794 0.266833749806382
0.00196251465769885 -0.00410609511410134 0.178971546223521 0.0618638159613352
0.00451981888619169 0.000843165407435682 0.0962757951196322 -0.0933488952183331
-0.00378768620023509 0.00310223486523966 -0.0809177948950023 0.0551503328383718
-0.00261631074301116 0.00220271778974328 -0.121876068379031 -0.054513003678024
-0.00415080514492849 -0.00597953216243239 -0.0751588465749073 -0.223791595740547
-0.000238673156315203 -0.00958155472362043 0.197603012531339 -0.255663742159168
-0.00182459507786409 -0.00200358286007566 0.39852921790771 0.0992554638216691
-0.00210762696010576 0.00153625096545544 0.137826345069285 0.414514152755382
-0.00559781452722712 0.000233906208658947 -0.158095691882472 0.265107959978721
-0.00269869836880093 -0.00586163224103019 0.001532080095437 0.0424603128514414
-0.00511754917120523 -0.00507278229763788 0.187436346519544 -0.188232156899786
-0.00887897288178394 0.0112469101679242 -0.102194662350511 -0.44606992422203
-0.00137784677030504 0.00966092482516992 -0.476873382436345 -0.133620409065448
0.00535616239621019 0.00412441436398576 -0.243105910067742 0.313943387716289
0.00339642554124707 -0.000991203538107157 0.098184124384863 0.265250441750653
0.00397342897266835 -0.00299154006957928 0.180557961020565 0.0592387616386122
0.00636430949250044 0.00154561709174457 0.0976817149035226 -0.0953661428876012
-0.00993528206234382 0.000532411124987078 -0.0847783032751018 0.0602606462760708
-0.00593543655467352 0.00696278252841309 -0.130275106184428 -0.0480085573286781
-0.00530932533459191 0.00376822091421047 -0.0912392427728462 -0.219089732602773
0.00274857276998837 -0.00397729584454676 0.177242223545509 -0.272549358353312
0.00208996613172333 -0.0022625428512342 0.399871899420368 0.0561500146125778
0.00178425346365223 0.00221553546920389 0.162214991748002 0.38298399471949
-0.00646159508496356 0.00423917091030004 -0.140563907026695 0.25810028931706
-0.00685998311574551 -0.00270042523589126 0.00402966214887509 0.0374832389699983
-0.00545423065580043 -0.00142037776697818 0.197454051389926 -0.187366202666009
-0.00504738444426311 0.0116268490333356 -0.0717922662354858 -0.462169272975208
0.00228581150405899 0.00859471684084583 -0.462856785674022 -0.175725189853094
0.00869128232995546 0.0102489406149966 -0.258875748721267 0.286865351775752
0.00205276306417692 0.00964903149794113 0.0809014988415878 0.263908632747063
-0.000648657665391847 0.00211165633094247 0.171159087951767 0.066356224736942
-0.00181540958018396 -0.00186782810094792 0.0942085051678772 -0.0890364078144808
-0.010558908674996 0.000764854786100048 -0.0853927642848023 0.0597273387462242
-0.00713935850088195 0.00534369331875924 -0.130993510236234 -0.0474443628871417
-0.00585286534001066 0.000291098055519395 -0.0926222616150569 -0.217093573789245
0.00247774455067664 -0.00610723839355399 0.17464144681798 -0.273539556168573
0.00279601587942391 -0.000696366800064917 0.400349577296472 0.0519711884239821
0.00202495122916514 0.00486551393830843 0.166902498227808 0.380269949984965
-0.00720780632915845 0.00535119358360912 -0.13915336378431 0.259414910222387
-0.00759136929478988 -0.00180341070766905 0.00289357768084527 0.0385521306478771
-0.00612274463423471 -0.000300240844466183 0.198208989430985 -0.18430488536639
-0.00503651521239706 0.0144623035748312 -0.0672303870367032 -0.460523957301416
0.00306577599910413 0.00980529359085865 -0.460887080843056 -0.180182594845237
0.00868303273201261 0.00822821636698124 -0.262662137738863 0.284343918909099
0.00204780636009883 0.00600747870672941 0.0776075685799359 0.265575428664059
-0.00160648971313229 0.000307572520084375 0.170174209984971 0.0676401376117419
-0.00259804242246955 -0.00204444124662464 0.0928596860238092 -0.0884427131012328
-0.0108054113849928 0.000883403456338408 -0.0855469970030827 0.0597182028827347
-0.00731271736715386 0.00367991168135968 -0.130914109088835 -0.0473350124004175
-0.00648734542055024 -0.00276697601586877 -0.0935492861388106 -0.215830985519645
0.00221972724054778 -0.00836668946965383 0.174024972057815 -0.271637606239636
0.00293834446815732 0.000306245783339334 0.399985099966586 0.0522030049672823
0.00156865866029029 0.00681252038278881 0.167681609026981 0.382231769981045
-0.00799400257169583 0.006223186725593 -0.13983263237629 0.261197796463188
-0.00696078120343323 -0.00162425120715265 0.00222417809190216 0.0396942454564208
-0.00677095242175729 0.000137631354781483 0.196917323370752 -0.182360441892819
-0.00518293396546297 0.0164472976693337 -0.065948331320695 -0.46019938181583
0.0039754790060722 0.0111934552044036 -0.461613411963006 -0.180694933137089
0.00845937517396752 0.00588810527723852 -0.263446951172827 0.285025773240505
0.00141993853214171 0.00205127712276909 0.0773262524256062 0.266777292851584
-0.00156582926183155 -0.00151070171471482 0.170926928729188 0.0684290559885251
-0.00203090717009128 -0.00178005228514455 0.0922407097829626 -0.0880238067938983
-0.00997694153009605 0.00162112956692055 -0.0856982607323175 0.058544311291881
-0.0069860631516214 0.00276486557321832 -0.129099339753924 -0.0475498711299134
-0.00660062869544507 -0.00563648472974104 -0.091642028338706 -0.215801731247737
0.00142054491073892 -0.0100587122482296 0.176241913934031 -0.270109788467614
0.00222250493096415 0.000614815128998338 0.399263290084335 0.0573867534266787
0.000780107663390237 0.00762081160728018 0.166249403862147 0.385634078124072
-0.00796804977674801 0.00613043870936809 -0.140809686323103 0.262699983774188
-0.00635191507560272 -0.00195896212402632 0.001056183325189 0.0409724563180821
-0.00670099379450337 -0.000171183382686992 0.196199819464725 -0.180985170515916
-0.00596515043815569 0.0176659563075496 -0.0683948854013435 -0.457616180319091
0.00310513962270746 0.0122800111218013 -0.460638583866681 -0.17679329261652
0.00789203903545388 0.00441989296852939 -0.263641770238224 0.288158699777043
0.00156757244865839 -0.00115397409096449 0.0782838050186554 0.267526501683773
-0.00117979457919133 -0.00315881595707519 0.171261206792654 0.0682309681212745
-0.00150602194744002 -0.00134878150585964 0.0921172800355669 -0.08882161043202
-0.00930773589164009 0.0021132740496312 -0.0846903364740932 0.0572189734159464
-0.00656697175332518 0.00177398266210404 -0.127971380644983 -0.0489749001828896
-0.00626058021249551 -0.00728461146128575 -0.0883202968530399 -0.215948040659218
0.000616259447233347 -0.0111331128279944 0.179326829620256 -0.265918111432821
0.00141252926715611 0.000648455852161768 0.398584123303247 0.0655485570491526
-0.000381312241014346 0.00776709213483819 0.159883814533201 0.391368452650187
-0.00744023321160061 0.00539557477916705 -0.143886221727691 0.263309722794347
-0.00567943583284487 -0.0025371714232525 0.00104018885830377 0.0418000044600527
-0.00664510484495944 -0.000641119559494337 0.193713975233914 -0.180613720624816
-0.00667160975301542 0.0175099196739586 -0.0742563596011393 -0.452745064095869
0.00303499870967486 0.0124258484164582 -0.463120492803898 -0.167977711991952
0.00736815924583697 0.0029666687608443 -0.258635935217262 0.293130869458316
0.00174465709612127 -0.00309573578200913 0.0817353867249884 0.267602686062379
-0.00036217483380517 -0.00446721607885082 0.172556558198492 0.0663338845831159
0.000435648670563753 -0.000630349656821057 0.09278835533893 -0.0892337565917906
-0.00722210034982644 0.00263903846029267 -0.0834082141155024 0.0553505956844511
-0.00513883442108808 0.00154857098181913 -0.124807110836162 -0.0497596705864172
-0.00574474971760685 -0.00831497320754006 -0.0834963732083274 -0.217093337653454
0.000373020199645038 -0.0113277720083536 0.184680220576613 -0.261399526599223
-2.01158257050341E-05 0.000636657479595164 0.39704955990627 0.0762600508298173
-0.00121005629192696 0.00628079880662539 0.151875857887887 0.397863209828204
-0.00748588219719167 0.0037674341731505 -0.148856600925647 0.263346613430057
-0.00437273018482479 -0.0036836163435561 7.44990785853955E-05 0.041758622612711
-0.00578818936327775 -0.00179767050278487 0.191608069506127 -0.181537988485659
-0.00741313144082188 0.0162037778057518 -0.0830740567552878 -0.44728294544197
0.00149467215165553 0.0116643252939923 -0.466282871177137 -0.155071663182348
0.00646025158320299 0.00288057432128336 -0.252773480480196 0.298964481493907
0.0019835743741905 -0.00408537603305204 0.0871438724231205 0.265765857102754
0.000933275478041348 -0.00482803873618515 0.174361911329652 0.0637453899522702
0.00261372312262541 0.000190157891555952 0.0936986189564658 -0.0910318379020662
-0.00527281649812316 0.00295346158288974 -0.0820694469575861 0.0552325545118554
-0.00337377830787755 0.0016517601066459 -0.122774151756738 -0.0524358450941294
-0.00484845371759802 -0.00759816441527228 -0.0787739157694015 -0.218555722565174
0.000261139556486256 -0.0105480319795682 0.189241592319066 -0.256541467404036
-0.00104154015104588 -0.000440833136821314 0.395138072343973 0.0870856814595123
-0.00160821326213766 0.00381849631921693 0.143222652788089 0.402545941235538
-0.00644324028207619 0.00200692358465593 -0.152627995659733 0.262144984546266
-0.00375935760830074 -0.00478165740940636 0.000886473319685219 0.0424160796758778
-0.00551113380772904 -0.0036386845491549 0.1877987127782 -0.183175779037209
-0.00813109479184036 0.0142773018186502 -0.0921255980046445 -0.44319159622277
-0.000222234320969258 0.010892725326541 -0.468435963048209 -0.14246979883825
0.00567323013847994 0.00327443422664423 -0.245686252289126 0.305423070362822
0.00229478553410804 -0.00310068101104822 0.0928838380407408 0.263776004255779
0.00200006994058029 -0.00437314554738578 0.176164915420106 0.0608914942714962
0.00472245508458778 0.00115261240255956 0.0949862428739919 -0.0929317318762112
-0.00387879066127612 0.00304978049376929 -0.0797391555326013 0.054357983133913
-0.00255829067419548 0.00232697873332485 -0.121116802313734 -0.0538230376053043
-0.00417076154170617 -0.00602675215185462 -0.0747848171970238 -0.220729481215197
-0.000458232096887252 -0.00921123208773373 0.194904897031771 -0.253382631856464
-0.00219250616473072 -0.00177124783387189 0.394269744312076 0.0978403170880255
-0.00195400999077364 0.00108452555157192 0.135328987406703 0.408969302766633
-0.00591938491000857 -8.00597787977749E-05 -0.155754347570318 0.262315298117145
-0.00304625391387495 -0.0057406306008066 0.00149270873603579 0.0419570330445463
-0.00519089583296384 -0.00554884809367959 0.185465620641057 -0.185481660316295
-0.00864613954150627 0.011360853312349 -0.100720013974181 -0.4401306924099
-0.00175352666310731 0.00970086684463185 -0.47262823047993 -0.130715585933156
0.00508955412340375 0.00455730807298308 -0.240229415132838 0.310127403147847
0.00317575236481902 -0.00109232247275484 0.0971264612489781 0.261277761857239
0.00381047917570867 -0.00303209769385531 0.17856629337003 0.057553435889877
0.00617537607483823 0.00148114138291683 0.0961193123973785 -0.0941421837345747
-0.0100340352067098 0.00127132377985698 -0.084345704678804 0.059014356407086
-0.00602339027226211 0.00671731108762292 -0.128912820141069 -0.0474994300461176
-0.00532624987983065 0.00361167722471214 -0.0903286360131233 -0.21666225965485
0.0028130778314035 -0.00387501487439813 0.175605535877827 -0.269643232836167
0.00209327080199403 -0.00227065641346612 0.395658733941822 0.056058973050972
0.00212527077138183 0.00256379490541073 0.159545427434326 0.37837120314376
-0.00664090987409631 0.00333467474064278 -0.139117740904886 0.254474315300439
-0.00727877399166447 -0.00265395533594798 0.00362945674680073 0.0368453313432126
-0.00575223491794414 -0.00112658564028692 0.195211550046955 -0.184361271240016
-0.00440468474714526 0.0113043761252939 -0.0704966670875675 -0.455994557692844
0.00230415727652039 0.00843879525412543 -0.45784618667564 -0.173961431185281
0.00829243170044027 0.0102294820272041 -0.256852785323303 0.282258384083735
0.00246970002539115 0.0100183797630129 0.08013757262755 0.261288957987492
-0.000278546593438146 0.00222463876778381 0.169171416310196 0.0651970375124728
-0.00142784335200827 -0.0018785994002133 0.0932501080459504 -0.0879020357173658
-0.0107016059875584 0.000988819346273822 -0.0851068896827019 0.0593477707972138
-0.00687816148100466 0.00534114081478972 -0.130197099746128 -0.0466667870140203
-0.00580838403106539 0.000275231219399226 -0.092094329015293 -0.214386770638631
0.00259023813492188 -0.0056689331050886 0.172071771564988 -0.270166479081776
0.00290689775155465 -0.00101295292809905 0.395880986421953 0.0512888731814152
0.00229351930383775 0.00495120238529051 0.164933127824126 0.377034953304741
-0.00772859961876084 0.00496792621554595 -0.137484780784181 0.256253479651009
-0.00728431879577408 -0.00183215823989998 0.00272316770549439 0.0381641434615878
-0.0062618864167213 0.000168234693442001 0.196229247653429 -0.181833453687779
-0.00491530957693872 0.0143747046065111 -0.0661135525606154 -0.456549306727426
0.00300479396527959 0.0103414609187616 -0.454886629399707 -0.178492913139036
0.00899092088399521 0.00815081713495928 -0.259989837948288 0.280745334258407
0.00222262693768217 0.00603144349720901 0.0768220133000986 0.26264476184253
-0.00186901462470171 0.000317752482073424 0.168710626575916 0.0670234151047912
-0.00282473317771418 -0.00194662034213278 0.0925195861047468 -0.0870156630490242
-0.0108067957112451 0.000870890445750944 -0.0851496474726681 0.0587590345254554
-0.00769444660364288 0.00375574969273083 -0.129741002122569 -0.0469422898760012
-0.00610514379718143 -0.00309606490292414 -0.0927031477675253 -0.213669868500741
0.00212788877481091 -0.00806463144670527 0.17265705006755 -0.268547549749361
0.00272335991113463 0.000453205034561567 0.395175695547512 0.0519233468185439
0.00192718581793554 0.00698552741933619 0.165606628409162 0.377411153782053
-0.0077591471658462 0.00613016025500945 -0.138128303846873 0.257413136371834
-0.0070414211349101 -0.00177730026274858 0.00166348264067225 0.0390691292260122
-0.00609383056327972 0.000210887636036951 0.195787438653694 -0.179325896081287
-0.00521198070698361 0.0163058811286927 -0.0653552571595401 -0.453631235362875
0.00355381971406916 0.0116481299105548 -0.454788129305038 -0.178518603261422
0.00838749556788943 0.00566939952304332 -0.261847612809294 0.281135347368046
0.0014900831706088 0.00178040395837778 0.0759576495588206 0.263746472398901
-0.00176374283823856 -0.00149247535451902 0.168790209253963 0.0676885755642643
-0.00233725698293994 -0.002285261140512 0.0916942463347677 -0.0871557691473934
-0.010040812509624 0.00166727285288909 -0.0857329665430503 0.0579099334350829
-0.00720827966012526 0.00263325072155179 -0.128126482739719 -0.0471419807747706
-0.00597866287619649 -0.00563642939658711 -0.0902896212916169 -0.212782229614261
0.00137415529801793 -0.0100170815519033 0.174146321247195 -0.266716909065114
0.00177366437400025 0.000969320344114922 0.39597475546959 0.0579746041931526
0.000880154104158612 0.00737556999924057 0.161765493868307 0.381974109333371
-0.00792740649260424 0.0059838749197493 -0.139589932377696 0.258996757512431
-0.00674074181483413 -0.00200915001467418 0.000648171049723093 0.0401481381456525
-0.006787911005123 -0.000184862356529757 0.194152816926429 -0.177818714923585
-0.00572892744900741 0.0168732589531203 -0.066804160756935 -0.451796359800968
0.00348600830183443 0.0121993309887587 -0.456014278741967 -0.174268624642274
0.00791702687793756 0.00399943400954112 -0.260418757852744 0.284056696999237
0.00154038368836403 -0.00149734874348085 0.0778385616585567 0.264163974189205
-0.00133620450188736 -0.00341637619865783 0.169396296007724 0.0675627366593902
-0.00120323922793336 -0.00154283900004332 0.0911937924315669 -0.0878550407968332
-0.00881673542857475 0.00227566893667056 -0.0848918182850087 0.0569103961345579
-0.00650646088346624 0.00193596583622271 -0.127119958287588 -0.0483299248951148
-0.00577185815748478 -0.00729214422559383 -0.0872583423133484 -0.213702055800603
0.000804927301855154 -0.0109122327143927 0.177438231849603 -0.262980455189567
0.00132131370708033 0.0010758036995356 0.393715999389223 0.0647822982295196
-4.69924310974607E-05 0.00729030882274552 0.157326593546914 0.387555514265834
-0.00714836315463251 0.00515378025285006 -0.142657759522959 0.259725084492865
-0.00588875333270831 -0.00281908235420603 0.000598714383783323 0.0411171965225545
-0.00626954090656 -0.000733039556143922 0.192618753806862 -0.178039823061817
-0.00602306074646743 0.0171086821705907 -0.0724431212815348 -0.447321758347794
0.00268633699030621 0.0121165471991661 -0.457996305466414 -0.164895093930376
0.00720527958952041 0.00312530517217102 -0.255547035521856 0.288838105657085
0.00218133173071571 -0.0031114891057599 0.0805424900509909 0.264544157268838
-0.000523126192226204 -0.00467594926024587 0.17130164632387 0.0660684271173309
0.000147740763518554 -0.00102931376623197 0.0924379203432646 -0.088313436352677
-0.00750931928806331 0.00283219507230225 -0.0827873933520409 0.0549177278860358
-0.00516999933443127 0.00133552027194747 -0.12450828404545 -0.0504733490687047
-0.0052100719511973 -0.00824326223464015 -0.0829997930928141 -0.215007465334035
0.000481506037721017 -0.0113910832969691 0.182624554365075 -0.258727864741017
-0.00037955327720492 5.04292172073934E-05 0.391839687346767 0.0765498967482169
-0.000731860502746413 0.00597485796448749 0.148785689500955 0.392804825469319
-0.0069451942868804 0.00332320715331202 -0.14715952422896 0.259357085944253
-0.00488635823862691 -0.00369471157692959 0.000410461259891678 0.0414833428590815
-0.00597315665973733 -0.00213524466658677 0.189457896232696 -0.178590904914806
-0.00755764314103939 0.0155733576344557 -0.0803639804931272 -0.443145657404902
0.00140467983914293 0.0118066422851156 -0.461117270108634 -0.151610250540295
0.00622631722948398 0.00247875190274777 -0.25033878739827 0.295555515767657
0.00206993264603443 -0.00391092810825572 0.0858097852601929 0.262830143282316
0.000707661440696924 -0.00430029632768041 0.172783496442328 0.0633194236319068
0.00183656715530944 -5.33399618433857E-05 0.0933364151575672 -0.0906519124184547
-0.00535778046824455 0.00301395208147109 -0.0818307384665421 0.0542289466768776
-0.00387151108155962 0.0014426023880291 -0.121651196029942 -0.05147599507477
-0.0044891143632307 -0.00768166251363484 -0.0778720779678289 -0.215422851303465
-0.000314792557561192 -0.0100148959165684 0.187452595848775 -0.254378678188213
-0.00102211936000623 -0.000481288117999329 0.390462643817035 0.0870159587330871
-0.00133687376138429 0.00401818282853256 0.14107264056074 0.3982371963781
-0.00658708592431382 0.00150482798931842 -0.150945725072042 0.25895422676023
-0.00354365382994096 -0.0047849337087385 0.000296553359318225 0.0415957008566998
-0.00578133232209182 -0.00335083536508847 0.18613182684547 -0.180077742091289
-0.0080107275739538 0.0138849347529625 -0.0896940504255087 -0.437207298519534
6.15636245613086E-06 0.0109847629200666 -0.463441462855112 -0.141674394910415
0.00597043606853633 0.00263723190108955 -0.242973065883358 0.301794910436185
0.00231684623379161 -0.00319617361213429 0.0913003582525379 0.260756503359374
0.00223300285181803 -0.00413901797633164 0.175235164197973 0.0600349755154545
0.00471704847899863 0.000651152180793541 0.0938637544213883 -0.0919277672049636
-0.00381569348366207 0.00362764134609507 -0.0799290626047961 0.0533746174350271
-0.00240688823981905 0.00204056115906256 -0.119819386643945 -0.0526831906389754
-0.00360079532170496 -0.00620642512956824 -0.0740369664028057 -0.218430747091143
-0.000304730018285199 -0.00913965528554673 0.192621888269875 -0.250094470027856
-0.00180426504516551 -0.00206688621553464 0.3901316400661 0.0965573306984269
-0.00202232297215684 0.00122556771031716 0.133497360976193 0.402077663149719
-0.00597610906399943 -4.66209364622175E-05 -0.153955799150942 0.25791490840513
-0.00270868800042393 -0.00577433722466053 0.00167296040760664 0.041229928739585
-0.00450375394150375 -0.00557154583594713 0.184052223064502 -0.181916752304782
-0.00828836625989258 0.0114218669383732 -0.0977141421855664 -0.435508081260005
-0.00206930818242288 0.00971703858130276 -0.464949903089266 -0.129055983560301
0.00496211472240564 0.00429879240159014 -0.237423706128416 0.307146346811607
0.00339127619878181 -0.00113277514396709 0.0965061498447514 0.25824000076936
0.00336731951233741 -0.00268109136769047 0.176918534702184 0.0573944519173098
0.00634951147479794 0.0013392120182995 0.0959478298530263 -0.0935794106662599
-0.00956599791208578 0.00103299447376079 -0.084093273139412 0.0590858307840337
-0.00557260318787185 0.00681442249658072 -0.128259187045502 -0.0477037001917045
-0.00483441489175099 0.00350677990003119 -0.0894573441751385 -0.215159319045966
0.00301724576591571 -0.00391132820150415 0.173933188951983 -0.266455120391495
0.00192801062028022 -0.00199692658325009 0.391201265935233 0.0562682102139965
0.00190439304018043 0.00218820834522194 0.15711480855167 0.375107474533032
-0.00730375198430084 0.0039910511755904 -0.13940524193583 0.250458039996155
-0.00656886687800192 -0.00260005558943386 0.00341443919046806 0.0362483819343088
-0.00546556516011116 -0.00120899054231179 0.194517457647743 -0.181743868337387
-0.0043058405259414 0.0110568586023456 -0.0679690870251955 -0.452113702673829
0.00206254415043102 0.00879023620476126 -0.451580891997119 -0.173220730311056
0.00847618055362903 0.00961893651407989 -0.255304122291206 0.278994698094497
0.0027973266859639 0.0100224977626596 0.0785655898876961 0.258979059150536
-0.000637090693082678 0.00219767916924078 0.167378600155093 0.0651216949911761
-0.0016849143148237 -0.0020277679614412 0.0930820992256434 -0.0864425989611138
-0.0104258877556626 0.00123270159087246 -0.085391551934537 0.0587287702438862
-0.00652576724850603 0.00510362254811979 -0.12923202658071 -0.0463795518732788
-0.00546335970333732 0.000488466515968029 -0.0907292035553323 -0.212909369402865
0.00261524563349651 -0.00593333779998839 0.171474444060656 -0.266902092160125
0.00262321557975512 -0.000803188002088168 0.391740500714561 0.0528748651971586
0.00222736486277108 0.00444361189679175 0.161317289247503 0.373768871449453
-0.00738380269793529 0.00499308559818036 -0.137241659355402 0.252503284845141
-0.00769961978533134 -0.0020889451326331 0.00219856637208674 0.0373024612842105
-0.00615338470631253 -0.000237875540887136 0.194958923456978 -0.178276037791071
-0.00474891376463438 0.0139704665594141 -0.0633853059916527 -0.451313918765804
0.00253670221236708 0.0100041347898443 -0.450472798694982 -0.178104460060961
0.00855809725144148 0.00770908361543331 -0.258567785460221 0.276713402851048
0.00201971081723133 0.00566852218055983 0.0752987200024005 0.260552592480703
-0.00138265160549945 0.000260962481395347 0.166648166868144 0.0669516940976719
-0.00273165486326906 -0.00232728482287116 0.0918826215026482 -0.0862211089915228
-0.0102793794980206 0.00118560970253328 -0.0859385261218556 0.0579323856589897
-0.00702015915769783 0.00391641211875068 -0.128977696190523 -0.0466082086193068
-0.00550734530583668 -0.00312719053130485 -0.0910320056017537 -0.2115345968623
0.00207959399296447 -0.00767572555155344 0.171095166483714 -0.265583050500941
0.00251867929275862 0.000225459666790038 0.39124591668217 0.0534878426898335
0.00184160511857878 0.00666244075899989 0.163082346156164 0.374187251611764
-0.00752635454271936 0.00578619193075537 -0.137656753512832 0.253233390596308
-0.00715916154213591 -0.00181448452394089 0.00154057395794296 0.0387697675383022
-0.00633681764533619 0.000172881608347265 0.19467609621553 -0.176844311352704
-0.00496423290912324 0.0159675849477659 -0.0627516648965866 -0.450690579212914
0.00364210838215728 0.0116226061358868 -0.44953690380937 -0.177868298962109
0.00848022766577496 0.00596784510874175 -0.259807157927095 0.277799337752486
0.00159341865417391 0.00195632716690098 0.0745757960864901 0.261643931202133
-0.00174170795142833 -0.00130129736968498 0.167182956267359 0.0670276089718689
-0.0023813096545297 -0.00174378121014881 0.0914192138202264 -0.0861893422023271
-0.0100661218849763 0.00196236610154513 -0.0853299734255061 0.0571974913462947
-0.00742590791685057 0.00240214158459272 -0.127462834863013 -0.0470319554533097
-0.00601523468389016 -0.00586079775033854 -0.0886791816735055 -0.211176063971173
0.0016851944916836 -0.00945411025278829 0.17271055723973 -0.264429320548374
0.00187674391834969 0.00109786100603762 0.391327689681346 0.0582260452271451
0.000983511802668448 0.00748110847065374 0.159376106033384 0.378357654430677
-0.0079214726668025 0.00595758110047055 -0.139169491001438 0.255673464271022
-0.00630644246299171 -0.00232721368942793 0.000657262878199792 0.0393213896601762
-0.00622047952221359 -0.000331910544082117 0.193361007891604 -0.175120458069084
-0.00534884135379354 0.0167446050521794 -0.0638671848071115 -0.447425617735621
0.00315893949284585 0.012266612318402 -0.451424867419373 -0.174233464117325
0.00822362161043637 0.0040012934379426 -0.259209693810452 0.280515305346924
0.00208531727794641 -0.00129652087913622 0.0758610183583877 0.262525703440292
-0.00145434619529516 -0.00338968068385071 0.16775864621926 0.0669820119907315
-0.00144121848113296 -0.0012795359333971 0.0914731695338454 -0.0867021804931998
-0.00902385218744034 0.00231495451991302 -0.0844355942560065 0.0555478127912424
-0.00606963738892572 0.0019709374698684 -0.125715847947661 -0.048512704435607
-0.00542805110456515 -0.00748191217263041 -0.0858053207834644 -0.211388370721876
0.000643413754118499 -0.010823838389116 0.176525702829008 -0.259823284689439
0.000961030848202192 0.000749486952906619 0.390195554863288 0.0657780507185005
5.09819387576292E-05 0.00718124458928917 0.154169737009456 0.384130876057969
-0.00783554652449216 0.00464882493904874 -0.14299865633445 0.255910084100601
-0.00602895359353796 -0.00323277643534903 -0.000368672482831302 0.0405393835335632
-0.00600027422186611 -0.00038490908751518 0.190809249938948 -0.17523359963422
-0.00611713290759515 0.0167640159800065 -0.0713486754648573 -0.442825420292157
0.00259211042244739 0.012466862264798 -0.453236608603733 -0.16583645124249
0.00720331484555882 0.00233905645433555 -0.254319047106341 0.285494334898986
0.00171464395624656 -0.00345735669725783 0.0794968975653651 0.262079058125442
-0.000885867380618242 -0.00435227695632292 0.169487494024302 0.0655002975878702
0.000140197755827672 -0.00113880740213393 0.0921921963921647 -0.0875920923688388
-0.0074770391996483 0.00324793297813133 -0.0833630691207924 0.0540583361495817
-0.00539045472654298 0.000931303843012773 -0.123199071083151 -0.0494812311444408
-0.00550071137738851 -0.00802038433790473 -0.0816574385673929 -0.212165272584963
0.0005256999935348 -0.0106594201933468 0.181115208030106 -0.25531161202019
-0.000161194968596162 0.000129775685730108 0.387831172522483 0.0766826942379506
-0.000756453384760936 0.00588598673572919 0.147176219896699 0.389535858835924
-0.007190605193067 0.00330624554482777 -0.146740216253982 0.255754628707513
-0.00484988137628578 -0.00355640698443234 -0.00020234117087427 0.0411422397300876
-0.00602673082661104 -0.00196790347651653 0.188809642476829 -0.175334694516049
-0.00733312654443068 0.0153528259628656 -0.077924507460279 -0.43806979129971
0.001553765398642 0.0120835391076738 -0.455587404179937 -0.154807264832866
0.00676902519399995 0.00241204714526807 -0.248384327715861 0.291131407390536
0.0020835515148272 -0.0037403407819832 0.0843276105941371 0.260272162837648
0.000863435935973667 -0.00479258611825931 0.171622001965822 0.0630165667224348
0.00169828855573876 -0.000124317045212706 0.0931059040318905 -0.0888602138310743
-0.00548115520514172 0.00321177266786079 -0.0817167839610299 0.0531423146905207
-0.0034705015826707 0.00164150281068888 -0.120914105384593 -0.0516659668948083
-0.00406635853740711 -0.00756705778278443 -0.0767896251916296 -0.214132854961767
0.000483895806503405 -0.0101645778605421 0.185776144090242 -0.25147466946708
-0.000733635789374091 -0.000495437114453165 0.387223341288871 0.0872955989720833
-0.00116566194237772 0.00384048165978771 0.138424316282942 0.394897547566277
-0.00658485530818989 0.00174270604031753 -0.150269718263352 0.255157195836939
-0.00331002341914375 -0.00464547345312505 0.00020384660638896 0.0412262105482326
-0.00509923224752034 -0.00329528444351089 0.18508415835634 -0.177923149571649
-0.00765216086280578 0.013946736986091 -0.0881186548757481 -0.433255815567815
-0.000101203650344566 0.010936596069709 -0.458321832770141 -0.140144796488028
0.00566479961661538 0.00298764626358778 -0.241194530469644 0.296990556371708
0.00283562988798627 -0.00335283059989046 0.0899356014578292 0.258783632607436
0.00204754504682727 -0.00405455444398522 0.172647970424907 0.0602403359029138
0.00424067909553822 0.00068969347834933 0.0935692919799283 -0.0906077459427547
-0.00337202447159416 0.00379718163770693 -0.0802618976806705 0.0527811999089759
-0.00222399905649735 0.00218617574606147 -0.119712954529404 -0.0528772470178883
-0.00354696201903172 -0.00565181243764619 -0.0724869017210934 -0.216302350242928
-0.000114045335852378 -0.00873476493667389 0.19111229627829 -0.247485245668724
-0.00209063248172007 -0.0014363956502949 0.385527122906515 0.0964430352962692
-0.00138834027766763 0.00116185319171686 0.132192691561868 0.399400570497681
-0.00585393548221859 -0.000198089870985255 -0.154005003425036 0.254410305743213
-0.00268309131859338 -0.0059452458801673 0.00123840074416359 0.04093832021886
-0.00463729488026938 -0.00541137005486311 0.182193760091894 -0.179638042684464
-0.00802539986494459 0.0108872961404366 -0.0966276934448756 -0.430353077614489
-0.00144557736172031 0.00965543647187999 -0.46120454346335 -0.130579731924647
0.00485985734212767 0.00394226774247519 -0.236144244449071 0.302290461138043
0.00361098433711068 -0.00120974634467308 0.0943732237435871 0.256753446638137
0.00355731626504601 -0.00298586940031472 0.174632653798537 0.0574567151149165
0.00622769420071606 0.00152130481557521 0.0957022338440253 -0.0921300484221872
-0.00944376757924288 0.0013288144919338 -0.0851393199638606 0.0580269326232302
-0.00568652096459741 0.0066753697697266 -0.127340664672806 -0.0472208832268144
-0.00426664335243687 0.0031985436784518 -0.0872181055882219 -0.213421942074996
0.0030545671341402 -0.00346801423140725 0.173764049706286 -0.264118056924402
0.00194885218112836 -0.00216494653932597 0.387809387953401 0.0579875477842868
0.00194563976211804 0.00207398280978526 0.152800419876412 0.373167890251243
-0.00645119869805568 0.00359351974869508 -0.139053991956295 0.24738639215987
-0.00703147130571675 -0.0025857285239348 0.00281748274230343 0.0361405110399072
-0.00544312521881921 -0.00165050679477436 0.193777572502508 -0.178506653990518
-0.00430220358915085 0.0109548301911338 -0.0638993941668505 -0.4484160918793
0.00198485327703059 0.00827793635473176 -0.447123038304264 -0.175542583067135
0.00858179209674814 0.0101717034352352 -0.254392147651525 0.274945595028956
0.00255598974162268 0.00900795287526292 0.076331991859249 0.257645175632446
-0.0012816625324064 0.00219424310116071 0.165836517805719 0.0648993278607887
-0.00207774686150271 -0.00199427182458526 0.0930305960922144 -0.0857982486888563
-0.0104214120921945 0.001358564440532 -0.0859789700842842 0.0576779170030989
-0.00642661649103218 0.0054756222819429 -0.128027311704357 -0.0470298660093283
-0.00503807042944358 3.18425491036458E-05 -0.0893942149296949 -0.21133151169634
0.00245321600230342 -0.00575062853043854 0.171300409654414 -0.264912759410344
0.0026263445409013 -0.000453840565423394 0.389229106234523 0.0540102102175732
0.00223952959221538 0.00437748831833906 0.157958765535229 0.371027105393078
-0.00725811999035405 0.00492267073505625 -0.13768931209802 0.249033331739943
-0.0073356928066794 -0.00221750953088435 0.00167181940977192 0.03695663740209
-0.00622082596900394 -7.83226657241343E-05 0.194398124832193 -0.175701587044218
-0.00431428338685807 0.0133726140128608 -0.0602721145721174 -0.448255566199956
0.002847346036309 0.0101210551273307 -0.444600575876982 -0.178656833429513
0.00883094954152252 0.00764058791963904 -0.258367620031298 0.273720729353712
0.00191995038220752 0.00538263140351179 0.0734404011112839 0.259118075185339
-0.00171563823216708 0.000312158530599188 0.164977367259261 0.0667017392906425
-0.00259249890629532 -0.00218215097794629 0.0928371599906845 -0.0847413099767027
-0.010366642288614 0.00143666831619307 -0.0860114740076107 0.056906190129301
-0.00734470043368038 0.00410143030548412 -0.128031569839968 -0.0464450688527363
-0.00517580907711453 -0.00301250361803823 -0.0893640209894851 -0.21001635853346
0.0022024403461333 -0.00752763458922745 0.170403388423565 -0.263300702951736
0.00272589134563557 0.000514864898170322 0.388020206681736 0.0542993689644629
0.00189404388779165 0.00620881341753759 0.158399271597947 0.371824351114907
-0.00794935512708122 0.00569004962395612 -0.137878039907765 0.25073669582818
-0.0071082903970448 -0.00214436952175623 0.000654198232362257 0.0380090492735843
-0.00587547923706125 0.000664015415782984 0.194251504989393 -0.173394768642079
-0.00483757529843917 0.0157020348896139 -0.0584649863239608 -0.446687305361763
0.00344216350062449 0.0114750187203144 -0.446026948308204 -0.178153679982987
0.00835199731243884 0.00563972145839496 -0.259548939794889 0.274114176850466
0.00183020265998187 0.00163345597691762 0.0731859556852612 0.259727265829814
-0.0018352813634888 -0.00113113345158591 0.165436143511308 0.0677091974793522
-0.00220689232214208 -0.00221729995754819 0.0917744957659893 -0.0849879516883752
-0.00992429858133811 0.00209015359042757 -0.0857620629615193 0.0557185247566359
-0.00703555959211975 0.00232144532569531 -0.127397275462437 -0.0470403569346341
-0.00566794842862994 -0.00567961250687673 -0.0870272160759475 -0.210283113563571
0.00145591131855694 -0.00963116664885919 0.172878864334035 -0.261017284520328
0.00164355193780998 0.00100636535891506 0.387460843118647 0.0596566536072965
0.00130815905871433 0.00741131238688377 0.156361887891421 0.375761626070063
-0.00763709847221093 0.00555875761744518 -0.139647569096515 0.252382134247796
-0.00698139239681732 -0.00233728868654801 0.000191514024618158 0.038976357592623
-0.00646378523719898 -2.25182579586172E-05 0.192897022215226 -0.171590855345742
-0.00563154951539777 0.0166689138003237 -0.0601223713788051 -0.443519891947551
0.00332686085687752 0.0124842826744855 -0.445862187527315 -0.175103885399135
0.00801929030853477 0.0040663391004984 -0.258473852734323 0.276916516882932
0.00167934973890746 -0.00136223207383875 0.0737705884912257 0.261034692772662
-0.0015652285923121 -0.0033829335434755 0.165703128737116 0.0673464362918362
-0.00199231396782652 -0.002077784099105 0.091782649737407 -0.0852027083390066
-0.00894142468372426 0.00242921613057437 -0.085157464844327 0.0545934515867232
-0.00635336018844539 0.00172071984873012 -0.125451795810797 -0.0487508549354206
-0.00513993112471411 -0.00742234380307584 -0.0846642099115107 -0.21018795734292
0.0010562592085049 -0.0103493983727397 0.175983324313452 -0.25769188880911
0.00125010814293804 0.00113763860588393 0.386056996286352 0.0676279377189145
0.000416310934978154 0.00730529568732981 0.1511744711029 0.381500692923253
-0.00771107856809308 0.00462448631439235 -0.142840174889884 0.252557983613522
-0.00576492767804684 -0.00280873767228923 -0.000476262764043978 0.0396827009420898
-0.00611007365590964 -0.00062197405523146 0.190888597202498 -0.17191333753983
-0.00578822953372781 0.0165779734386236 -0.0673191377024243 -0.438895729997169
0.00254747038396596 0.0121484385079889 -0.448021439556998 -0.166681431499444
0.00746247589711884 0.00310502977403964 -0.253726214086389 0.280849267324132
0.00206414373280423 -0.00368514074063295 0.0772591312256734 0.26055205157344
-0.000517167055961217 -0.00434083157230734 0.167961200700863 0.0659093435712935
-1.82104169868559E-05 -0.000615730216009122 0.0921300200208251 -0.0864047123341107
-0.0073142861120014 0.00312312931390788 -0.0835549595513211 0.0528957656326063
-0.00508929693136651 0.00148831658851777 -0.12255248888384 -0.050088642062148
-0.00527377541006618 -0.00821961366428446 -0.0800503094137991 -0.211611358260643
0.000238290838634402 -0.0106581922220118 0.181421098967906 -0.252222210867425
0.000268337202455647 0.000726892942408968 0.38435147702158 0.0779485434982402
-0.000150480010727093 0.00569275648555861 0.142867930287998 0.387599769932012
-0.00698184989523222 0.0033552812980757 -0.147011002886499 0.252477036502317
-0.00460774721052083 -0.00406701490793284 -0.000768724893770676 0.0407595368007506
-0.00590571309062245 -0.00225734352770663 0.187770975432367 -0.172754710652151
-0.00684488757069939 0.0151170771889593 -0.0743694785369374 -0.435504417814829
0.00134579803502298 0.0118399297282175 -0.45066776731193 -0.155130174412816
0.00672806515247118 0.00202001507113839 -0.248030821924032 0.28816176671598
0.00238175802569928 -0.00394193398456362 0.0825153174667118 0.258791075067923
0.000764176031728928 -0.00448032732594963 0.169747976178051 0.0627399393105677
0.00186529064291317 -0.000207071651674768 0.0931457950383305 -0.0882959594508177
-0.00497490567801764 0.00356326159740652 -0.0825410446978611 0.0522701546824759
-0.0038090792195696 0.00186039316592113 -0.120538726014809 -0.0516447112934565
-0.0037401231540896 -0.00791687634210692 -0.0755729058927089 -0.212620436588932
0.000349352263264725 -0.0101910615275814 0.185463953281066 -0.24875269097304
-0.00124641515655217 -0.000644816446235554 0.383392484439163 0.0881935420273739
-0.000900102607802571 0.00319925431751314 0.134868363117387 0.393539754910516
-0.00631013541839229 0.00158104325282284 -0.151038585906272 0.251573308338967
-0.00371532125822807 -0.00477474392218365 -0.000447489012854728 0.0402082809030261
-0.00503817286577243 -0.00315558117815036 0.18516650013124 -0.174011088509036
-0.00717731185441544 0.0135404206851772 -0.0848154211410827 -0.429621362986809
-5.77758694484429E-05 0.0107285191389162 -0.453431379030642 -0.142372069048217
0.00563045196018938 0.0028288933138956 -0.241750092912488 0.294485940782448
0.00300246689113074 -0.00330809940079311 0.0873479693731027 0.257454850545792
0.00198236681617077 -0.0040625925195415 0.1711406360055 0.0602649314520213
0.00415901151779512 0.00111329529415236 0.0942229596589957 -0.0896040501044792
-0.0038108390250305 0.00419677262226534 -0.0805813558143976 0.0518849299886964
-0.00250826817642458 0.00224061955738022 -0.118571593326747 -0.0529496189832048
-0.0028721352508369 -0.00564572644794394 -0.0709554243914011 -0.215020954016331
5.62601026434266E-06 -0.00859036174904459 0.190204390667285 -0.244684218015168
-0.00214218602649832 -0.00177885128974072 0.382596473743328 0.0978863815130583
-0.00124288727122375 0.00094009722464871 0.126991097421654 0.396984506680795
-0.00602217748609969 2.88841981216596E-05 -0.154437436727525 0.250852896935141
-0.0028460572151953 -0.00557286030551125 0.000208182120468827 0.0400933780482397
-0.00471503900013763 -0.00522041753697456 0.182766070018122 -0.176831821617928
-0.007980211646633 0.0110532481124956 -0.0927520439629479 -0.427335523445535
-0.00160281336289361 0.00950206381014138 -0.456625046409122 -0.131931405065027
0.00492642809703385 0.00471657765177906 -0.235677513512066 0.29893792343928
0.00373485546328751 -0.00101550142815562 0.0928178790403068 0.255277508127642
0.00372620406936929 -0.00293635876236884 0.173462632783531 0.0576830848914296
0.00608898136211787 0.00141528625238937 0.0959100721728965 -0.0910240276136786
-0.00948152987265172 0.00122847690174001 -0.0861961605292834 0.0569763643270185
-0.0052795541855276 0.00660568201798541 -0.126964556810908 -0.0477711891759856
-0.00418378132593496 0.00306756462144679 -0.0862902876358781 -0.212851015807091
0.00336387645332313 -0.00345858730890141 0.174909536155028 -0.260399190546604
0.00204009709567706 -0.00212415330629167 0.385153676088305 0.0605938323967584
0.00237682092224835 0.00169227009842791 0.149735624391832 0.372877785618336
-0.00695006562106286 0.00342468059410001 -0.14071550588029 0.244180097801996
-0.00692834715896943 -0.00266159798647435 0.00197335186756187 0.035987027392845
-0.00554668560678688 -0.00138266099789705 0.194481970601732 -0.175664661248404
-0.00394099448905303 0.0106238305552625 -0.0594743522147327 -0.446363569206747
0.00204615592626001 0.00828177170219069 -0.443208222155225 -0.178657117743282
0.00866571929593331 0.01047619568795 -0.255613415239481 0.272491406406127
0.00229224677315582 0.00941014294793494 0.0743214623911928 0.256016365431536
-0.000575930533310738 0.00229865226311138 0.164296174220536 0.0659013015420384
-0.00200752138920601 -0.00195199659069074 0.0935682280181172 -0.0840067054622965
-0.0105424089911844 0.00176449856758531 -0.0862880678349604 0.0566591773329676
-0.00663323707888731 0.00482435901432426 -0.127711504497453 -0.0475441973143162
-0.00469550342102138 -0.000229359006390317 -0.0872531824792 -0.210798856778378
0.00242709020303441 -0.0055374199359995 0.172236533895404 -0.261448469899679
0.00255948675027007 -0.000554237133312062 0.385061309669817 0.0566716516141853
0.00234720612179219 0.00462801118097758 0.153435933509251 0.370005605925152
-0.00751098553991917 0.00494882521546806 -0.139188479942884 0.246169560197456
-0.00693048148234155 -0.00156455439639267 0.000988234076162734 0.0365832017548553
-0.0058046891661757 3.48556613544155E-05 0.194624134455742 -0.172007542385508
-0.00476548128142552 0.0135825541992687 -0.0552632695830431 -0.445104365675107
0.00312521172154069 0.0101855464486936 -0.441989359999834 -0.181028619991791
0.00856472213330748 0.00799754511851395 -0.258182948437165 0.270247217785754
0.00221423498426684 0.00557645439306601 0.0707415222358702 0.258265022286333
-0.0016555239010928 0.000260891762925743 0.163881799130227 0.0678883044849558
-0.00281171140409871 -0.0019597990667053 0.0931298484043286 -0.0838681663291304
-0.0100863019523378 0.00157558580626424 -0.0868168544919676 0.0554834415689547
-0.00700317136088809 0.00374786033794322 -0.127613744489572 -0.0474964519574767
-0.00528360279827981 -0.00344982247406642 -0.0873588614794855 -0.209710799710989
0.00207459230360696 -0.00783791198787622 0.171300701572061 -0.260090807598273
0.00277297874037107 0.000670173050075524 0.385782786278492 0.0571625443765976
0.00186134206063536 0.00621855346204123 0.156172577153588 0.371032599519867
-0.0078068470146139 0.00567294240375887 -0.139175740314405 0.247465494614218
-0.00698617101213173 -0.00173280240511599 -0.000199337443312862 0.0380229863279272
-0.00634901535581362 5.1153450867111E-05 0.194518965119619 -0.170707561727447
-0.00490914646349856 0.0155214947099155 -0.0559348996057938 -0.443623487914683
0.00354536714659291 0.0114018699914983 -0.442325923194912 -0.180958819606485
0.00833209338947552 0.00639616861768359 -0.259908625977065 0.269942861412135
0.00213947731643006 0.00191721021377417 0.0706334822879606 0.259436701778167
-0.00174605895549614 -0.00192813735349309 0.164146566629877 0.0679991635612233
-0.00246739059829695 -0.00229933391319257 0.0919868795245046 -0.0841968161349057
-0.00952886224212689 0.00195111527351172 -0.086735874153693 0.0552741318405319
-0.00684234734420805 0.0028720029929243 -0.126903176506314 -0.0482076394307681
-0.00533620914773501 -0.00574838933448537 -0.0859936582173539 -0.20909374091099
0.00180175648585521 -0.00908275325822305 0.173215967121632 -0.258756817678094
0.00196888423080882 0.000917045778558724 0.385795749720838 0.0616536430651773
0.00111503824098967 0.00722400438486221 0.152914082313711 0.373520365811169
-0.00779598373156265 0.00526049032601279 -0.141152274151335 0.249573311151865
-0.00679170801824767 -0.00250842540420243 -0.000477928583782836 0.0388417510599333
-0.0066763337753018 -0.000344439076183725 0.193350984346802 -0.169896265241805
-0.00514175802985713 0.0165645476380014 -0.0557260446896018 -0.441223191786602
0.00336402629141558 0.0127263743234415 -0.44154115603114 -0.176038250069637
0.0082349245894894 0.00415245169966053 -0.259348078126718 0.273273830326216
0.00197286997644254 -0.00160005183424974 0.0716177566847178 0.260135661031959
-0.00115230859440165 -0.00314232965807606 0.164403509223386 0.0676716173897239
-0.00182648549351215 -0.00178890802470476 0.0922730574009258 -0.0844582593826047
-0.00849408150752187 0.00288373001139221 -0.0852097032452299 0.053663600994895
-0.00655728714932875 0.00168867371613068 -0.12447293528382 -0.0487158067605159
-0.00509253912267421 -0.0077429886942717 -0.0822746223913731 -0.209986182498389
0.00124179312360315 -0.0103115432676069 0.17685654623652 -0.254122410616361
0.000694521530604368 0.00108535483054288 0.384839442185901 0.0702709015052967
0.000570517159689132 0.00688586868503621 0.147557579464748 0.379638152492601
-0.00745907776509133 0.00485215279580012 -0.143871466613161 0.249184660774849
-0.00569467316199168 -0.00298277231044826 -0.00138413869913196 0.0394070287205008
-0.00619399764598813 -0.000366660325783883 0.191011955544753 -0.169142201663026
-0.00580861312412885 0.0164128859528865 -0.0619859904256291 -0.436759864364989
0.00224920747556109 0.0123357732155633 -0.444703746151573 -0.16944919939133
0.00719705287194489 0.00305994455235934 -0.254937750170567 0.27846759866879
0.00224409660370676 -0.00388503089722434 0.0745849345333676 0.259828812614068
-9.92044485191444E-05 -0.00462550178886808 0.166363331201574 0.0660410335268095
-0.0003075002843999 -0.000718764796911004 0.0925208540013764 -0.0851287588400046
-0.00775303366023637 0.00362850629185612 -0.0837517810631482 0.0525988935577129
-0.00531471835605201 0.00181408200186076 -0.12218382879208 -0.0506897963288044
-0.00433449204022806 -0.00783361383210371 -0.0785433505024985 -0.211071955908455
0.000700310197899593 -0.0103187414115527 0.181916331743014 -0.249759464153595
-0.000235165716963343 0.000854015039542111 0.38222929127329 0.0803319357137027
-0.000792849076273521 0.00583405582694945 0.140464523311322 0.38650377247409
-0.00735287185933067 0.00308076345874926 -0.148216169780804 0.249740211654558
-0.00458622237199589 -0.00393109579133267 -0.000824523693695401 0.0395026425567999
-0.00545442447237662 -0.00157671353526739 0.188749044462358 -0.170331161237654
-0.00653392775078255 0.0155095315705403 -0.0695406036017315 -0.432449997421036
0.00116095377619988 0.0118134991899245 -0.448609401110367 -0.15656501338443
0.00640990154038157 0.00223664596533037 -0.248582638549837 0.283934203799999
0.00239753746122542 -0.00430846039818722 0.0798331262474721 0.258057895662453
0.000637481088918613 -0.00499133759996651 0.167815122366714 0.0646931074439452
0.00173989895425472 -6.84970343033694E-05 0.0942719007885377 -0.086547366175627
-0.00536758129429775 0.00375969479288809 -0.0826284793880476 0.0518171756863701
-0.00361236540591977 0.00150731970016706 -0.120059663112532 -0.0517140228738431
-0.0038827449903493 -0.00771496165934675 -0.0731230449786566 -0.212274487479083
0.000349346539694837 -0.00970968679381279 0.186525273999329 -0.246118044427372
-0.000871276207236481 -0.000526234379555035 0.380540099850212 0.0913302899311869
-0.000789509748181543 0.00327681449524365 0.130652181764637 0.391095399323737
-0.00648777077903741 0.0015917669913683 -0.151813340330743 0.249023352585687
-0.00381566294326611 -0.0052338094648907 -0.000844344882352198 0.0401120537066983
-0.0052306037764731 -0.00352976499823024 0.184905520644924 -0.17145887428441
-0.00755163070478978 0.0132151883159116 -0.0798502580648359 -0.428103208480309
-0.000653908743054045 0.0110989142253347 -0.449754575183263 -0.144233211608863
0.00571551605002684 0.00294141369065123 -0.242304311188481 0.290312502932881
0.00295490410803433 -0.0032629561898325 0.0848780587943671 0.256608898649847
0.00200165916256436 -0.00375088892616833 0.170454060029666 0.0615213451332113
0.00421657675970268 0.000601499857084537 0.0951298933488216 -0.0885448447463316
-0.0040324412971011 0.00417850413059012 -0.0809189893622173 0.0514851164541442
-0.00241423701571545 0.00258855335892868 -0.118302178222012 -0.0532631410533869
-0.0026111101490181 -0.00568439550081974 -0.0696109840495478 -0.214346277796825
0.000180888315780539 -0.00835892783510104 0.191350468867021 -0.241612774827834
-0.00203095474856962 -0.00181578346670815 0.379462489770824 0.100104562096123
-0.00133125780102791 0.00109541040238114 0.124334831218772 0.395503919163065
-0.00582923473856658 -0.00035091874392054 -0.155162582453544 0.247475810851207
-0.00252407255942365 -0.00563188834102972 -0.000284077709787784 0.0396583184814243
-0.00485062315684899 -0.00511599030391449 0.182718791147554 -0.174228456196247
-0.0079497841828246 0.010644509185357 -0.0894523026709087 -0.426008114645327
-0.00143342660923259 0.0092234685575716 -0.45314373399135 -0.134045440330931
0.00550346136128408 0.00420658090458936 -0.236575662382585 0.295042583577682
0.0035402024701437 -0.00147417457148182 0.0898397437275724 0.254458711704232
0.00366314539920537 -0.00277833418867758 0.172445018874801 0.0589119362979906
0.00586676346184957 0.00199052817037404 0.0963177122757699 -0.0894923521348398
-0.00946001894835045 0.00158602106861205 -0.0865262482863059 0.0566483265543157
-0.00572811360833207 0.00663754768111935 -0.126756444584607 -0.0493586155818205
-0.00411277097282337 0.00301430766866619 -0.0846251629371331 -0.212996330273826
0.00335249631306237 -0.00351251444297656 0.17594174126107 -0.258698527266791
0.00191291143449045 -0.00187583302616868 0.383545846824706 0.0636724330552342
0.00241636313674485 0.00191820897485507 0.146540224885562 0.371717669781338
-0.00718035518301051 0.00324202111178852 -0.14197308053181 0.24208593772808
-0.00696888484427457 -0.00259047098535973 0.00115729731011487 0.0356782113032212
-0.0047248513481955 -0.00125413811624713 0.195163847435461 -0.173019084799035
-0.00394855746293199 0.0107400778653167 -0.0560345675988431 -0.444676610953866
0.00186609901043075 0.00881457280007899 -0.441330627855957 -0.181000292004311
0.0086281808803857 0.00995645566509932 -0.25689302209687 0.26818525274208
0.00258969788062363 0.00943145090921444 0.0717297566472805 0.255914585585256
-0.000551637805916821 0.00212810145260971 0.163531085843952 0.0665637077655597
-0.00201976435302574 -0.00227035215622317 0.0945169716120426 -0.0833446274025909
-0.0104996976853331 0.00119321105648375 -0.0869385389128478 0.0562728496799983
-0.0067191989732865 0.00556150334868256 -0.12769208639435 -0.0482034541119764
-0.00423689422299768 5.3138264189167E-05 -0.0853153600299218 -0.211226877411976
0.00290910742720886 -0.00540057431454339 0.173967984745793 -0.259342905352785
0.00227956524502713 -0.000205102421962052 0.383448564110039 0.0592462820388304
0.00248562163354438 0.00459287812884816 0.149913008644045 0.368843719912063
-0.00762115599073845 0.00451766337115103 -0.140379214524329 0.244154796198523
-0.00722785085675176 -0.00181919613434499 0.000554015087541392 0.0364022444733531
-0.00590200358521367 -0.000606192271342253 0.195940494193517 -0.170350887859201
-0.00434510923425035 0.0131569937822146 -0.0515936840448787 -0.444327724280798
0.00268107641213713 0.0102640649635654 -0.439559332137436 -0.182993275785402
0.00866355186470588 0.00755897026499354 -0.260468945789204 0.266688272473697
0.00216935230339857 0.00537729709834937 0.0682899447198433 0.257714263002699
-0.00141683414457811 0.000878670277642908 0.163229041325454 0.0687767346398874
-0.00289339370460423 -0.00195821199736805 0.0936171672130227 -0.0834185266433179
-0.0106109061306224 0.00189346903300746 -0.0879285991941044 0.0552304743545941
-0.00711572083220634 0.00385372823235539 -0.127698741313984 -0.0484340649007504
-0.00501092451775396 -0.00314004560365229 -0.0860791346265877 -0.209260169375213
0.00215778375527078 -0.0079936506997522 0.17291836966203 -0.257611422406841
0.00245646937647793 0.00065438029332512 0.384015001818664 0.0599549497789737
0.00216780884719277 0.00617138031663604 0.151851047841113 0.370156076617872
-0.00786578749389496 0.00581051855531236 -0.140310434607026 0.245321062962656
-0.00690990826517315 -0.00206150953316511 -0.000307345853293408 0.0375740107424018
-0.00635254782309716 -8.52145823123729E-05 0.194966351192617 -0.167919910972261
-0.00417550441578377 0.0156300031161151 -0.0498628348130737 -0.441563952169307
0.0034454992862737 0.0116373809324531 -0.439472642105839 -0.182856013011304
0.00832752032239004 0.00602470682957447 -0.26098041019655 0.267281502495288
0.00219251991687367 0.00147841286670013 0.0682451785496017 0.258824923651105
-0.00192764622181847 -0.00201989920782846 0.163242179970642 0.0685473086850081
-0.0029431045752973 -0.0019208649874463 0.0932211913114364 -0.0833801173760519
-0.00996755054904775 0.00242839723155769 -0.0874083265101909 0.0547377555612612
-0.00716380018860458 0.00277575850759924 -0.126434596957652 -0.0483728744640751
-0.00527423537232647 -0.00576023220166862 -0.0841260608009769 -0.20891291116386
0.00191412360536169 -0.0097705480034912 0.174739649764608 -0.256283021806496
0.00193108111545658 0.00092390858047875 0.383725036728691 0.0647429934371268
0.00114489300700412 0.00695186003803172 0.149552953330338 0.375320393576001
-0.00796966188741217 0.00518983730507078 -0.142624157517619 0.247417952670742
-0.00638612856249307 -0.00208301042297523 -0.00104258408870299 0.038725180074081
-0.00600041933667103 -1.4689602027604E-05 0.194254525135594 -0.166772810396002
-0.00534305549619657 0.0163609485743037 -0.0519473267112762 -0.439271954727433
0.00308285892648138 0.0124016301137938 -0.439943081198113 -0.179103000956605
0.00844829471442538 0.00401348414851272 -0.261073210720666 0.269323010963767
0.0020047638663295 -0.0015293466121344 0.0695464172593792 0.25908938372091
-0.00108016009554559 -0.00332493932362486 0.163875733376801 0.0688946782587977
-0.00189969032638985 -0.00125149907332894 0.0927304882144793 -0.0836277692528644
-0.00868043403453913 0.00310789103641873 -0.0864085609585394 0.052857624386112
-0.00625572752907548 0.00138870352085676 -0.124442252481409 -0.0497616403254382
-0.00493983198537992 -0.0078133539855995 -0.0807584506091034 -0.209559005004588
0.00116166871231687 -0.0101173781294124 0.178674197590739 -0.252187647265149
0.000995414670981042 0.000996856463160051 0.382478886588032 0.0725534180359778
0.000341848336163699 0.00699501194718133 0.144073998227349 0.380133755266903
-0.00811088194974747 0.00485043942895593 -0.145457731211074 0.246717359237959
-0.00535737546933518 -0.00291500354273156 -0.00165418770863939 0.039031741732731
-0.00603545527232213 -0.00107972131863141 0.192172826462288 -0.166544143944826
-0.00580392208444403 0.0166958575700003 -0.0588138164625181 -0.436318972465063
0.00229377696824915 0.0126361807932797 -0.441657334263285 -0.171808401454208
0.00747939443139642 0.00261111117333206 -0.25661189052568 0.274919597481805
0.00204997585700222 -0.00341542468047801 0.0727346193779647 0.259151263664757
-0.000252351337642946 -0.00392530294360015 0.165884331341357 0.067236884813718
9.52085422664269E-05 -0.000756145085601468 0.0934303885764158 -0.0845779951240943
-0.00736072429707307 0.00316584942987944 -0.0857876882338883 0.0521878928400066
-0.0050384911633166 0.00109792780226469 -0.121774523415059 -0.051180455225668
-0.00386536207567829 -0.00845262357032633 -0.0761047510021905 -0.210932069908569
0.000977648280302619 -0.0101910401703289 0.182469877744183 -0.247476341517859
-0.000229770660163517 0.000451307504525207 0.380387323719305 0.0834898275232026
-9.48451321307062E-05 0.00551238773970109 0.135069158714553 0.385504250649788
-0.00749202328076359 0.00276663967716904 -0.150192861349785 0.246480201739556
-0.00470121292202361 -0.00387008987150243 -0.0017146574060401 0.0401206070606648
-0.00546607341090914 -0.00178293935031703 0.189455837795252 -0.167131211241809
-0.00626884137400957 0.0151438678440426 -0.0653368958103413 -0.43149123870915
0.00160714643423948 0.0122717888670068 -0.445363829578629 -0.15943837318871
0.00665353437747514 0.00261646950963681 -0.25122939760702 0.281145371386166
0.0025241932386277 -0.00446209566015991 0.0777872039528187 0.257955350784934
0.000523684832369239 -0.00486590697671061 0.167566404385348 0.0654340592864626
0.00222157328406887 -0.000195483662550946 0.0943025938383962 -0.0857855202582225
-0.00551536628872076 0.00406125146494937 -0.0838761669813988 0.0508473252889541
-0.00380045007804763 0.00155834185582919 -0.119473489591767 -0.0528753578683337
-0.00350880220205103 -0.00766461682125015 -0.0719826534943797 -0.212685014919613
0.000399048722412173 -0.00946581662018001 0.18709602995761 -0.243072599741264
-0.000881044924814605 -0.000633238750788867 0.379183463799332 0.0935179358886249
-0.000961797234326075 0.00358273340041724 0.128087957232421 0.392018265449968
-0.00623539149076323 0.00121989159575119 -0.153627271980584 0.246260938819049
-0.00374966505539752 -0.00505271952992503 -0.00163598198045341 0.0399469583319148
-0.00535042928121069 -0.0034990319621275 0.1864157650608 -0.169751335635557
-0.00718739604684865 0.0128023421569219 -0.0766697432158639 -0.426924446588131
-0.000286721270984803 0.01071234245348 -0.44765572376432 -0.146840703083163
0.00575269020705643 0.00274418453529162 -0.243870536597546 0.286716593607073
0.00289455562660161 -0.00330725540966681 0.0829302211752721 0.256462276459956
0.00219087323133463 -0.00384173247847845 0.169502831576997 0.061994953238903
0.00417323367893184 0.00107256466352959 0.0957933265492442 -0.0873355488212538
-0.00402665340623872 0.00439557374582744 -0.0822111296231459 0.0507608798841893
-0.0022062573160587 0.00256100867767615 -0.117670363738346 -0.0538561559820248
-0.0027147062813781 -0.00642049704212269 -0.0675997886588948 -0.21439156888701
0.000440843412264975 -0.00852576670488738 0.191960877744936 -0.239327767717012
-0.00172966002207438 -0.00149673071571496 0.377450201486143 0.102994538335739
-0.000851023871844507 0.00072674151611884 0.120170303488181 0.394432609483238
-0.00613854327929154 -0.000894979989639751 -0.156985980291795 0.244708595305706
-0.00245941145410086 -0.00618356023872628 -0.000521966850335667 0.0396260680139148
-0.00478625246719271 -0.00526856048400385 0.184028261545911 -0.171325145197438
-0.00799949052862772 0.0105221015029518 -0.0847457131991865 -0.424068290079651
-0.00226172581246278 0.00959905231376922 -0.450127412452091 -0.136411967102524
0.00533836641671202 0.00393725112775039 -0.238345364570195 0.291771644645797
0.00411000272460744 -0.0013697954652625 0.0875865989638076 0.253732745571334
0.00378509305953049 -0.00298147893471531 0.171279987551669 0.059321023563907
0.00553025289898376 0.00193752340428588 0.0971865994637594 -0.0891585481429968
-0.00962084120128474 0.00164353103183146 -0.0881738679214584 0.055817248926882
-0.00582978897590599 0.0070217613088433 -0.126937942189291 -0.0495122051926238
-0.0037129532039992 0.00323887578499077 -0.0823207807346697 -0.213164166607445
0.00275432652530917 -0.00314766887308806 0.177607853164 -0.257058246767485
0.0019285408493022 -0.00160448189141309 0.382636677208561 0.0663847876744944
0.00259234434284018 0.00162848585803495 0.143032030950953 0.372494459551631
-0.00774520921725216 0.00339546149252258 -0.143965561655651 0.23976195747918
-0.00694173590498538 -0.00271532973396131 0.000879213607697382 0.0351722343445344
-0.00534268494731131 -0.00176395302297886 0.196550403911981 -0.17027449837952
-0.00399535374380401 0.0102065040182479 -0.0511194551719304 -0.443984755949717
0.00196631761192127 0.0084120247293753 -0.438982122958618 -0.183961195849952
0.00811718198753089 0.0100287245511772 -0.258634079598337 0.266953515031527
0.00225392019704131 0.00921839155656914 0.069239558292994 0.256779085208195
-0.000858785375881477 0.00230352973523472 0.163297423872105 0.0681300879034514
-0.00202495901726826 -0.00199595922510371 0.0949252106581347 -0.0834316636181551
-0.0101820761427154 0.00166770277485373 -0.0886844144541565 0.0555039879268559
-0.00693832410645723 0.00537304847721024 -0.127509546090011 -0.0489063772381437
-0.00461904465097441 -0.000318011986827948 -0.0836693010488437 -0.211198779784015
0.00285745685113007 -0.00544558133607593 0.175241468470322 -0.257531379701653
0.00234692426349832 -5.60633563800586E-05 0.383896410263858 0.0623485692999319
0.00289776953474741 0.00421137652143706 0.146759757608158 0.370412872367529
-0.00760773542346742 0.00489786810262544 -0.142202322255571 0.241786214654941
-0.00666564038916341 -0.00231382599090651 -1.70932683082317E-05 0.0363803803929314
-0.0058946611958639 -0.000461130119269185 0.197533388314765 -0.167665303018395
-0.00414956382261393 0.01286805689774 -0.0453747911055697 -0.442769177442477
0.00272390467494818 0.010497734691827 -0.436602723311906 -0.187621409973451
0.00859360710387279 0.00833023022551981 -0.262495637400904 0.26435908033157
0.00248189471360227 0.00543778720754296 0.066532518502391 0.257965393491391
-0.00162122299792282 0.000463527171485001 0.16273717117867 0.0692084270263175
-0.00293061034982634 -0.00240460220219677 0.0947845237866921 -0.0825269997820346
-0.0104724542709993 0.00189181299702748 -0.0891153692444052 0.0542833834206663
-0.00704776848973317 0.00374217009764445 -0.127924822110685 -0.049121591672123
-0.00452880594011571 -0.00372061790517621 -0.0840061086193999 -0.20947014673921
0.00230667612709479 -0.0076846821561548 0.174322173747681 -0.256015375949116
0.00253946881680983 0.000416667016445147 0.382880253632166 0.0628534870369939
0.0019557650818761 0.00614734457263464 0.148916411504315 0.372428132550136
-0.00829901403507573 0.00535914794811232 -0.14249557787973 0.242940729725516
-0.00679551058490321 -0.00187032108071464 -0.00094358403630497 0.037529353484815
-0.00615802248569596 0.000304520599469338 0.196477892150645 -0.166417395923667
-0.0043120718416338 0.0149067190976981 -0.0454155280721302 -0.440765907167189
0.00330064820705787 0.0115812443489958 -0.43613912819302 -0.186845033293752
0.00872244202616587 0.00600702321002339 -0.263626200002449 0.264415614065546
0.00237600433321651 0.00172437741799787 0.0661111586460447 0.25932770961837
-0.00169899035290649 -0.00219077449215838 0.162336727628733 0.0705105637255269
-0.0031528170073344 -0.00238623215927725 0.093704461193122 -0.0824672285539956
-0.00980521509340877 0.00247566616684189 -0.0885970469593775 0.0537543477700713
-0.0068019009211835 0.00243365781528768 -0.126508138708686 -0.0493667774611004
-0.00528038727617892 -0.00621801811909339 -0.0832254752251387 -0.20968396065586
0.00176857137902429 -0.00886394762140165 0.176832256522247 -0.253364276505815
0.00179638244298024 0.00101429301189875 0.382566684342986 0.0681408281480941
0.0014066116871047 0.0070202559054861 0.14494261234785 0.375208190404945
-0.00792428576319836 0.00525102863824367 -0.144068534331711 0.244762081695039
-0.00633456668180653 -0.00241827976201025 -0.00155531536943289 0.0384723400441487
-0.00576994882455898 -0.000262770614315927 0.195612269926773 -0.164042498571346
-0.00521218722533984 0.0163910554699682 -0.0480097594399126 -0.438565633956588
0.00325166809457504 0.0124249392754137 -0.43766947005421 -0.183988987658478
0.00812081749714865 0.00422006772076871 -0.26252540615095 0.267346317571391
0.00214363708976499 -0.0018508994608751 0.0668610623118633 0.26007274997394
-0.000877946337751433 -0.00336833933760634 0.162882135299548 0.0701398042498716
-0.00195792382349221 -0.00156169160977118 0.0941422841551431 -0.0827444555696427
-0.00855913628960801 0.00325876137967727 -0.0876274948052696 0.0519969261706026
-0.00608882983126352 0.00191151863571465 -0.124102561242992 -0.0507743798676604
-0.00456840971756993 -0.00809647902657305 -0.0794596440812795 -0.209684040645167
0.00126673055459765 -0.010068254391989 0.179476137359807 -0.250681108418628
0.00110353570566798 0.00122874439428995 0.381564835901005 0.0756320031508694
0.000268730322712718 0.00689733843757183 0.139907454925394 0.381844779941837
-0.00811444078947225 0.00452132881007402 -0.148208057928475 0.244777140565736
-0.00590829665127581 -0.00342077464872275 -0.0023596934243424 0.0392723371103485
-0.00564577205437543 -0.000836261240484767 0.193697770272665 -0.164491979122016
-0.00594306722861072 0.0158217652108022 -0.0530147089057102 -0.435925336175764
0.00218500826429698 0.0124084983851208 -0.439699239777118 -0.176458263062471
0.00745517142511165 0.00290845109613604 -0.258040366501524 0.272488171639544
0.00280372090535593 -0.0036309093105455 0.0697558774481488 0.259673653257411
-0.000527396222415489 -0.00399955040598663 0.16511292111828 0.0684370500253855
-0.000681959569177867 -0.00107932905407039 0.0944649445976844 -0.08380863621647
-0.00736773116963226 0.00339554571682923 -0.0863521452426237 0.0512742162223392
-0.00487581662436783 0.00142648699207581 -0.121904781590377 -0.0519077752786574
-0.00410219276783717 -0.00871277607567063 -0.0742496194367832 -0.211294542123245
0.00061206875960114 -0.0100326946578583 0.184411188654048 -0.245696296777237
-4.31091462297101E-05 0.00105127191706833 0.379314478306526 0.0861150493464947
-0.000215532662793411 0.00524927556628357 0.13259754229517 0.38541615186415
-0.00718174270287947 0.00302203681874102 -0.152385538862174 0.244633942131055
-0.00422344863369766 -0.00439350847308878 -0.00235987605371331 0.039201092499052
-0.00517914488309262 -0.00157324783571772 0.190909250585197 -0.164888448873106
-0.00638637540944286 0.0150592652435732 -0.0614189351126913 -0.430960689014845
0.00111726760451269 0.0120005059797838 -0.442869780003755 -0.163110723838483
0.00657429141685631 0.00262873129382031 -0.252758676382811 0.278942012719838
0.00314849963157519 -0.00466574309689961 0.0744190122181123 0.258388846622054
0.00137317735073988 -0.00429472139380503 0.167058355983208 0.0658392896556284
0.00163464675025202 -0.000240439258647699 0.0954519565914648 -0.0850209192358655
-0.00514414274759633 0.00412330696142994 -0.0852201598513703 0.0502918156634583
-0.00344787842150262 0.00178859166755219 -0.119522898214886 -0.0536036814990666
-0.0031144680188362 -0.00799675054863277 -0.0705265950141996 -0.212423478217924
0.000859744112756574 -0.00974831198075683 0.189339910115674 -0.241518102229496
-0.000537500251366794 -0.00018797196186383 0.377691751973327 0.0969425978739217
-0.000529881192382648 0.00300737491039013 0.124323865091936 0.390080937669518
-0.00679466524987589 0.00149220949117755 -0.155191309136413 0.243683311558822
-0.00322764509270067 -0.00486297929599947 -0.00176046490121932 0.0393031651675008
-0.00521441063603692 -0.00359446184430737 0.187885400893964 -0.166849029810175
-0.00709012971744994 0.0130921766448755 -0.0711490567465392 -0.426036993297681
-0.000450198486588475 0.0109605648168831 -0.446017203026528 -0.150920604182078
0.00550379844012778 0.0028580845641616 -0.246472174711317 0.284359424347403
0.00311018868870483 -0.0033811803526162 0.0805845462605675 0.255966303834272
0.00214428466980694 -0.00407291434181473 0.168969709984248 0.063278780491658
0.00386700206563365 0.000540502075562058 0.0965835334438196 -0.0866135367198526
-0.00365734578125469 0.00477883739243586 -0.0833037873832958 0.0497214421441114
-0.00203343101808242 0.00270708359381434 -0.117405220213446 -0.0550983951457572
-0.00239866986410919 -0.00621011688061771 -0.066269349941743 -0.214376726655471
0.000523794681261498 -0.00776488513686415 0.193870366610723 -0.237669294173019
-0.00219004220064343 -0.00182998327373206 0.376289896942736 0.106246164621403
-0.000868595263704016 0.000436385892694452 0.116939958123491 0.39619001594715
-0.00628700380923822 -0.000642191666342683 -0.158766985443485 0.242971963653453
-0.00269072604584436 -0.00578852338986115 -0.00151534389190563 0.0393617140788071
-0.00438736845744981 -0.00551856910072666 0.185341508125682 -0.168953564108291
-0.00785623437668993 0.010241368403498 -0.0798241682349931 -0.424295840087241
-0.00167871131403432 0.00931213856292735 -0.449008364475507 -0.141305835300962
0.00512079546234631 0.00398621193777946 -0.240026552498776 0.289489930448912
0.00413133604420386 -0.00171645638999891 0.0858743775460578 0.254168744495922
0.00355727485575421 -0.00285586728830089 0.171108730897748 0.0603021393823045
0.0056186145323832 0.00190815384323429 0.0981497652442217 -0.0884283692339728
-0.0094439782683779 0.00198455707318942 -0.0889477573861399 0.0551723974051311
-0.00555905042485579 0.00671251725380188 -0.127458690436317 -0.0506015610718695
-0.0041451857105222 0.00298683481113974 -0.0812267389861213 -0.21485941528304
0.00348196073351846 -0.00318080175340277 0.180018254317894 -0.255264760118623
0.00217097225142616 -0.00162284096522772 0.38278596546598 0.0700152691746308
0.00278304760398083 0.00153465077565316 0.139247801179951 0.373496081873235
-0.00753359285917086 0.00298573917248178 -0.146692789859217 0.238084528556724
-0.00693869034949032 -0.00312385361936779 0.00048694931610726 0.0354467666978951
-0.00478411064218483 -0.00202383617007778 0.198433279175181 -0.168467669597428
-0.00374436263524215 0.0102910314073656 -0.0476123034821541 -0.443849012394374
0.00188327357438354 0.00914186277159082 -0.437400549996005 -0.187719054690578
0.00825653051858828 0.010004100465202 -0.261795230811554 0.26452111105035
0.00272512587059085 0.00954043702500446 0.0679951495408688 0.257494798787394
-0.00123264123892711 0.00187060432461386 0.162777026266589 0.0698167764682
-0.00213007190586923 -0.00221014607508226 0.0966238100293807 -0.0827350017043365
-0.0105367727546249 0.00212628684019265 -0.0898507727107173 0.0551079413043308
-0.00645981251425681 0.005259708352487 -0.128126801064598 -0.0493639345736551
-0.00464223015339384 -0.00048589051135938 -0.082793467781389 -0.212372082942809
0.00306376375349886 -0.00510711645415962 0.177434686593921 -0.256315931095481
0.00267291550932443 -0.000277887788437872 0.382933177979898 0.0661026724261289
0.00294040075444112 0.00416733054600154 0.142728488547093 0.371371240363864
-0.00795197750227814 0.00418997128632547 -0.144953882199092 0.24076777304271
-0.00723341738359275 -0.00263729836699775 -0.000612335500026163 0.0362318053027856
-0.0057002734468803 -0.000612603945999591 0.199925169983346 -0.166107768797965
-0.00439651989142974 0.0131287374308279 -0.0424315987090267 -0.444369151741068
0.0022346511105042 0.0104517376142367 -0.434798399840061 -0.190536251734882
0.00859284100008102 0.00827886870431431 -0.264944372000514 0.262459631909383
0.0028787163420525 0.00536850099059964 0.0640925016950991 0.259783377891633
-0.00156612475959132 0.000529291012593039 0.162297006961869 0.0709167536833267
-0.00308413864723341 -0.00196971688910475 0.0959626205608431 -0.0817048186759838
-0.0102128498419013 0.00192230584509278 -0.0901994948259078 0.0539473317739598
-0.00697454013233961 0.00378481422435317 -0.128252892519917 -0.0498250677008527
-0.0046487174245599 -0.00378733523165362 -0.0831300270003779 -0.211229836660957
0.00244798234215758 -0.00729171141082632 0.17628243864894 -0.254958561062799
0.00255626626256469 0.000554649893920789 0.38366155713739 0.0664898475572139
0.00181564670044106 0.00593322338942294 0.145388817288599 0.373500141782426
-0.00829501270808056 0.00513522130134483 -0.145345408148205 0.242307048694746
-0.0072043277880426 -0.00231396133017711 -0.00160139002065156 0.0375394280214346
-0.00626960989366508 0.000435724074092859 0.199129437934674 -0.163797226540167
-0.00451486981533201 0.0153696706206001 -0.0416862833452641 -0.443418093470587
0.00333371768645172 0.0119711051109984 -0.43515830676066 -0.190942361166828
0.00881541471718742 0.0057584968992161 -0.265781847820946 0.262958974493468
0.00231293403539493 0.00168494183964647 0.0641701433153713 0.260492667995842
-0.00192493375831628 -0.00153639356775667 0.162152815118039 0.0714737769960375
-0.00314413497865773 -0.00211461826109488 0.0956610527743484 -0.0817407257675083
-0.00991497039995794 0.00333283742945741 -0.0895289361015416 0.0529082784387317
-0.00698260853581984 0.00269106332997219 -0.126830803052264 -0.0501337695366157
-0.00488818188666279 -0.00623283839053679 -0.0805338343477517 -0.210152307569238
0.00217914597627777 -0.00878474865209194 0.178736751637664 -0.253318053306046
0.00184995053038646 0.00128328943514356 0.383074915733253 0.07159440652041
0.00145622893497671 0.00669605091998286 0.141767804934742 0.376518505320406
-0.00813788593502727 0.00501422405033958 -0.147754420517039 0.242920293457622
-0.00648300751492726 -0.00247061205785142 -0.00244219645524097 0.0383504531778928
-0.00666527141474842 -0.000485897365148678 0.197722203156007 -0.161625737817061
-0.0050508514996176 0.0159533047257136 -0.0431048641646621 -0.439427427813127
0.00303479186269183 0.0123598383436644 -0.437153233025652 -0.187319997790122
0.00832039207875104 0.00382617716389599 -0.265878501445995 0.265270068764229
0.00246099880367278 -0.00183582422784298 0.064943421490903 0.261300824544026
-0.00110121283681212 -0.00340531336676052 0.163487286326656 0.0719401297704798
-0.00190896259106979 -0.00151531867820479 0.0953733810739547 -0.0824239819987365
-0.0089882601843241 0.00321117259862323 -0.0888611066109802 0.0513972501812568
-0.00624925083624406 0.0017010266981075 -0.125143228132893 -0.0515809355141167
-0.00422632022935545 -0.00823820377424574 -0.0775490529642629 -0.211338879475076
0.00111964160029529 -0.00999800299512659 0.182262943015526 -0.249620560163814
0.00110570781387818 0.00122902772662279 0.381925352711749 0.0796181857984222
0.000803275513105739 0.00668780660114113 0.137053488791424 0.381925838420899
-0.008278363373904 0.00434872363341172 -0.149993892156688 0.243648879119241
-0.00568173444350873 -0.00335434996975677 -0.00309759236764514 0.0391775853625769
-0.00533010542624956 -0.000984882976386002 0.194983705261252 -0.162870274440688
-0.00585502406052567 0.015748305540587 -0.049399105647453 -0.436395774846781
0.00222494112713898 0.012358885731464 -0.43856667103614 -0.177730454896396
0.00758787330243635 0.00295138097045347 -0.260690958974886 0.270229344938769
0.00295310832824308 -0.00402968447666175 0.0685948300160823 0.26105934073204
-5.84773507254694E-05 -0.00434586212030398 0.164717788914594 0.0700294662821222
-0.000684794682300508 -0.000839250491154969 0.0962682576165977 -0.0828149585278663
-0.00720543631109167 0.00366342184804198 -0.0872454222819785 0.0503215426283157
-0.00494777273599327 0.00184173558628981 -0.12248427512128 -0.0528187432380951
-0.00396626444683091 -0.00893864476132344 -0.0735236603640524 -0.211946236620493
0.000849269220692731 -0.0101738181560539 0.186908454936202 -0.244578330152163
4.34105675547304E-05 0.000750838143616742 0.379409184472603 0.090066288705474
-0.000121204485798269 0.00537342466607524 0.127849673370425 0.387737226112185
-0.00764095854023799 0.00279314911267667 -0.154415641262175 0.243000387093838
-0.00455302678712014 -0.00364853693310696 -0.00320682939353915 0.0400947281268713
-0.00553751544031066 -0.00212085880790707 0.192601996909592 -0.162745450417703
-0.00633482064751995 0.0145970698007879 -0.0575726116629294 -0.431255972194583
0.000835937252062183 0.0120077166650874 -0.441308033697515 -0.16850532802992
0.00724949553694259 0.00248989344581963 -0.25596107210561 0.276488620513786
0.00296837736608488 -0.00458705936897908 0.072825589938193 0.259316295559269
0.000765665566825227 -0.00485158235866799 0.166851779685892 0.0674906175350989
0.00178223719767781 -6.65068973131774E-05 0.0973535529962699 -0.0841735526321297
-0.00549382968297727 0.00391602242156776 -0.0861438370366867 0.0495399048176445
-0.00378162649725259 0.00175211818566864 -0.120011661094193 -0.054223053189925
-0.00273678304784082 -0.00808450191351018 -0.0686546063298352 -0.213464722643497
0.000875419817239174 -0.0096566410385048 0.19206593137739 -0.240460370703542
-0.000932272385852351 -2.30813965807677E-05 0.376918139300088 0.100091271882675
-0.000312927661600228 0.00337527262830962 0.120380645167831 0.392421260886553
-0.0066302491898605 0.00120220765520829 -0.158233991466018 0.242237296716877
-0.00331492120201605 -0.00517404054524552 -0.00296475532145373 0.0395056276113715
-0.00488214696809419 -0.00359039265532767 0.189826788199373 -0.164898081352891
-0.00748852126108197 0.0129834706953473 -0.0669465899119415 -0.427545682467261
-0.000576055864264138 0.0108824190545185 -0.444511254967188 -0.155621713791884
0.0056518966479584 0.00334051191571793 -0.248930019283087 0.28249091428308
0.00351841726665779 -0.00348892255668604 0.0785766667340276 0.25755512069905
0.00217033853851871 -0.00399190249719308 0.168876579886573 0.0642267084139284
0.0034075568793259 0.000773616307680731 0.0979756939374407 -0.0857663845870346
-0.00355662772344674 0.00478903826705319 -0.0847279049154488 0.0493768640632353
-0.00198887524752416 0.00235326536660337 -0.118619663114665 -0.0555657254659587
-0.0023210600240486 -0.00623358805679542 -0.0640261567677898 -0.215588836887184
0.000680116545332812 -0.00803049789874237 0.196650141374188 -0.23667743481412
-0.0018862218608691 -0.00161883858444333 0.375375104285564 0.110257764414463
-0.000828027223206027 0.000512243601466695 0.113416585266581 0.396580590875969
-0.00589015831664647 -0.00105745047128477 -0.16137446712272 0.241893680296088
-0.00275268309850688 -0.00581950031493503 -0.00202833552428842 0.0399061409808695
-0.00431028210249676 -0.00554199735256003 0.187233308112231 -0.167328193089475
-0.00790062273800247 0.0100865984002888 -0.0757480939963341 -0.424505695993451
-0.00206879760350379 0.00993133007740591 -0.447646129220603 -0.144073123913595
0.00505240283847403 0.00446204658275157 -0.243506639301706 0.287580003336357
0.00422389251973704 -0.00140161122167647 0.083225315098545 0.255533509102735
0.003434534922172 -0.0027404907338904 0.170820375325148 0.0625291600850677
0.00539037893312268 0.0017880177612734 0.0993156869697774 -0.0875209715734273
-0.00993715561666384 0.00227510111527649 -0.090743671195421 0.0545838488640412
-0.00549629283562833 0.0071512201191957 -0.128233134803089 -0.0513613408515087
-0.00434214079061769 0.00271857901404461 -0.0791676710054792 -0.215964341120916
0.00352013542580007 -0.00324888429401048 0.182491058963908 -0.255900309997984
0.00235221509681778 -0.00136947540640265 0.383054928354268 0.0736561172469172
0.00279634918955999 0.00168031542363033 0.136784147305784 0.375090044070345
-0.00787410158135462 0.00282441154678918 -0.148924055900939 0.238050245242081
-0.00707597027867858 -0.00305487892611417 -0.000604674265444805 0.0353108455703556
-0.00510499016948868 -0.00165842642244513 0.201107033688856 -0.167123308149116
-0.00373622670051631 0.00998477146408808 -0.0426220531264994 -0.447249416067604
0.00141370383787703 0.0092049267283595 -0.437012121458065 -0.19234076890067
0.0085134566275299 0.0101671682239913 -0.265030855864664 0.262794413881099
0.00288011304082978 0.00933035278275231 0.0657093992855986 0.259552002122812
-0.00100547884235359 0.00215744826482765 0.163266386925607 0.0708613074021562
-0.00244459741961953 -0.00188660909806741 0.0977345318685526 -0.0822531338286813
-0.010529016964751 0.00146927275630251 -0.0916632516051445 0.0545960673984999
-0.0061488328942846 0.00544258729884089 -0.129049602900377 -0.0511812179343328
-0.00434272260116814 -0.00105808537144411 -0.0812550896152488 -0.213927744037866
0.00313775130543789 -0.00555115247460947 0.18036253365376 -0.256286799200347
0.00254188837824105 -0.00041383322610344 0.384370458381383 0.0695418525296521
0.00253864012637112 0.00390663762847319 0.140879054890251 0.374247200125989
-0.00812825074823264 0.00472106144797352 -0.147863774629786 0.239235623561918
-0.00745396908817736 -0.00241801912316447 -0.00137988013955785 0.0360715759014376
-0.00570701035994485 -0.000555154483843977 0.201240914467516 -0.164101464791595
-0.0043423807761971 0.0128914660774247 -0.0375246132532059 -0.445638766976602
0.00282665786858053 0.0104180089328919 -0.434216478982654 -0.19535213114379
0.00856186843490442 0.00794728623965551 -0.267495738452185 0.26073841104937
0.00251893509444756 0.00532897176684734 0.06273713806486 0.261015918225371
-0.00174706947241629 0.000192698521598563 0.162481542662323 0.072602548146937
-0.00297117922541113 -0.0022073710498838 0.0968504428135274 -0.0813513305282387
-0.010605659865862 0.00225986947632458 -0.0916909001951883 0.05390150052285
-0.00708611704737042 0.00388226451773136 -0.128781863682423 -0.0504387685167325
-0.0048221914089231 -0.00376405894279066 -0.081515634750529 -0.212586655855785
0.00285549015211945 -0.00742520542615546 0.179041765405641 -0.254191412002743
0.0024478645702748 0.000792833270139756 0.383750489985116 0.0695105570810437
0.0021316514770156 0.0061005581795663 0.141996472452437 0.376104394010513
-0.00842716785819842 0.00489190870389738 -0.148538132195763 0.240582817048081
-0.00639717139748229 -0.00225817268145627 -0.00229206365822148 0.0377582467191484
-0.00581937354819717 -0.00017204409108294 0.200868926540356 -0.161813432666673
-0.0043764276311667 0.0152400110429346 -0.0367786526610278 -0.443677602365601
0.0026541324425535 0.0117865485958574 -0.433951441536927 -0.195236536454083
0.00879481907387021 0.00602236421674675 -0.269459717137581 0.260727879655953
0.00248945239050885 0.0012652128028155 0.0620372287683306 0.262181404208079
-0.00198368439430936 -0.00157055080036732 0.162932837487808 0.0731970252342855
-0.00308027921793845 -0.0017448226388472 0.0965999202434749 -0.0813748109250402
-0.00986580916633276 0.00285741933694026 -0.0917051942424608 0.0524988681448711
-0.00712754506480647 0.00299728923433275 -0.127067076029703 -0.0515877294163588
-0.00443482333063397 -0.00671340622592934 -0.0798472273402372 -0.211828892233395
0.00226889418037034 -0.0091900991740035 0.181131202230078 -0.252787301583609
0.0016178708010376 0.00137098741815319 0.383850858083399 0.0752316897302368
0.00167409295373991 0.00690633555848682 0.138901507730859 0.377556060388977
-0.00831750308038376 0.00462805560390599 -0.149930945920504 0.241947479618556
-0.00635439724301149 -0.00284115039010774 -0.00353937809397481 0.0385339113703246
-0.00628944621942099 -0.000673410535921993 0.19995495458046 -0.16025515483714
-0.0054432585243333 0.0161264841673414 -0.0388225583327193 -0.441026546130361
0.00278010599762278 0.0126021620402257 -0.436669489329464 -0.191465634293613
0.00827047414674625 0.00384922142691877 -0.269276287761073 0.264757310453907
0.00208705785083146 -0.00224740652237221 0.062888891866517 0.263057720783839
-0.00139367503545846 -0.00355442292046234 0.163233698996097 0.073005120954339
-0.0018294446913224 -0.00153444823144502 0.0965479588033075 -0.0819400712708702
-0.00911013269448154 0.00345177018938591 -0.0908226887847843 0.0513677282997137
-0.00594273529289444 0.00203189081587406 -0.125896634057339 -0.0522542340286276
-0.00403859021144009 -0.00818078793705004 -0.076851238029244 -0.212299347872411
0.00148719659002884 -0.0101087426244662 0.184924063166856 -0.2489789184649
0.000878421882363302 0.00104736659607388 0.382277158753093 0.0826926949152649
0.000499834260511013 0.00631554604358054 0.133162646509832 0.384208057711541
-0.00826075199437741 0.00340120708424574 -0.153104939497381 0.242612479330077
-0.00567410066387536 -0.0029892688030486 -0.003687697788174 0.0388831809547181
-0.00600921979527076 -0.00138897007782133 0.19733636812908 -0.161009872898666
-0.00619433615169284 0.0164234576286299 -0.0451237786000279 -0.437766355101574
0.00198656711826843 0.0127158054303865 -0.438670583459163 -0.184108266855692
0.00768158850645165 0.00305293286237008 -0.26479642224886 0.268982336010151
0.00324490479635702 -0.00391089849139088 0.0667223883217497 0.262205885175981
-0.00058438280879654 -0.00462867304766762 0.164840378582355 0.0711169767497618
-0.000639049348665457 -0.001246877844187 0.0978354872535122 -0.0825634762127316
-0.00760949882740329 0.00391705758966626 -0.0893609711250807 0.0499703406890592
-0.00507300729615285 0.00146434013930533 -0.12330891902523 -0.0540185185782603
-0.00356570003984547 -0.00925491585623899 -0.072561047341071 -0.21387794768408
0.00168206514082888 -0.0101575193983438 0.189498861810499 -0.244435207335554
-0.000149305030878215 0.000867029477168674 0.380739052344393 0.0927423804412795
0.000442315420715126 0.0052144440147606 0.125676337446038 0.390008855555704
-0.00777215564864652 0.00241781199709843 -0.157841739718391 0.242017081199024
-0.00433930426497587 -0.00458836994513204 -0.00374353297915254 0.0397593168174075
-0.00517915992995497 -0.00190084801080167 0.194733897484095 -0.161537479857765
-0.00669863565677556 0.0145064006941622 -0.0536578965826881 -0.434223146698067
0.00108098838526695 0.0121460327529939 -0.442037058310819 -0.172474481401809
0.00693164548628035 0.00232014938817595 -0.259635905792607 0.275436718442854
0.00299935719964513 -0.00494314076317749 0.0712221243131248 0.260961057687793
0.000817854593599779 -0.00477762196929843 0.167535352863375 0.069413007126415
0.00150351112882564 9.62853158542809E-05 0.0980812284781143 -0.0841003903815857
-0.00522612738617088 0.00420854810374924 -0.0878637879979929 0.0490617700567843
-0.00382091004017124 0.0014388625638205 -0.120335160743662 -0.0548301465397037
-0.00285547810400706 -0.00829587792499918 -0.0664808204945828 -0.214376604427304
0.000813048005119685 -0.00989289360197918 0.193837613720663 -0.239852623234843
-0.00116021510335267 -0.00044417096408727 0.377823525471845 0.103453585821144
5.70486886587729E-06 0.00313417965827584 0.117153408096062 0.394537675988841
-0.00712279501793471 0.000981230675434227 -0.160312249240851 0.240931525245172
-0.00358993701591775 -0.00540200340339696 -0.00343483840486095 0.0395638061959407
-0.00474929580796022 -0.00335888572720119 0.191603423446301 -0.164230717730477
-0.00682407717432771 0.0129540454138739 -0.0624408786245796 -0.42967303217293
-0.000258576801790909 0.0111585577813917 -0.444942683503674 -0.160102132522271
0.00617378948853617 0.00273600584165924 -0.252772695742544 0.281960610448418
0.00384491335059599 -0.0035317759764321 0.076862348189322 0.259202794683579
0.00227631549804697 -0.0037518141389225 0.16946676612493 0.065971617399344
0.00359225719963045 0.000392188689273503 0.0994207965251423 -0.0862543420115387
-0.00381019792636332 0.00505995166933155 -0.086437780824717 0.0488467413057108
-0.00229083055832165 0.0027832604109427 -0.118132231019847 -0.0567068884194658
-0.00238614948270922 -0.00659564116489022 -0.0629111473106843 -0.21711759969534
0.000250663773226883 -0.00801296501061054 0.19862832606539 -0.235627806445704
-0.00203021627085237 -0.00137870592581123 0.37637202405391 0.113313062988073
-0.000830812285674102 0.000180055894859464 0.109884200868471 0.398129827653564
-0.00627533025528895 -0.00105747640284421 -0.164574274344588 0.239420125293775
-0.00197466938095831 -0.00637184449696617 -0.00293861575668822 0.0396922038406215
-0.00470466020424126 -0.00553573096293592 0.189996225649791 -0.165600034338369
-0.00762155100629913 0.0102069988599291 -0.0722673559455779 -0.427508615415783
-0.00196417092072172 0.00959859109617404 -0.449043912828674 -0.149068519520865
0.00535970661799319 0.00415570638022284 -0.247671651139715 0.28644995316505
0.00461310092421148 -0.00141184982032223 0.0817137881061126 0.257486360916779
0.0039868141943758 -0.00247602852053666 0.171292693789757 0.0635031280716786
0.00520124456921778 0.00112925911816653 0.101006164749412 -0.0871914784053052
-0.00963626136373934 0.00193131994247552 -0.0926176155252603 0.0548679678843594
-0.00620906201199688 0.00690213527256949 -0.128423876001608 -0.0527172040022237
-0.00357098951550039 0.00245327236133017 -0.079003642099695 -0.21761151554874
0.00320960442016453 -0.00322880043520894 0.185578235084375 -0.255985466897441
0.00193361911255754 -0.00171219586914559 0.385113831452503 0.0773462440062727
0.00292729866650794 0.0016067710170967 0.133888079583265 0.379329209174997
-0.00771061705867238 0.00271822105365454 -0.152644102060621 0.237837487926098
-0.0067956078004005 -0.00308063146755154 -0.00117154616266435 0.035515284032547
-0.00504113589538669 -0.00193864676317562 0.204131569936712 -0.166128516622757
-0.00372108617813996 0.0105522992750925 -0.0386374734533776 -0.448443776510472
0.00148421262886845 0.00899567165326003 -0.438323205904099 -0.197090742809796
0.00904985468792364 0.010250168580384 -0.268515858351552 0.263140518462004
0.00260875033918223 0.00886807033070003 0.0639689717502561 0.261549139492203
-0.00117976008258478 0.00180100446979735 0.163696281570109 0.072476923795578
-0.00216244095804768 -0.00228335548173617 0.0998477115142028 -0.0817674052721011
-0.0105011791080765 0.00243490546851228 -0.093082099515388 0.0543155902124096
-0.00645006098125026 0.00533601124420097 -0.129534561695858 -0.0518767169320039
-0.00446665601758884 -0.000706464210640241 -0.08040803843681 -0.216105804782864
0.00345395526609217 -0.00528871024046558 0.183641299851894 -0.256623466874282
0.00260100811753085 -0.000274811381964472 0.386394766526612 0.0730207572523704
0.0027577371425515 0.00412420900794476 0.139675246687281 0.377212820891703
-0.00855931849490035 0.00433823595347861 -0.151112923634646 0.240006262252691
-0.00721981426534738 -0.00253262551147515 -0.00198587724328697 0.0370348876350857
-0.00529896145897476 -0.000318792925871639 0.204656676424687 -0.163052762931837
-0.00402058850833946 0.0129570198836808 -0.0341236343029256 -0.448792644275769
0.00262805209578218 0.0109301528782771 -0.435964758671216 -0.200558044675404
0.0088101856719524 0.00844457127896067 -0.27313368453879 0.259896841266585
0.00222840168904469 0.00559920444526459 0.0610605028722407 0.263197376579091
-0.00143164723274921 0.000475285088751283 0.1631597259868 0.0740758179774555
-0.00324846286132482 -0.00214291830536431 0.0987720246213701 -0.0816043602841765
-0.0107699160613325 0.00232664959973738 -0.0937438356962227 0.0535494500260589
-0.00706495763457714 0.00428118127048177 -0.129589678834785 -0.0520352244037086
-0.00462087770980641 -0.00400561404475747 -0.0808416324970802 -0.21459405634699
0.00330311713451753 -0.00686365361765017 0.182735760035031 -0.255080181177628
0.00240505075922822 0.000723542867284609 0.386100813237401 0.0735454605951572
0.00246598155029478 0.00608118555960865 0.140776064709979 0.378145258313527
-0.00877772197894274 0.00527034918823707 -0.151111554375785 0.240544937425211
-0.00707723848186523 -0.00211882612415184 -0.00311305586534099 0.0374245114357864
-0.00607570744927707 -0.000370868220091519 0.203791664855334 -0.161046957289569
-0.00451371353901951 0.0148630658542819 -0.0335982881387646 -0.447407021785261
0.00296260760202809 0.0122213064694605 -0.434476904470958 -0.199194915184742
0.00891950922389938 0.00555298712957011 -0.273930762967158 0.261126411554117
0.00244441283999643 0.000848029617661602 0.0602634266741869 0.263819989424205
-0.00185375455470506 -0.00204867420072234 0.163233205110452 0.0744529661217233
-0.00289768102731533 -0.00193264885858795 0.0980096826284179 -0.081420956488619
-0.00987759187759465 0.00281721878001521 -0.0936422965119381 0.0527947519531935
-0.00706331881913907 0.00259543674805139 -0.128458316035723 -0.0529003710411424
-0.00484889006271576 -0.00693624809008532 -0.0783317019875902 -0.213906629076765
0.00226687448628385 -0.00897214566691138 0.18456324868426 -0.252806379075665
0.00177843989743997 0.00121309041711653 0.385620866524527 0.0787646760932827
0.00140688200610107 0.00680766827358579 0.136396354275633 0.382029307663271
-0.00862235209986402 0.00513201807338762 -0.152926723921165 0.242833194087371
-0.00666765933813478 -0.0029982774893873 -0.00413386033950062 0.038425136556424
-0.00593045611650385 -0.000370934112725818 0.201859105482834 -0.159354026629849
-0.00515402294486311 0.0159349579298055 -0.0359438703409817 -0.444115131011049
0.00310189751014128 0.0129854284785685 -0.438107129137338 -0.195474648658898
0.00837948195219337 0.00462566903275359 -0.272525448895261 0.263862099630078
0.00206318661738891 -0.00223612010428395 0.0611838390246148 0.264696697242303
-0.0012531571705778 -0.00356063678126172 0.164067814317788 0.0749272887923391
-0.00205466648187811 -0.00156602205188819 0.0984910207940802 -0.0813256345773962
-0.00879996251606933 0.00355971323394386 -0.0920281673926313 0.0510509603846017
-0.00619886479845146 0.00192185982028385 -0.126258428067826 -0.0536987605978195
-0.00425934710522919 -0.00847864534373909 -0.07510926809078 -0.214400830201636
0.00166429479501588 -0.0104053012773562 0.187649069279353 -0.249128130492304
0.0010405257949326 0.00151130444039084 0.383898450875202 0.0863086628255264
0.000974607941560979 0.0062792615213979 0.1315592936825 0.387406647171794
-0.00837677521290066 0.00386375588704774 -0.156290506885198 0.242506485808893
-0.0055529507910812 -0.00278317186164626 -0.00402291874806294 0.0393102059457805
-0.0060110339348652 -0.00111917183314942 0.200197133617578 -0.160095875178019
-0.00563610606355655 0.0160540445768475 -0.0409108003386086 -0.441184599321598
0.00227023818122234 0.0129647571936097 -0.440803055498692 -0.188949793171989
0.00775096450373297 0.00282395297652821 -0.268789198560251 0.269192445652747
0.00272759299278294 -0.00429888914091849 0.0649440733259647 0.264882660237767
-0.000152137200330105 -0.00427046834529689 0.165619801981696 0.0734049220588949
-0.000827557435815905 -0.000849956263023527 0.0997577755937167 -0.0829359711725675
-0.00718823162295506 0.00385738824994825 -0.0912133988124029 0.0498829116170827
-0.00495570411951356 0.00138136980258206 -0.124071917482104 -0.0547664469132957
-0.00363542602088848 -0.00932288992748494 -0.0706565122655215 -0.214952330936957
0.00138683135171253 -0.0103564799300156 0.192693045420793 -0.244037052104178
-1.69242426587817E-05 0.000933306608121014 0.382092812187748 0.0964560175260438
7.09909212043437E-05 0.00505618346700911 0.122913599061563 0.393634166383337
-0.00752873554054368 0.00269264569613863 -0.160390461192784 0.241853882347571
-0.00428564719731569 -0.00406512326378986 -0.00437746165804151 0.0401183097466707
-0.00542680373546365 -0.0019796635043145 0.197431421457125 -0.160277937597118
-0.00639679015668059 0.0149781874263705 -0.0507351827917216 -0.437227699294708
0.000622180570393561 0.0125335763459366 -0.443633037601057 -0.176373250168886
0.00704760649772708 0.00269897455110035 -0.263719588484191 0.275571405985505
0.00337861245724766 -0.00515724083972777 0.0702144956620387 0.263509788691162
0.000397685712550841 -0.00473896977882827 0.167565358547564 0.0705725052953364
0.00184213501981971 -0.000152902687376429 0.0998691428771149 -0.0843064252661293
-0.00555852938415809 0.00468866026852331 -0.0896139282820913 0.0491381423887005
-0.00334004735184563 0.00142276201605822 -0.12135400799616 -0.0558557940000613
-0.00271889636427379 -0.00902967355021352 -0.0659468674659788 -0.216290533571613
0.00136754094131377 -0.00960200358406445 0.197141775135931 -0.240159986224119
-0.00139791347368072 -0.000180987300497011 0.380135545032849 0.10757245927433
-0.000475021371626903 0.0027174423895476 0.114929385641193 0.397982755099556
-0.00717525751372464 0.000774271489428803 -0.163371974165347 0.240896383833849
-0.00364066591220313 -0.00489413524942424 -0.00429056547811902 0.0399476169770192
-0.00466991111965139 -0.00414119933268931 0.194295157306938 -0.162269467924682
-0.00706780283040842 0.0124580570165865 -0.0605968698497034 -0.43243924521223
-0.00062486249630413 0.0111335458188525 -0.446614509921194 -0.164689161565886
0.006158791595405 0.00267690727583277 -0.257260429336405 0.281970672111401
0.00358025944604141 -0.00397657196302287 0.0752624815302947 0.262472127353713
0.00214026030623154 -0.00402995454377849 0.16958162937379 0.0677699138548057
0.0037132407990756 0.000857694431016951 0.101953850492599 -0.0853468703602963
-0.00397506326760744 0.00501938588052875 -0.0881277440907332 0.0484632701534424
-0.0021563194011304 0.0019905510664008 -0.119527922119543 -0.0576523536985675
-0.00206674585031318 -0.00681957487289024 -0.0620074143191354 -0.218841471848072
0.000911656472689012 -0.00805122408291818 0.202147645789714 -0.235793930287383
-0.00196524181913198 -0.00181543017823163 0.377590929587927 0.117117373251019
-0.000655510265420546 -1.53396036986376E-05 0.107080594173711 0.401158307220245
-0.00604594593551555 -0.00117637374542321 -0.16732572880509 0.239859571744818
-0.00275284202832684 -0.0059994131974193 -0.00351912563773132 0.039542641428286
-0.00447345391497176 -0.00540711275155601 0.192476841158872 -0.164806785599444
-0.00706551467293993 0.00978440492248491 -0.0683273668398144 -0.430488469224602
-0.00235530733358195 0.00970366849107109 -0.449945163210187 -0.154166409479159
0.00566047783551064 0.00435421029144172 -0.251046418086239 0.286471593518659
0.00430765956341308 -0.00178749017063095 0.0802814334556563 0.259386480615181
0.00348267108024636 -0.00249429362199111 0.171426180354165 0.0650757973290804
0.00566894557463693 0.0015830245950902 0.103321781722107 -0.087302824763712
-0.00994729315707176 0.00243569979604506 -0.0953236404519369 0.0550238357896109
-0.00600758453163174 0.00692866369531933 -0.129921197125767 -0.0536945080709562
-0.00379980845045584 0.0024263414766877 -0.0782532339684372 -0.219999807706975
0.00358339581725637 -0.00324934431807195 0.189135349545676 -0.2565054269685
0.00235873305510507 -0.0013855840534314 0.388782325419674 0.0795315782201968
0.00293173814374658 0.000896134503278315 0.132601338360242 0.383659092493809
-0.00792055739561597 0.00300791778636659 -0.155912774138508 0.238527734748193
-0.00711127759755043 -0.00337874367109113 -0.00170294308607124 0.0360944487043027
-0.00484628680941734 -0.00184280141125943 0.207301578867663 -0.16509268632295
-0.00424114340732543 0.0100039247102035 -0.0358199815348417 -0.453211066821596
0.00136332777832332 0.00892288171665344 -0.442753574862572 -0.201135120951419
0.00845952241592509 0.0103728171890217 -0.274070645835793 0.26279926218465
0.00291618462367263 0.00904985749552044 0.0631328700324892 0.264348363879229
-0.00156766493920233 0.00207950520469542 0.16527555340132 0.0745568849952649
-0.00244650350189145 -0.00200519799225347 0.101931405033745 -0.082131695893036
-0.0104220234618802 0.00216037000186129 -0.0956473787921348 0.0542613296147648
-0.0068852861575518 0.00550098438345194 -0.13100867863948 -0.0525831611175541
-0.00427257223268655 -0.000919763721586792 -0.0796930879221807 -0.218405339143308
0.00383563195868686 -0.0053206125697461 0.186377686187006 -0.257440075846839
0.00241018117689527 -0.000291196913905651 0.389066305202544 0.0762782225129397
0.00280609862200854 0.00387695530970619 0.137086705620542 0.381845086233637
-0.0089815986274175 0.00429628874203264 -0.153693783675103 0.240061436025895
-0.00737178434576405 -0.00254653538750141 -0.0028508340349483 0.037210512810839
-0.00564928467429913 -0.000737737673729176 0.207648077788213 -0.162332012690448
-0.00418713308107586 0.013051566018763 -0.0292148148889515 -0.452362486626477
0.00229788402237705 0.0110006430765811 -0.439949622403671 -0.204792471885726
0.00883110446600013 0.00851960982734958 -0.276931908796695 0.260660982096296
0.00218904339961025 0.00508472823807645 0.0592707959077879 0.265582659877783
-0.00208396834452983 -9.33121560965991E-08 0.164187659056902 0.0760459299451399
-0.00366917735485798 -0.00214724403823998 0.100887159305476 -0.0816618093001073
-0.0104742192116194 0.00225397079441804 -0.0955851761109634 0.0538524090866241
-0.00672027602598247 0.0039906788240364 -0.131383900834831 -0.0526478041244267
-0.0044138658419801 -0.00412038850430324 -0.0806349802376673 -0.216728091703155
0.00311289620252085 -0.00768605101003612 0.185836178764319 -0.256303830380929
0.0023088255842459 0.000883674232007994 0.390008456254495 0.0765351011961456
0.00222999771033686 0.00564274060201909 0.138787867623517 0.383404578595812
-0.00909010765061989 0.00538123190593395 -0.153662421178817 0.240871678345766
-0.00701998843946808 -0.00205847926536919 -0.00372197972035402 0.037844839631834
-0.00579324192781122 -0.000314411584256739 0.207341227817058 -0.161218334543176
-0.00471252446653216 0.0151328143781368 -0.0306477351946079 -0.451812933589398
0.00275757608655785 0.0119526401445788 -0.43882700087705 -0.204911927381193
0.00892089123747682 0.00582391149190067 -0.27843667517431 0.261023157470758
0.0024904478756888 0.000909868502727523 0.0591244054316512 0.266758435214684
-0.00194939599910587 -0.00189546695345002 0.164287231031322 0.0767929865124379
-0.00322886032404845 -0.00197176732474649 0.100573218414364 -0.081249625179773
-0.00983879654506512 0.00309291601471883 -0.0956360811700478 0.052339591493553
-0.00666414948795936 0.0026575983851001 -0.129877136220922 -0.0528062165860161
-0.00478691258766569 -0.00671300381546057 -0.0779158102263124 -0.216429930280644
0.00241724381170301 -0.00920843660672641 0.188303734191266 -0.25385487054419
0.001982734823455 0.00140124435573921 0.388978456930964 0.0816229173900664
0.00190936374050395 0.0064728375231232 0.135744143610238 0.386733594070209
-0.00867256923101188 0.00461972043123855 -0.156006156965272 0.243092481557551
-0.00646647713329766 -0.00292891554851504 -0.00433448588679716 0.0388814226091498
-0.00618277451935852 -0.000337659306267174 0.205430763537321 -0.159102036101037
-0.00516182545052873 0.015818745744137 -0.0329721907696284 -0.448706822345662
0.00239624103994428 0.013223535218918 -0.440751898725671 -0.201599268629021
0.00842615828482517 0.0042637643527734 -0.277027626662035 0.263955773392289
0.00290457117148006 -0.00191951005057566 0.0599789152360332 0.267839866840176
-0.00136611889661776 -0.00377372328755616 0.165520239178338 0.0764883868709313
-0.00269607885102903 -0.00178057989801804 0.100258064826255 -0.0813977742904607
-0.0091095210636324 0.00350429086512648 -0.0943167668993657 0.0512921023674703
-0.00638236559072452 0.00197558472457713 -0.127925386118004 -0.0547093869240205
-0.00411787443967009 -0.00874156854280407 -0.0750596046666621 -0.217056813205186
0.00166911291445773 -0.00983438793486809 0.191094017836925 -0.25024318814213
0.00068938339861989 0.00148326256975718 0.387301651558668 0.0894288453430562
0.00085048245017857 0.00622671393634187 0.130282654655734 0.391737048506246
-0.00844441890221602 0.00443010419980774 -0.159143165000639 0.24372774958952
-0.00582892970476502 -0.00350189036035399 -0.00481722026184972 0.0395902406295123
-0.0061193872741263 -0.00107483083515403 0.203507217856182 -0.159129190138172
-0.00599606864022693 0.0159498802592473 -0.0374720336540518 -0.444330300611608
0.00221264074963347 0.0129105638348162 -0.442968080200009 -0.193410758019682
0.00790701987387937 0.00295378944760441 -0.273024815047848 0.269157853465468
0.00306007213819895 -0.00397707434242413 0.0633131594395936 0.268043803590102
-0.000410999226191688 -0.00471011117830544 0.16717319620522 0.0748574932647278
-0.000473703488494555 -0.00048127415639971 0.101195541756175 -0.0833740106841312
-0.00742505087199623 0.00484130382153952 -0.0930198001186737 0.0498544339254674
-0.00492604561336325 0.00136188139701529 -0.125225568519726 -0.0557528893417062
-0.00350110901459982 -0.00955015803915045 -0.0705875553935372 -0.217877268852918
0.00144420057537533 -0.0107454701504575 0.196284584713917 -0.245028147027485
-0.0001515707447039 0.000993325832623819 0.384828273539043 0.100154990727681
7.22273690950742E-05 0.00543028646243761 0.121262153903772 0.397448844138359
-0.00792262619210123 0.00210467856935189 -0.163450262341173 0.2428703680701
-0.00455118278927559 -0.00475587678880181 -0.0052301546584616 0.0404830907243617
-0.00523897832344008 -0.00234375779147288 0.201209474824853 -0.159809587724941
-0.00649403026085711 0.0149257011731426 -0.0473051926982716 -0.441238021729556
0.0010216360258276 0.0125084014399293 -0.446280900689859 -0.180934454261407
0.00733076273019438 0.00331289537380888 -0.267677347464905 0.275921641254969
0.00357154307561093 -0.00500873302830007 0.0686386776010304 0.266733807534826
0.00121233929656791 -0.00459555107084454 0.169327776181025 0.0723681155685439
0.00149651593118901 -0.000388398973936691 0.101924517004625 -0.0841624622655758
-0.00595716226939784 0.00447553546057376 -0.0913279413124677 0.0490328047517518
-0.00371284228252914 0.00149642119672819 -0.122460054401462 -0.057150452505969
-0.00237562628743069 -0.00880529925402698 -0.065356115242042 -0.218923357019637
0.00156435792149018 -0.00944689283755928 0.200379754051402 -0.241174893017921
-0.00109672798936557 -0.000355365759566544 0.382446796966112 0.111111303058669
-0.000507545626581341 0.00280574077221359 0.114346677922558 0.401720681591769
-0.00770210075474424 0.000902764016982315 -0.16680243663693 0.241447469453854
-0.00338141957239109 -0.00506535817578907 -0.00457496304971792 0.0405990917506547
-0.00463209978310751 -0.00351974937363159 0.197986927007038 -0.162536525151633
-0.00708256290829833 0.0126660900961682 -0.056580241587495 -0.435987319650126
-0.000497515907146001 0.0112801898291634 -0.449945667192669 -0.169349368373558
0.00617553272401267 0.0028209197928537 -0.260948941369726 0.282241099788571
0.00369356287098169 -0.00403463664017514 0.0743251378655364 0.264220409030941
0.00226418420549286 -0.00397351148819701 0.170442054186912 0.0698614585321049
0.0036604513604257 0.000890494926702596 0.102868511238003 -0.0855778696084466
-0.00391900878046583 0.00539514831254314 -0.0902726577188264 0.0485104240657693
-0.00226009060102209 0.00257029266955908 -0.120341175988392 -0.0581628759777941
-0.00195345019551432 -0.00722527436626291 -0.0611613298159087 -0.221273586187753
0.000981433574394267 -0.00836096010641546 0.205502257972335 -0.236701237940763
-0.00206700278767973 -0.00189602724444553 0.380082130319815 0.120007064755167
-0.000486643319841767 -2.76854562128795E-05 0.106699916180992 0.407399549047875
-0.00656271328915403 -0.000821918940895085 -0.170242916637392 0.240936576578664
-0.00282013443982812 -0.00638293271267496 -0.00435944074527804 0.0401484211201006
-0.0044942907545274 -0.00585129662777376 0.195818687363485 -0.164468868125136
-0.00757183816669247 0.00971876181563408 -0.0659126790122651 -0.434961559872148
-0.00213889304583482 0.00999666798122081 -0.453252970173425 -0.157639431111835
0.00583621034417263 0.00447697258195333 -0.255792770369832 0.287402422356012
0.00426612745777623 -0.00221372356545234 0.079220556691644 0.262800864712156
0.00343883008093081 -0.00284245570902523 0.173023715991151 0.0667535433104702
0.0055021634136952 0.00203571046707659 0.105742798538661 -0.0874288931968454
-0.00993190023161983 0.00249429951782684 -0.0968492078667383 0.05497855096236
-0.00595397771133484 0.00732360121497482 -0.131929858852815 -0.0546616757293455
-0.00401921688904484 0.00202787951098102 -0.0779965457561708 -0.223673287915986
0.00383575361801466 -0.00319407997853888 0.192103291484995 -0.259151714065025
0.00195817262839889 -0.00181996296563215 0.393586035481497 0.0832752561298741
0.00310537040227622 0.00129557132533318 0.130513210687993 0.387646572412835
-0.00821592612034049 0.00299080844278126 -0.15859864731984 0.239684656406663
-0.00703436471524114 -0.00345692684964961 -0.00224541359107713 0.0366432616740778
-0.00492274113305474 -0.0017201860632973 0.210436742302327 -0.165199904896123
-0.00383172995036068 0.0103984514475812 -0.0333893474340702 -0.458530240984865
0.00161788510815774 0.0095576369678968 -0.445314259661345 -0.204399617740096
0.00853194442096784 0.0106296279569983 -0.278902457560922 0.265006883163831
0.00285240808987945 0.00908552825101952 0.0624116843883975 0.267767436908954
-0.00102712393046132 0.00188029739687322 0.166681701805377 0.0757057302497057
-0.00266719568607847 -0.00192585907477525 0.103884668891507 -0.0828615903219228
-0.0107255004488861 0.00267275092248663 -0.0979698604273487 0.0548178703899875
-0.0067990535636504 0.00560932660646865 -0.132769136849409 -0.0532978632339369
-0.00444980817437639 -0.00115885952374526 -0.0796415853023813 -0.22153776436999
0.00371033737382563 -0.00562831754881496 0.189865361146081 -0.259637238986314
0.00240418702382214 -6.46305980870673E-05 0.394403844890454 0.0791206438074051
0.00272664055107377 0.00377192812198613 0.13694441669626 0.386745052153247
-0.00891737664279414 0.004640443561002 -0.157082539658454 0.241982986614716
-0.0078911274371455 -0.00294460265856956 -0.00298138209060632 0.0373346309975707
-0.00496547580146303 -0.000914322119148835 0.211268583148436 -0.16296685795489
-0.00440700638529009 0.0131897288084706 -0.0285562865528126 -0.458169340887607
0.00220674392031242 0.0115023102560872 -0.442990557748911 -0.208868974788897
0.00927180467915383 0.00873675434000313 -0.282156094928066 0.262004857557166
0.00249656648403556 0.00540025171910193 0.0591301757547613 0.26929547336835
-0.00159444087676036 0.00018524031567 0.165620085201033 0.0774376311577246
-0.00365856141021874 -0.00227888333752489 0.102822133945204 -0.0819392605611197
-0.0107405613254206 0.00267898345398765 -0.0982518288811722 0.0542444956130041
-0.00730248517882304 0.00392218249482061 -0.133296559464988 -0.0538913161234715
-0.00501773105156499 -0.00409617702685694 -0.079681099751705 -0.219986266626144
0.00353554132445637 -0.00750039889405816 0.188809221633167 -0.258790838920123
0.00229364701913903 0.000968976502267459 0.393361061301203 0.0794426438790832
0.00260731488862534 0.00537982665862415 0.138040830950628 0.38851129884566
-0.00883720286538788 0.00533033418561263 -0.15679040814572 0.243090723595923
-0.00753300341695356 -0.00262905395528215 -0.00407774544404898 0.0387087862933779
-0.00577811153804773 -0.000187182100172527 0.210189316903276 -0.160469327376663
-0.0047097024482004 0.0150950919600437 -0.0285056450378323 -0.455640518312614
0.00288817619828467 0.0128115463179204 -0.443752059739143 -0.209587794328966
0.00878060451099638 0.00606352364127111 -0.283108692945035 0.26263011577495
0.0025266932708818 0.00104593694388363 0.0585574928304021 0.270767914811425
-0.00217791058407219 -0.00168957132156305 0.165479359064643 0.0781678372126454
-0.00309688880442088 -0.00246465679003695 0.102143240576185 -0.0819098265519457
-0.00991366150937315 0.00347392490040052 -0.0976148896279591 0.0535434391120908
-0.00739163870496833 0.002875919071927 -0.132127832111088 -0.054011683508474
-0.00489830165247666 -0.00739939445673455 -0.0780578715748571 -0.219698720727097
0.00283069140658218 -0.00924541539283982 0.191039273745846 -0.257240591131961
0.00163971275125326 0.00160413492488806 0.393138365981437 0.0844301522312364
0.00227971685102534 0.00683165736420101 0.134801739760808 0.391267991127221
-0.0089623641279585 0.00495878158082097 -0.158918574809311 0.243684864899319
-0.00643327738757935 -0.00265554403210659 -0.00458472368602063 0.0396739881672619
-0.00585679491945656 -5.04191741090847E-05 0.20882203311672 -0.159206626658512
-0.00507995733213316 0.0158525032984211 -0.0301350578770603 -0.452886208932868
0.00261203215711505 0.0133632402057215 -0.445091047221372 -0.204901370792866
0.00861210645005729 0.0040764591170899 -0.282335327644707 0.265740996292549
0.00286057680557819 -0.00227509534677712 0.0598188397204888 0.271344819663029
-0.00181775003668493 -0.00346258251668211 0.166783715138633 0.0778183209209594
-0.00191811276666671 -0.00161831499208318 0.102546056552768 -0.082543382871635
-0.00904132445763983 0.00385261709980985 -0.0968833132245563 0.0517644329051297
-0.00625446715277676 0.00200730030054094 -0.129942389781234 -0.0549677501892415
-0.00449355218659068 -0.00920178811980623 -0.0749921349731201 -0.21980958550893
0.00215269782686609 -0.0104175897542758 0.193789883550088 -0.252851971000022
0.000719479262239454 0.00140171103481523 0.390962576384682 0.0923494825212899
0.00127266486869106 0.00620903567725386 0.130507115039834 0.39587899383932
-0.00897584915679596 0.00396198287649759 -0.162471908272807 0.245032261090579
-0.00546017701319449 -0.00349327857160849 -0.0052418727763409 0.0402288876741336
-0.00550926992882258 -0.00141834588824711 0.207000504513396 -0.159834623344374
-0.00583860818995627 0.0160344767935527 -0.0352207957179813 -0.4496486031826
0.001907276292825 0.0131990135783287 -0.446302341185096 -0.197143816234635
0.00779498568361298 0.00275704817418375 -0.278089610119543 0.271515590433238
0.00373630968858734 -0.00456458776740698 0.063297024811426 0.270820888640314
-0.00052137020196915 -0.00439102182239122 0.168801270661669 0.0765694195710215
-0.000607284451177468 -0.000984018425922714 0.10288494791412 -0.0839550159138292
-0.0077100195707343 0.00450298871718535 -0.0955070357872245 0.0504087101069318
-0.00523444215987336 0.00181760687781779 -0.126306748882491 -0.0565309302557075
-0.00366060079413219 -0.0102035652100903 -0.0698597264138619 -0.220445869558395
0.00144809163591184 -0.0103897438018456 0.19884689784408 -0.247606596970869
-0.00013276274826496 0.000880226398460107 0.389134324307346 0.103241020817578
0.000193001152067383 0.00491356938434347 0.121171906243281 0.402566595424883
-0.00852026083553984 0.00274977002071332 -0.166474686495858 0.244814788837416
-0.00475818466388333 -0.0044619341413105 -0.00556398068716661 0.0402307463296082
-0.00546532451254348 -0.00246908224611659 0.204320763298857 -0.160182801077484
-0.00700965894944182 0.015046268994165 -0.0442435115738406 -0.444929250477721
0.000911882434921164 0.0131192549721741 -0.450820787518747 -0.186341714287319
0.00760480642684614 0.00231621286466162 -0.273196505882521 0.277309787111844
0.00396661948075896 -0.00517438672914817 0.0677475639689851 0.269909413499517
0.000877094247720783 -0.00473091239096963 0.17035221115018 0.0737356027424604
0.00151994869260954 1.87538610598539E-05 0.104055457442803 -0.0848488976968174
-0.00591838253871611 0.00529472944342039 -0.093877213568946 0.0494268918007993
-0.00339812424928891 0.00201142523301107 -0.123922910867022 -0.0585726387227803
-0.00287969414578185 -0.00917550446627558 -0.0649322250058493 -0.221515406298535
0.00116508183624026 -0.0095444470214804 0.203400778375407 -0.242363984811756
-0.00133446242435823 -0.000113282075555355 0.386353551676768 0.114289357897046
-0.000344161766981207 0.00260632171684522 0.112108296354276 0.408055198432042
-0.00747712172920375 0.000583356240833606 -0.170294641715222 0.242731478818732
-0.00337465570894162 -0.00535525672257997 -0.00482132168924062 0.0411821955348607
-0.00506978395238797 -0.00397792985545027 0.201277416387571 -0.162727237674634
-0.00693024389268204 0.0126942279435426 -0.0550287796944086 -0.441470735691983
-0.00102771740157647 0.0117413090922354 -0.453744837673504 -0.172375798640895
0.00659475656919676 0.00297251698599891 -0.26515917557114 0.284151259925428
0.00354787103966561 -0.00395883898237673 0.0741454617628011 0.268916679483052
0.0023685850801054 -0.00441517752414102 0.172928324435012 0.0714391720894298
0.00384278323047955 0.000973098766418247 0.105149181809741 -0.086600876185079
-0.00405759699681137 0.00569423247823441 -0.0922666899986101 0.049165350347432
-0.00219747865585236 0.00286105861326785 -0.121847967826785 -0.0591548436446983
-0.00192232087344942 -0.00714484360403551 -0.0608353166912682 -0.223670753391596
0.000925750788140467 -0.00820727966724778 0.208753340589536 -0.238697797427834
-0.00208989190203392 -0.00174425927640644 0.384208203696687 0.123768264611843
-0.000403798867069226 -4.4345741166598E-05 0.104488994818544 0.411457978678276
-0.0067645207161694 -0.000908191060759596 -0.17385767453943 0.241673662412124
-0.00257683639221347 -0.00602610198947986 -0.00448496215920925 0.0408365270792543
-0.0038649432234383 -0.00592147183388656 0.198757596087903 -0.16445120424191
-0.00773793001888305 0.0102082632629735 -0.0637274161061394 -0.439329118184283
-0.00216554004254915 0.0100518221646446 -0.45832616125094 -0.162691135135656
0.00552475409615392 0.00407581459090516 -0.260373092950775 0.289725156386357
0.00476850619313117 -0.00204624975265271 0.0793286976396987 0.265969760785056
0.00360154353929886 -0.00285456491837881 0.175191301169395 0.067971187323127
0.0050695511433707 0.00169511652204491 0.107228152282198 -0.0877767911718806
-0.0101460819657584 0.00295332828700463 -0.0993383320337551 0.0560794725102239
-0.00620485396844156 0.00769438301457846 -0.134172479619333 -0.0548993832015013
-0.00404120682758363 0.00201192047646974 -0.0788247544756504 -0.22618678258381
0.00372995175094843 -0.00344132202483548 0.195826683598715 -0.262551885232492
0.00224652980009284 -0.00158794687345214 0.398457057794932 0.0846385440221983
0.00316402594485824 0.000799823058347039 0.131956695033369 0.394180202460872
-0.00834668900433617 0.00308154716452909 -0.160891262043742 0.242236887019186
-0.00703287558452006 -0.00322439640366042 -0.00265982859535678 0.0372921764232961
-0.0054989412217707 -0.00227083491419498 0.213600594755081 -0.166662610194071
-0.00359345765666878 0.0102424163031781 -0.0321484233876076 -0.464103588559413
0.00149955529178051 0.00925555990275415 -0.451062273368691 -0.209725118931028
0.00912867820526876 0.0107301127979828 -0.282972954033228 0.267337678768401
0.0030541082711994 0.00900096412637796 0.0628178659696567 0.271656238540822
-0.00128586697004427 0.00237633418315353 0.168549403124119 0.0770867811485326
-0.00240721118569639 -0.00183966565445 0.106288090568994 -0.083368278668428
-0.010747524901719 0.00261806577735892 -0.100223035035481 0.0559601990108731
-0.00660852844522264 0.00592295284300018 -0.135291278748435 -0.0538704371332293
-0.00462556102395122 -0.00113496929421837 -0.0805018621798927 -0.224148081738203
0.0036327570898778 -0.00518329581662555 0.192838289564834 -0.262714543186083
0.00230782898753682 -0.000218252095254268 0.398976978172665 0.0812809810049178
0.00296321054160826 0.00367824051551697 0.137703148166389 0.3919555387486
-0.00874660306147335 0.0039723706124673 -0.160228151140834 0.243690829999077
-0.00756196449005844 -0.00249464996362424 -0.00400465421327306 0.0382339747697544
-0.00567401018070062 -0.000871792148019191 0.214361644662102 -0.163226424777692
-0.00404571300926452 0.0128768431070354 -0.0263511473567409 -0.463648218546958
0.00227640570029614 0.011553266825117 -0.449168947011009 -0.214164804373404
0.00906445567614403 0.00829703893433631 -0.286182978567049 0.265220217300183
0.00287725742174066 0.0049626300230166 0.0588915130628666 0.273402130160776
-0.001739626843865 0.000122500604523051 0.167854494349421 0.0786495353790902
-0.00334248709861964 -0.00236912932881316 0.105251564770274 -0.0828434846337357
-0.0106076024351187 0.00283782326630437 -0.100422927657162 0.054771202924334
-0.0070427187830383 0.00433312905662233 -0.134997451064116 -0.0547126873324091
-0.0048084752791889 -0.00476265572628207 -0.0808892699070054 -0.223363672234205
0.00347993965921413 -0.00743682723511189 0.192114892892286 -0.261955563508553
0.00238041992455883 0.00111518262316199 0.39936331241083 0.0817056220482708
0.00276339041088658 0.00537136123583041 0.139181144739177 0.392815832598746
-0.00938150530051982 0.00528292313871085 -0.160084958588709 0.245181623813582
-0.00715711831451517 -0.00244310868547044 -0.00488750375175148 0.0390603909223049
-0.00612187676222304 -0.000402539192610843 0.214019175433515 -0.162045375344402
-0.00436620954590501 0.0155093536443834 -0.0258809116193603 -0.4632560205787
0.00278629013116814 0.0130819563959002 -0.447797837314803 -0.214368667171325
0.00937445992312354 0.00620615669275544 -0.288010079717203 0.265084719095428
0.003083882901245 0.000713294771489261 0.0582045151143003 0.274338402888424
-0.00181334814756415 -0.00177060616499259 0.168093423284394 0.079637511322423
-0.00351136957249171 -0.00252819962050124 0.104746838407833 -0.0832538481191878
-0.0104082807561679 0.00352502878868356 -0.0996765572612962 0.053562008178477
-0.00682853894976197 0.00277763990659425 -0.134108935534518 -0.0546990739874681
-0.00491591252000328 -0.00760069058067989 -0.0789670449595191 -0.222458239384518
0.00247063004833485 -0.00922616838675467 0.194510739932456 -0.259954462485542
0.00159209669470082 0.00177078345116265 0.398592714628266 0.0861567298938982
0.0017313379848329 0.00636927326619574 0.135999136644595 0.396970318767582
-0.00933605557471121 0.00494654378173835 -0.162078044628911 0.246952656338154
-0.00698082720944333 -0.00276513089126091 -0.00566314306385245 0.0403483658876352
-0.00643644050999245 -0.000679621693210352 0.212599316394272 -0.160113729230351
-0.00539002832429191 0.0159030728038491 -0.0277016758333358 -0.459315198297579
0.00267433394730977 0.0136050431946559 -0.450703782851945 -0.209271198940476
0.0087620948999789 0.0040015681602094 -0.286864350054762 0.269066609404471
0.00232920582667523 -0.00226607547218977 0.059813525976818 0.275266708079862
-0.00123670014410418 -0.00390348249039521 0.169254932435224 0.0793149392510216
-0.00274539909670194 -0.00201627230121772 0.104606096043563 -0.0835843722341118
-0.00934380907827501 0.00408587286190619 -0.0990235443644532 0.0522297687168544
-0.00619898268475167 0.00205963187955838 -0.132172128445842 -0.056141484965335
-0.00406833165536075 -0.00931397654001461 -0.0754321634001693 -0.222750558874742
0.00217147477464018 -0.0104653784446174 0.197605201856127 -0.256197004345051
0.00111259568758493 0.00164485582575584 0.3968576291706 0.0952883257453232
0.000930385204079914 0.00642602739053173 0.129680184775534 0.401042898170675
-0.00887031758316412 0.00367839785682837 -0.165240812842381 0.246934645245267
-0.00607642843947904 -0.00374055015392444 -0.00622603377670929 0.040807941621982
-0.005894730619303 -0.00155127795113336 0.21036674782495 -0.160177506750971
-0.00592448107226196 0.01604879514993 -0.03450226134074 -0.455724561174261
0.00189858990686215 0.0133770810871516 -0.453661142797906 -0.201821238905141
0.00810409114515095 0.00311812693298373 -0.281637096305773 0.27402645395909
0.00329194211034278 -0.00445082255328903 0.0631062938342431 0.275163719888704
-0.000649269236525028 -0.00445168283956126 0.1707849044645 0.0780564990563618
-0.00097746699056119 -0.001319213163408 0.105069681996383 -0.0843270179866588
-0.00736940470960659 0.00468409738361098 -0.0977943094219913 0.0508189657278212
-0.00496053664834428 0.0019182960138204 -0.129253112736424 -0.0575966806102896
-0.00329573392012173 -0.00999560954514981 -0.0705031344153755 -0.224000661140248
0.00156825662726545 -0.0109473076910517 0.202578655369801 -0.250580652088104
-0.00047130956946792 0.00118307222301216 0.393894532807855 0.105676855763968
7.1795151739433E-05 0.00519244734657626 0.121329016130121 0.407097371922826
-0.00851837679157767 0.0026278966803409 -0.169569948658735 0.246419206646903
-0.00475703169008059 -0.00417926948520367 -0.00598874373643044 0.0412525402928444
-0.00526211670884896 -0.00237657442975857 0.207890806640298 -0.161213622539501
-0.0065457112418745 0.0148116021171668 -0.0434736662598902 -0.45113529978806
0.000503578567470488 0.0133457003264113 -0.456926304786422 -0.189363760903187
0.00735230176011857 0.00258409120375846 -0.276966201381582 0.280739467846157
0.00352685012494927 -0.0051887395231433 0.0677884169688997 0.273811482413366
0.00119412131969012 -0.00483866739027865 0.173170684808738 0.075343982533366
0.00155701603249115 0.000187314802977185 0.106210357117925 -0.0860938645145369
-0.00570492900189113 0.0057687445456466 -0.0964972069513074 0.0501120416265288
-0.00389425436723628 0.00261561385068941 -0.126346122802389 -0.0585917776242766
-0.00274280837385548 -0.00929095668121838 -0.0657897720795083 -0.224801813275825
0.00136322903851443 -0.00996536154784988 0.206284175771306 -0.246325574066835
-0.00150470642953426 -6.14333305907684E-05 0.392031875833242 0.116603087082974
-0.000231039079247469 0.00247825128279743 0.112480623074636 0.412203751371223
-0.00761403012158031 0.00092283049968215 -0.173470302371123 0.245036712919786
-0.00363106760318739 -0.00530926669525274 -0.00584940556468262 0.0416309454225972
-0.00502071743574213 -0.00439250345479462 0.204564454522988 -0.163398049626626
-0.00722137401512437 0.012725511038828 -0.0540164562853408 -0.447792653079499
-0.00105279588223377 0.0120964499045709 -0.459572141424521 -0.176699084228896
0.00628658012482251 0.00287772375384916 -0.270193238834855 0.287403423474316
0.00426195950242149 -0.0044646665412899 0.0744222031005926 0.272458288742676
0.00243866513391998 -0.00416909272518601 0.175271198663591 0.0720996258297536
0.00363990711802578 0.00128123505161548 0.10748170975066 -0.0876777041441074
-0.00377706860622387 0.00636997477317724 -0.0944587810603533 0.0496182388327611
-0.00178958182860857 0.00329224179746305 -0.12396102399061 -0.060162104521161
-0.00157171496244448 -0.00769073199939836 -0.0611760211289009 -0.226940166649579
0.000798940103763203 -0.00805521857835852 0.212154263835375 -0.241269986709255
-0.00203337721068369 -0.00130630167201452 0.389733962189683 0.126399413269102
-0.000223236248391744 -6.71798812008628E-05 0.105591272798501 0.416447273689767
-0.00680468987483007 -0.00118217018892881 -0.176762675874199 0.244033357053593
-0.00275553222068253 -0.00677805704777347 -0.00496666500557114 0.0411970457185197
-0.00397044517649754 -0.00556094834052858 0.202058549104073 -0.165697250054296
-0.00746606936302252 0.00929824695376073 -0.0618545606965444 -0.446102338600038
-0.00217631122320559 0.010480401150591 -0.463546967942846 -0.165754772353796
0.00590198714278113 0.00377227958622521 -0.264344649552632 0.291744309072092
0.00504950111066846 -0.00208563207469738 0.0799749295158032 0.269881271253489
0.00385611594243193 -0.00289621900297634 0.177796225384859 0.0702772482164408
0.00571893244459926 0.00182234206964302 0.109378056931683 -0.0889770106713575
-0.0100942377269148 0.00324425731808384 -0.101775854970203 0.0570428441784024
-0.00650946996500659 0.00761758489881467 -0.136822157616111 -0.055470000715847
-0.00416369087715935 0.00238883508017687 -0.0802941757547347 -0.229241559795566
0.00385912868157532 -0.00311354242860769 0.198430699297255 -0.266759374269834
0.00190755758650666 -0.00136345527835293 0.4044402465292 0.0859838599851876
0.00319326241515143 0.000811639237330453 0.135007580623186 0.398615708487661
-0.00820905144092934 0.00312160608112214 -0.163667077685847 0.244605598094843
-0.00735176600065588 -0.00335663918532347 -0.00292200479245769 0.0378614618707031
-0.00508843004720519 -0.00246250287128406 0.217819059441635 -0.168864593302473
-0.00315242872830914 0.01043123084838 -0.0314894688079825 -0.471445042352704
0.00123949174361574 0.0101225196914974 -0.45747387788609 -0.212417647512702
0.00917384942787806 0.0106069801671148 -0.287777718325624 0.271567603406216
0.00316740512848463 0.00916061485112807 0.0632839046227181 0.275683669745136
-0.0012093686438901 0.00210046162617301 0.171851577067384 0.0785022451422104
-0.00254968751787305 -0.00211902325852155 0.10767385525416 -0.0855593330503836
-0.0106157166512748 0.00302030302424893 -0.102308884462262 0.0569064815631757
-0.00698543733553753 0.00587270650684219 -0.137642801274952 -0.0549479894794637
-0.0045776605654413 -0.00139588286816838 -0.0816922250150107 -0.227683802351526
0.00354167389209989 -0.0057952427784035 0.195172127061062 -0.266744921820962
0.00231741654906081 9.69390080324305E-05 0.404990966988588 0.0823568962159535
0.00333321116251404 0.00366420134687704 0.13970092317335 0.398088993773894
-0.00878923514220343 0.00467627490557066 -0.162129008302372 0.247220330499293
-0.00748678783365442 -0.00275451134468077 -0.00434082894577759 0.0389813162339967
-0.00554283058593574 -0.00127180695042975 0.217630608178723 -0.165543958802669
-0.00457926458942957 0.0132192356165728 -0.0263218268190601 -0.469889312027294
0.00231199209846657 0.011456888614183 -0.455641545020084 -0.21711625773974
0.00934481748844435 0.00827838294425493 -0.290928515213007 0.270020209478702
0.0030885844222338 0.00497402130317944 0.0604132780018416 0.277550710006003
-0.0021363799300293 0.000147944580631898 0.1710245268482 0.0798222112252765
-0.00357639368019324 -0.00216553084022155 0.106905209104817 -0.0845059375776293
-0.0107842957358598 0.0031465755741227 -0.103083420424269 0.0558795180897903
-0.00723435148538949 0.00437214519694014 -0.137562450836452 -0.055063215115059
-0.00464957006404545 -0.00447836179868181 -0.082420997863752 -0.226296292449302
0.00359093497412742 -0.00797277499879781 0.195204657008113 -0.266351414345359
0.00211038546478192 0.000985304958732545 0.405053053793871 0.0826796243586752
0.00296872045123752 0.00568814362171789 0.140359413892807 0.39917090925354
-0.0093608910558411 0.00541511271939729 -0.162820366473895 0.24820503782001
-0.0075418624956091 -0.00294165907541492 -0.00498135748762867 0.0394607602059925
-0.00611835680565448 -0.000628212309109255 0.217106250667292 -0.16376107396547
-0.00462860264701867 0.0152509250907026 -0.0257226979924173 -0.467809498570816
0.0029953651296441 0.0127884288971941 -0.455860670587531 -0.21745148135756
0.00927301768279261 0.00617173723586856 -0.292612907274602 0.269896297200194
0.00277023371772504 0.00075107681449585 0.0601742581303727 0.279098617705524
-0.00193268597710713 -0.00182590684998278 0.171015382541139 0.0805834689209869
-0.00298352046555472 -0.00222178390602616 0.106266057333488 -0.0846106756764798
-0.0105018629843795 0.00383605116948086 -0.102700232710991 0.0549857537300636
-0.00675942084046939 0.0029349455744691 -0.137038882509739 -0.0549460453300536
-0.0046986732887189 -0.00760552629663153 -0.0804822851316996 -0.225834382129094
0.002768530043763 -0.0096178058033472 0.197154445613609 -0.263537830374826
0.00161456038926074 0.00185677301522582 0.404365125506151 0.0869627971287049
0.00188468987220401 0.00617073463476346 0.138381590052211 0.401660183773406
-0.00955277031552705 0.00483174534618101 -0.1639354835156 0.250273338697698
-0.00706681423848377 -0.00288935184223473 -0.00612128139446167 0.0406625035374071
-0.00614868409418171 -0.000567444185685464 0.215856948273609 -0.162431680482073
-0.00506478589694161 0.0160043065930922 -0.0269214092456257 -0.465981482468242
0.00287680999215771 0.014032261642536 -0.457471837835083 -0.213370868757999
0.00891313774373612 0.00400005587405887 -0.291498831065093 0.272820271133043
0.00324733583684758 -0.00268135835123485 0.0609475091685632 0.279281652865544
-0.00147094999453551 -0.00347573540170778 0.171890410914473 0.0806521842959731
-0.00259325887981494 -0.00190747047952781 0.106227843773681 -0.0848958463876573
-0.00933989379711367 0.00436120312717699 -0.101419884028391 0.0537348309544451
-0.00611259304122932 0.00240949786696309 -0.134533206195135 -0.0564836978969955
-0.00447020351551741 -0.00958276955439039 -0.0766915734967609 -0.225909576657247
0.00217212439745063 -0.0106276394209017 0.200778850877834 -0.260048635629609
0.000553504539145118 0.00164181832268877 0.403047749173094 0.0967788633665746
0.00110141415969744 0.0062443664335519 0.130961163889893 0.409180884036247
-0.00957405487344966 0.00411636763540722 -0.168209606139972 0.250560751102087
-0.00562289740643296 -0.00364585228306032 -0.00647107704529919 0.0416106918943094
-0.00540389192534915 -0.00133011762993464 0.213389016953543 -0.162127430574612
-0.005498656649477 0.0161945237728265 -0.0339815807337834 -0.462633443363146
0.00241088904089739 0.0139266785768581 -0.45849706902067 -0.204571997223461
0.00867732861648848 0.00303976487564675 -0.286936581762925 0.277938609933192
0.00387714386115187 -0.0042894638772853 0.0648463516226888 0.279104308326111
-0.000575677673796844 -0.0047603722531331 0.173939189731643 0.0789589257009984
-0.000628867113078331 -0.000719326169748802 0.106784416412056 -0.0858338859049222
-0.00814303990695396 0.00546883924664876 -0.100072615559374 0.052373586825177
-0.00521562693242892 0.00187995550755744 -0.131848645644963 -0.0572664384514507
-0.00328840137417063 -0.0100432555501533 -0.0714933728844458 -0.227083893661316
0.00148978349582679 -0.0108672907007226 0.205445625384986 -0.2543086096626
-0.000309715417278284 0.00135932021231753 0.400363348044894 0.107357439212187
3.54303545059588E-05 0.00459226045181977 0.122797998641895 0.413445517498664
-0.00892556117398562 0.00249847184400138 -0.172098715802032 0.249827819817904
-0.00475321567991095 -0.00501296273247209 -0.00664133124132541 0.0419974103984258
-0.00519340811225385 -0.00281791215995325 0.210980237661414 -0.163067064345754
-0.00630452162139887 0.0148256400558989 -0.0431116431048671 -0.458728086834706
0.000708181330466489 0.0135840981295202 -0.462700667875047 -0.192882186291683
0.00767501011466785 0.00258593938962501 -0.281870043335467 0.284727957865757
0.00373926987787916 -0.00561094551588882 0.0696313459221353 0.277547441964249
0.000855988568848561 -0.0051291031708174 0.176183166184977 0.0766885942308558
0.00148681191293944 4.48330852109496E-05 0.108639956494822 -0.0873735024160737
-0.00576394604755587 0.00593071319751338 -0.0985358767577047 0.0515553234484692
-0.0035793679587057 0.00279250968012689 -0.129229980902168 -0.0589332041438186
-0.00266593969894664 -0.00952025228272701 -0.0667346612635747 -0.228572755689408
0.0016985852323091 -0.0101927078196148 0.210575265590451 -0.25034659542149
-0.00132580357574561 0.000644050481684947 0.397588784529299 0.118413010727319
-0.000264188201876742 0.00223421004855532 0.114443978905694 0.418802048226414
-0.00775373896693096 0.000616704393963429 -0.175479466642804 0.248148304732705
-0.00366164200528237 -0.00618294152763686 -0.00610504042867934 0.042417728142601
-0.0046351036311164 -0.00419881653373297 0.207957596869522 -0.164871521809984
-0.00719411894408788 0.0126588220012379 -0.0540097235509546 -0.454083294744429
-0.000856950454998056 0.0124147338355632 -0.465838730829312 -0.179518914713706
0.00658551270442922 0.00278754823422594 -0.274626135331704 0.291096180384251
0.00455146830302891 -0.00477959760605763 0.0754924778190258 0.275874247610567
0.00253177244259736 -0.00437865938949173 0.17777817540787 0.073833646608372
0.00371414574149212 0.00131699621036889 0.109244557183054 -0.0892049801168202
-0.00351114209448845 0.00617262219930213 -0.0968903019562061 0.0508510230714078
-0.00204149999256529 0.00317275215398001 -0.126441127469537 -0.0599786565600629
-0.00188064989257553 -0.00750520162294027 -0.0626023499256528 -0.230501540958395
0.00133091257501013 -0.0085218384964882 0.214666278456101 -0.245427924159412
-0.00215504739073973 -0.0015038128563639 0.39604488985866 0.12781007166958
-0.00033783304783136 -0.000571365126877856 0.107327720837693 0.423427805086811
-0.00687731218479851 -0.00148182522781052 -0.179944598051241 0.24704542521545
-0.00305360653243235 -0.00665236198761728 -0.00564315527601592 0.0422979274336371
-0.00415190763607542 -0.00609263540701973 0.205506876283156 -0.167982601525608
-0.00761095315481903 0.00988711225282186 -0.0627961593843339 -0.451897526635525
-0.0019580906094743 0.0106506600810468 -0.470494735234139 -0.168202795265035
0.00607091226504949 0.00417927664847233 -0.268182224031989 0.297270715594351
0.00501790766345323 -0.00166998503788882 0.08091366085833 0.273877414034035
0.00357970599408726 -0.00316729248539568 0.180808566514596 0.070875120377439
0.00514481072109631 0.00185786103841766 0.111088626599338 -0.0902161344872898
-0.0100751555908458 0.00354103093052087 -0.104085772435877 0.0588293516562688
-0.0064121306948124 0.00804880999073126 -0.139634732533472 -0.0552004210451322
-0.00451615906161581 0.00227480630467169 -0.0827470203293968 -0.232911777944449
0.00417628436187768 -0.00311518007992977 0.200444584161033 -0.271556219074088
0.00183095882705613 -0.00124281147076625 0.410179349216275 0.0855071346863722
0.00337945090378321 0.000150056368166009 0.137999532793522 0.404910460379388
-0.00877115370941427 0.00352755086247949 -0.165879665781494 0.248686013538225
-0.00768240707081875 -0.00328072225354734 -0.00276278303017633 0.0385086536429612
-0.00502908223372123 -0.00243227237154112 0.220554758529609 -0.171455166148209
-0.00367529867956334 0.0102628560185747 -0.0319182949410078 -0.479276343220988
0.00184964641077479 0.0101057933363374 -0.465200056732311 -0.215307642787043
0.0092602792545299 0.0107516691512436 -0.291056794061223 0.276309269602905
0.00325132417917759 0.00909061125652828 0.0661401070992792 0.280286750761144
-0.00114547013090235 0.00192601856054281 0.175131508364991 0.0791514820106109
-0.00288754923940868 -0.00213073154693619 0.109740856215108 -0.0877272152256102
-0.0105016053794393 0.00303341102569964 -0.104557527071114 0.0586500822566215
-0.00708293173116979 0.00636630038864527 -0.140127060546937 -0.0545909992009164
-0.00496111583146563 -0.00157500263504065 -0.0842532357942899 -0.230733402922568
0.00379605688408674 -0.00558700963159845 0.196807771658581 -0.272940075340927
0.00250839750589575 6.83339039503988E-05 0.411767990029959 0.0813093786082722
0.00375706956667486 0.00345466697731025 0.142294353576725 0.402071973007966
-0.00882427596826771 0.00457944362432988 -0.163854280229829 0.25071617546224
-0.00792894358712797 -0.00283049841314401 -0.00411354685567077 0.0398174358217225
-0.00576466610543881 -0.0011127701237877 0.221298880489103 -0.168068910463359
-0.00404409075918922 0.0132876082195618 -0.0278792609090936 -0.477753455504086
0.00280162887196042 0.0117607642705737 -0.463200464326315 -0.217752338369153
0.0094337091796685 0.00798739635803255 -0.294399298758252 0.274224454345657
0.00252254109552162 0.00477683256586002 0.0629005517173064 0.282334613720182
-0.00172601705642802 0.000158320396294123 0.174388995148362 0.0808419186991273
-0.00391649902532782 -0.00219138800595032 0.10888848982943 -0.0861783896763379
-0.0107384307403537 0.00364375490513764 -0.105152527127453 0.057493820339795
-0.00731957910264247 0.00440982627218477 -0.140511869204795 -0.0542989607214257
-0.00487219138415462 -0.00482183418305099 -0.0845831378520535 -0.229448583167687
0.00354092697882675 -0.00787036463475412 0.197546043454001 -0.270996823670493
0.00238384174799153 0.0011833423556662 0.411584210605549 0.0824258891294659
0.00236608375231662 0.00536010328943484 0.144292999213821 0.404668633613522
-0.00983484072355927 0.00525260764414776 -0.164018648171005 0.252363372555366
-0.00782846914720049 -0.00266843691132371 -0.00515179472276036 0.0406954518916644
-0.00613018611513609 -0.000727473104163015 0.219507705471115 -0.166166207103937
-0.00396623169979777 0.0154996981309546 -0.0265724339277255 -0.475814277343728
0.00300815089205984 0.0135184102405585 -0.465091543722714 -0.218502399099536
0.0100570023211101 0.0063819238827221 -0.296749894053117 0.274404644482989
0.00281508764194929 0.00114445188817389 0.0621267831425674 0.282439478408016
-0.00216368996348008 -0.00187395868183429 0.174376971577724 0.0811635240285798
-0.00357091369749409 -0.0021226492698972 0.108942277865078 -0.0871534758942318
-0.0103469631409174 0.00423072478088563 -0.104715250309597 0.0568196335048563
-0.00721376487002686 0.00306296225957079 -0.139482934290697 -0.0551223244657671
-0.00519169234983507 -0.00812140780840225 -0.082491065801076 -0.228953952556969
0.00274221487454096 -0.00940648588143864 0.198835667147387 -0.268486858899053
0.00164403196150328 0.00191925355010044 0.410729708994171 0.088055090984351
0.00165982325993188 0.00614384068122811 0.141721624670609 0.407890541884676
-0.00952146059628334 0.00515881102304922 -0.166238768076811 0.254218039888073
-0.00699606506937223 -0.00293920963203443 -0.00654743551480588 0.0414828708365287
-0.00578969096651108 -0.000727776693737913 0.21900081747 -0.164690320087524
-0.00519446936672818 0.0161791145330885 -0.0294935550959636 -0.474367654507612
0.00319347374380869 0.0140431764903313 -0.465711041771499 -0.21534882414069
0.00936835334654745 0.00436696618872051 -0.295789423457565 0.278507634988715
0.00287807019790791 -0.00294259727644366 0.0630928746436799 0.283970840133328
-0.00183313846191027 -0.00411820692282352 0.174921334574344 0.0810091899437401
-0.00257636414384618 -0.00193841802166403 0.108374747583949 -0.086825592792434
-0.00911923495262952 0.0048710432358756 -0.104251388051243 0.0548066684744625
-0.00630790378015595 0.00233015260314592 -0.136800167245722 -0.056513057915176
-0.00468624211377351 -0.0096334292876082 -0.0789787425447107 -0.228966416608778
0.00204650670926533 -0.0110003219187481 0.202221308348627 -0.264549360421522
0.000901421535954171 0.00214425499265575 0.409758857355023 0.0963753476533463
0.000991064359519999 0.00609594654687819 0.134960518322569 0.413618377626174
-0.00987083595585553 0.00410513580462444 -0.169841932098285 0.254135855921501
-0.0062733614555979 -0.00325807384993965 -0.00680148023519554 0.0424979990581423
-0.00600434034014741 -0.00185697087971333 0.216265733168179 -0.164999466730542
-0.00538771789750943 0.016175899105418 -0.0351415638227549 -0.468080856464889
0.00226680696932729 0.0143397824300387 -0.467606912556338 -0.207465233412059
0.00883303656524395 0.00260019462920026 -0.290648396589164 0.283813071886908
0.00393635335947969 -0.00517103135404491 0.0670657250476989 0.283031316698825
-0.000411958717406699 -0.00444652295299073 0.176809856524879 0.0791825396210415
-0.00111077500261959 -0.000567093614890533 0.10890307192895 -0.0878242683419765
-0.00804137613007825 0.00579901659177841 -0.102127697790376 0.0536083644675296
-0.00470028488349979 0.00199035519889394 -0.134814959518741 -0.0574422808723965
-0.00349871740445765 -0.0106110243830883 -0.0740860996496267 -0.229987844005711
0.00188167311107779 -0.0111339860195151 0.207358209033606 -0.259679770579776
-0.000244315071975024 0.00106891369358459 0.406728634983789 0.107369743712433
0.000673609734825961 0.00505220227396498 0.126617941079438 0.419701763516125
-0.00899664931099575 0.00225356662016628 -0.173907706051659 0.253679139706591
-0.00484557171285118 -0.00445036243071065 -0.00643865846377379 0.0427806231167008
-0.00522597775379785 -0.0025862969250633 0.2142385790758 -0.165239511176078
-0.00620923054421607 0.0149154625410183 -0.0453104157573452 -0.464714720385881
0.000968870232976022 0.0134879810661949 -0.47273569626802 -0.193700493221336
0.00736157399780248 0.00214505150950482 -0.284572507963659 0.290510158110917
0.00413406864038557 -0.00544081146914292 0.0716863987506043 0.282626364874551
0.0010255782568525 -0.00513398255467915 0.178976987670044 0.0773337050605933
0.00101880840043859 -0.000272860628232364 0.11028496363987 -0.0893688987177734
-0.00587864514825057 0.00635686031176051 -0.100606397055669 0.0532694571985818
-0.0034677565993091 0.00244888676747082 -0.131578743808022 -0.0591922565341711
-0.00264810893007132 -0.00987950014550848 -0.0691258552590708 -0.23159227170739
0.00155770389857353 -0.0104586128827125 0.212716478256437 -0.254254345987597
-0.00129529265186819 0.000634186030512449 0.404194451457511 0.118807956656741
1.44889725860716E-05 0.00218422707151096 0.117812197029369 0.424669121508937
-0.00804711164217379 0.000516199180231065 -0.178311803676054 0.252501838180529
-0.00364908665334364 -0.00588516411130133 -0.00696258508869583 0.0427906644519762
-0.00495211656091885 -0.00414564248529715 0.210881758295324 -0.167636239553958
-0.00716425072427115 0.0126103454973509 -0.0557601726130576 -0.459897917829211
-0.000870765584896215 0.0125210167661186 -0.47450738566805 -0.181658217027384
0.00711235874121993 0.00282477327254682 -0.278452471626707 0.297221812361537
0.00492310054650112 -0.00488152310731473 0.0776127134278528 0.280936190277274
0.00246759427949928 -0.00459317964058385 0.18158474009279 0.0737256969045818
0.00317372351002102 0.000862672836949423 0.111511635174574 -0.0915049496837327
-0.00378379285262255 0.007042593483799 -0.0993076393055745 0.0527116970312086
-0.00192382092899498 0.00295362466697862 -0.129266412602986 -0.060762661405842
-0.00194459676459839 -0.00822569545923916 -0.0642962844804048 -0.233996325963981
0.00115869092145193 -0.00897398641884624 0.2171455197715 -0.249936611050697
-0.00246919996197549 -0.00126413910269056 0.402614705899067 0.128745534985859
9.24675422944651E-05 -0.000639279708381162 0.109145108014568 0.428968125306797
-0.00689801938297213 -0.00109159639552127 -0.181147660723518 0.250867677728752
-0.00256178995030108 -0.00657365597236662 -0.00573753462623801 0.04245977371144
-0.00406962534963732 -0.00610506218859157 0.208165985476539 -0.169945715257497
-0.00751316919125198 0.0101145424228902 -0.0654974230979511 -0.459895583406116
-0.00212745426357265 0.0106948489034182 -0.478221797617633 -0.167412789345707
0.00648699061954994 0.00415617956947608 -0.271802544005167 0.303458640108507
0.00561886440611506 -0.00236980590703691 0.0833600583113773 0.277790397393372
0.00380778100961966 -0.00294060716266814 0.183657374125263 0.0709424928807295
0.00539924501272182 0.00213085681523093 0.113475703170075 -0.0925419903436484
-0.0105457220227416 0.00387134651512045 -0.105959720307433 0.0616733519188261
-0.00593168953691086 0.00802211603090007 -0.142378902659138 -0.0545855798144032
-0.00431491705930006 0.00218717783528396 -0.0863502914164756 -0.23604281252516
0.00363887736404725 -0.00301239184409338 0.201464439102385 -0.277462302982213
0.00200335732889545 -0.0015203581341464 0.41806658656942 0.0850855522168976
0.00351061590066342 0.000804861897747739 0.143312435166348 0.409625144863812
-0.00853903767584992 0.00302076500458852 -0.167232284517795 0.253662391314281
-0.0078838618583298 -0.003578556202724 -0.00326274535572258 0.0394161442140055
-0.00505448600607422 -0.00276472729198382 0.222871717383908 -0.174578585284373
-0.00297226246429817 0.0103062554393253 -0.0353785074525225 -0.48610935454364
0.00163140137257234 0.0103240743357264 -0.474146708836038 -0.214904180859951
0.00975602443215246 0.010313952618991 -0.293931177585368 0.283341716486882
0.00346202492860638 0.00892745045189103 0.0694259548242319 0.284129414000601
-0.00156381603468733 0.00199584371487762 0.17866341109154 0.0791638954728496
-0.00326397398398473 -0.00244563581917182 0.111699717892151 -0.0893603693878398
-0.0109955787848712 0.00401441882463679 -0.106970946167246 0.0608338930214445
-0.00690472293037125 0.00670424221607017 -0.143292006840291 -0.0537093921367567
-0.00476570984956606 -0.00132002922403294 -0.0876537758801281 -0.233657131337846
0.00388525666338804 -0.00591289914843219 0.198714595501779 -0.278201552618602
0.00279522765175883 4.24000811722431E-06 0.419515569094095 0.0808345143960004
0.00342833593878788 0.00339723860265636 0.147980699770712 0.40721493187508
-0.00941240217530502 0.00499519646147887 -0.164771201990719 0.255114849990931
-0.0079728124633731 -0.00262976118780508 -0.00470736866364566 0.0404948312473956
-0.0058570788226488 -0.00141969146587784 0.22343913009019 -0.171268390050895
-0.0033331664360594 0.0132713654806199 -0.0302764739729712 -0.485096446498203
0.00249576434177219 0.012173042736362 -0.472595384615765 -0.219141108827086
0.00949544576677467 0.00801336585343798 -0.298042694416973 0.281241583651184
0.00309346459346578 0.00445580520294319 0.0649984740212015 0.286209036555492
-0.00263489099399141 0.000103148109411436 0.177516527347138 0.080534528889168
-0.00385136753377293 -0.00210312558428631 0.110317567493681 -0.0885037852877397
-0.0112639564607292 0.00368741735622573 -0.10767416893553 0.0600921354535575
-0.00710736862116968 0.00486353981752018 -0.143275041861304 -0.0534947803050582
-0.0053148006539034 -0.00498330428068868 -0.0878558283956285 -0.232666196387105
0.00335257897818475 -0.00811281703992074 0.197668364382587 -0.277037502475
0.00243872139057959 0.00148948806384269 0.419538612446755 0.081284351202684
0.00301609580574157 0.00525017892257535 0.148252013124542 0.410041815435599
-0.00985884755154689 0.00552037587229848 -0.165484043289819 0.25671196353484
-0.00745367885101815 -0.00232404549376431 -0.00568324902102316 0.0414408325172455
-0.00611167031896621 -0.000412872177541053 0.222298281616834 -0.1705084573231
-0.0043047535140869 0.0154287859874452 -0.0302085134870131 -0.482589029187143
0.00342543851962404 0.0136264964768345 -0.473818401021759 -0.220372840727299
0.00999705729556817 0.0061245248594721 -0.299245376720814 0.280652694253124
0.00314407728309812 0.00104677432777776 0.0649977912289946 0.286442099610237
-0.00219719094684161 -0.00225114874502481 0.177815411380024 0.08155198491041
-0.00360321194936558 -0.00263785919059985 0.110429347335828 -0.0886197391674406
-0.0102207588057391 0.00451764026017945 -0.106818653803963 0.0584819759502218
-0.00682849444185866 0.00360944252733508 -0.142024975432344 -0.0542938337575661
-0.00542668200437368 -0.00774988359475271 -0.0860506797859804 -0.2321980652643
0.00247916145473628 -0.00982295573393325 0.199701210287104 -0.274313957609902
0.0016635102983169 0.00223548030540892 0.419205202897854 0.0860104521006553
0.00218426584693991 0.00642820931811539 0.146269629367957 0.413596338755105
-0.0102902487746983 0.00507492953364827 -0.167583726481527 0.258662500612568
-0.00720312225138964 -0.00265744371480014 -0.0071464620140189 0.0426825687347162
-0.00617684315302323 -0.000582375158966941 0.221609616499524 -0.168030678337356
-0.00462304335988713 0.0168744723788765 -0.0314579522091053 -0.480681402187448
0.00327812984288724 0.0143546445296333 -0.474377210055908 -0.215005757639429
0.00927858707107048 0.00473907609163815 -0.298598592068917 0.285284117553037
0.00308856961728775 -0.00262070412339141 0.0654303639791075 0.288359816396951
-0.00131291738442198 -0.00407155918611587 0.178580216637314 0.0813215286528713
-0.00261494938997916 -0.00176376820803494 0.110150181883255 -0.0890554386678183
-0.00932310770214356 0.00512279535638105 -0.106069115562073 0.056741489913332
-0.0062074230450536 0.00271193004438946 -0.140067813185935 -0.055499139271249
-0.00470252874184857 -0.00992501020383173 -0.0818349427915368 -0.232174262488037
0.00203262458248208 -0.0109446464108803 0.204110680537048 -0.270451213830766
0.000951430980772947 0.00205167044435498 0.416894222890245 0.0950391468378417
0.00109977649974779 0.00570689083364353 0.140282859684133 0.419511161608815
-0.0100019229276282 0.00402725527562496 -0.170838923317859 0.258744618744517
-0.00595530308707097 -0.00339816577752763 -0.00642612679936373 0.0433657846659126
-0.00537528221129531 -0.00147259696637549 0.219581616378311 -0.169027667101618
-0.00543386493764496 0.0166504638900239 -0.0391633434919669 -0.476852164620476
0.00280917109975445 0.014566229600535 -0.475016239168129 -0.206846350364535
0.00887094477691996 0.00268329485270202 -0.294264106408474 0.289702301479158
0.0037460739955851 -0.00532685207776068 0.0695734788833672 0.288064277286686
-0.000469233212941487 -0.00481485589814959 0.180293660524859 0.07967594470933
-0.000889699953395209 -0.000788662779821211 0.110467072959281 -0.0901296995574939
-0.00759480021170591 0.0060177611559941 -0.104175335162803 0.0552942615863565
-0.00477710782845577 0.00241887526834762 -0.137029620200051 -0.0567027508074102
-0.0038784382577743 -0.0104691362332219 -0.0769097919559299 -0.233544147320727
0.00148777266017861 -0.0113462289983298 0.209014234494 -0.265266215864685
-0.000421841426892437 0.0011928708498731 0.414306063603893 0.106292202715358
0.000687074518408864 0.00478508191144568 0.131362323731747 0.424759184785355
-0.00920153628283811 0.00248584559833411 -0.175558355341463 0.257766505177512
-0.00527342121312358 -0.00448229677682532 -0.00690290354213576 0.0438500736202414
-0.00515414505314115 -0.00267606961908832 0.217047077457943 -0.169168492542959
-0.00658489535804523 0.015500950986244 -0.048712616955429 -0.472722240447557
0.00130544886465378 0.0140404414835492 -0.480953987688859 -0.194103942049744
0.00833175034691944 0.00186093659978331 -0.287704844813174 0.296803086299642
0.00355538853350925 -0.00596004025786851 0.0745927385425061 0.286563541398301
0.00114637377861919 -0.00543160440859855 0.182318494293382 0.0771586205454587
0.00129866875848677 4.99807467043588E-05 0.111692509452059 -0.091932869631727
-0.00555450301837951 0.00663999384262753 -0.103331149425509 0.0551344408974768
-0.00338847474987198 0.00260553741834683 -0.133558966234704 -0.0589195493588693
-0.00284983176852506 -0.00984461101008613 -0.0717716071550624 -0.235062633860063
0.00151533506077276 -0.0106514185867958 0.213289568846876 -0.26017304223592
-0.00145102656857277 0.000369209565445357 0.412288290116099 0.117527064451846
0.000199689400371547 0.0023221597616556 0.121517583689647 0.429325006688576
-0.00834224806028603 0.000979119884869317 -0.179150135239984 0.257263319600062
-0.00400107874434936 -0.0059530760400645 -0.00664234227781494 0.0439925526897247
-0.0048296831526686 -0.00441256566362596 0.21343696855515 -0.171087466294037
-0.00726121314225187 0.0127453651825565 -0.0588229413887228 -0.46719435169906
-0.00086054103644252 0.0127620235380528 -0.483922437336118 -0.180337679010492
0.00705615365355421 0.0030551218120881 -0.280322220472044 0.304254048317864
0.00446102876742104 -0.00529287558375752 0.0814139306178774 0.284252229059361
0.00237311887788393 -0.00458130840040381 0.185182613895623 0.0739074966773058
0.00383770168270753 0.00123422821118073 0.112612486867662 -0.0932607069216417
-0.00383825682541082 0.00724108120397387 -0.100957737724296 0.0545840253803215
-0.00181917621070874 0.00361077228659192 -0.132028105288363 -0.0597301200084283
-0.00245687278074272 -0.00786752040493556 -0.0667725325924132 -0.236137663053398
0.0012348627971664 -0.00903145401976277 0.218926725726872 -0.255661989987139
-0.00237391243870145 -0.00128635875330149 0.409989021029297 0.128104110769245
7.40694834507494E-05 -0.00113754955294909 0.114304152895926 0.434827086057039
-0.00692032980378435 -0.00145478838448244 -0.182110818160222 0.255649756940815
-0.00322184751414435 -0.00674590901429105 -0.00597545386154425 0.0435436414732261
-0.00386602628176703 -0.00620942375358902 0.21126949223749 -0.174228161270671
-0.00761543476090906 0.0102222319576649 -0.0679029069909259 -0.466373590994621
-0.00207469193281255 0.0114496707103333 -0.486920691705522 -0.168501339230087
0.00654983291451553 0.00381713552690304 -0.274422291047544 0.309053071305146
0.00521687742453083 -0.00268110880043776 0.0867345592175575 0.282453992677667
0.00388204283923511 -0.0033377088624248 0.187098797242821 0.0710299605112886
0.00549536138593115 0.0017726457014814 0.114908590931575 -0.0955526072302944
-0.0101970423457103 0.00414908252048629 -0.107723220405054 0.0634258768256787
-0.00587842850887046 0.00884271936311764 -0.145130118723332 -0.0530718966478395
-0.00484004893364231 0.00221915244511863 -0.0897267385724916 -0.23901726904202
0.00405394434305458 -0.00324829775483179 0.201556842726801 -0.283211063163094
0.00222147682366968 -0.00108399176399231 0.426285653815964 0.0814600160204875
0.0032472778505674 0.00029127022992693 0.148640035234924 0.41351900387622
-0.00891994290955586 0.00358128535405507 -0.167309751827404 0.258463089896754
-0.00780320400257302 -0.00323250074057968 -0.00341951489883224 0.0405682546814008
-0.00505573001403347 -0.00252680695721205 0.224660503444321 -0.179782349404015
-0.00311266599726423 0.0104050325247704 -0.0402007104733407 -0.493990399231302
0.00223305240230781 0.0101709621412019 -0.484459061541345 -0.213509181831286
0.0101414225050357 0.0110213560179506 -0.296119925569543 0.290668322070557
0.00374250505094466 0.00930205771252204 0.0730137908167905 0.28798064699961
-0.00124943464004421 0.00232973306416994 0.181867908974944 0.0782004775133129
-0.00297433099168143 -0.0020557604020158 0.112680494093352 -0.092202667191554
-0.0104873348016581 0.00390083871733196 -0.109122339176557 0.0637573640705679
-0.0069356208608566 0.00680359081117969 -0.145982721455853 -0.0525930254269027
-0.00517367590021933 -0.00107287958425453 -0.091481352050714 -0.236803407560747
0.0038420356401708 -0.00593246128291452 0.198719401912401 -0.284889439851033
0.00230700660549806 8.27953347126457E-05 0.426467880677515 0.0769894846684348
0.00324570960868247 0.00320050883278373 0.154860903549027 0.413167202393482
-0.00956931499421743 0.00482696743353258 -0.164727202894627 0.260343756897604
-0.00836524259338686 -0.00258590193082415 -0.00443312110503022 0.0414381822832349
-0.00558319324282663 -0.00143028573296283 0.225863361375084 -0.175473368118244
-0.00356212554714358 0.0135096045224543 -0.034926975177462 -0.491432685617823
0.00291983029362852 0.0124565802645819 -0.482449579622952 -0.218384021032058
0.00983792307028688 0.00795524473410335 -0.29998547334969 0.288080257464871
0.00298455476780641 0.00502792375000778 0.0687926188272117 0.290376687827855
-0.00230021607720486 -0.000225160019653875 0.181475480375151 0.0795563359141173
-0.00344241896532926 -0.00266586290500278 0.111947877952879 -0.0913921484699328
-0.0109876850929652 0.00424768954945471 -0.108831959003254 0.0620830618752488
-0.00725287915945236 0.0049452084025734 -0.146712439210716 -0.0526586032134839
-0.00505596658856683 -0.00508734269263491 -0.091904601252187 -0.234864813306141
0.00338784948780376 -0.00831578246694835 0.197765471846606 -0.283336960897752
0.00250309747132016 0.00131937415566391 0.426474325112538 0.0785978120056178
0.00257333511143397 0.00515806186639679 0.156228910872157 0.41493126207071
-0.00955911499030687 0.00554623068027855 -0.1655238389804 0.261425359930306
-0.00800462839413171 -0.00274931458334032 -0.00513761027047005 0.0427689276247251
-0.00570603878929746 -0.000873717555258946 0.224913756075909 -0.173908987091609
-0.00397233894752788 0.0156479816492934 -0.0349832097138562 -0.491332823111969
0.00335135510842248 0.0140272806591591 -0.482707906715805 -0.21802377780033
0.0104492044621923 0.00592745858176456 -0.301949892451037 0.288172965099708
0.00303924868924558 0.000799172792727312 0.0684091028196707 0.290802848327874
-0.0020475465412963 -0.00200129340545947 0.181179484381524 0.0807316010932739
-0.00344422593994958 -0.00268769950415426 0.112042885502199 -0.0916833275499625
-0.0101993868851446 0.0050365665087001 -0.108926158915446 0.0614824842444005
-0.00670544067172314 0.0037330671337163 -0.145287774889508 -0.0531465825060779
-0.00541439108632378 -0.00799808269668832 -0.0897680824383637 -0.234789441725957
0.00263202149058625 -0.0102299975019863 0.201124684015938 -0.280443340366876
0.00193424826722026 0.0021451963731467 0.425990682915442 0.0831612798156126
0.00193724380808317 0.00613188685081074 0.153422201023935 0.418548738299792
-0.0099721063451197 0.00528793146633317 -0.167773099965778 0.264049607280681
-0.00723137900890015 -0.00298674818860974 -0.00630241567110041 0.0433629034048212
-0.00637698911131004 -0.000596943931035577 0.223342217716228 -0.171811583513741
-0.00473931723260944 0.0168960241345091 -0.0362799385785469 -0.4868906738584
0.00321993386328609 0.014752822444175 -0.483452504693121 -0.213932326622852
0.00954466814383724 0.00411342976656641 -0.300681680638688 0.291798746995574
0.00335328507432264 -0.00307271706098305 0.0696733182323819 0.292303051993672
-0.00128755454326782 -0.00392068325917278 0.182371981348351 0.0806422160803295
-0.00257412206628724 -0.00220232289483618 0.110855717289989 -0.0916198400662284
-0.00951037098782024 0.00575691070863744 -0.107825759807233 0.0598268850464369
-0.00612749682304036 0.00300659651413245 -0.143099972107768 -0.054751210788645
-0.00516717129097229 -0.0102789144179035 -0.0859086097734453 -0.235286940389866
0.00217659261555757 -0.0113780813327939 0.204191842986748 -0.277136057332693
0.000781218034745744 0.0020142611871355 0.424577615261607 0.0923677813810563
0.0011306519282049 0.00569174869918137 0.146169432312343 0.423388266617026
-0.0103681547767813 0.0044253701049687 -0.170579038938647 0.264191540306579
-0.00638023455583411 -0.00356596193459402 -0.00681049678913977 0.0441492158827896
-0.0059265366171143 -0.00145769371098721 0.221479284983624 -0.17274096864925
-0.00522692671436744 0.0168777664860635 -0.0430609150033744 -0.48355912528005
0.00256462622324298 0.0149373740262337 -0.485742196456904 -0.205356220222802
0.00911040396903752 0.00283703892673298 -0.296090613041357 0.297568791446299
0.00379706994908956 -0.00557547626390469 0.0733760211805857 0.291290802286696
-0.00025115488447113 -0.00539721768004539 0.184495206161604 0.0791103013465659
-0.000973125254761582 -0.00131983530604221 0.111261734723457 -0.0929523257734617
-0.0077508151697688 0.00626622844047127 -0.106498273890419 0.0581537633053228
-0.00415117460936892 0.0023160261995481 -0.140207433572077 -0.0556332995163136
-0.00393103765133553 -0.0110262432710883 -0.0807990228720501 -0.236155359402235
0.00172919891759669 -0.0119174886949275 0.20907343677328 -0.271578645143814
-0.000451452267342525 0.0013948873082609 0.421726152898289 0.103673254861914
0.000399106363533876 0.00403769487071456 0.136768660847209 0.430141378422406
-0.00888781746266221 0.00268185594512423 -0.175362713874426 0.263044427890752
-0.00493854067945012 -0.00439513495154577 -0.00687766869950728 0.0442274090576521
-0.00578527822845302 -0.00302461289169429 0.219202663575057 -0.172629960091242
-0.00623742778036406 0.0155834267120492 -0.0529031184934475 -0.479592780443786
0.00128487599109985 0.0141573144999339 -0.490685248704901 -0.191834959112406
0.00802583027528075 0.0024664995881536 -0.288884677979098 0.304077724982145
0.00443641430478902 -0.00634986140671475 0.0789645836713703 0.290244772585011
0.000877910171825847 -0.00592459616448843 0.185940176472847 0.076394024096632
0.00140013917927673 -0.000370333198130174 0.112918880779344 -0.0947530138226186
-0.00593387835291591 0.00764742209569936 -0.104657956934661 0.0575736740152403
-0.00308954545469105 0.00262751386792121 -0.136895431537706 -0.0581021283473936
-0.00340590531870014 -0.0102026713647048 -0.0758254062176032 -0.238234322109074
0.00112112433500852 -0.0108978852959894 0.213835175900947 -0.26710469885628
-0.00138850446667211 0.000534451269889584 0.418947700238202 0.115635705695455
0.000135849402320369 0.00215778432556484 0.127356689770987 0.434387290473486
-0.00832683884467379 0.000966256781110148 -0.178938556163151 0.262488086186635
-0.00385886555096315 -0.00559960963216878 -0.00654792555243002 0.0447160728369872
-0.00467075494179899 -0.0045433559582818 0.214674415020142 -0.175502184777408
-0.00670777780319628 0.0130464871492999 -0.0641236174315275 -0.474511314299366
-0.000569518376062238 0.0131474280745594 -0.492113367890577 -0.178585307958956
0.00706494001743599 0.00248557040281107 -0.282142072539473 0.311357465285564
0.00467839883740827 -0.00520450555063057 0.0856062418104407 0.287627587692798
0.00219374178711652 -0.00484747685508884 0.189191007371054 0.073048797725563
0.00367924848052646 0.00106979170449056 0.114705176922971 -0.0958437788156203
-0.00370790844649108 0.00759774963616035 -0.102764352702776 0.0567776343752483
-0.00141628165627939 0.0037017701169252 -0.134553671489259 -0.0587722031779849
-0.00204143816819677 -0.0077424117072149 -0.0704036363263485 -0.240218470485628
0.00119607775800325 -0.00918148357315769 0.219823005745668 -0.262384822642728
-0.00276716548450424 -0.00117992609302843 0.417947993140251 0.12569797864984
-1.68500519700278E-05 -0.000836772749830104 0.119477379620341 0.439160649965016
-0.00744016750575496 -0.000973021708121337 -0.183594147745528 0.260655179782059
-0.0031862759392845 -0.00673675466520993 -0.0061596502240423 0.0441604850596368
-0.00437898895792618 -0.00648579678080174 0.212848289990229 -0.178225285957165
-0.00754772947531092 0.0099473432868508 -0.0737574955063077 -0.472594795177773
-0.00209776514202231 0.0113234625306878 -0.496890869782294 -0.166879502116539
0.0065856938631187 0.00381198887251817 -0.275651826681161 0.317393813918456
0.00533659108360103 -0.0028324375283545 0.0913162970734283 0.285858720631987
0.00409810633217319 -0.0033428406815141 0.191348060443397 0.0708545358243706
0.00547118197454287 0.00174305463490442 0.11627841858291 -0.097787026726354
-0.0101611883846114 0.00410205080372796 -0.109026710110743 0.0666115237074595
-0.00572836812991782 0.0088739713344925 -0.148024925430746 -0.0510702309017516
-0.00438656008799564 0.00257324406481457 -0.0942152097880122 -0.240960958817336
0.00397422638595687 -0.00369073135450851 0.200075211643603 -0.291051716375383
0.00180140324658956 -0.00106654797894043 0.433415303459169 0.0766668599003485
0.00335011792848994 0.000155590984631271 0.156365672451132 0.41815574958903
-0.00943785275926904 0.00395446239418887 -0.165927598268988 0.264082306267664
-0.0083108349941301 -0.00298505630061701 -0.00312083920506092 0.0411092638618445
-0.00525223761441217 -0.00231587988467837 0.226025048571833 -0.18370084431955
-0.00333955968196646 0.0105026043482048 -0.0455172559806908 -0.499086763381684
0.00228191125028249 0.0105875034319075 -0.493553229845412 -0.211678906049752
0.00985149373708553 0.0105330860263967 -0.297051762493075 0.297907979644861
0.00360134417585755 0.00888165279985391 0.0775997418569793 0.290732133272965
-0.00140567688044811 0.00192648711536623 0.186517276379704 0.0769922513342501
-0.00351280671702333 -0.00201664370980293 0.114110798920156 -0.0953869068847181
-0.0107102937422795 0.00481461426327569 -0.110529842866031 0.0665941953079393
-0.00669963776380303 0.00695220846229862 -0.149576626830111 -0.0510254601013165
-0.00524359370581861 -0.00105070945715161 -0.0957995662596062 -0.23882397488767
0.00373366588973122 -0.00619808838230607 0.197327308440271 -0.291539374062818
0.00235837450529477 0.000156910714838046 0.433691836116793 0.072788237576987
0.00321502101891902 0.00269165494252858 0.161104646424931 0.416111800082005
-0.0097813790799636 0.00521224511690288 -0.165342278493546 0.265298209229905
-0.00847209791006874 -0.00241943280482526 -0.00405220609699586 0.04182678324869
-0.00580745347543698 -0.00133216805354303 0.226616160899114 -0.18069943393529
-0.00375206205502083 0.0135494644787366 -0.041400773492441 -0.498433397485556
0.00313721165845569 0.0125909174560488 -0.493076414231777 -0.21565566257103
0.010454962531585 0.00841569115455779 -0.300771842986811 0.295632726359464
0.00323153630054378 0.00428711773526782 0.0737097397244579 0.293154674834152
-0.00239095746776767 0.000328610101799284 0.185534504609847 0.0785097511853866
-0.00415396514053646 -0.00258202798980867 0.112927661248832 -0.0943216383693263
-0.0109905932448404 0.00467500920263665 -0.110436991451496 0.0651826663856958
-0.00663112932261968 0.00516328906091017 -0.149702807321524 -0.0508500437919216
-0.00563441731982493 -0.00476512115569499 -0.0968756438568438 -0.237568109632276
0.00352411396823028 -0.0083100263264873 0.19685632406635 -0.289984905252544
0.00230831973838169 0.00126667001217877 0.433462014061022 0.0734677173539966
0.00281559941523848 0.00500512201745864 0.163423844977276 0.418591022196357
-0.0100252812277336 0.00574389497039419 -0.164377417820614 0.267171291259746
-0.00820434385427527 -0.00261684900348884 -0.00479961903661927 0.0434819114953779
-0.00577060231909907 -0.000716165152023557 0.226085354942222 -0.178244986345284
-0.00381413841612606 0.0155970682940646 -0.0405775991607792 -0.495852279582658
0.00357333025195007 0.0140647741541521 -0.490425662583906 -0.215893469779387
0.0102180357679334 0.00604414470889913 -0.302320304293661 0.296717112056299
0.00308246972990593 0.000143822826868834 0.0736407406472462 0.294978206597401
-0.00244036465055798 -0.00256465688003127 0.185438032529492 0.0797461117533619
-0.00371964457894795 -0.00268649612660991 0.112014661279803 -0.0943911768066521
-0.0104964405607908 0.00536916248055484 -0.110471925259867 0.0639357466684701
-0.00664048781353816 0.00349538265398897 -0.147978638987373 -0.0510456889257302
-0.00594247245758522 -0.00834908688975355 -0.0938097213459527 -0.236692337561548
0.0024993873736892 -0.0103863660629415 0.199654995770851 -0.287906176298702
0.00164847096958652 0.002040641144102 0.433655498483704 0.0787074229157309
0.00230445548636457 0.00595084354121494 0.15938386781997 0.421388248289654
-0.0102251343457557 0.00553653487435415 -0.166131695712523 0.268700534640895
-0.0074207388028191 -0.00274640508271897 -0.00610099463282311 0.044181521340337
-0.00607043525153619 -0.00112755523890081 0.224169332706765 -0.176592224906481
-0.00450684498283461 0.0171092617288994 -0.0434577387112 -0.494299199746566
0.00376961974012184 0.0150521660913033 -0.493130870103656 -0.210401733410806
0.00964127912830681 0.00376132538575129 -0.301106887974124 0.29953830909364
0.00365888653254071 -0.00323066311166123 0.0741950756801503 0.295416489796109
-0.00186432279625882 -0.00402672353776584 0.186162234133572 0.079156319626111
-0.00327744324762041 -0.00178149002845058 0.112443017700857 -0.0947252037372031
-0.00940750674259299 0.00620549509398805 -0.109656016034081 0.0624184302150804
-0.00602283854257808 0.00251382478831003 -0.145871436586007 -0.0530287196181828
-0.00512660494020231 -0.0104249538412077 -0.090170377487213 -0.237310546857653
0.00173721019316044 -0.0116832101342728 0.202702389867937 -0.283509815206289
0.00100751671698284 0.00208739441975427 0.4321466342774 0.0884271527725619
0.00122354524552554 0.00561278139751806 0.152990094601391 0.427089831008139
-0.00969404346462266 0.00507623551808487 -0.169603957113988 0.26917171973763
-0.00639930129951598 -0.00356529622878887 -0.00665361072459459 0.0448977465692526
-0.00595988868576383 -0.00153019664716187 0.222234855503328 -0.177183000609113
-0.0054480134200662 0.0165432491761284 -0.049515059434292 -0.488619953820161
0.00244726669400972 0.0146069238015119 -0.494592145762535 -0.201612955153723
0.00968644096417062 0.00240638246844016 -0.296149045607707 0.305951317649865
0.00352478476366433 -0.00588491010924777 0.0782995099998871 0.294751453321404
-0.000820189366250699 -0.00476171114800321 0.188330389518465 0.0778465799399707
-0.000947981672204066 -0.00142847607980049 0.112732371351552 -0.0958024445006103
-0.00738580270483203 0.00670557304662176 -0.108153327063621 0.060783858489476
-0.00464008273569995 0.00232002741621052 -0.14285709259408 -0.0539205738882318
-0.00435903381978139 -0.011280490398003 -0.0850156499544583 -0.238665742395817
0.00142036459148769 -0.0116959677453067 0.207689960066414 -0.278540152577305
-0.000379600827532906 0.00149838652079455 0.429718851683545 0.0993583196432761
0.000732379661599194 0.00440570442054864 0.144434246057022 0.434361048499243
-0.00926601932086333 0.00266852704680458 -0.174958222178963 0.268427583833558
-0.00533317530195636 -0.00435182699889757 -0.00677529510800272 0.0455934297908076
-0.00549957784492662 -0.00304363681508092 0.219516112301566 -0.177598314685116
-0.00567447508855844 0.0156835627325046 -0.0579200679945982 -0.48470709385152
0.00124416114130202 0.014593559365187 -0.500168023907901 -0.188831295870761
0.00782365493814492 0.00188534679930172 -0.290040376045829 0.312102793148535
0.00420732524277775 -0.0061957280754703 0.0840630952186356 0.293206241167574
0.000613222734328142 -0.00554051706280826 0.190678633947557 0.0752010322393991
0.00154190042983196 -0.000275736019049573 0.113987954292989 -0.0975026389628143
-0.00519004138492235 0.0074302658338248 -0.106351436938838 0.060664906258369
-0.00308424265783677 0.00249937863650502 -0.140052334500067 -0.056062079055791
-0.00341520009497703 -0.0104743259434023 -0.0792931105015994 -0.240516970282374
0.00113046851715618 -0.0110642768367571 0.213487142062657 -0.273608140713776
-0.00126739082050809 0.00013687911524141 0.427053057510792 0.111274832630657
2.7401397520139E-05 0.00134644012920346 0.13605744817415 0.439251481164566
-0.0084145560186581 0.00120467641925968 -0.178881004205123 0.267248144430617
-0.00460063585422736 -0.00589829651924344 -0.00662991259893318 0.045554457227793
-0.00488124595752161 -0.00465664104150401 0.215989197624845 -0.180235273355867
-0.00688210551346642 0.0136965933889052 -0.0701180029296812 -0.480042576981894
-0.00016813122319665 0.0131454313638445 -0.502120193367031 -0.173267394745788
0.00702516008514575 0.00228963776219928 -0.282711874507631 0.318760576935952
0.00445208227247865 -0.00562493153468929 0.0905225245992455 0.291429866978514
0.00226628951129571 -0.00507708810612321 0.192892824842683 0.071364657660249
0.00334977958925955 0.000901298289605623 0.11506361603548 -0.0995384749655616
-0.00374827413434343 0.00806915827736231 -0.104590987615897 0.0598840541119907
-0.00108805498647411 0.00348706160834272 -0.137589426336951 -0.0572238571619358
-0.00255069214455048 -0.00837686855038953 -0.0751647036757346 -0.242317804761871
0.000740757300076306 -0.0096469103330158 0.219636643107055 -0.268742439589095
-0.00250363629391996 -0.000955386046932154 0.425161297779869 0.121146175446367
-0.000257396852816558 -0.00118271605802526 0.126748534553945 0.443132537141752
-0.00786082464200871 -0.00117202637606305 -0.182197423733854 0.266176660790886
-0.00292786661478245 -0.0068767621803269 -0.00532412917083814 0.0455898625876184
-0.00477214755011426 -0.00658869097142701 0.213357659334161 -0.183112412554631
-0.00715019897659971 0.0100482669458135 -0.0790888858054444 -0.478552353540437
-0.00213892796061673 0.0114926208284634 -0.506440025967139 -0.162432981454898
0.0065397648055144 0.00345538404040171 -0.275868339172186 0.324140714469029
0.00516550432215766 -0.00282974553805199 0.0962100541689885 0.289071233166935
0.00373033206621447 -0.0031521012771608 0.195303681879319 0.0687564746746236
0.00523345062185835 0.00200898085163689 0.116993505720279 -0.100731928273598
-0.0096400084345272 0.00491499705752367 -0.110531704976057 0.070557423431279
-0.00530428547230271 0.00871530111967372 -0.151584974839626 -0.0490873959473178
-0.00455670688902937 0.00303847963201903 -0.099983290176396 -0.242452940639156
0.0039719076673192 -0.00359814293236062 0.198532708864755 -0.2981095234864
0.00181542266806096 -0.00164970552846307 0.439871997963599 0.0714576392183953
0.00363732139802084 -8.29754010148384E-05 0.164646563553939 0.419461205575443
-0.00917395547972105 0.0038199140224784 -0.163438670965896 0.268891997200266
-0.00823599328560035 -0.00299778327922646 -0.00233211181062453 0.0416194342647034
-0.0052133401476833 -0.00261385843292354 0.226190609892784 -0.189166261900849
-0.0027918856987732 0.0105668914274148 -0.0553430043367306 -0.504297723383809
0.00204868318376461 0.0105070582661811 -0.503440905627373 -0.205144191128705
0.0107792476493917 0.0105547207328461 -0.295722548812357 0.307113333851103
0.00404996581649465 0.00920050511127173 0.0843576756121746 0.293941507812172
-0.00144514756075703 0.00240331806808928 0.190016804780857 0.0748489865871385
-0.00355754145841327 -0.00223380106186007 0.114735882348573 -0.0983448770839582
-0.0105289576495132 0.00509984270184397 -0.111807333712573 0.0699203064742988
-0.00606435295699819 0.00719567604142975 -0.152856173416841 -0.0477600612001362
-0.00568167001536992 -0.000797291172576578 -0.100636423259075 -0.239693628010203
0.00370472377868645 -0.00626522539384827 0.194954972133117 -0.299169371240061
0.00258316584802141 0.000473676127376644 0.440242978969193 0.0670799147046402
0.00348438769530816 0.00303405928428387 0.169793168081171 0.417311981541248
-0.00994484629446278 0.00536004284232413 -0.162937718345968 0.270728456986282
-0.0082679372455779 -0.00231424089905127 -0.00335092027612872 0.0429392187722952
-0.00603210500808763 -0.00130277399756117 0.226534910827265 -0.186094831056655
-0.00293273183523301 0.0134629425205313 -0.0483254709133 -0.503778047591714
0.00320056464043582 0.01234263595228 -0.501326882617513 -0.210201908726988
0.010398407068263 0.00817877410161218 -0.300057849716199 0.304678089896022
0.0031037346506003 0.00469652064701388 0.0800800175901408 0.296005862375544
-0.00217905916338118 7.49015609204182E-06 0.188727454726062 0.0764892596849264
-0.00436243825392687 -0.00192933068460272 0.112913705924878 -0.0973788328762349
-0.0106687096939246 0.004909703570874 -0.111983307733571 0.0686057307258241
-0.00693216958042532 0.00510767707998163 -0.151953923673427 -0.0481876342008353
-0.00573070491721729 -0.00476761465986101 -0.101700491833617 -0.237920498490289
0.00341330925217279 -0.00870693086106399 0.194149888344111 -0.297520895178752
0.00314733622559541 0.00165663592427252 0.440269758507318 0.0669776616295008
0.00302740366521819 0.00470180880841447 0.170838655547448 0.420442861668718
-0.010568351689467 0.00571939093503701 -0.162134286093085 0.271901282986204
-0.00828466907011989 -0.00231500531066155 -0.0048655851393861 0.0439257060283073
-0.00604264561491628 -0.000687644718806155 0.22657541150103 -0.183579251653102
-0.00377276776775852 0.0158740597220638 -0.0483182189249003 -0.502294700766888
0.00427260082234331 0.0143111179636676 -0.50279049405622 -0.209420531243173
0.0101229711926289 0.00610736885134865 -0.300349820603152 0.304485383609813
0.00333296423235528 0.000180291862437881 0.0795020827822302 0.29714754214973
-0.00252306194692736 -0.00225172395831939 0.189335524295118 0.077691600692619
-0.00408428334669785 -0.0024472863694354 0.113189224915399 -0.0979210552768945
-0.0107323018237653 0.00584067499496542 -0.111510731739946 0.0675796460147595
-0.00683765376043348 0.00392077593108011 -0.151168584050211 -0.0488410542022734
-0.00607681249596526 -0.00828069228396399 -0.0993202850110155 -0.238490848475062
0.00208291020063236 -0.0104916498931621 0.196439981055114 -0.294684369618788
0.00195081564513175 0.00236256406935299 0.439786293772979 0.0723605070240668
0.00215506483371529 0.00583468209464347 0.167409120590826 0.424312788968618
-0.0098973999253505 0.00597766232595666 -0.164473758247938 0.274874731468924
-0.00727077628171786 -0.00260408796808593 -0.00565905680490196 0.0452126884938444
-0.00631323293779698 -0.000880342761484534 0.225727777129185 -0.181958014296383
-0.00385688745111989 0.0173199098163396 -0.0506067533554976 -0.49835458155621
0.00390374637616087 0.0154578598618887 -0.502512791455729 -0.205830972015223
0.0100643392831956 0.00353297230926447 -0.300377245245103 0.308598974527888
0.00313003259046097 -0.00296283040303031 0.0803074277251836 0.297985762250665
-0.00155676251802196 -0.00426989869294564 0.190126500593746 0.0767800552789005
-0.00296714747981747 -0.00170656317127061 0.113056634821452 -0.0981318837029318
-0.00893577283994463 0.00694984553960599 -0.110540315413866 0.0661418157390827
-0.00561122116456483 0.00284938835799508 -0.14875952168253 -0.0506680125828992
-0.00549329759782195 -0.0101250152166835 -0.0953450730944453 -0.238909517680922
0.00123509198936395 -0.0119923676918146 0.199809130634536 -0.290657848480737
0.000794231488644369 0.00186014731124478 0.438976958734404 0.0819515298650439
0.00126861556722202 0.00554221672100582 0.162792735816459 0.429524589168413
-0.00974575571714068 0.00510020853898006 -0.16831611567988 0.274121028785837
-0.00670335770362579 -0.00335966969747849 -0.00616130723079582 0.0458835460196569
-0.00608482898494315 -0.0014910460168827 0.222607789083645 -0.181645332519258
-0.00487395052048379 0.0172407981998075 -0.0568063559859329 -0.494700050762911
0.00297985661444342 0.0148248485536878 -0.504445478516576 -0.195770626766832
0.00924957568444273 0.00244986764163923 -0.295388404288412 0.314019473280139
0.00397564706178257 -0.00597605090098892 0.0842220662019748 0.29738566001184
-0.000253694669651585 -0.00546389169584541 0.192062782943242 0.0758254585211811
-0.00111246730217998 -0.00168007240032132 0.113310412570109 -0.0991943516816808
-0.00739493422067932 0.00694021347900776 -0.109129102855156 0.0646314310165384
-0.00436328469916466 0.00233008556651876 -0.145334300139988 -0.0522622676283998
-0.0045174824102648 -0.0112615450426315 -0.0902892775024982 -0.239991292049507
0.00102320493568245 -0.0122351465798836 0.206674261557089 -0.284986650729473
-0.000278230802651788 0.00152055331301293 0.436489399609479 0.0938149339214329
0.000315472683065358 0.00402814520403738 0.154432986805873 0.436387855158389
-0.00951879864149157 0.00313324574234679 -0.172444360769499 0.274259071304078
-0.00542061276584119 -0.00448097403360653 -0.00596342088159436 0.0462824589227606
-0.00565318137346279 -0.00290595687578249 0.220262280764272 -0.183028836496845
-0.00543228620645321 0.0157839269546935 -0.0659421167815692 -0.490403351691865
0.00158679251604163 0.0147300232172287 -0.508456450313553 -0.184526185229325
0.00846796039957829 0.00171935218140973 -0.288920840612815 0.321135974409121
0.00412530048913958 -0.00704671937782625 0.0901171986159387 0.296071483073659
0.000808344289020605 -0.00568208583061844 0.193539396667543 0.0725748049565193
0.00134354281444792 -0.000413264215632973 0.11395457935744 -0.101261075052669
-0.00538377768777832 0.00799369628250537 -0.107468256309445 0.0635973104443733
-0.00262543579203173 0.00293453121013742 -0.14248998551124 -0.0542370913484151
-0.00389225471831343 -0.0101263409025683 -0.0846203368438848 -0.241622786038767
0.000723422177699087 -0.0110292963106273 0.211799104327513 -0.280267113721851
-0.00122901804733493 5.4303021463815E-05 0.434339570363837 0.106940689172108
-0.000148880621237539 0.00152355324342955 0.144084671937915 0.44211443197643
-0.00800545764408161 0.00102144948806239 -0.176435610907553 0.273060580335305
-0.00395591951696796 -0.00561980733297672 -0.00556336770181644 0.0465925002848697
-0.00525339034619313 -0.00504484979748438 0.216298854511858 -0.185156473105925
-0.00628074253917245 0.0131614616070923 -0.0771686360417324 -0.484424823962769
-2.23169169746567E-05 0.013305321622314 -0.512145744716825 -0.168455015832725
0.00706960939716799 0.0025088340945943 -0.280407032871512 0.328515031229455
0.00484166549326304 -0.00555280432154136 0.0964643478152378 0.293061193762312
0.00232804075717497 -0.00477542633876562 0.19693114745876 0.0689988494741794
0.00360282250262442 0.000788809195172122 0.115265047251271 -0.103065923997596
-0.00302749998520359 0.00806790131113192 -0.105791617693649 0.0629471457129891
-0.000734800496082006 0.00362499494090314 -0.140002509708809 -0.0551554540051134
-0.00287111724948555 -0.00803180999458146 -0.0799849949157123 -0.244205549834975
0.000531361469176081 -0.00935932531970698 0.217357619392202 -0.276229807058163
-0.00248536483353403 -0.00131524622328872 0.433026709549983 0.11712403226808
-9.42563927250348E-05 -0.00165995807183322 0.135821192325583 0.44611259780275
-0.00760903449475213 -0.000494696478347436 -0.180679802886851 0.271108528843285
-0.00367260749178703 -0.00659137347909503 -0.00483959628377678 0.0461278948614135
-0.00438739691294667 -0.00695536291547966 0.213823551532479 -0.187842913016457
-0.00695301810957005 0.0107035886209492 -0.0867057171533936 -0.48296838725322
-0.00165975873733868 0.0115930252448536 -0.514477271355841 -0.156095144903682
0.00670709357781656 0.00367252564996506 -0.274875225852776 0.332938614804214
0.00538177380087535 -0.00321363564514332 0.102475665461075 0.289875524095648
0.00406384385410428 -0.00365133959594033 0.19891409110332 0.0660891107745147
0.00598708585299209 0.00176581839093831 0.116663044276846 -0.105117268075235
-0.0100196065565437 0.00636759384377824 -0.101592451531978 0.0832054357761224
-0.0050537315870665 0.0101588374265289 -0.156414238269421 -0.0303789284650775
-0.00554178861680677 0.00262817466205316 -0.12649922285932 -0.230177782422779
0.00331257560913079 -0.00742108487924123 0.16525606014313 -0.316302497400296
0.00491128666992441 -0.00286021556031925 0.444949651402608 0.0232339317286685
0.00313629530148805 7.42951394859803E-05 0.211467616623822 0.398729706046962
-0.00808550232604394 0.00489398420742842 -0.131408489347828 0.28957440621893
-0.00870236331314634 -0.00243193387801088 0.00206330017928161 0.0421169445188165
-0.0050590858648622 -0.00180240899807412 0.202419290717953 -0.219908956762389
-0.000243212428390724 0.00930407871464266 -0.120282815710828 -0.498603847988645
0.00353189833669219 0.00898080589470514 -0.535701066947168 -0.138812481790159
0.0107248028837784 0.00675318849805359 -0.254690494895471 0.35206878430106
0.00470001393357966 0.0071236183262493 0.124819609940028 0.28456487838368
-0.000636897743713848 0.00187939296135587 0.200887421921698 0.0473032244789617
-0.00368145051197359 -0.00201704316328982 0.101263007215655 -0.117043904029794
-0.0104567183387009 0.00650156833245191 -0.103239806490155 0.0829633066462073
-0.00610821904671553 0.00827006422753382 -0.157403709860552 -0.029284202982468
-0.00655575831612144 -0.000935017566688697 -0.127936919088285 -0.227853564674357
0.00312113582046706 -0.00940523948156322 0.162409854548937 -0.316442475296974
0.00509793497880622 -0.00125255696997808 0.444494763222692 0.0183147871171524
0.00344854813692096 0.00324265152995234 0.216858537489379 0.395936247134465
-0.00789970897609788 0.00652480523826761 -0.129055200446448 0.292084535022452
-0.00870108342896731 -0.00131720315416279 0.00100036180089669 0.0441723809839183
-0.00601305707949375 -0.000109742934429306 0.203843108702858 -0.216269692390153
-0.000494545130313834 0.0127998822232622 -0.115732622380637 -0.49734090641436
0.00492044289663925 0.0103682563623777 -0.533530625941819 -0.143502369628518
0.0104256378369529 0.00372041666335001 -0.258609014387477 0.350413511872674
0.00352541609788731 0.00316880256407915 0.121172979566035 0.286888864681206
-0.00216481639771664 -1.58378753750549E-05 0.201063043752204 0.0494914599125678
-0.00454601359061906 -0.00252845372115401 0.100075983718647 -0.116285125375143
-0.0108417095420427 0.00699536960891975 -0.103556361996943 0.0823620061042737
-0.00657676361387397 0.00634409764750266 -0.157743690105885 -0.0289766053091751
-0.00715452705342502 -0.00479836392823693 -0.127951968011032 -0.226125584096002
0.00224053212815618 -0.0121774182858596 0.161559098923111 -0.315395432868618
0.00527611261635031 -0.000115517925670753 0.444646928084751 0.0192967146400066
0.00305319344522281 0.00536468180639033 0.2184568744699 0.398328429040461
-0.00895554797341418 0.00756203452560033 -0.12948484122509 0.292856297574547
-0.00843768890848599 -0.00131465757537598 0.00014545564820974 0.0452104297667983
-0.00622721019812142 0.000671018472029868 0.203360947350501 -0.214177065726489
-0.000559236928427325 0.0147334709945904 -0.115075358879828 -0.497150260682312
0.00519752953146626 0.011586829511127 -0.53374191062381 -0.143635365681254
0.0100167557361451 0.00173534142624344 -0.260574766525879 0.352047506350297
0.00293950089498091 -0.00141912122031882 0.121302380621977 0.288924153184976
-0.00261184039730569 -0.00226933799399206 0.200933140213477 0.0497603629540397
-0.0044429769259749 -0.00174122178106781 0.099615351354782 -0.115670623953263
-0.00983136957257289 0.00782512431008225 -0.103393401328936 0.080464792526026
-0.00650841996954488 0.00525295966927316 -0.156474913023472 -0.0304825950735606
-0.00808933143929647 -0.0080411657685875 -0.125525251760712 -0.22683578437142
0.000982466353640005 -0.0137494451995175 0.164656213632996 -0.313054549709628
0.00467954662698588 0.000924709440489937 0.446110216026855 0.0242811539281791
0.00211394453233945 0.00631137036524585 0.216560860498209 0.402146778886512
-0.00862383046626387 0.00754759283399304 -0.130799279522352 0.295390301602539
-0.00782538836615358 -0.00168112107613541 -0.000387075718240506 0.0458785840130028
-0.00639008884803889 0.000424057442753775 0.202006816042068 -0.211920134015543
-0.00111789112618208 0.0160189032803897 -0.11531152242284 -0.494278791416474
0.00526654316841434 0.012298495582825 -0.534964003996123 -0.138231578618766
0.00952681842675252 -0.000198103097719111 -0.258854400282986 0.355051904787857
0.0028226148336046 -0.00528203465155944 0.123100097777273 0.289824188844933
-0.00210701387885797 -0.00409227220499464 0.202023185235634 0.0493868928790936
-0.00330958048023382 -0.0016651510189259 0.0996451595139486 -0.116073134924515
-0.00884892985157297 0.00829049465387677 -0.103092928835365 0.0792049635605842
-0.00581945170598041 0.00438426488397255 -0.154575448447325 -0.0321871924131023
-0.0075196424379709 -0.0100378439690061 -0.121208186411537 -0.228096084450718
0.000270328140480157 -0.015281499345643 0.168638823189673 -0.31039915480393
0.00385906922973514 0.0010708770947173 0.445202719843306 0.0341841285252551
0.00160657765557797 0.00618240544189361 0.210145814780991 0.408633692322901
-0.00907799168839248 0.0061021232279202 -0.134164565284533 0.296610241209817
-0.00682791442475623 -0.00251466102808814 -0.00102222035178272 0.0471114343627103
-0.00644482986102073 -0.000583868245540718 0.19999828604047 -0.212570822003159
-0.00150022169720385 0.016345795449748 -0.122114804356378 -0.489099253431374
0.00425560660223494 0.0127013709065095 -0.535088064657948 -0.128957538801751
0.00876569051698509 -0.00148957601033982 -0.253233627075357 0.360088814447818
0.00269508876591752 -0.00758880080878918 0.126795565452399 0.287819761471008
-0.000908044240997033 -0.00551362805095067 0.203291218528422 0.0473522772886992
-0.0012440709998533 -0.00149352695462649 0.0997851797761221 -0.117519370403946
-0.00632540733257538 0.00880365597152304 -0.100732846218475 0.0773794367094425
-0.00447054242044205 0.00351177670387845 -0.151243325975761 -0.0343353246462638
-0.00658189129523981 -0.0110234360679936 -0.116147397998837 -0.22995866943149
-2.42667194806324E-05 -0.0156102428828935 0.175135434956247 -0.30485548274854
0.00230778982644188 0.000653749702176195 0.444334314063983 0.0461388139507104
0.000609663442220687 0.00442720322778256 0.202488869887704 0.416062759955747
-0.00816097328486302 0.00445198921506013 -0.138689298872341 0.296128860205205
-0.00556461679442767 -0.00343469379905683 -0.000850337289308488 0.0476132236816362
-0.00556436652542822 -0.00164646936744468 0.196951160185506 -0.212483853911774
-0.00251018622805494 0.0149443573200065 -0.130481067477363 -0.482487255999714
0.00292598506416124 0.0126088124476535 -0.53729280762315 -0.114139619774947
0.00721881161206339 -0.00212666396880043 -0.245678193740162 0.366341321408565
0.00340551222519452 -0.00848303157316137 0.132485576759101 0.285321247467531
0.000175274065428032 -0.00605543024573129 0.205797271496785 0.0447364633724458
0.00142942346826455 -0.000546898934021505 0.100770935905995 -0.119658080700719
-0.00475095805859693 0.00929761852571784 -0.0995586392448822 0.0762167707362627
-0.00296185022143735 0.0039045914014726 -0.148514208936866 -0.0358529961421861
-0.00594915465864028 -0.0103734606075387 -0.111764233908693 -0.232659283009808
-0.000220058097705135 -0.0144634404588283 0.180492742801259 -0.301688966316201
0.00154262479069847 -0.000552024177563055 0.442722470279065 0.0579341711568203
-5.75559343054081E-05 0.0024740251890715 0.194266831548364 0.423666055506636
-0.00801129965761315 0.00233066894706791 -0.142981719416203 0.2953759366911
-0.0049191728707983 -0.00548015723088928 -0.000639519272903497 0.0476387225592249
-0.00530571826871907 -0.00373619741776062 0.193060271035891 -0.215091971301113
-0.00328617667756817 0.0132546683800898 -0.141208968478777 -0.475488553632469
0.000961852063752352 0.0113293636711756 -0.539089019190539 -0.0991025020425269
0.00632399856740605 -0.00148923762846933 -0.236966830542333 0.372031769690991
0.00359884812930595 -0.00783543295934582 0.137818317250257 0.282619139736709
0.00212348902991055 -0.00549406934814514 0.207370578991067 0.0403264792583973
0.00382694784608278 -9.3654719361846E-05 0.101671160203768 -0.120976037429267
-0.00266353857026388 0.009408941845889 -0.0976282162676683 0.0755243114364703
-0.00138717281107789 0.00461187465442637 -0.146012157635611 -0.0384269516234077
-0.00418095742892181 -0.00867749246486935 -0.106705672507246 -0.235353357185107
-0.000351452177329548 -0.012955135379335 0.187199137564597 -0.296684100094523
0.000178783222626648 -0.00198094405468056 0.441837289032081 0.0695494083997329
-0.000981514045866836 -0.000491326284292977 0.185172968517176 0.428381798722549
-0.0068624148541089 -0.00021432908505779 -0.146842450453711 0.294735727176046
-0.00391181431152842 -0.00662363412790184 0.000408332603185944 0.0469721778799995
-0.0055462536103616 -0.00582194180043908 0.190220772171781 -0.216723636937835
-0.00472165773399209 0.00997284316626883 -0.149967780272022 -0.472552841697746
-0.00136322815118573 0.0102579150414969 -0.539735953759502 -0.0875224998310429
0.00577202075517519 0.000195472186163551 -0.229368188364836 0.376062265654943
0.00472837034325872 -0.00511841611550468 0.143572508809688 0.279465808618787
0.00364863090971622 -0.00427127456407242 0.208630215158005 0.0370515457624186
0.00627891643291948 0.000688508685373562 0.103043372965059 -0.122905229209962
-0.00928708841203779 0.00704695811096577 -0.101573798424895 0.0869547628055943
-0.00531555750128979 0.01017579089571 -0.158133292411397 -0.0271552449923533
-0.00532579505664375 0.00312627362350643 -0.132298414480634 -0.230138820331591
0.00327304045668852 -0.00735157077728087 0.160117284279928 -0.321793051996462
0.00498878802175143 -0.0031101823052393 0.448471341026435 0.0140052272998153
0.00325704656116156 4.45064201635027E-05 0.220483757987188 0.397916948108432
-0.00813928195168858 0.00539704564658101 -0.126928085627735 0.294126063366868
-0.00864256422493122 -0.00201197189111069 0.00324505510905792 0.0435812597976047
-0.00553010353602716 -0.00176120563592185 0.198847070341915 -0.22509383678902
-0.000261491160706593 0.00890972724784912 -0.131957243368067 -0.499313797310096
0.00324497105112334 0.00831626510738244 -0.542537365153061 -0.129054043747063
0.0110264700796212 0.00630692440936693 -0.249908429270604 0.360047452986564
0.00498297569863567 0.00686731716430624 0.131193505755175 0.28429524648018
-0.000705304681639621 0.00205737392251099 0.203430451207365 0.0432086232215965
-0.00364800669555814 -0.0017703304312973 0.0998190921435932 -0.120412509996503
-0.0101407150786731 0.00716448158427319 -0.102821599348944 0.0856771644647236
-0.00601222152325305 0.00859284560808208 -0.158750939053664 -0.0259696735851788
-0.00634858626980224 -0.0008754591042019 -0.132809152190617 -0.227131214624701
0.0024943960308472 -0.00972945108490896 0.156990651362129 -0.322838318046421
0.00607975030873711 -0.00171393119643661 0.448948314389001 0.00965418561501518
0.00358516930814657 0.00281473790299392 0.226363161749552 0.395487432220411
-0.00825832158205002 0.00701152396060863 -0.124049638604893 0.295558219244977
-0.00871028201475393 -0.00125777598599356 0.00213511440448107 0.0445329362515934
-0.00577934201317302 6.8092767473652E-05 0.20129949968713 -0.221492963370315
-0.000440520655289535 0.0121623156776635 -0.124968794367275 -0.499158624166453
0.00470810906070643 0.0105135990158733 -0.540649901968408 -0.133169880452902
0.0103566097164181 0.00343304163824094 -0.254446642096348 0.35885193758413
0.00357939685450587 0.00236828078144855 0.127859198334411 0.287134930049631
-0.00183266587566805 0.000398532164960165 0.202981325647129 0.0453689496680723
-0.00468470850899339 -0.00191258294963613 0.0991818762001515 -0.119833392571026
-0.0100056302661286 0.00784889098419967 -0.103006536928103 0.0851483978576471
-0.00646196877380362 0.00678683959233226 -0.159272185057137 -0.0256051139932428
-0.00777721068632121 -0.00464096318306046 -0.133219245565767 -0.226664173950553
0.00176058764445097 -0.0121267503944576 0.156311752876021 -0.321353177486246
0.00546632381666971 -9.11991249006737E-05 0.448818213311703 0.00984753221325355
0.00304499759459438 0.00515272233795463 0.227755903275782 0.397127167325758
-0.00864529547952587 0.00755634233842043 -0.12444156710047 0.297228235028708
-0.00836471827843509 -0.00106357682994293 0.00085773275618609 0.0460515077912406
-0.00636308541729971 0.000578600675289554 0.200829628537642 -0.219347844358621
-0.000234376301996376 0.0150177198724787 -0.125344048074229 -0.497961395502269
0.00564822462611029 0.0117652810875552 -0.54202510705495 -0.134205835350539
0.0103475399034522 0.00130375861731975 -0.255086108448674 0.359482322600932
0.00297179961019672 -0.00211428368011466 0.128646417056033 0.288355617738937
-0.00225721528636563 -0.00238001776912302 0.203888687035933 0.0463971013761469
-0.00425020047925967 -0.00173880865512412 0.0986019922492867 -0.119199741869176
-0.00996734802813461 0.00818001689492929 -0.103064983603292 0.0844731391545344
-0.00629509011512331 0.00522456344056871 -0.158096527880552 -0.0262706708160035
-0.00808156602173717 -0.00754298226059228 -0.131111861755157 -0.226019218115018
0.000516942470496546 -0.0140769023233859 0.159147562325438 -0.319277638792178
0.00471863937625507 0.000448276422161319 0.449194829862002 0.0151007552845851
0.00287126607517347 0.00613311298931379 0.224971041900769 0.401406316483162
-0.0086462045441019 0.00740581119495993 -0.126623833948024 0.299209287912495
-0.0078047697463671 -0.00158435454328487 -7.87676152110008E-05 0.0471628962839417
-0.00617616108760119 0.000535245644775706 0.199330097044072 -0.217185344517213
-0.000611710004814707 0.0161664390956817 -0.125198987455522 -0.495371875280622
0.00543328170406185 0.013170077753442 -0.542139952937829 -0.129203306501047
0.00906308878185177 -0.000712694526429218 -0.254761186010487 0.362512982497317
0.00281204787686932 -0.00578030960392857 0.129204937814752 0.289169137157446
-0.00216801615193423 -0.00428171428651699 0.204572354464512 0.046236804084741
-0.00326518194895561 -0.0016023816531918 0.0984471484756263 -0.119382523282312
-0.00835032949315896 0.0085827404286569 -0.103077409066845 0.0827214954226648
-0.00557166469019239 0.00415215165631154 -0.15606730281943 -0.0285558358651226
-0.00772881704398775 -0.0103268139696086 -0.126768015090532 -0.2272421115677
7.23179473070636E-05 -0.0151558349804791 0.163655024793097 -0.31549160676263
0.00388000504486047 0.000548613015757417 0.448894533239362 0.0251193954700916
0.00139529684029822 0.00599172204376945 0.221223740760701 0.408861398125305
-0.00866294912382205 0.00656854597515123 -0.130544062722185 0.300593250180689
-0.00667655578181179 -0.00242338397000397 7.40505378232158E-05 0.0477511147485307
-0.00607791528542084 -0.000664078761918616 0.197227170648514 -0.217211090777097
-0.00106931626209393 0.0161707825911375 -0.132397630373373 -0.489780662898016
0.00453129311612068 0.0130177719904318 -0.542558662495087 -0.119312144112434
0.00841843198509534 -0.00163839456209799 -0.248365420329857 0.367569204418082
0.00251603871040123 -0.00793475911648699 0.133469948261549 0.287626554196877
-0.0010989812111238 -0.00551638207438892 0.20589094120486 0.0444201232928599
-0.00111466021687887 -0.000931456960497167 0.0985063985850719 -0.120897211126057
-0.00682139900341 0.00901174954170239 -0.101044411882085 0.0808109584397669
-0.00463750114949963 0.00354810202863362 -0.153069933827106 -0.030477357504702
-0.00698934613278188 -0.0106113662248686 -0.121999275191108 -0.229746775944601
-0.000466175608516592 -0.0151740362370735 0.169532530367776 -0.311039689890582
0.00280775356217626 0.000291427198440868 0.447546369686787 0.0372975004716965
0.00044218393778688 0.00458139488077062 0.211348206144083 0.416113191594851
-0.00827795936707973 0.00472889531596967 -0.133986939212558 0.300570025818204
-0.00590365121036461 -0.00364901269478512 -0.00035602195531678 0.0480388679706194
-0.00577967540099199 -0.00195175515036369 0.194820510348918 -0.217894857206666
-0.00243935179786256 0.0147240560919606 -0.141258686286456 -0.483652177190551
0.00319728871159697 0.0130562856141045 -0.543688763357901 -0.105690672969979
0.00760216402553573 -0.00241238677893155 -0.240285400748357 0.373642557311143
0.00237431542690457 -0.00845475788043462 0.13876899268505 0.285638864210405
0.000178123481559898 -0.00589514176954341 0.208254900970174 0.0411086353292716
0.00165775348311792 -0.00042727532167797 0.0993153694929225 -0.122767280544857
-0.00442634217750471 0.00932597638719164 -0.0991944501038343 0.0798622754872977
-0.00286301226328719 0.00387865227056286 -0.149924250446238 -0.0333950817242848
-0.00601453752059698 -0.0106451579489171 -0.116638990766671 -0.232285047757931
-0.000331878832447639 -0.0145812184773217 0.175637889447116 -0.307469840930252
0.00123212224228323 -0.000589370109066604 0.447803282243426 0.0500601040569446
-0.000220166995117425 0.00196637104713147 0.203589134824253 0.421829757093392
-0.00764463054786116 0.00306452065918023 -0.137851467206481 0.299712094877611
-0.00500213716582163 -0.00502127003310517 0.000602564867195167 0.0482256789391825
-0.00562048354726521 -0.00362475466245992 0.190612855021052 -0.219459735364813
-0.00351487596167562 0.0126832886868342 -0.14977684476792 -0.476255089271743
0.00123538541551799 0.0117484087110203 -0.544757372077804 -0.0901346111319264
0.00641928506092089 -0.00170329939034223 -0.231760961555232 0.379538453843105
0.00376731126112869 -0.00772186125711849 0.145325246350698 0.282370748999333
0.00202421796083304 -0.0058000507960466 0.209844506595504 0.036868968311496
0.00389897632328508 -4.42819923654244E-05 0.100527287912833 -0.124100463685043
-0.00212322589515833 0.00945859917138571 -0.097458419864579 0.0796537717331307
-0.000798017613803758 0.00469025489689766 -0.147640625210583 -0.0343859467239362
-0.00472814642826295 -0.00855064235682344 -0.112530149549891 -0.234382456800985
-0.000427110668835077 -0.0125624174837098 0.183001150541483 -0.303187426908364
0.000232025785323012 -0.00222071914401123 0.447723422334937 0.0603903215785537
-0.000612081190161061 -0.00085949622160612 0.195636353711736 0.427787518263172
-0.00710770830024739 0.000358602363107611 -0.142076730036359 0.298935226131378
-0.00396733938583547 -0.00651323191475572 0.00120953110827534 0.0479422452275123
-0.00562953457772436 -0.0056345090708094 0.187436282726561 -0.222277860908295
-0.00426773246947984 0.00961336032829178 -0.160151303324379 -0.473098783234019
-0.000452496362499372 0.0100250800558964 -0.546457416911722 -0.0771026191941052
0.00567633996537006 -0.000148316043248668 -0.223653491282606 0.383929217573494
0.00476549479548538 -0.00565481773932853 0.150392672038874 0.277841467192347
0.00347155681658609 -0.00439210901253148 0.211604435880938 0.0336574743284436
0.00638307183492025 0.000607986566550292 0.102284574919456 -0.126380948639729
-0.00937954648974901 0.00745294671932377 -0.100424124279894 0.0901141519406573
-0.00434872826209348 0.0100033935245447 -0.158976209235343 -0.0232937494335899
-0.00527639926513768 0.00340685418547854 -0.137856282872759 -0.227314777134003
0.00328013573438549 -0.0071732900135033 0.153387014740511 -0.326284852645538
0.00467775756592305 -0.00317000371018827 0.450987190133082 0.00432194091136306
0.00279568255255185 -0.000229296799513463 0.230304381042696 0.393694861368288
-0.00814456436507992 0.0056828831714252 -0.120839127947483 0.297265164534566
-0.00851526783170879 -0.00171616020864635 0.00357084079877751 0.0437852895255444
-0.00560620551715713 -0.00173304764442088 0.196118599146944 -0.229117581268656
0.000166718940568077 0.00895171205261036 -0.141046490601933 -0.498493449875019
0.00351701515827758 0.00831368512692956 -0.548203832917154 -0.118645284626938
0.0111308094948697 0.00624763325551349 -0.243508608013846 0.367163505757997
0.00511166102853843 0.00697007061448706 0.137808690410584 0.282741257793362
-0.000762089424428846 0.00211774120130412 0.205951387685146 0.0395497521322204
-0.00364209795683235 -0.0016038284143415 0.0976081607511957 -0.123287796895996
-0.00987313149529108 0.0077615544114007 -0.101780692215822 0.0897560374270807
-0.00545702374110732 0.00871912332040102 -0.160002269105507 -0.0221219872903968
-0.00654058376483929 -0.00026015969041984 -0.138493134409132 -0.22483373193509
0.00268520174492193 -0.0103019485572692 0.150186156129932 -0.327476140136794
0.00562773600416396 -0.00152775840609733 0.450001214511384 -0.000203481709795225
0.00346224979345316 0.00288900536472229 0.235001014670956 0.39127746638408
-0.00860724543902377 0.00701452030843555 -0.119125217434611 0.299276852034865
-0.00902038892148319 -0.000968015674852602 0.0028248533746813 0.044949750776891
-0.00594528383325274 8.22598443689843E-05 0.197989468695186 -0.226217641407654
8.85105739191769E-05 0.0123145688569473 -0.135066744647934 -0.499005140367409
0.00478137006383973 0.010406025514618 -0.546367791307213 -0.123625561004556
0.0104827992473496 0.0037713977092857 -0.248005483212981 0.366181071995727
0.00416847893385094 0.00264221214156146 0.135333327987542 0.285332879172768
-0.00230406698273474 -0.000177838748632473 0.204815216731907 0.0411519873967618
-0.00503034282208074 -0.00191196636221386 0.0975978561816503 -0.122411732281467
-0.00963759273037027 0.00770869081070711 -0.102599841940891 0.0892398936494546
-0.00593093396273178 0.0068353459381824 -0.160432885889307 -0.0216774080235756
-0.00739064016682683 -0.00415542883011661 -0.139070157072179 -0.223918453541946
0.00143911977079205 -0.0121262793504666 0.149757524258348 -0.325840080744196
0.00546633826245605 -0.000369262075583106 0.450648642408908 0.00111571448726024
0.00336633952674791 0.00513622848925109 0.237798205670214 0.393795665224915
-0.00875249372826094 0.00753657336512455 -0.118618423600222 0.301087085870166
-0.00838733923663474 -0.000819933564586393 0.0020272075068855 0.0462888849615663
-0.0061480387803166 0.000578255793319825 0.197523337599517 -0.223703573331674
0.000242736457936872 0.0148894123807158 -0.135042635390304 -0.498921745384937
0.00600473166079869 0.0115361634542766 -0.547295887856256 -0.121541275124479
0.0102191275192781 0.00137892486029602 -0.248895812222213 0.367143881526381
0.00288719751513035 -0.0017613926389379 0.134824080557441 0.287121829431293
-0.00235483729352913 -0.00194230530248754 0.205577985960714 0.0415648635799196
-0.00461216377439478 -0.00148601923027447 0.0972219846507366 -0.122207331418286
-0.0092265313205522 0.00841928470737756 -0.102061186727962 0.0878221787078794
-0.00617316676660694 0.0053979371045278 -0.1591324286927 -0.0228120528050207
-0.00824610168867403 -0.00751010834566649 -0.136724012113011 -0.223998977011111
0.000360723139713184 -0.0142055961984784 0.152221613518912 -0.32434222447115
0.00498217775550154 0.000586064108726026 0.451175287389968 0.00571754921272812
0.00244417156809403 0.00609186871766669 0.234906804985586 0.39808277578564
-0.00852744797666528 0.00739643767902351 -0.120752439547163 0.302535395330201
-0.00811106436866293 -0.00168113706189214 0.00112150526907153 0.047439083059282
-0.00617835412338132 0.000321487238335725 0.196127213338624 -0.221694658304893
0.000435346520067042 0.0161847526953369 -0.13640315812173 -0.494744223849433
0.00589728771070695 0.0124918579517278 -0.546550791782418 -0.118092713852124
0.00909965414411777 -0.00102789263668574 -0.248170389831566 0.369940989468907
0.00194967423672057 -0.00551283330565525 0.136579105779169 0.287034000942593
-0.00204437095332809 -0.00431990308821046 0.206651170375142 0.0419784410226337
-0.00329051594303884 -0.00131259964284497 0.096458735733316 -0.122414676197935
-0.00803911385930225 0.00889358988008887 -0.101523708903575 0.0863323365714186
-0.00553222651057187 0.00454319678762602 -0.157085178195958 -0.0248441592061342
-0.0082161285570615 -0.00992870940793008 -0.133011258025488 -0.225710740670783
-0.000506656248799325 -0.0152280059194548 0.156815773118196 -0.320479132589748
0.00366531898979997 0.000621516857990872 0.450755408655639 0.0158112144362953
0.00186936417862627 0.00585738537650473 0.229817624933028 0.40398266846823
-0.00843219647322858 0.00667634841036942 -0.123590371361877 0.303809505604365
-0.00705277301785738 -0.00274812536668602 0.000671467438560849 0.0487208362892156
-0.00611330936351986 -0.000535195667024291 0.194089558066518 -0.221730772210435
-0.000464069128311201 0.0159885940857524 -0.14229455655077 -0.487763895639632
0.00526977506931625 0.0131186539520122 -0.547751445974929 -0.107993844985884
0.00894138153448098 -0.00230750994043884 -0.242329183839137 0.374561489019567
0.00248685777839947 -0.0082135930813262 0.140635374021593 0.286394322663658
-0.000960307760655898 -0.005987017084874 0.208453567685712 0.0396575395387356
-0.00124979139513754 -0.00127406627926854 0.0967646813081063 -0.123598444075724
-0.00634213205399318 0.00957006359454334 -0.0998343372751666 0.084523904772738
-0.00411252460539172 0.00368776538592753 -0.154280255488582 -0.026684267340734
-0.00704012198751005 -0.0108709527821027 -0.127745105462927 -0.227762867097978
-0.00076174281180976 -0.0154810729834924 0.162764133874203 -0.316369698369954
0.00289618316209207 0.000450124158307812 0.450946960314286 0.0275851751708238
0.000848900380938371 0.00437168321910799 0.221009043144091 0.412017815058602
-0.00833779744075232 0.00474266174533667 -0.128656830188255 0.303566446154609
-0.00578754959987323 -0.00362762956593848 0.000431109506636036 0.048891319855039
-0.00575971364159522 -0.00176032176558652 0.191401793379235 -0.221747311922966
-0.00192378329614161 0.0147417135037168 -0.150533762870055 -0.481094846002111
0.0035359937330067 0.0127960815574619 -0.54905433446629 -0.092678557069575
0.00744828015313471 -0.00283816291499165 -0.23408616133271 0.380605679589264
0.0026767083511788 -0.00921122267097261 0.145522178690543 0.282918261563724
-4.77594364469884E-05 -0.00610603137880861 0.209836862577379 0.0364256715605764
0.00133682694196965 -0.000642754338713533 0.0977733345378537 -0.126246133117053
-0.00418624856743348 0.0100315222835307 -0.0986400508148848 0.0837650174509772
-0.00199880137308585 0.00404678734102048 -0.151407184103657 -0.0294277080264885
-0.00642834393843385 -0.0100402757017762 -0.122334504137564 -0.230173239678417
-0.00119707057079843 -0.014383987822826 0.169625263500477 -0.312380094355718
0.00119154573927154 -0.00083564025023506 0.450639939274606 0.0405563672791277
-0.000395713301012903 0.00197758564146737 0.212876733309095 0.419492439418964
-0.00759340617052703 0.00275688010747564 -0.1329871880561 0.302891980534478
-0.00483325825440304 -0.00515425759269772 0.00128070532201848 0.0485315208074267
-0.00537764661811444 -0.00368450292095743 0.187318097075432 -0.223905893379222
-0.00327445485243326 0.0126700943620519 -0.161585664702829 -0.475508473584697
0.00134547626664676 0.0118891942928347 -0.547868362525346 -0.077929011487755
0.00636161563332401 -0.00201977068014374 -0.224729292403335 0.385833309241178
0.00364185038782644 -0.00797267728122717 0.151469893369944 0.279245266391174
0.00180333021529866 -0.00565277579267957 0.211089489915285 0.032517412354826
0.00441138882475099 -0.000290530581583807 0.098640887962963 -0.127748926356669
-0.00186406099786088 0.00989970951879924 -0.0968808549048891 0.0824844538608018
-0.000644965018642505 0.00445777205339794 -0.148919885980512 -0.0307275048360122
-0.00519359879344624 -0.00812085549412983 -0.117525077810168 -0.233683006069306
-0.000729516452455685 -0.0126274336013981 0.176045023302523 -0.308811868919492
5.19066320343381E-05 -0.00202024251713346 0.449687229293994 0.0504217557298444
-0.00116830043860498 -0.00118437389685079 0.205321637720492 0.425265509800393
-0.00705911597463745 0.000553937924560658 -0.137220902994 0.302471564751981
-0.004532283453597 -0.00626584642594114 0.00168697663663697 0.0479873882139346
-0.00530442167138187 -0.00533273027762578 0.183927106910692 -0.226428835182987
-0.00455953826992951 0.00960380014558282 -0.168426935329633 -0.470383106433616
-0.000395266942157538 0.010218902983582 -0.550205096973897 -0.0651449731857366
0.00595078804149791 -0.00027045482908395 -0.216990038897153 0.390706511324132
0.00435279758421255 -0.00632752008702524 0.156814333114324 0.276152696647225
0.00357570843762798 -0.0047244112369163 0.213405479137925 0.0291442384376013
0.00632959862130451 -3.1202316510927E-05 0.100053175946706 -0.129724519084894
-0.00887254046728336 0.00787280395604865 -0.099018363177726 0.0940817142319161
-0.00392713015553106 0.0103210729793991 -0.159432076037556 -0.0184024642260955
-0.00532628745303258 0.0036284683113876 -0.143085103479315 -0.224950855246464
0.00284026838213205 -0.00734015763180878 0.145629987327515 -0.330595613129507
0.00452687572572841 -0.00279528620181879 0.450813028069137 -0.00675632950142093
0.00257418970907843 -0.000386463441841697 0.239121883863296 0.38793601462469
-0.00733061190420777 0.0055413143546553 -0.114796801041217 0.29949239495747
-0.00884900366569578 -0.00147202503183674 0.00480702327130582 0.0440628214394539
-0.00565518326713923 -0.00193702101059366 0.191735232955527 -0.233516528469347
5.55804590892175E-05 0.0091048965504551 -0.152853389009358 -0.497001398615661
0.00388888454457763 0.00848519299209097 -0.549804162978447 -0.105152487281662
0.011174525055582 0.00548369587300122 -0.236316355242937 0.373207429508909
0.00542973230523143 0.0067792542190557 0.144185075418211 0.2794313648106
-0.00108844320632455 0.00237943152579943 0.207286907713184 0.0346547403070457
-0.00414188877351177 -0.00185854213187912 0.0958364626468858 -0.125903713373817
-0.00972933725378831 0.00758661984274978 -0.100265538144437 0.0936354548447577
-0.00508675215460675 0.00851357510374772 -0.16071063221376 -0.0177123705955798
-0.00633418309329942 -0.000362937150941424 -0.144062522792685 -0.221988061098956
0.00230581985205654 -0.0101062973769793 0.142785525006749 -0.330885697035708
0.00532716764073881 -0.00167777953969659 0.450924292563533 -0.00992417198232221
0.00313987398615763 0.00254398296267713 0.243947639683322 0.385893261033529
-0.00783365932661853 0.00675067093180907 -0.112073562393588 0.301603116866155
-0.00908449002904006 -0.000926119144639421 0.00334085759756835 0.0455430543777546
-0.00618896486679318 0.000123515101106108 0.193346723402075 -0.230399881666691
0.000888880104880961 0.0119890257424902 -0.147151607551898 -0.497428123369139
0.0053800732939628 0.0105847734132893 -0.549139165431877 -0.110934098194871
0.0107279852493196 0.00376905156905916 -0.239942621997555 0.372106347970917
0.00385985653427675 0.00222407972355742 0.141293882633401 0.282429279798746
-0.00197281357824392 -9.15544898640198E-05 0.20663768381971 0.0364553795516616
-0.00484709951965428 -0.00178297657828147 0.0947873558325154 -0.125071507166226
-0.0091061651559482 0.00843576146410348 -0.101251179996351 0.0926977195415536
-0.00558227275656835 0.00683954649614582 -0.160424552288613 -0.0179955460044638
-0.00766384827563978 -0.00398665137749602 -0.144193645428704 -0.220894817016163
0.00116904961641517 -0.0123327063553085 0.141994988157589 -0.329653671577392
0.00564427819749284 -0.00029671480830303 0.450962058722832 -0.00963216465123741
0.00320945869740859 0.00511891858565029 0.245398922353927 0.388248690490289
-0.00824394046026202 0.00807280448688966 -0.111860206585881 0.303497812756612
-0.00824198791046077 -0.000475693918627878 0.00305218546025674 0.0466027102834548
-0.00650496763157742 0.000535037203669111 0.193137864305049 -0.227809670914213
0.000721642714551113 0.0144341152640611 -0.144875382102779 -0.495195052767746
0.0061459758188205 0.0119658849240632 -0.549244569045917 -0.110446825375465
0.0106817337074332 0.000806765163556066 -0.242007151364258 0.371760988617881
0.00271003783842554 -0.00202716487615198 0.141247229934825 0.283899723476838
-0.00260349233720896 -0.00214647543267948 0.207070492777837 0.0375776392824226
-0.00472875675195553 -0.00172293582169386 0.0941745602185926 -0.12495432598771
-0.00892838960143778 0.00828163896272255 -0.100749418184681 0.0912488136099572
-0.00577209140813944 0.00542842789686415 -0.159483735841905 -0.0188252219926263
-0.0081122669796748 -0.00726958541037068 -0.141775324872205 -0.220592955768408
0.000234752226478174 -0.0140964418111391 0.144257526075934 -0.327777530625399
0.00502840572099838 0.000614615244461972 0.450714320268744 -0.00479310190748191
0.00237035060790703 0.00564269127178399 0.243496372179835 0.391610662969179
-0.00877996746674159 0.00763021792386512 -0.113990738654122 0.305014554621035
-0.00803204389169122 -0.00109597548241683 0.00222917834699217 0.0479195604971916
-0.00652532784373326 0.000342104241124098 0.192247335252689 -0.225633050331385
0.000552571803437762 0.0160034501418121 -0.146921389211429 -0.492963504771171
0.00626104107378768 0.0126012094422997 -0.550978061912912 -0.105793688363647
0.00987630717943389 -0.000812706039724559 -0.239527742346798 0.375977671875012
0.00213662345523486 -0.00603614520022066 0.142677638416546 0.28440968286072
-0.00226151438198253 -0.00400476540842752 0.207707136616392 0.0367714505075987
-0.00358973497796455 -0.00165612620860133 0.0947217464071457 -0.125091504412988
-0.00744522311644143 0.00929567303622194 -0.100650656696948 0.0898995232886916
-0.0049790744075238 0.00453995184651839 -0.158152415312649 -0.0206900957581758
-0.00784087487564236 -0.00991668747257472 -0.138249068798764 -0.222392381403038
-0.000652705601631547 -0.0153267318334607 0.149728006130501 -0.32486008899209
0.00375925979548789 0.000864408767168614 0.452525062390895 0.00557266710284229
0.00146428176924158 0.00574061023081693 0.238363432617573 0.400425983168459
-0.00838233787803231 0.0063405493522488 -0.117031670463984 0.305204913983755
-0.00751028805661764 -0.00240250707777227 0.00201843760436732 0.0484018409211643
-0.00591347316570265 -0.000411087447926171 0.189538467040695 -0.225608894907345
-0.000434355640811246 0.0162953244881436 -0.152133945553713 -0.485748816962317
0.00535794237782657 0.0127259713532882 -0.549337453712906 -0.0949138784071041
0.00846544767073665 -0.00271787235960813 -0.233545348180319 0.380984324397569
0.00230354846230293 -0.00844654286961133 0.146966139331552 0.283072015037435
-0.00169172436884114 -0.00602929975992773 0.209230384410051 0.0349661873000528
-0.00120691038789955 -0.00136912190998743 0.0945431442145837 -0.126555188499699
-0.00576378813753643 0.00953014184659164 -0.0987988640544284 0.0875286117905805
-0.00357630233234528 0.00337692698667472 -0.154273766298318 -0.022842352135916
-0.00715659707928567 -0.0109626262630835 -0.133249831932957 -0.224338408402219
-0.000843273535459261 -0.0155811138045112 0.156254092111612 -0.320659813295967
0.0022895031315143 0.000395032984141221 0.45168020171012 0.0181486789322882
0.00100260933774611 0.00417194765377504 0.230416862643725 0.407286718414538
-0.00813352546790062 0.00473761492509192 -0.121976349645028 0.306442793737275
-0.00606978287144286 -0.00320573057644402 0.00170224186592128 0.0492679650274184
-0.00601812527484976 -0.001845915190536 0.186639896361046 -0.22573341985045
-0.00140229720679606 0.0147652242446057 -0.161553854042896 -0.479185956181528
0.00416477015398796 0.0124570544585794 -0.550590075935103 -0.0814133692424764
0.00718316410423638 -0.00283705150495749 -0.2248526807379 0.386655099656035
0.00248646678387169 -0.00929497496264329 0.15252144178356 0.279590620893632
-0.000388832085270065 -0.00646956419398033 0.21123009925407 0.0321551158260015
0.00152395544707868 -0.000349105761153997 0.0953278670926187 -0.12832017872977
-0.00337480547769009 0.00963128888872118 -0.0975182514431534 0.0859982538042913
-0.00200326998254926 0.00395921559932479 -0.152333055750094 -0.0255282627009918
-0.00622481862669188 -0.0101860610925033 -0.12756262086073 -0.227352951283384
-0.00113033852246463 -0.0144582444538422 0.16234037430681 -0.316547525829048
0.000981768673780083 -0.000637163021893265 0.451232925471847 0.0298905489957206
-0.00090630616932545 0.00191667726777822 0.221309305607782 0.41445294401046
-0.00800105280522266 0.00234748348930866 -0.126024646526072 0.305695572896245
-0.00490653187391155 -0.00466009940482903 0.00234931862463993 0.0491645997228767
-0.00573737492419893 -0.00372396982882814 0.182772537138569 -0.227322134393144
-0.00263069944396392 0.0129891036898664 -0.170263751461773 -0.47247288047636
0.00115551864042476 0.0117644300026906 -0.549992312529463 -0.0667722595166779
0.00622137642018881 -0.00203387507450618 -0.216324558292418 0.390956776235446
0.00308153284227775 -0.00837252760751743 0.157920578193461 0.276650154993177
0.00109877130272677 -0.00563161537068835 0.213312122821373 0.0279799675405364
0.00381153224317535 -0.000152257805424926 0.095686745433045 -0.130329713774641
-0.00100434495661554 0.00995714114517734 -0.095666274602445 0.0854920953133865
-0.000591904139981823 0.00441404983332069 -0.149736095522407 -0.027057330506208
-0.00487021365965663 -0.00813913048586111 -0.123000106593223 -0.230522727550731
-0.00121540765803741 -0.0127379954657716 0.168346570422717 -0.312369301528272
2.12078194209335E-05 -0.00247529935017412 0.451098186319886 0.0417076450261173
-0.00100778824324766 -0.00118935609655954 0.213397856347488 0.420458178144568
-0.0071156676192361 0.00116129031027355 -0.131217672862798 0.304672854789902
-0.00444282982384641 -0.00633762728695972 0.00304299196582687 0.048529749879123
-0.00526404909477392 -0.0061173862943713 0.17901404608134 -0.229899527854859
-0.00378369278850765 0.00979999151476236 -0.180894263339891 -0.4681410187926
-0.000393449203862673 0.0103396485014467 -0.55257821405242 -0.0542079647326702
0.00564559986962957 -0.000329072844534497 -0.207798443145187 0.394840029207915
0.00479754514601853 -0.00609443673700057 0.163706705570606 0.272909286256428
0.00315214592615246 -0.00467522173966177 0.21463014742656 0.0241709471285958
0.00539287514465135 0.000322442593276845 0.0975225006870557 -0.132472279790344
-0.008036648505405 0.00825532202805844 -0.0971915594774941 0.0965589416849294
-0.00354042543836882 0.0102000393445416 -0.159183020756556 -0.0149065258873458
-0.00544591070025959 0.00389610871442737 -0.147528459169231 -0.22052014026534
0.0026555245355361 -0.00730192402290064 0.137181675772749 -0.332691147508009
0.00455190283086725 -0.00315306759224715 0.448892584844405 -0.0165970791062528
0.00283268826114919 -0.000501355546980643 0.245898495459331 0.382162159552889
-0.00814846349844251 0.00574775983585513 -0.108376635791425 0.300672620058274
-0.008707903232223 -0.00120931834810191 0.00553919974949837 0.0444237704272807
-0.00521240170651699 -0.00152582725302751 0.186450359564827 -0.236594880876224
0.00044829079927346 0.00859237449529089 -0.162261980218022 -0.491328934059039
0.00420228133763614 0.00838090001980233 -0.550556549707766 -0.0938825346571381
0.0113014824402206 0.0053653428417128 -0.227578661532504 0.377348543928675
0.00567472663685893 0.00655923249719575 0.150412413144828 0.275451681585498
-0.000933927420716767 0.00206491162994976 0.207222145115085 0.0294053622704138
-0.00386537866994504 -0.00144255380964833 0.092961507197635 -0.128483160325158
-0.00899392538577419 0.00829115990878345 -0.0981263518505132 0.0961726054851777
-0.00488099371108133 0.00883768859145565 -0.160163154956163 -0.013490155123938
-0.00664350393029214 -0.000211211808164487 -0.148588400961865 -0.2183660104341
0.00202655884385386 -0.0104088669325343 0.134428569264565 -0.332976486559936
0.00541707194033153 -0.00165899478950732 0.449035176592228 -0.0200758000693824
0.00343948745254839 0.00259046788073689 0.250586302839984 0.380044664809703
-0.00819301551902895 0.00683763524380363 -0.106045278195669 0.302277239056215
-0.00903321455318588 -0.000828217599277354 0.00465177198014195 0.0457508010848406
-0.00557826361000065 -0.000126412133686752 0.18833953065869 -0.232558297582729
0.000642147055682391 0.0119551681616183 -0.155500125532328 -0.493283513502162
0.00559080949646506 0.0101986721081708 -0.549598149611408 -0.0998995089514972
0.010538522088621 0.00290214945853394 -0.232500551139547 0.376407175793043
0.00421202494875832 0.00249096586499738 0.147218056188612 0.278996567737134
-0.00225399049931327 0.000379501725666932 0.206616266851243 0.0318074303560767
-0.00497317806793508 -0.00189726479244083 0.0923147409468809 -0.127287949468817
-0.00898062247114195 0.00921262190514048 -0.0990447086592522 0.0953681290513727
-0.00495314030276056 0.00665754921435351 -0.160499536268905 -0.0135896724543539
-0.00760855479410504 -0.0039339824645202 -0.148854705209919 -0.216560934656325
0.000881117205840156 -0.0122425046781504 0.13426557750867 -0.331686056798216
0.00561407543036042 -0.00043231123679166 0.448830424394471 -0.0202236020175331
0.00291926795650456 0.00470457515978065 0.253405472590114 0.3802586345018
-0.00847550241024852 0.00845235163585475 -0.10603360063349 0.303651589159015
-0.008323910552724 -0.000431896478179589 0.00363036200930646 0.0467205275190861
-0.00620291740784476 0.000564312888544745 0.188223781122827 -0.230698663328892
0.000977177557670681 0.0142571557794794 -0.156043463368523 -0.491317139354402
0.00622528612488879 0.0114356762157082 -0.550756296602414 -0.0995763692929656
0.010129793193155 0.000503211662426466 -0.233291656859305 0.375728381670855
0.00263260495242744 -0.00238331166984864 0.146936337330931 0.280179060713091
-0.00284621322382433 -0.00238200820296432 0.207198724283265 0.0330395787922193
-0.00493626838949559 -0.00151089781434854 0.0921316082761944 -0.127351234285306
-0.00803159867826872 0.00886397876028763 -0.099051052453622 0.0934131707390448
-0.00582296306000672 0.00539477566006401 -0.159239078305904 -0.014553955107843
-0.00861376406471762 -0.00709958237755469 -0.146761956921603 -0.21722798031502
-0.00036936355884082 -0.0139204117571659 0.136348835150305 -0.329910832023761
0.00469038861073044 0.000600862798295157 0.449933489083827 -0.0141878065038423
0.00241966408295471 0.00561588510022403 0.250758390188808 0.38514160962765
-0.0078279523583145 0.00790438585118778 -0.107483625986902 0.306286655313264
-0.00788462268798952 -0.00143684740518027 0.00319981697613537 0.0478362806224927
-0.00559263786022037 0.000502187502608092 0.186654393640102 -0.228643099322674
0.00092403661622922 0.0155976781851917 -0.15688083622986 -0.487123129130908
0.00658278733063501 0.0123244196511038 -0.549973447051438 -0.0931119365544622
0.00906257597956889 -0.00151771389406132 -0.231803398094294 0.380273351297099
0.00198667117933561 -0.00609012661315792 0.148426783979912 0.280302203832464
-0.00253460344458462 -0.00373055262884986 0.208614329460884 0.0315014285660279
-0.00359580873627843 -0.00127924900087145 0.0922036887401567 -0.126864908059826
-0.00721545282368833 0.00936587362117502 -0.0983041778774264 0.0923658673628419
-0.00449171981621419 0.00415231489314453 -0.157286580289077 -0.0167765416039553
-0.00807202285240178 -0.00915731569675089 -0.142562351530631 -0.218833623793567
-0.000964125955390192 -0.0150795574743864 0.141456936759918 -0.326210574756313
0.00377952520699653 0.00077378877570973 0.449891929151359 -0.00457993039250131
0.00151035346232945 0.0057738076995406 0.245428035077683 0.392910079540197
-0.00777423424591971 0.00668455230387854 -0.110613236896546 0.307355739395882
-0.00719455023779547 -0.00190896629955358 0.00293562323925692 0.048901454768405
-0.00622285831892991 3.07928018599239E-05 0.184586696365221 -0.228105266558616
0.00024025938864756 0.0157067027069337 -0.162543794480718 -0.481524115989197
0.00567149258797718 0.012781684633697 -0.552307598537465 -0.0824938016613242
0.0080343890512525 -0.00265299235462471 -0.225303755610833 0.38485128047601
0.00198998502200873 -0.00862577992951348 0.152593376551154 0.279048278113286
-0.00128679844671277 -0.0057231209632146 0.209658470595502 0.0302661786406462
-0.00106855242503885 -0.00115362343528878 0.0926699678254564 -0.128887339815073
-0.00527296149813397 0.0103797529883264 -0.0970546932444152 0.0906149413330884
-0.00331954429330829 0.00390003703936135 -0.154154287437382 -0.019023751063291
-0.00749926708890747 -0.0105568454488428 -0.137480706181467 -0.221250151631566
-0.00152422337637761 -0.0152970586892821 0.148562625767246 -0.322050429401821
0.00283750604170185 0.000584170267232648 0.449574988589633 0.00706672186090155
0.000642747913680491 0.00433559969137911 0.238563858585003 0.400822280742621
-0.00795714693828934 0.00487067713274387 -0.11580945309585 0.307303852860434
-0.00580666729735788 -0.00315500343828098 0.00267747249279509 0.0494546029818373
-0.00605440415582067 -0.00210276446566594 0.181658666410903 -0.228809869332071
-0.00127865121183738 0.01430476157618 -0.170660394927288 -0.47505914844662
0.00408814823733365 0.012832305777609 -0.551405185996451 -0.0701205813060618
0.00710298200065496 -0.00307577611837489 -0.216737923727915 0.389738252967445
0.00233491083871541 -0.00977095143335292 0.158051158239853 0.275934611507243
-0.000439822924928345 -0.00635215801965848 0.211794047962077 0.0272120137166567
0.00104207754185968 -0.000822174880756279 0.0926690498312674 -0.130641043132678
-0.00241952432994726 0.010127605143354 -0.0953282935493809 0.0894300159934254
-0.00181025672473052 0.00381846622505008 -0.151588610329286 -0.0215352958498762
-0.00657572668563512 -0.00974138990454438 -0.131993802953505 -0.224375133041216
-0.00170924185924616 -0.014439795511418 0.154898948830565 -0.31869393392062
0.00123427617007113 -0.000301064423885313 0.450095673193766 0.020744115373527
-0.000458232348465024 0.00156561162703645 0.23028633901047 0.408152863396377
-0.00747343504713765 0.00290636269237527 -0.119481372978285 0.3075095134749
-0.0051648945117374 -0.00474800611788895 0.00301802770454972 0.0496699073763318
-0.00561410376998415 -0.00338269907514905 0.177787834844215 -0.230318962323407
-0.00218248100429828 0.0124717274129428 -0.180584128141183 -0.466411742164601
0.00224952573218542 0.0112871850849425 -0.551878934788277 -0.0544821422584167
0.00593915062582452 -0.00220768592079481 -0.207119965898745 0.394758859909366
0.00317958751191609 -0.00856623998092805 0.163862783756573 0.272135867612172
0.00125045049328877 -0.00595004995576442 0.212589346471587 0.0233237700653577
0.00431408255065292 -0.000460873743341329 0.0936704107018873 -0.132857086075795
-0.000563218795032094 0.0105724342529929 -0.0939095704197938 0.0883439554521139
-0.000150034516867885 0.00430334533015009 -0.149034972718159 -0.0231696517571779
-0.00505590969280759 -0.00783092110169848 -0.128238390806031 -0.22774237259772
-0.00112567241752832 -0.0128816140722122 0.160998418308204 -0.315211785389505
0.000297295729688423 -0.00229562518368825 0.450900720356855 0.031162914908284
-0.00136085824466295 -0.000987772249018571 0.221839220964407 0.415155531013115
-0.00690132467741042 0.000558205370524787 -0.123684687781263 0.306374053110225
-0.00432767679925484 -0.00594964448040438 0.00378155968853496 0.0485090944586027
-0.0058297619189124 -0.00538036910469136 0.174412321853274 -0.232271717718547
-0.00356458294337226 0.00941240033772074 -0.189166736582604 -0.462830034681395
-7.80439634063554E-05 0.0103949204094191 -0.550824592139165 -0.042254769544509
0.00557141514083493 -0.000720430520772895 -0.199307865940675 0.398696819205477
0.00455134654597961 -0.00678604838844918 0.168710430650298 0.268715606653049
0.00357422903241913 -0.00484143378037918 0.214226001145252 0.019623543299528
0.00604584766527503 0.000160730594471444 0.0952080504518086 -0.134487309125976
-0.00745996392825385 0.00818051953979807 -0.0949170372363521 0.0993667971031462
-0.00302745238993278 0.0099116209959656 -0.15846723244724 -0.0111483009587891
-0.00477500206147301 0.00340610808712118 -0.150845781837301 -0.215796975327882
0.0024849970028786 -0.00691552917407113 0.129525714123975 -0.332455806084274
0.00443294497891631 -0.0033433276175779 0.446140783702146 -0.0259899681029355
0.0028024233860881 -0.000679030655044956 0.252603748122209 0.375244467425694
-0.00802883426302146 0.00542846536584587 -0.101727387875247 0.299718640372941
-0.00874973447074475 -0.00127493394950325 0.0064544414599175 0.0436711892956999
-0.00537415810553976 -0.0015614929610671 0.180872281780858 -0.238039298398353
0.000566336931988824 0.00851517144021862 -0.171118063113098 -0.486174761976782
0.004378047112473 0.00792629598517191 -0.549920678331035 -0.082418250056429
0.0111421161891222 0.00552492718360002 -0.2184942534759 0.380400819489362
0.0054216728925708 0.0060838427323773 0.155386241118586 0.270732921106862
-0.000969674012737041 0.00189924066481513 0.207239243695283 0.0252377707500126
-0.00363681433627203 -0.00153523208299264 0.0902618575787707 -0.129695744354262
-0.00836995676186743 0.00842388829509179 -0.0961885228650998 0.0985650893259916
-0.00448182980101708 0.00872267107856443 -0.158924954219941 -0.0100263830924297
-0.00623836680989965 0.000336960094485468 -0.152459103651473 -0.21372129332001
0.00187636229528956 -0.00994690277491309 0.126143677741535 -0.333663038520715
0.00478765898185238 -0.00146495460076991 0.445271211001365 -0.0297190403420606
0.00327212740095003 0.00238704488102011 0.25608132032394 0.371144999507094
-0.00773816868264225 0.00704227494463298 -0.0996262928997751 0.301782576719412
-0.008648100247097 -0.000686401162260688 0.00564472215665382 0.0452757985735317
-0.00576365813375154 -4.61181805594753E-05 0.182546376837873 -0.23481516542893
0.0012410456193131 0.0114584950446535 -0.164453407188307 -0.485175194512136
0.00570181940083511 0.00983636045648146 -0.54898163711219 -0.0863882232480951
0.0108509950759609 0.00282544299190016 -0.222863746264428 0.378473940217951
0.00387859824343879 0.00176290069966066 0.15227092867337 0.273910742715579
-0.00241892975874199 7.23947217874249E-05 0.206159225800827 0.0271301810967621
-0.00530665357546396 -0.0015095849840512 0.08953135059476 -0.128525958752905
-0.00823939357257827 0.00904023735417248 -0.0967535844340384 0.098118008731629
-0.00479671204138063 0.00686070958534973 -0.159598393151484 -0.00970152093413561
-0.00732428681751158 -0.00372745897835842 -0.152171861775168 -0.21245874336139
0.000431107580237044 -0.0123121354976205 0.126098246385598 -0.331929122448627
0.0054982690094871 -0.000412403148656666 0.446045865989624 -0.0284132666454754
0.00314232935196707 0.00469818959874229 0.258898035159178 0.372443609128315
-0.00778110561831473 0.0078875981861756 -0.0993684246943774 0.302956209945079
-0.00854680580546345 -0.00049049820822743 0.00469747991580086 0.0465492267000927
-0.00606158249732088 0.000312608405870952 0.181860114320357 -0.232783035172444
0.00161604185486084 0.0140543741448054 -0.164344252324636 -0.485141509692222
0.00666159047974915 0.0117194635581633 -0.549272705647841 -0.086819867330696
0.0100710103146189 0.000451235085378629 -0.224043044591663 0.378818245575058
0.00331646481052376 -0.00250515021866263 0.151832924112591 0.275652014759892
-0.00262109804710105 -0.00229171851203401 0.206927173620544 0.0280897473595944
-0.00485938592503717 -0.00117450115214244 0.0890205714812658 -0.129463684223727
-0.0077236104142835 0.00941346711655632 -0.0965327419729264 0.0966208226575073
-0.0051468100363996 0.00541916432406472 -0.158101507087685 -0.0105022878265766
-0.00832587618800215 -0.00683270319490572 -0.150652302996482 -0.212734228911895
-0.000820819432374127 -0.0141091939859533 0.128380286991868 -0.330049491893315
0.00451898161785222 0.000372519938023174 0.445827759147463 -0.0230244895359189
0.00215445563326224 0.00561625014272165 0.256504425672993 0.375782504012851
-0.00831274479171147 0.00767150316545935 -0.100769377751535 0.305786446674859
-0.00766612460950231 -0.000764144831279873 0.00409704167527401 0.0478923686416923
-0.00628283303548072 0.000513748745725469 0.182088584866907 -0.230198555765025
0.00141697455252505 0.0153393620863634 -0.164732410943912 -0.480735230847301
0.00685877406483558 0.0122699464109597 -0.548431436148556 -0.0811385999433013
0.00893176884825632 -0.00171483722021331 -0.222690923857928 0.38361921263169
0.00191810574577682 -0.00606367896083023 0.154049514630181 0.275572874530483
-0.00279834398649017 -0.00417673735755774 0.20804528236804 0.0277427719523226
-0.00326319907520253 -0.00153247399639863 0.088739212587441 -0.128978424590367
-0.00649198396700053 0.00956114763933327 -0.0964963587317422 0.0950784078802169
-0.00461007764270842 0.00421837841963425 -0.156447783819776 -0.012586768657792
-0.00801579660490482 -0.00928655559280794 -0.146490074034627 -0.214528074571473
-0.00137043588759645 -0.0153319985860496 0.134285873389757 -0.327695780565582
0.00388715314039441 0.000692600991915195 0.447647514712991 -0.0138527902347342
0.00144543541146288 0.00552787093241286 0.251073921707744 0.385446169647505
-0.00800574428295936 0.00661654330874783 -0.104691715998104 0.306724982876175
-0.00713337218146385 -0.00180477934001159 0.00416180316282071 0.0490310745226404
-0.00607231546170816 -0.000136214216302417 0.179853366560235 -0.230011763319766
0.000597655870640834 0.0152979652807054 -0.170750383199219 -0.474991367211049
0.00594778531326965 0.0123272799730864 -0.548111037075432 -0.0721722285878012
0.00796592956770779 -0.00262566494551731 -0.215531378664107 0.387011366893278
0.0018954046617483 -0.00856866337015496 0.157674457198336 0.274111071776095
-0.0017465038942971 -0.00542857276540661 0.20928040230992 0.025786192052019
-0.00150821419000575 -0.0013227133815632 0.0896042836848462 -0.130627411863101
-0.00451279618876043 0.010233414296905 -0.0942525264683633 0.0928067731467708
-0.0028951159954976 0.00402566526850993 -0.153756133268288 -0.015155796114183
-0.00780233040778287 -0.0101938205692776 -0.14134938202786 -0.216733409810858
-0.00201227691247805 -0.0151558847044316 0.140365503086723 -0.323766871396011
0.00243107847583831 0.000720314510123562 0.447194968143605 -0.00186362142322316
2.77939755516533E-05 0.00388525330957007 0.245661361482705 0.392821945130265
-0.00770473531637287 0.004832683641588 -0.108335862656048 0.307309854056209
-0.00628035044862519 -0.00340868610993433 0.00354628415127106 0.0490665823808496
-0.00617002394092252 -0.00168130116122658 0.176003878383893 -0.230747940758956
-0.000471918950939181 0.0145519457089396 -0.178189152854691 -0.468606445867771
0.00480714926440617 0.0122582305703074 -0.549156997948403 -0.057877417957035
0.00688938787674826 -0.00318689470696404 -0.207990701333541 0.391823738431857
0.00230392721228922 -0.0098821635927262 0.162659934907099 0.271264797826935
-0.000599220972503986 -0.00638706977949475 0.210400504036683 0.0226478854319637
0.00122093048230452 -0.000448541166105345 0.0896246583537316 -0.132063484168719
-0.00301920025875316 0.0105369378390921 -0.0934075785175871 0.0918185416151164
-0.00162123565719111 0.00339402640898992 -0.15055964397574 -0.0176059069911797
-0.0065429597440185 -0.00970815927317002 -0.136612456543796 -0.220230145957559
-0.00180278715779015 -0.0138987651000002 0.146622499007135 -0.319794078043198
0.00110671635686458 -0.000893938106871719 0.447764595215631 0.01074159362204
-0.000630280474645887 0.00146242247837095 0.236114786184677 0.399982534267343
-0.00719452020062203 0.00278142546289568 -0.112354217045992 0.306643677560903
-0.00518642742717093 -0.00492508994223476 0.00446388135994451 0.0490723610607865
-0.0059318222371938 -0.00370521245814912 0.172908266226202 -0.231652348373399
-0.00195643275774446 0.0122094892428797 -0.188358074598855 -0.46083145148813
0.00277249992735874 0.0113998114822762 -0.549551872335025 -0.0412576662682287
0.0063446960127483 -0.00201584373412557 -0.197936336102094 0.396884984481231
0.00284220268807284 -0.00841373002754002 0.168617706833353 0.267297563936937
0.00117983513930023 -0.00619390905245068 0.212449459995656 0.0183956388653733
0.00349973084975931 -0.000380458711186841 0.0898487781782731 -0.13411356792803
0.000127255171560515 0.0104724087009932 -0.0923747912925224 0.0911439820467248
0.000611197584709774 0.00411946866663323 -0.148603692791074 -0.0201800465569786
-0.00522940562156626 -0.00765493805903826 -0.132221179193846 -0.223490123872967
-0.00155028246496104 -0.01255039164873 0.153534854727936 -0.316630819561314
-0.000183299183684289 -0.00182986224665825 0.448185471914628 0.0216217948629343
-0.00134476715715334 -0.00136843900144891 0.228953921026256 0.407879990441587
-0.00725097456217676 0.000542051116248055 -0.117466825810974 0.305975832180615
-0.00480524959218695 -0.00595776268134276 0.00482310378697578 0.0486414807813912
-0.00587828854246565 -0.00555726746987139 0.168392021979289 -0.234097925663356
-0.00337435248682505 0.00921502283979175 -0.196484214308995 -0.456538308251971
6.98364612095725E-05 0.00979652672557175 -0.548921965054715 -0.0300923681337146
0.00538492682297101 -0.000708239329689912 -0.190002666892288 0.400238697069124
0.00447297010421822 -0.00678271486178605 0.173707727421007 0.263791152651448
0.00288652832904315 -0.00485803576838569 0.213786105191676 0.014891802389863
0.00612428060367998 0.000219502865269412 0.091789595553874 -0.135991113801571
-0.00729363404685995 0.00831507779441692 -0.0921031315071661 0.101074916120664
-0.00297840048383224 0.00965459343925261 -0.156837042577384 -0.00834136139727634
-0.00526599196097405 0.00384780554563011 -0.154201888398651 -0.211458901799041
0.00187890027239699 -0.00738331935628653 0.122183943679671 -0.332763343543236
0.00413679854194133 -0.0028302763473186 0.44112693636281 -0.0342092391006259
0.00250382228263307 -0.000698305453671732 0.256992700802021 0.36475119027927
-0.00729916813306576 0.00545850969837251 -0.0948703881612749 0.299239110125509
-0.00862220277844957 -0.000933715910039256 0.00752337197721384 0.0437729967059992
-0.00553525644096512 -0.00112805523151477 0.175225002843247 -0.238163733376579
0.00122987040554592 0.00820999889962833 -0.177953597783785 -0.478219110123699
0.00427515272349978 0.0084321837995797 -0.545477075049989 -0.0704987446331324
0.0110938394591002 0.00481830515893319 -0.2089326337222 0.380730693837629
0.00558961758248459 0.00597821666702009 0.158818516301878 0.265167739931433
-0.00108761426309443 0.00206089900485984 0.206201673503117 0.0209175710224711
-0.0041858068932401 -0.00143739517274301 0.0866931445246387 -0.130483354411663
-0.0078034439214568 0.0084404507750746 -0.0936620618542269 0.100746529090714
-0.00417271292426287 0.00824172380077194 -0.15812089693846 -0.00648836609970768
-0.00626753786703832 -6.74116951964875E-05 -0.155554686805616 -0.208995357688699
0.000982028502004709 -0.0099978153035556 0.118334073448946 -0.332659953925571
0.00508968072595166 -0.00161377505377907 0.440206325734684 -0.0382839189662005
0.00298870571189545 0.00201663205274296 0.261984135833683 0.363229317038744
-0.00777545139248194 0.00715992068384074 -0.0934901770410995 0.300232817150394
-0.00864418051620542 -0.000180997268954989 0.00600632142411435 0.0450764196827667
-0.00560382230369484 9.44886393140212E-05 0.177211328103373 -0.235208671779982
0.00135203352440363 0.0113213048253754 -0.172363878959974 -0.47885894053311
0.00600144581162144 0.0100856194343481 -0.544777268373134 -0.0745490445373023
0.0105184525849587 0.00254909183042818 -0.213129771874429 0.379887255115099
0.00389528726925523 0.00177011505668788 0.156282068520834 0.268607486023796
-0.00219537231604589 -3.01448636196707E-05 0.205429738524578 0.0230228027774797
-0.0053413215164601 -0.00165195909000979 0.0863697503401831 -0.130218019994765
-0.00816010414623522 0.00934552750482018 -0.0943203416040919 0.100248117040743
-0.00475108159966919 0.00655958220971243 -0.157634465671809 -0.0065158042358035
-0.00756109831215394 -0.00344407556456929 -0.155890521059112 -0.207762447831037
0.000563262212663015 -0.0118436215760568 0.118308528686493 -0.331362050580257
0.00545831884245526 -0.000428529423813077 0.441743348315042 -0.0367103246927965
0.00299804816115628 0.00444143967732479 0.263060663853776 0.36405045120077
-0.00808879735599466 0.00781583525565441 -0.0934669403851538 0.301436015676383
-0.00808404098673136 -0.000323724752787585 0.00587021485399096 0.0463491500991629
-0.00579544587297074 0.000494820094097857 0.176984447139188 -0.232867704308929
0.00143973123945466 0.0133862544571174 -0.172265243699826 -0.47659817049743
0.00690478523977561 0.0118708354276344 -0.545226248155886 -0.0747558773584698
0.0102932181539962 0.000153452333358784 -0.215467278306954 0.380529110410154
0.00275612659279201 -0.00243961402002033 0.156237642709919 0.270747481653607
-0.00277741076113171 -0.00222395865104542 0.205939830786729 0.0237517538729313
-0.00485265494229039 -0.00121430768213884 0.0861299506819644 -0.129275352614605
-0.00703433948806323 0.00923096656409982 -0.0937867752998249 0.098359493384817
-0.00492353316116799 0.00536980225446003 -0.156884522899204 -0.00762079688752033
-0.00849370484283227 -0.00666150279561308 -0.152542727146057 -0.207833507996276
-0.00124203970435008 -0.0140002320929045 0.120731008062308 -0.329952369373524
0.00503352256959634 0.000350553359349418 0.442001466390481 -0.0319211084664804
0.00229758393371655 0.00554620191800045 0.26028787504045 0.368513962686279
-0.00796302031866083 0.00764899107590397 -0.0941346685560403 0.30441886253585
-0.00788324327219145 -0.000759561926579267 0.00449761087852148 0.0478923121800767
-0.00619492689779382 0.000910366380396897 0.176366490104822 -0.231507531518608
0.00127736619430492 0.014645539550783 -0.171407350335687 -0.473535357187916
0.00670308947632524 0.0122482965058068 -0.546769953588004 -0.0704317792351485
0.00903235051299145 -0.00214023718652003 -0.213672334159755 0.383447634411654
0.00238324350374224 -0.00623560740569749 0.157998190737323 0.271256530669584
-0.00293169001303967 -0.00394474410534915 0.207108240346123 0.0228831207208194
-0.00350440215807508 -0.0015214128813843 0.0859619315637893 -0.129866335304313
-0.00600822420879028 0.0101150775180244 -0.0936764513493284 0.0971146308386444
-0.00426499517008599 0.00411876005312681 -0.154778079455496 -0.00931675188932366
-0.00822990578730286 -0.0088677790676186 -0.149173594292849 -0.210008547385364
-0.00187498121156028 -0.0146123977681333 0.125706591975463 -0.326530136549025
0.0040916072292938 0.00102523624407315 0.442834912681894 -0.0218509373076346
0.00113009392399958 0.00510469682557076 0.257954853335163 0.37689407999077
-0.00785572263780927 0.00690503499539633 -0.0974957352186897 0.305106444660065
-0.00680384772808634 -0.00164874525513217 0.00396131299054318 0.0485886080228305
-0.00606927693724376 -0.000246816970131834 0.173654354123719 -0.23073382611552
0.00083538730443715 0.0148190239248058 -0.177873146924838 -0.468053862881607
0.00611782662002502 0.0121318496953187 -0.546197763215377 -0.0602725048313192
0.00768146997959334 -0.00308103616401854 -0.206737385740842 0.387507515948459
0.00169651333013353 -0.00869669527778976 0.161161214237548 0.268869840150199
-0.00170103690681117 -0.005136770691882 0.207938960099202 0.0209266812098134
-0.00146375976651567 -0.000843133346164422 0.0860928690157748 -0.131648174083925
-0.00429043031914914 0.0103995032529642 -0.0923173631522092 0.0949283402987581
-0.00279972439923112 0.00310279720404749 -0.152289834133979 -0.0115085793757806
-0.00764358113057296 -0.00996863890786301 -0.144302289467596 -0.212174157732624
-0.00249450394123992 -0.0150682429765312 0.132343385949144 -0.32327968459568
0.00289045265268856 0.00010230038648747 0.443371043545297 -0.0105610108255041
0.000247293123170912 0.00392247485058973 0.249526571452865 0.384347910168684
-0.0073361394167787 0.00502245455225363 -0.102220704052831 0.305427985825242
-0.00580086441943047 -0.00294466262283568 0.0048344145645055 0.0489161111087282
-0.00594671268262298 -0.00157807769584875 0.171308367661064 -0.230930167752688
-0.000932897639181248 0.0138931452738672 -0.183964237406537 -0.460611890747127
0.0044535836850931 0.0120024449728035 -0.54517889299225 -0.047369846403221
0.00692781120120952 -0.00333017990415687 -0.19871220821979 0.392674090559138
0.00168987746306275 -0.00964697115571777 0.166646378912602 0.265577082632728
-0.000702351955705558 -0.00653546982114708 0.209505894896451 0.0178775055640358
0.000776892976246577 -0.000904336106328957 0.0862830768691595 -0.133118636572516
-0.00215208679790459 0.010065370720768 -0.0909431925703866 0.0935185356296643
-0.00138720462348479 0.00364375654603816 -0.14926951259921 -0.0144325723124576
-0.00621171349791697 -0.00914357331417558 -0.138698661224916 -0.215570306242557
-0.00244979894186694 -0.0139957455205604 0.13852511394211 -0.319616935225262
0.000947559549250459 -0.00032174400081334 0.444254043537499 0.00232103883530032
-0.000596165108700725 0.00125314572267903 0.241929328587736 0.392926659318564
-0.00714024610619363 0.00268320462314096 -0.106182971198114 0.305720333042737
-0.0055713506407998 -0.004133155450864 0.00523408353036975 0.0489301306323028
-0.00555400468948518 -0.00316306514694957 0.16702572100837 -0.232976449272944
-0.00173389967018475 0.0117744057902649 -0.195535806469882 -0.452696027710748
0.00225265304682321 0.0115281559172072 -0.545795492239161 -0.0313215304940429
0.00589864903872237 -0.00188202470088123 -0.188702283160309 0.397872130664738
0.00288520089437046 -0.00906958372897924 0.172228540446835 0.261517883840762
0.000799935485392489 -0.00542736106944331 0.210791203671836 0.0137904627580284
0.00432943657960253 -0.000508275826395978 0.0868545160019923 -0.134665888040846
0.000516937503274498 0.0103378959534291 -0.0900238908160224 0.0926851905050023
0.000400489773350133 0.00370274460432486 -0.146816236072276 -0.0164676389033897
-0.00547749506804196 -0.00760468615777827 -0.13466495875683 -0.219198340277082
-0.0017141931693086 -0.0125843658595019 0.144991835729596 -0.316627849429711
-0.000435415385576983 -0.0020593880339916 0.444172949799085 0.0127665226574028
-0.00160787299091858 -0.00138000885512693 0.233746503089909 0.399177584880747
-0.00714491897752156 0.000631876846846598 -0.109628727495665 0.305446073854313
-0.0048500238768943 -0.00552858995343637 0.00625084275906408 0.0483936629554678
-0.00603835306141074 -0.00561625102192333 0.16355935035782 -0.233956776803009
-0.00298469745571714 0.00907214576462398 -0.203031938627492 -0.448831102051749
0.000655141618162841 0.01058654364973 -0.544460270209071 -0.0187936118343835
0.00543551410133051 -0.0011062659244642 -0.18069426789899 0.399934540082839
0.00456013282464242 -0.00639647612240768 0.177001460060232 0.256847023105883
0.00259947964901943 -0.00531021811128097 0.212599277828679 0.0105169012100634
0.00569067406559576 -2.70488111179124E-05 0.0882142038299236 -0.137393023646979
-0.00679842550640677 0.00791531761094001 -0.0893015873396811 0.102103291225753
-0.00255833964794066 0.00951903081600505 -0.154855895676224 -0.00431517303802631
-0.00436032416638512 0.00375027699618045 -0.156359313108403 -0.206097110532976
0.00204740026645497 -0.00700408343386369 0.114227043959926 -0.331053416643853
0.0045161645276304 -0.00308231846907271 0.435162902165669 -0.0400503037838185
0.00177344510835403 -0.000835656119745946 0.259542404353059 0.356886467873328
-0.0073074593266456 0.00557052107762887 -0.0895420071798238 0.295637126676277
-0.00835210328388853 -0.000838669124845661 0.00784218049686692 0.0434561086534342
-0.00526664610386417 -0.00150525944066283 0.1696979394949 -0.23815130546592
0.000950593307035738 0.00808851082391325 -0.182735169221861 -0.469991335674251
0.00477077726859847 0.00800624980635995 -0.541433095805203 -0.0600793290556959
0.0112906119114672 0.00460939379927017 -0.201374448282782 0.379715190341153
0.00602891581962627 0.00553261634146777 0.161198297041643 0.259943940498545
-0.000950268291259672 0.00184277768077974 0.204361760380275 0.0180628816062042
-0.00440162474473483 -0.00188379359122477 0.0842090444858524 -0.131725265187587
-0.00749503171868227 0.00874815682957613 -0.0904113114777227 0.102008071839364
-0.00390155176827051 0.0082746271103941 -0.15566519930792 -0.0035228018109039
-0.00643991952760268 0.000273824549567678 -0.156828211977088 -0.203707043225422
0.00147689539430939 -0.00928945519919584 0.111617329230048 -0.330763003916392
0.00515499933746359 -0.00204253905484973 0.434764809164655 -0.045107675937034
0.00274367381914337 0.00228867640834562 0.263078857038253 0.354466599763156
-0.00774400361332403 0.00728997939151147 -0.087836603123113 0.297396239799138
-0.00839959234419039 -0.000213505767178269 0.00708895156702783 0.0443723378239474
-0.00599574479900803 -1.8440940581615E-05 0.171246053158739 -0.234805781375046
0.00189759854599897 0.010829485809887 -0.177532940495628 -0.471187024068386
0.00574955276601246 0.00969120279564849 -0.539492234141559 -0.0659273951178197
0.0104732071210302 0.00231118559041363 -0.20543225664367 0.379181523648795
0.00403259504197383 0.00127208506991075 0.158838095388573 0.263502362094959
-0.00223868939018669 0.00029140827060934 0.203368891679737 0.0192128754607577
-0.00508263144134865 -0.00156271327112681 0.0838426192669535 -0.129869027953882
-0.00722295370690014 0.0090166747274146 -0.091514626318365 0.101141432852185
-0.00456985540311057 0.00624443319656924 -0.155247590737252 -0.0034277383658223
-0.00713508626544858 -0.00368518284967383 -0.156882752425866 -0.202529991949566
8.68363733065409E-05 -0.0119722116273164 0.11089989669652 -0.329309956568571
0.00502350616921352 -0.000473815189555972 0.43473913765608 -0.0432599922431152
0.00255410327747841 0.00437436708285642 0.266510323817614 0.356302463549724
-0.00753549990376473 0.00784421892084649 -0.0873966145733721 0.299386347561116
-0.00828558467380424 -0.000235506546258081 0.00665224702243555 0.0464304897336265
-0.00593571759462698 0.000993621850377647 0.170879578595046 -0.232544670664664
0.0017155018276387 0.0132515317094018 -0.175692828080846 -0.469152283751881
0.00720182543073134 0.011016408488798 -0.540784683092902 -0.0645153375131556
0.009950827349034 -0.000343166774415601 -0.206356381019117 0.379935214818553
0.00245864008719205 -0.00255556350793344 0.158362916439454 0.264593915897239
-0.0033962562073767 -0.00219906663584675 0.204080005372372 0.0198274056257446
-0.00513141192945218 -0.00137655983238718 0.0831978594384543 -0.13010134742682
-0.00700922014051552 0.00972150140322845 -0.0920681863944072 0.100163345219559
-0.00436933090047717 0.00483828305053559 -0.154838857985527 -0.00396972876246638
-0.00807774019776554 -0.00621255312124208 -0.154977538812085 -0.203179707452723
-0.00127524651032672 -0.0134393843062903 0.113475340185119 -0.32843042288804
0.00476184130208319 -3.57534558508787E-05 0.437098108726973 -0.0387210384990259
0.00273554389888588 0.00524999897577374 0.263389410319214 0.36051570082799
-0.00784529809098052 0.00754594668641108 -0.088552352739835 0.301765181147606
-0.00784836439860944 -1.15605162515566E-05 0.00538774841268075 0.0476311098604665
-0.00586926124412349 0.000710434451722699 0.170285929098819 -0.230947117779896
0.00197309172356116 0.0146098686345072 -0.177709225797565 -0.464835811969655
0.00723438036334778 0.0117093506664244 -0.541828691634929 -0.0593902751534059
0.00902476216347428 -0.00189161398006453 -0.205178386461598 0.383112774058924
0.00199643813106272 -0.00621099151611979 0.160988039794506 0.264274727541618
-0.00280319830452166 -0.00415014184439676 0.204860204258416 0.0198449965420621
-0.00381754779620215 -0.0012768641378141 0.0832122481535333 -0.130971119553042
-0.00538033402094319 0.0101332488138323 -0.0912417247237454 0.0982829287746507
-0.00355076923880248 0.0043135152752552 -0.152741978421639 -0.0066991784921391
-0.0083420240391585 -0.00830942657115775 -0.151261594366072 -0.2049675907922
-0.00195598170281188 -0.0147131862459737 0.118522784612695 -0.325296827067518
0.0039117903256724 0.000386259244682286 0.437392870170057 -0.0294883837006951
0.00140735189265387 0.00497847397903801 0.260092532953082 0.368225570986897
-0.00790880832117092 0.00678031316025471 -0.0916443991191303 0.302621459635651
-0.00669590734402098 -0.0013784814460247 0.00543938930835893 0.0480293417361531
-0.00602167745350321 -0.000117098682903991 0.16786310836196 -0.230935875760643
0.0013090355044154 0.0146153930102784 -0.181108612121572 -0.459247297711593
0.0065580791064466 0.0118509664513968 -0.539424118838601 -0.0505384941085299
0.00791930999778549 -0.00307824886179293 -0.198261164184074 0.386591642070704
0.0014264808300478 -0.00866602298756088 0.163867010990261 0.26306185592617
-0.00175309947699273 -0.00523581928651369 0.206622084336416 0.0174266441739529
-0.00162089026325655 -0.00121790056334432 0.0828443742745651 -0.131878651680828
-0.00371279521068642 0.0100024543408709 -0.0901970092094301 0.096106528600055
-0.00253095612018234 0.00265972824699805 -0.150097431658379 -0.00900261651735794
-0.00803512203535035 -0.00988496180795995 -0.146440629060557 -0.207670161191029
-0.00288047904567004 -0.0147335864329457 0.125101309280785 -0.320725235206186
0.00248716307319755 0.000501139693098682 0.437884008204295 -0.0179373837404935
3.35340303296277E-05 0.00413355218206788 0.252234210322211 0.377312662273135
-0.00759498551214853 0.00466877351509381 -0.0964087349735127 0.302977149366742
-0.00635784719135144 -0.00286245542367269 0.00556583820861329 0.0484854031042254
-0.00622692814223956 -0.00130470814821055 0.165426797096688 -0.23045618261857
-0.000464449678481122 0.0135537489930005 -0.189614432967771 -0.452806850922979
0.00461687974336869 0.0122386966541143 -0.539007943865799 -0.036278938405829
0.00605305882703204 -0.00363001241987044 -0.190020596016683 0.390659313776544
0.00117977800567329 -0.00957048149568615 0.168919235762483 0.259673045334015
-0.000939868193594245 -0.00620634621575426 0.207792246673125 0.013933539730059
0.00151691366654374 -0.000888677607980958 0.0833761124198499 -0.133262097501725
-0.00140401841832736 0.0101582696205418 -0.0881519130232671 0.0954056899165852
-0.00106644397460217 0.00289782480210786 -0.147041801548483 -0.0116225565383556
-0.00645808851285066 -0.00929108784083182 -0.14135047817539 -0.210326919671052
-0.00230367564367683 -0.0139894738917891 0.131151249333045 -0.31801876411693
0.00128950615865826 -0.000375569034109306 0.43844292956635 -0.00498316781053861
-0.000843506493812143 0.00180568522360929 0.244550529757715 0.383694583519686
-0.00776144944709935 0.00250721767363538 -0.100509548887568 0.303310472993195
-0.00520047450508386 -0.0047701365520934 0.00574213667104135 0.0483041742197942
-0.00595422226792764 -0.00363600934221249 0.161351475922418 -0.231883671233107
-0.00141774195358778 0.0114984582229629 -0.199044229957636 -0.445833823842829
0.00253551815346705 0.0115254075772779 -0.539213738202122 -0.021702958219938
0.00568771879424557 -0.00243558516265509 -0.180913713716143 0.395642236487772
0.00247281528260437 -0.00900671367685206 0.174051527853767 0.255763388384433
0.000987236221002856 -0.00592066865897023 0.208995233229429 0.0104366364809534
0.00391787810477364 -0.000875896388743186 0.0843743842076303 -0.135391670132815
0.000504603853118064 0.010309916750352 -0.0866904639677891 0.093981462812264
0.000864391258619048 0.00322576706478165 -0.145539991289565 -0.0137632367660652
-0.00488200814083526 -0.00738786716392548 -0.137317247275547 -0.21464005453896
-0.00230831597751867 -0.012064931918731 0.138056955780471 -0.315020558312064
-0.000304251239156244 -0.00155186292515973 0.439786494939919 0.00475351741245692
-0.0021933142504952 -0.00124019470740932 0.237679123509705 0.389537541782658
-0.00745545771498513 0.000545911792574443 -0.104507429779441 0.302910947709037
-0.00445973793825634 -0.00536974418639558 0.00685686845500815 0.0479952716966146
-0.00602977071951379 -0.00566120101751959 0.158027024323396 -0.233586982316954
-0.00290251570600572 0.00902206188563403 -0.207472362219863 -0.441245698005056
0.000641345352755716 0.0101364842951039 -0.539352226686287 -0.00949617088817335
0.00520499070018446 -0.00141552994796987 -0.172233237016963 0.399431410156457
0.00394971874143987 -0.0069950739441999 0.178871810447046 0.251266713515352
0.00279692615090681 -0.00510392308764726 0.210730595121942 0.00705190190011643
0.00609550625424838 -0.000239479148787003 0.0852878279647307 -0.137097214296283
-0.00627828112632994 0.00843250894067459 -0.0873423640713062 0.103191360843151
-0.0019802766596571 0.009042252991309 -0.152211394299426 -0.00289545495741112
-0.00395029185598483 0.00385021977071653 -0.156955722620603 -0.201545741120849
0.00195695097365376 -0.00696792146266873 0.108662979530406 -0.327635336824152
0.00377477548384318 -0.00303154777464802 0.428933651256985 -0.0458698521527226
0.00212946921326818 -0.000765074162399572 0.260710159599243 0.348551253798063
-0.00740081508948755 0.00553987664580368 -0.0849600057897407 0.292947963087732
-0.00845433301314483 -0.000587645236504702 0.00893565343648258 0.0429943267167956
-0.00527480087980543 -0.00112629037441403 0.164802423395629 -0.236718428743685
0.00125943106279074 0.00762499214205796 -0.18692526785202 -0.461541107187718
0.00451937511736119 0.00765507061154316 -0.534019796361993 -0.0519597190479439
0.0110230306429714 0.00404598451672106 -0.193334155687615 0.378177474034168
0.00582556489147059 0.00531029112426793 0.162222568348015 0.253852701034067
-0.00109517579812459 0.00197516418056039 0.202263321109069 0.0140362923795184
-0.00428696584079147 -0.00125139720615011 0.081593689876521 -0.131172224854969
-0.00705248384283106 0.00836582656460204 -0.0884175916319331 0.10313313532963
-0.00353431312586274 0.00791345839380356 -0.153266954226213 -0.00111522870207067
-0.00593506913555844 7.85787672132631E-05 -0.158315915192091 -0.199055182321497
0.000641360229758374 -0.00947381959692951 0.104980051606047 -0.327744396406948
0.00493875464324167 -0.00157309602621487 0.427890478683929 -0.0499617349371021
0.00267008545998308 0.00189690424094342 0.264218819565927 0.346336555463841
-0.00788695067193217 0.00673444847629424 -0.0826654221499818 0.294928111188706
-0.00864700362444846 -0.000145191566860985 0.00752795366765479 0.044469616521697
-0.00541181303820011 8.29078498881678E-06 0.166696035899539 -0.233616864881921
0.00187959427843386 0.0107375847562351 -0.180853815428111 -0.46196863737425
0.00576380110164805 0.00925664396606747 -0.533968550914957 -0.0568541642913082
0.0102476892513184 0.0018706558770362 -0.197715925059602 0.376473696623703
0.00424438508760595 0.00118706481218016 0.160374470784047 0.256929403887938
-0.00245933665687435 0.000117820613727419 0.202054992198421 0.0165284317343633
-0.00505731375356581 -0.00126979322178227 0.080601403046826 -0.130192135327175
-0.00687590999259386 0.00899815971331456 -0.0887569660240676 0.10214629033434
-0.00413475034577429 0.00627328331780147 -0.153292199630884 -0.000849374515201184
-0.00746565508962025 -0.00327882312705702 -0.158372022147298 -0.197675938179206
-0.000307046473938268 -0.0113687853607673 0.104512709774275 -0.325740379216184
0.00511018199090556 -0.000539403562363749 0.429616754300369 -0.0495772445988195
0.00288111852809427 0.00409687681576327 0.267040169941512 0.34795945862255
-0.00769008297129857 0.00758288843911064 -0.0828620889530629 0.296193515791156
-0.00809686262310608 -0.00011426949068733 0.0068807595133853 0.0461641503255913
-0.00609637203016691 0.00113653329272493 0.166310222991849 -0.231808968437532
0.00233349335669781 0.0127527412704308 -0.179891882523931 -0.461276425406864
0.00740360087670071 0.0108557489407991 -0.5343416056674 -0.0575189216747473
0.00942243478398345 -0.000721250089103223 -0.198894536403388 0.377960064754971
0.00277005408876674 -0.00295852550054071 0.159955431026758 0.258464267947437
-0.00296087784517052 -0.00182659514600738 0.201841233275947 0.0169338270780034
-0.00492191025365381 -0.000963878306472839 0.0806760870554808 -0.129866035271793
-0.00651680997444865 0.0096125379463422 -0.0892029205090328 0.100964428139698
-0.00446915701135411 0.00477784535745352 -0.152733148787524 -0.00173078978809679
-0.00786520937489523 -0.00621981632170037 -0.155505808376325 -0.198210742780396
-0.00147812870362961 -0.0134592576267317 0.107313074452758 -0.324282529794536
0.00488874810134597 0.00015213063463158 0.429396112068167 -0.0445854117425085
0.00243823022052834 0.00507124243658891 0.265145470756215 0.350521407259251
-0.00772098083763577 0.00749196500528717 -0.0833766666615059 0.297848389923134
-0.00741506940771859 -0.00075605886357643 0.00620835660444302 0.0466576536112569
-0.00560287656508351 0.00103704490099649 0.166157937672991 -0.229203954868482
0.00201793211217822 0.0139489677197821 -0.181075878630727 -0.457247681450911
0.00729006110048661 0.0115869436334728 -0.534582868798195 -0.0527089706984741
0.00842610970501828 -0.00205415281672918 -0.197206879407035 0.38120374093286
0.001840700100872 -0.00654625484077277 0.162137819692611 0.259834088500551
-0.00272936783797614 -0.00357772049904122 0.202741034269634 0.0166720162063118
-0.00374876533866281 -0.00112153214432153 0.0804648027235598 -0.130087297877108
-0.00508072296173449 0.0101573974106399 -0.0884357611213066 0.0991824818134048
-0.0036231899675818 0.00351040454413112 -0.150373599060273 -0.00397459027458823
-0.00830129226641102 -0.00869703301314026 -0.152348765365335 -0.200268683672389
-0.00260606936372639 -0.0141022081973124 0.111676774964441 -0.322199307289113
0.00370400747458863 0.000748350660108262 0.430506752870101 -0.0353558202507272
0.00127237875795261 0.00511201115300222 0.26057917953636 0.359980061819223
-0.00711582705101313 0.00665343513501277 -0.0866114998533939 0.299413873619175
-0.00655040826226887 -0.00189391200150299 0.00595978492662453 0.0477273725956351
-0.00593667935073684 -7.97081675631035E-05 0.163540072314641 -0.228851686656606
0.000991800256713397 0.0143399021843104 -0.185173387498782 -0.451295973373523
0.00653783845888667 0.0118572504136278 -0.534444076319322 -0.0438240245296275
0.00729322191199376 -0.00332892537323418 -0.190431013963308 0.384709054609639
0.00125023436969396 -0.00865999574438411 0.165207269387436 0.25764130591501
-0.00227763617402119 -0.0056139270835057 0.204313129019057 0.0147642548233795
-0.00131800275971643 -0.00144524817488801 0.0807526018504847 -0.131540193219021
-0.00297856901092537 0.0103056054220411 -0.0874149206834031 0.0969221527953857
-0.00232687253629202 0.00264416942300749 -0.147980122449853 -0.00665286397614554
-0.00756027292726054 -0.0097980705142913 -0.147950861637331 -0.202990302018992
-0.00262607629453385 -0.0142790183829852 0.118099639872145 -0.318370325501102
0.00258484247484143 4.90228309750402E-05 0.430892629027142 -0.02304805335446
0.00023417518050586 0.00395504121787561 0.254119565073094 0.366859430000721
-0.00770119065996558 0.00500646219734652 -0.0912152291622272 0.29986948022755
-0.00600063724815256 -0.00309296190777067 0.0064004775263237 0.0480149001301149
-0.00624798235402555 -0.00203820311173899 0.16111243464602 -0.228684745750588
-9.79306619905643E-05 0.012953802762436 -0.19285883859969 -0.443843372641404
0.0049584054936967 0.0118616898679677 -0.53340434439808 -0.0293418708947462
0.00658271665827446 -0.00373863026102315 -0.181695821132701 0.389133140473249
0.0016559801723597 -0.0097672075848053 0.170193101839195 0.254098046543824
-0.000683975175109663 -0.00645910212945866 0.205862415354731 0.0111597151137491
0.000824993557341999 -0.00149586690571763 0.0807457773692516 -0.133377542484886
-0.00102409242986317 0.0103544267717962 -0.0860504820787478 0.0958968876868355
-0.000691221269409137 0.0026907874326522 -0.144912799098359 -0.00919367854047077
-0.00631318880235252 -0.0090132846075674 -0.143057008016305 -0.206246152522378
-0.00277604441603989 -0.0135286576211218 0.123905899942055 -0.315402260720521
0.00106795954561812 -0.000398785543084683 0.432430799774063 -0.0104297603061272
-0.000904870727468688 0.00152521369296758 0.24749515711261 0.37489954365797
-0.0074326475779484 0.00281722799649758 -0.0950375776326053 0.299429853254613
-0.00507980530761526 -0.00382483883138719 0.00639636458040317 0.0479852237836656
-0.00563750907349617 -0.00321063351795237 0.156720286259649 -0.230629904733232
-0.00124894408366441 0.0113003001508704 -0.201743088895534 -0.436375955503477
0.00313631345887707 0.010896762275879 -0.532831879499551 -0.0142431479896079
0.00581042389295709 -0.00247426746361211 -0.17312643914051 0.393392876166783
0.00220252393890893 -0.0089673913158021 0.175227352356742 0.249943107504311
0.000969406734334792 -0.00576004427477173 0.207326998896224 0.00688503409351653
0.00385705143075135 -0.000525057069173656 0.0813212289809949 -0.135102823277262
0.00136132319588479 0.010143098715429 -0.0845773084437868 0.0954058994773417
0.000911843786606027 0.00328182955756198 -0.143370613427243 -0.011263276996926
-0.00514120855472942 -0.00739248724419309 -0.138268916072687 -0.209285060285524
-0.00257339942611531 -0.0119746169185684 0.131423962756996 -0.312525378646797
-0.000435811699082334 -0.0020961948537359 0.433889440402121 -0.000879274899456794
-0.00168423229254629 -0.0015462243600746 0.238879119437144 0.381124697326433
-0.00718034650201209 0.000571976979931509 -0.0991325479655627 0.299930355443461
-0.00461431035173801 -0.00553270773861975 0.00728990343183381 0.0473778982215712
-0.00611378914276795 -0.00528671440385379 0.153416265355895 -0.231866626299168
-0.00244724244508875 0.00857067926460298 -0.209946099462093 -0.431387325498181
0.000769840885783896 0.00995671341170077 -0.531351397414107 -0.00131020980604196
0.0053385160902231 -0.00122438744724676 -0.164980423622664 0.396092749053499
0.00400576579362325 -0.00716146671502989 0.179737351536843 0.245468469950795
0.00243850294460098 -0.00492656773220097 0.208487285944456 0.00324159826560116
0.00548900202948952 -0.00043897526803667 0.0826726016848737 -0.137474060556981
-0.00597798964707025 0.00797975681404321 -0.0847042828539467 0.103285132206001
-0.00158628486778569 0.00892782007205032 -0.149625211509375 -0.00077722756529036
-0.00392621319035692 0.00351031151675076 -0.157214230844544 -0.19705573002445
0.00194080769116875 -0.00692395252949097 0.102900298500212 -0.323819615866197
0.00418856618127664 -0.00314428628136383 0.421843692892523 -0.0494106009876001
0.00176111489105051 -0.000647020232198519 0.260495219888334 0.340465167523092
-0.00779946501777767 0.0054814941500696 -0.0812262988548577 0.289805252928088
-0.00824107544502797 -0.00040128544420929 0.00882325212071183 0.0424290489820049
-0.00524848423812774 -0.00131895596905483 0.160348625776703 -0.234262197003117
0.00117568175548245 0.00739768851581851 -0.187805977573577 -0.454108565473062
0.00490085420653556 0.00790327768943728 -0.528538524624875 -0.0458372446913393
0.0106951786912783 0.00379488143662742 -0.188159172534727 0.3746648079451
0.00563648127515473 0.00504160914237113 0.163077825668335 0.249391839188721
-0.00122186865228714 0.00175439771838269 0.199244023194841 0.0117507555051993
-0.00456083015938881 -0.00110267132977094 0.0791787751566409 -0.130227550647016
-0.0066675285771831 0.00811204954427786 -0.0863631960467403 0.103370876223342
-0.0032999833395872 0.0074965316309961 -0.150476794089383 0.000824193128868048
-0.00581660825345355 0.000399847664545294 -0.158237451287929 -0.194776883988361
0.000490161492097432 -0.00929067992177956 0.0997394060604212 -0.323967805578127
0.00500237577292257 -0.00159051623614287 0.421572308805926 -0.0539777007756951
0.00277122001627904 0.00165683852342344 0.263965802879604 0.338394840130437
-0.00757278412436476 0.00706502953708059 -0.0787207890788173 0.291086884777457
-0.00825750646331893 0.000347664764462892 0.00819201935888185 0.0438557252890203
-0.00560532289893826 -6.52344968777546E-05 0.162152045037733 -0.230978835048036
0.00194231585772011 0.0099607112205994 -0.182366364350695 -0.453987692378466
0.00611654050313811 0.00947427166316552 -0.527446091048769 -0.0515965125352916
0.0102182955127461 0.00182658154177571 -0.191705522221873 0.373565575235249
0.00404889347692882 0.00101827223835458 0.160330547390371 0.252146144540112
-0.00235518228012106 0.000241884983097434 0.199169491932916 0.014354742555091
-0.0050412975048197 -0.00119345122049414 0.0788447355566045 -0.129716313213578
-0.00639610855833485 0.0088426998994522 -0.0867907441396135 0.102263207059589
-0.00384334557468251 0.00588971833562488 -0.150915685831022 0.000491570630712284
-0.00706169989499187 -0.00321026979017845 -0.158026826735616 -0.193046363056887
-0.000628842859376673 -0.0113026020162264 0.0998159240738168 -0.322464828493397
0.00532393383320552 -0.00047396880323985 0.422458837877569 -0.0532899519719348
0.00287154789172258 0.00408730572649427 0.266199394228129 0.339689791451121
-0.00747059164514276 0.00718191052482723 -0.0785108194741141 0.291824036839872
-0.00773219638164512 0.000119434915626279 0.00737961718152049 0.0454913104659263
-0.00535280362769983 0.000929118142239216 0.16214680222285 -0.229617088104538
0.00211223516128773 0.01247564184715 -0.181024333670885 -0.453364641109127
0.00715628370698835 0.010416974137173 -0.528349765205818 -0.0513447154986449
0.00977572777038148 -0.000103362244160756 -0.192218807084646 0.375339813570086
0.00279535239035663 -0.00305941238271515 0.160324114575283 0.253865107573089
-0.00340731891283383 -0.00195464671558733 0.199642503782223 0.014259037795471
-0.00462537907849267 -0.00116439398321904 0.0781302737060311 -0.1295367207806
-0.00588726837725107 0.00942434079928727 -0.0869986564023696 0.101115180138557
-0.00390115528287708 0.00464238342003465 -0.149620825181257 -0.000209187463333555
-0.00789030895326407 -0.0061460212454429 -0.156028909107844 -0.194377169877546
-0.00169988873282579 -0.012965234193958 0.10233253263178 -0.320844658412141
0.00469197432857055 0.000422389037673482 0.422562840924052 -0.0480445364369892
0.00222615027760774 0.00495258928896519 0.264214850552599 0.343947950274035
-0.0079333416316441 0.00724545020911482 -0.0799644132042993 0.29482850320286
-0.00729803861491514 -0.000355939261993611 0.00645256535254607 0.0468327756657696
-0.00612463342599481 0.000661047277498412 0.16139339305994 -0.22723256278489
0.00204648190889764 0.0135486833485792 -0.181378217594596 -0.449446009344791
0.00736950239686552 0.0114000774662092 -0.527206286951646 -0.0479960216569919
0.00867407293315189 -0.00218848081772117 -0.190296913095312 0.377550061632016
0.00188867129828536 -0.00660037243952866 0.161348685169923 0.254586442002666
-0.00271600659347603 -0.00356310541382746 0.200284963294769 0.0139779749675136
-0.00367804026584824 -0.00122726912096542 0.0780720889246293 -0.12981972296712
-0.00460337639939708 0.00957149055987787 -0.0862610585372319 0.0997806102600867
-0.00318411440335197 0.00319559498841266 -0.148265058330219 -0.00216823483060837
-0.00835072300394872 -0.00830323316000295 -0.151829551941515 -0.196180293419798
-0.00272014369657832 -0.0140304593490627 0.106590645037477 -0.318536563772257
0.00368818279922273 0.000487203500531045 0.423860033042421 -0.0390676303295113
0.00100313193803026 0.00508938204214524 0.259636885864827 0.351890784111215
-0.00757046645877491 0.00588718333083407 -0.0831718015317361 0.29551057324153
-0.00665474366562899 -0.0013565357549837 0.00680378302280512 0.0470302274381241
-0.00578459337458267 -0.000194466171196463 0.158889260193089 -0.227072541850215
0.00127281138056674 0.0139280789540789 -0.186331075079392 -0.443484466095532
0.00693073173741005 0.0116747909705811 -0.526617002176556 -0.0361731019261252
0.00758067689428836 -0.00354984580695355 -0.184215528157419 0.381806025320706
0.00150699259821365 -0.00930665086936371 0.165182100437759 0.252413301528975
-0.00225027204746731 -0.00537264047434519 0.201443383368316 0.0117924655531647
-0.00161536155987459 -0.00080293078511638 0.0788913960738039 -0.131333216538396
-0.00282629247265389 0.0100055527203058 -0.0852020004680347 0.0977887841474893
-0.00227889566376119 0.00258070722114384 -0.145984506005583 -0.00460069135259951
-0.00788299945289752 -0.00953713298474194 -0.147753427660469 -0.198677577078516
-0.00304644386794081 -0.0141173704033108 0.113633760704138 -0.314872651463728
0.00244664094862483 0.00026663764520251 0.424748910568487 -0.0272035217733359
0.00024511531817089 0.00397865881321084 0.254484967658573 0.35890791302284
-0.00779495786223436 0.00446830785049955 -0.0869634227262137 0.296020800696199
-0.00554029907832791 -0.0029110223482817 0.00664278094894372 0.0475668849327762
-0.00512138440779664 -0.00173127164863307 0.15664422725665 -0.226850713639284
0.000170388985171402 0.0129838840419158 -0.193471462217607 -0.436586142926446
0.00492727116360026 0.0114232831664622 -0.525981648784326 -0.0235610537011217
0.00623840668240136 -0.00397556071116553 -0.176342053986549 0.385896783452971
0.00209297327513847 -0.00954952723684427 0.17075544929982 0.249142980774075
-0.00101478311407663 -0.00626431286911204 0.203258487604092 0.00880845928139844
0.00118116177323176 -0.00117597648422082 0.0786123039254346 -0.132921858621279
-0.000248492736943276 0.00992015622299804 -0.0833962405483122 0.0964422402380485
-0.000723300158081998 0.00229543248464678 -0.143094480256782 -0.00743782351545677
-0.00614313130804948 -0.008896313075281 -0.142983317445012 -0.20169886337763
-0.00317950970708742 -0.0133100269074888 0.119584150979794 -0.311507323920367
0.00130515060594912 -0.0002455851997958 0.426659128147094 -0.0156604161006842
-0.00109059118317227 0.00169012424903921 0.246150738651399 0.366869903429865
-0.00737592058417014 0.00269002745831143 -0.0909349970991541 0.296406906536522
-0.00498497152302655 -0.00414525958996459 0.00751162143554024 0.0472690666468289
-0.00554770843401126 -0.00327688638816213 0.153034435880794 -0.228395745840586
-0.00132453214345727 0.0109950274718227 -0.202768482779152 -0.429116233359268
0.00338703753568825 0.0107155874804672 -0.52401359824103 -0.00900333478065758
0.00551030751702272 -0.00300555096078886 -0.166849473270944 0.389558958967351
0.00236128802569666 -0.00937810630372012 0.17629546870062 0.244901357805819
0.000340800235538905 -0.00568783157165798 0.204232794431091 0.00452447593833582
0.00320379496491706 -0.000707622483500436 0.0786877724757853 -0.134337155654844
0.00187169086011526 0.00990127610105217 -0.0820773618332541 0.095308719212016
0.00126422642673754 0.00295530886852474 -0.141168076995603 -0.00942236846725404
-0.00509207598069443 -0.00727768572803732 -0.139017679551581 -0.205613834260498
-0.00252794505451494 -0.0118031262764862 0.125935929541601 -0.308681083765678
-0.000103133085702711 -0.00179247588169137 0.428336076002949 -0.00538441037506732
-0.00198520066613271 -0.00116352754486665 0.239755341786011 0.372104767448236
-0.00664187594273765 0.000595096727448563 -0.0951686352463141 0.295605540132463
-0.00456619283158003 -0.00566135602120379 0.00747705471165311 0.046669395540168
-0.0053955494385829 -0.00490780567678736 0.149111069285058 -0.230592932032137
-0.00289254867696495 0.00814952226413328 -0.21147956909059 -0.42453436456001
0.000842828652811442 0.00976044736517012 -0.525467862814347 0.00334459995967349
0.00484295138109073 -0.00123450014178643 -0.158851568989201 0.392992234550984
0.00347985793380567 -0.00690464901270477 0.18031314750464 0.240579703222786
0.002456806311734 -0.00502370467565428 0.204822638272715 0.0012693507962036
0.00606055975916152 -0.000177480910087345 0.0804846217961652 -0.137156625791441
-0.00550174259340948 0.00808383410024763 -0.0827374520749928 0.10354728655369
-0.00182422623707087 0.00878356851814956 -0.147547314536359 0.00052565714351181
-0.00386587702067073 0.00357205017497249 -0.156781113276611 -0.192847510611759
0.00132154519188428 -0.00668552261780872 0.0980781346699712 -0.319780816252152
0.00375272919991995 -0.00347788297505562 0.415727641257769 -0.0523433134202098
0.00197396934084773 -0.000479824866413032 0.258566290179156 0.333054583735875
-0.00722739971064117 0.00524212938188903 -0.0783441342499174 0.285258157124398
-0.00788132850547552 -0.000779240102420167 0.00906325352788065 0.0420823512134547
-0.00539063153621472 -0.000971273285187554 0.156333824954899 -0.231152835570103
0.00107782940639434 0.00705960780994006 -0.188070305230034 -0.446019441374714
0.00440460159372074 0.00773369550551226 -0.520328263909483 -0.0412259663730817
0.0107849856008428 0.00388106325289889 -0.182177475920935 0.371643467297561
0.00565892494188349 0.00525695579515726 0.162615777586359 0.244525800832994
-0.00115748131132521 0.00197295683969855 0.197267720264603 0.00986016877930327
-0.00420509888568082 -0.00137543235399606 0.0772876167480256 -0.129842000404109
-0.0060416618381235 0.00807913693135385 -0.0833944345402654 0.103321636315285
-0.00337570604561529 0.00713190612054235 -0.148365398004117 0.0020795010083423
-0.00565618355928825 6.42904419740609E-05 -0.15750098424134 -0.19061758070179
0.000678490496510894 -0.00932611462574805 0.09549886762127 -0.319676513411657
0.00502836703129465 -0.00169760113308865 0.41419609660825 -0.0567615373443859
0.00279040977969135 0.00233722782125573 0.262696512813101 0.331346537234868
-0.00748317169614417 0.00675540615972625 -0.0762540804170474 0.286710983272833
-0.00833794866859752 -0.000175197865201941 0.00830595392696776 0.0432620820866123
-0.00542066844926547 -4.51421657041901E-05 0.158308489544055 -0.229084676596499
0.00193163432281267 0.00981095534321215 -0.18334366263224 -0.447293677221498
0.00604404508156141 0.00896688355901004 -0.51973896185339 -0.0463381834318046
0.00995157936185781 0.00206857200813109 -0.186076050044683 0.370013028919552
0.00388946140850277 0.00118781458918268 0.15969250507939 0.247262072737033
-0.00260239850796439 0.000219011347194163 0.197423194194168 0.0117974304001889
-0.00518750039367016 -0.00125872581222713 0.0771194266882495 -0.128593218002645
-0.00601649417495854 0.00847305712595109 -0.0846350583682024 0.102085191922837
-0.00379479237979294 0.00573368647164033 -0.148212542166184 0.00246701263103915
-0.00702170350713018 -0.00332204986510674 -0.157237261041984 -0.189246476758119
-0.000184833970275877 -0.0110811450766439 0.0950636314859129 -0.31795942257257
0.00532011989102093 -0.00042288040816027 0.415277110806273 -0.0549894718707793
0.00268174218198763 0.00407599368735167 0.265063695778708 0.331408049931385
-0.00743837876280289 0.0075196543598295 -0.0756064610211583 0.287802144612182
-0.00804334081564406 2.41779136880126E-05 0.007732297227947 0.0448140845980765
-0.00575644635799077 0.000850563209476374 0.158098594640206 -0.226688764274569
0.00226802584501564 0.0119634146361091 -0.181840764173732 -0.444713211026605
0.00708076353027931 0.0104436907608261 -0.519552684354765 -0.046295193850701
0.00927155075172762 -0.000567818922129302 -0.188025520810601 0.371164949816445
0.00267222716582952 -0.00318872565524041 0.16007370211196 0.248933309514877
-0.00280797866413249 -0.00205243053099071 0.196884028588701 0.0123705127462404
-0.00507042066479296 -0.00119940585276011 0.0765889054716299 -0.128819089635974
-0.00507988179274699 0.00901107185390478 -0.0853008172764255 0.101127830070551
-0.00341823465469958 0.00437253856498594 -0.147636349169034 0.000940344717668421
-0.00790676213490744 -0.00637813038450607 -0.154943638280712 -0.189800166472357
-0.00190287707576352 -0.0126916484423645 0.0981080473231298 -0.317674688939484
0.00405622606141578 0.000344594503161965 0.416329440767582 -0.0505845961515312
0.00206789611048841 0.00542987599201795 0.263188059985756 0.335321518845593
-0.00784020751444053 0.00664011887620004 -0.0768940876939956 0.290342993137866
-0.00732910706364472 -0.000714432219631127 0.00717791745940022 0.045513834926482
-0.00540327792632695 0.000822995264566905 0.157191134029646 -0.224555117847454
0.00187553807167665 0.0133211364582785 -0.182791136014915 -0.441587388874993
0.0076893903332855 0.011247418039234 -0.519946873766192 -0.0414942842019109
0.00840089370643452 -0.00228572500833643 -0.185424757549689 0.374541913301625
0.00168503983645055 -0.00660406092974137 0.161862426007932 0.248401046788065
-0.00324898638248475 -0.00376359568757156 0.197963620655969 0.0123707947703905
-0.00390510074193201 -0.00141495380153227 0.0766713654400169 -0.128584910215091
-0.00419262851131773 0.0093879736500113 -0.0843567418034019 0.100102131082003
-0.00360818958117926 0.003244122979909 -0.145763616190102 -0.00106100432732966
-0.00794173954754501 -0.0082771548182676 -0.151544410928274 -0.192409849678261
-0.0029851874485209 -0.0137500094417785 0.102264982329885 -0.314037597459368
0.00369907248748346 0.000588633162691387 0.417758550112511 -0.0423961686276005
0.000898401852323148 0.00517815129671945 0.25858776236377 0.34344824409235
-0.00787926665040461 0.00635227836765992 -0.0800768489957844 0.291204184272156
-0.00634975625053739 -0.00175100714253585 0.00692854899214092 0.0466108027558397
-0.00537177956230541 -0.000124573218837387 0.156104375353275 -0.224042230185255
0.00121584710891807 0.013084610186984 -0.187062256409943 -0.43559147283941
0.00700170490811243 0.0114516152691797 -0.519974006092518 -0.0337622294902227
0.00704150122349904 -0.0033312916002367 -0.178990135444181 0.377802152394485
0.00127330709572399 -0.00895825802556705 0.164541140503099 0.247655795195427
-0.00253799555311722 -0.00473248447358383 0.199501769012058 0.0103554389127181
-0.00114642572097938 -0.00109468399856677 0.0758608471558891 -0.130018516093362
-0.00227499734186327 0.00974463236679679 -0.0832173701319895 0.0975071810865692
-0.0018574813787868 0.00235537247555448 -0.143549636649853 -0.00364362389468592
-0.0070781156602586 -0.00936094985015261 -0.147714511089329 -0.194425433251863
-0.00337617323720549 -0.0138495008484877 0.108925176916089 -0.310975115691611
0.00258797280603961 0.000480082690107601 0.418107386410727 -0.030346881003077
8.30972971594107E-05 0.00381603327862498 0.25243813669508 0.352476540627289
-0.00743784943254325 0.00419174844199821 -0.0838804859421704 0.292612542998386
-0.00577407227365281 -0.00307151972192363 0.00727947729712405 0.0469380767759022
-0.00543629796044077 -0.00137192761175169 0.153437710273314 -0.224752002576746
0.000487711259145255 0.0125804727496623 -0.193317624333598 -0.428286502000247
0.00521854588617786 0.0114212465327907 -0.519495061563722 -0.0174671509495435
0.00620867704261748 -0.00377403446801166 -0.170371408218459 0.38261283858237
0.00110381159324183 -0.010063288340264 0.1702017051201 0.244712335636808
-0.000898389016007593 -0.00584689569360942 0.200213275119922 0.00701737453967786
0.000510835023142895 -0.00105845103720233 0.0767495527385415 -0.13163500476611
-3.50585092608331E-05 0.00975083913265147 -0.0818476628576005 0.0967104469335041
-0.00062642295640341 0.00201241270776722 -0.14112894340798 -0.0056898859373857
-0.00623209220803366 -0.00929138534669335 -0.142689285336668 -0.197485355606648
-0.00299760994492194 -0.0128595525777777 0.114518953870989 -0.308260220622291
0.000857524762481272 -0.000716780039470578 0.419292187731298 -0.0187539763303782
-0.000579128004371609 0.00141429166226172 0.245427012477659 0.359216298641739
-0.00733257420649763 0.00249907860043884 -0.0874871856877836 0.29185053719329
-0.00459693017143968 -0.00428658537652019 0.00755676025178325 0.0466250574412187
-0.00538750616526123 -0.00322718741122426 0.149181560140559 -0.226034500281917
-0.00131024438384689 0.0102315981614353 -0.203487789200093 -0.420561416338773
0.00322163955085227 0.0107598683591201 -0.517518619089825 -0.00538723543391012
0.00472797222422072 -0.00284874755968175 -0.161304407078737 0.38520817627506
0.00192681443403304 -0.00919859406380065 0.175218221981589 0.239324020692573
0.000331681053226368 -0.00564374730246005 0.201501344958406 0.00290839545608917
0.00333936054231474 -0.00087774341171838 0.0773152171175015 -0.133936101479796
0.00246591537012821 0.00957279231809797 -0.0808481007106623 0.0956526708051319
0.00111495811754455 0.00284801596656202 -0.138253346416856 -0.00867248084721636
-0.00491378498502154 -0.00752957467123741 -0.139149090616484 -0.201639134317144
-0.0028132959561383 -0.0111452496178189 0.121305811868324 -0.304981155701033
-0.000224837423944873 -0.00165999563920048 0.420442120653336 -0.00847211464968648
-0.00226828469764499 -0.000981944105845624 0.239099179841778 0.364704340450711
-0.00726857487476888 0.000431428101982802 -0.0923580008499481 0.291233032167881
-0.00448710074219927 -0.0053294233011844 0.00811063266492023 0.0465992727009712
-0.005924112920759 -0.00506043292524752 0.14590717836868 -0.227257105147291
-0.00281325991547819 0.00798537567742277 -0.210680639494337 -0.415648575823074
0.00116346298803241 0.00991534150120041 -0.516340998422024 0.00727297385102097
0.00508469874767195 -0.00131162599513253 -0.153922104160182 0.389063620963902
0.00370423326000695 -0.00703540223649453 0.179465357466555 0.235275870890888
0.00267954680036317 -0.00549873159841819 0.202909779371144 -0.00068178425261353
0.00546617652245426 -0.000894054749296226 0.0784555693802085 -0.136128049222491
-0.00511888198740576 0.00773224129895792 -0.080768144595913 0.103271313496224
-0.00175230063436774 0.00819502725458409 -0.144684133395626 0.0012982405045051
-0.00365595697959939 0.00363632278290298 -0.155623816202283 -0.189467686438782
0.00136150141837948 -0.00680287404464822 0.0951587844379373 -0.315465780781441
0.0039895521285717 -0.00294316633623884 0.409573966176144 -0.0532551583050082
0.00164068609979051 -0.000708178111391037 0.256704310447287 0.327308065573319
-0.00728779790286124 0.00513491633938073 -0.0755403804621963 0.280932886633393
-0.0076120210979418 -0.00112748698330921 0.00949073006085068 0.0413562048034087
-0.00494337392435284 -0.0010611365157827 0.154267743044361 -0.228548040325941
0.00146789311778612 0.00652274036100925 -0.18759825018365 -0.437896303894918
0.00475104225284778 0.00749486098956732 -0.51209843243712 -0.0383351151045646
0.0108326630777217 0.00379196814527892 -0.1782312000504 0.367024992848706
0.00555484775990407 0.00451896870415487 0.161723046989069 0.240305039864274
-0.00102416450580188 0.00184593574844135 0.194384398846447 0.00855203344978493
-0.00442023360063188 -0.000943397106354153 0.075576757962404 -0.128280504064978
-0.00576131177370979 0.0083956080532141 -0.0817942335707566 0.102859306423818
-0.00324051495422866 0.00700707216188217 -0.145796532278975 0.00301279546592589
-0.00533479794780791 0.00058541138565861 -0.156813237742959 -0.187496161087365
0.000336675994219936 -0.0085918974063321 0.0924963813106952 -0.315752226425764
0.0047346577313904 -0.00147733201776091 0.408475007812512 -0.0576886575314221
0.00286216520360564 0.0022110341394573 0.259701466567397 0.323886513211952
-0.00759016381868244 0.00631504640951603 -0.0738564906686989 0.282377216715248
-0.00769692961184367 -0.000201032441120647 0.00858912895083828 0.0429297418523347
-0.00520196938863357 0.00015421810316281 0.155419339899693 -0.225557860514299
0.00189803150157171 0.0096627008370047 -0.182211226438743 -0.439648453069633
0.00670814697647626 0.00884092633346327 -0.51279471624836 -0.0440156540934831
0.0101110510326699 0.00160351058423234 -0.182252127344556 0.366744895298157
0.00383635099805465 0.000604732695652122 0.158980700948612 0.24371479411241
-0.00237328557075786 0.000173955696349491 0.194128527330721 0.010038767673965
-0.00500763109111067 -0.00120589082439991 0.0752917834857738 -0.127582197090333
-0.00587882388296075 0.00856520619738164 -0.0829946894854661 0.102258846430025
-0.00383756088260519 0.00515065083434742 -0.145668556231513 0.00302317974480062
-0.00684976748887027 -0.00312651406833397 -0.156261772203329 -0.186388557497462
-0.000656681155461664 -0.0109739971353869 0.0921885483266988 -0.314064422193719
0.00499500049170079 -0.000701144184249014 0.408912127840166 -0.0557109204092344
0.00264827931902105 0.00371553538543212 0.261921257379113 0.326720627395149
-0.00776045200763365 0.007274204759329 -0.0736132044766956 0.283895338259404
-0.00773576463390707 -6.08871008203862E-05 0.00758060124550701 0.0442119624364314
-0.00549171233138066 0.000571159601281725 0.155186998378056 -0.223423874524431
0.00205502949389748 0.0115695495636584 -0.181658173580602 -0.438978225099939
0.00708008940950641 0.0101315039820949 -0.513059111292212 -0.0436136010712013
0.00923828363338648 -0.000829806609362512 -0.183124123755674 0.367065382420212
0.00225813455543179 -0.00328085841528074 0.15874735530251 0.244886746888215
-0.00343665725879954 -0.00211935865593396 0.194663767612579 0.0105549556384095
-0.00457718367241541 -0.00140998189072213 0.0748047401057314 -0.128028730956085
-0.00500845262098395 0.00908702489975424 -0.0829131088028914 0.101131434793724
-0.00381737314503861 0.00368433835045515 -0.145055001860058 0.00145373960480304
-0.00759750730911744 -0.00601267600256547 -0.154601548333855 -0.186489451619405
-0.00193932397954403 -0.0122198295624092 0.0940205957060782 -0.311882993420905
0.00462721017126521 0.000244979018903833 0.409939821126729 -0.0510225362965083
0.00217461497078787 0.00479270609344262 0.25962782764479 0.330537784153464
-0.00773997627349799 0.00671882405064487 -0.0743277535405348 0.286230510958092
-0.00686262816436051 -0.000713333090997206 0.00773246366198789 0.0455966785272132
-0.00549879077094809 0.000366323157726361 0.154819532747343 -0.221752655528662
0.00201099723483027 0.0127816321774572 -0.181769044792009 -0.433694543316073
0.0075552513790699 0.0108228177662037 -0.513165266178833 -0.0386646453665414
0.00824024019052653 -0.00224365294204992 -0.181439673107216 0.370271077626211
0.00124583333616013 -0.0068258482405818 0.160462767218074 0.245475765690025
-0.0029216624822428 -0.00352091440134161 0.194748060379246 0.0103074493991737
-0.0035818384284077 -0.00109828737976159 0.0747225562902937 -0.128084631602368
-0.00383202831528005 0.00971941807715006 -0.0825838130588909 0.099505455238933
-0.00288089857523128 0.00289922156874745 -0.14354161138942 7.02725348043154E-05
-0.00793874959917615 -0.00815995792317931 -0.151300461572899 -0.18848798698157
-0.00295281101361142 -0.0133426121289198 0.0994997963297156 -0.310258061732985
0.00366210480711628 0.00023032138669149 0.410962416028432 -0.0431857050942528
0.00117912045208136 0.00503149612542638 0.256492726796057 0.337877045500163
-0.00772234141765839 0.00612396242404682 -0.0774804024641515 0.28721788045737
-0.00640925443924934 -0.0014362472458144 0.00726674533003492 0.0465900171275916
-0.00539345003965779 -0.000321483094920465 0.152953016891427 -0.22174799568232
0.00148345500028313 0.0131842900288871 -0.186248623655771 -0.428160473165869
0.00667345713032254 0.0117384365666108 -0.512854746249136 -0.0299653576723856
0.00699392167808656 -0.00364652892595296 -0.175290088561499 0.373536122795196
0.000797676934909866 -0.00912106728582835 0.163902495461706 0.242985715730582
-0.00265691318460846 -0.00468925134377652 0.196563871215664 0.0089119000304487
-0.00166475237873982 -0.001048236519846 0.0747409822610318 -0.129738767242267
-0.00164536243810221 0.00954311482494435 -0.0817968834589912 0.0974591618207555
-0.00205938374823163 0.002203220757962 -0.140713555516025 -0.00246682032722056
-0.00715769012015401 -0.00977130625153648 -0.146894715822141 -0.191057984612078
-0.00307640305290444 -0.0137642434598234 0.106295301529572 -0.306732466118857
0.00266980263448595 0.000179074345650151 0.412091751189947 -0.0317470047326927
0.000419215219546016 0.00380309674543873 0.249258759308239 0.345759650054164
-0.00748642594474861 0.00427833830095481 -0.081562729295917 0.287278933371346
-0.00570302053993529 -0.00278651254000381 0.00688783293724752 0.0461118759495375
-0.00523395271890488 -0.00189874331459124 0.150168295837725 -0.221658348196793
0.000375116147370441 0.0121170439132808 -0.193524679096519 -0.421656410268477
0.00495731066686816 0.0109357475312264 -0.510599395278061 -0.0167208165721045
0.00631616229733994 -0.00383345051920624 -0.166997066939913 0.377801927892855
0.00138601355510054 -0.0100892727601819 0.169189075389027 0.239930644906845
-0.00112303402180083 -0.00595670074604855 0.197824336471521 0.00584096575429052
0.00108506033600357 -0.000787008828997897 0.07530529663251 -0.130454212874832
-6.28044701426007E-05 0.00905628636602318 -0.079626139464256 0.0966671068294074
-0.000565878764301033 0.00206010248626409 -0.138646951321996 -0.00500853896971357
-0.00572167142312818 -0.00916005538571055 -0.142111149804821 -0.194750611499894
-0.00326208444159978 -0.0129952749773608 0.111566453830149 -0.303977816752829
0.00133359275912415 -0.000812414578502659 0.41336219878085 -0.0207136878262459
-0.00106053261055263 0.0011123801551712 0.24415253434593 0.352939025131353
-0.00765792927210195 0.00221152314565494 -0.0853967053107045 0.28769595906231
-0.00495103676495658 -0.00416301396911244 0.00789783720345316 0.0462021559265336
-0.0055862531001049 -0.00284616941472043 0.146455365726931 -0.222667975309361
-0.00116590428456532 0.0105104526154991 -0.201233369750731 -0.414402750497404
0.00327453604462535 0.0107741747354918 -0.510457833316222 -0.00244618954147878
0.00490624798555978 -0.00308111073796624 -0.157885114127454 0.381405673526743
0.00237698916848938 -0.00941295432623344 0.17407775780646 0.23593543434233
0.00011588453279046 -0.00568503480025592 0.198858524056906 0.00261714368285755
0.00353810122228866 -0.000770158140282085 0.0755130695003316 -0.132124811682456
0.00181054973142228 0.00935510182953782 -0.0786102146179391 0.095513489290167
0.00102735843229603 0.00225606782723324 -0.135666564001882 -0.00756198088238596
-0.00477796985656126 -0.00726052001213746 -0.137703595525902 -0.19772304387585
-0.00262421918205816 -0.0109771355006861 0.118142185967464 -0.301677027723181
-0.000551336227035098 -0.00173988154566503 0.414986771823497 -0.0100005217709433
-0.00215116139042136 -0.000985937165056107 0.23768441884073 0.358479856431602
-0.0072686294767679 -7.14857333191671E-05 -0.0898761754251071 0.287281839233421
-0.00450945938295471 -0.00551760560643435 0.00849576498055814 0.0458662032015618
-0.00574725723511262 -0.00470604681574378 0.143666276645876 -0.224783444772487
-0.00230707576549425 0.00796145602894433 -0.20911869100628 -0.409281711925106
0.000957833884713081 0.0096835011133912 -0.509471014224199 0.00955365728712085
0.00507085503909983 -0.00146409124284255 -0.149407220710036 0.383876219254189
0.00389785884262404 -0.00715047427097479 0.178099622876469 0.231394493874389
0.00263255825577595 -0.00513367536374789 0.200079353831575 -0.00175985065907636
0.00551794366435558 6.2838474022389E-05 0.0766936419809312 -0.135005461115841
-0.00465776279439182 0.00748227467145856 -0.0791360437027208 0.103164351087076
-0.00146631806178971 0.00794898907122487 -0.142924924953501 0.00140018832435704
-0.00353607907151632 0.00328992816754334 -0.154290439178947 -0.186086285799141
0.00145027323174632 -0.00654406019623085 0.0931707558472465 -0.310315794714462
0.00389539980021658 -0.00303669615116687 0.403528202960288 -0.0531895890804916
0.00170713966682298 -0.000516855364786002 0.253500247848621 0.32329514101029
-0.00812951164811651 0.00519238485801687 -0.0745175329119734 0.27713963759808
-0.00812198686020473 -0.000729566293011409 0.00916013665096331 0.0414966266563581
-0.00491501388014166 -0.0012237989019655 0.151490281406973 -0.225736584119161
0.000790158088900112 0.0060235373754387 -0.186360942896727 -0.432135204377893
0.0048858163591345 0.00748103740827736 -0.505819280571032 -0.0379791966346052
0.0105085213179168 0.00368801568570303 -0.175165769982058 0.362719143899023
0.00586719274825954 0.00463498742478454 0.160054036453489 0.236713399454445
-0.000987519232617152 0.00209070434604749 0.192524384205457 0.0074142187535451
-0.00416772790633721 -0.00121672762978413 0.0747801455046455 -0.127313530635114
-0.00542140011779818 0.0075360607479682 -0.0808185985401421 0.102793915175572
-0.00278031220345948 0.00661441777875848 -0.143856678596878 0.00346817325804201
-0.00555155269473141 0.000138743233158654 -0.155210491350333 -0.183341108352413
0.000566048749241888 -0.0085912054014505 0.0898145680378808 -0.310974208150672
0.00488432992898078 -0.00167124216642773 0.402791602746793 -0.0573875942410715
0.00219915009982534 0.00206673394012029 0.257075394324371 0.31909190874445
-0.00773177215281681 0.00631107241962772 -0.0724801769270021 0.278477688216226
-0.00784899809564485 -0.000163059254605709 0.00875528759368933 0.0424650284978634
-0.00503752197761667 0.000297535508282072 0.153673916896059 -0.222258487210306
0.00109539225087383 0.00913227346251687 -0.178799606834647 -0.433432806881262
0.00616196768085497 0.00894139648060639 -0.506193213674186 -0.0415523455624755
0.00954737343608976 0.00110344189077987 -0.178775131713812 0.362252377424394
0.0036479974458148 0.00069656801447208 0.157215337286931 0.239635106262042
-0.00251542500615715 0.000120305994489318 0.192022101022859 0.00955452498542089
-0.00495192394902146 -0.00100121070746379 0.0742952248017207 -0.12678116821055
-0.00540853858811456 0.00819177974818517 -0.0813442863878718 0.102312753794346
-0.00357203389024907 0.0048866994482307 -0.143818466388537 0.00267715895317576
-0.00669365443820015 -0.00295163130976128 -0.155361072022169 -0.183048112504126
-0.0008634473638188 -0.0108731920123759 0.0901877707143404 -0.309529376265521
0.00524793838478608 -0.000195146226883244 0.403352002299197 -0.0568547392091385
0.00238519332660649 0.00398803558042714 0.258973587360172 0.320437070209088
-0.00812299416078202 0.00721105078296578 -0.0715118813335739 0.280051272111156
-0.00776653292049318 -0.000155916053133028 0.00804074975650909 0.0437219449355872
-0.00571562545887864 0.000735264647614009 0.153724127106674 -0.220268781920768
0.00209928009718323 0.0110887450438438 -0.179288751856388 -0.431748346212459
0.00732589656819631 0.0103518130336236 -0.50654774578457 -0.0415313116902743
0.00920192582834818 -0.000792681115174008 -0.179489429884041 0.362436237445316
0.00200474446030721 -0.00332296687249292 0.157682718658334 0.241063654552088
-0.00316678501902574 -0.00170207726120436 0.192015370361845 0.0105611860104464
-0.00478412039021335 -0.00132322773831877 0.0741937771956227 -0.125908318176045
-0.00479096166377716 0.00882134699106779 -0.0813856039939828 0.100780452882811
-0.00359562343043245 0.00377010782397691 -0.142655349541471 0.00250127919732129
-0.00789356582407767 -0.00607225221717678 -0.153201804348396 -0.183285449560558
-0.00202292216814798 -0.0125898057158558 0.0916264226016472 -0.308373837922957
0.00464351021961261 0.000471402262814536 0.404620607995102 -0.0523364283986976
0.00205875908917542 0.00504452364361435 0.256888575179556 0.325043706935206
-0.0075796478054085 0.0068250394848683 -0.073000798898093 0.282015881076548
-0.00681697273142054 -0.000515199758279443 0.0075308323819844 0.0450591021445788
-0.00572650838047181 0.000549538552010378 0.152658239259593 -0.219051416818685
0.00186541830138918 0.0123889601057904 -0.179887495927271 -0.42827600439535
0.00795930025045153 0.0112408038601396 -0.50536779074155 -0.0374948900907319
0.0080852872644472 -0.00282307749874457 -0.177299615752817 0.365798034008922
0.00119477018712889 -0.00663174784426849 0.159064564032103 0.241696936637953
-0.0030165446927781 -0.00343993266621662 0.192948965580405 0.00967266643674512
-0.00329166682690824 -0.000960305434568673 0.073662844750241 -0.126977576992344
-0.00346095091212045 0.00904283839244335 -0.0817755256282249 0.099374889050356
-0.00298952658816504 0.00245654162235607 -0.141754009105616 6.54019973438786E-05
-0.00762861881670515 -0.00814894578911131 -0.14976680503608 -0.185537181840261
-0.00296716393390204 -0.0132071578829543 0.096506286098097 -0.305898137584648
0.00369859297275528 0.000507739774851607 0.405625962362574 -0.043198501179149
0.00139744987781855 0.00474662413502597 0.253790467554635 0.332587427430436
-0.00800933136418714 0.00591298617922652 -0.0761170523165454 0.283053140719667
-0.0063562683095746 -0.00138309471253371 0.00717908266481534 0.0454611298529765
-0.00489410277527493 -0.000412522645489826 0.15039745830101 -0.218408223219885
0.00134894301042551 0.0125269199583261 -0.183870009578481 -0.421918421211492
0.00626304101479692 0.0109150095915391 -0.505513478215031 -0.0279480426256115
0.00674179065560698 -0.00350936844924264 -0.172067620996611 0.36821731749158
0.000983674364502962 -0.00881864053677533 0.162549638475726 0.239696375026954
-0.00282886880960375 -0.00523337966424376 0.194425252433053 0.00785633313612737
-0.00162163237572617 -0.00130624321615453 0.0736700400388288 -0.128146133980677
-0.00125199957744887 0.00904761927042753 -0.0800524615783644 0.0976685129617577
-0.00162409148052399 0.0019375363213919 -0.1387852960676 -0.00202891243317959
-0.00728242185156774 -0.00916731559951313 -0.145302729399226 -0.188684509805936
-0.00334528973549664 -0.013584019234186 0.103642355081669 -0.302797775460234
0.00256628579675353 0.000444387987412234 0.405736018838099 -0.0319773520840715
0.000160864026176292 0.00357237361691071 0.247480293846192 0.338618503211118
-0.0074356852162299 0.0045105794471016 -0.080175590288414 0.283570115161664
-0.0055770783608751 -0.00273232371544667 0.00742896734062025 0.0459456145008172
-0.00545516331220297 -0.00162055759315695 0.147629230601517 -0.217768763579632
0.000408633235662551 0.0123830266381904 -0.191580759743965 -0.415959196451727
0.00504989809911859 0.0113043873152086 -0.504802085698952 -0.014716173769906
0.00596078061279337 -0.00393245391419144 -0.164300034185411 0.373236279241227
0.00118956914890931 -0.00973944531919462 0.166776885757283 0.236127971990157
-0.0012045735878502 -0.00581853474606083 0.195490286533391 0.00480736208459161
0.000513951091068123 -0.000511716830657004 0.0742441914759675 -0.130045684405668
4.61494806328366E-05 0.0092910614701011 -0.0784861407135169 0.0960630179574448
-0.000469430120563648 0.00161892325090199 -0.136320686310838 -0.00510737340532367
-0.00603410243481836 -0.0090079041704635 -0.141152796461763 -0.191943116507991
-0.0030250981112143 -0.0124582007368964 0.109147700119344 -0.299283318850774
0.00128198811800539 -0.000205046851072481 0.407316645665995 -0.020365756025001
-0.00090998703234078 0.00162823149310847 0.240568055301224 0.347998693796296
-0.00796999266924901 0.00242900215313237 -0.0842147806877009 0.282790071129243
-0.00465221912581163 -0.00407365714549143 0.00765313324782344 0.0457189445523788
-0.00539295848211803 -0.00307948498712263 0.144044999548763 -0.219545442504242
-0.00105363259390582 0.0102788048755786 -0.200055867944967 -0.408069677192946
0.0029689448024979 0.0102670930156275 -0.503393639779013 -0.00114306100435125
0.00508005851365553 -0.00325567952459234 -0.155050746845477 0.376715671137969
0.00222663479745404 -0.00908329675025289 0.171738554422215 0.2324713576826
0.000378122985300899 -0.00574312048506822 0.196619379366761 0.00108279415057802
0.00350170933859954 -0.00102059121683027 0.0749138411240157 -0.131783954151352
0.00271915553954743 0.00920874956133797 -0.0773803081062154 0.0952637669446983
0.0013582815987275 0.00203805302617706 -0.133833358520469 -0.00712847598430069
-0.00478754908384446 -0.00716062383742914 -0.13726338991292 -0.195171217441886
-0.00240433325653033 -0.0111209087785558 0.11564838750998 -0.297670980551977
-0.000329081265188593 -0.00132573853327717 0.408577231841386 -0.0107978638845993
-0.00201395647402019 -0.000906414980628156 0.234353711157995 0.354291972607561
-0.00738741257500229 -3.41802968426494E-05 -0.0882638217582754 0.283349664490368
-0.00450579698723831 -0.00509725224776165 0.00836447872849985 0.0453249423757118
-0.00541807445523944 -0.00491287376801475 0.141266091719347 -0.22088674481016
-0.00249883274005267 0.00722094907858097 -0.207224794174114 -0.404122460713471
0.000610364756181021 0.00958586960897583 -0.502257781121123 0.0115690773440938
0.00483944499211777 -0.00156887119206187 -0.147699660972824 0.378745845471897
0.00364812081119356 -0.00734326101893015 0.176210555874582 0.228229003839197
0.00215922312480075 -0.00463032794956871 0.197553258323814 -0.00261744693384498
0.00526960351254769 -0.000791266526847066 0.0754682205414487 -0.133841511856744
-0.00480795756694944 0.0078042336030635 -0.078376528398249 0.101899127375836
-0.00143230154994589 0.00780670132749683 -0.140804892837796 0.00164435261737452
-0.00362327050326688 0.00310100237564192 -0.152612961971442 -0.184228756034413
0.0014289767410138 -0.00603620026304627 0.0921517427921135 -0.307103542473992
0.00366336646465344 -0.002903858754225 0.398203407861372 -0.0522099301398107
0.00167001202975557 -0.000877954449192144 0.24961929343092 0.318281446886819
-0.00776391355957479 0.00469342674470825 -0.0736084887264866 0.273019186386732
-0.00782819210669471 -0.00123912604661877 0.00912459543837808 0.04111356100396
-0.00488485511130802 -0.00110381638690916 0.150628885327594 -0.221849517301856
0.00137555957042703 0.00635861814877052 -0.182893139222357 -0.427456732305524
0.00492232131948558 0.00742593516110272 -0.500250655182061 -0.0368335157614004
0.00998425582989329 0.00371432240912225 -0.172804633236597 0.358515778706976
0.00555303705625528 0.00442841876447912 0.157956826168238 0.234204210765758
-0.00115608916479842 0.0017897280428036 0.190467004970535 0.00726482395462031
-0.00382510127601164 -0.00124739202311148 0.07404397142908 -0.126583018181528
-0.00532345215988153 0.00789420793791829 -0.0793666400161421 0.102539948215435
-0.00255624115359033 0.00614707583173255 -0.142266997353896 0.00328351123237513
-0.00507671862155902 -0.000225282482916315 -0.154153126604166 -0.181927242339977
0.000164904918955392 -0.00867416117011023 0.0881999038327067 -0.306589406942686
0.00517417631941849 -0.0016634297040748 0.397160795390075 -0.055978309607014
0.00259284584607926 0.00212582115069555 0.254036168201249 0.315301354975026
-0.00791208116423758 0.00618484201805091 -0.0721401457675554 0.274317876426426
-0.00753975768211503 -0.000170075045114102 0.00825788755220314 0.0424934350949003
-0.00488372282912769 -0.000291452027129802 0.152527600827965 -0.219264181178461
0.00206073713092398 0.00912275633233449 -0.176693398973395 -0.428055213607978
0.00597383996374078 0.00869835055046901 -0.499965659866454 -0.0401757836349834
0.0095687375629732 0.00148644716953994 -0.176617016803991 0.357059586569203
0.00395770321673661 0.00030773741376354 0.154976573086532 0.236478719018231
-0.00274236764022364 0.000136449063836037 0.189847771829823 0.00908468387757446
-0.00506246872511539 -0.000389102253332811 0.0736437972218986 -0.125603038819382
-0.00509709553036625 0.00799228386128089 -0.0797622720666241 0.101405904675431
-0.00310877095622889 0.00451827143405946 -0.142033713332875 0.00279219367286798
-0.00686569726784147 -0.00338765691928724 -0.153071405037089 -0.180475399795097
-0.000579560499170202 -0.0105784105878728 0.0880636883903971 -0.305261274014152
0.00531016108847851 -0.00054118894345446 0.397958093380655 -0.0559125865981442
0.00239459721006856 0.00390391162800525 0.254972086156128 0.316516570317658
-0.00797000184609076 0.00714290340439368 -0.0718155344109857 0.275062317203193
-0.00713757244874188 -0.000224067191189544 0.0078143865645974 0.0436779302542895
-0.0053201049470322 0.00059871739193978 0.152151681429797 -0.217342244764771
0.00155944797083667 0.0111531406948957 -0.176326811260147 -0.426004368123045
0.00749194051214848 0.01007841934453 -0.498813744884664 -0.0407281680044588
0.00876677008956449 -0.000442209866688285 -0.17827201232263 0.358305776783555
0.00225025727219837 -0.00384359673323803 0.155459893756259 0.238121503384463
-0.00302898226642661 -0.00165152512357986 0.190156917056734 0.00967146558181669
-0.00469844483342885 -0.00108554360283541 0.0723603964942784 -0.125210641131198
-0.00407126862899283 0.00874829683064142 -0.0805707947700836 0.100181498435015
-0.00380706757656623 0.00354289308405548 -0.140714981787271 0.00190039030611293
-0.00724124568155921 -0.00599231147435 -0.151278680382959 -0.180998727157297
-0.00207883119883758 -0.0123383296091755 0.0911118274753872 -0.303820797263699
0.00474233957434105 0.000216400683214417 0.398673878294503 -0.05147972551797
0.00209108185106881 0.00521693116806539 0.252720165812653 0.3211768186673
-0.0081586791903182 0.00637715363252759 -0.072983072411391 0.278689403351068
-0.00651723358916442 -0.000814018814571771 0.00692080098995512 0.0447140686495828
-0.0053127982926605 0.000426415736042403 0.151122159104555 -0.215287369864386
0.00187417151432583 0.0121145343717089 -0.177152631086416 -0.422673797408162
0.00736605278752187 0.0110734359836418 -0.50106028725706 -0.0364113766216447
0.00782093363538399 -0.00265302369612792 -0.175713521071849 0.36138369212019
0.00129827036639177 -0.0066649312367832 0.157567479076734 0.238468467748339
-0.0029684279840575 -0.00371423298793894 0.191166470619627 0.00928417039225939
-0.00334845654301363 -0.00126604049010328 0.0727687900199079 -0.125883772300872
-0.00307539471378124 0.00878852558395359 -0.079660753513593 0.0987611213874967
-0.00308124386140419 0.00240594870168871 -0.138979262873848 0.000475861337085581
-0.00757925190099787 -0.00813234167914622 -0.148575755955717 -0.18315988396924
-0.00324859897952156 -0.0130822124559295 0.0950692167246379 -0.301742733239832
0.00399949245086912 0.00051965650127561 0.400389125749028 -0.0421848694800197
0.00141655022730519 0.00476161225078978 0.249614700871007 0.32864024657245
-0.00797343309727111 0.00597452210164261 -0.0754973168530451 0.279160089415106
-0.00596297133364019 -0.00149550981683598 0.00746740358157204 0.0453700102911387
-0.00541292975073066 -0.000346426704081168 0.149489026121197 -0.21516531356217
0.00127372850124153 0.0125947601706313 -0.180207485677951 -0.417592631852664
0.00666449800949664 0.0107716983687276 -0.499939023780741 -0.0278054925803242
0.00673871612258571 -0.00349256326077731 -0.169810912770362 0.364177124922811
0.000986256531326945 -0.00915586665317096 0.160436577283395 0.237287052954663
-0.00240095765516467 -0.00488672817097696 0.192370252989898 0.00772819396470243
-0.00141868919760113 -0.00121788668940108 0.0731710559071245 -0.126616695102284
-0.00109686717407511 0.00910568347627148 -0.0791494273069293 0.0972129078689223
-0.00182931445630119 0.00176284201496329 -0.137071847478197 -0.00210857745120359
-0.00679150809274456 -0.0097327228517538 -0.143909710122036 -0.185976122929468
-0.00342579871085148 -0.0128017324013027 0.101538999911383 -0.297993241503127
0.0027335749901077 0.000450875001344421 0.402103853704003 -0.0309881210631238
0.000438102214490381 0.00379713427106703 0.243385293654981 0.335703344935437
-0.00829613193651751 0.00372831795673418 -0.0796591754918372 0.278895499065337
-0.00584628198017145 -0.00297063014272046 0.0075500489865536 0.0453705519365705
-0.00546644530393738 -0.00164368170650373 0.146069589195781 -0.215079616163162
0.000509591333654779 0.0112409441926914 -0.188000249455327 -0.411066154108403
0.00562850455495952 0.0108978527325152 -0.498236376220628 -0.015346188832899
0.00527519838320363 -0.00388209111490518 -0.162881027603267 0.369273447185216
0.000851738361950634 -0.009900033913655 0.16528200407919 0.23308401763252
-0.00136831561167034 -0.00564728635549185 0.193277537306089 0.00470752229326447
0.000467910427998817 -0.00104677679408013 0.0733921969835181 -0.12835687594555
0.00061951739746259 0.00966501501658968 -0.0775722147508969 0.0964102956980138
-0.00083768185514377 0.00155622119769359 -0.134530021044483 -0.00473338915864821
-0.00629920866359028 -0.00870811244822173 -0.139596319262068 -0.189155221348799
-0.00332732376496835 -0.0123914992346862 0.10706767939007 -0.296241374867372
0.00100407875165801 -0.000162219778271003 0.403486277709611 -0.0195457628911277
-0.00103418114441851 0.0018513294922196 0.236347190998264 0.343004901129298
-0.00833492396279004 0.00241940814944054 -0.0834481927612347 0.27909607283482
-0.0051145856496549 -0.00372817048198442 0.00797149619499167 0.0451580713489381
-0.00533002797370881 -0.00350311495230978 0.14359618128896 -0.215863552404148
-0.00115873278508659 0.00950340734826425 -0.196235032307894 -0.403755464137669
0.00304178842785473 0.0104836288835281 -0.497094951644969 -0.000978247786280543
0.00512444654241054 -0.00318420084322719 -0.153568575746428 0.372178901339068
0.00199593197038579 -0.00906762481632488 0.170227517081162 0.229479102564721
0.000300110933286256 -0.00591114307510076 0.19409056529312 0.000680010304886723
0.00360862699579975 -0.000418153026147048 0.0738357215441886 -0.129845466263157
0.00244174478417029 0.00898120713327255 -0.0756687807938865 0.0950029434073776
0.000927083398212526 0.00179142669152526 -0.132346579533066 -0.00691482595819785
-0.0042838208754058 -0.00730367585114707 -0.135535005989858 -0.19291082855495
-0.00218813292151935 -0.0110816798289577 0.114143402073316 -0.293234623971905
0.000139536067155945 -0.00170583770102661 0.403999688401989 -0.0106206829488127
-0.00181653150496405 -0.00107528052923967 0.231183469554822 0.348814500489709
-0.00793015223002812 0.00017577325052591 -0.08691266377496 0.278723891863287
-0.0043538473517673 -0.00547437237535801 0.00793233931192393 0.0449234276904497
-0.00566237759245487 -0.00491932027061038 0.139630839858135 -0.217925197171125
-0.00256466083272553 0.0074790286896377 -0.204157205580534 -0.398776256962867
0.00152278214716863 0.00933806119721242 -0.495866898089556 0.011088150617531
0.00478954755764783 -0.0014239566031034 -0.145524990824262 0.374572556112982
0.00335808614830801 -0.00773975226375617 0.174576212162248 0.225513170675697
0.00207832587705258 -0.00507939433383415 0.195909007676462 -0.00213850613039225
0.00528155713293785 -0.000498618206233489 0.0748348306124279 -0.131945578698568
-0.00450973718349607 0.00702463541921455 -0.0771378068448116 0.101757097638049
-0.0018197149174585 0.00743541382382738 -0.139042935620237 0.00155331730894663
-0.00306227137935767 0.0034135670863701 -0.151334110373811 -0.182196453490956
0.00129952834173891 -0.0061541032164333 0.0906079529446971 -0.302847558004702
0.003611954747097 -0.00318904083154875 0.393578454511612 -0.0510996658008139
0.00174123066522346 -0.000698301538464357 0.244870996253945 0.316182610317196
-0.00837097579612571 0.00457970334759829 -0.0740132506003618 0.269397309846775
-0.00773307252077419 -0.000765081702034824 0.00952295493499196 0.0407051120767857
-0.00491339744865357 -0.00145310141887875 0.149477155237609 -0.218504952919962
0.000622979982855466 0.00563769953554156 -0.179888280784111 -0.423299382436227
0.00478189765192522 0.0070547441005805 -0.495518201853059 -0.0373668178763003
0.0106224181611383 0.00377105030742332 -0.1719028201405 0.354661689915616
0.00516039686383158 0.00413584794550947 0.155671411726969 0.231526106931603
-0.00156015927343088 0.00212858262633251 0.188810891027765 0.00759995494147346
-0.00424359375030539 -0.000648799046204446 0.0733392922426946 -0.125502652208261
-0.00483841514509457 0.00730875015738758 -0.0783098183745122 0.101826451199969
-0.00255736852523468 0.00615362311256975 -0.140550661828931 0.00242132334126964
-0.00485557308513685 -7.04229015296969E-05 -0.151622958118423 -0.180147892556549
0.000503346581178613 -0.0079291433753977 0.087859588321037 -0.302806107811948
0.00467254994201249 -0.00165357343006722 0.39245499150099 -0.0546850170847513
0.00218977571264252 0.00219936939553321 0.249168976691913 0.312362489169872
-0.00808781584762902 0.00618772258454459 -0.0718730697798806 0.270695836875321
-0.00748142567635273 -0.000173537181404082 0.00847277231430265 0.0420385414004995
-0.00512326105687182 -0.000314997633706051 0.151239688230025 -0.215367342411805
0.00154114545229565 0.00863209517615476 -0.174181761486262 -0.423111732404532
0.00615866792432368 0.00878378224288344 -0.49409579925919 -0.0430573768642769
0.00929338766664593 0.00087130620777286 -0.175616839306919 0.354593081971618
0.00355979350141505 0.000521606584542206 0.153076692169029 0.235421294839848
-0.00218183250457489 3.82700732201044E-05 0.18788640361133 0.00976228679613246
-0.00475971185179869 -0.00125929721528153 0.072681267930669 -0.124751163881151
-0.00510720883350398 0.0078646714231256 -0.079272074012313 0.10099406118845
-0.00372261048012696 0.00477774821562406 -0.139372814064375 0.00252325091911709
-0.0061968881734833 -0.00328605474921198 -0.152036529516486 -0.178365710887278
-0.000518351902608753 -0.0101640824532952 0.087919095985461 -0.301107306774415
0.00523207403717074 -0.000238859717439292 0.393372454215451 -0.0544499976844493
0.0025996888315213 0.00378175619102242 0.251235645845767 0.314126640251978
-0.00837495301465065 0.00671291709650614 -0.0717727495707505 0.272030340238529
-0.00703320620267327 -0.000312790248653711 0.00787351547879934 0.0430940641832337
-0.00547894250094683 0.000534021232201892 0.151146695270663 -0.213933978248367
0.00207456091940126 0.0105317649613459 -0.172481115789234 -0.422214312393905
0.00700042754476153 0.00981449952848125 -0.49423406689986 -0.0424110283343744
0.00880421515243014 -0.00104326943307798 -0.176873390108096 0.355081385401912
0.00238691121110245 -0.00354106418210149 0.153100037146586 0.236335193365177
-0.00294182111787195 -0.00183536156976245 0.188581508877071 0.0103240332884862
-0.00503206188152888 -0.00130085292356232 0.0724339559967436 -0.124120880448988
-0.00427247863563192 0.00839426090169017 -0.0795637471545763 0.0999332228045886
-0.00358602035065054 0.00291762360360055 -0.139359159296443 0.00190538976581275
-0.0069893473533929 -0.00598841432274597 -0.149595068209345 -0.179974517102165
-0.00182402156913756 -0.0120967357992753 0.0901172519971037 -0.300488703495671
0.00476857423486416 -0.000155151194950233 0.394567277609065 -0.0503041050697141
0.00204977565119489 0.0052832637712242 0.24988775929679 0.318811739076705
-0.00822189425445735 0.00653171801192826 -0.0727575123259766 0.273749154503337
-0.00664112144284029 -0.000669495033644749 0.00719026480754493 0.0444128533021882
-0.00541197592891697 0.000332039104236469 0.150627815583988 -0.212325731347135
0.0017204161364516 0.0120899231680766 -0.174239046750257 -0.418689617380558
0.00719901709852813 0.0107498541969159 -0.494551585153602 -0.0383416243488474
0.00762368816469559 -0.0026525990010446 -0.174849874138859 0.358204129871998
0.00119926829851047 -0.00704214749195718 0.155206647057194 0.236634207236523
-0.00334852093594581 -0.00338289502243433 0.18958384315365 0.00950972187156354
-0.00353115109387888 -0.00123291952382174 0.0724449613088306 -0.124506286680949
-0.00315774526240096 0.00909872893198757 -0.0788874418287138 0.0984084230533965
-0.00324075828425721 0.00219981079019065 -0.137678751614195 0.000141264409993462
-0.00760079151126081 -0.00825243756129028 -0.14614013650302 -0.181099125256562
-0.00277241662321708 -0.0130530603023746 0.0947355313119219 -0.298054703897737
0.00363850181099611 0.00065270286166409 0.396101676536721 -0.0414679219389056
0.00111325268729129 0.00467801307574266 0.246629506693771 0.325569073915661
-0.00811872912404454 0.00581829665387429 -0.0758113047331348 0.275322356388413
-0.00629666303172811 -0.00179734310817388 0.00757073305442507 0.0446541594555803
-0.00501183356516789 -0.000517214748060659 0.148927554013082 -0.211818022990363
0.00134764992556986 0.0122563187867448 -0.177448826709784 -0.413206715809898
0.00608002216413574 0.0111312035496872 -0.493971201611709 -0.0288225080952411
0.00654655491677905 -0.0034281751803742 -0.169183822751707 0.361111874466469
0.00119160786208768 -0.00884716514350979 0.158319274495673 0.235097588343818
-0.00203923091688257 -0.00471919732552422 0.19033136699963 0.00771178768010683
-0.0015022589725545 -0.00152966523413295 0.0728681869255409 -0.125295103057742
-0.00100856241496084 0.00858511546603204 -0.0780707613405288 0.0972471796487691
-0.00175835825641029 0.00144288023219146 -0.13516613725635 -0.00273760482408904
-0.00688631093241677 -0.00957465806811751 -0.14216344970123 -0.183844900151427
-0.00294343381152126 -0.012661290583573 0.100598559727859 -0.294533735577389
0.00246269264723966 0.000602723522769963 0.396828542705403 -0.0302054819421327
-2.17963448866394E-05 0.00353011898922199 0.24018959488531 0.332808097491731
-0.00812686066021804 0.00411791993545629 -0.0802845460925413 0.275484172607916
-0.00564475693647716 -0.00252104717784527 0.00706379721634367 0.0453028328873513
-0.00522986804576155 -0.00149036753462623 0.145563829466596 -0.211862780191577
-4.63799935512457E-05 0.0109123421450821 -0.184919299593463 -0.407013213983282
0.00534787178082888 0.0105507882499487 -0.492764216039901 -0.0159490747483091
0.00530417195222649 -0.00380766367465423 -0.160812754133256 0.364404288279371
0.00146376589106409 -0.00954190635661401 0.163206519742128 0.230591111457445
-0.00137401790577902 -0.00566511726908381 0.191707006469295 0.00522457960781574
0.000830400262057838 -0.00129179574932909 0.0729173278112593 -0.127422577205002
0.000621073324399657 0.00900658687332612 -0.0765632849428411 0.0951129384094373
-0.000738166478180412 0.00113265763938414 -0.13320998498921 -0.00531729015137037
-0.00583778238511578 -0.00892558162081227 -0.138036199276955 -0.187357975682151
-0.00290728325389108 -0.0118196251253489 0.106599360270628 -0.292379060368571
0.00105374375918252 -0.000375025365052248 0.398373036322616 -0.0196063044262461
-0.000690912913406826 0.0016330602701009 0.233514719648799 0.339924625194339
-0.00774802104718008 0.00198471362106796 -0.083426066938734 0.27547731323803
-0.00454541991373917 -0.00363465371036488 0.00742556511868082 0.0449576307020609
-0.0049938731305696 -0.00313890055352412 0.14289521607353 -0.212773096327375
-0.00128703211177524 0.00953300568756445 -0.192716486397513 -0.399648061002551
0.00297745482026357 0.0106695442582566 -0.491159480967465 -0.00204959991941794
0.00481739494526946 -0.0031599406172054 -0.152796430586635 0.368683454742966
0.00160528700049467 -0.00919163685763292 0.167752967719498 0.227182078451848
0.000354035350757734 -0.00529554249676326 0.192418112899048 0.00104032285564228
0.00331148310875505 -0.000857804325221137 0.0729249727515798 -0.128792830281379
0.00264624368242619 0.00841565764529668 -0.0750899952136097 0.0939909892753168
0.000959850380133335 0.00161688203234268 -0.130606260450389 -0.00733534447421082
-0.00452816980081698 -0.00701641789419373 -0.134463865029111 -0.190977198686412
-0.00267058702470816 -0.0108501421613227 0.113160062925691 -0.289959682095163
-2.99971279470847E-05 -0.00184891666054704 0.398786784127075 -0.00939833386178128
-0.00177190799608261 -0.000731290570433286 0.226928971112975 0.344952196028393
-0.00760161577051265 -0.000138807951644381 -0.0876586865027558 0.275217485247917
-0.00427111631573537 -0.00512920474610329 0.00827450350704529 0.0442338900890616
-0.00558960111995581 -0.00473902219462797 0.139658350199712 -0.214671490098304
-0.0025891457701732 0.00665717681682465 -0.20175111073273 -0.395094110908961
0.00145762654152104 0.00952255489555858 -0.491214415077181 0.0108252584076072
0.0051378106461648 -0.00120748249237463 -0.144739530350493 0.371374247270851
0.00350703265168973 -0.00741354604036595 0.171888262489608 0.223539614827584
0.00201427172503326 -0.00452503884004047 0.193923843185763 -0.00206267659886629
0.00547868149949997 -0.000195876394023028 0.0737331566419944 -0.131111801843648
-0.00429346410305139 0.0068287744954756 -0.0765264971940276 0.100881458263597
-0.00164812746548822 0.00710987152164784 -0.13780179236502 0.00075464489550187
-0.00363045589623637 0.00298663608529657 -0.149108501266386 -0.180620701181278
0.00128924406229046 -0.00607605567692776 0.090831197877311 -0.298652488346998
0.00404799291312456 -0.00296507557078831 0.390129427973444 -0.0491089475767966
0.00161101301327571 -0.000627808435479481 0.241206514886691 0.313991153462192
-0.00832154854426011 0.00503776722156638 -0.0747056600006282 0.265780033382589
-0.00769156540104545 -0.000652618755948476 0.00855388470807372 0.0403540372858877
-0.0046761574235022 -0.00142048033288176 0.149752301597589 -0.214924602386025
0.000716145422408493 0.0055949801429586 -0.176156422245582 -0.419680686480632
0.00447622967119165 0.00706390907413614 -0.489938971847216 -0.0382368418103165
0.0096421450475153 0.00350181410180666 -0.17221409161965 0.35076996566833
0.00499719701810367 0.0041365767306751 0.153746581597858 0.230760351679614
-0.000806050796700035 0.00181674608137904 0.187114557658254 0.00798183392216179
-0.00438442215444756 -0.00145137525691944 0.073581752454648 -0.124319242112482
-0.00512099677587335 0.00702874078862606 -0.0777757278850279 0.101201375440862
-0.00301722704592177 0.00555214510277906 -0.138742673683265 0.00238551784293369
-0.0046686727765213 -0.000320686449666801 -0.149911548135085 -0.178778176109959
0.00037004901978782 -0.00831804938219343 0.0878412234597617 -0.299278714275592
0.00461091943188175 -0.00165948502049467 0.389542484745099 -0.0522758236793716
0.00225322911576819 0.00208496915728775 0.24605330501819 0.311355389445539
-0.0081245745318112 0.00643464607864367 -0.0724713162984153 0.267419365083144
-0.00731013909447505 -0.000451506190561796 0.00818180289899218 0.0412027158106213
-0.00515757658381449 -0.000160390900218623 0.151314137362699 -0.212226634296402
0.00110419897940037 0.00831084688106977 -0.169864001553571 -0.420565829142088
0.00607390666938455 0.00858240282462448 -0.489935386735217 -0.0431368457582437
0.00964191426863658 0.00127095112454402 -0.175530316803873 0.350130903460254
0.00343978341707115 0.000247512478933002 0.150855992650814 0.233449522898126
-0.00233739687481818 2.25332547163057E-05 0.186554701983835 0.0100557699157806
-0.00517884538371303 -0.000958170811044799 0.0727109849050086 -0.123579429305773
-0.00493999022967471 0.00746404898838875 -0.0786005975827829 0.100762568296285
-0.00404487342499433 0.00425336849368811 -0.138657996073939 0.00206449503621612
-0.00640883708682569 -0.00372811365827271 -0.150024831629292 -0.177735096051268
-0.000617458251999424 -0.0100755857371176 0.0878328943791225 -0.29784477287279
0.00525746849045288 -0.000724025219457922 0.389323310870185 -0.0520268598771562
0.00235316196537061 0.00371961528973572 0.247838981771393 0.311610984660998
-0.00812375633571998 0.00680038316800774 -0.072585310806308 0.269019843174106
-0.00758669228209816 5.92934245632157E-05 0.00756791895513128 0.0428676770717846
-0.00493829966900187 0.000165287954588779 0.151133599956655 -0.21062710599204
0.00154263985534457 0.010361291094635 -0.16894788921376 -0.419328855863007
0.00717382066813021 0.00962317192630989 -0.489792521192332 -0.0442192812931314
0.00904701043722052 -0.00026604593056344 -0.176271662763032 0.350217292974165
0.00203231649052211 -0.00356418580036614 0.150819577794303 0.234821531021054
-0.00315315014180899 -0.00160533092195176 0.187286668718289 0.0108881801163614
-0.00456221186070809 -0.00127049743536427 0.0725965181916128 -0.123064356884471
-0.00405773052025485 0.00849819844199281 -0.0787509850107163 0.0990772469905616
-0.00391653584006177 0.00293068834373717 -0.137600256412253 0.00174911360785298
-0.00723876375336632 -0.00620142816239546 -0.148273693616881 -0.178431951699703
-0.00189963354312513 -0.0117051966410775 0.0902521292950941 -0.296565472923921
0.00451480254864775 0.000113230932074358 0.390980615694153 -0.0476974746557372
0.00198009520695278 0.00517095908047422 0.246595325356157 0.316116676187725
-0.00772510646065909 0.00632020057807837 -0.0735999495181116 0.271102216721323
-0.00603320182318763 -0.000678634754131638 0.00739614199553257 0.0441391893276629
-0.00509826569482268 0.000345280850148079 0.150774713591143 -0.208632702000254
0.00134107630043189 0.0116863471782327 -0.170196027526146 -0.41582575304033
0.00746643695969917 0.0106216753956458 -0.489364943404929 -0.039461135486884
0.00784073246566685 -0.00242415411708472 -0.175619044007703 0.353407389012551
0.00129735449309143 -0.00681037470208986 0.152388434716776 0.234856986178236
-0.00313668749915605 -0.00365181402114857 0.187505080926915 0.00977899864600336
-0.00367955740251817 -0.000789018022516606 0.0726841415139795 -0.12375207940183
-0.00286289771492793 0.00854627380888687 -0.0783682072938569 0.0979637844281151
-0.00320329825507228 0.0017748905798912 -0.13606682208063 -0.000541659805199189
-0.00741435571830897 -0.00854761504165558 -0.145123594553235 -0.179782008065135
-0.00255689054286008 -0.012560406237863 0.0944076633873684 -0.293872743943074
0.00405926656600313 0.000792588524407379 0.392125815413602 -0.0395331570190657
0.00102530082886598 0.00511447917438627 0.241409919712105 0.322425102694983
-0.00827274515277001 0.00564003264463702 -0.0762927457426762 0.270960682849003
-0.00591690177915133 -0.00159228450648485 0.00709195889499523 0.0448293844765588
-0.00511325005026707 -0.000639694003710737 0.148284557073431 -0.208632433172719
0.000554851633765093 0.0116427762115556 -0.17424826484018 -0.410438218989308
0.00681300969072364 0.0107880957734603 -0.489131560732719 -0.0297338054259704
0.00674808506852974 -0.00351566107935597 -0.168538588482577 0.357054293511506
0.000722455321901158 -0.0090872585642176 0.155564909658242 0.232904827188829
-0.00229686223038441 -0.00483541614227951 0.188671944268137 0.00866505546264246
-0.0013282014194923 -0.000877907477281972 0.0724234055881079 -0.12499729926544
-0.000958197584991417 0.00833349536984099 -0.0776858042823892 0.0959630050566639
-0.00218026248507981 0.00115723259194159 -0.133559230777209 -0.00311267319129027
-0.00688226677715064 -0.00948700385649412 -0.140461225351299 -0.183110065908833
-0.00352225737095168 -0.0130392550596986 0.100749960927544 -0.291438611212695
0.0023536386188598 0.000246043346518379 0.393142021611003 -0.0281718651685174
0.000381981479687743 0.00430929598494804 0.23600311697119 0.329696342315427
-0.00834152215297581 0.00388445296415964 -0.0798013065866685 0.272045051873654
-0.00544098878307963 -0.0029631246468591 0.00749737313920387 0.0451182694198788
-0.00492740764331255 -0.00166450087990883 0.14605622375431 -0.208458277372448
-9.91626576889526E-05 0.0109458993035421 -0.181236766548326 -0.404106135521831
0.00505613607512679 0.0108917505233925 -0.488316134637643 -0.0167786456687925
0.00557432628718051 -0.00354930468149902 -0.161309674723726 0.361133246455344
0.00128070587285452 -0.00993511842691077 0.160508197366667 0.230427036249188
-0.00129780525072404 -0.00565218386275463 0.190040577483478 0.00588651535544926
0.000960480931563811 -0.00080703161168406 0.0725882397587549 -0.126303990238219
0.000769723431795629 0.00824764459206753 -0.0756223749955975 0.0948291029966308
-0.000488299511038065 0.000989431981850011 -0.1313329464713 -0.00573428627737226
-0.00575628950957095 -0.00906907084201494 -0.136425372944367 -0.186235402128182
-0.00325883125646943 -0.0120328604079033 0.106512621765453 -0.288236311932707
0.00126380005124905 -0.000389777949525646 0.394029008967496 -0.0172881347537383
-0.000525568299759166 0.00194968297767022 0.229844418439799 0.33676902846446
-0.00819919703461362 0.00164268659039902 -0.0835850493532042 0.272108295206745
-0.00442353350575599 -0.00420673455614905 0.00768723890373742 0.0445795185672095
-0.00509063147990938 -0.00384411917126872 0.142074220034722 -0.209557859204136
-0.000937757956302766 0.00908692691351214 -0.189598347637316 -0.396921015977752
0.00339083105876222 0.0100290481925699 -0.487069561313551 -0.00483349528112868
0.00475401749235099 -0.00281324369982959 -0.152151772650032 0.364045591732355
0.00168003075790128 -0.00935025234367701 0.165470040865629 0.225725711728617
0.000336782575970491 -0.0053680866990424 0.190642269542946 0.00189491731256538
0.00367712402701988 -0.00108892774820362 0.072698984503957 -0.128144122440742
0.00280118601357006 0.00823306191725301 -0.074474527977816 0.0942545249879844
0.00106808733588927 0.00168232951583823 -0.129326507948773 -0.00813327651736298
-0.00449478933897744 -0.00732316193135443 -0.132554654931368 -0.189670808860944
-0.00232412539211085 -0.0106208617335099 0.112683164832426 -0.28566739428522
0.000265062659983166 -0.00130589840269707 0.395291396257097 -0.00799026258168835
-0.00197403654450237 -0.00100945668410713 0.223131342269427 0.34327458524976
-0.00839523380742207 8.80288734674047E-05 -0.0878731334547977 0.271976075177538
-0.00433366938852847 -0.00553339118906661 0.00810055771800378 0.0443999115415729
-0.00546472465154169 -0.00535438793852419 0.139288364823815 -0.211636185880618
-0.00320675943314071 0.0065595148460995 -0.19835918977494 -0.391896124540077
0.00147152813200469 0.00921633792054413 -0.486317060858588 0.00775336569394629
0.00467877024189859 -0.00126690030826536 -0.144764187365278 0.367130527171255
0.00313017633479331 -0.00720905502413499 0.169004477777285 0.221775664267577
0.00182516005725348 -0.00477126233198435 0.192091499540501 -0.00233403864943868
0.00526912871637104 -0.000370765926596908 0.0736983060767063 -0.130125198452938
-0.00434785366338014 0.00665110892782527 -0.0762429550216065 0.10019955433786
-0.002044476991876 0.00713958246363496 -0.136426525826224 -0.000157220165534867
-0.00341462977186582 0.0028896153646116 -0.14770303221443 -0.179800239387339
0.00150764628808775 -0.00594247008573682 0.0913875378111228 -0.295589390252312
0.00418220687645356 -0.00285330061744655 0.387496096348192 -0.0465715615233896
0.00172867416970447 -0.000721119542800998 0.237901246496367 0.312023048101868
-0.00867488176679049 0.00485710406596011 -0.0756803778046772 0.263431997550974
-0.00749590170221148 -0.00114259100360754 0.00880787776154294 0.0400118518484317
-0.0045548250546003 -0.00131936315942993 0.149796342187101 -0.212298984975015
0.000485515201177314 0.0051861755902928 -0.172789280069577 -0.417302827846762
0.0044234380791789 0.00716679085361916 -0.486596584343624 -0.0418995498536037
0.00998551671039465 0.00337392728019011 -0.171459075857847 0.348215432475165
0.00481126338255596 0.00381706430570983 0.150617069910165 0.229338876353794
-0.000970110510140457 0.00215812389003082 0.185929476794113 0.00844695448022987
-0.00431466192124697 -0.000972900043723826 0.073456168790254 -0.123985608628088
-0.00442959021938127 0.00728980166564621 -0.077232206685127 0.100580111300238
-0.00295458421500571 0.00557320735598639 -0.137237700839795 0.00134067812470494
-0.00527316098919678 -0.000537503127525851 -0.148516625354534 -0.177529143898688
0.00044050275704889 -0.00796778073502637 0.0884404219132217 -0.295941286815496
0.00490247652098983 -0.00160254561287143 0.386705150891056 -0.0509479805216789
0.00248944324255576 0.00167600373204927 0.242943572645545 0.308437316952872
-0.00817150830627279 0.00597477731081587 -0.0740625825413254 0.264645273254936
-0.00759887663419474 -0.00031731694110737 0.00796714077091736 0.041446319656644
-0.00463653279815669 -0.000370166693612793 0.151973078011612 -0.209297603381318
0.00132996991115255 0.00833411042018729 -0.166147033313213 -0.418555684317657
0.00630835035431075 0.0086705103709149 -0.485279360304445 -0.0462367035145782
0.00918958275113095 0.00100921049191261 -0.176367246629397 0.347852214581986
0.0032902191381088 -0.000177782766835889 0.148901259066209 0.232735775947385
-0.00243300312957211 0.000306442264894627 0.185298348032958 0.0107971326157973
-0.00509661645885011 -0.0012579085098268 0.0729112610206338 -0.122717271829908
-0.00464581534758761 0.00732695087547104 -0.0781864529925371 0.10001037043701
-0.00373841590194008 0.00433791096252835 -0.137553599044852 0.00136222165106735
-0.00603490814713319 -0.00370830900809767 -0.148260976267379 -0.176801794183893
-0.000740116068310108 -0.010159432391549 0.08913002500962 -0.294657267992059
0.00538799636989506 -0.000466317975367493 0.386786972783214 -0.0498924266941035
0.00251927252204169 0.00402589614729566 0.244487425365496 0.310639498075196
-0.00868070148565736 0.00659582130401339 -0.0744800203814005 0.265872681202415
-0.00706899865164466 -0.000407828651667212 0.00770207999687425 0.0428805987183605
-0.00479750468295758 0.000316018220854527 0.151048722489741 -0.20752959859577
0.00173121574321696 0.0102841215000462 -0.166016894983026 -0.416868405898069
0.00671739614935391 0.00980766950097456 -0.484460206487078 -0.0455628862083797
0.00861249706486572 -0.000816269503224778 -0.177309217318205 0.347677573194609
0.0019210983080768 -0.00331944270655961 0.148692854624546 0.233577219488558
-0.00313200100604877 -0.00146094941596615 0.185625439265628 0.0111158211420054
-0.00449830997033656 -0.000778980229523708 0.0724891009944052 -0.122656651383166
-0.00382748224784245 0.00800619467965162 -0.078095871800488 0.0988137090585029
-0.00389301558769276 0.00266953017752842 -0.136320481824235 0.00101970364485306
-0.00706275400454569 -0.00618162241273049 -0.146601675525905 -0.177443170791541
-0.00190724961194332 -0.0118720613566244 0.0910119488466149 -0.293429262061003
0.0046944199586986 0.000518457719665729 0.387919839028396 -0.0448459821910239
0.002215474700254 0.0048390780217224 0.241704163919536 0.315690057869109
-0.00853978583667262 0.0063993607263774 -0.0746586140553471 0.267830990157096
-0.00689429642733337 -0.000934845712276749 0.0072492455330817 0.0437748077635642
-0.00505318351620212 -4.03505434679835E-05 0.150928027546782 -0.206049795995673
0.00125993965829865 0.0112961192256983 -0.167196818969375 -0.413129657854727
0.007356426883748 0.0108311081295499 -0.484847118795749 -0.0416632303112737
0.0079816699393817 -0.00308676577524875 -0.174962189430647 0.350317381125802
0.000853575137223068 -0.00720761154542206 0.150322030537992 0.234592269806423
-0.00303651139021863 -0.00328172842438852 0.18671314875043 0.0102985836606882
-0.00331609781574153 -0.0012332999738632 0.0722411747804975 -0.12237423382215
-0.00249076353809311 0.00831420954083181 -0.0781141264619685 0.0968207454411005
-0.00296235600888973 0.00168888974130363 -0.1349033809029 -0.00152213950995687
-0.00728893296103478 -0.00815798140508697 -0.143280956259301 -0.179764275400305
-0.00260009090192806 -0.0123274649173903 0.0948013813886043 -0.291276569927695
0.00379267508694005 0.000995571101594632 0.389370470030125 -0.0372344960597951
0.00122461121127534 0.00456406252638686 0.238788889720974 0.321868282671521
-0.00837350943406735 0.00569675771817044 -0.0779027286893023 0.268945930943653
-0.00602669639920355 -0.00136118841787849 0.00667071459190854 0.0443175887617331
-0.00518402426632577 -0.000410356761538661 0.148600797353965 -0.206122469777593
0.00112402848586457 0.0120843951613183 -0.170309349003324 -0.408813295567088
0.00667620490967508 0.0109791070061568 -0.485237413989766 -0.0336170425653151
0.00653503515751629 -0.00313608498533942 -0.168973444070125 0.353263160322885
0.000825684003466407 -0.00903999372431582 0.15345325216832 0.232723510370586
-0.00235383944493205 -0.00475037780112833 0.187466015375304 0.00933142858568045
-0.00157550041101088 -0.00110828398440014 0.0727687256934558 -0.123986222745164
-0.000862775159269339 0.0085046279379997 -0.0770891435917377 0.0952939020010153
-0.00234611328510555 0.0013838595387282 -0.132286550214309 -0.0035464807096159
-0.00657857734580056 -0.00912701910456702 -0.139113068446401 -0.182106118683578
-0.00273591613716434 -0.0128664406058518 0.101549223258543 -0.288343752450262
0.00235948084214419 0.000271368927418649 0.390040519101148 -0.026256967044727
7.67989042433949E-05 0.00379358059215502 0.232862042164459 0.328935476544202
-0.00908786964119859 0.00418954868177006 -0.0810591725632364 0.269318945054514
-0.00532907319233812 -0.00271736630163595 0.00664250443237107 0.0447934443148694
-0.00486626994870503 -0.00203744232546936 0.146361711625725 -0.205701147007752
-0.000443928017150178 0.0107903997922613 -0.177765595774676 -0.401222336785955
0.00509149858943343 0.010261437798043 -0.483906981404211 -0.0196303152948734
0.00579180567461504 -0.00353717190194065 -0.161536158468974 0.357522048058351
0.000953574569739961 -0.0102796504299303 0.158149932287307 0.229308162868621
-0.000957860537946271 -0.00523726658756175 0.189286983233381 0.00581766027486196
0.00118653629211261 -0.000989693585157404 0.0723545112748536 -0.124792951653108
0.00107580192715219 0.00860066014895578 -0.0760803118566293 0.0941801657958029
-0.00075608905017172 0.00106054137998345 -0.130141676701723 -0.00674621180874736
-0.00552483745692025 -0.00917981713392839 -0.134360757548196 -0.185524337475834
-0.00311570099157399 -0.0118272988448685 0.10706796554555 -0.285559822745804
0.00144472941221714 -0.000495764393232634 0.391447793895174 -0.0147754581157829
-0.00125732240554576 0.00146437616852845 0.22683716598146 0.335756111006133
-0.00847064348775018 0.0017077726841272 -0.0848026236698478 0.269045471068443
-0.00494745084632089 -0.00400912716128992 0.00757945408102433 0.0444968493518969
-0.00492305480140559 -0.00346434104218753 0.142428562434872 -0.207133900129787
-0.00123011824017061 0.00887830062054665 -0.185415466421202 -0.394754715177379
0.0034615018474857 0.0102227587932462 -0.482725989752732 -0.00640850817217984
0.00474734200762174 -0.00295791028509553 -0.153229391298829 0.360986808302923
0.00196619346571312 -0.00934296887700642 0.163149867608082 0.224891296660581
0.000532169484968133 -0.0056105227457701 0.189618926695373 0.00227354424106144
0.00337318581175859 -0.000780447912788941 0.0729751007968969 -0.127534036792965
0.00273203209273028 0.00858155311014958 -0.0744885473294593 0.0934788135587759
0.000879084920752234 0.00146549665040865 -0.128156151039048 -0.00914923184878273
-0.00457193137756683 -0.00733203423364783 -0.131289858250542 -0.188543735435075
-0.00241208858351466 -0.0103236001499118 0.113650073184259 -0.282575503058692
-0.000116319062486318 -0.00142056804568645 0.39213665512035 -0.00538816619651696
-0.0016683198754827 -0.000734558607695206 0.220166036491762 0.340962567461685
-0.00800302218230289 0.000289458199019675 -0.0889216793383117 0.26845265130493
-0.00391123365903816 -0.00572778361057188 0.00853319685655873 0.0440074762470421
-0.0050495802139154 -0.00506741948887554 0.140231644722869 -0.20879051451962
-0.00300640256293523 0.006702133589637 -0.193433568258617 -0.389411259050804
0.00132708184142566 0.00895456358342688 -0.482432884569838 0.00434992417457517
0.00404944048420018 -0.00136480998759064 -0.145607589568903 0.363592961679055
0.00300645099944042 -0.00774995594601093 0.167084747335372 0.220887516098675
0.00192291291626667 -0.00507420784090084 0.191050893767698 -0.000920710344754795
0.00495564476506526 -0.000398317177025194 0.0738498554647129 -0.12913790735535
-0.00437283556154791 0.00647131938115428 -0.0762410592626016 0.100562262455731
-0.00187391959354741 0.00692194114663055 -0.136068268008835 -0.000596118018357945
-0.00327588241549365 0.00240766716310014 -0.146467421183827 -0.179971078841041
0.00159575095074236 -0.00569867563863542 0.0930292808411897 -0.293620083450399
0.00414608564372175 -0.00234151237826227 0.385642742205824 -0.0441881614181769
0.00159930150901403 -0.000539194271212429 0.23316980840739 0.311627315609683
-0.0086304966000324 0.00555552402960557 -0.0776628184454519 0.260815390431701
-0.00770354971875894 -0.00118081754644964 0.00881116209344995 0.0400815292482389
-0.00443432396535561 -0.00171558885615232 0.151675870154991 -0.210007684993602
0.000652232751612566 0.0054229888249588 -0.169034912386212 -0.41630554281068
0.00465162226614528 0.00751892479277686 -0.485051669744125 -0.0438831697749627
0.00980898541724685 0.00353569188571858 -0.173796731341407 0.345193036798006
0.00475011379047388 0.00381685917441262 0.149589050363679 0.228810649527524
-0.00128520043996816 0.00186298581767094 0.184609227123569 0.00922269195537347
-0.00393815275313429 -0.00119202401548045 0.0739282250693617 -0.122760441557974
-0.00429429496861422 0.00698378378439993 -0.0772402816213744 0.100445000235751
-0.00322396124065502 0.00542895468291427 -0.136375999733803 0.000483429242098026
-0.00510783876540999 4.56859719395329E-05 -0.147011734867017 -0.178184709897369
0.000753058905353369 -0.00805340159113607 0.0900116854692499 -0.29353577865008
0.0052668356068877 -0.00152156796572731 0.38430238714871 -0.0479616725158121
0.00258672387423196 0.00193361005296644 0.237657787853316 0.309102314690383
-0.00886547336220056 0.00657095085458043 -0.0753113398972428 0.262610196109399
-0.00729153771965143 -0.000540899620204255 0.00799575458833246 0.0414211237115334
-0.00471079859225183 -0.000793332723215971 0.152261643753078 -0.207230172628361
0.00095969495933138 0.00858758558572271 -0.16375751025101 -0.41697860159764
0.00588703960214972 0.00880129741066506 -0.482933608369642 -0.0492279642487079
0.00935786135447848 0.00162681429399168 -0.178089388129572 0.345052068036719
0.00358214069146857 0.000452459873122482 0.147353523791078 0.231962748286338
-0.00242821555073125 0.000501660096860822 0.183869295702081 0.0114852559648799
-0.00512801603895981 -0.00125408358500707 0.073352472464209 -0.121795240696295
-0.0047297474311611 0.00706013149551836 -0.0779743407702542 0.0999627757022674
-0.00404711190566654 0.00394965660800777 -0.136969127076497 0.00056419670780933
-0.00618729945905019 -0.00327477375809892 -0.147802633670531 -0.176435657322416
-0.000532326871534381 -0.00972331507614083 0.0897207496191612 -0.292499202943424
0.00508289218247092 -0.000227456563489126 0.385635182170674 -0.0475081071237069
0.0024322530294108 0.00348856615513776 0.240427352162947 0.309914648889976
-0.00867577759139681 0.00657685611918587 -0.0749298995534474 0.263083414188861
-0.00701744547919556 -0.000887197456773127 0.00779433286185162 0.0425157985594257
-0.0048275239216088 0.000465608356687894 0.153087458975152 -0.206004990931263
0.00119409099885995 0.00979710499744282 -0.162279560935656 -0.416010188021455
0.00703293783222759 0.00937107406915503 -0.482968725207641 -0.0496206506760522
0.00872477043821539 -0.00113420248321975 -0.178845775148079 0.345357702688848
0.00175075809588725 -0.00383294867627585 0.146694423115264 0.234056148894251
-0.00318295803170375 -0.0013671917643366 0.184751769774182 0.0120123676174973
-0.00484014643933025 -0.000813523761564868 0.0728105360742392 -0.121835842460559
-0.00375844551133611 0.00763920864862284 -0.0785716352910997 0.0981298605520922
-0.00391369812744323 0.0028258038638533 -0.136353030340632 -3.29029878151878E-05
-0.0069238819669081 -0.00645341752476863 -0.145500223240899 -0.17710467410938
-0.00205758267221981 -0.0118639962519267 0.0920916388097983 -0.291152854489045
0.00469221903063389 0.000216465065500469 0.386054942846219 -0.0420651693270629
0.00173929720297954 0.00466741869116266 0.238578596571263 0.313850915360218
-0.00894491047909207 0.00659487294477863 -0.0757392376010501 0.265920595214632
-0.00612387076840496 -0.00117033934777883 0.00652427185829321 0.0433963508413052
-0.00488083689163878 0.000272229601494155 0.152191512423484 -0.203943346662634
0.00136573120641977 0.0110206282969614 -0.163897389125803 -0.411311719160685
0.00720268542938222 0.0106060773903733 -0.483702652644397 -0.0444210283948196
0.00732716500380274 -0.00275174872136383 -0.17676488889833 0.347782347074865
0.000928206802472829 -0.00684397484278569 0.148334493414232 0.233757320787366
-0.00315358625987981 -0.00315154782563337 0.185727078509386 0.0114534784469809
-0.00337324619062863 -0.00143752541475891 0.0726415249024674 -0.122275956818404
-0.00239272103674301 0.00810660685690796 -0.0781826584465247 0.0972067216122953
-0.00305278505542577 0.00152865006849553 -0.134286394077599 -0.00242526870039919
-0.00738522928826157 -0.00850848019755115 -0.141539600853157 -0.179108641376566
-0.00242619757142648 -0.0124474562325805 0.0958304731995172 -0.28844630832435
0.00350072785504351 0.000585383350231019 0.387204552787373 -0.0341088043602398
0.00122247670581642 0.00487536912092964 0.236154119484968 0.320776486062653
-0.00834131499736612 0.00534338674088415 -0.0792891670180018 0.266239980578958
-0.0057760963270893 -0.00189662143207603 0.00695326399529948 0.0440739807211547
-0.00454665969786333 -0.00103076429184372 0.149667677812732 -0.203285452668034
0.000733349714963428 0.0119402252908354 -0.167311140456687 -0.407248650404863
0.00629855707838465 0.0111020184451883 -0.482875306698999 -0.0353861596607569
0.00661986510528129 -0.00332613093634162 -0.171033881621485 0.351349950151682
0.000879717593213265 -0.00876662727816645 0.151045817750575 0.232482134585675
-0.00258168583039164 -0.00422969760474988 0.186657942048683 0.00932409741580588
-0.00105264082648813 -0.00121290527779581 0.0732089545786162 -0.123397468360886
-0.000758704453744391 0.00783993696109356 -0.0770077781414204 0.0949587399655538
-0.00215833741511572 0.000832763498560058 -0.132119476452347 -0.00425677959531986
-0.00757395631351286 -0.00975180127891348 -0.137500319037482 -0.181865908423093
-0.00276298703735066 -0.0127237799218279 0.102488925823829 -0.285712103204723
0.00254505306493341 0.000720874354958962 0.387574360186713 -0.0239435373451924
0.000433036517381896 0.00370738536405689 0.229044045638338 0.328217523172949
-0.00887920637734579 0.00388093767738994 -0.0834644699523737 0.266992026170717
-0.00515495866318421 -0.00316317547630771 0.00680491170130945 0.0446506386369566
-0.00504461946165144 -0.00192722243672209 0.147326868393602 -0.203491544212848
-0.000300732179517285 0.0107977942294364 -0.173596930967021 -0.400245006916046
0.00519225049845899 0.01078788762095 -0.482859810642628 -0.0239415728762204
0.00529650394862594 -0.0034890831312192 -0.163024347951565 0.355118798300626
0.00120517590296938 -0.0103664705732946 0.155966165207181 0.230028322043461
-0.00136379178603377 -0.00542732536450086 0.187585223293405 0.00634291832128305
0.000852609324128374 -0.00115486186953779 0.0733177668739145 -0.124914401618999
0.00136621379028866 0.00801353788845699 -0.0758212029175706 0.0941050475369201
-0.000736329468645018 0.00117336651306671 -0.12913763318631 -0.00721625799524958
-0.00588815258095743 -0.00896158361451052 -0.133122549127852 -0.184908971021638
-0.00297709984918843 -0.0114644085151332 0.108121386223431 -0.283124205083447
0.00147858536578969 -9.16726457988715E-05 0.389740870540978 -0.0128181022185177
-0.000996325184361773 0.00165204086415261 0.221245851629685 0.3357954643876
-0.00841641719679929 0.00182155599297459 -0.0858115340150071 0.266721359488354
-0.00425966147581805 -0.00423995454664932 0.00723008436371444 0.0444837096198436
-0.0049425005700179 -0.00348910004119831 0.144466684411564 -0.204845545947325
-0.00167042659362866 0.00853594056136441 -0.18214461306945 -0.393706769357929
0.00308120558814011 0.0101479155529359 -0.480017762773979 -0.00937929365511665
0.00475262006161393 -0.00304354581298133 -0.154794847084158 0.358736216439997
0.00171933458447695 -0.00900229102474708 0.160408369012499 0.225762446398478
0.000122993200653821 -0.00550763778041088 0.189211612292097 0.00281004793458809
0.00348168402289045 -0.00122720999545414 0.0733663283076429 -0.126145622654249
0.00297786524977534 0.00831407510654886 -0.0739736295503932 0.0930887136160961
0.000872524597734454 0.00105803559359846 -0.127561160705989 -0.00946298944958711
-0.00393584487122292 -0.00764428552813125 -0.130122762508432 -0.188751931141013
-0.00248257801625041 -0.0105645825571522 0.114511718423482 -0.281033068920906
0.000277556869998125 -0.00159320115086668 0.390853736720922 -0.00311708910650826
-0.00199470494642624 -0.000850243593679903 0.215909842994334 0.340757676356025
-0.00792041774199547 1.28318347268359E-05 -0.090233401369843 0.266268364022538
-0.00413693083132275 -0.00522076590878781 0.00775798761005408 0.0440973270282518
-0.00493366289501976 -0.00494487139322948 0.141306047852648 -0.206978223953362
-0.0026341243698076 0.00652541339016068 -0.189865232573376 -0.389616868150606
0.00132371795238437 0.00885569414735704 -0.480997209058296 0.00155255850864501
0.00470158695610804 -0.00174229290433938 -0.147376899598336 0.361654149000498
0.00300318548889196 -0.00755706696665082 0.164971365020694 0.221796436441043
0.00201919060833694 -0.0045111400890762 0.190878649498921 -0.000823177286493228
0.00528158992535621 -0.000963093202838445 0.0746616507131587 -0.128591798180221
-0.00416061129735184 0.00664570518620478 -0.0764813860340156 0.0998772703191058
-0.00229687040628219 0.00655078657863845 -0.135062712304745 -0.00163922061482596
-0.00342779444800657 0.00278662952679032 -0.145723862062654 -0.17985027822564
0.00203560918864814 -0.00580959926522439 0.0944284618320643 -0.291362512168744
0.00419078421463394 -0.00279865456304408 0.384385903585939 -0.0410558803867163
0.00181207000790064 -0.000587842939320871 0.230837031896474 0.311601866178223
-0.00869529585017109 0.00490643962539283 -0.0790462314150692 0.259198219090787
-0.00738511130055587 -0.00113658777705357 0.00879063285119617 0.040113058502328
-0.00465606631624989 -0.00146667297449009 0.152168057889704 -0.20752845938249
0.000347971287489621 0.00520430783385291 -0.164452827507641 -0.417035722701188
0.00471636178293449 0.0072113299498785 -0.482536137997769 -0.0474411035051212
0.00925085920802793 0.00351963660886613 -0.175223154838354 0.34306387533052
0.0049619801479384 0.00387827205735129 0.147582272491671 0.230197667593826
-0.00148174543605241 0.00171401725261061 0.184028579954388 0.00994932140459231
-0.00415695487190746 -0.000875097819412333 0.0748097235377366 -0.122284805010252
-0.00435794229350022 0.00685991078119233 -0.0773118565987825 0.0999377114228648
-0.00310127307461753 0.00528498498526242 -0.135799047653201 -0.000667212302976629
-0.00488448087456223 -0.000391585203651299 -0.146228392279884 -0.178265970073711
0.000897055062920646 -0.0081173788340714 0.0917288476410634 -0.291833949460824
0.00483540221874713 -0.00122394747468797 0.383644912134599 -0.0449024218507763
0.00234100730613405 0.00206750437993159 0.235334798745028 0.309260257770817
-0.00889758576657846 0.00631483199497841 -0.0772715515111824 0.260154220561438
-0.00741783034047686 -0.00049619782167919 0.00789527785301261 0.0410133313008263
-0.00462458943018923 -0.000658951072990472 0.153536297373602 -0.20463663265486
0.0011052173410224 0.00808464106989064 -0.160710185918687 -0.417801832655836
0.00586735624611819 0.00864964972480048 -0.481539584029915 -0.0510929408390129
0.00928383532366746 0.00150575517200944 -0.179195308231784 0.341868960244605
0.00337399527898907 -0.000251280893760679 0.144737965461314 0.232654367051106
-0.00239570463176491 0.000555058904483706 0.184019676981058 0.012141643879347
-0.00535572073958653 -0.00106936784902191 0.0741106948032227 -0.121924366646698
-0.00421585818216062 0.00689833057725888 -0.0783865029126631 0.0991483875052806
-0.00427754494263867 0.00400213847615366 -0.13607610751722 -9.59585161438695E-05
-0.0062224304446364 -0.00370916844130936 -0.145634545640965 -0.176811432964553
-0.000324416117114397 -0.00997762934327443 0.0912290601334578 -0.290204963485362
0.00540321640264599 -0.000624908435318219 0.384223614962012 -0.044284516709899
0.0026852542128725 0.00404292751924165 0.236673557698132 0.310003491858296
-0.00895349351372331 0.00681292269093647 -0.0767796198609459 0.261583954947523
-0.00761956996042334 -0.00077234774609807 0.00729426105221149 0.0425858100891091
-0.00524989496267886 -3.649520041441E-06 0.153629277822388 -0.202941009124365
0.00151804114030782 0.00996487245193184 -0.158488035358129 -0.415088196362928
0.00710352465626228 0.0099853044971267 -0.482546211408699 -0.0519705879129127
0.00857909210990921 -0.000566958766474872 -0.180451183256026 0.343514916742647
0.00215940730784188 -0.00397356603997071 0.144710293749492 0.233628232300397
-0.00310967576541058 -0.0014794635409879 0.184466052375446 0.0127247758406276
-0.00502221371295002 -0.00123501528565522 0.0738837629423135 -0.12138714377429
-0.0039000254062961 0.00739661922840552 -0.0787471334285906 0.0982182696130669
-0.00418970261977706 0.00268648247554872 -0.135096545541483 -0.00133422093381813
-0.006988319005969 -0.00608296032709899 -0.143889371985088 -0.177731146601267
-0.00148174576795621 -0.0115300153686639 0.0929745610339386 -0.289344260717903
0.00495014685828048 0.000292173556544017 0.38471856060482 -0.039999459712109
0.00208555090485636 0.00473922396951577 0.235772917809432 0.313830794394149
-0.00892194098009654 0.00670779882235649 -0.0777156501544805 0.26345850210373
-0.00626200588846308 -0.000913858743350457 0.006569413912345 0.0437016664678851
-0.00491826165740013 9.4329564152527E-05 0.153296203966509 -0.201221834542578
0.0011177463401654 0.0110637735178973 -0.159763853576177 -0.412516375770318
0.00705737987341727 0.0108372197636005 -0.482391761345865 -0.0466661180491615
0.00757819182783935 -0.00262081060506801 -0.178189116536423 0.345563002435934
0.00106657470288857 -0.00730642031600044 0.146538106171947 0.234372898126718
-0.00295778965482177 -0.0034763433979832 0.185275093976699 0.0124468874838723
-0.00323653647432127 -0.00114619198601211 0.0731901536075611 -0.121854485848159
-0.00255712704195138 0.00780090961405958 -0.0782908129136553 0.096325744208915
-0.00333854543460144 0.00153990851368586 -0.133922810718835 -0.00276002696766221
-0.00725551452109004 -0.00842576703437957 -0.140216791877095 -0.17908182659005
-0.00255231870668997 -0.0121387559520864 0.0973651902096556 -0.28663736771876
0.00407997901167016 0.000175163521210353 0.386465160738779 -0.0320062068198692
0.00173395681021292 0.00469348706421285 0.231987249409092 0.31982204159143
-0.0086821147157912 0.00571012954749625 -0.0808206145469723 0.263906721079097
-0.00578838832908011 -0.00164374104613441 0.006557516719509 0.0440574881072575
-0.00473160658081709 -0.000932889161704894 0.15148424647065 -0.200949032112164
0.00060571080710074 0.0111757489627051 -0.1634586419351 -0.407034473392528
0.0064354697154239 0.0106945912699162 -0.480711406397892 -0.0388189559184015
0.00667201164330193 -0.00330800501541914 -0.172776450781152 0.349128177405872
0.000665722979613065 -0.00915123727221955 0.149567350594142 0.232863637021052
-0.00243310006493761 -0.00495403946888509 0.186139731922669 0.0106127584112588
-0.00134200510087711 -0.00138601206241139 0.0734836282803218 -0.123006207408648
-0.000406790884493816 0.00794795721875377 -0.0772773199521662 0.0945271044539454
-0.00217820990890058 0.000726555222511879 -0.131280981785803 -0.00531831988630415
-0.0065446379667862 -0.00938526096616309 -0.136526870931996 -0.181398236992254
-0.00276263250299896 -0.0124527599742167 0.103450691363519 -0.283905410102613
0.00242720473646642 8.8993311446464E-05 0.38687085601164 -0.021133948678488
0.000175139205884267 0.00380630415650374 0.226412480389728 0.327279061277969
-0.0087468843666985 0.00385503204747957 -0.0849653665597367 0.265199656693387
-0.00500546512725705 -0.00314639823713199 0.00676355345632175 0.0445953358714032
-0.00495146807081047 -0.00206459015461146 0.149195181476068 -0.201396713620891
-0.00107049878653215 0.0102967003505584 -0.170249786481635 -0.401854155279217
0.00488671706636824 0.0108028752644705 -0.480178080015371 -0.0260280609105781
0.00533568981726606 -0.0031595960709935 -0.164894873141896 0.353336879345262
0.000858539989837356 -0.0103408775352485 0.154081226226747 0.229447343610474
-0.00119400256550564 -0.00541159876909637 0.187996184349784 0.00749100053192106
0.000898752115435536 -0.000497497692068844 0.0736644305571824 -0.124125350679555
0.0010451059489722 0.00811014819297212 -0.0757226953340177 0.0933969012829477
-0.000436649107546008 0.000613688008133538 -0.12876216667238 -0.00810939371178125
-0.00554562106348584 -0.00951690284241374 -0.132031864899988 -0.184887765169965
-0.00268688745467342 -0.0117629907140782 0.108780760977017 -0.280755356501972
0.00161738292112751 -0.00051574384238433 0.387728202805343 -0.00932744587410168
-0.000333924480593568 0.00145170604591281 0.218813613051973 0.33574459561908
-0.00866665079990214 0.00211520384333515 -0.0887842169784465 0.264493591661627
-0.00473754666291316 -0.00409090204096728 0.00704694794822003 0.0443615167317364
-0.00522261511977366 -0.00399120933907858 0.14527662385742 -0.202565160428125
-0.00179193248841997 0.00865160730099478 -0.179089103621064 -0.39356258072354
0.00334696631599851 0.0102651040264605 -0.47990302614275 -0.0120421112299571
0.00447686668250025 -0.00288710112287895 -0.156489466168731 0.35703255000934
0.00125069552550701 -0.00947468098749657 0.158341585162927 0.225293707852651
0.000461912664840899 -0.0052134975798462 0.189166366980147 0.0038477079605129
0.00358781864102224 -0.000980100446780225 0.0740960944957135 -0.126546319266947
0.00300022891072099 0.00807770671864437 -0.0743602612015796 0.0928867793211282
0.000645935914325877 0.00104257727598397 -0.126747199047973 -0.0106903901258171
-0.00446469690645207 -0.00788798949084089 -0.128380756828706 -0.187677715972989
-0.00245557950481931 -0.0100885489054177 0.116030495176119 -0.278218247795932
0.000137170785656072 -0.00155824339219119 0.388971975343875 0.000187965356757383
-0.00159326248360853 -0.000839615197329989 0.211774215381742 0.340476462252671
-0.00830233256665708 0.000450056883886999 -0.0923091851912195 0.26405458836552
-0.00418233653159827 -0.00566355426531391 0.00782728456542641 0.0443839468840309
-0.00463285227010886 -0.00516692173227724 0.142626970367915 -0.204378090275226
-0.00311955424630115 0.00624770909020156 -0.185755222914599 -0.389289848529733
0.00130202614986695 0.00916379138667075 -0.479326125389767 -0.000922484084868025
0.00460671263701023 -0.0017057489597231 -0.149425425592665 0.359386182126994
0.00343702824341048 -0.00765609373979848 0.163305806189286 0.221928422189448
0.00212123926230257 -0.00458482982056873 0.190150019519071 0.000958792507883635
0.00535400439606654 -8.11390346074021E-05 0.0751974175676866 -0.127923020698237
-0.00407865531921473 0.00609604979190354 -0.0766014729918778 0.100066689536056
-0.00225742564152689 0.00630741875703908 -0.134927718321157 -0.00304638499379893
-0.00338223254957703 0.00278354441297288 -0.143535601471121 -0.180144237361168
0.00183378942594237 -0.00535896229418411 0.0959509321590189 -0.289536061699171
0.00387334892491943 -0.0028789501494195 0.384123558027492 -0.0388854919264301
0.00178389443198185 -0.00046745517483503 0.228505665111253 0.313532308778745
-0.00887431556285319 0.00520598651440994 -0.0806745945356592 0.257166802965484
-0.00774691994349418 -0.00126368656253014 0.00861383679717867 0.0407024025823765
-0.00459936186765755 -0.0019545244960325 0.153500608987266 -0.205700956336317
0.000213952826212213 0.00515217806115138 -0.161018782759305 -0.416867234448693
0.0048638016528999 0.00713999549581364 -0.481627886185039 -0.05088782754887
0.00987610436343647 0.00336177954445223 -0.177197312234096 0.342722472161865
0.0046909981342403 0.00360204527773118 0.145794477657152 0.2301207350741
-0.000926211561202322 0.00174812850358011 0.184453375057794 0.0111109090352559
-0.00415030766142045 -0.00144185527443548 0.0748737871615084 -0.122105849095418
-0.00461093042330521 0.00629592738074925 -0.0781177362358236 0.100018003126018
-0.00320447005299935 0.00501627979409834 -0.135719808208128 -0.00127582352624344
-0.00509173412036564 -6.39085610610868E-05 -0.14500517940115 -0.178191904355228
0.000765874886858911 -0.00812149151175186 0.0931502822058935 -0.29011942506288
0.00498579472145693 -0.00138994890997843 0.383622025492098 -0.0425705767332369
0.00279585571738955 0.00163309968960239 0.232770432404071 0.310103120265142
-0.00919409561720601 0.00626614985480597 -0.0787216115551146 0.259704763972478
-0.00745360587635579 -0.00102955529786395 0.00784380637794572 0.0413105386554478
-0.00459019953779879 -0.000233117832568434 0.155668382182108 -0.2032167118599
0.000592409600720084 0.00756856030389306 -0.156208853974835 -0.417782615376423
0.00582943552012976 0.00882746359067397 -0.481605681196561 -0.0548753862990859
0.00890079541928556 0.0012191527949715 -0.181184259722121 0.3405030091546
0.0029841998496982 -0.000162430434437593 0.1435401667151 0.233317652976222
-0.00242826125856337 0.000230502344808689 0.183441598696216 0.012772149669322
-0.00464068794803032 -0.00135954988803771 0.0750504660496649 -0.121510756051129
-0.00459419769687641 0.00701918353511334 -0.0787483338140796 0.0993296176568574
-0.0040798740086517 0.0038770608446699 -0.135572089348595 -0.00104051816231637
-0.00594249829419443 -0.00363407460064774 -0.145371909551439 -0.17697663525313
-0.000250387113647906 -0.00964349518614843 0.0923554557212929 -0.288931524516385
0.00518323204759464 -0.000486689532482468 0.383646180903535 -0.0419869072794262
0.00262545409003703 0.00387547218473102 0.234655258496839 0.310649938075904
-0.00910780700480082 0.00696975528066189 -0.0786318243081282 0.260363093769795
-0.00697032708135754 -0.000779524948141107 0.00734336702202344 0.0430500553348538
-0.00498362852091064 9.463879281346E-06 0.15551337809568 -0.200997654732527
0.00121422726379281 0.00992247689063737 -0.155117156898266 -0.416139139872783
0.00689670824669854 0.00990454576578532 -0.481398401204525 -0.0558744092227384
0.00857604836748363 -0.000644498925108753 -0.182444870332382 0.341900274125582
0.00168904488304143 -0.00390137587674105 0.143266130493776 0.234827401648531
-0.00317051313959431 -0.0017894747435009 0.184314690909764 0.0140782332887347
-0.00484260070197844 -0.00159219931903357 0.074181432398906 -0.121296748908129
-0.00351425378838723 0.00716625082069652 -0.0786202891691147 0.0989929471598765
-0.00418818309390658 0.00251222313394844 -0.134973009323684 -0.00148027267549317
-0.00731048558151042 -0.00635837918638949 -0.14285734222055 -0.177621058585212
-0.00142077322528438 -0.0113225907484553 0.0944712953300136 -0.287547463364111
0.00474843912370827 -0.000131028216158438 0.384502615083094 -0.0367561744315567
0.00175184539146045 0.00470211940231617 0.232997680557464 0.31551273511391
-0.00949849615739005 0.00657758512675089 -0.0798867727029232 0.261717247658649
-0.00697258860161801 -0.00117515004389425 0.00673900994790142 0.0435611083319478
-0.00493936304027074 -7.54621478850086E-05 0.154618522630555 -0.199839409036354
0.00107039876706388 0.0110163037210495 -0.15610476550696 -0.412725950679239
0.00700291574605611 0.0104546643633621 -0.482115102178664 -0.0506392953065052
0.0078753917559521 -0.00281907138184936 -0.181078808923352 0.344527994947136
0.000689689149588386 -0.00727753521616547 0.145307209055119 0.235215559331372
-0.00287161151323677 -0.00370571498315533 0.185823128123137 0.0132218638994466
-0.00327309001318812 -0.00131731630834771 0.074104664575234 -0.121124647334307
-0.00214198330240516 0.00794587345424756 -0.0786026856628806 0.0967304533176122
-0.00329522001011968 0.00139505189399395 -0.133638964070995 -0.00391083861952393
-0.00725659514175939 -0.00851962202554427 -0.139435036743882 -0.179995315862723
-0.00229732836889297 -0.0119151495618909 0.0987074792768604 -0.285582282173789
0.00428796431843799 0.000500497844756551 0.384861168371994 -0.0284728999501544
0.00138470695608624 0.00441355344288701 0.228307139669739 0.321202034166625
-0.009437933533332 0.00587322145079177 -0.0825540191477357 0.263129581467686
-0.00574160218263071 -0.00184855156013265 0.00644749705196869 0.0445635106698331
-0.00517571122394717 -0.000880615333181282 0.152651597247213 -0.1997890645047
0.000301423674180863 0.011340618098471 -0.160426646723307 -0.407736458126154
0.00628338609490557 0.0111537923807675 -0.481106811577248 -0.0412396301101652
0.00661041786941302 -0.00353669407111816 -0.174494599256865 0.347703585865801
0.00118246957957156 -0.00987708488884875 0.148292487515225 0.23339487478297
-0.0025850088380217 -0.0049645394064555 0.186403041715346 0.0116017480364273
-0.00128283289543685 -0.00134409437286572 0.0738618583843528 -0.122372513397828
-0.000825443576908053 0.00746429070628661 -0.0771697574535561 0.0944674012902179
-0.00212808540225289 0.0013706844006101 -0.131097070267027 -0.00674549986502992
-0.00679596528225733 -0.00942380633814854 -0.135629604996762 -0.182648063855184
-0.0026179334743436 -0.0125122732407634 0.104751803538724 -0.282371962947046
0.00293857039142618 0.000564358609759539 0.386492262015617 -0.0181666773171446
-1.99622939682197E-05 0.00339662401953191 0.223905632074418 0.328495407078344
-0.00938781050346546 0.00427558958067281 -0.0867844177519885 0.262983276889442
-0.0051610133771145 -0.0032394955388545 0.00644262747189336 0.0444779651365161
-0.00474821360441342 -0.0022723623796636 0.150449727580821 -0.199841171630035
-0.000866244406524979 0.0104387759900675 -0.167736688163646 -0.401396918951632
0.00482341805226707 0.0108348366340693 -0.479694590616498 -0.0295350987510134
0.00531251420804293 -0.00324641104731846 -0.167425796224114 0.352000860580753
0.000682779311350702 -0.00983131393328498 0.15229222440685 0.230395874577617
-0.00112591680138317 -0.00545535654700195 0.187419812059124 0.00867016696916566
0.000718729503563498 -0.00130931812599188 0.0742951386811887 -0.124531287979516
0.0013904326255793 0.008203231070627 -0.0757686708108269 0.09347541688973
-0.000824446814552039 0.000705450882843975 -0.128691985894577 -0.00857404034480447
-0.00551065769856687 -0.00903663787512133 -0.130688660427219 -0.185628891368481
-0.00232425339814787 -0.0116404822717736 0.111038599139071 -0.278653592633812
0.0013097176416866 0.000278998456800494 0.387414897581575 -0.00624426577400963
-0.000419613058698491 0.00157911166732782 0.215926332514061 0.335452075630326
-0.00917395195023918 0.00253010052764258 -0.0898617770835963 0.2629567563293
-0.00443589410449289 -0.00433449375971883 0.00719872387473521 0.0443752752031105
-0.00478271770155908 -0.00397530665258669 0.14686488422623 -0.200456774909711
-0.00186002465975849 0.00820752634785163 -0.176808615174444 -0.394259061927204
0.00342806684546099 0.0101036910776062 -0.480009800986895 -0.0153383155098531
0.00470197632983068 -0.00305466490833626 -0.159037487672721 0.355859078302413
0.00181959724914643 -0.00965742733019819 0.157670935526239 0.226216336386852
0.000373469437290042 -0.00559443593141234 0.188827838961588 0.00448125457224905
0.00314239812676811 -0.00128656513192995 0.0748370466305003 -0.125655480271596
0.00286090502957081 0.00767950996492863 -0.074680849685343 0.092757459289873
0.000576453741896139 0.00139874777090454 -0.126462893079292 -0.0116200430339049
-0.00482156520504802 -0.00779359592832392 -0.127461163564948 -0.188507174190695
-0.00226393815907737 -0.0100611961695501 0.117033639269185 -0.27670117561436
0.000448617807182317 -0.00164158081512909 0.388205538536534 0.00254440329687712
-0.00152242387207545 -0.00133763812866742 0.211143121275163 0.340749818881151
-0.00869112718538395 0.000469956130822074 -0.0940351881344155 0.261731559326952
-0.00459703823236658 -0.00562086947645309 0.00758000163217979 0.0437249450661406
-0.00470510809676138 -0.00511754346905079 0.144302264614874 -0.202851256794032
-0.00308508927327149 0.00583970897158949 -0.183599124943191 -0.390155625916203
0.00119828270078756 0.00918381952523485 -0.479289332505123 -0.0049789110058681
0.00430738431190734 -0.00160504647878156 -0.151618932805094 0.358087194318937
0.00296294343594018 -0.00789229601782866 0.161892322806714 0.222087926301541
0.0021643170514981 -0.00438337030432593 0.190173895517447 0.00138331177682219
0.00524555090224123 -0.000277051477032756 0.0760416200996568 -0.127467775995341
-0.00244940549172198 0.00579973594941273 -0.0609199160915532 0.108848355550607
0.000120114110541354 0.00725963485472594 -0.133781649125165 0.0161378273597909
-0.00234429819389035 0.00564109153251933 -0.168584943917267 -0.158528240606176
-0.000824639230769355 -0.00362782615970049 0.0555196744913458 -0.300217033877418
0.000684591631997463 -0.00512610406968233 0.375692484666476 -0.089991710840917
0.000285254133583841 -0.00191522214426277 0.269023985418628 0.277804256413276
-0.00814070738376535 0.00636165915209027 -0.0415020273767509 0.26643846800714
-0.00769852370138021 0.000291242625782564 0.0146241571518826 0.039019128929603
-0.00456185682756386 -0.0012710916991401 0.121115894971562 -0.225837322324788
0.00128005783035781 0.00317594913257857 -0.222305441581811 -0.385625057618198
0.00400065323606071 0.00466696718679439 -0.480379505359557 0.0245755715677222
0.00757970377879217 0.000499719005922315 -0.117856195279857 0.364811135192063
0.00292791878504807 0.00281512252147137 0.181043628452457 0.203656691874813
-0.000978008414551467 0.00236256824559559 0.181189953907405 -0.0189175673650781
-0.00402550872193693 -0.000249214326957363 0.0534163985644784 -0.13216607518322
-0.00329719375205534 0.00599696341460572 -0.0621339858817122 0.110051282481191
-0.00131342450062832 0.00622247925173666 -0.134630049068596 0.0178767813253029
-0.00431382909259358 0.00183556967343035 -0.168724571046656 -0.156262389228174
-0.00219444760090324 -0.00530223609571404 0.0530120729375711 -0.299381248550906
0.00153928355163556 -0.00408060146594084 0.374973362324923 -0.094059317936532
0.00120486693491928 0.000645217366931536 0.272910960518894 0.274899131712275
-0.00809312740641008 0.00742941400840189 -0.0392515172465541 0.267154239324916
-0.00783665096502756 0.000784950447797917 0.0136092046123415 0.0400796507634884
-0.00420013163736461 -0.000132531379821564 0.12250481058698 -0.22340965742431
0.00238979764026741 0.00577864659146787 -0.21634016121641 -0.386300376565798
0.00562571292486123 0.00602914391251487 -0.479776963311215 0.0198293583405004
0.00600743843471057 -0.00142513103821619 -0.122229657549798 0.364427878704463
0.000449528961352338 -0.000131173435895889 0.17934409176701 0.206714986990412
-0.00277994636237176 0.000998840440878253 0.181253811431636 -0.0176548512352229
-0.00490169594812129 6.67146235463082E-05 0.053508223907896 -0.131266040229585
-0.00300312689401613 0.0063153112311189 -0.0627119838310372 0.108159322589259
-0.00187412070117971 0.00403851720010674 -0.134293411185835 0.0185216155589912
-0.0058533879986616 -0.000951930946834227 -0.16943976856213 -0.154984339786897
-0.00360594845999112 -0.00797383690155642 0.0526795897075239 -0.298620716278342
0.00226741863572208 -0.00263674766900377 0.375312077413982 -0.0930704704042399
0.00122325096983306 0.00294425776319999 0.27497931603828 0.274686090641776
-0.0084561342986562 0.00801704840463938 -0.0384135149853343 0.268518978942424
-0.00734802306416789 0.000415657444761753 0.0132768358948584 0.0416138976245771
-0.00400627846367317 0.000320810690103319 0.123098340895636 -0.220828238873601
0.0027492936181969 0.007478654576668 -0.215039857424689 -0.386637504821949
0.00642839803383338 0.00719494880665168 -0.480830007911603 0.0204790628556797
0.00545398722042953 -0.00339019419593567 -0.12346457931513 0.365928721233727
-0.00199594135244295 -0.0040172606490836 0.180013053034056 0.208563376303186
-0.00355114757440379 -0.000984865055683465 0.181631318982229 -0.0174799996134298
-0.00458256971860846 -0.000373346893257815 0.053405130347203 -0.130682170532883
-0.00216006568259538 0.00695632518652371 -0.0629900912003896 0.107884457349466
-0.00241421514957514 0.0030426127707203 -0.133770812507689 0.0173841988892713
-0.00716891163027059 -0.00346382277902322 -0.167532276513984 -0.156759102446285
-0.00522861465266342 -0.00926583755899355 0.0544128592318955 -0.297154839758364
0.00177177464144116 -0.00179335122207428 0.376570181384852 -0.0889537212680861
0.000910051780558124 0.00387205430375513 0.27332153869776 0.280112077106998
-0.00822961157721524 0.00789694110859287 -0.0398243022630377 0.271102721843484
-0.00644588540129455 -0.000337154416330473 0.013144335853113 0.0425833203090479
-0.00454992331077382 0.000162086255202482 0.12287430701836 -0.219298614879966
0.00316261368380243 0.00864742807256093 -0.216129357464921 -0.381480691812036
0.00690443854395655 0.0078663173249316 -0.479954451059797 0.0240568364802944
0.00425764386172516 -0.0052156097645041 -0.121329090200661 0.367643682760979
-0.00300904368138598 -0.00695538335242641 0.181664698476999 0.208646913237576
-0.00354147344744569 -0.00255318550476426 0.182717201284913 -0.017162179314196
-0.00278158122777201 -0.000294976162075532 0.053362026662921 -0.130894514453901
-0.000849773084300328 0.00710414312595909 -0.0632521488156389 0.105915804179831
-0.00182473125418524 0.00212119952069172 -0.132773827919905 0.0150027579373502
-0.00772909607403398 -0.00588200903148154 -0.164911414169236 -0.158604819595927
-0.00601128078429976 -0.0101113390264164 0.0594595692240066 -0.295400422668382
0.000523696222980681 -0.00150132219914076 0.379125550031514 -0.0802328532385261
5.38030435564309E-05 0.00364336149187988 0.271430267613302 0.286333832709634
-0.00853433442634104 0.00683992613079788 -0.0421225303581059 0.271689672261387
-0.00585470524207661 -0.000878236485365018 0.013303721917951 0.0434786618047654
-0.00447300126503869 -0.000302053205841049 0.120981888402233 -0.21883500908853
0.00230907535909185 0.00934587709444774 -0.218382087482784 -0.376201682802798
0.00615891979966174 0.00808608317124148 -0.478366620662035 0.0335944656763542
0.00286082292987727 -0.00571967117939063 -0.114890141961002 0.370575309417424
-0.0029834514458822 -0.00922061521190087 0.183903018635785 0.206221104059839
-0.00332636941198622 -0.00404714788153147 0.183773003820724 -0.0194771213702756
-0.00126333096867353 -0.000733995037746954 0.0530542553888502 -0.132024287979401
0.0011287323553759 0.00747819189066981 -0.0620516438253773 0.103833669388386
-0.000689832092159047 0.00146603012576719 -0.130810872387196 0.0123655208459771
-0.00733323176517339 -0.0065358307752139 -0.160514645820585 -0.162213319088996
-0.00657734825408153 -0.0106794074728708 0.0660383379077094 -0.293438504915306
-0.000579189561968515 -0.00149933009308385 0.381499619466582 -0.069937011037343
-0.000483414733423886 0.00291823028938073 0.266439049136588 0.294373227822996
-0.00850118450527668 0.00530412284591515 -0.0460117454543382 0.272866776940974
-0.00591030122396598 -0.00222588161305164 0.013577831641934 0.0435868793511928
-0.00467266188104806 -0.00182932391534767 0.118562291803781 -0.218881976692644
0.000838835661874517 0.00835872710102732 -0.224630513444075 -0.368473083304633
0.00469857428420509 0.00806149198657705 -0.475252648821828 0.045896780259037
0.00195015142369865 -0.00605973411554297 -0.106600195481507 0.372504079313387
-0.0029527195575516 -0.00977253947456569 0.187621939999801 0.202205686575678
-0.00229256084963813 -0.00487267080441166 0.184737591383035 -0.0224135102190591
0.000760511877702024 -0.000885960787524311 0.0529122119410391 -0.133880191637905
0.00291279152009411 0.00717869655650113 -0.0606701172847726 0.102896962603242
0.000456277198990243 0.000706847584269632 -0.128876137104786 0.00934600805659604
-0.00614805156528081 -0.00656157175362088 -0.15711182386334 -0.165336154718671
-0.00613003707438679 -0.00907305997520635 0.0721298094574314 -0.290828687151376
-0.00180256536956116 -0.00183923495545589 0.383946869982672 -0.0590971989000688
-0.00206521462075904 0.00096546219140398 0.2604780430861 0.302296702725394
-0.00869592222097729 0.00375792053800742 -0.0495562265387543 0.273097049544696
-0.0058152035701696 -0.00362749931471599 0.0140637604417744 0.0431595187558224
-0.00493448156869487 -0.00310129174829193 0.114609871904513 -0.219138798139925
5.85028582296768E-06 0.00682025105515832 -0.232232370533791 -0.360290233244287
0.00297156195336853 0.00738146590062913 -0.472163555261559 0.0583969690396719
0.00123287292014407 -0.00448002384440517 -0.0978993286711189 0.375158537640376
-0.00230607816184981 -0.00929045359816412 0.192834850600509 0.196675606447639
-0.00103723018631613 -0.00482563750376646 0.185284975160409 -0.0258282501365039
0.0035813583071118 -0.000956844701728534 0.0534738136931908 -0.135549756289972
0.00522095532314304 0.00634885331522575 -0.0598621840561825 0.101495867561735
0.00192051937038267 0.00143263163853086 -0.12647434964597 0.00565999855175127
-0.00468336598140077 -0.00499147727551906 -0.153870414658605 -0.169435046179332
-0.0055631535417195 -0.00822702889715336 0.0781784465908858 -0.289391453193072
-0.003219893376756 -0.0030589718064812 0.384947154748505 -0.0497783894999715
-0.00355657834833148 -0.00147209279037479 0.254358845691005 0.308122689210185
-0.00900734610215293 0.00173863730967343 -0.0536503624789075 0.272686640325936
-0.00482053782921531 -0.00436858326878109 0.0139347404279427 0.0427730532446712
-0.00574353385686371 -0.00535310622584412 0.112132892242761 -0.220576815779841
-0.00183685227299231 0.00441650435076457 -0.239218927157443 -0.35452461976957
0.000644909919727329 0.0074912802931327 -0.469706022755499 0.0687075004269236
0.00129696363405411 -0.0032581222930281 -0.0902658837960941 0.376438841893567
-0.000917404585698942 -0.00754619365847356 0.196107353021839 0.19310007558244
0.00100067345895502 -0.00412821126276849 0.185933313521341 -0.0292792028492228
0.00545816596185476 -0.00123125115335106 0.0542932889242393 -0.137202070963927
-0.00269784741251239 0.00556017836599026 -0.0609537611637194 0.109674590332692
-0.000180839790921898 0.00672069294715086 -0.134516812362102 0.0160165579084583
-0.0022767112005082 0.00512537667642539 -0.168230403674403 -0.159425915482246
-0.00077683481601236 -0.00403151319620909 0.0571080501965095 -0.299284767714249
0.000555422585440989 -0.00492731313410574 0.377660865949269 -0.088229828778686
0.000200802248148861 -0.00170204626638711 0.2675735085096 0.278505939927959
-0.00834197346207311 0.00666308184567164 -0.0433262715620258 0.266397217316449
-0.00775806714960767 5.99200685726441E-05 0.0142070217574107 0.0391856479230146
-0.00431346496320383 -0.00143093260758232 0.122664793919209 -0.224636283406931
0.00116048141689051 0.00327497584005568 -0.219081903395638 -0.385890688385686
0.00392908185760216 0.00472851223724633 -0.481295246691282 0.0214343142250105
0.00709501826890367 0.000504665857290362 -0.120474031668867 0.365722919668135
0.00266216793256118 0.002607029445731 0.180491830438712 0.204626831657432
-0.000976376420022116 0.00248048041702951 0.182572963530529 -0.0188706713031932
-0.00389319541212176 -0.000285036644687127 0.0541350594886084 -0.132736494885143
-0.00304485397932755 0.00589956325476364 -0.0624175942247572 0.109670656456149
-0.00123180644598968 0.00573383095690513 -0.134548214619421 0.0175722706649162
-0.0043208579637347 0.00226099092939577 -0.169178790232867 -0.15759976013106
-0.0023348505319429 -0.00543880373308038 0.054585211210149 -0.300171139020608
0.00129143611495202 -0.00366210445150522 0.377298936628023 -0.0920452001236008
0.00119947577172879 0.00103833207808235 0.272058531905917 0.275706329695474
-0.00833835557634795 0.00796949465905403 -0.041077850092924 0.267275609173136
-0.0078217446902486 0.000279550032466641 0.0138578891178179 0.040504515308008
-0.0043191884880215 -0.000178338509739916 0.124301811227918 -0.222085238051243
0.00238401155610799 0.0059996611948016 -0.213770350768837 -0.388481143077087
0.00559767388295012 0.00630641542982672 -0.482018976749562 0.0177382371352729
0.00641633526732537 -0.00150359143336791 -0.124835652025964 0.365480972211581
1.79367204224379E-05 -1.83290984321158E-05 0.17906587263279 0.208459465478515
-0.00255405175743099 0.000876377243167985 0.182193856043561 -0.0170830139653338
-0.00496927160200925 -0.000185257754083395 0.0544039068827106 -0.132199790875056
-0.00293794222956962 0.00631282546089419 -0.0630282842411224 0.109270128079717
-0.00268787878035528 0.00415204003521668 -0.135247946491906 0.0169992184407203
-0.00593263027423791 -0.000883889453327988 -0.169924246870454 -0.156559217656483
-0.00359294309566811 -0.00749399683880664 0.0548527708760971 -0.29862742172187
0.00203743324492662 -0.00296758025036541 0.377578911755178 -0.0912152727790324
0.00143044697979897 0.00250607381389018 0.273726558685235 0.277317650959072
-0.00818135758727974 0.00810690959980468 -0.0407771124410346 0.268234011945395
-0.00748027191144366 0.000643120119107986 0.0131777323712552 0.0415143256522948
-0.00460427862858364 -0.000133336992484663 0.12495339402335 -0.220351205167297
0.00289878984636053 0.0077708329801305 -0.214209044245386 -0.387987423073834
0.00673110057733228 0.00681167541974247 -0.482300007940046 0.0172355211523917
0.00520363034667427 -0.00379664238270312 -0.125613819424248 0.366500220112471
-0.00116789306861131 -0.00430847344291805 0.179696033568168 0.209889093783712
-0.00367044660208944 -0.00102467426624785 0.182557805209052 -0.0160790011135184
-0.00426848735805879 3.54170926944106E-05 0.0536305842158199 -0.130879300765958
-0.00213827572723598 0.00689350405611867 -0.0636173324724756 0.107971060661759
-0.00259688997866285 0.00294425206397846 -0.134174794869603 0.0165445858767168
-0.00706293627942153 -0.00362081263860973 -0.167416262123596 -0.157527019911022
-0.00492552544745614 -0.00909169702704129 0.0569516168281259 -0.297881174929826
0.00166746337458152 -0.00187539605047059 0.378429717578364 -0.0862460226498823
0.00108606495897486 0.00358081595377336 0.272006068005812 0.280622200756911
-0.00815196469917038 0.00793446632608751 -0.0419283643006832 0.270460074899035
-0.00647739548851674 6.39650520714271E-06 0.0126510035867367 0.0425259429062306
-0.00434976136882717 -0.000399803448831782 0.124645796910959 -0.218977305750181
0.00270633872318591 0.00891957661952782 -0.213860128088273 -0.383739837647055
0.00672868152804814 0.00746446354078032 -0.481969066004389 0.0225703174847059
0.00399880186350117 -0.0049649970345455 -0.123141285639605 0.368227436633819
-0.0028402242739667 -0.00738105087137104 0.180997407205683 0.210182473021391
-0.00396830458190972 -0.00275267916698576 0.183316030598003 -0.0173541471823471
-0.00355947746804487 -0.000611263212644833 0.053638124446261 -0.131390865714198
-0.000662427992102003 0.00690392770092631 -0.0631650412189863 0.106433269830819
-0.00208347731677247 0.00168394421416866 -0.133205925989029 0.0139882161560525
-0.00758716082969193 -0.00564260062784409 -0.164511184394315 -0.159675601818025
-0.00574004497491387 -0.0099959102756774 0.0610735169356032 -0.296087094498619
0.000883447765091466 -0.00158728453677404 0.380753419956592 -0.0786534454290163
0.000236591279613309 0.00372361807596841 0.269764586593197 0.287739844635746
-0.00846411047418941 0.00695337235840338 -0.043702075608759 0.272106998800758
-0.0062650384043692 -0.000642752974216031 0.0130110101063695 0.0431426654883254
-0.00452818108511891 -0.00107970520338023 0.122835152597396 -0.21848981966206
0.00209978088193664 0.00917698793504688 -0.217173301306551 -0.378100604202263
0.00666840842350741 0.00802728938082049 -0.479221098794326 0.0319553578986887
0.00292888811959848 -0.00570898900835966 -0.117244233982258 0.371635056077119
-0.00359808211666587 -0.00951806382692316 0.184037673952122 0.207368312646259
-0.00350773556368483 -0.00437819159828007 0.184500119522272 -0.0189400934525217
-0.00143129999738211 -0.000847835909455288 0.0532340824951915 -0.133222278887789
0.00108448131318144 0.00685008911935428 -0.0623263402320214 0.104475235537895
-0.000909472148902319 0.00100150619089183 -0.131124132250338 0.0111704422960039
-0.00734542516309017 -0.00675205438594074 -0.16114777224306 -0.163034301001768
-0.00620445703395128 -0.00991716503507034 0.067330036954784 -0.293444096280442
-0.000398368798591313 -0.00134739995564335 0.382061447748077 -0.0679581295685855
-0.00106160003417672 0.00263477235102313 0.26441718531896 0.296281601615989
-0.00860288382949463 0.00502062328889905 -0.0483341225457485 0.272727945922803
-0.00551828989161234 -0.00228477411395783 0.0130873647198796 0.043172298120309
-0.00461190176920095 -0.00164758715320496 0.120340577341619 -0.218106229590397
0.00138533062494297 0.00830427255997705 -0.22295756471476 -0.370420930065341
0.00479560674634181 0.00867899207774287 -0.476988110942288 0.0438946476570133
0.00190302544664638 -0.00596703878705664 -0.108996338827996 0.373635517769911
-0.0033931895754284 -0.0100496997780386 0.187801697415325 0.20371564563122
-0.00234314564810226 -0.00494013281902587 0.185383530491026 -0.0220730404434222
0.000857007530347252 -0.000599682965933858 0.0536925517190049 -0.134127940281224
0.00278837754966 0.00706101746776699 -0.0611919142972032 0.102774130573179
0.000688853498175354 0.0012041221406964 -0.129025214311671 0.00877593175854208
-0.00625372647725467 -0.00640748092511947 -0.156786238195418 -0.166244916195167
-0.00630775746688687 -0.00904111518707309 0.0735317426668385 -0.291256320096345
-0.00138325948629159 -0.00221583430131534 0.384730821829305 -0.0568938626896543
-0.00168261214124939 0.000703611534278361 0.258929011731338 0.304018415791109
-0.00912910267959828 0.00325220539519575 -0.0514429780892431 0.272999589474321
-0.00528806475089537 -0.00346177381914373 0.0136455173963417 0.0433566381995477
-0.00479082268896365 -0.00343224773495057 0.116847790103741 -0.219173736587464
-0.00078439511342795 0.0065903784481361 -0.230484108735377 -0.362640295435538
0.00262115914860702 0.00787988734748158 -0.4740058879138 0.0554653248524344
0.00135227151626212 -0.00526948822291985 -0.100151415121247 0.375599522133491
-0.00234536596415327 -0.00967506849438816 0.192419613450825 0.199052109550026
-0.00100806209282494 -0.00532507976171021 0.185615340708315 -0.0255091022033972
0.00369932598369394 -0.00103995760609226 0.0539244154039051 -0.135249768657351
0.00479126075649647 0.00621592878199894 -0.0601807330373774 0.102443174312992
0.0021438712591528 0.000803643566028572 -0.127304461635216 0.00558551751864708
-0.0043389806796809 -0.00549528319616453 -0.15339775041678 -0.170577190672917
-0.00575389558507184 -0.00807840962152425 0.079941673096937 -0.289125402525177
-0.0031044306282296 -0.00288361783331034 0.387488527326549 -0.0484009467156791
-0.00339985685302806 -0.00173027711136239 0.253381183290394 0.309942297471674
-0.00912217404172295 0.00196208879260693 -0.055689376145216 0.272622969939111
-0.00475209111310932 -0.00484581783867953 0.014177761735264 0.0424447365917056
-0.00559299705696289 -0.00517979110156238 0.113911978668463 -0.220315710332438
-0.00227156949113607 0.00453920860269387 -0.238216899155386 -0.357377337938805
0.00121850031614539 0.00669374774937908 -0.471728938509031 0.06683743366334
0.0010718221501608 -0.0037164776685106 -0.0924475207102474 0.377357566396817
-0.000886903467593195 -0.00799513713695885 0.19537335499791 0.195005195129522
0.000596581093143762 -0.00459766725849087 0.187112971212732 -0.0291137519850704
0.0058575859785187 -0.00143662643253087 0.0542984675732261 -0.137543927073378
-0.00259166153206792 0.00547759365515461 -0.0615880026884109 0.110417399044908
-0.000569857870894546 0.00734336988383496 -0.134857607489566 0.0146849241700413
-0.00253781650851647 0.00528727708898275 -0.168516298174664 -0.160608999934159
-0.000710188511343841 -0.00349210639655917 0.059016051125713 -0.300748445455094
0.00080971413812804 -0.00503977412742489 0.37989987742132 -0.087077430855398
0.000581641563163801 -0.00175091098543586 0.267357248549497 0.281912703552402
-0.00838205926955525 0.00648696650382039 -0.0447733040224884 0.266506929463706
-0.00762996842687348 1.19647532860921E-05 0.0146474280786892 0.0393732510025907
-0.00440671057108738 -0.00184403095503873 0.124946079541839 -0.224318924812316
0.00150217795236989 0.00279676308090899 -0.217733435852612 -0.389931213869012
0.00426577205485032 0.00487107734676193 -0.484269864836974 0.0198120377971171
0.00705065722138153 0.000431872971638623 -0.122495480773507 0.367637215124729
0.00274889917784543 0.00308859495494252 0.180902961372819 0.207042611500785
-0.00124659618376751 0.00246398729395792 0.182948433220687 -0.0178403065230477
-0.0036661756905118 -0.000207478748834347 0.0553526502894844 -0.133427667371229
-0.00307424012409148 0.00589286201233537 -0.0627204161280793 0.110171730746721
-0.00159333465565395 0.00573710224539557 -0.135817285276869 0.0167454257098316
-0.00423610132164163 0.002218673084459 -0.169613775454351 -0.158121291058143
-0.00222476433209783 -0.00543239074755823 0.0562737077422548 -0.300429518082195
0.0018753875538923 -0.00359881634855305 0.378683485754293 -0.0907270217309053
0.00111820321895833 0.000815232303724777 0.270262801752282 0.277392606642643
-0.00857718715579762 0.00789656128982504 -0.0425945397484469 0.26707195680452
-0.00753627484521612 0.000718050881839574 0.0137754134505999 0.0408829552815382
-0.00437642881256397 -0.000683651024324323 0.126898501580894 -0.22196527598822
0.00213069430993746 0.00581370777230603 -0.212984358808802 -0.391051238372862
0.00547379512786665 0.00592356240430852 -0.484736872089048 0.0154680210347927
0.00610476411675329 -0.00125333369289176 -0.126497324906109 0.366579175089355
8.43315316218724E-05 -0.000607195138308497 0.179436848924986 0.210129056936099
-0.00247670004241859 0.00136877190674091 0.182874888385954 -0.0170253246486259
-0.00479588131637115 -6.4758577556911E-05 0.0546578420834209 -0.132450282530031
-0.00324155092194052 0.0061064503681776 -0.0633429420845297 0.109755921758275
-0.00251979658840605 0.00413148841119112 -0.135660090607663 0.0169349693326816
-0.00619992432331211 -0.00102356391441925 -0.169905455500885 -0.156909739435582
-0.00336238555987332 -0.00777273164928306 0.0563441510813575 -0.299006387415078
0.00167150624030958 -0.00275344960431846 0.378848695996411 -0.090381601615002
0.00126517823686472 0.00263005928014481 0.273445362662315 0.278331281794135
-0.008403608170601 0.00887713637051192 -0.0426956449840776 0.269140714947806
-0.00736096529835317 0.000734316902712486 0.0134248682989847 0.0419154938894874
-0.004699770766385 0.000281943795268074 0.127288751260305 -0.220651556945062
0.00293166437764669 0.007857356115198 -0.212674853601906 -0.390259284297581
0.00703288356602164 0.00722548822707936 -0.483494292788287 0.0154518619421289
0.00536263698036855 -0.00379017317030103 -0.127989868680709 0.368077075298507
-0.0016281768469993 -0.0040317075453118 0.179040552012305 0.211374213349551
-0.003455350121467 -0.000619192020000408 0.183986003474293 -0.0157750433245221
-0.00448656028428849 -0.000329124916437588 0.0548111635660958 -0.132112318177628
-0.00204047481848976 0.00691736028426874 -0.0642236487315795 0.10872328536352
-0.00256900456276809 0.00299422232521528 -0.134866287615541 0.0160112071320848
-0.00722295469186033 -0.00337935893439096 -0.167915151496318 -0.157879290027266
-0.00466268941679569 -0.00887037083134751 0.0581544777419653 -0.298076630871522
0.00157151319837377 -0.00176311693732567 0.380510041005067 -0.0855495150809354
0.00156811892754307 0.00363880715486862 0.272292322333643 0.282413683119027
-0.00900246482598455 0.00818642738426623 -0.043364764793413 0.270864749445842
-0.0064830852385171 0.000218524820780355 0.0130018175228361 0.0426538277495795
-0.00433564373443708 -5.35907906819612E-05 0.127249504867062 -0.219040692862834
0.00257061599661112 0.00893134956220169 -0.213307158060673 -0.386723062975197
0.00720965964678849 0.00790611781989757 -0.483649768519035 0.0200528443033367
0.00413443600571062 -0.00519700762057564 -0.125064626916725 0.369839837623703
-0.00258402462055398 -0.00738701791541184 0.181046091150434 0.211767866125289
-0.00364078096600068 -0.00207829557242097 0.184380351213067 -0.016405197210727
-0.0028376308445842 -0.000244860060755704 0.0550363785689508 -0.132272112945894
-0.000690478750362399 0.00694369298579316 -0.0636272730589496 0.107168471093692
-0.002395638692066 0.00176352097396732 -0.133661682000959 0.0140104678646168
-0.00799182742223834 -0.00571562055879013 -0.164904237620879 -0.160505872832692
-0.00586988255433951 -0.0102182838423785 0.0624804359285729 -0.29632744349666
0.00096478165280326 -0.00132345412303796 0.382720731560934 -0.0773911714075852
0.000441083282362621 0.00357253460912533 0.269287956352928 0.289887194301382
-0.00830762873729557 0.00730300757735836 -0.0454700788707302 0.272415153608718
-0.00620647444119866 -0.00142502540859298 0.0131634619795642 0.0435274211726667
-0.00475553500701906 -0.000756926267868626 0.124836180000062 -0.218530715420598
0.00208737644214455 0.0092316818436532 -0.215847769739178 -0.38166833483182
0.00668710471215656 0.00779457812346285 -0.481922870121822 0.0294624114391133
0.00284697468278234 -0.00617560451077262 -0.1191348842548 0.372580656860622
-0.00359845308431842 -0.0095825757770561 0.184383222927751 0.20932648074765
-0.00327710335202256 -0.00407951657683354 0.185411266016805 -0.0185710570992886
-0.00102340392837289 -0.000361764403835444 0.0549344517592835 -0.133415844687421
0.000918336913208669 0.00691878990695357 -0.062921500146418 0.105454945139036
-0.00103764962681623 0.00129174980745729 -0.131472887838297 0.0106382436540993
-0.00745173278453511 -0.006711545254901 -0.161056699711697 -0.164081605747127
-0.00601848461577542 -0.0101023788784098 0.0689922304152533 -0.294021636856818
-0.000453050488359552 -0.00164033577413464 0.384503252908042 -0.0665229948784683
-0.000947131068503889 0.00282968349285452 0.262927525032162 0.298276059624038
-0.00897911003533085 0.00546620256103325 -0.0498268884828064 0.272786128898881
-0.00498409024429342 -0.00271670786274658 0.0133870390530749 0.0438063226917684
-0.00434899940962638 -0.00198065749293875 0.122580873490114 -0.217979563432868
0.00111773664625886 0.00856657018182767 -0.222933803071954 -0.37360238448125
0.0052219238580671 0.00817826371106646 -0.479636467880051 0.0413819596709719
0.00230423863488292 -0.0059681197037488 -0.11120015706285 0.375503776800956
-0.00327357139811369 -0.0104435033019857 0.188315855397586 0.205376965701529
-0.00222457295519517 -0.00500262562972771 0.186211048778848 -0.0216463895266292
0.00134150034765896 -0.00121338016403668 0.0550083770974405 -0.134769167628006
0.00301135398739445 0.00670686277995863 -0.0615487173507036 0.103881055863206
0.000226887109493251 0.0010487459617627 -0.129454530876309 0.00762964582579872
-0.00635061793921039 -0.00675507125955838 -0.156934868335296 -0.167621404334452
-0.00622318612498897 -0.00940285955076088 0.0744080602057363 -0.291649648995669
-0.00182044175520965 -0.00271266485551879 0.386643632351319 -0.0554924451967668
-0.00232027141221691 0.000322248329821187 0.258913087278812 0.305761197978846
-0.00913617407030495 0.00395566405133071 -0.0534543715075156 0.272693757542138
-0.00512565009773918 -0.00364317966501012 0.0138940976463114 0.0434313433516812
-0.00515132200555483 -0.00392329345211561 0.11934482378553 -0.218746149316323
-0.000881046579995241 0.00678725261099293 -0.22935122172926 -0.365415471602014
0.00261271981734607 0.00780530870372042 -0.477214560720857 0.0549461113776858
0.00129971990427332 -0.00511258793197537 -0.102291220929628 0.377385707913098
-0.0024441582769088 -0.00988556885588395 0.192392661489017 0.200635735969237
-0.000524090084647384 -0.00497074002144863 0.187472502642999 -0.0255753174705047
0.00321016379351838 -0.00132836259638854 0.0545907558602725 -0.136574408438429
0.00477121786852447 0.00626597832077556 -0.0603060642879494 0.102641330731946
0.00195824166874674 0.00112228202188359 -0.127937556733323 0.00449023576705414
-0.00424744634912696 -0.00492798693205983 -0.153203960874417 -0.171263627266604
-0.0056287218863766 -0.00792996295746253 0.0813091722263004 -0.289791214927166
-0.00320265618179995 -0.0037103080022639 0.388613480202948 -0.0459029810288235
-0.0028777154925716 -0.00208014567401027 0.252132044731035 0.311736726909098
-0.00916351398826376 0.00194704537406389 -0.0571765461742738 0.273237064694963
-0.00506913792933476 -0.00479302118466167 0.0145068747300321 0.0429218115960719
-0.00509005259536467 -0.00556144966388025 0.115752341255886 -0.220516215843155
-0.00211946614041879 0.00459290035744551 -0.236836391420008 -0.359437333833778
0.00108734820251206 0.00743909808738312 -0.474222721957558 0.0651772774493181
0.00119280315670227 -0.00297089928893763 -0.0948130151227025 0.379227054526435
-0.000565775866387445 -0.00800058157846753 0.196288157948663 0.196264013977619
0.00120408569543139 -0.00453587043167365 0.187955707953175 -0.0288558483796875
0.00559083551638661 -0.00106243789129295 0.0558056535387345 -0.138174793829957
-0.00284473411091511 0.00579720497208006 -0.0618206959254462 0.111102269544093
-0.00012717900564602 0.00699959700545967 -0.135739429382184 0.0144649447045738
-0.00246074917124941 0.00531778783277906 -0.169598750637436 -0.161589646096247
-0.000865301937934386 -0.00370784096889123 0.0606620188845308 -0.300976325817903
0.000891582470428524 -0.00518809117501873 0.381311050788155 -0.0864894886659043
0.000150665896400271 -0.00174968661998827 0.267109996934781 0.284167289236353
-0.00906197305148014 0.00672085606302898 -0.0465519529777693 0.266391981358094
-0.00800124993555163 0.000154868754320768 0.014351499085384 0.0393919983356835
-0.00444335675136891 -0.0016704905976448 0.126218435589323 -0.225228685054906
0.00108744221033376 0.00322605714680218 -0.217520660330659 -0.392096774432637
0.00434270204323715 0.00473446728557277 -0.4874761873545 0.018304739346437
0.00682653725462001 0.000805023934182602 -0.124665230262241 0.369799719060769
0.00199026097074616 0.00308229081841702 0.182231672171854 0.209292524297135
-0.00127377365373758 0.00272535850701494 0.184601111486172 -0.0178875639084787
-0.00449366827593691 0.00018777379935317 0.0558620301377414 -0.134162605320337
-0.00317575667942097 0.00577468437995624 -0.063012654627288 0.111425674052701
-0.00154329410952791 0.00593015376717368 -0.136502073705511 0.0162885262501006
-0.00430408257639289 0.00247906338483968 -0.170054608651141 -0.159918299906762
-0.00189186544666826 -0.00551327754479504 0.0570863892322679 -0.301987225851366
0.00171169615550591 -0.00378684092359044 0.380897311167025 -0.0902677681110142
0.00172602914213198 0.000951880702161345 0.271794872020281 0.27995112670743
-0.00829808898482632 0.00808322562290893 -0.0436540911430388 0.267856075359701
-0.00768878446840447 0.000554328441211866 0.0139828020774557 0.0407260190698399
-0.00464131419172625 -0.000426030232542279 0.12913405295112 -0.222684205674594
0.00187406135736338 0.00556493864121395 -0.213682779476807 -0.392830517239473
0.00589518169416963 0.00543434855732447 -0.487745026137778 0.014321699350067
0.00601259228595141 -0.00183910708421287 -0.128445424474857 0.368851424908118
-7.29099315728665E-05 -0.000249578491357752 0.179658891608864 0.212180510517208
-0.00268370898949623 0.000534208665106736 0.184910410325936 -0.0161590495061133
-0.00485807655529758 4.69524723760361E-05 0.0553612364818812 -0.133630710646875
-0.00280215748045385 0.00593246071676662 -0.0640246526808299 0.110361296010144
-0.00218715562075346 0.00442615837897 -0.136216217634434 0.0167128709189357
-0.00631330038297473 -0.000811285340833409 -0.170772452752247 -0.157803373947774
-0.00355494222675051 -0.0075793619002135 0.0569196784415259 -0.300158020819255
0.00190816988218308 -0.00276127676627184 0.381105825020185 -0.0898206532947267
0.00159261357749262 0.00266397844994086 0.274866564381782 0.280379526003161
-0.00879377159830123 0.0087722837850853 -0.0435488926161267 0.269660432768808
-0.00755592593453942 0.000563859519257743 0.0135071917603938 0.0419978719160174
-0.00429596536829856 -4.977821933781E-06 0.128578798933524 -0.221073292396719
0.0027366433670482 0.00764012554388531 -0.212077524008503 -0.392673878891918
0.00710726591909957 0.00673663800174294 -0.486563628546265 0.0138759227546287
0.00503063939904236 -0.00358746849732971 -0.128931477966878 0.369742675842763
-0.00187505419425165 -0.00431455727831166 0.179929464788741 0.213170914570253
-0.00411142872479596 -0.00112430855829244 0.184827428813079 -0.0158864878576829
-0.00496513331843475 -0.000781118738352126 0.0548108240133973 -0.133095182918379
-0.00222610027807011 0.00683054825720654 -0.0642942517165989 0.109710539381429
-0.00253649825148759 0.00275250030245605 -0.135007302613521 0.015515166514584
-0.00720032017558781 -0.00393474877137207 -0.168762335873492 -0.159454992716756
-0.0045651620317507 -0.00907388049419296 0.0594920256373163 -0.299123214978901
0.0016970243155524 -0.00208727840836321 0.382358872844372 -0.0851809745360225
0.00121155252714347 0.00349665091552283 0.272522382087001 0.286027610131874
-0.00877895969324187 0.00848154551477964 -0.0448127656266313 0.271637181507156
-0.00678251154135949 -0.000208704490055818 0.0134417748640761 0.0430672913206873
-0.00467497369003467 -0.000403991461470026 0.128628742760481 -0.218876795476801
0.00271298186566969 0.0091016181222596 -0.214578690813394 -0.38853626809176
0.00733860671490851 0.00782495723842633 -0.487536274169391 0.0190330851362286
0.00416663599611751 -0.00506302907602108 -0.127567053588697 0.372189470529985
-0.00302029152338713 -0.00728446842636847 0.182265642893709 0.213335049359237
-0.00397231560014324 -0.00262949180762356 0.185622063761822 -0.0162491460840668
-0.00352275115358882 -0.000672795529860629 0.054458270222868 -0.13330708063999
-0.000641553947283505 0.00719683370056527 -0.0640442274447004 0.108060828073542
-0.00216849990103423 0.0016021134335936 -0.134700871440554 0.013010373935282
-0.00789519459456474 -0.00632116807016429 -0.165717732414983 -0.161605080112554
-0.00599728671805108 -0.0104917063607808 0.0639617620075614 -0.297365074449458
0.000964574901703229 -0.00150912032281524 0.384600741251668 -0.0763490886206648
-1.56668159819011E-05 0.00345439288977741 0.269523843761688 0.292672823493238
-0.00884036805769328 0.0076214212247727 -0.0470658297459038 0.273282803152465
-0.00643423478478846 -0.00105454279959724 0.0129560499933628 0.0436061562262281
-0.00437218615160537 -0.000649005928312293 0.126282135420597 -0.218515335669352
0.00194302486125989 0.00907918866050648 -0.215688568004315 -0.382209380131386
0.00684066361091348 0.0080197763440662 -0.486250495848906 0.0277613336183843
0.0029553314039682 -0.0056575032698631 -0.120328758209604 0.373701626841131
-0.00364008298655132 -0.00965763432953258 0.18503596535882 0.210845934222562
-0.00322174227552606 -0.00384400673628492 0.186531244423573 -0.0183580703909848
-0.00141353042992328 -0.000920701913459381 0.0550804613137766 -0.134046515998561
0.00106683131237436 0.00718373292453687 -0.0631701791395818 0.10587244080939
-0.000990464402574802 0.000908817174305753 -0.132544796946894 0.00994091775756402
-0.00691746668378463 -0.00671360808934272 -0.162084013209604 -0.164862985696226
-0.00586155219173084 -0.00995980764057235 0.0698613546419325 -0.295453619904227
-0.000646488483154239 -0.00167899920835658 0.386569278583171 -0.065471932027529
-0.000716142324545772 0.0026001905601793 0.264310431931664 0.300620741164133
-0.00915517879086856 0.0059669006708061 -0.0508672470152023 0.27407347209121
-0.00586546650332437 -0.00284908129202604 0.0133305609386311 0.0438653490125253
-0.00429621341564192 -0.00213800378597888 0.124205933569986 -0.218764678249025
0.000927035520064424 0.00833752421509687 -0.222344237745426 -0.375039099565195
0.00480403783835488 0.00832152729602212 -0.482884665897637 0.0409332197719407
0.00154740313870673 -0.00596836660229027 -0.112409292963138 0.376776955994495
-0.00377449075553902 -0.0104693298836169 0.188620125422623 0.207068926473069
-0.00216248853655861 -0.0045895897313923 0.187503988465369 -0.0218485654728352
0.00118099110120035 -0.000767117339632748 0.0554132850857116 -0.135715276562185
0.00333515350971859 0.00678733430989961 -0.0624070690109344 0.104507461438778
0.000296904368945341 0.000739132777792569 -0.13006913741265 0.00776558717663418
-0.00614449581928412 -0.00701157017023724 -0.157907053029962 -0.168984306608362
-0.00577169786263657 -0.00948618348414556 0.0763246661572047 -0.293054263850504
-0.00190132707019501 -0.0025493201695302 0.388907215275463 -0.0548938383898021
-0.00192268810134212 0.000668575291778776 0.257719821027052 0.307541726231328
-0.00931419329691476 0.00401302867729838 -0.0545555600656721 0.274437176505865
-0.00548959799686647 -0.00386074308235336 0.0137088128543267 0.0435931448077379
-0.00482522237502996 -0.00358211003277759 0.120468643376279 -0.219556457203842
-0.000456744863064342 0.00669189408399228 -0.229175859572473 -0.368723859963279
0.00274764994809878 0.00772542612960061 -0.479098159822588 0.0530289707422337
0.000838884572954475 -0.00496088480776273 -0.102999464805531 0.378812087904805
-0.00230864587211613 -0.00964914183871491 0.193171238102528 0.202313583278422
-0.000671099177198124 -0.00540308644246885 0.188350340883049 -0.0256168527295279
0.00291887893617033 -0.00124993172314255 0.0552431941715803 -0.137683291081186
0.00490173573011262 0.00619995227115694 -0.0604704215507967 0.10350122805722
0.00168614033915349 0.000898529052834638 -0.128504697056759 0.00453452691037078
-0.00441794191832842 -0.00486919875097239 -0.154077709335829 -0.172409523253716
-0.00573979099533292 -0.00821484711606103 0.082956373951277 -0.290956702817614
-0.00309577466385471 -0.00388896526374923 0.391463458228295 -0.0446151014223117
-0.00304535375033921 -0.00227006754254378 0.253136687702709 0.313620288072557
-0.00928753988059557 0.00206839434007296 -0.0584182599990016 0.27453516667838
-0.00499157679850562 -0.00495531201518747 0.0145962703432271 0.0434521264028793
-0.00516253262603266 -0.00548813830326152 0.117600437669216 -0.220443199424253
-0.00240725439515194 0.00464335829876747 -0.236881018475677 -0.362457363281029
0.000820707190331555 0.00740181519160033 -0.476513771256543 0.0644567907636344
0.00140906450722336 -0.003774666650961 -0.0959989141188506 0.381000884666378
-0.00073879303067743 -0.00844251157800586 0.197150498787754 0.198350820508309
0.000779164513555213 -0.00448307048500859 0.189065605499444 -0.0289439794620617
0.00583734895117474 -0.00119682243853396 0.0562725309767479 -0.139679080430684
-0.0026171335834055 0.00550553063474893 -0.061921373814508 0.111723531910178
-0.00033907723826026 0.00724075164624786 -0.137039579877496 0.0148697420372003
-0.00246031439064968 0.00539857408145423 -0.170496089191695 -0.162638232463494
-0.000796373109952792 -0.00378812485303811 0.0617836046754704 -0.30321310823954
0.00067480913749689 -0.00544453712223157 0.384517372346837 -0.085660743053518
0.000394814548761219 -0.00177438850364227 0.268197200499945 0.284667467474653
-0.00877086944617525 0.00730271186970751 -0.047396379459559 0.268724412786069
-0.00792322953595464 0.000136630580642499 0.0149917118508192 0.0396787067498204
-0.00450537127198531 -0.00201630114279264 0.128774559779901 -0.226423852168025
0.000794559779163635 0.00337470119236541 -0.219463083417773 -0.396899467081372
0.00426173907626737 0.00505104721590534 -0.490300597883899 0.0184200484414312
0.00674905002961259 0.000736650847930783 -0.126067733670826 0.371185407796504
0.00259631650293138 0.00295278146228127 0.181779838266112 0.210110877381414
-0.00123665669048391 0.00287122819406492 0.186426998395482 -0.0180924218187646
-0.00403865953617242 -0.000547087670929206 0.0557617349765917 -0.135559504331381
-0.00337223970835472 0.00558386249612274 -0.0635912358818603 0.111998116128294
-0.00177057014799605 0.00551011411282309 -0.137416796128808 0.0159978943690017
-0.00419825448252191 0.00215599648596426 -0.172026280213563 -0.159846141997411
-0.00169780798075541 -0.00554922857829101 0.0582070379728923 -0.302662068939534
0.00176683692802379 -0.00403119543972537 0.38337204356111 -0.0895580462811865
0.00115684005673891 0.000373307404449146 0.27222018364016 0.283171913135599
-0.0087702220196965 0.00854417000936703 -0.045330326887909 0.269220605753103
-0.00742173393463211 0.000803038948848974 0.0142257933467496 0.0412639832276247
-0.00422437917316431 -0.00086421954937062 0.129936887529004 -0.22327461056188
0.0021967910029232 0.00604025799853365 -0.215592765997545 -0.395866430264574
0.00630328065718062 0.00658668502038284 -0.490928964498761 0.0132838708127379
0.00602195324114544 -0.00194193572046359 -0.130405076690962 0.371287474013668
0.000169813844127424 -0.000833469941181342 0.180674331923503 0.213352210788656
-0.00292443635094972 0.000878564936719932 0.186019917975111 -0.0167525361690562
-0.00497801111181488 -0.000197708206627983 0.055914614176679 -0.134537557446577
-0.00300781206631724 0.00625059912017411 -0.0635423958959701 0.111826473846519
-0.00215325205671048 0.00436594520599296 -0.136980649742224 0.0160280810281631
-0.00611225246675723 -0.00103309555264323 -0.17172166307939 -0.158936968133709
-0.00323525726035363 -0.00725977271779216 0.0577947282715539 -0.301181124529254
0.00207409366182697 -0.00266105025143656 0.384292527394829 -0.0894512372700993
0.0016340223597264 0.00245907636742228 0.274246573585994 0.283243796755053
-0.00873554710757364 0.00923018111770279 -0.0446661293369669 0.269945532919736
-0.00759353439392643 0.000372120351643187 0.0140426130855504 0.0419517459694163
-0.00423703658065194 -7.68550460319346E-05 0.13028738544009 -0.221565337852206
0.00272132248937888 0.00792412328023107 -0.212694723753389 -0.395820053024177
0.00710019909971936 0.00695939132505346 -0.49091570714796 0.0153832605499103
0.00560334167130473 -0.00345492575435839 -0.13018689335318 0.372120264299914
-0.00172789362908954 -0.00412512564066735 0.181183188169788 0.214767116297781
-0.00344878057619551 -0.00112386989112603 0.186323951920465 -0.0156042909298782
-0.0043919414021896 -0.000408963391550948 0.0556041079199859 -0.134410136855486
-0.00193012412786374 0.00619737183040246 -0.0646273136351431 0.110467027938295
-0.00259916205248629 0.00300251530352946 -0.136289288079744 0.0149786383377679
-0.00697778788809269 -0.00374152313441224 -0.170022291847771 -0.15988070966627
-0.00484835013409603 -0.00898936772364141 0.0601384569527221 -0.301486968054112
0.00149135398806882 -0.00230560226280627 0.384939578129287 -0.0842788099628763
0.00150902688988303 0.00380782599113889 0.273286406924047 0.287786646122386
-0.00859264383774752 0.00869205184402078 -0.0460862277500221 0.272597257431302
-0.00702361447415014 -0.000201282927475264 0.0131280618162089 0.0435073267609631
-0.00456333807531524 -0.00052445461141667 0.130367274823897 -0.220325292929787
0.00256804223019707 0.00938265645879208 -0.213806886290631 -0.390876693104495
0.0074857742238805 0.00818326088689477 -0.490392457041038 0.0181766203016293
0.00414785907924245 -0.00497355906205352 -0.128870777116727 0.374896105931861
-0.00323517422626703 -0.00740896357721334 0.182647318957259 0.214876647835321
-0.00382420389984241 -0.00243041452235367 0.186783779046318 -0.0166470089495463
-0.00341457664121251 -0.00104288927346522 0.0554120199798808 -0.134325066098458
-0.000698242242014388 0.00663297790349556 -0.064365479404323 0.109198564547303
-0.0023305316904044 0.00182145606033086 -0.13495116405716 0.0125635620180029
-0.00778335254412116 -0.00607649822879802 -0.166825418434479 -0.162681499481579
-0.00600399040131829 -0.00992641606525884 0.0649931185648279 -0.298594399654954
0.000813772992351559 -0.00120118477977372 0.387932943376031 -0.0763375508177591
0.00043457102406751 0.00342959019048575 0.270309054216551 0.29420598348033
-0.00898593169196187 0.00747467867561842 -0.0489994136682036 0.272998140900331
-0.00625192457252821 -0.00114948178036501 0.0135419405334033 0.0438794423109243
-0.0044148124162094 -0.00147052125091353 0.128367940841799 -0.219446846106245
0.00180788411653215 0.00952659290610339 -0.21725364658956 -0.385687187614939
0.0068523202564223 0.00841536536277468 -0.487725779442813 0.0274063427489272
0.00275791480053469 -0.00588295189186223 -0.121772292529357 0.377324271172078
-0.00359272720961467 -0.00969241231619552 0.186461412587306 0.212684249994775
-0.00373265506687051 -0.00444736201886823 0.188611565261141 -0.0188384886824612
-0.000988877370651615 -0.000486831522104368 0.0553870261692522 -0.135446258664134
0.000819538465227877 0.00697917164084365 -0.0635981192993103 0.10649319544713
-0.00109292231720262 0.00087849594324527 -0.13299469858573 0.0104050796752932
-0.00715913074896582 -0.00730750471131934 -0.163257992238749 -0.166213440660917
-0.00621771641930706 -0.0101301693333952 0.0709534826011425 -0.295809988568727
-0.00026894350660306 -0.00176215659643356 0.388742579634662 -0.0655416550373218
-0.000945566453646582 0.00262491380674933 0.265259997198128 0.301253922162628
-0.0091934622398043 0.00644811897271436 -0.052343655626365 0.274717167396581
-0.00611887597542239 -0.00227336265895619 0.0130002766434254 0.0445676947883551
-0.00478952604624652 -0.00235534392249503 0.125565860638505 -0.219174570163811
0.000923400040125557 0.00847594490857955 -0.223837367169082 -0.378720533214251
0.00515175630899234 0.00843336928218636 -0.485432071281723 0.0402502276514615
0.00169751241344297 -0.00562490867909067 -0.114052024962296 0.379571413477171
-0.00345003217259457 -0.0107618716331701 0.190174033944838 0.209090593833695
-0.0024490580107031 -0.00489159760693812 0.189188174079115 -0.0217260111575234
0.00127813699011786 -0.00154246031782501 0.0555700726124596 -0.136877985849349
0.00296576078284926 0.00652450386759003 -0.0624282316196788 0.105488475020189
-5.1329540794356E-05 0.000589209605943405 -0.131073236030423 0.00673180811412055
-0.00623208927608848 -0.00652338550130427 -0.158725138699069 -0.169499654838816
-0.00660083898375225 -0.00897785529341739 0.0774794010129122 -0.293818628619099
-0.00231546130259314 -0.00279523364268314 0.392291566273151 -0.0543663172780517
-0.00225285101239286 0.000243573206255758 0.25924133461448 0.309078490422005
-0.00923542012434127 0.00439831626172786 -0.0557775851898142 0.274635308990079
-0.00510474944564108 -0.00341927204560066 0.0139696802605815 0.0437268705016646
-0.00489165927791299 -0.00405675660979732 0.122355805178602 -0.220438734313704
-0.0011329504421029 0.00689023852246401 -0.228878422313602 -0.370976472978681
0.00284130208142734 0.00808322136782386 -0.482432814199974 0.0532875390984849
0.000809904368801746 -0.0046920656063432 -0.105049794464769 0.381952719694715
-0.00257748836626312 -0.0100748204875091 0.194269759938468 0.203627482959248
-0.000603750172564101 -0.00472617386938726 0.189978083277485 -0.0264436318776097
0.00390219502207139 -0.00143092468993474 0.0558232443320954 -0.138266145857849
0.00503516210641281 0.00634363532624951 -0.0611366958490376 0.104399008972607
0.00131859833918576 0.00100328712137331 -0.129434507841598 0.00441176149008945
-0.00472366568834662 -0.00529721506141591 -0.155358325319721 -0.173387888974564
-0.00530266343422005 -0.00799108923897912 0.0841044939932362 -0.291984095725199
-0.00318510767677448 -0.00339451348210619 0.394149226865667 -0.0450382744371964
-0.00327305034072516 -0.0025176146944903 0.252884119490928 0.316810564105336
-0.00969627233183634 0.00252534041528946 -0.0601512049016149 0.274771038955934
-0.00561555563188368 -0.0048772266216171 0.0144515918960686 0.0437277900698191
-0.00545828627175043 -0.00518437362488102 0.119305310412454 -0.221921441032009
-0.00247255493928191 0.0045860763039415 -0.237746327346035 -0.365206561366079
0.00064563225743968 0.00712029955335767 -0.479849245031189 0.0629916475170962
0.000975258599774431 -0.00320307622526208 -0.0971198074179812 0.38374894747363
-0.000990976830262932 -0.00841566005577097 0.197832608981687 0.198926555492697
0.00110643879338738 -0.00473853007954834 0.190544867976795 -0.0295499587724481
0.00601205719526911 -0.000964738373465274 0.0566138970732083 -0.140159072026186
-0.00258853779231767 0.0057902027351491 -0.0620473505140563 0.112695467220893
-0.000497116077498048 0.00692732904696739 -0.137318499257129 0.0146662726923037
-0.00242071148760753 0.00563238126797119 -0.172066619331056 -0.163251903008707
-0.000867371974309935 -0.00369501842024296 0.0618965798194215 -0.305145945752559
0.000146559778812424 -0.0051436129450267 0.38735123565994 -0.0863795689289583
0.000382603625481778 -0.00231209357994067 0.270877254462064 0.286990102544855
-0.00926557877394793 0.0075795604774821 -0.0487263238747671 0.269434165856381
-0.00829290277673907 4.44844002717376E-07 0.0148191262604491 0.0404581303868513
-0.00472879110253102 -0.00209141108471772 0.129863198497975 -0.227544320427353
0.00105452991686533 0.00294280245331564 -0.220242742970486 -0.396956654691667
0.00447417309430873 0.00514198165282556 -0.494442092193699 0.0192921689056574
0.00712963992337742 0.000726890350588161 -0.12730194075934 0.374433786333351
0.00239478956142622 0.00316542927094326 0.184484202676642 0.211887862245006
-0.00143467071211158 0.00262796515652601 0.187674805133517 -0.0189992163308129
-0.00417178316906769 -0.000418952498629768 0.0567822298150229 -0.13653652318597
-0.00327687445297005 0.00559862805302112 -0.0626809776857487 0.113085440434449
-0.00157697181361119 0.00576200194211479 -0.138232493964816 0.0156453047438487
-0.00436809295335333 0.00232293447394231 -0.17298740301056 -0.161171228037564
-0.00155746448733388 -0.00618237230350278 0.0591558243731097 -0.304506392963211
0.00158818700343814 -0.0038745385853021 0.386633963158316 -0.0905113867110627
0.00120195311240281 0.000626035605583759 0.273730699304177 0.283086733543356
-0.00849669395965611 0.00879937013703971 -0.0459052951085679 0.27091685427201
-0.00817980534275817 0.00068864303440886 0.0144114256443734 0.041308760069321
-0.00441140891024682 -0.00114414331565239 0.132405288245613 -0.22465306933459
0.00231045001426101 0.0063428382847839 -0.215362420796646 -0.398505659454773
0.00612911778973251 0.00586221691772212 -0.494985803524394 0.0136434064573954
0.00596842500787205 -0.0012459007433436 -0.130842815296583 0.373790051532292
0.000258128293224016 -0.000613770509802917 0.182619829321168 0.214855583852813
-0.00298856789033629 0.00132904580292464 0.187298490645657 -0.0169064119962853
-0.00494245649541148 -0.000697303505038186 0.0561149354511992 -0.135510614270863
-0.00291360600068109 0.00594840069819884 -0.0642497993932166 0.113547257668063
-0.00306598426184999 0.00388206516043084 -0.137518922141505 0.015785185632484
-0.00612984134280352 -0.000803987772761309 -0.173677060079645 -0.159847980971396
-0.00347413385917399 -0.00766487302071928 0.0588377275536206 -0.303956536635341
0.00200161224336447 -0.00274882982927926 0.386980432118977 -0.0898413364202459
0.00168437977811066 0.00216688347375183 0.275560853124619 0.286002999529964
-0.00890981106964403 0.00972885342784415 -0.0450812495654619 0.272025073821325
-0.0075369239312655 0.000559610839669313 0.0137405612000912 0.0422932425888666
-0.00479230169891335 -0.00034734138508994 0.132458408343089 -0.222896122075308
0.00276773952071763 0.00760823084412947 -0.215027017657827 -0.397952644413647
0.00711096409357205 0.00716982998538842 -0.495488338290521 0.013133780576153
0.00530058536764402 -0.0035130319075469 -0.132153163220949 0.375377754206533
-0.00178965918220639 -0.00421312092164747 0.182815738279051 0.216476539907216
-0.00388268852252951 -0.00103069786268115 0.187926101642895 -0.0171439001147401
-0.0046146394384436 -0.000345961390752758 0.0558902442115162 -0.135643454931242
-0.00265334346931611 0.00697464805104517 -0.0644260011120456 0.111739110860935
-0.00232925009097943 0.00255582552298247 -0.137652569614526 0.0151846135289857
-0.00736785691259768 -0.00415324307518854 -0.17103388699208 -0.160844213059017
-0.00422798062006133 -0.00924659822035271 0.0611490959488198 -0.302772344120554
0.0018330135130453 -0.00212660040749179 0.387566047424294 -0.0847231057158167
0.0012041746075077 0.00334139874977947 0.274303969711048 0.288471047561878
-0.0090207304171542 0.00917162907167556 -0.0467127984098581 0.274337224099264
-0.00750425333744994 0.000212322417658581 0.0137263091770252 0.0437087634494777
-0.0044568929721563 -0.000362133426493739 0.131883615968108 -0.221249290791392
0.00251253911587638 0.00925222006007415 -0.214334363086408 -0.39600146425173
0.0070872906132334 0.00798114399412743 -0.495141976554055 0.018492622903341
0.00415811638203046 -0.00524909704010526 -0.129774632312993 0.377825581823748
-0.0032828044087254 -0.00749170733696332 0.184128523356618 0.216049929676852
-0.00362222953822672 -0.00280994689444427 0.188149363552265 -0.0173454607289141
-0.00315425341634004 -0.000843665884937184 0.0557744645764418 -0.135620817072725
-0.000744204840498868 0.00669487929609249 -0.0644980231453102 0.110271568119555
-0.00205049844931585 0.00194556000972857 -0.136291127200775 0.0126611814070335
-0.00783568617501898 -0.00569805741498837 -0.167756134954402 -0.163634412806129
-0.00601019113354576 -0.0101998839277096 0.0648258421131721 -0.300404701398985
0.000615276429131394 -0.00173550323757593 0.390216408641333 -0.0764563672118373
0.000124642092299098 0.0031006882466387 0.271944698282096 0.296432478777528
-0.00951415764767051 0.00811286474570478 -0.0491175035951734 0.275540879283304
-0.00639541273619724 -0.00109464546891123 0.0134415814033238 0.044111619591882
-0.00427180120446078 -0.00107912007284892 0.129281216167283 -0.221288481648317
0.0018624778973616 0.00920185023448928 -0.217343012918959 -0.389336785656652
0.00667590359273764 0.00810585113876526 -0.492224384871722 0.0282577875554619
0.0031953780280476 -0.00604610367806989 -0.123248880249084 0.38025866658933
-0.00374108549741836 -0.0100077074454413 0.186981148114923 0.214163812889417
-0.00339232478373258 -0.0044082270345681 0.189555920163639 -0.0195205916907445
-0.00132956054525836 -0.00103923147463585 0.0559934872681167 -0.136832131689854
0.00162449763818686 0.00649792750065062 -0.0634679515903504 0.107882594809722
-0.00111581458334648 0.000866310539494974 -0.134014018739982 0.0101290778082188
-0.00750410129930282 -0.00689238736370554 -0.164266133152975 -0.166793143984277
-0.00580871596580999 -0.0101141149822402 0.0719983134231958 -0.298131380322264
-0.000695812857553617 -0.00172567643939225 0.392448118336284 -0.0657277840439729
-0.000813574119194348 0.00205500748752843 0.266563537667398 0.304843928091414
-0.00933271290235361 0.0063209408662437 -0.0529964096125317 0.276237453574817
-0.00583140310550033 -0.00247975689113521 0.0135821277033212 0.0438896989744197
-0.00446566389040142 -0.00238245649502899 0.127678266358194 -0.220680818076257
0.000604719739449842 0.00863365561938893 -0.224089703645707 -0.381544265429426
0.00528481266807037 0.00858011773307341 -0.489768423356772 0.0400391773609905
0.00132199361199396 -0.00587769694809754 -0.114995912674904 0.382977217817116
-0.00354683477559639 -0.0103053387020526 0.191676310670197 0.210131829589983
-0.00217608573240751 -0.00538762502317331 0.190172301008764 -0.0223435811423546
0.00148659537226981 -0.00112718214667354 0.0562479674016697 -0.138826234181561
0.00336496387879566 0.00670341852443598 -0.0620544009901843 0.106800207153054
3.84536655504723E-05 0.000625598874465694 -0.132062661089879 0.00751851060143398
-0.00638907756926215 -0.00680220298781716 -0.160237855639621 -0.170297835919975
-0.00587567049057453 -0.00962798061791243 0.0779582285434238 -0.296183682947791
-0.00196597099142427 -0.00237465437403613 0.394505518023839 -0.0538516388096154
-0.00215808388131426 0.000283716712576557 0.260791146033843 0.312385800596791
-0.00963117986915703 0.00468720535930003 -0.0563435013785554 0.276188950272462
-0.00558868351451274 -0.0033539699334931 0.0137855223866876 0.0439202844872849
-0.00456671009016364 -0.00420834592722669 0.123918816542103 -0.221577528873597
-0.000624467717206376 0.00658491138814177 -0.231981960602272 -0.37354752691271
0.00320577682046583 0.00831171989139298 -0.486537013686637 0.0531330098396153
0.00110447243993385 -0.00564340463293314 -0.105723264423669 0.386145101959167
-0.0028706211414109 -0.00985741549702947 0.195613127297147 0.205227217991024
-0.000671971867361853 -0.00549337704630193 0.191118890510812 -0.0261530206564051
0.00368187779439611 -0.00137641790595985 0.0562437527556617 -0.140027569612629
0.00511071019852136 0.00658057810211172 -0.0610715446926147 0.10569086792111
0.00137376940197544 0.000604072839120557 -0.1302581312592 0.00395766078048563
-0.0049550458504223 -0.00580881859951494 -0.156243225564042 -0.174259357417343
-0.005421683628781 -0.00789376528397044 0.0849208535913338 -0.293712008230546
-0.00361545102009803 -0.00407181857201778 0.396348429315262 -0.0448645003604115
-0.00329977553177891 -0.00227040883140483 0.254668040813418 0.319143440861846
-0.00940118427245459 0.00271897117565343 -0.0610948532475677 0.276500683470365
-0.00552603872639009 -0.00490731369227522 0.0150075409736738 0.0435384221870446
-0.00520923956297344 -0.00562533203243945 0.121343281350677 -0.222795313954609
-0.00279996820131177 0.00436179372912364 -0.238299891625494 -0.368564132515674
0.00138350761488142 0.00783005344866205 -0.484692748511436 0.0638577119287894
0.00109122539870801 -0.00369433316635103 -0.0981609290932742 0.387309932857638
-0.0013210974112123 -0.00833053420275126 0.198977958314666 0.200911850528535
0.00108938570297974 -0.00454198000667981 0.191927576704596 -0.0294396056164775
0.00549973690625325 -0.00134840263181193 0.0574903639368926 -0.141753460686378
-0.00271559995223551 0.0055992981751956 -0.0621983695959225 0.114365228946786
-0.000356731444729721 0.00696101789645009 -0.139051367790927 0.0144738206052485
-0.00239673810863333 0.00542124031722454 -0.173460511409837 -0.163641698061506
-0.000285223458677199 -0.00358790724164622 0.0623337410528791 -0.306448638222877
0.000527138946360953 -0.00535450104760144 0.389705402796099 -0.0872716590224312
-5.11265778054323E-05 -0.00231029545270567 0.272087735591673 0.288127899521084
-0.0092582075151759 0.00820982462762934 -0.0485991824503426 0.270883931543802
-0.00832571943337817 0.000394126270175139 0.015039788617053 0.0408035014629757
-0.00475260311214085 -0.00244876714674772 0.131486659590338 -0.22944895491544
0.00106547225696709 0.00287697105347602 -0.222720613090152 -0.401572561080152
0.00478927838155502 0.00514600777622618 -0.498148467524743 0.0182973711783604
0.00743319491966815 0.000542376656656098 -0.126685332160724 0.378256969718483
0.00217288248683307 0.00313886909034799 0.186011286239971 0.212763798449502
-0.00119855667072082 0.00244868104749676 0.188693843604412 -0.0198025159833466
-0.0043057194167558 -0.000456914982116403 0.056470715864702 -0.138237662788722
-0.00308831743121496 0.00601432226115173 -0.0632266874046565 0.114141419221041
-0.00166127142161281 0.00602363447917528 -0.139366729299313 0.0161994497287004
-0.00450858541541409 0.00243574841701403 -0.174243349703254 -0.160993315109816
-0.00191471407461385 -0.00558382989238579 0.0589141896269436 -0.306803331341352
0.00148240752777897 -0.00409445530194975 0.389027120923287 -0.0920702475544918
0.00153559566940908 0.00047125059241779 0.276067085631484 0.285401648514428
-0.008863087040433 0.00919874009155001 -0.0465886992517881 0.271937170770468
-0.00807878710453599 0.000826172045255503 0.014783470970008 0.0414822196422948
-0.0048220324037178 -0.00123808197525886 0.133429951847413 -0.226475320464108
0.00189549802451943 0.0058904659543127 -0.217692858448797 -0.401768842612868
0.00607788782794894 0.00603109594417581 -0.498644023380118 0.0151911304945802
0.00628775608916181 -0.00177939635282781 -0.131501614095725 0.377917636177953
-0.00012414207234236 -0.00049002477569159 0.184099527533497 0.216372864278125
-0.00294916949946719 0.000410815039580546 0.188772908373665 -0.018256044586807
-0.00542292640766474 -0.000100238262379308 0.0562865791855225 -0.137462699824691
-0.00309519405547775 0.00607831053458502 -0.0641303174285975 0.11384740568912
-0.00296172335559459 0.00409771444829623 -0.139197286217703 0.0162363596445466
-0.00622500247866547 -0.000950301950437597 -0.174136238779406 -0.159796395645454
-0.0035130294041972 -0.00805868285526225 0.0592060502029041 -0.305011447156714
0.00198406096706007 -0.00293974559825856 0.389689075663482 -0.0905327143861586
0.00134615178741554 0.00241461339532676 0.278039081662482 0.286113552591718
-0.00871712617729954 0.010243706023497 -0.0458690004731879 0.273637722122032
-0.00760354337058758 0.000491325092992809 0.0141261589626704 0.0429927511860408
-0.00483084707370334 -0.000415367030139193 0.133344107892432 -0.224905145105237
0.00264788344068209 0.00807666487312518 -0.216975565845282 -0.400751850499449
0.00689563233241504 0.0072319693708512 -0.498330995350338 0.0145991059577033
0.00539718924417497 -0.00407011294981282 -0.132109079755147 0.378443768914071
-0.00211322759851606 -0.00419021234310134 0.184471655062526 0.217481532355911
-0.00354343045566028 -0.00107892736501932 0.189650514810421 -0.0175806755170512
-0.00469074943761394 -0.000931626369638661 0.056171211843549 -0.136976255357202
-0.00229695907055073 0.0065784433185918 -0.0641448281588859 0.112877161669218
-0.00267185670687055 0.0022620789570715 -0.138684162565059 0.0154629054808369
-0.00753517642155892 -0.00374421076256388 -0.1728278667097 -0.161332262041931
-0.00443266523017196 -0.00903140909822625 0.0606994324062726 -0.304390292017586
0.00147986875958201 -0.00233616570064453 0.390685471524232 -0.0859925468873325
0.000885932773272469 0.00327667045173513 0.277537306532009 0.290525630034537
-0.00914787174224728 0.00961461276218251 -0.047004982334295 0.275496411812823
-0.00695048403002772 -9.54820734918175E-05 0.0136268555542342 0.0439720625471672
-0.00429046796290987 -0.000454901362689952 0.132840892370101 -0.223066498349694
0.00216498061533842 0.00914135704582686 -0.21617929001573 -0.39621355962022
0.00781040653249268 0.00798653767217055 -0.49728981617002 0.0207395421870969
0.00375570286577377 -0.00520299182533933 -0.130364385570682 0.380885246184601
-0.00309813359361404 -0.00789123503550613 0.186046148513421 0.217833807405112
-0.00410884192498947 -0.00301872328986752 0.189548223826402 -0.0178135669478485
-0.00332389299112296 -0.00114227954009216 0.0565679176139568 -0.136998276372376
-0.000917536638647097 0.00663161391473258 -0.0646353373750141 0.111526868568184
-0.00204368483042595 0.00148141200081585 -0.136686661476882 0.012707996265874
-0.00773914437876502 -0.00614999259392331 -0.169524305163345 -0.163939548834773
-0.00546819484859686 -0.0101572331324395 0.0654265204994488 -0.302041617860761
0.000362803072421771 -0.00171431478415991 0.393724091181044 -0.0775719938880511
7.9762171780226E-05 0.00290462896105398 0.274533458592748 0.297862020165664
-0.00935702680381937 0.00873709895963627 -0.0494065975696845 0.276258497680752
-0.00662018390615416 -0.00121511234720274 0.0140186821574273 0.0448158855496564
-0.00454390867513744 -0.00176313791206291 0.131641961573467 -0.222384361428048
0.00230621467066643 0.00913615630979316 -0.21952420497568 -0.391256740370147
0.00653733531259972 0.00819111396199145 -0.495677959126579 0.0281354670399802
0.00217748031449691 -0.00608938782333559 -0.123182027074125 0.383609966307346
-0.0040602248384645 -0.00983997279815843 0.188950845590186 0.21540739338625
-0.00360452688154886 -0.00439523747710141 0.191210379681938 -0.0200983510349055
-0.00109235526380203 -0.00145481587324576 0.0559240418986042 -0.138889588738737
0.00121096787395154 0.00673512492062381 -0.0639557345503309 0.109708105694777
-0.00141257647636884 0.00067437639619259 -0.134869564201168 0.00997392597747918
-0.00766924398048586 -0.00741163487959031 -0.165991166948697 -0.167530107244276
-0.00641058117375669 -0.0104553302361891 0.0725781189684009 -0.299420819797315
-0.000698933527318852 -0.0018702670594502 0.394597434608374 -0.0661775462893442
-0.00115137784316194 0.00211708489896997 0.269180822761982 0.305595529998332
-0.00945080816670355 0.00704863622509316 -0.0535766601583438 0.277237251148465
-0.00608802090688049 -0.00263157961327467 0.0139490903064374 0.0451599564192952
-0.00486234051773597 -0.00324167341045061 0.128763482596801 -0.222264106185237
0.00109968729002715 0.00852793440062109 -0.226501803453277 -0.383154645741778
0.00535161973693446 0.00868827839248751 -0.493012157799141 0.0419735150959847
0.00159684266108282 -0.00585870920278095 -0.114651246964534 0.385830360105077
-0.00377788277415474 -0.0105742002898578 0.193351132259933 0.211634794049732
-0.00192824319596779 -0.0053071628643163 0.191521291489438 -0.0230538172428147
0.00123186220476898 -0.00138799684895905 0.0560965762868064 -0.13943630362943
0.00262759659074913 0.00690970221444314 -0.0623759554991557 0.108063021221445
0.000538833733997031 0.000341239112090986 -0.13291471959313 0.00723364130098676
-0.00675471369213813 -0.00682221025164029 -0.161661359655214 -0.170806920027021
-0.00574645308533392 -0.0100667846190707 0.078832127887869 -0.297864346560385
-0.00160307011837369 -0.00288628175439777 0.397497294626091 -0.0551813569622336
-0.00217233802247398 0.000228504812864995 0.261742124704552 0.313712168252998
-0.00962041630423198 0.00483192923496073 -0.0563289068303423 0.277316517707114
-0.00547842861307336 -0.00379601483519653 0.014281791849559 0.0443131575953774
-0.00496584422470273 -0.00423903409356022 0.125059285148561 -0.223064716593983
-0.000745922190734038 0.00721545367968459 -0.233546595457055 -0.375468080321584
0.00311106208351103 0.00778087251914987 -0.490020538747424 0.054598418430187
0.00115817979445437 -0.00540134155618946 -0.104689244642378 0.38782804129644
-0.00284280425916846 -0.0108968800617363 0.197910252602132 0.206528482018738
-0.000638128362386886 -0.00531664222580569 0.192873059831709 -0.0270768921453507
0.00359686481291668 -0.00170767517914771 0.0565265643246885 -0.141427629070665
0.00518730554472413 0.00655176764057767 -0.0606962557560033 0.106967982204742
0.00183107076355691 0.00069882424511383 -0.131557445252987 0.00427439401209476
-0.00526352911029146 -0.00533533517123037 -0.15841933503139 -0.174737476538679
-0.00541919134145434 -0.00814375292336526 0.0864050626007388 -0.295623059877793
-0.00362451515948522 -0.00399339865807629 0.399056240769497 -0.0455366534029631
-0.00358228444193716 -0.00264471051808478 0.256140969741317 0.320233390885122
-0.00975536438334149 0.00314383949343309 -0.0613040327810435 0.277622553303269
-0.00550161500172437 -0.00465979102341049 0.0150511305768194 0.0437981726226389
-0.00588390434286585 -0.00579209749489232 0.12199300948177 -0.224488145133779
-0.00314153926153579 0.00451564780983054 -0.241207424586895 -0.370500496031375
0.000860548909827906 0.00747734824790442 -0.488146077420259 0.0656202972579413
0.00118900138335068 -0.00375068749216699 -0.0982356426955332 0.389827896601885
-0.0013201317124658 -0.00874241513202246 0.201090844223623 0.202219029203276
0.00108944494283126 -0.00480106908542917 0.193224163013662 -0.0306855578393095
0.00531503442831392 -0.00146065655046991 0.0567085877750985 -0.14348561831745
-0.00300549458090246 0.00522166417962733 -0.0616300475761255 0.115777766669997
-0.00052125814934013 0.00697891659748787 -0.139513423361988 0.0148814374393783
-0.00247763348201393 0.00595672419891829 -0.175407000916645 -0.163888313049285
-0.000463696829173729 -0.00374981880830027 0.062363680528931 -0.309069456063712
0.000586394609842081 -0.00548457814628212 0.392789697163799 -0.0887479573361907
0.000196383405789643 -0.00233138308855684 0.274937027172494 0.289287015996832
-0.00907345993135559 0.0084688653994932 -0.0490174390068457 0.273213605502073
-0.00846754564209548 0.000241544470704209 0.0154692438874616 0.040556166469556
-0.00479126151318279 -0.00224432142207128 0.131911874908898 -0.230424394222641
0.001291866971765 0.00302296491542618 -0.22475891331789 -0.402788807316502
0.00446304332472156 0.00503358963266012 -0.502381834225193 0.0202585201181578
0.0072663640481829 0.000682005610149834 -0.126754476715812 0.381318712571972
0.00232003780691902 0.0028579497533331 0.187740046141952 0.214052531486322
-0.00138080749516894 0.00242650572621042 0.189677462646226 -0.0211484149321266
-0.00433411846797244 -0.000628337167978313 0.0565189780226533 -0.139966926325901
-0.00337981113267413 0.0056363562732261 -0.0627973477058467 0.116033827080421
-0.00193661654930165 0.00581530575285624 -0.140230102762914 0.0170839595143339
-0.00441361663568487 0.00250612763243652 -0.176268963271768 -0.161405255311346
-0.00162752435413772 -0.00562094457385261 0.0591849649293286 -0.308243401907458
0.00140138834370728 -0.00418318246552243 0.391645326352065 -0.0938183489860418
0.00119373834240404 0.000214731091197268 0.279140033361815 0.287018748900049
-0.0093164096629592 0.00931268529744937 -0.0466490703389907 0.273812297867221
-0.00833117828337704 0.000687384008803903 0.0149149785399448 0.0419240210860881
-0.00489607817109949 -0.00115081184036814 0.134206142672888 -0.228282053413605
0.00198924312836814 0.00586574021597277 -0.218716156086235 -0.404313055306336
0.00620113764166663 0.00647578543000571 -0.502583687466158 0.0164921363279223
0.00664731030786058 -0.00173325434801589 -0.131579290437174 0.381216600115723
-0.00043177657929962 -0.00071100215539462 0.186168563899665 0.217007840467078
-0.00257770360483483 0.00104109034331689 0.189759130902866 -0.0187900256676954
-0.00546919670074664 -0.00026304634197454 0.05582836151551 -0.138882107870113
-0.00297440969245026 0.00601091329023058 -0.0639171196923872 0.115068125677273
-0.00273711147292731 0.00418868641314492 -0.140429209297945 0.0169099990373764
-0.00614697246619938 -0.001160473396802 -0.177027230555703 -0.160185053187799
-0.00298532451984658 -0.00788089360809713 0.0590191887340257 -0.307595993809081
0.00220943399399674 -0.00350280203389258 0.391555791126063 -0.0928715021651339
0.00175557098491751 0.00212617647512897 0.281295513907117 0.287099734209522
-0.00926738277205044 0.0100388109984887 -0.0464085553290874 0.274948547359693
-0.00800046197136502 0.000413176898985604 0.0144580764114846 0.0432684383206644
-0.0046566272520086 -0.000664824920663786 0.134429503214178 -0.226451732540522
0.00232440157150394 0.00788977289452006 -0.218496762680414 -0.403520672789372
0.0073382267696142 0.00711078878607991 -0.501224500767333 0.0165167453091239
0.00547300004716322 -0.00381281051196536 -0.132611323536042 0.38164207675431
-0.002104217616021 -0.0043383206991637 0.186267045076173 0.21891643315134
-0.00370975796776551 -0.000876939818643277 0.190246493745889 -0.0186313606172067
-0.00482306752175203 -0.000784846050172457 0.0553528276720754 -0.138804164512623
-0.00198114860052455 0.00666683183898803 -0.0640815795682602 0.114511436194817
-0.00296388604691789 0.00288067151874231 -0.139326677993645 0.0160306765589045
-0.0077292991538316 -0.00388336148779757 -0.174973136652524 -0.160981542389734
-0.00480175243035933 -0.00953146840245322 0.0612992599736989 -0.306678016478015
0.00148799088051547 -0.00224535398958731 0.394071366525899 -0.0874177166782706
0.0011385002891883 0.00311541654980079 0.278823002142365 0.291978434991728
-0.00906358430917911 0.00987662355431623 -0.0469021293890992 0.277460105191847
-0.00675126238111048 -0.000127095778303328 0.0139496028501433 0.0439630870296477
-0.00481040071841965 -0.000726663215072216 0.13414457618276 -0.224527922053128
0.00245312974183888 0.00882986187388844 -0.218110818664482 -0.399389545351855
0.00752403241167553 0.00825651119715676 -0.502301065687968 0.0213848528711053
0.00395562603030423 -0.0051490282192257 -0.129533691057812 0.383443616625813
-0.00315692288919976 -0.00776722960828968 0.187815177856927 0.218700878129084
-0.00363654073741314 -0.00287800303648128 0.191475059337832 -0.0191908084999485
-0.0032187123592189 -0.00189351322937662 0.0558104719369759 -0.138631033362078
-0.00065865345010158 0.00663448222965098 -0.0640207010747042 0.113014756602993
-0.00253905242255121 0.00178454690243128 -0.13796739607558 0.0135526894019255
-0.00806401507697359 -0.00556202320801109 -0.171685276814951 -0.164378479829681
-0.00570663847073562 -0.0101307717115735 0.0655920288635271 -0.304568794143873
0.000691603551955174 -0.00206657570554644 0.395758351481742 -0.0784547130073821
0.000445175386956561 0.00295490034247916 0.275331413199618 0.299437160788049
-0.00922756096376681 0.00895269863684031 -0.0494902113025845 0.278399134243641
-0.00691724215436492 -0.00104410188719087 0.0137546544500465 0.0443603389487724
-0.00501323612944914 -0.00157660594503427 0.132432787333516 -0.224462558080115
0.00195385149769221 0.00927603418839766 -0.222022000826343 -0.39371876892665
0.00700526252908699 0.00864095198117249 -0.499907172298593 0.0314240455953074
0.0026204971402204 -0.00650947834282932 -0.122166284569546 0.386905410241007
-0.00418073428698518 -0.0100689445835471 0.191996041765928 0.216279964001075
-0.00363109155197218 -0.00419857773722605 0.192382324741892 -0.0215807453208898
-0.00162391392969239 -0.0013706115013462 0.0556868227184301 -0.139984384891288
0.00117684106028289 0.00659799797150514 -0.0634511970113121 0.111140569538377
-0.00132634716282352 0.000435371546110128 -0.135772609745031 0.0105362923001176
-0.0074856123941727 -0.0071087013447171 -0.168066381365771 -0.16748636964402
-0.00631011280132372 -0.0102012910180916 0.0722648965601153 -0.302130391967433
-0.000684955326303949 -0.00192982846784826 0.397281356655686 -0.0680062175236009
-0.000448945186228924 0.0022116030618329 0.271002028796188 0.306485247988534
-0.00951556279731605 0.00731397652639336 -0.0535702820923411 0.27897653560826
-0.00631786710156513 -0.00206734541951167 0.0147061861971775 0.0449344040210622
-0.00472562937335607 -0.00296721920557859 0.130375516330267 -0.224103518500947
0.000498724334542364 0.00878813980680359 -0.228230194549404 -0.386126471826044
0.00552069283603468 0.00810675058848492 -0.497862433191672 0.0418412399676984
0.00103016814418391 -0.0063632194943462 -0.114647808992596 0.389409623080752
-0.00405302897564985 -0.0109761380422136 0.195436035574119 0.212769765138631
-0.00232788515747746 -0.00533706048982555 0.193426990852852 -0.0241951097382183
0.0011805113862815 -0.00163314458337866 0.05637917918062 -0.141415261688423
0.00333001490636666 0.00627659807683793 -0.0622373956832595 0.109386267227924
-4.28749115953977E-05 0.00084950788831395 -0.133947897929727 0.00673584374417829
-0.00641380523187125 -0.00686684660209342 -0.163110502988024 -0.171668124477159
-0.00594325550943934 -0.00993411724404759 0.0785844711626299 -0.299972149256022
-0.00203248128892391 -0.00257151830482692 0.40044163209103 -0.0570436727327309
-0.00246011272027627 -4.87347363785015E-05 0.264483401467988 0.3156534546012
-0.00956729389766537 0.00583011604543709 -0.0575437272702987 0.279347828572676
-0.00592544690860097 -0.00355854170393423 0.0144085362204793 0.0451335372874084
-0.00548871800284208 -0.00418216660218947 0.126804121984664 -0.224578704402016
-0.00118534750837335 0.00674491852447724 -0.235067724860052 -0.378388461714901
0.00333474480577908 0.00802983496767268 -0.493906519183019 0.0572605088632465
0.000858164255954332 -0.00515596716944866 -0.105213349980562 0.391477727424696
-0.00283837119138797 -0.0104765779661833 0.20018809396154 0.208020669529425
-0.00094851710577122 -0.0054445184347338 0.193956657612545 -0.0283067119975591
0.00368824517901002 -0.00195374650273774 0.0565680086285536 -0.143456864471412
0.00542593171220002 0.00610674596038077 -0.0603851423654524 0.108395305049642
0.00151703022701074 0.000958683457775064 -0.132007800016816 0.00394702838836417
-0.00480183286009029 -0.00504138074084355 -0.1601355505551 -0.175081669766311
-0.00561935423762004 -0.00857526778877416 0.0852030947410114 -0.298727685545034
-0.00341859932918499 -0.00365783303442063 0.402218859128375 -0.046939309583252
-0.00332519898627231 -0.00252603236989356 0.258551152334634 0.321962945306122
-0.0100470405410477 0.00343496403276164 -0.0620435010148243 0.279417413148451
-0.00538504668532852 -0.00470352016266859 0.0151309547909511 0.0435970966914142
-0.00533337186868445 -0.00609693119362099 0.123283311104973 -0.225806540076061
-0.00207190170876869 0.00441194054363774 -0.242736894831314 -0.373275281165557
0.0011134742965968 0.00759511882856683 -0.490977754461913 0.0687536175731952
0.000348602206133181 -0.00357080979423724 -0.0974131027737899 0.393373929157591
-0.00153535580897177 -0.00845026478919692 0.203818002381494 0.202942274927089
0.00144868120470147 -0.0051777007281838 0.194696967828741 -0.0322369426033234
0.00586425723841251 -0.00203386463299205 0.0575452510414614 -0.145061294716167
-0.00284259405310642 0.00537316094379735 -0.0615836857857721 0.11680630617224
-0.000473786485870767 0.00714152013991987 -0.140322845881263 0.014916268663385
-0.00253496395067002 0.00567357975268102 -0.177080212999155 -0.164224633631551
-0.000476133114032251 -0.00352215529716007 0.0614027124444564 -0.310941991800711
0.000585900704172275 -0.00590145729225984 0.394929670717788 -0.0913530853195321
0.000293452800416576 -0.00251545832146929 0.276871190977345 0.290292862630139
-0.00879630813184944 0.00892618944844866 -0.0486086190337892 0.274158401627435
-0.00823002290318764 0.000129087551769298 0.0160385894705308 0.0409118050394515
-0.00452567213975198 -0.00216537828858102 0.132890963877776 -0.232743549586817
0.000531675444302796 0.00305876820534958 -0.22807349620647 -0.404032912260569
0.00483373965287116 0.00517792291387374 -0.506780742009643 0.0238590097973462
0.00695681915375708 0.000342339885789381 -0.126234233914052 0.384815253745646
0.00226744351346498 0.00316616820784114 0.190682778579683 0.214768389168652
-0.00126155507691181 0.00256294464630242 0.191393789759771 -0.0226287707370254
-0.00464452125096594 -0.00111308351440606 0.056471611218696 -0.14143567111897
-0.00296334294392519 0.0059150859983564 -0.0623610582557698 0.117171769953062
-0.00145708099644163 0.00546749264252979 -0.141163583483959 0.017823336689598
-0.0044728426483544 0.00270655323445457 -0.17798036236555 -0.161474236568755
-0.00149518609569096 -0.00573339941768096 0.0586232314958322 -0.31053555138308
0.00131035783700759 -0.00432233727428123 0.393757682319291 -0.094491607280737
0.00103574310245048 -9.17623965329181E-05 0.281361371865416 0.287367753403748
-0.00827272381084373 0.00998631165187497 -0.0463652963736677 0.275242154252446
-0.00809350371146575 0.00105338829852335 0.0150484636434322 0.0420046712704725
-0.00459905095922769 -0.00126820038745713 0.134293299287857 -0.230147369501928
0.00200950679126976 0.00576181681783236 -0.221525855328896 -0.405732265564309
0.00650242533631189 0.00583898320341339 -0.506552542367781 0.0178142013588536
0.00616447583937717 -0.00134759479304256 -0.130641581078774 0.38466196893276
4.39047269905459E-05 -0.00050962602058313 0.188430179332989 0.217913274341257
-0.00290038654515164 0.00114393988039334 0.191444229782369 -0.0202970092655821
-0.00503488115892833 -0.000320245991383032 0.0556430284289699 -0.140424132564566
-0.00263771267114634 0.00611318647571115 -0.0630211091799461 0.116941922903566
-0.0028334313983719 0.00388418668241188 -0.140724259642863 0.0174858740795634
-0.00612282458291915 -0.00101556425094471 -0.177982502723019 -0.160447429571457
-0.00321056006958831 -0.00803756832327068 0.0575216569441095 -0.30908074981745
0.00195077692512139 -0.00371988930937817 0.394405667355292 -0.094016600421429
0.00169817716337694 0.0016961981907539 0.282719697694928 0.287499375070758
-0.00907473131008758 0.0107649906061312 -0.0463721669165113 0.276747813725544
-0.00793953676037855 0.000516332722955505 0.0150501243773453 0.0436271950067208
-0.00461193996549113 -0.000705929677390751 0.1351650441584 -0.227955301843043
0.00270268227722808 0.00814198632866137 -0.22084031389245 -0.405280344320681
0.00759886059555849 0.00708564291025442 -0.505164381753417 0.0194470658773742
0.00542054278373357 -0.0035603717511618 -0.13102347399709 0.385448806150513
-0.00214898353248177 -0.00452055757001022 0.189023370387222 0.219267365730038
-0.00388229182973874 -0.000915554218185155 0.191844131363431 -0.020184224291798
-0.00492806919198938 -0.00106887355684654 0.0551600776230284 -0.140099964470506
-0.00205135375935402 0.00637303263534415 -0.0637951377905507 0.116197437986443
-0.00323374466706275 0.00279004507040059 -0.140825642986888 0.0166217948848435
-0.00752390602732378 -0.00374144228665579 -0.176664279157368 -0.161143856005852
-0.0042795277153638 -0.00940106395940969 0.0606727900235069 -0.308220944465983
0.00167812336474143 -0.00219182292626505 0.395729152006132 -0.0899512588624797
0.00106110773273685 0.00272211819876841 0.281908280594544 0.292387176562619
-0.00921295952754902 0.0101321942432128 -0.0464583941824827 0.27845398801961
-0.00722153039356588 0.000362729706050313 0.0145559862001372 0.0447683261808635
-0.00478256567784382 -0.000865726267388807 0.135086780372157 -0.226510136938683
0.0023599640136149 0.00877930615255827 -0.22221824758651 -0.401061571805998
0.00778784717231393 0.00788529067806461 -0.505469673771926 0.0235451320181592
0.00403569339551147 -0.00513836406643809 -0.128843212732659 0.386981557789612
-0.00344369524284949 -0.0076909477455556 0.191005189715328 0.219892118252436
-0.00422656231203166 -0.00298539632080704 0.192660276383176 -0.0201500831559635
-0.00299008712558841 -0.00149930628971052 0.0556181924512614 -0.140803843768848
-0.00062011325729584 0.0064011343025256 -0.063913471938692 0.114005972664846
-0.00248541261653434 0.00164361387748969 -0.139333806809831 0.0145425948408399
-0.00800199762867765 -0.00582537045319927 -0.173713908897689 -0.163720446077055
-0.00607428704402967 -0.0100575114984217 0.064683991171051 -0.305738369036404
0.000795890476187086 -0.00161785052430077 0.397591323548174 -0.0807914764742074
0.000429933342442748 0.00300172097759773 0.2789076980073 0.299258621295395
-0.00935369173852506 0.00928555493637801 -0.0491522131054286 0.28060416530298
-0.00656807246118485 -0.00153726369008694 0.0147165013226901 0.0450798140122938
-0.00446389764065855 -0.00144597504949834 0.133118907554948 -0.226145860135205
0.00206727808649493 0.00969270627855248 -0.224071246145144 -0.395675603741151
0.00703960862241741 0.00836460014367848 -0.503589445097077 0.0314600863178911
0.00288190516194932 -0.00614891275408782 -0.121990560195001 0.390464778943356
-0.0039208091673739 -0.00996800739535902 0.194351812953022 0.216848944400712
-0.0031750580497628 -0.00431168104914357 0.193503011957236 -0.0227040888551125
-0.00138937372993182 -0.00140576756623575 0.0557942326294704 -0.141896965687182
0.00131374112524341 0.006415959073071 -0.0630435178664761 0.111966800069546
-0.00150896056047203 0.000679795324928983 -0.136789395285674 0.0110599381809555
-0.00738581534956709 -0.00690427952175779 -0.169439047413727 -0.167554998346241
-0.00641123183853328 -0.0105664682680778 0.0720132138583903 -0.303905788041088
-0.000411839839117573 -0.00237477302069202 0.400033693396854 -0.0696513410042925
-0.00130240714421227 0.00173171135968546 0.273006130017202 0.307691436012117
-0.00969901293231761 0.00752054942159094 -0.052935940476818 0.281133935345561
-0.0063174782867645 -0.0023216150132844 0.0150305747637411 0.0452203342147431
-0.00493960961753538 -0.00321618387482899 0.129774995265644 -0.225845680425719
0.000657553106198399 0.00822589813603481 -0.231356114349774 -0.388140997255851
0.00573458840386005 0.0084731760459106 -0.50098474448961 0.0460485333220416
0.00117823947045542 -0.00625798365240017 -0.113767240102778 0.392857868754342
-0.00422398001629024 -0.0112773492507941 0.198371599556649 0.212774260061098
-0.00240715752353007 -0.0054086717733635 0.19453820012494 -0.025980086774343
0.00123806570458727 -0.00177119862302582 0.0550847858814963 -0.143098054077963
0.00346705723657769 0.00645336328558238 -0.0615270179663848 0.110729369839253
0.000162610873263632 0.000292343329147443 -0.134790176927078 0.00786120842796818
-0.00676202699538924 -0.00682995206752748 -0.165063190832564 -0.171497106936936
-0.00594139226909723 -0.00969368169457626 0.0779048494531848 -0.301708278239228
-0.00186592615622704 -0.00262917984346068 0.402825004762641 -0.0587638203909521
-0.00244600917870096 -0.00011292636705601 0.266245249874719 0.316486951823666
-0.00973791804402869 0.00544537773024012 -0.0571510622661198 0.281102314339831
-0.00611386540287622 -0.00350923495373085 0.0152234223773846 0.0448981122703054
-0.00519063186559236 -0.00430998472353964 0.126297348754574 -0.226791402476159
-0.000834169948030174 0.00735451104079615 -0.238631976917101 -0.378953449202521
0.00360863950235588 0.00821249972914275 -0.49785840260521 0.059973592765964
0.00113806948270747 -0.00549247656577467 -0.104391951737306 0.394910595602915
-0.00349752399016054 -0.0101598987642795 0.202381980113988 0.208123280322
-0.000736003517969233 -0.00508519448751309 0.194868980192025 -0.0293276011556583
0.0030407475936354 -0.00195311072039344 0.0562230103007596 -0.145101849586592
0.00510997918486593 0.00620601917967822 -0.0601556843905374 0.109091543270169
0.00147319176619934 0.000772804079624823 -0.133167436887646 0.00439155356461227
-0.00544679272163229 -0.00532930209852849 -0.162850497046558 -0.175634497756045
-0.00518473276592873 -0.00825894417099593 0.0858333311322312 -0.300116593753284
-0.00387012231621789 -0.00442887105545665 0.40559100579849 -0.0489723503790168
-0.00360873993192001 -0.00232412706629159 0.261874658884167 0.322989229526825
-0.0102808291678641 0.00367682297459643 -0.0615433086055773 0.281219065304602
-0.00574676669524105 -0.00438161088499632 0.0158395158164424 0.044452223327265
-0.00585698079112187 -0.00596790756370055 0.123842714858557 -0.228274826002273
-0.00277098460191407 0.00490494991942679 -0.2453693305531 -0.373446406066877
0.0013795173165344 0.00754447411928829 -0.495337317437517 0.0709427056987468
0.000423821514475686 -0.00363613467071884 -0.0957929318656926 0.396411321848545
-0.00172576090586046 -0.00882072241738554 0.206291304749857 0.203061366738539
0.00102990228520264 -0.00482937711860608 0.195846040619336 -0.0339391098850432
0.0055783371978429 -0.00250127407888558 0.0565513781115284 -0.1467668029575
-0.00251543426415724 0.00548011096440639 -0.0607839819864285 0.118131995413007
-0.000653510328820751 0.00731431249239095 -0.141305764842345 0.0165997699716568
-0.00252021442353995 0.00564224107271773 -0.179591243848679 -0.163380180018849
-0.000295241672461202 -0.0040668687824039 0.060759003174365 -0.312663102585648
0.000326046363552572 -0.00586856917152966 0.397435057831604 -0.0938508495196327
-0.000111052559779013 -0.00257497924861815 0.279298259196923 0.290484498279451
-0.00868472123192897 0.00921479662125964 -0.0488972111173051 0.275427367246659
-0.00843146255128749 0.000720822469851071 0.0164342643718329 0.040833240057827
-0.00469898847657716 -0.00214119651960132 0.132829842152229 -0.234700439786292
0.00065697086768229 0.0030459072281963 -0.230717154679254 -0.40491616214181
0.00474864324905418 0.00516111749986264 -0.508922765646415 0.0253841649045734
0.00694274554293153 0.000720579010830437 -0.124873144652177 0.387932164138617
0.00209592135334568 0.00327122863203074 0.193222536262292 0.214854904584099
-0.00127704231814068 0.00231775584647827 0.192233541402597 -0.0236866566651007
-0.00436518420251877 -0.000429313013876016 0.0556370598383413 -0.143282240830731
-0.00273513095482718 0.00587363863032247 -0.0614619800396788 0.118876619761937
-0.00213491901322335 0.00568878696782522 -0.142281772699944 0.0178591074053217
-0.00461493767348912 0.00244580146165016 -0.180319538701681 -0.160729317955762
-0.00168037246688513 -0.00583521496689127 0.0573338712418707 -0.312305293490018
0.00130693270723978 -0.00415577496826472 0.395834376013718 -0.0980306032849824
0.00117074464476778 -0.000327896341606699 0.285005503465752 0.28688576878854
-0.00862663264337171 0.0102200394639007 -0.0456774807648051 0.276813061708008
-0.00819387900706502 0.000973915818452445 0.0158202191006543 0.0419047205302606
-0.00472346959477977 -0.00110554585275379 0.135261427805075 -0.231576197348359
0.00225222432403305 0.00589064878264455 -0.226250285220602 -0.408069045145563
0.00689372876821158 0.00587319682207328 -0.50972890422575 0.0221956455419185
0.00616075666102575 -0.00152491669238962 -0.129224671081478 0.388099255358231
-0.000202454608154741 -0.000404725746817148 0.191195190721437 0.218368117204411
-0.00286402626679552 0.000971817554377983 0.191664942702126 -0.0217937480768009
-0.00492797555530569 -0.000959135907926771 0.0552526912696896 -0.142202471551004
-0.0028993007708048 0.00654960799143061 -0.0627778583693013 0.117984730226793
-0.00298055337992236 0.00380604525858103 -0.141793298112467 0.0187120433164594
-0.00604588340165348 -0.00100127906466249 -0.180368952686445 -0.159501365919738
-0.00319993416122639 -0.00749263919423901 0.05792492840387 -0.311452022025537
0.00174242911509032 -0.00357864918756592 0.396464852235829 -0.097171334273501
0.00127209299098069 0.00176505218829358 0.286316436427285 0.288240789467703
-0.00898532908294423 0.0106093622865218 -0.045214437619741 0.278217799612435
-0.00770993397258647 0.000933189123726409 0.0151656241125597 0.0434140230305977
-0.00485420188383972 -0.000524519750039283 0.135463545638996 -0.229652427169918
0.00232025380087325 0.00844487004993087 -0.224240387490878 -0.406120081466548
0.00784656357348271 0.00698012427552271 -0.509625508543757 0.021698810179286
0.00497677042094771 -0.00341218620329768 -0.129801882295195 0.388445952085564
-0.0022590579918837 -0.00466790656606596 0.191952382545205 0.219892235858194
-0.00349604287483838 -0.00107349019831523 0.19255706431897 -0.0213550107080798
-0.00464979712108363 -0.0010648918983131 0.0547437309419538 -0.142177123028419
-0.0019015056747874 0.00674735754760638 -0.0632242948988763 0.117311831923578
-0.00346122123650598 0.00265502103201211 -0.141449689902682 0.0174555993722262
-0.0073534656560084 -0.00345124846097986 -0.179585774031858 -0.161151617693318
-0.00474180511854217 -0.00925897723080564 0.0594696213973235 -0.31005803671486
0.00142313507606409 -0.00222878986079321 0.397376901990832 -0.0923310396418108
0.00122778297759083 0.00296456635750258 0.284730718788635 0.293248732948865
-0.00903531859543937 0.011155916261453 -0.0465108772806645 0.279806811840017
-0.0074655542686471 4.94945690237699E-05 0.0150475995499085 0.0444331206632386
-0.00506063653029636 -0.000947192567595276 0.13534647306486 -0.228242311124755
0.00230728048137409 0.00923598227373611 -0.224946476494227 -0.403167610252666
0.00829014693514314 0.00824069054127777 -0.508814190430946 0.0281017865908432
0.00367601122615716 -0.0052959317707537 -0.127369341360579 0.391351624333637
-0.00363251266498157 -0.0078432603776338 0.193681337159276 0.219177789261386
-0.00400677556620755 -0.00274601012472827 0.193814287535192 -0.0221689628736615
-0.0036733072020057 -0.00153788502072972 0.0544785336262454 -0.142074920886037
-0.000407202877146338 0.00685644516778226 -0.0626065322574214 0.115495141229465
-0.00293071166418361 0.00157958484804277 -0.140089785299917 0.0148344238168279
-0.00831965439971743 -0.00596177335939112 -0.176052251381133 -0.163747613615146
-0.00585462503967605 -0.0105196636976592 0.0636574855011368 -0.30817350184111
0.000485414269909102 -0.00216561875916784 0.399752893946992 -0.0838947042751236
0.000518901636776219 0.00277950763604471 0.281355498806362 0.299805368683813
-0.00913251099798225 0.00987143145361404 -0.0489741483401635 0.281543192715002
-0.00695167507020048 -0.00082902298489383 0.0151857124271658 0.045249484334808
-0.00497171619514968 -0.00201380600794672 0.133350318320478 -0.228469179133268
0.00195714824593631 0.00944646886181037 -0.227547748583442 -0.397461718829606
0.00733471214272394 0.00838083565941539 -0.50716445692741 0.0348059464507427
0.00275391658368773 -0.00577253304641571 -0.121148650881301 0.394026435530495
-0.00457810599691809 -0.0101611065578601 0.19724725948023 0.21751411984931
-0.00315608767521095 -0.00450442193001305 0.195088900858817 -0.0240768812151409
-0.00120096235370238 -0.00169897702137754 0.0544771219970534 -0.143879772609115
0.00157458381877918 0.00668690605023121 -0.0619308944862144 0.113674318735318
-0.00172667016182282 0.000906259700552524 -0.13800942506173 0.0115640341699337
-0.00809857733605798 -0.00710921337429376 -0.172181776691798 -0.167234323660116
-0.0061969041417706 -0.0105806123822504 0.0711534019789592 -0.305304994970722
-0.000245002150766951 -0.00194625784052535 0.402253858713138 -0.0724834635657074
-0.0012930397917479 0.00177307095781628 0.277060489777532 0.308523666044302
-0.00934256445062135 0.00787799289398446 -0.053203030926924 0.282346379575808
-0.005644566322239 -0.00201129587047465 0.0150102746756593 0.0449346956462909
-0.00538711584585723 -0.00317593102651243 0.130293825307002 -0.227072820206707
0.0010244266123247 0.00873550371435038 -0.235240280032022 -0.389032612178692
0.00578291798368183 0.0084327343524179 -0.503076814394837 0.0493967352032563
0.000990643917534983 -0.00667209118446915 -0.11241354187747 0.396214429225349
-0.00434875708594359 -0.0109505997305504 0.200782632153444 0.213212972015223
-0.00220505806255261 -0.00560060967439327 0.19595519659255 -0.027779085655264
0.00104624952671036 -0.00235648559015629 0.0550334341977463 -0.144882518484094
0.00345940249083751 0.00627122275407108 -0.0609897263314866 0.112255581363661
-0.000389579243880174 0.0002383263262143 -0.135711423720898 0.00841471480142803
-0.00700044902899155 -0.00675979705171043 -0.167864464592126 -0.171452630732499
-0.00609218895889912 -0.00955007716465812 0.077123193588259 -0.303938983433345
-0.00225635910575615 -0.00292952022974801 0.405640915362517 -0.0602995370407238
-0.00210579688172324 -0.000241838479081337 0.26985699877961 0.315703008868762
-0.00926567499625843 0.00626968771562333 -0.0564782346584783 0.282034437506683
-0.00619302135127063 -0.00388923334410325 0.0154471540389061 0.0451716407372085
-0.00542474993738042 -0.0048400503041846 0.127064560089256 -0.228600493531413
-0.00104626208030698 0.00763721640441578 -0.24187701248105 -0.380542964502274
0.00351748376997124 0.00822430644842875 -0.500311752991407 0.0627030344629249
0.00100721484096312 -0.00499170791208381 -0.103120195176083 0.398664271445369
-0.00325140681773996 -0.0104784486080743 0.204946043250173 0.207742544832515
-0.000686189038612143 -0.0057360140921236 0.196057382106144 -0.0319059141968401
0.00383212594849578 -0.002126951485109 0.0548731801669767 -0.146792428284749
0.00491896236719088 0.00669131547338059 -0.0598607445623223 0.110634270530542
0.00125531558247976 0.000653797127257957 -0.133979343898867 0.00554886458361509
-0.00518321583682342 -0.0049034963562158 -0.163985591158417 -0.175347664255838
-0.00537225452832173 -0.00855454265221912 0.0840881701071411 -0.301960450568268
-0.00365203867509169 -0.00432219165612134 0.407890116106914 -0.0510545819739257
-0.00381160661021808 -0.00308444262790014 0.263980954780353 0.323523020112678
-0.00970805841513592 0.00392073768301699 -0.0606454603406661 0.282791580332349
-0.00612616961564763 -0.00448998371998076 0.0161694271069037 0.0445575630838975
-0.00555029407344386 -0.00607543089861769 0.12403724343833 -0.230440463082059
-0.00253281360591632 0.00461988994896184 -0.249292849293531 -0.374491544598266
0.00125745048134598 0.00749764374345448 -0.498145286850518 0.073933380218506
0.000362163901288078 -0.00339718819587346 -0.0948584078281364 0.400324905505835
-0.00178361669731105 -0.00845136368069793 0.209005029074572 0.203554437407088
0.00111328124131066 -0.00525336283325027 0.19705232166008 -0.0348507902422767
0.00597909539070386 -0.00204217845334771 0.0559069916010595 -0.149010928522085
-0.00274058226864462 0.0054151280053692 -0.0597305229436055 0.119971171290074
-0.000560107024507186 0.00717298291148398 -0.139941680778112 0.0170480373252728
-0.00266508427797608 0.00593114592396814 -0.181610345864289 -0.162561864471188
-0.000161296555419349 -0.00387764306857709 0.0593698689669334 -0.314815883529461
9.79766304783324E-05 -0.00600975104587526 0.397909017918047 -0.0974726194264807
-0.000115586413220209 -0.00283496752847762 0.281929463013311 0.290135486694959
-0.00916429604934129 0.00943119223143499 -0.0472630529682384 0.277571439137662
-0.00864487760201612 0.00048109052972147 0.0168861508467604 0.0410835873055515
-0.00478685605872722 -0.00244199026818591 0.132460392953535 -0.236056396165912
0.00112334825102195 0.00289919427743503 -0.234483044855158 -0.406058020903542
0.00494084927279992 0.00491096145250717 -0.512637559695353 0.0300931070711171
0.00714408652927776 0.000802289069315236 -0.123350191556921 0.391435745236105
0.00221566503315581 0.00317007901411068 0.195903870235965 0.214264952281933
-0.00115651422812591 0.00235801849093828 0.193268773495248 -0.0257344814429865
-0.00453024992586486 -0.000330172395324957 0.0543839805150181 -0.144733938958517
-0.00331443174314406 0.0059860913799017 -0.0610336543082692 0.120215867908789
-0.00184933969275404 0.00590070685837688 -0.143126510084518 0.0188463244369061
-0.00421813828751401 0.00246928934760629 -0.182801427634312 -0.159904601005752
-0.00161393544304762 -0.00596574054083839 0.0559479093880205 -0.314544615503017
0.00134135359490791 -0.00423138950755693 0.398245324382854 -0.100677200280455
0.00116025863760445 -0.000346209628976519 0.286665419622327 0.286895142244725
-0.00854924376468749 0.0106984643381054 -0.045020362508956 0.277830378848296
-0.00824756322456472 0.000752913410591708 0.0162895555557925 0.0419436259941209
-0.00451902922685545 -0.00128698786895946 0.135109734355589 -0.23403004131519
0.00212382099743281 0.00611651377158152 -0.228962261606836 -0.407485723624055
0.00670953161802408 0.00618052760298594 -0.512971213566207 0.0246449826377319
0.00643923375045528 -0.00189422712760209 -0.126965614925887 0.391315555238241
-0.000295435442323816 -0.000260331031697451 0.194239857779386 0.218399503212252
-0.00303509425413898 0.00109622131556164 0.193472461280677 -0.0232460250365926
-0.00569704532030481 -0.000393952381639791 0.0544852133588423 -0.144568350383179
-0.00265000863613967 0.00668561372305669 -0.0617750957942225 0.119376361693334
-0.00288992297193909 0.00401843808141879 -0.142557331120129 0.0195739717834288
-0.00647533488115832 -0.00105050560265225 -0.182667981132738 -0.159457849686793
-0.00328299934987855 -0.00801910766963421 0.0548589600693228 -0.312608744710794
0.00124240761996252 -0.00341600413621606 0.398183524421644 -0.100467435580512
0.00150673323358404 0.00188570152389044 0.288526130531393 0.286139515231916
-0.00874071769294054 0.0112438049475486 -0.0441049661414719 0.279590357378555
-0.00799364013744733 0.0011889456783041 0.0155441620043609 0.043536899640095
-0.00449746558152828 -0.0009483127533627 0.135660220949786 -0.232241701947016
0.0025938487405854 0.00813021195159887 -0.227416007525811 -0.406919208710133
0.00816962413228411 0.00706123593206078 -0.511732851344621 0.0243004331799123
0.00506189185868259 -0.00411480770451069 -0.128022231788496 0.392623961963829
-0.00247618708352138 -0.00457537372361792 0.194838021687566 0.220048015715088
-0.0038201635256902 -0.000839571089779799 0.193760661578948 -0.0233222259906902
-0.00510861475012609 -0.00106747207848832 0.0536597383276911 -0.143755170929112
-0.00179244368726655 0.00681285869490549 -0.0625025703302628 0.118504444156697
-0.00294623307473746 0.00263276896399769 -0.142295350885025 0.0180267028247318
-0.00749108084447309 -0.00373515679115886 -0.180758181159483 -0.160510137127481
-0.00458416394826572 -0.00959710385851456 0.0576608435400577 -0.311520973921802
0.00116464179459883 -0.00260533318878513 0.399854273557921 -0.0952723981651146
0.000995660913792841 0.00277885219829916 0.288557812573586 0.292705809517129
-0.0093072106066161 0.0110795452784152 -0.0455472907721222 0.281044748311102
-0.00702779869161709 0.000351150765863452 0.0158347416503179 0.0447348014222146
-0.00501590715725645 -0.00110641435371457 0.1353439317553 -0.230132067274926
0.00246001566195249 0.00909828849210711 -0.228111083135314 -0.403776378219416
0.00821486117797662 0.00788559151031846 -0.513040476384946 0.031898972748526
0.00386953725968537 -0.00547484768834509 -0.125522620054956 0.395894113557996
-0.00379219107866595 -0.00781383254180747 0.196363629852499 0.219312825741384
-0.0042110274214321 -0.00291156060605458 0.19456448560982 -0.0237230357487584
-0.00359171772096922 -0.00128907457314581 0.0542626388763129 -0.144111886881854
-0.000441085896170256 0.00663587655392996 -0.0620626047544232 0.116936256475919
-0.00240515783277906 0.00159839045692339 -0.140740912861513 0.0156443707870401
-0.00797377487875099 -0.0056107307836491 -0.178149875357683 -0.162586889690875
-0.00560839367420703 -0.0101718627851774 0.0628801173162328 -0.309584833952746
0.000492200065960343 -0.0020559129473677 0.402107268978741 -0.0867153736464174
2.98715826071005E-05 0.00270892446327214 0.285088977092273 0.299902645484845
-0.00947110052662252 0.00964741946467746 -0.0477940175406755 0.283466791231602
-0.00701950405838468 -0.00113739417756395 0.0155840866004577 0.0447907407668135
-0.00464054314552402 -0.00177951510007241 0.132828132173006 -0.229477376036906
0.00167446455341649 0.0093127919578455 -0.231635984387627 -0.397129977354665
0.00750108723217327 0.00836344369388971 -0.509143765872107 0.0404126038111065
0.00251338803471183 -0.00642577660938839 -0.119147296492223 0.397008448680866
-0.00456619519413484 -0.0105283779374022 0.199820959285886 0.217213410271433
-0.00375759701783216 -0.00477256023096409 0.195064877496002 -0.0266202680332038
-0.00142700306024844 -0.00166976922443534 0.0548197835718584 -0.144987903944828
0.00206893911826747 0.00688755638769863 -0.0615013208832921 0.114735754632268
-0.00136993367645121 0.000403677080997357 -0.13857610447062 0.0122823878396336
-0.00788637326029823 -0.0071170098940566 -0.174180682394738 -0.166989626239185
-0.00646643775624739 -0.0103107798379362 0.0698115103733782 -0.306941536531555
-0.00119821620824381 -0.00210052690702862 0.403814915731239 -0.0757822242548832
-0.00112069132087877 0.0015510302361227 0.279587907580783 0.307346573137801
-0.00964588906906743 0.00824647267673965 -0.0522403172658589 0.283368748846648
-0.00595787801898611 -0.00194580558705626 0.0160416228999376 0.0456186463715428
-0.00498997249823443 -0.00378314394249385 0.129995972015554 -0.229541314347956
0.000885567981471765 0.00874592632046961 -0.238154391498028 -0.389195379770172
0.00588109313304919 0.00832714132776574 -0.507102579718159 0.0530225296101535
0.000985023761294561 -0.00638538753624118 -0.110297477567554 0.399211734905803
-0.00464917263589643 -0.011282578093605 0.203532458765979 0.21327588312167
-0.00193904222247835 -0.0055182551901961 0.196391422180535 -0.0296524368025248
0.000670605602516248 -0.00198283286694443 0.0541181004285789 -0.147195687186293
0.00336399845208836 0.00679132381965985 -0.0605847286542194 0.113594869297643
-0.00013914827563397 -2.74564605559214E-05 -0.136539717710014 0.00898843494466181
-0.00704796406956321 -0.00692360244293955 -0.170039496292727 -0.171024235001248
-0.00630895629452575 -0.00977385625935669 0.0760120566966101 -0.305719831497264
-0.00213420235412794 -0.00279511113738998 0.406706979307325 -0.0638630512675896
-0.00244647672358899 -0.000204452798258615 0.273414772022689 0.315449213125429
-0.0100794146086652 0.00654515171572789 -0.0553228003913184 0.284034277865382
-0.00564755429627927 -0.00334214708665783 0.0160788896988162 0.0451149316942561
-0.00532163965775041 -0.00459557120976001 0.126746407379389 -0.230458030967067
-0.000987244277439265 0.00679615343774495 -0.245031293650891 -0.381007532315121
0.00354169945716102 0.00840558438948575 -0.504041292082959 0.0670034943040613
0.000504478888602676 -0.00543753879491585 -0.100657677030373 0.401732336589349
-0.00394467142627565 -0.0104379406150233 0.208052515289401 0.20773184942241
-0.000860171516025702 -0.00546475977396463 0.197198047030899 -0.0337412057591178
0.00353998964255533 -0.00263244356241971 0.0541786976519749 -0.148326461782067
0.00590071022424741 0.00620944624578071 -0.0589724632942919 0.112517862744475
0.0013712476510639 0.00105648592908526 -0.134605584250013 0.00564062944460031
-0.00550261893281514 -0.00485993741133488 -0.16662692095564 -0.174743451854623
-0.00577268987019451 -0.00850900746029373 0.0830333819643178 -0.303826549552947
-0.00368238315510546 -0.00410822135172484 0.409440386247959 -0.0534628244556664
-0.00415261513539708 -0.00291414858008086 0.267305202929962 0.323198012420424
-0.00999078516044393 0.00491972356636832 -0.0597996114405459 0.283503297130991
-0.00556890244721984 -0.0045756400398027 0.0164835599843993 0.0437894398836849
-0.00626556697046114 -0.00661775942033419 0.123273662251943 -0.232024438008087
-0.00269602651737162 0.00488728025182388 -0.25383800697758 -0.374568256662069
0.00155501347152105 0.0074315650281752 -0.501329538615912 0.0790595135880266
0.000263115072090072 -0.00373318305475362 -0.0924290966568241 0.403501385031305
-0.00171742534653596 -0.0083809153463332 0.211561954906871 0.202735896563751
0.00113826742593647 -0.00512729809978345 0.19816891765648 -0.0372305641217192
0.00540420346301721 -0.00231171528600276 0.0556692141112664 -0.149906303848078
-0.00216983550277858 0.00584482201721576 -0.0592342965141565 0.121081157168934
-0.000677486521302866 0.00712064603103682 -0.142925658366668 0.0184300671960038
-0.00200486100882197 0.00562398663436596 -0.184022748067185 -0.161372742205604
-0.000477009687685794 -0.00392998528034136 0.0580009892447476 -0.316693386416423
-3.09317265177432E-05 -0.00592885891735876 0.400360565356239 -0.0998607571017256
-0.000380803853603831 -0.00288297712684179 0.286036370808288 0.288124726096107
-0.00883291123925333 0.00991254575631204 -0.0465108618799203 0.278950477615414
-0.00850191942041859 0.000797310302224025 0.0172771655758866 0.0411102966300299
-0.0055393143291081 -0.00246002604831828 0.132634220382026 -0.238565365777384
0.000455546969218686 0.00303863307806409 -0.239095195243005 -0.406778497249873
0.00540999803594911 0.00478395170519644 -0.514725868731202 0.0340421428279553
0.00727156681600039 0.000289850992843934 -0.120271445578823 0.394034690454151
0.0018699218958204 0.00318428647097653 0.19850302939676 0.214389571285986
-0.00149343058641454 0.00215770118654007 0.193800478086997 -0.0281219197922805
-0.00461484046470843 -0.00114000086518346 0.0535951900500864 -0.146030556688357
-0.00335217021200622 0.0059845560210657 -0.0602877755129982 0.121331405347248
-0.00142286488782722 0.00588777498301372 -0.143571399339555 0.0200864634986872
-0.00425565113836399 0.00267094617262097 -0.184874828034702 -0.159128585230967
-0.00144467855719036 -0.00586027320341534 0.0544927171660514 -0.31585582199339
0.00127743737473775 -0.00414418848622561 0.398479965872076 -0.104316490483117
0.000832177648723528 -0.000696932576520145 0.289979151955894 0.286574260596881
-0.00883291869788389 0.0110880572057793 -0.0437080944245381 0.278929366880285
-0.00840595359153131 0.000837231163419447 0.0170592731883999 0.0422429403919192
-0.00505504345290652 -0.00166465419222621 0.134599730047307 -0.235601604389061
0.00215610071729823 0.00585329622250672 -0.232072499066743 -0.408025220723322
0.0072079307195208 0.00652578265828837 -0.514785406341436 0.0295384565349772
0.00614446972195101 -0.00145170523734512 -0.12485872318611 0.394054193665983
-1.30314741473851E-05 -0.001027500132934 0.197097986702373 0.217883870048077
-0.00279911629075215 0.00057040836695718 0.194423423869638 -0.0254286174337672
-0.0055925210944603 -0.00107507879277286 0.0534643650953859 -0.145117150131376
-0.00259495151062247 0.00657367107682767 -0.0609265812040677 0.121262410923287
-0.00299701679742034 0.00403164728109182 -0.143385631275439 0.0198282871762736
-0.00640789632286668 -0.000777297308270648 -0.185035009021438 -0.15780266199241
-0.00324920215198214 -0.0082318852475183 0.0534206494629805 -0.314242111979145
0.00184749367255022 -0.00361880813929866 0.3997008431854 -0.103549627385848
0.00125711100654001 0.00175219575579119 0.292827095408037 0.287263611040657
-0.0086826214328518 0.0117681222055676 -0.0426216000533919 0.280083165722231
-0.00774493543684403 0.000879120017480203 0.0165258281140181 0.043816997539432
-0.00507128107518748 -0.000790968860315842 0.134819791512203 -0.233501068737763
0.00288021315921117 0.00800287732764145 -0.230459982925549 -0.406900027294927
0.00805046297828459 0.00686527435431033 -0.514510188187152 0.0304477546158365
0.00477726545014312 -0.00373891546068921 -0.126529440063399 0.395340256291199
-0.00233475691635466 -0.00448189683383692 0.197063027479007 0.21851653867787
-0.00377084076476016 -0.00125729397756381 0.194675374315676 -0.0252967298919549
-0.00539020206884049 -0.00105459451834167 0.0530778384229215 -0.14540284150868
-0.00194457342127493 0.00686730721129738 -0.0613834166648351 0.119954577651429
-0.00341661329638969 0.00267407797445168 -0.143269463920728 0.018779193957735
-0.00764429653508892 -0.00366952054505398 -0.183585676558635 -0.159640569055016
-0.00471286701755843 -0.00944739975183116 0.0562371882500146 -0.313508564799842
0.000814961901729007 -0.00246739759667449 0.400545253561415 -0.0986365783847069
0.000860125548217044 0.00257029144340589 0.291198219139194 0.292640745356531
-0.00889518648893559 0.0113581754450112 -0.0439896068950681 0.28252686227133
-0.0068053166753153 0.000290412883469562 0.0158575219431901 0.0445696541991567
-0.00467943215586151 -0.000958283222631611 0.134925499804965 -0.23164435463905
0.00263135351792244 0.00899482610880203 -0.23122572880971 -0.402016433126844
0.00801372051063233 0.00770901829702834 -0.514239304556145 0.0343491407109938
0.00347420614224285 -0.00547740485831922 -0.122805002417026 0.397891354238601
-0.00374257934970576 -0.00738330460106979 0.199308488357736 0.219164010549247
-0.0040865439935267 -0.00300008428578892 0.19544947541679 -0.0257725748303888
-0.00392433392053754 -0.00111368099562453 0.0532947354639751 -0.145264186030748
-0.000357291745514109 0.00681953441453963 -0.0614983734932725 0.118613355227988
-0.0029843039191803 0.0012655679820315 -0.141542193579924 0.016273310555224
-0.00805071468904638 -0.00599363462105326 -0.179993812495201 -0.162736913107351
-0.00580045876548374 -0.0100479328718636 0.0610574990923494 -0.312391443103819
0.00046332736140722 -0.00222450643696727 0.403572076791046 -0.0895938379560433
-0.00016751294855764 0.00277324217684725 0.287710519722079 0.298468621084211
-0.00913903389653094 0.0102811687578856 -0.0463347302496197 0.283585776750066
-0.00649929694572144 -0.000577873192854448 0.016310439640116 0.0456401046526964
-0.00520608880277779 -0.00169549983025132 0.132756106042373 -0.23135082542534
0.00197079327018202 0.00954478187486961 -0.235287828237875 -0.39815800152868
0.00742488675616999 0.00883330047195113 -0.512277683533836 0.0431675953848813
0.00257320117655493 -0.00600554541984082 -0.116494375438398 0.40034663340467
-0.004972282188375 -0.00976075630659532 0.202975397691055 0.216296740224812
-0.00368669563975814 -0.00471418195174791 0.196310783869807 -0.0279319796667655
-0.00133948706205016 -0.00218465860681763 0.0530977544781043 -0.146435482324341
0.00191983208766734 0.00685275166551505 -0.0607719234223972 0.115820502900184
-0.00169958745321109 0.000749841619406567 -0.138698883666275 0.0133681863975543
-0.0080120572060568 -0.00705497261535941 -0.176161386627619 -0.165593692605618
-0.00633679269145884 -0.0104091861371368 0.0678067900834639 -0.309416172873553
-0.00099095516730294 -0.00207686737920198 0.40561904887112 -0.0790543049510054
-0.00124816177850096 0.00173979115225251 0.283860121056506 0.307230902730488
-0.00922472122445174 0.00844510034279294 -0.0513513345854537 0.284881593598475
-0.00622128758935548 -0.0020720026501639 0.0161638533086748 0.0454959539190542
-0.00560630230781364 -0.00323195607175481 0.129781835352741 -0.232270303813558
0.0007799694231838 0.00895136463394992 -0.241495540922817 -0.388754087348624
0.00637074060899915 0.0087343054048626 -0.509154084480192 0.0559226609356482
0.00135514715916398 -0.0059589650283153 -0.107972465787262 0.40244780012199
-0.00475702486901708 -0.0109385043657811 0.206222229805411 0.21259765707662
-0.00260245830956425 -0.00569063801450768 0.197093575738556 -0.0316327742181062
0.000776304824741929 -0.00196346229061899 0.0530231560494934 -0.148242174366465
0.0032492815152722 0.00624124218610676 -0.0593910464303641 0.114192291267676
4.45847093970882E-07 -8.61543121599552E-05 -0.13710143452998 0.00964800080224016
-0.00711641005170305 -0.00691795844759439 -0.172270486728162 -0.169777334287252
-0.00615796506349189 -0.00969247203683466 0.0751351489919462 -0.308001101623696
-0.00263137986958497 -0.0030255193814732 0.408756058440061 -0.0665035320325855
-0.00279572109712894 -0.000312706619394417 0.277097125213491 0.315098579105088
-0.00923689421852788 0.00649809037203233 -0.0544570554008652 0.285701883335702
-0.00574641448963415 -0.00333281699707162 0.016781214748662 0.0448465436319314
-0.00575580424724497 -0.00473496747343738 0.125799185900514 -0.232418395540077
-0.000455050318296847 0.00700519006183618 -0.249681031409407 -0.380672764041835
0.00404231591295066 0.00841276812576741 -0.50555569571163 0.0706877577396959
0.000404724018473911 -0.00490569444791109 -0.0980076752924384 0.404440665902657
-0.00386619928719537 -0.0107696503637683 0.210655496737534 0.206952240971656
-0.000976728037625122 -0.00592727643486254 0.19777063782585 -0.0351355636991851
0.00381233627026271 -0.002726406090433 0.0537947112616828 -0.149983023481027
0.00550271172790783 0.00611991243578488 -0.0574160282225085 0.113418084111864
0.00136102551125449 0.000565866555350973 -0.135532623909881 0.00696279202987704
-0.00521146082245589 -0.00524111574916097 -0.168174995396783 -0.174422050759633
-0.0055249219097868 -0.00823954801840924 0.0818596420456189 -0.306855776520169
-0.00401994964369489 -0.00421731669713717 0.411094940259096 -0.0568115234042375
-0.00386486529864466 -0.00315204366230088 0.270482721896482 0.322854554824998
-0.00968035243560606 0.00481769743758229 -0.0585495753834507 0.285491222074581
-0.00593487720068366 -0.00442607524524454 0.0173603632196834 0.0441088951486985
-0.00607398256672481 -0.00632115763051309 0.123386476103929 -0.23394425014716
-0.00241786594550551 0.00460961424100721 -0.256123026214386 -0.375127425884967
0.00179830836176333 0.00724020807043877 -0.502071828907768 0.0825685059490407
0.000513674522922941 -0.00378043007589046 -0.0909085841567928 0.406823446062368
-0.00227868011764942 -0.00866067254046255 0.21460413596478 0.202649461454494
0.00134185116496547 -0.00529789046368304 0.198508413053853 -0.0399605258872604
0.00543526846817875 -0.00263562182020775 0.0541210831602481 -0.151659676780183
-0.00256639822422416 0.00545123749220243 -0.0581467524995 0.12210152360427
-0.000464641600250409 0.00721400152422213 -0.143334907773175 0.0192032604262554
-0.00203576090803868 0.00586285676193815 -0.185476689929678 -0.160121162017134
-9.20881907213807E-05 -0.00377995725657771 0.0556706842467528 -0.318299471338078
-9.14257094518315E-05 -0.00602964234566775 0.400051104911252 -0.103867283356748
-6.89119476174511E-06 -0.00263747837673433 0.288606797122623 0.288348490256978
-0.00848794124616955 0.0103595288139652 -0.0454193388398271 0.279274594398704
-0.00851443470054168 0.0010548306452439 0.0177427830767716 0.0409909776029073
-0.00514396207383193 -0.00296704040555258 0.132250157776077 -0.239595185757066
0.00100058533846196 0.00303784612243562 -0.242491411994892 -0.406272538268313
0.00559807576261496 0.00447483538316051 -0.517106213626617 0.0387662170235275
0.00726284942483642 0.000258817729537158 -0.117531055967535 0.397412747629694
0.00239308128953861 0.0033658692093993 0.2012290376498 0.213380562664865
-0.00136368079794432 0.00223084821225833 0.194558746449457 -0.0297857637292368
-0.00494635819185596 -0.00113417164001452 0.0523466857774915 -0.147642522239939
-0.00303620589385495 0.00612337477116228 -0.058607974037546 0.122715299872983
-0.00199870625533515 0.00568172727480631 -0.143964618243393 0.0213405016802354
-0.00425672820968936 0.00262100326923199 -0.187161791728492 -0.158054233258854
-0.00168173481454271 -0.00597536102934494 0.0525523559486066 -0.317001111076811
0.00107077352303312 -0.00492987321408205 0.400452693051751 -0.107736652235312
0.000435415526316036 -0.000387021009361286 0.292921523259563 0.2839051272024
-0.00806318126555183 0.0112005925761776 -0.0423434123303504 0.280324050079891
-0.00816651585324286 0.00154589251398222 0.0170806265221609 0.0421419845876454
-0.00523732478961408 -0.00164066563632604 0.1336971014757 -0.238003019685174
0.00175556303890146 0.00607606759125358 -0.235758474149945 -0.407672683322302
0.00701678781038896 0.00617305529606889 -0.516851923714452 0.0347427739113614
0.00619630749898896 -0.00149611294500805 -0.122304422791127 0.397614758872348
-0.000346029152294778 -0.000221078085191374 0.199386920791957 0.216825342586865
-0.00258480336244848 0.000853258770042699 0.194189774019218 -0.0276422741678906
-0.005344279323062 -0.00104176020465442 0.0525179124268278 -0.146748373577872
-0.00275851605281983 0.0064017112414351 -0.059843010651379 0.122304876647877
-0.00300914218449525 0.00396501662313867 -0.143751822238334 0.0213619346338855
-0.00613843657525246 -0.000622913688003821 -0.186901930629698 -0.156892914891129
-0.00319254722004854 -0.00804438859275441 0.0521233794172041 -0.315790913513482
0.00124580885122423 -0.00368016369984341 0.400252508414023 -0.106816243808986
0.00138046501659317 0.00164116569521493 0.295348864540424 0.285630596163785
-0.00836378832496466 0.0121849751063712 -0.0417486416331852 0.281872906356746
-0.00806324326328058 0.00131125815736804 0.0172423853323282 0.0433471892735188
-0.00545656485358855 -0.000849480567644346 0.134619755752751 -0.23531367276314
0.00251056818922015 0.0082013212882889 -0.235034017868048 -0.405770163261819
0.00797070723185923 0.00723526734359567 -0.516330610088615 0.034512403967607
0.00471209349560898 -0.00362896626861695 -0.122992231713019 0.398195510354021
-0.00277676589055429 -0.00445360159936248 0.199964864112434 0.21787806259679
-0.00423204780090213 -0.00131351839627477 0.194817955989832 -0.0274534525513457
-0.00518838068634537 -0.00115849445270927 0.0521804980071327 -0.146627705440543
-0.00167184668990614 0.00708920651246076 -0.0602989821738565 0.121281747216366
-0.00339733143353173 0.00258574616709223 -0.143006789609354 0.0197493972413224
-0.00759559282714404 -0.00326010673555257 -0.185646614969833 -0.158319907590667
-0.00487906652107537 -0.00959500548687269 0.0541626918700012 -0.315172238934752
0.00100908657039003 -0.0024094715392961 0.40214608143456 -0.101999080145256
0.00070628806768778 0.00250648466055444 0.29529077514031 0.289475114538184
-0.00869557226879581 0.0115782143470021 -0.0424992941163934 0.283306750528112
-0.00738637486108702 0.000594740566767535 0.0164479044292162 0.0447424913212872
-0.0051658796969467 -0.00119225012826639 0.134098904356913 -0.233502714577001
0.00294601180288397 0.00900285932178329 -0.235863208456012 -0.403907077639199
0.00856443283137339 0.00755188845867705 -0.516773507708465 0.0397414448594126
0.00362065566314485 -0.00560187125158706 -0.120946410995159 0.400721593596626
-0.0044023475758981 -0.0078466126047604 0.202472266413471 0.217889077272921
-0.00411158785928822 -0.00330387066288241 0.196318908356116 -0.0278991366546902
-0.00354937643149065 -0.00145581508823912 0.0523705292624499 -0.146910443106868
-0.000487273247067357 0.00679850141850726 -0.0599512088509217 0.11933369531157
-0.00282290217322634 0.00141017639851039 -0.141944075683398 0.0171312890627956
-0.00858110344456568 -0.00583433684082577 -0.181739188418525 -0.160658482564714
-0.00614589627674018 -0.010676908650867 0.0599176250503649 -0.313049988511265
-1.07015812906988E-05 -0.00227074735959727 0.405001527324685 -0.0932850072090235
0.000186552954799088 0.00270282816561236 0.29164720722705 0.297840508178876
-0.00877088908537433 0.0104819851687977 -0.0452252202984485 0.28498895917631
-0.00710638196277341 -0.000559527962470614 0.0163377246202627 0.0449144275800823
-0.00507680020920603 -0.00189443538935231 0.132262650547511 -0.23295797919697
0.00246152748329739 0.00966314517406091 -0.239546483800013 -0.3972666286654
0.00832929409802226 0.00819767941536485 -0.514147293172046 0.0484808499582172
0.00217260501847791 -0.00658293990119083 -0.113119857042072 0.403083120033166
-0.00519316341842599 -0.0101850637111521 0.205124297594004 0.21563533701452
-0.00371818121461061 -0.0047710453204089 0.196996674853186 -0.0297278741130276
-0.0013316884703586 -0.00152230175247447 0.0523668263115523 -0.147837533264626
0.00176229106973355 0.00643064297314015 -0.0592671382800551 0.117052001213976
-0.00170340955041265 0.000456073470119867 -0.139960566934396 0.0141810551372575
-0.00806755797211719 -0.00717292245906294 -0.177971618422152 -0.164553215825506
-0.00647393273045521 -0.01005944789451 0.0661476363277455 -0.310482911756541
-0.000966556845326724 -0.00232993233951938 0.406535318112531 -0.0824490107374519
-0.00114997656339881 0.00193585587935801 0.285773418064829 0.306343019904332
-0.00951998920025513 0.00892487143226293 -0.0490705935251203 0.285308211948578
-0.00627174195982698 -0.00176919305453686 0.0169408263630036 0.0449206646011752
-0.00546672469140553 -0.00280220303994886 0.129020800929659 -0.23349590961919
0.000866806279966189 0.00856840661538626 -0.244575722301049 -0.388457353980316
0.00637738635775094 0.00854450783305796 -0.510180994952168 0.0612685543713475
0.000983253660362665 -0.0064976515721522 -0.104176755683326 0.405899680784466
-0.00543662044532245 -0.0110677439151625 0.208711029769893 0.210557323670436
-0.00278565155246542 -0.0055718034856316 0.197562467143663 -0.0332526945663839
0.000891820728752765 -0.00274928227298299 0.0520848977676765 -0.149336395058345
0.00399356132832997 0.00625813196322652 -0.0577128633670919 0.115911422112313
-0.000291143099678489 0.000146535822814229 -0.138194738365687 0.0111106212762135
-0.00715069566523806 -0.0069308289985252 -0.174064909379315 -0.168259252353728
-0.00658885470505899 -0.0093873780578451 0.0727881784924796 -0.308489153429169
-0.00265334342982141 -0.00291071430273358 0.409549465234449 -0.070705001074863
-0.0029681814118448 -0.000726816446703337 0.280222342953294 0.314561206553537
-0.0095399476469083 0.00741626162958134 -0.0524273659587343 0.286245143729009
-0.00608718973456228 -0.00316037142580252 0.0166980269888817 0.0447454247629896
-0.00589948613273206 -0.00449764923012578 0.125571660873665 -0.233941726967846
-0.000418303511750335 0.00701916570277075 -0.252532981449275 -0.380444404076764
0.00358390645714638 0.00825707609473931 -0.507934918628854 0.0751232754447734
0.00015674609476386 -0.00528944840632556 -0.0952445083737472 0.407272782949772
-0.00379386853893436 -0.0106312875893123 0.213184669451282 0.205887999622588
-0.00102381409677261 -0.00570835900377719 0.198497257455203 -0.0377528689348741
0.00332858589673533 -0.00270285346168773 0.0526223815879376 -0.150863317552895
0.00582409198973618 0.00585213832774107 -0.0569978637232557 0.114626137002274
0.00127479015469708 0.000470845911826134 -0.135832537853029 0.00783879692874562
-0.00560330345903978 -0.00532841104126477 -0.170303796972397 -0.173064644349401
-0.00595068597905304 -0.00831812384449882 0.0803251299788919 -0.307243031228509
-0.00410477770200731 -0.00410676286436933 0.412480802807838 -0.0606819459450176
-0.00414218934486075 -0.00282801763214931 0.274403261226004 0.321697931888669
-0.0100315508169425 0.00539282884695334 -0.0575906494806869 0.286355045549959
-0.00608947133142869 -0.00403441921099694 0.0175969347165345 0.0441887284730453
-0.00603230096072646 -0.0064005938675958 0.122508337478471 -0.23542169748653
-0.0023891234900808 0.00485041806755377 -0.260021325358129 -0.374861208040844
0.00218013274012036 0.00760911567332431 -0.504907162182898 0.0867554726990614
0.000269879550654684 -0.00389228823145527 -0.0877645107198604 0.409053419034712
-0.00219674330035692 -0.00881318240605567 0.217117885397482 0.20102602830522
0.00077138938408231 -0.00496930330453927 0.199043439583481 -0.0419664828151236
0.00558636161884307 -0.00244530023530734 0.0531781459062375 -0.153146663961986
-0.00236399741958133 0.00561096641754915 -0.05599644178202 0.123110041457577
-0.000630847073692586 0.00701402409546814 -0.143863071752121 0.0199506823781589
-0.00200880414063791 0.00584756791027274 -0.187659603979426 -0.15893778901017
-0.000203300167073662 -0.00382770717740671 0.0538678701575102 -0.319592628190725
-0.000337176951159762 -0.00609235048299214 0.400760407858113 -0.106900821517204
-0.000666403746804609 -0.00270428489908897 0.291395218261147 0.284940719576587
-0.00813379369972949 0.0106865027482007 -0.0434919910830661 0.279697689646658
-0.00818982213259939 0.000941112765030436 0.0183827472997483 0.0407548770770874
-0.0052050606115501 -0.0027664329943676 0.131209708709023 -0.241498344349807
0.00056785632464605 0.0029249501844092 -0.246037159045232 -0.405464861077975
0.00532750748235223 0.00474812566546604 -0.51685695691809 0.0441595640471395
0.00712812543953209 0.000449569664792979 -0.115428236989301 0.39991615683504
0.00247789958346717 0.00319434954602606 0.204079608218541 0.212354070348274
-0.00165274545849991 0.00227429213126844 0.194811844390656 -0.0314933388747658
-0.00536152366284522 -0.00133932831476041 0.0514391406462717 -0.14868287383965
-0.00287742617847155 0.00582928786295266 -0.0577738396592146 0.12349520371721
-0.00214155911157296 0.00551491613563489 -0.144143386385874 0.0221355164935894
-0.00444915322198781 0.00274109575719089 -0.188796633496962 -0.156312536116225
-0.00126036072754918 -0.00606242646562568 0.0510383630580579 -0.318581704002343
0.00114224768313627 -0.00445945951015376 0.400340688655981 -0.11113372386717
0.000652744318862027 -0.00039979876424379 0.295805811253751 0.282656322118289
-0.00840163611982825 0.0118898556653109 -0.040817608259678 0.28124540026211
-0.00836204458728849 0.00161830263024539 0.0177116722776438 0.0424086893924853
-0.00504278264851781 -0.00159767162016602 0.133187902331533 -0.238930612203838
0.00198328416923613 0.00589794149437596 -0.24007121361074 -0.406932221754955
0.0072903240754133 0.00605955645607723 -0.518227857632979 0.0376821987366561
0.00620161731854952 -0.00183200661110051 -0.118858678922989 0.400030914149333
-0.000413219618564132 -0.000661210761501895 0.201818981122571 0.215870066778204
-0.0028921273877206 0.00101158355086996 0.194704362623012 -0.0297754498764357
-0.00563646862287428 -0.000602103194176497 0.0505647145762576 -0.148049952005143
-0.00190054080221626 0.00637817525330128 -0.0585888497360662 0.123516729588668
-0.00323614733007364 0.0046689538288795 -0.144494972266416 0.0218981138192816
-0.0062951428712808 -0.000507400611050245 -0.188454951914765 -0.154523861031446
-0.00321878498399929 -0.00801132571517124 0.0501838385581945 -0.316808221856369
0.00127339044173242 -0.0036269854079536 0.400449275985148 -0.110542807000535
0.00116003382614449 0.00151004522296889 0.298013325496795 0.283532252003591
-0.00811482024108422 0.0119804512766078 -0.0403962664922398 0.282246961090498
-0.00765142002256132 0.00122076283217717 0.0172362838416392 0.0438291121797208
-0.00484368680449537 -0.000690991439411064 0.133292447443191 -0.237338264421405
0.0029008760879751 0.00825089080515454 -0.238862380614684 -0.406863692774516
0.0083027632079189 0.00716933156013979 -0.51797575386919 0.0384208639459838
0.00500092798242459 -0.00391132691898416 -0.120396328470421 0.400722547570339
-0.00278624628338676 -0.00423618365914959 0.20235221331494 0.217551546854445
-0.00432871237695021 -0.00102662359895465 0.195597937622835 -0.0292475322820984
-0.00531447519333129 -0.00153195471559574 0.0508331876735639 -0.147591852784672
-0.00151140222643796 0.00662214139253244 -0.0589024677453116 0.122286722477476
-0.00349189446445043 0.00248139808624431 -0.144140596578319 0.0210373633744193
-0.00782951228006492 -0.00353487526169499 -0.186541590393165 -0.15587330634992
-0.00455539987544563 -0.00926144063503766 0.052767792697353 -0.316468164662334
0.000930873854692099 -0.0023441602490764 0.402265050037242 -0.104254627576127
0.00117465716070171 0.00272505879882939 0.296655483706575 0.28891647592906
-0.0082882278201274 0.0121597378660174 -0.0415331031667726 0.284339450325543
-0.00741560222515827 0.000517500686230676 0.0166904350964317 0.0441728087467008
-0.00497993907645999 -0.00102564583480239 0.133654924640452 -0.234885906102117
0.00300030325579256 0.00949578026758893 -0.238769536821712 -0.402390414569552
0.00900242716458497 0.00831684087536034 -0.51663928718214 0.0432424824233486
0.00337130508710919 -0.00524427599408703 -0.117454025628274 0.403622515651936
-0.00431053774831652 -0.00776858870746022 0.205013203765554 0.217574919163647
-0.00421930935447215 -0.00309354758348588 0.195960682828972 -0.029759637164999
-0.00419988235726779 -0.00169874800944512 0.0506352564525579 -0.14846029028446
0.000206726677716265 0.00649086642317152 -0.0596691534398071 0.120851551056831
-0.00283463568948818 0.00124632751749198 -0.142214720982919 0.0185157469172655
-0.00832435435003331 -0.00586458773430609 -0.184479478657073 -0.159406084268189
-0.00595306457809481 -0.00993160708794139 0.057812319074425 -0.314499791710082
-0.000147028103973949 -0.00176282149319856 0.405223200617131 -0.0967766767334346
-0.000100598797246701 0.00251060893054629 0.294535613734123 0.296362444340563
-0.00911844540837722 0.0107043852054514 -0.0438141901395279 0.285182236416352
-0.00683766314431625 -0.000320699715582087 0.016917158095873 0.0450709074868881
-0.00558851863731831 -0.00193583551435076 0.131052157312541 -0.234922568360052
0.00256907216193306 0.00940799774874313 -0.241867956755076 -0.396140560660547
0.00819265329705092 0.00829180569942385 -0.514725651203377 0.0524973155590038
0.00218165849366989 -0.00629841838927804 -0.110457068122858 0.40504186236334
-0.00515775827460478 -0.0104188552056175 0.207819956946866 0.215180590370377
-0.00391386884667234 -0.00463969659289085 0.196632118838199 -0.0321651144428193
-0.00189271790244671 -0.00223153792088453 0.0502660070854414 -0.149142145328039
0.00215144159613641 0.00705447551863821 -0.0577727358265923 0.118442024978135
-0.0018507577507232 0.000666891611218904 -0.140457469034605 0.0152877333233805
-0.00804668472638917 -0.00693706071961087 -0.180480525153267 -0.163173100385959
-0.00678953408463256 -0.0101560768453633 0.0648936422438882 -0.311884326611202
-0.00133024091271922 -0.00177776262072839 0.407350358790096 -0.085187721450677
-0.00141165804534713 0.00177989519999773 0.289074972577056 0.304517988716036
-0.00940377760596592 0.00952803866719145 -0.0480491968523955 0.286323210432596
-0.00645469910038121 -0.00188684892009855 0.0173768427018319 0.0452291515046873
-0.00576335234453323 -0.00313978872294102 0.129282348848552 -0.234678950760347
0.00123807749823828 0.00901525444949815 -0.24797562281537 -0.388850338810742
0.00631935341627779 0.00849573943636574 -0.511718246448107 0.0662446989109454
0.000469531022614351 -0.00635926955632658 -0.102215348230503 0.408234057147823
-0.00512231560284408 -0.0110753438156989 0.211651737147223 0.210219174997022
-0.00277055881618116 -0.00561139575460731 0.197910407852715 -0.0354428319424693
0.000467514425201882 -0.00246162776894977 0.0506515013222366 -0.150396194077544
0.00425252005717438 0.00642219286782117 -0.0566564467034885 0.116825503760572
-0.000444874096824446 -1.92918032209774E-05 -0.138343479110918 0.0112543836917246
-0.00710154171209094 -0.00676346782449204 -0.176046919551303 -0.167286207465837
-0.0067165372303375 -0.00986171021558533 0.0715788707120518 -0.310517322399464
-0.00276123966178994 -0.00260904877271142 0.41022636867367 -0.0740567989123392
-0.00330651803689999 -0.000455523793646027 0.282566237218917 0.312961126115051
-0.00976950180247343 0.0072236912052907 -0.0524276234587783 0.286264949850428
-0.00602901720821209 -0.00294989400176704 0.0175331590201436 0.0450995965562659
-0.00549798628632147 -0.00475876808321908 0.124582488168015 -0.235508315990397
-0.000768969820902543 0.00727583919931514 -0.255366183156189 -0.379168096480494
0.00396400766122322 0.00859099168188341 -0.50850698636742 0.0791135509853775
-8.32936836667065E-05 -0.00516729267438113 -0.0921355442532108 0.409224510157337
-0.00415140532394509 -0.0103025444114045 0.215861730611025 0.204397482229071
-0.00129007527944991 -0.00566506143799625 0.198933956408613 -0.0394638157013473
0.00338027913686878 -0.00308618658301279 0.0507436331588646 -0.152206781257012
0.00580788922752031 0.00623500998308543 -0.0558578515728669 0.115050796950551
0.00112582920624243 0.000655404038520973 -0.136955251998576 0.00864987070343918
-0.00528887461138163 -0.00527410822470545 -0.172548874847986 -0.172097179970507
-0.00565154801970464 -0.0083750915358764 0.0783127570814539 -0.308717171428676
-0.00436841622788136 -0.00404879696523336 0.413084508307032 -0.0633835128702601
-0.00441500441420887 -0.00308964207063359 0.277339357133704 0.320665601384918
-0.00954491305115248 0.00543257978349096 -0.0563851714128795 0.287188738136525
-0.00560850580793698 -0.0041363123168225 0.0183013551167705 0.0439144182194054
-0.00653785833987026 -0.00660127165462241 0.121865903461665 -0.237016426324446
-0.00276581065830169 0.00467527854130423 -0.262595788139586 -0.374109296700591
0.00194476946284973 0.00760714451100535 -0.505177541187405 0.0907186215103012
4.88601600519391E-05 -0.0036717811203912 -0.0842725500396004 0.411493748331881
-0.00278883437579291 -0.00882243019697093 0.219449777414677 0.199672526876901
0.000673414176628345 -0.00573282556651803 0.199577356854999 -0.0436782220056532
0.00566971343619019 -0.00316366415467089 0.0513898011667665 -0.154376016742132
-0.00256316012598702 0.0052934463482866 -0.054913505723511 0.124091459941628
-0.000866452742208518 0.00738654849940817 -0.144378239262292 0.0210546278716597
-0.00200019318830969 0.00574423124739123 -0.188874728924659 -0.156631535529274
-0.000291589185164454 -0.00402308574925271 0.0523777237492634 -0.319751608954013
-6.56536779155368E-05 -0.0057679951848559 0.400350430173841 -0.109971708303277
-0.000647447168793995 -0.00306691625860618 0.2954188453183 0.283993209731608
-0.00792698287025591 0.0108808109232199 -0.0423554833590178 0.279934125418919
-0.00875198383402136 0.00134213663715971 0.0184308708566499 0.0410741454136918
-0.00583684185425467 -0.00231269299985435 0.129872732669813 -0.24231081769775
0.000773261842594341 0.00309912966881652 -0.248754523579641 -0.40328481542914
0.00556413693835243 0.00468122030990699 -0.517829286614649 0.0469720209529892
0.0071679969753858 0.000834279270829755 -0.112030707699775 0.401809512964245
0.00214386469159666 0.00314276634854405 0.206406768055298 0.210703992605129
-0.00131812627502638 0.00221142020385612 0.19443089474423 -0.0337639003855237
-0.00487147270039672 -0.00118969519826281 0.0497332179642675 -0.149651512946061
-0.00306946082756043 0.00619859249202075 -0.0564195258102977 0.12439131026606
-0.00190671997546566 0.0054750723662092 -0.145214693520504 0.0228936791730738
-0.0038652619870634 0.00255609670641331 -0.190233835665752 -0.15462613101127
-0.00127138589295065 -0.00686605113772825 0.048496555202581 -0.319262392920196
0.00113341216905725 -0.00467322822975367 0.40054689396784 -0.114176187672582
0.000648741764906705 -0.000347282698457829 0.298185850599206 0.281389279660493
-0.00811568499635696 0.0119644570933593 -0.0399351024214803 0.281839049788656
-0.00826727460977596 0.00203441820241082 0.0178259831891183 0.0421367932827746
-0.00549248306798559 -0.00140601279932713 0.132198853069279 -0.240877371453272
0.00248042353491099 0.00595229881498167 -0.242338923345055 -0.405544739313244
0.00809097642468322 0.00577412086438969 -0.520150172746793 0.0420984135341944
0.00556608405769033 -0.00161891010324237 -0.115681794840672 0.401480208918341
-0.000521153584134867 -0.000338580140408167 0.204257039703463 0.214264446665098
-0.00299811065476815 0.00117021731458886 0.194285189669339 -0.0320829992632176
-0.00603045137525825 -0.000868615904076378 0.0496988954827924 -0.149212689208883
-0.00236946959945281 0.00630450778948191 -0.0575935839505086 0.124057439167433
-0.00332667051693856 0.00367672058372945 -0.144745604743353 0.0231151846775631
-0.00660585596875627 -0.000635125073546319 -0.189996351138137 -0.153487269057893
-0.00325752097072641 -0.00811521967313867 0.0482767734970937 -0.318325479181346
0.00107853268080246 -0.00327977814942459 0.40076489752205 -0.113213891854748
0.00115854351080231 0.00161787394660554 0.300794145485501 0.281529216428003
-0.00786584321857104 0.0123484673415975 -0.0391289431324422 0.281853299668141
-0.00847045560427595 0.00136874455738236 0.017372311841196 0.0430384124050448
-0.00512853261899055 -0.0010025964174346 0.132467128691238 -0.238233155006201
0.00277224008727176 0.00797336570714535 -0.241330287331208 -0.405192696839798
0.00844289764679907 0.00660980371152461 -0.519395273377088 0.0420890569450097
0.00466346003939553 -0.00416054827215566 -0.116684922546826 0.402279500609435
-0.00300743314496519 -0.00402304113285392 0.204320478578239 0.215333792055908
-0.00420712709885505 -0.00139045551225844 0.195902496047972 -0.0312469271449668
-0.00543500813829739 -0.00157949207446679 0.0491816828549941 -0.147946731468524
-0.00114457880470855 0.00679339668696639 -0.0578558274266225 0.123139910468659
-0.00334137730146463 0.00266196730628293 -0.144130418184765 0.0225674269148448
-0.00803425805921621 -0.0036443376265875 -0.189135232398676 -0.154616078265902
-0.00481215860170316 -0.00959635729019074 0.0507696356975889 -0.31700406972667
0.000989853879993134 -0.00243852306774564 0.402730662830573 -0.108450339832161
0.000778269404565558 0.00246721637484509 0.299603067937658 0.287164045552015
-0.00827281133882132 0.0124566342517284 -0.0402532791351458 0.284509400838482
-0.00756186953964777 0.000663838136182982 0.0175201545917248 0.044406644905931
-0.00547000818681784 -0.00103331173506303 0.132266765487106 -0.236134508999078
0.00290926849987694 0.00932901254578127 -0.240921101960136 -0.400672898408052
0.00873325038987105 0.0080846164848534 -0.518269660757214 0.0478419394407121
0.00348734341969848 -0.00550040925905063 -0.114438594017592 0.405287798669079
-0.00461914122169283 -0.00780206654941568 0.206928701315407 0.215633343840603
-0.00413853065231183 -0.00313464108380211 0.196169041540782 -0.0318229955250089
-0.00409846452227385 -0.00182126869658315 0.0498798039656043 -0.149136401581395
0.000137542708182568 0.00690144443600386 -0.0577865215683538 0.121316626592382
-0.00317516752876634 0.00134275632859411 -0.142958504198925 0.0201058788580839
-0.00851166774584858 -0.00548218694386361 -0.185652886798819 -0.157884858058691
-0.00582822098175929 -0.0107101848848445 0.0552766270802176 -0.315704238010863
1.56035177981042E-05 -0.00224047410780358 0.404822687146907 -0.0998301484556243
-0.000152490998000902 0.00283267829552956 0.296083222923242 0.295397073176147
-0.00885479000058167 0.011566424055304 -0.0424648550958027 0.285975768626092
-0.00686531293180369 -0.000898195229744304 0.0174973306887452 0.0445686994989481
-0.0050842964097053 -0.00195179147674237 0.129909577407886 -0.236278889660105
0.00271230855996119 0.00926377492311505 -0.245512496413272 -0.395873245840283
0.008288922815181 0.00829254298883122 -0.515356844319671 0.0568485586045532
0.00205966923593716 -0.00608868953948456 -0.107256900102543 0.40721308107723
-0.0054261055947486 -0.0100671274420318 0.209213668221045 0.212764381644754
-0.00412864901633635 -0.00447008371806517 0.197083688496302 -0.0342258819549487
-0.00186634539154202 -0.00270899393864355 0.0490796187845465 -0.149868997197873
0.00195309974722033 0.00689276805823948 -0.0567779919277972 0.119137696492292
-0.00181270568103101 0.000580920299883401 -0.140651833618936 0.0154372079516697
-0.00815804121889998 -0.00713713282160253 -0.182075148995384 -0.161303490009037
-0.0065486155126147 -0.0106758067642158 0.0628299961045984 -0.312698903935926
-0.000912413970239197 -0.00245753964035087 0.407631757998927 -0.0880092167936952
-0.00146529760835225 0.00136852984150285 0.291575675386332 0.301979103511344
-0.00892240310599186 0.00958622448841091 -0.0468110785675406 0.286875617310622
-0.00606205342918002 -0.00187013439572227 0.0175016736411541 0.0443614204015648
-0.00566500117706892 -0.00337998480828617 0.127430623973621 -0.235640244008885
0.0007485186913294 0.00879518909614154 -0.252280942081805 -0.386390718108551
0.00673045675303582 0.00860150163860133 -0.511562448834909 0.0713984394843468
0.00102484139733292 -0.00575439967941309 -0.0989903953212523 0.408892505583407
-0.00541628695670067 -0.0110745235348748 0.213351047447564 0.208925356817138
-0.00287995701500017 -0.00544919897388745 0.19759627481307 -0.0371490101582514
0.000743021714144565 -0.00281346276202345 0.0494967190961471 -0.151264865792054
0.00448387300208458 0.00626757634202134 -0.0555358286370409 0.117184437524856
-0.000416645240154918 0.000127097951674494 -0.139059178171857 0.0126451258895934
-0.00763781617160805 -0.00708787125948372 -0.177117643681177 -0.165608368634475
-0.00636150631216107 -0.0100615608511221 0.0697481507084453 -0.311305345005492
-0.00328714141379489 -0.0024269256753466 0.410737015825528 -0.0769030062708486
-0.00291539769498517 -0.000462367285848623 0.28529226657076 0.310505777630147
-0.00916498065844902 0.00742420257393596 -0.0501096356950722 0.286879677423289
-0.00610052860320786 -0.00286437182274009 0.0182159301487321 0.043994321632572
-0.00594803995481355 -0.00527880476337817 0.123642766831264 -0.236266054537359
-0.000333326580344536 0.00693705908657281 -0.258738818022074 -0.378305454922136
0.00461991015192609 0.00806434484667234 -0.509167600232802 0.0842245575893658
-0.000107685813308825 -0.0052168098105175 -0.0891545917952561 0.410990874140649
-0.00480005227000746 -0.0103891988931546 0.218107780927322 0.203064729582943
-0.0010671024464119 -0.00578426754669675 0.198647524117231 -0.0413474301023524
0.00276123711819457 -0.00303048336068481 0.0495866151854615 -0.15363469104609
0.0063939609146455 0.00584892195417509 -0.0542884740018672 0.116071902668721
0.000792002755614301 0.000595070527874887 -0.137113353211035 0.00958047096590393
-0.00531435545161572 -0.00502376120341684 -0.174039890249952 -0.17002779184995
-0.00590807158258267 -0.00800178867591776 0.0766263925674766 -0.310143830954531
-0.00435995891122923 -0.00423447327574796 0.413205023235443 -0.0672692254085042
-0.00454551290993032 -0.00285609156089279 0.279410563299192 0.318520427077528
-0.00955532364627037 0.00565817892260952 -0.0547884693976693 0.28760244605301
-0.00589254355546746 -0.00337824825565645 0.0187671939739955 0.0437886287241591
-0.00669001528970273 -0.00626128136426718 0.120645594809808 -0.238125745348128
-0.00299459220420494 0.00478866467089979 -0.266336518248481 -0.372573203979498
0.00239783467997578 0.00768106866149505 -0.506103899622227 0.0955975861184629
0.000317982467179519 -0.00335146098469715 -0.0811533151744274 0.412315036801952
-0.00257645127410388 -0.00921887523457021 0.220737108019178 0.197965139002658
0.000385858980703053 -0.005617314922703 0.198994101954503 -0.0458217912344104
0.00525298493787481 -0.0035137022326475 0.050209086594995 -0.155202066537468
-0.00233818139340261 0.00560667841515231 -0.053629716861868 0.124688975429865
-0.000505136266760982 0.00688532557113716 -0.144273005141201 0.0221415051168865
-0.0020149944646102 0.00591638809006343 -0.190629252814111 -0.154954562193615
-0.000433880858781261 -0.00432417369801919 0.0504763477187117 -0.320209654005436
-0.000707626556313916 -0.00635452190363507 0.400798925027335 -0.113113013955742
-0.000592914795029898 -0.0029949931402629 0.296067280746781 0.282777804514176
-0.00799455871011241 0.0112269606859599 -0.0402359062468064 0.2801544765373
-0.00844140152616459 0.00174580499871492 0.0186597635257126 0.0404859803055243
-0.00583590118564587 -0.00279442844686846 0.129139300654029 -0.243983468686714
0.00109694014366558 0.00258102210211203 -0.252324332275355 -0.402404877969231
0.00571002297069792 0.00477286832787668 -0.518898017831215 0.052047518233288
0.00720158106877034 0.000652269343469561 -0.108797833545385 0.402944163252186
0.00150497103859096 0.003540512667865 0.207688521738225 0.209108591489852
-0.00177124217951517 0.00235199052462167 0.194732384374443 -0.0359571255426139
-0.00554695814969672 -0.00113712610515376 0.0484988952594105 -0.150483309498602
-0.00278933532119499 0.00619451005869901 -0.0551630280089598 0.125441567212182
-0.00209872189152209 0.00573338416710847 -0.14501375027236 0.023984670064653
-0.0040923992142596 0.00303065069418995 -0.190888454678542 -0.152540374453024
-0.00147377703003061 -0.00641111649645734 0.046284588390342 -0.320184389327326
0.000500611988319687 -0.00460947347387549 0.400197916795454 -0.117528194952695
0.000309700394843734 -0.000208449959386013 0.299497970155469 0.278419128725543
-0.00765378026798171 0.0120759855589999 -0.0377362163391628 0.281495055759667
-0.00784267369478389 0.00148626231075105 0.0180367803413489 0.0412739907029737
-0.00493927277247897 -0.00161744743791137 0.130547095700118 -0.240751839575405
0.00242763950779263 0.00612033994947102 -0.245996117374447 -0.404627356014483
0.00766958130411993 0.00570530520072863 -0.519778503243961 0.046511441527012
0.0058684555431221 -0.00198525959078208 -0.11285904298171 0.402993364719228
-0.000701407511836688 -0.00029300133431909 0.206413034933394 0.21280980032846
-0.00328083766321866 0.000776296352443453 0.194604027754956 -0.0341757437086614
-0.00615961072840335 -0.00131721317229524 0.0483010932675545 -0.149486602200272
-0.00229792165741994 0.00656389378486502 -0.0557778821915187 0.124885191168576
-0.00328562381818532 0.00415414740809254 -0.145432010055794 0.0239124406966298
-0.00635317981325037 -0.000281233759123863 -0.191725069277326 -0.151237401815535
-0.00325389146684161 -0.00842743830122317 0.0464866979538 -0.31838374729153
0.000838231493966933 -0.00306351208575173 0.400351826737083 -0.116858805762357
0.00111130876439118 0.00159167116038949 0.302363625272403 0.278814122272569
-0.00815315735640557 0.0127695350933746 -0.0377437329897743 0.283141136252193
-0.00795427043921945 0.0012791728305675 0.0178980764604883 0.04302104102819
-0.00544021382780373 -0.000612119129721169 0.131456871808212 -0.239283450575182
0.0031918413258837 0.00767107507623409 -0.245009671478975 -0.404140921141404
0.0089884441766632 0.00709120789109025 -0.518743170276831 0.0481772262493408
0.00446621141597103 -0.00376222529217461 -0.113620240294923 0.403671671629345
-0.00332265377357676 -0.00438704198914467 0.207177722789191 0.214370159262905
-0.0043807756799602 -0.0011722439312208 0.195186786309042 -0.0333941710526411
-0.00610686696759681 -0.00166921274618495 0.0476987772051856 -0.149649999485028
-0.00106190601974931 0.00672350008104613 -0.0567037524430265 0.123940732330269
-0.00364455617006971 0.00309132554850487 -0.14362157715904 0.0229608334826994
-0.00805056119312378 -0.003473391593127 -0.190070398316793 -0.152937955075525
-0.00492131728820079 -0.00964241003962517 0.0493488952694444 -0.317867048341315
0.000748327614807914 -0.00256149666583998 0.401939324606555 -0.111333070513027
0.000734123459522416 0.00247004421001161 0.301561062572275 0.28349804689619
-0.00789040856261779 0.0122380872323773 -0.0384334066852134 0.284275126164885
-0.0071787963870509 0.000935264184654521 0.0175094740826323 0.0435137477419083
-0.00544631402417905 -0.0011005500709742 0.131227347275526 -0.237193693161191
0.00337854670548584 0.00883215301538502 -0.244188034075547 -0.401313462193437
0.00891422614092783 0.00773867805285438 -0.518991908375604 0.0514879291854177
0.00298613462709074 -0.0052787147906788 -0.111390444563632 0.405888485240403
-0.00483871979296698 -0.00791906153742691 0.208559337732669 0.214081232417159
-0.00470126559022091 -0.0028459576473299 0.195963617555837 -0.0339315418245515
-0.00465130288147069 -0.00159130568146449 0.0478709264293904 -0.150275370835276
0.000264508757248974 0.00704360585163639 -0.056266656782199 0.122362445779521
-0.00343603375324338 0.00158836087048603 -0.14302716732397 0.0205884644516711
-0.00856533193849064 -0.0057712641059266 -0.187401652793903 -0.156275334326772
-0.0060967596327223 -0.0105203208224698 0.0534036492812398 -0.315471704761232
3.2087710794354E-05 -0.00239786291050138 0.40421107871303 -0.102919620619981
-0.00026279575581172 0.00248261121030521 0.298508453688048 0.292813223153374
-0.00802749269947036 0.0117775656501852 -0.0407657272024736 0.285676008910327
-0.00697724705951891 -0.000511127666018409 0.0177136267977694 0.0450061455400357
-0.00557598172080227 -0.00185548512626176 0.12928730481182 -0.237122585899064
0.0025393142158296 0.00956988743862112 -0.249394683740966 -0.393060941435631
0.00849003186695308 0.00812871418100597 -0.516406626861167 0.0621187901967461
0.00203426887285027 -0.00622611594308968 -0.104032669126635 0.408290796765493
-0.00582787740896824 -0.00999979882563956 0.211423250628625 0.21152525357139
-0.00424877839941464 -0.00459145817004237 0.197338472889684 -0.0362462829352814
-0.00239033388902954 -0.00240379097164247 0.0479822276696425 -0.150815447990364
0.00227177779182897 0.00666704533322099 -0.0557328528831766 0.119771882088017
-0.00229151133761131 0.000742499393352851 -0.140890619903244 0.0171079496353176
-0.00823687812701976 -0.0068312965551356 -0.182927539257226 -0.159879308412799
-0.00680492708535956 -0.0103739864975449 0.0612474812058656 -0.31469849561316
-0.00138415283860893 -0.00217272132646536 0.407941327593982 -0.0923134976247226
-0.00134613513248773 0.0016652244889488 0.293794678307911 0.300575466413779
-0.00865276507423167 0.0096899139696721 -0.0456748745509278 0.287278682549046
-0.00619199730250006 -0.00169112309908184 0.0178330337069012 0.0444768098662224
-0.00568629741033753 -0.0035013680490398 0.126564914323419 -0.237185434750095
0.00127276158330892 0.00883786806271081 -0.254813245748835 -0.385450405247361
0.00642550769838898 0.0086921506384824 -0.512269865552008 0.0755569939578479
0.000432749249340888 -0.00601278058236574 -0.0950901754040845 0.410719345441872
-0.00539450216345724 -0.011247573646214 0.215527253222947 0.207284488956955
-0.00303586468629986 -0.00604698810730316 0.197590630254399 -0.0394689413586663
0.000556118049647137 -0.00302276030981692 0.0477514671973081 -0.152556029160829
0.00421042659627555 0.00639184833991155 -0.0545675479377571 0.118004583692442
-0.00049762142913611 0.000187658564253856 -0.139373888583139 0.0129562400842579
-0.00705299420641555 -0.0065284357030065 -0.178932073347072 -0.163774957361011
-0.00648081413771321 -0.00986280545775565 0.0676532822947123 -0.311916399406334
-0.00333906350757595 -0.00322377903578256 0.411218737080817 -0.0802103418461997
-0.00359888298475473 -0.000356248952089413 0.288349134511996 0.309821093526368
-0.00881755867184697 0.008034701509244 -0.0488333435210809 0.287438950115401
-0.00593143477138435 -0.00276792273987327 0.0183620374519245 0.0436736170262785
-0.00617398955040503 -0.00468638343896714 0.122629014108737 -0.238088531529834
-0.000470455057734539 0.00718837745549202 -0.261545327600465 -0.376162876398953
0.00434503773518809 0.00794226599255652 -0.508460851722158 0.0880538591821916
-0.000328268399842209 -0.00511728009879239 -0.0861131001927269 0.412432710284988
-0.0048883998763654 -0.0105576523655976 0.219813958741575 0.201522217300532
-0.00155270688761063 -0.00573420218857644 0.198567001673414 -0.043364300033677
0.00282934786709698 -0.00350084221845069 0.0480231995328624 -0.154298615198812
0.00627864107398532 0.00576558519034443 -0.0530183526585978 0.116721609716624
0.000823035434871764 0.000737045980295219 -0.137498814939355 0.00990361170948373
-0.0056224375737136 -0.00529524638628769 -0.17554028974813 -0.168452557530537
-0.0060926101254034 -0.00889706567076304 0.0748127782810148 -0.310948438745507
-0.00463075113259763 -0.00404924380115006 0.414157550423698 -0.0702794556816514
-0.00485780447110058 -0.00324320437481981 0.282195690543189 0.315979431068144
-0.0091911867979169 0.00597988802125126 -0.0530487543515435 0.287534046002035
-0.00565993718178628 -0.00373678557240531 0.0190781243465619 0.0437637167836891
-0.00712841134657489 -0.00632220703091906 0.120038158809007 -0.239364213890616
-0.00237563938201977 0.00481327242319315 -0.270068356157385 -0.369295747121696
0.00207592769825531 0.00741279678456876 -0.505597059532765 0.101081266000347
-0.000106493606480123 -0.00374554508415576 -0.0776549044480983 0.414228424047391
-0.00303243447620583 -0.00873366985462423 0.223463741705402 0.196649562493966
0.000330885113010064 -0.00547797532141639 0.1987399716472 -0.0475832586838321
0.0049751596468668 -0.00286723685016833 0.0489859493245371 -0.156481140298884
-0.00173647123440986 0.00559110242521147 -0.0526113942632662 0.125387394509958
-0.000653586758251368 0.0069081918023579 -0.144707131323286 0.0230703515552123
-0.00211383253597558 0.00621325430660452 -0.191997217918955 -0.153314076602651
-0.000174108292886086 -0.00446914502768161 0.0486346236003831 -0.321177547620172
-0.000695222517187808 -0.00598865363700048 0.400015160601006 -0.116411803233823
-0.000869042708279059 -0.00296827381544632 0.297714506649941 0.279764011945735
-0.00772764876741673 0.011089586294315 -0.03934486758624 0.280407856949773
-0.00860111339316019 0.00158340422531259 0.0189934756614609 0.0401368168301784
-0.00525770950588394 -0.00273265956649706 0.127390486276108 -0.244660360230823
0.00120892399415618 0.00320966389627309 -0.254464377697818 -0.401594361496686
0.00589907302293076 0.00408907975933467 -0.51894114862255 0.0555795102530422
0.00706436561387498 0.000967868498859831 -0.105712850619939 0.404522505620416
0.00183378721990662 0.00328601063773976 0.208617612514005 0.207882543065585
-0.00165747967972334 0.00233310518017348 0.194268968878751 -0.0369146390624413
-0.00584341711127023 -0.00104903426306446 0.0477494839057298 -0.151048873383685
-0.0027127922089893 0.00604471968240914 -0.0532768926983715 0.125734855270959
-0.00238651129969935 0.00592287305262885 -0.145184165974201 0.0249543753581684
-0.00411374573910642 0.003076040025371 -0.192218514775206 -0.151177201397154
-0.00153684701861789 -0.00618983270658007 0.0451905105748217 -0.319995817411413
0.000389208515138052 -0.00489446621886735 0.398857433267394 -0.119981919375938
0.00014310884303234 -0.000607627245714077 0.301499682588395 0.276905506086484
-0.00734123313503043 0.0126668507375404 -0.0367312968153178 0.281366345963536
-0.00820805852986993 0.00234692713888764 0.018225368606736 0.0414922310993497
-0.00530699227124928 -0.00155651504955814 0.129600439779145 -0.241246929811028
0.00234659735603897 0.00599018932628753 -0.24846507706214 -0.403529990580581
0.00804738239551393 0.00559126507862685 -0.51906425105962 0.0502425838420431
0.00600540915179776 -0.00198609646357836 -0.110065362438409 0.403719485591052
-0.000780634930843846 -0.000315568458469476 0.20785344967493 0.211374311604172
-0.00347026849695003 0.000635502080152281 0.193960793643929 -0.0352042569686216
-0.00631762445908926 -0.0014037526920956 0.04703927142818 -0.150823211830296
-0.00216031381567104 0.00649545782745262 -0.0545908245250509 0.125378284020429
-0.00327594319361502 0.00447250222417274 -0.144896738719085 0.0251615113581715
-0.0060577006892494 -0.000907735587488453 -0.192620051355407 -0.149680844093613
-0.00309100233933803 -0.0081283722872367 0.0452286875526042 -0.318876121058269
0.00117867430552229 -0.00336518308223164 0.39940686276251 -0.118837676428876
0.000501588904710111 0.00141903256479384 0.304248584931117 0.27775408543987
-0.00777587822785557 0.0133050791701599 -0.0363390681779445 0.282362310074992
-0.00775208614098317 0.00140721261841428 0.0185879224625564 0.0429701515918468
-0.00506808308549837 -0.00118404691438128 0.129977427050182 -0.239655767532457
0.00298848989009228 0.00781535032388059 -0.247491165200253 -0.401580075167115
0.00900494153951883 0.00693542359467359 -0.519214697530761 0.0508811796795813
0.00449783550291635 -0.0040287194197915 -0.11074370204516 0.405247290689429
-0.00311715855035086 -0.00448132592091747 0.20834650419414 0.212902556933913
-0.00448394913895199 -0.00103759963834705 0.194340365454678 -0.0346276033938239
-0.0061974689555143 -0.0015506248405534 0.0465305022476576 -0.150271418312048
-0.00122030818769102 0.00697360171612702 -0.0545477412418952 0.124105744338912
-0.00351660506054546 0.00274517919266788 -0.144159946648053 0.0245102306321323
-0.00794519754962733 -0.00331392653458133 -0.190663560295756 -0.1513302581834
-0.00480373669734153 -0.00968746533723715 0.0471200787538547 -0.317666885200023
0.000612975210766181 -0.00245247934201839 0.401255456132327 -0.114779023235983
0.000502903769261823 0.00232759180939199 0.303140615072305 0.282355432785011
-0.00780868728383664 0.0129961567868586 -0.0370110547461784 0.284626889071285
-0.00760735260138677 0.00113621206788154 0.0181725672181586 0.043820005929696
-0.00497265779383177 -0.00132783097366191 0.129979790006995 -0.238265341844508
0.003458981025284 0.00886673456726627 -0.24687253801014 -0.397988480652808
0.00926813440192996 0.00755236134435591 -0.518867011240699 0.0559886195006294
0.00342442895440471 -0.00564653633050995 -0.108302652579209 0.408246072769702
-0.00488339698207804 -0.00787890301743425 0.210173743566112 0.212889448351104
-0.0048853054189583 -0.0026484654563485 0.195726863192418 -0.0358349768050357
-0.00490509645075396 -0.0020627710254827 0.0471660535387101 -0.151015178973162
0.000448730749009359 0.00696515801813361 -0.0552463604075084 0.122769429099664
-0.00325058485296231 0.00185211400829853 -0.143232409130593 0.0210131562913043
-0.00840999458369003 -0.00560161324785313 -0.188126218570511 -0.153881601293392
-0.00628066194352028 -0.0104181077127981 0.0511794713903593 -0.316244395279983
-0.000331549074181047 -0.00223162056546586 0.404310039721921 -0.105565417941542
-0.000372883343013662 0.00289863577209341 0.300482329749144 0.289426828162449
-0.00817749430961477 0.011787767805523 -0.0402672787177417 0.286141726580094
-0.00713739754045585 -0.000375152876630414 0.0180872854899836 0.044141155395099
-0.00533537332041961 -0.00214828284949125 0.128485674857813 -0.237902636726658
0.00256525781775117 0.00932196452845118 -0.250332778921667 -0.391060382855878
0.00833898348822553 0.0081954159566988 -0.515018382613323 0.0655921476945199
0.00183211968244255 -0.00619933183678224 -0.100993615426066 0.40954176477414
-0.0059985245967342 -0.0100163227769765 0.213028916482434 0.210220836696966
-0.00437794569143004 -0.00489951712217607 0.196560817152706 -0.0376271632977648
-0.00275705857680598 -0.00275456982457255 0.0463192936612458 -0.15197055022934
0.00218091221586944 0.00654940000276613 -0.0546549696570701 0.120401258579081
-0.00206729575458532 0.000734913607833989 -0.141127508550312 0.0179975820051215
-0.00806537001474243 -0.00668004065509121 -0.184128604745306 -0.157958170660129
-0.00677997749860606 -0.0107188885632532 0.0591940597509842 -0.314292174987867
-0.00135719478137047 -0.00232999915949632 0.407168313357001 -0.0940761399592149
-0.00169039450901406 0.00197404874429861 0.295226076102376 0.298054087743631
-0.00895511627031732 0.0100551810509173 -0.0441911724794969 0.2869252104509
-0.00626536612912368 -0.00140585351880103 0.0184026573546874 0.0444020451156479
-0.00623015289134165 -0.00329747475280581 0.125924237860127 -0.237438259242732
0.00102979802894257 0.00837585308651879 -0.257105137749512 -0.383256482729632
0.00707176910490293 0.00808252078096628 -0.511937515503314 0.0787565021453158
0.000451316754545323 -0.00642141507759213 -0.0925107473521583 0.412296447516214
-0.00571448408834583 -0.0108837980348993 0.217296685019536 0.205720645348809
-0.00320910516001849 -0.00533209061685319 0.197473001194183 -0.0416806257477778
-6.47672256005611E-05 -0.00284224944448836 0.0461188319244427 -0.153418449289371
0.0049075680230143 0.00655832294430648 -0.0531617323968017 0.118736390746876
-0.000828090331363202 0.000547950929928062 -0.139436294956049 0.0144856610428854
-0.00722318376902115 -0.0069896559348712 -0.179848659590008 -0.162788443909722
-0.00699161273611984 -0.00983696697009554 0.0657496569889877 -0.31203392269467
-0.00308097183224398 -0.00252638074844545 0.410366190142038 -0.0830409902221341
-0.00332290025727981 -0.000272464678729371 0.289214364199921 0.307585129334952
-0.00885820469309773 0.00809605609306038 -0.0480663688649772 0.286651287524173
-0.00575916393559604 -0.00268345478467711 0.0186022878037071 0.0436263032625966
-0.00649698045016377 -0.00465244692174427 0.121973958653082 -0.23868696218046
-0.000162409937881833 0.00702911875937495 -0.263957415576306 -0.375116994646503
0.00458900143695999 0.00789412386718219 -0.508216389702713 0.0924074626378037
0.000315757285719239 -0.00525027037014147 -0.0830939432692924 0.413767323471296
-0.00460996586809638 -0.0101140088011673 0.221037291632021 0.199470208956797
-0.00155835465155774 -0.00573288764211919 0.198108260682726 -0.0452941149533716
0.00281762884572348 -0.00357726578578566 0.046831216172933 -0.155102985179255
0.00639657325534956 0.00540092329601087 -0.0517950625418969 0.118330053939782
0.00115682487458909 0.000500173543984689 -0.137659122746489 0.0115453820804898
-0.00560126840331382 -0.00491619704652754 -0.176583507909724 -0.167260395503611
-0.00620328206868805 -0.00835264878789578 0.0738659374568639 -0.311398496183712
-0.00468062972435467 -0.00394528286295717 0.41362452855445 -0.0729628630278592
-0.00484024199142761 -0.00290379339810235 0.283882214596408 0.315129412802836
-0.00908819449319011 0.00630560053583805 -0.0517269778746585 0.28716414414581
-0.00601381891477553 -0.0033863282061161 0.0187709138172722 0.0432133232495928
-0.0070891138761278 -0.00657200296664102 0.118930659177628 -0.240271047602118
-0.00236124697317867 0.00513312330123208 -0.270044067383228 -0.369106198454068
0.00231845535830494 0.00748184555134734 -0.504529598148493 0.103742425731519
4.75286631912552E-05 -0.00319427202072414 -0.0749765322725692 0.414525315835295
-0.00292009082524821 -0.00861928184218832 0.2248300868317 0.195114209709864
0.000263680785840056 -0.00516736568281199 0.198351363296591 -0.0493342962267497
0.00469676192111162 -0.00331292754770387 0.047441873143443 -0.157365125981287
-0.00208312048463152 0.00577568197735604 -0.0511565169814304 0.125744606513417
-0.00102002568297469 0.00730414203532706 -0.144710339411443 0.0239330131919782
-0.00163681402770295 0.00598991486187718 -0.192108638579185 -0.151609952564389
-8.73514390158737E-05 -0.00409617127888539 0.0473757975545695 -0.320801250146653
-0.000770577910366512 -0.00622544778928104 0.399379615039058 -0.118561082760772
-0.00122424584027882 -0.00321877018678598 0.298833520209275 0.278873907284752
-0.00775276426558688 0.011627486519645 -0.0391405933910617 0.280688684969193
-0.00817243876862664 0.00159868257088753 0.0196355957051236 0.0403100111555423
-0.00567471715927882 -0.00256828675161515 0.127233795929379 -0.244718580842912
0.00133154386750389 0.00270957450321216 -0.255889158503679 -0.399249611880738
0.00618917478006099 0.00439444979281331 -0.5176679832562 0.0589935324370098
0.00678456408739012 0.000250306324302086 -0.103120443236002 0.405218175017041
0.00211495982362931 0.00349620250212329 0.210314542675461 0.20595808674746
-0.00176968866296709 0.00257328860810112 0.193655070923312 -0.0385115021793843
-0.00597950067179894 -0.00100617356048315 0.0454233413854224 -0.152330526188451
-0.00220334689403744 0.0056890689166853 -0.0521606565776032 0.126590517596827
-0.0017493121540954 0.00559598502379563 -0.144852699045216 0.0252973089653878
-0.0037937459202041 0.00279643980863702 -0.193537475938628 -0.149006668883448
-0.00138797699297625 -0.00627762169450025 0.0436889098464692 -0.321076426916332
0.000934410945193065 -0.00462366939799749 0.398545105401886 -0.123155058838656
0.000180076628445084 -0.000704528558866586 0.303344142337472 0.27424889425673
-0.00766811757636516 0.0127993523839786 -0.0355694827291907 0.281858664150993
-0.00813506214600526 0.00214134190281552 0.0190708713255475 0.0413976206960595
-0.00565592616347966 -0.00166217330281966 0.128613141905602 -0.24294269136842
0.00212479112142467 0.00556193375551049 -0.250998945531978 -0.401006555879254
0.00790654544697186 0.00557508149049168 -0.518081651791229 0.0551078362828861
0.00581951979317514 -0.00161734479507391 -0.107340107184978 0.404804779979043
-0.000660252227381217 9.67305188406186E-05 0.209531130322813 0.20979907638771
-0.0030230929007878 0.000785290817993445 0.193716414941585 -0.0363499670583682
-0.00655567051171868 -0.00165477905973006 0.0458208307175815 -0.1512009643699
-0.00226832526029202 0.00650874857135397 -0.0534005993236708 0.125975919307805
-0.00342668328943695 0.00419990011864499 -0.1449638123858 0.0257413570601124
-0.00627683806200587 -0.000524116284564086 -0.193226861250281 -0.148330539140039
-0.00363288532421905 -0.00828626613436885 0.0425824820697184 -0.319904139627331
0.000979095767777798 -0.00303638062561341 0.399208391279385 -0.122011912829095
0.000796020089859666 0.00136178833166189 0.306150034440068 0.274640693553638
-0.00710240762572068 0.0134576500283575 -0.0354074547305045 0.282491130116033
-0.00760914624824431 0.00198651767644724 0.0187996501337504 0.0427203787552462
-0.00571660730550943 -0.00100184726331321 0.129257673646093 -0.240538364121675
0.00316281071565234 0.00757733023062668 -0.249194003135243 -0.400171994610196
0.00850892544218003 0.00658702860679 -0.518887222558184 0.0546683729095461
0.0049126675386298 -0.00341842017440917 -0.108641893191072 0.405805912077712
-0.00279315390447821 -0.0043658238931416 0.209797176938395 0.211328438703619
-0.00429389136320374 -0.00154122131021008 0.194150887007308 -0.0369285812242823
-0.00626570469204136 -0.00127323054659833 0.0456042690991699 -0.150883603386798
-0.000487507701161531 0.00678022281345689 -0.0543963784516614 0.124751969838101
-0.00365243193655994 0.00298125982774719 -0.144276497259356 0.0249393012469644
-0.00783622030477639 -0.00340403089397824 -0.191294302220655 -0.150022823752537
-0.00543865217353656 -0.0100015867166616 0.0451635624710539 -0.317965730956026
0.000424263218567658 -0.00241491575610339 0.400526681093799 -0.116282199638261
0.000563711043727527 0.00239993801884195 0.303677830125292 0.280623157715242
-0.00736745899728547 0.0128725566783219 -0.0360389118377217 0.284185066343246
-0.00707176118448439 0.00102680151986797 0.018410929725236 0.0433977822948309
-0.00542316758509784 -0.00111440811142291 0.129326086730418 -0.239852670888597
0.00363873031246389 0.00878642113651136 -0.249160455546696 -0.396824732056092
0.00905767788928408 0.00730288610322048 -0.517170263238921 0.0603311432355971
0.00304087104092387 -0.00573053784729217 -0.105652309555165 0.408625808521405
-0.00502668841932473 -0.00743932305462531 0.211262348136515 0.211562046437014
-0.00437778060109815 -0.00299182249557042 0.195737187704508 -0.0362332118368704
-0.00517126388897264 -0.00219968598748415 0.0452395348193594 -0.151412116352409
0.000572631141944171 0.00695762227577871 -0.0539416157132585 0.123414430779496
-0.00322424389444036 0.00170505653758837 -0.143315900152115 0.0222491676556668
-0.00826160865830038 -0.00591060598746625 -0.188706721862403 -0.15219080357247
-0.00637970717259524 -0.0106395965885223 0.0500201860268549 -0.316867353779809
-0.000291947476905143 -0.00212790963135913 0.403405248796208 -0.108448979571755
-0.000600340564687019 0.0027103145639688 0.301489129069764 0.287842704718136
-0.00815604173772177 0.0125377815095943 -0.0388757816109131 0.285869499569622
-0.00684543777513682 -0.000101396693857625 0.018388579463247 0.0440564172357648
-0.00581288349923577 -0.00210198601127818 0.127491032590268 -0.238797268394828
0.00252700774836262 0.00927599515858251 -0.252171757568839 -0.390874041689841
0.00837387372525145 0.00805309925149248 -0.514792448690289 0.0694864903719148
0.00149991166943994 -0.0062947202998726 -0.0980272426465574 0.409989442635641
-0.00611646294875886 -0.00990047386932295 0.21498629643532 0.208753097240732
-0.0043481120792057 -0.00483013472185299 0.196340509928032 -0.0389502584849306
-0.00284691829221598 -0.00252784870493456 0.0453393232188047 -0.152154827056018
0.00256282652822772 0.00659039925035749 -0.0529371963718611 0.121298017128797
-0.00211142645939482 0.000655479038376619 -0.141034910693414 0.0184564106403262
-0.00821370033136537 -0.00695397467804721 -0.185093957507497 -0.156987824039454
-0.0069675672840312 -0.0109115997273009 0.0574208706942721 -0.315074763971368
-0.00199371617728359 -0.00236109667931676 0.406866567482883 -0.0969827502924936
-0.00190080990215061 0.00158700788785165 0.297470292476943 0.295955444572419
-0.0083223462429753 0.0103079979615888 -0.0435009939847442 0.287002446835676
-0.00626950974660435 -0.00149699319113701 0.0182593852720925 0.0442210956277509
-0.0059515275621982 -0.00363453590885793 0.125045813157621 -0.238471133482581
0.00164274158709962 0.00820727504391784 -0.259252156079602 -0.382792993336575
0.0070728072622086 0.00864654967658707 -0.511444392743984 0.082480095626457
0.000316926566479388 -0.00613333565516188 -0.0896041638546402 0.411950145157065
-0.0058435071570242 -0.0111825852339767 0.218605395193165 0.204235469456956
-0.00331086954061119 -0.0059049574722721 0.196525931084186 -0.0425212865575276
-0.000155899207736912 -0.00302207766952343 0.0449617013257959 -0.153869563857562
0.00464311017482 0.00561558224606697 -0.051882977926403 0.119265653487927
-0.000856499188520594 0.000180770168945797 -0.13880849177482 0.0149734595816435
-0.00714282983004209 -0.00655189191130802 -0.180996375446342 -0.160998384372555
-0.0064875404307633 -0.00994227336820505 0.0645735221931665 -0.313102364490301
-0.00311940254436314 -0.00239289822171079 0.409251210988483 -0.085351873098715
-0.0034714344557926 -0.000447167463286529 0.291138572352002 0.306090318704599
-0.00848218693979086 0.00816340871805749 -0.0471646684431505 0.287559038597522
-0.00620521864751209 -0.00296249951686121 0.0190203846580533 0.0438732549471361
-0.00656705063824871 -0.0047782060080093 0.120972844579895 -0.238853109847994
-0.000437500855422417 0.00691386653095954 -0.266461944489867 -0.373980023797895
0.00479270699175996 0.00803694556107497 -0.506731294012466 0.096023250716911
-0.000382359663673098 -0.00494073165765683 -0.0805825561145359 0.413710949187916
-0.00507405946441035 -0.0106349636680232 0.222461104534047 0.198117099864321
-0.00170196394535533 -0.00575292342665363 0.19757585369308 -0.0467565850836312
0.00218457291677074 -0.0033130230746234 0.0456221993978454 -0.155665886284352
0.00622696875611893 0.00560435632794028 -0.0513548561138176 0.117913992973482
0.000950388281890513 0.000664708565711222 -0.13783104322322 0.011801654849882
-0.00532684830938136 -0.00513525373548331 -0.177743806252681 -0.165281448098136
-0.00591091397598515 -0.00860619522515053 0.0713803560551492 -0.311840462987999
-0.00435645517899214 -0.00411775651843419 0.41293343419651 -0.0754315217209423
-0.00511683339502271 -0.00285717983694717 0.285485623952441 0.313130292728508
-0.00875812750815152 0.00673907604556396 -0.0512852294907628 0.287466928595131
-0.00602230793225648 -0.00332925608847508 0.0195395354909016 0.0432662415950029
-0.00711535087815475 -0.0066101277262095 0.118345644038072 -0.240283490433985
-0.00228600534453066 0.00467451030592363 -0.271931753601081 -0.367634470967701
0.00229462597254392 0.00713526779892514 -0.504031689895325 0.106614469650498
-9.55054527890416E-07 -0.00336993415367727 -0.072750056934684 0.415554990981574
-0.00303374559787652 -0.00861146762116665 0.225712775899626 0.193111168358618
0.000448034066484981 -0.00509018860762791 0.198447031857779 -0.0509341074624243
0.00469572439535094 -0.00329036428134018 0.0460786169065857 -0.157825710494159
-0.00145130727531757 0.00573458861947149 -0.0502146260526169 0.126247468035431
-0.000790764331563542 0.00752547506813504 -0.145211220017167 0.0246294055201801
-0.00166103414401631 0.00606035377865244 -0.193216258370479 -0.150220029390845
-0.000256401467557456 -0.0043875551922331 0.0455217668390013 -0.32228091211507
-0.00103585257883167 -0.00565507222979921 0.398549426929576 -0.120904932079651
-0.00129188030504496 -0.0029576095618099 0.300630058463146 0.277016081419075
-0.00708888148996863 0.0118182491367074 -0.0383970507088619 0.280242166506834
-0.00794143503839565 0.00160368840829071 0.0199261197991891 0.039871974696891
-0.00584852092011247 -0.00240067763235741 0.12651183369056 -0.245308360530683
0.000946897482008323 0.00252788504796413 -0.257730584777581 -0.399384488538247
0.00615957501441505 0.00414171487586573 -0.517074211330623 0.0610500542283611
0.00694527912159299 0.000657821332790657 -0.101323806255721 0.405705042961325
0.00178646295300182 0.00369421646219188 0.211934575567605 0.204875075327229
-0.00163246070016657 0.00242791808180284 0.193992125636398 -0.0404420779361927
-0.00623353118158673 -0.000890634161713108 0.0453536028587348 -0.152568058506157
-0.00234873381171318 0.00583019855319142 -0.0518149909221088 0.12648921999973
-0.0020752445804264 0.00570548498467199 -0.145372279221989 0.0261482462151356
-0.00388283737013016 0.00282052828487989 -0.193789489596616 -0.147813388292999
-0.00184803936169111 -0.00638128274338949 0.0423730951950642 -0.320553891729813
0.00032201101707152 -0.00484702340367089 0.397845360975292 -0.124688136718795
0.000190812769530695 -0.000664512882995833 0.304476410208157 0.27338995359358
-0.0072391680635655 0.0128923411261327 -0.0346518062885026 0.281181621781317
-0.00774328384320457 0.0020461667450041 0.0195643982306375 0.0412629600957161
-0.0055554825009322 -0.00166699077169516 0.128395872401191 -0.243014096665032
0.00222179988549532 0.00538592856606471 -0.251943098717942 -0.399222804900901
0.00774070407067858 0.00548365834088473 -0.518702007897328 0.056596055102538
0.00606662286931315 -0.00159194393717489 -0.105475761848894 0.40644812254977
-0.0008320876779068 -1.21021189428594E-05 0.210220167860623 0.208602416314719
-0.00347189813192118 0.00103601273042579 0.193263481484251 -0.0382992387764302
-0.00681716909100771 -0.000831203215346771 0.0445195778011497 -0.152009126879747
-0.00179021592170468 0.00644897753071618 -0.0525861579020115 0.12663882593659
-0.00329897819782611 0.00475324021344344 -0.145299155571898 0.026357664979768
-0.00677972181081704 -0.000710483985558394 -0.19436451573089 -0.146566922185195
-0.00341984894793916 -0.00826645099027177 0.0422717664583772 -0.319643679752669
0.000880983272949724 -0.00333203650704716 0.398290456111955 -0.12431562612998
0.000488349253074734 0.00132806166128513 0.305750731917463 0.27368148864649
-0.00734540141839907 0.0136420394729044 -0.034524609864799 0.283088454276676
-0.00752745249140557 0.00157744128237406 0.0188048101217137 0.0424887060925853
-0.00574896862414519 -0.000702076767249518 0.12869316427995 -0.241231283311128
0.00318768272707248 0.00733626887432399 -0.25136198326799 -0.399744067969531
0.00894030747605729 0.00634256481938641 -0.518865645295882 0.0572687033411904
0.00421618235969972 -0.00341083299074703 -0.106042046218924 0.407494220834891
-0.00331072852165455 -0.00428026821727818 0.210983274918542 0.209906685221735
-0.00472750126557997 -0.000920513484505155 0.194554581243619 -0.0377745293527505
-0.00668753354731714 -0.00140772187864066 0.044477970630316 -0.151737397959844
-0.000870333912150222 0.00677049392195795 -0.0528138044384504 0.125215860170739
-0.00381169977965793 0.00301279332435748 -0.14474305054812 0.0258600675382328
-0.00768839970671054 -0.00323297543556266 -0.191986887809736 -0.147994731775418
-0.00539950454270006 -0.00978409658205088 0.043711163352381 -0.318337369743861
0.000585704144794154 -0.00267757177168891 0.399859312667504 -0.118870336868991
0.000199286412210028 0.00254928331178739 0.306614627481046 0.27913323235275
-0.00751328610005668 0.0131336821703728 -0.0356623715069437 0.284366254573274
-0.00737484321278826 0.00112979946994138 0.0184484819712498 0.0430004840573639
-0.00523774146873489 -0.000989059642424706 0.128407354476399 -0.239096931616071
0.0035175309379913 0.00898795949325975 -0.250439128135547 -0.393967763562499
0.0096904462098992 0.00741731118264011 -0.516405387237993 0.0631132086301945
0.00305928756081604 -0.00510667421646796 -0.103330572030074 0.408854095288995
-0.00518562804258025 -0.00770219558877041 0.212636210985436 0.209746564472756
-0.00504634935454565 -0.00277953540101932 0.194924109329138 -0.0379863896850091
-0.00542116358928973 -0.00228975153622471 0.0440813324556391 -0.151584311303706
0.00102624064398183 0.00649052484961872 -0.053699063147813 0.123441261410318
-0.00332867078701312 0.0013820612965128 -0.143440812843891 0.0226615662935684
-0.00835939987413197 -0.00591502061664879 -0.189931235387067 -0.150915377892193
-0.0064844636606625 -0.0103605638083153 0.0488926043234235 -0.317602429385536
6.67168838466188E-05 -0.00195106155050405 0.402712478050971 -0.110414841600898
-0.000543560275085507 0.00251824507065538 0.302682858313271 0.286226005729555
-0.00813521411284808 0.0124220043690651 -0.0374101479843398 0.286077688697169
-0.00667855276820894 -0.000376033163843721 0.0186257506657933 0.0438979635572991
-0.00556750684781191 -0.00191075221845783 0.126104294242084 -0.238702050385514
0.00311453183592739 0.00929372445438525 -0.255429283488946 -0.389001569947544
0.00904528464198385 0.00739429819543614 -0.514843930792199 0.0721541429188163
0.00174454560064944 -0.00612030258758695 -0.0967944326213221 0.411659149742993
-0.00631170261901705 -0.00965844490862295 0.2152274235564 0.207093186768836
-0.00418085834971809 -0.00456294529682447 0.196203026677354 -0.0408832333065923
-0.00290134199317133 -0.00266639136262491 0.044038643063881 -0.153205697848815
0.00268881645575571 0.00669062459978957 -0.0521103898242768 0.121445392562857
-0.00250008384200326 0.000419835836951439 -0.141135470961668 0.0197507472556471
-0.0087372060883153 -0.00702179438402173 -0.186087153183407 -0.154915633466555
-0.00666521321292274 -0.0103847434526207 0.0564355299750639 -0.315343344504874
-0.00188175552738379 -0.00190124533633907 0.405821637675365 -0.0989713106827473
-0.00204911726290586 0.00155468670161654 0.298367318452933 0.294440937895396
-0.00841347161694643 0.0102002451965439 -0.0424392577271574 0.287459414842311
-0.00636311670560658 -0.00135431090589954 0.0187357822386048 0.043846948224678
-0.00655829279720666 -0.00290632589843466 0.123892264275883 -0.239449888787384
0.00154729806459132 0.00811750055629628 -0.258754616341161 -0.380784737073484
0.00698653526609533 0.00838630719222464 -0.509743131676315 0.0860922221719205
0.000419866077118335 -0.00611509159738573 -0.0871216444896384 0.413367321067425
-0.00612289312160058 -0.0109571075760009 0.220197806852996 0.20286075852336
-0.00309288320977594 -0.00595099866729335 0.196385550334066 -0.0441047999213165
-0.000629023252543708 -0.00312775483989309 0.0441711766197087 -0.154413516559972
0.00480228162899006 0.00586865037356189 -0.0506894529951629 0.120053317046604
-0.000545541908282312 0.00044754389990008 -0.13987237929353 0.0157292567717139
-0.00667227417145448 -0.00628623541638457 -0.181864545514445 -0.159284127737683
-0.00692890503451708 -0.0101704887396057 0.0628075662275391 -0.313734603465049
-0.00338180133821799 -0.00267151940699393 0.409711360546614 -0.0871888547605869
-0.00355723406020138 -0.00065078342735117 0.291539271248525 0.303764717157726
-0.00832038949344874 0.00813463299031174 -0.0461792413691354 0.287367232548243
-0.00637362285127572 -0.00220451499174489 0.0192367232628916 0.0433895430345725
-0.00665636664579152 -0.00441446677484546 0.120078103029908 -0.23956768141165
-0.000426155763082664 0.00663420848164479 -0.266522524916012 -0.371564930199195
0.00506612823744887 0.00808100604920592 -0.505660314832653 0.098951780403052
3.04626832824213E-05 -0.00489750854782714 -0.0781557299998787 0.414820878910504
-0.00527365218900523 -0.0102409712076201 0.223614135552754 0.197167947946191
-0.00196904149517003 -0.00586769055290048 0.197679525188338 -0.0481102346242095
0.00281218948019393 -0.00349942780887577 0.0444045320748889 -0.156027875692909
0.00662496158534925 0.00550833682889497 -0.049397916263485 0.118661702952378
0.000799577046019058 0.000627839417044485 -0.138094998056289 0.0126735836841496
-0.00549436554533505 -0.0051704172196501 -0.178249753159115 -0.163912342741701
-0.0063044121529161 -0.00831320288711731 0.0698566409736186 -0.312449418690034
-0.00491868266273803 -0.00385348674534602 0.412752470931687 -0.0784438741997183
-0.00508542579268478 -0.00320951416295933 0.287609360053281 0.311580728576974
-0.00870093837679892 0.00700900855280731 -0.0501428882896219 0.287684752662686
-0.00538785293967381 -0.00361713532162274 0.0200482694573122 0.0429634630861885
-0.00719831707052926 -0.00631912594975783 0.117115374754777 -0.240638561492131
-0.00227215370791486 0.0044952418508969 -0.272891225212179 -0.3663529536735
0.00268963631718855 0.00727955145992233 -0.504190228692511 0.110479230490398
-6.62255935566774E-05 -0.00306247455022713 -0.0700213792676295 0.41606918945784
-0.0030517743651279 -0.00865312280060727 0.227117422312219 0.191280260644801
0.000107025255433501 -0.00535781065120953 0.197942953737094 -0.0522342756188123
0.00430411005334215 -0.00342916713087126 0.044228765310898 -0.158223653031709
-0.00168431104198212 0.00566303034520217 -0.0491959607642709 0.126561937413385
-0.000714117495515594 0.00769646571631858 -0.145370320375615 0.0255937126622546
-0.00175387339680943 0.00568211187835675 -0.194028546691237 -0.148925672387903
-0.000328389805825386 -0.00452221228761279 0.0439406343028476 -0.321895392901193
-0.00108865000739198 -0.00608051298744161 0.398394001186724 -0.122729554080608
-0.00171612184093458 -0.00309946567087867 0.301755122778636 0.27512214173565
-0.00726792094963755 0.0117201883371526 -0.0368057936312661 0.280378447588027
-0.00815113821207619 0.00185301362544447 0.0199303898790733 0.0395207735938311
-0.00585502386460602 -0.00253413330754284 0.125504946986029 -0.246129469341068
0.00081220911291505 0.00239329617273112 -0.258904080544972 -0.397244566631289
0.0060750460868068 0.00418827563610709 -0.517540641790247 0.0645044397142524
0.00736269682119039 0.00053950913400824 -0.098123541346989 0.406751153976687
0.00184147571187915 0.00360435950393351 0.213265010112541 0.20399021253859
-0.00207857182797372 0.00276650856540094 0.193256553739965 -0.0418504650971682
-0.00622863661355154 -0.00104847828078522 0.0432103050286085 -0.153321229651326
-0.00222059263972345 0.00604180574171924 -0.05024396758962 0.126637181527965
-0.00223879778509523 0.0057568168539252 -0.145294827742657 0.0273601564473201
-0.00402491236520178 0.00276198379424457 -0.194734463564742 -0.146987614638209
-0.00197477809340481 -0.00700184146259028 0.0407484751431077 -0.321524142540579
0.00013837929097995 -0.00434034511611645 0.396780346402336 -0.126190067439881
-8.99535455097054E-05 -0.000566667183668271 0.305420321335243 0.271451418148649
-0.00683465167937503 0.0131023322780316 -0.0339327937645626 0.281387877391922
-0.0080787260948117 0.00185909561785002 0.0197015529879567 0.0408181989784116
-0.00577746467654854 -0.00132007827813721 0.127217725562736 -0.243214851824964
0.00246645133821472 0.00543878413420877 -0.252333102761552 -0.399063388945361
0.00816142644157367 0.00548281973203528 -0.518948279354296 0.059319096489143
0.00578991748064463 -0.00174184845741329 -0.102959985002989 0.406574243577581
-0.00104797240679333 -0.000397949667324084 0.211210852006801 0.207498803329984
-0.00364417657519006 0.000881363087874267 0.193814407071864 -0.039280572064594
-0.00720743739412338 -0.00148875012130618 0.0431350817279367 -0.152464747105658
-0.00176639791040527 0.00627628697927698 -0.051936698589836 0.126694138024539
-0.00332639845680571 0.00452448618572755 -0.145862440702786 0.0273132335967328
-0.00596670945817392 -0.000393775794057373 -0.194535197259748 -0.145334908326214
-0.00374499485555308 -0.00862432651596166 0.0406587789658506 -0.319536147816181
0.000710999259597933 -0.00343261432445499 0.397829757340265 -0.125484746228826
0.000480573252165072 0.001529855515149 0.3078799981653 0.272020483764244
-0.00692128413100384 0.0138321859212646 -0.0336931530355203 0.282687565455195
-0.00760628598948698 0.0016500878373547 0.0194200968502391 0.0419247336992224
-0.00559352947690031 -0.00122055988594365 0.128434100104051 -0.241827707462854
0.00324478618476004 0.00728556590236682 -0.251790666131705 -0.397328002162446
0.00919915722261614 0.00663843211551017 -0.519303254206462 0.0617356235629228
0.0042727093951151 -0.00353626705143785 -0.103450284500541 0.407708608618345
-0.00331237191354192 -0.00415737149071891 0.211876443817193 0.208520515241244
-0.00439404315747839 -0.000936266351620411 0.194235236986707 -0.0392838993426439
-0.00637428861269175 -0.00136048694529354 0.0426521711994245 -0.152162685607232
-0.000574301425101891 0.00633788536818447 -0.0515684319210697 0.125532906322984
-0.00371928517574875 0.00300292664445146 -0.144547028588255 0.0260466099204979
-0.00797816311767439 -0.00325826933070862 -0.193606328327959 -0.146986126694439
-0.00522765496968285 -0.0101439347817956 0.0434117162322795 -0.318470793428191
4.87909161133093E-05 -0.00212533174182648 0.399479904875761 -0.121252554673304
0.000328299122594978 0.00248144284584969 0.306891066338637 0.276485383969442
-0.00743479389613703 0.0132212454285695 -0.0347486793016467 0.284380195612258
-0.00737693493562373 0.00124979453974878 0.0185439177551663 0.0431705447958202
-0.00592045311291796 -0.000925321306542594 0.127930036282497 -0.239702187104466
0.00357894538334194 0.00853324347660284 -0.251850721442913 -0.394390451301171
0.00988463269964894 0.00728138117602766 -0.517378562324253 0.065113246658619
0.00249848781683847 -0.00526120485907164 -0.101608898914679 0.40916605904812
-0.00533388224444477 -0.00763725769325215 0.213539161640028 0.20846499547017
-0.00486956929664244 -0.00280599306403771 0.195256730599446 -0.0396314583744181
-0.0055490475750151 -0.00211705520608694 0.0428032161757361 -0.152470220785315
0.00116593652703992 0.00648340966586353 -0.0518138134692847 0.124102813754144
-0.00329624703845971 0.00185093607917277 -0.143787924780539 0.0234577920710197
-0.00850970501117684 -0.00545878471225341 -0.190434794879182 -0.149731116096861
-0.00644600801197434 -0.0105587043274451 0.0478802771267406 -0.317182676172315
-0.000418911410112342 -0.00193015653737326 0.403309801691996 -0.112516454799877
-0.000705769770897329 0.00281968574071079 0.304033308826418 0.284833974801559
-0.0079330061928923 0.0124544474085492 -0.0376009983623581 0.286040428211898
-0.00668074816516059 -8.83743414584752E-05 0.0188964442855505 0.0431181126445029
-0.00561425916152799 -0.00212524253151868 0.126029065177696 -0.239613583254238
0.00300689760313953 0.00874993747987103 -0.254789338992782 -0.388939356845637
0.00883887287890077 0.00808939949855001 -0.515428773968974 0.0754923767952473
0.00143745082612987 -0.00563850742716783 -0.0937838913264368 0.411528481301843
-0.00598076923989169 -0.00947303255860135 0.216852600393364 0.206024116391464
-0.00468466533912331 -0.00450467873061412 0.195217762901186 -0.0421476944488175
-0.00338527688849823 -0.00283071867465135 0.0429515573483552 -0.15328998118801
0.00302625817988004 0.00619082892226204 -0.0517716492652787 0.121605718978199
-0.00258132920930316 0.000809565037934437 -0.140814400623877 0.0200192897776738
-0.0082003350453403 -0.0062376747512997 -0.187058573282102 -0.154044761255491
-0.007500860139959 -0.0107345486463289 0.0551373863528253 -0.316045968672325
-0.00205210234265519 -0.0020315235730685 0.405685838284849 -0.100485899449317
-0.00181516866540271 0.00161343644535013 0.299604121843003 0.291870401292017
-0.00800395515571341 0.0107661988702025 -0.0413229461198131 0.286540053671625
-0.00637213626667273 -0.000954429858633789 0.0191774690871824 0.0431851488173818
-0.0059251730829511 -0.00341403252753989 0.123760392313823 -0.239560389966561
0.0018412804693341 0.00827559371609369 -0.261393246492964 -0.37918821633163
0.0075214129785206 0.00772678948644575 -0.510270325858601 0.0885697899017155
0.000518670938640411 -0.00590171662221435 -0.0848455630377893 0.413696911719768
-0.00592538065738117 -0.0111943174828743 0.220796445492221 0.201137090580345
-0.00366144783321224 -0.00600029806724059 0.196463071105136 -0.0458262318223333
-0.000859898093237761 -0.00356323405512137 0.0426567818009243 -0.154877623636063
0.00488467241161993 0.00605307968689011 -0.0495293310401686 0.120707586292573
-0.000325633835009141 0.000486828935285454 -0.139868718462002 0.016392929164756
-0.0073287945221718 -0.00688413224016315 -0.18288454190165 -0.158333101019086
-0.00719452307349244 -0.010374661601776 0.061546487065702 -0.313846935096753
-0.00378563273206666 -0.00267829078449397 0.40904306613921 -0.0898447352398961
-0.00336016654392335 -0.000500945265040156 0.293067198945119 0.302232295466478
-0.00837984231292257 0.00926936909077681 -0.045035004061711 0.287300663863748
-0.0057822697230896 -0.00244102851119686 0.0195349991729582 0.0433647593488417
-0.00664191085171919 -0.00499649205135726 0.11938057116325 -0.239799351041054
-9.12756922413788E-05 0.00686847819252946 -0.267563232037907 -0.369685368577406
0.00539801827342449 0.00789717611625637 -0.505516869908143 0.10182546531987
-0.000163770285722213 -0.00462650019775577 -0.075594902120427 0.414748499259746
-0.00536568094738522 -0.0105941007987474 0.224304625655897 0.195261396850114
-0.00198517697955413 -0.00573322338845738 0.196616122442642 -0.0498036741065298
0.00145368446761153 -0.00345828264374064 0.0428037351909461 -0.156758550089215
0.00631790031852667 0.00531660509863793 -0.0490378953246215 0.119044911216638
0.000612186191156033 0.000659713077174469 -0.138297926512279 0.0130743427470924
-0.00558256465050526 -0.00507518298475471 -0.179321554532067 -0.163197338294479
-0.00599999699147778 -0.00891008519513936 0.0687296310718314 -0.312909181946226
-0.00497725298065753 -0.00366007551988825 0.412262574294012 -0.080099832849839
-0.00523128879634759 -0.00300177977414241 0.288167101564185 0.308473012143202
-0.0087094037109304 0.00723411949440692 -0.0495205572114635 0.287873078763273
-0.0058301289944002 -0.00337226716610012 0.0196495182049174 0.0426691055244911
-0.00677184039819566 -0.00612294838071026 0.116721569726753 -0.241712621692573
-0.00235177425322825 0.00447910204563134 -0.276023432250863 -0.364309918871197
0.00292648686943256 0.00749240526669119 -0.502679237831191 0.112987745400067
0.000163266958308896 -0.00273969648786145 -0.0680328105989432 0.416999559951396
-0.00314552137478105 -0.00884536562894444 0.227884792261845 0.190533090166173
-8.3924213098289E-05 -0.00480591243144944 0.197506546147431 -0.0539176151387853
0.00408461799500507 -0.00419111236730899 0.0436925237155815 -0.158793988995501
-0.00326669071189195 0.00524217859809348 -0.0470837675572239 0.125801439877327
-0.00161709878161198 0.0066668434295076 -0.144990728499079 0.0276463183347412
-0.00140308518155603 0.00491684617300145 -0.194833239559499 -0.14591563129702
0.00183394495705246 -0.00493644683593844 0.0409066895494255 -0.322173099975945
-0.000206890743014709 -0.00284470113097134 0.397468298213486 -0.127649244539744
-0.00281330581508868 -0.000409962321373497 0.302722593778245 0.269350906324412
-0.00743681037093477 0.01235154970898 -0.0319631345637061 0.278708852995879
-0.00842629618505261 0.00189950766809614 0.0206284306159204 0.0390897441020377
-0.00609471215180111 -0.00219909623440376 0.121032218095348 -0.244999375349286
0.000633290840218086 0.000877713044241958 -0.261102258084929 -0.390031629264687
0.0042092307425189 0.00307576977320646 -0.510845029763778 0.0701971228601681
0.0047293943275058 0.000820577619015452 -0.0889954632062602 0.404275877881453
0.000744642279186562 0.00459318654692866 0.215456054066217 0.196593390215501
-0.00165329238784433 0.00320943218855017 0.189477150828164 -0.0441256392275212
-0.00534832154497333 -0.00106225464869746 0.0403556948473449 -0.152499914757448
-0.00340028855731359 0.00572244499732044 -0.0480021837831512 0.126534872534986
-0.00269890406906572 0.00501990337579136 -0.145155560065893 0.029483030803293
-0.0034047717722193 0.00114823742616416 -0.195233335914142 -0.14236815602686
5.17841640831586E-05 -0.00695208074918526 0.0374553046383593 -0.321248082371915
0.000517382196747874 -0.00155972989528443 0.395715590366283 -0.130969337186857
-0.00171973273674031 0.00228574003812675 0.307403275111552 0.266137322087817
-0.00718937525992909 0.0136754108048864 -0.0283690151604639 0.280210709005958
-0.0076806588139154 0.00237503659605084 0.0201182295755223 0.0401839473390252
-0.00560968640482641 -0.00101537366145619 0.123277671981446 -0.242318335992116
0.0022017942713654 0.00381725235153341 -0.254293695989277 -0.391830399471723
0.00586166015014939 0.00434040970145156 -0.512948518839222 0.0659493119907976
0.00282704782030547 -0.000717212821003505 -0.0926369470959365 0.403366028880986
-0.00232446384031673 0.00141460060087514 0.213475823115247 0.200015782286688
-0.00361194918223522 0.00235655450894723 0.189033759113225 -0.042148662172646
-0.00648036065118399 -0.000481767047162708 0.0400804161603282 -0.151671988068863
-0.00279841185888094 0.00638167288491528 -0.0489618274988535 0.125544922073441
-0.00360220347831108 0.00371452844733864 -0.145162127269137 0.0295199034270768
-0.00577032205562215 -0.00258214464058299 -0.196070111584774 -0.141832764911458
-0.00173036200003246 -0.00913453929731408 0.0380205891140493 -0.319477716056864
0.00120614654410822 -0.000673796532992014 0.396441497438902 -0.13082955283719
-0.000837609965046913 0.0042890084220587 0.309274352554831 0.26721303693416
-0.00738642152453804 0.0137115972248531 -0.0279631830954856 0.281234460587752
-0.00756488525007535 0.00208088284678947 0.0195768750025541 0.0416174560031455
-0.00569867464769806 -0.000942577020762345 0.123870947884409 -0.240911536741627
0.00255666216959447 0.00567142353595501 -0.254015778374979 -0.390620423831378
0.00741828070005568 0.00520070621935768 -0.511745212397003 0.0660737667728893
0.00179101799667837 -0.00277966077116964 -0.0935069617170153 0.404897905080945
-0.00502264817826672 -0.00270079682430687 0.214721675790551 0.201313362916363
-0.00460376996989013 -1.01174467754296E-05 0.189667932608302 -0.0421786158199168
-0.00622249071322026 -0.00153180608571998 0.0399839481724731 -0.151739587486039
-0.00186081975815563 0.00647601775503865 -0.0494410768643417 0.124857030599736
-0.00440543393234226 0.00203006399907401 -0.144350340633343 0.0282403142640719
-0.00742692635005931 -0.00492322432669481 -0.19428194520735 -0.143266896547043
-0.00358646599438162 -0.0107689650338055 0.0398966980763042 -0.317632123391559
0.000789361195690477 0.000894336577002155 0.398397192491642 -0.126686997121706
-0.00143718923184956 0.00521225263887665 0.308805254517011 0.271906028416424
-0.00748628926972444 0.014089233774235 -0.0289392529974473 0.283093469248235
-0.00688491536269426 0.00162630147292116 0.019430319581498 0.0422072125487712
-0.00561365003876029 -0.000677806055414549 0.123524282015205 -0.239340380282555
0.00312027189905093 0.00663640374641783 -0.253621258352663 -0.387893986285075
0.0075330543851945 0.00634734330311195 -0.509859439374175 0.0705487337393477
-0.000125722005152975 -0.00438365851210635 -0.0907542071605656 0.405917567684189
-0.00690317108325773 -0.00576156665449675 0.216595949491289 0.201119997055724
-0.00528336896030533 -0.00196943463241541 0.190167726064984 -0.0425650108119024
-0.00527453313614609 -0.00189987726770943 0.0397604699578069 -0.151583006960819
-0.000150982302985023 0.00656262612536682 -0.049805666510777 0.123245549838001
-0.00402350688550528 0.000720018735991179 -0.142945217701008 0.026083028676173
-0.00826222299201791 -0.00747866403549787 -0.191507259171949 -0.145681904534257
-0.00471939630202506 -0.010992845783616 0.0454806366679404 -0.316630455800164
0.000219371369025524 0.000962514104076654 0.402186743610107 -0.117421508856416
-0.00239021507049026 0.00532846212654999 0.305578456731728 0.27896639603951
-0.00819570086027045 0.0132102633733882 -0.0316509134532234 0.284213307225983
-0.00682591154616016 0.000424892414025896 0.0194191283218753 0.0424203644031183
-0.00545703995884363 -0.00171921832818912 0.120979310359861 -0.239280177221603
0.0025958569069537 0.00685251242515783 -0.25573053188587 -0.380052877554532
0.00698665988952694 0.00689128053237495 -0.508722162353582 0.080040420440458
-0.00168151412945401 -0.00490239816215174 -0.0842517141381011 0.409081608120431
-0.00810259947670662 -0.00814307950724049 0.218991896767844 0.19824605506067
-0.00520411351545532 -0.00325591955839087 0.191452752641236 -0.0460841720516057
-0.0034016890878424 -0.0026047943428217 0.0395231170496944 -0.153047567762452
0.00162597206709316 0.00634496289311952 -0.0487795876026562 0.121309844610452
-0.00300867716657477 -0.000427337728152258 -0.141424714542691 0.0223241410619786
-0.00803444525778875 -0.00836517396206119 -0.188734605814143 -0.150312852463355
-0.00557477512211895 -0.0113082727991334 0.0524373729898505 -0.314867463883287
-0.00164052406727367 0.0011460942965863 0.40498358669392 -0.106477204080707
-0.00392339442209827 0.00425604680001577 0.30094702505659 0.288136169193477
-0.00834281299955532 0.0111425693824775 -0.0359966137240123 0.285531490263673
-0.00596415308344547 -0.000767426630636361 0.0195312401695521 0.0428505697951327
-0.00628455028086799 -0.00315325913719173 0.118850981465587 -0.238442695232022
0.0012303157442333 0.00681072222206517 -0.261934971969406 -0.37257553857153
0.00578079168568471 0.00753386176427441 -0.504519833504251 0.0932469952554007
-0.00261713223296315 -0.00492038375415811 -0.0757174485285616 0.410981782926292
-0.00792469981658712 -0.00905766827454572 0.223247008662956 0.193224002537659
-0.00372505404525628 -0.00441249440366057 0.192377828405364 -0.0485393438471748
-0.000878135124218134 -0.00268784657592801 0.0399237485689316 -0.154362692833551
0.00383115023101645 0.00551852670248763 -0.0479109140539739 0.118936002176609
-0.00110217574466082 -0.000428511819053324 -0.140013486523614 0.0185161273809412
-0.00686338353160476 -0.00832806437586368 -0.184069363811379 -0.154494912858872
-0.00537791470472687 -0.0105415970079385 0.0588169697248641 -0.31354999972061
-0.00353139323856243 0.00102939904690235 0.40863841287186 -0.0945493226339819
-0.00567090316012791 0.00197572120579715 0.295749937306838 0.298000383964152
-0.00891082428487279 0.00973711717607179 -0.0394539716172872 0.285975730389071
-0.00643364218163903 -0.00215471174924538 0.0195409392026572 0.0426745558454094
-0.00681114773285224 -0.00396080947421058 0.115132784164561 -0.23953009794357
-0.000565649538500376 0.00514140898953913 -0.2689443393628 -0.363345247460173
0.00325709421836845 0.00746921294598771 -0.498775807704739 0.104819621760397
-0.00313224678647525 -0.00374231781575021 -0.0662196866057399 0.411605154805251
-0.00717712572637814 -0.00916895964038964 0.226867146774233 0.188269119960961
-0.00217230003606628 -0.00512228267186267 0.192394585492463 -0.0523262180110484
0.00175082251011092 -0.00357199608595157 0.0400475466378626 -0.155702814219856
0.00600067484936684 0.0053937682491677 -0.046129976303532 0.118374382178474
0.000342590842505371 -0.000698250430983955 -0.138502253131612 0.0152901861359971
-0.00508436731152413 -0.00674032118578966 -0.181175827414488 -0.159450894432234
-0.00415478161235167 -0.00932181267030594 0.0668506267764675 -0.31269333577803
-0.00543159261256806 -0.000574652716518344 0.412334774904238 -0.0854809148753305
-0.00711596469240862 -1.38303029788601E-05 0.290341835794262 0.30383278813278
-0.00892168515566286 0.00796507184505976 -0.0436442309860805 0.286519585222939
-0.00604546728407871 -0.00296457546719718 0.0205964650352828 0.0412998589857754
-0.00723353302492307 -0.00560544679416761 0.111781390312156 -0.241660665675925
-0.00295464484529585 0.00288710778139076 -0.275304959184204 -0.358696691298837
0.00108494924691362 0.00654020441518526 -0.496449348773028 0.118864383194216
-0.00300880862974949 -0.00211288959969924 -0.057032187075616 0.412845295480699
-0.00511498038237768 -0.00744716806088118 0.229879857262455 0.182429911147885
-0.000176572615813529 -0.0044510828514886 0.192949413357172 -0.056889459547891
0.00396646073905679 -0.00370808255172592 0.0409440985142616 -0.157802695548932
-0.00289934739194263 0.00528093997035355 -0.0459571896466595 0.126750147535275
-0.00128935502170628 0.00690618790587451 -0.144947531791595 0.0286537140309706
-0.00114899167402804 0.00454864474288802 -0.195678535824967 -0.144179719175636
0.00139459155945847 -0.00479062200148973 0.0406163506997066 -0.322061734139202
-0.00114048960363824 -0.00284263293362617 0.397420101986954 -0.130136615275136
-0.00248078379870642 -0.000606164325386337 0.302860409254557 0.26860432450855
-0.00726207669876281 0.0125352448752475 -0.031482816848824 0.279225567217463
-0.00828960027022068 0.00271236808258519 0.0203884782438525 0.0383383012850288
-0.00647161190167535 -0.00178500643812609 0.12139880310511 -0.246313455936603
0.000876396035083416 0.00106265863270818 -0.261956649583671 -0.38976457385891
0.00435990649706629 0.00299841704646444 -0.510829622067829 0.0722412725760633
0.00476688908745463 0.000945246128326726 -0.0878691731000421 0.404814075245955
0.000419968913739074 0.00480970253752517 0.2161725940844 0.195592263222564
-0.00205930412588885 0.00339046353184813 0.188786847183964 -0.0447825024392022
-0.00651562566693966 -0.000372092498342673 0.0392337630768036 -0.152937522182776
-0.00363523573375631 0.00570743206815312 -0.0471678129643407 0.127004966412071
-0.00318985421012462 0.00500303956136078 -0.1459288005629 0.0300702618534967
-0.00367993324356846 0.00140233124602019 -0.196637175611618 -0.142124500430097
-8.70890634254227E-05 -0.00704539146585865 0.0368023733870752 -0.321030460960099
0.00067984123321211 -0.00174697045814189 0.396006764502883 -0.13365858163425
-0.00179233989113507 0.00220592016224363 0.307323239635477 0.2646169947877
-0.006858503965493 0.0136789949876697 -0.0286567001112371 0.280069329314713
-0.00788154475114335 0.0024739890086754 0.0204311684849152 0.0397299169765956
-0.00577323529655901 -0.00127932682953186 0.122263287614563 -0.242689884797084
0.00169584295662272 0.00390389352672281 -0.255511453930826 -0.39161748365215
0.00636098556439768 0.00432202066248247 -0.512113856534045 0.0673535416301257
0.0030959718742715 -0.000940620978471265 -0.0914587815027598 0.404680429502626
-0.00247030016252818 0.00107218006152615 0.214971541009809 0.198651447455834
-0.0037268044057382 0.00244635595790344 0.188968367441348 -0.043241998499271
-0.00691080487818168 -0.00060107249013184 0.0389154238075051 -0.152794694612537
-0.00264202094772045 0.00603090980177173 -0.0482145344446741 0.126172716832958
-0.00405475057045543 0.00373861023871198 -0.145696661481349 0.0305494725314249
-0.00588824163293356 -0.00162737794690934 -0.19651024675413 -0.14056470420836
-0.00135469085794841 -0.00929454558026701 0.0369833642972119 -0.31991479109519
0.000891388173474262 -0.000978985411183714 0.397120661275136 -0.132556515287011
-0.00124353199318072 0.00435912308131002 0.309551008966573 0.266177872084277
-0.00735310750223144 0.0147113663152735 -0.0281132246933189 0.281650637366252
-0.00740014078236195 0.00247519227927668 0.0198446204317302 0.0412428832703785
-0.00576531445420361 -0.000578844086182907 0.123457034746267 -0.241443426818427
0.00277543613082118 0.00557873263377297 -0.255675826362733 -0.390082867455619
0.00744942116533508 0.00497070403069782 -0.512057729647942 0.0680188505344193
0.0016397149410299 -0.00315360891712081 -0.0919666745794011 0.405687218991607
-0.00518530167916775 -0.00299580328300345 0.214918448424131 0.201064217916614
-0.00517260782561805 -0.000175318850180354 0.190204836525216 -0.0430514312371685
-0.00703617871556795 -0.00120364753976431 0.0390872063191062 -0.152102488621238
-0.0016893172777496 0.00606625815130433 -0.0483520681305311 0.125022766895809
-0.00433723233088525 0.00220947368612959 -0.144663392229241 0.0298241090111799
-0.00778601369587649 -0.00521892473670059 -0.195640000214828 -0.141560290662582
-0.00348938780790446 -0.0101760312791654 0.0393376640905736 -0.319372196126032
0.00044657094393478 0.000440047442266909 0.399341379549791 -0.12839225435563
-0.00118786015547428 0.00559971782162825 0.309976781514653 0.269946930830474
-0.00739655849063042 0.0142497737828799 -0.0285757439543234 0.283616169236888
-0.0071571010079268 0.0017595535998495 0.0195338030830363 0.0419541960802167
-0.00544037635440992 -0.00099761138251568 0.123575612374103 -0.239952716019525
0.00302842326369686 0.00672166033988003 -0.254901029891515 -0.387614346939052
0.00805326711716949 0.00592408997491824 -0.510184968530122 0.0726194742596245
0.000119470495479059 -0.00435066592432171 -0.0890747175832458 0.408311013294925
-0.00716559354711933 -0.00582694240263991 0.217131071585856 0.199877711285869
-0.00579232999561349 -0.0014132200073556 0.190544722649645 -0.0433460438092625
-0.00527480909326038 -0.0018710239855753 0.039175053572884 -0.151937750563871
-0.000114544974089629 0.00614879359351108 -0.0486531493471513 0.123684098817588
-0.00408749595383082 0.00100616652555825 -0.144081180591445 0.02672621204866
-0.00817543859982779 -0.00724509920777615 -0.19275616950569 -0.144927096432867
-0.00533088498669933 -0.0113621673852968 0.0441288372508594 -0.316638072951328
-9.3406636206818E-05 0.00108613423246643 0.401627614916589 -0.119467404681828
-0.00251715345626827 0.00493826195103826 0.307041957517975 0.278391591542335
-0.00778760283460192 0.0134190162189792 -0.0310106611374373 0.284194207657892
-0.00616381329570293 0.000335161437718232 0.0195118452178572 0.04243060770001
-0.00560569646262656 -0.00160524331009531 0.121939797114242 -0.239135662305173
0.00280536386004357 0.00748099727947242 -0.25666261935864 -0.38092887118141
0.00733909956822593 0.00657213400367398 -0.508557911899651 0.0827866433700369
-0.00152605868761744 -0.00489171757551694 -0.0823846700605324 0.409500751945518
-0.00802372281264774 -0.00823195689498454 0.220340269403375 0.197226008244682
-0.00538692324793519 -0.00357411206306382 0.19143919699779 -0.0460744187259778
-0.00350358815956911 -0.00176035862189036 0.0392979317462767 -0.153569592349336
0.00153626430075653 0.00608017777285324 -0.0479785514710539 0.120951692199702
-0.00278604791957408 9.47566568213788E-05 -0.141364866311502 0.0227769328475913
-0.00784024970241142 -0.00850579707091085 -0.189052925835219 -0.149186804211392
-0.00526859416806602 -0.0112078130751337 0.0515092140185398 -0.31599588469732
-0.00175148898057017 0.00105870190978238 0.405397249164381 -0.108413408952053
-0.00414718881235655 0.00408273862939647 0.303240531867965 0.287038523109927
-0.0085983836356112 0.011418749075398 -0.0358068689443379 0.285346843343306
-0.00631185666966522 -0.000699758847418288 0.0193076776452299 0.0422558137632523
-0.00604528256142848 -0.00271641244939334 0.118469520536509 -0.239738664287347
0.00123623958820239 0.00674052876869041 -0.265028370272781 -0.372392088342047
0.0058704546057897 0.00692495693140824 -0.503659369204741 0.0944163077891493
-0.00242169890093625 -0.00448027760917256 -0.0738534639425237 0.411781122840927
-0.00831244365135205 -0.00920231534782314 0.223775357468204 0.192698685873856
-0.00421766202479032 -0.00465465404829842 0.191985386336522 -0.0498580996896771
-0.00150618792193368 -0.00315176536973932 0.0389749443310704 -0.155497947535014
0.00392156481017155 0.00581774603423522 -0.0463958199685703 0.119757317621034
-0.00109360958480744 -0.000576891547953142 -0.140130546555036 0.0192390146787668
-0.00699850234713618 -0.00822891320339972 -0.184700689044851 -0.153818269017626
-0.00509911718251134 -0.0105353639213504 0.0579328316584501 -0.31412916233636
-0.00335805489762252 0.000404837305211622 0.408610932665337 -0.0965393838351111
-0.00559981914246262 0.00248025299021346 0.295599153087264 0.295789816390237
-0.00841150927254798 0.010065855419096 -0.0393498580448309 0.286103664579189
-0.00610683970341516 -0.00216039591136153 0.0202706996398161 0.0424208143723538
-0.00714031175124782 -0.00425205710571878 0.115175188761124 -0.240653196295443
-0.000638804194223567 0.00521142837550818 -0.269769461955492 -0.362870094813948
0.00319795910899538 0.0076421937169147 -0.499845453262497 0.106545600730401
-0.00347091772760017 -0.00396749510820109 -0.0646674879731242 0.412483796862022
-0.00743306548351941 -0.00859797533363594 0.22791762357589 0.186728661584528
-0.00286467480883377 -0.00506037455171099 0.192710575713123 -0.0541011930856513
0.00198565950059488 -0.00353280316855424 0.0398837635521185 -0.156986262796178
0.00569525100795468 0.00500379446347465 -0.0455892660459774 0.118206423414611
0.000448421929455352 -0.000143769690140285 -0.13951651576011 0.0155140565141149
-0.00494617506259511 -0.00654830593237967 -0.181875193515653 -0.158061973920021
-0.00459797971572908 -0.00898015006129246 0.0650749164842365 -0.313072104688413
-0.00513340764959622 -0.00093629802678966 0.411655232821017 -0.0863476683876907
-0.00757345284587756 -0.000369802504031 0.291582099661406 0.304202916485913
-0.00956231769067669 0.00771601427234705 -0.0430969614408791 0.286801687245346
-0.00620761803007515 -0.00278736036191702 0.0207554127102709 0.0411947963572244
-0.00754701304983269 -0.00622379384870099 0.111914953455513 -0.241525170503636
-0.00328524172835437 0.00292962801190915 -0.27776698033535 -0.356569589973756
0.00100468806738659 0.00687607993499322 -0.495526174474192 0.120748873370068
-0.00302803563323886 -0.00233001216866297 -0.0558724314375194 0.413637357103943
-0.00464954537938119 -0.00698696671172143 0.230778892935915 0.18165157289266
-0.000688246948041132 -0.0043121271730251 0.192888860731009 -0.057837301971952
0.00383056734326172 -0.00402118506816651 0.0402883863172563 -0.158919400019194
-0.00283753738103694 0.00529097161477608 -0.0449324950792776 0.126864647765479
-0.000873055611458938 0.00716944679720665 -0.145589663727187 0.0292074543564065
-0.00123082396255686 0.00470610995910244 -0.196112136552245 -0.14374884788235
0.00135012970642581 -0.00535613305471076 0.0395480804427774 -0.323051871849457
-0.000601603222081272 -0.00290993028462523 0.397449387956286 -0.131535726580926
-0.00292741630693723 -0.000375585892066856 0.304380453797871 0.267631197866396
-0.00689601387829639 0.0127078475821493 -0.0307300569289643 0.278652040461791
-0.00810052663140248 0.00250192249721186 0.0209153294790261 0.0383175640621756
-0.0058698988755597 -0.00232937751431488 0.12016721544821 -0.245970226990547
0.000336643566555733 0.000747529267262043 -0.264114506080099 -0.388580422975677
0.00467186367859976 0.00291653210585943 -0.5122585329131 0.074637235673839
0.00431501596810739 0.00119460491799644 -0.0858527896782104 0.406068801098002
0.000754244023067756 0.00485893358941336 0.217652444161619 0.195240175788393
-0.00183419371144908 0.00374894894103865 0.189453030592959 -0.0466393697655756
-0.0066353173360637 -0.000441670997971339 0.0387252193032459 -0.153547554398874
-0.00349722655528494 0.00530011483916675 -0.0466845968395658 0.12779730768742
-0.00242714294688118 0.00514898210236943 -0.145912048489311 0.0307893781448259
-0.00359396527920577 0.00165483058201247 -0.197339586736051 -0.141030698927471
-0.000212604652201414 -0.00759170873344714 0.0361661386283432 -0.322398297073326
0.00076075782255629 -0.00194567349928722 0.395806163749498 -0.135508394612735
-0.00177117005911774 0.0021224485166299 0.308261583102684 0.264476571440459
-0.00692147638090456 0.0139369867060983 -0.0283048320229937 0.280482415326705
-0.00803618810398249 0.00230222317821536 0.0199819718813796 0.0396324540487258
-0.00628681677128855 -0.000559187810963085 0.123147038076374 -0.244086445593646
0.00180134801812093 0.00353548499497446 -0.257720943852746 -0.391101983159747
0.0061232456893349 0.0042079586658531 -0.512953642025659 0.0698300002320808
0.00345019189336663 -0.000800834660374965 -0.0901198175787598 0.405733884966532
-0.00222717789607488 0.00116536815912044 0.21561343685576 0.198949064837474
-0.00407892902742406 0.0020494163057409 0.189374655250789 -0.0443539680327935
-0.00747667702788519 -0.000661336664702232 0.0378827037376687 -0.153227451088033
-0.00286055083321345 0.00592728782946706 -0.0470284686800359 0.126851381849183
-0.00383876653047857 0.0040005433167015 -0.145921808704292 0.0308412023616521
-0.00567147346533338 -0.0017826268060418 -0.197421396599588 -0.139657881326883
-0.00183592014859429 -0.00907943771744345 0.0355755400173189 -0.320416004835044
0.00103999525066091 -0.000253566068763466 0.396589523567595 -0.135180886619928
-0.00101494431527206 0.00416501706192603 0.310851326383706 0.264147734852521
-0.00657810951322257 0.0142844846830523 -0.027386609113503 0.281370747395426
-0.0074708052687876 0.00230608536992657 0.0197241559237467 0.040703296380692
-0.00584562156332695 -0.000591582338698435 0.123377875102891 -0.242365762499082
0.00280710482434668 0.00540882652825324 -0.257718711773174 -0.389779179026324
0.00766272002188276 0.00500933558821668 -0.512811177662092 0.0702401986163371
0.00131870531418758 -0.00285282388732853 -0.0907940801645939 0.406967749636026
-0.00517955137871396 -0.00225326493882252 0.215857104074235 0.199698935728331
-0.0054969936384287 0.00038821824684217 0.189862712256579 -0.0443380434625669
-0.00700964263688879 -0.00130429294562378 0.0378862075443251 -0.153145609610714
-0.0018387652330999 0.00642167876542773 -0.0475632568721906 0.126077548476302
-0.00433813272623616 0.00214320099854131 -0.145853566730677 0.03031148289423
-0.00790094770308059 -0.00434601880177668 -0.196287582177642 -0.14090087778417
-0.00376715286898341 -0.0107101171000629 0.0387357588271052 -0.31978224535934
0.000634955442646017 0.00078599410463074 0.399953661268686 -0.130151835176239
-0.00129140046916207 0.00532200344528508 0.309988372064035 0.2696247956409
-0.00724164831805975 0.0139840533300145 -0.0282622871370306 0.283859585293234
-0.00686713477886115 0.00123640310775569 0.0196781340938244 0.0420178248362146
-0.00569808647328223 -0.00114402530053757 0.123011196839783 -0.240314638265384
0.00284910251021518 0.00644197723555835 -0.256012440881193 -0.386021846233861
0.00791013478816665 0.00606031441942793 -0.509969782556984 0.075679333644875
0.000107230495953877 -0.00443423454745057 -0.0878916939415675 0.408879020888314
-0.00713762470280838 -0.00588944535844608 0.219031529402043 0.199705537571199
-0.00563900363356776 -0.0021206440272386 0.190796483522061 -0.0445819279221019
-0.00553965380606703 -0.00152993920907791 0.0376125494714586 -0.153126124140182
-0.000375735209931747 0.00659700821096813 -0.0479662280274253 0.123948180306291
-0.00377334477676082 0.000806245195076065 -0.144287372253006 0.0274992375422557
-0.00819992022841495 -0.00692946720942953 -0.193551472481577 -0.143740536040798
-0.00500714542533272 -0.0112277103076766 0.0432574184267655 -0.317811769654222
0.000225590237494523 0.00112111475074545 0.401897962493992 -0.120727171594067
-0.00264863526691236 0.0055043614034687 0.30822694647959 0.276684125039506
-0.00739537149339648 0.0129924195166073 -0.0308515080354884 0.284934167900962
-0.00645364625894523 0.000469368378747374 0.0192393932002961 0.0426331507667619
-0.00586415144581387 -0.00106189019118224 0.120587596982016 -0.240204218830859
0.00224399509649626 0.00715792287531068 -0.258251714591336 -0.380186362690539
0.0075011925643484 0.00651404623947556 -0.508065232247291 0.0835060332834905
-0.00163874130440047 -0.00502121692331612 -0.0806884012707424 0.411074106336954
-0.00792096004419587 -0.00796259078093593 0.221396805203628 0.19643883502558
-0.0051289064363168 -0.00348998176484288 0.191336115221322 -0.0472881480328954
-0.00371907077043195 -0.00261793358286761 0.0377970597914787 -0.154033272301854
0.00214040430313796 0.00590936669434687 -0.0468695811591468 0.121704539512951
-0.00283517988048832 -0.000319933117214712 -0.142686723067657 0.024152800994807
-0.00826297350487823 -0.00862468252570411 -0.189648148047251 -0.147781436869284
-0.00583475299981257 -0.0115349087353937 0.0510977827896503 -0.316662709576934
-0.00149787265118928 0.00141738815068147 0.405676035560237 -0.109239531686344
-0.00403555322327451 0.00458020259053078 0.304497651189064 0.28660764060395
-0.00767369409041421 0.0117904695511661 -0.0349422472895209 0.286279554004257
-0.00619087989751361 -0.000385724054292641 0.0199803523042711 0.0421817344891871
-0.00593035491698855 -0.0026728970849669 0.118565732835898 -0.24016993364111
0.00115885080024655 0.00626754933296468 -0.264194911799918 -0.370807022939124
0.00576490137909717 0.00691738313205235 -0.504098188188384 0.0950553656598584
-0.00253507173950702 -0.00467963420755255 -0.0725180069666803 0.412536957966968
-0.00845502192001079 -0.00905329301299579 0.225862313035397 0.192471370863313
-0.00442114166687044 -0.00456944309530501 0.191593811963112 -0.0508566537588076
-0.00142132615725197 -0.00317704450999486 0.0377942101875941 -0.155563614207352
0.0038785574081082 0.00538421499765906 -0.0461674360314154 0.119887767022019
-0.000753723742797066 -0.000901275546505776 -0.141203392354574 0.0202216497833866
-0.00719366024227445 -0.00794137311549651 -0.185158337883717 -0.152594552230127
-0.00563633823823718 -0.010811578009067 0.057627040262017 -0.314369247627262
-0.0032456266031499 0.000929340650267111 0.408725128459685 -0.0987313999058467
-0.00585901078697486 0.00231439015465584 0.29772704678768 0.295869754635812
-0.00820883732262334 0.00973856957280754 -0.0382792609994816 0.285882967829405
-0.00620272919229376 -0.00208764555167913 0.0206603920771147 0.0414184169062764
-0.00668478355700184 -0.00410800864079382 0.114641954269055 -0.240885252011813
-0.000658086458879395 0.0048373331918884 -0.270863277683529 -0.362218624631173
0.00380265957989359 0.00713249278389753 -0.49914396684399 0.111116286433763
-0.00294541317444388 -0.00377121444058489 -0.062728048108304 0.413694962912419
-0.00716364742804931 -0.00843780950409899 0.228543648897705 0.185982731085095
-0.00255050376792152 -0.00460389152951712 0.192405526833133 -0.0550066787215078
0.00154133989627154 -0.003382448013991 0.0385434885714163 -0.157616519486571
0.00608853474902637 0.00495979094953899 -0.0450976869577861 0.119198098287904
0.000139908970953155 -0.000157260435554285 -0.139421150697423 0.0172010723019992
-0.00534561372692411 -0.00640095247221375 -0.182411515663156 -0.157317099813939
-0.00471346952830846 -0.00920100046165282 0.0648183495078071 -0.313762480814541
-0.00483573853193629 -0.000266758209664894 0.412522894538537 -0.088202797426815
-0.00731428639683909 -0.000302820285441466 0.292614484941784 0.303415534712273
-0.00932492668558811 0.00824528486888174 -0.0429440396870645 0.286835592226864
-0.00615001310034512 -0.00287227314528608 0.0207861678055928 0.0413910689795502
-0.00760450630324146 -0.00558972646049115 0.112132683801226 -0.242001925909623
-0.00316971679406936 0.00269328672249035 -0.278170864361742 -0.356367470468523
0.000976573588698309 0.00691039345944722 -0.496415473220576 0.12166702815263
-0.00294335134302198 -0.00172013052476789 -0.0547176453113478 0.414338726541533
-0.00505338627692087 -0.00684813948738543 0.23221397743022 0.180426473848184
-0.000722390083663209 -0.0042962384649869 0.19349750475752 -0.0588186522957189
0.00367305981060467 -0.00443703947680681 0.0391529217957743 -0.159450679733699
-0.00288310501291236 0.00534396354134256 -0.0445221241875931 0.127163577484102
-0.000946408705442354 0.00716359773837076 -0.145923388442392 0.0301039440418091
-0.00130730098805815 0.00485784149331129 -0.1967152970557 -0.142718913110436
0.000970258166374327 -0.00532106482057295 0.0387908229646608 -0.323714478219258
-0.00128775651067466 -0.0030436432405443 0.397296866893596 -0.133022890746199
-0.00339216978548399 -0.000371194182257899 0.306033006707712 0.267605625302365
-0.00670972828346536 0.0132242981027331 -0.030357574672691 0.27994176366143
-0.00760310563601685 0.0024554704621106 0.0208598939237744 0.0385092219917563
-0.0062034279355942 -0.00213189678431992 0.120410882612292 -0.247128649125701
0.000155321364340374 0.000285660278531642 -0.265123141456343 -0.388271456044096
0.00486148111936575 0.00244421216515275 -0.513139393277016 0.0771215875764151
0.00446121264699745 0.00120608886090407 -0.0843340152399469 0.40769804174788
0.000664293643747104 0.00494105690611474 0.218599037222393 0.194042465606635
-0.00217664750381215 0.00378114085610833 0.189075962255341 -0.0478779841264993
-0.00643761599296973 -0.000286122858352411 0.0370837574438925 -0.15434411422757
-0.00309964902399935 0.00543302476401678 -0.0459108611237029 0.127775171350645
-0.00253831340807888 0.00570362843252453 -0.146231640014292 0.0320678094792076
-0.00312601998725341 0.00125250984404869 -0.198027603665362 -0.14000915842362
-0.000187366504111316 -0.00745730937361482 0.0351993376050541 -0.323327141979139
5.08115944043673E-05 -0.0017312044761378 0.396266317067357 -0.137248109494515
-0.00198248507958743 0.0023087383839827 0.309347362293627 0.262868173358221
-0.00661825819767474 0.0138041749196544 -0.0277423171846028 0.280935679870288
-0.00773826037972311 0.0025854258832416 0.0200642080033831 0.0395775394356683
-0.00594804265370041 -0.000732940276543754 0.121979227604178 -0.244756230876319
0.00210638295498964 0.0035253782306002 -0.259030954752517 -0.390941690164384
0.00642996773893585 0.00384070933265767 -0.512304984939567 0.0719517867015693
0.00296044110503359 -0.000605223588083396 -0.0885961468367846 0.407338613577496
-0.00260809505718627 0.00134586688383709 0.216705048288752 0.198108288541466
-0.00404098997350826 0.00232054287981171 0.189205904715857 -0.0461550773958668
-0.00777257191378205 -0.000326779443451236 0.0365315642738071 -0.154007404259528
-0.00252033757732039 0.00564657125787749 -0.0463455388207955 0.127272118333467
-0.0035949083561278 0.00346589666313327 -0.146252668605461 0.0323836676173748
-0.00610183420979741 -0.00194392725214646 -0.198258152011258 -0.138827761681109
-0.002098460134003 -0.00929981109028509 0.0357980696869716 -0.321214411458076
0.000978191504648581 -0.000566340899632767 0.397251964522159 -0.136263762776109
-0.000687988124756284 0.0045826663357841 0.312139119253773 0.264592192288826
-0.00649694778204853 0.0146980010192592 -0.0278577278305101 0.282448584855303
-0.0075928581896082 0.00247018918505536 0.0201676996058882 0.0411410948087902
-0.00586157188184776 -0.000465343762211912 0.122579940043877 -0.243029883022979
0.00286542237020098 0.00511105832672042 -0.257784316233241 -0.389960138296071
0.00759047626505486 0.00454281832507104 -0.51187617968845 0.0717532324316897
0.0013474337177815 -0.0031941451337378 -0.0888342695487607 0.408324313305992
-0.00516996168167375 -0.00232976772706385 0.217398513479375 0.199300375568047
-0.00496330213776287 0.000556613530825738 0.18987773172682 -0.0453103945621222
-0.00749411667426686 -0.000547876543425826 0.0367418059561961 -0.153897989941469
-0.00197854775476168 0.0058625022102292 -0.0465603171019856 0.12606811547138
-0.00432489252538953 0.00253129677279091 -0.145542605807302 0.0310495362929059
-0.00749604589660286 -0.00501104028857284 -0.197472202003268 -0.139827671982838
-0.00372995802228823 -0.010076582152314 0.0373470226329479 -0.320365110043511
0.000653538179509784 0.00074081344987221 0.399355577780791 -0.130961716499399
-0.00149891677497153 0.00517255146712516 0.311713075282456 0.268677181669053
-0.00678530268252052 0.0144767499129369 -0.0276565463351125 0.284526294466662
-0.00713835197939887 0.00143855311158127 0.0204317916420414 0.0416268896455808
-0.00595914047461046 -0.00129093446437092 0.122514101297775 -0.240787544672067
0.00341848611872766 0.00633708175217207 -0.257894377220439 -0.385915889260739
0.00825620324936861 0.00587207336400167 -0.512018674325973 0.077319069469624
0.000184080917399739 -0.00440018824530983 -0.0863309174134711 0.41028605215509
-0.00706154724263399 -0.00588220330024582 0.219670249306248 0.198715733184707
-0.00624419653449678 -0.00184409301356686 0.190873833940665 -0.0452595596929459
-0.00610380998805052 -0.00166304045942587 0.0367568708353909 -0.15391758799688
6.54011139236783E-05 0.00612808208165621 -0.0469144723869817 0.124244377736168
-0.00390500108357201 0.00108916534749252 -0.144672470914138 0.0280386825903995
-0.00863281654548027 -0.00725712416294108 -0.193965757065738 -0.142512798637247
-0.00497232538657503 -0.0111153320560025 0.0428881075672083 -0.318762362937276
-0.000415187501429034 0.00131114115169367 0.401873345704899 -0.122570487368492
-0.00292468392039759 0.00507399168187424 0.309218937538476 0.277286731692559
-0.00733324331681651 0.0131976348979024 -0.0309131969842744 0.28586476875185
-0.00692721311770275 0.000821135573940204 0.0201089400451297 0.0422677176831359
-0.00626130230515693 -0.0014212491919705 0.121934006987289 -0.241087223655701
0.00299813425100754 0.00648625594256538 -0.25991274880068 -0.379503129044521
0.0075031031714095 0.00637281318873324 -0.508891603549915 0.0863433711544312
-0.00125271863098842 -0.00526036381938152 -0.0786463225512249 0.41151582025589
-0.00808573339075068 -0.00761628212311915 0.222781682440567 0.195581915571737
-0.00553874375952091 -0.00362616851042582 0.191609780857067 -0.0480845570577158
-0.00398782523362899 -0.00242396712936161 0.0366685558642388 -0.155190863528734
0.00255634722420408 0.00574525346729381 -0.0464575605268736 0.122087006595334
-0.00274357664755719 9.10825630320298E-05 -0.142223317994037 0.0245911230502922
-0.00808220695725327 -0.00846551714442873 -0.189825500587054 -0.146913180237033
-0.00609348043458979 -0.0114445506319553 0.0494016616157334 -0.317546407935593
-0.00162321189134621 0.00129146709971433 0.406117022407481 -0.111404196392765
-0.00391748849761315 0.00413676249575192 0.305005842704161 0.285404920965829
-0.00796149234403209 0.0123620523819982 -0.0344911811827131 0.28652331908354
-0.00581421228718338 -0.000528597090401284 0.0203717076042202 0.0424925865377488
-0.00630155619927485 -0.00307108596697642 0.11844670632689 -0.240664070197323
0.00133110824411342 0.00665273484298902 -0.265697381734045 -0.371816212585023
0.00582022211767173 0.00669952681824125 -0.5035785380322 0.0998610289801046
-0.00234831185349777 -0.00396053471623197 -0.0708875617141913 0.413899452618702
-0.00870444644718443 -0.00926885120707866 0.226154015802338 0.191350476433047
-0.00455198446920249 -0.00416960188849553 0.192252919552985 -0.0519102649878969
-0.00153498395796221 -0.00276530912537897 0.036865658571531 -0.156701703048331
0.00390575859472337 0.00533981050324507 -0.0448456578425031 0.120854835827599
-0.00145574056951448 -0.000328055931555309 -0.141425432924427 0.0206311014745759
-0.00689736848807213 -0.00847926736189789 -0.186716942273246 -0.151201095220135
-0.0057632724161586 -0.0107331815380879 0.05632622288535 -0.315448104403954
-0.00360049331399681 0.000674207720944388 0.409146158785452 -0.0993517209043325
-0.00581920458087999 0.00208736594867692 0.299787978877589 0.29473519538287
-0.00811206589746782 0.00985587072220959 -0.038489779580706 0.286522831829879
-0.00588761820430018 -0.00202176353184085 0.0205614358646028 0.0416212846263761
-0.00663040173222909 -0.00422484673363435 0.114796604827278 -0.242141657776069
-0.000729811037233547 0.00517882613410298 -0.27313254013021 -0.362139990869753
0.00408308879423487 0.00683563547728923 -0.500351531838924 0.112579609677029
-0.00302246062381485 -0.00325570059790179 -0.0610385380427598 0.41423747386305
-0.00712078893333637 -0.00867052886087671 0.230317141177451 0.185546652341499
-0.00299964865506827 -0.00436018385472906 0.192525899866477 -0.0565836995784668
0.000931176162513766 -0.00387019778064892 0.0373875898813735 -0.15843988920112
0.00626486565320768 0.00523456113000216 -0.0443135344887371 0.119114673360354
0.00084729560481025 6.39804448435439E-05 -0.140088988783934 0.0181254740385799
-0.00509170079502107 -0.00668180294697801 -0.183309611280968 -0.156755708899467
-0.00507955392775261 -0.00943905696373084 0.063336606012215 -0.31603618328182
-0.00526421745181745 -0.000693995374022144 0.412925751847706 -0.0904161890896863
-0.00711054878326906 -0.000231022124274923 0.292911036785068 0.302477686292925
-0.00879629337196505 0.00815756398362325 -0.0431135532232072 0.287861737018936
-0.00619287425122152 -0.0029601084522972 0.0209354197567509 0.0413268192699255
-0.00756390167933554 -0.00539920359970303 0.111856097985167 -0.243167805208975
-0.00246943619509894 0.0026294473833147 -0.279746547178928 -0.356965708490124
0.0011146281680181 0.00675291953507551 -0.494687311662241 0.1231912045245
-0.00318704358961944 -0.00184308161257815 -0.0530539242198998 0.415834761930065
-0.00539697955032711 -0.00681261764453062 0.232941250275477 0.180058893848188
-0.00079556554057465 -0.00437605634889059 0.192954460983762 -0.0598175047274817
0.00357202178405951 -0.00398360205643983 0.0377193644241062 -0.160258169650354
-0.00230595562807195 0.00549219075316319 -0.043304480820803 0.127917555575777
-0.00109145451374009 0.00683627453382032 -0.146395290081267 0.0309496095523802
-0.000585461682091951 0.00423514001807136 -0.197788914550287 -0.141939878532253
0.00104699882832959 -0.00519138778764554 0.0378709735501857 -0.325107515266532
-0.00136763577156935 -0.00307797792832201 0.398238074646814 -0.135052894174469
-0.00327234915974739 -0.000401454677425218 0.307566449364509 0.266257167530615
-0.00698860436724211 0.0128000555764847 -0.0300494455839849 0.280206621564084
-0.00821451669564209 0.00253892882878923 0.0210522004260281 0.0385532432887217
-0.00616072902519085 -0.00211870348298217 0.11995867741638 -0.247892556027312
0.000486840687287735 0.000649866084671824 -0.266459219834805 -0.388459284308212
0.00487252422069535 0.00271336606095527 -0.513060186829524 0.0788669092626358
0.00431475107007021 0.00114803745608935 -0.0826695764694307 0.409596866682605
0.00069402955608149 0.004983540284076 0.219521231168379 0.193433582168702
-0.00265886525074028 0.00372220454076635 0.189346568434697 -0.0491929985372331
-0.00688699875535686 -0.000146973099026374 0.0364310267455568 -0.155532390208399
-0.00325161006003594 0.00551973830401814 -0.0444648653205638 0.128304907778013
-0.00268961799644109 0.00561968928503869 -0.146829098433221 0.0325793873593828
-0.00351743565672674 0.00146485486631776 -0.198708763571723 -0.139056067162236
-0.000298169777655134 -0.00758499957359124 0.0343766060514163 -0.324056025058289
0.000204384068942007 -0.00153344579656886 0.396479035137361 -0.139304342486701
-0.001690998859752 0.00226221362383797 0.312016378087991 0.261624137149086
-0.00631956298202452 0.0143308141570538 -0.0270640048651693 0.281751442658449
-0.0076167883871904 0.00291270473906617 0.0205591787659176 0.0395658154318597
-0.00555525380085178 -0.0011370102411724 0.122656675954323 -0.245614044492972
0.00202378745278525 0.00326667214822143 -0.260067293507539 -0.390481103437668
0.00642688878931157 0.00392426251297761 -0.514046621707831 0.0744712164390423
0.00310397405607086 -0.000486336652532667 -0.0863140040155854 0.408251321617852
-0.00262465449249317 0.00116605561864046 0.218412047130691 0.19686213434474
-0.00440087325454836 0.00260591043267538 0.189565542918852 -0.0471289655111336
-0.00804744070326468 -0.000203399909193789 0.0353978005170584 -0.15471813280109
-0.00262277534465777 0.00576833069833391 -0.0458003063913634 0.128078640707702
-0.00368132944805281 0.00413180164880082 -0.146589325856615 0.0327164573433889
-0.00576639651134139 -0.00198980603288192 -0.199008065322217 -0.13706931361065
-0.00210540480305408 -0.00908718484878096 0.0344121093860337 -0.322696614463356
0.000894103973421545 -0.00029734511968465 0.397905526078755 -0.138893201957873
-0.00118783858068969 0.00420579998412781 0.313332601161296 0.263148177955557
-0.00637727941912576 0.0147588281483818 -0.026475807627695 0.283277273636186
-0.00754353277375034 0.00254399228867621 0.0200357860453485 0.0403779305260321
-0.00577188797985757 -0.000733440205375922 0.122686505687103 -0.24388340403964
0.00319574723174143 0.00556171728182619 -0.258998824887885 -0.389436676733319
0.00820398998405973 0.00497470804843016 -0.513725641302855 0.075784760969707
0.00146545043292946 -0.00306624479654722 -0.0867416629962379 0.409869069616873
-0.00531035414841817 -0.00204984764075123 0.218911736191275 0.198567602164461
-0.00573459008741773 0.000280930095140323 0.19043872652957 -0.0470177787017312
-0.00816796746135832 -0.00118026518915268 0.0356612150361497 -0.154623195038746
-0.00137636797267117 0.0056806738010713 -0.0464037598182559 0.126712759746138
-0.00437498540539974 0.00251139934734341 -0.14600895918329 0.0318521657186661
-0.00752372443377326 -0.00520340543487266 -0.197580868639838 -0.139380076391288
-0.00428711886584294 -0.0103828600634241 0.0362589779704549 -0.321637930108912
0.000315745238387638 0.00041421801746136 0.399962347034692 -0.133169669342665
-0.00140602821551723 0.00547791304503772 0.312784081225584 0.266839851137639
-0.00671639924032084 0.0149699267341108 -0.0274484353313375 0.284644087774942
-0.00697541707420302 0.00147791600899309 0.0198757331219875 0.0419028811639728
-0.00595966309619764 -0.000779169192226869 0.122868754692228 -0.242208901616577
0.00319933946709572 0.00642534205045736 -0.257587690520823 -0.387061915156999
0.00835868576477931 0.00604777098639597 -0.512911646587637 0.079519464787983
8.30358679250881E-05 -0.0043589104985159 -0.0845039532430026 0.411498823920135
-0.0075473765402078 -0.00595079056665669 0.221674364439117 0.198078366215463
-0.00565536215341889 -0.0013401134202999 0.19100216830976 -0.0477983103297648
-0.00648959976308647 -0.0012249791977421 0.0362138045800876 -0.154370168362456
0.000308808920146479 0.00636245061304021 -0.046030363848458 0.125353991604854
-0.00422602926811607 0.000918646430684737 -0.145220757445002 0.0288579400863614
-0.00824847126412243 -0.00737377976180315 -0.194893464361495 -0.141909960609032
-0.00553601695889969 -0.0111189355706552 0.041257096664515 -0.31945467803048
-0.000433484778170867 0.00141396357140082 0.402412310759474 -0.124716146203829
-0.00232897989190926 0.0054912022812516 0.311801450600321 0.274827964046858
-0.00725527520869019 0.0138836383195802 -0.0301199630418381 0.285405796081139
-0.00635718714612938 0.00059171546968584 0.0202358021999773 0.0420372233978806
-0.00611575871080605 -0.00156797679929716 0.121048740886374 -0.24216818810545
0.00207318082421316 0.00657791593625882 -0.262366408562348 -0.380007608817116
0.00798082077781187 0.00691389398261464 -0.509665683377364 0.0880626978451939
-0.00127342821116194 -0.00507263784327393 -0.0774859376960527 0.413190496459428
-0.00835844032030583 -0.00782970992413768 0.223175233767743 0.194913046893423
-0.00575186614309 -0.00314151713436847 0.192232197549406 -0.049583392444324
-0.00438013956648779 -0.00225272595752901 0.0359646759057843 -0.156173574957413
0.00221482541327381 0.00587321773644662 -0.0454062525489275 0.123058171427555
-0.00249215493347234 0.000165547157228236 -0.143249779805477 0.0252913124152666
-0.00840937687412741 -0.00829679719773289 -0.191019361470383 -0.146063304245471
-0.00565786788582546 -0.0116642025061095 0.0488499131110169 -0.318716810774131
-0.00203619582203871 0.00179872141439856 0.40640520165887 -0.112765982794264
-0.00456492389619747 0.00459229742791985 0.305959801674121 0.28495918910065
-0.00774200442226897 0.0117874432397072 -0.0340074287320123 0.287771859627809
-0.00584271573596427 -0.000460236059587413 0.0203233391411806 0.0416108270265627
-0.00644631417501807 -0.00282010162205477 0.117959352879934 -0.242086990081987
0.000808475591347876 0.00612196961236569 -0.267643315147641 -0.370889857790793
0.00594461848072039 0.00702991949506153 -0.504540836598732 0.101538325016911
-0.00307297054192697 -0.0046524530868703 -0.0691879468506695 0.415163514177989
-0.00860984670714523 -0.00882180035372622 0.226958848281306 0.190421377170309
-0.00474821742888056 -0.00457127729323509 0.191885007391533 -0.0535192393320823
-0.00203960391936111 -0.00280832304462219 0.0357282470474582 -0.15730917770413
0.00447550346113487 0.00544149381430498 -0.0447427555985966 0.121460374434574
-0.00114092572466422 -0.000600408847526656 -0.141651795145317 0.0209075979866651
-0.00745764419190926 -0.00818617174773138 -0.187764731876951 -0.150624755847546
-0.00610720437471165 -0.0107135488406639 0.0562947887059119 -0.316903347804672
-0.00409490187648917 0.000816917071186358 0.410127802483054 -0.101952324290451
-0.00554375169970398 0.00229223585995642 0.299360257362501 0.292852968773823
-0.00820498150466881 0.0102842191942668 -0.0378271257834057 0.288000119507593
-0.00578194455351286 -0.00160615836292086 0.0208289406538486 0.0418461666085752
-0.00656623266669449 -0.00455097323865132 0.114223465860858 -0.24254987171506
-0.000532726072727275 0.00504432479956267 -0.274554783144012 -0.361585579950915
0.00378913245936075 0.00666989714434401 -0.499486246131409 0.115662416761103
-0.00345046193771114 -0.00296340687207705 -0.0594189360279893 0.415706416987929
-0.007315704919283 -0.00843306064616877 0.231200228874 0.184584548563409
-0.00287362920511039 -0.00452104941750338 0.192927625485999 -0.0579202892019879
0.00122850292151485 -0.003645688555056 0.0360126837484458 -0.159289962285743
0.0066290353606211 0.00483199271087189 -0.0432997391598975 0.120311928737292
0.000380634703542914 -0.000124784758182281 -0.139961089359257 0.0185819256974623
-0.0050474446234264 -0.00701566983791653 -0.184014328149771 -0.1560491580633
-0.00492369479911393 -0.00927359424976939 0.0631106698559161 -0.316580887712421
-0.00539098536574803 -0.00028852264378085 0.413473969115186 -0.0921242908807617
-0.00754044462127311 -0.000513754469123412 0.29471014299504 0.299693134871016
-0.00858021397778496 0.00857268464319597 -0.0420184989680995 0.288292162851095
-0.0060913827942 -0.00247258267888234 0.0210687589929417 0.0412851787114289
-0.00779706137020158 -0.00546877195930323 0.111311395757618 -0.243542073298731
-0.00366988302467459 0.00226683398409168 -0.282220540033615 -0.356845996698255
0.00104432863498754 0.00627625948141432 -0.497317576300266 0.125278019340761
-0.00339332488224516 -0.00186513241845611 -0.0511944452798846 0.416155477007592
-0.00536223032073323 -0.00690286458685267 0.23440523637104 0.178924994448047
-0.000929133209093906 -0.00408746611222618 0.193205143557537 -0.0620878755446636
0.00310838759231266 -0.00395386637773117 0.0371223518001051 -0.161567181638737
-0.00222784718362737 0.00486962304665358 -0.042602524220072 0.128172654253455
-0.00056854997183957 0.00734130589424755 -0.14685139389129 0.0316524320982823
-0.00071959837321762 0.00472660761464613 -0.199172247741653 -0.140748116501221
0.000740109131641437 -0.00534202687644368 0.0362944108464593 -0.326397542572123
-0.000719113216583181 -0.00297131332624595 0.398339418604482 -0.137275764148679
-0.00340712399152929 -0.000395975950783368 0.309163102100841 0.265295138385047
-0.00624847619707418 0.0134341412733002 -0.0288513507337791 0.28132587241026
-0.00749236292537651 0.00295255207403382 0.0211594269250872 0.0383929347882162
-0.0062642155302519 -0.00255532340533493 0.120373474722377 -0.249086689924414
0.000733095404463929 0.00025921089235967 -0.268264932575225 -0.388490413227479
0.00462120917636431 0.00270418135090502 -0.513871407924382 0.0805792867356543
0.00481825665324395 0.00156139398091486 -0.0808740449627377 0.411225306960872
0.000722360488150464 0.00487457520182883 0.220984069777939 0.193508356184785
-0.00224252190011369 0.00422641588458838 0.190170646719745 -0.0504243230982841
-0.00741998966301372 -8.20723351360299E-05 0.0354742849911621 -0.155889551134276
-0.00297938489443642 0.00551072244055528 -0.0436140001597319 0.128945583828098
-0.00220425977423677 0.00551623127440809 -0.147456242986687 0.0344604526693794
-0.00353658793836175 0.00112537162345522 -0.199860355210301 -0.137659400502468
-0.000424397438510373 -0.00742673397230396 0.0326249857968539 -0.324839388042541
0.000665035318548687 -0.00189141798637697 0.397375965717677 -0.141037970947447
-0.00166262612362921 0.00204648053121772 0.312969200992802 0.261807400806756
-0.00603981722681698 0.0145925933873008 -0.027495042195479 0.281694522137055
-0.0075039785077303 0.00285939876546198 0.0206875247778272 0.0397015801330585
-0.00605333854078157 -0.00149813655413376 0.122006417162156 -0.246969723172513
0.00204375898279002 0.00282222672825978 -0.262944304002582 -0.390335129140563
0.00656811433187384 0.00329147960790306 -0.514410815977621 0.0770531210431279
0.00304359011695323 -0.000517737234066436 -0.0852821094481008 0.410012439253527
-0.0021971569899996 0.00163305061269363 0.219545427284686 0.196551347368299
-0.0045271211096228 0.00277527273587015 0.189412750856693 -0.0482857753093391
-0.00814577095310216 0.000139161864232623 0.0347301047197878 -0.155079295136169
-0.00265726389527636 0.00560409859340397 -0.0447169074853173 0.12846720196673
-0.00403915203513202 0.00433759848700588 -0.147733846454503 0.0340122699996867
-0.00589156238858992 -0.00124729586650268 -0.199646866371292 -0.136394575260041
-0.00253431538230685 -0.00910090416923673 0.0326236972194396 -0.324232372664341
0.000913712663557449 -0.000348107143239592 0.397441410841664 -0.139854467283125
-0.000912745547746008 0.00451687945605785 0.314244950532483 0.261867033567819
-0.00611135759839236 0.0149947206275237 -0.026724130324536 0.283482338127836
-0.00716071735853145 0.0025678195475731 0.0202350903430332 0.040438280337378
-0.0057723209997913 -0.000277790656507489 0.122696069765962 -0.245072664959262
0.00269801330936791 0.0050728404704147 -0.261914210202864 -0.389757196144387
0.00810256047413238 0.00474781377171857 -0.515441715385607 0.0768660922558689
0.00182959808696911 -0.00305774469622971 -0.0857659211435378 0.411625574895606
-0.00518248419663523 -0.00208609215861728 0.220522375534325 0.197477763987197
-0.00553296013506564 0.000867254866656212 0.19075687640093 -0.0483989441158784
-0.00767899415062957 -0.00070864478389741 0.0346332452039836 -0.15498509530167
-0.0011167272310254 0.00565555194705127 -0.0450920522458649 0.128238358663413
-0.00423781730247459 0.00222389228864353 -0.146712799194524 0.0329454297481371
-0.0080502981367711 -0.00522327966109803 -0.19809464146037 -0.137938384731671
-0.00456784564301415 -0.0105085502077324 0.0354662765690448 -0.322760138785192
0.000419777597561289 0.000533606823404606 0.400281001618996 -0.135799224188
-0.00145250338113187 0.0056780049592044 0.314081568050171 0.267344578785268
-0.00635830341217465 0.0147859544344278 -0.0273336583322949 0.285435900803401
-0.0066343237278886 0.0019486016059828 0.0200766789041748 0.0416151625970559
-0.00546776319759576 -0.000931122818179646 0.123085867172437 -0.243095868462991
0.00295823206480255 0.00630424189769654 -0.260784364496002 -0.385665325845491
0.00841424432990148 0.00562321449998146 -0.513401146224473 0.0812048708996311
-6.90104110307038E-05 -0.00400698434450762 -0.0827409791506432 0.413242808347801
-0.0074130038934507 -0.00544193010158792 0.222123880285685 0.198047257044829
-0.00611974104666423 -0.00174863813086196 0.190954369778123 -0.0485692370656755
-0.0070729278968866 -0.000934286501405852 0.0345700272451795 -0.155835445768513
-4.8286592241477E-05 0.00607810782998247 -0.0453214531601121 0.125883598602316
-0.00386192249199098 0.00100551320537293 -0.145781076869513 0.0298286693832663
-0.00833509203772575 -0.00705835956121478 -0.195617655585458 -0.141264073922293
-0.00592816433416446 -0.0113269053916879 0.0408792139701593 -0.320780538790932
-0.000432937704731498 0.00169331339647204 0.403967206393629 -0.126860807879778
-0.00278008109361272 0.00564857032199429 0.312067107699916 0.275538567360338
-0.00666615129140299 0.0140380763108697 -0.0295956635723671 0.286911009942719
-0.00647931333856779 0.000778654611182722 0.0201818603248602 0.0420376592585631
-0.00580028343042885 -0.00142078709194746 0.120885996755276 -0.243150717553131
0.0023564586266353 0.00636894238469758 -0.265092512960951 -0.379335023475595
0.0074578874397035 0.00686394467796527 -0.510938257733142 0.0909029656392213
-0.00167862098820284 -0.00494123601892512 -0.0760311973874903 0.415006448338669
-0.00865416839855573 -0.00790975848644473 0.225359988320141 0.19565599393929
-0.00587399127836288 -0.00339667766896676 0.19213297737334 -0.0512326512932615
-0.00511894232185722 -0.00242480566073701 0.0341386925198852 -0.156662129872893
0.00273830804164021 0.00622468058860329 -0.0443127925964549 0.123752344100563
-0.00333179597101597 0.000183733720777474 -0.143514707109792 0.0259498405496682
-0.0081991596061444 -0.00846662685950901 -0.191872008889881 -0.145613036429648
-0.00641360902092167 -0.0111243007453849 0.0481986427389844 -0.319418769009827
-0.00219632076705725 0.00143948335471493 0.406984200151277 -0.11478205582552
-0.00422836062893489 0.00457399098361978 0.308445830801328 0.285154692896259
-0.0070683642302307 0.012390985264741 -0.0339807391589776 0.288277195872455
-0.00657149550673895 -0.00067159849187958 0.0198803934801822 0.0420261712562595
-0.00627685644399117 -0.00240671660263954 0.117983346145597 -0.242913036489192
0.00114764914827236 0.00601848944615995 -0.270389833386689 -0.371578441797988
0.00637616117410067 0.00652059650597482 -0.507311726935487 0.103268946189413
-0.00297896150918633 -0.00456337833416989 -0.067211824410331 0.416291871804011
-0.00864606225061372 -0.00856329334216773 0.228678565186539 0.190036856847318
-0.00455361205962217 -0.00408009669662056 0.192158683836447 -0.0541044778006823
-0.00221578357163524 -0.00297088752247507 0.0347124994887577 -0.157847160902827
0.00452370775008315 0.00495012977604461 -0.0438492915603674 0.122043498403068
-0.000995135651226459 -0.000323853076739923 -0.142175534279485 0.0226711654897255
-0.00740009135245207 -0.00821637434809579 -0.188214895891186 -0.15018961935414
-0.00654918633236214 -0.0106508269911404 0.054086859659709 -0.31791980050851
-0.00342751619874223 0.000868073416942233 0.411355907973158 -0.104212995601333
-0.00590687793422823 0.0029115924295782 0.302890944004607 0.292992900966343
-0.0075134840905813 0.010267324333501 -0.0376800062641518 0.288652226277369
-0.00597541858730404 -0.00136360355755927 0.0211696293037856 0.0414570240011746
-0.00692136339064613 -0.00407603963054504 0.114664827600751 -0.243557809471147
-0.000474965773004485 0.00455211853872596 -0.275816527374739 -0.362386763969118
0.00410972826420436 0.00662489884109922 -0.501191094026908 0.117323969334725
-0.00326490278956244 -0.00335084883595046 -0.0574682327730019 0.41794040248192
-0.00789998369938834 -0.00806715306134523 0.232884847026004 0.18420781120636
-0.003195249632772 -0.00438045706491684 0.192821757494201 -0.058534428532007
0.000512939580699171 -0.00377128904543181 0.0350340702131764 -0.1598821123008
0.00647006340166193 0.00361063178459668 -0.0428405026319552 0.120819245415663
0.000667477588747529 -0.000134726741193482 -0.14106038521174 0.0196184184695721
-0.00552916927562937 -0.00686413987051501 -0.185379988030958 -0.154398860742307
-0.00526488089879698 -0.00863054035554318 0.0616638600124989 -0.317555901021334
-0.0054549339337772 -0.000248242990892367 0.414129316270116 -0.0939694854611722
-0.00794909323357617 0.000161638795423068 0.297918835073058 0.300986844279248
-0.00801488133912275 0.00867311966362593 -0.0419462649605527 0.2891069339876
-0.00570537385674756 -0.00252083400772397 0.0215808775314153 0.0411507123251682
-0.00773880123568984 -0.00582486355393258 0.111048273131962 -0.245275552939138
-0.00347306844211164 0.0025616843093186 -0.28169316030978 -0.355690361656485
0.00155223814225136 0.00613890719396303 -0.496808416392482 0.127803351651223
-0.00314495386959056 -0.00188155219704079 -0.049010768451011 0.418709140250445
-0.00595656303983005 -0.00630577460199384 0.235704822314917 0.178472571605892
-0.00120295780241905 -0.00406699738974192 0.193244741496819 -0.0628403514826623
0.00237557837762753 -0.00359886240775903 0.0358052536651902 -0.16251019203516
-0.00241608567176018 0.00475962994674858 -0.0415313556993237 0.129711864289096
-0.000870390397215457 0.00675579060707063 -0.147928886748756 0.0327829843585361
-0.000799442704248257 0.0050042988948184 -0.199438849661475 -0.14014908610471
0.000606464183915341 -0.00554424096657225 0.0354670288429047 -0.328195474504878
-0.00125729759543339 -0.00297460926774745 0.399360686287949 -0.139323510290568
-0.00356257066113741 -0.000105406705857123 0.310777663553616 0.265088454320761
-0.00592280032159751 0.0135720364051839 -0.0290727407152404 0.282583220357541
-0.0078618723868895 0.00246223490019284 0.0213644612637699 0.0387270688246071
-0.00633733293184686 -0.00218190524549008 0.120275217926828 -0.251019694637435
0.000218517426848256 7.49510110596516E-05 -0.270371217488198 -0.390190056822616
0.00467034045107339 0.00204660878152669 -0.515037389740156 0.0837943446942823
0.00490585819906627 0.00127017840086889 -0.0791022138676438 0.412409089725289
0.000945258940439987 0.00528448909716619 0.222632133782104 0.193021901813718
-0.00195658474002248 0.00431370800815861 0.189698019035495 -0.051424450554355
-0.00727070528276569 -7.29237734988716E-05 0.0339566227817822 -0.157103620823673
-0.00277507107845865 0.00582808048072481 -0.0423258236013444 0.129537693085438
-0.00251755785726134 0.00569846288645239 -0.147840079586268 0.0345384930396209
-0.00338508730209241 0.00156511723174927 -0.200639028583497 -0.137218804746087
-0.00069629018873167 -0.00740781810497111 0.0319720289367807 -0.327671818119929
0.000123272264817772 -0.00113881615416387 0.39737341014732 -0.144035333381516
-0.00196201985837841 0.00180744372072091 0.314302180083899 0.261774399161474
-0.00578889731940369 0.0145064769744519 -0.0268090180235761 0.283849727444683
-0.00762803919230263 0.00314381473853106 0.0211570194078198 0.0399404314479924
-0.0063852152533232 -0.00127843822454328 0.122385479811664 -0.247915731958878
0.002064018028602 0.00319948929071554 -0.264958175475688 -0.392439633642271
0.00636919712542391 0.00330719871663691 -0.517256104620569 0.0799667893688534
0.00250988145126195 -0.000615546541400234 -0.0830575393454315 0.411846141584351
-0.00242783729249222 0.00141796552922054 0.221446782417556 0.196574607424158
-0.00391650964094725 0.00275880376451055 0.190091529282445 -0.0497311469960483
-0.00828509257079234 -0.000182256929443896 0.0334064006561562 -0.156581461683469
-0.00247802893955379 0.005735486858098 -0.0436400430842834 0.12977680518649
-0.00403341919954652 0.00419257496951964 -0.148147462508113 0.034565943412751
-0.00585907870415123 -0.00202993610826083 -0.2010895310766 -0.135983724242635
-0.00245418286330248 -0.00914122599724911 0.0322808486732743 -0.325402981499922
0.000544764474571817 -0.000213445102151559 0.399290969196292 -0.14247252417721
-0.001502148448121 0.00443147614199252 0.316595458122972 0.262185259365164
-0.00577041867903228 0.0153858357968068 -0.0260998378970383 0.284667102848086
-0.00746988922122794 0.00221046677455553 0.0207908896007428 0.0409441476121622
-0.00594193456254399 -0.000719544774384301 0.123377905381849 -0.246165833092492
0.00281028934026158 0.00484785726075808 -0.262566923419901 -0.389404308831466
0.0080210283897418 0.00452823108429108 -0.515895623497994 0.0804119001290693
0.00156704543939348 -0.00259849527176266 -0.0836690354006824 0.41251881297263
-0.00534204094269642 -0.00218943027671216 0.222234889169091 0.197600162911691
-0.00540466978253838 0.000585335228526268 0.191064176801741 -0.0492213577911377
-0.00789763428257274 -0.000250561397658998 0.0334862681396273 -0.156292743922559
-0.000890381538915659 0.00611961400448889 -0.0441980051948118 0.129039227121664
-0.0041731925939363 0.0025129575622789 -0.147379418115688 0.0335910171223584
-0.00773109294527268 -0.00504631946960559 -0.199827213388337 -0.137472267634743
-0.00459664325645258 -0.0103463813475726 0.0344961802534402 -0.324244306226491
0.000463469283923267 0.00110998788964524 0.401664252173679 -0.137763950422083
-0.0015248454576482 0.0058301047700295 0.315656226791265 0.265948664828624
-0.00600820538447862 0.015175526964795 -0.0268424598144501 0.286611419127382
-0.00665333997531426 0.0017044349086234 0.0203979365480323 0.0416236898828179
-0.00563508102871581 -0.000958301697321725 0.122851752160031 -0.24443746118193
0.00323325607509526 0.00627133929478318 -0.262076609660749 -0.386705916918122
0.00853512313135249 0.00563558818729778 -0.51467399287864 0.0850518638504457
-2.14245883198988E-05 -0.00387608554679019 -0.0811933042207894 0.415218998555348
-0.00739680631987529 -0.0052997763450228 0.223948056744498 0.197454256772544
-0.00589476983697616 -0.00149558288114929 0.191822147220468 -0.0499317871975094
-0.00683211452604528 -0.00140666444521205 0.0332824065478136 -0.15635001264168
0.000365635620018475 0.00585300765209332 -0.0436432189693425 0.126581193707308
-0.00382137940929437 0.00125838819725663 -0.146706939433584 0.0309353613562141
-0.00878084306302055 -0.00759213342997726 -0.197246067899349 -0.139587926675231
-0.00593382935939016 -0.0114697159677575 0.0397606074390288 -0.322348745722075
-7.4442347512969E-05 0.00160481358127104 0.405134359662326 -0.129262156910396
-0.00254788977289772 0.00560432259111391 0.31365147162362 0.27332251953994
-0.00693717750061056 0.014130039628351 -0.0287578823975885 0.288159631732714
-0.00607892869789886 0.000395768207922198 0.02054125435846 0.0426676000372033
-0.00616567618539784 -0.00169355610905632 0.120564030841266 -0.244043116313438
0.00269147760647476 0.00644109524290101 -0.265523039842885 -0.379221571819675
0.00798010854889874 0.00569722598619314 -0.512540788494929 0.0930894840447508
-0.0018441437283142 -0.00457784428452479 -0.074813751881398 0.41703443382467
-0.0086415139029528 -0.00788868895062318 0.22684733929534 0.194264780426172
-0.00577619609628519 -0.0029732790071005 0.19236687137376 -0.0522575515185738
-0.00505680303573218 -0.00230774564237853 0.033127174975461 -0.157828131969276
0.00299940749965644 0.0053995475160967 -0.0432851493912022 0.124463847874202
-0.00322008623997667 0.000241792338024237 -0.14428428867841 0.0273717693471517
-0.0081252703362121 -0.0087199735465652 -0.193396110426741 -0.145071272922104
-0.00630413007288026 -0.0110459597899905 0.0467249518925531 -0.321180883425628
-0.00239910136388311 0.00164632980071912 0.409110719483595 -0.118235307847599
-0.00387227878263858 0.00451869909992964 0.309982381065781 0.283011068308326
-0.00756304515119592 0.0122009498057121 -0.0335109850582747 0.289587082713478
-0.00552048065716502 -0.000494227555288036 0.0206126521648795 0.0421953023989491
-0.00618712329504963 -0.00263803243936569 0.118638484744721 -0.244177049914924
0.0007999062543466 0.00575882172725604 -0.271375360866804 -0.372769096951079
0.00628394817161846 0.00679464103768172 -0.507610398287398 0.106784630151313
-0.0027451380351734 -0.00412225090451667 -0.0657467483816044 0.418748279389244
-0.00881373938041657 -0.00876980388966797 0.230220120213226 0.188975222402841
-0.00469368840039197 -0.00397521522260032 0.192571423906552 -0.0558136550348542
-0.00223687640630314 -0.00303105908668404 0.0337017046910717 -0.159000111688286
0.00443798919309036 0.00503742722608176 -0.0424018181399572 0.123130446453351
-0.00138737318666029 -0.000242988922590469 -0.142689094645222 0.0235734056681452
-0.00704221050708372 -0.00863342790916874 -0.189652481864481 -0.149412965164079
-0.00641805927206315 -0.0104518801953676 0.0538580086773888 -0.319956505381277
-0.00401335486817752 0.00103827429020045 0.412273859915439 -0.105828870582237
-0.00585441013696948 0.00257572051819798 0.304445994592995 0.292842191019467
-0.00784735963950555 0.0105938118671639 -0.0368459359425728 0.289506359008077
-0.0059759613576727 -0.00136153948772822 0.0214123999695622 0.0416178438024419
-0.0068539424926011 -0.00388511691163425 0.114386577730511 -0.2450071586445
-0.000959401047073831 0.00480526990417182 -0.276556566996657 -0.362946609062324
0.00395537984650406 0.00652311057525148 -0.502263375027571 0.120087510242088
-0.00358182628084977 -0.00340411070257075 -0.0554316309362349 0.419665064517693
-0.00800592221097468 -0.00816956058499769 0.233901067903717 0.183269782518658
-0.00327638141744913 -0.00447683696761318 0.193114908139271 -0.060514713332101
2.6346603121283E-05 -0.00326829575581749 0.0341473683973528 -0.161070226004211
0.00659526660833037 0.00427043530280426 -0.0412337282432656 0.121703428174938
0.000558174339527642 0.000138179922071067 -0.141732036972909 0.0203682204352513
-0.00526905384155069 -0.00646221713849305 -0.186635764812333 -0.154170668186933
-0.00557929592711509 -0.00901416463753162 0.060814461171679 -0.31858023156164
-0.00557439066261069 -0.000172008823932064 0.415403550702849 -0.0961081197970333
-0.00772052357929344 -1.15492578831745E-05 0.297621494249177 0.300643358777981
-0.00825134236523804 0.00918581257944733 -0.0409260638449604 0.290423336339761
-0.00546954709146744 -0.00253089653381656 0.0213126083007668 0.0404992684224139
-0.00777800180621794 -0.00588065831460572 0.110571269816922 -0.246356117041169
-0.00274458092404845 0.00242239403213594 -0.284718849663772 -0.357595053984727
0.00179812930925736 0.00636215562548465 -0.500138910282972 0.131951627719405
-0.00331429002077762 -0.0012721343577495 -0.0475928971708978 0.420370832579527
-0.00592102403394654 -0.00656709746261426 0.237100849680002 0.177770022351069
-0.0013488188561054 -0.00394394609607584 0.193556175279768 -0.0644890248714191
0.00236356540121748 -0.00387295159017361 0.0345388352159654 -0.163314905565965
-0.00223686797674152 0.0049941438917977 -0.040349593646233 0.130407482310556
-0.000597284832026117 0.00725091698719712 -0.148276061735591 0.0344879225228054
-0.000572382140495457 0.00491170906732104 -0.201359730064994 -0.138799399815072
0.000973945601933671 -0.00552357827539977 0.0335247107879479 -0.32946431461887
-0.00152285820311896 -0.00280577590217238 0.400025191726849 -0.142036840993783
-0.00358919694727443 -0.000454438293141079 0.312683131644605 0.26404296750651
-0.00593508321919001 0.0138186396019849 -0.028468689074791 0.28425085591817
-0.00772800941792027 0.00275781861407851 0.0215373727008448 0.0386557723630257
-0.00642430874729921 -0.00174395544811681 0.119647574384181 -0.252142733609048
-0.000368115928040532 -0.000128411508890203 -0.27266568779986 -0.390052742760883
0.00494181549425813 0.0022612483804517 -0.517389038268448 0.0862263497704538
0.00469963910197066 0.00106119068984608 -0.0774871583677605 0.414587911278747
0.000926685653070934 0.00503249568789337 0.22473027995062 0.192828950585643
-0.00203347288968374 0.00455726628246323 0.189950230595003 -0.053297659977957
-0.00768790855088815 0.000311554125720056 0.0323947084968096 -0.158182368367625
-0.0028968535549845 0.00497534406984948 -0.0413631093466486 0.130969223515349
-0.0024555083330647 0.00572635132223072 -0.148427683803445 0.0358327184069097
-0.00338689855926025 0.00151352259800037 -0.202044736934288 -0.136159752255172
-0.000961415889997804 -0.00777321993639608 0.0295509295980377 -0.32831639544409
0.000335189296170405 -0.00181056949828417 0.399381177529362 -0.145746493372124
-0.00187364366369442 0.00207185280456883 0.316205078091767 0.260043372036062
-0.00558778080560937 0.0148947865194158 -0.0254699223126297 0.285255479720733
-0.00733823914987395 0.00267465524389003 0.0210416710386225 0.039955990886791
-0.00610217418180824 -0.00070985383165132 0.122026674917142 -0.250021182328991
0.00164156927651913 0.00272727110484638 -0.26673418128016 -0.39187447313306
0.00649863022016359 0.00325505555269794 -0.518090826270169 0.0837576699539992
0.00335987684051997 -0.000587653879448992 -0.0805563495851476 0.414626434975149
-0.00228545388701025 0.00164681469970575 0.223632038263771 0.196040700696769
-0.00401429769863076 0.0030614040046916 0.190698823908923 -0.051484587492278
-0.00874669252570669 0.000723942386844851 0.0318615166728247 -0.157756573410574
-0.00226916738702374 0.0054485650047884 -0.0421083986844393 0.131049332238809
-0.00362395380164356 0.00386322691053432 -0.148534983233066 0.0364459644887844
-0.00595999612041456 -0.00187758337838484 -0.202912884487546 -0.13479649184079
-0.00259019589232444 -0.00888848462481098 0.0305294498593187 -0.326677884981894
0.000573443074369817 -0.000364771760192299 0.399237491838587 -0.145549681533678
-0.00126563808676084 0.00424654881774997 0.318624877154309 0.260440042822844
-0.00605188717073075 0.0153009362870392 -0.0248842740910018 0.285368984053816
-0.00737193597116785 0.00285187370432975 0.0208138508137387 0.0407158814711552
-0.00623557873587833 -0.000541630161171816 0.122629404551398 -0.247691921725881
0.0023590114610896 0.00464326168079893 -0.266473415638806 -0.39186163245595
0.00777344218274659 0.00445458059738628 -0.518130214217899 0.0823308044595337
0.00129958738869428 -0.0031459039165101 -0.0816194988409029 0.414857924926414
-0.00527935616823907 -0.00194320305571 0.223995536743985 0.196877169529494
-0.00552604453670278 0.000751885537996588 0.191428890476517 -0.0510800302712717
-0.00830215141356078 -0.000376726419379691 0.0322268608176583 -0.15731827333916
-0.000968377524295173 0.00527786536242637 -0.0431134106099412 0.12994012572187
-0.00415928720165911 0.00225066231742002 -0.147908589420683 0.0349207691683944
-0.00784804923130842 -0.00489594546784644 -0.200837141164315 -0.136419422056069
-0.00504767711237289 -0.0103907261863466 0.0330795659616474 -0.326047254225147
0.000347160962282203 0.000898046397269689 0.401985245860323 -0.140147584990232
-0.00199585416738133 0.0056923576483626 0.3181375168179 0.266444950398461
-0.00573950352205917 0.0152917239863793 -0.0257219925295766 0.288207684220039
-0.00667960009417882 0.00196872059217024 0.0211427508475262 0.0420507320085947
-0.00616030386091045 -0.000779952444733515 0.122371349635225 -0.245872154941103
0.00301831572887351 0.00560088939999116 -0.266060070210078 -0.387598400383237
0.00861498110440088 0.00521918795877324 -0.516140691327407 0.0881656783198715
-0.000175471125255199 -0.00317352060949495 -0.0785619118112766 0.417697577047467
-0.00778902198365337 -0.00530505521412554 0.225993286052176 0.196819551790357
-0.00641132600131671 -0.00115785253886518 0.191818281284336 -0.0518845167714436
-0.00705317145948952 -0.000927052892096745 0.0322498618951473 -0.157630212616792
0.000403552134484931 0.00571028714976801 -0.0431258653498607 0.128110430276033
-0.0040237151803217 0.00137162257125176 -0.147568564906632 0.0322430793297918
-0.00890855986281887 -0.00736068940869616 -0.198349711133012 -0.139422788871053
-0.00607685133892092 -0.0109709060112306 0.0377416468528473 -0.324048557177595
-0.000851873941748733 0.00165709215862537 0.405724973352259 -0.131801105822483
-0.00254692611258366 0.00556805741870403 0.316356957007502 0.273105255751278
-0.00641417115950667 0.0142665977694217 -0.028905058754009 0.289341766194154
-0.00621367829800839 0.000804057464485496 0.020782900019739 0.0418862521852469
-0.00630449528925249 -0.00145109574000601 0.120434269991526 -0.246309361162479
0.00240072803030006 0.00633039199660719 -0.268340710619417 -0.380921658239942
0.00814468589437305 0.006186567860547 -0.513374253485714 0.097612607313069
-0.0020614754029881 -0.0048534070926835 -0.0718894509454368 0.419187917157975
-0.00894269407256171 -0.00740591914244145 0.2289833472395 0.193198462550233
-0.00622356743700462 -0.00275123190557089 0.193303891737185 -0.0544357890134291
-0.00512575095207529 -0.00207506892786167 0.0322711284917815 -0.159143606642308
0.00254809322655774 0.00504727767889263 -0.0424324888633548 0.124931212706943
-0.00276754957994841 0.000197007367000416 -0.145261122847549 0.0282201649687982
-0.00842977400994063 -0.00870049628205495 -0.194823231840453 -0.143680539637138
-0.00647847963990154 -0.0112239994526382 0.0457442161038175 -0.323226035657752
-0.00253977618995173 0.00188310394562487 0.409210282139103 -0.120538959143418
-0.0043168685390287 0.00461387120785301 0.311771011957184 0.282991085772763
-0.00675338906028967 0.0127812242469583 -0.0323926436053018 0.290398389131606
-0.0058083117391766 -0.000271443641221582 0.0210479276159238 0.0415961096929727
-0.00666699077407756 -0.0029133737324326 0.118512189624913 -0.24575304582156
0.00126791087268473 0.0055261699267523 -0.273714752069666 -0.373166819967822
0.00643806529410503 0.00643484110009119 -0.508258057458109 0.109160362180279
-0.00293963106177918 -0.00469108467882716 -0.0635079049860587 0.420385152960978
-0.00894957676556358 -0.00886095213835536 0.232150103298276 0.188665232908581
-0.00510300830815965 -0.00384980923320647 0.19318160532786 -0.0575718232402636
-0.00266108981595247 -0.00257348765561573 0.0320027174857314 -0.160653710267691
0.00476612715770961 0.00442181937873631 -0.0415412294708532 0.123329563316762
-0.00117821564604006 -0.000467758896304602 -0.143191097886866 0.0247141016987396
-0.0073258244078999 -0.00834461530111733 -0.191480121952172 -0.148254161437699
-0.00633515568363529 -0.0104945783138357 0.0518157435745515 -0.321982808687046
-0.00389935694521745 0.00106472661306185 0.413498801586906 -0.108308365478667
-0.00612013292308385 0.00288456198107749 0.305734039683943 0.292792392825741
-0.00699336530327734 0.0106026005008826 -0.0357044371980369 0.291087782280356
-0.00582069338943869 -0.00135146578331486 0.0219252613229123 0.0417108697878914
-0.00691854993045772 -0.0041255514718117 0.114229359692199 -0.247034900194756
-0.00124262044537733 0.00435585845338431 -0.281825578262005 -0.363431923336873
0.00438795591383798 0.00602592255034627 -0.504066270703994 0.123245230951731
-0.00342276097857237 -0.00304679169807387 -0.0541772790406082 0.422036500899248
-0.00846905876731164 -0.00799331137255442 0.235813041429089 0.18255136424312
-0.00328298527083825 -0.00409927047080346 0.193249069970725 -0.0621889398964298
-0.000431661852226939 -0.00317147502696814 0.0324262594110161 -0.162542172695887
0.00678021552512014 0.00433155812704691 -0.0404435453641579 0.122105549876641
0.000665943572776094 -5.80758316760382E-05 -0.141838548822349 0.0211939842882862
-0.00547572048147616 -0.00656848033984645 -0.187863341628546 -0.153698065238946
-0.0060401827803788 -0.00919186501434021 0.0604808068084148 -0.321130598273516
-0.00545864364376384 -0.000143011224435089 0.417183668470147 -0.0986643240088013
-0.00747147963123412 -1.27967470015672E-06 0.301016106660056 0.300644916053696
-0.00793339708541705 0.00909076827844843 -0.0404945111039951 0.290924927834285
-0.00571759010543753 -0.00221896538725312 0.0220783444487843 0.0409863023796586
-0.00790549053279229 -0.00538034030580987 0.111019360130225 -0.248257667607895
-0.00323443247359097 0.00238525999482169 -0.287634170567061 -0.356944311255267
0.00142368610111992 0.00603731304077554 -0.499689464788765 0.134819638883385
-0.00316516976100203 -0.00155270685596167 -0.0454484839727223 0.422506714946999
-0.00605762001542794 -0.00643646763913916 0.239078322552693 0.177605213505242
-0.00129242481806415 -0.00404099410689551 0.193983389184734 -0.0663842927750816
0.00242852249764592 -0.00364798872815519 0.0329263648824957 -0.164238129671295
-0.00195845503462664 0.00516205710559768 -0.0389843746699336 0.131376986427928
-0.000366758301260537 0.00730755537907738 -0.14889786738235 0.0355726956189475
-0.000921460887318564 0.00459597251670331 -0.202738249155887 -0.138368490921974
0.000676502121962369 -0.00546047019102369 0.0316051160343622 -0.331387157189949
-0.00141765012390659 -0.00255010382006162 0.400962475362264 -0.144796236778013
-0.00355812032938156 -0.000514545043743957 0.315382702822757 0.262824686487117
-0.00569739336031218 0.0137081378031831 -0.0273914606827295 0.285935707762701
-0.00779818900459586 0.00290717242478186 0.0219876311448478 0.0390349709795813
-0.00647827707880152 -0.00214712566717595 0.118725066611198 -0.253954841844864
-7.23034727306516E-05 -0.000129966485562507 -0.276406791355831 -0.389798387818022
0.00472093512021711 0.00192202261041751 -0.519705017869234 0.0902147669106253
0.00459453708322359 0.00146171647766148 -0.0750051842583073 0.417352629431172
0.000479862275139209 0.00577160425517481 0.226879493277586 0.191518995369247
-0.00213646093704002 0.00444103323889384 0.190517103068668 -0.0558130570516473
-0.00831145516825981 0.000513900202566345 0.0310709147700717 -0.16006242035827
-0.00277238473525942 0.00479503053134873 -0.0402526817662765 0.131829644496167
-0.00272744891980738 0.00605696942911214 -0.149128739875954 0.0376923313575098
-0.00372750663474366 0.00160689342204892 -0.203300099939719 -0.134847285178105
-0.000939133702453674 -0.00745160456704212 0.0281392130194643 -0.330097828140129
-0.000298843298607613 -0.00164796141007291 0.400676444526388 -0.149706306361939
-0.00189110784554538 0.00195745503547649 0.319190690989635 0.25892607722016
-0.00519062203664909 0.0147729008199008 -0.0249508260611316 0.286032429152801
-0.00756833310901686 0.00358631497404595 0.0213821705707175 0.0396389643845758
-0.00609500238583512 -0.000882963741237567 0.122114584077627 -0.251656511872555
0.00161283363730769 0.00265919947506846 -0.27081933471029 -0.39191389004355
0.00672092949903133 0.00280913897726765 -0.520276530011128 0.0847470575636252
0.00294846337352837 -0.000566273853599002 -0.0786363760116166 0.417477217193414
-0.00227159336591976 0.00165898689262564 0.225439329442501 0.195205873109248
-0.00419116166917898 0.00330605002560535 0.190530352326058 -0.0534518153436429
-0.00936236877754421 0.00070959286189023 0.0309079219162973 -0.15866252358167
-0.00225049940098053 0.00516363685827684 -0.0408207333338248 0.131906860173987
-0.0033128764733076 0.00441666924475472 -0.14919686866536 0.0378070066217402
-0.00644582788886055 -0.00202931421124904 -0.203790659908461 -0.133879181396435
-0.00304370206961049 -0.00895295222100472 0.0280184654493473 -0.32886941773507
0.0010922993987219 -0.000280760363481724 0.400810319942842 -0.148913107480016
-0.00143610309656915 0.00431862463215614 0.321617955086064 0.259804903083034
-0.00557594631511331 0.0157699487567949 -0.0237654599356895 0.287168309051566
-0.00726943210549733 0.00289244850344055 0.0209419692474069 0.0405951026310034
-0.00569960178880271 -0.00041421462368569 0.122108178539757 -0.249898580186162
0.00229002255183932 0.00412360483553842 -0.268941154252395 -0.390509614808351
0.00802448164096636 0.00439617896694812 -0.520790908131135 0.0868549929125291
0.00152951519940734 -0.00315190967432807 -0.0799861821589317 0.418276164128313
-0.00527602061015977 -0.00210100389118441 0.226684141424999 0.196564933397348
-0.00584172095928413 0.0010701503240458 0.191486209119996 -0.0527113969937375
-0.00857186270704715 -1.99115069749733E-05 0.0303707287348219 -0.158559062615411
-0.000858691318778798 0.00538820170918893 -0.0417526667177969 0.130676811083748
-0.00404189644078564 0.00259787644611256 -0.148117032767841 0.0367149655206435
-0.00781817503944496 -0.00516093766703421 -0.203076533588941 -0.135092760048616
-0.00485373916022163 -0.0103394813821856 0.0316700377802387 -0.327814844432143
0.000334954671228712 0.00120319259533562 0.403659334834439 -0.142974266701193
-0.00158624479521711 0.00570895585556715 0.320968443204241 0.264738239741199
-0.00592579750296811 0.0155337796792344 -0.0236756739199432 0.289748814766557
-0.00696130209433268 0.0020212474758616 0.0210043237835929 0.0419109813424467
-0.00597104239365757 -0.000913874426934893 0.122262993733558 -0.247902713937304
0.00279664488774311 0.00589157304756349 -0.268204905772405 -0.387602480730072
0.00843501731071916 0.00555830014258839 -0.518464606093064 0.0910750827643782
-0.00024760980134849 -0.00413311097205683 -0.0762377243432444 0.419996462258837
-0.00780107324387462 -0.00508992288460127 0.228662672201399 0.196306963532373
-0.00611573877329218 -0.000951372499297909 0.19291141577449 -0.0538196269705088
-0.00769514570126369 -0.000728097541550505 0.0305024045929371 -0.159217115770443
0.000898839587743981 0.00547008437153386 -0.0415295936307653 0.129036998197833
-0.00386050362644897 0.00128917134603185 -0.147925738179821 0.0336093733664085
-0.00885935698641227 -0.00743445675085297 -0.200036499609538 -0.137732031958194
-0.00608597181728924 -0.0109802510165447 0.0361394736894258 -0.325964397568831
-0.0010750968578553 0.0015727035989174 0.407097860886262 -0.134820740410403
-0.00250905042236104 0.00572462922280835 0.31905778222419 0.272428450775216
-0.00592987729708845 0.0145303541583383 -0.0271086005361715 0.290735399181452
-0.00617283829545058 0.000657135487420183 0.020745493163543 0.0423041187811887
-0.00594535747535256 -0.00149903834608024 0.119881110272481 -0.247981195115849
0.00235453836832711 0.00635441810130506 -0.271018185168254 -0.380332704072307
0.00832204039352817 0.00577666346027805 -0.514070335306595 0.100848593142338
-0.00162703647282439 -0.00488484857152697 -0.0690526670719141 0.421465413041695
-0.00936314765043362 -0.00760172786812562 0.231321511468751 0.193496534869678
-0.0061281491974246 -0.003157316038454 0.193133574021732 -0.0559589162987
-0.00570295862441694 -0.00157031124989535 0.030478506038768 -0.160080499414701
0.00275357864054881 0.00519597000783396 -0.0414897331968577 0.126607563991402
-0.00275154089472533 0.000270363536517413 -0.145636059246157 0.0299721122210123
-0.00865365983833382 -0.00869462077878326 -0.196573316620098 -0.142549628158406
-0.00708866764295714 -0.0108739872390745 0.0433328856208162 -0.324770594365057
-0.00254268534359505 0.00191718781443117 0.410785940765071 -0.123491104939999
-0.0042929888767092 0.00482838356665872 0.314545019187366 0.282251381299592
-0.00663237664476823 0.0129152198048386 -0.0317189877131987 0.291642121287152
-0.00615291937786252 -0.000417609307302051 0.0207149649868446 0.0417959850617145
-0.00646343531522294 -0.00267548886402247 0.118147566678252 -0.247648272610942
0.0013221342004877 0.00549715561992071 -0.276647608059122 -0.372833376019302
0.00632444657008154 0.00638748497907023 -0.510851752819431 0.113539352028215
-0.00288900910823981 -0.004448894763892 -0.0603192397309019 0.42360349472933
-0.00924810627322687 -0.00878608890232768 0.234950755665562 0.188102376068611
-0.00521172858078363 -0.0039051352766058 0.193445138524957 -0.0599496229291007
-0.00317219103427911 -0.00200765078517989 0.0297658667799276 -0.161391616255581
0.00524715014458845 0.00410292943653836 -0.0402612470628974 0.125121354063348
-0.0012176043702959 -0.000272286691748977 -0.144033840142951 0.0262998068313843
-0.00769170617281238 -0.0086413292964593 -0.192080685206538 -0.14716376628004
-0.0066855778102633 -0.0103821670803908 0.0508419332120602 -0.323484626937182
-0.00426546415969458 0.00116496570325231 0.415101332558117 -0.111412423864324
-0.00598181510607499 0.00261044800878632 0.309441392654828 0.292131011476345
-0.00702982649361926 0.0112999358209946 -0.0359853023368713 0.292352512513056
-0.00561951798366134 -0.00122552373958997 0.0218927765166001 0.0414416308247378
-0.00701812129499036 -0.00392522593679045 0.113900933214039 -0.249036387867673
-0.00121186813846859 0.00382437692138222 -0.28388584661245 -0.363457465666343
0.0040670711322553 0.00635100310754265 -0.504492311595555 0.125569100890898
-0.00319374724918603 -0.00303970114923885 -0.0510205957619823 0.424299457194208
-0.00822104995286241 -0.00812768487571065 0.238544872605926 0.182135405548972
-0.0032556133129818 -0.00440510410306661 0.193275488745286 -0.0641406560830753
-0.000527811144374392 -0.00319528399542521 0.0301237060961531 -0.16331546588357
0.00664144633425794 0.00386604197372222 -0.0390490118733406 0.123757517315283
0.00107591255704663 0.000130192319263595 -0.143363376127587 0.0225318884354452
-0.00609218327329402 -0.00672929031205814 -0.189374289322764 -0.151897373822794
-0.00572762860353112 -0.00870226442573368 0.057153386262125 -0.323206045083282
-0.00626564617289994 0.000264519199219654 0.418000770516324 -0.101446865748575
-0.0077741340181592 4.02149026150923E-06 0.304064629257749 0.298913266740011
-0.00788817232579578 0.00887259100004082 -0.0390953760808889 0.292678853727561
-0.00581879007370078 -0.00240907969829362 0.021834653959155 0.0410298151018825
-0.007975014975432 -0.00529957718334056 0.110634306472365 -0.24965625111721
-0.00365018827826294 0.0020767818706495 -0.29057572246462 -0.356420997329949
0.00174688081728643 0.00556534441228192 -0.501231766279905 0.137773212185921
-0.00314707371227259 -0.00120886340680077 -0.0426197216843908 0.424858677930139
-0.00577432498462501 -0.00658278461031462 0.240834447199672 0.17667575544056
-0.00124061517711346 -0.0037258529900967 0.194352508570997 -0.0680320004100437
0.001364240479962 -0.0032628453394277 0.0315264033094487 -0.165229369000206
-0.00189019438719521 0.00473999987941782 -0.0372966180330455 0.132223701570447
-0.000254219615960816 0.00723467949831704 -0.150104059158756 0.0371897991607707
-0.000408111784967462 0.00495407220388301 -0.204632350999248 -0.136340330712598
0.000368670953936724 -0.00521608101039736 0.0300295223359154 -0.333572809884104
-0.0015953734575356 -0.0030545553931505 0.402295441712594 -0.148916222733363
-0.00343694657763695 -0.000306677306389711 0.317824906068411 0.262233982108923
-0.00538071550991272 0.0142066088522809 -0.0264223519054013 0.286906298907971
-0.00763596574735458 0.00224474603302243 0.0221468721733094 0.0389371408183449
-0.00649727559595895 -0.0019573275341913 0.118969350342049 -0.255567078962388
0.000198526686288687 -0.000172545964709949 -0.280890482144161 -0.389914852093964
0.00487223884072598 0.00165849104452509 -0.52031237497821 0.0945105727351637
0.00482907267078717 0.00130458901228746 -0.0720687447288728 0.419851943838815
0.000972086917872953 0.00527975539616924 0.22882082640482 0.19095414115453
-0.00198552624220867 0.00482419080906443 0.190489633607222 -0.0571921970712396
-0.00817071070514774 0.00104605794606029 0.0292849058415449 -0.160341449627526
-0.00202114118537722 0.00550219897075832 -0.0384892952554366 0.132521799360749
-0.00230645077608079 0.00567921497350561 -0.149257634251408 0.0392421283498197
-0.00333776069975751 0.00101213083749239 -0.205513611315232 -0.133359546999787
-0.000909963404126618 -0.00757936189683127 0.0262446667747105 -0.332286148959237
7.58195124184041E-05 -0.00148767388165357 0.40121435343152 -0.153058500216718
-0.00207247797665249 0.0023539329216356 0.322046841948607 0.258128655518836
-0.00484982150931786 0.0153699971736778 -0.0233058657488333 0.288372474622128
-0.00745695376272529 0.00299683282488541 0.0216118189169618 0.0399882672943112
-0.00631176917816635 -0.000625601954299526 0.121080754789884 -0.253167971824076
0.00178980981750011 0.0023814337921021 -0.274170121197345 -0.391418554398704
0.0069299600435172 0.00273898915139271 -0.521046904127454 0.0911835315245482
0.00348982261648883 -0.000933364138025487 -0.0761470483335871 0.419981902178155
-0.00231511742817709 0.00172094962198895 0.227936887323103 0.194770126391139
-0.00409262393834888 0.00355531734753392 0.190766816641377 -0.0555117394521297
-0.00889030407340377 0.00080444751367787 0.0284273586013186 -0.160086717878092
-0.00212207558915648 0.00500052861917538 -0.039863435228162 0.132741251634544
-0.00340512594434966 0.00438346737024828 -0.149992339117722 0.0394529166244181
-0.00634084002775526 -0.00189173459724991 -0.205285660821342 -0.132142177183051
-0.00353187428191458 -0.00924060281371274 0.0263702768437743 -0.33121405678243
0.000511148079029753 -0.000274551353748663 0.402358055135477 -0.15251126252683
-0.00162875001021653 0.00437532134181561 0.324253795073135 0.258482044452404
-0.00495714569772281 0.0155408332537786 -0.0225264248493141 0.289096769981095
-0.00667814820455803 0.00247461859605156 0.0214697813895968 0.040655356457055
-0.00573404496581042 -0.000599015997556884 0.122129752601906 -0.251291365356472
0.00225940215504894 0.00464947659126168 -0.271785016092699 -0.390901470786617
0.00850199497176919 0.0042440709284151 -0.520877943109654 0.0915567369524874
0.00215597967748477 -0.00268236578132839 -0.0763827878710745 0.420635329657347
-0.00557693445735914 -0.00195757432346172 0.228573318191676 0.196335289729529
-0.00531566693788717 0.00118730987705357 0.191289513184724 -0.0552478208906055
-0.00878020204162409 0.000452934676149753 0.028567294543633 -0.159638310807965
-0.000924231580777195 0.00522426854254729 -0.0395364490385842 0.131316802666986
-0.00420487667028575 0.0025033781181578 -0.148874573307147 0.0387426689933977
-0.00823579338556592 -0.00468702864567801 -0.203944255365998 -0.1334259112091
-0.0053947541790842 -0.0105370479277682 0.0295778769330508 -0.329581929177262
0.000213667930740399 0.000781106826649766 0.404356002536698 -0.146747995921955
-0.00163377254675756 0.00561252293743341 0.323843466350871 0.264348163397119
-0.00499444620920587 0.015470280576716 -0.0231233053599643 0.290863874689019
-0.00638526324198096 0.00164437344420965 0.0212114468778237 0.0422622394650916
-0.006143680809155 -0.000859673294470226 0.12200981574878 -0.250380369779279
0.00287404753734128 0.00585447628435538 -0.271346507982125 -0.387544186384609
0.00889287600436519 0.00470307681015318 -0.519238650855809 0.0954659986618597
-0.000177586684542347 -0.00399643191307848 -0.0738634161115845 0.422309950050945
-0.00785173793648747 -0.00478009223344179 0.230761894107427 0.194891880622371
-0.00595217476743393 -0.000542909152974478 0.1930319483564 -0.0557898018422974
-0.00818006593642959 -0.000133802322293722 0.0290024664024562 -0.159981410865179
0.000941363671992319 0.00514026338959026 -0.0399812382015248 0.129813904016816
-0.00402235404729995 0.00123650928064396 -0.14801353444409 0.0354395275002615
-0.00862939244321939 -0.00745546071583246 -0.20197116166268 -0.136630604542161
-0.00688816107914329 -0.0111911227452308 0.0346301899662463 -0.327679108297407
-0.00120968268634048 0.0019286200159644 0.408726262453715 -0.138083517209988
-0.00206338855848277 0.00580952678025043 0.320927163803137 0.271845513413298
-0.00574800052992892 0.0148179920489534 -0.0261887865048352 0.292801282023479
-0.00601933315542091 0.000980955676300612 0.0213434156819124 0.0417129930482791
-0.00636607314553178 -0.00187610225329883 0.119891790998309 -0.249594622881071
0.00202385109502092 0.00603141250330195 -0.275595845638771 -0.3809674943539
0.00777777846360995 0.00568795061571343 -0.516779447441404 0.104544100131241
-0.00204189447257306 -0.00427043889921229 -0.0665410203188856 0.424775145117348
-0.00927295992236039 -0.00775268590699371 0.234020725285081 0.192521356113849
-0.00617367148211267 -0.00259649681600008 0.19337263308312 -0.0585377997667828
-0.00594880990159275 -0.0016021047663013 0.0281488141262886 -0.161166923122113
0.00289739244671872 0.00448604909959997 -0.0400171599273322 0.12769088968318
-0.00251906704755499 0.000366304268668154 -0.145949074983883 0.0314980506655323
-0.00936160138119214 -0.00875793222541809 -0.198346359712147 -0.141164007241785
-0.0069413758767211 -0.0109923318842218 0.0417388417942615 -0.327096989721011
-0.00251653620638873 0.00185602547304087 0.412332658256419 -0.126553836632049
-0.00398043544183213 0.0048364554675237 0.316899600679952 0.281372335000341
-0.00639766040747995 0.013269379113126 -0.0299096619768205 0.293974444392818
-0.00567149719068357 -0.00054347266401279 0.0215803255121325 0.0418782858319037
-0.0071442389104845 -0.00252383483696965 0.117543336740645 -0.249448516897736
0.000904266414790408 0.00527191786289344 -0.280695995750836 -0.373077658475972
0.00623125437512025 0.00596568343555905 -0.511617808435853 0.117851244041014
-0.00316407024892138 -0.00385114039852974 -0.0581921835218893 0.426258677163512
-0.00932085052593288 -0.00871176829145141 0.237326825701041 0.187046802259579
-0.00519278936795783 -0.00368652961967865 0.193651966163273 -0.0618676754442753
-0.00257521441846859 -0.00220587839513532 0.0283230878683551 -0.162727737841624
0.00511220908581956 0.00466934111822965 -0.0385402483389501 0.12588440298665
-0.00134282254792484 -0.000269396469179665 -0.145227716865204 0.0274509108954969
-0.00743827448012024 -0.00799657214969407 -0.194330838900763 -0.146064777952124
-0.00710064695433013 -0.0103932911392508 0.0484742011088901 -0.325543564224245
-0.00427473325137674 0.00176534619351731 0.416334944170597 -0.115216938592333
-0.00620834643572854 0.0029930340490123 0.312124228671794 0.290271524570414
-0.00728608580140993 0.011259793886466 -0.0332513702231432 0.29425449562327
-0.00568284668234636 -0.00152880695984858 0.0220817825726843 0.0412959541198413
-0.0075955453666203 -0.00381397815331883 0.113134878719489 -0.250924693649927
-0.000841800798666047 0.00449389276880334 -0.287195654344243 -0.363201211748052
0.00455708109306019 0.00652346098857548 -0.506758669511858 0.130452256673667
-0.00303439948077416 -0.00264339893866335 -0.0475418978194193 0.426364385771977
-0.00858420153041546 -0.00827712118134552 0.241414786071949 0.180690785254624
-0.0032958772196077 -0.00392752964637162 0.19366251806526 -0.0665297995103828
-0.000876210643493434 -0.00292675420113169 0.0288150649954153 -0.164350371692382
0.00743958281521738 0.00370654519880554 -0.0376952237721746 0.124285764030652
0.000489060408400192 -4.78009030014143E-05 -0.144067341924514 0.0239765280936502
-0.00619496497709375 -0.00687979111928514 -0.191465695288547 -0.151658211825701
-0.00641723948628023 -0.00883916836024638 0.0561495431872198 -0.324687454845276
-0.00609300699960875 2.70796681275439E-05 0.419947781960159 -0.105410914858229
-0.00786651467745763 0.000168116018638368 0.306480492552992 0.298796977109521
-0.00739271664531137 0.00951186494106736 -0.0383016707734725 0.294466616591329
-0.00561581958900516 -0.00248156193387011 0.0225100840213968 0.0409841647480407
-0.00799966291045388 -0.00512169468280471 0.110102554059532 -0.251925573819627
-0.00335247278522754 0.00188633980518772 -0.293178446661614 -0.356827089938399
0.0019517559411533 0.00590479902303291 -0.504678559491281 0.142543991903839
-0.00311016338658701 -0.00147993822207414 -0.0398169840278769 0.427218959650545
-0.00589214562220684 -0.00607750307297202 0.243938341311867 0.175756324321347
-0.00139178638014863 -0.00378623746340836 0.19392031569802 -0.0699639555850978
0.001639161426773 -0.00352129243726051 0.0292751136051012 -0.166481918444396
-0.00187069753832526 0.00486068559446536 -0.0357794718288225 0.132886312537343
-0.00043062711853039 0.0076331063008956 -0.149724088803858 0.0386640055630551
-0.000283293757448489 0.00443762326398864 -0.2061531681695 -0.134853672560455
0.000489273900098961 -0.00544031437615827 0.0265536444702875 -0.335379180866256
-0.00182196882963878 -0.00261571006695756 0.403389824308611 -0.153349928703912
-0.00399331149547 -0.000608746094250138 0.321659003718302 0.260635011498892
-0.00524288357621634 0.0139838971999933 -0.0241400439445098 0.28863002324812
-0.00746274594469979 0.00272919498531922 0.0228172645605984 0.0386047070484764
-0.00679360033533262 -0.00204448330727956 0.117873669703106 -0.25771508016339
-0.000625336492405061 -0.000528557690898813 -0.283202522911754 -0.389757587751828
0.00524312533841108 0.00148901362488732 -0.523031215474973 0.0987301409655192
0.00455097811882263 0.00135698450838677 -0.0679492503786732 0.421936521783343
0.00102025556273284 0.00536782670216407 0.232319255729073 0.189479455248046
-0.00187633690179784 0.00478709588861119 0.190300740041514 -0.059716845978676
-0.00857514160799951 0.0013927094819247 0.0268392303431818 -0.161815627774437
-0.00251012881192216 0.00460676121106408 -0.0367572774859387 0.134226971020676
-0.00204443850605746 0.0060614203170956 -0.150178852516341 0.0407534189265257
-0.00363694925566244 0.00129178367122488 -0.207068339702159 -0.132201543125276
-0.00175836694128079 -0.00712834993769749 0.0237781225344851 -0.334027226562597
-0.000128159814073331 -0.00178169410128009 0.402141809399049 -0.157262638298835
-0.00219071676854885 0.00209013885132836 0.32389537662049 0.257014569716679
-0.00481312013520135 0.0151566921729198 -0.0214760700007599 0.290194143921343
-0.00738120226051628 0.00314703806616059 0.0220964255531201 0.0398026489368304
-0.00626462546541916 -0.000981297311731857 0.120242577462313 -0.255703687648201
0.00161218250574304 0.00280351682081669 -0.27764815978297 -0.391958249790634
0.00689354513769763 0.00257681571765571 -0.523372670890669 0.0951332869494676
0.00371490421439305 -0.000726326104886336 -0.0725503884496866 0.422166363695902
-0.00251995496160546 0.00216800540351494 0.23157233093775 0.193794279943333
-0.0041730996273184 0.0034648486468071 0.191039115365599 -0.0574476585952076
-0.00967382995966079 0.00150594451975728 0.0260774689979481 -0.160994970227955
-0.00194468760704142 0.00495657043968832 -0.0378366618203399 0.133549226224758
-0.00325957494198532 0.00447649712705815 -0.150488533571046 0.0411021833737833
-0.00594379421806282 -0.00175648716504147 -0.207251684279776 -0.130276490084194
-0.00336752053662501 -0.00912944937484476 0.0243364018619143 -0.332109058461116
0.000139472893682407 -7.00228586872223E-05 0.402692036655188 -0.156548086542048
-0.00134381014525149 0.00444075691542917 0.327156581722234 0.257196908653533
-0.00457330839911746 0.0160485064704466 -0.0207885938689124 0.291048995495178
-0.00718677154679687 0.0029456404181478 0.0218261228582587 0.0409897924729891
-0.0059626459161664 -0.000299923850678864 0.121050115117097 -0.254046599596031
0.00238754393258251 0.00460837577493738 -0.275828069263198 -0.391809169995514
0.00824726993694164 0.00362316164342689 -0.5232287691311 0.0951786480730921
0.00202980006272081 -0.00255419393254401 -0.0736434543458886 0.423078611475275
-0.00521368736283966 -0.00162116385450521 0.231871980580887 0.194483838088434
-0.00554692771900994 0.00155223714851695 0.191406218863006 -0.0574677997412753
-0.00900118606768676 0.000720039988574598 0.0261615278345225 -0.160879495685914
-0.000906928857979035 0.00494077206320522 -0.0380151238064813 0.132993586677164
-0.00411495870639306 0.00269496460747591 -0.149449244240778 0.0395670080199764
-0.0082602387438723 -0.00502786419868192 -0.206010967045673 -0.131766586506822
-0.00558559730765482 -0.0101941011198121 0.0268251792621596 -0.331275750955206
0.000277484273645857 0.00156329828027775 0.405049374760345 -0.151810858726017
-0.00138776651545846 0.00555140007916643 0.326075312203519 0.262852330603079
-0.00478489015961271 0.0154946779807972 -0.0215071606256659 0.292461211312621
-0.00625737895753701 0.00214334473907796 0.0214956149294574 0.0422043995929514
-0.00631926101761637 -0.00058374286904757 0.120858801110117 -0.252113252129763
0.00284003974650003 0.00558907093088237 -0.276185525740028 -0.387775125192143
0.0086490528153795 0.00476875789293804 -0.520944226443509 0.100037062722654
-0.000123547353826612 -0.00413092191570786 -0.0705694127804845 0.425014307782156
-0.00834048813863476 -0.00496880414412299 0.234120941001861 0.194613635601199
-0.00607777445183451 -0.000594693631828128 0.192550047092709 -0.0577961516540052
-0.00779900897971731 4.05483281398196E-05 0.0261324144688283 -0.161275676467454
0.000977123040452597 0.00488627797383599 -0.0389044039860728 0.130758494410981
-0.00360502866877048 0.00125215993996263 -0.148627895416461 0.0365583533629385
-0.00897887880345266 -0.00683117316088242 -0.203460507869957 -0.134922692527532
-0.0069906007419212 -0.0105448899447768 0.0316203371439544 -0.3300440637345
-0.000825478090746653 0.00178286684432855 0.408935359336643 -0.142248891345061
-0.00262754084050973 0.00575525500338343 0.32563549437388 0.269642250987071
-0.0053168025058654 0.0144952478695055 -0.0239977280638114 0.294206394746638
-0.00633466901873262 0.000967485709859544 0.0219833973741536 0.0419267017251183
-0.00598443690025108 -0.00178019391924073 0.118640038349365 -0.251945632184229
0.00247101216816223 0.00617779154870839 -0.278607596574105 -0.380624041773492
0.0082001921619674 0.00552673436284305 -0.517938568489496 0.10816189453307
-0.00205406836666513 -0.00476635985163334 -0.0627223278808318 0.427766801570994
-0.00929148649330526 -0.00739569651294516 0.236638774008947 0.191135040732472
-0.00613727247756885 -0.00241322194396264 0.192886099243634 -0.0611459236130823
-0.00593501028301476 -0.00127201803913094 0.025786651985008 -0.162413354005439
0.00308459587149166 0.00443708359584696 -0.0378149813424391 0.128352886808878
-0.00212963369146413 3.75675481926769E-05 -0.146918686150071 0.0332420930299693
-0.00893964779705415 -0.00836116685372907 -0.200206464116779 -0.13980718646686
-0.00770983222217361 -0.011032460199044 0.0387095794591989 -0.328521843393939
-0.0024219809390561 0.002121798945847 0.413079493034932 -0.131066718774028
-0.00425945136301087 0.0048393050632933 0.320997492131462 0.278838529901686
-0.005573697112021 0.013388394761514 -0.0280616242985782 0.295363813775944
-0.00588477123850735 -0.000446615476750572 0.0220561231320703 0.0422177934595596
-0.00652203029121548 -0.00230270446021436 0.116628755403488 -0.252123004814292
0.000842278716580558 0.00546800986276283 -0.283570472542349 -0.372254876183942
0.00655729257840809 0.00561281641002864 -0.513983833087508 0.121094011809608
-0.00274937194024104 -0.00407442169438593 -0.0546785056547612 0.428207578702242
-0.00930277662358353 -0.00811928465837659 0.239940886888315 0.186064127065408
-0.00509833768607261 -0.00353074241675501 0.19318672074082 -0.0646025234188263
-0.00312413041850767 -0.00145813477172207 0.0260668090320307 -0.164344557698292
0.00501488879774279 0.00389532965833576 -0.0370947445913322 0.126807840656266
-0.000857926529350358 -0.000221333979568566 -0.145666746476631 0.0291672262837989
-0.00799651136669171 -0.00855185787257928 -0.195991708999892 -0.144655354018252
-0.00769998308637519 -0.0101414708740457 0.0461759426054922 -0.327476666351037
-0.00417301399506542 0.00154059772040895 0.417298690375467 -0.11865827479964
-0.00598804862410419 0.00243964944466248 0.31537351008829 0.28883816344772
-0.00643505867685687 0.0116556647730858 -0.0316948282025109 0.295824205728837
-0.00583185484072756 -0.00129437614897376 0.0223301668509798 0.0413935309989157
-0.00717257448070528 -0.00384447717937713 0.112628759020771 -0.25262271520827
-0.00125528691345569 0.00426090101063364 -0.29110680210095 -0.36233938140619
0.00442362567806861 0.00609527636270525 -0.509063985003086 0.135047652785048
-0.00362398945389422 -0.00314753027716287 -0.0446168895146131 0.428817845537077
-0.00878454329023843 -0.00803271546312289 0.243433230021287 0.179961367310473
-0.00379392763394028 -0.00404777914722065 0.193537269637095 -0.0681673521910179
-0.000841251575319781 -0.00300104545572969 0.0266470780170123 -0.165580195968198
0.00733373966681759 0.003354065892833 -0.035777789018884 0.124869767786977
0.000975975063861782 0.000110909685959184 -0.144053982626917 0.025778591578728
-0.00570295338436046 -0.00664699241279303 -0.193343401777364 -0.14997281038648
-0.0068313469213933 -0.00877360516279099 0.0533222783622545 -0.327078257429469
-0.00615358860511065 0.000533266049165385 0.420941137834412 -0.110039721733316
-0.00798871474396195 0.000259406856324128 0.309596088258943 0.297473789663586
-0.00679736685718377 0.00980761348355991 -0.0364655185887928 0.296296248512917
-0.00615280001670687 -0.00208094726574722 0.0227430696767712 0.0408786372342853
-0.00789301011783323 -0.00494564010343795 0.109121221180987 -0.253720000848879
-0.00353911905897387 0.00196775396772104 -0.29797381023913 -0.3557232341908
0.00196455521617349 0.00581052024366904 -0.504476530697912 0.147241847288273
-0.00323401019872382 -0.00151298481034784 -0.0366187376062033 0.429723337860029
-0.00643114650944727 -0.00622434679942283 0.24654503838873 0.173677883463414
-0.00132418244033157 -0.00384167121288436 0.193545462961373 -0.0729824477298499
0.00165526651075454 -0.00356273436339958 0.0267159973316796 -0.16768380758449
-0.00159871321834997 0.00468949874457546 -0.0340370501260896 0.13430049075488
0.000188503778601797 0.00765506064813549 -0.149925263546205 0.041537945357229
-6.36370105688712E-05 0.0045356071899654 -0.208048612879744 -0.132854666667836
0.000503833492932766 -0.00509649493108936 0.0236417844457985 -0.33684783638735
-0.00206646285156892 -0.002342850503478 0.404163375041758 -0.157453896845578
-0.00399550077595318 -0.000250454842983827 0.324367010255322 0.259128872843335
-0.00463469772103069 0.0142511012068047 -0.0222578551843828 0.289641363387101
-0.0076103725084145 0.0031375748240173 0.0231481697032854 0.0384014067456535
-0.00653468114052365 -0.00158401408540765 0.116668466653574 -0.259376697107551
-0.000517284779636038 -0.000376154852815801 -0.287899646047653 -0.389107368770538
0.00500856196359875 0.00122990047357437 -0.524290664113333 0.104662488561215
0.00479400691503244 0.00125611775288373 -0.0653414583767855 0.424450804721152
0.00135038094900491 0.0057496830476709 0.235267919233537 0.187590891189691
-0.00169523739877526 0.00509361632164958 0.190356843496207 -0.0618800163509279
-0.00861172097399622 0.00155797875936158 0.0244227199804475 -0.162866699854239
-0.00198858231710274 0.00451440186898872 -0.0348973801007512 0.135141988779573
-0.00187574838321849 0.00557806185790639 -0.151059294084155 0.043104508943551
-0.00290673248211327 0.001513795403219 -0.208521991742831 -0.129808538704873
-0.00181588822857667 -0.00755571217092802 0.0211919547352732 -0.335587619236696
-0.000223945242299527 -0.00138065185178996 0.402197263737122 -0.161167457365461
-0.00188497026035818 0.00225612636415285 0.327441595577213 0.254446364657578
-0.00456382373698278 0.0155060615252188 -0.0191099225743606 0.290699705768256
-0.00733698242225168 0.00302482281620088 0.0230736663342072 0.0397623202305566
-0.00638725642463408 -0.00114759397379959 0.119194135582705 -0.257351601192949
0.00077709155909279 0.00208564666528744 -0.281925847906207 -0.39051539269587
0.00727484740641046 0.00270128483768144 -0.524288078345867 0.100467324789076
0.00331167093013081 -0.000884442197897026 -0.0688472368173562 0.424011090669774
-0.00233507825755534 0.00198111874442094 0.233376855784156 0.192049311634322
-0.00420875710184315 0.00373071832265034 0.190703343167365 -0.0605768611344698
-0.00956268866408302 0.0014978093891786 0.0238959314010677 -0.162484750254878
-0.00197895525927862 0.00516452457031737 -0.0355222995873503 0.134449960348192
-0.00324695789608398 0.00416690132368831 -0.150313239482232 0.0432328036741833
-0.00610857697276477 -0.00167470042202341 -0.208729867468001 -0.12911882329558
-0.00353284069119401 -0.00876076843278455 0.0206479946199195 -0.33394646854012
0.000514019932168131 -0.000275018335227778 0.402548844615119 -0.160545288596004
-0.00181419986909868 0.00433981549759927 0.330829307927533 0.255286519512582
-0.00445305189096344 0.0160293049004555 -0.0188655981492844 0.292400730828194
-0.00737026487959738 0.00290062972997756 0.0221937841016967 0.0406595737056283
-0.0055959824978373 -0.000234111275207748 0.119488288415432 -0.256317951149367
0.00231146985856068 0.00433704802495791 -0.28040224548558 -0.390147843915511
0.00871237169880227 0.00340260331564413 -0.525539445766462 0.100286229704613
0.00203175047362005 -0.0027260111960827 -0.069167824581803 0.425914297534652
-0.00520491183042683 -0.00170448577633691 0.234508874351053 0.192732292066973
-0.00554304957829154 0.00163077745310589 0.191817073831635 -0.0601165021265384
-0.00952052040111867 0.000762503464223158 0.0233742722372314 -0.161837520223265
-0.000876792437474788 0.00519626843595141 -0.036440812127267 0.133730410291391
-0.00404194493113893 0.00288128875264854 -0.149608557719335 0.0423756984632686
-0.00857956132165584 -0.00504884396250247 -0.207131477815292 -0.129578524780527
-0.0057589449863423 -0.010274664164617 0.0235170989771302 -0.332652095250893
0.000279320073852979 0.00152053473513748 0.404683006488348 -0.156178412747602
-0.00170813408358927 0.00571698329379246 0.329019987218312 0.259471161201903
-0.00474274584871268 0.0160292663018674 -0.0191734643533533 0.294420779026264
-0.00637111296553537 0.0025843860879415 0.0223264057946343 0.0417417439945434
-0.00600873641059719 -0.000914470469745481 0.119694544654115 -0.254965065201275
0.00240003394870933 0.00527726010537485 -0.280036921359123 -0.387087043851939
0.00906492580922085 0.00417611088540758 -0.522168490693842 0.105449354319734
-0.000140318120733916 -0.00422462658301031 -0.0664359097901851 0.428241972538871
-0.00801093979508219 -0.00499583929505657 0.236034385590323 0.192136918134536
-0.00613680067710324 -0.000671200329045636 0.192346720474257 -0.0607943933685968
-0.0082841009137338 -3.38040180802475E-05 0.0235109552761295 -0.162237522657443
0.00153807731945378 0.00487262176834502 -0.0366801016632416 0.131941886061422
-0.00356619175153311 0.00121099819955984 -0.148643385135943 0.0391771352649309
-0.009245237091878 -0.00711547999322631 -0.205046408500582 -0.133175021755066
-0.00708022113109373 -0.0107171126582976 0.0289058786879603 -0.332169393338001
-0.000905692980490848 0.00198605767986592 0.409560882486773 -0.146696423768601
-0.00264273829900969 0.00558387482443158 0.327108067398037 0.269231907545637
-0.00508485375512908 0.014909528564132 -0.0218085192492296 0.295341906824445
-0.00627021236166344 0.000740755007777384 0.0218288660638522 0.0423337427843891
-0.00608983547725494 -0.00141538352534246 0.118070807953809 -0.254410224399305
0.00229970688375177 0.00602530856448026 -0.28251305700346 -0.38030104094091
0.00841684676865435 0.00559033407954319 -0.519727854645722 0.11449046115943
-0.00192448624580982 -0.00440002781425933 -0.0590713956096515 0.429454802843168
-0.0095249310656235 -0.00717744599098885 0.239859193340921 0.188919805706633
-0.00622985761627924 -0.00190653649821625 0.193003227212543 -0.0630609397430781
-0.00604797117159917 -0.00126962045023296 0.0238485657762428 -0.163439575110617
0.00296657056889887 0.00415215253824364 -0.0362905109418852 0.129711804031146
-0.00265991384952115 0.000151165802615711 -0.146956861194648 0.0348777561359603
-0.00949330476440823 -0.00828579876912075 -0.201686462683531 -0.138137074174736
-0.00783355713386953 -0.0104988560175492 0.0363406917245994 -0.330428932542245
-0.00260220740454291 0.0019989811730394 0.412953488588024 -0.134829666199717
-0.00412225439653873 0.00505444915724967 0.32445488722088 0.278216962215511
-0.00560168834073261 0.0131978251051414 -0.0265268005874423 0.29659447910718
-0.00521299809851254 -0.000451594299163336 0.0225686182697086 0.0417602610173564
-0.00629876922440828 -0.00267706005975467 0.115072846717543 -0.254152247546099
0.000650919121440475 0.00545902875444458 -0.287118979942856 -0.371971722843137
0.00652684446211719 0.00528722550995199 -0.514505059357001 0.127623293223889
-0.00313290222088385 -0.0042208120902944 -0.0500453973246632 0.4309124915532
-0.0101456937344074 -0.0080996042900528 0.242664158744033 0.184137172232225
-0.00472598147970857 -0.00333138306299491 0.193560972519006 -0.0668286250372105
-0.00383432022453512 -0.00215522045482214 0.023907310674667 -0.164661253146089
0.00544771847763301 0.00355441505528174 -0.0351134754002494 0.128040265449651
-0.00107092049448841 -0.000517755692092798 -0.145524717977875 0.0308437850350274
-0.00821185825506546 -0.00865104174289196 -0.197569958399203 -0.142648115316127
-0.00751516539477244 -0.0101723244640203 0.0430116325919305 -0.329704443727674
-0.00456272942254743 0.0015936838519582 0.418859264697364 -0.123377654858902
-0.00580799024775464 0.00316917679800334 0.318053725385988 0.287087891131252
-0.00598165222036235 0.0119078599661951 -0.0291800685911823 0.297122095328648
-0.005726029354125 -0.0014113543040309 0.0230183402800721 0.0412778264822485
-0.00734693841852149 -0.00405281913105768 0.110968579697042 -0.254468851955041
-0.0016228781356814 0.00407872100890763 -0.294608589333673 -0.361618379750852
0.00458057902579311 0.00563414636838218 -0.508824266828353 0.140063260269881
-0.00357369028193214 -0.00265429269928434 -0.0398838664167936 0.431702399167659
-0.00853376382956528 -0.00738840096164889 0.246227531865457 0.177717119415508
-0.00346750873075626 -0.00375600438142344 0.193696535634329 -0.0710875280519967
-0.000890003753594332 -0.0029307149499445 0.0241198791430473 -0.166759442279384
0.007078398932589 0.00322922092268657 -0.0338771007236485 0.12624694378035
0.000911344520554169 -0.000663529786006866 -0.144556453910172 0.027778937871665
-0.00606695724088591 -0.00692371895911763 -0.194861872513816 -0.148062210001739
-0.00679134178773501 -0.00861220238357248 0.0510111879984395 -0.329525187127154
-0.00617862137740795 0.00038143105393707 0.421155174215742 -0.113244064183919
-0.00778390448758151 0.000310936492822059 0.31396583891068 0.295563523583163
-0.00709572414707206 0.0100358041066524 -0.0338148112171544 0.298459975204892
-0.00539286650670252 -0.00189899965882365 0.0229579267620077 0.0401909807700501
-0.00839976490935782 -0.00510476677506288 0.107992237445731 -0.255932011032034
-0.00359173005429358 0.00218613242363249 -0.301596134572123 -0.354308488291573
0.00175025141493382 0.00572540806322906 -0.504688073973298 0.153239696005968
-0.00306402042586882 -0.000876551292405571 -0.0313772490485294 0.43177029996371
-0.00661184311492347 -0.00624462282409042 0.248130202441007 0.173002526311887
-0.00163115764866921 -0.00312836836235128 0.194223492234625 -0.075480010920129
0.00159874218130847 -0.00327122122256081 0.0244525441771064 -0.168964515250955
-0.00151930875947381 0.00431986480137539 -0.0311484865756657 0.135053203206089
-0.000190688023890727 0.00727334242528741 -0.14969118181084 0.0431050863919418
-0.000672989405399459 0.00494771838423255 -0.210035898798012 -0.130680576633808
0.000155241566380254 -0.00520265678296155 0.0204608400581203 -0.338533588148434
-0.00246021591733159 -0.00277962608656285 0.402688671429656 -0.162211213276889
-0.00373334330552324 2.38258732602097E-05 0.326835064790536 0.255759328959619
-0.00406919861417211 0.0143038305258405 -0.0200457456487392 0.291344122404448
-0.00769319828463448 0.00319340947685126 0.023374476957918 0.0388777034458871
-0.00692300460499109 -0.00202921199038977 0.115590131419133 -0.262226575929645
-0.000614314206825905 -0.00042600975326863 -0.292022234275931 -0.387478505998827
0.00462643317938188 0.000843479207201425 -0.52482174373639 0.11196586756738
0.00547381792765754 0.00116737408335939 -0.0600466277513012 0.42643480093814
0.00136698546974654 0.0059787625841475 0.237767333598076 0.186219566031553
-0.00185651280169931 0.00512898384163077 0.189910831940715 -0.0651322685172729
-0.00895498484762916 0.00194725835962544 0.0210420549122499 -0.16386091931618
-0.00229396817243967 0.00469697591155504 -0.0328908223681538 0.136070246368862
-0.00151090671060924 0.00603241481203848 -0.150301061988797 0.0450741715232147
-0.00343069579451901 0.00166601143805876 -0.210451718163857 -0.127385624152978
-0.00189630701339449 -0.00684897472938337 0.018036610780923 -0.336574005093926
-0.000468613988284929 -0.000905122432256676 0.401670734322916 -0.166121190504451
-0.00212863741544933 0.00240397584965542 0.32937721134315 0.252026402151931
-0.00392256406409267 0.0155564561158331 -0.0170841001701677 0.292316492119531
-0.00748924822333697 0.00304344244334882 0.0230207293599964 0.0398587967936351
-0.00595244923206954 -0.000659120158499855 0.117042063158589 -0.260201747520345
0.00119677481935508 0.00196453933330726 -0.287083860944098 -0.389226329175483
0.00660210234097464 0.00251700833083986 -0.524953462835406 0.106228062226153
0.00299828573274842 -0.000778403239565525 -0.0639991060990053 0.427459041910638
-0.00183843333027696 0.00218620605999756 0.236856770496711 0.190095247670701
-0.00344493571112268 0.00416628869911932 0.189844766139078 -0.0622788950699994
-0.00932976380570329 0.0019861283872454 0.0208823092387269 -0.163374021056314
-0.00161677042336737 0.00508360174348968 -0.0331801470556188 0.135969173007166
-0.0030843741847375 0.00421730353882125 -0.150269968314247 0.0456545899219949
-0.00652883394363476 -0.00183999325250763 -0.210088552625768 -0.126499426478615
-0.00373263499728888 -0.00848531420945932 0.0178813294868106 -0.335329752215502
0.000496368187952704 -4.73316238875079E-05 0.402675944715243 -0.165384475181426
-0.00138056756508994 0.00459212467672159 0.333579462246857 0.252661694645579
-0.00382750230769816 0.0158387270625472 -0.0161041902511808 0.293436085600222
-0.00678743892402939 0.00260085870858253 0.0228925055234999 0.0406728011911963
-0.00571582617383439 -0.000139971504606899 0.117799663337991 -0.258185710811512
0.00193978454086518 0.00441548981185214 -0.284561272850904 -0.387874057723399
0.00860368388443212 0.00330766432157426 -0.525061642409724 0.106145332081162
0.00192098869340702 -0.00248636132831745 -0.0648188795821758 0.427443392069703
-0.00543793881129665 -0.00113993548623588 0.237081338092497 0.190783182508649
-0.00550741484241556 0.00196133260679507 0.19099904855549 -0.0627844778680487
-0.00965466266790456 0.00128097142111994 0.0207061669543081 -0.163016868620724
-0.000224859595636596 0.0049933435113099 -0.0338816027284388 0.134177479700559
-0.00410800704815956 0.00263455298427334 -0.149827759817744 0.0443096499853518
-0.00850968240278936 -0.00481063256714535 -0.20941420993574 -0.12791794074266
-0.0060583132829206 -0.00957385687295019 0.0205776648298179 -0.334839534166016
0.000163244381244419 0.00160450326200644 0.40618696093919 -0.159752247760313
-0.00167446565400681 0.00595615392661472 0.333045593676632 0.25770181466862
-0.00491069044692497 0.0159883646698266 -0.0167298929890455 0.295079305748325
-0.00674851695073555 0.00158803899292085 0.0230153106646951 0.0418493139193105
-0.00619205905261653 -0.000969794190269063 0.118556612223109 -0.256623520273342
0.00264026590444909 0.00546767433629645 -0.283365453174509 -0.385053829757323
0.00876597626778976 0.00425422793352557 -0.524356979490488 0.111079167143042
-2.6073289451185E-05 -0.00346883471471384 -0.0624733697752911 0.429462225776331
-0.00825298787414751 -0.00479418362087951 0.23923088564242 0.190655045498435
-0.00664822550329426 0.000131486024913608 0.192124713893077 -0.0631333091714359
-0.00842438843945231 0.000472381752089481 0.0209205887228127 -0.163210926178371
0.00123985651012913 0.00479447684805797 -0.03412589925768 0.132870655561933
-0.00341924226953554 0.00107112714252797 -0.148070057479982 0.0409748509600664
-0.00941625152761635 -0.00755291027240434 -0.206736021510101 -0.130765228097465
-0.00691977067691681 -0.0106273625456792 0.0260728911540915 -0.333275521824133
-0.000743165644950301 0.00233076826298576 0.409547798590239 -0.151473347538137
-0.00265385866945902 0.00597826568986186 0.330381016202722 0.265747116977713
-0.00445242017554691 0.0151541534265339 -0.0193182758959859 0.29713317939514
-0.00627637547322185 0.000879329503514108 0.0221084896050095 0.0415301273062421
-0.00643842533552782 -0.00131338249820502 0.115782349213819 -0.256067266940453
0.00211165391607649 0.00570556430651599 -0.285916206255318 -0.37847217627081
0.00859059423789067 0.00519369921920081 -0.520819419352631 0.120485781938518
-0.00190169249523266 -0.0042982384874489 -0.0551997257125017 0.432033543192139
-0.0099016250185548 -0.00690084767076039 0.242310663841095 0.18766984497015
-0.00624800344350226 -0.00199035853878949 0.192455084359301 -0.065859387323931
-0.00643591289561714 -0.000776596210650312 0.0204992770591713 -0.164371163504191
0.00306030842768891 0.00417443596526414 -0.0333271641571781 0.130418360552357
-0.00240070728440505 -4.89570789023793E-05 -0.147041315536146 0.0375049961035495
-0.00998971448710375 -0.00832862408432791 -0.203633477257493 -0.135346025177851
-0.00860243711652324 -0.0105236765545612 0.0320458450974071 -0.331669908563903
-0.00256373173249387 0.00227184887023565 0.413832743567674 -0.14029417156483
-0.00419103560952002 0.00536111145214289 0.32642966913255 0.274775559709074
-0.00503646521264149 0.0133144287207144 -0.0235903293840975 0.297625135315665
-0.00574098091786643 2.07322218632262E-05 0.0227674108996804 0.0413761078510426
-0.00681501593317061 -0.00265757660834256 0.112788891965457 -0.255847036113383
0.000556686360229668 0.00507221583690152 -0.291675266326291 -0.369430910327402
0.00683308632445932 0.00554289781568129 -0.513582844948551 0.133214694927848
-0.00292880695566618 -0.0037911877741692 -0.045404158304334 0.43233259320483
-0.00976374196181958 -0.00808304634476859 0.245107721396956 0.181747145842484
-0.00520194433270569 -0.00305736752292605 0.193331745698588 -0.0689299119294965
-0.00407690833299874 -0.00186682137506636 0.0206467340100322 -0.165953639035426
0.00533111197585305 0.00344711889576553 -0.0329139332815829 0.128887590203386
-0.00100438790236282 -0.000770868688796276 -0.145770644551365 0.0335004757383888
-0.00845017755365805 -0.00821587870997064 -0.199797013386306 -0.140625578851454
-0.00826393896471388 -0.00965030687830437 0.0402044689881092 -0.330892917041606
-0.004462304404336 0.00184661846442393 0.419031316341398 -0.129075600835862
-0.00619115977651368 0.00348370705299998 0.322511033112742 0.285440038801934
-0.00582048603087004 0.0124082243651103 -0.0275891184360281 0.299142341637501
-0.00538343471429364 -0.00148593926539993 0.0237679580590086 0.0409852767949911
-0.00726480299309909 -0.00397508573102996 0.109636608076092 -0.257206159550836
-0.00139473547673365 0.00363201974438315 -0.298788023101786 -0.360970031158704
0.00450753546812631 0.00602536697100555 -0.510185035336152 0.146676786138581
-0.00365901056982856 -0.00266830753340733 -0.0358128568725271 0.433598066227357
-0.00878907590557062 -0.00742679688378113 0.248820538412178 0.17561512535971
-0.00378053124604406 -0.00375070404545614 0.192593277715154 -0.0738599185532057
-0.00143118966639994 -0.0027552544442185 0.0211954827659254 -0.16751156777163
0.00718231800898059 0.00272330639337706 -0.0319242640155768 0.127346801325454
0.000825662222148668 -0.000567364298848491 -0.144925778115584 0.0296724128491877
-0.00587124826772292 -0.00679984182885428 -0.197080599457751 -0.145510557866223
-0.00725317914853102 -0.00848938665268363 0.0474138025816102 -0.330524046102756
-0.00633438651135985 0.000791414009545599 0.422424105414337 -0.118265850393875
-0.00806088361435004 0.000585067921333173 0.31699231429744 0.293703271563077
-0.00617798087371451 0.0104280744374164 -0.0318249499690708 0.298950271792368
-0.00584403643857735 -0.00202105860663552 0.0241586419480784 0.0404487875093065
-0.00814891044543364 -0.00508578719738021 0.106286317310143 -0.258539172548991
-0.00358325205969468 0.00191418779197614 -0.30620512720687 -0.352382312006647
0.00149858212811834 0.00509947573644443 -0.504413424743157 0.158762567568748
-0.00323412839706741 -0.000809083239369218 -0.0279101182760226 0.433826938473354
-0.00675385602768861 -0.00633434620455462 0.251191535824593 0.170178513915608
-0.00159943565286332 -0.00316191198338389 0.193356993517691 -0.0779336191261274
0.00107342362189482 -0.00329071159944839 0.0213869814214533 -0.169909312251896
-0.00182017652398434 0.00419662677257921 -0.0284289163641355 0.135361614257761
0.000384523174922575 0.00718126494660289 -0.149342911702528 0.0457856820821348
-0.000323375945846924 0.00510019788058168 -0.211574525028662 -0.128103176810357
0.000146606555266467 -0.00491334085250163 0.0171355444013905 -0.339434839917074
-0.00200411501927281 -0.0028546678192942 0.402212908251458 -0.166573273395639
-0.00411603435680513 -0.000105625739295518 0.328444308893522 0.252890880878118
-0.00402981758034088 0.0147737899553469 -0.0175151326875579 0.293004064697568
-0.00737676744014173 0.00284119066073151 0.0241512042472455 0.0381286794605935
-0.00682690098008348 -0.00186598206770883 0.112593085241048 -0.263533270905394
-0.000556975301329946 -0.000383103817683418 -0.295898472422849 -0.384720042087434
0.0047106650444095 0.00104524224946107 -0.524251635821309 0.117501881048312
0.00516448004227968 0.00105971097361525 -0.0554327350042508 0.427232000869076
0.00158649367656622 0.00574186656762033 0.240793965420127 0.18355555359038
-0.00139565898540675 0.00546127776921684 0.188811533611631 -0.0676112705963054
-0.00924850413083963 0.00196814485984837 0.0184759874975774 -0.164119098850016
-0.00218352033769812 0.0046286884495385 -0.0298743302008015 0.136531521517809
-0.00162361454159677 0.00583396326637172 -0.150062481339505 0.0476270056631875
-0.0032317452785307 0.00160184726353088 -0.210960777188952 -0.125099308700704
-0.00204550964632983 -0.00688506308952776 0.0142481084121978 -0.33752901065666
-0.000205857000018198 -0.00149385197970975 0.400867477701035 -0.170957018086013
-0.00200535747190085 0.00282236814166958 0.333512595486942 0.249002880213278
-0.00318752935207047 0.0152006644722322 -0.0146741353007929 0.29356356220456
-0.00715709947314371 0.00331433891622078 0.0233188343107641 0.0392873439490922
-0.00603566149915651 -0.000773752284437363 0.114978772049988 -0.261120218459299
0.000756816948624485 0.00204278252104753 -0.290490996265927 -0.387202565319212
0.00654859826853002 0.001925130340821 -0.526776119610611 0.111244899113273
0.00331479763980378 -0.000876508605182375 -0.0588670927066756 0.42805212951245
-0.00193914777040537 0.00207368056242376 0.239159728363106 0.187533764932907
-0.00354840967710382 0.00408886651468682 0.189719467883324 -0.0655620778289977
-0.0100157144547173 0.00202521172764874 0.0178058351494247 -0.164113661441069
-0.00139271478087288 0.00455171636500325 -0.0307898783062801 0.136545680375643
-0.00274021013131912 0.0040601640077388 -0.149883205413031 0.0476465460538875
-0.00607940943703892 -0.00152981797868063 -0.212166422213538 -0.123386621290195
-0.00406445533425598 -0.00857465341879522 0.0134707259029729 -0.336191810476271
0.000139889499635294 0.000266006325833109 0.40108389602339 -0.170775377479226
-0.00157924390284457 0.00433051786402805 0.336465475471009 0.250122003008266
-0.00345010180829128 0.0163866666578346 -0.0135714477009717 0.294131947343343
-0.0066966899026477 0.0029087938620546 0.0234745785897459 0.0403522093091695
-0.0060089007181576 -0.000379945799385045 0.115742166438138 -0.260200152795411
0.0020460873038566 0.00440571006116366 -0.289157243170359 -0.386989303491656
0.00866062334924255 0.00297652054343201 -0.525357542290249 0.111958787356387
0.00165311057359919 -0.00259498652629074 -0.0604266372125036 0.430072722529701
-0.00601114481019714 -0.00144161013366156 0.239416164843815 0.188328232665771
-0.00516406807905066 0.00244149191317948 0.189943961431993 -0.0654809182585845
-0.00978013145994671 0.00180892876766288 0.0173929716623031 -0.163401957532754
-0.000165884171873517 0.00459799195157845 -0.0310459147038748 0.135369053831416
-0.00405854900637275 0.00257912809005076 -0.149218393709656 0.0467237954608667
-0.00888120938985649 -0.00472673776765121 -0.210130739915142 -0.125073635704231
-0.00602498074877203 -0.00949665288488521 0.0161398541955935 -0.335328925154078
-0.000146446479841163 0.00147838378717675 0.404297781480395 -0.16572490101915
-0.00148941934001916 0.00588316885650919 0.335741089717963 0.254344168038323
-0.00422940171049772 0.0160876846852403 -0.0149015402179672 0.295947016847756
-0.00613825338735265 0.00202665679171302 0.0230616849727966 0.0412113949261332
-0.0061373086949379 -0.00104610977254991 0.116557857972346 -0.258331378393717
0.00249325400807522 0.00532533016077092 -0.287468236144678 -0.382410106620853
0.0091086333599998 0.00390791897115846 -0.523380583065018 0.117151927428825
0.000130294381278779 -0.0033012537239386 -0.0569105507363206 0.431268984047942
-0.0083336548909942 -0.00476074196202933 0.241848810198529 0.188451628428152
-0.00641963089956493 -0.000141206415473446 0.191259644378035 -0.0662908081102875
-0.00886542568502492 0.000578441304297656 0.0176252097379346 -0.163803798515703
0.00136192418828624 0.00407726303747351 -0.0315336880280838 0.133906045823777
-0.00336525586128353 0.0012239690081147 -0.148488517524043 0.0434510644399877
-0.00949728634578868 -0.00692566815384061 -0.208227644526119 -0.12861079785941
-0.00743964277728413 -0.00999281184755917 0.0224140067343285 -0.334375333727699
-0.00093297851795382 0.00218461378767694 0.408800435976624 -0.156718372671062
-0.00243572009055753 0.00585084884116522 0.334479038174076 0.262516841311085
-0.0043490350268791 0.0155289947930892 -0.0166714406321492 0.297293029995926
-0.00601688078647566 0.000649439013348495 0.022877719338351 0.0420604032546414
-0.0065330763887221 -0.00157670176946822 0.114185846607366 -0.258338791315008
0.00234803241193256 0.0055868483871924 -0.291073331069067 -0.376539015521775
0.0085741139556342 0.00466634876566771 -0.519666804944556 0.125753033033669
-0.00166196396929926 -0.00411843804916748 -0.0498339694781782 0.433550802339585
-0.00961310052636561 -0.00677593525143586 0.244567738247503 0.185039317014166
-0.00625977721735496 -0.0017548274980357 0.192232734788121 -0.0683014887371633
-0.00672186608740588 -0.000733651356046709 0.0176425422659352 -0.165201801008542
0.00342720504837413 0.00347282539749086 -0.0313569361989376 0.131155570120269
-0.00239771252163301 0.000152857448259546 -0.146949312705135 0.0391335661821846
-0.00948955668561833 -0.00848852308733812 -0.205367443014093 -0.133119457569643
-0.0082419129959483 -0.00966471516573668 0.0296842898916782 -0.333136113341492
-0.002558781635446 0.00249085465228375 0.413150461765883 -0.145200602347527
-0.00397230935406861 0.00527328818836579 0.330591028515799 0.273334995367429
-0.00503590150428838 0.0141611621459609 -0.0207954691025285 0.298997219682731
-0.00563886543627647 -6.94989426265516E-05 0.0235953103808081 0.0411299077684147
-0.00654766842958347 -0.00241162244589426 0.111204408804325 -0.258021198466749
0.00068817369154092 0.00558243775467699 -0.297241243571927 -0.36806430466623
0.00674482534827999 0.00538683941548898 -0.514711333046816 0.140248140640408
-0.00306379891054719 -0.0034514047167638 -0.0404717922780731 0.433978216961584
-0.0103832785053532 -0.00797056735732644 0.248432221930235 0.17951346335506
-0.00535041964078177 -0.00279767886135681 0.192119744645448 -0.0728932659561273
-0.00372409174815443 -0.00205253848604308 0.0174580482151917 -0.166427217911008
0.00533836657744011 0.00279072140162484 -0.0304980132321923 0.129906517356089
-0.000903283288893244 -0.000903118875312044 -0.145839292656648 0.0350100903690974
-0.00845379869333084 -0.00841214875817681 -0.201451912014505 -0.137713270749343
-0.00804555817338502 -0.00931307263545019 0.0368929387721422 -0.33235586302862
-0.00428557972733351 0.00229710707187311 0.417665359767454 -0.134265001360263
-0.00596775654015876 0.00362547689151487 0.325179511066913 0.281780897126466
-0.00537817034084777 0.0123729247050951 -0.0243588350510294 0.300244579714786
-0.00549672760403246 -0.00142559637568144 0.0238975476745419 0.0407720041588404
-0.00740913612599221 -0.0036150785594643 0.107309735271438 -0.259105339806916
-0.00161126812904264 0.0037656027754512 -0.303031816224794 -0.356831498409297
0.00428346137681879 0.00577813397407497 -0.508274198455381 0.152780891601238
-0.00389061736389291 -0.00235227389355369 -0.0305174178088088 0.434804485357879
-0.00905487554316124 -0.00710631564634458 0.251407695981878 0.172835600225269
-0.00354366183974962 -0.00354351078640128 0.191907490411148 -0.0764569269715594
-0.00137775775232794 -0.00229687535313305 0.0180849979831665 -0.168564878006598
0.00715798877040708 0.0022905142440688 -0.029085448550936 0.127840016706853
0.00129897054630409 -0.000516205849015341 -0.144479514331697 0.031780914561071
-0.00686508930389807 -0.00635841259004494 -0.198768165649971 -0.143537469222766
-0.00721531663698796 -0.00816553122323904 0.0435474382626397 -0.331241329450672
-0.00635660695624752 0.000931128973903143 0.422367228732154 -0.124395472627921
-0.00770285166420751 0.000442629943302418 0.319440625745897 0.289925041176944
-0.00572003771147049 0.0107543160960087 -0.0294666769482228 0.30009904381978
-0.00560814750687304 -0.00192988666762796 0.0243445782931515 0.0403556908651724
-0.00840032798467394 -0.00502658886507699 0.104632242859291 -0.260504336987579
-0.00411242825738079 0.00210970523300489 -0.309993964536978 -0.351738752384661
0.00205203676295103 0.00538226887635989 -0.504156663541346 0.164462714670649
-0.00286261349474503 -0.000940173666212874 -0.0226130435002091 0.435337195117467
-0.00686096223343361 -0.00615856229545481 0.253355645795154 0.167651526257572
-0.00185557440500036 -0.00357893172316761 0.191896273265919 -0.0813526372487775
0.00121130894218775 -0.0027648037865439 0.0184152638793115 -0.170660841156355
-0.00165596003600342 0.00349518620284007 -0.0258553464091318 0.136583763610537
0.000512894825827345 0.00693831971730507 -0.149130023517364 0.0480755128030987
-0.000177407697136065 0.00524125282313969 -0.212561245607973 -0.125304850663596
0.000182846493296726 -0.00515697582808397 0.0136140776521905 -0.339630128063586
-0.00279484917552258 -0.00242570564213523 0.401445060852378 -0.172333725038012
-0.0038001870176511 -5.82697058285411E-05 0.331192736707861 0.250208637555072
-0.00344470499791915 0.0141932073552478 -0.0138981005633926 0.293213447609796
-0.00716334178820433 0.00341408044383305 0.0248570088464586 0.0383701402576455
-0.00625414942286323 -0.00221110250929515 0.111038961472338 -0.265619206186668
-0.00120059800745898 -0.000527844743285297 -0.300843901171336 -0.382463384912162
0.0046165728683861 0.00051896777166803 -0.523067163643666 0.123622058527931
0.00550113498067658 0.00116171552337148 -0.0500127773279187 0.429380360397196
0.00187112075680333 0.00536310502083468 0.242817863801033 0.180825411929358
-0.00135422365648358 0.00591780551320737 0.188206426314481 -0.0703421749027459
-0.00800517756955305 0.00311345939673932 0.0146440737086617 -0.164568130001083
-0.00206404518990094 0.00435580775714821 -0.0271385629272428 0.13688089684062
-0.00168025898634739 0.00571571507471226 -0.14928741435812 0.0500496687178354
-0.00325408847402944 0.00137419936059412 -0.213132566506182 -0.122545345695103
-0.00157483360610329 -0.0070399524854729 0.010139694595606 -0.338935340953075
-0.000573000224380297 -0.00110683696103525 0.3995797252573 -0.176153700771581
-0.00237162240008226 0.00286829483376101 0.335842363894931 0.245374618262486
-0.00327803859910149 0.0153583537701241 -0.0111070609957481 0.294078862519306
-0.00704146566344735 0.0033781649018058 0.023797751510462 0.0395200455132141
-0.00630279021622226 -0.000929352946924909 0.113205762028726 -0.26346109520044
0.000742250312239761 0.00205869331125757 -0.294208292662899 -0.384816751127642
0.00728988692903163 0.00144382557618569 -0.524536419196842 0.118361548586114
0.00379664480030124 -0.000907014227901955 -0.0544963526699532 0.429226970478415
-0.0021634705546359 0.00242302687759236 0.24130825124633 0.184672046834177
-0.0034587606534848 0.00428825353285637 0.188655130534648 -0.0684369946694363
-0.0101144348519961 0.00287967044831844 0.0144565720634719 -0.164382184979845
-0.00176104616668115 0.00452648201582247 -0.0276578254380541 0.136633053208482
-0.00316978554433088 0.00399647002389892 -0.148876645284929 0.0502876815710361
-0.00635346695705149 -0.00144373985805091 -0.212876899238707 -0.120396166121319
-0.00433889795980158 -0.0085028738193541 0.0100549909199795 -0.336311160521662
0.000240468045620724 0.000369959821163822 0.400060795427516 -0.17589208909317
-0.00135701571432924 0.00444486360188974 0.339273251798931 0.246992233811443
-0.003101347106154 0.0159679781360386 -0.01127888064668 0.294941565367884
-0.00642151193071296 0.00320068754813065 0.0240200353589069 0.0401182057276755
-0.0061416585497804 -0.000539097304817767 0.113809113422011 -0.262326494728158
0.00230193404851972 0.00421264573693189 -0.292587751731451 -0.383942986015432
0.00868016689582278 0.00315066822580993 -0.525297047282756 0.117918394718864
0.00183567336010585 -0.00255957574028375 -0.0547839809779124 0.430841268546558
-0.00559696105158426 -0.00137443329506685 0.242662392140661 0.185679837731996
-0.00468199394657391 0.00228054297558042 0.188605933967717 -0.0678942052615481
-0.00985331925316933 0.00176738859273351 0.0143153449345887 -0.164096096049837
-0.000203607598513093 0.00436930834959192 -0.0286824511708581 0.13607901828699
-0.00388451899339308 0.00237385845996341 -0.148776300182645 0.0482568856081266
-0.00887287268949622 -0.00434724557465879 -0.211606362247745 -0.121969516688067
-0.00601058623607992 -0.00955977044249784 0.0124836422732033 -0.3361562779036
3.8996689589124E-05 0.00169623380434086 0.403988519679698 -0.170967547296406
-0.00162066456112723 0.00590530109936356 0.337929708588759 0.250525114874656
-0.00308184782846399 0.0161047400679407 -0.0113353957423259 0.296910774408422
-0.00641952420141773 0.00226697678942235 0.0235742798478246 0.0410883528113221
-0.00568760216116593 -0.000866824861699938 0.114295049468041 -0.260311499935746
0.00250135358386087 0.00540535119637362 -0.292335644283782 -0.380361363606677
0.00885196825029351 0.0036413717579864 -0.522203999969672 0.123196607850707
-0.000247142221923151 -0.0036774829220697 -0.0515443355574034 0.432980453931743
-0.0087079735095974 -0.00442798376438788 0.244530830122513 0.184905683171652
-0.00644538015668215 0.000284659830603116 0.190028660113842 -0.0686806405294389
-0.00862886742005637 0.00107365884740406 0.0144298972295691 -0.164857038052411
0.00139830463470329 0.00419002833203166 -0.0285631358272684 0.134302324328549
-0.00377245355012099 0.000934152740188905 -0.14790439944853 0.0457545845529716
-0.010191422613527 -0.00695873142508101 -0.209446337042448 -0.125417773459638
-0.00775201313844873 -0.0100703702129932 0.0184109342750405 -0.335007660277426
-0.000803664770108607 0.00253884990222049 0.407787716354958 -0.162165204729646
-0.00240433373932069 0.00577906559948376 0.336923098988034 0.260256206922635
-0.0037982543180153 0.0152010573384724 -0.0135989480147448 0.298428660745506
-0.00605712717614393 0.00116023530547708 0.0239988147023374 0.0413410394606569
-0.00602094434969271 -0.00122075390117475 0.111695978775298 -0.259937696797168
0.00214881855826432 0.00573473960455041 -0.294847949299735 -0.374238353178029
0.00846057288440483 0.00444402100911316 -0.519373875727774 0.133650181051199
-0.0018905092858255 -0.00406560951104044 -0.0440470807272762 0.433788309642003
-0.0100721632220148 -0.00689844536976599 0.247654160526013 0.181442590648505
-0.00621191341578424 -0.00167650816180145 0.190757232333302 -0.0716857386490891
-0.00685500028565974 -0.000566175972551599 0.0142349798795241 -0.165241278407341
0.00324431607100137 0.00337107862439972 -0.0286426100867736 0.13159855737238
-0.00242393188157379 -0.000127229930639408 -0.14620443860639 0.0422497156909137
-0.00998918826069991 -0.00842804585512914 -0.206706489606873 -0.130380129491767
-0.00832149635775828 -0.0101471399893674 0.0253810387994072 -0.333581519058229
-0.00234227566471502 0.00245596973832746 0.411629029951025 -0.150001747305307
-0.00435063602947415 0.0055045648797901 0.333319442798391 0.269207750835039
-0.00430706151422589 0.0139050582128433 -0.017831209261925 0.300129464091295
-0.00560069460786806 -0.000281197543165783 0.0239479961102884 0.0408486798112273
-0.00657863857448036 -0.00260957611234074 0.109746144078336 -0.260192344170469
0.00108091763757871 0.00491257553937671 -0.300172601795862 -0.365071007692515
0.00698486570403169 0.00529839119220264 -0.513520381141249 0.145122002096018
-0.00330191367905807 -0.00383585342552392 -0.0356219786843377 0.434846126367638
-0.0102346861457123 -0.0076483449344188 0.250215448520434 0.176125652096244
-0.00533690866549834 -0.00263186267717836 0.190817097162787 -0.0756034109477723
-0.00419958146026439 -0.0012256481600343 0.0143786339056808 -0.166892013239059
0.00515484023628425 0.002724839693297 -0.0277659766761601 0.130172816755012
-0.00111129180460952 -0.000635210676602399 -0.145720642362388 0.0378885139260458
-0.00888379903738707 -0.00807615839474749 -0.202640974397932 -0.135642507135219
-0.00822228521505497 -0.00958564202986524 0.0321945943318696 -0.332449659876749
-0.0041369111217526 0.00184222378256982 0.41698167164896 -0.139264328690603
-0.00599352749361202 0.00361329060217462 0.328080140256239 0.278029546100202
-0.00521605132205639 0.0117466728261683 -0.0220581035370516 0.300546953408028
-0.00549309748778099 -0.00105654304574691 0.0247098077411962 0.0406697302702512
-0.00791070432950686 -0.00353669238543234 0.104966839433973 -0.261180831016815
-0.00150529560421586 0.00402128556443972 -0.306571535416438 -0.355539771440921
0.00477754326752032 0.00528190125326552 -0.507720911359025 0.159241952273867
-0.00331518031718627 -0.00249970494347412 -0.0258071968818259 0.435170586172509
-0.00936655945665475 -0.00707847902292412 0.253084227521519 0.170197517196663
-0.00377727349301315 -0.00343483756195031 0.191321361848091 -0.0788741142910881
-0.00172464230604261 -0.00263665306962465 0.0142081785098979 -0.168886860601504
0.00769801171936238 0.00172928956347766 -0.0267298470699201 0.127988120921363
0.000907895851620528 -0.00110167879329326 -0.144503240617302 0.0343889054285314
-0.00628511834756336 -0.00658794696696746 -0.200479430738301 -0.140643353764521
-0.00729362649958645 -0.0076796509214538 0.0390892664971036 -0.332563289530859
-0.00652624522158785 0.000565944466435405 0.421886760930584 -0.129231450266013
-0.0079878935553397 0.000836734688322913 0.32301634321488 0.286176519317603
-0.00526843002080611 0.0105023516433742 -0.026284996238186 0.30138326336926
-0.00517248023170887 -0.00178797914432548 0.0241527443015448 0.0396683277576105
-0.00806629188499645 -0.00448923682323755 0.10176028382839 -0.262152035395922
-0.00396091513479686 0.00214734384452578 -0.313132089816063 -0.348603726777293
0.00201552097694808 0.005050060464031 -0.502352155856727 0.170130904704809
-0.00319679985525374 -0.000779604355747446 -0.0166917561103238 0.435589156067024
-0.00702634255577411 -0.00627606793586948 0.256113435284313 0.163794196541557
-0.00121060285954546 -0.00302254615901037 0.190403208262386 -0.0839941019150282
0.000884267185529666 -0.00271062985270146 0.0148746763849298 -0.170900396581714
-0.00177648059479349 0.00403820817099221 -0.0229379626239604 0.136973200602405
0.000855118424397159 0.00756712042388042 -0.148047841916922 0.0501521918056681
-0.00021317283691793 0.00484552146224728 -0.212957924682254 -0.122205338773432
2.16485554750834E-05 -0.00501219644357362 0.00960395987540135 -0.340393860056117
-0.00242404948272441 -0.00269411326014018 0.398516764842097 -0.176992426541871
-0.0041272398060005 -0.000258675555026676 0.333904243114077 0.245848313818655
-0.00318925670705675 0.0147758765787319 -0.0109374650808217 0.294055395220036
-0.00693610342386302 0.00321747608609027 0.0245305446403525 0.0375947810757082
-0.00645607815646177 -0.00209926013517272 0.108594792498856 -0.26704061973342
-0.00125495175189844 -0.00016423883182945 -0.306130099669605 -0.377953369138779
0.00417876188344457 0.000479996553447526 -0.522090080270874 0.130517326000024
0.00562248866159256 0.000979506962122443 -0.0441504391363374 0.429954643054485
0.00158873543081345 0.0057592847191398 0.245457313035539 0.177853842128494
-0.000627320224615531 0.00576761001697995 0.186538481211536 -0.0732129765316652
-0.00874693311990376 0.00288973354954488 0.0112999512871884 -0.16480456388386
-0.00189870990899432 0.00452999435546709 -0.0238155811712842 0.137125128378074
-0.00122501660245297 0.00570628391155725 -0.148273063397373 0.0521077858926093
-0.00320507223926838 0.00182991848696811 -0.213941737596223 -0.118610511155978
-0.00180003346216721 -0.0070179368210212 0.00647645553894601 -0.339415169274081
-0.000947983050787723 -0.001307115881396 0.397004476207703 -0.181330800996816
-0.00194738655370124 0.00227071133147923 0.338561555515935 0.242287887135355
-0.0028509767615423 0.0155060049890237 -0.00872824247719259 0.294207447893279
-0.00720232701254904 0.00342560675709314 0.0247289933883435 0.0390607228801316
-0.00614749955150671 -0.000778747801570918 0.110413348738485 -0.265302353913834
0.000730264155734015 0.00185532230153686 -0.299356929912951 -0.381957738192302
0.00663755217104953 0.0014692528874879 -0.52401362683453 0.12433249263774
0.00370950871099619 -0.00128213917407109 -0.0492955666609678 0.43058202880231
-0.00192516718403662 0.00285089245801404 0.243472814914764 0.180535890330574
-0.00334096719118512 0.00436387482312987 0.186576482730699 -0.071375279840716
-0.00980077946102938 0.00366404280211794 0.011461171055398 -0.163971460622065
-0.00123948035207189 0.004308449156861 -0.0246404319738447 0.137308872649974
-0.00283280566642656 0.00415778991646625 -0.148422249651135 0.0521374491300235
-0.0062715922590788 -0.00170867788480462 -0.214478282225916 -0.116945076658794
-0.00397980443861404 -0.00793878843739415 0.00645418280996566 -0.337175943504987
2.00570129452815E-05 0.000544802905164593 0.39777643411421 -0.180598371758551
-0.00130271345795657 0.00476423193474694 0.340869861114151 0.242948801519875
-0.00257288388289508 0.0159585838216567 -0.00809353650698737 0.295356680261781
-0.00648457387938907 0.00264114799492102 0.0241912188448691 0.0401303697523031
-0.0060459566357771 -0.000442623428166207 0.111512996291432 -0.263658630195183
0.00177080222728989 0.0042759179928963 -0.297355068408499 -0.381327355480575
0.00843695179785171 0.0026187560536885 -0.523239036047737 0.125183532812185
0.00177883337580408 -0.00233038590683253 -0.050166135661302 0.431163188247893
-0.00568809861127017 -0.00125611557177228 0.245052493790361 0.182001535688313
-0.0046759623819866 0.00246199848326455 0.187969369372381 -0.071159890630527
-0.0101546444848679 0.00254560947166988 0.01046534623405 -0.164169124895707
6.6110454959095E-05 0.00417548600100565 -0.0251689446911583 0.136348401688675
-0.00343187827353363 0.00250449076107176 -0.147568694656422 0.0512274252846209
-0.00899422258800526 -0.00443309678166283 -0.212835738716608 -0.118949921596506
-0.00639072453761461 -0.00879118454408707 0.00936081129230023 -0.336009549567199
-0.000150791502974344 0.00181156398334335 0.400979398098165 -0.175701272577956
-0.00110367248156671 0.00583267828064183 0.340089616225705 0.247294412246829
-0.00270767465902432 0.0159425229842763 -0.00793192607035121 0.297724154145589
-0.00653121066655664 0.00221447490699782 0.0244854770792856 0.0411207929721551
-0.00629449118644364 -0.000980764334572131 0.111163202325745 -0.261830113082633
0.00257375643598737 0.00553654085392417 -0.296878334644409 -0.378149086533596
0.00917479260472154 0.00329496366581482 -0.522682570921649 0.130222028392623
9.41281995727097E-05 -0.00372435163345234 -0.0470965440079808 0.433241587801195
-0.00844225543783601 -0.00437448719737937 0.246511774347999 0.181669145681039
-0.00626885337445763 0.000163175506077573 0.188548244406069 -0.0716451058835942
-0.0089739076640655 0.00142414359058621 0.0111473788055341 -0.164429229409066
0.0014544741096471 0.00380952875742142 -0.0256775340660757 0.134547538757929
-0.00309074247181496 0.000857539808222093 -0.147170119085219 0.047778284727166
-0.0103857398220871 -0.00667388118353576 -0.210452373539811 -0.122490960607728
-0.00782567354270885 -0.0096145212802599 0.0145445244622732 -0.33469096238003
-0.00101288206072474 0.00253814403434278 0.406235655853617 -0.166893716354873
-0.00227913274781804 0.00591152986524078 0.338457593320626 0.256423788000496
-0.00328257082885971 0.015261835451246 -0.010504906374696 0.298956275561278
-0.0059477400929687 0.00115251477509807 0.0238798443503953 0.0412524128519072
-0.00631467427709616 -0.00156460196931272 0.109467033962184 -0.261061989864432
0.0016396267170648 0.00567607824413311 -0.299682532307243 -0.372026514378274
0.00862147793185174 0.00420529351156478 -0.518113062780113 0.139261863135569
-0.00183737815846804 -0.00383416659744745 -0.0391501904662623 0.43459091512762
-0.0102778402133162 -0.00650101803822253 0.249604797111815 0.178589380948651
-0.00597160069550318 -0.00154996426341106 0.188844338534305 -0.0743217262521792
-0.00724264797260595 -0.000199336155560022 0.0106153526221714 -0.165097780932208
0.00398784054728719 0.00328956190430402 -0.025187442146981 0.132223659643922
-0.00235460251358941 -0.00011779298512629 -0.145258128265725 0.0439589022520031
-0.00995189153631788 -0.00755184401685204 -0.207624801714525 -0.127223819159617
-0.00824752540005967 -0.00985176209908233 0.0217045190530223 -0.333410032883296
-0.00222381196291082 0.00234272989456898 0.410644996449076 -0.155398840406602
-0.00397918691417358 0.00550046833636679 0.335411864020101 0.264803601953447
-0.00322051800957827 0.0136395754363128 -0.0149904833937759 0.29988417180889
-0.00621963130877646 0.000137391585592672 0.0243802039061536 0.0412515550011961
-0.00684615650121166 -0.00202660289673932 0.106995910891747 -0.262146723252381
0.000561906465227388 0.00495963257658052 -0.305161549544553 -0.36242622000884
0.0071246938378463 0.00495799084860436 -0.511885232720601 0.151780549039519
-0.00349336079720171 -0.00349777110697135 -0.0291897158756498 0.434887247379095
-0.0106595928056889 -0.00728022316843692 0.253008085329948 0.17327306879809
-0.00494883712837146 -0.00268559606354614 0.18902946804369 -0.0784898626164665
-0.00410004546135432 -0.000757737349853723 0.0110160484232225 -0.166718961110926
0.00584851269463687 0.00218226346420741 -0.0250843515931777 0.129761563868218
-0.000132656314353378 -0.000911907580047217 -0.144699833806414 0.04001112743382
-0.00899235856275367 -0.00748766384796363 -0.203779219395839 -0.132847105749194
-0.00827816205397226 -0.00900992637719674 0.0285557576526266 -0.333383680355795
-0.00424506841930151 0.00266275047688348 0.415654962138675 -0.144209908738208
-0.00626061505614421 0.00344963096536129 0.330392009096524 0.274947810079594
-0.00445586366890615 0.0120375640716085 -0.0181845572108107 0.300656406699817
-0.00553336321924549 -0.0013547697104594 0.0247441347397824 0.0406800500805123
-0.00722460007946862 -0.00370098257722156 0.10222750510643 -0.262874378782888
-0.00148403790673461 0.00423861189441748 -0.309869842945798 -0.352022700382751
0.00483718284884074 0.00509199301386193 -0.505555509833023 0.164951973108348
-0.00363650931161416 -0.00239387390877376 -0.0206395064786781 0.435677160780116
-0.0093038637261235 -0.00736253009325526 0.254779303451187 0.16667897597676
-0.00358172928060229 -0.00306398351956807 0.18890292180064 -0.0819388708591475
-0.00222421335174878 -0.00190897458049745 0.011317257389728 -0.168493353394723
0.00739362651018101 0.00127660019473412 -0.0236548272586581 0.128714497247281
0.00137212510939908 -0.000889356039518334 -0.144034637083304 0.0362383672629604
-0.00700565276457884 -0.00623569803571636 -0.201031247466928 -0.137602212292552
-0.0076391549942152 -0.00759868993777935 0.036717420277434 -0.333110718616687
-0.00631898743485458 0.00126823317004184 0.419412723063718 -0.134497281758652
-0.00800688487394246 0.000788373363026318 0.325802718431749 0.283805314253148
-0.00502645206697755 0.0106163161475133 -0.0230178955186896 0.301594371420613
-0.00527995836043872 -0.00200438277197101 0.0254312880984068 0.0395191599265272
-0.00820293049017333 -0.00449268461765351 0.0995057309894602 -0.263729020344483
-0.00373648216428786 0.00186321748125999 -0.31719240846759 -0.346421537826126
0.00173565835461561 0.00496160289314377 -0.500368028038648 0.178089587828599
-0.00308042861016422 -0.000429492805878313 -0.0114013946369783 0.435989529977865
-0.00708367474555552 -0.00578471444705821 0.257838412560621 0.161395285565611
-0.00123214904763663 -0.00336450889552483 0.188570192278408 -0.0865419916091528
0.000570807213345737 -0.00280616422590983 0.0112283982418833 -0.170961857510853
-0.00157515655434055 0.00348979360058463 -0.0196691500437738 0.136565669357549
0.000995822930225124 0.00723198415273685 -0.146713657807929 0.052563073186533
0.00028846571720607 0.00504093130815845 -0.213586477781625 -0.118831557933829
-0.000236879820376819 -0.00545354669548937 0.0050359353445556 -0.339542126100109
-0.00247166385584913 -0.00243271314181902 0.39612832445413 -0.181722783507562
-0.00426727476302543 0.00016410188856286 0.336356723371193 0.242543456033733
-0.00277794649385778 0.0140939935031021 -0.00815916759307652 0.294829512737375
-0.00686538576709893 0.00302521364795198 0.0255606663847865 0.0375114510364117
-0.00637485120179821 -0.00195996152880219 0.105642346624853 -0.268887173322383
-0.00144963431059815 -0.000413612951187027 -0.308319655443078 -0.374969171128747
0.00440639980273439 0.000164029023469292 -0.520457958214282 0.136887076421491
0.00557888119056031 0.000774828353559648 -0.0394984550710425 0.429337803782243
0.00243697539500526 0.00532440470310315 0.24769485626409 0.173353541145466
-0.000769155274150759 0.00589308601578854 0.184390769461996 -0.0757809552283187
-0.00889567987568523 0.00407133019989984 0.0074790385318962 -0.164182135443524
-0.00230327115656345 0.00358388728859261 -0.0202165925194744 0.137590376455764
-0.00102534466792052 0.00548086431867638 -0.147209666655659 0.0538082175975404
-0.00321496566798156 0.00220966439574916 -0.214678067269286 -0.11549883271439
-0.00199676729166238 -0.00661588447227427 0.00251213463584557 -0.339239820994028
-0.00086556665680739 -0.00103162937772448 0.394274353970688 -0.185691437248926
-0.00204915523611523 0.0026577266181943 0.339256879689938 0.238686178742295
-0.0023097056994418 0.0153727537705681 -0.00566907200325441 0.294686542856732
-0.00684578055165203 0.00358732837282687 0.0250296239066481 0.0388777931019065
-0.00629376563981777 -0.00074680955313642 0.108315123162295 -0.265823026338295
0.000736953292790771 0.00208963948501089 -0.302336437205762 -0.378870543090854
0.00693253057399303 0.00126259510930349 -0.523597256425317 0.130754272972231
0.00368323467469284 -0.0010960044421761 -0.0438685942072956 0.42971625029317
-0.00184297930094508 0.00244501939067715 0.246589852547047 0.177646029652175
-0.00325200759865068 0.00443509664584692 0.184726164075613 -0.0734822403144107
-0.0101090669273373 0.00373926469121565 0.00709726623343269 -0.164119942427368
-0.00134349482814285 0.00393982022932299 -0.021634976405566 0.136948597656825
-0.00280038272998907 0.00373527426412878 -0.146952889564357 0.0544695750906588
-0.00660641415364785 -0.0016339362847118 -0.214565894528983 -0.114133059120092
-0.00423832103928357 -0.00811341187831674 0.00172031902055177 -0.336528721495539
0.000145452839483357 8.79495006565331E-05 0.395486766951579 -0.185829420637566
-0.00130340665891908 0.00459235358734244 0.342419468087415 0.238729290854217
-0.00227035202851474 0.0161246964910269 -0.00476585552069104 0.295799970451473
-0.00649579766661807 0.0027976422482853 0.0246674474406985 0.0400749397529482
-0.0064539732473173 -0.000356756956802924 0.109201208039608 -0.264953154899584
0.00154502785923645 0.00407431457276185 -0.300662968029282 -0.377561259564225
0.00858176459482742 0.00236216203132811 -0.521317263555803 0.130521055145658
0.00188543906316052 -0.00295629501486271 -0.0433495136267783 0.431257496668478
-0.00541314284258258 -0.0011010939967836 0.246600654977453 0.178212688854982
-0.00482851128273272 0.00219866175788497 0.185964386336791 -0.0738677927198055
-0.0103247556644143 0.0026223665565997 0.00688873192238244 -0.163668541375244
-0.000335941724531701 0.00410765330498284 -0.0221509351366307 0.136752392251764
-0.00376197381944992 0.00209736078934521 -0.146712250740323 0.0530280712044366
-0.00898801176430303 -0.00395251083690168 -0.213213401649247 -0.115278881791283
-0.00644310480104388 -0.00901303562123746 0.0044086777877419 -0.336166384300184
-0.000246077462605024 0.00163757614653104 0.398505466877368 -0.180675368395326
-0.00131266352231659 0.00611837987146358 0.342058876876815 0.24333863354723
-0.00225386788563045 0.0160367813063345 -0.00523320496492106 0.297573557164444
-0.00629877724996797 0.00197073091119595 0.0243638358108733 0.0408331609512571
-0.00586808263142093 -0.000638881755983272 0.109756179919365 -0.263138886619959
0.00256484592625597 0.00499634454084654 -0.300319077676276 -0.374652956925411
0.00856979339662996 0.00286769305489049 -0.520208382207235 0.136456329440792
-5.95255929484503E-05 -0.00349114325627184 -0.0414829879865624 0.433312652132455
-0.00833960061444238 -0.0039925565594097 0.247953485890445 0.178176734114868
-0.00602047291544507 0.000568624162518712 0.186645899890819 -0.074669788707177
-0.00949395806825844 0.00217865028397844 0.00690159933916471 -0.163642310503866
0.00148272428407896 0.00341196561098235 -0.0224680510050579 0.134326431019975
-0.0039430596059345 0.000795516066090798 -0.146112010769443 0.0504134823126767
-0.0105227144204235 -0.00660671743580193 -0.211410121818477 -0.118255715933372
-0.00839645799728313 -0.00929537774631534 0.0106907498647188 -0.334334545886651
-0.000915586770893117 0.00249007995643865 0.403651284898817 -0.171550290549588
-0.00245361689124181 0.00607586281988238 0.340670840611472 0.251031308064618
-0.0030350088376431 0.0149018626856118 -0.00762615719014542 0.299045132750235
-0.00554170639628581 0.000912805824309903 0.0247735885778175 0.0410218927439909
-0.00600746443117696 -0.00116260550435443 0.106898364892778 -0.262724552795221
0.00209600348164843 0.00548129944595205 -0.30404168767881 -0.368671238122348
0.00836496990553644 0.00377425784832898 -0.516287562276169 0.145771974629647
-0.00190166873751627 -0.00416332293042204 -0.0337383554044341 0.434116657962548
-0.0104575213960311 -0.00598835449755797 0.25129729858939 0.174906905420683
-0.00607116346088991 -0.00137872282891336 0.186892212793739 -0.076979087959691
-0.0071591951820684 0.000665127451873271 0.00643912804210163 -0.165236398012068
0.00376402105593457 0.00288265510329783 -0.0214588118485228 0.131773455344631
-0.00245906635520539 -0.000239056372320716 -0.144486540771268 0.0463807683967437
-0.0101093472357203 -0.00801271224793533 -0.208320406673235 -0.123640407851997
-0.00892797717540876 -0.00959852178700662 0.0174350165199277 -0.333902330573285
-0.00221557575278335 0.00291703695057164 0.408863504373987 -0.159897288547039
-0.00403918872015683 0.00587810836401247 0.337853114222344 0.259909253815602
-0.00334165210532194 0.0137850352061423 -0.0119165344525199 0.300489862407791
-0.00552982383842763 -0.000195254513298618 0.0245589936754433 0.0409204339720872
-0.00640622316972463 -0.00276539577740178 0.103988039501684 -0.263303661250343
0.000450940254894743 0.00485830347471782 -0.308150463823017 -0.358222967799564
0.00701025086465483 0.00444297789869259 -0.509803658027122 0.158701909809624
-0.00260572221262718 -0.00377823291391384 -0.0243652236930708 0.435135006369537
-0.0104582157691373 -0.00719378888871548 0.254160348316697 0.169103940714124
-0.00517960527716612 -0.00278909936932126 0.187274964412001 -0.080389002875155
-0.00459835318481156 -0.000538667148931055 0.00637658573907603 -0.16671498120436
0.00524213852357373 0.00196203263961173 -0.02143620921697 0.130433893594733
-0.000833911282482439 -0.000949886818740063 -0.143523646441928 0.0420294807320763
-0.00908810294655954 -0.00800417983985387 -0.205108909245574 -0.128271584508132
-0.00863081803490802 -0.0089960203256135 0.0252944417919631 -0.333385705431746
-0.0043751006720378 0.00255130044309245 0.413427235595109 -0.148768834712177
-0.00606171192092483 0.00347556657955831 0.333847089994051 0.269514626653167
-0.00406697495404955 0.0119877105278075 -0.0156364345872131 0.30097286852518
-0.00575537377043911 -0.000833193886004472 0.0254233403697871 0.0401074440176912
-0.00731797980186454 -0.0035507782466108 0.10027394496158 -0.264375298800351
-0.00161736950245844 0.00421995157609265 -0.314640748365816 -0.348753809901567
0.00426700896091594 0.00492772437965001 -0.502277363671572 0.1715573400055
-0.00369600174348804 -0.00238088617234129 -0.0137780418790726 0.435087867971666
-0.00973468509976611 -0.00678506667642726 0.257652474133552 0.163311242170605
-0.00349950434689831 -0.00311846045472511 0.186572117285789 -0.08466375148585
-0.00153038701037969 -0.00229133135856226 0.00676962736123709 -0.168848173636569
0.00778532256648406 0.00111317895334495 -0.0207504334033505 0.128476507806946
0.00102825096750386 -0.00105877509429587 -0.142815927443693 0.0384753625525302
-0.00677669187709034 -0.00617333054637133 -0.202730059551734 -0.134357687942694
-0.0076306487178295 -0.00738888484849796 0.0322013417506559 -0.33291968789747
-0.00661829916866892 0.00155631125331042 0.417910432839154 -0.138561668208664
-0.00815213701889846 0.00136360559100424 0.328708697502715 0.279312037843929
-0.00460387049212831 0.0102666986085216 -0.0200672396546807 0.301883192120725
-0.00544974981437678 -0.00166098591572449 0.025815477109615 0.0387176920261288
-0.00798904460057643 -0.00504770689896012 0.0970560252936815 -0.26563873829777
-0.00398438681937453 0.00223085989214346 -0.320611367974848 -0.34188825532531
0.00213125847006552 0.00484202135461431 -0.49744585922782 0.182098121220102
-0.00308262821949391 -0.000850578085963024 -0.0060780730522842 0.435557475603109
-0.00755257258425593 -0.00536279819670253 0.259439963400956 0.157780753138901
-0.00146507728886198 -0.00316202165170108 0.186955713762126 -0.0890801952492657
0.000504887173977263 -0.00248126942780582 0.00718187183674811 -0.170490010269513
-0.00160913518527263 0.00366575250102155 -0.0159170597152256 0.136238534641134
0.00113061269259536 0.00676820739269089 -0.145208669940212 0.0544873631992047
0.000134928114091789 0.00461589822705881 -0.214373276678328 -0.115280784634828
-0.000343179475641645 -0.0051186076538036 0.00127696572234248 -0.339024184062897
-0.00263352277776755 -0.00251949599439899 0.393033300419407 -0.186199773677258
-0.00409154695651184 0.000191813297732222 0.3379314635442 0.237980641069695
-0.00180146520529158 0.0145077385769309 -0.00556086608178612 0.294097619379497
-0.00729237620753067 0.00337322518320787 0.026318588552443 0.0375053061834209
-0.00657139795472801 -0.00196752162807524 0.10310502640377 -0.269767061624096
-0.00162164952093858 -0.000468188628540858 -0.311759131298746 -0.373037560811228
0.00425548689693544 0.000237257024015972 -0.518300235689574 0.14141723845122
0.00559727109762828 7.75043915032794E-05 -0.0339674357991052 0.429031014498603
0.00188955646153442 0.00557443178901513 0.248789710087084 0.169976746818631
-0.000350932747966967 0.00560825177281245 0.182749696484336 -0.0788189879017035
-0.00889644694147141 0.00379861463131845 0.00325470533274569 -0.164538077827976
-0.00233997654613602 0.00405553400153726 -0.0172871128606684 0.136732783607373
-0.00127665783502886 0.00528819544217581 -0.144990535821999 0.0566280380497776
-0.00273954130809316 0.0016435639706847 -0.215224557491351 -0.112128523822808
-0.00203482913806132 -0.00637918215251652 -0.00145243380441959 -0.337743258925638
-0.000540330219553371 -0.000935158195789361 0.391237362859578 -0.190702070038202
-0.00183220603225693 0.00276986611152407 0.340810781556944 0.233211811291083
-0.00195241680253985 0.015108656782964 -0.00245069872148902 0.29485144569965
-0.00715200224027932 0.00325714507905707 0.025632423920375 0.0385522675845411
-0.00614891779725733 -0.00086542686620888 0.105358509175472 -0.267835024142094
0.000386482028785741 0.00184849909109381 -0.306212093868726 -0.376638527399205
0.00694143668666976 0.000822441334361842 -0.519872022154113 0.136129748251434
0.00389436783795948 -0.00100360409732406 -0.038401045640642 0.430002649107313
-0.00133991754880796 0.00288781999743841 0.247920000360182 0.173620027048757
-0.00271383091334484 0.00443479622470484 0.183162886014425 -0.0766951645941065
-0.0099691801452014 0.00415823764492041 0.003090034273615 -0.162969121664563
-0.0014048020626081 0.00390904554829482 -0.0179451127396672 0.136602481891192
-0.00268994732332555 0.00407946752550505 -0.145344821011758 0.0571562433255677
-0.00668377554006644 -0.00129213300941851 -0.214601753782319 -0.110415136192975
-0.00443915007308817 -0.00751607169680841 -0.00155201168168133 -0.335687510892788
6.682135047057E-05 0.000260971004842247 0.393629329710054 -0.18976741451957
-0.00109827517400768 0.00477957274185004 0.344395282163485 0.234666638371652
-0.00154844579767954 0.0160395846639273 -0.00146985392722753 0.295873131550461
-0.00688693014724342 0.00302028438112583 0.0253909939761112 0.0395328361918748
-0.00628158169024006 -8.77218962051698E-06 0.106236090678812 -0.265494984545175
0.00203357673848607 0.00388243218873525 -0.305411722202293 -0.374191793159467
0.00823135247169715 0.00177726874073239 -0.51966206179752 0.136907807683464
0.00178498956756171 -0.00297799754112854 -0.0382645698058805 0.430939925358748
-0.00511304462955816 -0.000526888283025685 0.248089712639419 0.174623163467347
-0.00455137565922176 0.0026664730971977 0.183171949610226 -0.0761432471142715
-0.00957780840559219 0.0030299464996938 0.00293181686300532 -0.162879156110471
-0.000204320461122648 0.00334838373670324 -0.0189016691033233 0.136082498418393
-0.00341224174319723 0.00202046937422278 -0.144582799404855 0.0557627332529019
-0.00897032123338432 -0.00417823699340873 -0.213614087137293 -0.112105642965821
-0.00641262254479052 -0.00829921645286292 0.00181167963630919 -0.334741515828337
3.85105594994418E-05 0.00206800391558854 0.395894391858891 -0.184031110200847
-0.00117840961992604 0.0062254726416343 0.344575703197268 0.238700982815316
-0.00197430436381584 0.0158012535960879 -0.00289599865748685 0.298242471519874
-0.00651195217379813 0.00206823180392896 0.0250401741920903 0.0400468720059763
-0.00586205845002088 -0.000878619689491709 0.106268630467091 -0.264427545653362
0.00230423597600851 0.00555303336243317 -0.304585232395426 -0.369694201842299
0.0089423241084531 0.00273357141836264 -0.518366602185832 0.142862729122658
-0.000143879419806989 -0.0037234408200693 -0.0357523348213147 0.433083897662763
-0.00856761910765143 -0.00379236816135891 0.250540456176592 0.173903998611998
-0.00582675137638807 0.000416998038740074 0.184706771901715 -0.077135862004944
-0.00873063613650398 0.00202612453325014 0.00307741079586245 -0.163124293476577
0.00153767313338891 0.00323079713537246 -0.0191690054153908 0.134445817657238
-0.00362712054378042 0.000816841856458266 -0.144258545815774 0.0527082224349078
-0.0107926029240599 -0.00625654142969934 -0.211999183948021 -0.115765883813739
-0.00809844179765569 -0.00931018941258806 0.00695525736020025 -0.334178146271761
-0.00124042378532997 0.00349648428604592 0.400997704216011 -0.176510285248455
-0.00223959491133403 0.00639725776229834 0.342653708302717 0.247792325815087
-0.00233373740802309 0.0151075717180141 -0.00514011965693969 0.299370715989434
-0.00564185866322218 0.000860384194452095 0.0248953863398977 0.0406003957118893
-0.00654839516903827 -0.00135354427168993 0.104139698285947 -0.264518457612036
0.00157323291543039 0.00575051145895815 -0.307213480254802 -0.364993744836257
0.00900457273828959 0.00340480864828564 -0.512184718801135 0.151508752656188
-0.00175151107664588 -0.00408847668493222 -0.0281244221865314 0.433500680058195
-0.010532582894183 -0.00566882097727637 0.253095767838314 0.170575543744873
-0.00598544621203162 -0.00106313556176877 0.185087789218203 -0.0798998325724658
-0.00697294164852189 0.000247876284176208 0.00316088976226628 -0.163845810160108
0.00333690305255312 0.00243706448136529 -0.0187102529268646 0.131836513236969
-0.0026157924768977 -0.000344552285779158 -0.143401676611526 0.0483069026469735
-0.0103916929078571 -0.0075660417365434 -0.20908006068091 -0.120198203767912
-0.00902491447323103 -0.00896326537532288 0.0141934796714702 -0.332707665132896
-0.00249456968388872 0.00270378753638578 0.405450019383172 -0.164843376014783
-0.00406316607603068 0.00573718717557179 0.339176442141771 0.257209201829552
-0.00318279796748961 0.0137244727215753 -0.008892733668928 0.301069891770386
-0.00586925236104808 -0.000254249916343861 0.0250222678246885 0.03999565920003
-0.00668666627488605 -0.00202770477506712 0.101777748663765 -0.264283776462801
0.00040153767587231 0.00543661870009749 -0.31031888431284 -0.356242930499276
0.00719451445874508 0.00492527122680853 -0.507191721660418 0.164057686108781
-0.00294372689084893 -0.00333541999476154 -0.0196112919418644 0.434662954207225
-0.0107173457347157 -0.00707391919981728 0.254898922606419 0.165876696310506
-0.00513675679582211 -0.00232738239969925 0.184953931029888 -0.083115624450366
-0.00472991001651522 -0.000351664726529961 0.00231970137373677 -0.165972848399541
0.00564203328151043 0.00187748756288106 -0.01811159073688 0.130553387784585
-0.000676204703730409 -0.00148718682829486 -0.142586456433587 0.0438516481508068
-0.00939371405490302 -0.00743453436430428 -0.205566178579419 -0.125675643518394
-0.00844718889841542 -0.00810608977596883 0.0206652916784314 -0.332062941357348
-0.00378158350610403 0.00291533768217631 0.41015485138906 -0.153495016206998
-0.00579927218140297 0.00380914638034521 0.334851663554323 0.266772508286019
-0.00408866627245904 0.0120639535029991 -0.0127443431748751 0.301480183072851
-0.00526080453719071 -0.00133036826545511 0.0260279730525736 0.0398349486050542
-0.00705583728343111 -0.00318441047295287 0.0977640723723858 -0.264619723058219
-0.00180197431987217 0.00371354755586803 -0.316975790974645 -0.346134938556417
0.00485920012544384 0.00460067719918962 -0.501361728412413 0.177289216638886
-0.00365033916039016 -0.0020129450240934 -0.00884057994885986 0.435206346555807
-0.010181508124896 -0.0061418295164915 0.258164197662339 0.158987857240985
-0.00394608953593287 -0.0028878987814501 0.184395608317711 -0.0877709287367367
-0.00196761286234355 -0.00139951966984246 0.00264627338036101 -0.16751758130067
0.00730795873156371 0.000356534953677467 -0.0172539134812486 0.128778140563214
0.000824045886528471 -0.0013425335587513 -0.141304447981312 0.0410026085400936
-0.00755370925715924 -0.00634859783861798 -0.203529384669003 -0.130678865566384
-0.00751680673005944 -0.00736502456431858 0.0284715212803252 -0.332096949368501
-0.0065452885198104 0.00198704525522464 0.414696817782996 -0.144464156476206
-0.00761599531070145 0.00155947180649757 0.329412106653082 0.275223586094222
-0.00438487344649748 0.0105475088221814 -0.0166801109912625 0.302102369885218
-0.00510676280158299 -0.00144867780897409 0.0260891685261404 0.0389022618613201
-0.00831113171635991 -0.00450533944222336 0.0947558815377559 -0.265598083694524
-0.00446173512235847 0.00221538643295966 -0.323585574948347 -0.338365348268732
0.00141837969686291 0.00466159327685732 -0.495957813418834 0.188992572345588
-0.00332386324782526 -0.000500996668353841 -0.000845553628330345 0.435014092220813
-0.00742955756602412 -0.00490639445971576 0.260692699951551 0.153556632225251
-0.00183904469987581 -0.00298099493295713 0.184094149890773 -0.0917486743779628
0.000346775412237349 -0.00228153769132646 0.00282469022177055 -0.169993140538437
-0.00175431496489535 0.00392524106739263 -0.0120085693289697 0.135534209159438
0.00115659855548301 0.00693489365894953 -0.143427826874338 0.0563684296931364
0.00029990851452558 0.00475398759045789 -0.213781933963164 -0.111456978653797
-7.64501733616571E-05 -0.00495884701451763 -0.00263841517447395 -0.337685276704124
-0.00299647722085078 -0.00234330762255201 0.390240269232644 -0.189932844747407
-0.0035172009513655 -2.39836194357709E-05 0.339556539264001 0.235304351296639
-0.00164454546789363 0.0142919152368302 -0.00199302351849576 0.294417240948955
-0.00738281691694837 0.00274954929438872 0.0261920120135277 0.0374825820939513
-0.00696476024824361 -0.00209006352677307 0.0996893128425712 -0.270061570496886
-0.00158302884242486 -4.00304626593465E-05 -0.315162036780672 -0.368584304361864
0.00418463303794037 0.000129459584379473 -0.514937753338903 0.148474772151875
0.00585560784899789 8.91505852348359E-05 -0.0282501598906617 0.428023113218011
0.0021015448697657 0.00540715206951805 0.249158712058037 0.165828188300413
0.000101819078354589 0.00537802530518128 0.180007936616943 -0.0808417674268423
-0.00914447297310755 0.00432581886296491 -0.00171320257168622 -0.16244897660827
-0.00201377224469839 0.00419383689892328 -0.013396966518327 0.136059729359073
-0.00111310020481477 0.00555415513752007 -0.143333699800626 0.0582278085655439
-0.00318990349353577 0.00207097517373096 -0.2145517777749 -0.108528813179196
-0.00234866800882016 -0.00638237013683267 -0.00616184766405826 -0.336332917442514
-0.000789626600197838 -0.000837103639812637 0.388441989445117 -0.194295642305442
-0.00168859110394619 0.00271511141567536 0.342160591242581 0.22986483644578
-0.0015686752704488 0.015084337355181 0.000261150759341184 0.294206400399405
-0.00677008236657069 0.00357584465270998 0.0257823692323553 0.0384960106094542
-0.00630782211546323 -0.00121117628800156 0.102826557051923 -0.268319992388762
0.000561319574346535 0.00230241746148549 -0.309116898995812 -0.370649778562435
0.00631200508663438 0.000729144466284967 -0.517650317649815 0.14146960460388
0.0035874574610363 -0.00149093955997502 -0.0330242070831257 0.428581114261372
-0.00176577422631939 0.00276009303813028 0.248934817927498 0.169930016110082
-0.00278559004553809 0.00428674612660915 0.180181503064093 -0.0793756959060983
-0.00981942589417359 0.00442251101579429 -0.00167528705164121 -0.161868696647953
-0.00110231704459121 0.00352883067193627 -0.0144568015449272 0.135900497083232
-0.00272999496525708 0.0038805654216648 -0.143364457704605 0.0586305661900432
-0.00628375440463352 -0.001094585401892 -0.214618007454651 -0.106882008289034
-0.00437017082070745 -0.00749960575741122 -0.00502105011324884 -0.334251268969499
-0.000352834621101319 0.000757695351013584 0.389480336286486 -0.193788841396022
-0.00127111703976334 0.00514900321647368 0.345440679412018 0.230169919770281
-0.00121389297601124 0.0158867296435616 0.00159394167932831 0.29541336102607
-0.00688112838793185 0.00292261650954703 0.0258581289655813 0.0392769046128424
-0.00569249177960193 -0.000968944340689819 0.103914918179545 -0.267193718484915
0.00187829716319777 0.00401846126689032 -0.308541580318885 -0.370078638458965
0.0084271443773405 0.00121666732644453 -0.517332579238674 0.141865402975319
0.00210487232385298 -0.00233559122659326 -0.0333321858288274 0.429688182019617
-0.00544127273995074 -0.000736708625846751 0.249731578905574 0.170566633594237
-0.00443569273097326 0.00259671092061278 0.180619147245291 -0.0787571411974178
-0.00950387193586535 0.00380744898607432 -0.00170123701810924 -0.161934285340575
-0.000147759024074619 0.00338021539866263 -0.0148779992676104 0.13559265415982
-0.00352747709369446 0.00212464824075305 -0.143042380758165 0.0575776940480941
-0.00901782666251077 -0.00384918621358022 -0.213317597132987 -0.108647305456207
-0.00672805736509403 -0.00847018915149678 -0.00338823588620711 -0.333693738982365
-0.000132781908778404 0.00212762108321866 0.392544686250422 -0.18838420550811
-0.00086610397645318 0.00625378960738442 0.346308016003264 0.234982639918532
-0.00182393799698694 0.0157111910201482 0.00056109937163754 0.297153822712193
-0.00587835160426794 0.00225668952683648 0.0252398746555144 0.0399116104880858
-0.00602935866242588 -0.000589596401476732 0.103803328915134 -0.265648051209055
0.00208565116059864 0.00503875153592167 -0.306530150101824 -0.367434548243011
0.00904414973320822 0.00264800743481542 -0.514263083843099 0.148419301933521
-0.000115380354007625 -0.00384034264335132 -0.0303088954673783 0.431700267537646
-0.00851013235077728 -0.00363384137804872 0.251302594920444 0.169810431924853
-0.00607186809313297 0.000631954810083666 0.181813172359525 -0.0790041800549151
-0.00918673454599143 0.00173400266797457 -0.000871631693968187 -0.16167663753096
0.00131150495338913 0.0029898177765501 -0.0151717135523512 0.133574835947533
-0.00336905274261427 0.000439086313875602 -0.142952992329186 0.0546320217087413
-0.0106290301832698 -0.00590365673951122 -0.211184259607505 -0.11225846222069
-0.0081954826142754 -0.00881387243113979 0.00295095125163047 -0.332995037262437
-0.00100967605632898 0.00297500502372983 0.397526974240045 -0.180224987174801
-0.00201355405187014 0.0060729743874906 0.344604968078116 0.243152480439202
-0.00197596776472437 0.0150921282309619 -0.00194572324285822 0.299045615364938
-0.00563071999511411 0.00117783938393758 0.0255518768853509 0.0400970467559487
-0.00626780792410778 -0.00200048743679541 0.101383619082963 -0.265200027354225
0.0016520903233533 0.00562093682210054 -0.308987948660868 -0.360547219637267
0.00859409781294875 0.00339088012303713 -0.510716999185008 0.157050660767609
-0.001845421324984 -0.00389923529751215 -0.0219934159593958 0.4323463610717
-0.0107742948986337 -0.00613801488450801 0.253900462765668 0.167025519218405
-0.00578564471249549 -0.00108314619956557 0.182427644663423 -0.0817445545758455
-0.00698181617452041 0.00105392343196769 -0.00157742877120817 -0.162936577793469
0.00347717911128838 0.0024397100075689 -0.0158236717375078 0.131669762241513
-0.00278258637799691 -0.000819581303906401 -0.142313605460799 0.0500905556782136
-0.010870533335729 -0.00722086837901409 -0.208801542157228 -0.116327480304024
-0.00872009170120522 -0.008500832120864 0.0102313343963053 -0.332109008844001
-0.00226688164169434 0.00348993225105091 0.401905687041671 -0.168658071400251
-0.00367962111276401 0.00586831180129943 0.340687003843023 0.251738500322448
-0.00268864978441052 0.013663143916226 -0.00604127622224428 0.300319157127138
-0.00543903373104829 -5.64067147581994E-05 0.0258095052470053 0.0401816409832185
-0.00632762619072467 -0.00214773229467942 0.0987335689802527 -0.264707625356362
0.000420687770686417 0.00519018258603013 -0.315179733875603 -0.352025351469379
0.00713845787396123 0.00431543518781831 -0.503646558307061 0.168355271067779
-0.00313237014921043 -0.00312957069839123 -0.0133127075400783 0.432416813056203
-0.0116246648694977 -0.00646713917331872 0.25665026275448 0.161897258029042
-0.00543635060686326 -0.00221162585079371 0.182373009887834 -0.0858791938527389
-0.00464524381584834 -0.000577436149364732 -0.00143217159858628 -0.164348967066748
0.00559992880483733 0.00073227906546692 -0.0146683674907859 0.1298218185792
-0.00105920391408431 -0.00174506118817339 -0.140420348562993 0.046177850010898
-0.00869601966938664 -0.00735355303724809 -0.205645284672027 -0.121899438382534
-0.00914543344294462 -0.00766379727276646 0.0175255162152946 -0.331503597908293
-0.00444224721990415 0.00265108117737407 0.407053749080308 -0.157067822544628
-0.00551378274745515 0.00404329902965273 0.335910395077588 0.262448463463358
-0.00322344185628785 0.0119233215043214 -0.0098520159204716 0.30094951350167
-0.00551213442518635 -0.00100053665391164 0.0260276204019375 0.0389839722821886
-0.00702019144422249 -0.00351035658691584 0.0945509794016225 -0.265449379003078
-0.00161474743754866 0.00402155921715387 -0.319613131922936 -0.343007211431427
0.0046879971395996 0.00440741467092441 -0.496733637636953 0.180870018929771
-0.00387823499321577 -0.00202018906367997 -0.00410330039144892 0.432459840798581
-0.0100331586319017 -0.00627895464393689 0.259404746480658 0.154998462196696
-0.00389758616404772 -0.00306028643875166 0.181793276575073 -0.0899850962873287
-0.00223829505333859 -0.0018451439101439 -0.0015659627246483 -0.166320143134792
0.00743402802475977 -0.000224310471625881 -0.0129524345303146 0.128002132873718
0.000756923124382344 -0.00141549752187989 -0.140165176250773 0.0427834217358853
-0.00726568752390836 -0.00569032008117366 -0.203443036564611 -0.127344601285019
-0.0079049824807966 -0.00692008081838828 0.0244544902064515 -0.331491248378765
-0.00644721289821594 0.00197576066828851 0.412090668091165 -0.148331885181551
-0.0078517800872354 0.00180120511245039 0.331299696559971 0.271704793714647
-0.0037557187588399 0.0110323064436568 -0.0135820500595134 0.302062601081957
-0.00524006203422259 -0.00156194024115364 0.0265581572993253 0.0381791462846457
-0.00869569087958041 -0.00440290436524902 0.0918716807561014 -0.26676488741957
-0.00444678903229842 0.00194039902306476 -0.326275380947799 -0.335373605377908
0.00198039692688672 0.00447818554712475 -0.492638880379165 0.194110598734815
-0.00266617686099881 -0.000585268750826795 0.00398394574263227 0.433353830982425
-0.0075796424580766 -0.00499263961924203 0.261539627307517 0.149009036536536
-0.00150623131116095 -0.00272218013730163 0.181021226271413 -0.093899395444806
0.000157492272535147 -0.00248311554524526 -0.00172331280556001 -0.168014131575752
-0.00156523874022925 0.00345644824700943 -0.00830921472708293 0.134211577693022
0.000959010401061021 0.00647067397735851 -0.141418522392722 0.0577592486102374
0.000696603785625412 0.00473022762032385 -0.2134329901937 -0.108420183040872
-0.000273237790661063 -0.00511087164223682 -0.00533140083296202 -0.336610668234574
-0.0029878302525336 -0.00237223347340039 0.38596362379277 -0.193707385436044
-0.0040417536175864 -1.83309794433767E-05 0.339183110049144 0.229941390701177
-0.00155441610734009 0.0141393882780633 0.000916231220881288 0.294099595766301
-0.00708118069334719 0.00350018096308321 0.0268200397435126 0.0367467454521845
-0.00704278822624635 -0.00241439901142764 0.0976866731215692 -0.27062175123216
-0.00209611020808528 -0.000205646590304741 -0.318447500347107 -0.364207376703476
0.00390119132559894 -0.000751795182202642 -0.512127700012004 0.153410700762093
0.00597877657881919 -0.000495084617193357 -0.0233000594856943 0.425816151097915
0.00269051095349462 0.00548509553324426 0.249372123862654 0.161359465617558
0.000252389606928226 0.00590860721210635 0.176834281636691 -0.0827938694581056
-0.00868108345344472 0.00445273961935434 -0.00597519808355356 -0.161195142361768
-0.00196261036852404 0.00365379209646106 -0.0093324039394582 0.135129296558849
-0.000931479004901234 0.00531278365042873 -0.141560405787041 0.0602991881606486
-0.00266990891640732 0.00225445659106666 -0.214424071341669 -0.10504773249139
-0.00224354963609841 -0.00628036697781593 -0.00873800211223432 -0.334161819254915
-0.000884840049378931 -0.000648699726403332 0.384008202046461 -0.198149908185114
-0.00214461297294072 0.00243454844028762 0.342606909626673 0.225263582158988
-0.000694371487367876 0.0149343795820271 0.00332167798751194 0.293629417528989
-0.0073571714999698 0.0034842812881829 0.026401171064354 0.0381272464856674
-0.006462197453277 -0.00103220153115637 0.100200367619819 -0.268888772018521
-0.000108637072470823 0.001938839663559 -0.310960259521876 -0.367171567961589
0.00603561587671608 9.15767615132243E-05 -0.513855995107939 0.148593925398544
0.00396283592112766 -0.00174413226887474 -0.0270028983331354 0.426442068549564
-0.0014050092528779 0.00229526436927325 0.249465590218646 0.165715488649321
-0.00223039884199184 0.00483846946479976 0.177559932148805 -0.080772311196489
-0.00932484537830032 0.00507239617615365 -0.00628371253767184 -0.160357413423019
-0.00150116876511614 0.00355492304129225 -0.00997585698628153 0.134958217563243
-0.00256826638369755 0.00367787104830721 -0.141191986260236 0.0605826391327452
-0.00595098881275802 -0.000815973027439013 -0.213878339403156 -0.103881121256632
-0.0044768555124412 -0.00754322204464844 -0.00889529557123066 -0.332097602454324
-0.00011698459108853 0.000588341743369938 0.384782985619885 -0.197776729273465
-0.000761250442834434 0.00485532419466648 0.345633499673613 0.22670201723623
-0.000617813702697784 0.0157067445395231 0.00444523222323984 0.295182960683312
-0.00651557986078606 0.00313753202403031 0.0264168077695748 0.038780712790968
-0.00628805776625621 -0.000689828823415126 0.101130287674668 -0.267570994800833
0.00178579691565366 0.00353723912992858 -0.309849312975815 -0.36669875078763
0.00808346026925167 0.00176398435308855 -0.512499918740626 0.148634771240121
0.00187942844921005 -0.00312457940721774 -0.0274887028744261 0.427064080244854
-0.00571601574090635 -0.000904269921319556 0.249839849415375 0.166486635919579
-0.00450738383221621 0.00297509827619556 0.178496633132506 -0.0808152025333079
-0.00992570766048303 0.00388173693445625 -0.00632464506604247 -0.159862975179037
-0.000297992996847256 0.0034151399206159 -0.0102134070823456 0.134612975038164
-0.00370384224312663 0.00173928033145619 -0.14106622490524 0.059399686740986
-0.00898695517514451 -0.00371545294674921 -0.212655274603917 -0.104765704944575
-0.00710413001508301 -0.0076993453582919 -0.00582307239265297 -0.332175995146037
0.000140058942908462 0.00175260556601288 0.388118223769924 -0.192137290345218
-0.00085965675680345 0.00586546039208095 0.345343305853728 0.230104485180582
-0.000968877508330862 0.015359291330933 0.00361990469201829 0.296453313566571
-0.00615719860462433 0.00176278952056516 0.0258949907752432 0.0391854946645819
-0.00629339300550951 -0.000624521216457305 0.100376064150732 -0.266138973147631
0.00232116823388028 0.0051269759902657 -0.309097107939185 -0.363251024794178
0.00898552495378673 0.0025410329731567 -0.510643335329516 0.152350888388876
-0.00017102819277549 -0.00366772546760988 -0.0246243216794755 0.429296819154293
-0.00860634873292929 -0.00338401640660082 0.252265198505785 0.165691846958643
-0.0058096952954322 0.000980019524707032 0.17864921460253 -0.0812450726723456
-0.00945206701046802 0.00287829978464508 -0.00566861329180114 -0.160307581827017
0.00127731709864186 0.00227041131219735 -0.0110076612988567 0.132510752607499
-0.003546325581502 0.000432744645897831 -0.140141327105593 0.0559751143406542
-0.010519942292547 -0.0058363860784992 -0.211327864427743 -0.108613943773835
-0.00836302451606216 -0.00871930460082906 -0.00126835075250544 -0.331466091718289
-0.000863940327734621 0.00295529512071374 0.39360142338075 -0.184030543306639
-0.00148553812611048 0.00638032189049562 0.344447203431675 0.238834761213332
-0.00144579813147333 0.01481377120128 0.0010243447639686 0.298131956615759
-0.0057588365807038 0.000603689786950323 0.026393084049001 0.039665294984918
-0.0060095357577388 -0.00156371364582107 0.0990683329946148 -0.265428071818397
0.00185201267567133 0.00511365551168872 -0.312474412139847 -0.357269161211558
0.00813627451281544 0.0032602011136906 -0.505315516946008 0.162182410056586
-0.00205277326140636 -0.00388442801576372 -0.0185559418715439 0.430333970429956
-0.0106806597788188 -0.00537091872938661 0.254139366105287 0.162286182589532
-0.00612527139861982 -0.00129008757108931 0.17957771022472 -0.0838141435023022
-0.00719761154818097 0.00112853424039235 -0.00635911372306023 -0.161560371849202
0.00332324345938484 0.00142341207702756 -0.0114839243470697 0.130051326713895
-0.00269561863958765 -0.000672699312231381 -0.139225786062861 0.0521591139023709
-0.0105277688630766 -0.00702229597130391 -0.209099798669903 -0.113248774957145
-0.00933426666557904 -0.00830701859787603 0.00652647786374547 -0.33056077553431
-0.00270285750437477 0.00377144201095303 0.399013093316174 -0.173030884181919
-0.00367089190167075 0.0059239138250544 0.340565389305325 0.247089197699611
-0.00220133714122994 0.0135426815075785 -0.00292850654752192 0.299232052267881
-0.00518960154794459 -0.000202959895272084 0.0262726240959216 0.0392566808369516
-0.00665321714373844 -0.00219010084856754 0.0959066644214954 -0.266183389113517
0.000513912429181777 0.00478784627469186 -0.31740330923694 -0.348302146841178
0.00663396765297386 0.00414336531395527 -0.499354024076887 0.174073283313856
-0.0029124918393551 -0.00292201242273019 -0.00919501597245031 0.431147286346786
-0.0111357024748613 -0.00612338409221484 0.257008668471703 0.157860671365731
-0.00571431154921586 -0.00274151808959907 0.179102561399474 -0.0881241414799424
-0.00479698897968696 -0.000202692046017862 -0.00616440841760322 -0.162911087466079
0.00537026907397606 0.000705231357203329 -0.0104608906979551 0.12847515845265
-0.00127367810802704 -0.00158615356756655 -0.138642385120591 0.0482294483990671
-0.00969225546096678 -0.0070970694731658 -0.205099394289154 -0.118289224258318
-0.00871990219068536 -0.00752602563152137 0.0142638210808311 -0.329681380918093
-0.00414711301253222 0.00302848759014395 0.404106967252447 -0.163070927289433
-0.00511063106709013 0.00409863057372636 0.335935959441152 0.258286229099714
-0.00304114921839561 0.0122978546573003 -0.00656090864031024 0.300366989623415
-0.00470947073999714 -0.000909368350860194 0.0264001788787422 0.0383615725615457
-0.00704983972486964 -0.00347909666378936 0.0917028443322155 -0.265999290108213
-0.00155352660013973 0.00407744478971404 -0.321668209214222 -0.337609663621278
0.00480387882641995 0.00469507834617638 -0.493059862737732 0.187382065337233
-0.00356522390928053 -0.0013421794703967 0.00139598539674217 0.431086799777
-0.0103836522073232 -0.00599158555458905 0.259590931648703 0.151126843003922
-0.00350563962519117 -0.00326154378236876 0.178956348622599 -0.092393052766336
-0.00226037091669868 -0.00159589409832687 -0.00634254416147511 -0.164481817624531
0.00733086254946268 -0.000136620641175844 -0.00906150552733596 0.126884583895803
0.000713691222923746 -0.00160324435777105 -0.137773482114284 0.0448101365785576
-0.00719649219369475 -0.00600423720197141 -0.203297704551102 -0.124222816916897
-0.00791757890830267 -0.006618852782404 0.0209064316278428 -0.329349364752628
-0.00639954564241542 0.00238125841929263 0.409868719546027 -0.151578732270094
-0.00767715768410365 0.00127171888759903 0.331744538014433 0.267164499493273
-0.00322189818953692 0.01108514811533 -0.0110094554503247 0.30125554806915
-0.00525597742499499 -0.00171054005640225 0.0269554254285602 0.037556360549206
-0.00823746228072177 -0.00478923317295791 0.0891353447684601 -0.267749949194164
-0.00468640020551016 0.0021090581233793 -0.32848790197717 -0.330394455886321
0.00177731676925639 0.00442097925199639 -0.487619869723572 0.198251218144555
-0.00284952432622609 -0.000459272803828772 0.00964693416567017 0.432010221764559
-0.00769743206034243 -0.00422922809626147 0.261142853243653 0.14580261669961
-0.00159257655131106 -0.00335987372389419 0.177843379841644 -0.0961474229490968
-0.000178685862750628 -0.0023661883477807 -0.00601382425624956 -0.166805224183829
-0.00372819911417391 0.00239917960339505 -0.0128119453935391 0.131672637112432
0.00142805998074315 0.00450816686840332 -0.142922678291912 0.0507204296263329
0.00333798623218963 0.00377164067674241 -0.206076551059231 -0.11959247118648
0.00455511254831363 -0.00321467890631541 0.0147688075578477 -0.334853434368474
-0.00278851917092433 0.00280233927590252 0.393971735951735 -0.171993777570116
-0.00775697365542505 0.00346344992073453 0.3227896737797 0.247531385609953
-0.00379302682004096 0.0130614026333755 -0.0145944248862817 0.291761983699846
-0.00754273812494002 0.00298195422949845 0.0245900830733291 0.0384903781068674
-0.00616630782951888 -0.000516497831490958 0.112888817187033 -0.262956541600353
0.000206637002183745 0.00127203318186882 -0.293502893687891 -0.382011203310026
0.00583101191185528 0.000249794659210876 -0.519968126024058 0.120284317960902
0.00594952486765166 -0.000543376176133519 -0.045942278214506 0.419888563975477
0.000668805603774703 0.00519717820189819 0.238073980299593 0.172085197216536
-0.000726364061190331 0.00698251818169692 0.178158236877784 -0.0721477004306989
-0.00826384958328397 0.00650914378103943 0.00132246110188776 -0.159486271127621
-0.00411714645480192 0.00230856934472297 -0.0137749520268384 0.132475710827406
-0.000414275045980019 0.00286288861573323 -0.142954388582032 0.0538107974637716
-4.69013916523731E-05 0.000723608874155909 -0.206542453538382 -0.116818665819791
0.00228793251084635 -0.0048312214143694 0.0114665074575013 -0.334190363939727
-0.00114039419284344 0.00404755120505101 0.39264672666876 -0.17656368566796
-0.00613732518661571 0.00555598366988337 0.327363357140101 0.245388062238764
-0.00361359905261064 0.0137584268785046 -0.0123693659218544 0.292002285139074
-0.00724005694419399 0.00288563878401555 0.0242286620019104 0.0394096503436671
-0.00580472804323575 0.00024640445691233 0.116243626626492 -0.26114773024729
0.00210043890372571 0.00385503944554552 -0.287645520311401 -0.384684648381118
0.00866378221716606 0.0015358209646519 -0.520526631894818 0.116430408091866
0.00465223280871814 -0.00191822523294989 -0.0493522155091277 0.419856552866157
-0.00313689019925847 0.00229101365765388 0.236495077849389 0.175692401543133
-0.00293617551943642 0.00557684098677852 0.178956034593182 -0.069706249126849
-0.00909326783480512 0.00593409628313224 0.000811042958667994 -0.158465625634874
-0.00381010290936303 0.00233477937132719 -0.0148050109824273 0.132485983453079
-0.00267963348166277 0.00143463049446266 -0.142947846019104 0.0538266953863775
-0.00319409759083463 -0.00248230325397898 -0.206648541074824 -0.114615094584994
1.74950736555341E-05 -0.00626340453239365 0.0115680958463177 -0.332785269947183
0.000432524304568971 0.00599051479959768 0.393608359867331 -0.176932245446488
-0.00541658981616002 0.00778584998513102 0.330961022550717 0.244952854161677
-0.00335684655042321 0.0143215125670438 -0.0121277877393161 0.292912353847783
-0.00647522757162277 0.00261042077468784 0.0236200914123655 0.0396302363357271
-0.00551662965650419 0.000702395669631836 0.116931627747237 -0.259898424982447
0.00349016695166014 0.00517868467013587 -0.285793435472281 -0.384178171440391
0.0101385596554767 0.00246616590990787 -0.52063615784646 0.116702866473275
0.00261997276736827 -0.0036387795258223 -0.0508047348832019 0.420212979868887
-0.00703625460147075 -0.000732246231704651 0.237475197717118 0.176511895690183
-0.00479975608742812 0.00395273097081372 0.179464470534287 -0.0692746498515855
-0.00926161428943024 0.00554512918758276 0.000495033621286533 -0.158554310946233
-0.00234655465489498 0.00229123864283177 -0.0154655600803402 0.131645346225979
-0.00383811272317041 -0.000373188683216015 -0.142730845748513 0.0526463455001178
-0.00639578516341294 -0.00508751825226712 -0.205243912706026 -0.11533705206762
-0.0023753357401379 -0.00646841337263527 0.0144350910020556 -0.331085730925044
0.000199915698338556 0.00774165345042662 0.395665165255995 -0.170980870955233
-0.00526786040234262 0.00873595156067783 0.329538722425618 0.249086940513476
-0.00383558571056959 0.0142283140809921 -0.0128506736882482 0.294029642661226
-0.00648990197234482 0.001438558242948 0.0237705700510703 0.0404636765755647
-0.00568303759817105 5.16509096350139E-05 0.11671442721847 -0.25863360741606
0.0036958854872436 0.00702059370725669 -0.286087709639308 -0.380227715022471
0.0106385427680502 0.00336957048037018 -0.519592000140809 0.120646393793914
0.00109573787422246 -0.00448511185237647 -0.0476472015388796 0.423683200489078
-0.0103769020473466 -0.0037108852409553 0.238762817739228 0.176155842610574
-0.00624017590608123 0.00158765424366814 0.180735520921089 -0.0708429968251695
-0.00861318871867927 0.00433730825484129 0.000505031718952025 -0.1584253919712
-0.0010345058570623 0.00155370699480391 -0.0157869347423765 0.130168401263586
-0.00350772962525138 -0.0021123652954777 -0.141812306231322 0.0499594196057046
-0.00767492315819329 -0.00741420967105314 -0.203686730988235 -0.119098031558939
-0.00418821786539968 -0.00666694502914719 0.0198360573650589 -0.329391654580183
-0.00064447148064363 0.00844487691680096 0.400349878312432 -0.162970711923945
-0.00573994158392052 0.00940375326560625 0.329766154303777 0.256796328257328
-0.00373391061647791 0.013686723754987 -0.0154289630992544 0.295605947394007
-0.00633062125134197 0.000257615286399337 0.0235829992653824 0.0404898515100223
-0.00528620141030851 -0.000763538450599483 0.114803864526515 -0.25876693024344
0.00342640873540549 0.00693634446180117 -0.289687257130474 -0.375104277176023
0.0108466670762594 0.00417838745358829 -0.515167486925454 0.130761016929103
-0.000898137542878985 -0.00455232915822526 -0.0400505187344596 0.424961878009257
-0.0122466081423987 -0.00546491265236945 0.241827558398922 0.173190363622731
-0.00667494970715336 -6.389386265473E-05 0.180786717906914 -0.0730028393387149
-0.00717827383450182 0.00286083447272766 0.000171835837523213 -0.15979830099071
0.00079864492053744 3.7195657164665E-05 -0.0157222364067043 0.12798245396686
-0.00226780195831102 -0.00335508864142374 -0.141281316249869 0.0458056429448578
-0.0078922100863067 -0.00868885617491412 -0.200392194243635 -0.123177872124531
-0.00517861337649621 -0.00671129686086297 0.0269767664615033 -0.328435257753522
-0.00220971598998543 0.00875694150160562 0.405499971083676 -0.151689366526666
-0.00783837929167015 0.00862959251994667 0.324166006506354 0.265327535089899
-0.00448101388339077 0.0122461464989016 -0.0192882247750339 0.296430977254045
-0.00546870471209915 -0.000179148812141193 0.0238438754213844 0.0401393579734891
-0.00569841131563169 -0.00111917417682214 0.112713231496138 -0.2589821527719
0.00179570307426242 0.00651519128732911 -0.29312389992235 -0.368426142985068
0.00905574450189047 0.00464119236647855 -0.508996177132673 0.142101336592261
-0.0018940381416549 -0.00377021465181835 -0.0318466655658092 0.425519652604869
-0.0129269852173264 -0.00612768305017112 0.245132441119143 0.16757006680056
-0.00592541026405026 -0.000967956490677546 0.180711104045693 -0.0765776974425312
-0.00455096891395736 0.00166524908527867 0.000188447339327261 -0.161244443601141
0.0032798394185131 -0.000559532231195941 -0.0148497491140826 0.126851906196871
-0.00116182329737214 -0.00372090867149533 -0.140524104004173 0.0417006279123193
-0.0068834263097947 -0.00862578991916247 -0.197378655291063 -0.127864642591031
-0.00490040626651226 -0.00563124231052076 0.0337899003240512 -0.326857807154749
-0.00493510472195796 0.00818440659454079 0.410653752165242 -0.140069911548502
-0.0094993751865264 0.00654000551608329 0.320397027458913 0.275863593336989
-0.00518666350397969 0.011051522305446 -0.0232023929486219 0.297355274223699
-0.00501114703047225 -0.00166801765632545 0.0240209937319634 0.0394358046905131
-0.00634270330448682 -0.00268676010946287 0.108401525826849 -0.2601061110122
0.000118578017458759 0.00526187818433048 -0.299927129418764 -0.357846174649214
0.00660693455007029 0.00497152147571007 -0.50444736176758 0.155713190125195
-0.00297267564392063 -0.00258150518477767 -0.021981518095979 0.425963120937435
-0.0115325075125303 -0.00608464957129277 0.248277394485138 0.162055960002818
-0.00392468508007194 -0.00152669759378856 0.180832263606806 -0.0807358866023808
-0.00249719271180284 0.000245983937882802 0.000386678441674467 -0.162930152877616
0.00548263103347822 -0.00147557489922814 -0.0140239552332521 0.124306088689255
0.00107257069189896 -0.00391267703230489 -0.139248234224562 0.038161712993588
-0.00483412363716549 -0.0068139914637644 -0.195241487651632 -0.133820598858161
-0.00394108807801215 -0.00454348849386621 0.0411655166039934 -0.327214119900507
-0.00735542895503785 0.00739563435685012 0.414872824444636 -0.130017839516621
-0.0122707787344071 0.00418284088030596 0.314500079938075 0.284244883155314
-0.0054383232470593 0.00920180099341026 -0.0274777148731383 0.298060121842152
-0.00533129625314592 -0.00206373162433345 0.0247090319958927 0.0388181538505898
-0.0074460620160309 -0.00327183202897734 0.104971645401024 -0.261363530408356
-0.00287186802021591 0.0038925788267794 -0.307749953582783 -0.349335481108308
0.00357622620817543 0.00518990736806426 -0.500766010153954 0.168114819421846
-0.00213382690272659 -0.00102334612409878 -0.014328217869257 0.427249416178214
-0.00951311560309785 -0.00457484334081203 0.250219192438047 0.156224070577595
-0.00249890315089322 -0.00166045370067254 0.180008717548485 -0.0849314846319034
-0.00010034028900228 -0.000489759903190685 0.000994653997358654 -0.165836257107691
-0.00373547836368853 0.00236034988215137 -0.00782103259968189 0.130283636226058
0.00139868210323141 0.00422871140934094 -0.140089790549291 0.0530416947483995
0.00345984172173406 0.00341553016733257 -0.20568394301804 -0.115567321196986
0.00405014569433521 -0.00346665974771886 0.0117968749612437 -0.332980520888679
-0.00321412872292692 0.00262455536060717 0.38988773167725 -0.174990465591056
-0.00779088725729632 0.00293233732020351 0.324099707660364 0.245261808996287
-0.00379516730627521 0.0123830652600156 -0.0118049439484674 0.290440028809781
-0.00730835193190867 0.0029640041041976 0.0248262641849345 0.0375781091022366
-0.00634032685417473 -0.00097669937509884 0.111528221351499 -0.263066905382926
-0.000262096513276282 0.00118521852493396 -0.295572656046446 -0.379453284137143
0.00607237614751532 -0.000115915733974342 -0.516377582923209 0.125337479412427
0.00639632019568476 -0.00122166854294144 -0.0408116670956309 0.417332042917203
0.000732946192401377 0.00510948182118051 0.237772309661688 0.167696424101857
-0.000241866640123608 0.00700867129051123 0.175261191207907 -0.0739336223763738
-0.0082995222015427 0.00673594851695475 -0.00437642357646297 -0.15706203407991
-0.0043316120487644 0.00248531370532098 -0.00894084793973408 0.130320018446283
-0.000706407965832215 0.00295362520540165 -0.140304548346715 0.054864240544067
-5.00444434822045E-05 0.000394994571138493 -0.204634966317216 -0.112436235772179
0.00231821006209149 -0.00474976274711955 0.00885200202169174 -0.331083279993543
-0.00063781356235817 0.00412643081310766 0.387074979326224 -0.179497282563172
-0.00587017016908904 0.00541795005540077 0.327549543852153 0.240501956345246
-0.00369915467403255 0.0136497113329981 -0.00999521850741497 0.291384531676368
-0.00717665599782777 0.00271900971458165 0.0245810397223489 0.0388239037930359
-0.00589785309891079 -4.0971085936814E-05 0.113531382099854 -0.261643095104914
0.00191481664050319 0.00344762742756411 -0.289563158431732 -0.381570654606656
0.00852794042332794 0.000843931727595902 -0.517458099334734 0.119130816394079
0.00436840090779178 -0.00268675731214188 -0.0449973305932357 0.417419297258756
-0.00295232468931014 0.00212747849682628 0.236927979506086 0.17121355530554
-0.00277076084796816 0.00586337563391296 0.175377158907512 -0.0715447515963675
-0.00884056065832189 0.00691545544614872 -0.00452670449996061 -0.15581387922231
-0.00401919962866597 0.00253577317624314 -0.00981206821696765 0.130694195687363
-0.00250946950069873 0.00117600502455356 -0.139995651916039 0.0552295725047431
-0.00367005126267521 -0.00248129116183164 -0.205296824844399 -0.110901214396742
0.000137484289787939 -0.00580232548815812 0.00921089328616879 -0.329937620792286
0.000297285338230215 0.00608249707604347 0.38958644582258 -0.178461763674899
-0.00466082031058144 0.00786052236507105 0.329368609136468 0.240103422180609
-0.00337932952954284 0.0138042570879995 -0.00941476001783192 0.292755142191991
-0.00678323192848482 0.00211216397973302 0.0241541608662246 0.039421087252025
-0.00555071628860488 0.000284464590786924 0.114409965302285 -0.260543009263016
0.00335042763449895 0.00537392127897878 -0.287845828469144 -0.380370772737805
0.0100904291067919 0.00205035930228744 -0.518508252822909 0.120429061817124
0.00312951324320798 -0.00371707366259418 -0.0460734210142588 0.418081606463408
-0.0069950108643679 -0.000814875900008799 0.237438177647128 0.172844595846504
-0.00464790065320294 0.00437275837188828 0.17638897632586 -0.0715326122827713
-0.00910117603472575 0.0056491453840807 -0.00490572447057169 -0.155866119354096
-0.00244971430879521 0.00186974982066096 -0.0103163303264797 0.129347364079451
-0.00378563123578943 -0.000595289076962588 -0.139172016050563 0.0545510607626822
-0.00644831399417017 -0.00472955406794541 -0.203769242681882 -0.112437302696343
-0.00249916200507063 -0.00632168288853404 0.012010046002747 -0.329280231503255
-7.64381975620759E-05 0.00753153341841806 0.391997360873667 -0.173768045066236
-0.00470974357540805 0.00880069625475636 0.330256102444931 0.244182325654835
-0.00348133547698525 0.0136460106863805 -0.00970612224422925 0.294097605686513
-0.00624564011744514 0.00107399947701099 0.0242105447735188 0.0402180558397994
-0.00529499439303502 -0.000404126465077888 0.113947498160544 -0.25907948508882
0.00400378685173451 0.00649599599228999 -0.287724141773553 -0.378453882496892
0.0111140385357331 0.00321407049916459 -0.514944280756704 0.124031692950079
0.000479454991171832 -0.00420013196380087 -0.0433481608780104 0.420231670372434
-0.0104396414447823 -0.00322708022294214 0.239575258988315 0.172092752319761
-0.00623470967028282 0.00173909318425318 0.177297988704143 -0.072208769136906
-0.00857869346621122 0.00491454998015718 -0.00503399310697095 -0.155390969790987
-0.00122971824513289 0.00124610816416415 -0.0109140603948055 0.127971412181306
-0.00339683005870029 -0.00204687466293881 -0.138959000356531 0.0511968404463749
-0.00804728868847655 -0.00725177699375542 -0.202247490951736 -0.115519191237245
-0.00377597478326508 -0.00673780852738291 0.016773031758664 -0.327473046219989
-0.000656892379791391 0.00834591406701182 0.397072283931371 -0.166440600999053
-0.0056512344370242 0.00921222703484148 0.328223739404794 0.252472745882613
-0.00373118317106957 0.012952232523358 -0.0124224143873246 0.295733413644043
-0.00613779428400708 0.000178982620604467 0.0234247251758275 0.0400406165536428
-0.00587672583730553 6.21144276410149E-05 0.112905623170125 -0.25919792016632
0.00344998286946534 0.00696119646036691 -0.291062752054884 -0.371272701846461
0.0107644215411892 0.00397801189551831 -0.510276192182368 0.135325014989509
-0.000748312831395342 -0.00397109939225369 -0.0366388449777838 0.421802954442601
-0.0121287532071622 -0.00518478497279183 0.241554692314668 0.168338222278313
-0.00636802817636261 0.000511699275362521 0.177569506294388 -0.0745701342596328
-0.00712739502980794 0.00281367451838689 -0.0052957628676567 -0.157317991943985
0.000975122108589877 0.000310884752447505 -0.0112159933419836 0.125621299227492
-0.00319646653986247 -0.00359138862281997 -0.138191674675061 0.0474460342540362
-0.00816774760107722 -0.00863174555015895 -0.199187062879712 -0.119388781053716
-0.00470906156618868 -0.00609570830379612 0.0243388889881612 -0.326858604506434
-0.00246912374350335 0.00893463384971289 0.400880347067453 -0.154638490601681
-0.00742159754616911 0.00831274835719684 0.324992651779067 0.261601030179636
-0.00380390816554228 0.0121396900948883 -0.0167198568235114 0.296113705052352
-0.00527692881252763 -0.000315107358677402 0.0244018018769376 0.039916981378061
-0.00573618346686084 -0.00113488680869767 0.109705755316886 -0.259739713276806
0.00208922101215875 0.00631112151528223 -0.296160571773416 -0.363785959177721
0.00930557096993011 0.00480600012992418 -0.505827126272994 0.146029151128544
-0.00214518157979291 -0.00330982604279093 -0.027780136526858 0.422669355278533
-0.013247253781993 -0.00607675162373027 0.244090050007926 0.163318935815555
-0.00615930112105124 -0.00113802336929917 0.177248033311786 -0.0782929588622803
-0.00496299623961983 0.00219266081448489 -0.00484101644412633 -0.158408195136705
0.00286130912541569 -0.00093470281989933 -0.0101522654962805 0.124241498918513
-0.00105662114581486 -0.00432068369642974 -0.137523851235042 0.043354459359489
-0.00708573531973485 -0.00813186932452273 -0.196949348930643 -0.1244335579757
-0.0049913257601772 -0.00542526478232334 0.0310565062678256 -0.325273133872907
-0.00462689351264458 0.00848826519548709 0.407548720472759 -0.143574875333291
-0.00996951349606292 0.00678439715879001 0.320322534910608 0.271928998510565
-0.00437082019735284 0.010480705694498 -0.0200935054629042 0.297222709751691
-0.00536609652314848 -0.0011246063891809 0.0238239992763077 0.0386661917485845
-0.00646179919537849 -0.00230701011581784 0.105581322901922 -0.260209972814949
-7.62277762715283E-05 0.005589254673592 -0.30080286220313 -0.35208905558087
0.00664115537912813 0.00469144188131312 -0.499022258405404 0.159125062355822
-0.00270031535461115 -0.00244579761282987 -0.0178228285508762 0.423077570862657
-0.0118403964155457 -0.00530146482219455 0.24695971921135 0.158128548807537
-0.00454341505968854 -0.00140066434285328 0.177378256849811 -0.0825455661398933
-0.00284239361582961 0.000294863900262162 -0.00519560764362995 -0.160491481227203
0.00489566135144777 -0.00184594904606659 -0.00940740411121139 0.122020336962413
0.00043760852356182 -0.00432768001325475 -0.137180037183846 0.0399388975572191
-0.00476904054112288 -0.00680985914683916 -0.194143973144553 -0.129861146326162
-0.00431152080433433 -0.00457507534938134 0.0381940956234485 -0.324792843973357
-0.00710954351552578 0.00732047528254935 0.411133892069369 -0.133836283330308
-0.0116764643908229 0.00417751649953969 0.314867846758604 0.280866121440079
-0.00510830663090994 0.00942610892491905 -0.0238976174454418 0.29733073375116
-0.00502330747391092 -0.00155040218115162 0.025257030375133 0.03798755937843
-0.00717133248009111 -0.00303335543781518 0.101971869792684 -0.262049469240167
-0.00238227173365611 0.00400564062316674 -0.307263870294343 -0.346132364986063
0.00410364752978089 0.00463248570949668 -0.49427591826474 0.171440958107094
-0.00191106487520067 -0.00132291004443594 -0.00969555957245306 0.423590887593045
-0.00904915544775358 -0.00374933337103361 0.249462718602453 0.152772922568122
-0.00203597751758332 -0.00178893202144253 0.176918549906107 -0.0860581144814125
-0.000634300148683564 -0.000344370957492486 -0.00463436242784994 -0.162606536356468
-0.00380803348114371 0.00193726976910553 -0.0034137026897234 0.126454226494708
0.00128652665816523 0.0045433703394594 -0.136617206811547 0.0536459468226699
0.00350902614640567 0.00346888309418946 -0.203025268039298 -0.112149400928205
0.00413663524149124 -0.0041900785523302 0.00837696857179632 -0.33028038768325
-0.00318073327592496 0.00239974427582045 0.385478065337353 -0.177439225348926
-0.00756136304794344 0.00303119424391817 0.323498080212899 0.241979359826266
-0.00387336598322586 0.0126562116685005 -0.00959158036877798 0.290963369667352
-0.00698750775724574 0.00243289795365341 0.0254523155476811 0.0371308156270537
-0.00638907762227926 -0.0011406979355298 0.109040179572742 -0.263785391249878
-0.000471986485477058 0.00120315770710484 -0.297564498908913 -0.375356492809681
0.00531832471439828 -0.000388219759645826 -0.511493396156934 0.128605514891117
0.00607248796473814 -0.00157346030036785 -0.0381101882303285 0.413453270600088
0.00136575931448797 0.00520251759069876 0.236378048294507 0.163792883587159
0.000148942140586321 0.00674074943501965 0.170440469867944 -0.074710286469796
-0.00773969927427774 0.00661732896220103 -0.0102469520489136 -0.153495754310362
-0.00437426052455898 0.00280336418552171 -0.00355304591017796 0.127780229333128
-0.000831412985693079 0.0028955642533429 -0.136424854373822 0.0555763489937835
-8.16992482198719E-05 0.000240025114153175 -0.203600255224932 -0.109554591446205
0.00238284716309671 -0.00508500591301615 0.00587774109938873 -0.329073549222619
-0.000724899577912519 0.0043983096206664 0.383979166750396 -0.181513647345086
-0.00575607143714442 0.00542669380187221 0.326379684460549 0.237382345642593
-0.00293736526987147 0.0133906365688309 -0.00699315997125603 0.291080066674798
-0.00742581023865701 0.00286230768741076 0.0247543146290162 0.0383966502947251
-0.00606126724516716 -0.000530859326437321 0.110690351936636 -0.261983277020623
0.00180235403007984 0.00337466322915484 -0.290829309712422 -0.378509379758418
0.00778628087083 0.000598097441457408 -0.512480457728288 0.123227020458327
0.004132386274635 -0.00265476123815754 -0.0408443598966184 0.413964084276459
-0.00249810710589611 0.00267098927941686 0.23538625094945 0.166534801408724
-0.00279620367277201 0.00564797812578886 0.171676910875691 -0.0730783624166543
-0.00920576052230277 0.00718900440684588 -0.0104617750906977 -0.151935572660051
-0.00441344787507997 0.00198489812894567 -0.00483312840909478 0.127698050118632
-0.00264401628654506 0.00121644756857122 -0.136857134855347 0.0563579303996449
-0.00385593882150546 -0.00234353292703479 -0.202889187202232 -0.107120752406117
-0.000378675061842537 -0.00576810099423316 0.00605935967759456 -0.326667213771224
0.000468016842037606 0.00588239077983425 0.384983854181072 -0.181695335114368
-0.00442382810956595 0.00773311247367812 0.329527680628083 0.237923045269581
-0.00259887870981795 0.0134268782949092 -0.00625327138042227 0.291530658977996
-0.00698492451481967 0.00222079931505084 0.0247812258136051 0.0393554022361005
-0.00576474405316837 8.04065895834974E-05 0.111324112814759 -0.260702922811583
0.00333932062857942 0.00540999828258804 -0.289464796789631 -0.377767357367548
0.0100357800632925 0.00169183579861059 -0.512527626081352 0.123952373676886
0.0025425972359731 -0.00378973565474173 -0.041727481924544 0.414771623986956
-0.00706946101006135 -0.000294535633757956 0.236443630279657 0.167498849946129
-0.00422766504596637 0.00365550662258435 0.172309610797402 -0.0728373194226831
-0.00971521505046099 0.0064853991306416 -0.0110427377425828 -0.151916129880582
-0.00273502516271988 0.00176800376471706 -0.00529762605508483 0.126946769138259
-0.00397918242479359 -0.000743946774358288 -0.136346290683889 0.0551429490808297
-0.00649709329691809 -0.00465597442258427 -0.202299989654908 -0.108939539943323
-0.00224319655783085 -0.00626242599814783 0.00951025004357075 -0.325822363531016
-5.29550750772226E-07 0.00745967718020633 0.387765834756055 -0.176216072392812
-0.00462821564642743 0.00843134277563424 0.329162452108789 0.24121345068472
-0.00321554631999264 0.013463469378115 -0.00669830288640236 0.294066262225867
-0.00619710410827638 0.00181433377735165 0.0241082576120851 0.0396733818990302
-0.00559761275153293 -0.00011683376142334 0.112427383014269 -0.259482001237808
0.0036495069034101 0.00637284914581284 -0.289489292638258 -0.374408391546796
0.0106231127110664 0.00247430025004082 -0.510671026781694 0.128147674224855
0.000327046107938768 -0.00443799922903569 -0.0395991546046531 0.416401841515268
-0.0102752572434639 -0.00306541802262059 0.23866370579595 0.167530971406478
-0.00611962780813104 0.00173357368659373 0.173177503054821 -0.0729258501390952
-0.00914021377593723 0.00480220245934229 -0.0104673110874246 -0.15304515598755
-0.00118020805690493 0.000682573817590302 -0.00582820268006588 0.125776089512167
-0.00410936530448436 -0.00200780510680508 -0.135949961956289 0.0521927334181151
-0.00863054430310496 -0.00684745871877588 -0.199942742428773 -0.111403538654093
-0.00438996071822246 -0.00609709415525564 0.0150664435400976 -0.324973936454579
-0.000824085317670253 0.00855531777198798 0.393203708964156 -0.168119905636253
-0.0053708450791532 0.00916269319663677 0.327800594317277 0.249822568810015
-0.00326733367589736 0.0129343598685621 -0.00978862007639647 0.294924414251336
-0.00596238216865648 0.000104563163323601 0.0243656034554861 0.0396584154887069
-0.00562135704463364 -0.000558361416022062 0.109735772134371 -0.260164891771834
0.00342882385146104 0.00684416580595438 -0.292042334679293 -0.368573134079623
0.0107365938791369 0.00330743650486346 -0.505614096694318 0.139033706044713
-0.000879047085771494 -0.00406307719512673 -0.0328585302984528 0.418526421119548
-0.0123394982884836 -0.00524376201695074 0.240826608301353 0.163995388937041
-0.00684912335191047 0.00023898755034092 0.173937629756248 -0.0759997162222707
-0.00695288504185848 0.00295228863648724 -0.0104175158595448 -0.153898819997486
0.000642856795636886 -0.000199980425497992 -0.00614012892203785 0.123639266668469
-0.00290365985825585 -0.00368665677211475 -0.135241443177396 0.0486138565406554
-0.00877237625376508 -0.00831522594009041 -0.197961266775134 -0.115017260074579
-0.00487302340580964 -0.00609920334874746 0.0212972679022776 -0.32322383953223
-0.00238948066346098 0.00911982552699287 0.398383696492222 -0.156886136419841
-0.00694100915561352 0.00828148050595275 0.324780078961017 0.257977960796629
-0.00367184638911366 0.0119494273076777 -0.0136232180620357 0.29557506083448
-0.00527113272788452 -0.000269526712372619 0.0243493805063098 0.0388730094983828
-0.00603634062000744 -0.001444614694283 0.106244742987955 -0.259965748805095
0.00180548610279461 0.00622370545022062 -0.296394307505615 -0.358323557006417
0.00909869385144525 0.00451813766693019 -0.501269353264342 0.151144267908345
-0.00182142045157737 -0.00391040350820059 -0.0227097641318714 0.419736000163349
-0.0128013699840843 -0.00539689584751929 0.243242131698012 0.159366604159544
-0.00641466130505115 -0.000693873245118717 0.173459190542053 -0.0792470089880701
-0.00511528053159857 0.00197319784058213 -0.0108193917484121 -0.154778339427396
0.0030981522895161 -0.000899442770665214 -0.00526998452675632 0.121350894380452
-0.00207703252495339 -0.00444238905313052 -0.134182502295009 0.0444325739077753
-0.0073874170600921 -0.00787568216716139 -0.194969179921575 -0.121043935318615
-0.00487176968316236 -0.00503135880041954 0.0282292328547234 -0.322615374944687
-0.00416472013689155 0.00827749567638419 0.403493856490351 -0.145748853409047
-0.00951386147521644 0.00625593810755722 0.318900031747335 0.269033155370498
-0.00395332151168803 0.010278713626645 -0.017385871828455 0.295992938996327
-0.00540876263721167 -0.00173843895682225 0.0241170008455872 0.0382352959708127
-0.00650510509069452 -0.0025465187743024 0.102939509596457 -0.261011623914375
0.000517147905572197 0.00582467718129807 -0.302924617077246 -0.349673405222693
0.00677315862404726 0.00476539819296536 -0.495163719873491 0.163015174493631
-0.00239863471439349 -0.00212833397656729 -0.0140366590300399 0.419846344161143
-0.0118491928095492 -0.00533026177600415 0.246224034648188 0.153602571307135
-0.00485026712503899 -0.00216565136825644 0.172933040871981 -0.0835064826417954
-0.00307157094632199 0.000445562326416385 -0.0107695332655592 -0.156523513881982
0.00497803193407435 -0.00197561692439061 -0.00432562626294205 0.119884504497324
0.000282209883839134 -0.0041378853367799 -0.133993097098211 0.0414133316471397
-0.00501113245884129 -0.00712446032556551 -0.192873197659028 -0.126118466201976
-0.00446576056258878 -0.00419040682813212 0.0350751490333786 -0.321572282125981
-0.00686587824892219 0.00775247182026719 0.406919206633793 -0.135830758294065
-0.0115241455291141 0.00454391813910181 0.313862243435723 0.277077995071571
-0.00502859573911073 0.00859274481660419 -0.0218714281613194 0.297731957167215
-0.00475168357103334 -0.00203711421213933 0.0252979121560616 0.0375104555305861
-0.00725725444834051 -0.00355344009895677 0.0996236578687771 -0.262390393694356
-0.00233062236111777 0.00370302219349287 -0.308403563999683 -0.343083030476717
0.00429391066516622 0.00462064984687586 -0.490129241836608 0.174942762922616
-0.00201897755064216 -0.00110708414018532 -0.006257243303772 0.419507674625927
-0.00925477589425323 -0.00426121711858455 0.248025696396893 0.147558712702356
-0.00266101334448924 -0.00197304040718913 0.172762808236605 -0.08723849522899
-0.000607319063637608 -0.000566340979928458 -0.0103741482395864 -0.158251654226561
-0.00367703671426517 0.0021386246455746 0.00278439487739867 0.122360006991938
0.00161717701450877 0.0038982647069244 -0.133202134662934 0.053641571048876
0.00419581577935326 0.00294906453234684 -0.200885186703076 -0.108557981945291
0.00371372867668633 -0.00388271472086797 0.00667094336253308 -0.327585384524782
-0.0031716001501643 0.00248086114207852 0.381359173930707 -0.179163354858355
-0.00753279242493471 0.00285604738249412 0.322762983750933 0.238593117876963
-0.00310645694490624 0.0117609577801731 -0.00651325552475037 0.290137729289185
-0.00718546096950605 0.00305880268702387 0.0256809208486912 0.03735544893139
-0.00606193396243752 -0.00057963778846095 0.106299796420335 -0.264345776945991
-0.000804507518837789 0.00123913440487875 -0.29927446800697 -0.372579357151342
0.0052065346438959 -0.00028824794561757 -0.507762532308035 0.132584309363448
0.0062769684186272 -0.00183436454493025 -0.0342361659510278 0.410280994122662
0.00140663858949974 0.00438674347040238 0.235435971464297 0.158353743365946
0.000124657522461611 0.00631957485540317 0.16652703743922 -0.0753501944423928
-0.0072058381098475 0.00733745884129605 -0.0162986662168229 -0.148347756208973
-0.0045215083685673 0.00220433880778597 0.0022418094844199 0.123822397689
-0.000800105898675215 0.00283089071323153 -0.132826332628263 0.0561490312827549
-0.000169023436842933 0.000451602601163074 -0.201042784623067 -0.105577025699727
0.00197054511807892 -0.00501043722310797 0.00366604103052629 -0.325668081922289
-0.00101637892100339 0.00427213926006833 0.379138651423589 -0.183033875362541
-0.0062520754158423 0.00524136378567859 0.32681049688607 0.234823120960849
-0.00290121425320274 0.0129455198916674 -0.00411765375647738 0.291327437503703
-0.00708992830059607 0.00277343327181572 0.0257510599764807 0.0378107863379725
-0.00636195398274828 -0.000177864292418044 0.109000826180692 -0.262153103639847
0.0016634478634552 0.00339516234199718 -0.29248369655458 -0.37510761538392
0.00807751270907934 0.000478053489427599 -0.509457390044 0.126998781534845
0.00421678519775534 -0.00290376106763326 -0.0385549223766576 0.409971344246807
-0.00241392849098912 0.002569765615293 0.234069163753377 0.161446107325845
-0.0026872116878412 0.00541523317466357 0.167276629380206 -0.0735810612758191
-0.00889918761997107 0.00735369837038654 -0.0165053720882704 -0.147414739870608
-0.00393353267768928 0.00206424407110734 0.00124590634216831 0.123789622256026
-0.00296044075422799 0.00124950554502909 -0.132323275319977 0.0565105485807517
-0.00358672229061935 -0.00210634871043467 -0.200567306283279 -0.10381623739774
-0.000195711930068137 -0.00546518549284652 0.00440156831372145 -0.324429815423014
0.000301876170889513 0.00561879144163201 0.381171686444102 -0.183152598896797
-0.00467240577735859 0.00741849282502757 0.329443664872453 0.234342883654666
-0.00216542358816922 0.0133866033685447 -0.00427936910145524 0.291728629967213
-0.00742316620861586 0.00216736822751763 0.025028376243028 0.0387851326583295
-0.00579768248685109 0.000165177102283674 0.109750095031379 -0.261425921534152
0.00325471556768559 0.00525092328463105 -0.290265454396855 -0.374388535491564
0.00990545244003908 0.00164306695096067 -0.509611107968474 0.126308082382019
0.00245475289917909 -0.00394402337912041 -0.0385167995576372 0.411138251097546
-0.00685521488452154 -0.000446207937541626 0.235625175052167 0.162899266957541
-0.00438884032782229 0.00375818078939255 0.167998584342781 -0.073575610786469
-0.00926846619960635 0.00642332421874142 -0.0166264184964449 -0.147354969362504
-0.00336319702879602 0.00161607772532523 0.000397039489973634 0.122942372377287
-0.00386195823204741 -0.000249259589116169 -0.132419300712457 0.055352654650915
-0.00642327431044127 -0.0048215232891395 -0.199517112148911 -0.105078607270059
-0.00253816039671856 -0.00561734453058671 0.00763208491332644 -0.323088334471445
0.000146072974436278 0.00771004539868958 0.38430702651086 -0.178203122647997
-0.0044287558360841 0.00856650060763696 0.32843128526226 0.238020700585546
-0.00240450586478685 0.013428833369578 -0.00475470538446367 0.292873058173349
-0.00633490908377018 0.00126982715245066 0.0250122023908917 0.0396843739058433
-0.00564156822385502 -0.000471198882121758 0.109474353797271 -0.260812493790954
0.0036827417607691 0.00598008322592763 -0.29043101418122 -0.370951445855846
0.010828535223524 0.00269158623892464 -0.506633699210489 0.131113998063416
0.000651351782056826 -0.00399695689955048 -0.0358543261423626 0.412507037752477
-0.0102396304513765 -0.00291890551839957 0.236702921576964 0.162383806090628
-0.00627749555783905 0.00199303607497958 0.168394045688653 -0.0743327812119656
-0.00780244744558827 0.00483506612912742 -0.0167973958651448 -0.146923540589222
-0.00150721669284213 0.000686751817207906 0.000168255815184323 0.121909332316473
-0.00418603060560669 -0.00239835422122546 -0.13199933111556 0.0530548111526368
-0.00847397335244817 -0.00616865803503108 -0.196998160176362 -0.107866648967392
-0.00421094821986921 -0.005595013388865 0.0130752932915977 -0.322553920356229
-0.000457839752190706 0.00871865850163263 0.388761949921824 -0.169844284712061
-0.00502728356055608 0.0088981535853385 0.327571736156687 0.247246437040262
-0.00307453199854092 0.0127653315119539 -0.00698269684151544 0.294326816204052
-0.00601098626785386 0.000825000209583446 0.0243684171976975 0.0393129158055664
-0.00577184756825179 -0.00103397180112207 0.10727138708802 -0.260873132377009
0.00323848376458365 0.00666543732893308 -0.293650970868322 -0.363519688957235
0.0102829853534688 0.00348082264490358 -0.501028105586846 0.14189891608372
-0.00068565031487996 -0.0045279906849814 -0.0285738837155577 0.413990906843067
-0.0126139004227507 -0.00422484995825322 0.239138116731319 0.159118715929217
-0.00661081134405282 0.000320264622566368 0.168392776129443 -0.076892506982618
-0.00720343077857263 0.00324747570448633 -0.0164141330177636 -0.148357289166874
0.00014258937241832 -0.000355161284737035 0.000140948372376011 0.119819189919649
-0.00368587603630251 -0.00350824891761736 -0.131372206161464 0.0487983155469588
-0.00873137784806233 -0.00725921201446903 -0.195739298544433 -0.112688061360902
-0.0044229122673322 -0.00556537171735906 0.019258170709168 -0.320427619712695
-0.00165424588730114 0.00900944467127843 0.393783153704033 -0.15874189629215
-0.00665955169560578 0.00799419920002356 0.324489310630026 0.25672465410917
-0.00331496066225143 0.0111787081574003 -0.0111251911647813 0.294942411419134
-0.00563843821338556 -0.000544495172306651 0.0249215752779052 0.038431576319185
-0.00583564664379922 -0.0018969671730061 0.104578015908905 -0.260858167033951
0.00220112509087401 0.00616811008915267 -0.298276958628075 -0.356382534669287
0.00899968416367714 0.00405304460881501 -0.496094963181777 0.154315118672584
-0.00206177952150272 -0.00286298582310765 -0.019449041542316 0.415914988207186
-0.0128539211011998 -0.00475224783289558 0.241493881544344 0.154482700713676
-0.00592216771370193 -0.000845866339477595 0.169170727743022 -0.0804621584320993
-0.005480465513058 0.00198396750840035 -0.0168122917163106 -0.149872489427615
0.00251725437118532 -0.00160495758328693 0.000633597512622362 0.117959295115571
-0.00193084176336143 -0.0045441906382268 -0.130569979511194 0.0453529246035696
-0.00830425789981163 -0.00739033771866242 -0.192901624166819 -0.116784437387544
-0.00472735908737997 -0.00462827014752768 0.026741555077676 -0.318901812751716
-0.00355640929440236 0.00854941419440408 0.398810538419455 -0.147253204792129
-0.0091049615589951 0.00641233274386028 0.319744304355217 0.26571449203443
-0.00383322191739533 0.010138655380462 -0.015177610519708 0.295702688096884
-0.00510607029394272 -0.000883070564572092 0.0246837051090741 0.0378476500240661
-0.00671877076821523 -0.00221959339294249 0.100843591020002 -0.261340946175356
-0.000287651204931426 0.00546916735716555 -0.302702939172619 -0.346672000370031
0.00690831643387903 0.00452470768647128 -0.488828515674643 0.166621139944549
-0.00268361922474413 -0.00156012710598459 -0.0108200084178025 0.416335320605571
-0.0123161748345031 -0.00467342289927949 0.244178641911684 0.148302671570628
-0.00475193018518625 -0.00187226108929861 0.168279673433406 -0.0844635659392572
-0.00317886741987556 0.000735388788016061 -0.0167558978378865 -0.151096927982915
0.00479069130957502 -0.00256327696546499 0.00158916343016074 0.116381138280472
0.000235817668823615 -0.0039528106072546 -0.130535376472424 0.0418840651221272
-0.00568918361708978 -0.0062995013901561 -0.191303330227257 -0.121900890079539
-0.00448062059032514 -0.00369559825338829 0.0335696337892309 -0.319173969572194
-0.00709669344375642 0.00778008273457514 0.40389047958262 -0.13767643122466
-0.0114658187837484 0.00425465239797014 0.315458622139391 0.272939413589266
-0.00432032093175862 0.00906677054460354 -0.0195802673301926 0.296756258713185
-0.00499592863634343 -0.00161589198719554 0.0253594868407771 0.0368244068117567
-0.00673043914570912 -0.00333696371016475 0.0972477198699601 -0.263308495176518
-0.00227720910707322 0.00377073715560628 -0.310753979024312 -0.339072756515078
0.0038703623259978 0.00472271378857178 -0.485693392394438 0.177872652647825
-0.00211888463880624 -0.000459284062815521 -0.00254513265019563 0.416543809648901
-0.00993219959247756 -0.00372323725602325 0.246194667283372 0.143985945458367
-0.00269802682767208 -0.00190687395761886 0.167514540505253 -0.0876716099841745
-0.000871645552153719 -0.000608918711687487 -0.0159249971884451 -0.153407138423648
-0.00341490652934024 0.00246339139213302 0.00867452142430488 0.116458512134874
0.00168408274211496 0.00367625334898439 -0.128538212338185 0.0537057214465403
0.00413330951141437 0.00254139158767441 -0.198114884534666 -0.105262111380906
0.00362759495958132 -0.00436787272379484 0.00498670934400385 -0.323965840699479
-0.00350780786219934 0.00261178510226994 0.377179707731277 -0.17962329604615
-0.00767211325996645 0.00253967872823638 0.321992561674787 0.236127099159459
-0.00281679788441286 0.0115333863242909 -0.00422728782022132 0.289912206274612
-0.00724013436762402 0.00304290849628362 0.0268777971818413 0.0367029988864796
-0.00715281624382803 -0.00106583207116293 0.104075726540078 -0.264797553850691
-0.00080492089443311 0.00130123697347134 -0.299634351553153 -0.368580704470146
0.00486609365862585 -0.000855279548553082 -0.503494689500314 0.13428278854225
0.0055959007676529 -0.00239705848944852 -0.0315838541003818 0.405299525686769
0.00125348316773148 0.004321253900366 0.232598088049737 0.153422736805301
0.000956848467117004 0.00608490437049176 0.161715838337412 -0.0760778470028911
-0.00721501214250833 0.00765965199965714 -0.0229552507990436 -0.141850972831482
-0.00415958730003671 0.00223046158580426 0.00819581216985797 0.118161298729197
-0.000989247067609819 0.00243003693404418 -0.128565326985309 0.0559953782960455
0.000418100473515198 0.000427332239822256 -0.197408728126357 -0.102623454268707
0.00226958601107302 -0.00524376892519422 0.00305790237147022 -0.323328668941273
-0.00128436603585259 0.00401270980627066 0.375576379086369 -0.18389684234726
-0.00568367802074736 0.00478580468575583 0.325366808424946 0.232480137240489
-0.00245470040563098 0.0126754489991457 -0.00163357895670945 0.290820849418211
-0.00760681580351013 0.00286556910792754 0.0259593014679549 0.0382535475321534
-0.00658992430728984 -0.000707818898635476 0.106683775916305 -0.263393532138786
0.00117211593679843 0.00273567444393382 -0.293969278468317 -0.373155920393133
0.00771924564488396 -8.56856993949346E-05 -0.504307486372385 0.128517586280068
0.00439170507606341 -0.00272157963379493 -0.0358612757009482 0.405942398466561
-0.00255204208204146 0.0023364437852653 0.232443679270777 0.157540695014168
-0.00183230584820849 0.00531031454733862 0.1626373114564 -0.0742896900197028
-0.00848618216244308 0.00779129892347183 -0.0232124106740609 -0.140667125881022
-0.00431410717281405 0.00246099088247699 0.00725908561233026 0.117999513781047
-0.00294822474072298 0.00135259174538653 -0.128033562314067 0.0561313443543002
-0.00342011733786547 -0.00203139774987133 -0.197167722140691 -0.101230187437698
-0.000440394148316377 -0.00578832229719793 0.0030401604027651 -0.321144395021108
-0.000196945328314755 0.00582534874752192 0.37680827560005 -0.18356582920683
-0.00439270171090648 0.00751671523654771 0.328429661688799 0.232359614540109
-0.002073930083212 0.0130051261125598 -0.00123371065178454 0.291665190306985
-0.00712700900799259 0.00163104366400908 0.0258815189127877 0.0385270664961827
-0.00651104191331838 -0.000247338460601502 0.10711654979872 -0.262043613788749
0.00273996546281004 0.00521670331011969 -0.291025407716176 -0.370338551022224
0.00955620276155437 0.00111658430301541 -0.503467966507556 0.129795296511746
0.0023579901879507 -0.00397675306014944 -0.0361932467194166 0.406582794358801
-0.00629455263937148 5.03137003558763E-05 0.232529373202516 0.157771188206262
-0.00438364783924643 0.00380242137647079 0.162903919578026 -0.0739113931150105
-0.0086869274447577 0.00669541165666876 -0.0230316848437972 -0.140159212808361
-0.00302481736601127 0.00105801067555053 0.00622778799920817 0.118022768458717
-0.00469124911826616 -0.000653100237115044 -0.128359529243733 0.0558684363688252
-0.00662065568113311 -0.00429789464767825 -0.19577061266117 -0.101544654079845
-0.00215519875952584 -0.00563378413897631 0.00636191495923165 -0.319947675920794
0.00038098712067232 0.00800238408931326 0.37963797353929 -0.179442499831195
-0.00448935980159394 0.00864345376014785 0.328281890524115 0.23590767511967
-0.0028521917405318 0.0126307417931709 -0.00232311894681749 0.292617794322373
-0.00685324666038025 0.00126465863955253 0.0256553297502011 0.0389124528956287
-0.0063414489887592 -0.000784906232851894 0.107147371380661 -0.261259123223172
0.00369069973947655 0.0058417430108259 -0.291741696664548 -0.367328633764615
0.0109036473248834 0.00186546359975757 -0.501206123747399 0.134662907999936
0.000428648094940717 -0.00408298951987928 -0.0326117885652834 0.407907440604722
-0.00992856915607258 -0.00232304972653518 0.234389576507225 0.157423439393406
-0.00600877848401468 0.00218447067110702 0.163988774573738 -0.0742234503494974
-0.00881810107612805 0.00563820575615472 -0.0226943512934625 -0.140555896517363
-0.00174350787865705 0.000155427651471438 0.00629485989621469 0.116809969442902
-0.0046668485147246 -0.00186388964215883 -0.128272235703129 0.0526079003946652
-0.00895444782186477 -0.006118009894716 -0.194859235885121 -0.103865264110075
-0.00389882074561778 -0.00528889605617156 0.0113820003790247 -0.318897706458803
0.00019431836725287 0.00856489280657002 0.384321100846746 -0.171146572499023
-0.00476215015670303 0.00845694222063461 0.326728185960386 0.244843598784428
-0.00234069137689115 0.0123802050147939 -0.00466819372985564 0.293842134902183
-0.00625525363655267 -3.15222306083965E-05 0.0250197279966878 0.0389961025602678
-0.00583862569951425 -0.00121949017864311 0.1045052598074 -0.261193518629271
0.00356209166834694 0.00617645909983688 -0.294922133271642 -0.362609934178155
0.0106302110266494 0.00307523001586235 -0.497477876189224 0.142476420472587
-0.000811581905753763 -0.00389340237952147 -0.0261475109473285 0.409683143517326
-0.0123619183298796 -0.00368611770128586 0.23703137852287 0.154180069402426
-0.00717276506496081 0.000563030951001743 0.163705241210635 -0.0767972409118695
-0.00779430450670331 0.003327316191117 -0.0231990208426967 -0.141834460078482
-0.000149006872459351 -0.000608073133150858 0.00624422500897803 0.114917250166823
-0.00425275073107914 -0.00359935751892906 -0.127089092921248 0.0492323915958891
-0.00902520379420668 -0.00712587838696142 -0.192273883854028 -0.108731985698108
-0.0050665709748631 -0.00453171886971124 0.0186022878205655 -0.3169370374569
-0.00201275194338154 0.00924110614001507 0.389687705828448 -0.160784517166803
-0.00673234170493052 0.00817023787020208 0.324665266153144 0.251202995483603
-0.00355530675762084 0.0112991645197252 -0.00915017913087149 0.294765201071179
-0.00541067972413211 -0.000355653490311317 0.0248771542804753 0.0384319326082005
-0.0063544413264388 -0.00202067322915977 0.102402142554018 -0.261276373889653
0.00230257632274038 0.00586814840104441 -0.298275037407662 -0.352832303981669
0.00912569136400061 0.00399741579650683 -0.490352093983775 0.154543483332996
-0.00219080669556194 -0.00310742978613724 -0.0174099352135459 0.410520609002509
-0.013285657560582 -0.00410852035680676 0.239114578652982 0.150054154623283
-0.00681699942688684 -0.000819582291288056 0.163858063383494 -0.0800749949642089
-0.00570924247769476 0.00193456067218429 -0.0225935358661551 -0.143238590037906
0.00180486530445079 -0.00223832386673265 0.00717344371590057 0.112989495325995
-0.00259179486771634 -0.00376932062243795 -0.126496468149085 0.0455250102838487
-0.00778985292641038 -0.00687438782315847 -0.190108228214138 -0.112977015223096
-0.00515463303475309 -0.00413524388142479 0.0255597937071689 -0.316450349840352
-0.00435658547274208 0.00875547499685201 0.394803740281795 -0.149166342083378
-0.00879651273697879 0.00562009001530803 0.319869987521124 0.262447774953827
-0.00354501162556605 0.00948353852490861 -0.0121245302816039 0.295110769294882
-0.00543261084870542 -0.00126044939645138 0.0251073432325277 0.0370944792665199
-0.00688883634410161 -0.00271880542892538 0.0975583283566658 -0.26250958077816
0.000136731012153525 0.00509984732770887 -0.303238626244327 -0.34417002326458
0.00710794002421193 0.0045563124129061 -0.484754168040315 0.167654142146229
-0.00239174275738622 -0.00175472341850139 -0.00889928877917156 0.412223462519238
-0.0123462959985918 -0.00386228923769692 0.241979109256083 0.144020774500751
-0.00502892012620071 -0.00137115132961126 0.163133603024625 -0.0843692639782144
-0.00398819499203021 0.000112431235712516 -0.0229734869447511 -0.144814297028983
0.00383021301135484 -0.00343696521477534 0.00767170789197363 0.110458488963973
-0.000777678542680696 -0.00432813208482152 -0.126935235138426 0.0422665429551324
-0.00565698332033039 -0.00597320871105099 -0.188173472676369 -0.118019798970796
-0.00448127429863808 -0.00346439725351016 0.0321123130644878 -0.315743813512909
-0.00611948624854431 0.00801798190131328 0.399550738625434 -0.139443436161549
-0.0108943563939339 0.00401853464264437 0.314677018622764 0.2702017894519
-0.00403178352643646 0.00898098007926037 -0.0167706248758223 0.296523425403945
-0.00512268490576104 -0.00143438274934937 0.0256545939064444 0.0365108590776016
-0.00715326167116767 -0.00361176244307535 0.0940706009883218 -0.263563883545766
-0.00248277416884229 0.00360424614331873 -0.311106515022479 -0.337958501474743
0.00388544666325904 0.00452122795987842 -0.479715506498263 0.178857660656607
-0.00204964051963822 -0.000432344061708253 -0.000547877864552281 0.41160752660211
-0.00969136797440906 -0.00319361779275298 0.243349870749043 0.140256868067401
-0.00308817948039315 -0.00142550251213854 0.162588253648432 -0.0880092947169385
-0.00118576030432786 0.000142500586740819 -0.022965000677554 -0.147020195764898
-0.00359651075530164 0.00254358676439879 0.015401301506105 0.108842786094644
0.00165027823011324 0.00341695403522137 -0.123570587010534 0.0516853653333863
0.00425469110704115 0.00252733262438115 -0.193443667336249 -0.102490708188652
0.00333793480860033 -0.00440284872251848 0.00430990077693373 -0.320247348647131
-0.00349167874563173 0.00264095532864599 0.372364145999588 -0.179611564615902
-0.00781538194581058 0.00236600953697953 0.321842980236278 0.236255529919565
-0.00308368118731986 0.0114135856340676 -0.000596013861948762 0.29081117608444
-0.00789551924121678 0.00287935810967322 0.0276395044062612 0.0365939699306011
-0.00705330797013921 -0.00130408905056781 0.10163995514031 -0.266354126940661
-0.0010606764177605 0.00102009040715204 -0.30120496534406 -0.366063369616677
0.00433992889624165 -0.00085313108522207 -0.49865178885565 0.13615350108802
0.00546073865981032 -0.00291035164259585 -0.0303898206581235 0.400730169587934
0.00186218139709866 0.003619751184317 0.228984542406807 0.148724021806534
0.00116408459367577 0.00579012674417133 0.155434411232735 -0.0754581003201357
-0.00611714504752839 0.00759521243384268 -0.0293181954888259 -0.132850128062628
-0.00460341787606183 0.00296415983933926 0.0149852977800443 0.110252806600419
-0.000741056550871008 0.00236335246713324 -0.122974189615588 0.0546221376758639
0.000192970582766819 0.000240378735897386 -0.193428478875402 -0.0989921902298343
0.00141494776345202 -0.00568306629228428 0.00276721903886309 -0.319434417568847
-0.00134137686783048 0.0041739639920833 0.372064828031012 -0.184030199572893
-0.00562893461292257 0.0047290192022316 0.325583345029048 0.230980478035054
-0.00245424582468854 0.0119106697315161 0.00236735441632275 0.290345596450416
-0.00788016662956928 0.00268053636543804 0.0269468529405825 0.0376762191226042
-0.00681451685250626 -0.00072363853287357 0.103936532597999 -0.264417603026556
0.00120778204208759 0.00314995944920306 -0.294628512188456 -0.369489427521539
0.00688474671569963 -0.000248020249322712 -0.499295560571592 0.131201036804655
0.00369215238236795 -0.00349636569970981 -0.0338519384402781 0.400179319979142
-0.00232231744202764 0.00191942322546658 0.228987539473019 0.152619227617581
-0.00165549909088763 0.00502590801152368 0.156611438128833 -0.0734039633203564
-0.00781420516685006 0.00826572264074363 -0.0296931601447955 -0.131369562884161
-0.00424844874886413 0.00249255386385334 0.0136733869817817 0.110760836827321
-0.0034539931479163 0.00115915839721716 -0.123401059330072 0.0545319247275852
-0.00352800224671128 -0.00217786956892283 -0.192970084125336 -0.0978850698351951
-8.49814548488283E-05 -0.00530423311675949 0.00344494997648335 -0.317875062755484
0.000640724233722537 0.00590154685058214 0.372966889436603 -0.183949024459098
-0.00423850994450048 0.00646066143698071 0.32797983345235 0.229693993944546
-0.00227723112209092 0.0121892847235052 0.00244816252480538 0.291471202033416
-0.00725542474601525 0.00205990109618294 0.0263173781695515 0.0379812474858399
-0.00657110174363483 -0.000923983847060335 0.104624510262083 -0.263345035875925
0.0027193033030443 0.00464928143042736 -0.293126894091357 -0.368179604009543
0.00958896771636147 0.000784129704103178 -0.498955840463923 0.130867150947913
0.00249861345665704 -0.00389439484334675 -0.0343057412654208 0.401428619070201
-0.00614190896477576 -7.4201512929457E-05 0.229397540283916 0.153132756407147
-0.00453423701555174 0.00351847867830687 0.157431427351592 -0.0735032775255859
-0.00871869076783596 0.00703770150298856 -0.0299333345782414 -0.131488084117566
-0.00400195763928504 0.00122933383004482 0.0132579040157146 0.110291622627173
-0.00467533065779491 -0.000298167645745169 -0.122753958316409 0.0539585377871451
-0.00641841686221474 -0.00403679563111977 -0.192634807398356 -0.0985381610127113
-0.0021178820346482 -0.0050045464170036 0.00589650409167751 -0.316662653930953
0.000875521338625551 0.00727665268914746 0.376045271012511 -0.179643329915315
-0.00407011186113795 0.00773418536163566 0.327677292195436 0.235096116858202
-0.00253855742749604 0.0121623221907419 0.00170014667532163 0.293219856374946
-0.00676079610305115 0.00125335492341256 0.0264288598707286 0.0384821532190234
-0.0061642273635408 -0.00102392687200816 0.104214543993997 -0.262090755562205
0.00320667079289193 0.00524543265651582 -0.292905548757964 -0.365259915757011
0.0100627811689399 0.00206700128433474 -0.497320031311654 0.135590821615193
0.000876119114519612 -0.00403131251231191 -0.0321165773891129 0.403893786411139
-0.00969869480145915 -0.00185588099591086 0.231969002022775 0.152108575725635
-0.00618918020923016 0.00214343452310191 0.15778437013862 -0.073986851912111
-0.00861184080553407 0.00568269117729142 -0.0290630671293403 -0.131606041491561
-0.00263768063321642 0.000833343916121054 0.0128451560649932 0.109392024273513
-0.00524156650657345 -0.00204149521774523 -0.122742769499921 0.0507712457089049
-0.00918194277195334 -0.00585639021370473 -0.190111154237965 -0.101215822026519
-0.00396221011217725 -0.00500824003029518 0.0113550428481591 -0.315335993221682
-0.000215409867367202 0.00866147606867339 0.380661139993659 -0.171626622818309
-0.00426860851602481 0.0080123022483655 0.32603714116538 0.241071572223062
-0.00274510488180088 0.0113114131266276 -0.000843433160678289 0.293887154447102
-0.00654437661973982 0.000331317378777806 0.0258240803536944 0.0380066061620311
-0.00654706742692138 -0.00182727895881998 0.101385019355151 -0.262616481530545
0.00337441777294392 0.0059038673974095 -0.295860997564103 -0.35928066784884
0.0103199020904934 0.00281398248269372 -0.492949354158531 0.144755065292588
-0.000741592726419444 -0.003410127209916 -0.0240065690101796 0.404855546863123
-0.0121459735624198 -0.00271013929993682 0.233713129070767 0.150753635011902
-0.00668171565921387 0.000691374546861577 0.157952634411492 -0.0761573360438026
-0.00760307376871735 0.00354911770251046 -0.0291194134440395 -0.132651465065786
-0.000495754738972507 -0.00125168537211982 0.0131372578151957 0.107424164742649
-0.00470324532981006 -0.00315014673653421 -0.122412951320892 0.0478093061759773
-0.00936172048353781 -0.00593080363762177 -0.188449425051959 -0.105554433918258
-0.00481416342299807 -0.00432708507709721 0.0184696260664092 -0.313886945649722
-0.00177162652269199 0.00915168239961673 0.38688186246135 -0.160255845455268
-0.00635310149760643 0.00764396406464202 0.324620195235758 0.250848385544045
-0.00294561449891285 0.0103879309632406 -0.00565559697044241 0.29471391419193
-0.00604780070277569 -0.00100958687405671 0.0255810114640899 0.0375958601274039
-0.00630571978401734 -0.00209851846616027 0.0986444003879218 -0.262909144051496
0.00235824057168937 0.00611554337538246 -0.29858046540103 -0.352838453928244
0.00934279497049402 0.00356585724618312 -0.486344955068081 0.156549792348747
-0.00187745739784934 -0.00271325357531089 -0.0157288677579006 0.406645882486062
-0.0131036832574387 -0.00295681988759215 0.235936780464924 0.146070711566307
-0.00676257763659387 -0.000791253606922877 0.157750654547302 -0.0788875808806776
-0.00586116381548713 0.00234640968528875 -0.0298250357546979 -0.133438014139794
0.000830395399215566 -0.00188158054928809 0.0138962389718113 0.105537416325374
-0.00278410614024941 -0.00394671582678383 -0.122244813275408 0.0443805784105781
-0.00828678745106068 -0.00638424813612744 -0.186021063525034 -0.109384116853145
-0.00462177614984571 -0.0037792052652606 0.0248834384414524 -0.312565044299379
-0.00340943477994121 0.00953310242955573 0.391198311883665 -0.149794687719489
-0.00834605341078549 0.00596794234810158 0.318184897478201 0.259849416415721
-0.0033783451648554 0.00896831746798851 -0.00840212201371796 0.295800325035141
-0.00539740547383445 -0.00143015868716301 0.0257928919845377 0.0368639824804179
-0.00678987631374048 -0.00322650271699223 0.0946432333606844 -0.264227693319294
0.000190879117406674 0.00543412363590931 -0.305340790147847 -0.342615966172393
0.00709599499197022 0.0041664219823659 -0.48118935866481 0.168591301665553
-0.00214673373666086 -0.00160933366924419 -0.006768721164209 0.406676857005388
-0.0122878419233137 -0.00319861731112681 0.237846560231505 0.140348855481384
-0.00583792500868677 -0.00155216089965545 0.157455961301988 -0.0825195394538605
-0.00380227096524274 0.000665760274931888 -0.0295555278237121 -0.135180110995272
0.00310110730908625 -0.00362346799820416 0.013879565095111 0.104037895502219
-0.00146102398683128 -0.00477901041790679 -0.122196860366495 0.0414902355179799
-0.00612173821295188 -0.00511719523061895 -0.184329727589412 -0.114072564046271
-0.00435008728295761 -0.00257700850731755 0.0313712277179098 -0.311639252140089
-0.00625857479122594 0.00887055069243939 0.396662279313667 -0.1400520516648
-0.0105539742583422 0.0040744682585576 0.314134775427874 0.268681993326201
-0.00390222184291089 0.0085734803651447 -0.0133517825014024 0.296126654239286
-0.00494885798199158 -0.00159649872380773 0.0264664266742282 0.0357913159380464
-0.0073209338250383 -0.00361017344506368 0.0912529977129086 -0.265169276072162
-0.00192090971516051 0.00383559216298188 -0.312064716485555 -0.334890783817264
0.00405892740696219 0.00454678303899994 -0.475466099168328 0.17961350755748
-0.00182129650010345 0.0002075614985964 0.000543290618151195 0.407516738442741
-0.0103825645553351 -0.00226562001415 0.240047236320879 0.136294668533064
-0.00333735105789661 -0.00138336604244544 0.156165781312395 -0.0861667212316869
-0.00193014287926455 -0.0010798702708564 -0.0293183130398739 -0.137654040825527
-0.00342733899832769 0.00294572168604455 0.0215890097180244 0.0974149494621386
0.00185113787565954 0.00304528316283649 -0.118419650372514 0.0483867196628782
0.00429004367430855 0.00185839844975887 -0.188383601525075 -0.0994020425514866
0.00289283351073049 -0.0044700272527323 0.00509450541646629 -0.316782378355012
-0.00407425644924408 0.00267773314766684 0.369139413056711 -0.178641954051807
-0.00787048754819344 0.00280616933390064 0.321489556586767 0.233225952346408
-0.00326570621650037 0.0112429474166095 0.00458887060902824 0.290604780781554
-0.00829107336792222 0.00292886335411221 0.0288197355701229 0.0361898030994867
-0.00766889630565808 -0.00126077809268552 0.0978190529369784 -0.267060713916963
-0.00123051507322634 0.00110335226674001 -0.301490199149202 -0.363943253605837
0.00393173718113622 -0.00109619003016719 -0.494097414932526 0.1385155652957
0.00516915216085733 -0.00329748513153427 -0.0299512510825205 0.394129638954794
0.00220620420765658 0.0033678136891532 0.223888360494179 0.144529492335115
0.00133004231372008 0.00500706586304123 0.148606810056634 -0.0731750558423439
-0.00614245921946379 0.00801633318018085 -0.035857212643606 -0.119811466857699
-0.00431323822993241 0.00264865494860118 0.0210561112160557 0.0990541467070438
-0.000681458194598036 0.00233588421680127 -0.117952645271088 0.0506486968018978
0.000340258569806373 0.000219949797180659 -0.188402963433082 -0.0977592896499307
0.00107740298185081 -0.00550386354784973 0.00232673193280676 -0.315856243730307
-0.00144940931788544 0.00417256297739918 0.367830262756853 -0.184078594156743
-0.00576652094633822 0.00410970698549652 0.324567035551796 0.229087787752768
-0.00286463389663748 0.011484100745639 0.00669828887321695 0.291312788447167
-0.00765350356412892 0.00252935504304823 0.0277989658344694 0.0370749419846395
-0.00755084423444945 -0.000490154278675928 0.0995205692248509 -0.265328667720958
0.000751207500826427 0.00281236620476478 -0.29495901761782 -0.366249495378013
0.00664874539155971 -2.66835967950149E-05 -0.49564964738393 0.132419061741225
0.0036495619403734 -0.00349288828420957 -0.0341957044190119 0.395879817642123
-0.00219020287238699 0.00183413451956194 0.223722946830535 0.147322715257945
-0.00157598509088361 0.00467234110154765 0.149829234557122 -0.071195694913244
-0.00737271902087704 0.00830415515600981 -0.0351947515320695 -0.118345868299911
-0.00451534341716274 0.00236821340709573 0.0202106598781737 0.0991498487785297
-0.00359208111502295 0.00104347595211953 -0.117775806651202 0.0513076315778279
-0.0038618724765776 -0.00159975162091517 -0.187434844286564 -0.0955482754582725
0.000100085813638706 -0.00547411865514411 0.00311475709432022 -0.314045376154228
0.00037229894444552 0.00552841513913747 0.369195253588767 -0.184187657863957
-0.00426658050636086 0.00623680224109126 0.328371568046545 0.228898822892511
-0.00243920713331665 0.0118783583272998 0.0067699646031766 0.291797610799656
-0.00808588835282003 0.00218398528470443 0.027018268780457 0.0373251338309155
-0.00752955274949096 -0.000687847039996263 0.100386064933163 -0.264346176818452
0.00273724492176416 0.00409269403828945 -0.294100814198386 -0.366285708763283
0.0093540959938873 0.000696259406254318 -0.495045235204789 0.132568089869656
0.00212965404894665 -0.00390214268665144 -0.0345188869482107 0.395951009297425
-0.00636978714604652 0.000396516692859923 0.224243525669877 0.149037590154662
-0.00430014677533241 0.00336858821275206 0.150294888448163 -0.0707020057518555
-0.0089450759967859 0.00728370071683661 -0.0352532712818596 -0.118136814212124
-0.00414102596754713 0.0014158288724445 0.0202344411723231 0.0995853027199931
-0.00469026561277874 -0.000385943307301396 -0.117808968634359 0.0502869513746719
-0.007152378336976 -0.00341957764984069 -0.186253597900861 -0.0962391716965562
-0.00210487621433522 -0.0046909483071464 0.00607673889510064 -0.312627149426335
0.00151751581226617 0.0070263507492527 0.37175169808607 -0.179102606425942
-0.00374811158029695 0.00694268617577661 0.328428078922988 0.232070857996162
-0.00245320585507416 0.0120532961547017 0.00589482820636617 0.292601282928949
-0.00789033326637126 0.000631085442851677 0.0270857597993257 0.0378859816841659
-0.00690758939582068 -0.000786687301765628 0.0997896990140622 -0.263662601389846
0.00343797723580638 0.00538086201434952 -0.292773493753223 -0.362539477891713
0.0104517377715838 0.00156042053347503 -0.492996759516621 0.136236694695191
0.000706862298201042 -0.00424730278346628 -0.030438207148713 0.398104315094447
-0.00946950084449248 -0.00124734755546312 0.226025274824749 0.148084468436518
-0.00642997226401594 0.00238505007831224 0.151480754537022 -0.0713368618202667
-0.00875506667656732 0.0056278881996196 -0.0351136625031416 -0.118598086333667
-0.00345698414979477 0.000770517729557533 0.0200166068723297 0.0988982346517143
-0.00522108155265895 -0.00157672810422831 -0.117308638924673 0.0483173481005246
-0.00955556853973308 -0.00491302152659145 -0.184838384251891 -0.0981402994607927
-0.00374603016225244 -0.00444285491662307 0.0115463782105421 -0.311725696791675
0.000481063768196632 0.00845732591676411 0.376311712480044 -0.172053211850401
-0.00434558487336509 0.00745646769666396 0.326708957332099 0.23970088342027
-0.00257262965092839 0.0111959639888383 0.0028378471674587 0.293661468344756
-0.00650890552371149 3.70188935587738E-05 0.0261737799447665 0.0374929188006995
-0.00664306347801371 -0.0014344001945616 0.0978050221963662 -0.263949033915186
0.0029379249714999 0.0048582148428783 -0.297475433389644 -0.357855043425174
0.0106954780900563 0.0024932464219442 -0.488331092729672 0.145271349194144
-0.000163944170184378 -0.00354384362772796 -0.024423837107807 0.399469435322343
-0.0119294211873842 -0.00214807745599402 0.228745132145371 0.145929409164446
-0.00723087413734147 0.000746963385324593 0.152168693900375 -0.0737002607931457
-0.00824127558398449 0.00418579461719025 -0.0353568782019632 -0.119540344376263
-0.0022510798575794 -0.000843932004652679 0.0201236915825718 0.0965390098807861
-0.00554821559250693 -0.00308057266548049 -0.116346390602444 0.0451929738419488
-0.00974991614920854 -0.00563738772680599 -0.183013449567909 -0.102054317400736
-0.00439399909752936 -0.00387688052338223 0.0194855488954474 -0.310282743039542
-0.000416675977432355 0.00917874547305341 0.382154454394048 -0.161199801105597
-0.0060346440633105 0.00724889267541925 0.324564741043081 0.247323285737458
-0.00231703017595182 0.0103552179628432 -0.000810705495151733 0.29488333756049
-0.00596328439779241 -0.000477862313820267 0.0260499585779212 0.0365962107480789
-0.00688681445768457 -0.00250653245587204 0.0950393182765362 -0.264717698058077
0.00274521454140134 0.0053177392127165 -0.301596934026432 -0.348769267290261
0.00904046801575412 0.003617684530887 -0.480928929925676 0.156260766865588
-0.00129962258672925 -0.00212810927175147 -0.0154502202882089 0.401324942843547
-0.0130645996874654 -0.00186936662613185 0.230605567077282 0.141341100975373
-0.00713205932314286 -0.000308348283763324 0.151256990525914 -0.0767861281902561
-0.00600963183233363 0.00250658400952152 -0.0347480884653115 -0.120430747767863
9.49677509080342E-05 -0.00255208536680742 0.0199084708272623 0.0953060307280091
-0.00418229909328105 -0.00378969598911868 -0.117155542433031 0.042056093016976
-0.0088833499357305 -0.0050844293714276 -0.181324184442933 -0.106008168523851
-0.00449245370825699 -0.00321059917666061 0.0258753093445754 -0.308006148353088
-0.00350781280106808 0.00953948725547034 0.386965340980857 -0.150489266086966
-0.00781202852155609 0.00595069540983003 0.319431360206408 0.257780738177728
-0.00305707209787362 0.00943301315203635 -0.00478048472717896 0.295348005987674
-0.00555976256979238 -0.00120213150163055 0.0259586625076689 0.0354935697151259
-0.00736257269736686 -0.00300928688020056 0.0905269282971977 -0.264735288772884
0.000146360277492564 0.00448221168059266 -0.30638911434647 -0.340359894524474
0.00761942242727757 0.00433824555719336 -0.475366520750428 0.168823293865942
-0.00148184803704023 -0.000976365839137317 -0.00653544475879315 0.401866867419083
-0.0126050531413134 -0.00205852235263311 0.232482038097869 0.136830201591796
-0.00582894519291977 -0.000985182434710999 0.15060620878862 -0.0794289904376449
-0.00441747398923188 0.000646951353436096 -0.0351657884722889 -0.1220525521149
0.00182219992469088 -0.00366489422227712 0.0209326110139327 0.0932666923983557
-0.00206497308791075 -0.00396958906072776 -0.116388308771589 0.0392150305940393
-0.00664106706018143 -0.00470764233285424 -0.179354454335249 -0.109642405946996
-0.00387843385704505 -0.00256438808574963 0.0322824969836364 -0.308009916572291
-0.0057469386545695 0.00865142911042619 0.392713189359123 -0.140594086735948
-0.00994166109425299 0.00403991538461344 0.314348120984836 0.266169084237233
-0.00343530595902382 0.00781299114454012 -0.00905145893457884 0.295850635250388
-0.00525641158128466 -0.00148693714774396 0.0265138578335291 0.0349274560779801
-0.00767879958224965 -0.00326240698595324 0.0878438019050649 -0.266517216964153
-0.00180737706536484 0.00325133628353482 -0.313410519187132 -0.333101152314681
0.00427816847382481 0.00421455704337416 -0.470810458469504 0.180754303766783
-0.00196910996173488 0.000291386618514233 0.0017408980577846 0.403051315273211
-0.0102145328882914 -0.00113629221470893 0.233969849481757 0.13278062383595
-0.00371853837694249 -0.0013435098266674 0.149218545718436 -0.082358747723647
-0.00273883667401307 -0.00020065791928365 -0.0351181912996201 -0.124537410822937
-0.00324372236683073 0.00304542348629599 0.0256530278064709 0.0814288854567724
0.00215886421047478 0.0029557721563776 -0.112854716818189 0.0421822975008759
0.00421587977572352 0.00158438151951223 -0.181890117903504 -0.0991295181633302
0.00194933698016969 -0.00497478523064362 0.00764860517655315 -0.313806781089385
-0.00480195035715937 0.00248769084964274 0.365382815241441 -0.178163937579795
-0.00834843693479653 0.00181077947481685 0.323774870264396 0.232583305237204
-0.00321240200415243 0.0107731910851352 0.0109277816101817 0.290310214056216
-0.00808779267966135 0.00323856395823564 0.0307548590908305 0.0348059038387887
-0.00849324352750751 -0.000684637612662786 0.093752106506297 -0.267933805880913
-0.00166681089982336 0.00109756642881021 -0.304153224826207 -0.35997282845558
0.00305600531852548 -0.00110814399808532 -0.489828117464468 0.136840639456163
0.00382120769327129 -0.00324952376371795 -0.0318121712035437 0.389396635525977
0.00171926418262522 0.00271948211345506 0.216316792263484 0.140274663837904
0.00147514794244414 0.00436639624089033 0.14145374753141 -0.0678314067424878
-0.00546261553169907 0.00827826926968209 -0.0396111998186488 -0.100801366834736
-0.00422348473701977 0.00292827159088203 0.0257145063626482 0.0827722146013045
-0.000410427774784468 0.00208506827390999 -0.113022808796158 0.044318283561701
0.000633003667603712 -0.000249712644628749 -0.181315389967277 -0.0962453718662797
0.000897578370568712 -0.0056848530640778 0.00456788240172976 -0.31237922705244
-0.00166087179288815 0.00447152947152091 0.363920908247569 -0.18345434212542
-0.00617622150968535 0.00414776711992161 0.326899652125928 0.226573172433953
-0.00319635466968633 0.0114555546790208 0.0125738204120664 0.290382466969872
-0.00884064304320292 0.00315326080252546 0.0291701092392708 0.0358291655627517
-0.00821198709766995 -0.000408124144692352 0.0957095793191152 -0.266806969345776
0.000505369151194621 0.00296053042674346 -0.298309462340597 -0.363398637825974
0.00637254349118043 -0.000446807476406617 -0.490880394706692 0.132433469350725
0.00314277739306636 -0.00394973036323013 -0.0363438239268204 0.388653340885031
-0.00210263855640016 0.0013294715374304 0.215578364230938 0.143124722826269
-0.000884016549289782 0.00403383819303824 0.14240345211677 -0.0660011075965879
-0.00702428097611104 0.00836585299111018 -0.0391044085637724 -0.100331903856788
-0.00477008430754062 0.00275460793831624 0.0252235643295381 0.0840813140896056
-0.00324958342234237 0.00100481551516804 -0.111967933536872 0.0447434397127446
-0.00351367485972714 -0.00153424736345118 -0.181320533026307 -0.0944688509475654
-0.000242455042755956 -0.00535143397278689 0.00538251829053153 -0.310944444529417
0.000459599320915334 0.00568081269206763 0.365079653179873 -0.182582184033859
-0.00486601792516131 0.00531829645541315 0.329177483694218 0.227219909524585
-0.00312751380870132 0.011139961418465 0.0128677899244233 0.291418867930287
-0.00900089167524048 0.00289346380672875 0.028411847110697 0.0370675902806495
-0.00816669457143803 -0.000417754658903628 0.0955824838458521 -0.26570395544724
0.0021243380256686 0.00392015579154116 -0.296646594392027 -0.362541070698863
0.00855349551383285 0.00045021534227202 -0.490140403579087 0.131690123932263
0.00243431641094121 -0.00392016010049713 -0.0358086401596891 0.389732467428468
-0.00595415371752622 0.000286075374055145 0.2165200032905 0.144243145290821
-0.0040709192428665 0.00357052894092711 0.143080285620213 -0.0660209931324818
-0.00749913987863815 0.00763729356555387 -0.0387658955730894 -0.100129869631955
-0.00517394061510858 0.00186518916009456 0.025261480826771 0.0832937543340067
-0.00534642557009198 2.40885444672736E-05 -0.111036457051178 0.0446577128739103
-0.00667060319319784 -0.00258363581691652 -0.179052981316463 -0.0953987357028053
-0.00172224966777798 -0.00456817582730181 0.00868384729234291 -0.310451927491709
0.00126909259655923 0.00656227845097033 0.368543257111565 -0.178258985323461
-0.00415226488897459 0.00626500013631738 0.327950891791741 0.22983118457926
-0.00252825327675524 0.0115194886885194 0.011752651985847 0.292031588929528
-0.00819607574498458 0.00110574887747421 0.0272964079344846 0.0372555423021783
-0.00757742837847769 -0.000650004059940236 0.09503497469079 -0.264286008306728
0.00319804664602246 0.00496038515505008 -0.295415588680294 -0.361660024166666
0.00998689013668931 0.00129763888255057 -0.487526261341788 0.136283662874922
0.000694091689778405 -0.00401851948171617 -0.0334406466339454 0.391326043811076
-0.00948830090377283 -0.000388893940199528 0.218343565932874 0.144537558833409
-0.0062464981426189 0.00267179588193631 0.14441326789019 -0.0664608136715466
-0.00883337615837737 0.00672956582297471 -0.0381945248953793 -0.100431425911227
-0.00431202116890989 0.000569968083650361 0.0252528096931219 0.0830773523548997
-0.0061632122641558 -0.000946727175390506 -0.111170822909323 0.0427029965871139
-0.00918081610452635 -0.00364344374804475 -0.177688781377211 -0.0968938277524941
-0.00302883388827729 -0.00381553595101518 0.0142397827567158 -0.308612415663413
0.00106481410814338 0.00851018880623454 0.373690670532541 -0.171956984948422
-0.0044655771940705 0.00687835819708671 0.327571566244088 0.238317323550331
-0.00263280570770686 0.0104031452145801 0.00864238470703011 0.292394827567551
-0.00766397636995247 0.000183084469112107 0.0270554039294191 0.0363994640633778
-0.00739637696508727 -0.001820541918369 0.0932312795211294 -0.265128731546936
0.00323700136383594 0.00505382603773329 -0.299844553761672 -0.354634458566094
0.0106814835805955 0.00215832395473545 -0.48481207056194 0.144677996609099
4.93310808955929E-05 -0.00328205133970766 -0.0254313855236619 0.393305437163896
-0.0114230893186715 -0.000786118597963841 0.220260340957625 0.142536544038719
-0.00759716845895846 0.00138220343256362 0.145138751428137 -0.0687529098849077
-0.00819456904767354 0.00440296221548501 -0.038378825905501 -0.10135909761296
-0.00290019866841812 -0.00116724755048484 0.0250631246965514 0.0813451330271353
-0.0061532570063042 -0.0025996394530141 -0.110340762855813 0.0401263630601178
-0.0097164080538637 -0.00393085715432089 -0.175522253723498 -0.100163786125677
-0.00408298971176801 -0.00321818323267259 0.0212950725002943 -0.30582917473046
-0.00065144309956681 0.00919998289516371 0.378375419551039 -0.16134119575053
-0.0059954521485653 0.00628586573405937 0.324289158604136 0.24638259167372
-0.00276799064032034 0.00960088721854671 0.00437771475785003 0.294883778775317
-0.00636825416435828 -0.000691145070407304 0.0262805112362189 0.0359197025586538
-0.00723284034002577 -0.00250629401497888 0.0898423924413446 -0.264787009122901
0.00197454857112754 0.00487762473755913 -0.303826550603127 -0.346423961268947
0.00957768070674571 0.00285690917554606 -0.477415012790713 0.155651591457792
-0.000821411157792067 -0.00187306490826646 -0.0170668439351737 0.395057345205224
-0.0121859133549813 -0.000568551277947907 0.223093010045158 0.138781439649248
-0.00765224594260375 0.00112876555567618 0.143911758423991 -0.0706131184614675
-0.00751953048934462 0.00281062078720315 -0.0389491255371651 -0.101764795038537
-0.00138321208463479 -0.00247316395218177 0.0246212742145976 0.079219592915183
-0.00510465356338929 -0.00315899662165037 -0.110638415679608 0.0363533876320575
-0.00886793458427174 -0.00447035558505684 -0.173454799928579 -0.10345076170108
-0.00410989680736039 -0.0026919469189467 0.0287838563690971 -0.304765591412126
-0.00239149876450942 0.00915531530908678 0.384176820061212 -0.150264133411293
-0.00742612277290458 0.00539530095774921 0.319904565618555 0.25559040697443
-0.00301284447783924 0.00883122303115512 0.000263395854587606 0.294638582139904
-0.00570472112164761 -0.0010837885892125 0.0267850634414092 0.0351714228110017
-0.00713547933604581 -0.00273897709782049 0.0851145748023893 -0.266099681281544
0.000386613906903423 0.00419268267084983 -0.309734649965155 -0.338281231393522
0.00689840839672447 0.00374133091530795 -0.470606545964106 0.167795522928097
-0.00124229313572926 -0.000408067645933325 -0.00744585764460872 0.396304751704588
-0.0119129735812315 -0.000687709980268085 0.226109023057157 0.134432713873607
-0.00648688429885904 -0.000188675757839973 0.143441283521426 -0.073962731327445
-0.00600632950283922 0.00133496344680027 -0.0383214841124252 -0.103627975421934
0.000505635664212338 -0.00377844395710718 0.0252599428550692 0.0774849671094959
-0.00307778919429067 -0.00378087627988355 -0.110866750773549 0.0344781327028048
-0.00682567582007741 -0.00300698990501769 -0.172059024325161 -0.107419859427661
-0.00363815932264681 -0.00200067048032081 0.0353690498346468 -0.303351582899934
-0.00556657478793405 0.00871650688882359 0.388992359982583 -0.141007634262649
-0.0103005505697744 0.00355965994278538 0.315762522663387 0.264578861032795
-0.00318900552022223 0.00776919791918643 -0.0033041112757735 0.295640443155125
-0.00471523537260428 -0.00139587755486827 0.0271389200190937 0.033610776935521
-0.00730300374873604 -0.00381605702870641 0.0819282022258834 -0.266643991151283
-0.00184598503494398 0.00342319461423851 -0.315083309809987 -0.330969115202842
0.00455975963956628 0.00421002003934552 -0.466071389084538 0.18078962709282
-0.00120114614726251 0.000409358058445255 0.000796440122219247 0.397047100528932
-0.00992110201815597 9.1103320881949E-05 0.227478755398664 0.130441642904138
-0.00429391591273385 -0.000755820862404446 0.142870280448703 -0.0767819741825141
-0.00365358605867322 -0.000178219161448603 -0.0385228254470835 -0.10564295006589
-0.00165120073416613 0.00325810694503898 0.0233722638151798 0.0594450555507308
0.0023964856306893 0.00199288006244783 -0.109722590508503 0.0320638083510945
0.00388465843298851 0.000391760459110673 -0.173133046386151 -0.100420202613462
0.000620173752062761 -0.00546802224906877 0.0111719464019447 -0.309958821434769
-0.00574205056381798 0.00352383076624531 0.36317416047423 -0.17595479981017
-0.00874752580907481 0.0024847926098152 0.326440353625458 0.229529673769547
-0.00378644672835658 0.0108898125456618 0.0188198466355774 0.287602078323838
-0.00917014969798953 0.00423724102390897 0.0315574640935263 0.032957010681212
-0.00867788568007949 -0.00015217845374529 0.0874319498430283 -0.26788857698843
-0.00224399018563552 0.00175413783148321 -0.305453903769361 -0.356310342460461
0.00238514415386579 -0.000282238212831412 -0.485180759200074 0.137127628142943
0.00226527836509467 -0.00322113595501455 -0.0363333446793368 0.383187112559313
0.00173131699157783 0.00143495107216245 0.206209348455664 0.139968734279793
0.00153490138001748 0.00406864567862214 0.134596014019452 -0.0585128421541111
-0.00475106988565311 0.00789019834747507 -0.0360357427644728 -0.0774302800358746
-0.00337970653366767 0.00340960814684536 0.023608841246581 0.0608938191864059
-0.000710271085828932 0.00184915467191021 -0.109129566902804 0.0345226355412996
0.000356356491617638 -0.000975675476115175 -0.17284510207641 -0.0987503641562022
0.000624363747882439 -0.00573282875252492 0.00861767379735117 -0.309482329288328
-0.00196622463024229 0.00441389905417778 0.36024845326784 -0.180589459550352
-0.00658221931783581 0.0035634253024391 0.327693827161919 0.224895999172534
-0.00406925417374725 0.0113429148378708 0.0203444541001955 0.287133999537533
-0.00961440412478042 0.00343030694767363 0.0305146747858358 0.0342805097349383
-0.00888610650506822 -0.000297273873972065 0.0895658846491898 -0.266329235497304
-5.92295207108157E-05 0.00280313039163803 -0.300040508759085 -0.359635796140639
0.00580349023234829 -0.000680494372795757 -0.486027288994425 0.130275175731017
0.00212924351278669 -0.00391438298692908 -0.0408099430232421 0.38264275867432
-0.00179043038182355 0.000796828848384164 0.205273397571076 0.142281755200139
-0.00101581459426784 0.0038430897333701 0.136771117444838 -0.0573235286745207
-0.0063064742769124 0.00824530741410528 -0.0356668995365946 -0.0766839170803991
-0.004382254512693 0.00359474559149918 0.0234952324053773 0.0620679416442027
-0.00253522029081351 0.00137969956844188 -0.108485188257546 0.0346495716513452
-0.00333620713341136 -0.00129789113346164 -0.171974131707838 -0.0970597886214432
-0.000386567721670231 -0.00528985309632192 0.00912809830833084 -0.308292513940634
0.000497320747853437 0.00542360287279914 0.360983877350219 -0.180312112579795
-0.00508713173861129 0.00489799591809526 0.328941109988598 0.225085998156463
-0.00384651664702278 0.0119530906549859 0.0202138102802964 0.28837606424268
-0.00934305302103714 0.00279104924915747 0.0297022729927983 0.0342400756157067
-0.00886798294995387 0.000107387145468527 0.0893638105284139 -0.264853774410567
0.00141819591388487 0.00359738727157324 -0.299873807952282 -0.360354871617205
0.00776475758595282 0.000169372332388022 -0.485016067193228 0.13022112483972
0.00170522517334138 -0.00385714729030533 -0.0412538903254229 0.384195040154841
-0.00547849887117827 0.000354774418163127 0.20658409989633 0.143418230507416
-0.00380061964926375 0.0036418689184795 0.136906234052369 -0.0570238542595605
-0.00803112173705362 0.00790738742898152 -0.0350889785788538 -0.0762997480181216
-0.00492004472764587 0.0027484146362589 0.0243816374843988 0.0611083229874147
-0.00574777926574773 0.000558526841819772 -0.10764548099951 0.0345590418977916
-0.00642688539839144 -0.00178904699344483 -0.170390955522283 -0.0974187014523492
-0.00115041485239093 -0.00456000467755187 0.0123507003290401 -0.306866689416431
0.00115383027178095 0.00688272283880973 0.365113203660589 -0.176895506861278
-0.00452652939436613 0.00576626868977133 0.330509390873598 0.228726012592668
-0.00358786341740523 0.0114095455880746 0.0193940163804795 0.289492136548241
-0.00885748844107319 0.00176953356615731 0.0280800445559648 0.036021923851079
-0.00811606532473836 -0.000869001413460258 0.0876825596029046 -0.264093646746819
0.00224095918666505 0.00451471218748075 -0.298366204128256 -0.357054830789403
0.00978717585988325 0.000957438503255555 -0.482901489684617 0.134058469545879
0.00130187030138845 -0.00359810219582275 -0.037928565081259 0.385927910521231
-0.00861044175781531 0.000290398903243945 0.208105939883498 0.143153924522823
-0.00591998683031545 0.00305367659403921 0.137989457929157 -0.0574402964808544
-0.00869278480050439 0.00722400763628927 -0.0347409012018988 -0.0765558120829432
-0.00485325879907332 0.00101495111709785 0.0241192904221158 0.0609944471795975
-0.00713878166374083 -0.000510472113832644 -0.10697858993974 0.0331770705643532
-0.00842517286551157 -0.00258664594611791 -0.168772543963492 -0.0982939925071406
-0.0019909044242335 -0.00368608778608623 0.0180868002918603 -0.305491863905992
0.00158915524226802 0.00770932081908414 0.369670418181802 -0.170392165252729
-0.00470864592209492 0.00614728196780504 0.327839864238556 0.235112037442081
-0.00319763094648206 0.0102076789893537 0.0154075875906524 0.290509966882427
-0.00826743128943637 0.000674622482120666 0.0275111427905511 0.0349144728987828
-0.00864547660749288 -0.00128448332000468 0.0860615140674613 -0.264675731367385
0.00225740382324817 0.00433472503526333 -0.302535354852956 -0.351523566705533
0.0103284875042236 0.00204885187656995 -0.478211730329147 0.143323662280268
0.00028443600867599 -0.00284649629956762 -0.0300426584781361 0.387248083628419
-0.0108061001194676 0.000428267832981624 0.21046002235077 0.141348640275387
-0.00729721085874602 0.00232399175085016 0.137943514319911 -0.0587750321120282
-0.00845704415705639 0.00579159346028133 -0.0343505868477252 -0.0776097535626553
-0.00421574570513544 -0.000572150546489559 0.0239806997655629 0.0598233046051013
-0.00705275768461163 -0.00150370227797082 -0.10618128550199 0.0309342970906548
-0.00929462851797308 -0.00248583075589281 -0.166465409836741 -0.101301518799267
-0.00285253207311725 -0.00229028374422873 0.0253632585938443 -0.303094149996429
0.000749671148479072 0.00865582761215651 0.375579624151576 -0.159458730603135
-0.00571714138410843 0.00555578002349481 0.325472769859221 0.243465521516046
-0.00351648363170206 0.00924333966458578 0.0118974582514557 0.291754722617221
-0.0072766190388122 -0.000340410380360298 0.0271078191384168 0.0350975215283326
-0.00821003245268051 -0.00218242600380935 0.0825837644935872 -0.264183096809201
0.00222450884553136 0.0043673294013673 -0.305422144656942 -0.343442128715674
0.00928842438882645 0.00249631708486497 -0.471679315165067 0.15442261250587
-0.000201810208126209 -0.00128593855074825 -0.0210302479307278 0.389556004692138
-0.0114349083522456 0.000158871185479986 0.214009593195704 0.138365811433043
-0.00742247874789542 0.00142661306429005 0.13845010397139 -0.0606871866449218
-0.00831095563301379 0.00331842459905507 -0.0342559341336891 -0.0782670657984426
-0.00286746563258367 -0.00117212944884722 0.0245569029265289 0.057666737540861
-0.00573510097685701 -0.00244459538614482 -0.106324313235289 0.0277631236873225
-0.00813678612500179 -0.00227172234493414 -0.164308513097362 -0.104036977679719
-0.00300035645990228 -0.00165194040617186 0.0333281158451349 -0.301604549853245
-0.00221962099926374 0.00880397663118875 0.380912228586715 -0.148465802672107
-0.00761832051052853 0.00419160675535338 0.320692525493871 0.253091363116141
-0.0028318921068249 0.00873962769332409 0.00767936166649579 0.292050891296139
-0.00600515503401586 -0.0012251568438341 0.0268363747755142 0.0333996411756649
-0.00756784093905181 -0.00275796093391407 0.0782637435622329 -0.265836074134731
0.000341102492016917 0.00350158982507842 -0.312463389515039 -0.334258339764456
0.00807662129264882 0.00309318000790075 -0.466012306469966 0.166458599005166
-0.000409791938793701 -0.000347161715047042 -0.0111913903076457 0.391236359117487
-0.0107521123802117 0.00104958259953192 0.2160224328538 0.134258122625893
-0.00654716631196934 0.00104912004221721 0.137893290122705 -0.0631684737926731
-0.00681166254327916 0.00214610525675745 -0.0339773728859619 -0.07955028334418
-0.00115213301881144 -0.00291268209958757 0.0250170969973783 0.056471661913554
-0.00353652685581078 -0.00287722485483174 -0.10672818697257 0.0257530026658551
-0.00673800104856686 -0.00189112588532235 -0.162430047504199 -0.107508875648884
-0.00282713132955687 -0.00123862899009557 0.0404741043671304 -0.299738068971324
-0.00480770318356322 0.00906807706748542 0.386417462961506 -0.140242107290417
-0.00981001781344492 0.00339904584660914 0.316407542175241 0.261542489392706
-0.00290056689052297 0.00745210406504581 0.00402618616924764 0.29282168606591
-0.00525974559244515 -0.00158023878035507 0.0272756601470546 0.0323421778336137
-0.00740984261036822 -0.00363670950123216 0.0744122382494628 -0.267175020017629
-0.00176700471368312 0.00297053571611806 -0.318465903615964 -0.326793306555176
0.00452156535247487 0.0040724931517064 -0.46178065923669 0.177402617325461
-0.000145428516519009 0.00091708908133557 -0.00324733598265419 0.392163814164993
-0.00873548186603749 0.00173760212965759 0.217836661910771 0.131147332853194
-0.00486430645112765 0.000313183620716429 0.136890230342386 -0.0664665596822258
-0.00567587906880382 0.000167449978760264 -0.0346293440632722 -0.0814524011762216
-0.00116218781896631 0.00341482826901856 0.00976311048075821 0.0351038683021092
0.0023250133203166 0.00119665212266898 -0.11201366427901 0.0191917455625441
0.00341934918550245 -0.000184799363260224 -0.165198055534381 -0.10623880932917
-0.000497684083268539 -0.00494044230438397 0.0176847017986588 -0.309677959207459
-0.0058712626120204 0.00430788446041565 0.360939246265537 -0.171239222146409
-0.00927770519910294 0.00284584220454185 0.328199063157413 0.226714025060547
-0.00403903061675729 0.0112634226914361 0.0265463729064702 0.280653638607618
-0.00894862795845827 0.00519740428559081 0.0323039824288344 0.0302239329638236
-0.00930503633050832 0.000589462242060337 0.0795659527797946 -0.265099937306434
-0.00219495720213026 0.00258985290446957 -0.307551475534799 -0.352035118932213
0.00197779699467945 0.000385045299345013 -0.482147436089822 0.134355478611207
0.0012123153620778 -0.00269495549777635 -0.0445830090899 0.380924439461929
0.00102076011276676 0.000891720375680698 0.193962341810128 0.145455660865996
0.00145957634089359 0.00256430031169257 0.132710244355635 -0.0451374734384518
-0.00425924752545124 0.00673877441556057 -0.0190271150298558 -0.0518472009673073
-0.00300763613307101 0.00383253654268224 0.0104695691643676 0.0369424845526794
-0.000789894204007221 0.00140218048307106 -0.110470532135003 0.0203770373467667
0.000242842265641264 -0.000733133814004639 -0.164814853022341 -0.10502258057455
-0.000746178597887956 -0.00520646180355794 0.0146200975339842 -0.309487256058227
-0.00235465516649793 0.00446296311308319 0.358951141445399 -0.176789066758695
-0.00757194627242972 0.00387146180323849 0.330296563134864 0.221940264842679
-0.00437867391123167 0.0114593049162668 0.0287374081218955 0.280531905402992
-0.00985525985803862 0.004615604674658 0.0316882750636271 0.0318537597708225
-0.00941891088065757 0.00120334476073401 0.0817499452576017 -0.262440271506129
-0.00119163497692677 0.00311338633522172 -0.301836783868095 -0.355179907931523
0.00494023948185209 -0.000131506534129992 -0.483338614551352 0.127478619206067
0.00195156636202437 -0.00344885610859029 -0.049369574087051 0.379790849143487
-0.00199470007784034 0.000294016025306115 0.193154907580879 0.147018023394257
-0.00127157797381104 0.00336891485614315 0.134416904875939 -0.0434081995800894
-0.00607647771286807 0.00772432537386308 -0.0185993132192852 -0.0511208466325533
-0.00434296914472149 0.00324464280296629 0.0109773793527274 0.0371741697024463
-0.00339855215173515 0.00129540603376549 -0.109486613126079 0.0214613980468982
-0.00305731465325069 -0.000968413883710641 -0.16414091098241 -0.104045219317071
-0.000325267914653647 -0.00525727972711411 0.015167743114582 -0.307825753324352
0.000137323270576025 0.00502464892602084 0.358600270932458 -0.17787319341905
-0.00579051154059936 0.00470299702012735 0.33310108647388 0.222387764772134
-0.00474022636411887 0.0121160456823692 0.0282248985266238 0.28150905255532
-0.00988207922333848 0.00355924580719079 0.0303252589857165 0.0326680146956732
-0.0089875857986689 0.000709976551006661 0.0815485072168585 -0.262198765548572
0.00030068107762687 0.00388429433376393 -0.301673756346705 -0.354494310266054
0.00729202182255861 -0.000196159598852162 -0.482503685295166 0.127762504746626
0.00157436092298636 -0.00398335729661163 -0.0489333331763788 0.381118812040236
-0.00426785884813101 0.000101930127582997 0.193985041527638 0.147785572279384
-0.00356865406709515 0.00324735220718004 0.13523365506598 -0.0431749764326099
-0.00752578084843088 0.00791080116526213 -0.0180974473980619 -0.0507683335725544
-0.00478775719928373 0.0034517897000354 0.0115806132714236 0.0373818463150783
-0.0055563983962564 0.00132505880899051 -0.108376565015846 0.0207669306721475
-0.00509591729764041 -0.00106619273530486 -0.161261306908496 -0.104176454130073
-0.000726196328979485 -0.00473399399710645 0.0188445057295705 -0.306991317215113
0.000979858323509537 0.00605802578958815 0.363176387039192 -0.174262617293605
-0.00561032993362201 0.00485710050222145 0.332590666307443 0.225364929768102
-0.00487878536800335 0.0114739718012844 0.0269649025407318 0.283007527438137
-0.00945948397292984 0.0023348833515494 0.0287633031315757 0.033426486581523
-0.0100189907730158 0.000411929732193862 0.0804290741056596 -0.26112637537443
0.00119253104384368 0.00449991779879576 -0.301027147748151 -0.35280519207624
0.00975753211858013 0.000221876132625551 -0.480685524112393 0.130081976145535
0.00196259930816807 -0.0040841257738786 -0.0457224940540248 0.383612856398364
-0.00679273917939221 0.000644314863524222 0.196396748336144 0.147584637006893
-0.00596741585268845 0.0031438011721143 0.135844633100968 -0.0442098100853404
-0.00832104115169233 0.00765130438335322 -0.0174268168840523 -0.0509060098035818
-0.00463234040390711 0.00243778937671039 0.0120970235470901 0.0366117424091146
-0.00687588827929212 0.00127042331431972 -0.107810999628467 0.0191212413714096
-0.00719395102913869 -0.000629155006396656 -0.159509546534304 -0.105669076005831
-0.00104195842298001 -0.00346683106023608 0.0248917029923933 -0.305930830653262
0.000882186491218129 0.00662918522994401 0.368343688173194 -0.167017746244254
-0.00579175180196125 0.00497614899406225 0.329128721798998 0.231379770599893
-0.0043180758170337 0.0105058653113939 0.0231781089745854 0.284234751335112
-0.00905299957882768 0.0014712060767334 0.0277105790681294 0.0334782888487131
-0.0091639998506501 -0.000452269436370162 0.0772065223881619 -0.260899080477573
0.00139153556935131 0.00464954087696905 -0.30514701326978 -0.346378650450534
0.00996193260481346 0.000738531121895748 -0.476285102692179 0.139112948154169
0.00174786772234749 -0.0031100646249679 -0.0386480279039678 0.385316879851055
-0.00885150269829016 0.000976427845418378 0.199565428361198 0.14577764023507
-0.00692454318004134 0.0035737256858123 0.136660404777281 -0.0452485742388355
-0.0093035266436085 0.00663758884570304 -0.0171773427696182 -0.0518658188878479
-0.00426596721608818 0.001570859947594 0.0123729139462527 0.0351101420201925
-0.00649811330202183 -0.000240687694001931 -0.10698173215468 0.017292982644427
-0.00779443821219706 -0.00130807965718951 -0.156050242663004 -0.107608512647153
-0.00154821086056248 -0.00299458855380535 0.0329325166192162 -0.303755178768208
0.000370039861473799 0.00749247996752721 0.371991402359664 -0.157580856549175
-0.00635409121443666 0.0044778905747061 0.326978310418022 0.23925838093385
-0.00360678829930118 0.00902724717940683 0.0187267264132807 0.285601163272124
-0.00729896158414978 0.00048641847486436 0.0273017996964171 0.0324419379697013
-0.00835762130063866 -0.00146835009963732 0.0742101719652016 -0.261139460194262
0.000989491722488085 0.00396703681184561 -0.308266811661077 -0.33876089484699
0.00959955302981919 0.00156511381050355 -0.470364315956048 0.149380695767317
0.00128394288516285 -0.00221788789095415 -0.0282991388119112 0.38663390391811
-0.00946937886675747 0.00167247242405313 0.202685537895384 0.143185362608657
-0.0068173094093795 0.00287286059567816 0.137365360600388 -0.0466601655059922
-0.00840978930893558 0.00487915356684137 -0.0169208266652354 -0.0531575215110601
-0.00366004606324931 -9.32576896721317E-06 0.0127615239686774 0.0336451181067095
-0.0062055656022649 -0.000874738639892832 -0.106924914662952 0.0156298647764806
-0.00700573021491112 -0.000939373551499033 -0.153276865288179 -0.109799535335186
-0.00180103318024693 -0.00208238817716723 0.0408552998752667 -0.301560808283693
-0.000866129032787512 0.00828040862932342 0.379412309749029 -0.146936618436677
-0.0080370375259998 0.00279417391681599 0.322077254611161 0.250472784126163
-0.00345185121387213 0.00820007386771661 0.0148558001450699 0.28609722208211
-0.00656120550626396 -0.000150384883253227 0.0264684292440054 0.0311593426921524
-0.00820342495462721 -0.0023046776321034 0.0696348819989282 -0.261625546170472
-0.000228079958859001 0.00342555518458311 -0.314630948316261 -0.330073469706847
0.00737247438702533 0.00191854418537333 -0.465073788517303 0.162592900685843
0.000107618734353205 -0.000130598167431596 -0.0187974638895098 0.388319083185747
-0.00830588969572059 0.00217313783422576 0.206190725294944 0.139828950955939
-0.00697879775224407 0.00210107225420675 0.137089352533334 -0.0501208510709916
-0.00809239850547824 0.00390907493137792 -0.0166909037739364 -0.0548453604247621
-0.00215445623889065 -0.00110367596160419 0.0128891946184973 0.0317140407885762
-0.00437901810723426 -0.000938769501191026 -0.107050451168172 0.0136492991705756
-0.00552632837882884 -0.000397562088847579 -0.151473968146666 -0.111995508110093
-0.00210618016217776 -0.000280915429193666 0.0483061551402704 -0.299810763440884
-0.00424582966838275 0.00800571524049262 0.384325759914003 -0.137966372142398
-0.00970447914421449 0.00230297871503431 0.318595659841749 0.257465969318538
-0.00274130670044362 0.00710711360831011 0.0107602569369453 0.28705795601714
-0.00527302321922919 -0.000822901851075928 0.0268196248385282 0.0308106348885855
-0.00788234592855304 -0.00310299262665745 0.0657645959806784 -0.263327242749441
-0.00224092059826142 0.00250458901162521 -0.320362311391564 -0.322353645581822
0.00515106520068979 0.00333025691104441 -0.459065986209191 0.172416010591902
0.00068527230695782 0.000773162135130787 -0.0102678823599936 0.388683416502071
-0.00729516798909723 0.00265389726037246 0.207612574501542 0.137505318445519
-0.00482696884318092 0.00129005435771904 0.136115886963701 -0.0518267900777422
-0.00638342457637304 0.00277115361264809 -0.0170956474205131 -0.0556584414826265
-0.000193443082291091 0.00224658309802994 -0.0173694859649423 0.0192645405844384
0.00133323892850972 0.000532164345016104 -0.121882534086997 0.00715015490132812
0.00224315909937565 -0.000828199097289398 -0.160744690066836 -0.117514304809354
-0.00123903954944559 -0.00342445315679622 0.0233355890056921 -0.313894864718247
-0.00572165877471373 0.00547249783936647 0.362854741547281 -0.168535500551876
-0.00918104122652261 0.00314320763192751 0.329763618298843 0.221722467370031
-0.00411706918460828 0.0120686171001942 0.0311928679454341 0.268761464631177
-0.00857081690233725 0.00659561495676616 0.0315288359345223 0.0268921526107629
-0.00901534866888584 0.00197618719811746 0.0742730100188069 -0.258032064138277
-0.00236060552764992 0.00290642017535826 -0.307237266713322 -0.346037669575847
0.0015637436982075 0.000982555202949238 -0.481298385611778 0.130292655587841
0.000291963749583174 -0.00198326656508899 -0.0549690699107098 0.384033122453841
-0.000374670708825074 -0.000104217265925805 0.184783394519639 0.156771863043878
0.00058771739632017 0.00192438846328626 0.139548830507079 -0.0299870268423121
-0.00386258753449863 0.00597152955508376 0.0123363141803101 -0.0352312504592165
-0.00161467402126159 0.00287073667199942 -0.0168761048611958 0.020367279587505
-0.000843310576625319 0.000726100080136935 -0.120951375684866 0.00853270866363695
-0.000408662180431842 -0.00147771938435732 -0.160586343465974 -0.116588638060377
-0.000456884944643131 -0.0045966515316374 0.0189367133093313 -0.312950753834037
-0.00272441987753836 0.005224638366767 0.360476299458576 -0.172863392546644
-0.00792686720916092 0.00436847066447055 0.331286602142735 0.217161484182924
-0.00439360656864297 0.0128367033769766 0.0336451443411631 0.269195574398299
-0.00980803806885034 0.00628508697090686 0.031007383746998 0.0287118001088185
-0.00971737208570711 0.0029213413359248 0.0761027042280628 -0.255551548986216
-0.00122457377549406 0.00409036485793235 -0.301638292250796 -0.348473322461641
0.00446647346286573 0.000590891597262251 -0.483133645450403 0.125041227924355
0.000952793124083695 -0.0035302790454982 -0.0594009249328372 0.384373064583576
-0.00232475772501984 7.12308686880059E-05 0.183429807007417 0.158715183674106
-0.0014769817034132 0.00240759998486487 0.13992386782305 -0.0290764642586345
-0.00539707246077366 0.00672555397873975 0.0125517760254544 -0.0348412614299674
-0.00258242894479279 0.00369343850169099 -0.0163006373079996 0.0199971857568686
-0.00332324200283663 0.00156314066099681 -0.119506923615471 0.00833375734086674
-0.00259909126850076 -0.00102761910458964 -0.160365029959505 -0.115319499162425
-0.000458054310367888 -0.00485861735929331 0.0211598576235238 -0.312059282199741
-0.000774119251701001 0.00492559726450438 0.360327554857193 -0.173562401053846
-0.00704161484344871 0.00506924873120009 0.333485385349633 0.217112297616404
-0.00478076505006517 0.0126124209614689 0.033143746675779 0.271255626461594
-0.00994802432790443 0.00558127225790517 0.0299729288004632 0.0301038496674899
-0.00951606248951677 0.0021399832436234 0.0757840665498121 -0.255034301299525
-0.000374338697532177 0.00480573597476437 -0.302019958152956 -0.348157638105521
0.00694876060744851 -0.000110644926003825 -0.482777341718199 0.122864041916601
0.00189084158192889 -0.00387987430863837 -0.0588153641032628 0.384672711797928
-0.00453793103163044 -0.000336562609806481 0.18517821160604 0.159704644565305
-0.00336930261872348 0.00295457485700905 0.14047789854788 -0.0287696684388809
-0.00698552555489475 0.00770947558785312 0.0133054572642354 -0.0350956089785014
-0.00415008349282427 0.00417595926319768 -0.0148880881492 0.0195439482471074
-0.00486233744668355 0.00190454498410293 -0.117857809994419 0.00779259628078505
-0.00420059376157854 -0.000942659758041394 -0.157958887267281 -0.115815730017307
-0.000103988671620971 -0.00522382197893851 0.0245350422024245 -0.311334262945549
0.000933560043300553 0.00527894628133868 0.363667015227167 -0.170774006653196
-0.00642123707140702 0.00530753607281958 0.331948916776989 0.220821890585999
-0.00504259278923742 0.0123115787396852 0.0315546697934049 0.272720978715945
-0.00946416324289035 0.00410681828736047 0.0284861233121628 0.0311559687513862
-0.0098598823165088 0.00161435050552707 0.0743532034917613 -0.252944578359607
0.000116569225429651 0.00476579571257591 -0.302576895310654 -0.345423415803187
0.00865955762471146 -4.62221010688589E-05 -0.480152305959104 0.127359875068309
0.00222556191136671 -0.00456893094574924 -0.0558979682114281 0.386304429265317
-0.00559960158491799 6.35509364515121E-05 0.186864839843329 0.159911676351294
-0.00525302827123589 0.00377073588834782 0.142331090226258 -0.0290183368426568
-0.00796693572098344 0.00789730478181742 0.0136629424540101 -0.0357642025144534
-0.00466870017203199 0.00416681676474224 -0.0142467229266719 0.018803170893177
-0.00614976150932697 0.00192914473976193 -0.116609669076081 0.00654583451467446
-0.00516842406861242 -0.000632150630060163 -0.154577176469677 -0.116831102388606
7.47811298287913E-05 -0.00459134776281641 0.0311500795187843 -0.310104686435515
0.0012786006179267 0.00586388609520739 0.367841607950635 -0.163574373652052
-0.00716320197731282 0.004957345864408 0.329700302322756 0.228016088919695
-0.00488234413473048 0.0114874240168022 0.0277844586359568 0.273870908709261
-0.00928922405028683 0.00316673172564624 0.0270199782337542 0.0313482794692296
-0.00883140325929132 0.000201374676270523 0.0709559316849506 -0.253324800118153
6.96329435886703E-05 0.00447707994643644 -0.305938549706389 -0.339413807598393
0.0097436470056848 0.000452686714701912 -0.476737883661809 0.135163434641276
0.00231156329452402 -0.00386936475587401 -0.0474565244103457 0.38733673684253
-0.00652766253188976 0.000670257311833005 0.191097612041822 0.157567650350641
-0.00591191348015934 0.00382570073501375 0.142932554554529 -0.0303051576126571
-0.00896604493404038 0.00787560365380058 0.0140347245292757 -0.0365638558826064
-0.00420727084063718 0.00264326136772867 -0.0135851703864176 0.0172436616394346
-0.00635576834071655 0.00158104237207307 -0.11512089848606 0.00500320526920003
-0.00535120686893554 -0.000115463068108336 -0.150187013478022 -0.118757236686474
-8.08354278687235E-05 -0.00319552503129756 0.039279399325551 -0.308517780385172
0.000269163755656042 0.00663798006209881 0.372797623158702 -0.154354673173942
-0.00785063564708659 0.00393887414897749 0.326640324386732 0.234855227612964
-0.00420126115666992 0.00964086500385807 0.0235201878998418 0.275394405281679
-0.00781857624192824 0.00169475924729634 0.0264364015311666 0.0313872509099116
-0.00849882585343841 -0.00135161348145958 0.0674704479107032 -0.252880242116634
0.000247504507520461 0.00399461230085061 -0.310742797296687 -0.33272280964931
0.00927486678064824 0.000456883428159724 -0.47103931118042 0.145729528574859
0.00245184185121211 -0.00265930019595277 -0.0375064542396743 0.389433771515286
-0.00683406840929468 0.001085247274718 0.194829397027907 0.15445620118454
-0.00613114032544529 0.00375001746379882 0.144557139540848 -0.0327785725569279
-0.00907698457627666 0.00702724645487075 0.0142633662069779 -0.0375281291285907
-0.00385998677126066 0.00228823330260471 -0.013378654413522 0.0159827419479104
-0.0056100109525064 0.000943245786258016 -0.114627059902412 0.00365927729460534
-0.0048115866870281 0.000338485645180985 -0.146574605409271 -0.121221184252712
0.00015453646330978 -0.00257544309675276 0.0475429405027485 -0.306432299756196
-0.00121207728291968 0.00682757875432236 0.378365750451526 -0.143713056557101
-0.00895352567490621 0.00280380868379591 0.32166370668325 0.243678757733531
-0.00372192011237872 0.00874407840786104 0.0195256694764328 0.276499462536395
-0.00643181377392893 0.000539290934898067 0.0256523192229654 0.0298031864316783
-0.00819276943815717 -0.00231353916568922 0.0628921571471793 -0.253784036202906
-0.000926363084683193 0.00291443167856236 -0.315691889410162 -0.323136285944248
0.0072519525611779 0.000947186135326753 -0.465069431669873 0.157459513138387
0.00154707472187823 -0.00123014317565808 -0.0278440541977152 0.389703903570645
-0.0060807430668974 0.00206861835910931 0.199671837604128 0.151156248356305
-0.00576647084245698 0.00399049066985223 0.144499965771906 -0.0345467454267603
-0.00809078406190217 0.00602139549639806 0.0148022821520036 -0.0393813537837515
-0.00291663695764121 0.00116612048035781 -0.0126090661166185 0.0143706357125404
-0.0036534676865528 0.000675716554480415 -0.113705792302453 0.00204374810216501
-0.00259759048387341 0.000996794165603554 -0.144268659166621 -0.122813896256813
-0.00079361605592443 -0.00080559239350677 0.0559204346438398 -0.30447164701315
-0.00359844199500523 0.00713870122182543 0.383636199086587 -0.135384052458931
-0.0101529781911566 0.00154080711693767 0.317975743125873 0.251874607543602
-0.00317371177634851 0.00694897541724266 0.0155329306664538 0.277195048865254
-0.00572227089990413 -0.000264881958272126 0.0256544099690694 0.0289390611351371
-0.00772580094274445 -0.00293851337088011 0.059334876809898 -0.25500786041163
-0.00228075499717105 0.00262318064564366 -0.32166957954977 -0.316580784055387
0.00529641731386613 0.00249471102056818 -0.459916187435852 0.168306295239536
0.00165907122031414 0.000346951120647983 -0.0185275652938594 0.39169158101507
-0.00452021010276705 0.00252101894621245 0.202987026888354 0.147864913013234
-0.00368823928406067 0.00336109664500118 0.144492181560183 -0.0363813027840549
-0.00717828357749372 0.00510521624780264 0.0146809204788922 -0.0400355575656603
