TRXV5
3
4
4
9
string Extension=J
integer IsArchMeasurement=1
integer IsSpherical=1
string Generator=SPM
string GeneratorVersion=1.3.1 Dev
double ArchRadius=0.449999988079071
integer FrequencyAxisIndex=0
integer AzimuthAxisIndex=1
integer ElevationAxisIndex=2
Frequency
5 201 700000000 800000000 LIN
Azimuth
7 8 0 2.74889357189107 LIN
Elevation
7 15 -2.74889357189107 2.74889357189107 LIN
Polar H Real Part
13
Polar H Imaginary Part
14
Polar V Real Part
13
Polar V Imaginary Part
14
Polar H Magnitude (dB)
12 0xC0000002 0 1
Polar H Phase
7 0xC0000003 0 1
Polar V Magnitude (dB)
12 0xC0000002 2 3
Polar V Phase
7 0xC0000003 2 3
0.0362281799316406 -0.0414619445800781 0.105461120605469 0.116348266601562
-0.032745361328125 -0.0466880798339844 0.17138671875 0.416168212890625
-0.045196533203125 0.0151863098144531 0.30657958984375 0.58880615234375
-0.0108413696289063 0.0448646545410156 0.31695556640625 0.6761474609375
0.0277481079101563 0.0166816711425781 0.1898193359375 0.59857177734375
0.0464973449707031 -0.0364913940429688 0.096160888671875 0.486419677734375
0.0313835144042969 -0.0441856384277344 0.040802001953125 0.293487548828125
0.0250205993652344 -0.04742431640625 0.0110740661621094 0.0411720275878906
0.0454902648925781 -0.0546302795410156 0.039031982421875 -0.260955810546875
0.0670013427734375 -0.0217742919921875 0.052642822265625 -0.5096435546875
0.0486640930175781 0.0197868347167969 -0.08331298828125 -0.66607666015625
-0.000909805297851563 0.0253391265869141 -0.2030029296875 -0.68743896484375
-0.0528640747070313 0.00408172607421876 -0.16522216796875 -0.667724609375
-0.0037994384765625 -0.0311641693115234 -0.127044677734375 -0.43896484375
0.0282554626464844 -0.0304126739501953 -0.107452392578125 -0.0948562622070313
0.0364456176757813 -0.0343055725097656 0.115554809570313 0.107017517089844
-0.0256385803222656 -0.0433921813964844 0.179962158203125 0.412109375
-0.0429191589355469 0.0133743286132813 0.31494140625 0.5838623046875
-0.014617919921875 0.0459480285644531 0.3170166015625 0.66448974609375
0.0228099822998047 0.0249958038330078 0.17919921875 0.59222412109375
0.0436325073242188 -0.0229759216308594 0.0816650390625 0.4945068359375
0.0287055969238281 -0.0308914184570313 0.030029296875 0.310150146484375
0.0199775695800781 -0.0352210998535156 0.00483322143554687 0.0562286376953125
0.0409202575683594 -0.0457878112792969 0.0308074951171875 -0.247695922851563
0.0601806640625 -0.0185279846191406 0.04156494140625 -0.5030517578125
0.0462150573730469 0.0209884643554688 -0.093994140625 -0.668212890625
0.00580406188964844 0.027984619140625 -0.20660400390625 -0.6973876953125
-0.0486297607421875 0.0149612426757812 -0.1593017578125 -0.6781005859375
-0.00834083557128906 -0.0182380676269531 -0.122039794921875 -0.44525146484375
0.0209426879882813 -0.0258941650390625 -0.093994140625 -0.100074768066406
0.0293006896972656 -0.0226955413818359 0.125320434570313 0.103034973144531
-0.0189266204833984 -0.0289649963378906 0.18316650390625 0.41473388671875
-0.0312480926513672 0.0144443511962891 0.31683349609375 0.5833740234375
-0.014862060546875 0.0410919189453125 0.31036376953125 0.65740966796875
0.0161628723144531 0.0253314971923828 0.16265869140625 0.58721923828125
0.0332374572753906 -0.0127487182617188 0.0659790039062501 0.499298095703125
0.0228958129882813 -0.0133037567138672 0.019775390625 0.318572998046875
0.0153179168701172 -0.0212917327880859 0.000404357910156249 0.0662727355957031
0.0284175872802734 -0.0313663482666016 0.027313232421875 -0.237350463867188
0.0476188659667969 -0.0097198486328125 0.02728271484375 -0.498199462890625
0.0402565002441406 0.0196075439453125 -0.113037109375 -0.665771484375
0.0094757080078125 0.0225696563720703 -0.2198486328125 -0.69952392578125
-0.0354156494140625 0.0224380493164063 -0.1676025390625 -0.68212890625
-0.00794792175292969 -0.00127887725830078 -0.1221923828125 -0.44976806640625
0.0125951766967773 -0.0150575637817383 -0.086029052734375 -0.105239868164063
0.0166358947753906 -0.00716972351074219 0.1312255859375 0.104461669921875
-0.0142679214477539 -0.00837230682373047 0.181793212890625 0.422393798828125
-0.0156936645507813 0.0204734802246094 0.31201171875 0.5877685546875
-0.00884056091308594 0.0313873291015625 0.2943115234375 0.6575927734375
0.0069732666015625 0.0195121765136719 0.14251708984375 0.5855712890625
0.0165195465087891 -0.00512886047363281 0.044647216796875 0.497894287109375
0.0105686187744141 0.001953125 0.00958251953124999 0.321807861328125
0.00600767135620117 -0.00680303573608398 -0.00120925903320313 0.0687370300292969
0.01812744140625 -0.0176715850830078 0.0222015380859375 -0.235977172851563
0.0326976776123047 -0.0014801025390625 0.0147705078125 -0.495819091796875
0.0292453765869141 0.015899658203125 -0.13104248046875 -0.65948486328125
0.011077880859375 0.0147371292114258 -0.23931884765625 -0.69329833984375
-0.0211544036865234 0.0243396759033203 -0.1824951171875 -0.67926025390625
-0.00272655487060547 0.017303466796875 -0.1314697265625 -0.448333740234375
0.00285458564758301 0.000386238098144531 -0.0812301635742187 -0.108169555664063
-0.000969409942626953 0.00863838195800781 0.133415222167969 0.107261657714844
-0.00984954833984375 0.0188865661621094 0.17529296875 0.431243896484375
0.00455665588378906 0.0282402038574219 0.2974853515625 0.59747314453125
0.000745773315429686 0.0193214416503906 0.2728271484375 0.66400146484375
0.000310897827148437 0.00861692428588867 0.1201171875 0.58685302734375
-0.00066828727722168 -0.00310754776000977 0.02734375 0.49884033203125
-0.00237846374511719 0.0164995193481445 0.0067138671875 0.316680908203125
-0.00415754318237305 0.00776863098144531 9.91821289062512E-05 0.0644073486328125
0.004791259765625 -0.0040431022644043 0.0168304443359375 -0.240921020507813
0.0160932540893555 0.00687313079833984 -0.00170898437499998 -0.494293212890625
0.016179084777832 0.0125770568847656 -0.1531982421875 -0.653076171875
0.00846719741821289 0.0018773078918457 -0.26318359375 -0.6824951171875
-0.00643157958984375 0.0236587524414063 -0.202392578125 -0.67364501953125
0.00823211669921875 0.0336265563964844 -0.1396484375 -0.442779541015625
-0.00577354431152344 0.0177669525146484 -0.08056640625 -0.1075439453125
-0.0198860168457031 0.0245437622070313 0.129981994628906 0.115013122558594
-0.008392333984375 0.0438385009765625 0.16815185546875 0.4373779296875
0.0216960906982422 0.0344581604003906 0.27874755859375 0.6064453125
0.00950145721435547 0.00339698791503906 0.24737548828125 0.67724609375
-0.00836038589477539 -0.00686550140380859 0.10174560546875 0.5950927734375
-0.0188255310058594 -0.00206947326660156 0.020263671875 0.49700927734375
-0.0140476226806641 0.0256061553955078 0.00601196289062502 0.3070068359375
-0.0100612640380859 0.0187091827392578 0.0034332275390625 0.0518264770507813
-0.00412416458129883 0.00767087936401367 0.0130767822265625 -0.25042724609375
0.00422191619873047 0.0106229782104492 -0.016082763671875 -0.50048828125
0.00257587432861328 0.00762510299682617 -0.175048828125 -0.6484375
0.00707530975341797 -0.0121707916259766 -0.28564453125 -0.6715087890625
0.0105800628662109 0.0184993743896484 -0.224609375 -0.6641845703125
0.0193328857421875 0.049072265625 -0.14630126953125 -0.43756103515625
-0.0138664245605469 0.0366973876953125 -0.0787277221679688 -0.101646423339844
-0.0325851440429687 0.0371246337890625 0.124336242675781 0.121025085449219
-0.00387954711914062 0.0607147216796875 0.157440185546875 0.440521240234375
0.0406379699707031 0.0338935852050781 0.25469970703125 0.6197509765625
0.0155305862426758 -0.0120697021484375 0.2225341796875 0.69537353515625
-0.0159072875976562 -0.0193271636962891 0.091552734375 0.607666015625
-0.0329475402832031 -0.00630760192871094 0.0169677734375 0.492279052734375
-0.0250167846679688 0.0331935882568359 0.01019287109375 0.291168212890625
-0.0176181793212891 0.0235195159912109 0.00825119018554687 0.0359230041503906
-0.0140895843505859 0.013270378112793 0.013092041015625 -0.264297485351563
-0.011021614074707 0.0114345550537109 -0.025848388671875 -0.5091552734375
-0.00658941268920898 -0.00348901748657227 -0.18841552734375 -0.64288330078125
0.00571250915527344 -0.0284385681152344 -0.3055419921875 -0.65618896484375
0.0255928039550781 0.0149993896484375 -0.24188232421875 -0.65155029296875
0.0287704467773438 0.0635108947753906 -0.15692138671875 -0.426483154296875
-0.0230026245117188 0.0518684387207031 -0.0826492309570312 -0.0925827026367188
-0.0386695861816406 0.0465164184570313 0.116447448730469 0.132133483886719
0.00371170043945313 0.0673866271972656 0.14312744140625 0.44354248046875
0.0482826232910156 0.0262222290039063 0.22979736328125 0.6312255859375
0.0146064758300781 -0.0246143341064453 0.2030029296875 0.714111328125
-0.0217800140380859 -0.0279407501220703 0.08709716796875 0.61639404296875
-0.0405654907226563 -0.00928115844726563 0.0220947265625 0.48626708984375
-0.0285072326660156 0.0323696136474609 0.0164337158203125 0.272445678710938
-0.0195446014404297 0.0233421325683594 0.0141506195068359 0.0164680480957031
-0.0207710266113281 0.0127296447753906 0.01507568359375 -0.281524658203125
-0.0190238952636719 0.00484848022460937 -0.027862548828125 -0.51678466796875
-0.0125808715820313 -0.0154666900634766 -0.1971435546875 -0.63818359375
0.00828933715820312 -0.0428199768066406 -0.313720703125 -0.64068603515625
0.0405731201171875 0.0144424438476563 -0.257080078125 -0.638671875
0.0324783325195313 0.0769500732421875 -0.162841796875 -0.41876220703125
-0.0321006774902344 0.0604629516601563 -0.0923080444335938 -0.0825119018554687
0.0363655090332031 -0.0427742004394531 0.105461120605469 0.1158447265625
-0.0330429077148437 -0.0477752685546875 0.17108154296875 0.416015625
-0.0462188720703125 0.0145835876464844 0.30523681640625 0.59197998046875
-0.0106163024902344 0.0462150573730469 0.3175048828125 0.67803955078125
0.0292167663574219 0.0179481506347656 0.1883544921875 0.59991455078125
0.0464210510253906 -0.0361900329589844 0.0946044921875 0.490997314453125
0.0317802429199219 -0.044036865234375 0.039764404296875 0.29681396484375
0.0257415771484375 -0.0475692749023437 0.0113449096679688 0.0418281555175781
0.0454978942871094 -0.0553321838378906 0.0389556884765625 -0.2623291015625
0.0676231384277344 -0.0206298828125 0.053436279296875 -0.51068115234375
0.0480003356933594 0.0201797485351563 -0.081787109375 -0.66650390625
-0.00198554992675781 0.0254440307617188 -0.20294189453125 -0.68963623046875
-0.0537261962890625 0.0030517578125 -0.16265869140625 -0.6688232421875
-0.0040130615234375 -0.0308685302734375 -0.1282958984375 -0.44354248046875
0.0287399291992188 -0.0302906036376953 -0.105720520019531 -0.0957717895507813
0.0354156494140625 -0.0370864868164063 0.116134643554687 0.108299255371094
-0.0266532897949219 -0.0435562133789063 0.177276611328125 0.414947509765625
-0.043487548828125 0.0116119384765625 0.31451416015625 0.58367919921875
-0.0163078308105469 0.0481224060058594 0.31768798828125 0.66693115234375
0.0235137939453125 0.02557373046875 0.17755126953125 0.59417724609375
0.0421905517578125 -0.0242652893066406 0.0803833007812501 0.4970703125
0.0293426513671875 -0.0297203063964844 0.029052734375 0.3106689453125
0.0201416015625 -0.0361709594726563 0.00488662719726562 0.056976318359375
0.0401878356933594 -0.0454559326171875 0.032989501953125 -0.248245239257813
0.0601158142089844 -0.0163688659667969 0.04388427734375 -0.505218505859375
0.047027587890625 0.0217819213867187 -0.0928955078125 -0.67059326171875
0.00561332702636719 0.0275211334228516 -0.206787109375 -0.7010498046875
-0.0473365783691406 0.0155258178710937 -0.15838623046875 -0.67919921875
-0.00955963134765625 -0.0181407928466797 -0.12310791015625 -0.448822021484375
0.0223846435546875 -0.0262908935546875 -0.0941085815429688 -0.100959777832031
0.0285377502441406 -0.0234241485595703 0.126182556152344 0.104774475097656
-0.0193233489990234 -0.0297832489013672 0.182403564453125 0.41839599609375
-0.0325241088867188 0.0138969421386719 0.318359375 0.5850830078125
-0.0149765014648438 0.0430374145507813 0.31231689453125 0.66033935546875
0.0144977569580078 0.0264415740966797 0.162353515625 0.58770751953125
0.0330600738525391 -0.0133457183837891 0.065460205078125 0.498504638671875
0.0228652954101562 -0.0137081146240234 0.020111083984375 0.32135009765625
0.0128231048583984 -0.0204696655273438 0.00265884399414062 0.0666961669921875
0.0296669006347656 -0.0311813354492188 0.02581787109375 -0.238723754882813
0.0482330322265625 -0.00982666015625 0.028564453125 -0.499603271484375
0.0392036437988281 0.01898193359375 -0.1104736328125 -0.66961669921875
0.0100269317626953 0.0220050811767578 -0.2200927734375 -0.703125
-0.0366134643554688 0.0242576599121094 -0.166015625 -0.68450927734375
-0.00842761993408203 -0.00172090530395508 -0.123443603515625 -0.451416015625
0.0131626129150391 -0.0156898498535156 -0.0843505859375 -0.106971740722656
0.0165538787841797 -0.00894355773925781 0.132652282714844 0.10565185546875
-0.0123281478881836 -0.00767707824707031 0.180419921875 0.424468994140625
-0.0160503387451172 0.0203723907470703 0.31024169921875 0.59088134765625
-0.00938796997070313 0.0320110321044922 0.29541015625 0.658935546875
0.00760269165039063 0.0202465057373047 0.14105224609375 0.58587646484375
0.0167970657348633 -0.00528717041015625 0.042449951171875 0.5
0.0122499465942383 0.00259590148925781 0.010650634765625 0.321319580078125
0.00571441650390625 -0.00661611557006836 -0.00104522705078125 0.0690727233886719
0.0160846710205078 -0.0163288116455078 0.0232696533203125 -0.236465454101563
0.0327987670898437 -0.00205421447753906 0.01446533203125 -0.495452880859375
0.0289840698242188 0.0159091949462891 -0.132080078125 -0.66241455078125
0.0102453231811523 0.0134859085083008 -0.23907470703125 -0.69708251953125
-0.0210208892822266 0.0258121490478516 -0.1812744140625 -0.68389892578125
-0.0019693374633789 0.0175600051879883 -0.12969970703125 -0.450714111328125
0.00366640090942383 -0.000609636306762695 -0.0800552368164062 -0.110481262207031
-0.00217866897583008 0.00790548324584961 0.133895874023438 0.108917236328125
-0.0112724304199219 0.0179500579833984 0.175140380859375 0.431640625
0.00374412536621094 0.0286178588867188 0.29803466796875 0.59869384765625
0.000200271606445313 0.0187606811523438 0.27349853515625 0.6671142578125
-0.000910758972167969 0.00894641876220703 0.11871337890625 0.588623046875
-0.000174999237060546 -0.00356984138488769 0.02703857421875 0.49945068359375
-0.00230026245117187 0.0167856216430664 0.00366210937500002 0.318359375
-0.00327539443969727 0.00705718994140625 0.000869750976562494 0.0643348693847656
0.00451421737670898 -0.00349092483520508 0.0178985595703125 -0.238922119140625
0.0161638259887695 0.00649738311767578 0.00149536132812499 -0.495147705078125
0.0159921646118164 0.0150747299194336 -0.15301513671875 -0.657470703125
0.00839138031005859 0.00226402282714844 -0.26422119140625 -0.6871337890625
-0.00510025024414062 0.0222759246826172 -0.20166015625 -0.67681884765625
0.00741767883300781 0.034271240234375 -0.137176513671875 -0.446685791015625
-0.00500679016113281 0.0186004638671875 -0.07952880859375 -0.109519958496094
-0.0197601318359375 0.0236301422119141 0.132888793945313 0.115020751953125
-0.00999069213867187 0.0411529541015625 0.166290283203125 0.43817138671875
0.0238246917724609 0.0346717834472656 0.2774658203125 0.60858154296875
0.00928688049316406 0.00516128540039063 0.249267578125 0.67987060546875
-0.00934505462646484 -0.00552558898925781 0.10223388671875 0.59539794921875
-0.0188179016113281 -0.00252914428710938 0.018096923828125 0.497344970703125
-0.0148410797119141 0.0283470153808594 0.00546264648437501 0.30712890625
-0.0103263854980469 0.0201816558837891 0.00358200073242188 0.0528221130371094
-0.00447654724121094 0.00883865356445313 0.0158538818359375 -0.25140380859375
0.00191020965576172 0.0115089416503906 -0.012115478515625 -0.501678466796875
0.00346279144287109 0.00639915466308594 -0.17425537109375 -0.64971923828125
0.00598716735839844 -0.0129613876342773 -0.2857666015625 -0.67401123046875
0.0120677947998047 0.019744873046875 -0.22491455078125 -0.6683349609375
0.0201759338378906 0.0497665405273438 -0.146636962890625 -0.439697265625
-0.0124168395996094 0.0379600524902344 -0.0798416137695313 -0.103073120117188
-0.0333709716796875 0.0379714965820313 0.126052856445313 0.12359619140625
-0.00360488891601563 0.0617446899414063 0.154266357421875 0.442962646484375
0.0401763916015625 0.0349311828613281 0.25555419921875 0.6226806640625
0.0149402618408203 -0.0106830596923828 0.2216796875 0.69696044921875
-0.0170860290527344 -0.0196990966796875 0.09088134765625 0.60772705078125
-0.0335826873779297 -0.00627326965332031 0.01519775390625 0.494171142578125
-0.0251102447509766 0.0332469940185547 0.008697509765625 0.292938232421875
-0.0167198181152344 0.0247898101806641 0.00930786132812499 0.0359077453613281
-0.0138330459594727 0.0135822296142578 0.0131378173828125 -0.267776489257813
-0.0111265182495117 0.0108890533447266 -0.02484130859375 -0.51068115234375
-0.00666236877441406 -0.00331687927246094 -0.189453125 -0.64599609375
0.00618362426757813 -0.0271892547607422 -0.3040771484375 -0.6578369140625
0.0270423889160156 0.0163078308105469 -0.241455078125 -0.6551513671875
0.0289802551269531 0.0637016296386719 -0.156646728515625 -0.430908203125
-0.022796630859375 0.0518760681152344 -0.0827484130859375 -0.0944290161132813
-0.0401344299316406 0.0469131469726563 0.114631652832031 0.133056640625
0.00374221801757812 0.0675430297851563 0.144866943359375 0.44891357421875
0.0500869750976563 0.0256996154785156 0.22955322265625 0.63214111328125
0.0149135589599609 -0.0258750915527344 0.2021484375 0.71600341796875
-0.0220603942871094 -0.0298233032226563 0.0843505859375 0.619140625
-0.0423507690429687 -0.00933456420898437 0.01910400390625 0.488433837890625
-0.0304679870605469 0.0319023132324219 0.0160369873046875 0.274185180664063
-0.0198764801025391 0.0238056182861328 0.0151605606079102 0.0148534774780273
-0.0202579498291016 0.0136222839355469 0.016021728515625 -0.282989501953125
-0.0210895538330078 0.0034637451171875 -0.026519775390625 -0.518157958984375
-0.0119647979736328 -0.0156068801879883 -0.19537353515625 -0.64105224609375
0.00873565673828125 -0.0416831970214844 -0.313720703125 -0.642333984375
0.0401802062988281 0.0153350830078125 -0.25531005859375 -0.64031982421875
0.0335922241210938 0.0772705078125 -0.163543701171875 -0.421173095703125
-0.0332984924316406 0.062164306640625 -0.0916900634765625 -0.0838851928710938
0.0348892211914063 -0.0450363159179688 0.106155395507813 0.11688232421875
-0.0341148376464844 -0.0486259460449219 0.170745849609375 0.420501708984375
-0.0465469360351562 0.0143585205078125 0.3065185546875 0.59576416015625
-0.0124626159667969 0.0460968017578125 0.3189697265625 0.6824951171875
0.0289306640625 0.0179023742675781 0.18865966796875 0.6048583984375
0.0467071533203125 -0.0361480712890625 0.094207763671875 0.49273681640625
0.0318717956542969 -0.0433502197265625 0.040069580078125 0.297607421875
0.0254173278808594 -0.0471076965332031 0.0115165710449219 0.0422706604003906
0.0457687377929687 -0.0555610656738281 0.04022216796875 -0.263046264648438
0.0683937072753906 -0.0216407775878906 0.054931640625 -0.51361083984375
0.048492431640625 0.0207061767578125 -0.0828857421875001 -0.67169189453125
-0.00193214416503906 0.0268917083740234 -0.2021484375 -0.6956787109375
-0.0540580749511719 0.00461959838867188 -0.163818359375 -0.6734619140625
-0.00366973876953125 -0.0305709838867188 -0.127838134765625 -0.446044921875
0.0297985076904297 -0.0308189392089844 -0.107612609863281 -0.0961532592773438
0.0359001159667969 -0.0370941162109375 0.1173095703125 0.108451843261719
-0.0262184143066406 -0.0446891784667969 0.17730712890625 0.419677734375
-0.0449867248535156 0.0139999389648438 0.31591796875 0.58734130859375
-0.0169219970703125 0.0475425720214844 0.31842041015625 0.67034912109375
0.0235939025878906 0.0266838073730469 0.1767578125 0.59564208984375
0.0440864562988281 -0.0236778259277344 0.081024169921875 0.49993896484375
0.0297183990478516 -0.0298995971679687 0.029083251953125 0.3115234375
0.02105712890625 -0.0352745056152344 0.00676345825195312 0.058319091796875
0.0389213562011719 -0.0442733764648438 0.0336151123046875 -0.248931884765625
0.0605659484863281 -0.0174484252929688 0.045440673828125 -0.507293701171875
0.0477943420410156 0.020263671875 -0.09228515625 -0.6754150390625
0.005706787109375 0.0279045104980469 -0.20831298828125 -0.70538330078125
-0.0485076904296875 0.0166091918945313 -0.15966796875 -0.68426513671875
-0.00864219665527344 -0.0183219909667969 -0.12347412109375 -0.4537353515625
0.0224151611328125 -0.0276908874511719 -0.0939559936523438 -0.10260009765625
0.02935791015625 -0.0248813629150391 0.127212524414063 0.105339050292969
-0.0180187225341797 -0.0313606262207031 0.180908203125 0.42041015625
-0.0338821411132813 0.0135955810546875 0.31732177734375 0.5872802734375
-0.0150947570800781 0.0432090759277344 0.31353759765625 0.66241455078125
0.0146598815917969 0.0251293182373047 0.161376953125 0.59185791015625
0.0340614318847656 -0.0115299224853516 0.0624389648437501 0.503631591796875
0.0234565734863281 -0.0136642456054688 0.019195556640625 0.32318115234375
0.0135650634765625 -0.0221366882324219 0.0026397705078125 0.0691108703613281
0.0279273986816406 -0.0314903259277344 0.02679443359375 -0.240554809570312
0.0487213134765625 -0.00959396362304688 0.030029296875 -0.503021240234375
0.0402679443359375 0.0185928344726563 -0.1109619140625 -0.6732177734375
0.0102005004882813 0.0242729187011719 -0.22283935546875 -0.70751953125
-0.0370712280273438 0.0250015258789062 -0.16546630859375 -0.689697265625
-0.00815534591674805 -0.00161027908325195 -0.123291015625 -0.45489501953125
0.0130472183227539 -0.0171651840209961 -0.0851821899414063 -0.109344482421875
0.0166044235229492 -0.00925636291503906 0.133491516113281 0.106330871582031
-0.0144624710083008 -0.00757503509521484 0.1817626953125 0.428558349609375
-0.01611328125 0.0197544097900391 0.31207275390625 0.59393310546875
-0.0105609893798828 0.0329132080078125 0.294677734375 0.66302490234375
0.00721549987792969 0.0206546783447266 0.13897705078125 0.58837890625
0.017303466796875 -0.00514030456542969 0.041046142578125 0.504364013671875
0.0103845596313477 0.00339412689208984 0.00897216796874999 0.32440185546875
0.00490713119506836 -0.00707864761352539 0.000877380371093757 0.0715179443359375
0.0171089172363281 -0.0173683166503906 0.022613525390625 -0.237060546875
0.0340347290039063 -0.000949859619140625 0.016998291015625 -0.49761962890625
0.0290126800537109 0.0161933898925781 -0.130859375 -0.6673583984375
0.00975513458251953 0.0143327713012695 -0.24212646484375 -0.7012939453125
-0.0219764709472656 0.0263347625732422 -0.1810302734375 -0.68896484375
-0.00145149230957031 0.0175647735595703 -0.129364013671875 -0.455169677734375
0.00313925743103027 -0.000417709350585938 -0.0797882080078125 -0.110969543457031
-0.00289106369018555 0.00665092468261719 0.136260986328125 0.109817504882813
-0.0122146606445313 0.0169267654418945 0.174530029296875 0.43634033203125
0.00307846069335938 0.0278816223144531 0.2977294921875 0.60211181640625
0.000238418579101564 0.0193119049072266 0.27471923828125 0.6689453125
-0.0010833740234375 0.00861454010009766 0.1180419921875 0.5908203125
-9.28640365600587E-05 -0.00161135196685791 0.026336669921875 0.5029296875
-0.00162792205810547 0.0170669555664063 0.00442504882812499 0.320343017578125
-0.00275182723999023 0.00815868377685547 0.00249099731445313 0.0651206970214844
0.00594043731689453 -0.000920772552490234 0.0196533203125 -0.241851806640625
0.0169429779052734 0.00691604614257813 0.000915527343749994 -0.500457763671875
0.0160856246948242 0.0123977661132813 -0.154296875 -0.65899658203125
0.00889110565185547 0.00225067138671875 -0.2647705078125 -0.68896484375
-0.00543975830078125 0.0235958099365234 -0.20172119140625 -0.68145751953125
0.00925636291503906 0.0342464447021484 -0.137603759765625 -0.449951171875
-0.00537872314453125 0.0180397033691406 -0.0786590576171875 -0.109504699707031
-0.0200672149658203 0.0229663848876953 0.132835388183594 0.117286682128906
-0.0084075927734375 0.0432624816894531 0.166473388671875 0.44366455078125
0.0237140655517578 0.0341701507568359 0.27728271484375 0.61383056640625
0.0104904174804688 0.00374126434326172 0.2496337890625 0.6826171875
-0.00932121276855469 -0.00603389739990234 0.1019287109375 0.59942626953125
-0.020294189453125 -0.00294303894042969 0.0172119140625 0.5008544921875
-0.013427734375 0.0282363891601563 0.00558471679687503 0.310699462890625
-0.0110645294189453 0.0199565887451172 0.005645751953125 0.0535049438476562
-0.00566005706787109 0.00958538055419922 0.0168609619140625 -0.252288818359375
0.00116729736328125 0.0106840133666992 -0.0113525390625 -0.5045166015625
0.00411415100097656 0.00732135772705078 -0.17437744140625 -0.65374755859375
0.00618267059326172 -0.0112552642822266 -0.28729248046875 -0.6781005859375
0.0099334716796875 0.0208034515380859 -0.22412109375 -0.669921875
0.0217514038085938 0.050048828125 -0.146820068359375 -0.4449462890625
-0.0130577087402344 0.0366668701171875 -0.0795059204101563 -0.104637145996094
-0.0338249206542969 0.0369110107421875 0.126800537109375 0.124595642089844
-0.0034027099609375 0.061187744140625 0.15386962890625 0.447113037109375
0.0398025512695313 0.0347061157226563 0.25506591796875 0.626220703125
0.0156879425048828 -0.012761116027832 0.22283935546875 0.7001953125
-0.0159511566162109 -0.0194034576416016 0.0888671874999999 0.61138916015625
-0.0343780517578125 -0.00666618347167969 0.0130615234375 0.4969482421875
-0.0242462158203125 0.0336742401123047 0.00878906250000002 0.294586181640625
-0.0157794952392578 0.0246334075927734 0.00973129272460938 0.0369453430175781
-0.0147285461425781 0.0150909423828125 0.0149688720703125 -0.267120361328125
-0.0122509002685547 0.0113153457641602 -0.024261474609375 -0.51409912109375
-0.0063481330871582 -0.00247716903686524 -0.188720703125 -0.649169921875
0.00451850891113281 -0.0278148651123047 -0.3046875 -0.661865234375
0.0273647308349609 0.0162925720214844 -0.241943359375 -0.658935546875
0.0303764343261719 0.0653648376464844 -0.155303955078125 -0.434722900390625
-0.0228118896484375 0.0523643493652344 -0.084625244140625 -0.096343994140625
-0.040863037109375 0.0452156066894531 0.116279602050781 0.132476806640625
0.00490951538085937 0.0684623718261719 0.14239501953125 0.449066162109375
0.0499038696289063 0.0265007019042969 0.23016357421875 0.639892578125
0.0145988464355469 -0.0253314971923828 0.2017822265625 0.720458984375
-0.0238361358642578 -0.0302448272705078 0.0818481445312501 0.62310791015625
-0.0422325134277344 -0.00917816162109374 0.018280029296875 0.490936279296875
-0.0292453765869141 0.0330753326416016 0.0173797607421875 0.27685546875
-0.0199069976806641 0.0249919891357422 0.0169687271118164 0.0166177749633789
-0.0214042663574219 0.0146560668945313 0.016876220703125 -0.285491943359375
-0.0213432312011719 0.00402641296386719 -0.025115966796875 -0.521697998046875
-0.0122652053833008 -0.0165214538574219 -0.1951904296875 -0.64373779296875
0.0082855224609375 -0.0425949096679688 -0.3157958984375 -0.64630126953125
0.0400772094726562 0.0151481628417969 -0.2547607421875 -0.644775390625
0.0344924926757813 0.0781173706054688 -0.16259765625 -0.42413330078125
-0.0330886840820313 0.063018798828125 -0.0913467407226562 -0.08489990234375
0.035003662109375 -0.0454444885253906 0.108795166015625 0.118148803710938
-0.0340843200683594 -0.0492172241210937 0.170623779296875 0.423736572265625
-0.0485076904296875 0.0154495239257813 0.30889892578125 0.600830078125
-0.0123100280761719 0.0470352172851563 0.32196044921875 0.68634033203125
0.0292282104492188 0.0185317993164063 0.18975830078125 0.60693359375
0.0474739074707031 -0.0363082885742188 0.0941772460937501 0.495849609375
0.033416748046875 -0.0421600341796875 0.040069580078125 0.298370361328125
0.0266075134277344 -0.0471305847167969 0.0131568908691406 0.043853759765625
0.0466537475585937 -0.0559463500976562 0.03955078125 -0.2662353515625
0.0687713623046875 -0.0218315124511719 0.054351806640625 -0.5185546875
0.0482673645019531 0.0204658508300781 -0.0821533203124999 -0.67559814453125
-0.0023345947265625 0.0270004272460938 -0.2061767578125 -0.6983642578125
-0.0547561645507813 0.00376510620117188 -0.16436767578125 -0.676025390625
-0.00271224975585937 -0.0312690734863281 -0.128326416015625 -0.4490966796875
0.0311737060546875 -0.0324821472167969 -0.107490539550781 -0.09686279296875
0.0367927551269531 -0.0395011901855469 0.117340087890625 0.109649658203125
-0.0273704528808594 -0.0443229675292969 0.179046630859375 0.420654296875
-0.0462188720703125 0.0134506225585938 0.31854248046875 0.58990478515625
-0.0152969360351563 0.0479888916015625 0.32220458984375 0.67303466796875
0.0238914489746094 0.0258693695068359 0.17840576171875 0.5977783203125
0.0446739196777344 -0.0233688354492188 0.079681396484375 0.50201416015625
0.0307388305664063 -0.0301589965820313 0.029266357421875 0.314239501953125
0.0215950012207031 -0.0362014770507812 0.00705718994140626 0.0584335327148438
0.039337158203125 -0.0452880859375 0.033966064453125 -0.25140380859375
0.0599746704101563 -0.0157928466796875 0.044830322265625 -0.51202392578125
0.0474357604980469 0.0213508605957031 -0.0936889648437501 -0.67926025390625
0.00583457946777344 0.0286350250244141 -0.21063232421875 -0.70977783203125
-0.0483207702636719 0.0168228149414062 -0.15997314453125 -0.68890380859375
-0.00890159606933594 -0.0188236236572266 -0.124298095703125 -0.4561767578125
0.0230903625488281 -0.0273990631103516 -0.0949325561523438 -0.102317810058594
0.0300502777099609 -0.0251731872558594 0.1282958984375 0.107002258300781
-0.0202713012695312 -0.0307216644287109 0.182769775390625 0.425048828125
-0.0335044860839844 0.0147075653076172 0.320068359375 0.5911865234375
-0.0150299072265625 0.0431709289550781 0.3134765625 0.66546630859375
0.0153064727783203 0.0269451141357422 0.16259765625 0.59375
0.0340175628662109 -0.0117721557617188 0.062042236328125 0.506256103515625
0.0242652893066406 -0.0138912200927734 0.020416259765625 0.324920654296875
0.0146331787109375 -0.0217704772949219 0.00305557250976563 0.0688095092773438
0.0286064147949219 -0.0324172973632813 0.0278167724609375 -0.241607666015625
0.0481300354003906 -0.009796142578125 0.029876708984375 -0.50433349609375
0.040863037109375 0.0194206237792969 -0.11297607421875 -0.67803955078125
0.00998306274414063 0.0239124298095703 -0.22509765625 -0.70947265625
-0.0372848510742187 0.0238685607910156 -0.16851806640625 -0.69305419921875
-0.00857782363891602 -0.00128984451293945 -0.123870849609375 -0.459686279296875
0.0132808685302734 -0.0168142318725586 -0.0845184326171875 -0.110107421875
0.0149860382080078 -0.0107841491699219 0.134361267089844 0.107650756835938
-0.0137662887573242 -0.00806236267089844 0.181243896484375 0.43048095703125
-0.0160980224609375 0.0203304290771484 0.31304931640625 0.5963134765625
-0.0110740661621094 0.0330543518066406 0.298095703125 0.666748046875
0.00788116455078125 0.0215339660644531 0.1407470703125 0.59210205078125
0.0171442031860352 -0.00405979156494141 0.04095458984375 0.50714111328125
0.0128154754638672 0.00296401977539063 0.00976562499999997 0.325103759765625
0.00708150863647461 -0.00585269927978516 0.00191497802734375 0.0723800659179688
0.0173530578613281 -0.0160484313964844 0.0236663818359375 -0.238662719726562
0.0336551666259766 -0.00183296203613281 0.016357421875 -0.50079345703125
0.0302734375 0.0180416107177734 -0.13177490234375 -0.67022705078125
0.00938606262207031 0.0166807174682617 -0.244140625 -0.70672607421875
-0.0219688415527344 0.0275840759277344 -0.18524169921875 -0.6934814453125
-0.00195121765136719 0.0165252685546875 -0.131317138671875 -0.457916259765625
0.00400590896606445 -0.00134134292602539 -0.0809478759765625 -0.111190795898437
-0.00286865234375 0.00676822662353516 0.136672973632813 0.111015319824219
-0.0118427276611328 0.0168008804321289 0.17510986328125 0.4390869140625
0.00464057922363281 0.0289821624755859 0.2996826171875 0.60595703125
-0.000654220581054689 0.0187664031982422 0.27764892578125 0.6732177734375
-0.000874519348144531 0.00888156890869141 0.117919921875 0.594482421875
-0.00113308429718018 -0.00209903717041016 0.02349853515625 0.506195068359375
-0.000303268432617187 0.0175724029541016 0.003265380859375 0.321807861328125
-0.00359916687011719 0.00994205474853516 0.00214385986328124 0.0672874450683594
0.0041806697845459 -0.00368046760559082 0.0203704833984375 -0.242828369140625
0.0161828994750977 0.00677108764648438 0.00070190429687501 -0.501556396484375
0.0160083770751953 0.0127105712890625 -0.154296875 -0.6622314453125
0.00860118865966797 0.00203657150268555 -0.2672119140625 -0.69525146484375
-0.00448036193847657 0.0258808135986328 -0.20416259765625 -0.684326171875
0.00899124145507813 0.0356369018554688 -0.13812255859375 -0.45269775390625
-0.00623226165771484 0.0163049697875977 -0.0789871215820312 -0.112144470214844
-0.0202980041503906 0.0225353240966797 0.135765075683594 0.117050170898437
-0.00831222534179687 0.04248046875 0.167236328125 0.4453125
0.0244560241699219 0.0350704193115234 0.281005859375 0.61676025390625
0.00874614715576172 0.00394821166992188 0.2520751953125 0.6864013671875
-0.00811624526977539 -0.00580310821533203 0.10015869140625 0.6021728515625
-0.0190773010253906 -0.0014801025390625 0.013916015625 0.503143310546875
-0.0155200958251953 0.0286350250244141 0.00613403320312499 0.31060791015625
-0.0108737945556641 0.0203285217285156 0.00629043579101562 0.0557022094726563
-0.00663471221923828 0.0103473663330078 0.0164794921875 -0.2537841796875
0.00218486785888672 0.0102567672729492 -0.01239013671875 -0.50714111328125
0.0022282600402832 0.00674009323120117 -0.17633056640625 -0.65966796875
0.00646495819091797 -0.0107879638671875 -0.28985595703125 -0.68121337890625
0.0117855072021484 0.0203056335449219 -0.22552490234375 -0.67584228515625
0.0215492248535156 0.0494346618652344 -0.1475830078125 -0.4473876953125
-0.012908935546875 0.0373725891113281 -0.07818603515625 -0.105598449707031
-0.0357742309570312 0.0374679565429688 0.1280517578125 0.125389099121094
-0.00334930419921875 0.0621185302734375 0.156036376953125 0.449462890625
0.0400924682617187 0.0346450805664063 0.25531005859375 0.62689208984375
0.0147104263305664 -0.0117044448852539 0.22540283203125 0.705810546875
-0.0178852081298828 -0.0194530487060547 0.087890625 0.6136474609375
-0.0340938568115234 -0.00388336181640624 0.011871337890625 0.501007080078125
-0.0241794586181641 0.0340919494628906 0.010467529296875 0.296478271484375
-0.0171890258789063 0.0261611938476563 0.0113677978515625 0.0369338989257813
-0.0154743194580078 0.0154514312744141 0.0147857666015625 -0.269577026367188
-0.0117053985595703 0.0116987228393555 -0.02294921875 -0.51727294921875
-0.00704860687255859 -0.00367307662963867 -0.19256591796875 -0.65374755859375
0.00608634948730469 -0.0279273986816406 -0.30645751953125 -0.6666259765625
0.0274505615234375 0.0181083679199219 -0.24334716796875 -0.662109375
0.0310516357421875 0.0667724609375 -0.15850830078125 -0.43701171875
-0.0223884582519531 0.0529251098632813 -0.0835189819335937 -0.0963058471679688
-0.0419845581054688 0.0460243225097656 0.117759704589844 0.135513305664063
0.00371932983398437 0.0697784423828125 0.14227294921875 0.452362060546875
0.0502433776855469 0.027374267578125 0.23150634765625 0.640625
0.01422119140625 -0.0262889862060547 0.20550537109375 0.72467041015625
-0.0228443145751953 -0.0299243927001953 0.0828857421875001 0.62445068359375
-0.0439682006835937 -0.00918197631835937 0.017059326171875 0.494903564453125
-0.0295047760009766 0.0337066650390625 0.018157958984375 0.279556274414063
-0.0194911956787109 0.0249404907226562 0.0171823501586914 0.0164756774902344
-0.0236091613769531 0.0146694183349609 0.016937255859375 -0.288543701171875
-0.0220890045166016 0.00429534912109375 -0.02459716796875 -0.525787353515625
-0.0133132934570312 -0.0178489685058594 -0.19891357421875 -0.64837646484375
0.00902938842773437 -0.0423622131347656 -0.31732177734375 -0.65093994140625
0.0420417785644531 0.0166511535644531 -0.2584228515625 -0.64849853515625
0.03558349609375 0.0776519775390625 -0.16583251953125 -0.4296875
-0.03302001953125 0.0618972778320312 -0.0929946899414062 -0.0853271484375
0.0362739562988281 -0.0486183166503906 0.108917236328125 0.119239807128906
-0.0354728698730469 -0.0498428344726563 0.174713134765625 0.4271240234375
-0.0487060546875 0.0159187316894531 0.31231689453125 0.60223388671875
-0.0114097595214844 0.0477867126464844 0.3255615234375 0.6885986328125
0.0292243957519531 0.0182743072509766 0.19122314453125 0.60858154296875
0.04901123046875 -0.0373764038085937 0.0947265625 0.499969482421875
0.0334281921386719 -0.0422554016113281 0.04052734375 0.299530029296875
0.026123046875 -0.0470542907714844 0.0143928527832031 0.0421676635742188
0.0466156005859375 -0.0554542541503906 0.0414886474609375 -0.267807006835938
0.0676307678222656 -0.0218544006347656 0.056488037109375 -0.52166748046875
0.0501976013183594 0.0201911926269531 -0.08636474609375 -0.68182373046875
-0.00296592712402344 0.0269851684570313 -0.207763671875 -0.7034912109375
-0.0559234619140625 0.00493240356445314 -0.16839599609375 -0.6822509765625
-0.00287818908691406 -0.0327434539794922 -0.130950927734375 -0.45404052734375
0.0317630767822266 -0.034149169921875 -0.108268737792969 -0.097198486328125
0.0361671447753906 -0.0397224426269531 0.120063781738281 0.110023498535156
-0.02642822265625 -0.0477142333984375 0.180755615234375 0.424072265625
-0.0448036193847656 0.01458740234375 0.320556640625 0.59490966796875
-0.0161552429199219 0.048492431640625 0.32666015625 0.67559814453125
0.0233821868896484 0.0254669189453125 0.1806640625 0.6025390625
0.0442047119140625 -0.0231285095214844 0.07965087890625 0.50628662109375
0.0310420989990234 -0.0292072296142578 0.030792236328125 0.3145751953125
0.0207939147949219 -0.035400390625 0.00838851928710938 0.0599517822265625
0.0391998291015625 -0.0453224182128906 0.0338897705078125 -0.252975463867188
0.06146240234375 -0.0169525146484375 0.04315185546875 -0.51373291015625
0.0481948852539062 0.0205230712890625 -0.09625244140625 -0.68328857421875
0.00554847717285157 0.0291728973388672 -0.2149658203125 -0.71466064453125
-0.0482749938964844 0.0186691284179687 -0.16168212890625 -0.69293212890625
-0.00752449035644531 -0.01910400390625 -0.125701904296875 -0.46026611328125
0.0243511199951172 -0.0282497406005859 -0.0948867797851563 -0.1055908203125
0.0303325653076172 -0.0273323059082031 0.129920959472656 0.106658935546875
-0.0200080871582031 -0.0318355560302734 0.185455322265625 0.42755126953125
-0.0341873168945313 0.0148983001708984 0.32464599609375 0.594482421875
-0.0159225463867188 0.0437850952148438 0.320556640625 0.66925048828125
0.0163249969482422 0.0285243988037109 0.1639404296875 0.59747314453125
0.0335826873779297 -0.0110435485839844 0.06378173828125 0.50982666015625
0.0232200622558594 -0.0117893218994141 0.0208740234375 0.32550048828125
0.0157527923583984 -0.0215339660644531 0.00274276733398437 0.0698814392089844
0.0279197692871094 -0.0317802429199219 0.0277252197265625 -0.244735717773438
0.0484161376953125 -0.009368896484375 0.028350830078125 -0.509368896484375
0.0408477783203125 0.0192756652832031 -0.1160888671875 -0.68035888671875
0.00842475891113281 0.0249824523925781 -0.22686767578125 -0.7166748046875
-0.0366172790527344 0.024688720703125 -0.17230224609375 -0.69793701171875
-0.00797224044799805 -0.000383853912353515 -0.125946044921875 -0.463104248046875
0.0135965347290039 -0.0167970657348633 -0.0861740112304687 -0.110610961914063
0.0157508850097656 -0.0115337371826172 0.136512756347656 0.108039855957031
-0.0150613784790039 -0.00946044921875 0.1844482421875 0.434173583984375
-0.0164680480957031 0.0203800201416016 0.31951904296875 0.59979248046875
-0.0102634429931641 0.0328388214111328 0.3031005859375 0.66796875
0.00593948364257813 0.0227508544921875 0.142578125 0.59619140625
0.0194072723388672 -0.0041961669921875 0.039337158203125 0.51092529296875
0.0129566192626953 0.00532722473144531 0.011199951171875 0.328826904296875
0.00647783279418945 -0.00607490539550781 0.00298309326171874 0.0726470947265625
0.0166788101196289 -0.0159168243408203 0.0242462158203125 -0.241683959960938
0.0331974029541016 -0.000598907470703125 0.01495361328125 -0.5042724609375
0.0284709930419922 0.0169677734375 -0.135986328125 -0.67547607421875
0.00947856903076172 0.0145187377929688 -0.24725341796875 -0.71099853515625
-0.0208110809326172 0.0272655487060547 -0.18743896484375 -0.6988525390625
0.000392913818359375 0.0178909301757813 -0.13323974609375 -0.4627685546875
0.00337100028991699 -0.000649452209472656 -0.0817794799804688 -0.113334655761719
-0.00271797180175781 0.00447607040405273 0.138427734375 0.110466003417969
-0.0125637054443359 0.0179271697998047 0.17559814453125 0.44256591796875
0.00404739379882812 0.0289249420166016 0.305419921875 0.61065673828125
0.000761032104492186 0.0200443267822266 0.28009033203125 0.67767333984375
-0.000293731689453124 0.00997734069824219 0.11834716796875 0.5985107421875
-0.00176823139190674 -0.00128960609436035 0.02587890625 0.509552001953125
-0.000108718872070311 0.0179862976074219 0.00698852539062497 0.325408935546875
-0.00194263458251953 0.00919342041015625 0.00518417358398438 0.0671577453613281
0.00610446929931641 -0.00135421752929688 0.0193939208984375 -0.2454833984375
0.0162315368652344 0.00708484649658203 9.15527343749932E-05 -0.50628662109375
0.0152997970581055 0.0130281448364258 -0.15679931640625 -0.6688232421875
0.00736856460571289 0.00212335586547852 -0.271484375 -0.7000732421875
-0.00590705871582031 0.0272731781005859 -0.20794677734375 -0.689453125
0.0115318298339844 0.0357322692871094 -0.14031982421875 -0.458038330078125
-0.00379085540771485 0.0172481536865234 -0.0807418823242188 -0.110763549804687
-0.0207538604736328 0.0218715667724609 0.135871887207031 0.117774963378906
-0.0115089416503906 0.0420188903808594 0.16912841796875 0.44873046875
0.0250034332275391 0.03424072265625 0.28326416015625 0.61962890625
0.00911998748779297 0.00510120391845703 0.25494384765625 0.6905517578125
-0.00906848907470703 -0.00559711456298828 0.1019287109375 0.60589599609375
-0.0195064544677734 -0.00145721435546875 0.015899658203125 0.50775146484375
-0.0157546997070312 0.0291175842285156 0.00579833984375 0.314483642578125
-0.00981330871582031 0.0219020843505859 0.00646209716796875 0.0550727844238281
-0.0066680908203125 0.0108118057250977 0.0176239013671875 -0.257644653320313
0.00195980072021485 0.0119314193725586 -0.0148010253906249 -0.51092529296875
0.00358009338378906 0.00767898559570313 -0.1788330078125 -0.66278076171875
0.00628662109375 -0.0123586654663086 -0.29351806640625 -0.68524169921875
0.0130653381347656 0.0219097137451172 -0.2286376953125 -0.68096923828125
0.0228500366210937 0.0512199401855469 -0.15155029296875 -0.4525146484375
-0.0131568908691406 0.0364532470703125 -0.0810699462890625 -0.106895446777344
-0.0356521606445313 0.0361137390136719 0.129623413085938 0.125724792480469
-0.00542068481445312 0.0622634887695313 0.158721923828125 0.451812744140625
0.0415534973144531 0.0350494384765625 0.25811767578125 0.63330078125
0.0174379348754883 -0.011775016784668 0.22918701171875 0.71148681640625
-0.0168552398681641 -0.0190696716308594 0.0902099609375 0.616455078125
-0.0343685150146484 -0.00477409362792969 0.0122070312500001 0.5052490234375
-0.0238075256347656 0.0363082885742188 0.00979614257812498 0.297119140625
-0.0171222686767578 0.0267848968505859 0.0116691589355469 0.0374832153320313
-0.015289306640625 0.0156869888305664 0.01556396484375 -0.272323608398438
-0.0111885070800781 0.0109567642211914 -0.025238037109375 -0.52044677734375
-0.00671577453613281 -0.00453758239746094 -0.19482421875 -0.6573486328125
0.00560379028320313 -0.0280036926269531 -0.31353759765625 -0.6697998046875
0.0274581909179688 0.0178966522216797 -0.24810791015625 -0.66802978515625
0.0321502685546875 0.0659523010253906 -0.161407470703125 -0.441619873046875
-0.0220603942871094 0.0530014038085938 -0.084564208984375 -0.097320556640625
-0.0428810119628906 0.0455551147460937 0.119064331054688 0.134269714355469
0.00329971313476562 0.0697212219238281 0.144744873046875 0.45623779296875
0.0514984130859375 0.0280609130859375 0.23529052734375 0.64691162109375
0.0153179168701172 -0.0272445678710938 0.210693359375 0.728271484375
-0.0249843597412109 -0.0293903350830078 0.08135986328125 0.63018798828125
-0.0440673828125 -0.0060272216796875 0.0175170898437499 0.497314453125
-0.0293617248535156 0.0342006683349609 0.0179290771484375 0.280502319335938
-0.0188961029052734 0.0267467498779297 0.0188617706298828 0.0173149108886719
-0.0239734649658203 0.0152454376220703 0.017730712890625 -0.288726806640625
-0.022918701171875 0.00422286987304687 -0.025848388671875 -0.528228759765625
-0.0142536163330078 -0.0185489654541016 -0.20062255859375 -0.65093994140625
0.0072021484375 -0.0440025329589844 -0.32269287109375 -0.656494140625
0.0419158935546875 0.0164070129394531 -0.26055908203125 -0.6533203125
0.0366134643554687 0.0791091918945312 -0.16766357421875 -0.43243408203125
-0.0335006713867188 0.0632514953613281 -0.0928268432617188 -0.08514404296875
0.036285400390625 -0.0473747253417969 0.110946655273438 0.119606018066406
-0.0353775024414063 -0.0516815185546875 0.174224853515625 0.42974853515625
-0.0504150390625 0.0157470703125 0.31768798828125 0.60540771484375
-0.0132598876953125 0.0480537414550781 0.33154296875 0.69158935546875
0.0293827056884766 0.0179882049560547 0.19207763671875 0.61419677734375
0.0493927001953125 -0.0373916625976562 0.095458984375 0.50250244140625
0.0339546203613281 -0.0432357788085938 0.04119873046875 0.302886962890625
0.0257568359375 -0.0455245971679688 0.0138168334960937 0.0440864562988281
0.0460662841796875 -0.0560035705566406 0.0411529541015625 -0.268173217773438
0.0684318542480469 -0.0230445861816406 0.05230712890625 -0.52630615234375
0.0503311157226563 0.0198974609375 -0.0883789062499999 -0.6839599609375
-0.00194358825683594 0.0287990570068359 -0.21417236328125 -0.7086181640625
-0.0548858642578125 0.00730895996093751 -0.172119140625 -0.6883544921875
-0.0033721923828125 -0.0323772430419922 -0.13519287109375 -0.458740234375
0.0304698944091797 -0.0336055755615234 -0.110549926757812 -0.098480224609375
0.0369338989257813 -0.0410842895507813 0.122650146484375 0.110679626464844
-0.0295257568359375 -0.0463790893554688 0.184173583984375 0.42803955078125
-0.0464324951171875 0.0150947570800781 0.3245849609375 0.59698486328125
-0.0169334411621094 0.0507965087890625 0.33453369140625 0.67938232421875
0.0250892639160156 0.02679443359375 0.184814453125 0.60595703125
0.0463409423828125 -0.023529052734375 0.081878662109375 0.509613037109375
0.0322322845458984 -0.0294857025146484 0.031494140625 0.3189697265625
0.0212211608886719 -0.0360298156738281 0.00790023803710937 0.0595970153808594
0.0389747619628906 -0.0464820861816406 0.0335235595703125 -0.25714111328125
0.0628929138183594 -0.0163688659667969 0.0401611328125 -0.518646240234375
0.0493583679199219 0.0218276977539063 -0.09912109375 -0.687744140625
0.00508308410644531 0.0292930603027344 -0.2176513671875 -0.71942138671875
-0.0503005981445312 0.0181846618652344 -0.16668701171875 -0.6976318359375
-0.00816154479980469 -0.0187187194824219 -0.12786865234375 -0.464691162109375
0.0233325958251953 -0.0284214019775391 -0.0972747802734375 -0.10443115234375
0.0309772491455078 -0.0288829803466797 0.132308959960938 0.106819152832031
-0.0196571350097656 -0.0330772399902344 0.188232421875 0.433135986328125
-0.0360870361328125 0.0144462585449219 0.3282470703125 0.59698486328125
-0.0162315368652344 0.0443305969238281 0.32562255859375 0.670166015625
0.0155601501464844 0.0292606353759766 0.16717529296875 0.5994873046875
0.0342922210693359 -0.0119476318359375 0.064208984375 0.514617919921875
0.024200439453125 -0.013458251953125 0.021270751953125 0.329010009765625
0.0138263702392578 -0.0195331573486328 0.0050048828125 0.0707855224609375
0.0282154083251953 -0.0323429107666016 0.0277099609375 -0.246505737304687
0.0481834411621094 -0.0102882385253906 0.0279541015624999 -0.512969970703125
0.0409393310546875 0.0191268920898438 -0.11907958984375 -0.68560791015625
0.00976943969726563 0.0266265869140625 -0.2347412109375 -0.72210693359375
-0.0367469787597656 0.0284194946289062 -0.17486572265625 -0.70367431640625
-0.00730323791503906 -0.00185728073120117 -0.129730224609375 -0.467254638671875
0.0144948959350586 -0.0170230865478516 -0.0874404907226563 -0.112167358398437
0.0168638229370117 -0.0127353668212891 0.139228820800781 0.107955932617187
-0.0174045562744141 -0.00925827026367187 0.186065673828125 0.439117431640625
-0.0179023742675781 0.0211887359619141 0.32281494140625 0.60369873046875
-0.0104961395263672 0.0338268280029297 0.30828857421875 0.67236328125
0.00802040100097656 0.0206031799316406 0.14520263671875 0.59930419921875
0.0177669525146484 -0.0047149658203125 0.0417480468749999 0.515625
0.0128927230834961 0.00382518768310547 0.0115966796875 0.3309326171875
0.00604391098022461 -0.00462627410888672 0.00276947021484376 0.074432373046875
0.0165128707885742 -0.0151166915893555 0.023773193359375 -0.243423461914063
0.0331363677978516 -0.000875473022460938 0.0142822265625 -0.510101318359375
0.0306053161621094 0.0165977478027344 -0.1385498046875 -0.6805419921875
0.0115518569946289 0.0158319473266602 -0.25347900390625 -0.71527099609375
-0.0223770141601562 0.0295791625976563 -0.1915283203125 -0.702392578125
-0.00162696838378906 0.0177745819091797 -0.135498046875 -0.467803955078125
0.00386786460876465 -0.00173521041870117 -0.0816726684570313 -0.115745544433594
-0.00235342979431152 0.00436902046203613 0.141357421875 0.111663818359375
-0.01300048828125 0.0179462432861328 0.179046630859375 0.445709228515625
0.00445938110351563 0.0284957885742188 0.307373046875 0.61279296875
-0.00065422058105469 0.0211620330810547 0.28607177734375 0.67913818359375
-5.86509704589845E-05 0.00838661193847656 0.12274169921875 0.600830078125
-0.0016632080078125 -0.000177383422851563 0.0244140625 0.514984130859375
0.000513076782226564 0.0201358795166016 0.00717163085937502 0.32781982421875
-0.00240325927734375 0.00991916656494141 0.00384521484375 0.0690574645996094
0.00527667999267578 -0.00152206420898438 0.0183563232421875 -0.24664306640625
0.0181293487548828 0.00676345825195313 -0.000122070312499954 -0.509918212890625
0.0169544219970703 0.0104532241821289 -0.16387939453125 -0.67218017578125
0.0087122917175293 0.00397634506225586 -0.27764892578125 -0.70318603515625
-0.00542831420898437 0.027130126953125 -0.21240234375 -0.6944580078125
0.0110187530517578 0.0343704223632813 -0.14385986328125 -0.46136474609375
-0.003387451171875 0.0177192687988281 -0.0814895629882812 -0.114273071289063
-0.0226020812988281 0.0223407745361328 0.138908386230469 0.119071960449219
-0.0102806091308594 0.0440483093261719 0.1728515625 0.45184326171875
0.02325439453125 0.0352401733398437 0.28900146484375 0.62347412109375
0.00826025009155273 0.00428056716918945 0.2603759765625 0.69415283203125
-0.00981712341308594 -0.00495243072509766 0.10382080078125 0.61126708984375
-0.0193462371826172 -0.000699996948242185 0.01702880859375 0.510986328125
-0.0132369995117188 0.0312385559082031 0.00708007812500002 0.3154296875
-0.0112705230712891 0.0219440460205078 0.00762176513671875 0.057098388671875
-0.00719547271728516 0.0116872787475586 0.0153961181640625 -0.257186889648438
0.000772476196289061 0.0127906799316406 -0.01605224609375 -0.514862060546875
0.00216341018676758 0.00537538528442383 -0.18389892578125 -0.66827392578125
0.00654792785644531 -0.0113124847412109 -0.29986572265625 -0.69061279296875
0.0116786956787109 0.0235500335693359 -0.23248291015625 -0.68548583984375
0.0227470397949219 0.0515899658203125 -0.1541748046875 -0.454498291015625
-0.0118370056152344 0.0383377075195313 -0.0806121826171875 -0.108810424804687
-0.0346870422363281 0.0363044738769531 0.132186889648438 0.1253662109375
-0.002349853515625 0.0622749328613281 0.1614990234375 0.454925537109375
0.0411605834960938 0.03521728515625 0.263916015625 0.63726806640625
0.0150785446166992 -0.0127458572387695 0.23583984375 0.7122802734375
-0.0170555114746094 -0.0196781158447266 0.0921630859375 0.6207275390625
-0.0344676971435547 -0.00419807434082031 0.01434326171875 0.50921630859375
-0.0249290466308594 0.0368881225585938 0.01190185546875 0.30072021484375
-0.016448974609375 0.0272541046142578 0.0126457214355469 0.0381889343261719
-0.0174846649169922 0.0179004669189453 0.013580322265625 -0.27392578125
-0.0122194290161133 0.0127630233764648 -0.025238037109375 -0.52471923828125
-0.00699520111083984 -0.00432014465332031 -0.19989013671875 -0.66168212890625
0.00537490844726562 -0.0274200439453125 -0.31732177734375 -0.67425537109375
0.0293941497802734 0.018463134765625 -0.2513427734375 -0.67181396484375
0.0332069396972656 0.0667228698730469 -0.163543701171875 -0.4462890625
-0.0219383239746094 0.0545082092285156 -0.0849533081054687 -0.100692749023438
-0.0428619384765625 0.046295166015625 0.121810913085938 0.135238647460938
0.00383377075195313 0.0692100524902344 0.144317626953125 0.4613037109375
0.0523414611816406 0.0270843505859375 0.238525390625 0.65008544921875
0.0147876739501953 -0.0276165008544922 0.212890625 0.73199462890625
-0.0247116088867188 -0.0283164978027344 0.0877685546874999 0.63287353515625
-0.0436553955078125 -0.00651168823242188 0.016693115234375 0.503753662109375
-0.0287322998046875 0.0359725952148438 0.019805908203125 0.28192138671875
-0.0195503234863281 0.0273532867431641 0.0198383331298828 0.0188331604003906
-0.0229454040527344 0.0164737701416016 0.016937255859375 -0.292327880859375
-0.0224609375 0.00502586364746094 -0.028839111328125 -0.534027099609375
-0.0139007568359375 -0.0187644958496094 -0.20477294921875 -0.6541748046875
0.00665283203125 -0.043060302734375 -0.3280029296875 -0.65850830078125
0.044189453125 0.0189094543457031 -0.26666259765625 -0.6591796875
0.0381317138671875 0.0805816650390625 -0.17205810546875 -0.4356689453125
-0.0322837829589844 0.0637054443359375 -0.0951156616210938 -0.0871353149414063
0.0356903076171875 -0.0498771667480469 0.114471435546875 0.118293762207031
-0.0380134582519531 -0.0525016784667969 0.17864990234375 0.4334716796875
-0.0509223937988281 0.0179176330566406 0.32342529296875 0.6092529296875
-0.00966644287109375 0.0472831726074219 0.34246826171875 0.69091796875
0.0295429229736328 0.0187263488769531 0.197998046875 0.61676025390625
0.0508155822753906 -0.0340919494628906 0.0972900390625 0.505645751953125
0.0349235534667969 -0.0458641052246094 0.0406494140625 0.306304931640625
0.0268135070800781 -0.0478096008300781 0.0155181884765625 0.0430450439453125
0.0478324890136719 -0.0589218139648437 0.0394134521484375 -0.27313232421875
0.0691719055175781 -0.0233116149902344 0.0504455566406249 -0.53094482421875
0.0504875183105469 0.0214424133300781 -0.09197998046875 -0.6905517578125
-0.00132942199707031 0.0292320251464844 -0.219970703125 -0.712890625
-0.0577812194824219 0.00581741333007813 -0.17626953125 -0.68939208984375
-0.00228691101074219 -0.0328865051269531 -0.138946533203125 -0.4617919921875
0.0323715209960938 -0.0348129272460938 -0.110794067382812 -0.0981903076171875
0.0357513427734375 -0.0461769104003906 0.125236511230469 0.112167358398438
-0.0297622680664063 -0.0485496520996094 0.185394287109375 0.4300537109375
-0.0476112365722656 0.0129432678222656 0.33160400390625 0.60076904296875
-0.0158767700195313 0.0508308410644531 0.337890625 0.68194580078125
0.0245704650878906 0.0259647369384766 0.1876220703125 0.60821533203125
0.045623779296875 -0.0232391357421875 0.085052490234375 0.512237548828125
0.0318679809570313 -0.0297489166259766 0.032745361328125 0.321014404296875
0.0191421508789063 -0.036590576171875 0.0115776062011719 0.0601158142089844
0.0372314453125 -0.046051025390625 0.032318115234375 -0.257781982421875
0.0630569458007813 -0.0174026489257813 0.039794921875 -0.524658203125
0.0491828918457031 0.0208549499511719 -0.1065673828125 -0.69110107421875
0.00754356384277344 0.0321865081787109 -0.22430419921875 -0.72247314453125
-0.0499954223632813 0.02093505859375 -0.174560546875 -0.7032470703125
-0.00826072692871094 -0.0177021026611328 -0.13397216796875 -0.4708251953125
0.0245609283447266 -0.0308589935302734 -0.0949020385742187 -0.106330871582031
0.0297966003417969 -0.0276260375976562 0.135826110839844 0.104576110839844
-0.0239219665527344 -0.0301837921142578 0.191864013671875 0.433624267578125
-0.0364837646484375 0.01751708984375 0.33355712890625 0.59918212890625
-0.0170173645019531 0.0470542907714844 0.33001708984375 0.6766357421875
0.0160503387451172 0.0280551910400391 0.1683349609375 0.6065673828125
0.0352516174316406 -0.0123291015625 0.06781005859375 0.519500732421875
0.0255622863769531 -0.0125617980957031 0.024200439453125 0.330322265625
0.0157623291015625 -0.020263671875 0.00568389892578125 0.0707015991210938
0.0274143218994141 -0.0339622497558594 0.0272674560546875 -0.250473022460938
0.0510330200195313 -0.00896453857421875 0.02386474609375 -0.51739501953125
0.0405807495117188 0.0185775756835938 -0.12347412109375 -0.68963623046875
0.0118427276611328 0.0249233245849609 -0.2406005859375 -0.7275390625
-0.0369491577148438 0.0285377502441406 -0.17950439453125 -0.70794677734375
-0.00492954254150391 -0.00234794616699219 -0.134307861328125 -0.47332763671875
0.0146007537841797 -0.0213489532470703 -0.0880813598632812 -0.112960815429688
0.0191135406494141 -0.0143604278564453 0.142318725585938 0.107757568359375
-0.0130338668823242 -0.00971508026123047 0.189361572265625 0.441650390625
-0.0187301635742187 0.0207901000976563 0.3284912109375 0.6099853515625
-0.0112476348876953 0.0346927642822266 0.32025146484375 0.67755126953125
0.00755500793457031 0.0223503112792969 0.14910888671875 0.59991455078125
0.0174226760864258 -0.00438022613525391 0.04132080078125 0.52117919921875
0.0134477615356445 0.00445079803466797 0.015106201171875 0.333221435546875
0.00371122360229492 -0.00560140609741211 0.004547119140625 0.0732192993164063
0.0158109664916992 -0.0162181854248047 0.022308349609375 -0.247589111328125
0.0333766937255859 -0.00160598754882812 0.010528564453125 -0.51629638671875
0.0306186676025391 0.0158729553222656 -0.1444091796875 -0.68316650390625
0.0117578506469727 0.0169458389282227 -0.25762939453125 -0.720703125
-0.0232410430908203 0.0298061370849609 -0.19940185546875 -0.7086181640625
0.00148582458496094 0.0189800262451172 -0.141265869140625 -0.47052001953125
0.00378155708312988 -0.00109100341796875 -0.0832977294921875 -0.116325378417969
-0.00602579116821289 0.0047755241394043 0.144332885742188 0.111541748046875
-0.0136613845825195 0.0148277282714844 0.18212890625 0.447723388671875
0.00335884094238281 0.0285568237304688 0.31414794921875 0.61798095703125
-0.00138473510742188 0.0187492370605469 0.292236328125 0.68402099609375
-0.000969886779785156 0.00994873046875 0.12554931640625 0.60491943359375
-0.00150620937347412 -0.00162553787231445 0.0263671875 0.519195556640625
-0.000597000122070311 0.0162487030029297 0.00970458984375001 0.330078125
-0.0037679672241211 0.0103788375854492 0.00719451904296875 0.071014404296875
0.00597238540649414 -0.00190973281860352 0.0202484130859375 -0.249313354492188
0.0161504745483398 0.00789165496826172 -0.00231933593749997 -0.512939453125
0.0182228088378906 0.0100994110107422 -0.163330078125 -0.67559814453125
0.00785160064697266 0.00333356857299805 -0.2806396484375 -0.70806884765625
-0.00564765930175781 0.0288314819335938 -0.21661376953125 -0.7001953125
0.0131072998046875 0.0353622436523438 -0.148529052734375 -0.4677734375
-0.00372314453125 0.0190792083740234 -0.0803680419921875 -0.116287231445312
-0.0245132446289062 0.0221519470214844 0.141342163085938 0.121536254882813
-0.0124549865722656 0.0456657409667969 0.178253173828125 0.4527587890625
0.0226211547851562 0.0354576110839844 0.29449462890625 0.62432861328125
0.0100717544555664 0.00410366058349609 0.26708984375 0.695068359375
-0.0101079940795898 -0.00649261474609375 0.108154296875 0.61151123046875
-0.0219612121582031 0.000322341918945317 0.015594482421875 0.518890380859375
-0.0124664306640625 0.0309200286865234 0.00988769531249997 0.316497802734375
-0.0100803375244141 0.0226783752441406 0.00787734985351563 0.0579719543457031
-0.00544452667236328 0.0127763748168945 0.014495849609375 -0.262161254882813
0.000112533569335938 0.0141057968139648 -0.016845703125 -0.517913818359375
0.00349760055541992 0.00573587417602539 -0.19073486328125 -0.66943359375
0.00559902191162109 -0.0130605697631836 -0.30584716796875 -0.695556640625
0.0118446350097656 0.0231838226318359 -0.23944091796875 -0.6893310546875
0.0240364074707031 0.0526123046875 -0.161529541015625 -0.458892822265625
-0.0114212036132812 0.0379714965820313 -0.082794189453125 -0.108169555664063
-0.0365066528320313 0.0370330810546875 0.135124206542969 0.126876831054688
-0.00595855712890626 0.0643043518066406 0.163818359375 0.458465576171875
0.04071044921875 0.0336036682128906 0.2666015625 0.64141845703125
0.0151710510253906 -0.0132789611816406 0.2412109375 0.72003173828125
-0.0162506103515625 -0.0198631286621094 0.09698486328125 0.62518310546875
-0.0343227386474609 -0.00440406799316406 0.01556396484375 0.51123046875
-0.0219650268554688 0.0365219116210938 0.01483154296875 0.3033447265625
-0.0162296295166016 0.0272884368896484 0.0148239135742187 0.0386428833007813
-0.0187969207763672 0.0188865661621094 0.012969970703125 -0.278854370117188
-0.0121831893920898 0.0118637084960937 -0.029388427734375 -0.528656005859375
-0.00895595550537109 -0.00593090057373047 -0.20452880859375 -0.66473388671875
0.00543403625488281 -0.0280075073242188 -0.32391357421875 -0.67901611328125
0.0320930480957031 0.0182571411132813 -0.25927734375 -0.67608642578125
0.0343856811523438 0.0680007934570313 -0.16741943359375 -0.451263427734375
-0.0223007202148438 0.0528755187988281 -0.0880661010742188 -0.100715637207031
-0.0445899963378906 0.0468788146972656 0.121673583984375 0.136512756347656
0.00543594360351562 0.0697402954101563 0.148956298828125 0.463287353515625
0.0521507263183594 0.0269279479980469 0.2432861328125 0.65283203125
0.0143604278564453 -0.0280284881591797 0.218994140625 0.73870849609375
-0.021728515625 -0.0309486389160156 0.08642578125 0.6390380859375
-0.0440216064453125 -0.00856399536132813 0.0181884765625 0.50732421875
-0.0274467468261719 0.0374641418457031 0.02081298828125 0.283416748046875
-0.0194511413574219 0.0285968780517578 0.0217494964599609 0.0195484161376953
-0.0249423980712891 0.0170822143554688 0.0181884765625 -0.295135498046875
-0.0251026153564453 0.00575065612792969 -0.030517578125 -0.5379638671875
-0.0158462524414063 -0.0192375183105469 -0.21038818359375 -0.6611328125
0.00603485107421875 -0.0450553894042969 -0.33648681640625 -0.66180419921875
0.0463790893554688 0.0180587768554688 -0.2734375 -0.661376953125
0.0389785766601563 0.0783615112304688 -0.17510986328125 -0.4371337890625
-0.0314216613769531 0.0656356811523438 -0.095733642578125 -0.0874786376953125
0.0342864990234375 -0.0527458190917969 0.115333557128906 0.119209289550781
-0.038665771484375 -0.052398681640625 0.182647705078125 0.43682861328125
-0.0517845153808594 0.0167465209960937 0.3299560546875 0.609375
-0.0105133056640625 0.0496788024902344 0.3480224609375 0.696533203125
0.0299205780029297 0.017547607421875 0.20361328125 0.61993408203125
0.04840087890625 -0.0377845764160156 0.103179931640625 0.51055908203125
0.034881591796875 -0.0447959899902344 0.043701171875 0.306915283203125
0.0268325805664063 -0.047821044921875 0.0161170959472656 0.0459136962890625
0.0475540161132813 -0.0579948425292969 0.0379791259765625 -0.27349853515625
0.0697174072265625 -0.0240058898925781 0.04681396484375 -0.536468505859375
0.0531692504882813 0.0198211669921875 -0.0997314453125001 -0.69586181640625
-0.00134849548339843 0.0296535491943359 -0.2266845703125 -0.71405029296875
-0.0566482543945313 0.00821685791015624 -0.18414306640625 -0.6962890625
-0.00277900695800781 -0.0332927703857422 -0.14599609375 -0.4658203125
0.0320644378662109 -0.0342750549316406 -0.111137390136719 -0.0993270874023438
0.0363540649414062 -0.0429039001464844 0.126136779785156 0.110427856445313
-0.0294380187988281 -0.0481986999511719 0.189666748046875 0.43292236328125
-0.0486106872558594 0.0142364501953125 0.34112548828125 0.6025390625
-0.0154609680175781 0.0537643432617188 0.3492431640625 0.68377685546875
0.0258502960205078 0.0279865264892578 0.1922607421875 0.610595703125
0.0468254089355469 -0.025360107421875 0.087066650390625 0.51947021484375
0.0302028656005859 -0.0286674499511719 0.039215087890625 0.325042724609375
0.0210113525390625 -0.0353279113769531 0.0111618041992188 0.0616569519042969
0.0398826599121094 -0.04791259765625 0.0299835205078125 -0.259414672851563
0.0640678405761719 -0.0190315246582031 0.035552978515625 -0.529083251953125
0.0500755310058594 0.020294189453125 -0.1126708984375 -0.6964111328125
0.00661277770996094 0.0316619873046875 -0.23358154296875 -0.72735595703125
-0.0501060485839844 0.0217323303222656 -0.181396484375 -0.707763671875
-0.00918006896972656 -0.0205821990966797 -0.139129638671875 -0.4718017578125
0.0254611968994141 -0.0312976837158203 -0.0989913940429688 -0.108306884765625
0.0310707092285156 -0.0305404663085937 0.134941101074219 0.107574462890625
-0.0245819091796875 -0.0333003997802734 0.194000244140625 0.439117431640625
-0.0363693237304687 0.0150527954101562 0.3419189453125 0.60321044921875
-0.0161247253417969 0.0483245849609375 0.34197998046875 0.67547607421875
0.0170764923095703 0.0291576385498047 0.17523193359375 0.60589599609375
0.035858154296875 -0.0113945007324219 0.069549560546875 0.522735595703125
0.0241146087646484 -0.0138797760009766 0.026947021484375 0.331756591796875
0.0133342742919922 -0.0208587646484375 0.00759887695312499 0.0727157592773438
0.0256118774414062 -0.03387451171875 0.026153564453125 -0.252197265625
0.0534286499023438 -0.00941848754882813 0.021148681640625 -0.522705078125
0.0445785522460938 0.0192375183105469 -0.130615234375 -0.69476318359375
0.0120716094970703 0.0252418518066406 -0.24713134765625 -0.73040771484375
-0.0389480590820313 0.0313873291015625 -0.1885986328125 -0.71319580078125
-0.006378173828125 -0.00234031677246094 -0.14080810546875 -0.4757080078125
0.0139636993408203 -0.0220088958740234 -0.090484619140625 -0.115280151367187
0.0150585174560547 -0.01470947265625 0.143768310546875 0.107009887695313
-0.0153818130493164 -0.00948715209960937 0.19610595703125 0.44384765625
-0.0153217315673828 0.0221099853515625 0.33624267578125 0.60650634765625
-0.00955581665039063 0.0333499908447266 0.32342529296875 0.67547607421875
0.00689888000488281 0.0218391418457031 0.1534423828125 0.6046142578125
0.0199356079101563 -0.00441932678222656 0.04718017578125 0.5250244140625
0.0135822296142578 0.00833702087402344 0.01715087890625 0.33892822265625
0.00617361068725586 -0.00420284271240234 0.00573730468750001 0.0734329223632813
0.0143938064575195 -0.0151596069335938 0.0210113525390625 -0.244003295898438
0.0337085723876953 -0.00331687927246094 0.00555419921875003 -0.517578125
0.0337352752685547 0.0168132781982422 -0.1500244140625 -0.69061279296875
0.0112009048461914 0.0150222778320313 -0.265869140625 -0.72320556640625
-0.0216331481933594 0.0301475524902344 -0.20416259765625 -0.7119140625
0.00140762329101562 0.0168323516845703 -0.144561767578125 -0.474090576171875
0.00542211532592773 -0.00221347808837891 -0.0834579467773438 -0.115364074707031
-0.00339603424072266 0.00468015670776367 0.147064208984375 0.111114501953125
-0.0147924423217773 0.017115592956543 0.18560791015625 0.4527587890625
0.00218391418457031 0.0297260284423828 0.320556640625 0.619873046875
-0.000244140625000001 0.020233154296875 0.2998046875 0.6851806640625
-0.000380516052246093 0.00772428512573242 0.13031005859375 0.61053466796875
-0.0020301342010498 0.00042569637298584 0.031463623046875 0.5244140625
0.001373291015625 0.0197238922119141 0.011505126953125 0.33203125
-0.00387096405029297 0.0111503601074219 0.00669097900390625 0.070343017578125
0.00441360473632812 -0.0004425048828125 0.018157958984375 -0.252639770507813
0.0175952911376953 0.00749778747558594 -0.00872802734375001 -0.5191650390625
0.0164670944213867 0.011561393737793 -0.1744384765625 -0.6800537109375
0.0106935501098633 0.00247955322265625 -0.29229736328125 -0.712646484375
-0.00553321838378906 0.0307140350341797 -0.22357177734375 -0.70355224609375
0.0138607025146484 0.0346832275390625 -0.15496826171875 -0.468231201171875
-0.00309562683105469 0.017608642578125 -0.0823593139648438 -0.114631652832031
-0.0231399536132812 0.0221996307373047 0.144561767578125 0.117706298828125
-0.00937271118164062 0.0423507690429688 0.17840576171875 0.457275390625
0.0246238708496094 0.0360107421875 0.3031005859375 0.6312255859375
0.00804662704467773 0.0045771598815918 0.2760009765625 0.6988525390625
-0.00938034057617188 -0.00463104248046875 0.113037109375 0.61822509765625
-0.0202369689941406 -0.00123214721679687 0.0185852050781249 0.5220947265625
-0.0120258331298828 0.0329837799072266 0.011749267578125 0.323150634765625
-0.00891494750976563 0.0235538482666016 0.0090179443359375 0.057220458984375
-0.00502681732177735 0.0104579925537109 0.0124359130859375 -0.260879516601563
0.001434326171875 0.0129356384277344 -0.025299072265625 -0.522613525390625
0.00216436386108398 0.00589561462402344 -0.1949462890625 -0.67620849609375
0.00721168518066406 -0.0112981796264648 -0.31622314453125 -0.69659423828125
0.0137462615966797 0.0249767303466797 -0.2490234375 -0.6900634765625
0.0280036926269531 0.05279541015625 -0.164581298828125 -0.46295166015625
-0.0133781433105469 0.0369834899902344 -0.0855712890625 -0.1103515625
-0.0365524291992188 0.0367660522460938 0.139129638671875 0.127586364746094
-0.00428009033203125 0.0638313293457031 0.168853759765625 0.460906982421875
0.0417556762695313 0.0358390808105469 0.27679443359375 0.64324951171875
0.0137748718261719 -0.0123910903930664 0.2479248046875 0.7198486328125
-0.0158634185791016 -0.0203151702880859 0.09991455078125 0.62933349609375
-0.0363426208496094 -0.00131988525390625 0.016845703125 0.51849365234375
-0.0226287841796875 0.0396881103515625 0.01629638671875 0.30712890625
-0.0159988403320312 0.0288448333740234 0.0174179077148438 0.0376319885253906
-0.0178718566894531 0.0177288055419922 0.00942993164062499 -0.279129028320313
-0.0141162872314453 0.0140209197998047 -0.033416748046875 -0.534454345703125
-0.00723600387573242 -0.00457286834716797 -0.20989990234375 -0.669921875
0.00416755676269531 -0.0289363861083984 -0.3326416015625 -0.6800537109375
0.0318984985351563 0.0195369720458984 -0.2681884765625 -0.67840576171875
0.03704833984375 0.0679359436035156 -0.172637939453125 -0.45196533203125
-0.023681640625 0.0551834106445313 -0.087921142578125 -0.101806640625
-0.0460891723632813 0.0451393127441406 0.128852844238281 0.13800048828125
0.00418853759765625 0.0715789794921875 0.15673828125 0.4677734375
0.0547523498535156 0.0284500122070313 0.2518310546875 0.65570068359375
0.0146751403808594 -0.0289402008056641 0.229248046875 0.74127197265625
-0.0245456695556641 -0.0303554534912109 0.0946044921875001 0.64117431640625
-0.0466499328613281 -0.00531768798828126 0.022430419921875 0.509674072265625
-0.029388427734375 0.0377731323242188 0.020751953125 0.28564453125
-0.019866943359375 0.0293197631835937 0.0198745727539063 0.0195674896240234
-0.0247592926025391 0.0187110900878906 0.011993408203125 -0.298309326171875
-0.0232963562011719 0.00367927551269531 -0.03509521484375 -0.541717529296875
-0.0159473419189453 -0.0167484283447266 -0.21820068359375 -0.6658935546875
0.00882339477539062 -0.0449180603027344 -0.34271240234375 -0.66070556640625
0.0461883544921875 0.0194206237792969 -0.27984619140625 -0.6649169921875
0.0430145263671875 0.07965087890625 -0.182220458984375 -0.4429931640625
-0.034088134765625 0.0646438598632813 -0.095550537109375 -0.0903701782226563
0.0362510681152344 -0.0547447204589844 0.117950439453125 0.119880676269531
-0.0403861999511719 -0.0531349182128906 0.187896728515625 0.4373779296875
-0.0515975952148438 0.0176734924316406 0.33740234375 0.61114501953125
-0.0118865966796875 0.0505867004394531 0.35797119140625 0.69830322265625
0.0325603485107422 0.0185089111328125 0.20904541015625 0.62115478515625
0.0478286743164063 -0.0386695861816406 0.104766845703125 0.513519287109375
0.0360107421875 -0.0445060729980469 0.050201416015625 0.30908203125
0.0269393920898438 -0.0463752746582031 0.0181236267089844 0.0442657470703125
0.0457687377929688 -0.05865478515625 0.03582763671875 -0.27825927734375
0.0701370239257813 -0.0254707336425781 0.043426513671875 -0.53985595703125
0.0521774291992187 0.0190620422363281 -0.1064453125 -0.7015380859375
-0.00235748291015625 0.0309906005859375 -0.23577880859375 -0.71893310546875
-0.0563278198242188 0.0100440979003906 -0.19244384765625 -0.7000732421875
-0.00366592407226562 -0.0336437225341797 -0.15185546875 -0.47198486328125
0.0330581665039062 -0.0381889343261719 -0.114227294921875 -0.100067138671875
0.0357856750488281 -0.0468215942382813 0.129585266113281 0.107879638671875
-0.0322608947753906 -0.0491065979003906 0.196563720703125 0.43365478515625
-0.0487594604492187 0.0161552429199219 0.3470458984375 0.60321044921875
-0.0145301818847656 0.0522880554199219 0.3570556640625 0.68646240234375
0.0253314971923828 0.027099609375 0.2003173828125 0.61639404296875
0.0468902587890625 -0.02630615234375 0.091522216796875 0.52197265625
0.0324172973632813 -0.0309505462646484 0.039276123046875 0.325042724609375
0.0214138031005859 -0.0345516204833984 0.0130538940429688 0.0622177124023438
0.0378150939941406 -0.0473785400390625 0.0294952392578125 -0.261703491210938
0.0644149780273438 -0.01861572265625 0.0299072265625 -0.531829833984375
0.0512886047363281 0.0208091735839844 -0.11968994140625 -0.7032470703125
0.0077667236328125 0.0328102111816406 -0.2410888671875 -0.73065185546875
-0.0496673583984375 0.0229339599609375 -0.1900634765625 -0.712646484375
-0.0084381103515625 -0.0197372436523438 -0.14544677734375 -0.4752197265625
0.0251712799072266 -0.0306911468505859 -0.102210998535156 -0.108177185058594
0.0306720733642578 -0.0325889587402344 0.139961242675781 0.104965209960938
-0.0243568420410156 -0.0356025695800781 0.2005615234375 0.44110107421875
-0.0357284545898438 0.0169296264648438 0.348388671875 0.60205078125
-0.014251708984375 0.0473823547363281 0.3514404296875 0.67633056640625
0.0192546844482422 0.0298519134521484 0.182373046875 0.609375
0.0374717712402344 -0.0107498168945313 0.072509765625 0.52337646484375
0.0246944427490234 -0.0132064819335938 0.030242919921875 0.336517333984375
0.0153541564941406 -0.0195159912109375 0.00939178466796876 0.0721435546875
0.0277881622314453 -0.0309371948242188 0.023040771484375 -0.255203247070313
0.0504493713378906 -0.0117340087890625 0.016754150390625 -0.526092529296875
0.0434684753417969 0.0180892944335938 -0.1368408203125 -0.69879150390625
0.010650634765625 0.02606201171875 -0.25726318359375 -0.7313232421875
-0.0376701354980469 0.0290985107421875 -0.19622802734375 -0.7188720703125
-0.0046229362487793 -0.00192546844482422 -0.14495849609375 -0.479034423828125
0.0133686065673828 -0.0203647613525391 -0.0893707275390625 -0.113594055175781
0.0132770538330078 -0.0155143737792969 0.146652221679688 0.1063232421875
-0.0179290771484375 -0.0111045837402344 0.199615478515625 0.44500732421875
-0.0197582244873047 0.0233840942382813 0.3427734375 0.60760498046875
-0.0113029479980469 0.0350494384765625 0.33551025390625 0.6787109375
0.00874519348144531 0.0204830169677734 0.1591796875 0.6070556640625
0.0203437805175781 -0.00380134582519531 0.05029296875 0.5281982421875
0.0124197006225586 0.00518131256103516 0.020599365234375 0.33892822265625
0.00544071197509766 -0.00300741195678711 0.00735473632812501 0.0768356323242188
0.0154094696044922 -0.0159893035888672 0.0182037353515625 -0.251541137695312
0.0356483459472656 -0.00213241577148438 0.00106811523437504 -0.523162841796875
0.0307331085205078 0.0159168243408203 -0.1593017578125 -0.6907958984375
0.0122385025024414 0.016697883605957 -0.27581787109375 -0.72607421875
-0.0203323364257813 0.0323200225830078 -0.2127685546875 -0.71807861328125
0.0011138916015625 0.0190277099609375 -0.151824951171875 -0.479248046875
0.00533628463745117 -0.00301456451416016 -0.0848617553710937 -0.117958068847656
-0.00404548645019531 0.00226902961730957 0.149337768554688 0.113601684570313
-0.0148773193359375 0.0170669555664063 0.19403076171875 0.4525146484375
0.00280189514160156 0.030853271484375 0.3311767578125 0.619873046875
0.00158500671386719 0.0218944549560547 0.31109619140625 0.68780517578125
0.000891685485839844 0.00985527038574219 0.13641357421875 0.61138916015625
0.00150156021118164 0.0024111270904541 0.034820556640625 0.5281982421875
0.00293159484863281 0.0207271575927734 0.015350341796875 0.3377685546875
-0.00174045562744141 0.0121669769287109 0.00883483886718749 0.071533203125
0.00382351875305176 -0.000687360763549805 0.017181396484375 -0.25396728515625
0.0180435180664063 0.00799560546875 -0.013946533203125 -0.520477294921875
0.0165805816650391 0.0126171112060547 -0.1829833984375 -0.68426513671875
0.00838613510131836 0.00299310684204102 -0.301513671875 -0.71514892578125
-0.00502586364746094 0.0285625457763672 -0.235107421875 -0.70458984375
0.01336669921875 0.0343036651611328 -0.16009521484375 -0.47369384765625
-0.00368404388427734 0.0160751342773438 -0.0839462280273438 -0.116363525390625
-0.02105712890625 0.0219192504882813 0.147415161132813 0.1175537109375
-0.0102806091308594 0.0442771911621094 0.184539794921875 0.46160888671875
0.0242099761962891 0.0351333618164063 0.30987548828125 0.63201904296875
0.00742673873901367 0.0043482780456543 0.28619384765625 0.701904296875
-0.00934028625488281 -0.00608634948730469 0.1181640625 0.61962890625
-0.0197162628173828 0.000373840332031254 0.025848388671875 0.526702880859375
-0.011444091796875 0.0340652465820313 0.014678955078125 0.32281494140625
-0.0109157562255859 0.0256977081298828 0.0124168395996094 0.059173583984375
-0.00693798065185547 0.0113058090209961 0.0129547119140625 -0.264328002929688
0.000105857849121093 0.0103750228881836 -0.028350830078125 -0.526611328125
0.00396323204040527 0.00423741340637207 -0.20404052734375 -0.67669677734375
0.00569057464599609 -0.0116605758666992 -0.32537841796875 -0.6995849609375
0.0149269104003906 0.0257816314697266 -0.2584228515625 -0.6949462890625
0.0271682739257812 0.0517120361328125 -0.1693115234375 -0.4658203125
-0.0107765197753906 0.0375556945800781 -0.0854949951171875 -0.110214233398437
-0.0383033752441406 0.0364913940429688 0.140396118164063 0.126609802246094
-0.00279998779296875 0.0641059875488281 0.174896240234375 0.463531494140625
0.0417137145996094 0.0338592529296875 0.283447265625 0.646484375
0.0148324966430664 -0.0134487152099609 0.25677490234375 0.7220458984375
-0.0181560516357422 -0.0198230743408203 0.10650634765625 0.63421630859375
-0.0370140075683594 -0.000633239746093742 0.021514892578125 0.523681640625
-0.022918701171875 0.0404205322265625 0.018646240234375 0.308197021484375
-0.0152111053466797 0.0313968658447266 0.0171318054199219 0.0400962829589844
-0.0169925689697266 0.0195293426513672 0.00762939453124998 -0.281341552734375
-0.0134029388427734 0.0131692886352539 -0.038909912109375 -0.536651611328125
-0.00692605972290039 -0.00614643096923828 -0.21990966796875 -0.67388916015625
0.00403022766113281 -0.0274848937988281 -0.343017578125 -0.6824951171875
0.03240966796875 0.021270751953125 -0.27789306640625 -0.67926025390625
0.0398979187011719 0.0688743591308594 -0.177398681640625 -0.456939697265625
-0.01898193359375 0.0536766052246094 -0.0902633666992188 -0.100273132324219
-0.0442619323730469 0.0477104187011719 0.132003784179688 0.136566162109375
0.004241943359375 0.0708770751953125 0.162567138671875 0.466644287109375
0.0546302795410156 0.027099609375 0.25958251953125 0.6591796875
0.015625 -0.0266914367675781 0.237060546875 0.7432861328125
-0.0242176055908203 -0.0308761596679688 0.09954833984375 0.64569091796875
-0.04510498046875 -0.00318145751953124 0.025909423828125 0.5142822265625
-0.0282745361328125 0.0388221740722656 0.023284912109375 0.285919189453125
-0.0174331665039063 0.0313587188720703 0.0226783752441406 0.0165500640869141
-0.0257282257080078 0.0197410583496094 0.01019287109375 -0.30035400390625
-0.0237407684326172 0.00672340393066406 -0.037994384765625 -0.5467529296875
-0.0149860382080078 -0.0197334289550781 -0.22393798828125 -0.6649169921875
0.00770187377929688 -0.0432395935058594 -0.3514404296875 -0.666748046875
0.0484695434570313 0.01837158203125 -0.28973388671875 -0.66571044921875
0.0440444946289063 0.0790481567382813 -0.186614990234375 -0.44384765625
-0.0313949584960937 0.0645942687988281 -0.097137451171875 -0.0881576538085937
0.0337295532226563 -0.0563087463378906 0.121139526367188 0.118148803710938
-0.0421104431152344 -0.0555076599121094 0.19207763671875 0.437255859375
-0.0541000366210938 0.0206947326660156 0.3487548828125 0.61181640625
-0.0118980407714844 0.0506172180175781 0.3680419921875 0.6962890625
0.0339202880859375 0.0199337005615234 0.21527099609375 0.62078857421875
0.05120849609375 -0.0402183532714844 0.113616943359375 0.515228271484375
0.0360832214355469 -0.0462532043457031 0.048980712890625 0.31085205078125
0.0259971618652344 -0.0498886108398438 0.0183868408203125 0.045745849609375
0.0451698303222656 -0.06024169921875 0.032470703125 -0.280914306640625
0.071380615234375 -0.023712158203125 0.0355224609374999 -0.543487548828125
0.0529212951660156 0.0193557739257813 -0.1168212890625 -0.70416259765625
-0.0021820068359375 0.0324516296386719 -0.24822998046875 -0.723388671875
-0.0572433471679688 0.00886535644531249 -0.20294189453125 -0.700439453125
-0.00340652465820312 -0.0343818664550781 -0.156341552734375 -0.4736328125
0.0329055786132813 -0.0361480712890625 -0.116264343261719 -0.100410461425781
0.0348625183105469 -0.0458030700683594 0.130081176757813 0.107872009277344
-0.034271240234375 -0.0493392944335937 0.203460693359375 0.436737060546875
-0.05096435546875 0.01812744140625 0.352783203125 0.60186767578125
-0.016448974609375 0.049530029296875 0.36688232421875 0.6829833984375
0.0284690856933594 0.0271568298339844 0.2056884765625 0.61279296875
0.0482749938964844 -0.0270309448242188 0.100494384765625 0.520751953125
0.0348644256591797 -0.0305519104003906 0.043121337890625 0.325958251953125
0.0236434936523438 -0.0320701599121094 0.0138397216796875 0.0636215209960937
0.0343666076660156 -0.0461311340332031 0.02520751953125 -0.266983032226563
0.0633544921875 -0.0193862915039063 0.024017333984375 -0.535614013671875
0.0520973205566406 0.0196571350097656 -0.12738037109375 -0.70367431640625
0.00693893432617188 0.0304012298583984 -0.25213623046875 -0.7333984375
-0.0495071411132813 0.0223960876464844 -0.1962890625 -0.71337890625
-0.00713729858398437 -0.0205745697021484 -0.15081787109375 -0.474853515625
0.0263710021972656 -0.0323524475097656 -0.102363586425781 -0.10601806640625
0.0313301086425781 -0.0318374633789063 0.142608642578125 0.104202270507813
-0.0249519348144531 -0.0340747833251953 0.20794677734375 0.440032958984375
-0.0395927429199219 0.0165061950683594 0.35986328125 0.6053466796875
-0.0182952880859375 0.0466651916503906 0.3616943359375 0.67559814453125
0.0202503204345703 0.0292568206787109 0.18896484375 0.61041259765625
0.0360603332519531 -0.00996780395507813 0.075958251953125 0.527008056640625
0.0260677337646484 -0.0123538970947266 0.033660888671875 0.337005615234375
0.0162353515625 -0.0221748352050781 0.00785064697265626 0.0719146728515625
0.0253982543945313 -0.0321464538574219 0.0187225341796875 -0.254348754882813
0.0525283813476563 -0.0122146606445313 0.012908935546875 -0.5301513671875
0.0444793701171875 0.0174598693847656 -0.14691162109375 -0.7021484375
0.0107669830322266 0.0269660949707031 -0.2669677734375 -0.7340087890625
-0.0384674072265625 0.0309066772460938 -0.2044677734375 -0.7181396484375
-0.00392556190490723 -5.84125518798827E-05 -0.152587890625 -0.48101806640625
0.010894775390625 -0.0239658355712891 -0.0947265625 -0.113655090332031
0.0158119201660156 -0.0180568695068359 0.147811889648438 0.105331420898438
-0.0168657302856445 -0.0107994079589844 0.204559326171875 0.447021484375
-0.021942138671875 0.0238857269287109 0.3531494140625 0.6065673828125
-0.0117988586425781 0.03515625 0.34619140625 0.6785888671875
0.0113563537597656 0.02410888671875 0.16827392578125 0.606201171875
0.0221481323242188 -0.00321388244628906 0.0584716796875 0.52947998046875
0.0149850845336914 0.00273609161376953 0.021484375 0.34100341796875
0.00357174873352051 -0.0014951229095459 0.00708007812500001 0.0764312744140625
0.0155086517333984 -0.0153131484985352 0.0150146484375 -0.2525634765625
0.037322998046875 -0.00240707397460938 -0.00363159179687496 -0.52471923828125
0.0291004180908203 0.0124969482421875 -0.16973876953125 -0.6932373046875
0.00987625122070313 0.0183372497558594 -0.28656005859375 -0.72686767578125
-0.0194435119628906 0.0331573486328125 -0.22235107421875 -0.71856689453125
9.15527343750018E-05 0.0198192596435547 -0.160614013671875 -0.480377197265625
0.00578403472900391 -0.00324535369873047 -0.0860671997070313 -0.11767578125
-0.00783443450927735 0.0027618408203125 0.15374755859375 0.109100341796875
-0.0142183303833008 0.0167446136474609 0.1981201171875 0.452362060546875
0.00131416320800781 0.03033447265625 0.34100341796875 0.6197509765625
-0.00210189819335937 0.0223255157470703 0.32354736328125 0.68572998046875
0.00052928924560547 0.010228157043457 0.14208984375 0.61627197265625
-0.000107139348983765 -0.000497728586196899 0.038848876953125 0.53314208984375
0.00176429748535156 0.019866943359375 0.0172119140625 0.33599853515625
-0.00344085693359375 0.0113277435302734 0.00902557373046874 0.0693130493164063
0.0029900074005127 -0.000262022018432617 0.014068603515625 -0.25616455078125
0.0177268981933594 0.00488090515136719 -0.021942138671875 -0.526763916015625
0.0186347961425781 0.0120410919189453 -0.1912841796875 -0.6873779296875
0.00711965560913086 0.00206422805786133 -0.3125 -0.7156982421875
-3.43322753906259E-05 0.029022216796875 -0.2432861328125 -0.70654296875
0.0147933959960938 0.0390968322753906 -0.170867919921875 -0.470977783203125
-0.00285530090332031 0.0177478790283203 -0.085693359375 -0.115066528320313
-0.0227165222167969 0.0208549499511719 0.150909423828125 0.114639282226563
-0.00872802734375 0.04296875 0.191131591796875 0.4613037109375
0.0244026184082031 0.0363273620605469 0.3173828125 0.63067626953125
0.00803470611572266 0.00325155258178711 0.29449462890625 0.70166015625
-0.00979042053222656 -0.00510692596435547 0.12725830078125 0.62213134765625
-0.0192947387695313 0.00234413146972656 0.02447509765625 0.52911376953125
-0.0097808837890625 0.0380706787109375 0.019561767578125 0.3248291015625
-0.00910568237304687 0.0258445739746094 0.0113754272460937 0.0581130981445312
-0.00888252258300781 0.013035774230957 0.011016845703125 -0.267181396484375
0.00296497344970703 0.0118818283081055 -0.0321044921875 -0.5291748046875
0.00628185272216797 0.00437831878662109 -0.21417236328125 -0.6815185546875
0.00434398651123047 -0.0117368698120117 -0.33453369140625 -0.6998291015625
0.0123920440673828 0.0264759063720703 -0.26495361328125 -0.6961669921875
0.0281448364257813 0.0519676208496094 -0.175201416015625 -0.46881103515625
-0.00874710083007813 0.0388145446777344 -0.086944580078125 -0.109970092773438
-0.0371017456054688 0.034698486328125 0.142379760742188 0.122833251953125
-0.00380325317382813 0.063720703125 0.178985595703125 0.464935302734375
0.0420150756835938 0.0338058471679688 0.29229736328125 0.646484375
0.0157794952392578 -0.0159082412719727 0.2666015625 0.7222900390625
-0.0186691284179688 -0.0213756561279297 0.113525390625 0.63568115234375
-0.0365142822265625 -0.00170898437499999 0.02655029296875 0.527557373046875
-0.0240745544433594 0.042205810546875 0.019500732421875 0.3115234375
-0.0154705047607422 0.0308437347412109 0.0181884765625 0.0411453247070312
-0.0168266296386719 0.0208911895751953 0.00567626953124999 -0.281951904296875
-0.0141105651855469 0.0146217346191406 -0.04412841796875 -0.541473388671875
-0.00740337371826172 -0.00750255584716797 -0.2303466796875 -0.673095703125
0.00485610961914063 -0.0295448303222656 -0.3543701171875 -0.68096923828125
0.0317211151123047 0.0192527770996094 -0.28533935546875 -0.6817626953125
0.0412826538085938 0.0657691955566406 -0.184722900390625 -0.456268310546875
-0.0202789306640625 0.0539970397949219 -0.0909500122070313 -0.102226257324219
-0.0454177856445313 0.0468368530273438 0.131507873535156 0.132453918457031
0.0026702880859375 0.0739059448242188 0.16448974609375 0.468841552734375
0.0528678894042969 0.0282630920410156 0.26568603515625 0.66070556640625
0.0136280059814453 -0.0285911560058594 0.244140625 0.74505615234375
-0.0268936157226563 -0.0305900573730469 0.1094970703125 0.6458740234375
-0.0457534790039063 -0.00230026245117188 0.0294189453125 0.51800537109375
-0.0283203125 0.0403938293457031 0.028839111328125 0.29034423828125
-0.022491455078125 0.0315170288085938 0.0230884552001953 0.0166664123535156
-0.0240135192871094 0.0207481384277344 0.00738525390625001 -0.30377197265625
-0.0230083465576172 0.00872993469238281 -0.04608154296875 -0.55072021484375
-0.0136318206787109 -0.0200881958007812 -0.235595703125 -0.6697998046875
0.00660324096679688 -0.0454864501953125 -0.36260986328125 -0.66375732421875
0.0484466552734375 0.0174102783203125 -0.29876708984375 -0.6690673828125
0.045196533203125 0.0838623046875 -0.19256591796875 -0.446929931640625
-0.0304985046386719 0.0682868957519531 -0.102035522460938 -0.0894317626953125
0.0353126525878906 -0.0548439025878906 0.1214599609375 0.113548278808594
-0.0415191650390625 -0.0525856018066406 0.199249267578125 0.438873291015625
-0.0538101196289063 0.0194358825683594 0.35760498046875 0.609130859375
-0.0106658935546875 0.05145263671875 0.3770751953125 0.69451904296875
0.0360832214355469 0.0196685791015625 0.2236328125 0.62249755859375
0.050537109375 -0.0374412536621094 0.11627197265625 0.51715087890625
0.0357856750488281 -0.0434341430664062 0.055419921875 0.30950927734375
0.0233726501464844 -0.0467720031738281 0.0190658569335938 0.0440940856933594
0.0425224304199219 -0.0583572387695313 0.029052734375 -0.28558349609375
0.0688095092773438 -0.0272674560546875 0.029937744140625 -0.54632568359375
0.0557174682617187 0.018951416015625 -0.128173828125 -0.7052001953125
-0.000612258911132814 0.0314750671386719 -0.255615234375 -0.72265625
-0.0548934936523438 0.0106849670410156 -0.21185302734375 -0.7039794921875
-0.000648498535156252 -0.0367774963378906 -0.164215087890625 -0.471343994140625
0.0327262878417969 -0.0364303588867188 -0.118522644042969 -0.0984573364257812
0.0349769592285156 -0.0462684631347656 0.134414672851563 0.106216430664063
-0.0365257263183594 -0.0493354797363281 0.20538330078125 0.4344482421875
-0.0502662658691406 0.0194625854492187 0.3636474609375 0.59814453125
-0.0132179260253906 0.0532608032226563 0.3765869140625 0.677978515625
0.0296154022216797 0.0235214233398438 0.2115478515625 0.61572265625
0.0482635498046875 -0.0262794494628906 0.104339599609375 0.527008056640625
0.03350830078125 -0.0326805114746094 0.04583740234375 0.328216552734375
0.0220222473144531 -0.0373611450195313 0.0131874084472656 0.0606727600097656
0.0370292663574219 -0.0466156005859375 0.02130126953125 -0.267929077148438
0.0618858337402344 -0.0183029174804688 0.01873779296875 -0.535491943359375
0.0530166625976563 0.0191993713378906 -0.1353759765625 -0.70611572265625
0.00765609741210937 0.0350246429443359 -0.26263427734375 -0.7310791015625
-0.0488166809082031 0.0258522033691406 -0.20855712890625 -0.71405029296875
-0.00918769836425781 -0.0233383178710938 -0.154327392578125 -0.48095703125
0.0259246826171875 -0.0355110168457031 -0.103363037109375 -0.105804443359375
0.0306510925292969 -0.0352058410644531 0.14501953125 0.1019287109375
-0.0243148803710937 -0.0352401733398438 0.211334228515625 0.437469482421875
-0.0426368713378906 0.0199089050292969 0.36968994140625 0.60003662109375
-0.0135040283203125 0.0483131408691406 0.37237548828125 0.6724853515625
0.0176563262939453 0.0308990478515625 0.198974609375 0.61181640625
0.0357818603515625 -0.0122108459472656 0.081817626953125 0.53143310546875
0.0273628234863281 -0.0152397155761719 0.035675048828125 0.33660888671875
0.0167484283447266 -0.0171585083007812 0.0119400024414063 0.0748748779296875
0.0235538482666016 -0.0320167541503906 0.0183258056640625 -0.259033203125
0.0500679016113281 -0.0134010314941406 0.00476074218750006 -0.533782958984375
0.0454978942871094 0.0180587768554688 -0.15704345703125 -0.702392578125
0.0107555389404297 0.0277328491210937 -0.280029296875 -0.73583984375
-0.0373077392578125 0.0344429016113281 -0.21844482421875 -0.718994140625
-0.00378084182739258 -0.00360417366027832 -0.161651611328125 -0.4813232421875
0.0150470733642578 -0.0221900939941406 -0.096221923828125 -0.115516662597656
0.0152816772460937 -0.018463134765625 0.15277099609375 0.10040283203125
-0.0188484191894531 -0.00978851318359374 0.21136474609375 0.4461669921875
-0.0218963623046875 0.0235710144042969 0.36029052734375 0.60699462890625
-0.0098876953125 0.0359992980957031 0.350830078125 0.676513671875
0.0138778686523437 0.0229454040527344 0.175537109375 0.607666015625
0.0230216979980469 -0.00183296203613281 0.0601196289062501 0.532073974609375
0.0184535980224609 0.00538063049316406 0.02801513671875 0.3443603515625
0.00658035278320313 -0.00139427185058594 0.011016845703125 0.0778274536132812
0.0125398635864258 -0.0145034790039062 0.0135040283203125 -0.252731323242188
0.03717041015625 -0.0007476806640625 -0.012176513671875 -0.526092529296875
0.0323600769042969 0.019073486328125 -0.17742919921875 -0.6964111328125
0.0131139755249023 0.0160894393920898 -0.29766845703125 -0.72491455078125
-0.0162239074707031 0.0343761444091797 -0.23114013671875 -0.716064453125
0.00582695007324219 0.0181198120117188 -0.16876220703125 -0.48095703125
0.00479841232299805 -0.00531768798828125 -0.0904769897460938 -0.117530822753906
-0.00637340545654297 0.00142002105712891 0.15289306640625 0.10748291015625
-0.0150241851806641 0.0196475982666016 0.205718994140625 0.45574951171875
0.00557136535644531 0.0286502838134766 0.3494873046875 0.61749267578125
0.000772476196289062 0.0183734893798828 0.33087158203125 0.68499755859375
0.00233793258666992 0.00875949859619141 0.15045166015625 0.6134033203125
0.00145792961120605 0.00232434272766113 0.04345703125 0.53167724609375
0.00323677062988281 0.0216445922851563 0.02056884765625 0.337066650390625
-0.000685691833496092 0.0144777297973633 0.0106468200683594 0.0686454772949219
0.00197398662567139 0.00160038471221924 0.00988769531249998 -0.25604248046875
0.0181636810302734 0.0101413726806641 -0.026885986328125 -0.52764892578125
0.0217456817626953 0.0130386352539063 -0.19915771484375 -0.6866455078125
0.0129013061523437 0.0055694580078125 -0.32403564453125 -0.7113037109375
-0.00127029418945312 0.0332221984863281 -0.25262451171875 -0.7054443359375
0.0160255432128906 0.0356597900390625 -0.174041748046875 -0.477325439453125
-0.000799179077148436 0.0138635635375977 -0.088287353515625 -0.118186950683594
-0.0249233245849609 0.0233955383300781 0.1539306640625 0.11566162109375
-0.008514404296875 0.0445709228515625 0.200225830078125 0.463958740234375
0.0262451171875 0.037017822265625 0.32904052734375 0.63031005859375
0.0114898681640625 0.00398159027099609 0.30621337890625 0.70068359375
-0.00736284255981445 -0.0072021484375 0.1318359375 0.62213134765625
-0.0199241638183594 0.000457763671875001 0.032623291015625 0.529449462890625
-0.00888824462890625 0.0362701416015625 0.021942138671875 0.329620361328125
-0.0105571746826172 0.0264148712158203 0.0145301818847656 0.0585479736328125
-0.00706672668457031 0.0163402557373047 0.00465393066406251 -0.263961791992188
-0.000678062438964843 0.0119028091430664 -0.041961669921875 -0.532958984375
-0.000306844711303711 0.00406527519226074 -0.22265625 -0.683349609375
0.00420951843261719 -0.0176620483398437 -0.3441162109375 -0.6968994140625
0.0151081085205078 0.0226287841796875 -0.27850341796875 -0.69244384765625
0.0280113220214844 0.0560226440429688 -0.185272216796875 -0.467987060546875
-0.0100936889648438 0.0370674133300781 -0.089569091796875 -0.110420227050781
-0.0369911193847656 0.0362014770507813 0.145492553710938 0.123382568359375
-0.0035247802734375 0.0651359558105469 0.18646240234375 0.466766357421875
0.046051025390625 0.03387451171875 0.30224609375 0.64483642578125
0.0152034759521484 -0.0131435394287109 0.2783203125 0.72259521484375
-0.0175285339355469 -0.0206432342529297 0.120849609375 0.6375732421875
-0.0367393493652344 0.000579833984375 0.031585693359375 0.527313232421875
-0.0185661315917969 0.0397987365722656 0.026611328125 0.312774658203125
-0.0123996734619141 0.0295658111572266 0.0215034484863281 0.0406875610351563
-0.0188274383544922 0.0213375091552734 0.00360107421874997 -0.284149169921875
-0.0119867324829102 0.0109720230102539 -0.051422119140625 -0.541839599609375
-0.00898838043212891 -0.00481414794921875 -0.239990234375 -0.67559814453125
0.00417327880859375 -0.0277767181396484 -0.36572265625 -0.6787109375
0.0327625274658203 0.0221099853515625 -0.29638671875 -0.68072509765625
0.0421409606933594 0.068939208984375 -0.192138671875 -0.456878662109375
-0.0210533142089844 0.0526237487792969 -0.092193603515625 -0.103225708007813
-0.045654296875 0.0507621765136719 0.135955810546875 0.133499145507813
0.00793457031249999 0.0719680786132813 0.17071533203125 0.46905517578125
0.0533676147460938 0.0294303894042969 0.27960205078125 0.657470703125
0.0162601470947266 -0.0300827026367188 0.2601318359375 0.741455078125
-0.0268840789794922 -0.0319728851318359 0.1158447265625 0.6480712890625
-0.0439262390136719 -0.0025634765625 0.0321044921875 0.523681640625
-0.0255813598632813 0.0436058044433594 0.03338623046875 0.289794921875
-0.0193157196044922 0.0327701568603516 0.0279636383056641 0.0173931121826172
-0.0251884460449219 0.0227394104003906 0.00665283203125 -0.305572509765625
-0.0271244049072266 0.00472831726074219 -0.0561828613281251 -0.552490234375
-0.0171890258789062 -0.0202674865722656 -0.24749755859375 -0.66656494140625
0.00942230224609375 -0.0424728393554688 -0.3760986328125 -0.65997314453125
0.0507621765136719 0.0199394226074219 -0.30938720703125 -0.66522216796875
0.0474472045898438 0.0829391479492188 -0.198394775390625 -0.444122314453125
-0.0285415649414063 0.0672721862792969 -0.101249694824219 -0.0881805419921875
0.035980224609375 -0.0582237243652344 0.122451782226563 0.115570068359375
-0.0443534851074219 -0.055267333984375 0.20623779296875 0.43829345703125
-0.0546875 0.0197067260742187 0.3646240234375 0.6046142578125
-0.0105094909667969 0.0527534484863281 0.388671875 0.68878173828125
0.0343723297119141 0.0170955657958984 0.235107421875 0.6199951171875
0.0495529174804688 -0.0400199890136719 0.12408447265625 0.516632080078125
0.0362205505371094 -0.04833984375 0.058990478515625 0.3114013671875
0.0262374877929687 -0.0461502075195313 0.0197868347167969 0.0439224243164063
0.0431861877441406 -0.0602874755859375 0.025665283203125 -0.2843017578125
0.0710678100585938 -0.0262832641601563 0.0224609375 -0.549072265625
0.0557937622070313 0.0171127319335938 -0.13482666015625 -0.70440673828125
-0.00123405456542969 0.0321006774902344 -0.2685546875 -0.718017578125
-0.0568122863769531 0.0130691528320313 -0.2232666015625 -0.69989013671875
-0.00172805786132813 -0.035491943359375 -0.171783447265625 -0.470703125
0.0321388244628906 -0.04083251953125 -0.119987487792969 -0.0986175537109375
0.0320663452148438 -0.0514984130859375 0.135879516601563 0.103813171386719
-0.0351715087890625 -0.0491142272949219 0.213470458984375 0.4344482421875
-0.0506477355957031 0.0177459716796875 0.3724365234375 0.59844970703125
-0.01513671875 0.0540580749511719 0.38916015625 0.677001953125
0.0301914215087891 0.0247364044189453 0.22174072265625 0.6123046875
0.0482368469238281 -0.0261611938476563 0.110687255859375 0.527435302734375
0.0346088409423828 -0.0331325531005859 0.050628662109375 0.327880859375
0.0207443237304688 -0.0362434387207031 0.0179786682128906 0.0605316162109375
0.0338668823242188 -0.0499458312988281 0.0193939208984375 -0.269668579101563
0.0636215209960938 -0.0227127075195313 0.00952148437500001 -0.541107177734375
0.0542182922363281 0.0210418701171875 -0.14862060546875 -0.70599365234375
0.00651168823242187 0.0361061096191406 -0.2750244140625 -0.7298583984375
-0.0502967834472656 0.0252151489257812 -0.21759033203125 -0.7135009765625
-0.00866508483886719 -0.0230236053466797 -0.166229248046875 -0.480926513671875
0.0243301391601563 -0.0356521606445313 -0.106277465820313 -0.107330322265625
0.0290184020996094 -0.0384979248046875 0.1461181640625 0.100936889648438
-0.0271644592285156 -0.0340671539306641 0.220458984375 0.4365234375
-0.0388107299804687 0.0175743103027344 0.37664794921875 0.5953369140625
-0.0152931213378906 0.0497932434082031 0.38140869140625 0.6695556640625
0.0219669342041016 0.027984619140625 0.20538330078125 0.60833740234375
0.0387039184570313 -0.0147056579589844 0.090057373046875 0.53045654296875
0.0279083251953125 -0.0145759582519531 0.041107177734375 0.3388671875
0.0142650604248047 -0.0206489562988281 0.0135421752929688 0.0733261108398438
0.0231361389160156 -0.0349006652832031 0.0121002197265625 -0.25958251953125
0.05047607421875 -0.0147056579589844 -0.00161743164062498 -0.5350341796875
0.0458335876464844 0.0167617797851562 -0.16961669921875 -0.70343017578125
0.0116825103759766 0.025482177734375 -0.29095458984375 -0.73004150390625
-0.0363311767578125 0.0323219299316406 -0.2269287109375 -0.716796875
-0.00501918792724609 -0.000502109527587891 -0.16650390625 -0.48297119140625
0.0145721435546875 -0.0219383239746094 -0.0958633422851563 -0.114242553710938
0.0135669708251953 -0.0191059112548828 0.15362548828125 0.100112915039063
-0.0210914611816406 -0.0119838714599609 0.21771240234375 0.447296142578125
-0.0194110870361328 0.0239105224609375 0.37164306640625 0.6021728515625
-0.009765625 0.03753662109375 0.3643798828125 0.66949462890625
0.0113048553466797 0.0216541290283203 0.18218994140625 0.60791015625
0.0215702056884766 -0.00479888916015625 0.068511962890625 0.535400390625
0.0156021118164062 0.00659942626953125 0.030029296875 0.343719482421875
0.00673913955688477 -0.00216579437255859 0.0127487182617187 0.0745773315429688
0.0150585174560547 -0.0133152008056641 0.0107574462890625 -0.253692626953125
0.0322418212890625 -0.00393295288085937 -0.01861572265625 -0.52655029296875
0.0312404632568359 0.0140380859375 -0.1871337890625 -0.69500732421875
0.0118656158447266 0.0179843902587891 -0.31158447265625 -0.72442626953125
-0.0184288024902344 0.0359764099121094 -0.24664306640625 -0.71453857421875
0.0052337646484375 0.0180130004882813 -0.171875 -0.48101806640625
0.00640010833740234 -0.00442743301391602 -0.0926971435546875 -0.118850708007813
-0.00473737716674805 0.00381660461425781 0.156906127929688 0.105499267578125
-0.0138950347900391 0.0174531936645508 0.212066650390625 0.451812744140625
0.00478744506835938 0.0312080383300781 0.35723876953125 0.61566162109375
0.00118637084960938 0.0212211608886719 0.34088134765625 0.6785888671875
0.00429344177246094 0.0103034973144531 0.158447265625 0.61199951171875
-0.000333786010742187 0.00222396850585938 0.050506591796875 0.535400390625
0.00286865234375 0.0236377716064453 0.024139404296875 0.339202880859375
-0.00171089172363281 0.0112981796264648 0.0131607055664063 0.0735549926757813
0.00144743919372559 0.00103616714477539 0.00558471679687498 -0.258834838867188
0.0169715881347656 0.0044403076171875 -0.03277587890625 -0.528900146484375
0.0188102722167969 0.0114383697509766 -0.2098388671875 -0.6868896484375
0.0111494064331055 0.00640106201171875 -0.332763671875 -0.7109375
0.000827789306640627 0.0312767028808594 -0.2650146484375 -0.70281982421875
0.0158519744873047 0.0334453582763672 -0.179443359375 -0.475860595703125
-0.00164222717285156 0.0175352096557617 -0.0891876220703125 -0.118247985839844
-0.0245800018310547 0.0208492279052734 0.155731201171875 0.1112060546875
-0.00974655151367188 0.0458717346191406 0.202606201171875 0.45941162109375
0.0244235992431641 0.0349082946777344 0.33612060546875 0.624755859375
0.0105953216552734 0.00309562683105469 0.3154296875 0.69482421875
-0.00938892364501953 -0.00716304779052735 0.138671875 0.6224365234375
-0.0195884704589844 0.0029144287109375 0.03778076171875 0.53265380859375
-0.0106315612792969 0.0351409912109375 0.025543212890625 0.329559326171875
-0.00904464721679687 0.0283374786376953 0.0160064697265625 0.0587081909179688
-0.0096282958984375 0.0148153305053711 -3.0517578125014E-05 -0.270278930664063
0.000514984130859375 0.0130386352539062 -0.0483703613281249 -0.536102294921875
0.00503349304199219 0.00561094284057617 -0.23309326171875 -0.6787109375
0.00448417663574219 -0.00961208343505859 -0.3575439453125 -0.6942138671875
0.0180015563964844 0.0259666442871094 -0.28887939453125 -0.693603515625
0.0318260192871094 0.0503997802734375 -0.188629150390625 -0.466033935546875
-0.00883102416992188 0.0364799499511719 -0.09033203125 -0.110572814941406
-0.0390434265136719 0.0376625061035156 0.14849853515625 0.12017822265625
-0.0018157958984375 0.0643196105957031 0.19158935546875 0.46356201171875
0.0460929870605469 0.0347061157226563 0.31201171875 0.640869140625
0.0133028030395508 -0.0136537551879883 0.2890625 0.71771240234375
-0.0161418914794922 -0.0204620361328125 0.12994384765625 0.6353759765625
-0.035919189453125 0.000202178955078124 0.037933349609375 0.53179931640625
-0.0213432312011719 0.0415267944335938 0.029876708984375 0.313140869140625
-0.0147476196289063 0.0328350067138672 0.0218620300292969 0.0388832092285156
-0.0171222686767578 0.0219306945800781 -0.00137329101562503 -0.2864990234375
-0.0146236419677734 0.0138235092163086 -0.0588073730468749 -0.543304443359375
-0.00919342041015625 -0.00481319427490234 -0.249267578125 -0.6732177734375
0.00397872924804688 -0.0296401977539063 -0.377197265625 -0.67547607421875
0.0363502502441406 0.01971435546875 -0.30615234375 -0.6795654296875
0.0453948974609375 0.0672378540039063 -0.20037841796875 -0.45684814453125
-0.01708984375 0.0543060302734375 -0.0943069458007812 -0.0995025634765625
-0.0459251403808594 0.0484580993652344 0.137252807617188 0.130104064941406
0.00678253173828125 0.0724105834960938 0.175445556640625 0.469207763671875
0.0558509826660156 0.0236778259277344 0.28631591796875 0.65716552734375
0.0127220153808594 -0.0308189392089844 0.26849365234375 0.74041748046875
-0.0243949890136719 -0.0315628051757813 0.12396240234375 0.6505126953125
-0.0467872619628906 -0.00370025634765625 0.041107177734375 0.523590087890625
-0.025238037109375 0.0414276123046875 0.035430908203125 0.289794921875
-0.0169925689697266 0.0318737030029297 0.0271434783935547 0.0163326263427734
-0.0269756317138672 0.0233745574951172 0.000640869140625018 -0.30633544921875
-0.0250186920166016 0.00759506225585937 -0.062255859375 -0.5545654296875
-0.0172042846679688 -0.0186119079589844 -0.253173828125 -0.66387939453125
0.00439834594726562 -0.0473365783691406 -0.3846435546875 -0.66015625
0.0528144836425781 0.0167465209960938 -0.3211669921875 -0.6627197265625
0.0503311157226563 0.0789413452148438 -0.209075927734375 -0.445281982421875
-0.0305442810058594 0.0663375854492188 -0.101631164550781 -0.0863876342773437
0.03338623046875 -0.0593910217285156 0.127372741699219 0.113250732421875
-0.0472221374511719 -0.0558738708496094 0.2100830078125 0.434814453125
-0.0547943115234375 0.0219306945800781 0.37469482421875 0.598876953125
-0.00804138183593749 0.0555801391601563 0.40155029296875 0.6824951171875
0.0370750427246094 0.01995849609375 0.2393798828125 0.6153564453125
0.0487098693847656 -0.0416603088378906 0.1298828125 0.51751708984375
0.0316123962402344 -0.046722412109375 0.064666748046875 0.30865478515625
0.0238838195800781 -0.0508308410644531 0.0220222473144531 0.0429496765136719
0.0417709350585938 -0.0630111694335938 0.018463134765625 -0.2845458984375
0.0720062255859375 -0.0302276611328125 0.01422119140625 -0.549102783203125
0.0551986694335938 0.0189208984375 -0.14495849609375 -0.7034912109375
-0.00128555297851562 0.0358772277832031 -0.281982421875 -0.71258544921875
-0.0580596923828125 0.01275634765625 -0.23138427734375 -0.6982421875
-0.000755310058593748 -0.0368118286132813 -0.17724609375 -0.468963623046875
0.0327796936035156 -0.0392341613769531 -0.123809814453125 -0.0972213745117188
0.0338325500488281 -0.0520515441894531 0.134910583496094 0.102340698242188
-0.0371894836425781 -0.0459098815917969 0.220855712890625 0.43072509765625
-0.0497360229492188 0.0201797485351562 0.3828125 0.58892822265625
-0.0117073059082031 0.0567283630371094 0.39801025390625 0.6689453125
0.0318241119384766 0.0256843566894531 0.2332763671875 0.604248046875
0.0488395690917969 -0.0263175964355469 0.112548828125 0.523590087890625
0.0354690551757813 -0.0327835083007813 0.050201416015625 0.32830810546875
0.0216789245605469 -0.0387916564941406 0.0165786743164062 0.0637931823730469
0.0318145751953125 -0.0482139587402344 0.01690673828125 -0.270919799804688
0.0609054565429687 -0.0233650207519531 0.00158691406250006 -0.54095458984375
0.0509567260742187 0.0145835876464844 -0.15606689453125 -0.7059326171875
0.00609397888183594 0.0316257476806641 -0.28802490234375 -0.72589111328125
-0.0496292114257813 0.0275382995605469 -0.228271484375 -0.71173095703125
-0.00746917724609375 -0.0230865478515625 -0.175201416015625 -0.475616455078125
0.0255470275878906 -0.0380020141601563 -0.110786437988281 -0.106834411621094
0.0276870727539063 -0.0398902893066406 0.147750854492188 0.094818115234375
-0.0294208526611328 -0.0345211029052734 0.2247314453125 0.434844970703125
-0.0409927368164063 0.0182685852050781 0.38763427734375 0.58819580078125
-0.0127334594726563 0.0503463745117188 0.39312744140625 0.65960693359375
0.0218658447265625 0.0264358520507813 0.2138671875 0.60772705078125
0.039398193359375 -0.0161590576171875 0.095306396484375 0.53265380859375
0.0319232940673828 -0.0141334533691406 0.044281005859375 0.33984375
0.0126972198486328 -0.0223426818847656 0.0157661437988281 0.0701560974121094
0.0238819122314453 -0.0309085845947266 0.00823974609375001 -0.260223388671875
0.0484466552734375 -0.0153694152832031 -0.00949096679687497 -0.5321044921875
0.0468597412109375 0.0177192687988281 -0.17889404296875 -0.69903564453125
0.0126018524169922 0.0286521911621094 -0.30010986328125 -0.7291259765625
-0.0325775146484375 0.0335044860839844 -0.23773193359375 -0.7117919921875
-0.00520944595336914 -0.00424003601074219 -0.17437744140625 -0.47705078125
0.0121726989746094 -0.0234394073486328 -0.0997695922851563 -0.112129211425781
0.0149517059326172 -0.0204410552978516 0.155258178710938 0.100921630859375
-0.0198955535888672 -0.0136013031005859 0.224334716796875 0.439208984375
-0.021026611328125 0.0221099853515625 0.37921142578125 0.5966796875
-0.00636672973632813 0.0375862121582031 0.37042236328125 0.6649169921875
0.00957489013671875 0.0189056396484375 0.1861572265625 0.60260009765625
0.0224609375 -0.00755500793457031 0.075927734375 0.53448486328125
0.0159702301025391 0.00212287902832031 0.03558349609375 0.344085693359375
0.00911331176757812 0.000484466552734375 0.0170135498046875 0.079010009765625
0.0143489837646484 -0.0149412155151367 0.004119873046875 -0.254302978515625
0.0318679809570313 -0.00436973571777344 -0.025543212890625 -0.527679443359375
0.0299320220947266 0.0155086517333984 -0.1953125 -0.6922607421875
0.0109395980834961 0.0174312591552734 -0.32318115234375 -0.71826171875
-0.0176544189453125 0.0363044738769531 -0.2552490234375 -0.7119140625
0.00425148010253906 0.0186843872070313 -0.178619384765625 -0.48187255859375
0.0036931037902832 -0.00532197952270508 -0.0915603637695312 -0.115364074707031
-0.00537347793579102 0.000984668731689452 0.157516479492188 0.105087280273438
-0.0154533386230469 0.0181980133056641 0.220733642578125 0.448333740234375
0.00753211975097656 0.0296440124511719 0.3638916015625 0.6087646484375
-0.00322151184082031 0.0221939086914063 0.34814453125 0.6737060546875
-0.00186586380004883 0.00847768783569336 0.1639404296875 0.61114501953125
0.00261974334716797 -0.00163745880126953 0.053619384765625 0.5357666015625
0.00548171997070312 0.0215625762939453 0.02899169921875 0.336944580078125
-0.00158500671386719 0.0167617797851562 0.0157928466796875 0.0687789916992188
0.00366544723510742 0.00442028045654297 0.00344848632812501 -0.2615966796875
0.015019416809082 0.00758647918701172 -0.0394287109375 -0.530914306640625
0.0193634033203125 0.00954627990722656 -0.222900390625 -0.68646240234375
0.0160541534423828 0.00381660461425781 -0.34222412109375 -0.70440673828125
-0.000871658325195309 0.0326671600341797 -0.277099609375 -0.70379638671875
0.0178165435791016 0.0343379974365234 -0.191680908203125 -0.47113037109375
-0.000127792358398437 0.0157413482666016 -0.0940933227539062 -0.117378234863281
-0.0254268646240234 0.0186138153076172 0.15264892578125 0.106796264648438
-0.00706100463867188 0.0413055419921875 0.21173095703125 0.45709228515625
0.0286445617675781 0.0386238098144531 0.343994140625 0.62030029296875
0.0107927322387695 0.00488185882568359 0.32421875 0.693603515625
-0.00697565078735352 -0.00651407241821289 0.148681640625 0.61907958984375
-0.0175247192382813 0.00424385070800781 0.046600341796875 0.53472900390625
-0.0127677917480469 0.0351409912109375 0.031005859375 0.330322265625
-0.00571441650390625 0.0250511169433594 0.0208702087402344 0.0622100830078125
-0.00602149963378906 0.0160713195800781 -0.00329589843750001 -0.269790649414063
0.00113868713378906 0.0112371444702148 -0.056182861328125 -0.535369873046875
0.00194501876831055 0.00353360176086426 -0.2415771484375 -0.67352294921875
0.00533103942871094 -0.0132379531860352 -0.368408203125 -0.68988037109375
0.0159549713134766 0.0276298522949219 -0.29962158203125 -0.68896484375
0.0362510681152344 0.0507736206054688 -0.199249267578125 -0.467254638671875
-0.00785064697265625 0.0401039123535156 -0.0946426391601563 -0.114234924316406
-0.0376968383789063 0.038299560546875 0.151229858398438 0.113204956054688
-0.00162887573242188 0.0618972778320313 0.19775390625 0.45977783203125
0.0433158874511719 0.0347671508789063 0.3193359375 0.6357421875
0.0141391754150391 -0.0130538940429688 0.30059814453125 0.71038818359375
-0.0181789398193359 -0.0221881866455078 0.13250732421875 0.63348388671875
-0.0361862182617188 0.00317001342773438 0.04327392578125 0.533966064453125
-0.01824951171875 0.0419464111328125 0.0318603515625 0.314300537109375
-0.0119171142578125 0.0360679626464844 0.0209007263183594 0.0407218933105469
-0.0192375183105469 0.0228614807128906 -0.00253295898437502 -0.2855224609375
-0.0142545700073242 0.0125160217285156 -0.0671691894531249 -0.543243408203125
-0.00770282745361328 -0.00592470169067383 -0.2598876953125 -0.66973876953125
0.00347518920898437 -0.0291061401367188 -0.38739013671875 -0.67132568359375
0.0394134521484375 0.0209808349609375 -0.3150634765625 -0.67474365234375
0.0503120422363281 0.064605712890625 -0.20782470703125 -0.455535888671875
-0.01751708984375 0.0554313659667969 -0.0922622680664063 -0.0998764038085937
-0.0439491271972656 0.0500411987304688 0.140579223632813 0.130767822265625
0.00620269775390626 0.070648193359375 0.183013916015625 0.465423583984375
0.0582046508789062 0.0243759155273437 0.29510498046875 0.6488037109375
0.0100536346435547 -0.0290565490722656 0.27996826171875 0.73516845703125
-0.0253505706787109 -0.0308055877685547 0.1297607421875 0.64593505859375
-0.0465126037597656 -0.00458908081054687 0.04681396484375 0.5272216796875
-0.0270462036132813 0.0469894409179687 0.037506103515625 0.28778076171875
-0.0211830139160156 0.0344886779785156 0.0266437530517578 0.0181560516357422
-0.026397705078125 0.0218105316162109 -0.00784301757812498 -0.310577392578125
-0.0233345031738281 0.00561141967773437 -0.0705871582031249 -0.5555419921875
-0.0145893096923828 -0.0196170806884766 -0.266357421875 -0.66168212890625
0.00534820556640625 -0.0460319519042969 -0.3907470703125 -0.65081787109375
0.0526809692382813 0.0182266235351563 -0.3289794921875 -0.65667724609375
0.0498580932617188 0.0807342529296875 -0.21343994140625 -0.443756103515625
-0.0258674621582031 0.0691299438476563 -0.102310180664062 -0.0865859985351563
0.0303382873535156 -0.0640830993652344 0.126747131347656 0.107643127441406
-0.047637939453125 -0.0537147521972656 0.21490478515625 0.42913818359375
-0.0574798583984375 0.0240974426269531 0.37835693359375 0.5933837890625
-0.0103607177734375 0.0537452697753906 0.40740966796875 0.6710205078125
0.035308837890625 0.0165290832519531 0.2498779296875 0.6107177734375
0.0531387329101563 -0.0420951843261719 0.13385009765625 0.5162353515625
0.0357856750488281 -0.0449104309082031 0.066802978515625 0.31048583984375
0.0229911804199219 -0.0458259582519531 0.0197105407714844 0.0433464050292969
0.0395393371582031 -0.0628814697265625 0.01715087890625 -0.284942626953125
0.07177734375 -0.0273895263671875 0.00750732421874999 -0.54754638671875
0.05694580078125 0.020843505859375 -0.15911865234375 -0.7044677734375
0.000572204589843753 0.0322704315185547 -0.2899169921875 -0.70648193359375
-0.053375244140625 0.017333984375 -0.24078369140625 -0.69415283203125
-0.00374221801757813 -0.037017822265625 -0.1900634765625 -0.467010498046875
0.0302009582519531 -0.040283203125 -0.127281188964844 -0.0957107543945313
0.0305099487304688 -0.0525283813476563 0.139015197753906 0.0987625122070313
-0.0439643859863281 -0.04779052734375 0.2242431640625 0.42626953125
-0.0550460815429688 0.023345947265625 0.385009765625 0.588134765625
-0.0137672424316406 0.0593490600585938 0.40704345703125 0.6600341796875
0.0308284759521484 0.0241775512695313 0.24066162109375 0.60540771484375
0.0466537475585938 -0.0277481079101562 0.119171142578125 0.5205078125
0.03265380859375 -0.0366897583007813 0.056915283203125 0.326873779296875
0.02264404296875 -0.0332069396972656 0.0189323425292969 0.0603179931640625
0.0310478210449219 -0.0471229553222656 0.0112762451171875 -0.27301025390625
0.0632362365722656 -0.0230903625488281 -0.00308227539062499 -0.538299560546875
0.0499229431152344 0.0203514099121094 -0.1641845703125 -0.704345703125
0.00674819946289062 0.0291099548339844 -0.2947998046875 -0.7208251953125
-0.0447921752929688 0.0259323120117187 -0.23883056640625 -0.704833984375
-0.0103816986083984 -0.0233917236328125 -0.1812744140625 -0.474151611328125
0.0236167907714844 -0.0401649475097656 -0.108009338378906 -0.105751037597656
0.0288429260253906 -0.0397758483886719 0.152984619140625 0.0926666259765625
-0.0336761474609375 -0.0341548919677734 0.229705810546875 0.433868408203125
-0.0376052856445313 0.0189399719238281 0.39520263671875 0.581787109375
-0.0167884826660156 0.0457954406738281 0.4022216796875 0.65484619140625
0.0190925598144531 0.0293197631835938 0.2203369140625 0.6041259765625
0.0409965515136719 -0.0152702331542969 0.1041259765625 0.52679443359375
0.0253334045410156 -0.010162353515625 0.05047607421875 0.337921142578125
0.0172786712646484 -0.0206890106201172 0.0197944641113281 0.069183349609375
0.0231208801269531 -0.0361824035644531 0.00320434570312498 -0.253341674804688
0.0502395629882812 -0.0153617858886719 -0.01654052734375 -0.537261962890625
0.0457572937011719 0.018341064453125 -0.1846923828125 -0.6954345703125
0.0142288208007812 0.0269126892089844 -0.31048583984375 -0.7213134765625
-0.0383682250976563 0.0362319946289062 -0.24658203125 -0.7025146484375
-0.00618600845336914 -0.00528860092163086 -0.179779052734375 -0.477447509765625
0.0122299194335938 -0.0254802703857422 -0.101394653320312 -0.11407470703125
0.0114517211914062 -0.0205821990966797 0.157943725585938 0.0972747802734375
-0.0212860107421875 -0.00837898254394532 0.2286376953125 0.44122314453125
-0.0175056457519531 0.0200347900390625 0.3875732421875 0.5927734375
-0.00837326049804687 0.0379524230957031 0.384033203125 0.6533203125
0.0140628814697266 0.0188999176025391 0.1937255859375 0.601318359375
0.0247058868408203 -0.00226020812988281 0.079254150390625 0.537353515625
0.0200653076171875 0.00891685485839844 0.039794921875 0.34307861328125
0.00646448135375977 -0.00425481796264648 0.0180740356445312 0.077423095703125
0.012883186340332 -0.0165557861328125 0.00160217285156252 -0.250991821289063
0.0306739807128906 -0.0020599365234375 -0.03131103515625 -0.527374267578125
0.0300083160400391 0.0128421783447266 -0.20587158203125 -0.687255859375
0.0145359039306641 0.0221004486083984 -0.33135986328125 -0.7132568359375
-0.014373779296875 0.0382843017578125 -0.26312255859375 -0.7056884765625
0.00837898254394531 0.0181598663330078 -0.18634033203125 -0.47735595703125
0.00668621063232422 -0.00527334213256836 -0.0962753295898438 -0.115776062011719
-0.0101308822631836 -0.0016326904296875 0.162200927734375 0.09722900390625
-0.0107059478759766 0.0173187255859375 0.222930908203125 0.44976806640625
-0.00177001953125 0.0281734466552734 0.3702392578125 0.60369873046875
0.000442504882812502 0.0229606628417969 0.3594970703125 0.6710205078125
-0.000229358673095703 0.00836515426635742 0.17169189453125 0.60821533203125
-8.97645950317385E-05 -0.00197434425354004 0.06451416015625 0.53546142578125
0.00378227233886719 0.02215576171875 0.0333251953125 0.3375244140625
0.00174617767333985 0.0146446228027344 0.0161285400390625 0.0704193115234375
0.00358939170837402 0.0025334358215332 -0.00657653808593747 -0.2579345703125
0.015620231628418 0.00702762603759766 -0.049957275390625 -0.525726318359375
0.0220909118652344 0.00665473937988281 -0.230224609375 -0.67694091796875
0.00907135009765625 0.00284862518310547 -0.348876953125 -0.7001953125
0.00381851196289063 0.0316734313964844 -0.2816162109375 -0.69329833984375
0.0179481506347656 0.0337162017822266 -0.197265625 -0.471923828125
-0.000532150268554688 0.0153160095214844 -0.089813232421875 -0.115478515625
-0.0272655487060547 0.0225830078125 0.159866333007813 0.106582641601563
-0.00974655151367188 0.0440559387207031 0.2193603515625 0.452362060546875
0.0256710052490234 0.0351295471191406 0.35595703125 0.614990234375
0.00741147994995117 0.000195503234863281 0.3399658203125 0.6812744140625
-0.00743675231933594 -0.00720977783203125 0.155517578125 0.613037109375
-0.0194358825683594 -0.00115966796875 0.052520751953125 0.53143310546875
-0.00857162475585938 0.03558349609375 0.03643798828125 0.329254150390625
-0.00465965270996094 0.0304737091064453 0.0241546630859375 0.0545387268066406
-0.00940036773681641 0.0162754058837891 -0.0062255859375 -0.272216796875
5.3405761718752E-05 0.0194358825683594 -0.060943603515625 -0.530792236328125
0.000299453735351562 0.00471925735473633 -0.24786376953125 -0.667724609375
0.00526142120361328 -0.015019416809082 -0.3824462890625 -0.68017578125
0.0208492279052734 0.0251255035400391 -0.30780029296875 -0.6822509765625
0.0353813171386719 0.046600341796875 -0.208709716796875 -0.464508056640625
-0.0102729797363281 0.0350360870361328 -0.0947036743164062 -0.107887268066406
-0.0369949340820313 0.034759521484375 0.156036376953125 0.111053466796875
0.000205993652343756 0.0636482238769531 0.20660400390625 0.4599609375
0.0484771728515625 0.0313873291015625 0.32562255859375 0.6346435546875
0.0164947509765625 -0.0168924331665039 0.307861328125 0.70458984375
-0.0171279907226563 -0.0231742858886719 0.14459228515625 0.627685546875
-0.0384407043457031 -0.000801086425781243 0.052459716796875 0.530731201171875
-0.0228538513183594 0.0417404174804688 0.03717041015625 0.309356689453125
-0.0127296447753906 0.0327301025390625 0.0230560302734375 0.0395736694335938
-0.0206069946289063 0.0242595672607422 -0.00942993164062498 -0.28466796875
-0.014277458190918 0.0160598754882813 -0.073638916015625 -0.53887939453125
-0.00836944580078125 -0.00325822830200195 -0.26800537109375 -0.6666259765625
0.00350189208984375 -0.0279674530029297 -0.392822265625 -0.6627197265625
0.0397300720214844 0.0217247009277344 -0.325439453125 -0.6673583984375
0.0468177795410156 0.0661392211914063 -0.21502685546875 -0.4510498046875
-0.0166397094726563 0.0543174743652344 -0.0934524536132813 -0.102348327636719
-0.0444488525390625 0.0497322082519531 0.147933959960938 0.13043212890625
0.0128631591796875 0.0711593627929688 0.18658447265625 0.4658203125
0.053863525390625 0.0238685607910156 0.30303955078125 0.6427001953125
0.0108737945556641 -0.0270748138427734 0.28839111328125 0.7257080078125
-0.0271205902099609 -0.0292015075683594 0.14434814453125 0.64556884765625
-0.0446281433105469 -0.00174713134765626 0.04864501953125 0.5234375
-0.0214691162109375 0.0474815368652344 0.039306640625 0.29107666015625
-0.0167808532714844 0.0315380096435547 0.0299777984619141 0.0145092010498047
-0.0264701843261719 0.0248775482177734 -0.00503540039062503 -0.3150634765625
-0.0264949798583984 0.0113868713378906 -0.07635498046875 -0.55322265625
-0.0189189910888672 -0.0201568603515625 -0.2711181640625 -0.659912109375
0.002410888671875 -0.0472183227539063 -0.40289306640625 -0.646240234375
0.0527191162109375 0.016998291015625 -0.33770751953125 -0.65069580078125
0.0561599731445312 0.0801010131835937 -0.22314453125 -0.43951416015625
-0.0284652709960937 0.0672569274902344 -0.105377197265625 -0.0867538452148437
0.027587890625 -0.0623207092285156 0.131706237792969 0.106575012207031
-0.0470962524414062 -0.0521430969238281 0.219482421875 0.428558349609375
-0.0555992126464844 0.0229644775390625 0.38702392578125 0.58544921875
-0.00966644287109375 0.0533447265625 0.4163818359375 0.66400146484375
0.0360527038574219 0.0141220092773438 0.25677490234375 0.6053466796875
0.0500564575195313 -0.0444679260253906 0.139801025390625 0.512237548828125
0.0321884155273438 -0.0486373901367188 0.06854248046875 0.30633544921875
0.0236434936523438 -0.0442276000976563 0.0234756469726563 0.0416908264160156
0.0371284484863281 -0.0590553283691406 0.011627197265625 -0.283416748046875
0.0696754455566406 -0.0301094055175781 0.000793457031250006 -0.54638671875
0.0571441650390625 0.015106201171875 -0.1646728515625 -0.69390869140625
0.000789642333984377 0.0324440002441406 -0.29986572265625 -0.703857421875
-0.0549545288085937 0.0156745910644531 -0.2501220703125 -0.68896484375
-0.00301742553710938 -0.0391731262207031 -0.193756103515625 -0.462982177734375
0.0295295715332031 -0.045623779296875 -0.125190734863281 -0.0945816040039062
0.0290870666503906 -0.0519599914550781 0.139564514160156 0.0979690551757813
-0.0401496887207031 -0.051544189453125 0.229949951171875 0.4254150390625
-0.0528602600097656 0.022705078125 0.394775390625 0.577880859375
-0.0140914916992188 0.0551338195800781 0.414306640625 0.6505126953125
0.0323657989501953 0.0244522094726562 0.2432861328125 0.59600830078125
0.0480270385742187 -0.0300064086914062 0.12591552734375 0.519775390625
0.0318107604980469 -0.0331592559814453 0.059539794921875 0.32318115234375
0.0191192626953125 -0.0339469909667969 0.0213356018066406 0.059783935546875
0.0341262817382813 -0.0496444702148438 0.00572204589843753 -0.268463134765625
0.0608940124511719 -0.0254249572753906 -0.010040283203125 -0.53759765625
0.0543060302734375 0.0162391662597656 -0.176513671875 -0.69610595703125
0.00965118408203125 0.0356903076171875 -0.30517578125 -0.71343994140625
-0.0467109680175781 0.0287551879882813 -0.24737548828125 -0.69915771484375
-0.0062103271484375 -0.0233097076416016 -0.185791015625 -0.47113037109375
0.0224227905273438 -0.0370254516601563 -0.11285400390625 -0.104766845703125
0.0241813659667969 -0.0389137268066406 0.151458740234375 0.0940704345703125
-0.0299453735351563 -0.0359039306640625 0.233428955078125 0.429046630859375
-0.0401458740234375 0.0218315124511719 0.39923095703125 0.5772705078125
-0.0141220092773438 0.0499382019042969 0.4066162109375 0.6451416015625
0.0244636535644531 0.0270481109619141 0.2264404296875 0.59295654296875
0.0385627746582031 -0.0150375366210938 0.109649658203125 0.527496337890625
0.0282382965087891 -0.0156707763671875 0.052276611328125 0.337188720703125
0.0148048400878906 -0.0189075469970703 0.01885986328125 0.0739059448242188
0.0222320556640625 -0.0320396423339844 0.000396728515625009 -0.257003784179688
0.0520553588867188 -0.0180587768554688 -0.024566650390625 -0.5301513671875
0.0457763671875 0.0135040283203125 -0.19525146484375 -0.6910400390625
0.0142860412597656 0.0270614624023438 -0.32196044921875 -0.71624755859375
-0.0324153900146484 0.0347709655761719 -0.2559814453125 -0.70269775390625
-0.000968694686889648 -0.00264048576354981 -0.1859130859375 -0.4747314453125
0.0126438140869141 -0.0269508361816406 -0.100425720214844 -0.110885620117188
0.0121040344238281 -0.0209999084472656 0.161178588867188 0.0934906005859375
-0.0217018127441406 -0.0110664367675781 0.234954833984375 0.437469482421875
-0.0192031860351562 0.0251541137695312 0.3935546875 0.58306884765625
-0.00854873657226563 0.0367584228515625 0.38922119140625 0.64678955078125
0.0158405303955078 0.0196037292480469 0.2022705078125 0.593994140625
0.0240402221679687 -0.00517845153808594 0.0869140624999999 0.5323486328125
0.0184211730957031 0.00376319885253906 0.044830322265625 0.342254638671875
0.00666093826293945 -0.000609397888183594 0.0162429809570312 0.076080322265625
0.0120220184326172 -0.0153532028198242 -0.00270080566406252 -0.255172729492187
0.0353164672851563 -0.00652694702148438 -0.03851318359375 -0.522613525390625
0.0325565338134766 0.0141525268554688 -0.2169189453125 -0.68426513671875
0.0134010314941406 0.0187053680419922 -0.338134765625 -0.70849609375
-0.0164909362792969 0.037872314453125 -0.27313232421875 -0.70013427734375
0.00653266906738281 0.0191612243652344 -0.193817138671875 -0.474212646484375
0.00460290908813477 -0.00669002532958984 -0.0972900390625 -0.112640380859375
-0.00808238983154297 -0.0020298957824707 0.16156005859375 0.096832275390625
-0.0124053955078125 0.0186424255371094 0.226776123046875 0.44439697265625
0.00345611572265625 0.0285549163818359 0.38104248046875 0.59710693359375
0.00277328491210937 0.0231971740722656 0.36749267578125 0.6580810546875
0.00107145309448242 0.00706243515014649 0.17913818359375 0.60162353515625
-0.000480413436889649 -0.00348520278930664 0.0694580078125 0.53546142578125
0.00648880004882812 0.0218219757080078 0.036865234375 0.336517333984375
-0.000333786010742187 0.0131378173828125 0.018646240234375 0.0714263916015625
0.000995874404907227 0.00152313709259033 -0.00524902343749998 -0.259536743164063
0.0168638229370117 0.00555515289306641 -0.053924560546875 -0.524139404296875
0.0183353424072266 0.00876045227050781 -0.23968505859375 -0.67364501953125
0.0105953216552734 0.0032196044921875 -0.36431884765625 -0.6932373046875
0.00227737426757813 0.0284042358398438 -0.29351806640625 -0.688232421875
0.0195465087890625 0.0336761474609375 -0.202880859375 -0.467681884765625
-0.00316810607910156 0.0156965255737305 -0.0940017700195313 -0.11444091796875
-0.0281982421875 0.0170764923095703 0.160430908203125 0.102706909179687
-0.00817108154296875 0.043365478515625 0.21942138671875 0.450347900390625
0.0253257751464844 0.0364418029785156 0.36138916015625 0.608154296875
0.0101737976074219 0.00196456909179688 0.34320068359375 0.67523193359375
-0.00830602645874023 -0.0079803466796875 0.1622314453125 0.61163330078125
-0.0171031951904297 0.00376129150390625 0.058319091796875 0.532989501953125
-0.00598716735839844 0.0343894958496094 0.0364990234375 0.32659912109375
-0.00537300109863281 0.0259628295898438 0.0210952758789062 0.0580596923828125
-0.00736522674560547 0.0156383514404297 -0.00898742675781249 -0.270095825195312
-0.000645637512207031 0.0148773193359375 -0.068115234375 -0.525909423828125
0.00474071502685547 0.00591468811035156 -0.260498046875 -0.66290283203125
0.00542259216308594 -0.0122165679931641 -0.388427734375 -0.67510986328125
0.0214462280273438 0.0223407745361328 -0.31536865234375 -0.6746826171875
0.0366020202636719 0.0490264892578125 -0.211090087890625 -0.45904541015625
-0.00875091552734375 0.0358734130859375 -0.09478759765625 -0.106285095214844
-0.0416030883789063 0.0381240844726563 0.152679443359375 0.11212158203125
-0.000198364257812501 0.0646133422851563 0.2103271484375 0.45733642578125
0.0459022521972656 0.0320587158203125 0.33489990234375 0.626708984375
0.0147266387939453 -0.0144004821777344 0.31744384765625 0.6982421875
-0.0194110870361328 -0.0221481323242187 0.1507568359375 0.62567138671875
-0.0352630615234375 0.00282287597656251 0.0567932128906251 0.5302734375
-0.01617431640625 0.0444412231445312 0.039581298828125 0.309661865234375
-0.0103778839111328 0.0344505310058594 0.0251045227050781 0.037750244140625
-0.01812744140625 0.0245018005371094 -0.011749267578125 -0.285003662109375
-0.0124692916870117 0.0146913528442383 -0.08135986328125 -0.53839111328125
-0.0105628967285156 -0.00660419464111328 -0.2757568359375 -0.658447265625
0.00272750854492188 -0.0287322998046875 -0.40533447265625 -0.6536865234375
0.0390090942382813 0.0180740356445313 -0.331787109375 -0.6619873046875
0.0500679016113281 0.0642242431640625 -0.221405029296875 -0.446044921875
-0.0167427062988281 0.0543022155761719 -0.0982589721679688 -0.0987014770507813
-0.0480690002441406 0.0483322143554688 0.142822265625 0.124984741210937
0.00791931152343749 0.0739593505859375 0.19451904296875 0.459564208984375
0.0559883117675781 0.0232963562011719 0.31268310546875 0.6412353515625
0.00993728637695312 -0.03155517578125 0.29730224609375 0.724365234375
-0.0292091369628906 -0.0348110198974609 0.14697265625 0.6417236328125
-0.0460319519042969 0.0012054443359375 0.0589599609375 0.5244140625
-0.0241622924804688 0.0438919067382813 0.044219970703125 0.288909912109375
-0.014068603515625 0.0346221923828125 0.0263156890869141 0.0149364471435547
-0.0248489379882812 0.0263175964355469 -0.01385498046875 -0.308502197265625
-0.0252742767333984 0.0114803314208984 -0.0841064453125 -0.542999267578125
-0.0177040100097656 -0.0186443328857422 -0.28228759765625 -0.64984130859375
0.00312423706054688 -0.0445327758789062 -0.41265869140625 -0.635986328125
0.0535964965820312 0.0142059326171875 -0.34600830078125 -0.64508056640625
0.059417724609375 0.0779876708984375 -0.2252197265625 -0.43524169921875
-0.0270729064941406 0.0673103332519531 -0.1046142578125 -0.0849761962890625
0.0282096862792969 -0.0626029968261719 0.129539489746094 0.1048583984375
-0.0498695373535156 -0.0524940490722656 0.22308349609375 0.424591064453125
-0.0537605285644531 0.0253067016601562 0.3907470703125 0.58056640625
-0.00732421875 0.0534591674804688 0.4207763671875 0.656005859375
0.0355186462402344 0.01202392578125 0.263427734375 0.59814453125
0.0495071411132813 -0.0448150634765625 0.14666748046875 0.510650634765625
0.0318374633789063 -0.0484733581542969 0.0736083984375 0.30364990234375
0.0245399475097656 -0.045379638671875 0.0246925354003906 0.0425834655761719
0.0378837585449219 -0.0600852966308594 0.00885009765625002 -0.28240966796875
0.0680007934570313 -0.0308456420898438 -0.00817871093750004 -0.544586181640625
0.0567169189453125 0.0139656066894531 -0.1727294921875 -0.68939208984375
0.00126075744628907 0.0343132019042969 -0.306396484375 -0.6922607421875
-0.0537986755371094 0.0162887573242187 -0.25762939453125 -0.67889404296875
-0.00416946411132813 -0.0376739501953125 -0.198455810546875 -0.461181640625
0.0307655334472656 -0.0447921752929688 -0.125396728515625 -0.0937957763671875
0.0278778076171875 -0.0532646179199219 0.138969421386719 0.0957565307617188
-0.0409507751464844 -0.0496978759765625 0.23394775390625 0.421539306640625
-0.0521392822265625 0.0217018127441406 0.39923095703125 0.56976318359375
-0.0119743347167969 0.0547409057617188 0.41961669921875 0.64178466796875
0.0318069458007813 0.0238914489746094 0.24896240234375 0.59161376953125
0.0480499267578125 -0.0307464599609375 0.131927490234375 0.518798828125
0.0312252044677734 -0.0327091217041016 0.064483642578125 0.321533203125
0.0184650421142578 -0.0349845886230469 0.0190925598144531 0.0641212463378906
0.0306434631347656 -0.0481986999511719 0.00480651855468751 -0.267135620117187
0.0613059997558594 -0.0270881652832031 -0.018096923828125 -0.5352783203125
0.0543022155761719 0.0144119262695313 -0.18389892578125 -0.6915283203125
0.00829315185546875 0.0330276489257813 -0.313232421875 -0.70550537109375
-0.044891357421875 0.0289230346679688 -0.25079345703125 -0.6915283203125
-0.00600242614746094 -0.0219650268554687 -0.190643310546875 -0.466827392578125
0.0209465026855469 -0.0389022827148438 -0.112327575683594 -0.100929260253906
0.0218391418457031 -0.0391120910644531 0.153167724609375 0.089202880859375
-0.0315208435058594 -0.0327873229980469 0.237548828125 0.421600341796875
-0.0398902893066406 0.0218925476074219 0.39990234375 0.567626953125
-0.0126724243164063 0.0501976013183594 0.4127197265625 0.63531494140625
0.0248832702636719 0.0260066986083984 0.233154296875 0.5882568359375
0.0403861999511719 -0.0168304443359375 0.1136474609375 0.52716064453125
0.0282840728759766 -0.0146007537841797 0.056427001953125 0.333251953125
0.0134944915771484 -0.0198497772216797 0.0187759399414063 0.0714492797851563
0.0219841003417969 -0.0336189270019531 -0.00128173828125002 -0.255859375
0.0486907958984375 -0.0174446105957031 -0.033660888671875 -0.52825927734375
0.0452041625976563 0.01324462890625 -0.20281982421875 -0.68511962890625
0.0125827789306641 0.0248451232910156 -0.33172607421875 -0.7059326171875
-0.0313720703125 0.0372848510742187 -0.2625732421875 -0.6951904296875
-0.0015099048614502 -0.00349855422973633 -0.192657470703125 -0.47088623046875
0.0120277404785156 -0.0241794586181641 -0.103057861328125 -0.109146118164062
0.0101680755615234 -0.0222740173339844 0.159988403320312 0.087127685546875
-0.0214576721191406 -0.0104846954345703 0.2362060546875 0.430694580078125
-0.0198307037353516 0.0254135131835938 0.39666748046875 0.57891845703125
-0.00855255126953125 0.0372734069824219 0.39617919921875 0.6405029296875
0.013885498046875 0.0187778472900391 0.20672607421875 0.5885009765625
0.0232772827148438 -0.00859451293945312 0.0927429199218751 0.52923583984375
0.0188560485839844 0.00241851806640625 0.047576904296875 0.3416748046875
0.00734758377075195 -0.00114631652832031 0.0173492431640625 0.0762710571289063
0.0115127563476563 -0.0144681930541992 -0.0029296875 -0.254043579101563
0.0330924987792969 -0.00576210021972656 -0.045074462890625 -0.522186279296875
0.034454345703125 0.0104026794433594 -0.2227783203125 -0.678466796875
0.0133171081542969 0.0183486938476562 -0.34796142578125 -0.697998046875
-0.0149002075195313 0.03912353515625 -0.2799072265625 -0.69049072265625
0.00710201263427735 0.0153284072875977 -0.20074462890625 -0.470550537109375
0.00501441955566406 -0.00917148590087891 -0.09869384765625 -0.113426208496094
-0.0085453987121582 -0.000402927398681639 0.1640625 0.09405517578125
-0.0140304565429688 0.0176715850830078 0.2333984375 0.4407958984375
0.0048675537109375 0.0275821685791016 0.38592529296875 0.58734130859375
-0.00254249572753906 0.0201873779296875 0.37274169921875 0.6492919921875
0.00287914276123047 0.00772428512573242 0.184814453125 0.5963134765625
0.00185537338256836 -0.00228142738342285 0.07244873046875 0.53240966796875
0.00575447082519531 0.0215187072753906 0.039276123046875 0.334625244140625
0.00174140930175781 0.0136442184448242 0.0171661376953125 0.0713043212890625
-0.000365257263183593 0.00452280044555664 -0.007110595703125 -0.25860595703125
0.0178852081298828 0.00610160827636719 -0.059173583984375 -0.521514892578125
0.0179805755615234 0.0093994140625 -0.243896484375 -0.6669921875
0.00719881057739258 0.00232219696044922 -0.37188720703125 -0.68157958984375
0.00313568115234375 0.0320587158203125 -0.29766845703125 -0.68231201171875
0.0225582122802734 0.0333595275878906 -0.20611572265625 -0.462127685546875
-0.00210952758789063 0.0125293731689453 -0.0948486328125 -0.113426208496094
-0.0283718109130859 0.0187301635742188 0.160186767578125 0.0995025634765625
-0.0087890625 0.044952392578125 0.22259521484375 0.44744873046875
0.0270786285400391 0.03466796875 0.36407470703125 0.60284423828125
0.00873565673828125 0.00292348861694336 0.35064697265625 0.6658935546875
-0.00872087478637695 -0.00742101669311524 0.1693115234375 0.6068115234375
-0.0167932510375977 0.00146293640136718 0.0631103515625 0.532684326171875
-0.00722503662109375 0.0371551513671875 0.04180908203125 0.327178955078125
-0.00548553466796875 0.028778076171875 0.020294189453125 0.0571212768554688
-0.00843238830566407 0.0179576873779297 -0.0113067626953125 -0.269775390625
0.000861167907714844 0.013493537902832 -0.076080322265625 -0.525054931640625
0.00367188453674316 0.0034339427947998 -0.26678466796875 -0.65594482421875
0.00548171997070313 -0.0131044387817383 -0.39166259765625 -0.66595458984375
0.0211830139160156 0.0247802734375 -0.32098388671875 -0.66790771484375
0.037750244140625 0.0476417541503906 -0.21405029296875 -0.45318603515625
-0.00872421264648438 0.0366439819335938 -0.0955810546875 -0.105087280273437
-0.0398139953613281 0.0384445190429687 0.153335571289062 0.109710693359375
-0.000144958496093747 0.0664596557617188 0.211700439453125 0.4508056640625
0.0467681884765625 0.03118896484375 0.33941650390625 0.6165771484375
0.0121870040893555 -0.0153369903564453 0.323486328125 0.68865966796875
-0.0179290771484375 -0.0229110717773437 0.1573486328125 0.62017822265625
-0.0349197387695313 0.00283432006835937 0.0621337890624999 0.527984619140625
-0.0156173706054687 0.0438575744628906 0.04296875 0.308624267578125
-0.0111465454101563 0.0357551574707031 0.0249061584472656 0.0380630493164063
-0.01800537109375 0.0248756408691406 -0.015594482421875 -0.28387451171875
-0.0123310089111328 0.0157155990600586 -0.087066650390625 -0.534423828125
-0.0118646621704102 -0.00739574432373047 -0.28271484375 -0.651611328125
0.00110816955566407 -0.0294437408447266 -0.409912109375 -0.6453857421875
0.0383491516113281 0.0179405212402344 -0.3397216796875 -0.6527099609375
0.0505142211914063 0.0630569458007813 -0.224395751953125 -0.44195556640625
-0.0172271728515625 0.0544586181640625 -0.0993499755859375 -0.0963973999023437
-0.0475425720214844 0.0504913330078125 0.147811889648438 0.120223999023438
0.0107650756835937 0.0731124877929688 0.198699951171875 0.456939697265625
0.0566940307617188 0.0220375061035156 0.31817626953125 0.6346435546875
0.0112419128417969 -0.0321388244628906 0.3062744140625 0.7156982421875
-0.0253753662109375 -0.0297641754150391 0.1529541015625 0.63330078125
-0.0442276000976563 -0.00125503540039063 0.067108154296875 0.520233154296875
-0.0220069885253906 0.0455513000488281 0.048431396484375 0.287109375
-0.013214111328125 0.0356483459472656 0.0288066864013672 0.0155429840087891
-0.0263118743896484 0.0252399444580078 -0.01507568359375 -0.30401611328125
-0.0232086181640625 0.0100631713867188 -0.08905029296875 -0.543426513671875
-0.0166168212890625 -0.0185928344726563 -0.28759765625 -0.64398193359375
0.00394058227539063 -0.0474967956542969 -0.41876220703125 -0.62939453125
0.0554428100585938 0.0157546997070313 -0.3515625 -0.638916015625
0.0595321655273438 0.076873779296875 -0.231964111328125 -0.4298095703125
-0.0290069580078125 0.0687675476074219 -0.106391906738281 -0.0839691162109375
0.0256881713867188 -0.063934326171875 0.129234313964844 0.101280212402344
-0.0509567260742187 -0.0532951354980469 0.226806640625 0.421539306640625
-0.0563087463378906 0.0283470153808594 0.39593505859375 0.57421875
-0.00518035888671874 0.0536956787109375 0.4268798828125 0.64605712890625
0.0370712280273438 0.0141410827636719 0.2642822265625 0.58929443359375
0.0494384765625 -0.0477027893066406 0.150360107421875 0.50408935546875
0.0329017639160156 -0.0485267639160156 0.076416015625 0.302825927734375
0.0240821838378906 -0.0485382080078125 0.0222320556640625 0.0418014526367187
0.0337753295898438 -0.0608978271484375 0.00642395019531252 -0.28045654296875
0.06878662109375 -0.0311851501464844 -0.0109252929687501 -0.540496826171875
0.0554122924804688 0.0146255493164063 -0.17864990234375 -0.68341064453125
0.001708984375 0.0336017608642578 -0.3114013671875 -0.684326171875
-0.0528755187988281 0.0163383483886719 -0.26092529296875 -0.6724853515625
-0.002044677734375 -0.0379714965820313 -0.20123291015625 -0.4578857421875
0.0279922485351563 -0.0457267761230469 -0.126220703125 -0.0895156860351563
0.0273170471191406 -0.0541458129882813 0.14068603515625 0.09234619140625
-0.0441703796386719 -0.0480003356933594 0.2352294921875 0.4161376953125
-0.05029296875 0.0238990783691406 0.4034423828125 0.56353759765625
-0.0144500732421875 0.0555915832519531 0.42523193359375 0.6341552734375
0.0308418273925781 0.0215225219726563 0.2535400390625 0.58380126953125
0.0477447509765625 -0.0291023254394531 0.139068603515625 0.51373291015625
0.0321445465087891 -0.033233642578125 0.066192626953125 0.3226318359375
0.0213508605957031 -0.0361595153808594 0.0236320495605469 0.0596275329589844
0.0299720764160156 -0.0498542785644531 3.0517578125001E-05 -0.266311645507813
0.0603523254394531 -0.0286445617675781 -0.0238037109374999 -0.53533935546875
0.0543060302734375 0.0152854919433594 -0.19287109375 -0.68426513671875
0.0100440979003906 0.0361900329589844 -0.31915283203125 -0.69775390625
-0.0482444763183594 0.0285491943359375 -0.2598876953125 -0.683837890625
-0.0059967041015625 -0.0233402252197266 -0.1951904296875 -0.462921142578125
0.0215911865234375 -0.0399436950683594 -0.113311767578125 -0.101020812988281
0.0232887268066406 -0.0397453308105469 0.151992797851563 0.0854644775390625
-0.0325698852539063 -0.0355644226074219 0.24090576171875 0.42279052734375
-0.0371360778808594 0.0214462280273437 0.408416748046875 0.561553955078125
-0.0150337219238281 0.0502777099609375 0.414794921875 0.62799072265625
0.0250816345214844 0.0225257873535156 0.23468017578125 0.57952880859375
0.0380210876464844 -0.0164413452148438 0.118896484375 0.523590087890625
0.0279388427734375 -0.0180740356445312 0.060516357421875 0.3311767578125
0.0139026641845703 -0.0177364349365234 0.0194778442382812 0.0744552612304688
0.0212478637695312 -0.0319309234619141 -0.00222778320312499 -0.25421142578125
0.0468711853027344 -0.018524169921875 -0.037506103515625 -0.523468017578125
0.045806884765625 0.0098114013671875 -0.2080078125 -0.6796875
0.0164661407470703 0.0265998840332031 -0.33441162109375 -0.69854736328125
-0.029937744140625 0.0382003784179688 -0.268310546875 -0.6905517578125
-0.00387096405029297 -0.00395488739013672 -0.19744873046875 -0.46697998046875
0.0121212005615234 -0.0271358489990234 -0.10467529296875 -0.110855102539063
0.00992012023925781 -0.0210647583007812 0.160446166992187 0.0861358642578125
-0.0235786437988281 -0.0122299194335937 0.2373046875 0.42694091796875
-0.0200843811035156 0.0250129699707031 0.40130615234375 0.56939697265625
-0.00649261474609375 0.0372085571289063 0.39923095703125 0.62908935546875
0.0120630264282227 0.0164890289306641 0.21307373046875 0.58099365234375
0.0224132537841797 -0.00659561157226563 0.095855712890625 0.52734375
0.0198574066162109 0.00329017639160156 0.048492431640625 0.334503173828125
0.00872945785522461 -0.000379562377929688 0.0203857421875 0.0752182006835938
0.00875091552734375 -0.0171909332275391 -0.00865173339843752 -0.251800537109375
0.0328006744384766 -0.00464248657226563 -0.0491943359375 -0.518310546875
0.0314903259277344 0.0109214782714844 -0.2288818359375 -0.6702880859375
0.0126562118530273 0.0158052444458008 -0.35687255859375 -0.6881103515625
-0.0138893127441406 0.0395889282226562 -0.2862548828125 -0.68328857421875
0.00763130187988281 0.0143375396728516 -0.200408935546875 -0.462738037109375
0.00367355346679688 -0.00913524627685547 -0.0982208251953125 -0.114761352539063
-0.0100107192993164 -0.000156402587890625 0.160995483398437 0.0897064208984375
-0.0165023803710938 0.0200042724609375 0.233306884765625 0.4361572265625
0.00225257873535157 0.0283241271972656 0.39013671875 0.57781982421875
0.00162887573242188 0.0213146209716797 0.376220703125 0.6375732421875
0.00292396545410156 0.00550603866577148 0.18829345703125 0.589111328125
0.00305008888244629 -0.00394225120544434 0.07666015625 0.5306396484375
0.00551223754882812 0.0185317993164063 0.0472412109375 0.332733154296875
0.00122928619384766 0.0141878128051758 0.023468017578125 0.0692138671875
0.00314497947692871 0.0025029182434082 -0.010498046875 -0.2576904296875
0.0169544219970703 0.0052032470703125 -0.06378173828125 -0.515960693359375
0.0151519775390625 0.00731277465820313 -0.2528076171875 -0.66009521484375
0.0106935501098633 0.00624275207519531 -0.373046875 -0.674560546875
0.00322723388671875 0.0317535400390625 -0.305908203125 -0.67218017578125
0.0248813629150391 0.0324687957763672 -0.208648681640625 -0.459136962890625
-0.00197887420654297 0.0121517181396484 -0.0939788818359375 -0.110794067382812
-0.0288829803466797 0.0211410522460937 0.16168212890625 0.100479125976563
-0.00835037231445313 0.0436058044433594 0.2254638671875 0.4410400390625
0.0256195068359375 0.0357170104980469 0.3697509765625 0.5943603515625
0.00864267349243164 0.0037388801574707 0.35345458984375 0.6575927734375
-0.00678730010986328 -0.00860309600830078 0.17462158203125 0.60064697265625
-0.0174922943115234 0.00112533569335937 0.06793212890625 0.52996826171875
-0.00916862487792969 0.0338325500488281 0.045867919921875 0.32415771484375
-0.00448799133300781 0.0254611968994141 0.0270500183105469 0.0571517944335938
-0.00978279113769531 0.0167360305786133 -0.0158538818359375 -0.268325805664063
7.62939453124964E-06 0.0143613815307617 -0.079498291015625 -0.522186279296875
0.00285601615905762 0.00101733207702637 -0.2724609375 -0.65386962890625
0.00401496887207031 -0.0103559494018555 -0.397705078125 -0.655517578125
0.0217304229736328 0.0249252319335938 -0.32720947265625 -0.66180419921875
0.0403327941894531 0.046142578125 -0.220306396484375 -0.4490966796875
-0.00841140747070313 0.0361099243164063 -0.0968399047851562 -0.106552124023437
-0.0407905578613281 0.0380706787109375 0.154830932617188 0.1055908203125
0.00081634521484375 0.0634536743164063 0.21533203125 0.44696044921875
0.0463104248046875 0.0318603515625 0.34515380859375 0.61163330078125
0.0104084014892578 -0.016230583190918 0.3280029296875 0.68035888671875
-0.0193557739257813 -0.0220603942871094 0.162353515625 0.6158447265625
-0.0338954925537109 0.000997543334960939 0.063232421875 0.527496337890625
-0.0159149169921875 0.0437850952148438 0.0458984375 0.3096923828125
-0.0107250213623047 0.0333061218261719 0.0270195007324219 0.0370941162109375
-0.0174217224121094 0.0280017852783203 -0.020477294921875 -0.2821044921875
-0.0139560699462891 0.0164070129394531 -0.091217041015625 -0.53253173828125
-0.0108547210693359 -0.00720882415771484 -0.28955078125 -0.64398193359375
-6.675720214844E-05 -0.0271701812744141 -0.41650390625 -0.63873291015625
0.0392837524414062 0.0181655883789062 -0.34490966796875 -0.6451416015625
0.053070068359375 0.0579452514648437 -0.226593017578125 -0.43829345703125
-0.0159645080566406 0.0530738830566406 -0.100265502929688 -0.0929946899414063
-0.0458259582519531 0.0529708862304688 0.145278930664063 0.115524291992188
0.0125503540039063 0.070465087890625 0.202911376953125 0.451416015625
0.0546913146972656 0.0216407775878906 0.3238525390625 0.62353515625
0.00842094421386719 -0.0302009582519531 0.309326171875 0.7066650390625
-0.0254783630371094 -0.0296173095703125 0.15673828125 0.62847900390625
-0.045928955078125 0.0011444091796875 0.0717468261718749 0.517120361328125
-0.0207595825195312 0.0452346801757813 0.052001953125 0.285736083984375
-0.0134792327880859 0.0341758728027344 0.0269432067871094 0.0150775909423828
-0.0264606475830078 0.0274734497070312 -0.02044677734375 -0.302276611328125
-0.0263805389404297 0.011016845703125 -0.0941162109375 -0.5394287109375
-0.0187225341796875 -0.0216484069824219 -0.29229736328125 -0.63720703125
0.00321197509765625 -0.0428123474121094 -0.42236328125 -0.6180419921875
0.0545463562011719 0.0130500793457031 -0.35540771484375 -0.63006591796875
0.06103515625 0.0751190185546875 -0.233367919921875 -0.427276611328125
-0.0255851745605469 0.0661888122558594 -0.106842041015625 -0.0857009887695312
0.0239715576171875 -0.0632820129394531 0.128280639648438 0.099853515625
-0.0510520935058594 -0.0508537292480469 0.228057861328125 0.4141845703125
-0.0552597045898437 0.02606201171875 0.3983154296875 0.564697265625
-0.00709152221679688 0.0555458068847656 0.42755126953125 0.63616943359375
0.0369033813476563 0.0126800537109375 0.26806640625 0.58526611328125
0.0501022338867187 -0.0487136840820312 0.152618408203125 0.501190185546875
0.0314559936523438 -0.0509071350097656 0.07672119140625 0.30230712890625
0.0232810974121094 -0.0448379516601562 0.024169921875 0.04052734375
0.035552978515625 -0.0585594177246094 0.00102233886718753 -0.2803955078125
0.0681610107421875 -0.0317192077636719 -0.01580810546875 -0.538055419921875
0.0547637939453125 0.01348876953125 -0.183349609375 -0.6763916015625
0.00267410278320312 0.0320663452148438 -0.31622314453125 -0.67681884765625
-0.0538520812988281 0.0182266235351563 -0.265380859375 -0.66534423828125
-0.00387954711914063 -0.0394325256347656 -0.20135498046875 -0.450164794921875
0.0283203125 -0.0465660095214844 -0.127723693847656 -0.0900344848632813
0.0268058776855469 -0.0552330017089844 0.140792846679688 0.090606689453125
-0.0426864624023437 -0.0478019714355469 0.234832763671875 0.414031982421875
-0.0511665344238281 0.022857666015625 0.40460205078125 0.554473876953125
-0.0109443664550781 0.0562782287597656 0.425537109375 0.623779296875
0.0327854156494141 0.0209579467773438 0.25567626953125 0.57781982421875
0.0472526550292969 -0.0329513549804688 0.13873291015625 0.510223388671875
0.0318622589111328 -0.0347232818603516 0.0716552734375 0.317596435546875
0.0198612213134766 -0.0337238311767578 0.0238037109375 0.0571670532226563
0.0298004150390625 -0.0464859008789063 -0.00343322753906253 -0.263946533203125
0.0593910217285156 -0.0278663635253906 -0.02801513671875 -0.53070068359375
0.0554084777832031 0.0127029418945313 -0.19854736328125 -0.67877197265625
0.0085601806640625 0.0323238372802734 -0.32208251953125 -0.68914794921875
-0.043365478515625 0.0296783447265625 -0.26312255859375 -0.67694091796875
-0.00532913208007813 -0.0225734710693359 -0.20111083984375 -0.458740234375
0.02227783203125 -0.0419769287109375 -0.113212585449219 -0.100227355957031
0.01971435546875 -0.0407524108886719 0.152008056640625 0.0861358642578125
-0.0322303771972656 -0.0350131988525391 0.242828369140625 0.4163818359375
-0.0386695861816406 0.0217933654785156 0.408355712890625 0.553924560546875
-0.0113716125488281 0.0501976013183594 0.416748046875 0.616943359375
0.0241336822509766 0.0240974426269531 0.23907470703125 0.5743408203125
0.0389022827148438 -0.017547607421875 0.122772216796875 0.51947021484375
0.0273323059082031 -0.0145988464355469 0.06353759765625 0.331298828125
0.0151081085205078 -0.0198898315429688 0.0213851928710937 0.0742340087890625
0.0213832855224609 -0.0299968719482422 -0.00695800781250002 -0.254226684570313
0.0469970703125 -0.019134521484375 -0.04119873046875 -0.52093505859375
0.0458183288574219 0.00922393798828125 -0.2161865234375 -0.67236328125
0.0149421691894531 0.0261707305908203 -0.3416748046875 -0.68829345703125
-0.0276832580566406 0.0362930297851563 -0.2713623046875 -0.68206787109375
-0.00327730178833008 -0.00493383407592773 -0.20111083984375 -0.462127685546875
0.0118331909179688 -0.0269126892089844 -0.102043151855469 -0.107292175292969
0.00717926025390625 -0.0219955444335938 0.160598754882813 0.0849761962890625
-0.0234851837158203 -0.0120468139648438 0.24176025390625 0.420257568359375
-0.0188198089599609 0.0243148803710937 0.404052734375 0.56121826171875
-0.00612640380859375 0.0366439819335938 0.404052734375 0.61895751953125
0.0125656127929688 0.0185222625732422 0.21624755859375 0.57452392578125
0.0222072601318359 -0.00649070739746094 0.100555419921875 0.524383544921875
0.0171003341674805 0.00192832946777344 0.052703857421875 0.33514404296875
0.00958919525146484 -0.000260353088378906 0.021148681640625 0.0732650756835938
0.00958538055419922 -0.0130271911621094 -0.00962829589843748 -0.251937866210938
0.0304317474365234 -0.00506782531738281 -0.053466796875 -0.5140380859375
0.0336017608642578 0.010223388671875 -0.235107421875 -0.66387939453125
0.0143680572509766 0.0180931091308594 -0.3597412109375 -0.678466796875
-0.011474609375 0.0358200073242188 -0.2877197265625 -0.675537109375
0.00856685638427734 0.0125322341918945 -0.204681396484375 -0.461029052734375
0.00560140609741211 -0.00728225708007813 -0.10028076171875 -0.112960815429688
-0.00856208801269531 -0.00144433975219727 0.164291381835938 0.087127685546875
-0.0152549743652344 0.01715087890625 0.236419677734375 0.43133544921875
0.00465202331542969 0.0300674438476563 0.38861083984375 0.57269287109375
0.00060844421386719 0.0231876373291016 0.3798828125 0.6290283203125
0.00416660308837891 0.00664663314819336 0.1915283203125 0.58203125
0.00232481956481934 -0.00111007690429688 0.08062744140625 0.525115966796875
0.00723075866699219 0.0200176239013672 0.048126220703125 0.333984375
0.00198650360107422 0.015772819519043 0.0208892822265625 0.0673255920410156
0.0012199878692627 0.00407814979553223 -0.013916015625 -0.253021240234375
0.0157318115234375 0.00608253479003906 -0.069366455078125 -0.512359619140625
0.0178623199462891 0.00922584533691406 -0.25494384765625 -0.6533203125
0.0105009078979492 0.00490760803222656 -0.38189697265625 -0.665283203125
0.00600433349609375 0.0314598083496094 -0.306640625 -0.666015625
0.0232295989990234 0.031005859375 -0.213531494140625 -0.45416259765625
-0.00236320495605469 0.0126361846923828 -0.0967025756835938 -0.110160827636719
-0.0314311981201172 0.0192451477050781 0.163101196289062 0.0922698974609375
-0.0073394775390625 0.0428657531738281 0.228729248046875 0.434722900390625
0.0269393920898437 0.0352821350097656 0.37152099609375 0.5885009765625
0.00907707214355469 0.00601100921630859 0.35504150390625 0.64923095703125
-0.00838518142700195 -0.00821065902709961 0.17401123046875 0.5936279296875
-0.0166358947753906 0.00180149078369141 0.074981689453125 0.52606201171875
-0.00545501708984375 0.0369644165039063 0.046112060546875 0.319671630859375
-0.00400733947753906 0.0271034240722656 0.0253410339355469 0.0554580688476563
-0.00859260559082031 0.0194606781005859 -0.017059326171875 -0.26495361328125
0.00284671783447266 0.0136680603027344 -0.084228515625 -0.515777587890625
0.00426936149597168 0.00407099723815918 -0.277099609375 -0.64404296875
0.00499057769775391 -0.0125961303710938 -0.402587890625 -0.6494140625
0.0230865478515625 0.0259113311767578 -0.3302001953125 -0.65301513671875
0.0395660400390625 0.0463333129882813 -0.221710205078125 -0.446014404296875
-0.00739669799804688 0.0361137390136719 -0.0955429077148437 -0.106910705566406
-0.0428276062011719 0.0379562377929688 0.157196044921875 0.101272583007812
-0.000797271728515627 0.0636329650878906 0.216766357421875 0.44329833984375
0.0471115112304688 0.0323600769042969 0.34722900390625 0.60211181640625
0.0125398635864258 -0.0150222778320312 0.33111572265625 0.671875
-0.020172119140625 -0.0222377777099609 0.1640625 0.60858154296875
-0.0352287292480469 0.002197265625 0.070953369140625 0.521331787109375
-0.0153160095214844 0.0435600280761719 0.050750732421875 0.30474853515625
-0.00831031799316406 0.0349178314208984 0.0264358520507813 0.0352973937988281
-0.016876220703125 0.0283050537109375 -0.021453857421875 -0.2813720703125
-0.0130805969238281 0.0159320831298828 -0.095489501953125 -0.525115966796875
-0.00988483428955078 -0.0065317153930664 -0.29132080078125 -0.6370849609375
0.00109481811523437 -0.0278701782226563 -0.4171142578125 -0.6298828125
0.0414886474609375 0.0165328979492188 -0.3458251953125 -0.6368408203125
0.0524673461914062 0.0590095520019531 -0.23028564453125 -0.434478759765625
-0.0172157287597656 0.0534172058105469 -0.098724365234375 -0.0928268432617188
-0.0455131530761719 0.0498886108398438 0.144989013671875 0.113418579101562
0.0108108520507813 0.0707473754882813 0.20123291015625 0.446258544921875
0.055938720703125 0.0207061767578125 0.32635498046875 0.6204833984375
0.00847625732421875 -0.032562255859375 0.31121826171875 0.69580078125
-0.0285739898681641 -0.0315570831298828 0.16314697265625 0.619873046875
-0.0444831848144531 0.00151062011718749 0.0745239257812499 0.51544189453125
-0.020904541015625 0.0432243347167969 0.053314208984375 0.282135009765625
-0.0121021270751953 0.0343685150146484 0.0291347503662109 0.0138893127441406
-0.0251598358154297 0.027862548828125 -0.023193359375 -0.2998046875
-0.0262775421142578 0.0111103057861328 -0.098236083984375 -0.5345458984375
-0.0195484161376953 -0.0193347930908203 -0.2960205078125 -0.63031005859375
0.001922607421875 -0.0439834594726563 -0.424560546875 -0.61236572265625
0.0575904846191406 0.0123062133789063 -0.35992431640625 -0.6217041015625
0.0613250732421875 0.0725021362304688 -0.236602783203125 -0.422882080078125
-0.0254173278808594 0.0648612976074219 -0.108207702636719 -0.083404541015625
0.0231971740722656 -0.0636672973632813 0.129600524902344 0.0974197387695312
-0.0533332824707031 -0.0507316589355469 0.229156494140625 0.411712646484375
-0.0555839538574219 0.0271072387695312 0.398284912109375 0.55950927734375
-0.00759887695312501 0.053985595703125 0.42852783203125 0.628173828125
0.0376663208007813 0.0113296508789063 0.26849365234375 0.577880859375
0.0481643676757813 -0.0477714538574219 0.15643310546875 0.4967041015625
0.0315399169921875 -0.0486869812011719 0.079071044921875 0.296661376953125
0.0242233276367188 -0.0459442138671875 0.0255813598632813 0.0403633117675781
0.0339508056640625 -0.0598602294921875 0.000595092773437505 -0.279098510742188
0.06640625 -0.0328330993652344 -0.018402099609375 -0.533355712890625
0.0560569763183594 0.0118370056152344 -0.1873779296875 -0.66888427734375
0.00155258178710938 0.0337944030761719 -0.31878662109375 -0.66748046875
-0.0520515441894531 0.0186271667480469 -0.26837158203125 -0.65740966796875
-0.00398635864257813 -0.0398483276367187 -0.20697021484375 -0.446075439453125
0.0271034240722656 -0.0476646423339844 -0.127273559570312 -0.0883026123046875
0.0232696533203125 -0.0547981262207031 0.141357421875 0.0878143310546875
-0.0448989868164063 -0.0487289428710937 0.23870849609375 0.40887451171875
-0.0514106750488281 0.0244140625 0.404083251953125 0.54913330078125
-0.0119667053222656 0.05548095703125 0.42620849609375 0.61328125
0.0335788726806641 0.0198783874511719 0.25592041015625 0.571533203125
0.0465278625488281 -0.0325813293457031 0.142333984375 0.506195068359375
0.0317306518554688 -0.035308837890625 0.072021484375 0.31622314453125
0.019683837890625 -0.0331363677978516 0.0227279663085938 0.0590095520019531
0.0277099609375 -0.0481338500976562 -0.00405883789062499 -0.260757446289063
0.0590095520019531 -0.0273361206054688 -0.030242919921875 -0.52392578125
0.053466796875 0.0117988586425781 -0.19854736328125 -0.67041015625
0.00907516479492187 0.0340690612792969 -0.32611083984375 -0.67926025390625
-0.0433921813964844 0.0306816101074219 -0.2645263671875 -0.6676025390625
-0.00597763061523438 -0.0235824584960938 -0.2001953125 -0.45404052734375
0.0198287963867188 -0.0414314270019531 -0.113754272460938 -0.0999374389648438
0.0189399719238281 -0.0397109985351563 0.151596069335938 0.08251953125
-0.0332069396972656 -0.0373344421386719 0.24407958984375 0.411865234375
-0.0388069152832031 0.0224876403808594 0.408172607421875 0.546478271484375
-0.0126190185546875 0.0498733520507813 0.41845703125 0.60736083984375
0.0238723754882813 0.0236854553222656 0.23797607421875 0.5689697265625
0.0389862060546875 -0.0191993713378906 0.125457763671875 0.51416015625
0.0275764465332031 -0.0159282684326172 0.06494140625 0.3282470703125
0.0154323577880859 -0.0184879302978516 0.0215492248535156 0.0698776245117188
0.0193004608154297 -0.0322418212890625 -0.00967407226562501 -0.25250244140625
0.0469703674316406 -0.0180854797363281 -0.04443359375 -0.51446533203125
0.0460395812988281 0.010284423828125 -0.21923828125 -0.66497802734375
0.0145339965820312 0.0267734527587891 -0.34307861328125 -0.6817626953125
-0.0290641784667969 0.03759765625 -0.274169921875 -0.67388916015625
-0.00171613693237305 -0.00599288940429688 -0.2017822265625 -0.457305908203125
0.0113277435302734 -0.0280742645263672 -0.103439331054688 -0.105903625488281
0.00690650939941406 -0.0227298736572266 0.159210205078125 0.081207275390625
-0.0234928131103516 -0.0120811462402344 0.242218017578125 0.418914794921875
-0.0186767578125 0.0247879028320313 0.404296875 0.553253173828125
-0.00885009765625 0.0383148193359375 0.40234375 0.6104736328125
0.0134544372558594 0.0165729522705078 0.21673583984375 0.5692138671875
0.0230846405029297 -0.0090179443359375 0.102630615234375 0.5196533203125
0.0185489654541016 0.00322723388671875 0.054779052734375 0.333038330078125
0.00930500030517578 0.000562667846679688 0.0215835571289062 0.0738143920898438
0.00980472564697266 -0.0131959915161133 -0.011688232421875 -0.249725341796875
0.0315532684326172 -0.00699424743652344 -0.057373046875 -0.510284423828125
0.0328426361083984 0.00908088684082031 -0.23590087890625 -0.65509033203125
0.0139369964599609 0.0174674987792969 -0.3607177734375 -0.6712646484375
-0.0113983154296875 0.0365219116210938 -0.2904052734375 -0.67034912109375
0.00935077667236328 0.0130672454833984 -0.208587646484375 -0.454620361328125
0.00322437286376953 -0.00879192352294922 -0.0980148315429688 -0.110542297363281
-0.0109395980834961 -0.000403404235839842 0.162643432617188 0.08380126953125
-0.0166664123535156 0.0175838470458984 0.238372802734375 0.42547607421875
0.00438880920410156 0.0303955078125 0.38958740234375 0.565673828125
0.000574111938476561 0.0225715637207031 0.38128662109375 0.62005615234375
0.00446414947509766 0.00468635559082031 0.1937255859375 0.5758056640625
0.00313949584960937 -0.00184440612792969 0.08551025390625 0.522064208984375
0.007598876953125 0.0203876495361328 0.048431396484375 0.330474853515625
0.00346088409423828 0.0151548385620117 0.0233650207519531 0.0684471130371094
0.00127005577087402 0.00362682342529297 -0.0154571533203125 -0.252777099609375
0.0156335830688477 0.00475883483886719 -0.072113037109375 -0.50811767578125
0.0182590484619141 0.00608444213867188 -0.2579345703125 -0.64508056640625
0.00955772399902344 0.00311279296875 -0.38299560546875 -0.65557861328125
0.00621604919433593 0.0319328308105469 -0.31097412109375 -0.65972900390625
0.0234012603759766 0.0293750762939453 -0.21484375 -0.449951171875
-0.00229454040527344 0.0115251541137695 -0.0975570678710938 -0.11083984375
-0.0293426513671875 0.0228748321533203 0.161117553710937 0.0906524658203125
-0.00828170776367187 0.0433311462402344 0.229949951171875 0.432891845703125
0.0267906188964844 0.0347633361816406 0.37298583984375 0.578857421875
0.0072636604309082 0.00337791442871094 0.35662841796875 0.64080810546875
-0.00791454315185547 -0.00962066650390625 0.1766357421875 0.587158203125
-0.0172023773193359 0.00150489807128906 0.075897216796875 0.522857666015625
-0.00420570373535157 0.0342369079589844 0.048126220703125 0.31866455078125
-0.00283622741699219 0.0268287658691406 0.0248069763183594 0.0557098388671875
-0.00833892822265625 0.0177879333496094 -0.02069091796875 -0.263031005859375
0.000527381896972656 0.0128927230834961 -0.086669921875 -0.51153564453125
0.00326323509216309 0.00236678123474121 -0.279052734375 -0.63525390625
0.00249862670898438 -0.01080322265625 -0.40216064453125 -0.6396484375
0.0242710113525391 0.0239658355712891 -0.33233642578125 -0.64501953125
0.0403785705566406 0.0436515808105469 -0.222686767578125 -0.4395751953125
-0.00864219665527344 0.0329704284667969 -0.0965042114257813 -0.103813171386719
-0.0418052673339844 0.03900146484375 0.153839111328125 0.100173950195313
0.00154495239257812 0.0633468627929688 0.218048095703125 0.439666748046875
0.0467796325683594 0.0303153991699219 0.3487548828125 0.59576416015625
0.0110807418823242 -0.0157480239868164 0.3319091796875 0.66412353515625
-0.0198917388916016 -0.0229835510253906 0.16717529296875 0.60302734375
-0.0336265563964844 0.00192642211914062 0.072418212890625 0.5194091796875
-0.0136222839355469 0.0433006286621094 0.050567626953125 0.30230712890625
-0.00768852233886719 0.0348701477050781 0.0265350341796875 0.0354042053222656
-0.0157203674316406 0.0277900695800781 -0.02423095703125 -0.27862548828125
-0.0130271911621094 0.0146541595458984 -0.098114013671875 -0.520263671875
-0.0107851028442383 -0.00756359100341797 -0.29339599609375 -0.62774658203125
0.000694274902343751 -0.0278129577636719 -0.41876220703125 -0.6201171875
0.0408744812011719 0.0167465209960938 -0.348876953125 -0.62884521484375
0.0542755126953125 0.0571784973144531 -0.234222412109375 -0.42864990234375
-0.0163002014160156 0.0518569946289062 -0.0996170043945312 -0.0948562622070313
-0.0463752746582031 0.0522041320800781 0.145416259765625 0.109298706054688
0.0113334655761719 0.0691795349121094 0.205535888671875 0.444122314453125
0.055450439453125 0.0205268859863281 0.3258056640625 0.61248779296875
0.00833320617675781 -0.0306339263916016 0.3131103515625 0.6890869140625
-0.0299911499023437 -0.0334568023681641 0.16290283203125 0.616943359375
-0.0453109741210938 0.00144195556640625 0.076507568359375 0.51043701171875
-0.0190582275390625 0.0448455810546875 0.05474853515625 0.280364990234375
-0.0114192962646484 0.035064697265625 0.0318317413330078 0.0132331848144531
-0.0245246887207031 0.0282382965087891 -0.026275634765625 -0.299285888671875
-0.0254745483398438 0.0121269226074219 -0.10113525390625 -0.528106689453125
-0.0202522277832031 -0.0198020935058594 -0.29803466796875 -0.62164306640625
0.00217819213867188 -0.0432624816894531 -0.42608642578125 -0.60272216796875
0.05633544921875 0.0122261047363281 -0.36273193359375 -0.61151123046875
0.0612869262695313 0.0699424743652344 -0.238433837890625 -0.417877197265625
-0.0261154174804688 0.065460205078125 -0.106552124023438 -0.0803146362304687
0.0214347839355469 -0.0632209777832031 0.128585815429688 0.0951995849609375
-0.0547943115234375 -0.0515403747558594 0.230072021484375 0.407440185546875
-0.0545539855957031 0.027008056640625 0.396026611328125 0.551116943359375
-0.00654983520507812 0.054718017578125 0.4283447265625 0.6202392578125
0.0379142761230469 0.0112762451171875 0.27020263671875 0.57098388671875
0.0472564697265625 -0.0474052429199219 0.156707763671875 0.492950439453125
0.0313835144042969 -0.0488433837890625 0.0792236328125 0.295257568359375
0.0231857299804688 -0.045684814453125 0.0264244079589844 0.0401535034179687
0.0339012145996094 -0.0590248107910156 -0.00177001953125001 -0.277114868164063
0.0647926330566406 -0.0322189331054688 -0.021087646484375 -0.529693603515625
0.0543174743652344 0.0105552673339844 -0.1898193359375 -0.6632080078125
0.00299835205078125 0.0329074859619141 -0.31988525390625 -0.6611328125
-0.0518112182617188 0.0183372497558594 -0.26861572265625 -0.651611328125
-0.00497817993164062 -0.0405998229980469 -0.207122802734375 -0.44232177734375
0.0271797180175781 -0.0488777160644531 -0.127212524414063 -0.0872802734375
0.0244026184082031 -0.0547637939453125 0.139610290527344 0.0852432250976563
-0.0452346801757813 -0.0472679138183594 0.2386474609375 0.404632568359375
-0.0517387390136719 0.0250625610351563 0.403564453125 0.5419921875
-0.0123100280761719 0.056640625 0.42657470703125 0.606201171875
0.0328750610351563 0.0204124450683594 0.256591796875 0.56451416015625
0.0467453002929687 -0.0329818725585938 0.14501953125 0.501220703125
0.0307693481445313 -0.0353126525878906 0.07366943359375 0.31280517578125
0.0213642120361328 -0.0342826843261719 0.0229682922363281 0.056427001953125
0.0277824401855469 -0.0466117858886719 -0.00651550292968748 -0.259597778320313
0.0582656860351563 -0.0270347595214844 -0.03143310546875 -0.52081298828125
0.0521621704101563 0.0122451782226563 -0.2022705078125 -0.6640625
0.0104312896728516 0.0331382751464844 -0.32757568359375 -0.673583984375
-0.0447731018066406 0.0317955017089844 -0.265625 -0.66253662109375
-0.0068359375 -0.02618408203125 -0.20245361328125 -0.449920654296875
0.019073486328125 -0.041168212890625 -0.114288330078125 -0.0973892211914063
0.018463134765625 -0.0418052673339844 0.151275634765625 0.0789794921875
-0.0337905883789062 -0.0344982147216797 0.243804931640625 0.406768798828125
-0.038177490234375 0.0222091674804687 0.40802001953125 0.5399169921875
-0.0123023986816406 0.0497970581054687 0.417724609375 0.5987548828125
0.0247097015380859 0.0208740234375 0.240081787109375 0.5621337890625
0.0371971130371094 -0.0211257934570312 0.125823974609375 0.5084228515625
0.0268955230712891 -0.0168514251708984 0.06500244140625 0.326416015625
0.0156440734863281 -0.0176448822021484 0.0207710266113281 0.0689353942871094
0.0191764831542969 -0.0312347412109375 -0.0117950439453125 -0.249542236328125
0.0459251403808594 -0.0183830261230469 -0.0457763671875 -0.511474609375
0.0451126098632813 0.00938796997070313 -0.21875 -0.65869140625
0.0137825012207031 0.0274124145507813 -0.34405517578125 -0.67120361328125
-0.0281333923339844 0.0359649658203125 -0.27630615234375 -0.666748046875
-0.00233602523803711 -0.00732231140136719 -0.201812744140625 -0.45263671875
0.0111846923828125 -0.0275726318359375 -0.104995727539063 -0.10467529296875
0.00710296630859375 -0.0218982696533203 0.158538818359375 0.0796966552734375
-0.0238208770751953 -0.0119819641113281 0.24261474609375 0.414459228515625
-0.0188484191894531 0.0252456665039063 0.403533935546875 0.547210693359375
-0.00725936889648437 0.0378074645996094 0.40216064453125 0.60302734375
0.015345573425293 0.0170221328735352 0.217742919921875 0.5621337890625
0.0221271514892578 -0.00879096984863281 0.103485107421875 0.514984130859375
0.0195407867431641 -0.000120162963867187 0.05572509765625 0.32977294921875
0.00998687744140625 -0.00122928619384766 0.0213165283203125 0.0731201171875
0.0103721618652344 -0.0128965377807617 -0.0132598876953125 -0.246490478515625
0.0321273803710938 -0.00612068176269531 -0.057586669921875 -0.505523681640625
0.0332489013671875 0.00909805297851563 -0.23858642578125 -0.647705078125
0.0133724212646484 0.0167522430419922 -0.3614501953125 -0.6630859375
-0.0111312866210938 0.0370025634765625 -0.28936767578125 -0.661865234375
0.00944042205810547 0.0117626190185547 -0.209014892578125 -0.451385498046875
0.00405406951904297 -0.0104532241821289 -0.0992889404296875 -0.109992980957031
-0.0123023986816406 -0.00191974639892578 0.163467407226563 0.082427978515625
-0.016444206237793 0.0169715881347656 0.235931396484375 0.422760009765625
0.00457572937011719 0.0306835174560547 0.39007568359375 0.561187744140625
0.00105476379394531 0.0214729309082031 0.37884521484375 0.612548828125
0.00278568267822266 0.00505495071411133 0.19384765625 0.5699462890625
0.0019456148147583 -0.00139749050140381 0.0881958007812501 0.519866943359375
0.00746345520019531 0.0191268920898438 0.050689697265625 0.3270263671875
0.00365924835205078 0.0136270523071289 0.0238685607910156 0.0670433044433594
0.00141620635986328 0.00466680526733398 -0.01739501953125 -0.248855590820313
0.016118049621582 0.00567436218261719 -0.073272705078125 -0.50274658203125
0.0174484252929688 0.00829124450683594 -0.26025390625 -0.6373291015625
0.0108175277709961 0.00415992736816406 -0.38262939453125 -0.648193359375
0.007049560546875 0.0317268371582031 -0.3114013671875 -0.6512451171875
0.0259304046630859 0.0286083221435547 -0.2164306640625 -0.4437255859375
-0.00311946868896484 0.0116205215454102 -0.09722900390625 -0.110023498535156
-0.0295982360839844 0.0220603942871094 0.161468505859375 0.0888214111328125
-0.00986099243164062 0.0434646606445313 0.230010986328125 0.430023193359375
0.0270576477050781 0.0329666137695313 0.37200927734375 0.573486328125
0.00829458236694336 0.00255632400512695 0.35736083984375 0.6317138671875
-0.0086064338684082 -0.00870323181152344 0.17626953125 0.5799560546875
-0.0167455673217773 0.00141811370849609 0.077545166015625 0.518341064453125
-0.00446510314941406 0.0342197418212891 0.049652099609375 0.317718505859375
-0.00361824035644531 0.0274753570556641 0.0256385803222656 0.0543212890625
-0.00817489624023438 0.0197486877441406 -0.021728515625 -0.2611083984375
0.000905036926269532 0.0144968032836914 -0.08831787109375 -0.5074462890625
0.00143933296203613 0.00305509567260742 -0.279052734375 -0.62884521484375
0.00468730926513672 -0.012202262878418 -0.40380859375 -0.631103515625
0.0234260559082031 0.0224800109863281 -0.3309326171875 -0.63763427734375
0.0410385131835938 0.0434837341308594 -0.22430419921875 -0.435150146484375
-0.00847816467285156 0.0336742401123047 -0.0962371826171875 -0.103256225585938
-0.0419769287109375 0.0396919250488281 0.15411376953125 0.097869873046875
0.000572204589843756 0.0628738403320313 0.219757080078125 0.434967041015625
0.047210693359375 0.0304832458496094 0.350341796875 0.58880615234375
0.0111637115478516 -0.0144519805908203 0.3316650390625 0.65582275390625
-0.0187911987304688 -0.0229473114013672 0.16778564453125 0.5977783203125
-0.0337924957275391 0.00212860107421875 0.075897216796875 0.517730712890625
-0.0130271911621094 0.0419654846191406 0.052093505859375 0.30010986328125
-0.0077972412109375 0.0338382720947266 0.0287418365478516 0.0342044830322266
-0.0176830291748047 0.0265865325927734 -0.02606201171875 -0.276580810546875
-0.0141143798828125 0.0161685943603516 -0.100433349609375 -0.515777587890625
-0.0118560791015625 -0.00645732879638672 -0.2950439453125 -0.62176513671875
0.000957489013671875 -0.0283336639404297 -0.4200439453125 -0.61199951171875
0.0421371459960938 0.0144729614257813 -0.3502197265625 -0.62249755859375
0.0546493530273438 0.0565414428710938 -0.23382568359375 -0.42596435546875
-0.0153083801269531 0.0510711669921875 -0.0990753173828125 -0.0931320190429688
-0.0466384887695313 0.0523109436035156 0.14459228515625 0.110458374023438
0.01171875 0.0698432922363281 0.205108642578125 0.440521240234375
0.0559806823730469 0.0200462341308594 0.32672119140625 0.60577392578125
0.00919151306152344 -0.0310325622558594 0.312744140625 0.679443359375
-0.0300407409667969 -0.0334606170654297 0.16455078125 0.60980224609375
-0.0434761047363281 0.000434875488281241 0.079345703125 0.5084228515625
-0.0175132751464844 0.0447578430175781 0.0567474365234375 0.279922485351563
-0.00970268249511719 0.0346927642822266 0.0307121276855469 0.0122089385986328
-0.0233097076416016 0.0286064147949219 -0.02679443359375 -0.296905517578125
-0.0263710021972656 0.0116481781005859 -0.102996826171875 -0.52484130859375
-0.0219135284423828 -0.0199203491210938 -0.3009033203125 -0.61651611328125
0.000637054443359375 -0.043914794921875 -0.425537109375 -0.59552001953125
0.0567398071289063 0.0111732482910156 -0.3609619140625 -0.60504150390625
0.0619430541992187 0.0696144104003906 -0.238739013671875 -0.413726806640625
-0.0262680053710937 0.0648460388183594 -0.1065673828125 -0.0808792114257813
0.0197868347167969 -0.0636367797851563 0.128860473632812 0.0926437377929687
-0.05474853515625 -0.0507431030273438 0.2303466796875 0.403350830078125
-0.05487060546875 0.02703857421875 0.394805908203125 0.544586181640625
-0.00613403320312501 0.0533599853515625 0.42742919921875 0.61181640625
0.0358772277832031 0.0101890563964844 0.26702880859375 0.56353759765625
0.0478248596191406 -0.0477752685546875 0.157470703125 0.48687744140625
0.0316314697265625 -0.0496711730957031 0.080352783203125 0.29217529296875
0.0239715576171875 -0.0452690124511719 0.0254745483398438 0.0391960144042969
0.0334930419921875 -0.0589981079101563 -0.00415039062500002 -0.275558471679687
0.0650291442871094 -0.03265380859375 -0.023223876953125 -0.5245361328125
0.0543251037597656 0.0102348327636719 -0.190673828125 -0.6578369140625
0.00248146057128906 0.0333003997802734 -0.31988525390625 -0.65386962890625
-0.0504379272460937 0.0192337036132813 -0.26873779296875 -0.64483642578125
-0.0035858154296875 -0.0419235229492188 -0.2076416015625 -0.438079833984375
0.0251121520996094 -0.0488052368164062 -0.126625061035156 -0.0862960815429687
0.0231513977050781 -0.0543975830078125 0.138648986816406 0.0845947265625
-0.0457801818847656 -0.0477867126464844 0.237457275390625 0.401123046875
-0.0515975952148438 0.0248374938964844 0.401031494140625 0.53643798828125
-0.0120620727539062 0.0563316345214844 0.42327880859375 0.598876953125
0.0313034057617188 0.0194282531738281 0.254608154296875 0.558990478515625
0.0467033386230469 -0.0330963134765625 0.1448974609375 0.498748779296875
0.0319862365722656 -0.0364913940429688 0.0740966796875 0.311859130859375
0.0210533142089844 -0.0337505340576172 0.0244789123535156 0.0572547912597656
0.0273933410644531 -0.0461997985839844 -0.00770568847656248 -0.2584228515625
0.0583648681640625 -0.02764892578125 -0.035736083984375 -0.514068603515625
0.0521697998046875 0.00963592529296875 -0.202880859375 -0.65740966796875
0.0101680755615234 0.0334186553955078 -0.3262939453125 -0.66583251953125
-0.0423851013183594 0.0304069519042969 -0.26702880859375 -0.65447998046875
-0.00713157653808594 -0.0274753570556641 -0.202972412109375 -0.447845458984375
0.0190277099609375 -0.0426177978515625 -0.113899230957031 -0.0968170166015625
0.0169715881347656 -0.0412483215332031 0.149978637695313 0.07952880859375
-0.034881591796875 -0.0342235565185547 0.242340087890625 0.403839111328125
-0.0390777587890625 0.0230827331542969 0.406585693359375 0.53741455078125
-0.0114364624023438 0.0499992370605469 0.41650390625 0.59320068359375
0.0238590240478516 0.0222339630126953 0.238433837890625 0.555633544921875
0.0371589660644531 -0.0196990966796875 0.127044677734375 0.505645751953125
0.0275630950927734 -0.0172863006591797 0.065338134765625 0.3243408203125
0.0150356292724609 -0.0183372497558594 0.0208969116210938 0.0693626403808594
0.0197715759277344 -0.0291919708251953 -0.0111083984375 -0.24822998046875
0.0461807250976563 -0.018280029296875 -0.04864501953125 -0.507476806640625
0.0439376831054687 0.00988006591796875 -0.2227783203125 -0.653076171875
0.0142707824707031 0.0266227722167969 -0.342529296875 -0.66497802734375
-0.0270156860351562 0.0371894836425781 -0.27490234375 -0.66046142578125
-0.00271368026733399 -0.00760936737060547 -0.20428466796875 -0.449798583984375
0.00872230529785156 -0.0292930603027344 -0.104171752929687 -0.104949951171875
0.00517082214355469 -0.0228404998779297 0.157669067382813 0.0786895751953125
-0.0257167816162109 -0.0122127532958984 0.24395751953125 0.412139892578125
-0.0208568572998047 0.0258464813232422 0.401336669921875 0.540008544921875
-0.00740814208984375 0.0376930236816406 0.40045166015625 0.5947265625
0.0137939453125 0.0164527893066406 0.2149658203125 0.55792236328125
0.0215587615966797 -0.0084686279296875 0.10333251953125 0.511688232421875
0.0189552307128906 0.00152397155761719 0.058349609375 0.327880859375
0.0104446411132812 -0.00129890441894531 0.022979736328125 0.0711288452148438
0.00893306732177734 -0.0115842819213867 -0.0147552490234375 -0.244125366210938
0.0319004058837891 -0.00506782531738281 -0.0623779296875 -0.50225830078125
0.0315914154052734 0.00837326049804688 -0.2406005859375 -0.64337158203125
0.0132236480712891 0.016972541809082 -0.3599853515625 -0.656982421875
-0.00915145874023438 0.0368232727050781 -0.2913818359375 -0.655517578125
0.00910186767578125 0.00988483428955078 -0.210723876953125 -0.44842529296875
0.00346612930297851 -0.00770282745361328 -0.0994415283203125 -0.110664367675781
-0.0130300521850586 -0.000807762145996091 0.161758422851563 0.080078125
-0.0174503326416016 0.0170755386352539 0.236724853515625 0.41900634765625
0.00314140319824219 0.0308666229248047 0.388763427734375 0.552642822265625
0.000366210937500001 0.0218505859375 0.37689208984375 0.6065673828125
0.00146770477294922 0.00443553924560547 0.195526123046875 0.562255859375
0.00265336036682129 -0.00215053558349609 0.0885009765625 0.51519775390625
0.00811958312988281 0.0196800231933594 0.05133056640625 0.325408935546875
0.00343132019042969 0.0151166915893555 0.0228729248046875 0.0675849914550781
0.000210285186767578 0.00521612167358399 -0.018646240234375 -0.248428344726562
0.0146865844726563 0.00711917877197266 -0.07659912109375 -0.5009765625
0.0170173645019531 0.00677013397216797 -0.261474609375 -0.63128662109375
0.0103530883789063 0.00389480590820313 -0.3857421875 -0.6417236328125
0.00662994384765625 0.0318088531494141 -0.31158447265625 -0.64501953125
0.0255184173583984 0.0282630920410156 -0.216278076171875 -0.440399169921875
-0.00229454040527344 0.0118017196655273 -0.096282958984375 -0.108795166015625
-0.0300178527832031 0.0207004547119141 0.160293579101563 0.086151123046875
-0.00914382934570312 0.0440521240234375 0.230438232421875 0.425872802734375
0.0263957977294922 0.0341567993164063 0.37152099609375 0.56640625
0.00926494598388672 0.00559329986572266 0.35675048828125 0.62353515625
-0.00886631011962891 -0.0104331970214844 0.17730712890625 0.5745849609375
-0.0160684585571289 0.00115203857421875 0.0791015625 0.516387939453125
-0.00376701354980469 0.0330314636230469 0.050872802734375 0.3148193359375
-0.002227783203125 0.0268039703369141 0.0263557434082031 0.0540351867675781
-0.00878143310546875 0.0201759338378906 -0.02294921875 -0.258148193359375
0.000217437744140626 0.0141611099243164 -0.09002685546875 -0.50372314453125
0.00171470642089844 0.00139236450195313 -0.281494140625 -0.62310791015625
0.00472736358642578 -0.0109958648681641 -0.40216064453125 -0.6251220703125
0.0238761901855469 0.02410888671875 -0.329833984375 -0.631103515625
0.0410385131835938 0.0431365966796875 -0.22454833984375 -0.433013916015625
-0.0079803466796875 0.0324630737304688 -0.096038818359375 -0.102096557617188
-0.0422744750976563 0.0399322509765625 0.154525756835938 0.0945281982421875
0.000320434570312498 0.0623512268066406 0.219818115234375 0.431732177734375
0.0444068908691406 0.0307044982910156 0.3489990234375 0.5830078125
0.0100193023681641 -0.013636589050293 0.33135986328125 0.6475830078125
-0.0197429656982422 -0.0235519409179688 0.16680908203125 0.5909423828125
-0.0354576110839844 0.00220108032226563 0.0760498046874999 0.512908935546875
-0.0119895935058594 0.0427169799804687 0.052642822265625 0.29803466796875
-0.00694465637207031 0.0341911315917969 0.0291099548339844 0.0338993072509766
-0.0176906585693359 0.0283374786376953 -0.0272216796875 -0.274765014648438
-0.0134181976318359 0.0172605514526367 -0.101959228515625 -0.5125732421875
-0.0119142532348633 -0.00676155090332031 -0.294921875 -0.6158447265625
0.000825881958007814 -0.0277462005615234 -0.4190673828125 -0.60540771484375
0.0411491394042969 0.0141525268554688 -0.34735107421875 -0.61517333984375
0.0541000366210938 0.0553398132324219 -0.233978271484375 -0.422332763671875
-0.0165367126464844 0.0509796142578125 -0.09967041015625 -0.0932769775390625
-0.0466651916503906 0.0526885986328125 0.144378662109375 0.104415893554687
0.011749267578125 0.0697975158691406 0.20501708984375 0.437286376953125
0.0558586120605469 0.0207939147949219 0.32574462890625 0.59912109375
0.00852203369140625 -0.0302886962890625 0.3128662109375 0.67266845703125
-0.0301570892333984 -0.0331344604492187 0.165771484375 0.60595703125
-0.0445823669433594 0.00101089477539063 0.079620361328125 0.50482177734375
-0.01849365234375 0.0435638427734375 0.056884765625 0.277694702148437
-0.0105857849121094 0.0350666046142578 0.0304508209228516 0.0109157562255859
-0.0234622955322266 0.029571533203125 -0.027923583984375 -0.293548583984375
-0.0254287719726562 0.0128440856933594 -0.103546142578125 -0.521148681640625
-0.0211353302001953 -0.0204029083251953 -0.29931640625 -0.6080322265625
-4.19616699218706E-05 -0.0438194274902344 -0.42462158203125 -0.5889892578125
0.0567512512207031 0.0115699768066406 -0.3597412109375 -0.60076904296875
0.0631675720214844 0.0666656494140625 -0.238555908203125 -0.407806396484375
-0.0264854431152344 0.0637092590332031 -0.106338500976563 -0.079010009765625
0.019989013671875 -0.063079833984375 0.127487182617188 0.0932159423828125
-0.0539169311523437 -0.0503311157226563 0.227630615234375 0.40289306640625
-0.0550880432128906 0.0283966064453125 0.3924560546875 0.541778564453125
-0.00679397583007813 0.0538673400878906 0.42291259765625 0.607177734375
0.0361289978027344 0.0100669860839844 0.26715087890625 0.559295654296875
0.0467681884765625 -0.0491104125976562 0.1563720703125 0.4849853515625
0.031707763671875 -0.0488014221191406 0.080169677734375 0.291015625
0.0236244201660156 -0.0452041625976563 0.0259742736816406 0.038604736328125
0.0327796936035156 -0.0569839477539063 -0.00434875488281252 -0.27276611328125
0.0644302368164063 -0.0331573486328125 -0.024871826171875 -0.522247314453125
0.05426025390625 0.0110549926757812 -0.19061279296875 -0.65234375
0.00255775451660157 0.0339260101318359 -0.32049560546875 -0.64971923828125
-0.0512771606445313 0.0187911987304688 -0.26806640625 -0.64044189453125
-0.00374603271484375 -0.0419998168945312 -0.2081298828125 -0.436737060546875
0.0254135131835938 -0.0482597351074219 -0.126274108886719 -0.086669921875
0.0225601196289063 -0.0540046691894531 0.139312744140625 0.0828323364257812
-0.0449943542480469 -0.0473976135253906 0.235565185546875 0.3983154296875
-0.0517692565917969 0.0265426635742188 0.40081787109375 0.5322265625
-0.0110054016113281 0.0569953918457031 0.42138671875 0.59429931640625
0.0320167541503906 0.0189628601074219 0.25225830078125 0.554595947265625
0.0450782775878906 -0.0342559814453125 0.14373779296875 0.49505615234375
0.0313568115234375 -0.0354843139648438 0.074920654296875 0.309234619140625
0.0207252502441406 -0.0341014862060547 0.0241355895996094 0.0565719604492188
0.0269126892089844 -0.0461044311523438 -0.00883483886718749 -0.256378173828125
0.0572662353515625 -0.027099609375 -0.035400390625 -0.514129638671875
0.05328369140625 0.00929641723632813 -0.2022705078125 -0.6527099609375
0.0109043121337891 0.0341682434082031 -0.32623291015625 -0.66168212890625
-0.0417861938476563 0.0309295654296875 -0.26580810546875 -0.6513671875
-0.00613784790039063 -0.0275192260742188 -0.201812744140625 -0.443206787109375
0.0172538757324219 -0.042388916015625 -0.113052368164062 -0.0954971313476563
0.0162315368652344 -0.0408172607421875 0.149017333984375 0.0758819580078125
-0.0346412658691406 -0.0347900390625 0.24176025390625 0.401153564453125
-0.0396690368652344 0.0237464904785156 0.404449462890625 0.531097412109375
-0.010986328125 0.0504112243652344 0.41253662109375 0.58563232421875
0.0237941741943359 0.0213146209716797 0.237060546875 0.55072021484375
0.036956787109375 -0.0195541381835938 0.12506103515625 0.50311279296875
0.0272121429443359 -0.0169811248779297 0.06585693359375 0.321502685546875
0.0156135559082031 -0.0181083679199219 0.0229034423828125 0.0677642822265625
0.0176181793212891 -0.0304336547851563 -0.01220703125 -0.246627807617188
0.0447578430175781 -0.0183067321777344 -0.0487060546875 -0.50445556640625
0.0439414978027344 0.00925064086914063 -0.22052001953125 -0.64764404296875
0.013702392578125 0.027435302734375 -0.34234619140625 -0.65924072265625
-0.0260009765625 0.0359115600585938 -0.27362060546875 -0.6549072265625
-0.00118875503540039 -0.00830459594726562 -0.203765869140625 -0.44677734375
0.009002685546875 -0.0292873382568359 -0.104499816894531 -0.1044921875
0.00432205200195313 -0.0207386016845703 0.157379150390625 0.076263427734375
-0.0248260498046875 -0.0109519958496094 0.241455078125 0.40985107421875
-0.020050048828125 0.0253791809082031 0.400299072265625 0.5386962890625
-0.00791168212890625 0.0375747680664063 0.397216796875 0.59075927734375
0.0131072998046875 0.0160617828369141 0.214263916015625 0.5523681640625
0.0215339660644531 -0.00999832153320312 0.10443115234375 0.50885009765625
0.0195693969726563 0.00202369689941406 0.057647705078125 0.327056884765625
0.00919532775878906 -0.00208187103271484 0.0230560302734375 0.0715408325195313
0.00916099548339844 -0.0112037658691406 -0.0149078369140625 -0.242172241210937
0.0302085876464844 -0.006561279296875 -0.061431884765625 -0.497467041015625
0.0312290191650391 0.00779342651367188 -0.2392578125 -0.638427734375
0.0137653350830078 0.0163087844848633 -0.3599853515625 -0.651123046875
-0.00992965698242187 0.0363540649414062 -0.28900146484375 -0.6505126953125
0.00882530212402344 0.0100936889648438 -0.2095947265625 -0.44342041015625
0.00251102447509766 -0.010289192199707 -0.0988540649414063 -0.109428405761719
-0.0124073028564453 8.77380371093769E-05 0.160171508789063 0.0797882080078125
-0.0175313949584961 0.0168094635009766 0.236480712890625 0.415496826171875
0.00410270690917969 0.0299949645996094 0.38720703125 0.55023193359375
0.000862121582031249 0.021514892578125 0.37652587890625 0.59967041015625
0.00290703773498535 0.00380396842956543 0.190948486328125 0.560211181640625
0.00147390365600586 -0.00327134132385254 0.0872497558593751 0.511474609375
0.00703811645507812 0.0193920135498047 0.051300048828125 0.324005126953125
0.00320339202880859 0.0144290924072266 0.0253868103027344 0.0667190551757813
-0.00142574310302734 0.00578832626342773 -0.019775390625 -0.246017456054687
0.0144844055175781 0.005645751953125 -0.0759582519531251 -0.497802734375
0.0163068771362305 0.00654983520507812 -0.26116943359375 -0.62847900390625
0.00917243957519531 0.00331974029541016 -0.381591796875 -0.63641357421875
0.00812530517578125 0.0300331115722656 -0.3076171875 -0.639892578125
0.0247688293457031 0.0260906219482422 -0.2161865234375 -0.4385986328125
-0.00424385070800781 0.0105819702148438 -0.0969085693359375 -0.109329223632813
-0.0301513671875 0.0216903686523438 0.157821655273438 0.0856475830078125
-0.00975799560546875 0.043548583984375 0.22955322265625 0.422393798828125
0.0260448455810547 0.033416748046875 0.3701171875 0.562744140625
0.00770950317382813 0.00406932830810547 0.351806640625 0.61859130859375
-0.0091409683227539 -0.0098714828491211 0.17547607421875 0.57037353515625
-0.0182342529296875 0.00156211853027344 0.0791320800781249 0.513397216796875
-0.00354385375976562 0.0333175659179688 0.050994873046875 0.312896728515625
-0.00226593017578125 0.0263690948486328 0.0271110534667969 0.0535697937011719
-0.00835227966308594 0.0197505950927734 -0.02386474609375 -0.256317138671875
0.000487327575683594 0.0129356384277344 -0.090667724609375 -0.50115966796875
0.00114321708679199 0.00165879726409912 -0.28057861328125 -0.61895751953125
0.00345706939697265 -0.0115890502929687 -0.40093994140625 -0.61859130859375
0.0243301391601562 0.0230636596679687 -0.32940673828125 -0.6263427734375
0.0406684875488281 0.0405044555664063 -0.2252197265625 -0.42950439453125
-0.00944900512695313 0.0316143035888672 -0.094879150390625 -0.103988647460937
-0.0433616638183594 0.0396080017089844 0.15386962890625 0.093780517578125
-0.000583648681640622 0.0616111755371094 0.21923828125 0.428466796875
0.0454216003417969 0.0302009582519531 0.347412109375 0.57861328125
0.0107126235961914 -0.0146818161010742 0.32965087890625 0.64337158203125
-0.0202808380126953 -0.0239734649658203 0.16571044921875 0.5865478515625
-0.0340938568115234 0.00240707397460938 0.07672119140625 0.50921630859375
-0.0121498107910156 0.0414161682128906 0.0531005859375 0.2962646484375
-0.00700187683105469 0.0327415466308594 0.0289573669433594 0.0335845947265625
-0.0168724060058594 0.027984619140625 -0.027557373046875 -0.27142333984375
-0.013585090637207 0.0173063278198242 -0.102294921875 -0.50927734375
-0.0120000839233398 -0.00801563262939453 -0.29510498046875 -0.6116943359375
0.000368118286132815 -0.0281829833984375 -0.41741943359375 -0.60052490234375
0.0433807373046875 0.0145797729492187 -0.34649658203125 -0.61126708984375
0.0552825927734375 0.0545806884765625 -0.232666015625 -0.4178466796875
-0.0166854858398437 0.0511894226074219 -0.0992507934570313 -0.0926361083984375
-0.0482139587402344 0.0515632629394531 0.142898559570313 0.10516357421875
0.0099945068359375 0.0690803527832031 0.204833984375 0.43487548828125
0.0552749633789063 0.0207328796386719 0.3236083984375 0.59552001953125
0.00647544860839844 -0.0305042266845703 0.31103515625 0.66766357421875
-0.0299434661865234 -0.0329036712646484 0.16326904296875 0.5992431640625
-0.045166015625 0.00123596191406251 0.08001708984375 0.503265380859375
-0.0183753967285156 0.0429458618164063 0.0572052001953125 0.276046752929688
-0.0100593566894531 0.0344429016113281 0.0310230255126953 0.0105934143066406
-0.0238838195800781 0.0301246643066406 -0.028533935546875 -0.290191650390625
-0.0252017974853516 0.0138263702392578 -0.104217529296875 -0.516845703125
-0.0212612152099609 -0.0206623077392578 -0.2978515625 -0.60400390625
-0.000183105468750003 -0.0439300537109375 -0.42279052734375 -0.58221435546875
0.0572471618652344 0.00983428955078125 -0.36065673828125 -0.59259033203125
0.0624542236328125 0.0665168762207031 -0.2384033203125 -0.407012939453125
-0.0260887145996094 0.0635108947753906 -0.107208251953125 -0.0795440673828125
0.0193901062011719 -0.0625381469726563 0.126472473144531 0.0922164916992188
-0.055633544921875 -0.05035400390625 0.228179931640625 0.40032958984375
-0.0547103881835938 0.0276832580566406 0.38970947265625 0.53973388671875
-0.00635528564453125 0.0541725158691406 0.4193115234375 0.603271484375
0.0361595153808594 0.0097503662109375 0.2625732421875 0.556182861328125
0.0464820861816406 -0.0478477478027344 0.154937744140625 0.481658935546875
0.0306015014648437 -0.0490226745605469 0.07952880859375 0.289825439453125
0.0238456726074219 -0.0455970764160156 0.0258369445800781 0.0385017395019531
0.0328445434570313 -0.0564346313476563 -0.00442504882812502 -0.271194458007813
0.0639152526855469 -0.0329742431640625 -0.0243225097656249 -0.520111083984375
0.0535621643066406 0.0112113952636719 -0.1893310546875 -0.6492919921875
0.00351333618164063 0.0335330963134766 -0.31707763671875 -0.64312744140625
-0.0499382019042969 0.0186309814453125 -0.26580810546875 -0.63592529296875
-0.00418472290039062 -0.0418014526367188 -0.20684814453125 -0.433868408203125
0.0253868103027344 -0.0490608215332031 -0.126335144042969 -0.0860443115234375
0.0206146240234375 -0.0540771484375 0.138938903808594 0.0805130004882813
-0.0460128784179688 -0.0474052429199219 0.233734130859375 0.398712158203125
-0.0523605346679687 0.0266761779785156 0.398162841796875 0.529266357421875
-0.0109596252441406 0.0566940307617188 0.41864013671875 0.589111328125
0.0316486358642578 0.0201206207275391 0.251007080078125 0.551727294921875
0.0450172424316406 -0.0353927612304688 0.14288330078125 0.4920654296875
0.0311851501464844 -0.0352973937988281 0.07373046875 0.307769775390625
0.0208969116210938 -0.0331974029541016 0.0249366760253906 0.0561485290527344
0.0257530212402344 -0.044403076171875 -0.00845336914062498 -0.255325317382813
0.0564537048339844 -0.0281715393066406 -0.0347900390625 -0.510711669921875
0.0524520874023438 0.0102615356445313 -0.20318603515625 -0.6494140625
0.00992012023925781 0.0339202880859375 -0.32373046875 -0.65576171875
-0.0415420532226562 0.0308647155761719 -0.26275634765625 -0.64788818359375
-0.00683021545410157 -0.0287590026855469 -0.20196533203125 -0.44091796875
0.0169410705566406 -0.0426788330078125 -0.112655639648438 -0.096221923828125
0.0157012939453125 -0.0400886535644531 0.149017333984375 0.0770111083984375
-0.0361061096191406 -0.0339584350585938 0.23919677734375 0.399505615234375
-0.0399856567382813 0.0237045288085937 0.401519775390625 0.52935791015625
-0.0124778747558594 0.0494270324707031 0.40936279296875 0.58233642578125
0.0224704742431641 0.0214595794677734 0.2335205078125 0.548095703125
0.0369949340820313 -0.0204811096191406 0.125 0.499755859375
0.0273990631103516 -0.0185070037841797 0.067840576171875 0.321044921875
0.0150108337402344 -0.0182743072509766 0.022979736328125 0.0676956176757813
0.0181503295898438 -0.0281562805175781 -0.0122528076171875 -0.244918823242188
0.0446434020996094 -0.0168991088867187 -0.049285888671875 -0.501617431640625
0.0435905456542969 0.00895309448242188 -0.21990966796875 -0.6434326171875
0.0142726898193359 0.0270652770996094 -0.3397216796875 -0.65570068359375
-0.0264701843261719 0.0355796813964844 -0.271484375 -0.65179443359375
-0.00150299072265625 -0.00914382934570313 -0.202178955078125 -0.442779541015625
0.00803947448730469 -0.0295162200927734 -0.103141784667969 -0.104461669921875
0.00370216369628906 -0.0201511383056641 0.158096313476563 0.0754852294921875
-0.02581787109375 -0.0111160278320313 0.23956298828125 0.408447265625
-0.0196933746337891 0.0257511138916016 0.39581298828125 0.533966064453125
-0.00817108154296875 0.0384521484375 0.39471435546875 0.585205078125
0.0134954452514648 0.0151596069335938 0.21014404296875 0.54876708984375
0.0215225219726563 -0.00999069213867188 0.10418701171875 0.506011962890625
0.0185146331787109 0.00107574462890625 0.058197021484375 0.325531005859375
0.0103359222412109 -0.00223636627197266 0.0233230590820312 0.0706863403320313
0.00859546661376953 -0.0111827850341797 -0.01531982421875 -0.241012573242188
0.0295352935791016 -0.00582504272460938 -0.06024169921875 -0.495635986328125
0.0309371948242187 0.00764274597167969 -0.23760986328125 -0.63385009765625
0.0128049850463867 0.0161724090576172 -0.358154296875 -0.646240234375
-0.00931549072265625 0.0356826782226563 -0.28594970703125 -0.645751953125
0.00917339324951172 0.0101633071899414 -0.210113525390625 -0.44384765625
0.00137424468994141 -0.00966072082519531 -0.0985794067382812 -0.109489440917969
-0.0135040283203125 1.52587890624972E-05 0.159942626953125 0.0788726806640625
-0.0177097320556641 0.0163478851318359 0.23602294921875 0.4140625
0.00426864624023438 0.0316638946533203 0.38470458984375 0.546722412109375
0.00111770629882812 0.022308349609375 0.37274169921875 0.5958251953125
0.0021510124206543 0.00389361381530762 0.19000244140625 0.555389404296875
0.00255966186523438 -0.00286507606506348 0.085693359375 0.509857177734375
0.00835037231445312 0.0188808441162109 0.05267333984375 0.32373046875
0.00430774688720703 0.0133733749389648 0.0250053405761719 0.0654258728027344
-0.000119686126708984 0.00629091262817383 -0.020538330078125 -0.244186401367187
0.0148935317993164 0.00542736053466797 -0.07403564453125 -0.494140625
0.0168857574462891 0.00529098510742188 -0.2601318359375 -0.62408447265625
0.0107498168945313 0.00414371490478516 -0.3790283203125 -0.631591796875
0.00786399841308594 0.0300827026367188 -0.3060302734375 -0.63629150390625
0.0254993438720703 0.0255413055419922 -0.21649169921875 -0.43548583984375
-0.00451278686523437 0.010411262512207 -0.0959548950195313 -0.108718872070313
-0.0304813385009766 0.0221099853515625 0.158966064453125 0.084991455078125
-0.0104522705078125 0.0437469482421875 0.229034423828125 0.421600341796875
0.0265426635742188 0.03375244140625 0.366668701171875 0.561187744140625
0.00702953338623047 0.00471687316894531 0.35076904296875 0.6134033203125
-0.00896358489990235 -0.0107965469360352 0.17425537109375 0.56829833984375
-0.0180244445800781 -0.0001068115234375 0.078277587890625 0.511260986328125
-0.00387191772460937 0.0331268310546875 0.050567626953125 0.3128662109375
-0.00184822082519531 0.0253982543945312 0.0261993408203125 0.0522842407226563
-0.00915336608886719 0.0207138061523438 -0.0235137939453125 -0.254562377929688
-0.000402450561523438 0.0143337249755859 -0.090301513671875 -0.498138427734375
0.00080108642578125 0.00137996673583984 -0.279052734375 -0.6156005859375
0.00379562377929687 -0.0111198425292969 -0.40093994140625 -0.61553955078125
0.0262222290039062 0.022369384765625 -0.3265380859375 -0.62225341796875
0.03985595703125 0.0399322509765625 -0.22369384765625 -0.42901611328125
-0.00949668884277343 0.0323886871337891 -0.0967178344726562 -0.103561401367188
-0.0430793762207031 0.0398941040039063 0.153244018554688 0.0935211181640625
-0.00107574462890625 0.0627174377441406 0.21722412109375 0.4268798828125
0.0449409484863281 0.0310516357421875 0.34552001953125 0.575927734375
0.0105876922607422 -0.0144519805908203 0.32537841796875 0.63916015625
-0.0205535888671875 -0.0243053436279297 0.1632080078125 0.58197021484375
-0.0347614288330078 0.00200080871582032 0.07568359375 0.508026123046875
-0.0127105712890625 0.0414848327636719 0.0537109375 0.29510498046875
-0.00693893432617188 0.0326004028320313 0.0290126800537109 0.0327663421630859
-0.0172443389892578 0.0291900634765625 -0.028076171875 -0.2696533203125
-0.0137596130371094 0.0168247222900391 -0.101287841796875 -0.50543212890625
-0.0119800567626953 -0.00752544403076172 -0.29351806640625 -0.6070556640625
0.00128364562988281 -0.0276012420654297 -0.41448974609375 -0.594970703125
0.042236328125 0.0147552490234375 -0.34326171875 -0.607177734375
0.0550498962402344 0.0529556274414063 -0.2325439453125 -0.416595458984375
-0.01690673828125 0.050506591796875 -0.10009765625 -0.0926666259765625
-0.0478591918945313 0.0538406372070313 0.143234252929688 0.104019165039063
0.0109596252441406 0.0692291259765625 0.204254150390625 0.431671142578125
0.0546531677246094 0.0217628479003906 0.3233642578125 0.5941162109375
0.00704765319824219 -0.0296669006347656 0.3092041015625 0.66253662109375
-0.0298309326171875 -0.0326652526855469 0.16119384765625 0.59686279296875
-0.0444107055664063 0.000732421874999992 0.0806579589843751 0.50030517578125
-0.01788330078125 0.0429420471191406 0.0562591552734375 0.274688720703125
-0.00987625122070313 0.0345573425292969 0.0317420959472656 0.00997734069824219
-0.0247516632080078 0.0303230285644531 -0.02801513671875 -0.289764404296875
-0.0262069702148438 0.0140171051025391 -0.10430908203125 -0.515777587890625
-0.0228614807128906 -0.020843505859375 -0.297607421875 -0.6015625
0.00135421752929687 -0.044647216796875 -0.42041015625 -0.5791015625
0.058013916015625 0.0101890563964844 -0.356201171875 -0.59088134765625
0.0627212524414063 0.0644798278808594 -0.23779296875 -0.405364990234375
-0.026580810546875 0.0636215209960938 -0.106208801269531 -0.0787811279296875
0.019134521484375 -0.0622444152832031 0.126754760742187 0.091278076171875
-0.0560379028320313 -0.05047607421875 0.225830078125 0.400604248046875
-0.0552139282226563 0.0290031433105469 0.38873291015625 0.53582763671875
-0.00562667846679687 0.0540008544921875 0.41705322265625 0.598876953125
0.0353851318359375 0.00947189331054688 0.261383056640625 0.553680419921875
0.0448570251464844 -0.0491256713867188 0.154083251953125 0.479248046875
0.0317306518554688 -0.0486259460449219 0.080352783203125 0.28790283203125
0.0242385864257812 -0.0458297729492188 0.0269432067871094 0.0369644165039063
0.0327072143554688 -0.0561332702636719 -0.00350952148437498 -0.269805908203125
0.0633468627929688 -0.0328445434570313 -0.0238037109375 -0.517791748046875
0.0537338256835938 0.0109405517578125 -0.1888427734375 -0.64569091796875
0.00265121459960937 0.0342273712158203 -0.31536865234375 -0.640625
-0.0502510070800781 0.0177574157714844 -0.26275634765625 -0.6337890625
-0.00403594970703125 -0.0432395935058594 -0.206024169921875 -0.431976318359375
0.0243644714355469 -0.0483856201171875 -0.12677001953125 -0.086700439453125
0.0200080871582031 -0.0535202026367188 0.136550903320313 0.0803070068359375
-0.0470466613769531 -0.0472030639648438 0.23370361328125 0.397979736328125
-0.053375244140625 0.0256080627441406 0.395965576171875 0.52783203125
-0.0113945007324219 0.0567550659179688 0.41339111328125 0.58648681640625
0.0304050445556641 0.0186805725097656 0.24737548828125 0.54791259765625
0.044952392578125 -0.0345649719238281 0.140106201171875 0.49017333984375
0.0319252014160156 -0.0357627868652344 0.073150634765625 0.3076171875
0.0210094451904297 -0.0345191955566406 0.0244827270507813 0.0554084777832031
0.0270576477050781 -0.0446968078613281 -0.00909423828125002 -0.253173828125
0.0568084716796875 -0.0262031555175781 -0.0330810546875 -0.5084228515625
0.05096435546875 0.0110969543457031 -0.203125 -0.64642333984375
0.0107536315917969 0.032745361328125 -0.32257080078125 -0.65191650390625
-0.0413398742675781 0.0301856994628906 -0.26116943359375 -0.644775390625
-0.00766563415527343 -0.0285511016845703 -0.2015380859375 -0.440185546875
0.0166473388671875 -0.0433006286621094 -0.113136291503906 -0.0959243774414062
0.0160865783691406 -0.0401153564453125 0.14837646484375 0.075469970703125
-0.0348072052001953 -0.0344810485839844 0.238494873046875 0.399627685546875
-0.0403404235839844 0.0239753723144531 0.399627685546875 0.527374267578125
-0.01214599609375 0.0498313903808594 0.4075927734375 0.5787353515625
0.0224952697753906 0.0198593139648438 0.23193359375 0.546630859375
0.0361328125 -0.0201301574707031 0.12408447265625 0.49847412109375
0.0276546478271484 -0.0178699493408203 0.066253662109375 0.319244384765625
0.0176029205322266 -0.0187549591064453 0.0228309631347656 0.0670623779296875
0.0192375183105469 -0.0284233093261719 -0.01214599609375 -0.242691040039063
0.0443000793457031 -0.0171585083007813 -0.04815673828125 -0.500335693359375
0.0435028076171875 0.008514404296875 -0.21771240234375 -0.6412353515625
0.0140476226806641 0.0270900726318359 -0.338623046875 -0.65277099609375
-0.026275634765625 0.0356788635253906 -0.27008056640625 -0.64776611328125
-0.00182151794433594 -0.0100059509277344 -0.20111083984375 -0.442108154296875
0.00831413269042969 -0.0297946929931641 -0.104232788085938 -0.103294372558594
0.00295829772949219 -0.0214824676513672 0.155899047851562 0.07440185546875
-0.0260868072509766 -0.0116138458251953 0.240478515625 0.407562255859375
-0.0198078155517578 0.0272750854492188 0.396331787109375 0.533721923828125
-0.00728607177734375 0.0386924743652344 0.393310546875 0.5816650390625
0.0123691558837891 0.0159358978271484 0.209075927734375 0.54669189453125
0.0205535888671875 -0.00902557373046875 0.102081298828125 0.5042724609375
0.0184116363525391 0.00131034851074219 0.056884765625 0.323577880859375
0.00929737091064453 -0.00215435028076172 0.0237388610839844 0.0695571899414062
0.00924110412597656 -0.0101413726806641 -0.0156707763671875 -0.239334106445313
0.0298919677734375 -0.00508308410644531 -0.0606689453125 -0.492889404296875
0.0307159423828125 0.00718116760253906 -0.23834228515625 -0.63232421875
0.0135002136230469 0.0161657333374023 -0.3564453125 -0.64312744140625
-0.00926971435546875 0.0356254577636719 -0.28271484375 -0.64410400390625
0.00937747955322266 0.00760269165039063 -0.2064208984375 -0.441436767578125
0.00170612335205078 -0.00998878479003906 -0.09783935546875 -0.109573364257813
-0.0135688781738281 0.000347137451171873 0.160919189453125 0.076690673828125
-0.0179576873779297 0.0171451568603516 0.2340087890625 0.414215087890625
0.00364112854003906 0.0314064025878906 0.38238525390625 0.545806884765625
0.000465393066406252 0.0226898193359375 0.3701171875 0.5921630859375
0.00129246711730957 0.0027778148651123 0.18603515625 0.552978515625
0.00218725204467773 -0.00418329238891602 0.0880126953124999 0.50872802734375
0.00788688659667969 0.0184707641601562 0.050079345703125 0.32080078125
0.00347518920898438 0.0128374099731445 0.0258026123046875 0.06536865234375
3.24249267578126E-05 0.00667858123779297 -0.02020263671875 -0.24298095703125
0.0137195587158203 0.00513839721679688 -0.0750732421875 -0.491912841796875
0.0151643753051758 0.00471305847167969 -0.25885009765625 -0.621337890625
0.00857830047607422 0.00405359268188477 -0.37835693359375 -0.6279296875
0.00909614562988281 0.0288505554199219 -0.3048095703125 -0.63433837890625
0.0245075225830078 0.0249118804931641 -0.214202880859375 -0.43463134765625
-0.00409221649169922 0.0110349655151367 -0.0966033935546875 -0.109321594238281
-0.0306358337402344 0.021270751953125 0.157821655273438 0.0833282470703125
-0.0108222961425781 0.0426788330078125 0.22625732421875 0.42083740234375
0.0267429351806641 0.0346031188964844 0.3665771484375 0.557586669921875
0.00698614120483398 0.00443029403686523 0.34918212890625 0.610595703125
-0.0100059509277344 -0.0105953216552734 0.1710205078125 0.56500244140625
-0.0187149047851563 0.000967025756835939 0.07696533203125 0.5084228515625
-0.00307083129882812 0.0323009490966797 0.05230712890625 0.310821533203125
-0.00168037414550781 0.0260982513427734 0.0276412963867188 0.0514717102050781
-0.00876045227050781 0.0200424194335938 -0.02337646484375 -0.254043579101563
-0.000487327575683594 0.0144720077514648 -0.0904541015625 -0.494384765625
0.000158548355102539 0.00122880935668945 -0.27716064453125 -0.61260986328125
0.00389575958251953 -0.0108213424682617 -0.3985595703125 -0.61102294921875
0.0252876281738281 0.0219211578369141 -0.3245849609375 -0.62139892578125
0.0407791137695313 0.0385589599609375 -0.22283935546875 -0.426849365234375
-0.0101165771484375 0.0317573547363281 -0.0962753295898438 -0.102226257324219
-0.0433425903320312 0.0399894714355469 0.151565551757812 0.09222412109375
-0.00119400024414063 0.0623741149902344 0.217620849609375 0.426513671875
0.0451202392578125 0.0309371948242188 0.34295654296875 0.57373046875
0.0105104446411133 -0.0147562026977539 0.32318115234375 0.635498046875
-0.0203800201416016 -0.0233097076416016 0.161376953125 0.5797119140625
-0.0348949432373047 0.00153541564941406 0.0758056640625001 0.504913330078125
-0.012603759765625 0.0409393310546875 0.05224609375 0.29461669921875
-0.00707244873046875 0.0332717895507813 0.0297527313232422 0.0324211120605469
-0.0169143676757812 0.0290699005126953 -0.02801513671875 -0.268646240234375
-0.0135669708251953 0.0174722671508789 -0.10003662109375 -0.503631591796875
-0.0134258270263672 -0.00908660888671875 -0.290771484375 -0.6048583984375
0.0013275146484375 -0.0279674530029297 -0.41278076171875 -0.59259033203125
0.0437393188476563 0.0135993957519531 -0.3394775390625 -0.6041259765625
0.0545806884765625 0.0518798828125 -0.23162841796875 -0.416168212890625
-0.0173835754394531 0.0513992309570313 -0.100257873535156 -0.0930862426757812
-0.0472450256347656 0.0528678894042969 0.14306640625 0.102951049804688
0.0109901428222656 0.0683708190917969 0.2012939453125 0.431182861328125
0.0558815002441406 0.0206184387207031 0.3226318359375 0.58917236328125
0.00637054443359375 -0.0305519104003906 0.305419921875 0.6602783203125
-0.0295238494873047 -0.0329990386962891 0.1588134765625 0.59307861328125
-0.0448837280273438 0.00143432617187499 0.079071044921875 0.4979248046875
-0.0181198120117188 0.0424652099609375 0.0568084716796875 0.27301025390625
-0.00967979431152344 0.0335617065429687 0.0329074859619141 0.00956916809082031
-0.0247058868408203 0.030792236328125 -0.0286865234375 -0.288604736328125
-0.0256175994873047 0.0142955780029297 -0.10406494140625 -0.51287841796875
-0.0231418609619141 -0.0201492309570313 -0.29638671875 -0.5986328125
0.000495910644531246 -0.0434379577636719 -0.4193115234375 -0.57568359375
0.0585060119628906 0.00917816162109375 -0.35516357421875 -0.5880126953125
0.0610275268554688 0.0644683837890625 -0.23638916015625 -0.403472900390625
-0.0270767211914063 0.0628890991210938 -0.105804443359375 -0.07952880859375
0.0183830261230469 -0.0614776611328125 0.125396728515625 0.0905227661132812
-0.0571022033691406 -0.0503120422363281 0.224639892578125 0.40008544921875
-0.0552787780761719 0.0290298461914063 0.38616943359375 0.53704833984375
-0.006195068359375 0.0546836853027344 0.41339111328125 0.5977783203125
0.0357131958007813 0.009552001953125 0.25811767578125 0.551727294921875
0.0452346801757813 -0.0484542846679688 0.15191650390625 0.479461669921875
0.0318489074707031 -0.0498199462890625 0.078277587890625 0.287506103515625
0.0240135192871094 -0.0453376770019531 0.0266838073730469 0.0375785827636719
0.0323829650878906 -0.05621337890625 -0.00427246093749997 -0.269073486328125
0.0632972717285156 -0.0325927734375 -0.02197265625 -0.51715087890625
0.0525550842285156 0.00977706909179688 -0.18719482421875 -0.6453857421875
0.00293540954589844 0.0347499847412109 -0.3128662109375 -0.64044189453125
-0.0497550964355469 0.0186080932617187 -0.260009765625 -0.63116455078125
-0.00426483154296875 -0.0443954467773438 -0.20526123046875 -0.432098388671875
0.0240211486816406 -0.0494232177734375 -0.125984191894531 -0.0855560302734375
0.0207977294921875 -0.054901123046875 0.136375427246094 0.07989501953125
-0.04608154296875 -0.0475578308105469 0.23223876953125 0.397186279296875
-0.053192138671875 0.0266685485839844 0.393402099609375 0.52685546875
-0.0104408264160156 0.056915283203125 0.41070556640625 0.58441162109375
0.0312175750732422 0.0181922912597656 0.24420166015625 0.545135498046875
0.044921875 -0.0353012084960938 0.138916015625 0.4891357421875
0.0317840576171875 -0.0360183715820312 0.072357177734375 0.308013916015625
0.0211009979248047 -0.0341453552246094 0.0245552062988281 0.0546379089355469
0.0270614624023438 -0.0444717407226563 -0.00962829589843751 -0.251876831054688
0.0562171936035156 -0.0260505676269531 -0.0328369140625 -0.50750732421875
0.0509796142578125 0.0111160278320313 -0.20013427734375 -0.64404296875
0.0105628967285156 0.0339336395263672 -0.318115234375 -0.65093994140625
-0.0403556823730469 0.0292015075683594 -0.25738525390625 -0.6448974609375
-0.00618934631347656 -0.0291366577148437 -0.200103759765625 -0.440338134765625
0.0159378051757812 -0.0440673828125 -0.113754272460938 -0.0966415405273438
0.015655517578125 -0.0412368774414063 0.147796630859375 0.073944091796875
-0.0363540649414063 -0.0328521728515625 0.23858642578125 0.399383544921875
-0.0407180786132813 0.02484130859375 0.3975830078125 0.526947021484375
-0.0129890441894531 0.0512924194335937 0.4049072265625 0.57647705078125
0.0224189758300781 0.0211429595947266 0.228485107421875 0.542999267578125
0.0362701416015625 -0.0215301513671875 0.123779296875 0.498291015625
0.0272865295410156 -0.0183620452880859 0.0653076171875 0.3194580078125
0.0164165496826172 -0.0185317993164063 0.0236968994140625 0.0677757263183594
0.01812744140625 -0.0281696319580078 -0.0125579833984375 -0.242111206054687
0.0438957214355469 -0.0174140930175781 -0.047760009765625 -0.499664306640625
0.0426712036132813 0.0091400146484375 -0.21734619140625 -0.63916015625
0.0144023895263672 0.0272312164306641 -0.33575439453125 -0.65081787109375
-0.0258750915527344 0.0360527038574219 -0.26666259765625 -0.64752197265625
-0.00186538696289062 -0.0105409622192383 -0.20013427734375 -0.441619873046875
0.00885009765625 -0.0295467376708984 -0.103385925292969 -0.104347229003906
0.00351715087890625 -0.0215282440185547 0.155914306640625 0.0740509033203125
-0.0258712768554688 -0.0106372833251953 0.23565673828125 0.406280517578125
-0.0211391448974609 0.0268058776855469 0.390777587890625 0.531646728515625
-0.00696945190429688 0.0389175415039062 0.38812255859375 0.58062744140625
0.0119218826293945 0.015620231628418 0.206024169921875 0.54522705078125
0.0208110809326172 -0.0114822387695313 0.100860595703125 0.503814697265625
0.0191135406494141 -4.76837158203125E-05 0.057342529296875 0.324432373046875
0.0101518630981445 -0.00283622741699219 0.0234603881835937 0.0702095031738281
0.00941085815429688 -0.00944232940673828 -0.01513671875 -0.238235473632813
0.0292034149169922 -0.00502204895019531 -0.0594482421875 -0.49212646484375
0.0299758911132813 0.00747299194335938 -0.2366943359375 -0.63043212890625
0.0144119262695313 0.0166959762573242 -0.3553466796875 -0.64251708984375
-0.00813865661621094 0.0343894958496094 -0.28155517578125 -0.64349365234375
0.00870847702026367 0.00765895843505859 -0.205230712890625 -0.4405517578125
0.00157070159912109 -0.0108346939086914 -0.0981674194335938 -0.108863830566406
-0.0143642425537109 -0.000608444213867185 0.159698486328125 0.07745361328125
-0.0190582275390625 0.0172042846679687 0.233245849609375 0.413238525390625
0.00311660766601563 0.0314369201660156 0.380462646484375 0.54266357421875
0.000736236572265626 0.023223876953125 0.36785888671875 0.59063720703125
0.00184726715087891 0.00255918502807617 0.184356689453125 0.5518798828125
0.00127482414245605 -0.00436902046203613 0.08526611328125 0.5076904296875
0.00779151916503906 0.0182781219482422 0.051177978515625 0.321319580078125
0.00268363952636719 0.0128507614135742 0.0249977111816406 0.0645599365234375
0.000481605529785157 0.00682878494262695 -0.0195770263671875 -0.241714477539062
0.0139827728271484 0.00602340698242188 -0.07489013671875 -0.491607666015625
0.0146350860595703 0.00445175170898438 -0.25494384765625 -0.62042236328125
0.00913715362548828 0.00355243682861328 -0.3741455078125 -0.6253662109375
0.00893402099609375 0.0296382904052734 -0.30169677734375 -0.63055419921875
0.0241165161132813 0.0240612030029297 -0.2147216796875 -0.434356689453125
-0.00537586212158203 0.0100555419921875 -0.096527099609375 -0.109344482421875
-0.0309581756591797 0.0221920013427734 0.157730102539063 0.0836334228515625
-0.0107383728027344 0.043548583984375 0.2259521484375 0.421234130859375
0.0259132385253906 0.0347347259521484 0.361907958984375 0.557830810546875
0.00748300552368164 0.00416469573974609 0.34515380859375 0.6094970703125
-0.0101804733276367 -0.0114822387695313 0.1688232421875 0.56365966796875
-0.0185985565185547 -7.62939453125014E-06 0.074249267578125 0.508544921875
-0.00340652465820312 0.0329875946044922 0.05169677734375 0.31060791015625
-0.00105476379394531 0.025848388671875 0.0271186828613281 0.0511894226074219
-0.00887107849121094 0.0220012664794922 -0.024139404296875 -0.253036499023438
-0.000245094299316405 0.0144119262695313 -0.087127685546875 -0.495147705078125
-0.000809133052825928 0.000512361526489258 -0.27459716796875 -0.609375
0.00467300415039062 -0.0121545791625977 -0.39398193359375 -0.61077880859375
0.0255222320556641 0.021636962890625 -0.32269287109375 -0.6185302734375
0.0401039123535156 0.0393447875976563 -0.220306396484375 -0.427520751953125
-0.0104846954345703 0.0314350128173828 -0.0962066650390625 -0.104019165039063
-0.0433692932128906 0.0409965515136719 0.15264892578125 0.0916748046875
-0.000469207763671876 0.0629005432128906 0.214996337890625 0.42572021484375
0.0455818176269531 0.0322418212890625 0.34027099609375 0.57269287109375
0.0100908279418945 -0.0144186019897461 0.32061767578125 0.6331787109375
-0.0207042694091797 -0.02490234375 0.15850830078125 0.57867431640625
-0.0347614288330078 0.00195121765136718 0.07366943359375 0.50469970703125
-0.0124015808105469 0.0410270690917969 0.0523681640625 0.294036865234375
-0.00619316101074219 0.0325736999511719 0.0293407440185547 0.0321159362792969
-0.0167427062988281 0.0291996002197266 -0.027801513671875 -0.269027709960937
-0.0140609741210938 0.0180492401123047 -0.099822998046875 -0.503662109375
-0.0134344100952148 -0.00781631469726563 -0.29046630859375 -0.6041259765625
0.000537872314453125 -0.0281276702880859 -0.4110107421875 -0.59173583984375
0.0439109802246094 0.0134696960449219 -0.338623046875 -0.60345458984375
0.0545806884765625 0.0506591796875 -0.230072021484375 -0.41485595703125
-0.0186576843261719 0.0501632690429687 -0.098052978515625 -0.0928268432617188
-0.0483818054199219 0.0537109375 0.142425537109375 0.10272216796875
0.0104522705078125 0.0687751770019531 0.202667236328125 0.430877685546875
0.0553550720214844 0.0214385986328125 0.31964111328125 0.58941650390625
0.00651931762695313 -0.0300960540771484 0.30413818359375 0.6568603515625
-0.0314064025878906 -0.0328845977783203 0.15673828125 0.59051513671875
-0.0447845458984375 0.000675201416015623 0.078765869140625 0.497467041015625
-0.0182342529296875 0.0427703857421875 0.055511474609375 0.274078369140625
-0.00938606262207032 0.0332965850830078 0.0324211120605469 0.00912284851074219
-0.0231876373291016 0.0315666198730469 -0.0283203125 -0.286468505859375
-0.0253143310546875 0.0139026641845703 -0.101806640625 -0.51171875
-0.0233001708984375 -0.0218124389648438 -0.29461669921875 -0.5975341796875
0.000484466552734378 -0.0443572998046875 -0.4158935546875 -0.57427978515625
0.0593109130859375 0.00965118408203125 -0.35150146484375 -0.58734130859375
0.0621528625488281 0.0637245178222656 -0.23553466796875 -0.4039306640625
-0.0269012451171875 0.0627708435058594 -0.1064453125 -0.0793838500976563
0.0190353393554687 -0.0615463256835938 0.125 0.0904388427734375
-0.0564918518066406 -0.0497703552246094 0.2230224609375 0.401031494140625
-0.0558624267578125 0.0300979614257812 0.3841552734375 0.537811279296875
-0.00624465942382813 0.0551033020019531 0.41180419921875 0.5980224609375
0.0350379943847656 0.0101814270019531 0.25311279296875 0.55157470703125
0.0462646484375 -0.0485153198242188 0.1500244140625 0.478546142578125
0.0311660766601563 -0.0501327514648438 0.0782470703125 0.2880859375
0.023895263671875 -0.0453033447265625 0.0254249572753906 0.0367851257324219
0.0335044860839844 -0.05633544921875 -0.00445556640625001 -0.267715454101563
0.0639572143554688 -0.0319595336914063 -0.021484375 -0.515716552734375
0.0522689819335937 0.0112876892089844 -0.1851806640625 -0.64447021484375
0.00236320495605469 0.0342311859130859 -0.31170654296875 -0.639404296875
-0.0494117736816406 0.0175209045410156 -0.2598876953125 -0.63214111328125
-0.00501251220703124 -0.0446510314941406 -0.204315185546875 -0.4329833984375
0.0235824584960937 -0.0491867065429688 -0.126914978027344 -0.0849990844726563
0.0203323364257812 -0.0542411804199219 0.135848999023438 0.0795516967773438
-0.047760009765625 -0.0472335815429687 0.232421875 0.39813232421875
-0.0531082153320313 0.0273857116699219 0.391937255859375 0.52838134765625
-0.011383056640625 0.0572700500488281 0.40936279296875 0.583984375
0.0303840637207031 0.0189113616943359 0.24163818359375 0.545867919921875
0.0444564819335938 -0.0357856750488281 0.139068603515625 0.49041748046875
0.0311164855957031 -0.037445068359375 0.072113037109375 0.306427001953125
0.0215263366699219 -0.0337619781494141 0.0249176025390625 0.0551300048828125
0.0274543762207031 -0.0438423156738281 -0.0086517333984375 -0.252120971679687
0.0572052001953125 -0.0268898010253906 -0.03033447265625 -0.505859375
0.0510749816894531 0.00943374633789062 -0.198974609375 -0.642822265625
0.0100879669189453 0.0343132019042969 -0.31707763671875 -0.64996337890625
-0.0407485961914063 0.029693603515625 -0.25518798828125 -0.6446533203125
-0.00758934020996094 -0.0299453735351563 -0.19879150390625 -0.439300537109375
0.0165634155273438 -0.043212890625 -0.11279296875 -0.0965042114257813
0.0155029296875 -0.0395774841308594 0.1475830078125 0.07366943359375
-0.0360603332519531 -0.0338706970214844 0.23736572265625 0.398681640625
-0.0403213500976562 0.0248908996582031 0.39599609375 0.527008056640625
-0.0119514465332031 0.0507278442382813 0.400390625 0.57666015625
0.0221138000488281 0.0207672119140625 0.22491455078125 0.54351806640625
0.0357170104980469 -0.022064208984375 0.11981201171875 0.498199462890625
0.0267772674560547 -0.0187225341796875 0.064697265625 0.319488525390625
0.0155563354492187 -0.0187835693359375 0.0236778259277344 0.0665054321289063
0.0182018280029297 -0.0279617309570313 -0.0123443603515625 -0.241729736328125
0.0448112487792969 -0.0162887573242188 -0.045501708984375 -0.4989013671875
0.041961669921875 0.0094146728515625 -0.21539306640625 -0.64007568359375
0.0146026611328125 0.0275402069091797 -0.334716796875 -0.6505126953125
-0.0257987976074219 0.0354232788085938 -0.2642822265625 -0.6474609375
-0.00178337097167969 -0.0114727020263672 -0.199737548828125 -0.442596435546875
0.00765800476074218 -0.0297470092773438 -0.103202819824219 -0.104560852050781
0.00182723999023438 -0.0207595825195313 0.156280517578125 0.0743255615234375
-0.0262451171875 -0.00940895080566406 0.23663330078125 0.40728759765625
-0.0208816528320313 0.0272674560546875 0.3927001953125 0.533233642578125
-0.00713729858398438 0.0380897521972656 0.38702392578125 0.58123779296875
0.0129127502441406 0.0138339996337891 0.202728271484375 0.543914794921875
0.0203971862792969 -0.0111904144287109 0.0994567871093751 0.504425048828125
0.0186500549316406 0.000659942626953125 0.056396484375 0.324737548828125
0.0112094879150391 -0.00176525115966797 0.023345947265625 0.0698814392089844
0.00852584838867188 -0.0104618072509766 -0.0151824951171875 -0.237960815429688
0.0298023223876953 -0.00570487976074219 -0.0590515136718749 -0.492340087890625
0.0287399291992188 0.0067596435546875 -0.234130859375 -0.63104248046875
0.0133428573608398 0.016876220703125 -0.3529052734375 -0.64239501953125
-0.00785446166992188 0.0354385375976563 -0.2796630859375 -0.643310546875
0.00892353057861328 0.00760173797607422 -0.205291748046875 -0.440704345703125
-0.000438690185546874 -0.0114517211914063 -0.0981674194335938 -0.109428405761719
-0.0147275924682617 0.00127792358398438 0.15887451171875 0.0774383544921875
-0.0186538696289063 0.0168285369873047 0.23193359375 0.41522216796875
0.00337600708007813 0.0322494506835938 0.378448486328125 0.5443115234375
0.00127792358398438 0.0225887298583984 0.36370849609375 0.5906982421875
0.00208115577697754 0.00255942344665527 0.179901123046875 0.5521240234375
0.00160050392150879 -0.00398135185241699 0.083465576171875 0.507293701171875
0.0072479248046875 0.0180587768554687 0.049896240234375 0.320953369140625
0.00416755676269531 0.0124349594116211 0.0263595581054688 0.0637779235839844
-0.000473976135253907 0.00795936584472656 -0.0186004638671875 -0.241485595703125
0.0142383575439453 0.00602149963378906 -0.071685791015625 -0.4910888671875
0.0155363082885742 0.00513553619384766 -0.2562255859375 -0.62005615234375
0.0090017318725586 0.00478935241699219 -0.37347412109375 -0.62646484375
0.00897979736328125 0.0288238525390625 -0.299560546875 -0.631591796875
0.0240268707275391 0.0227088928222656 -0.212677001953125 -0.434722900390625
-0.00561809539794922 0.010380744934082 -0.0968399047851563 -0.109848022460937
-0.0316600799560547 0.0220699310302734 0.158554077148438 0.0829925537109375
-0.0106964111328125 0.0432167053222656 0.224090576171875 0.42254638671875
0.0265045166015625 0.0352058410644531 0.36083984375 0.558197021484375
0.00750303268432617 0.00474405288696289 0.34228515625 0.609619140625
-0.010828971862793 -0.0116252899169922 0.16455078125 0.5623779296875
-0.0189247131347656 0.000524520874023434 0.074432373046875 0.50811767578125
-0.00472831726074218 0.0324878692626953 0.04974365234375 0.3109130859375
-0.00199317932128907 0.0257568359375 0.0278778076171875 0.0516204833984375
-0.00945091247558594 0.0215587615966797 -0.0235137939453125 -0.252410888671875
-0.00106620788574219 0.0150003433227539 -0.086944580078125 -0.494232177734375
-0.00178146362304687 0.000130176544189453 -0.274658203125 -0.610107421875
0.00352001190185547 -0.0111455917358398 -0.393798828125 -0.61126708984375
0.0258274078369141 0.0213909149169922 -0.3184814453125 -0.61968994140625
0.039947509765625 0.0376091003417969 -0.2196044921875 -0.426055908203125
-0.0113315582275391 0.0319252014160156 -0.0957489013671875 -0.104179382324219
-0.0444679260253906 0.0413665771484375 0.151641845703125 0.0906524658203125
-0.00133514404296875 0.0626678466796875 0.213714599609375 0.426727294921875
0.0451698303222656 0.0319786071777344 0.33795166015625 0.57391357421875
0.011021614074707 -0.0146274566650391 0.3170166015625 0.63323974609375
-0.0216712951660156 -0.0254573822021484 0.154296875 0.577880859375
-0.0361328125 0.00139236450195312 0.07275390625 0.504852294921875
-0.0127334594726563 0.0407295227050781 0.05230712890625 0.29425048828125
-0.0066986083984375 0.0320663452148437 0.0306339263916016 0.0315418243408203
-0.0170097351074219 0.0306682586669922 -0.026153564453125 -0.268142700195313
-0.0157680511474609 0.0185680389404297 -0.098663330078125 -0.5023193359375
-0.0136146545410156 -0.00774765014648437 -0.28765869140625 -0.6031494140625
-3.05175781249975E-05 -0.0276546478271484 -0.4072265625 -0.590087890625
0.0443344116210938 0.0142745971679688 -0.3370361328125 -0.60308837890625
0.0546798706054688 0.051116943359375 -0.227630615234375 -0.41400146484375
-0.0184364318847656 0.0499000549316406 -0.0997390747070313 -0.0932464599609375
-0.0489082336425781 0.0527572631835938 0.141647338867188 0.101852416992187
0.00909805297851562 0.0694236755371094 0.200653076171875 0.4320068359375
0.0564117431640625 0.0224380493164063 0.3170166015625 0.588623046875
0.00723457336425781 -0.0304279327392578 0.30023193359375 0.657470703125
-0.0310840606689453 -0.0343723297119141 0.15277099609375 0.589111328125
-0.045562744140625 0.00168991088867188 0.075714111328125 0.49713134765625
-0.0181045532226563 0.0427627563476563 0.0557708740234375 0.273727416992188
-0.00976371765136719 0.0339794158935547 0.0321102142333984 0.00922203063964844
-0.0242710113525391 0.0320549011230469 -0.027862548828125 -0.286376953125
-0.0268688201904297 0.0152149200439453 -0.10028076171875 -0.511688232421875
-0.0237808227539063 -0.0205268859863281 -0.29168701171875 -0.5965576171875
-0.000240325927734375 -0.0433349609375 -0.41424560546875 -0.57342529296875
0.0587921142578125 0.00870132446289062 -0.34912109375 -0.5888671875
0.0623092651367188 0.0637245178222656 -0.234130859375 -0.404388427734375
-0.0281906127929687 0.0634574890136719 -0.105781555175781 -0.0801010131835937
0.0198287963867188 -0.0620002746582031 0.124099731445313 0.0903778076171875
-0.0584487915039062 -0.0502700805664063 0.22216796875 0.401275634765625
-0.0564155578613281 0.0307388305664062 0.381561279296875 0.538848876953125
-0.006134033203125 0.0554695129394531 0.4075927734375 0.59857177734375
0.0351600646972656 0.00969314575195313 0.25048828125 0.5518798828125
0.0453300476074219 -0.048736572265625 0.148712158203125 0.4796142578125
0.0314483642578125 -0.0498886108398437 0.077301025390625 0.289642333984375
0.0239906311035156 -0.0449485778808594 0.0274772644042969 0.037078857421875
0.0325927734375 -0.0550155639648438 -0.00244140625000001 -0.269134521484375
0.0635604858398438 -0.0324172973632813 -0.019134521484375 -0.517425537109375
0.0523223876953125 0.0112266540527344 -0.18328857421875 -0.64593505859375
0.00255584716796875 0.0351390838623047 -0.30889892578125 -0.639892578125
-0.0495033264160156 0.0177879333496094 -0.25628662109375 -0.63385009765625
-0.00490188598632812 -0.0455093383789063 -0.203033447265625 -0.434051513671875
0.0235824584960938 -0.0499382019042969 -0.1270751953125 -0.0870895385742187
0.019683837890625 -0.0540046691894531 0.135139465332031 0.0792236328125
-0.0482177734375 -0.0471916198730469 0.2301025390625 0.39813232421875
-0.0530509948730469 0.0272979736328125 0.3916015625 0.52923583984375
-0.01190185546875 0.0574569702148438 0.40521240234375 0.5869140625
0.0299758911132812 0.0188674926757812 0.23760986328125 0.5458984375
0.0440521240234375 -0.0347099304199219 0.13665771484375 0.488189697265625
0.0314254760742188 -0.0369415283203125 0.07110595703125 0.30712890625
0.0208206176757813 -0.0337276458740234 0.0236396789550781 0.0549163818359375
0.0267448425292969 -0.0428390502929688 -0.00746154785156253 -0.251495361328125
0.056549072265625 -0.0258598327636719 -0.03125 -0.507080078125
0.0497093200683594 0.0119361877441406 -0.19586181640625 -0.64837646484375
0.00971412658691406 0.0344867706298828 -0.3175048828125 -0.65185546875
-0.041229248046875 0.0291786193847656 -0.2542724609375 -0.6444091796875
-0.00785064697265625 -0.0313796997070313 -0.19989013671875 -0.439666748046875
0.0158576965332031 -0.0438499450683594 -0.112693786621094 -0.095947265625
0.0153236389160156 -0.0390434265136719 0.146942138671875 0.0738525390625
-0.0372428894042969 -0.035003662109375 0.23675537109375 0.4017333984375
-0.0421066284179688 0.0255203247070312 0.3946533203125 0.528656005859375
-0.0129356384277344 0.0508537292480469 0.39910888671875 0.57757568359375
0.0221595764160156 0.0198745727539063 0.220367431640625 0.542633056640625
0.0349063873291016 -0.0222187042236328 0.118408203125 0.49737548828125
0.0264606475830078 -0.0191020965576172 0.064788818359375 0.318634033203125
0.0170421600341797 -0.0194473266601563 0.0227508544921875 0.0671768188476562
0.0182037353515625 -0.0270919799804688 -0.0120849609375 -0.241485595703125
0.0431747436523438 -0.0170440673828125 -0.04437255859375 -0.499725341796875
0.0419082641601563 0.0093231201171875 -0.2149658203125 -0.64068603515625
0.0144176483154297 0.0273933410644531 -0.33203125 -0.649169921875
-0.0255146026611328 0.0349273681640625 -0.26092529296875 -0.64947509765625
-0.00202369689941406 -0.0109643936157227 -0.199432373046875 -0.444305419921875
0.00675010681152344 -0.0295829772949219 -0.102958679199219 -0.105117797851563
0.00349807739257813 -0.0206832885742188 0.156204223632812 0.0732269287109375
-0.0270957946777344 -0.0101261138916016 0.2342529296875 0.4090576171875
-0.0212860107421875 0.0281600952148437 0.388336181640625 0.53448486328125
-0.00745010375976562 0.03857421875 0.38421630859375 0.58050537109375
0.0124492645263672 0.0139904022216797 0.199859619140625 0.545135498046875
0.0199127197265625 -0.0100326538085938 0.098052978515625 0.50482177734375
0.0188789367675781 4.57763671875E-05 0.055084228515625 0.324127197265625
0.00994110107421875 -0.00183677673339844 0.0235748291015625 0.0701980590820313
0.00951385498046875 -0.0104265213012695 -0.01409912109375 -0.236801147460938
0.0300045013427734 -0.00428009033203125 -0.056549072265625 -0.491302490234375
0.0286369323730469 0.00679397583007813 -0.23358154296875 -0.6309814453125
0.0142097473144531 0.0173854827880859 -0.350830078125 -0.6434326171875
-0.00884628295898438 0.0353507995605469 -0.27764892578125 -0.64483642578125
0.00836515426635742 0.00679159164428711 -0.205108642578125 -0.442169189453125
-0.0014190673828125 -0.0108747482299805 -0.097686767578125 -0.1094970703125
-0.0148935317993164 0.000638961791992184 0.159072875976563 0.07513427734375
-0.0180377960205078 0.0175838470458984 0.23126220703125 0.415069580078125
0.00362968444824219 0.0333518981933594 0.37847900390625 0.54620361328125
5.34057617187477E-05 0.0231094360351563 0.3624267578125 0.59014892578125
0.000175952911376953 0.00315642356872559 0.1785888671875 0.552825927734375
0.00110650062561035 -0.00380849838256836 0.081268310546875 0.508819580078125
0.0075225830078125 0.0170001983642578 0.049407958984375 0.321685791015625
0.00450611114501953 0.0134344100952148 0.0254783630371094 0.0650100708007813
-8.91685485839845E-05 0.00740337371826172 -0.018829345703125 -0.241378784179688
0.0145330429077148 0.00691127777099609 -0.070098876953125 -0.492156982421875
0.0132408142089844 0.00531959533691406 -0.2535400390625 -0.6197509765625
0.00997161865234375 0.00530338287353516 -0.37237548828125 -0.626220703125
0.00980377197265625 0.0293254852294922 -0.2987060546875 -0.63348388671875
0.0244522094726562 0.0232315063476562 -0.21142578125 -0.436370849609375
-0.00564765930175781 0.010258674621582 -0.0962905883789063 -0.111160278320312
-0.0313549041748047 0.0224475860595703 0.158355712890625 0.0821380615234375
-0.0110588073730469 0.043914794921875 0.223419189453125 0.422882080078125
0.0268287658691406 0.0364799499511719 0.35906982421875 0.55926513671875
0.00680398941040039 0.00444316864013672 0.339599609375 0.60870361328125
-0.0103378295898438 -0.0124397277832031 0.16192626953125 0.5628662109375
-0.0194950103759766 -0.000967025756835936 0.072662353515625 0.509033203125
-0.00507545471191407 0.0322074890136719 0.049560546875 0.311492919921875
-0.001617431640625 0.0254764556884766 0.0271949768066406 0.050567626953125
-0.0084228515625 0.0236873626708984 -0.0222930908203125 -0.252166748046875
5.81741333007818E-05 0.0149936676025391 -0.0848083496093749 -0.49603271484375
-0.000718295574188233 -0.000139296054840088 -0.27276611328125 -0.61322021484375
0.00378799438476562 -0.0106077194213867 -0.391357421875 -0.6107177734375
0.0259933471679688 0.0209312438964844 -0.3179931640625 -0.6212158203125
0.0405616760253906 0.0372047424316406 -0.2203369140625 -0.428436279296875
-0.0123653411865234 0.0316638946533203 -0.095611572265625 -0.105201721191406
-0.0449714660644531 0.0413093566894531 0.151153564453125 0.0915679931640625
-0.00220870971679687 0.0632247924804688 0.2137451171875 0.42767333984375
0.0450210571289063 0.0326042175292969 0.338623046875 0.574951171875
0.0103855133056641 -0.0136947631835938 0.31671142578125 0.6346435546875
-0.021820068359375 -0.0245685577392578 0.1531982421875 0.57958984375
-0.03546142578125 0.00175094604492187 0.0712890625 0.505096435546875
-0.0124931335449219 0.0415573120117188 0.0509033203125 0.293853759765625
-0.007415771484375 0.0329303741455078 0.0298099517822266 0.0318641662597656
-0.0168857574462891 0.0313777923583984 -0.026275634765625 -0.267410278320313
-0.0147018432617188 0.0180072784423828 -0.096160888671875 -0.50457763671875
-0.0147647857666016 -0.00800991058349609 -0.28704833984375 -0.60601806640625
0.00193595886230469 -0.0285472869873047 -0.40740966796875 -0.59136962890625
0.0446319580078125 0.0137825012207031 -0.3358154296875 -0.60577392578125
0.0536651611328125 0.0506629943847656 -0.22894287109375 -0.4158935546875
-0.0192184448242188 0.0502166748046875 -0.0990524291992187 -0.0933685302734375
-0.0502815246582031 0.0537109375 0.142044067382812 0.101898193359375
0.0100288391113281 0.0699462890625 0.19891357421875 0.43292236328125
0.0555801391601562 0.023040771484375 0.3145751953125 0.58941650390625
0.00677108764648438 -0.0296306610107422 0.29736328125 0.658447265625
-0.0322399139404297 -0.0344009399414063 0.15008544921875 0.590576171875
-0.0462455749511719 0.00128555297851563 0.076507568359375 0.49755859375
-0.0178260803222656 0.0429000854492188 0.05572509765625 0.273223876953125
-0.00925827026367187 0.0332565307617188 0.0319995880126953 0.00919723510742188
-0.0236530303955078 0.032440185546875 -0.0272216796875 -0.286956787109375
-0.0274295806884766 0.0140819549560547 -0.100067138671875 -0.513885498046875
-0.024810791015625 -0.0199356079101562 -0.29193115234375 -0.59820556640625
6.48498535156253E-05 -0.0429801940917969 -0.4130859375 -0.57525634765625
0.0590362548828125 0.00918960571289063 -0.3480224609375 -0.5887451171875
0.06201171875 0.0630912780761719 -0.23480224609375 -0.405303955078125
-0.0303077697753906 0.0634956359863281 -0.106002807617188 -0.0805892944335938
0.018829345703125 -0.0626068115234375 0.124092102050781 0.0904541015625
-0.0577812194824219 -0.0504531860351562 0.220245361328125 0.405181884765625
-0.0565414428710937 0.0315093994140625 0.382598876953125 0.54132080078125
-0.00775146484375 0.0558319091796875 0.40643310546875 0.5997314453125
0.0352134704589844 0.01025390625 0.248199462890625 0.553955078125
0.0446014404296875 -0.0489463806152344 0.147308349609375 0.48223876953125
0.0313758850097656 -0.0504264831542969 0.076446533203125 0.289520263671875
0.0243492126464844 -0.0455818176269531 0.026336669921875 0.03643798828125
0.0340309143066406 -0.0550765991210938 -0.00270080566406253 -0.268707275390625
0.0634346008300781 -0.0333175659179688 -0.019073486328125 -0.519256591796875
0.0521888732910156 0.0107841491699219 -0.18328857421875 -0.6453857421875
0.00251007080078125 0.0365104675292969 -0.30804443359375 -0.6409912109375
-0.049591064453125 0.0164299011230469 -0.25482177734375 -0.6368408203125
-0.00476837158203125 -0.0474433898925781 -0.20343017578125 -0.436004638671875
0.0246162414550781 -0.0502281188964844 -0.127281188964844 -0.0863189697265625
0.0211715698242188 -0.0536346435546875 0.136543273925781 0.0804214477539063
-0.0491065979003906 -0.0479049682617188 0.23223876953125 0.399932861328125
-0.0556755065917969 0.0283851623535156 0.38958740234375 0.531646728515625
-0.0117645263671875 0.0581932067871094 0.40509033203125 0.58642578125
0.0308113098144531 0.0183544158935547 0.2340087890625 0.548431396484375
0.0443840026855469 -0.0352821350097656 0.135223388671875 0.49005126953125
0.0311698913574219 -0.0372505187988281 0.071075439453125 0.30712890625
0.0220909118652344 -0.0340595245361328 0.0259513854980469 0.0553016662597656
0.0265617370605469 -0.0434112548828125 -0.00671386718749997 -0.2515869140625
0.0555419921875 -0.026580810546875 -0.0292358398437499 -0.50927734375
0.0502777099609375 0.0111198425292969 -0.19622802734375 -0.64898681640625
0.00929832458496094 0.0347328186035156 -0.31536865234375 -0.65087890625
-0.0405464172363281 0.0291938781738281 -0.2515869140625 -0.64764404296875
-0.00789260864257813 -0.0310821533203125 -0.197662353515625 -0.44256591796875
0.0151863098144531 -0.0437583923339844 -0.113052368164063 -0.0978012084960938
0.0158500671386719 -0.0386428833007813 0.146881103515625 0.0738525390625
-0.0381278991699219 -0.0330085754394531 0.236297607421875 0.403289794921875
-0.0409774780273437 0.0265083312988281 0.39508056640625 0.530059814453125
-0.0143318176269531 0.0516281127929688 0.39862060546875 0.5797119140625
0.0229778289794922 0.0197238922119141 0.219482421875 0.545318603515625
0.0346031188964844 -0.0221462249755859 0.1160888671875 0.5023193359375
0.0255527496337891 -0.0200729370117188 0.063812255859375 0.3209228515625
0.0148944854736328 -0.0199699401855469 0.0234146118164063 0.0666847229003906
0.01849365234375 -0.0277843475341797 -0.01055908203125 -0.241653442382813
0.0431289672851563 -0.0157127380371094 -0.04425048828125 -0.501617431640625
0.0417976379394531 0.009246826171875 -0.2130126953125 -0.6429443359375
0.0135078430175781 0.0277462005615234 -0.3319091796875 -0.652587890625
-0.0261764526367187 0.0352210998535156 -0.25958251953125 -0.6500244140625
-0.00240230560302734 -0.0124549865722656 -0.1983642578125 -0.445556640625
0.00685501098632813 -0.0310192108154297 -0.1031494140625 -0.105003356933594
0.00271987915039062 -0.0208950042724609 0.155548095703125 0.0726776123046875
-0.0273036956787109 -0.0115451812744141 0.23681640625 0.412261962890625
-0.0220260620117188 0.0282649993896484 0.3912353515625 0.53759765625
-0.00875091552734374 0.039459228515625 0.3818359375 0.5826416015625
0.0119638442993164 0.0137825012207031 0.196807861328125 0.546630859375
0.0199394226074219 -0.0115432739257813 0.095611572265625 0.508575439453125
0.0196495056152344 -0.001251220703125 0.05535888671875 0.324951171875
0.0109415054321289 -0.00261974334716797 0.0262908935546875 0.0701904296875
0.00899314880371094 -0.00886344909667969 -0.0140380859375 -0.238189697265625
0.0287628173828125 -0.00496101379394531 -0.0560302734375 -0.494537353515625
0.0282974243164062 0.00754928588867188 -0.23126220703125 -0.63494873046875
0.0132579803466797 0.0178356170654297 -0.35150146484375 -0.6436767578125
-0.00902175903320313 0.0347137451171875 -0.275390625 -0.6458740234375
0.00887680053710937 0.00654983520507813 -0.203643798828125 -0.4442138671875
-0.000257492065429687 -0.0102815628051758 -0.0980911254882812 -0.111076354980469
-0.0171699523925781 0.000762939453124997 0.159561157226563 0.076934814453125
-0.0189685821533203 0.0177669525146484 0.230804443359375 0.417633056640625
0.00318527221679687 0.0350551605224609 0.377716064453125 0.547210693359375
0.00057029724121094 0.0243873596191406 0.36212158203125 0.5906982421875
0.00105500221252441 0.00198996067047119 0.176239013671875 0.5537109375
0.000765323638916016 -0.00558042526245117 0.0802001953125 0.510498046875
0.00732803344726562 0.0183162689208984 0.04827880859375 0.323883056640625
0.00519943237304688 0.0124874114990234 0.0264244079589844 0.0644645690917969
0.00181961059570313 0.00704193115234375 -0.0184478759765625 -0.241592407226563
0.0136146545410156 0.0062103271484375 -0.0721435546875 -0.494476318359375
0.0127553939819336 0.00499248504638672 -0.25299072265625 -0.62139892578125
0.00955677032470703 0.00486946105957031 -0.3714599609375 -0.62957763671875
0.00859832763671875 0.0294418334960938 -0.295166015625 -0.637451171875
0.0233287811279297 0.0229644775390625 -0.21044921875 -0.438873291015625
-0.0069427490234375 0.0107145309448242 -0.0970687866210937 -0.111038208007813
-0.0321445465087891 0.0227642059326172 0.157211303710938 0.0813751220703125
-0.0124282836914063 0.0437850952148438 0.225555419921875 0.4254150390625
0.0269546508789063 0.0372962951660156 0.3602294921875 0.561370849609375
0.00652265548706055 0.00623846054077148 0.33831787109375 0.611572265625
-0.00983524322509765 -0.0120992660522461 0.16082763671875 0.56329345703125
-0.0198249816894531 0.000474929809570314 0.070159912109375 0.51092529296875
-0.00462913513183594 0.0323028564453125 0.049591064453125 0.31231689453125
-0.00190925598144531 0.0249366760253906 0.0279808044433594 0.0505867004394531
-0.00880622863769531 0.0228271484375 -0.0222320556640625 -0.250518798828125
-0.00152301788330078 0.015411376953125 -0.0836791992187499 -0.496795654296875
-0.00290632247924805 -1.71661376953125E-05 -0.27142333984375 -0.61376953125
0.00448894500732422 -0.0102348327636719 -0.39007568359375 -0.61322021484375
0.0261497497558594 0.0204429626464844 -0.31695556640625 -0.62249755859375
0.0393333435058594 0.0371322631835938 -0.21783447265625 -0.430999755859375
-0.0110149383544922 0.0326766967773438 -0.0970611572265625 -0.104606628417969
-0.0447311401367188 0.0409736633300781 0.151397705078125 0.0912017822265625
-0.00192642211914063 0.0629081726074219 0.212310791015625 0.43060302734375
0.0462303161621094 0.0335006713867188 0.33721923828125 0.57647705078125
0.0112018585205078 -0.0121221542358398 0.31427001953125 0.635498046875
-0.0228633880615234 -0.0257434844970703 0.15179443359375 0.57952880859375
-0.0372657775878906 0.00197219848632813 0.070098876953125 0.507415771484375
-0.0133857727050781 0.0405693054199219 0.051727294921875 0.294952392578125
-0.00795745849609375 0.0321712493896484 0.0307483673095703 0.0329189300537109
-0.0172786712646484 0.0314826965332031 -0.0263824462890625 -0.2686767578125
-0.0146045684814453 0.0192508697509766 -0.096435546875 -0.5059814453125
-0.0160541534423828 -0.00911426544189453 -0.28662109375 -0.6072998046875
0.00110435485839844 -0.0270919799804688 -0.405517578125 -0.59320068359375
0.0450706481933594 0.0135574340820313 -0.33282470703125 -0.6070556640625
0.0538368225097656 0.0507240295410156 -0.227874755859375 -0.41888427734375
-0.0206108093261719 0.0497474670410156 -0.0997467041015625 -0.0946502685546875
-0.0509376525878906 0.0541458129882812 0.141983032226563 0.101959228515625
0.00974273681640625 0.0701866149902344 0.200225830078125 0.433624267578125
0.0566825866699219 0.0240135192871094 0.3153076171875 0.5938720703125
0.00638580322265625 -0.0292568206787109 0.29559326171875 0.6588134765625
-0.0318813323974609 -0.0346393585205078 0.14898681640625 0.59100341796875
-0.0470046997070312 0.000370025634765625 0.07476806640625 0.500091552734375
-0.0178184509277344 0.0416831970214844 0.0538482666015625 0.276687622070313
-0.01068115234375 0.0324859619140625 0.0327377319335938 0.00901222229003906
-0.0234756469726563 0.0330715179443359 -0.027069091796875 -0.287628173828125
-0.0263671875 0.0148181915283203 -0.09979248046875 -0.516204833984375
-0.0257797241210938 -0.0213031768798828 -0.28997802734375 -0.60052490234375
0.000823974609375001 -0.0447921752929688 -0.4132080078125 -0.5751953125
0.0596771240234375 0.00915908813476563 -0.345703125 -0.59197998046875
0.0620460510253906 0.063201904296875 -0.232879638671875 -0.406158447265625
-0.0302848815917969 0.0640296936035156 -0.107719421386719 -0.0818252563476562
0.0194740295410156 -0.0619735717773438 0.125556945800781 0.0904541015625
-0.058563232421875 -0.0514183044433594 0.222900390625 0.40692138671875
-0.05731201171875 0.0320892333984375 0.384796142578125 0.544769287109375
-0.00723648071289062 0.0568923950195313 0.40728759765625 0.603759765625
0.0351276397705078 0.00936698913574219 0.248199462890625 0.556671142578125
0.0458221435546875 -0.04998779296875 0.145263671875 0.483978271484375
0.0311660766601563 -0.0508689880371094 0.076568603515625 0.29071044921875
0.0239448547363281 -0.04620361328125 0.027008056640625 0.036651611328125
0.0328598022460938 -0.0549049377441406 -0.00262451171875002 -0.270156860351563
0.0644760131835938 -0.0320320129394531 -0.018585205078125 -0.521820068359375
0.0514717102050781 0.0116310119628906 -0.1822509765625 -0.6500244140625
0.0022125244140625 0.0358543395996094 -0.30810546875 -0.64520263671875
-0.0508041381835938 0.017608642578125 -0.2548828125 -0.639404296875
-0.00500869750976562 -0.0472793579101562 -0.204803466796875 -0.438140869140625
0.0225677490234375 -0.0509567260742188 -0.127555847167969 -0.0878067016601563
0.0209007263183594 -0.0542221069335938 0.136314392089844 0.0797119140625
-0.049957275390625 -0.0469245910644531 0.230621337890625 0.404632568359375
-0.0540618896484375 0.0286598205566406 0.38983154296875 0.53680419921875
-0.0117263793945312 0.0589447021484375 0.40771484375 0.591796875
0.0300617218017578 0.0184955596923828 0.23406982421875 0.55194091796875
0.0439224243164063 -0.0366439819335938 0.134918212890625 0.4942626953125
0.0310592651367187 -0.037750244140625 0.070220947265625 0.309783935546875
0.0216770172119141 -0.0348148345947266 0.0253143310546875 0.0539207458496094
0.0274505615234375 -0.0437278747558594 -0.00787353515624998 -0.252822875976563
0.0566787719726563 -0.0269966125488281 -0.0283203125 -0.51123046875
0.0501899719238281 0.00994873046875 -0.19329833984375 -0.65069580078125
0.0103073120117188 0.0366783142089844 -0.3153076171875 -0.6572265625
-0.0417060852050781 0.0282554626464844 -0.250244140625 -0.65216064453125
-0.00751304626464844 -0.0319690704345703 -0.198028564453125 -0.445892333984375
0.0168266296386719 -0.0445671081542969 -0.114852905273438 -0.0975341796875
0.0157089233398438 -0.0409278869628906 0.148895263671875 0.073638916015625
-0.0383453369140625 -0.0348129272460937 0.236297607421875 0.406005859375
-0.0424270629882813 0.0274467468261719 0.39508056640625 0.53436279296875
-0.01165771484375 0.0530776977539062 0.3983154296875 0.5828857421875
0.0223064422607422 0.0201206207275391 0.21734619140625 0.548370361328125
0.0345973968505859 -0.0226116180419922 0.1165771484375 0.502960205078125
0.0265140533447266 -0.0194053649902344 0.064605712890625 0.32281494140625
0.0163917541503906 -0.0193119049072266 0.0239982604980469 0.066680908203125
0.0194797515869141 -0.0267238616943359 -0.011199951171875 -0.242111206054688
0.0454673767089844 -0.0168685913085938 -0.042205810546875 -0.50439453125
0.0406837463378906 0.00910186767578125 -0.2135009765625 -0.6451416015625
0.0143909454345703 0.0288543701171875 -0.330322265625 -0.65582275390625
-0.0253791809082031 0.0355300903320313 -0.26116943359375 -0.65509033203125
-0.00229930877685547 -0.0129947662353516 -0.200531005859375 -0.4483642578125
0.00610542297363281 -0.0309696197509766 -0.10491943359375 -0.106452941894531
0.00229835510253906 -0.0207996368408203 0.15679931640625 0.07342529296875
-0.0267353057861328 -0.0107173919677734 0.235687255859375 0.414520263671875
-0.0214424133300781 0.0280094146728516 0.390533447265625 0.54058837890625
-0.00842666625976563 0.0398979187011719 0.38128662109375 0.58441162109375
0.0117063522338867 0.0140380859375 0.1947021484375 0.5482177734375
0.0191059112548828 -0.0124988555908203 0.09539794921875 0.509307861328125
0.0171308517456055 -0.00107097625732422 0.05511474609375 0.3271484375
0.010676383972168 -0.00327014923095703 0.0242424011230469 0.0697364807128906
0.00888442993164063 -0.00853157043457031 -0.0142974853515625 -0.238449096679688
0.0294857025146484 -0.00476646423339844 -0.0564880371093751 -0.49627685546875
0.0278663635253906 0.00765228271484375 -0.23333740234375 -0.63775634765625
0.0136299133300781 0.0169029235839844 -0.350830078125 -0.6478271484375
-0.008697509765625 0.0355491638183594 -0.27459716796875 -0.6512451171875
0.00821876525878906 0.0067286491394043 -0.20440673828125 -0.446624755859375
-0.000707626342773438 -0.0113935470581055 -0.0985107421875 -0.112625122070313
-0.0154552459716797 -3.3378601074221E-05 0.159698486328125 0.07623291015625
-0.0215930938720703 0.0170478820800781 0.231231689453125 0.420135498046875
0.00304222106933594 0.0339832305908203 0.37860107421875 0.551788330078125
-4.57763671875014E-05 0.0233306884765625 0.360107421875 0.5955810546875
-0.000129103660583496 0.00194823741912842 0.172271728515625 0.55633544921875
0.000166416168212891 -0.00489187240600586 0.078277587890625 0.51361083984375
0.00702476501464844 0.0179462432861328 0.049591064453125 0.324188232421875
0.00384235382080078 0.0120630264282227 0.0258750915527344 0.0644416809082031
0.000147819519042968 0.0093231201171875 -0.018096923828125 -0.241561889648438
0.0142555236816406 0.00765228271484375 -0.069183349609375 -0.496673583984375
0.0129756927490234 0.00492382049560547 -0.2545166015625 -0.62701416015625
0.00959110260009766 0.00310134887695313 -0.37225341796875 -0.63214111328125
0.00966453552246094 0.0291118621826172 -0.296875 -0.64080810546875
0.0239677429199219 0.0219554901123047 -0.21234130859375 -0.441070556640625
-0.00782012939453125 0.0102157592773438 -0.0967483520507813 -0.112380981445313
-0.0339107513427734 0.0224590301513672 0.158905029296875 0.081817626953125
-0.0120315551757812 0.0446548461914063 0.224029541015625 0.427764892578125
0.0263481140136719 0.0379753112792969 0.3612060546875 0.5660400390625
0.00773048400878906 0.00513792037963867 0.3369140625 0.6136474609375
-0.0110464096069336 -0.0118808746337891 0.15740966796875 0.567626953125
-0.0200405120849609 -0.00120353698730468 0.0693969726562501 0.5133056640625
-0.00407028198242188 0.0320816040039063 0.049652099609375 0.31536865234375
-0.00227928161621094 0.0246353149414062 0.0286827087402344 0.0520286560058594
-0.00849151611328125 0.0229835510253906 -0.0222015380859375 -0.253463745117188
-0.00161552429199219 0.0163936614990234 -0.084625244140625 -0.501220703125
-0.00286602973937988 0.000725746154785156 -0.27252197265625 -0.61785888671875
0.00386142730712891 -0.0101995468139648 -0.39166259765625 -0.6156005859375
0.0272216796875 0.0213489532470703 -0.3179931640625 -0.62664794921875
0.0393905639648438 0.0365791320800781 -0.2200927734375 -0.432952880859375
-0.0134811401367188 0.0327968597412109 -0.0974349975585938 -0.105979919433594
-0.0450820922851562 0.0419235229492187 0.152053833007812 0.0902862548828125
-0.00269317626953124 0.0637588500976562 0.211578369140625 0.431182861328125
0.0464363098144531 0.0353584289550781 0.3369140625 0.58184814453125
0.00986099243164063 -0.0129051208496094 0.31219482421875 0.6387939453125
-0.0233154296875 -0.0266742706298828 0.1475830078125 0.5836181640625
-0.0372352600097656 0.000858306884765633 0.068115234375 0.510223388671875
-0.0149192810058594 0.0404586791992188 0.050537109375 0.2965087890625
-0.0071563720703125 0.0325813293457031 0.0305500030517578 0.0315666198730469
-0.0184307098388672 0.0315437316894531 -0.026214599609375 -0.268600463867188
-0.0151309967041016 0.0191097259521484 -0.09576416015625 -0.508392333984375
-0.0162944793701172 -0.0078897476196289 -0.28509521484375 -0.61041259765625
0.000925064086914059 -0.0281505584716797 -0.40740966796875 -0.5960693359375
0.0449066162109375 0.013092041015625 -0.334716796875 -0.61151123046875
0.0540771484375 0.0499649047851562 -0.229461669921875 -0.42095947265625
-0.0208473205566406 0.0509910583496094 -0.100532531738281 -0.0960845947265625
-0.0513229370117187 0.055145263671875 0.141204833984375 0.102066040039063
0.00965881347656249 0.0701179504394531 0.19970703125 0.437103271484375
0.0570602416992188 0.0241317749023438 0.314208984375 0.59539794921875
0.00766372680664062 -0.0290775299072266 0.29443359375 0.6634521484375
-0.0334205627441406 -0.0357894897460938 0.14501953125 0.5948486328125
-0.0491142272949219 0.000331878662109369 0.073760986328125 0.5025634765625
-0.018951416015625 0.0428924560546875 0.05517578125 0.276596069335938
-0.0108356475830078 0.0324554443359375 0.0332889556884766 0.00775718688964844
-0.0253505706787109 0.0346202850341797 -0.026214599609375 -0.28875732421875
-0.0271873474121094 0.0153827667236328 -0.0984802246093751 -0.518707275390625
-0.0263442993164062 -0.0213489532470703 -0.29058837890625 -0.60369873046875
0.00153350830078125 -0.0445747375488281 -0.4132080078125 -0.58056640625
0.0604515075683594 0.00873184204101563 -0.34716796875 -0.59417724609375
0.0610198974609375 0.062255859375 -0.23382568359375 -0.40863037109375
-0.0303688049316406 0.0645103454589844 -0.107376098632813 -0.0822830200195312
0.01904296875 -0.0620613098144531 0.124969482421875 0.0905532836914063
-0.0592002868652344 -0.0516815185546875 0.224151611328125 0.410369873046875
-0.0570411682128906 0.0331459045410156 0.3851318359375 0.54766845703125
-0.00677871704101562 0.0575599670410156 0.40814208984375 0.60693359375
0.0352287292480469 0.00951004028320313 0.24627685546875 0.560821533203125
0.045379638671875 -0.0502891540527344 0.145233154296875 0.48651123046875
0.0308151245117188 -0.0516510009765625 0.077606201171875 0.293121337890625
0.0255966186523438 -0.0462112426757813 0.0271263122558594 0.03619384765625
0.0336227416992187 -0.0553779602050781 -0.00323486328125002 -0.271163940429687
0.0645065307617188 -0.0316047668457031 -0.017578125 -0.523712158203125
0.051971435546875 0.0114326477050781 -0.1827392578125 -0.6546630859375
0.00165939331054688 0.0367660522460937 -0.31060791015625 -0.64862060546875
-0.0514602661132812 0.0172653198242187 -0.25634765625 -0.64404296875
-0.00576019287109375 -0.0492935180664062 -0.205902099609375 -0.442169189453125
0.0235671997070312 -0.0502777099609375 -0.129203796386719 -0.0873031616210937
0.020660400390625 -0.0551414489746094 0.137275695800781 0.079254150390625
-0.0501632690429688 -0.0492973327636719 0.232666015625 0.40728759765625
-0.0550994873046875 0.0302162170410156 0.392974853515625 0.539276123046875
-0.0112648010253906 0.05999755859375 0.407470703125 0.59332275390625
0.03125 0.0190620422363281 0.233551025390625 0.55517578125
0.0442466735839844 -0.0375022888183594 0.13421630859375 0.49798583984375
0.0312919616699219 -0.0386428833007813 0.071014404296875 0.31195068359375
0.0215263366699219 -0.0352973937988281 0.0247077941894531 0.0546188354492188
0.0270462036132813 -0.0447731018066406 -0.00772094726562499 -0.25439453125
0.0572891235351563 -0.0257987976074219 -0.027740478515625 -0.51556396484375
0.0496368408203125 0.0112152099609375 -0.19586181640625 -0.65478515625
0.0101661682128906 0.0357170104980469 -0.3162841796875 -0.6585693359375
-0.0422935485839844 0.028961181640625 -0.25164794921875 -0.656005859375
-0.00813865661621094 -0.0337047576904297 -0.19903564453125 -0.4495849609375
0.0166511535644531 -0.0452728271484375 -0.114913940429688 -0.0994338989257812
0.0149612426757813 -0.040252685546875 0.1484375 0.07415771484375
-0.0386886596679687 -0.034149169921875 0.238739013671875 0.40911865234375
-0.0427398681640625 0.0275382995605469 0.3968505859375 0.53741455078125
-0.0127487182617187 0.05303955078125 0.3985595703125 0.58551025390625
0.0223350524902344 0.0204944610595703 0.2149658203125 0.5513916015625
0.0351066589355469 -0.0226345062255859 0.115936279296875 0.50738525390625
0.027008056640625 -0.0204124450683594 0.064239501953125 0.324432373046875
0.016632080078125 -0.019805908203125 0.0245285034179688 0.0671005249023438
0.0180702209472656 -0.0265178680419922 -0.01177978515625 -0.243408203125
0.0452842712402344 -0.0164756774902344 -0.04205322265625 -0.50732421875
0.0410957336425781 0.0096435546875 -0.21380615234375 -0.64971923828125
0.0145168304443359 0.0278854370117188 -0.33209228515625 -0.65869140625
-0.02667236328125 0.0361747741699219 -0.25982666015625 -0.659912109375
-0.00332355499267578 -0.0139837265014648 -0.200531005859375 -0.4525146484375
0.00613212585449219 -0.0296497344970703 -0.105941772460938 -0.107200622558594
0.00248908996582031 -0.0215167999267578 0.158340454101563 0.0731048583984375
-0.0278453826904297 -0.0116291046142578 0.238677978515625 0.41534423828125
-0.0214004516601562 0.0293598175048828 0.39306640625 0.543212890625
-0.0076446533203125 0.0404739379882813 0.38262939453125 0.58905029296875
0.0108318328857422 0.0144367218017578 0.194488525390625 0.553192138671875
0.0198574066162109 -0.0112514495849609 0.0939636230468751 0.51226806640625
0.0179042816162109 -0.00118637084960938 0.054718017578125 0.32977294921875
0.0103549957275391 -0.00311946868896484 0.0244293212890625 0.0700950622558594
0.00948810577392578 -0.00876998901367188 -0.014617919921875 -0.238037109375
0.0301895141601563 -0.00541114807128906 -0.05572509765625 -0.50152587890625
0.0275688171386719 0.00772476196289063 -0.23333740234375 -0.64044189453125
0.0137920379638672 0.0176639556884766 -0.3526611328125 -0.65032958984375
-0.00835037231445312 0.0338001251220703 -0.27532958984375 -0.6552734375
0.00814104080200195 0.00580596923828125 -0.2054443359375 -0.449737548828125
-0.00147438049316406 -0.0109615325927734 -0.099517822265625 -0.11370849609375
-0.0164566040039063 0.00100135803222656 0.160614013671875 0.0760498046875
-0.0211830139160156 0.0174713134765625 0.23388671875 0.42413330078125
0.00249481201171875 0.0357627868652344 0.379638671875 0.555633544921875
0.000213623046874999 0.0245399475097656 0.3597412109375 0.598876953125
0.000232338905334472 0.00174617767333984 0.171478271484375 0.561126708984375
1.71661376953124E-05 -0.00508785247802734 0.079376220703125 0.5155029296875
0.00664615631103516 0.0163869857788086 0.04937744140625 0.32745361328125
0.00348567962646484 0.0117454528808594 0.0267295837402344 0.0648040771484375
-0.000713348388671874 0.00917911529541016 -0.017547607421875 -0.243316650390625
0.0138635635375977 0.00678730010986328 -0.069305419921875 -0.49957275390625
0.0120840072631836 0.00529384613037109 -0.2564697265625 -0.63055419921875
0.00940322875976563 0.00448989868164063 -0.37457275390625 -0.63787841796875
0.0104656219482422 0.0295486450195313 -0.29595947265625 -0.6451416015625
0.0241680145263672 0.0223731994628906 -0.212799072265625 -0.444122314453125
-0.00759124755859375 0.0101709365844727 -0.098175048828125 -0.112838745117188
-0.0338191986083984 0.0225982666015625 0.1593017578125 0.0807037353515625
-0.0130043029785156 0.0452919006347656 0.226898193359375 0.430328369140625
0.0276603698730469 0.0386962890625 0.3626708984375 0.5692138671875
0.00793743133544922 0.00666093826293945 0.3367919921875 0.61785888671875
-0.0114412307739258 -0.0139236450195312 0.1566162109375 0.5718994140625
-0.0205535888671875 0.000288009643554692 0.06982421875 0.516998291015625
-0.00535964965820312 0.0319080352783203 0.04998779296875 0.3172607421875
-0.00267219543457031 0.0253181457519531 0.0283393859863281 0.051239013671875
-0.0104255676269531 0.0239410400390625 -0.0216522216796875 -0.254669189453125
-0.00136756896972656 0.0164356231689453 -0.084197998046875 -0.502777099609375
-0.0033721923828125 0.000426769256591797 -0.27398681640625 -0.620849609375
0.00422954559326172 -0.0107212066650391 -0.39306640625 -0.61932373046875
0.0277843475341797 0.0213775634765625 -0.31768798828125 -0.63018798828125
0.0406112670898438 0.0363082885742188 -0.222686767578125 -0.437469482421875
-0.0132656097412109 0.0323772430419922 -0.0983734130859375 -0.1065673828125
-0.0459747314453125 0.0421104431152344 0.15380859375 0.091033935546875
-0.00246047973632813 0.0644073486328125 0.215240478515625 0.435699462890625
0.0466041564941406 0.0347976684570313 0.3377685546875 0.58392333984375
0.0109729766845703 -0.0130558013916016 0.31378173828125 0.64300537109375
-0.0232257843017578 -0.0274066925048828 0.14495849609375 0.58642578125
-0.0386428833007813 0.0014190673828125 0.0675048828125 0.513427734375
-0.0145912170410156 0.0407142639160156 0.0511474609375 0.298583984375
-0.00795364379882812 0.0322380065917969 0.0308017730712891 0.0311145782470703
-0.0181446075439453 0.0332069396972656 -0.0265655517578125 -0.270172119140625
-0.0169277191162109 0.0205078125 -0.0953369140625 -0.511871337890625
-0.0177078247070313 -0.00812911987304688 -0.2900390625 -0.61309814453125
0.00101089477539063 -0.0281391143798828 -0.40899658203125 -0.599609375
0.0458908081054688 0.0130271911621094 -0.336181640625 -0.61761474609375
0.0538902282714844 0.0502052307128906 -0.229248046875 -0.42462158203125
-0.0217170715332031 0.0514450073242188 -0.100807189941406 -0.0962066650390625
-0.0515975952148437 0.0552711486816406 0.14251708984375 0.1019287109375
0.0088043212890625 0.0717239379882812 0.20086669921875 0.440155029296875
0.0572013854980469 0.0243988037109375 0.31707763671875 0.60009765625
0.00786781311035156 -0.0288143157958984 0.29620361328125 0.66748046875
-0.0342445373535156 -0.0361709594726563 0.14459228515625 0.599609375
-0.0488204956054688 0.000747680664062491 0.071624755859375 0.504913330078125
-0.01953125 0.04327392578125 0.0542449951171875 0.277603149414063
-0.011688232421875 0.0333766937255859 0.0324306488037109 0.00816535949707031
-0.024627685546875 0.0346107482910156 -0.02691650390625 -0.29107666015625
-0.0279293060302734 0.0160236358642578 -0.098724365234375 -0.52166748046875
-0.0280170440673828 -0.0201358795166016 -0.2919921875 -0.6082763671875
0.000690460205078127 -0.04547119140625 -0.4150390625 -0.582763671875
0.0617027282714844 0.00819778442382813 -0.34722900390625 -0.6002197265625
0.0613479614257813 0.0618515014648438 -0.23480224609375 -0.41217041015625
-0.03057861328125 0.0642356872558594 -0.108062744140625 -0.0828628540039063
0.0194244384765625 -0.0629997253417969 0.125595092773438 0.09051513671875
-0.0596580505371094 -0.0515899658203125 0.22576904296875 0.41473388671875
-0.0583267211914063 0.0341682434082031 0.388336181640625 0.552703857421875
-0.00653839111328125 0.0593910217285156 0.410400390625 0.61151123046875
0.0360450744628906 0.00902175903320313 0.2479248046875 0.56610107421875
0.0453262329101563 -0.0508995056152344 0.147705078125 0.491455078125
0.031707763671875 -0.0521125793457031 0.07745361328125 0.295074462890625
0.0251541137695313 -0.0472755432128906 0.0271339416503906 0.0358161926269531
0.0342597961425781 -0.05572509765625 -0.00364685058593752 -0.272964477539063
0.0654106140136719 -0.0315780639648438 -0.01812744140625 -0.529022216796875
0.0508270263671875 0.0119476318359375 -0.18475341796875 -0.6588134765625
0.00230789184570313 0.0376853942871094 -0.31085205078125 -0.6524658203125
-0.0514907836914063 0.0175514221191406 -0.2559814453125 -0.6497802734375
-0.00646591186523438 -0.0497283935546875 -0.206878662109375 -0.4449462890625
0.023284912109375 -0.0514678955078125 -0.131057739257812 -0.088287353515625
0.0208168029785156 -0.0557594299316406 0.13800048828125 0.0796279907226563
-0.0504875183105469 -0.04827880859375 0.235382080078125 0.410919189453125
-0.0558395385742188 0.0301551818847656 0.39617919921875 0.5416259765625
-0.0110588073730469 0.0605964660644531 0.40777587890625 0.59686279296875
0.0316581726074219 0.0181598663330078 0.234161376953125 0.559356689453125
0.0440635681152344 -0.0376205444335937 0.135009765625 0.501007080078125
0.0313072204589844 -0.0385398864746094 0.0718994140625 0.31427001953125
0.0221214294433594 -0.0362281799316406 0.025543212890625 0.0551338195800781
0.0270652770996094 -0.0429916381835937 -0.00750732421874999 -0.255752563476563
0.0576286315917969 -0.0266342163085938 -0.028564453125 -0.519989013671875
0.0496444702148438 0.0111885070800781 -0.19842529296875 -0.6600341796875
0.0101776123046875 0.0367469787597656 -0.31939697265625 -0.66455078125
-0.0421791076660156 0.029541015625 -0.25360107421875 -0.65972900390625
-0.00991058349609375 -0.0338153839111328 -0.200653076171875 -0.452178955078125
0.0147361755371094 -0.0446853637695313 -0.116584777832031 -0.09967041015625
0.0168228149414063 -0.0414772033691406 0.150726318359375 0.0738372802734375
-0.0386505126953125 -0.0343475341796875 0.240081787109375 0.41387939453125
-0.0418777465820312 0.0287437438964844 0.400848388671875 0.540924072265625
-0.0131607055664063 0.0541648864746094 0.40032958984375 0.588134765625
0.0218944549560547 0.0202770233154297 0.217193603515625 0.555419921875
0.0362052917480469 -0.0220451354980469 0.115997314453125 0.510711669921875
0.0263004302978516 -0.0203304290771484 0.064239501953125 0.32818603515625
0.0172367095947266 -0.0195426940917969 0.0241012573242188 0.0664558410644531
0.0185909271240234 -0.0276470184326172 -0.0124969482421875 -0.245101928710938
0.0447273254394531 -0.0162696838378906 -0.04376220703125 -0.511444091796875
0.0416030883789063 0.0105972290039063 -0.2164306640625 -0.65478515625
0.0152835845947266 0.0292129516601563 -0.3350830078125 -0.66363525390625
-0.026702880859375 0.035888671875 -0.2620849609375 -0.66510009765625
-0.00365066528320313 -0.0142002105712891 -0.202117919921875 -0.45587158203125
0.00670051574707031 -0.0304851531982422 -0.107185363769531 -0.108940124511719
0.00175285339355469 -0.0214653015136719 0.159255981445313 0.0725250244140625
-0.0290985107421875 -0.0111045837402344 0.2403564453125 0.41998291015625
-0.0223712921142578 0.0305004119873047 0.39654541015625 0.5465087890625
-0.00702667236328125 0.0419540405273438 0.385986328125 0.59185791015625
0.0119905471801758 0.014042854309082 0.193359375 0.5577392578125
0.0184898376464844 -0.0130653381347656 0.09527587890625 0.516754150390625
0.0176906585693359 -0.00055694580078125 0.055572509765625 0.332794189453125
0.00998020172119141 -0.00347328186035156 0.0242843627929687 0.0703506469726563
0.00923824310302734 -0.00866031646728516 -0.0149688720703125 -0.240127563476563
0.0295982360839844 -0.00459480285644531 -0.056488037109375 -0.503997802734375
0.0276432037353516 0.00831413269042969 -0.23681640625 -0.645263671875
0.0132293701171875 0.0178451538085937 -0.3536376953125 -0.6546630859375
-0.00849533081054688 0.0359764099121094 -0.27850341796875 -0.66082763671875
0.00872087478637695 0.00471305847167969 -0.208221435546875 -0.4537353515625
-0.00191020965576172 -0.0109615325927734 -0.100967407226563 -0.113433837890625
-0.0156803131103516 0.000332832336425783 0.16265869140625 0.075408935546875
-0.0213832855224609 0.0181999206542969 0.234527587890625 0.427520751953125
0.00321197509765625 0.0357551574707031 0.383758544921875 0.559844970703125
0.000579833984375001 0.0249462127685547 0.36285400390625 0.6033935546875
-0.000435113906860352 0.00185561180114746 0.17193603515625 0.56463623046875
-0.00124311447143555 -0.0042273998260498 0.079132080078125 0.520263671875
0.00701522827148438 0.0178966522216797 0.050323486328125 0.32855224609375
0.00306510925292969 0.0127630233764648 0.0270843505859375 0.0651664733886719
-0.000423431396484375 0.00999641418457031 -0.0186309814453125 -0.244476318359375
0.013641357421875 0.00785160064697266 -0.0712890625 -0.502227783203125
0.0117568969726562 0.00671291351318359 -0.2581787109375 -0.63409423828125
0.00989246368408203 0.00480461120605469 -0.3778076171875 -0.6405029296875
0.0102710723876953 0.0299148559570313 -0.30035400390625 -0.6495361328125
0.02337646484375 0.0217685699462891 -0.215789794921875 -0.448211669921875
-0.00816726684570312 0.0109643936157227 -0.0990829467773437 -0.113258361816406
-0.0341339111328125 0.0222797393798828 0.1602783203125 0.0819854736328125
-0.0131187438964844 0.0460166931152344 0.228515625 0.43475341796875
0.0273323059082031 0.0391769409179688 0.36627197265625 0.5736083984375
0.00832176208496094 0.00594949722290039 0.34014892578125 0.6221923828125
-0.0117130279541016 -0.0140390396118164 0.1566162109375 0.57586669921875
-0.02117919921875 -0.000629425048828128 0.07122802734375 0.520538330078125
-0.0048065185546875 0.0334739685058594 0.050445556640625 0.318695068359375
-0.0029296875 0.0254192352294922 0.0295066833496094 0.0517730712890625
-0.00983810424804688 0.0243167877197266 -0.0230255126953125 -0.256607055664063
-0.00167942047119141 0.0168933868408203 -0.0853271484375 -0.50714111328125
-0.00393271446228027 0.00131583213806152 -0.2763671875 -0.62744140625
0.00457859039306641 -0.0110397338867188 -0.39697265625 -0.62255859375
0.0279121398925781 0.0211009979248047 -0.31982421875 -0.63714599609375
0.0398979187011719 0.0368270874023437 -0.22412109375 -0.439666748046875
-0.0147342681884766 0.03363037109375 -0.0988998413085938 -0.108116149902344
-0.0476875305175781 0.0418319702148437 0.154495239257812 0.090911865234375
-0.00181198120117188 0.0652885437011719 0.2176513671875 0.439422607421875
0.0476341247558594 0.0354270935058594 0.341796875 0.58770751953125
0.0115270614624023 -0.0122776031494141 0.31475830078125 0.64788818359375
-0.0241527557373047 -0.0272235870361328 0.14752197265625 0.59027099609375
-0.0388107299804688 0.00231552124023438 0.067626953125 0.5172119140625
-0.0156898498535156 0.0421180725097656 0.051300048828125 0.30059814453125
-0.00842475891113281 0.0325260162353516 0.0307807922363281 0.0300769805908203
-0.0185222625732422 0.0330829620361328 -0.026641845703125 -0.272537231445313
-0.0163650512695313 0.0217494964599609 -0.097381591796875 -0.517059326171875
-0.01763916015625 -0.00845527648925782 -0.29150390625 -0.619140625
0.000783920288085935 -0.0279273986816406 -0.4110107421875 -0.60382080078125
0.0467147827148438 0.0133743286132813 -0.33929443359375 -0.61981201171875
0.055023193359375 0.0500602722167969 -0.231842041015625 -0.427032470703125
-0.0225067138671875 0.0526885986328125 -0.102249145507813 -0.097137451171875
-0.0520782470703125 0.0559349060058594 0.144561767578125 0.101730346679688
0.00942230224609374 0.0732269287109375 0.20135498046875 0.442840576171875
0.0590286254882812 0.0244636535644531 0.3192138671875 0.60504150390625
0.00771141052246094 -0.0283279418945313 0.296875 0.67230224609375
-0.0335693359375 -0.0366477966308594 0.1453857421875 0.6029052734375
-0.0497093200683594 0.00146484374999999 0.073974609375 0.509765625
-0.0196151733398438 0.0447158813476563 0.055755615234375 0.280715942382812
-0.0110492706298828 0.03363037109375 0.0328006744384766 0.00728225708007813
-0.0261001586914063 0.0359115600585938 -0.028594970703125 -0.29193115234375
-0.0279788970947266 0.0180091857910156 -0.100433349609375 -0.524688720703125
-0.0282363891601563 -0.0211200714111328 -0.29498291015625 -0.6107177734375
0.000785827636718754 -0.0449066162109375 -0.41741943359375 -0.58612060546875
0.0631103515625 0.008544921875 -0.35101318359375 -0.60400390625
0.0628242492675781 0.0621185302734375 -0.238555908203125 -0.415130615234375
-0.0318412780761719 0.0653915405273438 -0.109870910644531 -0.0830154418945312
0.0184402465820312 -0.0639190673828125 0.127471923828125 0.09027099609375
-0.061553955078125 -0.0519256591796875 0.22857666015625 0.417266845703125
-0.0579032897949219 0.0345230102539063 0.394683837890625 0.55535888671875
-0.0059661865234375 0.059356689453125 0.41448974609375 0.61590576171875
0.0361976623535156 0.00960159301757813 0.2489013671875 0.57061767578125
0.0441017150878906 -0.052337646484375 0.14825439453125 0.495758056640625
0.0308837890625 -0.0537261962890625 0.080322265625 0.297271728515625
0.025634765625 -0.0484275817871094 0.0277862548828125 0.0355072021484375
0.0344200134277344 -0.0555000305175781 -0.00433349609374997 -0.2747802734375
0.0663566589355469 -0.0325546264648438 -0.0195312499999999 -0.53240966796875
0.0524826049804687 0.0131416320800781 -0.18878173828125 -0.6649169921875
0.0028228759765625 0.0377960205078125 -0.31610107421875 -0.65643310546875
-0.0527839660644531 0.0177879333496094 -0.261474609375 -0.65576171875
-0.00727081298828125 -0.0512428283691406 -0.20947265625 -0.449249267578125
0.0222969055175781 -0.0520057678222656 -0.132400512695313 -0.0904693603515625
0.0218696594238281 -0.0570487976074219 0.139533996582031 0.0792388916015625
-0.0527458190917969 -0.0498275756835937 0.238250732421875 0.413177490234375
-0.0558929443359375 0.0311660766601563 0.403594970703125 0.546173095703125
-0.0100517272949219 0.0622787475585938 0.41326904296875 0.59979248046875
0.0312309265136719 0.0186176300048828 0.23480224609375 0.56195068359375
0.0435218811035156 -0.0371513366699219 0.134429931640625 0.506561279296875
0.03094482421875 -0.0388755798339844 0.07354736328125 0.316009521484375
0.0222244262695312 -0.036407470703125 0.0247459411621094 0.0552635192871094
0.0272026062011719 -0.04364013671875 -0.00877380371093749 -0.257568359375
0.0588912963867188 -0.0268745422363281 -0.0302734375 -0.5255126953125
0.0503654479980469 0.0122261047363281 -0.20294189453125 -0.6663818359375
0.0104751586914063 0.0372047424316406 -0.3232421875 -0.66754150390625
-0.0440483093261719 0.0304298400878906 -0.25787353515625 -0.66485595703125
-0.00919723510742188 -0.0353164672851563 -0.20465087890625 -0.455230712890625
0.0142669677734375 -0.0460319519042969 -0.11798095703125 -0.100250244140625
0.0154266357421875 -0.0424003601074219 0.150909423828125 0.072998046875
-0.039306640625 -0.0348892211914062 0.244140625 0.415985107421875
-0.0415534973144531 0.02984619140625 0.406463623046875 0.543365478515625
-0.0119476318359375 0.0551986694335938 0.40460205078125 0.593505859375
0.0221424102783203 0.0200099945068359 0.217498779296875 0.56011962890625
0.0340576171875 -0.0241165161132812 0.118194580078125 0.515289306640625
0.0259494781494141 -0.0212383270263672 0.0665283203125 0.3299560546875
0.0163726806640625 -0.0199966430664063 0.0246543884277344 0.0673294067382813
0.0181484222412109 -0.027496337890625 -0.0121612548828125 -0.247482299804688
0.0455856323242187 -0.0166740417480469 -0.045166015625 -0.516998291015625
0.0413627624511719 0.00955963134765625 -0.219970703125 -0.6593017578125
0.0143032073974609 0.0306148529052734 -0.340087890625 -0.66717529296875
-0.0250434875488281 0.037109375 -0.2672119140625 -0.6705322265625
-0.00393009185791016 -0.0155782699584961 -0.204864501953125 -0.458038330078125
0.00624465942382812 -0.03094482421875 -0.109260559082031 -0.109107971191406
0.00167083740234375 -0.0215778350830078 0.159286499023438 0.072998046875
-0.0296516418457031 -0.0112075805664063 0.244476318359375 0.4234619140625
-0.0218830108642578 0.0326862335205078 0.39990234375 0.55145263671875
-0.00780868530273437 0.0427780151367188 0.38836669921875 0.595703125
0.0106849670410156 0.0132722854614258 0.195587158203125 0.560821533203125
0.0187187194824219 -0.0129756927490234 0.0963134765625001 0.522216796875
0.0170249938964844 -0.000510215759277344 0.058624267578125 0.335052490234375
0.0115604400634766 -0.00430583953857422 0.0258331298828125 0.0714492797851562
0.00888252258300781 -0.00880336761474609 -0.015350341796875 -0.242843627929688
0.0298728942871094 -0.00476455688476562 -0.058441162109375 -0.509246826171875
0.0273113250732422 0.00831413269042969 -0.2391357421875 -0.6500244140625
0.0141620635986328 0.0188121795654297 -0.3590087890625 -0.65869140625
-0.00780677795410156 0.0348720550537109 -0.28131103515625 -0.666259765625
0.00789022445678711 0.00427770614624024 -0.211944580078125 -0.457489013671875
-0.00180339813232422 -0.0113039016723633 -0.102401733398438 -0.114761352539063
-0.0175580978393555 -0.000104904174804685 0.165313720703125 0.07574462890625
-0.0220127105712891 0.01788330078125 0.238525390625 0.4305419921875
0.0045623779296875 0.0368614196777344 0.3887939453125 0.56298828125
0.00057792663574219 0.0251140594482422 0.36480712890625 0.606689453125
-0.00040888786315918 0.00106912851333618 0.1728515625 0.570068359375
-0.00223660469055176 -0.00402641296386719 0.079071044921875 0.52392578125
0.00572586059570313 0.0182113647460938 0.0513916015625 0.332550048828125
0.00241279602050781 0.0131473541259766 0.026611328125 0.0658760070800781
9.91821289062511E-05 0.0108499526977539 -0.0189208984375 -0.2459716796875
0.0132913589477539 0.00861167907714844 -0.0738525390625 -0.508270263671875
0.0115509033203125 0.00538539886474609 -0.2613525390625 -0.63897705078125
0.00949478149414063 0.00496482849121094 -0.38079833984375 -0.6422119140625
0.0103836059570313 0.0294952392578125 -0.3035888671875 -0.65606689453125
0.0237274169921875 0.0207633972167969 -0.216888427734375 -0.45166015625
-0.00894069671630859 0.0115127563476562 -0.0997772216796875 -0.114555358886719
-0.0343246459960938 0.0238265991210937 0.162094116210938 0.0824432373046875
-0.0127334594726562 0.045867919921875 0.23236083984375 0.436859130859375
0.0286026000976562 0.0405921936035156 0.36920166015625 0.57586669921875
0.00843095779418945 0.00561761856079102 0.3428955078125 0.62481689453125
-0.0125980377197266 -0.0141506195068359 0.156494140625 0.58099365234375
-0.0224895477294922 0.00049018859863281 0.071685791015625 0.525634765625
-0.00568389892578125 0.033538818359375 0.05072021484375 0.3231201171875
-0.00279998779296875 0.0262050628662109 0.0297317504882813 0.0513191223144531
-0.00902366638183594 0.0248146057128906 -0.0228729248046875 -0.257705688476562
-0.00168418884277344 0.0177059173583984 -0.0880126953125 -0.511688232421875
-0.00433945655822754 0.0018312931060791 -0.28076171875 -0.6317138671875
0.00439453125 -0.0108489990234375 -0.40106201171875 -0.626708984375
0.0283737182617188 0.0203571319580078 -0.32513427734375 -0.6416015625
0.0417976379394531 0.0361099243164063 -0.22711181640625 -0.442901611328125
-0.0141105651855469 0.0338039398193359 -0.100143432617187 -0.108695983886719
-0.0477333068847656 0.0427627563476563 0.15631103515625 0.091400146484375
-0.00252914428710938 0.0662155151367188 0.21875 0.441650390625
0.0499229431152344 0.0366706848144531 0.346435546875 0.5908203125
0.0118579864501953 -0.0126552581787109 0.318359375 0.6497802734375
-0.0263557434082031 -0.0276317596435547 0.14630126953125 0.59674072265625
-0.0404014587402344 0.0020751953125 0.071014404296875 0.522247314453125
-0.0158653259277344 0.0427360534667969 0.053375244140625 0.304412841796875
-0.00835800170898438 0.03302001953125 0.0306358337402344 0.0306549072265625
-0.0168704986572266 0.0342483520507813 -0.0275726318359375 -0.273574829101563
-0.0159702301025391 0.0217094421386719 -0.100799560546875 -0.519805908203125
-0.01971435546875 -0.00760078430175781 -0.29595947265625 -0.6214599609375
0.000974655151367189 -0.0287322998046875 -0.4171142578125 -0.60784912109375
0.0471839904785156 0.0139503479003906 -0.34173583984375 -0.625244140625
0.0548286437988281 0.0496444702148438 -0.2352294921875 -0.43060302734375
-0.023193359375 0.0530853271484375 -0.103378295898438 -0.0986862182617187
-0.052093505859375 0.0569000244140625 0.145904541015625 0.100677490234375
0.00803375244140625 0.0728378295898438 0.20458984375 0.446197509765625
0.0600776672363281 0.0254974365234375 0.32354736328125 0.6075439453125
0.00860977172851563 -0.0280570983886719 0.2989501953125 0.67730712890625
-0.0363273620605469 -0.0379638671875 0.14544677734375 0.61053466796875
-0.0513229370117188 0.00136566162109375 0.07342529296875 0.514495849609375
-0.0214767456054687 0.043914794921875 0.05731201171875 0.282012939453125
-0.0105323791503906 0.0346851348876953 0.034454345703125 0.00686836242675781
-0.0252685546875 0.036376953125 -0.029083251953125 -0.2938232421875
-0.0301780700683594 0.0163955688476563 -0.10211181640625 -0.530426025390625
-0.0292263031005859 -0.0215816497802734 -0.299560546875 -0.614501953125
0.000274658203125005 -0.0460357666015625 -0.4244384765625 -0.591064453125
0.063262939453125 0.0074920654296875 -0.3551025390625 -0.6075439453125
0.0634689331054688 0.0621070861816406 -0.241455078125 -0.418060302734375
-0.0326614379882813 0.0665321350097656 -0.111061096191406 -0.0844650268554688
0.018463134765625 -0.0662384033203125 0.128242492675781 0.0908203125
-0.0622482299804688 -0.0520095825195312 0.233001708984375 0.420074462890625
-0.0580291748046875 0.0365104675292969 0.40032958984375 0.559295654296875
-0.005126953125 0.0612449645996094 0.41912841796875 0.619140625
0.0357666015625 0.00929641723632813 0.25164794921875 0.57366943359375
0.0444068908691406 -0.0528526306152344 0.15069580078125 0.500091552734375
0.0304489135742188 -0.053924560546875 0.082489013671875 0.29998779296875
0.0242080688476562 -0.0486297607421875 0.0273628234863281 0.0354995727539063
0.0339012145996094 -0.0562629699707031 -0.0048828125 -0.27716064453125
0.0661582946777344 -0.0336189270019531 -0.02154541015625 -0.539276123046875
0.0522842407226563 0.0117378234863281 -0.1929931640625 -0.66790771484375
0.00180816650390625 0.0388984680175781 -0.32012939453125 -0.66058349609375
-0.0535316467285156 0.0178909301757813 -0.26580810546875 -0.65789794921875
-0.00792694091796875 -0.0520133972167969 -0.2137451171875 -0.45281982421875
0.0227470397949219 -0.0519905090332031 -0.134742736816406 -0.0892715454101562
0.0212974548339844 -0.0579605102539063 0.141204833984375 0.079376220703125
-0.0529327392578125 -0.0496673583984375 0.24267578125 0.418243408203125
-0.0554885864257813 0.0326194763183594 0.4073486328125 0.54974365234375
-0.0100288391113281 0.0620384216308594 0.4169921875 0.60382080078125
0.0302791595458984 0.0185565948486328 0.23675537109375 0.56903076171875
0.0429420471191406 -0.0381546020507813 0.13812255859375 0.510223388671875
0.0315628051757813 -0.0401992797851563 0.07501220703125 0.318756103515625
0.0220909118652344 -0.0364418029785156 0.0259323120117188 0.0555381774902344
0.0277137756347656 -0.0445938110351563 -0.010345458984375 -0.259597778320313
0.0586738586425781 -0.0273895263671875 -0.03271484375 -0.52764892578125
0.0508232116699219 0.011474609375 -0.20611572265625 -0.669189453125
0.0104103088378906 0.037872314453125 -0.32904052734375 -0.672607421875
-0.0431251525878906 0.0302162170410156 -0.262939453125 -0.6715087890625
-0.01025390625 -0.0361213684082031 -0.208770751953125 -0.460296630859375
0.0145263671875 -0.0458717346191406 -0.119560241699219 -0.101219177246094
0.0160980224609375 -0.0425033569335937 0.1533203125 0.072998046875
-0.0412673950195312 -0.0346412658691406 0.247894287109375 0.420989990234375
-0.0424003601074219 0.0308303833007812 0.412384033203125 0.5472412109375
-0.0123367309570313 0.0559234619140625 0.41033935546875 0.5965576171875
0.0224094390869141 0.0194072723388672 0.220458984375 0.56353759765625
0.0345973968505859 -0.0232982635498047 0.11944580078125 0.51812744140625
0.0265598297119141 -0.0216388702392578 0.06890869140625 0.332916259765625
0.0154933929443359 -0.0207977294921875 0.0249061584472656 0.0679588317871094
0.0191650390625 -0.0273380279541016 -0.0142059326171875 -0.24755859375
0.0459365844726563 -0.0170631408691406 -0.050079345703125 -0.519805908203125
0.0417976379394531 0.0100021362304687 -0.22662353515625 -0.6634521484375
0.0141544342041016 0.0305728912353516 -0.346923828125 -0.67138671875
-0.0267868041992187 0.0366058349609375 -0.2711181640625 -0.67449951171875
-0.00400161743164062 -0.0157766342163086 -0.207733154296875 -0.4630126953125
0.00522994995117187 -0.0307064056396484 -0.109848022460938 -0.110404968261719
0.00175857543945312 -0.0221843719482422 0.16217041015625 0.071807861328125
-0.0294456481933594 -0.0110435485839844 0.248077392578125 0.4268798828125
-0.0208644866943359 0.0324802398681641 0.4066162109375 0.552978515625
-0.00764846801757813 0.042633056640625 0.39324951171875 0.5994873046875
0.0105104446411133 0.0131502151489258 0.198486328125 0.56658935546875
0.0182991027832031 -0.0125408172607422 0.0982055664062501 0.525665283203125
0.0170841217041016 -0.00127792358398438 0.059967041015625 0.33819580078125
0.0104789733886719 -0.00299167633056641 0.0252761840820312 0.0706329345703125
0.00966262817382813 -0.00801944732666016 -0.0176849365234375 -0.243759155273437
0.0297985076904297 -0.00432586669921875 -0.0616455078125 -0.513275146484375
0.02783203125 0.00861167907714844 -0.2452392578125 -0.6549072265625
0.0143375396728516 0.018035888671875 -0.36553955078125 -0.66375732421875
-0.00864410400390625 0.0358619689941406 -0.2862548828125 -0.6702880859375
0.00810813903808594 0.00426006317138672 -0.215972900390625 -0.46124267578125
-0.00262832641601563 -0.010502815246582 -0.104583740234375 -0.114707946777344
-0.016779899597168 0.000444412231445309 0.165512084960938 0.075103759765625
-0.0207710266113281 0.0182819366455078 0.2430419921875 0.434783935546875
0.0047760009765625 0.0386505126953125 0.39483642578125 0.56610107421875
0.00104522705078125 0.0264320373535156 0.372314453125 0.60955810546875
-0.000518918037414551 0.000698328018188476 0.17449951171875 0.5731201171875
-0.00267267227172852 -0.00402736663818359 0.08038330078125 0.530181884765625
0.00581836700439453 0.017491340637207 0.05419921875 0.335357666015625
0.00290012359619141 0.0120563507080078 0.0269851684570312 0.0656280517578125
-0.000982284545898436 0.010310173034668 -0.0201873779296875 -0.247879028320312
0.0138759613037109 0.00784587860107422 -0.075408935546875 -0.51129150390625
0.0122661590576172 0.00615978240966797 -0.2669677734375 -0.6422119140625
0.00943183898925781 0.00461483001708984 -0.387451171875 -0.64776611328125
0.0105533599853516 0.0292301177978516 -0.3077392578125 -0.66015625
0.0241317749023438 0.0204582214355469 -0.22198486328125 -0.455108642578125
-0.00985527038574219 0.0121583938598633 -0.101333618164062 -0.115211486816406
-0.0343894958496094 0.0241775512695313 0.164306640625 0.080963134765625
-0.0135574340820312 0.0472030639648438 0.23614501953125 0.4420166015625
0.0298919677734375 0.0405006408691406 0.37530517578125 0.57928466796875
0.00853776931762695 0.00686979293823242 0.3463134765625 0.62969970703125
-0.013646125793457 -0.014552116394043 0.1595458984375 0.585693359375
-0.0230312347412109 0.000280380249023437 0.0735168457031251 0.531005859375
-0.0069427490234375 0.0336685180664063 0.05413818359375 0.324371337890625
-0.00295066833496094 0.0258121490478516 0.0296249389648437 0.0520668029785156
-0.00982475280761719 0.0261249542236328 -0.0249176025390625 -0.258697509765625
-0.00181198120117187 0.0183906555175781 -0.092315673828125 -0.516357421875
-0.00610589981079102 0.00181150436401367 -0.28717041015625 -0.63494873046875
0.00343894958496094 -0.0107870101928711 -0.40716552734375 -0.630126953125
0.0294914245605469 0.0207424163818359 -0.32928466796875 -0.6458740234375
0.040679931640625 0.0359230041503906 -0.2301025390625 -0.445770263671875
-0.0151100158691406 0.0337905883789062 -0.100883483886719 -0.109367370605469
-0.0484275817871094 0.0435066223144531 0.157699584960937 0.0896453857421875
-0.00239181518554687 0.0669326782226563 0.223907470703125 0.448089599609375
0.0513343811035156 0.0372085571289063 0.3511962890625 0.5946044921875
0.0115203857421875 -0.0136070251464844 0.3203125 0.6556396484375
-0.0261764526367188 -0.0286293029785156 0.14813232421875 0.60162353515625
-0.040740966796875 0.00262451171875 0.07196044921875 0.527313232421875
-0.0154800415039063 0.0434074401855469 0.055633544921875 0.306793212890625
-0.00787353515625 0.0330905914306641 0.0311508178710937 0.0304279327392578
-0.01806640625 0.0352096557617187 -0.02972412109375 -0.275634765625
-0.0173377990722656 0.0218963623046875 -0.10308837890625 -0.524444580078125
-0.0198936462402344 -0.00727081298828125 -0.300537109375 -0.62451171875
-0.000185012817382811 -0.0286521911621094 -0.4217529296875 -0.610595703125
0.0481224060058594 0.01287841796875 -0.34814453125 -0.6287841796875
0.0553359985351563 0.0508346557617188 -0.2379150390625 -0.4337158203125
-0.0226821899414063 0.0543785095214844 -0.105293273925781 -0.0986480712890625
-0.0529403686523438 0.056976318359375 0.147476196289063 0.100692749023438
0.0105133056640625 0.0748672485351562 0.2093505859375 0.451171875
0.0615043640136719 0.0263519287109375 0.326904296875 0.61248779296875
0.00697135925292968 -0.0298290252685547 0.3035888671875 0.68145751953125
-0.0368766784667969 -0.0375442504882813 0.14715576171875 0.61468505859375
-0.0523605346679688 0.00341415405273438 0.07550048828125 0.51873779296875
-0.0206947326660156 0.0461845397949219 0.059295654296875 0.285125732421875
-0.0117263793945313 0.0338859558105469 0.0340576171875 0.00720024108886719
-0.0259780883789063 0.0376510620117188 -0.03076171875 -0.29608154296875
-0.0292911529541016 0.0176525115966797 -0.105987548828125 -0.5345458984375
-0.0295753479003906 -0.0206718444824219 -0.30535888671875 -0.619140625
0.000141143798828129 -0.0459747314453125 -0.4298095703125 -0.59234619140625
0.0640487670898438 0.00772476196289063 -0.3614501953125 -0.6129150390625
0.0642890930175781 0.0627174377441406 -0.244659423828125 -0.421875
-0.0335655212402344 0.0683975219726562 -0.112823486328125 -0.0844879150390625
0.0187187194824219 -0.0671920776367188 0.129913330078125 0.0894317626953125
-0.0638427734375 -0.0521812438964844 0.23828125 0.423004150390625
-0.0581169128417969 0.0374183654785156 0.40570068359375 0.562225341796875
-0.00489425659179687 0.0617408752441406 0.4267578125 0.62078857421875
0.0362701416015625 0.00878524780273438 0.25653076171875 0.57916259765625
0.043853759765625 -0.0527114868164063 0.154632568359375 0.50250244140625
0.0307235717773437 -0.053955078125 0.084564208984375 0.301971435546875
0.0248031616210937 -0.0489959716796875 0.0274581909179688 0.0356712341308594
0.0345268249511719 -0.0566024780273437 -0.00758361816406247 -0.279327392578125
0.06695556640625 -0.0329322814941406 -0.0250549316406251 -0.54449462890625
0.0528755187988281 0.0123100280761719 -0.19873046875 -0.67413330078125
0.00227737426757813 0.0398788452148437 -0.32708740234375 -0.66229248046875
-0.0535888671875 0.0183219909667969 -0.27215576171875 -0.66400146484375
-0.00829315185546875 -0.0538177490234375 -0.21826171875 -0.453826904296875
0.0225791931152344 -0.0532341003417969 -0.136192321777344 -0.0887908935546875
0.0210418701171875 -0.05926513671875 0.14215087890625 0.0778350830078125
-0.0538406372070312 -0.0496177673339844 0.24737548828125 0.418914794921875
-0.0559883117675781 0.03436279296875 0.414276123046875 0.551239013671875
-0.0101127624511719 0.0625724792480469 0.42327880859375 0.60784912109375
0.0308399200439453 0.0178737640380859 0.24139404296875 0.57269287109375
0.0436248779296875 -0.039093017578125 0.140716552734375 0.514678955078125
0.0313148498535156 -0.0406990051269531 0.078704833984375 0.321533203125
0.0217514038085938 -0.0371437072753906 0.0263023376464844 0.0556297302246094
0.0280799865722656 -0.0443572998046875 -0.012786865234375 -0.261795043945313
0.0593452453613281 -0.0273818969726563 -0.03619384765625 -0.532135009765625
0.0515518188476563 0.0119209289550781 -0.21466064453125 -0.67413330078125
0.0103569030761719 0.0384330749511719 -0.3358154296875 -0.67657470703125
-0.0440559387207031 0.030853271484375 -0.2684326171875 -0.6756591796875
-0.0115203857421875 -0.0374183654785156 -0.21307373046875 -0.462005615234375
0.01458740234375 -0.0467262268066406 -0.121299743652344 -0.100112915039062
0.015655517578125 -0.0433349609375 0.155303955078125 0.0712738037109375
-0.0424308776855469 -0.0349693298339844 0.25311279296875 0.422332763671875
-0.0422096252441406 0.0322723388671875 0.418243408203125 0.549407958984375
-0.0117683410644531 0.0569915771484375 0.4163818359375 0.59832763671875
0.0226688385009766 0.0197734832763672 0.2237548828125 0.57025146484375
0.0341300964355469 -0.0244102478027344 0.123046875 0.523895263671875
0.0258884429931641 -0.0212020874023438 0.07244873046875 0.33575439453125
0.0158138275146484 -0.0207805633544922 0.0253944396972656 0.0676307678222656
0.0187358856201172 -0.0271453857421875 -0.01617431640625 -0.250335693359375
0.0463027954101563 -0.0172576904296875 -0.052001953125 -0.5242919921875
0.0418701171875 0.0101966857910156 -0.23150634765625 -0.66851806640625
0.0160140991210938 0.0309276580810547 -0.35296630859375 -0.6741943359375
-0.0267066955566406 0.0371284484863281 -0.277099609375 -0.68115234375
-0.00555896759033203 -0.0166559219360352 -0.21441650390625 -0.465972900390625
0.0045013427734375 -0.0318851470947266 -0.112396240234375 -0.110275268554687
0.00239753723144531 -0.0225849151611328 0.164886474609375 0.0703887939453125
-0.0302295684814453 -0.0100498199462891 0.2532958984375 0.42974853515625
-0.0203323364257812 0.0338344573974609 0.4140625 0.556640625
-0.007110595703125 0.04443359375 0.39996337890625 0.60101318359375
0.0106735229492188 0.0128412246704102 0.20068359375 0.5714111328125
0.0179977416992188 -0.0127182006835938 0.10235595703125 0.5313720703125
0.0169038772583008 -0.000432968139648438 0.062103271484375 0.34228515625
0.00992965698242188 -0.00295829772949219 0.0252685546875 0.0714187622070313
0.00936126708984375 -0.00788021087646484 -0.0196075439453125 -0.246231079101563
0.0298309326171875 -0.00461959838867187 -0.066162109375 -0.517608642578125
0.0267429351806641 0.00853538513183594 -0.25262451171875 -0.65838623046875
0.0136089324951172 0.0189971923828125 -0.37353515625 -0.66656494140625
-0.00779342651367188 0.0356521606445313 -0.2930908203125 -0.67724609375
0.00736236572265625 0.00368785858154297 -0.218902587890625 -0.46429443359375
-0.00347042083740234 -0.0110149383544922 -0.106033325195313 -0.117156982421875
-0.0165367126464844 0.000276565551757816 0.168960571289063 0.0733489990234375
-0.0215988159179687 0.0188999176025391 0.248504638671875 0.436492919921875
0.00592041015625 0.0389595031738281 0.4022216796875 0.5687255859375
0.00168991088867188 0.0265750885009766 0.37725830078125 0.61322021484375
-0.00166141986846924 0.00040888786315918 0.1771240234375 0.58001708984375
-0.00321102142333984 -0.00477313995361328 0.085174560546875 0.5345458984375
0.00535392761230469 0.0183372497558594 0.05694580078125 0.337493896484375
0.00230884552001953 0.0121297836303711 0.0275802612304687 0.0655326843261719
-0.00126743316650391 0.0112094879150391 -0.0224761962890625 -0.24932861328125
0.0143032073974609 0.00838470458984375 -0.07965087890625 -0.516082763671875
0.011601448059082 0.00618171691894531 -0.27392578125 -0.646728515625
0.00933361053466797 0.00411319732666016 -0.39556884765625 -0.6502685546875
0.0114917755126953 0.0300388336181641 -0.31707763671875 -0.66265869140625
0.0244579315185547 0.0208053588867188 -0.22705078125 -0.45751953125
-0.00974655151367188 0.0122480392456055 -0.10333251953125 -0.116233825683594
-0.0366554260253906 0.0231590270996094 0.165542602539063 0.07989501953125
-0.0127792358398437 0.0476760864257812 0.240814208984375 0.443084716796875
0.0304718017578125 0.0415382385253906 0.38201904296875 0.5821533203125
0.00922966003417969 0.00716495513916016 0.35467529296875 0.63409423828125
-0.0142393112182617 -0.015376091003418 0.16064453125 0.59051513671875
-0.0243301391601563 0.000589370727539058 0.076019287109375 0.5352783203125
-0.00614356994628906 0.0342845916748047 0.05682373046875 0.32696533203125
-0.00410270690917969 0.0258884429931641 0.0302886962890625 0.0516853332519531
-0.00942420959472656 0.0271892547607422 -0.0273895263671875 -0.260818481445313
-0.00195693969726563 0.0181446075439453 -0.0960693359375 -0.52093505859375
-0.00542926788330078 0.00187206268310547 -0.29364013671875 -0.63873291015625
0.00352382659912109 -0.0114536285400391 -0.41461181640625 -0.63287353515625
0.0299224853515625 0.0208511352539063 -0.33660888671875 -0.64849853515625
0.0414848327636719 0.0348129272460938 -0.23565673828125 -0.44775390625
-0.0157318115234375 0.0355148315429688 -0.103141784667969 -0.110069274902344
-0.049591064453125 0.0438423156738281 0.160064697265625 0.0884246826171875
-0.00199890136718749 0.0687294006347656 0.2288818359375 0.449554443359375
0.0531387329101563 0.0381050109863281 0.3583984375 0.599365234375
0.0124263763427734 -0.013275146484375 0.32720947265625 0.6588134765625
-0.026885986328125 -0.0288658142089844 0.15179443359375 0.60723876953125
-0.0421600341796875 0.0034942626953125 0.074493408203125 0.531982421875
-0.0163383483886719 0.0440559387207031 0.056915283203125 0.308258056640625
-0.00937843322753906 0.0337085723876953 0.031982421875 0.0309085845947266
-0.0184440612792969 0.0367584228515625 -0.0309906005859375 -0.278701782226563
-0.017303466796875 0.0224876403808594 -0.10711669921875 -0.528167724609375
-0.0206413269042969 -0.00699234008789062 -0.30908203125 -0.63055419921875
-0.000364303588867184 -0.0295829772949219 -0.43048095703125 -0.61187744140625
0.0489044189453125 0.0116920471191406 -0.35382080078125 -0.63287353515625
0.05609130859375 0.0494651794433594 -0.24334716796875 -0.436492919921875
-0.0238265991210938 0.0550994873046875 -0.107444763183594 -0.0988388061523438
-0.0535507202148438 0.05743408203125 0.149124145507813 0.100265502929687
0.0105514526367188 0.0752487182617187 0.214385986328125 0.45538330078125
0.0627861022949219 0.0258979797363281 0.33416748046875 0.6158447265625
0.00867462158203125 -0.0292167663574219 0.30865478515625 0.68499755859375
-0.0382041931152344 -0.0389251708984375 0.15081787109375 0.62127685546875
-0.0523796081542969 0.00377655029296876 0.080596923828125 0.5244140625
-0.0213890075683594 0.047149658203125 0.06109619140625 0.2861328125
-0.0116844177246094 0.0354995727539063 0.0337409973144531 0.00544357299804688
-0.0255622863769531 0.038543701171875 -0.03277587890625 -0.298187255859375
-0.0297660827636719 0.0193233489990234 -0.110748291015625 -0.53863525390625
-0.0321273803710938 -0.0208110809326172 -0.31048583984375 -0.62225341796875
-0.000259399414062497 -0.046112060546875 -0.4364013671875 -0.59588623046875
0.0651741027832031 0.0068817138671875 -0.36773681640625 -0.61614990234375
0.0648078918457031 0.0631332397460938 -0.249053955078125 -0.424591064453125
-0.0328712463378906 0.0692100524902344 -0.113754272460938 -0.0845184326171875
0.0177001953125 -0.0678863525390625 0.131790161132813 0.0904617309570313
-0.0655250549316406 -0.0522270202636719 0.24462890625 0.42535400390625
-0.0582199096679687 0.039031982421875 0.4156494140625 0.56329345703125
-0.003814697265625 0.06317138671875 0.43133544921875 0.62420654296875
0.0347003936767578 0.00841712951660156 0.26116943359375 0.58404541015625
0.0432929992675781 -0.0534019470214844 0.158843994140625 0.507659912109375
0.0298690795898438 -0.0553665161132813 0.08740234375 0.3038330078125
0.0239677429199219 -0.049713134765625 0.0279579162597656 0.0359306335449219
0.034210205078125 -0.0573234558105469 -0.01031494140625 -0.28167724609375
0.0671424865722656 -0.0335845947265625 -0.030364990234375 -0.549957275390625
0.0538063049316406 0.0131492614746094 -0.20635986328125 -0.6776123046875
0.00225067138671875 0.0401649475097656 -0.33612060546875 -0.6673583984375
-0.0540924072265625 0.0190773010253906 -0.2789306640625 -0.66900634765625
-0.0101509094238281 -0.0538787841796875 -0.22528076171875 -0.458953857421875
0.0229072570800781 -0.0538330078125 -0.138877868652344 -0.0895004272460938
0.0203094482421875 -0.0594444274902344 0.144744873046875 0.077789306640625
-0.0559463500976563 -0.049774169921875 0.25286865234375 0.4205322265625
-0.0561294555664063 0.0364227294921875 0.422607421875 0.553863525390625
-0.00967407226562501 0.0633125305175781 0.43023681640625 0.61029052734375
0.0307273864746094 0.0174179077148437 0.24609375 0.57672119140625
0.0425491333007813 -0.0384407043457031 0.14459228515625 0.517333984375
0.0300788879394531 -0.0405464172363281 0.082000732421875 0.323486328125
0.0208320617675781 -0.0370826721191406 0.0273551940917969 0.0553970336914063
0.0272903442382813 -0.0449142456054688 -0.0152587890625 -0.263168334960937
0.0597000122070312 -0.0283584594726562 -0.04254150390625 -0.53912353515625
0.0513496398925781 0.0119819641113281 -0.21917724609375 -0.67901611328125
0.0112152099609375 0.0394401550292969 -0.34381103515625 -0.679443359375
-0.0441246032714844 0.0311965942382812 -0.27398681640625 -0.68096923828125
-0.0118064880371094 -0.0382194519042969 -0.21875 -0.4637451171875
0.0137977600097656 -0.0474357604980469 -0.123428344726563 -0.100112915039062
0.0156517028808594 -0.0444374084472656 0.156478881835938 0.0701751708984375
-0.0427131652832031 -0.0339622497558594 0.260162353515625 0.425140380859375
-0.0419387817382813 0.0335273742675781 0.426422119140625 0.55029296875
-0.0115470886230469 0.0569877624511719 0.42291259765625 0.6009521484375
0.0219573974609375 0.0202980041503906 0.2279052734375 0.57562255859375
0.0341930389404297 -0.0242328643798828 0.126922607421875 0.5283203125
0.0253543853759766 -0.022735595703125 0.074615478515625 0.338043212890625
0.0166759490966797 -0.0212116241455078 0.0252685546875 0.0680618286132813
0.0183773040771484 -0.0265560150146484 -0.0187225341796875 -0.25311279296875
0.0466156005859375 -0.0173301696777344 -0.057159423828125 -0.5277099609375
0.0420074462890625 0.00952529907226563 -0.24029541015625 -0.67230224609375
0.0146350860595703 0.0311317443847656 -0.3603515625 -0.6796875
-0.0266761779785156 0.0370254516601563 -0.28436279296875 -0.68304443359375
-0.00714683532714844 -0.0175971984863281 -0.21868896484375 -0.467620849609375
0.00399017333984375 -0.0323314666748047 -0.11322021484375 -0.110130310058594
0.000860214233398437 -0.0221061706542969 0.16571044921875 0.070159912109375
-0.0308895111083984 -0.0102882385253906 0.26043701171875 0.430419921875
-0.0199604034423828 0.0339622497558594 0.42376708984375 0.559326171875
-0.00623703002929687 0.0440635681152344 0.406494140625 0.6031494140625
0.0106086730957031 0.0124759674072266 0.20355224609375 0.5755615234375
0.0170497894287109 -0.0123729705810547 0.10516357421875 0.534576416015625
0.0166454315185547 -0.000738143920898437 0.06591796875 0.343292236328125
0.00970554351806641 -0.00375556945800781 0.0272979736328125 0.0717315673828125
0.00924587249755859 -0.00698757171630859 -0.021270751953125 -0.247299194335938
0.0310840606689453 -0.00433921813964844 -0.070587158203125 -0.522186279296875
0.0278491973876953 0.00882339477539063 -0.259765625 -0.66094970703125
0.0142993927001953 0.0186614990234375 -0.37982177734375 -0.66961669921875
-0.00812149047851562 0.0365829467773438 -0.3018798828125 -0.68109130859375
0.0076451301574707 0.00323152542114258 -0.224945068359375 -0.466583251953125
-0.00416278839111328 -0.0109949111938477 -0.107528686523438 -0.115554809570313
-0.0178699493408203 0.000108718872070316 0.171524047851563 0.0713043212890625
-0.0224800109863281 0.0192298889160156 0.254852294921875 0.440277099609375
0.00673294067382813 0.0389633178710938 0.4093017578125 0.5711669921875
0.00251197814941406 0.0264492034912109 0.385986328125 0.61749267578125
-0.00190925598144531 0.00109827518463135 0.1829833984375 0.58428955078125
-0.00452184677124024 -0.00359153747558594 0.089141845703125 0.53955078125
0.00529861450195313 0.0191173553466797 0.05908203125 0.34112548828125
0.00232696533203125 0.013514518737793 0.0294151306152344 0.0663681030273438
-0.000377655029296876 0.0134859085083008 -0.0250091552734375 -0.252197265625
0.0131168365478516 0.00914192199707031 -0.084442138671875 -0.5211181640625
0.0112848281860352 0.00636577606201172 -0.2822265625 -0.65093994140625
0.00996589660644531 0.00533008575439453 -0.4034423828125 -0.65289306640625
0.0120391845703125 0.0282058715820313 -0.322265625 -0.66778564453125
0.0232009887695313 0.0200557708740234 -0.23193359375 -0.4591064453125
-0.00958156585693359 0.0123977661132813 -0.106254577636719 -0.117118835449219
-0.0375137329101563 0.0234565734863281 0.16900634765625 0.0779876708984375
-0.0125656127929688 0.0487632751464844 0.24676513671875 0.447113037109375
0.0334320068359375 0.0418357849121094 0.39056396484375 0.58331298828125
0.00950908660888672 0.00647640228271484 0.3594970703125 0.6353759765625
-0.0159015655517578 -0.0153980255126953 0.16644287109375 0.59521484375
-0.0247077941894531 0.00220870971679687 0.0800781250000001 0.5400390625
-0.00726127624511718 0.0347518920898437 0.059814453125 0.330780029296875
-0.00417137145996094 0.0276336669921875 0.0310630798339844 0.0518379211425781
-0.009307861328125 0.0279541015625 -0.0301361083984375 -0.263290405273438
-0.00232124328613281 0.0187892913818359 -0.102081298828125 -0.5252685546875
-0.00625514984130859 0.00217628479003906 -0.30242919921875 -0.63983154296875
0.00277328491210938 -0.0117473602294922 -0.4228515625 -0.63623046875
0.0307235717773438 0.0212268829345703 -0.3431396484375 -0.65277099609375
0.0416297912597656 0.0359878540039063 -0.24053955078125 -0.451873779296875
-0.0166244506835938 0.0353431701660156 -0.105941772460938 -0.109909057617187
-0.0497207641601563 0.0451507568359375 0.162078857421875 0.0879058837890625
-0.00131225585937501 0.0699539184570313 0.2352294921875 0.45166015625
0.0537681579589844 0.0373878479003906 0.3668212890625 0.60198974609375
0.0120859146118164 -0.0138463973999023 0.33441162109375 0.6629638671875
-0.0269927978515625 -0.0290164947509766 0.15673828125 0.61126708984375
-0.04278564453125 0.00431442260742187 0.078857421875 0.53851318359375
-0.0160560607910156 0.0451736450195313 0.061431884765625 0.311492919921875
-0.00937652587890625 0.0343379974365234 0.03216552734375 0.0298671722412109
-0.0178871154785156 0.0388450622558594 -0.0344696044921875 -0.280548095703125
-0.0168647766113281 0.0233535766601562 -0.1143798828125 -0.5328369140625
-0.0217514038085937 -0.00662612915039063 -0.3162841796875 -0.63336181640625
-0.00057029724121094 -0.0287971496582031 -0.43988037109375 -0.6158447265625
0.0496597290039063 0.0113449096679688 -0.36138916015625 -0.6357421875
0.0566558837890625 0.0496063232421875 -0.249725341796875 -0.438568115234375
-0.0238265991210938 0.0556907653808594 -0.108360290527344 -0.0990982055664062
-0.0546226501464844 0.0597076416015625 0.151397705078125 0.0987701416015625
0.0110015869140625 0.0763092041015625 0.220123291015625 0.457763671875
0.0641975402832031 0.0268516540527344 0.34283447265625 0.617919921875
0.00777244567871093 -0.0307235717773438 0.31414794921875 0.69012451171875
-0.0385551452636719 -0.0396385192871094 0.1546630859375 0.6253662109375
-0.0534782409667969 0.00470352172851563 0.083221435546875 0.52960205078125
-0.0213127136230469 0.0477790832519531 0.064483642578125 0.28839111328125
-0.0126762390136719 0.0355224609375 0.0342044830322266 0.00573158264160157
-0.0251693725585938 0.040252685546875 -0.035797119140625 -0.300079345703125
-0.0303211212158203 0.0209808349609375 -0.1180419921875 -0.543487548828125
-0.03240966796875 -0.0206279754638672 -0.32122802734375 -0.62518310546875
-0.00186920166015625 -0.0466156005859375 -0.44525146484375 -0.59765625
0.065643310546875 0.00656509399414063 -0.3748779296875 -0.61968994140625
0.0657501220703125 0.0616607666015625 -0.2537841796875 -0.427520751953125
-0.032928466796875 0.0696907043457031 -0.116912841796875 -0.0840377807617188
0.0166549682617187 -0.0691413879394531 0.133094787597656 0.088104248046875
-0.0665168762207031 -0.0521697998046875 0.2528076171875 0.426483154296875
-0.0584564208984375 0.0405044555664063 0.423095703125 0.56463623046875
-0.00295639038085937 0.0629005432128906 0.44073486328125 0.62469482421875
0.0364265441894531 0.00902938842773438 0.2674560546875 0.587646484375
0.04302978515625 -0.0540199279785156 0.164886474609375 0.511077880859375
0.0297622680664063 -0.0554962158203125 0.09130859375 0.304443359375
0.02423095703125 -0.0506935119628906 0.02838134765625 0.0347576141357422
0.0339851379394531 -0.0582237243652344 -0.01385498046875 -0.283599853515625
0.0674972534179688 -0.0351676940917969 -0.0369873046874999 -0.5537109375
0.0552177429199219 0.0128440856933594 -0.21588134765625 -0.6822509765625
0.00375747680664062 0.0415077209472656 -0.34429931640625 -0.6668701171875
-0.0542411804199219 0.0206871032714844 -0.2869873046875 -0.6705322265625
-0.0109367370605469 -0.054412841796875 -0.23150634765625 -0.459747314453125
0.0215950012207031 -0.0551376342773438 -0.140762329101563 -0.088287353515625
0.0197525024414062 -0.06097412109375 0.145782470703125 0.07562255859375
-0.0566253662109375 -0.0491790771484375 0.259063720703125 0.42230224609375
-0.0554962158203125 0.036712646484375 0.4320068359375 0.552276611328125
-0.00941848754882812 0.0653724670410156 0.43817138671875 0.6097412109375
0.0311126708984375 0.0182380676269531 0.2518310546875 0.57977294921875
0.04290771484375 -0.0403175354003906 0.150665283203125 0.522735595703125
0.0301475524902344 -0.0427017211914063 0.08648681640625 0.325439453125
0.0220680236816406 -0.0379905700683594 0.027099609375 0.0553703308105469
0.0278778076171875 -0.0456695556640625 -0.0183868408203125 -0.265457153320313
0.0602836608886719 -0.02801513671875 -0.049102783203125 -0.54205322265625
0.0522537231445313 0.0122261047363281 -0.22967529296875 -0.6815185546875
0.0115318298339844 0.0399627685546875 -0.35394287109375 -0.680419921875
-0.0442848205566406 0.0324325561523437 -0.2845458984375 -0.6845703125
-0.0128517150878906 -0.0390739440917969 -0.2257080078125 -0.467559814453125
0.0133514404296875 -0.0478363037109375 -0.126441955566406 -0.099609375
0.0144691467285156 -0.0451278686523438 0.158432006835938 0.06805419921875
-0.0428962707519531 -0.0349884033203125 0.2666015625 0.424774169921875
-0.0419158935546875 0.035186767578125 0.436248779296875 0.552459716796875
-0.0098114013671875 0.05816650390625 0.43231201171875 0.60150146484375
0.0222625732421875 0.0195350646972656 0.23333740234375 0.57781982421875
0.0330028533935547 -0.0239658355712891 0.132598876953125 0.5318603515625
0.0254611968994141 -0.0218505859375 0.080078125 0.34033203125
0.0158767700195313 -0.0220508575439453 0.0274085998535156 0.0685081481933594
0.0185298919677734 -0.0273933410644531 -0.02056884765625 -0.252899169921875
0.0463905334472656 -0.0180015563964844 -0.063201904296875 -0.532867431640625
0.0416755676269531 0.0108604431152344 -0.2493896484375 -0.67425537109375
0.0161151885986328 0.0309619903564453 -0.37109375 -0.6785888671875
-0.0267562866210938 0.0382575988769531 -0.29345703125 -0.6885986328125
-0.00616073608398437 -0.0178279876708984 -0.226531982421875 -0.470001220703125
0.00350761413574219 -0.0325393676757813 -0.115203857421875 -0.110313415527344
0.000305175781249999 -0.0244827270507812 0.168411254882813 0.0668792724609375
-0.0312347412109375 -0.010345458984375 0.266632080078125 0.432769775390625
-0.0186233520507813 0.0357170104980469 0.43341064453125 0.55999755859375
-0.00577163696289063 0.0439224243164063 0.4130859375 0.60406494140625
0.00978660583496094 0.0130577087402344 0.20965576171875 0.5775146484375
0.0172462463378906 -0.0121698379516602 0.11077880859375 0.5401611328125
0.0168781280517578 -0.00141239166259766 0.070281982421875 0.346038818359375
0.00904750823974609 -0.00349140167236328 0.0271835327148437 0.0715408325195313
0.00925636291503906 -0.00684928894042969 -0.024078369140625 -0.248489379882813
0.0305690765380859 -0.0046234130859375 -0.0770263671875 -0.525726318359375
0.0275917053222656 0.00893592834472656 -0.26953125 -0.66461181640625
0.0144252777099609 0.0190544128417969 -0.39154052734375 -0.67047119140625
-0.007110595703125 0.0364837646484375 -0.3094482421875 -0.68292236328125
0.00677824020385742 0.00209951400756836 -0.2333984375 -0.469757080078125
-0.00410366058349609 -0.0119228363037109 -0.109428405761719 -0.116874694824219
-0.0194454193115234 0.000724792480468748 0.1728515625 0.070556640625
-0.0219154357910156 0.0204181671142578 0.2642822265625 0.44097900390625
0.008148193359375 0.0400810241699219 0.41851806640625 0.5712890625
0.00310707092285156 0.0265865325927734 0.3919677734375 0.6171875
-0.00174558162689209 0.000339984893798828 0.18756103515625 0.58740234375
-0.00379776954650879 -0.00239253044128418 0.094757080078125 0.543670654296875
0.00481224060058594 0.0184307098388672 0.06439208984375 0.342987060546875
0.00240707397460937 0.0128097534179688 0.0289802551269531 0.0664901733398438
-0.000488281249999999 0.0128946304321289 -0.0272979736328125 -0.252410888671875
0.0139255523681641 0.00984764099121094 -0.090576171875 -0.52374267578125
0.0112819671630859 0.00694465637207031 -0.29034423828125 -0.65423583984375
0.00970840454101563 0.00475502014160156 -0.41326904296875 -0.6544189453125
0.0118980407714844 0.029815673828125 -0.332275390625 -0.67193603515625
0.0238399505615234 0.0197124481201172 -0.2403564453125 -0.462677001953125
-0.0102043151855469 0.0129499435424805 -0.107795715332031 -0.116195678710937
-0.037200927734375 0.0248298645019531 0.171173095703125 0.076446533203125
-0.0130538940429688 0.0489234924316406 0.2537841796875 0.447479248046875
0.0335540771484375 0.0425071716308594 0.40191650390625 0.58636474609375
0.0103750228881836 0.00649929046630859 0.366943359375 0.63848876953125
-0.0161256790161133 -0.0157747268676758 0.1707763671875 0.60107421875
-0.0265769958496094 0.00183677673339843 0.087310791015625 0.546417236328125
-0.00696372985839844 0.0346050262451172 0.063934326171875 0.3311767578125
-0.00397682189941406 0.0271930694580078 0.0302162170410156 0.0510368347167969
-0.00913429260253906 0.0284252166748047 -0.0326995849609375 -0.264480590820313
-0.00154495239257812 0.0203094482421875 -0.10760498046875 -0.5269775390625
-0.00595283508300781 0.00316572189331055 -0.3096923828125 -0.6436767578125
0.00395488739013672 -0.0106992721557617 -0.43170166015625 -0.6348876953125
0.0312919616699219 0.0206928253173828 -0.3529052734375 -0.6552734375
0.0422744750976562 0.0351448059082031 -0.24725341796875 -0.45220947265625
-0.0162696838378906 0.0361785888671875 -0.108139038085937 -0.110267639160156
-0.0506744384765625 0.0460128784179688 0.163803100585938 0.0861663818359375
-0.000907897949218758 0.0705413818359375 0.241851806640625 0.454437255859375
0.0549278259277344 0.0386085510253906 0.37408447265625 0.60357666015625
0.012904167175293 -0.0141887664794922 0.341796875 0.66571044921875
-0.0291767120361328 -0.0291328430175781 0.16290283203125 0.61639404296875
-0.0439796447753906 0.0050811767578125 0.0857849121093751 0.5413818359375
-0.0161552429199219 0.0464897155761719 0.064788818359375 0.312591552734375
-0.0093994140625 0.0348453521728516 0.0321540832519531 0.0294609069824219
-0.0185279846191406 0.0388679504394531 -0.036895751953125 -0.281280517578125
-0.0177574157714844 0.0246829986572266 -0.120330810546875 -0.53741455078125
-0.0225486755371094 -0.00521087646484375 -0.32513427734375 -0.63616943359375
-0.00045204162597656 -0.0298290252685547 -0.44793701171875 -0.6136474609375
0.0497817993164063 0.01025390625 -0.37200927734375 -0.63677978515625
0.0581512451171875 0.0488471984863281 -0.255340576171875 -0.44012451171875
-0.0238571166992188 0.0559730529785156 -0.111198425292969 -0.09820556640625
-0.0549163818359375 0.0593185424804688 0.1529541015625 0.0982513427734375
0.012054443359375 0.0765762329101563 0.227203369140625 0.4586181640625
0.0668716430664063 0.0260353088378906 0.3492431640625 0.6204833984375
0.00890350341796875 -0.0313186645507813 0.32476806640625 0.69354248046875
-0.0402183532714844 -0.0386428833007813 0.162353515625 0.63031005859375
-0.0546455383300781 0.00704574584960938 0.088226318359375 0.53277587890625
-0.0214080810546875 0.0487823486328125 0.0675048828125 0.29083251953125
-0.0122947692871094 0.0362625122070313 0.0345726013183594 0.00543403625488281
-0.0256423950195313 0.0416107177734375 -0.04022216796875 -0.302001953125
-0.0300979614257813 0.0218753814697266 -0.122894287109375 -0.5472412109375
-0.0341243743896484 -0.0198497772216797 -0.3302001953125 -0.6278076171875
-0.00138473510742187 -0.0466957092285156 -0.45343017578125 -0.59515380859375
0.0664520263671875 0.00604629516601563 -0.38494873046875 -0.61865234375
0.0668067932128906 0.0620346069335937 -0.262054443359375 -0.426025390625
-0.0340347290039063 0.0712356567382813 -0.117446899414063 -0.0844497680664062
0.0167312622070313 -0.0693435668945312 0.135406494140625 0.0873947143554688
-0.0682907104492188 -0.0526199340820312 0.257904052734375 0.426025390625
-0.0574073791503906 0.0424880981445313 0.43328857421875 0.562744140625
-0.00194931030273438 0.0641822814941406 0.4515380859375 0.623046875
0.0367927551269531 0.00795745849609375 0.27569580078125 0.5880126953125
0.0422630310058594 -0.0551109313964844 0.169708251953125 0.51434326171875
0.0280265808105469 -0.0563011169433594 0.09588623046875 0.3062744140625
0.0228843688964844 -0.0511131286621094 0.0287017822265625 0.0353164672851563
0.0334396362304688 -0.058441162109375 -0.017425537109375 -0.284698486328125
0.0679893493652344 -0.0355911254882813 -0.0445861816406251 -0.55694580078125
0.0545463562011719 0.0120353698730469 -0.22479248046875 -0.68316650390625
0.00264358520507812 0.0418853759765625 -0.3543701171875 -0.66864013671875
-0.0556106567382813 0.0209999084472656 -0.29644775390625 -0.67413330078125
-0.0124244689941406 -0.056060791015625 -0.2376708984375 -0.460479736328125
0.0209846496582031 -0.0561332702636719 -0.143112182617188 -0.086669921875
0.0190887451171875 -0.0616378784179688 0.14794921875 0.0730438232421875
-0.0577354431152344 -0.0492210388183594 0.267578125 0.423248291015625
-0.0554847717285156 0.0388069152832031 0.442352294921875 0.552276611328125
-0.00753402709960938 0.0666885375976562 0.4495849609375 0.60882568359375
0.031524658203125 0.0177860260009766 0.25958251953125 0.5816650390625
0.0416755676269531 -0.0398216247558594 0.1578369140625 0.52569580078125
0.0292549133300781 -0.0420570373535156 0.090545654296875 0.32757568359375
0.0207595825195313 -0.0385894775390625 0.0263862609863281 0.0555000305175781
0.0274467468261719 -0.0446395874023438 -0.0213165283203125 -0.267379760742187
0.0607376098632813 -0.0290069580078125 -0.05645751953125 -0.546966552734375
0.0514335632324219 0.0118141174316406 -0.23944091796875 -0.68292236328125
0.0127220153808594 0.0400733947753906 -0.36309814453125 -0.67950439453125
-0.0451087951660156 0.0333099365234375 -0.2923583984375 -0.68463134765625
-0.0140495300292969 -0.0397377014160156 -0.232025146484375 -0.467254638671875
0.0129013061523438 -0.0486297607421875 -0.127815246582031 -0.0993270874023438
0.0129814147949219 -0.04541015625 0.160552978515625 0.06597900390625
-0.0440597534179688 -0.0349273681640625 0.273193359375 0.42559814453125
-0.0406684875488281 0.0350494384765625 0.4444580078125 0.55029296875
-0.00930023193359375 0.0597496032714844 0.44061279296875 0.6014404296875
0.0220775604248047 0.0203628540039063 0.241455078125 0.57989501953125
0.0328845977783203 -0.0243282318115234 0.138458251953125 0.53564453125
0.0247116088867188 -0.0225868225097656 0.083251953125 0.34063720703125
0.0162811279296875 -0.0217018127441406 0.02740478515625 0.067718505859375
0.0181293487548828 -0.0275173187255859 -0.0250396728515625 -0.25408935546875
0.0463790893554688 -0.0179214477539063 -0.069366455078125 -0.536224365234375
0.042816162109375 0.0103187561035156 -0.260009765625 -0.677490234375
0.0164756774902344 0.0322895050048828 -0.381103515625 -0.67919921875
-0.0270843505859375 0.0391349792480469 -0.30242919921875 -0.6878662109375
-0.00740814208984375 -0.0177631378173828 -0.2327880859375 -0.471771240234375
0.00274658203125 -0.0327720642089844 -0.117111206054688 -0.109146118164062
-0.000127792358398438 -0.0245075225830078 0.170928955078125 0.0654296875
-0.0314121246337891 -0.0103054046630859 0.273468017578125 0.4322509765625
-0.0184135437011719 0.0361480712890625 0.440185546875 0.558502197265625
-0.00497055053710938 0.0448112487792969 0.42291259765625 0.60626220703125
0.0108232498168945 0.0134897232055664 0.2161865234375 0.58197021484375
0.0164594650268555 -0.0111770629882813 0.115570068359375 0.543243408203125
0.0163373947143555 -0.00161933898925781 0.07501220703125 0.347076416015625
0.00869178771972656 -0.00407552719116211 0.028045654296875 0.0718307495117188
0.00960731506347656 -0.00621318817138672 -0.0269622802734375 -0.249755859375
0.03057861328125 -0.00450706481933594 -0.0836181640625 -0.527679443359375
0.0274181365966797 0.00970649719238281 -0.27783203125 -0.666259765625
0.0153102874755859 0.0194740295410156 -0.39990234375 -0.6693115234375
-0.00708770751953125 0.0374755859375 -0.32073974609375 -0.68438720703125
0.00644969940185547 0.00130414962768555 -0.237091064453125 -0.468902587890625
-0.00494384765625 -0.010655403137207 -0.112258911132813 -0.116424560546875
-0.0189208984375 0.00166702270507813 0.175155639648438 0.067626953125
-0.0228786468505859 0.0212421417236328 0.269195556640625 0.440185546875
0.00919723510742187 0.0409278869628906 0.427490234375 0.5692138671875
0.00308609008789063 0.0272865295410156 0.401123046875 0.6170654296875
-0.00327420234680176 -0.000458717346191407 0.193359375 0.59027099609375
-0.00475931167602539 -0.00377416610717773 0.09979248046875 0.546478271484375
0.00508689880371094 0.0195522308349609 0.068206787109375 0.3443603515625
0.00140953063964844 0.0125904083251953 0.030609130859375 0.0657081604003906
-0.000440597534179688 0.0130767822265625 -0.031036376953125 -0.253524780273438
0.0135879516601563 0.00985622406005859 -0.09881591796875 -0.526519775390625
0.0111312866210938 0.00708389282226562 -0.30145263671875 -0.654541015625
0.00894546508789063 0.00471401214599609 -0.422607421875 -0.65386962890625
0.0126800537109375 0.0293025970458984 -0.3416748046875 -0.6717529296875
0.0241489410400391 0.018890380859375 -0.24530029296875 -0.462890625
-0.0103006362915039 0.012669563293457 -0.109718322753906 -0.116355895996094
-0.0375213623046875 0.0254631042480469 0.172225952148437 0.073577880859375
-0.0129051208496094 0.0495109558105469 0.261260986328125 0.44818115234375
0.0361557006835938 0.0429763793945313 0.40765380859375 0.58489990234375
0.0108747482299805 0.00645160675048828 0.37506103515625 0.6402587890625
-0.0168552398681641 -0.015772819519043 0.17877197265625 0.60382080078125
-0.0259151458740234 0.00400161743164062 0.09295654296875 0.54730224609375
-0.00701904296875 0.0367698669433594 0.067840576171875 0.333099365234375
-0.00419044494628906 0.0283699035644531 0.0307502746582031 0.0519447326660156
-0.00925827026367187 0.0305023193359375 -0.0356292724609375 -0.26544189453125
-0.000993728637695312 0.0214176177978516 -0.11383056640625 -0.52996826171875
-0.00628566741943359 0.00360870361328125 -0.32037353515625 -0.64239501953125
0.00337028503417969 -0.0112037658691406 -0.445068359375 -0.6329345703125
0.0316028594970703 0.0204582214355469 -0.363037109375 -0.65606689453125
0.0426521301269531 0.0345916748046875 -0.25421142578125 -0.454010009765625
-0.0157928466796875 0.0373001098632813 -0.1102294921875 -0.110504150390625
-0.0508689880371094 0.0467185974121094 0.165390014648437 0.084228515625
-0.000228881835937502 0.0709686279296875 0.2491455078125 0.45281982421875
0.0568962097167969 0.0383529663085938 0.3851318359375 0.6014404296875
0.0133638381958008 -0.0150461196899414 0.35101318359375 0.66595458984375
-0.0306606292724609 -0.0300426483154297 0.16827392578125 0.61993408203125
-0.0439872741699219 0.00639343261718751 0.0915832519531249 0.54376220703125
-0.0166473388671875 0.0473747253417969 0.069061279296875 0.31451416015625
-0.0093231201171875 0.0357322692871094 0.0331439971923828 0.0290470123291016
-0.0171394348144531 0.0406150817871094 -0.04052734375 -0.2823486328125
-0.0169010162353516 0.0258445739746094 -0.127899169921875 -0.53863525390625
-0.0228176116943359 -0.00559234619140625 -0.33428955078125 -0.63470458984375
-0.00189971923828125 -0.0296268463134766 -0.4583740234375 -0.61285400390625
0.0513954162597656 0.0104446411132813 -0.38232421875 -0.63720703125
0.0583686828613281 0.04833984375 -0.2628173828125 -0.439971923828125
-0.0234642028808594 0.0576248168945313 -0.113533020019531 -0.097625732421875
-0.0555534362792969 0.0617485046386719 0.155014038085938 0.0961456298828125
0.0129547119140625 0.0774459838867188 0.234130859375 0.458892822265625
0.0689048767089844 0.0245513916015625 0.3590087890625 0.6199951171875
0.00904464721679688 -0.0310115814208984 0.3338623046875 0.69451904296875
-0.0422401428222656 -0.0397682189941406 0.1700439453125 0.636474609375
-0.0561408996582031 0.007293701171875 0.095703125 0.5364990234375
-0.0216636657714844 0.0505104064941406 0.071624755859375 0.2911376953125
-0.012359619140625 0.0370979309082031 0.0341701507568359 0.00403785705566407
-0.0245323181152344 0.0432395935058594 -0.042694091796875 -0.30426025390625
-0.0300846099853516 0.0224399566650391 -0.130889892578125 -0.548919677734375
-0.0340232849121094 -0.0190238952636719 -0.3387451171875 -0.627685546875
-0.001922607421875 -0.0471572875976563 -0.46185302734375 -0.592529296875
0.066864013671875 0.00561904907226562 -0.39404296875 -0.62042236328125
0.06732177734375 0.0618133544921875 -0.26898193359375 -0.427276611328125
-0.0341873168945313 0.0715560913085938 -0.119674682617187 -0.0834732055664063
0.014984130859375 -0.070404052734375 0.136444091796875 0.0850143432617188
-0.0696144104003906 -0.0515899658203125 0.26544189453125 0.425079345703125
-0.0573616027832031 0.0440177917480469 0.442535400390625 0.558685302734375
-0.00111007690429687 0.0640716552734375 0.4608154296875 0.62164306640625
0.0367813110351563 0.00753402709960938 0.28338623046875 0.58941650390625
0.0418777465820312 -0.0553359985351562 0.17657470703125 0.516021728515625
0.0275917053222656 -0.0572662353515625 0.0999755859375 0.30596923828125
0.0227394104003906 -0.052154541015625 0.0281314849853516 0.034637451171875
0.0340919494628906 -0.0589408874511719 -0.021240234375 -0.28619384765625
0.0675544738769531 -0.0362625122070313 -0.051239013671875 -0.560394287109375
0.0558433532714844 0.0124893188476563 -0.2342529296875 -0.6844482421875
0.004119873046875 0.0418815612792969 -0.36505126953125 -0.66748046875
-0.0547752380371094 0.0226593017578125 -0.30670166015625 -0.6732177734375
-0.0127906799316406 -0.0565948486328125 -0.24530029296875 -0.46038818359375
0.0199928283691406 -0.0563545227050781 -0.144805908203125 -0.0853271484375
0.017608642578125 -0.0626907348632813 0.148666381835937 0.071533203125
-0.0589408874511719 -0.0498046875 0.274993896484375 0.422454833984375
-0.0547866821289063 0.0389862060546875 0.44927978515625 0.54901123046875
-0.00668334960937501 0.0667152404785156 0.45684814453125 0.60723876953125
0.0320053100585938 0.0168914794921875 0.26629638671875 0.58282470703125
0.0420799255371094 -0.0406723022460938 0.163299560546875 0.52728271484375
0.0286178588867188 -0.0428390502929688 0.09539794921875 0.327484130859375
0.0200119018554687 -0.0391197204589844 0.0276222229003906 0.0554046630859375
0.0279350280761719 -0.0456886291503906 -0.0250091552734375 -0.267044067382813
0.0597572326660156 -0.0296096801757812 -0.063262939453125 -0.54840087890625
0.0539093017578125 0.0110893249511719 -0.249755859375 -0.6837158203125
0.0129623413085937 0.04083251953125 -0.37432861328125 -0.67822265625
-0.0438880920410156 0.0348587036132813 -0.303466796875 -0.6849365234375
-0.0157470703125 -0.0401649475097656 -0.24029541015625 -0.4676513671875
0.0120697021484375 -0.0496673583984375 -0.130180358886719 -0.0975723266601562
0.01318359375 -0.0465621948242187 0.16229248046875 0.064422607421875
-0.0453987121582031 -0.0351524353027344 0.2813720703125 0.424560546875
-0.0401992797851563 0.0366897583007813 0.45556640625 0.54644775390625
-0.00914764404296875 0.0599212646484375 0.4481201171875 0.5987548828125
0.0223274230957031 0.0188941955566406 0.247314453125 0.58197021484375
0.0325489044189453 -0.0251712799072266 0.145751953125 0.537689208984375
0.0252056121826172 -0.023040771484375 0.089080810546875 0.3421630859375
0.0149917602539063 -0.0229530334472656 0.0287895202636719 0.06915283203125
0.0182819366455078 -0.0273189544677734 -0.02813720703125 -0.2552490234375
0.046539306640625 -0.0186882019042969 -0.077789306640625 -0.53802490234375
0.0434608459472656 0.0101051330566406 -0.27001953125 -0.67822265625
0.0172386169433594 0.0326499938964844 -0.39154052734375 -0.6773681640625
-0.0260887145996094 0.0392570495605469 -0.31353759765625 -0.6890869140625
-0.00776386260986328 -0.0175027847290039 -0.24017333984375 -0.46990966796875
0.002685546875 -0.03253173828125 -0.119880676269531 -0.108688354492187
-0.00162887573242188 -0.0237846374511719 0.17205810546875 0.0624847412109375
-0.0318965911865234 -0.0101661682128906 0.280670166015625 0.431060791015625
-0.0165939331054687 0.0375900268554688 0.450347900390625 0.555023193359375
-0.0039520263671875 0.0454597473144531 0.431640625 0.60260009765625
0.0104608535766602 0.0131025314331055 0.2239990234375 0.5838623046875
0.0163383483886719 -0.0118436813354492 0.1239013671875 0.54620361328125
0.0158672332763672 -0.00120925903320313 0.079254150390625 0.348419189453125
0.00807046890258789 -0.00389289855957031 0.0298538208007813 0.071533203125
0.00878143310546875 -0.00627660751342773 -0.03057861328125 -0.25048828125
0.0308399200439453 -0.00421905517578125 -0.090667724609375 -0.529754638671875
0.0272235870361328 0.00899696350097656 -0.28973388671875 -0.66644287109375
0.0149154663085937 0.0195579528808594 -0.41180419921875 -0.6678466796875
-0.00630569458007813 0.038360595703125 -0.3297119140625 -0.682861328125
0.0062251091003418 0.0012507438659668 -0.246185302734375 -0.47003173828125
-0.00451755523681641 -0.0109281539916992 -0.113746643066406 -0.114898681640625
-0.019561767578125 0.00145721435546875 0.176193237304688 0.065948486328125
-0.0218849182128906 0.0214061737060547 0.276947021484375 0.4376220703125
0.0104789733886719 0.0412254333496094 0.4375 0.5673828125
0.00379180908203125 0.0272769927978516 0.41015625 0.61456298828125
-0.00388932228088379 0.000536918640136718 0.20172119140625 0.59307861328125
-0.00502872467041016 -0.00337409973144531 0.106842041015625 0.55078125
0.00465011596679688 0.0191841125488281 0.073577880859375 0.345733642578125
0.00197696685791016 0.0137128829956055 0.0309829711914063 0.0662040710449219
7.62939453124989E-06 0.0133981704711914 -0.03558349609375 -0.254837036132812
0.0142440795898438 0.0104618072509766 -0.1072998046875 -0.528350830078125
0.0102987289428711 0.00739765167236328 -0.31158447265625 -0.65228271484375
0.00910186767578125 0.00460338592529297 -0.43353271484375 -0.64971923828125
0.0131683349609375 0.029998779296875 -0.35174560546875 -0.67041015625
0.0238265991210938 0.0190029144287109 -0.253265380859375 -0.463592529296875
-0.00997257232666015 0.0132369995117188 -0.112068176269531 -0.115325927734375
-0.0385704040527344 0.0267066955566406 0.174209594726563 0.071258544921875
-0.0118217468261719 0.0499343872070313 0.269195556640625 0.446502685546875
0.0371742248535156 0.0433502197265625 0.417724609375 0.5836181640625
0.011103630065918 0.00680351257324219 0.38592529296875 0.6370849609375
-0.0186004638671875 -0.01568603515625 0.1859130859375 0.60528564453125
-0.0263118743896484 0.00342559814453125 0.099029541015625 0.551605224609375
-0.0066375732421875 0.0369606018066406 0.07232666015625 0.334625244140625
-0.00397300720214844 0.0278816223144531 0.0326042175292969 0.0512199401855469
-0.00993728637695312 0.03082275390625 -0.0398406982421875 -0.26568603515625
-0.00198554992675781 0.0218696594238281 -0.122894287109375 -0.53179931640625
-0.00671100616455078 0.00477075576782227 -0.33050537109375 -0.64324951171875
0.00307846069335938 -0.0111274719238281 -0.45556640625 -0.63177490234375
0.0325412750244141 0.0203075408935547 -0.37353515625 -0.6539306640625
0.0433082580566406 0.0337638854980469 -0.261016845703125 -0.452972412109375
-0.0153617858886719 0.0374641418457031 -0.112091064453125 -0.109100341796875
-0.0514068603515625 0.0477828979492188 0.168212890625 0.0814208984375
0.000869750976562502 0.0711441040039063 0.257659912109375 0.452606201171875
0.0597076416015625 0.03759765625 0.3936767578125 0.59942626953125
0.0131502151489258 -0.014338493347168 0.35992431640625 0.66546630859375
-0.0312328338623047 -0.0293140411376953 0.1766357421875 0.62286376953125
-0.0448989868164062 0.00787353515625001 0.097381591796875 0.54833984375
-0.0162239074707031 0.0476341247558594 0.072662353515625 0.314697265625
-0.00962066650390625 0.0359039306640625 0.0339183807373047 0.0295619964599609
-0.0168342590332031 0.0413131713867188 -0.045562744140625 -0.283233642578125
-0.0164928436279297 0.0266265869140625 -0.13568115234375 -0.53973388671875
-0.0229244232177734 -0.00520133972167968 -0.3450927734375 -0.6329345703125
-0.00221633911132813 -0.0300941467285156 -0.46844482421875 -0.61016845703125
0.0512428283691406 0.00924301147460938 -0.39312744140625 -0.63592529296875
0.058868408203125 0.0476112365722656 -0.267791748046875 -0.440093994140625
-0.023162841796875 0.0590744018554688 -0.114700317382813 -0.0968246459960938
-0.0563201904296875 0.0627632141113281 0.157257080078125 0.09405517578125
0.0145339965820313 0.0775680541992188 0.241455078125 0.458282470703125
0.0699958801269531 0.02496337890625 0.36981201171875 0.6197509765625
0.00910758972167969 -0.0320396423339844 0.3433837890625 0.694091796875
-0.0438270568847656 -0.0390434265136719 0.17578125 0.63702392578125
-0.0565910339355469 0.00938415527343749 0.1014404296875 0.5380859375
-0.0211944580078125 0.0515594482421875 0.074951171875 0.290740966796875
-0.0130691528320312 0.0377311706542969 0.0338706970214844 0.00395965576171875
-0.0246162414550781 0.0437202453613281 -0.04803466796875 -0.303558349609375
-0.0295696258544922 0.0237026214599609 -0.1392822265625 -0.55133056640625
-0.0363998413085938 -0.017364501953125 -0.34796142578125 -0.62664794921875
-0.00342178344726563 -0.0467948913574219 -0.4736328125 -0.59039306640625
0.068328857421875 0.00337982177734375 -0.4046630859375 -0.61724853515625
0.0692214965820313 0.0613632202148438 -0.274932861328125 -0.42510986328125
-0.0339202880859375 0.0736770629882813 -0.122894287109375 -0.0815963745117188
0.0136871337890625 -0.0726165771484375 0.137664794921875 0.0823974609375
-0.07086181640625 -0.0497817993164062 0.272979736328125 0.422760009765625
-0.0558891296386719 0.0456352233886719 0.4515380859375 0.554595947265625
0.000358581542968744 0.0649566650390625 0.4696044921875 0.61798095703125
0.036773681640625 0.00765609741210938 0.29144287109375 0.58917236328125
0.041351318359375 -0.0557785034179688 0.184600830078125 0.51666259765625
0.0261116027832031 -0.0567398071289063 0.104583740234375 0.304901123046875
0.0215187072753906 -0.0516128540039063 0.0290985107421875 0.0344161987304688
0.0329818725585937 -0.060150146484375 -0.026397705078125 -0.286712646484375
0.0676193237304688 -0.0371627807617188 -0.05987548828125 -0.561553955078125
0.0555610656738281 0.0122718811035156 -0.244873046875 -0.6837158203125
0.00499343872070312 0.0440254211425781 -0.3758544921875 -0.66302490234375
-0.0557022094726563 0.0239181518554688 -0.31695556640625 -0.67059326171875
-0.0147285461425781 -0.0578041076660156 -0.253326416015625 -0.4576416015625
0.0186004638671875 -0.0558395385742187 -0.146636962890625 -0.083526611328125
0.0172843933105469 -0.0640220642089844 0.151046752929687 0.0687103271484375
-0.059844970703125 -0.0495071411132813 0.2818603515625 0.41876220703125
-0.0542564392089844 0.0404243469238281 0.45965576171875 0.5450439453125
-0.0056915283203125 0.06719970703125 0.46527099609375 0.60211181640625
0.0320568084716797 0.0168609619140625 0.27569580078125 0.58355712890625
0.0404930114746094 -0.040985107421875 0.172454833984375 0.528472900390625
0.0280723571777344 -0.0430221557617188 0.100128173828125 0.327606201171875
0.0187301635742188 -0.0397377014160156 0.0294685363769531 0.054931640625
0.0278854370117188 -0.0460662841796875 -0.0302581787109375 -0.26715087890625
0.06036376953125 -0.0302276611328125 -0.071319580078125 -0.550445556640625
0.0538825988769531 0.0114402770996094 -0.25982666015625 -0.68182373046875
0.01397705078125 0.0420494079589844 -0.38427734375 -0.67559814453125
-0.0437049865722656 0.0361213684082031 -0.31427001953125 -0.68310546875
-0.0160865783691406 -0.0395431518554687 -0.24847412109375 -0.466400146484375
0.0118484497070313 -0.0491714477539063 -0.13189697265625 -0.0967330932617187
0.0116424560546875 -0.0474777221679688 0.16357421875 0.0605926513671875
-0.0468521118164063 -0.0340995788574219 0.2879638671875 0.422119140625
-0.0404624938964844 0.0377082824707031 0.464630126953125 0.541473388671875
-0.00682449340820312 0.0609207153320312 0.45892333984375 0.59637451171875
0.0216884613037109 0.0201129913330078 0.25665283203125 0.58209228515625
0.0326900482177734 -0.0255050659179688 0.153167724609375 0.53887939453125
0.0243358612060547 -0.0229854583740234 0.093017578125 0.341583251953125
0.0142097473144531 -0.0233783721923828 0.0290641784667969 0.0673789978027344
0.01824951171875 -0.0271930694580078 -0.032745361328125 -0.25531005859375
0.0475425720214844 -0.0195083618164063 -0.0846557617187499 -0.538726806640625
0.0429916381835938 0.010406494140625 -0.28192138671875 -0.6751708984375
0.0173015594482422 0.0331516265869141 -0.4013671875 -0.67327880859375
-0.0267448425292969 0.0409126281738281 -0.3228759765625 -0.68756103515625
-0.00871086120605469 -0.0189876556396484 -0.2486572265625 -0.4688720703125
0.00140762329101563 -0.0331039428710938 -0.121803283691406 -0.108184814453125
-0.00187110900878906 -0.0239105224609375 0.17388916015625 0.059600830078125
-0.0324916839599609 -0.00925445556640625 0.289031982421875 0.428985595703125
-0.015472412109375 0.0374870300292969 0.461212158203125 0.550262451171875
-0.00419235229492188 0.0462188720703125 0.44049072265625 0.5972900390625
0.0102043151855469 0.0124063491821289 0.2340087890625 0.585205078125
0.0155963897705078 -0.012690544128418 0.132232666015625 0.547271728515625
0.016209602355957 -0.00140953063964844 0.085296630859375 0.348724365234375
0.00882148742675781 -0.00366306304931641 0.0306167602539062 0.0715408325195313
0.00974369049072266 -0.00581455230712891 -0.0346832275390625 -0.25048828125
0.0310554504394531 -0.00491142272949219 -0.10009765625 -0.530914306640625
0.0275688171386719 0.00953102111816406 -0.3013916015625 -0.66448974609375
0.0147323608398438 0.0205020904541016 -0.42181396484375 -0.66455078125
-0.00633621215820312 0.0377998352050781 -0.339599609375 -0.68218994140625
0.00627374649047852 0.00127363204956055 -0.25469970703125 -0.46868896484375
-0.00575065612792969 -0.0114994049072266 -0.116233825683594 -0.113456726074219
-0.0206775665283203 0.00131416320800782 0.177490234375 0.0628814697265625
-0.0222396850585937 0.0222301483154297 0.284637451171875 0.436187744140625
0.0120811462402344 0.0412216186523438 0.44866943359375 0.56231689453125
0.00500679016113281 0.0276889801025391 0.4188232421875 0.612060546875
-0.00348329544067383 0.000200510025024414 0.2091064453125 0.59356689453125
-0.00450706481933594 -0.0020451545715332 0.11395263671875 0.552520751953125
0.00543212890625 0.0211563110351563 0.078033447265625 0.346527099609375
0.00216007232666016 0.0145349502563477 0.0321388244628906 0.0659446716308594
0.00113201141357422 0.013636589050293 -0.0386505126953125 -0.254959106445313
0.0145883560180664 0.0103425979614258 -0.11663818359375 -0.528900146484375
0.0101823806762695 0.00717926025390625 -0.3221435546875 -0.65142822265625
0.0105361938476563 0.00539207458496094 -0.443603515625 -0.6463623046875
0.0136966705322266 0.0296077728271484 -0.36322021484375 -0.66845703125
0.0247116088867188 0.0181751251220703 -0.260650634765625 -0.46075439453125
-0.0107812881469727 0.0137968063354492 -0.113677978515625 -0.114723205566406
-0.0392265319824219 0.0259284973144531 0.175582885742187 0.06768798828125
-0.0116195678710938 0.0508193969726562 0.2769775390625 0.445068359375
0.0388259887695313 0.0431404113769531 0.4278564453125 0.5787353515625
0.0107917785644531 0.00634002685546875 0.39501953125 0.634033203125
-0.0186958312988281 -0.0155315399169922 0.19207763671875 0.60791015625
-0.0274925231933594 0.00517082214355469 0.106719970703125 0.55303955078125
-0.0070343017578125 0.038909912109375 0.07763671875 0.3341064453125
-0.00434684753417969 0.0278759002685547 0.0327072143554688 0.0508651733398438
-0.00797271728515625 0.0310211181640625 -0.0436859130859375 -0.265411376953125
-0.00183868408203125 0.0218429565429688 -0.13153076171875 -0.5323486328125
-0.00859403610229492 0.00457239151000977 -0.3421630859375 -0.63958740234375
0.00242424011230469 -0.0107059478759766 -0.46551513671875 -0.62664794921875
0.0327224731445313 0.0186996459960938 -0.3828125 -0.6522216796875
0.0434989929199219 0.0330162048339844 -0.269073486328125 -0.45306396484375
-0.0164260864257813 0.0376777648925781 -0.1138916015625 -0.108230590820313
-0.051544189453125 0.048095703125 0.16839599609375 0.078643798828125
0.0013427734375 0.0723800659179688 0.26373291015625 0.45025634765625
0.0607643127441406 0.0366897583007813 0.4046630859375 0.596923828125
0.0129804611206055 -0.0150947570800781 0.37017822265625 0.66387939453125
-0.0340061187744141 -0.0291900634765625 0.1846923828125 0.62457275390625
-0.0456581115722656 0.00948715209960937 0.10382080078125 0.5499267578125
-0.0155181884765625 0.0494766235351562 0.078369140625 0.3145751953125
-0.00989151000976563 0.0372505187988281 0.0336246490478516 0.0288410186767578
-0.0160865783691406 0.0421905517578125 -0.050018310546875 -0.28289794921875
-0.0164260864257813 0.0284080505371094 -0.145843505859375 -0.540008544921875
-0.0242214202880859 -0.00385093688964843 -0.35601806640625 -0.6309814453125
-0.00164413452148437 -0.0293807983398438 -0.4793701171875 -0.60382080078125
0.0525970458984375 0.00837326049804687 -0.4017333984375 -0.63458251953125
0.0601806640625 0.0467948913574219 -0.276336669921875 -0.4378662109375
-0.023162841796875 0.0591621398925781 -0.116676330566406 -0.0963211059570313
-0.0566864013671875 0.0636558532714844 0.158370971679688 0.09130859375
0.0150680541992187 0.0781936645507813 0.249359130859375 0.456024169921875
0.0726242065429688 0.0231399536132812 0.38031005859375 0.61346435546875
0.0081024169921875 -0.0309848785400391 0.352783203125 0.69354248046875
-0.0459747314453125 -0.0390396118164062 0.18414306640625 0.63916015625
-0.0565147399902344 0.0110015869140625 0.110992431640625 0.540313720703125
-0.020782470703125 0.0529708862304688 0.080596923828125 0.29217529296875
-0.0126152038574219 0.0379600524902344 0.0339279174804688 0.00399589538574219
-0.0245094299316406 0.04522705078125 -0.051544189453125 -0.304229736328125
-0.029388427734375 0.0256481170654297 -0.1474609375 -0.550811767578125
-0.0359382629394531 -0.017181396484375 -0.35870361328125 -0.62310791015625
-0.00354766845703125 -0.0479354858398438 -0.48492431640625 -0.58782958984375
0.06805419921875 0.00278854370117188 -0.4151611328125 -0.61529541015625
0.0696296691894531 0.0608329772949219 -0.282318115234375 -0.423675537109375
-0.0329513549804688 0.0749588012695313 -0.12359619140625 -0.0794219970703125
0.0126571655273437 -0.072509765625 0.138839721679688 0.080413818359375
-0.0717620849609375 -0.05023193359375 0.2783203125 0.419708251953125
-0.0547103881835938 0.0456809997558594 0.461456298828125 0.5504150390625
0.00120544433593751 0.0656700134277344 0.47906494140625 0.61248779296875
0.0362586975097656 0.00659942626953125 0.2999267578125 0.58709716796875
0.0408439636230469 -0.0562667846679688 0.192108154296875 0.51507568359375
0.0258712768554688 -0.0576515197753906 0.10968017578125 0.30364990234375
0.020751953125 -0.0518722534179688 0.0276031494140625 0.033294677734375
0.0320472717285156 -0.0603675842285156 -0.0302734375 -0.286346435546875
0.0677108764648438 -0.0377044677734375 -0.0702819824218751 -0.561981201171875
0.0563735961914063 0.0113906860351563 -0.25762939453125 -0.6802978515625
0.00531387329101563 0.0438385009765625 -0.38482666015625 -0.6591796875
-0.0553321838378906 0.024139404296875 -0.3270263671875 -0.666748046875
-0.0158348083496094 -0.0571098327636719 -0.26043701171875 -0.456390380859375
0.0184402465820312 -0.0568771362304688 -0.148818969726563 -0.0806427001953125
0.0158767700195312 -0.0633392333984375 0.151092529296875 0.06658935546875
-0.06195068359375 -0.04827880859375 0.288116455078125 0.415985107421875
-0.0528717041015625 0.0417518615722656 0.468597412109375 0.53790283203125
-0.00464248657226563 0.0681610107421875 0.47613525390625 0.59771728515625
0.0319709777832031 0.0168437957763672 0.283935546875 0.5804443359375
0.0405769348144531 -0.0412330627441406 0.179718017578125 0.526824951171875
0.0261611938476562 -0.0421142578125 0.1046142578125 0.326019287109375
0.0182533264160156 -0.0399017333984375 0.0290908813476562 0.0555648803710937
0.0257987976074219 -0.0456657409667969 -0.0338134765625 -0.26666259765625
0.0600700378417969 -0.0319175720214844 -0.081512451171875 -0.54949951171875
0.0535888671875 0.0110359191894531 -0.27130126953125 -0.68017578125
0.0135154724121094 0.04180908203125 -0.39471435546875 -0.66912841796875
-0.0440711975097656 0.037200927734375 -0.32379150390625 -0.67974853515625
-0.0169944763183594 -0.0396385192871094 -0.2542724609375 -0.4639892578125
0.0110282897949219 -0.0495796203613281 -0.134262084960938 -0.094940185546875
0.0106124877929688 -0.0483665466308594 0.163803100585938 0.0586395263671875
-0.046478271484375 -0.0342369079589844 0.2957763671875 0.418792724609375
-0.0391502380371094 0.0386390686035156 0.47308349609375 0.53546142578125
-0.006134033203125 0.0606002807617188 0.46746826171875 0.59002685546875
0.0220890045166016 0.0187931060791016 0.2646484375 0.58038330078125
0.0321979522705078 -0.0250110626220703 0.161407470703125 0.539215087890625
0.0234909057617187 -0.0232200622558594 0.0992431640625 0.34130859375
0.0138301849365234 -0.0226993560791016 0.0302925109863281 0.0681228637695313
0.0178756713867188 -0.0279884338378906 -0.0361785888671875 -0.254974365234375
0.0471076965332031 -0.0195884704589844 -0.095489501953125 -0.538604736328125
0.0435981750488281 0.0100898742675781 -0.2919921875 -0.67236328125
0.0183448791503906 0.0329113006591797 -0.4122314453125 -0.6685791015625
-0.02587890625 0.0409393310546875 -0.33465576171875 -0.6824951171875
-0.00935745239257813 -0.0193004608154297 -0.255218505859375 -0.467987060546875
0.00168228149414063 -0.0331478118896484 -0.123809814453125 -0.106498718261719
-0.00252723693847656 -0.0243473052978516 0.174636840820313 0.0560760498046875
-0.0329055786132813 -0.00861930847167969 0.29620361328125 0.42510986328125
-0.0141334533691406 0.0388298034667969 0.468719482421875 0.54412841796875
-0.00265121459960938 0.0457954406738281 0.44970703125 0.59393310546875
0.00905036926269531 0.0123968124389648 0.24078369140625 0.58294677734375
0.0158681869506836 -0.011601448059082 0.138946533203125 0.549224853515625
0.0158319473266602 -0.00149631500244141 0.09033203125 0.348388671875
0.00819492340087891 -0.00363636016845703 0.0317840576171875 0.0713958740234375
0.00925540924072266 -0.00578880310058594 -0.0391998291015625 -0.248825073242188
0.0316123962402344 -0.00388908386230469 -0.10858154296875 -0.530303955078125
0.0286197662353516 0.00867652893066406 -0.31170654296875 -0.65911865234375
0.0161838531494141 0.0206317901611328 -0.43255615234375 -0.65618896484375
-0.00603866577148438 0.0384025573730469 -0.3499755859375 -0.6771240234375
0.0052647590637207 0.00110054016113281 -0.2608642578125 -0.464263916015625
-0.00587558746337891 -0.0105791091918945 -0.118721008300781 -0.11236572265625
-0.0213451385498047 0.000711441040039066 0.178634643554688 0.05914306640625
-0.0220432281494141 0.0214252471923828 0.292236328125 0.43292236328125
0.0136299133300781 0.0416488647460938 0.45556640625 0.556884765625
0.00506782531738281 0.0275592803955078 0.4278564453125 0.60870361328125
-0.00429821014404297 -0.000640392303466798 0.21746826171875 0.5919189453125
-0.00476264953613281 -0.00101041793823242 0.121185302734375 0.551910400390625
0.00424003601074219 0.0212612152099609 0.084014892578125 0.345458984375
0.00164127349853516 0.0139379501342773 0.0326919555664062 0.0655746459960938
7.82012939453124E-05 0.0146799087524414 -0.0430450439453125 -0.252777099609375
0.0145444869995117 0.0104494094848633 -0.12457275390625 -0.526336669921875
0.0103998184204102 0.00799083709716797 -0.33282470703125 -0.64593505859375
0.00937747955322266 0.00553989410400391 -0.45391845703125 -0.6405029296875
0.0144233703613281 0.0297966003417969 -0.37396240234375 -0.6624755859375
0.0250453948974609 0.0174751281738281 -0.267578125 -0.458404541015625
-0.0108633041381836 0.0136775970458984 -0.116439819335937 -0.113258361816406
-0.0399856567382812 0.0276336669921875 0.17694091796875 0.0657196044921875
-0.010467529296875 0.0510482788085938 0.284759521484375 0.44171142578125
0.0411911010742188 0.0420074462890625 0.43707275390625 0.572265625
0.0122146606445313 0.00630855560302734 0.40423583984375 0.6317138671875
-0.019500732421875 -0.0156421661376953 0.20068359375 0.6058349609375
-0.0271835327148438 0.00584030151367188 0.115264892578125 0.553924560546875
-0.00610733032226562 0.0392189025878906 0.08282470703125 0.33465576171875
-0.00393104553222656 0.0281581878662109 0.0332527160644531 0.0503883361816406
-0.00789642333984375 0.0329532623291016 -0.0485687255859375 -0.2642822265625
-0.000764846801757814 0.0222244262695313 -0.1407470703125 -0.531158447265625
-0.00726222991943359 0.00482845306396484 -0.35394287109375 -0.636962890625
0.00210952758789062 -0.0120143890380859 -0.4739990234375 -0.61798095703125
0.0329799652099609 0.0189018249511719 -0.39404296875 -0.64654541015625
0.0433082580566406 0.0328407287597656 -0.275604248046875 -0.4482421875
-0.0160751342773437 0.0384597778320313 -0.116371154785156 -0.106796264648437
-0.0522270202636719 0.0502510070800781 0.171112060546875 0.0756378173828125
0.0025482177734375 0.0723800659179688 0.271270751953125 0.446533203125
0.0623054504394531 0.0360908508300781 0.41259765625 0.58905029296875
0.0133056640625 -0.015472412109375 0.3795166015625 0.65985107421875
-0.034576416015625 -0.0293083190917969 0.19366455078125 0.62408447265625
-0.0462417602539063 0.0104522705078125 0.112701416015625 0.550201416015625
-0.01495361328125 0.0507316589355469 0.08306884765625 0.314544677734375
-0.00988388061523438 0.0374412536621094 0.0338001251220703 0.0285186767578125
-0.0152626037597656 0.0436592102050781 -0.054412841796875 -0.282470703125
-0.0157279968261719 0.0284290313720703 -0.154205322265625 -0.53924560546875
-0.0246982574462891 -0.00365638732910156 -0.3670654296875 -0.62451171875
-0.00323104858398437 -0.0299587249755859 -0.4886474609375 -0.59814453125
0.0520858764648438 0.00822067260742188 -0.41204833984375 -0.6282958984375
0.0607872009277344 0.0469818115234375 -0.28375244140625 -0.433990478515625
-0.0231552124023438 0.060791015625 -0.118461608886719 -0.0945510864257813
-0.0562019348144531 0.0657844543457031 0.160110473632813 0.0875396728515625
0.01666259765625 0.0780715942382813 0.25750732421875 0.453338623046875
0.074127197265625 0.0225067138671875 0.38995361328125 0.61029052734375
0.00804328918457031 -0.0316333770751953 0.3624267578125 0.68902587890625
-0.0462799072265625 -0.0373001098632813 0.19329833984375 0.63873291015625
-0.0559768676757813 0.0124320983886719 0.11712646484375 0.541900634765625
-0.02020263671875 0.0540046691894531 0.084228515625 0.29180908203125
-0.0128860473632813 0.0387458801269531 0.0334434509277344 0.0034027099609375
-0.0225296020507813 0.0464973449707031 -0.0567626953125 -0.30340576171875
-0.0294685363769531 0.0270519256591797 -0.1575927734375 -0.5496826171875
-0.0372962951660156 -0.0162773132324219 -0.36920166015625 -0.61993408203125
-0.00429534912109375 -0.0472908020019531 -0.494140625 -0.57757568359375
0.0689048767089844 0.00200271606445313 -0.42596435546875 -0.60992431640625
0.0705337524414063 0.0587081909179688 -0.28826904296875 -0.4208984375
-0.0327911376953125 0.0754013061523438 -0.124732971191406 -0.0784225463867187
0.0103683471679687 -0.0727462768554688 0.140182495117188 0.0776748657226563
-0.07342529296875 -0.0486984252929688 0.285980224609375 0.414825439453125
-0.0534477233886719 0.0465431213378906 0.469635009765625 0.541473388671875
0.00173568725585937 0.0647735595703125 0.4876708984375 0.60546875
0.0359230041503906 0.00616836547851563 0.30780029296875 0.58416748046875
0.0391578674316406 -0.0564117431640625 0.198455810546875 0.51409912109375
0.0248184204101563 -0.0579414367675781 0.1138916015625 0.3028564453125
0.0203132629394531 -0.0521125793457031 0.0291080474853516 0.0337791442871094
0.0313262939453125 -0.060455322265625 -0.035308837890625 -0.285003662109375
0.067230224609375 -0.0393867492675781 -0.07763671875 -0.560760498046875
0.056365966796875 0.0114631652832031 -0.267822265625 -0.6778564453125
0.00605010986328125 0.0439109802246094 -0.39471435546875 -0.6522216796875
-0.0553970336914063 0.0255203247070312 -0.3363037109375 -0.66265869140625
-0.0180206298828125 -0.0573959350585937 -0.26708984375 -0.4517822265625
0.0174674987792969 -0.0580520629882813 -0.149627685546875 -0.0783538818359375
0.0138397216796875 -0.0641899108886719 0.151885986328125 0.0623931884765625
-0.062835693359375 -0.0474662780761719 0.295379638671875 0.410736083984375
-0.052001953125 0.0428428649902344 0.4765625 0.532318115234375
-0.002777099609375 0.0679435729980469 0.4842529296875 0.5899658203125
0.0319480895996094 0.0158977508544922 0.29119873046875 0.57861328125
0.0404014587402344 -0.0410194396972656 0.186614990234375 0.5262451171875
0.0267868041992188 -0.0420761108398437 0.109649658203125 0.32415771484375
0.0177497863769531 -0.0395050048828125 0.0301628112792969 0.0549468994140625
0.025604248046875 -0.0465850830078125 -0.037353515625 -0.264862060546875
0.0597686767578125 -0.0326118469238281 -0.089996337890625 -0.54901123046875
0.0539169311523438 0.0111312866210938 -0.28173828125 -0.67401123046875
0.0157318115234375 0.0421371459960938 -0.4046630859375 -0.663818359375
-0.043609619140625 0.0367851257324219 -0.33270263671875 -0.67559814453125
-0.018768310546875 -0.0405349731445313 -0.262664794921875 -0.4603271484375
0.00925827026367187 -0.0500106811523438 -0.135429382324219 -0.0925445556640625
0.0094757080078125 -0.047882080078125 0.165008544921875 0.0555877685546875
-0.0482902526855469 -0.0337600708007813 0.302154541015625 0.4132080078125
-0.0368576049804688 0.0384712219238281 0.481048583984375 0.528045654296875
-0.00499343872070312 0.0603294372558594 0.47454833984375 0.58258056640625
0.0224056243896484 0.0186691284179688 0.27081298828125 0.57708740234375
0.0323104858398437 -0.0251007080078125 0.170135498046875 0.53680419921875
0.0229377746582031 -0.0238380432128906 0.103302001953125 0.339447021484375
0.0129203796386719 -0.0218791961669922 0.0307846069335938 0.0681533813476563
0.0178337097167969 -0.0269718170166016 -0.0414581298828125 -0.2529296875
0.0468215942382813 -0.0204582214355469 -0.104583740234375 -0.536041259765625
0.0431480407714844 0.009124755859375 -0.29998779296875 -0.6640625
0.0187149047851563 0.033203125 -0.42108154296875 -0.66168212890625
-0.02484130859375 0.041351318359375 -0.34246826171875 -0.67974853515625
-0.00981330871582032 -0.0191097259521484 -0.2635498046875 -0.4642333984375
0.000955581665039063 -0.034149169921875 -0.124893188476562 -0.104537963867188
-0.00421524047851563 -0.0247058868408203 0.175521850585937 0.0523681640625
-0.0333137512207031 -0.00903892517089844 0.30322265625 0.421295166015625
-0.0139427185058594 0.0390892028808594 0.4766845703125 0.536041259765625
-0.00146102905273438 0.0453872680664062 0.456298828125 0.58642578125
0.00899600982666016 0.0123767852783203 0.2471923828125 0.58148193359375
0.0157489776611328 -0.0105819702148438 0.145751953125 0.546661376953125
0.0158882141113281 -0.000274658203125 0.096221923828125 0.346221923828125
0.00766611099243164 -0.00321626663208008 0.0321884155273438 0.0712966918945312
0.00893688201904297 -0.00585079193115234 -0.042938232421875 -0.247970581054688
0.030975341796875 -0.00426673889160156 -0.11810302734375 -0.528564453125
0.0282878875732422 0.00910758972167969 -0.32061767578125 -0.65435791015625
0.0167369842529297 0.0203857421875 -0.4407958984375 -0.65093994140625
-0.00555419921875 0.0384330749511719 -0.3587646484375 -0.67327880859375
0.00472450256347656 8.48770141601563E-05 -0.269378662109375 -0.46112060546875
-0.00521373748779297 -0.0113430023193359 -0.120254516601563 -0.111213684082031
-0.0229206085205078 0.00268936157226562 0.180160522460938 0.054718017578125
-0.0219764709472656 0.0222206115722656 0.29986572265625 0.428497314453125
0.0151405334472656 0.0415992736816406 0.465118408203125 0.549041748046875
0.00583076477050781 0.0269145965576172 0.43572998046875 0.601318359375
-0.00560522079467773 -0.000532627105712891 0.224609375 0.58978271484375
-0.00548553466796875 -0.000159740447998047 0.130401611328125 0.551361083984375
0.00465202331542969 0.0207328796386719 0.089813232421875 0.3443603515625
0.00156784057617188 0.0142049789428711 0.0333938598632813 0.0659294128417969
0.00113010406494141 0.0154361724853516 -0.04705810546875 -0.251785278320313
0.0154018402099609 0.010493278503418 -0.1324462890625 -0.526031494140625
0.0103158950805664 0.00881671905517578 -0.34466552734375 -0.64007568359375
0.00966072082519531 0.00633907318115234 -0.46441650390625 -0.63140869140625
0.0144271850585937 0.0301074981689453 -0.38165283203125 -0.65863037109375
0.0249309539794922 0.0170345306396484 -0.27545166015625 -0.454437255859375
-0.0116844177246094 0.0140781402587891 -0.117904663085938 -0.1123046875
-0.0400238037109375 0.0285072326660156 0.177764892578125 0.0622406005859375
-0.009246826171875 0.0519676208496094 0.291259765625 0.43646240234375
0.0419921875 0.0413818359375 0.44573974609375 0.566650390625
0.0125141143798828 0.00566673278808594 0.41302490234375 0.6251220703125
-0.0211887359619141 -0.0150871276855469 0.2083740234375 0.60479736328125
-0.0266380310058594 0.00634765625 0.121612548828125 0.552825927734375
-0.00551223754882812 0.0394554138183594 0.087646484375 0.332672119140625
-0.00412750244140625 0.0294837951660156 0.035400390625 0.05010986328125
-0.00741195678710937 0.0326747894287109 -0.052154541015625 -0.263992309570313
-0.000118255615234376 0.0235424041748047 -0.149078369140625 -0.528839111328125
-0.00798988342285156 0.0055537223815918 -0.36236572265625 -0.630859375
0.001800537109375 -0.0110273361206055 -0.48382568359375 -0.6102294921875
0.0338993072509766 0.0177955627441406 -0.4033203125 -0.64068603515625
0.043731689453125 0.031341552734375 -0.2835693359375 -0.4451904296875
-0.015655517578125 0.0394439697265625 -0.117599487304688 -0.104904174804687
-0.0527877807617187 0.05120849609375 0.171066284179687 0.0716400146484375
0.00390624999999999 0.0726699829101563 0.279388427734375 0.443695068359375
0.06378173828125 0.034820556640625 0.4207763671875 0.5831298828125
0.013646125793457 -0.0157632827758789 0.388427734375 0.65460205078125
-0.0356597900390625 -0.0285263061523438 0.20172119140625 0.62158203125
-0.0454940795898438 0.0114974975585938 0.12030029296875 0.550384521484375
-0.0141334533691406 0.0521965026855469 0.087493896484375 0.313323974609375
-0.00870132446289063 0.0389289855957031 0.0336742401123047 0.0279426574707031
-0.0148239135742188 0.0442543029785156 -0.0587158203125 -0.280014038085938
-0.015045166015625 0.0293846130371094 -0.16217041015625 -0.53570556640625
-0.0253772735595703 -0.002349853515625 -0.37640380859375 -0.61956787109375
-0.00360488891601562 -0.0291843414306641 -0.49847412109375 -0.58880615234375
0.0537033081054688 0.007354736328125 -0.42138671875 -0.62261962890625
0.0611038208007813 0.0453720092773438 -0.28973388671875 -0.431427001953125
-0.0219535827636719 0.0605735778808594 -0.120185852050781 -0.0927886962890625
-0.0569572448730469 0.0667724609375 0.161239624023438 0.0850830078125
0.0178070068359375 0.0785980224609375 0.26422119140625 0.448211669921875
0.0752639770507813 0.0215911865234375 0.39764404296875 0.605224609375
0.00722312927246094 -0.0333118438720703 0.37310791015625 0.68438720703125
-0.0476226806640625 -0.0372657775878906 0.20159912109375 0.63677978515625
-0.0573921203613281 0.0138740539550781 0.125213623046875 0.5406494140625
-0.0194358825683594 0.0551109313964844 0.089263916015625 0.289764404296875
-0.0125236511230469 0.0399818420410156 0.0337448120117188 0.00188827514648438
-0.0223808288574219 0.0473709106445313 -0.062774658203125 -0.30206298828125
-0.0290679931640625 0.0279998779296875 -0.16583251953125 -0.544830322265625
-0.0382423400878906 -0.0155448913574219 -0.37799072265625 -0.61273193359375
-0.0055694580078125 -0.0476455688476563 -0.5008544921875 -0.57049560546875
0.0695266723632813 0.00120925903320313 -0.43218994140625 -0.6036376953125
0.0712814331054688 0.0586624145507813 -0.295379638671875 -0.416534423828125
-0.0314865112304687 0.07696533203125 -0.126388549804688 -0.0775070190429688
0.00919342041015624 -0.0723114013671875 0.14007568359375 0.0762100219726563
-0.0738372802734375 -0.0478363037109375 0.29156494140625 0.410797119140625
-0.0522842407226563 0.0478363037109375 0.475494384765625 0.533233642578125
0.00345230102539063 0.0652694702148438 0.4932861328125 0.599609375
0.0357093811035156 0.00567245483398438 0.31463623046875 0.579345703125
0.0386314392089844 -0.0562820434570313 0.205596923828125 0.51171875
0.0236396789550781 -0.0575752258300781 0.118408203125 0.29998779296875
0.0189170837402344 -0.0525436401367188 0.0289897918701172 0.0329532623291016
0.0304298400878906 -0.0604248046875 -0.0394287109375 -0.282989501953125
0.0670509338378906 -0.0396995544433594 -0.086456298828125 -0.55780029296875
0.0565643310546875 0.01129150390625 -0.27667236328125 -0.67132568359375
0.00692367553710938 0.04498291015625 -0.40167236328125 -0.64349365234375
-0.0551071166992188 0.0263938903808594 -0.34417724609375 -0.65777587890625
-0.0185623168945312 -0.0581550598144531 -0.272857666015625 -0.447662353515625
0.0167007446289063 -0.0580863952636719 -0.14984130859375 -0.0764617919921875
0.0129432678222656 -0.0649299621582031 0.151687622070313 0.059539794921875
-0.063568115234375 -0.0463943481445313 0.301055908203125 0.405487060546875
-0.0502967834472656 0.0432243347167969 0.48272705078125 0.522705078125
-0.00234603881835937 0.0680046081542969 0.4901123046875 0.58355712890625
0.031646728515625 0.0156974792480469 0.29998779296875 0.57464599609375
0.0394477844238281 -0.0416984558105469 0.19403076171875 0.52392578125
0.0250778198242188 -0.0432662963867188 0.114898681640625 0.322021484375
0.0170669555664063 -0.03985595703125 0.0310211181640625 0.0542030334472656
0.0263023376464844 -0.0462417602539063 -0.0423126220703125 -0.264144897460938
0.0600013732910156 -0.0325508117675781 -0.0979309082031249 -0.546295166015625
0.0537185668945312 0.0106468200683594 -0.29052734375 -0.66900634765625
0.0157890319824219 0.0423164367675781 -0.41278076171875 -0.656494140625
-0.0425071716308594 0.0381393432617188 -0.343017578125 -0.66973876953125
-0.0196266174316406 -0.0406570434570313 -0.268890380859375 -0.455291748046875
0.00904083251953125 -0.0503921508789062 -0.136528015136719 -0.0908584594726563
0.00883865356445312 -0.0477294921875 0.165084838867187 0.051177978515625
-0.0478935241699219 -0.0327835083007813 0.30792236328125 0.40655517578125
-0.0355873107910156 0.0390892028808594 0.48760986328125 0.52093505859375
-0.00457382202148437 0.0602226257324219 0.48077392578125 0.5753173828125
0.0213108062744141 0.0186405181884766 0.27960205078125 0.57379150390625
0.0320072174072266 -0.0254535675048828 0.175048828125 0.53631591796875
0.0225677490234375 -0.0227527618408203 0.10791015625 0.33770751953125
0.0128345489501953 -0.0222110748291016 0.0318069458007813 0.0682220458984375
0.017303466796875 -0.0267734527587891 -0.0450592041015625 -0.251602172851563
0.0467910766601563 -0.0204582214355469 -0.111328125 -0.535125732421875
0.0443763732910156 0.00899505615234375 -0.3115234375 -0.66168212890625
0.0196323394775391 0.0334854125976562 -0.430908203125 -0.65447998046875
-0.0252952575683594 0.0427665710449219 -0.35076904296875 -0.67291259765625
-0.0111331939697266 -0.0195465087890625 -0.269500732421875 -0.459320068359375
0.000152587890624997 -0.032928466796875 -0.126487731933594 -0.103126525878906
-0.00492668151855469 -0.0250988006591797 0.175323486328125 0.0501556396484375
-0.0331478118896484 -0.00788497924804688 0.307830810546875 0.41455078125
-0.0115432739257813 0.0386962890625 0.48248291015625 0.52899169921875
-0.00151824951171875 0.0462837219238281 0.4635009765625 0.580810546875
0.00961875915527344 0.0125827789306641 0.25341796875 0.578369140625
0.0155124664306641 -0.0113487243652344 0.1541748046875 0.5445556640625
0.0152177810668945 -0.000235557556152344 0.10113525390625 0.344818115234375
0.00684261322021484 -0.0027012825012207 0.0328369140625 0.0708694458007813
0.00947952270507813 -0.00590705871582031 -0.04669189453125 -0.246246337890625
0.0312213897705078 -0.00568771362304687 -0.125396728515625 -0.52545166015625
0.0283565521240234 0.00814056396484375 -0.33013916015625 -0.6473388671875
0.0162353515625 0.0208530426025391 -0.44873046875 -0.641845703125
-0.004791259765625 0.0381660461425781 -0.3690185546875 -0.6661376953125
0.00465631484985352 -8.34465026855469E-05 -0.275421142578125 -0.457977294921875
-0.00705051422119141 -0.0112171173095703 -0.120849609375 -0.108757019042969
-0.0227260589599609 0.00242042541503906 0.179855346679688 0.052581787109375
-0.0215854644775391 0.0228023529052734 0.30401611328125 0.423431396484375
0.0165443420410156 0.0410995483398438 0.472625732421875 0.54107666015625
0.00620079040527344 0.0266685485839844 0.44390869140625 0.59375
-0.00563812255859375 0.000152111053466796 0.232666015625 0.58734130859375
-0.00532388687133789 0.000238895416259766 0.136962890625 0.549957275390625
0.00552749633789062 0.0220279693603516 0.093414306640625 0.3419189453125
0.00085735321044922 0.0146608352661133 0.0334701538085938 0.0654983520507813
0.00109577178955078 0.0160455703735352 -0.0502777099609375 -0.249526977539063
0.0158920288085938 0.0102062225341797 -0.1405029296875 -0.52294921875
0.0106182098388672 0.00818634033203125 -0.3516845703125 -0.63409423828125
0.00991630554199219 0.00610923767089844 -0.47113037109375 -0.6234130859375
0.0154762268066406 0.0292873382568359 -0.38983154296875 -0.6512451171875
0.0244369506835938 0.0163345336914063 -0.28143310546875 -0.450592041015625
-0.0117111206054688 0.0148687362670898 -0.119743347167969 -0.110458374023437
-0.0392684936523437 0.0284156799316406 0.178482055664062 0.0593109130859375
-0.0089874267578125 0.0517997741699219 0.29730224609375 0.43121337890625
0.0433464050292969 0.0405921936035156 0.452972412109375 0.55859375
0.0124244689941406 0.00572776794433594 0.4193115234375 0.617431640625
-0.0212974548339844 -0.0151996612548828 0.21630859375 0.6016845703125
-0.0269317626953125 0.00838851928710938 0.129486083984375 0.5521240234375
-0.0052337646484375 0.0404701232910156 0.09259033203125 0.330596923828125
-0.00376701354980469 0.0298557281494141 0.0345191955566406 0.0496139526367188
-0.00616264343261719 0.0342445373535156 -0.0567626953125 -0.26202392578125
0.000665664672851561 0.0238189697265625 -0.157318115234375 -0.52447509765625
-0.00814151763916016 0.00584793090820313 -0.37115478515625 -0.62249755859375
0.00143909454345703 -0.0105743408203125 -0.49053955078125 -0.60418701171875
0.0345554351806641 0.0175609588623047 -0.40960693359375 -0.63458251953125
0.0447463989257813 0.0305900573730469 -0.28826904296875 -0.4404296875
-0.01568603515625 0.0399703979492188 -0.119270324707031 -0.103279113769531
-0.0526885986328125 0.0523681640625 0.171295166015625 0.0686492919921875
0.00507354736328125 0.0723037719726563 0.28570556640625 0.437713623046875
0.066009521484375 0.0335655212402344 0.4276123046875 0.576904296875
0.0132570266723633 -0.016179084777832 0.39630126953125 0.6490478515625
-0.0372734069824219 -0.0281791687011719 0.20953369140625 0.620849609375
-0.0453834533691406 0.0134086608886719 0.127410888671875 0.546356201171875
-0.0138435363769531 0.0526924133300781 0.091796875 0.311676025390625
-0.00908660888671875 0.0389862060546875 0.0334453582763672 0.0278549194335938
-0.0141143798828125 0.0450515747070313 -0.0626678466796875 -0.277877807617188
-0.01483154296875 0.0300254821777344 -0.170867919921875 -0.531646728515625
-0.0255203247070313 -0.00146865844726563 -0.38494873046875 -0.6121826171875
-0.00420188903808594 -0.0286903381347656 -0.50421142578125 -0.5806884765625
0.0535507202148438 0.00664901733398438 -0.42840576171875 -0.61480712890625
0.0614433288574219 0.0436325073242188 -0.29571533203125 -0.424957275390625
-0.0218162536621094 0.0612564086914062 -0.120903015136719 -0.0912399291992187
-0.0560150146484375 0.0674400329589844 0.161148071289063 0.0817413330078125
0.019561767578125 0.0782623291015625 0.270172119140625 0.44366455078125
0.0768508911132813 0.019622802734375 0.40478515625 0.5977783203125
0.00775909423828125 -0.0315971374511719 0.3804931640625 0.67919921875
-0.050537109375 -0.0369453430175781 0.2095947265625 0.63226318359375
-0.0569343566894531 0.0155906677246094 0.1326904296875 0.5382080078125
-0.0177726745605469 0.05633544921875 0.09307861328125 0.28662109375
-0.0117530822753906 0.0408363342285156 0.0326213836669922 0.00157546997070313
-0.0211906433105469 0.0489044189453125 -0.066680908203125 -0.29986572265625
-0.0283012390136719 0.028961181640625 -0.17462158203125 -0.541259765625
-0.0379219055175781 -0.0140762329101562 -0.38812255859375 -0.60748291015625
-0.0067901611328125 -0.0472755432128906 -0.506988525390625 -0.5614013671875
0.0700302124023437 -0.00063323974609375 -0.43994140625 -0.5960693359375
0.07086181640625 0.0570602416992188 -0.300262451171875 -0.4124755859375
-0.0308380126953125 0.0775375366210937 -0.126625061035156 -0.0742721557617188
0.00765228271484376 -0.0732498168945312 0.140396118164063 0.0720291137695312
-0.0743789672851563 -0.0468215942382813 0.297027587890625 0.40484619140625
-0.0509872436523438 0.0478096008300781 0.48095703125 0.525604248046875
0.00370025634765625 0.0646286010742188 0.49810791015625 0.589599609375
0.0358543395996094 0.005950927734375 0.320068359375 0.5753173828125
0.0384635925292969 -0.0564651489257812 0.210784912109375 0.5074462890625
0.0230445861816406 -0.0569877624511719 0.1217041015625 0.297088623046875
0.0180892944335938 -0.0519523620605469 0.0288600921630859 0.0326499938964844
0.0296516418457031 -0.0598526000976562 -0.04278564453125 -0.281112670898438
0.0679397583007813 -0.0402946472167969 -0.0943908691406249 -0.5555419921875
0.0563697814941406 0.0108222961425781 -0.2852783203125 -0.6627197265625
0.007110595703125 0.0446319580078125 -0.40972900390625 -0.63494873046875
-0.0548896789550781 0.0274009704589844 -0.3521728515625 -0.6502685546875
-0.0196037292480469 -0.0579147338867187 -0.27880859375 -0.442718505859375
0.0159225463867187 -0.0584526062011719 -0.15081787109375 -0.074249267578125
0.0107574462890625 -0.0650367736816406 0.152420043945313 0.057159423828125
-0.0650825500488281 -0.0454597473144531 0.305908203125 0.400421142578125
-0.0494613647460937 0.0440902709960938 0.48724365234375 0.51556396484375
-0.00126647949218749 0.068267822265625 0.4947509765625 0.57562255859375
0.0314254760742187 0.0156230926513672 0.304931640625 0.5694580078125
0.0384521484375 -0.0415725708007813 0.1993408203125 0.52032470703125
0.0250434875488281 -0.0426254272460938 0.1181640625 0.31866455078125
0.0165786743164062 -0.0389442443847656 0.0307655334472656 0.0531196594238281
0.0247535705566406 -0.0453262329101562 -0.046112060546875 -0.261642456054688
0.0594215393066406 -0.0331077575683594 -0.10467529296875 -0.54193115234375
0.0544548034667969 0.00988388061523438 -0.300048828125 -0.66119384765625
0.0159225463867187 0.04180908203125 -0.41790771484375 -0.64544677734375
-0.0419578552246094 0.0384101867675781 -0.34906005859375 -0.66265869140625
-0.021728515625 -0.0404090881347656 -0.2735595703125 -0.45037841796875
0.00817108154296874 -0.0501823425292969 -0.137153625488281 -0.0880889892578125
0.00695419311523438 -0.0478401184082031 0.164566040039063 0.048431396484375
-0.0491256713867188 -0.0322418212890625 0.312896728515625 0.40234375
-0.0347480773925781 0.0392723083496094 0.49285888671875 0.511688232421875
-0.00433349609375 0.0606803894042969 0.48529052734375 0.566650390625
0.0217380523681641 0.0186424255371094 0.28436279296875 0.5693359375
0.0307331085205078 -0.0253620147705078 0.18115234375 0.532073974609375
0.0222911834716797 -0.0229587554931641 0.112396240234375 0.334014892578125
0.0130615234375 -0.0216827392578125 0.0328102111816406 0.0670394897460937
0.0176773071289063 -0.0269584655761719 -0.04736328125 -0.248916625976563
0.046630859375 -0.0205421447753906 -0.119873046875 -0.529998779296875
0.0437088012695313 0.00909805297851563 -0.3193359375 -0.6536865234375
0.0195751190185547 0.0334358215332031 -0.43756103515625 -0.643798828125
-0.0232887268066406 0.041656494140625 -0.35882568359375 -0.6651611328125
-0.0118236541748047 -0.0192050933837891 -0.273895263671875 -0.45355224609375
-0.00058937072753906 -0.0332107543945313 -0.126937866210938 -0.100509643554688
-0.00594520568847657 -0.0234870910644531 0.175247192382813 0.04669189453125
-0.0334911346435547 -0.00897979736328125 0.31365966796875 0.410064697265625
-0.010955810546875 0.0381584167480469 0.48834228515625 0.5203857421875
-0.000766754150390629 0.0466499328613281 0.46875 0.57208251953125
0.00795745849609375 0.0128383636474609 0.2608642578125 0.5738525390625
0.01568603515625 -0.0112123489379883 0.1595458984375 0.541534423828125
0.015625 0.000357627868652344 0.1043701171875 0.342376708984375
0.00784206390380859 -0.00388908386230469 0.0333633422851563 0.0709991455078125
0.00947093963623047 -0.00516223907470703 -0.0493316650390625 -0.243621826171875
0.0324363708496094 -0.00565528869628906 -0.132781982421875 -0.52099609375
0.0279045104980469 0.0087890625 -0.3402099609375 -0.64093017578125
0.0167388916015625 0.0202827453613281 -0.45672607421875 -0.63360595703125
-0.00276947021484375 0.0386924743652344 -0.37615966796875 -0.65869140625
0.00523948669433594 0.000245571136474609 -0.27886962890625 -0.452789306640625
-0.00710773468017578 -0.00963401794433594 -0.121818542480469 -0.107681274414063
-0.0241603851318359 0.0037689208984375 0.179443359375 0.0485076904296875
-0.0218544006347656 0.0227718353271484 0.309112548828125 0.4168701171875
0.0174484252929688 0.0394020080566406 0.476898193359375 0.5325927734375
0.00642204284667969 0.0268020629882813 0.44744873046875 0.58648681640625
-0.00573301315307617 9.53674316406265E-06 0.239501953125 0.58319091796875
-0.00554943084716797 9.96589660644523E-05 0.144775390625 0.546722412109375
0.00494194030761719 0.0228042602539063 0.09857177734375 0.337982177734375
0.00183486938476562 0.0143575668334961 0.0358200073242187 0.0644493103027344
0.00280666351318359 0.0162935256958008 -0.053131103515625 -0.246795654296875
0.0160369873046875 0.0099334716796875 -0.14739990234375 -0.5172119140625
0.0108432769775391 0.00907993316650391 -0.36077880859375 -0.62689208984375
0.00942897796630859 0.00636386871337891 -0.47747802734375 -0.6138916015625
0.0162258148193359 0.0290012359619141 -0.39727783203125 -0.642822265625
0.0250606536865234 0.0151119232177734 -0.285980224609375 -0.445770263671875
-0.0106468200683594 0.014653205871582 -0.120201110839844 -0.108551025390625
-0.0405654907226563 0.0299034118652344 0.17755126953125 0.0557861328125
-0.00777435302734375 0.0526924133300781 0.30145263671875 0.424285888671875
0.0459365844726563 0.0386962890625 0.45904541015625 0.55120849609375
0.0128812789916992 0.00512313842773437 0.42584228515625 0.61029052734375
-0.0221652984619141 -0.0137977600097656 0.22528076171875 0.59808349609375
-0.0269184112548828 0.00895500183105469 0.13543701171875 0.548553466796875
-0.00519180297851562 0.0410041809082031 0.096710205078125 0.3282470703125
-0.00366401672363281 0.0298423767089844 0.0340805053710938 0.0503959655761719
-0.00540733337402344 0.0338058471679688 -0.0596771240234375 -0.258346557617188
0.000909805297851563 0.0230064392089844 -0.165802001953125 -0.51953125
-0.00831747055053711 0.00690984725952148 -0.37774658203125 -0.61590576171875
0.00170612335205078 -0.0100040435791016 -0.49530029296875 -0.59307861328125
0.0341148376464844 0.017303466796875 -0.41815185546875 -0.62591552734375
0.0447769165039063 0.0293006896972656 -0.29327392578125 -0.4351806640625
-0.0158424377441406 0.0401191711425781 -0.119087219238281 -0.101028442382812
-0.0525779724121094 0.0530967712402344 0.171493530273437 0.0654449462890625
0.00511932373046875 0.071136474609375 0.289703369140625 0.43060302734375
0.0663871765136719 0.0323410034179688 0.43304443359375 0.56878662109375
0.0132637023925781 -0.017451286315918 0.4031982421875 0.64251708984375
-0.0374755859375 -0.0278358459472656 0.216552734375 0.61639404296875
-0.0447578430175781 0.0143928527832031 0.135406494140625 0.544891357421875
-0.0125846862792969 0.0528068542480469 0.095703125 0.308563232421875
-0.00841140747070313 0.0391616821289062 0.0336818695068359 0.02783203125
-0.0132331848144531 0.0463447570800781 -0.06622314453125 -0.275466918945313
-0.0131282806396484 0.0307426452636719 -0.17669677734375 -0.52667236328125
-0.0258808135986328 -0.00110816955566406 -0.390380859375 -0.60272216796875
-0.00457763671875 -0.0284233093261719 -0.5096435546875 -0.57135009765625
0.0531196594238281 0.00593185424804688 -0.433837890625 -0.6060791015625
0.0615959167480469 0.0438613891601563 -0.3006591796875 -0.42047119140625
-0.02215576171875 0.0611000061035156 -0.1221923828125 -0.089263916015625
-0.0562782287597656 0.0688591003417969 0.161148071289063 0.0789031982421875
0.0207595825195313 0.0778121948242188 0.2750244140625 0.438720703125
0.077362060546875 0.0184249877929688 0.41094970703125 0.5889892578125
0.00647544860839844 -0.0329151153564453 0.38720703125 0.67041015625
-0.0512504577636719 -0.0357780456542969 0.21746826171875 0.6298828125
-0.0563201904296875 0.0169334411621094 0.138916015625 0.53509521484375
-0.0180435180664063 0.0570297241210938 0.095733642578125 0.28411865234375
-0.0105247497558594 0.0417213439941406 0.0322818756103516 0.00180244445800782
-0.01971435546875 0.0496711730957031 -0.07000732421875 -0.2974853515625
-0.0277462005615234 0.0285511016845703 -0.18280029296875 -0.53656005859375
-0.0395431518554687 -0.01336669921875 -0.39337158203125 -0.59716796875
-0.00694656372070313 -0.0463142395019531 -0.51092529296875 -0.551300048828125
0.0702056884765625 -0.00168228149414062 -0.445068359375 -0.587646484375
0.07135009765625 0.0556259155273437 -0.306732177734375 -0.406402587890625
-0.02972412109375 0.0779647827148437 -0.127906799316406 -0.0729293823242188
0.00727844238281249 -0.072967529296875 0.139915466308594 0.0695037841796875
-0.074554443359375 -0.0452957153320312 0.30010986328125 0.39752197265625
-0.0488853454589844 0.048126220703125 0.4842529296875 0.515838623046875
0.00436019897460938 0.0644073486328125 0.50439453125 0.5811767578125
0.0354080200195313 0.00534439086914063 0.32611083984375 0.5689697265625
0.0375862121582031 -0.0561294555664063 0.216583251953125 0.501983642578125
0.0213737487792969 -0.0563278198242188 0.124481201171875 0.29290771484375
0.0175552368164063 -0.0514335632324219 0.0292701721191406 0.0320949554443359
0.028900146484375 -0.0606040954589844 -0.04718017578125 -0.2772216796875
0.0668373107910156 -0.0407257080078125 -0.101409912109375 -0.5499267578125
0.0567169189453125 0.0104141235351563 -0.29241943359375 -0.6573486328125
0.00785446166992188 0.045013427734375 -0.4140625 -0.62554931640625
-0.0533103942871094 0.0291786193847656 -0.356689453125 -0.640869140625
-0.0221443176269531 -0.0563926696777344 -0.28228759765625 -0.436676025390625
0.0146865844726562 -0.0579376220703125 -0.151535034179687 -0.0723724365234375
0.0104637145996094 -0.0648155212402344 0.15216064453125 0.0545654296875
-0.0650520324707031 -0.0453262329101563 0.307403564453125 0.39288330078125
-0.0474815368652344 0.0431785583496094 0.490386962890625 0.50567626953125
-0.000850677490234382 0.0683631896972656 0.4979248046875 0.56524658203125
0.03143310546875 0.0158252716064453 0.3104248046875 0.5638427734375
0.0386619567871094 -0.0403900146484375 0.20452880859375 0.51629638671875
0.0235977172851563 -0.0424118041992188 0.1212158203125 0.31622314453125
0.0150108337402344 -0.0388031005859375 0.0302162170410156 0.0532798767089844
0.024444580078125 -0.0462188720703125 -0.048614501953125 -0.25927734375
0.0596237182617188 -0.0341873168945313 -0.112823486328125 -0.537445068359375
0.0537757873535156 0.00980377197265625 -0.30859375 -0.65423583984375
0.0172653198242187 0.0431327819824219 -0.4234619140625 -0.63739013671875
-0.0417404174804688 0.0390167236328125 -0.35528564453125 -0.6544189453125
-0.0212478637695313 -0.0398712158203125 -0.27801513671875 -0.44573974609375
0.00698089599609375 -0.0498313903808594 -0.13812255859375 -0.0872802734375
0.00690841674804688 -0.0470542907714844 0.1651611328125 0.0445709228515625
-0.0483589172363281 -0.0313148498535156 0.315399169921875 0.396453857421875
-0.0328445434570313 0.0389785766601563 0.495330810546875 0.501678466796875
-0.0031280517578125 0.0602149963378906 0.488433837890625 0.55865478515625
0.0206336975097656 0.0188846588134766 0.28900146484375 0.56414794921875
0.0314502716064453 -0.0246181488037109 0.18731689453125 0.527801513671875
0.0218067169189453 -0.0221271514892578 0.11627197265625 0.330596923828125
0.011199951171875 -0.0221195220947266 0.0312652587890625 0.0660438537597656
0.0173778533935547 -0.0267524719238281 -0.051177978515625 -0.245681762695313
0.0460853576660156 -0.0217933654785156 -0.12615966796875 -0.524566650390625
0.0432243347167969 0.00844573974609375 -0.32647705078125 -0.6478271484375
0.0196781158447266 0.0347862243652344 -0.44232177734375 -0.6346435546875
-0.0238189697265625 0.0437355041503906 -0.3648681640625 -0.65753173828125
-0.0121707916259766 -0.0201587677001953 -0.277984619140625 -0.44671630859375
-0.00159835815429687 -0.0331020355224609 -0.128616333007813 -0.0990447998046875
-0.00655174255371094 -0.0235233306884766 0.174667358398438 0.04345703125
-0.0342216491699219 -0.00697898864746094 0.317413330078125 0.402191162109375
-0.0100440979003906 0.0387840270996094 0.49127197265625 0.50970458984375
0.000453948974609379 0.0450973510742188 0.4725341796875 0.56414794921875
0.00780391693115234 0.0121450424194336 0.2659912109375 0.5670166015625
0.0162801742553711 -0.0098419189453125 0.16534423828125 0.536163330078125
0.0153007507324219 0.000592231750488281 0.108856201171875 0.33917236328125
0.00681114196777344 -0.00325441360473633 0.0337677001953125 0.0706253051757813
0.010589599609375 -0.0050201416015625 -0.05279541015625 -0.240829467773438
0.0311565399169922 -0.00468826293945312 -0.141357421875 -0.5150146484375
0.0279121398925781 0.00844573974609375 -0.3447265625 -0.63250732421875
0.0172080993652344 0.020721435546875 -0.4599609375 -0.62225341796875
-0.00281524658203125 0.0385398864746094 -0.382080078125 -0.65093994140625
0.00358891487121582 -0.000234127044677734 -0.282623291015625 -0.44549560546875
-0.00819492340087891 -0.0104465484619141 -0.123748779296875 -0.106338500976562
-0.0231208801269531 0.00327301025390625 0.178604125976563 0.0457305908203125
-0.0209980010986328 0.0219326019287109 0.3140869140625 0.410186767578125
0.0188751220703125 0.0399818420410156 0.47943115234375 0.52288818359375
0.00646591186523438 0.0271644592285156 0.451171875 0.57684326171875
-0.00720119476318359 0.000647544860839843 0.2427978515625 0.578857421875
-0.00504207611083984 0.00107002258300781 0.15081787109375 0.544464111328125
0.00597190856933594 0.0232925415039063 0.101898193359375 0.33642578125
0.00166702270507813 0.0155487060546875 0.0355987548828125 0.0641746520996094
0.00283622741699219 0.0176448822021484 -0.0562896728515625 -0.24493408203125
0.0167598724365234 0.0115642547607422 -0.156036376953125 -0.5123291015625
0.0106840133666992 0.00897979736328125 -0.364990234375 -0.6168212890625
0.0101232528686523 0.00652408599853516 -0.48138427734375 -0.60174560546875
0.0159664154052734 0.0298137664794922 -0.40155029296875 -0.63360595703125
0.0239238739013672 0.0156841278076172 -0.28912353515625 -0.439697265625
-0.0113973617553711 0.0150699615478516 -0.120986938476562 -0.10723876953125
-0.0411834716796875 0.0310935974121094 0.176376342773438 0.0525665283203125
-0.00828552246093751 0.0515670776367187 0.305633544921875 0.41845703125
0.0459175109863281 0.0389213562011719 0.46099853515625 0.539459228515625
0.0116357803344727 0.00516319274902344 0.43017578125 0.60028076171875
-0.0233688354492188 -0.0143032073974609 0.2305908203125 0.59381103515625
-0.0254859924316406 0.00991058349609374 0.142730712890625 0.544921875
-0.00427627563476563 0.0419387817382813 0.10003662109375 0.32568359375
-0.00384712219238281 0.02972412109375 0.0357666015625 0.0478706359863281
-0.0049591064453125 0.0339374542236328 -0.06207275390625 -0.255645751953125
0.00163459777832031 0.0245285034179688 -0.17071533203125 -0.513671875
-0.00858449935913086 0.00661754608154297 -0.3841552734375 -0.60601806640625
0.00118637084960938 -0.00939178466796875 -0.50067138671875 -0.58270263671875
0.0348796844482422 0.016998291015625 -0.422119140625 -0.616455078125
0.0439949035644531 0.0287971496582031 -0.29681396484375 -0.430145263671875
-0.0143508911132813 0.04010009765625 -0.120162963867187 -0.099212646484375
-0.0522842407226563 0.05438232421875 0.171112060546875 0.0616912841796875
0.005706787109375 0.0711898803710938 0.293426513671875 0.423370361328125
0.0683364868164063 0.0311698913574219 0.4388427734375 0.56060791015625
0.0129871368408203 -0.0165624618530273 0.40618896484375 0.634033203125
-0.0381050109863281 -0.0268745422363281 0.22149658203125 0.61114501953125
-0.0452537536621094 0.0149307250976562 0.140380859375 0.541107177734375
-0.0121040344238281 0.0545654296875 0.098724365234375 0.3060302734375
-0.00773239135742187 0.0408439636230469 0.0338783264160156 0.0267143249511719
-0.0127601623535156 0.04620361328125 -0.0687103271484375 -0.272689819335938
-0.0132331848144531 0.0309963226318359 -0.1851806640625 -0.52294921875
-0.0256500244140625 -1.14440917968791E-05 -0.39801025390625 -0.594970703125
-0.00547981262207031 -0.0281257629394531 -0.512664794921875 -0.56201171875
0.0542564392089844 0.00477981567382812 -0.43914794921875 -0.59722900390625
0.0618400573730469 0.0413475036621094 -0.303253173828125 -0.41461181640625
-0.0206260681152344 0.0624885559082031 -0.122482299804687 -0.08721923828125
-0.0556678771972656 0.0696372985839844 0.161178588867188 0.0751190185546875
0.021209716796875 0.0780563354492187 0.279296875 0.432220458984375
0.0788497924804688 0.0158004760742188 0.41510009765625 0.5810546875
0.00648307800292969 -0.0329132080078125 0.39190673828125 0.66400146484375
-0.0515213012695313 -0.0348663330078125 0.22137451171875 0.6259765625
-0.0557022094726562 0.0181121826171875 0.145416259765625 0.53033447265625
-0.0160636901855469 0.0580978393554688 0.098724365234375 0.281463623046875
-0.0119400024414062 0.0420989990234375 0.0314846038818359 0.00223541259765625
-0.0190620422363281 0.0493011474609375 -0.07415771484375 -0.29364013671875
-0.0268440246582031 0.0301036834716797 -0.190032958984375 -0.531646728515625
-0.0388031005859375 -0.0121078491210937 -0.39971923828125 -0.5892333984375
-0.00726699829101562 -0.0449790954589844 -0.514190673828125 -0.541046142578125
0.0700721740722656 -0.00143814086914063 -0.4515380859375 -0.57879638671875
0.0719833374023438 0.0543060302734375 -0.30755615234375 -0.401214599609375
-0.0295257568359375 0.0785064697265625 -0.126976013183594 -0.0710372924804687
0.00647735595703125 -0.0722427368164062 0.138641357421875 0.0671463012695313
-0.075897216796875 -0.0453643798828125 0.30157470703125 0.3919677734375
-0.0482063293457031 0.0480766296386719 0.485015869140625 0.50732421875
0.00531387329101562 0.0639877319335938 0.50616455078125 0.57208251953125
0.0343303680419922 0.00442695617675781 0.32928466796875 0.56280517578125
0.0369453430175781 -0.0559158325195313 0.220123291015625 0.497894287109375
0.0208816528320313 -0.0559577941894531 0.127288818359375 0.2899169921875
0.0170478820800781 -0.05126953125 0.0290908813476562 0.0324897766113281
0.0282363891601563 -0.0605278015136719 -0.04974365234375 -0.275039672851563
0.0663871765136719 -0.041717529296875 -0.106536865234375 -0.54486083984375
0.0564193725585938 0.00993728637695313 -0.29705810546875 -0.6478271484375
0.00873184204101563 0.0461006164550781 -0.41632080078125 -0.61517333984375
-0.0534019470214844 0.0283126831054687 -0.3603515625 -0.6334228515625
-0.0219345092773437 -0.0573844909667969 -0.285430908203125 -0.43145751953125
0.0134544372558594 -0.0579643249511719 -0.1514892578125 -0.0701446533203125
0.00922012329101563 -0.0637054443359375 0.150680541992188 0.0521240234375
-0.0646858215332031 -0.0447235107421875 0.31219482421875 0.386077880859375
-0.0458412170410156 0.0431671142578125 0.491485595703125 0.495330810546875
-0.000503540039062499 0.0677337646484375 0.50030517578125 0.557159423828125
0.0305213928222656 0.0150985717773437 0.31378173828125 0.557159423828125
0.0381088256835938 -0.0418853759765625 0.208770751953125 0.50994873046875
0.0240440368652344 -0.0420761108398438 0.123931884765625 0.311187744140625
0.0149383544921875 -0.0384254455566406 0.0319442749023438 0.0523796081542969
0.0242424011230469 -0.0449256896972656 -0.05108642578125 -0.256271362304688
0.0584907531738281 -0.0336647033691406 -0.11859130859375 -0.53253173828125
0.0533599853515625 0.00929641723632812 -0.313232421875 -0.64453125
0.0173110961914063 0.0427780151367187 -0.4271240234375 -0.6279296875
-0.0408439636230469 0.0387954711914063 -0.35986328125 -0.6475830078125
-0.0219612121582031 -0.0399665832519531 -0.280181884765625 -0.4393310546875
0.006622314453125 -0.0497703552246094 -0.137542724609375 -0.0848922729492188
0.00527191162109375 -0.0466995239257813 0.162826538085938 0.042236328125
-0.04901123046875 -0.0320243835449219 0.318359375 0.388702392578125
-0.0323982238769531 0.0383987426757812 0.497528076171875 0.492462158203125
-0.00225067138671874 0.0601730346679688 0.49224853515625 0.548980712890625
0.020721435546875 0.0179424285888672 0.293365478515625 0.55853271484375
0.0311012268066406 -0.0251636505126953 0.190887451171875 0.5240478515625
0.0210762023925781 -0.0221824645996094 0.1187744140625 0.3271484375
0.0117874145507813 -0.0213832855224609 0.0336494445800781 0.0661964416503906
0.0172195434570313 -0.0265979766845703 -0.0532379150390625 -0.243072509765625
0.0456695556640625 -0.0212593078613281 -0.132354736328125 -0.520172119140625
0.0436553955078125 0.00767135620117187 -0.33203125 -0.63677978515625
0.0199527740478516 0.0334873199462891 -0.445068359375 -0.6241455078125
-0.0219879150390625 0.0427970886230469 -0.36883544921875 -0.65008544921875
-0.0132312774658203 -0.0197658538818359 -0.28082275390625 -0.442657470703125
-0.00251388549804688 -0.033447265625 -0.128440856933594 -0.0966873168945313
-0.008575439453125 -0.0232810974121094 0.172607421875 0.039764404296875
-0.0335769653320312 -0.00699996948242187 0.32000732421875 0.39581298828125
-0.00918960571289063 0.0379142761230469 0.493682861328125 0.500152587890625
4.95910644531242E-05 0.045562744140625 0.475128173828125 0.554840087890625
0.0078887939453125 0.0129308700561523 0.26959228515625 0.56243896484375
0.0155324935913086 -0.0095834732055664 0.17083740234375 0.5343017578125
0.0147972106933594 0.000599861145019531 0.111053466796875 0.334259033203125
0.00686359405517578 -0.00279569625854492 0.0343399047851562 0.0699119567871094
0.00993824005126953 -0.00413608551025391 -0.054962158203125 -0.237991333007813
0.0314464569091797 -0.00643348693847656 -0.144744873046875 -0.50927734375
0.0287914276123047 0.00826644897460938 -0.3477783203125 -0.62274169921875
0.0177402496337891 0.0215606689453125 -0.46197509765625 -0.6124267578125
-0.0027618408203125 0.0381126403808594 -0.384521484375 -0.6409912109375
0.00343203544616699 -0.000838518142700195 -0.286529541015625 -0.441009521484375
-0.00779247283935547 -0.0108728408813477 -0.123275756835938 -0.103858947753906
-0.0236129760742188 0.00456809997558594 0.177734375 0.041900634765625
-0.0204143524169922 0.0231418609619141 0.3153076171875 0.40289306640625
0.0197296142578125 0.0376129150390625 0.482330322265625 0.51495361328125
0.00750732421875 0.026519775390625 0.4544677734375 0.5689697265625
-0.00755786895751953 0.000806331634521485 0.24853515625 0.57403564453125
-0.00395011901855469 0.00144600868225098 0.155242919921875 0.53948974609375
0.00689506530761718 0.0233631134033203 0.105804443359375 0.331634521484375
0.00204181671142578 0.0160398483276367 0.0353279113769531 0.0645561218261719
0.0025482177734375 0.0160350799560547 -0.0592041015625 -0.240020751953125
0.0174722671508789 0.00997257232666016 -0.159637451171875 -0.50555419921875
0.0102815628051758 0.00864315032958984 -0.37017822265625 -0.60736083984375
0.00955295562744141 0.00704860687255859 -0.4854736328125 -0.59283447265625
0.0172252655029297 0.0289707183837891 -0.40576171875 -0.626708984375
0.0245265960693359 0.0153446197509766 -0.292236328125 -0.433624267578125
-0.0116796493530273 0.016204833984375 -0.121826171875 -0.104751586914062
-0.0409202575683594 0.0314445495605469 0.17578125 0.049072265625
-0.00732040405273438 0.0518569946289062 0.3076171875 0.41217041015625
0.0469818115234375 0.0369644165039063 0.4647216796875 0.531219482421875
0.0134916305541992 0.00462150573730469 0.43194580078125 0.5938720703125
-0.0233726501464844 -0.0137386322021484 0.23370361328125 0.587158203125
-0.0258255004882812 0.0110435485839844 0.1470947265625 0.5416259765625
-0.00383758544921875 0.042938232421875 0.1036376953125 0.321197509765625
-0.0031585693359375 0.0311794281005859 0.0355720520019531 0.0489578247070313
-0.00396919250488282 0.0343589782714844 -0.0650787353515625 -0.251739501953125
0.00267410278320313 0.0248699188232422 -0.1766357421875 -0.5093994140625
-0.00866174697875976 0.00679636001586914 -0.3876953125 -0.59759521484375
0.00191974639892578 -0.00930881500244141 -0.502197265625 -0.57208251953125
0.0347099304199219 0.0175399780273437 -0.42462158203125 -0.6092529296875
0.0443305969238281 0.0287094116210938 -0.298736572265625 -0.42388916015625
-0.0150909423828125 0.0400848388671875 -0.120903015136719 -0.0981216430664063
-0.0514907836914063 0.05517578125 0.169891357421875 0.059173583984375
0.00673675537109375 0.0717620849609375 0.296112060546875 0.4200439453125
0.0685005187988281 0.0294265747070313 0.4405517578125 0.549774169921875
0.0131244659423828 -0.0169191360473633 0.41046142578125 0.6258544921875
-0.0401458740234375 -0.0257606506347656 0.2265625 0.60565185546875
-0.044281005859375 0.017333984375 0.14617919921875 0.53631591796875
-0.0109977722167969 0.0547561645507813 0.101837158203125 0.302703857421875
-0.00792312622070313 0.0406990051269531 0.0336265563964844 0.0271549224853516
-0.0107841491699219 0.0455665588378906 -0.0717926025390625 -0.269317626953125
-0.0123195648193359 0.0315341949462891 -0.18890380859375 -0.51544189453125
-0.0259342193603516 -1.14440917968733E-05 -0.4022216796875 -0.58673095703125
-0.00521087646484375 -0.0277671813964844 -0.515106201171875 -0.54925537109375
0.0535202026367188 0.0044403076171875 -0.44140625 -0.589111328125
0.0623359680175781 0.041412353515625 -0.305694580078125 -0.409515380859375
-0.0204429626464844 0.062652587890625 -0.122520446777344 -0.085723876953125
-0.0549697875976563 0.0714950561523437 0.159332275390625 0.0734100341796875
0.0215835571289062 0.076507568359375 0.282501220703125 0.426727294921875
0.0788497924804688 0.0140151977539063 0.41900634765625 0.57305908203125
0.00663948059082031 -0.0338096618652344 0.3956298828125 0.65716552734375
-0.05316162109375 -0.0333786010742187 0.22894287109375 0.61956787109375
-0.0549736022949219 0.0196495056152344 0.150115966796875 0.526702880859375
-0.016632080078125 0.0586929321289062 0.101959228515625 0.27880859375
-0.0110054016113281 0.0427589416503906 0.0321598052978516 0.00180816650390625
-0.0183181762695312 0.0513687133789063 -0.07647705078125 -0.29083251953125
-0.0258655548095703 0.0306739807128906 -0.1943359375 -0.52435302734375
-0.0394515991210938 -0.0122222900390625 -0.40472412109375 -0.578125
-0.00860977172851562 -0.0466156005859375 -0.51641845703125 -0.530975341796875
0.0695343017578125 -0.00258636474609375 -0.45452880859375 -0.5687255859375
0.0720291137695313 0.0532760620117188 -0.310150146484375 -0.396026611328125
-0.0291824340820313 0.0784912109375 -0.127281188964844 -0.0694580078125
0.00485992431640625 -0.07135009765625 0.137046813964844 0.0652389526367188
-0.0753402709960937 -0.0452041625976563 0.302337646484375 0.38507080078125
-0.0472564697265625 0.0473861694335938 0.4871826171875 0.498199462890625
0.005859375 0.0640983581542969 0.50592041015625 0.561492919921875
0.0337047576904297 0.00476455688476563 0.331268310546875 0.55389404296875
0.0372543334960937 -0.0552215576171875 0.22418212890625 0.492645263671875
0.0203933715820312 -0.0548744201660156 0.128631591796875 0.28765869140625
0.0166091918945313 -0.0504035949707031 0.0285243988037109 0.0323600769042969
0.0280952453613281 -0.0591163635253906 -0.051971435546875 -0.272384643554688
0.06640625 -0.04132080078125 -0.110137939453125 -0.540008544921875
0.0562057495117188 0.00971221923828125 -0.2998046875 -0.6395263671875
0.00845336914062501 0.045684814453125 -0.41925048828125 -0.6063232421875
-0.0529975891113281 0.0289421081542969 -0.3621826171875 -0.62567138671875
-0.0228538513183594 -0.0568695068359375 -0.285736083984375 -0.42620849609375
0.013092041015625 -0.0584983825683594 -0.14996337890625 -0.0683441162109375
0.00766372680664063 -0.0635833740234375 0.148696899414063 0.04962158203125
-0.064483642578125 -0.0435943603515625 0.31011962890625 0.38006591796875
-0.0451927185058594 0.0417594909667969 0.4923095703125 0.487518310546875
0.000110626220703119 0.0676994323730469 0.501800537109375 0.549560546875
0.0306720733642578 0.0147361755371094 0.3153076171875 0.551361083984375
0.0377693176269531 -0.0414772033691406 0.213226318359375 0.507171630859375
0.0236740112304688 -0.0410003662109375 0.125640869140625 0.307952880859375
0.0145950317382813 -0.0382843017578125 0.0308494567871094 0.0520744323730469
0.0241355895996094 -0.0461921691894531 -0.0535888671875 -0.252304077148438
0.0586280822753906 -0.0349311828613281 -0.12249755859375 -0.527191162109375
0.0534324645996094 0.00874710083007813 -0.3162841796875 -0.63690185546875
0.0175285339355469 0.0433921813964844 -0.4266357421875 -0.61785888671875
-0.0403671264648438 0.0398674011230469 -0.361083984375 -0.6380615234375
-0.0240135192871094 -0.04034423828125 -0.282012939453125 -0.43475341796875
0.00510025024414062 -0.0493392944335937 -0.136894226074219 -0.0828933715820312
0.00504302978515625 -0.0474586486816406 0.1614990234375 0.040283203125
-0.049713134765625 -0.0315742492675781 0.318695068359375 0.380859375
-0.0310745239257813 0.0385398864746094 0.496551513671875 0.485992431640625
-0.00197601318359374 0.060546875 0.49169921875 0.54241943359375
0.019989013671875 0.0175266265869141 0.295501708984375 0.55316162109375
0.0305366516113281 -0.0250701904296875 0.193817138671875 0.5191650390625
0.0209846496582031 -0.0219593048095703 0.121124267578125 0.324310302734375
0.0117950439453125 -0.0210361480712891 0.0333633422851563 0.0652694702148438
0.0162372589111328 -0.0259227752685547 -0.0543975830078125 -0.239974975585938
0.0455551147460938 -0.0228652954101563 -0.135833740234375 -0.512939453125
0.0423316955566406 0.00784683227539063 -0.3349609375 -0.62799072265625
0.0216846466064453 0.0338764190673828 -0.44427490234375 -0.61566162109375
-0.0216445922851562 0.0431594848632813 -0.37030029296875 -0.6412353515625
-0.0132389068603516 -0.0192298889160156 -0.282928466796875 -0.438018798828125
-0.00258255004882812 -0.0328445434570312 -0.127731323242187 -0.0951385498046875
-0.00697898864746094 -0.0224800109863281 0.1717529296875 0.0378265380859375
-0.0336818695068359 -0.00774955749511719 0.31976318359375 0.389190673828125
-0.007476806640625 0.0364837646484375 0.49322509765625 0.4932861328125
0.000141143798828122 0.0456466674804687 0.476776123046875 0.545196533203125
0.00689506530761719 0.0127630233764648 0.27264404296875 0.556884765625
0.0164060592651367 -0.00949573516845703 0.172027587890625 0.528839111328125
0.0150051116943359 0.00135326385498047 0.1123046875 0.33062744140625
0.00667381286621094 -0.00224542617797852 0.0352706909179688 0.0687942504882813
0.010136604309082 -0.00437831878662109 -0.05517578125 -0.234664916992188
0.0319004058837891 -0.0050811767578125 -0.148773193359375 -0.504608154296875
0.0270442962646484 0.00921249389648437 -0.35369873046875 -0.61602783203125
0.0179634094238281 0.0209407806396484 -0.46575927734375 -0.6024169921875
-0.00189590454101563 0.0388679504394531 -0.38763427734375 -0.63360595703125
0.00367474555969238 -0.00121521949768066 -0.287841796875 -0.435211181640625
-0.00876522064208985 -0.0102529525756836 -0.123138427734375 -0.102317810058594
-0.0241985321044922 0.00513267517089843 0.177337646484375 0.0381011962890625
-0.0203800201416016 0.0231552124023437 0.31707763671875 0.39801025390625
0.0204391479492187 0.0374794006347656 0.482421875 0.50482177734375
0.006927490234375 0.0252761840820313 0.455078125 0.56097412109375
-0.00730514526367187 0.00022411346435547 0.2503662109375 0.56756591796875
-0.00443124771118164 0.00174474716186523 0.16070556640625 0.53692626953125
0.00691413879394531 0.0246257781982422 0.10736083984375 0.32977294921875
0.00179386138916016 0.0148954391479492 0.0361595153808594 0.0632286071777344
0.00325775146484375 0.0169439315795898 -0.0609588623046875 -0.237503051757813
0.0165061950683594 0.0111331939697266 -0.16571044921875 -0.501678466796875
0.00995063781738281 0.00946331024169922 -0.37237548828125 -0.60162353515625
0.00941181182861328 0.00662422180175781 -0.48370361328125 -0.5833740234375
0.0168552398681641 0.0289440155029297 -0.40771484375 -0.6190185546875
0.0233592987060547 0.0141391754150391 -0.294097900390625 -0.42822265625
-0.0117149353027344 0.015233039855957 -0.120864868164063 -0.103256225585937
-0.0414085388183594 0.0314559936523438 0.175033569335937 0.046112060546875
-0.00739288330078125 0.0510139465332031 0.309661865234375 0.40606689453125
0.0479240417480469 0.0359115600585938 0.464385986328125 0.522369384765625
0.013214111328125 0.00486660003662109 0.43450927734375 0.58624267578125
-0.0242538452148437 -0.0120735168457031 0.23553466796875 0.58392333984375
-0.0251674652099609 0.0117835998535156 0.1512451171875 0.537200927734375
-0.00233840942382813 0.0426979064941406 0.104278564453125 0.317413330078125
-0.00298309326171875 0.0317211151123047 0.0359230041503906 0.0485610961914063
-0.00334930419921875 0.0356025695800781 -0.0666046142578125 -0.249160766601562
0.0032501220703125 0.0243682861328125 -0.180419921875 -0.501495361328125
-0.00802421569824219 0.00798463821411133 -0.3914794921875 -0.5880126953125
0.00180530548095703 -0.0108547210693359 -0.50177001953125 -0.5625
0.0350894927978516 0.0159854888916016 -0.42657470703125 -0.59918212890625
0.0445823669433594 0.027862548828125 -0.300018310546875 -0.4180908203125
-0.0144119262695313 0.0400238037109375 -0.121078491210938 -0.0977401733398437
-0.0519447326660156 0.0552215576171875 0.167922973632813 0.0579376220703125
0.00783157348632812 0.06988525390625 0.297454833984375 0.412750244140625
0.0701065063476563 0.0269241333007813 0.439849853515625 0.542938232421875
0.0133705139160156 -0.0175371170043945 0.4112548828125 0.61846923828125
-0.0404434204101563 -0.0254783630371094 0.2303466796875 0.60003662109375
-0.042999267578125 0.0183525085449219 0.14892578125 0.53271484375
-0.0111236572265625 0.0553398132324219 0.103240966796875 0.299530029296875
-0.00706100463867188 0.0410881042480469 0.0336685180664063 0.0268115997314453
-0.00942230224609374 0.0460052490234375 -0.0738677978515625 -0.26513671875
-0.0117263793945313 0.0311012268066406 -0.19354248046875 -0.508331298828125
-0.0259494781494141 0.00138664245605468 -0.40362548828125 -0.57720947265625
-0.005523681640625 -0.0266990661621094 -0.513763427734375 -0.540557861328125
0.0533485412597656 0.00328826904296875 -0.4427490234375 -0.58038330078125
0.0620651245117188 0.0404624938964844 -0.30743408203125 -0.403228759765625
-0.0196266174316406 0.0631942749023438 -0.122505187988281 -0.0845184326171875
-0.0545425415039062 0.0717697143554688 0.15869140625 0.071502685546875
0.0222930908203125 0.0758590698242188 0.284881591796875 0.420501708984375
0.0791549682617188 0.0127487182617188 0.41943359375 0.566162109375
0.00526618957519531 -0.0321788787841797 0.398193359375 0.64862060546875
-0.0538749694824219 -0.0320053100585937 0.23065185546875 0.6123046875
-0.0541343688964844 0.0203018188476562 0.152587890625 0.523162841796875
-0.0146522521972656 0.0586585998535156 0.102813720703125 0.275405883789063
-0.01055908203125 0.0425148010253906 0.0315113067626953 0.00236892700195313
-0.0176315307617188 0.05157470703125 -0.077728271484375 -0.286285400390625
-0.0248947143554688 0.0304679870605469 -0.199310302734375 -0.5191650390625
-0.0394935607910156 -0.0104522705078125 -0.4044189453125 -0.5711669921875
-0.00825119018554688 -0.0452003479003906 -0.518524169921875 -0.5211181640625
0.0710067749023438 -0.00414276123046875 -0.454132080078125 -0.55975341796875
0.0716629028320313 0.0530548095703125 -0.31121826171875 -0.390045166015625
-0.0296630859375 0.0783004760742188 -0.128021240234375 -0.0683746337890625
0.003509521484375 -0.0706787109375 0.137397766113281 0.06231689453125
-0.0758743286132812 -0.0440139770507813 0.3021240234375 0.379913330078125
-0.0459785461425781 0.0479087829589844 0.48577880859375 0.4918212890625
0.0063018798828125 0.0637245178222656 0.5059814453125 0.55706787109375
0.033447265625 0.00423431396484375 0.3328857421875 0.550079345703125
0.0360527038574219 -0.0551376342773438 0.224609375 0.4888916015625
0.0206146240234375 -0.0558052062988281 0.128753662109375 0.283416748046875
0.0152587890625 -0.0507087707519531 0.0291862487792969 0.0309734344482422
0.0286140441894531 -0.0590553283691406 -0.0524749755859375 -0.267654418945313
0.0657386779785156 -0.0424880981445313 -0.114959716796875 -0.535736083984375
0.05584716796875 0.00870895385742188 -0.3031005859375 -0.63311767578125
0.0095977783203125 0.0448989868164063 -0.417724609375 -0.59765625
-0.0515975952148438 0.0298385620117188 -0.36309814453125 -0.61871337890625
-0.0229835510253906 -0.0564155578613281 -0.28765869140625 -0.420196533203125
0.0120315551757813 -0.0579986572265625 -0.150680541992188 -0.0670166015625
0.00750732421875 -0.0631561279296875 0.147689819335938 0.047515869140625
-0.06524658203125 -0.0434112548828125 0.3101806640625 0.3740234375
-0.0445594787597656 0.0431060791015625 0.49285888671875 0.479766845703125
0.00182723999023437 0.066253662109375 0.501220703125 0.540435791015625
0.0311660766601563 0.0159759521484375 0.316619873046875 0.546112060546875
0.0377006530761719 -0.0403861999511719 0.213226318359375 0.503173828125
0.0230064392089844 -0.0413780212402344 0.1275634765625 0.304443359375
0.0161209106445313 -0.0377540588378906 0.0310211181640625 0.0522384643554688
0.0241889953613281 -0.0449905395507813 -0.0534210205078125 -0.249481201171875
0.0582084655761719 -0.0347938537597656 -0.125946044921875 -0.5205078125
0.0537757873535156 0.00920867919921875 -0.31842041015625 -0.62860107421875
0.0174369812011719 0.0436820983886719 -0.42718505859375 -0.61090087890625
-0.0394821166992187 0.0393638610839844 -0.36163330078125 -0.632080078125
-0.0244522094726563 -0.0400733947753906 -0.282623291015625 -0.429779052734375
0.00507736206054688 -0.0482406616210938 -0.137466430664063 -0.0820159912109375
0.00398635864257812 -0.04595947265625 0.160369873046875 0.0378570556640625
-0.0495834350585938 -0.0308647155761719 0.319610595703125 0.375946044921875
-0.0309791564941406 0.0381278991699219 0.496337890625 0.47747802734375
-0.00289535522460937 0.05889892578125 0.4906005859375 0.535369873046875
0.0208454132080078 0.0175685882568359 0.295562744140625 0.548431396484375
0.0300731658935547 -0.0248584747314453 0.19561767578125 0.515472412109375
0.0206794738769531 -0.0214595794677734 0.1226806640625 0.319000244140625
0.0102500915527344 -0.0202789306640625 0.0339927673339844 0.065155029296875
0.0165042877197266 -0.0265083312988281 -0.05584716796875 -0.23638916015625
0.0470428466796875 -0.0220489501953125 -0.139251708984375 -0.50677490234375
0.0431900024414063 0.0085601806640625 -0.33660888671875 -0.62017822265625
0.0224571228027344 0.0343379974365234 -0.44677734375 -0.60699462890625
-0.0216522216796875 0.0439262390136719 -0.37164306640625 -0.63519287109375
-0.0136604309082031 -0.0200233459472656 -0.283721923828125 -0.43170166015625
-0.00286102294921875 -0.0323905944824219 -0.128135681152344 -0.0933303833007812
-0.00847244262695313 -0.0235347747802734 0.169647216796875 0.03533935546875
-0.0338001251220703 -0.00725364685058593 0.31878662109375 0.383270263671875
-0.00601959228515625 0.0354957580566406 0.4913330078125 0.485809326171875
0.000110626220703129 0.0448265075683594 0.4747314453125 0.540771484375
0.00640583038330078 0.012904167175293 0.27239990234375 0.551544189453125
0.0151615142822266 -0.00956344604492188 0.175994873046875 0.52410888671875
0.0150060653686523 0.00122261047363281 0.11419677734375 0.32830810546875
0.00724077224731445 -0.0013737678527832 0.0350837707519531 0.0688743591308594
0.0102348327636719 -0.00401687622070313 -0.05767822265625 -0.232376098632813
0.0313529968261719 -0.00616264343261719 -0.151397705078125 -0.49810791015625
0.0269527435302734 0.00820541381835938 -0.35430908203125 -0.60711669921875
0.0176639556884766 0.0220794677734375 -0.4622802734375 -0.5953369140625
-0.00197982788085938 0.0379562377929688 -0.38714599609375 -0.62469482421875
0.00260448455810547 -0.00162744522094727 -0.290069580078125 -0.43115234375
-0.00940990447998047 -0.00934696197509765 -0.123779296875 -0.0995101928710938
-0.0252418518066406 0.00462722778320312 0.175796508789062 0.036651611328125
-0.0200920104980469 0.0219573974609375 0.317352294921875 0.39178466796875
0.0211410522460938 0.0363960266113281 0.481719970703125 0.498382568359375
0.007843017578125 0.0254116058349609 0.454742431640625 0.55462646484375
-0.00817012786865235 0.00208854675292969 0.2529296875 0.5626220703125
-0.00295448303222656 0.0017693042755127 0.159515380859375 0.530853271484375
0.00645637512207031 0.0235023498535156 0.10693359375 0.326507568359375
0.00159072875976562 0.0172443389892578 0.0355148315429688 0.0624427795410156
0.00324058532714844 0.0162448883056641 -0.061676025390625 -0.234817504882813
0.0175561904907227 0.0113000869750977 -0.16705322265625 -0.49456787109375
0.00981998443603516 0.00895023345947266 -0.374755859375 -0.59234619140625
0.0103311538696289 0.00626277923583984 -0.483154296875 -0.5755615234375
0.0172557830810547 0.0279617309570312 -0.4088134765625 -0.61175537109375
0.0226173400878906 0.013946533203125 -0.294403076171875 -0.423583984375
-0.0123567581176758 0.0155620574951172 -0.121604919433594 -0.102500915527344
-0.0403938293457031 0.03271484375 0.173660278320312 0.045257568359375
-0.00700759887695312 0.049774169921875 0.30902099609375 0.40087890625
0.0488052368164063 0.034759521484375 0.462799072265625 0.515289306640625
0.0131072998046875 0.00488948822021484 0.4346923828125 0.57867431640625
-0.0257720947265625 -0.0127906799316406 0.238037109375 0.57794189453125
-0.0238800048828125 0.0110931396484375 0.153564453125 0.53228759765625
-0.00197601318359375 0.0425682067871094 0.105682373046875 0.31512451171875
-0.00416183471679688 0.0317726135253906 0.0356483459472656 0.0477294921875
-0.00217437744140625 0.0345401763916016 -0.0672149658203125 -0.246109008789063
0.00362586975097656 0.0238227844238281 -0.182159423828125 -0.495269775390625
-0.008453369140625 0.00708961486816406 -0.39337158203125 -0.57916259765625
0.00271129608154297 -0.00880050659179688 -0.50048828125 -0.5537109375
0.036285400390625 0.0159111022949219 -0.4267578125 -0.5936279296875
0.0440711975097656 0.0278205871582031 -0.301605224609375 -0.41326904296875
-0.01507568359375 0.0401458740234375 -0.121223449707031 -0.0946807861328125
-0.0511894226074219 0.0554084777832031 0.167251586914063 0.05511474609375
0.0083770751953125 0.0699386596679688 0.297698974609375 0.4063720703125
0.0694808959960938 0.02685546875 0.4405517578125 0.53515625
0.0120344161987305 -0.0164909362792969 0.41290283203125 0.61029052734375
-0.0418968200683594 -0.0249977111816406 0.23126220703125 0.59442138671875
-0.0432281494140625 0.0182380676269531 0.152252197265625 0.52923583984375
-0.0095977783203125 0.0556907653808594 0.10491943359375 0.295562744140625
-0.00719070434570312 0.0415267944335938 0.0336418151855469 0.0262088775634766
-0.00972366333007813 0.0466194152832031 -0.074920654296875 -0.26226806640625
-0.0119647979736328 0.0309295654296875 -0.19635009765625 -0.503936767578125
-0.0263175964355469 0.00105476379394531 -0.4052734375 -0.568359375
-0.0048828125 -0.0260944366455078 -0.511932373046875 -0.532257080078125
0.0544052124023437 0.00355148315429687 -0.442138671875 -0.57232666015625
0.061065673828125 0.0389366149902344 -0.3082275390625 -0.399932861328125
-0.0204124450683594 0.0625839233398438 -0.122703552246094 -0.0832138061523438
-0.054412841796875 0.0715103149414063 0.158187866210938 0.0676422119140625
0.02215576171875 0.074981689453125 0.284271240234375 0.413055419921875
0.0792160034179687 0.0119171142578125 0.42132568359375 0.556396484375
0.00561332702636718 -0.0340023040771484 0.4005126953125 0.640869140625
-0.0548057556152344 -0.0321884155273438 0.2333984375 0.60955810546875
-0.0522537231445312 0.0219497680664063 0.155364990234375 0.517913818359375
-0.0141487121582031 0.0587043762207031 0.104721069335938 0.273330688476563
-0.008636474609375 0.0430908203125 0.0299568176269531 0.001983642578125
-0.0163116455078125 0.0521697998046875 -0.079071044921875 -0.28363037109375
-0.0251235961914062 0.0305671691894531 -0.20001220703125 -0.51312255859375
-0.0394706726074219 -0.00967025756835938 -0.40667724609375 -0.5631103515625
-0.00733184814453124 -0.0438766479492188 -0.514862060546875 -0.51251220703125
0.0699920654296875 -0.00469970703125 -0.453216552734375 -0.551055908203125
0.072235107421875 0.0518875122070313 -0.31268310546875 -0.385009765625
-0.02801513671875 0.078460693359375 -0.128265380859375 -0.0662841796875
0.00288391113281249 -0.07061767578125 0.135467529296875 0.0610122680664063
-0.0760269165039063 -0.0435104370117187 0.30145263671875 0.375244140625
-0.0458641052246094 0.0469474792480469 0.483978271484375 0.484619140625
0.00680160522460937 0.0640640258789063 0.504852294921875 0.5496826171875
0.0334129333496094 0.00478172302246094 0.332489013671875 0.545318603515625
0.036712646484375 -0.054229736328125 0.225006103515625 0.483367919921875
0.0205917358398437 -0.0548667907714844 0.129257202148438 0.280654907226563
0.0157585144042969 -0.0497817993164063 0.0276432037353516 0.031097412109375
0.0276527404785156 -0.05902099609375 -0.0535125732421875 -0.26568603515625
0.0656089782714844 -0.0423583984375 -0.117279052734375 -0.529815673828125
0.0562400817871094 0.00860595703125 -0.304931640625 -0.625
0.0104179382324219 0.0459747314453125 -0.41595458984375 -0.59185791015625
-0.0515365600585938 0.0297470092773438 -0.36212158203125 -0.61346435546875
-0.0245513916015625 -0.0571174621582031 -0.286651611328125 -0.414306640625
0.0120162963867188 -0.0565910339355469 -0.149063110351563 -0.0659027099609375
0.00732040405273437 -0.0623931884765625 0.146163940429687 0.0452728271484375
-0.0647048950195313 -0.0433349609375 0.31036376953125 0.3704833984375
-0.044158935546875 0.0426445007324219 0.489105224609375 0.47381591796875
0.00138473510742188 0.0676231384277344 0.498260498046875 0.535400390625
0.0292758941650391 0.0159130096435547 0.316650390625 0.541473388671875
0.0377311706542969 -0.0403861999511719 0.213592529296875 0.498260498046875
0.0226173400878906 -0.0400543212890625 0.125946044921875 0.3013916015625
0.0140953063964844 -0.037017822265625 0.0316543579101562 0.0525703430175781
0.0240364074707031 -0.0458450317382813 -0.054595947265625 -0.245513916015625
0.0578994750976563 -0.0350570678710938 -0.12640380859375 -0.515380859375
0.0539436340332031 0.00799179077148438 -0.31964111328125 -0.6207275390625
0.0179214477539062 0.0434608459472656 -0.427490234375 -0.601806640625
-0.0391502380371094 0.0402450561523438 -0.3604736328125 -0.6251220703125
-0.0251388549804688 -0.0406990051269531 -0.283477783203125 -0.425567626953125
0.00422286987304687 -0.0489578247070313 -0.1365966796875 -0.0805587768554688
0.00347518920898438 -0.0462875366210938 0.15863037109375 0.0356903076171875
-0.0500259399414063 -0.030426025390625 0.318023681640625 0.370941162109375
-0.0292549133300781 0.0370674133300781 0.494537353515625 0.47064208984375
-0.00132369995117188 0.0602149963378906 0.488983154296875 0.52960205078125
0.0191783905029297 0.0190658569335937 0.296875 0.542449951171875
0.030853271484375 -0.0239601135253906 0.19842529296875 0.511016845703125
0.022064208984375 -0.0210800170898438 0.122161865234375 0.316131591796875
0.010650634765625 -0.0200099945068359 0.0338020324707031 0.0649185180664063
0.0168037414550781 -0.0259914398193359 -0.0572967529296875 -0.233901977539063
0.0456047058105469 -0.0228729248046875 -0.142181396484375 -0.502838134765625
0.0430679321289062 0.00775527954101562 -0.33721923828125 -0.61199951171875
0.0219154357910156 0.03326416015625 -0.44342041015625 -0.59893798828125
-0.0205955505371094 0.042999267578125 -0.3702392578125 -0.627685546875
-0.0141639709472656 -0.0201320648193359 -0.28375244140625 -0.427825927734375
-0.00404167175292969 -0.0316715240478516 -0.128334045410156 -0.091552734375
-0.00806808471679688 -0.0208339691162109 0.169189453125 0.034393310546875
-0.0339527130126953 -0.00748252868652343 0.319244384765625 0.377471923828125
-0.00621223449707031 0.0343437194824219 0.490325927734375 0.4775390625
0.00109481811523437 0.0454635620117187 0.472900390625 0.53369140625
0.00621795654296875 0.0135002136230469 0.2718505859375 0.547210693359375
0.016016960144043 -0.00951957702636719 0.176300048828125 0.520965576171875
0.0148820877075195 0.00104808807373047 0.11456298828125 0.324249267578125
0.00570011138916016 -0.00169229507446289 0.0351333618164063 0.0688018798828125
0.00977230072021484 -0.00406646728515625 -0.0583648681640625 -0.22882080078125
0.0321102142333984 -0.00611114501953125 -0.153289794921875 -0.49261474609375
0.0279808044433594 0.00876045227050781 -0.35552978515625 -0.599609375
0.0195388793945313 0.0216636657714844 -0.46136474609375 -0.58697509765625
-0.000728607177734371 0.0380668640136719 -0.38897705078125 -0.6202392578125
0.00250649452209473 -0.00172281265258789 -0.288665771484375 -0.426544189453125
-0.00912857055664063 -0.00925731658935547 -0.122467041015625 -0.0990219116210938
-0.0249156951904297 0.00585746765136719 0.173187255859375 0.0356292724609375
-0.0210113525390625 0.0220413208007812 0.316192626953125 0.386383056640625
0.0218887329101563 0.0350780487060547 0.479766845703125 0.492645263671875
0.00847816467285157 0.0255851745605469 0.45367431640625 0.548828125
-0.00826263427734375 0.00116491317749023 0.25115966796875 0.55816650390625
-0.00318455696105957 0.00354576110839844 0.16168212890625 0.5269775390625
0.00738716125488281 0.0240573883056641 0.109527587890625 0.32257080078125
0.00188827514648438 0.0163583755493164 0.0358963012695313 0.0624465942382813
0.00478744506835938 0.0173397064208984 -0.061676025390625 -0.232467651367188
0.0173358917236328 0.01055908203125 -0.169586181640625 -0.48876953125
0.00977325439453125 0.00959396362304688 -0.3759765625 -0.58343505859375
0.0109424591064453 0.00728130340576172 -0.4801025390625 -0.56854248046875
0.0185222625732422 0.0279979705810547 -0.4066162109375 -0.6043701171875
0.0234432220458984 0.0138034820556641 -0.295867919921875 -0.419464111328125
-0.0122518539428711 0.0162744522094727 -0.120918273925781 -0.100997924804688
-0.0410041809082031 0.0319328308105469 0.172317504882813 0.042938232421875
-0.00642395019531251 0.0503730773925781 0.309417724609375 0.39312744140625
0.0489006042480469 0.0343818664550781 0.4630126953125 0.50921630859375
0.0132789611816406 0.00457191467285156 0.43212890625 0.57171630859375
-0.0249576568603516 -0.0120487213134766 0.2388916015625 0.5748291015625
-0.0236606597900391 0.0119476318359375 0.155975341796875 0.529022216796875
-0.00194168090820313 0.0433616638183594 0.106658935546875 0.310638427734375
-0.00313377380371094 0.0320987701416016 0.0361518859863281 0.047454833984375
-0.00281906127929687 0.0349063873291016 -0.0687713623046875 -0.2430419921875
0.00420188903808593 0.0242996215820313 -0.1839599609375 -0.490264892578125
-0.00866842269897461 0.00734615325927734 -0.3924560546875 -0.5721435546875
0.0023961067199707 -0.00846099853515625 -0.49822998046875 -0.547515869140625
0.0360298156738281 0.015716552734375 -0.4251708984375 -0.58721923828125
0.043121337890625 0.0257339477539063 -0.3018798828125 -0.409515380859375
-0.0158576965332031 0.040435791015625 -0.120826721191406 -0.0946197509765625
-0.0517959594726563 0.0568504333496094 0.166717529296875 0.05242919921875
0.00810241699218749 0.06890869140625 0.29656982421875 0.4013671875
0.0702972412109375 0.0258636474609375 0.440643310546875 0.529541015625
0.0127143859863281 -0.0177440643310547 0.4122314453125 0.604248046875
-0.0420913696289063 -0.0233955383300781 0.23297119140625 0.59185791015625
-0.0418777465820313 0.0187644958496094 0.154998779296875 0.5240478515625
-0.0092010498046875 0.0552177429199219 0.105010986328125 0.292724609375
-0.00703811645507813 0.0418701171875 0.0331840515136719 0.0261611938476563
-0.0102767944335937 0.0473899841308594 -0.0753173828125 -0.259658813476563
-0.010162353515625 0.0318412780761719 -0.197174072265625 -0.496978759765625
-0.0249691009521484 0.00213813781738281 -0.403594970703125 -0.56201171875
-0.00567626953125 -0.0264987945556641 -0.509613037109375 -0.5252685546875
0.0539932250976563 0.00360488891601563 -0.4404296875 -0.56591796875
0.0612258911132812 0.0392036437988281 -0.307098388671875 -0.395416259765625
-0.0206260681152344 0.0622787475585938 -0.121528625488281 -0.0818939208984375
-0.0531234741210937 0.07305908203125 0.157150268554687 0.06512451171875
0.0225143432617188 0.0738143920898438 0.28369140625 0.408935546875
0.0797119140625 0.0103378295898438 0.419281005859375 0.550811767578125
0.00529861450195312 -0.0340480804443359 0.39849853515625 0.6357421875
-0.055633544921875 -0.0305366516113281 0.236572265625 0.6046142578125
-0.0525436401367188 0.022674560546875 0.156036376953125 0.51531982421875
-0.012908935546875 0.0603599548339844 0.104507446289062 0.269134521484375
-0.0106887817382813 0.0440483093261719 0.0297908782958984 0.00206375122070313
-0.0158958435058594 0.0512161254882813 -0.08026123046875 -0.28033447265625
-0.0232715606689453 0.0318641662597656 -0.202117919921875 -0.5072021484375
-0.0393257141113281 -0.0095977783203125 -0.406494140625 -0.55548095703125
-0.00849151611328125 -0.0447921752929688 -0.511962890625 -0.50634765625
0.0699844360351563 -0.00436019897460938 -0.45172119140625 -0.5474853515625
0.0717849731445313 0.0517501831054688 -0.312713623046875 -0.381195068359375
-0.0275650024414062 0.0789108276367188 -0.127609252929688 -0.0658111572265625
0.0021209716796875 -0.0700340270996094 0.134231567382812 0.0595321655273437
-0.0763015747070313 -0.0436248779296875 0.301239013671875 0.371673583984375
-0.0441780090332031 0.0461006164550781 0.481781005859375 0.480438232421875
0.00749588012695312 0.064208984375 0.500701904296875 0.546722412109375
0.0320701599121094 0.00503921508789062 0.33197021484375 0.5418701171875
0.0365562438964844 -0.0549049377441406 0.2252197265625 0.480224609375
0.0200309753417969 -0.0546607971191406 0.129119873046875 0.278030395507813
0.0148429870605469 -0.0493354797363281 0.028656005859375 0.0312252044677734
0.0272941589355469 -0.0585746765136719 -0.0541229248046875 -0.263397216796875
0.0657539367675781 -0.0432014465332031 -0.119384765625 -0.52606201171875
0.0561714172363281 0.00960540771484375 -0.3038330078125 -0.6195068359375
0.0101242065429688 0.0470924377441406 -0.41241455078125 -0.58673095703125
-0.0507278442382813 0.0303001403808594 -0.360107421875 -0.6075439453125
-0.02508544921875 -0.056915283203125 -0.286468505859375 -0.413299560546875
0.0109939575195313 -0.05780029296875 -0.149200439453125 -0.0650787353515625
0.00610733032226562 -0.0626182556152344 0.144424438476563 0.0449981689453125
-0.0658798217773438 -0.0431289672851562 0.30810546875 0.365447998046875
-0.0430488586425781 0.0419158935546875 0.486785888671875 0.46923828125
0.00160980224609375 0.0663490295410156 0.49407958984375 0.531646728515625
0.0289173126220703 0.0156936645507813 0.315399169921875 0.538360595703125
0.0389404296875 -0.0394973754882813 0.214935302734375 0.495635986328125
0.0237197875976562 -0.0400848388671875 0.12628173828125 0.298370361328125
0.013427734375 -0.0377731323242188 0.0308647155761719 0.0519027709960937
0.0233306884765625 -0.0444450378417969 -0.0550689697265625 -0.243942260742187
0.0579986572265625 -0.0351448059082031 -0.12750244140625 -0.51092529296875
0.0537033081054688 0.00896072387695313 -0.31915283203125 -0.61663818359375
0.019561767578125 0.042633056640625 -0.42486572265625 -0.5977783203125
-0.037689208984375 0.0407180786132813 -0.3592529296875 -0.61895751953125
-0.024444580078125 -0.0396308898925781 -0.28155517578125 -0.421417236328125
0.00378036499023437 -0.0486068725585938 -0.136337280273438 -0.0790863037109375
0.00300216674804687 -0.0449905395507813 0.157699584960938 0.034637451171875
-0.0490303039550781 -0.0317802429199219 0.3175048828125 0.36773681640625
-0.0291061401367188 0.0364608764648438 0.49114990234375 0.46588134765625
-0.000869750976562502 0.0592880249023437 0.486724853515625 0.522430419921875
0.0188884735107422 0.0191936492919922 0.295989990234375 0.539642333984375
0.0316543579101562 -0.0242538452148438 0.199127197265625 0.507415771484375
0.0210819244384766 -0.0209598541259766 0.121673583984375 0.313995361328125
0.0102596282958984 -0.0206413269042969 0.0338249206542969 0.064971923828125
0.0174598693847656 -0.0249595642089844 -0.05670166015625 -0.230316162109375
0.04644775390625 -0.0230255126953125 -0.141632080078125 -0.49835205078125
0.0429763793945313 0.0081787109375 -0.33648681640625 -0.60736083984375
0.0218868255615234 0.0341091156005859 -0.44244384765625 -0.5931396484375
-0.0199508666992188 0.0425376892089844 -0.36785888671875 -0.623291015625
-0.0148296356201172 -0.0197315216064453 -0.2828369140625 -0.42498779296875
-0.00354194641113281 -0.0318832397460938 -0.126457214355469 -0.0919647216796875
-0.00933074951171875 -0.0212078094482422 0.166839599609375 0.03228759765625
-0.0347843170166016 -0.00701522827148438 0.316558837890625 0.375
-0.00597572326660157 0.0343208312988281 0.488006591796875 0.474639892578125
0.001953125 0.0441169738769531 0.47064208984375 0.528289794921875
0.00522994995117188 0.013819694519043 0.27191162109375 0.5428466796875
0.0180397033691406 -0.00901222229003906 0.17822265625 0.516571044921875
0.016901969909668 0.00243854522705078 0.11572265625 0.322235107421875
0.00556468963623047 -0.00144386291503906 0.0358161926269531 0.0683135986328125
0.0108518600463867 -0.00323963165283203 -0.057891845703125 -0.225830078125
0.0325069427490234 -0.00614738464355469 -0.153106689453125 -0.488372802734375
0.0275135040283203 0.00848197937011719 -0.35516357421875 -0.5927734375
0.0182914733886719 0.0218353271484375 -0.4593505859375 -0.5811767578125
-0.000705718994140622 0.037353515625 -0.38525390625 -0.61480712890625
0.00208175182342529 -0.0017697811126709 -0.288055419921875 -0.42333984375
-0.00891017913818359 -0.00963973999023438 -0.122764587402344 -0.0991287231445313
-0.0256156921386719 0.00660514831542969 0.171905517578125 0.03460693359375
-0.0190601348876953 0.0216960906982422 0.3154296875 0.38232421875
0.0227928161621094 0.0344448089599609 0.47698974609375 0.488189697265625
0.00719070434570313 0.0247364044189453 0.452392578125 0.54278564453125
-0.0100231170654297 0.00200366973876953 0.251312255859375 0.55517578125
-0.00313520431518555 0.00322198867797852 0.161712646484375 0.522308349609375
0.00804901123046875 0.0248279571533203 0.1092529296875 0.32049560546875
0.000989913940429689 0.017059326171875 0.0360298156738281 0.0604743957519531
0.00487327575683594 0.0175056457519531 -0.062774658203125 -0.228744506835938
0.0183982849121094 0.0104274749755859 -0.17095947265625 -0.48419189453125
0.00979137420654297 0.00945568084716797 -0.37420654296875 -0.578125
0.0107507705688477 0.00817584991455078 -0.479736328125 -0.56365966796875
0.017578125 0.0271549224853516 -0.4061279296875 -0.601318359375
0.0226860046386719 0.0130138397216797 -0.29339599609375 -0.417510986328125
-0.0124082565307617 0.0159521102905273 -0.119873046875 -0.0998458862304687
-0.0402069091796875 0.0330009460449219 0.170608520507813 0.040496826171875
-0.00574111938476562 0.0503387451171875 0.30743408203125 0.389434814453125
0.0500106811523438 0.031829833984375 0.460601806640625 0.50439453125
0.0124111175537109 0.00421237945556641 0.43212890625 0.56793212890625
-0.0262107849121094 -0.0115222930908203 0.2373046875 0.56982421875
-0.0241546630859375 0.0130500793457031 0.154937744140625 0.5244140625
-0.00145339965820313 0.0433387756347656 0.106903076171875 0.309051513671875
-0.00299072265625 0.0327548980712891 0.03509521484375 0.047271728515625
-0.00160598754882812 0.0355072021484375 -0.0681610107421875 -0.2391357421875
0.003631591796875 0.0236625671386719 -0.184478759765625 -0.4842529296875
-0.00825929641723633 0.00864267349243164 -0.39227294921875 -0.5673828125
0.00239276885986328 -0.00881576538085938 -0.4967041015625 -0.540374755859375
0.0362625122070313 0.0154380798339844 -0.42242431640625 -0.5826416015625
0.0430526733398438 0.0258865356445313 -0.2984619140625 -0.406951904296875
-0.0150337219238281 0.0401573181152344 -0.119781494140625 -0.093292236328125
-0.051025390625 0.0577011108398437 0.165115356445313 0.0505523681640625
0.00865936279296875 0.069061279296875 0.295806884765625 0.397857666015625
0.0704879760742188 0.0243148803710938 0.4371337890625 0.5238037109375
0.0122394561767578 -0.0168867111206055 0.4112548828125 0.60052490234375
-0.0420341491699219 -0.0227775573730469 0.233154296875 0.586669921875
-0.0413856506347656 0.0193214416503906 0.154083251953125 0.5205078125
-0.00769805908203125 0.0566368103027344 0.104278564453125 0.2896728515625
-0.0064849853515625 0.0428924560546875 0.0332527160644531 0.0266246795654297
-0.00809860229492188 0.0468177795410156 -0.075347900390625 -0.257369995117188
-0.0097198486328125 0.0315265655517578 -0.19696044921875 -0.49139404296875
-0.0259933471679688 0.00241279602050781 -0.404083251953125 -0.556304931640625
-0.00370597839355469 -0.0258045196533203 -0.506805419921875 -0.519317626953125
0.0526199340820312 0.002349853515625 -0.439697265625 -0.561126708984375
0.0597648620605469 0.0383491516113281 -0.30572509765625 -0.391021728515625
-0.0209274291992188 0.0620880126953125 -0.121940612792969 -0.0817031860351563
-0.0545272827148438 0.07232666015625 0.155441284179688 0.063751220703125
0.0222625732421875 0.07281494140625 0.281005859375 0.4063720703125
0.0804901123046875 0.009613037109375 0.4149169921875 0.54669189453125
0.00559616088867188 -0.0327892303466797 0.3974609375 0.631591796875
-0.0552978515625 -0.0305023193359375 0.2327880859375 0.60052490234375
-0.0516471862792969 0.0226173400878906 0.1571044921875 0.51165771484375
-0.0119247436523438 0.0606117248535156 0.104293823242188 0.2672119140625
-0.0115013122558594 0.044189453125 0.0303421020507813 0.00121498107910157
-0.01556396484375 0.051177978515625 -0.080322265625 -0.277557373046875
-0.0234146118164062 0.0301151275634766 -0.2027587890625 -0.50250244140625
-0.0388450622558594 -0.00885772705078126 -0.40521240234375 -0.550628662109375
-0.00775527954101563 -0.04290771484375 -0.50909423828125 -0.502593994140625
0.0701332092285156 -0.0058135986328125 -0.450836181640625 -0.54150390625
0.0716323852539063 0.0501174926757813 -0.311065673828125 -0.3792724609375
-0.0287933349609375 0.0783615112304688 -0.125839233398438 -0.064208984375
0.00223159790039062 -0.0695343017578125 0.132537841796875 0.0583343505859375
-0.0760421752929687 -0.0432662963867188 0.29901123046875 0.368682861328125
-0.0440216064453125 0.0450172424316406 0.476837158203125 0.476348876953125
0.0070343017578125 0.0639152526855469 0.498992919921875 0.541015625
0.0312900543212891 0.00605010986328125 0.33203125 0.5384521484375
0.0372810363769531 -0.0556564331054688 0.225555419921875 0.47906494140625
0.0197830200195313 -0.053375244140625 0.12860107421875 0.2747802734375
0.0154228210449219 -0.0489349365234375 0.0276966094970703 0.0303630828857422
0.0277061462402344 -0.0586280822753906 -0.0546875 -0.261093139648438
0.0649223327636719 -0.0422782897949219 -0.11920166015625 -0.521026611328125
0.0560226440429688 0.00905227661132813 -0.3033447265625 -0.61480712890625
0.0111122131347656 0.0457763671875 -0.41046142578125 -0.58111572265625
-0.0507621765136719 0.0300254821777344 -0.35791015625 -0.606689453125
-0.0255546569824219 -0.0565414428710938 -0.286224365234375 -0.4110107421875
0.0104217529296875 -0.0569686889648438 -0.149185180664063 -0.0643157958984375
0.00567245483398438 -0.0613937377929688 0.144683837890625 0.0433807373046875
-0.0654335021972656 -0.0432395935058594 0.30712890625 0.36468505859375
-0.0414543151855469 0.0414009094238281 0.48370361328125 0.464202880859375
0.00250625610351563 0.0660133361816406 0.4931640625 0.5277099609375
0.0289897918701172 0.0160980224609375 0.31451416015625 0.535400390625
0.038726806640625 -0.0407447814941406 0.2135009765625 0.491973876953125
0.0231513977050781 -0.0401153564453125 0.1258544921875 0.297149658203125
0.0143318176269531 -0.0361480712890625 0.0312576293945312 0.0514717102050781
0.0232734680175781 -0.0435867309570313 -0.0553741455078125 -0.241531372070312
0.0581092834472656 -0.0358657836914063 -0.129669189453125 -0.508819580078125
0.0537185668945312 0.00864791870117188 -0.31683349609375 -0.6119384765625
0.0191307067871094 0.0435104370117187 -0.42041015625 -0.592529296875
-0.0385704040527344 0.0406417846679688 -0.35675048828125 -0.6171875
-0.0246620178222656 -0.0402603149414062 -0.281829833984375 -0.41766357421875
0.00294876098632813 -0.0476913452148438 -0.135475158691406 -0.078399658203125
0.00250625610351563 -0.0450668334960938 0.1558837890625 0.0349884033203125
-0.0496978759765625 -0.0313873291015625 0.31494140625 0.363525390625
-0.0287590026855469 0.0358085632324219 0.488861083984375 0.462371826171875
-0.00121307373046875 0.0590362548828125 0.4852294921875 0.520111083984375
0.0188922882080078 0.0194664001464844 0.2943115234375 0.535247802734375
0.0316505432128906 -0.0247821807861328 0.19677734375 0.50469970703125
0.0218391418457031 -0.0202522277832031 0.12152099609375 0.311920166015625
0.0106563568115234 -0.0204429626464844 0.03314208984375 0.0640869140625
0.0177631378173828 -0.0255985260009766 -0.05731201171875 -0.22918701171875
0.0449638366699219 -0.0232124328613281 -0.14202880859375 -0.494293212890625
0.0433425903320313 0.0081634521484375 -0.33526611328125 -0.60345458984375
0.0223140716552734 0.0333271026611328 -0.43707275390625 -0.58941650390625
-0.0189857482910156 0.0424880981445313 -0.3670654296875 -0.62091064453125
-0.0146713256835937 -0.0202274322509766 -0.281341552734375 -0.422393798828125
-0.00471687316894531 -0.0321559906005859 -0.127143859863281 -0.0912628173828125
-0.0099639892578125 -0.0194187164306641 0.165618896484375 0.0304412841796875
-0.0343017578125 -0.00726318359375 0.31536865234375 0.371063232421875
-0.00440406799316406 0.0332412719726562 0.4854736328125 0.46966552734375
0.00236892700195313 0.0456314086914062 0.467559814453125 0.524200439453125
0.00476455688476562 0.0133142471313477 0.27099609375 0.541473388671875
0.0165586471557617 -0.00870990753173828 0.176727294921875 0.514312744140625
0.0160503387451172 0.00196075439453125 0.11395263671875 0.319793701171875
0.0063481330871582 -0.000720500946044922 0.0353813171386719 0.0680427551269531
0.0102128982543945 -0.00367450714111328 -0.05743408203125 -0.224380493164063
0.0308475494384766 -0.00531387329101563 -0.155029296875 -0.485260009765625
0.0278682708740234 0.00842666625976563 -0.35406494140625 -0.5880126953125
0.0180072784423828 0.0218505859375 -0.45623779296875 -0.57757568359375
0.000606536865234372 0.0370101928710938 -0.3824462890625 -0.61151123046875
0.00241661071777344 -0.00212574005126953 -0.287689208984375 -0.421234130859375
-0.00865268707275391 -0.00935745239257812 -0.123046875 -0.0984115600585938
-0.0252265930175781 0.00661659240722656 0.169967651367188 0.033416748046875
-0.0202541351318359 0.0216064453125 0.31134033203125 0.37921142578125
0.0226364135742188 0.0331573486328125 0.474609375 0.48321533203125
0.00806617736816406 0.024871826171875 0.449432373046875 0.540924072265625
-0.0107440948486328 0.00325489044189453 0.249359130859375 0.552581787109375
-0.00316929817199707 0.00341606140136719 0.164093017578125 0.520263671875
0.00747871398925781 0.0249824523925781 0.1083984375 0.31756591796875
0.00261497497558594 0.0175390243530273 0.0344505310058594 0.0620956420898438
0.00522804260253906 0.0168771743774414 -0.0617523193359375 -0.227783203125
0.0177135467529297 0.011322021484375 -0.16961669921875 -0.480712890625
0.0105085372924805 0.00909233093261719 -0.37249755859375 -0.57513427734375
0.0124530792236328 0.00766944885253906 -0.4757080078125 -0.55859375
0.0185909271240234 0.0277919769287109 -0.40118408203125 -0.59747314453125
0.0231056213378906 0.0127277374267578 -0.294189453125 -0.413970947265625
-0.0131864547729492 0.015838623046875 -0.120765686035156 -0.100410461425781
-0.0406494140625 0.033477783203125 0.16802978515625 0.03924560546875
-0.0059967041015625 0.0491218566894531 0.30633544921875 0.387054443359375
0.0507850646972656 0.0322456359863281 0.456634521484375 0.5008544921875
0.0131702423095703 0.00379753112792969 0.42938232421875 0.56451416015625
-0.0259609222412109 -0.0118179321289063 0.23748779296875 0.56512451171875
-0.0232028961181641 0.0119686126708984 0.155548095703125 0.5213623046875
-0.000995635986328126 0.0435447692871094 0.106536865234375 0.306549072265625
-0.0030364990234375 0.0329360961914063 0.0350914001464844 0.0467300415039063
-0.00135040283203125 0.0351676940917969 -0.068511962890625 -0.237411499023437
0.0051727294921875 0.0243949890136719 -0.185089111328125 -0.47955322265625
-0.00847625732421875 0.00889778137207032 -0.39007568359375 -0.5626220703125
0.00304126739501953 -0.00748443603515625 -0.49273681640625 -0.537750244140625
0.0367889404296875 0.0143814086914062 -0.42205810546875 -0.57659912109375
0.0433731079101563 0.0259513854980469 -0.299041748046875 -0.4039306640625
-0.0144882202148438 0.040679931640625 -0.120147705078125 -0.0934829711914063
-0.0516242980957031 0.0580902099609375 0.162841796875 0.0499267578125
0.008148193359375 0.0681800842285156 0.293701171875 0.39453125
0.0704803466796875 0.0225296020507812 0.43658447265625 0.519195556640625
0.0125589370727539 -0.0167074203491211 0.4083251953125 0.59625244140625
-0.042205810546875 -0.0224609375 0.2308349609375 0.5841064453125
-0.0406417846679688 0.019500732421875 0.15374755859375 0.5185546875
-0.00662994384765625 0.0569725036621094 0.10382080078125 0.288238525390625
-0.00693511962890625 0.0419731140136719 0.0327301025390625 0.0269203186035156
-0.00798797607421875 0.0474357604980469 -0.0746917724609375 -0.253311157226563
-0.00965118408203125 0.0308723449707031 -0.197601318359375 -0.4879150390625
-0.0245513916015625 0.00249099731445313 -0.403350830078125 -0.55145263671875
-0.00425910949707031 -0.0252590179443359 -0.504730224609375 -0.516937255859375
0.0542106628417969 0.00157928466796875 -0.436431884765625 -0.558685302734375
0.0601654052734375 0.0380744934082031 -0.3057861328125 -0.391021728515625
-0.020538330078125 0.0630455017089844 -0.120880126953125 -0.080535888671875
-0.0541305541992188 0.0738983154296875 0.152877807617188 0.063873291015625
0.0231552124023438 0.073333740234375 0.281341552734375 0.40167236328125
0.080841064453125 0.00821685791015625 0.414459228515625 0.542816162109375
0.00488471984863281 -0.0334377288818359 0.39739990234375 0.6248779296875
-0.0563240051269531 -0.0295028686523438 0.2332763671875 0.59661865234375
-0.0512199401855469 0.0240669250488281 0.15716552734375 0.50775146484375
-0.0113983154296875 0.0609664916992188 0.103775024414063 0.265090942382812
-0.00961303710937499 0.0449104309082031 0.0302200317382813 0.00101661682128907
-0.0139236450195313 0.0517616271972656 -0.0795745849609375 -0.27423095703125
-0.0229930877685547 0.0316143035888672 -0.202056884765625 -0.49835205078125
-0.0393524169921875 -0.00910186767578124 -0.403656005859375 -0.545623779296875
-0.008453369140625 -0.0430793762207031 -0.506591796875 -0.496612548828125
0.0699615478515625 -0.00555801391601563 -0.446746826171875 -0.538238525390625
0.0703506469726563 0.0501785278320313 -0.309234619140625 -0.378173828125
-0.0286636352539062 0.0791778564453125 -0.126075744628906 -0.0651397705078125
0.00231552124023438 -0.0694999694824219 0.131500244140625 0.0579147338867187
-0.0767593383789063 -0.0443649291992188 0.296478271484375 0.366455078125
-0.0444259643554688 0.0441360473632813 0.476837158203125 0.47540283203125
0.00737762451171876 0.0630455017089844 0.496917724609375 0.53997802734375
0.031463623046875 0.00612258911132813 0.3292236328125 0.536956787109375
0.0363616943359375 -0.0548553466796875 0.225250244140625 0.476348876953125
0.0221023559570313 -0.0529289245605469 0.127044677734375 0.27276611328125
0.0153350830078125 -0.0481643676757813 0.0277614593505859 0.0317573547363281
0.0273361206054688 -0.0581893920898438 -0.0544281005859375 -0.258834838867188
0.0652923583984375 -0.0434112548828125 -0.11822509765625 -0.517425537109375
0.0550003051757813 0.00960540771484375 -0.301513671875 -0.61029052734375
0.0113029479980469 0.0467681884765625 -0.40875244140625 -0.5804443359375
-0.0499191284179688 0.0298271179199219 -0.35565185546875 -0.6015625
-0.0253486633300781 -0.0571136474609375 -0.28472900390625 -0.408966064453125
0.0099334716796875 -0.0569915771484375 -0.147308349609375 -0.0635833740234375
0.00646591186523438 -0.0609703063964844 0.14227294921875 0.042572021484375
-0.066070556640625 -0.043487548828125 0.30596923828125 0.360687255859375
-0.0415458679199219 0.0398597717285156 0.481170654296875 0.46246337890625
0.00177001953125001 0.0665512084960938 0.4915771484375 0.52447509765625
0.0280075073242187 0.0163974761962891 0.312408447265625 0.532623291015625
0.0380287170410156 -0.0404510498046875 0.2137451171875 0.491119384765625
0.0235824584960938 -0.0398674011230469 0.125640869140625 0.29473876953125
0.0139541625976563 -0.0368385314941406 0.0306053161621094 0.0519981384277344
0.0243110656738281 -0.0447273254394531 -0.0543060302734375 -0.23907470703125
0.0572013854980469 -0.0350341796875 -0.12957763671875 -0.503509521484375
0.0525360107421875 0.009185791015625 -0.31671142578125 -0.60626220703125
0.019378662109375 0.0441207885742188 -0.4183349609375 -0.58892822265625
-0.038299560546875 0.0402145385742188 -0.3548583984375 -0.61474609375
-0.0255393981933594 -0.0405769348144531 -0.280670166015625 -0.41766357421875
0.00271224975585937 -0.0474700927734375 -0.135787963867188 -0.0787506103515625
0.0018768310546875 -0.0434532165527344 0.155014038085938 0.033172607421875
-0.0498428344726563 -0.0319709777832031 0.31243896484375 0.360809326171875
-0.027862548828125 0.0342922210693359 0.486328125 0.459381103515625
-0.00111389160156251 0.0591468811035156 0.482391357421875 0.51751708984375
0.0184211730957031 0.0192718505859375 0.2928466796875 0.534515380859375
0.0315570831298828 -0.0232048034667969 0.197021484375 0.504364013671875
0.0223274230957031 -0.0188426971435547 0.120361328125 0.30987548828125
0.0114555358886719 -0.0194358825683594 0.0330238342285156 0.0639305114746094
0.0176982879638672 -0.0251083374023438 -0.055206298828125 -0.226654052734375
0.0460739135742188 -0.0223388671875 -0.14215087890625 -0.4921875
0.0429458618164063 0.00849151611328125 -0.3338623046875 -0.60009765625
0.0226936340332031 0.0336170196533203 -0.43634033203125 -0.58624267578125
-0.0207786560058594 0.0428199768066406 -0.364013671875 -0.61822509765625
-0.0154094696044922 -0.0199546813964844 -0.281280517578125 -0.4205322265625
-0.00489997863769531 -0.0316219329833984 -0.125862121582031 -0.0916213989257813
-0.00885772705078125 -0.0204372406005859 0.164688110351563 0.0296478271484375
-0.0333347320556641 -0.00838279724121093 0.31378173828125 0.36871337890625
-0.00452995300292968 0.0324478149414063 0.4830322265625 0.46697998046875
0.00235748291015625 0.0446243286132813 0.465057373046875 0.524200439453125
0.00512790679931641 0.0146493911743164 0.270721435546875 0.538421630859375
0.0173358917236328 -0.00858306884765625 0.177276611328125 0.51361083984375
0.0161323547363281 0.00289154052734375 0.114898681640625 0.31787109375
0.00616645812988281 -0.000644683837890625 0.0356407165527344 0.0676231384277344
0.0109767913818359 -0.00400543212890625 -0.0572509765625 -0.222122192382813
0.0325508117675781 -0.00634765625 -0.154632568359375 -0.48089599609375
0.0275287628173828 0.0091094970703125 -0.352294921875 -0.5858154296875
0.0194072723388672 0.0221424102783203 -0.45306396484375 -0.57464599609375
-0.00025177001953125 0.0374679565429688 -0.379638671875 -0.60931396484375
0.00141096115112305 -0.00309133529663086 -0.286041259765625 -0.418426513671875
-0.0101604461669922 -0.00820541381835938 -0.121673583984375 -0.0985794067382813
-0.0256843566894531 0.00643157958984375 0.168914794921875 0.0325164794921875
-0.0202827453613281 0.0210742950439453 0.310394287109375 0.37603759765625
0.0233879089355469 0.0330295562744141 0.47235107421875 0.481719970703125
0.00782012939453125 0.0249080657958984 0.446563720703125 0.535888671875
-0.0110683441162109 0.00271797180175781 0.250518798828125 0.5509033203125
-0.00218701362609863 0.00352573394775391 0.1630859375 0.518585205078125
0.00825691223144531 0.0243759155273438 0.108673095703125 0.31591796875
0.00146293640136719 0.017155647277832 0.0365486145019531 0.0626029968261719
0.00451278686523437 0.0181388854980469 -0.06109619140625 -0.224395751953125
0.0182037353515625 0.00989151000976563 -0.16888427734375 -0.475921630859375
0.00981235504150391 0.00984287261962891 -0.37261962890625 -0.57012939453125
0.0119991302490234 0.00798606872558594 -0.471343994140625 -0.557159423828125
0.0195140838623047 0.0266323089599609 -0.40045166015625 -0.59375
0.0219936370849609 0.0136489868164063 -0.29278564453125 -0.412506103515625
-0.0132989883422852 0.0164213180541992 -0.119766235351563 -0.0988998413085938
-0.0420265197753906 0.03466796875 0.167953491210938 0.0381927490234375
-0.00629806518554688 0.0489082336425781 0.30279541015625 0.3846435546875
0.0503311157226562 0.0305747985839844 0.4549560546875 0.497467041015625
0.0133657455444336 0.0042266845703125 0.426513671875 0.5606689453125
-0.0258369445800781 -0.00998115539550781 0.234619140625 0.5650634765625
-0.0221652984619141 0.013214111328125 0.154998779296875 0.521026611328125
8.77380371093715E-05 0.044158935546875 0.10650634765625 0.305145263671875
-0.00349044799804687 0.0335445404052734 0.0352020263671875 0.0474967956542969
-0.000816345214843753 0.0358734130859375 -0.066802978515625 -0.23651123046875
0.00478363037109375 0.0238189697265625 -0.183807373046875 -0.476959228515625
-0.00936222076416016 0.00827503204345703 -0.38916015625 -0.55865478515625
0.00298023223876953 -0.00733518600463867 -0.489898681640625 -0.533660888671875
0.0361518859863281 0.0146331787109375 -0.4195556640625 -0.5765380859375
0.0424156188964844 0.0265922546386719 -0.297882080078125 -0.402435302734375
-0.0158309936523438 0.0415611267089844 -0.119674682617188 -0.0927352905273438
-0.0520515441894531 0.0581130981445313 0.161483764648438 0.0479888916015625
0.00833511352539063 0.0684890747070313 0.29339599609375 0.39141845703125
0.0702400207519531 0.0216636657714844 0.431793212890625 0.516876220703125
0.0118503570556641 -0.0174560546875 0.4068603515625 0.59454345703125
-0.0429573059082031 -0.0214195251464844 0.23089599609375 0.58203125
-0.0402641296386719 0.0202293395996094 0.154144287109375 0.51666259765625
-0.00610733032226562 0.0564918518066406 0.1046142578125 0.28607177734375
-0.00675582885742188 0.0425529479980469 0.0322990417480469 0.0260734558105469
-0.00740814208984375 0.0476875305175781 -0.0749664306640625 -0.25213623046875
-0.00931930541992188 0.0311355590820313 -0.197357177734375 -0.4844970703125
-0.0258331298828125 0.00306892395019531 -0.40008544921875 -0.54656982421875
-0.00432395935058594 -0.0258636474609375 -0.500701904296875 -0.51312255859375
0.0546226501464844 0.00203323364257813 -0.435455322265625 -0.55548095703125
0.059539794921875 0.0369796752929688 -0.30474853515625 -0.388427734375
-0.0208091735839844 0.0624542236328125 -0.119888305664063 -0.0811538696289062
-0.0536651611328125 0.07354736328125 0.152191162109375 0.0627288818359375
0.0227203369140625 0.0730667114257813 0.2791748046875 0.39892578125
0.0793228149414063 0.00785064697265625 0.41094970703125 0.53826904296875
0.00591659545898437 -0.0321636199951172 0.39349365234375 0.622802734375
-0.0568695068359375 -0.02923583984375 0.23345947265625 0.594970703125
-0.0510978698730469 0.0229568481445312 0.156341552734375 0.506866455078125
-0.00952529907226563 0.0610618591308594 0.102462768554688 0.26446533203125
-0.0100517272949219 0.0452346801757813 0.0298824310302734 0.00176048278808594
-0.0152969360351562 0.051971435546875 -0.0790557861328125 -0.272125244140625
-0.0221290588378906 0.0316963195800781 -0.20220947265625 -0.49444580078125
-0.0389976501464844 -0.00792312622070312 -0.4010009765625 -0.54278564453125
-0.0076751708984375 -0.0422325134277344 -0.5023193359375 -0.4951171875
0.0706100463867188 -0.00604248046875 -0.4453125 -0.536102294921875
0.070404052734375 0.049530029296875 -0.308837890625 -0.37615966796875
-0.0290298461914062 0.0795059204101562 -0.12518310546875 -0.0646591186523438
0.0018310546875 -0.0689888000488281 0.131538391113281 0.057586669921875
-0.0768585205078125 -0.044342041015625 0.295440673828125 0.36480712890625
-0.0433120727539063 0.043243408203125 0.47357177734375 0.4725341796875
0.00747299194335938 0.0640335083007813 0.495452880859375 0.53802490234375
0.0322170257568359 0.00674819946289063 0.326904296875 0.5367431640625
0.0372772216796875 -0.0551567077636719 0.223175048828125 0.47674560546875
0.0214920043945312 -0.0526542663574219 0.126449584960938 0.27288818359375
0.0160446166992188 -0.0472183227539063 0.0271072387695313 0.0311050415039062
0.027923583984375 -0.0580482482910156 -0.0529022216796875 -0.256942749023437
0.0663070678710938 -0.0427513122558594 -0.118896484375 -0.516021728515625
0.0555229187011719 0.00973129272460938 -0.29962158203125 -0.609375
0.0118522644042969 0.0476760864257812 -0.40496826171875 -0.57525634765625
-0.0499076843261719 0.0294914245605469 -0.35321044921875 -0.59991455078125
-0.0257186889648437 -0.0566940307617188 -0.28350830078125 -0.407958984375
0.0103721618652344 -0.0556221008300781 -0.14703369140625 -0.0639190673828125
0.00568008422851563 -0.0610618591308594 0.141571044921875 0.0428924560546875
-0.0659027099609375 -0.0439186096191406 0.304290771484375 0.3594970703125
-0.0421104431152344 0.0385704040527344 0.48004150390625 0.461395263671875
0.00242233276367187 0.0666999816894531 0.489410400390625 0.5252685546875
0.02728271484375 0.0171699523925781 0.3111572265625 0.5313720703125
0.0394630432128906 -0.0403366088867188 0.2127685546875 0.489898681640625
0.0243301391601563 -0.0392189025878906 0.124420166015625 0.2943115234375
0.0138645172119141 -0.0350418090820313 0.0306243896484375 0.0510444641113281
0.0242652893066406 -0.0439376831054687 -0.054412841796875 -0.238296508789063
0.0581550598144531 -0.035308837890625 -0.12786865234375 -0.501861572265625
0.0532646179199219 0.00882339477539062 -0.3162841796875 -0.60418701171875
0.0199012756347656 0.0437393188476563 -0.41693115234375 -0.5880126953125
-0.0374641418457031 0.0406570434570312 -0.352294921875 -0.6123046875
-0.025604248046875 -0.0398712158203125 -0.279266357421875 -0.415557861328125
0.00312042236328124 -0.0480384826660156 -0.1341552734375 -0.0784912109375
0.00135040283203125 -0.0440025329589844 0.154159545898438 0.032501220703125
-0.0503921508789063 -0.0315437316894531 0.311309814453125 0.3599853515625
-0.0282306671142578 0.0336532592773438 0.4840087890625 0.459930419921875
6.48498535156253E-05 0.0599822998046875 0.478485107421875 0.5172119140625
0.0178756713867188 0.0206146240234375 0.292633056640625 0.533203125
0.0325736999511719 -0.0235824584960938 0.197113037109375 0.502288818359375
0.0232963562011719 -0.0194206237792969 0.1207275390625 0.309661865234375
0.0106983184814453 -0.0182399749755859 0.032562255859375 0.0638771057128906
0.0175857543945313 -0.0250988006591797 -0.0550537109375 -0.225799560546875
0.0464935302734375 -0.0224075317382813 -0.141754150390625 -0.48858642578125
0.0431404113769531 0.0086669921875 -0.3331298828125 -0.595703125
0.0227890014648438 0.0340995788574219 -0.43084716796875 -0.58331298828125
-0.01910400390625 0.0429534912109375 -0.3612060546875 -0.6142578125
-0.0154495239257813 -0.0208988189697266 -0.27947998046875 -0.420989990234375
-0.00487709045410156 -0.0307025909423828 -0.125556945800781 -0.09100341796875
-0.009521484375 -0.0203933715820313 0.162796020507813 0.0294952392578125
-0.0338649749755859 -0.00875473022460937 0.312652587890625 0.365936279296875
-0.00444412231445312 0.0313205718994141 0.480255126953125 0.46685791015625
0.00194168090820312 0.0446014404296875 0.46392822265625 0.521575927734375
0.00442600250244141 0.0146799087524414 0.26922607421875 0.53826904296875
0.0179557800292969 -0.00886917114257813 0.177520751953125 0.513671875
0.0172395706176758 0.00271511077880859 0.11334228515625 0.31658935546875
0.00592374801635742 -0.000293731689453125 0.0349273681640625 0.0671272277832031
0.0117511749267578 -0.00335597991943359 -0.056640625 -0.220123291015625
0.0330562591552734 -0.00704383850097656 -0.1534423828125 -0.478790283203125
0.027679443359375 0.00904083251953125 -0.35076904296875 -0.58294677734375
0.0192966461181641 0.0224552154541016 -0.45013427734375 -0.57208251953125
0.00122451782226562 0.0372467041015625 -0.3778076171875 -0.60791015625
0.00159668922424316 -0.00263476371765137 -0.286224365234375 -0.418609619140625
-0.0102815628051758 -0.00777912139892578 -0.121528625488281 -0.0984039306640625
-0.0263023376464844 0.00797843933105469 0.167816162109375 0.0310211181640625
-0.0205631256103516 0.0212116241455078 0.3084716796875 0.374114990234375
0.0238418579101562 0.0316905975341797 0.469329833984375 0.47998046875
0.00794792175292969 0.0253944396972656 0.444793701171875 0.537078857421875
-0.0108251571655273 0.00362014770507812 0.247467041015625 0.54937744140625
-0.00226545333862305 0.00386738777160644 0.16015625 0.518157958984375
0.00909042358398438 0.0254383087158203 0.1077880859375 0.31475830078125
0.00224113464355469 0.0181484222412109 0.0358047485351563 0.0608291625976563
0.00547981262207031 0.0177936553955078 -0.060302734375 -0.223434448242188
0.0186061859130859 0.0101070404052734 -0.1697998046875 -0.475006103515625
0.00953006744384766 0.0109224319458008 -0.37109375 -0.56805419921875
0.0118255615234375 0.00853538513183594 -0.469146728515625 -0.552581787109375
0.0196971893310547 0.0264835357666016 -0.3978271484375 -0.59271240234375
0.0228080749511719 0.0131893157958984 -0.291717529296875 -0.411285400390625
-0.0136737823486328 0.0174226760864258 -0.119941711425781 -0.099151611328125
-0.041748046875 0.035186767578125 0.167633056640625 0.0374908447265625
-0.00677108764648437 0.0487861633300781 0.300872802734375 0.382659912109375
0.0512733459472656 0.0297279357910156 0.451324462890625 0.496490478515625
0.0125341415405273 0.00339603424072266 0.4244384765625 0.561767578125
-0.0277729034423828 -0.0101871490478516 0.2342529296875 0.56414794921875
-0.0218296051025391 0.0127582550048828 0.15472412109375 0.520263671875
0.000564575195312499 0.0446662902832031 0.105133056640625 0.304931640625
-0.00309181213378906 0.0333900451660156 0.0345802307128906 0.047210693359375
-0.000682830810546873 0.0355873107910156 -0.0662841796875 -0.233612060546875
0.00538444519042969 0.0244274139404297 -0.1834716796875 -0.47601318359375
-0.00927257537841797 0.00913524627685547 -0.38739013671875 -0.556671142578125
0.00325870513916016 -0.00734329223632813 -0.486175537109375 -0.53302001953125
0.0369453430175781 0.0137290954589844 -0.4154052734375 -0.57470703125
0.0422401428222656 0.0253868103027344 -0.297637939453125 -0.402069091796875
-0.0158119201660156 0.0418243408203125 -0.11907958984375 -0.0929031372070312
-0.0522499084472656 0.0581817626953125 0.16046142578125 0.04827880859375
0.00810241699218749 0.0680999755859375 0.290679931640625 0.3902587890625
0.0712127685546875 0.0214309692382813 0.42974853515625 0.51519775390625
0.012664794921875 -0.0171957015991211 0.4034423828125 0.5928955078125
-0.0434646606445312 -0.0219955444335937 0.22991943359375 0.5810546875
-0.0397758483886719 0.0198898315429687 0.1527099609375 0.5155029296875
-0.006195068359375 0.0571708679199219 0.10205078125 0.28546142578125
-0.006378173828125 0.0431404113769531 0.0327777862548828 0.0259971618652344
-0.00638198852539063 0.0480308532714844 -0.072906494140625 -0.250961303710938
-0.00860404968261719 0.0313034057617188 -0.1962890625 -0.4810791015625
-0.0254459381103516 0.00301551818847656 -0.397705078125 -0.544525146484375
-0.00376510620117187 -0.025634765625 -0.4970703125 -0.510894775390625
0.0548133850097656 0.00184249877929688 -0.430938720703125 -0.554229736328125
0.060333251953125 0.0375289916992188 -0.3033447265625 -0.387542724609375
-0.0214385986328125 0.0634002685546875 -0.120681762695312 -0.080841064453125
-0.053924560546875 0.0741958618164062 0.151199340820313 0.0611419677734375
0.02276611328125 0.072662353515625 0.277740478515625 0.3966064453125
0.080413818359375 0.00650787353515625 0.408935546875 0.536865234375
0.0058441162109375 -0.0341606140136719 0.3917236328125 0.623046875
-0.0565032958984375 -0.0279083251953125 0.23114013671875 0.59381103515625
-0.0492973327636719 0.02276611328125 0.156341552734375 0.505950927734375
-0.0101585388183594 0.0613479614257812 0.101669311523437 0.262664794921875
-0.009368896484375 0.045684814453125 0.0296726226806641 0.00149726867675782
-0.0129852294921875 0.0517044067382813 -0.0785369873046875 -0.271682739257813
-0.0224208831787109 0.0315513610839844 -0.20147705078125 -0.491912841796875
-0.0395889282226563 -0.00784301757812501 -0.3997802734375 -0.540313720703125
-0.00757980346679687 -0.0425033569335938 -0.49908447265625 -0.492462158203125
0.0707626342773438 -0.00571441650390625 -0.440765380859375 -0.534515380859375
0.0698356628417969 0.0491294860839844 -0.30657958984375 -0.374481201171875
-0.0292892456054687 0.0797348022460938 -0.125564575195313 -0.064239501953125
0.00209808349609375 -0.0695457458496094 0.129188537597656 0.0579757690429687
-0.0766448974609375 -0.0451202392578125 0.29425048828125 0.3641357421875
-0.0442771911621094 0.0430564880371094 0.470550537109375 0.473175048828125
0.00780487060546875 0.0629997253417969 0.49273681640625 0.539093017578125
0.0317668914794922 0.00762939453125 0.3251953125 0.536376953125
0.0380630493164063 -0.0545005798339844 0.222686767578125 0.476959228515625
0.0218963623046875 -0.0530128479003906 0.125228881835937 0.271530151367188
0.0166435241699219 -0.046905517578125 0.0276756286621094 0.0311431884765625
0.028717041015625 -0.0583267211914062 -0.052459716796875 -0.256942749023438
0.0659599304199219 -0.0433731079101562 -0.117401123046875 -0.51513671875
0.0565681457519531 0.0107192993164063 -0.29901123046875 -0.60589599609375
0.0125160217285156 0.0473861694335937 -0.4024658203125 -0.57647705078125
-0.0496253967285156 0.0303878784179687 -0.35052490234375 -0.60101318359375
-0.0263557434082031 -0.0575752258300781 -0.282501220703125 -0.40740966796875
0.0105972290039063 -0.056060791015625 -0.147323608398438 -0.063201904296875
0.00571823120117187 -0.0613670349121094 0.140777587890625 0.04180908203125
-0.0659828186035156 -0.0443038940429688 0.302398681640625 0.35821533203125
-0.042022705078125 0.0379104614257813 0.477386474609375 0.460723876953125
0.00200271606445313 0.0670547485351563 0.48590087890625 0.52447509765625
0.0275745391845703 0.0178260803222656 0.31146240234375 0.53204345703125
0.0394821166992187 -0.0400390625 0.211822509765625 0.489654541015625
0.0240364074707031 -0.0390510559082031 0.123870849609375 0.29296875
0.0147018432617187 -0.0349464416503906 0.030609130859375 0.051788330078125
0.0245399475097656 -0.0446968078613281 -0.0533905029296875 -0.237762451171875
0.0579566955566406 -0.0360565185546875 -0.128021240234375 -0.499481201171875
0.0529441833496094 0.00942611694335938 -0.31475830078125 -0.6038818359375
0.020355224609375 0.0453987121582031 -0.4110107421875 -0.58642578125
-0.0369682312011719 0.0402145385742188 -0.34912109375 -0.6141357421875
-0.0262222290039063 -0.04058837890625 -0.278167724609375 -0.416015625
0.00203704833984375 -0.0469970703125 -0.134048461914063 -0.0787429809570313
0.00159072875976562 -0.0443496704101563 0.153182983398438 0.033111572265625
-0.0503730773925781 -0.0320281982421875 0.309539794921875 0.359954833984375
-0.0268154144287109 0.0331153869628906 0.482208251953125 0.45709228515625
-0.0010986328125 0.0598373413085938 0.476318359375 0.5169677734375
0.0172843933105469 0.0204696655273438 0.29010009765625 0.534576416015625
0.0333595275878906 -0.0241241455078125 0.195770263671875 0.500579833984375
0.0232295989990234 -0.0196685791015625 0.119720458984375 0.308502197265625
0.0112533569335938 -0.0179576873779297 0.0333213806152344 0.0646286010742188
0.0189685821533203 -0.0253028869628906 -0.0540771484375 -0.223770141601563
0.0473365783691406 -0.0234756469726563 -0.1400146484375 -0.486846923828125
0.0432014465332031 0.0084381103515625 -0.3314208984375 -0.59515380859375
0.0229091644287109 0.0347461700439453 -0.4283447265625 -0.58319091796875
-0.0188102722167969 0.0418586730957031 -0.35955810546875 -0.6162109375
-0.0158672332763672 -0.0204067230224609 -0.280242919921875 -0.419891357421875
-0.005096435546875 -0.0301933288574219 -0.125205993652344 -0.0915603637695313
-0.0092315673828125 -0.0194091796875 0.163482666015625 0.030059814453125
-0.0352439880371094 -0.00819015502929688 0.309722900390625 0.365631103515625
-0.00479888916015625 0.030181884765625 0.477325439453125 0.466217041015625
0.0015869140625 0.0448837280273438 0.460540771484375 0.52215576171875
0.00425815582275391 0.0152654647827148 0.26837158203125 0.539276123046875
0.0183868408203125 -0.00912666320800781 0.17626953125 0.513153076171875
0.017542839050293 0.00310325622558594 0.112701416015625 0.315887451171875
0.00716495513916016 -7.00950622558594E-05 0.0350303649902344 0.0675888061523438
0.0121221542358398 -0.00310230255126953 -0.0556182861328125 -0.219879150390625
0.0321407318115234 -0.0067596435546875 -0.153594970703125 -0.47662353515625
0.0271892547607422 0.00973892211914063 -0.34954833984375 -0.58209228515625
0.0204448699951172 0.0227069854736328 -0.44708251953125 -0.572021484375
0.0016021728515625 0.036468505859375 -0.375244140625 -0.6087646484375
0.000707268714904785 -0.00132119655609131 -0.284637451171875 -0.418548583984375
-0.0117979049682617 -0.00760173797607422 -0.121376037597656 -0.097686767578125
-0.0271892547607422 0.00808525085449219 0.16827392578125 0.0311279296875
-0.0207347869873047 0.0204696655273438 0.307769775390625 0.37548828125
0.0238246917724609 0.0311450958251953 0.468414306640625 0.4786376953125
0.00818824768066406 0.0253105163574219 0.443206787109375 0.537200927734375
-0.0114221572875977 0.00442123413085938 0.246429443359375 0.5499267578125
-0.00100541114807129 0.00333952903747559 0.1605224609375 0.518218994140625
0.00977706909179688 0.0254325866699219 0.105438232421875 0.314300537109375
0.00167274475097656 0.0187664031982422 0.0358161926269531 0.0621757507324219
0.006103515625 0.0176639556884766 -0.0595245361328125 -0.222076416015625
0.019012451171875 0.0101089477539062 -0.168365478515625 -0.473052978515625
0.00980567932128906 0.010249137878418 -0.3685302734375 -0.56610107421875
0.0125694274902344 0.00753021240234375 -0.466796875 -0.55340576171875
0.0191650390625 0.02691650390625 -0.3944091796875 -0.59417724609375
0.0223064422607422 0.0119838714599609 -0.29022216796875 -0.41094970703125
-0.0149593353271484 0.0174579620361328 -0.120399475097656 -0.0981826782226563
-0.0422515869140625 0.0372390747070312 0.166152954101563 0.0378265380859375
-0.00783920288085937 0.0478363037109375 0.299835205078125 0.382598876953125
0.0506935119628906 0.02850341796875 0.448638916015625 0.496307373046875
0.0133876800537109 0.00425624847412109 0.4219970703125 0.56121826171875
-0.0277252197265625 -0.00905990600585938 0.23370361328125 0.56500244140625
-0.0216751098632813 0.0130481719970703 0.153594970703125 0.520050048828125
0.000797271728515624 0.044921875 0.103759765625 0.303070068359375
-0.00325775146484375 0.0340747833251953 0.0351905822753906 0.0482368469238281
4.57763671875012E-05 0.03656005859375 -0.0653533935546875 -0.23370361328125
0.00603866577148438 0.0236301422119141 -0.1822509765625 -0.47479248046875
-0.00883769989013672 0.010528564453125 -0.385101318359375 -0.554107666015625
0.00306415557861328 -0.00769901275634766 -0.484039306640625 -0.530609130859375
0.0368423461914063 0.0136299133300781 -0.41357421875 -0.574462890625
0.0420913696289063 0.0249214172363281 -0.295074462890625 -0.402557373046875
-0.0165481567382813 0.0421829223632813 -0.117782592773437 -0.0924301147460938
-0.0525436401367187 0.0593185424804687 0.160064697265625 0.0475311279296875
0.00774002075195312 0.0667572021484375 0.290252685546875 0.38995361328125
0.071807861328125 0.0196533203125 0.426910400390625 0.515777587890625
0.0132255554199219 -0.0174417495727539 0.40216064453125 0.59161376953125
-0.0440254211425781 -0.0208816528320313 0.227783203125 0.58087158203125
-0.0388679504394531 0.0190582275390625 0.15283203125 0.5142822265625
-0.00528335571289063 0.0577316284179688 0.102264404296875 0.284820556640625
-0.00655364990234375 0.0439529418945312 0.0321693420410156 0.0267696380615234
-0.00717544555664063 0.0477027893066406 -0.071746826171875 -0.250289916992188
-0.0087890625 0.0316791534423828 -0.194610595703125 -0.4793701171875
-0.0262031555175781 0.00329208374023438 -0.396453857421875 -0.54449462890625
-0.00333404541015625 -0.0255279541015625 -0.49462890625 -0.5107421875
0.0544509887695313 0.0022125244140625 -0.42877197265625 -0.554290771484375
0.0600090026855469 0.0373725891113281 -0.30157470703125 -0.38812255859375
-0.0217399597167969 0.0637168884277344 -0.1207275390625 -0.08038330078125
-0.05621337890625 0.0735855102539063 0.149978637695313 0.06121826171875
0.0218582153320313 0.0735549926757813 0.2763671875 0.39794921875
0.0808258056640625 0.00554656982421875 0.40606689453125 0.537139892578125
0.00634574890136719 -0.0337886810302734 0.38916015625 0.6224365234375
-0.0573768615722656 -0.0280189514160156 0.2298583984375 0.59454345703125
-0.04901123046875 0.022918701171875 0.1558837890625 0.505584716796875
-0.00873184204101563 0.06231689453125 0.101486206054688 0.262054443359375
-0.00890350341796875 0.0472602844238281 0.0291671752929687 0.0013427734375
-0.013214111328125 0.0528488159179688 -0.0774688720703125 -0.27032470703125
-0.021209716796875 0.0319061279296875 -0.2003173828125 -0.489044189453125
-0.0400962829589844 -0.00757598876953126 -0.398284912109375 -0.539459228515625
-0.00778961181640626 -0.0436553955078125 -0.49603271484375 -0.49273681640625
0.0711212158203125 -0.00618743896484375 -0.439056396484375 -0.535736083984375
0.0708160400390625 0.0492095947265625 -0.306060791015625 -0.37579345703125
-0.0302734375 0.0797271728515625 -0.1251220703125 -0.0645828247070313
0.00214767456054687 -0.0691680908203125 0.129783630371094 0.0576629638671875
-0.0792388916015625 -0.0450439453125 0.293487548828125 0.364013671875
-0.0442237854003906 0.0424652099609375 0.469818115234375 0.47296142578125
0.00719833374023438 0.0635719299316406 0.490203857421875 0.540863037109375
0.0313701629638672 0.00845527648925781 0.325836181640625 0.537384033203125
0.0378875732421875 -0.0553131103515625 0.222991943359375 0.4769287109375
0.0229911804199219 -0.0521430969238281 0.124420166015625 0.272232055664063
0.0169181823730469 -0.0466156005859375 0.0272235870361328 0.0311641693115234
0.02911376953125 -0.0582809448242187 -0.052001953125 -0.256179809570313
0.0661354064941406 -0.0432929992675781 -0.11700439453125 -0.512115478515625
0.05633544921875 0.0107192993164063 -0.297119140625 -0.606201171875
0.0133323669433594 0.0476455688476563 -0.3995361328125 -0.5771484375
-0.0494613647460938 0.0296592712402344 -0.35064697265625 -0.60235595703125
-0.0275497436523438 -0.0581855773925781 -0.28228759765625 -0.408203125
0.00983428955078125 -0.0559425354003906 -0.147048950195313 -0.0635833740234375
0.00518035888671875 -0.0604743957519531 0.140098571777344 0.0420608520507812
-0.0664710998535156 -0.0451202392578125 0.300140380859375 0.358489990234375
-0.0422859191894531 0.0383415222167969 0.4766845703125 0.461151123046875
0.00202178955078125 0.0672416687011719 0.484130859375 0.52392578125
0.0277919769287109 0.018524169921875 0.31036376953125 0.534454345703125
0.0405311584472656 -0.0413017272949219 0.211944580078125 0.49090576171875
0.0256385803222656 -0.0393028259277344 0.12310791015625 0.29364013671875
0.0150299072265625 -0.0345592498779297 0.03021240234375 0.0511512756347656
0.0254440307617188 -0.0446548461914063 -0.0528411865234375 -0.236602783203125
0.0600204467773438 -0.03692626953125 -0.127593994140625 -0.4993896484375
0.0535430908203125 0.00981903076171875 -0.31292724609375 -0.60333251953125
0.0208549499511719 0.0445098876953125 -0.40887451171875 -0.5880126953125
-0.0374298095703125 0.0392494201660156 -0.347412109375 -0.61395263671875
-0.0270462036132813 -0.041229248046875 -0.277587890625 -0.417449951171875
0.00239944458007813 -0.0473442077636719 -0.134933471679688 -0.0788726806640625
0.00189208984375 -0.0437049865722656 0.152175903320313 0.0315399169921875
-0.0509452819824219 -0.0326271057128906 0.307952880859375 0.359832763671875
-0.0277919769287109 0.0327606201171875 0.48089599609375 0.457977294921875
-0.00039291381835938 0.0599632263183594 0.474395751953125 0.51800537109375
0.0174369812011719 0.0214824676513672 0.288177490234375 0.53521728515625
0.0337905883789063 -0.0249843597412109 0.194976806640625 0.50250244140625
0.0243892669677734 -0.0193042755126953 0.118377685546875 0.308319091796875
0.0108966827392578 -0.0180873870849609 0.0325508117675781 0.0641136169433594
0.0186271667480469 -0.02520751953125 -0.053924560546875 -0.224411010742188
0.0469436645507813 -0.0229568481445313 -0.14105224609375 -0.486328125
0.0433616638183594 0.00907135009765625 -0.32958984375 -0.5924072265625
0.0242118835449219 0.0353240966796875 -0.427001953125 -0.58526611328125
-0.0188179016113281 0.0420150756835938 -0.3585205078125 -0.61785888671875
-0.0169410705566406 -0.0207347869873047 -0.27880859375 -0.420806884765625
-0.00510215759277344 -0.0308837890625 -0.126670837402344 -0.092132568359375
-0.009674072265625 -0.0199756622314453 0.162582397460938 0.0285491943359375
-0.0347404479980469 -0.00995063781738281 0.3095703125 0.365692138671875
-0.00452613830566406 0.0301265716552734 0.475830078125 0.4678955078125
0.00251388549804688 0.0455131530761719 0.46075439453125 0.5234375
0.00282001495361328 0.0156564712524414 0.26593017578125 0.5386962890625
0.0184116363525391 -0.00940513610839844 0.17431640625 0.5130615234375
0.0185184478759766 0.00297355651855469 0.1119384765625 0.315887451171875
0.00679731369018555 0.00107240676879883 0.0349922180175781 0.0679054260253906
0.0120563507080078 -0.00423145294189453 -0.055267333984375 -0.218597412109375
0.0331211090087891 -0.00577545166015625 -0.1522216796875 -0.475799560546875
0.0277309417724609 0.00943756103515625 -0.34796142578125 -0.5799560546875
0.0199699401855469 0.0224361419677734 -0.44525146484375 -0.5733642578125
0.0014190673828125 0.0372428894042969 -0.3743896484375 -0.61090087890625
0.00117182731628418 -0.00340557098388672 -0.283477783203125 -0.41864013671875
-0.0102014541625977 -0.00717926025390625 -0.121315002441406 -0.0991592407226563
-0.0266380310058594 0.00841331481933594 0.166763305664063 0.0306396484375
-0.0211772918701172 0.0207023620605469 0.306732177734375 0.373748779296875
0.0239353179931641 0.0295276641845703 0.46728515625 0.48016357421875
0.00832366943359375 0.0253887176513672 0.440185546875 0.537567138671875
-0.0115737915039063 0.00438308715820312 0.24517822265625 0.5513916015625
-0.00165057182312012 0.00333166122436523 0.160614013671875 0.518218994140625
0.00981521606445312 0.025238037109375 0.1058349609375 0.31378173828125
0.00201988220214844 0.0192604064941406 0.0355377197265625 0.0614395141601562
0.00642681121826172 0.0167951583862305 -0.0590972900390625 -0.221954345703125
0.0192947387695313 0.009735107421875 -0.167327880859375 -0.47119140625
0.00968742370605469 0.0104188919067383 -0.367431640625 -0.56683349609375
0.0121707916259766 0.00834083557128906 -0.4642333984375 -0.5548095703125
0.0208606719970703 0.0266056060791016 -0.39447021484375 -0.59490966796875
0.0217170715332031 0.0119838714599609 -0.288909912109375 -0.413116455078125
-0.014373779296875 0.0170011520385742 -0.120025634765625 -0.0994415283203125
-0.0426864624023438 0.0358619689941406 0.165374755859375 0.0366058349609375
-0.00713729858398438 0.0474357604980469 0.299285888671875 0.38201904296875
0.0512351989746094 0.0283164978027344 0.44744873046875 0.49652099609375
0.0132913589477539 0.00365734100341797 0.420654296875 0.560211181640625
-0.0280399322509766 -0.0087127685546875 0.232421875 0.56512451171875
-0.0214920043945313 0.0121440887451172 0.153289794921875 0.519317626953125
0.00118255615234375 0.0456047058105469 0.103271484375 0.303497314453125
-0.00286674499511718 0.0347194671630859 0.0349540710449219 0.0474205017089844
0.000125885009765626 0.0359344482421875 -0.06488037109375 -0.232589721679688
0.00523757934570312 0.0241260528564453 -0.1824951171875 -0.4730224609375
-0.00846576690673828 0.00933551788330078 -0.38372802734375 -0.55340576171875
0.00422430038452149 -0.00800037384033203 -0.480712890625 -0.531829833984375
0.03790283203125 0.0142097473144531 -0.41058349609375 -0.57623291015625
0.0427703857421875 0.0241889953613281 -0.295654296875 -0.402618408203125
-0.0180778503417969 0.0426445007324219 -0.119674682617188 -0.0936737060546875
-0.0530738830566406 0.0598411560058594 0.159210205078125 0.0471038818359375
0.00799560546875 0.0676345825195312 0.2889404296875 0.388671875
0.0718231201171875 0.0187454223632813 0.42730712890625 0.516357421875
0.0129175186157227 -0.0170650482177734 0.40057373046875 0.593017578125
-0.0447349548339844 -0.0204315185546875 0.2283935546875 0.58270263671875
-0.038970947265625 0.0192756652832031 0.152435302734375 0.51544189453125
-0.00473022460937501 0.0584754943847656 0.10198974609375 0.28533935546875
-0.00708770751953125 0.0445785522460938 0.0324649810791016 0.0265865325927734
-0.00656509399414063 0.0483207702636719 -0.071868896484375 -0.248931884765625
-0.00924491882324218 0.0315113067626953 -0.1951904296875 -0.47857666015625
-0.0265674591064453 0.00353050231933593 -0.39520263671875 -0.545684814453125
-0.00361251831054688 -0.0257015228271484 -0.491912841796875 -0.511962890625
0.0556869506835938 0.00118637084960938 -0.426422119140625 -0.557037353515625
0.0592117309570313 0.0365943908691406 -0.302001953125 -0.38922119140625
-0.0226097106933594 0.0648345947265625 -0.120223999023438 -0.0809402465820313
-0.0550765991210938 0.0750579833984375 0.149368286132813 0.061370849609375
0.0226364135742188 0.0723419189453125 0.273956298828125 0.398101806640625
0.0807952880859375 0.00467681884765625 0.405029296875 0.537811279296875
0.00591087341308594 -0.0337371826171875 0.38763427734375 0.6240234375
-0.0578804016113281 -0.0271720886230469 0.2298583984375 0.596435546875
-0.0492668151855469 0.0231704711914063 0.155120849609375 0.505035400390625
-0.00855255126953125 0.0616493225097656 0.100173950195313 0.26251220703125
-0.00990295410156251 0.0464973449707031 0.0291957855224609 0.00189590454101563
-0.0135726928710937 0.0533103942871094 -0.076446533203125 -0.269744873046875
-0.0212287902832031 0.0317039489746094 -0.2003173828125 -0.48834228515625
-0.0400619506835938 -0.00719451904296876 -0.39599609375 -0.53997802734375
-0.00619125366210937 -0.0437126159667969 -0.494415283203125 -0.49444580078125
0.0722198486328125 -0.00689697265625 -0.4381103515625 -0.537017822265625
0.0708847045898438 0.0500946044921875 -0.304840087890625 -0.37579345703125
-0.0309066772460938 0.080230712890625 -0.125701904296875 -0.0643539428710938
0.00202178955078125 -0.0692176818847656 0.128311157226563 0.056610107421875
-0.0785369873046875 -0.046234130859375 0.2923583984375 0.366180419921875
-0.0433387756347656 0.0415687561035156 0.4688720703125 0.474853515625
0.00694274902343751 0.0647850036621094 0.48895263671875 0.543426513671875
0.0319461822509766 0.00874900817871094 0.324615478515625 0.540313720703125
0.0398292541503906 -0.0546531677246094 0.22222900390625 0.47955322265625
0.0237846374511719 -0.0520591735839844 0.123580932617188 0.271865844726563
0.017425537109375 -0.0472831726074219 0.0269985198974609 0.0313816070556641
0.0291748046875 -0.0584640502929688 -0.0522003173828125 -0.25604248046875
0.0669212341308594 -0.0441207885742188 -0.1162109375 -0.513641357421875
0.0567970275878906 0.0110702514648437 -0.29547119140625 -0.608642578125
0.0132026672363281 0.048095703125 -0.39727783203125 -0.581298828125
-0.0488967895507813 0.029541015625 -0.34991455078125 -0.60650634765625
-0.0274925231933594 -0.0592193603515625 -0.28204345703125 -0.41058349609375
0.010528564453125 -0.0558700561523438 -0.148193359375 -0.0643768310546875
0.00550460815429687 -0.0606956481933594 0.139984130859375 0.041107177734375
-0.0691261291503906 -0.0456886291503906 0.29998779296875 0.3592529296875
-0.0429458618164062 0.0366477966308594 0.47564697265625 0.463623046875
0.00234222412109375 0.0677261352539063 0.484344482421875 0.5277099609375
0.0276603698730469 0.0190029144287109 0.307769775390625 0.53570556640625
0.0409011840820313 -0.0411796569824219 0.211517333984375 0.49285888671875
0.0261154174804688 -0.038238525390625 0.121734619140625 0.2945556640625
0.014984130859375 -0.0351352691650391 0.0301780700683594 0.0517349243164063
0.0246353149414062 -0.0447959899902344 -0.0522003173828125 -0.236923217773438
0.0592498779296875 -0.0371780395507813 -0.12689208984375 -0.49945068359375
0.0535507202148438 0.0100822448730469 -0.3121337890625 -0.603759765625
0.021087646484375 0.0455780029296875 -0.40655517578125 -0.59063720703125
-0.0372352600097656 0.0408210754394531 -0.34674072265625 -0.61834716796875
-0.0278472900390625 -0.0415382385253906 -0.277923583984375 -0.41888427734375
0.00208282470703125 -0.0475502014160156 -0.133903503417969 -0.07928466796875
0.00115203857421875 -0.0435295104980469 0.151626586914063 0.0314178466796875
-0.0514411926269531 -0.0337142944335938 0.307952880859375 0.3612060546875
-0.0273857116699219 0.0314998626708984 0.47882080078125 0.459075927734375
-0.000389099121093751 0.061279296875 0.47491455078125 0.52001953125
0.0171241760253906 0.0216636657714844 0.2879638671875 0.536712646484375
0.0342006683349609 -0.0249252319335937 0.193328857421875 0.504302978515625
0.0243396759033203 -0.0194988250732422 0.11761474609375 0.309051513671875
0.0122566223144531 -0.0176639556884766 0.03253173828125 0.0652427673339844
0.0198249816894531 -0.0246944427490234 -0.0527496337890625 -0.223739624023437
0.0465927124023438 -0.0232772827148438 -0.139495849609375 -0.48651123046875
0.0430183410644531 0.0096435546875 -0.33056640625 -0.59429931640625
0.0242462158203125 0.035552978515625 -0.425048828125 -0.58843994140625
-0.0187187194824219 0.0425643920898438 -0.3564453125 -0.62054443359375
-0.0169143676757813 -0.0219402313232422 -0.277618408203125 -0.422882080078125
-0.00507354736328125 -0.0294628143310547 -0.126495361328125 -0.0920867919921875
-0.00988578796386719 -0.0191764831542969 0.161376953125 0.0294647216796875
-0.0357322692871094 -0.00954437255859374 0.309814453125 0.367919921875
-0.00453948974609375 0.0291252136230469 0.47650146484375 0.469390869140625
0.002197265625 0.0453720092773437 0.458282470703125 0.5250244140625
0.00350761413574219 0.0167579650878906 0.265655517578125 0.5421142578125
0.0201587677001953 -0.00860786437988281 0.1754150390625 0.51507568359375
0.0177993774414062 0.00400543212890625 0.1112060546875 0.316986083984375
0.00775575637817383 0.00159072875976563 0.0341682434082031 0.0689926147460938
0.0129375457763672 -0.00353145599365234 -0.0545654296875 -0.219284057617188
0.0330810546875 -0.00699234008789063 -0.1514892578125 -0.476654052734375
0.0273494720458984 0.0104427337646484 -0.34716796875 -0.58087158203125
0.0207061767578125 0.0222187042236328 -0.4439697265625 -0.57525634765625
0.00138092041015625 0.0377693176269531 -0.3719482421875 -0.611572265625
0.000159263610839844 -0.00298357009887695 -0.282989501953125 -0.420867919921875
-0.0109958648681641 -0.00761032104492188 -0.122428894042969 -0.099884033203125
-0.0270919799804688 0.00939750671386718 0.167709350585938 0.0302276611328125
-0.0217361450195313 0.0198974609375 0.306243896484375 0.373199462890625
0.0236911773681641 0.0291767120361328 0.465576171875 0.482208251953125
0.00773429870605468 0.0257053375244141 0.44097900390625 0.541046142578125
-0.012455940246582 0.00511455535888672 0.246124267578125 0.5533447265625
-0.0011894702911377 0.00244736671447754 0.15899658203125 0.520416259765625
0.0110340118408203 0.0259170532226562 0.10400390625 0.31451416015625
0.00210762023925781 0.0199851989746094 0.0351104736328125 0.0626144409179688
0.00647354125976563 0.0186195373535156 -0.0572967529296875 -0.2218017578125
0.0195178985595703 0.00941085815429687 -0.16754150390625 -0.47332763671875
0.00961208343505859 0.011749267578125 -0.365966796875 -0.56658935546875
0.0143365859985352 0.00865554809570313 -0.462493896484375 -0.55743408203125
0.0202522277832031 0.0255947113037109 -0.3924560546875 -0.59893798828125
0.0212039947509766 0.0124015808105469 -0.2891845703125 -0.414642333984375
-0.0147552490234375 0.0182971954345703 -0.121116638183594 -0.1011962890625
-0.0433273315429687 0.0358123779296875 0.164138793945312 0.0370635986328125
-0.00746536254882812 0.0475921630859375 0.3001708984375 0.382843017578125
0.0517082214355469 0.026947021484375 0.446624755859375 0.498321533203125
0.0135698318481445 0.00398349761962891 0.4195556640625 0.56439208984375
-0.0284442901611328 -0.00921058654785156 0.2308349609375 0.56744384765625
-0.0210514068603516 0.0124492645263672 0.15283203125 0.521759033203125
0.00218963623046875 0.0465240478515625 0.102874755859375 0.304351806640625
-0.00288772583007813 0.035400390625 0.034820556640625 0.0473747253417969
6.4849853515629E-05 0.0367584228515625 -0.0635833740234375 -0.231460571289062
0.00595855712890625 0.0231895446777344 -0.180999755859375 -0.472198486328125
-0.00851917266845703 0.0101947784423828 -0.383270263671875 -0.55535888671875
0.00418519973754883 -0.00749778747558594 -0.48016357421875 -0.53515625
0.0383644104003906 0.0134658813476563 -0.41168212890625 -0.5802001953125
0.0423316955566406 0.0247383117675781 -0.29559326171875 -0.40484619140625
-0.0177574157714844 0.0430374145507813 -0.120155334472656 -0.0947036743164063
-0.0534095764160156 0.0599822998046875 0.158859252929687 0.0473480224609375
0.00749969482421875 0.0681190490722656 0.2874755859375 0.39013671875
0.0727462768554688 0.0181503295898438 0.4248046875 0.5174560546875
0.0135135650634766 -0.0185680389404297 0.39788818359375 0.595703125
-0.0443649291992188 -0.0196151733398437 0.22509765625 0.5836181640625
-0.0384941101074219 0.0193862915039062 0.15142822265625 0.51678466796875
-0.00455856323242188 0.0582847595214844 0.1002197265625 0.287017822265625
-0.00664901733398438 0.0445365905761719 0.0319328308105469 0.0268344879150391
-0.006561279296875 0.0480232238769531 -0.07061767578125 -0.248916625976563
-0.00807952880859375 0.0310821533203125 -0.193634033203125 -0.479217529296875
-0.026641845703125 0.00437164306640626 -0.395263671875 -0.54510498046875
-0.00276947021484375 -0.0257606506347656 -0.4921875 -0.514984130859375
0.0566673278808594 0.000942230224609375 -0.426544189453125 -0.559600830078125
0.0595817565917969 0.0366973876953125 -0.30181884765625 -0.390777587890625
-0.0223960876464844 0.0650177001953125 -0.120834350585938 -0.082244873046875
-0.055816650390625 0.0764083862304688 0.148651123046875 0.06060791015625
0.0205230712890625 0.072235107421875 0.274810791015625 0.39801025390625
0.0818710327148437 0.00489044189453125 0.402069091796875 0.537811279296875
0.00623321533203125 -0.034454345703125 0.38836669921875 0.625244140625
-0.058135986328125 -0.0271186828613281 0.22705078125 0.5994873046875
-0.0489578247070313 0.0224952697753906 0.1541748046875 0.507598876953125
-0.00814437866210937 0.0630302429199219 0.099761962890625 0.262359619140625
-0.008056640625 0.0482673645019531 0.0291481018066406 0.00285720825195313
-0.0120277404785156 0.053375244140625 -0.0769500732421875 -0.269775390625
-0.0223064422607422 0.0308780670166016 -0.1981201171875 -0.488922119140625
-0.0400238037109375 -0.00722885131835937 -0.396392822265625 -0.539947509765625
-0.0054931640625 -0.0435562133789063 -0.49310302734375 -0.496307373046875
0.0729751586914063 -0.0064849853515625 -0.43646240234375 -0.54058837890625
0.0702095031738281 0.050262451171875 -0.306396484375 -0.377044677734375
-0.0316085815429687 0.0811767578125 -0.125358581542969 -0.0649490356445313
0.00251388549804687 -0.0679130554199219 0.128211975097656 0.05633544921875
-0.0794143676757812 -0.0464630126953125 0.291107177734375 0.369110107421875
-0.0437240600585937 0.0393714904785156 0.4703369140625 0.476715087890625
0.00780487060546875 0.0658493041992188 0.487518310546875 0.545867919921875
0.0324878692626953 0.0100688934326172 0.32513427734375 0.54180908203125
0.0404014587402344 -0.0556221008300781 0.222137451171875 0.4814453125
0.0240402221679688 -0.0522613525390625 0.124237060546875 0.273345947265625
0.0179557800292969 -0.0463638305664062 0.0270519256591797 0.0307884216308594
0.031707763671875 -0.0591659545898437 -0.0510406494140625 -0.25634765625
0.0679664611816406 -0.0445404052734375 -0.114532470703125 -0.51446533203125
0.0573387145996094 0.0114402770996094 -0.2958984375 -0.60882568359375
0.0132026672363281 0.0486640930175781 -0.39910888671875 -0.58306884765625
-0.0500831604003906 0.0294914245605469 -0.3487548828125 -0.60955810546875
-0.0278816223144531 -0.0589485168457031 -0.284393310546875 -0.411407470703125
0.0109519958496094 -0.0552215576171875 -0.148406982421875 -0.063934326171875
0.00631332397460937 -0.0613441467285156 0.140342712402344 0.0409088134765625
-0.0691986083984375 -0.0451316833496094 0.299407958984375 0.361114501953125
-0.0420188903808594 0.0370597839355469 0.47564697265625 0.46612548828125
0.00172805786132812 0.067718505859375 0.484954833984375 0.530487060546875
0.0275783538818359 0.0204105377197266 0.30859375 0.541259765625
0.0403976440429687 -0.0416793823242188 0.21246337890625 0.4959716796875
0.0255126953125 -0.0380668640136719 0.122772216796875 0.29473876953125
0.0172500610351563 -0.0343704223632813 0.0295372009277344 0.0514297485351563
0.0259323120117187 -0.0456504821777344 -0.052581787109375 -0.236160278320312
0.0606346130371094 -0.0368576049804688 -0.125732421875 -0.500335693359375
0.0547828674316406 0.00998687744140625 -0.311767578125 -0.60491943359375
0.0212860107421875 0.0463027954101563 -0.4073486328125 -0.5933837890625
-0.0359687805175781 0.0383415222167969 -0.3468017578125 -0.62017822265625
-0.0269775390625 -0.0426445007324219 -0.278167724609375 -0.42010498046875
0.00195312500000001 -0.0470771789550781 -0.135574340820312 -0.0807647705078125
0.00262832641601563 -0.042938232421875 0.151702880859375 0.0311279296875
-0.0512313842773438 -0.0337562561035156 0.307769775390625 0.362823486328125
-0.0287036895751953 0.029632568359375 0.479583740234375 0.46185302734375
0.000957489013671876 0.0600128173828125 0.4744873046875 0.52215576171875
0.0170078277587891 0.0226726531982422 0.28704833984375 0.539703369140625
0.03466796875 -0.0253124237060547 0.19415283203125 0.506134033203125
0.0248260498046875 -0.0198726654052734 0.1170654296875 0.310516357421875
0.0120029449462891 -0.0164432525634766 0.0331459045410156 0.064208984375
0.0200691223144531 -0.02691650390625 -0.053466796875 -0.223876953125
0.0483741760253906 -0.0226478576660156 -0.13909912109375 -0.4866943359375
0.0434112548828125 0.00879669189453125 -0.3299560546875 -0.59564208984375
0.0251846313476563 0.0357666015625 -0.4248046875 -0.58978271484375
-0.0175704956054688 0.0422019958496094 -0.35675048828125 -0.623046875
-0.0181045532226563 -0.0227737426757812 -0.278656005859375 -0.42352294921875
-0.00479888916015625 -0.0296401977539062 -0.125587463378906 -0.0928421020507813
-0.0091400146484375 -0.0180511474609375 0.162185668945313 0.0266265869140625
-0.0371513366699219 -0.0100440979003906 0.31011962890625 0.368072509765625
-0.00303840637207031 0.0291404724121094 0.475860595703125 0.470245361328125
0.00209426879882812 0.0464210510253906 0.458892822265625 0.52685546875
0.00412082672119141 0.0171699523925781 0.2672119140625 0.544189453125
0.0218067169189453 -0.0097198486328125 0.1746826171875 0.5181884765625
0.0198974609375 0.0029754638671875 0.11083984375 0.317108154296875
0.00686120986938477 0.00134372711181641 0.0347328186035156 0.0687179565429688
0.0134649276733398 -0.00336742401123047 -0.055206298828125 -0.218597412109375
0.0335502624511719 -0.00738906860351563 -0.152496337890625 -0.4775390625
0.0267238616943359 0.0118865966796875 -0.34710693359375 -0.5831298828125
0.0209064483642578 0.0227260589599609 -0.44287109375 -0.57855224609375
0.00106048583984375 0.0371932983398438 -0.37164306640625 -0.61639404296875
0.00124382972717285 -0.00257110595703125 -0.282806396484375 -0.4244384765625
-0.0112142562866211 -0.00696468353271484 -0.122978210449219 -0.0999679565429688
-0.0267105102539063 0.00951957702636718 0.166488647460938 0.029388427734375
-0.0221233367919922 0.0188064575195313 0.303741455078125 0.374603271484375
0.0247344970703125 0.0282382965087891 0.467376708984375 0.483673095703125
0.00874137878417968 0.0259113311767578 0.44146728515625 0.54315185546875
-0.0110111236572266 0.00560283660888672 0.2435302734375 0.55743408203125
0.000259160995483398 0.00277543067932129 0.1593017578125 0.52252197265625
0.0115928649902344 0.0262012481689453 0.104949951171875 0.31793212890625
0.00170135498046875 0.020965576171875 0.0358505249023438 0.0616607666015625
0.00655364990234375 0.0186080932617188 -0.0583953857421875 -0.2225341796875
0.0203151702880859 0.00890350341796875 -0.166839599609375 -0.473907470703125
0.0101118087768555 0.010899543762207 -0.36669921875 -0.57000732421875
0.0130939483642578 0.00807476043701172 -0.461181640625 -0.558929443359375
0.0201854705810547 0.0275516510009766 -0.3922119140625 -0.60052490234375
0.0217685699462891 0.0111427307128906 -0.291534423828125 -0.417022705078125
-0.0146770477294922 0.018890380859375 -0.120704650878906 -0.101654052734375
-0.0442924499511719 0.0386123657226562 0.164718627929688 0.0369415283203125
-0.00877761840820312 0.0480232238769531 0.298828125 0.3846435546875
0.0513839721679688 0.0277519226074219 0.447723388671875 0.499908447265625
0.0153141021728516 0.00242424011230469 0.4195556640625 0.56866455078125
-0.0296745300292969 -0.00828933715820312 0.22967529296875 0.5704345703125
-0.0197715759277344 0.0126380920410156 0.15277099609375 0.523834228515625
0.00310897827148438 0.0465202331542969 0.101531982421875 0.304595947265625
-0.00146293640136719 0.0348968505859375 0.0361824035644531 0.0484390258789063
0.000312805175781251 0.0357551574707031 -0.063262939453125 -0.233352661132812
0.00591468811035156 0.0235633850097656 -0.183319091796875 -0.47381591796875
-0.00944232940673828 0.0106935501098633 -0.383697509765625 -0.5556640625
0.00454378128051758 -0.00848197937011719 -0.480438232421875 -0.538848876953125
0.0406990051269531 0.0120887756347656 -0.41162109375 -0.58282470703125
0.0424995422363281 0.0247650146484375 -0.2950439453125 -0.405426025390625
-0.01947021484375 0.0434799194335938 -0.119575500488281 -0.0949020385742188
-0.0551185607910156 0.062103271484375 0.158157348632813 0.0458526611328125
0.00584793090820312 0.06854248046875 0.286865234375 0.392913818359375
0.0725784301757813 0.0178070068359375 0.425506591796875 0.5201416015625
0.0140571594238281 -0.0184402465820313 0.3992919921875 0.5987548828125
-0.0451850891113281 -0.0196800231933594 0.226806640625 0.58837890625
-0.0377693176269531 0.0200767517089844 0.151336669921875 0.520660400390625
-0.00335311889648437 0.0591087341308594 0.099884033203125 0.285980224609375
-0.00577545166015625 0.0454978942871094 0.0329875946044922 0.0274200439453125
-0.00547027587890625 0.0482826232910156 -0.0720977783203125 -0.250213623046875
-0.0089874267578125 0.0316734313964844 -0.193511962890625 -0.480010986328125
-0.0267486572265625 0.00316810607910156 -0.3961181640625 -0.5469970703125
-0.00205039978027344 -0.0259590148925781 -0.490386962890625 -0.51690673828125
0.0576896667480469 -0.00100326538085938 -0.42724609375 -0.56304931640625
0.0598793029785156 0.0384788513183594 -0.30230712890625 -0.39276123046875
-0.0233078002929687 0.0669441223144531 -0.121597290039063 -0.0820999145507812
-0.0559844970703125 0.0779037475585938 0.149215698242188 0.0606231689453125
0.0227508544921875 0.0725326538085938 0.274169921875 0.39849853515625
0.0822677612304688 0.00313568115234375 0.4031982421875 0.541778564453125
0.00609397888183593 -0.0349769592285156 0.38525390625 0.62872314453125
-0.0586318969726562 -0.0266761779785156 0.22808837890625 0.60125732421875
-0.0494537353515625 0.0229949951171875 0.154083251953125 0.51092529296875
-0.00704193115234375 0.0630378723144531 0.09942626953125 0.26239013671875
-0.00818252563476562 0.0484390258789063 0.0287628173828125 0.00184440612792969
-0.0127830505371094 0.0539932250976563 -0.07464599609375 -0.27081298828125
-0.0214023590087891 0.0321292877197266 -0.19830322265625 -0.491607666015625
-0.0397071838378906 -0.00808334350585937 -0.39654541015625 -0.542205810546875
-0.00569915771484375 -0.0438232421875 -0.493377685546875 -0.500457763671875
0.07281494140625 -0.00565338134765625 -0.437225341796875 -0.54315185546875
0.0705032348632813 0.0497512817382813 -0.30731201171875 -0.380767822265625
-0.03192138671875 0.0818557739257813 -0.126457214355469 -0.065887451171875
0.00224685668945312 -0.0690040588378906 0.128402709960938 0.05694580078125
-0.081085205078125 -0.0475845336914063 0.292816162109375 0.3680419921875
-0.0447845458984375 0.0404434204101563 0.46875 0.480316162109375
0.00839614868164063 0.0659370422363281 0.49212646484375 0.549560546875
0.032501220703125 0.0111236572265625 0.326904296875 0.54583740234375
0.0421714782714844 -0.0559158325195312 0.223663330078125 0.483428955078125
0.0259933471679688 -0.053955078125 0.1236572265625 0.273696899414063
0.0191078186035156 -0.0458259582519531 0.0268268585205078 0.0304660797119141
0.0309295654296875 -0.0596542358398438 -0.050872802734375 -0.257965087890625
0.0677986145019531 -0.0448570251464844 -0.1156005859375 -0.516326904296875
0.0577774047851563 0.0125885009765625 -0.298583984375 -0.6116943359375
0.0138092041015625 0.0484046936035156 -0.39813232421875 -0.58587646484375
-0.0501022338867188 0.0290756225585937 -0.34930419921875 -0.61285400390625
-0.0284385681152344 -0.0603370666503906 -0.283203125 -0.4144287109375
0.0105514526367188 -0.0553627014160156 -0.149322509765625 -0.0655059814453125
0.00580596923828125 -0.0615501403808594 0.14044189453125 0.0407257080078125
-0.0702629089355469 -0.0464057922363281 0.30133056640625 0.3634033203125
-0.0433807373046875 0.0355377197265625 0.474609375 0.46722412109375
0.00156021118164063 0.0682563781738281 0.485076904296875 0.53326416015625
0.0282325744628906 0.0208892822265625 0.308349609375 0.54461669921875
0.0428466796875 -0.0430412292480469 0.212646484375 0.4964599609375
0.0282859802246094 -0.0395355224609375 0.12109375 0.29608154296875
0.0165004730224609 -0.0346527099609375 0.0313911437988281 0.0528373718261719
0.0268058776855469 -0.0463142395019531 -0.0502471923828125 -0.238052368164062
0.0603713989257812 -0.0373611450195312 -0.127532958984375 -0.502838134765625
0.0541496276855469 0.00995254516601563 -0.3125 -0.60791015625
0.0234642028808594 0.0467643737792969 -0.4073486328125 -0.59674072265625
-0.0365791320800781 0.0399398803710938 -0.34716796875 -0.62615966796875
-0.0284004211425781 -0.0421714782714844 -0.279205322265625 -0.423919677734375
0.00319290161132813 -0.0476303100585938 -0.135940551757813 -0.081085205078125
0.00151443481445312 -0.0426445007324219 0.151901245117188 0.0312957763671875
-0.0536956787109375 -0.0352401733398437 0.308380126953125 0.36419677734375
-0.0288028717041016 0.0299358367919922 0.48126220703125 0.465057373046875
-3.05175781249982E-05 0.0622596740722656 0.47454833984375 0.525421142578125
0.0189933776855469 0.0233554840087891 0.2889404296875 0.54351806640625
0.0357246398925781 -0.0245437622070313 0.19512939453125 0.509124755859375
0.0259628295898438 -0.0191268920898438 0.116790771484375 0.31195068359375
0.0124588012695313 -0.0178203582763672 0.0334510803222656 0.065185546875
0.0210914611816406 -0.0249252319335938 -0.0540008544921875 -0.22467041015625
0.0486221313476563 -0.0240898132324219 -0.140869140625 -0.48919677734375
0.0437660217285156 0.0100631713867187 -0.33197021484375 -0.59808349609375
0.0254249572753906 0.0354766845703125 -0.4248046875 -0.59454345703125
-0.0179786682128906 0.042510986328125 -0.35687255859375 -0.62799072265625
-0.0175533294677734 -0.0224933624267578 -0.279815673828125 -0.426727294921875
-0.00504112243652343 -0.0290088653564453 -0.12872314453125 -0.0932540893554687
-0.00989913940429688 -0.0187168121337891 0.162918090820313 0.0289459228515625
-0.0369911193847656 -0.0107765197753906 0.309783935546875 0.369384765625
-0.00385093688964844 0.0277442932128906 0.47760009765625 0.472412109375
0.00312423706054687 0.046051025390625 0.4615478515625 0.531158447265625
0.00365829467773438 0.0187206268310547 0.264984130859375 0.548309326171875
0.0205478668212891 -0.00977897644042969 0.174713134765625 0.52166748046875
0.0203742980957031 0.00276565551757813 0.110076904296875 0.32037353515625
0.00803565979003906 0.0012354850769043 0.0351753234863281 0.068695068359375
0.013946533203125 -0.00465965270996094 -0.05352783203125 -0.219650268554688
0.033935546875 -0.00800132751464844 -0.1533203125 -0.478302001953125
0.0282306671142578 0.00996208190917969 -0.34930419921875 -0.58447265625
0.0213947296142578 0.0232467651367187 -0.44171142578125 -0.58349609375
0.0023956298828125 0.0366630554199219 -0.373291015625 -0.61956787109375
-0.000981569290161133 -0.00429081916809082 -0.285888671875 -0.42718505859375
-0.0118675231933594 -0.00700283050537109 -0.123153686523438 -0.0995864868164063
-0.0271987915039063 0.0105705261230469 0.167892456054688 0.0301513671875
-0.0234870910644531 0.0190048217773438 0.306640625 0.377777099609375
0.0249233245849609 0.0289058685302734 0.466705322265625 0.485565185546875
0.00889205932617188 0.0263996124267578 0.441314697265625 0.546295166015625
-0.0120067596435547 0.00608730316162109 0.243865966796875 0.5596923828125
-3.62396240234375E-05 0.00244045257568359 0.16046142578125 0.5262451171875
0.0125579833984375 0.02764892578125 0.104705810546875 0.317230224609375
0.00325202941894531 0.0209255218505859 0.0355453491210938 0.0627403259277344
0.0061187744140625 0.0178909301757813 -0.0575408935546875 -0.221649169921875
0.0202312469482422 0.00797653198242188 -0.166412353515625 -0.473358154296875
0.00962257385253906 0.0110883712768555 -0.3690185546875 -0.569091796875
0.0140857696533203 0.00823879241943359 -0.46484375 -0.56329345703125
0.0214900970458984 0.0275764465332031 -0.39501953125 -0.60687255859375
0.0205078125 0.0120792388916016 -0.291107177734375 -0.4197998046875
-0.0154819488525391 0.0188236236572266 -0.120735168457031 -0.102706909179688
-0.0434913635253906 0.0387954711914063 0.16534423828125 0.0366363525390625
-0.00957489013671875 0.0486869812011719 0.3001708984375 0.385955810546875
0.0517196655273438 0.0249748229980469 0.4490966796875 0.503204345703125
0.0142412185668945 0.00511360168457031 0.42254638671875 0.57159423828125
-0.0285758972167969 -0.00773239135742187 0.230712890625 0.575439453125
-0.0207366943359375 0.0121498107910156 0.152099609375 0.52789306640625
0.00394821166992187 0.0458641052246094 0.100616455078125 0.30712890625
-0.00230026245117187 0.0367507934570313 0.0355682373046875 0.0491371154785156
0.00143814086914062 0.0369071960449219 -0.0630950927734375 -0.232040405273438
0.00594711303710938 0.0229434967041016 -0.18182373046875 -0.47479248046875
-0.00841045379638672 0.0105276107788086 -0.385101318359375 -0.558074951171875
0.00421571731567383 -0.00774145126342773 -0.478607177734375 -0.541473388671875
0.0395088195800781 0.0123176574707031 -0.41119384765625 -0.5875244140625
0.0415191650390625 0.0246734619140625 -0.2972412109375 -0.408843994140625
-0.0188789367675781 0.0448646545410156 -0.120429992675781 -0.0953903198242187
-0.0556755065917969 0.0621414184570313 0.158966064453125 0.0462188720703125
0.00561141967773437 0.0686607360839844 0.287109375 0.393524169921875
0.0726699829101563 0.0171127319335938 0.426300048828125 0.521881103515625
0.0136547088623047 -0.0181789398193359 0.40008544921875 0.60260009765625
-0.0465927124023437 -0.0190811157226562 0.22601318359375 0.59112548828125
-0.0379104614257813 0.0202560424804687 0.150787353515625 0.523040771484375
-0.00276947021484375 0.0604400634765625 0.10052490234375 0.28863525390625
-0.00630569458007813 0.0469703674316406 0.0322818756103516 0.0261325836181641
-0.00541305541992187 0.0489463806152344 -0.0694580078125 -0.250686645507813
-0.00803947448730469 0.0315780639648438 -0.1953125 -0.48297119140625
-0.0262966156005859 0.00353813171386718 -0.396759033203125 -0.549102783203125
-0.00305938720703125 -0.0259971618652344 -0.491058349609375 -0.521697998046875
0.0568199157714844 0.00152206420898438 -0.42791748046875 -0.56683349609375
0.0600204467773438 0.035980224609375 -0.304046630859375 -0.394195556640625
-0.02423095703125 0.0669631958007813 -0.121551513671875 -0.082611083984375
-0.0570297241210938 0.07794189453125 0.14849853515625 0.0599822998046875
0.0206985473632812 0.0730056762695313 0.273834228515625 0.39947509765625
0.0827865600585937 0.00261688232421875 0.404998779296875 0.54534912109375
0.00774765014648437 -0.0353240966796875 0.38739013671875 0.63372802734375
-0.0592880249023437 -0.0256004333496094 0.2279052734375 0.6043701171875
-0.0483283996582031 0.0243873596191406 0.15460205078125 0.513153076171875
-0.00680923461914062 0.0636482238769531 0.0999755859375 0.264602661132813
-0.00893783569335938 0.0499191284179688 0.0302314758300781 0.00168418884277344
-0.0118026733398437 0.0541152954101563 -0.0755615234375 -0.2703857421875
-0.0205707550048828 0.0325584411621094 -0.20135498046875 -0.49298095703125
-0.0412979125976563 -0.0062255859375 -0.39666748046875 -0.543914794921875
-0.00546646118164062 -0.0439300537109375 -0.49383544921875 -0.500762939453125
0.0739822387695313 -0.00881195068359375 -0.438751220703125 -0.546875
0.0709457397460938 0.0489883422851563 -0.307525634765625 -0.38067626953125
-0.0317306518554688 0.0837326049804688 -0.127449035644531 -0.0654449462890625
0.00159835815429688 -0.0688552856445313 0.128974914550781 0.0570068359375
-0.0832901000976563 -0.048431396484375 0.29345703125 0.37017822265625
-0.0450515747070313 0.0408401489257813 0.473297119140625 0.48199462890625
0.00887298583984375 0.0665626525878906 0.494232177734375 0.55108642578125
0.0326766967773438 0.0114231109619141 0.329345703125 0.548858642578125
0.0418510437011719 -0.0568313598632812 0.226348876953125 0.4873046875
0.0264358520507812 -0.0547370910644531 0.124786376953125 0.275039672851562
0.0195350646972656 -0.0474967956542969 0.0267810821533203 0.0318984985351563
0.0320014953613281 -0.0597457885742187 -0.050872802734375 -0.257827758789063
0.0688133239746094 -0.0462684631347656 -0.117431640625 -0.5194091796875
0.0580368041992188 0.0122299194335938 -0.29876708984375 -0.6141357421875
0.0148773193359375 0.0499687194824219 -0.39898681640625 -0.59075927734375
-0.0503120422363281 0.0292892456054688 -0.35198974609375 -0.61773681640625
-0.0296669006347656 -0.0613975524902344 -0.28558349609375 -0.41644287109375
0.0108489990234375 -0.0563888549804687 -0.150787353515625 -0.0653839111328125
0.00595092773437501 -0.0615234375 0.139656066894531 0.0410308837890625
-0.0704803466796875 -0.0476837158203125 0.302520751953125 0.36456298828125
-0.0433807373046875 0.0351943969726562 0.47882080078125 0.469696044921875
0.00302505493164063 0.0686187744140625 0.488616943359375 0.53668212890625
0.0282211303710938 0.0216217041015625 0.311492919921875 0.548553466796875
0.0429267883300781 -0.0427284240722656 0.214447021484375 0.5015869140625
0.0280990600585938 -0.0403556823730469 0.12139892578125 0.297637939453125
0.0163688659667969 -0.03533935546875 0.0308074951171875 0.0525360107421875
0.0277824401855469 -0.0464134216308594 -0.0519561767578125 -0.237838745117188
0.061248779296875 -0.0385055541992188 -0.1282958984375 -0.5035400390625
0.0556602478027344 0.0107955932617187 -0.3143310546875 -0.6109619140625
0.0231246948242188 0.04644775390625 -0.40960693359375 -0.60076904296875
-0.0374679565429687 0.0393028259277344 -0.34906005859375 -0.6300048828125
-0.0289535522460937 -0.0437431335449219 -0.2825927734375 -0.42572021484375
0.00240325927734375 -0.0466346740722656 -0.13787841796875 -0.0818023681640625
0.00217437744140625 -0.0434417724609375 0.152999877929688 0.03057861328125
-0.0547294616699219 -0.0359878540039063 0.30865478515625 0.365570068359375
-0.0291633605957031 0.0288715362548828 0.483184814453125 0.466552734375
0.000492095947265624 0.0622634887695312 0.478607177734375 0.52862548828125
0.0182838439941406 0.0248012542724609 0.290069580078125 0.548583984375
0.0364608764648438 -0.0272789001464844 0.196929931640625 0.5145263671875
0.0271949768066406 -0.0197219848632813 0.117279052734375 0.313140869140625
0.0129594802856445 -0.0170698165893555 0.0343475341796875 0.0656585693359375
0.0209846496582031 -0.0259952545166016 -0.0531768798828125 -0.225173950195313
0.0488700866699219 -0.02520751953125 -0.141326904296875 -0.490936279296875
0.0437202453613281 0.00992584228515625 -0.33197021484375 -0.60107421875
0.0263099670410156 0.0361518859863281 -0.4263916015625 -0.59735107421875
-0.0183181762695313 0.0422592163085938 -0.35833740234375 -0.6339111328125
-0.0191860198974609 -0.0222301483154297 -0.282318115234375 -0.430511474609375
-0.005157470703125 -0.0299663543701172 -0.128929138183594 -0.0939483642578125
-0.0115242004394531 -0.0174875259399414 0.163116455078125 0.0271759033203125
-0.0386695861816406 -0.0110435485839844 0.312286376953125 0.371856689453125
-0.00333976745605469 0.0272922515869141 0.480316162109375 0.476043701171875
0.00365829467773438 0.045166015625 0.462860107421875 0.533416748046875
0.00340461730957031 0.0194301605224609 0.26715087890625 0.55303955078125
0.0207767486572266 -0.0104942321777344 0.176971435546875 0.525299072265625
0.020782470703125 0.00260353088378906 0.110565185546875 0.320831298828125
0.00720977783203125 0.00202131271362305 0.0360946655273438 0.0698013305664062
0.0139093399047852 -0.00428295135498047 -0.053497314453125 -0.220321655273438
0.0347900390625 -0.00845527648925781 -0.153106689453125 -0.479888916015625
0.0285224914550781 0.00979423522949219 -0.35052490234375 -0.587646484375
0.022247314453125 0.0228939056396484 -0.4432373046875 -0.5853271484375
0.00210952758789063 0.0382270812988281 -0.37646484375 -0.6241455078125
-0.000554561614990235 -0.00383448600769043 -0.28643798828125 -0.428558349609375
-0.0120925903320313 -0.00562667846679688 -0.124099731445313 -0.10186767578125
-0.02813720703125 0.0101108551025391 0.16748046875 0.028045654296875
-0.0233802795410156 0.0197963714599609 0.307281494140625 0.38092041015625
0.0252742767333984 0.0275440216064453 0.468994140625 0.48956298828125
0.00880813598632812 0.0259857177734375 0.444488525390625 0.5491943359375
-0.0126581192016602 0.00731849670410156 0.24542236328125 0.5631103515625
0.00213718414306641 0.00184905529022217 0.162689208984375 0.52923583984375
0.0130996704101563 0.0273017883300781 0.10418701171875 0.31927490234375
0.00382614135742187 0.0209674835205078 0.0362815856933594 0.0634613037109375
0.00722885131835938 0.0183773040771484 -0.0572357177734375 -0.222808837890625
0.0210247039794922 0.00951766967773438 -0.16864013671875 -0.4752197265625
0.00985145568847656 0.0115509033203125 -0.37237548828125 -0.57330322265625
0.0156278610229492 0.00796604156494141 -0.46514892578125 -0.56597900390625
0.0212249755859375 0.0249671936035156 -0.39593505859375 -0.6104736328125
0.0204410552978516 0.0108051300048828 -0.293182373046875 -0.421539306640625
-0.0150222778320312 0.0198211669921875 -0.122322082519531 -0.101417541503906
-0.0437164306640625 0.0390357971191406 0.166107177734375 0.03485107421875
-0.00934219360351563 0.0480079650878906 0.29962158203125 0.390228271484375
0.0519142150878906 0.0253791809082031 0.450775146484375 0.506195068359375
0.0139703750610352 0.00388240814208984 0.4234619140625 0.57208251953125
-0.0300998687744141 -0.00606727600097657 0.23297119140625 0.5791015625
-0.0205631256103516 0.0125961303710937 0.15496826171875 0.531951904296875
0.00446319580078125 0.0458946228027344 0.102508544921875 0.309478759765625
-0.0021209716796875 0.0373764038085938 0.0355415344238281 0.0500717163085937
0.000476837158203123 0.0360603332519531 -0.0624237060546875 -0.232803344726563
0.00589752197265625 0.0236091613769531 -0.182891845703125 -0.476593017578125
-0.00844573974609375 0.0104923248291016 -0.38726806640625 -0.56097412109375
0.0047149658203125 -0.00788164138793945 -0.480926513671875 -0.54632568359375
0.0406036376953125 0.0118598937988281 -0.41436767578125 -0.59210205078125
0.0423545837402344 0.0242424011230469 -0.29937744140625 -0.4124755859375
-0.018890380859375 0.0453376770019531 -0.121429443359375 -0.0953521728515625
-0.0551528930664062 0.0637397766113281 0.1595458984375 0.046661376953125
0.0062713623046875 0.0684242248535156 0.290252685546875 0.394683837890625
0.0733566284179688 0.015411376953125 0.42926025390625 0.52557373046875
0.0139999389648438 -0.0193939208984375 0.40362548828125 0.6053466796875
-0.0469627380371094 -0.0199928283691406 0.22802734375 0.5968017578125
-0.0378684997558594 0.0194244384765625 0.1553955078125 0.526092529296875
-0.00262069702148437 0.05963134765625 0.09918212890625 0.290283203125
-0.0060272216796875 0.0472869873046875 0.0327186584472656 0.0263996124267578
-0.00618743896484375 0.04888916015625 -0.07025146484375 -0.250762939453125
-0.0078887939453125 0.0315971374511719 -0.19512939453125 -0.483642578125
-0.0270500183105469 0.00410842895507812 -0.400299072265625 -0.55224609375
-0.00232696533203125 -0.0276451110839844 -0.493743896484375 -0.522735595703125
0.0586662292480469 -0.00014495849609375 -0.4305419921875 -0.57135009765625
0.0618934631347656 0.0371627807617188 -0.305908203125 -0.398834228515625
-0.0242156982421875 0.0679931640625 -0.123573303222656 -0.0832138061523438
-0.0579376220703125 0.0799102783203125 0.149566650390625 0.060394287109375
0.0210494995117188 0.072509765625 0.27386474609375 0.402587890625
0.0832672119140625 0.00074005126953125 0.406768798828125 0.547515869140625
0.006072998046875 -0.0352249145507813 0.38934326171875 0.63616943359375
-0.0600204467773437 -0.0242767333984375 0.2286376953125 0.609375
-0.0487709045410156 0.0233955383300781 0.15594482421875 0.51580810546875
-0.00518035888671874 0.0651969909667969 0.0990753173828125 0.265350341796875
-0.00796127319335938 0.0496749877929688 0.0296535491943359 0.00225067138671875
-0.0119247436523438 0.0541725158691406 -0.075592041015625 -0.27197265625
-0.0207061767578125 0.0319309234619141 -0.2012939453125 -0.4942626953125
-0.0420799255371094 -0.00653457641601562 -0.39990234375 -0.545745849609375
-0.00616073608398438 -0.0448837280273437 -0.492828369140625 -0.505615234375
0.0756301879882812 -0.0081024169921875 -0.4412841796875 -0.55035400390625
0.0720672607421875 0.0491104125976563 -0.3096923828125 -0.38446044921875
-0.0332107543945312 0.08465576171875 -0.128578186035156 -0.0668411254882813
0.00122451782226563 -0.0692901611328125 0.1287841796875 0.0568389892578125
-0.0825576782226562 -0.0491790771484375 0.296112060546875 0.371856689453125
-0.0451240539550781 0.0405464172363281 0.475311279296875 0.484161376953125
0.00938034057617188 0.0676956176757813 0.498992919921875 0.554473876953125
0.0331439971923828 0.0119533538818359 0.331817626953125 0.55548095703125
0.0431175231933594 -0.0572547912597656 0.22796630859375 0.48956298828125
0.0277290344238281 -0.0568695068359375 0.124465942382813 0.276443481445313
0.0191268920898438 -0.0464057922363281 0.0289649963378906 0.03253173828125
0.0310554504394531 -0.0596084594726562 -0.052032470703125 -0.259674072265625
0.0696830749511719 -0.0459175109863281 -0.11749267578125 -0.52203369140625
0.0585746765136719 0.011383056640625 -0.30047607421875 -0.61810302734375
0.0157356262207031 0.0503578186035156 -0.4007568359375 -0.59283447265625
-0.0503730773925781 0.0290718078613281 -0.354248046875 -0.623779296875
-0.0302848815917969 -0.0624504089355469 -0.289337158203125 -0.4190673828125
0.010406494140625 -0.0561065673828125 -0.151565551757812 -0.0644989013671875
0.00505447387695312 -0.0610427856445312 0.14154052734375 0.0414276123046875
-0.0727310180664063 -0.0496292114257813 0.3043212890625 0.365753173828125
-0.0433845520019531 0.0361976623535156 0.48291015625 0.472930908203125
0.00387573242187501 0.0704345703125 0.49334716796875 0.5396728515625
0.0292243957519531 0.0241546630859375 0.313934326171875 0.552154541015625
0.0442047119140625 -0.0432052612304688 0.2169189453125 0.505096435546875
0.0295143127441406 -0.0417251586914063 0.12261962890625 0.299530029296875
0.0173740386962891 -0.0341091156005859 0.03143310546875 0.0524864196777344
0.0280189514160156 -0.04730224609375 -0.0507965087890625 -0.238082885742187
0.063201904296875 -0.0398826599121094 -0.128997802734375 -0.507965087890625
0.055755615234375 0.00925445556640625 -0.315673828125 -0.61279296875
0.0244102478027344 0.0470771789550781 -0.4119873046875 -0.60247802734375
-0.0371322631835938 0.0412101745605469 -0.352294921875 -0.635498046875
-0.0294303894042969 -0.0439949035644531 -0.282989501953125 -0.429443359375
0.00360107421875 -0.0471687316894531 -0.140121459960938 -0.0826950073242188
0.00148773193359375 -0.0446548461914063 0.154373168945313 0.0298614501953125
-0.0546150207519531 -0.0361251831054688 0.311065673828125 0.36822509765625
-0.0285511016845703 0.0287609100341797 0.487548828125 0.470245361328125
0.00093460083007812 0.0633468627929688 0.483062744140625 0.531982421875
0.0184345245361328 0.0251235961914063 0.293243408203125 0.552337646484375
0.0390090942382813 -0.0271034240722656 0.199676513671875 0.5174560546875
0.0279293060302734 -0.0220260620117188 0.118194580078125 0.316436767578125
0.0136947631835938 -0.0179557800292969 0.03509521484375 0.0666656494140625
0.020599365234375 -0.0258846282958984 -0.0537261962890625 -0.225189208984375
0.0497055053710938 -0.026336669921875 -0.141632080078125 -0.4952392578125
0.0438079833984375 0.00920867919921875 -0.33428955078125 -0.60357666015625
0.0272254943847656 0.0356292724609375 -0.4293212890625 -0.60137939453125
-0.0173606872558594 0.0419120788574219 -0.36126708984375 -0.63873291015625
-0.0191917419433594 -0.0232963562011719 -0.2847900390625 -0.43194580078125
-0.00597000122070313 -0.0302162170410156 -0.13018798828125 -0.0933990478515625
-0.0102548599243164 -0.0171909332275391 0.1634521484375 0.025543212890625
-0.0387954711914063 -0.0131759643554688 0.315155029296875 0.373443603515625
-0.00467681884765625 0.0255603790283203 0.480987548828125 0.479156494140625
0.00333404541015625 0.0461044311523437 0.465301513671875 0.53912353515625
0.00335693359375 0.0190410614013672 0.27130126953125 0.5557861328125
0.0217494964599609 -0.0112857818603516 0.179779052734375 0.526397705078125
0.0224704742431641 0.00286102294921875 0.111541748046875 0.3231201171875
0.00865697860717773 0.00155210494995117 0.0355224609375 0.0691719055175781
0.0134487152099609 -0.00431251525878906 -0.0532073974609375 -0.219863891601562
0.0348453521728516 -0.00937461853027344 -0.15545654296875 -0.48370361328125
0.0280895233154297 0.0111331939697266 -0.3543701171875 -0.58990478515625
0.0241527557373047 0.0244503021240234 -0.44830322265625 -0.59136962890625
0.00131988525390625 0.0355262756347656 -0.37872314453125 -0.63037109375
-0.000597953796386719 -0.00532054901123047 -0.291229248046875 -0.431976318359375
-0.0112199783325195 -0.00594711303710938 -0.126747131347656 -0.102561950683594
-0.0279788970947266 0.0109748840332031 0.16888427734375 0.0289306640625
-0.0231361389160156 0.0207347869873047 0.310943603515625 0.38153076171875
0.0245571136474609 0.0269412994384766 0.4722900390625 0.4903564453125
0.00885963439941406 0.0270938873291016 0.448394775390625 0.552276611328125
-0.012782096862793 0.00814056396484375 0.24761962890625 0.56768798828125
0.00171542167663574 0.0024867057800293 0.164703369140625 0.53448486328125
0.0132789611816406 0.0270805358886719 0.10552978515625 0.32183837890625
0.00229072570800781 0.0215950012207031 0.0371665954589844 0.0638885498046875
0.00710487365722656 0.0165309906005859 -0.059326171875 -0.223175048828125
0.0216960906982422 0.009124755859375 -0.1697998046875 -0.47747802734375
0.00975608825683594 0.0110387802124023 -0.37359619140625 -0.5765380859375
0.0152463912963867 0.00771617889404297 -0.4686279296875 -0.57049560546875
0.0213832855224609 0.0245761871337891 -0.3980712890625 -0.61505126953125
0.0217418670654297 0.0103473663330078 -0.2974853515625 -0.423919677734375
-0.0149974822998047 0.0206489562988281 -0.123649597167969 -0.102790832519531
-0.0459785461425781 0.0374679565429687 0.16705322265625 0.0351104736328125
-0.00925827026367187 0.0485877990722656 0.302825927734375 0.389923095703125
0.0531387329101563 0.0235748291015625 0.45233154296875 0.508941650390625
0.0147600173950195 0.00378131866455078 0.42633056640625 0.57708740234375
-0.0300083160400391 -0.00539207458496094 0.2347412109375 0.5828857421875
-0.0204029083251953 0.0121192932128906 0.156463623046875 0.535247802734375
0.00516128540039063 0.0472183227539063 0.102752685546875 0.311065673828125
0.000446319580078128 0.0390739440917969 0.036895751953125 0.0483856201171875
0.0019378662109375 0.0374374389648438 -0.062896728515625 -0.235641479492187
0.00469398498535156 0.0224952697753906 -0.184844970703125 -0.4783935546875
-0.00869464874267578 0.0114965438842773 -0.3907470703125 -0.563720703125
0.00706148147583008 -0.00873899459838867 -0.4847412109375 -0.54864501953125
0.0402107238769531 0.0104904174804688 -0.41717529296875 -0.59588623046875
0.0427589416503906 0.0244522094726563 -0.302825927734375 -0.415008544921875
-0.0179290771484375 0.0462989807128906 -0.124015808105469 -0.0948333740234375
-0.0557365417480469 0.0641708374023438 0.159378051757813 0.04547119140625
0.00514984130859375 0.0686149597167969 0.290435791015625 0.396881103515625
0.0758514404296875 0.0160598754882813 0.432281494140625 0.52764892578125
0.0151939392089844 -0.0186500549316406 0.4058837890625 0.61065673828125
-0.0467720031738281 -0.0187530517578125 0.2283935546875 0.60089111328125
-0.0379638671875 0.0194244384765625 0.154632568359375 0.529876708984375
-0.00135040283203125 0.0597152709960937 0.100372314453125 0.291229248046875
-0.00511550903320312 0.0488128662109375 0.0329933166503906 0.0271110534667969
-0.00516891479492188 0.0494041442871094 -0.0703887939453125 -0.252578735351563
-0.00858116149902344 0.0323867797851563 -0.197998046875 -0.48486328125
-0.0283164978027344 0.00427055358886718 -0.403472900390625 -0.553497314453125
-0.00212669372558594 -0.0265178680419922 -0.496551513671875 -0.526824951171875
0.0602455139160156 -0.00048828125 -0.4324951171875 -0.57421875
0.0624504089355469 0.0375595092773438 -0.30950927734375 -0.40032958984375
-0.0250930786132812 0.0699882507324219 -0.124504089355469 -0.0831222534179687
-0.0584716796875 0.0799484252929688 0.149368286132813 0.0603485107421875
0.0207977294921875 0.0754852294921875 0.274627685546875 0.4034423828125
0.0841217041015625 -0.00055694580078125 0.40960693359375 0.55267333984375
0.00689697265625 -0.0359268188476563 0.39215087890625 0.6416015625
-0.0616073608398438 -0.0258216857910156 0.233642578125 0.613525390625
-0.0476036071777344 0.0257759094238281 0.158782958984375 0.520050048828125
-0.0052642822265625 0.0652122497558594 0.0993194580078125 0.2674560546875
-0.00888442993164063 0.0514564514160156 0.0302257537841797 0.00250434875488282
-0.0113296508789062 0.0544242858886719 -0.0774993896484375 -0.273239135742188
-0.0212078094482422 0.0331630706787109 -0.201446533203125 -0.495941162109375
-0.0416069030761719 -0.00464630126953125 -0.40179443359375 -0.551513671875
-0.00423431396484374 -0.0450057983398437 -0.4986572265625 -0.50872802734375
0.076812744140625 -0.0085601806640625 -0.4447021484375 -0.555877685546875
0.0720672607421875 0.050994873046875 -0.311431884765625 -0.387451171875
-0.0341644287109375 0.0863571166992188 -0.128890991210938 -0.0671157836914063
-0.000434875488281255 -0.0696220397949219 0.129096984863281 0.0558090209960938
-0.0844802856445313 -0.0491943359375 0.299346923828125 0.37506103515625
-0.0469169616699219 0.0398139953613281 0.480194091796875 0.48773193359375
0.0102767944335938 0.0676956176757813 0.50311279296875 0.55908203125
0.0329551696777344 0.0132293701171875 0.3353271484375 0.559356689453125
0.0423622131347656 -0.0591812133789062 0.2330322265625 0.493316650390625
0.0276145935058594 -0.0556488037109375 0.12640380859375 0.278060913085938
0.0199623107910156 -0.0476036071777344 0.0273056030273437 0.0321807861328125
0.0336189270019531 -0.0628852844238281 -0.0532073974609375 -0.262008666992188
0.0716018676757813 -0.0485610961914063 -0.12152099609375 -0.524810791015625
0.0603408813476563 0.0123062133789063 -0.305908203125 -0.620849609375
0.0166549682617187 0.0509605407714844 -0.4061279296875 -0.599609375
-0.0508995056152344 0.0295600891113281 -0.35894775390625 -0.62713623046875
-0.0316658020019531 -0.0623893737792969 -0.2928466796875 -0.422943115234375
0.0118331909179688 -0.0570259094238281 -0.15325927734375 -0.0650177001953125
0.0063323974609375 -0.0611228942871094 0.140853881835938 0.0398712158203125
-0.0735397338867188 -0.0489578247070312 0.30853271484375 0.36846923828125
-0.0452537536621094 0.0328636169433594 0.48675537109375 0.475006103515625
0.00422668457031249 0.0711288452148437 0.496734619140625 0.543243408203125
0.0304985046386719 0.0230159759521484 0.320343017578125 0.554412841796875
0.0452194213867188 -0.044708251953125 0.218658447265625 0.509613037109375
0.0289039611816406 -0.0416831970214844 0.124542236328125 0.3011474609375
0.017974853515625 -0.0345020294189453 0.0314292907714844 0.0543365478515625
0.0278739929199219 -0.0479087829589844 -0.05181884765625 -0.240280151367188
0.0625 -0.0405006408691406 -0.13360595703125 -0.508544921875
0.0563697814941406 0.00929641723632813 -0.3214111328125 -0.61724853515625
0.02313232421875 0.0479049682617187 -0.41650390625 -0.60809326171875
-0.0375328063964844 0.0397529602050781 -0.35760498046875 -0.64019775390625
-0.0293388366699219 -0.0465164184570313 -0.288116455078125 -0.430908203125
0.00173187255859375 -0.0463371276855469 -0.140396118164062 -0.0811538696289063
0.00226974487304687 -0.042724609375 0.154449462890625 0.0285186767578125
-0.055328369140625 -0.0363922119140625 0.315521240234375 0.36968994140625
-0.0294857025146484 0.0290012359619141 0.491973876953125 0.472442626953125
0.00107574462890625 0.0639572143554688 0.488983154296875 0.535064697265625
0.0194835662841797 0.0263900756835937 0.297821044921875 0.557403564453125
0.0388145446777344 -0.0281181335449219 0.2041015625 0.522064208984375
0.0287799835205078 -0.0213508605957031 0.11920166015625 0.316619873046875
0.0133457183837891 -0.0184440612792969 0.034027099609375 0.0666236877441406
0.0207309722900391 -0.0254554748535156 -0.053558349609375 -0.225814819335938
0.04974365234375 -0.0270500183105469 -0.143951416015625 -0.495941162109375
0.0463371276855469 0.010986328125 -0.34100341796875 -0.6070556640625
0.027801513671875 0.0374221801757813 -0.43267822265625 -0.6065673828125
-0.0189857482910156 0.0450630187988281 -0.3663330078125 -0.64404296875
-0.0198726654052734 -0.0237846374511719 -0.287994384765625 -0.436065673828125
-0.0060882568359375 -0.0292549133300781 -0.133598327636719 -0.0944900512695313
-0.0111207962036133 -0.016840934753418 0.164276123046875 0.0250091552734375
-0.0405197143554688 -0.0110549926757812 0.31658935546875 0.37567138671875
-0.00505638122558594 0.0275077819824219 0.488800048828125 0.479827880859375
0.0031280517578125 0.0467720031738281 0.471099853515625 0.541351318359375
0.00393104553222656 0.0225830078125 0.272674560546875 0.561004638671875
0.0233955383300781 -0.0106735229492188 0.184478759765625 0.53143310546875
0.0232448577880859 0.00284004211425781 0.11444091796875 0.3253173828125
0.00939178466796875 0.00254440307617188 0.0360565185546875 0.0690956115722656
0.0152721405029297 -0.00409984588623047 -0.0538177490234375 -0.221267700195313
0.0348281860351563 -0.00869178771972656 -0.1566162109375 -0.484832763671875
0.0280189514160156 0.0115852355957031 -0.3585205078125 -0.594482421875
0.0241851806640625 0.0233821868896484 -0.45062255859375 -0.59332275390625
0.00263595581054687 0.03680419921875 -0.3831787109375 -0.6346435546875
-0.00132083892822266 -0.00485897064208984 -0.292999267578125 -0.434539794921875
-0.0104894638061523 -0.00568771362304688 -0.127067565917969 -0.102264404296875
-0.0285358428955078 0.0124988555908203 0.17010498046875 0.027130126953125
-0.0253334045410156 0.0197200775146484 0.3128662109375 0.383636474609375
0.0250778198242188 0.0244522094726563 0.475677490234375 0.495208740234375
0.0112686157226563 0.0257606506347656 0.4515380859375 0.556243896484375
-0.0132284164428711 0.00846767425537109 0.25311279296875 0.57269287109375
0.00123465061187744 0.000998139381408691 0.16943359375 0.538726806640625
0.0151653289794922 0.0269584655761719 0.107757568359375 0.323974609375
0.00401115417480469 0.0232830047607422 0.0390472412109375 0.065185546875
0.00716781616210938 0.017369270324707 -0.05743408203125 -0.223175048828125
0.0207290649414063 0.00736808776855469 -0.17095947265625 -0.47900390625
0.0107316970825195 0.0128259658813477 -0.37738037109375 -0.577392578125
0.0137834548950195 0.00817966461181641 -0.47161865234375 -0.5743408203125
0.0226669311523438 0.0260601043701172 -0.40228271484375 -0.6197509765625
0.021636962890625 0.0113029479980469 -0.300262451171875 -0.427703857421875
-0.0148429870605469 0.0227508544921875 -0.125534057617188 -0.103935241699219
-0.0468368530273438 0.0410919189453125 0.167892456054688 0.0346527099609375
-0.0110931396484375 0.0499534606933594 0.3055419921875 0.39129638671875
0.0550308227539063 0.0224609375 0.459228515625 0.512115478515625
0.0148324966430664 0.00191020965576172 0.4307861328125 0.58160400390625
-0.030853271484375 -0.00424766540527344 0.23828125 0.5889892578125
-0.0195770263671875 0.012237548828125 0.159393310546875 0.53997802734375
0.00641250610351562 0.045440673828125 0.104705810546875 0.31341552734375
-0.000377655029296874 0.0402069091796875 0.0353202819824219 0.0500755310058594
0.0030364990234375 0.0367927551269531 -0.0647735595703125 -0.235382080078125
0.0072784423828125 0.0211067199707031 -0.1900634765625 -0.47900390625
-0.0102443695068359 0.00997829437255859 -0.39532470703125 -0.564208984375
0.00634670257568359 -0.00895309448242188 -0.487457275390625 -0.55401611328125
0.0419197082519531 0.0108451843261719 -0.42242431640625 -0.600341796875
0.0423851013183594 0.0243721008300781 -0.307037353515625 -0.416259765625
-0.0191688537597656 0.0480003356933594 -0.125205993652344 -0.0960922241210937
-0.0581855773925781 0.0662078857421875 0.161102294921875 0.044036865234375
0.00550460815429688 0.0696792602539062 0.294586181640625 0.399749755859375
0.0745086669921875 0.014739990234375 0.435821533203125 0.532745361328125
0.0145530700683594 -0.0202865600585938 0.4112548828125 0.61553955078125
-0.0473976135253906 -0.0172195434570312 0.2357177734375 0.6053466796875
-0.0385169982910156 0.0198440551757813 0.159912109375 0.53350830078125
-0.000740051269531249 0.0604820251464844 0.102447509765625 0.294586181640625
-0.00455474853515625 0.0495452880859375 0.0331764221191406 0.0282115936279297
-0.00451660156250001 0.0495223999023438 -0.0712738037109375 -0.25299072265625
-0.00753593444824218 0.0319499969482422 -0.199676513671875 -0.487518310546875
-0.0271587371826172 0.00626945495605469 -0.407318115234375 -0.5577392578125
-0.00242996215820312 -0.0277080535888672 -0.499603271484375 -0.531280517578125
0.0618400573730469 -0.00231170654296875 -0.4393310546875 -0.5794677734375
0.0619926452636719 0.0363235473632812 -0.314544677734375 -0.403411865234375
-0.0245361328125 0.0714797973632813 -0.126960754394531 -0.0832748413085938
-0.0588760375976562 0.0826950073242188 0.15087890625 0.05914306640625
0.0210418701171875 0.0749740600585938 0.280792236328125 0.40631103515625
0.08355712890625 -0.00380706787109375 0.41229248046875 0.55474853515625
0.00675582885742187 -0.0354766845703125 0.397216796875 0.64556884765625
-0.0598716735839844 -0.025146484375 0.2362060546875 0.619873046875
-0.048675537109375 0.023345947265625 0.162200927734375 0.522125244140625
-0.00413131713867187 0.0654487609863281 0.100677490234375 0.271591186523437
-0.0071868896484375 0.0521240234375 0.0296726226806641 0.00215530395507813
-0.01116943359375 0.0558738708496094 -0.077789306640625 -0.274505615234375
-0.0191154479980469 0.033203125 -0.205596923828125 -0.498748779296875
-0.0420951843261719 -0.00588226318359375 -0.406219482421875 -0.552001953125
-0.00481033325195313 -0.0471687316894531 -0.5020751953125 -0.5140380859375
0.0774383544921875 -0.00727081298828125 -0.449127197265625 -0.55767822265625
0.0733566284179688 0.0499191284179688 -0.316802978515625 -0.390472412109375
-0.0330657958984375 0.0882415771484375 -0.131011962890625 -0.0673828125
0.000602722167968748 -0.07049560546875 0.131187438964844 0.0563507080078125
-0.0874252319335938 -0.0488967895507813 0.303741455078125 0.376068115234375
-0.0479660034179688 0.0392684936523438 0.487030029296875 0.488128662109375
0.0112037658691406 0.0685958862304687 0.50994873046875 0.56134033203125
0.0349845886230469 0.0122890472412109 0.34295654296875 0.56353759765625
0.043212890625 -0.0607643127441406 0.236053466796875 0.497528076171875
0.0283470153808594 -0.0579071044921875 0.129196166992187 0.28021240234375
0.020843505859375 -0.0483360290527344 0.028045654296875 0.0327014923095703
0.032196044921875 -0.0631980895996094 -0.0537567138671875 -0.262741088867187
0.07183837890625 -0.0496826171875 -0.12542724609375 -0.527801513671875
0.0606689453125 0.0125350952148437 -0.30975341796875 -0.62451171875
0.0176620483398438 0.0507240295410156 -0.41094970703125 -0.60272216796875
-0.0501518249511719 0.0298957824707031 -0.36492919921875 -0.63226318359375
-0.0320854187011719 -0.0643653869628906 -0.298492431640625 -0.424896240234375
0.0111732482910156 -0.0563392639160156 -0.156158447265625 -0.0644989013671875
0.00394439697265625 -0.0629615783691406 0.142303466796875 0.0379486083984375
-0.0758895874023438 -0.0481796264648437 0.312408447265625 0.3704833984375
-0.0454444885253906 0.0349311828613281 0.494110107421875 0.477691650390625
0.00506591796875 0.072235107421875 0.50482177734375 0.54473876953125
0.0306396484375 0.0238761901855469 0.325347900390625 0.559356689453125
0.04595947265625 -0.0459480285644531 0.22589111328125 0.5115966796875
0.0312232971191406 -0.0429573059082031 0.126678466796875 0.303924560546875
0.0182151794433594 -0.0360488891601563 0.0311508178710938 0.0533065795898438
0.0275459289550781 -0.0484275817871094 -0.05401611328125 -0.241744995117188
0.0626144409179688 -0.0421905517578125 -0.13507080078125 -0.5118408203125
0.0573196411132813 0.01080322265625 -0.32708740234375 -0.61944580078125
0.0252418518066406 0.0474739074707031 -0.420166015625 -0.61444091796875
-0.0383224487304688 0.0401191711425781 -0.36444091796875 -0.6455078125
-0.0324172973632813 -0.0450325012207031 -0.29425048828125 -0.433380126953125
0.00262832641601562 -0.0467720031738281 -0.143234252929688 -0.08111572265625
0.00150299072265625 -0.0426216125488281 0.155197143554688 0.0285797119140625
-0.0586471557617188 -0.0370101928710938 0.32025146484375 0.36981201171875
-0.0306377410888672 0.0286674499511719 0.498046875 0.473114013671875
0.00131988525390624 0.0644111633300781 0.493560791015625 0.53729248046875
0.0202541351318359 0.0271873474121094 0.303009033203125 0.559326171875
0.0383758544921875 -0.0289726257324219 0.20928955078125 0.525604248046875
0.0298404693603516 -0.0213108062744141 0.123504638671875 0.320159912109375
0.0146732330322266 -0.0172319412231445 0.0357170104980469 0.0671195983886719
0.0215797424316406 -0.0285930633544922 -0.05548095703125 -0.227706909179687
0.0511054992675781 -0.0279579162597656 -0.14959716796875 -0.496368408203125
0.0472602844238281 0.0104866027832031 -0.3460693359375 -0.60992431640625
0.0289726257324219 0.0365447998046875 -0.43927001953125 -0.60882568359375
-0.0175666809082031 0.0429115295410156 -0.37432861328125 -0.64764404296875
-0.0214099884033203 -0.0242061614990234 -0.292694091796875 -0.437286376953125
-0.00615692138671875 -0.0286769866943359 -0.133003234863281 -0.094512939453125
-0.0114078521728516 -0.0166425704956055 0.166046142578125 0.024017333984375
-0.0405921936035156 -0.0115203857421875 0.320709228515625 0.375823974609375
-0.00535964965820312 0.0258541107177734 0.494384765625 0.48089599609375
0.00496292114257812 0.0480728149414063 0.477325439453125 0.543853759765625
0.00465011596679687 0.0207767486572266 0.2789306640625 0.565673828125
0.02264404296875 -0.0121288299560547 0.188140869140625 0.535888671875
0.0248146057128906 0.00192451477050781 0.115234375 0.32861328125
0.00994205474853516 0.00381278991699219 0.0369186401367188 0.0714187622070313
0.0152711868286133 -0.00520992279052734 -0.055999755859375 -0.2218017578125
0.0360870361328125 -0.0103874206542969 -0.161407470703125 -0.487060546875
0.0288715362548828 0.0103244781494141 -0.3641357421875 -0.59649658203125
0.0251636505126953 0.0240440368652344 -0.4588623046875 -0.59686279296875
0.00370407104492187 0.0366134643554688 -0.39044189453125 -0.6390380859375
-0.00208139419555664 -0.00505828857421875 -0.29931640625 -0.43695068359375
-0.0115518569946289 -0.00434207916259766 -0.129005432128906 -0.1024169921875
-0.0292625427246094 0.0127754211425781 0.171157836914063 0.0256500244140625
-0.0260086059570312 0.0196952819824219 0.31689453125 0.385589599609375
0.0249099731445313 0.0257568359375 0.483184814453125 0.49615478515625
0.0117149353027344 0.0268630981445312 0.458343505859375 0.559051513671875
-0.0120296478271484 0.00860881805419922 0.25787353515625 0.57818603515625
0.00170910358428955 0.00126183032989502 0.171905517578125 0.54217529296875
0.0148906707763672 0.0264530181884766 0.109130859375 0.327056884765625
0.0044097900390625 0.0217380523681641 0.0391387939453125 0.0654373168945312
0.00917434692382813 0.0189228057861328 -0.059783935546875 -0.226806640625
0.0219287872314453 0.00837516784667969 -0.17681884765625 -0.481231689453125
0.00992774963378906 0.0123968124389648 -0.38427734375 -0.57891845703125
0.0165834426879883 0.00867652893066406 -0.47882080078125 -0.5784912109375
0.0242080688476563 0.0241680145263672 -0.4091796875 -0.62469482421875
0.0203895568847656 0.010986328125 -0.306060791015625 -0.428619384765625
-0.0159492492675781 0.0219001770019531 -0.127212524414063 -0.103652954101562
-0.0472221374511719 0.041290283203125 0.169113159179688 0.032745361328125
-0.0100135803222656 0.0491828918457031 0.309356689453125 0.394775390625
0.0543060302734375 0.0224609375 0.463775634765625 0.513519287109375
0.0175313949584961 0.00303363800048828 0.43780517578125 0.585205078125
-0.0310001373291016 -0.00460052490234376 0.2432861328125 0.592529296875
-0.0194435119628906 0.0110130310058594 0.16534423828125 0.542572021484375
0.00735092163085938 0.0475234985351563 0.106109619140625 0.315032958984375
-0.000488281249999996 0.0389862060546875 0.03826904296875 0.0501518249511719
0.00238418579101563 0.0374984741210938 -0.066009521484375 -0.237960815429688
0.00755691528320313 0.0234012603759766 -0.19281005859375 -0.482940673828125
-0.00935173034667969 0.0111351013183594 -0.4005126953125 -0.5679931640625
0.00658321380615234 -0.00898361206054688 -0.495147705078125 -0.5556640625
0.0429153442382813 0.0101776123046875 -0.42901611328125 -0.60394287109375
0.0434799194335938 0.0232467651367188 -0.3128662109375 -0.419342041015625
-0.0179901123046875 0.0492820739746094 -0.127700805664063 -0.096893310546875
-0.0568504333496094 0.0678482055664063 0.162017822265625 0.043670654296875
0.00530242919921875 0.0700912475585938 0.2978515625 0.400543212890625
0.0748519897460938 0.0129165649414063 0.43975830078125 0.53338623046875
0.0149478912353516 -0.0206661224365234 0.41802978515625 0.617431640625
-0.0476493835449219 -0.0174446105957031 0.23858642578125 0.61090087890625
-0.0375862121582031 0.0191841125488281 0.163360595703125 0.53900146484375
0.00115203857421876 0.0609283447265625 0.10479736328125 0.296112060546875
-0.004486083984375 0.0497322082519531 0.0336132049560547 0.027679443359375
-0.00428009033203125 0.0513458251953125 -0.07305908203125 -0.254196166992188
-0.007537841796875 0.0326519012451172 -0.20477294921875 -0.48883056640625
-0.0285301208496094 0.00691032409667968 -0.412841796875 -0.55755615234375
-0.000217437744140627 -0.0280170440673828 -0.5064697265625 -0.533721923828125
0.0611686706542969 -0.00341796875 -0.44537353515625 -0.584716796875
0.0614089965820313 0.0374794006347656 -0.31756591796875 -0.40423583984375
-0.0246734619140625 0.0718002319335938 -0.126670837402344 -0.0838851928710938
-0.0582733154296875 0.0832901000976563 0.151901245117187 0.058502197265625
0.020111083984375 0.0761489868164063 0.283599853515625 0.409210205078125
0.0860443115234375 -0.002716064453125 0.419036865234375 0.555755615234375
0.007843017578125 -0.0373649597167969 0.40625 0.650390625
-0.0629196166992188 -0.024169921875 0.24169921875 0.62359619140625
-0.0486488342285156 0.023895263671875 0.168060302734375 0.527435302734375
-0.00368118286132812 0.0653190612792969 0.103958129882813 0.271499633789062
-0.007598876953125 0.0545654296875 0.0305461883544922 0.0032501220703125
-0.01055908203125 0.0561904907226562 -0.0792999267578125 -0.275390625
-0.0212974548339844 0.0325546264648438 -0.209503173828125 -0.499969482421875
-0.0442085266113281 -0.00631332397460937 -0.413726806640625 -0.552520751953125
-0.00566101074218749 -0.0473899841308594 -0.508819580078125 -0.51629638671875
0.079010009765625 -0.011505126953125 -0.45745849609375 -0.56256103515625
0.0736770629882813 0.0495758056640625 -0.321868896484375 -0.390777587890625
-0.031829833984375 0.089813232421875 -0.132530212402344 -0.0670852661132813
0.00104522705078126 -0.07098388671875 0.131324768066406 0.0553359985351562
-0.0896987915039063 -0.0489730834960938 0.308074951171875 0.37701416015625
-0.0476913452148438 0.0400199890136719 0.492950439453125 0.491119384765625
0.0118331909179688 0.0688743591308594 0.519287109375 0.5628662109375
0.0352706909179688 0.0139083862304687 0.34942626953125 0.56353759765625
0.0441551208496094 -0.0625076293945313 0.243377685546875 0.499053955078125
0.0289306640625 -0.0568428039550781 0.12994384765625 0.281143188476563
0.0212326049804687 -0.0493850708007813 0.0278949737548828 0.0329704284667969
0.0323448181152344 -0.0652351379394531 -0.0550537109375 -0.263946533203125
0.0713424682617187 -0.0515594482421875 -0.1295166015625 -0.531341552734375
0.0624427795410156 0.0124015808105469 -0.316650390625 -0.62615966796875
0.0192527770996094 0.053497314453125 -0.41827392578125 -0.607421875
-0.05059814453125 0.030181884765625 -0.37322998046875 -0.63677978515625
-0.0343818664550781 -0.0642051696777344 -0.303375244140625 -0.42718505859375
0.0114364624023438 -0.0569839477539063 -0.157791137695313 -0.0643463134765625
0.00574493408203126 -0.0629119873046875 0.14349365234375 0.038482666015625
-0.0769882202148438 -0.048828125 0.316070556640625 0.37054443359375
-0.0470237731933594 0.0345993041992188 0.4993896484375 0.47857666015625
0.00540924072265625 0.071990966796875 0.51104736328125 0.546966552734375
0.0318584442138672 0.0246829986572266 0.33172607421875 0.56280517578125
0.0465965270996094 -0.0480155944824219 0.231536865234375 0.516571044921875
0.0320701599121094 -0.0444297790527344 0.1300048828125 0.30548095703125
0.0192604064941406 -0.0352592468261719 0.0316429138183594 0.0535202026367188
0.0281333923339844 -0.0499534606933594 -0.0559844970703125 -0.242721557617187
0.0637550354003906 -0.044586181640625 -0.141021728515625 -0.513916015625
0.0584793090820313 0.0109291076660156 -0.33245849609375 -0.62200927734375
0.0279693603515625 0.048370361328125 -0.427001953125 -0.6163330078125
-0.0373001098632813 0.0414237976074219 -0.3702392578125 -0.64984130859375
-0.0319709777832031 -0.0462684631347656 -0.298004150390625 -0.4361572265625
0.0023193359375 -0.0468025207519531 -0.144821166992188 -0.0814056396484375
0.000316619873046873 -0.0434913635253906 0.155868530273438 0.027557373046875
-0.0594902038574219 -0.0365867614746094 0.32373046875 0.37115478515625
-0.0316505432128906 0.0277900695800781 0.504852294921875 0.4732666015625
0.00327682495117188 0.0658416748046875 0.501220703125 0.538543701171875
0.0208225250244141 0.0283393859863281 0.30914306640625 0.56329345703125
0.0383758544921875 -0.030548095703125 0.21343994140625 0.529449462890625
0.0305824279785156 -0.022003173828125 0.125946044921875 0.3221435546875
0.015324592590332 -0.0165853500366211 0.0360679626464844 0.0680465698242187
0.0219841003417969 -0.0287456512451172 -0.0567779541015625 -0.22894287109375
0.0511436462402344 -0.0296173095703125 -0.153076171875 -0.5010986328125
0.0475120544433594 0.0103034973144531 -0.3531494140625 -0.61029052734375
0.0289840698242188 0.0364990234375 -0.44659423828125 -0.6121826171875
-0.017242431640625 0.0426712036132813 -0.381103515625 -0.652587890625
-0.0213336944580078 -0.0249061584472656 -0.298095703125 -0.438385009765625
-0.00639152526855469 -0.0289497375488281 -0.135635375976562 -0.0941696166992188
-0.0123519897460938 -0.0181503295898438 0.167205810546875 0.022705078125
-0.0426406860351563 -0.0115928649902344 0.325531005859375 0.377471923828125
-0.00608253479003906 0.0244159698486328 0.499908447265625 0.483612060546875
0.00545501708984375 0.0476036071777344 0.485748291015625 0.545562744140625
0.00452041625976562 0.0229721069335938 0.28533935546875 0.5704345703125
0.0226840972900391 -0.0133895874023438 0.194793701171875 0.539215087890625
0.0248546600341797 0.00147628784179687 0.119293212890625 0.330169677734375
0.00963497161865234 0.00336360931396484 0.0381698608398438 0.071319580078125
0.0154485702514648 -0.00503253936767578 -0.0564117431640625 -0.223297119140625
0.0364990234375 -0.0108795166015625 -0.166748046875 -0.488922119140625
0.0293979644775391 0.0115108489990234 -0.3712158203125 -0.59722900390625
0.0261898040771484 0.0236454010009766 -0.4649658203125 -0.60028076171875
0.00501632690429687 0.0365447998046875 -0.39947509765625 -0.6441650390625
-0.00238132476806641 -0.00603103637695313 -0.3052978515625 -0.43878173828125
-0.0122776031494141 -0.00405693054199219 -0.132209777832031 -0.103729248046875
-0.0293292999267578 0.012359619140625 0.172286987304687 0.024871826171875
-0.0266799926757813 0.0207271575927734 0.322357177734375 0.386505126953125
0.0248889923095703 0.0231456756591797 0.489471435546875 0.497222900390625
0.0123443603515625 0.0259208679199219 0.4649658203125 0.561279296875
-0.0130577087402344 0.00960731506347656 0.26397705078125 0.5823974609375
0.00151002407073975 -0.000335216522216797 0.178131103515625 0.54583740234375
0.0164833068847656 0.0263996124267578 0.112213134765625 0.328338623046875
0.00457954406738281 0.0251045227050781 0.0382575988769531 0.0662651062011719
0.00799560546875 0.0188579559326172 -0.0599517822265625 -0.226913452148438
0.0217914581298828 0.00751876831054688 -0.181884765625 -0.48468017578125
0.0105314254760742 0.0118560791015625 -0.39068603515625 -0.5833740234375
0.017364501953125 0.00754928588867188 -0.48516845703125 -0.5811767578125
0.0245437622070313 0.0231895446777344 -0.4173583984375 -0.62738037109375
0.0205821990966797 0.00967025756835938 -0.31134033203125 -0.431884765625
-0.0143756866455078 0.0231876373291016 -0.12939453125 -0.104087829589844
-0.0458602905273438 0.0434761047363281 0.169570922851563 0.0309295654296875
-0.0102424621582031 0.0510711669921875 0.316131591796875 0.39385986328125
0.0544204711914063 0.0212936401367188 0.470977783203125 0.5145263671875
0.0171031951904297 0.00150775909423828 0.44671630859375 0.5872802734375
-0.0311985015869141 -0.00383377075195312 0.2509765625 0.59716796875
-0.0190315246582031 0.0110015869140625 0.1700439453125 0.5477294921875
0.00823593139648438 0.0483589172363281 0.1092529296875 0.3170166015625
0.000888824462890626 0.0402107238769531 0.038055419921875 0.0495796203613281
0.00271224975585937 0.0379600524902344 -0.0667266845703125 -0.237991333007813
0.00654029846191407 0.0238475799560547 -0.196563720703125 -0.484588623046875
-0.0106239318847656 0.0122356414794922 -0.40838623046875 -0.5694580078125
0.00775814056396484 -0.0101432800292969 -0.50201416015625 -0.55828857421875
0.0436515808105469 0.00979995727539063 -0.4385986328125 -0.6075439453125
0.0439376831054687 0.0231056213378906 -0.3173828125 -0.422027587890625
-0.0183258056640625 0.0503158569335937 -0.129066467285156 -0.0965118408203125
-0.0572929382324219 0.0693473815917969 0.163604736328125 0.042694091796875
0.00458526611328125 0.070831298828125 0.302154541015625 0.401519775390625
0.0769805908203125 0.0118179321289063 0.448760986328125 0.53619384765625
0.0156440734863281 -0.0209197998046875 0.42401123046875 0.62078857421875
-0.0489540100097656 -0.0167236328125 0.24560546875 0.61566162109375
-0.0379867553710938 0.0201034545898437 0.168731689453125 0.541961669921875
0.00230789184570312 0.0619125366210938 0.10772705078125 0.298126220703125
-0.00320816040039063 0.0511894226074219 0.0353279113769531 0.0287513732910156
-0.00383377075195313 0.0514144897460938 -0.0755157470703125 -0.255523681640625
-0.00708198547363281 0.0322933197021484 -0.2086181640625 -0.49127197265625
-0.0282630920410156 0.00698852539062499 -0.419891357421875 -0.559906005859375
-0.000944137573242187 -0.0290203094482422 -0.513885498046875 -0.537078857421875
0.0628433227539063 -0.0040130615234375 -0.45281982421875 -0.58563232421875
0.0623512268066406 0.0367546081542969 -0.3233642578125 -0.4066162109375
-0.0243453979492187 0.0744705200195313 -0.130294799804688 -0.0831298828125
-0.059478759765625 0.0853652954101563 0.15362548828125 0.0565032958984375
0.0216598510742188 0.07476806640625 0.28857421875 0.409698486328125
0.0859146118164063 -0.00464630126953125 0.423004150390625 0.557891845703125
0.00738525390625 -0.0382614135742188 0.41278076171875 0.65386962890625
-0.0622138977050781 -0.0227737426757812 0.24896240234375 0.62957763671875
-0.0495452880859375 0.0237464904785156 0.172882080078125 0.531005859375
-0.00197219848632813 0.0662460327148437 0.104888916015625 0.27374267578125
-0.00681304931640625 0.0549468994140625 0.0300254821777344 0.00232505798339844
-0.0113868713378906 0.05712890625 -0.080291748046875 -0.277847290039063
-0.0218486785888672 0.0325832366943359 -0.214874267578125 -0.501922607421875
-0.0437393188476563 -0.00387954711914062 -0.4197998046875 -0.55316162109375
-0.00481796264648438 -0.0490226745605469 -0.514862060546875 -0.517974853515625
0.0800857543945313 -0.0129928588867188 -0.46246337890625 -0.56500244140625
0.0750656127929688 0.0493087768554688 -0.328277587890625 -0.39239501953125
-0.0326080322265625 0.0917587280273438 -0.135223388671875 -0.0658340454101563
-0.000434875488281245 -0.0719451904296875 0.133270263671875 0.0535659790039063
-0.0915451049804688 -0.0487747192382813 0.3126220703125 0.377197265625
-0.0494575500488281 0.0401191711425781 0.501007080078125 0.4898681640625
0.0126914978027344 0.0694427490234375 0.52618408203125 0.56524658203125
0.0365447998046875 0.0141258239746094 0.3582763671875 0.56744384765625
0.0447769165039063 -0.0641326904296875 0.25091552734375 0.500457763671875
0.0296669006347656 -0.0589408874511719 0.133575439453125 0.28228759765625
0.0214614868164063 -0.0493888854980469 0.0285606384277344 0.0326747894287109
0.0319480895996094 -0.0669097900390625 -0.0582275390625 -0.265914916992188
0.0718307495117188 -0.0531387329101563 -0.1339111328125 -0.534759521484375
0.0638999938964844 0.0120468139648438 -0.3250732421875 -0.62835693359375
0.01953125 0.0525016784667969 -0.42376708984375 -0.607177734375
-0.0520858764648438 0.0302963256835938 -0.38031005859375 -0.63934326171875
-0.0353279113769531 -0.0651168823242188 -0.308807373046875 -0.427215576171875
0.0105171203613281 -0.0573387145996094 -0.159835815429688 -0.062957763671875
0.00372695922851562 -0.0634498596191406 0.143875122070313 0.0366668701171875
-0.0798187255859375 -0.0494537353515625 0.321685791015625 0.372650146484375
-0.0480079650878906 0.0350151062011719 0.507415771484375 0.47796630859375
0.00705718994140626 0.07427978515625 0.5211181640625 0.5482177734375
0.0321502685546875 0.025421142578125 0.34002685546875 0.56427001953125
0.0463142395019531 -0.0491065979003906 0.239501953125 0.51751708984375
0.0326194763183594 -0.0457496643066406 0.1329345703125 0.30615234375
0.0200767517089844 -0.0367393493652344 0.0331993103027344 0.0539283752441406
0.028045654296875 -0.0501480102539063 -0.0577239990234375 -0.24383544921875
0.0642433166503906 -0.0451812744140625 -0.14593505859375 -0.515716552734375
0.05987548828125 0.0102806091308594 -0.3394775390625 -0.62353515625
0.0285415649414063 0.0478324890136719 -0.43548583984375 -0.6182861328125
-0.0375709533691406 0.0411262512207031 -0.3795166015625 -0.65155029296875
-0.0340843200683594 -0.0471687316894531 -0.3031005859375 -0.4361572265625
0.0030059814453125 -0.0475845336914062 -0.14654541015625 -0.078704833984375
0.000682830810546874 -0.0433082580566406 0.157485961914063 0.025115966796875
-0.0612602233886719 -0.0359687805175781 0.328857421875 0.371307373046875
-0.0314865112304688 0.0280551910400391 0.513031005859375 0.4757080078125
0.00297164916992188 0.0651473999023438 0.50909423828125 0.541046142578125
0.0219516754150391 0.0275154113769531 0.31817626953125 0.56573486328125
0.0394134521484375 -0.0313491821289063 0.22119140625 0.532958984375
0.0306148529052734 -0.0240936279296875 0.128662109375 0.32379150390625
0.0153789520263672 -0.0187568664550781 0.0364723205566406 0.0676078796386719
0.0217514038085938 -0.0302104949951172 -0.0577545166015625 -0.230010986328125
0.0520133972167969 -0.030120849609375 -0.15869140625 -0.5023193359375
0.0485763549804688 0.010101318359375 -0.35986328125 -0.61297607421875
0.03143310546875 0.0373725891113281 -0.4542236328125 -0.6156005859375
-0.0174636840820313 0.0423927307128906 -0.38873291015625 -0.65478515625
-0.0224227905273437 -0.0249805450439453 -0.305572509765625 -0.44091796875
-0.00488662719726562 -0.0291061401367188 -0.13714599609375 -0.093414306640625
-0.0117454528808594 -0.0172557830810547 0.168777465820313 0.0203857421875
-0.0432624816894531 -0.0118408203125 0.33087158203125 0.378173828125
-0.00606727600097656 0.0237808227539063 0.50848388671875 0.481964111328125
0.00630569458007812 0.0488815307617188 0.49444580078125 0.546905517578125
0.00586509704589844 0.0233592987060547 0.29302978515625 0.5726318359375
0.0240917205810547 -0.0146427154541016 0.20074462890625 0.54254150390625
0.0258312225341797 0.0018768310546875 0.122039794921875 0.33270263671875
0.00968265533447265 0.00334930419921875 0.0393600463867188 0.071990966796875
0.0141439437866211 -0.00583076477050781 -0.0577545166015625 -0.2244873046875
0.0362586975097656 -0.0130958557128906 -0.171844482421875 -0.489349365234375
0.0299816131591797 0.0108489990234375 -0.37896728515625 -0.59765625
0.0260906219482422 0.0222206115722656 -0.472900390625 -0.6011962890625
0.00392532348632813 0.0357818603515625 -0.40606689453125 -0.6456298828125
-0.00231122970581055 -0.00588178634643555 -0.310821533203125 -0.438201904296875
-0.0113229751586914 -0.00339603424072266 -0.133201599121094 -0.10211181640625
-0.0300579071044922 0.0143871307373047 0.173965454101562 0.0222625732421875
-0.0276756286621094 0.0209159851074219 0.32794189453125 0.38623046875
0.0251083374023438 0.0231418609619141 0.49810791015625 0.496856689453125
0.0114917755126953 0.0261306762695313 0.47271728515625 0.5626220703125
-0.0123567581176758 0.0104303359985352 0.2724609375 0.58367919921875
0.00256204605102539 -0.00111532211303711 0.18365478515625 0.548492431640625
0.0184173583984375 0.0257987976074219 0.114715576171875 0.329681396484375
0.00577926635742188 0.024078369140625 0.0389518737792969 0.0664863586425781
0.00959682464599609 0.0173187255859375 -0.0628814697265625 -0.227035522460938
0.0222225189208984 0.00745582580566406 -0.185943603515625 -0.483917236328125
0.0111846923828125 0.0126419067382813 -0.40008544921875 -0.58209228515625
0.0179252624511719 0.00676536560058594 -0.49224853515625 -0.58209228515625
0.0245094299316406 0.0242214202880859 -0.4251708984375 -0.62872314453125
0.0203304290771484 0.0101356506347656 -0.318389892578125 -0.43206787109375
-0.0147018432617188 0.0238380432128906 -0.13140869140625 -0.103141784667969
-0.0467414855957031 0.0451393127441406 0.171463012695313 0.0296478271484375
-0.0115089416503906 0.0510826110839844 0.320953369140625 0.394439697265625
0.0547943115234375 0.0212135314941406 0.47869873046875 0.5162353515625
0.0174407958984375 0.00147628784179688 0.452880859375 0.588134765625
-0.0308628082275391 -0.00453376770019531 0.25933837890625 0.60089111328125
-0.0199947357177734 0.0111827850341797 0.17724609375 0.551483154296875
0.00999450683593751 0.0478782653808594 0.11297607421875 0.3194580078125
0.00203704833984375 0.0413742065429687 0.0390815734863281 0.0506134033203125
0.00284957885742187 0.0378227233886719 -0.069091796875 -0.238784790039063
0.00731658935546875 0.0227222442626953 -0.201873779296875 -0.486175537109375
-0.00963020324707032 0.012516975402832 -0.416015625 -0.5684814453125
0.00767898559570313 -0.00984001159667969 -0.510986328125 -0.559051513671875
0.045135498046875 0.0086212158203125 -0.44757080078125 -0.61077880859375
0.0449295043945313 0.0226287841796875 -0.322509765625 -0.421173095703125
-0.0186500549316406 0.051239013671875 -0.131057739257812 -0.095947265625
-0.0563430786132812 0.070892333984375 0.164581298828125 0.0410003662109375
0.00590515136718749 0.07098388671875 0.308135986328125 0.402252197265625
0.0764236450195312 0.011199951171875 0.4541015625 0.53753662109375
0.0155811309814453 -0.021270751953125 0.4334716796875 0.622802734375
-0.0484771728515625 -0.0161018371582031 0.25274658203125 0.6197509765625
-0.0387077331542969 0.0195579528808594 0.1748046875 0.545745849609375
0.00323104858398438 0.0617599487304687 0.11102294921875 0.300567626953125
-0.00212478637695313 0.0523910522460938 0.0353965759277344 0.0285377502441406
-0.00358200073242187 0.0519447326660156 -0.0765533447265625 -0.255722045898438
-0.00765609741210938 0.0317096710205078 -0.214385986328125 -0.49285888671875
-0.0283794403076172 0.00693130493164063 -0.427154541015625 -0.560455322265625
-0.000959396362304684 -0.0300750732421875 -0.5224609375 -0.536834716796875
0.0637855529785156 -0.00621414184570313 -0.462890625 -0.58697509765625
0.0633544921875 0.036163330078125 -0.330230712890625 -0.40667724609375
-0.0230178833007812 0.0752410888671875 -0.13134765625 -0.0820770263671875
-0.0582504272460937 0.0875473022460938 0.154129028320313 0.055145263671875
0.0226058959960937 0.0771636962890625 0.294189453125 0.410736083984375
0.0862350463867187 -0.00588226318359375 0.431610107421875 0.56097412109375
0.00785446166992188 -0.0396957397460938 0.42144775390625 0.65576171875
-0.0638656616210937 -0.0235366821289063 0.2557373046875 0.63189697265625
-0.0485420227050781 0.0243263244628906 0.178924560546875 0.534027099609375
0.000415802001953125 0.0670089721679688 0.10882568359375 0.274368286132813
-0.00497817993164063 0.0550460815429688 0.0290184020996094 0.00190162658691407
-0.00954818725585937 0.0576095581054688 -0.083038330078125 -0.277923583984375
-0.0215778350830078 0.0333595275878906 -0.218841552734375 -0.502227783203125
-0.0444526672363281 -0.0047454833984375 -0.426544189453125 -0.554412841796875
-0.00527572631835938 -0.048858642578125 -0.52386474609375 -0.517974853515625
0.0806198120117188 -0.014373779296875 -0.47247314453125 -0.56640625
0.0756149291992188 0.0499038696289062 -0.3314208984375 -0.392974853515625
-0.0317153930664063 0.0936126708984375 -0.137466430664063 -0.0646286010742187
-1.52587890624989E-05 -0.0721282958984375 0.132514953613281 0.0525894165039062
-0.0928573608398438 -0.047943115234375 0.317962646484375 0.377685546875
-0.0499610900878906 0.0408401489257812 0.508392333984375 0.488616943359375
0.0144615173339844 0.0698089599609375 0.53851318359375 0.56463623046875
0.0382804870605469 0.0134429931640625 0.36627197265625 0.56756591796875
0.0445747375488281 -0.0667076110839844 0.258392333984375 0.50201416015625
0.0295944213867187 -0.0610198974609375 0.137115478515625 0.2835693359375
0.020904541015625 -0.0500030517578125 0.0286636352539063 0.0325603485107422
0.0316085815429687 -0.0676536560058594 -0.061614990234375 -0.266159057617188
0.0721359252929688 -0.0543136596679688 -0.1417236328125 -0.534423828125
0.0649032592773437 0.0111236572265625 -0.3328857421875 -0.62847900390625
0.0209007263183594 0.0529098510742188 -0.4337158203125 -0.6085205078125
-0.0514335632324219 0.030914306640625 -0.3907470703125 -0.63922119140625
-0.03680419921875 -0.0651359558105469 -0.31658935546875 -0.427947998046875
0.0112724304199219 -0.056732177734375 -0.162643432617188 -0.059844970703125
0.00323867797851563 -0.0622329711914063 0.144180297851563 0.033905029296875
-0.0820770263671875 -0.0486373901367188 0.326690673828125 0.370758056640625
-0.0477409362792969 0.0349082946777344 0.515533447265625 0.475067138671875
0.0082244873046875 0.0747222900390625 0.529144287109375 0.548309326171875
0.0342178344726563 0.0248737335205078 0.34765625 0.5648193359375
0.0468711853027344 -0.05126953125 0.246826171875 0.518798828125
0.0332565307617188 -0.0461769104003906 0.136444091796875 0.307403564453125
0.019805908203125 -0.03741455078125 0.0335350036621094 0.0535392761230469
0.0279922485351562 -0.0522537231445313 -0.05938720703125 -0.244140625
0.0638046264648438 -0.0464019775390625 -0.151397705078125 -0.5189208984375
0.0607643127441406 0.0100326538085938 -0.34857177734375 -0.62335205078125
0.0308151245117188 0.0478401184082031 -0.44317626953125 -0.6199951171875
-0.0377044677734375 0.0414810180664063 -0.38958740234375 -0.655029296875
-0.0351333618164063 -0.04693603515625 -0.311798095703125 -0.435882568359375
0.00313568115234375 -0.0477867126464844 -0.149368286132813 -0.077239990234375
9.15527343749967E-05 -0.0446052551269531 0.158309936523437 0.0224456787109375
-0.0625839233398438 -0.0355987548828125 0.33441162109375 0.36907958984375
-0.0327911376953125 0.0268173217773437 0.51947021484375 0.4720458984375
0.00492095947265625 0.0651702880859375 0.5181884765625 0.538299560546875
0.0226306915283203 0.0293197631835938 0.32550048828125 0.56719970703125
0.0396270751953125 -0.0338630676269531 0.228790283203125 0.534027099609375
0.0325069427490234 -0.0247669219970703 0.132904052734375 0.324615478515625
0.0156974792480469 -0.0182743072509766 0.03802490234375 0.0680580139160156
0.022003173828125 -0.0303630828857422 -0.0589141845703125 -0.230133056640625
0.0510406494140625 -0.0312843322753906 -0.16424560546875 -0.50213623046875
0.0492782592773437 0.00977706909179688 -0.36883544921875 -0.61199951171875
0.0320549011230469 0.0362739562988281 -0.46392822265625 -0.6158447265625
-0.0168609619140625 0.0425987243652344 -0.39923095703125 -0.6580810546875
-0.0232505798339844 -0.0252723693847656 -0.31243896484375 -0.441253662109375
-0.0055999755859375 -0.0280246734619141 -0.13873291015625 -0.0926513671875
-0.0119562149047852 -0.0152091979980469 0.169021606445313 0.0182647705078125
-0.044342041015625 -0.0111160278320313 0.3367919921875 0.3773193359375
-0.00601005554199219 0.0233478546142578 0.516326904296875 0.48046875
0.00717926025390625 0.0487632751464844 0.502655029296875 0.545379638671875
0.0063934326171875 0.0239276885986328 0.3001708984375 0.5743408203125
0.02484130859375 -0.0155620574951172 0.209564208984375 0.544586181640625
0.0265483856201172 0.00051116943359375 0.125518798828125 0.333221435546875
0.0115242004394531 0.00303840637207031 0.0400543212890625 0.0730743408203125
0.0161314010620117 -0.00543498992919922 -0.0608367919921875 -0.223953247070313
0.0365104675292969 -0.0128211975097656 -0.175537109375 -0.491180419921875
0.0306720733642578 0.0114250183105469 -0.38616943359375 -0.59661865234375
0.0273113250732422 0.023101806640625 -0.482421875 -0.60247802734375
0.00472640991210938 0.0360450744628906 -0.414794921875 -0.648681640625
-0.00390768051147461 -0.00557756423950195 -0.316680908203125 -0.43988037109375
-0.0108251571655273 -0.00349330902099609 -0.136161804199219 -0.100761413574219
-0.0291557312011719 0.0157375335693359 0.174301147460938 0.0204925537109375
-0.0271987915039063 0.0205631256103516 0.335205078125 0.38555908203125
0.0253219604492188 0.0229568481445313 0.50579833984375 0.49609375
0.0126724243164063 0.0264415740966797 0.481048583984375 0.561492919921875
-0.0124607086181641 0.0101633071899414 0.27984619140625 0.58843994140625
0.00313425064086914 -0.00124144554138184 0.19073486328125 0.5504150390625
0.0196418762207031 0.0260238647460938 0.120391845703125 0.3323974609375
0.00711822509765625 0.0242557525634766 0.0403900146484375 0.0660629272460937
0.00906944274902344 0.0173845291137695 -0.0644683837890625 -0.22723388671875
0.0218772888183594 0.006103515625 -0.192657470703125 -0.486846923828125
0.0108909606933594 0.0127544403076172 -0.4063720703125 -0.5810546875
0.0184593200683594 0.00720024108886719 -0.50152587890625 -0.58184814453125
0.0249423980712891 0.0223178863525391 -0.43585205078125 -0.63134765625
0.0210151672363281 0.00905799865722656 -0.32379150390625 -0.432891845703125
-0.0138454437255859 0.0245094299316406 -0.133796691894531 -0.102188110351563
-0.0467529296875 0.0473175048828125 0.17254638671875 0.0277252197265625
-0.0120429992675781 0.0516815185546875 0.3262939453125 0.394561767578125
0.05535888671875 0.0185661315917969 0.486572265625 0.51373291015625
0.017512321472168 0.000441551208496094 0.4613037109375 0.58917236328125
-0.0305366516113281 -0.00346374511718749 0.267822265625 0.60382080078125
-0.0196533203125 0.0105457305908203 0.183319091796875 0.5528564453125
0.0111236572265625 0.0472526550292969 0.11724853515625 0.320281982421875
0.00247573852539063 0.0419921875 0.0387115478515625 0.0503425598144531
0.00334548950195313 0.0380210876464844 -0.0714263916015625 -0.239837646484375
0.00806808471679687 0.021575927734375 -0.208709716796875 -0.485626220703125
-0.00901126861572266 0.0128211975097656 -0.4249267578125 -0.56829833984375
0.00759124755859375 -0.0108327865600586 -0.51971435546875 -0.55853271484375
0.04461669921875 0.00672149658203125 -0.45623779296875 -0.611572265625
0.0445327758789063 0.0213356018066406 -0.330963134765625 -0.421783447265625
-0.0179634094238281 0.0522727966308594 -0.132637023925781 -0.094512939453125
-0.0567550659179688 0.0724868774414062 0.1658935546875 0.03851318359375
0.0051422119140625 0.0728378295898437 0.31353759765625 0.401153564453125
0.07806396484375 0.00885009765625 0.463623046875 0.53729248046875
0.0162372589111328 -0.0226173400878906 0.44146728515625 0.62298583984375
-0.0494804382324219 -0.0155868530273437 0.26177978515625 0.6217041015625
-0.0382919311523438 0.0197525024414063 0.183868408203125 0.548492431640625
0.00510025024414062 0.0618324279785156 0.113250732421875 0.30120849609375
-0.00213241577148437 0.0526924133300781 0.0352973937988281 0.0275039672851563
-0.00249481201171876 0.0520896911621094 -0.0795440673828125 -0.257415771484375
-0.00654029846191407 0.0324001312255859 -0.22021484375 -0.49237060546875
-0.0285434722900391 0.00792121887207031 -0.4371337890625 -0.55816650390625
-0.00140380859375 -0.0308246612548828 -0.531982421875 -0.537078857421875
0.0647697448730469 -0.00629425048828125 -0.47125244140625 -0.58819580078125
0.0639266967773438 0.0357589721679688 -0.337127685546875 -0.407501220703125
-0.0234527587890625 0.0762405395507812 -0.134506225585938 -0.0809249877929687
-0.0583953857421875 0.0903778076171875 0.156112670898438 0.0526580810546875
0.0231170654296875 0.0778656005859375 0.298797607421875 0.410400390625
0.0875473022460938 -0.00804901123046875 0.44000244140625 0.55999755859375
0.00897216796875 -0.0398902893066406 0.431396484375 0.65863037109375
-0.0655021667480469 -0.0223388671875 0.2647705078125 0.63604736328125
-0.0488624572753906 0.0245170593261719 0.186798095703125 0.53759765625
0.00104141235351563 0.0672836303710938 0.11090087890625 0.275863647460937
-0.00336456298828125 0.0567398071289063 0.0303363800048828 0.00118064880371094
-0.0098876953125 0.058319091796875 -0.086090087890625 -0.279937744140625
-0.0209407806396484 0.0334434509277344 -0.225372314453125 -0.503631591796875
-0.0452041625976563 -0.00333023071289062 -0.437530517578125 -0.552093505859375
-0.00566101074218751 -0.0502853393554688 -0.53131103515625 -0.51641845703125
0.0818939208984375 -0.016510009765625 -0.4815673828125 -0.56524658203125
0.0767135620117188 0.048553466796875 -0.3399658203125 -0.39324951171875
-0.03155517578125 0.0944366455078125 -0.13897705078125 -0.0634765625
-0.00140380859375 -0.0717926025390625 0.133651733398438 0.0499801635742187
-0.0951156616210938 -0.0471954345703125 0.324859619140625 0.375213623046875
-0.0501327514648438 0.0406379699707031 0.5172119140625 0.48529052734375
0.015380859375 0.0710678100585938 0.54620361328125 0.561553955078125
0.0392227172851562 0.0137519836425781 0.37548828125 0.5679931640625
0.0434150695800781 -0.0681571960449219 0.265777587890625 0.50341796875
0.029998779296875 -0.0624313354492188 0.140045166015625 0.284332275390625
0.0225067138671875 -0.0509719848632812 0.0287094116210938 0.0313014984130859
0.0317802429199219 -0.068572998046875 -0.06341552734375 -0.266769409179688
0.0722808837890625 -0.0556488037109375 -0.146820068359375 -0.53668212890625
0.0655136108398438 0.0109825134277344 -0.34051513671875 -0.6273193359375
0.0229949951171875 0.0516891479492188 -0.442138671875 -0.6092529296875
-0.0519485473632813 0.0318679809570312 -0.39874267578125 -0.64105224609375
-0.0379486083984375 -0.0659523010253906 -0.3232421875 -0.425567626953125
0.0112342834472656 -0.0578422546386719 -0.163284301757813 -0.0583953857421875
0.00265884399414063 -0.06439208984375 0.144638061523438 0.0321197509765625
-0.08428955078125 -0.0480728149414063 0.332855224609375 0.368682861328125
-0.0477828979492188 0.0343399047851563 0.523223876953125 0.473388671875
0.0100326538085937 0.0735397338867188 0.537933349609375 0.54364013671875
0.0349597930908203 0.026123046875 0.35748291015625 0.56573486328125
0.0455093383789063 -0.052825927734375 0.25506591796875 0.519378662109375
0.0328559875488281 -0.0478401184082031 0.14031982421875 0.3074951171875
0.0196533203125 -0.0372543334960938 0.0334968566894531 0.0534324645996094
0.028076171875 -0.0525436401367188 -0.062225341796875 -0.244720458984375
0.0634765625 -0.0477523803710938 -0.158233642578125 -0.518585205078125
0.0629425048828125 0.0103111267089844 -0.35784912109375 -0.62322998046875
0.0308074951171875 0.0474586486816406 -0.45263671875 -0.621337890625
-0.0380668640136719 0.0422134399414063 -0.3992919921875 -0.65521240234375
-0.0363655090332031 -0.0474395751953125 -0.31683349609375 -0.43682861328125
0.00334548950195313 -0.0482139587402344 -0.151596069335938 -0.076141357421875
-6.10351562499988E-05 -0.0434036254882813 0.159423828125 0.020599365234375
-0.0645217895507813 -0.0352096557617187 0.34149169921875 0.36810302734375
-0.0327091217041016 0.0283088684082031 0.5279541015625 0.4688720703125
0.00583648681640625 0.0651473999023438 0.528472900390625 0.537322998046875
0.0230560302734375 0.0295238494873047 0.3363037109375 0.567138671875
0.0391044616699219 -0.0355758666992188 0.236846923828125 0.53369140625
0.0321598052978516 -0.0260868072509766 0.13543701171875 0.324737548828125
0.0160064697265625 -0.0181102752685547 0.0385360717773438 0.0679702758789063
0.0221176147460938 -0.0305633544921875 -0.0635833740234375 -0.229751586914063
0.0519599914550781 -0.032623291015625 -0.17138671875 -0.503692626953125
0.0502471923828125 0.00941848754882813 -0.376953125 -0.61212158203125
0.0339279174804688 0.0355987548828125 -0.47210693359375 -0.6158447265625
-0.0160102844238281 0.0425949096679687 -0.4085693359375 -0.65753173828125
-0.0244255065917969 -0.0249404907226563 -0.31878662109375 -0.439300537109375
-0.00578117370605469 -0.0280170440673828 -0.141769409179688 -0.090301513671875
-0.0123300552368164 -0.0159883499145508 0.168792724609375 0.0157012939453125
-0.0451889038085937 -0.00998687744140626 0.341278076171875 0.37481689453125
-0.00644874572753906 0.0223369598388672 0.524169921875 0.47882080078125
0.0073699951171875 0.0484580993652344 0.510528564453125 0.543670654296875
0.00675201416015625 0.0237541198730469 0.310302734375 0.57440185546875
0.0240726470947266 -0.0173797607421875 0.215972900390625 0.545745849609375
0.0271530151367188 -0.00140762329101563 0.1304931640625 0.3345947265625
0.0121250152587891 0.003143310546875 0.040863037109375 0.0732498168945313
0.0151987075805664 -0.00586891174316406 -0.0634613037109375 -0.223495483398438
0.0373878479003906 -0.0142822265625 -0.18353271484375 -0.491455078125
0.0324821472167969 0.010772705078125 -0.39617919921875 -0.59765625
0.0295066833496094 0.0211410522460938 -0.4913330078125 -0.60150146484375
0.00526618957519532 0.0351219177246094 -0.424560546875 -0.6468505859375
-0.00383949279785156 -0.00615692138671875 -0.32501220703125 -0.439910888671875
-0.0111303329467773 -0.0033884048461914 -0.138374328613281 -0.100326538085937
-0.0290069580078125 0.0162372589111328 0.174911499023438 0.01824951171875
-0.0290164947509766 0.0230064392089844 0.33953857421875 0.382781982421875
0.0249614715576172 0.0212001800537109 0.515350341796875 0.492279052734375
0.0136146545410156 0.0253372192382813 0.490386962890625 0.559844970703125
-0.011713981628418 0.011256217956543 0.2886962890625 0.58831787109375
0.0032048225402832 -0.00152850151062012 0.200408935546875 0.5548095703125
0.0207061767578125 0.0246791839599609 0.123565673828125 0.33184814453125
0.00803947448730469 0.0246849060058594 0.0415725708007813 0.0661849975585937
0.00929832458496094 0.0178661346435547 -0.066741943359375 -0.227783203125
0.0223503112792969 0.00550270080566406 -0.198944091796875 -0.485870361328125
0.010981559753418 0.0139083862304687 -0.4171142578125 -0.57855224609375
0.0195426940917969 0.00586128234863281 -0.51177978515625 -0.580078125
0.0262660980224609 0.0211811065673828 -0.446533203125 -0.62890625
0.02008056640625 0.00953483581542969 -0.33013916015625 -0.432037353515625
-0.0139122009277344 0.0261096954345703 -0.135749816894531 -0.101844787597656
-0.0456771850585938 0.0484504699707031 0.17303466796875 0.025146484375
-0.0117950439453125 0.0521888732910156 0.3333740234375 0.391265869140625
0.056304931640625 0.0176773071289062 0.495941162109375 0.512969970703125
0.0188064575195313 0.000459671020507813 0.472412109375 0.58831787109375
-0.0313377380371094 -0.00262451171875 0.27679443359375 0.603515625
-0.0186824798583984 0.0104122161865234 0.191650390625 0.5543212890625
0.0129966735839844 0.0469245910644531 0.12109375 0.322235107421875
0.0024261474609375 0.0430717468261719 0.0391998291015625 0.0516433715820313
0.00439453125 0.0376472473144531 -0.0746612548828125 -0.2396240234375
0.00849723815917969 0.02215576171875 -0.213592529296875 -0.48516845703125
-0.010223388671875 0.0138645172119141 -0.43310546875 -0.56695556640625
0.00791835784912109 -0.0113964080810547 -0.527557373046875 -0.558135986328125
0.0461654663085938 0.00595855712890625 -0.465087890625 -0.6094970703125
0.0451850891113281 0.0222091674804688 -0.337432861328125 -0.42047119140625
-0.0175018310546875 0.052825927734375 -0.1348876953125 -0.0926437377929688
-0.0573043823242187 0.0735702514648438 0.165847778320313 0.0361480712890625
0.00669860839843749 0.0731735229492187 0.320220947265625 0.40130615234375
0.078399658203125 0.00756072998046875 0.47186279296875 0.5362548828125
0.0159473419189453 -0.0231552124023438 0.4530029296875 0.6226806640625
-0.0502128601074219 -0.0146598815917969 0.271728515625 0.6240234375
-0.0378913879394531 0.0197715759277344 0.192413330078125 0.54925537109375
0.00552749633789063 0.0617599487304687 0.118316650390625 0.3016357421875
-0.000194549560546877 0.0533866882324219 0.0357856750488281 0.0286064147949219
-0.00113296508789063 0.0530052185058594 -0.082366943359375 -0.257247924804688
-0.00656700134277344 0.0324382781982422 -0.22833251953125 -0.491424560546875
-0.0296592712402344 0.008758544921875 -0.444244384765625 -0.556396484375
-0.0012664794921875 -0.0312099456787109 -0.538818359375 -0.534332275390625
0.0655364990234375 -0.00848007202148438 -0.48016357421875 -0.5877685546875
0.0652999877929688 0.0341873168945313 -0.342437744140625 -0.406036376953125
-0.022430419921875 0.0785598754882813 -0.136856079101563 -0.0799026489257812
-0.0583114624023438 0.0920867919921875 0.156036376953125 0.04998779296875
0.0242080688476563 0.0789031982421875 0.305908203125 0.409088134765625
0.0884246826171875 -0.010040283203125 0.449615478515625 0.559234619140625
0.0069732666015625 -0.0409088134765625 0.44024658203125 0.65716552734375
-0.0649147033691406 -0.0205802917480469 0.27520751953125 0.6356201171875
-0.0490798950195313 0.0244293212890625 0.19476318359375 0.537017822265625
0.0021209716796875 0.0656700134277344 0.115493774414063 0.275375366210938
-0.002349853515625 0.057373046875 0.0305805206298828 0.0019989013671875
-0.00752639770507813 0.0583915710449219 -0.0892791748046875 -0.279556274414063
-0.0211887359619141 0.0345668792724609 -0.233367919921875 -0.503448486328125
-0.045135498046875 -0.00210571289062499 -0.44482421875 -0.55096435546875
-0.00580215454101563 -0.0507583618164063 -0.54180908203125 -0.515716552734375
0.0824432373046875 -0.0181884765625 -0.49053955078125 -0.565185546875
0.0771102905273437 0.0480804443359375 -0.345245361328125 -0.39208984375
-0.02960205078125 0.0961685180664063 -0.139808654785156 -0.062408447265625
-0.0021820068359375 -0.0722427368164062 0.134956359863281 0.04864501953125
-0.0977783203125 -0.044952392578125 0.329498291015625 0.372772216796875
-0.0500373840332031 0.0418968200683594 0.525665283203125 0.483062744140625
0.0169830322265625 0.0703506469726563 0.556243896484375 0.556640625
0.0397491455078125 0.0146980285644531 0.38568115234375 0.56591796875
0.0442123413085938 -0.0700569152832031 0.27392578125 0.50140380859375
0.0297966003417969 -0.0640296936035156 0.144561767578125 0.282440185546875
0.022613525390625 -0.0512619018554687 0.0290946960449219 0.0322589874267578
0.0318145751953125 -0.0695114135742188 -0.06732177734375 -0.26605224609375
0.0711517333984375 -0.0588607788085937 -0.15521240234375 -0.5362548828125
0.0664215087890625 0.0105514526367188 -0.349853515625 -0.62628173828125
0.0234718322753906 0.0530052185058594 -0.450927734375 -0.60845947265625
-0.0518989562988281 0.0312576293945313 -0.4095458984375 -0.6387939453125
-0.0397605895996094 -0.0656967163085938 -0.329833984375 -0.423370361328125
0.00897216796875 -0.0575942993164063 -0.16522216796875 -0.0562286376953125
0.00192642211914063 -0.062774658203125 0.14459228515625 0.029693603515625
-0.0852584838867187 -0.045867919921875 0.337982177734375 0.365875244140625
-0.0493583679199219 0.0350799560546875 0.53125 0.470550537109375
0.0111312866210937 0.0755996704101563 0.54718017578125 0.54046630859375
0.03680419921875 0.0269317626953125 0.36669921875 0.5645751953125
0.04595947265625 -0.0545692443847656 0.262359619140625 0.518280029296875
0.0335617065429688 -0.049713134765625 0.1448974609375 0.307220458984375
0.0201416015625 -0.0385322570800781 0.0353469848632813 0.0540199279785156
0.0266036987304688 -0.0534820556640625 -0.0648956298828125 -0.244552612304688
0.0633125305175781 -0.0502815246582031 -0.164581298828125 -0.518341064453125
0.0632743835449219 0.00880050659179688 -0.36541748046875 -0.620849609375
0.031646728515625 0.0475959777832031 -0.4615478515625 -0.61669921875
-0.0372314453125 0.0425186157226563 -0.408935546875 -0.65399169921875
-0.0382919311523438 -0.0467376708984375 -0.324554443359375 -0.434600830078125
0.00229644775390625 -0.0480918884277344 -0.152587890625 -0.0743255615234375
-0.000858306884765622 -0.0441627502441406 0.159942626953125 0.018402099609375
-0.0662765502929687 -0.0346717834472656 0.3446044921875 0.365631103515625
-0.0329761505126953 0.0278415679931641 0.5364990234375 0.4654541015625
0.00717926025390625 0.06732177734375 0.5372314453125 0.531341552734375
0.0247116088867188 0.0294094085693359 0.343994140625 0.5677490234375
0.0394287109375 -0.0360679626464844 0.24554443359375 0.533843994140625
0.0326347351074219 -0.0266551971435547 0.1424560546875 0.32440185546875
0.0154304504394531 -0.0187206268310547 0.0392379760742187 0.0689048767089844
0.021270751953125 -0.032470703125 -0.06494140625 -0.228683471679688
0.05023193359375 -0.0351753234863281 -0.1781005859375 -0.503875732421875
0.0507621765136719 0.0103187561035156 -0.38641357421875 -0.607421875
0.0346832275390625 0.0351428985595703 -0.48321533203125 -0.61199951171875
-0.0157508850097656 0.0428581237792969 -0.41705322265625 -0.65521240234375
-0.0250244140625 -0.0243511199951172 -0.327362060546875 -0.43963623046875
-0.00565147399902343 -0.0287761688232422 -0.1444091796875 -0.08966064453125
-0.0123958587646484 -0.0148677825927734 0.170455932617188 0.013641357421875
-0.0473365783691406 -0.0095062255859375 0.34686279296875 0.371795654296875
-0.00613021850585937 0.0233554840087891 0.531890869140625 0.4735107421875
0.00841903686523437 0.048431396484375 0.5216064453125 0.53924560546875
0.00809478759765625 0.0255813598632813 0.31927490234375 0.57470703125
0.0243949890136719 -0.0178585052490234 0.224395751953125 0.5457763671875
0.0296840667724609 -0.000829696655273438 0.135162353515625 0.3349609375
0.0126485824584961 0.00308799743652344 0.042999267578125 0.071746826171875
0.0161285400390625 -0.00680160522460938 -0.0652618408203125 -0.225006103515625
0.0359268188476563 -0.0161781311035156 -0.19012451171875 -0.48895263671875
0.0328731536865234 0.0121631622314453 -0.40557861328125 -0.59332275390625
0.0287551879882813 0.0216407775878906 -0.49981689453125 -0.5987548828125
0.0058441162109375 0.0357475280761719 -0.43701171875 -0.6453857421875
-0.00445318222045898 -0.00667858123779297 -0.3321533203125 -0.435699462890625
-0.0108661651611328 -0.00151634216308594 -0.139640808105469 -0.098297119140625
-0.0290012359619141 0.0167713165283203 0.1761474609375 0.0145263671875
-0.028228759765625 0.0220851898193359 0.344024658203125 0.380584716796875
0.0252418518066406 0.0215187072753906 0.521697998046875 0.489532470703125
0.0141029357910156 0.0248184204101563 0.501800537109375 0.556884765625
-0.0109977722167969 0.0117816925048828 0.297607421875 0.58721923828125
0.00324892997741699 -0.00389242172241211 0.2080078125 0.553924560546875
0.0212326049804688 0.0244426727294922 0.127410888671875 0.334503173828125
0.00706863403320312 0.0244922637939453 0.0422592163085938 0.066741943359375
0.00993919372558594 0.017547607421875 -0.0687713623046875 -0.22747802734375
0.0236797332763672 0.00568771362304688 -0.2049560546875 -0.48272705078125
0.0126981735229492 0.0134029388427734 -0.42401123046875 -0.57476806640625
0.0197734832763672 0.00413703918457031 -0.52105712890625 -0.5760498046875
0.0256996154785156 0.0202770233154297 -0.45654296875 -0.62884521484375
0.0207500457763672 0.00851058959960938 -0.3380126953125 -0.43011474609375
-0.0129566192626953 0.0259227752685547 -0.138595581054688 -0.0979232788085937
-0.0463600158691406 0.0492782592773438 0.174484252929688 0.023162841796875
-0.01171875 0.0523300170898437 0.33795166015625 0.388153076171875
0.0562973022460938 0.0168571472167969 0.503387451171875 0.50921630859375
0.0181064605712891 -0.000757217407226562 0.48138427734375 0.58453369140625
-0.0304203033447266 -0.00194549560546875 0.2862548828125 0.6036376953125
-0.0196208953857422 0.0101375579833984 0.200714111328125 0.554656982421875
0.0135726928710938 0.0462188720703125 0.12579345703125 0.323089599609375
0.00383377075195312 0.0419197082519531 0.0408363342285156 0.0507392883300781
0.00495529174804688 0.038726806640625 -0.0768280029296875 -0.239410400390625
0.00854682922363281 0.0215015411376953 -0.22015380859375 -0.484710693359375
-0.00930118560791016 0.0127964019775391 -0.44073486328125 -0.56280517578125
0.00801563262939453 -0.0118227005004883 -0.538970947265625 -0.55511474609375
0.0467529296875 0.0051422119140625 -0.47540283203125 -0.60693359375
0.0442771911621094 0.0214157104492188 -0.34375 -0.41845703125
-0.0164833068847656 0.0548477172851563 -0.137451171875 -0.0923843383789063
-0.056793212890625 0.0766143798828125 0.166473388671875 0.0329132080078125
0.0067901611328125 0.073638916015625 0.325286865234375 0.39898681640625
0.0783233642578125 0.00460052490234375 0.48126220703125 0.5313720703125
0.0155849456787109 -0.0245246887207031 0.46295166015625 0.62017822265625
-0.05120849609375 -0.0138473510742187 0.280517578125 0.62335205078125
-0.038360595703125 0.0199317932128906 0.200897216796875 0.5487060546875
0.00711059570312501 0.061126708984375 0.121795654296875 0.302520751953125
0.0012664794921875 0.0530738830566406 0.0347023010253906 0.0282917022705078
-0.000785827636718749 0.0530281066894531 -0.08477783203125 -0.257125854492188
-0.00565147399902344 0.0314273834228516 -0.233642578125 -0.49078369140625
-0.0299072265625 0.00814437866210937 -0.45257568359375 -0.5513916015625
-0.00157546997070313 -0.0310764312744141 -0.549591064453125 -0.531829833984375
0.06561279296875 -0.00995635986328125 -0.49151611328125 -0.58538818359375
0.0648345947265625 0.0334930419921875 -0.349945068359375 -0.402435302734375
-0.02239990234375 0.0797882080078125 -0.137748718261719 -0.0788421630859375
-0.0577163696289063 0.0948638916015625 0.157135009765625 0.04864501953125
0.0246353149414063 0.0790023803710937 0.31005859375 0.406280517578125
0.0868377685546875 -0.0117111206054687 0.45697021484375 0.5560302734375
0.00732421875 -0.0419692993164063 0.45074462890625 0.65753173828125
-0.0661697387695313 -0.0203514099121094 0.28448486328125 0.6363525390625
-0.0487403869628906 0.0257530212402344 0.202911376953125 0.537933349609375
0.00436401367187499 0.0669631958007813 0.11993408203125 0.275497436523437
-0.00202178955078125 0.0579109191894531 0.0304584503173828 0.00184249877929688
-0.00661468505859375 0.0606269836425781 -0.092498779296875 -0.278701782226562
-0.0195541381835937 0.0354728698730469 -0.23980712890625 -0.5029296875
-0.0456314086914063 -0.00155639648437499 -0.45306396484375 -0.548095703125
-0.00710678100585938 -0.0526809692382812 -0.548828125 -0.5120849609375
0.0829849243164063 -0.0207443237304688 -0.50048828125 -0.5625
0.07757568359375 0.04571533203125 -0.352142333984375 -0.388275146484375
-0.03033447265625 0.0977706909179687 -0.142593383789063 -0.059356689453125
-0.00411224365234376 -0.0727462768554688 0.1343994140625 0.045501708984375
-0.0970001220703125 -0.0448379516601563 0.33587646484375 0.369171142578125
-0.0506706237792969 0.0420684814453125 0.531707763671875 0.4765625
0.0185775756835938 0.0724258422851563 0.5648193359375 0.552978515625
0.0404281616210938 0.0147285461425781 0.3956298828125 0.56353759765625
0.0423507690429688 -0.0705795288085938 0.281951904296875 0.499481201171875
0.0300979614257813 -0.06689453125 0.149566650390625 0.2816162109375
0.0216331481933594 -0.0523948669433594 0.0290164947509766 0.0315666198730469
0.0299148559570313 -0.0705184936523438 -0.06884765625 -0.26422119140625
0.0716018676757813 -0.0596694946289063 -0.1611328125 -0.537872314453125
0.0676498413085938 0.0105819702148438 -0.35791015625 -0.622802734375
0.0243949890136719 0.0535545349121094 -0.4598388671875 -0.603759765625
-0.05126953125 0.0335617065429688 -0.4189453125 -0.63763427734375
-0.0412826538085938 -0.0665512084960938 -0.33807373046875 -0.421356201171875
0.0117225646972656 -0.0611228942871094 -0.168411254882813 -0.0535736083984375
0.001312255859375 -0.0648612976074219 0.14788818359375 0.0292816162109375
-0.0869598388671875 -0.045013427734375 0.342742919921875 0.362152099609375
-0.0499687194824219 0.0368576049804687 0.54193115234375 0.46142578125
0.0126190185546875 0.075286865234375 0.56072998046875 0.536346435546875
0.0362205505371094 0.0256118774414063 0.3785400390625 0.56292724609375
0.0456161499023437 -0.0575180053710937 0.272735595703125 0.515869140625
0.03314208984375 -0.0488853454589844 0.14959716796875 0.3072509765625
0.0194931030273438 -0.0377082824707031 0.0372543334960938 0.0544052124023438
0.0265350341796875 -0.0541114807128906 -0.0677947998046875 -0.242828369140625
0.06298828125 -0.0516471862792969 -0.173431396484375 -0.514923095703125
0.0634651184082031 0.0078582763671875 -0.3753662109375 -0.61566162109375
0.0338668823242188 0.0464363098144531 -0.47332763671875 -0.6146240234375
-0.0367546081542969 0.0425033569335938 -0.42047119140625 -0.6531982421875
-0.0394020080566406 -0.0465660095214844 -0.3316650390625 -0.431243896484375
0.00194931030273438 -0.0476417541503906 -0.152786254882812 -0.0713653564453125
-0.000885009765625 -0.0436973571777344 0.15966796875 0.016357421875
-0.0678596496582031 -0.03192138671875 0.351806640625 0.360504150390625
-0.0335845947265625 0.0278415679931641 0.54534912109375 0.462158203125
0.00789642333984376 0.0660400390625 0.546234130859375 0.529541015625
0.0277500152587891 0.0287837982177734 0.352783203125 0.564453125
0.0399360656738281 -0.0382766723632813 0.258056640625 0.53277587890625
0.0317287445068359 -0.0280284881591797 0.1473388671875 0.323883056640625
0.0184955596923828 -0.0217094421386719 0.0407791137695312 0.0676841735839844
0.0221462249755859 -0.0317401885986328 -0.067596435546875 -0.227432250976563
0.0485725402832031 -0.0350570678710938 -0.183746337890625 -0.501678466796875
0.050689697265625 0.0119132995605469 -0.39459228515625 -0.605224609375
0.0352554321289063 0.0355987548828125 -0.49169921875 -0.61090087890625
-0.0152626037597656 0.0437088012695312 -0.430908203125 -0.65478515625
-0.0281982421875 -0.0233116149902344 -0.3350830078125 -0.43560791015625
-0.00742149353027344 -0.0269222259521484 -0.142807006835938 -0.0858917236328125
-0.0125179290771484 -0.0152835845947266 0.169509887695313 0.00946044921875
-0.0488433837890625 -0.0078887939453125 0.35296630859375 0.369232177734375
-0.00584220886230469 0.0217857360839844 0.539642333984375 0.46722412109375
0.0106468200683594 0.0492439270019531 0.528228759765625 0.535430908203125
0.00864219665527344 0.0245780944824219 0.32940673828125 0.57061767578125
0.0272121429443359 -0.0194034576416016 0.2330322265625 0.54534912109375
0.0274295806884766 -0.00540733337402344 0.13983154296875 0.333984375
0.0137462615966797 0.00552272796630859 0.0438613891601563 0.0719070434570313
0.0157232284545898 -0.00468254089355469 -0.0685272216796875 -0.222183227539063
0.0370750427246094 -0.0157737731933594 -0.197357177734375 -0.488037109375
0.0338420867919922 0.0105361938476563 -0.410888671875 -0.58697509765625
0.0288810729980469 0.0183696746826172 -0.51007080078125 -0.59442138671875
0.0069580078125 0.0350055694580078 -0.44287109375 -0.6446533203125
-0.0037832260131836 -0.00679397583007813 -0.339508056640625 -0.43353271484375
-0.00995159149169922 -0.00135326385498047 -0.141677856445313 -0.095123291015625
-0.0299835205078125 0.0170173645019531 0.173614501953125 0.0145263671875
-0.0288429260253906 0.0232028961181641 0.35174560546875 0.37847900390625
0.0239658355712891 0.0187358856201172 0.527374267578125 0.48291015625
0.0136203765869141 0.0259590148925781 0.510101318359375 0.55145263671875
-0.0132389068603516 0.0114507675170898 0.306396484375 0.58612060546875
-0.000366568565368652 -0.00136125087738037 0.21978759765625 0.550201416015625
0.0236606597900391 0.0247001647949219 0.13458251953125 0.333221435546875
0.009246826171875 0.0233173370361328 0.0438423156738281 0.0677719116210938
0.0102634429931641 0.0179653167724609 -0.0718231201171875 -0.225997924804687
0.0214691162109375 0.00516891479492188 -0.209259033203125 -0.481475830078125
0.012725830078125 0.0138320922851563 -0.43243408203125 -0.571044921875
0.0240993499755859 0.00301742553710937 -0.52923583984375 -0.575439453125
0.0309200286865234 0.0213718414306641 -0.4696044921875 -0.62548828125
0.0205726623535156 0.00738525390625 -0.34332275390625 -0.425140380859375
-0.0127754211425781 0.0275897979736328 -0.140426635742187 -0.0981292724609375
-0.0451507568359375 0.0515708923339844 0.176742553710938 0.01837158203125
-0.0113143920898438 0.0549125671386719 0.344573974609375 0.386566162109375
0.0561256408691406 0.01519775390625 0.51177978515625 0.508148193359375
0.0184249877929688 -7.62939453125E-05 0.48974609375 0.58123779296875
-0.0317344665527344 -0.00177192687988281 0.29534912109375 0.6015625
-0.0187454223632813 0.0106315612792969 0.20965576171875 0.55181884765625
0.0145187377929687 0.0470390319824219 0.129058837890625 0.3211669921875
0.0027008056640625 0.0415191650390625 0.0400390625 0.0529098510742188
0.00481414794921875 0.0392875671386719 -0.080535888671875 -0.239151000976562
0.00953102111816406 0.0216121673583984 -0.226715087890625 -0.482086181640625
-0.00920200347900391 0.0139856338500977 -0.450927734375 -0.55755615234375
0.00546455383300781 -0.0128278732299805 -0.54925537109375 -0.549102783203125
0.0451087951660156 0.00653076171875 -0.486572265625 -0.6055908203125
0.0438117980957031 0.0200538635253906 -0.350250244140625 -0.413818359375
-0.0164375305175781 0.0578041076660156 -0.138282775878906 -0.0903167724609375
-0.0569381713867187 0.0794219970703125 0.166030883789063 0.031097412109375
0.00777435302734374 0.0751571655273437 0.332366943359375 0.3956298828125
0.0781478881835938 0.00376129150390625 0.488311767578125 0.526824951171875
0.0165977478027344 -0.0242786407470703 0.47259521484375 0.61724853515625
-0.0522422790527344 -0.0155525207519531 0.28814697265625 0.62109375
-0.0382728576660156 0.0201339721679687 0.208770751953125 0.546905517578125
0.00946044921875 0.06024169921875 0.1251220703125 0.3009033203125
0.0023040771484375 0.0559463500976562 0.0355796813964844 0.0273361206054688
8.01086425781215E-05 0.0533905029296875 -0.088897705078125 -0.2564697265625
-0.00563621520996094 0.0324993133544922 -0.23846435546875 -0.48876953125
-0.0291023254394531 0.00889205932617187 -0.463348388671875 -0.545135498046875
-0.00152587890625 -0.0326919555664063 -0.55755615234375 -0.526763916015625
0.0638046264648438 -0.0102386474609375 -0.50128173828125 -0.58172607421875
0.0658493041992187 0.0324249267578125 -0.358673095703125 -0.399932861328125
-0.0182418823242188 0.0797348022460938 -0.138809204101562 -0.0746078491210938
-0.0565643310546875 0.0959930419921875 0.156112670898438 0.046356201171875
0.0248184204101563 0.078460693359375 0.313323974609375 0.4039306640625
0.0867767333984375 -0.0140228271484375 0.462799072265625 0.5504150390625
0.00523757934570312 -0.0430755615234375 0.4617919921875 0.648681640625
-0.0690650939941406 -0.0191879272460938 0.294677734375 0.63543701171875
-0.0492782592773438 0.0255088806152344 0.211090087890625 0.536346435546875
0.00658035278320313 0.0656318664550781 0.122207641601563 0.272171020507813
-0.00177764892578125 0.0567436218261719 0.0293006896972656 0.001983642578125
-0.00731277465820312 0.0599517822265625 -0.097320556640625 -0.278045654296875
-0.0213127136230469 0.0367279052734375 -0.2432861328125 -0.499755859375
-0.04840087890625 -0.000392913818359384 -0.45880126953125 -0.53826904296875
-0.00769042968749999 -0.0555877685546875 -0.557464599609375 -0.506591796875
0.08367919921875 -0.0220489501953125 -0.5106201171875 -0.5546875
0.0790939331054688 0.0463714599609375 -0.359405517578125 -0.38623046875
-0.0284805297851563 0.100982666015625 -0.139442443847656 -0.0572509765625
-0.00543212890625 -0.0707778930664062 0.135116577148438 0.0445556640625
-0.102119445800781 -0.0437240600585938 0.34173583984375 0.36614990234375
-0.0509414672851563 0.0443992614746094 0.542694091796875 0.4708251953125
0.0187911987304688 0.072479248046875 0.573974609375 0.54718017578125
0.0407066345214844 0.0135688781738281 0.402679443359375 0.5582275390625
0.0433349609375 -0.0748825073242188 0.290802001953125 0.4947509765625
0.0288734436035156 -0.0672874450683594 0.151473999023437 0.279342651367187
0.0202751159667969 -0.05242919921875 0.0323009490966797 0.0338821411132813
0.0293121337890625 -0.07257080078125 -0.073516845703125 -0.265045166015625
0.0714111328125 -0.0622634887695313 -0.169921875 -0.536407470703125
0.0687217712402344 0.00953292846679688 -0.36627197265625 -0.61883544921875
0.0252456665039062 0.0517044067382813 -0.4677734375 -0.60089111328125
-0.0530052185058594 0.0313377380371094 -0.4295654296875 -0.63433837890625
-0.0445289611816406 -0.0653419494628906 -0.34185791015625 -0.418060302734375
0.00968551635742188 -0.0593757629394531 -0.16864013671875 -0.049896240234375
0.00151824951171874 -0.0625762939453125 0.146408081054687 0.025970458984375
-0.0887832641601563 -0.0450210571289062 0.347900390625 0.358428955078125
-0.0512886047363281 0.0358200073242188 0.54425048828125 0.45733642578125
0.0134811401367188 0.0720596313476563 0.56634521484375 0.53076171875
0.0393142700195312 0.0255126953125 0.386260986328125 0.5592041015625
0.0451202392578125 -0.0585289001464844 0.28070068359375 0.512939453125
0.0334854125976563 -0.0528335571289063 0.152252197265625 0.306427001953125
0.0226936340332031 -0.0388031005859375 0.0370750427246094 0.0552215576171875
0.0254249572753906 -0.0541572570800781 -0.0711517333984375 -0.2425537109375
0.0625228881835937 -0.0533943176269531 -0.17816162109375 -0.514739990234375
0.0639457702636719 0.00925827026367188 -0.38482666015625 -0.61212158203125
0.0345687866210938 0.0497398376464844 -0.48126220703125 -0.6124267578125
-0.0379753112792969 0.043487548828125 -0.427001953125 -0.649169921875
-0.0395584106445313 -0.0472908020019531 -0.33770751953125 -0.424957275390625
0.00235366821289062 -0.0495758056640625 -0.155227661132813 -0.072052001953125
-0.00222396850585938 -0.0419654846191406 0.158432006835938 0.01275634765625
-0.0694046020507813 -0.0328559875488281 0.356781005859375 0.35833740234375
-0.0330142974853516 0.0275859832763672 0.550628662109375 0.452484130859375
0.0110511779785156 0.0655174255371094 0.55413818359375 0.523101806640625
0.0268325805664063 0.0293540954589844 0.361907958984375 0.561279296875
0.0396614074707031 -0.0398292541503906 0.262115478515625 0.5294189453125
0.0317211151123047 -0.0300769805908203 0.150177001953125 0.3250732421875
0.0176525115966797 -0.0179634094238281 0.0395622253417969 0.0693511962890625
0.0208206176757813 -0.0336856842041016 -0.0711669921875 -0.226806640625
0.049713134765625 -0.0363655090332031 -0.190460205078125 -0.49859619140625
0.0527610778808594 0.00813674926757813 -0.40191650390625 -0.59942626953125
0.0366134643554688 0.0329246520996094 -0.50018310546875 -0.60345458984375
-0.0156440734863281 0.0425643920898438 -0.4393310546875 -0.6484375
-0.0269374847412109 -0.0254173278808594 -0.3411865234375 -0.42926025390625
-0.00660133361816406 -0.0275783538818359 -0.1480712890625 -0.08477783203125
-0.0118169784545898 -0.0120382308959961 0.169754028320313 0.008148193359375
-0.0480232238769531 -0.00608825683593751 0.35858154296875 0.3648681640625
-0.00635719299316406 0.0189666748046875 0.546234130859375 0.46173095703125
0.0105133056640625 0.0483169555664063 0.53497314453125 0.529510498046875
0.00980186462402344 0.0260543823242188 0.33758544921875 0.56878662109375
0.0228500366210938 -0.0197372436523438 0.242919921875 0.54144287109375
0.0306949615478516 -0.00133514404296875 0.144073486328125 0.33294677734375
0.0146884918212891 0.00356006622314453 0.043487548828125 0.0723419189453125
0.0171194076538086 -0.00806999206542969 -0.0691680908203125 -0.222915649414063
0.0350742340087891 -0.0154361724853516 -0.20404052734375 -0.4854736328125
0.0333919525146484 0.0108795166015625 -0.4212646484375 -0.58367919921875
0.0304698944091797 0.0213642120361328 -0.5181884765625 -0.58843994140625
0.00719070434570312 0.0335559844970703 -0.455322265625 -0.6396484375
-0.00562477111816406 -0.00771331787109375 -0.3436279296875 -0.430389404296875
-0.0106983184814453 -0.000777244567871093 -0.143783569335938 -0.09393310546875
-0.0292453765869141 0.0208911895751953 0.176361083984375 0.0074920654296875
-0.0311431884765625 0.0233440399169922 0.35498046875 0.37249755859375
0.0245037078857422 0.0177764892578125 0.53631591796875 0.479034423828125
0.0151500701904297 0.0260715484619141 0.516845703125 0.548309326171875
-0.00865268707275391 0.0127763748168945 0.31805419921875 0.58197021484375
0.00143861770629883 -0.0034639835357666 0.227813720703125 0.552581787109375
0.0208091735839844 0.0229415893554687 0.13800048828125 0.331512451171875
0.0106754302978516 0.0250759124755859 0.0446853637695313 0.0662841796875
0.00874519348144531 0.01788330078125 -0.0717620849609375 -0.226669311523438
0.0229778289794922 0.00128364562988281 -0.216705322265625 -0.4791259765625
0.0126781463623047 0.0123043060302734 -0.4410400390625 -0.56451416015625
0.0191764831542969 0.002227783203125 -0.53759765625 -0.5693359375
0.0275993347167969 0.0198192596435547 -0.47540283203125 -0.618896484375
0.0212421417236328 0.0092010498046875 -0.35137939453125 -0.4217529296875
-0.0129070281982422 0.0275478363037109 -0.141372680664063 -0.096710205078125
-0.0441169738769531 0.0534095764160156 0.174636840820313 0.0143890380859375
-0.00938796997070313 0.0556144714355469 0.35028076171875 0.382537841796875
0.0562400817871094 0.0135536193847656 0.518829345703125 0.500152587890625
0.0159206390380859 -0.00188446044921875 0.49969482421875 0.5772705078125
-0.0292377471923828 -0.00101470947265624 0.302490234375 0.601318359375
-0.0178604125976563 0.0104827880859375 0.21807861328125 0.55242919921875
0.017547607421875 0.046051025390625 0.134002685546875 0.3206787109375
0.00606536865234375 0.0426445007324219 0.04046630859375 0.0501976013183594
0.00762176513671875 0.0381355285644531 -0.0811920166015625 -0.2381591796875
0.00844573974609375 0.0212821960449219 -0.233306884765625 -0.477142333984375
-0.00965309143066406 0.0139074325561523 -0.456634521484375 -0.552947998046875
0.00836563110351562 -0.0133066177368164 -0.55487060546875 -0.543548583984375
0.0479507446289063 0.0035858154296875 -0.49505615234375 -0.59710693359375
0.0441703796386719 0.0212249755859375 -0.35723876953125 -0.41278076171875
-0.0137672424316406 0.0565986633300781 -0.139961242675781 -0.0875396728515625
-0.0526809692382813 0.08087158203125 0.167984008789063 0.0278167724609375
0.00852203369140624 0.0746841430664063 0.336761474609375 0.3896484375
0.0785293579101563 1.52587890625E-05 0.49346923828125 0.522308349609375
0.0160636901855469 -0.025299072265625 0.47979736328125 0.61248779296875
-0.0518608093261719 -0.0128021240234375 0.2998046875 0.61920166015625
-0.0372734069824219 0.0202903747558594 0.217498779296875 0.54571533203125
0.0130805969238281 0.0631332397460938 0.1298828125 0.3004150390625
0.00392532348632812 0.0543937683105469 0.0360107421875 0.0272941589355469
0.00026702880859375 0.0532684326171875 -0.0908355712890625 -0.255508422851563
-0.0060882568359375 0.0323543548583984 -0.247467041015625 -0.4847412109375
-0.0301570892333984 0.0101280212402344 -0.468963623046875 -0.540283203125
-0.0042877197265625 -0.0340633392333984 -0.5667724609375 -0.52166748046875
0.065765380859375 -0.0147056579589844 -0.51019287109375 -0.57476806640625
0.0671463012695313 0.0324478149414063 -0.362060546875 -0.395355224609375
-0.01910400390625 0.0828933715820313 -0.141387939453125 -0.073760986328125
-0.0563278198242188 0.0989608764648437 0.157211303710937 0.044525146484375
0.0265884399414062 0.0810394287109375 0.322662353515625 0.4000244140625
0.0863723754882813 -0.0151596069335938 0.473052978515625 0.549224853515625
0.00675582885742187 -0.0434150695800781 0.46826171875 0.64813232421875
-0.0675010681152344 -0.0174446105957031 0.3076171875 0.62939453125
-0.0518150329589844 0.0264778137207031 0.219696044921875 0.532958984375
0.00822067260742187 0.0658226013183594 0.126632690429688 0.274871826171875
-0.0014801025390625 0.059356689453125 0.0302181243896484 0.00141143798828125
-0.00589752197265624 0.0625572204589844 -0.100189208984375 -0.278244018554688
-0.0198707580566406 0.0348911285400391 -0.2532958984375 -0.493682861328125
-0.0468635559082031 0.00062561035156249 -0.4688720703125 -0.53704833984375
-0.00844955444335938 -0.0535316467285156 -0.565673828125 -0.50262451171875
0.0814590454101563 -0.0266189575195312 -0.520355224609375 -0.5504150390625
0.0791549682617188 0.0439834594726563 -0.365081787109375 -0.38031005859375
-0.0277175903320313 0.102027893066406 -0.144699096679688 -0.0550537109375
-0.00411224365234375 -0.0714111328125 0.134048461914063 0.0425262451171875
-0.103752136230469 -0.0411224365234375 0.345794677734375 0.36053466796875
-0.051971435546875 0.0413055419921875 0.54425048828125 0.4630126953125
0.020599365234375 0.0721359252929688 0.5816650390625 0.53912353515625
0.0444602966308594 0.0139503479003906 0.410797119140625 0.5523681640625
0.04107666015625 -0.0749130249023438 0.2978515625 0.491851806640625
0.0276870727539063 -0.0686683654785156 0.15576171875 0.278076171875
0.0233039855957031 -0.0531730651855469 0.0293598175048828 0.0310707092285156
0.0285568237304688 -0.0728225708007812 -0.0768280029296875 -0.263641357421875
0.0684700012207031 -0.0625228881835938 -0.175506591796875 -0.53106689453125
0.0699119567871094 0.00864028930664063 -0.37469482421875 -0.61346435546875
0.0279579162597656 0.0506095886230469 -0.47686767578125 -0.5938720703125
-0.0502586364746094 0.0356025695800781 -0.4381103515625 -0.62713623046875
-0.0452079772949219 -0.0664443969726562 -0.347503662109375 -0.4102783203125
0.0101051330566406 -0.0598182678222656 -0.168594360351562 -0.04595947265625
0.00182723999023437 -0.0629730224609375 0.144515991210937 0.024169921875
-0.0910491943359375 -0.0426406860351562 0.351043701171875 0.3524169921875
-0.050079345703125 0.035980224609375 0.5499267578125 0.44921875
0.01470947265625 0.0740432739257813 0.57073974609375 0.52386474609375
0.0394058227539063 0.0231513977050781 0.39276123046875 0.55316162109375
0.043701171875 -0.0599746704101562 0.2850341796875 0.50860595703125
0.0329666137695313 -0.0551681518554688 0.158782958984375 0.304229736328125
0.0206146240234375 -0.0388107299804688 0.0375099182128906 0.0545692443847656
0.026153564453125 -0.0564765930175781 -0.0761871337890625 -0.240402221679688
0.0620155334472656 -0.0548324584960938 -0.182464599609375 -0.511627197265625
0.0652885437011719 0.00667953491210938 -0.3900146484375 -0.6075439453125
0.03656005859375 0.0441741943359375 -0.4892578125 -0.60223388671875
-0.0370750427246094 0.04443359375 -0.43701171875 -0.6441650390625
-0.0430679321289063 -0.0471153259277344 -0.3426513671875 -0.42279052734375
0.00241470336914063 -0.0467605590820313 -0.15826416015625 -0.0669403076171875
-0.000999450683593746 -0.0431594848632813 0.158340454101563 0.011138916015625
-0.0702362060546875 -0.0307807922363281 0.360107421875 0.35235595703125
-0.0341358184814453 0.0287399291992187 0.55474853515625 0.446441650390625
0.00967788696289063 0.0638885498046875 0.5628662109375 0.51513671875
0.0277957916259766 0.0316791534423828 0.36895751953125 0.5560302734375
0.0376205444335938 -0.0409736633300781 0.26971435546875 0.525787353515625
0.0324554443359375 -0.03118896484375 0.156005859375 0.3214111328125
0.0187149047851563 -0.0197658538818359 0.0424346923828125 0.0676803588867188
0.0230560302734375 -0.03472900390625 -0.0719146728515625 -0.225509643554688
0.0503158569335938 -0.0378570556640625 -0.197845458984375 -0.49365234375
0.0538482666015625 0.00902938842773438 -0.4095458984375 -0.59271240234375
0.03656005859375 0.0342750549316406 -0.50872802734375 -0.5980224609375
-0.0164108276367187 0.0432052612304688 -0.44683837890625 -0.64593505859375
-0.0292034149169922 -0.024505615234375 -0.345001220703125 -0.42828369140625
-0.00629806518554687 -0.0271892547607422 -0.1478271484375 -0.0811614990234375
-0.0116996765136719 -0.0128107070922852 0.169525146484375 0.005035400390625
-0.0478401184082031 -0.00653076171875 0.361572265625 0.360137939453125
-0.00740814208984375 0.0206832885742188 0.54998779296875 0.455841064453125
0.0110664367675781 0.0491905212402344 0.544097900390625 0.521759033203125
0.0109481811523437 0.025848388671875 0.34552001953125 0.5635986328125
0.023406982421875 -0.0224132537841797 0.249237060546875 0.53961181640625
0.0298442840576172 -0.00425148010253906 0.148162841796875 0.3309326171875
0.0148324966430664 0.00180149078369141 0.0445175170898437 0.072357177734375
0.0160770416259766 -0.00732898712158203 -0.0750885009765625 -0.22100830078125
0.0353813171386719 -0.0178184509277344 -0.2078857421875 -0.480377197265625
0.0335769653320313 0.009368896484375 -0.4266357421875 -0.5751953125
0.0314674377441406 0.0188388824462891 -0.52618408203125 -0.5838623046875
0.0074310302734375 0.0328407287597656 -0.463623046875 -0.63629150390625
-0.00634574890136719 -0.00587368011474609 -0.349822998046875 -0.426605224609375
-0.00886917114257813 -0.00151729583740234 -0.145584106445313 -0.0914306640625
-0.0290756225585938 0.0214576721191406 0.176040649414062 0.0064849853515625
-0.0295448303222656 0.0257835388183594 0.360565185546875 0.366485595703125
0.0249710083007813 0.0160770416259766 0.53826904296875 0.4727783203125
0.0169563293457031 0.0237979888916016 0.5247802734375 0.538238525390625
-0.0092763900756836 0.0135431289672852 0.32513427734375 0.57952880859375
0.000537872314453125 -0.00462627410888672 0.233367919921875 0.545196533203125
0.0241069793701172 0.0205898284912109 0.142913818359375 0.330078125
0.0129547119140625 0.0240879058837891 0.0454750061035156 0.0658111572265625
0.0116844177246094 0.0189971923828125 -0.076873779296875 -0.223037719726563
0.0226192474365234 0.00118064880371094 -0.222412109375 -0.472686767578125
0.0131978988647461 0.0141391754150391 -0.447357177734375 -0.559478759765625
0.0199146270751953 0.00200653076171875 -0.54327392578125 -0.56353759765625
0.0274868011474609 0.0188999176025391 -0.48529052734375 -0.6129150390625
0.0199260711669922 0.00757789611816406 -0.354827880859375 -0.417022705078125
-0.0112781524658203 0.0277252197265625 -0.142333984375 -0.094085693359375
-0.0451431274414062 0.0543098449707031 0.172775268554688 0.012939453125
-0.0108375549316406 0.0554313659667969 0.353179931640625 0.375457763671875
0.0559425354003906 0.0126113891601563 0.525787353515625 0.4906005859375
0.0187034606933594 -0.00106620788574219 0.50579833984375 0.57012939453125
-0.0298328399658203 -0.00069046020507813 0.31268310546875 0.5968017578125
-0.02001953125 0.00853157043457031 0.225860595703125 0.54779052734375
0.0172462463378906 0.0434112548828125 0.137847900390625 0.3184814453125
0.008270263671875 0.043792724609375 0.0438919067382813 0.0504112243652344
0.00756072998046875 0.0394325256347656 -0.0845184326171875 -0.2353515625
0.008087158203125 0.0190830230712891 -0.236480712890625 -0.4732666015625
-0.00921344757080078 0.0156097412109375 -0.46368408203125 -0.545379638671875
0.00513172149658203 -0.0155954360961914 -0.5635986328125 -0.53753662109375
0.0454559326171875 0.000614166259765625 -0.50244140625 -0.59307861328125
0.0465965270996094 0.0190086364746094 -0.3607177734375 -0.40460205078125
-0.0122528076171875 0.0580329895019531 -0.142257690429688 -0.083709716796875
-0.0529327392578125 0.08123779296875 0.167587280273438 0.0253753662109375
0.00860595703125001 0.0753707885742188 0.34124755859375 0.385833740234375
0.0782241821289062 -0.00029754638671875 0.501983642578125 0.515716552734375
0.0163326263427734 -0.0273647308349609 0.489990234375 0.60601806640625
-0.0517616271972656 -0.0113143920898438 0.30926513671875 0.61590576171875
-0.0378532409667969 0.0201225280761719 0.2259521484375 0.5438232421875
0.0124893188476562 0.0591583251953125 0.1341552734375 0.298126220703125
0.0057830810546875 0.0535545349121094 0.0368843078613281 0.0270500183105469
0.00156784057617188 0.0528793334960938 -0.0947265625 -0.252975463867188
-0.00513648986816406 0.0329437255859375 -0.253814697265625 -0.480712890625
-0.0289058685302734 0.00986480712890624 -0.474700927734375 -0.53326416015625
-0.00472068786621093 -0.0326919555664063 -0.5718994140625 -0.5137939453125
0.0669403076171875 -0.0167617797851563 -0.51763916015625 -0.57025146484375
0.0663070678710938 0.0329132080078125 -0.366180419921875 -0.392730712890625
-0.0168228149414062 0.0829391479492188 -0.140068054199219 -0.0716552734375
-0.0522079467773438 0.09942626953125 0.156280517578125 0.041595458984375
0.0276260375976563 0.0783309936523438 0.328033447265625 0.3956298828125
0.088348388671875 -0.0168533325195313 0.47991943359375 0.542022705078125
0.00419998168945313 -0.0450935363769531 0.479736328125 0.63861083984375
-0.0667228698730469 -0.01617431640625 0.3143310546875 0.6292724609375
-0.0498542785644531 0.0279388427734375 0.226806640625 0.52972412109375
0.00867843627929688 0.0666923522949219 0.1309814453125 0.272842407226563
0.00439453125 0.0584449768066406 0.0308113098144531 0.00307464599609375
-0.0040740966796875 0.062652587890625 -0.102249145507813 -0.275009155273438
-0.0213890075683594 0.0359573364257813 -0.259185791015625 -0.491607666015625
-0.0475654602050781 0.000598907470703127 -0.473480224609375 -0.527313232421875
-0.0109024047851563 -0.0520362854003906 -0.5731201171875 -0.49615478515625
0.083282470703125 -0.0260696411132812 -0.52581787109375 -0.544464111328125
0.079620361328125 0.044219970703125 -0.3681640625 -0.375030517578125
-0.0245895385742187 0.10455322265625 -0.14593505859375 -0.053466796875
-0.0045623779296875 -0.0728683471679688 0.134124755859375 0.0399169921875
-0.103111267089844 -0.0400238037109375 0.347381591796875 0.355804443359375
-0.0522117614746094 0.0426101684570312 0.549957275390625 0.454864501953125
0.0217361450195312 0.0703201293945313 0.587890625 0.5291748046875
0.0426673889160156 0.0138397216796875 0.42095947265625 0.547088623046875
0.0386886596679688 -0.0767898559570313 0.302825927734375 0.484405517578125
0.0274200439453125 -0.0729598999023438 0.15875244140625 0.275833129882813
0.0213623046875 -0.0525856018066406 0.0308418273925781 0.0318927764892578
0.027618408203125 -0.0709991455078125 -0.0793609619140625 -0.260604858398438
0.0679550170898437 -0.0650367736816406 -0.18060302734375 -0.524932861328125
0.07208251953125 0.0104751586914063 -0.382080078125 -0.60772705078125
0.0282516479492187 0.0511016845703125 -0.48382568359375 -0.5859375
-0.0495643615722656 0.0328941345214844 -0.44317626953125 -0.622314453125
-0.0452194213867187 -0.0662956237792969 -0.351959228515625 -0.408203125
0.0091400146484375 -0.0603675842285156 -0.166748046875 -0.042144775390625
0.00218963623046875 -0.0626907348632813 0.142196655273437 0.0196990966796875
-0.0922698974609375 -0.039825439453125 0.355621337890625 0.347686767578125
-0.0524711608886719 0.0397262573242188 0.55340576171875 0.44110107421875
0.0150299072265625 0.073577880859375 0.57623291015625 0.510498046875
0.042633056640625 0.0247764587402344 0.40118408203125 0.547637939453125
0.0430107116699219 -0.0599708557128906 0.291656494140625 0.503692626953125
0.0292396545410156 -0.0551490783691406 0.161102294921875 0.300445556640625
0.0194435119628906 -0.0388717651367188 0.037261962890625 0.0514335632324219
0.0259056091308594 -0.0573806762695313 -0.0756378173828125 -0.238967895507812
0.0584259033203125 -0.0543136596679688 -0.1898193359375 -0.507293701171875
0.0660133361816406 0.00336837768554688 -0.39691162109375 -0.596923828125
0.0356941223144531 0.0434989929199219 -0.4976806640625 -0.5947265625
-0.0369071960449219 0.0453453063964844 -0.44635009765625 -0.6365966796875
-0.0449752807617188 -0.0456047058105469 -0.34747314453125 -0.4150390625
0.00312042236328125 -0.0491714477539063 -0.155487060546875 -0.0670013427734375
-0.00133895874023438 -0.0395393371582031 0.156890869140625 0.007598876953125
-0.0714340209960938 -0.0306015014648437 0.366973876953125 0.348907470703125
-0.0333309173583984 0.0265254974365234 0.558563232421875 0.43560791015625
0.0133514404296875 0.0666923522949219 0.5660400390625 0.50567626953125
0.0268306732177734 0.031341552734375 0.378814697265625 0.552490234375
0.0362358093261719 -0.0395469665527344 0.2784423828125 0.5184326171875
0.0304641723632813 -0.0348854064941406 0.159698486328125 0.319305419921875
0.0190086364746094 -0.0212841033935547 0.0417900085449219 0.0676651000976563
0.0217571258544922 -0.0342788696289063 -0.076385498046875 -0.224761962890625
0.0485954284667969 -0.0376396179199219 -0.20159912109375 -0.48797607421875
0.0539932250976562 0.00547409057617187 -0.41705322265625 -0.58184814453125
0.0386848449707031 0.0302772521972656 -0.5128173828125 -0.590576171875
-0.0161323547363281 0.0393218994140625 -0.455322265625 -0.64208984375
-0.0282936096191406 -0.0253982543945313 -0.348419189453125 -0.422210693359375
-0.0045318603515625 -0.0281352996826172 -0.150115966796875 -0.08038330078125
-0.00975894927978516 -0.0123834609985352 0.16888427734375 0.0061492919921875
-0.0495758056640625 -0.00762557983398437 0.366790771484375 0.352020263671875
-0.00786781311035156 0.0203876495361328 0.558807373046875 0.446380615234375
0.0100250244140625 0.045928955078125 0.55181884765625 0.512451171875
0.0124931335449219 0.0230655670166016 0.353515625 0.55987548828125
0.0223484039306641 -0.0231437683105469 0.256683349609375 0.530853271484375
0.0313949584960938 -0.00863265991210937 0.152679443359375 0.326324462890625
0.0182704925537109 0.00260353088378906 0.04437255859375 0.0701637268066406
0.0152692794799805 -0.00837993621826172 -0.074554443359375 -0.218963623046875
0.0355567932128906 -0.0185699462890625 -0.214752197265625 -0.47735595703125
0.0339584350585938 0.00756454467773438 -0.43853759765625 -0.56915283203125
0.0297966003417969 0.0184726715087891 -0.5340576171875 -0.57745361328125
0.00631141662597656 0.0328140258789063 -0.47113037109375 -0.625732421875
-0.00585222244262695 -0.00605058670043945 -0.353729248046875 -0.417999267578125
-0.00966072082519531 -0.000466346740722658 -0.14532470703125 -0.090484619140625
-0.0259342193603516 0.0244865417480469 0.176422119140625 0.00311279296875
-0.0289077758789063 0.0272598266601562 0.364044189453125 0.360260009765625
0.0267086029052734 0.0145587921142578 0.547607421875 0.46221923828125
0.0148334503173828 0.0241184234619141 0.5303955078125 0.53369140625
-0.0115203857421875 0.0141105651855469 0.33087158203125 0.57244873046875
0.0030517578125 -0.00480556488037109 0.240234375 0.53936767578125
0.0216312408447266 0.0188045501708984 0.1483154296875 0.329925537109375
0.0138378143310547 0.02447509765625 0.0459098815917969 0.0687065124511719
0.0122842788696289 0.0163049697875977 -0.078033447265625 -0.22320556640625
0.0204715728759766 0.00204849243164063 -0.227569580078125 -0.470794677734375
0.0134420394897461 0.0114469528198242 -0.454345703125 -0.55047607421875
0.0205955505371094 0.00310516357421875 -0.552978515625 -0.553070068359375
0.0290946960449219 0.0165843963623047 -0.49346923828125 -0.6090087890625
0.0183048248291016 0.00544166564941406 -0.362457275390625 -0.409423828125
-0.0122013092041016 0.0306529998779297 -0.14483642578125 -0.0871124267578125
-0.0429649353027344 0.0540847778320312 0.172607421875 0.00836181640625
-0.00958633422851563 0.0557518005371094 0.35791015625 0.372344970703125
0.0561637878417969 0.0113296508789062 0.5281982421875 0.483489990234375
0.0194015502929688 -0.00193595886230469 0.515045166015625 0.5606689453125
-0.0301513671875 0.00402069091796875 0.3206787109375 0.58984375
-0.018585205078125 0.00867843627929688 0.235565185546875 0.543853759765625
0.0177230834960937 0.0441741943359375 0.140960693359375 0.31939697265625
0.0085601806640625 0.0434303283691406 0.0472488403320312 0.0519142150878906
0.00593185424804688 0.0368766784667969 -0.0889129638671875 -0.233001708984375
0.00860595703125 0.0212326049804688 -0.24578857421875 -0.468597412109375
-0.0079345703125 0.0139598846435547 -0.469696044921875 -0.53717041015625
0.00737094879150391 -0.0153465270996094 -0.5675048828125 -0.5284423828125
0.0467414855957031 -0.00136947631835938 -0.50909423828125 -0.587158203125
0.0461616516113281 0.0175285339355469 -0.366729736328125 -0.39691162109375
-0.0110969543457031 0.0569114685058594 -0.139694213867188 -0.0810470581054688
-0.0513687133789063 0.0824661254882812 0.164474487304688 0.022735595703125
0.00759124755859374 0.078216552734375 0.34637451171875 0.3822021484375
0.0797119140625 -0.00160980224609375 0.506988525390625 0.5087890625
0.0164451599121094 -0.0266456604003906 0.49658203125 0.5972900390625
-0.0515213012695313 -0.0101737976074219 0.31817626953125 0.611083984375
-0.041015625 0.0199394226074219 0.233367919921875 0.540069580078125
0.0118865966796875 0.0588760375976562 0.14068603515625 0.29510498046875
0.006378173828125 0.05340576171875 0.0379447937011719 0.0271186828613281
0.00261688232421875 0.051971435546875 -0.097747802734375 -0.251632690429688
-0.00634574890136719 0.0315589904785156 -0.25933837890625 -0.47528076171875
-0.0282535552978516 0.0105819702148437 -0.48175048828125 -0.5235595703125
-0.00387001037597656 -0.0340175628662109 -0.57830810546875 -0.504638671875
0.0665283203125 -0.0174484252929687 -0.524658203125 -0.56121826171875
0.0652580261230469 0.0284461975097656 -0.375030517578125 -0.38592529296875
-0.015228271484375 0.0835113525390625 -0.141204833984375 -0.0685577392578125
-0.0484237670898437 0.103111267089844 0.15386962890625 0.0395965576171875
0.0262680053710938 0.0810928344726563 0.32958984375 0.390228271484375
0.0888290405273438 -0.0218963623046875 0.4847412109375 0.53704833984375
0.00520706176757813 -0.0441055297851563 0.4869384765625 0.635498046875
-0.0673904418945313 -0.0159988403320312 0.32452392578125 0.62548828125
-0.0495758056640625 0.0253448486328125 0.2342529296875 0.52508544921875
0.00775527954101562 0.0642471313476563 0.134109497070313 0.269821166992188
0.00616455078125 0.0575294494628906 0.0290393829345703 0.000450134277343754
-0.004669189453125 0.0612068176269531 -0.10650634765625 -0.27191162109375
-0.0167350769042969 0.0354461669921875 -0.262481689453125 -0.48419189453125
-0.0464210510253906 0.00182723999023438 -0.48248291015625 -0.518341064453125
-0.0122489929199219 -0.0544319152832031 -0.57769775390625 -0.487548828125
0.0816574096679688 -0.0306320190429688 -0.532958984375 -0.537353515625
0.081756591796875 0.0449066162109375 -0.3736572265625 -0.370452880859375
-0.0242767333984375 0.100067138671875 -0.142044067382813 -0.0516510009765625
-0.00576400756835937 -0.0690231323242188 0.132293701171875 0.0392227172851562
-0.105239868164063 -0.0372772216796875 0.352203369140625 0.3494873046875
-0.0483283996582031 0.0452156066894531 0.5528564453125 0.4490966796875
0.0264244079589844 0.0678558349609375 0.593505859375 0.52337646484375
0.0444679260253906 0.0134811401367188 0.426513671875 0.5400390625
0.0350570678710937 -0.0777740478515625 0.30926513671875 0.47979736328125
0.0287322998046875 -0.0725021362304688 0.161666870117187 0.274368286132813
0.0213890075683594 -0.0557937622070312 0.0314540863037109 0.031707763671875
0.0264511108398438 -0.0750198364257813 -0.081329345703125 -0.258956909179688
0.0678901672363281 -0.0644569396972656 -0.1854248046875 -0.522491455078125
0.0701637268066406 0.00786590576171875 -0.38702392578125 -0.6007080078125
0.0271949768066406 0.0536689758300781 -0.489990234375 -0.57818603515625
-0.0506439208984375 0.0351524353027344 -0.4501953125 -0.612548828125
-0.0488395690917969 -0.0663871765136719 -0.356842041015625 -0.3992919921875
0.00844573974609374 -0.0570335388183594 -0.168914794921875 -0.041748046875
-0.000968933105468744 -0.0618553161621094 0.1451416015625 0.02227783203125
-0.0929183959960937 -0.0401992797851562 0.357757568359375 0.341949462890625
-0.0536689758300781 0.03814697265625 0.559326171875 0.43450927734375
0.01617431640625 0.0720596313476563 0.5831298828125 0.50445556640625
0.0398521423339844 0.0224266052246094 0.4071044921875 0.540618896484375
0.0402183532714844 -0.0600738525390625 0.29962158203125 0.49774169921875
0.0321159362792969 -0.0583534240722656 0.16607666015625 0.297607421875
0.0208206176757813 -0.0396537780761719 0.037078857421875 0.0524253845214844
0.0246391296386719 -0.0578117370605469 -0.0793914794921875 -0.237335205078125
0.0585250854492188 -0.0591163635253906 -0.200103759765625 -0.504638671875
0.0637893676757813 0.004638671875 -0.40167236328125 -0.590576171875
0.0373039245605469 0.0435981750488281 -0.500244140625 -0.59027099609375
-0.0343132019042969 0.0430183410644531 -0.45208740234375 -0.629150390625
-0.0475425720214844 -0.0483322143554687 -0.35089111328125 -0.41046142578125
0.00103378295898438 -0.0487136840820313 -0.155807495117188 -0.0605621337890625
0.000869750976562504 -0.0430488586425781 0.154434204101563 0.004547119140625
-0.0677833557128906 -0.0305213928222656 0.364227294921875 0.343109130859375
-0.0361709594726563 0.0288848876953125 0.56427001953125 0.4287109375
0.0097808837890625 0.0621223449707031 0.5704345703125 0.49981689453125
0.0287284851074219 0.0315704345703125 0.38226318359375 0.545135498046875
0.0351638793945313 -0.0414009094238281 0.285003662109375 0.516082763671875
0.0304946899414063 -0.0328292846679688 0.16033935546875 0.314697265625
0.0168304443359375 -0.0235729217529297 0.0424575805664063 0.0674476623535156
0.0190773010253906 -0.0343036651611328 -0.0774383544921875 -0.222564697265625
0.0486335754394531 -0.0425682067871094 -0.20684814453125 -0.482940673828125
0.0504875183105469 0.00884246826171875 -0.422119140625 -0.575927734375
0.0391769409179688 0.0312156677246094 -0.521728515625 -0.5843505859375
-0.0132598876953125 0.0413055419921875 -0.46014404296875 -0.63360595703125
-0.0289173126220703 -0.0242881774902344 -0.352569580078125 -0.41961669921875
-0.00402641296386718 -0.0256385803222656 -0.152694702148438 -0.0802459716796875
-0.0134954452514648 -0.0113792419433594 0.167770385742188 -0.000915527343750001
-0.047821044921875 -0.00442504882812499 0.370697021484375 0.34619140625
-0.00815391540527344 0.0225753784179688 0.5621337890625 0.436920166015625
0.0162429809570312 0.0497207641601562 0.5537109375 0.50738525390625
0.0123634338378906 0.0239696502685547 0.359375 0.553985595703125
0.0179519653320313 -0.0248680114746094 0.259735107421875 0.524932861328125
0.0299224853515625 -0.00603675842285156 0.156982421875 0.327301025390625
0.0177803039550781 -0.000308990478515625 0.0474700927734375 0.0705947875976563
0.0166511535644531 -0.00952911376953125 -0.0764617919921875 -0.217575073242188
0.0343685150146484 -0.0193061828613281 -0.2177734375 -0.47210693359375
0.035614013671875 0.00628280639648437 -0.440032958984375 -0.55963134765625
0.0343284606933594 0.0187873840332031 -0.5350341796875 -0.56689453125
0.00884056091308593 0.0332202911376953 -0.4786376953125 -0.6197509765625
-0.00574064254760742 -0.00474357604980469 -0.359039306640625 -0.414337158203125
-0.00847959518432617 -0.000631332397460937 -0.143661499023438 -0.086151123046875
-0.0309123992919922 0.0248050689697266 0.173980712890625 0.00262451171875
-0.0301933288574219 0.0254077911376953 0.36614990234375 0.3558349609375
0.0201320648193359 0.0142192840576172 0.550506591796875 0.451202392578125
0.0170001983642578 0.0221233367919922 0.54010009765625 0.52130126953125
-0.00639915466308594 0.0160226821899414 0.33929443359375 0.56500244140625
0.00339937210083008 -0.00440120697021484 0.247314453125 0.53729248046875
0.0261116027832031 0.0185680389404297 0.149810791015625 0.325103759765625
0.0139179229736328 0.0232925415039063 0.0469932556152344 0.0652847290039063
0.0136280059814453 0.0176296234130859 -0.0835418701171875 -0.218429565429688
0.0208988189697266 -1.52587890625E-05 -0.22882080078125 -0.460968017578125
0.0185642242431641 0.013275146484375 -0.458160400390625 -0.54339599609375
0.0200576782226563 0.000751495361328125 -0.555206298828125 -0.54620361328125
0.0268573760986328 0.0156764984130859 -0.4974365234375 -0.60235595703125
0.0178585052490234 0.00557136535644531 -0.363861083984375 -0.406646728515625
-0.0102615356445313 0.0274543762207031 -0.143722534179687 -0.087493896484375
-0.0428886413574219 0.0575599670410156 0.176712036132813 0.0109710693359375
-0.00860977172851562 0.0586204528808594 0.3599853515625 0.365753173828125
0.0559234619140625 0.0111961364746094 0.53375244140625 0.474639892578125
0.0163354873657227 -0.00662326812744141 0.517913818359375 0.555023193359375
-0.0303497314453125 0.00159835815429688 0.33056640625 0.58538818359375
-0.0225257873535156 0.0101165771484375 0.2401123046875 0.53607177734375
0.0219383239746094 0.0391654968261719 0.1448974609375 0.315673828125
0.0108833312988281 0.0439338684082031 0.0444068908691406 0.0498199462890625
0.00633621215820313 0.0403022766113281 -0.0908203125 -0.234344482421875
0.0116081237792969 0.0181407928466797 -0.245697021484375 -0.4609375
-0.0124340057373047 0.0145893096923828 -0.474273681640625 -0.5260009765625
0.00513935089111328 -0.0154018402099609 -0.57366943359375 -0.52056884765625
0.0447425842285156 -0.000560760498046875 -0.51214599609375 -0.5782470703125
0.042816162109375 0.020263671875 -0.3704833984375 -0.3941650390625
-0.0130996704101563 0.0603218078613281 -0.142990112304688 -0.0830841064453125
-0.0509033203125 0.0847930908203125 0.16400146484375 0.0202178955078125
0.0105438232421875 0.0746002197265625 0.34783935546875 0.373626708984375
0.0801849365234375 -0.0020904541015625 0.510345458984375 0.500091552734375
0.0133094787597656 -0.0274562835693359 0.502197265625 0.5888671875
-0.0500717163085938 -0.00823974609375 0.32745361328125 0.6015625
-0.0394363403320313 0.017547607421875 0.238555908203125 0.531219482421875
0.011077880859375 0.0560340881347656 0.139190673828125 0.292327880859375
0.00949478149414063 0.0525550842285156 0.0392570495605469 0.0286979675292969
0.0034332275390625 0.0545806884765625 -0.0951080322265625 -0.2489013671875
-0.0023040771484375 0.0323162078857422 -0.2626953125 -0.467681884765625
-0.0291843414306641 0.0108509063720703 -0.486297607421875 -0.5177001953125
-0.00704193115234375 -0.0343303680419922 -0.580322265625 -0.4984130859375
0.0646629333496094 -0.0186767578125 -0.53076171875 -0.554962158203125
0.0669288635253906 0.0306358337402344 -0.374420166015625 -0.38092041015625
-0.015472412109375 0.0872268676757813 -0.141799926757812 -0.066619873046875
-0.0489654541015625 0.0995635986328125 0.157272338867188 0.039825439453125
0.0307693481445313 0.0787811279296875 0.333892822265625 0.38201904296875
0.083740234375 -0.020721435546875 0.48779296875 0.526824951171875
0.00455474853515625 -0.0464210510253906 0.49310302734375 0.62518310546875
-0.0660820007324219 -0.00998306274414063 0.33233642578125 0.61651611328125
-0.0496749877929688 0.0279083251953125 0.23944091796875 0.519439697265625
0.0105628967285156 0.065155029296875 0.136245727539063 0.266098022460938
0.0071868896484375 0.0584030151367188 0.0301799774169922 -0.00103187561035156
-0.00177001953125 0.0646324157714844 -0.107147216796875 -0.272857666015625
-0.0191917419433594 0.0345783233642578 -0.265472412109375 -0.484161376953125
-0.0461578369140625 -0.00263214111328126 -0.48260498046875 -0.511138916015625
-0.0121345520019531 -0.0547752380371094 -0.5806884765625 -0.47772216796875
0.082244873046875 -0.0294265747070313 -0.540008544921875 -0.53057861328125
0.081756591796875 0.039764404296875 -0.3736572265625 -0.365386962890625
-0.0200958251953125 0.100662231445313 -0.146865844726562 -0.0495452880859375
-0.00480651855468749 -0.0683555603027344 0.133232116699219 0.0355224609375
-0.105766296386719 -0.0348968505859375 0.35101318359375 0.342193603515625
-0.0529823303222656 0.0442390441894531 0.554412841796875 0.439453125
0.0248794555664062 0.067169189453125 0.59527587890625 0.510009765625
0.0473709106445312 0.0120658874511719 0.430419921875 0.53057861328125
0.0373611450195313 -0.0792388916015625 0.3148193359375 0.4710693359375
0.0251312255859375 -0.072113037109375 0.162338256835938 0.27044677734375
0.0218238830566406 -0.056640625 0.02899169921875 0.0310096740722656
0.025360107421875 -0.0721664428710938 -0.0832672119140625 -0.2562255859375
0.0666084289550781 -0.0661735534667969 -0.192291259765625 -0.513916015625
0.07073974609375 0.00485992431640625 -0.39019775390625 -0.590087890625
0.0298233032226563 0.0501594543457031 -0.49114990234375 -0.572021484375
-0.0507240295410156 0.0329132080078125 -0.4569091796875 -0.607177734375
-0.0496253967285156 -0.0630760192871094 -0.357574462890625 -0.394866943359375
0.00977706909179687 -0.0588340759277344 -0.16802978515625 -0.0384521484375
0.000392913818359378 -0.0633201599121094 0.143646240234375 0.0172882080078125
-0.0932540893554688 -0.0386123657226562 0.3597412109375 0.33465576171875
-0.0518646240234375 0.0388069152832031 0.559295654296875 0.423614501953125
0.018096923828125 0.072113037109375 0.58380126953125 0.49822998046875
0.0418243408203125 0.0262413024902344 0.410675048828125 0.534820556640625
0.0401077270507813 -0.0640869140625 0.303741455078125 0.49267578125
0.0318946838378906 -0.0592155456542969 0.16619873046875 0.295257568359375
0.0209693908691406 -0.0414657592773438 0.0382881164550781 0.0523109436035156
0.0221176147460938 -0.0576362609863281 -0.07763671875 -0.233901977539063
0.0588302612304688 -0.0580635070800781 -0.198486328125 -0.495361328125
0.0667724609375 0.00562286376953125 -0.40771484375 -0.5831298828125
0.038482666015625 0.0430412292480469 -0.50604248046875 -0.5816650390625
-0.0330581665039063 0.0436592102050781 -0.45623779296875 -0.6217041015625
-0.0485725402832031 -0.0436210632324219 -0.35308837890625 -0.405120849609375
0.00123977661132813 -0.0484809875488281 -0.155487060546875 -0.057708740234375
-0.00189208984375 -0.0412406921386719 0.15582275390625 0.000976562499999997
-0.0713424682617188 -0.027069091796875 0.36614990234375 0.335906982421875
-0.0333480834960937 0.0294685363769531 0.5657958984375 0.420166015625
0.0142440795898437 0.064239501953125 0.57635498046875 0.489990234375
0.0305709838867188 0.0296516418457031 0.388885498046875 0.53558349609375
0.0365943908691406 -0.0445518493652344 0.28778076171875 0.5076904296875
0.0321617126464844 -0.0341053009033203 0.16400146484375 0.31134033203125
0.0208320617675781 -0.0224971771240234 0.0416374206542969 0.0679550170898438
0.0173587799072266 -0.0350723266601562 -0.0774078369140625 -0.218017578125
0.0463333129882813 -0.03997802734375 -0.21002197265625 -0.4794921875
0.0538978576660156 0.00620651245117188 -0.4244384765625 -0.56866455078125
0.0399208068847656 0.0315437316894531 -0.52294921875 -0.576171875
-0.0134811401367188 0.0429191589355469 -0.46380615234375 -0.62249755859375
-0.0308322906494141 -0.0243873596191406 -0.355682373046875 -0.410675048828125
-0.00665473937988281 -0.0244255065917969 -0.149948120117188 -0.0741119384765625
-0.0125627517700195 -0.0107011795043945 0.1661376953125 -0.0036163330078125
-0.0498771667480469 -0.00360870361328125 0.36962890625 0.337738037109375
-0.0085906982421875 0.0215187072753906 0.56048583984375 0.428436279296875
0.013153076171875 0.0465736389160156 0.558624267578125 0.4981689453125
0.0132122039794922 0.0253047943115234 0.365203857421875 0.545166015625
0.0207958221435547 -0.0249309539794922 0.266082763671875 0.523651123046875
0.0309581756591797 -0.0101509094238281 0.158782958984375 0.323455810546875
0.0164327621459961 0.000864982604980469 0.046478271484375 0.070831298828125
0.0181980133056641 -0.0102672576904297 -0.077911376953125 -0.2137451171875
0.0341930389404297 -0.0207538604736328 -0.22039794921875 -0.46490478515625
0.0364189147949219 0.00642776489257813 -0.441253662109375 -0.55267333984375
0.0309619903564453 0.0165023803710938 -0.541046142578125 -0.560760498046875
0.008941650390625 0.0308856964111328 -0.48223876953125 -0.6134033203125
-0.00757932662963867 -0.00654125213623047 -0.3609619140625 -0.40704345703125
-0.00974082946777344 0.000609397888183592 -0.144912719726563 -0.0835723876953125
-0.0268135070800781 0.0230007171630859 0.1734619140625 -0.0015106201171875
-0.03021240234375 0.0288600921630859 0.36676025390625 0.34991455078125
0.0208225250244141 0.0181083679199219 0.55194091796875 0.44573974609375
0.0172252655029297 0.0217361450195313 0.542877197265625 0.516204833984375
-0.00839519500732422 0.0161943435668945 0.345184326171875 0.55902099609375
-0.000255107879638672 -0.00663900375366211 0.25164794921875 0.528106689453125
0.0251083374023438 0.0177955627441406 0.151947021484375 0.323638916015625
0.0129604339599609 0.0238056182861328 0.0474777221679688 0.0644912719726563
0.0117740631103516 0.0178184509277344 -0.082733154296875 -0.216598510742188
0.0215339660644531 0.00105476379394531 -0.2373046875 -0.45819091796875
0.013554573059082 0.0118389129638672 -0.461181640625 -0.535369873046875
0.0190811157226563 0.000139236450195313 -0.55950927734375 -0.5380859375
0.0282173156738281 0.0165309906005859 -0.50115966796875 -0.591796875
0.0192947387695313 0.0066375732421875 -0.367462158203125 -0.399017333984375
-0.009796142578125 0.0288925170898438 -0.14453125 -0.084014892578125
-0.0391845703125 0.0572738647460938 0.172042846679688 0.004180908203125
-0.008544921875 0.0575637817382813 0.359954833984375 0.358642578125
0.0567207336425781 0.00939178466796875 0.533416748046875 0.468170166015625
0.0197124481201172 -0.00546455383300781 0.52142333984375 0.544891357421875
-0.0278453826904297 0.00132179260253906 0.3314208984375 0.57598876953125
-0.0211277008056641 0.00838851928710938 0.245513916015625 0.531463623046875
0.0197410583496094 0.0450210571289063 0.147857666015625 0.310577392578125
0.0107994079589844 0.0419273376464844 0.0443382263183594 0.049285888671875
0.00930023193359375 0.0383148193359375 -0.08905029296875 -0.22991943359375
0.00683021545410156 0.0188446044921875 -0.251220703125 -0.457855224609375
-0.00710582733154297 0.0171957015991211 -0.47613525390625 -0.519989013671875
0.00734710693359375 -0.0158710479736328 -0.5762939453125 -0.5150146484375
0.0461883544921875 -0.00531387329101563 -0.51959228515625 -0.57037353515625
0.0455894470214844 0.0174789428710937 -0.37322998046875 -0.389678955078125
-0.00942611694335938 0.0595512390136719 -0.141555786132813 -0.0781097412109375
-0.0493698120117187 0.085296630859375 0.163314819335938 0.0174407958984375
0.0117950439453125 0.07550048828125 0.347259521484375 0.3671875
0.07720947265625 -0.0041046142578125 0.51220703125 0.49249267578125
0.0138645172119141 -0.0283794403076172 0.5064697265625 0.5828857421875
-0.0510025024414063 -0.00819015502929686 0.3321533203125 0.59716796875
-0.0404319763183594 0.02008056640625 0.24371337890625 0.526458740234375
0.01373291015625 0.0563392639160156 0.141510009765625 0.292236328125
0.0102272033691406 0.0542373657226562 0.0376663208007812 0.0267333984375
0.00421905517578125 0.05572509765625 -0.100555419921875 -0.246963500976563
-0.00408363342285156 0.0319995880126953 -0.26580810546875 -0.465240478515625
-0.0293483734130859 0.012664794921875 -0.48565673828125 -0.5084228515625
-0.00477218627929688 -0.0357437133789063 -0.583251953125 -0.48968505859375
0.0641059875488281 -0.019866943359375 -0.533447265625 -0.544647216796875
0.0665359497070313 0.0285606384277344 -0.376708984375 -0.374420166015625
-0.012725830078125 0.0845718383789063 -0.142745971679687 -0.0644989013671875
-0.0499343872070312 0.104621887207031 0.152359008789063 0.0338897705078125
0.0296554565429688 0.0797958374023438 0.335784912109375 0.3775634765625
0.08538818359375 -0.0212554931640625 0.49169921875 0.51885986328125
0.00352859497070313 -0.0439872741699219 0.49847412109375 0.61810302734375
-0.0677146911621094 -0.0128936767578125 0.33587646484375 0.611083984375
-0.0504989624023438 0.028076171875 0.24554443359375 0.5107421875
0.0131950378417969 0.06195068359375 0.137069702148438 0.264511108398438
0.00703048706054687 0.0593452453613281 0.02716064453125 0.000604629516601566
-0.000843048095703119 0.0605430603027344 -0.10943603515625 -0.267593383789063
-0.0181846618652344 0.0353469848632813 -0.271331787109375 -0.473480224609375
-0.0474777221679688 0.00344848632812499 -0.48486328125 -0.49981689453125
-0.0125198364257812 -0.0547561645507812 -0.58294677734375 -0.4700927734375
0.0807571411132813 -0.0307235717773438 -0.54327392578125 -0.52215576171875
0.080047607421875 0.0399322509765625 -0.378173828125 -0.3582763671875
-0.02008056640625 0.102874755859375 -0.145050048828125 -0.0460357666015625
-0.00672149658203126 -0.0718994140625 0.128318786621094 0.0332107543945312
-0.102935791015625 -0.0318145751953125 0.354583740234375 0.3389892578125
-0.0532798767089844 0.0436897277832031 0.5556640625 0.430694580078125
0.02362060546875 0.0670661926269531 0.593994140625 0.50372314453125
0.0464096069335938 0.0117034912109375 0.43231201171875 0.52679443359375
0.036651611328125 -0.0805511474609375 0.31744384765625 0.46893310546875
0.0277938842773438 -0.0727386474609375 0.164871215820313 0.266326904296875
0.0238571166992188 -0.0592765808105469 0.0307846069335938 0.03326416015625
0.0285491943359375 -0.0763092041015625 -0.0848541259765625 -0.252655029296875
0.0662040710449219 -0.0688858032226563 -0.19439697265625 -0.508819580078125
0.0706024169921875 0.00749969482421875 -0.392578125 -0.58441162109375
0.0282478332519531 0.0501060485839844 -0.49188232421875 -0.56683349609375
-0.0507965087890625 0.0336952209472656 -0.4591064453125 -0.6019287109375
-0.05255126953125 -0.0634727478027344 -0.3614501953125 -0.389984130859375
0.00661468505859375 -0.0568428039550781 -0.164596557617188 -0.036346435546875
-0.00146865844726562 -0.0637969970703125 0.142593383789062 0.0168304443359375
-0.0956878662109375 -0.0341720581054687 0.3614501953125 0.328765869140625
-0.0513038635253906 0.037353515625 0.560699462890625 0.41424560546875
0.0155105590820313 0.0749740600585938 0.5882568359375 0.4866943359375
0.0448379516601563 0.0245704650878906 0.413787841796875 0.521270751953125
0.0361785888671875 -0.0649948120117188 0.306060791015625 0.486297607421875
0.0301399230957031 -0.0636024475097656 0.168304443359375 0.293853759765625
0.0251808166503906 -0.0423202514648437 0.036865234375 0.0522994995117188
0.023406982421875 -0.0567169189453125 -0.0810699462890625 -0.235244750976563
0.0580406188964844 -0.0573043823242188 -0.205841064453125 -0.490081787109375
0.0691337585449219 0.00460433959960937 -0.4122314453125 -0.58013916015625
0.04107666015625 0.042724609375 -0.508056640625 -0.57391357421875
-0.033905029296875 0.0427932739257812 -0.45782470703125 -0.6160888671875
-0.0448074340820313 -0.0445404052734375 -0.355072021484375 -0.39593505859375
0.000854492187500002 -0.0502548217773438 -0.154449462890625 -0.053924560546875
0.000301361083984379 -0.0426521301269531 0.15350341796875 -0.0018463134765625
-0.0708694458007813 -0.0240249633789063 0.367706298828125 0.328033447265625
-0.0344371795654297 0.0259590148925781 0.56561279296875 0.408935546875
0.01434326171875 0.0613288879394531 0.5743408203125 0.48175048828125
0.0324687957763672 0.0291881561279297 0.38848876953125 0.5262451171875
0.0366897583007812 -0.04754638671875 0.2899169921875 0.50347900390625
0.0304145812988281 -0.0369110107421875 0.167205810546875 0.31219482421875
0.0215835571289062 -0.0220127105712891 0.0449562072753906 0.0648002624511719
0.0160408020019531 -0.0352554321289063 -0.07763671875 -0.21600341796875
0.0493392944335938 -0.0430221557617188 -0.214874267578125 -0.473907470703125
0.0536346435546875 0.00332260131835937 -0.42779541015625 -0.55816650390625
0.0380897521972656 0.0302696228027344 -0.5240478515625 -0.57159423828125
-0.0152816772460938 0.0398941040039063 -0.47076416015625 -0.61566162109375
-0.0300846099853516 -0.0229282379150391 -0.355987548828125 -0.4073486328125
-0.00245857238769531 -0.0241966247558594 -0.147232055664063 -0.070770263671875
-0.0123510360717773 -0.0100984573364258 0.161178588867188 -0.0032501220703125
-0.0446395874023438 -0.0029449462890625 0.370880126953125 0.33502197265625
-0.00652503967285156 0.0209827423095703 0.56427001953125 0.42095947265625
0.0150909423828125 0.0452690124511719 0.5594482421875 0.49169921875
0.0133323669433594 0.0279026031494141 0.368682861328125 0.540435791015625
0.0205135345458984 -0.0269775390625 0.2716064453125 0.518951416015625
0.0321731567382813 -0.0129127502441406 0.15936279296875 0.319488525390625
0.0170717239379883 -0.00119113922119141 0.0432510375976563 0.0727081298828125
0.0136165618896484 -0.00911426544189453 -0.080291748046875 -0.208999633789063
0.0349521636962891 -0.0187587738037109 -0.226043701171875 -0.46063232421875
0.0352897644042969 0.009521484375 -0.4459228515625 -0.54437255859375
0.0293807983398438 0.0163345336914063 -0.5438232421875 -0.550872802734375
0.005859375 0.0330390930175781 -0.487060546875 -0.604248046875
-0.0066981315612793 -0.00311803817749023 -0.36285400390625 -0.406158447265625
-0.0076899528503418 0.00384712219238281 -0.14837646484375 -0.082275390625
-0.0292320251464844 0.0253047943115234 0.168716430664063 -0.0016937255859375
-0.0269584655761719 0.0318527221679687 0.368011474609375 0.34112548828125
0.0219230651855469 0.0123939514160156 0.55352783203125 0.43798828125
0.0156459808349609 0.0238742828369141 0.541259765625 0.5096435546875
-0.00497817993164063 0.0185184478759766 0.3489990234375 0.554046630859375
0.00520801544189453 -0.00993633270263672 0.258758544921875 0.5277099609375
0.0247802734375 0.0138149261474609 0.158721923828125 0.32012939453125
0.0129604339599609 0.0219535827636719 0.0474090576171875 0.0621299743652344
0.0116519927978516 0.0180416107177734 -0.0825958251953125 -0.215866088867188
0.0211448669433594 0.000230789184570312 -0.237701416015625 -0.45648193359375
0.0134048461914062 0.00889205932617188 -0.46234130859375 -0.52789306640625
0.0178260803222656 -0.00120925903320312 -0.56231689453125 -0.53192138671875
0.0302009582519531 0.0179100036621094 -0.50128173828125 -0.587890625
0.02001953125 0.00611686706542969 -0.36883544921875 -0.390869140625
-0.0088958740234375 0.0308036804199219 -0.139968872070312 -0.0816879272460938
-0.0355644226074219 0.0587043762207031 0.169021606445312 0.005035400390625
-0.00826644897460937 0.0562896728515625 0.365447998046875 0.3507080078125
0.0541152954101563 0.00796127319335938 0.53692626953125 0.461181640625
0.0176620483398438 -0.00491905212402344 0.52484130859375 0.541351318359375
-0.0303459167480469 0.00361824035644531 0.337890625 0.57452392578125
-0.02276611328125 0.00811767578125 0.24945068359375 0.52850341796875
0.0232429504394531 0.0405158996582031 0.149444580078125 0.30987548828125
0.0112037658691406 0.0384902954101563 0.0408973693847656 0.0473556518554688
0.00829696655273437 0.0374565124511719 -0.0944061279296875 -0.222732543945313
0.0110683441162109 0.0205135345458984 -0.251251220703125 -0.45367431640625
-0.00545310974121094 0.014307975769043 -0.48187255859375 -0.511322021484375
0.00625038146972656 -0.02105712890625 -0.5777587890625 -0.50921630859375
0.0419731140136719 -0.0020599365234375 -0.51934814453125 -0.5625
0.0450592041015625 0.0142669677734375 -0.370086669921875 -0.384918212890625
-0.0104560852050781 0.0606765747070313 -0.141098022460938 -0.07501220703125
-0.045989990234375 0.0845260620117187 0.161972045898438 0.0137786865234375
0.015380859375 0.075225830078125 0.353485107421875 0.361328125
0.0779647827148438 -0.0045166015625 0.516143798828125 0.48431396484375
0.0123691558837891 -0.0298252105712891 0.507568359375 0.57586669921875
-0.0511817932128906 -0.00899124145507811 0.3369140625 0.59417724609375
-0.0403518676757812 0.0233497619628906 0.24560546875 0.52447509765625
0.0155792236328125 0.0541038513183594 0.142669677734375 0.289215087890625
0.010009765625 0.0536918640136719 0.0382957458496094 0.0289382934570313
0.00311279296875 0.0564002990722656 -0.103713989257813 -0.245254516601563
-0.00377464294433594 0.0341701507568359 -0.267852783203125 -0.455780029296875
-0.027923583984375 0.0117015838623047 -0.486419677734375 -0.49884033203125
-0.0057220458984375 -0.0336627960205078 -0.58477783203125 -0.4810791015625
0.0620689392089844 -0.0210533142089844 -0.536102294921875 -0.541046142578125
0.0660972595214844 0.0274085998535156 -0.374755859375 -0.367584228515625
-0.0088043212890625 0.0847702026367188 -0.140625 -0.063201904296875
-0.0460052490234375 0.102302551269531 0.151153564453125 0.0350189208984375
0.03192138671875 0.0826797485351563 0.33782958984375 0.372955322265625
0.0846939086914063 -0.0233383178710938 0.495269775390625 0.509552001953125
-0.000186920166015629 -0.0432167053222656 0.50360107421875 0.61114501953125
-0.0684585571289063 -0.0136909484863281 0.34210205078125 0.6024169921875
-0.04583740234375 0.0244674682617188 0.2491455078125 0.5125732421875
0.0118827819824219 0.0618171691894531 0.141311645507813 0.264297485351563
0.0102272033691406 0.0613822937011719 0.027374267578125 0.00594329833984375
-0.00152969360351562 0.06585693359375 -0.10858154296875 -0.264480590820313
-0.0204658508300781 0.0334758758544922 -0.272186279296875 -0.466644287109375
-0.0474472045898438 0.001251220703125 -0.49017333984375 -0.4931640625
-0.0156784057617188 -0.0535469055175781 -0.58782958984375 -0.46575927734375
0.077880859375 -0.0340347290039063 -0.54547119140625 -0.51434326171875
0.0807876586914063 0.0410614013671875 -0.379913330078125 -0.352447509765625
-0.0205764770507812 0.101570129394531 -0.146240234375 -0.04132080078125
-0.00354003906249999 -0.0705108642578125 0.12982177734375 0.0288314819335937
-0.105155944824219 -0.0333404541015625 0.35150146484375 0.333282470703125
-0.0528144836425781 0.0413093566894531 0.553131103515625 0.4234619140625
0.0224456787109375 0.0700035095214844 0.59466552734375 0.49365234375
0.0467910766601563 0.0113449096679688 0.437774658203125 0.517730712890625
0.035858154296875 -0.0797042846679688 0.31787109375 0.45953369140625
0.0247268676757813 -0.07421875 0.168014526367187 0.262664794921875
0.0227890014648438 -0.0564155578613281 0.0296478271484375 0.0329113006591797
0.02716064453125 -0.0760879516601563 -0.0881195068359375 -0.252914428710938
0.0620651245117187 -0.0685691833496094 -0.1971435546875 -0.508941650390625
0.0719223022460938 0.003082275390625 -0.39312744140625 -0.57440185546875
0.0322036743164063 0.0458793640136719 -0.4969482421875 -0.561065673828125
-0.04986572265625 0.0334320068359375 -0.45965576171875 -0.595458984375
-0.0493812561035156 -0.0610580444335938 -0.363616943359375 -0.382415771484375
0.00811386108398437 -0.0596046447753906 -0.167694091796875 -0.032257080078125
-0.000457763671875001 -0.0611228942871094 0.143524169921875 0.0097503662109375
-0.0933151245117188 -0.0344390869140625 0.358734130859375 0.320831298828125
-0.0495033264160156 0.0391883850097656 0.56011962890625 0.41021728515625
0.0227088928222656 0.0702705383300781 0.58587646484375 0.480712890625
0.0425338745117188 0.0269355773925781 0.418365478515625 0.51556396484375
0.0384330749511719 -0.0660629272460938 0.307647705078125 0.47821044921875
0.0290298461914062 -0.0586128234863281 0.1663818359375 0.28851318359375
0.023284912109375 -0.042816162109375 0.039398193359375 0.0481834411621094
0.0215873718261719 -0.0602607727050781 -0.082550048828125 -0.23321533203125
0.0572929382324219 -0.0565948486328125 -0.202392578125 -0.488861083984375
0.065277099609375 0.007476806640625 -0.412353515625 -0.56964111328125
0.037139892578125 0.0422515869140625 -0.50982666015625 -0.5692138671875
-0.0379066467285156 0.0405426025390625 -0.462890625 -0.60894775390625
-0.0478935241699219 -0.0499801635742187 -0.353912353515625 -0.39581298828125
0.00159454345703125 -0.0462570190429688 -0.15185546875 -0.0535125732421875
-0.000514984130859371 -0.0385932922363281 0.154098510742188 -0.001983642578125
-0.0671730041503906 -0.0239448547363281 0.36944580078125 0.321807861328125
-0.0353050231933594 0.0273666381835937 0.56317138671875 0.4058837890625
0.0159759521484375 0.0614433288574219 0.577880859375 0.47314453125
0.0313911437988281 0.0298194885253906 0.395172119140625 0.524658203125
0.0355110168457031 -0.047271728515625 0.293426513671875 0.50128173828125
0.0316390991210938 -0.0393218994140625 0.1663818359375 0.304046630859375
0.0208511352539063 -0.0238609313964844 0.0418014526367188 0.06500244140625
0.0164928436279297 -0.0284423828125 -0.0783233642578125 -0.212722778320313
0.0432624816894531 -0.0404510498046875 -0.2169189453125 -0.4661865234375
0.0570297241210938 0.00519943237304688 -0.425384521484375 -0.55621337890625
0.0416336059570313 0.0303153991699219 -0.526580810546875 -0.559814453125
-0.0122108459472656 0.0392112731933594 -0.47406005859375 -0.6085205078125
-0.0330810546875 -0.0218982696533203 -0.356689453125 -0.40020751953125
-0.000171661376953123 -0.0232772827148438 -0.147659301757812 -0.0674285888671875
-0.0133876800537109 -0.00493431091308594 0.162506103515625 -0.0092315673828125
-0.0472908020019531 -0.00391006469726563 0.371246337890625 0.33050537109375
-0.0100231170654297 0.0144147872924805 0.562744140625 0.41339111328125
0.0124244689941406 0.0451240539550781 0.56329345703125 0.47955322265625
0.0127048492431641 0.0276470184326172 0.371307373046875 0.5341796875
0.0221347808837891 -0.0209941864013672 0.278564453125 0.509552001953125
0.0288143157958984 -0.01068115234375 0.161529541015625 0.314788818359375
0.0185012817382813 -0.000194549560546875 0.0497665405273437 0.072113037109375
0.0180568695068359 -0.00715255737304688 -0.079345703125 -0.209030151367188
0.0325279235839844 -0.021026611328125 -0.225006103515625 -0.45269775390625
0.0345249176025391 0.00809860229492187 -0.4443359375 -0.5384521484375
0.0320854187011719 0.0157527923583984 -0.550506591796875 -0.54931640625
0.0117759704589844 0.0327548980712891 -0.4864501953125 -0.6016845703125
-0.00827980041503906 -0.00566530227661133 -0.36614990234375 -0.39825439453125
-0.00346899032592773 0.00130009651184082 -0.143508911132813 -0.0793304443359375
-0.02325439453125 0.0250873565673828 0.164901733398438 -0.000915527343749999
-0.0295963287353516 0.0274791717529297 0.368743896484375 0.33697509765625
0.0218544006347656 0.0125827789306641 0.554290771484375 0.43707275390625
0.0197181701660156 0.0239944458007813 0.5404052734375 0.495361328125
-0.00583839416503906 0.0122566223144531 0.35321044921875 0.547637939453125
0.00174236297607422 -0.0116872787475586 0.258056640625 0.518768310546875
0.0229701995849609 0.0204582214355469 0.15869140625 0.319671630859375
0.0150012969970703 0.0233001708984375 0.0492172241210938 0.0650100708007813
0.0157899856567383 0.0158157348632813 -0.084747314453125 -0.213150024414063
0.0236434936523438 0.00161170959472656 -0.238983154296875 -0.450439453125
0.0137825012207031 0.0125436782836914 -0.46160888671875 -0.522979736328125
0.0211639404296875 -0.000728607177734375 -0.56268310546875 -0.5240478515625
0.0235557556152344 0.0133056640625 -0.50567626953125 -0.5802001953125
0.0190715789794922 0.00617027282714844 -0.368072509765625 -0.39263916015625
-0.00956916809082031 0.030303955078125 -0.142776489257813 -0.084228515625
-0.0333366394042969 0.0592842102050781 0.16693115234375 -0.0022735595703125
-0.0112380981445313 0.0584335327148438 0.364593505859375 0.348297119140625
0.0523147583007812 0.00915908813476562 0.536773681640625 0.4559326171875
0.0224342346191406 -0.00564384460449219 0.525848388671875 0.532379150390625
-0.0335216522216797 0.00377845764160156 0.33795166015625 0.56439208984375
-0.0213203430175781 0.00793647766113281 0.249114990234375 0.520294189453125
0.0191535949707031 0.0418357849121094 0.152801513671875 0.301971435546875
0.0115127563476562 0.0419692993164063 0.0477981567382813 0.0515937805175781
0.00654220581054688 0.0393333435058594 -0.091827392578125 -0.223052978515625
0.010284423828125 0.0198993682861328 -0.256072998046875 -0.447357177734375
-0.00985527038574219 0.0199737548828125 -0.474273681640625 -0.4976806640625
0.00603675842285156 -0.0213737487792969 -0.57867431640625 -0.49737548828125
0.0442848205566406 -0.00608444213867188 -0.523345947265625 -0.553863525390625
0.0399665832519531 0.018585205078125 -0.37030029296875 -0.382843017578125
-0.00768280029296874 0.06207275390625 -0.141372680664063 -0.0753326416015625
-0.0427017211914062 0.0861968994140625 0.159561157226563 0.0128936767578125
0.017547607421875 0.0744705200195313 0.349273681640625 0.361602783203125
0.075836181640625 -0.00555419921875 0.510650634765625 0.47845458984375
0.0146484375 -0.0305271148681641 0.5120849609375 0.56829833984375
-0.0488166809082031 -0.00447463989257813 0.34228515625 0.57830810546875
-0.0400581359863281 0.0190010070800781 0.24810791015625 0.5155029296875
0.0137214660644531 0.055877685546875 0.144622802734375 0.28460693359375
0.0107421875 0.0536460876464844 0.0380897521972656 0.0275535583496094
0.00745010375976563 0.0545806884765625 -0.104751586914063 -0.238800048828125
-0.00502395629882812 0.0311088562011719 -0.270538330078125 -0.450958251953125
-0.0274105072021484 0.0132274627685547 -0.488739013671875 -0.49237060546875
-0.00483131408691406 -0.0346641540527344 -0.5845947265625 -0.478271484375
0.0661201477050781 -0.0266342163085938 -0.535491943359375 -0.531005859375
0.0660171508789063 0.0275459289550781 -0.378692626953125 -0.360321044921875
-0.01318359375 0.0837020874023438 -0.14239501953125 -0.0590057373046875
-0.0478286743164062 0.110733032226562 0.150497436523438 0.0303192138671875
0.0319747924804688 0.0789871215820313 0.338043212890625 0.36614990234375
0.0849075317382812 -0.0262985229492187 0.500152587890625 0.504638671875
0.00189208984375 -0.0514717102050781 0.505615234375 0.6051025390625
-0.0692710876464844 -0.0109062194824219 0.34271240234375 0.598876953125
-0.0528945922851563 0.0275077819824219 0.25006103515625 0.501556396484375
0.0109634399414063 0.0621223449707031 0.138626098632813 0.26385498046875
0.00531768798828124 0.0580711364746094 0.0233116149902344 0.00372123718261719
-0.00254058837890625 0.0629386901855469 -0.112899780273437 -0.257659912109375
-0.0179843902587891 0.0322113037109375 -0.27490234375 -0.459197998046875
-0.0444869995117188 0.0028228759765625 -0.48822021484375 -0.4827880859375
-0.00939559936523437 -0.05084228515625 -0.58441162109375 -0.45068359375
0.0779037475585937 -0.0369873046875 -0.543212890625 -0.5107421875
0.0775527954101563 0.0420379638671875 -0.375335693359375 -0.347808837890625
-0.0173263549804688 0.102531433105469 -0.143539428710938 -0.0413055419921875
-0.00528717041015624 -0.0666275024414063 0.131019592285156 0.0314178466796875
-0.104293823242187 -0.030181884765625 0.35211181640625 0.329986572265625
-0.0539016723632813 0.0433921813964844 0.552734375 0.420562744140625
0.0262069702148437 0.0669021606445313 0.5970458984375 0.490234375
0.0461959838867188 0.0107803344726563 0.4375 0.510894775390625
0.034576416015625 -0.0790481567382813 0.31951904296875 0.4566650390625
0.0227890014648437 -0.074951171875 0.166168212890625 0.260818481445313
0.0227317810058594 -0.0570907592773438 0.0281925201416016 0.0307388305664062
0.02349853515625 -0.0748672485351563 -0.0888519287109375 -0.249786376953125
0.063079833984375 -0.0695266723632812 -0.198577880859375 -0.50323486328125
0.0722885131835938 0.0056915283203125 -0.39508056640625 -0.5694580078125
0.0303611755371094 0.047210693359375 -0.49627685546875 -0.55499267578125
-0.0519943237304688 0.0337181091308594 -0.45904541015625 -0.5887451171875
-0.0524139404296875 -0.0620536804199219 -0.36083984375 -0.37921142578125
0.0122566223144531 -0.0581474304199219 -0.1644287109375 -0.0338592529296875
0.00081253051757812 -0.0580482482910156 0.138206481933594 0.0129165649414062
-0.093658447265625 -0.0318527221679687 0.356689453125 0.3214111328125
-0.0523605346679687 0.0384330749511719 0.556640625 0.4039306640625
0.0187301635742187 0.07177734375 0.58697509765625 0.47735595703125
0.0459136962890625 0.0255126953125 0.41845703125 0.512359619140625
0.0365638732910156 -0.0654563903808594 0.30902099609375 0.473052978515625
0.0297584533691406 -0.0605392456054687 0.168426513671875 0.286468505859375
0.0205955505371094 -0.0439872741699219 0.03704833984375 0.0528793334960938
0.02203369140625 -0.0594253540039063 -0.0830535888671875 -0.225082397460937
0.0557823181152344 -0.0605697631835938 -0.20703125 -0.485382080078125
0.0691032409667969 0.0039520263671875 -0.40911865234375 -0.56298828125
0.0394020080566406 0.0418853759765625 -0.5087890625 -0.56451416015625
-0.0350227355957031 0.0427589416503906 -0.46148681640625 -0.6024169921875
-0.0465049743652344 -0.0443878173828125 -0.355316162109375 -0.391143798828125
0.00289535522460938 -0.046539306640625 -0.153671264648438 -0.0532073974609375
-0.000282287597656251 -0.0400276184082031 0.14666748046875 -0.0018768310546875
-0.0713043212890625 -0.0230789184570312 0.366424560546875 0.318206787109375
-0.0370635986328125 0.0275459289550781 0.56298828125 0.4013671875
0.0136680603027344 0.0653572082519531 0.5762939453125 0.46881103515625
0.0313816070556641 0.0299224853515625 0.396820068359375 0.51885986328125
0.0312042236328125 -0.0471229553222656 0.29510498046875 0.4932861328125
0.0321197509765625 -0.0396690368652344 0.16949462890625 0.303558349609375
0.0205593109130859 -0.0238399505615234 0.0454521179199219 0.0658721923828125
0.0190143585205078 -0.0349597930908203 -0.078369140625 -0.211181640625
0.0432395935058594 -0.0429267883300781 -0.217132568359375 -0.464385986328125
0.0534591674804688 0.00301742553710938 -0.4278564453125 -0.545013427734375
0.0401382446289063 0.0288887023925781 -0.530517578125 -0.5570068359375
-0.0112800598144531 0.0412445068359375 -0.474365234375 -0.60430908203125
-0.0328235626220703 -0.0227413177490234 -0.35821533203125 -0.390106201171875
-0.00346755981445313 -0.0257797241210938 -0.146759033203125 -0.067596435546875
-0.00787448883056641 -0.00630617141723633 0.161346435546875 -0.0091705322265625
-0.0480537414550781 -0.00173187255859375 0.37005615234375 0.32373046875
-0.00879859924316406 0.0207595825195313 0.56060791015625 0.41021728515625
0.014862060546875 0.0466842651367188 0.558624267578125 0.475860595703125
0.0154380798339844 0.0262565612792969 0.37005615234375 0.526123046875
0.0179042816162109 -0.0268459320068359 0.2763671875 0.50518798828125
0.0273571014404297 -0.0132427215576172 0.161895751953125 0.316192626953125
0.0170307159423828 -0.000408172607421875 0.0478363037109375 0.0722732543945313
0.0151605606079102 -0.0113773345947266 -0.0787506103515625 -0.205047607421875
0.0313930511474609 -0.0232830047607422 -0.226409912109375 -0.451263427734375
0.0352210998535156 0.0086212158203125 -0.4461669921875 -0.5308837890625
0.0323219299316406 0.0143280029296875 -0.545379638671875 -0.54229736328125
0.00827598571777344 0.0296382904052734 -0.4874267578125 -0.59112548828125
-0.00836896896362305 -0.00465059280395508 -0.365081787109375 -0.3936767578125
-0.00625705718994141 0.00389528274536133 -0.14410400390625 -0.0783233642578125
-0.0232677459716797 0.0247516632080078 0.16668701171875 -0.0073394775390625
-0.0258312225341797 0.0293903350830078 0.36724853515625 0.333221435546875
0.0221042633056641 0.0143585205078125 0.55126953125 0.42755126953125
0.0166606903076172 0.0202789306640625 0.541046142578125 0.495147705078125
-0.00648307800292969 0.0148277282714844 0.350738525390625 0.542205810546875
-0.00272083282470703 -0.00893592834472656 0.260101318359375 0.512542724609375
0.0235939025878906 0.0148849487304688 0.1583251953125 0.317291259765625
0.0149021148681641 0.0204105377197266 0.049041748046875 0.0636825561523438
0.012446403503418 0.015355110168457 -0.082977294921875 -0.20794677734375
0.0202598571777344 0.00226402282714844 -0.23748779296875 -0.442291259765625
0.0149526596069336 0.0132932662963867 -0.464599609375 -0.514739990234375
0.0178794860839844 0.000152587890625 -0.56072998046875 -0.518310546875
0.0279006958007812 0.014373779296875 -0.50677490234375 -0.5699462890625
0.0169401168823242 0.00679206848144531 -0.37176513671875 -0.38470458984375
-0.00560188293457032 0.0317897796630859 -0.1414794921875 -0.0773773193359375
-0.0374336242675781 0.061279296875 0.164779663085938 0.000717163085937504
-0.00719451904296875 0.0586585998535156 0.35858154296875 0.341949462890625
0.0544471740722656 0.0046234130859375 0.534332275390625 0.449005126953125
0.0168733596801758 -0.00602531433105469 0.526763916015625 0.52362060546875
-0.0275402069091797 0.00421333312988281 0.343170166015625 0.559173583984375
-0.0237331390380859 0.00765419006347656 0.25238037109375 0.51641845703125
0.0211067199707031 0.0366783142089844 0.151702880859375 0.302490234375
0.0143470764160156 0.0386390686035156 0.0462303161621094 0.04718017578125
0.00983047485351562 0.0403289794921875 -0.0928192138671875 -0.221282958984375
0.00832748413085938 0.0181751251220703 -0.2535400390625 -0.4405517578125
-0.00580120086669922 0.0136747360229492 -0.478179931640625 -0.496063232421875
0.00577640533447266 -0.0151329040527344 -0.5792236328125 -0.49365234375
0.0441932678222656 -0.0059356689453125 -0.522003173828125 -0.549835205078125
0.0453948974609375 0.0154266357421875 -0.375701904296875 -0.374603271484375
-0.00758743286132812 0.0588645935058594 -0.140457153320313 -0.0707321166992187
-0.0438232421875 0.0872802734375 0.157943725585938 0.01251220703125
0.012847900390625 0.0777740478515625 0.3494873046875 0.35235595703125
0.073516845703125 -0.0069732666015625 0.51580810546875 0.47467041015625
0.0139675140380859 -0.0295257568359375 0.510955810546875 0.56207275390625
-0.0487022399902344 -0.00532913208007812 0.3399658203125 0.5772705078125
-0.0404090881347656 0.0209541320800781 0.25177001953125 0.5113525390625
0.0147972106933594 0.0531883239746094 0.148162841796875 0.284912109375
0.0125045776367188 0.0523414611816406 0.0385704040527344 0.0258636474609375
0.007049560546875 0.0551414489746094 -0.104812622070313 -0.23687744140625
-0.00447273254394531 0.0320663452148438 -0.268585205078125 -0.447723388671875
-0.0281124114990234 0.0127773284912109 -0.487457275390625 -0.485382080078125
-0.00472259521484375 -0.03662109375 -0.586181640625 -0.470947265625
0.0609855651855469 -0.0223960876464844 -0.53631591796875 -0.523895263671875
0.0641288757324219 0.0272216796875 -0.379486083984375 -0.35955810546875
-0.00923919677734374 0.0862808227539063 -0.139297485351563 -0.0575332641601563
-0.042694091796875 0.106864929199219 0.149627685546875 0.028564453125
0.0319366455078125 0.0790939331054687 0.33465576171875 0.364990234375
0.0825271606445312 -0.026153564453125 0.491790771484375 0.49945068359375
-0.000289916992187497 -0.0458412170410156 0.50347900390625 0.597412109375
-0.0655326843261719 -0.0106658935546875 0.34796142578125 0.59002685546875
-0.0515403747558594 0.0275840759277344 0.253265380859375 0.49761962890625
0.0140342712402344 0.0604209899902344 0.143295288085938 0.2581787109375
0.011016845703125 0.0589065551757813 0.0295791625976563 0.00238609313964844
0.000804901123046874 0.0605697631835938 -0.112930297851563 -0.261383056640625
-0.018524169921875 0.0364875793457031 -0.273284912109375 -0.4576416015625
-0.0455551147460938 0.00593948364257812 -0.48663330078125 -0.484222412109375
-0.0146484375 -0.0539474487304687 -0.58489990234375 -0.44964599609375
0.0788421630859375 -0.0341949462890625 -0.543609619140625 -0.4989013671875
0.0800704956054688 0.0371932983398438 -0.37921142578125 -0.34326171875
-0.0171585083007812 0.105941772460937 -0.141204833984375 -0.0384979248046875
-0.00671005249023438 -0.0673446655273438 0.128044128417969 0.0291748046875
-0.102958679199219 -0.0290908813476563 0.351837158203125 0.326080322265625
-0.0542182922363281 0.0455780029296875 0.54931640625 0.414276123046875
0.02734375 0.0668144226074219 0.59637451171875 0.48590087890625
0.048004150390625 0.0113449096679688 0.435516357421875 0.503662109375
0.0301361083984375 -0.0801239013671875 0.31756591796875 0.453277587890625
0.0219879150390625 -0.0756988525390625 0.16644287109375 0.259002685546875
0.0207138061523437 -0.0566864013671875 0.0302314758300781 0.0314807891845703
0.0236968994140625 -0.07391357421875 -0.085906982421875 -0.247512817382812
0.0600051879882813 -0.0700111389160156 -0.199066162109375 -0.49737548828125
0.0733261108398438 0.00142669677734375 -0.39324951171875 -0.5653076171875
0.0327301025390625 0.0478858947753906 -0.494598388671875 -0.55035400390625
-0.0493621826171875 0.0325813293457031 -0.4642333984375 -0.5816650390625
-0.0530776977539063 -0.0630416870117187 -0.35821533203125 -0.374237060546875
0.0106124877929688 -0.0593833923339844 -0.161422729492188 -0.030242919921875
0.00263214111328125 -0.057586669921875 0.135749816894531 0.0105056762695312
-0.0916824340820313 -0.0330963134765625 0.356842041015625 0.3157958984375
-0.0523872375488281 0.0386161804199219 0.556732177734375 0.39947509765625
0.020599365234375 0.07208251953125 0.58453369140625 0.4715576171875
0.0442695617675781 0.0207481384277344 0.416717529296875 0.505767822265625
0.0334281921386719 -0.0665740966796875 0.310302734375 0.471221923828125
0.0285682678222656 -0.0622062683105469 0.1705322265625 0.283477783203125
0.0209846496582031 -0.0436172485351563 0.0386810302734375 0.054779052734375
0.0208625793457031 -0.0583992004394531 -0.0827484130859375 -0.226882934570312
0.0550613403320313 -0.0615463256835938 -0.20831298828125 -0.47686767578125
0.0671806335449219 0.00265121459960938 -0.409515380859375 -0.556732177734375
0.0398063659667969 0.0425872802734375 -0.5096435546875 -0.5589599609375
-0.0354423522949219 0.0428276062011719 -0.4632568359375 -0.5975341796875
-0.0489387512207031 -0.0437355041503906 -0.35565185546875 -0.387725830078125
0.00378036499023437 -0.0458221435546875 -0.151412963867188 -0.0491943359375
0.00177383422851562 -0.0390281677246094 0.147445678710938 -0.0042266845703125
-0.0695266723632813 -0.0233192443847656 0.3643798828125 0.31536865234375
-0.0373344421386719 0.0285263061523438 0.56134033203125 0.397369384765625
0.015045166015625 0.0618667602539063 0.572021484375 0.46209716796875
0.0335617065429688 0.0314750671386719 0.39520263671875 0.51324462890625
0.0309906005859375 -0.0460662841796875 0.29510498046875 0.487518310546875
0.0302085876464844 -0.0400733947753906 0.169525146484375 0.302581787109375
0.0228614807128906 -0.0258350372314453 0.0454978942871094 0.0668220520019531
0.0174331665039063 -0.0337200164794922 -0.0802154541015625 -0.210494995117188
0.0413360595703125 -0.041046142578125 -0.215850830078125 -0.45965576171875
0.0531768798828125 0.00336456298828125 -0.427215576171875 -0.540374755859375
0.0398941040039063 0.0299415588378906 -0.527801513671875 -0.5537109375
-0.0134468078613281 0.0399551391601563 -0.4744873046875 -0.601318359375
-0.0349979400634766 -0.0233669281005859 -0.35748291015625 -0.39007568359375
-0.00336456298828125 -0.0249614715576172 -0.146194458007813 -0.0649566650390625
-0.00632953643798828 -0.00863885879516602 0.159149169921875 -0.00897216796875
-0.048858642578125 -0.00114440917968749 0.368377685546875 0.31903076171875
-0.0112819671630859 0.0192947387695312 0.558319091796875 0.40496826171875
0.0154762268066406 0.044342041015625 0.559478759765625 0.4713134765625
0.0158882141113281 0.0247364044189453 0.37274169921875 0.521575927734375
0.0179271697998047 -0.0239276885986328 0.2767333984375 0.502593994140625
0.0279407501220703 -0.0145626068115234 0.16473388671875 0.31201171875
0.0160207748413086 -0.00109100341796875 0.0471725463867188 0.0731964111328125
0.0149078369140625 -0.00882339477539063 -0.0784912109375 -0.204910278320313
0.0320873260498047 -0.0204887390136719 -0.2274169921875 -0.446044921875
0.0376968383789063 0.00613784790039062 -0.4439697265625 -0.526763916015625
0.0328941345214844 0.0139179229736328 -0.54351806640625 -0.5345458984375
0.00691032409667969 0.0287361145019531 -0.489990234375 -0.5892333984375
-0.0109157562255859 -0.00628185272216797 -0.36322021484375 -0.389739990234375
-0.00612592697143555 0.00248289108276367 -0.141769409179687 -0.0736236572265625
-0.0248222351074219 0.0274085998535156 0.164093017578125 -0.01043701171875
-0.0265064239501953 0.0305862426757813 0.368072509765625 0.331085205078125
0.0214710235595703 0.0126438140869141 0.55084228515625 0.42388916015625
0.0189075469970703 0.0200271606445313 0.542022705078125 0.490509033203125
-0.00619697570800781 0.0164690017700195 0.352935791015625 0.5340576171875
-0.00286436080932617 -0.00844812393188477 0.263946533203125 0.509490966796875
0.0255508422851563 0.0130691528320313 0.157867431640625 0.3126220703125
0.0168857574462891 0.0221042633056641 0.0523681640625 0.0635032653808594
0.0133018493652344 0.0169668197631836 -0.08428955078125 -0.207977294921875
0.0192852020263672 -0.000261306762695313 -0.241455078125 -0.4378662109375
0.0168018341064453 0.0131998062133789 -0.461761474609375 -0.50457763671875
0.0181770324707031 -0.00106620788574219 -0.561248779296875 -0.5152587890625
0.0270729064941406 0.0125293731689453 -0.5068359375 -0.564697265625
0.018890380859375 0.00435066223144531 -0.368804931640625 -0.383941650390625
-0.00585746765136719 0.0318317413330078 -0.138847351074219 -0.0765304565429688
-0.0348243713378906 0.0598831176757812 0.163925170898438 -0.000671386718749996
-0.00459289550781251 0.0615882873535156 0.35748291015625 0.336669921875
0.0536422729492188 0.00449752807617188 0.532928466796875 0.443817138671875
0.0187416076660156 -0.00388908386230469 0.52752685546875 0.51898193359375
-0.0283184051513672 0.00349044799804687 0.342529296875 0.554718017578125
-0.0261192321777344 0.00815391540527344 0.25604248046875 0.51251220703125
0.0195541381835937 0.0398178100585938 0.15234375 0.301727294921875
0.013671875 0.0389137268066406 0.0449562072753906 0.0496101379394531
0.0129661560058594 0.0390968322753906 -0.09051513671875 -0.21917724609375
0.00780677795410157 0.0205078125 -0.252593994140625 -0.438385009765625
-0.00709915161132813 0.0143613815307617 -0.478118896484375 -0.490325927734375
0.00353717803955078 -0.0149383544921875 -0.57684326171875 -0.489013671875
0.0458106994628906 -0.00537490844726563 -0.521484375 -0.54156494140625
0.0426483154296875 0.0167808532714844 -0.3751220703125 -0.371185302734375
-0.00712966918945312 0.0588798522949219 -0.138374328613281 -0.0696640014648438
-0.0438690185546875 0.0875244140625 0.157211303710937 0.01202392578125
0.0143051147460938 0.07525634765625 0.346435546875 0.348968505859375
0.07275390625 -0.0074005126953125 0.513946533203125 0.466461181640625
0.0130767822265625 -0.0286006927490234 0.512969970703125 0.555938720703125
-0.0494461059570313 -0.00677490234375 0.3406982421875 0.572509765625
-0.0413169860839844 0.0211257934570312 0.253173828125 0.5050048828125
0.0162582397460938 0.0530853271484375 0.148544311523438 0.280471801757813
0.0103797912597656 0.0541648864746094 0.0379714965820313 0.0270423889160156
0.00684356689453125 0.0531768798828125 -0.10125732421875 -0.23590087890625
-0.00474357604980469 0.0323524475097656 -0.267578125 -0.4423828125
-0.0292110443115234 0.0148372650146484 -0.48577880859375 -0.481109619140625
-0.0065155029296875 -0.0355033874511719 -0.5860595703125 -0.464111328125
0.060546875 -0.0223388671875 -0.53741455078125 -0.51849365234375
0.0646324157714844 0.0264816284179687 -0.377410888671875 -0.35595703125
-0.00727081298828124 0.0848159790039063 -0.137977600097656 -0.0548019409179687
-0.041046142578125 0.105606079101563 0.148727416992188 0.02740478515625
0.03424072265625 0.0820159912109375 0.33453369140625 0.357513427734375
0.0831680297851563 -0.0284194946289062 0.494171142578125 0.493194580078125
0.00293350219726563 -0.0445327758789062 0.50543212890625 0.59033203125
-0.0658798217773438 -0.010498046875 0.347900390625 0.5869140625
-0.0535926818847656 0.0302085876464844 0.25653076171875 0.49493408203125
0.0115013122558594 0.0585060119628906 0.141143798828125 0.256332397460938
0.00887298583984375 0.0598945617675781 0.0293712615966797 0.00295829772949219
-8.77380371093715E-05 0.0615348815917969 -0.11279296875 -0.257003784179688
-0.0169486999511719 0.0379371643066406 -0.270233154296875 -0.451751708984375
-0.0451850891113281 0.0057373046875 -0.487060546875 -0.47650146484375
-0.0141410827636719 -0.0536270141601563 -0.58251953125 -0.44342041015625
0.079437255859375 -0.03582763671875 -0.544158935546875 -0.4959716796875
0.0795440673828125 0.0385208129882813 -0.37896728515625 -0.342193603515625
-0.0127944946289062 0.103469848632813 -0.141250610351562 -0.0367279052734375
-0.002227783203125 -0.0665130615234375 0.124534606933594 0.02947998046875
-0.10443115234375 -0.0294876098632812 0.34844970703125 0.323944091796875
-0.0557022094726563 0.0466156005859375 0.5496826171875 0.41107177734375
0.0262184143066406 0.0665130615234375 0.593994140625 0.48095703125
0.0501136779785156 0.0113334655761719 0.435150146484375 0.50311279296875
0.0309982299804687 -0.0790252685546875 0.3203125 0.448272705078125
0.0230789184570313 -0.07574462890625 0.165695190429687 0.258255004882813
0.0209693908691406 -0.0593528747558594 0.0284976959228516 0.0323448181152344
0.0228958129882812 -0.0764541625976563 -0.0857696533203125 -0.24713134765625
0.0609855651855469 -0.0693435668945313 -0.197479248046875 -0.49591064453125
0.07275390625 0.0029144287109375 -0.392486572265625 -0.5609130859375
0.0302276611328125 0.0465240478515625 -0.4954833984375 -0.54473876953125
-0.0486335754394531 0.0350799560546875 -0.46624755859375 -0.57745361328125
-0.055633544921875 -0.0588417053222656 -0.357147216796875 -0.374114990234375
0.0135383605957031 -0.0590934753417969 -0.161224365234375 -0.0276031494140625
0.00408935546875 -0.0567665100097656 0.133979797363281 0.0098876953125
-0.09234619140625 -0.03143310546875 0.3560791015625 0.313201904296875
-0.0520362854003906 0.0393943786621094 0.553863525390625 0.396209716796875
0.0201263427734375 0.0714340209960938 0.584716796875 0.4686279296875
0.0464935302734375 0.0238380432128906 0.418853759765625 0.501007080078125
0.0376167297363281 -0.0655059814453125 0.30889892578125 0.46435546875
0.02911376953125 -0.0604171752929688 0.169677734375 0.282257080078125
0.0231361389160156 -0.044464111328125 0.0369300842285156 0.0528640747070312
0.0223274230957031 -0.0561141967773438 -0.082427978515625 -0.223800659179688
0.0531463623046875 -0.0615005493164062 -0.20477294921875 -0.475006103515625
0.0671119689941406 0.0024566650390625 -0.408172607421875 -0.553802490234375
0.0404586791992188 0.0402984619140625 -0.5107421875 -0.553192138671875
-0.0364532470703125 0.0427207946777344 -0.46429443359375 -0.5943603515625
-0.0506744384765625 -0.0421791076660156 -0.35321044921875 -0.381378173828125
0.00534820556640625 -0.0477828979492187 -0.149490356445313 -0.050872802734375
0.000190734863281248 -0.0388412475585938 0.145217895507813 -0.0039825439453125
-0.0713043212890625 -0.0225906372070313 0.36248779296875 0.314849853515625
-0.0360870361328125 0.0293159484863281 0.558197021484375 0.3931884765625
0.015594482421875 0.0602989196777344 0.57257080078125 0.4571533203125
0.0356292724609375 0.0283126831054688 0.393768310546875 0.5084228515625
0.0293006896972656 -0.0471839904785156 0.29638671875 0.483062744140625
0.0296401977539063 -0.0406761169433594 0.168426513671875 0.29962158203125
0.0228996276855469 -0.0227737426757813 0.0450820922851563 0.0666160583496094
0.0185546875 -0.0366287231445313 -0.0810546875 -0.209152221679688
0.0424423217773438 -0.0412330627441406 -0.21539306640625 -0.457244873046875
0.0537681579589844 0.00292587280273438 -0.42803955078125 -0.536651611328125
0.0379257202148438 0.0304718017578125 -0.527313232421875 -0.54736328125
-0.0142059326171875 0.0411415100097656 -0.47454833984375 -0.59503173828125
-0.0341529846191406 -0.0224361419677734 -0.3555908203125 -0.38836669921875
-0.00151634216308594 -0.0262451171875 -0.14569091796875 -0.063934326171875
-0.0065913200378418 -0.00518894195556641 0.15625 -0.010833740234375
-0.0496635437011719 0.000122070312499993 0.367523193359375 0.31964111328125
-0.00973320007324219 0.0193424224853516 0.553955078125 0.40008544921875
0.014617919921875 0.0433235168457031 0.55718994140625 0.4681396484375
0.0160198211669922 0.0262126922607422 0.371978759765625 0.519775390625
0.0161018371582031 -0.0255184173583984 0.27655029296875 0.5001220703125
0.0269126892089844 -0.0146598815917969 0.166015625 0.30810546875
0.0181846618652344 0.000244140625 0.0484466552734375 0.0716705322265625
0.0151309967041016 -0.00877571105957031 -0.078125 -0.201614379882813
0.0312576293945313 -0.0210990905761719 -0.22625732421875 -0.443023681640625
0.0377311706542969 0.00540924072265625 -0.443115234375 -0.5196533203125
0.032867431640625 0.0126094818115234 -0.539093017578125 -0.530364990234375
0.00868797302246094 0.0294780731201172 -0.488037109375 -0.58148193359375
-0.0112409591674805 -0.00497245788574219 -0.360504150390625 -0.385589599609375
-0.00622081756591797 0.00129032135009766 -0.14251708984375 -0.073486328125
-0.0232353210449219 0.0282878875732422 0.163330078125 -0.007781982421875
-0.0272006988525391 0.0311183929443359 0.3646240234375 0.327423095703125
0.0212574005126953 0.0120677947998047 0.54632568359375 0.418304443359375
0.0167388916015625 0.0201930999755859 0.540496826171875 0.486785888671875
-0.00648880004882812 0.0166749954223633 0.35296630859375 0.53155517578125
-0.00266408920288086 -0.0074009895324707 0.263580322265625 0.507415771484375
0.0236434936523438 0.0146503448486328 0.158538818359375 0.311004638671875
0.0197334289550781 0.0211753845214844 0.0503387451171875 0.0640487670898438
0.00997638702392578 0.0152416229248047 -0.0839996337890625 -0.204727172851563
0.0203666687011719 0.0005950927734375 -0.23834228515625 -0.435211181640625
0.015350341796875 0.0122556686401367 -0.46173095703125 -0.5006103515625
0.0196704864501953 -0.000631332397460937 -0.55987548828125 -0.510467529296875
0.0269699096679688 0.0143909454345703 -0.50799560546875 -0.56109619140625
0.0148887634277344 0.00789260864257813 -0.3671875 -0.3792724609375
-0.00446319580078125 0.0298557281494141 -0.137893676757813 -0.0727996826171875
-0.0342063903808594 0.0607566833496094 0.161422729492188 0.000152587890625004
-0.00782394409179688 0.0569343566894531 0.358306884765625 0.3345947265625
0.0522880554199219 0.00521469116210938 0.5308837890625 0.438140869140625
0.0181713104248047 -0.00640869140625 0.525787353515625 0.5172119140625
-0.0265598297119141 0.00222396850585938 0.341552734375 0.5501708984375
-0.0263919830322266 0.00715065002441406 0.25640869140625 0.505523681640625
0.0193519592285156 0.0360603332519531 0.152740478515625 0.299835205078125
0.0172119140625 0.0426406860351563 0.0459785461425781 0.0507164001464844
0.00835037231445312 0.0405387878417969 -0.0916290283203125 -0.217330932617188
0.00591468811035156 0.0194797515869141 -0.25286865234375 -0.43121337890625
-0.00667190551757813 0.0162038803100586 -0.47528076171875 -0.4854736328125
0.0015869140625 -0.0182037353515625 -0.57647705078125 -0.4835205078125
0.042694091796875 -0.00438690185546875 -0.52435302734375 -0.535675048828125
0.043304443359375 0.0167465209960938 -0.372528076171875 -0.369232177734375
-0.003631591796875 0.0599555969238281 -0.138175964355469 -0.0664749145507812
-0.0421218872070313 0.088104248046875 0.155731201171875 0.0100860595703125
0.017059326171875 0.078338623046875 0.345062255859375 0.347412109375
0.0736770629882813 -0.008880615234375 0.509918212890625 0.46722412109375
0.0128192901611328 -0.0322132110595703 0.50994873046875 0.553375244140625
-0.0500526428222656 -0.00419616699218751 0.34124755859375 0.56646728515625
-0.0437736511230469 0.02313232421875 0.2540283203125 0.50189208984375
0.0167312622070313 0.05279541015625 0.147140502929687 0.2806396484375
0.013214111328125 0.0522956848144531 0.0392112731933594 0.02886962890625
0.00725173950195313 0.0537605285644531 -0.100753784179688 -0.234405517578125
-0.00510978698730469 0.0322322845458984 -0.26812744140625 -0.437957763671875
-0.0269088745117188 0.0136661529541016 -0.485198974609375 -0.476226806640625
-0.00901412963867187 -0.0336322784423828 -0.58251953125 -0.4599609375
0.0614891052246094 -0.0250091552734375 -0.53594970703125 -0.512847900390625
0.0646705627441406 0.02618408203125 -0.3768310546875 -0.3526611328125
-0.00888824462890626 0.08551025390625 -0.137306213378906 -0.0537033081054687
-0.0402145385742187 0.105545043945313 0.143768310546875 0.0250396728515625
0.0336380004882813 0.0775222778320313 0.333099365234375 0.354736328125
0.0797271728515625 -0.028076171875 0.49114990234375 0.4923095703125
0.00112152099609375 -0.0479240417480469 0.50634765625 0.58648681640625
-0.0636672973632813 -0.00794219970703126 0.34771728515625 0.5843505859375
-0.0497169494628906 0.0299758911132812 0.253204345703125 0.489410400390625
0.0110626220703125 0.058013916015625 0.141036987304687 0.253662109375
0.01055908203125 0.0559959411621094 0.0283870697021484 0.00408744812011719
0.00369644165039062 0.062774658203125 -0.112106323242188 -0.256057739257813
-0.0191535949707031 0.0369033813476563 -0.27447509765625 -0.45172119140625
-0.0461883544921875 0.00536346435546874 -0.485443115234375 -0.472137451171875
-0.0155181884765625 -0.0538368225097656 -0.5828857421875 -0.44073486328125
0.0774993896484375 -0.0369644165039063 -0.544952392578125 -0.4927978515625
0.0788345336914063 0.0373611450195313 -0.380584716796875 -0.338470458984375
-0.0126876831054688 0.105712890625 -0.137557983398438 -0.035919189453125
-0.00424957275390625 -0.0659599304199219 0.125732421875 0.0285873413085937
-0.104362487792969 -0.0261383056640625 0.34588623046875 0.321075439453125
-0.0541763305664062 0.0460205078125 0.54705810546875 0.406829833984375
0.027984619140625 0.0665092468261719 0.5927734375 0.478515625
0.0516700744628906 0.0097503662109375 0.433502197265625 0.4974365234375
0.0291290283203125 -0.0795211791992188 0.31976318359375 0.44195556640625
0.0214614868164063 -0.0773849487304688 0.165191650390625 0.256317138671875
0.0211639404296875 -0.058074951171875 0.0296287536621094 0.031890869140625
0.0228424072265625 -0.07379150390625 -0.0864715576171875 -0.243392944335938
0.0608253479003906 -0.0691299438476563 -0.197265625 -0.49163818359375
0.0727081298828125 0.00356292724609375 -0.39324951171875 -0.559112548828125
0.0302619934082031 0.0459747314453125 -0.49371337890625 -0.542449951171875
-0.0505104064941406 0.0355033874511719 -0.46343994140625 -0.5748291015625
-0.0539054870605469 -0.0608711242675781 -0.357818603515625 -0.37109375
0.0134544372558594 -0.0580406188964844 -0.160308837890625 -0.0276336669921875
0.000469207763671869 -0.0567665100097656 0.135643005371094 0.0092315673828125
-0.0922317504882813 -0.0300827026367187 0.352508544921875 0.310577392578125
-0.0517768859863281 0.0390853881835937 0.55023193359375 0.39105224609375
0.0203857421875 0.0691452026367188 0.58465576171875 0.46142578125
0.0460700988769531 0.0234489440917969 0.417266845703125 0.50146484375
0.0324440002441406 -0.065948486328125 0.311187744140625 0.4632568359375
0.026275634765625 -0.063812255859375 0.170700073242188 0.27960205078125
0.0208892822265625 -0.0441741943359375 0.038818359375 0.0526161193847656
0.0216407775878906 -0.0580482482910156 -0.0814056396484375 -0.220077514648438
0.0535316467285156 -0.0590324401855469 -0.206268310546875 -0.471099853515625
0.069580078125 0.00343704223632813 -0.410888671875 -0.54901123046875
0.0393524169921875 0.0408134460449219 -0.508392333984375 -0.55108642578125
-0.0340499877929688 0.0442581176757813 -0.465087890625 -0.58953857421875
-0.0503730773925781 -0.0414772033691406 -0.353759765625 -0.382843017578125
0.003173828125 -0.0477256774902344 -0.148651123046875 -0.04864501953125
0.00298690795898438 -0.0359001159667969 0.145721435546875 -0.00433349609375
-0.0708465576171875 -0.020050048828125 0.361297607421875 0.310211181640625
-0.0385398864746094 0.028594970703125 0.554473876953125 0.389801025390625
0.0169410705566406 0.0619163513183594 0.57086181640625 0.45782470703125
0.0352096557617188 0.0277976989746094 0.3958740234375 0.505126953125
0.029510498046875 -0.0464630126953125 0.2943115234375 0.478790283203125
0.0295219421386719 -0.0431900024414063 0.170623779296875 0.300537109375
0.0187778472900391 -0.0249290466308594 0.0474433898925781 0.0683708190917969
0.0185546875 -0.0363922119140625 -0.0785675048828125 -0.206390380859375
0.0409507751464844 -0.0408363342285156 -0.214447021484375 -0.453277587890625
0.0543251037597656 0.00281906127929688 -0.426483154296875 -0.53546142578125
0.0400199890136719 0.0295982360839844 -0.526702880859375 -0.547119140625
-0.0140914916992188 0.0405349731445313 -0.47344970703125 -0.59136962890625
-0.0331764221191406 -0.021820068359375 -0.356414794921875 -0.387939453125
-0.00326728820800781 -0.0250263214111328 -0.1417236328125 -0.063262939453125
-0.00662708282470703 -0.00781011581420898 0.156021118164062 -0.0113677978515625
-0.0465736389160156 0.00198364257812499 0.36383056640625 0.315216064453125
-0.0110721588134766 0.0182952880859375 0.553985595703125 0.396484375
0.0142669677734375 0.0432205200195313 0.556976318359375 0.465240478515625
0.0184688568115234 0.0261878967285156 0.369384765625 0.51458740234375
0.0171718597412109 -0.0267524719238281 0.27545166015625 0.49371337890625
0.0285110473632813 -0.0162143707275391 0.164154052734375 0.30877685546875
0.0187911987304687 -0.0006866455078125 0.0489578247070313 0.070831298828125
0.0155963897705078 -0.0105476379394531 -0.07763671875 -0.200439453125
0.0291786193847656 -0.0195999145507813 -0.22467041015625 -0.438720703125
0.0380363464355469 0.009735107421875 -0.442596435546875 -0.5162353515625
0.0315818786621094 0.0133705139160156 -0.542724609375 -0.5289306640625
0.007568359375 0.0296154022216797 -0.489501953125 -0.5806884765625
-0.00923347473144531 -0.00259876251220703 -0.35955810546875 -0.384063720703125
-0.0014348030090332 0.0011221170425415 -0.14117431640625 -0.073699951171875
-0.0192012786865234 0.0270919799804688 0.161941528320312 -0.0095367431640625
-0.0240554809570313 0.0320491790771484 0.36212158203125 0.323516845703125
0.0207901000976563 0.01275634765625 0.544403076171875 0.4151611328125
0.0171175003051758 0.0171222686767578 0.539276123046875 0.482635498046875
-0.00304508209228516 0.0164051055908203 0.354583740234375 0.529296875
-0.00429916381835938 -0.00659561157226563 0.262664794921875 0.500946044921875
0.0244693756103516 0.0116405487060547 0.15753173828125 0.311279296875
0.0165386199951172 0.0190830230712891 0.0492897033691406 0.0646820068359375
0.0137996673583984 0.0158319473266602 -0.083282470703125 -0.20361328125
0.0181331634521484 0.00174140930175781 -0.23895263671875 -0.43267822265625
0.0172185897827148 0.0149087905883789 -0.45654296875 -0.499603271484375
0.020416259765625 0.00161552429199219 -0.560577392578125 -0.507293701171875
0.0262432098388672 0.0125274658203125 -0.5072021484375 -0.560272216796875
0.0181083679199219 0.00806427001953125 -0.366363525390625 -0.37738037109375
-0.00563812255859375 0.0320549011230469 -0.138198852539063 -0.0744400024414062
-0.0342292785644531 0.0619163513183594 0.16046142578125 -0.0031585693359375
-0.00524520874023437 0.0600013732910156 0.355072021484375 0.33367919921875
0.0507316589355469 0.00548934936523438 0.529144287109375 0.4361572265625
0.018585205078125 -0.00630760192871094 0.523468017578125 0.513763427734375
-0.0284423828125 0.00467872619628906 0.343902587890625 0.54803466796875
-0.0254344940185547 0.00981521606445313 0.256317138671875 0.505859375
0.0198020935058594 0.0356101989746094 0.15362548828125 0.297576904296875
0.0153007507324219 0.0390815734863281 0.0461654663085938 0.0506935119628906
0.0126380920410156 0.0377349853515625 -0.089569091796875 -0.215362548828125
0.0065155029296875 0.0188941955566406 -0.2554931640625 -0.43145751953125
-0.00661468505859375 0.0163393020629883 -0.47247314453125 -0.480712890625
0.00343894958496094 -0.0164699554443359 -0.5731201171875 -0.482421875
0.0445365905761719 -0.00765609741210938 -0.5228271484375 -0.53753662109375
0.0406646728515625 0.0171012878417969 -0.36907958984375 -0.36468505859375
-0.00534439086914063 0.0615501403808594 -0.135986328125 -0.0684585571289062
-0.0431289672851563 0.0889358520507813 0.155532836914063 0.0101470947265625
0.0157546997070313 0.07696533203125 0.34527587890625 0.343841552734375
0.0718154907226562 -0.00862884521484375 0.509857177734375 0.463623046875
0.0131301879882813 -0.0308113098144531 0.509124755859375 0.54925537109375
-0.0473594665527344 -0.00453567504882812 0.3416748046875 0.56549072265625
-0.0428009033203125 0.0230865478515625 0.252532958984375 0.49957275390625
0.0161361694335938 0.0513916015625 0.148849487304688 0.280242919921875
0.0129623413085937 0.0526657104492188 0.0384521484375 0.02972412109375
0.00709152221679687 0.0554542541503906 -0.102066040039063 -0.2320556640625
-0.00619316101074219 0.0317039489746094 -0.266815185546875 -0.4339599609375
-0.0275955200195313 0.01409912109375 -0.482391357421875 -0.4716796875
-0.00683975219726563 -0.0355033874511719 -0.58148193359375 -0.45556640625
0.0611915588378906 -0.0249824523925781 -0.534210205078125 -0.511199951171875
0.0632896423339844 0.0259437561035156 -0.374176025390625 -0.348663330078125
-0.00596618652343751 0.085113525390625 -0.136955261230469 -0.0529403686523438
-0.0399246215820313 0.105140686035156 0.144195556640625 0.0257415771484375
0.0335006713867187 0.0796966552734375 0.330352783203125 0.352630615234375
0.0814132690429687 -0.0287322998046875 0.49053955078125 0.490509033203125
0.000473022460937502 -0.0480613708496094 0.50238037109375 0.58306884765625
-0.0655555725097656 -0.00847625732421876 0.34893798828125 0.5799560546875
-0.054718017578125 0.0307121276855469 0.254608154296875 0.485382080078125
0.0140914916992187 0.055419921875 0.140899658203125 0.2535400390625
0.0124549865722656 0.0564079284667969 0.027984619140625 0.00359916687011719
0.00208282470703125 0.0632514953613281 -0.113082885742188 -0.2525634765625
-0.0185928344726563 0.0363807678222656 -0.273712158203125 -0.445098876953125
-0.0455741882324219 0.00653076171875001 -0.482391357421875 -0.470123291015625
-0.0153770446777344 -0.05450439453125 -0.57977294921875 -0.43841552734375
0.0780181884765625 -0.0371170043945313 -0.5406494140625 -0.489837646484375
0.0788803100585938 0.0363540649414063 -0.37725830078125 -0.335968017578125
-0.0126190185546875 0.104804992675781 -0.137565612792969 -0.035552978515625
-0.0025482177734375 -0.065643310546875 0.123542785644531 0.0295257568359375
-0.1036376953125 -0.0278396606445313 0.34527587890625 0.31689453125
-0.0537834167480469 0.0463600158691406 0.544769287109375 0.40667724609375
0.0278244018554688 0.0658149719238281 0.59326171875 0.4766845703125
0.0516853332519531 0.0105628967285156 0.433380126953125 0.496551513671875
0.0279464721679688 -0.080230712890625 0.31854248046875 0.442626953125
0.0212249755859375 -0.0784378051757813 0.16510009765625 0.2550048828125
0.0226898193359375 -0.059783935546875 0.0300426483154297 0.0313320159912109
0.0244064331054687 -0.0740280151367188 -0.086395263671875 -0.242080688476563
0.0601272583007812 -0.0712661743164063 -0.19720458984375 -0.489990234375
0.0740814208984375 0.0017242431640625 -0.391845703125 -0.554718017578125
0.0314483642578125 0.0482101440429688 -0.492095947265625 -0.54217529296875
-0.0515174865722656 0.03411865234375 -0.46392822265625 -0.57318115234375
-0.0543060302734375 -0.0614738464355469 -0.356170654296875 -0.368927001953125
0.0133934020996094 -0.0586395263671875 -0.15869140625 -0.026611328125
0.00360870361328125 -0.0581893920898437 0.131431579589844 0.009429931640625
-0.0916976928710938 -0.02947998046875 0.350982666015625 0.31097412109375
-0.0541877746582031 0.0393524169921875 0.54998779296875 0.39178466796875
0.021392822265625 0.0704879760742188 0.582275390625 0.46099853515625
0.0478515625 0.0227317810058594 0.41558837890625 0.49737548828125
0.0325736999511719 -0.0659828186035156 0.31011962890625 0.46063232421875
0.0259475708007812 -0.0638694763183594 0.169479370117188 0.279556274414063
0.0218353271484375 -0.0454864501953125 0.0383338928222656 0.0537185668945313
0.0210838317871094 -0.0585060119628906 -0.080657958984375 -0.220474243164063
0.0531158447265625 -0.0598793029785156 -0.206298828125 -0.468109130859375
0.0685577392578125 0.00229644775390625 -0.405548095703125 -0.545989990234375
0.0398712158203125 0.0410842895507813 -0.506500244140625 -0.550262451171875
-0.0354461669921875 0.0430946350097656 -0.46270751953125 -0.58843994140625
-0.0508537292480469 -0.0409393310546875 -0.3516845703125 -0.38104248046875
0.00503158569335937 -0.0473136901855469 -0.14776611328125 -0.048492431640625
0.00342559814453125 -0.0368270874023438 0.143798828125 -0.005645751953125
-0.0709609985351563 -0.0209274291992188 0.358917236328125 0.30877685546875
-0.0373687744140625 0.0273780822753906 0.55224609375 0.3883056640625
0.0159111022949219 0.0617408752441406 0.5689697265625 0.45526123046875
0.0356674194335938 0.02972412109375 0.393890380859375 0.501800537109375
0.0292625427246094 -0.0466766357421875 0.29296875 0.477874755859375
0.0288887023925781 -0.0422248840332031 0.169708251953125 0.297821044921875
0.0213356018066406 -0.0251808166503906 0.0453224182128906 0.0667915344238281
0.0197830200195313 -0.0361518859863281 -0.0771331787109375 -0.204254150390625
0.0433464050292969 -0.0421638488769531 -0.214508056640625 -0.450469970703125
0.05572509765625 0.004058837890625 -0.42462158203125 -0.532012939453125
0.0390434265136719 0.0279464721679687 -0.522674560546875 -0.543548583984375
-0.0151329040527344 0.0406570434570313 -0.47357177734375 -0.58978271484375
-0.0351028442382812 -0.0217781066894531 -0.3543701171875 -0.385894775390625
-0.00042533874511719 -0.0254535675048828 -0.142684936523438 -0.06268310546875
-0.00502252578735351 -0.00709867477416992 0.154876708984375 -0.01153564453125
-0.0457763671875 0.000373840332031243 0.364349365234375 0.314544677734375
-0.0135269165039063 0.018524169921875 0.55029296875 0.398223876953125
0.0154228210449219 0.0430335998535156 0.55401611328125 0.462432861328125
0.0176677703857422 0.0245609283447266 0.37103271484375 0.51385498046875
0.0142726898193359 -0.0260295867919922 0.276763916015625 0.491485595703125
0.0286235809326172 -0.0159969329833984 0.165069580078125 0.308319091796875
0.0188331604003906 -0.00345802307128906 0.0495529174804688 0.0714797973632813
0.0159931182861328 -0.00933742523193359 -0.0767364501953125 -0.199462890625
0.0298557281494141 -0.0213642120361328 -0.22393798828125 -0.436431884765625
0.0369987487792969 0.00705718994140625 -0.439666748046875 -0.5137939453125
0.0315570831298828 0.0133419036865234 -0.542022705078125 -0.5279541015625
0.00579261779785156 0.0294952392578125 -0.489013671875 -0.5772705078125
-0.0103302001953125 -0.00578975677490234 -0.358795166015625 -0.382232666015625
-0.00255084037780762 0.00155282020568848 -0.139274597167969 -0.072845458984375
-0.0192184448242188 0.0280132293701172 0.161422729492188 -0.0122528076171875
-0.0247707366943359 0.0335025787353516 0.360107421875 0.324859619140625
0.0198802947998047 0.0123481750488281 0.5443115234375 0.413726806640625
0.0177097320556641 0.0185680389404297 0.538970947265625 0.481231689453125
-0.0036163330078125 0.014744758605957 0.3533935546875 0.526397705078125
-0.00526618957519531 -0.00802946090698242 0.261077880859375 0.500640869140625
0.0238590240478516 0.0114459991455078 0.1595458984375 0.309112548828125
0.0170974731445313 0.019439697265625 0.0496444702148438 0.0648994445800781
0.0146245956420898 0.015742301940918 -0.081634521484375 -0.203140258789063
0.0180740356445312 0.000879287719726562 -0.237091064453125 -0.4298095703125
0.0140628814697266 0.0127973556518555 -0.4573974609375 -0.496368408203125
0.0185546875 4.9591064453125E-05 -0.559356689453125 -0.5057373046875
0.02685546875 0.0114498138427734 -0.504608154296875 -0.55908203125
0.0166635513305664 0.00682163238525391 -0.36639404296875 -0.374481201171875
-0.00294303894042969 0.0310039520263672 -0.136611938476562 -0.0738677978515625
-0.0340652465820313 0.0606803894042969 0.160110473632813 -0.001373291015625
-0.00463867187499999 0.0587081909179687 0.353790283203125 0.3310546875
0.050262451171875 0.0053253173828125 0.525421142578125 0.437286376953125
0.0182037353515625 -0.00743675231933594 0.5228271484375 0.509918212890625
-0.0261783599853516 0.00439834594726562 0.343170166015625 0.545318603515625
-0.0258960723876953 0.00851821899414063 0.2550048828125 0.502777099609375
0.0186710357666016 0.0340690612792969 0.1546630859375 0.29693603515625
0.0155181884765625 0.0373077392578125 0.0453987121582031 0.0501365661621094
0.0111961364746094 0.0379829406738281 -0.08892822265625 -0.214157104492188
0.00805282592773437 0.0198516845703125 -0.250457763671875 -0.426239013671875
-0.00469398498535156 0.0158586502075195 -0.47174072265625 -0.4818115234375
0.00440216064453125 -0.0177783966064453 -0.57464599609375 -0.47943115234375
0.0448417663574219 -0.00642776489257812 -0.518890380859375 -0.53509521484375
0.0421028137207031 0.0158348083496094 -0.370361328125 -0.364593505859375
-0.00400924682617187 0.0610542297363281 -0.135398864746094 -0.0657958984375
-0.0403671264648438 0.0886154174804688 0.153533935546875 0.00975036621093751
0.0156402587890625 0.0767059326171875 0.34344482421875 0.33935546875
0.073272705078125 -0.01092529296875 0.507537841796875 0.462158203125
0.0140304565429687 -0.0314159393310547 0.50946044921875 0.548004150390625
-0.04876708984375 -0.00465774536132812 0.3416748046875 0.56231689453125
-0.0426254272460938 0.0218505859375 0.25390625 0.49609375
0.0160980224609375 0.0505447387695313 0.149200439453125 0.277587890625
0.0146980285644531 0.050872802734375 0.038848876953125 0.0289573669433594
0.00778961181640624 0.0556716918945313 -0.100509643554688 -0.231826782226563
-0.00712776184082032 0.0318336486816406 -0.26580810546875 -0.4334716796875
-0.0270442962646484 0.0143604278564453 -0.481689453125 -0.47027587890625
-0.00845909118652344 -0.0346775054931641 -0.58184814453125 -0.45428466796875
0.0617485046386719 -0.0262184143066406 -0.533447265625 -0.5111083984375
0.0635223388671875 0.0269432067871094 -0.37603759765625 -0.348876953125
-0.00603485107421875 0.0857009887695313 -0.134483337402344 -0.0529556274414063
-0.0404586791992188 0.106101989746094 0.144561767578125 0.0255584716796875
0.0338897705078125 0.080963134765625 0.3267822265625 0.35162353515625
0.0791702270507813 -0.0282516479492188 0.488128662109375 0.487884521484375
0.00230026245117187 -0.0465164184570313 0.50396728515625 0.58270263671875
-0.0643959045410156 -0.00803375244140625 0.34710693359375 0.57440185546875
-0.0526046752929687 0.0296592712402344 0.25555419921875 0.48297119140625
0.0132598876953125 0.0574417114257813 0.1416015625 0.252670288085938
0.0115585327148438 0.0560760498046875 0.028564453125 0.00343513488769532
0.00201416015625001 0.0628776550292969 -0.11181640625 -0.251800537109375
-0.0194587707519531 0.0353317260742188 -0.272186279296875 -0.444366455078125
-0.0466232299804688 0.00556564331054687 -0.48052978515625 -0.46697998046875
-0.0152969360351562 -0.0527687072753906 -0.58111572265625 -0.437744140625
0.0775146484375 -0.038787841796875 -0.53985595703125 -0.4866943359375
0.0786514282226562 0.0379104614257812 -0.375244140625 -0.33416748046875
-0.0113983154296875 0.10504150390625 -0.135452270507812 -0.0358810424804688
-0.00201034545898438 -0.0658760070800781 0.121734619140625 0.029449462890625
-0.102249145507813 -0.026214599609375 0.34228515625 0.319061279296875
-0.0551490783691406 0.0466957092285156 0.543182373046875 0.404754638671875
0.0274467468261719 0.0660667419433594 0.59320068359375 0.4766845703125
0.0510444641113281 0.01025390625 0.43365478515625 0.4945068359375
0.0284042358398438 -0.0797805786132812 0.319488525390625 0.438629150390625
0.020965576171875 -0.0789794921875 0.164398193359375 0.25537109375
0.0223770141601563 -0.0596427917480469 0.0290012359619141 0.0331497192382812
0.022491455078125 -0.0753936767578125 -0.0868072509765625 -0.242095947265625
0.0605735778808594 -0.0690727233886719 -0.197418212890625 -0.487091064453125
0.0742645263671875 0.00311279296875 -0.387481689453125 -0.551849365234375
0.0318412780761719 0.0472564697265625 -0.49188232421875 -0.53973388671875
-0.0518798828125 0.0345916748046875 -0.4635009765625 -0.57318115234375
-0.0563392639160156 -0.0603752136230469 -0.35595703125 -0.367706298828125
0.0138626098632812 -0.0593528747558594 -0.156997680664063 -0.0265045166015625
0.00466537475585938 -0.0582847595214844 0.131202697753906 0.00896453857421875
-0.0918731689453125 -0.0301971435546875 0.349822998046875 0.309478759765625
-0.0552330017089844 0.0389137268066406 0.54754638671875 0.391448974609375
0.0211753845214844 0.0696754455566406 0.58245849609375 0.46038818359375
0.0487937927246094 0.023101806640625 0.414642333984375 0.4952392578125
0.031402587890625 -0.0662727355957031 0.308807373046875 0.460784912109375
0.0254898071289062 -0.0652809143066406 0.169464111328125 0.279937744140625
0.0219001770019531 -0.0470504760742188 0.0394325256347656 0.0541877746582031
0.0211868286132812 -0.0593338012695313 -0.0807037353515625 -0.218673706054688
0.0535621643066406 -0.0596656799316406 -0.2047119140625 -0.468353271484375
0.0700721740722656 0.00206756591796875 -0.40631103515625 -0.5430908203125
0.0393447875976563 0.0409011840820312 -0.5062255859375 -0.548095703125
-0.0361824035644531 0.0435371398925781 -0.46136474609375 -0.588134765625
-0.0511207580566406 -0.0402259826660156 -0.351287841796875 -0.379364013671875
0.00654983520507812 -0.0475425720214844 -0.147140502929688 -0.0470123291015625
0.00377273559570312 -0.0372047424316406 0.143630981445313 -0.0053558349609375
-0.0705642700195313 -0.0204315185546875 0.3572998046875 0.3082275390625
-0.0382423400878906 0.0274162292480469 0.550628662109375 0.38702392578125
0.0158424377441406 0.0621261596679688 0.56903076171875 0.45367431640625
0.0361557006835938 0.0273323059082031 0.393463134765625 0.5018310546875
0.02764892578125 -0.0471305847167969 0.295379638671875 0.4774169921875
0.0289192199707031 -0.0427742004394531 0.168670654296875 0.296783447265625
0.0205345153808594 -0.0254669189453125 0.0458259582519531 0.0679359436035156
0.0203628540039063 -0.0355339050292969 -0.076995849609375 -0.203933715820313
0.0424346923828125 -0.0427474975585938 -0.21435546875 -0.449188232421875
0.0562210083007813 0.00237655639648438 -0.422943115234375 -0.530609130859375
0.0390243530273438 0.0284957885742188 -0.5240478515625 -0.5419921875
-0.0140724182128906 0.0413818359375 -0.47100830078125 -0.588134765625
-0.0349082946777344 -0.0208320617675781 -0.35382080078125 -0.38507080078125
-4.00543212890614E-05 -0.0268039703369141 -0.140899658203125 -0.06170654296875
-0.00532817840576172 -0.00685691833496094 0.15460205078125 -0.0115814208984375
-0.0460472106933594 0.00261688232421875 0.36114501953125 0.31201171875
-0.0131416320800781 0.0188789367675781 0.54986572265625 0.39691162109375
0.0153541564941406 0.0425643920898438 0.55352783203125 0.4605712890625
0.0180320739746094 0.0242118835449219 0.371551513671875 0.511566162109375
0.0147686004638672 -0.0261898040771484 0.27630615234375 0.4918212890625
0.0261306762695312 -0.0175895690917969 0.164581298828125 0.3079833984375
0.0189495086669922 -0.00328254699707031 0.0500717163085937 0.0715408325195312
0.0164203643798828 -0.00974845886230469 -0.0763397216796875 -0.19793701171875
0.02789306640625 -0.0202274322509766 -0.22314453125 -0.434326171875
0.0379142761230469 0.00666427612304688 -0.438629150390625 -0.5133056640625
0.0307674407958984 0.0131702423095703 -0.5408935546875 -0.527587890625
0.00746345520019531 0.0297527313232422 -0.4876708984375 -0.5772705078125
-0.0107145309448242 -0.00519180297851563 -0.35980224609375 -0.38287353515625
-0.00333356857299805 0.00113224983215332 -0.1373291015625 -0.071502685546875
-0.0198402404785156 0.0275306701660156 0.160842895507813 -0.0115966796875
-0.0256843566894531 0.031097412109375 0.357025146484375 0.321868896484375
0.0194053649902344 0.0128059387207031 0.543548583984375 0.4141845703125
0.0179767608642578 0.0185413360595703 0.538665771484375 0.4793701171875
-0.00384426116943359 0.0153112411499023 0.35125732421875 0.525390625
-0.00584077835083008 -0.00641012191772461 0.262298583984375 0.49884033203125
0.0231037139892578 0.0100822448730469 0.159515380859375 0.308197021484375
0.0165462493896484 0.0193710327148438 0.0493125915527344 0.0652923583984375
0.0155878067016602 0.016179084777832 -0.0803070068359375 -0.20068359375
0.0195178985595703 0.000898361206054688 -0.23651123046875 -0.4281005859375
0.0155782699584961 0.0129213333129883 -0.454498291015625 -0.49346923828125
0.0190048217773438 -0.000387191772460938 -0.5582275390625 -0.503326416015625
0.0265483856201172 0.0108051300048828 -0.50469970703125 -0.55859375
0.015711784362793 0.00775909423828125 -0.365936279296875 -0.37481689453125
-0.00358390808105469 0.0321884155273438 -0.136642456054688 -0.0731353759765625
-0.0313224792480469 0.0623512268066406 0.157958984375 -0.002410888671875
-0.00274276733398437 0.0595245361328125 0.35125732421875 0.33160400390625
0.0507965087890625 0.00360870361328125 0.525909423828125 0.435333251953125
0.0186843872070313 -0.00782203674316406 0.52130126953125 0.510467529296875
-0.0266590118408203 0.00316238403320313 0.343597412109375 0.5428466796875
-0.0270614624023438 0.00876426696777343 0.25433349609375 0.500579833984375
0.0186748504638672 0.0341911315917969 0.15484619140625 0.296875
0.0163726806640625 0.0388221740722656 0.0464515686035156 0.0508193969726563
0.0117378234863281 0.03900146484375 -0.088226318359375 -0.212066650390625
0.00749588012695313 0.0201168060302734 -0.25018310546875 -0.42645263671875
-0.00604534149169922 0.0156736373901367 -0.471710205078125 -0.479248046875
0.0036163330078125 -0.0184001922607422 -0.57183837890625 -0.4794921875
0.0429954528808594 -0.00841522216796875 -0.519134521484375 -0.532958984375
0.0420684814453125 0.0164108276367188 -0.37042236328125 -0.362640380859375
-0.00297164916992188 0.060882568359375 -0.134078979492188 -0.0664825439453125
-0.0396499633789062 0.0888671875 0.153366088867188 0.00875854492187501
0.0173263549804688 0.0777435302734375 0.33984375 0.341339111328125
0.0714950561523438 -0.00982666015625 0.50341796875 0.461456298828125
0.0135746002197266 -0.0316925048828125 0.50830078125 0.54595947265625
-0.0476837158203125 -0.00356292724609375 0.34197998046875 0.56207275390625
-0.0435829162597656 0.0222702026367187 0.252777099609375 0.49603271484375
0.0151824951171875 0.049835205078125 0.1495361328125 0.277084350585938
0.0153388977050781 0.0507278442382813 0.0396728515625 0.02972412109375
0.0071868896484375 0.0549392700195313 -0.099456787109375 -0.228927612304688
-0.00573539733886719 0.0324382781982422 -0.264556884765625 -0.430572509765625
-0.0264701843261719 0.0135612487792969 -0.47998046875 -0.468170166015625
-0.00790786743164063 -0.0352821350097656 -0.58123779296875 -0.4566650390625
0.0609397888183594 -0.025970458984375 -0.532806396484375 -0.50982666015625
0.0639457702636719 0.0272216796875 -0.3741455078125 -0.34893798828125
-0.00507354736328125 0.0861129760742188 -0.133316040039063 -0.0525283813476562
-0.0384979248046875 0.108299255371094 0.142440795898438 0.0265960693359375
0.0343017578125 0.07757568359375 0.327484130859375 0.349945068359375
0.0775527954101563 -0.0280380249023438 0.485992431640625 0.4873046875
0.00164794921875 -0.0482215881347656 0.50213623046875 0.5799560546875
-0.064971923828125 -0.00771713256835936 0.34576416015625 0.57232666015625
-0.0535240173339844 0.0308799743652344 0.253570556640625 0.48297119140625
0.0120849609375 0.0558204650878906 0.1429443359375 0.2528076171875
0.0133018493652344 0.055938720703125 0.0286960601806641 0.00300025939941407
0.00252532958984374 0.0631484985351563 -0.110885620117187 -0.250442504882813
-0.0202789306640625 0.0366897583007813 -0.27044677734375 -0.442169189453125
-0.0451812744140625 0.006378173828125 -0.479339599609375 -0.4632568359375
-0.0166244506835938 -0.0541038513183594 -0.580078125 -0.4356689453125
0.0775070190429688 -0.0376968383789063 -0.5419921875 -0.48651123046875
0.0779495239257813 0.03704833984375 -0.37353515625 -0.334381103515625
-0.0108642578125 0.105445861816406 -0.135307312011719 -0.034423828125
-0.000747680664062493 -0.0660018920898438 0.1217041015625 0.0302047729492187
-0.103385925292969 -0.0266265869140625 0.34259033203125 0.31951904296875
-0.0563240051269531 0.0465278625488281 0.5439453125 0.40789794921875
0.0282478332519531 0.0657463073730469 0.59307861328125 0.4755859375
0.05291748046875 0.0100517272949219 0.43377685546875 0.49530029296875
0.0261154174804688 -0.079681396484375 0.317901611328125 0.4376220703125
0.021240234375 -0.0788497924804688 0.164840698242188 0.254867553710938
0.0234107971191406 -0.0603752136230469 0.0293807983398437 0.0326347351074219
0.0239105224609375 -0.0754241943359375 -0.08453369140625 -0.241119384765625
0.0607376098632813 -0.0695228576660156 -0.197265625 -0.488739013671875
0.0748214721679688 0.00299835205078125 -0.387725830078125 -0.552490234375
0.0338783264160156 0.0476112365722656 -0.49139404296875 -0.541961669921875
-0.0519256591796875 0.0352973937988281 -0.46148681640625 -0.572998046875
-0.0565452575683594 -0.06060791015625 -0.35552978515625 -0.36932373046875
0.0142364501953125 -0.0598716735839844 -0.156234741210938 -0.0246734619140625
0.00515365600585938 -0.0597343444824219 0.1302490234375 0.00962066650390625
-0.0908203125 -0.028594970703125 0.347900390625 0.310791015625
-0.0554733276367188 0.0401153564453125 0.54766845703125 0.393707275390625
0.0221595764160156 0.0698280334472656 0.58154296875 0.46142578125
0.04986572265625 0.0242042541503906 0.415313720703125 0.49658203125
0.0325813293457031 -0.06573486328125 0.310089111328125 0.45770263671875
0.0260009765625 -0.0664558410644531 0.169464111328125 0.279067993164063
0.0224266052246094 -0.0465278625488281 0.0387458801269531 0.0541038513183594
0.0217514038085938 -0.0592193603515625 -0.0792236328125 -0.216659545898437
0.0521812438964844 -0.05908203125 -0.20306396484375 -0.46734619140625
0.0693092346191406 0.00114822387695313 -0.40472412109375 -0.54449462890625
0.0407676696777344 0.0409965515136719 -0.506195068359375 -0.550262451171875
-0.0364532470703125 0.0439109802246094 -0.4630126953125 -0.58721923828125
-0.0512313842773438 -0.0398902893066406 -0.35150146484375 -0.378997802734375
0.00730133056640626 -0.0480728149414063 -0.14666748046875 -0.04522705078125
0.00592422485351563 -0.0372314453125 0.140945434570313 -0.0060272216796875
-0.0698089599609375 -0.0196647644042969 0.356109619140625 0.30877685546875
-0.0405998229980469 0.0283393859863281 0.552001953125 0.3887939453125
0.0167808532714844 0.0619964599609375 0.56842041015625 0.455078125
0.0375442504882812 0.0288009643554687 0.394256591796875 0.499969482421875
0.0261192321777344 -0.0469245910644531 0.29498291015625 0.474761962890625
0.0281753540039063 -0.0439796447753906 0.168701171875 0.2972412109375
0.0212650299072266 -0.0263710021972656 0.0467720031738281 0.0676765441894531
0.0189933776855469 -0.0363082885742188 -0.0760345458984375 -0.2041015625
0.042694091796875 -0.0420188903808594 -0.212799072265625 -0.447540283203125
0.0564002990722656 0.00239944458007813 -0.421356201171875 -0.529327392578125
0.039794921875 0.028900146484375 -0.52325439453125 -0.5438232421875
-0.0148353576660156 0.0408515930175781 -0.4727783203125 -0.58941650390625
-0.0352058410644531 -0.0202980041503906 -0.353240966796875 -0.383453369140625
0.000211715698242189 -0.0261955261230469 -0.13922119140625 -0.0633468627929688
-0.00319099426269531 -0.00609397888183594 0.154098510742187 -0.0118560791015625
-0.0471534729003906 0.00201416015625 0.359100341796875 0.3134765625
-0.0132656097412109 0.0183048248291016 0.5494384765625 0.398834228515625
0.0150489807128906 0.0435104370117188 0.555267333984375 0.462310791015625
0.0190582275390625 0.0256423950195312 0.369873046875 0.510711669921875
0.0135688781738281 -0.0262832641601563 0.27691650390625 0.491058349609375
0.0272960662841797 -0.0170917510986328 0.16473388671875 0.30914306640625
0.0177249908447266 -0.00439262390136719 0.0495147705078125 0.0713958740234375
0.0178852081298828 -0.00947952270507813 -0.07550048828125 -0.197860717773438
0.0296573638916016 -0.0214672088623047 -0.223114013671875 -0.4334716796875
0.0374259948730469 0.0088653564453125 -0.43701171875 -0.5108642578125
0.0310153961181641 0.0137386322021484 -0.540313720703125 -0.527435302734375
0.00643157958984375 0.0295066833496094 -0.48651123046875 -0.57763671875
-0.0113401412963867 -0.00373172760009765 -0.35870361328125 -0.3829345703125
-0.00145220756530762 0.00183725357055664 -0.135986328125 -0.0714797973632812
-0.0183773040771484 0.0285453796386719 0.160552978515625 -0.0091400146484375
-0.025238037109375 0.0314826965332031 0.356658935546875 0.321258544921875
0.0189838409423828 0.0122451782226563 0.54150390625 0.414337158203125
0.016204833984375 0.0182971954345703 0.537567138671875 0.481964111328125
-0.00314044952392578 0.0152263641357422 0.351470947265625 0.524688720703125
-0.00601816177368164 -0.00775384902954101 0.262237548828125 0.49859619140625
0.0215644836425781 0.0108280181884766 0.15966796875 0.30828857421875
0.0180339813232422 0.0186367034912109 0.0499496459960937 0.065338134765625
0.0149679183959961 0.0157651901245117 -0.07977294921875 -0.200973510742188
0.0177402496337891 0.00147247314453125 -0.237457275390625 -0.427886962890625
0.0156946182250977 0.0122032165527344 -0.4537353515625 -0.49365234375
0.0182037353515625 -0.000823974609375 -0.557525634765625 -0.504302978515625
0.0257682800292969 0.0125942230224609 -0.50482177734375 -0.558441162109375
0.0156574249267578 0.00655937194824219 -0.366485595703125 -0.37664794921875
-0.0015106201171875 0.0309295654296875 -0.133773803710938 -0.0727767944335938
-0.0316963195800781 0.0624847412109375 0.158401489257812 -0.0040435791015625
-0.00370407104492187 0.0591773986816406 0.3504638671875 0.331329345703125
0.0493507385253906 0.0030364990234375 0.525482177734375 0.43560791015625
0.0180931091308594 -0.00889778137207031 0.5223388671875 0.51092529296875
-0.0254325866699219 0.00451850891113281 0.3426513671875 0.54486083984375
-0.0275020599365234 0.0103549957275391 0.254486083984375 0.499542236328125
0.017669677734375 0.0337715148925781 0.15484619140625 0.297332763671875
0.0164260864257813 0.0378990173339844 0.0475730895996094 0.0521163940429688
0.0128364562988281 0.038421630859375 -0.0885162353515625 -0.212677001953125
0.00736427307128906 0.0197181701660156 -0.249969482421875 -0.425048828125
-0.00576114654541016 0.0158824920654297 -0.46917724609375 -0.477752685546875
0.00400638580322266 -0.0165262222290039 -0.57183837890625 -0.478759765625
0.0428047180175781 -0.00825881958007813 -0.52001953125 -0.534332275390625
0.0419883728027344 0.0166549682617188 -0.370330810546875 -0.363983154296875
-0.00215911865234375 0.0605354309082031 -0.133583068847656 -0.0655288696289063
-0.0394973754882812 0.0904617309570313 0.15142822265625 0.00917053222656251
0.0171585083007812 0.0784225463867188 0.338531494140625 0.3411865234375
0.0718231201171875 -0.009735107421875 0.503082275390625 0.463104248046875
0.0135478973388672 -0.0314960479736328 0.506988525390625 0.548095703125
-0.0485687255859375 -0.00468444824218749 0.34283447265625 0.56231689453125
-0.0442619323730469 0.0229606628417969 0.25311279296875 0.4945068359375
0.0148124694824219 0.0509071350097656 0.148971557617187 0.277206420898438
0.0152664184570312 0.0507087707519531 0.039764404296875 0.029876708984375
0.00883865356445312 0.0555381774902344 -0.0996551513671875 -0.2296142578125
-0.00554656982421875 0.0334339141845703 -0.262939453125 -0.430450439453125
-0.0266265869140625 0.0143604278564453 -0.47833251953125 -0.46826171875
-0.009429931640625 -0.0350933074951172 -0.58087158203125 -0.4560546875
0.0604934692382813 -0.0269088745117188 -0.53228759765625 -0.510223388671875
0.0641746520996094 0.02703857421875 -0.37353515625 -0.34869384765625
-0.00369262695312499 0.0864486694335938 -0.132774353027344 -0.0526962280273437
-0.0384140014648438 0.107124328613281 0.141448974609375 0.02703857421875
0.034942626953125 0.07989501953125 0.324676513671875 0.35296630859375
0.0786209106445313 -0.0296249389648438 0.48486328125 0.4879150390625
0.00117874145507812 -0.0481719970703125 0.50341796875 0.58062744140625
-0.0650978088378906 -0.00751876831054688 0.3465576171875 0.573974609375
-0.0537872314453125 0.0315055847167969 0.253143310546875 0.482330322265625
0.0130424499511719 0.0559272766113281 0.142822265625 0.251312255859375
0.0132675170898437 0.0552215576171875 0.0289344787597656 0.00551605224609375
0.00417327880859374 0.0633430480957031 -0.110000610351563 -0.250686645507813
-0.0189399719238281 0.0375785827636719 -0.269073486328125 -0.4423828125
-0.04449462890625 0.00677490234375 -0.477996826171875 -0.4654541015625
-0.0169258117675781 -0.0538177490234375 -0.5806884765625 -0.4366455078125
0.0762863159179688 -0.038116455078125 -0.5418701171875 -0.48516845703125
0.0779495239257813 0.037109375 -0.373931884765625 -0.33416748046875
-0.0111312866210938 0.106185913085938 -0.136329650878906 -0.0348281860351562
0.000915527343749996 -0.0663414001464844 0.120437622070313 0.029571533203125
-0.103187561035156 -0.0263214111328125 0.340972900390625 0.319061279296875
-0.0573272705078125 0.0484466552734375 0.541534423828125 0.409088134765625
0.0278205871582031 0.0652999877929687 0.59283447265625 0.4775390625
0.0529937744140625 0.00983428955078125 0.434112548828125 0.494598388671875
0.0263442993164063 -0.0802688598632813 0.31793212890625 0.437744140625
0.0192642211914063 -0.080841064453125 0.165023803710938 0.25531005859375
0.0227241516113281 -0.0614814758300781 0.0298938751220703 0.0340442657470703
0.0230331420898437 -0.0756607055664063 -0.08343505859375 -0.240615844726563
0.0600395202636719 -0.0702896118164063 -0.195556640625 -0.487701416015625
0.0754241943359375 0.0026702880859375 -0.387725830078125 -0.553070068359375
0.0323448181152344 0.048919677734375 -0.4925537109375 -0.542266845703125
-0.0528373718261719 0.0354804992675781 -0.463623046875 -0.572998046875
-0.0574073791503906 -0.0593070983886719 -0.355560302734375 -0.368072509765625
0.0146942138671875 -0.0600967407226563 -0.155624389648438 -0.0256805419921875
0.00630569458007813 -0.0576820373535156 0.129570007324219 0.00888824462890625
-0.0911788940429688 -0.0293197631835938 0.349273681640625 0.311248779296875
-0.0564956665039063 0.0400390625 0.546234130859375 0.39361572265625
0.0213279724121094 0.0698394775390625 0.5814208984375 0.46343994140625
0.0511360168457031 0.0224647521972656 0.416015625 0.49755859375
0.0314826965332031 -0.0654487609863281 0.308746337890625 0.45709228515625
0.0242233276367188 -0.0664939880371094 0.169937133789063 0.279800415039062
0.0228080749511719 -0.0469512939453125 0.039337158203125 0.0555076599121094
0.0220489501953125 -0.0596504211425781 -0.0795440673828125 -0.217132568359375
0.0520668029785156 -0.0609169006347656 -0.20269775390625 -0.468109130859375
0.0714263916015625 0.0016326904296875 -0.403717041015625 -0.5440673828125
0.04034423828125 0.041534423828125 -0.50506591796875 -0.550689697265625
-0.03680419921875 0.0438385009765625 -0.46337890625 -0.5887451171875
-0.0522651672363281 -0.0403785705566406 -0.34979248046875 -0.37933349609375
0.00815963745117188 -0.048614501953125 -0.145095825195313 -0.0466461181640625
0.00616073608398437 -0.0373001098632812 0.14208984375 -0.0059967041015625
-0.0689048767089844 -0.0207977294921875 0.355316162109375 0.30877685546875
-0.0410690307617187 0.0291595458984375 0.551239013671875 0.39111328125
0.0158348083496094 0.061920166015625 0.5701904296875 0.455322265625
0.0378952026367188 0.0293655395507813 0.39300537109375 0.503021240234375
0.0270805358886719 -0.0471839904785156 0.293670654296875 0.475189208984375
0.0277976989746094 -0.0452461242675781 0.17041015625 0.298248291015625
0.0214729309082031 -0.0267906188964844 0.0477256774902344 0.068267822265625
0.0197181701660156 -0.0367774963378906 -0.0754241943359375 -0.203475952148437
0.0420799255371094 -0.042388916015625 -0.212493896484375 -0.448211669921875
0.0570144653320313 0.00268936157226563 -0.4210205078125 -0.529083251953125
0.0399360656738281 0.0288162231445312 -0.524078369140625 -0.545013427734375
-0.0154304504394531 0.0410614013671875 -0.47076416015625 -0.58941650390625
-0.0353546142578125 -0.0206680297851563 -0.35260009765625 -0.385345458984375
0.00202751159667969 -0.0265216827392578 -0.139129638671875 -0.0619125366210937
-0.00199747085571289 -0.00620079040527344 0.153274536132813 -0.0125274658203125
-0.0446052551269531 0.00235366821289063 0.357696533203125 0.314056396484375
-0.0147438049316406 0.0181312561035156 0.549407958984375 0.39923095703125
0.0155029296875 0.0427055358886719 0.5543212890625 0.46221923828125
0.0185985565185547 0.02642822265625 0.37042236328125 0.51214599609375
0.0128688812255859 -0.026397705078125 0.27587890625 0.491241455078125
0.0268783569335938 -0.0174427032470703 0.1649169921875 0.3082275390625
0.0191135406494141 -0.00413131713867188 0.0509796142578125 0.0731353759765625
0.0175971984863281 -0.00983238220214844 -0.0747528076171875 -0.198211669921875
0.0296306610107422 -0.0213489532470703 -0.221038818359375 -0.432830810546875
0.0379714965820313 0.0066375732421875 -0.4365234375 -0.5113525390625
0.0322132110595703 0.0144405364990234 -0.542236328125 -0.529266357421875
0.00574874877929688 0.0286140441894531 -0.48797607421875 -0.5787353515625
-0.0121212005615234 -0.00391387939453125 -0.35809326171875 -0.38232421875
-0.00134718418121338 0.000863790512084961 -0.1365966796875 -0.0712661743164062
-0.01739501953125 0.0293464660644531 0.160018920898438 -0.010986328125
-0.0240325927734375 0.0329723358154297 0.35595703125 0.32244873046875
0.0187110900878906 0.0118637084960938 0.54034423828125 0.414764404296875
0.0175647735595703 0.0174989700317383 0.53900146484375 0.480926513671875
-0.00329971313476563 0.0161886215209961 0.352142333984375 0.525665283203125
-0.00648689270019531 -0.00690793991088867 0.2615966796875 0.497802734375
0.0231971740722656 0.00958061218261719 0.15960693359375 0.3095703125
0.0180225372314453 0.0188064575195313 0.0512275695800781 0.0672454833984375
0.0137462615966797 0.0157890319824219 -0.0774383544921875 -0.201248168945313
0.0175018310546875 0.000820159912109375 -0.234771728515625 -0.42626953125
0.0159978866577148 0.0126514434814453 -0.453857421875 -0.49285888671875
0.0176925659179688 -0.000909805297851563 -0.558685302734375 -0.505950927734375
0.0256996154785156 0.0112953186035156 -0.5052490234375 -0.55792236328125
0.0158023834228516 0.00693321228027344 -0.365264892578125 -0.3753662109375
-0.000925064086914062 0.0315055847167969 -0.134529113769531 -0.0723876953125
-0.0313644409179687 0.0621528625488281 0.157333374023438 -0.0036773681640625
-0.00365829467773437 0.0606193542480469 0.349639892578125 0.33154296875
0.0497703552246094 0.00312423706054687 0.524505615234375 0.43695068359375
0.0190639495849609 -0.00817298889160156 0.522918701171875 0.511383056640625
-0.0263843536376953 0.00393486022949219 0.3421630859375 0.542144775390625
-0.0276622772216797 0.0102691650390625 0.25445556640625 0.500335693359375
0.0183353424072266 0.033203125 0.15576171875 0.29779052734375
0.0167694091796875 0.0373649597167969 0.0473136901855469 0.0526275634765625
0.0121345520019531 0.0394058227539063 -0.086151123046875 -0.212738037109375
0.00682830810546875 0.0201301574707031 -0.249298095703125 -0.42584228515625
-0.00647830963134766 0.0161895751953125 -0.46832275390625 -0.47845458984375
0.00297164916992188 -0.0178489685058594 -0.5738525390625 -0.48077392578125
0.0430679321289063 -0.00912094116210938 -0.521148681640625 -0.53485107421875
0.0417671203613281 0.0166778564453125 -0.370208740234375 -0.364654541015625
-0.00109100341796875 0.061370849609375 -0.131965637207031 -0.0661468505859375
-0.0387725830078125 0.0905532836914063 0.151199340820313 0.00836181640625001
0.0168304443359375 0.0783920288085938 0.33880615234375 0.340057373046875
0.0714874267578125 -0.0108261108398438 0.50372314453125 0.464263916015625
0.013214111328125 -0.0319156646728516 0.50848388671875 0.547454833984375
-0.0478668212890625 -0.004425048828125 0.341094970703125 0.561279296875
-0.0455970764160156 0.0239105224609375 0.251434326171875 0.49346923828125
0.0148200988769531 0.0503616333007813 0.148712158203125 0.279083251953125
0.0154953002929688 0.0511436462402344 0.0402984619140625 0.0307350158691406
0.00858306884765626 0.0554733276367188 -0.0977935791015625 -0.229537963867188
-0.00646018981933594 0.0331268310546875 -0.262237548828125 -0.43023681640625
-0.0272769927978516 0.0147533416748047 -0.476715087890625 -0.467987060546875
-0.00899887084960938 -0.0360031127929688 -0.5823974609375 -0.45721435546875
0.0603713989257812 -0.0269317626953125 -0.533447265625 -0.510711669921875
0.0640830993652344 0.0270042419433594 -0.3736572265625 -0.35052490234375
-0.00443267822265625 0.0865478515625 -0.131797790527344 -0.052978515625
-0.0373992919921875 0.108489990234375 0.141693115234375 0.0263214111328125
0.03570556640625 0.0793533325195313 0.32427978515625 0.350830078125
0.07806396484375 -0.0293655395507813 0.48431396484375 0.489715576171875
0.00136947631835937 -0.0494728088378906 0.50433349609375 0.583251953125
-0.064453125 -0.00719833374023438 0.3480224609375 0.57305908203125
-0.0540008544921875 0.0323066711425781 0.253692626953125 0.480987548828125
0.0131874084472656 0.0559806823730469 0.142730712890625 0.252471923828125
0.0127105712890625 0.0553245544433594 0.0302104949951172 0.00593376159667969
0.00392913818359374 0.063629150390625 -0.110198974609375 -0.249740600585937
-0.01910400390625 0.0370750427246094 -0.268341064453125 -0.441070556640625
-0.0450630187988281 0.00761795043945313 -0.476654052734375 -0.4642333984375
-0.0166893005371094 -0.0545921325683594 -0.579833984375 -0.43701171875
0.0771484375 -0.0392684936523438 -0.5404052734375 -0.486572265625
0.0782089233398438 0.0381851196289063 -0.373931884765625 -0.33587646484375
-0.0101470947265625 0.106956481933594 -0.134025573730469 -0.0332107543945312
0.000988006591796879 -0.0672645568847656 0.119743347167969 0.029388427734375
-0.103050231933594 -0.0258407592773437 0.340789794921875 0.319854736328125
-0.058563232421875 0.0477676391601562 0.540985107421875 0.41009521484375
0.0281639099121094 0.0664520263671875 0.59405517578125 0.47808837890625
0.0542411804199219 0.0095062255859375 0.435455322265625 0.494903564453125
0.0252532958984375 -0.080535888671875 0.318389892578125 0.438690185546875
0.0194625854492188 -0.081756591796875 0.165451049804687 0.255233764648438
0.0228843688964844 -0.0622596740722656 0.0296669006347656 0.0345172882080078
0.023529052734375 -0.07666015625 -0.0835113525390625 -0.241195678710938
0.0600738525390625 -0.0709075927734375 -0.195343017578125 -0.487548828125
0.0771636962890625 0.00197601318359375 -0.38702392578125 -0.5540771484375
0.0327262878417969 0.0492782592773438 -0.49359130859375 -0.543548583984375
-0.0533828735351563 0.0362434387207031 -0.46337890625 -0.57489013671875
-0.0579261779785156 -0.0596733093261719 -0.3555908203125 -0.3699951171875
0.0163917541503906 -0.0615081787109375 -0.155410766601563 -0.0255279541015625
0.00756072998046874 -0.0595245361328125 0.129371643066406 0.00850677490234375
-0.0905380249023438 -0.02911376953125 0.347564697265625 0.312225341796875
-0.0575447082519531 0.0406303405761719 0.548095703125 0.394775390625
0.0219650268554688 0.0704879760742188 0.58203125 0.4630126953125
0.05133056640625 0.0228233337402344 0.415802001953125 0.49871826171875
0.0308837890625 -0.0659523010253906 0.311431884765625 0.45782470703125
0.0245780944824219 -0.0675773620605469 0.170074462890625 0.279647827148438
0.0228919982910156 -0.0474700927734375 0.0400657653808594 0.0553627014160156
0.0220184326171875 -0.0608062744140625 -0.0788421630859375 -0.218338012695313
0.0525779724121094 -0.0606040954589844 -0.203399658203125 -0.46820068359375
0.0726547241210938 0.00115203857421875 -0.40240478515625 -0.546051025390625
0.041259765625 0.0421943664550781 -0.50811767578125 -0.552947998046875
-0.036956787109375 0.0440711975097656 -0.46392822265625 -0.5902099609375
-0.0530853271484375 -0.0402030944824219 -0.35174560546875 -0.38018798828125
0.00852966308593749 -0.0485305786132813 -0.144424438476562 -0.0457763671875
0.00689315795898437 -0.0375747680664063 0.141677856445313 -0.00592041015625
-0.0694046020507813 -0.0210418701171875 0.35369873046875 0.30865478515625
-0.0418891906738281 0.0286941528320313 0.552032470703125 0.390899658203125
0.0168876647949219 0.0619621276855469 0.57122802734375 0.45672607421875
0.0391960144042969 0.0281181335449219 0.39453125 0.502166748046875
0.0262298583984375 -0.0465278625488281 0.295654296875 0.4761962890625
0.0271186828613281 -0.0455513000488281 0.17022705078125 0.2994384765625
0.0206146240234375 -0.0279483795166016 0.0472221374511719 0.0686836242675781
0.0193290710449219 -0.0372848510742188 -0.0741119384765625 -0.203399658203125
0.04168701171875 -0.0435791015625 -0.2125244140625 -0.447967529296875
0.0570793151855469 0.00327682495117188 -0.422515869140625 -0.529449462890625
0.0399818420410156 0.0288162231445313 -0.525421142578125 -0.545745849609375
-0.0156707763671875 0.0416603088378906 -0.47344970703125 -0.58953857421875
-0.0369415283203125 -0.0203437805175781 -0.3531494140625 -0.385711669921875
0.00299644470214844 -0.0273227691650391 -0.137931823730469 -0.0614547729492187
-0.00174522399902344 -0.0069422721862793 0.153411865234375 -0.0125579833984375
-0.0450706481933594 0.00191879272460937 0.356719970703125 0.315032958984375
-0.0151023864746094 0.0191230773925781 0.5498046875 0.4017333984375
0.0153923034667969 0.0425186157226563 0.5560302734375 0.462738037109375
0.01983642578125 0.025482177734375 0.37109375 0.512847900390625
0.0120792388916016 -0.0256309509277344 0.277069091796875 0.4906005859375
0.0260677337646484 -0.0187854766845703 0.165985107421875 0.309814453125
0.0200519561767578 -0.00458526611328125 0.051605224609375 0.0738449096679688
0.0168943405151367 -0.010289192199707 -0.0733489990234375 -0.19842529296875
0.0299167633056641 -0.0217742919921875 -0.221099853515625 -0.433685302734375
0.0384445190429687 0.00685501098632812 -0.437835693359375 -0.513397216796875
0.0318984985351563 0.0146713256835938 -0.544647216796875 -0.5308837890625
0.00604629516601562 0.0291595458984375 -0.48919677734375 -0.57904052734375
-0.0116662979125977 -0.00477027893066406 -0.359619140625 -0.383636474609375
-0.00063788890838623 0.000992894172668457 -0.134315490722656 -0.0720062255859375
-0.0161075592041016 0.0289154052734375 0.1588134765625 -0.0109100341796875
-0.0235939025878906 0.0318088531494141 0.354949951171875 0.323638916015625
0.0182819366455078 0.0119400024414063 0.541473388671875 0.417633056640625
0.0179958343505859 0.0176906585693359 0.540435791015625 0.4835205078125
-0.00262641906738281 0.0159816741943359 0.354217529296875 0.52587890625
-0.00764942169189453 -0.00533628463745117 0.262969970703125 0.5
0.0227260589599609 0.00902366638183594 0.16033935546875 0.309722900390625
0.0181865692138672 0.0181674957275391 0.0514106750488281 0.0672950744628906
0.015192985534668 0.0163755416870117 -0.0772247314453125 -0.201004028320313
0.0179882049560547 0.00079345703125 -0.23388671875 -0.426239013671875
0.0162696838378906 0.0122718811035156 -0.4534912109375 -0.494384765625
0.0176563262939453 -0.00107192993164062 -0.560699462890625 -0.506744384765625
0.0249061584472656 0.0115890502929688 -0.50640869140625 -0.55975341796875
0.0154209136962891 0.00724220275878906 -0.3665771484375 -0.37628173828125
-0.00041961669921875 0.031158447265625 -0.133445739746094 -0.072906494140625
-0.0301437377929688 0.0632400512695313 0.15802001953125 -0.0042266845703125
-0.00273513793945312 0.0609855651855469 0.348968505859375 0.3328857421875
0.0496864318847656 0.00298309326171875 0.524932861328125 0.439239501953125
0.0179233551025391 -0.00898933410644531 0.52471923828125 0.51214599609375
-0.0260429382324219 0.00443077087402344 0.3441162109375 0.54461669921875
-0.0283699035644531 0.0114040374755859 0.25537109375 0.50067138671875
0.0180931091308594 0.0334568023681641 0.1558837890625 0.298370361328125
0.0169830322265625 0.0373573303222656 0.0480117797851563 0.0524368286132812
0.0123252868652344 0.0393638610839844 -0.0863189697265625 -0.211654663085937
0.00614547729492188 0.0201358795166016 -0.2476806640625 -0.424346923828125
-0.00591850280761719 0.0161104202270508 -0.46929931640625 -0.478668212890625
0.00372600555419922 -0.0172452926635742 -0.57470703125 -0.4818115234375
0.0434684753417969 -0.00851058959960938 -0.522308349609375 -0.53619384765625
0.0421028137207031 0.0175704956054688 -0.371063232421875 -0.36566162109375
0.000144958496093756 0.0608978271484375 -0.131660461425781 -0.0658035278320313
-0.03863525390625 0.09100341796875 0.151443481445312 0.008392333984375
0.018402099609375 0.0789260864257813 0.338165283203125 0.341094970703125
0.0713119506835938 -0.011138916015625 0.50482177734375 0.464752197265625
0.0127315521240234 -0.0324878692626953 0.51055908203125 0.549652099609375
-0.0478935241699219 -0.00391387939453126 0.343048095703125 0.561981201171875
-0.04583740234375 0.0255355834960938 0.252349853515625 0.494842529296875
0.0141944885253906 0.0493965148925781 0.14996337890625 0.278884887695312
0.015960693359375 0.0508193969726563 0.0400352478027344 0.0309181213378906
0.00909423828125 0.0553512573242187 -0.097381591796875 -0.228973388671875
-0.00604438781738281 0.0333194732666016 -0.262054443359375 -0.429931640625
-0.027374267578125 0.0145530700683594 -0.4775390625 -0.469696044921875
-0.0091094970703125 -0.035675048828125 -0.582763671875 -0.45831298828125
0.0607109069824219 -0.0272674560546875 -0.533599853515625 -0.511077880859375
0.0646018981933594 0.02734375 -0.374053955078125 -0.35015869140625
-0.00326538085937499 0.0875473022460938 -0.130882263183594 -0.0520706176757813
-0.0371246337890625 0.108757019042969 0.141250610351563 0.02606201171875
0.0361785888671875 0.0806655883789063 0.3232421875 0.353240966796875
0.0781784057617188 -0.030029296875 0.484222412109375 0.493255615234375
0.000946044921874998 -0.0487709045410156 0.5045166015625 0.5843505859375
-0.0646591186523437 -0.00736618041992187 0.35040283203125 0.5736083984375
-0.0553245544433594 0.0341796875 0.253143310546875 0.480865478515625
0.0125541687011719 0.0561370849609375 0.144027709960938 0.252365112304688
0.0138664245605469 0.0557861328125 0.0299472808837891 0.00707054138183594
0.00486755371093751 0.0641860961914062 -0.108810424804688 -0.250885009765625
-0.0191230773925781 0.0387306213378906 -0.268218994140625 -0.443878173828125
-0.0460739135742188 0.00741958618164063 -0.476654052734375 -0.464141845703125
-0.0177383422851562 -0.0540924072265625 -0.58123779296875 -0.4383544921875
0.0768508911132813 -0.03973388671875 -0.54132080078125 -0.487274169921875
0.0785751342773438 0.0381622314453125 -0.374267578125 -0.336273193359375
-0.00937652587890625 0.106697082519531 -0.133476257324219 -0.0339736938476563
0.00205612182617187 -0.0681877136230469 0.119903564453125 0.029205322265625
-0.103675842285156 -0.0259475708007813 0.341033935546875 0.321502685546875
-0.0585708618164062 0.048797607421875 0.544921875 0.4124755859375
0.0288467407226562 0.0659980773925781 0.59698486328125 0.48046875
0.0555648803710937 0.00904083251953125 0.437652587890625 0.497772216796875
0.0257034301757812 -0.0802993774414063 0.3203125 0.439666748046875
0.0187149047851563 -0.0828170776367187 0.166213989257813 0.255722045898438
0.0233078002929688 -0.0628433227539063 0.0299873352050781 0.0353736877441406
0.0228729248046875 -0.0783309936523438 -0.0836334228515625 -0.24224853515625
0.0602264404296875 -0.0717926025390625 -0.1971435546875 -0.48944091796875
0.0774688720703125 0.00170135498046875 -0.388458251953125 -0.555389404296875
0.0342674255371094 0.049560546875 -0.496673583984375 -0.54541015625
-0.0545463562011719 0.0365982055664063 -0.46466064453125 -0.57684326171875
-0.0584793090820312 -0.0592994689941406 -0.35528564453125 -0.370147705078125
0.0161972045898438 -0.061431884765625 -0.155426025390625 -0.02532958984375
0.0082244873046875 -0.0594253540039063 0.128173828125 0.0081024169921875
-0.091339111328125 -0.0297775268554687 0.34716796875 0.31414794921875
-0.0584449768066406 0.0415229797363281 0.54876708984375 0.397369384765625
0.023101806640625 0.0707473754882812 0.58599853515625 0.46514892578125
0.0526809692382813 0.0222625732421875 0.419281005859375 0.49853515625
0.030059814453125 -0.0661163330078125 0.31219482421875 0.458984375
0.0246200561523438 -0.0686264038085938 0.171157836914062 0.279953002929688
0.0225257873535156 -0.0489921569824219 0.0401115417480469 0.0562782287597656
0.0216026306152344 -0.0611000061035156 -0.0780029296875 -0.2186279296875
0.05279541015625 -0.0612144470214844 -0.203460693359375 -0.46826171875
0.0722808837890625 0.00118255615234375 -0.4039306640625 -0.547515869140625
0.0418167114257813 0.0420761108398438 -0.509918212890625 -0.55462646484375
-0.0376358032226562 0.0446739196777344 -0.46612548828125 -0.5924072265625
-0.0543174743652344 -0.040802001953125 -0.351959228515625 -0.3826904296875
0.00854110717773438 -0.0494003295898438 -0.143630981445312 -0.0457763671875
0.0077972412109375 -0.0381240844726563 0.141021728515625 -0.0064849853515625
-0.0694656372070313 -0.0210189819335938 0.355072021484375 0.310638427734375
-0.0425949096679688 0.0291404724121094 0.55426025390625 0.393585205078125
0.0166282653808594 0.0623970031738281 0.57513427734375 0.4569091796875
0.0400276184082031 0.0284156799316406 0.39593505859375 0.5042724609375
0.0255470275878906 -0.0468826293945313 0.2967529296875 0.476959228515625
0.02618408203125 -0.0460700988769531 0.1724853515625 0.2998046875
0.0212650299072266 -0.0288162231445313 0.0489578247070313 0.0701103210449219
0.019500732421875 -0.0376663208007813 -0.0746002197265625 -0.20428466796875
0.041107177734375 -0.0439376831054687 -0.214019775390625 -0.448760986328125
0.0581512451171875 0.00289154052734375 -0.42218017578125 -0.53253173828125
0.0409355163574219 0.0293159484863281 -0.528076171875 -0.54876708984375
-0.0156326293945312 0.0418319702148438 -0.4769287109375 -0.59405517578125
-0.0368080139160156 -0.0203208923339844 -0.354217529296875 -0.387542724609375
0.00325393676757812 -0.0279960632324219 -0.138092041015625 -0.0621795654296875
-0.000618457794189453 -0.00665378570556641 0.152984619140625 -0.0133056640625
-0.0455970764160156 0.0016937255859375 0.357147216796875 0.3162841796875
-0.0155525207519531 0.0192699432373047 0.550628662109375 0.400604248046875
0.0157241821289062 0.0433921813964844 0.55987548828125 0.465179443359375
0.0200939178466797 0.0257549285888672 0.372589111328125 0.5142822265625
0.0125312805175781 -0.0253658294677734 0.277801513671875 0.491943359375
0.025848388671875 -0.0191307067871094 0.1673583984375 0.310302734375
0.0200271606445313 -0.0049896240234375 0.0519256591796875 0.074188232421875
0.0171775817871094 -0.0102033615112305 -0.0734100341796875 -0.197830200195313
0.0293960571289063 -0.0217685699462891 -0.2218017578125 -0.43341064453125
0.0384712219238281 0.007232666015625 -0.43768310546875 -0.5135498046875
0.0310344696044922 0.015167236328125 -0.54486083984375 -0.5303955078125
0.0060272216796875 0.0298309326171875 -0.49066162109375 -0.5814208984375
-0.0122785568237305 -0.00395107269287109 -0.361480712890625 -0.385955810546875
0.000826478004455566 0.000398337841033935 -0.134513854980469 -0.0714874267578125
-0.0160560607910156 0.0295009613037109 0.15924072265625 -0.0123291015625
-0.0234107971191406 0.0314655303955078 0.35540771484375 0.324859619140625
0.0182361602783203 0.0113048553466797 0.542449951171875 0.4189453125
0.0178146362304688 0.0185642242431641 0.542999267578125 0.485382080078125
-0.00241279602050781 0.0159912109375 0.354644775390625 0.526702880859375
-0.00780820846557617 -0.00560617446899414 0.26239013671875 0.500091552734375
0.0224437713623047 0.00839424133300781 0.16180419921875 0.311187744140625
0.0182991027832031 0.0186576843261719 0.0520706176757813 0.0682945251464844
0.0150127410888672 0.0163297653198242 -0.0772857666015625 -0.201492309570313
0.0177555084228516 0.000947952270507813 -0.235260009765625 -0.42755126953125
0.0176353454589844 0.0129108428955078 -0.456146240234375 -0.49542236328125
0.0186195373535156 -0.001251220703125 -0.56243896484375 -0.50787353515625
0.0253448486328125 0.0108871459960938 -0.508331298828125 -0.561981201171875
0.0154666900634766 0.00787258148193359 -0.367828369140625 -0.378143310546875
-0.00063323974609375 0.0314388275146484 -0.13275146484375 -0.0727920532226562
-0.0299339294433594 0.0641975402832031 0.157821655273438 -0.004638671875
-0.00232315063476562 0.0609817504882812 0.349212646484375 0.3331298828125
0.04962158203125 0.0031280517578125 0.524749755859375 0.4412841796875
0.0181159973144531 -0.00965118408203125 0.52740478515625 0.514556884765625
-0.0253162384033203 0.00423049926757813 0.345703125 0.545166015625
-0.0292243957519531 0.0124950408935547 0.25616455078125 0.50152587890625
0.0179347991943359 0.0330467224121094 0.158050537109375 0.29888916015625
0.0174560546875 0.0370979309082031 0.0483818054199219 0.0531539916992187
0.0134925842285156 0.0387649536132813 -0.0856475830078125 -0.212448120117188
0.00609779357910156 0.0206623077392578 -0.24810791015625 -0.4263916015625
-0.00590991973876953 0.0163564682006836 -0.470794677734375 -0.48065185546875
0.00388908386230469 -0.0170145034790039 -0.57757568359375 -0.4827880859375
0.0435905456542969 -0.00876617431640625 -0.524871826171875 -0.53790283203125
0.0418167114257813 0.0168724060058594 -0.3720703125 -0.36590576171875
0.000453948974609375 0.0612449645996094 -0.13092041015625 -0.066375732421875
-0.037506103515625 0.0916366577148438 0.15130615234375 0.00820922851562501
0.0187301635742187 0.078704833984375 0.33734130859375 0.34375
0.0703811645507813 -0.0119705200195313 0.505767822265625 0.46746826171875
0.0130901336669922 -0.0335578918457031 0.5125732421875 0.551849365234375
-0.0481681823730469 -0.00386810302734376 0.343994140625 0.563232421875
-0.0466995239257812 0.0260658264160156 0.25482177734375 0.495849609375
0.0139617919921875 0.0495643615722656 0.15087890625 0.279159545898437
0.0163192749023438 0.0506324768066406 0.0414695739746094 0.0319366455078125
0.0100250244140625 0.0564308166503906 -0.0974273681640625 -0.229263305664063
-0.00730514526367187 0.0331497192382812 -0.261810302734375 -0.431182861328125
-0.0273551940917969 0.0152149200439453 -0.479644775390625 -0.47003173828125
-0.0095977783203125 -0.0354804992675781 -0.585693359375 -0.46026611328125
0.0607261657714844 -0.0277900695800781 -0.537078857421875 -0.513824462890625
0.0647315979003906 0.0270195007324219 -0.3756103515625 -0.352020263671875
-0.00270843505859376 0.0872268676757813 -0.130233764648438 -0.051971435546875
-0.0360031127929688 0.1099853515625 0.141998291015625 0.0253753662109375
0.0375595092773438 0.0804061889648438 0.324127197265625 0.354217529296875
0.0781097412109375 -0.0304336547851563 0.48565673828125 0.4959716796875
0.000560760498046877 -0.0495567321777344 0.5084228515625 0.58642578125
-0.06512451171875 -0.00724792480468751 0.3507080078125 0.57598876953125
-0.0560874938964844 0.0348777770996094 0.25665283203125 0.48223876953125
0.011322021484375 0.0561408996582031 0.14434814453125 0.253570556640625
0.0145416259765625 0.0556869506835938 0.0309810638427734 0.00710678100585938
0.00484085083007812 0.0643730163574219 -0.108932495117188 -0.25128173828125
-0.0198936462402344 0.0382423400878906 -0.270172119140625 -0.442779541015625
-0.0461845397949219 0.00757598876953126 -0.47918701171875 -0.466461181640625
-0.0174980163574219 -0.054901123046875 -0.58367919921875 -0.43988037109375
0.0766754150390625 -0.04010009765625 -0.54437255859375 -0.488494873046875
0.0798492431640625 0.0388336181640625 -0.376617431640625 -0.33709716796875
-0.00920867919921875 0.107200622558594 -0.132820129394531 -0.033447265625
0.00282287597656249 -0.0684814453125 0.119346618652344 0.0294647216796875
-0.104705810546875 -0.0253448486328125 0.340850830078125 0.323516845703125
-0.0602607727050781 0.0495109558105469 0.546173095703125 0.41265869140625
0.029144287109375 0.0670356750488281 0.6014404296875 0.4820556640625
0.0571517944335938 0.00913238525390625 0.4398193359375 0.49822998046875
0.0252456665039063 -0.0818634033203125 0.32171630859375 0.438232421875
0.01824951171875 -0.0841751098632813 0.167388916015625 0.256057739257813
0.023223876953125 -0.0639686584472656 0.0309410095214844 0.0358810424804688
0.023468017578125 -0.0783538818359375 -0.083160400390625 -0.242156982421875
0.0597915649414063 -0.0719375610351563 -0.19683837890625 -0.489837646484375
0.078460693359375 0.00179290771484375 -0.38983154296875 -0.55694580078125
0.0341911315917969 0.0509033203125 -0.49945068359375 -0.548980712890625
-0.0551185607910156 0.0362968444824219 -0.46826171875 -0.57794189453125
-0.0595817565917969 -0.0591697692871094 -0.3585205078125 -0.37091064453125
0.0171852111816406 -0.0624313354492187 -0.1539306640625 -0.0249176025390625
0.00931930541992188 -0.0595893859863281 0.128982543945313 0.00811004638671874
-0.0915069580078125 -0.0295639038085938 0.348419189453125 0.314666748046875
-0.0590667724609375 0.0421218872070313 0.55206298828125 0.398101806640625
0.0226058959960938 0.0700836181640625 0.59033203125 0.46539306640625
0.0535240173339844 0.022705078125 0.42022705078125 0.5003662109375
0.0308647155761719 -0.0653724670410156 0.313079833984375 0.4605712890625
0.0229835510253906 -0.0697479248046875 0.17315673828125 0.28167724609375
0.0225067138671875 -0.0503158569335938 0.0412750244140625 0.0569801330566406
0.0224800109863281 -0.0628547668457031 -0.0781707763671875 -0.2196044921875
0.0529518127441406 -0.0613327026367188 -0.204376220703125 -0.46923828125
0.0732269287109375 0.00028228759765625 -0.40643310546875 -0.54791259765625
0.0417900085449219 0.0426216125488281 -0.51422119140625 -0.556884765625
-0.0378799438476563 0.0452880859375 -0.469482421875 -0.59454345703125
-0.0549736022949219 -0.0402145385742188 -0.354949951171875 -0.38421630859375
0.0102272033691406 -0.0500068664550781 -0.144302368164063 -0.04541015625
0.00909042358398438 -0.0385665893554688 0.141632080078125 -0.0071563720703125
-0.0691986083984375 -0.0217628479003906 0.35614013671875 0.312744140625
-0.0437774658203125 0.0293121337890625 0.555450439453125 0.395721435546875
0.0166435241699219 0.062896728515625 0.57757568359375 0.45849609375
0.041046142578125 0.0285758972167969 0.39990234375 0.507232666015625
0.0259017944335938 -0.0460395812988281 0.2978515625 0.47845458984375
0.0261306762695313 -0.0477943420410156 0.173431396484375 0.301025390625
0.0218029022216797 -0.0289764404296875 0.0483512878417969 0.07000732421875
0.0190277099609375 -0.0385780334472656 -0.073455810546875 -0.204910278320313
0.0411033630371094 -0.0439643859863281 -0.212799072265625 -0.450775146484375
0.0593948364257813 0.00288009643554688 -0.42626953125 -0.532073974609375
0.0412521362304688 0.029327392578125 -0.531768798828125 -0.551025390625
-0.0155563354492187 0.0428009033203125 -0.478759765625 -0.59613037109375
-0.0369377136230469 -0.0194778442382812 -0.35626220703125 -0.3895263671875
0.00386619567871094 -0.0281009674072266 -0.137077331542969 -0.0619583129882812
0.000181198120117188 -0.00732851028442383 0.152877807617187 -0.013885498046875
-0.044677734375 0.00134277343749999 0.358001708984375 0.317596435546875
-0.0161819458007813 0.0188179016113281 0.553436279296875 0.404449462890625
0.0160484313964844 0.0433273315429688 0.56414794921875 0.46734619140625
0.0215816497802734 0.0270805358886719 0.3760986328125 0.51593017578125
0.0118694305419922 -0.0247116088867187 0.279052734375 0.493255615234375
0.0254955291748047 -0.0193367004394531 0.168975830078125 0.311767578125
0.0204067230224609 -0.00532341003417969 0.0525588989257813 0.0749588012695313
0.0169849395751953 -0.0111865997314453 -0.0736083984375 -0.199478149414063
0.029144287109375 -0.0216064453125 -0.222930908203125 -0.436187744140625
0.0392341613769531 0.00709152221679687 -0.44146728515625 -0.514617919921875
0.0326862335205078 0.0146770477294922 -0.549835205078125 -0.53399658203125
0.00626373291015625 0.0293331146240234 -0.4951171875 -0.58526611328125
-0.0124645233154297 -0.0034322738647461 -0.3621826171875 -0.387451171875
0.000888705253601074 0.00128173828125 -0.1346435546875 -0.0718536376953125
-0.01446533203125 0.0286827087402344 0.159591674804688 -0.012481689453125
-0.0225734710693359 0.0319957733154297 0.356658935546875 0.325439453125
0.0169916152954102 0.0121278762817383 0.546234130859375 0.420806884765625
0.0184860229492188 0.0176601409912109 0.545989990234375 0.4859619140625
-0.00201892852783203 0.0164327621459961 0.358856201171875 0.531158447265625
-0.00841426849365234 -0.00563764572143555 0.26531982421875 0.500823974609375
0.0213813781738281 0.00849533081054688 0.16351318359375 0.311767578125
0.0191116333007813 0.0178871154785156 0.0539436340332031 0.0692901611328125
0.016016960144043 0.0159158706665039 -0.0771026611328125 -0.201812744140625
0.0175485610961914 0.00131416320800781 -0.236541748046875 -0.427154541015625
0.0167579650878906 0.0126705169677734 -0.4573974609375 -0.49658203125
0.0182285308837891 -0.0012359619140625 -0.56671142578125 -0.51068115234375
0.0253925323486328 0.0113124847412109 -0.51336669921875 -0.5643310546875
0.0146236419677734 0.00771331787109375 -0.368682861328125 -0.37982177734375
-0.000343322753906249 0.0312595367431641 -0.132293701171875 -0.0729217529296875
-0.0291862487792969 0.06463623046875 0.157669067382813 -0.0048065185546875
-0.00174331665039062 0.0617713928222656 0.350555419921875 0.334075927734375
0.0493240356445313 0.00258255004882813 0.52850341796875 0.443023681640625
0.0188503265380859 -0.00940132141113281 0.530609130859375 0.515838623046875
-0.02484130859375 0.00506591796875 0.348297119140625 0.548004150390625
-0.0294647216796875 0.0137271881103516 0.25762939453125 0.50341796875
0.0175609588623047 0.033111572265625 0.158966064453125 0.300750732421875
0.0169792175292969 0.0372810363769531 0.0501899719238281 0.0541954040527344
0.0134849548339844 0.0391273498535156 -0.0850830078125 -0.213424682617188
0.0068206787109375 0.0211162567138672 -0.2496337890625 -0.427581787109375
-0.00558948516845703 0.0169811248779297 -0.471649169921875 -0.480499267578125
0.00394630432128906 -0.016331672668457 -0.58197021484375 -0.48419189453125
0.0431251525878906 -0.00982666015625 -0.52862548828125 -0.539764404296875
0.0422821044921875 0.01806640625 -0.372802734375 -0.36956787109375
0.000560760498046879 0.061920166015625 -0.131156921386719 -0.06756591796875
-0.0365676879882813 0.0927886962890625 0.150802612304688 0.00721740722656251
0.0196685791015625 0.0790176391601562 0.33819580078125 0.345794677734375
0.0716476440429688 -0.0123062133789063 0.5086669921875 0.470367431640625
0.0125713348388672 -0.0339984893798828 0.516082763671875 0.554473876953125
-0.0483283996582031 -0.00418853759765625 0.3463134765625 0.56610107421875
-0.0469856262207031 0.0270309448242187 0.256683349609375 0.497528076171875
0.0140037536621094 0.0500373840332031 0.152862548828125 0.280685424804688
0.0165176391601563 0.0507240295410156 0.0412979125976562 0.0319671630859375
0.00944137573242188 0.0560798645019531 -0.09686279296875 -0.2296142578125
-0.00699424743652344 0.0345840454101563 -0.262969970703125 -0.431884765625
-0.0270214080810547 0.0151195526123047 -0.480621337890625 -0.470855712890625
-0.00963211059570312 -0.0357551574707031 -0.588623046875 -0.46026611328125
0.0611572265625 -0.0283279418945312 -0.542327880859375 -0.51422119140625
0.0646705627441406 0.027374267578125 -0.376922607421875 -0.35272216796875
-0.00262451171875 0.0882644653320313 -0.129837036132813 -0.0519943237304688
-0.0351715087890625 0.110946655273437 0.140869140625 0.0248565673828125
0.03778076171875 0.0810089111328125 0.324676513671875 0.3558349609375
0.078155517578125 -0.0304412841796875 0.490081787109375 0.49847412109375
-0.000183105468749998 -0.0510711669921875 0.51239013671875 0.5887451171875
-0.0657768249511719 -0.00631332397460938 0.353515625 0.577392578125
-0.0576515197753906 0.0364418029785156 0.257232666015625 0.482757568359375
0.0121231079101563 0.0573196411132812 0.145309448242188 0.254592895507812
0.0149459838867188 0.0562019348144531 0.0312576293945313 0.00731468200683594
0.00561904907226563 0.0645599365234375 -0.1087646484375 -0.251754760742188
-0.0199546813964844 0.039398193359375 -0.271148681640625 -0.444183349609375
-0.0458412170410156 0.0081939697265625 -0.48101806640625 -0.4688720703125
-0.0183067321777344 -0.0552787780761719 -0.58746337890625 -0.44146728515625
0.0770187377929687 -0.0403976440429687 -0.548431396484375 -0.490692138671875
0.079559326171875 0.038909912109375 -0.37786865234375 -0.33917236328125
-0.00798034667968749 0.109100341796875 -0.132209777832031 -0.0334701538085937
0.00374221801757813 -0.0685234069824219 0.120445251464844 0.02984619140625
-0.105491638183594 -0.025726318359375 0.34332275390625 0.3255615234375
-0.06036376953125 0.0517234802246094 0.55023193359375 0.4168701171875
0.0297355651855469 0.0663223266601563 0.60675048828125 0.48150634765625
0.057586669921875 0.00836181640625 0.44390869140625 0.498565673828125
0.0245437622070312 -0.0812835693359375 0.324188232421875 0.44244384765625
0.0170440673828125 -0.0845947265625 0.168746948242188 0.256973266601563
0.023101806640625 -0.0653495788574219 0.0305023193359375 0.0366439819335938
0.0231552124023438 -0.0792694091796875 -0.08355712890625 -0.242431640625
0.0609130859375 -0.0731964111328125 -0.199920654296875 -0.492584228515625
0.0799407958984375 0.00074005126953125 -0.393829345703125 -0.5596923828125
0.0349960327148438 0.0509223937988281 -0.50439453125 -0.550140380859375
-0.0551910400390625 0.03814697265625 -0.474365234375 -0.58258056640625
-0.0613517761230469 -0.0593147277832031 -0.360992431640625 -0.37310791015625
0.017974853515625 -0.0633773803710938 -0.154159545898438 -0.0242767333984375
0.00970077514648438 -0.0606689453125 0.129539489746094 0.00691986083984375
-0.0920562744140625 -0.0292739868164063 0.349273681640625 0.3155517578125
-0.0594863891601563 0.0436286926269531 0.555633544921875 0.401885986328125
0.022857666015625 0.0716018676757813 0.5966796875 0.46697998046875
0.0556869506835938 0.0222816467285156 0.42584228515625 0.50244140625
0.0304336547851563 -0.0672340393066406 0.315887451171875 0.46142578125
0.0218505859375 -0.0705184936523438 0.17425537109375 0.282073974609375
0.0222854614257813 -0.0510711669921875 0.0414962768554688 0.0579299926757813
0.0218315124511719 -0.0630264282226563 -0.078704833984375 -0.220138549804687
0.0524177551269531 -0.0617446899414063 -0.206146240234375 -0.471343994140625
0.0752029418945313 -0.0005035400390625 -0.410552978515625 -0.55029296875
0.0438995361328125 0.043243408203125 -0.5201416015625 -0.558807373046875
-0.03851318359375 0.045257568359375 -0.4735107421875 -0.5985107421875
-0.0559005737304688 -0.0406265258789062 -0.35687255859375 -0.38494873046875
0.00949859619140625 -0.052520751953125 -0.143234252929687 -0.044677734375
0.0100631713867188 -0.0385208129882813 0.141433715820313 -0.00762939453125
-0.0696296691894531 -0.021240234375 0.358306884765625 0.313385009765625
-0.0444984436035156 0.0309333801269531 0.560760498046875 0.397735595703125
0.0177230834960937 0.0629844665527344 0.5821533203125 0.46063232421875
0.0415077209472656 0.0286521911621094 0.402496337890625 0.50872802734375
0.0249519348144531 -0.047149658203125 0.301605224609375 0.480010986328125
0.0247993469238281 -0.0480804443359375 0.17584228515625 0.30230712890625
0.0207939147949219 -0.0299949645996094 0.0488739013671875 0.0716781616210938
0.0202102661132812 -0.0388374328613281 -0.0744476318359375 -0.204513549804688
0.0414619445800781 -0.0439262390136719 -0.215789794921875 -0.451416015625
0.060577392578125 0.00210189819335937 -0.427337646484375 -0.5333251953125
0.0423011779785156 0.0299568176269531 -0.537506103515625 -0.552093505859375
-0.0154991149902344 0.0428428649902344 -0.48406982421875 -0.598876953125
-0.038726806640625 -0.0196456909179687 -0.360107421875 -0.3902587890625
0.004180908203125 -0.0295848846435547 -0.13677978515625 -0.061126708984375
0.000588893890380859 -0.0070500373840332 0.154067993164063 -0.0145416259765625
-0.046112060546875 0.00220489501953126 0.360626220703125 0.31817626953125
-0.0171699523925781 0.0194797515869141 0.5579833984375 0.406158447265625
0.0166854858398438 0.0432586669921875 0.566650390625 0.4691162109375
0.02191162109375 0.0264644622802734 0.3785400390625 0.518157958984375
0.0109901428222656 -0.0246410369873047 0.28411865234375 0.496124267578125
0.0245838165283203 -0.0206756591796875 0.17218017578125 0.31280517578125
0.0200119018554687 -0.00628662109375 0.0534133911132813 0.0762710571289062
0.0177001953125 -0.0111885070800781 -0.072906494140625 -0.199264526367188
0.0294189453125 -0.0221118927001953 -0.225799560546875 -0.43731689453125
0.0396270751953125 0.00734329223632813 -0.44549560546875 -0.516693115234375
0.0325069427490234 0.0155124664306641 -0.5548095703125 -0.53546142578125
0.00597763061523438 0.0303058624267578 -0.501220703125 -0.58642578125
-0.0131874084472656 -0.00366973876953125 -0.365631103515625 -0.38812255859375
0.00125062465667725 0.00025629997253418 -0.134063720703125 -0.07098388671875
-0.0138130187988281 0.0289859771728516 0.159896850585938 -0.012847900390625
-0.02325439453125 0.0323619842529297 0.358489990234375 0.327301025390625
0.0172262191772461 0.0124416351318359 0.55029296875 0.422821044921875
0.0190048217773438 0.0183429718017578 0.55206298828125 0.487884521484375
-0.000644683837890626 0.0168819427490234 0.361083984375 0.532470703125
-0.00907230377197266 -0.00420093536376953 0.2674560546875 0.504058837890625
0.0215587615966797 0.00778961181640625 0.166412353515625 0.313018798828125
0.0191516876220703 0.0173492431640625 0.0544242858886719 0.0696449279785156
0.0160608291625977 0.0163688659667969 -0.07745361328125 -0.203048706054688
0.017333984375 0.0011749267578125 -0.2373046875 -0.42919921875
0.0177536010742188 0.0132503509521484 -0.46038818359375 -0.4971923828125
0.018341064453125 -0.000736236572265625 -0.5718994140625 -0.51177978515625
0.0254993438720703 0.0109138488769531 -0.5169677734375 -0.568359375
0.0152950286865234 0.00763225555419922 -0.372344970703125 -0.3785400390625
0.00198936462402344 0.0308284759521484 -0.132293701171875 -0.0732345581054687
-0.0283355712890625 0.0657882690429688 0.1585693359375 -0.006744384765625
-0.0015411376953125 0.0619544982910156 0.352020263671875 0.337890625
0.0484504699707031 0.00294113159179687 0.53387451171875 0.446929931640625
0.0193843841552734 -0.0105323791503906 0.53680419921875 0.518280029296875
-0.0254306793212891 0.00505638122558594 0.35211181640625 0.55047607421875
-0.0302848815917969 0.013702392578125 0.260833740234375 0.503814697265625
0.0167407989501953 0.0328159332275391 0.160491943359375 0.302032470703125
0.0181121826171875 0.0381278991699219 0.0512771606445313 0.0542259216308594
0.0147666931152344 0.0393104553222656 -0.085479736328125 -0.21392822265625
0.0064697265625 0.0206031799316406 -0.251739501953125 -0.42681884765625
-0.00516033172607422 0.0160970687866211 -0.474609375 -0.483551025390625
0.00333499908447265 -0.0170984268188477 -0.587646484375 -0.4859619140625
0.0432357788085938 -0.009765625 -0.532928466796875 -0.5418701171875
0.0423316955566406 0.0174484252929688 -0.37689208984375 -0.370330810546875
0.00165939331054687 0.0621490478515625 -0.130859375 -0.0649642944335938
-0.0361709594726563 0.0942611694335938 0.151992797851563 0.00621032714843751
0.0205230712890625 0.0800704956054688 0.339447021484375 0.34539794921875
0.0715484619140625 -0.012725830078125 0.513275146484375 0.47393798828125
0.0129985809326172 -0.0342044830322266 0.522064208984375 0.556121826171875
-0.0484619140625 -0.0032958984375 0.35150146484375 0.56817626953125
-0.0478591918945313 0.0280189514160156 0.2578125 0.498931884765625
0.01348876953125 0.04986572265625 0.155014038085937 0.280990600585938
0.0165176391601563 0.0511207580566406 0.0427932739257813 0.033447265625
0.0108680725097656 0.0579566955566406 -0.0981903076171875 -0.231521606445312
-0.00686836242675781 0.03485107421875 -0.265655517578125 -0.432647705078125
-0.0278034210205078 0.0155372619628906 -0.486358642578125 -0.473052978515625
-0.0098876953125 -0.0355224609375 -0.59423828125 -0.46258544921875
0.0613174438476563 -0.0287361145019531 -0.544464111328125 -0.516937255859375
0.065338134765625 0.0278053283691406 -0.381439208984375 -0.353271484375
-0.0014190673828125 0.0883255004882812 -0.129684448242188 -0.0520248413085937
-0.0345077514648438 0.1119384765625 0.1416015625 0.025238037109375
0.0389862060546875 0.0819778442382813 0.326812744140625 0.35906982421875
0.0788040161132813 -0.032562255859375 0.49285888671875 0.500946044921875
-0.000343322753906251 -0.0509452819824219 0.51739501953125 0.59124755859375
-0.0662956237792969 -0.00722503662109374 0.3580322265625 0.57940673828125
-0.0576286315917969 0.0372390747070312 0.2596435546875 0.484161376953125
0.0118293762207031 0.0573539733886719 0.1473388671875 0.255416870117188
0.0144500732421875 0.055206298828125 0.0320606231689453 0.00806999206542969
0.00647735595703125 0.0656471252441406 -0.109832763671875 -0.252609252929688
-0.0204582214355469 0.0413398742675781 -0.27178955078125 -0.444915771484375
-0.0463943481445313 0.00845718383789062 -0.484161376953125 -0.468536376953125
-0.0193252563476563 -0.0548019409179687 -0.5924072265625 -0.44195556640625
0.077545166015625 -0.0420150756835938 -0.553131103515625 -0.492156982421875
0.0810165405273438 0.0398178100585938 -0.3802490234375 -0.337554931640625
-0.00698852539062499 0.109703063964844 -0.132087707519531 -0.0334625244140625
0.00421905517578125 -0.0704345703125 0.120063781738281 0.0290069580078125
-0.105461120605469 -0.0257568359375 0.346099853515625 0.327392578125
-0.0608558654785156 0.0526237487792969 0.553863525390625 0.41864013671875
0.0307884216308594 0.0675086975097656 0.614990234375 0.48480224609375
0.0592765808105469 0.00802230834960938 0.449798583984375 0.500579833984375
0.0247955322265625 -0.0814971923828125 0.32867431640625 0.4407958984375
0.0165863037109375 -0.0864334106445313 0.171188354492188 0.258621215820313
0.0223846435546875 -0.0670127868652344 0.03192138671875 0.0366020202636719
0.0229034423828125 -0.0811691284179688 -0.0840911865234375 -0.24444580078125
0.0600662231445313 -0.0738449096679688 -0.203704833984375 -0.495208740234375
0.0805511474609375 0.00046539306640625 -0.39801025390625 -0.561126708984375
0.0362739562988281 0.0506439208984375 -0.50958251953125 -0.551483154296875
-0.0557708740234375 0.0385856628417969 -0.47900390625 -0.5838623046875
-0.0615196228027344 -0.0593338012695313 -0.3656005859375 -0.37506103515625
0.0181159973144531 -0.0650367736816406 -0.15399169921875 -0.02423095703125
0.0101242065429688 -0.0619926452636719 0.129058837890625 0.00731658935546875
-0.0930404663085937 -0.030120849609375 0.352447509765625 0.317596435546875
-0.0606956481933594 0.0444259643554688 0.56005859375 0.401885986328125
0.024139404296875 0.0720291137695313 0.60150146484375 0.4688720703125
0.0563201904296875 0.0222816467285156 0.430206298828125 0.503662109375
0.0297927856445313 -0.0663681030273438 0.319854736328125 0.462310791015625
0.02142333984375 -0.0731582641601563 0.177215576171875 0.282867431640625
0.0221481323242188 -0.0518150329589844 0.0426750183105469 0.057952880859375
0.0214614868164062 -0.0646629333496094 -0.078033447265625 -0.220626831054688
0.0521392822265625 -0.0634803771972656 -0.209869384765625 -0.473724365234375
0.0757675170898438 -0.0011444091796875 -0.415374755859375 -0.552093505859375
0.0443153381347656 0.0437774658203125 -0.5250244140625 -0.5618896484375
-0.0386314392089844 0.0478477478027344 -0.480712890625 -0.60028076171875
-0.0568771362304688 -0.0398635864257813 -0.359954833984375 -0.385467529296875
0.0110435485839844 -0.0531578063964844 -0.144088745117188 -0.044525146484375
0.0103225708007813 -0.0393142700195313 0.141403198242188 -0.009002685546875
-0.0712432861328125 -0.0208892822265625 0.35931396484375 0.31561279296875
-0.0457801818847656 0.0310516357421875 0.5640869140625 0.3978271484375
0.0181465148925781 0.063720703125 0.58880615234375 0.46148681640625
0.0439682006835938 0.0286521911621094 0.40692138671875 0.509063720703125
0.0247955322265625 -0.0463409423828125 0.304840087890625 0.481231689453125
0.0252838134765625 -0.0484886169433594 0.177520751953125 0.303131103515625
0.0210590362548828 -0.0314807891845703 0.0506362915039063 0.0726089477539063
0.0199089050292969 -0.0396537780761719 -0.07391357421875 -0.205703735351562
0.0413932800292969 -0.0441932678222656 -0.2186279296875 -0.45269775390625
0.0607490539550781 0.00113677978515625 -0.4322509765625 -0.535919189453125
0.0427474975585938 0.0293846130371094 -0.54425048828125 -0.553985595703125
-0.0170021057128906 0.0441017150878906 -0.489990234375 -0.6015625
-0.0384902954101563 -0.0192718505859375 -0.363494873046875 -0.390838623046875
0.00507354736328125 -0.0298213958740234 -0.137008666992188 -0.06195068359375
0.00182676315307617 -0.00728750228881836 0.153549194335938 -0.01513671875
-0.0464363098144531 0.00159072875976562 0.36383056640625 0.32061767578125
-0.0172863006591797 0.0204219818115234 0.5638427734375 0.40826416015625
0.0170516967773438 0.0438117980957031 0.57489013671875 0.4705810546875
0.0231266021728516 0.0265769958496094 0.38592529296875 0.52001953125
0.0110263824462891 -0.0237140655517578 0.28717041015625 0.49609375
0.0249977111816406 -0.0213661193847656 0.174530029296875 0.314605712890625
0.0206756591796875 -0.00751876831054688 0.0557327270507813 0.0768051147460938
0.0180912017822266 -0.0112953186035156 -0.0729217529296875 -0.198883056640625
0.0293312072753906 -0.0216426849365234 -0.228424072265625 -0.438201904296875
0.04046630859375 0.006744384765625 -0.449798583984375 -0.517059326171875
0.0326442718505859 0.0144004821777344 -0.5611572265625 -0.53759765625
0.00626564025878906 0.0309543609619141 -0.50494384765625 -0.58819580078125
-0.0135421752929688 -0.00363636016845703 -0.369354248046875 -0.3892822265625
0.00252699851989746 1.9073486328125E-05 -0.134773254394531 -0.0707550048828125
-0.0133552551269531 0.0293846130371094 0.160903930664063 -0.0153961181640625
-0.0221614837646484 0.0322723388671875 0.360321044921875 0.330047607421875
0.0168552398681641 0.0119037628173828 0.554962158203125 0.42376708984375
0.0190639495849609 0.0176811218261719 0.55767822265625 0.489349365234375
-0.00128650665283203 0.0169878005981445 0.36517333984375 0.534210205078125
-0.00976371765136719 -0.00317096710205078 0.271759033203125 0.50445556640625
0.0211982727050781 0.00701904296875 0.167999267578125 0.31536865234375
0.0196094512939453 0.0176868438720703 0.0558319091796875 0.07122802734375
0.0162439346313477 0.0163812637329102 -0.0767822265625 -0.20269775390625
0.0174436569213867 0.00167655944824219 -0.239349365234375 -0.4305419921875
0.017481803894043 0.0130548477172852 -0.46435546875 -0.4991455078125
0.0196590423583984 -0.000986099243164063 -0.578125 -0.5118408203125
0.0254402160644531 0.0112838745117188 -0.52264404296875 -0.56732177734375
0.0156936645507813 0.00804710388183594 -0.37628173828125 -0.382720947265625
0.00218963623046875 0.0317668914794922 -0.133125305175781 -0.07275390625
-0.0276870727539063 0.0651817321777344 0.15966796875 -0.0069122314453125
-0.00118255615234375 0.0620765686035156 0.353790283203125 0.336883544921875
0.0482940673828125 0.00169754028320313 0.53729248046875 0.447418212890625
0.0194492340087891 -0.010345458984375 0.542022705078125 0.518585205078125
-0.025177001953125 0.00478363037109375 0.35601806640625 0.550750732421875
-0.0305957794189453 0.0144920349121094 0.265106201171875 0.506317138671875
0.0167083740234375 0.0324993133544922 0.16363525390625 0.30377197265625
0.0187950134277344 0.0367012023925781 0.0523033142089844 0.0556983947753906
0.0145835876464844 0.0398025512695312 -0.0868988037109375 -0.214553833007813
0.00608062744140625 0.0217075347900391 -0.254425048828125 -0.428436279296875
-0.00539493560791016 0.0173349380493164 -0.48052978515625 -0.483795166015625
0.00343132019042969 -0.0171079635620117 -0.5938720703125 -0.48724365234375
0.0442848205566406 -0.0104827880859375 -0.5379638671875 -0.5439453125
0.0426597595214844 0.0178070068359375 -0.37957763671875 -0.370635986328125
0.00201797485351562 0.0620498657226563 -0.131683349609375 -0.0653762817382813
-0.03582763671875 0.0947418212890625 0.15252685546875 0.00578308105468751
0.0210952758789063 0.0801849365234375 0.341705322265625 0.348602294921875
0.07122802734375 -0.0136337280273438 0.517578125 0.475860595703125
0.0128650665283203 -0.0347042083740234 0.528106689453125 0.55841064453125
-0.0490341186523437 -0.00310134887695312 0.35662841796875 0.56939697265625
-0.048492431640625 0.0296783447265625 0.26263427734375 0.5003662109375
0.0146293640136719 0.0500259399414063 0.157470703125 0.282623291015625
0.0175514221191406 0.0507621765136719 0.0434379577636719 0.03314208984375
0.0116119384765625 0.0574111938476563 -0.0992889404296875 -0.231430053710938
-0.00706100463867188 0.0360832214355469 -0.267486572265625 -0.43499755859375
-0.0283546447753906 0.0156135559082031 -0.489166259765625 -0.4737548828125
-0.0104637145996094 -0.0359344482421875 -0.6009521484375 -0.461181640625
0.061126708984375 -0.0302734375 -0.5501708984375 -0.518524169921875
0.065673828125 0.0274238586425781 -0.383941650390625 -0.3553466796875
-0.000495910644531243 0.0896148681640625 -0.130111694335938 -0.0525588989257812
-0.0347442626953125 0.112861633300781 0.142074584960938 0.0239410400390625
0.0401153564453125 0.0818634033203125 0.328643798828125 0.3594970703125
0.0784912109375 -0.0322723388671875 0.498321533203125 0.50311279296875
-0.000148773193359375 -0.0522346496582031 0.523681640625 0.5933837890625
-0.065521240234375 -0.00578689575195312 0.3629150390625 0.580078125
-0.0576362609863281 0.0391464233398438 0.26214599609375 0.4873046875
0.0131340026855469 0.0575675964355469 0.149185180664063 0.2557373046875
0.0151863098144531 0.0567855834960938 0.0331096649169922 0.00879669189453125
0.00737380981445312 0.0665817260742188 -0.110870361328125 -0.253890991210938
-0.0202293395996094 0.0414810180664063 -0.27435302734375 -0.44580078125
-0.047027587890625 0.00931930541992189 -0.48828125 -0.46990966796875
-0.0193367004394531 -0.055938720703125 -0.5980224609375 -0.4427490234375
0.0769882202148438 -0.0425872802734375 -0.558685302734375 -0.4942626953125
0.0805816650390625 0.0402069091796875 -0.38494873046875 -0.3408203125
-0.00607299804687499 0.110214233398438 -0.132438659667969 -0.0332489013671875
0.004852294921875 -0.0707931518554687 0.119857788085938 0.02783203125
-0.107284545898438 -0.0251235961914063 0.348907470703125 0.328216552734375
-0.062286376953125 0.0540390014648438 0.55963134765625 0.421051025390625
0.0311050415039063 0.0678787231445313 0.6224365234375 0.48419189453125
0.0595970153808594 0.00808334350585937 0.45623779296875 0.502227783203125
0.0236968994140625 -0.0824966430664063 0.333343505859375 0.440673828125
0.0153350830078125 -0.0875778198242188 0.173797607421875 0.259124755859375
0.0218544006347656 -0.0685768127441406 0.0317420959472656 0.0371017456054687
0.0227584838867187 -0.0819320678710937 -0.0860137939453125 -0.245590209960937
0.06005859375 -0.0746994018554688 -0.205291748046875 -0.49530029296875
0.0815582275390625 -0.00060272216796875 -0.403564453125 -0.5635986328125
0.0369338989257813 0.0515403747558594 -0.51885986328125 -0.553955078125
-0.0570487976074219 0.0393524169921875 -0.48602294921875 -0.58587646484375
-0.0637016296386719 -0.0578765869140625 -0.368988037109375 -0.37371826171875
0.0184211730957031 -0.0667076110839844 -0.154693603515625 -0.023040771484375
0.0113372802734375 -0.0620346069335938 0.129470825195313 0.00643157958984375
-0.0938720703125 -0.0295333862304687 0.35516357421875 0.318817138671875
-0.0624847412109375 0.0458106994628906 0.5654296875 0.4022216796875
0.0248870849609375 0.0735015869140625 0.60870361328125 0.46929931640625
0.0578384399414063 0.0215606689453125 0.4342041015625 0.50433349609375
0.0297813415527344 -0.0677719116210938 0.324920654296875 0.463623046875
0.0218124389648438 -0.0726776123046875 0.179229736328125 0.284912109375
0.0221519470214844 -0.0543785095214844 0.0441741943359375 0.0588569641113281
0.022125244140625 -0.0651473999023437 -0.0790863037109375 -0.221237182617188
0.0524253845214844 -0.0645561218261719 -0.211151123046875 -0.4749755859375
0.0777587890625 -0.00101470947265625 -0.419708251953125 -0.5531005859375
0.0441665649414063 0.0441818237304688 -0.53216552734375 -0.56304931640625
-0.0375862121582031 0.0483741760253906 -0.4864501953125 -0.6004638671875
-0.0599021911621094 -0.0387039184570312 -0.363922119140625 -0.38702392578125
0.00976943969726563 -0.0545272827148438 -0.144561767578125 -0.0449066162109375
0.0111656188964844 -0.0406608581542969 0.142669677734375 -0.0109405517578125
-0.0708694458007813 -0.0209274291992188 0.3629150390625 0.31622314453125
-0.0454597473144531 0.0323333740234375 0.5699462890625 0.4002685546875
0.0194244384765625 0.0634994506835938 0.5960693359375 0.4620361328125
0.0439414978027344 0.02789306640625 0.412689208984375 0.51202392578125
0.0257453918457031 -0.0468482971191406 0.31085205078125 0.483795166015625
0.0231208801269531 -0.0491867065429688 0.180938720703125 0.3040771484375
0.0222110748291016 -0.0321063995361328 0.0523757934570313 0.0725021362304688
0.0196533203125 -0.0404472351074219 -0.074951171875 -0.2060546875
0.0411415100097656 -0.0451278686523438 -0.2203369140625 -0.453521728515625
0.0619125366210937 -6.103515625E-05 -0.43841552734375 -0.5374755859375
0.043792724609375 0.0300865173339844 -0.5516357421875 -0.554931640625
-0.0163383483886719 0.0446815490722656 -0.49603271484375 -0.60418701171875
-0.0402984619140625 -0.0187759399414062 -0.3662109375 -0.392608642578125
0.00576019287109375 -0.0303287506103516 -0.138359069824219 -0.062286376953125
0.00239801406860352 -0.00675487518310547 0.154495239257813 -0.01715087890625
-0.0454254150390625 0.00173187255859375 0.366546630859375 0.320648193359375
-0.0182743072509766 0.0204296112060547 0.56793212890625 0.4083251953125
0.0156059265136719 0.0435218811035156 0.58233642578125 0.4693603515625
0.0237388610839844 0.0262222290039062 0.389801025390625 0.52215576171875
0.0108051300048828 -0.0243186950683594 0.29083251953125 0.49932861328125
0.0243415832519531 -0.0229759216308594 0.176910400390625 0.315704345703125
0.0200424194335937 -0.00722694396972656 0.056884765625 0.0777053833007813
0.0176582336425781 -0.0124626159667969 -0.072479248046875 -0.200119018554688
0.0288810729980469 -0.0224590301513672 -0.22998046875 -0.438140869140625
0.0403022766113281 0.00621795654296875 -0.4549560546875 -0.5198974609375
0.0337295532226563 0.0150642395019531 -0.568359375 -0.53741455078125
0.00552558898925781 0.0305252075195313 -0.51080322265625 -0.58978271484375
-0.0139684677124023 -0.00264263153076172 -0.373504638671875 -0.390716552734375
0.0029754638671875 -0.000589609146118164 -0.134674072265625 -0.0717239379882812
-0.0118656158447266 0.0297203063964844 0.16107177734375 -0.015350341796875
-0.0226593017578125 0.0323371887207031 0.3648681640625 0.329864501953125
0.0168552398681641 0.0121040344238281 0.561553955078125 0.425689697265625
0.0197200775146484 0.017822265625 0.5638427734375 0.4892578125
0.001007080078125 0.0154848098754883 0.372589111328125 0.536590576171875
-0.00953006744384766 -0.00395870208740234 0.27459716796875 0.506103515625
0.0207481384277344 0.00746726989746094 0.170135498046875 0.316436767578125
0.0193805694580078 0.0165882110595703 0.0577468872070313 0.0699272155761719
0.0161275863647461 0.0151157379150391 -0.0782928466796875 -0.203689575195313
0.018280029296875 0.000890731811523438 -0.245025634765625 -0.431182861328125
0.0176105499267578 0.0125980377197266 -0.472015380859375 -0.49884033203125
0.0191059112548828 -0.000951766967773438 -0.5859375 -0.51220703125
0.0262355804443359 0.0116825103759766 -0.531982421875 -0.569580078125
0.0156993865966797 0.00930404663085938 -0.381317138671875 -0.381805419921875
0.003570556640625 0.0307960510253906 -0.133270263671875 -0.0717697143554688
-0.0264358520507813 0.0666694641113281 0.159393310546875 -0.00860595703125
-0.00038528442382812 0.0618705749511719 0.356781005859375 0.33917236328125
0.0491409301757812 0.000743865966796875 0.544586181640625 0.4510498046875
0.0180931091308594 -0.0105953216552734 0.549530029296875 0.52099609375
-0.0259971618652344 0.00420379638671875 0.3624267578125 0.552764892578125
-0.0311050415039062 0.0156517028808594 0.268890380859375 0.50787353515625
0.0170707702636719 0.0331192016601563 0.165130615234375 0.30462646484375
0.0184898376464844 0.0371971130371094 0.0531730651855469 0.0565605163574219
0.0151405334472656 0.0397415161132813 -0.0874176025390625 -0.215591430664063
0.00527572631835937 0.0223369598388672 -0.258575439453125 -0.429718017578125
-0.00571250915527344 0.0167350769042969 -0.48455810546875 -0.483428955078125
0.00376319885253906 -0.0174751281738281 -0.600341796875 -0.48590087890625
0.0440521240234375 -0.0111351013183594 -0.546173095703125 -0.544708251953125
0.0429267883300781 0.0180473327636719 -0.3843994140625 -0.37152099609375
0.00285720825195312 0.0628166198730469 -0.131484985351563 -0.0666732788085938
-0.035125732421875 0.095916748046875 0.152511596679688 0.00521850585937501
0.022552490234375 0.0809783935546875 0.34625244140625 0.349334716796875
0.0714645385742188 -0.013031005859375 0.523284912109375 0.477508544921875
0.0129928588867187 -0.0363960266113281 0.53564453125 0.560516357421875
-0.0488243103027344 -0.00297164916992187 0.362548828125 0.57086181640625
-0.048309326171875 0.0305366516113281 0.265716552734375 0.501678466796875
0.0137748718261719 0.0516624450683594 0.159637451171875 0.28326416015625
0.0178871154785156 0.0512313842773438 0.0449600219726563 0.0341682434082031
0.0117225646972656 0.0579109191894531 -0.0995941162109375 -0.2333984375
-0.006103515625 0.0357818603515625 -0.270965576171875 -0.43414306640625
-0.02825927734375 0.0169792175292969 -0.49591064453125 -0.4744873046875
-0.01068115234375 -0.0360679626464844 -0.60894775390625 -0.46160888671875
0.0617637634277344 -0.0313911437988281 -0.5582275390625 -0.518646240234375
0.0673484802246094 0.0283775329589844 -0.388458251953125 -0.355712890625
0.00107574462890624 0.0895233154296875 -0.12945556640625 -0.0523757934570313
-0.0351333618164062 0.115707397460937 0.141693115234375 0.023162841796875
0.040252685546875 0.0817108154296875 0.331695556640625 0.3616943359375
0.0794296264648437 -0.0335235595703125 0.50286865234375 0.5054931640625
-0.000972747802734379 -0.0527915954589844 0.531494140625 0.59515380859375
-0.0666465759277344 -0.0056915283203125 0.3685302734375 0.5833740234375
-0.0574951171875 0.0411109924316406 0.26519775390625 0.488372802734375
0.0127105712890625 0.0574760437011719 0.151123046875 0.256317138671875
0.0170135498046875 0.0560226440429688 0.033721923828125 0.00828933715820313
0.00751495361328125 0.0666313171386719 -0.112060546875 -0.25384521484375
-0.0202178955078125 0.0416069030761719 -0.27532958984375 -0.44757080078125
-0.0470771789550781 0.00911331176757813 -0.49261474609375 -0.47015380859375
-0.0186576843261719 -0.0559005737304688 -0.606689453125 -0.4412841796875
0.0779190063476563 -0.0438308715820312 -0.5648193359375 -0.49334716796875
0.0822219848632813 0.039520263671875 -0.387786865234375 -0.34063720703125
-0.00614166259765625 0.111648559570312 -0.1328125 -0.0323715209960937
0.0050506591796875 -0.072113037109375 0.120635986328125 0.0272445678710937
-0.107772827148438 -0.0244598388671875 0.352996826171875 0.328033447265625
-0.0630645751953125 0.0562667846679688 0.5692138671875 0.4195556640625
0.0328216552734375 0.0684547424316406 0.62933349609375 0.4833984375
0.0615921020507813 0.007049560546875 0.463165283203125 0.5020751953125
0.022979736328125 -0.0824203491210938 0.33685302734375 0.442352294921875
0.0134735107421875 -0.088958740234375 0.176132202148437 0.2587890625
0.0215568542480469 -0.0697174072265625 0.0334243774414062 0.0376434326171875
0.0212631225585938 -0.08331298828125 -0.0874176025390625 -0.24652099609375
0.0603485107421875 -0.0761260986328125 -0.210174560546875 -0.497955322265625
0.083038330078125 -0.0007171630859375 -0.4102783203125 -0.56463623046875
0.0384559631347656 0.0513496398925781 -0.52410888671875 -0.55377197265625
-0.0571327209472656 0.0414047241210938 -0.494384765625 -0.5859375
-0.0652656555175781 -0.0587425231933594 -0.373687744140625 -0.37548828125
0.0188522338867187 -0.0681953430175781 -0.154556274414063 -0.0224609375
0.0122222900390625 -0.0630035400390625 0.129653930664063 0.00572967529296875
-0.0943984985351563 -0.0300979614257812 0.3604736328125 0.318817138671875
-0.0620880126953125 0.0470962524414063 0.57293701171875 0.40277099609375
0.0262832641601562 0.07293701171875 0.61785888671875 0.4681396484375
0.0595474243164062 0.0213203430175781 0.44378662109375 0.50579833984375
0.0287551879882812 -0.068267822265625 0.3297119140625 0.4639892578125
0.0183639526367188 -0.07440185546875 0.1832275390625 0.284759521484375
0.0218734741210938 -0.0543708801269531 0.045318603515625 0.0597000122070312
0.0210647583007813 -0.0666313171386719 -0.080535888671875 -0.222015380859375
0.0525283813476563 -0.0655136108398438 -0.216522216796875 -0.4755859375
0.0777511596679688 -0.0024871826171875 -0.425537109375 -0.554779052734375
0.0461196899414063 0.0437583923339844 -0.539306640625 -0.56292724609375
-0.03863525390625 0.049591064453125 -0.4942626953125 -0.60211181640625
-0.0589103698730469 -0.0385627746582031 -0.3697509765625 -0.38702392578125
0.0110321044921875 -0.0553092956542969 -0.144271850585938 -0.0438079833984375
0.012451171875 -0.0406951904296875 0.142425537109375 -0.0109100341796875
-0.071502685546875 -0.0206298828125 0.366973876953125 0.315643310546875
-0.047515869140625 0.0333786010742188 0.57666015625 0.4010009765625
0.0195045471191406 0.0649566650390625 0.604736328125 0.46087646484375
0.0466499328613281 0.0285530090332031 0.420318603515625 0.51153564453125
0.0246543884277344 -0.0469627380371094 0.314117431640625 0.48321533203125
0.02313232421875 -0.0506744384765625 0.184173583984375 0.30560302734375
0.0208702087402344 -0.0318965911865234 0.0535964965820313 0.073883056640625
0.0180473327636719 -0.0412139892578125 -0.0751953125 -0.206939697265625
0.0404396057128906 -0.0465202331542969 -0.224945068359375 -0.455047607421875
0.0621757507324219 0.00014495849609375 -0.444976806640625 -0.5360107421875
0.045562744140625 0.030364990234375 -0.55914306640625 -0.55389404296875
-0.0157814025878906 0.0451431274414063 -0.505126953125 -0.60101318359375
-0.0413360595703125 -0.0187339782714844 -0.37200927734375 -0.392669677734375
0.00497627258300782 -0.0313701629638672 -0.13739013671875 -0.0608291625976562
0.00342750549316406 -0.00778341293334961 0.154388427734375 -0.0189666748046875
-0.0468940734863281 0.00180053710937501 0.369293212890625 0.3204345703125
-0.0184497833251953 0.0212554931640625 0.5738525390625 0.40997314453125
0.0168342590332031 0.0442619323730469 0.59002685546875 0.4696044921875
0.0245952606201172 0.0263652801513672 0.39697265625 0.522552490234375
0.00998306274414063 -0.0247917175292969 0.296661376953125 0.498321533203125
0.0229511260986328 -0.0235271453857422 0.181549072265625 0.31683349609375
0.0201835632324219 -0.00851249694824219 0.0586013793945313 0.0779800415039063
0.0180206298828125 -0.0128345489501953 -0.0747833251953125 -0.201416015625
0.0282573699951172 -0.0227317810058594 -0.233001708984375 -0.4405517578125
0.0417594909667969 0.00513839721679687 -0.46099853515625 -0.519317626953125
0.0345802307128906 0.0149250030517578 -0.577880859375 -0.53717041015625
0.00657844543457031 0.0304279327392578 -0.521728515625 -0.59088134765625
-0.0145196914672852 -0.00275993347167969 -0.37933349609375 -0.391448974609375
0.00281667709350586 -0.00118827819824219 -0.13555908203125 -0.0719070434570313
-0.0111770629882813 0.0312347412109375 0.16021728515625 -0.017486572265625
-0.0216922760009766 0.0324878692626953 0.36700439453125 0.32940673828125
0.0162601470947266 0.0124330520629883 0.566162109375 0.42694091796875
0.0187797546386719 0.0175590515136719 0.5736083984375 0.48870849609375
3.2424926757811E-05 0.0167903900146484 0.37994384765625 0.53607177734375
-0.00897502899169922 -0.00212192535400391 0.28076171875 0.507171630859375
0.0205802917480469 0.00731277465820312 0.175140380859375 0.316375732421875
0.0197544097900391 0.0165920257568359 0.059326171875 0.07196044921875
0.0167818069458008 0.0156898498535156 -0.078369140625 -0.204208374023437
0.0177059173583984 0.00127029418945313 -0.2484130859375 -0.431488037109375
0.0188560485839844 0.0133323669433594 -0.478424072265625 -0.499237060546875
0.0196685791015625 -0.00165176391601563 -0.59417724609375 -0.51239013671875
0.02593994140625 0.0101184844970703 -0.53857421875 -0.57086181640625
0.0148792266845703 0.00860691070556641 -0.38616943359375 -0.38189697265625
0.00325584411621094 0.0317802429199219 -0.134170532226563 -0.0725250244140625
-0.0259246826171875 0.0669517517089844 0.1605224609375 -0.010223388671875
0.00116729736328125 0.0626182556152344 0.36163330078125 0.340240478515625
0.0485000610351562 0.000553131103515625 0.5501708984375 0.4508056640625
0.0188674926757813 -0.0118179321289063 0.556915283203125 0.519622802734375
-0.0253524780273438 0.00510787963867188 0.368621826171875 0.5535888671875
-0.0311393737792969 0.0163097381591797 0.274078369140625 0.50885009765625
0.0171413421630859 0.0334548950195313 0.16961669921875 0.30560302734375
0.0186653137207031 0.0371971130371094 0.0551872253417969 0.0563926696777344
0.016387939453125 0.0404701232910156 -0.0878143310546875 -0.216156005859375
0.00672340393066406 0.0219135284423828 -0.261993408203125 -0.430877685546875
-0.00559616088867188 0.0179634094238281 -0.492584228515625 -0.48345947265625
0.00388336181640625 -0.0179843902587891 -0.60919189453125 -0.48516845703125
0.0440559387207031 -0.010894775390625 -0.55291748046875 -0.544677734375
0.0440025329589844 0.0174903869628906 -0.391693115234375 -0.37054443359375
0.00413513183593751 0.0627517700195313 -0.130653381347656 -0.065582275390625
-0.0339202880859375 0.09765625 0.15386962890625 0.00408935546875001
0.0239410400390625 0.0806350708007813 0.34869384765625 0.35015869140625
0.0721435546875 -0.0146942138671875 0.530242919921875 0.47808837890625
0.0124397277832031 -0.0362777709960938 0.543609619140625 0.5592041015625
-0.048248291015625 -0.00279998779296876 0.36834716796875 0.57293701171875
-0.0490150451660156 0.0323829650878906 0.27020263671875 0.504425048828125
0.0142097473144531 0.0518913269042969 0.1630859375 0.284027099609375
0.0187416076660156 0.0517082214355469 0.0468864440917969 0.0340728759765625
0.0135459899902344 0.0580787658691406 -0.101287841796875 -0.233230590820313
-0.0069580078125 0.0373039245605469 -0.274505615234375 -0.435455322265625
-0.02752685546875 0.0176563262939453 -0.501708984375 -0.47381591796875
-0.0107269287109375 -0.0363540649414062 -0.6153564453125 -0.4599609375
0.0617713928222656 -0.0322761535644531 -0.56475830078125 -0.51727294921875
0.0678901672363281 0.0278854370117188 -0.394287109375 -0.355224609375
0.00188446044921875 0.0909271240234375 -0.12969970703125 -0.0517196655273438
-0.03302001953125 0.116729736328125 0.143081665039063 0.021697998046875
0.042816162109375 0.0817108154296875 0.33587646484375 0.36199951171875
0.0790481567382813 -0.0345535278320313 0.510986328125 0.508026123046875
-0.00132369995117187 -0.0531692504882813 0.5418701171875 0.59490966796875
-0.0666389465332031 -0.005584716796875 0.37615966796875 0.58355712890625
-0.05859375 0.042022705078125 0.272003173828125 0.48858642578125
0.012847900390625 0.0581741333007813 0.1551513671875 0.257553100585938
0.018096923828125 0.0570945739746094 0.0343074798583984 0.00865745544433594
0.00901412963867188 0.0674057006835937 -0.113601684570312 -0.254714965820313
-0.0199470520019531 0.042755126953125 -0.2823486328125 -0.448089599609375
-0.0481834411621094 0.01019287109375 -0.4990234375 -0.47015380859375
-0.0205497741699219 -0.0560874938964844 -0.61407470703125 -0.4412841796875
0.0783462524414063 -0.045501708984375 -0.5721435546875 -0.4954833984375
0.0832672119140625 0.03936767578125 -0.393218994140625 -0.34014892578125
-0.00408172607421875 0.111839294433594 -0.133445739746094 -0.0329666137695313
0.00539398193359376 -0.073211669921875 0.120841979980469 0.0265045166015625
-0.1090087890625 -0.0239715576171875 0.356719970703125 0.32806396484375
-0.0637893676757813 0.0559806823730469 0.57366943359375 0.41705322265625
0.0338325500488281 0.0683784484863281 0.6380615234375 0.481201171875
0.0629425048828125 0.00583648681640625 0.469024658203125 0.499725341796875
0.0224227905273438 -0.0835723876953125 0.343048095703125 0.44085693359375
0.0130767822265625 -0.090606689453125 0.179244995117188 0.258453369140625
0.0202255249023438 -0.0704879760742187 0.0340423583984375 0.0377426147460937
0.0217208862304687 -0.0845947265625 -0.0901031494140625 -0.246551513671875
0.0586929321289063 -0.0777969360351563 -0.21600341796875 -0.4989013671875
0.084197998046875 -0.00316619873046875 -0.41644287109375 -0.56414794921875
0.0388107299804688 0.05133056640625 -0.53472900390625 -0.5513916015625
-0.0571479797363281 0.0416793823242187 -0.501708984375 -0.586181640625
-0.0665245056152344 -0.0581855773925781 -0.37908935546875 -0.37469482421875
0.0187835693359375 -0.0703353881835938 -0.15460205078125 -0.021331787109375
0.0128288269042969 -0.0653152465820313 0.129676818847656 0.0036163330078125
-0.0958480834960938 -0.0293731689453125 0.364532470703125 0.31805419921875
-0.06231689453125 0.0488090515136719 0.579833984375 0.40234375
0.0272140502929687 0.0731887817382813 0.6260986328125 0.46527099609375
0.0602531433105469 0.0203666687011719 0.449462890625 0.50445556640625
0.0278663635253906 -0.0686302185058594 0.334320068359375 0.46160888671875
0.0189590454101563 -0.0758743286132813 0.187255859375 0.285430908203125
0.020904541015625 -0.0553436279296875 0.0467529296875 0.0602226257324219
0.0198745727539063 -0.0682525634765625 -0.082305908203125 -0.222412109375
0.0521965026855469 -0.0666122436523438 -0.221771240234375 -0.47772216796875
0.07916259765625 -0.0035552978515625 -0.433074951171875 -0.553466796875
0.0472984313964844 0.0438499450683594 -0.54962158203125 -0.56024169921875
-0.039093017578125 0.0513801574707031 -0.50360107421875 -0.6021728515625
-0.0600051879882813 -0.0379295349121094 -0.37457275390625 -0.386322021484375
0.010986328125 -0.0564804077148438 -0.14434814453125 -0.0430755615234375
0.0125236511230469 -0.0415077209472656 0.142822265625 -0.0130462646484375
-0.0718460083007813 -0.020843505859375 0.371124267578125 0.31634521484375
-0.047515869140625 0.0344047546386719 0.58551025390625 0.39715576171875
0.0208625793457031 0.0652351379394531 0.613525390625 0.45867919921875
0.047210693359375 0.0281410217285156 0.428192138671875 0.510284423828125
0.0247611999511719 -0.0473670959472656 0.32061767578125 0.48211669921875
0.02276611328125 -0.0526504516601563 0.18719482421875 0.304931640625
0.0206108093261719 -0.0333003997802734 0.0546722412109375 0.0744400024414062
0.0196723937988281 -0.0422935485839844 -0.07647705078125 -0.208221435546875
0.0404548645019531 -0.0469398498535156 -0.22943115234375 -0.454345703125
0.0634498596191406 -0.000461578369140625 -0.452239990234375 -0.53619384765625
0.0448532104492187 0.0309371948242188 -0.56756591796875 -0.55511474609375
-0.0159759521484375 0.0465660095214844 -0.513427734375 -0.6029052734375
-0.04168701171875 -0.0177154541015625 -0.378448486328125 -0.39306640625
0.00587844848632812 -0.0321044921875 -0.138404846191406 -0.061065673828125
0.005096435546875 -0.00784111022949219 0.1556396484375 -0.0207672119140625
-0.0454292297363281 0.00151062011718751 0.37335205078125 0.320526123046875
-0.0190315246582031 0.0213146209716797 0.58355712890625 0.408447265625
0.0185470581054687 0.0447463989257813 0.5980224609375 0.46771240234375
0.0257453918457031 0.02569580078125 0.404754638671875 0.519744873046875
0.011383056640625 -0.0231037139892578 0.302215576171875 0.497894287109375
0.0225601196289062 -0.0232505798339844 0.184783935546875 0.31646728515625
0.0203952789306641 -0.00926971435546875 0.0607986450195312 0.0781021118164063
0.0181713104248047 -0.0128822326660156 -0.0748748779296875 -0.201492309570313
0.0285873413085937 -0.0229244232177734 -0.2381591796875 -0.43951416015625
0.0423316955566406 0.00531387329101563 -0.467498779296875 -0.51837158203125
0.0352592468261719 0.01544189453125 -0.58544921875 -0.5352783203125
0.0068511962890625 0.0318489074707031 -0.53033447265625 -0.58953857421875
-0.0141963958740234 -0.00224781036376953 -0.384613037109375 -0.390167236328125
0.00367641448974609 -0.00185608863830566 -0.135643005371094 -0.0709915161132813
-0.00974082946777344 0.0305328369140625 0.161590576171875 -0.019256591796875
-0.0222358703613281 0.0324478149414063 0.37335205078125 0.329437255859375
0.0151805877685547 0.0124778747558594 0.575439453125 0.4241943359375
0.0197639465332031 0.0169143676757813 0.5811767578125 0.4862060546875
0.00103473663330078 0.0166225433349609 0.38629150390625 0.536163330078125
-0.0101785659790039 -0.00209617614746094 0.28704833984375 0.50799560546875
0.0203647613525391 0.00636100769042969 0.178131103515625 0.3162841796875
0.0202808380126953 0.015869140625 0.0613174438476563 0.0728378295898437
0.0176067352294922 0.015106201171875 -0.0799102783203125 -0.205108642578125
0.0177555084228516 0.0011444091796875 -0.2508544921875 -0.4315185546875
0.0187950134277344 0.0128231048583984 -0.484344482421875 -0.49798583984375
0.0195999145507813 -0.000946044921875 -0.60247802734375 -0.510498046875
0.0253562927246094 0.0106678009033203 -0.54541015625 -0.5697021484375
0.0149736404418945 0.00971794128417969 -0.39044189453125 -0.379730224609375
0.00339889526367188 0.0317325592041016 -0.133659362792969 -0.0733489990234375
-0.0246429443359375 0.0674819946289063 0.16058349609375 -0.01239013671875
0.000904083251953126 0.0621070861816406 0.364990234375 0.339752197265625
0.049224853515625 0.00066375732421875 0.55841064453125 0.45050048828125
0.0192775726318359 -0.0122184753417969 0.5662841796875 0.51812744140625
-0.0243873596191406 0.00658226013183594 0.3758544921875 0.5555419921875
-0.0313091278076172 0.0176258087158203 0.278472900390625 0.510101318359375
0.0169944763183594 0.0326118469238281 0.17462158203125 0.305023193359375
0.02008056640625 0.0372962951660156 0.0556068420410156 0.0560493469238281
0.0163764953613281 0.0401878356933594 -0.0886383056640625 -0.215591430664062
0.00720596313476563 0.0233745574951172 -0.2662353515625 -0.429168701171875
-0.00484275817871094 0.0176429748535156 -0.498779296875 -0.481903076171875
0.00279712677001953 -0.0172624588012695 -0.61798095703125 -0.48358154296875
0.0440216064453125 -0.012420654296875 -0.562255859375 -0.54351806640625
0.0433845520019531 0.0182075500488281 -0.39593505859375 -0.370086669921875
0.00592041015624999 0.0629768371582031 -0.132102966308594 -0.06610107421875
-0.03228759765625 0.0987319946289063 0.15380859375 0.00149536132812501
0.0242767333984375 0.0806045532226563 0.35345458984375 0.351104736328125
0.0714874267578125 -0.0151596069335938 0.53863525390625 0.47796630859375
0.0113639831542969 -0.0373001098632812 0.554962158203125 0.558929443359375
-0.0493888854980469 -0.00206375122070312 0.3782958984375 0.57159423828125
-0.0486297607421875 0.034820556640625 0.27642822265625 0.50360107421875
0.0140876770019531 0.0509185791015625 0.166015625 0.284454345703125
0.0192832946777344 0.0511817932128906 0.0476951599121094 0.0339241027832031
0.0143699645996094 0.0590553283691406 -0.102951049804688 -0.233749389648437
-0.00638961791992188 0.0374069213867188 -0.279571533203125 -0.435577392578125
-0.0285091400146484 0.0181446075439453 -0.507080078125 -0.471710205078125
-0.0114326477050781 -0.0364837646484375 -0.6258544921875 -0.4573974609375
0.0616493225097656 -0.0334320068359375 -0.57391357421875 -0.51812744140625
0.0692863464355469 0.0272293090820313 -0.3992919921875 -0.353912353515625
0.003204345703125 0.0915756225585938 -0.131027221679688 -0.0511627197265625
-0.0311660766601562 0.117744445800781 0.14300537109375 0.0204010009765625
0.043670654296875 0.0810089111328125 0.34014892578125 0.362396240234375
0.0784530639648437 -0.0357437133789063 0.51885986328125 0.5072021484375
-0.00255203247070313 -0.0550460815429688 0.55078125 0.5927734375
-0.0674247741699219 -0.00410842895507811 0.38525390625 0.5841064453125
-0.0579109191894531 0.0445899963378906 0.276458740234375 0.48846435546875
0.0126304626464844 0.0587234497070313 0.158096313476562 0.256973266601563
0.0178489685058594 0.0576591491699219 0.0350856781005859 0.00916099548339844
0.00933456420898438 0.0684242248535156 -0.116683959960938 -0.255874633789062
-0.0209617614746094 0.0445823669433594 -0.28643798828125 -0.448089599609375
-0.0478897094726562 0.0113334655761719 -0.504302978515625 -0.4681396484375
-0.0208015441894531 -0.0564804077148438 -0.62054443359375 -0.43853759765625
0.0785980224609375 -0.048309326171875 -0.581298828125 -0.49163818359375
0.0848922729492188 0.0404281616210938 -0.398651123046875 -0.339599609375
-0.00295257568359374 0.112777709960938 -0.132568359375 -0.0314102172851563
0.005523681640625 -0.0749664306640625 0.120841979980469 0.0258255004882812
-0.109954833984375 -0.0233383178710938 0.36065673828125 0.32745361328125
-0.0638046264648438 0.0591850280761719 0.58258056640625 0.4161376953125
0.0356636047363281 0.0685997009277344 0.647216796875 0.4757080078125
0.0650978088378906 0.00492477416992187 0.478302001953125 0.4970703125
0.021240234375 -0.0839691162109375 0.349456787109375 0.438690185546875
0.0101318359375 -0.0912857055664063 0.181991577148438 0.257965087890625
0.0206298828125 -0.0718307495117188 0.0342063903808594 0.0379753112792969
0.019622802734375 -0.0863113403320313 -0.0916748046875 -0.247726440429687
0.0587158203125 -0.0791397094726563 -0.220611572265625 -0.500030517578125
0.0848236083984375 -0.00362396240234375 -0.42449951171875 -0.5633544921875
0.0399742126464844 0.0519027709960937 -0.542449951171875 -0.550079345703125
-0.0574951171875 0.0431022644042969 -0.51123046875 -0.58416748046875
-0.067413330078125 -0.0572547912597656 -0.384246826171875 -0.37298583984375
0.0186309814453125 -0.070648193359375 -0.155380249023437 -0.0195465087890625
0.0124588012695313 -0.065032958984375 0.130363464355469 0.00148773193359375
-0.0969390869140625 -0.0284500122070312 0.36810302734375 0.316314697265625
-0.0638313293457031 0.0506095886230469 0.58868408203125 0.3994140625
0.0280990600585938 0.0739898681640625 0.635986328125 0.4610595703125
0.0623397827148437 0.0197486877441406 0.458953857421875 0.500274658203125
0.0280799865722656 -0.0688896179199219 0.34063720703125 0.46075439453125
0.0169601440429688 -0.0772552490234375 0.18988037109375 0.28411865234375
0.0203590393066406 -0.0572280883789062 0.0472450256347656 0.0606536865234375
0.0188980102539063 -0.0685234069824219 -0.0841827392578125 -0.222610473632813
0.0511398315429687 -0.0674476623535156 -0.226318359375 -0.4761962890625
0.0797195434570313 -0.00476837158203125 -0.44073486328125 -0.55242919921875
0.0490493774414063 0.0440292358398437 -0.560028076171875 -0.559051513671875
-0.0390777587890625 0.051300048828125 -0.513671875 -0.60040283203125
-0.0621376037597656 -0.0367660522460938 -0.38104248046875 -0.385009765625
0.0111503601074219 -0.0574874877929688 -0.144699096679688 -0.0421600341796875
0.0139694213867188 -0.0428504943847656 0.141876220703125 -0.014801025390625
-0.0735702514648438 -0.0206680297851563 0.3756103515625 0.316009521484375
-0.0488471984863281 0.0358085632324219 0.591796875 0.39471435546875
0.0214042663574219 0.0655403137207031 0.62225341796875 0.4556884765625
0.0487594604492187 0.0277442932128906 0.43511962890625 0.508880615234375
0.023834228515625 -0.0467720031738281 0.326263427734375 0.480194091796875
0.0206794738769531 -0.0530014038085938 0.1927490234375 0.304901123046875
0.0200138092041016 -0.034332275390625 0.0572052001953125 0.0741653442382813
0.0184669494628906 -0.0434532165527344 -0.07830810546875 -0.206893920898438
0.0398063659667969 -0.0473709106445313 -0.2347412109375 -0.45501708984375
0.064178466796875 -0.00253677368164063 -0.460418701171875 -0.534454345703125
0.0459747314453125 0.0300865173339844 -0.57794189453125 -0.550537109375
-0.0158843994140625 0.0471878051757813 -0.52288818359375 -0.60064697265625
-0.0419044494628906 -0.0170707702636719 -0.383026123046875 -0.39154052734375
0.004913330078125 -0.0332145690917969 -0.139167785644531 -0.0605087280273437
0.00598049163818359 -0.00969791412353516 0.154830932617188 -0.02276611328125
-0.0462722778320313 0.00164794921874999 0.37860107421875 0.318939208984375
-0.0198898315429687 0.0232830047607422 0.59033203125 0.4053955078125
0.0191001892089844 0.0446624755859375 0.6072998046875 0.46307373046875
0.0271663665771484 0.0260791778564453 0.412109375 0.518890380859375
0.010711669921875 -0.0236587524414063 0.307891845703125 0.497802734375
0.0220718383789063 -0.0241451263427734 0.18878173828125 0.316192626953125
0.0200424194335938 -0.00887107849121094 0.062591552734375 0.078399658203125
0.0181083679199219 -0.0141868591308594 -0.077606201171875 -0.201614379882812
0.0284156799316406 -0.0231647491455078 -0.242431640625 -0.4385986328125
0.0425224304199219 0.00455474853515625 -0.47454833984375 -0.5152587890625
0.0352363586425781 0.0139541625976563 -0.5953369140625 -0.531982421875
0.00760841369628906 0.0316562652587891 -0.53924560546875 -0.58868408203125
-0.014735221862793 -0.00168704986572266 -0.39019775390625 -0.38818359375
0.00429034233093262 -0.00180745124816895 -0.13623046875 -0.0703582763671875
-0.00872802734375 0.0309638977050781 0.162094116210938 -0.0223388671875
-0.0208530426025391 0.0326137542724609 0.377288818359375 0.3287353515625
0.0162277221679687 0.011683464050293 0.582275390625 0.4227294921875
0.0196647644042969 0.0167388916015625 0.59112548828125 0.4842529296875
0.00174617767333984 0.0174522399902344 0.3934326171875 0.53448486328125
-0.00875568389892578 -0.000908851623535157 0.29376220703125 0.50732421875
0.0202980041503906 0.00614547729492187 0.182952880859375 0.317108154296875
0.0202541351318359 0.0156326293945313 0.0631179809570313 0.0722885131835938
0.0179977416992188 0.0151138305664062 -0.080718994140625 -0.205337524414063
0.0178546905517578 0.00161361694335938 -0.25604248046875 -0.4306640625
0.0190048217773438 0.0126457214355469 -0.492462158203125 -0.4949951171875
0.0202693939208984 -0.000728607177734375 -0.6119384765625 -0.5064697265625
0.0266647338867188 0.0104598999023438 -0.55511474609375 -0.56719970703125
0.0154914855957031 0.00988292694091797 -0.395477294921875 -0.379425048828125
0.00576972961425781 0.0318107604980469 -0.134590148925781 -0.0717239379882813
-0.0231895446777344 0.0695419311523438 0.16064453125 -0.013824462890625
0.00234603881835938 0.0631217956542969 0.370849609375 0.338348388671875
0.0487823486328125 0.0003662109375 0.56732177734375 0.44879150390625
0.0188236236572266 -0.0119953155517578 0.57806396484375 0.516357421875
-0.0247154235839844 0.00531578063964844 0.3865966796875 0.5523681640625
-0.0312156677246094 0.0191097259521484 0.285430908203125 0.509124755859375
0.0176200866699219 0.0338459014892578 0.178466796875 0.305023193359375
0.0208473205566406 0.0364303588867188 0.0585060119628906 0.0568809509277344
0.0168952941894531 0.04071044921875 -0.091339111328125 -0.216461181640625
0.00651931762695313 0.0235843658447266 -0.270904541015625 -0.430633544921875
-0.00554847717285156 0.0184764862060547 -0.505157470703125 -0.480316162109375
0.00271987915039063 -0.0177021026611328 -0.6265869140625 -0.47894287109375
0.0440406799316406 -0.0131950378417969 -0.57159423828125 -0.54022216796875
0.0452156066894531 0.0183753967285156 -0.401702880859375 -0.368896484375
0.00599288940429687 0.0641365051269531 -0.132240295410156 -0.0647354125976563
-0.0305633544921875 0.0995712280273438 0.153839111328125 -0.000946044921874994
0.0255126953125 0.0814285278320312 0.358367919921875 0.35003662109375
0.0715789794921875 -0.0162200927734375 0.54638671875 0.477264404296875
0.0111198425292969 -0.0382728576660156 0.5623779296875 0.55450439453125
-0.0488777160644531 -0.00152969360351562 0.38470458984375 0.5721435546875
-0.048736572265625 0.0361862182617188 0.281829833984375 0.50262451171875
0.0145606994628906 0.0517082214355469 0.170013427734375 0.283721923828125
0.0203361511230469 0.0513992309570313 0.0485191345214844 0.0345573425292969
0.0153465270996094 0.0595207214355469 -0.105270385742188 -0.23419189453125
-0.00749969482421875 0.0380058288574219 -0.283599853515625 -0.434295654296875
-0.0286159515380859 0.0185737609863281 -0.514251708984375 -0.467681884765625
-0.0126113891601563 -0.0371627807617187 -0.63311767578125 -0.45343017578125
0.0612220764160156 -0.0346412658691406 -0.58294677734375 -0.5157470703125
0.069854736328125 0.0273971557617188 -0.404083251953125 -0.352264404296875
0.00405120849609375 0.092254638671875 -0.130958557128906 -0.0507583618164063
-0.0284271240234375 0.11895751953125 0.14276123046875 0.0179443359375
0.044708251953125 0.0818557739257813 0.344818115234375 0.36181640625
0.0777130126953125 -0.0369796752929688 0.528656005859375 0.506317138671875
-0.00323867797851563 -0.0547637939453125 0.56109619140625 0.5919189453125
-0.0673027038574219 -0.00347900390625001 0.39398193359375 0.58306884765625
-0.0582809448242188 0.0474166870117188 0.283172607421875 0.488555908203125
0.0131874084472656 0.0589981079101562 0.16107177734375 0.256698608398438
0.0189552307128906 0.0571250915527344 0.0366096496582031 0.00836181640625
0.0115776062011719 0.0691108703613281 -0.119461059570312 -0.2567138671875
-0.0197219848632813 0.0454750061035156 -0.291473388671875 -0.4476318359375
-0.04925537109375 0.0128440856933594 -0.51226806640625 -0.4644775390625
-0.0221748352050781 -0.0566864013671875 -0.6297607421875 -0.43292236328125
0.0786514282226563 -0.0493850708007813 -0.5887451171875 -0.489501953125
0.0858840942382812 0.0390853881835937 -0.404937744140625 -0.33734130859375
-0.00198364257812501 0.114120483398438 -0.132942199707031 -0.0306777954101563
0.00545501708984376 -0.0761337280273438 0.12103271484375 0.0238571166992188
-0.111030578613281 -0.021881103515625 0.366455078125 0.325836181640625
-0.064117431640625 0.0612258911132813 0.590576171875 0.41290283203125
0.0364418029785156 0.0692977905273438 0.6573486328125 0.47015380859375
0.0658035278320313 0.00442123413085938 0.486419677734375 0.49346923828125
0.0211410522460938 -0.0835418701171875 0.35540771484375 0.435699462890625
0.00968170166015625 -0.091705322265625 0.186355590820313 0.256179809570313
0.0194015502929687 -0.0725479125976563 0.0369606018066406 0.0379714965820312
0.0190200805664063 -0.0876846313476563 -0.0944976806640625 -0.246917724609375
0.0581893920898438 -0.080596923828125 -0.22735595703125 -0.49847412109375
0.0862503051757812 -0.00493621826171875 -0.431854248046875 -0.5599365234375
0.0420761108398438 0.0509300231933594 -0.55194091796875 -0.54534912109375
-0.0570793151855469 0.0448760986328125 -0.52099609375 -0.58111572265625
-0.0689315795898438 -0.056304931640625 -0.39019775390625 -0.368988037109375
0.017791748046875 -0.07305908203125 -0.155548095703125 -0.0180511474609375
0.0132408142089844 -0.0670318603515625 0.129585266113281 -4.10438210475289E-18
-0.097900390625 -0.027618408203125 0.373931884765625 0.316162109375
-0.0636253356933594 0.0522117614746094 0.59466552734375 0.396240234375
0.0299453735351562 0.0738525390625 0.643798828125 0.45733642578125
0.06280517578125 0.0183906555175781 0.465789794921875 0.497283935546875
0.0268516540527344 -0.0686683654785156 0.34716796875 0.458526611328125
0.0156021118164063 -0.07818603515625 0.19415283203125 0.283660888671875
0.0191230773925781 -0.0576667785644531 0.0492210388183594 0.0596961975097656
0.0185470581054688 -0.0692329406738281 -0.0863037109375 -0.223220825195313
0.0500946044921875 -0.0685462951660156 -0.232208251953125 -0.475799560546875
0.0802536010742187 -0.00608062744140625 -0.44964599609375 -0.549346923828125
0.0497398376464844 0.0433921813964844 -0.5673828125 -0.55389404296875
-0.038482666015625 0.0529975891113281 -0.52215576171875 -0.59771728515625
-0.0630722045898438 -0.0358810424804688 -0.385955810546875 -0.38232421875
0.0105857849121094 -0.0587425231933594 -0.145050048828125 -0.0406036376953125
0.013702392578125 -0.0429458618164062 0.142166137695313 -0.01751708984375
-0.0734405517578125 -0.0202484130859375 0.380706787109375 0.312530517578125
-0.0496292114257813 0.0373573303222656 0.59857177734375 0.39154052734375
0.0223274230957031 0.0654792785644531 0.631591796875 0.450439453125
0.0503349304199219 0.0266075134277344 0.44256591796875 0.50433349609375
0.0237503051757813 -0.0478630065917969 0.33251953125 0.479095458984375
0.0196609497070312 -0.0540199279785156 0.196502685546875 0.30389404296875
0.0201606750488281 -0.0353584289550781 0.0582275390625 0.0747222900390625
0.0179824829101562 -0.0443801879882813 -0.0797882080078125 -0.2073974609375
0.0391426086425781 -0.0478515625 -0.24029541015625 -0.453826904296875
0.0648460388183594 -0.0027618408203125 -0.46771240234375 -0.530731201171875
0.0479736328125 0.030059814453125 -0.587158203125 -0.547119140625
-0.0144386291503906 0.0477027893066406 -0.5340576171875 -0.59893798828125
-0.0424461364746094 -0.016754150390625 -0.391143798828125 -0.387847900390625
0.00571632385253907 -0.0340862274169922 -0.139640808105469 -0.0584716796875
0.0065765380859375 -0.00881099700927734 0.15533447265625 -0.0257415771484375
-0.0460624694824219 0.00183868408203126 0.382415771484375 0.31622314453125
-0.0203456878662109 0.0228538513183594 0.59765625 0.40203857421875
0.019287109375 0.0444602966308594 0.61553955078125 0.45758056640625
0.0279121398925781 0.0257015228271484 0.4195556640625 0.516845703125
0.0110435485839844 -0.0230255126953125 0.31573486328125 0.49664306640625
0.0213680267333984 -0.0257511138916016 0.194091796875 0.31591796875
0.0198230743408203 -0.00980186462402344 0.0643386840820313 0.0785598754882813
0.0175743103027344 -0.0145206451416016 -0.0788726806640625 -0.201019287109375
0.0281600952148438 -0.0242958068847656 -0.24749755859375 -0.43792724609375
0.0434341430664062 0.00399398803710937 -0.482147216796875 -0.51104736328125
0.0365829467773438 0.0143814086914063 -0.60565185546875 -0.52734375
0.00749969482421875 0.0315971374511719 -0.548095703125 -0.58416748046875
-0.0149383544921875 -0.000683784484863279 -0.395782470703125 -0.38690185546875
0.00448703765869141 -0.00287723541259766 -0.137290954589844 -0.06982421875
-0.00796699523925782 0.0307064056396484 0.161392211914063 -0.0248565673828125
-0.0209770202636719 0.0332832336425781 0.3802490234375 0.3260498046875
0.0151519775390625 0.0121984481811523 0.59124755859375 0.42034912109375
0.0209388732910156 0.0165367126464844 0.599609375 0.478271484375
0.00244235992431641 0.0172767639160156 0.4007568359375 0.53179931640625
-0.0101795196533203 0.000448226928710937 0.29852294921875 0.504547119140625
0.0194358825683594 0.00593948364257813 0.188018798828125 0.315521240234375
0.0210933685302734 0.0158920288085937 0.0649490356445313 0.0714874267578125
0.0183429718017578 0.0156497955322266 -0.082672119140625 -0.204315185546875
0.0169687271118164 0.00166988372802734 -0.261962890625 -0.42901611328125
0.0191764831542969 0.0128364562988281 -0.498321533203125 -0.491943359375
0.0198783874511719 -0.00127220153808594 -0.62158203125 -0.50030517578125
0.0262393951416016 0.0105419158935547 -0.565185546875 -0.56243896484375
0.0159130096435547 0.00928115844726562 -0.40283203125 -0.37677001953125
0.00610160827636718 0.0307826995849609 -0.134994506835938 -0.0713653564453125
-0.0218009948730469 0.0694007873535156 0.161163330078125 -0.017120361328125
0.00244903564453125 0.0624313354492187 0.374725341796875 0.33563232421875
0.0485191345214844 0.000347137451171875 0.5762939453125 0.44525146484375
0.0194377899169922 -0.0130596160888672 0.58734130859375 0.510986328125
-0.0242576599121094 0.00705718994140625 0.394256591796875 0.55108642578125
-0.0310001373291016 0.0206623077392578 0.29046630859375 0.508544921875
0.0169963836669922 0.0333271026611328 0.1822509765625 0.30377197265625
0.0206985473632813 0.0377464294433594 0.0598373413085938 0.0564460754394531
0.0181617736816406 0.0408287048339844 -0.0935211181640625 -0.215896606445313
0.00549697875976562 0.0236377716064453 -0.27490234375 -0.42791748046875
-0.00519371032714844 0.0187129974365234 -0.51318359375 -0.474395751953125
0.00282669067382812 -0.0180530548095703 -0.634521484375 -0.47412109375
0.043914794921875 -0.0143661499023438 -0.57989501953125 -0.5369873046875
0.045684814453125 0.0181846618652344 -0.4073486328125 -0.3651123046875
0.00799942016601563 0.0637054443359375 -0.132957458496094 -0.06365966796875
-0.0293045043945312 0.1015625 0.154083251953125 -0.00267028808593749
0.0264739990234375 0.0810165405273438 0.3629150390625 0.34906005859375
0.0719985961914063 -0.0174636840820313 0.55517578125 0.474945068359375
0.0112800598144531 -0.0390625 0.5738525390625 0.55084228515625
-0.0488777160644531 -0.00141143798828124 0.3924560546875 0.56683349609375
-0.0479545593261719 0.0379180908203125 0.288299560546875 0.502166748046875
0.0150604248046875 0.0515594482421875 0.174407958984375 0.283355712890625
0.0206298828125 0.0516853332519531 0.050567626953125 0.0342521667480469
0.0156326293945312 0.0592308044433594 -0.10711669921875 -0.233474731445313
-0.0061187744140625 0.0388107299804688 -0.289398193359375 -0.433074951171875
-0.0283164978027344 0.0190792083740234 -0.52288818359375 -0.4649658203125
-0.0121841430664063 -0.0369224548339844 -0.64031982421875 -0.44757080078125
0.0611610412597656 -0.03594970703125 -0.5921630859375 -0.51104736328125
0.0708160400390625 0.026611328125 -0.410003662109375 -0.3489990234375
0.005950927734375 0.09344482421875 -0.131271362304688 -0.0505752563476562
-0.0263900756835938 0.120590209960938 0.143630981445313 0.016143798828125
0.0462188720703125 0.0811920166015625 0.348907470703125 0.36065673828125
0.0785369873046875 -0.0386810302734375 0.5379638671875 0.50445556640625
-0.00422668457031251 -0.0564651489257813 0.57025146484375 0.58831787109375
-0.0677528381347656 -0.00271987915039062 0.4007568359375 0.57952880859375
-0.0572967529296875 0.0481452941894531 0.288818359375 0.48773193359375
0.01397705078125 0.0601730346679687 0.165359497070312 0.255096435546875
0.019561767578125 0.0572891235351563 0.03631591796875 0.00839996337890625
0.012542724609375 0.0693321228027344 -0.121826171875 -0.256088256835938
-0.0191497802734375 0.0461540222167969 -0.29669189453125 -0.444671630859375
-0.0493011474609375 0.0130081176757813 -0.520751953125 -0.462646484375
-0.0224227905273438 -0.0561943054199219 -0.6387939453125 -0.42913818359375
0.0780792236328125 -0.050537109375 -0.59783935546875 -0.485107421875
0.0870361328125 0.0385360717773438 -0.408935546875 -0.3336181640625
-6.10351562499895E-05 0.113677978515625 -0.13275146484375 -0.0298385620117188
0.00535583496093749 -0.0767440795898438 0.120429992675781 0.0217971801757812
-0.112106323242188 -0.0212249755859375 0.369873046875 0.323333740234375
-0.0629959106445313 0.0636329650878906 0.59747314453125 0.4058837890625
0.0384330749511719 0.068145751953125 0.6656494140625 0.46441650390625
0.0669212341308594 0.00306320190429688 0.494720458984375 0.488555908203125
0.02044677734375 -0.0845184326171875 0.359649658203125 0.43182373046875
0.007904052734375 -0.0932083129882813 0.189590454101563 0.254638671875
0.0180130004882812 -0.0728836059570313 0.0368003845214844 0.03802490234375
0.0166168212890625 -0.0883941650390625 -0.09783935546875 -0.246673583984375
0.0579910278320313 -0.0817413330078125 -0.234100341796875 -0.4971923828125
0.0870742797851563 -0.006256103515625 -0.440826416015625 -0.555267333984375
0.0430755615234375 0.0517578125 -0.561126708984375 -0.541748046875
-0.0579757690429687 0.0472373962402344 -0.5294189453125 -0.57672119140625
-0.0702018737792969 -0.0549392700195313 -0.395751953125 -0.36578369140625
0.0178375244140625 -0.0740203857421875 -0.155410766601563 -0.0170440673828125
0.0131759643554687 -0.0678558349609375 0.129791259765625 -0.00150299072265625
-0.098358154296875 -0.0265579223632812 0.377288818359375 0.3125
-0.0639686584472656 0.05401611328125 0.60174560546875 0.39105224609375
0.0309600830078125 0.0742874145507813 0.653076171875 0.449462890625
0.0648345947265625 0.0171546936035156 0.47357177734375 0.494384765625
0.0267868041992187 -0.0693550109863281 0.353790283203125 0.456268310546875
0.0143356323242188 -0.0785675048828125 0.197128295898438 0.28076171875
0.0187187194824219 -0.0583229064941406 0.0504531860351562 0.0596694946289062
0.0176010131835938 -0.0707473754882813 -0.0876312255859375 -0.222900390625
0.0494651794433594 -0.0692787170410156 -0.239593505859375 -0.472869873046875
0.0816192626953125 -0.00751495361328125 -0.457061767578125 -0.545166015625
0.0512466430664062 0.0431137084960938 -0.5762939453125 -0.54888916015625
-0.0386276245117188 0.0539665222167969 -0.53045654296875 -0.5931396484375
-0.0641021728515625 -0.0353050231933594 -0.39263916015625 -0.380218505859375
0.00992584228515626 -0.0601577758789062 -0.145538330078125 -0.039398193359375
0.0140342712402344 -0.0441932678222656 0.141281127929688 -0.0196380615234375
-0.07476806640625 -0.0202560424804687 0.383331298828125 0.309112548828125
-0.0493812561035156 0.0390243530273438 0.6065673828125 0.3861083984375
0.02392578125 0.0657920837402344 0.6387939453125 0.44256591796875
0.05133056640625 0.0254287719726563 0.451629638671875 0.500518798828125
0.0237007141113281 -0.047454833984375 0.340576171875 0.476226806640625
0.0187950134277344 -0.0547103881835938 0.200836181640625 0.301971435546875
0.018951416015625 -0.0360488891601563 0.0607986450195313 0.0740280151367188
0.0172615051269531 -0.0449295043945313 -0.0821533203125 -0.206695556640625
0.0392837524414063 -0.0495071411132813 -0.24609375 -0.4505615234375
0.0650405883789063 -0.00380325317382813 -0.47467041015625 -0.52728271484375
0.0486679077148438 0.0285415649414062 -0.59759521484375 -0.5400390625
-0.0139083862304688 0.0483169555664063 -0.54205322265625 -0.5926513671875
-0.0434112548828125 -0.015716552734375 -0.395294189453125 -0.38531494140625
0.00457382202148437 -0.0347709655761719 -0.139869689941406 -0.0581893920898438
0.00744915008544922 -0.00928688049316406 0.15374755859375 -0.0280609130859375
-0.0470962524414062 0.00229263305664062 0.386810302734375 0.313995361328125
-0.0207309722900391 0.0247650146484375 0.603271484375 0.3966064453125
0.0201454162597656 0.044189453125 0.624755859375 0.45135498046875
0.0293941497802734 0.0249881744384766 0.426055908203125 0.5126953125
0.0109176635742188 -0.0233860015869141 0.321380615234375 0.4932861328125
0.0201015472412109 -0.0248451232910156 0.19793701171875 0.314483642578125
0.0201473236083984 -0.0109825134277344 0.0661163330078125 0.0789260864257813
0.0174751281738281 -0.0146961212158203 -0.0803985595703125 -0.201400756835938
0.0281276702880859 -0.0244865417480469 -0.253326416015625 -0.4349365234375
0.0433502197265625 0.0031585693359375 -0.49078369140625 -0.506103515625
0.0371131896972656 0.0136222839355469 -0.613037109375 -0.521240234375
0.00746345520019531 0.0316028594970703 -0.5579833984375 -0.57989501953125
-0.0144929885864258 -0.00023460388183594 -0.402008056640625 -0.382171630859375
0.00491905212402344 -0.00283479690551758 -0.136726379394531 -0.068756103515625
-0.00688552856445313 0.030975341796875 0.160873413085938 -0.0276641845703125
-0.0213470458984375 0.0328559875488281 0.38482666015625 0.322967529296875
0.0152597427368164 0.0121965408325195 0.59869384765625 0.4149169921875
0.02142333984375 0.0154438018798828 0.6087646484375 0.4718017578125
0.00353813171386719 0.0164194107055664 0.409088134765625 0.528228759765625
-0.00911712646484375 0.000733375549316408 0.30633544921875 0.5032958984375
0.0201492309570312 0.00615882873535156 0.192291259765625 0.31439208984375
0.0206661224365234 0.0150318145751953 0.0673675537109375 0.072052001953125
0.0181350708007813 0.0145397186279297 -0.0840606689453125 -0.203887939453125
0.01776123046875 0.0018463134765625 -0.266693115234375 -0.426513671875
0.019775390625 0.0123348236083984 -0.5062255859375 -0.48516845703125
0.0213813781738281 -0.00162124633789063 -0.630126953125 -0.49542236328125
0.0266132354736328 0.009124755859375 -0.57440185546875 -0.55755615234375
0.0163946151733398 0.0103530883789063 -0.40777587890625 -0.37335205078125
0.00663185119628907 0.0305881500244141 -0.134902954101563 -0.0706024169921875
-0.0204544067382813 0.07061767578125 0.160614013671875 -0.019775390625
0.0044403076171875 0.06231689453125 0.37921142578125 0.3336181640625
0.0483360290527344 -0.00102996826171875 0.58251953125 0.4398193359375
0.0185451507568359 -0.0142345428466797 0.5938720703125 0.50506591796875
-0.0239372253417969 0.00664520263671875 0.403106689453125 0.54656982421875
-0.0304107666015625 0.0220775604248047 0.29840087890625 0.504913330078125
0.0169544219970703 0.0327167510986328 0.186431884765625 0.30279541015625
0.0211906433105469 0.0364303588867187 0.062835693359375 0.0557823181152344
0.018341064453125 0.0401611328125 -0.0949554443359375 -0.21588134765625
0.00605583190917969 0.023651123046875 -0.279998779296875 -0.42535400390625
-0.00476646423339844 0.0188846588134766 -0.519500732421875 -0.4697265625
0.00274658203125 -0.017791748046875 -0.64422607421875 -0.468017578125
0.0440788269042969 -0.0149650573730469 -0.5902099609375 -0.5313720703125
0.0463981628417969 0.0175590515136719 -0.412322998046875 -0.361358642578125
0.00833511352539062 0.0641517639160156 -0.132843017578125 -0.0630722045898438
-0.0271759033203125 0.101394653320313 0.153610229492188 -0.00543212890624999
0.0276947021484375 0.0802688598632813 0.367889404296875 0.345062255859375
0.0712356567382812 -0.0183792114257813 0.56451416015625 0.46917724609375
0.011016845703125 -0.0393333435058594 0.58319091796875 0.54583740234375
-0.0486488342285156 -0.000461578369140629 0.40252685546875 0.56414794921875
-0.0474090576171875 0.039520263671875 0.293487548828125 0.499755859375
0.0150489807128906 0.0526695251464844 0.178497314453125 0.281463623046875
0.0214424133300781 0.0508575439453125 0.0523719787597656 0.0330886840820313
0.0170249938964844 0.0596084594726563 -0.109893798828125 -0.232711791992188
-0.0058746337890625 0.0397109985351563 -0.295196533203125 -0.431182861328125
-0.0288009643554688 0.0203475952148438 -0.53033447265625 -0.45916748046875
-0.0132331848144531 -0.0366363525390625 -0.6490478515625 -0.4404296875
0.0617141723632813 -0.0367164611816406 -0.600830078125 -0.50494384765625
0.0715789794921875 0.026092529296875 -0.41375732421875 -0.34613037109375
0.00731658935546875 0.0927886962890625 -0.131721496582031 -0.0481796264648437
-0.025177001953125 0.121009826660156 0.143753051757813 0.013824462890625
0.0478363037109375 0.08111572265625 0.354095458984375 0.359222412109375
0.0768966674804688 -0.0392227172851563 0.545684814453125 0.500732421875
-0.00481414794921874 -0.0569801330566406 0.58123779296875 0.582763671875
-0.0675163269042969 -0.00174713134765624 0.41015625 0.5770263671875
-0.0566253662109375 0.0509681701660156 0.295135498046875 0.484130859375
0.0146293640136719 0.0600776672363281 0.168533325195313 0.254867553710938
0.0206718444824219 0.0570449829101563 0.0386123657226563 0.00848770141601563
0.0135383605957031 0.0696563720703125 -0.123397827148438 -0.255416870117187
-0.0200157165527344 0.0469245910644531 -0.3031005859375 -0.4434814453125
-0.0491981506347656 0.0145416259765625 -0.5260009765625 -0.455078125
-0.0232925415039062 -0.0567512512207031 -0.64666748046875 -0.42169189453125
0.0780105590820313 -0.0520706176757813 -0.6065673828125 -0.47772216796875
0.088348388671875 0.0385818481445313 -0.41314697265625 -0.32928466796875
0.00169372558593751 0.114524841308594 -0.132896423339844 -0.0279998779296875
0.00484466552734376 -0.0774688720703125 0.120552062988281 0.0207366943359375
-0.113121032714844 -0.0202865600585938 0.37432861328125 0.319732666015625
-0.0633735656738281 0.0644798278808594 0.60394287109375 0.4010009765625
0.0387039184570313 0.0685920715332031 0.6737060546875 0.4559326171875
0.0673561096191406 0.00138092041015625 0.50091552734375 0.482666015625
0.0205535888671875 -0.085418701171875 0.36572265625 0.42657470703125
0.00547027587890626 -0.0928268432617187 0.192535400390625 0.252227783203125
0.0168533325195313 -0.07452392578125 0.0375328063964844 0.0385932922363281
0.0153579711914062 -0.0894851684570313 -0.0998077392578125 -0.246047973632812
0.05670166015625 -0.08306884765625 -0.2398681640625 -0.494781494140625
0.0880279541015625 -0.00856781005859375 -0.446563720703125 -0.550933837890625
0.0454635620117187 0.0515556335449219 -0.56976318359375 -0.53460693359375
-0.0571823120117188 0.0472335815429687 -0.53826904296875 -0.57080078125
-0.0722503662109375 -0.0544509887695312 -0.40087890625 -0.3623046875
0.0170211791992188 -0.0744476318359375 -0.154617309570313 -0.015167236328125
0.0129508972167969 -0.0692176818847656 0.128189086914063 -0.0027313232421875
-0.0997161865234375 -0.0255889892578125 0.38134765625 0.3089599609375
-0.0634880065917969 0.0556526184082031 0.6080322265625 0.38385009765625
0.0328826904296875 0.0740432739257813 0.66259765625 0.4410400390625
0.0656890869140625 0.0162849426269531 0.481842041015625 0.48748779296875
0.02618408203125 -0.0699844360351563 0.359710693359375 0.45050048828125
0.012451171875 -0.0792007446289063 0.201126098632813 0.278900146484375
0.0172500610351562 -0.0595512390136719 0.0516548156738281 0.059844970703125
0.01580810546875 -0.0720901489257813 -0.0912628173828125 -0.222015380859375
0.0488433837890625 -0.0706329345703125 -0.245025634765625 -0.4716796875
0.0814437866210938 -0.00846099853515625 -0.4639892578125 -0.54034423828125
0.0526657104492187 0.0425186157226562 -0.5855712890625 -0.542236328125
-0.0373992919921875 0.0547370910644531 -0.5394287109375 -0.5859375
-0.064056396484375 -0.0343284606933594 -0.396148681640625 -0.375244140625
0.0100173950195312 -0.0609626770019531 -0.14434814453125 -0.038238525390625
0.0151176452636719 -0.0458221435546875 0.1407470703125 -0.02142333984375
-0.0754470825195313 -0.0191421508789063 0.3880615234375 0.3062744140625
-0.049560546875 0.0401458740234375 0.6123046875 0.3797607421875
0.0246009826660156 0.0652503967285156 0.6466064453125 0.43499755859375
0.0518264770507813 0.0250968933105469 0.459197998046875 0.4945068359375
0.0236434936523438 -0.0477180480957031 0.345184326171875 0.471282958984375
0.0174598693847656 -0.0558509826660156 0.2052001953125 0.29840087890625
0.0184288024902344 -0.0366058349609375 0.0627670288085938 0.0734634399414063
0.0160179138183594 -0.0463409423828125 -0.0835723876953125 -0.20574951171875
0.0380096435546875 -0.0502738952636719 -0.251251220703125 -0.449859619140625
0.0652580261230469 -0.00513458251953125 -0.4815673828125 -0.52166748046875
0.0500717163085938 0.0286293029785156 -0.603271484375 -0.53375244140625
-0.013580322265625 0.0489425659179688 -0.5513916015625 -0.5888671875
-0.04400634765625 -0.0149116516113281 -0.400726318359375 -0.381317138671875
0.00524520874023438 -0.0356369018554688 -0.140289306640625 -0.0564651489257812
0.00798892974853516 -0.010350227355957 0.153457641601563 -0.0300750732421875
-0.0468177795410156 0.00191879272460937 0.3909912109375 0.310638427734375
-0.0204849243164063 0.0248775482177734 0.61199951171875 0.388427734375
0.021240234375 0.0436439514160156 0.6314697265625 0.444091796875
0.0304508209228516 0.0250797271728516 0.43463134765625 0.507476806640625
0.0106220245361328 -0.0229301452636719 0.32659912109375 0.48822021484375
0.0195350646972656 -0.0251674652099609 0.20245361328125 0.3114013671875
0.0197677612304687 -0.0110397338867188 0.0681076049804688 0.07757568359375
0.0167226791381836 -0.0159091949462891 -0.081634521484375 -0.199981689453125
0.0275020599365234 -0.0239639282226563 -0.25738525390625 -0.431182861328125
0.044342041015625 0.00294876098632812 -0.496826171875 -0.50030517578125
0.0373802185058594 0.0132713317871094 -0.62078857421875 -0.5123291015625
0.00786209106445313 0.0323410034179688 -0.56768798828125 -0.57440185546875
-0.0156698226928711 -9.25064086914046E-05 -0.408447265625 -0.376922607421875
0.00474977493286133 -0.00381851196289062 -0.137809753417969 -0.0671157836914063
-0.00519752502441406 0.0304584503173828 0.160171508789063 -0.030975341796875
-0.0210895538330078 0.0331459045410156 0.389404296875 0.319549560546875
0.0147619247436523 0.0118637084960937 0.6046142578125 0.4075927734375
0.0207366943359375 0.0150222778320313 0.6165771484375 0.4647216796875
0.00346660614013672 0.0163583755493164 0.417083740234375 0.522613525390625
-0.00927734375 0.00120925903320312 0.312225341796875 0.49957275390625
0.0188255310058594 0.00532722473144531 0.197113037109375 0.312164306640625
0.0211105346679688 0.0144977569580078 0.0685806274414063 0.0712966918945313
0.0186634063720703 0.0141696929931641 -0.0858917236328125 -0.203125
0.0180206298828125 0.00168418884277344 -0.271514892578125 -0.42315673828125
0.0197353363037109 0.0116481781005859 -0.51361083984375 -0.4796142578125
0.0208835601806641 -0.0013885498046875 -0.63677978515625 -0.486083984375
0.0265464782714844 0.00828361511230469 -0.58294677734375 -0.5506591796875
0.0167121887207031 0.0103740692138672 -0.413299560546875 -0.369842529296875
0.00666999816894531 0.0304813385009766 -0.13592529296875 -0.0690231323242187
-0.018829345703125 0.0707473754882813 0.159683227539063 -0.0228729248046875
0.00498580932617188 0.0622825622558594 0.383697509765625 0.32952880859375
0.0478935241699219 -0.00112152099609375 0.589111328125 0.43402099609375
0.0193424224853516 -0.0142021179199219 0.602294921875 0.49664306640625
-0.0234546661376953 0.00696563720703125 0.409515380859375 0.541046142578125
-0.0296230316162109 0.0229854583740234 0.304931640625 0.501953125
0.0171909332275391 0.0332469940185547 0.191253662109375 0.2999267578125
0.0217399597167969 0.036376953125 0.0630455017089844 0.0553016662597656
0.0198135375976563 0.0400733947753906 -0.0966796875 -0.214828491210938
0.00633049011230469 0.0241775512695313 -0.285003662109375 -0.42034912109375
-0.004486083984375 0.0195064544677734 -0.528350830078125 -0.463592529296875
0.00310707092285156 -0.0175876617431641 -0.64984130859375 -0.4588623046875
0.0438308715820313 -0.0155067443847656 -0.59814453125 -0.5245361328125
0.0461387634277344 0.0165061950683594 -0.417022705078125 -0.356719970703125
0.00959777832031249 0.0626945495605469 -0.13323974609375 -0.06201171875
-0.0250244140625 0.1024169921875 0.15216064453125 -0.00808715820312499
0.0292739868164062 0.0800704956054687 0.371826171875 0.341522216796875
0.0709915161132813 -0.019134521484375 0.5723876953125 0.46441650390625
0.0100250244140625 -0.0403556823730469 0.59130859375 0.5380859375
-0.0495567321777344 0.000484466552734372 0.409942626953125 0.55950927734375
-0.0473136901855469 0.0411872863769531 0.301849365234375 0.49505615234375
0.0156822204589844 0.0518341064453125 0.182876586914063 0.278701782226563
0.0217247009277344 0.05047607421875 0.0530891418457031 0.0333404541015625
0.0182304382324219 0.0600166320800781 -0.111618041992187 -0.23187255859375
-0.00543212890625 0.0404853820800781 -0.29949951171875 -0.42645263671875
-0.0285091400146484 0.0206165313720703 -0.535888671875 -0.452056884765625
-0.0133514404296875 -0.0368766784667969 -0.656494140625 -0.4329833984375
0.0606346130371094 -0.0383987426757812 -0.607666015625 -0.49676513671875
0.0714340209960937 0.02569580078125 -0.41973876953125 -0.341278076171875
0.00923156738281251 0.0925979614257813 -0.132003784179688 -0.0475692749023437
-0.0227737426757812 0.122550964355469 0.142135620117188 0.011505126953125
0.049224853515625 0.0793228149414063 0.358001708984375 0.354644775390625
0.0762100219726563 -0.04083251953125 0.55535888671875 0.495452880859375
-0.00535964965820313 -0.0567703247070313 0.5897216796875 0.57501220703125
-0.0672225952148437 -0.000923156738281236 0.418212890625 0.57196044921875
-0.0554542541503906 0.0520744323730469 0.300872802734375 0.4815673828125
0.0155105590820313 0.0600700378417969 0.171295166015625 0.252151489257813
0.0218505859375 0.057403564453125 0.0397148132324219 0.00817108154296875
0.015106201171875 0.0701026916503906 -0.126617431640625 -0.253372192382813
-0.0185623168945313 0.0474205017089844 -0.30743408203125 -0.439697265625
-0.0493927001953125 0.0152931213378906 -0.5333251953125 -0.44976806640625
-0.0238456726074219 -0.0567436218261719 -0.65203857421875 -0.412841796875
0.0770187377929688 -0.0541152954101563 -0.61474609375 -0.471435546875
0.089385986328125 0.036102294921875 -0.418426513671875 -0.324951171875
0.00401306152343749 0.115364074707031 -0.133094787597656 -0.0265655517578125
0.00507354736328124 -0.0784759521484375 0.11981201171875 0.018829345703125
-0.11383056640625 -0.0190505981445312 0.37908935546875 0.315887451171875
-0.0625648498535156 0.0672073364257813 0.6097412109375 0.3939208984375
0.0406112670898437 0.0675315856933594 0.67987060546875 0.4476318359375
0.0684318542480469 8.0108642578125E-05 0.506744384765625 0.474395751953125
0.0193099975585938 -0.08642578125 0.370574951171875 0.421142578125
0.00375366210937499 -0.0931243896484375 0.194625854492188 0.250015258789063
0.0153274536132812 -0.074920654296875 0.0392074584960937 0.0378150939941406
0.01446533203125 -0.089874267578125 -0.10205078125 -0.244522094726562
0.0547332763671875 -0.083038330078125 -0.24652099609375 -0.491241455078125
0.0881423950195313 -0.009796142578125 -0.454315185546875 -0.5460205078125
0.0465469360351563 0.0514869689941406 -0.57672119140625 -0.52593994140625
-0.0566787719726562 0.0489425659179688 -0.545166015625 -0.56378173828125
-0.0723648071289063 -0.0532760620117188 -0.403076171875 -0.3582763671875
0.0162200927734375 -0.075897216796875 -0.153182983398438 -0.012847900390625
0.0126762390136719 -0.0700302124023438 0.127197265625 -0.0061187744140625
-0.100936889648438 -0.0245361328125 0.383941650390625 0.305419921875
-0.0632438659667969 0.0571670532226563 0.6142578125 0.37811279296875
0.0339584350585938 0.0738677978515625 0.66668701171875 0.431884765625
0.0675086975097656 0.0147552490234375 0.48846435546875 0.48028564453125
0.0256271362304687 -0.0696678161621094 0.362396240234375 0.44537353515625
0.0105819702148437 -0.0796356201171875 0.203384399414063 0.275833129882812
0.0171432495117188 -0.0599365234375 0.0529823303222656 0.0594329833984375
0.014739990234375 -0.0724868774414063 -0.091827392578125 -0.220413208007813
0.0479354858398437 -0.0714035034179687 -0.250335693359375 -0.466827392578125
0.0818557739257812 -0.010162353515625 -0.4716796875 -0.535247802734375
0.0536689758300781 0.0419998168945313 -0.59375 -0.53424072265625
-0.0360221862792969 0.0556793212890625 -0.546630859375 -0.57965087890625
-0.0651359558105469 -0.0331230163574219 -0.4010009765625 -0.369598388671875
0.00922012329101563 -0.0622138977050781 -0.145278930664062 -0.0363922119140625
0.0157241821289063 -0.0461845397949219 0.139427185058594 -0.02325439453125
-0.0758514404296875 -0.0187301635742188 0.390838623046875 0.30194091796875
-0.0494461059570312 0.0411376953125 0.61712646484375 0.3740234375
0.0259056091308594 0.0645217895507813 0.6524658203125 0.42486572265625
0.0532035827636719 0.02386474609375 0.465301513671875 0.4888916015625
0.0237388610839844 -0.048248291015625 0.35040283203125 0.466278076171875
0.0162887573242188 -0.0562248229980469 0.208892822265625 0.29638671875
0.0176429748535156 -0.0375289916992188 0.0638885498046875 0.0735015869140625
0.0153236389160156 -0.0460090637207031 -0.0860443115234375 -0.204803466796875
0.0373039245605469 -0.0499954223632813 -0.2568359375 -0.44476318359375
0.0659065246582031 -0.00600814819335938 -0.4881591796875 -0.5152587890625
0.050872802734375 0.0279006958007813 -0.61175537109375 -0.5255126953125
-0.014129638671875 0.0496864318847656 -0.55767822265625 -0.57977294921875
-0.0443153381347656 -0.0132637023925781 -0.4033203125 -0.376495361328125
0.00510787963867187 -0.0372695922851563 -0.139945983886719 -0.0546493530273438
0.0091705322265625 -0.0113067626953125 0.152145385742188 -0.0330047607421875
-0.04730224609375 0.00260162353515625 0.39447021484375 0.307464599609375
-0.0199432373046875 0.0259189605712891 0.6165771484375 0.38348388671875
0.0218772888183594 0.0441360473632812 0.63787841796875 0.433837890625
0.0308914184570313 0.0237159729003906 0.442291259765625 0.5013427734375
0.0116901397705078 -0.0239620208740234 0.3319091796875 0.484283447265625
0.0187549591064453 -0.0267257690429688 0.206207275390625 0.308685302734375
0.0195198059082031 -0.0112476348876953 0.0702285766601563 0.077301025390625
0.0168209075927734 -0.0163784027099609 -0.0832672119140625 -0.199554443359375
0.0270614624023438 -0.0250415802001953 -0.262969970703125 -0.42791748046875
0.0440673828125 0.0025482177734375 -0.502532958984375 -0.494140625
0.0387344360351563 0.0125541687011719 -0.6285400390625 -0.5042724609375
0.00853729248046875 0.0320472717285156 -0.573974609375 -0.56683349609375
-0.0154409408569336 0.000325202941894532 -0.411102294921875 -0.372802734375
0.00451183319091797 -0.00397920608520508 -0.137855529785156 -0.0663223266601563
-0.00411796569824219 0.029144287109375 0.159255981445313 -0.0336151123046875
-0.0202236175537109 0.0332374572753906 0.392333984375 0.31561279296875
0.0151500701904297 0.0125389099121094 0.6103515625 0.40240478515625
0.0215492248535156 0.0149116516113281 0.6236572265625 0.45660400390625
0.00536823272705078 0.0157766342163086 0.42401123046875 0.517578125
-0.00841093063354492 0.00218915939331055 0.318084716796875 0.493438720703125
0.0185089111328125 0.00579833984375 0.2015380859375 0.3096923828125
0.0208873748779297 0.0143299102783203 0.0705642700195313 0.0705337524414063
0.0191993713378906 0.013824462890625 -0.0875396728515625 -0.201950073242188
0.017730712890625 0.00101280212402344 -0.2745361328125 -0.419342041015625
0.0201492309570313 0.0122756958007813 -0.518646240234375 -0.472869873046875
0.0209579467773438 -0.00252342224121094 -0.64361572265625 -0.47705078125
0.0275688171386719 0.0081787109375 -0.590576171875 -0.54443359375
0.0160894393920898 0.00988578796386719 -0.418487548828125 -0.364013671875
0.00798225402832032 0.0296344757080078 -0.13543701171875 -0.0686492919921875
-0.0164222717285156 0.0697898864746094 0.158233642578125 -0.0251922607421875
0.00561141967773438 0.0624160766601563 0.386932373046875 0.325775146484375
0.0484046936035156 -0.00172042846679688 0.59625244140625 0.426513671875
0.0192203521728516 -0.0152912139892578 0.61016845703125 0.48834228515625
-0.0236568450927734 0.0071868896484375 0.41668701171875 0.535491943359375
-0.0286922454833984 0.0238132476806641 0.31036376953125 0.4967041015625
0.0172843933105469 0.0327186584472656 0.194091796875 0.298004150390625
0.0220985412597656 0.0357933044433594 0.0653724670410156 0.0552253723144531
0.0199317932128906 0.0404853820800781 -0.098236083984375 -0.213409423828125
0.00707817077636719 0.0243911743164063 -0.288909912109375 -0.416778564453125
-0.00412178039550781 0.01922607421875 -0.53302001953125 -0.45587158203125
0.00253677368164062 -0.0182819366455078 -0.656494140625 -0.44952392578125
0.0438079833984375 -0.0173873901367188 -0.603759765625 -0.51708984375
0.0468597412109375 0.0172462463378906 -0.42083740234375 -0.3531494140625
0.0105819702148437 0.0629310607910156 -0.132736206054688 -0.061279296875
-0.023162841796875 0.102882385253906 0.152206420898438 -0.010650634765625
0.0298233032226563 0.0795059204101563 0.374755859375 0.33831787109375
0.0702247619628906 -0.019805908203125 0.57952880859375 0.4580078125
0.00931549072265626 -0.040985107421875 0.60015869140625 0.53021240234375
-0.0490493774414063 0.00103759765625 0.417572021484375 0.55328369140625
-0.0457038879394531 0.0423316955566406 0.30609130859375 0.491485595703125
0.0167198181152344 0.0522308349609375 0.185516357421875 0.276092529296875
0.0234756469726563 0.0509910583496094 0.0537338256835938 0.03302001953125
0.019561767578125 0.0603294372558594 -0.113800048828125 -0.230178833007813
-0.00523757934570312 0.0408935546875 -0.302215576171875 -0.42266845703125
-0.0281028747558594 0.0218772888183594 -0.54046630859375 -0.4468994140625
-0.0129470825195313 -0.0364799499511719 -0.660888671875 -0.424072265625
0.0599517822265625 -0.03955078125 -0.61376953125 -0.489501953125
0.07257080078125 0.024749755859375 -0.4237060546875 -0.337188720703125
0.0106430053710938 0.0923995971679688 -0.130775451660156 -0.04644775390625
-0.0197982788085937 0.122077941894531 0.141632080078125 0.00976562500000001
0.0500335693359375 0.0792617797851563 0.3612060546875 0.352264404296875
0.0764617919921875 -0.0416641235351562 0.560546875 0.48895263671875
-0.00623321533203126 -0.0572738647460938 0.59796142578125 0.56842041015625
-0.0675582885742188 9.91821289062422E-05 0.42657470703125 0.56500244140625
-0.0546379089355469 0.0536003112792969 0.3070068359375 0.47625732421875
0.0157432556152344 0.0608024597167969 0.174072265625 0.249664306640625
0.0228042602539063 0.0567054748535156 0.0398597717285156 0.0074920654296875
0.0158462524414063 0.0699729919433594 -0.129043579101563 -0.251678466796875
-0.0178451538085937 0.0490303039550781 -0.312896728515625 -0.43438720703125
-0.0495643615722656 0.0163078308105469 -0.538726806640625 -0.442596435546875
-0.0242233276367188 -0.0553131103515625 -0.65753173828125 -0.405517578125
0.0761795043945313 -0.055450439453125 -0.61859130859375 -0.4632568359375
0.0895919799804688 0.0362014770507812 -0.422119140625 -0.3214111328125
0.00540924072265626 0.115165710449219 -0.132110595703125 -0.0260086059570313
0.005218505859375 -0.0802001953125 0.11846923828125 0.0168838500976562
-0.114219665527344 -0.0171279907226563 0.38037109375 0.312591552734375
-0.0618133544921875 0.0682525634765625 0.613037109375 0.38690185546875
0.0414886474609375 0.0666694641113281 0.68585205078125 0.4368896484375
0.0693244934082031 -0.00198745727539063 0.513824462890625 0.46807861328125
0.0177688598632813 -0.0856552124023437 0.374267578125 0.414642333984375
0.00167846679687501 -0.0938796997070313 0.197036743164063 0.246826171875
0.014312744140625 -0.075927734375 0.039093017578125 0.0380859375
0.0128631591796875 -0.0895309448242188 -0.104736328125 -0.24249267578125
0.05426025390625 -0.0846405029296875 -0.251129150390625 -0.486785888671875
0.0882720947265625 -0.0114059448242188 -0.4608154296875 -0.538299560546875
0.0481758117675781 0.0495338439941406 -0.581298828125 -0.5174560546875
-0.0552597045898437 0.0500297546386719 -0.551422119140625 -0.554840087890625
-0.0739212036132813 -0.0513534545898438 -0.407684326171875 -0.3525390625
0.0154571533203125 -0.0770339965820312 -0.153335571289062 -0.0110015869140625
0.012451171875 -0.0718765258789063 0.125762939453125 -0.0073089599609375
-0.101898193359375 -0.0241012573242188 0.38671875 0.30181884765625
-0.0628242492675781 0.0587806701660156 0.61834716796875 0.36907958984375
0.0350723266601562 0.072906494140625 0.671142578125 0.4212646484375
0.0683364868164063 0.0129852294921875 0.4923095703125 0.472320556640625
0.0251846313476563 -0.0708694458007813 0.3682861328125 0.438720703125
0.00930023193359376 -0.0801467895507812 0.20684814453125 0.272918701171875
0.0158424377441406 -0.0603141784667969 0.0537910461425781 0.0592842102050781
0.0129547119140625 -0.0726547241210938 -0.09368896484375 -0.218963623046875
0.0463714599609375 -0.0724563598632812 -0.25372314453125 -0.46240234375
0.0821380615234375 -0.0114288330078125 -0.474517822265625 -0.5264892578125
0.0550880432128906 0.0408096313476563 -0.59869384765625 -0.5245361328125
-0.0360298156738281 0.0562973022460937 -0.5537109375 -0.573486328125
-0.0659294128417969 -0.0314750671386719 -0.40399169921875 -0.364410400390625
0.00836563110351563 -0.062347412109375 -0.1439208984375 -0.03485107421875
0.0154609680175781 -0.0474929809570313 0.137474060058594 -0.0263748168945313
-0.0766677856445313 -0.01824951171875 0.392333984375 0.29718017578125
-0.0490608215332031 0.0425071716308594 0.6214599609375 0.36566162109375
0.0269355773925781 0.0638809204101563 0.65863037109375 0.41552734375
0.0538063049316406 0.0228424072265625 0.470367431640625 0.481292724609375
0.0232925415039062 -0.0486106872558594 0.3560791015625 0.4613037109375
0.0143585205078125 -0.0562744140625 0.211944580078125 0.2930908203125
0.0177536010742188 -0.037567138671875 0.0655136108398438 0.07244873046875
0.0146865844726563 -0.0464286804199219 -0.08660888671875 -0.203903198242187
0.0368843078613281 -0.0513839721679688 -0.26043701171875 -0.4398193359375
0.0660209655761719 -0.00765609741210938 -0.49346923828125 -0.50714111328125
0.0521697998046875 0.0268783569335938 -0.6181640625 -0.51702880859375
-0.0130844116210938 0.049407958984375 -0.56365966796875 -0.57305908203125
-0.0446510314941406 -0.0131645202636719 -0.409454345703125 -0.370361328125
0.00498199462890625 -0.0367088317871094 -0.139663696289063 -0.0537567138671875
0.00965785980224609 -0.0121860504150391 0.150070190429688 -0.0356292724609375
-0.0478744506835938 0.00270462036132812 0.396240234375 0.301727294921875
-0.0207710266113281 0.0263175964355469 0.62164306640625 0.3753662109375
0.0224151611328125 0.0432662963867188 0.6429443359375 0.4239501953125
0.032073974609375 0.0230884552001953 0.44818115234375 0.493255615234375
0.010711669921875 -0.0230960845947266 0.337310791015625 0.478973388671875
0.0176944732666016 -0.0264472961425781 0.208526611328125 0.3062744140625
0.0187015533447266 -0.0118904113769531 0.071685791015625 0.0764083862304688
0.0163202285766602 -0.0164871215820313 -0.0840606689453125 -0.197311401367188
0.0271396636962891 -0.0246410369873047 -0.267547607421875 -0.42376708984375
0.0442047119140625 0.00177764892578125 -0.508270263671875 -0.484588623046875
0.0384407043457031 0.0124320983886719 -0.6337890625 -0.49609375
0.00866317749023438 0.0316047668457031 -0.57916259765625 -0.55865478515625
-0.0148420333862305 0.00119400024414063 -0.414459228515625 -0.367767333984375
0.00435876846313477 -0.00491046905517578 -0.136787414550781 -0.0649948120117188
-0.00278282165527343 0.0295028686523438 0.157119750976563 -0.035491943359375
-0.0188751220703125 0.0328865051269531 0.39581298828125 0.310546875
0.014653205871582 0.0123023986816406 0.61669921875 0.39459228515625
0.0217227935791016 0.0144062042236328 0.627685546875 0.44512939453125
0.00530624389648437 0.0164222717285156 0.427642822265625 0.50994873046875
-0.00847768783569336 0.00202369689941406 0.321868896484375 0.49102783203125
0.0186176300048828 0.00455474853515625 0.20355224609375 0.305999755859375
0.0213356018066406 0.0140342712402344 0.072174072265625 0.0696334838867187
0.0186138153076172 0.0135421752929688 -0.0892791748046875 -0.201568603515625
0.0173664093017578 0.00183391571044922 -0.278900146484375 -0.414703369140625
0.0199851989746094 0.0113849639892578 -0.523468017578125 -0.463714599609375
0.0215110778808594 -0.00252723693847656 -0.64984130859375 -0.47015380859375
0.0263614654541016 0.00749015808105469 -0.59613037109375 -0.5335693359375
0.0170373916625977 0.00976467132568359 -0.4202880859375 -0.358673095703125
0.00892448425292969 0.0285167694091797 -0.135795593261719 -0.067626953125
-0.01470947265625 0.0704421997070313 0.156448364257813 -0.028076171875
0.00675201416015624 0.0606613159179687 0.3892822265625 0.323150634765625
0.0473175048828125 -0.00168228149414062 0.60186767578125 0.41986083984375
0.0183544158935547 -0.0163192749023438 0.61578369140625 0.4796142578125
-0.0230064392089844 0.00702476501464844 0.41998291015625 0.528900146484375
-0.0286693572998047 0.0249443054199219 0.315643310546875 0.49176025390625
0.0177783966064453 0.0329780578613281 0.198089599609375 0.293792724609375
0.0227127075195313 0.0357208251953125 0.066986083984375 0.0541877746582031
0.0201644897460937 0.0399742126464844 -0.0999298095703125 -0.211883544921875
0.00726127624511719 0.0246238708496094 -0.2933349609375 -0.413360595703125
-0.00405693054199219 0.0194511413574219 -0.536285400390625 -0.448394775390625
0.00304031372070312 -0.0182170867919922 -0.66009521484375 -0.43890380859375
0.0435523986816406 -0.0179672241210938 -0.6094970703125 -0.50994873046875
0.0471649169921875 0.0164527893066406 -0.42535400390625 -0.346527099609375
0.0122718811035156 0.0627708435058594 -0.131820678710938 -0.0596694946289062
-0.0206146240234375 0.102684020996094 0.150039672851563 -0.0129547119140625
0.0310592651367188 0.0779495239257812 0.378143310546875 0.333648681640625
0.0701179504394531 -0.0209693908691406 0.58441162109375 0.450927734375
0.00867080688476563 -0.0420684814453125 0.60577392578125 0.5211181640625
-0.0484123229980469 0.00118255615234375 0.42291259765625 0.54595947265625
-0.0445480346679688 0.0429496765136719 0.31097412109375 0.4857177734375
0.0172996520996094 0.0527076721191406 0.188400268554687 0.274032592773438
0.0237884521484375 0.0505905151367188 0.0551109313964844 0.0314521789550781
0.0205192565917969 0.0600166320800781 -0.115493774414062 -0.227920532226563
-0.00510025024414063 0.0411300659179688 -0.306427001953125 -0.417083740234375
-0.0271930694580078 0.0217494964599609 -0.544586181640625 -0.43756103515625
-0.0144157409667969 -0.0364303588867188 -0.6661376953125 -0.4146728515625
0.0598106384277344 -0.0403594970703125 -0.61920166015625 -0.480712890625
0.0731277465820313 0.02362060546875 -0.42645263671875 -0.330291748046875
0.012176513671875 0.0924301147460938 -0.130508422851563 -0.04522705078125
-0.0176162719726563 0.122703552246094 0.140480041503906 0.00733947753906251
0.0507965087890625 0.078155517578125 0.36517333984375 0.34771728515625
0.0755691528320313 -0.0429840087890625 0.5679931640625 0.48248291015625
-0.00732803344726562 -0.0578880310058594 0.60491943359375 0.55914306640625
-0.0682563781738281 0.000411987304687498 0.43267822265625 0.557159423828125
-0.0531234741210937 0.054962158203125 0.310882568359375 0.470184326171875
0.0166778564453125 0.0605506896972656 0.176345825195313 0.246734619140625
0.0228958129882813 0.0563926696777344 0.040863037109375 0.00702667236328125
0.0177268981933594 0.0698699951171875 -0.13116455078125 -0.249725341796875
-0.0177040100097656 0.0494194030761719 -0.3167724609375 -0.431182861328125
-0.0482673645019531 0.017333984375 -0.5423583984375 -0.433319091796875
-0.0251235961914063 -0.0561027526855469 -0.65972900390625 -0.3939208984375
0.0761947631835938 -0.0567703247070313 -0.62451171875 -0.455078125
0.090850830078125 0.0346450805664063 -0.42462158203125 -0.314453125
0.00706481933593749 0.115402221679688 -0.131195068359375 -0.0247116088867187
0.00415039062500001 -0.0803756713867188 0.1177978515625 0.01531982421875
-0.115020751953125 -0.0159530639648438 0.381744384765625 0.30755615234375
-0.0611114501953125 0.0707778930664063 0.6165771484375 0.3770751953125
0.042633056640625 0.0660133361816406 0.68914794921875 0.425537109375
0.0702400207519531 -0.00333404541015625 0.51556396484375 0.458984375
0.0164642333984375 -0.0862884521484375 0.3775634765625 0.408721923828125
-0.000267028808593741 -0.0942916870117188 0.198440551757813 0.2427978515625
0.0125732421875 -0.07562255859375 0.0401954650878906 0.0378875732421875
0.011016845703125 -0.0910491943359375 -0.106781005859375 -0.241287231445313
0.0524673461914062 -0.0850753784179688 -0.254638671875 -0.482452392578125
0.0874710083007813 -0.0127716064453125 -0.46478271484375 -0.53045654296875
0.0485382080078125 0.0494003295898438 -0.5858154296875 -0.5072021484375
-0.0556678771972656 0.0506439208984375 -0.55657958984375 -0.545989990234375
-0.0737762451171875 -0.0506210327148437 -0.409210205078125 -0.346588134765625
0.0145492553710938 -0.07781982421875 -0.151962280273438 -0.00987243652343747
0.0116043090820313 -0.0720062255859375 0.124862670898438 -0.00935363769531251
-0.101760864257812 -0.0224151611328125 0.387969970703125 0.297149658203125
-0.0618438720703125 0.0607528686523438 0.61968994140625 0.362548828125
0.0361251831054688 0.072113037109375 0.67510986328125 0.41217041015625
0.0686302185058594 0.0117568969726563 0.49749755859375 0.4635009765625
0.0250396728515625 -0.0710830688476562 0.37176513671875 0.432464599609375
0.00690460205078125 -0.079864501953125 0.209152221679688 0.2694091796875
0.0143661499023438 -0.0601959228515625 0.0550994873046875 0.0591201782226562
0.0118331909179688 -0.073699951171875 -0.0951995849609375 -0.217361450195313
0.0458221435546875 -0.0725173950195313 -0.259307861328125 -0.457244873046875
0.081634521484375 -0.0129623413085937 -0.480987548828125 -0.518951416015625
0.0556716918945312 0.0403633117675781 -0.60235595703125 -0.51556396484375
-0.0350303649902344 0.0575599670410156 -0.559234619140625 -0.562103271484375
-0.0664825439453125 -0.0305595397949219 -0.406646728515625 -0.359619140625
0.00836563110351563 -0.0631942749023438 -0.143142700195312 -0.034271240234375
0.015655517578125 -0.0487213134765625 0.136116027832031 -0.0284805297851562
-0.0770797729492188 -0.0176162719726563 0.394195556640625 0.293365478515625
-0.0481758117675781 0.0438270568847656 0.6256103515625 0.357177734375
0.028289794921875 0.0640144348144531 0.66082763671875 0.40625
0.0556221008300781 0.0213813781738281 0.4730224609375 0.47283935546875
0.0226516723632812 -0.0487785339355469 0.35931396484375 0.45562744140625
0.0133323669433594 -0.0563430786132812 0.214080810546875 0.28997802734375
0.0165977478027344 -0.0382766723632813 0.0669326782226563 0.071685791015625
0.0126876831054688 -0.047271728515625 -0.0879364013671875 -0.202224731445313
0.0359306335449219 -0.051727294921875 -0.263397216796875 -0.433807373046875
0.0658416748046875 -0.00858688354492187 -0.497161865234375 -0.49884033203125
0.0516586303710937 0.02630615234375 -0.62078857421875 -0.50738525390625
-0.0120010375976563 0.0501289367675781 -0.57000732421875 -0.56365966796875
-0.0442771911621094 -0.0115585327148438 -0.41107177734375 -0.3646240234375
0.00424575805664062 -0.0376358032226563 -0.138572692871094 -0.052276611328125
0.0108442306518555 -0.0127191543579102 0.147857666015625 -0.037506103515625
-0.0476417541503906 0.00254440307617188 0.397918701171875 0.296600341796875
-0.020416259765625 0.0275058746337891 0.62530517578125 0.3670654296875
0.0234794616699219 0.0425071716308594 0.6455078125 0.4154052734375
0.0333900451660156 0.0224208831787109 0.45025634765625 0.485748291015625
0.0102920532226563 -0.0238113403320313 0.340057373046875 0.47369384765625
0.01715087890625 -0.0259265899658203 0.2113037109375 0.302886962890625
0.0184688568115234 -0.0121517181396484 0.0728759765625 0.0755767822265625
0.0163259506225586 -0.0160703659057617 -0.0855255126953125 -0.196746826171875
0.0262680053710938 -0.0256996154785156 -0.271270751953125 -0.418243408203125
0.0442428588867188 0.0007476806640625 -0.5113525390625 -0.475921630859375
0.0388717651367188 0.0108261108398438 -0.63775634765625 -0.48681640625
0.00909042358398438 0.0314807891845703 -0.58502197265625 -0.55010986328125
-0.0146732330322266 0.00153732299804687 -0.41717529296875 -0.3612060546875
0.00532293319702148 -0.00473642349243164 -0.136978149414063 -0.0631256103515625
-0.00134086608886719 0.0296611785888672 0.15533447265625 -0.03814697265625
-0.0192089080810547 0.0322914123535156 0.39630126953125 0.30609130859375
0.0138731002807617 0.012394905090332 0.61676025390625 0.38525390625
0.0217132568359375 0.0137042999267578 0.632080078125 0.4366455078125
0.00593757629394531 0.0156116485595703 0.433624267578125 0.50213623046875
-0.00766706466674805 0.001953125 0.326385498046875 0.4842529296875
0.0178012847900391 0.005584716796875 0.206298828125 0.30267333984375
0.021148681640625 0.0142669677734375 0.0731887817382812 0.069122314453125
0.018341064453125 0.0134468078613281 -0.090179443359375 -0.199493408203125
0.0173454284667969 0.00192070007324219 -0.281036376953125 -0.408782958984375
0.0203266143798828 0.0108909606933594 -0.52716064453125 -0.455535888671875
0.0222587585449219 -0.00314903259277344 -0.65301513671875 -0.45916748046875
0.0271091461181641 0.00753021240234375 -0.59912109375 -0.52569580078125
0.0178565979003906 0.009124755859375 -0.423370361328125 -0.35302734375
0.00909042358398438 0.0291671752929688 -0.135307312011719 -0.0658035278320313
-0.0133857727050781 0.0695228576660156 0.15521240234375 -0.0306243896484375
0.00699615478515624 0.0611763000488281 0.39105224609375 0.318115234375
0.0476875305175781 -0.00194549560546875 0.60491943359375 0.41229248046875
0.0186634063720703 -0.0159683227539063 0.61944580078125 0.46832275390625
-0.0227317810058594 0.00665664672851562 0.42547607421875 0.519927978515625
-0.0275497436523438 0.0254764556884766 0.318817138671875 0.486175537109375
0.0177402496337891 0.0320911407470703 0.20037841796875 0.291778564453125
0.0236625671386719 0.0352859497070313 0.0680274963378906 0.0528984069824219
0.021514892578125 0.039520263671875 -0.101730346679688 -0.209564208984375
0.00725364685058594 0.0248928070068359 -0.296417236328125 -0.4071044921875
-0.00384140014648437 0.0202674865722656 -0.540435791015625 -0.440185546875
0.00233840942382813 -0.0182228088378906 -0.66290283203125 -0.43072509765625
0.04254150390625 -0.0178871154785156 -0.6134033203125 -0.5
0.0475120544433594 0.0156517028808594 -0.426055908203125 -0.340576171875
0.0128707885742188 0.0625648498535156 -0.131805419921875 -0.0588607788085937
-0.0189895629882812 0.102874755859375 0.1483154296875 -0.0157470703125
0.031951904296875 0.0772171020507813 0.3798828125 0.32928466796875
0.0698127746582031 -0.0211906433105469 0.5875244140625 0.44281005859375
0.00765228271484375 -0.0417823791503906 0.6109619140625 0.50958251953125
-0.048370361328125 0.0023956298828125 0.427947998046875 0.5377197265625
-0.043792724609375 0.0442924499511719 0.31573486328125 0.48046875
0.0178642272949219 0.0522537231445313 0.18988037109375 0.27056884765625
0.0247917175292969 0.051055908203125 0.0562171936035156 0.0314102172851563
0.0209884643554688 0.0587882995605469 -0.1165771484375 -0.2266845703125
-0.0040740966796875 0.0420494079589844 -0.310546875 -0.412445068359375
-0.0278682708740234 0.0230369567871094 -0.547882080078125 -0.429229736328125
-0.0139617919921875 -0.0370216369628906 -0.6678466796875 -0.40557861328125
0.0586166381835938 -0.0416107177734375 -0.6231689453125 -0.4718017578125
0.0737457275390625 0.0233612060546875 -0.4290771484375 -0.325408935546875
0.0131301879882813 0.09222412109375 -0.1297607421875 -0.04425048828125
-0.015380859375 0.122589111328125 0.138969421386719 0.00502777099609376
0.0522384643554688 0.076934814453125 0.3662109375 0.34283447265625
0.0742034912109375 -0.0439453125 0.5728759765625 0.47381591796875
-0.00783538818359375 -0.0575790405273438 0.60980224609375 0.547607421875
-0.0670242309570313 0.00104522705078126 0.436737060546875 0.54901123046875
-0.0513534545898437 0.0557899475097656 0.314544677734375 0.465240478515625
0.0171432495117187 0.0606918334960938 0.178421020507813 0.24407958984375
0.0243034362792969 0.05694580078125 0.041412353515625 0.00696945190429688
0.0189476013183594 0.0697517395019531 -0.133056640625 -0.247177124023437
-0.0166702270507813 0.0498123168945313 -0.318878173828125 -0.425140380859375
-0.0489730834960938 0.0181961059570312 -0.546142578125 -0.425323486328125
-0.0260200500488281 -0.056060791015625 -0.663818359375 -0.38519287109375
0.0746688842773437 -0.0577392578125 -0.62701416015625 -0.44561767578125
0.091156005859375 0.0338821411132813 -0.426544189453125 -0.308929443359375
0.00875854492187501 0.114463806152344 -0.130966186523438 -0.023529052734375
0.00468444824218751 -0.0813980102539063 0.115501403808594 0.0145492553710937
-0.11444091796875 -0.01434326171875 0.3831787109375 0.30126953125
-0.0596694946289063 0.0718994140625 0.61993408203125 0.36932373046875
0.0438919067382813 0.0653152465820313 0.690673828125 0.41607666015625
0.0699806213378906 -0.00441741943359375 0.518707275390625 0.450836181640625
0.016815185546875 -0.08599853515625 0.3787841796875 0.402435302734375
-0.00209045410156249 -0.0940933227539063 0.199691772460937 0.2398681640625
0.0123367309570313 -0.0759811401367187 0.0411109924316406 0.0371780395507812
0.00936889648437499 -0.0905227661132813 -0.108261108398438 -0.238540649414063
0.0506210327148438 -0.084625244140625 -0.258758544921875 -0.477020263671875
0.0880966186523437 -0.0139312744140625 -0.4664306640625 -0.522796630859375
0.0500717163085937 0.0481834411621094 -0.5888671875 -0.50042724609375
-0.0541152954101562 0.0518951416015625 -0.559326171875 -0.537567138671875
-0.0752105712890625 -0.0492095947265625 -0.4102783203125 -0.342620849609375
0.0137786865234375 -0.0777359008789063 -0.149978637695313 -0.00790405273437499
0.0129470825195312 -0.073089599609375 0.122688293457031 -0.0106658935546875
-0.101966857910156 -0.0220947265625 0.3890380859375 0.29168701171875
-0.0619659423828125 0.0617599487304688 0.62225341796875 0.35430908203125
0.0371627807617188 0.0711517333984375 0.67706298828125 0.400146484375
0.0695610046386719 0.0106468200683594 0.49737548828125 0.45635986328125
0.0244522094726563 -0.0712966918945313 0.372955322265625 0.427032470703125
0.00569915771484375 -0.0796737670898438 0.2113037109375 0.265350341796875
0.013031005859375 -0.0605621337890625 0.0563850402832031 0.0582351684570312
0.00994873046875 -0.0738296508789063 -0.0961456298828125 -0.2147216796875
0.0441055297851563 -0.0727615356445313 -0.260955810546875 -0.451873779296875
0.0818405151367188 -0.0144805908203125 -0.482513427734375 -0.50982666015625
0.056396484375 0.0388679504394531 -0.60491943359375 -0.50732421875
-0.0345726013183594 0.0578041076660156 -0.561187744140625 -0.55535888671875
-0.0665283203125 -0.0290069580078125 -0.4071044921875 -0.35516357421875
0.00711822509765624 -0.0645294189453125 -0.14166259765625 -0.0328826904296875
0.016632080078125 -0.0500297546386719 0.134002685546875 -0.029815673828125
-0.07672119140625 -0.0168533325195312 0.39569091796875 0.289093017578125
-0.0478744506835938 0.0448074340820313 0.62774658203125 0.34881591796875
0.02850341796875 0.0634307861328125 0.66119384765625 0.39471435546875
0.0555572509765625 0.0198783874511719 0.477447509765625 0.46466064453125
0.0218849182128906 -0.0488624572753906 0.361663818359375 0.447296142578125
0.0117301940917969 -0.0571022033691406 0.21563720703125 0.28662109375
0.0169143676757813 -0.0381011962890625 0.0683441162109375 0.0716476440429688
0.0123939514160156 -0.0468597412109375 -0.0885162353515625 -0.19970703125
0.035125732421875 -0.0518913269042969 -0.266082763671875 -0.42877197265625
0.0652580261230469 -0.009735107421875 -0.50018310546875 -0.491058349609375
0.0528297424316406 0.0256385803222656 -0.62451171875 -0.49609375
-0.0109977722167969 0.0503120422363281 -0.57415771484375 -0.5556640625
-0.0442085266113281 -0.0109138488769531 -0.41217041015625 -0.358917236328125
0.00393295288085938 -0.0384674072265625 -0.138626098632812 -0.0512619018554688
0.0112590789794922 -0.0135135650634766 0.145416259765625 -0.03948974609375
-0.0481071472167969 0.00319671630859376 0.398345947265625 0.292633056640625
-0.0201148986816406 0.0278339385986328 0.62896728515625 0.35888671875
0.0232353210449219 0.041656494140625 0.64801025390625 0.40423583984375
0.0338706970214844 0.0217514038085938 0.45355224609375 0.477996826171875
0.0106697082519531 -0.0235748291015625 0.342864990234375 0.467437744140625
0.0166912078857422 -0.0263442993164063 0.214385986328125 0.298095703125
0.019012451171875 -0.0120677947998047 0.0742874145507813 0.0744476318359375
0.0153589248657227 -0.0170125961303711 -0.086639404296875 -0.194992065429687
0.0260219573974609 -0.0252418518066406 -0.2725830078125 -0.413055419921875
0.0442085266113281 -0.0001983642578125 -0.5133056640625 -0.469024658203125
0.0399742126464844 0.0110359191894531 -0.6405029296875 -0.4752197265625
0.00961494445800781 0.0311813354492188 -0.5869140625 -0.5421142578125
-0.0148992538452148 0.00159072875976562 -0.419647216796875 -0.356689453125
0.00533819198608398 -0.00596380233764648 -0.135452270507813 -0.0621337890625
-0.000579833984375 0.0285129547119141 0.153045654296875 -0.040618896484375
-0.0198612213134766 0.0330886840820313 0.397003173828125 0.30035400390625
0.0140018463134766 0.0129728317260742 0.6224365234375 0.378173828125
0.0212249755859375 0.0129947662353516 0.634765625 0.42657470703125
0.00592136383056641 0.0151653289794922 0.43707275390625 0.4945068359375
-0.00726127624511719 0.00285625457763672 0.3284912109375 0.4774169921875
0.0169363021850586 0.00444316864013672 0.208404541015625 0.299346923828125
0.0216121673583984 0.0137958526611328 0.075042724609375 0.0674819946289063
0.0191135406494141 0.0130863189697266 -0.090972900390625 -0.198593139648438
0.0169563293457031 0.00153732299804688 -0.28375244140625 -0.403472900390625
0.0205860137939453 0.0107707977294922 -0.5279541015625 -0.447784423828125
0.0218582153320312 -0.00348281860351563 -0.65521240234375 -0.4488525390625
0.0264720916748047 0.00667572021484375 -0.602783203125 -0.5191650390625
0.0169210433959961 0.00940608978271484 -0.424041748046875 -0.346832275390625
0.00894546508789063 0.02813720703125 -0.134750366210938 -0.06494140625
-0.0111083984375 0.0688972473144531 0.152236938476563 -0.0325927734375
0.00734710693359376 0.0610008239746094 0.39178466796875 0.310516357421875
0.046722412109375 -0.00225448608398438 0.60760498046875 0.4044189453125
0.0175533294677734 -0.0167245864868164 0.6229248046875 0.45989990234375
-0.0218963623046875 0.0066070556640625 0.430999755859375 0.51385498046875
-0.0267333984375 0.0264949798583984 0.3214111328125 0.4803466796875
0.0182361602783203 0.0326900482177734 0.202423095703125 0.28741455078125
0.0240554809570313 0.0347080230712891 0.0684356689453125 0.0524253845214844
0.0214195251464844 0.0400276184082031 -0.10205078125 -0.2080078125
0.00798606872558594 0.0253658294677734 -0.297119140625 -0.40203857421875
-0.00357627868652344 0.019866943359375 -0.54095458984375 -0.43206787109375
0.00297927856445313 -0.0184192657470703 -0.6654052734375 -0.421142578125
0.0418815612792969 -0.019317626953125 -0.61627197265625 -0.49090576171875
0.0472640991210937 0.0153274536132812 -0.42828369140625 -0.334686279296875
0.0141944885253906 0.0615730285644531 -0.131156921386719 -0.057098388671875
-0.0167388916015625 0.101547241210938 0.146621704101563 -0.0176239013671875
0.032470703125 0.0774154663085937 0.38116455078125 0.325164794921875
0.0686912536621094 -0.0225601196289062 0.59136962890625 0.43487548828125
0.00720596313476562 -0.0431632995605469 0.614990234375 0.50042724609375
-0.0482292175292969 0.00196456909179688 0.4320068359375 0.52923583984375
-0.0419502258300781 0.0455169677734375 0.318572998046875 0.474151611328125
0.0178871154785156 0.0521583557128906 0.192169189453125 0.26702880859375
0.0252799987792969 0.0498466491699219 0.057159423828125 0.0304374694824219
0.0219497680664063 0.0596122741699219 -0.118331909179688 -0.22418212890625
-0.003509521484375 0.0411872863769531 -0.3138427734375 -0.405975341796875
-0.0270404815673828 0.0232868194580078 -0.549407958984375 -0.420623779296875
-0.0149765014648438 -0.0366477966308594 -0.66839599609375 -0.394287109375
0.0584754943847656 -0.0430145263671875 -0.62567138671875 -0.46429443359375
0.0737991333007813 0.0222091674804688 -0.42926025390625 -0.32025146484375
0.0137481689453125 0.0916900634765625 -0.129280090332031 -0.0424041748046875
-0.0128173828125 0.12158203125 0.136497497558594 0.00218200683593751
0.0520248413085938 0.0761566162109375 0.368194580078125 0.338775634765625
0.0732955932617188 -0.04443359375 0.57647705078125 0.46514892578125
-0.00921249389648438 -0.0581321716308594 0.61370849609375 0.536865234375
-0.066741943359375 0.00278472900390625 0.4393310546875 0.541290283203125
-0.0507965087890625 0.0568122863769531 0.31671142578125 0.458251953125
0.0183563232421875 0.0606002807617188 0.17962646484375 0.240570068359375
0.02545166015625 0.0562515258789062 0.0417633056640625 0.0057373046875
0.0194320678710937 0.0693817138671875 -0.13470458984375 -0.24530029296875
-0.016357421875 0.0511131286621094 -0.321075439453125 -0.41912841796875
-0.048370361328125 0.0193443298339844 -0.546478271484375 -0.41766357421875
-0.0265426635742187 -0.055908203125 -0.6632080078125 -0.3758544921875
0.0735015869140625 -0.0587692260742188 -0.62823486328125 -0.43792724609375
0.0917205810546875 0.0326080322265625 -0.4268798828125 -0.304840087890625
0.01019287109375 0.114334106445313 -0.129165649414063 -0.0220489501953125
0.00419616699218749 -0.0819473266601563 0.114250183105469 0.0127105712890625
-0.115150451660156 -0.0134429931640625 0.383270263671875 0.298675537109375
-0.0582351684570312 0.0724639892578125 0.61993408203125 0.3624267578125
0.0441703796386719 0.06475830078125 0.69134521484375 0.405517578125
0.0705718994140625 -0.00560760498046875 0.518951416015625 0.442413330078125
0.0158843994140625 -0.0857086181640625 0.378173828125 0.39605712890625
-0.00363922119140624 -0.0930252075195313 0.200698852539063 0.236419677734375
0.0108489990234375 -0.07550048828125 0.0416336059570313 0.037078857421875
0.00809478759765626 -0.0905303955078125 -0.109085083007812 -0.236404418945313
0.0500869750976563 -0.0853652954101563 -0.261016845703125 -0.470916748046875
0.0872421264648438 -0.015350341796875 -0.46826171875 -0.514434814453125
0.0507316589355469 0.0481338500976563 -0.58990478515625 -0.4920654296875
-0.053558349609375 0.0523452758789063 -0.56097412109375 -0.5289306640625
-0.0755157470703125 -0.04791259765625 -0.410614013671875 -0.335845947265625
0.0126571655273438 -0.0784530639648438 -0.148788452148438 -0.00703430175781253
0.01226806640625 -0.0737762451171875 0.120368957519531 -0.0121307373046875
-0.101974487304688 -0.0209426879882812 0.388458251953125 0.2872314453125
-0.0600128173828125 0.0636749267578125 0.62420654296875 0.34698486328125
0.0373725891113281 0.0702781677246094 0.67791748046875 0.39129638671875
0.0699729919433594 0.008697509765625 0.499969482421875 0.448028564453125
0.0234222412109375 -0.0711135864257812 0.373504638671875 0.42108154296875
0.00376892089843751 -0.0795364379882813 0.211639404296875 0.2628173828125
0.0127182006835938 -0.0604591369628906 0.0567817687988281 0.0566368103027344
0.00833892822265625 -0.0737838745117188 -0.097259521484375 -0.213714599609375
0.0433120727539063 -0.0739059448242188 -0.263916015625 -0.4468994140625
0.0817642211914063 -0.0152587890625 -0.485687255859375 -0.50244140625
0.0570487976074219 0.0383682250976563 -0.60760498046875 -0.497314453125
-0.0336837768554688 0.0582313537597656 -0.56463623046875 -0.5467529296875
-0.06658935546875 -0.02813720703125 -0.40838623046875 -0.34954833984375
0.0068817138671875 -0.0644035339355469 -0.141387939453125 -0.0316314697265625
0.0161819458007813 -0.0502738952636719 0.131752014160156 -0.0315475463867188
-0.0774612426757812 -0.0159912109375 0.39453125 0.28387451171875
-0.0470428466796875 0.0458259582519531 0.626708984375 0.3414306640625
0.0293960571289062 0.0621185302734375 0.66265869140625 0.38555908203125
0.05657958984375 0.0186920166015625 0.478271484375 0.45721435546875
0.0218772888183594 -0.0492973327636719 0.360931396484375 0.44207763671875
0.0108642578125 -0.05712890625 0.217376708984375 0.283538818359375
0.0151443481445313 -0.0386161804199219 0.06903076171875 0.0700836181640625
0.0116043090820313 -0.0475311279296875 -0.088653564453125 -0.19873046875
0.0345458984375 -0.0522117614746094 -0.26788330078125 -0.423919677734375
0.065521240234375 -0.0103340148925781 -0.503204345703125 -0.481842041015625
0.0528106689453125 0.0245361328125 -0.62518310546875 -0.48931884765625
-0.0108413696289063 0.0506057739257812 -0.57489013671875 -0.546142578125
-0.0449028015136719 -0.0104484558105469 -0.4107666015625 -0.3536376953125
0.00317001342773437 -0.0385665893554688 -0.137100219726563 -0.0498123168945313
0.0118169784545898 -0.0147705078125 0.143386840820313 -0.041748046875
-0.0484275817871094 0.0031280517578125 0.39825439453125 0.287384033203125
-0.0198955535888672 0.0283470153808594 0.627685546875 0.35040283203125
0.0244712829589844 0.0410575866699219 0.6485595703125 0.39453125
0.0344066619873047 0.0206851959228516 0.454376220703125 0.469146728515625
0.0111923217773437 -0.0230693817138672 0.34429931640625 0.45941162109375
0.0160369873046875 -0.0273799896240234 0.21551513671875 0.29498291015625
0.018585205078125 -0.0123386383056641 0.0756683349609375 0.0732879638671875
0.0153207778930664 -0.0164566040039063 -0.0868377685546875 -0.192596435546875
0.0248069763183594 -0.0253486633300781 -0.273651123046875 -0.406494140625
0.0448455810546875 -0.00111007690429688 -0.514923095703125 -0.460479736328125
0.0391311645507813 0.00986480712890625 -0.6416015625 -0.46728515625
0.00961875915527344 0.0313949584960937 -0.59051513671875 -0.53265380859375
-0.0153169631958008 0.00198841094970703 -0.4193115234375 -0.35235595703125
0.00620937347412109 -0.00629711151123047 -0.135238647460937 -0.0606765747070313
0.000555038452148436 0.0272998809814453 0.150726318359375 -0.0422210693359375
-0.0188007354736328 0.0326271057128906 0.397247314453125 0.2967529296875
0.0140066146850586 0.0132513046264648 0.6221923828125 0.37030029296875
0.0215930938720703 0.0127334594726562 0.63421630859375 0.41705322265625
0.00653839111328125 0.0146799087524414 0.4378662109375 0.48681640625
-0.00717020034790039 0.00249290466308594 0.330902099609375 0.471649169921875
0.0177211761474609 0.00444602966308594 0.2099609375 0.295745849609375
0.0212268829345703 0.0135383605957031 0.076263427734375 0.0655136108398438
0.0188426971435547 0.0136432647705078 -0.0921173095703125 -0.195907592773438
0.0169525146484375 0.00139522552490234 -0.28546142578125 -0.39862060546875
0.0212669372558594 0.0108909606933594 -0.529449462890625 -0.43939208984375
0.0219211578369141 -0.00391960144042969 -0.65533447265625 -0.439697265625
0.0268592834472656 0.0066070556640625 -0.60498046875 -0.508544921875
0.0170764923095703 0.00938510894775391 -0.42352294921875 -0.341278076171875
0.0103931427001953 0.0279426574707031 -0.13323974609375 -0.0638427734375
-0.0104446411132813 0.0689697265625 0.150497436523438 -0.03460693359375
0.00776290893554688 0.0604438781738281 0.392059326171875 0.307464599609375
0.0468292236328125 -0.00276565551757812 0.61041259765625 0.3970947265625
0.0175418853759766 -0.0176715850830078 0.6246337890625 0.45098876953125
-0.0218715667724609 0.00707817077636718 0.431243896484375 0.504913330078125
-0.0262184143066406 0.026397705078125 0.32183837890625 0.474517822265625
0.0182094573974609 0.0327892303466797 0.203765869140625 0.2847900390625
0.0239944458007812 0.0352554321289063 0.0695152282714844 0.05047607421875
0.0223770141601563 0.0391273498535156 -0.102706909179687 -0.206192016601563
0.00855064392089843 0.024810791015625 -0.29901123046875 -0.395050048828125
-0.00280380249023438 0.020843505859375 -0.540679931640625 -0.423614501953125
0.00264167785644531 -0.0196170806884766 -0.66632080078125 -0.41180419921875
0.0424690246582031 -0.0196342468261719 -0.61724853515625 -0.48297119140625
0.0478973388671875 0.014190673828125 -0.429351806640625 -0.32958984375
0.0148963928222656 0.0606918334960938 -0.130302429199219 -0.0565567016601562
-0.0152740478515625 0.100860595703125 0.14373779296875 -0.019287109375
0.0327529907226563 0.0767364501953125 0.3814697265625 0.320770263671875
0.0684928894042969 -0.0231437683105469 0.592529296875 0.4263916015625
0.00671768188476563 -0.0425949096679688 0.61529541015625 0.49005126953125
-0.0473594665527344 0.00247192382812499 0.434661865234375 0.522369384765625
-0.0419044494628906 0.0461349487304687 0.319488525390625 0.4681396484375
0.0187873840332031 0.0519027709960938 0.193527221679688 0.264007568359375
0.0256500244140625 0.0497016906738281 0.0580902099609375 0.0295066833496094
0.0228729248046875 0.0586128234863281 -0.119293212890625 -0.2225341796875
-0.00267410278320312 0.0427093505859375 -0.313018798828125 -0.401458740234375
-0.0265102386474609 0.0241279602050781 -0.550567626953125 -0.413238525390625
-0.0145912170410156 -0.0362014770507813 -0.6693115234375 -0.38592529296875
0.0563774108886719 -0.0437583923339844 -0.62432861328125 -0.4559326171875
0.074066162109375 0.0210037231445313 -0.429107666015625 -0.313507080078125
0.0158538818359375 0.0908279418945313 -0.128387451171875 -0.0420150756835938
-0.0106201171875 0.120529174804688 0.134330749511719 0.00208282470703126
0.0522308349609375 0.075958251953125 0.368804931640625 0.335693359375
0.072998046875 -0.045257568359375 0.578125 0.45843505859375
-0.0102348327636719 -0.0578536987304688 0.6156005859375 0.52838134765625
-0.0665245056152344 0.00283432006835939 0.44268798828125 0.531768798828125
-0.0489006042480469 0.0577583312988281 0.31683349609375 0.453277587890625
0.0187911987304688 0.0605201721191406 0.18133544921875 0.238311767578125
0.0254402160644531 0.0555458068847656 0.0420074462890625 0.00659942626953125
0.0208930969238281 0.0692977905273438 -0.135772705078125 -0.242584228515625
-0.0155525207519531 0.0510940551757813 -0.322509765625 -0.413848876953125
-0.0481605529785156 0.0197868347167969 -0.547760009765625 -0.410797119140625
-0.0263633728027344 -0.0557212829589844 -0.6630859375 -0.36700439453125
0.072235107421875 -0.06011962890625 -0.6300048828125 -0.42889404296875
0.0916671752929688 0.0316162109375 -0.426727294921875 -0.298583984375
0.0114974975585937 0.113418579101562 -0.127342224121094 -0.021148681640625
0.00421142578124999 -0.0824203491210938 0.112709045410156 0.0123291015625
-0.114967346191406 -0.011932373046875 0.383575439453125 0.295684814453125
-0.0571975708007812 0.0733184814453125 0.61920166015625 0.35577392578125
0.0446281433105469 0.0640373229980469 0.69049072265625 0.3970947265625
0.0703125 -0.0072174072265625 0.519927978515625 0.433685302734375
0.0153121948242188 -0.08587646484375 0.377777099609375 0.38922119140625
-0.00528717041015625 -0.092926025390625 0.200927734375 0.233306884765625
0.0101242065429688 -0.0753326416015625 0.0417251586914063 0.0373916625976562
0.00650787353515624 -0.09051513671875 -0.109710693359375 -0.23431396484375
0.04852294921875 -0.0860519409179688 -0.261932373046875 -0.46661376953125
0.0877685546875 -0.0163726806640625 -0.471160888671875 -0.50787353515625
0.0513916015625 0.04730224609375 -0.5894775390625 -0.48260498046875
-0.0530014038085938 0.0533599853515625 -0.561553955078125 -0.52264404296875
-0.0750045776367187 -0.0465774536132813 -0.4100341796875 -0.3306884765625
0.0122909545898438 -0.0794677734375 -0.146774291992188 -0.00663757324218748
0.01300048828125 -0.0754013061523438 0.118148803710938 -0.0134353637695313
-0.101760864257812 -0.0198516845703125 0.389007568359375 0.282958984375
-0.0591468811035156 0.0645942687988281 0.62347412109375 0.3402099609375
0.0378913879394531 0.0695648193359375 0.67547607421875 0.38311767578125
0.0698661804199219 0.00799179077148438 0.50054931640625 0.439727783203125
0.0227203369140625 -0.0716323852539063 0.372802734375 0.412933349609375
0.00296020507812499 -0.0793304443359375 0.212432861328125 0.259933471679688
0.0124359130859375 -0.060821533203125 0.0581474304199219 0.05657958984375
0.00855255126953125 -0.0731735229492187 -0.097808837890625 -0.211105346679688
0.0426025390625 -0.0735092163085938 -0.2630615234375 -0.44219970703125
0.081207275390625 -0.0160064697265625 -0.485748291015625 -0.49530029296875
0.05767822265625 0.0374984741210937 -0.6068115234375 -0.4888916015625
-0.0333824157714844 0.0590248107910156 -0.5657958984375 -0.5379638671875
-0.066375732421875 -0.0274314880371094 -0.40887451171875 -0.344024658203125
0.00662612915039062 -0.0643196105957031 -0.139183044433594 -0.0298080444335937
0.0167312622070313 -0.0513572692871094 0.128898620605469 -0.0325851440429688
-0.0779571533203125 -0.0158920288085938 0.39300537109375 0.27978515625
-0.046539306640625 0.046478271484375 0.62786865234375 0.33526611328125
0.0294952392578125 0.0615997314453125 0.66131591796875 0.37615966796875
0.0566558837890625 0.0177230834960938 0.476837158203125 0.449737548828125
0.0214042663574219 -0.0499191284179688 0.361724853515625 0.435821533203125
0.0101776123046875 -0.0564651489257813 0.217559814453125 0.279190063476563
0.0152854919433594 -0.0378608703613281 0.0701560974121094 0.0692405700683594
0.0106430053710938 -0.0468368530273438 -0.0891265869140625 -0.196853637695313
0.0341377258300781 -0.0519943237304687 -0.269134521484375 -0.4180908203125
0.0653572082519531 -0.0114364624023437 -0.500762939453125 -0.47369384765625
0.0530052185058594 0.0231704711914063 -0.624755859375 -0.4794921875
-0.0102882385253906 0.0502281188964844 -0.5760498046875 -0.53839111328125
-0.044677734375 -0.00991058349609374 -0.412017822265625 -0.34869384765625
0.004180908203125 -0.0388145446777344 -0.135940551757813 -0.04931640625
0.0124349594116211 -0.0149135589599609 0.140403747558594 -0.041900634765625
-0.0480690002441406 0.00310134887695312 0.397979736328125 0.2838134765625
-0.0198764801025391 0.0282096862792969 0.62713623046875 0.34295654296875
0.0240287780761719 0.0409164428710937 0.64764404296875 0.38720703125
0.0338916778564453 0.0197505950927734 0.45501708984375 0.4622802734375
0.0102024078369141 -0.0234127044677734 0.3450927734375 0.45416259765625
0.0145378112792969 -0.0264263153076172 0.2159423828125 0.291717529296875
0.0175294876098633 -0.0128602981567383 0.0765533447265625 0.0718994140625
0.0143089294433594 -0.0168418884277344 -0.0862579345703125 -0.191238403320313
0.0251979827880859 -0.0258693695068359 -0.27520751953125 -0.403106689453125
0.0442276000976563 -0.0014801025390625 -0.513946533203125 -0.452667236328125
0.0399742126464844 0.00915145874023438 -0.64215087890625 -0.457275390625
0.0105648040771484 0.0304012298583984 -0.59051513671875 -0.5245361328125
-0.0150976181030273 0.0027780532836914 -0.41937255859375 -0.345306396484375
0.0056147575378418 -0.00658273696899414 -0.133720397949219 -0.0605621337890625
0.00162124633789063 0.0263500213623047 0.14788818359375 -0.043609619140625
-0.0192890167236328 0.0323963165283203 0.395263671875 0.29217529296875
0.0143604278564453 0.0139999389648438 0.6229248046875 0.36309814453125
0.0207157135009766 0.0120048522949219 0.634521484375 0.4088134765625
0.00745964050292969 0.0140600204467773 0.439697265625 0.479736328125
-0.00702714920043945 0.00288820266723633 0.3310546875 0.46612548828125
0.0172529220581055 0.00439357757568359 0.21124267578125 0.292205810546875
0.0216026306152344 0.0134563446044922 0.0760498046875 0.0657196044921875
0.0194892883300781 0.0128231048583984 -0.0914764404296875 -0.193832397460938
0.0173072814941406 0.00215816497802734 -0.28399658203125 -0.39300537109375
0.0209941864013672 0.0104732513427734 -0.529083251953125 -0.4312744140625
0.0215911865234375 -0.0037841796875 -0.65386962890625 -0.43084716796875
0.0273609161376953 0.00612449645996094 -0.60272216796875 -0.4998779296875
0.0175018310546875 0.00911998748779297 -0.424285888671875 -0.337005615234375
0.0102691650390625 0.0275173187255859 -0.132469177246094 -0.0625
-0.00849533081054688 0.0681266784667969 0.147506713867188 -0.0355987548828125
0.0077667236328125 0.0594825744628906 0.391265869140625 0.301605224609375
0.0464630126953125 -0.0035247802734375 0.608642578125 0.388427734375
0.0170574188232422 -0.0177688598632813 0.6243896484375 0.4410400390625
-0.0218849182128906 0.00658798217773438 0.433135986328125 0.49755859375
-0.0256061553955078 0.0266838073730469 0.32232666015625 0.468597412109375
0.0182476043701172 0.0319766998291016 0.20477294921875 0.28045654296875
0.0239830017089844 0.0353927612304688 0.0705032348632813 0.0502243041992188
0.0224647521972656 0.038726806640625 -0.102752685546875 -0.204421997070313
0.00876045227050782 0.0253105163574219 -0.298309326171875 -0.391326904296875
-0.00261116027832031 0.0199794769287109 -0.541412353515625 -0.41387939453125
0.00252532958984375 -0.0190296173095703 -0.663818359375 -0.40277099609375
0.0420074462890625 -0.02069091796875 -0.61724853515625 -0.474609375
0.0477371215820313 0.0142707824707031 -0.427520751953125 -0.324310302734375
0.0153961181640625 0.0601615905761719 -0.129219055175781 -0.0559463500976563
-0.0129928588867188 0.100303649902344 0.1417236328125 -0.0205841064453125
0.032745361328125 0.075714111328125 0.38140869140625 0.31591796875
0.0672683715820313 -0.0238456726074219 0.59332275390625 0.419677734375
0.00566864013671875 -0.0432090759277344 0.61688232421875 0.48028564453125
-0.0472488403320313 0.00281524658203126 0.43487548828125 0.514312744140625
-0.0409011840820313 0.0462646484375 0.3206787109375 0.463348388671875
0.0187721252441406 0.051361083984375 0.194107055664063 0.260269165039063
0.0265350341796875 0.0490989685058594 0.0583953857421875 0.0293807983398438
0.0231590270996094 0.0585517883300781 -0.118453979492187 -0.219467163085938
-0.00217819213867187 0.0425071716308594 -0.313690185546875 -0.3953857421875
-0.0269126892089844 0.0237236022949219 -0.548309326171875 -0.404937744140625
-0.0153121948242188 -0.0367355346679688 -0.66790771484375 -0.37774658203125
0.0564117431640625 -0.0439720153808594 -0.6263427734375 -0.44720458984375
0.0737838745117188 0.020599365234375 -0.428436279296875 -0.309356689453125
0.0168991088867188 0.0899124145507812 -0.126815795898438 -0.0411834716796875
-0.00896453857421876 0.119827270507812 0.131805419921875 0.000694274902343757
0.0528564453125 0.0743865966796875 0.368377685546875 0.3302001953125
0.0720977783203125 -0.0452880859375 0.5784912109375 0.45123291015625
-0.0108680725097656 -0.0585594177246094 0.6173095703125 0.51898193359375
-0.0663185119628906 0.0028076171875 0.4420166015625 0.5247802734375
-0.0489654541015625 0.0585136413574219 0.31884765625 0.44854736328125
0.0190277099609375 0.0592994689941406 0.181320190429687 0.235107421875
0.0265388488769531 0.0554313659667969 0.041717529296875 0.006378173828125
0.0218276977539063 0.06927490234375 -0.135726928710938 -0.240234375
-0.0152053833007812 0.0504341125488281 -0.321441650390625 -0.408172607421875
-0.0480117797851563 0.0208587646484375 -0.545867919921875 -0.401763916015625
-0.0266151428222656 -0.0547714233398438 -0.660888671875 -0.35888671875
0.072052001953125 -0.0602798461914062 -0.62860107421875 -0.42138671875
0.0921859741210938 0.030609130859375 -0.42498779296875 -0.29449462890625
0.0117950439453125 0.112564086914062 -0.126144409179688 -0.0209426879882812
0.00353240966796875 -0.0841140747070313 0.109840393066406 0.0115280151367187
-0.114738464355469 -0.0126724243164062 0.381866455078125 0.292327880859375
-0.0561981201171875 0.0739822387695313 0.61962890625 0.35064697265625
0.0450935363769531 0.06292724609375 0.68829345703125 0.3895263671875
0.0701560974121094 -0.00816726684570313 0.518280029296875 0.4276123046875
0.013824462890625 -0.0864181518554687 0.375823974609375 0.38543701171875
-0.00552368164062501 -0.0926513671875 0.200027465820313 0.231597900390625
0.00945281982421875 -0.0761260986328125 0.04150390625 0.0366134643554688
0.00560760498046875 -0.0897750854492188 -0.109848022460937 -0.232131958007813
0.04803466796875 -0.0854339599609375 -0.262725830078125 -0.461395263671875
0.0872650146484375 -0.0169830322265625 -0.470001220703125 -0.501495361328125
0.0520057678222656 0.0458869934082031 -0.5872802734375 -0.47564697265625
-0.0524406433105469 0.0539131164550781 -0.560791015625 -0.516448974609375
-0.0746917724609375 -0.0453338623046875 -0.40789794921875 -0.326812744140625
0.0117111206054688 -0.0796737670898438 -0.14520263671875 -0.005706787109375
0.0127105712890625 -0.0759429931640625 0.116180419921875 -0.0135498046875
-0.102706909179687 -0.0196609497070312 0.387847900390625 0.281402587890625
-0.0583000183105469 0.0651588439941406 0.62164306640625 0.33349609375
0.0389595031738281 0.069183349609375 0.6748046875 0.37664794921875
0.0703506469726563 0.00678253173828125 0.49981689453125 0.434844970703125
0.02203369140625 -0.0713882446289063 0.37176513671875 0.40911865234375
0.0018157958984375 -0.0791854858398438 0.211288452148437 0.256118774414063
0.0116653442382813 -0.060638427734375 0.0584487915039062 0.0558395385742187
0.00646209716796875 -0.073028564453125 -0.096954345703125 -0.2099609375
0.0411834716796875 -0.0734024047851563 -0.26446533203125 -0.436553955078125
0.0813064575195313 -0.017547607421875 -0.484710693359375 -0.48638916015625
0.0585174560546875 0.036529541015625 -0.60565185546875 -0.4815673828125
-0.0327949523925781 0.0590972900390625 -0.56634521484375 -0.53131103515625
-0.0661392211914063 -0.0268173217773437 -0.406524658203125 -0.3402099609375
0.0061187744140625 -0.0648460388183594 -0.137832641601563 -0.0297393798828125
0.0164070129394531 -0.0529289245605469 0.126777648925781 -0.0325241088867187
-0.0777435302734375 -0.014984130859375 0.39202880859375 0.2779541015625
-0.0464973449707031 0.0477676391601563 0.62603759765625 0.329833984375
0.0303840637207031 0.0604515075683594 0.65899658203125 0.36956787109375
0.0569343566894531 0.0171089172363281 0.476715087890625 0.443359375
0.0212211608886719 -0.0489120483398437 0.3612060546875 0.430572509765625
0.00886535644531249 -0.0556449890136719 0.21728515625 0.2762451171875
0.0142478942871094 -0.0388412475585938 0.0709228515625 0.0678176879882813
0.0095062255859375 -0.0472602844238281 -0.0895538330078125 -0.195831298828125
0.0333099365234375 -0.0521316528320313 -0.26898193359375 -0.41387939453125
0.0653076171875 -0.0127220153808594 -0.4996337890625 -0.467529296875
0.053741455078125 0.0227203369140625 -0.62420654296875 -0.471923828125
-0.00920486450195313 0.0496559143066406 -0.5755615234375 -0.532958984375
-0.044219970703125 -0.00898361206054688 -0.410369873046875 -0.34527587890625
0.00387191772460938 -0.0387725830078125 -0.134414672851562 -0.0485153198242188
0.0125951766967773 -0.0171022415161133 0.138664245605469 -0.0430450439453125
-0.0481796264648437 0.00408554077148438 0.396453857421875 0.280609130859375
-0.0206470489501953 0.0289554595947266 0.62603759765625 0.3372802734375
0.0247154235839844 0.0397262573242188 0.646484375 0.37841796875
0.0350131988525391 0.0183391571044922 0.454986572265625 0.456939697265625
0.0108699798583984 -0.0235576629638672 0.3446044921875 0.44989013671875
0.0138568878173828 -0.0270709991455078 0.21533203125 0.2880859375
0.0184764862060547 -0.0127677917480469 0.0771560668945313 0.0711593627929688
0.0137805938720703 -0.0168228149414063 -0.086090087890625 -0.189834594726563
0.0243892669677734 -0.0247879028320313 -0.275360107421875 -0.397491455078125
0.0437240600585938 -0.0013580322265625 -0.514617919921875 -0.44537353515625
0.0400390625 0.0086822509765625 -0.639404296875 -0.44964599609375
0.0105667114257812 0.0309162139892578 -0.5887451171875 -0.51702880859375
-0.0147304534912109 0.00295162200927734 -0.41778564453125 -0.341094970703125
0.0059809684753418 -0.00751543045043945 -0.132957458496094 -0.0598526000976563
0.00327491760253907 0.0256462097167969 0.14508056640625 -0.0445556640625
-0.0192623138427734 0.0319442749023438 0.3968505859375 0.290008544921875
0.0145769119262695 0.0137338638305664 0.6217041015625 0.35821533203125
0.0215625762939453 0.0113029479980469 0.63232421875 0.40252685546875
0.00786590576171875 0.0133113861083984 0.43804931640625 0.473236083984375
-0.00649547576904297 0.00279426574707031 0.3314208984375 0.461395263671875
0.0170154571533203 0.00457096099853516 0.211456298828125 0.289154052734375
0.0215873718261719 0.0126953125 0.0776214599609375 0.0642547607421875
0.0187740325927734 0.0123310089111328 -0.0905609130859375 -0.1929931640625
0.0166435241699219 0.00134849548339844 -0.283905029296875 -0.389007568359375
0.0216560363769531 0.0107440948486328 -0.527557373046875 -0.427398681640625
0.0226707458496094 -0.00485992431640625 -0.65283203125 -0.424072265625
0.0264949798583984 0.00624275207519531 -0.6048583984375 -0.4947509765625
0.0173940658569336 0.00924587249755859 -0.423492431640625 -0.332763671875
0.0109748840332031 0.0264377593994141 -0.131309509277344 -0.0620880126953125
-0.00783920288085938 0.0666275024414063 0.14501953125 -0.036712646484375
0.00857925415039063 0.0594024658203125 0.389373779296875 0.298828125
0.0451431274414062 -0.00321578979492187 0.60870361328125 0.38287353515625
0.0162734985351563 -0.0184040069580078 0.62286376953125 0.43511962890625
-0.0212230682373047 0.00718116760253907 0.431793212890625 0.492767333984375
-0.0246963500976563 0.0266685485839844 0.32208251953125 0.464080810546875
0.0180683135986328 0.0315017700195313 0.20526123046875 0.277130126953125
0.0250988006591797 0.0336818695068359 0.0711441040039063 0.0489349365234375
0.0230331420898438 0.0389671325683594 -0.102706909179688 -0.202316284179688
0.00814628601074219 0.0265655517578125 -0.297088623046875 -0.38665771484375
-0.00276565551757813 0.0203342437744141 -0.540252685546875 -0.40863037109375
0.00217819213867187 -0.019012451171875 -0.66229248046875 -0.39605712890625
0.0416603088378906 -0.0209236145019531 -0.61578369140625 -0.467529296875
0.0472450256347656 0.014007568359375 -0.425445556640625 -0.320465087890625
0.0159263610839844 0.060455322265625 -0.129051208496094 -0.0551910400390625
-0.0122451782226562 0.0993423461914062 0.139564514160156 -0.0211868286132812
0.0327301025390625 0.0746917724609375 0.37939453125 0.31243896484375
0.0672264099121094 -0.0238914489746094 0.5936279296875 0.41290283203125
0.00537490844726562 -0.0432586669921875 0.61480712890625 0.4739990234375
-0.0468292236328125 0.00293350219726563 0.434478759765625 0.5091552734375
-0.0395278930664062 0.046478271484375 0.32012939453125 0.458526611328125
0.0192985534667969 0.0511474609375 0.194869995117188 0.257781982421875
0.0268440246582031 0.0484962463378906 0.0587234497070313 0.0288200378417969
0.0243377685546875 0.0577583312988281 -0.118850708007812 -0.217636108398438
-0.00201797485351562 0.0428543090820313 -0.3128662109375 -0.390625
-0.0255184173583984 0.0240726470947266 -0.547393798828125 -0.39837646484375
-0.0148429870605469 -0.0365066528320313 -0.66552734375 -0.37115478515625
0.0560798645019531 -0.0448722839355469 -0.6229248046875 -0.44091796875
0.0739059448242188 0.0197830200195313 -0.42755126953125 -0.306060791015625
0.0178909301757813 0.0903396606445313 -0.126174926757813 -0.040618896484375
-0.00736236572265626 0.117485046386719 0.130462646484375 -0.000953674316406243
0.0521163940429688 0.073486328125 0.36773681640625 0.32586669921875
0.07159423828125 -0.0454940795898438 0.5794677734375 0.4444580078125
-0.0114631652832031 -0.0582122802734375 0.6165771484375 0.5103759765625
-0.0653915405273438 0.00375366210937501 0.443817138671875 0.5169677734375
-0.0467758178710938 0.0578880310058594 0.319061279296875 0.441650390625
0.0199317932128906 0.0594558715820312 0.180877685546875 0.232559204101562
0.027801513671875 0.0547676086425781 0.0424919128417969 0.00518798828125
0.0221977233886719 0.06866455078125 -0.135711669921875 -0.238021850585937
-0.0147438049316406 0.0517196655273437 -0.321319580078125 -0.404510498046875
-0.0474357604980469 0.0212821960449219 -0.544952392578125 -0.39520263671875
-0.0267601013183594 -0.0543289184570313 -0.65850830078125 -0.352294921875
0.0707855224609375 -0.0612564086914063 -0.6275634765625 -0.414794921875
0.0919113159179688 0.0300674438476563 -0.425079345703125 -0.29022216796875
0.0135650634765625 0.112319946289063 -0.125518798828125 -0.0199127197265625
0.00405120849609374 -0.0841522216796875 0.108100891113281 0.0110702514648437
-0.114219665527344 -0.0107574462890625 0.382415771484375 0.289642333984375
-0.0551071166992188 0.0749969482421875 0.61749267578125 0.34478759765625
0.0455093383789063 0.0625114440917969 0.685791015625 0.38287353515625
0.0706863403320313 -0.0096435546875 0.515625 0.422576904296875
0.0137786865234375 -0.0855026245117188 0.3751220703125 0.381561279296875
-0.00755310058593749 -0.0919265747070313 0.198516845703125 0.229095458984375
0.0086212158203125 -0.0758743286132813 0.0424003601074219 0.0358619689941406
0.0041961669921875 -0.0890426635742188 -0.109832763671875 -0.2303466796875
0.047088623046875 -0.086181640625 -0.2626953125 -0.45721435546875
0.0869140625 -0.0178070068359375 -0.467681884765625 -0.49493408203125
0.0512199401855469 0.04522705078125 -0.58642578125 -0.47027587890625
-0.0509910583496094 0.0548171997070313 -0.56060791015625 -0.510101318359375
-0.0746002197265625 -0.0447006225585937 -0.40679931640625 -0.324066162109375
0.0118942260742188 -0.0796737670898438 -0.1431884765625 -0.00520324707031252
0.01214599609375 -0.076080322265625 0.113967895507813 -0.0137176513671875
-0.101486206054688 -0.019195556640625 0.385101318359375 0.27886962890625
-0.0579833984375 0.0660438537597656 0.6199951171875 0.328125
0.0385894775390625 0.0683975219726563 0.67144775390625 0.36834716796875
0.0704803466796875 0.00655364990234375 0.496917724609375 0.42852783203125
0.0225601196289063 -0.0723495483398438 0.36920166015625 0.40576171875
0.000679016113281256 -0.0792388916015625 0.21002197265625 0.25390625
0.0113868713378906 -0.0605316162109375 0.0592727661132813 0.0556144714355469
0.00618743896484376 -0.072845458984375 -0.09765625 -0.207412719726563
0.0404205322265625 -0.0730743408203125 -0.263214111328125 -0.432647705078125
0.0806732177734375 -0.0187606811523437 -0.483184814453125 -0.482391357421875
0.0588226318359375 0.0364532470703125 -0.60333251953125 -0.4754638671875
-0.031280517578125 0.0597915649414062 -0.564208984375 -0.524658203125
-0.0659065246582031 -0.0254135131835937 -0.40460205078125 -0.33648681640625
0.0062408447265625 -0.0652542114257813 -0.136375427246094 -0.0295867919921875
0.0170211791992188 -0.05377197265625 0.124748229980469 -0.0333633422851563
-0.0769119262695313 -0.0146484375 0.391510009765625 0.276092529296875
-0.0456924438476562 0.0481414794921875 0.62335205078125 0.32354736328125
0.0295028686523438 0.0605278015136719 0.65692138671875 0.3643798828125
0.0574531555175781 0.0158348083496094 0.47564697265625 0.438385009765625
0.0207862854003906 -0.0495948791503906 0.358734130859375 0.42669677734375
0.00806808471679687 -0.0559005737304687 0.217376708984375 0.274520874023438
0.0138511657714844 -0.0382537841796875 0.0713119506835938 0.067230224609375
0.00923538208007813 -0.0459976196289062 -0.0887908935546875 -0.19384765625
0.0319328308105469 -0.0514564514160156 -0.267730712890625 -0.409423828125
0.0648155212402344 -0.0124702453613281 -0.498687744140625 -0.46234130859375
0.054473876953125 0.02178955078125 -0.62298583984375 -0.46466064453125
-0.00880813598632812 0.0503883361816406 -0.574462890625 -0.52593994140625
-0.0435523986816406 -0.0087890625 -0.40972900390625 -0.342254638671875
0.00316238403320312 -0.0391159057617188 -0.133583068847656 -0.0484542846679688
0.0140266418457031 -0.0181484222412109 0.135665893554688 -0.0433578491210938
-0.0485115051269531 0.00293731689453125 0.394256591796875 0.277099609375
-0.0189323425292969 0.0290374755859375 0.62225341796875 0.3326416015625
0.0245780944824219 0.0391578674316406 0.642333984375 0.3726806640625
0.0346469879150391 0.0174140930175781 0.451568603515625 0.44903564453125
0.0110416412353516 -0.0236015319824219 0.3431396484375 0.446075439453125
0.0127754211425781 -0.0276050567626953 0.21624755859375 0.28515625
0.0177383422851563 -0.0127182006835938 0.0774154663085938 0.0703811645507812
0.0135335922241211 -0.0155792236328125 -0.0866851806640625 -0.188186645507812
0.0240154266357422 -0.0250930786132813 -0.27294921875 -0.39312744140625
0.0441207885742188 -0.00188446044921875 -0.512359619140625 -0.43975830078125
0.0401649475097656 0.008758544921875 -0.63641357421875 -0.44378662109375
0.0100460052490234 0.0303707122802734 -0.58953857421875 -0.5123291015625
-0.0146150588989258 0.00244140625 -0.41656494140625 -0.33892822265625
0.00614643096923828 -0.00790596008300781 -0.131729125976563 -0.0598983764648437
0.00276756286621094 0.0245437622070313 0.143112182617188 -0.04571533203125
-0.0190982818603516 0.0321941375732422 0.393798828125 0.285614013671875
0.0143260955810547 0.0138740539550781 0.61865234375 0.35235595703125
0.0212898254394531 0.0111637115478516 0.630126953125 0.395263671875
0.0076751708984375 0.0126266479492188 0.4356689453125 0.468902587890625
-0.00605344772338867 0.00338983535766602 0.330169677734375 0.457550048828125
0.0164880752563477 0.00444698333740234 0.21087646484375 0.28680419921875
0.0224132537841797 0.0120449066162109 0.07818603515625 0.0638427734375
0.0184307098388672 0.0127906799316406 -0.09100341796875 -0.19158935546875
0.0163106918334961 0.00233840942382812 -0.284027099609375 -0.384674072265625
0.0210971832275391 0.0104789733886719 -0.525360107421875 -0.419097900390625
0.0222721099853516 -0.00496482849121094 -0.650146484375 -0.417724609375
0.0260868072509766 0.00524139404296875 -0.60321044921875 -0.4876708984375
0.0174407958984375 0.00931167602539063 -0.4222412109375 -0.32879638671875
0.0119895935058594 0.0264759063720703 -0.129425048828125 -0.0616378784179687
-0.00641250610351563 0.0652351379394531 0.1435546875 -0.037200927734375
0.00798034667968751 0.0588188171386719 0.3876953125 0.296875
0.04541015625 -0.00284576416015625 0.60699462890625 0.376708984375
0.0162506103515625 -0.0186862945556641 0.62078857421875 0.4259033203125
-0.0207920074462891 0.00774574279785156 0.4312744140625 0.484405517578125
-0.0242233276367188 0.0264759063720703 0.323455810546875 0.460601806640625
0.0179271697998047 0.0318508148193359 0.203994750976563 0.27545166015625
0.0259552001953125 0.0339698791503906 0.0719146728515625 0.0482940673828125
0.0221443176269531 0.0388069152832031 -0.102828979492188 -0.200790405273437
0.00806999206542969 0.0257835388183594 -0.295745849609375 -0.3817138671875
-0.00207138061523437 0.02044677734375 -0.537384033203125 -0.401275634765625
0.00276565551757813 -0.0197029113769531 -0.6591796875 -0.3895263671875
0.0406875610351563 -0.0205650329589844 -0.61590576171875 -0.462646484375
0.0479393005371094 0.0130729675292969 -0.4237060546875 -0.3170166015625
0.0167732238769531 0.0588226318359375 -0.12713623046875 -0.0552597045898438
-0.010498046875 0.0984725952148437 0.136917114257813 -0.021392822265625
0.0325164794921875 0.0745315551757813 0.379058837890625 0.3104248046875
0.0665550231933594 -0.0234375 0.59197998046875 0.40802001953125
0.00469970703125 -0.043731689453125 0.61395263671875 0.46807861328125
-0.0468177795410156 0.00329971313476563 0.433807373046875 0.502960205078125
-0.038726806640625 0.0467338562011719 0.31939697265625 0.454132080078125
0.0186614990234375 0.0510597229003906 0.194229125976563 0.255386352539063
0.0275535583496094 0.0482978820800781 0.0587615966796875 0.0286750793457031
0.0249977111816406 0.0580215454101563 -0.118621826171875 -0.216323852539062
-0.00258255004882812 0.0428657531738281 -0.31182861328125 -0.386627197265625
-0.025848388671875 0.0249214172363281 -0.544677734375 -0.3919677734375
-0.0156211853027344 -0.0364341735839844 -0.6619873046875 -0.36529541015625
0.0550498962402344 -0.045135498046875 -0.62274169921875 -0.43365478515625
0.0738906860351563 0.0197372436523438 -0.4254150390625 -0.301177978515625
0.0176849365234375 0.0885696411132813 -0.124038696289063 -0.0402679443359375
-0.00665283203125001 0.117103576660156 0.127777099609375 -0.00151824951171874
0.0528411865234375 0.0725860595703125 0.3663330078125 0.32470703125
0.070709228515625 -0.0461502075195313 0.57806396484375 0.4383544921875
-0.0122642517089844 -0.0587806701660156 0.6143798828125 0.50408935546875
-0.0646324157714844 0.00345993041992187 0.44256591796875 0.51214599609375
-0.04608154296875 0.0587921142578125 0.317169189453125 0.4378662109375
0.0198020935058594 0.0590095520019531 0.180984497070313 0.230010986328125
0.0277175903320312 0.0549583435058594 0.0433616638183594 0.00472640991210938
0.0229949951171875 0.0686988830566406 -0.136123657226562 -0.236160278320313
-0.0139694213867187 0.0522270202636719 -0.32073974609375 -0.400054931640625
-0.0468635559082031 0.02197265625 -0.542572021484375 -0.390625
-0.0274543762207031 -0.0549812316894531 -0.65576171875 -0.34722900390625
0.0703353881835938 -0.0612564086914063 -0.6256103515625 -0.40826416015625
0.0924758911132813 0.0292739868164063 -0.42279052734375 -0.28753662109375
0.01385498046875 0.11151123046875 -0.123001098632813 -0.0201797485351562
0.00435638427734376 -0.0855255126953125 0.106101989746094 0.0106277465820312
-0.113922119140625 -0.0101318359375 0.3782958984375 0.28863525390625
-0.0546875 0.076141357421875 0.61260986328125 0.3406982421875
0.0460853576660156 0.0618057250976563 0.68316650390625 0.37689208984375
0.07122802734375 -0.00988006591796875 0.51385498046875 0.417022705078125
0.0136184692382813 -0.0858383178710938 0.37274169921875 0.3765869140625
-0.00801086425781251 -0.0917205810546875 0.19781494140625 0.227294921875
0.00853729248046875 -0.0757217407226563 0.0435295104980469 0.0353202819824219
0.00400543212890625 -0.0892333984375 -0.109039306640625 -0.22882080078125
0.0458984375 -0.086456298828125 -0.26025390625 -0.4530029296875
0.0869674682617188 -0.0185699462890625 -0.465789794921875 -0.48968505859375
0.052459716796875 0.0444488525390625 -0.5850830078125 -0.46453857421875
-0.0505180358886719 0.0538406372070312 -0.559234619140625 -0.504150390625
-0.0750579833984375 -0.0449066162109375 -0.405029296875 -0.321563720703125
0.011260986328125 -0.079986572265625 -0.14208984375 -0.00610351562499998
0.012298583984375 -0.0776443481445312 0.111351013183594 -0.0137252807617188
-0.101791381835938 -0.0181503295898438 0.383087158203125 0.27734375
-0.0575790405273437 0.0660743713378906 0.61505126953125 0.3245849609375
0.0391273498535156 0.0680389404296875 0.667236328125 0.36358642578125
0.0704421997070313 0.0043792724609375 0.493927001953125 0.424224853515625
0.0216217041015625 -0.0719528198242188 0.3671875 0.402069091796875
-0.000373840332031256 -0.0787353515625 0.210113525390625 0.252349853515625
0.0111083984375 -0.0610771179199219 0.0596847534179688 0.0550346374511719
0.00565338134765625 -0.0715103149414063 -0.097259521484375 -0.206344604492188
0.0403823852539063 -0.0739593505859375 -0.262542724609375 -0.429412841796875
0.0806198120117188 -0.0188217163085938 -0.481109619140625 -0.476593017578125
0.0587158203125 0.0353050231933594 -0.60235595703125 -0.46978759765625
-0.0301933288574219 0.0596961975097656 -0.56304931640625 -0.520263671875
-0.0658454895019531 -0.0251998901367187 -0.403717041015625 -0.334808349609375
0.00580596923828125 -0.0647811889648438 -0.135665893554688 -0.029052734375
0.0178794860839844 -0.0548324584960938 0.121894836425781 -0.0336456298828125
-0.0774078369140625 -0.0146026611328125 0.388397216796875 0.27313232421875
-0.0449256896972656 0.048248291015625 0.6207275390625 0.32110595703125
0.0303535461425781 0.0596580505371094 0.65399169921875 0.35809326171875
0.0573806762695313 0.0152931213378906 0.472412109375 0.432952880859375
0.021240234375 -0.05059814453125 0.357696533203125 0.42425537109375
0.00667190551757813 -0.0559501647949219 0.216476440429688 0.271728515625
0.0146026611328125 -0.0383644104003906 0.072021484375 0.0668182373046875
0.00878143310546875 -0.0463218688964844 -0.087860107421875 -0.192245483398438
0.0315132141113281 -0.0516929626464844 -0.267059326171875 -0.406341552734375
0.0648078918457031 -0.0130615234375 -0.4964599609375 -0.455108642578125
0.0538215637207031 0.0215492248535156 -0.61944580078125 -0.46038818359375
-0.00870513916015624 0.049774169921875 -0.57147216796875 -0.5201416015625
-0.0439491271972656 -0.00822448730468749 -0.407073974609375 -0.33905029296875
0.00428009033203125 -0.0401077270507812 -0.131645202636719 -0.0486907958984375
0.0133056640625 -0.01904296875 0.133720397949219 -0.0445709228515625
-0.0482635498046875 0.00399398803710937 0.392913818359375 0.27587890625
-0.0191001892089844 0.0298805236816406 0.620361328125 0.3277587890625
0.0237045288085938 0.0386962890625 0.639892578125 0.3690185546875
0.0353546142578125 0.0175590515136719 0.451385498046875 0.447235107421875
0.0107975006103516 -0.0237312316894531 0.340301513671875 0.443450927734375
0.0122718811035156 -0.0270328521728516 0.215118408203125 0.283447265625
0.0177955627441406 -0.0128936767578125 0.0783157348632813 0.0694656372070313
0.0133323669433594 -0.0168037414550781 -0.0851593017578125 -0.187271118164062
0.0234546661376953 -0.0247058868408203 -0.271026611328125 -0.390655517578125
0.0440559387207031 -0.00228118896484375 -0.508270263671875 -0.434722900390625
0.0402679443359375 0.00771331787109375 -0.6337890625 -0.43829345703125
0.0108013153076172 0.0305614471435547 -0.587646484375 -0.507080078125
-0.0139522552490234 0.002593994140625 -0.414886474609375 -0.33575439453125
0.00574731826782227 -0.00740909576416016 -0.129768371582031 -0.0593490600585937
0.00423622131347656 0.0234718322753906 0.140625 -0.0457000732421875
-0.0193328857421875 0.0316123962402344 0.39068603515625 0.28497314453125
0.0138397216796875 0.0138921737670898 0.6171875 0.349365234375
0.020660400390625 0.0109405517578125 0.62750244140625 0.3892822265625
0.00726413726806641 0.0128364562988281 0.43463134765625 0.463409423828125
-0.00598239898681641 0.00306510925292969 0.327972412109375 0.453887939453125
0.0160503387451172 0.00425243377685547 0.211212158203125 0.28485107421875
0.0221366882324219 0.0119800567626953 0.078887939453125 0.0632705688476563
0.018310546875 0.0131034851074219 -0.0901947021484375 -0.18975830078125
0.0165510177612305 0.002105712890625 -0.281951904296875 -0.380462646484375
0.0212421417236328 0.01019287109375 -0.5223388671875 -0.41455078125
0.0214920043945313 -0.00597953796386719 -0.647216796875 -0.41314697265625
0.0263442993164063 0.0049591064453125 -0.6007080078125 -0.48406982421875
0.0179538726806641 0.00922584533691406 -0.41937255859375 -0.32745361328125
0.0119056701660156 0.0260200500488281 -0.128868103027344 -0.0626602172851562
-0.00584411621093751 0.0647354125976563 0.140899658203125 -0.0377197265625
0.00835037231445312 0.0586395263671875 0.38714599609375 0.294036865234375
0.0451164245605469 -0.003662109375 0.6046142578125 0.37261962890625
0.0163345336914063 -0.0184574127197266 0.6182861328125 0.42205810546875
-0.0201187133789063 0.006317138671875 0.42974853515625 0.47991943359375
-0.0237922668457031 0.0273284912109375 0.320343017578125 0.4569091796875
0.0179462432861328 0.0314807891845703 0.20489501953125 0.272872924804688
0.0249500274658203 0.0330982208251953 0.072418212890625 0.0477218627929688
0.0231437683105469 0.0384712219238281 -0.10205078125 -0.198577880859375
0.00885963439941406 0.0261497497558594 -0.29498291015625 -0.37841796875
-0.00210380554199219 0.0203533172607422 -0.534332275390625 -0.398468017578125
0.00232505798339844 -0.0196456909179687 -0.65582275390625 -0.385498046875
0.0406112670898438 -0.0214996337890625 -0.60968017578125 -0.45751953125
0.0481300354003906 0.013031005859375 -0.422393798828125 -0.314971923828125
0.0167999267578125 0.0593986511230469 -0.125885009765625 -0.0548858642578125
-0.0101242065429687 0.0969467163085938 0.134231567382813 -0.0226364135742187
0.032928466796875 0.0735702514648438 0.37652587890625 0.308349609375
0.0660285949707031 -0.0242080688476563 0.59112548828125 0.4031982421875
0.00411224365234375 -0.0438003540039063 0.6109619140625 0.46112060546875
-0.0466384887695313 0.00284957885742187 0.43170166015625 0.496002197265625
-0.0381736755371094 0.0466079711914062 0.31768798828125 0.450592041015625
0.019378662109375 0.0508956909179688 0.193313598632813 0.25408935546875
0.0278511047363281 0.0481948852539062 0.0598793029785156 0.0273780822753906
0.024993896484375 0.0573921203613281 -0.11822509765625 -0.214920043945313
-0.00192642211914063 0.0433273315429688 -0.309326171875 -0.3826904296875
-0.0258026123046875 0.0251636505126953 -0.541107177734375 -0.387664794921875
-0.0155525207519531 -0.036376953125 -0.65899658203125 -0.35955810546875
0.0552825927734375 -0.0454864501953125 -0.61859130859375 -0.4300537109375
0.0741348266601563 0.0194931030273438 -0.42376708984375 -0.29974365234375
0.0188064575195313 0.0883026123046875 -0.122047424316406 -0.040740966796875
-0.00588226318359375 0.116744995117188 0.125602722167969 -0.00104522705078124
0.0528945922851562 0.0725936889648438 0.363861083984375 0.3223876953125
0.0707778930664063 -0.045440673828125 0.5758056640625 0.43438720703125
-0.012115478515625 -0.0591011047363281 0.61309814453125 0.49786376953125
-0.0653114318847656 0.00366973876953124 0.440582275390625 0.507568359375
-0.0455513000488281 0.0591964721679687 0.315643310546875 0.435546875
0.0197677612304687 0.058563232421875 0.179763793945313 0.2281494140625
0.0284843444824219 0.0534706115722656 0.0435791015625 0.00461959838867188
0.0235519409179688 0.0683326721191406 -0.135604858398437 -0.234390258789063
-0.0136489868164063 0.0526084899902344 -0.318267822265625 -0.3953857421875
-0.0462608337402344 0.0221214294433594 -0.53857421875 -0.38525390625
-0.027618408203125 -0.0554275512695313 -0.65301513671875 -0.3428955078125
0.0690498352050781 -0.0625648498535156 -0.6224365234375 -0.4052734375
0.0914840698242188 0.02947998046875 -0.420867919921875 -0.286041259765625
0.0150604248046875 0.110946655273438 -0.121543884277344 -0.0205535888671875
0.00479888916015625 -0.0866317749023438 0.1048583984375 0.01141357421875
-0.113899230957031 -0.00983428955078124 0.376678466796875 0.287628173828125
-0.0538787841796875 0.075469970703125 0.610595703125 0.3380126953125
0.045867919921875 0.0609626770019531 0.67864990234375 0.373046875
0.0711441040039062 -0.0103836059570312 0.51116943359375 0.413543701171875
0.0134353637695313 -0.0857391357421875 0.369140625 0.375152587890625
-0.0092926025390625 -0.0919189453125 0.196426391601563 0.226348876953125
0.00828552246093749 -0.0749053955078125 0.0436859130859375 0.0357437133789062
0.00328826904296874 -0.088287353515625 -0.10882568359375 -0.22772216796875
0.0453414916992188 -0.0855636596679688 -0.259674072265625 -0.44989013671875
0.0864486694335938 -0.0194625854492188 -0.464111328125 -0.48699951171875
0.0528640747070313 0.0446052551269531 -0.580078125 -0.4598388671875
-0.0502815246582031 0.0543060302734375 -0.55657958984375 -0.50323486328125
-0.0748062133789063 -0.0437393188476563 -0.403289794921875 -0.319793701171875
0.011505126953125 -0.0801239013671875 -0.140357971191406 -0.00555419921875001
0.012420654296875 -0.0794601440429687 0.110115051269531 -0.012603759765625
-0.101837158203125 -0.0182876586914063 0.38153076171875 0.276397705078125
-0.0561370849609375 0.0665092468261719 0.6142578125 0.3228759765625
0.0388908386230469 0.0677566528320313 0.6646728515625 0.3592529296875
0.0705184936523438 0.00377655029296875 0.491424560546875 0.4210205078125
0.0211715698242188 -0.0723800659179688 0.365386962890625 0.3995361328125
-0.000907897949218755 -0.0784988403320312 0.20855712890625 0.251312255859375
0.0101966857910156 -0.060577392578125 0.0590591430664063 0.0550308227539063
0.00510406494140624 -0.0721282958984375 -0.09619140625 -0.206100463867188
0.0399017333984375 -0.0736083984375 -0.259521484375 -0.42547607421875
0.0803756713867188 -0.0191268920898438 -0.4783935546875 -0.473175048828125
0.0586395263671875 0.0343818664550781 -0.59735107421875 -0.4654541015625
-0.0306892395019531 0.0594024658203125 -0.558685302734375 -0.517547607421875
-0.0660972595214844 -0.0242156982421875 -0.402130126953125 -0.33221435546875
0.0056304931640625 -0.0657501220703125 -0.133949279785156 -0.0297012329101563
0.0180625915527344 -0.0560340881347656 0.120048522949219 -0.0328903198242187
-0.0778045654296875 -0.0147018432617188 0.385833740234375 0.271392822265625
-0.0451698303222656 0.0487251281738281 0.61859130859375 0.31817626953125
0.0297393798828125 0.0590171813964844 0.65216064453125 0.35516357421875
0.0577812194824219 0.0151901245117188 0.469970703125 0.430145263671875
0.0208473205566406 -0.0502738952636719 0.353179931640625 0.420989990234375
0.00659561157226563 -0.0556831359863281 0.214828491210938 0.27044677734375
0.0136909484863281 -0.0379104614257813 0.072174072265625 0.0667800903320313
0.00853729248046876 -0.0463066101074219 -0.087127685546875 -0.19146728515625
0.0317916870117188 -0.0520248413085938 -0.263885498046875 -0.40313720703125
0.0648689270019531 -0.013153076171875 -0.49371337890625 -0.451629638671875
0.0543479919433594 0.0213546752929688 -0.6158447265625 -0.45477294921875
-0.00853729248046875 0.0504646301269531 -0.5712890625 -0.517822265625
-0.0432395935058594 -0.008148193359375 -0.405487060546875 -0.337738037109375
0.00351333618164063 -0.0400199890136719 -0.130302429199219 -0.0480270385742188
0.0145435333251953 -0.0198554992675781 0.13140869140625 -0.0443801879882813
-0.0481224060058594 0.00394439697265625 0.390625 0.27471923828125
-0.0192432403564453 0.0300769805908203 0.6180419921875 0.32635498046875
0.0235557556152344 0.0386466979980469 0.6358642578125 0.36370849609375
0.0350723266601563 0.0172386169433594 0.447998046875 0.44317626953125
0.0107593536376953 -0.0236873626708984 0.338165283203125 0.4400634765625
0.0124416351318359 -0.0268516540527344 0.214874267578125 0.281585693359375
0.0180168151855469 -0.0129623413085938 0.079132080078125 0.0698623657226563
0.0134010314941406 -0.0163860321044922 -0.0843048095703125 -0.186660766601562
0.0231361389160156 -0.0251731872558594 -0.269500732421875 -0.38616943359375
0.0444831848144531 -0.00205230712890625 -0.505584716796875 -0.430908203125
0.0401725769042969 0.00722885131835937 -0.6298828125 -0.4349365234375
0.0106620788574219 0.0301170349121094 -0.58331298828125 -0.50469970703125
-0.0143423080444336 0.00304412841796875 -0.4127197265625 -0.333160400390625
0.00640487670898438 -0.00871658325195313 -0.128936767578125 -0.0594100952148437
0.00464630126953125 0.0218429565429688 0.138374328613281 -0.0457382202148438
-0.0190410614013672 0.0309047698974609 0.38946533203125 0.283233642578125
0.0141935348510742 0.0140504837036133 0.614990234375 0.3448486328125
0.0197467803955078 0.0102882385253906 0.62359619140625 0.38531494140625
0.00794315338134766 0.0119762420654297 0.432281494140625 0.459625244140625
-0.00563716888427734 0.00264739990234375 0.32476806640625 0.451812744140625
0.0150642395019531 0.00427722930908203 0.209716796875 0.2823486328125
0.0218086242675781 0.0117588043212891 0.0792388916015625 0.0623245239257813
0.0187015533447266 0.0134105682373047 -0.0886383056640625 -0.18914794921875
0.0157375335693359 0.00191211700439453 -0.27960205078125 -0.378509521484375
0.0206756591796875 0.0101108551025391 -0.5191650390625 -0.41021728515625
0.0221652984619141 -0.00560760498046875 -0.642333984375 -0.4083251953125
0.0260810852050781 0.00503349304199219 -0.5977783203125 -0.481689453125
0.0177459716796875 0.00919151306152344 -0.417724609375 -0.326141357421875
0.0119895935058594 0.0246257781982422 -0.12738037109375 -0.0620193481445312
-0.0052032470703125 0.0635108947753906 0.138389587402344 -0.0379791259765625
0.00789642333984374 0.0585174560546875 0.384796142578125 0.293487548828125
0.045318603515625 -0.00347137451171875 0.60284423828125 0.370361328125
0.0157871246337891 -0.0188522338867188 0.615234375 0.41680908203125
-0.0203151702880859 0.00601005554199219 0.426361083984375 0.4759521484375
-0.0237293243408203 0.0280685424804688 0.31903076171875 0.454925537109375
0.0177974700927734 0.0313072204589844 0.202651977539063 0.271774291992188
0.0256881713867188 0.0327701568603516 0.0726776123046875 0.047332763671875
0.0230445861816406 0.0382270812988281 -0.100540161132812 -0.19873046875
0.0084075927734375 0.0258731842041016 -0.29296875 -0.375823974609375
-0.00182342529296875 0.0202445983886719 -0.529510498046875 -0.394622802734375
0.00243377685546875 -0.0201263427734375 -0.6529541015625 -0.38134765625
0.040008544921875 -0.021484375 -0.60882568359375 -0.455078125
0.047027587890625 0.0131111145019531 -0.42132568359375 -0.3135986328125
0.0174446105957031 0.0580482482910156 -0.124397277832031 -0.054962158203125
-0.00946044921875001 0.0963821411132812 0.132476806640625 -0.0226669311523437
0.0327529907226563 0.0736465454101563 0.37469482421875 0.3072509765625
0.0662193298339844 -0.0241279602050781 0.58843994140625 0.39971923828125
0.00367355346679688 -0.043914794921875 0.60821533203125 0.45721435546875
-0.0463523864746094 0.00258255004882812 0.427398681640625 0.494049072265625
-0.0383758544921875 0.0473365783691406 0.315093994140625 0.44744873046875
0.0193901062011719 0.050628662109375 0.192626953125 0.25177001953125
0.0279541015625 0.0480117797851562 0.0602760314941406 0.0270957946777344
0.0257339477539062 0.0578804016113281 -0.116867065429688 -0.212844848632813
-0.00128173828125 0.0432281494140625 -0.30706787109375 -0.382537841796875
-0.025360107421875 0.0255947113037109 -0.537322998046875 -0.38433837890625
-0.0149421691894531 -0.03704833984375 -0.6549072265625 -0.35626220703125
0.0542793273925781 -0.0461540222167969 -0.6153564453125 -0.42791748046875
0.0737533569335938 0.01934814453125 -0.42156982421875 -0.298065185546875
0.0186004638671875 0.0871658325195313 -0.121231079101563 -0.04107666015625
-0.00490570068359374 0.115364074707031 0.123687744140625 -0.000854492187499993
0.0522308349609375 0.0724868774414063 0.3624267578125 0.321563720703125
0.0699234008789062 -0.0459709167480469 0.5743408203125 0.431640625
-0.0138816833496094 -0.0582389831542969 0.60858154296875 0.49383544921875
-0.0643463134765625 0.00315093994140624 0.438995361328125 0.503875732421875
-0.0442619323730469 0.0589790344238281 0.313018798828125 0.433074951171875
0.01971435546875 0.0585289001464844 0.17864990234375 0.226791381835937
0.0283699035644531 0.0540428161621094 0.0436134338378906 0.00482940673828125
0.0239944458007812 0.0679893493652344 -0.133941650390625 -0.2322998046875
-0.0131301879882813 0.0522537231445312 -0.31622314453125 -0.393035888671875
-0.0460548400878906 0.0226860046386719 -0.534698486328125 -0.3807373046875
-0.0274658203125 -0.0550308227539063 -0.6483154296875 -0.33795166015625
0.0692825317382813 -0.0617942810058594 -0.61846923828125 -0.40118408203125
0.0907516479492188 0.0281906127929688 -0.418914794921875 -0.284393310546875
0.0155715942382812 0.111137390136719 -0.12030029296875 -0.0207061767578125
0.00390625 -0.0875778198242187 0.102790832519531 0.0120620727539062
-0.113479614257813 -0.0103302001953125 0.37457275390625 0.28717041015625
-0.0539474487304687 0.075714111328125 0.609619140625 0.33599853515625
0.0459709167480469 0.0610733032226562 0.67669677734375 0.3709716796875
0.0712509155273438 -0.0119400024414062 0.50909423828125 0.411956787109375
0.013031005859375 -0.0855636596679688 0.3668212890625 0.37451171875
-0.00907135009765625 -0.0927581787109375 0.195480346679688 0.225845336914063
0.00844573974609375 -0.076080322265625 0.0441246032714844 0.0358963012695312
0.00241088867187501 -0.089080810546875 -0.108291625976562 -0.226486206054688
0.0457839965820312 -0.0854568481445312 -0.2576904296875 -0.44781494140625
0.0867767333984375 -0.0194091796875 -0.460784912109375 -0.483245849609375
0.0536422729492188 0.0436897277832031 -0.57891845703125 -0.45697021484375
-0.0503044128417969 0.0545806884765625 -0.553192138671875 -0.4996337890625
-0.0751266479492188 -0.0434036254882812 -0.40118408203125 -0.320159912109375
0.011444091796875 -0.08074951171875 -0.139152526855469 -0.005584716796875
0.0131607055664062 -0.0799560546875 0.107467651367188 -0.0131759643554688
-0.102249145507813 -0.0181503295898437 0.379638671875 0.275390625
-0.0553321838378906 0.0672416687011719 0.61163330078125 0.32098388671875
0.0387077331542969 0.0669097900390625 0.66241455078125 0.35675048828125
0.0708999633789063 0.0037841796875 0.489105224609375 0.418212890625
0.0216751098632813 -0.0723953247070313 0.362884521484375 0.3978271484375
-0.00193786621093749 -0.0784912109375 0.207839965820313 0.250076293945313
0.0107040405273437 -0.06103515625 0.0599632263183594 0.0543708801269531
0.0050811767578125 -0.071502685546875 -0.0950927734375 -0.205413818359375
0.0394973754882813 -0.073272705078125 -0.258148193359375 -0.424652099609375
0.0805206298828125 -0.0192184448242188 -0.475128173828125 -0.469146728515625
0.0590705871582031 0.034515380859375 -0.594970703125 -0.46380615234375
-0.0306282043457031 0.0593795776367187 -0.557342529296875 -0.516143798828125
-0.0655784606933594 -0.024566650390625 -0.399566650390625 -0.33209228515625
0.00556182861328124 -0.0662345886230469 -0.132675170898438 -0.0293426513671875
0.0174560546875 -0.0568351745605469 0.118972778320312 -0.0326080322265625
-0.0774993896484375 -0.0141983032226563 0.385101318359375 0.272216796875
-0.0445594787597656 0.0492362976074219 0.6148681640625 0.31573486328125
0.0298194885253906 0.0595626831054687 0.6490478515625 0.3531494140625
0.05853271484375 0.0138168334960938 0.467315673828125 0.428558349609375
0.0207252502441406 -0.0496597290039063 0.352264404296875 0.420013427734375
0.00639724731445312 -0.0561256408691406 0.214614868164063 0.269439697265625
0.0139427185058594 -0.0389938354492187 0.0722503662109375 0.0655517578125
0.00788879394531251 -0.0457878112792969 -0.087066650390625 -0.190689086914063
0.0309562683105469 -0.0509414672851563 -0.2620849609375 -0.400787353515625
0.0644989013671875 -0.0135536193847656 -0.49114990234375 -0.4482421875
0.0545806884765625 0.020050048828125 -0.612548828125 -0.45361328125
-0.00818252563476563 0.0501785278320313 -0.56707763671875 -0.51605224609375
-0.0434112548828125 -0.0080413818359375 -0.404693603515625 -0.337799072265625
0.00397872924804688 -0.040557861328125 -0.129402160644531 -0.049072265625
0.01434326171875 -0.0214786529541016 0.129928588867188 -0.0432510375976563
-0.0481719970703125 0.00350189208984375 0.38787841796875 0.274688720703125
-0.0187282562255859 0.0301265716552734 0.6175537109375 0.32513427734375
0.0234031677246094 0.0384521484375 0.63348388671875 0.362548828125
0.03564453125 0.0159378051757812 0.445831298828125 0.44000244140625
0.0107707977294922 -0.0242881774902344 0.336761474609375 0.43896484375
0.0115108489990234 -0.0270366668701172 0.213836669921875 0.28118896484375
0.0174474716186523 -0.0137500762939453 0.0796966552734375 0.0685577392578125
0.0135002136230469 -0.0170125961303711 -0.08349609375 -0.1856689453125
0.0235080718994141 -0.0242233276367188 -0.266845703125 -0.38555908203125
0.0437774658203125 -0.00282669067382813 -0.5040283203125 -0.427215576171875
0.0403785705566406 0.00705718994140625 -0.62774658203125 -0.4337158203125
0.0109844207763672 0.0293655395507813 -0.58343505859375 -0.50018310546875
-0.0138797760009766 0.00263404846191406 -0.409637451171875 -0.33416748046875
0.00639629364013672 -0.00888252258300781 -0.127662658691406 -0.0602340698242188
0.00499916076660156 0.0212039947509766 0.136940002441406 -0.0451507568359375
-0.0196762084960937 0.031036376953125 0.387939453125 0.282440185546875
0.0141468048095703 0.013707160949707 0.61175537109375 0.34423828125
0.01971435546875 0.0106277465820313 0.62078857421875 0.3822021484375
0.00805187225341797 0.0122652053833008 0.43145751953125 0.457672119140625
-0.0057835578918457 0.00269222259521484 0.322967529296875 0.4512939453125
0.0148439407348633 0.00485801696777344 0.208984375 0.282012939453125
0.0222301483154297 0.0111446380615234 0.0788345336914063 0.0620193481445313
0.0184955596923828 0.0125083923339844 -0.0883941650390625 -0.1885986328125
0.0159120559692383 0.00270652770996094 -0.27685546875 -0.37664794921875
0.0210742950439453 0.00942802429199219 -0.516510009765625 -0.40777587890625
0.0228614807128906 -0.00640487670898438 -0.64105224609375 -0.406005859375
0.0264339447021484 0.00485038757324219 -0.59429931640625 -0.4788818359375
0.0180683135986328 0.00818634033203125 -0.416168212890625 -0.323883056640625
0.01190185546875 0.0251216888427734 -0.126380920410156 -0.0622634887695313
-0.0045928955078125 0.0621795654296875 0.136550903320313 -0.0371856689453125
0.00732040405273438 0.0576324462890625 0.382080078125 0.29266357421875
0.0456008911132812 -0.00315475463867187 0.6002197265625 0.369384765625
0.01495361328125 -0.0187320709228516 0.61090087890625 0.4151611328125
-0.0201225280761719 0.00617218017578125 0.42388916015625 0.474090576171875
-0.0232887268066406 0.0274791717529297 0.316558837890625 0.45281982421875
0.0171394348144531 0.0310497283935547 0.202484130859375 0.271408081054688
0.0258293151855469 0.0324649810791016 0.0726165771484375 0.0469589233398437
0.023651123046875 0.0390663146972656 -0.099395751953125 -0.197372436523438
0.0087432861328125 0.0264205932617188 -0.290435791015625 -0.373779296875
-0.00213432312011719 0.020904541015625 -0.5289306640625 -0.3914794921875
0.00280952453613281 -0.0209941864013672 -0.64849853515625 -0.37890625
0.0398750305175781 -0.0219154357910156 -0.60577392578125 -0.45172119140625
0.0478172302246094 0.0124282836914062 -0.41876220703125 -0.31134033203125
0.0173759460449219 0.0581169128417969 -0.123321533203125 -0.0554428100585938
-0.00888824462890625 0.0951004028320313 0.130409240722656 -0.0216064453125
0.032989501953125 0.0728378295898438 0.372711181640625 0.3062744140625
0.0661125183105469 -0.0242271423339844 0.58660888671875 0.39837646484375
0.002899169921875 -0.0440788269042969 0.60479736328125 0.45501708984375
-0.0458526611328125 0.00232696533203126 0.427215576171875 0.49200439453125
-0.0373306274414063 0.0467109680175781 0.312469482421875 0.44683837890625
0.0188751220703125 0.0502395629882813 0.192123413085938 0.25164794921875
0.0281524658203125 0.0473976135253906 0.0603446960449219 0.026641845703125
0.0259208679199219 0.0577468872070313 -0.116119384765625 -0.211929321289062
-0.00151443481445312 0.04376220703125 -0.303375244140625 -0.37884521484375
-0.0253543853759766 0.0252799987792969 -0.53466796875 -0.38134765625
-0.0154342651367188 -0.037506103515625 -0.65289306640625 -0.35406494140625
0.0540428161621094 -0.0459785461425781 -0.61468505859375 -0.42523193359375
0.0736770629882813 0.0187225341796875 -0.419677734375 -0.298126220703125
0.0193710327148437 0.0867843627929688 -0.119880676269531 -0.0412368774414063
-0.00457000732421876 0.114578247070313 0.121414184570313 -0.00171661376953124
0.0523529052734375 0.0718307495117187 0.36151123046875 0.322265625
0.070098876953125 -0.0464057922363281 0.57232666015625 0.428955078125
-0.013519287109375 -0.0591850280761719 0.6072998046875 0.49114990234375
-0.0637626647949219 0.00413131713867186 0.435333251953125 0.500091552734375
-0.0442085266113281 0.0600471496582031 0.311767578125 0.43182373046875
0.0201988220214844 0.058746337890625 0.178421020507812 0.225982666015625
0.0284881591796875 0.0536346435546875 0.0442924499511719 0.00357437133789063
0.0249748229980469 0.0686874389648438 -0.133071899414062 -0.230987548828125
-0.0135726928710937 0.0528030395507813 -0.313629150390625 -0.392547607421875
-0.0459442138671875 0.0227394104003906 -0.53173828125 -0.37945556640625
-0.0281524658203125 -0.0558052062988281 -0.64453125 -0.3369140625
0.0692367553710938 -0.0622520446777344 -0.616943359375 -0.39984130859375
0.0912704467773438 0.028411865234375 -0.41595458984375 -0.28326416015625
0.0149002075195313 0.109947204589844 -0.11944580078125 -0.0213165283203125
0.00421905517578126 -0.0890731811523438 0.100875854492188 0.012451171875
-0.114364624023438 -0.0102462768554688 0.373748779296875 0.28680419921875
-0.052490234375 0.0761489868164063 0.60748291015625 0.33612060546875
0.0457191467285156 0.0605125427246094 0.6746826171875 0.36810302734375
0.0710906982421875 -0.0118255615234375 0.505462646484375 0.41094970703125
0.0133285522460937 -0.0847930908203125 0.36358642578125 0.373443603515625
-0.0107192993164062 -0.0913009643554688 0.19415283203125 0.225616455078125
0.00786590576171876 -0.0761795043945313 0.0435562133789063 0.0356292724609375
0.00237274169921875 -0.087982177734375 -0.107894897460938 -0.226531982421875
0.0455093383789063 -0.0858306884765625 -0.255462646484375 -0.4464111328125
0.0867385864257813 -0.0196456909179688 -0.4578857421875 -0.482391357421875
0.0533981323242188 0.0427398681640625 -0.57574462890625 -0.455810546875
-0.0503921508789063 0.0541114807128906 -0.552032470703125 -0.49688720703125
-0.0754318237304688 -0.0429916381835937 -0.400482177734375 -0.318756103515625
0.0114059448242188 -0.0819549560546875 -0.13836669921875 -0.00647735595703128
0.0127792358398438 -0.081207275390625 0.106544494628906 -0.0124359130859375
-0.102394104003906 -0.0178070068359375 0.378509521484375 0.277191162109375
-0.0555686950683594 0.0669593811035156 0.60986328125 0.32098388671875
0.0386085510253906 0.0671310424804688 0.65850830078125 0.35498046875
0.0710525512695313 0.00283050537109375 0.48675537109375 0.41668701171875
0.0211868286132813 -0.0723419189453125 0.36065673828125 0.3975830078125
-0.002471923828125 -0.0784378051757813 0.206573486328125 0.249359130859375
0.0107040405273437 -0.0610923767089844 0.0607566833496094 0.0543212890625
0.00450897216796875 -0.0711517333984375 -0.0942840576171875 -0.204437255859375
0.03857421875 -0.072540283203125 -0.2559814453125 -0.421966552734375
0.0804901123046875 -0.0201187133789063 -0.47161865234375 -0.467437744140625
0.0589370727539063 0.0339317321777344 -0.5927734375 -0.46142578125
-0.0301475524902344 0.059173583984375 -0.556610107421875 -0.513946533203125
-0.0649871826171875 -0.0237884521484375 -0.396942138671875 -0.331512451171875
0.0057525634765625 -0.0668830871582031 -0.131301879882813 -0.0303955078125
0.0180549621582031 -0.0583038330078125 0.116340637207031 -0.0321807861328125
-0.078125 -0.0151596069335938 0.383575439453125 0.273162841796875
-0.0447044372558594 0.0492820739746094 0.61328125 0.31549072265625
0.0304069519042969 0.0591773986816406 0.64501953125 0.3511962890625
0.0581588745117188 0.013885498046875 0.46478271484375 0.426727294921875
0.0211143493652344 -0.0499801635742187 0.350006103515625 0.4190673828125
0.00434494018554688 -0.0560646057128906 0.213760375976562 0.268997192382813
0.0135383605957031 -0.0397796630859375 0.073394775390625 0.0655059814453125
0.00790786743164063 -0.0462493896484375 -0.0854034423828125 -0.19061279296875
0.0314102172851563 -0.0514945983886719 -0.25897216796875 -0.399932861328125
0.0646133422851563 -0.0143928527832031 -0.487945556640625 -0.44781494140625
0.0543708801269531 0.0208549499511719 -0.61029052734375 -0.450927734375
-0.00774765014648438 0.0503768920898438 -0.5667724609375 -0.51513671875
-0.0432662963867187 -0.00788116455078125 -0.402587890625 -0.33563232421875
0.00432586669921875 -0.0410232543945313 -0.127792358398438 -0.0489959716796875
0.0148277282714844 -0.0220184326171875 0.127830505371094 -0.0434722900390625
-0.0486526489257812 0.00374603271484374 0.3861083984375 0.275238037109375
-0.0191707611083984 0.0302829742431641 0.6153564453125 0.32440185546875
0.0234375 0.0387420654296875 0.63079833984375 0.3603515625
0.0362777709960937 0.0162086486816406 0.443328857421875 0.438751220703125
0.0108356475830078 -0.0235729217529297 0.334259033203125 0.438079833984375
0.0111675262451172 -0.0274848937988281 0.213226318359375 0.28033447265625
0.0180072784423828 -0.0135555267333984 0.0795974731445312 0.0680999755859375
0.0129117965698242 -0.0166082382202148 -0.082672119140625 -0.185089111328125
0.0229892730712891 -0.0247001647949219 -0.264312744140625 -0.383270263671875
0.0437812805175781 -0.00237655639648438 -0.50030517578125 -0.4251708984375
0.0405807495117188 0.0064544677734375 -0.62591552734375 -0.43133544921875
0.0113525390625 0.0296859741210938 -0.5821533203125 -0.50006103515625
-0.013798713684082 0.00299835205078125 -0.408233642578125 -0.332550048828125
0.00676155090332031 -0.00959682464599609 -0.126991271972656 -0.060516357421875
0.00422096252441406 0.0204753875732422 0.135330200195313 -0.0449066162109375
-0.019775390625 0.0303363800048828 0.385467529296875 0.2833251953125
0.0143604278564453 0.0138511657714844 0.611083984375 0.3426513671875
0.0195560455322266 0.0105419158935547 0.61920166015625 0.3819580078125
0.00847244262695313 0.0122156143188477 0.426971435546875 0.455841064453125
-0.00521039962768555 0.00300359725952148 0.320068359375 0.449951171875
0.0149173736572266 0.00410175323486328 0.2083740234375 0.28204345703125
0.0228595733642578 0.0107002258300781 0.0798721313476563 0.0615234375
0.0190963745117188 0.0135726928710938 -0.0871734619140625 -0.18768310546875
0.0154056549072266 0.00207424163818359 -0.27532958984375 -0.37579345703125
0.021453857421875 0.0099334716796875 -0.51171875 -0.405548095703125
0.0216598510742188 -0.006500244140625 -0.6365966796875 -0.40496826171875
0.0264472961425781 0.00444412231445313 -0.59393310546875 -0.4779052734375
0.0174236297607422 0.0082855224609375 -0.413970947265625 -0.324554443359375
0.0120944976806641 0.0244636535644531 -0.125564575195313 -0.0631866455078125
-0.00469207763671875 0.0606193542480469 0.134819030761719 -0.036529541015625
0.00753402709960937 0.0577774047851563 0.381256103515625 0.293914794921875
0.0454368591308594 -0.00272369384765625 0.599365234375 0.36712646484375
0.0142612457275391 -0.0193920135498047 0.60980224609375 0.4139404296875
-0.0192737579345703 0.00529861450195312 0.42108154296875 0.47314453125
-0.0232830047607422 0.027618408203125 0.31378173828125 0.452178955078125
0.0171127319335938 0.0314731597900391 0.20196533203125 0.270645141601563
0.0266952514648438 0.0326728820800781 0.0735855102539063 0.0464248657226563
0.023529052734375 0.0388717651367188 -0.0980987548828125 -0.197906494140625
0.0079498291015625 0.0266819000244141 -0.28802490234375 -0.372344970703125
-0.00225830078125 0.0204448699951172 -0.52410888671875 -0.388763427734375
0.00278091430664063 -0.0206375122070313 -0.64813232421875 -0.37835693359375
0.0397071838378906 -0.0222434997558594 -0.60479736328125 -0.4517822265625
0.0480499267578125 0.0131607055664063 -0.417022705078125 -0.312774658203125
0.0176506042480469 0.0571632385253906 -0.122352600097656 -0.0567092895507812
-0.008148193359375 0.0940628051757813 0.129043579101563 -0.0217819213867187
0.032867431640625 0.0732269287109375 0.372039794921875 0.307830810546875
0.06622314453125 -0.0237236022949219 0.58551025390625 0.39752197265625
0.00336074829101563 -0.0443878173828125 0.60260009765625 0.45245361328125
-0.0450973510742187 0.00246810913085938 0.423614501953125 0.489776611328125
-0.0371513366699219 0.0471343994140625 0.310760498046875 0.4468994140625
0.018280029296875 0.05078125 0.19122314453125 0.250442504882813
0.0281410217285156 0.0467720031738281 0.0605392456054688 0.0264701843261719
0.0258445739746094 0.0583572387695313 -0.114471435546875 -0.21160888671875
-0.00146102905273437 0.0436515808105469 -0.301666259765625 -0.377899169921875
-0.0246715545654297 0.0258922576904297 -0.530975341796875 -0.38116455078125
-0.0151405334472656 -0.0373649597167969 -0.649169921875 -0.3533935546875
0.053924560546875 -0.0463638305664063 -0.612060546875 -0.42486572265625
0.0738601684570313 0.0191192626953125 -0.417938232421875 -0.29791259765625
0.019287109375 0.0868148803710937 -0.119377136230469 -0.041534423828125
-0.0043487548828125 0.113105773925781 0.120643615722656 -0.000267028808593743
0.0521163940429688 0.0716552734375 0.358978271484375 0.3214111328125
0.0701560974121094 -0.0461349487304687 0.57080078125 0.4288330078125
-0.0138015747070313 -0.0591583251953125 0.60418701171875 0.48883056640625
-0.064178466796875 0.00269317626953124 0.43231201171875 0.49951171875
-0.0436019897460937 0.0592498779296875 0.30853271484375 0.43170166015625
0.0195274353027344 0.0586662292480469 0.1778564453125 0.224899291992188
0.0290069580078125 0.0525779724121094 0.044830322265625 0.00417327880859375
0.0256195068359375 0.0687065124511719 -0.131820678710937 -0.231033325195313
-0.0127677917480469 0.0538063049316406 -0.312103271484375 -0.390289306640625
-0.0456428527832031 0.0231704711914063 -0.530487060546875 -0.37896728515625
-0.0274810791015625 -0.0557632446289063 -0.642822265625 -0.33636474609375
0.0682296752929688 -0.0635414123535156 -0.61480712890625 -0.39971923828125
0.0913009643554688 0.0284652709960938 -0.4150390625 -0.28399658203125
0.016082763671875 0.110061645507812 -0.118797302246094 -0.0214309692382813
0.0047454833984375 -0.089752197265625 0.100517272949219 0.01300048828125
-0.114433288574219 -0.0100021362304687 0.372802734375 0.2882080078125
-0.0525588989257813 0.0770645141601562 0.60595703125 0.3363037109375
0.04620361328125 0.0606765747070313 0.6724853515625 0.3690185546875
0.07147216796875 -0.0121688842773438 0.50439453125 0.410736083984375
0.0137786865234375 -0.08612060546875 0.361724853515625 0.373077392578125
-0.0106430053710937 -0.0915603637695313 0.193618774414063 0.225982666015625
0.00859069824218751 -0.0761566162109375 0.0444488525390625 0.0360755920410156
0.00188446044921874 -0.0879364013671875 -0.106414794921875 -0.226486206054688
0.04498291015625 -0.0862350463867188 -0.25286865234375 -0.44659423828125
0.0866165161132813 -0.0203170776367188 -0.45587158203125 -0.481903076171875
0.0537605285644531 0.0433578491210938 -0.57305908203125 -0.4569091796875
-0.0500144958496094 0.0548782348632813 -0.549957275390625 -0.497222900390625
-0.0745010375976563 -0.0427322387695313 -0.398406982421875 -0.319244384765625
0.0118560791015625 -0.0820770263671875 -0.137100219726563 -0.00714111328124999
0.0133132934570313 -0.083282470703125 0.104988098144531 -0.0119094848632813
-0.102447509765625 -0.0179901123046875 0.37744140625 0.2783203125
-0.0546035766601562 0.0678176879882813 0.6092529296875 0.32061767578125
0.0387420654296875 0.0671577453613281 0.65716552734375 0.35540771484375
0.0712432861328125 0.00273895263671875 0.483306884765625 0.41766357421875
0.0211181640625 -0.073028564453125 0.358551025390625 0.3973388671875
-0.0035552978515625 -0.0784683227539063 0.206298828125 0.24981689453125
0.0106582641601562 -0.0610313415527344 0.0606346130371094 0.0545883178710938
0.00408172607421876 -0.0710601806640625 -0.09283447265625 -0.204986572265625
0.0390396118164063 -0.0733413696289063 -0.255126953125 -0.42156982421875
0.0804519653320312 -0.0202484130859375 -0.470428466796875 -0.466949462890625
0.0599479675292969 0.0332412719726562 -0.59197998046875 -0.46099853515625
-0.030731201171875 0.0592079162597656 -0.554168701171875 -0.5150146484375
-0.0652923583984375 -0.0243453979492187 -0.397735595703125 -0.33282470703125
0.00599288940429688 -0.0675201416015625 -0.130134582519531 -0.0311355590820313
0.0182609558105469 -0.0600090026855469 0.115249633789063 -0.0312347412109375
-0.077850341796875 -0.01495361328125 0.381988525390625 0.275054931640625
-0.0440673828125 0.0494346618652344 0.61358642578125 0.31634521484375
0.0298919677734375 0.0593414306640625 0.6434326171875 0.35028076171875
0.0588188171386719 0.0134696960449219 0.462860107421875 0.427886962890625
0.0204696655273438 -0.0506820678710938 0.346710205078125 0.41986083984375
0.00438690185546875 -0.0553855895996094 0.212600708007813 0.26904296875
0.0142745971679687 -0.040435791015625 0.0739898681640625 0.0656280517578125
0.00786972045898438 -0.0464134216308594 -0.0843963623046875 -0.190750122070313
0.0306510925292969 -0.0517959594726563 -0.2578125 -0.400299072265625
0.0643882751464844 -0.0146598815917969 -0.48516845703125 -0.44598388671875
0.0541763305664063 0.0198135375976563 -0.60772705078125 -0.45257568359375
-0.00794219970703125 0.0497589111328125 -0.56341552734375 -0.51385498046875
-0.0437774658203125 -0.00767135620117188 -0.40118408203125 -0.33709716796875
0.00421524047851563 -0.0416488647460938 -0.127059936523438 -0.0502243041992188
0.0146903991699219 -0.0231246948242188 0.126937866210938 -0.0432281494140625
-0.0486488342285156 0.00296401977539063 0.38580322265625 0.277557373046875
-0.0191192626953125 0.0311737060546875 0.61376953125 0.324951171875
0.023406982421875 0.0383186340332031 0.628662109375 0.35919189453125
0.0364036560058594 0.0159416198730469 0.4410400390625 0.4398193359375
0.0111064910888672 -0.0239601135253906 0.33331298828125 0.4375
0.0100059509277344 -0.0273456573486328 0.212020874023438 0.280471801757813
0.0184860229492188 -0.0143661499023438 0.0805282592773438 0.0678634643554688
0.0130043029785156 -0.0163908004760742 -0.0812225341796875 -0.1856689453125
0.0231723785400391 -0.0246906280517578 -0.26251220703125 -0.383819580078125
0.0433502197265625 -0.00279998779296875 -0.4969482421875 -0.425811767578125
0.0400848388671875 0.00666427612304687 -0.62384033203125 -0.43170166015625
0.0111541748046875 0.0301380157470703 -0.58001708984375 -0.5008544921875
-0.0138988494873047 0.00288200378417969 -0.407379150390625 -0.33544921875
0.00695514678955078 -0.00985908508300781 -0.126243591308594 -0.0615081787109375
0.00487327575683594 0.019805908203125 0.133705139160156 -0.0436859130859375
-0.0197315216064453 0.0310497283935547 0.384796142578125 0.285430908203125
0.0142335891723633 0.0140657424926758 0.609375 0.34228515625
0.0200786590576172 0.00948524475097656 0.61749267578125 0.380126953125
0.00876235961914063 0.0113210678100586 0.425201416015625 0.455291748046875
-0.00551176071166992 0.00347518920898437 0.31866455078125 0.45037841796875
0.0139007568359375 0.00434303283691406 0.208404541015625 0.282318115234375
0.0229034423828125 0.0107765197753906 0.0802841186523438 0.0615005493164063
0.0186252593994141 0.0128345489501953 -0.0855560302734375 -0.188095092773438
0.0156364440917969 0.00316143035888672 -0.27203369140625 -0.374420166015625
0.0210781097412109 0.0104103088378906 -0.511016845703125 -0.405487060546875
0.0218429565429688 -0.00677871704101563 -0.63616943359375 -0.40625
0.0265178680419922 0.00400352478027344 -0.59295654296875 -0.47772216796875
0.0178298950195313 0.00890922546386719 -0.4130859375 -0.32476806640625
0.0123195648193359 0.0238933563232422 -0.124267578125 -0.064056396484375
-0.00484848022460937 0.0609359741210938 0.13372802734375 -0.0365524291992187
0.00672912597656249 0.0571174621582031 0.380706787109375 0.295562744140625
0.0454292297363281 -0.00312423706054688 0.5985107421875 0.3685302734375
0.0142784118652344 -0.0196170806884766 0.6094970703125 0.41162109375
-0.0201988220214844 0.0058135986328125 0.420684814453125 0.47357177734375
-0.0229225158691406 0.0278568267822266 0.311767578125 0.45269775390625
0.0165004730224609 0.0316066741943359 0.201248168945313 0.271194458007813
0.0260009765625 0.0314674377441406 0.0742645263671875 0.0462875366210937
0.0238227844238281 0.0387687683105469 -0.09814453125 -0.196853637695313
0.00824165344238281 0.0266437530517578 -0.285736083984375 -0.371124267578125
-0.00172615051269531 0.0212554931640625 -0.522552490234375 -0.3890380859375
0.00161933898925781 -0.0210113525390625 -0.6448974609375 -0.37744140625
0.0395622253417969 -0.0226593017578125 -0.603515625 -0.4505615234375
0.0477790832519531 0.0128250122070313 -0.416168212890625 -0.31402587890625
0.0177574157714844 0.0574302673339844 -0.121261596679687 -0.05743408203125
-0.00876617431640626 0.0934371948242188 0.127449035644531 -0.021697998046875
0.03240966796875 0.0735015869140625 0.37066650390625 0.30792236328125
0.0660209655761719 -0.0242500305175781 0.5836181640625 0.3974609375
0.00245285034179688 -0.0443687438964844 0.60162353515625 0.45147705078125
-0.0453834533691406 0.00236511230468749 0.422576904296875 0.489715576171875
-0.0368919372558594 0.0476875305175781 0.3094482421875 0.446990966796875
0.0183067321777344 0.0507164001464844 0.190536499023437 0.251083374023438
0.0282363891601563 0.0463790893554688 0.0614395141601563 0.0265426635742188
0.0262527465820313 0.0582199096679688 -0.114089965820313 -0.211715698242187
-0.00127410888671875 0.04510498046875 -0.29974365234375 -0.3785400390625
-0.0250797271728516 0.025604248046875 -0.5299072265625 -0.37896728515625
-0.0155830383300781 -0.037567138671875 -0.64837646484375 -0.35430908203125
0.0535240173339844 -0.0463485717773438 -0.611572265625 -0.424072265625
0.0735626220703125 0.0192031860351563 -0.41607666015625 -0.29888916015625
0.0195159912109375 0.0867691040039063 -0.118911743164063 -0.0428619384765625
-0.00354766845703124 0.11334228515625 0.118476867675781 -0.000228881835937493
0.052093505859375 0.0721282958984375 0.358734130859375 0.3236083984375
0.0697784423828125 -0.0467872619628906 0.56964111328125 0.427490234375
-0.0138282775878906 -0.058929443359375 0.60394287109375 0.48712158203125
-0.0636520385742188 0.00342559814453125 0.432647705078125 0.498748779296875
-0.0434226989746094 0.0601654052734375 0.30706787109375 0.4322509765625
0.0199203491210938 0.0589485168457031 0.17645263671875 0.22601318359375
0.0292282104492188 0.0530166625976563 0.0449981689453125 0.00455474853515625
0.0257453918457031 0.0684165954589844 -0.131240844726563 -0.23126220703125
-0.0132255554199219 0.0545425415039062 -0.30865478515625 -0.3919677734375
-0.0459213256835938 0.0234909057617188 -0.52606201171875 -0.377197265625
-0.0283279418945312 -0.0564727783203125 -0.64105224609375 -0.3359375
0.0680580139160156 -0.0630722045898438 -0.614013671875 -0.39971923828125
0.0915374755859375 0.0287246704101563 -0.414306640625 -0.283203125
0.0166244506835937 0.109298706054687 -0.118324279785156 -0.0229034423828125
0.00472259521484375 -0.0915069580078125 0.0992279052734375 0.0144805908203125
-0.115036010742188 -0.010498046875 0.372467041015625 0.292083740234375
-0.0521621704101563 0.0775527954101563 0.60589599609375 0.33856201171875
0.0453758239746094 0.0610694885253906 0.67138671875 0.37078857421875
0.0724105834960938 -0.0125808715820313 0.50311279296875 0.41217041015625
0.0131683349609375 -0.0864791870117188 0.36065673828125 0.374969482421875
-0.01202392578125 -0.0915374755859375 0.19293212890625 0.2261962890625
0.00786590576171874 -0.0779495239257812 0.0451927185058594 0.0358924865722656
0.00199127197265626 -0.0882797241210938 -0.10595703125 -0.226272583007813
0.045562744140625 -0.0859527587890625 -0.252655029296875 -0.447357177734375
0.0875015258789063 -0.020843505859375 -0.454681396484375 -0.48291015625
0.0539894104003906 0.0426483154296875 -0.57269287109375 -0.45831298828125
-0.0496978759765625 0.0548324584960938 -0.55010986328125 -0.50006103515625
-0.07525634765625 -0.0428619384765625 -0.3978271484375 -0.321502685546875
0.0118942260742188 -0.0828323364257812 -0.136581420898438 -0.008575439453125
0.0135345458984375 -0.0840988159179688 0.103996276855469 -0.0106582641601563
-0.103057861328125 -0.0184555053710937 0.377349853515625 0.28045654296875
-0.0550575256347656 0.0681190490722656 0.6087646484375 0.322265625
0.0389480590820313 0.06768798828125 0.65728759765625 0.35760498046875
0.0723648071289063 0.00214385986328125 0.483856201171875 0.41705322265625
0.0214004516601562 -0.0731201171875 0.35748291015625 0.4005126953125
-0.00335693359375 -0.0789947509765625 0.205413818359375 0.250625610351562
0.0107612609863281 -0.0624465942382813 0.0615653991699219 0.0542755126953125
0.00370788574218749 -0.0712966918945312 -0.09210205078125 -0.205551147460938
0.0385284423828125 -0.0736618041992188 -0.254302978515625 -0.422882080078125
0.0811538696289063 -0.0204238891601563 -0.469635009765625 -0.4671630859375
0.0595436096191406 0.0331954956054688 -0.59039306640625 -0.46307373046875
-0.0296287536621094 0.0593490600585938 -0.553924560546875 -0.516632080078125
-0.0657234191894531 -0.0243186950683594 -0.397308349609375 -0.333740234375
0.00605392456054688 -0.0683135986328125 -0.129676818847656 -0.0313873291015625
0.0182762145996094 -0.0610771179199219 0.114883422851563 -0.0310134887695313
-0.0783538818359375 -0.0151596069335938 0.38140869140625 0.27679443359375
-0.0442276000976562 0.0501251220703125 0.6124267578125 0.31829833984375
0.02996826171875 0.0593719482421875 0.6435546875 0.35205078125
0.0590057373046875 0.0126304626464844 0.461761474609375 0.427703857421875
0.0200729370117187 -0.0512428283691406 0.34674072265625 0.421661376953125
0.00308609008789062 -0.0558662414550781 0.212615966796875 0.270904541015625
0.0138893127441406 -0.0399856567382812 0.0743179321289063 0.0657196044921875
0.0075225830078125 -0.0460739135742188 -0.0832672119140625 -0.190689086914063
0.0310554504394531 -0.0516815185546875 -0.25616455078125 -0.400634765625
0.0649452209472656 -0.0145111083984375 -0.483978271484375 -0.44854736328125
0.0542449951171875 0.0197868347167969 -0.60809326171875 -0.4522705078125
-0.00788116455078125 0.0498847961425781 -0.5648193359375 -0.515380859375
-0.0433998107910156 -0.00740814208984375 -0.40093994140625 -0.339569091796875
0.00349807739257812 -0.0423698425292969 -0.126747131347656 -0.0509872436523438
0.0153598785400391 -0.0246257781982422 0.125419616699219 -0.0423812866210937
-0.0494537353515625 0.00231552124023437 0.386016845703125 0.27947998046875
-0.0190753936767578 0.0307865142822266 0.61328125 0.3258056640625
0.0237503051757813 0.0379409790039063 0.62811279296875 0.36083984375
0.0366020202636719 0.0148887634277344 0.4393310546875 0.44134521484375
0.0105361938476563 -0.0239334106445313 0.330596923828125 0.440185546875
0.00951385498046875 -0.0266323089599609 0.212158203125 0.2825927734375
0.0181751251220703 -0.0151634216308594 0.081451416015625 0.0681381225585938
0.0131511688232422 -0.0155773162841797 -0.0803985595703125 -0.185592651367188
0.0226402282714844 -0.0241889953613281 -0.2598876953125 -0.38470458984375
0.0440635681152344 -0.00274276733398438 -0.4967041015625 -0.4261474609375
0.0407066345214844 0.00650405883789062 -0.6217041015625 -0.43212890625
0.0109519958496094 0.029815673828125 -0.57879638671875 -0.501953125
-0.013671875 0.00323009490966797 -0.407470703125 -0.33477783203125
0.00694656372070313 -0.0102443695068359 -0.125221252441406 -0.0621109008789063
0.00478935241699219 0.0184612274169922 0.132957458496094 -0.0438003540039063
-0.0211772918701172 0.0310039520263672 0.383544921875 0.286590576171875
0.0137758255004883 0.0143566131591797 0.609375 0.34539794921875
0.0194168090820313 0.00991439819335938 0.616943359375 0.3819580078125
0.00919151306152344 0.0109968185424805 0.42437744140625 0.45684814453125
-0.00624513626098633 0.00279998779296875 0.316986083984375 0.452056884765625
0.0131454467773438 0.00410366058349609 0.207916259765625 0.283355712890625
0.0224094390869141 0.0113620758056641 0.0811080932617188 0.0615234375
0.0193672180175781 0.0133533477783203 -0.0845947265625 -0.1884765625
0.015934944152832 0.00293540954589844 -0.270050048828125 -0.375579833984375
0.0212764739990234 0.00994873046875 -0.5081787109375 -0.405059814453125
0.0224742889404297 -0.00659751892089844 -0.6358642578125 -0.406982421875
0.0268421173095703 0.00328445434570313 -0.5914306640625 -0.4783935546875
0.0180110931396484 0.00916671752929688 -0.413177490234375 -0.327484130859375
0.0127696990966797 0.0234298706054687 -0.123504638671875 -0.0655517578125
-0.00472259521484375 0.0595855712890625 0.132431030273438 -0.03570556640625
0.00647735595703125 0.0578384399414062 0.3804931640625 0.29693603515625
0.0454292297363281 -0.0032958984375 0.59844970703125 0.3709716796875
0.0140190124511719 -0.0197505950927734 0.6064453125 0.41363525390625
-0.0189476013183594 0.00516891479492187 0.419158935546875 0.472900390625
-0.0234794616699219 0.0279407501220703 0.3114013671875 0.45501708984375
0.016510009765625 0.0319919586181641 0.200897216796875 0.271392822265625
0.0266017913818359 0.0320606231689453 0.0748367309570313 0.04705810546875
0.0244140625 0.0396804809570313 -0.096954345703125 -0.197280883789063
0.00830650329589844 0.0272235870361328 -0.28472900390625 -0.372833251953125
-0.00182342529296875 0.0212039947509766 -0.52099609375 -0.390289306640625
0.00196456909179688 -0.0212783813476563 -0.64501953125 -0.3787841796875
0.0400428771972656 -0.0234375 -0.6031494140625 -0.45184326171875
0.0482025146484375 0.0127296447753906 -0.414764404296875 -0.31500244140625
0.0185317993164063 0.0575027465820313 -0.121086120605469 -0.0585479736328125
-0.00872039794921874 0.0931854248046875 0.12640380859375 -0.0201339721679687
0.0316696166992187 0.0733413696289063 0.37017822265625 0.309112548828125
0.0662002563476563 -0.0246543884277344 0.58489990234375 0.39813232421875
0.00244140625 -0.04443359375 0.60064697265625 0.45343017578125
-0.0454139709472656 0.0013275146484375 0.4208984375 0.489501953125
-0.0364341735839844 0.0484046936035156 0.307830810546875 0.44818115234375
0.0182876586914062 0.0517120361328125 0.19036865234375 0.251846313476563
0.029052734375 0.0459632873535156 0.0620269775390625 0.0265731811523438
0.0267601013183594 0.0588607788085937 -0.11224365234375 -0.212081909179688
-0.00200271606445313 0.0457420349121094 -0.298309326171875 -0.378753662109375
-0.0250644683837891 0.0259628295898438 -0.528411865234375 -0.380401611328125
-0.0159759521484375 -0.0381507873535156 -0.64666748046875 -0.35540771484375
0.0539779663085937 -0.0477409362792969 -0.6104736328125 -0.42620849609375
0.0736846923828125 0.019195556640625 -0.4166259765625 -0.299957275390625
0.01885986328125 0.0870895385742188 -0.117912292480469 -0.0440750122070312
-0.00438690185546874 0.112251281738281 0.117256164550781 0.000701904296875007
0.0522384643554688 0.0721664428710938 0.35870361328125 0.324188232421875
0.0709686279296875 -0.046478271484375 0.57086181640625 0.4302978515625
-0.0144462585449219 -0.0589866638183594 0.6014404296875 0.48919677734375
-0.0632286071777344 0.00312423706054688 0.429595947265625 0.49981689453125
-0.0428085327148438 0.0604133605957031 0.306488037109375 0.43341064453125
0.0198249816894531 0.0592994689941406 0.1767578125 0.226531982421875
0.0291900634765625 0.0516548156738281 0.0454444885253906 0.00448226928710938
0.0257186889648437 0.0690727233886719 -0.12982177734375 -0.231201171875
-0.0130157470703125 0.0553207397460937 -0.30682373046875 -0.3919677734375
-0.0456962585449219 0.0239677429199219 -0.52520751953125 -0.380035400390625
-0.0284080505371094 -0.0567741394042969 -0.63934326171875 -0.3377685546875
0.0679779052734375 -0.0636024475097656 -0.61328125 -0.40118408203125
0.09161376953125 0.0288467407226563 -0.412078857421875 -0.287200927734375
0.016021728515625 0.109893798828125 -0.117805480957031 -0.0236968994140625
0.00472259521484375 -0.0930862426757813 0.0985031127929688 0.0152740478515625
-0.115463256835938 -0.0104522705078125 0.373138427734375 0.293060302734375
-0.052581787109375 0.0781784057617188 0.6064453125 0.339111328125
0.0457649230957031 0.061187744140625 0.67169189453125 0.368896484375
0.0729217529296875 -0.0132904052734375 0.501983642578125 0.414093017578125
0.0130691528320312 -0.087188720703125 0.360076904296875 0.375244140625
-0.0121994018554688 -0.0918655395507812 0.19195556640625 0.226959228515625
0.00778961181640625 -0.0775299072265625 0.0460014343261719 0.0360679626464844
0.00194549560546876 -0.0887222290039063 -0.1060791015625 -0.227432250976562
0.0447006225585938 -0.0860214233398438 -0.252105712890625 -0.448638916015625
0.0880203247070313 -0.0214614868164063 -0.455047607421875 -0.48211669921875
0.0542335510253906 0.0431022644042969 -0.57275390625 -0.4583740234375
-0.0501327514648437 0.0554771423339844 -0.5491943359375 -0.5008544921875
-0.0756072998046875 -0.04351806640625 -0.397979736328125 -0.32415771484375
0.0124282836914063 -0.0833969116210938 -0.136207580566406 -0.00854492187499999
0.0132217407226562 -0.0853500366210938 0.103981018066406 -0.0107498168945313
-0.103584289550781 -0.0182266235351563 0.378143310546875 0.282501220703125
-0.0550384521484375 0.0687980651855469 0.61053466796875 0.32537841796875
0.0385322570800781 0.0669479370117188 0.65631103515625 0.35687255859375
0.0723419189453125 0.00167083740234375 0.482818603515625 0.420135498046875
0.0207748413085937 -0.0730209350585938 0.354888916015625 0.401824951171875
-0.00484466552734376 -0.0788726806640625 0.205154418945313 0.251861572265625
0.0106010437011719 -0.0621490478515625 0.0615272521972656 0.0541000366210937
0.00356292724609376 -0.0716323852539063 -0.0923919677734375 -0.205429077148438
0.0383529663085938 -0.072998046875 -0.252960205078125 -0.423248291015625
0.0818557739257813 -0.020751953125 -0.46734619140625 -0.469085693359375
0.0592765808105469 0.0333976745605469 -0.59002685546875 -0.46600341796875
-0.0294189453125 0.060394287109375 -0.5533447265625 -0.518402099609375
-0.0661354064941406 -0.0248298645019531 -0.39556884765625 -0.33575439453125
0.00625610351562499 -0.0693244934082031 -0.129417419433594 -0.032928466796875
0.0183029174804687 -0.0618972778320313 0.114265441894531 -0.0300064086914063
-0.0788803100585938 -0.0151901245117188 0.3828125 0.277923583984375
-0.044403076171875 0.0500450134277344 0.61383056640625 0.31964111328125
0.0304298400878906 0.0593910217285156 0.64300537109375 0.353759765625
0.0596809387207031 0.0118446350097656 0.4603271484375 0.429779052734375
0.0198554992675781 -0.05072021484375 0.34539794921875 0.4227294921875
0.00317001342773437 -0.0557174682617188 0.212844848632813 0.271072387695313
0.0142898559570312 -0.0404281616210938 0.075225830078125 0.0661697387695313
0.00708770751953125 -0.0459976196289062 -0.0823974609375 -0.191696166992188
0.0308151245117187 -0.0516128540039063 -0.254425048828125 -0.4014892578125
0.0655403137207031 -0.0143356323242187 -0.482574462890625 -0.447021484375
0.0548324584960938 0.019195556640625 -0.607666015625 -0.4542236328125
-0.00828933715820313 0.0501174926757813 -0.5662841796875 -0.5174560546875
-0.0429229736328125 -0.0077972412109375 -0.4014892578125 -0.34173583984375
0.00407028198242188 -0.0432243347167969 -0.126205444335938 -0.052001953125
0.0150108337402344 -0.0254364013671875 0.125381469726562 -0.0417022705078125
-0.049163818359375 0.00272750854492188 0.386016845703125 0.280853271484375
-0.0197334289550781 0.0312881469726562 0.61431884765625 0.328125
0.0227470397949219 0.0379371643066406 0.62890625 0.3629150390625
0.0364723205566406 0.0155181884765625 0.43927001953125 0.442718505859375
0.0113430023193359 -0.0237503051757813 0.3309326171875 0.442108154296875
0.00933265686035156 -0.0267086029052734 0.213104248046875 0.283233642578125
0.0189018249511719 -0.0147705078125 0.081298828125 0.0680084228515625
0.012242317199707 -0.0160989761352539 -0.0790557861328125 -0.186477661132812
0.0237617492675781 -0.0244464874267578 -0.25897216796875 -0.3848876953125
0.0449676513671875 -0.0031585693359375 -0.494415283203125 -0.426788330078125
0.0410194396972656 0.00590133666992188 -0.62176513671875 -0.4320068359375
0.0111732482910156 0.0299358367919922 -0.5789794921875 -0.50335693359375
-0.0140762329101563 0.00302314758300781 -0.40814208984375 -0.337921142578125
0.00730800628662109 -0.0110464096069336 -0.125190734863281 -0.0642318725585938
0.00536441802978516 0.0170783996582031 0.132331848144531 -0.0428085327148438
-0.0216217041015625 0.0308170318603516 0.384735107421875 0.29022216796875
0.0141096115112305 0.0137033462524414 0.6097412109375 0.34735107421875
0.0196819305419922 0.0100307464599609 0.61669921875 0.38360595703125
0.0101165771484375 0.010685920715332 0.42315673828125 0.4583740234375
-0.00599384307861328 0.00264263153076172 0.31658935546875 0.454071044921875
0.0142927169799805 0.00426864624023438 0.20745849609375 0.28466796875
0.0222988128662109 0.00941276550292969 0.0823822021484375 0.0615615844726563
0.0191860198974609 0.0137977600097656 -0.0836029052734375 -0.188720703125
0.016021728515625 0.00306606292724609 -0.26934814453125 -0.376007080078125
0.0218162536621094 0.00997543334960938 -0.50762939453125 -0.405731201171875
0.0211524963378906 -0.0072479248046875 -0.635498046875 -0.40924072265625
0.0262069702148438 0.00335693359375 -0.59222412109375 -0.481201171875
0.0179462432861328 0.00909042358398438 -0.41290283203125 -0.329681396484375
0.0135402679443359 0.0226516723632813 -0.12408447265625 -0.0662155151367188
-0.00449371337890626 0.0585517883300781 0.132057189941406 -0.03546142578125
0.00663375854492187 0.0584373474121094 0.380950927734375 0.298797607421875
0.0457382202148437 -0.00358963012695313 0.59942626953125 0.37188720703125
0.01483154296875 -0.0197620391845703 0.607177734375 0.4150390625
-0.0195636749267578 0.00555801391601563 0.41754150390625 0.47509765625
-0.0238437652587891 0.0281581878662109 0.31121826171875 0.45550537109375
0.0162925720214844 0.0322227478027344 0.200775146484375 0.271835327148438
0.0261192321777344 0.0320014953613281 0.0748214721679688 0.0465469360351563
0.0242042541503906 0.0397605895996094 -0.0956878662109375 -0.19842529296875
0.00825691223144531 0.0278282165527344 -0.2830810546875 -0.374420166015625
-0.00125312805175781 0.022369384765625 -0.519073486328125 -0.391387939453125
0.001739501953125 -0.021942138671875 -0.64447021484375 -0.381591796875
0.0399246215820313 -0.0233612060546875 -0.603271484375 -0.45391845703125
0.0489692687988281 0.0135574340820313 -0.415252685546875 -0.31756591796875
0.0188522338867188 0.0562744140625 -0.121109008789063 -0.0593795776367188
-0.00894165039062501 0.092681884765625 0.125457763671875 -0.0201339721679687
0.0321044921875 0.0734939575195313 0.370330810546875 0.3123779296875
0.0671119689941406 -0.0247001647949219 0.58441162109375 0.400146484375
0.00269317626953125 -0.0452117919921875 0.599853515625 0.4532470703125
-0.0456428527832031 0.00106048583984374 0.420654296875 0.490234375
-0.0377922058105469 0.0487098693847656 0.306549072265625 0.450042724609375
0.0178871154785156 0.0516281127929687 0.190155029296875 0.252593994140625
0.0288467407226563 0.0465240478515625 0.0624198913574219 0.0265159606933594
0.0271453857421875 0.059173583984375 -0.112335205078125 -0.21209716796875
-0.00130081176757812 0.0463447570800781 -0.295928955078125 -0.37994384765625
-0.0254364013671875 0.0263118743896484 -0.52703857421875 -0.38201904296875
-0.0159988403320312 -0.0385627746582031 -0.646240234375 -0.35809326171875
0.05322265625 -0.0473861694335937 -0.610107421875 -0.42669677734375
0.0745697021484375 0.0194320678710938 -0.415863037109375 -0.303131103515625
0.0203857421875 0.086761474609375 -0.117462158203125 -0.0453643798828125
-0.0047607421875 0.111549377441406 0.116996765136719 0.00149536132812501
0.0522537231445313 0.0725631713867188 0.358184814453125 0.327423095703125
0.070648193359375 -0.0474624633789062 0.5706787109375 0.43170166015625
-0.0150108337402344 -0.0593070983886719 0.60205078125 0.4908447265625
-0.0638046264648438 0.00343322753906249 0.428466796875 0.5
-0.0430183410644531 0.0614776611328125 0.303955078125 0.4364013671875
0.0191230773925781 0.0589790344238281 0.1766357421875 0.22808837890625
0.0298385620117187 0.0522994995117188 0.0463066101074219 0.00437545776367188
0.0273017883300781 0.0694313049316406 -0.129379272460937 -0.232467651367188
-0.0123214721679687 0.055877685546875 -0.307220458984375 -0.393310546875
-0.0455894470214844 0.0236740112304688 -0.523406982421875 -0.380950927734375
-0.02874755859375 -0.0577011108398437 -0.63916015625 -0.3387451171875
0.0688819885253906 -0.0645027160644531 -0.61309814453125 -0.4036865234375
0.0918197631835938 0.0289688110351563 -0.41400146484375 -0.28814697265625
0.0165328979492187 0.110275268554687 -0.117340087890625 -0.0241470336914062
0.00363922119140625 -0.0944061279296875 0.0978851318359375 0.0158233642578125
-0.11663818359375 -0.0098114013671875 0.374176025390625 0.29620361328125
-0.0520248413085937 0.0783920288085938 0.60675048828125 0.34307861328125
0.0462188720703125 0.0618057250976563 0.673095703125 0.37286376953125
0.0735092163085938 -0.0139389038085937 0.503570556640625 0.41558837890625
0.0135345458984375 -0.08721923828125 0.3602294921875 0.37860107421875
-0.013397216796875 -0.0919036865234375 0.192596435546875 0.2291259765625
0.0080413818359375 -0.0781478881835938 0.0460357666015625 0.0367050170898437
0.00144958496093749 -0.0886077880859375 -0.105361938476563 -0.228118896484375
0.0449752807617188 -0.086944580078125 -0.251678466796875 -0.450927734375
0.088714599609375 -0.02142333984375 -0.45367431640625 -0.485198974609375
0.0549697875976563 0.0427360534667969 -0.57318115234375 -0.4617919921875
-0.0503997802734375 0.0559158325195313 -0.551483154296875 -0.504058837890625
-0.0755157470703125 -0.0430755615234375 -0.399810791015625 -0.326141357421875
0.0123138427734375 -0.085479736328125 -0.137321472167969 -0.009307861328125
0.0130767822265625 -0.0868453979492188 0.102676391601563 -0.00943756103515626
-0.104637145996094 -0.0193405151367188 0.379241943359375 0.284698486328125
-0.05523681640625 0.0693321228027344 0.6109619140625 0.32769775390625
0.039520263671875 0.0679931640625 0.6583251953125 0.358642578125
0.0730667114257813 0.00112152099609375 0.4835205078125 0.420928955078125
0.02178955078125 -0.074432373046875 0.356597900390625 0.40277099609375
-0.00555419921875 -0.0789947509765625 0.206207275390625 0.25341796875
0.0105400085449219 -0.063751220703125 0.0633354187011719 0.0552635192871094
0.00348663330078125 -0.0720977783203125 -0.09124755859375 -0.2060546875
0.038330078125 -0.0738296508789063 -0.25146484375 -0.426483154296875
0.0823974609375 -0.0212478637695313 -0.46783447265625 -0.471282958984375
0.0599861145019531 0.03265380859375 -0.59173583984375 -0.4669189453125
-0.0299873352050781 0.0602531433105469 -0.555267333984375 -0.520538330078125
-0.0666580200195313 -0.0240364074707031 -0.3974609375 -0.339019775390625
0.00677490234375 -0.0708084106445313 -0.129615783691406 -0.0336532592773438
0.0178604125976562 -0.0635414123535156 0.113555908203125 -0.0296478271484375
-0.0798873901367188 -0.0156478881835938 0.382781982421875 0.28131103515625
-0.0447502136230469 0.0505027770996094 0.61669921875 0.3223876953125
0.0303001403808594 0.0600547790527344 0.6456298828125 0.35284423828125
0.060577392578125 0.0119895935058594 0.462127685546875 0.43048095703125
0.0203208923339844 -0.050811767578125 0.346099853515625 0.426513671875
0.00198745727539062 -0.0556755065917969 0.21295166015625 0.273193359375
0.0141716003417969 -0.0411643981933594 0.07537841796875 0.0655441284179688
0.00729751586914063 -0.0466232299804687 -0.082244873046875 -0.192855834960938
0.0300941467285156 -0.0522079467773437 -0.253662109375 -0.402862548828125
0.065338134765625 -0.0145606994628906 -0.4832763671875 -0.449676513671875
0.05517578125 0.0195465087890625 -0.608642578125 -0.45758056640625
-0.00844192504882813 0.0503425598144531 -0.56597900390625 -0.5213623046875
-0.0436363220214844 -0.00789260864257813 -0.400665283203125 -0.34393310546875
0.00446701049804687 -0.0440559387207031 -0.126251220703125 -0.0531005859375
0.0148887634277344 -0.0265789031982422 0.124740600585938 -0.0412979125976563
-0.0501136779785156 0.00238418579101564 0.387115478515625 0.28387451171875
-0.0191650390625 0.0307350158691406 0.61749267578125 0.3306884765625
0.0231132507324219 0.0389518737792969 0.63018798828125 0.3626708984375
0.0370750427246094 0.014190673828125 0.4400634765625 0.444793701171875
0.0113525390625 -0.0239830017089844 0.3310546875 0.444061279296875
0.00913810729980469 -0.0269680023193359 0.21270751953125 0.284515380859375
0.0183162689208984 -0.0156402587890625 0.083251953125 0.0687484741210937
0.0130271911621094 -0.0157012939453125 -0.078887939453125 -0.187591552734375
0.0225849151611328 -0.0244541168212891 -0.258880615234375 -0.38623046875
0.0446052551269531 -0.00296783447265625 -0.494964599609375 -0.428314208984375
0.0408477783203125 0.00568389892578125 -0.62353515625 -0.43505859375
0.0099029541015625 0.0296478271484375 -0.58001708984375 -0.5067138671875
-0.0139446258544922 0.00298309326171875 -0.408905029296875 -0.34063720703125
0.00783824920654297 -0.0115957260131836 -0.125076293945313 -0.0647964477539063
0.00549030303955078 0.01678466796875 0.131431579589844 -0.0429000854492188
-0.0208873748779297 0.0310630798339844 0.386962890625 0.2918701171875
0.0144376754760742 0.0142440795898438 0.612548828125 0.349853515625
0.0194244384765625 0.00988006591796875 0.61785888671875 0.38446044921875
0.00953388214111328 0.0106477737426758 0.423858642578125 0.460723876953125
-0.00602102279663086 0.00330638885498047 0.31689453125 0.457611083984375
0.013092041015625 0.00484466552734375 0.20831298828125 0.285888671875
0.0219974517822266 0.00965309143066406 0.082855224609375 0.0611572265625
0.0199012756347656 0.0140876770019531 -0.0836944580078125 -0.189788818359375
0.0159835815429688 0.00379180908203125 -0.268341064453125 -0.37847900390625
0.0223407745361328 0.0102252960205078 -0.507568359375 -0.407867431640625
0.0214061737060547 -0.00749969482421875 -0.63690185546875 -0.41046142578125
0.0266246795654297 0.00332260131835938 -0.59466552734375 -0.482666015625
0.0177669525146484 0.00894355773925781 -0.414306640625 -0.33123779296875
0.0133762359619141 0.0223140716552734 -0.122970581054688 -0.0679550170898437
-0.00560379028320312 0.0586624145507813 0.131492614746094 -0.0351638793945313
0.00685882568359375 0.0587844848632813 0.38165283203125 0.302398681640625
0.0457038879394531 -0.00356674194335938 0.60064697265625 0.3741455078125
0.0131816864013672 -0.0198612213134766 0.609130859375 0.41583251953125
-0.0192108154296875 0.00404167175292969 0.418792724609375 0.477142333984375
-0.0238285064697266 0.029052734375 0.308990478515625 0.459716796875
0.0161571502685547 0.0322399139404297 0.201583862304688 0.274063110351563
0.0264530181884766 0.0314006805419922 0.0759201049804688 0.0460128784179687
0.0249557495117188 0.0393409729003906 -0.095794677734375 -0.199569702148438
0.00838661193847656 0.0281181335449219 -0.281982421875 -0.37579345703125
-0.00162124633789062 0.0212974548339844 -0.52032470703125 -0.392242431640625
0.00164604187011719 -0.0216770172119141 -0.64569091796875 -0.38348388671875
0.0392990112304688 -0.0242424011230469 -0.6051025390625 -0.457763671875
0.0482139587402344 0.0130691528320313 -0.41632080078125 -0.319244384765625
0.0184516906738281 0.0563392639160156 -0.120407104492188 -0.0598373413085937
-0.00903320312500001 0.0921630859375 0.125419616699219 -0.0194320678710937
0.0326156616210937 0.07415771484375 0.37060546875 0.313507080078125
0.0668754577636719 -0.0248947143554687 0.58599853515625 0.40338134765625
0.00239181518554687 -0.046051025390625 0.60150146484375 0.4566650390625
-0.0458717346191406 0.0018463134765625 0.420257568359375 0.4931640625
-0.03704833984375 0.0493316650390625 0.30596923828125 0.451934814453125
0.0178756713867188 0.0522270202636719 0.190582275390625 0.253936767578125
0.0289154052734375 0.0457077026367188 0.0634422302246094 0.0261764526367188
0.0277442932128906 0.0596885681152344 -0.111770629882812 -0.214218139648438
-0.00168228149414062 0.047119140625 -0.2969970703125 -0.382415771484375
-0.0247135162353516 0.0262222290039063 -0.526611328125 -0.382720947265625
-0.0167045593261719 -0.0393447875976563 -0.64874267578125 -0.35772705078125
0.0542182922363281 -0.0485992431640625 -0.61358642578125 -0.430908203125
0.0747222900390625 0.0188446044921875 -0.416473388671875 -0.30450439453125
0.0197067260742188 0.086883544921875 -0.117332458496094 -0.045867919921875
-0.00423431396484376 0.112350463867188 0.115882873535156 0.00235748291015626
0.0512542724609375 0.0731124877929688 0.36004638671875 0.32940673828125
0.0705718994140625 -0.0473861694335938 0.5728759765625 0.43402099609375
-0.0144691467285156 -0.0603981018066406 0.60418701171875 0.49365234375
-0.0640220642089844 0.00260162353515626 0.429718017578125 0.502838134765625
-0.0433731079101562 0.0620384216308594 0.30523681640625 0.43829345703125
0.0187110900878906 0.060943603515625 0.176437377929688 0.228836059570313
0.0302925109863281 0.0521774291992187 0.047149658203125 0.00419235229492188
0.0275192260742187 0.0696258544921875 -0.128875732421875 -0.232650756835938
-0.0129585266113281 0.05670166015625 -0.306610107421875 -0.394989013671875
-0.0462684631347656 0.0243148803710937 -0.5242919921875 -0.38299560546875
-0.0293502807617188 -0.0576705932617188 -0.64019775390625 -0.3402099609375
0.0686607360839844 -0.0648307800292969 -0.6153564453125 -0.4049072265625
0.0926666259765625 0.0293655395507812 -0.4136962890625 -0.290191650390625
0.016876220703125 0.109710693359375 -0.116859436035156 -0.025360107421875
0.00359344482421874 -0.0966415405273437 0.0974273681640625 0.01715087890625
-0.118217468261719 -0.010009765625 0.376953125 0.299163818359375
-0.0524673461914063 0.0796966552734375 0.61175537109375 0.345947265625
0.0471343994140625 0.0616188049316406 0.6767578125 0.37396240234375
0.07415771484375 -0.0153350830078125 0.50531005859375 0.417755126953125
0.0129928588867188 -0.0881881713867188 0.360870361328125 0.382232666015625
-0.0139389038085938 -0.0921783447265625 0.193405151367188 0.230514526367188
0.0076751708984375 -0.07977294921875 0.0470161437988281 0.0365676879882812
0.00157165527343751 -0.0886688232421875 -0.105209350585937 -0.2293701171875
0.0449295043945312 -0.087310791015625 -0.251678466796875 -0.453460693359375
0.0894012451171875 -0.02203369140625 -0.4544677734375 -0.48779296875
0.0550880432128906 0.0429611206054687 -0.57525634765625 -0.4627685546875
-0.0500068664550781 0.0561904907226563 -0.554901123046875 -0.505859375
-0.0763778686523437 -0.043487548828125 -0.401275634765625 -0.328521728515625
0.0124435424804687 -0.0866165161132813 -0.136062622070313 -0.00958251953124998
0.0127487182617187 -0.0885391235351563 0.102638244628906 -0.00908660888671875
-0.1058349609375 -0.0178756713867187 0.38079833984375 0.287811279296875
-0.0553550720214844 0.0697059631347656 0.6142578125 0.32879638671875
0.0403976440429688 0.0684585571289063 0.66241455078125 0.36016845703125
0.0742340087890625 -2.288818359375E-05 0.48724365234375 0.424530029296875
0.0214157104492187 -0.0742416381835937 0.356475830078125 0.406463623046875
-0.00638580322265625 -0.0793914794921875 0.206268310546875 0.254653930664063
0.0105438232421875 -0.0641937255859375 0.0640716552734375 0.0545921325683594
0.002899169921875 -0.0719757080078125 -0.0915069580078125 -0.207443237304688
0.038604736328125 -0.0747528076171875 -0.252593994140625 -0.428009033203125
0.0822219848632813 -0.0218505859375 -0.469268798828125 -0.473602294921875
0.0612068176269531 0.032928466796875 -0.59326171875 -0.46893310546875
-0.0299339294433594 0.0608634948730469 -0.55804443359375 -0.523162841796875
-0.0670242309570312 -0.0240135192871094 -0.3988037109375 -0.341583251953125
0.0061492919921875 -0.07135009765625 -0.129615783691406 -0.0344467163085938
0.0177040100097656 -0.0651359558105469 0.112953186035156 -0.029144287109375
-0.08087158203125 -0.016082763671875 0.385589599609375 0.284637451171875
-0.0447731018066406 0.0510711669921875 0.61920166015625 0.32342529296875
0.0302810668945313 0.0604286193847656 0.64764404296875 0.35504150390625
0.0605392456054688 0.0111198425292969 0.462921142578125 0.433685302734375
0.0207443237304687 -0.0517730712890625 0.3460693359375 0.42877197265625
0.00177764892578125 -0.0562934875488281 0.21453857421875 0.275405883789063
0.0135116577148437 -0.0422821044921875 0.0769271850585937 0.0665512084960937
0.00737380981445313 -0.0461463928222656 -0.0825042724609375 -0.193588256835938
0.0309486389160156 -0.0513992309570313 -0.255126953125 -0.40533447265625
0.0665740966796875 -0.0156059265136719 -0.4840087890625 -0.4520263671875
0.0556755065917969 0.019317626953125 -0.61016845703125 -0.4595947265625
-0.00772476196289063 0.05072021484375 -0.56884765625 -0.52313232421875
-0.04400634765625 -0.00791549682617188 -0.40374755859375 -0.345977783203125
0.00441741943359375 -0.045257568359375 -0.126327514648438 -0.0540618896484375
0.0149135589599609 -0.02813720703125 0.124183654785156 -0.0413742065429688
-0.0512542724609375 0.00294494628906249 0.388702392578125 0.2862548828125
-0.0196266174316406 0.0314674377441406 0.61846923828125 0.3319091796875
0.0230827331542969 0.0385589599609375 0.63250732421875 0.36444091796875
0.0382881164550781 0.0148086547851562 0.442230224609375 0.446533203125
0.0109100341796875 -0.0240764617919922 0.330413818359375 0.44818115234375
0.00811767578125 -0.0269126892089844 0.214508056640625 0.28656005859375
0.0183525085449219 -0.0162811279296875 0.0837554931640625 0.0688095092773437
0.0131435394287109 -0.0159177780151367 -0.07867431640625 -0.1884765625
0.0228443145751953 -0.0246620178222656 -0.258544921875 -0.388916015625
0.0451927185058594 -0.00282669067382813 -0.49658203125 -0.43023681640625
0.0413932800292969 0.00548934936523438 -0.62640380859375 -0.4376220703125
0.0114288330078125 0.0296611785888672 -0.5831298828125 -0.50970458984375
-0.0140924453735352 0.00337409973144531 -0.410614013671875 -0.34283447265625
0.00746822357177734 -0.0126428604125977 -0.124969482421875 -0.0659637451171875
0.00412654876708984 0.015345573425293 0.131828308105469 -0.0431060791015625
-0.0217418670654297 0.0315265655517578 0.38873291015625 0.295196533203125
0.0143928527832031 0.0146141052246094 0.61578369140625 0.35174560546875
0.0197849273681641 0.00944328308105469 0.6201171875 0.38531494140625
0.0100088119506836 0.0101213455200195 0.425201416015625 0.462982177734375
-0.00517416000366211 0.00366783142089844 0.31854248046875 0.460479736328125
0.0129585266113281 0.00456809997558594 0.20989990234375 0.286956787109375
0.0223731994628906 0.00969505310058594 0.084136962890625 0.0616226196289063
0.0192813873291016 0.0143909454345703 -0.0830078125 -0.190689086914063
0.0159168243408203 0.00418376922607422 -0.269073486328125 -0.37908935546875
0.0219535827636719 0.0107402801513672 -0.509124755859375 -0.41021728515625
0.0219612121582031 -0.00800895690917969 -0.6395263671875 -0.41278076171875
0.0261096954345703 0.00356864929199219 -0.59783935546875 -0.48724365234375
0.0179481506347656 0.00882339477539063 -0.4161376953125 -0.333099365234375
0.0131797790527344 0.0225677490234375 -0.123191833496094 -0.0677413940429687
-0.00505447387695312 0.0583114624023438 0.131019592285156 -0.0348358154296875
0.00586318969726563 0.0593147277832031 0.382049560546875 0.3040771484375
0.0460548400878906 -0.00403976440429688 0.60418701171875 0.37603759765625
0.0139122009277344 -0.0203266143798828 0.61114501953125 0.41741943359375
-0.0193614959716797 0.00384712219238281 0.41876220703125 0.47900390625
-0.0236301422119141 0.0296134948730469 0.311309814453125 0.46240234375
0.0153350830078125 0.0329627990722656 0.202865600585938 0.276077270507813
0.0261268615722656 0.0315589904785156 0.077362060546875 0.04620361328125
0.0251388549804688 0.0402870178222656 -0.0951385498046875 -0.200912475585938
0.00856399536132813 0.0282402038574219 -0.2841796875 -0.378204345703125
-0.00133132934570312 0.0215072631835938 -0.52099609375 -0.394287109375
0.00201225280761719 -0.0226383209228516 -0.64910888671875 -0.384765625
0.0394744873046875 -0.0238304138183594 -0.60845947265625 -0.4599609375
0.0496826171875 0.0127525329589844 -0.417938232421875 -0.321624755859375
0.0185585021972656 0.0568389892578125 -0.120185852050781 -0.0622482299804688
-0.009246826171875 0.09246826171875 0.124351501464844 -0.018707275390625
0.0321121215820313 0.0750579833984375 0.372955322265625 0.31732177734375
0.0671272277832031 -0.0255775451660156 0.59033203125 0.4063720703125
0.00222396850585937 -0.0465850830078125 0.60400390625 0.4580078125
-0.0459518432617188 0.00107192993164062 0.4222412109375 0.495819091796875
-0.0367965698242188 0.050445556640625 0.308685302734375 0.456939697265625
0.018310546875 0.0529098510742188 0.192123413085937 0.255096435546875
0.0294303894042969 0.0460700988769531 0.064605712890625 0.0262069702148438
0.0288848876953125 0.0598297119140625 -0.111846923828125 -0.214202880859375
-0.00115585327148438 0.0477638244628906 -0.296051025390625 -0.3826904296875
-0.0245704650878906 0.0271224975585938 -0.5284423828125 -0.38494873046875
-0.0170059204101563 -0.039459228515625 -0.65106201171875 -0.36090087890625
0.0540695190429688 -0.0489578247070313 -0.61553955078125 -0.4326171875
0.0756988525390625 0.0194091796875 -0.4189453125 -0.306671142578125
0.0203094482421875 0.0867385864257813 -0.117385864257813 -0.0470123291015625
-0.00519561767578126 0.112625122070313 0.115707397460938 0.00346374511718751
0.051910400390625 0.0738449096679688 0.361907958984375 0.332733154296875
0.071014404296875 -0.0483016967773438 0.57562255859375 0.4373779296875
-0.0149002075195313 -0.0607833862304688 0.6064453125 0.494384765625
-0.0650177001953125 0.00271606445312501 0.432586669921875 0.505645751953125
-0.0426597595214844 0.0631027221679687 0.30694580078125 0.4403076171875
0.0195579528808594 0.0615119934082031 0.177902221679687 0.230453491210938
0.0295791625976563 0.0525436401367188 0.0482368469238281 0.00375747680664063
0.0276947021484375 0.0710067749023438 -0.129074096679688 -0.2342529296875
-0.0126686096191406 0.0578041076660156 -0.3070068359375 -0.397125244140625
-0.0463638305664063 0.025543212890625 -0.526336669921875 -0.38372802734375
-0.0291786193847656 -0.05914306640625 -0.64324951171875 -0.34283447265625
0.0690040588378906 -0.0665779113769531 -0.61871337890625 -0.406494140625
0.0941543579101563 0.0284576416015625 -0.416351318359375 -0.29248046875
0.0161895751953125 0.110572814941406 -0.117439270019531 -0.0264129638671875
0.00286102294921876 -0.0975723266601563 0.0968704223632812 0.0176544189453125
-0.118911743164063 -0.0101089477539063 0.379608154296875 0.30194091796875
-0.051910400390625 0.0803070068359375 0.61572265625 0.34619140625
0.0473403930664063 0.0616264343261719 0.680908203125 0.37579345703125
0.075042724609375 -0.01611328125 0.509490966796875 0.419097900390625
0.0125503540039063 -0.0895614624023438 0.36260986328125 0.384857177734375
-0.015472412109375 -0.0926132202148438 0.194839477539063 0.231719970703125
0.00760650634765624 -0.08123779296875 0.0474586486816406 0.0369873046875
0.00148773193359376 -0.0901870727539062 -0.105026245117187 -0.231353759765625
0.0445556640625 -0.0877227783203125 -0.2520751953125 -0.455078125
0.0904617309570313 -0.0236358642578125 -0.457183837890625 -0.49066162109375
0.0558204650878906 0.0424880981445313 -0.57952880859375 -0.46533203125
-0.0501785278320312 0.0570831298828125 -0.55859375 -0.510040283203125
-0.0771713256835938 -0.0433578491210937 -0.4031982421875 -0.331451416015625
0.0123977661132813 -0.0874557495117188 -0.137046813964844 -0.0102081298828125
0.0124435424804687 -0.0909423828125 0.102760314941406 -0.00855255126953126
-0.10662841796875 -0.0193939208984375 0.383148193359375 0.2901611328125
-0.0557632446289063 0.0706863403320313 0.6195068359375 0.33056640625
0.0408439636230469 0.0682716369628906 0.66558837890625 0.36212158203125
0.0754165649414063 -0.00106048583984375 0.488250732421875 0.4254150390625
0.0211410522460937 -0.0751190185546875 0.358734130859375 0.4091796875
-0.0065765380859375 -0.079620361328125 0.208709716796875 0.256561279296875
0.00973892211914063 -0.06561279296875 0.0652313232421875 0.0547027587890625
0.00234222412109376 -0.0730667114257813 -0.0910797119140625 -0.20867919921875
0.0387496948242188 -0.0753936767578125 -0.25421142578125 -0.430938720703125
0.0832138061523438 -0.023040771484375 -0.472412109375 -0.474395751953125
0.0620193481445313 0.0327720642089844 -0.5977783203125 -0.471923828125
-0.0298843383789062 0.0611534118652344 -0.5631103515625 -0.52569580078125
-0.0672111511230469 -0.0239906311035156 -0.40277099609375 -0.343475341796875
0.00603485107421875 -0.0728530883789063 -0.130027770996094 -0.0354156494140625
0.0170097351074219 -0.066802978515625 0.112693786621094 -0.0290451049804688
-0.0824356079101563 -0.0152206420898438 0.388092041015625 0.285614013671875
-0.0450286865234375 0.0516853332519531 0.623779296875 0.32647705078125
0.0315513610839844 0.0604057312011719 0.65106201171875 0.35699462890625
0.0617713928222656 0.010589599609375 0.4674072265625 0.436798095703125
0.0208091735839844 -0.0515823364257813 0.347991943359375 0.4324951171875
0.00111770629882813 -0.0565032958984375 0.216171264648438 0.276565551757813
0.0137825012207031 -0.0431938171386719 0.07769775390625 0.0666580200195313
0.00680923461914062 -0.0468254089355469 -0.0818939208984375 -0.195053100585938
0.0305709838867188 -0.0521812438964844 -0.25518798828125 -0.407379150390625
0.066741943359375 -0.0162353515625 -0.486663818359375 -0.45404052734375
0.0558204650878906 0.0191116333007812 -0.61627197265625 -0.461181640625
-0.00818634033203125 0.0508766174316406 -0.5738525390625 -0.5257568359375
-0.0446891784667969 -0.007904052734375 -0.40594482421875 -0.34918212890625
0.0044097900390625 -0.0458869934082031 -0.127449035644531 -0.0545730590820312
0.0147972106933594 -0.0295009613037109 0.124832153320313 -0.0407485961914063
-0.05145263671875 0.00286865234374999 0.39154052734375 0.289093017578125
-0.0194015502929688 0.031463623046875 0.6240234375 0.33380126953125
0.0238494873046875 0.0386314392089844 0.63604736328125 0.3653564453125
0.0380630493164063 0.0146560668945313 0.443267822265625 0.4490966796875
0.0103988647460938 -0.0247688293457031 0.332794189453125 0.451934814453125
0.00795173645019531 -0.0262775421142578 0.215362548828125 0.2886962890625
0.0182876586914063 -0.0161533355712891 0.0855865478515625 0.0691909790039063
0.0129404067993164 -0.0163917541503906 -0.0779876708984375 -0.188919067382812
0.0230751037597656 -0.0247802734375 -0.259063720703125 -0.3905029296875
0.0456695556640625 -0.00391387939453125 -0.4984130859375 -0.43316650390625
0.0407752990722656 0.005218505859375 -0.6307373046875 -0.440673828125
0.0110301971435547 0.0296382904052734 -0.58843994140625 -0.51171875
-0.0140037536621094 0.00288677215576172 -0.413818359375 -0.34521484375
0.00758171081542969 -0.0132989883422852 -0.124946594238281 -0.0663833618164062
0.00421905517578125 0.0151863098144531 0.131805419921875 -0.042266845703125
-0.0222721099853516 0.0317783355712891 0.3912353515625 0.2962646484375
0.0146903991699219 0.0140066146850586 0.61956787109375 0.353759765625
0.019744873046875 0.0101432800292969 0.624755859375 0.38751220703125
0.0106477737426758 0.00999927520751953 0.426513671875 0.465667724609375
-0.00521707534790039 0.00435590744018555 0.31976318359375 0.463714599609375
0.0123310089111328 0.00601673126220703 0.211578369140625 0.288482666015625
0.0218925476074219 0.00963973999023438 0.0856704711914063 0.0607681274414063
0.0202617645263672 0.0146751403808594 -0.0832977294921875 -0.192779541015625
0.0158939361572266 0.00350189208984375 -0.270355224609375 -0.3817138671875
0.0225811004638672 0.0104503631591797 -0.512237548828125 -0.412200927734375
0.0219936370849609 -0.00813865661621094 -0.6419677734375 -0.413818359375
0.0261402130126953 0.00240516662597656 -0.6005859375 -0.48834228515625
0.0179080963134766 0.00855064392089844 -0.4190673828125 -0.335662841796875
0.013671875 0.0228519439697266 -0.124229431152344 -0.0702896118164063
-0.0051116943359375 0.0589828491210938 0.131881713867188 -0.0350189208984375
0.006439208984375 0.0595169067382812 0.3861083984375 0.3070068359375
0.0461387634277344 -0.003631591796875 0.60894775390625 0.3782958984375
0.0143508911132813 -0.0209465026855469 0.61578369140625 0.41998291015625
-0.0193748474121094 0.00390434265136719 0.422607421875 0.482421875
-0.0239448547363281 0.0296516418457031 0.31317138671875 0.467041015625
0.0154476165771484 0.0337791442871094 0.205245971679688 0.277542114257813
0.026397705078125 0.03118896484375 0.0787353515625 0.0462799072265625
0.02593994140625 0.0407485961914063 -0.0953369140625 -0.201889038085938
0.00835037231445313 0.0295448303222656 -0.283782958984375 -0.379913330078125
-0.00141334533691406 0.0220260620117187 -0.523162841796875 -0.39617919921875
0.00135040283203125 -0.0227527618408203 -0.652099609375 -0.3875732421875
0.0392990112304688 -0.0254707336425781 -0.61309814453125 -0.463134765625
0.0492362976074219 0.0132293701171875 -0.421112060546875 -0.324432373046875
0.0191116333007813 0.0563125610351563 -0.120582580566406 -0.062591552734375
-0.00969696044921875 0.0928802490234375 0.124778747558594 -0.0189132690429687
0.0324935913085938 0.0757675170898438 0.37652587890625 0.3199462890625
0.0677947998046875 -0.026031494140625 0.59527587890625 0.40771484375
0.00150680541992187 -0.0468177795410156 0.6083984375 0.45953369140625
-0.0460777282714844 0.000572204589843742 0.425323486328125 0.498809814453125
-0.0367660522460938 0.0511589050292969 0.309295654296875 0.459625244140625
0.017852783203125 0.0538444519042969 0.193389892578125 0.256927490234375
0.0297966003417969 0.0462265014648438 0.0659332275390625 0.0260505676269531
0.0289382934570313 0.0601043701171875 -0.111801147460938 -0.21661376953125
-0.000907897949218754 0.0485763549804688 -0.296905517578125 -0.385772705078125
-0.025604248046875 0.0277576446533203 -0.530731201171875 -0.387359619140625
-0.0176811218261719 -0.04058837890625 -0.65472412109375 -0.36297607421875
0.0544548034667969 -0.0503997802734375 -0.6197509765625 -0.43450927734375
0.0759124755859375 0.0190277099609375 -0.42169189453125 -0.30999755859375
0.0201950073242188 0.0871963500976563 -0.117607116699219 -0.0481491088867187
-0.00477600097656251 0.113128662109375 0.115684509277344 0.00347137451171876
0.0520401000976563 0.0744705200195313 0.3642578125 0.336212158203125
0.0719833374023438 -0.0490341186523437 0.57928466796875 0.43963623046875
-0.015533447265625 -0.0617752075195312 0.61175537109375 0.49700927734375
-0.0655097961425781 0.00253677368164063 0.432952880859375 0.5078125
-0.0427360534667969 0.0641288757324219 0.308624267578125 0.444244384765625
0.0193328857421875 0.0618743896484375 0.179412841796875 0.230865478515625
0.0305938720703125 0.0529289245605469 0.0478477478027344 0.00335311889648438
0.0289077758789063 0.0711593627929687 -0.129257202148437 -0.235031127929688
-0.0127983093261719 0.0583419799804688 -0.30743408203125 -0.399139404296875
-0.0462226867675781 0.0247230529785156 -0.527862548828125 -0.386138916015625
-0.0304412841796875 -0.0587844848632813 -0.64642333984375 -0.3448486328125
0.0692863464355469 -0.0672607421875 -0.6231689453125 -0.4095458984375
0.0948867797851563 0.0293502807617188 -0.419586181640625 -0.295318603515625
0.016571044921875 0.111312866210938 -0.1173095703125 -0.0274276733398437
0.00194549560546875 -0.100502014160156 0.097930908203125 0.0183944702148437
-0.120018005371094 -0.00950622558593753 0.383819580078125 0.304840087890625
-0.0524520874023438 0.0811233520507813 0.6217041015625 0.3485107421875
0.0488700866699219 0.0623779296875 0.685791015625 0.37701416015625
0.0760574340820313 -0.0171661376953125 0.511627197265625 0.422088623046875
0.0128860473632813 -0.0897293090820312 0.36541748046875 0.38720703125
-0.0161972045898438 -0.0931625366210938 0.196533203125 0.23321533203125
0.00628662109375001 -0.0819473266601563 0.0479583740234375 0.037261962890625
0.000251770019531257 -0.0904159545898438 -0.106796264648438 -0.232467651367187
0.0446014404296875 -0.08868408203125 -0.25555419921875 -0.4576416015625
0.0905990600585938 -0.0245513916015625 -0.460174560546875 -0.49285888671875
0.0561714172363281 0.0434837341308594 -0.5843505859375 -0.468017578125
-0.0504188537597656 0.0586509704589844 -0.564453125 -0.5106201171875
-0.07830810546875 -0.0435256958007813 -0.40765380859375 -0.332000732421875
0.0117034912109375 -0.0897140502929687 -0.13702392578125 -0.0103759765625
0.01202392578125 -0.0924453735351563 0.103164672851563 -0.00799560546875001
-0.108390808105469 -0.0191879272460937 0.38787841796875 0.29241943359375
-0.0560379028320312 0.0725250244140625 0.6246337890625 0.33258056640625
0.0410728454589844 0.0692405700683594 0.6715087890625 0.36212158203125
0.0760574340820313 -0.0015411376953125 0.492584228515625 0.4290771484375
0.0207977294921875 -0.075836181640625 0.361083984375 0.4122314453125
-0.00828552246093751 -0.0802688598632813 0.21063232421875 0.257797241210938
0.00911331176757812 -0.0671310424804688 0.0662155151367188 0.0552711486816406
0.00173950195312499 -0.0736541748046875 -0.09197998046875 -0.21002197265625
0.039276123046875 -0.076385498046875 -0.254638671875 -0.43426513671875
0.083648681640625 -0.0236968994140625 -0.4754638671875 -0.477508544921875
0.0627937316894531 0.0330047607421875 -0.601318359375 -0.473876953125
-0.0294685363769531 0.0616226196289062 -0.5673828125 -0.5277099609375
-0.0685844421386719 -0.0242767333984375 -0.406219482421875 -0.3465576171875
0.00514984130859376 -0.0747451782226563 -0.130424499511719 -0.03570556640625
0.0173606872558594 -0.0693511962890625 0.112785339355469 -0.0294952392578125
-0.0830917358398438 -0.01617431640625 0.3916015625 0.288909912109375
-0.0451889038085938 0.0521163940429688 0.6278076171875 0.328125
0.03118896484375 0.0612716674804688 0.65692138671875 0.3580322265625
0.0628166198730469 0.0103340148925781 0.46905517578125 0.43896484375
0.0203399658203125 -0.0525932312011719 0.35174560546875 0.435394287109375
0.000556945800781253 -0.05706787109375 0.217987060546875 0.278213500976563
0.0126800537109375 -0.043487548828125 0.0796737670898437 0.06658935546875
0.00711441040039062 -0.0470619201660156 -0.08245849609375 -0.196380615234375
0.0303306579589844 -0.0532608032226563 -0.2567138671875 -0.409820556640625
0.0677680969238281 -0.0164527893066406 -0.4898681640625 -0.45623779296875
0.0564231872558594 0.0188140869140625 -0.6209716796875 -0.46356201171875
-0.00790786743164063 0.0513763427734375 -0.578857421875 -0.52813720703125
-0.0447883605957031 -0.00758743286132813 -0.41009521484375 -0.351715087890625
0.00478744506835938 -0.0476837158203125 -0.127532958984375 -0.055450439453125
0.0145645141601562 -0.0301074981689453 0.125038146972656 -0.0410842895507813
-0.0528450012207031 0.00315093994140624 0.39404296875 0.292327880859375
-0.0199337005615234 0.0322589874267578 0.62921142578125 0.33587646484375
0.0243568420410156 0.039459228515625 0.64166259765625 0.3660888671875
0.0395278930664063 0.0133705139160156 0.446868896484375 0.452117919921875
0.0110054016113281 -0.0245914459228516 0.336395263671875 0.45489501953125
0.00736045837402344 -0.0264511108398438 0.218597412109375 0.289794921875
0.0174655914306641 -0.0172710418701172 0.0867156982421875 0.0684814453125
0.0139627456665039 -0.0161628723144531 -0.078399658203125 -0.190567016601563
0.0231590270996094 -0.0243740081787109 -0.25994873046875 -0.393524169921875
0.0466232299804687 -0.00392913818359375 -0.50103759765625 -0.433807373046875
0.0411148071289062 0.00459671020507813 -0.63482666015625 -0.4407958984375
0.0113697052001953 0.0299243927001953 -0.59356689453125 -0.5147705078125
-0.0147666931152344 0.00298309326171875 -0.41802978515625 -0.347900390625
0.00786781311035156 -0.0138540267944336 -0.12664794921875 -0.0678024291992187
0.00341033935546875 0.0138931274414063 0.131118774414063 -0.0430221557617188
-0.0221996307373047 0.0311393737792969 0.394439697265625 0.299285888671875
0.0145702362060547 0.0147504806518555 0.62689208984375 0.3551025390625
0.0194282531738281 0.00984764099121094 0.63006591796875 0.3895263671875
0.0106658935546875 0.00984573364257813 0.431671142578125 0.468048095703125
-0.00545406341552734 0.00347757339477539 0.322357177734375 0.4669189453125
0.0118846893310547 0.00536346435546875 0.214202880859375 0.2904052734375
0.0221042633056641 0.00929641723632813 0.0869827270507812 0.0613479614257813
0.0207157135009766 0.0142498016357422 -0.0833892822265625 -0.19293212890625
0.0163860321044922 0.00445556640625 -0.27252197265625 -0.38409423828125
0.0227832794189453 0.0108814239501953 -0.51641845703125 -0.414215087890625
0.0217475891113281 -0.00848197937011719 -0.64813232421875 -0.4151611328125
0.0263481140136719 0.001983642578125 -0.60675048828125 -0.49224853515625
0.018707275390625 0.00860977172851563 -0.421844482421875 -0.33856201171875
0.0138492584228516 0.0220489501953125 -0.124771118164062 -0.0706253051757813
-0.00579452514648438 0.0583000183105469 0.131393432617188 -0.0348663330078125
0.00609588623046875 0.0589866638183594 0.39117431640625 0.309814453125
0.0465774536132813 -0.0043792724609375 0.6138916015625 0.38018798828125
0.0135669708251953 -0.0212669372558594 0.6201171875 0.420654296875
-0.0193691253662109 0.00343894958496094 0.42547607421875 0.483642578125
-0.022918701171875 0.0305633544921875 0.3157958984375 0.46868896484375
0.0157718658447266 0.0341358184814453 0.2066650390625 0.27899169921875
0.0271224975585938 0.0315361022949219 0.0792922973632813 0.0462265014648438
0.0262718200683594 0.0414009094238281 -0.0956878662109375 -0.202178955078125
0.00878143310546875 0.0297031402587891 -0.285186767578125 -0.381866455078125
-0.00127029418945313 0.0224208831787109 -0.52630615234375 -0.39794921875
0.000579833984375002 -0.0235061645507813 -0.65679931640625 -0.38836669921875
0.0397987365722656 -0.0258598327636719 -0.617919921875 -0.46246337890625
0.0503807067871094 0.0125694274902344 -0.42510986328125 -0.32537841796875
0.0192451477050781 0.0560646057128906 -0.120704650878906 -0.0635147094726563
-0.0095977783203125 0.0930252075195313 0.124771118164062 -0.0184707641601562
0.0323257446289063 0.0763702392578125 0.38006591796875 0.32330322265625
0.0687751770019531 -0.0267333984375 0.5999755859375 0.41033935546875
0.00105667114257812 -0.0475425720214844 0.6136474609375 0.46038818359375
-0.0468521118164063 0.00112152099609375 0.427398681640625 0.501190185546875
-0.036895751953125 0.0518798828125 0.31304931640625 0.463775634765625
0.0183258056640625 0.0545272827148438 0.195465087890625 0.2587890625
0.0294837951660156 0.0465240478515625 0.0666961669921875 0.0257492065429688
0.02996826171875 0.0615272521972656 -0.112350463867188 -0.217636108398438
-0.00100326538085938 0.0495262145996094 -0.300750732421875 -0.38812255859375
-0.0246162414550781 0.0278453826904297 -0.5335693359375 -0.387420654296875
-0.0179290771484375 -0.0408134460449219 -0.6597900390625 -0.3638916015625
0.0536231994628906 -0.0509414672851562 -0.6258544921875 -0.43695068359375
0.0774307250976563 0.01922607421875 -0.425994873046875 -0.312713623046875
0.0211257934570312 0.088592529296875 -0.118087768554688 -0.048797607421875
-0.00485229492187501 0.113426208496094 0.115280151367188 0.00408935546875001
0.0530014038085938 0.074859619140625 0.367767333984375 0.33795166015625
0.0726318359375 -0.0501327514648438 0.58544921875 0.4420166015625
-0.0161552429199219 -0.0624847412109375 0.6163330078125 0.49798583984375
-0.0656852722167969 0.00262832641601562 0.4383544921875 0.51080322265625
-0.04254150390625 0.0656623840332031 0.310699462890625 0.447479248046875
0.0196151733398438 0.0629310607910156 0.180130004882813 0.23260498046875
0.0308456420898437 0.0528297424316406 0.0498008728027344 0.00356674194335938
0.0298919677734375 0.0719146728515625 -0.13067626953125 -0.2366943359375
-0.0119247436523438 0.0599517822265625 -0.31060791015625 -0.401611328125
-0.0467071533203125 0.0264701843261719 -0.530517578125 -0.38824462890625
-0.0315971374511719 -0.0597496032714844 -0.6517333984375 -0.34552001953125
0.0695877075195312 -0.0690155029296875 -0.62799072265625 -0.410888671875
0.095367431640625 0.0286026000976562 -0.42279052734375 -0.297210693359375
0.0177383422851563 0.111190795898438 -0.118614196777344 -0.0277633666992188
0.001708984375 -0.101890563964844 0.0978012084960938 0.0186004638671875
-0.121871948242188 -0.00946044921874997 0.387908935546875 0.30596923828125
-0.0524749755859375 0.0825119018554688 0.6290283203125 0.349853515625
0.0488624572753906 0.0631446838378906 0.6929931640625 0.377197265625
0.0769271850585938 -0.0180587768554688 0.518218994140625 0.4232177734375
0.0131759643554687 -0.0906448364257813 0.36810302734375 0.390411376953125
-0.0175399780273437 -0.0940704345703125 0.198577880859375 0.235061645507813
0.00591278076171875 -0.0832595825195312 0.0495948791503906 0.0374832153320312
0.000114440917968746 -0.0915069580078125 -0.107437133789062 -0.23406982421875
0.0446319580078125 -0.0903396606445313 -0.257965087890625 -0.4603271484375
0.0914154052734375 -0.025390625 -0.4649658203125 -0.49609375
0.05712890625 0.042877197265625 -0.59002685546875 -0.4697265625
-0.0504188537597656 0.05889892578125 -0.57171630859375 -0.51409912109375
-0.079071044921875 -0.0445327758789062 -0.41253662109375 -0.335662841796875
0.01141357421875 -0.0914230346679687 -0.137939453125 -0.01068115234375
0.011474609375 -0.0944595336914063 0.10296630859375 -0.00843048095703125
-0.110160827636719 -0.0184555053710938 0.391998291015625 0.295562744140625
-0.0568161010742187 0.072601318359375 0.63153076171875 0.33294677734375
0.0421180725097656 0.0698013305664063 0.67718505859375 0.364501953125
0.0765762329101563 -0.002349853515625 0.4979248046875 0.430694580078125
0.0208282470703125 -0.0762557983398438 0.366851806640625 0.414703369140625
-0.00931549072265624 -0.0804519653320313 0.212844848632813 0.260162353515625
0.00901031494140625 -0.0670013427734375 0.067230224609375 0.0550346374511719
0.0017547607421875 -0.0735321044921875 -0.0929107666015625 -0.21148681640625
0.0389175415039062 -0.0764846801757813 -0.2578125 -0.436431884765625
0.0852279663085938 -0.0244827270507812 -0.48046875 -0.479766845703125
0.0633697509765625 0.0333023071289063 -0.60858154296875 -0.47479248046875
-0.0301856994628906 0.0621490478515625 -0.57659912109375 -0.5302734375
-0.0700035095214844 -0.024261474609375 -0.410736083984375 -0.34844970703125
0.00559234619140625 -0.076263427734375 -0.131332397460938 -0.0364608764648438
0.0159378051757812 -0.0700416564941406 0.113441467285156 -0.029632568359375
-0.0845794677734375 -0.0155105590820313 0.397613525390625 0.29083251953125
-0.0454521179199219 0.0538406372070313 0.6358642578125 0.32928466796875
0.0318870544433594 0.0618171691894531 0.66326904296875 0.35784912109375
0.0639305114746094 0.00936126708984375 0.474639892578125 0.441864013671875
0.0213775634765625 -0.053375244140625 0.35565185546875 0.437225341796875
0.000301361083984374 -0.0571708679199219 0.221298217773438 0.279281616210938
0.0125999450683594 -0.0439491271972656 0.0806961059570313 0.066009521484375
0.00648117065429688 -0.0471839904785156 -0.0826416015625 -0.197738647460937
0.0300254821777344 -0.0532951354980469 -0.26068115234375 -0.413238525390625
0.0677719116210938 -0.0170097351074219 -0.493927001953125 -0.458282470703125
0.0570602416992187 0.0184211730957031 -0.62640380859375 -0.46478271484375
-0.00773239135742188 0.0518608093261719 -0.58648681640625 -0.531494140625
-0.0460662841796875 -0.00778961181640625 -0.415130615234375 -0.352813720703125
0.00423049926757813 -0.0489234924316406 -0.128608703613281 -0.0564956665039062
0.0136528015136719 -0.0317916870117188 0.125442504882813 -0.0415802001953125
-0.0532073974609375 0.00302124023437499 0.39971923828125 0.292755126953125
-0.02020263671875 0.03240966796875 0.63616943359375 0.33758544921875
0.0242805480957031 0.0398826599121094 0.64788818359375 0.36712646484375
0.0409393310546875 0.0126800537109375 0.452178955078125 0.455322265625
0.0102977752685547 -0.0248889923095703 0.3406982421875 0.458160400390625
0.00694084167480469 -0.0265560150146484 0.221221923828125 0.292083740234375
0.0174808502197266 -0.0176067352294922 0.0882720947265625 0.0686111450195313
0.0128011703491211 -0.0161666870117188 -0.079315185546875 -0.192108154296875
0.0230636596679688 -0.0248928070068359 -0.264312744140625 -0.395660400390625
0.0464096069335937 -0.0043792724609375 -0.50787353515625 -0.436187744140625
0.0420417785644531 0.004364013671875 -0.642333984375 -0.44366455078125
0.0113124847412109 0.0295639038085938 -0.6005859375 -0.517333984375
-0.0147466659545898 0.00304603576660156 -0.42303466796875 -0.349212646484375
0.00682640075683594 -0.0145759582519531 -0.127586364746094 -0.068328857421875
0.00451755523681641 0.0144510269165039 0.132011413574219 -0.04339599609375
-0.0233116149902344 0.0320358276367188 0.3995361328125 0.30145263671875
0.0148000717163086 0.0145692825317383 0.63262939453125 0.35693359375
0.0194301605224609 0.00964736938476562 0.63653564453125 0.388916015625
0.0109395980834961 0.0096435546875 0.437103271484375 0.4713134765625
-0.00550317764282227 0.00388526916503906 0.327545166015625 0.4708251953125
0.0118999481201172 0.00577640533447266 0.21673583984375 0.291900634765625
0.0224647521972656 0.00903701782226563 0.08917236328125 0.0611190795898438
0.0210762023925781 0.0148754119873047 -0.0848541259765625 -0.195602416992188
0.0160865783691406 0.00501823425292969 -0.274627685546875 -0.386199951171875
0.0231227874755859 0.00985336303710938 -0.518341064453125 -0.415679931640625
0.0216579437255859 -0.00906562805175781 -0.6561279296875 -0.41741943359375
0.0263137817382813 0.00198173522949219 -0.6141357421875 -0.49310302734375
0.0180206298828125 0.0082550048828125 -0.428070068359375 -0.3402099609375
0.0138359069824219 0.0211105346679688 -0.125778198242188 -0.072113037109375
-0.00601577758789062 0.0586433410644531 0.132194519042969 -0.034820556640625
0.00565719604492187 0.0606651306152344 0.3951416015625 0.311859130859375
0.0471916198730469 -0.0045166015625 0.6221923828125 0.382080078125
0.0135898590087891 -0.0216331481933594 0.6260986328125 0.42144775390625
-0.0201320648193359 0.00346565246582031 0.430511474609375 0.4876708984375
-0.0231552124023438 0.0314579010009766 0.31988525390625 0.472686767578125
0.0150222778320313 0.0346889495849609 0.209945678710938 0.280075073242188
0.0270442962646484 0.0315170288085938 0.0815277099609375 0.0457687377929688
0.0278892517089844 0.0418853759765625 -0.0960540771484375 -0.204345703125
0.00915718078613281 0.0310745239257812 -0.289794921875 -0.38482666015625
-0.001007080078125 0.0224781036376953 -0.530181884765625 -0.398223876953125
0.000532150268554688 -0.0242595672607422 -0.66424560546875 -0.38848876953125
0.0395774841308594 -0.0265045166015625 -0.6256103515625 -0.46466064453125
0.0501441955566406 0.0123023986816406 -0.43017578125 -0.327239990234375
0.0201530456542969 0.0574378967285156 -0.122016906738281 -0.064208984375
-0.00966644287109375 0.0943984985351562 0.125091552734375 -0.0189590454101562
0.0329818725585938 0.0778427124023438 0.385009765625 0.325103759765625
0.0681343078613281 -0.0278053283691406 0.60791015625 0.411865234375
0.000473022460937502 -0.0488967895507812 0.62030029296875 0.4610595703125
-0.0475044250488281 0.000900268554687505 0.434112548828125 0.50396728515625
-0.0371742248535156 0.0532455444335937 0.3157958984375 0.466552734375
0.0186233520507813 0.055267333984375 0.197952270507812 0.25927734375
0.0297126770019531 0.0467147827148438 0.068267822265625 0.0255584716796875
0.0310134887695313 0.0613517761230469 -0.11383056640625 -0.218612670898438
-0.00056076049804688 0.0505447387695313 -0.30322265625 -0.38934326171875
-0.0251960754394531 0.0286903381347656 -0.538604736328125 -0.389312744140625
-0.0189018249511719 -0.0411224365234375 -0.66571044921875 -0.36358642578125
0.0538063049316406 -0.0528335571289063 -0.63275146484375 -0.437744140625
0.0778732299804688 0.0188446044921875 -0.431427001953125 -0.313629150390625
0.0219650268554687 0.088958740234375 -0.119056701660156 -0.0493087768554687
-0.00540924072265624 0.114593505859375 0.11614990234375 0.00450134277343751
0.053466796875 0.0753707885742188 0.37188720703125 0.34124755859375
0.0723724365234375 -0.0507659912109375 0.59271240234375 0.44415283203125
-0.0167922973632812 -0.0634689331054688 0.62310791015625 0.500244140625
-0.066619873046875 0.00325775146484374 0.44287109375 0.512115478515625
-0.0420951843261719 0.0664863586425781 0.314971923828125 0.451568603515625
0.0202903747558594 0.0640678405761719 0.183090209960938 0.234085083007813
0.0313491821289063 0.0533294677734375 0.0507164001464844 0.00218582153320313
0.0316848754882813 0.0727691650390625 -0.131820678710938 -0.2384033203125
-0.0113182067871094 0.0596733093261719 -0.31365966796875 -0.403076171875
-0.0468711853027344 0.0269126892089844 -0.536773681640625 -0.38916015625
-0.0324325561523438 -0.0606307983398438 -0.65753173828125 -0.34576416015625
0.0692367553710938 -0.070770263671875 -0.63360595703125 -0.41143798828125
0.0966949462890625 0.0290603637695313 -0.426361083984375 -0.2989501953125
0.0183029174804687 0.112709045410156 -0.118431091308594 -0.028350830078125
0.000312805175781253 -0.102912902832031 0.0976028442382813 0.0191116333007812
-0.123771667480469 -0.00885009765625 0.3946533203125 0.308013916015625
-0.0522079467773437 0.0840377807617187 0.636474609375 0.34954833984375
0.0498771667480469 0.0634841918945313 0.69891357421875 0.375732421875
0.0784530639648437 -0.0194931030273437 0.52490234375 0.424774169921875
0.0125045776367188 -0.0917282104492188 0.375274658203125 0.389434814453125
-0.018402099609375 -0.0942459106445313 0.20159912109375 0.235610961914063
0.00432586669921875 -0.084228515625 0.0507621765136719 0.0368194580078125
-0.000892639160156258 -0.0922698974609375 -0.108642578125 -0.235000610351562
0.0441665649414062 -0.091827392578125 -0.263885498046875 -0.4639892578125
0.0922927856445313 -0.0260772705078125 -0.470794677734375 -0.49713134765625
0.0588188171386719 0.0431365966796875 -0.59686279296875 -0.4710693359375
-0.0510597229003906 0.0600852966308594 -0.57958984375 -0.514892578125
-0.0812606811523437 -0.0433349609375 -0.41705322265625 -0.335357666015625
0.0110702514648437 -0.0933456420898438 -0.138473510742188 -0.0107269287109375
0.010284423828125 -0.09661865234375 0.102897644042969 -0.00747680664062501
-0.111602783203125 -0.0180587768554688 0.39813232421875 0.29510498046875
-0.0564804077148437 0.0743255615234375 0.6378173828125 0.3333740234375
0.0427017211914063 0.06988525390625 0.68408203125 0.36370849609375
0.0786361694335938 -0.00357818603515625 0.503997802734375 0.430938720703125
0.0200424194335938 -0.0774917602539063 0.369415283203125 0.415924072265625
-0.0103073120117188 -0.080841064453125 0.216476440429687 0.260299682617187
0.00748825073242187 -0.0686302185058594 0.0687980651855469 0.0550918579101562
0.00135803222656251 -0.074676513671875 -0.0943450927734375 -0.213165283203125
0.038726806640625 -0.0781097412109375 -0.2626953125 -0.437225341796875
0.0854339599609375 -0.026519775390625 -0.484161376953125 -0.481292724609375
0.0648384094238281 0.0326194763183594 -0.61492919921875 -0.47625732421875
-0.0307960510253906 0.0633049011230469 -0.58428955078125 -0.53173828125
-0.0702896118164063 -0.0237808227539063 -0.4161376953125 -0.34930419921875
0.00466918945312501 -0.0771560668945313 -0.132308959960938 -0.0363082885742188
0.0157318115234375 -0.0716552734375 0.113761901855469 -0.029937744140625
-0.0855712890625 -0.0154571533203125 0.40283203125 0.29180908203125
-0.0457763671875 0.0545272827148437 0.642822265625 0.32806396484375
0.0326728820800781 0.0623359680175781 0.67034912109375 0.35784912109375
0.0643196105957031 0.008575439453125 0.480560302734375 0.441650390625
0.0205574035644531 -0.05462646484375 0.3599853515625 0.440673828125
-0.00150299072265625 -0.0576133728027344 0.225189208984375 0.280609130859375
0.0118293762207031 -0.044342041015625 0.0823440551757813 0.0670623779296875
0.0058746337890625 -0.0474624633789062 -0.0844879150390625 -0.198928833007813
0.030364990234375 -0.0542984008789063 -0.264404296875 -0.414276123046875
0.0688629150390625 -0.0179824829101563 -0.4996337890625 -0.458251953125
0.0576629638671875 0.0174942016601563 -0.63360595703125 -0.46527099609375
-0.00753402709960937 0.0526924133300781 -0.59326171875 -0.53228759765625
-0.0462989807128906 -0.00751495361328125 -0.42193603515625 -0.353271484375
0.00440216064453125 -0.0497207641601563 -0.128807067871094 -0.0569839477539062
0.0136604309082031 -0.0327434539794922 0.124900817871094 -0.0428237915039063
-0.0534820556640625 0.00333786010742188 0.405120849609375 0.293548583984375
-0.0202999114990234 0.0326633453369141 0.64410400390625 0.336669921875
0.0244522094726563 0.0398597717285156 0.65606689453125 0.3671875
0.0409812927246094 0.0119667053222656 0.457366943359375 0.45648193359375
0.0115299224853516 -0.0252304077148437 0.344451904296875 0.4615478515625
0.00661849975585937 -0.0271377563476562 0.2255859375 0.29302978515625
0.0169925689697266 -0.0179882049560547 0.090240478515625 0.0678482055664063
0.013519287109375 -0.016850471496582 -0.080810546875 -0.19366455078125
0.0226802825927734 -0.0248317718505859 -0.26812744140625 -0.39739990234375
0.0472183227539063 -0.00468063354492188 -0.511505126953125 -0.43609619140625
0.0423316955566406 0.00412368774414062 -0.64923095703125 -0.44342041015625
0.0113506317138672 0.0297031402587891 -0.60931396484375 -0.51812744140625
-0.0150594711303711 0.00304698944091797 -0.42816162109375 -0.350128173828125
0.00723838806152344 -0.0151510238647461 -0.128028869628906 -0.0694122314453125
0.00397205352783203 0.0133724212646484 0.131744384765625 -0.0444488525390625
-0.0230998992919922 0.0329360961914063 0.4049072265625 0.30126953125
0.0139636993408203 0.013763427734375 0.640380859375 0.3577880859375
0.0200691223144531 0.00941848754882813 0.64276123046875 0.38916015625
0.0110054016113281 0.0088653564453125 0.44024658203125 0.471771240234375
-0.00515651702880859 0.00424718856811524 0.331085205078125 0.472442626953125
0.0114650726318359 0.00670528411865234 0.22027587890625 0.29315185546875
0.0225067138671875 0.00820350646972656 0.090667724609375 0.0607757568359375
0.0210494995117188 0.0147724151611328 -0.085296630859375 -0.195709228515625
0.0167179107666016 0.00421142578125 -0.278076171875 -0.3890380859375
0.0236892700195313 0.00987815856933594 -0.524444580078125 -0.41387939453125
0.0215263366699219 -0.00927352905273438 -0.662353515625 -0.41790771484375
0.0263786315917969 0.00136566162109375 -0.62115478515625 -0.49322509765625
0.0189971923828125 0.00830078125 -0.43341064453125 -0.34063720703125
0.0141620635986328 0.0214481353759766 -0.126960754394531 -0.072021484375
-0.0057220458984375 0.0583381652832031 0.131706237792969 -0.0362396240234375
0.00567245483398438 0.0612258911132812 0.398834228515625 0.3128662109375
0.0479393005371094 -0.00539398193359375 0.6285400390625 0.3828125
0.0130176544189453 -0.0224456787109375 0.63348388671875 0.42236328125
-0.0203857421875 0.00374984741210937 0.436126708984375 0.48834228515625
-0.0233573913574219 0.0320568084716797 0.324371337890625 0.476226806640625
0.0164604187011719 0.0356521606445313 0.213836669921875 0.281768798828125
0.0275077819824219 0.0315399169921875 0.0830764770507813 0.0460128784179688
0.0284881591796875 0.0418472290039063 -0.09735107421875 -0.205352783203125
0.00967025756835938 0.0315780639648438 -0.29144287109375 -0.38641357421875
-0.00101089477539062 0.0228843688964844 -0.53668212890625 -0.399810791015625
-0.000656127929687499 -0.024139404296875 -0.67156982421875 -0.38934326171875
0.0390472412109375 -0.0274848937988281 -0.63262939453125 -0.4659423828125
0.0508346557617188 0.0124473571777344 -0.4359130859375 -0.329742431640625
0.0211563110351563 0.0567550659179688 -0.124252319335937 -0.0659408569335938
-0.00934600830078125 0.0948867797851563 0.124923706054688 -0.01898193359375
0.03289794921875 0.0775222778320313 0.38922119140625 0.3267822265625
0.0688934326171875 -0.0285301208496094 0.6146240234375 0.413818359375
5.72204589843757E-05 -0.0493659973144531 0.62841796875 0.46417236328125
-0.0478172302246094 0.000762939453125001 0.43994140625 0.50531005859375
-0.0362052917480469 0.0540962219238281 0.3221435546875 0.469573974609375
0.0186920166015625 0.0563812255859375 0.201629638671875 0.260650634765625
0.0303306579589844 0.047576904296875 0.0695724487304688 0.0249481201171875
0.0324211120605469 0.0623550415039063 -0.113723754882813 -0.219818115234375
0.000438690185546879 0.0509414672851563 -0.30712890625 -0.392059326171875
-0.0253219604492188 0.0295639038085937 -0.543304443359375 -0.39093017578125
-0.0200119018554688 -0.0420036315917969 -0.67401123046875 -0.3626708984375
0.0538787841796875 -0.0537757873535156 -0.64093017578125 -0.43798828125
0.0786666870117188 0.0184249877929688 -0.43585205078125 -0.313873291015625
0.0223846435546875 0.0890274047851563 -0.120262145996094 -0.0496292114257812
-0.00449371337890624 0.115829467773438 0.115570068359375 0.00435638427734376
0.053985595703125 0.0764007568359375 0.377960205078125 0.341552734375
0.0722198486328125 -0.0526809692382813 0.60064697265625 0.44390869140625
-0.0184211730957031 -0.0640182495117188 0.6312255859375 0.4991455078125
-0.0668220520019531 0.00342559814453124 0.449005126953125 0.515167236328125
-0.041900634765625 0.0676193237304688 0.319976806640625 0.453094482421875
0.0209503173828125 0.0645294189453125 0.186676025390625 0.234970092773438
0.0312576293945313 0.0538597106933594 0.0510177612304688 0.0020599365234375
0.033233642578125 0.0731887817382813 -0.13299560546875 -0.239181518554688
-0.01068115234375 0.0618705749511719 -0.317840576171875 -0.40594482421875
-0.0467185974121094 0.0278434753417969 -0.5406494140625 -0.38983154296875
-0.0335922241210938 -0.060546875 -0.6656494140625 -0.3455810546875
0.0693740844726563 -0.0716934204101563 -0.6414794921875 -0.4110107421875
0.097320556640625 0.028350830078125 -0.43292236328125 -0.298736572265625
0.019073486328125 0.113777160644531 -0.119483947753906 -0.0287399291992188
-0.000907897949218748 -0.105514526367188 0.0981903076171875 0.0193634033203125
-0.125831604003906 -0.00755310058593753 0.399749755859375 0.30780029296875
-0.05181884765625 0.0859527587890625 0.64532470703125 0.34930419921875
0.0506401062011719 0.0635643005371094 0.7081298828125 0.37451171875
0.0790176391601563 -0.0213851928710938 0.531768798828125 0.422882080078125
0.0120620727539062 -0.0926589965820312 0.37799072265625 0.39239501953125
-0.0204391479492187 -0.0958480834960938 0.204696655273438 0.235809326171875
0.0032806396484375 -0.0849761962890625 0.0510139465332031 0.0363311767578125
-0.00195312500000001 -0.0936737060546875 -0.111740112304687 -0.236724853515625
0.0436019897460938 -0.0931320190429687 -0.26751708984375 -0.46630859375
0.0933685302734375 -0.0279083251953125 -0.47650146484375 -0.4969482421875
0.0595932006835937 0.0424461364746094 -0.60369873046875 -0.47052001953125
-0.050933837890625 0.0609474182128906 -0.58648681640625 -0.5140380859375
-0.0816574096679688 -0.04345703125 -0.423431396484375 -0.33734130859375
0.00997924804687501 -0.0947189331054688 -0.139114379882813 -0.0102081298828125
0.00901794433593751 -0.0982131958007813 0.103179931640625 -0.00811004638671876
-0.112686157226562 -0.0168609619140625 0.40374755859375 0.297454833984375
-0.0556564331054688 0.0758743286132813 0.64605712890625 0.3309326171875
0.0440750122070313 0.0708160400390625 0.693359375 0.3607177734375
0.0793914794921875 -0.00472259521484375 0.51104736328125 0.43194580078125
0.019561767578125 -0.0788040161132813 0.376068115234375 0.41766357421875
-0.0116500854492188 -0.080780029296875 0.219955444335938 0.262176513671875
0.00698089599609375 -0.0692138671875 0.0697021484375 0.0550003051757812
0.000572204589843746 -0.0753021240234375 -0.0965576171875 -0.214462280273438
0.03839111328125 -0.07928466796875 -0.266387939453125 -0.439910888671875
0.0855484008789063 -0.02679443359375 -0.492340087890625 -0.480987548828125
0.0659713745117188 0.0320243835449219 -0.622314453125 -0.475830078125
-0.0295753479003906 0.0645027160644531 -0.592041015625 -0.53271484375
-0.0722198486328125 -0.0239639282226563 -0.42303466796875 -0.350372314453125
0.00352478027343751 -0.0787887573242187 -0.132408142089844 -0.0363693237304687
0.0138931274414062 -0.073638916015625 0.11309814453125 -0.0303802490234375
-0.0871658325195313 -0.0146408081054688 0.4078369140625 0.2913818359375
-0.0464057922363281 0.0547637939453125 0.65118408203125 0.32720947265625
0.0331573486328125 0.0629081726074219 0.67681884765625 0.3558349609375
0.0661239624023438 0.00727081298828125 0.488128662109375 0.441925048828125
0.0201301574707031 -0.0558204650878906 0.36602783203125 0.4417724609375
-0.00215530395507813 -0.0573310852050781 0.228057861328125 0.281646728515625
0.0118560791015625 -0.0461349487304688 0.0848617553710938 0.0659713745117188
0.00558090209960938 -0.04791259765625 -0.08502197265625 -0.2003173828125
0.0294685363769531 -0.0550575256347656 -0.269439697265625 -0.4150390625
0.0690231323242188 -0.0186805725097656 -0.507232666015625 -0.45782470703125
0.0582618713378906 0.0179901123046875 -0.640869140625 -0.46502685546875
-0.00750350952148438 0.053070068359375 -0.6038818359375 -0.53173828125
-0.0475502014160156 -0.00694656372070312 -0.427337646484375 -0.35382080078125
0.00262451171875 -0.0509986877441406 -0.130355834960938 -0.0566864013671875
0.0130043029785156 -0.0332221984863281 0.125167846679688 -0.04345703125
-0.0556755065917969 0.00330734252929689 0.41064453125 0.294647216796875
-0.0203132629394531 0.0330467224121094 0.6522216796875 0.33465576171875
0.0253791809082031 0.0397911071777344 0.6622314453125 0.364501953125
0.0415420532226563 0.0119781494140625 0.46514892578125 0.45697021484375
0.0109577178955078 -0.0266227722167969 0.350006103515625 0.463226318359375
0.0057830810546875 -0.0265731811523438 0.229400634765625 0.293914794921875
0.0172977447509766 -0.0183353424072266 0.09222412109375 0.0686569213867188
0.0131034851074219 -0.0167713165283203 -0.0821533203125 -0.195053100585938
0.0233516693115234 -0.0245018005371094 -0.27093505859375 -0.3984375
0.0475730895996094 -0.00551223754882812 -0.517730712890625 -0.435028076171875
0.0423240661621094 0.00357818603515625 -0.65673828125 -0.44097900390625
0.0118827819824219 0.0299835205078125 -0.61761474609375 -0.51690673828125
-0.0159358978271484 0.00320053100585938 -0.434417724609375 -0.351654052734375
0.00772476196289062 -0.0168132781982422 -0.129440307617188 -0.0695953369140625
0.00399971008300781 0.012598991394043 0.131889343261719 -0.0459747314453125
-0.0243682861328125 0.03350830078125 0.410980224609375 0.302734375
0.0147266387939453 0.0143260955810547 0.6485595703125 0.3560791015625
0.0202674865722656 0.00870513916015625 0.64947509765625 0.38671875
0.0122566223144531 0.00831890106201172 0.447906494140625 0.4725341796875
-0.00504016876220703 0.00458908081054687 0.336212158203125 0.475921630859375
0.0119085311889648 0.00628948211669922 0.22528076171875 0.294586181640625
0.0230751037597656 0.00828933715820313 0.0919570922851563 0.0603179931640625
0.0219459533691406 0.0147247314453125 -0.0861053466796875 -0.197113037109375
0.0165891647338867 0.00541019439697266 -0.282379150390625 -0.388946533203125
0.0234470367431641 0.0106639862060547 -0.53118896484375 -0.41302490234375
0.0218353271484375 -0.00993919372558594 -0.6700439453125 -0.4146728515625
0.0266571044921875 0.00034332275390625 -0.630859375 -0.49365234375
0.0192356109619141 0.00824165344238281 -0.439910888671875 -0.340850830078125
0.0142421722412109 0.020904541015625 -0.127372741699219 -0.0729217529296875
-0.00593948364257813 0.0588188171386719 0.131988525390625 -0.037750244140625
0.0063018798828125 0.0624504089355469 0.404266357421875 0.313873291015625
0.04705810546875 -0.00501251220703125 0.63623046875 0.38128662109375
0.0132770538330078 -0.0232162475585938 0.64129638671875 0.41998291015625
-0.0199623107910156 0.00333786010742187 0.4410400390625 0.492034912109375
-0.0226669311523437 0.0327663421630859 0.33026123046875 0.479034423828125
0.016021728515625 0.0362358093261719 0.216766357421875 0.28204345703125
0.0281181335449219 0.0309906005859375 0.0847854614257813 0.0449905395507813
0.0296058654785156 0.0428619384765625 -0.0989227294921875 -0.207321166992188
0.0105342864990234 0.0320510864257813 -0.296600341796875 -0.38739013671875
-0.00139617919921875 0.0232963562011719 -0.54156494140625 -0.3984375
-0.000270843505859373 -0.0248088836669922 -0.67926025390625 -0.3876953125
0.0401649475097656 -0.0288581848144531 -0.6417236328125 -0.4644775390625
0.0510215759277344 0.0115127563476563 -0.440826416015625 -0.329498291015625
0.0210456848144531 0.056854248046875 -0.124954223632813 -0.0660476684570312
-0.00907135009765624 0.0952987670898437 0.125419616699219 -0.0198593139648437
0.0343475341796875 0.0785751342773438 0.39520263671875 0.327301025390625
0.06927490234375 -0.0292282104492187 0.6226806640625 0.41015625
-0.000473022460937495 -0.0496826171875 0.63653564453125 0.46282958984375
-0.04803466796875 0.00112533569335937 0.445709228515625 0.505401611328125
-0.0358772277832031 0.0554656982421875 0.327423095703125 0.47369384765625
0.0191841125488281 0.0566940307617188 0.204483032226562 0.261154174804687
0.0306396484375 0.0474014282226563 0.0699844360351563 0.0239601135253906
0.0337104797363281 0.0627212524414063 -0.116653442382813 -0.221450805664062
0.000869750976562504 0.0524177551269531 -0.311553955078125 -0.393768310546875
-0.0258598327636719 0.0307674407958984 -0.55035400390625 -0.388214111328125
-0.0213623046875 -0.0426292419433594 -0.68035888671875 -0.3603515625
0.0533638000488281 -0.0548439025878906 -0.6480712890625 -0.43646240234375
0.0792922973632813 0.017486572265625 -0.44183349609375 -0.314300537109375
0.0231399536132813 0.0897445678710938 -0.121139526367188 -0.0505447387695312
-0.003692626953125 0.11602783203125 0.115142822265625 0.00474548339843751
0.0552978515625 0.077117919921875 0.3828125 0.34271240234375
0.07281494140625 -0.0537109375 0.6103515625 0.445068359375
-0.0191612243652344 -0.0652732849121094 0.638427734375 0.50054931640625
-0.0674667358398437 0.00365829467773437 0.45574951171875 0.51580810546875
-0.0412521362304687 0.0692291259765625 0.325531005859375 0.45458984375
0.0217819213867187 0.0658950805664062 0.189300537109375 0.23602294921875
0.0326614379882813 0.05419921875 0.052581787109375 0.0018463134765625
0.0340652465820313 0.0735702514648438 -0.135040283203125 -0.240707397460938
-0.0109138488769531 0.0629730224609375 -0.32269287109375 -0.406951904296875
-0.0478935241699219 0.0285911560058594 -0.547393798828125 -0.390228271484375
-0.0344505310058594 -0.0615234375 -0.6728515625 -0.34503173828125
0.0688247680664062 -0.0742568969726563 -0.6517333984375 -0.41021728515625
0.099090576171875 0.0283203125 -0.438629150390625 -0.299560546875
0.0195693969726563 0.115425109863281 -0.119682312011719 -0.0286178588867187
-0.00208282470703126 -0.107254028320313 0.0989303588867188 0.0183334350585937
-0.126602172851563 -0.00669097900390623 0.406341552734375 0.307708740234375
-0.0514144897460938 0.087493896484375 0.653076171875 0.34588623046875
0.05255126953125 0.0635414123535156 0.7177734375 0.3712158203125
0.079803466796875 -0.0229644775390625 0.538330078125 0.421539306640625
0.010650634765625 -0.0944671630859375 0.384979248046875 0.392608642578125
-0.0219192504882812 -0.0954818725585938 0.207199096679688 0.23699951171875
0.00212097167968749 -0.0862350463867188 0.05255126953125 0.036102294921875
-0.0026092529296875 -0.093963623046875 -0.114181518554687 -0.237777709960938
0.04266357421875 -0.0936737060546875 -0.27398681640625 -0.46856689453125
0.09344482421875 -0.02923583984375 -0.484222412109375 -0.4970703125
0.0604133605957031 0.0424919128417969 -0.61376953125 -0.469482421875
-0.0512428283691406 0.0620574951171875 -0.5958251953125 -0.5145263671875
-0.0834808349609375 -0.04254150390625 -0.429595947265625 -0.335906982421875
0.0089111328125 -0.09698486328125 -0.139984130859375 -0.00938415527343748
0.00814819335937501 -0.0999069213867188 0.103378295898437 -0.00871276855468751
-0.115158081054688 -0.0163116455078125 0.40985107421875 0.2969970703125
-0.05596923828125 0.077056884765625 0.6539306640625 0.32891845703125
0.045379638671875 0.070770263671875 0.700927734375 0.35748291015625
0.0802764892578125 -0.006561279296875 0.518096923828125 0.4312744140625
0.0194244384765625 -0.0800399780273438 0.381927490234375 0.419036865234375
-0.0129776000976562 -0.0812911987304688 0.223602294921875 0.262039184570313
0.00565338134765624 -0.0704421997070313 0.0718307495117188 0.0546798706054688
-0.000808715820312504 -0.0765609741210938 -0.098358154296875 -0.215545654296875
0.0359573364257813 -0.080352783203125 -0.271636962890625 -0.441009521484375
0.0868606567382813 -0.0287246704101563 -0.49993896484375 -0.480743408203125
0.0661735534667969 0.0320053100585938 -0.63134765625 -0.47412109375
-0.0297279357910156 0.0652313232421875 -0.6015625 -0.53125
-0.0727310180664063 -0.0235137939453125 -0.4293212890625 -0.34869384765625
0.00283050537109374 -0.0805435180664063 -0.133613586425781 -0.0355072021484375
0.0137786865234375 -0.0737075805664063 0.112754821777344 -0.0317001342773438
-0.088348388671875 -0.0141067504882813 0.414093017578125 0.2900390625
-0.0458335876464844 0.0565910339355469 0.65850830078125 0.32476806640625
0.0347824096679688 0.0627517700195313 0.68548583984375 0.35101318359375
0.0669784545898438 0.00632476806640625 0.4954833984375 0.441986083984375
0.01995849609375 -0.0562171936035156 0.372802734375 0.44287109375
-0.00299453735351563 -0.0574150085449219 0.233795166015625 0.281951904296875
0.0109367370605469 -0.0466270446777344 0.0860671997070313 0.0653533935546875
0.00510025024414063 -0.0488090515136719 -0.08734130859375 -0.201416015625
0.0290451049804688 -0.0561294555664063 -0.2724609375 -0.415191650390625
0.0695037841796875 -0.0199127197265625 -0.51202392578125 -0.45745849609375
0.0588836669921875 0.0170745849609375 -0.6514892578125 -0.4622802734375
-0.00712203979492187 0.0526771545410156 -0.612060546875 -0.53021240234375
-0.0478973388671875 -0.00681304931640625 -0.43280029296875 -0.353607177734375
0.00210952758789062 -0.0518150329589844 -0.131187438964844 -0.056610107421875
0.0122165679931641 -0.0344581604003906 0.124595642089844 -0.0455551147460938
-0.0559005737304687 0.00368881225585938 0.41650390625 0.29339599609375
-0.0202980041503906 0.0338649749755859 0.6611328125 0.3321533203125
0.0261497497558594 0.0399436950683594 0.67120361328125 0.3612060546875
0.0419998168945313 0.010711669921875 0.472320556640625 0.4544677734375
0.0111541748046875 -0.0255985260009766 0.3572998046875 0.463623046875
0.00471687316894531 -0.027435302734375 0.234130859375 0.293304443359375
0.0162734985351563 -0.0186309814453125 0.0933685302734375 0.066925048828125
0.0139427185058594 -0.0173635482788086 -0.0836181640625 -0.19635009765625
0.0223217010498047 -0.0254058837890625 -0.276123046875 -0.398773193359375
0.0481224060058594 -0.00558090209960938 -0.524383544921875 -0.4344482421875
0.0429573059082031 0.00372314453125 -0.667236328125 -0.44073486328125
0.0114727020263672 0.0298595428466797 -0.62591552734375 -0.51605224609375
-0.0151834487915039 0.00301742553710938 -0.44085693359375 -0.350128173828125
0.00654029846191406 -0.0167007446289063 -0.130867004394531 -0.0696182250976563
0.00370121002197266 0.013218879699707 0.131988525390625 -0.047271728515625
-0.0239219665527344 0.0332050323486328 0.416107177734375 0.3018798828125
0.0142078399658203 0.0144748687744141 0.65765380859375 0.353759765625
0.0200691223144531 0.00905036926269531 0.66021728515625 0.38427734375
0.0116434097290039 0.00774192810058594 0.455963134765625 0.473297119140625
-0.00481367111206055 0.0047297477722168 0.344146728515625 0.476959228515625
0.0114345550537109 0.00682830810546875 0.2296142578125 0.294677734375
0.0222358703613281 0.00811576843261719 0.094390869140625 0.0593414306640625
0.0224952697753906 0.0146312713623047 -0.08782958984375 -0.198577880859375
0.0169620513916016 0.00475883483886719 -0.2882080078125 -0.389892578125
0.0237541198730469 0.0101375579833984 -0.537384033203125 -0.41375732421875
0.0213356018066406 -0.0101432800292969 -0.67840576171875 -0.41278076171875
0.0263137817382813 1.1444091796875E-05 -0.63934326171875 -0.491455078125
0.0187492370605469 0.00884246826171875 -0.445281982421875 -0.3409423828125
0.0139675140380859 0.0205631256103516 -0.129081726074219 -0.0724105834960937
-0.00553131103515625 0.0588912963867188 0.132011413574219 -0.0387496948242188
0.006927490234375 0.0631866455078125 0.411834716796875 0.31158447265625
0.0480918884277344 -0.00601577758789063 0.6473388671875 0.3795166015625
0.0127143859863281 -0.0234298706054688 0.6510009765625 0.41680908203125
-0.0201930999755859 0.00287628173828125 0.449462890625 0.4896240234375
-0.0217247009277344 0.0335731506347656 0.336639404296875 0.479644775390625
0.0162811279296875 0.0368995666503906 0.2216796875 0.282623291015625
0.0278949737548828 0.0316944122314453 0.085418701171875 0.0435638427734375
0.0302505493164063 0.042205810546875 -0.1007080078125 -0.207443237304688
0.0105037689208984 0.0330600738525391 -0.30029296875 -0.387176513671875
-0.000278472900390626 0.0238914489746094 -0.54779052734375 -0.395751953125
-0.00143623352050781 -0.0256443023681641 -0.68798828125 -0.38330078125
0.0390281677246094 -0.0292854309082031 -0.6512451171875 -0.46380615234375
0.0519981384277344 0.0119171142578125 -0.44805908203125 -0.329010009765625
0.021636962890625 0.0571479797363281 -0.125648498535156 -0.0661697387695313
-0.00839996337890624 0.0958786010742187 0.124862670898438 -0.0208816528320312
0.0350875854492188 0.0795211791992188 0.4019775390625 0.327056884765625
0.0692405700683594 -0.0302696228027344 0.63330078125 0.41021728515625
-0.000965118408203119 -0.0508193969726563 0.64373779296875 0.45965576171875
-0.0483894348144531 0.00120925903320312 0.4534912109375 0.507110595703125
-0.0354347229003906 0.0560684204101563 0.333526611328125 0.4720458984375
0.0208854675292969 0.0581283569335938 0.209320068359375 0.26251220703125
0.0315284729003906 0.0471534729003906 0.0716171264648437 0.0236434936523438
0.0353622436523437 0.0629425048828125 -0.119140625 -0.2218017578125
0.000972747802734371 0.0539665222167969 -0.315948486328125 -0.393341064453125
-0.0250205993652344 0.0306396484375 -0.556854248046875 -0.387115478515625
-0.0209236145019531 -0.0428352355957031 -0.68890380859375 -0.3585205078125
0.0532341003417969 -0.0567283630371094 -0.65704345703125 -0.43414306640625
0.080718994140625 0.0180130004882813 -0.4481201171875 -0.313934326171875
0.0240478515625 0.0900497436523438 -0.121780395507812 -0.0500640869140625
-0.00263214111328126 0.117401123046875 0.116447448730469 0.00371551513671876
0.0562362670898437 0.077301025390625 0.38958740234375 0.342742919921875
0.0731430053710938 -0.0552749633789063 0.61865234375 0.44183349609375
-0.0202178955078125 -0.0659332275390625 0.64892578125 0.49835205078125
-0.0681571960449219 0.00406265258789062 0.46295166015625 0.515625
-0.040740966796875 0.0706100463867188 0.33343505859375 0.456939697265625
0.0228652954101562 0.0668869018554688 0.19281005859375 0.23529052734375
0.0328826904296875 0.0543785095214844 0.0534782409667969 0.0011138916015625
0.0356369018554688 0.0735702514648438 -0.137954711914063 -0.24200439453125
-0.00968551635742188 0.0641212463378906 -0.326934814453125 -0.408843994140625
-0.0474090576171875 0.0298347473144531 -0.553955078125 -0.389312744140625
-0.0354728698730469 -0.0619430541992188 -0.68145751953125 -0.341552734375
0.06951904296875 -0.0754013061523437 -0.6600341796875 -0.4072265625
0.100044250488281 0.0276412963867187 -0.445037841796875 -0.299163818359375
0.021240234375 0.114959716796875 -0.121292114257812 -0.0277481079101563
-0.00400543212890625 -0.108772277832031 0.0987472534179688 0.0189895629882812
-0.128700256347656 -0.00524902343749998 0.412109375 0.3065185546875
-0.0506973266601562 0.0885391235351563 0.6617431640625 0.34320068359375
0.0532379150390625 0.0636825561523438 0.72705078125 0.364501953125
0.0809478759765625 -0.0251541137695313 0.547698974609375 0.418731689453125
0.00989532470703125 -0.0954132080078125 0.39154052734375 0.3917236328125
-0.0236434936523438 -0.095672607421875 0.211456298828125 0.235519409179688
0.000770568847656246 -0.0871353149414062 0.0531082153320312 0.0356025695800781
-0.00445556640625 -0.0941543579101563 -0.116790771484375 -0.23797607421875
0.0424270629882813 -0.0954513549804687 -0.281005859375 -0.4676513671875
0.094451904296875 -0.0311279296875 -0.49273681640625 -0.495330810546875
0.0613937377929688 0.0424652099609375 -0.62225341796875 -0.466796875
-0.0505218505859375 0.0629501342773438 -0.6038818359375 -0.51007080078125
-0.0851058959960938 -0.0421600341796875 -0.43670654296875 -0.33367919921875
0.00734710693359374 -0.0982513427734375 -0.140029907226563 -0.0084686279296875
0.00620269775390624 -0.101943969726563 0.102165222167969 -0.00962829589843751
-0.116676330566406 -0.0148544311523438 0.41583251953125 0.294708251953125
-0.0559158325195312 0.0785903930664063 0.66302490234375 0.32550048828125
0.0465087890625 0.071044921875 0.71002197265625 0.352783203125
0.0809097290039062 -0.00769805908203125 0.52557373046875 0.428497314453125
0.0186233520507813 -0.0815887451171875 0.3870849609375 0.4178466796875
-0.0148773193359375 -0.0817489624023438 0.227783203125 0.261337280273438
0.0045928955078125 -0.0713424682617188 0.0728836059570313 0.053436279296875
-0.00147247314453125 -0.0762710571289063 -0.100845336914062 -0.215438842773438
0.036041259765625 -0.0815963745117188 -0.277984619140625 -0.440643310546875
0.08746337890625 -0.0299758911132812 -0.505645751953125 -0.47833251953125
0.0670318603515625 0.0309906005859375 -0.64141845703125 -0.46820068359375
-0.0296783447265625 0.0662574768066406 -0.6099853515625 -0.52947998046875
-0.0737152099609375 -0.022369384765625 -0.435302734375 -0.346649169921875
0.00208282470703125 -0.081268310546875 -0.134925842285156 -0.0346527099609375
0.0129928588867188 -0.07623291015625 0.1126708984375 -0.0329971313476563
-0.0904159545898438 -0.0135040283203125 0.421142578125 0.2890625
-0.0466842651367188 0.05712890625 0.6680908203125 0.3204345703125
0.0354804992675781 0.0632705688476563 0.69451904296875 0.34710693359375
0.0678062438964844 0.0051727294921875 0.50347900390625 0.439300537109375
0.0195999145507812 -0.0565681457519531 0.378631591796875 0.4427490234375
-0.00482559204101563 -0.0581893920898437 0.238311767578125 0.281585693359375
0.00963211059570313 -0.0470771789550781 0.0877609252929687 0.0638656616210937
0.0048065185546875 -0.0489959716796875 -0.0894012451171875 -0.202529907226562
0.0285263061523437 -0.0565071105957031 -0.279052734375 -0.416595458984375
0.0697059631347656 -0.0218505859375 -0.520294189453125 -0.45556640625
0.0593681335449219 0.0168800354003906 -0.66070556640625 -0.45855712890625
-0.006256103515625 0.0535964965820313 -0.62139892578125 -0.52947998046875
-0.0487136840820313 -0.0059356689453125 -0.440582275390625 -0.35260009765625
0.00133514404296875 -0.053314208984375 -0.132293701171875 -0.0567398071289063
0.0120296478271484 -0.0346965789794922 0.12451171875 -0.0468597412109375
-0.0567092895507813 0.00528335571289063 0.424224853515625 0.29058837890625
-0.0204429626464844 0.0344944000244141 0.66961669921875 0.3280029296875
0.026458740234375 0.03985595703125 0.679443359375 0.35595703125
0.042327880859375 0.00960540771484375 0.479461669921875 0.454132080078125
0.0104732513427734 -0.0263900756835938 0.36480712890625 0.46478271484375
0.00398826599121094 -0.0267276763916016 0.23846435546875 0.2933349609375
0.0169315338134766 -0.0194110870361328 0.09625244140625 0.0662918090820313
0.01397705078125 -0.0166530609130859 -0.084808349609375 -0.196990966796875
0.0218486785888672 -0.0253620147705078 -0.28179931640625 -0.3983154296875
0.0473899841308594 -0.00693130493164063 -0.531951904296875 -0.432647705078125
0.0429191589355469 0.00294876098632813 -0.67620849609375 -0.43682861328125
0.0116691589355469 0.0294609069824219 -0.63604736328125 -0.5125732421875
-0.0159168243408203 0.00347518920898438 -0.448486328125 -0.349029541015625
0.00606727600097656 -0.0171880722045898 -0.131927490234375 -0.0698928833007812
0.00282955169677734 0.0130243301391602 0.131187438964844 -0.0489959716796875
-0.0243473052978516 0.0348320007324219 0.423583984375 0.299957275390625
0.0145063400268555 0.0142745971679688 0.666259765625 0.34814453125
0.0201568603515625 0.00805473327636719 0.66729736328125 0.38037109375
0.0124397277832031 0.00713062286376953 0.462127685546875 0.4718017578125
-0.00480747222900391 0.00441884994506836 0.35076904296875 0.47796630859375
0.011357307434082 0.00726222991943359 0.234832763671875 0.2940673828125
0.0228786468505859 0.00778388977050781 0.0953598022460937 0.0588531494140625
0.0226879119873047 0.0150775909423828 -0.0907745361328125 -0.19970703125
0.0168371200561523 0.00512981414794922 -0.29278564453125 -0.3905029296875
0.0239429473876953 0.00971221923828125 -0.54534912109375 -0.40960693359375
0.0213985443115234 -0.0104007720947266 -0.68646240234375 -0.4083251953125
0.0261192321777344 -2.47955322265625E-05 -0.6495361328125 -0.4884033203125
0.01885986328125 0.00778770446777344 -0.452362060546875 -0.338836669921875
0.0147647857666016 0.0202617645263672 -0.130638122558594 -0.0725784301757813
-0.004791259765625 0.0598182678222656 0.131668090820313 -0.0402603149414063
0.0069427490234375 0.0632209777832031 0.41815185546875 0.3109130859375
0.0478935241699219 -0.00706863403320313 0.65667724609375 0.375244140625
0.0121555328369141 -0.0247230529785156 0.6588134765625 0.413818359375
-0.0199623107910156 0.00264358520507813 0.458038330078125 0.490325927734375
-0.0218544006347656 0.0342693328857422 0.343536376953125 0.4803466796875
0.0168914794921875 0.037078857421875 0.2266845703125 0.282867431640625
0.0286426544189453 0.031707763671875 0.0878677368164062 0.0434417724609375
0.0310859680175781 0.0428962707519531 -0.103256225585938 -0.208572387695312
0.0108108520507812 0.0332736968994141 -0.305084228515625 -0.38641357421875
-0.000778198242187502 0.0241622924804688 -0.555511474609375 -0.394287109375
-0.00149345397949219 -0.0254554748535156 -0.6962890625 -0.37933349609375
0.0384407043457031 -0.0307807922363281 -0.65936279296875 -0.4588623046875
0.0530014038085938 0.0109405517578125 -0.4542236328125 -0.326385498046875
0.0214881896972656 0.0571365356445313 -0.127243041992188 -0.0656204223632813
-0.00817871093749999 0.097320556640625 0.125450134277344 -0.0224456787109375
0.0365447998046875 0.0801620483398438 0.408538818359375 0.325042724609375
0.0691566467285156 -0.0316886901855469 0.64324951171875 0.406005859375
-0.0019683837890625 -0.0516738891601563 0.65484619140625 0.45556640625
-0.0487785339355469 0.000873565673828117 0.462127685546875 0.505096435546875
-0.0344696044921875 0.0576324462890625 0.340301513671875 0.474273681640625
0.02105712890625 0.0586624145507813 0.213531494140625 0.261611938476563
0.0325851440429688 0.0479469299316406 0.0723190307617188 0.0226669311523438
0.03643798828125 0.0632820129394531 -0.121536254882812 -0.222259521484375
0.00238418579101562 0.0539970397949219 -0.32159423828125 -0.39306640625
-0.0250530242919922 0.0322017669677734 -0.5625 -0.3846435546875
-0.0225257873535156 -0.0423011779785156 -0.69708251953125 -0.35302734375
0.0521202087402344 -0.0581130981445312 -0.6661376953125 -0.43017578125
0.0815353393554688 0.0167312622070313 -0.4552001953125 -0.31103515625
0.0249404907226562 0.0904922485351562 -0.122451782226563 -0.0502548217773438
-0.00152587890625001 0.118560791015625 0.115966796875 0.00320434570312501
0.05755615234375 0.0776748657226563 0.396759033203125 0.3408203125
0.0722274780273438 -0.0568923950195313 0.629150390625 0.43951416015625
-0.0217857360839844 -0.0667877197265625 0.65789794921875 0.49334716796875
-0.0694046020507813 0.00412368774414062 0.471923828125 0.51593017578125
-0.0395965576171875 0.0721282958984375 0.33770751953125 0.45758056640625
0.0241203308105469 0.0673294067382813 0.196807861328125 0.235244750976563
0.0342254638671875 0.054229736328125 0.0537071228027344 -0.000110626220703122
0.0379791259765625 0.0744781494140625 -0.140823364257813 -0.242462158203125
-0.00873184204101562 0.0653190612792969 -0.333099365234375 -0.407012939453125
-0.0474624633789063 0.0316581726074219 -0.561431884765625 -0.3848876953125
-0.0372657775878906 -0.0618019104003906 -0.6878662109375 -0.335205078125
0.0680389404296875 -0.0776824951171875 -0.66961669921875 -0.4033203125
0.100616455078125 0.0268936157226563 -0.450958251953125 -0.297088623046875
0.02203369140625 0.116561889648438 -0.121635437011719 -0.0278549194335937
-0.00563812255859375 -0.11065673828125 0.0983200073242188 0.0177001953125
-0.130508422851563 -0.00344085693359376 0.419769287109375 0.304443359375
-0.0492706298828125 0.0907974243164063 0.670654296875 0.3359375
0.0549468994140625 0.0633277893066406 0.73431396484375 0.35955810546875
0.0814743041992188 -0.0267715454101562 0.55535888671875 0.41510009765625
0.00824737548828125 -0.097015380859375 0.396942138671875 0.3892822265625
-0.0259628295898438 -0.0956573486328125 0.214797973632813 0.235076904296875
-0.000556945800781247 -0.087738037109375 0.0541305541992188 0.0350608825683594
-0.00538635253906249 -0.0948486328125 -0.119888305664062 -0.238723754882813
0.0410232543945312 -0.0970535278320312 -0.28594970703125 -0.4674072265625
0.094940185546875 -0.0326461791992188 -0.499481201171875 -0.493560791015625
0.0620613098144531 0.0418243408203125 -0.63018798828125 -0.4615478515625
-0.0504570007324219 0.0642166137695313 -0.61517333984375 -0.507080078125
-0.0870361328125 -0.04071044921875 -0.444000244140625 -0.3314208984375
0.00534820556640626 -0.0993881225585938 -0.141128540039063 -0.00700378417968751
0.00525665283203126 -0.103271484375 0.102745056152344 -0.0101089477539063
-0.118125915527344 -0.0136260986328125 0.422027587890625 0.291046142578125
-0.055450439453125 0.0799102783203125 0.6732177734375 0.3197021484375
0.0475997924804688 0.0708084106445313 0.7191162109375 0.34613037109375
0.081939697265625 -0.010223388671875 0.534820556640625 0.42498779296875
0.0174484252929688 -0.0830917358398437 0.3955078125 0.41729736328125
-0.0159530639648437 -0.0825881958007813 0.231781005859375 0.259567260742187
0.00347900390625 -0.071929931640625 0.074310302734375 0.0529556274414062
-0.00291442871093749 -0.0764389038085938 -0.103118896484375 -0.216323852539063
0.034881591796875 -0.082122802734375 -0.283447265625 -0.44140625
0.086761474609375 -0.0316162109375 -0.513427734375 -0.476959228515625
0.0680160522460937 0.030670166015625 -0.6492919921875 -0.46649169921875
-0.028564453125 0.06732177734375 -0.6204833984375 -0.52484130859375
-0.0754165649414063 -0.0214462280273438 -0.441802978515625 -0.345794677734375
0.000350952148437503 -0.0825576782226563 -0.1357421875 -0.0341796875
0.0116119384765625 -0.0774765014648438 0.112289428710938 -0.0343399047851563
-0.091033935546875 -0.0118637084960937 0.426849365234375 0.286163330078125
-0.0457420349121094 0.0588111877441406 0.6759033203125 0.31353759765625
0.0365791320800781 0.0631065368652344 0.7020263671875 0.3402099609375
0.0689735412597656 0.00304031372070313 0.51068115234375 0.4366455078125
0.0193748474121094 -0.0572624206542969 0.387054443359375 0.442291259765625
-0.00589370727539063 -0.0585403442382813 0.242446899414063 0.280197143554687
0.00885009765624999 -0.047821044921875 0.0900955200195313 0.0639266967773437
0.00408554077148437 -0.0491828918457031 -0.092437744140625 -0.203125
0.0276107788085937 -0.0574798583984375 -0.284271240234375 -0.41455078125
0.0700263977050781 -0.0231437683105469 -0.528778076171875 -0.4512939453125
0.0606002807617188 0.0154762268066406 -0.66973876953125 -0.45367431640625
-0.00566864013671876 0.0539054870605469 -0.6318359375 -0.5247802734375
-0.0501594543457031 -0.00516128540039062 -0.4483642578125 -0.3502197265625
0.000373840332031249 -0.0537872314453125 -0.133857727050781 -0.0567550659179687
0.0111656188964844 -0.0366401672363281 0.123687744140625 -0.0484619140625
-0.0582008361816406 0.00576400756835938 0.429779052734375 0.289703369140625
-0.0199966430664063 0.03564453125 0.678955078125 0.3223876953125
0.0266227722167969 0.0402793884277344 0.68731689453125 0.350830078125
0.0438270568847656 0.00955963134765625 0.4871826171875 0.45074462890625
0.0108222961425781 -0.0278301239013672 0.37030029296875 0.463592529296875
0.0041961669921875 -0.0269966125488281 0.243865966796875 0.29205322265625
0.0160675048828125 -0.0199508666992188 0.0981292724609375 0.0648727416992188
0.0130043029785156 -0.0176429748535156 -0.087982177734375 -0.197189331054688
0.0220603942871094 -0.0262928009033203 -0.287139892578125 -0.398834228515625
0.04791259765625 -0.00744247436523438 -0.53765869140625 -0.4283447265625
0.0434150695800781 0.00223922729492188 -0.68524169921875 -0.4310302734375
0.0123348236083984 0.0290012359619141 -0.64599609375 -0.50811767578125
-0.0160350799560547 0.00349617004394532 -0.454315185546875 -0.34539794921875
0.00603294372558594 -0.0183525085449219 -0.133773803710938 -0.06982421875
0.00353336334228516 0.0126209259033203 0.130928039550781 -0.0508041381835938
-0.0246734619140625 0.0355644226074219 0.42913818359375 0.296630859375
0.0145349502563477 0.0138177871704102 0.67578125 0.34259033203125
0.0205364227294922 0.0088043212890625 0.67498779296875 0.37371826171875
0.0129318237304688 0.00647830963134766 0.47137451171875 0.468719482421875
-0.00485467910766602 0.00487852096557617 0.35821533203125 0.477142333984375
0.0109739303588867 0.00759506225585938 0.23919677734375 0.29364013671875
0.0235919952392578 0.00738716125488281 0.0973587036132813 0.056915283203125
0.0231418609619141 0.0145454406738281 -0.092071533203125 -0.199432373046875
0.0174245834350586 0.00588130950927734 -0.29595947265625 -0.388763427734375
0.0247440338134766 0.00986289978027344 -0.55108642578125 -0.406219482421875
0.020751953125 -0.0107002258300781 -0.69561767578125 -0.40179443359375
0.0261631011962891 -0.000762939453125 -0.65838623046875 -0.48260498046875
0.0193233489990234 0.00800704956054688 -0.45916748046875 -0.3359375
0.0142459869384766 0.0197620391845703 -0.131752014160156 -0.0723876953125
-0.00510025024414063 0.0594940185546875 0.131202697753906 -0.0421066284179687
0.00766372680664062 0.0645294189453125 0.42510986328125 0.30755615234375
0.0474586486816406 -0.00781631469726563 0.66571044921875 0.36920166015625
0.0116825103759766 -0.0246982574462891 0.66668701171875 0.4073486328125
-0.0203075408935547 0.00257110595703125 0.465911865234375 0.487030029296875
-0.0208644866943359 0.0341320037841797 0.351959228515625 0.480255126953125
0.0170555114746094 0.0378608703613281 0.23175048828125 0.281494140625
0.0288772583007812 0.0307331085205078 0.08929443359375 0.041748046875
0.0325927734375 0.0420074462890625 -0.10546875 -0.20880126953125
0.0114650726318359 0.0335712432861328 -0.31109619140625 -0.385711669921875
0.000270843505859374 0.0246944427490234 -0.56414794921875 -0.38934326171875
-0.00292015075683594 -0.0249824523925781 -0.70465087890625 -0.375
0.0384712219238281 -0.0320167541503906 -0.66796875 -0.4542236328125
0.0526580810546875 0.0106544494628906 -0.460906982421875 -0.323699951171875
0.0224189758300781 0.056732177734375 -0.128715515136719 -0.065460205078125
-0.00656890869140626 0.0975341796875 0.125068664550781 -0.0233688354492187
0.0373382568359375 0.0804901123046875 0.414886474609375 0.32220458984375
0.0694656372070313 -0.0329055786132813 0.65234375 0.40081787109375
-0.00324630737304687 -0.0521774291992188 0.66485595703125 0.449951171875
-0.0497169494628906 0.00163650512695313 0.4697265625 0.502685546875
-0.0335540771484375 0.0587539672851563 0.347900390625 0.472320556640625
0.0219383239746094 0.0594291687011719 0.21783447265625 0.260498046875
0.0328407287597656 0.0478324890136719 0.074371337890625 0.0217361450195313
0.0384559631347656 0.0637397766113281 -0.124481201171875 -0.222518920898438
0.00312423706054687 0.055633544921875 -0.327728271484375 -0.391510009765625
-0.0249156951904297 0.032958984375 -0.56939697265625 -0.38189697265625
-0.0237083435058594 -0.0422744750976563 -0.7039794921875 -0.34722900390625
0.0516891479492187 -0.0599212646484375 -0.6751708984375 -0.42413330078125
0.0823898315429688 0.0159530639648438 -0.46234130859375 -0.30718994140625
0.0263595581054688 0.09014892578125 -0.124397277832031 -0.0494155883789062
-1.52587890624979E-05 0.118789672851563 0.1160888671875 0.00224304199218751
0.0586318969726562 0.07794189453125 0.404144287109375 0.339324951171875
0.0720596313476563 -0.0586776733398438 0.6380615234375 0.43414306640625
-0.0233497619628906 -0.0665664672851563 0.6689453125 0.48834228515625
-0.0694084167480469 0.00532913208007813 0.480194091796875 0.51263427734375
-0.0384140014648438 0.0730667114257813 0.34588623046875 0.456329345703125
0.0250740051269531 0.068145751953125 0.200271606445313 0.234970092773438
0.035186767578125 0.0543975830078125 0.0547218322753906 -0.00142669677734375
0.0401458740234375 0.0750274658203125 -0.144180297851563 -0.242233276367187
-0.00747680664062499 0.0677146911621094 -0.338958740234375 -0.406036376953125
-0.0478401184082031 0.032440185546875 -0.56744384765625 -0.3809814453125
-0.0390090942382813 -0.0619850158691406 -0.69622802734375 -0.32989501953125
0.0669708251953125 -0.0794754028320313 -0.67724609375 -0.39727783203125
0.10260009765625 0.0260238647460938 -0.458587646484375 -0.294342041015625
0.0241775512695312 0.116554260253906 -0.122833251953125 -0.026580810546875
-0.00797271728515624 -0.111534118652344 0.09881591796875 0.0171127319335937
-0.131690979003906 -0.00123596191406252 0.42633056640625 0.300323486328125
-0.049041748046875 0.0922698974609375 0.6785888671875 0.3302001953125
0.0559539794921875 0.0624160766601562 0.7425537109375 0.35089111328125
0.0811386108398437 -0.0288238525390625 0.563232421875 0.40948486328125
0.0077972412109375 -0.097259521484375 0.40435791015625 0.387359619140625
-0.0277862548828125 -0.0952301025390625 0.219375610351563 0.234100341796875
-0.00263214111328125 -0.08880615234375 0.0557060241699219 0.0347938537597656
-0.00681304931640625 -0.0950927734375 -0.12371826171875 -0.238510131835938
0.0392913818359375 -0.0981292724609375 -0.29400634765625 -0.465972900390625
0.0952529907226563 -0.034088134765625 -0.506256103515625 -0.4888916015625
0.0641098022460937 0.0406684875488281 -0.640380859375 -0.455810546875
-0.0493202209472656 0.0654449462890625 -0.62408447265625 -0.50244140625
-0.08831787109375 -0.0405807495117187 -0.448974609375 -0.326904296875
0.00336456298828124 -0.101364135742188 -0.141525268554688 -0.00611877441406248
0.0028839111328125 -0.104629516601563 0.101844787597656 -0.0114898681640625
-0.120086669921875 -0.011688232421875 0.4290771484375 0.287689208984375
-0.054718017578125 0.081787109375 0.67999267578125 0.31341552734375
0.0491409301757813 0.0713424682617188 0.72698974609375 0.3385009765625
0.0824432373046875 -0.01202392578125 0.54241943359375 0.418731689453125
0.0171966552734375 -0.0836257934570313 0.40032958984375 0.414215087890625
-0.0177154541015625 -0.0825424194335937 0.236648559570312 0.258529663085938
0.00191497802734375 -0.07269287109375 0.0763931274414063 0.05218505859375
-0.00348663330078126 -0.0771026611328125 -0.106552124023438 -0.216781616210937
0.0335617065429688 -0.0837783813476563 -0.2901611328125 -0.439453125
0.0874710083007813 -0.0337600708007813 -0.523284912109375 -0.47088623046875
0.0690383911132812 0.0301589965820312 -0.6590576171875 -0.45977783203125
-0.027679443359375 0.0683555603027344 -0.63031005859375 -0.519287109375
-0.0766067504882813 -0.0201797485351562 -0.45025634765625 -0.340728759765625
-0.00159454345703125 -0.0842437744140625 -0.136543273925781 -0.0334396362304688
0.010345458984375 -0.0786056518554688 0.111434936523437 -0.0356063842773438
-0.0925750732421875 -0.0108871459960938 0.433380126953125 0.282135009765625
-0.0455207824707031 0.0599327087402344 0.683837890625 0.306396484375
0.0376396179199219 0.0632247924804688 0.71051025390625 0.33184814453125
0.0695037841796875 0.00143814086914062 0.51812744140625 0.43255615234375
0.0182914733886719 -0.0589599609375 0.39306640625 0.43994140625
-0.00708389282226562 -0.0579414367675781 0.247726440429688 0.27880859375
0.00814437866210938 -0.0481719970703125 0.091552734375 0.0621109008789063
0.003662109375 -0.0498008728027344 -0.09466552734375 -0.202743530273438
0.0266571044921875 -0.0579032897949219 -0.29150390625 -0.413543701171875
0.0695381164550781 -0.0243911743164063 -0.5360107421875 -0.446685791015625
0.0607986450195313 0.0154151916503906 -0.67822265625 -0.44622802734375
-0.00505828857421875 0.0541305541992188 -0.6417236328125 -0.51806640625
-0.0506629943847656 -0.00439834594726562 -0.45379638671875 -0.34619140625
-0.000839233398437503 -0.0549125671386719 -0.135086059570312 -0.0557174682617188
0.0106353759765625 -0.0376968383789063 0.123092651367188 -0.0497589111328125
-0.05767822265625 0.00615310668945312 0.43609619140625 0.28411865234375
-0.0206413269042969 0.0365753173828125 0.68670654296875 0.3167724609375
0.0277023315429688 0.0398902893066406 0.69512939453125 0.3428955078125
0.0445213317871094 0.00768661499023438 0.49603271484375 0.445648193359375
0.0101528167724609 -0.0276947021484375 0.377716064453125 0.460113525390625
0.00233650207519531 -0.0261516571044922 0.248870849609375 0.290924072265625
0.0153350830078125 -0.0211200714111328 0.100082397460938 0.0637283325195313
0.0134191513061523 -0.0174837112426758 -0.0901641845703125 -0.197402954101563
0.02142333984375 -0.0267372131347656 -0.29327392578125 -0.395599365234375
0.0480422973632813 -0.008697509765625 -0.545745849609375 -0.422943115234375
0.0437088012695312 0.00194549560546875 -0.6932373046875 -0.4241943359375
0.0126399993896484 0.0297069549560547 -0.65576171875 -0.5008544921875
-0.0164070129394531 0.00452232360839843 -0.461578369140625 -0.34088134765625
0.00461578369140625 -0.0188007354736328 -0.134727478027344 -0.068817138671875
0.00368499755859375 0.011509895324707 0.130622863769531 -0.05255126953125
-0.0242843627929688 0.0358543395996094 0.43560791015625 0.2933349609375
0.0134611129760742 0.0143423080444336 0.6834716796875 0.33599853515625
0.0200557708740234 0.00820159912109375 0.6839599609375 0.36492919921875
0.012476921081543 0.00568580627441406 0.478118896484375 0.465789794921875
-0.00450849533081055 0.00480556488037109 0.365570068359375 0.47515869140625
0.0112752914428711 0.00764656066894531 0.24462890625 0.291015625
0.0226211547851563 0.00779342651367188 0.0989913940429688 0.0562896728515625
0.0237503051757813 0.0143260955810547 -0.0947723388671875 -0.199417114257813
0.0175714492797852 0.00588703155517578 -0.30328369140625 -0.385711669921875
0.0246963500976563 0.00939750671386719 -0.557891845703125 -0.401824951171875
0.0199928283691406 -0.0108489990234375 -0.70404052734375 -0.39520263671875
0.0257511138916016 -0.00118637084960938 -0.66802978515625 -0.4755859375
0.0195789337158203 0.00861740112304688 -0.466033935546875 -0.332000732421875
0.0142288208007813 0.019134521484375 -0.133003234863281 -0.0719223022460938
-0.00441741943359376 0.0597610473632812 0.130577087402344 -0.0435028076171875
0.00859832763671876 0.0643463134765625 0.431549072265625 0.30364990234375
0.0476531982421875 -0.00838088989257813 0.67352294921875 0.3614501953125
0.0114631652832031 -0.0258159637451172 0.67620849609375 0.39959716796875
-0.0204353332519531 0.002716064453125 0.47381591796875 0.4822998046875
-0.0206108093261719 0.0352668762207031 0.359130859375 0.47808837890625
0.0178756713867188 0.0385246276855469 0.235610961914063 0.279647827148438
0.0298824310302734 0.0304222106933594 0.0897750854492188 0.0402297973632813
0.0334968566894531 0.0422439575195313 -0.10809326171875 -0.208480834960938
0.0123634338378906 0.0342864990234375 -0.318267822265625 -0.384307861328125
0.0005950927734375 0.0253696441650391 -0.570556640625 -0.3836669921875
-0.00316619873046875 -0.0250816345214844 -0.71295166015625 -0.36590576171875
0.037445068359375 -0.0333786010742188 -0.67724609375 -0.44659423828125
0.0528221130371094 0.009735107421875 -0.469207763671875 -0.31884765625
0.0232276916503906 0.0569801330566406 -0.129013061523438 -0.064910888671875
-0.00534820556640626 0.0981521606445313 0.12396240234375 -0.0258255004882812
0.0382461547851563 0.0811004638671875 0.420989990234375 0.318572998046875
0.0689888000488281 -0.0343437194824219 0.660400390625 0.3946533203125
-0.00435638427734376 -0.0521659851074219 0.6732177734375 0.4437255859375
-0.0501441955566406 0.00171661376953125 0.47821044921875 0.498931884765625
-0.0329208374023438 0.0604362487792969 0.35638427734375 0.471893310546875
0.0232200622558594 0.0599136352539063 0.222457885742188 0.259124755859375
0.0340652465820313 0.0477638244628906 0.0745773315429688 0.0200271606445313
0.0399322509765625 0.0632247924804688 -0.126922607421875 -0.22247314453125
0.00438308715820313 0.0563240051269531 -0.3336181640625 -0.38861083984375
-0.024658203125 0.0335731506347656 -0.57568359375 -0.37432861328125
-0.0247535705566406 -0.0429191589355469 -0.71221923828125 -0.3402099609375
0.050872802734375 -0.0617866516113281 -0.68511962890625 -0.4173583984375
0.0829544067382812 0.014739990234375 -0.4678955078125 -0.30426025390625
0.02734375 0.0909194946289063 -0.125595092773437 -0.0484085083007812
0.00188446044921874 0.120460510253906 0.116279602050781 0.000885009765625007
0.0601806640625 0.0783157348632813 0.41009521484375 0.33538818359375
0.071502685546875 -0.0599365234375 0.64813232421875 0.4281005859375
-0.0242385864257813 -0.0669822692871094 0.6778564453125 0.48321533203125
-0.0704269409179688 0.00587463378906251 0.488372802734375 0.5067138671875
-0.036712646484375 0.0744552612304688 0.35345458984375 0.4549560546875
0.0261001586914063 0.0690155029296875 0.203872680664063 0.23297119140625
0.0363235473632813 0.0545654296875 0.0550079345703125 -0.00283432006835937
0.0417022705078125 0.075042724609375 -0.147354125976563 -0.241958618164063
-0.006988525390625 0.0688362121582031 -0.345489501953125 -0.4033203125
-0.04791259765625 0.0331001281738281 -0.57330322265625 -0.375732421875
-0.04058837890625 -0.0625724792480469 -0.7039794921875 -0.32440185546875
0.0663909912109375 -0.0809402465820313 -0.6849365234375 -0.39056396484375
0.102760314941406 0.0244674682617188 -0.464080810546875 -0.28955078125
0.0256271362304688 0.116592407226563 -0.122734069824219 -0.0261993408203125
-0.00978851318359376 -0.112937927246094 0.0988922119140625 0.017181396484375
-0.132362365722656 0.00041961669921877 0.43145751953125 0.295654296875
-0.0475616455078125 0.0927047729492187 0.6865234375 0.3211669921875
0.0575294494628906 0.0624313354492188 0.750732421875 0.3411865234375
0.0815811157226563 -0.031524658203125 0.57000732421875 0.4031982421875
0.00551605224609375 -0.0981369018554687 0.409393310546875 0.3834228515625
-0.029876708984375 -0.0951309204101563 0.222579956054688 0.231613159179688
-0.00413513183593751 -0.0893478393554688 0.0562934875488281 0.0338592529296875
-0.00865173339843751 -0.0954742431640625 -0.12664794921875 -0.23699951171875
0.0383148193359375 -0.0988693237304688 -0.30010986328125 -0.4635009765625
0.0942459106445313 -0.0363082885742188 -0.514129638671875 -0.483795166015625
0.064971923828125 0.0399589538574219 -0.64678955078125 -0.44842529296875
-0.0492591857910156 0.0669898986816406 -0.6341552734375 -0.4930419921875
-0.0897598266601563 -0.0391006469726563 -0.455780029296875 -0.323028564453125
0.00222778320312501 -0.102432250976562 -0.141510009765625 -0.00511169433593752
0.000801086425781258 -0.10540771484375 0.102348327636719 -0.01220703125
-0.120353698730469 -0.010589599609375 0.435333251953125 0.2833251953125
-0.0535964965820312 0.0827713012695312 0.68719482421875 0.30462646484375
0.05072021484375 0.070831298828125 0.73236083984375 0.32733154296875
0.0832672119140625 -0.014434814453125 0.550048828125 0.4140625
0.0151138305664063 -0.0850143432617187 0.408447265625 0.41033935546875
-0.0199203491210937 -0.0821533203125 0.241668701171875 0.256118774414063
0.000205993652343756 -0.07269287109375 0.0773696899414063 0.0508270263671875
-0.005035400390625 -0.0771636962890625 -0.109512329101562 -0.215591430664063
0.0321426391601563 -0.0847015380859375 -0.297393798828125 -0.4364013671875
0.0869674682617188 -0.0348892211914063 -0.53070068359375 -0.46685791015625
0.0696830749511719 0.0285682678222656 -0.66693115234375 -0.4525146484375
-0.0268325805664063 0.0684585571289063 -0.639892578125 -0.51019287109375
-0.0767822265625 -0.0195999145507812 -0.457000732421875 -0.336639404296875
-0.00300598144531251 -0.084808349609375 -0.136795043945312 -0.032318115234375
0.00875091552734374 -0.0800857543945312 0.110435485839844 -0.0373077392578125
-0.0934219360351563 -0.00953674316406251 0.438446044921875 0.277984619140625
-0.0445213317871094 0.0612220764160156 0.69134521484375 0.2989501953125
0.0384101867675781 0.0627059936523438 0.71588134765625 0.32281494140625
0.0701789855957031 -0.0002593994140625 0.52545166015625 0.426116943359375
0.0176429748535156 -0.0595741271972656 0.399993896484375 0.43621826171875
-0.00873184204101562 -0.0586624145507813 0.252426147460938 0.275558471679688
0.00740814208984375 -0.0482406616210938 0.0925979614257813 0.0609130859375
0.00260162353515625 -0.050262451171875 -0.0972442626953125 -0.202239990234375
0.0261192321777344 -0.0583000183105469 -0.296112060546875 -0.410980224609375
0.0702285766601563 -0.0255508422851563 -0.542205810546875 -0.440765380859375
0.0616798400878906 0.0139884948730469 -0.6856689453125 -0.43939208984375
-0.00477218627929688 0.0540504455566406 -0.65118408203125 -0.51025390625
-0.0511093139648437 -0.00423049926757812 -0.46173095703125 -0.341033935546875
-0.002838134765625 -0.0555839538574219 -0.136268615722656 -0.0544662475585937
0.00907516479492187 -0.0381355285644531 0.121170043945313 -0.05145263671875
-0.0586357116699219 0.00817108154296876 0.441864013671875 0.279296875
-0.0202903747558594 0.0368270874023438 0.694580078125 0.307373046875
0.0287513732910156 0.0392837524414063 0.70184326171875 0.33416748046875
0.0453872680664062 0.0062713623046875 0.50225830078125 0.441436767578125
0.0103931427001953 -0.0281391143798828 0.38555908203125 0.45855712890625
0.00319290161132813 -0.0262622833251953 0.254364013671875 0.28851318359375
0.0149593353271484 -0.021331787109375 0.101280212402344 0.0618362426757813
0.0129947662353516 -0.0180568695068359 -0.0919036865234375 -0.197036743164063
0.0207271575927734 -0.0263748168945313 -0.298919677734375 -0.393524169921875
0.0482635498046875 -0.00951004028320313 -0.553192138671875 -0.416229248046875
0.0432281494140625 0.000579833984375 -0.69976806640625 -0.41510009765625
0.0128097534179687 0.0294837951660156 -0.6646728515625 -0.49365234375
-0.0169296264648438 0.00524234771728516 -0.4671630859375 -0.3360595703125
0.00481224060058594 -0.0196781158447266 -0.135719299316406 -0.0675888061523437
0.00308609008789062 0.0116291046142578 0.128852844238281 -0.0545196533203125
-0.02410888671875 0.0366249084472656 0.441070556640625 0.289093017578125
0.0142984390258789 0.0141782760620117 0.69207763671875 0.32794189453125
0.0204448699951172 0.00785446166992188 0.69122314453125 0.35565185546875
0.0131454467773437 0.00517368316650391 0.485443115234375 0.45953369140625
-0.00445461273193359 0.0055384635925293 0.37322998046875 0.4730224609375
0.0115518569946289 0.00804901123046875 0.249420166015625 0.28839111328125
0.0229549407958984 0.00751686096191406 0.101005554199219 0.0536041259765625
0.0252189636230469 0.014495849609375 -0.0973052978515625 -0.199539184570313
0.0173807144165039 0.0056304931640625 -0.308197021484375 -0.38360595703125
0.0242843627929688 0.00869178771972656 -0.5650634765625 -0.39495849609375
0.0205554962158203 -0.0120773315429688 -0.71173095703125 -0.38751220703125
0.0255947113037109 -0.00249099731445313 -0.67767333984375 -0.46832275390625
0.0193920135498047 0.00797462463378906 -0.472747802734375 -0.32794189453125
0.0142364501953125 0.0186290740966797 -0.134361267089844 -0.0718536376953125
-0.00331497192382813 0.06005859375 0.129417419433594 -0.0455856323242187
0.00868606567382813 0.0651435852050781 0.437469482421875 0.29876708984375
0.0479164123535156 -0.00949859619140625 0.68157958984375 0.3555908203125
0.0108280181884766 -0.0259189605712891 0.6849365234375 0.39166259765625
-0.0207481384277344 0.00211906433105469 0.481353759765625 0.477996826171875
-0.0202102661132813 0.0357780456542969 0.366485595703125 0.4759521484375
0.0187721252441406 0.038543701171875 0.240234375 0.2774658203125
0.0298995971679688 0.0313854217529297 0.09130859375 0.0389022827148438
0.0348167419433594 0.0423011779785156 -0.111648559570313 -0.207305908203125
0.0128879547119141 0.0347862243652344 -0.32281494140625 -0.380523681640625
0.000751495361328125 0.0250740051269531 -0.57513427734375 -0.377685546875
-0.00382232666015625 -0.0254707336425781 -0.7169189453125 -0.35809326171875
0.0364913940429688 -0.0342216491699219 -0.68658447265625 -0.4383544921875
0.0535354614257812 0.0091094970703125 -0.475372314453125 -0.313323974609375
0.0240707397460937 0.0567283630371094 -0.130569458007813 -0.0638961791992188
-0.00412750244140625 0.0984268188476563 0.1239013671875 -0.0263900756835937
0.0398330688476562 0.0807723999023438 0.426910400390625 0.314849853515625
0.0686759948730469 -0.0356063842773438 0.6688232421875 0.3861083984375
-0.00584793090820312 -0.053375244140625 0.68109130859375 0.4349365234375
-0.0501289367675781 0.0024871826171875 0.485748291015625 0.494354248046875
-0.0311813354492188 0.0612297058105469 0.363128662109375 0.4698486328125
0.0245170593261719 0.0599212646484375 0.225967407226563 0.257064819335938
0.0343589782714844 0.0472412109375 0.0758819580078125 0.0185012817382813
0.0415306091308594 0.0630645751953125 -0.12969970703125 -0.221359252929687
0.0045623779296875 0.0566558837890625 -0.3380126953125 -0.386016845703125
-0.0246696472167969 0.034271240234375 -0.58251953125 -0.36907958984375
-0.0259780883789063 -0.0424232482910156 -0.7186279296875 -0.3321533203125
0.0485458374023438 -0.0629158020019531 -0.69268798828125 -0.40899658203125
0.0830841064453125 0.014190673828125 -0.473846435546875 -0.29864501953125
0.0284271240234375 0.0909576416015625 -0.126029968261719 -0.0477523803710937
0.002593994140625 0.119644165039063 0.116256713867188 -0.000434875488281243
0.0612640380859375 0.0782546997070313 0.4158935546875 0.331634521484375
0.0702247619628906 -0.0618209838867188 0.6566162109375 0.4208984375
-0.0265083312988281 -0.0671653747558594 0.6873779296875 0.47393798828125
-0.0705947875976563 0.00686645507812499 0.498077392578125 0.502593994140625
-0.0358505249023437 0.0758132934570313 0.361358642578125 0.45233154296875
0.0280952453613281 0.0696830749511719 0.207412719726562 0.231155395507813
0.0371971130371094 0.0545272827148437 0.0561676025390625 -0.00375747680664062
0.0433731079101563 0.074371337890625 -0.15081787109375 -0.239273071289062
-0.00503158569335938 0.0694961547851563 -0.35040283203125 -0.3992919921875
-0.0474662780761719 0.0346870422363281 -0.58001708984375 -0.36761474609375
-0.0425453186035156 -0.0617523193359375 -0.71112060546875 -0.314697265625
0.0647048950195313 -0.082733154296875 -0.69085693359375 -0.38201904296875
0.1046142578125 0.0232925415039063 -0.469329833984375 -0.2845458984375
0.0271835327148438 0.117660522460938 -0.123512268066406 -0.02569580078125
-0.011871337890625 -0.1131591796875 0.0975723266601563 0.0150299072265625
-0.132911682128906 0.00257110595703126 0.43621826171875 0.2901611328125
-0.046478271484375 0.0944747924804688 0.6907958984375 0.31024169921875
0.0590629577636719 0.0622673034667969 0.75689697265625 0.33087158203125
0.0812759399414063 -0.0333175659179687 0.5770263671875 0.39434814453125
0.00386047363281251 -0.099365234375 0.4144287109375 0.37823486328125
-0.0314254760742188 -0.0945663452148438 0.225967407226563 0.22857666015625
-0.00546264648437501 -0.0892868041992188 0.0573348999023438 0.0332374572753906
-0.0104217529296875 -0.096160888671875 -0.130126953125 -0.235931396484375
0.0364837646484375 -0.100234985351562 -0.3084716796875 -0.45892333984375
0.0938720703125 -0.0381698608398438 -0.520782470703125 -0.47698974609375
0.0658073425292969 0.0394973754882813 -0.6544189453125 -0.439208984375
-0.0477523803710938 0.0679435729980469 -0.64141845703125 -0.4854736328125
-0.0907135009765625 -0.0373382568359375 -0.4619140625 -0.316619873046875
-0.000114440917968755 -0.10302734375 -0.140716552734375 -0.00250244140625001
-0.00136566162109375 -0.106613159179687 0.100341796875 -0.0141754150390625
-0.121376037597656 -0.00824737548828127 0.4395751953125 0.277191162109375
-0.052490234375 0.0846176147460938 0.6927490234375 0.29400634765625
0.0518455505371094 0.0699119567871094 0.739013671875 0.31719970703125
0.0822525024414063 -0.0160675048828125 0.5552978515625 0.405975341796875
0.0138702392578125 -0.0852203369140625 0.414031982421875 0.404815673828125
-0.0220413208007812 -0.08148193359375 0.2445068359375 0.253707885742188
-0.00172424316406251 -0.0735015869140625 0.0781097412109375 0.0502471923828125
-0.00662231445312501 -0.0771942138671875 -0.112136840820313 -0.2144775390625
0.030853271484375 -0.0854644775390625 -0.301971435546875 -0.4322509765625
0.0861434936523438 -0.036529541015625 -0.535430908203125 -0.458465576171875
0.0704498291015625 0.0276260375976563 -0.67425537109375 -0.44219970703125
-0.0260429382324219 0.0696220397949219 -0.647216796875 -0.50140380859375
-0.0777053833007813 -0.0172195434570313 -0.4613037109375 -0.330230712890625
-0.00476837158203124 -0.0854568481445313 -0.136581420898438 -0.0298385620117187
0.00734710693359376 -0.0809097290039063 0.109138488769531 -0.03912353515625
-0.0946884155273437 -0.00786590576171877 0.443359375 0.2720947265625
-0.0443992614746094 0.062347412109375 0.69775390625 0.28924560546875
0.0400543212890625 0.0625801086425781 0.720703125 0.313232421875
0.0697784423828125 -0.0019683837890625 0.531707763671875 0.41851806640625
0.0164451599121094 -0.0606575012207031 0.407012939453125 0.431304931640625
-0.00961685180664063 -0.0580329895019531 0.256210327148438 0.273269653320313
0.00620269775390625 -0.0487747192382813 0.0946731567382813 0.0591964721679688
0.0019073486328125 -0.0499763488769531 -0.0994415283203125 -0.201553344726563
0.0246772766113281 -0.0587043762207031 -0.302276611328125 -0.4068603515625
0.0696792602539063 -0.0266036987304688 -0.54730224609375 -0.433837890625
0.0620689392089844 0.0128936767578125 -0.69354248046875 -0.4295654296875
-0.00436019897460937 0.0549736022949219 -0.6585693359375 -0.5018310546875
-0.0506477355957031 -0.00267410278320313 -0.465911865234375 -0.33477783203125
-0.00336837768554688 -0.0562324523925781 -0.136428833007813 -0.0533676147460937
0.0086669921875 -0.040008544921875 0.119842529296875 -0.0533676147460938
-0.059295654296875 0.00907135009765625 0.44610595703125 0.27447509765625
-0.0193061828613281 0.0375289916992188 0.69879150390625 0.29705810546875
0.0287132263183594 0.0394210815429688 0.7080078125 0.32421875
0.0447502136230469 0.00503158569335938 0.51104736328125 0.4342041015625
0.0097503662109375 -0.0284786224365234 0.39251708984375 0.454254150390625
0.00221824645996094 -0.0258712768554688 0.25848388671875 0.285797119140625
0.0146293640136719 -0.0216884613037109 0.102775573730469 0.0602951049804688
0.0134334564208984 -0.0178585052490234 -0.09478759765625 -0.19677734375
0.0213680267333984 -0.026092529296875 -0.30377197265625 -0.388885498046875
0.047943115234375 -0.00984954833984375 -0.55841064453125 -0.40924072265625
0.0433082580566406 4.1961669921875E-05 -0.7052001953125 -0.406494140625
0.0126209259033203 0.0290641784667969 -0.67266845703125 -0.48345947265625
-0.0170726776123047 0.00480461120605469 -0.4736328125 -0.330169677734375
0.00411796569824219 -0.0199775695800781 -0.136581420898438 -0.0663909912109375
0.00342559814453125 0.0107889175415039 0.12677001953125 -0.05712890625
-0.0240211486816406 0.0371589660644531 0.4451904296875 0.28253173828125
0.0145950317382813 0.0140419006347656 0.69732666015625 0.31805419921875
0.0207576751708984 0.00769233703613281 0.69708251953125 0.34832763671875
0.0126962661743164 0.00422286987304688 0.4918212890625 0.453582763671875
-0.00364780426025391 0.00567150115966797 0.380157470703125 0.468597412109375
0.0112581253051758 0.00843620300292969 0.253509521484375 0.285980224609375
0.0226612091064453 0.00694656372070313 0.101417541503906 0.0517730712890625
0.0259513854980469 0.0136585235595703 -0.0998077392578124 -0.199142456054688
0.0172481536865234 0.00624656677246094 -0.31329345703125 -0.37835693359375
0.0251083374023438 0.00865936279296875 -0.56805419921875 -0.38604736328125
0.0197467803955078 -0.0126476287841797 -0.71746826171875 -0.37750244140625
0.0250930786132812 -0.00321578979492188 -0.68359375 -0.45831298828125
0.0189895629882813 0.00763511657714844 -0.477813720703125 -0.319915771484375
0.0149402618408203 0.0185585021972656 -0.135047912597656 -0.070343017578125
-0.00298309326171875 0.0603981018066406 0.128067016601563 -0.0474472045898438
0.0102005004882812 0.0646896362304688 0.4420166015625 0.293212890625
0.0475311279296875 -0.0100326538085938 0.6893310546875 0.343017578125
0.00998306274414063 -0.0262203216552734 0.6904296875 0.3814697265625
-0.0205268859863281 0.00208473205566406 0.488677978515625 0.4715576171875
-0.0190658569335938 0.03619384765625 0.373443603515625 0.472198486328125
0.0191917419433594 0.0382347106933594 0.245101928710938 0.274566650390625
0.0301399230957031 0.0307636260986328 0.092987060546875 0.0372467041015625
0.0361099243164062 0.0413131713867188 -0.113555908203125 -0.2066650390625
0.0128250122070313 0.0349235534667969 -0.3277587890625 -0.37591552734375
0.000873565673828126 0.0256595611572266 -0.5794677734375 -0.3697509765625
-0.00423049926757812 -0.0257968902587891 -0.7232666015625 -0.34747314453125
0.0360183715820313 -0.0352096557617188 -0.69293212890625 -0.4285888671875
0.0543746948242188 0.00878524780273437 -0.479095458984375 -0.308319091796875
0.0245208740234375 0.0566253662109375 -0.13134765625 -0.063201904296875
-0.00273132324218751 0.09857177734375 0.123283386230469 -0.0283203125
0.0410232543945313 0.081329345703125 0.432708740234375 0.309234619140625
0.0681533813476563 -0.0371894836425781 0.67706298828125 0.3775634765625
-0.00644302368164063 -0.0534133911132813 0.6876220703125 0.42431640625
-0.0509147644042969 0.00209426879882814 0.4925537109375 0.48785400390625
-0.0302391052246094 0.0622329711914063 0.370025634765625 0.465576171875
0.025604248046875 0.0603981018066406 0.229766845703125 0.25390625
0.0358505249023438 0.0473251342773438 0.0758132934570313 0.017181396484375
0.0432624816894531 0.0624656677246094 -0.13275146484375 -0.219833374023438
0.00683593750000001 0.0571327209472656 -0.34344482421875 -0.38055419921875
-0.023773193359375 0.0356636047363281 -0.58575439453125 -0.36151123046875
-0.0276107788085938 -0.0420570373535156 -0.723876953125 -0.32061767578125
0.0481033325195313 -0.0640029907226563 -0.698486328125 -0.39813232421875
0.0838241577148438 0.01275634765625 -0.477752685546875 -0.29327392578125
0.0302658081054688 0.0905914306640625 -0.126571655273438 -0.0471420288085938
0.00562286376953124 0.1204833984375 0.114799499511719 -0.00201416015624999
0.0632400512695313 0.0773696899414063 0.420867919921875 0.326263427734375
0.069610595703125 -0.0633926391601563 0.66436767578125 0.4112548828125
-0.0280494689941406 -0.0673141479492188 0.69464111328125 0.46466064453125
-0.0712356567382812 0.00743865966796873 0.50469970703125 0.4954833984375
-0.0347061157226563 0.0769729614257812 0.367767333984375 0.447906494140625
0.0287246704101563 0.0696945190429687 0.211517333984375 0.228012084960937
0.0379867553710938 0.0541610717773438 0.0553245544433594 -0.00441741943359375
0.045318603515625 0.0738143920898438 -0.154052734375 -0.238662719726563
-0.00396728515625 0.070404052734375 -0.35577392578125 -0.39453125
-0.0468826293945313 0.0358009338378906 -0.584716796875 -0.3612060546875
-0.0434799194335938 -0.0611648559570312 -0.71429443359375 -0.3048095703125
0.0631637573242188 -0.0849838256835938 -0.697265625 -0.37109375
0.105361938476562 0.0214309692382813 -0.474395751953125 -0.278961181640625
0.0280380249023438 0.117256164550781 -0.123344421386719 -0.0237350463867187
-0.0138626098632812 -0.113876342773437 0.0980224609375 0.0151824951171875
-0.133316040039062 0.00427246093750002 0.440460205078125 0.284942626953125
-0.0452041625976563 0.0951919555664062 0.69512939453125 0.3023681640625
0.0600624084472656 0.0607376098632812 0.76019287109375 0.31878662109375
0.0802154541015625 -0.0353546142578125 0.58056640625 0.38623046875
0.00177001953125001 -0.0997695922851562 0.4188232421875 0.3729248046875
-0.0335235595703125 -0.0936355590820313 0.228622436523438 0.225875854492188
-0.00751495361328125 -0.0898361206054688 0.057281494140625 0.03131103515625
-0.0122146606445313 -0.0962371826171875 -0.132781982421875 -0.234146118164063
0.034423828125 -0.100265502929687 -0.312408447265625 -0.454010009765625
0.0933074951171875 -0.0396652221679688 -0.52740478515625 -0.4696044921875
0.0664291381835938 0.0383872985839844 -0.6575927734375 -0.4300537109375
-0.0473823547363281 0.0684165954589844 -0.6470947265625 -0.47705078125
-0.09161376953125 -0.0360031127929688 -0.46539306640625 -0.309967041015625
-0.00176239013671876 -0.103134155273437 -0.140426635742188 -0.00105285644531251
-0.00307464599609376 -0.107513427734375 0.0999069213867187 -0.0152435302734375
-0.12225341796875 -0.00667572021484373 0.44366455078125 0.27203369140625
-0.0515975952148437 0.0861129760742188 0.697509765625 0.2847900390625
0.0531578063964844 0.0698204040527344 0.74176025390625 0.30633544921875
0.082977294921875 -0.0183258056640625 0.561004638671875 0.397552490234375
0.0127487182617188 -0.0867919921875 0.41876220703125 0.398406982421875
-0.0236358642578125 -0.0810928344726562 0.247634887695313 0.248992919921875
-0.0028533935546875 -0.0734786987304688 0.0796966552734375 0.0484542846679687
-0.00801849365234375 -0.0779876708984375 -0.114303588867188 -0.213027954101562
0.0284957885742188 -0.0861740112304688 -0.3087158203125 -0.428955078125
0.0855636596679688 -0.0381927490234375 -0.53997802734375 -0.449920654296875
0.070892333984375 0.0263519287109375 -0.6787109375 -0.43255615234375
-0.0256423950195313 0.0703201293945313 -0.65435791015625 -0.491943359375
-0.0788116455078125 -0.0161361694335937 -0.466552734375 -0.324188232421875
-0.0066680908203125 -0.08575439453125 -0.136367797851563 -0.028350830078125
0.0057220458984375 -0.0819168090820313 0.107414245605469 -0.0397720336914063
-0.0950241088867187 -0.00683593750000001 0.446441650390625 0.265838623046875
-0.0433464050292969 0.0631103515625 0.7005615234375 0.27947998046875
0.040679931640625 0.0617485046386719 0.725830078125 0.3023681640625
0.0699386596679687 -0.0037689208984375 0.5364990234375 0.41064453125
0.0154342651367188 -0.0606460571289063 0.412933349609375 0.425933837890625
-0.0111122131347656 -0.0567054748535156 0.260665893554688 0.269393920898438
0.005157470703125 -0.0491409301757813 0.0958480834960937 0.0581207275390625
0.001007080078125 -0.050140380859375 -0.101852416992188 -0.200027465820313
0.0234375 -0.0588302612304687 -0.30609130859375 -0.402313232421875
0.0692481994628906 -0.0278778076171875 -0.5528564453125 -0.423736572265625
0.0618820190429688 0.012298583984375 -0.697265625 -0.4183349609375
-0.00347900390625 0.0545539855957031 -0.66571044921875 -0.49078369140625
-0.0511474609375 -0.00179672241210938 -0.47064208984375 -0.327972412109375
-0.00522613525390625 -0.0563125610351562 -0.136466979980469 -0.0508346557617188
0.00864410400390624 -0.0404281616210937 0.118415832519531 -0.0549240112304687
-0.0603370666503906 0.00866317749023436 0.44970703125 0.2681884765625
-0.0189094543457031 0.0384101867675781 0.704345703125 0.28753662109375
0.0294952392578125 0.0391807556152344 0.712158203125 0.31231689453125
0.0440330505371094 0.00279998779296875 0.514556884765625 0.426605224609375
0.00919914245605469 -0.0290565490722656 0.397186279296875 0.448638916015625
0.000329971313476564 -0.0262031555175781 0.262176513671875 0.280960083007813
0.0131492614746094 -0.0213642120361328 0.103561401367188 0.0584945678710938
0.0127754211425781 -0.0185508728027344 -0.0970458984375 -0.194595336914063
0.0202770233154297 -0.0258445739746094 -0.307586669921875 -0.38446044921875
0.0474166870117188 -0.0112648010253906 -0.56103515625 -0.401153564453125
0.04345703125 -0.000308990478515625 -0.71044921875 -0.39617919921875
0.0126609802246094 0.0283699035644531 -0.6790771484375 -0.474609375
-0.0171623229980469 0.00583457946777344 -0.47802734375 -0.324005126953125
0.00335693359375 -0.0202999114990234 -0.136680603027344 -0.0648727416992187
0.00280857086181641 0.00965404510498047 0.125457763671875 -0.058563232421875
-0.023193359375 0.037109375 0.448486328125 0.276947021484375
0.0144510269165039 0.013758659362793 0.70220947265625 0.30841064453125
0.0205097198486328 0.00704383850097656 0.700927734375 0.33636474609375
0.0131244659423828 0.00355052947998047 0.4979248046875 0.444915771484375
-0.00343942642211914 0.00531721115112305 0.38629150390625 0.463470458984375
0.0110139846801758 0.00811862945556641 0.257965087890625 0.28271484375
0.0231513977050781 0.00612258911132813 0.101905822753906 0.0507431030273438
0.0255126953125 0.0127239227294922 -0.102462768554687 -0.19671630859375
0.0176219940185547 0.00622367858886719 -0.316741943359375 -0.373779296875
0.0251979827880859 0.00845527648925781 -0.57318115234375 -0.37677001953125
0.0196971893310547 -0.0126152038574219 -0.7215576171875 -0.3670654296875
0.0243206024169922 -0.00295257568359375 -0.69024658203125 -0.44757080078125
0.0190811157226563 0.00759506225585938 -0.481414794921875 -0.31396484375
0.0147933959960938 0.0183868408203125 -0.136123657226563 -0.0688552856445312
-0.00181198120117188 0.0600547790527344 0.126068115234375 -0.0495223999023437
0.0107994079589844 0.0650978088378906 0.44622802734375 0.286651611328125
0.0471458435058594 -0.0102195739746094 0.69384765625 0.33447265625
0.00893783569335937 -0.0261707305908203 0.694580078125 0.371826171875
-0.0211696624755859 0.00223541259765625 0.493560791015625 0.463897705078125
-0.0189704895019531 0.0374908447265625 0.380126953125 0.46661376953125
0.0197105407714844 0.0383148193359375 0.248809814453125 0.270416259765625
0.0309066772460938 0.0304927825927734 0.093536376953125 0.0359344482421875
0.0368766784667969 0.0408554077148437 -0.1146240234375 -0.204986572265625
0.0136375427246094 0.0352706909179688 -0.331787109375 -0.3702392578125
0.00158500671386719 0.0265293121337891 -0.58416748046875 -0.36090087890625
-0.00527763366699219 -0.0247859954833984 -0.72906494140625 -0.33697509765625
0.0337142944335938 -0.0354995727539063 -0.69921875 -0.4180908203125
0.053497314453125 0.00782012939453125 -0.483062744140625 -0.3011474609375
0.0252609252929688 0.0559196472167969 -0.1318359375 -0.062591552734375
-0.00228881835937499 0.0983200073242188 0.12103271484375 -0.029022216796875
0.0425262451171875 0.0802536010742188 0.435577392578125 0.303558349609375
0.0672149658203125 -0.0382499694824219 0.68231201171875 0.366943359375
-0.00812149047851563 -0.0531768798828125 0.69158935546875 0.41424560546875
-0.0512657165527344 0.00300216674804687 0.497894287109375 0.479705810546875
-0.0292434692382812 0.0629730224609375 0.3773193359375 0.460235595703125
0.0268020629882812 0.0601615905761719 0.232833862304688 0.249710083007813
0.03570556640625 0.0472412109375 0.0772247314453125 0.0158920288085938
0.0448760986328125 0.06170654296875 -0.134368896484375 -0.217605590820313
0.00798416137695313 0.0579719543457031 -0.3477783203125 -0.375244140625
-0.0236473083496094 0.0364265441894531 -0.58837890625 -0.350341796875
-0.0284614562988281 -0.0413627624511719 -0.7276611328125 -0.309326171875
0.0457687377929688 -0.065093994140625 -0.7032470703125 -0.38836669921875
0.0841751098632812 0.01141357421875 -0.483184814453125 -0.28704833984375
0.0309524536132813 0.0906295776367188 -0.127349853515625 -0.0460128784179688
0.007904052734375 0.119720458984375 0.113914489746094 -0.00275421142578124
0.0651473999023438 0.0764007568359375 0.424468994140625 0.320526123046875
0.0681915283203125 -0.0644989013671875 0.6695556640625 0.4002685546875
-0.0292701721191406 -0.0670013427734375 0.7000732421875 0.45245361328125
-0.070709228515625 0.00843048095703124 0.510284423828125 0.48712158203125
-0.0326461791992188 0.0780105590820313 0.373779296875 0.442138671875
0.0307998657226563 0.0697441101074219 0.214599609375 0.2249755859375
0.0386276245117188 0.0541419982910156 0.0559272766113281 -0.005157470703125
0.0476226806640625 0.0739212036132813 -0.156600952148437 -0.235870361328125
-0.00212860107421875 0.070648193359375 -0.3604736328125 -0.390045166015625
-0.0468025207519531 0.0374069213867187 -0.5875244140625 -0.3531494140625
-0.0452613830566406 -0.0608901977539063 -0.71807861328125 -0.29351806640625
0.0606002807617187 -0.086212158203125 -0.70355224609375 -0.36083984375
0.105262756347656 0.01995849609375 -0.47760009765625 -0.2708740234375
0.03082275390625 0.117088317871094 -0.122894287109375 -0.0220413208007812
-0.0161285400390625 -0.113807678222656 0.0963668823242188 0.0146408081054687
-0.13409423828125 0.00735473632812503 0.44219970703125 0.277801513671875
-0.0435104370117187 0.0957183837890625 0.698974609375 0.29046630859375
0.0605583190917969 0.0607223510742188 0.76190185546875 0.30633544921875
0.0804290771484375 -0.037261962890625 0.5853271484375 0.3748779296875
0.000419616699218747 -0.0997695922851563 0.422119140625 0.36578369140625
-0.03521728515625 -0.0927810668945313 0.230316162109375 0.221832275390625
-0.00947570800781251 -0.0892868041992188 0.0581817626953125 0.0305824279785156
-0.0136260986328125 -0.095123291015625 -0.136154174804687 -0.232101440429688
0.032012939453125 -0.100303649902344 -0.317413330078125 -0.449462890625
0.0930633544921875 -0.0413284301757813 -0.52996826171875 -0.4610595703125
0.0662422180175781 0.0374183654785156 -0.6611328125 -0.42059326171875
-0.046630859375 0.0692405700683594 -0.65087890625 -0.46478271484375
-0.0921096801757813 -0.0342788696289063 -0.4671630859375 -0.302703857421875
-0.003509521484375 -0.1036376953125 -0.138900756835938 0.00109863281250002
-0.00552368164062499 -0.107765197753906 0.0972366333007813 -0.0159683227539063
-0.122215270996094 -0.00501251220703127 0.445068359375 0.26422119140625
-0.050384521484375 0.086029052734375 0.69921875 0.27490234375
0.0547599792480469 0.0684356689453125 0.74371337890625 0.2947998046875
0.0829925537109375 -0.0203857421875 0.56463623046875 0.3887939453125
0.0109405517578125 -0.087005615234375 0.42266845703125 0.39276123046875
-0.0254440307617188 -0.080474853515625 0.25048828125 0.2449951171875
-0.0040283203125 -0.0735855102539062 0.0796051025390625 0.0468368530273437
-0.00897216796875001 -0.0771255493164063 -0.116165161132812 -0.210739135742188
0.0274429321289063 -0.08575439453125 -0.312469482421875 -0.4224853515625
0.0849761962890625 -0.0392990112304688 -0.5440673828125 -0.441986083984375
0.0705490112304688 0.0256271362304688 -0.6817626953125 -0.421875
-0.0245513916015625 0.0700569152832031 -0.658935546875 -0.4815673828125
-0.0791244506835937 -0.015411376953125 -0.468414306640625 -0.31591796875
-0.00827789306640625 -0.0868606567382813 -0.136550903320313 -0.027801513671875
0.00442504882812499 -0.0828018188476563 0.104843139648438 -0.0410079956054688
-0.095550537109375 -0.00519561767578127 0.448272705078125 0.258392333984375
-0.0424270629882813 0.0642433166503906 0.703125 0.26934814453125
0.0417556762695313 0.0614089965820313 0.72662353515625 0.2913818359375
0.0698623657226563 -0.00564956665039063 0.540252685546875 0.401275634765625
0.0141105651855469 -0.0605659484863281 0.41729736328125 0.420166015625
-0.0125541687011719 -0.0560035705566406 0.262069702148438 0.26519775390625
0.00390243530273437 -0.0503616333007812 0.0961532592773437 0.0554733276367188
0.000495910644531252 -0.0503692626953125 -0.103851318359375 -0.198471069335937
0.0224647521972656 -0.0587234497070313 -0.309814453125 -0.396087646484375
0.0682907104492188 -0.0287818908691406 -0.556793212890625 -0.416412353515625
0.0616836547851563 0.0107612609863281 -0.7000732421875 -0.40887451171875
-0.00333786010742187 0.0548629760742187 -0.67041015625 -0.48095703125
-0.0516395568847656 -0.000854492187499997 -0.473968505859375 -0.3201904296875
-0.00661468505859375 -0.0573997497558594 -0.136314392089844 -0.0509033203125
0.0069732666015625 -0.0410881042480469 0.11590576171875 -0.0561370849609375
-0.0596351623535156 0.010223388671875 0.45196533203125 0.261474609375
-0.0186347961425781 0.0387306213378906 0.70611572265625 0.27691650390625
0.0293083190917969 0.0384407043457031 0.71270751953125 0.30133056640625
0.0450363159179688 0.0018463134765625 0.517974853515625 0.41796875
0.00824737548828125 -0.0294513702392578 0.403350830078125 0.443511962890625
0.000278472900390624 -0.0252094268798828 0.265396118164063 0.276443481445313
0.0129795074462891 -0.0217304229736328 0.104812622070313 0.0564727783203125
0.0128936767578125 -0.0182514190673828 -0.098876953125 -0.193344116210938
0.0197982788085938 -0.0257930755615234 -0.31182861328125 -0.380096435546875
0.047821044921875 -0.0112800598144531 -0.5653076171875 -0.390869140625
0.042755126953125 -0.00115966796875 -0.7130126953125 -0.384521484375
0.0120868682861328 0.0276851654052734 -0.68341064453125 -0.464111328125
-0.0173797607421875 0.00621509552001953 -0.481903076171875 -0.316802978515625
0.00277519226074219 -0.0204219818115234 -0.137161254882813 -0.0634918212890625
0.00286006927490235 0.00956821441650391 0.123077392578125 -0.0595932006835938
-0.0232467651367187 0.0377044677734375 0.45037841796875 0.269622802734375
0.0148820877075195 0.0143747329711914 0.7052001953125 0.2979736328125
0.0201282501220703 0.0067291259765625 0.70343017578125 0.3258056640625
0.0125703811645508 0.00313758850097656 0.5010986328125 0.437225341796875
-0.00369787216186523 0.00580263137817383 0.3917236328125 0.457916259765625
0.0111083984375 0.00892734527587891 0.260726928710938 0.27764892578125
0.0225505828857422 0.00691413879394531 0.103584289550781 0.0486297607421875
0.0262393951416016 0.0126304626464844 -0.103652954101562 -0.195220947265625
0.0174627304077148 0.00665569305419922 -0.31939697265625 -0.3690185546875
0.0253810882568359 0.00848770141601562 -0.57513427734375 -0.3692626953125
0.0192375183105469 -0.0131111145019531 -0.722412109375 -0.3541259765625
0.0239887237548828 -0.00354766845703125 -0.69415283203125 -0.4373779296875
0.0189704895019531 0.00715065002441406 -0.486328125 -0.306915283203125
0.0141639709472656 0.0176448822021484 -0.135993957519531 -0.0677261352539063
-0.00156021118164063 0.0593910217285156 0.124176025390625 -0.0505218505859375
0.0120506286621094 0.0653572082519531 0.446990966796875 0.279998779296875
0.0467758178710938 -0.0111656188964844 0.6964111328125 0.32281494140625
0.0090179443359375 -0.0265045166015625 0.697265625 0.3612060546875
-0.0217628479003906 0.00185585021972656 0.49859619140625 0.455291748046875
-0.0173606872558594 0.0373306274414063 0.385040283203125 0.46160888671875
0.0201530456542969 0.0387153625488281 0.252151489257813 0.266387939453125
0.0312118530273437 0.0292243957519531 0.09417724609375 0.0331573486328125
0.0375404357910156 0.0399322509765625 -0.117584228515625 -0.202438354492188
0.0145492553710938 0.0365524291992188 -0.33465576171875 -0.365631103515625
0.00176048278808594 0.0263690948486328 -0.5849609375 -0.35186767578125
-0.00641822814941406 -0.0253372192382813 -0.7298583984375 -0.3250732421875
0.0336227416992188 -0.0363731384277344 -0.70068359375 -0.40850830078125
0.0541534423828125 0.00686264038085937 -0.48565673828125 -0.294189453125
0.0256538391113281 0.0554428100585938 -0.132110595703125 -0.060638427734375
-0.000160217285156256 0.0988082885742187 0.119071960449219 -0.0312423706054687
0.0428466796875 0.0806427001953125 0.438995361328125 0.296600341796875
0.0668716430664063 -0.0393486022949219 0.6866455078125 0.3570556640625
-0.00957489013671875 -0.0534858703613281 0.6971435546875 0.40350341796875
-0.0513496398925781 0.00370788574218751 0.5032958984375 0.471466064453125
-0.0281105041503906 0.0633125305175781 0.3817138671875 0.45538330078125
0.0273895263671875 0.0606002807617188 0.236770629882813 0.246597290039062
0.036651611328125 0.0453681945800781 0.0769119262695313 0.0143661499023438
0.0456504821777344 0.0609359741210938 -0.13702392578125 -0.215377807617187
0.00920486450195312 0.0589141845703125 -0.35052490234375 -0.370697021484375
-0.0225105285644531 0.0368385314941406 -0.5911865234375 -0.3426513671875
-0.0297279357910156 -0.0412712097167969 -0.72882080078125 -0.30035400390625
0.0445671081542969 -0.0660057067871094 -0.70684814453125 -0.37640380859375
0.0842742919921875 0.0103302001953125 -0.4849853515625 -0.27972412109375
0.0327682495117188 0.0895462036132813 -0.12689208984375 -0.0447006225585938
0.00840759277343751 0.119659423828125 0.112167358398438 -0.00360107421874999
0.06524658203125 0.0748825073242188 0.427093505859375 0.31365966796875
0.0671501159667969 -0.0651397705078125 0.6734619140625 0.38934326171875
-0.0313911437988281 -0.067047119140625 0.70513916015625 0.44061279296875
-0.0713729858398438 0.0088958740234375 0.5159912109375 0.478607177734375
-0.0311355590820312 0.078582763671875 0.37872314453125 0.436614990234375
0.0316429138183594 0.0698966979980469 0.216201782226563 0.221466064453125
0.0394706726074219 0.0529441833496094 0.0555305480957031 -0.00667572021484375
0.0495452880859375 0.0732269287109375 -0.158706665039063 -0.2332763671875
-0.000984191894531257 0.0712661743164063 -0.36376953125 -0.38409423828125
-0.0456771850585938 0.0382347106933594 -0.5911865234375 -0.344482421875
-0.0468215942382812 -0.0603065490722656 -0.7186279296875 -0.28363037109375
0.0589828491210938 -0.0870819091796875 -0.7059326171875 -0.35107421875
0.105560302734375 0.0187301635742187 -0.480010986328125 -0.265106201171875
0.03143310546875 0.116325378417969 -0.122428894042969 -0.0215377807617187
-0.018707275390625 -0.113815307617188 0.0951080322265625 0.013214111328125
-0.134307861328125 0.00878906250000001 0.4451904296875 0.270233154296875
-0.0424728393554687 0.09649658203125 0.69854736328125 0.28118896484375
0.0619316101074219 0.0590591430664063 0.76104736328125 0.2947998046875
0.0791549682617188 -0.0398178100585938 0.58575439453125 0.36724853515625
-0.0016632080078125 -0.0997772216796875 0.424591064453125 0.35980224609375
-0.0371322631835937 -0.0915756225585938 0.231948852539063 0.21795654296875
-0.0106964111328125 -0.0888900756835938 0.0586433410644531 0.029754638671875
-0.0151138305664062 -0.09466552734375 -0.13812255859375 -0.2293701171875
0.0308303833007813 -0.100601196289062 -0.3206787109375 -0.4427490234375
0.0921630859375 -0.0419464111328125 -0.534149169921875 -0.451812744140625
0.0673675537109375 0.0359916687011719 -0.6640625 -0.40960693359375
-0.0455551147460938 0.0696983337402344 -0.6546630859375 -0.454833984375
-0.0927658081054688 -0.032745361328125 -0.469757080078125 -0.295867919921875
-0.00624084472656249 -0.103607177734375 -0.138526916503906 0.00181579589843748
-0.00738525390624999 -0.108062744140625 0.0959625244140625 -0.0168075561523438
-0.122390747070313 -0.00281524658203126 0.447509765625 0.257843017578125
-0.049346923828125 0.0871810913085938 0.69976806640625 0.2659912109375
0.0555992126464844 0.0674934387207031 0.745361328125 0.28375244140625
0.082550048828125 -0.021728515625 0.56646728515625 0.37738037109375
0.00900268554687501 -0.0866546630859375 0.425689697265625 0.386383056640625
-0.0268630981445312 -0.0792922973632813 0.251922607421875 0.24102783203125
-0.00548553466796874 -0.0731964111328125 0.08013916015625 0.044708251953125
-0.00988006591796875 -0.0774383544921875 -0.118682861328125 -0.208831787109375
0.0258255004882813 -0.085693359375 -0.3150634765625 -0.415618896484375
0.0839614868164063 -0.041015625 -0.545562744140625 -0.434234619140625
0.071380615234375 0.0239944458007813 -0.6845703125 -0.4114990234375
-0.0236015319824219 0.0702590942382813 -0.6612548828125 -0.47088623046875
-0.079498291015625 -0.0136489868164063 -0.47113037109375 -0.3096923828125
-0.00958251953125001 -0.0862045288085938 -0.135025024414063 -0.0263595581054687
0.00305175781249999 -0.0831069946289063 0.103797912597656 -0.0423202514648438
-0.0955047607421875 -0.00334167480468751 0.448760986328125 0.25311279296875
-0.0417671203613281 0.0650863647460937 0.7025146484375 0.2579345703125
0.04248046875 0.0607414245605469 0.72772216796875 0.27978515625
0.0691032409667969 -0.00703811645507812 0.542938232421875 0.39373779296875
0.0129966735839844 -0.0617408752441406 0.419158935546875 0.413543701171875
-0.0139350891113281 -0.0559349060058594 0.26458740234375 0.260208129882813
0.00254058837890625 -0.0493087768554687 0.09722900390625 0.0537872314453125
-0.000186920166015625 -0.0500297546386719 -0.105316162109375 -0.195709228515625
0.0209808349609375 -0.058563232421875 -0.3123779296875 -0.38958740234375
0.0683021545410156 -0.0304183959960938 -0.558319091796875 -0.406646728515625
0.0613288879394531 0.0103530883789063 -0.70263671875 -0.39715576171875
-0.002777099609375 0.0543899536132813 -0.67254638671875 -0.47125244140625
-0.0522727966308594 1.52587890624997E-05 -0.47528076171875 -0.314666748046875
-0.0078277587890625 -0.0565414428710938 -0.135963439941406 -0.0492477416992188
0.00605010986328125 -0.041351318359375 0.113067626953125 -0.0576019287109375
-0.0596580505371094 0.0114097595214844 0.451812744140625 0.255279541015625
-0.0187301635742187 0.0390625 0.7073974609375 0.26751708984375
0.0303993225097656 0.0381240844726562 0.71240234375 0.2913818359375
0.0448226928710938 0.00156784057617188 0.5203857421875 0.409515380859375
0.00750160217285156 -0.0295810699462891 0.40716552734375 0.4373779296875
-0.000358581542968747 -0.0255241394042969 0.267501831054688 0.272171020507813
0.0123615264892578 -0.0215034484863281 0.105262756347656 0.053619384765625
0.0128555297851563 -0.0181560516357422 -0.100616455078125 -0.191635131835938
0.0188198089599609 -0.0263385772705078 -0.313201904296875 -0.37322998046875
0.047454833984375 -0.0118141174316406 -0.5655517578125 -0.3826904296875
0.0425033569335938 -0.00164031982421875 -0.7159423828125 -0.37213134765625
0.0131759643554687 0.0276737213134766 -0.685546875 -0.45233154296875
-0.0171346664428711 0.00626182556152344 -0.48211669921875 -0.30950927734375
0.00220108032226563 -0.0206489562988281 -0.137161254882813 -0.0624923706054688
0.00341033935546875 0.00933074951171875 0.120925903320313 -0.060577392578125
-0.0233955383300781 0.0376815795898437 0.451812744140625 0.2623291015625
0.0147695541381836 0.014378547668457 0.7076416015625 0.28607177734375
0.0199108123779297 0.00645637512207031 0.702880859375 0.31439208984375
0.0126209259033203 0.00201225280761719 0.503753662109375 0.428619384765625
-0.00396203994750977 0.00580692291259766 0.395660400390625 0.451629638671875
0.0111322402954102 0.00869369506835938 0.264251708984375 0.272674560546875
0.0221900939941406 0.00556755065917969 0.104110717773438 0.0467910766601563
0.0264968872070313 0.0123348236083984 -0.105422973632813 -0.192718505859375
0.0176677703857422 0.00685310363769531 -0.32257080078125 -0.363067626953125
0.0254001617431641 0.0084075927734375 -0.57464599609375 -0.3597412109375
0.0189075469970703 -0.012359619140625 -0.72430419921875 -0.34552001953125
0.0233554840087891 -0.00444602966308594 -0.69598388671875 -0.42724609375
0.018463134765625 0.00679397583007813 -0.487579345703125 -0.299407958984375
0.0140419006347656 0.0175046920776367 -0.136360168457031 -0.0660858154296875
-0.000625610351562498 0.0590057373046875 0.122512817382813 -0.0516433715820312
0.0127983093261719 0.0650978088378906 0.448883056640625 0.273956298828125
0.0464744567871094 -0.0114402770996094 0.69854736328125 0.31396484375
0.00731468200683593 -0.0267333984375 0.69830322265625 0.34857177734375
-0.0217609405517578 0.00114059448242187 0.50079345703125 0.446746826171875
-0.017364501953125 0.0370407104492188 0.389404296875 0.45477294921875
0.020233154296875 0.0392532348632813 0.253982543945313 0.261337280273438
0.0309600830078125 0.0294837951660156 0.0937423706054688 0.031982421875
0.0391082763671875 0.0398406982421875 -0.1190185546875 -0.200164794921875
0.0156669616699219 0.0362358093261719 -0.336212158203125 -0.359405517578125
0.00223159790039063 0.0266704559326172 -0.5865478515625 -0.342529296875
-0.00719833374023437 -0.0251388549804688 -0.72991943359375 -0.31573486328125
0.0320205688476563 -0.0370826721191406 -0.70196533203125 -0.39666748046875
0.0541191101074219 0.00611495971679688 -0.48736572265625 -0.2869873046875
0.0264320373535156 0.0551681518554687 -0.131507873535156 -0.059356689453125
0.00142669677734376 0.0980682373046875 0.117103576660156 -0.0320358276367187
0.0444107055664063 0.0789871215820312 0.4398193359375 0.2894287109375
0.06561279296875 -0.0400009155273438 0.68792724609375 0.3468017578125
-0.0102119445800781 -0.0533676147460938 0.697265625 0.3914794921875
-0.0517234802246094 0.00344848632812501 0.505462646484375 0.4615478515625
-0.0266685485839844 0.0636062622070313 0.38641357421875 0.448455810546875
0.0278549194335938 0.0601577758789063 0.238296508789063 0.242431640625
0.0373191833496094 0.0455741882324219 0.07763671875 0.0130844116210938
0.0471038818359375 0.0598831176757813 -0.139175415039063 -0.2127685546875
0.0102348327636719 0.0593490600585938 -0.35137939453125 -0.3646240234375
-0.0215911865234375 0.0371780395507812 -0.59259033203125 -0.3348388671875
-0.0303001403808594 -0.0405044555664063 -0.72869873046875 -0.29034423828125
0.0430870056152344 -0.0661659240722656 -0.7078857421875 -0.3651123046875
0.084075927734375 0.00916290283203125 -0.48626708984375 -0.272552490234375
0.0330352783203125 0.08917236328125 -0.126373291015625 -0.0434722900390625
0.00977325439453125 0.119224548339844 0.1109619140625 -0.00479125976562499
0.0660171508789063 0.0746383666992188 0.430450439453125 0.308074951171875
0.0653343200683594 -0.0661125183105469 0.67742919921875 0.38116455078125
-0.0329475402832031 -0.06597900390625 0.70660400390625 0.4285888671875
-0.0715866088867188 0.0102615356445312 0.517242431640625 0.469207763671875
-0.0289306640625 0.0788116455078125 0.383636474609375 0.4300537109375
0.03265380859375 0.0698204040527344 0.217819213867188 0.218963623046875
0.0404815673828125 0.0528335571289063 0.0556526184082031 -0.00730133056640625
0.0500640869140625 0.070831298828125 -0.160247802734375 -0.229507446289063
0.00101470947265626 0.0720367431640625 -0.36572265625 -0.37774658203125
-0.0452613830566406 0.039459228515625 -0.59124755859375 -0.33489990234375
-0.0473861694335937 -0.0593757629394531 -0.7183837890625 -0.27374267578125
0.056640625 -0.087371826171875 -0.70599365234375 -0.3392333984375
0.105934143066406 0.0177230834960938 -0.480224609375 -0.2578125
0.0327224731445313 0.115875244140625 -0.122520446777344 -0.020751953125
-0.0202178955078125 -0.114273071289062 0.0939407348632813 0.012786865234375
-0.133575439453125 0.010711669921875 0.445220947265625 0.2640380859375
-0.0405120849609375 0.0970230102539063 0.6978759765625 0.27191162109375
0.0627784729003906 0.0574607849121094 0.76153564453125 0.28399658203125
0.0784225463867187 -0.040252685546875 0.5859375 0.3583984375
-0.00314331054687499 -0.100120544433594 0.4267578125 0.354278564453125
-0.0378646850585938 -0.0906600952148438 0.232223510742188 0.21484375
-0.0127716064453125 -0.0886917114257813 0.0580482482910156 0.0288047790527344
-0.0160293579101562 -0.0943984985351563 -0.139312744140625 -0.226837158203125
0.0291900634765625 -0.100456237792969 -0.3231201171875 -0.43768310546875
0.091339111328125 -0.0432815551757813 -0.53460693359375 -0.444854736328125
0.067108154296875 0.0351943969726563 -0.66351318359375 -0.39935302734375
-0.0450210571289063 0.0698890686035156 -0.6533203125 -0.44439697265625
-0.0929336547851563 -0.0312118530273437 -0.4705810546875 -0.290069580078125
-0.00738525390625001 -0.103790283203125 -0.136886596679688 0.00297546386718748
-0.00861358642578126 -0.107887268066406 0.0938262939453125 -0.0163345336914063
-0.122337341308594 -0.0014801025390625 0.446685791015625 0.252410888671875
-0.046875 0.087677001953125 0.69873046875 0.2545166015625
0.05584716796875 0.0676498413085938 0.7412109375 0.2724609375
0.080902099609375 -0.0236587524414063 0.566162109375 0.36920166015625
0.00828552246093749 -0.0869064331054688 0.427276611328125 0.3814697265625
-0.0279769897460937 -0.0784912109375 0.25286865234375 0.236892700195313
-0.00736236572265625 -0.0727081298828125 0.0807418823242188 0.0433120727539062
-0.0115280151367188 -0.0762710571289063 -0.120269775390625 -0.206787109375
0.0245590209960938 -0.0852127075195313 -0.317779541015625 -0.410400390625
0.0836944580078125 -0.0425338745117187 -0.545867919921875 -0.4251708984375
0.0720672607421875 0.0228347778320313 -0.68389892578125 -0.4019775390625
-0.0227813720703125 0.0704116821289062 -0.66253662109375 -0.46026611328125
-0.0793228149414063 -0.0120391845703125 -0.46990966796875 -0.303009033203125
-0.0112762451171875 -0.0860748291015625 -0.134223937988281 -0.0258407592773437
0.00150299072265625 -0.0836334228515625 0.100860595703125 -0.0430221557617188
-0.0959243774414063 -0.00251007080078124 0.450286865234375 0.246795654296875
-0.0412330627441406 0.0652580261230469 0.70184326171875 0.25
0.0431442260742188 0.0596809387207031 0.726806640625 0.26922607421875
0.0693092346191406 -0.00846481323242188 0.5443115234375 0.385711669921875
0.0123291015625 -0.0620613098144531 0.421356201171875 0.406341552734375
-0.0140228271484375 -0.0554618835449219 0.266220092773438 0.25579833984375
0.00193023681640625 -0.04998779296875 0.09698486328125 0.0518112182617188
-0.001556396484375 -0.0494461059570313 -0.106704711914063 -0.194381713867187
0.0207405090332031 -0.0581855773925781 -0.314208984375 -0.3853759765625
0.0668869018554688 -0.0307350158691406 -0.556488037109375 -0.400177001953125
0.0612030029296875 0.00933456420898437 -0.7012939453125 -0.38714599609375
-0.00251007080078125 0.053924560546875 -0.67462158203125 -0.46099853515625
-0.0517807006835938 0.000862121582031252 -0.475830078125 -0.306182861328125
-0.00836181640625 -0.0567398071289063 -0.13507080078125 -0.04827880859375
0.00572586059570312 -0.0420722961425781 0.1112060546875 -0.05810546875
-0.0607795715332031 0.0119705200195312 0.451904296875 0.247589111328125
-0.01861572265625 0.03912353515625 0.70648193359375 0.2586669921875
0.0305633544921875 0.0379142761230469 0.71209716796875 0.28033447265625
0.0445137023925781 -0.00012969970703125 0.5216064453125 0.40118408203125
0.00775718688964843 -0.0291099548339844 0.409698486328125 0.42999267578125
-0.00120925903320313 -0.0246219635009766 0.26885986328125 0.267471313476563
0.0121097564697266 -0.0226516723632813 0.105339050292969 0.0526809692382812
0.0129032135009766 -0.0184803009033203 -0.10113525390625 -0.189041137695312
0.0189456939697266 -0.0258121490478516 -0.31463623046875 -0.3681640625
0.0469436645507813 -0.0128173828125 -0.5653076171875 -0.37445068359375
0.0429039001464844 -0.00226974487304688 -0.7138671875 -0.3629150390625
0.0125064849853516 0.0273952484130859 -0.68585205078125 -0.4425048828125
-0.0178108215332031 0.00732040405273438 -0.482879638671875 -0.302520751953125
0.00184249877929687 -0.0206985473632813 -0.13702392578125 -0.0617523193359375
0.00250434875488281 0.00919628143310547 0.11767578125 -0.0622482299804687
-0.022491455078125 0.0387077331542969 0.452392578125 0.256866455078125
0.0139312744140625 0.0134782791137695 0.70648193359375 0.2764892578125
0.0199050903320313 0.00638961791992188 0.70306396484375 0.30438232421875
0.0126972198486328 0.00192356109619141 0.505828857421875 0.419830322265625
-0.00348711013793945 0.00530195236206055 0.39849853515625 0.445526123046875
0.0103425979614258 0.00817584991455078 0.264801025390625 0.2679443359375
0.0220947265625 0.00542259216308594 0.104469299316406 0.0443801879882813
0.0268707275390625 0.0123291015625 -0.106353759765625 -0.191207885742188
0.0176181793212891 0.006683349609375 -0.32330322265625 -0.357635498046875
0.0251216888427734 0.00841331481933594 -0.57568359375 -0.3509521484375
0.0178585052490234 -0.0130710601806641 -0.72442626953125 -0.33489990234375
0.0220279693603516 -0.00501441955566406 -0.69696044921875 -0.41644287109375
0.0191020965576172 0.00712394714355469 -0.4857177734375 -0.29364013671875
0.0139894485473633 0.016453742980957 -0.135520935058594 -0.065216064453125
-0.000915527343750003 0.0580940246582031 0.118988037109375 -0.0525970458984375
0.0127372741699219 0.0642509460449219 0.447723388671875 0.267730712890625
0.0460624694824219 -0.0119705200195313 0.6990966796875 0.3035888671875
0.00720787048339844 -0.0270233154296875 0.697509765625 0.33770751953125
-0.0218372344970703 0.0017547607421875 0.502410888671875 0.43792724609375
-0.0168075561523438 0.0382308959960938 0.391632080078125 0.448577880859375
0.0205955505371094 0.0386390686035156 0.255905151367188 0.257583618164063
0.0308628082275391 0.0287799835205078 0.0946121215820313 0.0301895141601563
0.039459228515625 0.0385017395019531 -0.11968994140625 -0.198501586914063
0.0162887573242187 0.0357704162597656 -0.337860107421875 -0.352996826171875
0.0026092529296875 0.0264530181884766 -0.58416748046875 -0.33612060546875
-0.00743484497070312 -0.0250358581542969 -0.7291259765625 -0.30426025390625
0.0307807922363281 -0.0364494323730469 -0.7037353515625 -0.38690185546875
0.0532646179199219 0.00594329833984375 -0.48687744140625 -0.281951904296875
0.0264167785644531 0.0545272827148438 -0.131034851074219 -0.0592803955078125
0.00155639648437501 0.097503662109375 0.115219116210937 -0.0329055786132812
0.0445327758789062 0.0789337158203125 0.441070556640625 0.282958984375
0.0643310546875 -0.0407142639160156 0.68896484375 0.3355712890625
-0.0115280151367187 -0.0530509948730469 0.69818115234375 0.38128662109375
-0.0513839721679688 0.00405502319335938 0.507659912109375 0.45440673828125
-0.0256996154785156 0.0645027160644531 0.3883056640625 0.442352294921875
0.0286598205566406 0.0601654052734375 0.238967895507812 0.23870849609375
0.0377120971679688 0.0457000732421875 0.0771942138671875 0.0113449096679688
0.0477371215820313 0.0590400695800781 -0.140167236328125 -0.209823608398438
0.0110511779785156 0.0588760375976563 -0.353363037109375 -0.358062744140625
-0.0218658447265625 0.0374832153320313 -0.591552734375 -0.3270263671875
-0.0308914184570312 -0.0391845703125 -0.7271728515625 -0.2811279296875
0.0416603088378906 -0.0669517517089844 -0.7076416015625 -0.35711669921875
0.0831527709960938 0.00843048095703125 -0.485992431640625 -0.265045166015625
0.0333633422851563 0.08843994140625 -0.125411987304688 -0.042877197265625
0.0106124877929688 0.118049621582031 0.10906982421875 -0.00592041015624999
0.0675506591796875 0.0730361938476563 0.42889404296875 0.300689697265625
0.0640373229980469 -0.0664329528808594 0.67919921875 0.369873046875
-0.0331878662109375 -0.0657882690429688 0.70831298828125 0.4163818359375
-0.071685791015625 0.0108642578125 0.519866943359375 0.461029052734375
-0.0281829833984375 0.080169677734375 0.3851318359375 0.424346923828125
0.0338821411132813 0.069732666015625 0.218795776367188 0.21514892578125
0.0406112670898437 0.05242919921875 0.0560493469238281 -0.00831222534179687
0.05108642578125 0.0704803466796875 -0.161773681640625 -0.226791381835938
0.0016021728515625 0.07244873046875 -0.3673095703125 -0.372406005859375
-0.044036865234375 0.0405082702636719 -0.58978271484375 -0.32708740234375
-0.0489082336425781 -0.0586509704589844 -0.71759033203125 -0.26593017578125
0.0549774169921875 -0.0881195068359375 -0.70538330078125 -0.32904052734375
0.105377197265625 0.0158920288085938 -0.480712890625 -0.2528076171875
0.0341033935546875 0.114639282226563 -0.121421813964844 -0.0201339721679688
-0.0214920043945312 -0.11346435546875 0.09197998046875 0.0129776000976562
-0.13330078125 0.0116043090820312 0.442901611328125 0.258880615234375
-0.0394363403320313 0.0971145629882813 0.69708251953125 0.26263427734375
0.0632171630859375 0.0570030212402344 0.757568359375 0.27679443359375
0.0776290893554688 -0.0424346923828125 0.58526611328125 0.34991455078125
-0.00411987304687499 -0.098846435546875 0.42578125 0.347625732421875
-0.0392913818359375 -0.0895004272460938 0.23175048828125 0.212387084960938
-0.0135269165039062 -0.0880966186523438 0.0582542419433594 0.0276451110839844
-0.017425537109375 -0.094085693359375 -0.140045166015625 -0.223724365234375
0.0280303955078125 -0.0997238159179688 -0.3238525390625 -0.431488037109375
0.090087890625 -0.0443191528320313 -0.534881591796875 -0.4373779296875
0.0675315856933594 0.0345115661621094 -0.6630859375 -0.392578125
-0.043304443359375 0.0704803466796875 -0.6541748046875 -0.43658447265625
-0.0929336547851563 -0.0301284790039063 -0.46923828125 -0.283782958984375
-0.00901794433593749 -0.103874206542969 -0.134536743164062 0.00309753417968751
-0.0102615356445312 -0.107772827148438 0.0924072265625 -0.01776123046875
-0.122344970703125 -0.000320434570312494 0.446136474609375 0.247100830078125
-0.0464553833007813 0.08782958984375 0.69622802734375 0.24688720703125
0.056243896484375 0.0661659240722656 0.73980712890625 0.2662353515625
0.0804977416992188 -0.0255584716796875 0.56524658203125 0.3638916015625
0.0068359375 -0.087066650390625 0.42803955078125 0.376129150390625
-0.0292816162109375 -0.0766448974609375 0.252655029296875 0.2335205078125
-0.007965087890625 -0.07257080078125 0.0806961059570313 0.0421829223632812
-0.0115280151367188 -0.0765380859375 -0.120376586914063 -0.204559326171875
0.0229263305664062 -0.0847625732421875 -0.318206787109375 -0.4044189453125
0.0825576782226563 -0.0424423217773438 -0.5462646484375 -0.41717529296875
0.0708160400390625 0.0225372314453125 -0.68145751953125 -0.39263916015625
-0.0225296020507812 0.07037353515625 -0.66046142578125 -0.45208740234375
-0.0797042846679688 -0.0114669799804687 -0.470428466796875 -0.295379638671875
-0.0123138427734375 -0.0858230590820313 -0.133590698242187 -0.024932861328125
0.000282287597656256 -0.0831985473632813 0.0986175537109375 -0.0428390502929688
-0.095947265625 -0.00163269042968748 0.44818115234375 0.240509033203125
-0.0408401489257813 0.0651817321777344 0.701171875 0.242431640625
0.0436210632324219 0.0596923828125 0.7239990234375 0.26116943359375
0.0686264038085938 -0.0102157592773438 0.542938232421875 0.3773193359375
0.011016845703125 -0.0616874694824219 0.4222412109375 0.4017333984375
-0.0157585144042969 -0.0545310974121094 0.265869140625 0.2520751953125
0.00103378295898438 -0.0492019653320313 0.0965576171875 0.05078125
-0.00127029418945313 -0.048797607421875 -0.107284545898437 -0.19244384765625
0.0198287963867188 -0.0573310852050781 -0.314727783203125 -0.378997802734375
0.0668754577636719 -0.0310783386230469 -0.555206298828125 -0.392974853515625
0.0612258911132813 0.00870132446289063 -0.70025634765625 -0.3778076171875
-0.00201797485351563 0.0537071228027344 -0.67181396484375 -0.45050048828125
-0.0519447326660156 0.00167083740234376 -0.475616455078125 -0.300872802734375
-0.00995635986328126 -0.0564765930175781 -0.133895874023438 -0.0470123291015625
0.00435638427734375 -0.0414886474609375 0.108131408691406 -0.0587921142578125
-0.0594482421875 0.0117607116699219 0.4501953125 0.242523193359375
-0.01788330078125 0.03936767578125 0.7039794921875 0.2506103515625
0.0303306579589844 0.03759765625 0.7100830078125 0.271728515625
0.0435943603515625 -0.000823974609375 0.5211181640625 0.394256591796875
0.00701904296875 -0.0292205810546875 0.410186767578125 0.42486572265625
-0.00151634216308594 -0.0241508483886719 0.269561767578125 0.26312255859375
0.0118675231933594 -0.0220890045166016 0.104866027832031 0.0507278442382813
0.0126800537109375 -0.0185909271240234 -0.102432250976562 -0.187652587890625
0.0177536010742188 -0.0255928039550781 -0.314727783203125 -0.361968994140625
0.0469818115234375 -0.0127296447753906 -0.56414794921875 -0.3673095703125
0.0418434143066406 -0.00253677368164063 -0.71234130859375 -0.3546142578125
0.0118503570556641 0.0279197692871094 -0.68438720703125 -0.4339599609375
-0.017730712890625 0.00705528259277344 -0.48175048828125 -0.29559326171875
0.000726699829101561 -0.0208187103271484 -0.135955810546875 -0.0607147216796875
0.00310277938842773 0.00802040100097656 0.115737915039063 -0.0621795654296875
-0.02301025390625 0.0385398864746094 0.4503173828125 0.25091552734375
0.0139980316162109 0.013157844543457 0.705322265625 0.2681884765625
0.0195655822753906 0.00494003295898438 0.69964599609375 0.29559326171875
0.0119533538818359 0.000924110412597656 0.50537109375 0.413238525390625
-0.00408124923706055 0.00538110733032226 0.3988037109375 0.438323974609375
0.0104885101318359 0.00898170471191406 0.265335083007813 0.264907836914063
0.0218009948730469 0.00549125671386719 0.1043701171875 0.0425491333007813
0.0272731781005859 0.0116767883300781 -0.1068115234375 -0.189163208007813
0.0179004669189453 0.00697708129882813 -0.322265625 -0.35205078125
0.0250720977783203 0.00838279724121094 -0.57366943359375 -0.344482421875
0.0179271697998047 -0.0130653381347656 -0.7203369140625 -0.32635498046875
0.0219078063964844 -0.00405311584472656 -0.693359375 -0.40533447265625
0.0187187194824219 0.00646591186523438 -0.4854736328125 -0.287261962890625
0.0134897232055664 0.0163068771362305 -0.135795593261719 -0.0651702880859375
-0.000411987304687496 0.0575981140136719 0.116386413574219 -0.0529327392578125
0.0124969482421875 0.0647201538085938 0.446685791015625 0.261383056640625
0.0451889038085938 -0.0128364562988281 0.69732666015625 0.2947998046875
0.006072998046875 -0.0276317596435547 0.69647216796875 0.3294677734375
-0.0220012664794922 0.000766754150390625 0.5023193359375 0.430999755859375
-0.0157051086425781 0.038299560546875 0.39202880859375 0.443267822265625
0.0218772888183594 0.0390434265136719 0.255691528320313 0.254196166992188
0.0312004089355469 0.0281028747558594 0.094268798828125 0.029296875
0.0403213500976563 0.0374259948730469 -0.120468139648438 -0.195770263671875
0.0169143676757813 0.0368614196777344 -0.337310791015625 -0.348297119140625
0.00276565551757812 0.0266532897949219 -0.5814208984375 -0.3282470703125
-0.00817108154296875 -0.0239620208740234 -0.7254638671875 -0.29742431640625
0.0296440124511719 -0.0374107360839844 -0.7008056640625 -0.37713623046875
0.0539131164550781 0.00537109375 -0.4864501953125 -0.2750244140625
0.0269546508789062 0.0535469055175781 -0.131248474121094 -0.0576629638671875
0.00282287597656251 0.0959091186523438 0.112289428710937 -0.032745361328125
0.0453872680664063 0.0781631469726563 0.43902587890625 0.27655029296875
0.0635604858398438 -0.0407829284667969 0.68743896484375 0.3270263671875
-0.012542724609375 -0.0526123046875 0.69696044921875 0.3720703125
-0.0519142150878906 0.00330734252929688 0.507965087890625 0.44635009765625
-0.0246620178222656 0.0638809204101563 0.390228271484375 0.436187744140625
0.0298538208007813 0.0603256225585938 0.239349365234375 0.234588623046875
0.0377616882324219 0.0453338623046875 0.0773468017578125 0.0107879638671875
0.0490951538085938 0.0583992004394531 -0.140487670898437 -0.2069091796875
0.0121498107910156 0.0591239929199219 -0.3531494140625 -0.35382080078125
-0.020904541015625 0.0380325317382813 -0.58843994140625 -0.319580078125
-0.0317535400390625 -0.0396385192871094 -0.72406005859375 -0.273681640625
0.0398483276367188 -0.0668716430664063 -0.70587158203125 -0.34600830078125
0.0833511352539063 0.00783538818359375 -0.48541259765625 -0.25872802734375
0.0341873168945312 0.087554931640625 -0.124771118164063 -0.042022705078125
0.01226806640625 0.116729736328125 0.107307434082031 -0.00525665283203124
0.0675125122070313 0.0732192993164063 0.43017578125 0.296173095703125
0.0627555847167969 -0.0667228698730469 0.67584228515625 0.3594970703125
-0.0341529846191406 -0.0650825500488281 0.7056884765625 0.4088134765625
-0.0714035034179688 0.0110855102539062 0.520111083984375 0.452392578125
-0.0265350341796875 0.0802536010742188 0.38739013671875 0.41766357421875
0.0341606140136719 0.0687522888183594 0.21893310546875 0.211029052734375
0.0411758422851562 0.0517349243164062 0.055267333984375 -0.00902938842773437
0.0526199340820313 0.0691795349121094 -0.16156005859375 -0.2239990234375
0.00380706787109374 0.072174072265625 -0.367340087890625 -0.36669921875
-0.0437126159667969 0.0408554077148438 -0.58758544921875 -0.3206787109375
-0.0499420166015625 -0.0572242736816406 -0.71392822265625 -0.25604248046875
0.0523605346679688 -0.0879669189453125 -0.70281982421875 -0.31982421875
0.105026245117187 0.014892578125 -0.479400634765625 -0.2462158203125
0.035064697265625 0.114547729492188 -0.120132446289063 -0.0194091796875
-0.023529052734375 -0.113456726074219 0.09136962890625 0.012420654296875
-0.132591247558594 0.013427734375 0.4422607421875 0.253631591796875
-0.0380172729492188 0.0971450805664062 0.6932373046875 0.25677490234375
0.0628280639648438 0.0554351806640625 0.75531005859375 0.26629638671875
0.0770339965820312 -0.0436019897460938 0.5831298828125 0.34307861328125
-0.00504302978515625 -0.0992050170898438 0.424346923828125 0.343475341796875
-0.0401840209960938 -0.0879287719726563 0.231857299804688 0.208770751953125
-0.0146942138671875 -0.0877532958984375 0.0583992004394531 0.0271987915039062
-0.0179519653320313 -0.0933685302734375 -0.140609741210938 -0.221359252929687
0.0266342163085938 -0.0994415283203125 -0.3248291015625 -0.42572021484375
0.0887298583984375 -0.0449981689453125 -0.532928466796875 -0.43084716796875
0.0676498413085937 0.0333671569824219 -0.6591796875 -0.38507080078125
-0.0431900024414063 0.0703125 -0.65081787109375 -0.42657470703125
-0.0935516357421875 -0.028167724609375 -0.4671630859375 -0.27880859375
-0.010406494140625 -0.102882385253906 -0.133476257324219 0.00312805175781247
-0.011260986328125 -0.107795715332031 0.0905380249023437 -0.0177459716796875
-0.122467041015625 0.00100708007812502 0.4434814453125 0.24285888671875
-0.0461578369140625 0.0884933471679688 0.693359375 0.240478515625
0.0562667846679687 0.0649604797363281 0.7353515625 0.2576904296875
0.0790557861328125 -0.0266952514648438 0.562744140625 0.355712890625
0.005523681640625 -0.0860366821289063 0.4266357421875 0.369903564453125
-0.0299453735351563 -0.0766372680664063 0.25238037109375 0.229965209960937
-0.00863647460937501 -0.0729446411132813 0.0803146362304688 0.04107666015625
-0.0130233764648438 -0.0757064819335938 -0.12054443359375 -0.202560424804687
0.0221481323242188 -0.083984375 -0.31866455078125 -0.399627685546875
0.0818099975585938 -0.0431137084960938 -0.543975830078125 -0.4114990234375
0.0708847045898437 0.0217361450195313 -0.6798095703125 -0.3865966796875
-0.0223121643066406 0.0698432922363281 -0.65960693359375 -0.443603515625
-0.0790557861328125 -0.0104293823242188 -0.46917724609375 -0.291259765625
-0.0132980346679688 -0.0853652954101563 -0.131950378417969 -0.0241622924804688
-0.000724792480468747 -0.0830459594726563 0.0957717895507812 -0.0426788330078125
-0.09576416015625 -0.00116729736328123 0.446685791015625 0.23492431640625
-0.0396003723144531 0.0658760070800781 0.69805908203125 0.23516845703125
0.0437164306640625 0.058624267578125 0.7193603515625 0.25372314453125
0.0680694580078125 -0.011505126953125 0.5411376953125 0.371337890625
0.0102996826171875 -0.0613899230957031 0.421356201171875 0.3946533203125
-0.0165481567382813 -0.0537185668945313 0.266433715820313 0.247238159179688
7.62939453124971E-05 -0.0491714477539063 0.0972824096679687 0.048828125
-0.00201797485351562 -0.0491905212402344 -0.107025146484375 -0.190338134765625
0.0189094543457031 -0.0572700500488281 -0.313720703125 -0.373687744140625
0.0656318664550781 -0.0315055847167969 -0.552734375 -0.38458251953125
0.0610580444335937 0.00814437866210937 -0.6976318359375 -0.3704833984375
-0.00194549560546875 0.0538825988769531 -0.66943359375 -0.44293212890625
-0.0519180297851562 0.00173568725585938 -0.474212646484375 -0.295166015625
-0.0103530883789063 -0.0564384460449219 -0.133590698242188 -0.0468826293945312
0.00365829467773438 -0.042266845703125 0.106231689453125 -0.0583419799804687
-0.0598564147949219 0.0125846862792969 0.449432373046875 0.23809814453125
-0.0182380676269531 0.0392913818359375 0.7027587890625 0.24237060546875
0.0304718017578125 0.0368766784667969 0.7066650390625 0.2633056640625
0.0431594848632813 -0.0020294189453125 0.51971435546875 0.3865966796875
0.00650787353515625 -0.0294189453125 0.410064697265625 0.4180908203125
-0.00237274169921875 -0.0240287780761719 0.270370483398438 0.259078979492188
0.0107669830322266 -0.0224132537841797 0.104873657226563 0.0488357543945313
0.01287841796875 -0.0192527770996094 -0.102188110351562 -0.185562133789063
0.0177211761474609 -0.0252399444580078 -0.31488037109375 -0.357666015625
0.0456695556640625 -0.0125770568847656 -0.561309814453125 -0.360687255859375
0.0409317016601563 -0.00329971313476563 -0.7081298828125 -0.34759521484375
0.0119113922119141 0.0267543792724609 -0.68280029296875 -0.4261474609375
-0.0177803039550781 0.00769805908203125 -0.48052978515625 -0.290771484375
-3.43322753906271E-05 -0.0206565856933594 -0.135810852050781 -0.0599517822265625
0.0021662712097168 0.00815963745117188 0.113471984863281 -0.0625
-0.0222930908203125 0.0384254455566406 0.4483642578125 0.24652099609375
0.0134429931640625 0.0136146545410156 0.7021484375 0.26300048828125
0.0198211669921875 0.00518226623535156 0.697265625 0.287109375
0.0113420486450195 0.000278472900390625 0.5045166015625 0.406402587890625
-0.00353288650512695 0.00572776794433594 0.40045166015625 0.43365478515625
0.0107746124267578 0.00907516479492188 0.26519775390625 0.260818481445313
0.021453857421875 0.00500679016113281 0.104400634765625 0.0412826538085938
0.0272541046142578 0.0111122131347656 -0.107208251953125 -0.186843872070313
0.0176258087158203 0.00783538818359375 -0.322998046875 -0.347198486328125
0.0251255035400391 0.00731658935546875 -0.5703125 -0.33905029296875
0.0168333053588867 -0.0123987197875977 -0.7178955078125 -0.31890869140625
0.0212917327880859 -0.00552749633789063 -0.6922607421875 -0.3992919921875
0.0179252624511719 0.00702476501464844 -0.48516845703125 -0.281219482421875
0.0141878128051758 0.0165462493896484 -0.134262084960937 -0.0638504028320313
8.01086425781272E-05 0.0574836730957031 0.114189147949219 -0.0533447265625
0.0132102966308594 0.0640869140625 0.445281982421875 0.256744384765625
0.0448722839355469 -0.0128860473632813 0.69476318359375 0.28759765625
0.00584602355957031 -0.0270614624023438 0.6943359375 0.32061767578125
-0.0224170684814453 0.00140571594238281 0.501129150390625 0.423858642578125
-0.0159759521484375 0.0379867553710938 0.39410400390625 0.436492919921875
0.0214424133300781 0.0393600463867188 0.255645751953125 0.250381469726563
0.0315189361572266 0.0284957885742187 0.0940933227539062 0.0278167724609375
0.0404701232910156 0.0377159118652344 -0.120590209960937 -0.193862915039063
0.0172576904296875 0.0364227294921875 -0.33636474609375 -0.34332275390625
0.00316047668457032 0.0263519287109375 -0.58050537109375 -0.3209228515625
-0.00900650024414062 -0.0238113403320313 -0.7235107421875 -0.29071044921875
0.0291862487792969 -0.0373878479003906 -0.6986083984375 -0.36956787109375
0.0526695251464844 0.00519180297851562 -0.48577880859375 -0.268341064453125
0.0261421203613281 0.0531196594238281 -0.130378723144531 -0.0576019287109375
0.0035400390625 0.095733642578125 0.110984802246094 -0.0334854125976562
0.0456619262695313 0.07708740234375 0.437835693359375 0.272918701171875
0.0627288818359375 -0.0413360595703125 0.6849365234375 0.319091796875
-0.0128707885742188 -0.0527687072753906 0.69403076171875 0.36285400390625
-0.0523681640625 0.00370407104492188 0.507293701171875 0.43939208984375
-0.0239486694335937 0.0646400451660156 0.391204833984375 0.4290771484375
0.0300064086914063 0.0599899291992188 0.239212036132813 0.230911254882813
0.0381355285644531 0.0443000793457031 0.0764923095703125 0.009613037109375
0.0498809814453125 0.05706787109375 -0.139739990234375 -0.204940795898438
0.0132026672363281 0.0595550537109375 -0.352142333984375 -0.34674072265625
-0.0203590393066406 0.0386581420898438 -0.58612060546875 -0.31353759765625
-0.0326995849609375 -0.0388450622558594 -0.72052001953125 -0.26434326171875
0.0383987426757812 -0.0678138732910156 -0.70111083984375 -0.33990478515625
0.0831756591796875 0.00696563720703125 -0.482818603515625 -0.25469970703125
0.0348358154296875 0.0874786376953125 -0.123443603515625 -0.0414657592773438
0.0127792358398437 0.116714477539062 0.105850219726562 -0.00566864013671874
0.0670242309570313 0.071990966796875 0.428314208984375 0.29010009765625
0.061859130859375 -0.0671005249023438 0.67474365234375 0.35272216796875
-0.0352783203125 -0.0647735595703125 0.70343017578125 0.39971923828125
-0.071533203125 0.0113372802734375 0.518646240234375 0.445037841796875
-0.0254974365234375 0.0799102783203125 0.38690185546875 0.412689208984375
0.0353889465332031 0.0687141418457031 0.219680786132813 0.20916748046875
0.0411529541015625 0.0509223937988281 0.0546417236328125 -0.00946807861328125
0.0543403625488281 0.06817626953125 -0.161392211914063 -0.221221923828125
0.00475311279296875 0.073150634765625 -0.366241455078125 -0.361541748046875
-0.0420417785644531 0.0414543151855469 -0.58349609375 -0.31524658203125
-0.049774169921875 -0.0565528869628906 -0.71087646484375 -0.2509765625
0.0513763427734375 -0.0887527465820313 -0.70013427734375 -0.31317138671875
0.104934692382813 0.0149459838867188 -0.478302001953125 -0.240386962890625
0.035430908203125 0.114341735839844 -0.119316101074219 -0.0186767578125
-0.0239715576171875 -0.113723754882813 0.089385986328125 0.0124969482421875
-0.132575988769531 0.01416015625 0.440185546875 0.24981689453125
-0.0370635986328125 0.0970306396484375 0.69085693359375 0.2498779296875
0.0631217956542969 0.055084228515625 0.75054931640625 0.25933837890625
0.0753707885742188 -0.0448684692382813 0.5809326171875 0.33624267578125
-0.00620269775390624 -0.0984115600585938 0.422698974609375 0.33807373046875
-0.0410995483398438 -0.0870208740234375 0.231842041015625 0.205703735351562
-0.0155487060546875 -0.0873260498046875 0.0582160949707031 0.0260467529296875
-0.0189895629882813 -0.092254638671875 -0.140853881835938 -0.21917724609375
0.0257644653320313 -0.0988082885742188 -0.324462890625 -0.42071533203125
0.0889511108398438 -0.045440673828125 -0.531036376953125 -0.42474365234375
0.0674896240234375 0.0331535339355469 -0.6573486328125 -0.37744140625
-0.0426712036132812 0.0704193115234375 -0.64923095703125 -0.42138671875
-0.0928878784179687 -0.0275802612304687 -0.465850830078125 -0.2738037109375
-0.0115814208984375 -0.102516174316406 -0.131782531738281 0.00378417968749998
-0.0136795043945313 -0.107559204101563 0.0888595581054687 -0.0169525146484375
-0.122329711914063 0.00205230712890626 0.441986083984375 0.237884521484375
-0.0451812744140625 0.08819580078125 0.6895751953125 0.23565673828125
0.0563850402832031 0.0639495849609375 0.732421875 0.2493896484375
0.0792160034179688 -0.0279312133789063 0.561676025390625 0.34918212890625
0.00437927246093751 -0.086273193359375 0.425262451171875 0.3653564453125
-0.0307235717773438 -0.0758132934570313 0.252166748046875 0.226913452148437
-0.00961303710937501 -0.072479248046875 0.0805130004882813 0.040863037109375
-0.0135955810546875 -0.07470703125 -0.1209716796875 -0.200225830078125
0.0214996337890625 -0.0835342407226563 -0.316436767578125 -0.394378662109375
0.08062744140625 -0.042724609375 -0.542266845703125 -0.404083251953125
0.0709915161132812 0.0215911865234375 -0.67608642578125 -0.3800048828125
-0.0210227966308594 0.0701751708984375 -0.65625 -0.43701171875
-0.0792617797851563 -0.00983428955078126 -0.4666748046875 -0.28692626953125
-0.0149612426757813 -0.0848922729492188 -0.131706237792969 -0.0242996215820312
-0.00228881835937499 -0.083160400390625 0.09429931640625 -0.04217529296875
-0.0959930419921875 -0.000480651855468747 0.443572998046875 0.232208251953125
-0.0394973754882813 0.0657272338867188 0.6949462890625 0.22955322265625
0.0440635681152344 0.0584030151367187 0.7154541015625 0.2464599609375
0.0678482055664063 -0.0119400024414063 0.5390625 0.3646240234375
0.00935745239257813 -0.0615081787109375 0.42120361328125 0.3912353515625
-0.0169181823730469 -0.0528488159179688 0.266387939453125 0.245407104492188
-0.000579833984375001 -0.0494422912597656 0.0964431762695313 0.0480194091796875
-0.002532958984375 -0.0492362976074219 -0.107391357421875 -0.188507080078125
0.0182838439941406 -0.0566558837890625 -0.31451416015625 -0.370086669921875
0.0649833679199219 -0.0321121215820313 -0.550537109375 -0.380218505859375
0.060638427734375 0.00811386108398438 -0.69390869140625 -0.36346435546875
-0.0020751953125 0.0534133911132813 -0.66680908203125 -0.434814453125
-0.0515251159667969 0.00262451171874999 -0.470947265625 -0.290740966796875
-0.0113487243652344 -0.0554084777832031 -0.132736206054688 -0.0468368530273438
0.00289154052734375 -0.0425338745117187 0.103256225585938 -0.0583877563476563
-0.0606575012207031 0.0124626159667969 0.446746826171875 0.234161376953125
-0.0175895690917969 0.0395431518554688 0.69744873046875 0.23480224609375
0.0303573608398438 0.0362358093261719 0.70257568359375 0.25592041015625
0.0428962707519531 -0.00292587280273438 0.518402099609375 0.3809814453125
0.00617027282714844 -0.0282936096191406 0.4090576171875 0.4140625
-0.00220489501953125 -0.0239048004150391 0.269210815429688 0.256057739257813
0.0103206634521484 -0.0223484039306641 0.104904174804687 0.0479507446289063
0.0122413635253906 -0.0190601348876953 -0.102340698242187 -0.184326171875
0.0176124572753906 -0.024932861328125 -0.3133544921875 -0.35333251953125
0.0462760925292969 -0.0133209228515625 -0.55853271484375 -0.355438232421875
0.0409698486328125 -0.00352859497070313 -0.7059326171875 -0.33966064453125
0.0121059417724609 0.0266056060791016 -0.679931640625 -0.417724609375
-0.0179977416992187 0.007354736328125 -0.478790283203125 -0.287078857421875
-0.00119972229003906 -0.0212078094482422 -0.134193420410156 -0.05950927734375
0.00154209136962891 0.00712966918945312 0.110755920410156 -0.0621109008789062
-0.0227584838867187 0.0388069152832031 0.446807861328125 0.242431640625
0.013667106628418 0.0136518478393555 0.69976806640625 0.255615234375
0.0193252563476563 0.00546836853027344 0.69378662109375 0.27960205078125
0.0109701156616211 -0.000268936157226563 0.5030517578125 0.399871826171875
-0.00356531143188476 0.00578975677490234 0.3997802734375 0.42889404296875
0.0106601715087891 0.00908660888671875 0.265487670898438 0.256942749023438
0.0211505889892578 0.00472640991210938 0.10321044921875 0.0402297973632813
0.0274868011474609 0.0106220245361328 -0.105560302734375 -0.185638427734375
0.0187129974365234 0.00718879699707031 -0.321258544921875 -0.34344482421875
0.0255336761474609 0.00858306884765625 -0.56805419921875 -0.33465576171875
0.0161952972412109 -0.012721061706543 -0.71331787109375 -0.311279296875
0.020172119140625 -0.00488090515136719 -0.690185546875 -0.39166259765625
0.018218994140625 0.00611495971679687 -0.483062744140625 -0.276702880859375
0.0131340026855469 0.0157060623168945 -0.134269714355469 -0.0636672973632813
0.00037765502929688 0.0570030212402344 0.11260986328125 -0.0529327392578125
0.0133209228515625 0.0642127990722656 0.443817138671875 0.25396728515625
0.04412841796875 -0.0128364562988281 0.6922607421875 0.281494140625
0.005096435546875 -0.0269889831542969 0.6898193359375 0.31402587890625
-0.0229625701904297 0.000385284423828129 0.49981689453125 0.419586181640625
-0.0150909423828125 0.0383148193359375 0.394622802734375 0.43133544921875
0.0222320556640625 0.0392799377441406 0.255630493164063 0.24676513671875
0.0313949584960938 0.0272846221923828 0.0934982299804688 0.0262222290039062
0.0403709411621094 0.0371360778808594 -0.119918823242187 -0.191421508789063
0.0181999206542969 0.0368194580078125 -0.334564208984375 -0.339263916015625
0.00351142883300781 0.0263710021972656 -0.5767822265625 -0.3162841796875
-0.00926017761230469 -0.0237026214599609 -0.71917724609375 -0.2845458984375
0.0275115966796875 -0.0372695922851563 -0.6954345703125 -0.362548828125
0.0524253845214844 0.0055694580078125 -0.48321533203125 -0.264892578125
0.0264091491699219 0.0532951354980469 -0.129386901855469 -0.0567092895507813
0.00318908691406249 0.0945281982421875 0.10882568359375 -0.0334243774414063
0.0458450317382813 0.0766754150390625 0.43475341796875 0.26885986328125
0.0618476867675781 -0.0411567687988281 0.682861328125 0.31158447265625
-0.0135726928710937 -0.0518341064453125 0.69085693359375 0.35589599609375
-0.0525779724121094 0.00500106811523437 0.505462646484375 0.432952880859375
-0.0232048034667969 0.0648956298828125 0.39080810546875 0.4249267578125
0.0305747985839844 0.0601882934570313 0.238540649414063 0.227920532226562
0.0380439758300781 0.0440101623535156 0.0753707885742188 0.008209228515625
0.05035400390625 0.0562248229980469 -0.139556884765625 -0.202774047851563
0.0141143798828125 0.05999755859375 -0.35028076171875 -0.3428955078125
-0.01971435546875 0.0390396118164063 -0.5823974609375 -0.30767822265625
-0.0327835083007813 -0.0378990173339844 -0.716796875 -0.25994873046875
0.03717041015625 -0.0669708251953125 -0.69830322265625 -0.33221435546875
0.0822067260742188 0.00687408447265625 -0.480804443359375 -0.249847412109375
0.0344924926757813 0.0866165161132813 -0.123283386230469 -0.0413284301757812
0.0127029418945312 0.11505126953125 0.104110717773438 -0.00547027587890624
0.0678634643554688 0.0716781616210938 0.42669677734375 0.28619384765625
0.0613250732421875 -0.0675697326660156 0.67254638671875 0.34625244140625
-0.0361404418945313 -0.0638923645019531 0.70068359375 0.3919677734375
-0.0713119506835938 0.01190185546875 0.519561767578125 0.440399169921875
-0.0242767333984375 0.0792388916015625 0.38726806640625 0.406951904296875
0.0359115600585938 0.068328857421875 0.218124389648438 0.205474853515625
0.0407981872558594 0.0510368347167969 0.0550498962402344 -0.00945663452148437
0.0538177490234375 0.0658950805664063 -0.161712646484375 -0.219070434570313
0.00572967529296876 0.0724716186523438 -0.364715576171875 -0.356964111328125
-0.041595458984375 0.0421562194824219 -0.58099365234375 -0.309326171875
-0.0509414672851563 -0.0550537109375 -0.70654296875 -0.24383544921875
0.050079345703125 -0.0884170532226563 -0.697509765625 -0.306640625
0.104576110839844 0.0137405395507812 -0.47467041015625 -0.236846923828125
0.0354080200195312 0.113601684570313 -0.118064880371094 -0.0187911987304687
-0.0251617431640625 -0.112892150878906 0.0888900756835938 0.01336669921875
-0.132431030273438 0.0145797729492187 0.4383544921875 0.247406005859375
-0.036041259765625 0.096923828125 0.688232421875 0.24560546875
0.0632705688476563 0.054656982421875 0.74530029296875 0.2547607421875
0.0744400024414062 -0.0456314086914063 0.57781982421875 0.32977294921875
-0.00725555419921875 -0.0978317260742188 0.42108154296875 0.3353271484375
-0.0418167114257812 -0.0865402221679688 0.229904174804688 0.204010009765625
-0.0163955688476563 -0.087127685546875 0.0581474304199219 0.0255165100097656
-0.0190963745117188 -0.0918960571289063 -0.140243530273438 -0.217514038085938
0.0249862670898437 -0.0977706909179687 -0.323944091796875 -0.4171142578125
0.0875320434570313 -0.0456695556640625 -0.529327392578125 -0.42022705078125
0.0669403076171875 0.0332221984863281 -0.65234375 -0.37310791015625
-0.04229736328125 0.0706710815429688 -0.646240234375 -0.41546630859375
-0.0930404663085938 -0.026641845703125 -0.463897705078125 -0.27008056640625
-0.012847900390625 -0.102668762207031 -0.130790710449219 0.00377655029296876
-0.0136871337890625 -0.107711791992188 0.0869903564453125 -0.01617431640625
-0.122467041015625 0.00236511230468749 0.440032958984375 0.235443115234375
-0.0438232421875 0.0877304077148438 0.687744140625 0.23089599609375
0.0566825866699219 0.0634918212890625 0.7298583984375 0.24420166015625
0.0780105590820312 -0.0291595458984375 0.55743408203125 0.34423828125
0.00296783447265624 -0.0863037109375 0.424560546875 0.3614501953125
-0.0314559936523437 -0.0750579833984375 0.251327514648438 0.224884033203125
-0.0100936889648438 -0.0713653564453125 0.0803451538085938 0.0391693115234375
-0.01385498046875 -0.07452392578125 -0.121017456054688 -0.198699951171875
0.0209732055664063 -0.0831146240234375 -0.3167724609375 -0.389739990234375
0.080352783203125 -0.0438461303710938 -0.53887939453125 -0.399627685546875
0.0699234008789063 0.0210838317871094 -0.6719970703125 -0.37481689453125
-0.0208168029785156 0.0701904296875 -0.65399169921875 -0.429443359375
-0.0791549682617188 -0.00798034667968749 -0.46441650390625 -0.282012939453125
-0.0159759521484375 -0.085479736328125 -0.130126953125 -0.0241012573242188
-0.00328063964843751 -0.0837631225585938 0.0926055908203125 -0.0416336059570313
-0.0965423583984375 0.000205993652343756 0.441162109375 0.22955322265625
-0.038787841796875 0.0653419494628906 0.69171142578125 0.22393798828125
0.043670654296875 0.0575942993164063 0.71124267578125 0.2415771484375
0.0664710998535156 -0.0134315490722656 0.536346435546875 0.359466552734375
0.00794219970703124 -0.0606155395507813 0.419158935546875 0.3858642578125
-0.0174560546875 -0.0526618957519531 0.265487670898437 0.24212646484375
-0.00118637084960938 -0.0489425659179688 0.096832275390625 0.0463790893554687
-0.00272369384765625 -0.0490493774414063 -0.10675048828125 -0.186508178710938
0.0179252624511719 -0.0569076538085937 -0.3111572265625 -0.366607666015625
0.0647430419921875 -0.0330085754394531 -0.547760009765625 -0.37518310546875
0.0600318908691406 0.00777435302734375 -0.6920166015625 -0.35986328125
-0.00230026245117188 0.0534591674804688 -0.6651611328125 -0.429443359375
-0.0519866943359375 0.00352096557617188 -0.470245361328125 -0.28753662109375
-0.0111579895019531 -0.0556640625 -0.131645202636719 -0.0459976196289063
0.0028228759765625 -0.0424957275390625 0.101905822753906 -0.0577011108398438
-0.0604515075683594 0.0130386352539063 0.4444580078125 0.23150634765625
-0.0176887512207031 0.0393829345703125 0.6949462890625 0.23199462890625
0.0301132202148438 0.0366630554199219 0.6976318359375 0.25213623046875
0.042694091796875 -0.00360488891601563 0.514190673828125 0.376495361328125
0.00589561462402344 -0.0291786193847656 0.4088134765625 0.410400390625
-0.00308418273925781 -0.0221099853515625 0.268417358398437 0.252761840820313
0.00951385498046875 -0.0222969055175781 0.103889465332031 0.0467147827148437
0.0115680694580078 -0.0191631317138672 -0.101531982421875 -0.183258056640625
0.0174846649169922 -0.0246772766113281 -0.311859130859375 -0.349029541015625
0.0451583862304688 -0.0129547119140625 -0.555328369140625 -0.35015869140625
0.0407791137695313 -0.00345230102539062 -0.701904296875 -0.33563232421875
0.0107936859130859 0.0263023376464844 -0.67578125 -0.41387939453125
-0.0176525115966797 0.00793647766113282 -0.47650146484375 -0.28167724609375
-0.000795364379882811 -0.0207767486572266 -0.133651733398438 -0.0589141845703125
0.00151729583740234 0.00704193115234375 0.109092712402344 -0.0613937377929687
-0.0231132507324219 0.0395164489746094 0.44378662109375 0.23980712890625
0.0135946273803711 0.0136528015136719 0.69744873046875 0.25018310546875
0.0183944702148438 0.00529670715332031 0.6895751953125 0.2742919921875
0.0102519989013672 -0.000402450561523437 0.499847412109375 0.3956298828125
-0.00354719161987305 0.00555992126464844 0.398834228515625 0.42498779296875
0.0108356475830078 0.00961589813232422 0.264816284179688 0.254425048828125
0.0210037231445313 0.00436973571777344 0.103324890136719 0.0392379760742188
0.0277805328369141 0.0104217529296875 -0.106521606445313 -0.183883666992187
0.0189533233642578 0.00827980041503906 -0.3197021484375 -0.338653564453125
0.0256061553955078 0.00850868225097656 -0.56365966796875 -0.32867431640625
0.0163145065307617 -0.0118789672851563 -0.7095947265625 -0.30767822265625
0.0192470550537109 -0.00487899780273438 -0.68548583984375 -0.3853759765625
0.0189094543457031 0.00662040710449219 -0.480438232421875 -0.2733154296875
0.0135040283203125 0.0162143707275391 -0.132659912109375 -0.0631942749023438
0.000747680664062498 0.0560264587402344 0.110015869140625 -0.0529937744140625
0.0135459899902344 0.064453125 0.4405517578125 0.249786376953125
0.043426513671875 -0.0131988525390625 0.68988037109375 0.275390625
0.00446128845214844 -0.0267353057861328 0.6868896484375 0.3072509765625
-0.0226097106933594 -6.86645507812486E-05 0.498504638671875 0.4132080078125
-0.0151786804199219 0.0384063720703125 0.391937255859375 0.427459716796875
0.0221099853515625 0.039459228515625 0.254592895507813 0.244338989257813
0.0307235717773438 0.0272979736328125 0.0933303833007813 0.0254669189453125
0.0413131713867188 0.0363883972167969 -0.118896484375 -0.18939208984375
0.0183219909667969 0.0362205505371094 -0.331756591796875 -0.335906982421875
0.00418663024902344 0.0271530151367188 -0.573486328125 -0.31134033203125
-0.00951957702636719 -0.0235519409179687 -0.71441650390625 -0.27960205078125
0.026519775390625 -0.0371932983398438 -0.69097900390625 -0.3577880859375
0.051971435546875 0.00467300415039063 -0.481597900390625 -0.261993408203125
0.0272064208984375 0.0531501770019531 -0.127998352050781 -0.0569229125976563
0.00335693359374999 0.0940780639648438 0.106986999511719 -0.0327224731445312
0.0454254150390625 0.076385498046875 0.433685302734375 0.265716552734375
0.0611152648925781 -0.0416374206542969 0.681640625 0.30718994140625
-0.0146751403808594 -0.0512428283691406 0.68707275390625 0.34808349609375
-0.0525665283203125 0.00446701049804689 0.504730224609375 0.427032470703125
-0.0224113464355469 0.0644454956054688 0.389739990234375 0.41986083984375
0.0308380126953125 0.0598220825195313 0.238662719726563 0.226165771484375
0.0379524230957031 0.0433578491210938 0.0762786865234375 0.0081329345703125
0.0506134033203125 0.0558967590332031 -0.139083862304688 -0.200729370117187
0.0146827697753906 0.0595245361328125 -0.34881591796875 -0.33892822265625
-0.0190963745117188 0.0395011901855469 -0.5784912109375 -0.303466796875
-0.0332221984863281 -0.037261962890625 -0.7122802734375 -0.25482177734375
0.0356101989746094 -0.06695556640625 -0.69512939453125 -0.32818603515625
0.0819931030273437 0.00614166259765625 -0.47857666015625 -0.247283935546875
0.0348587036132813 0.0865859985351563 -0.122589111328125 -0.0410003662109375
0.0136337280273438 0.114852905273438 0.101585388183594 -0.00568389892578124
0.0680313110351563 0.0715408325195313 0.424102783203125 0.2830810546875
0.059844970703125 -0.0674209594726563 0.671630859375 0.341064453125
-0.0371475219726562 -0.0633163452148438 0.6971435546875 0.38458251953125
-0.0716171264648438 0.0120010375976563 0.516265869140625 0.43389892578125
-0.0231170654296875 0.0800552368164063 0.38726806640625 0.40185546875
0.0367584228515625 0.0688896179199219 0.21759033203125 0.203079223632812
0.0414962768554688 0.0502967834472656 0.0539436340332031 -0.0101127624511719
0.0540275573730469 0.0661125183105469 -0.160797119140625 -0.217376708984375
0.00678253173828125 0.072601318359375 -0.363037109375 -0.35369873046875
-0.0409736633300781 0.0427360534667969 -0.57806396484375 -0.30548095703125
-0.0510787963867188 -0.0555152893066406 -0.70074462890625 -0.239013671875
0.0481948852539062 -0.0880126953125 -0.6934814453125 -0.30218505859375
0.103927612304688 0.0129241943359375 -0.4737548828125 -0.23382568359375
0.0358200073242188 0.112747192382813 -0.116844177246094 -0.019012451171875
-0.0258407592773438 -0.112907409667969 0.0872573852539063 0.0134353637695312
-0.132110595703125 0.0153884887695313 0.435455322265625 0.2452392578125
-0.035858154296875 0.0964584350585938 0.68560791015625 0.2442626953125
0.0633163452148438 0.0540885925292969 0.74163818359375 0.25079345703125
0.0735702514648438 -0.0467453002929688 0.5743408203125 0.32763671875
-0.00770568847656251 -0.0974044799804688 0.419219970703125 0.330413818359375
-0.0423507690429688 -0.0847854614257813 0.22955322265625 0.20233154296875
-0.0169525146484375 -0.086456298828125 0.0578079223632812 0.0250778198242187
-0.01959228515625 -0.091339111328125 -0.139984130859375 -0.21636962890625
0.0244369506835938 -0.098114013671875 -0.321685791015625 -0.41339111328125
0.0871658325195313 -0.0459976196289063 -0.526031494140625 -0.4161376953125
0.0671958923339844 0.0325393676757813 -0.65087890625 -0.36883544921875
-0.0416183471679688 0.071075439453125 -0.64306640625 -0.41119384765625
-0.0931930541992188 -0.025482177734375 -0.461181640625 -0.26800537109375
-0.0132293701171875 -0.102249145507813 -0.12933349609375 0.00275421142578126
-0.0144195556640625 -0.107765197753906 0.0855560302734375 -0.01593017578125
-0.122161865234375 0.00351715087890625 0.436798095703125 0.232635498046875
-0.043182373046875 0.0882644653320312 0.68524169921875 0.22601318359375
0.0569419860839844 0.063018798828125 0.7247314453125 0.24017333984375
0.0771865844726563 -0.029693603515625 0.555938720703125 0.340606689453125
0.00309753417968749 -0.084930419921875 0.421478271484375 0.35760498046875
-0.0314483642578125 -0.0738525390625 0.25 0.222198486328125
-0.0107955932617187 -0.0715179443359375 0.07928466796875 0.0388107299804687
-0.0143661499023437 -0.0744094848632813 -0.120620727539062 -0.197402954101563
0.0205764770507812 -0.0827102661132813 -0.3138427734375 -0.386871337890625
0.0796585083007813 -0.0443954467773438 -0.53466796875 -0.395904541015625
0.0698661804199219 0.0206184387207031 -0.66973876953125 -0.3699951171875
-0.021026611328125 0.0701560974121094 -0.6490478515625 -0.42718505859375
-0.0791015625 -0.00769805908203125 -0.46270751953125 -0.280120849609375
-0.01605224609375 -0.0845565795898438 -0.128883361816406 -0.024627685546875
-0.00366973876953124 -0.0836334228515625 0.0905838012695313 -0.0407791137695313
-0.0961761474609375 0.00119018554687501 0.43902587890625 0.22796630859375
-0.0392189025878906 0.0659828186035156 0.688232421875 0.22119140625
0.04351806640625 0.0570831298828125 0.7076416015625 0.23614501953125
0.0658035278320313 -0.0140266418457031 0.533233642578125 0.356292724609375
0.00807952880859375 -0.0613632202148437 0.417388916015625 0.3846435546875
-0.0180625915527344 -0.0515480041503906 0.263839721679688 0.239608764648438
-0.001983642578125 -0.0491218566894531 0.0958251953125 0.0456619262695313
-0.00246429443359375 -0.0487022399902344 -0.106246948242188 -0.185562133789062
0.0171890258789063 -0.0560874938964844 -0.309844970703125 -0.364349365234375
0.0643539428710938 -0.0328483581542969 -0.5455322265625 -0.371246337890625
0.0597991943359375 0.00739669799804688 -0.6864013671875 -0.35479736328125
-0.00203704833984375 0.0531425476074219 -0.66107177734375 -0.42510986328125
-0.0516548156738281 0.00395965576171875 -0.46795654296875 -0.28472900390625
-0.0125274658203125 -0.05615234375 -0.130126953125 -0.0460052490234375
0.001708984375 -0.0433616638183594 0.0996856689453125 -0.0572662353515625
-0.0610389709472656 0.0136871337890625 0.4415283203125 0.228851318359375
-0.0176315307617187 0.0401115417480469 0.6915283203125 0.2288818359375
0.0302467346191406 0.0362510681152344 0.694580078125 0.24798583984375
0.0425872802734375 -0.0048065185546875 0.511383056640625 0.372711181640625
0.00573539733886719 -0.0287303924560547 0.4058837890625 0.40771484375
-0.00316238403320313 -0.0223140716552734 0.267547607421875 0.250732421875
0.00979423522949219 -0.0222358703613281 0.104164123535156 0.0456924438476563
0.0122776031494141 -0.0193767547607422 -0.101776123046875 -0.1805419921875
0.0174446105957031 -0.024261474609375 -0.309661865234375 -0.34588623046875
0.0453643798828125 -0.01361083984375 -0.5528564453125 -0.346923828125
0.03985595703125 -0.00286483764648437 -0.69683837890625 -0.3314208984375
0.0113048553466797 0.0268936157226562 -0.672607421875 -0.40966796875
-0.0178298950195313 0.00774574279785156 -0.474517822265625 -0.27996826171875
-0.00143623352050781 -0.0211906433105469 -0.132431030273438 -0.0600433349609375
0.000751495361328125 0.00647115707397461 0.106697082519531 -0.0611495971679687
-0.0233726501464844 0.0394134521484375 0.44024658203125 0.23651123046875
0.0132732391357422 0.0134801864624023 0.69384765625 0.24676513671875
0.0186614990234375 0.00484657287597656 0.68634033203125 0.26983642578125
0.0102882385253906 -0.00132083892822266 0.496856689453125 0.39154052734375
-0.0040583610534668 0.0057530403137207 0.395782470703125 0.419769287109375
0.0106420516967773 0.0099639892578125 0.2626953125 0.251861572265625
0.0206279754638672 0.00442695617675781 0.10333251953125 0.0379638671875
0.0272998809814453 0.00945281982421875 -0.105682373046875 -0.182266235351563
0.0194187164306641 0.00845718383789063 -0.317779541015625 -0.33599853515625
0.0256423950195313 0.00786209106445313 -0.560882568359375 -0.325836181640625
0.0159988403320313 -0.0121088027954102 -0.7069091796875 -0.303955078125
0.01824951171875 -0.00474166870117188 -0.68072509765625 -0.38372802734375
0.0185909271240234 0.00739479064941406 -0.4779052734375 -0.2706298828125
0.0130186080932617 0.0161628723144531 -0.13177490234375 -0.0630722045898438
0.00045013427734375 0.0555648803710938 0.108009338378906 -0.0520706176757813
0.0127029418945313 0.0640487670898438 0.438323974609375 0.24835205078125
0.0437164306640625 -0.0134544372558594 0.6884765625 0.27197265625
0.004425048828125 -0.0265350341796875 0.6832275390625 0.3048095703125
-0.0234699249267578 0.000392913818359375 0.495147705078125 0.409912109375
-0.0135383605957031 0.0389175415039063 0.391754150390625 0.425689697265625
0.0221786499023437 0.0392494201660156 0.253662109375 0.242156982421875
0.0307998657226563 0.02740478515625 0.0927581787109375 0.0252151489257812
0.041107177734375 0.0360183715820313 -0.118133544921875 -0.188720703125
0.01861572265625 0.0372390747070313 -0.330230712890625 -0.33258056640625
0.00429344177246094 0.0273628234863281 -0.57122802734375 -0.3099365234375
-0.0096282958984375 -0.0226459503173828 -0.7103271484375 -0.275146484375
0.0262489318847656 -0.0371551513671875 -0.68695068359375 -0.35284423828125
0.0519752502441406 0.00453567504882812 -0.479095458984375 -0.25921630859375
0.0265083312988281 0.0526771545410156 -0.128036499023438 -0.0569992065429688
0.00300598144531249 0.09405517578125 0.104759216308594 -0.0325241088867187
0.0453414916992188 0.0766067504882813 0.429901123046875 0.26348876953125
0.0601806640625 -0.0415000915527344 0.67755126953125 0.30328369140625
-0.0151214599609375 -0.0520172119140625 0.6842041015625 0.34368896484375
-0.0526542663574219 0.0044708251953125 0.50067138671875 0.42333984375
-0.021331787109375 0.0646934509277344 0.38861083984375 0.417144775390625
0.0312728881835937 0.0599899291992188 0.237838745117188 0.224533081054688
0.0382118225097656 0.0427780151367188 0.0760116577148438 0.00775909423828125
0.0511589050292969 0.0548515319824219 -0.1376953125 -0.1998291015625
0.015167236328125 0.0600662231445313 -0.3468017578125 -0.337158203125
-0.0191650390625 0.0397567749023438 -0.575439453125 -0.30078125
-0.0333938598632813 -0.03680419921875 -0.7078857421875 -0.25152587890625
0.0355491638183594 -0.0666046142578125 -0.690185546875 -0.32379150390625
0.082122802734375 0.00568389892578125 -0.4761962890625 -0.245147705078125
0.034912109375 0.086090087890625 -0.121391296386719 -0.0417098999023438
0.013275146484375 0.114067077636719 0.100860595703125 -0.00473022460937499
0.0671234130859375 0.0707931518554688 0.4217529296875 0.2811279296875
0.0595588684082031 -0.0680427551269531 0.6685791015625 0.33660888671875
-0.0374794006347656 -0.0635414123535156 0.6934814453125 0.38031005859375
-0.0714035034179687 0.0119705200195313 0.51348876953125 0.42913818359375
-0.0222091674804687 0.0801773071289063 0.384613037109375 0.40008544921875
0.0368499755859375 0.0687599182128906 0.216552734375 0.20172119140625
0.04180908203125 0.0503807067871094 0.0541801452636719 -0.0107841491699219
0.0546455383300781 0.0658111572265625 -0.160324096679688 -0.2149658203125
0.00707244873046874 0.072906494140625 -0.360015869140625 -0.3497314453125
-0.0410232543945313 0.0425758361816406 -0.57501220703125 -0.3035888671875
-0.0510025024414062 -0.0540962219238281 -0.69647216796875 -0.23687744140625
0.0472335815429687 -0.0876998901367187 -0.6875 -0.2984619140625
0.104049682617188 0.0132904052734375 -0.471099853515625 -0.23193359375
0.0358505249023438 0.112533569335938 -0.115898132324219 -0.0193405151367188
-0.026702880859375 -0.11285400390625 0.0852279663085937 0.013824462890625
-0.132041931152344 0.0163955688476562 0.434112548828125 0.243927001953125
-0.0351943969726562 0.0968780517578125 0.68170166015625 0.2410888671875
0.0637626647949219 0.05352783203125 0.737060546875 0.247802734375
0.0729141235351563 -0.0476303100585938 0.5699462890625 0.3250732421875
-0.00827789306640626 -0.0965042114257812 0.4169921875 0.331207275390625
-0.0430374145507812 -0.0853424072265625 0.228195190429687 0.200729370117188
-0.0178070068359375 -0.086395263671875 0.0579986572265625 0.0253372192382812
-0.0202255249023437 -0.0913467407226563 -0.13916015625 -0.214340209960938
0.02374267578125 -0.0972671508789062 -0.3192138671875 -0.41094970703125
0.0865859985351563 -0.0467071533203125 -0.52142333984375 -0.413970947265625
0.0670280456542969 0.0327033996582031 -0.64520263671875 -0.36785888671875
-0.042205810546875 0.0704269409179688 -0.63873291015625 -0.4093017578125
-0.0925979614257813 -0.0250167846679688 -0.459564208984375 -0.26580810546875
-0.0129165649414062 -0.101356506347656 -0.128562927246094 0.00199890136718748
-0.0155181884765625 -0.1075439453125 0.0842132568359375 -0.0150680541992188
-0.122413635253906 0.003662109375 0.435455322265625 0.23272705078125
-0.04351806640625 0.08807373046875 0.68194580078125 0.22515869140625
0.0572700500488281 0.0631637573242187 0.71929931640625 0.2364501953125
0.0764617919921875 -0.0306396484375 0.551727294921875 0.33807373046875
0.00269317626953126 -0.0851364135742187 0.420257568359375 0.355377197265625
-0.0325546264648438 -0.0735015869140625 0.24896240234375 0.22137451171875
-0.0115966796875 -0.0709991455078125 0.0794677734375 0.0379409790039062
-0.0147857666015625 -0.0739593505859375 -0.119125366210938 -0.196426391601563
0.019439697265625 -0.0821075439453125 -0.31121826171875 -0.384033203125
0.0797653198242188 -0.0440826416015625 -0.532379150390625 -0.394744873046875
0.0695762634277344 0.0204086303710938 -0.66607666015625 -0.3680419921875
-0.0213966369628906 0.0697441101074219 -0.64666748046875 -0.4237060546875
-0.0788192749023438 -0.007659912109375 -0.459930419921875 -0.2779541015625
-0.0162582397460937 -0.0843582153320312 -0.128082275390625 -0.0251083374023437
-0.0048828125 -0.0846939086914063 0.089569091796875 -0.0406417846679688
-0.0969161987304687 0.00109100341796876 0.43621826171875 0.226104736328125
-0.0386962890625 0.0664825439453125 0.68682861328125 0.21966552734375
0.0441322326660156 0.0563545227050781 0.70440673828125 0.23394775390625
0.0655670166015625 -0.014892578125 0.5302734375 0.352386474609375
0.00851058959960937 -0.0601654052734375 0.416046142578125 0.381744384765625
-0.0181388854980469 -0.0514373779296875 0.263153076171875 0.238128662109375
-0.00168609619140625 -0.0491523742675781 0.0961990356445313 0.0451431274414063
-0.00302505493164063 -0.0483055114746094 -0.105987548828125 -0.185806274414063
0.0172386169433594 -0.0559196472167969 -0.308135986328125 -0.36041259765625
0.0640869140625 -0.0322952270507812 -0.54058837890625 -0.369476318359375
0.0590400695800781 0.00704193115234375 -0.68359375 -0.353271484375
-0.00217819213867188 0.0529327392578125 -0.65667724609375 -0.423095703125
-0.0522994995117188 0.00377273559570312 -0.46539306640625 -0.28173828125
-0.0124740600585938 -0.0558662414550781 -0.129348754882813 -0.0469284057617188
0.00139999389648438 -0.0435829162597656 0.0978851318359375 -0.056304931640625
-0.0613975524902344 0.0142784118652344 0.439300537109375 0.228302001953125
-0.0174217224121094 0.0400199890136719 0.69049072265625 0.22589111328125
0.0297966003417969 0.0358848571777344 0.69097900390625 0.2449951171875
0.0413131713867188 -0.005035400390625 0.50885009765625 0.369903564453125
0.00533103942871094 -0.0287246704101562 0.40582275390625 0.404541015625
-0.00346565246582031 -0.0219135284423828 0.266555786132812 0.248687744140625
0.00882339477539062 -0.0225696563720703 0.104095458984375 0.044891357421875
0.0117950439453125 -0.0189781188964844 -0.0999603271484375 -0.180099487304688
0.0175571441650391 -0.0240802764892578 -0.30718994140625 -0.343780517578125
0.0458488464355469 -0.0135650634765625 -0.54730224609375 -0.346343994140625
0.0395965576171875 -0.002838134765625 -0.69384765625 -0.32977294921875
0.0107078552246094 0.0267391204833984 -0.66961669921875 -0.40484619140625
-0.0178966522216797 0.00824546813964844 -0.472930908203125 -0.27783203125
-0.00117301940917969 -0.0210037231445313 -0.132316589355469 -0.0601425170898437
0.000603199005126953 0.00648164749145508 0.104461669921875 -0.0608367919921875
-0.0239295959472656 0.0394668579101563 0.437957763671875 0.236572265625
0.0129318237304688 0.0141668319702148 0.6923828125 0.2442626953125
0.0176887512207031 0.00496101379394531 0.6826171875 0.2681884765625
0.00984477996826172 -0.00257301330566406 0.493896484375 0.388458251953125
-0.00393772125244141 0.00664377212524414 0.395111083984375 0.419464111328125
0.0105533599853516 0.0105972290039062 0.262344360351563 0.250778198242188
0.020843505859375 0.00436782836914063 0.103118896484375 0.0374755859375
0.0273494720458984 0.00996589660644531 -0.104354858398437 -0.181243896484375
0.0187854766845703 0.00872039794921875 -0.314697265625 -0.334930419921875
0.0252399444580078 0.00766754150390625 -0.558197021484375 -0.32366943359375
0.0156841278076172 -0.0119762420654297 -0.70184326171875 -0.3016357421875
0.0180225372314453 -0.00449752807617188 -0.67913818359375 -0.38018798828125
0.0181636810302734 0.0068817138671875 -0.476531982421875 -0.26861572265625
0.0124940872192383 0.0154752731323242 -0.131736755371094 -0.0635147094726562
-0.000186920166015625 0.0555992126464844 0.106201171875 -0.0516281127929688
0.0129203796386719 0.0646514892578125 0.435333251953125 0.246124267578125
0.0427932739257813 -0.0133705139160156 0.6849365234375 0.26800537109375
0.00402069091796875 -0.0267276763916016 0.6795654296875 0.30059814453125
-0.0233879089355469 0.000101089477539061 0.491851806640625 0.4063720703125
-0.0142745971679687 0.0388145446777344 0.39044189453125 0.422760009765625
0.0226898193359375 0.0392417907714844 0.252288818359375 0.239593505859375
0.0304431915283203 0.0269737243652344 0.0926895141601563 0.0241165161132813
0.042083740234375 0.0354537963867188 -0.11767578125 -0.187713623046875
0.01934814453125 0.037078857421875 -0.328094482421875 -0.330810546875
0.0039520263671875 0.0268096923828125 -0.5650634765625 -0.3072509765625
-0.0109786987304688 -0.0229072570800781 -0.70562744140625 -0.27191162109375
0.0241813659667969 -0.0369834899902344 -0.6849365234375 -0.35089111328125
0.0523223876953125 0.00417709350585938 -0.476898193359375 -0.25811767578125
0.0265998840332031 0.0520095825195313 -0.127182006835938 -0.056976318359375
0.00296783447265625 0.0928802490234375 0.103477478027344 -0.031890869140625
0.044891357421875 0.076751708984375 0.4285888671875 0.262054443359375
0.0604476928710938 -0.0417442321777344 0.67510986328125 0.29962158203125
-0.0154991149902344 -0.0512580871582031 0.68121337890625 0.3414306640625
-0.0531692504882813 0.00481033325195313 0.49761962890625 0.4202880859375
-0.021331787109375 0.06494140625 0.387725830078125 0.41473388671875
0.0312843322753906 0.0600013732910156 0.236495971679688 0.223358154296875
0.0377655029296875 0.04345703125 0.0755844116210937 0.00690460205078125
0.0512657165527344 0.0545463562011719 -0.13690185546875 -0.198379516601563
0.0156059265136719 0.0600547790527344 -0.342803955078125 -0.335845947265625
-0.0182991027832031 0.0401039123535156 -0.57135009765625 -0.29925537109375
-0.0342178344726562 -0.0366783142089844 -0.70550537109375 -0.2486572265625
0.0340232849121094 -0.0662345886230469 -0.687255859375 -0.3211669921875
0.0818634033203125 0.006011962890625 -0.473907470703125 -0.243865966796875
0.0345458984375 0.0855865478515625 -0.120361328125 -0.0420150756835938
0.0131301879882812 0.113677978515625 0.0992965698242188 -0.00457763671874999
0.06695556640625 0.0706634521484375 0.41949462890625 0.279388427734375
0.0584602355957031 -0.067840576171875 0.666748046875 0.335205078125
-0.0378379821777344 -0.0629501342773438 0.69036865234375 0.3768310546875
-0.072723388671875 0.0121994018554688 0.509857177734375 0.4248046875
-0.0210800170898438 0.0802383422851563 0.38299560546875 0.397796630859375
0.037994384765625 0.0687179565429688 0.215103149414063 0.20062255859375
0.0421104431152344 0.050262451171875 0.0539436340332031 -0.010955810546875
0.0554237365722656 0.0651283264160156 -0.15826416015625 -0.213409423828125
0.00865936279296875 0.0733642578125 -0.357696533203125 -0.347320556640625
-0.0400466918945313 0.0434761047363281 -0.5706787109375 -0.30169677734375
-0.0519065856933594 -0.0537605285644531 -0.69354248046875 -0.234619140625
0.0467605590820313 -0.08740234375 -0.685546875 -0.29638671875
0.103424072265625 0.0134735107421875 -0.468048095703125 -0.229705810546875
0.036163330078125 0.111808776855469 -0.115242004394531 -0.0195465087890625
-0.0269775390625 -0.113121032714844 0.0845565795898438 0.0144882202148437
-0.132659912109375 0.0167160034179688 0.431671142578125 0.243988037109375
-0.0353622436523438 0.0966415405273438 0.67987060546875 0.2408447265625
0.0629310607910156 0.0532760620117188 0.73504638671875 0.24468994140625
0.07171630859375 -0.047943115234375 0.56866455078125 0.32232666015625
-0.00887298583984375 -0.0964431762695313 0.414764404296875 0.328582763671875
-0.04327392578125 -0.083984375 0.227188110351563 0.200668334960938
-0.01776123046875 -0.0857772827148438 0.0574951171875 0.0243988037109375
-0.0204086303710937 -0.0909042358398438 -0.138427734375 -0.213546752929687
0.0231475830078125 -0.0964889526367187 -0.319091796875 -0.408721923828125
0.0863571166992187 -0.0460052490234375 -0.519378662109375 -0.41302490234375
0.0666236877441406 0.0318336486816406 -0.64190673828125 -0.3656005859375
-0.0417556762695313 0.0703353881835938 -0.63507080078125 -0.40716552734375
-0.0925521850585938 -0.0247573852539062 -0.4573974609375 -0.26531982421875
-0.0141754150390625 -0.101509094238281 -0.127578735351563 0.00153350830078126
-0.0160446166992188 -0.107666015625 0.0825881958007813 -0.013946533203125
-0.123390197753906 0.00473022460937499 0.432281494140625 0.231231689453125
-0.0438308715820313 0.0879058837890625 0.68048095703125 0.2236328125
0.056854248046875 0.0626258850097656 0.71575927734375 0.23529052734375
0.0761260986328125 -0.03167724609375 0.548858642578125 0.335357666015625
0.00190734863281249 -0.0846939086914062 0.4180908203125 0.354705810546875
-0.03240966796875 -0.0727386474609375 0.24798583984375 0.220901489257813
-0.0120010375976563 -0.0710830688476563 0.0791091918945313 0.0370712280273437
-0.01409912109375 -0.0740509033203125 -0.118881225585937 -0.1962890625
0.0197525024414062 -0.0820465087890625 -0.309478759765625 -0.3824462890625
0.0788116455078125 -0.04443359375 -0.5289306640625 -0.3924560546875
0.0699958801269531 0.0207443237304688 -0.6624755859375 -0.36700439453125
-0.0215568542480469 0.0695724487304688 -0.6434326171875 -0.42193603515625
-0.0790863037109375 -0.007049560546875 -0.458587646484375 -0.277435302734375
-0.0172042846679687 -0.0843582153320313 -0.127037048339844 -0.0259857177734375
-0.0050201416015625 -0.0845718383789063 0.0871810913085938 -0.0393600463867188
-0.0967559814453125 0.00109100341796874 0.435302734375 0.2265625
-0.0385513305664062 0.0666007995605469 0.684326171875 0.21795654296875
0.0436515808105469 0.0565986633300781 0.70098876953125 0.2322998046875
0.0652503967285156 -0.0159339904785156 0.5264892578125 0.35186767578125
0.00722885131835938 -0.0604362487792969 0.413848876953125 0.381072998046875
-0.0185279846191406 -0.0509605407714844 0.2613525390625 0.237518310546875
-0.00307846069335938 -0.0481796264648438 0.0958786010742188 0.0444717407226563
-0.00341796875 -0.0487518310546875 -0.105178833007813 -0.18450927734375
0.0174064636230469 -0.0550041198730469 -0.3056640625 -0.35955810546875
0.0640106201171875 -0.0331268310546875 -0.53790283203125 -0.366455078125
0.0590095520019531 0.00795364379882813 -0.67999267578125 -0.3504638671875
-0.00280380249023438 0.0534477233886719 -0.655029296875 -0.42242431640625
-0.0519981384277344 0.00497436523437499 -0.462646484375 -0.281646728515625
-0.0127601623535156 -0.0555305480957031 -0.129066467285156 -0.0472183227539063
0.000740051269531249 -0.0438423156738281 0.0962295532226563 -0.0551681518554688
-0.061859130859375 0.0143547058105469 0.437103271484375 0.228515625
-0.0181846618652344 0.0396842956542969 0.6883544921875 0.2244873046875
0.0302009582519531 0.035614013671875 0.6861572265625 0.24346923828125
0.0410881042480469 -0.00557327270507813 0.50482177734375 0.368377685546875
0.00476646423339844 -0.0286426544189453 0.4024658203125 0.4029541015625
-0.00415611267089844 -0.0212574005126953 0.26544189453125 0.248580932617188
0.00873184204101563 -0.0225086212158203 0.103507995605469 0.0446701049804688
0.0117740631103516 -0.0195045471191406 -0.09912109375 -0.17938232421875
0.0175571441650391 -0.02349853515625 -0.3048095703125 -0.343017578125
0.0450668334960938 -0.0132408142089844 -0.5435791015625 -0.342681884765625
0.040069580078125 -0.00308990478515625 -0.6912841796875 -0.3289794921875
0.00963592529296875 0.0265388488769531 -0.66455078125 -0.403564453125
-0.0179176330566406 0.00824356079101562 -0.47021484375 -0.277557373046875
-0.00177192687988281 -0.0211753845214844 -0.131317138671875 -0.0609588623046875
0.000204563140869141 0.00587558746337891 0.103004455566406 -0.0593109130859375
-0.02423095703125 0.0391960144042969 0.4366455078125 0.235687255859375
0.0131492614746094 0.0138835906982422 0.68896484375 0.24407958984375
0.0181865692138672 0.00503730773925781 0.67889404296875 0.2652587890625
0.0087285041809082 -0.00240135192871094 0.49114990234375 0.38775634765625
-0.00403261184692383 0.00655460357666016 0.394012451171875 0.4180908203125
0.0101299285888672 0.0102243423461914 0.260345458984375 0.24896240234375
0.0200653076171875 0.00378799438476563 0.102554321289063 0.0372314453125
0.0275211334228516 0.00907516479492188 -0.103958129882813 -0.181182861328125
0.0189018249511719 0.00830841064453125 -0.312408447265625 -0.333465576171875
0.0259761810302734 0.00807571411132813 -0.553436279296875 -0.323272705078125
0.0153751373291016 -0.0118408203125 -0.69952392578125 -0.30126953125
0.0178031921386719 -0.00500869750976563 -0.67529296875 -0.37884521484375
0.0175371170043945 0.00674057006835937 -0.4730224609375 -0.268707275390625
0.0121126174926758 0.0154819488525391 -0.130508422851562 -0.0635986328125
-0.00107955932617187 0.0546875 0.104812622070313 -0.05035400390625
0.012725830078125 0.0645751953125 0.4329833984375 0.247222900390625
0.0426101684570313 -0.0129814147949219 0.68280029296875 0.26776123046875
0.00335121154785156 -0.0267982482910156 0.6756591796875 0.298095703125
-0.0244178771972656 -0.000175476074218754 0.488739013671875 0.404632568359375
-0.0132675170898438 0.0390243530273438 0.387481689453125 0.42010498046875
0.0220451354980469 0.040191650390625 0.250946044921875 0.239181518554688
0.0307350158691406 0.0277748107910156 0.0929183959960938 0.0243911743164062
0.0425300598144531 0.0342903137207031 -0.116119384765625 -0.187713623046875
0.019775390625 0.0372810363769531 -0.32452392578125 -0.329864501953125
0.00452041625976563 0.0271549224853516 -0.561187744140625 -0.305572509765625
-0.0101509094238281 -0.02191162109375 -0.702880859375 -0.27215576171875
0.0242500305175781 -0.0371665954589844 -0.68084716796875 -0.3499755859375
0.0516929626464844 0.00406646728515625 -0.474029541015625 -0.257598876953125
0.0261001586914062 0.0524978637695313 -0.126136779785156 -0.0577163696289063
0.00325012207031249 0.0925140380859375 0.102012634277344 -0.0311508178710937
0.0450363159179687 0.0766372680664063 0.425140380859375 0.262054443359375
0.0597724914550781 -0.0418663024902344 0.672607421875 0.29779052734375
-0.0160026550292969 -0.051422119140625 0.6771240234375 0.337890625
-0.0538101196289063 0.00492858886718751 0.494384765625 0.417999267578125
-0.0196151733398438 0.0647850036621094 0.385101318359375 0.413970947265625
0.0314483642578125 0.0606918334960937 0.236160278320313 0.222183227539063
0.0379066467285156 0.0429420471191406 0.07568359375 0.0068511962890625
0.0521163940429688 0.0541152954101563 -0.135894775390625 -0.197494506835937
0.0166244506835938 0.0599327087402344 -0.3411865234375 -0.333953857421875
-0.0179252624511719 0.0400161743164063 -0.56842041015625 -0.29742431640625
-0.0337944030761719 -0.036102294921875 -0.700439453125 -0.2484130859375
0.0331306457519531 -0.066192626953125 -0.6837158203125 -0.3211669921875
0.0818405151367188 0.0054168701171875 -0.47198486328125 -0.2427978515625
0.0340118408203125 0.0853500366210937 -0.119911193847656 -0.0429840087890625
0.012969970703125 0.112770080566406 0.0976104736328125 -0.00308227539062499
0.0667190551757813 0.0707855224609375 0.417816162109375 0.2794189453125
0.0578498840332031 -0.0675926208496094 0.6627197265625 0.33258056640625
-0.0381011962890625 -0.0624885559082031 0.68646240234375 0.37371826171875
-0.0720138549804687 0.0117874145507813 0.505706787109375 0.4237060546875
-0.0214920043945313 0.0799484252929688 0.382110595703125 0.39581298828125
0.0381584167480469 0.0685462951660156 0.21429443359375 0.199966430664063
0.0415229797363281 0.0503425598144531 0.0537872314453125 -0.0112838745117187
0.0555000305175781 0.06549072265625 -0.157379150390625 -0.212966918945313
0.00950622558593751 0.0731887817382813 -0.35601806640625 -0.347808837890625
-0.0400772094726563 0.0432395935058594 -0.56866455078125 -0.30157470703125
-0.0520401000976563 -0.0536079406738281 -0.6905517578125 -0.233642578125
0.0455322265625 -0.0878372192382813 -0.681396484375 -0.29541015625
0.103179931640625 0.0134811401367188 -0.46630859375 -0.23052978515625
0.0355148315429687 0.112060546875 -0.114852905273438 -0.0206069946289063
-0.0280990600585938 -0.113601684570312 0.0831985473632813 0.0161972045898437
-0.133331298828125 0.016754150390625 0.430328369140625 0.24407958984375
-0.0355453491210937 0.0965499877929688 0.67803955078125 0.239990234375
0.0627212524414063 0.0531120300292969 0.73236083984375 0.2445068359375
0.071533203125 -0.0487442016601563 0.56536865234375 0.32073974609375
-0.00884246826171874 -0.097412109375 0.41143798828125 0.329345703125
-0.0429229736328125 -0.0829391479492187 0.225418090820313 0.20098876953125
-0.0182342529296875 -0.0856704711914063 0.0576591491699219 0.0243415832519531
-0.0209808349609375 -0.0909957885742188 -0.137832641601562 -0.213226318359375
0.0231857299804687 -0.0970306396484375 -0.3167724609375 -0.4095458984375
0.0866317749023437 -0.0465545654296875 -0.516448974609375 -0.4129638671875
0.0668830871582031 0.03192138671875 -0.64007568359375 -0.3662109375
-0.0420761108398437 0.070587158203125 -0.6334228515625 -0.40740966796875
-0.09320068359375 -0.0248336791992188 -0.4542236328125 -0.266082763671875
-0.0142822265625 -0.101768493652344 -0.126739501953125 0.000236511230468751
-0.0163421630859375 -0.108421325683594 0.0806884765625 -0.0127639770507813
-0.123977661132813 0.00498199462890626 0.432708740234375 0.234344482421875
-0.0435256958007813 0.0884628295898437 0.67840576171875 0.22369384765625
0.0569038391113281 0.0621833801269531 0.713134765625 0.23516845703125
0.075897216796875 -0.0323638916015625 0.546905517578125 0.335845947265625
0.00211334228515624 -0.084686279296875 0.41571044921875 0.356475830078125
-0.032470703125 -0.0719680786132812 0.24658203125 0.220489501953125
-0.012298583984375 -0.071563720703125 0.07928466796875 0.0372848510742187
-0.0153732299804688 -0.0742950439453125 -0.11822509765625 -0.1959228515625
0.0198287963867188 -0.0815353393554687 -0.306884765625 -0.382049560546875
0.0792083740234375 -0.0444488525390625 -0.527252197265625 -0.392913818359375
0.0699539184570313 0.0204696655273438 -0.66021728515625 -0.36669921875
-0.0213851928710937 0.0693168640136719 -0.640869140625 -0.42266845703125
-0.07928466796875 -0.0074920654296875 -0.45751953125 -0.277679443359375
-0.0172653198242187 -0.0844955444335937 -0.126075744628906 -0.0277252197265625
-0.0055389404296875 -0.08441162109375 0.0862045288085938 -0.0386276245117188
-0.0981292724609375 0.00251007080078125 0.432342529296875 0.227264404296875
-0.0389976501464844 0.0662956237792969 0.68212890625 0.218017578125
0.0437850952148438 0.0564231872558594 0.6990966796875 0.23175048828125
0.0643348693847656 -0.0165519714355469 0.524322509765625 0.350250244140625
0.00695419311523437 -0.0603141784667969 0.41131591796875 0.380523681640625
-0.0190277099609375 -0.0503005981445313 0.260360717773438 0.237686157226563
-0.00301742553710938 -0.048919677734375 0.0955734252929688 0.0436935424804688
-0.0034332275390625 -0.0484619140625 -0.104248046875 -0.184524536132813
0.0175552368164063 -0.0552520751953125 -0.3038330078125 -0.36004638671875
0.0633544921875 -0.0328598022460937 -0.53472900390625 -0.368499755859375
0.0594596862792969 0.0075225830078125 -0.677490234375 -0.3515625
-0.00329971313476562 0.0539169311523438 -0.65185546875 -0.42242431640625
-0.0515632629394531 0.00480651855468749 -0.460784912109375 -0.2825927734375
-0.0127944946289062 -0.05596923828125 -0.128425598144531 -0.0486297607421875
0.000556945800781246 -0.0440902709960938 0.0948028564453125 -0.054473876953125
-0.0625457763671875 0.0151481628417969 0.434783935546875 0.2286376953125
-0.0180702209472656 0.0400199890136719 0.68572998046875 0.224853515625
0.0302810668945313 0.0355186462402344 0.685302734375 0.24237060546875
0.04071044921875 -0.00591659545898438 0.503662109375 0.367523193359375
0.00490570068359375 -0.0282630920410156 0.401397705078125 0.403594970703125
-0.00392913818359375 -0.0212268829345703 0.264022827148438 0.24798583984375
0.00829887390136719 -0.0226669311523438 0.103385925292969 0.044189453125
0.0119972229003906 -0.0198993682861328 -0.0987548828125 -0.179519653320312
0.0175132751464844 -0.0230445861816406 -0.30364990234375 -0.3431396484375
0.0455360412597656 -0.0138168334960938 -0.54193115234375 -0.342529296875
0.0400505065917969 -0.00291061401367188 -0.68731689453125 -0.329833984375
0.00973129272460938 0.0265579223632813 -0.66339111328125 -0.40374755859375
-0.01806640625 0.00942420959472656 -0.46875 -0.278228759765625
-0.00186347961425781 -0.0211849212646484 -0.130691528320312 -0.0610504150390625
-0.000163078308105469 0.00594949722290039 0.10125732421875 -0.0579833984375
-0.0248794555664063 0.03973388671875 0.433929443359375 0.235198974609375
0.0127382278442383 0.0140714645385742 0.6878662109375 0.243896484375
0.0168857574462891 0.00481224060058594 0.67706298828125 0.26416015625
0.00862550735473633 -0.00217199325561523 0.489501953125 0.387451171875
-0.00382423400878906 0.00642633438110352 0.391815185546875 0.417755126953125
0.0105552673339844 0.0115766525268555 0.26019287109375 0.2490234375
0.0196609497070313 0.00450706481933594 0.102081298828125 0.0370864868164063
0.0280036926269531 0.00937652587890625 -0.102401733398437 -0.180892944335938
0.0193939208984375 0.00894546508789063 -0.309539794921875 -0.333892822265625
0.0253391265869141 0.00860595703125 -0.550323486328125 -0.323089599609375
0.0150241851806641 -0.0118303298950195 -0.697265625 -0.3006591796875
0.0172805786132813 -0.00445556640625 -0.672119140625 -0.37750244140625
0.0174026489257813 0.0070953369140625 -0.47210693359375 -0.268585205078125
0.0117120742797852 0.01568603515625 -0.130378723144531 -0.0646743774414062
-0.00152969360351563 0.0544471740722656 0.103279113769531 -0.050384521484375
0.0115432739257812 0.0644683837890625 0.43048095703125 0.247344970703125
0.0427017211914063 -0.0125617980957031 0.6812744140625 0.2667236328125
0.00317192077636719 -0.026031494140625 0.6729736328125 0.2972412109375
-0.0248489379882813 -0.000507354736328125 0.485626220703125 0.4044189453125
-0.0137214660644531 0.0387001037597656 0.385986328125 0.421905517578125
0.0226631164550781 0.0398712158203125 0.250946044921875 0.238754272460938
0.030670166015625 0.0274696350097656 0.0926742553710938 0.0234527587890625
0.0423011779785156 0.03466796875 -0.115432739257813 -0.187179565429687
0.0202255249023438 0.0371780395507813 -0.32391357421875 -0.33056640625
0.00495719909667969 0.0279541015625 -0.559173583984375 -0.306976318359375
-0.0107212066650391 -0.0219898223876953 -0.70062255859375 -0.27227783203125
0.0237693786621094 -0.037017822265625 -0.67706298828125 -0.35064697265625
0.051727294921875 0.00478744506835938 -0.47210693359375 -0.258453369140625
0.0252304077148438 0.0522918701171875 -0.125785827636719 -0.0586166381835938
0.00261688232421876 0.092803955078125 0.100700378417969 -0.0304031372070312
0.0438156127929687 0.0768280029296875 0.4234619140625 0.26141357421875
0.0593299865722656 -0.0418243408203125 0.6719970703125 0.29754638671875
-0.0169601440429687 -0.0516700744628906 0.675537109375 0.3377685546875
-0.0539436340332031 0.00426101684570314 0.49163818359375 0.417877197265625
-0.0203819274902344 0.065338134765625 0.38360595703125 0.413330078125
0.0320320129394531 0.0607070922851563 0.235076904296875 0.222198486328125
0.0377616882324219 0.0435218811035156 0.0751571655273438 0.00669097900390625
0.0512619018554688 0.0535469055175781 -0.134750366210938 -0.19732666015625
0.01678466796875 0.0604896545410156 -0.338134765625 -0.334136962890625
-0.0180511474609375 0.0401153564453125 -0.56707763671875 -0.298583984375
-0.0345954895019531 -0.0357208251953125 -0.698974609375 -0.2491455078125
0.032470703125 -0.0660591125488281 -0.679931640625 -0.3212890625
0.0815887451171875 0.00589752197265625 -0.47125244140625 -0.2447509765625
0.034332275390625 0.085479736328125 -0.11968994140625 -0.0438156127929687
0.0123748779296875 0.113426208496094 0.0957717895507813 -0.00267791748046874
0.0665817260742188 0.0710372924804688 0.416046142578125 0.27984619140625
0.0576667785644531 -0.0674705505371094 0.662841796875 0.33062744140625
-0.0386199951171875 -0.0625343322753906 0.68402099609375 0.373046875
-0.0734176635742188 0.0114364624023437 0.50439453125 0.423126220703125
-0.02069091796875 0.0801239013671875 0.38018798828125 0.3944091796875
0.0385208129882812 0.069061279296875 0.21380615234375 0.2000732421875
0.0415382385253906 0.0507850646972656 0.0541496276855469 -0.0117988586425781
0.0564804077148438 0.0644569396972656 -0.15576171875 -0.212646484375
0.00985717773437499 0.0734329223632813 -0.353118896484375 -0.348480224609375
-0.0395164489746094 0.0435218811035156 -0.5654296875 -0.30096435546875
-0.0524101257324219 -0.0533256530761719 -0.6890869140625 -0.23577880859375
0.04510498046875 -0.0873947143554687 -0.67779541015625 -0.29473876953125
0.103218078613281 0.0132904052734375 -0.46466064453125 -0.23095703125
0.0352020263671875 0.112205505371094 -0.11468505859375 -0.0212478637695313
-0.0282211303710937 -0.113677978515625 0.0823516845703125 0.0169219970703125
-0.133819580078125 0.0173721313476562 0.42919921875 0.245941162109375
-0.035797119140625 0.0964584350585938 0.6781005859375 0.24041748046875
0.062652587890625 0.0536537170410156 0.73126220703125 0.24371337890625
0.0712356567382813 -0.0491409301757813 0.5633544921875 0.32196044921875
-0.00904083251953125 -0.097259521484375 0.4110107421875 0.329986572265625
-0.0440750122070312 -0.0830001831054688 0.224533081054688 0.200668334960938
-0.0189743041992188 -0.0860137939453125 0.0575485229492188 0.0241317749023437
-0.0208511352539063 -0.09100341796875 -0.137313842773437 -0.213424682617188
0.0236892700195313 -0.0963134765625 -0.314422607421875 -0.40899658203125
0.0864944458007813 -0.0469970703125 -0.515472412109375 -0.413482666015625
0.0676422119140625 0.0324134826660156 -0.63836669921875 -0.3681640625
-0.042449951171875 0.0710525512695313 -0.63018798828125 -0.40863037109375
-0.0929183959960938 -0.0237655639648438 -0.45404052734375 -0.2669677734375
-0.0143814086914062 -0.101699829101563 -0.126731872558594 -0.000297546386718777
-0.0171661376953125 -0.108802795410156 0.08056640625 -0.0115814208984375
-0.124397277832031 0.00494384765624998 0.429595947265625 0.2333984375
-0.0435791015625 0.088897705078125 0.67889404296875 0.2249755859375
0.0572853088378906 0.0624351501464844 0.71160888671875 0.2352294921875
0.075286865234375 -0.0327301025390625 0.54345703125 0.3360595703125
0.00145721435546875 -0.0853042602539062 0.414947509765625 0.355377197265625
-0.0332260131835938 -0.072113037109375 0.245742797851563 0.219970703125
-0.0125732421875 -0.07147216796875 0.0793609619140625 0.0370864868164062
-0.014495849609375 -0.0743789672851563 -0.117095947265625 -0.1956787109375
0.0193328857421875 -0.0809860229492188 -0.305938720703125 -0.382720947265625
0.0792617797851563 -0.0452499389648438 -0.52386474609375 -0.39404296875
0.0700225830078125 0.0207748413085938 -0.65692138671875 -0.36810302734375
-0.0211982727050781 0.0697174072265625 -0.63787841796875 -0.42498779296875
-0.0790863037109375 -0.00688171386718751 -0.45440673828125 -0.279205322265625
-0.0172576904296875 -0.0843582153320313 -0.125099182128906 -0.0280075073242188
-0.00634765625000001 -0.0849075317382813 0.0852584838867187 -0.03778076171875
-0.0987701416015625 0.00214385986328123 0.431182861328125 0.228759765625
-0.0387496948242188 0.0668983459472656 0.68145751953125 0.21759033203125
0.04425048828125 0.0568504333496094 0.69561767578125 0.2318115234375
0.0643844604492188 -0.0170173645019531 0.522064208984375 0.350341796875
0.00672149658203125 -0.0605354309082031 0.40985107421875 0.38177490234375
-0.0194244384765625 -0.0503158569335938 0.259765625 0.237518310546875
-0.00391769409179688 -0.0487899780273438 0.0955123901367187 0.044281005859375
-0.00281906127929687 -0.0486984252929687 -0.103851318359375 -0.184677124023438
0.0170516967773437 -0.0548477172851563 -0.302215576171875 -0.35943603515625
0.0642929077148438 -0.032623291015625 -0.5340576171875 -0.36871337890625
0.0591926574707031 0.007537841796875 -0.67645263671875 -0.35382080078125
-0.0034332275390625 0.053619384765625 -0.64898681640625 -0.42266845703125
-0.0528373718261719 0.00478363037109376 -0.460784912109375 -0.28338623046875
-0.0129928588867188 -0.0564117431640625 -0.127777099609375 -0.0496444702148437
7.24792480468706E-05 -0.0447120666503906 0.0942840576171875 -0.0536575317382813
-0.0627975463867188 0.0151634216308594 0.433929443359375 0.22998046875
-0.0187873840332031 0.0401039123535156 0.68707275390625 0.22430419921875
0.0303268432617187 0.0355148315429688 0.68365478515625 0.242919921875
0.040191650390625 -0.0067596435546875 0.501312255859375 0.369232177734375
0.00506973266601563 -0.0286655426025391 0.401153564453125 0.404571533203125
-0.00414276123046875 -0.0203151702880859 0.263214111328125 0.248184204101563
0.00809478759765625 -0.0226478576660156 0.103775024414063 0.0439224243164063
0.0116481781005859 -0.0195846557617188 -0.0979461669921875 -0.179931640625
0.0181865692138672 -0.023101806640625 -0.3006591796875 -0.342620849609375
0.045562744140625 -0.0135917663574219 -0.540618896484375 -0.3443603515625
0.0397148132324219 -0.00252914428710938 -0.68719482421875 -0.3304443359375
0.00916099548339844 0.0269374847412109 -0.661865234375 -0.4046630859375
-0.0181694030761719 0.00888442993164062 -0.467437744140625 -0.27960205078125
-0.00190544128417969 -0.0207920074462891 -0.130935668945313 -0.0625686645507813
-0.000769138336181641 0.00527000427246094 0.100044250488281 -0.0579833984375
-0.025299072265625 0.0405845642089844 0.432373046875 0.237274169921875
0.0126810073852539 0.0135984420776367 0.686767578125 0.242431640625
0.0177078247070312 0.00458335876464844 0.6739501953125 0.264404296875
0.00812816619873047 -0.00292778015136719 0.487091064453125 0.38739013671875
-0.00353431701660156 0.00676202774047851 0.39068603515625 0.41815185546875
0.00977039337158203 0.0119686126708984 0.259002685546875 0.249114990234375
0.0201606750488281 0.00491523742675781 0.102447509765625 0.035980224609375
0.0282974243164063 0.00930023193359375 -0.1015625 -0.18072509765625
0.0196819305419922 0.00960922241210937 -0.3070068359375 -0.333587646484375
0.0256729125976563 0.00879669189453125 -0.548248291015625 -0.323028564453125
0.0147809982299805 -0.0115766525268555 -0.6942138671875 -0.30316162109375
0.0166091918945313 -0.00446510314941406 -0.67010498046875 -0.3795166015625
0.0172510147094727 0.00734329223632812 -0.470123291015625 -0.270843505859375
0.0121431350708008 0.0161247253417969 -0.129745483398438 -0.0661239624023437
-0.00168609619140625 0.0546989440917969 0.102256774902344 -0.0483245849609375
0.0116348266601563 0.0658721923828125 0.429351806640625 0.2479248046875
0.0422744750976563 -0.0123710632324219 0.68145751953125 0.268310546875
0.00329971313476563 -0.0266036987304688 0.6715087890625 0.29754638671875
-0.0253009796142578 -0.000593185424804685 0.484039306640625 0.404205322265625
-0.0128860473632813 0.0389213562011719 0.38641357421875 0.421600341796875
0.0223770141601563 0.0404586791992188 0.249755859375 0.238754272460938
0.0300884246826172 0.0274753570556641 0.0923690795898438 0.0231704711914063
0.042633056640625 0.0348892211914062 -0.114349365234375 -0.187713623046875
0.0206413269042969 0.0385551452636719 -0.321136474609375 -0.32977294921875
0.00499153137207031 0.0276641845703125 -0.55645751953125 -0.307403564453125
-0.0111770629882813 -0.0217800140380859 -0.70062255859375 -0.2747802734375
0.0231704711914063 -0.0369033813476563 -0.67547607421875 -0.350830078125
0.0520248413085937 0.00527572631835937 -0.472198486328125 -0.25970458984375
0.0256156921386719 0.0527000427246094 -0.125480651855469 -0.0592880249023438
0.00173187255859375 0.0926437377929688 0.099090576171875 -0.02862548828125
0.0442657470703125 0.077606201171875 0.422943115234375 0.263153076171875
0.0585746765136719 -0.0416412353515625 0.669921875 0.29815673828125
-0.0165061950683594 -0.0516777038574219 0.67205810546875 0.33709716796875
-0.0548095703125 0.00435638427734376 0.49090576171875 0.418914794921875
-0.0198783874511719 0.0654716491699219 0.382843017578125 0.413543701171875
0.03253173828125 0.0612754821777344 0.233840942382813 0.221847534179687
0.0378074645996094 0.0439071655273438 0.075408935546875 0.00638580322265625
0.0526962280273437 0.0535049438476563 -0.133621215820313 -0.197372436523438
0.0174522399902344 0.0607833862304687 -0.33648681640625 -0.335235595703125
-0.0173416137695313 0.0406074523925781 -0.56463623046875 -0.30035400390625
-0.0350837707519531 -0.0356674194335937 -0.6966552734375 -0.250732421875
0.0319900512695313 -0.0656471252441406 -0.67864990234375 -0.3226318359375
0.08209228515625 0.00585174560546875 -0.46978759765625 -0.244598388671875
0.034210205078125 0.0860214233398438 -0.119712829589844 -0.0445404052734375
0.0119247436523438 0.113235473632813 0.0953140258789063 -0.00131225585937499
0.0657730102539063 0.071807861328125 0.414306640625 0.27984619140625
0.0576896667480469 -0.0676956176757813 0.66082763671875 0.32940673828125
-0.0392189025878906 -0.0626029968261719 0.6829833984375 0.37249755859375
-0.0737152099609375 0.0120925903320313 0.502593994140625 0.4239501953125
-0.0202713012695313 0.0805130004882812 0.3802490234375 0.395111083984375
0.0393142700195313 0.0696487426757813 0.213241577148438 0.199935913085938
0.0421562194824219 0.0506973266601563 0.0547866821289062 -0.011810302734375
0.0559844970703125 0.0641021728515625 -0.154403686523438 -0.213714599609375
0.0102767944335938 0.0738754272460938 -0.350830078125 -0.348541259765625
-0.038970947265625 0.0440635681152344 -0.562042236328125 -0.30462646484375
-0.0520782470703125 -0.0526237487792969 -0.6868896484375 -0.23736572265625
0.044891357421875 -0.0871963500976562 -0.6761474609375 -0.296142578125
0.103683471679688 0.01348876953125 -0.465087890625 -0.231170654296875
0.0352401733398438 0.11309814453125 -0.11395263671875 -0.0219345092773437
-0.0289077758789063 -0.113677978515625 0.0814590454101563 0.0185394287109375
-0.135169982910156 0.0181350708007812 0.428802490234375 0.246734619140625
-0.0356597900390625 0.0969390869140625 0.6788330078125 0.24102783203125
0.0625839233398438 0.0530319213867188 0.7293701171875 0.24456787109375
0.0710678100585938 -0.0496673583984375 0.56317138671875 0.322998046875
-0.00851440429687501 -0.0972518920898437 0.4091796875 0.33135986328125
-0.0443115234375 -0.0828094482421875 0.224319458007813 0.201446533203125
-0.0194015502929687 -0.0865020751953125 0.0575065612792969 0.0238494873046875
-0.0206451416015625 -0.0915451049804688 -0.136703491210938 -0.214202880859375
0.0239715576171875 -0.0967788696289063 -0.3134765625 -0.409881591796875
0.0867385864257813 -0.0467605590820313 -0.512725830078125 -0.415863037109375
0.0668258666992188 0.0323944091796875 -0.636962890625 -0.37115478515625
-0.04254150390625 0.07110595703125 -0.62835693359375 -0.4100341796875
-0.0935745239257813 -0.0240859985351563 -0.453399658203125 -0.26837158203125
-0.014312744140625 -0.101181030273438 -0.126434326171875 -0.00125885009765626
-0.01788330078125 -0.109085083007812 0.0796737670898437 -0.0109634399414063
-0.125770568847656 0.00545501708984373 0.429107666015625 0.235931396484375
-0.044158935546875 0.0886154174804688 0.678466796875 0.22454833984375
0.0567092895507813 0.061981201171875 0.7125244140625 0.23675537109375
0.0751113891601563 -0.0336074829101563 0.5428466796875 0.337799072265625
0.00202178955078125 -0.0850372314453125 0.41485595703125 0.357421875
-0.0341567993164063 -0.0714340209960937 0.245223999023438 0.221435546875
-0.012939453125 -0.071258544921875 0.0792465209960938 0.0369415283203125
-0.014495849609375 -0.0747833251953125 -0.116500854492188 -0.196197509765625
0.0193634033203125 -0.0814971923828125 -0.306549072265625 -0.384613037109375
0.0789337158203125 -0.0453338623046875 -0.5224609375 -0.394927978515625
0.070556640625 0.0207748413085938 -0.65716552734375 -0.3699951171875
-0.0220184326171875 0.0706253051757813 -0.638916015625 -0.42529296875
-0.0794754028320313 -0.00652313232421874 -0.453887939453125 -0.280853271484375
-0.017913818359375 -0.084930419921875 -0.1251220703125 -0.0292282104492187
-0.00626373291015625 -0.0852432250976563 0.0845794677734375 -0.0360336303710938
-0.0994491577148438 0.00325012207031248 0.4310302734375 0.230865478515625
-0.0395584106445313 0.066314697265625 0.68414306640625 0.21942138671875
0.0438003540039063 0.05657958984375 0.69744873046875 0.23260498046875
0.0643997192382813 -0.0176467895507813 0.521636962890625 0.351959228515625
0.007080078125 -0.0606422424316406 0.410247802734375 0.3828125
-0.0195045471191406 -0.0500411987304688 0.259246826171875 0.237899780273438
-0.00326156616210937 -0.0486984252929687 0.0959548950195313 0.0441360473632813
-0.00302505493164062 -0.0487060546875 -0.102676391601562 -0.185531616210938
0.0174331665039063 -0.0547027587890625 -0.299713134765625 -0.360260009765625
0.0645179748535156 -0.032989501953125 -0.5308837890625 -0.370697021484375
0.0595436096191406 0.00763320922851563 -0.67437744140625 -0.35345458984375
-0.00307846069335937 0.0543479919433594 -0.64849853515625 -0.425048828125
-0.05242919921875 0.00455856323242188 -0.459259033203125 -0.285888671875
-0.0132369995117187 -0.0559463500976562 -0.127487182617188 -0.050872802734375
-0.000438690185546877 -0.0449638366699219 0.0923233032226563 -0.052001953125
-0.0637092590332031 0.0156974792480469 0.432952880859375 0.233367919921875
-0.0193367004394531 0.040802001953125 0.68792724609375 0.22747802734375
0.0295944213867188 0.0352706909179688 0.68157958984375 0.24322509765625
0.0397109985351563 -0.00754547119140625 0.501190185546875 0.369354248046875
0.00495338439941406 -0.0279960632324219 0.399566650390625 0.4061279296875
-0.00433158874511719 -0.0200977325439453 0.263137817382813 0.24853515625
0.00766944885253906 -0.0226116180419922 0.103286743164063 0.043701171875
0.0118560791015625 -0.0197372436523438 -0.096099853515625 -0.180633544921875
0.0184135437011719 -0.0227813720703125 -0.29901123046875 -0.344329833984375
0.0458602905273438 -0.0126914978027344 -0.539520263671875 -0.3465576171875
0.0400466918945313 -0.00173568725585938 -0.68609619140625 -0.332275390625
0.0081787109375 0.0273056030273438 -0.66082763671875 -0.406982421875
-0.0187110900878906 0.00905227661132812 -0.467376708984375 -0.28094482421875
-0.00242042541503906 -0.0218830108642578 -0.130767822265625 -0.0636672973632812
-0.00156974792480469 0.0054931640625 0.0998992919921875 -0.0565185546875
-0.0256156921386719 0.0405311584472656 0.4326171875 0.239349365234375
0.0117206573486328 0.0142412185668945 0.68798828125 0.24371337890625
0.0169839859008789 0.00481224060058594 0.673095703125 0.26519775390625
0.00773477554321289 -0.00283479690551758 0.484771728515625 0.38848876953125
-0.00319194793701172 0.00653362274169922 0.38970947265625 0.41986083984375
0.0104227066040039 0.0124750137329102 0.259307861328125 0.249893188476562
0.0198764801025391 0.00467872619628906 0.102561950683594 0.03643798828125
0.0282325744628906 0.00896644592285156 -0.100875854492187 -0.1817626953125
0.0201396942138672 0.00874519348144531 -0.30633544921875 -0.333465576171875
0.0260505676269531 0.00823593139648438 -0.5479736328125 -0.325714111328125
0.014918327331543 -0.0112771987915039 -0.6937255859375 -0.3052978515625
0.0163917541503906 -0.00426197052001953 -0.66888427734375 -0.38177490234375
0.0174226760864258 0.00723838806152344 -0.4703369140625 -0.27154541015625
0.0118465423583984 0.0160074234008789 -0.129524230957031 -0.0672149658203125
-0.00250244140624999 0.0544509887695313 0.101211547851562 -0.047210693359375
0.0109024047851562 0.0656089782714844 0.428955078125 0.250091552734375
0.0422172546386719 -0.0123748779296875 0.6812744140625 0.26727294921875
0.00298690795898437 -0.0263881683349609 0.669921875 0.29876708984375
-0.0260143280029297 -0.00110435485839843 0.483856201171875 0.404754638671875
-0.0134429931640625 0.0396804809570313 0.385101318359375 0.4228515625
0.023162841796875 0.0411567687988281 0.249832153320313 0.240219116210938
0.0302104949951172 0.0278148651123047 0.0927047729492188 0.0228805541992188
0.0425300598144531 0.0345306396484375 -0.11376953125 -0.187713623046875
0.0212669372558594 0.0386085510253906 -0.319000244140625 -0.33050537109375
0.0053253173828125 0.0276260375976563 -0.5567626953125 -0.30810546875
-0.0110397338867187 -0.0215854644775391 -0.6962890625 -0.27685546875
0.022796630859375 -0.036224365234375 -0.6748046875 -0.35235595703125
0.0516395568847656 0.00548934936523438 -0.470611572265625 -0.260345458984375
0.0252189636230469 0.0529708862304688 -0.125465393066406 -0.0598983764648437
0.00197601318359375 0.092926025390625 0.0979766845703125 -0.0282363891601562
0.043731689453125 0.0789413452148438 0.422515869140625 0.265899658203125
0.0594825744628906 -0.0419998168945313 0.67047119140625 0.29901123046875
-0.0166549682617187 -0.0520401000976563 0.67138671875 0.33697509765625
-0.0562400817871094 0.00449371337890626 0.4893798828125 0.419769287109375
-0.0186805725097656 0.0655937194824219 0.381591796875 0.41522216796875
0.0332870483398438 0.0611915588378906 0.232925415039063 0.221969604492188
0.0378608703613281 0.04437255859375 0.0752639770507813 0.006011962890625
0.0527458190917969 0.0538902282714844 -0.132003784179688 -0.198440551757812
0.0177650451660156 0.0614280700683594 -0.334625244140625 -0.33453369140625
-0.0173797607421875 0.0407943725585938 -0.5623779296875 -0.30108642578125
-0.0346298217773437 -0.0359039306640625 -0.69561767578125 -0.25164794921875
0.0316047668457031 -0.0666122436523438 -0.67816162109375 -0.32318115234375
0.0821914672851563 0.00614166259765625 -0.468353271484375 -0.247100830078125
0.0339508056640625 0.0864410400390625 -0.119194030761719 -0.0455169677734375
0.011016845703125 0.114051818847656 0.0940017700195313 -0.000442504882812493
0.066070556640625 0.0728302001953125 0.41375732421875 0.2835693359375
0.0576248168945313 -0.0675697326660156 0.66070556640625 0.331787109375
-0.0394973754882812 -0.0629997253417969 0.6826171875 0.37371826171875
-0.0746078491210938 0.0125274658203125 0.501800537109375 0.424530029296875
-0.0193939208984375 0.0809402465820313 0.377716064453125 0.39697265625
0.0391693115234375 0.070404052734375 0.213150024414063 0.200485229492188
0.0411300659179688 0.0510826110839844 0.0541915893554688 -0.0121231079101562
0.0570411682128906 0.0643463134765625 -0.154647827148438 -0.2138671875
0.01141357421875 0.0745697021484375 -0.349517822265625 -0.34771728515625
-0.0387992858886719 0.0444221496582031 -0.5609130859375 -0.3050537109375
-0.0524864196777344 -0.0529823303222656 -0.68536376953125 -0.2381591796875
0.0445556640625 -0.0873947143554688 -0.67620849609375 -0.2974853515625
0.103286743164063 0.0139846801757813 -0.46246337890625 -0.23309326171875
0.034820556640625 0.113288879394531 -0.114097595214844 -0.0229110717773437
-0.0294418334960938 -0.115219116210938 0.0807876586914063 0.02032470703125
-0.13629150390625 0.0184249877929688 0.429412841796875 0.250244140625
-0.0365676879882813 0.097900390625 0.68060302734375 0.24212646484375
0.0636482238769531 0.0529937744140625 0.73046875 0.246337890625
0.0709609985351563 -0.0513381958007813 0.561981201171875 0.32391357421875
-0.00926971435546876 -0.0975418090820313 0.41021728515625 0.333648681640625
-0.0445098876953125 -0.08294677734375 0.224044799804687 0.202529907226563
-0.0195388793945312 -0.0866546630859375 0.0585708618164063 0.0238685607910156
-0.0206985473632812 -0.0924835205078125 -0.13592529296875 -0.215560913085937
0.0239639282226562 -0.0970306396484375 -0.312408447265625 -0.412841796875
0.0877838134765625 -0.0477828979492188 -0.512908935546875 -0.417999267578125
0.068389892578125 0.0331039428710938 -0.63818359375 -0.37176513671875
-0.0439376831054687 0.0718154907226563 -0.62939453125 -0.41241455078125
-0.0941009521484375 -0.0239105224609375 -0.45330810546875 -0.270782470703125
-0.0146942138671875 -0.103103637695313 -0.125511169433594 -0.00230407714843751
-0.0181045532226563 -0.110130310058594 0.078094482421875 -0.00968933105468751
-0.127410888671875 0.00610351562500002 0.4302978515625 0.239013671875
-0.0446548461914062 0.0895767211914063 0.6802978515625 0.2281494140625
0.0571670532226563 0.0628509521484375 0.71282958984375 0.23822021484375
0.0749435424804687 -0.0342025756835937 0.54345703125 0.3387451171875
0.000778198242187509 -0.0853652954101563 0.41357421875 0.35845947265625
-0.0339279174804688 -0.07135009765625 0.245086669921875 0.222412109375
-0.0135726928710938 -0.07171630859375 0.079071044921875 0.037200927734375
-0.015045166015625 -0.0750732421875 -0.115982055664062 -0.197479248046875
0.019378662109375 -0.0819244384765625 -0.30352783203125 -0.38494873046875
0.0796661376953125 -0.0449600219726563 -0.523101806640625 -0.398162841796875
0.0706787109375 0.0214996337890625 -0.65850830078125 -0.3724365234375
-0.0223922729492188 0.0710372924804688 -0.63800048828125 -0.42974853515625
-0.080291748046875 -0.00593566894531252 -0.454803466796875 -0.283416748046875
-0.0171966552734375 -0.0853652954101563 -0.125320434570313 -0.0302963256835938
-0.00664520263671874 -0.0860977172851562 0.083892822265625 -0.0351715087890625
-0.0999755859375 0.00262451171875 0.430877685546875 0.233856201171875
-0.0397453308105469 0.0674858093261719 0.68524169921875 0.221435546875
0.0439834594726562 0.0563507080078125 0.69610595703125 0.23309326171875
0.0649757385253906 -0.0173530578613281 0.521820068359375 0.3546142578125
0.00691986083984375 -0.0610694885253906 0.41046142578125 0.384918212890625
-0.0195846557617187 -0.0500297546386719 0.25958251953125 0.239288330078125
-0.00364685058593751 -0.0489463806152344 0.0955123901367188 0.0435409545898438
-0.00356674194335938 -0.0500068664550781 -0.102630615234375 -0.18621826171875
0.0176010131835938 -0.0553817749023438 -0.29888916015625 -0.36224365234375
0.06500244140625 -0.0336227416992188 -0.53228759765625 -0.37213134765625
0.0597496032714844 0.00863265991210938 -0.67584228515625 -0.357666015625
-0.00433731079101562 0.0544815063476563 -0.64971923828125 -0.427490234375
-0.0522918701171875 0.00548171997070312 -0.45904541015625 -0.287628173828125
-0.0132408142089844 -0.0567703247070313 -0.127655029296875 -0.0517578125
-0.000675201416015625 -0.0451087951660156 0.0926361083984375 -0.0514602661132813
-0.0646324157714844 0.0159225463867188 0.431427001953125 0.234649658203125
-0.019317626953125 0.0407752990722656 0.687255859375 0.227783203125
0.0295906066894531 0.0356788635253906 0.6822509765625 0.244873046875
0.0401382446289063 -0.0075836181640625 0.5015869140625 0.3721923828125
0.00506782531738281 -0.0283679962158203 0.399261474609375 0.407562255859375
-0.00421524047851562 -0.0197849273681641 0.262847900390625 0.249771118164063
0.00754165649414063 -0.0228042602539063 0.103836059570312 0.0435409545898438
0.0113124847412109 -0.0202789306640625 -0.0967864990234375 -0.180770874023438
0.018524169921875 -0.0230388641357422 -0.298095703125 -0.345947265625
0.0461807250976563 -0.0130882263183594 -0.537872314453125 -0.34954833984375
0.0393524169921875 -0.00179290771484375 -0.68743896484375 -0.33526611328125
0.0080413818359375 0.0281028747558594 -0.6612548828125 -0.4090576171875
-0.0182552337646484 0.00954246520996094 -0.467376708984375 -0.282562255859375
-0.00227546691894531 -0.0215015411376953 -0.130722045898438 -0.0651702880859375
-0.00136756896972656 0.00476837158203125 0.098907470703125 -0.0552520751953125
-0.0264968872070313 0.0420188903808594 0.4327392578125 0.241424560546875
0.0117101669311523 0.0142812728881836 0.6903076171875 0.2457275390625
0.0175313949584961 0.00524520874023437 0.67498779296875 0.2650146484375
0.00738000869750977 -0.00380325317382813 0.485382080078125 0.389556884765625
-0.00347757339477539 0.00701618194580078 0.390625 0.42230224609375
0.0098724365234375 0.01300048828125 0.25927734375 0.2506103515625
0.0193214416503906 0.00420951843261719 0.10296630859375 0.036163330078125
0.0279865264892578 0.00823974609375 -0.0998992919921875 -0.18212890625
0.0207233428955078 0.0101356506347656 -0.305755615234375 -0.33624267578125
0.0264472961425781 0.00866889953613281 -0.545928955078125 -0.32684326171875
0.0149974822998047 -0.011225700378418 -0.69708251953125 -0.305908203125
0.0158519744873047 -0.00376415252685547 -0.6700439453125 -0.3836669921875
0.0182056427001953 0.00749588012695313 -0.469818115234375 -0.2733154296875
0.0121212005615234 0.0162258148193359 -0.130264282226562 -0.0681838989257813
-0.00247573852539063 0.0543060302734375 0.09979248046875 -0.0467147827148438
0.0106468200683594 0.0671157836914063 0.428680419921875 0.25311279296875
0.0421905517578125 -0.013336181640625 0.68292236328125 0.2689208984375
0.00163078308105468 -0.0270595550537109 0.669921875 0.29974365234375
-0.0272903442382813 -0.00113296508789062 0.4830322265625 0.407989501953125
-0.0129814147949219 0.0400962829589844 0.386077880859375 0.425201416015625
0.02264404296875 0.0418319702148437 0.249465942382813 0.241256713867187
0.0304393768310547 0.0280323028564453 0.0924224853515625 0.0234146118164062
0.0428886413574219 0.0335464477539063 -0.112838745117188 -0.188186645507812
0.0215072631835938 0.0391464233398438 -0.318389892578125 -0.332855224609375
0.0050811767578125 0.0282516479492188 -0.55694580078125 -0.31097412109375
-0.0111598968505859 -0.0216712951660156 -0.7000732421875 -0.27838134765625
0.0219917297363281 -0.0365180969238281 -0.6751708984375 -0.35455322265625
0.0521392822265625 0.00525283813476563 -0.46923828125 -0.26239013671875
0.0260200500488281 0.0530128479003906 -0.125999450683594 -0.0615386962890625
0.000213623046875003 0.093536376953125 0.0980300903320313 -0.02667236328125
0.0439300537109375 0.0792999267578125 0.42108154296875 0.267730712890625
0.0592918395996094 -0.0420074462890625 0.672119140625 0.3001708984375
-0.0182075500488281 -0.0519981384277344 0.672119140625 0.33843994140625
-0.0565071105957031 0.00377273559570313 0.4896240234375 0.4207763671875
-0.01898193359375 0.0659446716308594 0.3824462890625 0.41729736328125
0.0333213806152344 0.0621986389160156 0.233108520507812 0.22332763671875
0.0388717651367188 0.04461669921875 0.0756149291992188 0.005859375
0.0538139343261719 0.0540580749511719 -0.13116455078125 -0.198699951171875
0.0188980102539062 0.0614776611328125 -0.333831787109375 -0.33819580078125
-0.0174560546875 0.0410423278808594 -0.5631103515625 -0.302978515625
-0.0352325439453125 -0.0352935791015625 -0.69683837890625 -0.25439453125
0.0314559936523437 -0.0660858154296875 -0.67822265625 -0.3251953125
0.0819091796875 0.0072479248046875 -0.46942138671875 -0.248992919921875
0.0343170166015625 0.0870208740234375 -0.119560241699219 -0.046417236328125
0.0113677978515625 0.113578796386719 0.0941543579101563 0.00131225585937501
0.066162109375 0.0738525390625 0.415252685546875 0.286895751953125
0.0580215454101563 -0.0676689147949219 0.66259765625 0.3336181640625
-0.040252685546875 -0.0629730224609375 0.68145751953125 0.373779296875
-0.0752792358398438 0.0129013061523437 0.500152587890625 0.4246826171875
-0.0196456909179687 0.0818634033203125 0.378387451171875 0.3985595703125
0.0408859252929688 0.0710983276367188 0.212661743164063 0.201583862304687
0.0421829223632813 0.0519142150878906 0.0540809631347656 -0.011474609375
0.0576400756835938 0.0642890930175781 -0.153564453125 -0.214996337890625
0.0117416381835938 0.0751113891601563 -0.34869384765625 -0.35205078125
-0.0393638610839844 0.0448341369628906 -0.562744140625 -0.30694580078125
-0.0526924133300781 -0.0531082153320313 -0.687744140625 -0.2408447265625
0.0433273315429687 -0.0877609252929688 -0.67572021484375 -0.3013916015625
0.104934692382813 0.0139999389648438 -0.4635009765625 -0.23638916015625
0.0351486206054687 0.114356994628906 -0.113906860351563 -0.024200439453125
-0.0303115844726562 -0.11553955078125 0.0807876586914063 0.0207748413085937
-0.13751220703125 0.0192337036132812 0.430999755859375 0.25213623046875
-0.03643798828125 0.0986404418945313 0.68328857421875 0.24432373046875
0.0640678405761719 0.0538101196289063 0.73291015625 0.2486572265625
0.0713043212890625 -0.0517578125 0.56268310546875 0.32550048828125
-0.00980377197265626 -0.0983352661132813 0.411224365234375 0.336639404296875
-0.0448379516601563 -0.0833206176757812 0.223922729492187 0.203811645507812
-0.020111083984375 -0.0878219604492188 0.0580673217773438 0.0239105224609375
-0.021392822265625 -0.09271240234375 -0.136672973632813 -0.216156005859375
0.024017333984375 -0.0973663330078125 -0.3133544921875 -0.41461181640625
0.0887374877929688 -0.0479812622070313 -0.514190673828125 -0.420745849609375
0.0687141418457031 0.0332717895507813 -0.63934326171875 -0.3759765625
-0.043731689453125 0.07257080078125 -0.63201904296875 -0.41656494140625
-0.094818115234375 -0.023773193359375 -0.45538330078125 -0.273681640625
-0.0148696899414062 -0.102867126464844 -0.126106262207031 -0.003143310546875
-0.0181884765625 -0.111213684082031 0.0780029296875 -0.00854492187500001
-0.128448486328125 0.00703430175781247 0.431549072265625 0.2403564453125
-0.0454483032226562 0.0900726318359375 0.68389892578125 0.22772216796875
0.057647705078125 0.0627212524414063 0.714599609375 0.2373046875
0.0750503540039063 -0.0349884033203125 0.544891357421875 0.340545654296875
0.000862121582031255 -0.0860366821289063 0.414703369140625 0.36199951171875
-0.0345687866210938 -0.0714263916015625 0.245635986328125 0.223739624023438
-0.014251708984375 -0.0718307495117187 0.0796661376953125 0.0367050170898437
-0.014801025390625 -0.0757217407226562 -0.116546630859375 -0.197952270507813
0.019866943359375 -0.0819015502929688 -0.304412841796875 -0.388092041015625
0.0805587768554688 -0.0456771850585938 -0.524078369140625 -0.40081787109375
0.0715255737304688 0.02197265625 -0.65966796875 -0.37762451171875
-0.02325439453125 0.071044921875 -0.6400146484375 -0.43377685546875
-0.0802001953125 -0.00588226318359376 -0.457061767578125 -0.2838134765625
-0.0179443359375 -0.086822509765625 -0.126396179199219 -0.031402587890625
-0.0074310302734375 -0.0868988037109375 0.0828628540039063 -0.0345382690429688
-0.101348876953125 0.00379180908203125 0.432342529296875 0.234588623046875
-0.0403633117675781 0.0683326721191406 0.68804931640625 0.2218017578125
0.04412841796875 0.057373046875 0.69781494140625 0.23455810546875
0.0642509460449219 -0.0186042785644531 0.522125244140625 0.356231689453125
0.00638961791992188 -0.0617218017578125 0.410675048828125 0.38775634765625
-0.0199050903320312 -0.04949951171875 0.260177612304688 0.24029541015625
-0.00436019897460938 -0.0491790771484375 0.0959854125976563 0.0440521240234375
-0.00397872924804687 -0.0501327514648438 -0.101837158203125 -0.187057495117188
0.0182228088378906 -0.0557289123535156 -0.299468994140625 -0.36505126953125
0.0647735595703125 -0.0341567993164063 -0.53253173828125 -0.3756103515625
0.0606040954589844 0.00841140747070313 -0.6773681640625 -0.36114501953125
-0.00444412231445313 0.0543479919433594 -0.64971923828125 -0.429931640625
-0.0526847839355469 0.005462646484375 -0.46099853515625 -0.28955078125
-0.0133209228515625 -0.0570259094238281 -0.128944396972656 -0.0534439086914063
-0.00131988525390625 -0.0457878112792969 0.0916213989257813 -0.0510330200195313
-0.0655784606933594 0.0171928405761719 0.43414306640625 0.237274169921875
-0.019775390625 0.0417861938476563 0.691650390625 0.2279052734375
0.0293807983398437 0.0355072021484375 0.68634033203125 0.24407958984375
0.0387649536132812 -0.00731277465820312 0.50079345703125 0.374267578125
0.0048065185546875 -0.0282497406005859 0.399688720703125 0.410919189453125
-0.00499153137207031 -0.0197525024414063 0.263153076171875 0.250900268554688
0.0076446533203125 -0.0221443176269531 0.104026794433594 0.0436019897460938
0.0120506286621094 -0.0205879211425781 -0.09539794921875 -0.18267822265625
0.0187492370605469 -0.0223007202148438 -0.29815673828125 -0.34832763671875
0.0461196899414063 -0.0133171081542969 -0.539794921875 -0.351837158203125
0.0401382446289063 -0.00175857543945312 -0.68731689453125 -0.33721923828125
0.00771331787109375 0.02789306640625 -0.662353515625 -0.4111328125
-0.0187129974365234 0.00924301147460938 -0.4683837890625 -0.285400390625
-0.00273513793945312 -0.0221576690673828 -0.130836486816406 -0.066253662109375
-0.0014958381652832 0.0057525634765625 0.0984954833984375 -0.0550689697265625
-0.0267829895019531 0.04248046875 0.43310546875 0.244293212890625
0.0119228363037109 0.0145177841186523 0.6934814453125 0.24609375
0.0176620483398437 0.0045928955078125 0.6756591796875 0.26776123046875
0.00660800933837891 -0.00363540649414063 0.4853515625 0.3917236328125
-0.00305604934692383 0.00691986083984375 0.390838623046875 0.425994873046875
0.0101747512817383 0.0124225616455078 0.259674072265625 0.252182006835938
0.0201396942138672 0.00461196899414063 0.103584289550781 0.036834716796875
0.0286941528320313 0.00894355773925781 -0.099822998046875 -0.183441162109375
0.0208835601806641 0.0105419158935547 -0.3048095703125 -0.33831787109375
0.0265045166015625 0.00887870788574219 -0.5479736328125 -0.329437255859375
0.0151901245117188 -0.0112438201904297 -0.69683837890625 -0.3087158203125
0.0149345397949219 -0.00374031066894531 -0.67034912109375 -0.38665771484375
0.0176029205322266 0.00743293762207031 -0.471527099609375 -0.27642822265625
0.0116519927978516 0.0158967971801758 -0.130622863769531 -0.069580078125
-0.00277709960937501 0.0547218322753906 0.100326538085938 -0.0458984375
0.0106544494628906 0.0677299499511719 0.428924560546875 0.25592041015625
0.0412979125976563 -0.0127792358398437 0.68548583984375 0.26995849609375
0.00237274169921875 -0.0278205871582031 0.6734619140625 0.2999267578125
-0.0273723602294922 -0.000871658325195315 0.482208251953125 0.409515380859375
-0.0129661560058594 0.0400619506835938 0.38580322265625 0.428558349609375
0.0238113403320312 0.0418701171875 0.250198364257813 0.243072509765625
0.0304908752441406 0.0284175872802734 0.092926025390625 0.0226669311523438
0.0429191589355469 0.0341033935546875 -0.111740112304687 -0.189590454101563
0.0217361450195313 0.0393180847167969 -0.31793212890625 -0.335906982421875
0.00555610656738282 0.0289268493652344 -0.55682373046875 -0.313690185546875
-0.0111122131347656 -0.0215110778808594 -0.7021484375 -0.28192138671875
0.021697998046875 -0.0361671447753906 -0.677490234375 -0.35919189453125
0.0520401000976563 0.00531768798828125 -0.473175048828125 -0.26470947265625
0.0249862670898438 0.0532951354980469 -0.125778198242188 -0.0632247924804687
0.000747680664062501 0.09423828125 0.0976333618164063 -0.0259857177734375
0.0439987182617187 0.0807952880859375 0.422637939453125 0.270751953125
0.0590553283691406 -0.0417289733886719 0.674560546875 0.3016357421875
-0.0181961059570313 -0.052093505859375 0.6737060546875 0.34002685546875
-0.0576858520507813 0.00392150878906251 0.48931884765625 0.4219970703125
-0.0191841125488281 0.0672645568847656 0.383514404296875 0.418853759765625
0.0340385437011719 0.0629615783691406 0.234176635742188 0.225189208984375
0.0375900268554688 0.0449790954589844 0.0758056640625 0.005615234375
0.0535697937011719 0.0533599853515625 -0.13177490234375 -0.199920654296875
0.0191459655761719 0.06219482421875 -0.335174560546875 -0.34039306640625
-0.0174407958984375 0.0423812866210938 -0.5621337890625 -0.307098388671875
-0.0358467102050781 -0.0354270935058594 -0.69952392578125 -0.25726318359375
0.0308265686035156 -0.0663337707519531 -0.6815185546875 -0.3284912109375
0.0833206176757813 0.00693511962890625 -0.4708251953125 -0.251220703125
0.0341720581054688 0.08819580078125 -0.11962890625 -0.047119140625
0.0107955932617187 0.114730834960938 0.093536376953125 0.00219726562500001
0.06591796875 0.0752792358398438 0.41522216796875 0.28973388671875
0.0573196411132813 -0.0687217712402344 0.6646728515625 0.3336181640625
-0.0410575866699219 -0.0634536743164063 0.68218994140625 0.37646484375
-0.076385498046875 0.0123672485351562 0.501495361328125 0.427032470703125
-0.0185089111328125 0.0818710327148438 0.3802490234375 0.401336669921875
0.0408782958984375 0.0715103149414063 0.2127685546875 0.202545166015625
0.0429153442382813 0.052276611328125 0.054473876953125 -0.0124473571777344
0.057952880859375 0.06414794921875 -0.15240478515625 -0.2158203125
0.0125503540039063 0.075775146484375 -0.348541259765625 -0.35357666015625
-0.0390968322753906 0.0455398559570313 -0.56353759765625 -0.31085205078125
-0.053619384765625 -0.0528907775878906 -0.68756103515625 -0.24322509765625
0.0433807373046875 -0.0877685546875 -0.6781005859375 -0.30316162109375
0.104942321777344 0.0148162841796875 -0.4654541015625 -0.23614501953125
0.035552978515625 0.114845275878906 -0.114295959472656 -0.024993896484375
-0.0307235717773438 -0.116783142089844 0.079925537109375 0.0223846435546875
-0.139106750488281 0.0197372436523438 0.432830810546875 0.255126953125
-0.0369873046875 0.0995559692382813 0.68695068359375 0.24517822265625
0.0641860961914063 0.0540504455566406 0.73516845703125 0.24993896484375
0.070953369140625 -0.0525360107421875 0.56451416015625 0.32781982421875
-0.010162353515625 -0.098419189453125 0.412445068359375 0.33880615234375
-0.0462722778320313 -0.0833282470703125 0.226028442382813 0.205337524414063
-0.0208053588867187 -0.0877609252929687 0.0581855773925781 0.0240478515625
-0.0212860107421875 -0.0937042236328125 -0.13714599609375 -0.218475341796875
0.024444580078125 -0.0981674194335938 -0.314727783203125 -0.41705322265625
0.0889968872070312 -0.0484161376953125 -0.5167236328125 -0.423309326171875
0.0694389343261719 0.0334663391113281 -0.64373779296875 -0.37847900390625
-0.0446548461914062 0.0731887817382813 -0.63427734375 -0.41949462890625
-0.0958251953125 -0.024078369140625 -0.457611083984375 -0.274871826171875
-0.0146636962890625 -0.103759765625 -0.126274108886719 -0.00444030761718748
-0.0195693969726562 -0.111846923828125 0.077880859375 -0.00755310058593751
-0.129302978515625 0.00644683837890626 0.434326171875 0.24359130859375
-0.045501708984375 0.09149169921875 0.687744140625 0.22998046875
0.0586700439453125 0.0632820129394531 0.71746826171875 0.239990234375
0.0757293701171875 -0.0359878540039062 0.5469970703125 0.342376708984375
0.000900268554687491 -0.08648681640625 0.4163818359375 0.364837646484375
-0.0353012084960938 -0.0717849731445313 0.247207641601563 0.225051879882812
-0.0138320922851562 -0.072998046875 0.0803680419921875 0.0372238159179688
-0.0155487060546875 -0.07647705078125 -0.116622924804688 -0.1995849609375
0.0204696655273438 -0.0822601318359375 -0.30462646484375 -0.3914794921875
0.0810470581054688 -0.0467376708984375 -0.526611328125 -0.402618408203125
0.0713958740234375 0.0215377807617188 -0.6629638671875 -0.37750244140625
-0.0234603881835937 0.0725326538085938 -0.64276123046875 -0.4359130859375
-0.0810775756835938 -0.00624084472656249 -0.45733642578125 -0.287078857421875
-0.0175628662109375 -0.087188720703125 -0.127098083496094 -0.0322723388671875
-0.00860595703124999 -0.0878372192382813 0.0823440551757813 -0.0332260131835938
-0.102386474609375 0.00445556640624999 0.43585205078125 0.238494873046875
-0.0412139892578125 0.0691642761230469 0.69268798828125 0.22308349609375
0.0444984436035156 0.0574264526367187 0.7008056640625 0.23675537109375
0.0633964538574219 -0.0190925598144531 0.52410888671875 0.3582763671875
0.00673294067382812 -0.0617294311523438 0.41259765625 0.39013671875
-0.0212745666503906 -0.0495262145996094 0.261642456054688 0.241256713867188
-0.0050811767578125 -0.0500984191894531 0.0970077514648438 0.0433807373046875
-0.00384140014648438 -0.0509414672851562 -0.101882934570313 -0.188522338867188
0.017974853515625 -0.0553855895996094 -0.298370361328125 -0.36761474609375
0.0659904479980469 -0.0344963073730469 -0.53436279296875 -0.376861572265625
0.0602836608886719 0.0083770751953125 -0.6805419921875 -0.3626708984375
-0.0047760009765625 0.0550460815429688 -0.6534423828125 -0.4346923828125
-0.0532150268554687 0.00580215454101563 -0.46337890625 -0.292083740234375
-0.0138092041015625 -0.0576705932617187 -0.1290283203125 -0.0539779663085937
-0.00207901000976563 -0.0460281372070313 0.0916671752929688 -0.0498580932617188
-0.0669975280761719 0.0170669555664063 0.4365234375 0.239593505859375
-0.020111083984375 0.0418357849121094 0.69598388671875 0.2301025390625
0.0299034118652344 0.0361862182617188 0.688232421875 0.24566650390625
0.0393447875976563 -0.00806427001953125 0.50238037109375 0.376251220703125
0.00481986999511719 -0.0291461944580078 0.402130126953125 0.413787841796875
-0.004608154296875 -0.0190773010253906 0.264877319335938 0.25225830078125
0.00694847106933594 -0.0228404998779297 0.104644775390625 0.0436172485351563
0.0119819641113281 -0.0216865539550781 -0.0961456298828125 -0.183135986328125
0.0193805694580078 -0.0225811004638672 -0.2987060546875 -0.3515625
0.0473175048828125 -0.0142135620117188 -0.539703369140625 -0.353363037109375
0.0404167175292969 -0.00156021118164062 -0.69268798828125 -0.340576171875
0.00732040405273438 0.0282497406005859 -0.66497802734375 -0.41644287109375
-0.0189170837402344 0.00990104675292968 -0.47015380859375 -0.288116455078125
-0.00294876098632813 -0.0219783782958984 -0.131683349609375 -0.0672683715820313
-0.00254154205322265 0.00505495071411133 0.0984954833984375 -0.054443359375
-0.0277442932128906 0.0431938171386719 0.4356689453125 0.24713134765625
0.0116977691650391 0.0147466659545898 0.69647216796875 0.2457275390625
0.0173587799072266 0.00490570068359375 0.678466796875 0.26849365234375
0.00693798065185547 -0.00403499603271484 0.488067626953125 0.395111083984375
-0.00354433059692383 0.00721073150634766 0.391937255859375 0.428863525390625
0.010685920715332 0.0133113861083984 0.260818481445313 0.253173828125
0.0197639465332031 0.00435066223144531 0.103874206542969 0.03564453125
0.0290508270263672 0.00826454162597656 -0.0993804931640625 -0.185073852539062
0.0222969055175781 0.0103931427001953 -0.305511474609375 -0.34149169921875
0.0271453857421875 0.00868988037109375 -0.54986572265625 -0.3331298828125
0.0150623321533203 -0.0111122131347656 -0.70147705078125 -0.3125
0.0147562026977539 -0.00387477874755859 -0.6751708984375 -0.391357421875
0.0182323455810547 0.00794029235839844 -0.4737548828125 -0.277984619140625
0.0113401412963867 0.0159196853637695 -0.131240844726563 -0.0706100463867187
-0.00368499755859375 0.0558700561523438 0.100502014160156 -0.0456161499023438
0.0104103088378906 0.0697860717773438 0.432525634765625 0.2581787109375
0.0414810180664063 -0.0127525329589844 0.6903076171875 0.27032470703125
0.00195693969726563 -0.0275859832763672 0.67474365234375 0.30120849609375
-0.0283489227294922 -0.000793457031249995 0.48516845703125 0.4111328125
-0.0124397277832031 0.0409049987792969 0.38751220703125 0.43206787109375
0.0241737365722656 0.043182373046875 0.251510620117187 0.24365234375
0.0308876037597656 0.0282993316650391 0.0938720703125 0.023040771484375
0.0437889099121094 0.0343208312988281 -0.111862182617187 -0.1910400390625
0.0226058959960938 0.0400581359863281 -0.319091796875 -0.3389892578125
0.00652885437011719 0.0286674499511719 -0.55987548828125 -0.316131591796875
-0.0120429992675781 -0.0212421417236328 -0.70458984375 -0.28472900390625
0.0202484130859375 -0.036285400390625 -0.6806640625 -0.3614501953125
0.0524444580078125 0.00606536865234375 -0.475921630859375 -0.267974853515625
0.0258827209472656 0.0547943115234375 -0.126861572265625 -0.0644989013671875
0.000183105468750005 0.0952987670898437 0.0968475341796875 -0.0244979858398437
0.0439605712890625 0.08184814453125 0.4251708984375 0.273406982421875
0.0602531433105469 -0.0425262451171875 0.6796875 0.3009033203125
-0.0183296203613281 -0.0527267456054688 0.67669677734375 0.34039306640625
-0.0581703186035156 0.00480270385742188 0.4903564453125 0.42529296875
-0.0183982849121094 0.0676727294921875 0.385406494140625 0.420989990234375
0.03509521484375 0.0636558532714844 0.23529052734375 0.225936889648438
0.0386734008789063 0.0454216003417969 0.0767822265625 0.0053253173828125
0.054412841796875 0.0539169311523438 -0.132171630859375 -0.201644897460938
0.0209159851074219 0.0633049011230469 -0.334442138671875 -0.34320068359375
-0.0170326232910156 0.0428199768066406 -0.56512451171875 -0.30914306640625
-0.0362472534179688 -0.0356559753417969 -0.70440673828125 -0.26031494140625
0.0304069519042969 -0.066558837890625 -0.68365478515625 -0.33148193359375
0.0836181640625 0.00649261474609375 -0.47454833984375 -0.253204345703125
0.0345687866210938 0.0889053344726562 -0.120491027832031 -0.0488739013671875
0.0105209350585938 0.116195678710938 0.093505859375 0.00373077392578126
0.0670700073242188 0.0763168334960938 0.417266845703125 0.292236328125
0.0578575134277344 -0.0685386657714844 0.6689453125 0.3359375
-0.0424041748046875 -0.0639114379882813 0.6859130859375 0.37677001953125
-0.0778427124023438 0.0127334594726562 0.501556396484375 0.42828369140625
-0.0184783935546875 0.0833206176757813 0.380706787109375 0.40472412109375
0.041839599609375 0.07275390625 0.213714599609375 0.204086303710938
0.0433692932128906 0.0528564453125 0.0553054809570313 -0.0124244689941406
0.0592689514160156 0.06463623046875 -0.1527099609375 -0.217330932617188
0.0135650634765625 0.0768280029296875 -0.349578857421875 -0.357391357421875
-0.0391082763671875 0.0458602905273437 -0.56549072265625 -0.31268310546875
-0.0541839599609375 -0.0532493591308594 -0.693359375 -0.244873046875
0.043243408203125 -0.0886154174804688 -0.68170166015625 -0.30474853515625
0.106277465820313 0.01556396484375 -0.467529296875 -0.240875244140625
0.0358428955078125 0.115928649902344 -0.115005493164063 -0.0263519287109375
-0.031707763671875 -0.118331909179688 0.0805206298828125 0.0235977172851562
-0.140296936035156 0.0213775634765625 0.43695068359375 0.258087158203125
-0.0367202758789063 0.10107421875 0.6929931640625 0.24493408203125
0.0652046203613281 0.054290771484375 0.74041748046875 0.24896240234375
0.0708160400390625 -0.0531387329101563 0.5684814453125 0.33013916015625
-0.0108184814453125 -0.100273132324219 0.4150390625 0.33929443359375
-0.0464553833007812 -0.0835723876953125 0.226547241210937 0.206619262695312
-0.021514892578125 -0.0882949829101563 0.0589065551757812 0.0241241455078125
-0.0223236083984375 -0.0946884155273438 -0.1385498046875 -0.219497680664063
0.0245590209960938 -0.0989456176757812 -0.316619873046875 -0.4197998046875
0.08984375 -0.0491943359375 -0.52044677734375 -0.427154541015625
0.0700912475585938 0.03369140625 -0.6466064453125 -0.3819580078125
-0.0449066162109375 0.0740203857421875 -0.6395263671875 -0.4228515625
-0.0963058471679688 -0.0233383178710937 -0.460845947265625 -0.276611328125
-0.0155868530273437 -0.10540771484375 -0.127082824707031 -0.00582885742187499
-0.0205764770507812 -0.113250732421875 0.0774307250976563 -0.00634002685546876
-0.131057739257813 0.00803375244140625 0.435882568359375 0.24578857421875
-0.0458297729492187 0.0926284790039062 0.6937255859375 0.23089599609375
0.058746337890625 0.0635032653808594 0.7218017578125 0.2388916015625
0.0751113891601563 -0.0372467041015625 0.549591064453125 0.343017578125
0.000122070312499993 -0.08709716796875 0.420166015625 0.3656005859375
-0.0359649658203125 -0.0719070434570313 0.247512817382813 0.226760864257813
-0.0151290893554688 -0.0736923217773438 0.0806198120117188 0.0374832153320312
-0.016204833984375 -0.0781631469726563 -0.118087768554687 -0.20166015625
0.0206069946289063 -0.0826644897460938 -0.307464599609375 -0.39398193359375
0.0814208984375 -0.047393798828125 -0.530853271484375 -0.406005859375
0.0725326538085938 0.0215377807617188 -0.66748046875 -0.382568359375
-0.0233230590820313 0.0728836059570313 -0.6480712890625 -0.43768310546875
-0.0824050903320313 -0.00536346435546876 -0.462127685546875 -0.2896728515625
-0.018218994140625 -0.088348388671875 -0.1270751953125 -0.0336685180664063
-0.00866699218749999 -0.0884552001953125 0.0821533203125 -0.0323410034179688
-0.10504150390625 0.00546264648437501 0.4383544921875 0.240142822265625
-0.0414047241210938 0.070709228515625 0.69866943359375 0.223388671875
0.0450477600097656 0.05792236328125 0.70556640625 0.2364501953125
0.0636367797851563 -0.0201492309570313 0.526947021484375 0.36114501953125
0.00625228881835938 -0.0624542236328125 0.41668701171875 0.39324951171875
-0.0207099914550781 -0.049468994140625 0.262939453125 0.243881225585937
-0.00539779663085937 -0.0502510070800781 0.0977554321289063 0.0436172485351563
-0.0043487548828125 -0.0515403747558594 -0.103042602539062 -0.18975830078125
0.0183563232421875 -0.05596923828125 -0.301239013671875 -0.371795654296875
0.0665092468261719 -0.0341911315917969 -0.53790283203125 -0.38006591796875
0.061981201171875 0.00893783569335938 -0.68658447265625 -0.3660888671875
-0.00520706176757813 0.0562286376953125 -0.65728759765625 -0.43670654296875
-0.0539474487304688 0.00637817382812501 -0.4669189453125 -0.294769287109375
-0.0143394470214844 -0.0581855773925781 -0.130699157714844 -0.0551376342773438
-0.00310134887695312 -0.0467071533203125 0.091064453125 -0.0489044189453125
-0.0674476623535156 0.0186996459960937 0.4405517578125 0.24224853515625
-0.0199775695800781 0.0425910949707031 0.70361328125 0.2301025390625
0.0307121276855469 0.0363540649414063 0.69232177734375 0.24493408203125
0.0384597778320313 -0.00890731811523437 0.505584716796875 0.3778076171875
0.00455665588378906 -0.0294246673583984 0.4056396484375 0.4169921875
-0.00574493408203125 -0.0190238952636719 0.266326904296875 0.253555297851563
0.00704193115234375 -0.0232677459716797 0.105674743652344 0.0436172485351563
0.0117530822753906 -0.0221462249755859 -0.0963287353515625 -0.184829711914063
0.0195693969726563 -0.0227127075195313 -0.300506591796875 -0.353973388671875
0.0477294921875 -0.0142478942871094 -0.54498291015625 -0.356231689453125
0.041168212890625 -0.00148391723632813 -0.69805908203125 -0.3424072265625
0.00677680969238281 0.0291423797607422 -0.6719970703125 -0.419189453125
-0.0187015533447266 0.00995254516601563 -0.47454833984375 -0.290283203125
-0.00342941284179687 -0.0224227905273437 -0.132850646972656 -0.0684051513671875
-0.00293445587158203 0.00506019592285156 0.0978164672851562 -0.0539169311523437
-0.0278701782226563 0.045318603515625 0.43829345703125 0.24981689453125
0.0113744735717773 0.0157270431518555 0.7042236328125 0.24676513671875
0.0170145034790039 0.00497913360595703 0.68280029296875 0.2691650390625
0.00588417053222656 -0.00374221801757812 0.490386962890625 0.3973388671875
-0.00274896621704101 0.00803852081298828 0.396484375 0.4322509765625
0.0105342864990234 0.0140924453735352 0.262802124023438 0.255233764648438
0.0195217132568359 0.00458717346191406 0.105056762695312 0.0363540649414063
0.0292778015136719 0.0069580078125 -0.099517822265625 -0.186630249023438
0.0218162536621094 0.0102062225341797 -0.306854248046875 -0.343658447265625
0.0278415679931641 0.008270263671875 -0.55401611328125 -0.33544921875
0.0158758163452148 -0.0106639862060547 -0.70654296875 -0.31298828125
0.0142793655395508 -0.00293445587158203 -0.67926025390625 -0.39263916015625
0.017669677734375 0.00912666320800781 -0.477264404296875 -0.28076171875
0.0120220184326172 0.0166702270507813 -0.132888793945313 -0.0720291137695313
-0.00350570678710937 0.056671142578125 0.0996017456054688 -0.0445938110351562
0.0105438232421875 0.0709228515625 0.4351806640625 0.2601318359375
0.0422210693359375 -0.0128211975097656 0.69549560546875 0.270263671875
0.00168037414550781 -0.0281925201416016 0.67999267578125 0.30047607421875
-0.0295505523681641 -0.000822067260742187 0.488250732421875 0.414154052734375
-0.0118942260742187 0.0413322448730469 0.39117431640625 0.433746337890625
0.0243377685546875 0.0434761047363281 0.25286865234375 0.24505615234375
0.0308685302734375 0.0291576385498047 0.094268798828125 0.0225677490234375
0.0444908142089844 0.0343017578125 -0.113021850585937 -0.193359375
0.0236053466796875 0.04058837890625 -0.319671630859375 -0.341094970703125
0.00665855407714844 0.0288867950439453 -0.56353759765625 -0.3192138671875
-0.0118618011474609 -0.0210609436035156 -0.7108154296875 -0.28668212890625
0.020233154296875 -0.0365638732910156 -0.68438720703125 -0.3642578125
0.0535163879394531 0.00556182861328125 -0.478363037109375 -0.268280029296875
0.0262374877929687 0.0548057556152344 -0.1279296875 -0.0651016235351563
0.000709533691406252 0.09619140625 0.096832275390625 -0.0244216918945312
0.0442352294921875 0.0833053588867188 0.42913818359375 0.276458740234375
0.0602073669433594 -0.0427398681640625 0.68560791015625 0.30206298828125
-0.0192146301269531 -0.0535774230957031 0.6802978515625 0.34344482421875
-0.0598869323730469 0.00484085083007811 0.494476318359375 0.42730712890625
-0.0179595947265625 0.0680580139160156 0.38775634765625 0.42486572265625
0.0357780456542969 0.0645256042480469 0.237136840820313 0.227371215820312
0.0396156311035156 0.0454940795898438 0.0771636962890625 0.00506591796875
0.0555839538574219 0.0540313720703125 -0.131790161132813 -0.202987670898438
0.0213127136230469 0.0636749267578125 -0.337005615234375 -0.345855712890625
-0.0166282653808594 0.0434341430664063 -0.57025146484375 -0.3123779296875
-0.0359535217285156 -0.0354461669921875 -0.70892333984375 -0.26141357421875
0.0298690795898438 -0.0666770935058594 -0.68878173828125 -0.33428955078125
0.0848464965820313 0.007049560546875 -0.476715087890625 -0.25634765625
0.0344009399414063 0.0893096923828125 -0.121406555175781 -0.0496368408203125
0.0102691650390625 0.117454528808594 0.0934066772460937 0.00442504882812501
0.067718505859375 0.0783920288085938 0.4207763671875 0.29376220703125
0.0585823059082031 -0.0698165893554688 0.67535400390625 0.3353271484375
-0.0431671142578125 -0.0640449523925781 0.6917724609375 0.3778076171875
-0.079925537109375 0.013092041015625 0.506622314453125 0.4312744140625
-0.0176239013671875 0.0838851928710938 0.3837890625 0.4053955078125
0.0427780151367188 0.073150634765625 0.215484619140625 0.205184936523438
0.0439071655273438 0.0535049438476563 0.0552978515625 -0.0131759643554687
0.05999755859375 0.0647354125976563 -0.154296875 -0.21868896484375
0.0145111083984375 0.0777130126953125 -0.352386474609375 -0.35906982421875
-0.0393562316894531 0.0469970703125 -0.57012939453125 -0.3154296875
-0.0554084777832031 -0.0533103942871094 -0.6968994140625 -0.24609375
0.043212890625 -0.0888137817382813 -0.68560791015625 -0.30694580078125
0.107612609863281 0.0153579711914063 -0.470947265625 -0.24200439453125
0.035797119140625 0.117645263671875 -0.115791320800781 -0.026702880859375
-0.0332794189453125 -0.119491577148438 0.0803985595703125 0.0251007080078125
-0.141876220703125 0.023040771484375 0.4415283203125 0.25921630859375
-0.0375213623046875 0.102165222167969 0.699951171875 0.2474365234375
0.064910888671875 0.0542945861816406 0.74530029296875 0.24835205078125
0.0712966918945313 -0.0550689697265625 0.5723876953125 0.3314208984375
-0.0112533569335938 -0.101646423339844 0.419189453125 0.342498779296875
-0.0471572875976563 -0.0840911865234375 0.228317260742188 0.207778930664062
-0.0217437744140625 -0.0895919799804688 0.0592002868652344 0.0241470336914062
-0.0229415893554688 -0.0956954956054688 -0.139938354492188 -0.221206665039063
0.0231781005859375 -0.0994491577148437 -0.319091796875 -0.423370361328125
0.0901565551757813 -0.050140380859375 -0.5245361328125 -0.429931640625
0.0712432861328125 0.034088134765625 -0.6534423828125 -0.3836669921875
-0.0453414916992188 0.0755996704101563 -0.64495849609375 -0.42523193359375
-0.0976486206054688 -0.023345947265625 -0.465301513671875 -0.279449462890625
-0.0154190063476563 -0.10687255859375 -0.127975463867188 -0.00589752197265624
-0.0213623046875 -0.113349914550781 0.077911376953125 -0.00555419921875001
-0.133308410644531 0.00936126708984375 0.440521240234375 0.247314453125
-0.0457763671875 0.0939559936523438 0.70074462890625 0.2305908203125
0.0601005554199219 0.0647773742675781 0.7276611328125 0.2384033203125
0.0749130249023438 -0.03753662109375 0.55340576171875 0.345458984375
-0.00087738037109375 -0.08837890625 0.42327880859375 0.368896484375
-0.0362548828125 -0.0715713500976563 0.251251220703125 0.22833251953125
-0.0157699584960937 -0.0743408203125 0.0814590454101563 0.0368270874023437
-0.0167083740234375 -0.0782089233398438 -0.118988037109375 -0.203384399414063
0.0204544067382813 -0.083465576171875 -0.30975341796875 -0.396331787109375
0.0820236206054688 -0.048980712890625 -0.5338134765625 -0.4085693359375
0.0735702514648437 0.0213165283203125 -0.67523193359375 -0.3848876953125
-0.0238723754882812 0.0743865966796875 -0.6546630859375 -0.4407958984375
-0.08245849609375 -0.00506591796875001 -0.466796875 -0.29193115234375
-0.0196380615234375 -0.0891342163085937 -0.128898620605469 -0.0341644287109375
-0.00948333740234376 -0.0899658203125 0.0825958251953125 -0.031951904296875
-0.105339050292969 0.00657653808593748 0.444091796875 0.24334716796875
-0.0424423217773438 0.071990966796875 0.706298828125 0.221435546875
0.0451698303222656 0.0580291748046875 0.7120361328125 0.2354736328125
0.0642127990722656 -0.0205268859863281 0.531341552734375 0.361114501953125
0.00647735595703125 -0.0631523132324219 0.419525146484375 0.396331787109375
-0.021453857421875 -0.04888916015625 0.266036987304688 0.244964599609375
-0.006011962890625 -0.0508995056152344 0.0984954833984375 0.0431137084960938
-0.00455093383789063 -0.0524673461914063 -0.10369873046875 -0.191177368164063
0.0189437866210937 -0.0564613342285156 -0.30462646484375 -0.373291015625
0.0674018859863281 -0.0360183715820313 -0.54119873046875 -0.3824462890625
0.0630683898925781 0.00817489624023438 -0.69219970703125 -0.3668212890625
-0.0053863525390625 0.0573844909667969 -0.666259765625 -0.43975830078125
-0.0549774169921875 0.0070343017578125 -0.47235107421875 -0.296875
-0.014495849609375 -0.0593490600585938 -0.131362915039063 -0.0572586059570313
-0.002716064453125 -0.0471839904785156 0.0904693603515625 -0.0491790771484375
-0.0681877136230469 0.0195999145507813 0.444580078125 0.2451171875
-0.0206146240234375 0.0432586669921875 0.71026611328125 0.2286376953125
0.0306816101074219 0.0370635986328125 0.6954345703125 0.2459716796875
0.0388565063476563 -0.00881576538085938 0.508270263671875 0.379119873046875
0.00464820861816407 -0.0295162200927734 0.409332275390625 0.419921875
-0.00536918640136719 -0.0189857482910156 0.270645141601562 0.255935668945313
0.00654411315917969 -0.0233249664306641 0.107032775878906 0.0433807373046875
0.0115013122558594 -0.0219516754150391 -0.096771240234375 -0.186996459960938
0.0196666717529297 -0.0235157012939453 -0.30328369140625 -0.356475830078125
0.0482902526855469 -0.0149154663085938 -0.550872802734375 -0.357635498046875
0.0414581298828125 -0.00178146362304688 -0.70343017578125 -0.34417724609375
0.00697708129882813 0.0294666290283203 -0.6754150390625 -0.4229736328125
-0.019744873046875 0.0102119445800781 -0.479736328125 -0.292022705078125
-0.00282859802246094 -0.0229587554931641 -0.133865356445313 -0.0689620971679687
-0.00374460220336914 0.00526571273803711 0.0981979370117188 -0.0535736083984375
-0.0277519226074219 0.0457572937011719 0.44219970703125 0.25244140625
0.0113582611083984 0.01556396484375 0.70953369140625 0.24603271484375
0.016596794128418 0.00424957275390625 0.68927001953125 0.26812744140625
0.00535821914672852 -0.0038905143737793 0.493011474609375 0.399627685546875
-0.00262641906738281 0.00727033615112305 0.399444580078125 0.434539794921875
0.0111312866210938 0.0143918991088867 0.265304565429688 0.257247924804688
0.0197391510009766 0.00490379333496094 0.106208801269531 0.035736083984375
0.0297679901123047 0.00729751586914063 -0.10101318359375 -0.188278198242187
0.0226249694824219 0.0108222961425781 -0.309814453125 -0.3470458984375
0.0279541015625 0.00872039794921875 -0.557708740234375 -0.336761474609375
0.0151395797729492 -0.0111618041992187 -0.71435546875 -0.31634521484375
0.0137405395507813 -0.00295448303222656 -0.6859130859375 -0.39617919921875
0.0178871154785156 0.0093841552734375 -0.48248291015625 -0.2823486328125
0.0114822387695313 0.0165748596191406 -0.1337890625 -0.072845458984375
-0.00390625 0.0568809509277344 0.0997238159179688 -0.0442733764648437
0.010650634765625 0.071746826171875 0.439117431640625 0.26300048828125
0.0423660278320313 -0.0137596130371094 0.7021484375 0.27081298828125
0.00125694274902344 -0.0287876129150391 0.68377685546875 0.3013916015625
-0.030426025390625 -0.000528335571289066 0.490478515625 0.417999267578125
-0.0120048522949219 0.0414848327636719 0.3951416015625 0.438201904296875
0.0255508422851563 0.044342041015625 0.255874633789063 0.247726440429688
0.0313339233398438 0.0286788940429688 0.0952224731445313 0.0226898193359375
0.0458564758300781 0.0341567993164063 -0.113494873046875 -0.19403076171875
0.0242118835449219 0.0410690307617188 -0.323974609375 -0.343841552734375
0.00646591186523438 0.0294036865234375 -0.56805419921875 -0.32049560546875
-0.0120182037353516 -0.0214595794677734 -0.7174072265625 -0.28570556640625
0.0201377868652344 -0.03656005859375 -0.6912841796875 -0.366943359375
0.0539627075195313 0.00572586059570313 -0.48291015625 -0.271392822265625
0.0262107849121094 0.0548782348632813 -0.129150390625 -0.066802978515625
-3.05175781249958E-05 0.09716796875 0.0968017578125 -0.023193359375
0.0452346801757813 0.0845794677734375 0.431884765625 0.279144287109375
0.0595703125 -0.0435676574707031 0.6932373046875 0.3033447265625
-0.0201339721679687 -0.0538749694824219 0.68475341796875 0.3433837890625
-0.0613327026367188 0.00531005859375001 0.496856689453125 0.429931640625
-0.0176658630371094 0.0697097778320313 0.39251708984375 0.428009033203125
0.0372238159179687 0.0650520324707031 0.238693237304688 0.2291259765625
0.040557861328125 0.0464019775390625 0.077850341796875 0.00494384765625
0.0566062927246094 0.0533561706542969 -0.13250732421875 -0.205215454101563
0.0226097106933594 0.0646476745605469 -0.339202880859375 -0.347991943359375
-0.0165634155273438 0.0437278747558594 -0.5736083984375 -0.314208984375
-0.0376167297363281 -0.0351715087890625 -0.71588134765625 -0.26251220703125
0.0299530029296875 -0.0680274963378906 -0.6943359375 -0.3359375
0.0859375 0.0061492919921875 -0.480926513671875 -0.256683349609375
0.0360488891601562 0.0913772583007813 -0.122421264648438 -0.0508880615234375
0.010467529296875 0.118988037109375 0.0929412841796875 0.00573730468750001
0.0684051513671875 0.0793685913085938 0.4249267578125 0.2962646484375
0.058258056640625 -0.0707855224609375 0.68231201171875 0.3365478515625
-0.0437278747558594 -0.0650711059570313 0.69512939453125 0.37939453125
-0.0811614990234375 0.014129638671875 0.510498046875 0.4342041015625
-0.0174942016601562 0.0850143432617188 0.388336181640625 0.409271240234375
0.0440521240234375 0.07366943359375 0.218170166015625 0.207168579101563
0.044464111328125 0.0540313720703125 0.0558242797851562 -0.0138702392578125
0.0614280700683594 0.0646286010742188 -0.155227661132812 -0.221237182617188
0.0153274536132813 0.0788650512695312 -0.354400634765625 -0.362884521484375
-0.0388755798339844 0.0482749938964844 -0.5738525390625 -0.31695556640625
-0.0559349060058594 -0.0533828735351562 -0.7044677734375 -0.24737548828125
0.0423355102539062 -0.0903472900390625 -0.6922607421875 -0.31011962890625
0.108818054199219 0.0142135620117187 -0.47515869140625 -0.24462890625
0.037017822265625 0.119194030761719 -0.116859436035156 -0.02728271484375
-0.0339584350585938 -0.121017456054688 0.0810470581054688 0.0258941650390625
-0.143798828125 0.0246429443359375 0.44549560546875 0.260101318359375
-0.0376434326171875 0.104095458984375 0.7081298828125 0.24554443359375
0.0662269592285156 0.0545501708984375 0.75347900390625 0.246826171875
0.0709686279296875 -0.0560226440429688 0.57904052734375 0.33111572265625
-0.0114059448242188 -0.102500915527344 0.42333984375 0.345184326171875
-0.047698974609375 -0.0840072631835938 0.231292724609375 0.208282470703125
-0.02337646484375 -0.090301513671875 0.0593032836914062 0.0238990783691406
-0.0239181518554687 -0.09686279296875 -0.14190673828125 -0.222732543945313
0.0250167846679688 -0.100761413574219 -0.32373046875 -0.42706298828125
0.0916824340820313 -0.0521392822265625 -0.52984619140625 -0.432525634765625
0.0723190307617188 0.0334854125976563 -0.66217041015625 -0.3848876953125
-0.0458755493164062 0.0767364501953125 -0.65228271484375 -0.42572021484375
-0.0986557006835937 -0.0224533081054688 -0.469970703125 -0.280670166015625
-0.0167922973632812 -0.108428955078125 -0.130210876464844 -0.00662994384765624
-0.0226058959960938 -0.115432739257813 0.0775375366210937 -0.00466156005859376
-0.134620666503906 0.0119705200195312 0.4468994140625 0.24951171875
-0.0465316772460938 0.0959243774414063 0.7061767578125 0.2279052734375
0.0604171752929688 0.0647735595703125 0.73504638671875 0.2366943359375
0.0762100219726563 -0.0391616821289063 0.557830810546875 0.34521484375
-0.000862121582031241 -0.0896453857421875 0.428131103515625 0.37237548828125
-0.03802490234375 -0.0718536376953125 0.253646850585938 0.228759765625
-0.0168914794921875 -0.0750732421875 0.082183837890625 0.0364761352539062
-0.0179214477539062 -0.0796051025390625 -0.120346069335938 -0.204513549804687
0.0199127197265625 -0.084625244140625 -0.3138427734375 -0.400482177734375
0.0830307006835938 -0.0495147705078125 -0.54107666015625 -0.410247802734375
0.0743408203125 0.0211944580078125 -0.6827392578125 -0.38519287109375
-0.0244140625 0.0755996704101563 -0.66070556640625 -0.44354248046875
-0.0838088989257813 -0.00421142578124999 -0.471099853515625 -0.292755126953125
-0.0202865600585937 -0.0905532836914063 -0.129608154296875 -0.0345993041992188
-0.0104598999023438 -0.0907516479492188 0.08251953125 -0.0310211181640625
-0.106773376464844 0.00799560546875001 0.44805908203125 0.243621826171875
-0.0423202514648438 0.07257080078125 0.7138671875 0.220703125
0.04638671875 0.0585823059082031 0.717041015625 0.23345947265625
0.0641403198242187 -0.0217361450195312 0.5355224609375 0.364013671875
0.00559997558593749 -0.0641593933105469 0.42510986328125 0.39862060546875
-0.0220603942871094 -0.0494842529296875 0.269210815429688 0.246002197265625
-0.0064239501953125 -0.0515365600585938 0.0994186401367188 0.043426513671875
-0.00456237792968751 -0.0533294677734375 -0.104949951171875 -0.19305419921875
0.0187301635742187 -0.0571136474609375 -0.307037353515625 -0.375701904296875
0.0674057006835938 -0.03619384765625 -0.5482177734375 -0.38507080078125
0.0634918212890625 0.00861358642578125 -0.69927978515625 -0.36907958984375
-0.00519180297851563 0.0575027465820313 -0.67108154296875 -0.4412841796875
-0.0556793212890625 0.00726699829101564 -0.47698974609375 -0.2957763671875
-0.0159034729003906 -0.0597114562988281 -0.132423400878906 -0.0574417114257813
-0.00428009033203125 -0.0475845336914063 0.0912094116210938 -0.0487060546875
-0.0686378479003906 0.0209999084472656 0.449127197265625 0.246002197265625
-0.0211563110351563 0.0448875427246094 0.71759033203125 0.22772216796875
0.0313339233398438 0.0370101928710938 0.70306396484375 0.244140625
0.0383796691894531 -0.00990676879882813 0.513519287109375 0.38104248046875
0.00465202331542969 -0.0296421051025391 0.4132080078125 0.42327880859375
-0.00528907775878906 -0.019134521484375 0.2728271484375 0.256484985351563
0.00596237182617187 -0.0239963531494141 0.108619689941406 0.0429840087890625
0.0115108489990234 -0.0232734680175781 -0.09796142578125 -0.188079833984375
0.0208702087402344 -0.0234394073486328 -0.30615234375 -0.36004638671875
0.0489692687988281 -0.0144805908203125 -0.555908203125 -0.35986328125
0.0421829223632813 -0.00143814086914063 -0.7117919921875 -0.34326171875
0.00653648376464843 0.0297966003417969 -0.6845703125 -0.423828125
-0.0196800231933594 0.0107154846191406 -0.484039306640625 -0.292694091796875
-0.00343894958496094 -0.0224571228027344 -0.135147094726563 -0.0700225830078125
-0.00327157974243164 0.00481128692626953 0.0982208251953125 -0.0535125732421875
-0.0280609130859375 0.047576904296875 0.448089599609375 0.2528076171875
0.0111827850341797 0.0164995193481445 0.71856689453125 0.2442626953125
0.0170631408691406 0.00491046905517578 0.69268798828125 0.26702880859375
0.00456666946411133 -0.00443363189697266 0.497589111328125 0.400726318359375
-0.00313711166381836 0.00792407989501953 0.4052734375 0.437164306640625
0.0108432769775391 0.0147085189819336 0.268707275390625 0.257232666015625
0.0200424194335938 0.00470924377441406 0.106475830078125 0.0350570678710937
0.0300025939941406 0.00713539123535156 -0.1011962890625 -0.189620971679688
0.0236377716064453 0.0104770660400391 -0.312042236328125 -0.349151611328125
0.0283832550048828 0.00863838195800781 -0.56365966796875 -0.3387451171875
0.0157995223999023 -0.0108451843261719 -0.72003173828125 -0.31494140625
0.0134077072143555 -0.00247764587402344 -0.69281005859375 -0.39630126953125
0.0175638198852539 0.00807476043701172 -0.48858642578125 -0.284027099609375
0.0115480422973633 0.0160045623779297 -0.135322570800781 -0.0739364624023437
-0.0037841796875 0.058135986328125 0.0996322631835938 -0.04461669921875
0.0116119384765625 0.0738906860351563 0.444732666015625 0.264404296875
0.0426406860351563 -0.0135154724121094 0.71087646484375 0.2696533203125
0.000904083251953124 -0.0287857055664062 0.690185546875 0.29986572265625
-0.0314655303955078 -0.000753402709960933 0.49591064453125 0.41680908203125
-0.0113601684570313 0.0428085327148438 0.3997802734375 0.43994140625
0.0265312194824219 0.0453529357910156 0.258895874023438 0.24847412109375
0.0315380096435547 0.0295047760009766 0.096771240234375 0.0216217041015625
0.0462608337402344 0.0337944030761719 -0.114990234375 -0.19610595703125
0.0260047912597656 0.0418815612792969 -0.326019287109375 -0.345977783203125
0.00679969787597656 0.0297641754150391 -0.57373046875 -0.3233642578125
-0.011962890625 -0.0213737487792969 -0.72509765625 -0.2874755859375
0.0202102661132813 -0.0370750427246094 -0.69769287109375 -0.368896484375
0.0545463562011719 0.00564956665039063 -0.48760986328125 -0.272918701171875
0.0269775390625 0.0559043884277344 -0.130378723144531 -0.0673904418945313
0.000671386718749999 0.0986785888671875 0.0971908569335938 -0.02288818359375
0.04608154296875 0.0866851806640625 0.4388427734375 0.28082275390625
0.0600738525390625 -0.0445747375488281 0.7001953125 0.3009033203125
-0.0216064453125 -0.0542373657226563 0.69183349609375 0.3424072265625
-0.062530517578125 0.00552749633789062 0.502349853515625 0.4320068359375
-0.0167999267578125 0.0699577331542969 0.39605712890625 0.430999755859375
0.0381660461425781 0.0666542053222656 0.241958618164062 0.230865478515625
0.0410537719726563 0.0469284057617188 0.0783462524414062 0.00447845458984375
0.0579757690429687 0.0540771484375 -0.134124755859375 -0.206222534179688
0.0232467651367188 0.0651626586914063 -0.342437744140625 -0.35137939453125
-0.0155830383300781 0.04425048828125 -0.57965087890625 -0.31561279296875
-0.0377769470214844 -0.0352745056152344 -0.7232666015625 -0.26263427734375
0.0288238525390625 -0.0678558349609375 -0.70166015625 -0.33697509765625
0.0866622924804688 0.0070037841796875 -0.48614501953125 -0.259063720703125
0.0362014770507812 0.0913543701171875 -0.123878479003906 -0.0508956909179688
0.01092529296875 0.119873046875 0.093994140625 0.00657653808593751
0.0697708129882813 0.0806732177734375 0.43017578125 0.298828125
0.0577392578125 -0.0715713500976563 0.69000244140625 0.3350830078125
-0.0454216003417969 -0.0643653869628906 0.70330810546875 0.377197265625
-0.0824203491210938 0.0153579711914063 0.515655517578125 0.435546875
-0.0161666870117188 0.0865936279296875 0.39178466796875 0.41107177734375
0.0459518432617187 0.0751190185546875 0.2198486328125 0.20751953125
0.0455741882324219 0.0548973083496094 0.0558624267578125 -0.0140533447265625
0.0628929138183594 0.0649299621582031 -0.156814575195313 -0.222946166992187
0.0166244506835937 0.079437255859375 -0.35797119140625 -0.364532470703125
-0.0386772155761719 0.0488967895507813 -0.57940673828125 -0.3187255859375
-0.0574798583984375 -0.0534286499023437 -0.711669921875 -0.24853515625
0.0422439575195313 -0.0911026000976563 -0.6993408203125 -0.30865478515625
0.1103515625 0.014373779296875 -0.47979736328125 -0.244049072265625
0.038421630859375 0.119880676269531 -0.117401123046875 -0.0276107788085938
-0.0357894897460938 -0.121536254882813 0.0815505981445313 0.0269927978515625
-0.146041870117188 0.0268707275390625 0.45196533203125 0.26220703125
-0.0373687744140625 0.105697631835938 0.715087890625 0.24273681640625
0.0671463012695312 0.0542831420898437 0.75933837890625 0.242919921875
0.0706863403320313 -0.0579147338867188 0.584228515625 0.3299560546875
-0.0132522583007812 -0.103858947753906 0.428619384765625 0.346038818359375
-0.0495376586914063 -0.0841064453125 0.234588623046875 0.210494995117187
-0.024688720703125 -0.0914077758789063 0.0603713989257813 0.0240554809570312
-0.0257415771484375 -0.0977783203125 -0.143218994140625 -0.223587036132812
0.0232162475585938 -0.102546691894531 -0.32879638671875 -0.42877197265625
0.0919570922851563 -0.0531463623046875 -0.537445068359375 -0.43280029296875
0.0732345581054688 0.0340957641601563 -0.66754150390625 -0.386474609375
-0.046295166015625 0.0779495239257813 -0.6597900390625 -0.427490234375
-0.100509643554688 -0.022216796875 -0.475128173828125 -0.28009033203125
-0.0180816650390625 -0.110176086425781 -0.131019592285156 -0.00646972656249998
-0.0233840942382812 -0.1173095703125 0.0775985717773438 -0.00370025634765626
-0.135826110839844 0.0135879516601562 0.45269775390625 0.248809814453125
-0.0467376708984375 0.097564697265625 0.71722412109375 0.2264404296875
0.0621757507324219 0.0654220581054688 0.74151611328125 0.23419189453125
0.0752639770507813 -0.040374755859375 0.565185546875 0.347412109375
-0.00147247314453125 -0.0906600952148438 0.43231201171875 0.3721923828125
-0.0388107299804687 -0.07220458984375 0.256988525390625 0.229873657226563
-0.0176467895507812 -0.0755538940429688 0.0831756591796875 0.0359954833984375
-0.0181427001953125 -0.0805740356445313 -0.122543334960938 -0.205825805664063
0.0201187133789062 -0.0861434936523438 -0.31768798828125 -0.401580810546875
0.083892822265625 -0.051239013671875 -0.5469970703125 -0.412567138671875
0.0760345458984375 0.02154541015625 -0.68853759765625 -0.385498046875
-0.0243606567382813 0.07623291015625 -0.66912841796875 -0.4439697265625
-0.0849685668945313 -0.00431060791015626 -0.47723388671875 -0.294158935546875
-0.0211257934570313 -0.0919723510742188 -0.131324768066406 -0.0355300903320312
-0.0112457275390625 -0.0917510986328125 0.0820083618164063 -0.03070068359375
-0.108695983886719 0.00984191894531249 0.4527587890625 0.244598388671875
-0.0425567626953125 0.0746841430664063 0.719970703125 0.2188720703125
0.0479049682617188 0.059051513671875 0.72406005859375 0.23065185546875
0.064361572265625 -0.0224609375 0.5416259765625 0.362457275390625
0.0052337646484375 -0.064849853515625 0.43060302734375 0.400787353515625
-0.0235214233398438 -0.0495567321777344 0.272109985351563 0.246826171875
-0.0071868896484375 -0.0523757934570312 0.10052490234375 0.0425949096679688
-0.00547790527343751 -0.0542716979980469 -0.107223510742188 -0.193954467773438
0.0188407897949219 -0.0583763122558594 -0.31103515625 -0.377227783203125
0.0683479309082031 -0.0379447937011719 -0.5556640625 -0.384735107421875
0.0639572143554688 0.00872039794921875 -0.7069091796875 -0.36865234375
-0.00586318969726562 0.0589675903320313 -0.68060302734375 -0.44329833984375
-0.0564689636230469 0.00725555419921874 -0.481475830078125 -0.29840087890625
-0.015960693359375 -0.0612030029296875 -0.134513854980469 -0.0574951171875
-0.00479507446289062 -0.0488357543945312 0.0902786254882813 -0.0485916137695313
-0.0700950622558594 0.0228652954101562 0.454986572265625 0.246978759765625
-0.0211715698242187 0.04559326171875 0.7269287109375 0.22406005859375
0.0320014953613281 0.03692626953125 0.7100830078125 0.2413330078125
0.0382347106933594 -0.0101127624511719 0.520904541015625 0.38226318359375
0.00420379638671875 -0.0297470092773438 0.4195556640625 0.42523193359375
-0.00536537170410156 -0.0185108184814453 0.277084350585938 0.25799560546875
0.00646781921386719 -0.023590087890625 0.109413146972656 0.042144775390625
0.0120429992675781 -0.023712158203125 -0.0998382568359375 -0.189620971679688
0.0207672119140625 -0.0242233276367188 -0.309112548828125 -0.3607177734375
0.04913330078125 -0.0161323547363281 -0.56243896484375 -0.3599853515625
0.0421180725097656 -0.00236129760742188 -0.719970703125 -0.3443603515625
0.00628852844238281 0.0307426452636719 -0.693115234375 -0.42437744140625
-0.0197429656982422 0.01141357421875 -0.490142822265625 -0.29296875
-0.00414466857910156 -0.0234127044677734 -0.13720703125 -0.0712127685546875
-0.0038909912109375 0.00614166259765625 0.0980300903320313 -0.0537567138671875
-0.0280189514160156 0.0493659973144531 0.452880859375 0.253814697265625
0.0115833282470703 0.0165910720825195 0.72601318359375 0.24072265625
0.0167427062988281 0.0048065185546875 0.7005615234375 0.26470947265625
0.00412654876708984 -0.00469207763671875 0.504058837890625 0.400970458984375
-0.00211000442504883 0.00802898406982422 0.410888671875 0.439666748046875
0.0118436813354492 0.0152778625488281 0.272262573242188 0.26007080078125
0.0199851989746094 0.00501060485839844 0.108261108398438 0.0347824096679688
0.0301666259765625 0.00642967224121094 -0.1029052734375 -0.191818237304687
0.0242996215820312 0.0110321044921875 -0.316741943359375 -0.351654052734375
0.0287857055664063 0.00855445861816406 -0.57086181640625 -0.338623046875
0.0155935287475586 -0.0101537704467773 -0.72900390625 -0.314697265625
0.0133094787597656 -0.00275802612304687 -0.70166015625 -0.398681640625
0.0184440612792969 0.00830459594726562 -0.493194580078125 -0.28363037109375
0.0121517181396484 0.0156993865966797 -0.136955261230469 -0.0746383666992187
-0.00403976440429688 0.05914306640625 0.0993881225585938 -0.0449752807617188
0.0115585327148437 0.0753631591796875 0.451171875 0.264923095703125
0.042694091796875 -0.0136642456054687 0.71990966796875 0.2666015625
-0.000230789184570311 -0.0291194915771484 0.69671630859375 0.29766845703125
-0.0317878723144531 -0.000446319580078127 0.50152587890625 0.41839599609375
-0.0116615295410156 0.0433502197265625 0.40618896484375 0.4420166015625
0.0269927978515625 0.0454826354980469 0.262466430664063 0.248672485351563
0.0324516296386719 0.0296382904052734 0.0982437133789062 0.0219879150390625
0.046722412109375 0.0336761474609375 -0.115890502929687 -0.19696044921875
0.0268363952636719 0.0416183471679688 -0.329986572265625 -0.34771728515625
0.00750160217285156 0.0305500030517578 -0.57977294921875 -0.32232666015625
-0.0122165679931641 -0.0212059020996094 -0.73284912109375 -0.28582763671875
0.0193901062011719 -0.0371971130371094 -0.70660400390625 -0.36724853515625
0.0546340942382813 0.00577926635742188 -0.495269775390625 -0.273681640625
0.0276832580566406 0.0560340881347656 -0.132339477539063 -0.0677413940429688
0.000602722167968758 0.100135803222656 0.0973663330078125 -0.022308349609375
0.0479583740234375 0.0885543823242188 0.442230224609375 0.281951904296875
0.0601577758789063 -0.0453567504882813 0.70758056640625 0.298095703125
-0.0217094421386719 -0.0547103881835938 0.69903564453125 0.34136962890625
-0.0634841918945313 0.00600051879882811 0.508026123046875 0.43170166015625
-0.016021728515625 0.0710906982421875 0.4019775390625 0.432281494140625
0.0395927429199219 0.0672569274902344 0.245468139648437 0.23101806640625
0.0415153503417969 0.0473670959472656 0.0791702270507813 0.00383758544921875
0.0582160949707031 0.0543632507324219 -0.135848999023438 -0.207183837890625
0.0249786376953125 0.0654296875 -0.346893310546875 -0.352691650390625
-0.0159454345703125 0.0454940795898438 -0.58612060546875 -0.3140869140625
-0.0390777587890625 -0.0352096557617188 -0.730224609375 -0.26043701171875
0.0279083251953125 -0.0688552856445312 -0.71014404296875 -0.3353271484375
0.0880889892578125 0.00595855712890625 -0.49285888671875 -0.258392333984375
0.0373382568359375 0.0932159423828125 -0.124801635742187 -0.0514450073242187
0.012359619140625 0.12164306640625 0.093719482421875 0.00703430175781251
0.0720901489257813 0.0812454223632813 0.435882568359375 0.300872802734375
0.0582199096679688 -0.0729827880859375 0.69683837890625 0.332275390625
-0.0466537475585938 -0.06512451171875 0.70977783203125 0.376953125
-0.0837249755859375 0.01593017578125 0.52069091796875 0.437652587890625
-0.0146484375 0.08782958984375 0.397247314453125 0.412445068359375
0.047943115234375 0.0759124755859375 0.223342895507813 0.208724975585938
0.0467338562011719 0.05511474609375 0.0562591552734375 -0.0147628784179687
0.0644454956054688 0.0652732849121094 -0.159088134765625 -0.223907470703125
0.0184707641601563 0.0801239013671875 -0.3623046875 -0.366424560546875
-0.0381622314453125 0.0494537353515625 -0.58575439453125 -0.31915283203125
-0.0582008361816406 -0.0542030334472656 -0.7188720703125 -0.2464599609375
0.0417251586914063 -0.092254638671875 -0.70623779296875 -0.30828857421875
0.111457824707031 0.01434326171875 -0.486541748046875 -0.2457275390625
0.0387496948242188 0.121536254882813 -0.119255065917969 -0.0278396606445312
-0.0376205444335938 -0.12359619140625 0.081787109375 0.0276031494140625
-0.147186279296875 0.0297698974609375 0.458404541015625 0.261199951171875
-0.0360031127929688 0.107757568359375 0.7244873046875 0.23785400390625
0.0689201354980469 0.0548171997070312 0.7659912109375 0.240478515625
0.0705795288085938 -0.0598297119140625 0.58966064453125 0.32861328125
-0.01409912109375 -0.104515075683594 0.43450927734375 0.345611572265625
-0.05072021484375 -0.0840225219726563 0.237564086914062 0.210678100585937
-0.0260543823242188 -0.0924453735351563 0.0611419677734375 0.0231437683105469
-0.0262527465820312 -0.0987167358398438 -0.146896362304688 -0.224456787109375
0.0226211547851563 -0.103538513183594 -0.334686279296875 -0.4306640625
0.0928268432617188 -0.0551376342773438 -0.54473876953125 -0.43328857421875
0.0750198364257813 0.03363037109375 -0.678955078125 -0.38397216796875
-0.04571533203125 0.07958984375 -0.66986083984375 -0.4276123046875
-0.101707458496094 -0.0210647583007813 -0.48095703125 -0.28009033203125
-0.0192413330078125 -0.111000061035156 -0.131118774414063 -0.00569915771484377
-0.0251922607421875 -0.118064880371094 0.0781021118164063 -0.00239562988281251
-0.138175964355469 0.01531982421875 0.458221435546875 0.24945068359375
-0.0463638305664063 0.0991287231445313 0.7239990234375 0.2205810546875
0.0625762939453125 0.0642547607421875 0.748046875 0.23004150390625
0.0750808715820313 -0.0413284301757813 0.57159423828125 0.3438720703125
-0.00238037109375 -0.091827392578125 0.439178466796875 0.37371826171875
-0.0400314331054687 -0.07208251953125 0.260208129882813 0.230209350585938
-0.0192413330078125 -0.076141357421875 0.0844497680664063 0.0359268188476562
-0.0193557739257813 -0.0809860229492188 -0.124313354492187 -0.2066650390625
0.0196685791015625 -0.08746337890625 -0.3232421875 -0.4033203125
0.0851287841796875 -0.0528564453125 -0.55487060546875 -0.411407470703125
0.0767822265625 0.0207595825195312 -0.69915771484375 -0.384033203125
-0.0244979858398437 0.0777359008789063 -0.677978515625 -0.44317626953125
-0.0867538452148438 -0.0026397705078125 -0.4827880859375 -0.29327392578125
-0.0220947265625 -0.0927963256835938 -0.131889343261719 -0.0351943969726563
-0.0123519897460937 -0.092529296875 0.082427978515625 -0.0305633544921875
-0.109954833984375 0.0119400024414062 0.45953369140625 0.245147705078125
-0.04266357421875 0.0763626098632813 0.7303466796875 0.21435546875
0.0481910705566406 0.0590324401855469 0.73016357421875 0.22772216796875
0.0639762878417969 -0.0239028930664062 0.547760009765625 0.36328125
0.00476455688476562 -0.0661697387695313 0.436248779296875 0.401580810546875
-0.0234107971191406 -0.0495567321777344 0.276947021484375 0.247039794921875
-0.00844192504882812 -0.052520751953125 0.101783752441406 0.0427322387695313
-0.00606536865234376 -0.0548171997070313 -0.10870361328125 -0.195404052734375
0.0185966491699219 -0.0589942932128906 -0.316162109375 -0.378753662109375
0.0694160461425781 -0.0386199951171875 -0.561279296875 -0.3829345703125
0.0649337768554688 0.0076141357421875 -0.71722412109375 -0.36614990234375
-0.0052947998046875 0.0598678588867188 -0.6890869140625 -0.44317626953125
-0.0569381713867188 0.00883102416992186 -0.4892578125 -0.298431396484375
-0.0178146362304688 -0.061920166015625 -0.136543273925781 -0.0579147338867188
-0.005767822265625 -0.0493583679199219 0.0910568237304687 -0.0489425659179687
-0.0707778930664063 0.0243682861328125 0.4603271484375 0.24652099609375
-0.0215034484863281 0.0466766357421875 0.7349853515625 0.2183837890625
0.0322189331054688 0.0370597839355469 0.7169189453125 0.2376708984375
0.0384597778320313 -0.0109443664550781 0.52508544921875 0.382537841796875
0.00446510314941406 -0.0306510925292969 0.426177978515625 0.425384521484375
-0.00617218017578125 -0.0184249877929687 0.281036376953125 0.258682250976563
0.00578880310058594 -0.0238533020019531 0.11065673828125 0.0415878295898437
0.0115242004394531 -0.0245513916015625 -0.101150512695313 -0.190444946289062
0.0211982727050781 -0.0239944458007813 -0.313568115234375 -0.36322021484375
0.0500335693359375 -0.0170783996582031 -0.56829833984375 -0.36126708984375
0.0429840087890625 -0.00154495239257813 -0.7291259765625 -0.3421630859375
0.00658226013183594 0.0315361022949219 -0.70037841796875 -0.42498779296875
-0.0202159881591797 0.0114479064941406 -0.494964599609375 -0.2935791015625
-0.00492477416992187 -0.0235080718994141 -0.139083862304688 -0.0714111328125
-0.00430822372436523 0.00569295883178711 0.0977935791015625 -0.0538101196289063
-0.0285682678222656 0.0510482788085938 0.45849609375 0.253448486328125
0.011962890625 0.0168933868408203 0.73516845703125 0.23516845703125
0.0160770416259766 0.00508880615234375 0.709228515625 0.26055908203125
0.0033879280090332 -0.00449419021606445 0.509765625 0.401092529296875
-0.00221538543701172 0.00754213333129883 0.4176025390625 0.4417724609375
0.0120964050292969 0.0155258178710937 0.277786254882813 0.259735107421875
0.0198040008544922 0.00460052490234375 0.109756469726563 0.0342254638671875
0.0303096771240234 0.00623893737792969 -0.104293823242188 -0.1922607421875
0.0253982543945312 0.0106849670410156 -0.321258544921875 -0.352508544921875
0.0295219421386719 0.00831413269042969 -0.5765380859375 -0.33868408203125
0.0155620574951172 -0.0106267929077148 -0.73699951171875 -0.3126220703125
0.0126428604125977 -0.00215911865234375 -0.7098388671875 -0.3968505859375
0.0184173583984375 0.00877952575683594 -0.5 -0.283721923828125
0.0119285583496094 0.0158548355102539 -0.138351440429687 -0.074981689453125
-0.0035552978515625 0.0592613220214844 0.0991668701171875 -0.0436935424804688
0.0133056640625 0.0766983032226563 0.457061767578125 0.264434814453125
0.043426513671875 -0.0137901306152344 0.72711181640625 0.2608642578125
-0.000488281249999998 -0.0298728942871094 0.70452880859375 0.294921875
-0.0331668853759766 0.000585556030273431 0.50775146484375 0.419097900390625
-0.0104293823242187 0.0436935424804687 0.41156005859375 0.442535400390625
0.0278396606445312 0.0461502075195313 0.266891479492188 0.25006103515625
0.0332221984863281 0.0303020477294922 0.0986099243164062 0.02020263671875
0.04791259765625 0.0332107543945312 -0.118743896484375 -0.19769287109375
0.0279197692871094 0.0422401428222656 -0.3350830078125 -0.349639892578125
0.00817298889160156 0.0302371978759766 -0.5867919921875 -0.32122802734375
-0.0129890441894531 -0.020538330078125 -0.7403564453125 -0.28338623046875
0.0181236267089844 -0.0378074645996094 -0.7158203125 -0.36688232421875
0.0555267333984375 0.00498580932617188 -0.5008544921875 -0.2723388671875
0.0281906127929687 0.0571174621582031 -0.13348388671875 -0.0671310424804687
0.00110626220703126 0.101890563964844 0.0975265502929688 -0.022491455078125
0.0494384765625 0.0897140502929688 0.4493408203125 0.282196044921875
0.0605430603027344 -0.0462646484375 0.71636962890625 0.2947998046875
-0.0233306884765625 -0.0549392700195313 0.7061767578125 0.33660888671875
-0.0646286010742188 0.00721359252929688 0.513916015625 0.432708740234375
-0.0152053833007812 0.0719833374023438 0.4072265625 0.4334716796875
0.0407905578613281 0.0675315856933594 0.248672485351563 0.232177734375
0.0428428649902344 0.0481452941894531 0.0795516967773438 0.00360107421875
0.0604896545410156 0.0537452697753906 -0.137710571289063 -0.2091064453125
0.0266571044921875 0.0668258666992187 -0.35205078125 -0.35302734375
-0.0151519775390625 0.0463485717773438 -0.59320068359375 -0.31463623046875
-0.0392112731933594 -0.0358123779296875 -0.7386474609375 -0.2574462890625
0.0273513793945313 -0.0694351196289063 -0.7171630859375 -0.33441162109375
0.0892562866210938 0.005279541015625 -0.497100830078125 -0.257598876953125
0.03839111328125 0.0936431884765625 -0.127182006835938 -0.0515670776367188
0.0127792358398437 0.122978210449219 0.094024658203125 0.00754547119140626
0.0740890502929688 0.08245849609375 0.442169189453125 0.3017578125
0.058013916015625 -0.0738296508789063 0.705810546875 0.32879638671875
-0.0479087829589844 -0.0655975341796875 0.7171630859375 0.37518310546875
-0.0849990844726563 0.0180130004882813 0.5272216796875 0.436279296875
-0.0135116577148438 0.0888290405273438 0.404632568359375 0.413238525390625
0.0491943359375 0.0758514404296875 0.226303100585938 0.209487915039063
0.0479698181152344 0.0555229187011719 0.0567817687988281 -0.0152778625488281
0.0656967163085938 0.065216064453125 -0.162384033203125 -0.22515869140625
0.01995849609375 0.0799407958984375 -0.366790771484375 -0.369232177734375
-0.0378799438476563 0.0507965087890625 -0.59234619140625 -0.3179931640625
-0.0605049133300781 -0.0532455444335938 -0.72796630859375 -0.24310302734375
0.0406875610351563 -0.0929489135742188 -0.71453857421875 -0.30743408203125
0.112686157226562 0.0133819580078125 -0.492095947265625 -0.24444580078125
0.0403518676757813 0.122665405273438 -0.12017822265625 -0.0277938842773437
-0.0391464233398438 -0.124122619628906 0.0820693969726563 0.0285873413085937
-0.14813232421875 0.0323486328125 0.464599609375 0.2601318359375
-0.035797119140625 0.110122680664062 0.73175048828125 0.23175048828125
0.0702552795410156 0.054473876953125 0.77557373046875 0.23333740234375
0.0699195861816406 -0.0604972839355469 0.59759521484375 0.326416015625
-0.01556396484375 -0.105178833007813 0.440399169921875 0.34490966796875
-0.0527191162109375 -0.0837249755859375 0.2415771484375 0.210342407226563
-0.0278472900390625 -0.09295654296875 0.0619850158691406 0.0223007202148437
-0.0278854370117187 -0.100135803222656 -0.1502685546875 -0.225982666015625
0.021942138671875 -0.105255126953125 -0.340240478515625 -0.43170166015625
0.0931549072265625 -0.0571136474609375 -0.5521240234375 -0.432281494140625
0.0757064819335938 0.0331954956054688 -0.6864013671875 -0.3814697265625
-0.0456771850585938 0.0821533203125 -0.67840576171875 -0.426513671875
-0.103172302246094 -0.0200653076171875 -0.487548828125 -0.279022216796875
-0.0215072631835938 -0.112571716308594 -0.132713317871094 -0.00572967529296874
-0.0270233154296875 -0.119216918945313 0.0786056518554688 -0.00288391113281251
-0.139266967773438 0.0180130004882812 0.46466064453125 0.2481689453125
-0.0459518432617188 0.101387023925781 0.73291015625 0.2156982421875
0.0645980834960937 0.0648574829101562 0.75494384765625 0.2230224609375
0.075714111328125 -0.0435562133789063 0.57916259765625 0.342041015625
-0.00436401367187501 -0.0925979614257812 0.445892333984375 0.374267578125
-0.041351318359375 -0.0724411010742188 0.265396118164063 0.230194091796875
-0.0199127197265625 -0.0774459838867188 0.0851287841796875 0.034515380859375
-0.0212631225585938 -0.081817626953125 -0.127059936523438 -0.207595825195312
0.0186920166015625 -0.0891265869140625 -0.329345703125 -0.4044189453125
0.085235595703125 -0.0547409057617187 -0.56268310546875 -0.41021728515625
0.0777435302734375 0.0198974609375 -0.70916748046875 -0.3798828125
-0.0237579345703125 0.0798187255859375 -0.68890380859375 -0.44158935546875
-0.0871200561523438 -0.00177764892578125 -0.489654541015625 -0.291839599609375
-0.024017333984375 -0.0943984985351563 -0.133346557617188 -0.0352706909179688
-0.0136489868164062 -0.0942764282226563 0.0822219848632813 -0.0305938720703125
-0.1107177734375 0.0139923095703125 0.4656982421875 0.241851806640625
-0.0423355102539063 0.0780563354492187 0.7379150390625 0.20587158203125
0.0492134094238281 0.0596427917480469 0.738037109375 0.22100830078125
0.0640182495117188 -0.0250015258789063 0.554168701171875 0.36029052734375
0.00348663330078125 -0.0666351318359375 0.443023681640625 0.40130615234375
-0.0241622924804688 -0.0497322082519531 0.280624389648438 0.246307373046875
-0.00885772705078125 -0.0531997680664063 0.103164672851563 0.0419692993164063
-0.0069732666015625 -0.0553474426269531 -0.111190795898438 -0.196273803710938
0.0178794860839844 -0.0596237182617187 -0.320892333984375 -0.38055419921875
0.0686073303222656 -0.0408172607421875 -0.57025146484375 -0.38385009765625
0.06640625 0.00716018676757812 -0.7259521484375 -0.36431884765625
-0.00518035888671875 0.0611648559570313 -0.69921875 -0.4410400390625
-0.0571823120117188 0.00935745239257813 -0.495513916015625 -0.29669189453125
-0.0179595947265625 -0.0628204345703125 -0.138267517089844 -0.0573654174804688
-0.00623703002929688 -0.049591064453125 0.090301513671875 -0.0488052368164063
-0.0710296630859375 0.0266647338867187 0.4666748046875 0.244720458984375
-0.021484375 0.04736328125 0.74224853515625 0.21221923828125
0.0331230163574219 0.0371780395507813 0.723388671875 0.232421875
0.0376091003417969 -0.0117301940917969 0.532806396484375 0.380859375
0.00361061096191407 -0.0306892395019531 0.4346923828125 0.425689697265625
-0.00563430786132813 -0.0181827545166016 0.28594970703125 0.257904052734375
0.00537490844726563 -0.0248889923095703 0.112190246582031 0.0406723022460938
0.0110111236572266 -0.0255031585693359 -0.103912353515625 -0.19134521484375
0.0213603973388672 -0.0240802764892578 -0.319061279296875 -0.362579345703125
0.0501899719238281 -0.0175132751464844 -0.57537841796875 -0.35833740234375
0.04388427734375 -0.00270843505859375 -0.7373046875 -0.3377685546875
0.00627517700195313 0.0318355560302734 -0.71002197265625 -0.422607421875
-0.0209007263183594 0.0124359130859375 -0.504150390625 -0.292266845703125
-0.00488471984863281 -0.0241851806640625 -0.141494750976563 -0.0711517333984375
-0.00422096252441406 0.00606870651245117 0.0978851318359375 -0.0536422729492187
-0.0286407470703125 0.0536956787109375 0.46624755859375 0.2542724609375
0.0117340087890625 0.0173301696777344 0.74383544921875 0.23162841796875
0.0174598693847656 0.00406742095947266 0.71588134765625 0.25579833984375
0.00306534767150879 -0.0042877197265625 0.51678466796875 0.400482177734375
-0.00240230560302734 0.00782680511474609 0.42535400390625 0.44091796875
0.0128707885742188 0.015620231628418 0.282440185546875 0.259521484375
0.0200710296630859 0.00448036193847656 0.1109619140625 0.03271484375
0.0308361053466797 0.00559425354003906 -0.106597900390625 -0.193130493164062
0.0257701873779297 0.009857177734375 -0.32574462890625 -0.3531494140625
0.0309696197509766 0.00752639770507813 -0.58404541015625 -0.33526611328125
0.0156707763671875 -0.0110769271850586 -0.745849609375 -0.30810546875
0.012354850769043 -0.00245189666748047 -0.71954345703125 -0.393798828125
0.0178489685058594 0.00864982604980469 -0.507232666015625 -0.282073974609375
0.0124378204345703 0.0165290832519531 -0.140457153320313 -0.0750045776367188
-0.00299453735351563 0.0601234436035156 0.0998687744140625 -0.0452804565429687
0.0142364501953125 0.0784683227539063 0.463470458984375 0.264404296875
0.0430450439453125 -0.0145187377929688 0.73687744140625 0.256103515625
-0.00161933898925781 -0.0298309326171875 0.71173095703125 0.28985595703125
-0.0346794128417969 0.000513076782226557 0.51556396484375 0.418914794921875
-0.00967025756835937 0.0445213317871094 0.4208984375 0.444061279296875
0.0297584533691406 0.0465316772460938 0.271438598632813 0.249252319335937
0.0341053009033203 0.0304050445556641 0.0991668701171875 0.0202560424804688
0.0490074157714844 0.0325698852539063 -0.1197509765625 -0.198440551757813
0.0289306640625 0.0425529479980469 -0.340179443359375 -0.350616455078125
0.00896072387695313 0.0307731628417969 -0.59478759765625 -0.31988525390625
-0.0132961273193359 -0.0214557647705078 -0.7518310546875 -0.278076171875
0.0182151794433594 -0.0376358032226562 -0.72393798828125 -0.36260986328125
0.0564498901367187 0.00380325317382812 -0.5079345703125 -0.271881103515625
0.0287857055664062 0.0574188232421875 -0.135673522949219 -0.0677871704101563
0.00214385986328126 0.102684020996094 0.0967254638671875 -0.0223159790039062
0.0511245727539063 0.0902328491210938 0.455596923828125 0.280792236328125
0.0609245300292969 -0.0467758178710938 0.72454833984375 0.28955078125
-0.0242347717285156 -0.0555992126464844 0.714111328125 0.333251953125
-0.0666427612304688 0.00893402099609375 0.52252197265625 0.431427001953125
-0.0144119262695312 0.0734786987304688 0.41607666015625 0.43359375
0.0433387756347656 0.0678329467773438 0.253326416015625 0.232131958007813
0.0436592102050781 0.0478248596191406 0.0802841186523438 0.001983642578125
0.0624237060546875 0.0531120300292969 -0.141357421875 -0.20965576171875
0.0286445617675781 0.0671577453613281 -0.3570556640625 -0.35479736328125
-0.0140151977539062 0.04656982421875 -0.6011962890625 -0.31146240234375
-0.0396194458007812 -0.0351829528808594 -0.74951171875 -0.25347900390625
0.0263175964355469 -0.0698738098144531 -0.7266845703125 -0.33148193359375
0.0896148681640625 0.0040130615234375 -0.5040283203125 -0.256988525390625
0.0401840209960938 0.0944900512695313 -0.1280517578125 -0.0519790649414062
0.0142745971679687 0.124687194824219 0.0946044921875 0.00755310058593751
0.0759735107421875 0.0836181640625 0.44854736328125 0.301055908203125
0.0574264526367188 -0.0760574340820313 0.71527099609375 0.32476806640625
-0.0501213073730469 -0.0658721923828125 0.72564697265625 0.37066650390625
-0.0865631103515625 0.0193710327148437 0.5345458984375 0.4354248046875
-0.0125198364257813 0.0897979736328125 0.4119873046875 0.414306640625
0.0506591796875 0.0766067504882813 0.229736328125 0.209091186523437
0.0490646362304687 0.0554656982421875 0.0571632385253906 -0.016632080078125
0.0675582885742188 0.0645523071289063 -0.164627075195313 -0.225830078125
0.0213699340820313 0.08087158203125 -0.37359619140625 -0.369110107421875
-0.03729248046875 0.0521316528320313 -0.599853515625 -0.31439208984375
-0.0607833862304688 -0.0536613464355469 -0.7353515625 -0.238525390625
0.0396728515625 -0.094268798828125 -0.72222900390625 -0.304443359375
0.11444091796875 0.0128555297851562 -0.497528076171875 -0.243377685546875
0.0423507690429687 0.124343872070312 -0.120712280273438 -0.0282135009765625
-0.04144287109375 -0.125213623046875 0.0838623046875 0.0291824340820312
-0.149566650390625 0.0354766845703125 0.47271728515625 0.25701904296875
-0.0343780517578125 0.111854553222656 0.7412109375 0.2249755859375
0.0712814331054688 0.0545501708984375 0.7835693359375 0.22613525390625
0.0694999694824219 -0.0627326965332031 0.6051025390625 0.32037353515625
-0.0175857543945313 -0.106391906738281 0.447784423828125 0.343963623046875
-0.0547637939453125 -0.0842437744140625 0.245712280273438 0.20947265625
-0.0289840698242188 -0.0933837890625 0.0619392395019531 0.0218544006347656
-0.029541015625 -0.100486755371094 -0.15350341796875 -0.225570678710938
0.021514892578125 -0.106498718261719 -0.34722900390625 -0.432159423828125
0.0942611694335938 -0.0585479736328125 -0.560760498046875 -0.430267333984375
0.0785446166992187 0.032073974609375 -0.6968994140625 -0.37908935546875
-0.0458145141601562 0.0831985473632813 -0.68695068359375 -0.421875
-0.104209899902344 -0.0190963745117188 -0.494232177734375 -0.27532958984375
-0.0227737426757812 -0.113441467285156 -0.133750915527344 -0.0051422119140625
-0.0293121337890625 -0.120269775390625 0.0786361694335938 -0.00318145751953126
-0.140625 0.0208740234375 0.47271728515625 0.2451171875
-0.0453262329101562 0.103607177734375 0.740966796875 0.20794677734375
0.0658302307128906 0.0647392272949219 0.763671875 0.2178955078125
0.0748138427734375 -0.0454177856445312 0.58599853515625 0.33843994140625
-0.00502014160156249 -0.0938568115234375 0.45233154296875 0.3721923828125
-0.0428314208984375 -0.0725555419921875 0.26959228515625 0.228775024414062
-0.02252197265625 -0.0780868530273437 0.08599853515625 0.0347137451171875
-0.0227890014648438 -0.083038330078125 -0.130538940429688 -0.207382202148437
0.0177993774414063 -0.0895919799804688 -0.3349609375 -0.40362548828125
0.0852432250976563 -0.0567092895507812 -0.5709228515625 -0.40802001953125
0.0801010131835938 0.019989013671875 -0.7178955078125 -0.37640380859375
-0.0236053466796875 0.0808944702148438 -0.69781494140625 -0.43890380859375
-0.0884857177734375 -0.00017547607421874 -0.49725341796875 -0.288970947265625
-0.0250701904296875 -0.0948333740234375 -0.135215759277344 -0.034576416015625
-0.0157318115234375 -0.0937881469726563 0.0818939208984375 -0.0315017700195313
-0.111648559570313 0.0162582397460937 0.472015380859375 0.2406005859375
-0.0419769287109375 0.0796890258789063 0.745849609375 0.19805908203125
0.0498695373535156 0.0593299865722656 0.7451171875 0.21478271484375
0.0638923645019531 -0.0265464782714844 0.561676025390625 0.357330322265625
0.00260543823242188 -0.0673980712890625 0.451263427734375 0.40008544921875
-0.0257377624511719 -0.04901123046875 0.285797119140625 0.24560546875
-0.00990295410156249 -0.0538597106933594 0.104347229003906 0.0407333374023438
-0.00821685791015625 -0.0564498901367188 -0.113723754882813 -0.196319580078125
0.017578125 -0.060028076171875 -0.32720947265625 -0.380645751953125
0.0698776245117188 -0.0420379638671875 -0.57781982421875 -0.3807373046875
0.0668220520019531 0.00650787353515625 -0.73681640625 -0.35919189453125
-0.00421524047851563 0.0620651245117188 -0.70904541015625 -0.43902587890625
-0.0577011108398438 0.0105628967285156 -0.50238037109375 -0.293853759765625
-0.0195121765136719 -0.0629119873046875 -0.139739990234375 -0.0577239990234375
-0.00699234008789062 -0.050079345703125 0.0897674560546875 -0.0496902465820313
-0.0716094970703125 0.029205322265625 0.474151611328125 0.2435302734375
-0.0210533142089844 0.0486640930175781 0.75140380859375 0.20477294921875
0.0329399108886719 0.0368423461914063 0.730712890625 0.225341796875
0.0382499694824219 -0.0124664306640625 0.540496826171875 0.3785400390625
0.00337028503417969 -0.0313835144042969 0.441436767578125 0.42413330078125
-0.00643157958984375 -0.018463134765625 0.29058837890625 0.2572021484375
0.00473403930664063 -0.0255603790283203 0.113113403320313 0.04034423828125
0.0110435485839844 -0.0255279541015625 -0.1058349609375 -0.191818237304688
0.0217838287353516 -0.0258827209472656 -0.32464599609375 -0.36334228515625
0.051239013671875 -0.0186958312988281 -0.58306884765625 -0.35430908203125
0.0441246032714844 -0.00299453735351563 -0.74652099609375 -0.33172607421875
0.00692176818847656 0.0327968597412109 -0.720458984375 -0.4190673828125
-0.0206069946289062 0.01300048828125 -0.510711669921875 -0.2884521484375
-0.00561904907226562 -0.0242729187011719 -0.143157958984375 -0.0710906982421875
-0.0043797492980957 0.00583457946777344 0.0970077514648438 -0.0553436279296875
-0.0271492004394531 0.0542106628417969 0.473297119140625 0.250823974609375
0.0117340087890625 0.0177402496337891 0.75238037109375 0.22320556640625
0.0168647766113281 0.00360774993896484 0.7208251953125 0.24969482421875
0.00245332717895508 -0.0047450065612793 0.5235595703125 0.399017333984375
-0.00228023529052734 0.00767993927001953 0.432830810546875 0.440521240234375
0.0129909515380859 0.0157623291015625 0.285858154296875 0.258270263671875
0.0200939178466797 0.00392532348632813 0.112159729003906 0.0322113037109375
0.0314903259277344 0.00480270385742188 -0.109634399414062 -0.193618774414063
0.0268077850341797 0.0104751586914063 -0.330230712890625 -0.353851318359375
0.0311107635498047 0.00705146789550781 -0.59136962890625 -0.33197021484375
0.0159082412719727 -0.0115566253662109 -0.7554931640625 -0.30242919921875
0.0123920440673828 -0.00167083740234375 -0.72918701171875 -0.3896484375
0.0187263488769531 0.00841712951660156 -0.5133056640625 -0.279449462890625
0.0123023986816406 0.0165185928344727 -0.142364501953125 -0.0748291015625
-0.00215530395507813 0.0614776611328125 0.099151611328125 -0.0451736450195312
0.015838623046875 0.0803985595703125 0.470062255859375 0.26220703125
0.0428543090820313 -0.0147781372070313 0.74481201171875 0.24761962890625
-0.00215339660644532 -0.0303707122802734 0.71728515625 0.2840576171875
-0.0358200073242187 0.00128555297851562 0.521636962890625 0.41644287109375
-0.00974655151367188 0.0450248718261719 0.427886962890625 0.441802978515625
0.0311050415039062 0.0467033386230469 0.275787353515625 0.24884033203125
0.0343723297119141 0.0298538208007813 0.100372314453125 0.0188446044921875
0.0496559143066406 0.0321769714355469 -0.122726440429688 -0.199905395507813
0.0310821533203125 0.04241943359375 -0.345703125 -0.35052490234375
0.010009765625 0.0310707092285156 -0.6021728515625 -0.31707763671875
-0.0134105682373047 -0.0209407806396484 -0.75885009765625 -0.272216796875
0.0175971984863281 -0.0376167297363281 -0.734130859375 -0.358154296875
0.0571327209472656 0.00362396240234375 -0.5142822265625 -0.267608642578125
0.0291175842285156 0.0580825805664063 -0.137954711914063 -0.06817626953125
0.00327301025390625 0.10382080078125 0.0967025756835938 -0.0225372314453125
0.0539779663085938 0.092010498046875 0.462921142578125 0.278656005859375
0.0609283447265625 -0.0483818054199219 0.73309326171875 0.28070068359375
-0.0259857177734375 -0.055694580078125 0.721435546875 0.32733154296875
-0.0677604675292969 0.00968551635742188 0.529144287109375 0.429962158203125
-0.013458251953125 0.0741195678710938 0.42474365234375 0.43280029296875
0.0448379516601563 0.0679550170898438 0.25738525390625 0.230331420898438
0.0455589294433594 0.0478019714355469 0.081207275390625 0.0014190673828125
0.0632858276367188 0.0527801513671875 -0.143508911132813 -0.210891723632813
0.0296478271484375 0.0671501159667969 -0.36346435546875 -0.353912353515625
-0.0137481689453125 0.0473823547363281 -0.60821533203125 -0.3089599609375
-0.0417938232421875 -0.0348091125488281 -0.7552490234375 -0.24725341796875
0.0255813598632812 -0.0707550048828125 -0.73541259765625 -0.32708740234375
0.0913619995117188 0.00408172607421875 -0.51214599609375 -0.253875732421875
0.0412063598632813 0.0950088500976563 -0.12884521484375 -0.0516815185546875
0.0160064697265625 0.126052856445313 0.0949630737304688 0.00831604003906251
0.07818603515625 0.084136962890625 0.456298828125 0.2984619140625
0.0574417114257813 -0.0773239135742188 0.7232666015625 0.31878662109375
-0.0517234802246094 -0.0663070678710938 0.73370361328125 0.364501953125
-0.0874099731445312 0.0210189819335937 0.541717529296875 0.433319091796875
-0.0114593505859375 0.0906219482421875 0.419586181640625 0.41058349609375
0.0537490844726563 0.076873779296875 0.233963012695313 0.207763671875
0.05047607421875 0.0556678771972656 0.0580825805664063 -0.0171890258789062
0.0697860717773438 0.0641593933105469 -0.167770385742187 -0.225631713867188
0.0232925415039063 0.083038330078125 -0.379730224609375 -0.36761474609375
-0.0371131896972656 0.0534095764160156 -0.60760498046875 -0.31182861328125
-0.0623626708984375 -0.05255126953125 -0.74420166015625 -0.23284912109375
0.0384521484375 -0.0951690673828125 -0.7320556640625 -0.29998779296875
0.116241455078125 0.0110397338867188 -0.50579833984375 -0.240997314453125
0.0437774658203125 0.125442504882813 -0.122138977050781 -0.0267562866210937
-0.0433197021484375 -0.125633239746094 0.0840225219726562 0.0299224853515625
-0.149505615234375 0.0389404296875 0.478668212890625 0.254119873046875
-0.03363037109375 0.113639831542969 0.7486572265625 0.216796875
0.0729598999023437 0.0536422729492187 0.789794921875 0.2169189453125
0.0684585571289063 -0.0649032592773438 0.61083984375 0.3170166015625
-0.0190887451171875 -0.10687255859375 0.454254150390625 0.342010498046875
-0.0566177368164063 -0.083251953125 0.24932861328125 0.208084106445312
-0.0306243896484375 -0.0937347412109375 0.0629158020019531 0.0216827392578125
-0.0322799682617188 -0.1011962890625 -0.157440185546875 -0.224517822265625
0.0202713012695313 -0.107879638671875 -0.355072021484375 -0.430511474609375
0.0938186645507812 -0.0612716674804687 -0.56939697265625 -0.42730712890625
0.0796737670898438 0.0312423706054688 -0.7041015625 -0.372802734375
-0.0454177856445313 0.0855178833007812 -0.69659423828125 -0.41754150390625
-0.105461120605469 -0.0165939331054687 -0.5020751953125 -0.272369384765625
-0.0251235961914062 -0.114501953125 -0.134841918945313 -0.00411224365234377
-0.0313491821289063 -0.121444702148438 0.0791854858398438 -0.00218200683593751
-0.140213012695313 0.0234451293945312 0.478118896484375 0.24267578125
-0.0441131591796875 0.105781555175781 0.7496337890625 0.19793701171875
0.0672645568847656 0.0647544860839844 0.7691650390625 0.20855712890625
0.0746231079101563 -0.046875 0.5919189453125 0.3333740234375
-0.00743865966796876 -0.0945358276367188 0.4615478515625 0.36944580078125
-0.044036865234375 -0.0722808837890625 0.274078369140625 0.22784423828125
-0.024017333984375 -0.0783309936523438 0.087646484375 0.0335693359375
-0.023895263671875 -0.0838394165039063 -0.13360595703125 -0.20745849609375
0.0168838500976563 -0.0910186767578125 -0.34197998046875 -0.404022216796875
0.08599853515625 -0.058685302734375 -0.5789794921875 -0.40325927734375
0.0808944702148438 0.0189056396484375 -0.72607421875 -0.37054443359375
-0.022552490234375 0.0825729370117188 -0.70672607421875 -0.434326171875
-0.0890579223632813 0.000183105468750008 -0.5047607421875 -0.285491943359375
-0.0274200439453125 -0.0957565307617188 -0.136787414550781 -0.0339584350585937
-0.0168991088867187 -0.09527587890625 0.082275390625 -0.0308074951171875
-0.112541198730469 0.0188674926757813 0.47943115234375 0.238006591796875
-0.04132080078125 0.0818405151367188 0.7523193359375 0.189697265625
0.0516929626464844 0.0593414306640625 0.75018310546875 0.205322265625
0.0640487670898438 -0.0278167724609375 0.56988525390625 0.35284423828125
0.00148773193359374 -0.0683479309082031 0.458465576171875 0.3974609375
-0.0265846252441406 -0.048858642578125 0.29058837890625 0.244171142578125
-0.0117340087890625 -0.0541877746582031 0.106163024902344 0.0396347045898438
-0.00941848754882813 -0.0571632385253906 -0.116439819335937 -0.197738647460938
0.0169525146484375 -0.0610237121582031 -0.334014892578125 -0.379180908203125
0.0693511962890625 -0.0437545776367188 -0.5848388671875 -0.37652587890625
0.068023681640625 0.00542831420898438 -0.74554443359375 -0.3515625
-0.00487899780273438 0.0632705688476562 -0.71954345703125 -0.43133544921875
-0.0582504272460938 0.0115890502929688 -0.50958251953125 -0.291290283203125
-0.020416259765625 -0.0641822814941406 -0.141220092773438 -0.0568389892578125
-0.00769805908203125 -0.0504226684570313 0.0893478393554688 -0.0501022338867188
-0.071441650390625 0.0304946899414063 0.479583740234375 0.23931884765625
-0.0201835632324219 0.05078125 0.75811767578125 0.19561767578125
0.0341110229492188 0.0371665954589844 0.7371826171875 0.21734619140625
0.03765869140625 -0.0130958557128906 0.547119140625 0.37310791015625
0.00358200073242187 -0.0322151184082031 0.451019287109375 0.4228515625
-0.00687980651855469 -0.01873779296875 0.29571533203125 0.255615234375
0.00414848327636719 -0.0254344940185547 0.114295959472656 0.0381317138671875
0.0101413726806641 -0.0270633697509766 -0.108535766601562 -0.192611694335938
0.0212860107421875 -0.0255947113037109 -0.3306884765625 -0.361328125
0.0504608154296875 -0.020416259765625 -0.59185791015625 -0.35040283203125
0.04461669921875 -0.00350189208984375 -0.75604248046875 -0.32672119140625
0.00642013549804687 0.0338478088378906 -0.73175048828125 -0.41290283203125
-0.0210304260253906 0.0129737854003906 -0.517486572265625 -0.28631591796875
-0.00641822814941406 -0.0246658325195312 -0.145843505859375 -0.070587158203125
-0.00397777557373047 0.00579977035522461 0.0967788696289063 -0.055084228515625
-0.0264663696289063 0.0563163757324219 0.4786376953125 0.246124267578125
0.0119924545288086 0.0174322128295898 0.76068115234375 0.2135009765625
0.0166425704956055 0.00452232360839844 0.72711181640625 0.240478515625
0.00165128707885742 -0.00485420227050781 0.530975341796875 0.396026611328125
-0.00212669372558594 0.00791406631469727 0.440521240234375 0.438568115234375
0.0138149261474609 0.0169162750244141 0.291595458984375 0.257232666015625
0.0202064514160156 0.00449943542480469 0.113304138183594 0.0307235717773438
0.0314064025878906 0.00419425964355469 -0.112579345703125 -0.193618774414063
0.0275135040283203 0.00991439819335938 -0.33734130859375 -0.352294921875
0.0319538116455078 0.00692176818847656 -0.60009765625 -0.32781982421875
0.0156440734863281 -0.0115394592285156 -0.765869140625 -0.296630859375
0.0121002197265625 -0.00176620483398438 -0.7388916015625 -0.38397216796875
0.0195236206054688 0.009124755859375 -0.52069091796875 -0.275360107421875
0.012598991394043 0.0159187316894531 -0.144622802734375 -0.0733642578125
-0.00228500366210937 0.062103271484375 0.0991668701171875 -0.0459365844726562
0.0173873901367187 0.080780029296875 0.476043701171875 0.25921630859375
0.0442276000976563 -0.0149459838867188 0.75335693359375 0.23931884765625
-0.00299072265625 -0.0303802490234375 0.72515869140625 0.275634765625
-0.0365333557128906 0.00156402587890624 0.528961181640625 0.413330078125
-0.00933837890625 0.0456771850585938 0.43609619140625 0.44097900390625
0.0316581726074219 0.0470733642578125 0.281021118164063 0.247604370117188
0.03472900390625 0.0297622680664063 0.101799011230469 0.0168685913085938
0.050689697265625 0.0311088562011719 -0.125381469726563 -0.199905395507812
0.0311012268066406 0.0417327880859375 -0.35247802734375 -0.34759521484375
0.0103282928466797 0.0308990478515625 -0.60968017578125 -0.311767578125
-0.0147247314453125 -0.0205440521240234 -0.7685546875 -0.265869140625
0.0158767700195313 -0.0371742248535156 -0.741455078125 -0.3524169921875
0.0570793151855469 0.00344467163085938 -0.520843505859375 -0.26373291015625
0.0300102233886719 0.0582427978515625 -0.139381408691406 -0.067596435546875
0.00500488281250001 0.104759216308594 0.0967178344726563 -0.023284912109375
0.05596923828125 0.0926513671875 0.4716796875 0.27630615234375
0.0607070922851563 -0.0493011474609375 0.74176025390625 0.27154541015625
-0.0273551940917969 -0.0564460754394531 0.73004150390625 0.32147216796875
-0.0690765380859375 0.0116500854492187 0.53594970703125 0.426422119140625
-0.011688232421875 0.0752639770507813 0.4324951171875 0.43017578125
0.0468368530273438 0.0686264038085938 0.261444091796875 0.228775024414063
0.046356201171875 0.0485038757324219 0.0822219848632813 -3.8146972656247E-05
0.0648612976074219 0.05194091796875 -0.146438598632812 -0.211090087890625
0.0314216613769531 0.0677871704101563 -0.369049072265625 -0.35247802734375
-0.0125007629394531 0.0478439331054688 -0.61663818359375 -0.30389404296875
-0.0429229736328125 -0.0338706970214844 -0.764404296875 -0.2412109375
0.0239791870117187 -0.071044921875 -0.74346923828125 -0.3206787109375
0.0921096801757813 0.00274658203125 -0.51837158203125 -0.250030517578125
0.0427932739257813 0.0957107543945313 -0.131294250488281 -0.0510101318359375
0.0175094604492188 0.1268310546875 0.0959320068359375 0.00869750976562501
0.0806655883789063 0.084381103515625 0.463134765625 0.295562744140625
0.0563507080078125 -0.0776748657226563 0.731201171875 0.31005859375
-0.0533523559570313 -0.0653877258300781 0.74139404296875 0.35784912109375
-0.0888900756835938 0.0235595703125 0.550567626953125 0.4293212890625
-0.00934600830078125 0.0924072265625 0.42669677734375 0.4100341796875
0.0555343627929688 0.0769500732421875 0.2379150390625 0.20703125
0.0525398254394531 0.056060791015625 0.0574798583984375 -0.018524169921875
0.0712203979492188 0.0631103515625 -0.171127319335938 -0.22650146484375
0.0248947143554688 0.0826187133789063 -0.386627197265625 -0.366485595703125
-0.0360336303710937 0.0541534423828125 -0.6162109375 -0.307373046875
-0.0641365051269531 -0.0525703430175781 -0.75335693359375 -0.22369384765625
0.0373611450195312 -0.0966873168945313 -0.7386474609375 -0.29290771484375
0.118194580078125 0.0105743408203125 -0.511688232421875 -0.236114501953125
0.0462417602539062 0.12548828125 -0.123077392578125 -0.0265274047851563
-0.0462417602539062 -0.126419067382813 0.0849380493164063 0.0302810668945312
-0.149703979492188 0.0422515869140625 0.4853515625 0.2491455078125
-0.0326766967773437 0.115470886230469 0.754638671875 0.20703125
0.0740585327148438 0.0527114868164063 0.79644775390625 0.20721435546875
0.0671157836914062 -0.0665626525878906 0.6197509765625 0.3111572265625
-0.020843505859375 -0.107696533203125 0.46197509765625 0.33697509765625
-0.05731201171875 -0.0833282470703125 0.252334594726563 0.205886840820313
-0.0333938598632813 -0.0941543579101563 0.0634231567382813 0.0203971862792969
-0.0338821411132812 -0.102180480957031 -0.161773681640625 -0.22442626953125
0.0185394287109375 -0.109382629394531 -0.363067626953125 -0.429107666015625
0.0941925048828125 -0.0642929077148438 -0.578857421875 -0.42156982421875
0.0805816650390625 0.0304946899414063 -0.71453857421875 -0.36578369140625
-0.0442733764648437 0.0869369506835938 -0.70703125 -0.4110107421875
-0.106414794921875 -0.0156936645507813 -0.5069580078125 -0.267791748046875
-0.0268630981445313 -0.115203857421875 -0.136009216308594 -0.00279998779296876
-0.0333938598632813 -0.121383666992187 0.079132080078125 -0.00202178955078126
-0.141510009765625 0.0274505615234375 0.484954833984375 0.238037109375
-0.0428543090820312 0.107933044433594 0.7547607421875 0.18719482421875
0.0687026977539063 0.063873291015625 0.77490234375 0.19757080078125
0.0739288330078125 -0.048187255859375 0.60015869140625 0.32794189453125
-0.0092315673828125 -0.0950469970703125 0.46795654296875 0.365478515625
-0.045867919921875 -0.07147216796875 0.278778076171875 0.225265502929688
-0.0255203247070313 -0.07916259765625 0.0890655517578125 0.0328216552734375
-0.0262222290039063 -0.084564208984375 -0.13739013671875 -0.20654296875
0.0158309936523437 -0.0918960571289063 -0.34814453125 -0.40167236328125
0.0854263305664063 -0.060882568359375 -0.5859375 -0.3994140625
0.0821380615234375 0.0173797607421875 -0.737060546875 -0.36346435546875
-0.0217361450195313 0.084136962890625 -0.7171630859375 -0.42852783203125
-0.0903244018554687 0.002197265625 -0.51043701171875 -0.281494140625
-0.0295791625976563 -0.0966720581054688 -0.137031555175781 -0.03271484375
-0.0186309814453125 -0.0965423583984375 0.0819320678710938 -0.0311813354492188
-0.112716674804688 0.0211410522460938 0.4857177734375 0.232513427734375
-0.040557861328125 0.083251953125 0.75933837890625 0.17803955078125
0.0532455444335938 0.0585784912109375 0.756103515625 0.19622802734375
0.0633583068847656 -0.0291252136230469 0.5751953125 0.347900390625
0.000534057617187501 -0.0678863525390625 0.46600341796875 0.394744873046875
-0.0280952453613281 -0.0484428405761719 0.294464111328125 0.241546630859375
-0.0129661560058594 -0.054962158203125 0.106491088867188 0.0376815795898438
-0.0109519958496094 -0.0583343505859375 -0.119949340820313 -0.196304321289063
0.0170097351074219 -0.0619087219238281 -0.340179443359375 -0.376708984375
0.0698394775390625 -0.0449714660644531 -0.5924072265625 -0.3701171875
0.0683746337890625 0.00465011596679688 -0.75439453125 -0.3453369140625
-0.0031890869140625 0.0648078918457031 -0.7315673828125 -0.42523193359375
-0.0589027404785156 0.0125999450683594 -0.516937255859375 -0.28741455078125
-0.0224571228027344 -0.0643043518066406 -0.142288208007813 -0.056060791015625
-0.00902938842773438 -0.050872802734375 0.0890579223632813 -0.050140380859375
-0.0709228515625 0.0330657958984375 0.486236572265625 0.235076904296875
-0.0198135375976562 0.0516204833984375 0.7646484375 0.182861328125
0.0341682434082031 0.0361213684082031 0.7427978515625 0.20697021484375
0.0372657775878906 -0.0140419006347656 0.554656982421875 0.368072509765625
0.00244903564453125 -0.0324211120605469 0.458282470703125 0.420867919921875
-0.00636672973632813 -0.0180530548095703 0.300872802734375 0.252716064453125
0.00329208374023437 -0.0254955291748047 0.116477966308594 0.0372467041015625
0.010162353515625 -0.0279293060302734 -0.111175537109375 -0.192092895507813
0.0211753845214844 -0.0267715454101563 -0.337371826171875 -0.35943603515625
0.0516166687011719 -0.0208206176757812 -0.5980224609375 -0.34515380859375
0.0450592041015625 -0.0040130615234375 -0.76593017578125 -0.317138671875
0.00641632080078125 0.0341815948486328 -0.74029541015625 -0.4068603515625
-0.0212249755859375 0.0138206481933594 -0.522857666015625 -0.28094482421875
-0.00702857971191406 -0.0247020721435547 -0.145782470703125 -0.0691680908203125
-0.00454187393188476 0.00634527206420898 0.0968017578125 -0.0558929443359375
-0.0254898071289063 0.0575981140136719 0.486907958984375 0.24224853515625
0.0121479034423828 0.0186271667480469 0.76727294921875 0.20220947265625
0.0164957046508789 0.0045013427734375 0.73248291015625 0.23162841796875
0.00141668319702148 -0.00467586517333984 0.537933349609375 0.389892578125
-0.00154685974121094 0.00884532928466797 0.450042724609375 0.43572998046875
0.0141315460205078 0.0169925689697266 0.29632568359375 0.254486083984375
0.0209159851074219 0.00384140014648437 0.114288330078125 0.0297622680664062
0.0313816070556641 0.00337409973144531 -0.11468505859375 -0.192977905273438
0.0282325744628906 0.00965309143066406 -0.343475341796875 -0.349700927734375
0.0327625274658203 0.00659561157226563 -0.6064453125 -0.3218994140625
0.015162467956543 -0.0117788314819336 -0.77337646484375 -0.2864990234375
0.0117197036743164 -0.00132274627685547 -0.74713134765625 -0.37823486328125
0.0190315246582031 0.00819969177246094 -0.527069091796875 -0.270782470703125
0.0123558044433594 0.0168018341064453 -0.146286010742188 -0.073028564453125
-0.00159835815429687 0.0626869201660156 0.0981826782226562 -0.0467681884765625
0.0189285278320313 0.0819778442382812 0.48260498046875 0.254913330078125
0.0438041687011719 -0.0158119201660156 0.75872802734375 0.22857666015625
-0.00334358215332031 -0.0303974151611328 0.7313232421875 0.267333984375
-0.0370674133300781 0.00268936157226563 0.535491943359375 0.409454345703125
-0.00758743286132812 0.0464935302734375 0.44537353515625 0.437469482421875
0.0330085754394531 0.0468711853027344 0.28631591796875 0.244293212890625
0.0360069274902344 0.0291671752929688 0.102653503417969 0.0153656005859375
0.0512962341308594 0.0300483703613281 -0.12896728515625 -0.199356079101563
0.0330886840820313 0.0420417785644531 -0.35791015625 -0.345947265625
0.0116539001464844 0.0310020446777344 -0.6165771484375 -0.3060302734375
-0.01483154296875 -0.0203666687011719 -0.77593994140625 -0.2572021484375
0.0153732299804688 -0.0383377075195313 -0.75177001953125 -0.344970703125
0.0583419799804688 0.00246810913085938 -0.527587890625 -0.259063720703125
0.0312690734863281 0.0586090087890625 -0.140701293945313 -0.066497802734375
0.006256103515625 0.105987548828125 0.0977401733398438 -0.022796630859375
0.0585708618164063 0.0933151245117188 0.47674560546875 0.27178955078125
0.0596199035644531 -0.0506401062011719 0.748779296875 0.26263427734375
-0.0294189453125 -0.0555686950683594 0.73431396484375 0.31085205078125
-0.0700607299804688 0.0129470825195313 0.54351806640625 0.42047119140625
-0.0106124877929688 0.0758743286132813 0.44012451171875 0.426727294921875
0.0489158630371094 0.0686149597167969 0.266326904296875 0.226531982421875
0.047027587890625 0.0469093322753906 0.0824203491210937 -0.00101470947265625
0.0654983520507812 0.0509490966796875 -0.148880004882813 -0.209396362304688
0.0335273742675781 0.0677833557128906 -0.375 -0.3505859375
-0.0116844177246094 0.0487136840820312 -0.62298583984375 -0.2979736328125
-0.0439605712890625 -0.033477783203125 -0.7711181640625 -0.23126220703125
0.0231781005859375 -0.0720367431640625 -0.7510986328125 -0.31195068359375
0.093292236328125 0.0016937255859375 -0.52398681640625 -0.245941162109375
0.0445175170898438 0.0965805053710937 -0.132652282714844 -0.0499801635742188
0.0195693969726563 0.127944946289063 0.0960311889648438 0.00814056396484376
0.0834503173828125 0.08447265625 0.4696044921875 0.290313720703125
0.054962158203125 -0.0802841186523438 0.73834228515625 0.2987060546875
-0.05548095703125 -0.0653953552246094 0.75079345703125 0.3494873046875
-0.0893325805664063 0.0251846313476563 0.557708740234375 0.422088623046875
-0.00784301757812501 0.0926742553710937 0.433837890625 0.4056396484375
0.05810546875 0.0761260986328125 0.240997314453125 0.204544067382813
0.0538825988769531 0.0548934936523437 0.0575180053710937 -0.0197181701660156
0.07220458984375 0.0629806518554688 -0.174942016601563 -0.225021362304688
0.027252197265625 0.0827407836914063 -0.393707275390625 -0.364288330078125
-0.0358200073242187 0.0548744201660156 -0.62322998046875 -0.30108642578125
-0.065093994140625 -0.0518150329589844 -0.7593994140625 -0.21636962890625
0.0360488891601562 -0.0969390869140625 -0.748046875 -0.28497314453125
0.118492126464844 0.007965087890625 -0.5179443359375 -0.232177734375
0.0479202270507812 0.127098083496094 -0.124359130859375 -0.0255508422851562
-0.0484771728515625 -0.12640380859375 0.0853729248046875 0.0291900634765625
-0.149490356445313 0.045440673828125 0.491729736328125 0.24249267578125
-0.0302505493164063 0.116722106933594 0.76068115234375 0.1959228515625
0.0753860473632813 0.0524444580078125 0.79962158203125 0.1964111328125
0.0659942626953125 -0.0681343078613281 0.62091064453125 0.3021240234375
-0.0239334106445312 -0.107955932617188 0.4666748046875 0.33154296875
-0.0596084594726562 -0.0825424194335938 0.256149291992188 0.203369140625
-0.0349960327148438 -0.0942535400390625 0.0644073486328125 0.0193901062011719
-0.0364608764648438 -0.10198974609375 -0.165573120117188 -0.22186279296875
0.0170059204101563 -0.109832763671875 -0.369659423828125 -0.4251708984375
0.0925827026367187 -0.0659332275390625 -0.58612060546875 -0.41497802734375
0.0822830200195313 0.0299530029296875 -0.721923828125 -0.3548583984375
-0.0435638427734375 0.0883865356445312 -0.71533203125 -0.4022216796875
-0.107490539550781 -0.0144500732421875 -0.514434814453125 -0.2613525390625
-0.0293731689453125 -0.11578369140625 -0.136024475097656 -0.0021209716796875
-0.0351715087890625 -0.121871948242188 0.0797958374023438 -0.00286102294921876
-0.141250610351563 0.0304718017578125 0.491180419921875 0.232879638671875
-0.04144287109375 0.109504699707031 0.7601318359375 0.17755126953125
0.0693473815917969 0.0631637573242188 0.77862548828125 0.187255859375
0.0733795166015625 -0.0498428344726562 0.60369873046875 0.31976318359375
-0.0106735229492187 -0.0961990356445313 0.4735107421875 0.35986328125
-0.0471954345703125 -0.0704498291015625 0.28216552734375 0.221771240234375
-0.0276718139648438 -0.078765869140625 0.0892333984375 0.031829833984375
-0.027557373046875 -0.0845184326171875 -0.139541625976562 -0.205337524414063
0.0144271850585937 -0.0925216674804688 -0.356170654296875 -0.397125244140625
0.0844955444335938 -0.0625 -0.59259033203125 -0.3914794921875
0.0831680297851563 0.0162506103515625 -0.7437744140625 -0.35247802734375
-0.0208511352539063 0.0854034423828125 -0.7264404296875 -0.4197998046875
-0.0904159545898438 0.0038909912109375 -0.5159912109375 -0.275177001953125
-0.0308990478515625 -0.096923828125 -0.138984680175781 -0.0321426391601563
-0.020721435546875 -0.0961685180664063 0.081268310546875 -0.0317916870117188
-0.1121826171875 0.0242385864257813 0.490478515625 0.22845458984375
-0.0395050048828125 0.0851211547851563 0.764404296875 0.16693115234375
0.0531120300292969 0.0585212707519531 0.75933837890625 0.18487548828125
0.0628089904785156 -0.0301895141601562 0.5816650390625 0.34112548828125
-0.000988006591796876 -0.0686683654785156 0.47222900390625 0.389007568359375
-0.0284919738769531 -0.0482330322265625 0.29974365234375 0.23809814453125
-0.0142097473144531 -0.0543746948242188 0.107887268066406 0.036651611328125
-0.0115699768066406 -0.0578422546386719 -0.122879028320313 -0.195327758789063
0.0152702331542969 -0.0630531311035156 -0.34552001953125 -0.373809814453125
0.0693473815917969 -0.0471916198730469 -0.59979248046875 -0.3634033203125
0.0691909790039062 0.00347137451171875 -0.7618408203125 -0.33489990234375
-0.002716064453125 0.0655403137207031 -0.73870849609375 -0.4180908203125
-0.0591163635253906 0.0137100219726562 -0.52203369140625 -0.279632568359375
-0.0239715576171875 -0.0636711120605469 -0.143798828125 -0.0546417236328125
-0.00964355468749999 -0.0511360168457031 0.088043212890625 -0.0515975952148438
-0.070343017578125 0.0346908569335938 0.49188232421875 0.229217529296875
-0.0194931030273437 0.0527496337890625 0.76953125 0.17333984375
0.0355873107910156 0.0361862182617188 0.74530029296875 0.197998046875
0.0367622375488281 -0.0147781372070312 0.55841064453125 0.362701416015625
0.00212478637695312 -0.0324668884277344 0.4639892578125 0.414764404296875
-0.00769996643066406 -0.0177593231201172 0.305419921875 0.2490234375
0.00310134887695313 -0.025909423828125 0.116851806640625 0.0353775024414062
0.0089874267578125 -0.0279331207275391 -0.114410400390625 -0.191085815429687
0.0211162567138672 -0.0275115966796875 -0.343170166015625 -0.357269287109375
0.0518074035644531 -0.0226097106933594 -0.60467529296875 -0.33770751953125
0.0448417663574219 -0.00429153442382812 -0.77276611328125 -0.3089599609375
0.00723648071289063 0.033935546875 -0.74981689453125 -0.39898681640625
-0.0202560424804687 0.0140914916992187 -0.529083251953125 -0.275146484375
-0.00789833068847657 -0.0254764556884766 -0.14813232421875 -0.0682525634765625
-0.00452041625976562 0.00620841979980469 0.0950164794921875 -0.0564346313476563
-0.0238685607910156 0.0586280822753906 0.491668701171875 0.23736572265625
0.0126991271972656 0.0185279846191406 0.7706298828125 0.1900634765625
0.016077995300293 0.00337791442871094 0.73651123046875 0.2200927734375
0.00052499771118164 -0.00451993942260742 0.544891357421875 0.384002685546875
-0.00184488296508789 0.00870418548583985 0.4573974609375 0.431884765625
0.0149936676025391 0.0158748626708984 0.301361083984375 0.251220703125
0.0204257965087891 0.00360107421875 0.115501403808594 0.02783203125
0.0316314697265625 0.00275611877441406 -0.116729736328125 -0.192550659179687
0.0288257598876953 0.00915336608886719 -0.347869873046875 -0.3453369140625
0.032684326171875 0.00554656982421875 -0.61260986328125 -0.31378173828125
0.0162649154663086 -0.0124168395996094 -0.77923583984375 -0.276611328125
0.0112829208374023 -0.0008544921875 -0.7564697265625 -0.3675537109375
0.0191154479980469 0.0083160400390625 -0.532073974609375 -0.2646484375
0.0126714706420898 0.0168027877807617 -0.147796630859375 -0.0724639892578125
-0.000377655029296873 0.0623359680175781 0.0975570678710938 -0.0464630126953125
0.02191162109375 0.0833053588867188 0.48846435546875 0.249755859375
0.0424842834472656 -0.0161590576171875 0.76336669921875 0.21673583984375
-0.00492286682128906 -0.030792236328125 0.73651123046875 0.25677490234375
-0.0378379821777344 0.00402450561523438 0.5423583984375 0.402069091796875
-0.00656890869140625 0.0468521118164062 0.45123291015625 0.433380126953125
0.0341567993164062 0.0468063354492187 0.28973388671875 0.240875244140625
0.035858154296875 0.02880859375 0.103248596191406 0.0144577026367188
0.0525627136230469 0.0293235778808594 -0.131027221679688 -0.19757080078125
0.0347061157226563 0.0413475036621094 -0.362579345703125 -0.34161376953125
0.0113563537597656 0.0309333801269531 -0.62164306640625 -0.29833984375
-0.0148868560791016 -0.0197048187255859 -0.782470703125 -0.24627685546875
0.0145072937011719 -0.0379829406738281 -0.7593994140625 -0.3358154296875
0.0583610534667969 0.0012054443359375 -0.533538818359375 -0.253875732421875
0.0320320129394531 0.0578727722167969 -0.141815185546875 -0.06494140625
0.00818634033203126 0.106575012207031 0.0966567993164062 -0.024658203125
0.0606918334960938 0.0933380126953125 0.48236083984375 0.267486572265625
0.0592727661132812 -0.0513572692871094 0.75457763671875 0.2513427734375
-0.0305366516113281 -0.0560722351074219 0.74114990234375 0.3018798828125
-0.0708084106445312 0.0145263671875 0.550811767578125 0.41595458984375
-0.00879669189453125 0.0764389038085938 0.447235107421875 0.421844482421875
0.0502777099609375 0.0676918029785156 0.270645141601563 0.223907470703125
0.049072265625 0.0470657348632812 0.0836868286132813 -0.0026702880859375
0.0670509338378906 0.0497970581054688 -0.152862548828125 -0.2080078125
0.0352668762207031 0.0675773620605469 -0.381317138671875 -0.346893310546875
-0.0106582641601562 0.0486335754394531 -0.62945556640625 -0.28924560546875
-0.044647216796875 -0.0331230163574219 -0.77642822265625 -0.22100830078125
0.0212326049804687 -0.0723724365234375 -0.7569580078125 -0.30389404296875
0.09344482421875 -0.0001220703125 -0.52899169921875 -0.23992919921875
0.04595947265625 0.0959091186523438 -0.132781982421875 -0.0493087768554688
0.0216827392578125 0.128936767578125 0.0958786010742188 0.00827026367187501
0.086334228515625 0.0837020874023437 0.476837158203125 0.286224365234375
0.0539474487304688 -0.0804290771484375 0.7447509765625 0.287841796875
-0.0568428039550781 -0.0642204284667969 0.75445556640625 0.33905029296875
-0.090362548828125 0.0277023315429688 0.56451416015625 0.41680908203125
-0.00573730468749999 0.093780517578125 0.441436767578125 0.401092529296875
0.0597000122070313 0.0754623413085938 0.244003295898438 0.202423095703125
0.0551490783691406 0.0550880432128906 0.0575332641601562 -0.01971435546875
0.073944091796875 0.0616836547851562 -0.178375244140625 -0.223312377929687
0.0296249389648438 0.0830078125 -0.398681640625 -0.3602294921875
-0.0342979431152344 0.0560493469238281 -0.6285400390625 -0.29315185546875
-0.0666275024414062 -0.0513076782226562 -0.76507568359375 -0.2056884765625
0.0334091186523437 -0.0981292724609375 -0.75396728515625 -0.2755126953125
0.119300842285156 0.0063323974609375 -0.52276611328125 -0.22747802734375
0.0503463745117187 0.126998901367188 -0.124244689941406 -0.0242767333984375
-0.0503921508789062 -0.126358032226563 0.0860977172851562 0.0295486450195312
-0.149002075195313 0.048095703125 0.49591064453125 0.236968994140625
-0.028076171875 0.118698120117187 0.7626953125 0.181884765625
0.076263427734375 0.050811767578125 0.802490234375 0.18414306640625
0.0653610229492188 -0.0688896179199219 0.62750244140625 0.292724609375
-0.0255661010742187 -0.107757568359375 0.471893310546875 0.325897216796875
-0.0608749389648438 -0.0811309814453125 0.259017944335938 0.199615478515625
-0.0371322631835937 -0.0941009521484375 0.0647697448730469 0.0188331604003906
-0.037750244140625 -0.102287292480469 -0.168487548828125 -0.22039794921875
0.0153045654296875 -0.110885620117188 -0.3768310546875 -0.420745849609375
0.0926589965820313 -0.0680007934570313 -0.59393310546875 -0.407470703125
0.0829315185546875 0.0286407470703125 -0.729248046875 -0.345458984375
-0.0420684814453125 0.0901947021484375 -0.721435546875 -0.3939208984375
-0.108894348144531 -0.01165771484375 -0.517608642578125 -0.255401611328125
-0.0323104858398438 -0.116569519042969 -0.135498046875 -0.000152587890625035
-0.0379867553710938 -0.122161865234375 0.0791244506835938 -0.00242614746093751
-0.140716552734375 0.0333709716796875 0.494720458984375 0.22515869140625
-0.0392532348632812 0.111976623535156 0.762939453125 0.16357421875
0.0707931518554688 0.062286376953125 0.78179931640625 0.17462158203125
0.0716018676757813 -0.0519485473632812 0.60821533203125 0.310791015625
-0.011993408203125 -0.095855712890625 0.479034423828125 0.353546142578125
-0.0484771728515625 -0.0700416564941406 0.285125732421875 0.21868896484375
-0.0290069580078125 -0.0789260864257813 0.0901947021484375 0.02978515625
-0.0302886962890625 -0.08477783203125 -0.143646240234375 -0.203689575195313
0.0127487182617187 -0.0937881469726563 -0.361541748046875 -0.394195556640625
0.0838699340820312 -0.0648956298828125 -0.5999755859375 -0.383544921875
0.0837478637695313 0.0154342651367188 -0.7489013671875 -0.34307861328125
-0.0196990966796875 0.0864486694335938 -0.73358154296875 -0.4095458984375
-0.091644287109375 0.00534820556640624 -0.521575927734375 -0.26898193359375
-0.0334701538085938 -0.0962982177734375 -0.139144897460938 -0.0299072265625
-0.0223464965820312 -0.0967788696289063 0.0806961059570313 -0.0318222045898438
-0.111854553222656 0.0269622802734375 0.495208740234375 0.220458984375
-0.0384674072265625 0.08709716796875 0.76556396484375 0.15447998046875
0.0545654296875 0.0575065612792969 0.76348876953125 0.1729736328125
0.0615272521972656 -0.0314903259277344 0.58563232421875 0.332275390625
-0.00271224975585937 -0.0689201354980469 0.480133056640625 0.3831787109375
-0.02923583984375 -0.0475654602050781 0.3028564453125 0.234527587890625
-0.0154533386230469 -0.0546417236328125 0.108596801757812 0.034820556640625
-0.0135841369628906 -0.0582962036132813 -0.125167846679688 -0.193328857421875
0.0144195556640625 -0.063568115234375 -0.352935791015625 -0.36907958984375
0.0685539245605469 -0.0488777160644531 -0.60589599609375 -0.35455322265625
0.0698661804199219 0.0023956298828125 -0.76763916015625 -0.32379150390625
-0.00125885009765625 0.066070556640625 -0.7442626953125 -0.4063720703125
-0.0592155456542969 0.0153617858886719 -0.52685546875 -0.274017333984375
-0.0255165100097656 -0.064361572265625 -0.14459228515625 -0.0532379150390625
-0.0106849670410156 -0.0520782470703125 0.0869216918945312 -0.0517959594726563
-0.06939697265625 0.0368728637695312 0.49591064453125 0.2232666015625
-0.0186653137207031 0.0542640686035156 0.77197265625 0.15948486328125
0.0354042053222656 0.0359382629394531 0.74945068359375 0.18597412109375
0.0360145568847656 -0.0157585144042969 0.56396484375 0.35552978515625
0.00164031982421875 -0.0321559906005859 0.472930908203125 0.40966796875
-0.00768280029296875 -0.0173854827880859 0.309112548828125 0.24462890625
0.00251388549804688 -0.0262775421142578 0.118148803710938 0.03387451171875
0.0084381103515625 -0.0284805297851562 -0.116744995117188 -0.18927001953125
0.0209236145019531 -0.0272274017333984 -0.349761962890625 -0.352996826171875
0.0511703491210938 -0.0235328674316406 -0.61016845703125 -0.32891845703125
0.0456008911132812 -0.00576019287109375 -0.77783203125 -0.2974853515625
0.00744247436523437 0.0358695983886719 -0.75604248046875 -0.3857421875
-0.0210723876953125 0.0149917602539063 -0.535186767578125 -0.2681884765625
-0.00850677490234375 -0.024932861328125 -0.149429321289063 -0.06683349609375
-0.00446701049804687 0.00681734085083008 0.0934371948242187 -0.0567474365234375
-0.0226669311523438 0.0601844787597656 0.4959716796875 0.23114013671875
0.0123920440673828 0.0192031860351563 0.7747802734375 0.17706298828125
0.0157375335693359 0.00287055969238281 0.7406005859375 0.21002197265625
7.39097595214839E-05 -0.00456762313842773 0.54998779296875 0.37664794921875
-0.000659465789794923 0.00847005844116211 0.46368408203125 0.42523193359375
0.015411376953125 0.0157594680786133 0.304962158203125 0.246917724609375
0.0203990936279297 0.00296211242675781 0.116081237792969 0.0264816284179688
0.0321636199951172 0.00175666809082031 -0.11968994140625 -0.191864013671875
0.0289096832275391 0.0085296630859375 -0.353729248046875 -0.341400146484375
0.0328521728515625 0.00516700744628906 -0.6177978515625 -0.30511474609375
0.0150146484375 -0.0119485855102539 -0.785400390625 -0.26495361328125
0.0114679336547852 -0.0003204345703125 -0.7620849609375 -0.35882568359375
0.0188636779785156 0.00878715515136719 -0.538177490234375 -0.25823974609375
0.0131845474243164 0.0161666870117188 -0.149200439453125 -0.071014404296875
0.00044631958007812 0.0629425048828125 0.0967025756835937 -0.0475540161132812
0.0236587524414062 0.0834197998046875 0.49395751953125 0.243560791015625
0.0428581237792969 -0.0173416137695313 0.76715087890625 0.204345703125
-0.00530052185058594 -0.0313301086425781 0.73834228515625 0.246337890625
-0.0389289855957031 0.00537872314453126 0.5474853515625 0.396087646484375
-0.00531768798828125 0.0464973449707031 0.45892333984375 0.427001953125
0.0362663269042969 0.0465126037597656 0.293609619140625 0.237152099609375
0.0374183654785156 0.0284843444824219 0.1036376953125 0.0130691528320313
0.0533218383789063 0.028228759765625 -0.133056640625 -0.196792602539063
0.0354080200195313 0.0412673950195313 -0.368255615234375 -0.338348388671875
0.0128803253173828 0.0304393768310547 -0.62567138671875 -0.28851318359375
-0.0159416198730469 -0.0199184417724609 -0.786865234375 -0.2352294921875
0.0136604309082031 -0.0373458862304688 -0.7642822265625 -0.324951171875
0.05828857421875 0.00156021118164063 -0.538116455078125 -0.246490478515625
0.0332221984863281 0.05865478515625 -0.1431884765625 -0.0634918212890625
0.0100250244140625 0.106575012207031 0.0963592529296875 -0.0251846313476562
0.0633316040039063 0.093292236328125 0.486236572265625 0.25994873046875
0.0581932067871094 -0.0526885986328125 0.75714111328125 0.23785400390625
-0.0319976806640625 -0.05584716796875 0.7442626953125 0.289306640625
-0.0711746215820313 0.0168533325195312 0.556640625 0.40802001953125
-0.00776672363281249 0.0772018432617188 0.454193115234375 0.4171142578125
0.0520973205566406 0.066802978515625 0.274612426757813 0.220870971679687
0.0494766235351563 0.0467300415039063 0.0833663940429688 -0.00391387939453125
0.06829833984375 0.0487098693847656 -0.15557861328125 -0.206832885742188
0.0364189147949219 0.0668487548828125 -0.38641357421875 -0.34136962890625
-0.0100898742675781 0.0496292114257812 -0.63482666015625 -0.2799072265625
-0.0456008911132813 -0.0322685241699219 -0.78125 -0.2109375
0.0197677612304688 -0.0721359252929688 -0.76361083984375 -0.2950439453125
0.0932388305664063 -0.00153350830078125 -0.53485107421875 -0.231781005859375
0.0479660034179688 0.096282958984375 -0.134445190429687 -0.04779052734375
0.0242233276367187 0.1287841796875 0.0963897705078125 0.00716400146484376
0.0885696411132813 0.0833206176757813 0.481231689453125 0.279388427734375
0.0528335571289062 -0.0819091796875 0.74822998046875 0.274658203125
-0.0587654113769531 -0.0643997192382813 0.7601318359375 0.32696533203125
-0.0902328491210938 0.0295028686523437 0.570068359375 0.41033935546875
-0.00386810302734375 0.0936737060546875 0.44671630859375 0.39422607421875
0.0627517700195313 0.0750656127929688 0.248764038085937 0.19879150390625
0.0564460754394531 0.0538368225097656 0.0572433471679687 -0.0212440490722656
0.0761947631835937 0.0600433349609375 -0.18115234375 -0.221420288085938
0.0312423706054688 0.0820388793945313 -0.404083251953125 -0.35638427734375
-0.0334205627441406 0.0565948486328125 -0.6339111328125 -0.2857666015625
-0.0682754516601563 -0.0499153137207031 -0.76788330078125 -0.1953125
0.0321502685546875 -0.098419189453125 -0.75836181640625 -0.26654052734375
0.120330810546875 0.0042724609375 -0.52667236328125 -0.2186279296875
0.05230712890625 0.127052307128906 -0.125320434570312 -0.0229110717773438
-0.0529327392578125 -0.125839233398437 0.0862655639648438 0.0291290283203125
-0.147857666015625 0.05157470703125 0.50091552734375 0.2291259765625
-0.0265731811523437 0.119132995605469 0.76568603515625 0.17047119140625
0.0773086547851563 0.0494613647460938 0.80303955078125 0.16998291015625
0.0632781982421875 -0.070587158203125 0.62860107421875 0.28228759765625
-0.02825927734375 -0.107582092285156 0.475372314453125 0.319305419921875
-0.062469482421875 -0.0793914794921875 0.261474609375 0.196136474609375
-0.03948974609375 -0.09381103515625 0.0646705627441406 0.0180397033691406
-0.040679931640625 -0.101669311523438 -0.171371459960937 -0.217117309570313
0.0131988525390625 -0.111366271972656 -0.38201904296875 -0.41497802734375
0.0914154052734375 -0.0698776245117188 -0.598388671875 -0.39825439453125
0.0838699340820313 0.0269851684570313 -0.73199462890625 -0.3358154296875
-0.040924072265625 0.0911331176757813 -0.72747802734375 -0.38397216796875
-0.109580993652344 -0.0101318359375 -0.521209716796875 -0.248992919921875
-0.033538818359375 -0.115798950195313 -0.135459899902344 0.000946044921875014
-0.0400390625 -0.122329711914063 0.0797653198242188 -0.00287628173828126
-0.139251708984375 0.0361862182617187 0.498382568359375 0.21783447265625
-0.0376052856445313 0.112823486328125 0.76324462890625 0.15155029296875
0.072052001953125 0.0611114501953125 0.78326416015625 0.16424560546875
0.0711288452148438 -0.0526657104492188 0.61077880859375 0.3018798828125
-0.0142440795898438 -0.0954513549804688 0.48297119140625 0.346771240234375
-0.0502090454101563 -0.0691337585449219 0.288238525390625 0.214202880859375
-0.0308303833007813 -0.0780487060546875 0.0904464721679687 0.0285263061523437
-0.0318069458007813 -0.0843505859375 -0.146713256835938 -0.202560424804688
0.011260986328125 -0.0939788818359375 -0.368133544921875 -0.388519287109375
0.082550048828125 -0.0671844482421875 -0.6051025390625 -0.37310791015625
0.0842742919921875 0.01385498046875 -0.7540283203125 -0.33251953125
-0.018402099609375 0.087738037109375 -0.73944091796875 -0.39874267578125
-0.0913467407226562 0.00738525390625001 -0.5245361328125 -0.26116943359375
-0.0354080200195313 -0.0964584350585938 -0.139198303222656 -0.0287704467773438
-0.02349853515625 -0.09722900390625 0.0800857543945313 -0.0320663452148438
-0.111045837402344 0.028717041015625 0.499908447265625 0.21368408203125
-0.0367584228515625 0.0880050659179688 0.76702880859375 0.14117431640625
0.0557861328125 0.0575904846191406 0.76220703125 0.16156005859375
0.0608634948730469 -0.0331230163574219 0.588623046875 0.32513427734375
-0.00356674194335938 -0.0691604614257813 0.483734130859375 0.376312255859375
-0.0305366516113281 -0.047393798828125 0.30657958984375 0.228912353515625
-0.0166473388671875 -0.0547752380371094 0.109794616699219 0.0333938598632813
-0.0147552490234375 -0.0585746765136719 -0.127120971679688 -0.191635131835937
0.0136337280273437 -0.0645675659179688 -0.356903076171875 -0.36480712890625
0.067779541015625 -0.0507125854492187 -0.60986328125 -0.34649658203125
0.0710296630859375 0.00145721435546875 -0.77032470703125 -0.31103515625
-0.000988006591796872 0.0665779113769531 -0.75 -0.39398193359375
-0.0594749450683594 0.0164451599121094 -0.531036376953125 -0.266021728515625
-0.0268135070800781 -0.0636329650878906 -0.14544677734375 -0.05145263671875
-0.0114555358886719 -0.0516853332519531 0.0858383178710938 -0.0525054931640625
-0.0687217712402344 0.0382614135742188 0.499542236328125 0.215423583984375
-0.0180702209472656 0.0548210144042969 0.77252197265625 0.147216796875
0.0359153747558594 0.0355453491210938 0.7486572265625 0.17474365234375
0.0350322723388672 -0.0155601501464844 0.56719970703125 0.34649658203125
0.000110626220703127 -0.0325527191162109 0.478302001953125 0.40185546875
-0.00798225402832031 -0.0174026489257812 0.311798095703125 0.240509033203125
0.000905990600585938 -0.0265293121337891 0.118606567382813 0.0316162109375
0.00790023803710938 -0.0287704467773438 -0.118545532226562 -0.188201904296875
0.021087646484375 -0.0287628173828125 -0.352569580078125 -0.348663330078125
0.0502662658691406 -0.0248832702636719 -0.61431884765625 -0.31951904296875
0.0456733703613281 -0.00688552856445313 -0.78076171875 -0.2852783203125
0.00803756713867188 0.0362014770507813 -0.75994873046875 -0.37548828125
-0.0212020874023437 0.0156669616699219 -0.538330078125 -0.260833740234375
-0.00885391235351563 -0.0245819091796875 -0.15032958984375 -0.065093994140625
-0.00437498092651367 0.00618362426757813 0.0922012329101563 -0.05804443359375
-0.0203704833984375 0.0616378784179688 0.49859619140625 0.2236328125
0.0131340026855469 0.0195045471191406 0.774169921875 0.16357421875
0.0160646438598633 0.00293254852294922 0.741455078125 0.199951171875
-0.000983238220214844 -0.00373315811157227 0.55328369140625 0.36907958984375
-0.000957012176513672 0.00829744338989258 0.4698486328125 0.418701171875
0.0159540176391602 0.0161809921264648 0.3094482421875 0.242950439453125
0.0202980041503906 0.00264358520507812 0.116546630859375 0.0241317749023438
0.0315303802490234 0.000642776489257813 -0.121688842773438 -0.189590454101562
0.0297260284423828 0.00794601440429688 -0.358001708984375 -0.33587646484375
0.0329265594482422 0.00415992736816406 -0.62152099609375 -0.29541015625
0.0157766342163086 -0.0126123428344727 -0.78851318359375 -0.25390625
0.0110788345336914 4.38690185546875E-05 -0.76702880859375 -0.34716796875
0.018798828125 0.00751686096191406 -0.540283203125 -0.249969482421875
0.0127086639404297 0.016667366027832 -0.150619506835938 -0.0692291259765625
0.001983642578125 0.0635795593261719 0.0952224731445313 -0.0486831665039062
0.025634765625 0.0836563110351562 0.497589111328125 0.2353515625
0.0423851013183594 -0.0170173645019531 0.76898193359375 0.1912841796875
-0.00652122497558594 -0.0312709808349609 0.739990234375 0.23516845703125
-0.0388717651367188 0.00642776489257813 0.551513671875 0.38739013671875
-0.00417327880859375 0.0466346740722656 0.465972900390625 0.419281005859375
0.0371437072753906 0.0457305908203125 0.2978515625 0.233001708984375
0.0375823974609375 0.0279579162597656 0.103591918945313 0.0114517211914063
0.0534858703613281 0.0270233154296875 -0.136245727539063 -0.195159912109375
0.0358963012695313 0.0399246215820313 -0.37237548828125 -0.33331298828125
0.0135326385498047 0.0302925109863281 -0.62811279296875 -0.27935791015625
-0.0167350769042969 -0.0197277069091797 -0.7879638671875 -0.222900390625
0.0123062133789063 -0.0374107360839844 -0.7686767578125 -0.3157958984375
0.0579872131347656 -0.0004425048828125 -0.540008544921875 -0.239349365234375
0.0336952209472656 0.0579948425292969 -0.143753051757813 -0.062286376953125
0.0121231079101563 0.106468200683594 0.0958328247070313 -0.0246963500976562
0.0657196044921875 0.0924606323242188 0.490936279296875 0.2528076171875
0.0572280883789063 -0.0534858703613281 0.75970458984375 0.22509765625
-0.0336837768554687 -0.0550003051757813 0.7479248046875 0.2769775390625
-0.07183837890625 0.0185089111328125 0.562042236328125 0.39910888671875
-0.0059967041015625 0.0772781372070313 0.4600830078125 0.41094970703125
0.0536155700683594 0.0665054321289063 0.27703857421875 0.216201782226563
0.0508804321289063 0.0451812744140625 0.0830307006835937 -0.0044403076171875
0.0698623657226562 0.047332763671875 -0.158645629882813 -0.204635620117188
0.0379676818847656 0.0663032531738281 -0.391387939453125 -0.336029052734375
-0.00889968872070312 0.0493507385253906 -0.63720703125 -0.27142333984375
-0.0459098815917969 -0.0314598083496094 -0.78350830078125 -0.19696044921875
0.0179367065429687 -0.0730667114257813 -0.76885986328125 -0.2816162109375
0.09344482421875 -0.0035400390625 -0.53729248046875 -0.224822998046875
0.0496749877929687 0.0960845947265625 -0.134872436523438 -0.046661376953125
0.02618408203125 0.128120422363281 0.0962905883789063 0.00720214843750001
0.09063720703125 0.082427978515625 0.486663818359375 0.273681640625
0.0514297485351563 -0.0827255249023438 0.751708984375 0.26220703125
-0.0607490539550781 -0.0630264282226563 0.76220703125 0.3145751953125
-0.090606689453125 0.0318222045898437 0.57427978515625 0.40155029296875
-0.00215911865234374 0.0938568115234375 0.45208740234375 0.387420654296875
0.06390380859375 0.073699951171875 0.250732421875 0.195709228515625
0.0571784973144531 0.0532951354980469 0.0573844909667969 -0.0217704772949219
0.0770111083984375 0.0581207275390625 -0.183929443359375 -0.219284057617188
0.0338821411132812 0.0823211669921875 -0.4083251953125 -0.35107421875
-0.0324821472167969 0.0577011108398438 -0.6380615234375 -0.27587890625
-0.0690040588378906 -0.048736572265625 -0.7705078125 -0.18389892578125
0.0303115844726562 -0.0992507934570313 -0.761962890625 -0.25494384765625
0.120574951171875 0.00318145751953125 -0.52996826171875 -0.211395263671875
0.0547256469726563 0.126655578613281 -0.124908447265625 -0.0219497680664062
-0.0551071166992188 -0.12530517578125 0.0861663818359375 0.0288619995117187
-0.145675659179688 0.054473876953125 0.50299072265625 0.22174072265625
-0.02386474609375 0.120399475097656 0.7647705078125 0.1563720703125
0.07769775390625 0.048828125 0.802001953125 0.158447265625
0.0619354248046875 -0.071380615234375 0.6295166015625 0.2733154296875
-0.0296554565429688 -0.107337951660156 0.4779052734375 0.31243896484375
-0.0640716552734375 -0.0788345336914062 0.262924194335938 0.19195556640625
-0.0409469604492188 -0.0930404663085938 0.0650978088378906 0.0167655944824219
-0.04302978515625 -0.101654052734375 -0.17340087890625 -0.215194702148438
0.0111083984375 -0.112022399902344 -0.387176513671875 -0.408416748046875
0.0901260375976563 -0.0719451904296875 -0.6021728515625 -0.39007568359375
0.084320068359375 0.0256118774414063 -0.7337646484375 -0.3250732421875
-0.0399551391601562 0.091644287109375 -0.73236083984375 -0.37115478515625
-0.109413146972656 -0.00776672363281251 -0.52410888671875 -0.240478515625
-0.0360107421875 -0.115348815917969 -0.134757995605469 0.00235748291015623
-0.0421142578125 -0.122200012207031 0.0788040161132813 -0.00277709960937501
-0.138374328613281 0.0386276245117187 0.501800537109375 0.21051025390625
-0.0354995727539063 0.114166259765625 0.763916015625 0.1397705078125
0.0728378295898438 0.0600051879882812 0.780029296875 0.15087890625
0.0696601867675781 -0.0538978576660156 0.6131591796875 0.2933349609375
-0.0157852172851563 -0.09503173828125 0.488311767578125 0.3388671875
-0.0516433715820313 -0.0676193237304688 0.289703369140625 0.209564208984375
-0.0333786010742187 -0.0782394409179688 0.0905380249023438 0.0273284912109375
-0.03338623046875 -0.0841064453125 -0.148361206054688 -0.1993408203125
0.00982666015625001 -0.0948486328125 -0.37017822265625 -0.382659912109375
0.0814208984375 -0.0687484741210938 -0.610107421875 -0.36334228515625
0.084716796875 0.0123443603515625 -0.75689697265625 -0.3201904296875
-0.01715087890625 0.0879898071289063 -0.74261474609375 -0.3868408203125
-0.09149169921875 0.00920867919921873 -0.526702880859375 -0.254638671875
-0.0371246337890625 -0.095367431640625 -0.1397705078125 -0.0270004272460938
-0.025390625 -0.096649169921875 0.0791015625 -0.032440185546875
-0.110115051269531 0.0312576293945312 0.501739501953125 0.205902099609375
-0.0351104736328125 0.0896072387695313 0.76788330078125 0.12933349609375
0.0560340881347656 0.0565605163574219 0.76153564453125 0.1492919921875
0.0595588684082031 -0.0336074829101563 0.5906982421875 0.31585693359375
-0.00457763671875 -0.0689773559570313 0.48846435546875 0.36846923828125
-0.0315742492675781 -0.0466041564941406 0.308837890625 0.224151611328125
-0.0180282592773438 -0.0539321899414063 0.10931396484375 0.0315780639648438
-0.01605224609375 -0.0584182739257813 -0.129669189453125 -0.189208984375
0.0125579833984375 -0.0644149780273438 -0.361358642578125 -0.359375
0.0670127868652344 -0.0521659851074219 -0.61260986328125 -0.3360595703125
0.0708770751953125 -0.00040435791015625 -0.773681640625 -0.30035400390625
0.000110626220703118 0.0675926208496094 -0.75421142578125 -0.38568115234375
-0.0595283508300781 0.0183219909667969 -0.532958984375 -0.2574462890625
-0.0283622741699219 -0.0633316040039063 -0.14556884765625 -0.0499420166015625
-0.0124320983886719 -0.0516738891601562 0.084686279296875 -0.052490234375
-0.0676116943359375 0.040008544921875 0.501708984375 0.208251953125
-0.0163459777832031 0.055755615234375 0.77215576171875 0.13470458984375
0.035980224609375 0.0350303649902344 0.748046875 0.16326904296875
0.0341854095458984 -0.0158252716064453 0.56988525390625 0.33905029296875
0.000341415405273435 -0.03240966796875 0.481170654296875 0.394134521484375
-0.00790977478027344 -0.0165624618530273 0.315093994140625 0.23504638671875
0.000383377075195313 -0.0264892578125 0.118690490722656 0.0300674438476563
0.00667190551757812 -0.0294666290283203 -0.121063232421875 -0.185943603515625
0.0204830169677734 -0.0288619995117188 -0.357025146484375 -0.3428955078125
0.0503501892089844 -0.0259246826171875 -0.61553955078125 -0.30963134765625
0.0453567504882813 -0.00749969482421875 -0.78424072265625 -0.2716064453125
0.00854110717773438 0.0365028381347656 -0.7626953125 -0.36480712890625
-0.0210075378417969 0.0151920318603516 -0.540985107421875 -0.251007080078125
-0.0101242065429687 -0.0246944427490234 -0.150314331054688 -0.0632476806640625
-0.00418281555175781 0.00655460357666016 0.091156005859375 -0.0586776733398437
-0.0189285278320313 0.0623283386230469 0.501251220703125 0.215545654296875
0.0138263702392578 0.0188827514648438 0.7740478515625 0.150390625
0.014892578125 0.00284004211425781 0.741455078125 0.18731689453125
-0.0011906623840332 -0.00370669364929199 0.55670166015625 0.361083984375
-0.000798702239990234 0.00854587554931641 0.473541259765625 0.411285400390625
0.0161371231079102 0.0161304473876953 0.31146240234375 0.237579345703125
0.0199565887451172 0.002655029296875 0.116355895996094 0.0218048095703125
0.0316963195800781 -0.000377655029296875 -0.124237060546875 -0.188064575195312
0.0298213958740234 0.00711822509765625 -0.36151123046875 -0.3323974609375
0.0330352783203125 0.00378036499023437 -0.623779296875 -0.286376953125
0.0156316757202148 -0.0125875473022461 -0.7900390625 -0.24163818359375
0.0102996826171875 0.0003509521484375 -0.7706298828125 -0.3349609375
0.0193099975585938 0.00807762145996094 -0.54296875 -0.243377685546875
0.0127019882202148 0.0168209075927734 -0.15081787109375 -0.0669403076171875
0.00286102294921875 0.06317138671875 0.0942459106445313 -0.0489273071289063
0.0287857055664063 0.0840606689453125 0.49908447265625 0.22833251953125
0.0429534912109375 -0.0180320739746094 0.76904296875 0.1771240234375
-0.00805282592773438 -0.0302696228027344 0.7412109375 0.22296142578125
-0.0390510559082031 0.00701141357421875 0.55523681640625 0.37774658203125
-0.00343704223632813 0.0471000671386719 0.468414306640625 0.413909912109375
0.0381622314453125 0.0454788208007813 0.300384521484375 0.228973388671875
0.0378379821777344 0.0267066955566406 0.10345458984375 0.00986480712890625
0.0541305541992187 0.0261497497558594 -0.138137817382812 -0.192962646484375
0.0377616882324219 0.0396080017089844 -0.375396728515625 -0.328033447265625
0.0140819549560547 0.0299034118652344 -0.6334228515625 -0.26947021484375
-0.0165767669677734 -0.0194301605224609 -0.7901611328125 -0.21087646484375
0.01129150390625 -0.0365409851074219 -0.77105712890625 -0.3050537109375
0.0586204528808594 -0.00100326538085937 -0.542144775390625 -0.231353759765625
0.0351676940917969 0.0578498840332031 -0.144821166992188 -0.060638427734375
0.013916015625 0.106941223144531 0.0951080322265625 -0.0254440307617187
0.0675888061523438 0.0920333862304688 0.494171142578125 0.24609375
0.0565299987792969 -0.0542716979980469 0.76055908203125 0.2127685546875
-0.0351600646972656 -0.0548973083496094 0.74700927734375 0.2662353515625
-0.071380615234375 0.0199356079101563 0.563720703125 0.389892578125
-0.00363159179687499 0.0774688720703125 0.46368408203125 0.402099609375
0.0557594299316406 0.0650482177734375 0.278945922851563 0.2115478515625
0.0514297485351563 0.044525146484375 0.0831527709960938 -0.006195068359375
0.0704498291015625 0.0451278686523438 -0.160186767578125 -0.201675415039062
0.0399742126464844 0.0649757385253906 -0.39495849609375 -0.33056640625
-0.00864791870117188 0.05010986328125 -0.63970947265625 -0.2620849609375
-0.0470314025878906 -0.0306129455566406 -0.78411865234375 -0.187744140625
0.0161590576171875 -0.0719757080078125 -0.77020263671875 -0.2724609375
0.093597412109375 -0.00453948974609375 -0.539276123046875 -0.217071533203125
0.051361083984375 0.0956497192382813 -0.135261535644531 -0.0450363159179687
0.028228759765625 0.127708435058594 0.0961151123046875 0.00689697265625001
0.0925827026367188 0.0810394287109375 0.48828125 0.266143798828125
0.0504531860351563 -0.083587646484375 0.753173828125 0.25054931640625
-0.0623245239257812 -0.0617828369140625 0.763916015625 0.3035888671875
-0.0904769897460938 0.0340957641601563 0.5777587890625 0.39276123046875
0.00024414062499999 0.09375 0.455535888671875 0.380340576171875
0.0655670166015625 0.0730514526367188 0.2520751953125 0.191604614257812
0.0589675903320313 0.0525245666503906 0.056549072265625 -0.0230064392089844
0.078125 0.05645751953125 -0.186141967773438 -0.216278076171875
0.0360260009765625 0.0814132690429688 -0.413604736328125 -0.343780517578125
-0.0310935974121094 0.0575180053710938 -0.64019775390625 -0.26568603515625
-0.0706100463867188 -0.0478668212890625 -0.77032470703125 -0.17279052734375
0.0288162231445313 -0.09942626953125 -0.762451171875 -0.24444580078125
0.120742797851562 0.00112152099609375 -0.531341552734375 -0.205108642578125
0.056610107421875 0.126739501953125 -0.125389099121094 -0.0204315185546875
-0.0566177368164063 -0.125030517578125 0.086456298828125 0.0284423828125
-0.144287109375 0.0571746826171875 0.50506591796875 0.21502685546875
-0.0219345092773438 0.120895385742188 0.76287841796875 0.14654541015625
0.0782470703125 0.0481338500976562 0.798828125 0.14794921875
0.0598678588867187 -0.0723419189453125 0.62969970703125 0.265380859375
-0.0316162109375 -0.106796264648437 0.479705810546875 0.305145263671875
-0.0651931762695313 -0.077484130859375 0.264129638671875 0.188232421875
-0.0435714721679687 -0.0919647216796875 0.0647163391113281 0.0161895751953125
-0.0446319580078125 -0.100830078125 -0.176498413085938 -0.211685180664063
0.00935363769531251 -0.112197875976563 -0.39239501953125 -0.402008056640625
0.0889053344726563 -0.0736160278320313 -0.6038818359375 -0.38055419921875
0.0841598510742188 0.0242233276367188 -0.736328125 -0.31231689453125
-0.0375747680664063 0.0931854248046875 -0.73358154296875 -0.3609619140625
-0.108802795410156 -0.00588226318359374 -0.524505615234375 -0.23468017578125
-0.0385360717773438 -0.115287780761719 -0.134796142578125 0.00356292724609374
-0.044189453125 -0.12115478515625 0.0782623291015625 -0.00322723388671876
-0.136878967285156 0.041351318359375 0.5029296875 0.203826904296875
-0.0330581665039062 0.114738464355469 0.7626953125 0.126953125
0.0735702514648438 0.059326171875 0.77740478515625 0.140625
0.0673713684082031 -0.0551719665527344 0.6131591796875 0.2840576171875
-0.0179901123046875 -0.0946807861328125 0.4896240234375 0.33233642578125
-0.0529747009277344 -0.0666580200195313 0.291839599609375 0.205322265625
-0.03460693359375 -0.077606201171875 0.0909881591796875 0.0257568359375
-0.0351028442382812 -0.0833969116210938 -0.1497802734375 -0.195816040039063
0.00795745849609374 -0.0943832397460938 -0.375274658203125 -0.376495361328125
0.080078125 -0.0703125 -0.6103515625 -0.35467529296875
0.0852737426757813 0.0109710693359375 -0.75799560546875 -0.30889892578125
-0.0154571533203125 0.0892181396484375 -0.74530029296875 -0.3773193359375
-0.0912704467773438 0.0110855102539063 -0.52801513671875 -0.246002197265625
-0.0392837524414063 -0.0947265625 -0.138801574707031 -0.0260009765625
-0.027130126953125 -0.0962677001953125 0.0776290893554688 -0.0327911376953125
-0.10888671875 0.0329513549804688 0.50140380859375 0.198394775390625
-0.033416748046875 0.0905532836914063 0.76416015625 0.11627197265625
0.0568695068359375 0.0556373596191406 0.75927734375 0.13897705078125
0.0587615966796875 -0.0343971252441406 0.591552734375 0.306396484375
-0.00627136230468751 -0.0687446594238281 0.490814208984375 0.36151123046875
-0.0322151184082031 -0.0454750061035156 0.309661865234375 0.21942138671875
-0.0193328857421875 -0.0539474487304688 0.1102294921875 0.0295791625976563
-0.0172538757324219 -0.0584754943847656 -0.130874633789063 -0.186676025390625
0.0116424560546875 -0.0646400451660156 -0.36395263671875 -0.352691650390625
0.066131591796875 -0.0535659790039063 -0.614501953125 -0.3277587890625
0.0704803466796875 -0.00093841552734375 -0.77496337890625 -0.288818359375
0.00150680541992187 0.0683670043945313 -0.75640869140625 -0.37420654296875
-0.059326171875 0.0190238952636719 -0.534576416015625 -0.250030517578125
-0.0295257568359375 -0.0620231628417969 -0.145767211914063 -0.0484161376953125
-0.0129508972167969 -0.0519485473632813 0.0834808349609375 -0.0527877807617187
-0.0656280517578125 0.0412864685058594 0.503753662109375 0.201202392578125
-0.0156440734863281 0.0559616088867187 0.769775390625 0.12164306640625
0.0364570617675781 0.0348320007324219 0.74591064453125 0.15106201171875
0.0335464477539063 -0.0164852142333984 0.570556640625 0.33135986328125
-0.000190734863281249 -0.0324535369873047 0.484283447265625 0.38836669921875
-0.00778675079345703 -0.0162467956542969 0.31689453125 0.2308349609375
0.000425338745117189 -0.0263156890869141 0.118812561035156 0.0278854370117188
0.00621795654296875 -0.0297698974609375 -0.122512817382813 -0.183990478515625
0.020416259765625 -0.0292625427246094 -0.35894775390625 -0.33685302734375
0.0499763488769531 -0.02728271484375 -0.61700439453125 -0.3018798828125
0.0458450317382813 -0.00775527954101563 -0.7833251953125 -0.2618408203125
0.00881195068359375 0.0368232727050781 -0.76568603515625 -0.35308837890625
-0.0209884643554688 0.0167160034179688 -0.54168701171875 -0.245513916015625
-0.0109920501708984 -0.0245513916015625 -0.15069580078125 -0.0616607666015625
-0.00417137145996094 0.00628566741943359 0.0896377563476562 -0.0585784912109375
-0.0173835754394531 0.0626373291015625 0.502166748046875 0.20947265625
0.0140056610107422 0.0193119049072266 0.772705078125 0.14044189453125
0.0148305892944336 0.00218677520751953 0.73797607421875 0.17498779296875
-0.00212836265563965 -0.00341200828552246 0.55859375 0.35321044921875
-0.000323295593261719 0.00859451293945313 0.476470947265625 0.404541015625
0.0162935256958008 0.016057014465332 0.312652587890625 0.23291015625
0.0199508666992188 0.00184249877929688 0.116981506347656 0.0206451416015625
0.0312767028808594 -0.000904083251953125 -0.125885009765625 -0.185928344726563
0.0300521850585937 0.00668144226074219 -0.364593505859375 -0.32550048828125
0.0331401824951172 0.00276947021484375 -0.6239013671875 -0.2764892578125
0.0152730941772461 -0.0120325088500977 -0.78759765625 -0.22900390625
0.0103769302368164 0.000725746154785156 -0.7723388671875 -0.32342529296875
0.0191249847412109 0.00782012939453125 -0.544464111328125 -0.2349853515625
0.0125865936279297 0.0163516998291016 -0.151077270507813 -0.065399169921875
0.00424575805664063 0.0623741149902344 0.093048095703125 -0.0493316650390625
0.0306472778320312 0.0832748413085938 0.499847412109375 0.2215576171875
0.0411949157714844 -0.0174903869628906 0.76654052734375 0.16558837890625
-0.00891304016113281 -0.03021240234375 0.7381591796875 0.21099853515625
-0.0395622253417969 0.00780487060546875 0.556304931640625 0.3707275390625
-0.00288772583007813 0.0467109680175781 0.472442626953125 0.40509033203125
0.0389137268066406 0.0442657470703125 0.30120849609375 0.223876953125
0.0380058288574219 0.0265922546386719 0.104209899902344 0.00775146484375
0.0549392700195313 0.0246810913085938 -0.138992309570313 -0.190933227539063
0.0390205383300781 0.0386505126953125 -0.377471923828125 -0.320587158203125
0.0139617919921875 0.03021240234375 -0.63189697265625 -0.2606201171875
-0.0173244476318359 -0.0186862945556641 -0.7896728515625 -0.1981201171875
0.0108184814453125 -0.0367240905761719 -0.77130126953125 -0.29156494140625
0.0574378967285156 -0.00147247314453125 -0.544952392578125 -0.22412109375
0.0358047485351563 0.0572052001953125 -0.144607543945313 -0.059173583984375
0.0151519775390625 0.106407165527344 0.0937347412109375 -0.0254974365234375
0.0698776245117188 0.0909347534179688 0.495697021484375 0.23870849609375
0.0554122924804687 -0.0544548034667969 0.75872802734375 0.1990966796875
-0.0367507934570312 -0.0538063049316406 0.74578857421875 0.2557373046875
-0.0711135864257813 0.0217819213867187 0.5654296875 0.38360595703125
-0.002197265625 0.0774307250976563 0.46710205078125 0.3948974609375
0.0567283630371094 0.0641288757324219 0.280838012695313 0.207611083984375
0.0524215698242188 0.0435714721679688 0.0818939208984375 -0.00728607177734375
0.0710983276367188 0.0440597534179688 -0.160995483398437 -0.199127197265625
0.0405044555664063 0.064178466796875 -0.397308349609375 -0.323883056640625
-0.007537841796875 0.0498161315917969 -0.63818359375 -0.25384521484375
-0.0473747253417969 -0.0301437377929687 -0.78265380859375 -0.174560546875
0.0155181884765625 -0.0714645385742188 -0.7691650390625 -0.26251220703125
0.0936813354492188 -0.005584716796875 -0.53948974609375 -0.210693359375
0.0523834228515625 0.0949935913085938 -0.134674072265625 -0.0437240600585938
0.0303955078125 0.127792358398438 0.0955352783203125 0.00640869140625001
0.0946502685546875 0.0795745849609375 0.490631103515625 0.258056640625
0.0486602783203125 -0.0844802856445312 0.7510986328125 0.23828125
-0.0639724731445312 -0.0608711242675781 0.76324462890625 0.28961181640625
-0.0897979736328125 0.0358428955078125 0.5792236328125 0.38250732421875
0.00213623046875001 0.093902587890625 0.45843505859375 0.372650146484375
0.0675888061523438 0.0708465576171875 0.253494262695313 0.187362670898438
0.0596084594726563 0.0514793395996094 0.0561790466308594 -0.0236434936523437
0.0794219970703125 0.05560302734375 -0.18768310546875 -0.213272094726562
0.0368423461914063 0.0808944702148438 -0.416748046875 -0.33795166015625
-0.0306396484375 0.058685302734375 -0.6416015625 -0.25775146484375
-0.0718231201171875 -0.0461883544921875 -0.7701416015625 -0.1597900390625
0.02593994140625 -0.0986480712890625 -0.762939453125 -0.2349853515625
0.120567321777344 9.918212890625E-05 -0.533050537109375 -0.198760986328125
0.0582275390625 0.125526428222656 -0.12469482421875 -0.0198745727539063
-0.0581283569335938 -0.124053955078125 0.0861663818359375 0.0279922485351562
-0.14251708984375 0.0589599609375 0.50439453125 0.205535888671875
-0.0198745727539063 0.121665954589844 0.7581787109375 0.13531494140625
0.07879638671875 0.04638671875 0.79449462890625 0.13836669921875
0.0585403442382813 -0.0730743408203125 0.62872314453125 0.25665283203125
-0.0335617065429688 -0.106109619140625 0.48162841796875 0.2998046875
-0.0661163330078125 -0.0762405395507813 0.265060424804688 0.184036254882813
-0.0444488525390625 -0.0914077758789063 0.0652732849121094 0.0156326293945312
-0.0468521118164062 -0.100067138671875 -0.1766357421875 -0.208267211914063
0.00762939453124999 -0.112319946289063 -0.394378662109375 -0.395538330078125
0.0874481201171875 -0.075653076171875 -0.6064453125 -0.3701171875
0.0851974487304688 0.0228500366210938 -0.7357177734375 -0.30340576171875
-0.0366592407226563 0.0943603515625 -0.73406982421875 -0.35076904296875
-0.109237670898438 -0.00463104248046875 -0.524383544921875 -0.22686767578125
-0.0401382446289063 -0.114334106445312 -0.133872985839844 0.00482940673828125
-0.0448455810546875 -0.121147155761719 0.0780258178710938 -0.00360870361328126
-0.135643005371094 0.043365478515625 0.50201416015625 0.1956787109375
-0.0313339233398438 0.115524291992188 0.7568359375 0.11651611328125
0.07427978515625 0.0577850341796875 0.77362060546875 0.129150390625
0.066131591796875 -0.0556716918945312 0.6109619140625 0.27789306640625
-0.0197067260742188 -0.0948410034179688 0.488739013671875 0.32489013671875
-0.0532264709472656 -0.0658187866210937 0.291259765625 0.200714111328125
-0.0360488891601563 -0.0766220092773438 0.0904617309570312 0.02410888671875
-0.0369644165039063 -0.0833969116210938 -0.15130615234375 -0.192901611328125
0.00661468505859374 -0.0946121215820313 -0.377471923828125 -0.3697509765625
0.0788040161132813 -0.0713958740234375 -0.611572265625 -0.34564208984375
0.0851821899414063 0.009552001953125 -0.755615234375 -0.2984619140625
-0.0146865844726562 0.089019775390625 -0.74456787109375 -0.36822509765625
-0.0910720825195313 0.0126495361328125 -0.527618408203125 -0.239501953125
-0.0405349731445313 -0.0951690673828125 -0.138298034667969 -0.0252685546875
-0.0282440185546875 -0.0958099365234375 0.0767059326171875 -0.0330276489257813
-0.107070922851563 0.0347900390625 0.50152587890625 0.192352294921875
-0.032012939453125 0.0910797119140625 0.7606201171875 0.10589599609375
0.0574684143066406 0.054473876953125 0.75543212890625 0.1298828125
0.0576629638671875 -0.0349655151367188 0.591552734375 0.2999267578125
-0.00716781616210937 -0.0684814453125 0.491912841796875 0.355010986328125
-0.0326957702636719 -0.0444831848144531 0.310546875 0.215301513671875
-0.0205574035644531 -0.0535659790039062 0.109779357910156 0.0284881591796875
-0.0188484191894531 -0.058685302734375 -0.132080078125 -0.1854248046875
0.0107269287109375 -0.0644149780273438 -0.367156982421875 -0.34722900390625
0.06494140625 -0.0547332763671875 -0.6148681640625 -0.3173828125
0.07061767578125 -0.00205230712890625 -0.773681640625 -0.2786865234375
0.0013580322265625 0.0684814453125 -0.75653076171875 -0.3638916015625
-0.0589981079101562 0.0195770263671875 -0.533447265625 -0.242919921875
-0.0307960510253906 -0.0624351501464844 -0.145462036132813 -0.0472412109375
-0.0140876770019531 -0.0516014099121094 0.0817413330078125 -0.0523681640625
-0.0644721984863281 0.0418815612792969 0.50250244140625 0.19464111328125
-0.0145912170410156 0.0573844909667969 0.76507568359375 0.111083984375
0.0360069274902344 0.0336532592773438 0.740234375 0.142822265625
0.0332813262939453 -0.0165004730224609 0.5711669921875 0.3221435546875
-0.000699996948242187 -0.0319881439208984 0.486785888671875 0.38018798828125
-0.00856494903564453 -0.016047477722168 0.3179931640625 0.2259521484375
-0.00134086608886719 -0.0259189605712891 0.119148254394531 0.0264968872070313
0.00624465942382812 -0.0298900604248047 -0.122787475585938 -0.181884765625
0.0198936462402344 -0.0295391082763672 -0.361358642578125 -0.332366943359375
0.0488052368164063 -0.0283393859863281 -0.616943359375 -0.29205322265625
0.0452499389648437 -0.00858306884765625 -0.78070068359375 -0.2501220703125
0.0093994140625 0.0371589660644531 -0.7664794921875 -0.34320068359375
-0.0205307006835937 0.017242431640625 -0.542327880859375 -0.237274169921875
-0.0116443634033203 -0.0239467620849609 -0.150665283203125 -0.0596160888671875
-0.00412178039550781 0.00582027435302734 0.0876541137695313 -0.0586624145507812
-0.0160484313964844 0.0622634887695313 0.502410888671875 0.201263427734375
0.0141506195068359 0.0197639465332031 0.767822265625 0.1292724609375
0.0143337249755859 0.00246334075927734 0.73583984375 0.16729736328125
-0.00226712226867676 -0.00292372703552246 0.556121826171875 0.34564208984375
-0.000455856323242188 0.00837278366088867 0.47943115234375 0.39691162109375
0.0167922973632813 0.0160608291625977 0.313629150390625 0.228118896484375
0.0196590423583984 0.00185203552246094 0.116691589355469 0.0185775756835937
0.0311031341552734 -0.00154685974121094 -0.126632690429687 -0.18377685546875
0.0306301116943359 0.0057373046875 -0.365325927734375 -0.32135009765625
0.0329017639160156 0.00178718566894531 -0.62298583984375 -0.26898193359375
0.0150184631347656 -0.0122776031494141 -0.78662109375 -0.21856689453125
0.0105295181274414 0.00119304656982422 -0.7706298828125 -0.31549072265625
0.0192222595214844 0.00742340087890625 -0.54425048828125 -0.228668212890625
0.0125436782836914 0.0166473388671875 -0.150680541992188 -0.0645751953125
0.00481033325195313 0.0626487731933594 0.0914306640625 -0.0492019653320312
0.0321273803710938 0.082855224609375 0.5015869140625 0.215576171875
0.0410728454589844 -0.0183639526367188 0.76336669921875 0.15478515625
-0.0101604461669922 -0.0299758911132813 0.73541259765625 0.20172119140625
-0.0400962829589844 0.00945281982421874 0.556976318359375 0.362762451171875
-0.00182723999023438 0.0473594665527344 0.473419189453125 0.397552490234375
0.0403099060058594 0.0439529418945313 0.301849365234375 0.220428466796875
0.0382957458496094 0.0257949829101562 0.103759765625 0.00666046142578125
0.0546646118164063 0.0236053466796875 -0.140060424804688 -0.188949584960937
0.0391960144042969 0.0375137329101563 -0.380340576171875 -0.3165283203125
0.0147190093994141 0.0296478271484375 -0.63079833984375 -0.2518310546875
-0.0174713134765625 -0.0182971954345703 -0.7864990234375 -0.18878173828125
0.0104255676269531 -0.0364570617675781 -0.77166748046875 -0.28289794921875
0.0571784973144531 -0.00197219848632813 -0.544952392578125 -0.216949462890625
0.0365867614746094 0.0569229125976562 -0.144332885742187 -0.057464599609375
0.016876220703125 0.105682373046875 0.0928878784179688 -0.0260238647460937
0.0726547241210938 0.0896987915039062 0.496307373046875 0.233062744140625
0.0545616149902344 -0.0552177429199219 0.7552490234375 0.18939208984375
-0.0377655029296875 -0.0530052185058594 0.74346923828125 0.245849609375
-0.0717926025390625 0.0234832763671875 0.56494140625 0.37371826171875
-0.00106811523437501 0.0773773193359375 0.468841552734375 0.3878173828125
0.0578384399414063 0.0629386901855469 0.280960083007812 0.203689575195312
0.0523757934570313 0.043426513671875 0.0821685791015625 -0.0082244873046875
0.0713653564453125 0.0428695678710937 -0.16253662109375 -0.19696044921875
0.0417556762695313 0.0641593933105469 -0.399261474609375 -0.31915283203125
-0.00662231445312501 0.0501632690429688 -0.63848876953125 -0.24407958984375
-0.0482025146484375 -0.0287437438964844 -0.78106689453125 -0.1650390625
0.0141143798828125 -0.0715408325195313 -0.7681884765625 -0.25189208984375
0.0931930541992187 -0.006072998046875 -0.538909912109375 -0.20428466796875
0.0532760620117188 0.0951919555664063 -0.133979797363281 -0.0425262451171875
0.032012939453125 0.126609802246094 0.0956192016601563 0.00646972656250001
0.09588623046875 0.0783843994140625 0.490631103515625 0.251983642578125
0.0475540161132812 -0.08447265625 0.74896240234375 0.2279052734375
-0.0649261474609375 -0.0595932006835938 0.7615966796875 0.27960205078125
-0.0898284912109375 0.037689208984375 0.579833984375 0.373779296875
0.00368499755859375 0.0933151245117188 0.4609375 0.366058349609375
0.0680656433105469 0.0698776245117188 0.25439453125 0.183441162109375
0.0603561401367187 0.0507965087890625 0.0564613342285156 -0.0244483947753906
0.080535888671875 0.0532913208007812 -0.188812255859375 -0.209671020507812
0.0381927490234375 0.0798721313476563 -0.417633056640625 -0.33172607421875
-0.0292625427246094 0.0588302612304688 -0.6396484375 -0.24920654296875
-0.0723495483398438 -0.0452651977539062 -0.76800537109375 -0.1524658203125
0.0252227783203125 -0.0990676879882812 -0.763427734375 -0.22344970703125
0.120132446289063 -0.00251007080078125 -0.532684326171875 -0.19097900390625
0.0602188110351562 0.125518798828125 -0.124114990234375 -0.0189666748046875
-0.0596084594726562 -0.12371826171875 0.0866546630859375 0.027252197265625
-0.140342712402344 0.0605010986328125 0.504302978515625 0.200439453125
-0.017913818359375 0.121864318847656 0.7542724609375 0.12677001953125
0.0789337158203125 0.0456695556640625 0.78955078125 0.12908935546875
0.0568389892578125 -0.0728683471679688 0.6256103515625 0.24920654296875
-0.0346908569335938 -0.105033874511719 0.480438232421875 0.293609619140625
-0.0665817260742187 -0.0748367309570313 0.264251708984375 0.181396484375
-0.0463485717773437 -0.090362548828125 0.0645065307617188 0.0146064758300781
-0.0473709106445312 -0.0992202758789063 -0.178573608398438 -0.205734252929688
0.00685882568359376 -0.1116943359375 -0.39593505859375 -0.389862060546875
0.085906982421875 -0.0763702392578125 -0.60491943359375 -0.36138916015625
0.085479736328125 0.0225677490234375 -0.733154296875 -0.2933349609375
-0.035369873046875 0.0950088500976563 -0.73260498046875 -0.34283447265625
-0.10833740234375 -0.00263214111328126 -0.523529052734375 -0.219757080078125
-0.041778564453125 -0.113418579101563 -0.132652282714844 0.00502777099609375
-0.0463790893554688 -0.119956970214844 0.0771942138671875 -0.00289916992187501
-0.134063720703125 0.0446319580078125 0.50152587890625 0.1898193359375
-0.0299911499023438 0.11590576171875 0.7530517578125 0.10931396484375
0.0741500854492188 0.0571212768554688 0.76947021484375 0.121337890625
0.0644989013671875 -0.0567665100097656 0.60870361328125 0.27099609375
-0.0201263427734375 -0.0939712524414063 0.489837646484375 0.31878662109375
-0.0544242858886719 -0.0640983581542969 0.291290283203125 0.196380615234375
-0.0368804931640625 -0.076416015625 0.090545654296875 0.023468017578125
-0.03778076171875 -0.082366943359375 -0.151565551757813 -0.191009521484375
0.00521087646484376 -0.0942764282226563 -0.37945556640625 -0.363006591796875
0.077239990234375 -0.0725250244140625 -0.60986328125 -0.33837890625
0.0851898193359375 0.00948333740234375 -0.75469970703125 -0.28912353515625
-0.0130691528320313 0.0897216796875 -0.745361328125 -0.358154296875
-0.0904998779296875 0.0143966674804687 -0.5289306640625 -0.233001708984375
-0.0421066284179688 -0.0928115844726563 -0.137466430664063 -0.0233840942382813
-0.028839111328125 -0.0964431762695313 0.0759735107421875 -0.0320968627929688
-0.105743408203125 0.0365982055664063 0.501739501953125 0.186187744140625
-0.0303115844726562 0.0909194946289062 0.7581787109375 0.09716796875
0.0584754943847656 0.0544929504394531 0.74981689453125 0.12152099609375
0.0567283630371094 -0.0357093811035156 0.5899658203125 0.29254150390625
-0.00807189941406249 -0.068145751953125 0.49224853515625 0.347442626953125
-0.0339088439941406 -0.0434036254882813 0.31109619140625 0.2105712890625
-0.0216293334960938 -0.0532569885253906 0.109771728515625 0.0269775390625
-0.0201072692871094 -0.0579376220703125 -0.132858276367188 -0.18267822265625
0.010009765625 -0.064697265625 -0.3671875 -0.341552734375
0.0636138916015625 -0.0558052062988281 -0.6142578125 -0.310546875
0.0700607299804688 -0.00309371948242188 -0.77093505859375 -0.26873779296875
0.0030670166015625 0.0684394836425781 -0.7562255859375 -0.35455322265625
-0.0584602355957031 0.0211982727050781 -0.53302001953125 -0.23681640625
-0.0316162109375 -0.0611686706542969 -0.144195556640625 -0.046142578125
-0.0144157409667969 -0.0516891479492188 0.0807571411132812 -0.0526657104492188
-0.0633277893066406 0.0427207946777344 0.50213623046875 0.18853759765625
-0.0138740539550781 0.0569381713867188 0.7620849609375 0.10113525390625
0.0364112854003906 0.0339508056640625 0.736083984375 0.13323974609375
0.0321903228759766 -0.0172615051269531 0.56890869140625 0.31573486328125
-0.000795364379882811 -0.0318164825439453 0.486175537109375 0.3734130859375
-0.00877189636230468 -0.0158462524414063 0.318359375 0.222076416015625
-0.00222396850585938 -0.0258712768554688 0.118270874023438 0.02490234375
0.00471305847167969 -0.0302104949951172 -0.1231689453125 -0.179656982421875
0.0187549591064453 -0.0299091339111328 -0.36248779296875 -0.325347900390625
0.0484085083007813 -0.0287361145019531 -0.61474609375 -0.28521728515625
0.0449790954589844 -0.00914382934570313 -0.77886962890625 -0.24200439453125
0.00939559936523437 0.0377845764160156 -0.7645263671875 -0.33447265625
-0.0207118988037109 0.0181808471679687 -0.541259765625 -0.230712890625
-0.0114307403564453 -0.0235748291015625 -0.149795532226562 -0.0591888427734375
-0.00410270690917969 0.00505971908569336 0.086700439453125 -0.05908203125
-0.0141868591308594 0.0627098083496094 0.5009765625 0.19708251953125
0.014617919921875 0.0194187164306641 0.7630615234375 0.11944580078125
0.0141201019287109 0.00264739990234375 0.73052978515625 0.15704345703125
-0.00287723541259766 -0.00272846221923828 0.555511474609375 0.337432861328125
-0.000154495239257813 0.00878810882568359 0.480133056640625 0.389862060546875
0.0173044204711914 0.0156936645507813 0.3138427734375 0.223541259765625
0.0197582244873047 0.0012664794921875 0.116157531738281 0.01751708984375
0.03094482421875 -0.00208854675292969 -0.126419067382812 -0.181625366210938
0.0298614501953125 0.00521659851074219 -0.366363525390625 -0.313751220703125
0.0323867797851563 0.00114059448242188 -0.62078857421875 -0.2607421875
0.0149402618408203 -0.0127172470092773 -0.78338623046875 -0.2110595703125
0.00983715057373047 0.00104045867919922 -0.76922607421875 -0.30438232421875
0.0187664031982422 0.00822067260742188 -0.543792724609375 -0.2218017578125
0.013275146484375 0.0169687271118164 -0.150192260742188 -0.063873291015625
0.005126953125 0.0620651245117187 0.0899200439453125 -0.0493850708007812
0.0337753295898438 0.0825958251953125 0.49835205078125 0.209197998046875
0.0406723022460938 -0.0186653137207031 0.7591552734375 0.14501953125
-0.0111083984375 -0.0295982360839844 0.7293701171875 0.1923828125
-0.0395431518554688 0.010528564453125 0.556060791015625 0.356903076171875
-0.00154495239257812 0.0472640991210938 0.4730224609375 0.392059326171875
0.0399589538574219 0.0433425903320312 0.30291748046875 0.214996337890625
0.0387229919433594 0.0252838134765625 0.102882385253906 0.00494384765625
0.0540046691894531 0.0224151611328125 -0.140960693359375 -0.186065673828125
0.0395584106445313 0.0371284484863281 -0.38055419921875 -0.31146240234375
0.0156154632568359 0.0294513702392578 -0.63067626953125 -0.24432373046875
-0.0175933837890625 -0.0180759429931641 -0.78314208984375 -0.17889404296875
0.009521484375 -0.0358390808105469 -0.76971435546875 -0.2747802734375
0.0571517944335938 -0.00240325927734375 -0.542205810546875 -0.209228515625
0.0367355346679688 0.0572166442871094 -0.144790649414063 -0.0576324462890625
0.0175094604492188 0.10491943359375 0.0916366577148438 -0.0262680053710937
0.0733413696289063 0.0889434814453125 0.49493408203125 0.2255859375
0.0541572570800781 -0.0548248291015625 0.7506103515625 0.18121337890625
-0.0387840270996094 -0.0521316528320313 0.74029541015625 0.23651123046875
-0.0716476440429688 0.024749755859375 0.56402587890625 0.36749267578125
0.000381469726562508 0.0769577026367188 0.469940185546875 0.38140869140625
0.0588798522949219 0.0618782043457031 0.281982421875 0.19970703125
0.0527076721191406 0.0421638488769531 0.0815200805664063 -0.00894927978515625
0.0718917846679688 0.0408477783203125 -0.162948608398438 -0.194183349609375
0.0429344177246094 0.062408447265625 -0.398834228515625 -0.31439208984375
-0.006072998046875 0.049774169921875 -0.6370849609375 -0.2364501953125
-0.0480766296386719 -0.0281295776367187 -0.77789306640625 -0.15625
0.0131301879882813 -0.0710067749023438 -0.76666259765625 -0.24432373046875
0.092132568359375 -0.00701904296875 -0.5391845703125 -0.19830322265625
0.0543899536132812 0.0941543579101563 -0.133590698242188 -0.0421142578125
0.0333328247070312 0.125999450683594 0.094268798828125 0.00564575195312501
0.0980377197265625 0.0766372680664063 0.490081787109375 0.244659423828125
0.0465774536132813 -0.0848464965820312 0.7430419921875 0.218994140625
-0.0660362243652344 -0.0580787658691406 0.75628662109375 0.27154541015625
-0.0888442993164063 0.039215087890625 0.57806396484375 0.36590576171875
0.00517272949218751 0.0928421020507813 0.461029052734375 0.358734130859375
0.0692405700683594 0.0681419372558594 0.254562377929688 0.18035888671875
0.0603904724121094 0.0496406555175781 0.0553245544433594 -0.0245323181152344
0.0798263549804688 0.0516128540039063 -0.189041137695312 -0.207351684570313
0.0400924682617187 0.0790023803710938 -0.41796875 -0.325286865234375
-0.0279579162597656 0.0597496032714844 -0.6376953125 -0.24163818359375
-0.0728225708007813 -0.0437774658203125 -0.7645263671875 -0.14306640625
0.0234375 -0.097869873046875 -0.75872802734375 -0.21600341796875
0.119880676269531 -0.00311279296875 -0.531280517578125 -0.185943603515625
0.06134033203125 0.124412536621094 -0.123512268066406 -0.0180130004882813
-0.0607757568359375 -0.12286376953125 0.0858840942382812 0.0276107788085937
-0.138290405273438 0.0624008178710938 0.502227783203125 0.19598388671875
-0.0159072875976562 0.122276306152344 0.7496337890625 0.117919921875
0.0792770385742188 0.0447769165039063 0.783203125 0.12164306640625
0.0554962158203125 -0.0729522705078125 0.62103271484375 0.24298095703125
-0.0346527099609375 -0.104652404785156 0.4783935546875 0.2855224609375
-0.0676727294921875 -0.0733184814453125 0.263885498046875 0.177871704101563
-0.046844482421875 -0.0893020629882813 0.0643882751464844 0.0140838623046875
-0.0494613647460938 -0.0982437133789062 -0.178207397460938 -0.2025146484375
0.00495910644531251 -0.111434936523438 -0.3956298828125 -0.38360595703125
0.084259033203125 -0.0773086547851563 -0.603515625 -0.35394287109375
0.0854644775390625 0.0207138061523438 -0.73260498046875 -0.28662109375
-0.0343704223632813 0.0950088500976563 -0.72998046875 -0.3349609375
-0.108985900878906 -0.000823974609374995 -0.521240234375 -0.2161865234375
-0.0428466796875 -0.112495422363281 -0.131416320800781 0.00596618652343752
-0.0483627319335937 -0.119537353515625 0.0760345458984375 -0.00352478027343751
-0.132392883300781 0.0462722778320312 0.5008544921875 0.184906005859375
-0.0276870727539063 0.116737365722656 0.74725341796875 0.09979248046875
0.0742950439453125 0.0570602416992188 0.76287841796875 0.11383056640625
0.0636062622070313 -0.0573348999023438 0.60595703125 0.2630615234375
-0.0213088989257813 -0.09326171875 0.489654541015625 0.3138427734375
-0.0546073913574219 -0.0630416870117188 0.290740966796875 0.193145751953125
-0.0377960205078125 -0.0752792358398438 0.0904541015625 0.0226211547851562
-0.0394973754882812 -0.081695556640625 -0.151336669921875 -0.188430786132813
0.00324249267578125 -0.0941925048828125 -0.37890625 -0.35858154296875
0.0761184692382813 -0.0737152099609375 -0.60772705078125 -0.330078125
0.0856399536132813 0.00769805908203125 -0.752197265625 -0.28131103515625
-0.0123443603515625 0.090179443359375 -0.74212646484375 -0.3499755859375
-0.090240478515625 0.0152816772460938 -0.524658203125 -0.227783203125
-0.0430679321289062 -0.0925750732421875 -0.137351989746094 -0.0233230590820313
-0.0305633544921875 -0.095458984375 0.0753860473632813 -0.0322647094726563
-0.1038818359375 0.0377655029296875 0.499237060546875 0.179901123046875
-0.0279617309570312 0.0919265747070312 0.75030517578125 0.08807373046875
0.0577201843261719 0.0527381896972656 0.74560546875 0.11358642578125
0.0555686950683594 -0.0360145568847656 0.58636474609375 0.28643798828125
-0.00832366943359376 -0.0676612854003906 0.490875244140625 0.343414306640625
-0.0335350036621094 -0.043212890625 0.309661865234375 0.207061767578125
-0.0221405029296875 -0.0527763366699219 0.109420776367187 0.025909423828125
-0.0206413269042969 -0.0574264526367188 -0.133163452148438 -0.180755615234375
0.0087432861328125 -0.0648117065429688 -0.367523193359375 -0.335662841796875
0.0626373291015625 -0.0562591552734375 -0.6103515625 -0.302734375
0.0703201293945313 -0.00331878662109375 -0.76824951171875 -0.25897216796875
0.00372314453125 0.06842041015625 -0.7550048828125 -0.34600830078125
-0.0580253601074219 0.0217247009277344 -0.5322265625 -0.2314453125
-0.0326194763183594 -0.0606651306152344 -0.144546508789063 -0.0450897216796875
-0.0151786804199219 -0.0517921447753906 0.07904052734375 -0.0519638061523438
-0.0614051818847656 0.0435256958007812 0.498992919921875 0.1837158203125
-0.0124855041503906 0.0576858520507812 0.75567626953125 0.0933837890625
0.036773681640625 0.0335960388183594 0.7308349609375 0.125732421875
0.0313701629638672 -0.0166797637939453 0.56683349609375 0.30926513671875
-0.00171470642089844 -0.0319576263427734 0.486480712890625 0.36737060546875
-0.00852489471435547 -0.0149822235107422 0.31793212890625 0.2176513671875
-0.00206375122070313 -0.026031494140625 0.1180419921875 0.023773193359375
0.00374603271484375 -0.0295677185058594 -0.1236572265625 -0.178466796875
0.0183773040771484 -0.0306453704833984 -0.360687255859375 -0.3203125
0.0477180480957031 -0.0295219421386719 -0.6124267578125 -0.27728271484375
0.04547119140625 -0.00997543334960937 -0.7747802734375 -0.2337646484375
0.0100936889648438 0.0382156372070313 -0.763427734375 -0.32720947265625
-0.0203342437744141 0.0184898376464844 -0.539520263671875 -0.226043701171875
-0.0123577117919922 -0.0234203338623047 -0.14971923828125 -0.0575714111328125
-0.00413417816162109 0.00479602813720703 0.0846176147460938 -0.0582046508789063
-0.0131607055664063 0.062286376953125 0.498870849609375 0.19146728515625
0.01495361328125 0.0197525024414062 0.75738525390625 0.110595703125
0.0134925842285156 0.00245952606201172 0.72344970703125 0.14959716796875
-0.00259184837341309 -0.00211691856384277 0.5538330078125 0.332977294921875
0.000211238861083984 0.0087742805480957 0.479461669921875 0.383514404296875
0.0178928375244141 0.0148258209228516 0.313751220703125 0.2198486328125
0.0193271636962891 0.00128936767578125 0.115730285644531 0.0161819458007813
0.0304355621337891 -0.00227737426757812 -0.126663208007812 -0.17913818359375
0.0301513671875 0.00533103942871094 -0.3648681640625 -0.31072998046875
0.0324344635009766 0.0008697509765625 -0.61865234375 -0.2545166015625
0.0145549774169922 -0.0126581192016602 -0.780517578125 -0.20159912109375
0.0102081298828125 0.00198078155517578 -0.76751708984375 -0.29742431640625
0.0193576812744141 0.00774002075195313 -0.5426025390625 -0.216766357421875
0.0130071640014648 0.0170450210571289 -0.150039672851563 -0.062286376953125
0.00637054443359374 0.0608978271484375 0.08837890625 -0.04937744140625
0.035125732421875 0.08184814453125 0.497344970703125 0.20318603515625
0.0411109924316406 -0.0186309814453125 0.752197265625 0.1375732421875
-0.0116424560546875 -0.0292606353759766 0.7259521484375 0.1859130859375
-0.0406608581542969 0.0110702514648437 0.552642822265625 0.3499755859375
0.00028610229492188 0.0468559265136719 0.475341796875 0.38482666015625
0.0407905578613281 0.0426673889160156 0.30230712890625 0.211090087890625
0.0384178161621094 0.0247764587402344 0.102706909179688 0.00461578369140625
0.0539741516113281 0.0211601257324219 -0.140701293945313 -0.183609008789063
0.0397148132324219 0.0363807678222656 -0.379180908203125 -0.305419921875
0.0152015686035156 0.0293312072753906 -0.6253662109375 -0.23858642578125
-0.0176906585693359 -0.0175590515136719 -0.77789306640625 -0.17108154296875
0.00864028930664063 -0.0353240966796875 -0.767333984375 -0.2674560546875
0.0567512512207031 -0.00285720825195313 -0.541229248046875 -0.204864501953125
0.0373916625976562 0.0564422607421875 -0.143844604492188 -0.0562744140625
0.0188751220703125 0.103416442871094 0.0906219482421875 -0.0261917114257812
0.0752639770507813 0.08697509765625 0.491912841796875 0.2205810546875
0.0528221130371094 -0.0556716918945313 0.74517822265625 0.1717529296875
-0.0405387878417969 -0.0511894226074219 0.7357177734375 0.228759765625
-0.070587158203125 0.026519775390625 0.561492919921875 0.3604736328125
0.0016021728515625 0.0761184692382813 0.46807861328125 0.3751220703125
0.0590286254882813 0.06134033203125 0.28094482421875 0.196670532226563
0.0527801513671875 0.04193115234375 0.0811614990234375 -0.0098419189453125
0.0721359252929688 0.0402450561523438 -0.16290283203125 -0.192306518554687
0.0439987182617188 0.0618515014648438 -0.39825439453125 -0.309173583984375
-0.00551986694335937 0.0499992370605469 -0.63323974609375 -0.23046875
-0.0483779907226563 -0.0270614624023437 -0.77191162109375 -0.1484375
0.0119552612304688 -0.0707015991210937 -0.76318359375 -0.235595703125
0.0925827026367188 -0.0079803466796875 -0.535919189453125 -0.193450927734375
0.0549774169921875 0.0935745239257813 -0.13372802734375 -0.0406951904296875
0.034088134765625 0.123870849609375 0.0932235717773438 0.00511169433593751
0.0992355346679687 0.0757522583007813 0.4893798828125 0.23944091796875
0.0444793701171875 -0.0848007202148438 0.73870849609375 0.2099609375
-0.0662651062011719 -0.0569038391113281 0.752197265625 0.2637939453125
-0.0886001586914063 0.0411834716796875 0.57647705078125 0.3597412109375
0.00691986083984374 0.0925674438476563 0.460174560546875 0.35308837890625
0.0705184936523438 0.0672225952148438 0.25372314453125 0.177322387695312
0.0609893798828125 0.0480270385742187 0.05523681640625 -0.0255279541015625
0.0801010131835938 0.050689697265625 -0.189117431640625 -0.204025268554688
0.0402755737304688 0.0772552490234375 -0.416290283203125 -0.32025146484375
-0.0275840759277344 0.0585975646972656 -0.634521484375 -0.23553466796875
-0.0729598999023438 -0.0426712036132812 -0.7587890625 -0.136962890625
0.02215576171875 -0.097137451171875 -0.75567626953125 -0.2088623046875
0.119400024414063 -0.003936767578125 -0.53131103515625 -0.181549072265625
0.062408447265625 0.123626708984375 -0.12353515625 -0.01812744140625
-0.0616836547851563 -0.122245788574219 0.0855560302734375 0.0271530151367188
-0.136962890625 0.0628433227539063 0.4998779296875 0.19073486328125
-0.01470947265625 0.121475219726563 0.743896484375 0.11376953125
0.07879638671875 0.0438995361328125 0.77813720703125 0.11456298828125
0.0542678833007812 -0.0738449096679688 0.618896484375 0.2384033203125
-0.0360946655273438 -0.10296630859375 0.476837158203125 0.281951904296875
-0.0683135986328125 -0.072235107421875 0.262725830078125 0.174850463867187
-0.047760009765625 -0.0888214111328125 0.0640640258789063 0.0133056640625
-0.0503463745117188 -0.0969161987304688 -0.177719116210938 -0.199981689453125
0.00410461425781251 -0.111793518066406 -0.395721435546875 -0.378082275390625
0.0835113525390625 -0.0778045654296875 -0.60223388671875 -0.3482666015625
0.0856857299804688 0.0202484130859375 -0.72723388671875 -0.27911376953125
-0.0332107543945312 0.0949172973632812 -0.72906494140625 -0.32830810546875
-0.108596801757813 0.000396728515625007 -0.520416259765625 -0.210052490234375
-0.0438995361328125 -0.111907958984375 -0.129989624023438 0.00651550292968747
-0.0493545532226563 -0.119392395019531 0.075775146484375 -0.00263977050781251
-0.130134582519531 0.0472412109375 0.498077392578125 0.17999267578125
-0.026092529296875 0.116371154785156 0.7423095703125 0.093505859375
0.0745315551757813 0.0555267333984375 0.7562255859375 0.10772705078125
0.062286376953125 -0.0574989318847656 0.60235595703125 0.25994873046875
-0.0222549438476562 -0.0924758911132813 0.48651123046875 0.308746337890625
-0.0554275512695313 -0.0623626708984375 0.290283203125 0.18988037109375
-0.0389633178710938 -0.074188232421875 0.0899200439453125 0.0217514038085937
-0.040313720703125 -0.0808792114257812 -0.15283203125 -0.18597412109375
0.00286102294921875 -0.0942611694335938 -0.379180908203125 -0.35333251953125
0.0752716064453125 -0.074127197265625 -0.60626220703125 -0.3251953125
0.0851058959960938 0.00675201416015625 -0.7501220703125 -0.274169921875
-0.0107040405273438 0.0902938842773438 -0.739990234375 -0.343017578125
-0.0900497436523437 0.0166778564453125 -0.52398681640625 -0.222747802734375
-0.0440292358398437 -0.091827392578125 -0.136207580566406 -0.0227279663085938
-0.0309066772460937 -0.0964736938476563 0.0737762451171875 -0.0318679809570313
-0.103355407714844 0.0384063720703125 0.49810791015625 0.177215576171875
-0.0268173217773437 0.09222412109375 0.74505615234375 0.08197021484375
0.0578117370605469 0.0527839660644531 0.73944091796875 0.10791015625
0.0545692443847656 -0.0358734130859375 0.58331298828125 0.28009033203125
-0.00986480712890626 -0.0674667358398438 0.48974609375 0.33734130859375
-0.0338478088378906 -0.0415420532226563 0.3096923828125 0.20379638671875
-0.0232696533203125 -0.0521125793457031 0.108551025390625 0.0247344970703125
-0.0218734741210938 -0.0568771362304688 -0.132415771484375 -0.178695678710938
0.00870895385742187 -0.0650634765625 -0.365509033203125 -0.3306884765625
0.0614242553710938 -0.0570144653320312 -0.60906982421875 -0.29547119140625
0.0702629089355469 -0.0041351318359375 -0.76318359375 -0.254638671875
0.00455093383789063 0.0697135925292969 -0.75244140625 -0.338134765625
-0.0584983825683594 0.0227584838867188 -0.5299072265625 -0.22662353515625
-0.0321998596191406 -0.0602798461914062 -0.143630981445313 -0.044677734375
-0.0154457092285156 -0.0517807006835937 0.0777969360351563 -0.0514755249023438
-0.0598106384277344 0.0438766479492188 0.49700927734375 0.1795654296875
-0.012603759765625 0.0582199096679688 0.750244140625 0.0882568359375
0.0358924865722656 0.0329513549804688 0.72467041015625 0.1207275390625
0.0303058624267578 -0.0163059234619141 0.56298828125 0.30615234375
-0.00185394287109375 -0.0316753387451172 0.4849853515625 0.362518310546875
-0.00839424133300781 -0.0149087905883789 0.31671142578125 0.21392822265625
-0.00299453735351563 -0.0256767272949219 0.117919921875 0.0225143432617187
0.00301742553710938 -0.0304660797119141 -0.123611450195313 -0.17584228515625
0.0184078216552734 -0.0300750732421875 -0.360443115234375 -0.316497802734375
0.0472412109375 -0.0297698974609375 -0.60931396484375 -0.27142333984375
0.0447998046875 -0.0103607177734375 -0.7708740234375 -0.2265625
0.0104751586914063 0.0382957458496094 -0.759765625 -0.3193359375
-0.0202369689941406 0.0189323425292969 -0.5377197265625 -0.2198486328125
-0.0126495361328125 -0.0225505828857422 -0.14837646484375 -0.05743408203125
-0.0038609504699707 0.00485467910766602 0.0834732055664062 -0.05792236328125
-0.0114707946777344 0.0630569458007813 0.49835205078125 0.187286376953125
0.0149173736572266 0.0195941925048828 0.7513427734375 0.10369873046875
0.0132265090942383 0.00280570983886719 0.71990966796875 0.14471435546875
-0.00391077995300293 -0.00129413604736328 0.549530029296875 0.326416015625
0.000178337097167968 0.00829219818115234 0.47918701171875 0.37823486328125
0.0177230834960937 0.0152263641357422 0.31329345703125 0.216552734375
0.0184612274169922 0.00127410888671875 0.115890502929688 0.0151748657226562
0.0302162170410156 -0.00396156311035156 -0.126083374023437 -0.178390502929688
0.0308551788330078 0.00451469421386719 -0.365447998046875 -0.306121826171875
0.0328826904296875 0.000467300415039063 -0.61529541015625 -0.24688720703125
0.0148305892944336 -0.0130214691162109 -0.7760009765625 -0.195068359375
0.00940799713134766 0.00220775604248047 -0.7637939453125 -0.28936767578125
0.0181350708007813 0.00839424133300781 -0.540924072265625 -0.211212158203125
0.0130414962768555 0.0166330337524414 -0.149246215820313 -0.061614990234375
0.00624847412109374 0.0607414245605469 0.08758544921875 -0.04852294921875
0.0362319946289063 0.0807647705078125 0.497100830078125 0.19873046875
0.0405807495117188 -0.0189781188964844 0.7467041015625 0.12982177734375
-0.0125675201416016 -0.028778076171875 0.7197265625 0.17962646484375
-0.0398406982421875 0.0125465393066406 0.550811767578125 0.344696044921875
-6.48498535156205E-05 0.0471420288085938 0.4727783203125 0.379669189453125
0.0419197082519531 0.0421295166015625 0.302032470703125 0.20770263671875
0.0386276245117187 0.0243988037109375 0.10235595703125 0.003143310546875
0.0539093017578125 0.0202293395996094 -0.140716552734375 -0.182632446289063
0.0406379699707031 0.0354423522949219 -0.378326416015625 -0.301788330078125
0.0158481597900391 0.0282249450683594 -0.6236572265625 -0.23126220703125
-0.0177268981933594 -0.0181045532226563 -0.775390625 -0.16436767578125
0.00814628601074218 -0.034576416015625 -0.76318359375 -0.2603759765625
0.0565299987792969 -0.00298309326171875 -0.53955078125 -0.200439453125
0.0378646850585938 0.0561676025390625 -0.143386840820313 -0.05548095703125
0.0200881958007813 0.103141784667969 0.0898513793945313 -0.0259780883789062
0.0762863159179688 0.0860366821289063 0.491851806640625 0.216400146484375
0.0518646240234375 -0.0563240051269531 0.7388916015625 0.16351318359375
-0.0403060913085938 -0.0504798889160156 0.729248046875 0.2222900390625
-0.0703048706054688 0.0275421142578125 0.55950927734375 0.355865478515625
0.00295257568359375 0.0768356323242187 0.467376708984375 0.368621826171875
0.0596771240234375 0.060089111328125 0.280303955078125 0.193603515625
0.0532035827636719 0.0408706665039062 0.0812454223632813 -0.010284423828125
0.0719146728515625 0.0386276245117188 -0.1627197265625 -0.189605712890625
0.0448265075683594 0.0616416931152344 -0.397308349609375 -0.304229736328125
-0.00505065917968751 0.0497856140136719 -0.6297607421875 -0.2249755859375
-0.0489540100097656 -0.0268783569335938 -0.77020263671875 -0.1431884765625
0.0111961364746094 -0.0694656372070313 -0.7598876953125 -0.229248046875
0.0917816162109375 -0.0084991455078125 -0.53509521484375 -0.188079833984375
0.0561676025390625 0.0929641723632813 -0.132568359375 -0.0408477783203125
0.0347747802734375 0.122840881347656 0.092742919921875 0.00576019287109376
0.0996780395507813 0.0742645263671875 0.487152099609375 0.23504638671875
0.0436553955078125 -0.0847015380859375 0.73297119140625 0.20166015625
-0.0674209594726563 -0.0561714172363281 0.7479248046875 0.25537109375
-0.0872650146484375 0.042877197265625 0.57354736328125 0.353759765625
0.00751495361328125 0.0920639038085938 0.4588623046875 0.34808349609375
0.0709609985351563 0.0660629272460938 0.253372192382812 0.174453735351562
0.0614700317382813 0.0482101440429688 0.0544166564941406 -0.0251693725585938
0.0804519653320313 0.0489501953125 -0.188888549804688 -0.201934814453125
0.0410003662109375 0.0768356323242188 -0.416351318359375 -0.314788818359375
-0.0269546508789062 0.0595169067382813 -0.63165283203125 -0.22894287109375
-0.0730056762695312 -0.0421066284179688 -0.7552490234375 -0.1302490234375
0.0204849243164063 -0.0970458984375 -0.751708984375 -0.203857421875
0.119728088378906 -0.0046844482421875 -0.528411865234375 -0.176361083984375
0.0642242431640625 0.122543334960938 -0.121833801269531 -0.0172042846679687
-0.0626602172851563 -0.122314453125 0.084808349609375 0.0275955200195312
-0.134651184082031 0.0633773803710937 0.49713134765625 0.186920166015625
-0.0133438110351563 0.121665954589844 0.7384033203125 0.1058349609375
0.0790328979492188 0.0433273315429688 0.77105712890625 0.1085205078125
0.0516891479492188 -0.073089599609375 0.6138916015625 0.2342529296875
-0.036773681640625 -0.102073669433594 0.47406005859375 0.27899169921875
-0.068603515625 -0.0707321166992188 0.261581420898438 0.17218017578125
-0.0485153198242188 -0.0884246826171875 0.0641708374023438 0.0125732421875
-0.0511398315429687 -0.0975112915039063 -0.17779541015625 -0.197952270507813
0.0025177001953125 -0.111244201660156 -0.39581298828125 -0.373992919921875
0.0823898315429688 -0.0788040161132813 -0.59857177734375 -0.34405517578125
0.0855941772460938 0.01904296875 -0.72357177734375 -0.273681640625
-0.0315704345703125 0.09625244140625 -0.7252197265625 -0.322509765625
-0.107826232910156 0.00109100341796875 -0.51751708984375 -0.206634521484375
-0.0445327758789063 -0.111320495605469 -0.129753112792969 0.00682067871093749
-0.0496139526367188 -0.119300842285156 0.0757675170898438 -0.00245666503906251
-0.12896728515625 0.0480422973632812 0.4957275390625 0.175933837890625
-0.0249099731445313 0.116218566894531 0.7344970703125 0.0889892578125
0.0747146606445313 0.0550994873046875 0.7515869140625 0.10345458984375
0.0612678527832031 -0.057403564453125 0.5999755859375 0.2548828125
-0.0230941772460937 -0.0917205810546875 0.485321044921875 0.30535888671875
-0.0551223754882813 -0.0606956481933594 0.2880859375 0.187164306640625
-0.0399932861328125 -0.073455810546875 0.0897750854492187 0.0206832885742187
-0.0410308837890625 -0.0813980102539063 -0.151626586914063 -0.184600830078125
0.002410888671875 -0.0938873291015625 -0.377777099609375 -0.348785400390625
0.073577880859375 -0.0750961303710938 -0.60321044921875 -0.319091796875
0.0859298706054688 0.00556182861328125 -0.7462158203125 -0.26806640625
-0.0104598999023438 0.0904693603515625 -0.7371826171875 -0.3382568359375
-0.0899734497070313 0.0173568725585938 -0.522064208984375 -0.218963623046875
-0.0442886352539062 -0.0906829833984375 -0.134841918945313 -0.022735595703125
-0.0317840576171875 -0.09625244140625 0.073028564453125 -0.0311355590820313
-0.101699829101562 0.037841796875 0.49530029296875 0.172943115234375
-0.0259933471679688 0.0923614501953125 0.73944091796875 0.07720947265625
0.0580635070800781 0.0518150329589844 0.73193359375 0.1033935546875
0.053863525390625 -0.0367889404296875 0.57965087890625 0.27703857421875
-0.0101051330566406 -0.0668563842773438 0.489105224609375 0.334503173828125
-0.0342369079589844 -0.0415306091308594 0.308135986328125 0.200347900390625
-0.0238189697265625 -0.0512351989746094 0.10833740234375 0.0228652954101562
-0.0227928161621094 -0.0570640563964844 -0.13189697265625 -0.177032470703125
0.00753021240234375 -0.0646858215332031 -0.366363525390625 -0.326812744140625
0.060333251953125 -0.0572128295898438 -0.60406494140625 -0.29150390625
0.0701408386230469 -0.00489425659179688 -0.76031494140625 -0.24798583984375
0.00471878051757813 0.0692787170410156 -0.75146484375 -0.3350830078125
-0.0574836730957031 0.0237617492675781 -0.52825927734375 -0.22283935546875
-0.033050537109375 -0.05908203125 -0.143173217773438 -0.044647216796875
-0.0165977478027344 -0.0521888732910156 0.0775070190429688 -0.051055908203125
-0.0592002868652344 0.0441703796386719 0.49609375 0.17437744140625
-0.0110244750976562 0.0573081970214844 0.74176025390625 0.0816650390625
0.0361557006835938 0.0328102111816406 0.719482421875 0.11566162109375
0.0298252105712891 -0.0164546966552734 0.56036376953125 0.30078125
-0.00218772888183594 -0.0314979553222656 0.48333740234375 0.35870361328125
-0.00891208648681641 -0.0141897201538086 0.315521240234375 0.2108154296875
-0.0040130615234375 -0.0254573822021484 0.117973327636719 0.0219573974609375
0.00235557556152344 -0.0307273864746094 -0.123641967773437 -0.17413330078125
0.0174942016601563 -0.0306015014648438 -0.360992431640625 -0.312255859375
0.0463790893554688 -0.0310249328613281 -0.60650634765625 -0.2672119140625
0.0449256896972656 -0.010589599609375 -0.76715087890625 -0.2215576171875
0.0104751586914062 0.0385704040527344 -0.75701904296875 -0.3135986328125
-0.0203971862792969 0.0197124481201172 -0.53546142578125 -0.216156005859375
-0.0122642517089844 -0.0220928192138672 -0.14776611328125 -0.057403564453125
-0.00437545776367188 0.00335860252380371 0.0820770263671875 -0.0570449829101563
-0.0104751586914063 0.0616874694824219 0.49560546875 0.183746337890625
0.0151119232177734 0.0199413299560547 0.74578857421875 0.09857177734375
0.0119295120239258 0.00244712829589844 0.71295166015625 0.140380859375
-0.00400590896606445 -0.00198864936828613 0.549041748046875 0.323089599609375
0.000546455383300781 0.00814199447631836 0.478485107421875 0.375274658203125
0.0175085067749023 0.0149154663085938 0.3115234375 0.21356201171875
0.0181236267089844 0.00139999389648438 0.115249633789062 0.014617919921875
0.0295276641845703 -0.00345611572265625 -0.126144409179688 -0.176986694335937
0.0304374694824219 0.003814697265625 -0.364715576171875 -0.301910400390625
0.0318698883056641 -0.000162124633789063 -0.61309814453125 -0.24346923828125
0.0142192840576172 -0.0135402679443359 -0.77154541015625 -0.19024658203125
0.00993824005126953 0.00276756286621094 -0.76141357421875 -0.28692626953125
0.0180549621582031 0.00860023498535156 -0.53857421875 -0.20751953125
0.0137882232666016 0.0172233581542969 -0.147781372070313 -0.0603485107421875
0.00640487670898437 0.0602607727050781 0.0851669311523437 -0.0476455688476562
0.0375213623046875 0.0797348022460938 0.494598388671875 0.195556640625
0.0407905578613281 -0.01904296875 0.740234375 0.12451171875
-0.0128974914550781 -0.0278797149658203 0.7149658203125 0.17572021484375
-0.0398635864257813 0.0127487182617187 0.547760009765625 0.339813232421875
0.000995635986328125 0.0461845397949219 0.47265625 0.375244140625
0.0416030883789063 0.0411949157714844 0.301483154296875 0.205291748046875
0.037994384765625 0.0241241455078125 0.102035522460938 0.003570556640625
0.0534629821777344 0.0195579528808594 -0.14056396484375 -0.18048095703125
0.0406761169433594 0.0349807739257812 -0.37713623046875 -0.2982177734375
0.0152168273925781 0.0284748077392578 -0.6199951171875 -0.2264404296875
-0.0181407928466797 -0.0169010162353516 -0.77032470703125 -0.15985107421875
0.00789070129394531 -0.0336189270019531 -0.76043701171875 -0.255126953125
0.0567817687988281 -0.00322723388671875 -0.53582763671875 -0.19775390625
0.03826904296875 0.0566329956054688 -0.14337158203125 -0.0557708740234375
0.0201797485351563 0.10198974609375 0.0879364013671875 -0.0257034301757812
0.0772933959960937 0.0853347778320313 0.489410400390625 0.2127685546875
0.051300048828125 -0.0567626953125 0.73291015625 0.158203125
-0.0413742065429688 -0.0491104125976562 0.7235107421875 0.217041015625
-0.0699005126953125 0.0287818908691406 0.556365966796875 0.350341796875
0.00325775146484375 0.075775146484375 0.4669189453125 0.363800048828125
0.0607223510742187 0.0592117309570312 0.27978515625 0.190948486328125
0.0529365539550781 0.0408439636230469 0.08062744140625 -0.0108413696289063
0.0717544555664063 0.037933349609375 -0.161849975585937 -0.18804931640625
0.0454940795898438 0.0605049133300781 -0.39599609375 -0.30029296875
-0.00435638427734375 0.0496482849121094 -0.62701416015625 -0.22003173828125
-0.0491790771484375 -0.0255851745605469 -0.7642822265625 -0.13812255859375
0.0101890563964844 -0.0691261291503906 -0.757568359375 -0.225341796875
0.0916671752929688 -0.00907135009765625 -0.534210205078125 -0.184844970703125
0.0562286376953125 0.0932388305664063 -0.132461547851563 -0.0406417846679687
0.0353317260742188 0.122665405273438 0.0913772583007813 0.00545501708984376
0.1005859375 0.0729904174804688 0.48504638671875 0.23114013671875
0.0434112548828125 -0.0845260620117188 0.72821044921875 0.197021484375
-0.0682182312011719 -0.0549774169921875 0.741455078125 0.2496337890625
-0.0873489379882813 0.0436477661132813 0.569091796875 0.34954833984375
0.00926971435546874 0.0912704467773438 0.457000732421875 0.343505859375
0.0717010498046875 0.0652847290039063 0.252685546875 0.172134399414063
0.0618057250976563 0.0471115112304688 0.0544242858886719 -0.0258331298828125
0.0807342529296875 0.04864501953125 -0.188995361328125 -0.200057983398437
0.0429153442382812 0.076446533203125 -0.416168212890625 -0.31134033203125
-0.0265464782714844 0.0597267150878906 -0.62921142578125 -0.22467041015625
-0.073455810546875 -0.0416412353515625 -0.75146484375 -0.1259765625
0.0197296142578125 -0.0957565307617188 -0.74853515625 -0.19769287109375
0.11956787109375 -0.00554656982421875 -0.5260009765625 -0.173309326171875
0.064483642578125 0.123176574707031 -0.120635986328125 -0.0174331665039063
-0.0631942749023438 -0.122032165527344 0.0842666625976562 0.0280303955078125
-0.133163452148438 0.0640029907226563 0.495147705078125 0.183990478515625
-0.0121078491210937 0.121116638183594 0.73150634765625 0.10247802734375
0.0787200927734375 0.0430526733398438 0.7659912109375 0.10699462890625
0.0515670776367188 -0.0736236572265625 0.6107177734375 0.2320556640625
-0.0380172729492188 -0.101539611816406 0.471435546875 0.27642822265625
-0.06842041015625 -0.070404052734375 0.260116577148438 0.170883178710938
-0.0498428344726563 -0.0873184204101563 0.0637931823730469 0.0124168395996094
-0.052154541015625 -0.0960922241210938 -0.178176879882812 -0.19561767578125
0.00143432617187501 -0.110893249511719 -0.39471435546875 -0.369781494140625
0.0811386108398438 -0.07916259765625 -0.59527587890625 -0.3392333984375
0.0854568481445312 0.0176162719726562 -0.7210693359375 -0.26971435546875
-0.0313034057617187 0.0955047607421875 -0.7244873046875 -0.3184814453125
-0.107765197753906 0.00267791748046877 -0.515411376953125 -0.20361328125
-0.04486083984375 -0.11083984375 -0.128547668457031 0.00585174560546877
-0.0502090454101563 -0.11920166015625 0.0747451782226563 -0.00263977050781251
-0.127479553222656 0.0485610961914063 0.4935302734375 0.174652099609375
-0.0234375 0.116783142089844 0.73095703125 0.085693359375
0.0750885009765625 0.0547943115234375 0.74481201171875 0.1005859375
0.0608711242675781 -0.0575904846191406 0.5948486328125 0.2528076171875
-0.023529052734375 -0.0916595458984375 0.484039306640625 0.3021240234375
-0.0556640625 -0.0602951049804688 0.287139892578125 0.18560791015625
-0.0409011840820312 -0.073516845703125 0.089569091796875 0.0199203491210937
-0.0430679321289063 -0.080535888671875 -0.151107788085937 -0.182357788085937
0.000740051269531256 -0.09344482421875 -0.37628173828125 -0.345703125
0.072845458984375 -0.0757217407226563 -0.60015869140625 -0.31494140625
0.0851287841796875 0.0048828125 -0.74310302734375 -0.26416015625
-0.009246826171875 0.0902328491210938 -0.73504638671875 -0.333740234375
-0.089385986328125 0.0182113647460938 -0.519317626953125 -0.21710205078125
-0.0447921752929688 -0.0900192260742187 -0.134201049804688 -0.02215576171875
-0.0323486328125 -0.0956954956054687 0.0717849731445313 -0.0302047729492188
-0.0995559692382813 0.0390548706054688 0.4923095703125 0.16998291015625
-0.0254364013671875 0.093017578125 0.7333984375 0.074462890625
0.0586433410644531 0.0521430969238281 0.7276611328125 0.099365234375
0.0531387329101563 -0.036590576171875 0.5753173828125 0.275390625
-0.0104866027832031 -0.0669364929199219 0.4873046875 0.329864501953125
-0.0339889526367188 -0.0404891967773438 0.30645751953125 0.19940185546875
-0.0245475769042969 -0.050628662109375 0.107757568359375 0.0228729248046875
-0.0232505798339844 -0.0569839477539063 -0.132492065429687 -0.176010131835938
0.00698471069335938 -0.0643501281738281 -0.364227294921875 -0.323883056640625
0.0598678588867188 -0.0584716796875 -0.600830078125 -0.2874755859375
0.0697975158691406 -0.00586700439453125 -0.75579833984375 -0.24407958984375
0.00510787963867187 0.069488525390625 -0.7464599609375 -0.32843017578125
-0.0575790405273438 0.0246620178222656 -0.525665283203125 -0.21978759765625
-0.0334129333496094 -0.0586051940917969 -0.142044067382812 -0.0439910888671875
-0.0163497924804687 -0.0522689819335938 0.075531005859375 -0.0503311157226563
-0.0578765869140625 0.0439224243164063 0.492584228515625 0.173980712890625
-0.0108222961425781 0.0577316284179688 0.73809814453125 0.07855224609375
0.035980224609375 0.0330123901367188 0.713623046875 0.11322021484375
0.0297451019287109 -0.0162849426269531 0.557525634765625 0.297515869140625
-0.0016326904296875 -0.0313320159912109 0.481658935546875 0.35528564453125
-0.00832366943359375 -0.0140762329101563 0.31463623046875 0.209320068359375
-0.00482177734375 -0.0251407623291016 0.117233276367188 0.0204925537109375
0.00161933898925781 -0.0308647155761719 -0.123397827148438 -0.174179077148437
0.0179347991943359 -0.0305500030517578 -0.35858154296875 -0.30853271484375
0.0465965270996094 -0.0308570861816406 -0.60321044921875 -0.2630615234375
0.0448722839355469 -0.0111465454101563 -0.76324462890625 -0.2164306640625
0.0103302001953125 0.0384941101074219 -0.7532958984375 -0.30859375
-0.0201816558837891 0.0200939178466797 -0.532196044921875 -0.213287353515625
-0.012786865234375 -0.0219383239746094 -0.1474609375 -0.057159423828125
-0.00414395332336426 0.00355625152587891 0.0815505981445312 -0.0568618774414062
-0.00932693481445312 0.0617446899414063 0.49224853515625 0.180572509765625
0.0159091949462891 0.0200481414794922 0.73956298828125 0.09405517578125
0.0127344131469727 0.00318622589111328 0.70904541015625 0.1383056640625
-0.00343203544616699 -0.000895500183105468 0.54608154296875 0.321533203125
0.00102424621582031 0.00773954391479492 0.475860595703125 0.37109375
0.0183620452880859 0.0149002075195312 0.311279296875 0.2113037109375
0.0179367065429688 0.000528335571289063 0.114692687988281 0.0138015747070312
0.0281200408935547 -0.00456809997558594 -0.125198364257813 -0.17572021484375
0.0299434661865234 0.00302696228027344 -0.3624267578125 -0.2999267578125
0.0321464538574219 -0.0006103515625 -0.61016845703125 -0.2412109375
0.0143260955810547 -0.0134830474853516 -0.76678466796875 -0.1865234375
0.00966262817382813 0.00302982330322266 -0.7584228515625 -0.2803955078125
0.0185050964355469 0.00977897644042969 -0.535400390625 -0.203704833984375
0.0144004821777344 0.0175256729125977 -0.147567749023438 -0.0610504150390625
0.00649642944335937 0.0591545104980469 0.0854873657226563 -0.0474777221679687
0.0385589599609375 0.0791702270507812 0.49188232421875 0.192779541015625
0.0402641296386719 -0.0192947387695313 0.7335205078125 0.1201171875
-0.0137195587158203 -0.0280380249023438 0.7103271484375 0.1707763671875
-0.0399627685546875 0.0135040283203125 0.545074462890625 0.33563232421875
0.001556396484375 0.0460586547851562 0.470703125 0.371551513671875
0.042449951171875 0.0412063598632813 0.299285888671875 0.2032470703125
0.0379867553710938 0.0235748291015625 0.101242065429687 0.001983642578125
0.053375244140625 0.0187187194824219 -0.139923095703125 -0.18011474609375
0.0406608581542969 0.0350990295410156 -0.374267578125 -0.295166015625
0.0153236389160156 0.0274791717529297 -0.61688232421875 -0.22412109375
-0.0180149078369141 -0.0164012908935547 -0.76593017578125 -0.15777587890625
0.00749969482421875 -0.0327816009521484 -0.75775146484375 -0.25079345703125
0.0565071105957031 -0.0026702880859375 -0.5350341796875 -0.194580078125
0.0389747619628906 0.0551719665527344 -0.141357421875 -0.05560302734375
0.0203628540039062 0.100845336914063 0.0873565673828125 -0.0253524780273437
0.078125 0.0834121704101563 0.48681640625 0.209747314453125
0.0508270263671875 -0.0572662353515625 0.72821044921875 0.15338134765625
-0.0422744750976563 -0.0487632751464844 0.7191162109375 0.21270751953125
-0.0699577331542969 0.0299758911132813 0.55316162109375 0.34814453125
0.00476837158203125 0.0750656127929688 0.463958740234375 0.36065673828125
0.0606803894042969 0.0584754943847656 0.279006958007813 0.188980102539063
0.0540351867675781 0.0399856567382813 0.0802230834960937 -0.0111846923828125
0.071563720703125 0.0363922119140625 -0.161590576171875 -0.187332153320312
0.0453605651855469 0.0599098205566406 -0.395751953125 -0.296844482421875
-0.00355911254882812 0.0492401123046875 -0.62225341796875 -0.215576171875
-0.0491065979003906 -0.0252227783203125 -0.75933837890625 -0.13458251953125
0.01031494140625 -0.0683860778808594 -0.75360107421875 -0.22125244140625
0.0911712646484375 -0.00925445556640625 -0.53076171875 -0.1827392578125
0.0572891235351563 0.0929489135742188 -0.131263732910156 -0.0409088134765625
0.0363616943359375 0.121444702148438 0.0909042358398438 0.00613403320312501
0.101188659667969 0.0721054077148438 0.484100341796875 0.228057861328125
0.0421218872070313 -0.0846405029296875 0.72247314453125 0.19134521484375
-0.0688591003417969 -0.0537528991699219 0.7359619140625 0.24542236328125
-0.0871124267578125 0.0450439453125 0.56610107421875 0.345703125
0.0103073120117188 0.0904083251953125 0.454742431640625 0.339263916015625
0.072235107421875 0.0640411376953125 0.251861572265625 0.170867919921875
0.0614433288574219 0.0469703674316406 0.0533561706542969 -0.0256309509277344
0.0810775756835937 0.0465011596679687 -0.187820434570313 -0.198165893554687
0.0427780151367188 0.075347900390625 -0.413726806640625 -0.3084716796875
-0.0256614685058594 0.0596275329589844 -0.62359619140625 -0.2216796875
-0.07391357421875 -0.0400543212890625 -0.74688720703125 -0.122802734375
0.0188064575195312 -0.0954208374023438 -0.7462158203125 -0.19573974609375
0.119140625 -0.00609588623046875 -0.524566650390625 -0.16973876953125
0.0653228759765625 0.122810363769531 -0.120506286621094 -0.0179595947265625
-0.06390380859375 -0.121849060058594 0.0842819213867188 0.0285263061523437
-0.132049560546875 0.0636978149414062 0.494110107421875 0.180755615234375
-0.0108871459960938 0.12115478515625 0.730224609375 0.1019287109375
0.079437255859375 0.0430755615234375 0.76153564453125 0.1031494140625
0.0513076782226563 -0.0734100341796875 0.60650634765625 0.22918701171875
-0.0373687744140625 -0.101394653320313 0.470489501953125 0.2750244140625
-0.0690689086914063 -0.0694961547851563 0.259048461914063 0.170013427734375
-0.0508956909179687 -0.0872039794921875 0.0637016296386719 0.0121574401855469
-0.0531005859375 -0.096038818359375 -0.17645263671875 -0.194854736328125
0.000869750976562506 -0.11065673828125 -0.3935546875 -0.366668701171875
0.0802459716796875 -0.0798110961914063 -0.5941162109375 -0.3355712890625
0.0858383178710938 0.017822265625 -0.717529296875 -0.26800537109375
-0.0309677124023438 0.0959625244140625 -0.720458984375 -0.31640625
-0.107505798339844 0.00382995605468749 -0.51397705078125 -0.202728271484375
-0.0455093383789062 -0.109413146972656 -0.127723693847656 0.00545501708984372
-0.050750732421875 -0.11956787109375 0.0741500854492188 -0.00104522705078126
-0.126358032226563 0.0486068725585937 0.49072265625 0.172454833984375
-0.0224838256835938 0.1165771484375 0.72576904296875 0.0830078125
0.0746002197265625 0.0538330078125 0.7398681640625 0.09710693359375
0.0599327087402344 -0.0572929382324219 0.59149169921875 0.25091552734375
-0.0243759155273438 -0.0907211303710937 0.481414794921875 0.299774169921875
-0.056304931640625 -0.0593490600585938 0.285919189453125 0.18450927734375
-0.0411300659179688 -0.0730743408203125 0.0895004272460938 0.019927978515625
-0.0432891845703125 -0.0792388916015625 -0.1505126953125 -0.181259155273438
0.000740051269531249 -0.0933303833007813 -0.37615966796875 -0.34295654296875
0.0723419189453125 -0.076019287109375 -0.59674072265625 -0.31243896484375
0.0855636596679687 0.0044097900390625 -0.738525390625 -0.26214599609375
-0.00965118408203124 0.090667724609375 -0.73333740234375 -0.33135986328125
-0.0887527465820312 0.0194473266601562 -0.517486572265625 -0.2159423828125
-0.0452499389648437 -0.0888900756835937 -0.133712768554688 -0.0229873657226562
-0.0333633422851563 -0.0961151123046875 0.0715560913085938 -0.0295562744140625
-0.099822998046875 0.03857421875 0.489837646484375 0.168609619140625
-0.0239334106445313 0.0931777954101563 0.73077392578125 0.07208251953125
0.0581245422363281 0.0516853332519531 0.721923828125 0.09783935546875
0.052581787109375 -0.0364151000976563 0.573486328125 0.273193359375
-0.0111045837402344 -0.0661697387695313 0.48529052734375 0.327789306640625
-0.0344314575195313 -0.0398635864257812 0.3055419921875 0.197509765625
-0.0251426696777344 -0.050384521484375 0.108238220214844 0.0222396850585937
-0.0241241455078125 -0.0563774108886719 -0.131057739257813 -0.175094604492188
0.00659561157226563 -0.0648918151855469 -0.363128662109375 -0.320831298828125
0.0591545104980469 -0.0586624145507813 -0.599365234375 -0.285400390625
0.0700912475585938 -0.00616836547851563 -0.752685546875 -0.24114990234375
0.00603103637695312 0.0700645446777344 -0.744140625 -0.32598876953125
-0.0570449829101563 0.0253677368164063 -0.523406982421875 -0.218414306640625
-0.0331687927246094 -0.0583686828613281 -0.141525268554687 -0.044952392578125
-0.0168228149414063 -0.05267333984375 0.07452392578125 -0.049591064453125
-0.0575141906738281 0.0435104370117188 0.49169921875 0.1719970703125
-0.00975799560546875 0.0582542419433594 0.7325439453125 0.0760498046875
0.0357475280761719 0.0335731506347656 0.7078857421875 0.11029052734375
0.0296554565429688 -0.016204833984375 0.554473876953125 0.29730224609375
-0.00201988220214844 -0.0312843322753906 0.478546142578125 0.35308837890625
-0.00889968872070312 -0.0139484405517578 0.31396484375 0.207550048828125
-0.0048370361328125 -0.0246410369873047 0.117210388183594 0.0202789306640625
0.00107192993164063 -0.0303268432617188 -0.121109008789062 -0.172821044921875
0.0175952911376953 -0.0303249359130859 -0.35662841796875 -0.306854248046875
0.0456047058105469 -0.0315780639648438 -0.60015869140625 -0.26190185546875
0.0443496704101563 -0.0106163024902344 -0.760498046875 -0.2138671875
0.0112342834472656 0.0383834838867188 -0.75244140625 -0.307861328125
-0.0194129943847656 0.0203475952148438 -0.53155517578125 -0.212677001953125
-0.0123805999755859 -0.0218582153320313 -0.14678955078125 -0.0573883056640625
-0.00497961044311523 0.00277519226074219 0.0800018310546875 -0.0554122924804688
-0.0087738037109375 0.0609931945800781 0.4896240234375 0.17889404296875
0.0158481597900391 0.0199089050292969 0.73486328125 0.0924072265625
0.0114564895629883 0.00348663330078125 0.701904296875 0.13531494140625
-0.00370216369628906 -2.43186950683602E-05 0.542266845703125 0.319183349609375
0.00113344192504883 0.00858449935913086 0.4742431640625 0.36773681640625
0.0177021026611328 0.0148963928222656 0.309906005859375 0.209808349609375
0.0177593231201172 0.000722885131835937 0.113983154296875 0.0124435424804688
0.0283298492431641 -0.00504684448242188 -0.124847412109375 -0.17462158203125
0.0300712585449219 0.00313377380371094 -0.360443115234375 -0.29803466796875
0.0312557220458984 -0.000776290893554687 -0.60516357421875 -0.23760986328125
0.0140285491943359 -0.0129671096801758 -0.7630615234375 -0.18292236328125
0.00976848602294922 0.00422286987304688 -0.75531005859375 -0.27972412109375
0.0188846588134766 0.00905799865722656 -0.53289794921875 -0.20263671875
0.0143527984619141 0.0171794891357422 -0.147674560546875 -0.0608062744140625
0.00662994384765625 0.0582466125488281 0.0835952758789063 -0.0467910766601562
0.0390396118164062 0.0782546997070312 0.4888916015625 0.1903076171875
0.0400161743164063 -0.0194549560546875 0.72991943359375 0.1181640625
-0.0136318206787109 -0.0274906158447266 0.704833984375 0.1678466796875
-0.0394935607910156 0.0146980285644531 0.54193115234375 0.3355712890625
0.0026397705078125 0.04559326171875 0.4681396484375 0.37005615234375
0.0425300598144531 0.0403671264648438 0.2989501953125 0.20269775390625
0.0376319885253906 0.02294921875 0.100936889648438 0.00101470947265625
0.0527725219726563 0.017974853515625 -0.138458251953125 -0.179107666015625
0.0411796569824219 0.0343017578125 -0.37432861328125 -0.293060302734375
0.0160408020019531 0.0273647308349609 -0.61346435546875 -0.2213134765625
-0.0182933807373047 -0.016632080078125 -0.76312255859375 -0.15582275390625
0.007415771484375 -0.0328025817871094 -0.75445556640625 -0.24822998046875
0.0558395385742188 -0.00339126586914063 -0.533050537109375 -0.191741943359375
0.0396614074707031 0.0554924011230469 -0.14154052734375 -0.055450439453125
0.02032470703125 0.100967407226563 0.0862274169921875 -0.02459716796875
0.0791549682617188 0.0829391479492188 0.484893798828125 0.208343505859375
0.0511398315429688 -0.0565910339355469 0.72320556640625 0.1514892578125
-0.0430908203125 -0.0478019714355469 0.71435546875 0.21038818359375
-0.0693130493164063 0.03033447265625 0.551177978515625 0.345916748046875
0.0048675537109375 0.074737548828125 0.4622802734375 0.35888671875
0.0612716674804688 0.0573921203613281 0.277481079101563 0.187652587890625
0.0535659790039063 0.0392112731933594 0.0798263549804688 -0.0122528076171875
0.0717544555664063 0.0360565185546875 -0.16015625 -0.186126708984375
0.0454597473144531 0.059417724609375 -0.39349365234375 -0.296295166015625
-0.00386428833007812 0.049163818359375 -0.62030029296875 -0.2135009765625
-0.0497894287109375 -0.0252723693847656 -0.75518798828125 -0.1328125
0.00947952270507813 -0.0675582885742188 -0.74981689453125 -0.22039794921875
0.091094970703125 -0.00949859619140625 -0.529327392578125 -0.18194580078125
0.05816650390625 0.0923919677734375 -0.130722045898438 -0.0419845581054688
0.0359344482421875 0.120399475097656 0.0905990600585938 0.00666046142578126
0.101722717285156 0.0709686279296875 0.481597900390625 0.226837158203125
0.04156494140625 -0.0849838256835938 0.71673583984375 0.18841552734375
-0.0692100524902344 -0.0531425476074219 0.73345947265625 0.24334716796875
-0.0858917236328125 0.0456619262695312 0.56317138671875 0.34515380859375
0.0114212036132812 0.0902328491210937 0.451080322265625 0.336944580078125
0.0720596313476563 0.0630035400390625 0.250198364257813 0.16925048828125
0.0614967346191406 0.0457382202148438 0.0530776977539063 -0.0262107849121094
0.08087158203125 0.0463790893554688 -0.187164306640625 -0.197662353515625
0.0429306030273437 0.0753173828125 -0.412139892578125 -0.30633544921875
-0.02545166015625 0.0591621398925781 -0.62152099609375 -0.22015380859375
-0.0739288330078125 -0.0401687622070313 -0.7423095703125 -0.1209716796875
0.0182876586914063 -0.0953750610351563 -0.74285888671875 -0.19329833984375
0.118507385253906 -0.00614166259765625 -0.5225830078125 -0.16937255859375
0.0664596557617188 0.121780395507813 -0.11981201171875 -0.0185317993164062
-0.0651016235351563 -0.121879577636719 0.0841064453125 0.02911376953125
-0.131240844726563 0.0643081665039062 0.4915771484375 0.179840087890625
-0.00957489013671874 0.121208190917969 0.7232666015625 0.0989990234375
0.0787353515625 0.0424118041992188 0.7562255859375 0.103759765625
0.0506973266601563 -0.0731201171875 0.6024169921875 0.2286376953125
-0.0380859375 -0.100242614746094 0.467193603515625 0.273223876953125
-0.0692901611328125 -0.0687522888183594 0.257431030273438 0.16912841796875
-0.0513763427734375 -0.0864181518554688 0.0633049011230469 0.0118370056152344
-0.054229736328125 -0.0955657958984375 -0.176437377929687 -0.193450927734375
0.000556945800781248 -0.110694885253906 -0.392608642578125 -0.3648681640625
0.0802536010742188 -0.0802993774414062 -0.59136962890625 -0.3341064453125
0.0860366821289063 0.0173568725585938 -0.71478271484375 -0.26507568359375
-0.0303497314453125 0.096160888671875 -0.71734619140625 -0.3138427734375
-0.107109069824219 0.00451660156250002 -0.51116943359375 -0.2017822265625
-0.0460586547851563 -0.109619140625 -0.126686096191406 0.00558471679687498
-0.0521774291992188 -0.119178771972656 0.0728912353515625 -0.000923156738281257
-0.125503540039063 0.048614501953125 0.4892578125 0.17193603515625
-0.0215301513671875 0.116348266601562 0.72259521484375 0.080810546875
0.0749053955078125 0.0541915893554688 0.73486328125 0.09698486328125
0.0598068237304688 -0.0572853088378906 0.588623046875 0.24981689453125
-0.024688720703125 -0.0909423828125 0.479248046875 0.29931640625
-0.0564460754394531 -0.058807373046875 0.284759521484375 0.184356689453125
-0.0422744750976563 -0.0719451904296875 0.08941650390625 0.0192413330078125
-0.0445022583007813 -0.0791549682617187 -0.1492919921875 -0.180526733398437
-0.000946044921875001 -0.0931396484375 -0.374908447265625 -0.33978271484375
0.0712509155273438 -0.0760726928710938 -0.594482421875 -0.3096923828125
0.08502197265625 0.00435638427734375 -0.73480224609375 -0.25927734375
-0.00887298583984375 0.09136962890625 -0.7310791015625 -0.32958984375
-0.0886306762695313 0.020263671875 -0.515869140625 -0.21331787109375
-0.045562744140625 -0.0896148681640625 -0.133399963378906 -0.0233535766601563
-0.0340194702148437 -0.096160888671875 0.0712356567382813 -0.0291061401367188
-0.0983734130859375 0.03936767578125 0.489166259765625 0.16693115234375
-0.0234222412109375 0.092498779296875 0.72528076171875 0.069580078125
0.0585441589355469 0.0516319274902344 0.7161865234375 0.09649658203125
0.0523185729980469 -0.0359458923339844 0.56951904296875 0.2724609375
-0.0116767883300781 -0.0659103393554688 0.4830322265625 0.327117919921875
-0.0350379943847656 -0.0394210815429688 0.3040771484375 0.196075439453125
-0.0259933471679687 -0.0509109497070313 0.1075439453125 0.02191162109375
-0.0249862670898438 -0.0566253662109375 -0.1295166015625 -0.174392700195312
0.00558090209960938 -0.0643196105957031 -0.361358642578125 -0.3192138671875
0.0585060119628906 -0.0589675903320313 -0.59503173828125 -0.28240966796875
0.06976318359375 -0.00628280639648437 -0.75006103515625 -0.23895263671875
0.00587844848632813 0.0698013305664062 -0.7427978515625 -0.32476806640625
-0.0563812255859375 0.0254135131835937 -0.521636962890625 -0.2169189453125
-0.0333366394042969 -0.0583763122558594 -0.140403747558594 -0.0446701049804688
-0.0171394348144531 -0.0524215698242188 0.0739974975585938 -0.048675537109375
-0.0562591552734375 0.0433845520019531 0.48809814453125 0.171356201171875
-0.0091094970703125 0.0578269958496094 0.72808837890625 0.07415771484375
0.0356903076171875 0.0328788757324219 0.7042236328125 0.10791015625
0.0285091400146484 -0.0159587860107422 0.551849365234375 0.2955322265625
-0.00211143493652343 -0.0309810638427734 0.479156494140625 0.352142333984375
-0.00921535491943359 -0.0130128860473633 0.312591552734375 0.20599365234375
-0.0052337646484375 -0.0255088806152344 0.117347717285156 0.0197830200195313
7.0571899414062E-05 -0.0310726165771484 -0.1214599609375 -0.172760009765625
0.0166397094726563 -0.030609130859375 -0.355621337890625 -0.305023193359375
0.0450210571289063 -0.0316848754882812 -0.5975341796875 -0.258056640625
0.0446014404296875 -0.0109939575195313 -0.7564697265625 -0.2135009765625
0.0109291076660156 0.0393867492675781 -0.74951171875 -0.30535888671875
-0.0194892883300781 0.0210990905761719 -0.52886962890625 -0.211944580078125
-0.0119571685791016 -0.0210056304931641 -0.146240234375 -0.058135986328125
-0.00479412078857422 0.00259494781494141 0.0788421630859375 -0.0547256469726563
-0.00781631469726562 0.06060791015625 0.48828125 0.179779052734375
0.0163459777832031 0.0193614959716797 0.73040771484375 0.0899658203125
0.0112934112548828 0.00384044647216797 0.69879150390625 0.13421630859375
-0.00436782836914062 -8.01086425781259E-05 0.5396728515625 0.317413330078125
0.00108528137207031 0.00811958312988281 0.472991943359375 0.3677978515625
0.0177440643310547 0.0152606964111328 0.3092041015625 0.208740234375
0.0171451568603516 0.00108814239501953 0.114204406738281 0.0122451782226563
0.0276050567626953 -0.00515937805175781 -0.124298095703125 -0.174240112304687
0.02960205078125 0.00307655334472656 -0.359466552734375 -0.2965087890625
0.0313053131103516 -0.0007171630859375 -0.602783203125 -0.236572265625
0.0137414932250977 -0.013153076171875 -0.760009765625 -0.1824951171875
0.00985050201416016 0.00421237945556641 -0.752685546875 -0.27789306640625
0.0185565948486328 0.00892829895019531 -0.5322265625 -0.201629638671875
0.0141658782958984 0.0165491104125977 -0.146560668945313 -0.061309814453125
0.00619888305664062 0.0580787658691406 0.0831832885742187 -0.0460433959960937
0.0394439697265625 0.0781631469726563 0.48626708984375 0.189422607421875
0.0405387878417969 -0.0190811157226563 0.72509765625 0.11566162109375
-0.0145645141601562 -0.0267887115478516 0.70037841796875 0.16717529296875
-0.0395050048828125 0.0149116516113281 0.53814697265625 0.335205078125
0.00263595581054687 0.0454330444335937 0.46771240234375 0.367523193359375
0.0425262451171875 0.0403671264648438 0.297149658203125 0.201324462890625
0.0383071899414063 0.0235061645507813 0.101325988769531 0.0013580322265625
0.0533103942871094 0.017425537109375 -0.1375732421875 -0.177841186523438
0.0413360595703125 0.0342025756835938 -0.372528076171875 -0.290618896484375
0.0156421661376953 0.0270786285400391 -0.61065673828125 -0.2210693359375
-0.0180873870849609 -0.0168094635009766 -0.75909423828125 -0.1522216796875
0.00716400146484375 -0.0325393676757812 -0.75274658203125 -0.2479248046875
0.0560340881347656 -0.00316238403320313 -0.530181884765625 -0.19207763671875
0.0396614074707031 0.0556526184082031 -0.140884399414062 -0.0564117431640625
0.02056884765625 0.100166320800781 0.0864028930664063 -0.0236892700195312
0.0794296264648438 0.0827865600585937 0.4820556640625 0.206329345703125
0.0499839782714844 -0.0569419860839844 0.7176513671875 0.150146484375
-0.0432281494140625 -0.0471916198730469 0.7098388671875 0.20892333984375
-0.0691146850585938 0.0312080383300781 0.547271728515625 0.3447265625
0.006072998046875 0.075103759765625 0.45941162109375 0.357757568359375
0.0615386962890625 0.0568008422851563 0.276687622070313 0.186019897460938
0.0534629821777344 0.0394515991210938 0.0797882080078125 -0.012542724609375
0.071746826171875 0.0349273681640625 -0.159317016601563 -0.185165405273437
0.0458908081054687 0.0584983825683594 -0.39056396484375 -0.294219970703125
-0.00369644165039063 0.0493850708007812 -0.6162109375 -0.21380615234375
-0.0494499206542969 -0.0244789123535156 -0.75396728515625 -0.13140869140625
0.00920486450195313 -0.0667037963867188 -0.74896240234375 -0.21875
0.091033935546875 -0.0102081298828125 -0.52716064453125 -0.17938232421875
0.058868408203125 0.091552734375 -0.129829406738281 -0.0418777465820312
0.0362930297851562 0.120208740234375 0.090240478515625 0.00778198242187501
0.103050231933594 0.0695114135742188 0.47906494140625 0.226287841796875
0.0410995483398438 -0.084869384765625 0.7125244140625 0.187744140625
-0.0698280334472656 -0.0520820617675781 0.72857666015625 0.2406005859375
-0.084930419921875 0.0471878051757813 0.5606689453125 0.342742919921875
0.0116119384765625 0.0904998779296875 0.450042724609375 0.3363037109375
0.0729217529296875 0.0624847412109375 0.2496337890625 0.16864013671875
0.0612258911132813 0.0457000732421875 0.0532722473144531 -0.0266380310058594
0.0812835693359375 0.044769287109375 -0.186050415039063 -0.196685791015625
0.0440521240234375 0.0751266479492188 -0.41094970703125 -0.304534912109375
-0.0249481201171875 0.0595893859863281 -0.61932373046875 -0.21856689453125
-0.073974609375 -0.039947509765625 -0.73956298828125 -0.119384765625
0.0180892944335938 -0.0950851440429688 -0.73974609375 -0.1917724609375
0.118759155273438 -0.00579071044921875 -0.520355224609375 -0.169158935546875
0.0668716430664063 0.121734619140625 -0.119216918945313 -0.0190658569335937
-0.0653839111328125 -0.122489929199219 0.0832748413085937 0.0289993286132812
-0.130470275878906 0.0638351440429687 0.49066162109375 0.17987060546875
-0.00872802734375 0.12115478515625 0.720703125 0.098876953125
0.0790863037109375 0.042205810546875 0.75140380859375 0.1041259765625
0.0498199462890625 -0.0739669799804688 0.6011962890625 0.22894287109375
-0.0386886596679688 -0.100387573242188 0.46533203125 0.273223876953125
-0.0690269470214844 -0.0676689147949219 0.2572021484375 0.170150756835937
-0.051300048828125 -0.0855789184570313 0.0628623962402344 0.0120582580566406
-0.0548934936523437 -0.0954360961914063 -0.174789428710938 -0.192459106445312
-0.000640869140624994 -0.110710144042969 -0.390289306640625 -0.363677978515625
0.0793228149414063 -0.0811538696289063 -0.58941650390625 -0.333740234375
0.08624267578125 0.0169830322265625 -0.71295166015625 -0.26446533203125
-0.0297317504882813 0.0971298217773438 -0.7176513671875 -0.31298828125
-0.106781005859375 0.0053253173828125 -0.50994873046875 -0.2022705078125
-0.0459213256835938 -0.109146118164062 -0.126312255859375 0.00484466552734374
-0.0529251098632813 -0.119735717773437 0.0733566284179688 -0.000335693359375007
-0.124496459960938 0.048797607421875 0.488250732421875 0.1702880859375
-0.0207748413085937 0.116363525390625 0.71795654296875 0.0802001953125
0.0755233764648438 0.054229736328125 0.732666015625 0.0975341796875
0.0587425231933594 -0.0578880310058594 0.58587646484375 0.24853515625
-0.0248031616210938 -0.0908203125 0.477264404296875 0.298248291015625
-0.0565261840820313 -0.0576438903808594 0.28314208984375 0.18280029296875
-0.0434036254882813 -0.07257080078125 0.08892822265625 0.0179824829101562
-0.0450363159179687 -0.07940673828125 -0.149200439453125 -0.180709838867187
-0.000282287597656253 -0.0931854248046875 -0.373291015625 -0.339447021484375
0.0704727172851563 -0.0767898559570313 -0.5927734375 -0.3095703125
0.0849075317382813 0.0032958984375 -0.73095703125 -0.25885009765625
-0.00833892822265625 0.0914230346679688 -0.7291259765625 -0.32830810546875
-0.08831787109375 0.0211868286132813 -0.513763427734375 -0.21258544921875
-0.0451431274414062 -0.0897598266601563 -0.132225036621094 -0.0238876342773437
-0.03448486328125 -0.096221923828125 0.0698699951171875 -0.0279312133789063
-0.0981369018554688 0.0394668579101562 0.486053466796875 0.166351318359375
-0.0236282348632813 0.0927810668945313 0.72027587890625 0.06951904296875
0.0578155517578125 0.0515518188476563 0.7138671875 0.09564208984375
0.0517768859863281 -0.0358734130859375 0.56744384765625 0.2708740234375
-0.011444091796875 -0.0664482116699219 0.48211669921875 0.326080322265625
-0.0351333618164063 -0.0392227172851562 0.30364990234375 0.19647216796875
-0.0264663696289063 -0.049591064453125 0.108436584472656 0.0214920043945312
-0.0255546569824219 -0.0565299987792969 -0.129653930664063 -0.174407958984375
0.00624847412109375 -0.0645027160644531 -0.359588623046875 -0.318389892578125
0.057769775390625 -0.0588645935058594 -0.59442138671875 -0.28338623046875
0.0697898864746094 -0.00670242309570312 -0.74658203125 -0.23846435546875
0.00685882568359376 0.07061767578125 -0.7408447265625 -0.3231201171875
-0.0566329956054687 0.0267066955566406 -0.51959228515625 -0.216339111328125
-0.0334129333496094 -0.0579147338867188 -0.140220642089844 -0.0459976196289063
-0.0182418823242188 -0.0537490844726563 0.0737152099609375 -0.0483245849609375
-0.055908203125 0.0433998107910156 0.486541748046875 0.16943359375
-0.0086212158203125 0.0576667785644531 0.723876953125 0.07379150390625
0.0359306335449219 0.0333061218261719 0.70013427734375 0.10955810546875
0.0280399322509766 -0.0160369873046875 0.548980712890625 0.29571533203125
-0.00258827209472656 -0.0310192108154297 0.476898193359375 0.352142333984375
-0.00936794281005859 -0.013392448425293 0.311126708984375 0.20611572265625
-0.00596237182617187 -0.0254592895507812 0.116806030273438 0.0192489624023438
-0.000499725341796874 -0.0311222076416016 -0.12060546875 -0.171951293945313
0.0164260864257813 -0.0312576293945313 -0.353851318359375 -0.30419921875
0.0447425842285156 -0.0320777893066406 -0.5955810546875 -0.25799560546875
0.0447349548339844 -0.0117149353027344 -0.75531005859375 -0.21240234375
0.0115394592285156 0.0392913818359375 -0.7490234375 -0.30438232421875
-0.0195541381835938 0.0218563079833984 -0.52740478515625 -0.21044921875
-0.0123195648193359 -0.0213108062744141 -0.14556884765625 -0.058502197265625
-0.00551652908325195 0.00198078155517578 0.0789794921875 -0.0540924072265625
-0.00694656372070313 0.0605697631835937 0.4879150390625 0.17840576171875
0.0160884857177734 0.0199222564697266 0.726318359375 0.08941650390625
0.0109310150146484 0.00421333312988281 0.6949462890625 0.13311767578125
-0.00399565696716309 0.000437498092651367 0.536651611328125 0.318023681640625
0.00172233581542969 0.00827217102050781 0.47039794921875 0.36669921875
0.0181388854980469 0.0144157409667969 0.308624267578125 0.20867919921875
0.0162649154663086 0.00086212158203125 0.114250183105469 0.0120849609375
0.0272350311279297 -0.00493812561035156 -0.12353515625 -0.17333984375
0.0300483703613281 0.00265312194824219 -0.357696533203125 -0.2950439453125
0.0312862396240234 -0.00137519836425781 -0.60040283203125 -0.23638916015625
0.0141611099243164 -0.0133028030395508 -0.75811767578125 -0.1820068359375
0.010228157043457 0.00472736358642578 -0.75128173828125 -0.27862548828125
0.0195388793945312 0.0101470947265625 -0.5302734375 -0.202362060546875
0.0145130157470703 0.0167264938354492 -0.146697998046875 -0.0618133544921875
0.00586318969726563 0.0574798583984375 0.0822219848632813 -0.0459060668945313
0.0404815673828125 0.0775604248046875 0.485931396484375 0.19061279296875
0.0398216247558594 -0.0197296142578125 0.7215576171875 0.1162109375
-0.0151329040527344 -0.0262088775634766 0.695068359375 0.1676025390625
-0.0394287109375 0.0155220031738281 0.537628173828125 0.33447265625
0.00372695922851563 0.0451431274414063 0.465301513671875 0.36737060546875
0.0426445007324219 0.0401382446289063 0.2965087890625 0.200958251953125
0.0378150939941406 0.0231895446777344 0.101875305175781 0.000328063964843751
0.0527877807617188 0.0176010131835938 -0.13677978515625 -0.178298950195313
0.04119873046875 0.0336494445800781 -0.370697021484375 -0.290496826171875
0.0154094696044922 0.0271511077880859 -0.6085205078125 -0.21978759765625
-0.0181121826171875 -0.0164165496826172 -0.7554931640625 -0.15106201171875
0.00737571716308593 -0.0325222015380859 -0.75054931640625 -0.24737548828125
0.0563316345214844 -0.00253677368164063 -0.52960205078125 -0.19146728515625
0.039642333984375 0.0558013916015625 -0.139938354492188 -0.05633544921875
0.019622802734375 0.0995101928710938 0.0850982666015625 -0.0226516723632812
0.0797805786132812 0.0820159912109375 0.48187255859375 0.20672607421875
0.0502967834472656 -0.0568313598632812 0.71405029296875 0.14910888671875
-0.0436782836914063 -0.0472564697265625 0.70526123046875 0.20819091796875
-0.0691642761230469 0.0318603515625 0.54522705078125 0.3450927734375
0.00652313232421875 0.0745849609375 0.458740234375 0.35687255859375
0.0618095397949219 0.0573310852050781 0.275466918945313 0.186050415039063
0.0534172058105469 0.0398292541503906 0.079559326171875 -0.013031005859375
0.0717849731445313 0.0342636108398438 -0.158401489257812 -0.185043334960938
0.0461921691894531 0.0588264465332031 -0.390106201171875 -0.293426513671875
-0.00323486328125 0.0484466552734375 -0.6138916015625 -0.21405029296875
-0.0499725341796875 -0.0250511169433594 -0.75103759765625 -0.13128662109375
0.00838851928710937 -0.0673446655273438 -0.74639892578125 -0.21807861328125
0.0919570922851563 -0.00920867919921875 -0.526458740234375 -0.179168701171875
0.0595169067382813 0.0917510986328125 -0.130096435546875 -0.0419769287109375
0.0359344482421875 0.119873046875 0.0894317626953125 0.00769805908203126
0.103645324707031 0.0693283081054688 0.4779052734375 0.22515869140625
0.0405807495117188 -0.0849075317382813 0.7081298828125 0.1865234375
-0.0700454711914062 -0.051605224609375 0.72442626953125 0.242431640625
-0.0855331420898437 0.0474700927734375 0.5584716796875 0.342864990234375
0.0128707885742187 0.0895462036132813 0.448516845703125 0.33465576171875
0.0726394653320313 0.0619354248046875 0.248825073242188 0.168350219726563
0.0611763000488281 0.0454330444335937 0.0533065795898438 -0.0269088745117188
0.0812454223632813 0.0437545776367188 -0.185394287109375 -0.196456909179687
0.0440826416015625 0.0743942260742188 -0.408660888671875 -0.3043212890625
-0.0247306823730469 0.0594406127929688 -0.61724853515625 -0.2177734375
-0.0742874145507813 -0.038726806640625 -0.73779296875 -0.11834716796875
0.0170974731445312 -0.0943832397460938 -0.7384033203125 -0.1910400390625
0.119415283203125 -0.00675201416015625 -0.520111083984375 -0.16815185546875
0.0672988891601563 0.121978759765625 -0.118789672851563 -0.019500732421875
-0.0664901733398438 -0.123321533203125 0.08270263671875 0.0299148559570312
-0.130241394042969 0.064178466796875 0.489593505859375 0.178802490234375
-0.00843048095703125 0.121498107910156 0.7186279296875 0.09918212890625
0.079986572265625 0.042236328125 0.75018310546875 0.10369873046875
0.0498504638671875 -0.073394775390625 0.59857177734375 0.2298583984375
-0.0388259887695313 -0.100761413574219 0.4652099609375 0.27362060546875
-0.0697555541992188 -0.0677299499511719 0.255874633789063 0.169952392578125
-0.0535354614257813 -0.0853500366210938 0.0638885498046875 0.0115470886230469
-0.0557937622070312 -0.0956344604492188 -0.174240112304687 -0.193283081054688
-0.000808715820312488 -0.110366821289062 -0.3905029296875 -0.362548828125
0.078826904296875 -0.08087158203125 -0.5870361328125 -0.332763671875
0.0869064331054688 0.0162582397460938 -0.7105712890625 -0.26544189453125
-0.0298233032226562 0.0975723266601563 -0.717041015625 -0.3133544921875
-0.106979370117187 0.00585937500000001 -0.509002685546875 -0.201080322265625
-0.0459976196289062 -0.109649658203125 -0.125732421875 0.00370025634765625
-0.0538101196289063 -0.120658874511719 0.072845458984375 0.000839233398437493
-0.124122619628906 0.0491104125976563 0.4871826171875 0.171478271484375
-0.0201339721679688 0.116432189941406 0.71533203125 0.0811767578125
0.0752639770507812 0.0546188354492188 0.7294921875 0.0970458984375
0.0583686828613281 -0.0579643249511719 0.5853271484375 0.25018310546875
-0.0257339477539063 -0.09033203125 0.476409912109375 0.298858642578125
-0.0562286376953125 -0.0581817626953125 0.28289794921875 0.183197021484375
-0.0438308715820313 -0.072235107421875 0.0892333984375 0.0185470581054688
-0.0456008911132813 -0.0793838500976562 -0.148406982421875 -0.180221557617187
-0.000930786132812495 -0.0928573608398437 -0.37322998046875 -0.338470458984375
0.0704421997070313 -0.0770797729492187 -0.5909423828125 -0.30950927734375
0.0858612060546875 0.00252532958984375 -0.73101806640625 -0.25836181640625
-0.00801849365234374 0.0921630859375 -0.72833251953125 -0.3297119140625
-0.0886688232421875 0.0218353271484375 -0.513763427734375 -0.213470458984375
-0.0457534790039063 -0.09002685546875 -0.132553100585938 -0.0250930786132812
-0.0354843139648437 -0.097137451171875 0.0694847106933594 -0.0276565551757813
-0.0977249145507813 0.0388259887695312 0.48626708984375 0.166259765625
-0.022369384765625 0.0932159423828125 0.717529296875 0.0689697265625
0.0580711364746094 0.0522918701171875 0.71063232421875 0.09710693359375
0.051666259765625 -0.0363655090332031 0.56634521484375 0.27288818359375
-0.0114364624023438 -0.0659408569335938 0.480926513671875 0.326019287109375
-0.03558349609375 -0.0386962890625 0.3033447265625 0.19659423828125
-0.0277557373046875 -0.0499610900878906 0.108055114746094 0.0212554931640625
-0.0260963439941406 -0.0566940307617188 -0.128799438476563 -0.174163818359375
0.00461578369140624 -0.0647163391113281 -0.3585205078125 -0.31884765625
0.0576972961425781 -0.0590934753417969 -0.59136962890625 -0.28271484375
0.0697822570800781 -0.00712203979492188 -0.7457275390625 -0.23931884765625
0.0072784423828125 0.0709686279296875 -0.740966796875 -0.323974609375
-0.0565109252929688 0.0272979736328125 -0.5191650390625 -0.217437744140625
-0.0338249206542969 -0.0583419799804688 -0.140388488769531 -0.0463790893554688
-0.0190315246582031 -0.0544776916503906 0.0730667114257813 -0.0473251342773438
-0.0546226501464844 0.0429306030273437 0.486785888671875 0.17083740234375
-0.00801849365234374 0.0581512451171875 0.72222900390625 0.07470703125
0.0356521606445313 0.0330238342285156 0.69818115234375 0.10858154296875
0.0288143157958984 -0.0155754089355469 0.547454833984375 0.296478271484375
-0.00216484069824219 -0.0315494537353516 0.475860595703125 0.35125732421875
-0.00885009765625 -0.013127326965332 0.31109619140625 0.205902099609375
-0.00570487976074219 -0.0246410369873047 0.116363525390625 0.0189132690429688
-0.000246047973632813 -0.0310039520263672 -0.119918823242187 -0.17254638671875
0.0167636871337891 -0.0315170288085937 -0.35284423828125 -0.304290771484375
0.0440864562988281 -0.0318984985351563 -0.59307861328125 -0.25799560546875
0.0445976257324219 -0.0116462707519531 -0.7535400390625 -0.21160888671875
0.0117149353027344 0.0397605895996094 -0.74749755859375 -0.30352783203125
-0.0194950103759766 0.0216560363769531 -0.5255126953125 -0.21044921875
-0.0122566223144531 -0.0213623046875 -0.145217895507813 -0.058990478515625
-0.00580263137817383 0.00161266326904297 0.0780792236328125 -0.053436279296875
-0.00708770751953125 0.0598182678222656 0.48779296875 0.17852783203125
0.0165348052978516 0.0193061828613281 0.72332763671875 0.08929443359375
0.0110797882080078 0.00418472290039063 0.69091796875 0.1328125
-0.00463485717773438 0.000585556030273438 0.536407470703125 0.319061279296875
0.00164461135864258 0.00816488265991211 0.468536376953125 0.3668212890625
0.0179576873779297 0.0148391723632812 0.308380126953125 0.208343505859375
0.0163297653198242 0.000922203063964844 0.114608764648437 0.0110397338867188
0.0273456573486328 -0.0049591064453125 -0.121932983398438 -0.17413330078125
0.0300807952880859 0.00317001342773438 -0.356292724609375 -0.2939453125
0.0311775207519531 -0.00119400024414062 -0.5982666015625 -0.2357177734375
0.0145025253295898 -0.0130710601806641 -0.75677490234375 -0.18109130859375
0.00973606109619141 0.00481605529785156 -0.7501220703125 -0.2772216796875
0.0191078186035156 0.00980567932128906 -0.529754638671875 -0.20123291015625
0.0147781372070313 0.0176563262939453 -0.146408081054688 -0.0625457763671875
0.00604629516601562 0.0565299987792969 0.0823898315429688 -0.0449447631835938
0.0408706665039063 0.0773696899414063 0.484710693359375 0.19036865234375
0.0403480529785156 -0.0198440551757813 0.7178955078125 0.11505126953125
-0.0155677795410156 -0.0258064270019531 0.694580078125 0.16705322265625
-0.0390396118164063 0.0160140991210937 0.536224365234375 0.335296630859375
0.0033111572265625 0.045013427734375 0.46417236328125 0.367218017578125
0.0431594848632813 0.0402183532714844 0.296661376953125 0.200927734375
0.0373649597167969 0.0234451293945313 0.101577758789063 0.000419616699218751
0.0529594421386719 0.0172233581542969 -0.135574340820312 -0.178634643554688
0.0415763854980469 0.0337791442871094 -0.369232177734375 -0.290069580078125
0.0157756805419922 0.0272579193115234 -0.60546875 -0.22027587890625
-0.0188655853271484 -0.0165672302246094 -0.7568359375 -0.15283203125
0.00640296936035156 -0.03155517578125 -0.75030517578125 -0.24725341796875
0.0571060180664063 -0.00294876098632813 -0.5279541015625 -0.19293212890625
0.0413932800292969 0.055419921875 -0.140205383300781 -0.0575790405273438
0.0201644897460938 0.0994796752929688 0.0847396850585938 -0.0220413208007812
0.0809402465820313 0.0813446044921875 0.480682373046875 0.206756591796875
0.0500030517578125 -0.057342529296875 0.71136474609375 0.1494140625
-0.0442085266113281 -0.0462112426757813 0.70257568359375 0.207275390625
-0.0689430236816406 0.0332260131835938 0.54498291015625 0.3450927734375
0.0066375732421875 0.0745010375976562 0.456787109375 0.35693359375
0.06219482421875 0.0564651489257813 0.275192260742188 0.186294555664063
0.0526962280273438 0.0392646789550781 0.0795974731445313 -0.0128250122070312
0.0712890625 0.0339813232421875 -0.1575927734375 -0.185012817382813
0.046875 0.0581207275390625 -0.389556884765625 -0.29248046875
-0.00342178344726563 0.0491943359375 -0.61370849609375 -0.21240234375
-0.0502128601074219 -0.0248947143554688 -0.74920654296875 -0.13232421875
0.0085601806640625 -0.0667076110839844 -0.7452392578125 -0.218505859375
0.0920486450195313 -0.0097808837890625 -0.525360107421875 -0.181304931640625
0.0597991943359375 0.09210205078125 -0.129478454589844 -0.042999267578125
0.0352554321289062 0.119911193847656 0.0882644653320313 0.00873565673828126
0.104072570800781 0.0684051513671875 0.47857666015625 0.22491455078125
0.0409927368164063 -0.0850067138671875 0.70611572265625 0.18603515625
-0.071014404296875 -0.0511703491210937 0.7215576171875 0.2408447265625
-0.084564208984375 0.0488204956054688 0.556488037109375 0.343353271484375
0.0128402709960937 0.088897705078125 0.44757080078125 0.335235595703125
0.073028564453125 0.06158447265625 0.247634887695313 0.1690673828125
0.0618057250976563 0.0457305908203125 0.0533828735351563 -0.0275001525878906
0.0810089111328125 0.0442123413085938 -0.184600830078125 -0.19610595703125
0.0449676513671875 0.0742568969726563 -0.40777587890625 -0.30511474609375
-0.02508544921875 0.0599708557128906 -0.6163330078125 -0.218505859375
-0.075439453125 -0.0393753051757813 -0.735595703125 -0.1192626953125
0.0175552368164062 -0.0937652587890625 -0.73712158203125 -0.19268798828125
0.119148254394531 -0.0068206787109375 -0.51947021484375 -0.168365478515625
0.0681533813476562 0.121971130371094 -0.118438720703125 -0.0203933715820312
-0.0677719116210938 -0.124092102050781 0.0825042724609375 0.0305862426757812
-0.129852294921875 0.0642547607421875 0.4886474609375 0.17999267578125
-0.00738525390624999 0.121124267578125 0.71661376953125 0.0994873046875
0.0800857543945313 0.0426254272460938 0.74884033203125 0.10260009765625
0.0500717163085938 -0.0735626220703125 0.59808349609375 0.23175048828125
-0.0390472412109375 -0.101181030273438 0.464385986328125 0.27532958984375
-0.0699729919433594 -0.0672607421875 0.256072998046875 0.170425415039063
-0.0534896850585937 -0.0859146118164063 0.0633735656738281 0.0115509033203125
-0.05682373046875 -0.09490966796875 -0.174285888671875 -0.193572998046875
-0.00199127197265625 -0.110763549804688 -0.388824462890625 -0.363372802734375
0.0781784057617188 -0.0813140869140625 -0.587890625 -0.33367919921875
0.08648681640625 0.01654052734375 -0.71136474609375 -0.26507568359375
-0.0292587280273438 0.0981292724609375 -0.7166748046875 -0.31488037109375
-0.106643676757813 0.00613403320312502 -0.509857177734375 -0.20269775390625
-0.0464859008789063 -0.109794616699219 -0.125984191894531 0.00289916992187497
-0.0543441772460937 -0.121231079101563 0.0726699829101563 0.00124359130859374
-0.124603271484375 0.0491714477539062 0.485382080078125 0.17095947265625
-0.0193939208984375 0.116851806640625 0.7147216796875 0.0816650390625
0.0760498046875 0.0543060302734375 0.72711181640625 0.0980224609375
0.0585479736328125 -0.0576629638671875 0.5843505859375 0.250732421875
-0.0260848999023438 -0.0904083251953125 0.476837158203125 0.30072021484375
-0.0578536987304688 -0.0578689575195312 0.282562255859375 0.184967041015625
-0.0445175170898437 -0.0714569091796875 0.0889968872070313 0.0182647705078125
-0.046722412109375 -0.0790176391601563 -0.147979736328125 -0.180923461914063
-0.00128173828125 -0.09393310546875 -0.371368408203125 -0.338958740234375
0.07037353515625 -0.0776519775390625 -0.5899658203125 -0.30987548828125
0.0858993530273438 0.00336456298828125 -0.732421875 -0.26068115234375
-0.00807952880859374 0.0924301147460938 -0.72955322265625 -0.32952880859375
-0.0880584716796875 0.0222702026367188 -0.513275146484375 -0.214141845703125
-0.0461044311523438 -0.0901565551757812 -0.132308959960937 -0.0256195068359375
-0.0362930297851563 -0.0977249145507813 0.0694656372070312 -0.0273704528808594
-0.0973892211914063 0.0387115478515625 0.486480712890625 0.167633056640625
-0.0216751098632813 0.0936050415039063 0.7161865234375 0.06964111328125
0.05810546875 0.0526618957519531 0.70806884765625 0.0975341796875
0.0515174865722656 -0.036865234375 0.565185546875 0.274658203125
-0.0114669799804688 -0.0660247802734375 0.480316162109375 0.32843017578125
-0.0354156494140625 -0.0385971069335938 0.30255126953125 0.1966552734375
-0.0274505615234375 -0.0503692626953125 0.108123779296875 0.0202560424804688
-0.0273933410644531 -0.057220458984375 -0.128982543945313 -0.174514770507813
0.00466537475585938 -0.0642280578613281 -0.358856201171875 -0.3182373046875
0.0571937561035156 -0.0603523254394531 -0.59039306640625 -0.282958984375
0.0699043273925781 -0.00812149047851563 -0.74615478515625 -0.240478515625
0.00731658935546875 0.0712890625 -0.74114990234375 -0.324462890625
-0.056549072265625 0.0271186828613281 -0.518798828125 -0.217437744140625
-0.0334968566894531 -0.0586166381835937 -0.139297485351563 -0.0476226806640625
-0.0196113586425781 -0.0543785095214844 0.072540283203125 -0.0463943481445313
-0.0552940368652344 0.04315185546875 0.4873046875 0.171630859375
-0.00734329223632812 0.0586051940917969 0.720458984375 0.07464599609375
0.0356101989746094 0.0338516235351563 0.69549560546875 0.1103515625
0.0286598205566406 -0.0151710510253906 0.547027587890625 0.297637939453125
-0.00278472900390625 -0.0313434600830078 0.4761962890625 0.353057861328125
-0.00875186920166016 -0.0133180618286133 0.31011962890625 0.20709228515625
-0.00608634948730469 -0.0250186920166016 0.116737365722656 0.0178756713867188
-0.00125312805175781 -0.031158447265625 -0.118881225585937 -0.172988891601563
0.0159912109375 -0.0319538116455078 -0.35174560546875 -0.304351806640625
0.0444602966308594 -0.0332489013671875 -0.59228515625 -0.25897216796875
0.0445747375488281 -0.0122261047363281 -0.75408935546875 -0.212158203125
0.0124473571777344 0.0408973693847656 -0.74774169921875 -0.306396484375
-0.0189189910888672 0.0225410461425781 -0.526153564453125 -0.210845947265625
-0.0116252899169922 -0.0210094451904297 -0.145217895507813 -0.0604095458984375
-0.00642776489257813 0.00127696990966797 0.077911376953125 -0.0518722534179688
-0.00607681274414062 0.0601158142089844 0.48577880859375 0.179473876953125
0.0168437957763672 0.0196990966796875 0.72076416015625 0.09088134765625
0.0111141204833984 0.00400257110595703 0.68914794921875 0.13330078125
-0.00460338592529297 0.00121879577636719 0.535736083984375 0.319915771484375
0.00162839889526367 0.00749540328979492 0.469207763671875 0.367034912109375
0.0185146331787109 0.0154495239257813 0.30841064453125 0.208465576171875
0.0164432525634766 0.00125503540039063 0.115119934082031 0.0108795166015625
0.0257854461669922 -0.0060272216796875 -0.122039794921875 -0.174560546875
0.0296688079833984 0.00271797180175781 -0.3565673828125 -0.29443359375
0.0313587188720703 -0.00139236450195313 -0.59796142578125 -0.23638916015625
0.0136814117431641 -0.0137548446655273 -0.7559814453125 -0.1827392578125
0.00898933410644531 0.00552463531494141 -0.75018310546875 -0.278076171875
0.0194015502929688 0.0102767944335937 -0.529052734375 -0.20220947265625
0.0151691436767578 0.0172328948974609 -0.145462036132812 -0.0648193359375
0.00526046752929687 0.0566787719726563 0.081939697265625 -0.0440216064453125
0.0414962768554688 0.07733154296875 0.484283447265625 0.190887451171875
0.0403556823730469 -0.0199165344238281 0.71527099609375 0.11480712890625
-0.0162181854248047 -0.0256080627441406 0.69244384765625 0.16815185546875
-0.0401039123535156 0.0169601440429687 0.535247802734375 0.33624267578125
0.00399398803710938 0.0456657409667969 0.46551513671875 0.367706298828125
0.043670654296875 0.0395469665527344 0.296356201171875 0.200836181640625
0.0379791259765625 0.0235023498535156 0.101211547851563 0.000289916992187501
0.0526008605957031 0.0166358947753906 -0.13568115234375 -0.178604125976563
0.0414466857910156 0.0340957641601563 -0.3685302734375 -0.290557861328125
0.0155258178710937 0.0275688171386719 -0.6048583984375 -0.221923828125
-0.01904296875 -0.0160026550292969 -0.75628662109375 -0.15380859375
0.00655555725097656 -0.0306472778320313 -0.7503662109375 -0.2484130859375
0.0575027465820313 -0.00233840942382813 -0.528472900390625 -0.19232177734375
0.0417976379394531 0.0558280944824219 -0.14013671875 -0.0585174560546875
0.0195999145507812 0.100044250488281 0.0848770141601563 -0.0220489501953125
0.0805282592773438 0.0805282592773438 0.480316162109375 0.207427978515625
0.0501518249511719 -0.0574455261230469 0.709228515625 0.14996337890625
-0.044891357421875 -0.0461387634277344 0.7012939453125 0.20928955078125
-0.0694389343261719 0.0336570739746094 0.543304443359375 0.34619140625
0.007537841796875 0.0738754272460938 0.456634521484375 0.35809326171875
0.0626182556152344 0.0564842224121094 0.275665283203125 0.187103271484375
0.0536346435546875 0.03924560546875 0.0796356201171875 -0.013702392578125
0.07135009765625 0.0336837768554688 -0.15740966796875 -0.186172485351563
0.0474090576171875 0.0582504272460937 -0.38720703125 -0.29400634765625
-0.003387451171875 0.0489501953125 -0.61328125 -0.2135009765625
-0.0506172180175781 -0.0244903564453125 -0.74951171875 -0.13104248046875
0.00783538818359376 -0.0663223266601563 -0.74676513671875 -0.21875
0.0920791625976563 -0.00994110107421875 -0.5255126953125 -0.181121826171875
0.0609207153320313 0.0917892456054688 -0.129905700683594 -0.0442276000976562
0.0352630615234375 0.119468688964844 0.0884170532226563 0.00962829589843751
0.104507446289063 0.068084716796875 0.477386474609375 0.22564697265625
0.0407028198242188 -0.0856246948242188 0.7042236328125 0.1881103515625
-0.07135009765625 -0.0514297485351562 0.7197265625 0.2418212890625
-0.0859832763671875 0.0490188598632813 0.55450439453125 0.345672607421875
0.0135650634765625 0.088531494140625 0.447052001953125 0.336334228515625
0.073577880859375 0.0618133544921875 0.247955322265625 0.169509887695313
0.0617027282714844 0.0454292297363281 0.0529632568359375 -0.0279159545898437
0.0813064575195313 0.0438995361328125 -0.184036254882812 -0.197509765625
0.0452423095703125 0.07476806640625 -0.407470703125 -0.305511474609375
-0.0247688293457031 0.0596847534179688 -0.61444091796875 -0.21990966796875
-0.0758819580078125 -0.0387496948242187 -0.7374267578125 -0.11968994140625
0.0165786743164063 -0.0944747924804688 -0.7384033203125 -0.1929931640625
0.12042236328125 -0.0064544677734375 -0.517486572265625 -0.169830322265625
0.0697021484375 0.121688842773437 -0.118499755859375 -0.0213851928710937
-0.0687255859375 -0.124687194824219 0.0828704833984375 0.0314254760742187
-0.130203247070313 0.0651016235351563 0.490386962890625 0.18182373046875
-0.006805419921875 0.122268676757813 0.7164306640625 0.10107421875
0.0805206298828125 0.042999267578125 0.7476806640625 0.1044921875
0.049896240234375 -0.073760986328125 0.598876953125 0.232421875
-0.0392837524414062 -0.101699829101563 0.463531494140625 0.2769775390625
-0.0703506469726562 -0.0668487548828125 0.2550048828125 0.171112060546875
-0.0551910400390625 -0.0857391357421875 0.0634956359863281 0.0110626220703125
-0.05706787109375 -0.0956802368164063 -0.174041748046875 -0.194656372070313
-0.00242614746093749 -0.110969543457031 -0.3896484375 -0.36322021484375
0.0788650512695313 -0.0828094482421875 -0.587158203125 -0.33526611328125
0.087188720703125 0.0161819458007812 -0.7120361328125 -0.26812744140625
-0.028045654296875 0.0991973876953125 -0.7191162109375 -0.31500244140625
-0.106903076171875 0.00605010986328126 -0.51031494140625 -0.20343017578125
-0.0474166870117188 -0.1102294921875 -0.126205444335938 0.00180816650390622
-0.0552978515625 -0.1220703125 0.0723037719726563 0.00167846679687499
-0.124069213867188 0.048431396484375 0.4876708984375 0.171722412109375
-0.0189437866210937 0.117111206054687 0.715087890625 0.08026123046875
0.0763092041015625 0.0543975830078125 0.7266845703125 0.0986328125
0.0585784912109375 -0.0576629638671875 0.5841064453125 0.25341796875
-0.025238037109375 -0.0912094116210938 0.476226806640625 0.303375244140625
-0.05767822265625 -0.0569381713867188 0.281982421875 0.18499755859375
-0.0441741943359375 -0.0716323852539063 0.08917236328125 0.0183563232421875
-0.0468673706054687 -0.0793991088867188 -0.147659301757813 -0.181915283203125
-0.0018157958984375 -0.0940093994140625 -0.371978759765625 -0.33978271484375
0.0700759887695312 -0.07843017578125 -0.591064453125 -0.311279296875
0.0861434936523438 0.00269317626953125 -0.73065185546875 -0.2613525390625
-0.00716400146484375 0.0936203002929688 -0.73016357421875 -0.33154296875
-0.0877914428710938 0.0229949951171875 -0.513580322265625 -0.214996337890625
-0.0466156005859375 -0.09051513671875 -0.131881713867188 -0.0268096923828125
-0.0372772216796875 -0.0985946655273438 0.0687828063964844 -0.0263786315917969
-0.0974197387695313 0.0385971069335937 0.486358642578125 0.169097900390625
-0.0207290649414062 0.0942764282226563 0.715576171875 0.07098388671875
0.0579338073730469 0.0524482727050781 0.709716796875 0.09954833984375
0.05181884765625 -0.0368995666503906 0.56732177734375 0.2764892578125
-0.0119590759277344 -0.0669441223144531 0.480987548828125 0.32965087890625
-0.03582763671875 -0.0384254455566406 0.3028564453125 0.19720458984375
-0.0290565490722656 -0.0501022338867188 0.108833312988281 0.0202789306640625
-0.0277481079101562 -0.05670166015625 -0.1279296875 -0.175430297851563
0.00428390502929687 -0.0649185180664063 -0.358856201171875 -0.320556640625
0.0576858520507812 -0.0604286193847656 -0.59063720703125 -0.28485107421875
0.0706634521484375 -0.0077362060546875 -0.747314453125 -0.23992919921875
0.00746917724609375 0.0718994140625 -0.74224853515625 -0.32489013671875
-0.0556564331054688 0.0281867980957031 -0.520050048828125 -0.2186279296875
-0.0338859558105469 -0.0582237243652344 -0.140106201171875 -0.04827880859375
-0.0198936462402344 -0.0563316345214844 0.0720291137695313 -0.0454788208007813
-0.055389404296875 0.0427398681640625 0.487213134765625 0.17193603515625
-0.00759506225585938 0.0582313537597656 0.71875 0.07470703125
0.0355415344238281 0.0340194702148438 0.69488525390625 0.1116943359375
0.0289897918701172 -0.0156440734863281 0.54681396484375 0.29962158203125
-0.00240707397460938 -0.0322055816650391 0.47442626953125 0.355316162109375
-0.00933170318603515 -0.0139446258544922 0.31146240234375 0.20751953125
-0.00699043273925782 -0.0244274139404297 0.1160888671875 0.0177078247070313
-0.0016632080078125 -0.0316085815429687 -0.11981201171875 -0.174560546875
0.0160446166992188 -0.0314464569091797 -0.351287841796875 -0.305389404296875
0.0445480346679688 -0.0330543518066406 -0.59228515625 -0.26019287109375
0.0450668334960937 -0.0120086669921875 -0.75347900390625 -0.21478271484375
0.0124168395996094 0.04058837890625 -0.74951171875 -0.3056640625
-0.0188522338867188 0.0235786437988281 -0.5279541015625 -0.213470458984375
-0.0114212036132813 -0.0216922760009766 -0.145751953125 -0.06146240234375
-0.00687026977539062 0.000635147094726563 0.0780410766601562 -0.0519638061523437
-0.00603103637695313 0.0594596862792969 0.487030029296875 0.181915283203125
0.0167484283447266 0.0192298889160156 0.72222900390625 0.09112548828125
0.0113515853881836 0.00525379180908203 0.69036865234375 0.13604736328125
-0.00395417213439941 0.0013730525970459 0.535247802734375 0.321929931640625
0.0018773078918457 0.00728607177734375 0.470733642578125 0.370086669921875
0.0192337036132812 0.0151767730712891 0.308837890625 0.2098388671875
0.0157546997070313 0.00151634216308594 0.114387512207031 0.0105667114257813
0.0261287689208984 -0.00603294372558594 -0.121307373046875 -0.175567626953125
0.0301475524902344 0.00268745422363281 -0.3560791015625 -0.294769287109375
0.031158447265625 -0.00188064575195313 -0.59808349609375 -0.2374267578125
0.0141115188598633 -0.0140590667724609 -0.75750732421875 -0.18255615234375
0.00920009613037109 0.00623893737792969 -0.75262451171875 -0.27886962890625
0.0198040008544922 0.0107555389404297 -0.529632568359375 -0.20428466796875
0.0155458450317383 0.0168075561523438 -0.146148681640625 -0.06561279296875
0.00501251220703125 0.0570144653320313 0.0814437866210938 -0.0435333251953125
0.0426025390625 0.0762481689453125 0.484619140625 0.193115234375
0.0408897399902344 -0.0197257995605469 0.71600341796875 0.11712646484375
-0.0164527893066406 -0.0252552032470703 0.6912841796875 0.1685791015625
-0.0400466918945313 0.0178375244140625 0.534576416015625 0.338409423828125
0.00418853759765625 0.044219970703125 0.464141845703125 0.369903564453125
0.0441551208496094 0.0399169921875 0.29681396484375 0.202362060546875
0.0369071960449219 0.0234222412109375 0.101570129394531 -0.000465393066406249
0.0515480041503906 0.0165290832519531 -0.134872436523438 -0.1802978515625
0.0424957275390625 0.0325469970703125 -0.369384765625 -0.291534423828125
0.0159111022949219 0.0277271270751953 -0.60504150390625 -0.222900390625
-0.0194606781005859 -0.0163230895996094 -0.75732421875 -0.15460205078125
0.00632858276367187 -0.0314064025878906 -0.75244140625 -0.24896240234375
0.0579833984375 -0.00290679931640625 -0.529876708984375 -0.19537353515625
0.0427589416503906 0.0554695129394531 -0.140083312988281 -0.0610275268554688
0.0183792114257813 0.0996627807617188 0.0848236083984375 -0.0204696655273437
0.0824203491210938 0.0802230834960938 0.481414794921875 0.208648681640625
0.05059814453125 -0.0581321716308594 0.709228515625 0.15185546875
-0.046173095703125 -0.0460662841796875 0.7003173828125 0.20953369140625
-0.0689620971679688 0.0347328186035156 0.543060302734375 0.348663330078125
0.0081024169921875 0.0743865966796875 0.457305908203125 0.358551025390625
0.0634994506835938 0.0563621520996094 0.276153564453125 0.188247680664063
0.0539093017578125 0.0396728515625 0.0804824829101563 -0.0132522583007812
0.07183837890625 0.0335540771484375 -0.15728759765625 -0.187271118164063
0.0475349426269531 0.058929443359375 -0.388336181640625 -0.29388427734375
-0.00239181518554688 0.0493812561035156 -0.61297607421875 -0.214599609375
-0.0513267517089844 -0.0243759155273438 -0.75164794921875 -0.1326904296875
0.00729751586914062 -0.0659866333007812 -0.74688720703125 -0.21966552734375
0.09295654296875 -0.0099029541015625 -0.52545166015625 -0.18280029296875
0.061676025390625 0.0919036865234375 -0.129661560058594 -0.0452957153320313
0.0351638793945313 0.119560241699219 0.0889053344726563 0.0105514526367188
0.105781555175781 0.0679473876953125 0.478240966796875 0.226776123046875
0.0406494140625 -0.087310791015625 0.7030029296875 0.18988037109375
-0.07269287109375 -0.050567626953125 0.7208251953125 0.24383544921875
-0.0852203369140625 0.0505828857421875 0.557098388671875 0.347625732421875
0.0144271850585938 0.08935546875 0.44580078125 0.337554931640625
0.0747833251953125 0.0610504150390625 0.247467041015625 0.17034912109375
0.0627822875976563 0.0457763671875 0.0532379150390625 -0.027801513671875
0.0814895629882813 0.042633056640625 -0.184005737304687 -0.198501586914063
0.0465240478515625 0.0743560791015625 -0.407928466796875 -0.306884765625
-0.0251007080078125 0.0595932006835937 -0.6160888671875 -0.2213134765625
-0.0767135620117188 -0.038970947265625 -0.73681640625 -0.12042236328125
0.0170059204101563 -0.0945281982421875 -0.73992919921875 -0.19464111328125
0.121238708496094 -0.0063629150390625 -0.519744873046875 -0.171142578125
0.0703582763671875 0.122482299804688 -0.119010925292969 -0.022674560546875
-0.0695648193359375 -0.125717163085938 0.0825271606445313 0.0321426391601562
-0.130958557128906 0.064605712890625 0.491607666015625 0.181976318359375
-0.00614166259765624 0.1226806640625 0.7181396484375 0.10003662109375
0.0811920166015625 0.0427932739257813 0.75006103515625 0.10565185546875
0.049560546875 -0.0747222900390625 0.60150146484375 0.2347412109375
-0.0405120849609375 -0.102119445800781 0.465301513671875 0.278350830078125
-0.07122802734375 -0.0669326782226563 0.2562255859375 0.172760009765625
-0.0559005737304687 -0.0859375 0.0636138916015625 0.0104103088378906
-0.0587158203125 -0.0963134765625 -0.174911499023438 -0.194992065429688
-0.0028076171875 -0.111442565917969 -0.391632080078125 -0.365234375
0.0785369873046875 -0.0845260620117188 -0.58721923828125 -0.33673095703125
0.0879287719726563 0.015777587890625 -0.71453857421875 -0.2684326171875
-0.0292892456054688 0.100433349609375 -0.72198486328125 -0.31719970703125
-0.107955932617187 0.00766754150390623 -0.511322021484375 -0.204803466796875
-0.0472183227539063 -0.111351013183594 -0.126205444335938 0.00131988525390624
-0.0572662353515625 -0.122802734375 0.0716705322265625 0.00286102294921874
-0.124771118164063 0.0496902465820313 0.48944091796875 0.171966552734375
-0.0179367065429687 0.117713928222656 0.7147216796875 0.08282470703125
0.0764312744140625 0.0545730590820313 0.7274169921875 0.1004638671875
0.0584564208984375 -0.0592918395996094 0.58697509765625 0.255859375
-0.0261077880859375 -0.0919265747070313 0.478485107421875 0.303497314453125
-0.0577926635742188 -0.0568161010742187 0.28424072265625 0.186431884765625
-0.0464859008789063 -0.0720977783203125 0.0901412963867188 0.0182647705078125
-0.0484466552734375 -0.0798568725585938 -0.147048950195313 -0.182785034179688
-0.00275421142578124 -0.0944442749023438 -0.372406005859375 -0.340484619140625
0.06988525390625 -0.0791702270507813 -0.59124755859375 -0.31268310546875
0.0873489379882813 0.0023193359375 -0.73480224609375 -0.26214599609375
-0.00683593749999999 0.0943374633789063 -0.73370361328125 -0.33203125
-0.0883026123046875 0.0234603881835938 -0.515411376953125 -0.216400146484375
-0.0466156005859375 -0.0910568237304687 -0.132644653320313 -0.0275421142578125
-0.0388870239257813 -0.0998458862304688 0.0693550109863281 -0.0255355834960938
-0.097412109375 0.0394134521484375 0.488006591796875 0.16998291015625
-0.0204238891601563 0.0943679809570313 0.71795654296875 0.0714111328125
0.0595741271972656 0.0528068542480469 0.708984375 0.0997314453125
0.0518226623535156 -0.0367393493652344 0.5687255859375 0.27874755859375
-0.0124015808105469 -0.0666122436523438 0.482940673828125 0.331787109375
-0.036163330078125 -0.0384483337402344 0.303253173828125 0.198638916015625
-0.0300941467285156 -0.0503311157226563 0.108665466308594 0.0196685791015625
-0.0286941528320312 -0.0575599670410156 -0.129196166992188 -0.176559448242187
0.00377655029296875 -0.0656623840332031 -0.359039306640625 -0.319366455078125
0.0570907592773438 -0.0615615844726563 -0.59283447265625 -0.28607177734375
0.0703887939453125 -0.00876617431640625 -0.74969482421875 -0.241943359375
0.00878143310546875 0.0727386474609375 -0.74542236328125 -0.32635498046875
-0.0564079284667969 0.0288925170898438 -0.5224609375 -0.218475341796875
-0.0338058471679688 -0.0594253540039063 -0.140098571777344 -0.0497055053710937
-0.0214920043945313 -0.055999755859375 0.0720901489257813 -0.0450897216796875
-0.0548133850097656 0.042999267578125 0.488494873046875 0.1737060546875
-0.00713729858398437 0.0586433410644531 0.7208251953125 0.0751953125
0.0354957580566406 0.0338478088378906 0.69573974609375 0.1119384765625
0.0286598205566406 -0.0151958465576172 0.5489501953125 0.301971435546875
-0.00211906433105469 -0.032501220703125 0.476287841796875 0.356719970703125
-0.00886344909667969 -0.0130071640014648 0.312042236328125 0.208221435546875
-0.00826454162597656 -0.0245552062988281 0.118179321289063 0.0170745849609375
-0.00261497497558594 -0.031646728515625 -0.118850708007813 -0.175216674804688
0.0160884857177734 -0.0320072174072266 -0.35296630859375 -0.30548095703125
0.0441207885742188 -0.0330848693847656 -0.59356689453125 -0.2603759765625
0.0446395874023438 -0.0125617980957031 -0.7567138671875 -0.21551513671875
0.0124626159667969 0.0420646667480469 -0.75225830078125 -0.30804443359375
-0.0182914733886719 0.0237026214599609 -0.5289306640625 -0.21331787109375
-0.0114841461181641 -0.0222263336181641 -0.146270751953125 -0.063140869140625
-0.00823211669921875 0.000261783599853517 0.0781097412109375 -0.0519561767578125
-0.00524902343749999 0.0599708557128906 0.487579345703125 0.18133544921875
0.0173873901367188 0.0196361541748047 0.720947265625 0.0899658203125
0.0110054016113281 0.00527286529541016 0.69061279296875 0.13726806640625
-0.00425815582275391 0.00140500068664551 0.536102294921875 0.3245849609375
0.00212383270263672 0.00763273239135742 0.4713134765625 0.372314453125
0.0188369750976563 0.0151252746582031 0.3094482421875 0.20953369140625
0.0156364440917969 0.00101566314697266 0.114662170410156 0.0103378295898438
0.0258426666259766 -0.00650978088378906 -0.121963500976563 -0.177337646484375
0.0305652618408203 0.00198745727539062 -0.356353759765625 -0.296600341796875
0.0314674377441406 -0.00200080871582031 -0.5992431640625 -0.23944091796875
0.0129146575927734 -0.0141658782958984 -0.7615966796875 -0.18359375
0.0102405548095703 0.00631618499755859 -0.75634765625 -0.2803955078125
0.0200786590576172 0.0104999542236328 -0.53118896484375 -0.204376220703125
0.0160503387451172 0.0163784027099609 -0.147308349609375 -0.066741943359375
0.00438308715820312 0.0570144653320313 0.0813369750976563 -0.0426177978515625
0.0425567626953125 0.0760498046875 0.486785888671875 0.1927490234375
0.0408439636230469 -0.0208702087402344 0.71685791015625 0.1177978515625
-0.016357421875 -0.0245952606201172 0.6915283203125 0.17047119140625
-0.0398483276367188 0.0183143615722656 0.5367431640625 0.34100341796875
0.00490951538085937 0.0447616577148438 0.46636962890625 0.37109375
0.0437278747558594 0.0393829345703125 0.29840087890625 0.2032470703125
0.03680419921875 0.0239791870117187 0.102424621582031 -0.001220703125
0.052886962890625 0.0161514282226563 -0.136077880859375 -0.181503295898438
0.0422935485839844 0.0330657958984375 -0.369964599609375 -0.29351806640625
0.0162868499755859 0.0277118682861328 -0.60662841796875 -0.22259521484375
-0.0193729400634766 -0.0164527893066406 -0.75970458984375 -0.15435791015625
0.00649070739746094 -0.0309314727783203 -0.75439453125 -0.2518310546875
0.0585556030273438 -0.00252532958984375 -0.530364990234375 -0.195648193359375
0.0429878234863281 0.0554962158203125 -0.1412353515625 -0.0609588623046875
0.0184860229492188 0.0999526977539062 0.0842132568359375 -0.019866943359375
0.0829696655273437 0.0806198120117188 0.482574462890625 0.20904541015625
0.0504379272460938 -0.0585250854492188 0.7098388671875 0.1514892578125
-0.0465507507324219 -0.0453987121582031 0.70068359375 0.21173095703125
-0.0690231323242188 0.0348434448242188 0.54425048828125 0.35064697265625
0.0086822509765625 0.0743408203125 0.45782470703125 0.3619384765625
0.0640716552734375 0.0565414428710938 0.276641845703125 0.187728881835938
0.0539131164550781 0.0399513244628906 0.079864501953125 -0.0144271850585938
0.0719223022460938 0.0325469970703125 -0.157150268554688 -0.188522338867187
0.0483169555664063 0.0586814880371094 -0.388763427734375 -0.296875
-0.00273895263671875 0.0496559143066406 -0.61370849609375 -0.21527099609375
-0.0519905090332031 -0.0245933532714844 -0.75390625 -0.13372802734375
0.00780487060546875 -0.0657424926757813 -0.7508544921875 -0.2210693359375
0.0937652587890625 -0.00970458984375 -0.52923583984375 -0.18243408203125
0.0624313354492188 0.0925750732421875 -0.130813598632813 -0.0467376708984375
0.0347900390625 0.120628356933594 0.0883865356445313 0.0112380981445313
0.106094360351563 0.0675811767578125 0.4796142578125 0.22796630859375
0.0406646728515625 -0.0875930786132813 0.704345703125 0.18896484375
-0.0740890502929687 -0.0505905151367188 0.719482421875 0.24591064453125
-0.0851898193359375 0.0517120361328125 0.555999755859375 0.3486328125
0.0157699584960938 0.0895004272460938 0.44805908203125 0.33856201171875
0.0752944946289063 0.0615615844726563 0.248626708984375 0.171600341796875
0.0631523132324219 0.0453681945800781 0.0529632568359375 -0.0285072326660156
0.0821685791015625 0.0421905517578125 -0.184326171875 -0.199478149414063
0.0467147827148438 0.0746841430664063 -0.408050537109375 -0.30682373046875
-0.0241355895996094 0.0596389770507813 -0.61785888671875 -0.2227783203125
-0.0767745971679688 -0.0389785766601562 -0.73980712890625 -0.12042236328125
0.0164947509765625 -0.0941009521484375 -0.74261474609375 -0.1954345703125
0.122383117675781 -0.007080078125 -0.522247314453125 -0.171600341796875
0.0709304809570312 0.122428894042969 -0.119148254394531 -0.023468017578125
-0.0714569091796875 -0.126701354980469 0.0837631225585937 0.0328826904296875
-0.130813598632813 0.065185546875 0.49420166015625 0.183349609375
-0.0057220458984375 0.123336791992188 0.72015380859375 0.10113525390625
0.082183837890625 0.0431137084960938 0.75250244140625 0.1060791015625
0.0492935180664063 -0.0753326416015625 0.603515625 0.23699951171875
-0.040496826171875 -0.102668762207031 0.468170166015625 0.2803955078125
-0.0718917846679688 -0.0671234130859375 0.257583618164063 0.173736572265625
-0.0569839477539062 -0.086395263671875 0.0645599365234375 0.0100135803222656
-0.0599517822265625 -0.096160888671875 -0.175674438476563 -0.19647216796875
-0.00316619873046876 -0.113304138183594 -0.393218994140625 -0.36614990234375
0.0784912109375 -0.0848388671875 -0.5914306640625 -0.3385009765625
0.088287353515625 0.015472412109375 -0.71923828125 -0.2703857421875
-0.028289794921875 0.101669311523438 -0.7259521484375 -0.318115234375
-0.107872009277344 0.00904083251953124 -0.514251708984375 -0.206695556640625
-0.0476913452148438 -0.112457275390625 -0.126922607421875 0.000389099121093726
-0.0582733154296875 -0.124412536621094 0.0725021362304688 0.00257873535156249
-0.124969482421875 0.0499343872070313 0.492156982421875 0.1737060546875
-0.0173416137695313 0.119110107421875 0.71783447265625 0.082275390625
0.0771865844726563 0.0552978515625 0.7305908203125 0.1009521484375
0.0587692260742188 -0.0589561462402344 0.58880615234375 0.257568359375
-0.0272445678710937 -0.0921401977539063 0.480072021484375 0.306732177734375
-0.0589790344238281 -0.0569343566894531 0.284942626953125 0.187347412109375
-0.047576904296875 -0.0723648071289063 0.0906524658203125 0.0174331665039062
-0.0496902465820313 -0.0803909301757812 -0.148544311523437 -0.184829711914063
-0.003021240234375 -0.0955429077148438 -0.374481201171875 -0.342376708984375
0.0691070556640625 -0.08074951171875 -0.59429931640625 -0.3138427734375
0.0878219604492187 0.00128936767578125 -0.73797607421875 -0.263671875
-0.00612640380859375 0.0960159301757813 -0.7374267578125 -0.33258056640625
-0.088623046875 0.0244369506835937 -0.5181884765625 -0.2166748046875
-0.0465316772460938 -0.0921554565429688 -0.132713317871094 -0.0284271240234375
-0.0397491455078125 -0.101119995117188 0.0688896179199219 -0.0249900817871094
-0.0981597900390625 0.0392608642578125 0.49017333984375 0.1712646484375
-0.019683837890625 0.09490966796875 0.72113037109375 0.071533203125
0.060302734375 0.0533409118652344 0.71026611328125 0.09979248046875
0.0521736145019531 -0.0373344421386719 0.57000732421875 0.2818603515625
-0.0126838684082031 -0.0680961608886719 0.485595703125 0.3333740234375
-0.0365333557128906 -0.038818359375 0.305694580078125 0.200225830078125
-0.0308570861816406 -0.0502471923828125 0.109176635742188 0.0189971923828125
-0.0300254821777344 -0.0573883056640625 -0.128326416015625 -0.178115844726563
0.004119873046875 -0.066436767578125 -0.36004638671875 -0.322784423828125
0.0572166442871094 -0.0623817443847656 -0.59466552734375 -0.28717041015625
0.0710220336914063 -0.00902557373046875 -0.7537841796875 -0.2421875
0.00856018066406249 0.0734024047851562 -0.749267578125 -0.3284912109375
-0.0560569763183594 0.0296478271484375 -0.5238037109375 -0.22100830078125
-0.0340385437011719 -0.0598869323730469 -0.140571594238281 -0.0503997802734375
-0.0221824645996094 -0.0569076538085937 0.0721511840820313 -0.0444488525390625
-0.0544471740722656 0.0431251525878906 0.490631103515625 0.17535400390625
-0.00632095336914062 0.0591392517089844 0.72369384765625 0.07708740234375
0.0357856750488281 0.0351104736328125 0.69720458984375 0.11328125
0.0287513732910156 -0.0162811279296875 0.551971435546875 0.304229736328125
-0.0025177001953125 -0.0328445434570313 0.48077392578125 0.35870361328125
-0.00932693481445313 -0.0122184753417969 0.31402587890625 0.2098388671875
-0.00780487060546875 -0.0247001647949219 0.119178771972656 0.0170822143554688
-0.003204345703125 -0.0320415496826172 -0.119781494140625 -0.176437377929687
0.0158863067626953 -0.0317096710205078 -0.35369873046875 -0.308258056640625
0.0443038940429688 -0.033966064453125 -0.594970703125 -0.26361083984375
0.0454978942871094 -0.0132980346679688 -0.7607421875 -0.2152099609375
0.01336669921875 0.0416755676269531 -0.75738525390625 -0.31005859375
-0.0182971954345703 0.0244522094726563 -0.5313720703125 -0.21405029296875
-0.0111179351806641 -0.0227642059326172 -0.146942138671875 -0.06378173828125
-0.00885200500488281 -6.19888305664066E-05 0.0772857666015625 -0.0513763427734375
-0.00584793090820313 0.0599632263183594 0.490234375 0.182647705078125
0.0172901153564453 0.019439697265625 0.72430419921875 0.09124755859375
0.0107421875 0.00571632385253906 0.69219970703125 0.138671875
-0.0032658576965332 0.00210762023925781 0.540069580078125 0.327484130859375
0.00253105163574219 0.0066828727722168 0.47412109375 0.3741455078125
0.0190277099609375 0.0151042938232422 0.311981201171875 0.212249755859375
0.0157871246337891 0.00116252899169922 0.115753173828125 0.009490966796875
0.0260410308837891 -0.00679206848144531 -0.1224365234375 -0.17816162109375
0.0308475494384766 0.00190925598144531 -0.358489990234375 -0.299285888671875
0.0313453674316406 -0.002410888671875 -0.6011962890625 -0.23974609375
0.0134248733520508 -0.0142669677734375 -0.76336669921875 -0.1832275390625
0.0100975036621094 0.0068511962890625 -0.75909423828125 -0.28240966796875
0.0209312438964844 0.0110683441162109 -0.534576416015625 -0.205108642578125
0.0164775848388672 0.0167770385742188 -0.14764404296875 -0.0679168701171875
0.00412368774414063 0.0572509765625 0.0811386108398437 -0.04254150390625
0.043792724609375 0.0763778686523438 0.48992919921875 0.195159912109375
0.0409393310546875 -0.0212249755859375 0.71771240234375 0.11688232421875
-0.0179519653320313 -0.0240840911865234 0.69439697265625 0.17218017578125
-0.0401840209960938 0.01898193359375 0.538360595703125 0.344390869140625
0.00508499145507812 0.044525146484375 0.468902587890625 0.37445068359375
0.0450592041015625 0.0401535034179688 0.300262451171875 0.20367431640625
0.0379219055175781 0.0237579345703125 0.102668762207031 -0.0023040771484375
0.0524520874023438 0.0158424377441406 -0.136001586914063 -0.183090209960938
0.043212890625 0.0334281921386719 -0.370697021484375 -0.294952392578125
0.0156650543212891 0.0270919799804688 -0.61004638671875 -0.22467041015625
-0.0202598571777344 -0.0166072845458984 -0.763916015625 -0.15557861328125
0.00654983520507812 -0.0300178527832031 -0.76068115234375 -0.25140380859375
0.0588455200195313 -0.00255966186523438 -0.533233642578125 -0.195556640625
0.0429763793945313 0.0553855895996094 -0.141769409179687 -0.0625762939453125
0.018707275390625 0.100845336914062 0.0840606689453125 -0.02001953125
0.0840072631835938 0.08062744140625 0.484832763671875 0.2103271484375
0.050262451171875 -0.0598220825195313 0.71197509765625 0.15191650390625
-0.0470008850097656 -0.045379638671875 0.7030029296875 0.213623046875
-0.0700035095214844 0.035736083984375 0.547332763671875 0.352294921875
0.00881958007812499 0.0739898681640625 0.460052490234375 0.363616943359375
0.0645828247070313 0.0565910339355469 0.278701782226563 0.189468383789063
0.0541229248046875 0.038665771484375 0.0805740356445313 -0.0145797729492187
0.0721893310546875 0.0327072143554688 -0.15753173828125 -0.189971923828125
0.049224853515625 0.0593528747558594 -0.39117431640625 -0.2962646484375
-0.00286865234375 0.0496940612792969 -0.61712646484375 -0.21734619140625
-0.0516433715820313 -0.0241737365722656 -0.755859375 -0.1324462890625
0.00737762451171875 -0.0663566589355469 -0.756103515625 -0.22174072265625
0.0952377319335938 -0.0103607177734375 -0.530120849609375 -0.184326171875
0.063690185546875 0.0927734375 -0.131889343261719 -0.0481491088867188
0.0352706909179688 0.121223449707031 0.0887603759765625 0.0121307373046875
0.107666015625 0.0667877197265625 0.480377197265625 0.2301025390625
0.04046630859375 -0.0880813598632813 0.70697021484375 0.19122314453125
-0.0749588012695313 -0.0500335693359375 0.722900390625 0.2469482421875
-0.0857925415039062 0.0531997680664062 0.5594482421875 0.351531982421875
0.015777587890625 0.0894851684570313 0.449310302734375 0.341278076171875
0.0761566162109375 0.0618820190429688 0.250473022460938 0.172164916992188
0.0627403259277344 0.0467033386230469 0.0536651611328125 -0.0285110473632812
0.0822906494140625 0.0420608520507813 -0.18585205078125 -0.200653076171875
0.047760009765625 0.0751800537109375 -0.41094970703125 -0.309783935546875
-0.0242042541503906 0.0612678527832031 -0.619140625 -0.22314453125
-0.07879638671875 -0.0383758544921875 -0.7435302734375 -0.12249755859375
0.016357421875 -0.095062255859375 -0.74542236328125 -0.19488525390625
0.123977661132812 -0.007568359375 -0.52490234375 -0.1728515625
0.0726547241210937 0.123489379882812 -0.120140075683594 -0.024169921875
-0.073577880859375 -0.127517700195313 0.0836639404296875 0.0333251953125
-0.131797790527344 0.0664520263671875 0.496978759765625 0.18267822265625
-0.004364013671875 0.124252319335938 0.722900390625 0.10125732421875
0.0832061767578125 0.0433120727539062 0.75439453125 0.10687255859375
0.0496597290039063 -0.0763702392578125 0.60687255859375 0.23785400390625
-0.041595458984375 -0.103935241699219 0.471221923828125 0.2813720703125
-0.07275390625 -0.0663604736328125 0.258682250976563 0.175384521484375
-0.0584945678710937 -0.0865707397460937 0.0644340515136719 0.0100822448730469
-0.0616302490234375 -0.0966262817382813 -0.177139282226562 -0.197067260742188
-0.0034942626953125 -0.11395263671875 -0.395904541015625 -0.3673095703125
0.07843017578125 -0.0863876342773438 -0.59527587890625 -0.33935546875
0.0897216796875 0.0152435302734375 -0.72210693359375 -0.2711181640625
-0.0278244018554687 0.10296630859375 -0.73284912109375 -0.319091796875
-0.108421325683594 0.00936126708984377 -0.518096923828125 -0.20660400390625
-0.0490036010742187 -0.112991333007813 -0.128044128417969 -5.34057617187471E-05
-0.06036376953125 -0.125625610351563 0.0733108520507813 0.00392913818359374
-0.126228332519531 0.0499343872070312 0.495025634765625 0.17449951171875
-0.0161209106445312 0.119178771972656 0.72052001953125 0.08197021484375
0.079498291015625 0.0557174682617188 0.73333740234375 0.10089111328125
0.0589179992675781 -0.0603370666503906 0.59271240234375 0.25811767578125
-0.0280609130859375 -0.0926513671875 0.484130859375 0.3076171875
-0.05950927734375 -0.0563468933105469 0.2872314453125 0.1876220703125
-0.0486907958984375 -0.0719985961914063 0.0908432006835937 0.0174560546875
-0.0514678955078125 -0.0808868408203125 -0.150146484375 -0.184921264648438
-0.00371551513671875 -0.0960464477539063 -0.37615966796875 -0.34368896484375
0.0694122314453125 -0.0824203491210938 -0.59759521484375 -0.31622314453125
0.0879287719726562 0.0008697509765625 -0.74432373046875 -0.26409912109375
-0.00531005859375001 0.0965728759765625 -0.74432373046875 -0.3336181640625
-0.08892822265625 0.0252761840820313 -0.522247314453125 -0.217987060546875
-0.0483856201171875 -0.0928192138671875 -0.133171081542969 -0.0298385620117188
-0.0414352416992188 -0.102386474609375 0.069580078125 -0.0244483947753906
-0.0987091064453125 0.039031982421875 0.49267578125 0.170928955078125
-0.0189971923828125 0.0955963134765625 0.7235107421875 0.0684814453125
0.0602645874023438 0.0531425476074219 0.714111328125 0.10125732421875
0.0524673461914063 -0.0382423400878906 0.574462890625 0.2821044921875
-0.0128021240234375 -0.0678367614746094 0.4891357421875 0.33544921875
-0.0369338989257813 -0.0381851196289063 0.307281494140625 0.20062255859375
-0.0315971374511719 -0.0497207641601563 0.110549926757813 0.01898193359375
-0.0316123962402344 -0.0575981140136719 -0.129348754882812 -0.179916381835938
0.00304412841796875 -0.0665626525878906 -0.3623046875 -0.324005126953125
0.0565643310546875 -0.0638504028320313 -0.59906005859375 -0.287353515625
0.0717315673828125 -0.00933837890625 -0.75927734375 -0.2421875
0.00936889648437499 0.0744171142578125 -0.7537841796875 -0.3291015625
-0.0555343627929688 0.0301513671875 -0.527984619140625 -0.22247314453125
-0.0352020263671875 -0.0606918334960937 -0.141677856445313 -0.051666259765625
-0.0237808227539063 -0.0577812194824219 0.0721282958984375 -0.0445327758789063
-0.0550117492675781 0.0436248779296875 0.493255615234375 0.175506591796875
-0.00685501098632813 0.0596580505371094 0.7249755859375 0.07537841796875
0.0361557006835938 0.0355415344238281 0.69989013671875 0.11407470703125
0.0291996002197266 -0.0157184600830078 0.555511474609375 0.306121826171875
-0.00175666809082031 -0.0330753326416016 0.4832763671875 0.36102294921875
-0.00889492034912109 -0.0128803253173828 0.316375732421875 0.2098388671875
-0.00868797302246094 -0.0245895385742188 0.119537353515625 0.0159835815429688
-0.00410270690917969 -0.0321311950683594 -0.120361328125 -0.177947998046875
0.0161666870117188 -0.0322589874267578 -0.355712890625 -0.30950927734375
0.0438041687011719 -0.0352516174316406 -0.59918212890625 -0.26434326171875
0.0450363159179688 -0.0137138366699219 -0.76544189453125 -0.21441650390625
0.01324462890625 0.0426788330078125 -0.7620849609375 -0.310302734375
-0.0184707641601562 0.0253582000732422 -0.535400390625 -0.216644287109375
-0.0114784240722656 -0.0235881805419922 -0.148391723632813 -0.064208984375
-0.00903892517089844 -0.000584602355957033 0.0770721435546875 -0.0513229370117188
-0.00493240356445313 0.060089111328125 0.49432373046875 0.18304443359375
0.0174980163574219 0.0197505950927734 0.7269287109375 0.09124755859375
0.0101041793823242 0.00578498840332031 0.693359375 0.1375732421875
-0.00457525253295898 0.00252866744995117 0.542327880859375 0.328277587890625
0.00314950942993164 0.00689411163330078 0.477783203125 0.375091552734375
0.0198478698730469 0.0164508819580078 0.3145751953125 0.212066650390625
0.0152425765991211 0.00108242034912109 0.116928100585938 0.0087890625
0.0255699157714844 -0.00720977783203125 -0.123016357421875 -0.18023681640625
0.0305728912353516 0.00157737731933594 -0.36029052734375 -0.299896240234375
0.0312957763671875 -0.00271224975585937 -0.6044921875 -0.24017333984375
0.0136880874633789 -0.0144901275634766 -0.76861572265625 -0.18359375
0.0106668472290039 0.00738620758056641 -0.76611328125 -0.282958984375
0.0215854644775391 0.0121784210205078 -0.53900146484375 -0.206085205078125
0.017054557800293 0.0158185958862305 -0.149200439453125 -0.069427490234375
0.00353622436523437 0.0577468872070313 0.081207275390625 -0.0418167114257812
0.0441741943359375 0.0771636962890625 0.49261474609375 0.195159912109375
0.0410423278808594 -0.0217018127441406 0.7216796875 0.1170654296875
-0.0176181793212891 -0.0239963531494141 0.6971435546875 0.17279052734375
-0.0400428771972656 0.018341064453125 0.543182373046875 0.344268798828125
0.005340576171875 0.0441741943359375 0.472076416015625 0.377105712890625
0.0457763671875 0.040283203125 0.302520751953125 0.204925537109375
0.0378379821777344 0.0246124267578125 0.103958129882812 -0.00234222412109375
0.0516548156738281 0.0147285461425781 -0.136917114257812 -0.183944702148438
0.0438652038574219 0.0325431823730469 -0.37347412109375 -0.29547119140625
0.0166835784912109 0.0274124145507812 -0.6138916015625 -0.2252197265625
-0.0203800201416016 -0.0165691375732422 -0.7686767578125 -0.15374755859375
0.00645065307617188 -0.0303478240966797 -0.76513671875 -0.2506103515625
0.05950927734375 -0.00249481201171875 -0.53912353515625 -0.19696044921875
0.0443572998046875 0.0555648803710938 -0.143356323242187 -0.0632476806640625
0.0187911987304687 0.100944519042969 0.0841445922851563 -0.0189971923828125
0.0857086181640625 0.080291748046875 0.488067626953125 0.211273193359375
0.0501899719238281 -0.0607986450195313 0.71435546875 0.15350341796875
-0.0480461120605469 -0.0449142456054687 0.70623779296875 0.213623046875
-0.0699920654296875 0.0370712280273438 0.552032470703125 0.354705810546875
0.0100555419921875 0.0745010375976563 0.463623046875 0.3643798828125
0.0657386779785156 0.0570030212402344 0.279830932617188 0.189743041992188
0.0547561645507812 0.0401725769042969 0.0808792114257813 -0.0155868530273438
0.0731353759765625 0.0319366455078125 -0.15887451171875 -0.191604614257812
0.050506591796875 0.0587615966796875 -0.391815185546875 -0.29888916015625
-0.00160598754882812 0.0496292114257813 -0.61993408203125 -0.21826171875
-0.0534553527832031 -0.02423095703125 -0.76202392578125 -0.1334228515625
0.00754928588867187 -0.0664443969726563 -0.76019287109375 -0.22247314453125
0.0961761474609375 -0.0109634399414063 -0.536376953125 -0.1856689453125
0.0645980834960938 0.0924148559570313 -0.132453918457031 -0.0489578247070312
0.035247802734375 0.122161865234375 0.0895462036132813 0.0128097534179688
0.109466552734375 0.0664520263671875 0.484588623046875 0.230133056640625
0.0397796630859375 -0.0903472900390625 0.70904541015625 0.1917724609375
-0.0752639770507813 -0.049591064453125 0.72637939453125 0.24755859375
-0.0856475830078125 0.0539093017578125 0.56268310546875 0.35150146484375
0.0169677734375 0.089935302734375 0.45233154296875 0.34222412109375
0.078399658203125 0.0616531372070313 0.252105712890625 0.172119140625
0.0643043518066406 0.0461387634277344 0.0541572570800781 -0.0289382934570312
0.0834197998046875 0.041259765625 -0.187026977539062 -0.202667236328125
0.0481719970703125 0.0756759643554687 -0.4139404296875 -0.310546875
-0.0238609313964844 0.0615577697753906 -0.623291015625 -0.224853515625
-0.0799407958984375 -0.03912353515625 -0.74981689453125 -0.121826171875
0.0156784057617188 -0.0959625244140625 -0.7530517578125 -0.1949462890625
0.125602722167969 -0.0087738037109375 -0.529937744140625 -0.175048828125
0.0736083984375 0.1240234375 -0.121604919433594 -0.0254364013671875
-0.0763397216796875 -0.129180908203125 0.0836181640625 0.0342864990234375
-0.132354736328125 0.066802978515625 0.501617431640625 0.182373046875
-0.003631591796875 0.124847412109375 0.728515625 0.10003662109375
0.0835952758789063 0.0430450439453125 0.75933837890625 0.10455322265625
0.0503768920898438 -0.078033447265625 0.611572265625 0.23797607421875
-0.0426483154296875 -0.10467529296875 0.47589111328125 0.281829833984375
-0.073577880859375 -0.0667037963867188 0.261383056640625 0.175628662109375
-0.0602188110351563 -0.086151123046875 0.0638847351074219 0.00954818725585937
-0.0640869140625 -0.0960922241210938 -0.1793212890625 -0.198471069335937
-0.004913330078125 -0.115570068359375 -0.399505615234375 -0.36669921875
0.0785369873046875 -0.0876998901367188 -0.59930419921875 -0.33953857421875
0.090240478515625 0.0147705078125 -0.72845458984375 -0.26947021484375
-0.027679443359375 0.103996276855469 -0.73760986328125 -0.3175048828125
-0.108924865722656 0.0107269287109375 -0.52215576171875 -0.205902099609375
-0.0503921508789063 -0.114601135253906 -0.127761840820312 -0.000686645507812498
-0.0633087158203125 -0.127098083496094 0.0728912353515625 0.00424957275390624
-0.125999450683594 0.0513687133789063 0.49884033203125 0.174163818359375
-0.0156326293945312 0.120201110839844 0.72491455078125 0.0816650390625
0.0798721313476563 0.0554428100585937 0.736083984375 0.09893798828125
0.0584068298339844 -0.0606002807617187 0.59661865234375 0.25787353515625
-0.028656005859375 -0.0942153930664063 0.4884033203125 0.30865478515625
-0.0602035522460937 -0.056976318359375 0.2896728515625 0.189544677734375
-0.0504608154296875 -0.0724105834960937 0.0914154052734375 0.0162734985351562
-0.053314208984375 -0.0802688598632813 -0.150741577148438 -0.186294555664063
-0.00503540039062499 -0.096527099609375 -0.380615234375 -0.344390869140625
0.0688552856445313 -0.083740234375 -0.60150146484375 -0.31573486328125
0.088958740234375 -0.0002593994140625 -0.748046875 -0.26318359375
-0.00452423095703125 0.0975799560546875 -0.75006103515625 -0.33331298828125
-0.0884552001953125 0.0264434814453125 -0.527374267578125 -0.21856689453125
-0.0484771728515625 -0.09375 -0.134773254394531 -0.0304107666015625
-0.0431137084960938 -0.103004455566406 0.0684165954589844 -0.0237846374511719
-0.09881591796875 0.039794921875 0.497711181640625 0.1708984375
-0.0190887451171875 0.0956878662109375 0.725341796875 0.068603515625
0.0612106323242187 0.0539512634277344 0.71893310546875 0.098876953125
0.051910400390625 -0.0377235412597656 0.57818603515625 0.28167724609375
-0.0126266479492187 -0.0691795349121094 0.492950439453125 0.336578369140625
-0.0374984741210938 -0.0370368957519531 0.310943603515625 0.201446533203125
-0.0319938659667969 -0.0504684448242188 0.11083984375 0.0180816650390625
-0.0325088500976562 -0.0568351745605469 -0.131622314453125 -0.179901123046875
0.00238800048828125 -0.0678977966308594 -0.36602783203125 -0.323333740234375
0.0562667846679688 -0.0648765563964844 -0.6029052734375 -0.2874755859375
0.07177734375 -0.009796142578125 -0.76300048828125 -0.241943359375
0.00997161865234376 0.0756607055664063 -0.76226806640625 -0.3284912109375
-0.0561599731445312 0.0322113037109375 -0.5311279296875 -0.219940185546875
-0.0353279113769531 -0.0610313415527344 -0.142913818359375 -0.0521697998046875
-0.0246734619140625 -0.0581398010253906 0.0715179443359375 -0.0452499389648438
-0.0548858642578125 0.0435829162597656 0.497344970703125 0.17431640625
-0.00693511962890626 0.0600776672363281 0.7294921875 0.07366943359375
0.0369415283203125 0.0359306335449219 0.70489501953125 0.1126708984375
0.029998779296875 -0.0159149169921875 0.559661865234375 0.306121826171875
-0.00355339050292969 -0.0338840484619141 0.488189697265625 0.3623046875
-0.00902080535888672 -0.0118389129638672 0.319122314453125 0.210662841796875
-0.00876808166503906 -0.0250015258789062 0.12060546875 0.0148773193359375
-0.00510406494140625 -0.0327072143554688 -0.121795654296875 -0.179092407226563
0.0165119171142578 -0.0336570739746094 -0.35906982421875 -0.310455322265625
0.0434608459472656 -0.03594970703125 -0.6041259765625 -0.26422119140625
0.0457496643066406 -0.0135269165039062 -0.771240234375 -0.21337890625
0.0139007568359375 0.0434036254882812 -0.769287109375 -0.3094482421875
-0.0174942016601563 0.0258884429931641 -0.539276123046875 -0.215850830078125
-0.0117549896240234 -0.0240211486816406 -0.149932861328125 -0.06573486328125
-0.00916004180908203 0.000406265258789062 0.0768508911132813 -0.0510025024414063
-0.0047454833984375 0.0600128173828125 0.498138427734375 0.183380126953125
0.0181026458740234 0.0182666778564453 0.73004150390625 0.0899658203125
0.0100555419921875 0.00591754913330078 0.697998046875 0.1368408203125
-0.00432920455932617 0.00297284126281738 0.548248291015625 0.3314208984375
0.00243949890136719 0.00653076171875 0.482330322265625 0.377471923828125
0.0203075408935547 0.0157318115234375 0.31768798828125 0.212890625
0.0162582397460937 0.00105476379394531 0.117698669433594 0.0084381103515625
0.0248813629150391 -0.00772285461425781 -0.123825073242188 -0.181381225585938
0.0300979614257813 0.00139999389648438 -0.362457275390625 -0.301788330078125
0.0311050415039063 -0.00295639038085938 -0.60986328125 -0.2418212890625
0.0137968063354492 -0.0150270462036133 -0.77410888671875 -0.18194580078125
0.011082649230957 0.00773525238037109 -0.77313232421875 -0.28131103515625
0.0217266082763672 0.0112476348876953 -0.5423583984375 -0.207275390625
0.0174980163574219 0.0157871246337891 -0.150421142578125 -0.06988525390625
0.00392532348632813 0.0579299926757813 0.0807113647460938 -0.04241943359375
0.0449676513671875 0.076385498046875 0.495880126953125 0.1959228515625
0.0415420532226563 -0.0226058959960938 0.72576904296875 0.116943359375
-0.0179653167724609 -0.0242557525634766 0.69952392578125 0.1708984375
-0.0400962829589844 0.0201416015625 0.54736328125 0.34661865234375
0.0068817138671875 0.0443878173828125 0.475250244140625 0.376800537109375
0.0468368530273438 0.0412521362304688 0.30511474609375 0.205322265625
0.0381431579589844 0.024658203125 0.104103088378906 -0.00235748291015625
0.0525970458984375 0.0137786865234375 -0.137985229492188 -0.1851806640625
0.0444679260253906 0.0332565307617187 -0.374908447265625 -0.296417236328125
0.0167465209960938 0.0273818969726563 -0.61761474609375 -0.224853515625
-0.0212669372558594 -0.0161895751953125 -0.77447509765625 -0.15191650390625
0.0064239501953125 -0.0303802490234375 -0.77069091796875 -0.25079345703125
0.0606575012207031 -0.00311660766601563 -0.542083740234375 -0.198028564453125
0.0456886291503906 0.0555038452148438 -0.144729614257812 -0.065460205078125
0.0191497802734375 0.102363586425781 0.0840606689453125 -0.0189590454101562
0.0871429443359375 0.0796432495117188 0.491302490234375 0.21337890625
0.0504646301269531 -0.0617179870605469 0.71868896484375 0.1517333984375
-0.0491256713867187 -0.0451812744140625 0.71063232421875 0.21405029296875
-0.0693931579589844 0.0383071899414063 0.5562744140625 0.3551025390625
0.010467529296875 0.0746383666992188 0.468780517578125 0.36700439453125
0.06719970703125 0.056182861328125 0.28271484375 0.191162109375
0.0552825927734375 0.0397796630859375 0.0817413330078125 -0.0156478881835937
0.073638916015625 0.0315170288085938 -0.161483764648438 -0.192352294921875
0.0513038635253906 0.0589179992675781 -0.39483642578125 -0.300201416015625
-0.00226974487304688 0.0503692626953125 -0.6265869140625 -0.21710205078125
-0.0544586181640625 -0.0237503051757813 -0.7685546875 -0.13037109375
0.0069427490234375 -0.0671043395996094 -0.76739501953125 -0.21942138671875
0.0970840454101563 -0.0117416381835938 -0.53961181640625 -0.186614990234375
0.0663375854492188 0.092987060546875 -0.134033203125 -0.0499114990234375
0.0360336303710938 0.123931884765625 0.0892333984375 0.0127410888671875
0.111724853515625 0.0659103393554688 0.4886474609375 0.231536865234375
0.038665771484375 -0.0914230346679688 0.71282958984375 0.19061279296875
-0.0769119262695313 -0.0492935180664063 0.73016357421875 0.24713134765625
-0.0856552124023438 0.0553512573242187 0.567138671875 0.3548583984375
0.0184555053710938 0.0902786254882813 0.456146240234375 0.34368896484375
0.0789642333984375 0.060882568359375 0.254409790039063 0.17364501953125
0.0651626586914062 0.0463371276855469 0.0533561706542969 -0.030853271484375
0.083892822265625 0.0412063598632813 -0.188003540039062 -0.203689575195313
0.0499801635742188 0.0755538940429688 -0.41650390625 -0.311248779296875
-0.0233116149902344 0.0616722106933594 -0.6280517578125 -0.2249755859375
-0.0811767578125 -0.038116455078125 -0.75439453125 -0.1185302734375
0.0157394409179688 -0.0968704223632812 -0.7584228515625 -0.194091796875
0.127296447753906 -0.00952911376953125 -0.53375244140625 -0.174285888671875
0.0758132934570313 0.124305725097656 -0.121978759765625 -0.0262298583984375
-0.0781173706054687 -0.1298828125 0.0845184326171875 0.0349655151367187
-0.132431030273437 0.0683822631835938 0.5052490234375 0.181640625
-0.00248718261718749 0.126365661621094 0.732177734375 0.0968017578125
0.0851898193359375 0.043121337890625 0.76336669921875 0.10223388671875
0.0494155883789062 -0.078765869140625 0.61676025390625 0.23614501953125
-0.04449462890625 -0.105171203613281 0.479736328125 0.28228759765625
-0.0747451782226563 -0.0663528442382813 0.263641357421875 0.17559814453125
-0.061981201171875 -0.086273193359375 0.0648193359375 0.00865936279296874
-0.0654983520507812 -0.0972900390625 -0.180755615234375 -0.200027465820313
-0.00604248046875 -0.116302490234375 -0.403961181640625 -0.368072509765625
0.0781402587890625 -0.0889816284179687 -0.60400390625 -0.34063720703125
0.0915679931640625 0.0138397216796875 -0.73583984375 -0.2685546875
-0.0263519287109375 0.105369567871094 -0.74468994140625 -0.3170166015625
-0.109382629394531 0.0116500854492188 -0.5267333984375 -0.2061767578125
-0.0524520874023438 -0.116523742675781 -0.128997802734375 -0.00128173828125003
-0.0651168823242187 -0.127471923828125 0.0731353759765625 0.00495910644531249
-0.126945495605469 0.0525131225585938 0.503570556640625 0.17242431640625
-0.014373779296875 0.121078491210938 0.72882080078125 0.0780029296875
0.0809478759765625 0.0554351806640625 0.740966796875 0.09649658203125
0.0589790344238281 -0.0623207092285156 0.60272216796875 0.25897216796875
-0.0293197631835938 -0.0943603515625 0.492401123046875 0.309814453125
-0.0615234375 -0.0564079284667969 0.2933349609375 0.1890869140625
-0.0514907836914063 -0.0724639892578125 0.0922088623046875 0.0150222778320312
-0.055023193359375 -0.0810546875 -0.153060913085938 -0.187454223632813
-0.00643920898437499 -0.0980377197265625 -0.384307861328125 -0.34442138671875
0.0687179565429688 -0.0846023559570313 -0.6065673828125 -0.31524658203125
0.0895309448242188 -0.00067138671875 -0.75830078125 -0.26190185546875
-0.00381469726562501 0.09832763671875 -0.7572021484375 -0.33062744140625
-0.0896453857421875 0.0277023315429688 -0.529510498046875 -0.21820068359375
-0.0502853393554688 -0.0944442749023438 -0.136543273925781 -0.0308761596679688
-0.0449295043945313 -0.103897094726563 0.0691261291503906 -0.0239219665527344
-0.0998611450195313 0.0407867431640625 0.50177001953125 0.169830322265625
-0.0174713134765625 0.0971221923828125 0.73052978515625 0.0654296875
0.0621452331542969 0.0541114807128906 0.7218017578125 0.09735107421875
0.052154541015625 -0.0395126342773438 0.58551025390625 0.28167724609375
-0.0143013000488281 -0.0699615478515625 0.49774169921875 0.337432861328125
-0.0382843017578125 -0.0376815795898438 0.314300537109375 0.201171875
-0.0335884094238281 -0.0495948791503906 0.111518859863281 0.0168838500976562
-0.0339546203613281 -0.0586318969726562 -0.132766723632813 -0.1812744140625
0.00147247314453125 -0.0678787231445313 -0.369903564453125 -0.324371337890625
0.0562286376953125 -0.0658988952636719 -0.60784912109375 -0.28680419921875
0.072357177734375 -0.0109405517578125 -0.77093505859375 -0.23980712890625
0.0113449096679688 0.0756301879882813 -0.77020263671875 -0.3250732421875
-0.0561294555664062 0.0333480834960938 -0.5364990234375 -0.22149658203125
-0.03643798828125 -0.0620155334472656 -0.14483642578125 -0.0529022216796875
-0.0260848999023438 -0.0584144592285156 0.0711822509765625 -0.0446548461914063
-0.0553398132324219 0.0440788269042969 0.50146484375 0.173797607421875
-0.00545501708984375 0.0600776672363281 0.73193359375 0.07012939453125
0.0378761291503906 0.0356483459472656 0.708740234375 0.10992431640625
0.0294055938720703 -0.0166454315185547 0.56292724609375 0.30731201171875
-0.00309371948242187 -0.0345878601074219 0.494293212890625 0.362823486328125
-0.00861263275146484 -0.0122308731079102 0.32275390625 0.210662841796875
-0.0109081268310547 -0.0242519378662109 0.121421813964844 0.0141448974609375
-0.00648689270019531 -0.0331287384033203 -0.122940063476562 -0.180557250976563
0.0157928466796875 -0.0333499908447266 -0.36273193359375 -0.311004638671875
0.0441856384277344 -0.0366706848144531 -0.60723876953125 -0.26336669921875
0.0454635620117187 -0.0149002075195312 -0.77850341796875 -0.21160888671875
0.0152435302734375 0.0443763732910156 -0.77813720703125 -0.3070068359375
-0.0171661376953125 0.0256729125976562 -0.54425048828125 -0.21478271484375
-0.0116291046142578 -0.0246620178222656 -0.150863647460938 -0.0666656494140625
-0.0109090805053711 -1.23977661132835E-05 0.0768203735351563 -0.0510940551757813
-0.00393295288085938 0.0601310729980469 0.502960205078125 0.182525634765625
0.0177288055419922 0.0188617706298828 0.7352294921875 0.0865478515625
0.00984573364257813 0.00624656677246094 0.7017822265625 0.1341552734375
-0.00388050079345703 0.00218939781188965 0.553680419921875 0.33111572265625
0.00280332565307617 0.00586414337158203 0.4876708984375 0.377716064453125
0.0201320648193359 0.0159435272216797 0.3199462890625 0.21331787109375
0.0152559280395508 0.00182056427001953 0.118560791015625 0.006805419921875
0.0244541168212891 -0.00742340087890625 -0.125442504882813 -0.182891845703125
0.0312728881835937 0.00107955932617187 -0.3660888671875 -0.301239013671875
0.0315380096435547 -0.00339508056640625 -0.614501953125 -0.23968505859375
0.0140724182128906 -0.0145196914672852 -0.78082275390625 -0.17779541015625
0.0104684829711914 0.00773239135742187 -0.7801513671875 -0.2799072265625
0.0224533081054688 0.0121631622314453 -0.5469970703125 -0.205322265625
0.0179996490478516 0.0154762268066406 -0.15264892578125 -0.07110595703125
0.00321197509765625 0.0586662292480469 0.0813446044921875 -0.0421524047851563
0.0472564697265625 0.0762786865234375 0.501007080078125 0.194732666015625
0.0409317016601562 -0.0232162475585938 0.7296142578125 0.1143798828125
-0.0188026428222656 -0.0239181518554687 0.70556640625 0.17010498046875
-0.0403861999511719 0.0200843811035156 0.5517578125 0.34716796875
0.00630569458007812 0.0447311401367188 0.482330322265625 0.38006591796875
0.0475807189941406 0.0402603149414063 0.30889892578125 0.206451416015625
0.0380020141601563 0.0239753723144531 0.105110168457031 -0.00466156005859375
0.0523796081542969 0.0145301818847656 -0.139739990234375 -0.187545776367188
0.0446395874023437 0.03271484375 -0.37969970703125 -0.297760009765625
0.0176639556884766 0.0272178649902344 -0.62225341796875 -0.2236328125
-0.0214481353759766 -0.0164680480957031 -0.7806396484375 -0.14996337890625
0.0059661865234375 -0.0300998687744141 -0.7791748046875 -0.250244140625
0.0615997314453125 -0.00377655029296875 -0.54779052734375 -0.196929931640625
0.0464553833007813 0.0554313659667969 -0.14642333984375 -0.0659332275390625
0.0190963745117187 0.10382080078125 0.0845108032226563 -0.018951416015625
0.0883560180664063 0.07958984375 0.496551513671875 0.21124267578125
0.0499382019042969 -0.0630073547363281 0.722900390625 0.1490478515625
-0.050506591796875 -0.04486083984375 0.71453857421875 0.21136474609375
-0.0705413818359375 0.03912353515625 0.56072998046875 0.355682373046875
0.0111236572265625 0.075225830078125 0.47247314453125 0.366729736328125
0.06854248046875 0.0566520690917969 0.285980224609375 0.1915283203125
0.0565032958984375 0.0393142700195313 0.0823898315429688 -0.0175628662109375
0.0737152099609375 0.030609130859375 -0.162643432617187 -0.193603515625
0.0526237487792969 0.0593338012695313 -0.39984130859375 -0.299896240234375
-0.001800537109375 0.0503578186035156 -0.63006591796875 -0.2186279296875
-0.0555458068847656 -0.0239448547363281 -0.77294921875 -0.12744140625
0.00653839111328126 -0.0668449401855469 -0.77294921875 -0.21795654296875
0.0988082885742188 -0.0126495361328125 -0.545379638671875 -0.18402099609375
0.067138671875 0.0927505493164063 -0.1356201171875 -0.0508499145507812
0.0363922119140625 0.124954223632813 0.0898513793945313 0.0134735107421875
0.112106323242188 0.0655517578125 0.49383544921875 0.229827880859375
0.0379104614257812 -0.0924835205078125 0.71856689453125 0.1888427734375
-0.0782623291015625 -0.0483474731445312 0.73431396484375 0.24627685546875
-0.0857696533203125 0.0566558837890625 0.57379150390625 0.3541259765625
0.01898193359375 0.0908432006835937 0.461029052734375 0.34454345703125
0.0803146362304687 0.0617904663085938 0.257003784179688 0.173446655273438
0.0657196044921875 0.0468101501464844 0.0537567138671875 -0.0313301086425781
0.0850830078125 0.0409011840820312 -0.190231323242187 -0.204071044921875
0.0512161254882813 0.07598876953125 -0.42156982421875 -0.311798095703125
-0.0239982604980469 0.0636177062988281 -0.63385009765625 -0.22332763671875
-0.0822677612304688 -0.0376815795898438 -0.75994873046875 -0.11590576171875
0.0149078369140625 -0.09674072265625 -0.76519775390625 -0.1917724609375
0.128349304199219 -0.0112152099609375 -0.5384521484375 -0.173614501953125
0.077178955078125 0.124168395996094 -0.123382568359375 -0.0271682739257813
-0.0808944702148438 -0.130447387695313 0.0853347778320313 0.0354843139648437
-0.133598327636719 0.0696792602539062 0.50933837890625 0.1800537109375
-0.000671386718749999 0.127128601074219 0.73663330078125 0.0936279296875
0.0870895385742188 0.0428237915039063 0.76910400390625 0.10003662109375
0.0490341186523437 -0.0802001953125 0.62255859375 0.23394775390625
-0.0458831787109375 -0.105392456054688 0.48516845703125 0.2825927734375
-0.0764312744140625 -0.0662307739257812 0.267288208007813 0.176040649414063
-0.0633316040039063 -0.0866165161132813 0.0649909973144531 0.00754928588867187
-0.067779541015625 -0.0967025756835937 -0.18310546875 -0.199874877929688
-0.00704193115234375 -0.117057800292969 -0.409912109375 -0.3681640625
0.0777130126953125 -0.0913009643554688 -0.6103515625 -0.33868408203125
0.0926666259765625 0.01220703125 -0.74169921875 -0.26611328125
-0.0252227783203125 0.106857299804688 -0.75335693359375 -0.31298828125
-0.110374450683594 0.0127792358398437 -0.5311279296875 -0.2052001953125
-0.053466796875 -0.117271423339844 -0.130081176757812 -0.00077819824218748
-0.0671157836914063 -0.127830505371094 0.0732803344726563 0.00541687011718749
-0.127578735351563 0.0532073974609375 0.507843017578125 0.1710205078125
-0.0138626098632812 0.122711181640625 0.734619140625 0.07452392578125
0.0819320678710938 0.0550613403320313 0.745849609375 0.09393310546875
0.0592041015625 -0.0638542175292969 0.6083984375 0.2572021484375
-0.0308609008789063 -0.095794677734375 0.4990234375 0.310150146484375
-0.0621261596679687 -0.0555915832519531 0.295440673828125 0.189300537109375
-0.0537490844726562 -0.0717620849609375 0.0919189453125 0.0144195556640625
-0.0567703247070313 -0.0812454223632813 -0.155654907226563 -0.188262939453125
-0.00739288330078126 -0.099212646484375 -0.388427734375 -0.34552001953125
0.0680313110351563 -0.0863037109375 -0.6131591796875 -0.314697265625
0.0910415649414063 -0.00145721435546875 -0.76348876953125 -0.25738525390625
-0.0021820068359375 0.09991455078125 -0.7652587890625 -0.32904052734375
-0.0894546508789062 0.029296875 -0.53564453125 -0.216644287109375
-0.051544189453125 -0.0955352783203125 -0.137664794921875 -0.03057861328125
-0.0473403930664062 -0.104293823242188 0.0695037841796875 -0.0240211486816406
-0.099639892578125 0.0417556762695313 0.506622314453125 0.168487548828125
-0.016815185546875 0.097930908203125 0.7359619140625 0.061767578125
0.0644149780273438 0.0544815063476563 0.727294921875 0.0924072265625
0.0522117614746094 -0.0405235290527344 0.590576171875 0.28143310546875
-0.0154914855957031 -0.0699005126953125 0.503814697265625 0.33782958984375
-0.0382843017578125 -0.037353515625 0.316986083984375 0.20123291015625
-0.0355453491210937 -0.0496673583984375 0.112197875976562 0.0165481567382812
-0.0350685119628906 -0.0579872131347656 -0.134552001953125 -0.182479858398437
0.000679016113281252 -0.06903076171875 -0.3729248046875 -0.324188232421875
0.0558738708496094 -0.0668373107910156 -0.61236572265625 -0.2857666015625
0.0735855102539063 -0.01220703125 -0.77789306640625 -0.2353515625
0.012451171875 0.0775299072265625 -0.7779541015625 -0.32281494140625
-0.0556297302246094 0.0336837768554688 -0.54010009765625 -0.21954345703125
-0.0363845825195312 -0.0625152587890625 -0.1456298828125 -0.0532379150390625
-0.0271682739257813 -0.0591697692871094 0.0715560913085938 -0.0443267822265625
-0.0546035766601563 0.0438232421875 0.505859375 0.171905517578125
-0.00470733642578125 0.0601539611816406 0.73931884765625 0.066650390625
0.0377540588378906 0.0358810424804688 0.713623046875 0.1072998046875
0.0296516418457031 -0.0164928436279297 0.57086181640625 0.3076171875
-0.00332260131835938 -0.0350093841552734 0.5 0.36407470703125
-0.00931835174560547 -0.0122604370117188 0.327056884765625 0.209716796875
-0.0104446411132813 -0.0244159698486328 0.121635437011719 0.0131454467773437
-0.00676155090332031 -0.0330848693847656 -0.124465942382812 -0.181991577148438
0.0150814056396484 -0.0340003967285156 -0.366851806640625 -0.31048583984375
0.0428924560546875 -0.0376510620117188 -0.61431884765625 -0.26116943359375
0.0456123352050781 -0.0152778625488281 -0.78631591796875 -0.2076416015625
0.0157089233398437 0.0442886352539063 -0.7852783203125 -0.3038330078125
-0.0169773101806641 0.02581787109375 -0.548065185546875 -0.21307373046875
-0.0117969512939453 -0.0252494812011719 -0.152908325195312 -0.0673980712890625
-0.0113964080810547 0.000214576721191404 0.0767440795898438 -0.0523910522460938
-0.00332260131835938 0.0602645874023438 0.506317138671875 0.180816650390625
0.0190353393554688 0.0184726715087891 0.7392578125 0.083251953125
0.0106725692749023 0.0067291259765625 0.7066650390625 0.13232421875
-0.00438022613525391 0.00242900848388672 0.559356689453125 0.32867431640625
0.00306415557861328 0.00613880157470703 0.49395751953125 0.3785400390625
0.0209541320800781 0.0155754089355469 0.32391357421875 0.212493896484375
0.0146064758300781 0.00182151794433594 0.119590759277344 0.0059051513671875
0.0246124267578125 -0.00837898254394531 -0.127120971679687 -0.183456420898438
0.0312690734863281 0.000274658203125 -0.370147705078125 -0.300262451171875
0.0312099456787109 -0.00480842590332031 -0.6202392578125 -0.2364501953125
0.0129776000976563 -0.0150146484375 -0.7886962890625 -0.175537109375
0.0118618011474609 0.00807285308837891 -0.78765869140625 -0.27587890625
0.0232372283935547 0.0120506286621094 -0.55291748046875 -0.203857421875
0.0176525115966797 0.013946533203125 -0.153976440429688 -0.071807861328125
0.00286865234375 0.0596504211425781 0.0809783935546875 -0.0420684814453125
0.048065185546875 0.0767745971679688 0.50518798828125 0.192718505859375
0.0412445068359375 -0.0242462158203125 0.734619140625 0.112060546875
-0.0194015502929688 -0.0237541198730469 0.7086181640625 0.1673583984375
-0.0405464172363281 0.0214462280273438 0.559234619140625 0.346282958984375
0.00717544555664063 0.044830322265625 0.487579345703125 0.379119873046875
0.0487861633300781 0.0400390625 0.31243896484375 0.205780029296875
0.0387687683105469 0.0247650146484375 0.105598449707031 -0.0052642822265625
0.0528221130371094 0.012786865234375 -0.141510009765625 -0.187545776367188
0.0459365844726563 0.0329856872558594 -0.3837890625 -0.29620361328125
0.0176506042480469 0.0274314880371094 -0.6280517578125 -0.22198486328125
-0.0221443176269531 -0.0165672302246094 -0.78631591796875 -0.1453857421875
0.00613975524902344 -0.0299015045166016 -0.786376953125 -0.24542236328125
0.0623664855957031 -0.00415802001953125 -0.55267333984375 -0.194183349609375
0.0473365783691406 0.0548362731933594 -0.148193359375 -0.0656280517578125
0.0193023681640625 0.104057312011719 0.0846176147460938 -0.0190887451171875
0.0905380249023438 0.0792388916015625 0.50079345703125 0.2105712890625
0.0493583679199219 -0.0651931762695313 0.7281494140625 0.14581298828125
-0.0517578125 -0.0441207885742188 0.71990966796875 0.20947265625
-0.07012939453125 0.0407676696777344 0.56561279296875 0.35552978515625
0.0121078491210938 0.0753326416015625 0.479248046875 0.367034912109375
0.0696525573730469 0.0565834045410156 0.289337158203125 0.19110107421875
0.0570106506347656 0.0403518676757813 0.082305908203125 -0.018402099609375
0.0741119384765625 0.0299224853515625 -0.164276123046875 -0.194107055664063
0.0535049438476563 0.0587081909179688 -0.404296875 -0.300262451171875
-0.00105667114257813 0.0513992309570313 -0.63519287109375 -0.2154541015625
-0.0563011169433594 -0.0225906372070312 -0.7802734375 -0.1226806640625
0.00586700439453124 -0.0676536560058594 -0.78143310546875 -0.21490478515625
0.0999526977539063 -0.0144119262695313 -0.55059814453125 -0.18316650390625
0.0686264038085938 0.09271240234375 -0.136756896972656 -0.0514907836914062
0.0373992919921875 0.126068115234375 0.0907211303710938 0.0133209228515625
0.114799499511719 0.0651092529296875 0.49737548828125 0.228363037109375
0.0375442504882812 -0.09375 0.722900390625 0.1845703125
-0.0794219970703125 -0.0479049682617187 0.7412109375 0.24249267578125
-0.08514404296875 0.0584945678710937 0.579345703125 0.35284423828125
0.0204010009765625 0.0908660888671875 0.46697998046875 0.34375
0.0828704833984375 0.0612030029296875 0.259765625 0.173431396484375
0.0678138732910156 0.0470771789550781 0.0535507202148438 -0.0323371887207031
0.08538818359375 0.0402984619140625 -0.19329833984375 -0.205245971679687
0.0522003173828125 0.0752487182617188 -0.425384521484375 -0.31219482421875
-0.02349853515625 0.0644454956054688 -0.63946533203125 -0.22235107421875
-0.0839462280273437 -0.0367279052734375 -0.7664794921875 -0.1114501953125
0.0145187377929688 -0.0983047485351563 -0.77117919921875 -0.1871337890625
0.129875183105469 -0.0125274658203125 -0.54376220703125 -0.171875
0.0788497924804688 0.124900817871094 -0.124656677246094 -0.0265655517578125
-0.0829544067382813 -0.131210327148438 0.085540771484375 0.0358047485351562
-0.133201599121094 0.0718460083007813 0.514801025390625 0.176177978515625
0.0015716552734375 0.127815246582031 0.74224853515625 0.08966064453125
0.08795166015625 0.0425033569335938 0.77288818359375 0.0953369140625
0.0487518310546875 -0.0816192626953125 0.62786865234375 0.23260498046875
-0.0472869873046875 -0.106643676757813 0.49114990234375 0.28167724609375
-0.0773849487304688 -0.065765380859375 0.269973754882813 0.17523193359375
-0.0654525756835938 -0.0858154296875 0.0650291442871094 0.00718688964843749
-0.0705642700195313 -0.0972671508789062 -0.186965942382813 -0.200332641601563
-0.00919342041015625 -0.118331909179688 -0.41455078125 -0.3677978515625
0.0765304565429688 -0.0925216674804688 -0.6180419921875 -0.336669921875
0.09405517578125 0.0121383666992188 -0.74871826171875 -0.2618408203125
-0.0246505737304687 0.108757019042969 -0.76068115234375 -0.3114013671875
-0.110595703125 0.0142288208007813 -0.535858154296875 -0.201873779296875
-0.0552978515625 -0.118637084960938 -0.130615234375 -0.000885009765624989
-0.0696792602539063 -0.128997802734375 0.0734329223632813 0.00498199462890624
-0.128593444824219 0.0548782348632812 0.512969970703125 0.168304443359375
-0.01141357421875 0.124000549316406 0.7373046875 0.07000732421875
0.0833587646484375 0.0554351806640625 0.7501220703125 0.0899658203125
0.0584220886230469 -0.0647735595703125 0.614501953125 0.25555419921875
-0.03216552734375 -0.0962142944335938 0.505340576171875 0.30877685546875
-0.0634193420410156 -0.0562973022460938 0.299346923828125 0.18865966796875
-0.0551223754882813 -0.0716476440429688 0.0931396484375 0.013641357421875
-0.0589981079101563 -0.0813140869140625 -0.157943725585938 -0.187896728515625
-0.00836944580078125 -0.0995101928710938 -0.393707275390625 -0.344451904296875
0.067291259765625 -0.0880813598632813 -0.620361328125 -0.3128662109375
0.0920944213867188 -0.00279998779296875 -0.77008056640625 -0.2545166015625
-0.00102996826171875 0.101341247558594 -0.77520751953125 -0.32421875
-0.0893936157226563 0.03033447265625 -0.541046142578125 -0.213531494140625
-0.0526962280273437 -0.0972976684570313 -0.138359069824219 -0.03057861328125
-0.049652099609375 -0.105583190917969 0.0686111450195313 -0.0239639282226563
-0.100067138671875 0.0430450439453125 0.510772705078125 0.16607666015625
-0.01605224609375 0.0992813110351562 0.74053955078125 0.056884765625
0.065185546875 0.0533599853515625 0.73040771484375 0.08953857421875
0.0523262023925781 -0.0415611267089844 0.59613037109375 0.27960205078125
-0.0164794921875 -0.0712890625 0.5106201171875 0.335968017578125
-0.0394744873046875 -0.0372848510742187 0.32110595703125 0.2005615234375
-0.035919189453125 -0.0497779846191406 0.11309814453125 0.01544189453125
-0.0372962951660156 -0.0585556030273438 -0.136444091796875 -0.184036254882813
0.000217437744140618 -0.0693855285644531 -0.377227783203125 -0.323638916015625
0.0548553466796875 -0.0681991577148438 -0.6180419921875 -0.28387451171875
0.0737380981445313 -0.0129318237304688 -0.78466796875 -0.2314453125
0.0130767822265625 0.0771713256835938 -0.78564453125 -0.32037353515625
-0.0545501708984375 0.03466796875 -0.546173095703125 -0.217620849609375
-0.0384597778320312 -0.0633888244628906 -0.147994995117187 -0.0537109375
-0.0294456481933594 -0.0599708557128906 0.0707931518554688 -0.0451202392578125
-0.0546188354492188 0.04522705078125 0.512481689453125 0.1710205078125
-0.00408935546875 0.0608787536621094 0.7418212890625 0.05987548828125
0.0388298034667969 0.0364608764648438 0.71685791015625 0.1036376953125
0.0301856994628906 -0.0176162719726562 0.5767822265625 0.30535888671875
-0.00366592407226563 -0.0358467102050781 0.50506591796875 0.362548828125
-0.00926399230957031 -0.0125112533569336 0.330657958984375 0.209442138671875
-0.01165771484375 -0.0242500305175781 0.122886657714844 0.0109100341796875
-0.00774955749511719 -0.0337028503417969 -0.126235961914062 -0.182968139648438
0.0144939422607422 -0.0347766876220703 -0.36981201171875 -0.30999755859375
0.04217529296875 -0.0387458801269531 -0.6187744140625 -0.25909423828125
0.0460853576660156 -0.0161361694335938 -0.79107666015625 -0.20281982421875
0.0163421630859375 0.044830322265625 -0.7938232421875 -0.30023193359375
-0.0156879425048828 0.0268898010253906 -0.553619384765625 -0.211944580078125
-0.0116844177246094 -0.0261573791503906 -0.154983520507813 -0.0682525634765625
-0.0128669738769531 -4.67300415039084E-05 0.0759658813476563 -0.0519180297851563
-0.002899169921875 0.0609054565429688 0.512298583984375 0.180084228515625
0.0195121765136719 0.0184421539306641 0.74383544921875 0.07830810546875
0.0108203887939453 0.00726222991943359 0.7110595703125 0.12774658203125
-0.00428223609924316 0.00298905372619629 0.5655517578125 0.32745361328125
0.00284862518310547 0.0062565803527832 0.499725341796875 0.378326416015625
0.0211582183837891 0.0158653259277344 0.32794189453125 0.211456298828125
0.0142688751220703 0.00128936767578125 0.120826721191406 0.003936767578125
0.0232257843017578 -0.0086822509765625 -0.129348754882813 -0.184234619140625
0.0317211151123047 0.000841140747070313 -0.375030517578125 -0.3009033203125
0.0309410095214844 -0.00446701049804688 -0.62445068359375 -0.23529052734375
0.0121040344238281 -0.015385627746582 -0.7939453125 -0.16912841796875
0.0119686126708984 0.00806045532226563 -0.794677734375 -0.27178955078125
0.0238723754882813 0.0111026763916016 -0.557708740234375 -0.202484130859375
0.0182094573974609 0.0139579772949219 -0.156051635742188 -0.0714569091796875
0.00335311889648438 0.0600166320800781 0.080841064453125 -0.0425567626953125
0.0495376586914063 0.075775146484375 0.5091552734375 0.19195556640625
0.0408363342285156 -0.0245361328125 0.73870849609375 0.1063232421875
-0.0196952819824219 -0.0234413146972656 0.71356201171875 0.1636962890625
-0.0406227111816406 0.0212059020996094 0.5653076171875 0.34515380859375
0.00770187377929688 0.0448074340820313 0.492584228515625 0.37939453125
0.0495223999023438 0.0396652221679688 0.315673828125 0.204132080078125
0.0389137268066406 0.0252761840820313 0.106056213378906 -0.00688934326171875
0.0521049499511719 0.0127906799316406 -0.143020629882812 -0.188827514648438
0.0470771789550781 0.0321922302246094 -0.387420654296875 -0.2960205078125
0.0174350738525391 0.0270042419433594 -0.63287353515625 -0.22015380859375
-0.0226631164550781 -0.0151405334472656 -0.7933349609375 -0.14056396484375
0.00598526000976563 -0.0300655364990234 -0.79510498046875 -0.24127197265625
0.0630149841308594 -0.00479507446289063 -0.558685302734375 -0.19158935546875
0.0492630004882813 0.054534912109375 -0.150009155273437 -0.0669403076171875
0.02099609375 0.105010986328125 0.0843887329101563 -0.0192337036132812
0.0921249389648438 0.0785598754882813 0.506561279296875 0.208404541015625
0.0490455627441406 -0.0656585693359375 0.73297119140625 0.14031982421875
-0.0525970458984375 -0.0443687438964844 0.72515869140625 0.20635986328125
-0.0701446533203125 0.0418624877929687 0.57257080078125 0.3553466796875
0.0135269165039063 0.0754623413085938 0.485015869140625 0.366943359375
0.071563720703125 0.0556106567382813 0.2930908203125 0.190338134765625
0.0583992004394531 0.0397834777832031 0.0830001831054687 -0.0199356079101562
0.0747909545898438 0.029693603515625 -0.166976928710937 -0.195281982421875
0.0547256469726562 0.058624267578125 -0.40924072265625 -0.298309326171875
-0.00109100341796875 0.0517730712890625 -0.642578125 -0.2122802734375
-0.057891845703125 -0.0219230651855469 -0.7845458984375 -0.11712646484375
0.00558090209960937 -0.0680465698242188 -0.78839111328125 -0.21209716796875
0.101181030273437 -0.015777587890625 -0.5550537109375 -0.18109130859375
0.0707168579101563 0.0926132202148438 -0.138702392578125 -0.0518341064453125
0.038604736328125 0.126754760742188 0.0902786254882813 0.0135650634765625
0.116180419921875 0.0635528564453125 0.504119873046875 0.22637939453125
0.0374221801757813 -0.0968017578125 0.728759765625 0.1826171875
-0.081298828125 -0.0469131469726563 0.7469482421875 0.24066162109375
-0.0856781005859375 0.0597000122070312 0.5853271484375 0.351318359375
0.0218048095703125 0.0907363891601563 0.472259521484375 0.34259033203125
0.0847244262695313 0.060333251953125 0.262664794921875 0.173110961914062
0.0685386657714844 0.0470657348632813 0.0526161193847656 -0.0333099365234375
0.0860977172851563 0.0389175415039063 -0.196090698242187 -0.204742431640625
0.054412841796875 0.0757293701171875 -0.4296875 -0.3095703125
-0.0229377746582031 0.0653800964355469 -0.646240234375 -0.2186279296875
-0.0859146118164062 -0.0361785888671875 -0.77154541015625 -0.10723876953125
0.0130691528320313 -0.099151611328125 -0.7779541015625 -0.18292236328125
0.131645202636719 -0.0146560668945312 -0.548187255859375 -0.168792724609375
0.0813446044921875 0.125030517578125 -0.125724792480469 -0.0277175903320312
-0.0865478515625 -0.131553649902344 0.086273193359375 0.0372543334960937
-0.133453369140625 0.072906494140625 0.51934814453125 0.17364501953125
0.00213623046874999 0.128372192382813 0.74609375 0.08221435546875
0.0895156860351562 0.0416412353515625 0.7772216796875 0.08953857421875
0.0475387573242188 -0.082977294921875 0.63397216796875 0.2291259765625
-0.049560546875 -0.107215881347656 0.49761962890625 0.28021240234375
-0.0786361694335937 -0.065185546875 0.273223876953125 0.174591064453125
-0.0671920776367188 -0.0858612060546875 0.0659675598144531 0.00631332397460937
-0.0724258422851562 -0.0963897705078125 -0.189315795898437 -0.199172973632813
-0.011749267578125 -0.11859130859375 -0.4200439453125 -0.365936279296875
0.0760421752929688 -0.094482421875 -0.62310791015625 -0.333740234375
0.09423828125 0.0107345581054688 -0.75653076171875 -0.25732421875
-0.02264404296875 0.10943603515625 -0.76690673828125 -0.30499267578125
-0.110931396484375 0.0158767700195312 -0.541290283203125 -0.19873046875
-0.056976318359375 -0.118980407714844 -0.131759643554688 -0.00045776367187501
-0.0730819702148437 -0.129615783691406 0.073883056640625 0.00531768798828124
-0.127593994140625 0.0568466186523438 0.51837158203125 0.16552734375
-0.0101852416992187 0.124244689941406 0.74298095703125 0.0633544921875
0.0850753784179687 0.0547866821289062 0.75494384765625 0.08428955078125
0.0578880310058594 -0.0656166076660156 0.6212158203125 0.25286865234375
-0.0339584350585938 -0.0966873168945312 0.510650634765625 0.30633544921875
-0.0648078918457031 -0.0549850463867187 0.303131103515625 0.186859130859375
-0.0559844970703125 -0.0709304809570313 0.094207763671875 0.012542724609375
-0.0616836547851563 -0.080596923828125 -0.16064453125 -0.189208984375
-0.0105819702148438 -0.100234985351562 -0.398834228515625 -0.34130859375
0.066436767578125 -0.0898361206054687 -0.6248779296875 -0.3079833984375
0.0924453735351563 -0.00440216064453125 -0.77911376953125 -0.2476806640625
0.000404357910156258 0.102218627929687 -0.78240966796875 -0.32025146484375
-0.0891036987304688 0.0313873291015625 -0.545562744140625 -0.211700439453125
-0.0552291870117188 -0.097198486328125 -0.140121459960938 -0.0314712524414063
-0.0517654418945313 -0.1053466796875 0.0686798095703125 -0.0236625671386719
-0.100906372070313 0.0440673828125 0.516021728515625 0.163970947265625
-0.014434814453125 0.0999984741210937 0.74420166015625 0.05096435546875
0.0660858154296875 0.0538101196289063 0.73651123046875 0.0838623046875
0.0521888732910156 -0.0424919128417969 0.60174560546875 0.27593994140625
-0.01751708984375 -0.0727920532226563 0.516510009765625 0.334808349609375
-0.0400314331054687 -0.0368881225585938 0.325225830078125 0.19903564453125
-0.0379905700683594 -0.0491790771484375 0.114051818847656 0.0136566162109375
-0.0394020080566406 -0.0577201843261719 -0.139434814453125 -0.183914184570312
-0.001251220703125 -0.0701026916503906 -0.381805419921875 -0.32281494140625
0.0539169311523438 -0.0698013305664063 -0.6246337890625 -0.2801513671875
0.0737838745117188 -0.013885498046875 -0.792724609375 -0.2252197265625
0.01495361328125 0.0781097412109375 -0.7945556640625 -0.3148193359375
-0.0548477172851563 0.0358467102050781 -0.553009033203125 -0.21484375
-0.0392570495605469 -0.0637931823730469 -0.149978637695312 -0.05426025390625
-0.0302696228027344 -0.0602340698242187 0.0703048706054688 -0.0449600219726563
-0.0554580688476563 0.0455245971679688 0.516693115234375 0.167938232421875
-0.00375747680664063 0.0614204406738281 0.74627685546875 0.0576171875
0.0395965576171875 0.0369415283203125 0.72100830078125 0.09869384765625
0.0293331146240234 -0.0181751251220703 0.5831298828125 0.30340576171875
-0.00442886352539063 -0.0360336303710938 0.512847900390625 0.35980224609375
-0.0090646743774414 -0.0119657516479492 0.3343505859375 0.208648681640625
-0.0122089385986328 -0.0237159729003906 0.123733520507812 0.01019287109375
-0.00860404968261719 -0.0328350067138672 -0.129302978515625 -0.183120727539063
0.0140419006347656 -0.0354652404785156 -0.3739013671875 -0.309295654296875
0.0427627563476563 -0.0400962829589844 -0.62518310546875 -0.25494384765625
0.0463066101074219 -0.0175094604492188 -0.799560546875 -0.197021484375
0.0173873901367188 0.0453033447265625 -0.802001953125 -0.2940673828125
-0.0152111053466797 0.0280799865722656 -0.55865478515625 -0.207366943359375
-0.0130443572998047 -0.0260257720947266 -0.157073974609375 -0.0676727294921875
-0.0129375457763672 3.14712524414077E-05 0.0758743286132813 -0.0516891479492188
-0.00259780883789062 0.0607948303222656 0.516204833984375 0.1768798828125
0.0186939239501953 0.0179882049560547 0.74822998046875 0.0718994140625
0.0101518630981445 0.00772380828857422 0.71490478515625 0.1240234375
-0.00413131713867188 0.00283193588256836 0.571533203125 0.3258056640625
0.00346231460571289 0.00492429733276367 0.50689697265625 0.376739501953125
0.0223121643066406 0.015411376953125 0.3321533203125 0.2105712890625
0.0145406723022461 0.00166034698486328 0.120819091796875 0.00266265869140625
0.023529052734375 -0.00897216796875 -0.131942749023438 -0.185684204101563
0.0321025848388672 -8.58306884765625E-05 -0.37799072265625 -0.30047607421875
0.0311641693115234 -0.00445175170898437 -0.6318359375 -0.23162841796875
0.0124616622924805 -0.0153379440307617 -0.80023193359375 -0.1646728515625
0.0122232437133789 0.00823307037353516 -0.80377197265625 -0.26751708984375
0.0246124267578125 0.0113658905029297 -0.5638427734375 -0.1983642578125
0.0188312530517578 0.0132389068603516 -0.158187866210938 -0.072021484375
0.00324249267578126 0.0602874755859375 0.0803985595703125 -0.0431747436523437
0.0507278442382813 0.0757369995117188 0.51544189453125 0.189422607421875
0.0406265258789063 -0.0261688232421875 0.7435302734375 0.10162353515625
-0.0205230712890625 -0.0223560333251953 0.7186279296875 0.15924072265625
-0.0401496887207031 0.0226936340332031 0.57244873046875 0.342041015625
0.00878143310546875 0.0444259643554687 0.50018310546875 0.377349853515625
0.0508003234863281 0.0394058227539063 0.3206787109375 0.203369140625
0.0392723083496094 0.0240478515625 0.106826782226562 -0.00879669189453125
0.0527458190917969 0.0124855041503906 -0.146072387695313 -0.189224243164062
0.048248291015625 0.0322494506835938 -0.39202880859375 -0.29547119140625
0.0176162719726563 0.0277919769287109 -0.6390380859375 -0.21588134765625
-0.0229644775390625 -0.0154666900634766 -0.7999267578125 -0.1336669921875
0.005645751953125 -0.0307846069335938 -0.802978515625 -0.23529052734375
0.0646896362304688 -0.005615234375 -0.56298828125 -0.19091796875
0.0496711730957031 0.0537605285644531 -0.152511596679688 -0.067108154296875
0.0214462280273437 0.106170654296875 0.0850296020507813 -0.0191726684570312
0.093841552734375 0.077789306640625 0.512481689453125 0.205780029296875
0.047943115234375 -0.0663719177246094 0.73779296875 0.1375732421875
-0.0534553527832031 -0.0428085327148437 0.73223876953125 0.20135498046875
-0.071044921875 0.0425872802734375 0.58001708984375 0.35211181640625
0.014404296875 0.0757675170898438 0.49169921875 0.366180419921875
0.0732192993164063 0.0553359985351563 0.296875 0.18914794921875
0.0588340759277344 0.0400619506835938 0.0828857421875 -0.0208206176757812
0.0758056640625 0.0282669067382813 -0.169448852539062 -0.195480346679688
0.055938720703125 0.0585250854492188 -0.41375732421875 -0.297637939453125
3.814697265629E-06 0.0522994995117188 -0.6478271484375 -0.2071533203125
-0.0581817626953125 -0.0221748352050781 -0.7913818359375 -0.11151123046875
0.00430679321289062 -0.0682754516601563 -0.79559326171875 -0.2054443359375
0.101730346679688 -0.0167083740234375 -0.56134033203125 -0.177215576171875
0.0728988647460937 0.0924224853515625 -0.140312194824219 -0.0516586303710938
0.0405960083007813 0.126983642578125 0.0899505615234375 0.0139007568359375
0.11798095703125 0.0624771118164063 0.50897216796875 0.224761962890625
0.0361328125 -0.0974197387695313 0.732666015625 0.17803955078125
-0.08306884765625 -0.0466842651367187 0.75262451171875 0.23553466796875
-0.0858154296875 0.0624008178710938 0.59259033203125 0.3485107421875
0.02294921875 0.0905380249023437 0.4783935546875 0.34234619140625
0.086090087890625 0.0607376098632813 0.266937255859375 0.172195434570313
0.0699920654296875 0.04644775390625 0.0537567138671875 -0.0344352722167969
0.0876922607421875 0.0385665893554688 -0.199615478515625 -0.206222534179688
0.0564956665039062 0.0756454467773438 -0.435333251953125 -0.308349609375
-0.0218009948730469 0.0659751892089844 -0.65118408203125 -0.21533203125
-0.0868377685546875 -0.0351715087890625 -0.7774658203125 -0.0995483398437501
0.0118789672851563 -0.0992355346679688 -0.785400390625 -0.17822265625
0.133041381835938 -0.0166702270507813 -0.55438232421875 -0.1673583984375
0.0837631225585937 0.124732971191406 -0.127365112304687 -0.0278091430664062
-0.08966064453125 -0.131988525390625 0.0860366821289062 0.0365142822265625
-0.133445739746094 0.076019287109375 0.525848388671875 0.169647216796875
0.004730224609375 0.128982543945313 0.7510986328125 0.075439453125
0.0904083251953125 0.04107666015625 0.78179931640625 0.08148193359375
0.0467681884765625 -0.0839996337890625 0.63934326171875 0.22442626953125
-0.0513839721679687 -0.107040405273437 0.500823974609375 0.276397705078125
-0.0799713134765625 -0.064849853515625 0.27655029296875 0.173004150390625
-0.0695343017578125 -0.0846328735351563 0.0656852722167969 0.00502777099609374
-0.0750274658203125 -0.0956192016601562 -0.193893432617187 -0.199630737304688
-0.0128173828125 -0.119575500488281 -0.425262451171875 -0.36328125
0.0754013061523438 -0.0967483520507813 -0.631103515625 -0.3291015625
0.09515380859375 0.00986480712890625 -0.76275634765625 -0.2486572265625
-0.0206985473632812 0.111000061035156 -0.77783203125 -0.2972412109375
-0.111251831054687 0.0177993774414063 -0.54705810546875 -0.1944580078125
-0.060089111328125 -0.119956970214844 -0.132415771484375 -5.34057617187849E-05
-0.0761032104492188 -0.129951477050781 0.0738143920898437 0.00652313232421874
-0.128181457519531 0.058074951171875 0.523040771484375 0.161529541015625
-0.00851440429687499 0.12554931640625 0.746826171875 0.05645751953125
0.0869216918945313 0.0539627075195313 0.7596435546875 0.07757568359375
0.0572319030761719 -0.0680160522460938 0.62664794921875 0.24786376953125
-0.035980224609375 -0.0973281860351563 0.5162353515625 0.302886962890625
-0.0658683776855469 -0.0546493530273438 0.3072509765625 0.1851806640625
-0.0585098266601562 -0.0702896118164063 0.093719482421875 0.0107955932617187
-0.0637130737304687 -0.0801849365234375 -0.163482666015625 -0.18853759765625
-0.0124053955078125 -0.101432800292969 -0.40301513671875 -0.339508056640625
0.0653457641601563 -0.0917282104492188 -0.63189697265625 -0.3035888671875
0.0935287475585938 -0.005279541015625 -0.78497314453125 -0.23956298828125
0.00250244140625001 0.103103637695313 -0.79083251953125 -0.312744140625
-0.0888824462890625 0.0342254638671875 -0.55120849609375 -0.20660400390625
-0.0572357177734375 -0.0974197387695313 -0.141571044921875 -0.0303497314453125
-0.0544281005859375 -0.105911254882812 0.068450927734375 -0.0233192443847656
-0.1004638671875 0.045013427734375 0.520233154296875 0.159332275390625
-0.0132904052734375 0.100204467773438 0.74774169921875 0.04425048828125
0.068206787109375 0.0540084838867188 0.73956298828125 0.075927734375
0.0520133972167969 -0.04339599609375 0.607666015625 0.272705078125
-0.0187530517578125 -0.0723648071289063 0.5242919921875 0.332550048828125
-0.0406951904296875 -0.0362510681152344 0.32952880859375 0.19635009765625
-0.0387306213378906 -0.0492935180664063 0.114646911621094 0.011505126953125
-0.0410079956054688 -0.0578460693359375 -0.142288208007812 -0.183975219726563
-0.0028228759765625 -0.0703659057617188 -0.38751220703125 -0.32025146484375
0.0524368286132812 -0.07122802734375 -0.630615234375 -0.275634765625
0.0742721557617187 -0.01495361328125 -0.79803466796875 -0.218017578125
0.0165939331054687 0.0785903930664063 -0.80401611328125 -0.30731201171875
-0.0545692443847656 0.0370216369628906 -0.55657958984375 -0.210784912109375
-0.0405082702636719 -0.0642890930175781 -0.151519775390625 -0.053253173828125
-0.0323371887207031 -0.0605926513671875 0.0700836181640625 -0.0455665588378906
-0.0546913146972656 0.0464553833007813 0.52130126953125 0.162261962890625
-0.00246810913085938 0.0614700317382812 0.75006103515625 0.0479736328125
0.0405082702636719 0.0366706848144531 0.72564697265625 0.09222412109375
0.0295982360839844 -0.0188369750976562 0.59051513671875 0.29949951171875
-0.00533294677734375 -0.0366859436035156 0.51953125 0.3599853515625
-0.00932788848876953 -0.012451171875 0.340118408203125 0.20648193359375
-0.0126895904541016 -0.0234622955322266 0.123619079589844 0.0085601806640625
-0.0102577209472656 -0.0326271057128906 -0.131927490234375 -0.183303833007812
0.013214111328125 -0.0361595153808594 -0.378021240234375 -0.30572509765625
0.0416831970214844 -0.0403633117675781 -0.63250732421875 -0.250244140625
0.0459403991699219 -0.01776123046875 -0.80438232421875 -0.18902587890625
0.0187797546386719 0.0455818176269531 -0.808349609375 -0.287109375
-0.0148506164550781 0.0286502838134766 -0.5643310546875 -0.2039794921875
-0.0137310028076172 -0.0274868011474609 -0.158432006835937 -0.06732177734375
-0.0135593414306641 -0.000250816345214845 0.074920654296875 -0.0520095825195313
-0.000904083251953128 0.060760498046875 0.52099609375 0.173095703125
0.0200023651123047 0.0177268981933594 0.75311279296875 0.0645751953125
0.0107440948486328 0.00700664520263672 0.71966552734375 0.11767578125
-0.00441598892211914 0.00329303741455078 0.5784912109375 0.3211669921875
0.003387451171875 0.00484180450439453 0.513336181640625 0.375
0.0233516693115234 0.0149784088134766 0.3370361328125 0.208526611328125
0.0148077011108398 0.00173187255859375 0.12127685546875 0.0002288818359375
0.0225811004638672 -0.00949478149414063 -0.133895874023438 -0.185150146484375
0.0315284729003906 -0.000284194946289063 -0.382904052734375 -0.296783447265625
0.031402587890625 -0.00572586059570312 -0.6373291015625 -0.22564697265625
0.0122270584106445 -0.0155248641967773 -0.8076171875 -0.15545654296875
0.0125627517700195 0.00881004333496094 -0.80999755859375 -0.25872802734375
0.0252590179443359 0.0106925964355469 -0.567626953125 -0.19439697265625
0.0188140869140625 0.0128326416015625 -0.15997314453125 -0.071380615234375
0.004638671875 0.060333251953125 0.0804214477539063 -0.0433883666992187
0.0522689819335938 0.0756301879882813 0.52001953125 0.18438720703125
0.0405693054199219 -0.0280418395996094 0.74847412109375 0.09381103515625
-0.0211009979248047 -0.0227508544921875 0.72381591796875 0.154296875
-0.0403671264648438 0.023406982421875 0.5780029296875 0.338623046875
0.008880615234375 0.0443382263183594 0.50830078125 0.375030517578125
0.0523452758789062 0.0391769409179687 0.32550048828125 0.20135498046875
0.0400123596191406 0.0244331359863281 0.106636047363281 -0.0106048583984375
0.0533714294433594 0.0116081237792969 -0.149444580078125 -0.1898193359375
0.0487632751464844 0.03070068359375 -0.396240234375 -0.292510986328125
0.0177631378173828 0.0271396636962891 -0.644775390625 -0.21002197265625
-0.0237960815429688 -0.0155467987060547 -0.804443359375 -0.12542724609375
0.0054931640625 -0.0304489135742188 -0.81072998046875 -0.22808837890625
0.0643692016601562 -0.00710296630859375 -0.56878662109375 -0.1845703125
0.0498161315917969 0.0534820556640625 -0.154800415039062 -0.0663299560546875
0.0230941772460937 0.1068115234375 0.0842208862304688 -0.019561767578125
0.0957794189453125 0.0767822265625 0.518280029296875 0.200836181640625
0.0471839904785156 -0.0678672790527344 0.74169921875 0.13140869140625
-0.0545578002929688 -0.0419578552246094 0.73565673828125 0.19708251953125
-0.0700759887695313 0.0448341369628906 0.58819580078125 0.34814453125
0.0161514282226563 0.0756301879882813 0.498382568359375 0.362030029296875
0.0750808715820313 0.0541839599609375 0.3013916015625 0.186981201171875
0.060089111328125 0.0393218994140625 0.082977294921875 -0.0228729248046875
0.0764312744140625 0.0278167724609375 -0.172149658203125 -0.195068359375
0.0581092834472656 0.05767822265625 -0.418609619140625 -0.2945556640625
0.000423431396484379 0.0530662536621094 -0.6533203125 -0.203125
-0.0596580505371094 -0.0204582214355469 -0.79791259765625 -0.10308837890625
0.00321578979492188 -0.0687294006347656 -0.80364990234375 -0.19598388671875
0.102516174316406 -0.018768310546875 -0.56524658203125 -0.17303466796875
0.0740737915039063 0.0913619995117188 -0.1424560546875 -0.051971435546875
0.04205322265625 0.128822326660156 0.0911026000976563 0.0139312744140625
0.11944580078125 0.0605697631835938 0.51507568359375 0.2220458984375
0.0337066650390625 -0.0989227294921875 0.73828125 0.1722412109375
-0.0847244262695313 -0.0455780029296875 0.75933837890625 0.230224609375
-0.0858688354492187 0.0638885498046875 0.598876953125 0.34521484375
0.024688720703125 0.0905380249023438 0.4840087890625 0.338653564453125
0.0886001586914063 0.0590362548828125 0.269607543945313 0.170364379882813
0.0713653564453125 0.0454254150390625 0.0522079467773438 -0.0353507995605469
0.0883102416992188 0.0373001098632813 -0.202484130859375 -0.205703735351563
0.0580368041992188 0.075592041015625 -0.440155029296875 -0.30694580078125
-0.0218009948730469 0.0661849975585938 -0.6588134765625 -0.210693359375
-0.0886154174804688 -0.0344314575195313 -0.78228759765625 -0.0913085937500002
0.0111465454101563 -0.100151062011719 -0.79266357421875 -0.1680908203125
0.134735107421875 -0.0192031860351563 -0.557952880859375 -0.161224365234375
0.0859222412109375 0.123809814453125 -0.128250122070313 -0.0268936157226562
-0.0937576293945313 -0.131370544433594 0.087127685546875 0.0366439819335937
-0.133018493652344 0.0775680541992187 0.529327392578125 0.164306640625
0.00655364990234376 0.129615783691406 0.754638671875 0.06915283203125
0.0924911499023437 0.0399856567382813 0.7869873046875 0.07330322265625
0.0459671020507813 -0.085357666015625 0.6456298828125 0.2186279296875
-0.0531463623046875 -0.107925415039063 0.507781982421875 0.27239990234375
-0.0812149047851562 -0.0633926391601563 0.279510498046875 0.171371459960938
-0.0709075927734375 -0.0838394165039063 0.0653572082519531 0.00466918945312499
-0.0773544311523437 -0.0954513549804688 -0.19610595703125 -0.198654174804688
-0.0153732299804687 -0.120170593261719 -0.43170166015625 -0.359344482421875
0.0733566284179688 -0.0989151000976563 -0.6375732421875 -0.32269287109375
0.0958251953125 0.00803375244140625 -0.76934814453125 -0.2408447265625
-0.0194015502929688 0.1124267578125 -0.78533935546875 -0.2889404296875
-0.111068725585938 0.0196685791015625 -0.549896240234375 -0.190032958984375
-0.0625686645507812 -0.120079040527344 -0.133041381835938 0.000846862792968741
-0.0788955688476562 -0.129219055175781 0.0738601684570313 0.00600433349609374
-0.128288269042969 0.0601654052734375 0.5263671875 0.156097412109375
-0.00677490234374999 0.126129150390625 0.7496337890625 0.047607421875
0.0885391235351563 0.05352783203125 0.7628173828125 0.068359375
0.0570755004882813 -0.0686912536621094 0.63262939453125 0.2408447265625
-0.0375747680664063 -0.0971908569335938 0.522216796875 0.299560546875
-0.0660514831542969 -0.0535621643066406 0.310791015625 0.183074951171875
-0.0601921081542969 -0.0693435668945313 0.0945892333984375 0.00969696044921875
-0.0655975341796875 -0.079132080078125 -0.166549682617188 -0.187713623046875
-0.0139694213867187 -0.101188659667969 -0.40869140625 -0.334930419921875
0.0637359619140625 -0.0941848754882813 -0.63824462890625 -0.2972412109375
0.0939178466796875 -0.0074310302734375 -0.79022216796875 -0.2314453125
0.00431060791015624 0.103225708007813 -0.79754638671875 -0.304443359375
-0.0887603759765625 0.0351943969726562 -0.55621337890625 -0.20196533203125
-0.059967041015625 -0.09814453125 -0.142074584960938 -0.030487060546875
-0.0570449829101563 -0.106002807617187 0.0676765441894531 -0.0239295959472656
-0.10009765625 0.0467681884765625 0.525360107421875 0.1539306640625
-0.0121612548828125 0.1016845703125 0.75079345703125 0.0360107421875
0.0687789916992188 0.0529251098632813 0.742919921875 0.0699462890625
0.0514640808105469 -0.0444526672363281 0.61370849609375 0.2664794921875
-0.0202713012695312 -0.0726394653320313 0.52935791015625 0.328887939453125
-0.0405464172363281 -0.0361518859863281 0.332855224609375 0.193328857421875
-0.0397262573242188 -0.0483283996582031 0.115097045898438 0.01025390625
-0.04156494140625 -0.0571212768554688 -0.145553588867188 -0.184234619140625
-0.0042266845703125 -0.0711212158203125 -0.392791748046875 -0.316009521484375
0.0518646240234375 -0.072998046875 -0.63623046875 -0.26861572265625
0.0748825073242188 -0.0167999267578125 -0.80511474609375 -0.20916748046875
0.017547607421875 0.0801010131835938 -0.8106689453125 -0.2982177734375
-0.0542411804199219 0.0384368896484375 -0.561126708984375 -0.204864501953125
-0.0425071716308594 -0.0647544860839844 -0.153060913085938 -0.0536346435546875
-0.0345993041992188 -0.0599708557128906 0.0693168640136719 -0.0450553894042969
-0.0545005798339844 0.0472297668457031 0.5260009765625 0.157562255859375
-0.00244903564453125 0.0616683959960938 0.75347900390625 0.0408935546875
0.0416297912597656 0.0364418029785156 0.728271484375 0.08416748046875
0.029266357421875 -0.0188350677490234 0.59625244140625 0.292724609375
-0.00665283203125 -0.0370826721191406 0.5269775390625 0.354217529296875
-0.00920295715332031 -0.012181282043457 0.34375 0.203460693359375
-0.0136756896972656 -0.0228843688964844 0.12451171875 0.0067901611328125
-0.0114402770996094 -0.0330829620361328 -0.1351318359375 -0.183135986328125
0.0131454467773437 -0.0361137390136719 -0.3837890625 -0.303314208984375
0.041778564453125 -0.0415763854980469 -0.63592529296875 -0.24462890625
0.0457801818847656 -0.0178451538085938 -0.80914306640625 -0.18017578125
0.0190238952636719 0.046173095703125 -0.816650390625 -0.2784423828125
-0.0135002136230469 0.0281505584716797 -0.56982421875 -0.19879150390625
-0.0140895843505859 -0.0273628234863281 -0.161453247070313 -0.0664825439453125
-0.014134407043457 0.000645637512207034 0.0739517211914063 -0.0527191162109375
0.000381469726562498 0.0605545043945313 0.52545166015625 0.166961669921875
0.0197772979736328 0.0174942016601562 0.75482177734375 0.0579833984375
0.0102634429931641 0.00785255432128906 0.72369384765625 0.10943603515625
-0.00431632995605469 0.00290036201477051 0.58575439453125 0.31707763671875
0.00297021865844727 0.00457382202148437 0.521636962890625 0.371002197265625
0.0227222442626953 0.0143947601318359 0.34136962890625 0.205047607421875
0.0149812698364258 0.00192928314208984 0.121269226074219 -0.000701904296875
0.0218753814697266 -0.00911140441894531 -0.137115478515625 -0.184829711914063
0.0322341918945312 -0.000980377197265625 -0.387420654296875 -0.293792724609375
0.0315341949462891 -0.00701713562011719 -0.64093017578125 -0.220947265625
0.0115957260131836 -0.0159139633178711 -0.8114013671875 -0.1455078125
0.0130081176757813 0.00895595550537109 -0.81781005859375 -0.2484130859375
0.0262393951416016 0.0106582641601563 -0.57330322265625 -0.1893310546875
0.0188407897949219 0.0119800567626953 -0.16278076171875 -0.0712432861328125
0.0044097900390625 0.0612258911132813 0.0787353515625 -0.0431671142578125
0.0536651611328125 0.0741119384765625 0.52423095703125 0.18096923828125
0.0403099060058594 -0.0275535583496094 0.7496337890625 0.08526611328125
-0.0211887359619141 -0.0217151641845703 0.727294921875 0.1468505859375
-0.0404434204101563 0.0244979858398438 0.584716796875 0.3343505859375
0.0104866027832031 0.0445556640625 0.513397216796875 0.370697021484375
0.053985595703125 0.0382118225097656 0.329498291015625 0.19915771484375
0.0408897399902344 0.02362060546875 0.107147216796875 -0.0118560791015625
0.0529861450195313 0.0107231140136719 -0.151443481445313 -0.188995361328125
0.0493507385253906 0.0308799743652344 -0.40216064453125 -0.288909912109375
0.0187549591064453 0.0268535614013672 -0.65093994140625 -0.2032470703125
-0.0241737365722656 -0.0152301788330078 -0.80950927734375 -0.11712646484375
0.00479698181152344 -0.0308589935302734 -0.8157958984375 -0.21905517578125
0.0647010803222656 -0.00832748413085938 -0.5738525390625 -0.179443359375
0.0510826110839844 0.05206298828125 -0.156234741210938 -0.0659332275390625
0.0241546630859375 0.107757568359375 0.0842666625976563 -0.019378662109375
0.0973739624023438 0.0754318237304688 0.522857666015625 0.19683837890625
0.0461769104003906 -0.0699081420898438 0.74560546875 0.1231689453125
-0.056182861328125 -0.0415725708007813 0.7403564453125 0.18792724609375
-0.0698127746582031 0.0465011596679687 0.5931396484375 0.343505859375
0.0166091918945313 0.0754852294921875 0.5035400390625 0.359466552734375
0.0769729614257813 0.0533523559570313 0.3050537109375 0.184539794921875
0.0608100891113281 0.0391845703125 0.0823135375976563 -0.0233383178710938
0.076080322265625 0.0272064208984375 -0.17559814453125 -0.194549560546875
0.0599479675292969 0.0569610595703125 -0.42303466796875 -0.291473388671875
0.00106048583984375 0.0530738830566406 -0.6597900390625 -0.1959228515625
-0.0605926513671875 -0.0195846557617188 -0.80133056640625 -0.0946044921875001
0.0024566650390625 -0.0690422058105469 -0.80950927734375 -0.18878173828125
0.103050231933594 -0.0203399658203125 -0.5704345703125 -0.16766357421875
0.076324462890625 0.0906982421875 -0.144210815429688 -0.0510406494140625
0.0442276000976563 0.128868103027344 0.0916900634765625 0.0142364501953125
0.121566772460938 0.0589141845703125 0.51995849609375 0.216156005859375
0.0324630737304688 -0.0999298095703125 0.74139404296875 0.16510009765625
-0.0855026245117188 -0.0430679321289062 0.76318359375 0.2235107421875
-0.0841751098632813 0.06591796875 0.60693359375 0.33831787109375
0.0269012451171875 0.0904693603515625 0.491546630859375 0.335113525390625
0.090362548828125 0.0571975708007813 0.273712158203125 0.168365478515625
0.072998046875 0.0454483032226563 0.05242919921875 -0.0369033813476563
0.0894775390625 0.0355453491210938 -0.206039428710937 -0.204208374023438
0.0596160888671875 0.074554443359375 -0.44525146484375 -0.30316162109375
-0.0205841064453125 0.0675125122070313 -0.662353515625 -0.2037353515625
-0.0902023315429687 -0.0324935913085938 -0.7860107421875 -0.0818481445312501
0.0090484619140625 -0.101112365722656 -0.7969970703125 -0.16033935546875
0.135063171386719 -0.0211029052734375 -0.56427001953125 -0.15655517578125
0.0889205932617188 0.123382568359375 -0.130020141601562 -0.0263748168945312
-0.0962371826171875 -0.130592346191406 0.0881118774414063 0.0365219116210937
-0.132591247558594 0.0798187255859375 0.532470703125 0.158172607421875
0.00882720947265626 0.129981994628906 0.75830078125 0.0596923828125
0.0931472778320313 0.0389022827148438 0.78857421875 0.0654296875
0.0442581176757813 -0.0869293212890625 0.6497802734375 0.21014404296875
-0.0553359985351562 -0.107513427734375 0.513641357421875 0.267852783203125
-0.0822067260742187 -0.0618743896484375 0.28302001953125 0.16845703125
-0.0737991333007813 -0.0825576782226562 0.0654220581054688 0.00352859497070312
-0.0802841186523438 -0.09356689453125 -0.1998291015625 -0.19622802734375
-0.01800537109375 -0.120803833007813 -0.437408447265625 -0.354583740234375
0.0722579956054688 -0.100433349609375 -0.6436767578125 -0.31610107421875
0.0966949462890625 0.0070343017578125 -0.7750244140625 -0.23114013671875
-0.0172805786132813 0.112922668457031 -0.79156494140625 -0.27960205078125
-0.111282348632812 0.0209884643554688 -0.55560302734375 -0.182708740234375
-0.0650711059570313 -0.120491027832031 -0.134086608886719 0.00212860107421872
-0.0816268920898438 -0.129341125488281 0.07318115234375 0.00653076171874999
-0.127777099609375 0.0617904663085938 0.529632568359375 0.150482177734375
-0.00473785400390626 0.126502990722656 0.75079345703125 0.0396728515625
0.0894546508789063 0.051971435546875 0.76409912109375 0.06072998046875
0.0565109252929688 -0.0702095031738281 0.63653564453125 0.2347412109375
-0.0399093627929687 -0.09783935546875 0.52972412109375 0.293670654296875
-0.0674324035644531 -0.0531806945800781 0.3138427734375 0.179962158203125
-0.0618820190429687 -0.0683631896972656 0.0943527221679688 0.00795745849609375
-0.0676727294921875 -0.0785598754882813 -0.1693115234375 -0.186325073242188
-0.0155792236328125 -0.102005004882812 -0.413848876953125 -0.33172607421875
0.0621566772460938 -0.09521484375 -0.642578125 -0.2918701171875
0.0940093994140625 -0.0080413818359375 -0.79571533203125 -0.2232666015625
0.0059356689453125 0.104583740234375 -0.80419921875 -0.29486083984375
-0.0882415771484375 0.03759765625 -0.559967041015625 -0.196685791015625
-0.0614013671875 -0.0977249145507813 -0.143722534179688 -0.029083251953125
-0.05963134765625 -0.106430053710938 0.0673942565917969 -0.023834228515625
-0.099395751953125 0.0485916137695312 0.528472900390625 0.1485595703125
-0.0102310180664062 0.101638793945313 0.75323486328125 0.0269775390625
0.0694427490234375 0.0525627136230469 0.7457275390625 0.0626220703125
0.0509719848632812 -0.0453605651855469 0.6204833984375 0.2596435546875
-0.0211181640625 -0.0735855102539063 0.536956787109375 0.322296142578125
-0.0412368774414062 -0.0355758666992188 0.336334228515625 0.190582275390625
-0.0415725708007813 -0.0472412109375 0.115402221679688 0.00839996337890625
-0.0440483093261719 -0.0574455261230469 -0.148422241210937 -0.18212890625
-0.00618743896484375 -0.0713119506835938 -0.396942138671875 -0.312530517578125
0.0510025024414063 -0.0732650756835938 -0.6407470703125 -0.2633056640625
0.074798583984375 -0.01824951171875 -0.80877685546875 -0.19903564453125
0.0197219848632813 0.0793228149414063 -0.81689453125 -0.2899169921875
-0.0522689819335938 0.0395736694335938 -0.5657958984375 -0.19873046875
-0.0439109802246094 -0.0651893615722656 -0.1544189453125 -0.0527191162109375
-0.0360641479492187 -0.0606575012207031 0.069061279296875 -0.04449462890625
-0.0537872314453125 0.0479660034179688 0.52886962890625 0.153289794921875
-0.00108718872070313 0.0625801086425781 0.75384521484375 0.0321044921875
0.0427474975585938 0.0363502502441406 0.73065185546875 0.075927734375
0.0292072296142578 -0.0197696685791016 0.60107421875 0.28668212890625
-0.00693511962890625 -0.037353515625 0.533599853515625 0.350738525390625
-0.00952816009521484 -0.0120258331298828 0.347808837890625 0.19940185546875
-0.0143890380859375 -0.0228443145751953 0.124961853027344 0.00402069091796875
-0.0129356384277344 -0.0326347351074219 -0.137802124023437 -0.181777954101563
0.0125961303710937 -0.0370712280273437 -0.388916015625 -0.298675537109375
0.0407867431640625 -0.0419692993164063 -0.640380859375 -0.23614501953125
0.0458908081054687 -0.0192604064941406 -0.8150634765625 -0.1689453125
0.0204582214355469 0.0458564758300781 -0.821533203125 -0.26837158203125
-0.0135135650634766 0.0287761688232422 -0.5731201171875 -0.19317626953125
-0.0152473449707031 -0.0276050567626953 -0.163116455078125 -0.0653839111328125
-0.0154056549072266 0.000505447387695313 0.0730438232421875 -0.0526962280273437
0.000671386718750005 0.0603828430175781 0.529296875 0.1617431640625
0.0197715759277344 0.01763916015625 0.7584228515625 0.0479736328125
0.0110511779785156 0.00884151458740234 0.724609375 0.10321044921875
-0.00433683395385742 0.00315308570861816 0.58917236328125 0.31158447265625
0.00286364555358887 0.00430703163146973 0.528411865234375 0.36566162109375
0.024169921875 0.0135936737060547 0.345947265625 0.201904296875
0.0140962600708008 0.00263023376464844 0.121879577636719 -0.0032196044921875
0.0212688446044922 -0.0103511810302734 -0.140090942382813 -0.184799194335937
0.0315837860107422 -0.00206184387207031 -0.3916015625 -0.289642333984375
0.0310077667236328 -0.00741386413574219 -0.6463623046875 -0.212890625
0.0110435485839844 -0.0159587860107422 -0.81658935546875 -0.1358642578125
0.0126924514770508 0.00879955291748047 -0.82464599609375 -0.24005126953125
0.0275802612304688 0.0103683471679688 -0.5782470703125 -0.1834716796875
0.0192775726318359 0.0110073089599609 -0.163909912109375 -0.0696563720703125
0.00469207763671876 0.0612602233886719 0.0783157348632813 -0.0440902709960938
0.0551605224609375 0.0734481811523437 0.5291748046875 0.1739501953125
0.0400733947753906 -0.0286483764648438 0.75335693359375 0.0777587890625
-0.0219573974609375 -0.0210018157958984 0.73046875 0.13787841796875
-0.0401458740234375 0.0256576538085938 0.5897216796875 0.327392578125
0.010589599609375 0.0438194274902344 0.52264404296875 0.36712646484375
0.0547447204589844 0.0370140075683594 0.33367919921875 0.1942138671875
0.0416259765625 0.0234375 0.107170104980469 -0.0138015747070312
0.0531730651855469 0.0103111267089844 -0.15411376953125 -0.187911987304688
0.0497322082519531 0.0293655395507813 -0.405242919921875 -0.286041259765625
0.0191287994384766 0.0264034271240234 -0.65313720703125 -0.19708251953125
-0.0250492095947266 -0.0141773223876953 -0.81280517578125 -0.1055908203125
0.00501632690429688 -0.0304584503173828 -0.82122802734375 -0.2088623046875
0.0663375854492188 -0.0101699829101563 -0.5772705078125 -0.1732177734375
0.0521316528320313 0.0512504577636719 -0.158187866210938 -0.0650787353515625
0.02587890625 0.107765197753906 0.0835189819335938 -0.0197906494140625
0.099639892578125 0.0743637084960938 0.52691650390625 0.190887451171875
0.0447540283203125 -0.0706634521484375 0.748046875 0.11431884765625
-0.0570755004882813 -0.0401763916015625 0.74407958984375 0.18060302734375
-0.0693206787109375 0.0473175048828125 0.60003662109375 0.3358154296875
0.0186386108398438 0.074615478515625 0.511444091796875 0.355804443359375
0.0780868530273438 0.0525360107421875 0.30914306640625 0.18157958984375
0.0613479614257812 0.0381317138671875 0.0822219848632813 -0.0261154174804687
0.077301025390625 0.0255813598632813 -0.179061889648437 -0.193008422851563
0.0607147216796875 0.0560874938964844 -0.42645263671875 -0.287567138671875
0.00199508666992188 0.0534591674804687 -0.66448974609375 -0.18994140625
-0.0615692138671875 -0.0187263488769531 -0.80389404296875 -0.0822143554687501
0.00250244140625001 -0.0690231323242188 -0.81298828125 -0.17828369140625
0.103912353515625 -0.023101806640625 -0.574951171875 -0.16314697265625
0.0775833129882813 0.0897293090820313 -0.145401000976563 -0.0502471923828125
0.0462722778320313 0.128303527832031 0.0916900634765625 0.0138931274414063
0.123695373535156 0.0568008422851563 0.524627685546875 0.211395263671875
0.0306167602539062 -0.100318908691406 0.74700927734375 0.15582275390625
-0.0868606567382813 -0.042083740234375 0.76702880859375 0.21380615234375
-0.0836563110351562 0.068023681640625 0.612060546875 0.33282470703125
0.027984619140625 0.0905227661132813 0.49774169921875 0.332427978515625
0.0923919677734375 0.05657958984375 0.277496337890625 0.165908813476563
0.073944091796875 0.0447006225585938 0.0515213012695313 -0.0373764038085938
0.0901336669921875 0.0347747802734375 -0.20953369140625 -0.20306396484375
0.0614166259765625 0.073638916015625 -0.450439453125 -0.29815673828125
-0.0194091796875 0.0681419372558594 -0.66802978515625 -0.1962890625
-0.090484619140625 -0.0321731567382813 -0.7899169921875 -0.0720825195312502
0.00770568847656251 -0.101455688476563 -0.80169677734375 -0.15130615234375
0.135696411132813 -0.0244140625 -0.56805419921875 -0.15142822265625
0.0906829833984375 0.122833251953125 -0.130859375 -0.0253219604492187
-0.0995559692382813 -0.129249572753906 0.0877838134765625 0.0368728637695312
-0.131622314453125 0.0818634033203125 0.535400390625 0.151641845703125
0.010589599609375 0.1298828125 0.7581787109375 0.0482177734375
0.0944290161132813 0.0379180908203125 0.7879638671875 0.05419921875
0.0435104370117188 -0.0873489379882812 0.65264892578125 0.20281982421875
-0.058135986328125 -0.107444763183594 0.51751708984375 0.261962890625
-0.0844573974609375 -0.061004638671875 0.285400390625 0.1654052734375
-0.0756683349609375 -0.0819320678710938 0.0649642944335938 0.00250244140624999
-0.0824203491210938 -0.09307861328125 -0.203201293945312 -0.1939697265625
-0.020843505859375 -0.120491027832031 -0.443023681640625 -0.348968505859375
0.0700836181640625 -0.102836608886719 -0.6474609375 -0.309326171875
0.0970382690429688 0.00484466552734375 -0.77764892578125 -0.22222900390625
-0.015411376953125 0.113677978515625 -0.7962646484375 -0.26904296875
-0.110458374023438 0.023529052734375 -0.558502197265625 -0.17657470703125
-0.06732177734375 -0.119888305664063 -0.134254455566406 0.00211334228515625
-0.0854568481445313 -0.128173828125 0.0736007690429688 0.00611114501953124
-0.127532958984375 0.064483642578125 0.532867431640625 0.144378662109375
-0.00232696533203124 0.127090454101563 0.7530517578125 0.02960205078125
0.0908584594726563 0.0515365600585938 0.7662353515625 0.050048828125
0.0546951293945313 -0.0710983276367188 0.64105224609375 0.22711181640625
-0.0421905517578125 -0.0979843139648438 0.53411865234375 0.28887939453125
-0.068511962890625 -0.0519943237304687 0.31768798828125 0.176544189453125
-0.0638618469238281 -0.0673866271972656 0.094024658203125 0.00609588623046874
-0.0701675415039063 -0.076568603515625 -0.172500610351562 -0.185211181640625
-0.0181427001953125 -0.101531982421875 -0.41888427734375 -0.32684326171875
0.0604324340820313 -0.0965652465820313 -0.64642333984375 -0.2828369140625
0.093963623046875 -0.00978851318359375 -0.801513671875 -0.21142578125
0.0084381103515625 0.104736328125 -0.81011962890625 -0.28326416015625
-0.0880126953125 0.0383987426757812 -0.56378173828125 -0.1895751953125
-0.0636978149414063 -0.09814453125 -0.144622802734375 -0.0285491943359375
-0.0623550415039063 -0.105422973632812 0.0668830871582031 -0.0240058898925781
-0.0998001098632813 0.0501785278320312 0.531280517578125 0.14349365234375
-0.00846862792968749 0.101486206054688 0.75439453125 0.01861572265625
0.0714645385742188 0.0523223876953125 0.74542236328125 0.0537109375
0.0505714416503906 -0.0461235046386719 0.623046875 0.25335693359375
-0.0237579345703125 -0.0734024047851563 0.54150390625 0.31640625
-0.0422782897949219 -0.0353050231933594 0.340057373046875 0.187103271484375
-0.042083740234375 -0.0464096069335938 0.115203857421875 0.006622314453125
-0.0459671020507813 -0.0548095703125 -0.15057373046875 -0.18096923828125
-0.00752258300781251 -0.0713577270507813 -0.400238037109375 -0.308197021484375
0.0492782592773437 -0.0748519897460938 -0.64593505859375 -0.253662109375
0.0746841430664063 -0.019073486328125 -0.8116455078125 -0.188720703125
0.0214004516601563 0.0797119140625 -0.8214111328125 -0.27630615234375
-0.0518646240234375 0.0407867431640625 -0.5687255859375 -0.19146728515625
-0.0457725524902344 -0.0650978088378906 -0.155746459960937 -0.0513153076171875
-0.0380439758300781 -0.0594635009765625 0.0672760009765625 -0.0450897216796875
-0.0533676147460938 0.0485038757324219 0.5316162109375 0.14459228515625
-0.000125885009765629 0.0626754760742188 0.75628662109375 0.02203369140625
0.0427093505859375 0.0364723205566406 0.73046875 0.06671142578125
0.0284957885742187 -0.0205535888671875 0.606201171875 0.279541015625
-0.00836181640625 -0.03790283203125 0.53955078125 0.344085693359375
-0.0089101791381836 -0.0124931335449219 0.35162353515625 0.195068359375
-0.0149383544921875 -0.0221576690673828 0.124427795410156 0.0023345947265625
-0.0140895843505859 -0.0323143005371094 -0.140182495117187 -0.180511474609375
0.0112686157226562 -0.0368690490722656 -0.391693115234375 -0.29498291015625
0.0396614074707031 -0.0440254211425781 -0.64422607421875 -0.228515625
0.0457534790039063 -0.0193939208984375 -0.8173828125 -0.15966796875
0.0215682983398437 0.0458221435546875 -0.8280029296875 -0.2567138671875
-0.0127105712890625 0.0285224914550781 -0.5767822265625 -0.18548583984375
-0.0157966613769531 -0.0277233123779297 -0.16387939453125 -0.0643463134765625
-0.0159702301025391 0.00149345397949219 0.0723114013671875 -0.0528488159179687
0.00203704833984375 0.0603370666503906 0.533477783203125 0.155670166015625
0.0200233459472656 0.0174293518066406 0.75933837890625 0.03924560546875
0.011439323425293 0.00834369659423828 0.7264404296875 0.09344482421875
-0.0041053295135498 0.00391149520874023 0.5947265625 0.30352783203125
0.00278997421264648 0.00278854370117188 0.533111572265625 0.360198974609375
0.0248641967773438 0.0133686065673828 0.349517822265625 0.19744873046875
0.0146141052246094 0.00161647796630859 0.121269226074219 -0.00576019287109375
0.0201225280761719 -0.0104541778564453 -0.143051147460938 -0.1827392578125
0.0324726104736328 -0.00247383117675781 -0.394805908203125 -0.28485107421875
0.0304412841796875 -0.00751876831054688 -0.6500244140625 -0.20452880859375
0.0115556716918945 -0.0160770416259766 -0.818115234375 -0.1246337890625
0.0131740570068359 0.00869941711425781 -0.82708740234375 -0.22930908203125
0.0277633666992187 0.00961494445800781 -0.5811767578125 -0.17633056640625
0.0189342498779297 0.0105800628662109 -0.165756225585937 -0.0689544677734375
0.004852294921875 0.0614776611328125 0.0777130126953125 -0.0445327758789062
0.0565261840820313 0.0725860595703125 0.532257080078125 0.16925048828125
0.0387802124023438 -0.0288200378417969 0.7537841796875 0.06842041015625
-0.0228252410888672 -0.0203800201416016 0.73272705078125 0.1295166015625
-0.0401077270507813 0.0266532897949219 0.595703125 0.32171630859375
0.010894775390625 0.0434913635253906 0.526458740234375 0.36114501953125
0.0561332702636719 0.036041259765625 0.336883544921875 0.190765380859375
0.041961669921875 0.0226402282714844 0.106948852539062 -0.0154800415039062
0.05291748046875 0.00985336303710937 -0.157440185546875 -0.186004638671875
0.0506591796875 0.0298881530761719 -0.407745361328125 -0.28106689453125
0.0195236206054688 0.0264720916748047 -0.65692138671875 -0.188720703125
-0.0258903503417969 -0.0141983032226563 -0.81500244140625 -0.0938720703125
0.00478744506835938 -0.0302371978759766 -0.82525634765625 -0.19842529296875
0.0662460327148438 -0.0109825134277344 -0.58074951171875 -0.1663818359375
0.05291748046875 0.0502586364746094 -0.160842895507812 -0.0639801025390625
0.027587890625 0.107719421386719 0.0836181640625 -0.020111083984375
0.1011962890625 0.0718765258789063 0.52874755859375 0.185089111328125
0.0439376831054688 -0.0715560913085938 0.74969482421875 0.10516357421875
-0.0580825805664062 -0.0392494201660156 0.7469482421875 0.171630859375
-0.0692100524902344 0.0490684509277344 0.60498046875 0.32952880859375
0.0197296142578125 0.0740966796875 0.5164794921875 0.348236083984375
0.0798721313476563 0.050262451171875 0.312652587890625 0.177764892578125
0.0630836486816406 0.0377655029296875 0.0816192626953125 -0.0272903442382812
0.0784378051757813 0.0243759155273438 -0.181686401367188 -0.19171142578125
0.0623931884765625 0.0552864074707031 -0.4310302734375 -0.28216552734375
0.0031280517578125 0.0528602600097656 -0.66656494140625 -0.1806640625
-0.0619125366210937 -0.0178451538085938 -0.80572509765625 -0.0720825195312499
0.000507354736328131 -0.0687828063964844 -0.81658935546875 -0.16668701171875
0.104042053222656 -0.02557373046875 -0.57879638671875 -0.15576171875
0.0794143676757812 0.08843994140625 -0.147232055664063 -0.0494842529296875
0.048431396484375 0.129219055175781 0.09197998046875 0.01336669921875
0.12445068359375 0.05474853515625 0.5277099609375 0.204498291015625
0.0286407470703125 -0.101898193359375 0.748779296875 0.14617919921875
-0.0882339477539063 -0.0400390625 0.7713623046875 0.204345703125
-0.0827484130859375 0.069580078125 0.6173095703125 0.32501220703125
0.0290603637695312 0.0892715454101562 0.50311279296875 0.32537841796875
0.0939788818359375 0.0543746948242187 0.280136108398438 0.161788940429688
0.075714111328125 0.0431594848632813 0.0502052307128906 -0.0389213562011719
0.0906829833984375 0.0325775146484375 -0.213165283203125 -0.200592041015625
0.062713623046875 0.0728759765625 -0.453948974609375 -0.29327392578125
-0.0187416076660156 0.0686454772949219 -0.67034912109375 -0.187744140625
-0.0923843383789063 -0.0295333862304688 -0.792236328125 -0.0620117187500002
0.00616455078124999 -0.10064697265625 -0.80560302734375 -0.1390380859375
0.134849548339844 -0.0274581909179688 -0.57177734375 -0.14312744140625
0.0933074951171875 0.121055603027344 -0.13201904296875 -0.024261474609375
-0.102951049804687 -0.128616333007813 0.0886611938476563 0.0363616943359375
-0.13055419921875 0.0838165283203125 0.53729248046875 0.1453857421875
0.0136337280273438 0.130584716796875 0.757568359375 0.04107666015625
0.0961685180664063 0.036529541015625 0.7886962890625 0.0443115234375
0.0417938232421875 -0.08843994140625 0.65509033203125 0.19366455078125
-0.0597000122070313 -0.1063232421875 0.52142333984375 0.2564697265625
-0.084930419921875 -0.0602264404296875 0.287811279296875 0.1624755859375
-0.0766220092773438 -0.080230712890625 0.0647964477539063 0.00194168090820312
-0.085296630859375 -0.0909957885742187 -0.206100463867188 -0.19183349609375
-0.0234222412109375 -0.120193481445312 -0.446380615234375 -0.343048095703125
0.068572998046875 -0.103897094726563 -0.65093994140625 -0.30029296875
0.0984268188476562 0.0033111572265625 -0.7818603515625 -0.2110595703125
-0.0124435424804687 0.114730834960938 -0.799072265625 -0.2572021484375
-0.1099853515625 0.025726318359375 -0.56060791015625 -0.170013427734375
-0.069732666015625 -0.119499206542969 -0.133583068847656 0.0038909912109375
-0.0878448486328125 -0.126930236816406 0.0733871459960937 0.00639343261718749
-0.126449584960938 0.0662841796875 0.53460693359375 0.136260986328125
-0.000137329101562514 0.127227783203125 0.75189208984375 0.01849365234375
0.0925521850585938 0.0497055053710938 0.7657470703125 0.04034423828125
0.0534439086914063 -0.072296142578125 0.64306640625 0.2186279296875
-0.0438995361328125 -0.097564697265625 0.537139892578125 0.281951904296875
-0.069549560546875 -0.0513381958007812 0.31927490234375 0.17254638671875
-0.0652809143066406 -0.0662078857421875 0.0938491821289063 0.00484466552734375
-0.0722274780273437 -0.0750503540039063 -0.175491333007813 -0.18243408203125
-0.0205001831054688 -0.101119995117188 -0.421630859375 -0.321044921875
0.0586090087890625 -0.09820556640625 -0.65167236328125 -0.2742919921875
0.094482421875 -0.0119552612304687 -0.80389404296875 -0.20196533203125
0.0107650756835937 0.104568481445313 -0.8133544921875 -0.2716064453125
-0.0870819091796875 0.0404510498046875 -0.56494140625 -0.18182373046875
-0.0657882690429687 -0.096923828125 -0.145126342773438 -0.02740478515625
-0.0651092529296875 -0.1046142578125 0.0664596557617188 -0.0234832763671875
-0.0991134643554688 0.0508804321289063 0.53424072265625 0.134796142578125
-0.00723266601562499 0.101509094238281 0.75140380859375 0.00756835937500001
0.0730209350585938 0.050933837890625 0.74493408203125 0.04229736328125
0.0499153137207031 -0.0472488403320313 0.62713623046875 0.245361328125
-0.0247344970703125 -0.0733413696289062 0.54693603515625 0.311492919921875
-0.0429458618164062 -0.0342292785644531 0.342803955078125 0.18218994140625
-0.0432662963867188 -0.0454788208007813 0.11492919921875 0.00460052490234375
-0.0476226806640625 -0.0543289184570312 -0.153350830078125 -0.17926025390625
-0.008636474609375 -0.0709381103515625 -0.40386962890625 -0.303375244140625
0.0467529296875 -0.0755462646484375 -0.6483154296875 -0.24444580078125
0.0747756958007813 -0.020843505859375 -0.81414794921875 -0.177490234375
0.0230178833007812 0.078948974609375 -0.825927734375 -0.26580810546875
-0.0511589050292969 0.0414695739746094 -0.5706787109375 -0.18463134765625
-0.0471916198730469 -0.0643501281738281 -0.156585693359375 -0.0497283935546875
-0.0394515991210938 -0.0590858459472656 0.0668449401855469 -0.0450973510742188
-0.0528526306152344 0.0491561889648437 0.534912109375 0.139678955078125
0.00175857543945312 0.0623779296875 0.75347900390625 0.0123291015625
0.0437889099121094 0.0360527038574219 0.7318115234375 0.057373046875
0.0289802551269531 -0.0207557678222656 0.60858154296875 0.27117919921875
-0.00911712646484375 -0.0383529663085938 0.544219970703125 0.337890625
-0.0098724365234375 -0.0116157531738281 0.35369873046875 0.18994140625
-0.01593017578125 -0.02215576171875 0.12420654296875 0.000320434570312499
-0.0151844024658203 -0.0323600769042969 -0.142471313476563 -0.179367065429688
0.0103073120117188 -0.0370254516601563 -0.3941650390625 -0.289825439453125
0.038421630859375 -0.0441436767578125 -0.6466064453125 -0.22039794921875
0.0449104309082031 -0.0208740234375 -0.818115234375 -0.14617919921875
0.0223464965820313 0.0457077026367188 -0.8309326171875 -0.24493408203125
-0.0115242004394531 0.0285511016845703 -0.5791015625 -0.17901611328125
-0.0164470672607422 -0.0281829833984375 -0.166152954101563 -0.063446044921875
-0.0160236358642578 0.00127220153808594 0.0717086791992188 -0.0532302856445313
0.00236129760742187 0.0604324340820312 0.53607177734375 0.14886474609375
0.0205059051513672 0.016571044921875 0.75799560546875 0.0296630859375
0.0110654830932617 0.00837993621826172 0.7269287109375 0.08404541015625
-0.00350832939147949 0.00419902801513672 0.59869384765625 0.29632568359375
0.00278139114379883 0.00317573547363281 0.538330078125 0.35284423828125
0.0253181457519531 0.0126876831054688 0.353546142578125 0.19183349609375
0.0149250030517578 0.00132465362548828 0.121627807617187 -0.00701141357421875
0.0199661254882813 -0.0106430053710938 -0.145233154296875 -0.18157958984375
0.0320777893066406 -0.00313949584960937 -0.3974609375 -0.280303955078125
0.0306835174560547 -0.00853347778320313 -0.65118408203125 -0.1961669921875
0.0109767913818359 -0.0167865753173828 -0.819091796875 -0.11395263671875
0.0141210556030273 0.00863742828369141 -0.83184814453125 -0.2152099609375
0.0271282196044922 0.00907325744628906 -0.583740234375 -0.1683349609375
0.0190048217773438 0.0102767944335938 -0.167266845703125 -0.0681304931640625
0.00613021850585937 0.0623245239257812 0.0774993896484375 -0.04461669921875
0.0574569702148438 0.0714492797851563 0.534210205078125 0.16064453125
0.03857421875 -0.0302238464355469 0.75543212890625 0.05853271484375
-0.0223484039306641 -0.0201511383056641 0.7335205078125 0.119140625
-0.039306640625 0.0267677307128906 0.59869384765625 0.311279296875
0.0115242004394531 0.0428581237792969 0.53204345703125 0.353668212890625
0.057281494140625 0.034515380859375 0.3404541015625 0.186309814453125
0.0425643920898438 0.0228652954101563 0.106719970703125 -0.017120361328125
0.0527725219726562 0.00865936279296875 -0.15948486328125 -0.184951782226563
0.05126953125 0.02789306640625 -0.41217041015625 -0.275604248046875
0.0200824737548828 0.0256023406982422 -0.65850830078125 -0.1795654296875
-0.0262088775634766 -0.0130481719970703 -0.81634521484375 -0.0847778320312499
0.00444984436035156 -0.0298042297363281 -0.8272705078125 -0.18621826171875
0.0667648315429688 -0.0129051208496094 -0.583740234375 -0.16009521484375
0.0540313720703125 0.0490036010742187 -0.160995483398438 -0.0631256103515625
0.02838134765625 0.107887268066406 0.0828399658203125 -0.0209808349609375
0.10247802734375 0.0701522827148438 0.533203125 0.17877197265625
0.0421600341796875 -0.0726852416992188 0.75006103515625 0.0953369140625
-0.0586013793945312 -0.0379829406738281 0.74835205078125 0.16314697265625
-0.0678672790527344 0.0505447387695313 0.60943603515625 0.32171630859375
0.0213088989257813 0.0741500854492188 0.52117919921875 0.3419189453125
0.0813522338867188 0.0491561889648438 0.315155029296875 0.17376708984375
0.0640449523925781 0.0367622375488281 0.0807952880859375 -0.02880859375
0.0775833129882813 0.0233078002929688 -0.183685302734375 -0.189224243164063
0.0637550354003906 0.0542373657226563 -0.433929443359375 -0.2772216796875
0.00311660766601563 0.0535202026367188 -0.66717529296875 -0.1727294921875
-0.0620880126953125 -0.0162010192871094 -0.805908203125 -0.0608520507812501
-0.000843048095703121 -0.0690689086914063 -0.81866455078125 -0.15496826171875
0.103492736816406 -0.0275192260742188 -0.58148193359375 -0.14697265625
0.081085205078125 0.0875167846679688 -0.148086547851563 -0.048309326171875
0.0500717163085938 0.128089904785156 0.0924072265625 0.0130996704101563
0.125152587890625 0.0522537231445313 0.5302734375 0.196990966796875
0.026580810546875 -0.102432250976563 0.74945068359375 0.13671875
-0.0884933471679688 -0.0383682250976562 0.7723388671875 0.19415283203125
-0.0809402465820313 0.0718536376953125 0.6212158203125 0.3162841796875
0.0315780639648438 0.0888137817382813 0.50628662109375 0.31878662109375
0.095428466796875 0.0520858764648438 0.282501220703125 0.158355712890625
0.0761489868164063 0.042236328125 0.0497093200683594 -0.0389823913574219
0.0912017822265625 0.0312652587890625 -0.215072631835937 -0.198623657226563
0.0642318725585938 0.0724716186523438 -0.457305908203125 -0.28851318359375
-0.0174026489257813 0.0695228576660156 -0.67364501953125 -0.1800537109375
-0.0931015014648438 -0.0274200439453125 -0.790771484375 -0.0504760742187499
0.00492095947265626 -0.101593017578125 -0.80615234375 -0.1287841796875
0.135627746582031 -0.0297012329101563 -0.573974609375 -0.13519287109375
0.09515380859375 0.119918823242188 -0.132949829101563 -0.0234603881835937
-0.105903625488281 -0.126548767089844 0.0891265869140625 0.0360946655273438
-0.129203796386719 0.0858306884765625 0.5380859375 0.13861083984375
0.015411376953125 0.129646301269531 0.75592041015625 0.0302734375
0.0968399047851563 0.034942626953125 0.786865234375 0.034423828125
0.0401382446289062 -0.0891952514648438 0.6572265625 0.18621826171875
-0.0621795654296875 -0.105697631835937 0.52410888671875 0.24908447265625
-0.0857620239257813 -0.0588912963867187 0.2891845703125 0.158416748046875
-0.0778045654296875 -0.0785064697265625 0.0644645690917969 0.000534057617187495
-0.0870361328125 -0.0889663696289063 -0.208251953125 -0.188812255859375
-0.025146484375 -0.119728088378906 -0.4498291015625 -0.335784912109375
0.0662994384765625 -0.104446411132813 -0.65216064453125 -0.29095458984375
0.0983123779296875 0.00141143798828125 -0.78021240234375 -0.2015380859375
-0.0109786987304688 0.114982604980469 -0.80096435546875 -0.246826171875
-0.109039306640625 0.0272674560546875 -0.56085205078125 -0.16162109375
-0.0722885131835937 -0.118080139160156 -0.1339111328125 0.00432586669921877
-0.0905227661132813 -0.126091003417969 0.0726776123046875 0.00653839111328124
-0.125755310058594 0.0686264038085938 0.536376953125 0.131072998046875
0.00229644775390626 0.127143859863281 0.75 0.01025390625
0.0936508178710937 0.0489501953125 0.76165771484375 0.03045654296875
0.0523452758789063 -0.0733108520507813 0.64422607421875 0.20819091796875
-0.04571533203125 -0.0967254638671875 0.54119873046875 0.2747802734375
-0.0706100463867187 -0.0500030517578125 0.321319580078125 0.167694091796875
-0.0664329528808594 -0.0646858215332031 0.0932540893554688 0.0037384033203125
-0.0737838745117187 -0.0736083984375 -0.176620483398438 -0.179779052734375
-0.0217514038085938 -0.1007080078125 -0.425262451171875 -0.314544677734375
0.0568695068359375 -0.0988845825195313 -0.65325927734375 -0.26483154296875
0.0945587158203125 -0.0138168334960938 -0.80322265625 -0.19024658203125
0.0128707885742187 0.104118347167969 -0.815673828125 -0.26092529296875
-0.0855636596679688 0.0421142578125 -0.5677490234375 -0.17474365234375
-0.0673370361328125 -0.09613037109375 -0.145553588867188 -0.026031494140625
-0.067718505859375 -0.103981018066406 0.06585693359375 -0.0229911804199219
-0.0981826782226562 0.0520172119140625 0.53436279296875 0.126739501953125
-0.00447082519531251 0.102096557617188 0.75054931640625 -0.00146484374999999
0.0741500854492188 0.0504074096679688 0.744140625 0.0338134765625
0.0490188598632813 -0.0483016967773438 0.62750244140625 0.235107421875
-0.0266265869140625 -0.0731887817382813 0.54949951171875 0.303619384765625
-0.0436477661132813 -0.0339317321777344 0.345703125 0.178192138671875
-0.0445785522460938 -0.0445175170898438 0.114219665527344 0.00243377685546875
-0.0485687255859375 -0.0534210205078125 -0.155532836914062 -0.177261352539063
-0.010345458984375 -0.070770263671875 -0.40631103515625 -0.297607421875
0.0460739135742188 -0.0768280029296875 -0.6490478515625 -0.23681640625
0.0742340087890625 -0.0213851928710938 -0.81390380859375 -0.1650390625
0.0245819091796875 0.078765869140625 -0.8265380859375 -0.2542724609375
-0.0499725341796875 0.0419654846191406 -0.5726318359375 -0.17718505859375
-0.0486068725585938 -0.0646095275878906 -0.158233642578125 -0.048797607421875
-0.0409088134765625 -0.0585098266601563 0.065704345703125 -0.0449562072753906
-0.0522270202636719 0.0493888854980469 0.535247802734375 0.132904052734375
0.00191497802734375 0.0618743896484375 0.752197265625 0.0032958984375
0.0445022583007813 0.03546142578125 0.72955322265625 0.04962158203125
0.0283298492431641 -0.0211582183837891 0.6119384765625 0.263916015625
-0.00964736938476563 -0.0383529663085938 0.548004150390625 0.33013916015625
-0.00995731353759765 -0.0125970840454102 0.356658935546875 0.185821533203125
-0.016510009765625 -0.0212421417236328 0.124267578125 -0.00145721435546875
-0.0157451629638672 -0.0316638946533203 -0.14569091796875 -0.176834106445312
0.00897979736328125 -0.03717041015625 -0.397857666015625 -0.2847900390625
0.03759765625 -0.0448493957519531 -0.6480712890625 -0.21148681640625
0.0451240539550781 -0.0217628479003906 -0.81829833984375 -0.1348876953125
0.0235099792480469 0.0456352233886719 -0.83355712890625 -0.23492431640625
-0.0109272003173828 0.0294437408447266 -0.58050537109375 -0.17138671875
-0.0175266265869141 -0.0291252136230469 -0.166366577148438 -0.062347412109375
-0.0162181854248047 0.00186538696289063 0.0702972412109375 -0.0524063110351563
0.00363540649414062 0.059417724609375 0.53619384765625 0.14129638671875
0.0199184417724609 0.0162696838378906 0.75518798828125 0.02001953125
0.0125522613525391 0.00891399383544922 0.7261962890625 0.0758056640625
-0.00356578826904297 0.00341486930847168 0.60186767578125 0.2880859375
0.00232696533203125 0.00252532958984375 0.542999267578125 0.3460693359375
0.0255031585693359 0.0118789672851563 0.35516357421875 0.1876220703125
0.0143032073974609 0.00165271759033203 0.120811462402344 -0.0091705322265625
0.0196647644042969 -0.0107555389404297 -0.14739990234375 -0.179931640625
0.0318374633789063 -0.00346183776855469 -0.399688720703125 -0.274810791015625
0.0308113098144531 -0.00877571105957031 -0.65283203125 -0.18743896484375
0.0109148025512695 -0.0165596008300781 -0.81732177734375 -0.10186767578125
0.0138587951660156 0.00875186920166016 -0.8328857421875 -0.20587158203125
0.0278759002685547 0.0084228515625 -0.58367919921875 -0.16119384765625
0.0188274383544922 0.00978660583496094 -0.168548583984375 -0.0660552978515625
0.00648880004882813 0.06158447265625 0.075958251953125 -0.0444564819335937
0.058502197265625 0.0700302124023438 0.535675048828125 0.154998779296875
0.0380287170410156 -0.03082275390625 0.751953125 0.0487060546875
-0.0226497650146484 -0.0188369750976563 0.7313232421875 0.11114501953125
-0.0387153625488281 0.0280990600585937 0.6033935546875 0.3046875
0.0124015808105469 0.0427589416503906 0.53558349609375 0.346588134765625
0.0573997497558594 0.0325431823730469 0.342132568359375 0.180999755859375
0.0427703857421875 0.0214118957519531 0.105842590332031 -0.0187149047851563
0.0522079467773437 0.00762557983398437 -0.161270141601562 -0.182327270507813
0.0513343811035156 0.0274391174316406 -0.41278076171875 -0.2713623046875
0.0200252532958984 0.0259723663330078 -0.65936279296875 -0.17071533203125
-0.0263614654541016 -0.0129146575927734 -0.81439208984375 -0.0717163085937499
0.00416183471679687 -0.0299568176269531 -0.828369140625 -0.17401123046875
0.0661239624023438 -0.0141067504882812 -0.58563232421875 -0.1502685546875
0.0546112060546875 0.0481033325195313 -0.162521362304688 -0.0614166259765625
0.030517578125 0.107452392578125 0.0833206176757813 -0.0203018188476562
0.103317260742187 0.0678329467773438 0.5335693359375 0.170196533203125
0.0409622192382813 -0.073211669921875 0.7506103515625 0.0869140625
-0.0584754943847656 -0.0357627868652344 0.74755859375 0.15325927734375
-0.0670013427734375 0.0521621704101563 0.61175537109375 0.31317138671875
0.0221786499023438 0.0733566284179688 0.525604248046875 0.3353271484375
0.0827789306640625 0.0475234985351563 0.31756591796875 0.169281005859375
0.0645942687988281 0.036102294921875 0.0797805786132813 -0.030120849609375
0.07781982421875 0.0218582153320312 -0.185653686523438 -0.187423706054688
0.06402587890625 0.0532302856445313 -0.434539794921875 -0.271331787109375
0.00406646728515625 0.0538978576660156 -0.668701171875 -0.16314697265625
-0.0634613037109375 -0.0143280029296875 -0.8050537109375 -0.0504150390625
-0.001556396484375 -0.06890869140625 -0.81878662109375 -0.14398193359375
0.103530883789063 -0.029571533203125 -0.5806884765625 -0.14080810546875
0.0823822021484375 0.0853500366210938 -0.149063110351563 -0.047210693359375
0.0517807006835938 0.12725830078125 0.0925064086914063 0.012786865234375
0.126800537109375 0.04937744140625 0.53192138671875 0.189666748046875
0.0242385864257813 -0.102157592773438 0.75006103515625 0.12799072265625
-0.0892410278320312 -0.037200927734375 0.7730712890625 0.18438720703125
-0.0809173583984375 0.0731887817382813 0.6241455078125 0.3082275390625
0.0332183837890625 0.0881423950195313 0.5108642578125 0.31097412109375
0.0965652465820313 0.0499343872070313 0.284454345703125 0.15478515625
0.0776748657226563 0.0413131713867188 0.0483589172363281 -0.0398902893066406
0.0919113159179688 0.0302734375 -0.216934204101562 -0.194381713867188
0.0663528442382813 0.07086181640625 -0.459930419921875 -0.2823486328125
-0.0164337158203125 0.0694198608398438 -0.6722412109375 -0.17071533203125
-0.0938568115234375 -0.0251922607421875 -0.79058837890625 -0.0395507812499998
0.00315093994140625 -0.102058410644531 -0.80645751953125 -0.11846923828125
0.13494873046875 -0.0324859619140625 -0.57550048828125 -0.12945556640625
0.0971450805664063 0.118324279785156 -0.132957458496094 -0.0235214233398437
-0.107681274414063 -0.125099182128906 0.0892486572265625 0.0366439819335938
-0.127403259277344 0.0872879028320313 0.53875732421875 0.130889892578125
0.0178451538085938 0.128303527832031 0.75384521484375 0.02154541015625
0.0979232788085937 0.033721923828125 0.784423828125 0.02398681640625
0.0390090942382813 -0.0894088745117188 0.65631103515625 0.176025390625
-0.06390380859375 -0.104728698730469 0.525054931640625 0.24200439453125
-0.087371826171875 -0.0571517944335938 0.2908935546875 0.1552734375
-0.0795745849609375 -0.077362060546875 0.0639152526855469 -0.00054550170898438
-0.0880050659179688 -0.087188720703125 -0.211013793945313 -0.185394287109375
-0.02752685546875 -0.118743896484375 -0.45159912109375 -0.329833984375
0.0644302368164063 -0.105743408203125 -0.6544189453125 -0.28265380859375
0.0995025634765625 0.00025177001953125 -0.7808837890625 -0.19024658203125
-0.00851440429687501 0.114212036132813 -0.8021240234375 -0.2366943359375
-0.108375549316406 0.0288162231445312 -0.561676025390625 -0.156219482421875
-0.0740280151367187 -0.117439270019531 -0.133445739746094 0.00524902343749999
-0.0932388305664063 -0.124496459960937 0.0735015869140625 0.00705718994140624
-0.124671936035156 0.0688400268554687 0.535888671875 0.12353515625
0.00449371337890624 0.126388549804688 0.74737548828125 0.00262451171875001
0.0947799682617188 0.0472030639648438 0.76007080078125 0.0234375
0.0505752563476563 -0.0740585327148438 0.6455078125 0.19952392578125
-0.0471649169921875 -0.0961380004882813 0.5419921875 0.268096923828125
-0.0713348388671875 -0.0492324829101562 0.322509765625 0.163970947265625
-0.0676841735839844 -0.0629920959472656 0.093353271484375 0.00289154052734375
-0.0756759643554688 -0.0718154907226563 -0.179718017578125 -0.177154541015625
-0.0243988037109375 -0.0996017456054688 -0.42559814453125 -0.308685302734375
0.054840087890625 -0.0995025634765625 -0.65338134765625 -0.25592041015625
0.0944595336914063 -0.0150680541992188 -0.80157470703125 -0.18072509765625
0.0144805908203125 0.104232788085938 -0.81671142578125 -0.2501220703125
-0.0845947265625 0.0425872802734375 -0.56695556640625 -0.1669921875
-0.0699005126953125 -0.0955047607421875 -0.145217895507813 -0.0250244140625
-0.0695114135742187 -0.102981567382812 0.0655174255371094 -0.0221405029296875
-0.0980224609375 0.0537033081054687 0.53472900390625 0.121124267578125
-0.00349426269531251 0.101516723632813 0.74664306640625 -0.00860595703124999
0.0751419067382813 0.0488815307617188 0.74017333984375 0.0244140625
0.0485610961914063 -0.0487823486328125 0.62982177734375 0.226806640625
-0.0279693603515625 -0.073272705078125 0.5521240234375 0.294677734375
-0.0437736511230469 -0.0333137512207031 0.3463134765625 0.172210693359375
-0.0453453063964844 -0.0432891845703125 0.113311767578125 0.00128173828125
-0.0504188537597656 -0.0519142150878906 -0.157501220703125 -0.174713134765625
-0.0119705200195312 -0.0711593627929688 -0.406585693359375 -0.29083251953125
0.0444107055664063 -0.0773773193359375 -0.6478271484375 -0.228759765625
0.0735015869140625 -0.0225296020507813 -0.81317138671875 -0.15570068359375
0.025543212890625 0.0786361694335938 -0.8287353515625 -0.2427978515625
-0.0489082336425781 0.0429153442382813 -0.57257080078125 -0.16973876953125
-0.0500373840332031 -0.0638961791992188 -0.158645629882813 -0.046905517578125
-0.0423507690429688 -0.0574836730957031 0.0649986267089844 -0.0442237854003906
-0.0508613586425781 0.0497245788574219 0.534332275390625 0.126068115234375
0.00185394287109375 0.0624160766601563 0.7496337890625 -0.0057373046875
0.0457954406738281 0.0350303649902344 0.7265625 0.03948974609375
0.0282325744628906 -0.0216140747070313 0.61224365234375 0.25592041015625
-0.0105438232421875 -0.0382804870605469 0.55108642578125 0.323486328125
-0.00999069213867187 -0.0128822326660156 0.357666015625 0.180328369140625
-0.0162982940673828 -0.0203495025634766 0.12310791015625 -0.0028839111328125
-0.0173397064208984 -0.0306167602539063 -0.146682739257813 -0.175201416015625
0.00814437866210937 -0.0376014709472656 -0.398284912109375 -0.279205322265625
0.0369415283203125 -0.0458793640136719 -0.64739990234375 -0.204345703125
0.0447425842285156 -0.0217514038085938 -0.81805419921875 -0.12469482421875
0.0244522094726563 0.0455589294433594 -0.83111572265625 -0.22320556640625
-0.0107460021972656 0.0292034149169922 -0.58056640625 -0.16400146484375
-0.0188541412353516 -0.028594970703125 -0.167068481445312 -0.06121826171875
-0.01727294921875 0.00197315216064453 0.0694084167480469 -0.0527420043945313
0.00508117675781249 0.0589523315429687 0.53619384765625 0.134796142578125
0.0203952789306641 0.0163555145263672 0.75262451171875 0.01214599609375
0.0127401351928711 0.00870990753173828 0.72332763671875 0.06695556640625
-0.00385689735412598 0.00399065017700195 0.60247802734375 0.27996826171875
0.00235629081726074 0.00237727165222168 0.54449462890625 0.339324951171875
0.0257339477539062 0.0113849639892578 0.356658935546875 0.18212890625
0.0137042999267578 0.00191974639892578 0.119758605957031 -0.0109939575195313
0.0178680419921875 -0.0101852416992188 -0.148483276367188 -0.177291870117188
0.0314216613769531 -0.00411605834960938 -0.400390625 -0.27020263671875
0.0297355651855469 -0.00939559936523438 -0.6522216796875 -0.1800537109375
0.0104284286499023 -0.0163326263427734 -0.815673828125 -0.0913085937499999
0.0145339965820313 0.00868320465087891 -0.83197021484375 -0.1949462890625
0.0280113220214844 0.00820732116699219 -0.58349609375 -0.15557861328125
0.0185489654541016 0.00855827331542969 -0.1700439453125 -0.0652618408203125
0.00692367553710937 0.0615882873535156 0.074615478515625 -0.0437240600585938
0.0601272583007813 0.0693168640136719 0.535247802734375 0.149017333984375
0.03692626953125 -0.0313072204589844 0.749755859375 0.04083251953125
-0.0231647491455078 -0.0183811187744141 0.729736328125 0.10162353515625
-0.0379791259765625 0.028228759765625 0.6036376953125 0.2967529296875
0.0127906799316406 0.0416755676269531 0.53900146484375 0.3397216796875
0.058380126953125 0.0319023132324219 0.3447265625 0.176910400390625
0.0433616638183594 0.0216407775878906 0.104393005371094 -0.0201568603515625
0.0512771606445312 0.00691986083984375 -0.163192749023437 -0.180389404296875
0.0520362854003906 0.0262870788574219 -0.4156494140625 -0.265655517578125
0.0204830169677734 0.0249042510986328 -0.658935546875 -0.16400146484375
-0.0265769958496094 -0.0122776031494141 -0.810546875 -0.06243896484375
0.00365066528320313 -0.0296497344970703 -0.8275146484375 -0.16546630859375
0.0663032531738281 -0.0153884887695313 -0.584716796875 -0.14599609375
0.054656982421875 0.0468368530273438 -0.163604736328125 -0.0602569580078125
0.0311203002929688 0.107254028320313 0.0816116333007812 -0.020416259765625
0.103805541992187 0.066131591796875 0.535064697265625 0.16387939453125
0.0393142700195313 -0.0743408203125 0.747314453125 0.0784912109375
-0.0592002868652344 -0.0349159240722656 0.746337890625 0.143798828125
-0.0654106140136719 0.0530433654785156 0.61328125 0.3057861328125
0.02374267578125 0.072601318359375 0.5294189453125 0.32696533203125
0.0834197998046875 0.0446929931640625 0.319305419921875 0.1649169921875
0.0654563903808594 0.0349922180175781 0.0784683227539063 -0.0303115844726562
0.0775527954101562 0.021087646484375 -0.187240600585938 -0.1844482421875
0.0648612976074219 0.0510826110839844 -0.436767578125 -0.265655517578125
0.00513458251953125 0.0537681579589844 -0.66888427734375 -0.155029296875
-0.0623741149902344 -0.0133323669433594 -0.8031005859375 -0.0417480468749999
-0.00195693969726562 -0.0687179565429688 -0.8177490234375 -0.13348388671875
0.102806091308594 -0.0314102172851562 -0.58184814453125 -0.1339111328125
0.0824661254882812 0.0836105346679687 -0.149993896484375 -0.04583740234375
0.0536117553710937 0.126884460449219 0.0911483764648438 0.0131149291992188
0.127212524414063 0.0474395751953125 0.532379150390625 0.1851806640625
0.0224609375 -0.1038818359375 0.7469482421875 0.1181640625
-0.08990478515625 -0.0348968505859375 0.7713623046875 0.17376708984375
-0.0780792236328125 0.0741119384765625 0.6243896484375 0.29833984375
0.0345840454101563 0.0872268676757813 0.51141357421875 0.30487060546875
0.0979995727539063 0.0472488403320313 0.28558349609375 0.150787353515625
0.077972412109375 0.0395584106445312 0.047271728515625 -0.0405120849609375
0.0913848876953125 0.0287551879882813 -0.218887329101563 -0.191650390625
0.0676345825195313 0.0697708129882813 -0.460052490234375 -0.27642822265625
-0.0147743225097656 0.069732666015625 -0.6739501953125 -0.162109375
-0.0937652587890625 -0.0237350463867188 -0.786376953125 -0.03070068359375
0.00124359130859376 -0.101676940917969 -0.80438232421875 -0.1080322265625
0.134376525878906 -0.0343399047851563 -0.57452392578125 -0.123046875
0.098480224609375 0.116424560546875 -0.133964538574219 -0.0224456787109375
-0.11053466796875 -0.122810363769531 0.08935546875 0.0366363525390625
-0.126358032226562 0.088775634765625 0.5374755859375 0.12469482421875
0.01959228515625 0.128005981445313 0.74871826171875 0.01214599609375
0.0982513427734375 0.0319137573242188 0.779296875 0.01727294921875
0.0375747680664063 -0.0902481079101562 0.65557861328125 0.16925048828125
-0.0654678344726562 -0.103950500488281 0.5260009765625 0.236785888671875
-0.0878067016601563 -0.0558242797851563 0.291259765625 0.151641845703125
-0.0805740356445313 -0.0745010375976562 0.062652587890625 -0.00116348266601563
-0.0896072387695312 -0.0848388671875 -0.21160888671875 -0.181915283203125
-0.029083251953125 -0.117996215820313 -0.451934814453125 -0.3231201171875
0.0618820190429687 -0.10614013671875 -0.6544189453125 -0.27386474609375
0.0984573364257813 -0.00131988525390625 -0.77874755859375 -0.1807861328125
-0.0066070556640625 0.113792419433594 -0.7996826171875 -0.2236328125
-0.106918334960938 0.0304718017578125 -0.560455322265625 -0.149078369140625
-0.0764389038085938 -0.115989685058594 -0.133613586425781 0.00656127929687499
-0.095428466796875 -0.122398376464844 0.0734634399414063 0.00666046142578124
-0.123031616210937 0.0708541870117188 0.5328369140625 0.117279052734375
0.0059661865234375 0.126350402832031 0.74273681640625 -0.00659179687499999
0.0953598022460938 0.0465621948242188 0.7564697265625 0.01507568359375
0.0497589111328125 -0.0742416381835937 0.64239501953125 0.19317626953125
-0.0492706298828125 -0.0950241088867188 0.54473876953125 0.261444091796875
-0.0713882446289063 -0.0476303100585938 0.3233642578125 0.159759521484375
-0.0681800842285156 -0.061309814453125 0.0923004150390625 0.001373291015625
-0.0768890380859375 -0.0705184936523438 -0.180633544921875 -0.173583984375
-0.0261459350585937 -0.0986862182617187 -0.426239013671875 -0.30267333984375
0.0524520874023438 -0.0996856689453125 -0.65277099609375 -0.2476806640625
0.0937118530273438 -0.0163345336914063 -0.797607421875 -0.16973876953125
0.0159149169921875 0.10382080078125 -0.81463623046875 -0.23809814453125
-0.08282470703125 0.0436019897460937 -0.564208984375 -0.16204833984375
-0.0716781616210937 -0.0947647094726563 -0.145904541015625 -0.024139404296875
-0.0716476440429687 -0.100799560546875 0.0644073486328125 -0.022552490234375
-0.0960845947265625 0.0544586181640625 0.53375244140625 0.11492919921875
-0.0018463134765625 0.100914001464844 0.7437744140625 -0.0186767578125
0.0755767822265625 0.0485687255859375 0.7359619140625 0.01715087890625
0.0474357604980469 -0.0499610900878906 0.6280517578125 0.2198486328125
-0.0287399291992187 -0.072540283203125 0.553924560546875 0.288970947265625
-0.0446510314941406 -0.0326881408691406 0.347381591796875 0.168304443359375
-0.0464744567871094 -0.0425376892089844 0.112861633300781 -0.000694274902343753
-0.0513916015625 -0.0503997802734375 -0.159027099609375 -0.17218017578125
-0.0131072998046875 -0.069915771484375 -0.4085693359375 -0.28582763671875
0.0428237915039063 -0.0776138305664063 -0.64886474609375 -0.22149658203125
0.0734100341796875 -0.0236587524414063 -0.81060791015625 -0.145263671875
0.0272979736328125 0.0775070190429688 -0.8267822265625 -0.2322998046875
-0.0479087829589844 0.0435905456542969 -0.572021484375 -0.16357421875
-0.0509567260742188 -0.0639228820800781 -0.158798217773438 -0.04656982421875
-0.04388427734375 -0.0566825866699219 0.0647048950195312 -0.0430374145507813
-0.0499725341796875 0.0498046875 0.534942626953125 0.119384765625
0.00395584106445313 0.0618629455566406 0.74688720703125 -0.0130615234375
0.0459938049316406 0.0345191955566406 0.72283935546875 0.032958984375
0.0278911590576172 -0.0217208862304687 0.61285400390625 0.24761962890625
-0.011138916015625 -0.0382881164550781 0.552581787109375 0.31561279296875
-0.010502815246582 -0.0123682022094727 0.358551025390625 0.175567626953125
-0.0162067413330078 -0.0207195281982422 0.122406005859375 -0.00563812255859375
-0.0183639526367188 -0.0304126739501953 -0.14776611328125 -0.17279052734375
0.00806045532226563 -0.0371055603027344 -0.39837646484375 -0.274261474609375
0.035186767578125 -0.0456428527832031 -0.6468505859375 -0.19561767578125
0.0444602966308594 -0.0220222473144531 -0.8138427734375 -0.1158447265625
0.0258522033691406 0.0448379516601563 -0.83062744140625 -0.21356201171875
-0.00917816162109375 0.0295734405517578 -0.5782470703125 -0.156982421875
-0.0193824768066406 -0.0282688140869141 -0.167755126953125 -0.058441162109375
-0.0186862945556641 0.00220680236816407 0.0687065124511719 -0.0523109436035156
0.00457000732421875 0.0584831237792969 0.536102294921875 0.129302978515625
0.0199699401855469 0.0159664154052734 0.74688720703125 0.00372314453125
0.0134906768798828 0.00924301147460938 0.7197265625 0.058837890625
-0.0031287670135498 0.00393533706665039 0.60406494140625 0.27337646484375
0.00235295295715332 0.00292897224426269 0.548065185546875 0.33062744140625
0.0253696441650391 0.0103855133056641 0.35791015625 0.17791748046875
0.014312744140625 0.00179576873779297 0.119140625 -0.0119705200195313
0.0183906555175781 -0.0103874206542969 -0.15069580078125 -0.174880981445312
0.0314121246337891 -0.00432205200195313 -0.40142822265625 -0.265228271484375
0.0286331176757812 -0.0106754302978516 -0.64947509765625 -0.1715087890625
0.0101747512817383 -0.0171566009521484 -0.81201171875 -0.0828247070312501
0.0147819519042969 0.00886249542236328 -0.8292236328125 -0.18402099609375
0.0283775329589844 0.00737380981445313 -0.58380126953125 -0.1485595703125
0.0179767608642578 0.00811576843261719 -0.170455932617188 -0.0639495849609375
0.00660324096679688 0.0616264343261719 0.074554443359375 -0.0446624755859375
0.0604400634765625 0.0671577453613281 0.535888671875 0.141754150390625
0.0367698669433594 -0.0317420959472656 0.74468994140625 0.0318603515625
-0.0229816436767578 -0.0173263549804688 0.726806640625 0.0936279296875
-0.0378799438476562 0.0285835266113281 0.6036376953125 0.28814697265625
0.0133094787597656 0.04205322265625 0.540679931640625 0.333587646484375
0.0580940246582031 0.03106689453125 0.34423828125 0.171783447265625
0.043426513671875 0.0203971862792969 0.103691101074219 -0.0213699340820313
0.0517044067382812 0.00648880004882812 -0.164215087890625 -0.177978515625
0.0520286560058594 0.0253372192382812 -0.414093017578125 -0.26025390625
0.02056884765625 0.024444580078125 -0.6561279296875 -0.1541748046875
-0.0271110534667969 -0.0116558074951172 -0.80804443359375 -0.05340576171875
0.00278282165527344 -0.0292320251464844 -0.82501220703125 -0.15380859375
0.065582275390625 -0.0158309936523438 -0.5838623046875 -0.1380615234375
0.0552253723144531 0.0456008911132813 -0.164199829101563 -0.058746337890625
0.0317840576171875 0.106315612792969 0.0813751220703125 -0.0205917358398437
0.104301452636719 0.06390380859375 0.532928466796875 0.1590576171875
0.0384597778320313 -0.0743408203125 0.74371337890625 0.07061767578125
-0.0597724914550781 -0.0331764221191406 0.7445068359375 0.13494873046875
-0.0642929077148438 0.0538711547851562 0.61260986328125 0.296142578125
0.0240554809570312 0.07147216796875 0.5301513671875 0.320281982421875
0.083740234375 0.0427093505859375 0.31939697265625 0.16033935546875
0.0659523010253906 0.0340194702148438 0.077880859375 -0.0311355590820313
0.076751708984375 0.0192718505859375 -0.188674926757813 -0.181610107421875
0.0650787353515625 0.0502128601074219 -0.436737060546875 -0.260223388671875
0.0054931640625 0.0530204772949219 -0.66729736328125 -0.146728515625
-0.0634117126464844 -0.0121955871582031 -0.7972412109375 -0.0317382812500001
-0.00299453735351563 -0.0677337646484375 -0.81536865234375 -0.12457275390625
0.102561950683594 -0.0331573486328125 -0.58099365234375 -0.12811279296875
0.0837173461914062 0.0818939208984375 -0.150619506835937 -0.044586181640625
0.0545425415039062 0.125770568847656 0.092193603515625 0.0132675170898438
0.127006530761719 0.0449905395507813 0.53326416015625 0.176422119140625
0.0201034545898437 -0.1033935546875 0.74346923828125 0.111572265625
-0.0901947021484375 -0.0330352783203125 0.76873779296875 0.1678466796875
-0.0768051147460938 0.0758895874023437 0.62481689453125 0.29217529296875
0.0356063842773438 0.0860214233398438 0.51324462890625 0.29803466796875
0.0987091064453125 0.0452117919921875 0.286895751953125 0.147430419921875
0.078948974609375 0.038177490234375 0.0462608337402344 -0.041229248046875
0.0918045043945313 0.0275802612304688 -0.220428466796875 -0.188644409179688
0.0687637329101563 0.0682525634765625 -0.461700439453125 -0.269561767578125
-0.0140838623046875 0.0697288513183594 -0.67230224609375 -0.1544189453125
-0.0945816040039062 -0.0217742919921875 -0.78326416015625 -0.0216674804687501
-0.000495910644531256 -0.1007080078125 -0.80194091796875 -0.09783935546875
0.133575439453125 -0.036773681640625 -0.5751953125 -0.1163330078125
0.0999374389648438 0.114471435546875 -0.133277893066406 -0.021087646484375
-0.112632751464844 -0.120918273925781 0.0898284912109375 0.0367431640625
-0.123794555664063 0.0896148681640625 0.537078857421875 0.119049072265625
0.0213851928710937 0.126556396484375 0.7451171875 0.00701904296875001
0.0983505249023438 0.0309295654296875 0.77484130859375 0.01068115234375
0.0361557006835937 -0.0902862548828125 0.65264892578125 0.1632080078125
-0.06658935546875 -0.101982116699219 0.525390625 0.23114013671875
-0.087799072265625 -0.0537872314453125 0.29168701171875 0.14813232421875
-0.081085205078125 -0.0731658935546875 0.0622062683105469 -0.0010223388671875
-0.0906143188476563 -0.0824203491210937 -0.212493896484375 -0.178634643554688
-0.0307159423828125 -0.116561889648438 -0.451812744140625 -0.316802978515625
0.0606842041015625 -0.107269287109375 -0.6524658203125 -0.26611328125
0.098297119140625 -0.00292205810546875 -0.7750244140625 -0.17303466796875
-0.0048828125 0.114143371582031 -0.79754638671875 -0.2159423828125
-0.105514526367188 0.0319442749023437 -0.557708740234375 -0.1439208984375
-0.0779647827148438 -0.11492919921875 -0.132217407226563 0.00656127929687497
-0.0974884033203125 -0.121185302734375 0.07257080078125 0.00682067871093749
-0.122238159179688 0.0718307495117187 0.531341552734375 0.111358642578125
0.0073394775390625 0.12451171875 0.73931884765625 -0.01263427734375
0.0961990356445313 0.0446929931640625 0.7508544921875 0.00775146484375
0.0486602783203125 -0.0753936767578125 0.64154052734375 0.1854248046875
-0.0506820678710938 -0.093994140625 0.54388427734375 0.25482177734375
-0.0721511840820313 -0.0472183227539063 0.32293701171875 0.156097412109375
-0.0687675476074219 -0.0602188110351563 0.0909347534179688 0.000915527343749996
-0.0781784057617188 -0.06787109375 -0.181808471679688 -0.172027587890625
-0.0275192260742188 -0.0977706909179688 -0.427703857421875 -0.296112060546875
0.0510482788085938 -0.0999755859375 -0.6513671875 -0.2408447265625
0.093170166015625 -0.0166168212890625 -0.79510498046875 -0.16180419921875
0.0175628662109375 0.103630065917969 -0.8131103515625 -0.22955322265625
-0.0814971923828125 0.0446548461914062 -0.56396484375 -0.15545654296875
-0.0724411010742188 -0.0938720703125 -0.145339965820313 -0.024017333984375
-0.0734481811523437 -0.0994873046875 0.0644912719726563 -0.0215072631835938
-0.0952606201171875 0.0546035766601562 0.532958984375 0.110015869140625
-0.000686645507812502 0.100608825683594 0.73797607421875 -0.0257568359375
0.0762252807617188 0.0472488403320313 0.730712890625 0.01007080078125
0.0458869934082031 -0.0499725341796875 0.62664794921875 0.21405029296875
-0.0305404663085938 -0.0719146728515625 0.552703857421875 0.28192138671875
-0.0442314147949219 -0.0318183898925781 0.347015380859375 0.16412353515625
-0.0470657348632813 -0.0413017272949219 0.111289978027344 -0.0021514892578125
-0.0523109436035156 -0.0489692687988281 -0.159271240234375 -0.16925048828125
-0.0139389038085937 -0.0688438415527344 -0.4071044921875 -0.28057861328125
0.0402450561523438 -0.0778274536132813 -0.64691162109375 -0.21295166015625
0.0720977783203125 -0.02459716796875 -0.80670166015625 -0.1373291015625
0.0282974243164062 0.0772781372070313 -0.82354736328125 -0.22314453125
-0.0468254089355469 0.043853759765625 -0.569580078125 -0.1583251953125
-0.0521316528320313 -0.0626716613769531 -0.158859252929688 -0.045196533203125
-0.0460357666015625 -0.0558967590332031 0.0639076232910156 -0.0438652038574219
-0.0493850708007813 0.0500335693359375 0.532318115234375 0.1138916015625
0.005096435546875 0.0616531372070313 0.73968505859375 -0.019775390625
0.0473709106445313 0.0335311889648438 0.71728515625 0.0262451171875
0.0271511077880859 -0.0225410461425781 0.60986328125 0.240966796875
-0.0123252868652344 -0.0378646850585938 0.5531005859375 0.310028076171875
-0.010772705078125 -0.0121126174926758 0.359405517578125 0.171905517578125
-0.0168285369873047 -0.0200710296630859 0.12115478515625 -0.0061492919921875
-0.0188865661621094 -0.029693603515625 -0.148880004882813 -0.171539306640625
0.00724411010742187 -0.0366897583007813 -0.397491455078125 -0.269989013671875
0.034027099609375 -0.0460662841796875 -0.6446533203125 -0.18841552734375
0.0438461303710938 -0.0228309631347656 -0.80975341796875 -0.10699462890625
0.0255775451660156 0.0447731018066406 -0.8282470703125 -0.20135498046875
-0.00863075256347656 0.0291213989257813 -0.57647705078125 -0.15350341796875
-0.0197963714599609 -0.0287322998046875 -0.16864013671875 -0.0590667724609375
-0.0183696746826172 0.00271415710449219 0.06787109375 -0.0513076782226563
0.00586700439453125 0.0578346252441406 0.53497314453125 0.124786376953125
0.0211334228515625 0.0152740478515625 0.74420166015625 -0.0029296875
0.0133819580078125 0.00880622863769531 0.71588134765625 0.05267333984375
-0.00294661521911621 0.00363516807556152 0.6009521484375 0.26593017578125
0.00255298614501953 0.00274109840393066 0.547760009765625 0.324127197265625
0.0257854461669922 0.00944328308105469 0.357940673828125 0.17340087890625
0.0139570236206055 0.0021820068359375 0.117820739746094 -0.013031005859375
0.0171070098876953 -0.0104866027832031 -0.151382446289063 -0.1722412109375
0.031219482421875 -0.00428390502929688 -0.399688720703125 -0.260040283203125
0.0280971527099609 -0.0101280212402344 -0.64788818359375 -0.1646728515625
0.00968360900878906 -0.0158786773681641 -0.8079833984375 -0.07403564453125
0.0153064727783203 0.00850963592529297 -0.8265380859375 -0.17559814453125
0.0295295715332031 0.00675773620605469 -0.5811767578125 -0.142578125
0.0176734924316406 0.00801277160644531 -0.171173095703125 -0.06231689453125
0.00786590576171875 0.061614990234375 0.0728378295898437 -0.0430908203125
0.0608901977539063 0.0661163330078125 0.534393310546875 0.1361083984375
0.0357704162597656 -0.0319252014160156 0.7401123046875 0.0257568359375
-0.0231399536132813 -0.0161075592041016 0.72247314453125 0.0885009765625
-0.0372810363769531 0.0298500061035156 0.6029052734375 0.28082275390625
0.0135345458984375 0.040985107421875 0.54217529296875 0.326507568359375
0.0592308044433594 0.0290260314941406 0.345428466796875 0.167144775390625
0.0430564880371094 0.019989013671875 0.10296630859375 -0.0224838256835938
0.0506706237792969 0.00536346435546875 -0.164932250976563 -0.175521850585937
0.0528450012207031 0.0253982543945313 -0.41351318359375 -0.255096435546875
0.0201416015625 0.0245819091796875 -0.65557861328125 -0.14794921875
-0.0268344879150391 -0.0108375549316406 -0.80352783203125 -0.04388427734375
0.00364112854003906 -0.0294284820556641 -0.82208251953125 -0.14447021484375
0.0653228759765625 -0.0171585083007813 -0.58123779296875 -0.13311767578125
0.0541458129882813 0.0438575744628906 -0.164260864257813 -0.0578460693359375
0.032958984375 0.105514526367187 0.0800704956054688 -0.0201644897460937
0.104690551757813 0.0616302490234375 0.532928466796875 0.15264892578125
0.036285400390625 -0.0750045776367188 0.7392578125 0.0633544921875
-0.0594215393066406 -0.032470703125 0.7398681640625 0.12738037109375
-0.06341552734375 0.0553855895996094 0.61151123046875 0.2879638671875
0.0257034301757813 0.071075439453125 0.530853271484375 0.314422607421875
0.0844879150390625 0.0411758422851563 0.32000732421875 0.156280517578125
0.0664024353027344 0.0322914123535156 0.0765304565429688 -0.0320663452148438
0.0771636962890625 0.0179443359375 -0.190032958984375 -0.17840576171875
0.0663337707519531 0.0499000549316406 -0.436187744140625 -0.2562255859375
0.00640869140625001 0.0531234741210938 -0.66436767578125 -0.1397705078125
-0.0632743835449219 -0.01129150390625 -0.79351806640625 -0.0238037109374998
-0.0042724609375 -0.0682144165039063 -0.8109130859375 -0.11529541015625
0.101760864257813 -0.0345230102539063 -0.58026123046875 -0.12225341796875
0.0845870971679688 0.0809249877929688 -0.150466918945313 -0.04388427734375
0.0560226440429688 0.124824523925781 0.0915298461914062 0.0129547119140625
0.127273559570313 0.0425872802734375 0.531280517578125 0.171783447265625
0.0187911987304688 -0.103164672851563 0.73944091796875 0.10382080078125
-0.0898895263671875 -0.0316619873046875 0.76678466796875 0.15850830078125
-0.0753097534179688 0.07672119140625 0.62420654296875 0.28265380859375
0.0367507934570313 0.0846328735351563 0.51275634765625 0.292694091796875
0.0986099243164063 0.0428237915039063 0.28704833984375 0.14312744140625
0.07904052734375 0.037628173828125 0.044921875 -0.0409317016601563
0.0916290283203125 0.0256805419921875 -0.220703125 -0.185028076171875
0.0694160461425781 0.0673332214355469 -0.4610595703125 -0.26422119140625
-0.0124740600585938 0.0699806213378906 -0.6700439453125 -0.1466064453125
-0.093994140625 -0.020782470703125 -0.779052734375 -0.0130615234374998
-0.000877380371093743 -0.100746154785156 -0.79730224609375 -0.0904541015625002
0.133033752441406 -0.0388565063476563 -0.57257080078125 -0.1094970703125
0.100448608398438 0.112709045410156 -0.133560180664063 -0.0208663940429688
-0.11376953125 -0.118385314941406 0.0893783569335937 0.0367584228515625
-0.122756958007813 0.0906906127929688 0.533905029296875 0.11260986328125
0.023529052734375 0.1258544921875 0.73974609375 0.000976562500000008
0.0988311767578125 0.0297088623046875 0.76861572265625 0.00469970703125
0.0345458984375 -0.0907211303710938 0.64892578125 0.1556396484375
-0.0682601928710938 -0.100662231445313 0.525238037109375 0.226287841796875
-0.0882110595703125 -0.0532150268554687 0.291107177734375 0.1458740234375
-0.08148193359375 -0.0716552734375 0.0611038208007812 -0.00136947631835938
-0.0917205810546875 -0.0804977416992188 -0.213165283203125 -0.175811767578125
-0.0319061279296875 -0.115585327148438 -0.451019287109375 -0.3116455078125
0.0583953857421875 -0.106719970703125 -0.65032958984375 -0.25933837890625
0.0977325439453125 -0.00341796875 -0.77301025390625 -0.1650390625
-0.00321197509765626 0.113975524902344 -0.7950439453125 -0.2060546875
-0.104988098144531 0.03265380859375 -0.55584716796875 -0.13885498046875
-0.0792922973632812 -0.113861083984375 -0.131668090820312 0.00711059570312501
-0.100318908691406 -0.118759155273438 0.0729751586914063 0.00774383544921874
-0.120429992675781 0.0725860595703125 0.5296630859375 0.105194091796875
0.00936126708984376 0.124725341796875 0.734619140625 -0.01885986328125
0.0963211059570313 0.0438003540039063 0.74566650390625 0.00384521484375
0.047576904296875 -0.0751876831054688 0.63873291015625 0.18023681640625
-0.0510711669921875 -0.0923080444335938 0.543792724609375 0.24884033203125
-0.0718612670898437 -0.04559326171875 0.322296142578125 0.151947021484375
-0.0692100524902344 -0.059295654296875 0.09027099609375 0.000518798828124996
-0.0785293579101563 -0.0657424926757813 -0.18182373046875 -0.1688232421875
-0.0287628173828125 -0.096221923828125 -0.42694091796875 -0.2923583984375
0.049041748046875 -0.100486755371094 -0.6475830078125 -0.2349853515625
0.0929031372070313 -0.0181808471679688 -0.79302978515625 -0.154296875
0.0189743041992188 0.102584838867188 -0.80859375 -0.2191162109375
-0.0804977416992188 0.0457077026367188 -0.5614013671875 -0.15179443359375
-0.0734939575195312 -0.0918731689453125 -0.145767211914063 -0.0224456787109375
-0.0749130249023438 -0.0978012084960937 0.0637588500976562 -0.020599365234375
-0.0943527221679688 0.0554428100585937 0.52996826171875 0.1048583984375
0.000839233398437497 0.0998764038085938 0.7310791015625 -0.02874755859375
0.0767364501953125 0.0468368530273438 0.72662353515625 0.00482177734375
0.04583740234375 -0.05029296875 0.62432861328125 0.20758056640625
-0.031585693359375 -0.0712661743164063 0.552154541015625 0.2763671875
-0.0455131530761719 -0.03155517578125 0.347503662109375 0.1607666015625
-0.046234130859375 -0.0404891967773437 0.110450744628906 -0.0018463134765625
-0.0525398254394531 -0.0473709106445312 -0.159744262695313 -0.167221069335938
-0.0146636962890625 -0.0681991577148438 -0.407012939453125 -0.27703857421875
0.0390396118164063 -0.0783615112304688 -0.64447021484375 -0.2066650390625
0.0725326538085938 -0.0248794555664062 -0.8033447265625 -0.1282958984375
0.0290145874023438 0.0770111083984375 -0.8194580078125 -0.21380615234375
-0.0464248657226562 0.0439529418945313 -0.5682373046875 -0.15191650390625
-0.0525093078613281 -0.0619964599609375 -0.159255981445313 -0.0444183349609375
-0.0475578308105469 -0.0549125671386719 0.0629653930664063 -0.0425224304199219
-0.0490379333496094 0.0500602722167969 0.529998779296875 0.109954833984375
0.0046539306640625 0.0613594055175781 0.7335205078125 -0.02490234375
0.0474166870117188 0.0342254638671875 0.713623046875 0.0211181640625
0.0275840759277344 -0.0232582092285156 0.60784912109375 0.23480224609375
-0.0119247436523438 -0.0373573303222656 0.554290771484375 0.30218505859375
-0.0106096267700195 -0.0120668411254883 0.359710693359375 0.16802978515625
-0.0176219940185547 -0.0196704864501953 0.119842529296875 -0.007293701171875
-0.0191249847412109 -0.0287017822265625 -0.149307250976562 -0.168838500976563
0.0067901611328125 -0.0367240905761719 -0.3963623046875 -0.264068603515625
0.0329055786132813 -0.0464134216308594 -0.64178466796875 -0.18292236328125
0.0435333251953125 -0.0231399536132813 -0.80511474609375 -0.0995483398437499
0.0266189575195313 0.0439262390136719 -0.823486328125 -0.193115234375
-0.00795936584472656 0.0285968780517578 -0.5745849609375 -0.1478271484375
-0.0211677551269531 -0.0287494659423828 -0.168701171875 -0.0571441650390625
-0.0190105438232422 0.0028076171875 0.0665283203125 -0.0514717102050781
0.0060577392578125 0.0566024780273438 0.532623291015625 0.118560791015625
0.0203895568847656 0.0151004791259766 0.73724365234375 -0.006103515625
0.0137901306152344 0.00848388671875 0.71063232421875 0.046875
-0.00290703773498535 0.00360321998596191 0.5999755859375 0.26025390625
0.00143599510192871 0.0023646354675293 0.54815673828125 0.318817138671875
0.0262947082519531 0.00921249389648437 0.358154296875 0.169952392578125
0.0131864547729492 0.00227069854736328 0.116485595703125 -0.0147476196289063
0.0169887542724609 -0.00980854034423828 -0.151260375976563 -0.170913696289062
0.0312309265136719 -0.00526809692382813 -0.399261474609375 -0.2554931640625
0.028167724609375 -0.0103130340576172 -0.64422607421875 -0.15875244140625
0.0102443695068359 -0.0163068771362305 -0.80316162109375 -0.0673217773437501
0.0152435302734375 0.00911235809326172 -0.8214111328125 -0.16448974609375
0.0288372039794922 0.00583267211914063 -0.578369140625 -0.13818359375
0.0167827606201172 0.00700569152832031 -0.170928955078125 -0.0621490478515625
0.0074310302734375 0.0617179870605469 0.0727462768554688 -0.042694091796875
0.0609207153320313 0.0640716552734375 0.5321044921875 0.131134033203125
0.0358619689941406 -0.0329170227050781 0.73583984375 0.0196533203125
-0.0228958129882813 -0.0166168212890625 0.71795654296875 0.0814208984375
-0.035980224609375 0.0294036865234375 0.601318359375 0.27642822265625
0.0140724182128906 0.0402755737304688 0.541717529296875 0.320709228515625
0.0587882995605469 0.0277748107910156 0.34521484375 0.162139892578125
0.0436248779296875 0.0195579528808594 0.101699829101563 -0.0234603881835938
0.0508651733398438 0.0055999755859375 -0.1661376953125 -0.173736572265625
0.0532760620117188 0.0246200561523438 -0.41204833984375 -0.250823974609375
0.0207004547119141 0.0247726440429688 -0.65228271484375 -0.14111328125
-0.0262088775634766 -0.0100307464599609 -0.797119140625 -0.0370483398437501
0.00280570983886718 -0.0292491912841797 -0.816650390625 -0.1368408203125
0.0658836364746094 -0.0176010131835938 -0.57952880859375 -0.12811279296875
0.0548973083496094 0.0432205200195313 -0.164321899414063 -0.056915283203125
0.0341644287109375 0.10528564453125 0.0802154541015625 -0.0198211669921875
0.104827880859375 0.0602569580078125 0.53179931640625 0.1480712890625
0.0359268188476563 -0.0743408203125 0.73504638671875 0.05633544921875
-0.0592155456542969 -0.030792236328125 0.73565673828125 0.12188720703125
-0.0626564025878906 0.055328369140625 0.609375 0.28192138671875
0.0259513854980469 0.070159912109375 0.530242919921875 0.308074951171875
0.0849761962890625 0.0399169921875 0.320587158203125 0.15313720703125
0.066558837890625 0.0318145751953125 0.0761947631835938 -0.0324478149414063
0.0769805908203125 0.0176925659179688 -0.18939208984375 -0.176498413085938
0.0672531127929688 0.0487251281738281 -0.435211181640625 -0.25140380859375
0.00622177124023438 0.0526924133300781 -0.661376953125 -0.13348388671875
-0.0629730224609375 -0.00966644287109375 -0.787109375 -0.0173339843749998
-0.00513458251953126 -0.066986083984375 -0.806396484375 -0.10723876953125
0.101356506347656 -0.03594970703125 -0.5771484375 -0.11529541015625
0.0843887329101563 0.0793609619140625 -0.150650024414063 -0.04278564453125
0.0574111938476563 0.123939514160156 0.0919036865234375 0.0124282836914063
0.127410888671875 0.0408935546875 0.53009033203125 0.1656494140625
0.0173721313476562 -0.103591918945313 0.735595703125 0.09881591796875
-0.0897064208984375 -0.030548095703125 0.76068115234375 0.15179443359375
-0.074127197265625 0.0770950317382812 0.62139892578125 0.27569580078125
0.0372314453125 0.08343505859375 0.512725830078125 0.286834716796875
0.099151611328125 0.0411911010742188 0.287017822265625 0.14013671875
0.0792999267578125 0.03643798828125 0.0446510314941406 -0.0406303405761719
0.0914077758789063 0.0237045288085937 -0.220489501953125 -0.182235717773437
0.0705795288085938 0.065643310546875 -0.459503173828125 -0.259033203125
-0.0126724243164063 0.0694427490234375 -0.66552734375 -0.1419677734375
-0.0940399169921875 -0.0183639526367188 -0.77276611328125 -0.00732421875000015
-0.0029449462890625 -0.0998077392578125 -0.79364013671875 -0.0824584960937499
0.1319580078125 -0.0405807495117187 -0.572021484375 -0.10650634765625
0.101150512695313 0.111129760742188 -0.133087158203125 -0.0207290649414062
-0.116218566894531 -0.116447448730469 0.0905075073242187 0.0369033813476562
-0.121292114257812 0.0906829833984375 0.531494140625 0.10931396484375
0.0239715576171875 0.124931335449219 0.73486328125 -0.00433349609374999
0.0989837646484375 0.0290298461914063 0.7637939453125 -0.000915527343749998
0.0337066650390625 -0.0899581909179688 0.64678955078125 0.15191650390625
-0.0686187744140625 -0.0999298095703125 0.52447509765625 0.219696044921875
-0.0887680053710938 -0.0515060424804688 0.2900390625 0.142181396484375
-0.08245849609375 -0.071136474609375 0.0605354309082031 -0.001495361328125
-0.09246826171875 -0.0789794921875 -0.2135009765625 -0.172714233398438
-0.0332489013671875 -0.114341735839844 -0.451019287109375 -0.305328369140625
0.0569534301757813 -0.106773376464844 -0.64788818359375 -0.25360107421875
0.0981216430664063 -0.0044403076171875 -0.7667236328125 -0.15899658203125
-0.00201416015624999 0.113739013671875 -0.79034423828125 -0.19964599609375
-0.103561401367188 0.032958984375 -0.553741455078125 -0.135284423828125
-0.0805587768554687 -0.112373352050781 -0.131370544433594 0.00683593750000001
-0.101051330566406 -0.117294311523438 0.0733261108398438 0.00791931152343749
-0.118614196777344 0.0731658935546875 0.5274658203125 0.102203369140625
0.011016845703125 0.123298645019531 0.7274169921875 -0.02337646484375
0.0967025756835938 0.0424346923828125 0.7403564453125 -0.00128173828125
0.0463714599609375 -0.0757522583007813 0.63543701171875 0.1744384765625
-0.0523834228515625 -0.0923385620117188 0.540924072265625 0.245880126953125
-0.0723114013671875 -0.0440444946289063 0.322265625 0.14971923828125
-0.07037353515625 -0.0580902099609375 0.089508056640625 -0.000358581542968754
-0.0792236328125 -0.0644683837890625 -0.182022094726563 -0.166702270507813
-0.0296173095703125 -0.0953598022460938 -0.424591064453125 -0.287750244140625
0.0475006103515625 -0.0997467041015625 -0.64599609375 -0.22784423828125
0.0917739868164062 -0.0189895629882812 -0.78643798828125 -0.147216796875
0.0201187133789063 0.101943969726563 -0.805419921875 -0.21417236328125
-0.0790328979492188 0.0464401245117188 -0.5582275390625 -0.146942138671875
-0.0742721557617188 -0.0918960571289062 -0.144943237304688 -0.022308349609375
-0.0766067504882813 -0.0956497192382813 0.0634117126464844 -0.0204315185546875
-0.0937118530273437 0.0560760498046875 0.52740478515625 0.101043701171875
0.00206756591796874 0.0997314453125 0.7261962890625 -0.03369140625
0.0772933959960938 0.0458908081054688 0.71942138671875 0.00140380859375
0.0443649291992188 -0.0501327514648438 0.62139892578125 0.2022705078125
-0.0318145751953125 -0.0703506469726563 0.55120849609375 0.2720947265625
-0.0455474853515625 -0.0302619934082031 0.34649658203125 0.156646728515625
-0.0473899841308594 -0.0399703979492188 0.109283447265625 -0.00274658203125
-0.0528221130371094 -0.0464248657226563 -0.159759521484375 -0.16552734375
-0.0153388977050781 -0.0670394897460937 -0.404998779296875 -0.271636962890625
0.0384750366210937 -0.0788040161132813 -0.64105224609375 -0.2017822265625
0.0717086791992188 -0.02545166015625 -0.79736328125 -0.12384033203125
0.0300979614257813 0.0761184692382813 -0.81585693359375 -0.20770263671875
-0.0446891784667969 0.0439262390136719 -0.564208984375 -0.14862060546875
-0.0533599853515625 -0.0618362426757813 -0.15875244140625 -0.0440521240234375
-0.047393798828125 -0.0535049438476563 0.0624961853027344 -0.0418205261230469
-0.0486831665039062 0.0498466491699219 0.528350830078125 0.105712890625
0.00625610351562501 0.0606498718261719 0.7298583984375 -0.030029296875
0.0480194091796875 0.0333366394042969 0.70709228515625 0.0167236328125
0.0266685485839844 -0.0231056213378906 0.60614013671875 0.23046875
-0.0136795043945313 -0.0373039245605469 0.551422119140625 0.2979736328125
-0.0105123519897461 -0.0121164321899414 0.358001708984375 0.163116455078125
-0.0175914764404297 -0.0187892913818359 0.119178771972656 -0.0083770751953125
-0.0196456909179687 -0.0276374816894531 -0.149368286132813 -0.16644287109375
0.006011962890625 -0.0358848571777344 -0.395233154296875 -0.261383056640625
0.031707763671875 -0.0454788208007813 -0.63848876953125 -0.17755126953125
0.0429534912109375 -0.0237503051757812 -0.7996826171875 -0.0921630859374999
0.0271492004394531 0.0441818237304687 -0.819580078125 -0.187744140625
-0.00735282897949219 0.0283946990966797 -0.57257080078125 -0.14361572265625
-0.0212955474853516 -0.0284652709960938 -0.168136596679688 -0.0564117431640625
-0.0197086334228516 0.00389480590820312 0.0658454895019531 -0.0502243041992188
0.00680160522460937 0.0566024780273438 0.530059814453125 0.1138916015625
0.0204944610595703 0.0145168304443359 0.7320556640625 -0.01263427734375
0.0141201019287109 0.00867080688476563 0.70556640625 0.04241943359375
-0.00348734855651855 0.00370311737060547 0.59649658203125 0.25457763671875
0.00140237808227539 0.00137960910797119 0.54864501953125 0.313812255859375
0.0252151489257812 0.00919723510742187 0.3575439453125 0.16485595703125
0.0143527984619141 0.00172805786132813 0.116180419921875 -0.015167236328125
0.0160160064697266 -0.00992298126220703 -0.15191650390625 -0.168914794921875
0.0307731628417969 -0.00528144836425781 -0.39837646484375 -0.252716064453125
0.0271568298339844 -0.0108680725097656 -0.64068603515625 -0.153076171875
0.0094900131225586 -0.0166788101196289 -0.7982177734375 -0.0604858398437498
0.0154256820678711 0.00913524627685547 -0.8173828125 -0.15960693359375
0.0288467407226563 0.00596046447753906 -0.5762939453125 -0.133056640625
0.016596794128418 0.00604248046875 -0.17156982421875 -0.0603790283203125
0.00761032104492187 0.0611686706542969 0.0714187622070313 -0.0425033569335937
0.0614662170410156 0.0635108947753906 0.530517578125 0.12652587890625
0.0343208312988281 -0.0326557159423828 0.73095703125 0.01556396484375
-0.0218143463134766 -0.0157623291015625 0.71417236328125 0.076904296875
-0.0359344482421875 0.0303840637207031 0.598388671875 0.2694091796875
0.0140228271484375 0.039825439453125 0.541473388671875 0.314666748046875
0.0592803955078125 0.0274009704589844 0.34527587890625 0.158935546875
0.0433807373046875 0.0191001892089844 0.100204467773438 -0.02423095703125
0.0499229431152344 0.00502395629882813 -0.164703369140625 -0.17132568359375
0.0531845092773438 0.02392578125 -0.411041259765625 -0.248046875
0.0200614929199219 0.0239810943603516 -0.64788818359375 -0.13720703125
-0.0269813537597656 -0.00957298278808594 -0.79290771484375 -0.0324096679687501
0.0025634765625 -0.0284557342529297 -0.81268310546875 -0.13177490234375
0.0648117065429687 -0.0188064575195312 -0.5772705078125 -0.12396240234375
0.0549354553222656 0.0429458618164063 -0.16473388671875 -0.0560150146484375
0.0343551635742187 0.104606628417969 0.0803756713867187 -0.0199050903320312
0.105148315429688 0.0588836669921875 0.528900146484375 0.1434326171875
0.0339889526367188 -0.0749664306640625 0.7294921875 0.052978515625
-0.0599746704101563 -0.0303764343261719 0.73089599609375 0.11627197265625
-0.0613136291503906 0.0558929443359375 0.607666015625 0.2772216796875
0.0264549255371094 0.068939208984375 0.529571533203125 0.302978515625
0.08514404296875 0.038177490234375 0.31951904296875 0.148712158203125
0.0667800903320313 0.0311660766601562 0.0751495361328125 -0.0331954956054688
0.076202392578125 0.0165252685546875 -0.189834594726562 -0.174728393554688
0.0674629211425781 0.0482864379882813 -0.43316650390625 -0.247833251953125
0.00801849365234375 0.0524673461914062 -0.657958984375 -0.12908935546875
-0.0626792907714844 -0.00886154174804688 -0.78192138671875 -0.0125732421875002
-0.00526809692382812 -0.0667037963867188 -0.801513671875 -0.10223388671875
0.0997467041015625 -0.0373687744140625 -0.57452392578125 -0.1121826171875
0.0847091674804688 0.078399658203125 -0.1505126953125 -0.0418853759765625
0.0574569702148438 0.123085021972656 0.0916366577148438 0.0124053955078125
0.126846313476563 0.038970947265625 0.52923583984375 0.161285400390625
0.0158615112304687 -0.102333068847656 0.73077392578125 0.0926513671875
-0.0896759033203125 -0.0285797119140625 0.756591796875 0.14739990234375
-0.07281494140625 0.077880859375 0.61932373046875 0.2711181640625
0.0385208129882812 0.08306884765625 0.5115966796875 0.281402587890625
0.0990524291992188 0.0396575927734375 0.28704833984375 0.136199951171875
0.0799789428710938 0.035125732421875 0.0433464050292969 -0.0406265258789063
0.0904388427734375 0.0230712890625 -0.221023559570313 -0.180343627929687
0.070556640625 0.0645828247070313 -0.45709228515625 -0.2562255859375
-0.0119514465332031 0.0697479248046875 -0.66278076171875 -0.13623046875
-0.0940017700195313 -0.0175933837890625 -0.7664794921875 -0.00274658203124993
-0.00273895263671876 -0.0990066528320313 -0.7874755859375 -0.0768432617187499
0.130592346191406 -0.0430526733398438 -0.56884765625 -0.1007080078125
0.102340698242188 0.109367370605469 -0.132606506347656 -0.0194244384765625
-0.116653442382812 -0.115020751953125 0.0901412963867187 0.0364837646484375
-0.120223999023438 0.0911483764648437 0.527984619140625 0.105743408203125
0.0251998901367187 0.123985290527344 0.72894287109375 -0.00695800781249999
0.0995712280273438 0.0272064208984375 0.7581787109375 -0.0040283203125
0.0324325561523438 -0.0898056030273438 0.6439208984375 0.14593505859375
-0.0698394775390625 -0.0990447998046875 0.52301025390625 0.216796875
-0.0882492065429688 -0.049713134765625 0.28973388671875 0.14031982421875
-0.0831069946289063 -0.0696792602539063 0.0593109130859375 -0.00174713134765625
-0.092926025390625 -0.0768814086914063 -0.212646484375 -0.170135498046875
-0.0336837768554687 -0.112709045410156 -0.450286865234375 -0.30267333984375
0.0557479858398437 -0.107223510742188 -0.6453857421875 -0.24847412109375
0.0976333618164062 -0.00597381591796875 -0.762451171875 -0.153076171875
-0.000373840332031248 0.112258911132813 -0.78399658203125 -0.1944580078125
-0.101921081542969 0.03448486328125 -0.551025390625 -0.130584716796875
-0.0814361572265625 -0.111412048339844 -0.13043212890625 0.00688171386718751
-0.102577209472656 -0.115692138671875 0.0734024047851563 0.00871276855468749
-0.117881774902344 0.0734329223632813 0.524993896484375 0.098541259765625
0.0125503540039063 0.122283935546875 0.72235107421875 -0.02679443359375
0.0971832275390625 0.0418167114257813 0.73382568359375 -0.004150390625
0.0454483032226563 -0.0760421752929688 0.6331787109375 0.17095947265625
-0.053436279296875 -0.0916900634765625 0.540863037109375 0.241790771484375
-0.0725555419921875 -0.043121337890625 0.321197509765625 0.146881103515625
-0.07037353515625 -0.0568084716796875 0.0882034301757813 -0.000297546386718753
-0.0794296264648438 -0.0632095336914062 -0.18218994140625 -0.164306640625
-0.0303726196289062 -0.0945816040039063 -0.42303466796875 -0.28369140625
0.0460662841796875 -0.099639892578125 -0.6416015625 -0.2235107421875
0.091705322265625 -0.0196380615234375 -0.78082275390625 -0.14410400390625
0.0210342407226563 0.1011962890625 -0.80072021484375 -0.2071533203125
-0.0780258178710938 0.0460281372070313 -0.555419921875 -0.143646240234375
-0.0762252807617188 -0.0903549194335937 -0.144302368164062 -0.021759033203125
-0.0775909423828125 -0.0944747924804687 0.0637550354003906 -0.0199966430664063
-0.092559814453125 0.056304931640625 0.52423095703125 0.09722900390625
0.002685546875 0.098968505859375 0.721923828125 -0.03680419921875
0.078094482421875 0.0450439453125 0.71502685546875 -0.00201416015625
0.0440330505371094 -0.0505027770996094 0.62060546875 0.19757080078125
-0.0330390930175781 -0.0696868896484375 0.55047607421875 0.26702880859375
-0.0452957153320313 -0.0299224853515625 0.345916748046875 0.15411376953125
-0.0479965209960937 -0.0392189025878906 0.10845947265625 -0.00293731689453125
-0.0542716979980469 -0.0451278686523438 -0.15966796875 -0.16302490234375
-0.0157470703125 -0.0663719177246094 -0.403076171875 -0.26776123046875
0.0373153686523438 -0.0779495239257813 -0.63775634765625 -0.1976318359375
0.0710372924804688 -0.02587890625 -0.7928466796875 -0.119384765625
0.0309295654296875 0.0749893188476563 -0.81298828125 -0.20159912109375
-0.0432357788085938 0.0441513061523438 -0.56353759765625 -0.145263671875
-0.0545845031738281 -0.0610466003417969 -0.157928466796875 -0.0432891845703125
-0.0482444763183594 -0.0524330139160156 0.0621681213378906 -0.0406036376953125
-0.0482826232910156 0.0499649047851563 0.526397705078125 0.10125732421875
0.00600051879882812 0.0602073669433594 0.72296142578125 -0.03338623046875
0.048309326171875 0.032501220703125 0.70263671875 0.01348876953125
0.0266380310058594 -0.0233135223388672 0.6031494140625 0.22601318359375
-0.0140533447265625 -0.0371818542480469 0.550811767578125 0.293975830078125
-0.0110683441162109 -0.0122871398925781 0.35614013671875 0.15966796875
-0.0179233551025391 -0.0182323455810547 0.117637634277344 -0.00861358642578125
-0.0211639404296875 -0.0273246765136719 -0.149551391601563 -0.164962768554688
0.00598526000976562 -0.0352249145507813 -0.3929443359375 -0.25787353515625
0.0307502746582031 -0.0460891723632813 -0.6348876953125 -0.17108154296875
0.0426445007324219 -0.0238494873046875 -0.79443359375 -0.088623046875
0.0272750854492187 0.0436325073242188 -0.81591796875 -0.18170166015625
-0.00655937194824219 0.0287723541259766 -0.56903076171875 -0.14080810546875
-0.0229034423828125 -0.027587890625 -0.168594360351563 -0.054962158203125
-0.0206127166748047 0.00490570068359375 0.0654067993164063 -0.0493698120117188
0.00702285766601563 0.055572509765625 0.527435302734375 0.112030029296875
0.0212516784667969 0.0138988494873047 0.72735595703125 -0.0150146484375
0.0144281387329102 0.00963687896728516 0.70123291015625 0.03887939453125
-0.00282406806945801 0.00422358512878418 0.5946044921875 0.2506103515625
0.00130021572113037 0.00127768516540527 0.546905517578125 0.310150146484375
0.0252361297607422 0.00854682922363281 0.3565673828125 0.1627197265625
0.0133466720581055 0.00194168090820313 0.115089416503906 -0.015380859375
0.0155534744262695 -0.0100574493408203 -0.151443481445312 -0.166732788085938
0.0307750701904297 -0.00498580932617188 -0.39630126953125 -0.2491455078125
0.0267448425292969 -0.0104541778564453 -0.6380615234375 -0.15032958984375
0.00912570953369141 -0.0161771774291992 -0.79351806640625 -0.056884765625
0.0161867141723633 0.00877189636230469 -0.8126220703125 -0.154296875
0.0293540954589844 0.00576400756835937 -0.57403564453125 -0.13067626953125
0.0162649154663086 0.00624370574951172 -0.170623779296875 -0.059051513671875
0.00750732421875 0.0618476867675781 0.0709228515625 -0.0416412353515625
0.0608901977539063 0.0621719360351563 0.5279541015625 0.12298583984375
0.0340480804443359 -0.0327491760253906 0.7257080078125 0.01336669921875
-0.0224857330322266 -0.0152587890625 0.70928955078125 0.07354736328125
-0.0355644226074219 0.0305023193359375 0.59619140625 0.26611328125
0.0142898559570312 0.0397109985351563 0.54071044921875 0.31097412109375
0.0587806701660156 0.0256385803222656 0.343963623046875 0.156982421875
0.0439071655273438 0.0185203552246094 0.0997772216796875 -0.0243606567382812
0.05010986328125 0.00503158569335938 -0.165145874023438 -0.169692993164062
0.0531883239746094 0.0227127075195313 -0.4105224609375 -0.24456787109375
0.0208988189697266 0.0239944458007813 -0.64453125 -0.132080078125
-0.0259323120117188 -0.00901412963867187 -0.78692626953125 -0.0274047851562501
0.00217056274414062 -0.0282459259033203 -0.806640625 -0.125
0.0649223327636719 -0.0196609497070313 -0.57440185546875 -0.11993408203125
0.0538864135742187 0.0417938232421875 -0.164871215820312 -0.0548095703125
0.0344009399414062 0.1043701171875 0.0790939331054688 -0.01873779296875
0.105201721191406 0.0575485229492188 0.5264892578125 0.140167236328125
0.03350830078125 -0.0746612548828125 0.72576904296875 0.04974365234375
-0.0590324401855469 -0.0293235778808594 0.72698974609375 0.1134033203125
-0.0606193542480469 0.05645751953125 0.6058349609375 0.27215576171875
0.0275650024414062 0.0685195922851563 0.529815673828125 0.29669189453125
0.0849227905273438 0.0360794067382813 0.319580078125 0.145538330078125
0.0665550231933594 0.0305023193359375 0.0752639770507813 -0.0327835083007813
0.0763778686523438 0.0170745849609375 -0.189498901367188 -0.172515869140625
0.0678749084472656 0.0469703674316406 -0.43170166015625 -0.245269775390625
0.00818634033203125 0.0523033142089844 -0.65435791015625 -0.12481689453125
-0.0629844665527344 -0.00780487060546875 -0.7763671875 -0.00817871093750011
-0.00578689575195312 -0.0653266906738281 -0.7972412109375 -0.0967407226562502
0.0995407104492187 -0.0381698608398437 -0.57330322265625 -0.109130859375
0.085174560546875 0.0767593383789063 -0.150421142578125 -0.042266845703125
0.0583114624023438 0.12213134765625 0.0914382934570313 0.0129776000976563
0.127006530761719 0.0374603271484375 0.526336669921875 0.157684326171875
0.0143585205078125 -0.10284423828125 0.72650146484375 0.0885009765625
-0.08892822265625 -0.0280075073242188 0.752197265625 0.1417236328125
-0.0712432861328125 0.0782623291015625 0.61590576171875 0.265625
0.0389404296875 0.0817489624023438 0.511993408203125 0.277923583984375
0.100357055664062 0.0382766723632812 0.286651611328125 0.133636474609375
0.0799484252929687 0.03387451171875 0.0423660278320313 -0.040618896484375
0.0911788940429688 0.0222320556640625 -0.220413208007813 -0.178314208984375
0.0721969604492188 0.0632705688476563 -0.456695556640625 -0.253204345703125
-0.0108528137207031 0.0696754455566406 -0.65936279296875 -0.13177490234375
-0.0936203002929688 -0.0159835815429688 -0.761474609375 0.000854492187500054
-0.00370025634765625 -0.098480224609375 -0.781982421875 -0.0717773437499998
0.129966735839844 -0.044281005859375 -0.56695556640625 -0.0982055664062499
0.102699279785156 0.108177185058594 -0.1329345703125 -0.0195770263671875
-0.117164611816406 -0.113311767578125 0.0905532836914062 0.0379791259765625
-0.118972778320313 0.0907745361328125 0.526092529296875 0.103912353515625
0.026458740234375 0.123397827148437 0.725341796875 -0.01080322265625
0.100173950195312 0.0262603759765625 0.751953125 -0.00543212890625
0.0318222045898438 -0.0897293090820312 0.639404296875 0.14349365234375
-0.0706100463867188 -0.0982894897460937 0.520538330078125 0.21221923828125
-0.0883560180664063 -0.0491485595703125 0.2886962890625 0.139251708984375
-0.0835418701171875 -0.0680160522460937 0.0595893859863281 -0.001922607421875
-0.0933074951171875 -0.0752487182617187 -0.21337890625 -0.167800903320313
-0.0350875854492188 -0.111259460449219 -0.448211669921875 -0.297332763671875
0.0545272827148437 -0.106826782226562 -0.64111328125 -0.2457275390625
0.0974044799804687 -0.00637054443359375 -0.75933837890625 -0.14959716796875
0.000556945800781241 0.113273620605469 -0.7813720703125 -0.189208984375
-0.100563049316406 0.0345306396484375 -0.548583984375 -0.128448486328125
-0.0822982788085938 -0.110542297363281 -0.130447387695313 0.00665283203124999
-0.103195190429688 -0.113349914550781 0.0730056762695313 0.00949096679687499
-0.117500305175781 0.0739593505859375 0.522216796875 0.096221923828125
0.0129241943359375 0.121498107910156 0.7171630859375 -0.0277099609375
0.0973129272460938 0.0409164428710938 0.7313232421875 -0.00714111328125
0.0447311401367188 -0.0755844116210938 0.62786865234375 0.16827392578125
-0.0538101196289062 -0.0902862548828125 0.539215087890625 0.238311767578125
-0.0726470947265625 -0.0416946411132813 0.320343017578125 0.145111083984375
-0.0707550048828125 -0.0557022094726562 0.0878372192382812 -0.000648498535156253
-0.0806121826171875 -0.0616836547851563 -0.181793212890625 -0.162506103515625
-0.03094482421875 -0.0930938720703125 -0.421539306640625 -0.28070068359375
0.0445556640625 -0.0999755859375 -0.639892578125 -0.218994140625
0.0920639038085938 -0.0203933715820313 -0.7781982421875 -0.137939453125
0.02227783203125 0.100364685058594 -0.797607421875 -0.20166015625
-0.0766143798828125 0.0466995239257812 -0.553741455078125 -0.140625
-0.0762863159179688 -0.0900802612304688 -0.144424438476562 -0.0223541259765625
-0.0783004760742187 -0.09375 0.0633773803710938 -0.0192337036132813
-0.0919876098632813 0.0562744140625 0.521942138671875 0.09356689453125
0.00379180908203126 0.0985870361328125 0.71685791015625 -0.03759765625
0.0784072875976563 0.0440292358398437 0.7103271484375 -0.004150390625
0.0434608459472656 -0.0507278442382812 0.61590576171875 0.1953125
-0.0339622497558594 -0.0690536499023438 0.5496826171875 0.264801025390625
-0.0454826354980469 -0.0296974182128906 0.344390869140625 0.15179443359375
-0.0477485656738281 -0.0383415222167969 0.106986999511719 -0.00357818603515625
-0.0545997619628906 -0.0447044372558594 -0.159896850585938 -0.1614990234375
-0.0164718627929688 -0.0659446716308594 -0.402496337890625 -0.265716552734375
0.0359420776367188 -0.0780181884765625 -0.6341552734375 -0.19329833984375
0.071441650390625 -0.027252197265625 -0.78680419921875 -0.11505126953125
0.03167724609375 0.075439453125 -0.80767822265625 -0.19635009765625
-0.0421600341796875 0.0444831848144531 -0.559722900390625 -0.142578125
-0.0548820495605469 -0.0608062744140625 -0.15838623046875 -0.043487548828125
-0.0497817993164063 -0.0522003173828125 0.0616073608398438 -0.0400047302246094
-0.0471382141113281 0.0502777099609375 0.524261474609375 0.100006103515625
0.00673294067382813 0.0593338012695313 0.71923828125 -0.0338134765625
0.0484733581542969 0.0321273803710937 0.6976318359375 0.01116943359375
0.0263748168945313 -0.0229911804199219 0.60137939453125 0.2237548828125
-0.0142936706542969 -0.037109375 0.550079345703125 0.290313720703125
-0.0108537673950195 -0.0118656158447266 0.35595703125 0.157745361328125
-0.0185928344726562 -0.0174999237060547 0.117073059082031 -0.0083160400390625
-0.0212669372558594 -0.0260429382324219 -0.14892578125 -0.162979125976563
0.00550079345703125 -0.0347652435302734 -0.39263916015625 -0.25579833984375
0.030731201171875 -0.046783447265625 -0.630126953125 -0.16961669921875
0.0421791076660156 -0.0237617492675781 -0.78973388671875 -0.0858764648437499
0.0277671813964844 0.0435104370117188 -0.8101806640625 -0.177001953125
-0.00621414184570313 0.0288867950439453 -0.567138671875 -0.13677978515625
-0.0222301483154297 -0.0278759002685547 -0.167556762695313 -0.0553131103515625
-0.0205459594726563 0.00480270385742187 0.0643577575683594 -0.0481948852539063
0.00727081298828125 0.0553245544433594 0.526031494140625 0.108795166015625
0.02093505859375 0.0138263702392578 0.721435546875 -0.0177001953125
0.0152959823608398 0.00928592681884766 0.69512939453125 0.03619384765625
-0.00263714790344238 0.0042417049407959 0.59210205078125 0.246826171875
0.000757217407226563 0.00154924392700195 0.54541015625 0.306549072265625
0.0253753662109375 0.00800132751464844 0.3560791015625 0.16015625
0.0135965347290039 0.00143527984619141 0.113960266113281 -0.016265869140625
0.0146942138671875 -0.00969219207763672 -0.150588989257812 -0.16552734375
0.0303554534912109 -0.00510597229003906 -0.39373779296875 -0.246917724609375
0.0270519256591797 -0.01092529296875 -0.63482666015625 -0.145263671875
0.00864410400390625 -0.0160856246948242 -0.78887939453125 -0.05377197265625
0.0156669616699219 0.00831890106201172 -0.8084716796875 -0.1502685546875
0.0298404693603516 0.00494003295898438 -0.570556640625 -0.12744140625
0.0152769088745117 0.00536727905273438 -0.17156982421875 -0.059783935546875
0.00804519653320313 0.0619697570800781 0.0702972412109375 -0.0410003662109375
0.0616836547851563 0.0609207153320312 0.52545166015625 0.120025634765625
0.0332794189453125 -0.0333080291748047 0.721923828125 0.010498046875
-0.0215072631835938 -0.0150279998779297 0.70257568359375 0.071044921875
-0.0344600677490234 0.0305061340332031 0.5936279296875 0.26153564453125
0.0147018432617187 0.0391120910644531 0.5400390625 0.30859375
0.0597419738769531 0.0252037048339844 0.344146728515625 0.154022216796875
0.0436439514160156 0.0184364318847656 0.0985946655273438 -0.0244827270507813
0.0492362976074219 0.00418853759765625 -0.164459228515625 -0.166946411132813
0.0534019470214844 0.022369384765625 -0.407806396484375 -0.241546630859375
0.0203266143798828 0.0231266021728516 -0.640625 -0.12811279296875
-0.0264797210693359 -0.00863075256347656 -0.78143310546875 -0.0257568359375
0.00286293029785156 -0.0278778076171875 -0.802001953125 -0.12322998046875
0.0643959045410156 -0.0200920104980469 -0.57147216796875 -0.1182861328125
0.0542564392089844 0.0412254333496094 -0.164230346679688 -0.054931640625
0.0346908569335938 0.104507446289063 0.0796432495117188 -0.018218994140625
0.105438232421875 0.0557785034179688 0.52581787109375 0.136505126953125
0.0324478149414063 -0.0751113891601562 0.720458984375 0.04681396484375
-0.059234619140625 -0.0287399291992187 0.72076416015625 0.11138916015625
-0.0598297119140625 0.0564651489257813 0.60198974609375 0.2686767578125
0.02752685546875 0.0673675537109375 0.52740478515625 0.2958984375
0.085205078125 0.0357208251953125 0.31884765625 0.143646240234375
0.0670280456542969 0.0301055908203125 0.0737686157226563 -0.032684326171875
0.075836181640625 0.01556396484375 -0.18902587890625 -0.17083740234375
0.0685577392578125 0.0463790893554688 -0.42864990234375 -0.24249267578125
0.00807952880859375 0.0520973205566406 -0.65045166015625 -0.12127685546875
-0.062835693359375 -0.007293701171875 -0.77154541015625 -0.00561523437500012
-0.00600814819335937 -0.0651969909667969 -0.792236328125 -0.0927734374999999
0.0992279052734375 -0.039306640625 -0.56927490234375 -0.106201171875
0.0848007202148438 0.0765380859375 -0.1502685546875 -0.041961669921875
0.0584945678710937 0.122489929199219 0.09136962890625 0.0134429931640625
0.126823425292969 0.0363006591796875 0.5250244140625 0.154571533203125
0.0133743286132813 -0.102142333984375 0.72259521484375 0.08660888671875
-0.0885391235351563 -0.0261993408203125 0.7471923828125 0.13861083984375
-0.0701828002929687 0.0778732299804688 0.6146240234375 0.26251220703125
0.0394134521484375 0.0809402465820312 0.50909423828125 0.27392578125
0.0997314453125 0.0364990234375 0.285736083984375 0.13140869140625
0.0809173583984375 0.0329513549804688 0.041961669921875 -0.0404167175292969
0.0909576416015625 0.0213165283203125 -0.220367431640625 -0.1768798828125
0.0717010498046875 0.062530517578125 -0.453216552734375 -0.24932861328125
-0.0103759765625 0.0687103271484375 -0.65673828125 -0.12811279296875
-0.0939559936523438 -0.0148086547851562 -0.75714111328125 0.00439453125000004
-0.00447845458984375 -0.09747314453125 -0.77923583984375 -0.0692138671875
0.129547119140625 -0.0454025268554688 -0.56463623046875 -0.0956420898437501
0.101768493652344 0.106231689453125 -0.132804870605469 -0.019256591796875
-0.118896484375 -0.112060546875 0.091064453125 0.03790283203125
-0.117500305175781 0.0914688110351562 0.523529052734375 0.10150146484375
0.0265426635742188 0.12237548828125 0.7216796875 -0.0107421875
0.100395202636719 0.0261001586914062 0.74853515625 -0.0064697265625
0.0316238403320312 -0.0907821655273438 0.63702392578125 0.13922119140625
-0.071136474609375 -0.0964584350585938 0.51959228515625 0.212158203125
-0.0889205932617188 -0.0488357543945313 0.28839111328125 0.137969970703125
-0.0838623046875 -0.0675888061523437 0.0587997436523437 -0.00107192993164063
-0.0940170288085938 -0.0741806030273437 -0.212539672851563 -0.166305541992188
-0.0351028442382813 -0.110267639160156 -0.445068359375 -0.295867919921875
0.0537872314453125 -0.106498718261719 -0.63934326171875 -0.24359130859375
0.0973968505859375 -0.00771331787109375 -0.7554931640625 -0.14862060546875
0.00138092041015624 0.112747192382813 -0.7789306640625 -0.18603515625
-0.0996017456054688 0.0350875854492187 -0.546661376953125 -0.1275634765625
-0.0825576782226562 -0.110130310058594 -0.129768371582031 0.00633239746093749
-0.104591369628906 -0.11175537109375 0.07342529296875 0.0103378295898437
-0.116203308105469 0.0734176635742188 0.521209716796875 0.094268798828125
0.0132904052734375 0.12042236328125 0.7142333984375 -0.028076171875
0.09735107421875 0.0403366088867188 0.7264404296875 -0.0074462890625
0.0440750122070313 -0.07537841796875 0.62640380859375 0.16668701171875
-0.0550918579101562 -0.0898513793945313 0.5380859375 0.235931396484375
-0.0732345581054688 -0.041168212890625 0.31878662109375 0.143768310546875
-0.0711517333984375 -0.0544815063476563 0.0865478515625 -0.0015411376953125
-0.080413818359375 -0.060577392578125 -0.181198120117188 -0.160781860351562
-0.031402587890625 -0.0922775268554688 -0.419189453125 -0.2783203125
0.0437774658203125 -0.0990447998046875 -0.63665771484375 -0.21673583984375
0.0915451049804688 -0.02105712890625 -0.773681640625 -0.13714599609375
0.0233230590820312 0.100471496582031 -0.79156494140625 -0.19915771484375
-0.0757064819335938 0.04705810546875 -0.55218505859375 -0.13958740234375
-0.0771560668945312 -0.08929443359375 -0.143829345703125 -0.021728515625
-0.0794677734375 -0.0917129516601562 0.0640182495117188 -0.0180435180664063
-0.091644287109375 0.0557098388671875 0.519500732421875 0.09246826171875
0.004241943359375 0.0978164672851563 0.7122802734375 -0.0390625
0.0784530639648438 0.0430755615234375 0.70648193359375 -0.0037841796875
0.0429763793945313 -0.0510940551757813 0.6136474609375 0.19305419921875
-0.0339851379394531 -0.0685005187988281 0.549774169921875 0.262908935546875
-0.0452537536621094 -0.0289268493652344 0.343994140625 0.150177001953125
-0.0487403869628906 -0.0371322631835938 0.106353759765625 -0.00438690185546875
-0.0551834106445313 -0.0435218811035156 -0.159011840820312 -0.16058349609375
-0.0169601440429688 -0.0648612976074219 -0.400360107421875 -0.265167236328125
0.0349349975585937 -0.0777206420898438 -0.63153076171875 -0.19012451171875
0.0709304809570313 -0.0274429321289063 -0.78369140625 -0.11273193359375
0.0323944091796875 0.0744094848632812 -0.8021240234375 -0.19281005859375
-0.0423851013183594 0.0438919067382813 -0.557098388671875 -0.141754150390625
-0.0562095642089844 -0.0603752136230469 -0.158218383789063 -0.043609619140625
-0.0505867004394531 -0.0504035949707031 0.0616645812988281 -0.0386886596679688
-0.047332763671875 0.0496597290039062 0.521697998046875 0.097869873046875
0.00726699829101563 0.059234619140625 0.71533203125 -0.0347900390625
0.0494804382324219 0.0323143005371094 0.69512939453125 0.00927734375
0.0254726409912109 -0.0229015350341797 0.59783935546875 0.220703125
-0.014892578125 -0.0370330810546875 0.54876708984375 0.2879638671875
-0.0110359191894531 -0.0118694305419922 0.355438232421875 0.156005859375
-0.0193672180175781 -0.0178356170654297 0.116401672363281 -0.0084075927734375
-0.0218715667724609 -0.0253944396972656 -0.149368286132812 -0.162109375
0.00627708435058594 -0.0349044799804688 -0.390625 -0.253814697265625
0.0293807983398438 -0.0457496643066406 -0.6290283203125 -0.16632080078125
0.0422821044921875 -0.0238418579101562 -0.78533935546875 -0.0807495117187499
0.028106689453125 0.0429153442382813 -0.80718994140625 -0.175537109375
-0.00584030151367188 0.0284709930419922 -0.56494140625 -0.136474609375
-0.0240306854248047 -0.0278282165527344 -0.16796875 -0.0554656982421875
-0.0204143524169922 0.00548744201660156 0.0649223327636719 -0.0474433898925781
0.00763320922851563 0.0551185607910156 0.523345947265625 0.106231689453125
0.0207347869873047 0.0142898559570313 0.71917724609375 -0.0185546875
0.0151529312133789 0.00958633422851562 0.6905517578125 0.035400390625
-0.00269794464111328 0.00399470329284668 0.58917236328125 0.2442626953125
0.000922501087188721 0.000875294208526611 0.545257568359375 0.303253173828125
0.0257701873779297 0.00743865966796875 0.3555908203125 0.15802001953125
0.0133323669433594 0.00190544128417969 0.112724304199219 -0.0159912109375
0.0149059295654297 -0.00936698913574219 -0.15020751953125 -0.164627075195312
0.0310516357421875 -0.00557518005371094 -0.39202880859375 -0.246612548828125
0.0263824462890625 -0.0110092163085938 -0.6314697265625 -0.14447021484375
0.00851726531982422 -0.0159034729003906 -0.78302001953125 -0.0506591796875001
0.0165634155273438 0.00857353210449219 -0.804443359375 -0.146728515625
0.0297222137451172 0.00422286987304688 -0.56854248046875 -0.126708984375
0.0146484375 0.00623512268066406 -0.171310424804688 -0.0592803955078125
0.00715637207031249 0.0619888305664063 0.0706863403320313 -0.0408401489257813
0.0613365173339844 0.0611953735351563 0.523681640625 0.118743896484375
0.0326061248779297 -0.0329685211181641 0.71630859375 0.01019287109375
-0.0215892791748047 -0.0145950317382813 0.69915771484375 0.06982421875
-0.0343112945556641 0.0299396514892578 0.59039306640625 0.2586669921875
0.0146865844726562 0.0390205383300781 0.539276123046875 0.303497314453125
0.0595245361328125 0.0236282348632812 0.3428955078125 0.1519775390625
0.0434188842773438 0.0189666748046875 0.09857177734375 -0.024505615234375
0.049285888671875 0.00442886352539063 -0.163803100585937 -0.166915893554688
0.0537528991699219 0.0221519470214844 -0.404296875 -0.24066162109375
0.0204067230224609 0.0236129760742188 -0.638671875 -0.12847900390625
-0.0266342163085937 -0.00863838195800781 -0.7774658203125 -0.0236206054687499
0.00230979919433594 -0.0280342102050781 -0.798095703125 -0.11810302734375
0.0641975402832031 -0.0204734802246094 -0.571044921875 -0.1170654296875
0.0528945922851563 0.0410842895507813 -0.164657592773438 -0.0542144775390625
0.0359268188476563 0.104782104492188 0.0785369873046875 -0.0177383422851562
0.105339050292969 0.0550613403320312 0.522735595703125 0.1358642578125
0.0315093994140625 -0.0750274658203125 0.7161865234375 0.04656982421875
-0.0590553283691406 -0.0281639099121094 0.71746826171875 0.10986328125
-0.0587997436523438 0.056854248046875 0.5989990234375 0.2655029296875
0.0277175903320312 0.0668754577636719 0.526580810546875 0.29229736328125
0.0857162475585938 0.0339431762695313 0.318695068359375 0.1419677734375
0.0671005249023438 0.0302581787109375 0.0729141235351563 -0.0330581665039063
0.07525634765625 0.0154953002929688 -0.188095092773438 -0.16961669921875
0.0684890747070313 0.0455245971679687 -0.42779541015625 -0.240478515625
0.00866317749023438 0.0523643493652344 -0.64691162109375 -0.119140625
-0.0625877380371094 -0.00664520263671874 -0.767822265625 -0.0035400390624999
-0.00640869140624999 -0.0646018981933594 -0.7891845703125 -0.09234619140625
0.0984649658203125 -0.0397720336914063 -0.56671142578125 -0.10498046875
0.0846481323242188 0.0754776000976563 -0.150314331054688 -0.041290283203125
0.0589447021484375 0.121345520019531 0.0910568237304688 0.0145721435546875
0.125595092773438 0.0352325439453125 0.522491455078125 0.151519775390625
0.0135040283203125 -0.101760864257813 0.71832275390625 0.08441162109375
-0.0882568359375 -0.0261611938476563 0.74322509765625 0.13720703125
-0.0696640014648438 0.0784912109375 0.61004638671875 0.2598876953125
0.0399398803710938 0.080413818359375 0.506561279296875 0.2718505859375
0.0995330810546875 0.0344467163085937 0.284942626953125 0.13043212890625
0.080413818359375 0.0326309204101562 0.0416259765625 -0.0399169921875
0.0902633666992188 0.0208282470703125 -0.218765258789062 -0.174423217773438
0.073272705078125 0.06231689453125 -0.45294189453125 -0.247802734375
-0.00983047485351562 0.0697402954101563 -0.6541748046875 -0.12738037109375
-0.0931930541992188 -0.01373291015625 -0.752197265625 0.00555419921875003
-0.00464630126953125 -0.0971832275390625 -0.774169921875 -0.0674438476562499
0.128692626953125 -0.0467605590820312 -0.56243896484375 -0.09332275390625
0.10260009765625 0.106330871582031 -0.132232666015625 -0.0192642211914062
-0.119453430175781 -0.110023498535156 0.0910873413085937 0.0391845703125
-0.117530822753906 0.0916366577148437 0.520477294921875 0.10113525390625
0.027313232421875 0.12060546875 0.7164306640625 -0.01141357421875
0.100257873535156 0.0256195068359375 0.74420166015625 -0.0072021484375
0.0315322875976562 -0.0898284912109375 0.63348388671875 0.14019775390625
-0.07135009765625 -0.0961990356445313 0.517608642578125 0.2113037109375
-0.0887832641601562 -0.04754638671875 0.28704833984375 0.1365966796875
-0.0842132568359375 -0.0665969848632812 0.0584678649902344 -0.00116729736328125
-0.0938796997070313 -0.0731048583984375 -0.211593627929688 -0.16461181640625
-0.0353775024414063 -0.109695434570313 -0.442626953125 -0.29534912109375
0.052490234375 -0.106513977050781 -0.6373291015625 -0.239990234375
0.0981521606445313 -0.00787353515625 -0.751708984375 -0.1474609375
0.00257873535156251 0.112464904785156 -0.775146484375 -0.1827392578125
-0.0989837646484375 0.035614013671875 -0.5428466796875 -0.1253662109375
-0.084320068359375 -0.109245300292969 -0.130523681640625 0.00626373291015625
-0.105758666992188 -0.1102294921875 0.0737228393554688 0.010711669921875
-0.116050720214844 0.073974609375 0.51934814453125 0.0933837890625
0.014617919921875 0.120048522949219 0.71051025390625 -0.0296630859375
0.0981674194335938 0.0393447875976563 0.72125244140625 -0.00921630859375
0.0436859130859375 -0.0764617919921875 0.623046875 0.16461181640625
-0.0557327270507813 -0.0886383056640625 0.538177490234375 0.233367919921875
-0.0733871459960938 -0.040130615234375 0.318511962890625 0.143218994140625
-0.0714492797851563 -0.0538864135742187 0.0856552124023437 -0.00101470947265625
-0.0813217163085938 -0.0595932006835937 -0.180435180664063 -0.1595458984375
-0.03179931640625 -0.0912017822265625 -0.416748046875 -0.2767333984375
0.04266357421875 -0.0993423461914063 -0.6322021484375 -0.21563720703125
0.090484619140625 -0.0216064453125 -0.7708740234375 -0.13433837890625
0.0237350463867188 0.0997085571289063 -0.7890625 -0.19647216796875
-0.0746383666992188 0.0472412109375 -0.5482177734375 -0.13787841796875
-0.0783157348632813 -0.0885009765625 -0.144241333007813 -0.0224761962890625
-0.0811233520507812 -0.09075927734375 0.0631904602050781 -0.0167999267578125
-0.0914993286132812 0.0561447143554688 0.518341064453125 0.092498779296875
0.004608154296875 0.0969467163085938 0.70843505859375 -0.04022216796875
0.0787506103515625 0.0428466796875 0.70159912109375 -0.00482177734375
0.0423393249511719 -0.0509605407714844 0.61126708984375 0.1920166015625
-0.0345878601074219 -0.0684471130371094 0.54742431640625 0.260345458984375
-0.0458106994628906 -0.0281639099121094 0.342742919921875 0.14959716796875
-0.0491714477539062 -0.0367393493652344 0.106216430664063 -0.004119873046875
-0.0553779602050781 -0.0428428649902344 -0.158676147460937 -0.15899658203125
-0.0169792175292969 -0.0645217895507812 -0.397186279296875 -0.261932373046875
0.0348358154296875 -0.0772781372070313 -0.6280517578125 -0.1883544921875
0.0701637268066406 -0.02777099609375 -0.78021240234375 -0.1103515625
0.0330276489257813 0.074554443359375 -0.7999267578125 -0.1910400390625
-0.0416717529296875 0.044189453125 -0.555328369140625 -0.140869140625
-0.0571174621582031 -0.0598678588867188 -0.158309936523438 -0.043701171875
-0.0508460998535156 -0.0501480102539063 0.0614547729492188 -0.0383415222167969
-0.0468063354492188 0.049896240234375 0.519439697265625 0.09649658203125
0.00673294067382812 0.0589866638183594 0.71142578125 -0.03509521484375
0.0497779846191406 0.0313682556152344 0.689208984375 0.00909423828125
0.0259819030761719 -0.0230998992919922 0.5960693359375 0.218994140625
-0.0151023864746094 -0.0363235473632813 0.54803466796875 0.28692626953125
-0.0114336013793945 -0.0111370086669922 0.35443115234375 0.15533447265625
-0.0189723968505859 -0.0176563262939453 0.115562438964844 -0.009185791015625
-0.0215950012207031 -0.0251922607421875 -0.148712158203125 -0.161270141601562
0.00544357299804687 -0.0345191955566406 -0.387542724609375 -0.252105712890625
0.0295524597167969 -0.0460281372070313 -0.625244140625 -0.1661376953125
0.0419158935546875 -0.0237808227539063 -0.7816162109375 -0.0806884765624998
0.0290985107421875 0.042999267578125 -0.8016357421875 -0.172607421875
-0.00491905212402344 0.0283355712890625 -0.5631103515625 -0.13616943359375
-0.0238628387451172 -0.0268611907958984 -0.168136596679688 -0.0554046630859375
-0.0212364196777344 0.00632476806640625 0.0642318725585938 -0.0478057861328125
0.00752639770507813 0.0548591613769531 0.521728515625 0.106658935546875
0.0206317901611328 0.0125827789306641 0.71624755859375 -0.01885986328125
0.0152626037597656 0.00901126861572266 0.68829345703125 0.03460693359375
-0.00300312042236328 0.00355648994445801 0.5858154296875 0.24383544921875
0.000669479370117188 0.00136053562164307 0.54376220703125 0.30084228515625
0.0258407592773438 0.00710868835449219 0.35443115234375 0.156036376953125
0.0132064819335938 0.00207614898681641 0.112564086914063 -0.016754150390625
0.0147104263305664 -0.00882816314697266 -0.1497802734375 -0.163650512695313
0.0313205718994141 -0.00527191162109375 -0.390106201171875 -0.244110107421875
0.0252513885498047 -0.010772705078125 -0.62957763671875 -0.14202880859375
0.00878429412841797 -0.0159673690795898 -0.78076171875 -0.050048828125
0.0157632827758789 0.00906276702880859 -0.80230712890625 -0.14569091796875
0.0296077728271484 0.00394248962402344 -0.5665283203125 -0.12530517578125
0.0146827697753906 0.00646400451660156 -0.170562744140625 -0.059295654296875
0.00754547119140624 0.0628509521484375 0.0703506469726563 -0.0399246215820312
0.0621528625488281 0.0602760314941406 0.523651123046875 0.117919921875
0.0325031280517578 -0.0333461761474609 0.7125244140625 0.0086669921875
-0.0215091705322266 -0.0141067504882813 0.6962890625 0.0672607421875
-0.0343685150146484 0.0309066772460938 0.58905029296875 0.2572021484375
0.0146141052246094 0.0384521484375 0.5377197265625 0.302825927734375
0.0594024658203125 0.0235443115234375 0.342803955078125 0.149749755859375
0.0434150695800781 0.0182228088378906 0.0976638793945313 -0.0245437622070313
0.0484199523925781 0.00397109985351563 -0.164230346679687 -0.166305541992188
0.0540122985839844 0.0210723876953125 -0.402923583984375 -0.23944091796875
0.0202255249023438 0.0234222412109375 -0.6351318359375 -0.1263427734375
-0.0267448425292969 -0.00758552551269532 -0.77374267578125 -0.0230712890624999
0.00307464599609375 -0.0275363922119141 -0.79571533203125 -0.1192626953125
0.0639839172363281 -0.0205459594726563 -0.56878662109375 -0.1163330078125
0.0530319213867188 0.0404930114746094 -0.165374755859375 -0.0551605224609375
0.0353317260742187 0.104393005371094 0.0785446166992188 -0.0175933837890625
0.105628967285156 0.0546722412109375 0.522003173828125 0.13336181640625
0.0306320190429688 -0.0750885009765625 0.71380615234375 0.0457763671875
-0.0589790344238281 -0.0278892517089844 0.7139892578125 0.10693359375
-0.0582313537597656 0.0572700500488281 0.59698486328125 0.26385498046875
0.0281600952148437 0.0664939880371094 0.525238037109375 0.289764404296875
0.0860671997070313 0.0329360961914063 0.318084716796875 0.140228271484375
0.0668182373046875 0.0287933349609375 0.0723800659179688 -0.0327987670898438
0.07574462890625 0.0149459838867188 -0.18768310546875 -0.168731689453125
0.0684051513671875 0.0449867248535156 -0.4271240234375 -0.2396240234375
0.00904464721679687 0.051544189453125 -0.64398193359375 -0.11798095703125
-0.0622482299804688 -0.00630569458007813 -0.7645263671875 -0.00341796875000016
-0.00655746459960938 -0.064544677734375 -0.78515625 -0.08953857421875
0.0974960327148437 -0.04083251953125 -0.5657958984375 -0.10443115234375
0.0853042602539063 0.074798583984375 -0.150543212890625 -0.0417022705078125
0.0593185424804688 0.121536254882813 0.0917892456054688 0.0143585205078125
0.126380920410156 0.0341339111328125 0.52130126953125 0.151824951171875
0.0122222900390625 -0.101768493652344 0.71466064453125 0.08367919921875
-0.0877838134765625 -0.0252456665039063 0.739990234375 0.13702392578125
-0.0679473876953125 0.0785140991210938 0.6065673828125 0.256103515625
0.0406036376953125 0.0798110961914063 0.506500244140625 0.2696533203125
0.0995712280273438 0.0336837768554688 0.284393310546875 0.12847900390625
0.0811386108398438 0.0322036743164063 0.040802001953125 -0.0395355224609375
0.0903701782226563 0.0208892822265625 -0.21868896484375 -0.173187255859375
0.073394775390625 0.06195068359375 -0.449951171875 -0.246551513671875
-0.00944137573242188 0.069976806640625 -0.65179443359375 -0.125732421875
-0.0933837890625 -0.0132675170898438 -0.74774169921875 0.00561523437499984
-0.0050506591796875 -0.0969161987304688 -0.76885986328125 -0.0648193359375
0.127967834472656 -0.0466995239257813 -0.560577392578125 -0.093505859375
0.102897644042969 0.105392456054688 -0.132453918457031 -0.01983642578125
-0.120010375976563 -0.108451843261719 0.0919876098632812 0.0393905639648437
-0.116790771484375 0.0921554565429687 0.519317626953125 0.10015869140625
0.0278701782226562 0.120124816894531 0.7132568359375 -0.0108642578125
0.100738525390625 0.0247268676757813 0.74249267578125 -0.0076904296875
0.0301971435546875 -0.0904541015625 0.63275146484375 0.138671875
-0.07147216796875 -0.0959396362304688 0.516265869140625 0.209869384765625
-0.0892715454101563 -0.0469589233398438 0.28668212890625 0.135894775390625
-0.0848541259765625 -0.066131591796875 0.0571632385253906 -0.000900268554687504
-0.0944671630859375 -0.0717239379882813 -0.2113037109375 -0.163589477539062
-0.0356826782226563 -0.10919189453125 -0.4415283203125 -0.294158935546875
0.0514068603515625 -0.106689453125 -0.63494873046875 -0.23956298828125
0.0971298217773438 -0.0081787109375 -0.7481689453125 -0.1458740234375
0.00382232666015624 0.111412048339844 -0.77197265625 -0.1824951171875
-0.0981216430664063 0.0353622436523438 -0.541717529296875 -0.125701904296875
-0.0844497680664063 -0.109138488769531 -0.129806518554688 0.0055999755859375
-0.106231689453125 -0.10906982421875 0.0734634399414063 0.0111160278320312
-0.115653991699219 0.0748062133789062 0.518310546875 0.093048095703125
0.0143280029296875 0.119949340820313 0.706298828125 -0.03009033203125
0.09832763671875 0.0386428833007812 0.7177734375 -0.0079345703125
0.0432891845703125 -0.075531005859375 0.6217041015625 0.16387939453125
-0.0552139282226563 -0.088775634765625 0.536407470703125 0.233306884765625
-0.0734939575195313 -0.0399246215820313 0.318023681640625 0.141448974609375
-0.0724105834960938 -0.0529937744140625 0.0857925415039063 -0.000762939453125003
-0.0811767578125 -0.0585098266601562 -0.180191040039063 -0.15911865234375
-0.032470703125 -0.0907821655273437 -0.41632080078125 -0.27630615234375
0.042022705078125 -0.099273681640625 -0.63165283203125 -0.21466064453125
0.0910720825195313 -0.0222244262695313 -0.768310546875 -0.13409423828125
0.0245819091796875 0.0995254516601563 -0.7864990234375 -0.194580078125
-0.0743637084960938 0.0467529296875 -0.54656982421875 -0.139129638671875
-0.0783309936523437 -0.08795166015625 -0.14349365234375 -0.0231781005859375
-0.08123779296875 -0.0893630981445313 0.0635948181152344 -0.0163230895996094
-0.0903778076171875 0.0567245483398438 0.51788330078125 0.0892333984375
0.005035400390625 0.096527099609375 0.7054443359375 -0.038330078125
0.0797653198242187 0.0417938232421875 0.698974609375 -0.005615234375
0.0420951843261719 -0.0514564514160156 0.609619140625 0.19183349609375
-0.0351905822753906 -0.0680274963378906 0.548065185546875 0.26055908203125
-0.0459251403808594 -0.0280494689941406 0.341400146484375 0.147613525390625
-0.0484275817871094 -0.0359725952148438 0.105766296386719 -0.00360870361328125
-0.0556259155273437 -0.0420074462890625 -0.1585693359375 -0.157958984375
-0.017547607421875 -0.0641899108886719 -0.396575927734375 -0.261505126953125
0.0333404541015625 -0.0770111083984375 -0.6253662109375 -0.18817138671875
0.0704879760742188 -0.0279693603515625 -0.77734375 -0.11138916015625
0.0339202880859375 0.0736846923828125 -0.796630859375 -0.18878173828125
-0.0404281616210937 0.0439987182617188 -0.552093505859375 -0.1400146484375
-0.0578727722167969 -0.059783935546875 -0.15814208984375 -0.044189453125
-0.0516738891601563 -0.0494346618652344 0.0620155334472656 -0.037689208984375
-0.0471916198730469 0.0493621826171875 0.518585205078125 0.096282958984375
0.00740051269531251 0.0583114624023438 0.707275390625 -0.036865234375
0.050323486328125 0.0311393737792969 0.68829345703125 0.010498046875
0.0259380340576172 -0.0237617492675781 0.59478759765625 0.21856689453125
-0.0156211853027344 -0.0365791320800781 0.5477294921875 0.285980224609375
-0.0110483169555664 -0.0118122100830078 0.354248046875 0.153839111328125
-0.0192070007324219 -0.0170173645019531 0.115524291992188 -0.009246826171875
-0.0221748352050781 -0.0246963500976563 -0.147232055664063 -0.159423828125
0.00535774230957031 -0.0343990325927734 -0.3873291015625 -0.25091552734375
0.0286903381347656 -0.0457534790039063 -0.62420654296875 -0.16448974609375
0.0414848327636719 -0.0241241455078125 -0.77978515625 -0.0809326171875001
0.0287971496582031 0.0428810119628906 -0.7999267578125 -0.17010498046875
-0.00461196899414063 0.0276756286621094 -0.561614990234375 -0.135406494140625
-0.0250015258789063 -0.0268363952636719 -0.168914794921875 -0.055450439453125
-0.0219058990478516 0.00697326660156249 0.064361572265625 -0.046142578125
0.00757598876953125 0.0545806884765625 0.520599365234375 0.105438232421875
0.0209388732910156 0.0133533477783203 0.70989990234375 -0.0201416015625
0.0159778594970703 0.00865840911865234 0.684326171875 0.035400390625
-0.0033268928527832 0.00430965423583984 0.584716796875 0.24237060546875
0.000557422637939453 0.00169610977172852 0.54400634765625 0.300262451171875
0.0258693695068359 0.00732612609863281 0.354034423828125 0.155059814453125
0.0129547119140625 0.00220680236816406 0.112716674804687 -0.0159149169921875
0.014286994934082 -0.00848770141601563 -0.149505615234375 -0.163482666015625
0.0307807922363281 -0.00503349304199219 -0.3895263671875 -0.244049072265625
0.0249366760253906 -0.0105381011962891 -0.62554931640625 -0.140869140625
0.00900173187255859 -0.0161895751953125 -0.77557373046875 -0.04815673828125
0.0167179107666016 0.0092620849609375 -0.7982177734375 -0.14361572265625
0.0300006866455078 0.00374412536621094 -0.5660400390625 -0.12493896484375
0.014256477355957 0.00589275360107422 -0.171463012695313 -0.0590972900390625
0.00757980346679688 0.0628395080566406 0.0697059631347656 -0.0391960144042969
0.0619354248046875 0.0601158142089844 0.5208740234375 0.115875244140625
0.0323028564453125 -0.0328407287597656 0.71221923828125 0.010498046875
-0.0210018157958984 -0.0145931243896484 0.69244384765625 0.0679931640625
-0.0337047576904297 0.0314292907714844 0.58685302734375 0.256103515625
0.0146217346191406 0.0387496948242188 0.53741455078125 0.301422119140625
0.0595130920410156 0.0236434936523438 0.34222412109375 0.14874267578125
0.0430030822753906 0.0181427001953125 0.0972442626953125 -0.0244827270507812
0.048736572265625 0.0047454833984375 -0.16314697265625 -0.166015625
0.0545539855957031 0.0216941833496094 -0.402435302734375 -0.239471435546875
0.0197868347167969 0.0235252380371094 -0.6314697265625 -0.12445068359375
-0.0266342163085938 -0.00801849365234375 -0.7708740234375 -0.0227050781249999
0.00281906127929688 -0.0274772644042969 -0.79278564453125 -0.1158447265625
0.0637092590332031 -0.0223884582519531 -0.566650390625 -0.11602783203125
0.0533943176269531 0.0405158996582031 -0.164764404296875 -0.0551605224609375
0.0358963012695313 0.104743957519531 0.0784912109375 -0.0168304443359375
0.104873657226563 0.0535507202148437 0.520751953125 0.1328125
0.0301971435546875 -0.0753402709960938 0.70953369140625 0.04547119140625
-0.0586357116699219 -0.027099609375 0.7100830078125 0.10797119140625
-0.0572433471679688 0.0580711364746094 0.5947265625 0.2628173828125
0.0291748046875 0.0665092468261719 0.525848388671875 0.28875732421875
0.0853042602539062 0.0325164794921875 0.317047119140625 0.13916015625
0.0672149658203125 0.0285415649414062 0.0714492797851563 -0.032440185546875
0.0754013061523438 0.0147476196289062 -0.186691284179688 -0.168243408203125
0.0697860717773438 0.0448455810546875 -0.42437744140625 -0.2401123046875
0.00883865356445313 0.0523948669433594 -0.64166259765625 -0.11712646484375
-0.0624847412109375 -0.00590133666992188 -0.7607421875 -0.00201416015624991
-0.00675201416015626 -0.064239501953125 -0.78271484375 -0.0899047851562499
0.0979461669921875 -0.0411605834960938 -0.5640869140625 -0.104248046875
0.0844879150390625 0.0743637084960938 -0.150222778320313 -0.0419769287109375
0.059814453125 0.1212158203125 0.0916824340820312 0.0142593383789063
0.125839233398438 0.0336380004882813 0.521392822265625 0.150543212890625
0.0110931396484375 -0.101318359375 0.71270751953125 0.08502197265625
-0.087615966796875 -0.0253372192382813 0.73699951171875 0.13677978515625
-0.068267822265625 0.0788955688476562 0.6048583984375 0.25640869140625
0.0412063598632812 0.07916259765625 0.50701904296875 0.267333984375
0.0998916625976563 0.0327606201171875 0.284088134765625 0.127655029296875
0.0810012817382812 0.032196044921875 0.0402107238769531 -0.0394363403320313
0.0908279418945313 0.0205459594726563 -0.217636108398438 -0.173065185546875
0.0744705200195312 0.0606536865234375 -0.4495849609375 -0.247314453125
-0.00925445556640626 0.0699386596679688 -0.6485595703125 -0.12359619140625
-0.0934066772460938 -0.0129623413085938 -0.745361328125 0.00598144531250004
-0.00500488281250001 -0.0966949462890625 -0.76776123046875 -0.0662841796875001
0.128196716308594 -0.0477371215820313 -0.559844970703125 -0.0939941406249999
0.103050231933594 0.104377746582031 -0.132270812988281 -0.0194244384765625
-0.120841979980469 -0.107894897460938 0.0926361083984375 0.0398101806640625
-0.117439270019531 0.09307861328125 0.51898193359375 0.098785400390625
0.02838134765625 0.120048522949219 0.71099853515625 -0.00988769531249999
0.101104736328125 0.024383544921875 0.73968505859375 -0.0059814453125
0.0303573608398438 -0.0904922485351563 0.631103515625 0.13885498046875
-0.0716476440429688 -0.095245361328125 0.517486572265625 0.20916748046875
-0.0889205932617188 -0.0457916259765625 0.28643798828125 0.136199951171875
-0.085052490234375 -0.0653915405273438 0.0571441650390625 -0.000358581542968754
-0.0947723388671875 -0.0704421997070313 -0.21075439453125 -0.162673950195312
-0.0358123779296875 -0.108161926269531 -0.44171142578125 -0.2933349609375
0.0506210327148437 -0.106254577636719 -0.6329345703125 -0.2384033203125
0.0969696044921875 -0.00847625732421875 -0.74835205078125 -0.1463623046875
0.00405120849609376 0.112014770507812 -0.76953125 -0.1810302734375
-0.09783935546875 0.0355453491210938 -0.54010009765625 -0.12554931640625
-0.0862503051757812 -0.107765197753906 -0.129508972167969 0.0049591064453125
-0.106979370117188 -0.108428955078125 0.0746383666992187 0.0127639770507812
-0.115119934082031 0.0745773315429687 0.515960693359375 0.092437744140625
0.0143356323242187 0.120018005371094 0.70526123046875 -0.028564453125
0.0996246337890625 0.0385513305664063 0.71588134765625 -0.00823974609375
0.0422744750976563 -0.0761260986328125 0.6221923828125 0.1629638671875
-0.0561752319335938 -0.0883941650390625 0.535552978515625 0.2332763671875
-0.07305908203125 -0.039703369140625 0.31805419921875 0.14166259765625
-0.0727157592773438 -0.0524215698242188 0.0853042602539063 0.000221252441406247
-0.0814743041992187 -0.0572738647460938 -0.180023193359375 -0.15826416015625
-0.0321273803710937 -0.0906295776367188 -0.4151611328125 -0.27484130859375
0.0415420532226562 -0.0996475219726563 -0.62908935546875 -0.21337890625
0.0914382934570313 -0.0221176147460938 -0.76617431640625 -0.1339111328125
0.0250778198242188 0.100326538085938 -0.78472900390625 -0.19366455078125
-0.0732269287109375 0.0466232299804688 -0.5469970703125 -0.13848876953125
-0.079833984375 -0.0888595581054688 -0.144058227539063 -0.02337646484375
-0.08184814453125 -0.0885009765625 0.0636215209960938 -0.0156593322753906
-0.0913619995117188 0.0567474365234375 0.51702880859375 0.091552734375
0.00523376464843751 0.09674072265625 0.70281982421875 -0.03924560546875
0.079010009765625 0.0419769287109375 0.69696044921875 -0.003662109375
0.0415840148925781 -0.0513687133789063 0.60888671875 0.19085693359375
-0.0357208251953125 -0.0677871704101563 0.546722412109375 0.257659912109375
-0.0459709167480469 -0.0273094177246094 0.341827392578125 0.147552490234375
-0.0486526489257812 -0.0355491638183594 0.105278015136719 -0.0028076171875
-0.0557136535644531 -0.0401649475097656 -0.157302856445313 -0.157974243164063
-0.0170974731445312 -0.0643692016601562 -0.397125244140625 -0.26123046875
0.0331802368164063 -0.0770263671875 -0.62493896484375 -0.18707275390625
0.0706100463867188 -0.027862548828125 -0.77490234375 -0.1114501953125
0.0340805053710938 0.0737152099609375 -0.7939453125 -0.1890869140625
-0.039764404296875 0.0450401306152344 -0.552947998046875 -0.14141845703125
-0.0585594177246094 -0.0591239929199219 -0.157958984375 -0.0438232421875
-0.0519065856933594 -0.0481796264648438 0.061553955078125 -0.0368576049804688
-0.047088623046875 0.0502128601074219 0.518157958984375 0.095611572265625
0.0078582763671875 0.0576515197753906 0.70513916015625 -0.03643798828125
0.0509529113769531 0.0298042297363281 0.684326171875 0.0108642578125
0.0256423950195313 -0.0233592987060547 0.59283447265625 0.2178955078125
-0.0151443481445312 -0.0368232727050781 0.54742431640625 0.28497314453125
-0.011469841003418 -0.0114269256591797 0.35430908203125 0.15325927734375
-0.0201168060302734 -0.0163593292236328 0.114707946777344 -0.0088958740234375
-0.0222930908203125 -0.0239772796630859 -0.147903442382813 -0.16009521484375
0.00563430786132812 -0.0347194671630859 -0.385345458984375 -0.252471923828125
0.0285568237304687 -0.0458030700683594 -0.620361328125 -0.1629638671875
0.0415878295898437 -0.0245361328125 -0.77764892578125 -0.0795288085937501
0.0298614501953125 0.0425071716308594 -0.79925537109375 -0.16937255859375
-0.00441741943359375 0.0284843444824219 -0.55963134765625 -0.135040283203125
-0.0259513854980469 -0.0262985229492188 -0.168991088867188 -0.0561370849609375
-0.0219936370849609 0.00741195678710938 0.0645370483398438 -0.0458259582519531
0.00788497924804688 0.0544242858886719 0.52001953125 0.1055908203125
0.0211448669433594 0.0137462615966797 0.7088623046875 -0.0194091796875
0.0156536102294922 0.008880615234375 0.6827392578125 0.03668212890625
-0.00278139114379883 0.00405669212341309 0.58416748046875 0.2425537109375
0.000318169593811035 0.00168859958648682 0.54443359375 0.30072021484375
0.0258369445800781 0.00628089904785156 0.353668212890625 0.154083251953125
0.0128536224365234 0.00329113006591797 0.111251831054687 -0.0161514282226563
0.0134572982788086 -0.00825023651123047 -0.14849853515625 -0.162628173828125
0.0323505401611328 -0.00564956665039063 -0.387115478515625 -0.24407958984375
0.025238037109375 -0.0103530883789062 -0.62347412109375 -0.14093017578125
0.00896453857421875 -0.01580810546875 -0.7734375 -0.0492553710937499
0.0165462493896484 0.00919818878173828 -0.79632568359375 -0.142822265625
0.0297985076904297 0.00338363647460938 -0.563720703125 -0.125732421875
0.0140705108642578 0.00612354278564453 -0.171646118164062 -0.0595703125
0.00731277465820312 0.0631675720214844 0.070587158203125 -0.0382614135742187
0.0622062683105469 0.0597305297851563 0.520050048828125 0.116241455078125
0.0310745239257812 -0.0324573516845703 0.7078857421875 0.0098876953125
-0.0210037231445312 -0.0141201019287109 0.68963623046875 0.0693359375
-0.0343170166015625 0.0319328308105469 0.5841064453125 0.25714111328125
0.0146446228027344 0.0377578735351563 0.538238525390625 0.299224853515625
0.0596389770507813 0.0223236083984375 0.3419189453125 0.147613525390625
0.0432052612304688 0.0179328918457031 0.0965423583984375 -0.0247421264648438
0.0487823486328125 0.00418853759765625 -0.162399291992188 -0.164581298828125
0.0549774169921875 0.0214080810546875 -0.400848388671875 -0.2406005859375
0.0197124481201172 0.0237483978271484 -0.63104248046875 -0.1253662109375
-0.0266742706298828 -0.00732994079589843 -0.76702880859375 -0.0220947265625
0.00337028503417969 -0.0272560119628906 -0.79193115234375 -0.11639404296875
0.0638961791992188 -0.0222244262695313 -0.56646728515625 -0.11553955078125
0.0527801513671875 0.04034423828125 -0.164688110351563 -0.0551910400390625
0.0363388061523437 0.104660034179688 0.0789108276367187 -0.0171127319335937
0.104804992675781 0.0532073974609375 0.519744873046875 0.132568359375
0.029205322265625 -0.0741958618164063 0.70782470703125 0.0460205078125
-0.0580291748046875 -0.0272369384765625 0.70928955078125 0.10687255859375
-0.0578651428222656 0.0582695007324219 0.59417724609375 0.2626953125
0.0282859802246094 0.0660629272460938 0.5250244140625 0.2880859375
0.086273193359375 0.0315399169921875 0.317169189453125 0.1383056640625
0.0683670043945313 0.0284500122070312 0.071929931640625 -0.0318984985351563
0.0754165649414063 0.0147933959960938 -0.18609619140625 -0.168258666992188
0.0700912475585938 0.044769287109375 -0.423583984375 -0.23931884765625
0.00881195068359375 0.0523490905761719 -0.6412353515625 -0.11639404296875
-0.0630226135253906 -0.00503921508789064 -0.7591552734375 -0.00317382812500006
-0.00603866577148438 -0.0642776489257813 -0.78021240234375 -0.0891723632812501
0.0969161987304688 -0.04180908203125 -0.56475830078125 -0.1046142578125
0.084686279296875 0.0739898681640625 -0.1512451171875 -0.0429229736328125
0.060394287109375 0.121437072753906 0.091949462890625 0.0152740478515625
0.126708984375 0.032745361328125 0.518157958984375 0.14910888671875
0.0105209350585938 -0.101455688476563 0.70977783203125 0.0841064453125
-0.0873336791992188 -0.0238571166992188 0.73516845703125 0.1370849609375
-0.0672073364257813 0.0797500610351563 0.60455322265625 0.2545166015625
0.0413589477539063 0.0786056518554688 0.50628662109375 0.266937255859375
0.100883483886719 0.0313491821289062 0.28399658203125 0.127044677734375
0.081298828125 0.03167724609375 0.0402107238769531 -0.0392684936523438
0.0911331176757813 0.0198440551757813 -0.217483520507813 -0.17327880859375
0.0748748779296875 0.0604400634765625 -0.44793701171875 -0.24774169921875
-0.00824737548828124 0.0700416564941406 -0.6484375 -0.12469482421875
-0.0929794311523438 -0.0122756958007813 -0.74310302734375 0.00579833984374986
-0.0057220458984375 -0.0963363647460938 -0.7652587890625 -0.065185546875
0.127365112304688 -0.049224853515625 -0.557403564453125 -0.0931091308593751
0.103378295898438 0.105064392089844 -0.132881164550781 -0.0206451416015625
-0.1217041015625 -0.106964111328125 0.0923004150390625 0.0405731201171875
-0.116546630859375 0.0928726196289063 0.517913818359375 0.099212646484375
0.02862548828125 0.120552062988281 0.7113037109375 -0.0103759765625
0.102088928222656 0.0242538452148438 0.73773193359375 -0.005615234375
0.0298538208007813 -0.0909805297851563 0.63079833984375 0.139404296875
-0.0728988647460937 -0.0950393676757813 0.517181396484375 0.208221435546875
-0.0886993408203125 -0.0461502075195313 0.28680419921875 0.136383056640625
-0.085113525390625 -0.0643768310546875 0.0572967529296875 0.000637054443359371
-0.0949478149414063 -0.0702056884765625 -0.21075439453125 -0.16290283203125
-0.0366744995117187 -0.108634948730469 -0.44158935546875 -0.292510986328125
0.050537109375 -0.106544494628906 -0.63177490234375 -0.239990234375
0.0973892211914063 -0.00853729248046875 -0.7467041015625 -0.14599609375
0.0048370361328125 0.112052917480469 -0.7662353515625 -0.181640625
-0.0970001220703125 0.0354766845703125 -0.54046630859375 -0.12689208984375
-0.0866317749023438 -0.107780456542969 -0.130104064941406 0.00452423095703125
-0.108184814453125 -0.107620239257812 0.07440185546875 0.0124664306640625
-0.114952087402344 0.0743408203125 0.51507568359375 0.093170166015625
0.0155258178710938 0.119911193847656 0.70452880859375 -0.0284423828125
0.0999374389648438 0.0380096435546875 0.7147216796875 -0.007080078125
0.0431594848632812 -0.0763092041015625 0.6195068359375 0.1651611328125
-0.0561752319335937 -0.088409423828125 0.536468505859375 0.23284912109375
-0.0733718872070313 -0.0391006469726563 0.318084716796875 0.1419677734375
-0.0719757080078125 -0.0516586303710938 0.0860595703125 -0.000198364257812503
-0.08184814453125 -0.0567398071289062 -0.179428100585938 -0.157745361328125
-0.0323104858398438 -0.0902633666992188 -0.414764404296875 -0.27593994140625
0.0410232543945313 -0.0988693237304688 -0.62774658203125 -0.2130126953125
0.0914764404296875 -0.022796630859375 -0.7650146484375 -0.1341552734375
0.0250015258789062 0.0993804931640625 -0.783935546875 -0.195068359375
-0.0728912353515625 0.0477218627929688 -0.544891357421875 -0.139251708984375
-0.0803985595703125 -0.0876922607421875 -0.144180297851563 -0.0240631103515625
-0.0824508666992188 -0.0879592895507813 0.0642051696777344 -0.0152816772460938
-0.0909500122070312 0.0569381713867188 0.515411376953125 0.09161376953125
0.00568389892578126 0.0963668823242188 0.70233154296875 -0.03936767578125
0.0807266235351563 0.04150390625 0.69598388671875 -0.0029296875
0.0423164367675781 -0.0510940551757812 0.60687255859375 0.19085693359375
-0.0358123779296875 -0.0681648254394531 0.5474853515625 0.2589111328125
-0.0457572937011719 -0.0279083251953125 0.342803955078125 0.147979736328125
-0.0497207641601562 -0.034912109375 0.105010986328125 -0.003387451171875
-0.0560951232910156 -0.0401115417480469 -0.157730102539063 -0.157791137695312
-0.0171699523925781 -0.0641212463378906 -0.3953857421875 -0.261627197265625
0.0319671630859375 -0.0770263671875 -0.62353515625 -0.18682861328125
0.0700416564941406 -0.0280914306640625 -0.77447509765625 -0.11163330078125
0.034423828125 0.074615478515625 -0.793701171875 -0.19012451171875
-0.0399246215820313 0.0445480346679688 -0.552032470703125 -0.14117431640625
-0.058807373046875 -0.0588340759277344 -0.158828735351563 -0.044952392578125
-0.052337646484375 -0.04766845703125 0.0617408752441406 -0.0365142822265625
-0.0472679138183594 0.049468994140625 0.517730712890625 0.094696044921875
0.00713729858398437 0.0583686828613281 0.705078125 -0.033447265625
0.0510330200195313 0.0310325622558594 0.683837890625 0.01068115234375
0.0256366729736328 -0.0233955383300781 0.59136962890625 0.21826171875
-0.0157203674316406 -0.0364799499511719 0.548248291015625 0.28448486328125
-0.0113544464111328 -0.0119152069091797 0.354095458984375 0.152679443359375
-0.0201950073242188 -0.0160160064697266 0.113853454589844 -0.00829315185546875
-0.0226554870605469 -0.0235919952392578 -0.1470947265625 -0.16015625
0.0055389404296875 -0.03436279296875 -0.384490966796875 -0.253173828125
0.0273857116699219 -0.0456352233886719 -0.6220703125 -0.16424560546875
0.042327880859375 -0.0243911743164063 -0.77587890625 -0.0806274414062501
0.0300941467285156 0.0422821044921875 -0.7978515625 -0.16900634765625
-0.00383758544921875 0.0277233123779297 -0.55963134765625 -0.136749267578125
-0.0263214111328125 -0.026580810546875 -0.168869018554688 -0.0565948486328125
-0.0221786499023438 0.008453369140625 0.06512451171875 -0.0453987121582031
0.00819015502929688 0.0538444519042969 0.519775390625 0.106536865234375
0.0204677581787109 0.0129318237304687 0.7080078125 -0.0177001953125
0.0167446136474609 0.00869178771972656 0.68121337890625 0.0347900390625
-0.00236320495605469 0.00430655479431152 0.58258056640625 0.243408203125
0.000705838203430176 0.00153481960296631 0.544677734375 0.2984619140625
0.0262985229492188 0.00606727600097656 0.354156494140625 0.15411376953125
0.0129623413085937 0.00260639190673828 0.111129760742188 -0.0155258178710938
0.0136241912841797 -0.00745582580566406 -0.148757934570313 -0.162628173828125
0.0318031311035156 -0.00558853149414063 -0.386871337890625 -0.2451171875
0.0251808166503906 -0.0103130340576172 -0.6243896484375 -0.14154052734375
0.00867462158203125 -0.0151090621948242 -0.7738037109375 -0.0495605468749999
0.0176296234130859 0.00885963439941406 -0.79595947265625 -0.14398193359375
0.0297966003417969 0.0031585693359375 -0.5653076171875 -0.1268310546875
0.013087272644043 0.00574398040771484 -0.172317504882813 -0.06005859375
0.00731277465820313 0.0638694763183594 0.0709991455078125 -0.0377426147460937
0.0620536804199219 0.0589447021484375 0.520355224609375 0.116607666015625
0.0317726135253906 -0.0333805084228516 0.70745849609375 0.00897216796875
-0.0213451385498047 -0.0140914916992187 0.68902587890625 0.07080078125
-0.0339584350585938 0.0323066711425781 0.5836181640625 0.2572021484375
0.0149497985839844 0.037689208984375 0.538848876953125 0.29937744140625
0.0604324340820313 0.0220222473144531 0.342254638671875 0.1478271484375
0.043975830078125 0.0178489685058594 0.0965652465820313 -0.02410888671875
0.048858642578125 0.00511932373046875 -0.162185668945313 -0.165145874023437
0.0555191040039063 0.0211868286132813 -0.4007568359375 -0.240936279296875
0.0202274322509766 0.0235691070556641 -0.63043212890625 -0.12408447265625
-0.0265789031982422 -0.00626754760742187 -0.76727294921875 -0.0224609375
0.00318527221679687 -0.0268745422363281 -0.78936767578125 -0.1163330078125
0.0640792846679688 -0.0227317810058594 -0.56695556640625 -0.1168212890625
0.0522651672363281 0.0401725769042969 -0.165634155273438 -0.0560150146484375
0.0365982055664063 0.104988098144531 0.0791397094726563 -0.0160369873046875
0.105422973632813 0.052490234375 0.52020263671875 0.131103515625
0.02862548828125 -0.0749130249023438 0.7059326171875 0.04656982421875
-0.0576133728027344 -0.0274124145507812 0.70819091796875 0.1087646484375
-0.0575180053710937 0.0587425231933594 0.59259033203125 0.26409912109375
0.0292320251464844 0.0658187866210938 0.525115966796875 0.287384033203125
0.0860061645507813 0.0304946899414063 0.31787109375 0.137359619140625
0.0677719116210938 0.0283737182617188 0.072052001953125 -0.0320205688476562
0.0751190185546875 0.0145034790039063 -0.185592651367188 -0.168319702148437
0.0711517333984375 0.0442123413085937 -0.42315673828125 -0.239837646484375
0.00928497314453125 0.0516319274902344 -0.64068603515625 -0.11865234375
-0.0624656677246094 -0.00498962402343751 -0.7578125 -0.00372314453125006
-0.00649261474609376 -0.0637397766113281 -0.77838134765625 -0.0907592773437499
0.0971450805664063 -0.0421905517578125 -0.5640869140625 -0.10430908203125
0.0850296020507813 0.07415771484375 -0.151382446289063 -0.042510986328125
0.0600814819335937 0.12255859375 0.0914688110351563 0.0155487060546875
0.126556396484375 0.0319290161132813 0.5194091796875 0.149139404296875
0.00981903076171874 -0.102386474609375 0.7086181640625 0.08538818359375
-0.0874252319335938 -0.0232696533203125 0.735107421875 0.13739013671875
-0.0667724609375 0.0802001953125 0.6033935546875 0.255859375
0.0420150756835938 0.0782852172851563 0.50640869140625 0.2666015625
0.100906372070313 0.0308380126953125 0.284515380859375 0.1268310546875
0.0821685791015625 0.0305862426757812 0.0398139953613281 -0.0387496948242188
0.0909957885742188 0.0200729370117188 -0.216201782226563 -0.171676635742187
0.0752639770507813 0.0600204467773438 -0.447418212890625 -0.247772216796875
-0.00795364379882813 0.0701255798339844 -0.647705078125 -0.1243896484375
-0.0941314697265625 -0.0110702514648438 -0.74127197265625 0.00329589843749986
-0.00533294677734374 -0.09619140625 -0.76519775390625 -0.0667724609374999
0.127449035644531 -0.0491485595703125 -0.559356689453125 -0.0947265624999999
0.103187561035156 0.105628967285156 -0.133392333984375 -0.020843505859375
-0.122398376464844 -0.105697631835938 0.0931549072265625 0.0405807495117187
-0.116340637207031 0.0927200317382812 0.51922607421875 0.10101318359375
0.0291900634765625 0.120140075683594 0.71063232421875 -0.00994873046874999
0.102363586425781 0.0236282348632813 0.73797607421875 -0.00506591796875
0.0295333862304687 -0.0913238525390625 0.6304931640625 0.139892578125
-0.073516845703125 -0.0944976806640625 0.519317626953125 0.208770751953125
-0.0895843505859375 -0.045806884765625 0.2877197265625 0.136932373046875
-0.0863800048828125 -0.064697265625 0.0570144653320312 0.000450134277343746
-0.0958099365234375 -0.0697479248046875 -0.211029052734375 -0.162490844726562
-0.0370254516601562 -0.107688903808594 -0.44073486328125 -0.293609619140625
0.0501174926757813 -0.10638427734375 -0.63031005859375 -0.2408447265625
0.0979766845703125 -0.00928497314453125 -0.7469482421875 -0.14752197265625
0.00507354736328126 0.112373352050781 -0.7679443359375 -0.18255615234375
-0.0974044799804688 0.0363616943359375 -0.53973388671875 -0.129852294921875
-0.0875778198242188 -0.107566833496094 -0.130142211914062 0.00427246093749999
-0.108375549316406 -0.106597900390625 0.075164794921875 0.0134429931640625
-0.115165710449219 0.0746307373046875 0.51458740234375 0.092742919921875
0.015869140625 0.119544982910156 0.703857421875 -0.02734375
0.100311279296875 0.037628173828125 0.71478271484375 -0.0072021484375
0.0425338745117187 -0.0766525268554688 0.6217041015625 0.16510009765625
-0.0568695068359375 -0.088043212890625 0.53759765625 0.233734130859375
-0.073516845703125 -0.0389633178710938 0.318450927734375 0.142120361328125
-0.0731201171875 -0.0513458251953125 0.084381103515625 0.000595092773437497
-0.08282470703125 -0.0560379028320312 -0.179763793945313 -0.157669067382813
-0.0320892333984375 -0.0903167724609375 -0.41448974609375 -0.2760009765625
0.0405654907226562 -0.0992507934570313 -0.629638671875 -0.21368408203125
0.0913619995117188 -0.0234146118164063 -0.76605224609375 -0.1356201171875
0.02606201171875 0.099273681640625 -0.7828369140625 -0.19451904296875
-0.0736312866210938 0.04730224609375 -0.545135498046875 -0.1396484375
-0.0807418823242187 -0.086944580078125 -0.144485473632813 -0.0237579345703125
-0.0833969116210938 -0.0866317749023437 0.0638275146484375 -0.0149307250976563
-0.0904312133789063 0.0571823120117187 0.517852783203125 0.09228515625
0.00609588623046874 0.0963516235351562 0.703857421875 -0.0369873046875
0.0812606811523437 0.0414352416992187 0.6964111328125 -0.00189208984375
0.0414657592773438 -0.0518112182617188 0.60723876953125 0.19183349609375
-0.0361900329589844 -0.0671768188476562 0.548919677734375 0.26116943359375
-0.046295166015625 -0.0272560119628906 0.3428955078125 0.147003173828125
-0.0504913330078125 -0.034942626953125 0.104934692382813 -0.00205230712890625
-0.0568580627441406 -0.0395088195800781 -0.1573486328125 -0.157882690429688
-0.0176010131835938 -0.0636138916015625 -0.395263671875 -0.263031005859375
0.0321426391601563 -0.07763671875 -0.62335205078125 -0.18804931640625
0.07049560546875 -0.0285568237304688 -0.775390625 -0.1102294921875
0.0348739624023437 0.073883056640625 -0.79376220703125 -0.1895751953125
-0.0393180847167969 0.0436744689941406 -0.5526123046875 -0.143463134765625
-0.0597038269042969 -0.0584602355957031 -0.1590576171875 -0.0444488525390625
-0.0524673461914062 -0.0462570190429688 0.0625495910644531 -0.035888671875
-0.0473251342773437 0.0498580932617188 0.518463134765625 0.09613037109375
0.0078277587890625 0.0583572387695313 0.70599365234375 -0.0335693359375
0.051513671875 0.0306434631347656 0.6827392578125 0.01251220703125
0.0254230499267578 -0.0234527587890625 0.590576171875 0.21868896484375
-0.0156021118164063 -0.0356826782226563 0.54998779296875 0.284637451171875
-0.0109825134277344 -0.0111684799194336 0.355865478515625 0.153411865234375
-0.0201663970947266 -0.0156402587890625 0.114875793457031 -0.00769805908203125
-0.0227928161621094 -0.0233440399169922 -0.147430419921875 -0.160308837890625
0.005523681640625 -0.0341472625732422 -0.384368896484375 -0.253021240234375
0.0269813537597656 -0.045623779296875 -0.62152099609375 -0.1649169921875
0.04168701171875 -0.0241432189941406 -0.7750244140625 -0.0814819335937499
0.0306625366210938 0.042633056640625 -0.7979736328125 -0.17144775390625
-0.00402259826660156 0.0269374847412109 -0.559967041015625 -0.13671875
-0.0264949798583984 -0.0268192291259766 -0.17041015625 -0.0568695068359375
-0.0224781036376953 0.0091400146484375 0.0646514892578125 -0.0444297790527344
0.0076446533203125 0.0538825988769531 0.51922607421875 0.104736328125
0.0200824737548828 0.0126972198486328 0.70916748046875 -0.0172119140625
0.0166912078857422 0.00804996490478515 0.6805419921875 0.0382080078125
-0.00219202041625977 0.00452709197998047 0.58392333984375 0.2427978515625
0.00058901309967041 0.0011667013168335 0.54583740234375 0.299346923828125
0.0254001617431641 0.00583648681640625 0.35504150390625 0.154205322265625
0.0131034851074219 0.00290107727050781 0.111381530761719 -0.0152664184570313
0.0137653350830078 -0.00712490081787109 -0.148361206054688 -0.163284301757813
0.0316448211669922 -0.00522041320800781 -0.386810302734375 -0.24591064453125
0.0243148803710937 -0.0108108520507813 -0.623046875 -0.14208984375
0.00860595703125 -0.0150661468505859 -0.7723388671875 -0.0511474609375
0.0176658630371094 0.00915336608886719 -0.7967529296875 -0.14520263671875
0.0311069488525391 0.00281524658203125 -0.56536865234375 -0.12738037109375
0.0128707885742188 0.00637531280517578 -0.172576904296875 -0.0606231689453125
0.00784301757812501 0.0650596618652344 0.0706405639648438 -0.0376052856445312
0.062652587890625 0.0587997436523438 0.518951416015625 0.11627197265625
0.0313377380371094 -0.0334644317626953 0.7091064453125 0.01031494140625
-0.0211677551269531 -0.0140419006347656 0.688720703125 0.0716552734375
-0.0332679748535156 0.0321578979492188 0.58453369140625 0.258056640625
0.0149002075195313 0.0380477905273438 0.54046630859375 0.299896240234375
0.0607032775878906 0.0213203430175781 0.3428955078125 0.146881103515625
0.0435104370117188 0.0182838439941406 0.0970230102539063 -0.023956298828125
0.0487480163574219 0.00482177734375 -0.162185668945312 -0.165878295898438
0.0553054809570313 0.0210723876953125 -0.400482177734375 -0.24114990234375
0.0202083587646484 0.0237503051757812 -0.63128662109375 -0.125244140625
-0.0268440246582031 -0.00696563720703125 -0.767578125 -0.0226440429687499
0.00282096862792969 -0.027008056640625 -0.78753662109375 -0.11761474609375
0.0633277893066406 -0.0229225158691406 -0.5675048828125 -0.11822509765625
0.0526084899902344 0.0408859252929688 -0.16741943359375 -0.0561065673828125
0.0372238159179688 0.105728149414063 0.0791244506835938 -0.015625
0.106376647949219 0.05206298828125 0.519256591796875 0.132415771484375
0.0287094116210937 -0.0754852294921875 0.7076416015625 0.04742431640625
-0.0586433410644531 -0.0266532897949219 0.70660400390625 0.109130859375
-0.0576438903808594 0.0588722229003906 0.5941162109375 0.26385498046875
0.0293388366699219 0.0656585693359375 0.525299072265625 0.28814697265625
0.0858840942382813 0.0296249389648438 0.318817138671875 0.1380615234375
0.0679397583007813 0.0279960632324219 0.0719833374023438 -0.0314712524414062
0.0758895874023438 0.0144195556640625 -0.185501098632813 -0.167800903320312
0.0715866088867188 0.0435867309570313 -0.42431640625 -0.2420654296875
0.00940322875976562 0.0528793334960937 -0.640380859375 -0.11834716796875
-0.0626564025878906 -0.00433349609375 -0.7572021484375 -0.0032348632812499
-0.00597763061523438 -0.06414794921875 -0.7789306640625 -0.0907592773437501
0.0970077514648438 -0.0422821044921875 -0.564453125 -0.10552978515625
0.0854949951171875 0.0750961303710938 -0.152145385742187 -0.0434722900390625
0.061279296875 0.123100280761719 0.0922622680664063 0.0158233642578125
0.127006530761719 0.0313720703125 0.51873779296875 0.149261474609375
0.00867462158203126 -0.102432250976563 0.7103271484375 0.0870361328125
-0.087982177734375 -0.023162841796875 0.7340087890625 0.1375732421875
-0.0659103393554688 0.0813064575195313 0.6026611328125 0.2559814453125
0.0430755615234375 0.0778884887695313 0.507049560546875 0.26690673828125
0.101203918457031 0.0293502807617188 0.28460693359375 0.12603759765625
0.0826187133789062 0.0308074951171875 0.03997802734375 -0.0383186340332031
0.090606689453125 0.0205307006835938 -0.216827392578125 -0.173248291015625
0.0765228271484375 0.0592880249023438 -0.448699951171875 -0.248687744140625
-0.00760650634765625 0.0704879760742188 -0.6483154296875 -0.12548828125
-0.0941390991210938 -0.0105209350585937 -0.74249267578125 0.00415039062500002
-0.00565338134765625 -0.096527099609375 -0.7664794921875 -0.0665893554687498
0.127426147460938 -0.0499114990234375 -0.560211181640625 -0.0942687988281251
0.103897094726563 0.105278015136719 -0.133270263671875 -0.0216598510742188
-0.123664855957031 -0.104934692382812 0.0941696166992188 0.0418853759765625
-0.11712646484375 0.0939712524414063 0.520294189453125 0.100921630859375
0.0295257568359375 0.120780944824219 0.7119140625 -0.00738525390624999
0.1036376953125 0.0240020751953125 0.74041748046875 -0.0040283203125
0.030120849609375 -0.0917282104492188 0.63092041015625 0.14117431640625
-0.0740509033203125 -0.0946884155273438 0.520904541015625 0.20977783203125
-0.0891342163085937 -0.044769287109375 0.28875732421875 0.1370849609375
-0.0868682861328125 -0.0642242431640625 0.0567893981933594 0.00107574462890625
-0.09649658203125 -0.0686721801757813 -0.210983276367188 -0.162246704101562
-0.0370559692382813 -0.108352661132813 -0.44146728515625 -0.294036865234375
0.0501022338867187 -0.107040405273437 -0.63226318359375 -0.23931884765625
0.098724365234375 -0.0091552734375 -0.74774169921875 -0.14801025390625
0.00634002685546876 0.112617492675781 -0.7694091796875 -0.1829833984375
-0.09686279296875 0.03662109375 -0.542388916015625 -0.12921142578125
-0.0887451171875 -0.107200622558594 -0.131477355957031 0.00362396240234373
-0.109832763671875 -0.106277465820312 0.0764007568359375 0.0139617919921875
-0.115570068359375 0.0753250122070313 0.516937255859375 0.09246826171875
0.01629638671875 0.119712829589844 0.70501708984375 -0.0279541015625
0.102302551269531 0.0366439819335937 0.71728515625 -0.0048828125
0.0427780151367188 -0.0765838623046875 0.6234130859375 0.16607666015625
-0.0571517944335938 -0.0882110595703125 0.540435791015625 0.23388671875
-0.0738906860351563 -0.0389938354492188 0.319671630859375 0.142578125
-0.074310302734375 -0.0516281127929688 0.0859909057617188 0.00156402587890625
-0.08355712890625 -0.0555801391601562 -0.179840087890625 -0.158355712890625
-0.032684326171875 -0.0899124145507813 -0.41546630859375 -0.277313232421875
0.0402603149414063 -0.0995025634765625 -0.62957763671875 -0.21490478515625
0.0919189453125 -0.0226058959960938 -0.76702880859375 -0.1351318359375
0.0264739990234375 0.100173950195313 -0.78521728515625 -0.19647216796875
-0.0732498168945313 0.046783447265625 -0.547637939453125 -0.141754150390625
-0.0815353393554688 -0.0875244140625 -0.145401000976563 -0.0249481201171875
-0.0840377807617188 -0.086273193359375 0.0647239685058594 -0.0142059326171875
-0.0907669067382813 0.0574111938476562 0.518829345703125 0.0919189453125
0.00630950927734375 0.0968170166015625 0.70458984375 -0.03582763671875
0.0817337036132813 0.04144287109375 0.695068359375 -0.00103759765625
0.0421600341796875 -0.0520172119140625 0.6090087890625 0.19293212890625
-0.0362739562988281 -0.0685310363769531 0.552276611328125 0.25994873046875
-0.0456771850585938 -0.0277366638183594 0.344207763671875 0.14752197265625
-0.0501556396484375 -0.034454345703125 0.105316162109375 -0.001678466796875
-0.0579795837402344 -0.0392341613769531 -0.157546997070312 -0.15826416015625
-0.01739501953125 -0.0638809204101563 -0.395233154296875 -0.264495849609375
0.0312652587890625 -0.0775604248046875 -0.6243896484375 -0.18927001953125
0.07061767578125 -0.0286178588867188 -0.77716064453125 -0.11138916015625
0.0351181030273438 0.0744857788085938 -0.794921875 -0.18939208984375
-0.0393180847167969 0.0443916320800781 -0.5535888671875 -0.144317626953125
-0.0606460571289063 -0.0583572387695313 -0.160919189453125 -0.0453643798828125
-0.0533180236816406 -0.0454864501953125 0.0630264282226563 -0.0355377197265625
-0.0467910766601562 0.0501899719238281 0.519927978515625 0.09674072265625
0.008331298828125 0.0588150024414063 0.70831298828125 -0.0316162109375
0.0521926879882813 0.030181884765625 0.68505859375 0.014892578125
0.0250740051269531 -0.0238914489746094 0.5941162109375 0.2215576171875
-0.0168685913085938 -0.0366706848144531 0.552825927734375 0.285430908203125
-0.0113029479980469 -0.011662483215332 0.35711669921875 0.152618408203125
-0.0201244354248047 -0.0158920288085937 0.114372253417969 -0.007537841796875
-0.0237655639648437 -0.0221729278564453 -0.146713256835938 -0.16094970703125
0.00578117370605468 -0.0339679718017578 -0.38525390625 -0.256439208984375
0.026885986328125 -0.0459175109863281 -0.62152099609375 -0.1654052734375
0.0419387817382813 -0.024871826171875 -0.7772216796875 -0.0822753906249999
0.0311775207519531 0.0431556701660156 -0.799560546875 -0.17120361328125
-0.00385093688964844 0.0278415679931641 -0.561859130859375 -0.1380615234375
-0.0276546478271484 -0.0264987945556641 -0.170944213867188 -0.057373046875
-0.0221633911132812 0.0101318359375 0.0656318664550781 -0.044189453125
0.00783538818359375 0.0544891357421875 0.5218505859375 0.10626220703125
0.0204353332519531 0.0122222900390625 0.70965576171875 -0.01629638671875
0.0172367095947266 0.0083150863647461 0.6820068359375 0.03857421875
-0.00243473052978516 0.00444364547729492 0.58447265625 0.24542236328125
0.00066375732421875 0.00136673450469971 0.548553466796875 0.301727294921875
0.0267410278320312 0.00545120239257812 0.356109619140625 0.1536865234375
0.013031005859375 0.00321483612060547 0.111923217773438 -0.0153121948242187
0.0132198333740234 -0.00698757171630859 -0.147628784179688 -0.163543701171875
0.032318115234375 -0.0058135986328125 -0.3880615234375 -0.24822998046875
0.0251369476318359 -0.0106620788574219 -0.62420654296875 -0.14190673828125
0.00869178771972656 -0.0159063339233398 -0.7747802734375 -0.0509033203125
0.0187263488769531 0.00918388366699219 -0.79736328125 -0.14642333984375
0.0310249328613281 0.00214576721191406 -0.56829833984375 -0.12811279296875
0.012608528137207 0.00746250152587891 -0.173233032226563 -0.06146240234375
0.0075225830078125 0.0658187866210938 0.0716018676757813 -0.0369110107421875
0.0633049011230469 0.0597381591796875 0.52264404296875 0.117523193359375
0.0301761627197266 -0.0341281890869141 0.70965576171875 0.01141357421875
-0.0212345123291016 -0.0135288238525391 0.68939208984375 0.07244873046875
-0.0334720611572266 0.0322856903076172 0.58587646484375 0.25933837890625
0.0149383544921875 0.0375823974609375 0.541595458984375 0.30084228515625
0.0607490539550781 0.0206871032714844 0.3447265625 0.14764404296875
0.0434188842773438 0.0182685852050781 0.09722900390625 -0.02435302734375
0.0487442016601563 0.00525283813476563 -0.161849975585938 -0.166305541992188
0.0560722351074219 0.0200424194335938 -0.401153564453125 -0.24310302734375
0.0201225280761719 0.0239524841308594 -0.63140869140625 -0.12701416015625
-0.0266361236572266 -0.00629425048828124 -0.7686767578125 -0.024658203125
0.00389862060546875 -0.0270442962646484 -0.79132080078125 -0.1187744140625
0.0634994506835938 -0.0240898132324219 -0.5699462890625 -0.1175537109375
0.0519943237304688 0.0412712097167969 -0.16705322265625 -0.0568084716796875
0.0380401611328125 0.107139587402344 0.0797958374023438 -0.0154953002929687
0.106788635253906 0.0525054931640625 0.522003173828125 0.13275146484375
0.029144287109375 -0.0756988525390625 0.708740234375 0.04888916015625
-0.0589179992675781 -0.026458740234375 0.70941162109375 0.10992431640625
-0.056915283203125 0.0599861145019531 0.593994140625 0.2646484375
0.0299720764160156 0.0657920837402344 0.528656005859375 0.28759765625
0.0874862670898438 0.0294418334960938 0.3194580078125 0.137664794921875
0.068145751953125 0.0283355712890625 0.0720596313476563 -0.0317764282226563
0.07586669921875 0.0141754150390625 -0.1854248046875 -0.169464111328125
0.0726089477539063 0.0430068969726562 -0.423919677734375 -0.243743896484375
0.00983428955078124 0.0526580810546875 -0.64068603515625 -0.11907958984375
-0.063720703125 -0.00331878662109376 -0.75946044921875 -0.00408935546875015
-0.00624465942382812 -0.0640830993652344 -0.781494140625 -0.0913085937499999
0.0972900390625 -0.0435409545898438 -0.56683349609375 -0.1048583984375
0.0857696533203125 0.0750579833984375 -0.15277099609375 -0.043792724609375
0.062469482421875 0.123466491699219 0.0929794311523438 0.0157012939453125
0.128501892089844 0.0312423706054688 0.520599365234375 0.15087890625
0.0087127685546875 -0.102813720703125 0.708984375 0.0894775390625
-0.0883407592773438 -0.0234527587890625 0.73480224609375 0.13873291015625
-0.065765380859375 0.0820693969726563 0.60546875 0.2578125
0.043609619140625 0.0776824951171875 0.508453369140625 0.26751708984375
0.102317810058594 0.0288238525390625 0.2860107421875 0.12689208984375
0.0833892822265625 0.0308837890625 0.0395927429199219 -0.0380439758300781
0.0921707153320313 0.0191497802734375 -0.217269897460937 -0.174224853515625
0.0782623291015625 0.0592117309570313 -0.44879150390625 -0.251129150390625
-0.0074615478515625 0.0712051391601563 -0.65008544921875 -0.125244140625
-0.0954513549804688 -0.00972747802734375 -0.7449951171875 0.00280761718749994
-0.00621795654296876 -0.0970001220703125 -0.7659912109375 -0.0676879882812501
0.127281188964844 -0.0508499145507813 -0.56219482421875 -0.0956115722656249
0.105216979980469 0.105415344238281 -0.133682250976563 -0.0223388671875
-0.124443054199219 -0.104255676269531 0.095428466796875 0.04217529296875
-0.116630554199219 0.09454345703125 0.5218505859375 0.10052490234375
0.0299835205078125 0.120895385742188 0.7135009765625 -0.00628662109374999
0.104598999023438 0.0224838256835938 0.74237060546875 -0.00323486328125
0.0295867919921875 -0.0918960571289063 0.63482666015625 0.1407470703125
-0.0748291015625 -0.0952911376953125 0.524505615234375 0.2095947265625
-0.0902938842773438 -0.04498291015625 0.2899169921875 0.137725830078125
-0.0871810913085938 -0.0630416870117187 0.0574264526367187 0.00197982788085937
-0.0977096557617188 -0.0685195922851563 -0.211807250976562 -0.162872314453125
-0.0375442504882812 -0.109466552734375 -0.44287109375 -0.294891357421875
0.0499267578125 -0.107978820800781 -0.63580322265625 -0.24139404296875
0.0993499755859375 -0.0101165771484375 -0.75067138671875 -0.148193359375
0.00630950927734376 0.113571166992187 -0.7718505859375 -0.18231201171875
-0.096588134765625 0.037109375 -0.543670654296875 -0.12969970703125
-0.0893325805664063 -0.1082763671875 -0.131576538085938 0.00318908691406248
-0.11016845703125 -0.104904174804688 0.0769577026367188 0.0138626098632812
-0.115814208984375 0.0764999389648437 0.51995849609375 0.09368896484375
0.0161819458007813 0.120063781738281 0.70892333984375 -0.02593994140625
0.10235595703125 0.0366058349609375 0.71697998046875 -0.00457763671875
0.0419464111328125 -0.0771713256835938 0.62554931640625 0.166259765625
-0.0585708618164063 -0.0882186889648438 0.54315185546875 0.234588623046875
-0.0745086669921875 -0.0381088256835937 0.32159423828125 0.143096923828125
-0.074676513671875 -0.0501785278320313 0.0858993530273438 0.00144195556640625
-0.084503173828125 -0.05426025390625 -0.18017578125 -0.158203125
-0.0331649780273437 -0.0901641845703125 -0.418609619140625 -0.2794189453125
0.0392913818359375 -0.100120544433594 -0.632080078125 -0.21514892578125
0.092437744140625 -0.0237197875976562 -0.77020263671875 -0.135986328125
0.0279312133789063 0.0999984741210938 -0.7882080078125 -0.19512939453125
-0.0725936889648438 0.0479507446289062 -0.5491943359375 -0.141845703125
-0.0832748413085938 -0.0871124267578125 -0.146194458007813 -0.025238037109375
-0.0842514038085937 -0.0861053466796875 0.0653800964355469 -0.0137405395507813
-0.0917816162109375 0.057769775390625 0.51904296875 0.092010498046875
0.00673675537109374 0.0973892211914063 0.70489501953125 -0.0364990234375
0.0831756591796875 0.0405502319335937 0.6962890625 -0.000671386718749998
0.042083740234375 -0.0522041320800781 0.611083984375 0.1937255859375
-0.0368804931640625 -0.0678176879882813 0.554840087890625 0.260650634765625
-0.0468177795410156 -0.0277214050292969 0.346343994140625 0.147705078125
-0.0516471862792969 -0.0342597961425781 0.106178283691406 -0.00189208984375
-0.0578155517578125 -0.0384979248046875 -0.158599853515625 -0.15869140625
-0.0176811218261719 -0.0641860961914063 -0.397796630859375 -0.263824462890625
0.0318603515625 -0.0774612426757813 -0.62872314453125 -0.18988037109375
0.0708847045898438 -0.0291824340820313 -0.779541015625 -0.1124267578125
0.0362930297851562 0.0748062133789063 -0.79754638671875 -0.18896484375
-0.0389518737792969 0.0436477661132813 -0.5560302734375 -0.144622802734375
-0.0618057250976562 -0.0580368041992188 -0.161956787109375 -0.046356201171875
-0.0529556274414063 -0.0449676513671875 0.0631675720214844 -0.0350723266601563
-0.0468292236328125 0.0508880615234375 0.521392822265625 0.096282958984375
0.00841140747070312 0.0584564208984375 0.7095947265625 -0.03118896484375
0.0527381896972656 0.0298233032226563 0.68682861328125 0.0147705078125
0.0260810852050781 -0.0238971710205078 0.5960693359375 0.220458984375
-0.0166053771972656 -0.0367431640625 0.55511474609375 0.28546142578125
-0.0108070373535156 -0.0115976333618164 0.358489990234375 0.152618408203125
-0.0212230682373047 -0.0151157379150391 0.115737915039062 -0.0076904296875
-0.0240745544433594 -0.0225620269775391 -0.146560668945313 -0.161270141601562
0.00531387329101563 -0.0343894958496094 -0.38690185546875 -0.2562255859375
0.0267753601074219 -0.045806884765625 -0.62420654296875 -0.16510009765625
0.0418167114257813 -0.0246391296386719 -0.77960205078125 -0.0805664062500001
0.0323333740234375 0.0429916381835938 -0.802001953125 -0.17181396484375
-0.00317955017089844 0.0279521942138672 -0.56402587890625 -0.13946533203125
-0.0273075103759766 -0.0262298583984375 -0.172348022460937 -0.057647705078125
-0.0220851898193359 0.0101108551025391 0.0658454895019531 -0.0439262390136719
0.00854873657226562 0.0544395446777344 0.524383544921875 0.10455322265625
0.0201606750488281 0.0128917694091797 0.712890625 -0.0167236328125
0.0174360275268555 0.00852584838867188 0.68316650390625 0.03912353515625
-0.00294733047485351 0.00491094589233399 0.5860595703125 0.24676513671875
0.000665187835693359 0.0016862154006958 0.552215576171875 0.300384521484375
0.0265159606933594 0.00546455383300781 0.358734130859375 0.15423583984375
0.0127468109130859 0.00267219543457031 0.112640380859375 -0.0149459838867188
0.0138092041015625 -0.00702571868896484 -0.147933959960937 -0.164566040039063
0.0329093933105469 -0.00537490844726563 -0.388885498046875 -0.247528076171875
0.0243759155273438 -0.0100936889648438 -0.62750244140625 -0.14251708984375
0.00887012481689453 -0.0151567459106445 -0.77655029296875 -0.04974365234375
0.0185260772705078 0.0089874267578125 -0.80047607421875 -0.1456298828125
0.0312328338623047 0.00186347961425781 -0.5673828125 -0.12884521484375
0.0122575759887695 0.00712299346923828 -0.175247192382813 -0.062164306640625
0.00854110717773437 0.0667037963867188 0.0714263916015625 -0.0364532470703125
0.0631790161132813 0.0589981079101562 0.523651123046875 0.116912841796875
0.0309371948242188 -0.0344448089599609 0.71197509765625 0.01226806640625
-0.0212440490722656 -0.0138759613037109 0.6917724609375 0.07171630859375
-0.0331287384033203 0.0325908660888672 0.58758544921875 0.2607421875
0.0160331726074219 0.0381927490234375 0.54449462890625 0.300201416015625
0.0615005493164063 0.0201148986816406 0.346466064453125 0.14666748046875
0.0438346862792969 0.0180091857910156 0.0971755981445312 -0.0237045288085937
0.0489006042480469 0.00445175170898438 -0.160995483398438 -0.167404174804687
0.0564651489257813 0.0201644897460938 -0.40362548828125 -0.24395751953125
0.0203571319580078 0.0243282318115234 -0.63470458984375 -0.12646484375
-0.0276241302490234 -0.00553131103515625 -0.771240234375 -0.0223999023437501
0.00391960144042968 -0.0271568298339844 -0.79425048828125 -0.1187744140625
0.0640716552734375 -0.0239601135253906 -0.57147216796875 -0.11834716796875
0.0531387329101563 0.041595458984375 -0.16845703125 -0.0574951171875
0.038818359375 0.108299255371094 0.0800399780273438 -0.01434326171875
0.107894897460938 0.0517654418945313 0.523345947265625 0.13372802734375
0.0273208618164062 -0.0759658813476563 0.70977783203125 0.04949951171875
-0.0587615966796875 -0.0267066955566406 0.7103271484375 0.11285400390625
-0.0568885803222656 0.0608673095703125 0.594970703125 0.26483154296875
0.0299568176269531 0.0654792785644531 0.53277587890625 0.290313720703125
0.088226318359375 0.0282135009765625 0.3221435546875 0.137176513671875
0.0695953369140625 0.0279350280761719 0.0725173950195313 -0.0318450927734375
0.0767059326171875 0.0141983032226563 -0.185928344726563 -0.169357299804688
0.0734024047851563 0.0428543090820313 -0.425537109375 -0.24444580078125
0.00959396362304687 0.0534095764160156 -0.64385986328125 -0.1185302734375
-0.0633277893066406 -0.00327682495117189 -0.76092529296875 -0.00408935546874992
-0.00677871704101562 -0.0646018981933594 -0.78271484375 -0.0923461914062499
0.0977020263671875 -0.04547119140625 -0.57025146484375 -0.106689453125
0.0861663818359375 0.075531005859375 -0.153610229492188 -0.0445098876953125
0.0631256103515625 0.124374389648438 0.093780517578125 0.016937255859375
0.128486633300781 0.0308990478515625 0.5225830078125 0.149383544921875
0.007843017578125 -0.103179931640625 0.71368408203125 0.08905029296875
-0.08905029296875 -0.023193359375 0.73834228515625 0.13861083984375
-0.0650177001953125 0.0826492309570312 0.60601806640625 0.2586669921875
0.04364013671875 0.0773239135742188 0.511138916015625 0.267120361328125
0.102073669433594 0.0277252197265625 0.288330078125 0.12567138671875
0.0831451416015625 0.0299606323242188 0.0400161743164063 -0.037628173828125
0.0923385620117188 0.0188064575195313 -0.216751098632813 -0.173492431640625
0.0790023803710937 0.0593109130859375 -0.450775146484375 -0.2513427734375
-0.007080078125 0.0718841552734375 -0.6512451171875 -0.1263427734375
-0.0951995849609375 -0.00915527343750001 -0.74615478515625 0.00427246093749988
-0.00624847412109376 -0.0970916748046875 -0.76947021484375 -0.0692138671875002
0.127174377441406 -0.0522537231445313 -0.56494140625 -0.09442138671875
0.105903625488281 0.106124877929688 -0.134674072265625 -0.0224990844726563
-0.125625610351563 -0.103721618652344 0.096282958984375 0.0428695678710937
-0.117141723632812 0.095916748046875 0.5247802734375 0.10003662109375
0.0311431884765625 0.121650695800781 0.7171630859375 -0.00689697265624999
0.105941772460938 0.0215301513671875 0.74554443359375 -0.002685546875
0.02972412109375 -0.0922317504882813 0.63714599609375 0.1396484375
-0.075714111328125 -0.0960464477539062 0.525543212890625 0.20947265625
-0.0906295776367188 -0.0444488525390625 0.29107666015625 0.13800048828125
-0.0887908935546875 -0.0626678466796875 0.0574378967285156 0.00202178955078125
-0.0990982055664063 -0.0674591064453125 -0.212295532226562 -0.162841796875
-0.038055419921875 -0.109214782714844 -0.444976806640625 -0.29547119140625
0.04925537109375 -0.108360290527344 -0.63897705078125 -0.24090576171875
0.100028991699219 -0.010711669921875 -0.75384521484375 -0.14898681640625
0.00724029541015624 0.113754272460938 -0.77484130859375 -0.1827392578125
-0.0966033935546875 0.0370254516601563 -0.546142578125 -0.130462646484375
-0.090789794921875 -0.107772827148437 -0.132293701171875 0.00321960449218746
-0.111686706542969 -0.104873657226563 0.077301025390625 0.0146865844726562
-0.116157531738281 0.0769500732421875 0.521392822265625 0.0931396484375
0.017425537109375 0.120246887207031 0.71038818359375 -0.02740478515625
0.103706359863281 0.03619384765625 0.72021484375 -0.00518798828125
0.0427780151367187 -0.0783538818359375 0.6273193359375 0.1656494140625
-0.0595474243164063 -0.0885009765625 0.546661376953125 0.233428955078125
-0.0745010375976563 -0.038238525390625 0.32318115234375 0.14300537109375
-0.0761489868164063 -0.0501022338867187 0.0865554809570313 0.0026397705078125
-0.0846176147460938 -0.0542373657226562 -0.181427001953125 -0.157760620117188
-0.0333786010742187 -0.0909194946289063 -0.4189453125 -0.27899169921875
0.0399398803710938 -0.100761413574219 -0.63427734375 -0.21539306640625
0.0927352905273438 -0.0240020751953125 -0.77294921875 -0.1357421875
0.0283889770507812 0.100852966308594 -0.7911376953125 -0.19451904296875
-0.0721664428710938 0.0478363037109375 -0.550384521484375 -0.142181396484375
-0.084716796875 -0.08673095703125 -0.146820068359375 -0.02532958984375
-0.0860137939453125 -0.0855026245117188 0.066619873046875 -0.0140495300292969
-0.091064453125 0.05877685546875 0.52227783203125 0.092132568359375
0.00595855712890626 0.098052978515625 0.7088623046875 -0.03607177734375
0.0841445922851562 0.0407562255859375 0.69940185546875 -0.000732421874999998
0.0425148010253906 -0.0530357360839844 0.6141357421875 0.19317626953125
-0.0374984741210937 -0.0676002502441406 0.558563232421875 0.2618408203125
-0.0461578369140625 -0.0265464782714844 0.347808837890625 0.148193359375
-0.0522994995117187 -0.0331344604492188 0.106330871582031 -0.00147247314453125
-0.0590858459472656 -0.037322998046875 -0.158279418945312 -0.158782958984375
-0.0174980163574219 -0.0638504028320313 -0.399078369140625 -0.265838623046875
0.0308456420898438 -0.07843017578125 -0.62884521484375 -0.19000244140625
0.071563720703125 -0.0300979614257813 -0.7828369140625 -0.11138916015625
0.0369110107421875 0.0745925903320313 -0.80126953125 -0.19122314453125
-0.0390167236328125 0.0446395874023437 -0.55987548828125 -0.144989013671875
-0.0628509521484375 -0.0577926635742187 -0.162765502929688 -0.046112060546875
-0.0544090270996094 -0.0444602966308594 0.0632591247558594 -0.0351791381835938
-0.0466461181640625 0.0504913330078125 0.524200439453125 0.09539794921875
0.008331298828125 0.0584678649902344 0.7108154296875 -0.0330810546875
0.0540237426757813 0.0297431945800781 0.68719482421875 0.014404296875
0.0254154205322266 -0.0238876342773438 0.598876953125 0.22113037109375
-0.0172767639160156 -0.0366172790527344 0.5592041015625 0.285888671875
-0.0107326507568359 -0.0123329162597656 0.360382080078125 0.15313720703125
-0.0214595794677734 -0.0155868530273438 0.116111755371094 -0.00724029541015625
-0.024444580078125 -0.0215644836425781 -0.147979736328125 -0.16119384765625
0.00564193725585938 -0.0346527099609375 -0.387939453125 -0.257171630859375
0.0269393920898438 -0.0462646484375 -0.6263427734375 -0.1634521484375
0.0417213439941406 -0.0248603820800781 -0.78363037109375 -0.0816040039062502
0.0327262878417969 0.043060302734375 -0.80401611328125 -0.17144775390625
-0.00313758850097656 0.0272903442382813 -0.56573486328125 -0.1400146484375
-0.0285224914550781 -0.0252552032470703 -0.173248291015625 -0.058502197265625
-0.0222492218017578 0.0117568969726563 0.0661964416503906 -0.0441513061523438
0.009765625 0.0538825988769531 0.525360107421875 0.10546875
0.0198402404785156 0.0123844146728516 0.715087890625 -0.016357421875
0.0175094604492188 0.00767040252685547 0.6851806640625 0.039794921875
-0.00236129760742188 0.00515222549438476 0.589111328125 0.245849609375
0.000492095947265625 0.000938653945922851 0.5555419921875 0.301544189453125
0.0267143249511719 0.004638671875 0.361083984375 0.1531982421875
0.0131549835205078 0.00387763977050781 0.113067626953125 -0.0149612426757813
0.0130405426025391 -0.00682163238525391 -0.149429321289063 -0.164932250976563
0.0333766937255859 -0.0057830810546875 -0.391998291015625 -0.249664306640625
0.0249748229980469 -0.0102558135986328 -0.628662109375 -0.14190673828125
0.00908756256103515 -0.0150012969970703 -0.7813720703125 -0.0478515625
0.0194358825683594 0.008941650390625 -0.802490234375 -0.145751953125
0.0309543609619141 0.00229644775390625 -0.572265625 -0.12884521484375
0.0121145248413086 0.00737285614013672 -0.176162719726563 -0.0626373291015625
0.00873184204101562 0.0674514770507813 0.072174072265625 -0.0372467041015625
0.0645523071289063 0.0582427978515625 0.52728271484375 0.11676025390625
0.0312328338623047 -0.0349864959716797 0.71405029296875 0.01214599609375
-0.0212898254394531 -0.0136280059814453 0.69439697265625 0.07281494140625
-0.0330219268798828 0.0328483581542969 0.59051513671875 0.2606201171875
0.0162734985351562 0.0369338989257813 0.54766845703125 0.30133056640625
0.0619888305664062 0.0190391540527344 0.348663330078125 0.146942138671875
0.0446853637695313 0.0186424255371094 0.0974884033203125 -0.0235443115234375
0.0489311218261719 0.005218505859375 -0.163070678710938 -0.16766357421875
0.0576438903808594 0.0203475952148437 -0.40478515625 -0.245330810546875
0.0203838348388672 0.0254478454589844 -0.63641357421875 -0.12603759765625
-0.0276050567626953 -0.00599670410156251 -0.7752685546875 -0.0224609375
0.00420761108398438 -0.0276069641113281 -0.79693603515625 -0.118896484375
0.0647430419921875 -0.0250244140625 -0.57470703125 -0.12017822265625
0.0537376403808594 0.0415573120117187 -0.17041015625 -0.057861328125
0.0391693115234375 0.108848571777344 0.0800628662109375 -0.0146942138671875
0.1090087890625 0.0512924194335938 0.525482177734375 0.133514404296875
0.026947021484375 -0.0768203735351563 0.71356201171875 0.04925537109375
-0.0590171813964844 -0.0267181396484375 0.7130126953125 0.1119384765625
-0.0567398071289062 0.0616798400878906 0.5987548828125 0.26556396484375
0.0311698913574219 0.065673828125 0.535491943359375 0.289215087890625
0.0883331298828125 0.027252197265625 0.3232421875 0.136505126953125
0.07073974609375 0.0277481079101563 0.0720062255859375 -0.0313796997070313
0.0773544311523437 0.0143890380859375 -0.18682861328125 -0.170211791992187
0.0748443603515625 0.0422439575195313 -0.427001953125 -0.245330810546875
0.00975799560546875 0.0542945861816406 -0.647705078125 -0.11676025390625
-0.0637664794921875 -0.00204086303710938 -0.764404296875 -0.00372314453124992
-0.00662612915039062 -0.0645370483398438 -0.784912109375 -0.0927124023437502
0.0977935791015625 -0.0461196899414062 -0.57232666015625 -0.107421875
0.0870285034179688 0.07598876953125 -0.155715942382813 -0.045013427734375
0.0634078979492188 0.124946594238281 0.0938644409179688 0.0168380737304688
0.129417419433594 0.0290756225585938 0.524749755859375 0.15045166015625
0.00698852539062499 -0.103111267089844 0.7158203125 0.08905029296875
-0.0894851684570313 -0.0229949951171875 0.74005126953125 0.13934326171875
-0.0652618408203125 0.084075927734375 0.6099853515625 0.2584228515625
0.04443359375 0.0776748657226562 0.514129638671875 0.266937255859375
0.103416442871094 0.0266647338867187 0.2884521484375 0.125244140625
0.08416748046875 0.03021240234375 0.040130615234375 -0.0379562377929688
0.0933609008789062 0.0187301635742188 -0.218048095703125 -0.17462158203125
0.0803070068359375 0.058563232421875 -0.45550537109375 -0.25299072265625
-0.0072479248046875 0.0725631713867188 -0.65643310546875 -0.12493896484375
-0.0957107543945313 -0.00861358642578127 -0.7493896484375 0.00408935546875005
-0.0069427490234375 -0.0979843139648438 -0.77264404296875 -0.0683593749999999
0.1280517578125 -0.0525436401367188 -0.568359375 -0.0962524414062499
0.106491088867188 0.106697082519531 -0.13543701171875 -0.0232925415039063
-0.126922607421875 -0.102348327636719 0.0980453491210937 0.0439529418945313
-0.116683959960937 0.096893310546875 0.5274658203125 0.100128173828125
0.0316085815429687 0.121360778808594 0.72100830078125 -0.00823974609374999
0.106918334960938 0.0218734741210938 0.747802734375 -0.00518798828125
0.0296401977539062 -0.0938339233398438 0.6402587890625 0.13848876953125
-0.077362060546875 -0.0955352783203125 0.531158447265625 0.209075927734375
-0.0911407470703125 -0.0439071655273437 0.293975830078125 0.137420654296875
-0.088958740234375 -0.062255859375 0.0576286315917969 0.0029144287109375
-0.100082397460938 -0.0675277709960938 -0.214096069335937 -0.1624755859375
-0.03802490234375 -0.108840942382813 -0.4500732421875 -0.295166015625
0.049041748046875 -0.109367370605469 -0.6416015625 -0.2412109375
0.101387023925781 -0.01116943359375 -0.75872802734375 -0.149169921875
0.0087738037109375 0.113929748535156 -0.77984619140625 -0.18084716796875
-0.0964736938476563 0.0375213623046875 -0.549407958984375 -0.12994384765625
-0.0925445556640625 -0.107147216796875 -0.132774353027344 0.00360107421875001
-0.112503051757813 -0.103424072265625 0.0784072875976563 0.0154647827148437
-0.115928649902344 0.0784530639648438 0.524017333984375 0.092742919921875
0.0171966552734375 0.121269226074219 0.71337890625 -0.02777099609375
0.104560852050781 0.0351104736328125 0.72174072265625 -0.006103515625
0.0430145263671875 -0.07867431640625 0.6314697265625 0.1649169921875
-0.0599594116210938 -0.089263916015625 0.552581787109375 0.233245849609375
-0.0755691528320312 -0.0376815795898438 0.32574462890625 0.14239501953125
-0.07672119140625 -0.049407958984375 0.0862960815429688 0.002593994140625
-0.085906982421875 -0.05340576171875 -0.182373046875 -0.158203125
-0.0339431762695313 -0.0908050537109375 -0.42181396484375 -0.27862548828125
0.0380859375 -0.10150146484375 -0.637939453125 -0.2142333984375
0.0936508178710938 -0.0257492065429688 -0.777587890625 -0.13397216796875
0.0295639038085938 0.10107421875 -0.79571533203125 -0.1937255859375
-0.0727920532226563 0.0493087768554687 -0.55609130859375 -0.142333984375
-0.0862503051757812 -0.0872726440429688 -0.149002075195313 -0.0258941650390625
-0.086395263671875 -0.0850601196289063 0.0667800903320313 -0.0131034851074219
-0.0919189453125 0.0589752197265625 0.5255126953125 0.091644287109375
0.007720947265625 0.0986557006835938 0.71185302734375 -0.03741455078125
0.0857315063476563 0.0408096313476563 0.70428466796875 -0.00286865234375
0.0423164367675781 -0.0537872314453125 0.61767578125 0.19390869140625
-0.0386085510253906 -0.0687065124511719 0.5626220703125 0.259765625
-0.0471115112304688 -0.0269050598144531 0.351470947265625 0.147552490234375
-0.0526809692382813 -0.0330085754394531 0.107292175292969 -0.00115203857421875
-0.0590667724609375 -0.0380096435546875 -0.159759521484375 -0.158447265625
-0.0184783935546875 -0.0636367797851563 -0.4029541015625 -0.266357421875
0.030029296875 -0.0787734985351563 -0.6312255859375 -0.18902587890625
0.0720138549804688 -0.0302200317382813 -0.78607177734375 -0.108154296875
0.0385589599609375 0.0746612548828125 -0.80609130859375 -0.18792724609375
-0.0378532409667969 0.0449066162109375 -0.561614990234375 -0.144500732421875
-0.0632591247558594 -0.0573959350585938 -0.163955688476563 -0.047088623046875
-0.0542755126953125 -0.0435638427734375 0.0637550354003906 -0.0348701477050781
-0.04656982421875 0.05096435546875 0.527099609375 0.095367431640625
0.008331298828125 0.0591621398925781 0.71484375 -0.0340576171875
0.0542221069335938 0.0298194885253906 0.6904296875 0.0137939453125
0.0255832672119141 -0.0244407653808594 0.6024169921875 0.222900390625
-0.0170974731445312 -0.0368118286132813 0.5633544921875 0.2835693359375
-0.0109825134277344 -0.0124282836914063 0.363433837890625 0.152313232421875
-0.0214214324951172 -0.0142688751220703 0.117027282714844 -0.00792694091796875
-0.0252799987792969 -0.0210323333740234 -0.1478271484375 -0.162078857421875
0.00592231750488281 -0.0348682403564453 -0.391387939453125 -0.258758544921875
0.0263099670410156 -0.0457916259765625 -0.6278076171875 -0.1649169921875
0.0418510437011719 -0.0259437561035156 -0.78656005859375 -0.0781250000000001
0.0325164794921875 0.0429801940917969 -0.8094482421875 -0.17022705078125
-0.00263023376464844 0.02777099609375 -0.5697021484375 -0.14013671875
-0.0293064117431641 -0.0251827239990234 -0.174728393554688 -0.05902099609375
-0.0225181579589844 0.0121078491210938 0.0666999816894531 -0.0433578491210938
0.00823593139648437 0.0545654296875 0.529022216796875 0.104156494140625
0.0201816558837891 0.0126056671142578 0.72003173828125 -0.01873779296875
0.0178546905517578 0.00833320617675781 0.6881103515625 0.0382080078125
-0.00207805633544922 0.00492477416992188 0.59295654296875 0.244873046875
0.000470757484436035 0.000996708869934082 0.55963134765625 0.30010986328125
0.0271625518798828 0.00374984741210937 0.363250732421875 0.152008056640625
0.0129833221435547 0.00332355499267578 0.113883972167969 -0.0150299072265625
0.0136308670043945 -0.00639915466308594 -0.149765014648438 -0.164566040039063
0.0330123901367187 -0.00646209716796875 -0.394012451171875 -0.250732421875
0.0242710113525391 -0.0107688903808594 -0.63214111328125 -0.140625
0.00903892517089844 -0.0152139663696289 -0.7843017578125 -0.0469360351562499
0.0194721221923828 0.00878715515136719 -0.8076171875 -0.14459228515625
0.031158447265625 0.00212669372558594 -0.57586669921875 -0.1282958984375
0.0120534896850586 0.00827598571777344 -0.178192138671875 -0.062896728515625
0.0101737976074219 0.0683364868164063 0.071990966796875 -0.0366363525390625
0.0656394958496094 0.05889892578125 0.529510498046875 0.1158447265625
0.0304069519042969 -0.0352745056152344 0.71826171875 0.0101318359375
-0.0210018157958984 -0.0146064758300781 0.69622802734375 0.0732421875
-0.0329608917236328 0.0339870452880859 0.59417724609375 0.25921630859375
0.0170974731445312 0.0378875732421875 0.551910400390625 0.30133056640625
0.0618972778320313 0.0185890197753906 0.3511962890625 0.144317626953125
0.04522705078125 0.0182647705078125 0.0989303588867188 -0.02398681640625
0.0494918823242188 0.0047760009765625 -0.162857055664063 -0.168426513671875
0.0584831237792969 0.0195274353027344 -0.408355712890625 -0.246368408203125
0.0198879241943359 0.0251426696777344 -0.639404296875 -0.1251220703125
-0.0270309448242187 -0.00539779663085937 -0.77703857421875 -0.0206298828124998
0.00352859497070313 -0.0280036926269531 -0.8018798828125 -0.11712646484375
0.0643081665039063 -0.0256233215332031 -0.578369140625 -0.11920166015625
0.0538558959960938 0.0420036315917969 -0.171844482421875 -0.0583038330078125
0.040985107421875 0.109672546386719 0.0810165405273438 -0.0140151977539062
0.109230041503906 0.0507431030273438 0.5281982421875 0.132415771484375
0.026123046875 -0.0773849487304688 0.718505859375 0.0477294921875
-0.0598602294921875 -0.0259017944335937 0.7169189453125 0.1112060546875
-0.0563392639160156 0.0628280639648438 0.60235595703125 0.2667236328125
0.0317039489746094 0.0652313232421875 0.538909912109375 0.2882080078125
0.0890960693359375 0.0261993408203125 0.3260498046875 0.13592529296875
0.0707931518554688 0.0277099609375 0.0732879638671875 -0.0321731567382813
0.0779647827148438 0.0132064819335938 -0.1876220703125 -0.170578002929688
0.0759506225585938 0.0430755615234375 -0.431427001953125 -0.246002197265625
0.0104484558105469 0.0546493530273438 -0.6505126953125 -0.11651611328125
-0.0638961791992187 -0.00209426879882813 -0.7686767578125 -0.00128173828124991
-0.00657272338867187 -0.0650749206542969 -0.7923583984375 -0.0904541015625
0.098114013671875 -0.0473785400390625 -0.5772705078125 -0.10546875
0.087890625 0.0763931274414063 -0.156951904296875 -0.045440673828125
0.065643310546875 0.12591552734375 0.0943984985351563 0.01690673828125
0.130096435546875 0.0281295776367188 0.527252197265625 0.149383544921875
0.00585174560546875 -0.103668212890625 0.718505859375 0.08929443359375
-0.0898971557617188 -0.0220108032226562 0.7449951171875 0.1387939453125
-0.06396484375 0.0844039916992188 0.6123046875 0.2587890625
0.045562744140625 0.0773696899414063 0.518585205078125 0.267303466796875
0.10418701171875 0.025177001953125 0.29156494140625 0.12493896484375
0.0857467651367188 0.029571533203125 0.0402145385742188 -0.0378837585449219
0.0939407348632812 0.0177383422851562 -0.219772338867187 -0.175064086914063
0.081939697265625 0.0587539672851563 -0.456695556640625 -0.2545166015625
-0.00624847412109374 0.0733642578125 -0.65802001953125 -0.12359619140625
-0.0960845947265625 -0.00761413574218751 -0.7532958984375 0.00598144531250006
-0.00713348388671874 -0.09906005859375 -0.77783203125 -0.0665283203125002
0.128364562988281 -0.0543060302734375 -0.57012939453125 -0.09490966796875
0.108192443847656 0.107131958007812 -0.136436462402344 -0.0232925415039063
-0.128860473632812 -0.102493286132813 0.0981369018554687 0.0433807373046875
-0.11700439453125 0.0977630615234375 0.52972412109375 0.0992431640625
0.0337066650390625 0.121986389160156 0.724853515625 -0.01153564453125
0.107559204101563 0.02008056640625 0.75250244140625 -0.0081787109375
0.0291976928710937 -0.0942916870117188 0.64459228515625 0.13653564453125
-0.0779571533203125 -0.0951004028320312 0.535125732421875 0.207733154296875
-0.0922698974609375 -0.04412841796875 0.29742431640625 0.13726806640625
-0.0909423828125 -0.0618438720703125 0.0583648681640625 0.00335693359375
-0.101264953613281 -0.0658035278320313 -0.216522216796875 -0.162185668945312
-0.0400543212890625 -0.110023498535156 -0.452728271484375 -0.296051025390625
0.0483169555664063 -0.110366821289063 -0.646728515625 -0.23968505859375
0.101547241210938 -0.0119552612304688 -0.76239013671875 -0.14569091796875
0.00992584228515625 0.1148681640625 -0.78521728515625 -0.17828369140625
-0.0972824096679688 0.03863525390625 -0.554107666015625 -0.129119873046875
-0.0936126708984375 -0.107185363769531 -0.132705688476563 0.00254821777343752
-0.114372253417969 -0.102867126464844 0.078460693359375 0.015350341796875
-0.115463256835938 0.0803909301757813 0.52685546875 0.0908203125
0.0181121826171875 0.12158203125 0.71728515625 -0.02947998046875
0.10614013671875 0.0352783203125 0.726318359375 -0.008056640625
0.0426712036132812 -0.080078125 0.63653564453125 0.1632080078125
-0.0608139038085938 -0.0890045166015625 0.556854248046875 0.23150634765625
-0.0760040283203125 -0.0379409790039063 0.3291015625 0.14227294921875
-0.0783233642578125 -0.0491180419921875 0.0868453979492187 0.0029449462890625
-0.0876922607421875 -0.052276611328125 -0.18414306640625 -0.157852172851563
-0.0345077514648437 -0.0913619995117188 -0.4251708984375 -0.2794189453125
0.0380477905273438 -0.102165222167969 -0.642822265625 -0.21441650390625
0.0953750610351563 -0.0260009765625 -0.78271484375 -0.13232421875
0.030120849609375 0.101173400878906 -0.80120849609375 -0.19146728515625
-0.0723876953125 0.04962158203125 -0.557769775390625 -0.14263916015625
-0.0879592895507813 -0.0871734619140625 -0.149856567382813 -0.02545166015625
-0.087158203125 -0.0838394165039062 0.0674858093261719 -0.0130577087402344
-0.0917816162109375 0.0603179931640625 0.527984619140625 0.088836669921875
0.0074462890625 0.0987014770507812 0.716064453125 -0.04046630859375
0.0867767333984375 0.0394821166992188 0.70770263671875 -0.00299072265625
0.0424995422363281 -0.0549201965332031 0.6214599609375 0.19195556640625
-0.0390853881835938 -0.0685081481933594 0.56890869140625 0.25823974609375
-0.0482177734375 -0.02691650390625 0.354095458984375 0.146270751953125
-0.054107666015625 -0.0329551696777344 0.108146667480469 -0.0015106201171875
-0.0608634948730469 -0.0359878540039063 -0.161285400390625 -0.15887451171875
-0.0179252624511719 -0.064208984375 -0.405181884765625 -0.266998291015625
0.030029296875 -0.0793609619140625 -0.6356201171875 -0.1875
0.072998046875 -0.0304794311523438 -0.7900390625 -0.10675048828125
0.0390548706054688 0.0756454467773437 -0.81243896484375 -0.18743896484375
-0.037750244140625 0.0449104309082031 -0.5662841796875 -0.143310546875
-0.0654258728027344 -0.0565299987792969 -0.165481567382813 -0.0469512939453125
-0.0550575256347656 -0.0425758361816406 0.0647354125976562 -0.0351600646972656
-0.0467185974121094 0.0517082214355469 0.531402587890625 0.0943603515625
0.00902557373046875 0.0591011047363281 0.71844482421875 -0.03729248046875
0.054962158203125 0.02984619140625 0.692626953125 0.01153564453125
0.0259742736816406 -0.02484130859375 0.60675048828125 0.22076416015625
-0.0173530578613281 -0.0372543334960938 0.56982421875 0.2840576171875
-0.0107479095458984 -0.0130958557128906 0.367645263671875 0.1512451171875
-0.0223731994628906 -0.0139293670654297 0.117385864257813 -0.00734710693359375
-0.0250930786132812 -0.0200538635253906 -0.14874267578125 -0.162124633789063
0.00589752197265625 -0.0355949401855469 -0.395355224609375 -0.259185791015625
0.0249557495117187 -0.0469932556152344 -0.6334228515625 -0.1619873046875
0.0425262451171875 -0.0250511169433594 -0.79193115234375 -0.0769653320312502
0.0332527160644531 0.0432205200195313 -0.813720703125 -0.16912841796875
-0.00220108032226562 0.0276584625244141 -0.57464599609375 -0.138427734375
-0.0304107666015625 -0.0241584777832031 -0.176788330078125 -0.0587921142578125
-0.0215244293212891 0.0125885009765625 0.0668449401855469 -0.0440177917480469
0.0100326538085938 0.0550460815429688 0.532012939453125 0.102691650390625
0.0196342468261719 0.0125656127929688 0.722412109375 -0.01953125
0.0184459686279297 0.00774765014648438 0.69232177734375 0.0374755859375
-0.00113773345947266 0.00471019744873047 0.5968017578125 0.2457275390625
0.000381112098693848 0.000893294811248779 0.56390380859375 0.2984619140625
0.0270729064941406 0.003753662109375 0.36639404296875 0.150848388671875
0.0132999420166016 0.00438785552978516 0.114524841308594 -0.0149459838867188
0.0139474868774414 -0.00636672973632813 -0.150802612304687 -0.166122436523438
0.0339069366455078 -0.00631332397460938 -0.397857666015625 -0.250762939453125
0.0235137939453125 -0.0102653503417969 -0.63739013671875 -0.13916015625
0.00881290435791016 -0.0151453018188477 -0.78900146484375 -0.0461425781250001
0.020599365234375 0.00890350341796875 -0.8123779296875 -0.14306640625
0.0314140319824219 0.0013427734375 -0.5794677734375 -0.1279296875
0.011958122253418 0.00812435150146484 -0.180206298828125 -0.0626678466796875
0.0105667114257812 0.0690345764160156 0.0721893310546875 -0.0371170043945312
0.0670280456542969 0.0579109191894531 0.533447265625 0.11578369140625
0.0308876037597656 -0.0359077453613281 0.7220458984375 0.0103759765625
-0.0206146240234375 -0.0143489837646484 0.70196533203125 0.0709228515625
-0.0319080352783203 0.0342521667480469 0.59783935546875 0.2591552734375
0.017303466796875 0.0380325317382813 0.559326171875 0.299774169921875
0.0626411437988281 0.0177345275878906 0.35498046875 0.144500732421875
0.0456085205078125 0.0186233520507812 0.099456787109375 -0.0236740112304687
0.04949951171875 0.0050048828125 -0.164260864257813 -0.16851806640625
0.0589485168457031 0.0190963745117188 -0.4117431640625 -0.24749755859375
0.0208454132080078 0.0243473052978516 -0.64422607421875 -0.12225341796875
-0.027130126953125 -0.00505256652832031 -0.78167724609375 -0.0170898437500001
0.00339126586914062 -0.0269241333007813 -0.80645751953125 -0.11572265625
0.0643501281738281 -0.0266685485839844 -0.58209228515625 -0.11785888671875
0.0535621643066406 0.0426177978515625 -0.173263549804688 -0.0582122802734375
0.0415878295898437 0.110061645507812 0.0813446044921875 -0.0146255493164062
0.110679626464844 0.0497283935546875 0.532958984375 0.129852294921875
0.026702880859375 -0.0780258178710938 0.7215576171875 0.046142578125
-0.0610084533691406 -0.0252914428710937 0.7215576171875 0.10870361328125
-0.0560188293457031 0.0632133483886719 0.60693359375 0.2647705078125
0.0327835083007813 0.0656471252441406 0.544036865234375 0.28692626953125
0.0903396606445313 0.0247650146484375 0.328826904296875 0.13336181640625
0.0718154907226563 0.02685546875 0.0734100341796875 -0.0316925048828125
0.0784835815429687 0.0137481689453125 -0.188812255859375 -0.17132568359375
0.0769424438476563 0.0415725708007813 -0.434814453125 -0.24737548828125
0.0112457275390625 0.0548858642578125 -0.6536865234375 -0.11431884765625
-0.0643692016601563 -0.000823974609374987 -0.772216796875 0.00115966796874998
-0.0075531005859375 -0.0658378601074219 -0.798095703125 -0.08831787109375
0.0980682373046875 -0.0482711791992188 -0.5806884765625 -0.10626220703125
0.0893630981445313 0.076446533203125 -0.158477783203125 -0.0449371337890625
0.0669784545898438 0.126167297363281 0.0959091186523438 0.0177078247070313
0.132232666015625 0.0275344848632813 0.53057861328125 0.147735595703125
0.00469970703125 -0.104423522949219 0.723876953125 0.085693359375
-0.0905914306640625 -0.0217514038085938 0.74859619140625 0.137939453125
-0.0638656616210938 0.0864791870117188 0.6146240234375 0.25616455078125
0.046356201171875 0.0772933959960938 0.5225830078125 0.26641845703125
0.104866027832031 0.0235595703125 0.294189453125 0.123870849609375
0.0867385864257813 0.0290374755859375 0.040679931640625 -0.03765869140625
0.0941314697265625 0.0169906616210938 -0.221694946289063 -0.175186157226563
0.0833358764648438 0.057373046875 -0.46038818359375 -0.253753662109375
-0.0056915283203125 0.0737457275390625 -0.66290283203125 -0.12127685546875
-0.0976104736328125 -0.00640869140625001 -0.75738525390625 0.00921630859374985
-0.0083160400390625 -0.0993881225585938 -0.781494140625 -0.0642700195312501
0.129707336425781 -0.0558624267578125 -0.5751953125 -0.0921630859375001
0.109725952148438 0.108154296875 -0.137321472167969 -0.0236282348632812
-0.129478454589844 -0.100936889648438 0.0995407104492187 0.0440521240234375
-0.116104125976563 0.0995025634765625 0.534393310546875 0.0958251953125
0.0341567993164063 0.123085021972656 0.728759765625 -0.01287841796875
0.109237670898437 0.0198516845703125 0.7557373046875 -0.01177978515625
0.0284805297851562 -0.0956878662109375 0.6494140625 0.13427734375
-0.0799179077148437 -0.0960540771484375 0.538818359375 0.205169677734375
-0.0935745239257813 -0.0435333251953125 0.299652099609375 0.136260986328125
-0.092529296875 -0.0606536865234375 0.0586395263671875 0.00423812866210937
-0.102203369140625 -0.0652236938476563 -0.218032836914063 -0.161300659179687
-0.040802001953125 -0.109817504882813 -0.456451416015625 -0.293731689453125
0.0479888916015625 -0.111167907714844 -0.651611328125 -0.2371826171875
0.10247802734375 -0.0136184692382813 -0.76947021484375 -0.1427001953125
0.01104736328125 0.114967346191406 -0.790283203125 -0.17474365234375
-0.0968093872070313 0.0393142700195313 -0.557281494140625 -0.127166748046875
-0.0954818725585938 -0.106521606445313 -0.13458251953125 0.00299072265624998
-0.116004943847656 -0.102203369140625 0.07952880859375 0.0151290893554687
-0.116462707519531 0.0805435180664063 0.531036376953125 0.08807373046875
0.019775390625 0.122184753417969 0.720947265625 -0.032958984375
0.107337951660156 0.0343780517578125 0.73077392578125 -0.009521484375
0.0421142578125 -0.0813369750976563 0.6405029296875 0.16070556640625
-0.0616302490234375 -0.08837890625 0.56097412109375 0.229156494140625
-0.0769577026367188 -0.0373611450195313 0.33203125 0.141021728515625
-0.0789108276367188 -0.0487518310546875 0.0883560180664062 0.00290679931640625
-0.0883026123046875 -0.0515594482421875 -0.185821533203125 -0.15753173828125
-0.0356216430664062 -0.092010498046875 -0.429473876953125 -0.278656005859375
0.0380096435546875 -0.103118896484375 -0.646728515625 -0.21185302734375
0.0954208374023438 -0.0268936157226563 -0.78839111328125 -0.1285400390625
0.0325775146484375 0.10223388671875 -0.80535888671875 -0.1898193359375
-0.07244873046875 0.050537109375 -0.563232421875 -0.1405029296875
-0.0890426635742187 -0.0858840942382813 -0.151351928710937 -0.0256805419921875
-0.0889968872070313 -0.0830459594726563 0.0680389404296875 -0.0132179260253906
-0.0916519165039063 0.061859130859375 0.532073974609375 0.08770751953125
0.00836944580078125 0.0999298095703125 0.72149658203125 -0.04302978515625
0.0883712768554688 0.0389175415039063 0.7099609375 -0.00811767578125
0.042816162109375 -0.0555648803710938 0.62689208984375 0.1890869140625
-0.0402030944824219 -0.0693244934082031 0.5748291015625 0.255859375
-0.0480690002441406 -0.0266342163085938 0.357269287109375 0.1456298828125
-0.0546150207519531 -0.0317039489746094 0.109039306640625 -0.00125885009765625
-0.0607986450195313 -0.0354118347167969 -0.162353515625 -0.159088134765625
-0.0186729431152344 -0.0647735595703125 -0.40826416015625 -0.265380859375
0.028472900390625 -0.0795059204101563 -0.64031982421875 -0.1834716796875
0.0733489990234375 -0.0309066772460938 -0.79656982421875 -0.103515625
0.04046630859375 0.0760116577148438 -0.8162841796875 -0.18304443359375
-0.0383796691894531 0.0463218688964844 -0.56976318359375 -0.14263916015625
-0.0663948059082031 -0.0567855834960938 -0.166702270507813 -0.046356201171875
-0.0557785034179688 -0.0424613952636719 0.0651168823242188 -0.0353164672851563
-0.0467338562011719 0.052093505859375 0.53399658203125 0.091705322265625
0.00861358642578126 0.0596733093261719 0.72174072265625 -0.03875732421875
0.0550880432128906 0.0286178588867187 0.697021484375 0.00897216796875
0.0266628265380859 -0.0252819061279297 0.6099853515625 0.219482421875
-0.017364501953125 -0.0373954772949219 0.57574462890625 0.28155517578125
-0.0116024017333984 -0.0127077102661133 0.37017822265625 0.14984130859375
-0.0223941802978516 -0.0139293670654297 0.118843078613281 -0.0083465576171875
-0.0255718231201172 -0.0198268890380859 -0.15093994140625 -0.162246704101562
0.00623321533203125 -0.0359001159667969 -0.397674560546875 -0.25750732421875
0.0256805419921875 -0.0468177795410156 -0.638427734375 -0.15936279296875
0.0427131652832031 -0.0260543823242188 -0.79608154296875 -0.072021484375
0.0348320007324219 0.0430564880371094 -0.81964111328125 -0.16522216796875
-0.00219917297363282 0.0278358459472656 -0.5791015625 -0.13818359375
-0.0305042266845703 -0.023895263671875 -0.179061889648438 -0.0585784912109375
-0.0214653015136719 0.0132865905761719 0.0658493041992188 -0.0448760986328125
0.0098876953125 0.0545616149902344 0.53460693359375 0.1005859375
0.0200386047363281 0.0126895904541016 0.72601318359375 -0.0234375
0.0190982818603516 0.00784873962402344 0.694580078125 0.0340576171875
-0.00150442123413086 0.0047755241394043 0.6021728515625 0.2431640625
0.000740706920623779 0.000641703605651855 0.570068359375 0.2974853515625
0.0270843505859375 0.00357437133789063 0.37030029296875 0.14984130859375
0.0128068923950195 0.00391387939453125 0.115562438964844 -0.0157241821289063
0.0138101577758789 -0.0064697265625 -0.151687622070313 -0.16668701171875
0.0345268249511719 -0.00767326354980469 -0.399627685546875 -0.251495361328125
0.0233478546142578 -0.01068115234375 -0.6397705078125 -0.13763427734375
0.00874233245849609 -0.0145711898803711 -0.79217529296875 -0.0408325195312499
0.0204734802246094 0.00877189636230469 -0.81915283203125 -0.13848876953125
0.0318412780761719 0.00079345703125 -0.58367919921875 -0.1268310546875
0.0121440887451172 0.00832939147949219 -0.1815185546875 -0.0623321533203125
0.011688232421875 0.0697746276855469 0.072784423828125 -0.037109375
0.0666999816894531 0.0575675964355469 0.53729248046875 0.1112060546875
0.0293388366699219 -0.0362625122070312 0.7252197265625 0.00592041015625
-0.021484375 -0.0136775970458984 0.70556640625 0.0689697265625
-0.0316276550292969 0.0355606079101563 0.60302734375 0.2589111328125
0.017333984375 0.0367851257324219 0.56304931640625 0.2972412109375
0.0633621215820313 0.0166282653808594 0.358062744140625 0.14215087890625
0.0461006164550781 0.0178146362304688 0.100273132324219 -0.0243759155273437
0.05029296875 0.00473403930664063 -0.165679931640625 -0.168960571289062
0.0599632263183594 0.0188179016113281 -0.415191650390625 -0.246185302734375
0.0211067199707031 0.0257511138916016 -0.6473388671875 -0.12017822265625
-0.0275764465332031 -0.00429153442382813 -0.78607177734375 -0.0133056640624999
0.0037689208984375 -0.0278759002685547 -0.81256103515625 -0.11175537109375
0.0649223327636719 -0.0275535583496094 -0.5870361328125 -0.11468505859375
0.0552291870117188 0.0431938171386719 -0.174972534179688 -0.057952880859375
0.0442657470703125 0.1109619140625 0.081787109375 -0.0149078369140625
0.112014770507813 0.048583984375 0.537017822265625 0.128082275390625
0.0253753662109375 -0.0787200927734375 0.72515869140625 0.0430908203125
-0.0602378845214844 -0.0253372192382813 0.7239990234375 0.106201171875
-0.054962158203125 0.0640716552734375 0.61077880859375 0.26275634765625
0.0334243774414063 0.0652656555175781 0.548980712890625 0.28558349609375
0.0908279418945312 0.0235519409179687 0.3319091796875 0.132354736328125
0.0724334716796875 0.0270538330078125 0.074066162109375 -0.0323562622070313
0.080047607421875 0.0125808715820313 -0.190765380859375 -0.171600341796875
0.0788650512695313 0.041259765625 -0.437896728515625 -0.246673583984375
0.0117416381835938 0.0552024841308594 -0.65899658203125 -0.11260986328125
-0.0651321411132813 0.000244140624999991 -0.77642822265625 0.00524902343749983
-0.00780868530273438 -0.0655517578125 -0.80145263671875 -0.0858154296874999
0.0981903076171875 -0.0493545532226563 -0.5850830078125 -0.1026611328125
0.0908279418945313 0.076568603515625 -0.1600341796875 -0.04510498046875
0.0694808959960938 0.126853942871094 0.09600830078125 0.01763916015625
0.133567810058594 0.0268707275390625 0.53533935546875 0.145294189453125
0.00328826904296876 -0.104583740234375 0.7281494140625 0.08251953125
-0.0919342041015625 -0.0199432373046875 0.75408935546875 0.13604736328125
-0.06304931640625 0.0878829956054688 0.62042236328125 0.2559814453125
0.048095703125 0.0768508911132813 0.52685546875 0.2633056640625
0.106208801269531 0.022674560546875 0.296478271484375 0.12237548828125
0.0880813598632812 0.0284576416015625 0.0402946472167969 -0.037994384765625
0.0960845947265625 0.016571044921875 -0.224685668945312 -0.174606323242188
0.084869384765625 0.0567626953125 -0.46502685546875 -0.253082275390625
-0.00521087646484374 0.074859619140625 -0.66668701171875 -0.11883544921875
-0.0980300903320313 -0.00559997558593749 -0.759765625 0.0114746093750001
-0.00887298583984374 -0.100006103515625 -0.784912109375 -0.0615844726562499
0.128379821777344 -0.0573654174804688 -0.58001708984375 -0.0911865234375001
0.112113952636719 0.107536315917969 -0.138771057128906 -0.0235748291015625
-0.132110595703125 -0.100082397460938 0.100692749023437 0.0435791015625
-0.11651611328125 0.101425170898438 0.536773681640625 0.09332275390625
0.034881591796875 0.12286376953125 0.73321533203125 -0.0189208984375
0.110443115234375 0.0181808471679688 0.75909423828125 -0.01580810546875
0.0285186767578125 -0.0971603393554688 0.65362548828125 0.13055419921875
-0.080902099609375 -0.0963058471679688 0.54510498046875 0.203277587890625
-0.0947952270507813 -0.0426483154296875 0.3017578125 0.13507080078125
-0.09368896484375 -0.05987548828125 0.0593719482421875 0.00326156616210937
-0.103401184082031 -0.0634841918945313 -0.22076416015625 -0.160125732421875
-0.042022705078125 -0.110740661621094 -0.462677001953125 -0.29193115234375
0.0472412109375 -0.112686157226563 -0.6558837890625 -0.2344970703125
0.103736877441406 -0.0146484375 -0.7740478515625 -0.13922119140625
0.0126571655273437 0.115592956542969 -0.7967529296875 -0.17034912109375
-0.0967864990234375 0.0401840209960937 -0.561676025390625 -0.12408447265625
-0.0978927612304688 -0.106758117675781 -0.135696411132813 0.00311279296875001
-0.116683959960937 -0.101119995117187 0.0810165405273437 0.0159988403320312
-0.115882873535156 0.0820846557617188 0.53424072265625 0.0858154296875
0.0211563110351562 0.122200012207031 0.7242431640625 -0.03704833984375
0.108863830566406 0.033050537109375 0.73602294921875 -0.01507568359375
0.0425643920898438 -0.0819168090820313 0.6446533203125 0.15740966796875
-0.0635147094726563 -0.0888595581054688 0.56658935546875 0.2257080078125
-0.0780487060546875 -0.0369949340820312 0.335693359375 0.13885498046875
-0.0805130004882813 -0.0475692749023438 0.089202880859375 0.0028076171875
-0.0898513793945313 -0.0508651733398437 -0.187576293945313 -0.1573486328125
-0.0368728637695313 -0.091766357421875 -0.43310546875 -0.277618408203125
0.035919189453125 -0.104461669921875 -0.6522216796875 -0.20855712890625
0.095947265625 -0.0278778076171875 -0.7916259765625 -0.12518310546875
0.0332717895507812 0.103019714355469 -0.81024169921875 -0.1842041015625
-0.071990966796875 0.0514297485351563 -0.5667724609375 -0.1375732421875
-0.0908584594726563 -0.0855178833007812 -0.153366088867188 -0.025634765625
-0.0896377563476563 -0.0824356079101562 0.0681304931640625 -0.0133399963378906
-0.0923233032226563 0.0635452270507813 0.535675048828125 0.08416748046875
0.00947570800781249 0.100364685058594 0.72406005859375 -0.04803466796875
0.0887985229492187 0.0384750366210937 0.71258544921875 -0.01123046875
0.042694091796875 -0.0560646057128906 0.63262939453125 0.18817138671875
-0.04071044921875 -0.0696830749511719 0.57958984375 0.254638671875
-0.0496673583984375 -0.0267333984375 0.36102294921875 0.143402099609375
-0.0557098388671875 -0.0310821533203125 0.1103515625 -0.00217437744140625
-0.0623626708984375 -0.0353050231933594 -0.163955688476563 -0.158370971679687
-0.0203056335449219 -0.0653610229492188 -0.411956787109375 -0.265380859375
0.0286331176757813 -0.0801773071289063 -0.644775390625 -0.1817626953125
0.073028564453125 -0.0320892333984375 -0.8013916015625 -0.0984497070312501
0.0408706665039063 0.0755081176757813 -0.82330322265625 -0.1795654296875
-0.0371665954589844 0.0461692810058594 -0.5745849609375 -0.140625
-0.0676040649414063 -0.0564079284667969 -0.169418334960938 -0.0465240478515625
-0.0564842224121094 -0.0415573120117187 0.0647239685058594 -0.0353050231933594
-0.0459823608398438 0.0526580810546875 0.535919189453125 0.087921142578125
0.0100212097167969 0.0599746704101563 0.72576904296875 -0.04449462890625
0.0568275451660156 0.02899169921875 0.6998291015625 0.00445556640625
0.0262432098388672 -0.0259075164794922 0.61663818359375 0.2152099609375
-0.0186920166015625 -0.037567138671875 0.58135986328125 0.2796630859375
-0.012303352355957 -0.0128402709960938 0.373992919921875 0.147247314453125
-0.0226821899414063 -0.01300048828125 0.1202392578125 -0.0085601806640625
-0.0259780883789062 -0.0191383361816406 -0.152420043945313 -0.162307739257813
0.00606155395507813 -0.0359611511230469 -0.402313232421875 -0.256591796875
0.0250015258789062 -0.0469741821289063 -0.64117431640625 -0.1561279296875
0.0427017211914063 -0.0262870788574219 -0.8023681640625 -0.0683593749999998
0.0357589721679688 0.0431022644042969 -0.82537841796875 -0.162109375
-0.000984191894531253 0.0278263092041016 -0.58319091796875 -0.13519287109375
-0.0307598114013672 -0.0238170623779297 -0.180435180664063 -0.0579833984375
-0.0214462280273437 0.0148792266845703 0.0671768188476563 -0.0448570251464844
0.0108680725097656 0.0546150207519531 0.538787841796875 0.09735107421875
0.0201225280761719 0.0125808715820313 0.72894287109375 -0.0291748046875
0.0192356109619141 0.0075531005859375 0.69952392578125 0.02984619140625
-0.00186252593994141 0.00478601455688477 0.6065673828125 0.24273681640625
0.000887095928192139 5.43594360351563E-05 0.57696533203125 0.29443359375
0.0266952514648437 0.00291252136230469 0.373504638671875 0.147552490234375
0.013056755065918 0.00401020050048828 0.116874694824219 -0.0164794921875
0.0136127471923828 -0.00641918182373047 -0.153472900390625 -0.166183471679688
0.0342750549316406 -0.00817298889160156 -0.404754638671875 -0.24993896484375
0.0243740081787109 -0.00954818725585938 -0.64373779296875 -0.1324462890625
0.00829315185546875 -0.0145683288574219 -0.7967529296875 -0.0362548828124998
0.0210037231445313 0.00865745544433594 -0.8245849609375 -0.134033203125
0.0323619842529297 0.000396728515625 -0.5880126953125 -0.124267578125
0.0119752883911133 0.00980472564697266 -0.183853149414062 -0.061370849609375
0.0120849609375 0.0708084106445312 0.072357177734375 -0.0372085571289062
0.0682220458984375 0.0570564270019531 0.540130615234375 0.11053466796875
0.0285606384277344 -0.0360488891601563 0.73077392578125 0.00164794921875
-0.0214729309082031 -0.0137844085693359 0.71038818359375 0.06488037109375
-0.0318641662597656 0.0360298156738281 0.6085205078125 0.25689697265625
0.0178375244140625 0.0368995666503906 0.56854248046875 0.29461669921875
0.0634078979492188 0.0153121948242187 0.36114501953125 0.140045166015625
0.0470046997070313 0.0180892944335938 0.100982666015625 -0.0254287719726562
0.0511894226074219 0.00458526611328125 -0.168899536132812 -0.169097900390625
0.0613899230957031 0.01800537109375 -0.418609619140625 -0.24652099609375
0.0211124420166016 0.0254001617431641 -0.65069580078125 -0.116455078125
-0.0280551910400391 -0.00284576416015625 -0.7904052734375 -0.00860595703124988
0.00451278686523438 -0.0282039642333984 -0.8160400390625 -0.1075439453125
0.0656661987304688 -0.02825927734375 -0.59228515625 -0.11236572265625
0.0556716918945313 0.0425491333007813 -0.177520751953125 -0.056976318359375
0.045989990234375 0.11114501953125 0.0821762084960938 -0.0151290893554687
0.11309814453125 0.0477294921875 0.54046630859375 0.1259765625
0.0241546630859375 -0.0795364379882813 0.7305908203125 0.0396728515625
-0.0615386962890625 -0.0244827270507812 0.7313232421875 0.1031494140625
-0.0542640686035156 0.0652427673339844 0.616455078125 0.26171875
0.0346527099609375 0.0652046203613281 0.554107666015625 0.282470703125
0.0907821655273438 0.0232009887695313 0.33477783203125 0.130157470703125
0.0735092163085938 0.02606201171875 0.0749130249023438 -0.0325469970703125
0.08050537109375 0.0120697021484375 -0.193145751953125 -0.1715087890625
0.079681396484375 0.0397720336914062 -0.442840576171875 -0.245269775390625
0.0123176574707031 0.0564041137695313 -0.66168212890625 -0.10784912109375
-0.06494140625 0.00110244750976562 -0.780029296875 0.0115966796875001
-0.00838088989257812 -0.0657577514648438 -0.80633544921875 -0.08148193359375
0.0986557006835938 -0.0512008666992188 -0.58966064453125 -0.0992431640624999
0.0927886962890625 0.075958251953125 -0.161712646484375 -0.044525146484375
0.0716018676757813 0.127540588378906 0.0970230102539062 0.016845703125
0.134201049804687 0.0247955322265625 0.5386962890625 0.143463134765625
0.00167083740234374 -0.105484008789063 0.73321533203125 0.079345703125
-0.0922698974609375 -0.0200653076171875 0.7586669921875 0.13153076171875
-0.0615005493164062 0.0890731811523438 0.62542724609375 0.2530517578125
0.0492782592773437 0.0764541625976563 0.5321044921875 0.261566162109375
0.106315612792969 0.0203094482421875 0.29913330078125 0.119964599609375
0.08905029296875 0.0272750854492187 0.041107177734375 -0.0383720397949219
0.0965042114257812 0.0156326293945313 -0.225555419921875 -0.174545288085938
0.085968017578125 0.0556411743164063 -0.46942138671875 -0.25201416015625
-0.00394439697265625 0.07568359375 -0.67156982421875 -0.114013671875
-0.097991943359375 -0.00357818603515627 -0.76458740234375 0.01715087890625
-0.00911712646484374 -0.10003662109375 -0.79058837890625 -0.0566406250000001
0.128410339355469 -0.0597763061523438 -0.5848388671875 -0.0881347656250001
0.114570617675781 0.106956481933594 -0.140571594238281 -0.023590087890625
-0.13299560546875 -0.0987396240234375 0.1026611328125 0.044036865234375
-0.116142272949219 0.102363586425781 0.540985107421875 0.089447021484375
0.0370101928710938 0.123680114746094 0.73590087890625 -0.02239990234375
0.112060546875 0.0168304443359375 0.76251220703125 -0.02020263671875
0.0273666381835937 -0.0982208251953125 0.65777587890625 0.12725830078125
-0.0828475952148438 -0.095550537109375 0.55023193359375 0.1990966796875
-0.0958633422851563 -0.041595458984375 0.305572509765625 0.133819580078125
-0.0946197509765625 -0.0590438842773437 0.0599327087402344 0.00375747680664062
-0.105323791503906 -0.0632247924804687 -0.222549438476563 -0.159759521484375
-0.0426483154296875 -0.111053466796875 -0.46661376953125 -0.290740966796875
0.0455856323242188 -0.113479614257812 -0.6612548828125 -0.23095703125
0.10418701171875 -0.01580810546875 -0.7783203125 -0.1331787109375
0.0149459838867188 0.116622924804688 -0.80047607421875 -0.16754150390625
-0.0965499877929688 0.0418777465820312 -0.56561279296875 -0.12274169921875
-0.0995254516601563 -0.105789184570312 -0.136245727539063 0.00407409667968751
-0.118988037109375 -0.099822998046875 0.0823211669921875 0.0148696899414062
-0.116279602050781 0.083648681640625 0.538299560546875 0.083099365234375
0.0227584838867188 0.12371826171875 0.728515625 -0.0423583984375
0.110862731933594 0.0323333740234375 0.7398681640625 -0.0205078125
0.0418319702148437 -0.0834121704101563 0.6484375 0.15423583984375
-0.0653533935546875 -0.0886459350585937 0.5723876953125 0.22283935546875
-0.079193115234375 -0.0360946655273437 0.3394775390625 0.1370849609375
-0.0815811157226563 -0.046356201171875 0.0901031494140625 0.0030364990234375
-0.0909805297851563 -0.05010986328125 -0.189971923828125 -0.15643310546875
-0.037841796875 -0.0920791625976563 -0.438385009765625 -0.275634765625
0.0351181030273437 -0.105323791503906 -0.6556396484375 -0.20550537109375
0.0964508056640625 -0.02978515625 -0.7974853515625 -0.1195068359375
0.0350265502929688 0.102897644042969 -0.816650390625 -0.18023681640625
-0.0711212158203125 0.0525131225585938 -0.5718994140625 -0.1356201171875
-0.0928955078125 -0.0843505859375 -0.153472900390625 -0.025177001953125
-0.0915603637695313 -0.0815200805664062 0.0691871643066406 -0.0137367248535156
-0.09136962890625 0.0636520385742187 0.53851318359375 0.0804443359375
0.0103683471679688 0.100791931152344 0.727294921875 -0.05267333984375
0.0904083251953125 0.0382461547851563 0.71771240234375 -0.01568603515625
0.0426712036132812 -0.0577621459960937 0.63641357421875 0.184326171875
-0.04193115234375 -0.0692672729492188 0.58465576171875 0.2496337890625
-0.0500640869140625 -0.0269203186035156 0.364501953125 0.141387939453125
-0.0563392639160156 -0.0307235717773437 0.111221313476563 -0.00229644775390625
-0.0635147094726563 -0.0337448120117188 -0.166030883789062 -0.158905029296875
-0.0204734802246094 -0.0657501220703125 -0.417572021484375 -0.26287841796875
0.02783203125 -0.0809783935546875 -0.64959716796875 -0.1785888671875
0.0734329223632813 -0.0332107543945312 -0.8052978515625 -0.0932006835937501
0.04266357421875 0.075164794921875 -0.8292236328125 -0.174560546875
-0.0368804931640625 0.0471878051757812 -0.57904052734375 -0.1378173828125
-0.068817138671875 -0.0556907653808594 -0.171173095703125 -0.0455322265625
-0.0568923950195312 -0.0402374267578125 0.0648994445800781 -0.0362358093261719
-0.0457191467285156 0.0536613464355469 0.541412353515625 0.08514404296875
0.009613037109375 0.060394287109375 0.729248046875 -0.05010986328125
0.0572471618652344 0.027923583984375 0.704345703125 -0.00115966796875
0.0271892547607422 -0.0265655517578125 0.620849609375 0.21405029296875
-0.0190238952636719 -0.0373420715332031 0.58770751953125 0.275390625
-0.0125112533569336 -0.0128841400146484 0.377960205078125 0.144805908203125
-0.0234127044677734 -0.0126495361328125 0.121940612792969 -0.0085601806640625
-0.0267086029052734 -0.0187263488769531 -0.15478515625 -0.16204833984375
0.00566482543945313 -0.0367393493652344 -0.406768798828125 -0.25537109375
0.0248489379882813 -0.0480690002441406 -0.6453857421875 -0.1533203125
0.0428504943847656 -0.0267791748046875 -0.806640625 -0.0613403320312502
0.0365791320800781 0.0432815551757813 -0.8314208984375 -0.1553955078125
-0.00124740600585938 0.0277214050292969 -0.588134765625 -0.13214111328125
-0.0314655303955078 -0.0236759185791016 -0.182632446289063 -0.0572509765625
-0.0219154357910156 0.0152263641357422 0.0665969848632813 -0.0451545715332031
0.0112953186035156 0.0546989440917969 0.543060302734375 0.095001220703125
0.0210189819335938 0.0124568939208984 0.73333740234375 -0.03216552734375
0.0195045471191406 0.00815582275390625 0.7032470703125 0.027099609375
-0.00151777267456055 0.00543785095214844 0.6119384765625 0.23724365234375
0.000587701797485352 -0.000209689140319824 0.5841064453125 0.2908935546875
0.0266437530517578 0.00150871276855469 0.377777099609375 0.14453125
0.0129508972167969 0.00465774536132813 0.118118286132813 -0.016876220703125
0.0140619277954102 -0.00576400756835937 -0.155563354492188 -0.16583251953125
0.0358238220214844 -0.0088043212890625 -0.409271240234375 -0.24957275390625
0.024169921875 -0.0107345581054688 -0.6483154296875 -0.129150390625
0.00859546661376953 -0.0144815444946289 -0.80169677734375 -0.0297241210937499
0.0212860107421875 0.00794029235839844 -0.8292236328125 -0.1292724609375
0.0330410003662109 -0.000286102294921875 -0.59344482421875 -0.12054443359375
0.0119705200195312 0.00988483428955078 -0.186447143554688 -0.0606842041015625
0.0140838623046875 0.0710067749023438 0.0721435546875 -0.0378494262695312
0.0691490173339844 0.0560989379882812 0.544464111328125 0.10589599609375
0.0290985107421875 -0.0367088317871094 0.73382568359375 -0.002685546875
-0.0210399627685547 -0.0135002136230469 0.71356201171875 0.06134033203125
-0.0308151245117188 0.0366134643554687 0.61279296875 0.25286865234375
0.0189552307128906 0.0369186401367188 0.57470703125 0.2908935546875
0.0631942749023438 0.0143928527832031 0.365234375 0.1376953125
0.0472297668457031 0.0179176330566406 0.102500915527344 -0.0258331298828125
0.051605224609375 0.00455093383789063 -0.169189453125 -0.168960571289062
0.0616798400878906 0.0173263549804688 -0.424072265625 -0.24322509765625
0.021728515625 0.0254058837890625 -0.65509033203125 -0.11151123046875
-0.0285053253173828 -0.00242233276367188 -0.7943115234375 -0.00360107421875001
0.00416374206542969 -0.0282173156738281 -0.8232421875 -0.103759765625
0.0654563903808594 -0.0293960571289063 -0.59674072265625 -0.10870361328125
0.0568351745605469 0.0434112548828125 -0.17950439453125 -0.0566558837890625
0.0469207763671875 0.112541198730469 0.082855224609375 -0.0149917602539062
0.114608764648438 0.0466766357421875 0.544189453125 0.122344970703125
0.0230712890625 -0.0801010131835938 0.7347412109375 0.03460693359375
-0.0620803833007813 -0.024169921875 0.7335205078125 0.09869384765625
-0.053375244140625 0.0664291381835938 0.6204833984375 0.25830078125
0.03533935546875 0.0644798278808594 0.560211181640625 0.27972412109375
0.0919876098632813 0.0204849243164063 0.33856201171875 0.127593994140625
0.0743026733398438 0.0257110595703125 0.0750503540039063 -0.03271484375
0.0813140869140625 0.0117111206054688 -0.195266723632813 -0.17034912109375
0.0810317993164063 0.038818359375 -0.447265625 -0.242889404296875
0.0129470825195312 0.0562286376953125 -0.66705322265625 -0.1031494140625
-0.066925048828125 0.00238800048828126 -0.7838134765625 0.0164184570312502
-0.00883483886718749 -0.0664710998535156 -0.81085205078125 -0.0765380859375
0.097747802734375 -0.0528564453125 -0.59521484375 -0.0958862304687501
0.0940017700195313 0.0764236450195313 -0.163803100585937 -0.0435638427734375
0.0738372802734375 0.127906799316406 0.097869873046875 0.0169448852539063
0.135337829589844 0.0233230590820312 0.5433349609375 0.140045166015625
0.000663757324218749 -0.106246948242188 0.73699951171875 0.074951171875
-0.0936813354492188 -0.0184326171875 0.764892578125 0.12847900390625
-0.0609970092773438 0.0899887084960938 0.6304931640625 0.2489013671875
0.0502853393554687 0.0762481689453125 0.535919189453125 0.25775146484375
0.107147216796875 0.0189437866210938 0.302032470703125 0.118194580078125
0.0903472900390625 0.0273056030273438 0.0412139892578125 -0.0377044677734375
0.0982666015625 0.0147247314453125 -0.227279663085938 -0.174057006835937
0.0877914428710938 0.055206298828125 -0.474945068359375 -0.25067138671875
-0.003082275390625 0.0758590698242188 -0.67645263671875 -0.10931396484375
-0.0994415283203125 -0.00215148925781249 -0.76904296875 0.021240234375
-0.0105438232421875 -0.100814819335937 -0.795654296875 -0.05224609375
0.128875732421875 -0.06158447265625 -0.5887451171875 -0.0843505859374999
0.116943359375 0.107826232910156 -0.14190673828125 -0.0230560302734375
-0.0258959363397782 0.154742561852072 0.0414864796675857 0.104560471151986
0.102518131930542 0.035230149813486 0.164711127412332 0.521305502799082
0.0169892409689574 -0.0796287915636856 0.361862779475702 0.679997685748791
-0.126103799022878 -0.0989166533799821 0.360577593543941 0.711988045171669
-0.159864503299117 0.045575855107427 0.245755754340949 0.688142943554006
-0.0760015194182223 0.0930100872921948 0.0694436715861554 0.573247172844029
-0.00764912642821626 0.0983220333548636 -0.0126290012804887 0.329765372722226
0.0109953166107422 0.106309106608381 0.0325464267341242 0.0550554588314492
0.0143553957923146 0.141516485341933 0.0776202183647531 -0.27192230667703
-0.0315307507326282 0.113247144702646 0.0565700876729682 -0.520983824815919
-0.0859588278128917 0.0571529087502574 -0.0828736890501056 -0.710256977888788
-0.0319626750625711 -0.0708178586065487 -0.248549168853381 -0.773245547136987
0.1201298813323 -0.0630267262334888 -0.29287581058334 -0.759543774446503
0.115058984203582 0.0595028611661787 -0.15143159502345 -0.559697873111004
-0.0291986293296751 0.126331874075059 -0.0700835175236948 -0.0925152959826755
-0.0309853560550685 0.146512122174343 0.0537218686213631 0.07381455952803
0.0869856120302585 0.0475127801250766 0.173997504818516 0.51721646281764
0.025782726154756 -0.0659940595963112 0.375668961434484 0.660565972948151
-0.11016735462309 -0.108727499683356 0.345515303523214 0.686300267740577
-0.158623599760475 0.0205747654297303 0.213131237368013 0.695508848422316
-0.0834721191522551 0.0723241062286266 0.0551945589079298 0.607087702980335
-0.0125472879717035 0.0799722387020463 -0.00776958816164152 0.362775668934941
0.00990207430124971 0.0889373077972726 0.0451226651950241 0.0844215670034778
0.0157722249474841 0.12143961816983 0.0854328828509242 -0.240342730617265
-0.0212330340712887 0.0959852673896105 0.0530513123338694 -0.490620681395494
-0.0726054175066172 0.0579402231069537 -0.103480349847484 -0.694422979571025
-0.0381485842714153 -0.0562614503977527 -0.267866802528503 -0.785111580484633
0.0969841264103805 -0.0661495944523507 -0.290018198892268 -0.778254316698947
0.109223281768012 0.0346669792937143 -0.143860503137975 -0.572445472097591
-0.0148921434331047 0.112460766279248 -0.0578592798894267 -0.125288778905823
-0.0281540937041589 0.116955960170467 0.0671823467105228 0.0489384386102381
0.0552006694488106 0.0401061153485834 0.17704565448608 0.523130595422271
0.0140983253780224 -0.0415399716050916 0.392435039021782 0.651607666422708
-0.0899420065019963 -0.0950456203093991 0.331414528245336 0.663786331193477
-0.138897867756332 -0.00103402960419478 0.17407610417635 0.699247630028994
-0.0829791812478255 0.0399793461481191 0.0329646544473216 0.632380506020639
-0.0202669404185981 0.0494717588652849 -0.00683226112751347 0.39029335779995
0.00494456644075522 0.0608931721861193 0.0568659629270711 0.104100656569259
0.0125856832584771 0.0876619277116788 0.0934750355123349 -0.217741844192938
-0.0125948751215588 0.0656168041587388 0.0484695762322862 -0.469184000387196
-0.0486141518712483 0.0459675885406984 -0.128540952277748 -0.678206851532715
-0.0268691807545648 -0.0353853279827115 -0.291985896254159 -0.781028967970641
0.0737181350765154 -0.0530329137306236 -0.29961298595311 -0.783182877185147
0.0855100151088503 0.011879093527653 -0.148824806489099 -0.576900734652509
-0.00167762041943599 0.0809868435280714 -0.054193168193767 -0.152354272515867
-0.0110594862477696 0.0710373579667651 0.0748192667557451 0.0336530028725695
0.0174735665722286 0.00872615450377773 0.169687347168033 0.536883106545756
-0.0200869646022191 -0.0192864546327194 0.399566667784282 0.661264020971849
-0.0753972266076619 -0.0617604826934487 0.318935000740474 0.652868839907443
-0.103303095644239 -0.0150007972905428 0.132085241822347 0.697527158934341
-0.0721700474888131 0.000495508544354699 0.00406529861893934 0.645582139117002
-0.0273701785275806 0.00854756432875457 -0.0132555998283632 0.406089978314202
-0.00232874021796725 0.0257790898896432 0.0652138906016108 0.112108006699643
0.0049415144635367 0.0470118267782237 0.0960302231854695 -0.206797604644053
-0.00655737391352672 0.0270507130295659 0.0396395982018573 -0.457799328611425
-0.0218365345669906 0.0254061403107464 -0.152093089443727 -0.666727104587265
-0.00294593213304537 -0.0145693922039993 -0.319332607891397 -0.770551950044932
0.056572560571318 -0.0269099407615962 -0.312401586011965 -0.772865227473926
0.0515217248426158 -0.00504885220516047 -0.160802951923806 -0.579073156558117
0.00620218448053156 0.036792561008059 -0.0563229292306024 -0.171927071865281
0.0160383560177894 0.0153511266255104 0.0742615972124004 0.0300448760459932
-0.01644800715189 -0.04056699414717 0.152792079365746 0.552181010833662
-0.0666310650319061 -0.00157527994176982 0.397547252803542 0.680996476519396
-0.0673248169293861 -0.0170205021386691 0.302957503811408 0.65664880703824
-0.0589814588753815 -0.0187680354259519 0.101587309968757 0.695820418205309
-0.054250996547798 -0.0388162501728067 -0.017825511122829 0.648682815722142
-0.0341872751436929 -0.0338584150766215 -0.0191833091507102 0.407834228900304
-0.0117269648811274 -0.0101443197802406 0.068469211640471 0.108577443307792
-0.00689359862502608 0.00577595118633596 0.0949665018143043 -0.207991615827929
-0.00281147035628414 -0.0149095013424232 0.0283175194182211 -0.456905365819176
0.0066599436068325 -0.000174763659881515 -0.179540290668537 -0.662353749668808
0.027834305319923 0.00583182614694354 -0.342781849232865 -0.757742992772253
0.0438974500129025 0.00536479689775171 -0.329890501064453 -0.757217383167851
0.0112731957889907 -0.0152875416646396 -0.175022645238448 -0.575116385313326
0.0113164560598339 -0.012707302108126 -0.0596330226948762 -0.180059411436133
0.0430643129100128 -0.0422826519672302 0.0612292148134957 0.0375069020312044
-0.0501955839501603 -0.090682152475411 0.133962997324409 0.566482160649403
-0.11382019521431 0.0157723894950053 0.378477617119734 0.703654957948339
-0.0584224027339002 0.0308593653179836 0.288555189183341 0.675355220718944
-0.0152247905155291 -0.0207332194605996 0.0855225515781522 0.699050165440237
-0.0360789991479367 -0.0754461786150775 -0.0277777108379628 0.639569557953315
-0.0411029676285435 -0.0729149106225571 -0.0219023071868611 0.395048367511636
-0.0226995758222332 -0.0436192245552739 0.0661069652989732 0.0915098662280109
-0.0179016524067592 -0.0323555836296009 0.0880460846278439 -0.22002002449023
0.00155311664288722 -0.0532230189346285 0.0113025093556305 -0.46806697935836
0.0355793806254869 -0.0233430059316563 -0.199825829681189 -0.664769112685239
0.059534983066481 0.029331523133487 -0.360881714373056 -0.742415933527244
0.0314999564141734 0.0409568133249617 -0.34387390193697 -0.736007749574064
-0.0292075113937253 -0.0236578226099343 -0.188615716939406 -0.566968769632744
0.0156068001286417 -0.0634756056298799 -0.0638867360210225 -0.175954370958677
0.0589249874675583 -0.0926686146757831 0.0389902846075556 0.0586969176824328
-0.0867699568733717 -0.122834501331445 0.114152585587571 0.581716160380966
-0.148556867066544 0.0419618370728257 0.353641797618277 0.728169995048126
-0.0422731619990065 0.0694480560801106 0.271599433777645 0.703294845421568
0.0228283271716196 -0.0254946194961561 0.080394299573163 0.7047323828671
-0.0232949695639095 -0.104621013377193 -0.0289656908822747 0.622856369018838
-0.047829633122216 -0.100506450013284 -0.0260316014559975 0.367996061167286
-0.0315933797692846 -0.0687135798482192 0.0598957796824652 0.0644683393523115
-0.0265504717373236 -0.0611885436750322 0.077506737785597 -0.242189326047584
0.00875214251956504 -0.0815403852664719 -0.00385105157448207 -0.490557136383901
0.0651134306356855 -0.0374964492987492 -0.216935733351611 -0.676366815158376
0.085075646634492 0.0571348985289828 -0.369445628267844 -0.728136514402559
0.0135607640905662 0.0740630747264493 -0.357413069481486 -0.711426803938625
-0.0652836054990998 -0.0367583652362184 -0.201772192882555 -0.555504034435645
0.0233617457879722 -0.108757924373444 -0.0680079813024275 -0.159901535279741
0.0561333800969165 -0.125232779895532 0.0150433619285482 0.091262768377599
-0.120229294418911 -0.128081209318368 0.0983389732249128 0.596012226035541
-0.159469229183942 0.0727400241776883 0.324459529070533 0.749856989352982
-0.0193714812901885 0.0907796432769521 0.263634513084814 0.734218510442675
0.0435796685041095 -0.0348681486318785 0.0896992802555254 0.707146704122401
-0.0215242014781597 -0.120198365965086 -0.0216638542479685 0.59409360094813
-0.0553013154475322 -0.112739940863245 -0.030814912512953 0.332337366177849
-0.0379630454757754 -0.0797708275536423 0.0495949968900371 0.0296658898551313
-0.0308639739485497 -0.077794454748496 0.0656278688280664 -0.274249777434514
0.0184025028684329 -0.0969685378315634 -0.0130920183384116 -0.517705875076611
0.0913713227884524 -0.0372472518384299 -0.21579686027168 -0.692040418606307
0.101110556384945 0.0881270829980917 -0.364350789432372 -0.714933356399189
-0.00914604283350984 0.0976024088298725 -0.364985331391805 -0.682285634880151
-0.0901629065582088 -0.0550024660041082 -0.2127315536321 -0.542651505417339
0.0357455641444014 -0.141717777570831 -0.0741649275424716 -0.134334478433194
