TRXV5
3
4
4
9
string Extension=J
integer IsArchMeasurement=1
integer IsSpherical=1
string Generator=SPM
string GeneratorVersion=1.3.1 Dev
double ArchRadius=0.449999988079071
integer FrequencyAxisIndex=0
integer AzimuthAxisIndex=1
integer ElevationAxisIndex=2
Frequency
5 136 690000000 960000000 LIN
Azimuth
7 8 0 2.74889357189107 LIN
Elevation
7 15 -2.74889357189107 2.74889357189107 LIN
Polar H Real Part
13
Polar H Imaginary Part
14
Polar V Real Part
13
Polar V Imaginary Part
14
Polar H Magnitude (dB)
12 0xC0000002 0 1
Polar H Phase
7 0xC0000003 0 1
Polar V Magnitude (dB)
12 0xC0000002 2 3
Polar V Phase
7 0xC0000003 2 3
0.0346546173095703 0.00646591186523437 -0.037841796875 -0.0436439514160156
0.0182304382324219 -0.0140304565429688 0.06158447265625 -0.3126220703125
-0.0230693817138672 -0.0196132659912109 -0.15960693359375 -0.3905029296875
-0.0323028564453125 0.00790023803710937 -0.33447265625 -0.198486328125
-0.0140476226806641 0.0207595825195313 -0.288543701171875 0.0379638671875
0.00128936767578125 0.0256900787353516 -0.137664794921875 0.167938232421875
0.0125102996826172 0.0189037322998047 0.0219268798828125 0.143218994140625
0.0137977600097656 0.0147638320922852 0.116645812988281 0.062347412109375
0.0148887634277344 0.0209941864013672 0.179428100585938 0.0068206787109375
0.00966644287109375 0.0271453857421875 0.224411010742187 0.0377655029296875
-0.00135612487792969 0.0252761840820313 0.2540283203125 0.101486206054687
-0.00403785705566406 0.0259685516357422 0.212799072265625 0.205169677734375
-0.0120267868041992 0.0142078399658203 0.07891845703125 0.334625244140625
-0.0112018585205078 0.013310432434082 -0.02484130859375 0.2913818359375
0.000981330871582031 0.0149240493774414 -0.0468826293945312 0.102882385253906
0.0924148559570313 -0.0229873657226563 -0.0242328643798828 -0.034454345703125
0.058624267578125 -0.0726165771484375 0.077972412109375 -0.311737060546875
-0.0387802124023438 -0.0761871337890625 -0.138641357421875 -0.393768310546875
-0.0844192504882813 -0.00615692138671875 -0.316009521484375 -0.21002197265625
-0.0542182922363281 0.0490455627441406 -0.276565551757813 0.0153656005859374
-0.000946044921874997 0.0798187255859375 -0.137115478515625 0.14788818359375
0.03961181640625 0.0581436157226563 0.0161590576171875 0.125236511230469
0.04150390625 0.0418624877929688 0.111366271972656 0.0478897094726563
0.0463752746582031 0.0524444580078125 0.179290771484375 -0.00518798828125
0.033233642578125 0.0723114013671875 0.229690551757813 0.0296173095703125
-0.00122070312499999 0.0734024047851563 0.262130737304687 0.096038818359375
-0.0342979431152344 0.067291259765625 0.220748901367188 0.206893920898437
-0.0669364929199219 0.00735092163085937 0.080902099609375 0.339447021484375
-0.0346641540527344 -0.0373077392578125 -0.030975341796875 0.284454345703125
0.0213851928710938 -0.0354652404785156 -0.054656982421875 0.0792999267578125
0.131629943847656 -0.058258056640625 -0.022857666015625 -0.0550346374511719
0.076568603515625 -0.126144409179688 0.081146240234375 -0.300018310546875
-0.0677261352539062 -0.116889953613281 -0.12652587890625 -0.37335205078125
-0.129112243652344 -0.00855255126953126 -0.285186767578125 -0.2044677734375
-0.0816650390625 0.0756607055664063 -0.251785278320313 -0.00656127929687505
-0.00231170654296874 0.122093200683594 -0.137542724609375 0.11712646484375
0.0571441650390625 0.0904312133789062 -0.0061798095703125 0.0998992919921875
0.0593910217285156 0.0653953552246094 0.0804290771484375 0.0321731567382813
0.070037841796875 0.0814132690429688 0.150558471679687 -0.0174713134765625
0.047821044921875 0.111213684082031 0.205718994140625 0.00912475585937501
-0.00966644287109375 0.113479614257813 0.24884033203125 0.0673065185546875
-0.0698165893554688 0.096649169921875 0.232421875 0.181060791015625
-0.114486694335937 -0.0116195678710938 0.10418701171875 0.333953857421875
-0.0452880859375 -0.08978271484375 -0.024078369140625 0.283966064453125
0.0467071533203125 -0.0836029052734375 -0.0513191223144531 0.0694999694824219
0.142852783203125 -0.0975341796875 0.0151023864746094 -0.0372276306152344
0.04913330078125 -0.173110961914063 0.081512451171875 -0.28326416015625
-0.109542846679687 -0.125129699707031 -0.10687255859375 -0.3477783203125
-0.157684326171875 0.01507568359375 -0.244308471679687 -0.205703735351563
-0.0839309692382813 0.105873107910156 -0.227615356445313 -0.0430908203125
0.0180816650390625 0.149154663085937 -0.143936157226563 0.0702362060546875
0.0797576904296875 0.101356506347656 -0.0368194580078125 0.0623130798339844
0.0775909423828125 0.0748138427734375 0.0464401245117188 0.00722503662109375
0.0878067016601562 0.100723266601563 0.1192626953125 -0.036529541015625
0.0539016723632813 0.138809204101563 0.183700561523437 -0.0147857666015625
-0.0249557495117187 0.139892578125 0.242172241210938 0.0428466796875
-0.103988647460938 0.107101440429687 0.2415771484375 0.165878295898438
-0.142181396484375 -0.0419464111328125 0.114959716796875 0.33294677734375
-0.03839111328125 -0.134330749511719 -0.030670166015625 0.274185180664062
0.0776748657226563 -0.113349914550781 -0.0419654846191406 0.0413360595703125
0.127952575683594 -0.1209716796875 0.0277557373046875 -0.0703887939453125
0.0146942138671875 -0.179931640625 0.065704345703125 -0.279861450195313
-0.128128051757812 -0.104782104492188 -0.10235595703125 -0.3170166015625
-0.149505615234375 0.0320587158203125 -0.215606689453125 -0.200241088867188
-0.070587158203125 0.107223510742187 -0.209716796875 -0.0656280517578125
0.02130126953125 0.144027709960938 -0.15423583984375 0.033966064453125
0.07196044921875 0.101577758789063 -0.0717086791992188 0.0313491821289063
0.068115234375 0.0811691284179688 0.00147628784179688 -0.0191326141357422
0.0772323608398438 0.111862182617188 0.0744400024414063 -0.0648345947265625
0.030792236328125 0.144622802734375 0.149887084960938 -0.0577239990234375
-0.0559005737304688 0.131553649902344 0.232086181640625 -0.00509643554687499
-0.128623962402344 0.0758209228515625 0.2591552734375 0.132492065429687
-0.128265380859375 -0.0852279663085938 0.143524169921875 0.323028564453125
-0.00106811523437499 -0.159027099609375 -0.0130462646484375 0.26934814453125
0.107414245605469 -0.120643615722656 -0.00830841064453124 0.0419464111328125
0.0957260131835938 -0.130172729492188 0.0538711547851563 -0.0623550415039063
-0.03204345703125 -0.16461181640625 0.0827178955078125 -0.2659912109375
-0.143295288085938 -0.0644989013671875 -0.067596435546875 -0.32275390625
-0.124465942382813 0.0643234252929688 -0.189422607421875 -0.237442016601562
-0.035247802734375 0.113990783691406 -0.21826171875 -0.115493774414062
0.0517807006835938 0.126182556152344 -0.190872192382813 -0.00875854492187497
0.0813140869140625 0.0777053833007813 -0.121177673339844 0.00722503662109376
0.0742263793945313 0.0635452270507813 -0.0406837463378906 -0.0353355407714844
0.0798797607421875 0.101387023925781 0.0454788208007813 -0.0857620239257813
0.025146484375 0.134368896484375 0.139144897460938 -0.0859298706054688
-0.0665359497070313 0.117416381835938 0.2452392578125 -0.02178955078125
-0.131324768066406 0.046630859375 0.279754638671875 0.138031005859375
-0.0985107421875 -0.110084533691406 0.141876220703125 0.34857177734375
0.033477783203125 -0.154541015625 -0.027252197265625 0.26885986328125
0.124252319335938 -0.104049682617188 0.0137662887573242 0.00971031188964843
0.0613174438476563 -0.1109619140625 0.0616073608398438 -0.08087158203125
-0.04376220703125 -0.119392395019531 0.075927734375 -0.268112182617188
-0.112785339355469 -0.0332107543945313 -0.068389892578125 -0.322540283203125
-0.0805206298828125 0.0552749633789063 -0.189788818359375 -0.248764038085937
-0.0115814208984375 0.0818405151367188 -0.23175048828125 -0.1297607421875
0.0462722778320313 0.0853118896484375 -0.220016479492188 -0.0250396728515624
0.0585746765136719 0.0503082275390625 -0.156158447265625 -0.00308227539062499
0.0547981262207031 0.0418510437011719 -0.0751266479492188 -0.0496444702148438
0.0441360473632813 0.0739669799804688 0.0229873657226562 -0.125251770019531
-0.00251007080078125 0.0851821899414062 0.137413024902344 -0.132705688476563
-0.061798095703125 0.059417724609375 0.261276245117188 -0.0526885986328125
-0.0879058837890625 0.000656127929687506 0.3004150390625 0.129241943359375
-0.0375747680664063 -0.095306396484375 0.15740966796875 0.34954833984375
0.0564041137695313 -0.109077453613281 0.00166320800781252 0.265151977539063
0.109954833984375 -0.0709686279296875 0.0693778991699219 0.0421295166015625
0.0342941284179688 -0.0711746215820313 0.0635604858398438 -0.0954818725585938
-0.0284461975097656 -0.0673332214355469 0.0638885498046875 -0.272445678710938
-0.0619354248046875 -0.0197868347167969 -0.07806396484375 -0.322509765625
-0.0361862182617188 0.0244941711425781 -0.201614379882812 -0.254135131835938
-0.000820159912109375 0.0368232727050781 -0.249893188476563 -0.13323974609375
0.0270347595214844 0.0381736755371094 -0.24755859375 -0.0274200439453125
0.026763916015625 0.0191402435302734 -0.183364868164063 -0.0015869140625
0.0301246643066406 0.0135631561279297 -0.0976791381835937 -0.0518341064453125
0.0332145690917969 0.0350303649902344 0.00389862060546875 -0.12310791015625
0.00474929809570312 0.0462684631347656 0.137298583984375 -0.136268615722656
-0.0367012023925781 0.0313072204589844 0.281951904296875 -0.0394287109375
-0.04766845703125 -0.00893020629882812 0.3179931640625 0.172271728515625
-0.00709915161132813 -0.0629615783691406 0.132232666015625 0.4102783203125
0.0440559387207031 -0.0620002746582031 -0.04180908203125 0.295867919921875
0.0743179321289063 -0.0425643920898438 0.0659713745117187 0.0116462707519531
0.0344791412353516 0.00335884094238281 -0.0413360595703125 -0.04248046875
0.0168275833129883 -0.0146474838256836 0.040283203125 -0.322265625
-0.0253677368164063 -0.0182857513427734 -0.1890869140625 -0.385498046875
-0.0327377319335938 0.0105152130126953 -0.352447509765625 -0.17498779296875
-0.0124454498291016 0.0226383209228516 -0.28814697265625 0.06256103515625
0.00395011901855468 0.0262241363525391 -0.12432861328125 0.1824951171875
0.0134181976318359 0.0188007354736328 0.0361328125 0.14306640625
0.0139064788818359 0.0132846832275391 0.124954223632813 0.0522994995117188
0.0167560577392578 0.0185699462890625 0.18194580078125 -0.007659912109375
0.0118522644042969 0.0269660949707031 0.228927612304687 0.0222015380859375
-0.00030708312988281 0.0257568359375 0.264663696289063 0.082733154296875
-0.00191307067871093 0.0261478424072266 0.232025146484375 0.1920166015625
-0.0109691619873047 0.0146408081054688 0.105499267578125 0.334136962890625
-0.00990104675292969 0.0139245986938477 -0.00463867187499999 0.298675537109375
0.00169467926025391 0.0140352249145508 -0.0407180786132813 0.110260009765625
0.0915603637695313 -0.0312423706054688 -0.0271224975585937 -0.033905029296875
0.0527114868164063 -0.0786972045898438 0.05767822265625 -0.322174072265625
-0.0458831787109375 -0.07537841796875 -0.169189453125 -0.391143798828125
-0.0870742797851563 -0.000129699707031247 -0.334930419921875 -0.189666748046875
-0.0512504577636719 0.0554771423339844 -0.278076171875 0.0380401611328125
0.00616455078125001 0.0816268920898438 -0.124099731445313 0.16229248046875
0.0445022583007813 0.0557289123535156 0.0288772583007813 0.125724792480469
0.0447425842285156 0.0380783081054688 0.118278503417969 0.0378570556640625
0.0518569946289063 0.0484962463378906 0.180877685546875 -0.02032470703125
0.0404701232910156 0.0701255798339844 0.234527587890625 0.0116424560546875
0.00363159179687501 0.0746917724609375 0.273193359375 0.076324462890625
-0.0300445556640625 0.0704803466796875 0.240798950195313 0.193008422851563
-0.0672531127929688 0.0120964050292969 0.109100341796875 0.34173583984375
-0.0376663208007813 -0.0360221862792969 -0.01129150390625 0.292510986328125
0.0188636779785156 -0.0391349792480469 -0.05108642578125 0.0865325927734375
0.128654479980469 -0.0699310302734375 -0.0269508361816406 -0.0540122985839844
0.0668258666992188 -0.134262084960938 0.060638427734375 -0.31109619140625
-0.0783615112304688 -0.114700317382812 -0.154541015625 -0.369659423828125
-0.132743835449219 0.00142669677734372 -0.301513671875 -0.186798095703125
-0.0768890380859375 0.0834579467773438 -0.2535400390625 0.0138702392578125
0.00965881347656251 0.124748229980469 -0.1268310546875 0.130218505859375
0.0655364990234375 0.0869216918945313 0.004486083984375 0.101150512695312
0.0647659301757813 0.061248779296875 0.085784912109375 0.0252151489257813
0.0784225463867188 0.0753936767578125 0.150604248046875 -0.0307769775390625
0.058349609375 0.109519958496094 0.208160400390625 -0.00639343261718749
-0.00215911865234376 0.117057800292969 0.25830078125 0.0485382080078125
-0.0633392333984375 0.103553771972656 0.2503662109375 0.165817260742188
-0.115989685058594 -0.00321960449218748 0.133056640625 0.331512451171875
-0.0537109375 -0.0887374877929688 -0.00469970703124998 0.292266845703125
0.04095458984375 -0.0904159545898438 -0.048614501953125 0.0751495361328125
0.136543273925781 -0.110160827636719 0.0125198364257813 -0.0395317077636719
0.0347137451171875 -0.180511474609375 0.06280517578125 -0.293212890625
-0.122161865234375 -0.12005615234375 -0.132080078125 -0.344024658203125
-0.16033935546875 0.027984619140625 -0.261795043945313 -0.190414428710938
-0.076690673828125 0.115509033203125 -0.231307983398438 -0.024871826171875
0.0326080322265625 0.149261474609375 -0.136795043945313 0.0838546752929688
0.0898666381835938 0.0960159301757813 -0.0305747985839844 0.0665702819824219
0.0845108032226563 0.0688629150390625 0.0485954284667969 0.00271224975585938
0.09869384765625 0.093353271484375 0.117454528808594 -0.047515869140625
0.0675125122070313 0.136878967285156 0.184066772460938 -0.029266357421875
-0.0146331787109375 0.144302368164063 0.249832153320312 0.0233612060546875
-0.097564697265625 0.116966247558594 0.259246826171875 0.149276733398438
-0.147369384765625 -0.03192138671875 0.1427001953125 0.330322265625
-0.0498886108398438 -0.134979248046875 -0.012359619140625 0.283050537109375
0.0694122314453125 -0.123397827148437 -0.0412368774414062 0.0462608337402344
0.11944580078125 -0.133949279785156 0.0225753784179688 -0.0736083984375
-0.000747680664062517 -0.185165405273437 0.047698974609375 -0.288177490234375
-0.139610290527344 -0.0973892211914063 -0.125 -0.3140869140625
-0.1502685546875 0.0435791015625 -0.2315673828125 -0.186538696289063
-0.063812255859375 0.115188598632812 -0.21441650390625 -0.0501861572265625
0.035125732421875 0.145278930664063 -0.149520874023438 0.0461273193359375
0.0824127197265625 0.0974578857421875 -0.0682868957519531 0.0375137329101563
0.0759353637695313 0.0765228271484375 0.000715255737304692 -0.0198917388916016
0.0886764526367187 0.1055908203125 0.06927490234375 -0.0719375610351563
0.04364013671875 0.145477294921875 0.145263671875 -0.0693817138671875
-0.0471878051757813 0.138778686523438 0.234786987304688 -0.0233306884765625
-0.125602722167969 0.0871353149414063 0.271987915039063 0.113296508789063
-0.136955261230469 -0.0773162841796875 0.169677734375 0.318084716796875
-0.0137176513671875 -0.163116455078125 0.0047760009765625 0.27490234375
0.0989990234375 -0.133285522460938 -0.00652313232421874 0.0444297790527344
0.0865097045898438 -0.140159606933594 0.0507392883300781 -0.0675392150878906
-0.0475921630859375 -0.164276123046875 0.065765380859375 -0.276535034179688
-0.152023315429688 -0.0545806884765625 -0.091522216796875 -0.3243408203125
-0.121223449707031 0.0755538940429688 -0.2083740234375 -0.2274169921875
-0.0266952514648438 0.11907958984375 -0.228378295898438 -0.100494384765625
0.065399169921875 0.122894287109375 -0.192214965820313 0.00663757324218749
0.0896530151367188 0.0717239379882813 -0.120674133300781 0.0175933837890625
0.0801849365234375 0.0568389892578125 -0.04412841796875 -0.0328483581542969
0.0903854370117187 0.0935592651367188 0.037750244140625 -0.0910568237304687
0.0380935668945313 0.134994506835938 0.132644653320313 -0.0970306396484375
-0.0594711303710937 0.125762939453125 0.2464599609375 -0.04254150390625
-0.129867553710938 0.0584716796875 0.29388427734375 0.117095947265625
-0.107444763183594 -0.104179382324219 0.17230224609375 0.3447265625
0.020782470703125 -0.1611328125 -0.00953674316406251 0.277557373046875
0.116737365722656 -0.117164611816406 0.0125694274902344 0.00990104675292968
0.0535430908203125 -0.11712646484375 0.056732177734375 -0.087860107421875
-0.0550079345703125 -0.117645263671875 0.05780029296875 -0.278091430664063
-0.117950439453125 -0.02508544921875 -0.0916442871093751 -0.32354736328125
-0.0774078369140625 0.061859130859375 -0.210220336914063 -0.239471435546875
-0.00559234619140626 0.0834121704101563 -0.243453979492188 -0.113906860351563
0.0556411743164063 0.0820541381835938 -0.223983764648438 -0.00674438476562502
0.0632743835449219 0.0456428527832031 -0.157546997070313 0.0107269287109375
0.0586433410644531 0.0367164611816406 -0.0803756713867188 -0.0442886352539063
0.0522918701171875 0.0704421997070313 0.0106735229492188 -0.128959655761719
0.00498962402343751 0.0879592895507813 0.12603759765625 -0.144287109375
-0.0580406188964844 0.0658607482910156 0.259780883789063 -0.0744781494140625
-0.0893707275390625 0.0076141357421875 0.312774658203125 0.1068115234375
-0.044677734375 -0.0939712524414063 0.1845703125 0.340667724609375
0.0486068725585937 -0.116477966308594 0.0175628662109375 0.26922607421875
0.105506896972656 -0.0827713012695313 0.0727081298828125 0.0375900268554687
0.02972412109375 -0.0751266479492188 0.0577316284179688 -0.102287292480469
-0.0351181030273438 -0.0645790100097656 0.044891357421875 -0.281219482421875
-0.0650138854980469 -0.0145683288574219 -0.10302734375 -0.32257080078125
-0.0360183715820312 0.0273933410644531 -0.223007202148438 -0.243453979492187
0.00301361083984375 0.03741455078125 -0.26348876953125 -0.114776611328125
0.0323715209960938 0.035614013671875 -0.2513427734375 -0.00650024414062503
0.0291843414306641 0.0170860290527344 -0.1851806640625 0.0145416259765625
0.0309944152832031 0.00981903076171875 -0.103988647460937 -0.0441131591796875
0.0374298095703125 0.0301666259765625 -0.00807189941406249 -0.125144958496094
0.00960922241210938 0.0467491149902344 0.125640869140625 -0.148529052734375
-0.0357475280761719 0.0348892211914062 0.282470703125 -0.063629150390625
-0.0503044128417969 -0.0059967041015625 0.33636474609375 0.148345947265625
-0.0112419128417969 -0.0631027221679688 0.165496826171875 0.40716552734375
0.0399208068847656 -0.0666999816894531 -0.023895263671875 0.306854248046875
0.0712432861328125 -0.0503158569335938 0.0652389526367188 0.00830841064453125
0.0333309173583984 0.00102996826171875 -0.0437965393066406 -0.0390853881835937
0.014643669128418 -0.0147495269775391 0.020904541015625 -0.31915283203125
-0.0270843505859375 -0.0170383453369141 -0.209991455078125 -0.365997314453125
-0.0324993133544922 0.0118064880371094 -0.355712890625 -0.14788818359375
-0.0102481842041016 0.0230693817138672 -0.276092529296875 0.0823364257812499
0.00632476806640625 0.0259895324707031 -0.105545043945313 0.189163208007813
0.0135078430175781 0.0181255340576172 0.0491485595703125 0.137046813964844
0.013524055480957 0.0114622116088867 0.127914428710937 0.0403900146484375
0.0171518325805664 0.0166454315185547 0.177520751953125 -0.0201416015625
0.0135879516601562 0.0264778137207031 0.225860595703125 0.0061187744140625
0.000574111938476565 0.0257492065429688 0.264190673828125 0.0618743896484375
-0.000701904296875002 0.0253047943115234 0.240020751953125 0.171661376953125
-0.00930213928222656 0.0142965316772461 0.128631591796875 0.3209228515625
-0.00812911987304688 0.014251708984375 0.015625 0.295379638671875
0.00229644775390625 0.0127105712890625 -0.0328598022460937 0.11236572265625
0.0868911743164063 -0.0369186401367188 -0.0295925140380859 -0.0320148468017578
0.0451736450195312 -0.0802001953125 0.03741455078125 -0.32012939453125
-0.0507659912109375 -0.07183837890625 -0.191436767578125 -0.373504638671875
-0.0866851806640625 0.00510406494140626 -0.339630126953125 -0.163970947265625
-0.0463790893554687 0.0578536987304688 -0.267837524414063 0.058319091796875
0.0141143798828125 0.079925537109375 -0.10723876953125 0.169082641601562
0.046844482421875 0.0519485473632813 0.0411605834960938 0.120086669921875
0.0454673767089844 0.0333442687988281 0.120353698730469 0.0261688232421875
0.0543174743652344 0.0421028137207031 0.175216674804688 -0.0340576171875
0.0449676513671875 0.0669097900390625 0.229751586914062 -0.00430297851562499
0.00816345214843749 0.0733184814453125 0.273422241210938 0.0540924072265625
-0.0246734619140625 0.0710601806640625 0.250411987304688 0.1724853515625
-0.064117431640625 0.0162582397460938 0.1324462890625 0.327301025390625
-0.03955078125 -0.0339202880859375 0.007110595703125 0.290252685546875
0.0145492553710937 -0.0407600402832031 -0.0460586547851562 0.090301513671875
0.120697021484375 -0.0782241821289063 -0.0311737060546875 -0.0510787963867188
0.0544357299804687 -0.136665344238281 0.0408935546875 -0.308624267578125
-0.0861892700195313 -0.107864379882812 -0.17559814453125 -0.353240966796875
-0.131401062011719 0.0105361938476563 -0.3070068359375 -0.163330078125
-0.0697479248046875 0.0886077880859375 -0.245620727539063 0.033050537109375
0.0195541381835937 0.120925903320313 -0.11138916015625 0.137588500976562
0.0709609985351563 0.0804290771484375 0.0137100219726562 0.0984344482421875
0.0677528381347656 0.0549392700195312 0.0874404907226563 0.0164031982421875
0.0828399658203125 0.06634521484375 0.144485473632813 -0.041717529296875
0.0666275024414063 0.102912902832031 0.20355224609375 -0.0199127197265625
0.00641632080078124 0.115211486816406 0.25714111328125 0.0281982421875
-0.0552978515625 0.106010437011719 0.257095336914063 0.145309448242188
-0.113861083984375 0.00448608398437501 0.15362548828125 0.31658935546875
-0.0595321655273438 -0.0849761962890625 0.013916015625 0.28887939453125
0.032440185546875 -0.0936126708984375 -0.0443649291992188 0.0799179077148438
0.126197814941406 -0.118301391601562 0.00949859619140626 -0.0395622253417969
0.0194854736328125 -0.17901611328125 0.04388427734375 -0.29193115234375
-0.129615783691406 -0.109565734863281 -0.151092529296875 -0.32891845703125
-0.156112670898438 0.0385284423828125 -0.267852783203125 -0.169692993164063
-0.06732177734375 0.119911193847656 -0.226913452148437 -0.00755310058593751
0.044647216796875 0.143661499023438 -0.124778747558594 0.0926666259765625
0.0956954956054688 0.0867843627929688 -0.0226402282714844 0.0665435791015625
0.0871124267578125 0.0606765747070312 0.0496253967285156 -0.00286483764648437
0.104446411132812 0.0822372436523437 0.110847473144531 -0.05596923828125
0.0776748657226563 0.130302429199219 0.177780151367188 -0.0411529541015625
-0.00503540039062499 0.143585205078125 0.247344970703125 0.00387573242187501
-0.0875701904296875 0.122589111328125 0.264450073242187 0.127700805664062
-0.146331787109375 -0.0206451416015625 0.164306640625 0.3150634765625
-0.0592269897460938 -0.131248474121094 0.00588989257812499 0.280990600585938
0.0588302612304688 -0.128257751464844 -0.0398597717285156 0.0497779846191406
0.107887268066406 -0.139877319335938 0.0170822143554688 -0.072998046875
-0.0152435302734375 -0.182098388671875 0.02850341796875 -0.284423828125
-0.14495849609375 -0.0858917236328125 -0.14141845703125 -0.299560546875
-0.145767211914063 0.0536651611328125 -0.237274169921875 -0.167816162109375
-0.0550079345703125 0.118782043457031 -0.210922241210938 -0.034332275390625
0.046630859375 0.139518737792969 -0.139694213867188 0.05615234375
0.0890274047851563 0.0894546508789062 -0.06298828125 0.0407257080078125
0.0787429809570313 0.0688323974609375 -0.000755310058593746 -0.0200996398925781
0.0960159301757813 0.095306396484375 0.061767578125 -0.0758209228515625
0.054962158203125 0.140640258789063 0.136878967285156 -0.0766448974609375
-0.0371246337890625 0.141693115234375 0.227264404296875 -0.0399017333984375
-0.116928100585938 0.0952835083007812 0.2738037109375 0.0906829833984375
-0.139907836914063 -0.0676498413085937 0.188323974609375 0.3009033203125
-0.0263214111328125 -0.161773681640625 0.0221099853515625 0.271453857421875
0.0863189697265625 -0.140289306640625 -0.00551223754882812 0.0448379516601562
0.0748291015625 -0.143951416015625 0.0454902648925781 -0.069427490234375
-0.060089111328125 -0.15802001953125 0.046142578125 -0.27484130859375
-0.153701782226562 -0.041961669921875 -0.110137939453125 -0.31231689453125
-0.1148681640625 0.0823211669921875 -0.219161987304688 -0.210006713867188
-0.0167617797851563 0.11883544921875 -0.229644775390625 -0.0820159912109375
0.074615478515625 0.114433288574219 -0.185501098632813 0.020599365234375
0.0941162109375 0.0621795654296875 -0.116806030273438 0.0262985229492188
0.0822067260742188 0.0488357543945313 -0.0460395812988281 -0.0294570922851563
0.0969619750976563 0.0837554931640625 0.028045654296875 -0.0921173095703125
0.048919677734375 0.130615234375 0.122299194335937 -0.103370666503906
-0.049102783203125 0.128868103027344 0.2388916015625 -0.0611724853515625
-0.123893737792969 0.0667572021484375 0.2962646484375 0.09295654296875
-0.112800598144531 -0.095733642578125 0.1929931640625 0.326141357421875
0.0090484619140625 -0.161483764648438 0.007232666015625 0.276641845703125
0.104965209960938 -0.125282287597656 0.0105056762695313 0.00996971130371093
0.0448532104492187 -0.119430541992187 0.0504302978515625 -0.0899200439453125
-0.064453125 -0.110359191894531 0.0375823974609375 -0.2760009765625
-0.118644714355469 -0.015655517578125 -0.11077880859375 -0.311065673828125
-0.0727462768554688 0.067352294921875 -0.221664428710938 -0.221847534179687
0.00147247314453125 0.0827713012695313 -0.245895385742188 -0.093841552734375
0.0624618530273438 0.0760726928710938 -0.21728515625 0.0103607177734375
0.0663604736328125 0.0391387939453125 -0.153594970703125 0.0223846435546875
0.0597305297851563 0.0305900573730469 -0.0828399658203125 -0.03741455078125
0.0567283630371094 0.0640792846679688 -0.00112152099609375 -0.126602172851563
0.0118865966796875 0.086700439453125 0.111236572265625 -0.149002075195313
-0.0540199279785156 0.0700874328613281 0.2484130859375 -0.0925140380859375
-0.088714599609375 0.0134429931640625 0.31298828125 0.08160400390625
-0.04937744140625 -0.0896835327148438 0.20294189453125 0.321380615234375
0.0394287109375 -0.118598937988281 0.0323638916015625 0.264022827148438
0.0957489013671875 -0.0901718139648438 0.072723388671875 0.0314865112304687
0.024169921875 -0.0757369995117188 0.0501632690429687 -0.105300903320313
-0.0393943786621094 -0.0597991943359375 0.024871826171875 -0.279342651367188
-0.0650444030761719 -0.00901031494140624 -0.121826171875 -0.309967041015625
-0.0344657897949219 0.02886962890625 -0.234573364257813 -0.224456787109375
0.0053253173828125 0.0358238220214844 -0.2646484375 -0.093597412109375
0.0351676940917969 0.032196044921875 -0.246658325195313 0.0133514404296875
0.0304241180419922 0.013702392578125 -0.179916381835938 0.0287322998046875
0.03082275390625 0.00635337829589844 -0.105682373046875 -0.0358200073242188
0.0385284423828125 0.0260276794433594 -0.019500732421875 -0.121849060058594
0.01434326171875 0.0452499389648438 0.109848022460937 -0.153289794921875
-0.0320930480957031 0.0375480651855469 0.271499633789063 -0.083984375
-0.0499343872070312 -0.00188446044921876 0.339599609375 0.1209716796875
-0.0143165588378906 -0.06231689453125 0.19146728515625 0.3900146484375
0.0351943969726562 -0.069305419921875 -0.00460815429687503 0.30657958984375
0.0652427673339844 -0.0557632446289063 0.062591552734375 0.00542449951171875
0.0326747894287109 0.000579833984375 -0.0438728332519531 -0.03594970703125
0.0137300491333008 -0.0135765075683594 0.00982666015625002 -0.3104248046875
-0.0276679992675781 -0.0149173736572266 -0.21514892578125 -0.346282958984375
-0.0319385528564453 0.0131244659423828 -0.348114013671875 -0.130035400390625
-0.00880813598632812 0.0229606628417969 -0.260604858398437 0.0924072265625
0.0081787109375 0.0244922637939453 -0.0904998779296875 0.187789916992188
0.0135869979858398 0.0172481536865234 0.0551528930664062 0.12890625
0.0120000839233398 0.0109186172485352 0.126220703125 0.0313034057617187
0.0168561935424805 0.0147123336791992 0.170196533203125 -0.0272369384765625
0.0144634246826172 0.0255279541015625 0.217376708984375 -0.0021514892578125
0.00122642517089844 0.0257415771484375 0.258209228515625 0.048065185546875
-1.14440917968776E-05 0.0240364074707031 0.2388916015625 0.1568603515625
-0.00775051116943359 0.0139265060424805 0.137786865234375 0.30517578125
-0.00702476501464844 0.0138206481933594 0.02618408203125 0.286376953125
0.00189399719238281 0.0114946365356445 -0.0273056030273438 0.112167358398437
0.0829696655273438 -0.0385055541992188 -0.0301971435546875 -0.0299587249755859
0.039794921875 -0.07830810546875 0.02532958984375 -0.312530517578125
-0.0531806945800781 -0.0679855346679687 -0.1976318359375 -0.354644775390625
-0.0851593017578125 0.00916290283203126 -0.33380126953125 -0.1455078125
-0.0413780212402344 0.0579833984375 -0.254257202148438 0.0692138671875
0.0180206298828125 0.076416015625 -0.0929718017578125 0.168411254882813
0.0477867126464844 0.0481605529785156 0.0469512939453125 0.112030029296875
0.0439414978027344 0.0298652648925781 0.118919372558594 0.0173721313476563
0.0545997619628906 0.0376319885253906 0.1676025390625 -0.0403289794921875
0.0473289489746094 0.0627098083496094 0.221694946289063 -0.01373291015625
0.0104141235351562 0.0721817016601563 0.266647338867188 0.0396728515625
-0.0210647583007813 0.069549560546875 0.249832153320313 0.155349731445313
-0.0618629455566406 0.017303466796875 0.142547607421875 0.31219482421875
-0.0395736694335938 -0.0324516296386719 0.01849365234375 0.282806396484375
0.0118560791015625 -0.0418663024902344 -0.042327880859375 0.0915374755859375
0.113632202148438 -0.080322265625 -0.0323143005371094 -0.0471458435058594
0.0462722778320313 -0.134613037109375 0.029052734375 -0.30035400390625
-0.089263916015625 -0.101882934570312 -0.181549072265625 -0.335662841796875
-0.128273010253906 0.0160064697265625 -0.302398681640625 -0.145355224609375
-0.0636825561523438 0.0890884399414062 -0.232894897460938 0.0423126220703125
0.0256195068359375 0.116561889648438 -0.097900390625 0.138008117675781
0.0726394653320313 0.0746383666992188 0.0195083618164063 0.0926742553710938
0.0664405822753906 0.0502243041992188 0.0865097045898438 0.00975799560546875
0.08349609375 0.0591888427734375 0.137962341308594 -0.0470809936523438
0.069610595703125 0.0975341796875 0.19549560546875 -0.0277557373046875
0.0100936889648437 0.113327026367188 0.249343872070313 0.015167236328125
-0.0488204956054688 0.105949401855469 0.254074096679688 0.128372192382813
-0.110740661621094 0.00811767578125001 0.161956787109375 0.301361083984375
-0.06201171875 -0.0817718505859375 0.0245819091796875 0.280715942382812
0.0259552001953125 -0.0934219360351562 -0.041473388671875 0.08111572265625
0.116775512695313 -0.1197509765625 0.00735092163085939 -0.038360595703125
0.0101165771484375 -0.173812866210938 0.033538818359375 -0.284027099609375
-0.131523132324219 -0.101249694824219 -0.157257080078125 -0.312225341796875
-0.150680541992188 0.0445098876953125 -0.2642822265625 -0.1544189453125
-0.0597763061523438 0.119728088378906 -0.217453002929688 0.00251770019531255
0.0508804321289062 0.136940002441406 -0.113212585449219 0.094451904296875
0.096221923828125 0.0791244506835938 -0.0169601440429687 0.0636215209960938
0.0855865478515625 0.05419921875 0.0477294921875 -0.0068817138671875
0.105186462402344 0.0733718872070313 0.10369873046875 -0.0593185424804687
0.08294677734375 0.122337341308594 0.16943359375 -0.04583740234375
0.000900268554687488 0.141952514648438 0.239059448242188 -0.00778198242187499
-0.0799713134765625 0.122352600097656 0.260757446289063 0.111984252929688
-0.142745971679688 -0.0153045654296875 0.1727294921875 0.29815673828125
-0.0639724731445313 -0.126419067382813 0.01593017578125 0.2735595703125
0.0492324829101563 -0.127944946289063 -0.0381546020507813 0.0518150329589844
0.098907470703125 -0.140151977539062 0.0127105712890625 -0.0712738037109375
-0.0237579345703125 -0.1751708984375 0.01837158203125 -0.275222778320313
-0.145523071289062 -0.0775146484375 -0.145538330078125 -0.284271240234375
-0.14111328125 0.0592803955078125 -0.233840942382813 -0.153717041015625
-0.048187255859375 0.119140625 -0.20245361328125 -0.026123046875
0.0530166625976563 0.133193969726563 -0.129280090332031 0.059173583984375
0.0907669067382813 0.0823745727539063 -0.0572738647460937 0.0412216186523438
0.079498291015625 0.063018798828125 -0.00123786926269531 -0.0207920074462891
0.0975418090820313 0.0875244140625 0.0546798706054688 -0.0754852294921875
0.0616302490234375 0.13421630859375 0.126663208007813 -0.0782012939453125
-0.030670166015625 0.140640258789063 0.21783447265625 -0.0493011474609375
-0.1102294921875 0.0977706909179688 0.266220092773438 0.075469970703125
-0.138198852539063 -0.0604324340820312 0.193115234375 0.283172607421875
-0.033966064453125 -0.157440185546875 0.0298919677734375 0.263534545898438
0.0769195556640625 -0.14080810546875 -0.00458908081054687 0.0448074340820312
0.0670166015625 -0.14276123046875 0.0401077270507813 -0.0686111450195313
-0.0660858154296875 -0.14837646484375 0.0362396240234375 -0.267044067382813
-0.15185546875 -0.033843994140625 -0.115570068359375 -0.298614501953125
-0.109107971191406 0.0853805541992188 -0.219161987304688 -0.195709228515625
-0.01092529296875 0.115859985351563 -0.223602294921875 -0.0701141357421875
0.0789718627929688 0.1070556640625 -0.176803588867188 0.02764892578125
0.0934906005859375 0.0548248291015625 -0.110733032226563 0.0306549072265625
0.0804824829101563 0.0432205200195313 -0.045928955078125 -0.0271644592285156
0.09765625 0.0746231079101563 0.0214614868164063 -0.08929443359375
0.0551300048828125 0.124038696289062 0.111564636230469 -0.104476928710937
-0.0421066284179687 0.128646850585938 0.227630615234375 -0.0699005126953125
-0.117156982421875 0.0708999633789063 0.2889404296875 0.076416015625
-0.113655090332031 -0.0885238647460938 0.200775146484375 0.307525634765625
0.000732421875000007 -0.158660888671875 0.01629638671875 0.270248413085938
0.0943603515625 -0.126579284667969 0.0090179443359375 0.0106325149536133
0.039276123046875 -0.117912292480469 0.0445404052734375 -0.0893783569335938
-0.0673828125 -0.102943420410156 0.02789306640625 -0.26763916015625
-0.11614990234375 -0.009521484375 -0.117584228515625 -0.297607421875
-0.0679931640625 0.068572998046875 -0.222427368164062 -0.207107543945313
0.00459289550781249 0.0803756713867188 -0.240188598632813 -0.081024169921875
0.06500244140625 0.0701637268066406 -0.208145141601562 0.0189361572265625
0.0661659240722656 0.0345458984375 -0.147354125976563 0.0286407470703125
0.0583992004394531 0.0266494750976563 -0.083038330078125 -0.0323410034179687
0.0594635009765625 0.0584182739257813 -0.00928497314453124 -0.122276306152344
0.016204833984375 0.0843887329101563 0.0982666015625 -0.14776611328125
-0.0506591796875 0.0711288452148438 0.234222412109375 -0.101226806640625
-0.0852813720703125 0.016815185546875 0.30242919921875 0.06500244140625
-0.0514373779296875 -0.0861740112304688 0.207916259765625 0.303253173828125
0.0321273803710938 -0.118011474609375 0.0387725830078125 0.2554931640625
0.0877227783203125 -0.0910797119140625 0.0707321166992188 0.0284347534179687
0.02130126953125 -0.0745849609375 0.0445098876953125 -0.104591369628906
-0.04052734375 -0.0547981262207031 0.01470947265625 -0.270858764648437
-0.0631675720214844 -0.00524902343749999 -0.12860107421875 -0.29644775390625
-0.0327568054199219 0.0295143127441406 -0.235916137695313 -0.210067749023437
0.00695610046386719 0.0344390869140625 -0.259475708007813 -0.0789794921875
0.03662109375 0.0291824340820313 -0.235763549804687 0.0245513916015625
0.0303440093994141 0.0116844177246094 -0.17242431640625 0.03570556640625
0.0293502807617188 0.0040130615234375 -0.105384826660156 -0.029449462890625
0.038726806640625 0.0219230651855469 -0.0264511108398438 -0.115745544433594
0.0161895751953125 0.042236328125 0.0976104736328125 -0.152114868164062
-0.0303421020507812 0.0389213562011719 0.25775146484375 -0.095367431640625
-0.0488510131835937 0.000106811523437508 0.33172607421875 0.1009521484375
-0.0163040161132813 -0.0605583190917969 0.2008056640625 0.372344970703125
0.030609130859375 -0.0690536499023438 0.00482177734375002 0.30108642578125
0.05914306640625 -0.0570793151855469 0.0593070983886719 0.00393295288085937
0.0323829650878906 -0.0003509521484375 -0.0434303283691406 -0.0344161987304688
0.0133876800537109 -0.0128974914550781 0.00936889648437503 -0.303955078125
-0.0281810760498047 -0.0136146545410156 -0.21197509765625 -0.338836669921875
-0.032440185546875 0.0137462615966797 -0.339813232421875 -0.125701904296875
-0.0085906982421875 0.0226688385009766 -0.252151489257813 0.0941162109375
0.00925254821777344 0.0233306884765625 -0.0831451416015625 0.185897827148438
0.0133285522460937 0.0172567367553711 0.0578536987304688 0.123939514160156
0.010096549987793 0.0109853744506836 0.124008178710938 0.0267486572265625
0.0162086486816406 0.0138492584228516 0.165802001953125 -0.0286102294921875
0.0146942138671875 0.0253486633300781 0.212814331054688 -0.003814697265625
0.00143623352050781 0.0262393951416016 0.25274658203125 0.043975830078125
-0.000246047973632813 0.0232696533203125 0.234909057617188 0.150482177734375
-0.00710868835449219 0.012995719909668 0.1375732421875 0.296539306640625
-0.00685310363769531 0.013092041015625 0.029144287109375 0.282318115234375
0.000647544860839843 0.0108633041381836 -0.0264358520507812 0.112327575683594
0.0806427001953125 -0.0392074584960938 -0.0304889678955078 -0.0298709869384766
0.0381317138671875 -0.076507568359375 0.024200439453125 -0.30712890625
-0.0544166564941406 -0.065704345703125 -0.19549560546875 -0.3482666015625
-0.0844192504882813 0.0104827880859375 -0.327362060546875 -0.140106201171875
-0.0402450561523438 0.0576400756835938 -0.245941162109375 0.0706787109375
0.0192718505859375 0.0740432739257813 -0.0851287841796875 0.166336059570313
0.0471916198730469 0.0461273193359375 0.0485382080078125 0.107376098632813
0.0419273376464844 0.0292282104492188 0.11627197265625 0.0118637084960938
0.0534439086914063 0.0353126525878906 0.162918090820313 -0.0428619384765625
0.0487022399902344 0.0611457824707031 0.218170166015625 -0.0161590576171875
0.0107269287109375 0.0724639892578125 0.261932373046875 0.0353546142578125
-0.0217552185058594 0.0689888000488281 0.246200561523437 0.14923095703125
-0.0602149963378906 0.0160026550292969 0.143646240234375 0.30438232421875
-0.0402603149414062 -0.0327682495117188 0.0200042724609375 0.279617309570313
0.0100555419921875 -0.04205322265625 -0.041473388671875 0.092010498046875
0.111671447753906 -0.0797195434570312 -0.0324783325195312 -0.0451889038085938
0.0433731079101562 -0.13189697265625 0.027740478515625 -0.294464111328125
-0.08984375 -0.098846435546875 -0.178619384765625 -0.328399658203125
-0.127365112304688 0.0174407958984375 -0.295654296875 -0.14105224609375
-0.0624771118164063 0.08929443359375 -0.2252197265625 0.04449462890625
0.0277633666992187 0.113327026367187 -0.0903549194335938 0.13604736328125
0.0723953247070313 0.0719451904296875 0.0223770141601563 0.0888214111328125
0.0645523071289063 0.0483627319335938 0.0845260620117188 0.005340576171875
0.0829620361328125 0.0553207397460938 0.133857727050781 -0.0472946166992187
0.0717086791992188 0.0948867797851563 0.19158935546875 -0.0286865234375
0.0116348266601562 0.112991333007813 0.244430541992187 0.0111236572265625
-0.04766845703125 0.104270935058594 0.250274658203125 0.123123168945313
-0.108100891113281 0.00824737548828124 0.16241455078125 0.29278564453125
-0.0632858276367188 -0.08123779296875 0.0261077880859375 0.27703857421875
0.02337646484375 -0.093048095703125 -0.041168212890625 0.08135986328125
0.114250183105469 -0.119125366210937 0.00687026977539064 -0.0369415283203125
0.0066680908203125 -0.170547485351563 0.0322418212890625 -0.278854370117188
-0.132102966308594 -0.0977249145507813 -0.153717041015625 -0.306610107421875
-0.149017333984375 0.046905517578125 -0.259048461914063 -0.14910888671875
-0.0567855834960938 0.119186401367187 -0.210525512695313 0.00410461425781248
0.0534896850585937 0.132682800292969 -0.1064453125 0.0931243896484375
0.0963287353515625 0.0758743286132813 -0.0146980285644531 0.0616073608398438
0.0839080810546875 0.0517425537109375 0.0458946228027344 -0.0101776123046875
0.104583740234375 0.0687942504882813 0.0991897583007813 -0.059661865234375
0.0850982666015625 0.119293212890625 0.16510009765625 -0.0472869873046875
0.00267028808593751 0.141677856445313 0.233062744140625 -0.011932373046875
-0.0774688720703125 0.121467590332031 0.2554931640625 0.106231689453125
-0.141036987304688 -0.014892578125 0.173492431640625 0.2911376953125
-0.0667266845703125 -0.1253662109375 0.0169525146484375 0.269973754882813
0.0450439453125 -0.127227783203125 -0.0392303466796875 0.0527267456054688
0.0958480834960938 -0.139457702636719 0.0122833251953125 -0.0687141418457031
-0.0268096923828125 -0.17071533203125 0.018280029296875 -0.268051147460938
-0.145156860351563 -0.0748748779296875 -0.141387939453125 -0.277877807617187
-0.139015197753906 0.0603485107421875 -0.227569580078125 -0.14971923828125
-0.0459671020507813 0.118598937988281 -0.1953125 -0.023956298828125
0.0551986694335938 0.130409240722656 -0.123420715332031 0.0579605102539063
0.0913009643554688 0.0793228149414063 -0.0550537109375 0.0393142700195312
0.078155517578125 0.0605239868164063 -0.00292968749999999 -0.0219364166259766
0.0981521606445313 0.0834503173828125 0.0508270263671875 -0.074188232421875
0.0636367797851563 0.131629943847656 0.123451232910156 -0.0768661499023437
-0.0283660888671875 0.141494750976563 0.210647583007813 -0.0521087646484375
-0.107887268066406 0.0980377197265625 0.260604858398438 0.0699920654296875
-0.137428283691406 -0.0592269897460938 0.1922607421875 0.275421142578125
-0.037384033203125 -0.156280517578125 0.029876708984375 0.259994506835938
0.0712432861328125 -0.140220642089844 -0.00561523437499999 0.045135498046875
0.0655517578125 -0.140884399414063 0.0395889282226563 -0.0667572021484375
-0.067840576171875 -0.1436767578125 0.035400390625 -0.26153564453125
-0.1505126953125 -0.030731201171875 -0.114471435546875 -0.29351806640625
-0.106414794921875 0.0861587524414063 -0.215484619140625 -0.191635131835937
-0.00868988037109375 0.115707397460938 -0.219711303710937 -0.0664825439453125
0.080169677734375 0.102798461914063 -0.170501708984375 0.0279693603515625
0.0930328369140625 0.0516510009765625 -0.107337951660156 0.03118896484375
0.0787811279296875 0.0406951904296875 -0.0468978881835937 -0.026214599609375
0.0977554321289063 0.0701141357421875 0.0174331665039063 -0.0875701904296875
0.0572357177734375 0.121437072753906 0.106208801269531 -0.102622985839844
-0.0395736694335938 0.129341125488281 0.220687866210937 -0.0739898681640625
-0.115310668945313 0.0714569091796875 0.28302001953125 0.0704345703125
-0.111831665039062 -0.087860107421875 0.199859619140625 0.30145263671875
-0.00292968749999999 -0.157135009765625 0.017333984375 0.267425537109375
0.08953857421875 -0.125648498535156 0.00660228729248047 0.0117883682250976
0.0379867553710938 -0.116920471191406 0.0429458618164062 -0.087493896484375
-0.06707763671875 -0.0991134643554688 0.02667236328125 -0.261962890625
-0.113967895507812 -0.00676727294921876 -0.116424560546875 -0.29248046875
-0.0667190551757813 0.0690765380859375 -0.219879150390625 -0.202239990234375
0.00550079345703124 0.0786361694335938 -0.235824584960938 -0.0772399902343751
0.0661048889160156 0.0670089721679688 -0.202239990234375 0.0213775634765625
0.0657844543457031 0.0319023132324219 -0.14404296875 0.0302276611328125
0.0566749572753906 0.0244522094726562 -0.0831680297851563 -0.0304031372070313
0.0587272644042969 0.0550804138183594 -0.0135345458984375 -0.11859130859375
0.0180816650390625 0.0837173461914063 0.091644287109375 -0.14453125
-0.0488662719726563 0.0728759765625 0.225372314453125 -0.102508544921875
-0.0850448608398438 0.01763916015625 0.2943115234375 0.05987548828125
-0.0513458251953125 -0.0851821899414063 0.203460693359375 0.2957763671875
0.0291976928710938 -0.116127014160156 0.037078857421875 0.251968383789062
0.0829849243164063 -0.0909194946289063 0.0688362121582031 0.027679443359375
0.02032470703125 -0.0745391845703125 0.04217529296875 -0.103218078613281
-0.0397300720214844 -0.0520210266113281 0.0142059326171875 -0.264801025390625
-0.0619888305664063 -0.00322723388671876 -0.12841796875 -0.2901611328125
-0.0319232940673828 0.0300235748291016 -0.232620239257812 -0.204635620117188
0.00751113891601563 0.0338344573974609 -0.254348754882813 -0.0750274658203124
0.0372390747070313 0.0280303955078125 -0.229965209960938 0.0281982421875
0.0296649932861328 0.0106735229492187 -0.169815063476563 0.0383148193359375
0.0271625518798828 0.00417518615722656 -0.10552978515625 -0.027496337890625
0.03717041015625 0.0188484191894531 -0.030242919921875 -0.111717224121094
0.0173912048339844 0.0412673950195313 0.091461181640625 -0.149017333984375
-0.028961181640625 0.0396270751953125 0.249908447265625 -0.0975341796875
-0.0492820739746094 0.00115966796875001 0.325164794921875 0.09503173828125
-0.0165214538574219 -0.0605392456054688 0.201812744140625 0.364013671875
0.0279464721679687 -0.0689811706542969 0.00625610351562497 0.2989501953125
0.055572509765625 -0.0565452575683594 0.0565261840820313 0.004241943359375
0.0331192016601563 -0.000741958618164063 -0.0438613891601563 -0.0344696044921875
0.0139980316162109 -0.0116977691650391 0.0125732421875 -0.308441162109375
-0.0288562774658203 -0.0124492645263672 -0.21185302734375 -0.343170166015625
-0.0327434539794922 0.0149517059326172 -0.34149169921875 -0.12689208984375
-0.00935554504394531 0.0226898193359375 -0.251663208007813 0.0961761474609375
0.00939178466796875 0.0228404998779297 -0.0790557861328125 0.188385009765625
0.0127811431884766 0.0175313949584961 0.060760498046875 0.123115539550781
0.00900840759277344 0.0120763778686523 0.125099182128906 0.0236740112304688
0.0153779983520508 0.0129671096801758 0.167144775390625 -0.0290985107421875
0.0153522491455078 0.0253963470458984 0.214385986328125 -0.0038909912109375
0.00203323364257813 0.0281009674072266 0.25396728515625 0.0428619384765625
-0.000535964965820311 0.0234355926513672 0.235885620117188 0.150924682617188
-0.00789928436279297 0.0118236541748047 0.14007568359375 0.29949951171875
-0.00793933868408203 0.0134143829345703 0.029632568359375 0.286468505859375
-6.67572021484329E-06 0.0107135772705078 -0.027252197265625 0.115058898925781
0.0822372436523438 -0.0396041870117188 -0.0310077667236328 -0.0288810729980469
0.0399627685546875 -0.0761947631835938 0.026641845703125 -0.31036376953125
-0.0552749633789063 -0.0649604797363281 -0.196319580078125 -0.35223388671875
-0.085601806640625 0.011749267578125 -0.32867431640625 -0.142120361328125
-0.0409660339355469 0.05987548828125 -0.245498657226563 0.072174072265625
0.02032470703125 0.074554443359375 -0.08087158203125 0.169097900390625
0.0474014282226563 0.0472183227539062 0.0513763427734375 0.106765747070312
0.0407180786132812 0.029754638671875 0.116943359375 0.00867462158203125
0.0537223815917969 0.0341300964355469 0.163406372070313 -0.044219970703125
0.050018310546875 0.0606460571289063 0.220046997070313 -0.0169219970703125
0.011566162109375 0.07513427734375 0.263504028320313 0.0327911376953125
-0.0217552185058594 0.0695152282714844 0.24884033203125 0.149459838867188
-0.0619010925292969 0.0157852172851562 0.147003173828125 0.30780029296875
-0.0428657531738281 -0.0334701538085938 0.02056884765625 0.283843994140625
0.00843429565429688 -0.0426597595214844 -0.0434112548828125 0.0954742431640625
0.112937927246094 -0.08209228515625 -0.0335502624511719 -0.04364013671875
0.0433425903320313 -0.132781982421875 0.029693603515625 -0.297119140625
-0.092041015625 -0.0996856689453125 -0.178131103515625 -0.33380126953125
-0.130462646484375 0.01904296875 -0.2967529296875 -0.143035888671875
-0.0624618530273438 0.090789794921875 -0.224273681640625 0.044708251953125
0.0300064086914062 0.114540100097656 -0.0868911743164062 0.136825561523438
0.0739517211914063 0.0718917846679688 0.0242691040039063 0.0872039794921875
0.0644760131835938 0.0489158630371094 0.0844268798828125 0.00272369384765625
0.0833511352539063 0.0546722412109375 0.133506774902344 -0.049163818359375
0.0744552612304688 0.0951766967773438 0.192535400390625 -0.02886962890625
0.0124282836914063 0.115837097167969 0.244918823242188 0.00914001464843751
-0.0488052368164062 0.106338500976563 0.251113891601563 0.122772216796875
-0.111076354980469 0.00749206542968752 0.165740966796875 0.29486083984375
-0.067291259765625 -0.0834274291992188 0.026519775390625 0.281219482421875
0.0209503173828125 -0.0946807861328125 -0.0422897338867188 0.0840530395507813
0.116012573242187 -0.121421813964844 0.00646209716796876 -0.0354690551757813
0.00517272949218751 -0.1715087890625 0.0351104736328125 -0.280532836914063
-0.135299682617188 -0.0982284545898438 -0.153717041015625 -0.311981201171875
-0.151870727539063 0.0495452880859375 -0.260498046875 -0.15203857421875
-0.0575637817382813 0.121879577636719 -0.210708618164063 0.00437927246093752
0.05584716796875 0.133499145507812 -0.103561401367188 0.0936050415039063
0.09747314453125 0.075408935546875 -0.0146903991699219 0.0606918334960938
0.08355712890625 0.0513458251953125 0.0451812744140625 -0.0121955871582031
0.106101989746094 0.067352294921875 0.0992507934570313 -0.059844970703125
0.0887603759765625 0.119354248046875 0.165740966796875 -0.0472869873046875
0.00466918945312501 0.145233154296875 0.234100341796875 -0.014068603515625
-0.0785140991210937 0.124061584472656 0.257095336914063 0.105224609375
-0.144363403320313 -0.0158538818359375 0.17620849609375 0.2930908203125
-0.0715408325195313 -0.127777099609375 0.016876220703125 0.275238037109375
0.0430526733398437 -0.130035400390625 -0.0410232543945313 0.0552597045898437
0.0970458984375 -0.142227172851562 0.0116310119628906 -0.0685844421386719
-0.029205322265625 -0.173049926757813 0.019805908203125 -0.27093505859375
-0.148361206054688 -0.0756072998046875 -0.13995361328125 -0.282928466796875
-0.141998291015625 0.0633697509765625 -0.228546142578125 -0.152481079101563
-0.0465850830078125 0.121742248535156 -0.196258544921875 -0.0244598388671875
0.058380126953125 0.131744384765625 -0.121475219726563 0.0576019287109375
0.0934219360351563 0.0796737670898438 -0.0550727844238281 0.0390892028808594
0.0791778564453125 0.0617523193359375 -0.00442314147949218 -0.0221710205078125
0.100112915039063 0.0831756591796875 0.0491104125976563 -0.0734176635742188
0.0679397583007813 0.132789611816406 0.122352600097656 -0.0767364501953125
-0.027801513671875 0.1456298828125 0.210525512695313 -0.05401611328125
-0.109809875488281 0.0998382568359375 0.260879516601563 0.0697784423828125
-0.141189575195313 -0.06072998046875 0.194091796875 0.277359008789063
-0.0418853759765625 -0.159530639648438 0.0295562744140625 0.264312744140625
0.06951904296875 -0.142623901367188 -0.00792312622070313 0.046783447265625
0.0663299560546875 -0.144058227539063 0.0402641296386719 -0.0670356750488281
-0.0688934326171875 -0.144027709960938 0.0380706787109375 -0.263763427734375
-0.152053833007813 -0.029449462890625 -0.11383056640625 -0.2982177734375
-0.108360290527344 0.0895462036132813 -0.216781616210938 -0.194381713867187
-0.00809478759765626 0.11737060546875 -0.220550537109375 -0.0675201416015624
0.08331298828125 0.103012084960937 -0.170150756835937 0.0294036865234375
0.0944366455078125 0.0517578125 -0.108551025390625 0.0323257446289063
0.0786361694335938 0.0405807495117188 -0.049346923828125 -0.02587890625
0.0987319946289063 0.0687255859375 0.0158615112304688 -0.0866851806640625
0.06146240234375 0.121482849121094 0.104766845703125 -0.1026611328125
-0.03851318359375 0.133216857910156 0.220184326171875 -0.0759735107421875
-0.11749267578125 0.0736083984375 0.284820556640625 0.069488525390625
-0.115653991699219 -0.0888290405273437 0.2037353515625 0.30450439453125
-0.00712585449218749 -0.159805297851563 0.0160675048828125 0.272903442382813
0.088470458984375 -0.127693176269531 0.00489807128906251 0.0137948989868164
0.038909912109375 -0.119186401367187 0.0437240600585938 -0.0875244140625
-0.068695068359375 -0.098876953125 0.0292205810546875 -0.265380859375
-0.115394592285156 -0.00569915771484375 -0.1165771484375 -0.296600341796875
-0.0676040649414062 0.0711593627929688 -0.221923828125 -0.205673217773437
0.006072998046875 0.0818252563476562 -0.237518310546875 -0.0781860351562499
0.068450927734375 0.0669021606445313 -0.202850341796875 0.021820068359375
0.0674209594726563 0.0315437316894531 -0.145126342773438 0.032012939453125
0.0564117431640625 0.0247344970703125 -0.0858917236328125 -0.0289764404296875
0.0597915649414063 0.0543861389160156 -0.0168914794921875 -0.117149353027344
0.0199127197265625 0.0844192504882813 0.089447021484375 -0.144943237304688
-0.0493850708007813 0.0753173828125 0.224929809570313 -0.105133056640625
-0.0875778198242188 0.0183563232421875 0.294952392578125 0.059417724609375
-0.0526123046875 -0.0876388549804688 0.2039794921875 0.2989501953125
0.0272216796875 -0.119621276855469 0.03424072265625 0.254714965820313
0.082305908203125 -0.0926895141601563 0.0677528381347656 0.0270042419433594
0.0212936401367187 -0.0765533447265625 0.0435333251953125 -0.103965759277344
-0.0395050048828125 -0.0519027709960938 0.01544189453125 -0.267837524414063
-0.0614852905273437 -0.00241851806640625 -0.127716064453125 -0.29522705078125
-0.0329055786132813 0.0309906005859375 -0.235458374023438 -0.207901000976562
0.00778961181640625 0.0347080230712891 -0.256393432617188 -0.0744476318359375
0.0392341613769531 0.0275840759277344 -0.2314453125 0.030364990234375
0.0301494598388672 0.0104217529296875 -0.171493530273438 0.041351318359375
0.0269355773925781 0.00397109985351563 -0.10821533203125 -0.02508544921875
0.037109375 0.0184783935546875 -0.0329818725585937 -0.109832763671875
0.0189781188964844 0.0417671203613281 0.088409423828125 -0.149322509765625
-0.0287322998046875 0.0417633056640625 0.248855590820313 -0.101608276367188
-0.04974365234375 0.00245285034179687 0.326812744140625 0.09442138671875
-0.0174064636230469 -0.0623512268066406 0.204742431640625 0.3677978515625
0.0265884399414063 -0.070343017578125 0.00500488281249999 0.305267333984375
0.0541000366210937 -0.0573310852050781 0.0555152893066406 0.00642776489257812
0.0345897674560547 -0.00232696533203125 -0.0460166931152344 -0.0345420837402344
0.0155553817749023 -0.0119657516479492 0.0103759765625 -0.319427490234375
-0.0291843414306641 -0.0118179321289063 -0.223663330078125 -0.355010986328125
-0.0345096588134766 0.0166015625 -0.3544921875 -0.12713623046875
-0.0100593566894531 0.02337646484375 -0.255950927734375 0.104965209960938
0.0103816986083984 0.0228271484375 -0.0733795166015625 0.196075439453125
0.01361083984375 0.0188751220703125 0.0670623779296875 0.124931335449219
0.00839900970458984 0.0138864517211914 0.129142761230469 0.0204620361328125
0.014307975769043 0.0131845474243164 0.172210693359375 -0.032745361328125
0.0166034698486328 0.0264225006103516 0.221954345703125 -0.0070037841796875
0.00277519226074219 0.0307884216308594 0.2625732421875 0.040191650390625
-0.00128555297851562 0.0238132476806641 0.245346069335938 0.152175903320313
-0.0088043212890625 0.0115594863891602 0.149749755859375 0.30767822265625
-0.0088033676147461 0.0143909454345703 0.035888671875 0.296478271484375
-0.000835418701171876 0.0111865997314453 -0.0265884399414062 0.121253967285156
0.0851821899414063 -0.0431747436523438 -0.0324745178222656 -0.0292549133300781
0.0402679443359375 -0.0788803100585938 0.024444580078125 -0.322662353515625
-0.0592155456542969 -0.0664253234863281 -0.20672607421875 -0.364776611328125
-0.0894851684570313 0.0156707763671875 -0.34271240234375 -0.143402099609375
-0.0417327880859375 0.0621223449707031 -0.250564575195313 0.0790557861328125
0.02276611328125 0.0758132934570312 -0.075836181640625 0.175277709960938
0.0499076843261719 0.0485305786132812 0.056884765625 0.106849670410156
0.0412101745605469 0.0309066772460937 0.119590759277344 0.0042877197265625
0.0543289184570313 0.0340118408203125 0.168350219726562 -0.04931640625
0.0541534423828125 0.0622787475585937 0.226821899414063 -0.0211029052734375
0.014495849609375 0.0790863037109375 0.271881103515625 0.02838134765625
-0.0224838256835937 0.0732650756835938 0.258453369140625 0.149917602539063
-0.0651359558105469 0.0167045593261719 0.15863037109375 0.31622314453125
-0.0460319519042969 -0.0343742370605469 0.02593994140625 0.295806884765625
0.0060577392578125 -0.0441970825195313 -0.04473876953125 0.101341247558594
0.115570068359375 -0.0879287719726563 -0.0354728698730469 -0.0433235168457031
0.0421142578125 -0.138748168945313 0.0286865234375 -0.3084716796875
-0.0983428955078125 -0.101066589355469 -0.18878173828125 -0.34515380859375
-0.135475158691406 0.0241775512695312 -0.309661865234375 -0.143280029296875
-0.0640869140625 0.0961456298828125 -0.228759765625 0.050140380859375
0.0345230102539063 0.1182861328125 -0.08251953125 0.1417236328125
0.0783233642578125 0.0734481811523437 0.0284576416015625 0.0879592895507813
0.0665130615234375 0.0503005981445313 0.0863037109375 -0.000579833984374997
0.0869674682617188 0.0551300048828125 0.137222290039063 -0.05377197265625
0.0806350708007812 0.0975265502929687 0.198410034179688 -0.032958984375
0.0166778564453125 0.122756958007813 0.25238037109375 0.00512695312500001
-0.0501480102539062 0.111602783203125 0.2608642578125 0.12249755859375
-0.1170654296875 0.00847625732421877 0.176239013671875 0.3028564453125
-0.0740737915039063 -0.0856094360351563 0.03167724609375 0.292449951171875
0.0181808471679688 -0.0993118286132812 -0.0449295043945313 0.0911865234375
0.118453979492188 -0.128974914550781 0.00621795654296876 -0.0356063842773438
0.00215148925781251 -0.177947998046875 0.034088134765625 -0.291656494140625
-0.142822265625 -0.099151611328125 -0.161834716796875 -0.3233642578125
-0.157638549804688 0.0557098388671875 -0.271102905273438 -0.1531982421875
-0.0573272705078125 0.128921508789063 -0.215164184570313 0.00801086425781255
0.0626602172851562 0.137092590332031 -0.101600646972656 0.0966644287109375
0.103286743164063 0.0756378173828125 -0.0128097534179687 0.0613975524902344
0.086273193359375 0.0532455444335937 0.0445022583007813 -0.0147018432617187
0.110359191894531 0.0668716430664063 0.100120544433594 -0.0638656616210938
0.0965652465820313 0.120941162109375 0.171005249023437 -0.0515289306640625
0.00891113281250001 0.153121948242188 0.24041748046875 -0.019561767578125
-0.0800933837890625 0.131538391113281 0.267074584960938 0.1043701171875
-0.152267456054688 -0.014007568359375 0.187774658203125 0.301025390625
-0.0798721313476563 -0.13189697265625 0.0213623046875 0.28656005859375
0.04071044921875 -0.135337829589844 -0.0439338684082031 0.0608177185058594
0.0980987548828125 -0.150726318359375 0.0108604431152344 -0.0694007873535156
-0.03338623046875 -0.178298950195312 0.0185089111328125 -0.279876708984375
-0.155609130859375 -0.075653076171875 -0.1461181640625 -0.291473388671875
-0.147659301757813 0.069580078125 -0.23687744140625 -0.154769897460937
-0.047149658203125 0.128379821777344 -0.200698852539062 -0.02435302734375
0.0653533935546875 0.135040283203125 -0.122177124023437 0.0598373413085938
0.0997695922851563 0.079620361328125 -0.0564918518066406 0.0411643981933594
0.08209228515625 0.0635910034179688 -0.00710487365722656 -0.023834228515625
0.105209350585938 0.083038330078125 0.04888916015625 -0.0761260986328125
0.0747528076171875 0.136215209960938 0.123626708984375 -0.08062744140625
-0.0255584716796875 0.1551513671875 0.2152099609375 -0.059295654296875
-0.113304138183594 0.107673645019531 0.268356323242188 0.0677032470703125
-0.14874267578125 -0.061065673828125 0.204864501953125 0.282684326171875
-0.0499725341796875 -0.16534423828125 0.0332183837890625 0.274520874023437
0.0666656494140625 -0.149261474609375 -0.0084075927734375 0.0500259399414062
0.0665283203125 -0.152084350585938 0.0419273376464844 -0.0685234069824219
-0.0758209228515625 -0.146697998046875 0.0377960205078125 -0.273345947265625
-0.159225463867187 -0.0278167724609375 -0.12158203125 -0.309661865234375
-0.111396789550781 0.0962142944335938 -0.228347778320312 -0.199417114257812
-0.00551605224609375 0.122512817382813 -0.229232788085937 -0.06658935546875
0.0909576416015625 0.103279113769531 -0.174301147460937 0.0333251953125
0.100189208984375 0.0505142211914063 -0.111984252929688 0.0365447998046875
0.0806655883789063 0.04132080078125 -0.0528945922851562 -0.024688720703125
0.102630615234375 0.0674514770507813 0.013336181640625 -0.0883255004882813
0.0675811767578125 0.124496459960938 0.105377197265625 -0.105377197265625
-0.035980224609375 0.141448974609375 0.22393798828125 -0.083831787109375
-0.121337890625 0.0797653198242188 0.293731689453125 0.06634521484375
-0.123039245605469 -0.091583251953125 0.21600341796875 0.310791015625
-0.0130615234375 -0.166229248046875 0.02044677734375 0.285491943359375
0.086578369140625 -0.133338928222656 0.00234699249267579 0.0155210494995117
0.0385513305664063 -0.125823974609375 0.0448989868164063 -0.0919876098632813
-0.0725555419921875 -0.101325988769531 0.0284881591796875 -0.274505615234375
-0.119094848632813 -0.00302886962890626 -0.1241455078125 -0.307586669921875
-0.0692672729492187 0.0760650634765625 -0.234130859375 -0.211196899414063
0.00820159912109375 0.084564208984375 -0.246826171875 -0.077606201171875
0.07403564453125 0.0659561157226563 -0.207717895507813 0.0268707275390625
0.0703582763671875 0.0304946899414063 -0.150802612304687 0.03802490234375
0.057647705078125 0.0256385803222656 -0.0914154052734375 -0.0272674560546875
0.0617828369140625 0.0566291809082031 -0.0227508544921875 -0.118186950683594
0.0239486694335938 0.0880355834960938 0.0872650146484375 -0.149139404296875
-0.0495834350585938 0.0803909301757813 0.227508544921875 -0.113006591796875
-0.091461181640625 0.0217056274414063 0.302398681640625 0.056427001953125
-0.0572662353515625 -0.0912628173828125 0.215057373046875 0.3043212890625
0.023956298828125 -0.124771118164063 0.0370635986328125 0.264938354492188
0.0826797485351563 -0.0966110229492188 0.0693321228027344 0.0268440246582031
0.0208358764648438 -0.08056640625 0.0441818237304687 -0.108139038085938
-0.0410575866699219 -0.05194091796875 0.01385498046875 -0.277877807617188
-0.0632171630859375 -0.00160598754882812 -0.13800048828125 -0.305328369140625
-0.0340385437011719 0.0345020294189453 -0.248016357421875 -0.212127685546875
0.00902175903320313 0.0365219116210938 -0.266998291015625 -0.07269287109375
0.0428237915039063 0.0272407531738281 -0.2364501953125 0.0362701416015625
0.0322284698486328 0.00989151000976563 -0.177154541015625 0.0479888916015625
0.0267753601074219 0.00405311584472656 -0.115455627441406 -0.0214309692382813
0.0381355285644531 0.01837158203125 -0.038604736328125 -0.110443115234375
0.0213279724121094 0.0417976379394531 0.0865020751953125 -0.153564453125
-0.0279159545898437 0.0459403991699219 0.25286865234375 -0.110443115234375
-0.0528068542480469 0.00386047363281249 0.338165283203125 0.09014892578125
-0.0202293395996094 -0.0646781921386719 0.2188720703125 0.378326416015625
0.0253143310546875 -0.0727615356445313 0.00909423828124997 0.320556640625
0.0545196533203125 -0.059326171875 0.0553359985351563 0.00742340087890625
0.0348892211914063 -0.00551223754882813 -0.0509376525878906 -0.033447265625
0.0166559219360352 -0.0137367248535156 -0.00195312500000003 -0.33441162109375
-0.0307598114013672 -0.0108585357666016 -0.248321533203125 -0.3602294921875
-0.0352096557617188 0.0200538635253906 -0.37445068359375 -0.114532470703125
-0.00888633728027344 0.0264911651611328 -0.259185791015625 0.121505737304688
0.0114994049072266 0.023284912109375 -0.0611114501953125 0.206008911132813
0.0145187377929687 0.0198707580566406 0.078704833984375 0.124969482421875
0.00844001770019531 0.015289306640625 0.134803771972656 0.0128860473632813
0.0151138305664062 0.0139970779418945 0.178756713867188 -0.042327880859375
0.0188674926757813 0.0267734527587891 0.2308349609375 -0.0178680419921875
0.005950927734375 0.0326213836669922 0.273941040039063 0.028778076171875
-0.00130462646484375 0.025177001953125 0.26129150390625 0.147674560546875
-0.00969314575195313 0.0126447677612305 0.170867919921875 0.31317138671875
-0.00934600830078125 0.0156545639038086 0.0516357421875 0.307952880859375
-0.00089740753173828 0.0123348236083984 -0.0220260620117188 0.129402160644531
0.0869293212890625 -0.049835205078125 -0.0363273620605469 -0.0278968811035156
0.0375213623046875 -0.08380126953125 0.011199951171875 -0.337677001953125
-0.0659675598144531 -0.0672798156738281 -0.232635498046875 -0.370758056640625
-0.09356689453125 0.0224685668945313 -0.362213134765625 -0.13140869140625
-0.040557861328125 0.0685882568359375 -0.253799438476563 0.0953826904296875
0.0284347534179688 0.0775985717773438 -0.0640869140625 0.184112548828125
0.0541534423828125 0.0484771728515625 0.0655746459960938 0.107246398925781
0.0429458618164063 0.0316047668457031 0.123085021972656 -0.0038909912109375
0.0570335388183594 0.0327568054199219 0.172103881835937 -0.0597991943359375
0.0601043701171875 0.0616035461425781 0.235198974609375 -0.034210205078125
0.02093505859375 0.0831298828125 0.2830810546875 0.016387939453125
-0.0203933715820313 0.0779800415039063 0.276031494140625 0.144180297851563
-0.0687637329101563 0.0193023681640625 0.1807861328125 0.321868896484375
-0.0514602661132812 -0.0335121154785156 0.04180908203125 0.3087158203125
0.00359344482421875 -0.0480918884277344 -0.0429458618164063 0.110633850097656
0.117263793945313 -0.098358154296875 -0.0392723083496094 -0.0412025451660156
0.0365753173828125 -0.146499633789063 0.016693115234375 -0.32373046875
-0.108535766601563 -0.0999908447265625 -0.2125244140625 -0.353118896484375
-0.140556335449219 0.0338134765625 -0.32733154296875 -0.134552001953125
-0.0622482299804687 0.106246948242188 -0.233489990234375 0.0635528564453125
0.04364013671875 0.120536804199219 -0.0745697021484375 0.148635864257813
0.0859909057617188 0.07244873046875 0.034759521484375 0.0886154174804688
0.0717086791992188 0.0502090454101563 0.0880661010742188 -0.0064239501953125
0.0932693481445312 0.0523223876953125 0.140174865722656 -0.0633163452148438
0.09088134765625 0.0949783325195313 0.205612182617187 -0.0437469482421875
0.0244293212890625 0.128402709960938 0.262176513671875 -0.00889587402343749
-0.0466384887695313 0.120040893554688 0.27545166015625 0.115768432617188
-0.123039245605469 0.0146560668945313 0.197479248046875 0.305450439453125
-0.0845260620117188 -0.0848617553710938 0.046905517578125 0.304229736328125
0.0137252807617188 -0.104660034179688 -0.0438156127929688 0.098846435546875
0.117401123046875 -0.143600463867188 0.00511550903320313 -0.0359725952148438
-0.0079498291015625 -0.18524169921875 0.024566650390625 -0.30560302734375
-0.155242919921875 -0.09588623046875 -0.18475341796875 -0.3309326171875
-0.163299560546875 0.0680389404296875 -0.289642333984375 -0.147552490234375
-0.052886962890625 0.138595581054688 -0.221847534179688 0.0184478759765625
0.074066162109375 0.137504577636719 -0.0968170166015625 0.103286743164063
0.11175537109375 0.0724716186523438 -0.0103492736816406 0.0633468627929688
0.0914306640625 0.0523757934570313 0.0437698364257813 -0.0182151794433594
0.117774963378906 0.0628662109375 0.10107421875 -0.071380615234375
0.109748840332031 0.119606018066406 0.175491333007813 -0.0608062744140625
0.0191802978515625 0.161727905273438 0.247528076171875 -0.0326690673828125
-0.078155517578125 0.142868041992188 0.28131103515625 0.095306396484375
-0.162796020507812 -0.00709533691406249 0.208892822265625 0.3033447265625
-0.0933303833007812 -0.133293151855469 0.036163330078125 0.300048828125
0.03302001953125 -0.14300537109375 -0.0448646545410156 0.0677261352539062
0.0961151123046875 -0.166152954101563 0.00814819335937501 -0.0707168579101563
-0.045745849609375 -0.18438720703125 0.00827026367187502 -0.291229248046875
-0.167953491210938 -0.072265625 -0.166046142578125 -0.298675537109375
-0.151901245117187 0.0829010009765625 -0.253204345703125 -0.151016235351563
-0.04180908203125 0.139411926269531 -0.20892333984375 -0.016021728515625
0.0758743286132812 0.137481689453125 -0.121566772460938 0.0652236938476563
0.109542846679687 0.077667236328125 -0.0567207336425781 0.0440711975097656
0.0882034301757813 0.0634536743164063 -0.0101699829101562 -0.0235004425048828
0.113563537597656 0.0809707641601563 0.0461807250976562 -0.0803375244140625
0.0888748168945313 0.138504028320313 0.124786376953125 -0.0879440307617187
-0.0151824951171875 0.164474487304688 0.217575073242187 -0.0722503662109375
-0.114761352539063 0.120567321777344 0.280166625976562 0.0579986572265625
-0.16156005859375 -0.0579376220703125 0.225372314453125 0.28436279296875
-0.064483642578125 -0.169265747070312 0.046875 0.285797119140625
0.0608673095703125 -0.159698486328125 -0.00843048095703125 0.0544624328613281
0.060882568359375 -0.164398193359375 0.0403518676757813 -0.0724411010742188
-0.0873565673828125 -0.149566650390625 0.029144287109375 -0.287567138671875
-0.168655395507813 -0.0195465087890625 -0.141448974609375 -0.319793701171875
-0.111885070800781 0.108512878417969 -0.247421264648438 -0.1982421875
0.00134277343750001 0.1307373046875 -0.241546630859375 -0.0594635009765625
0.101730346679688 0.10211181640625 -0.17828369140625 0.041717529296875
0.106407165527344 0.0470428466796875 -0.115554809570313 0.0443878173828125
0.0851821899414063 0.0395278930664062 -0.0582542419433594 -0.0216140747070313
0.110641479492188 0.0647430419921875 0.00836181640625 -0.0908355712890625
0.0784454345703125 0.125038146972656 0.102706909179688 -0.112625122070313
-0.0276336669921875 0.15203857421875 0.224929809570312 -0.099334716796875
-0.122673034667969 0.0929031372070312 0.30682373046875 0.054443359375
-0.1356201171875 -0.0891265869140625 0.242340087890625 0.3133544921875
-0.0254364013671875 -0.172210693359375 0.03460693359375 0.299530029296875
0.08251953125 -0.1436767578125 0.00203704833984376 0.0177974700927734
0.0337066650390625 -0.134063720703125 0.0437393188476562 -0.0976028442382813
-0.0807418823242188 -0.100990295410156 0.0184326171875 -0.28851318359375
-0.125106811523438 0.00274658203124998 -0.143524169921875 -0.317626953125
-0.0688323974609375 0.0847549438476563 -0.253585815429688 -0.208297729492188
0.0126419067382813 0.0879135131835938 -0.259719848632812 -0.0692901611328125
0.0819244384765625 0.0649261474609375 -0.2139892578125 0.0391998291015625
0.0758132934570312 0.028045654296875 -0.155929565429688 0.04931640625
0.0593032836914063 0.0248680114746094 -0.098785400390625 -0.0203781127929687
0.066986083984375 0.056732177734375 -0.0314712524414062 -0.120597839355469
0.0302581787109375 0.0909347534179688 0.0802459716796875 -0.15802001953125
-0.04730224609375 0.0898971557617188 0.227569580078125 -0.128768920898438
-0.0952911376953125 0.029388427734375 0.314697265625 0.044677734375
-0.0662918090820313 -0.093109130859375 0.23614501953125 0.307769775390625
0.0152511596679687 -0.130302429199219 0.048187255859375 0.2742919921875
0.0785369873046875 -0.105018615722656 0.0720138549804688 0.024749755859375
0.0178680419921875 -0.0863571166992188 0.0412826538085937 -0.114723205566406
-0.0444755554199219 -0.0515365600585937 0.00421142578125002 -0.291839599609375
-0.0658531188964844 0.00200653076171874 -0.157745361328125 -0.31463623046875
-0.0341224670410156 0.0391197204589844 -0.269271850585938 -0.210174560546875
0.0105667114257813 0.0387306213378906 -0.281494140625 -0.061920166015625
0.0477447509765625 0.0241851806640625 -0.2431640625 0.0508575439453125
0.0340061187744141 0.00834465026855469 -0.1824951171875 0.06280517578125
0.0277900695800781 0.00390052795410156 -0.122932434082031 -0.0136795043945313
0.0387802124023438 0.0171051025390625 -0.046600341796875 -0.11041259765625
0.0251655578613281 0.0423965454101563 0.07940673828125 -0.161346435546875
-0.025634765625 0.0506210327148438 0.254058837890625 -0.128173828125
-0.0554656982421875 0.00785446166992186 0.35443115234375 0.077392578125
-0.0249481201171875 -0.0672683715820313 0.246917724609375 0.384368896484375
0.0204925537109375 -0.0757675170898438 0.0245361328125 0.33709716796875
0.0519332885742188 -0.0635719299316406 0.0567817687988281 0.00600051879882812
0.03466796875 -0.00922012329101563 -0.0540351867675781 -0.0283737182617187
0.0165443420410156 -0.0150842666625977 -0.024749755859375 -0.342132568359375
-0.0321254730224609 -0.00879287719726562 -0.27972412109375 -0.3504638671875
-0.0334796905517578 0.0251235961914062 -0.388641357421875 -0.088623046875
-0.00705146789550781 0.0281887054443359 -0.2496337890625 0.143890380859375
0.0127220153808594 0.0225868225097656 -0.0428466796875 0.210357666015625
0.0153217315673828 0.0196552276611328 0.0897216796875 0.117042541503906
0.00993728637695313 0.0168485641479492 0.136917114257812 0.0030059814453125
0.0174579620361328 0.0134468078613281 0.177017211914063 -0.0568389892578125
0.0229511260986328 0.0255966186523438 0.233856201171875 -0.0358734130859375
0.00958061218261719 0.033660888671875 0.277450561523437 0.0096282958984375
8.77380371093756E-05 0.0259246826171875 0.275894165039062 0.13153076171875
-0.008331298828125 0.0141878128051758 0.19744873046875 0.3038330078125
-0.00929927825927734 0.0165767669677734 0.074981689453125 0.309326171875
-0.000768661499023437 0.0127601623535156 -0.012359619140625 0.136520385742188
0.0842514038085938 -0.0601348876953125 -0.0397300720214844 -0.0233573913574219
0.0341644287109375 -0.0890274047851563 -0.00939941406250003 -0.348297119140625
-0.0708770751953125 -0.0614852905273438 -0.26409912109375 -0.36273193359375
-0.093658447265625 0.0300369262695312 -0.378692626953125 -0.108551025390625
-0.0377883911132812 0.0741348266601563 -0.25018310546875 0.11572265625
0.037200927734375 0.077850341796875 -0.0460205078125 0.188888549804687
0.05963134765625 0.0425682067871094 0.0761947631835938 0.101318359375
0.04632568359375 0.0332412719726563 0.123489379882812 -0.0138473510742187
0.061431884765625 0.0290985107421875 0.171768188476563 -0.0755767822265625
0.069610595703125 0.0565757751464844 0.238571166992188 -0.0527191162109375
0.0304107666015625 0.0828781127929688 0.287689208984375 -0.00473022460937499
-0.0151901245117188 0.0823593139648438 0.29083251953125 0.1279296875
-0.0717315673828125 0.0260162353515625 0.206329345703125 0.312225341796875
-0.0569267272949219 -0.0285568237304687 0.064727783203125 0.3123779296875
-0.00146484374999999 -0.0495452880859375 -0.0375442504882812 0.119583129882812
0.109329223632813 -0.110435485839844 -0.0421066284179687 -0.0361213684082031
0.0259552001953125 -0.151092529296875 -0.00457763671875001 -0.33056640625
-0.119842529296875 -0.0942459106445312 -0.24029541015625 -0.344146728515625
-0.139907836914063 0.0468292236328125 -0.341217041015625 -0.1134033203125
-0.0550689697265625 0.113327026367188 -0.228790283203125 0.080657958984375
0.0553512573242187 0.1182861328125 -0.060028076171875 0.154388427734375
0.09149169921875 0.0674362182617187 0.0411605834960938 0.08636474609375
0.0777816772460938 0.0488815307617188 0.0878829956054688 -0.013916015625
0.0987319946289062 0.045562744140625 0.137298583984375 -0.0749588012695313
0.103096008300781 0.0893707275390625 0.204849243164063 -0.05975341796875
0.0387039184570313 0.128852844238281 0.266128540039063 -0.0289764404296875
-0.0394058227539062 0.127883911132813 0.2862548828125 0.0960693359375
-0.127456665039063 0.0270538330078125 0.225738525390625 0.2947998046875
-0.0954971313476563 -0.0784149169921875 0.069549560546875 0.30828857421875
0.0055999755859375 -0.10693359375 -0.0392379760742188 0.107643127441406
0.108062744140625 -0.156417846679688 0.00337982177734375 -0.0346393585205078
-0.0226898193359375 -0.186752319335938 0.00350952148437502 -0.312408447265625
-0.166549682617188 -0.0865631103515625 -0.211761474609375 -0.32757568359375
-0.160873413085938 0.085174560546875 -0.304534912109375 -0.13031005859375
-0.0429229736328125 0.148117065429688 -0.223281860351563 0.0338287353515625
0.08978271484375 0.133430480957031 -0.0882568359375 0.107711791992188
0.119300842285156 0.0655136108398438 -0.00530624389648437 0.0624504089355469
0.096435546875 0.047027587890625 0.0390586853027344 -0.0213127136230469
0.124244689941406 0.0534744262695313 0.0970230102539063 -0.0790557861328125
0.122222900390625 0.111846923828125 0.172042846679688 -0.0736083984375
0.0338134765625 0.163436889648438 0.248001098632812 -0.0533294677734375
-0.0674591064453125 0.154251098632813 0.29150390625 0.0743408203125
-0.16668701171875 0.00503540039062502 0.236572265625 0.29193115234375
-0.10906982421875 -0.128089904785156 0.057861328125 0.303619384765625
0.0221099853515625 -0.148483276367188 -0.0418472290039062 0.0767669677734375
0.0821533203125 -0.177947998046875 0.00451278686523439 -0.0702857971191406
-0.0638427734375 -0.184524536132813 -0.010284423828125 -0.295166015625
-0.174911499023437 -0.06146240234375 -0.19012451171875 -0.2939453125
-0.149276733398438 0.0990142822265625 -0.266708374023438 -0.136917114257813
-0.0310211181640625 0.147918701171875 -0.211181640625 -0.003570556640625
0.0913314819335938 0.133049011230469 -0.114669799804687 0.072357177734375
0.119667053222656 0.0725860595703125 -0.0557785034179687 0.0503501892089844
0.098480224609375 0.057708740234375 -0.0136928558349609 -0.0212020874023437
0.122268676757812 0.0732803344726563 0.041107177734375 -0.0843963623046875
0.100761413574219 0.132736206054688 0.117927551269531 -0.0972671508789062
-0.00120544433593749 0.172454833984375 0.213729858398438 -0.0897216796875
-0.1085205078125 0.134727478027344 0.2864990234375 0.03778076171875
-0.172164916992188 -0.046051025390625 0.2503662109375 0.271865844726563
-0.0805816650390625 -0.166015625 0.068634033203125 0.28851318359375
0.04852294921875 -0.166946411132813 -0.00721359252929687 0.0605697631835938
0.0511322021484375 -0.174514770507813 0.038848876953125 -0.0774154663085938
-0.102630615234375 -0.14385986328125 0.00921630859375001 -0.295379638671875
-0.17498779296875 -0.00808715820312503 -0.1676025390625 -0.3193359375
-0.102867126464844 0.120697021484375 -0.263778686523438 -0.184738159179687
0.01141357421875 0.135498046875 -0.250320434570313 -0.04339599609375
0.112274169921875 0.091766357421875 -0.177505493164062 0.0526123046875
0.111228942871094 0.03753662109375 -0.112060546875 0.0564193725585937
0.0911178588867188 0.0354232788085938 -0.0623817443847656 -0.015228271484375
0.118644714355469 0.05712890625 0.001495361328125 -0.0914535522460937
0.0925827026367188 0.118484497070312 0.0951919555664062 -0.120170593261719
-0.016021728515625 0.157882690429688 0.219024658203125 -0.117660522460937
-0.116592407226562 0.1029052734375 0.31427001953125 0.03179931640625
-0.149383544921875 -0.080108642578125 0.268951416015625 0.30023193359375
-0.044189453125 -0.173004150390625 0.0543212890625 0.305023193359375
0.0699462890625 -0.150558471679688 0.00113296508789063 0.0212421417236328
0.0262298583984375 -0.140838623046875 0.0388107299804688 -0.100227355957031
-0.091705322265625 -0.0950775146484375 -0.00109863281250004 -0.297393798828125
-0.1263427734375 0.01153564453125 -0.17236328125 -0.31500244140625
-0.06201171875 0.0923995971679687 -0.273391723632813 -0.194427490234375
0.0229415893554688 0.0913314819335938 -0.270675659179688 -0.051788330078125
0.0901565551757813 0.0543441772460938 -0.213409423828125 0.05303955078125
0.0790023803710938 0.0214462280273438 -0.152999877929688 0.0641326904296875
0.0615768432617188 0.0207557678222656 -0.103874206542969 -0.0104217529296875
0.0736007690429688 0.05279541015625 -0.0431289672851563 -0.11981201171875
0.0412139892578125 0.089324951171875 0.0697021484375 -0.165725708007813
-0.0413131713867188 0.0952529907226562 0.2161865234375 -0.146774291992188
-0.0953826904296875 0.0390396118164063 0.318634033203125 0.02398681640625
-0.0764846801757813 -0.088714599609375 0.2581787109375 0.296783447265625
0.00571441650390624 -0.132400512695313 0.0673370361328125 0.274429321289063
0.0706710815429688 -0.112007141113281 0.0738067626953125 0.0190582275390625
0.0108261108398437 -0.0910415649414063 0.0362701416015625 -0.120643615722656
-0.0505027770996094 -0.0495262145996094 -0.01702880859375 -0.29833984375
-0.067718505859375 0.00566482543945313 -0.18524169921875 -0.310516357421875
-0.0305671691894531 0.04376220703125 -0.288665771484375 -0.195404052734375
0.0157890319824219 0.0394401550292969 -0.29119873046875 -0.04266357421875
0.0518608093261719 0.020294189453125 -0.243209838867188 0.0706329345703125
0.0367546081542969 0.0048675537109375 -0.178695678710938 0.08050537109375
0.0288944244384766 0.00447273254394531 -0.12664794921875 0.00178527832031249
0.0409126281738281 0.015899658203125 -0.0556488037109375 -0.106231689453125
0.0296859741210938 0.040679931640625 0.0679168701171875 -0.167556762695313
-0.0203590393066406 0.0538825988769531 0.244827270507813 -0.150527954101563
-0.0548667907714844 0.0129356384277344 0.363983154296875 0.052154541015625
-0.0319137573242187 -0.0681838989257813 0.28033447265625 0.370758056640625
0.0147552490234375 -0.0772857666015625 0.048492431640625 0.3448486328125
0.0468254089355469 -0.065704345703125 0.0567855834960937 0.0036163330078125
0.0332489013671875 -0.0109939575195313 -0.054931640625 -0.0222015380859375
0.0161361694335938 -0.0164470672607422 -0.046844482421875 -0.33612060546875
-0.0311622619628906 -0.00693893432617187 -0.297119140625 -0.3275146484375
-0.0305080413818359 0.027069091796875 -0.38690185546875 -0.061920166015625
-0.00448036193847657 0.0290069580078125 -0.232345581054687 0.157363891601563
0.0154933929443359 0.0201454162597656 -0.023101806640625 0.2059326171875
0.0164794921875 0.019805908203125 0.0987014770507812 0.10626220703125
0.0106945037841797 0.0187129974365234 0.135406494140625 -0.00848388671875
0.0172100067138672 0.0141353607177734 0.173385620117188 -0.071014404296875
0.0235538482666016 0.022796630859375 0.228591918945312 -0.0516815185546875
0.0124931335449219 0.0313949584960938 0.273971557617187 -0.008392333984375
0.00221824645996094 0.0267162322998047 0.280288696289063 0.111160278320312
-0.00788497924804688 0.0143947601318359 0.212738037109375 0.285369873046875
-0.00703811645507813 0.018585205078125 0.09552001953125 0.29974365234375
-0.000403404235839845 0.0134744644165039 -0.00413513183593751 0.136627197265625
0.0790252685546875 -0.0657501220703125 -0.0405502319335938 -0.0189437866210938
0.0267410278320312 -0.0903472900390625 -0.03253173828125 -0.342132568359375
-0.07568359375 -0.0583114624023438 -0.285980224609375 -0.341064453125
-0.0886077880859375 0.0368194580078125 -0.378021240234375 -0.0806884765625001
-0.0312881469726563 0.0762710571289063 -0.23187255859375 0.132232666015625
0.041351318359375 0.0718917846679688 -0.0286102294921875 0.185714721679688
0.0618820190429688 0.0397262573242188 0.081756591796875 0.0904541015625
0.0478134155273438 0.0286750793457031 0.119186401367188 -0.0243148803710937
0.0624351501464844 0.02496337890625 0.16217041015625 -0.088470458984375
0.0714263916015625 0.0503387451171875 0.230422973632813 -0.068267822265625
0.03582763671875 0.07952880859375 0.281768798828125 -0.026123046875
-0.011199951171875 0.0839614868164063 0.29510498046875 0.104278564453125
-0.0695037841796875 0.0303802490234375 0.22576904296875 0.292633056640625
-0.0597610473632812 -0.02410888671875 0.085845947265625 0.30352783203125
-0.00519180297851562 -0.0477256774902344 -0.0282440185546875 0.122550964355469
0.1019287109375 -0.120223999023437 -0.0423698425292969 -0.0312423706054688
0.0140533447265625 -0.151931762695312 -0.025421142578125 -0.325653076171875
-0.12548828125 -0.0861053466796875 -0.262115478515625 -0.324554443359375
-0.136062622070313 0.0568771362304688 -0.3426513671875 -0.08782958984375
-0.0459060668945313 0.118370056152344 -0.21820068359375 0.094757080078125
0.063751220703125 0.113433837890625 -0.04449462890625 0.15008544921875
0.0982437133789063 0.0600509643554688 0.0492782592773438 0.0791091918945313
0.079376220703125 0.0442428588867187 0.0841293334960938 -0.0219345092773437
0.101776123046875 0.0392532348632813 0.130165100097656 -0.08367919921875
0.108901977539062 0.0796737670898438 0.198104858398438 -0.0743255615234375
0.0489425659179688 0.125755310058594 0.256912231445313 -0.0469207763671875
-0.0307693481445312 0.130577087402344 0.290374755859375 0.07568359375
-0.126899719238281 0.0339889526367188 0.240020751953125 0.273178100585938
-0.101753234863281 -0.0701065063476563 0.090240478515625 0.299560546875
-0.00507354736328124 -0.107376098632813 -0.0310440063476563 0.112373352050781
0.0949554443359375 -0.164932250976563 0.00247764587402345 -0.0337371826171875
-0.037139892578125 -0.183273315429687 -0.0155029296875 -0.310699462890625
-0.173446655273438 -0.07293701171875 -0.23095703125 -0.308074951171875
-0.150665283203125 0.0968017578125 -0.305816650390625 -0.1077880859375
-0.0290374755859375 0.150772094726563 -0.21435546875 0.047821044921875
0.09906005859375 0.122459411621094 -0.0770950317382813 0.108238220214844
0.123588562011719 0.0552291870117188 -0.000778198242187487 0.0628471374511719
0.0998458862304688 0.0416488647460938 0.0378036499023438 -0.0240707397460937
0.127349853515625 0.0435791015625 0.08941650390625 -0.086822509765625
0.129959106445313 0.0991897583007813 0.166122436523438 -0.0845184326171875
0.0490570068359375 0.159194946289063 0.239334106445313 -0.0680999755859375
-0.0561676025390625 0.158599853515625 0.290740966796875 0.055755615234375
-0.167556762695312 0.0177154541015625 0.25262451171875 0.270477294921875
-0.118827819824219 -0.116470336914063 0.078521728515625 0.296234130859375
0.00984191894531248 -0.146881103515625 -0.0383453369140625 0.0807952880859375
0.0696563720703125 -0.184616088867188 0.000495910644531254 -0.069091796875
-0.0748443603515625 -0.177734375 -0.027740478515625 -0.292572021484375
-0.181915283203125 -0.04803466796875 -0.205474853515625 -0.278366088867188
-0.138847351074219 0.1087646484375 -0.27008056640625 -0.116714477539063
-0.0196990966796875 0.148880004882813 -0.2066650390625 0.00971984863281254
0.103645324707031 0.123069763183594 -0.10748291015625 0.0750961303710938
0.122200012207031 0.0612945556640625 -0.0496673583984375 0.0527992248535156
0.101028442382813 0.0531158447265625 -0.0169010162353516 -0.0193443298339844
0.128791809082031 0.0631332397460938 0.0328750610351563 -0.0848922729492188
0.113433837890625 0.121627807617188 0.111297607421875 -0.100624084472656
0.012664794921875 0.170700073242188 0.202072143554688 -0.100982666015625
-0.097503662109375 0.142654418945312 0.281768798828125 0.018218994140625
-0.17559814453125 -0.0321197509765625 0.264373779296875 0.249649047851562
-0.09454345703125 -0.15643310546875 0.0842742919921875 0.279067993164063
0.0337371826171875 -0.166732788085937 -0.00340652465820312 0.0600204467773437
0.0343017578125 -0.179611206054687 0.035430908203125 -0.0770950317382813
-0.109748840332031 -0.137130737304687 -0.00765991210937498 -0.29473876953125
-0.17401123046875 0.00564575195312496 -0.186737060546875 -0.303009033203125
-0.0938339233398437 0.129928588867188 -0.274429321289062 -0.1641845703125
0.0228347778320312 0.132469177246094 -0.248291015625 -0.0252838134765625
0.120140075683594 0.0816192626953125 -0.169677734375 0.064697265625
0.114570617675781 0.028411865234375 -0.107597351074219 0.0632171630859375
0.0925979614257813 0.0288772583007813 -0.0629653930664062 -0.00817108154296874
0.119903564453125 0.0468673706054687 -0.00578308105468749 -0.0891876220703125
0.102394104003906 0.109619140625 0.0858383178710937 -0.124504089355469
-0.000198364257812514 0.158370971679688 0.2059326171875 -0.130203247070313
-0.107887268066406 0.11297607421875 0.3095703125 0.00970458984375001
-0.153823852539063 -0.0661773681640625 0.2862548828125 0.2777099609375
-0.054351806640625 -0.164932250976563 0.0758056640625 0.297088623046875
0.05914306640625 -0.153701782226563 0.000984191894531254 0.0237636566162109
0.0126495361328125 -0.14508056640625 0.0336685180664062 -0.100975036621094
-0.0958786010742187 -0.0887298583984375 -0.01922607421875 -0.294036865234375
-0.125961303710938 0.021331787109375 -0.191864013671875 -0.29974365234375
-0.054534912109375 0.0979080200195313 -0.2833251953125 -0.17547607421875
0.0315475463867188 0.0886459350585938 -0.269134521484375 -0.0313873291015625
0.0948715209960937 0.0471343994140625 -0.206314086914063 0.067626953125
0.0823287963867188 0.0153427124023438 -0.146133422851563 0.0758056640625
0.0653877258300781 0.0180130004882813 -0.101974487304688 -0.000236511230468768
0.0766983032226563 0.045623779296875 -0.0530242919921875 -0.110969543457031
0.0452346801757813 0.0850372314453125 0.0524749755859375 -0.163955688476563
-0.0322494506835938 0.0984725952148437 0.200973510742188 -0.159774780273438
-0.0916290283203125 0.0460205078125 0.312744140625 0.000488281250000003
-0.082763671875 -0.0828399658203125 0.27435302734375 0.273391723632813
-0.00774383544921874 -0.130424499511719 0.08062744140625 0.268585205078125
0.0604934692382813 -0.114791870117187 0.0733413696289063 0.016204833984375
0.00338745117187501 -0.0917816162109375 0.0278244018554688 -0.119728088378906
-0.0516319274902344 -0.045166015625 -0.03619384765625 -0.2939453125
-0.0656356811523438 0.0111236572265625 -0.205657958984375 -0.294036865234375
-0.0257186889648437 0.0447425842285156 -0.299896240234375 -0.171722412109375
0.0194053649902344 0.0376205444335938 -0.28912353515625 -0.021728515625
0.0526161193847656 0.0134010314941406 -0.23175048828125 0.0858154296875
0.0359992980957031 0.00225448608398438 -0.170608520507813 0.095123291015625
0.0295352935791016 0.00205802917480469 -0.125022888183594 0.0127105712890625
0.0413589477539063 0.0109939575195312 -0.0638046264648438 -0.0988235473632813
0.0321235656738281 0.0369377136230469 0.0540618896484375 -0.168914794921875
-0.0151863098144531 0.0555801391601563 0.22784423828125 -0.163406372070313
-0.0552520751953125 0.0195808410644531 0.361083984375 0.023712158203125
-0.0374946594238281 -0.06304931640625 0.3038330078125 0.345794677734375
0.0084381103515625 -0.075469970703125 0.074432373046875 0.338592529296875
0.0410499572753906 -0.0685310363769531 0.05548095703125 0.003082275390625
0.0310192108154297 -0.0131778717041016 -0.0539016723632813 -0.0174484252929687
0.015711784362793 -0.017277717590332 -0.058502197265625 -0.32470703125
-0.0311679840087891 -0.00602912902832031 -0.302215576171875 -0.30450439453125
-0.027191162109375 0.0266742706298828 -0.376861572265625 -0.04541015625
-0.00251960754394531 0.0273113250732422 -0.214126586914062 0.16229248046875
0.0156002044677734 0.0186824798583984 -0.0103607177734375 0.19769287109375
0.0179100036621094 0.0195159912109375 0.101631164550781 0.0971221923828125
0.0118579864501953 0.0187950134277344 0.130287170410156 -0.0159835815429688
0.0161380767822266 0.0130729675292969 0.16522216796875 -0.07769775390625
0.0242671966552734 0.020263671875 0.22052001953125 -0.0595703125
0.0147972106933594 0.0296058654785156 0.264266967773438 -0.0202789306640625
0.0018768310546875 0.0269718170166016 0.274932861328125 0.0963592529296875
-0.00854778289794922 0.0149374008178711 0.21844482421875 0.266998291015625
-0.00568580627441406 0.0187816619873047 0.105255126953125 0.28704833984375
0.000375747680664064 0.0123777389526367 0.00336456298828124 0.135055541992188
0.0728836059570313 -0.068450927734375 -0.0389442443847656 -0.014739990234375
0.0221405029296875 -0.0897140502929688 -0.04620361328125 -0.33197021484375
-0.0765838623046875 -0.0540542602539062 -0.29278564453125 -0.318359375
-0.08392333984375 0.0415573120117188 -0.369140625 -0.0629577636718751
-0.0247573852539063 0.0751113891601563 -0.215545654296875 0.136459350585938
0.0448837280273438 0.0656890869140625 -0.0190582275390625 0.175460815429688
0.061798095703125 0.037322998046875 0.0846633911132812 0.0825576782226563
0.0486869812011719 0.0281410217285156 0.1129150390625 -0.0296478271484375
0.0612716674804688 0.0218086242675781 0.154510498046875 -0.095062255859375
0.0724716186523438 0.04351806640625 0.220626831054688 -0.077301025390625
0.040252685546875 0.0760421752929688 0.27215576171875 -0.0387420654296875
-0.00530242919921874 0.082763671875 0.289794921875 0.087371826171875
-0.0671157836914063 0.0341072082519531 0.232696533203125 0.273483276367188
-0.0594100952148437 -0.0201835632324219 0.096435546875 0.29144287109375
-0.00710678100585938 -0.0462188720703125 -0.02386474609375 0.122673034667969
0.0918350219726563 -0.124015808105469 -0.0405426025390625 -0.0255279541015625
0.00582885742187499 -0.149139404296875 -0.039154052734375 -0.315277099609375
-0.127006530761719 -0.0775833129882813 -0.269500732421875 -0.30413818359375
-0.1270751953125 0.0639266967773438 -0.334320068359375 -0.07159423828125
-0.0373458862304687 0.117279052734375 -0.203399658203125 0.0987548828125
0.0698318481445313 0.103630065917969 -0.0345611572265625 0.142715454101563
0.0985107421875 0.0539398193359375 0.0510940551757813 0.0728225708007813
0.080780029296875 0.040863037109375 0.0794830322265625 -0.0241622924804687
0.0997314453125 0.0326461791992187 0.122886657714844 -0.0897064208984375
0.10943603515625 0.0699310302734375 0.190277099609375 -0.0798187255859375
0.054840087890625 0.120048522949219 0.246292114257813 -0.0553741455078125
-0.0230484008789063 0.129066467285156 0.282501220703125 0.0614013671875
-0.122245788574219 0.0399932861328125 0.24456787109375 0.254547119140625
-0.103950500488281 -0.06280517578125 0.09869384765625 0.287353515625
-0.0105209350585937 -0.103225708007813 -0.0251846313476563 0.11309814453125
0.082794189453125 -0.166763305664063 0.00308227539062501 -0.0309028625488281
-0.045745849609375 -0.1768798828125 -0.02777099609375 -0.301116943359375
-0.173675537109375 -0.063446044921875 -0.238311767578125 -0.289703369140625
-0.14068603515625 0.103378295898438 -0.3001708984375 -0.09234619140625
-0.0200042724609375 0.147903442382813 -0.203353881835938 0.05401611328125
0.103279113769531 0.112045288085937 -0.0682754516601563 0.105232238769531
0.123374938964844 0.0466995239257813 0.00255203247070314 0.0596733093261719
0.100723266601562 0.0382537841796875 0.0340690612792969 -0.0247879028320312
0.125686645507813 0.036529541015625 0.083648681640625 -0.08978271484375
0.131889343261719 0.08770751953125 0.157623291015625 -0.0899505615234375
0.056671142578125 0.152969360351563 0.226852416992188 -0.07696533203125
-0.0467681884765625 0.157791137695313 0.2833251953125 0.0406494140625
-0.163070678710938 0.02679443359375 0.255508422851563 0.250869750976563
-0.122749328613281 -0.105796813964844 0.0875244140625 0.286376953125
0.00201416015625 -0.143966674804688 -0.0336532592773438 0.083648681640625
0.0563507080078125 -0.184890747070313 -0.00185394287109375 -0.0664443969726563
-0.0841064453125 -0.16973876953125 -0.03900146484375 -0.282135009765625
-0.181900024414063 -0.037811279296875 -0.210556030273438 -0.26165771484375
-0.128982543945313 0.11456298828125 -0.26434326171875 -0.103851318359375
-0.0101776123046875 0.147537231445313 -0.198654174804688 0.015380859375
0.107444763183594 0.112106323242187 -0.100662231445313 0.0732040405273437
0.124794006347656 0.0531539916992188 -0.045928955078125 0.052886962890625
0.102020263671875 0.0490646362304688 -0.0170745849609375 -0.0168190002441406
0.128562927246094 0.0541915893554688 0.0285263061523438 -0.0848541259765625
0.116691589355469 0.112014770507813 0.102996826171875 -0.101715087890625
0.022979736328125 0.166229248046875 0.190353393554687 -0.106246948242187
-0.0881805419921875 0.144180297851563 0.272491455078125 0.00588989257812501
-0.173721313476563 -0.022064208984375 0.264785766601562 0.230194091796875
-0.102386474609375 -0.147598266601563 0.0938262939453125 0.269485473632813
0.024688720703125 -0.16375732421875 -0.000682830810546872 0.0612106323242188
0.0237579345703125 -0.178192138671875 0.0318222045898438 -0.07684326171875
-0.114875793457031 -0.126495361328125 -0.019744873046875 -0.286224365234375
-0.17034912109375 0.0135650634765625 -0.19708251953125 -0.286041259765625
-0.0824356079101562 0.131568908691406 -0.273239135742187 -0.148773193359375
0.0306549072265625 0.12744140625 -0.24163818359375 -0.0146484375
0.121208190917969 0.0697402954101563 -0.161346435546875 0.0680694580078125
0.1136474609375 0.0212173461914063 -0.0995635986328125 0.0686187744140625
0.09307861328125 0.0266876220703125 -0.0611076354980469 -0.00320816040039061
0.119499206542969 0.0377044677734375 -0.0093841552734375 -0.08648681640625
0.104576110839844 0.0990524291992188 0.0777740478515625 -0.123382568359375
0.01055908203125 0.153839111328125 0.192214965820313 -0.13433837890625
-0.099517822265625 0.11700439453125 0.297637939453125 -0.00418090820312499
-0.153396606445312 -0.057373046875 0.288360595703125 0.254730224609375
-0.0622711181640625 -0.1563720703125 0.08612060546875 0.286468505859375
0.0495452880859375 -0.151092529296875 0.000144958496093751 0.0253124237060547
0.00306701660156251 -0.143768310546875 0.0293121337890625 -0.101081848144531
-0.0990829467773438 -0.0810470581054688 -0.0303955078125 -0.286224365234375
-0.121849060058594 0.0267791748046875 -0.200225830078125 -0.282989501953125
-0.0460662841796875 0.0984420776367188 -0.283050537109375 -0.15911865234375
0.0340347290039063 0.084564208984375 -0.2637939453125 -0.01885986328125
0.0947189331054688 0.038330078125 -0.19720458984375 0.0743560791015625
0.08001708984375 0.01043701171875 -0.136672973632813 0.08270263671875
0.0658645629882813 0.0164642333984375 -0.0989151000976563 0.00728607177734376
0.0777130126953125 0.0413894653320313 -0.0565414428710938 -0.104042053222656
0.050567626953125 0.0809478759765625 0.04302978515625 -0.159423828125
-0.0244522094726562 0.0988388061523438 0.184600830078125 -0.16107177734375
-0.0867233276367188 0.0503005981445312 0.3011474609375 -0.0115966796875
-0.0841522216796875 -0.0762252807617188 0.274673461914063 0.2525634765625
-0.0136566162109375 -0.124710083007813 0.0870513916015625 0.258560180664063
0.052825927734375 -0.114509582519531 0.0701713562011719 0.0107650756835937
-0.00201416015625 -0.0918426513671875 0.0239791870117188 -0.11871337890625
-0.0525436401367188 -0.042388916015625 -0.046722412109375 -0.285400390625
-0.0630035400390625 0.0128746032714844 -0.213104248046875 -0.27630615234375
-0.0223236083984375 0.0458412170410156 -0.299468994140625 -0.1552734375
0.0221138000488281 0.0351142883300781 -0.28167724609375 -0.00778198242187496
0.051788330078125 0.0079193115234375 -0.220504760742188 0.0944213867187499
0.0360374450683594 0.0006866455078125 -0.158782958984375 0.102783203125
0.0296897888183594 0.00363731384277344 -0.119949340820312 0.0212326049804687
0.0413017272949219 0.00938034057617188 -0.0669174194335938 -0.0915145874023437
0.0338821411132812 0.0328025817871094 0.04351806640625 -0.164169311523438
-0.0104293823242188 0.0546112060546875 0.210556030273438 -0.168731689453125
-0.0513992309570313 0.0225181579589844 0.349609375 0.007293701171875
-0.040283203125 -0.059783935546875 0.309783935546875 0.321502685546875
0.00473022460937501 -0.072967529296875 0.0849609375 0.32659912109375
0.0364112854003906 -0.0669441223144531 0.0524101257324219 0.00167465209960937
0.0290927886962891 -0.0145206451416016 -0.0521430969238281 -0.013580322265625
0.0150890350341797 -0.0177040100097656 -0.061248779296875 -0.3160400390625
-0.0308074951171875 -0.00586318969726563 -0.301239013671875 -0.29461669921875
-0.0252799987792969 0.0269641876220703 -0.367889404296875 -0.04010009765625
-0.00232887268066406 0.026824951171875 -0.203445434570313 0.160247802734375
0.0153045654296875 0.0167226791381836 -0.00405883789062502 0.189697265625
0.0189952850341797 0.0188007354736328 0.102043151855469 0.0906753540039062
0.0130901336669922 0.0198993682861328 0.127159118652344 -0.0193710327148438
0.0154962539672852 0.0128765106201172 0.1600341796875 -0.0817718505859375
0.0244808197021484 0.0186614990234375 0.215576171875 -0.061981201171875
0.0163536071777344 0.0282039642333984 0.257720947265625 -0.0234222412109375
0.00249862670898438 0.0270195007324219 0.269638061523438 0.0900726318359375
-0.00858783721923828 0.0148792266845703 0.217544555664063 0.257858276367188
-0.00483131408691406 0.0183696746826172 0.107498168945312 0.278640747070313
0.000338554382324219 0.0121622085571289 0.00573730468749999 0.134765625
0.0694999694824219 -0.069610595703125 -0.03717041015625 -0.0120811462402344
0.019805908203125 -0.0890731811523438 -0.050445556640625 -0.3251953125
-0.07696533203125 -0.051361083984375 -0.2926025390625 -0.308197021484375
-0.0803985595703125 0.041595458984375 -0.361083984375 -0.0559997558593751
-0.0223388671875 0.0748519897460938 -0.205490112304688 0.134872436523437
0.0455856323242188 0.0616874694824219 -0.0130462646484375 0.167800903320313
0.0631027221679688 0.03485107421875 0.0841522216796875 0.0776138305664063
0.0502090454101563 0.0279922485351563 0.1092529296875 -0.03179931640625
0.0599594116210937 0.0201454162597656 0.14886474609375 -0.0979461669921875
0.0722427368164063 0.0401763916015625 0.214935302734375 -0.0803070068359375
0.0425949096679688 0.073089599609375 0.2655029296875 -0.0421142578125
-0.00389099121093751 0.08197021484375 0.28399658203125 0.0810546875
-0.065673828125 0.0347824096679688 0.231765747070313 0.263046264648438
-0.0590934753417969 -0.018157958984375 0.0985107421875 0.2847900390625
-0.00830841064453125 -0.045501708984375 -0.0217666625976562 0.123832702636719
0.0861663818359375 -0.123687744140625 -0.0359840393066406 -0.0216560363769531
0.00132751464843752 -0.146728515625 -0.041656494140625 -0.307830810546875
-0.128135681152344 -0.0737762451171875 -0.268798828125 -0.294708251953125
-0.122795104980469 0.0653076171875 -0.327606201171875 -0.0665283203125001
-0.0329513549804688 0.116287231445313 -0.194610595703125 0.097564697265625
0.0710372924804688 0.0985031127929688 -0.0298385620117188 0.135650634765625
0.0995254516601563 0.0499801635742188 0.0520248413085938 0.0683555603027344
0.0825271606445313 0.0393295288085938 0.0768814086914063 -0.025299072265625
0.0985336303710938 0.02972412109375 0.117294311523437 -0.0923309326171875
0.109092712402344 0.0645523071289063 0.185623168945313 -0.0813751220703125
0.0589141845703125 0.116531372070313 0.239852905273438 -0.05780029296875
-0.0194778442382813 0.128829956054688 0.275802612304688 0.055633544921875
-0.120330810546875 0.0424346923828125 0.2435302734375 0.245086669921875
-0.104652404785156 -0.0592498779296875 0.100982666015625 0.280960083007813
-0.0135498046875 -0.101882934570313 -0.0230941772460937 0.113838195800781
0.075653076171875 -0.16668701171875 0.00437355041503907 -0.0292453765869141
-0.0496673583984375 -0.172958374023438 -0.03094482421875 -0.295562744140625
-0.174026489257813 -0.0585479736328125 -0.239013671875 -0.280364990234375
-0.13470458984375 0.104568481445313 -0.293487548828125 -0.0867919921875
-0.0146484375 0.145782470703125 -0.1961669921875 0.0539398193359375
0.104141235351562 0.105003356933594 -0.064544677734375 0.100105285644531
0.124076843261719 0.0419082641601563 0.00464630126953126 0.0581321716308594
0.101913452148438 0.0359725952148438 0.0333499908447266 -0.0246143341064453
0.123924255371094 0.032684326171875 0.0784835815429688 -0.0909194946289063
0.131866455078125 0.0814132690429688 0.153640747070313 -0.0901336669921875
0.062042236328125 0.14874267578125 0.220062255859375 -0.0788726806640625
-0.04150390625 0.157272338867188 0.275558471679688 0.0353851318359375
-0.160858154296875 0.030792236328125 0.253021240234375 0.240585327148437
-0.123573303222656 -0.100502014160156 0.089263916015625 0.280487060546875
-0.00148010253906251 -0.140823364257813 -0.0322036743164062 0.0850753784179687
0.049041748046875 -0.184707641601563 -0.00135421752929688 -0.0637626647949219
-0.087310791015625 -0.164596557617188 -0.0405731201171875 -0.275848388671875
-0.182098388671875 -0.033782958984375 -0.210006713867187 -0.252609252929688
-0.124282836914062 0.116249084472656 -0.258682250976563 -0.10064697265625
-0.00569152832031249 0.146347045898438 -0.193222045898438 0.0159149169921875
0.10870361328125 0.105392456054688 -0.0972671508789063 0.0695343017578125
0.12518310546875 0.0480880737304687 -0.0429229736328125 0.0531005859375
0.104690551757812 0.0466079711914062 -0.0174417495727539 -0.0148639678955078
0.127799987792969 0.0496368408203125 0.0254745483398438 -0.0834884643554687
0.118293762207031 0.1058349609375 0.100242614746094 -0.100395202636719
0.0286865234375 0.163421630859375 0.1820068359375 -0.105987548828125
-0.082427978515625 0.145706176757813 0.26416015625 0.00256347656250001
-0.17279052734375 -0.0174713134765625 0.2615966796875 0.220062255859375
-0.104385375976563 -0.141632080078125 0.0941619873046875 0.262939453125
0.0191650390625 -0.16119384765625 0.000122070312499998 0.0609664916992188
0.0170135498046875 -0.176513671875 0.0317153930664063 -0.0757827758789063
-0.116294860839844 -0.122283935546875 -0.022918701171875 -0.28094482421875
-0.16845703125 0.0176544189453125 -0.198165893554687 -0.2772216796875
-0.0767288208007812 0.130844116210938 -0.269638061523438 -0.143325805664063
0.0345611572265625 0.123794555664062 -0.236709594726562 -0.0110015869140625
0.120597839355469 0.0625534057617188 -0.156982421875 0.067779541015625
0.1131591796875 0.0170669555664063 -0.094451904296875 0.06976318359375
0.0937652587890625 0.024139404296875 -0.0596427917480469 0.000179290771484365
0.11767578125 0.0337905883789063 -0.0117340087890625 -0.0841903686523438
0.105690002441406 0.0933761596679687 0.0746841430664062 -0.120529174804688
0.0160675048828125 0.149887084960938 0.18389892578125 -0.134445190429688
-0.0942230224609375 0.118240356445312 0.28948974609375 -0.00939941406249999
-0.152755737304688 -0.052520751953125 0.2860107421875 0.244171142578125
-0.0648193359375 -0.151168823242188 0.088714599609375 0.281524658203125
0.0445709228515625 -0.148544311523438 -5.53131103515581E-05 0.0265827178955078
-0.00213623046874999 -0.143096923828125 0.0291976928710938 -0.100242614746094
-0.0997238159179688 -0.0777587890625 -0.03350830078125 -0.28057861328125
-0.120407104492188 0.0295257568359375 -0.201797485351562 -0.273849487304688
-0.0423355102539062 0.0974960327148438 -0.280776977539063 -0.15179443359375
0.0369033813476562 0.081695556640625 -0.258529663085938 -0.0149993896484375
0.0935745239257812 0.0329513549804688 -0.191116333007812 0.0757904052734375
0.079925537109375 0.0073699951171875 -0.129875183105469 0.08538818359375
0.0669975280761719 0.0147819519042969 -0.095550537109375 0.0117721557617188
0.0783767700195312 0.03900146484375 -0.0591964721679687 -0.0997848510742188
0.0521774291992188 0.0772933959960938 0.03863525390625 -0.154220581054688
-0.02044677734375 0.0986175537109375 0.17529296875 -0.159713745117188
-0.0836639404296875 0.0520553588867188 0.291351318359375 -0.014495849609375
-0.0845565795898438 -0.0734710693359375 0.269683837890625 0.242218017578125
-0.0159072875976563 -0.120620727539063 0.0858154296875 0.251693725585937
0.0486831665039063 -0.112396240234375 0.0678749084472656 0.00994110107421874
-0.0054168701171875 -0.0911865234375 0.02386474609375 -0.118133544921875
-0.0527610778808594 -0.0406265258789063 -0.0495758056640625 -0.279251098632812
-0.0624237060546875 0.0141677856445312 -0.21441650390625 -0.266159057617188
-0.0196495056152344 0.0453605651855469 -0.296600341796875 -0.148468017578125
0.0229206085205078 0.0327968597412109 -0.275527954101563 -0.00263977050781248
0.0508537292480469 0.00478744506835938 -0.213180541992187 0.096466064453125
0.0365028381347656 -0.001068115234375 -0.151046752929688 0.106521606445313
0.0309906005859375 0.00379562377929687 -0.115287780761719 0.0261001586914062
0.04046630859375 0.00799179077148438 -0.0679779052734375 -0.087158203125
0.0336875915527344 0.0312461853027344 0.0395965576171875 -0.1595458984375
-0.00745391845703126 0.0532417297363281 0.201263427734375 -0.167861938476563
-0.0491523742675781 0.0236587524414063 0.33953857421875 0.001434326171875
-0.0401344299316406 -0.0575447082519531 0.30767822265625 0.307769775390625
0.00372314453125 -0.0711669921875 0.0888671875 0.32159423828125
0.0338325500488281 -0.0654144287109375 0.0510330200195313 0.00254440307617187
0.0285415649414063 -0.0140705108642578 -0.0504951477050781 -0.0112876892089844
0.0149898529052734 -0.0183696746826172 -0.062591552734375 -0.317657470703125
-0.0317268371582031 -0.0055999755859375 -0.3028564453125 -0.294219970703125
-0.0253067016601562 0.026702880859375 -0.3681640625 -0.0380554199218751
-0.00228309631347656 0.0261135101318359 -0.199615478515625 0.159530639648437
0.0147829055786133 0.0153093338012695 3.05175781250005E-05 0.18560791015625
0.0204505920410156 0.0185680389404297 0.104774475097656 0.087554931640625
0.0158977508544922 0.0206127166748047 0.127464294433594 -0.0224533081054687
0.0158987045288086 0.0140600204467773 0.159820556640625 -0.0857696533203125
0.0244026184082031 0.0181636810302734 0.217361450195313 -0.0647430419921875
0.0174045562744141 0.0267677307128906 0.258270263671875 -0.024139404296875
0.00291061401367188 0.0278339385986328 0.270095825195313 0.090362548828125
-0.00858020782470703 0.0154705047607422 0.21832275390625 0.255950927734375
-0.00394439697265625 0.0183315277099609 0.109390258789063 0.2796630859375
0.000423431396484374 0.0123004913330078 0.00753021240234376 0.137939453125
0.0671463012695313 -0.0710906982421875 -0.035491943359375 -0.00970077514648438
0.0185928344726563 -0.0905380249023438 -0.051849365234375 -0.3255615234375
-0.0790328979492188 -0.0511550903320312 -0.29534912109375 -0.307830810546875
-0.0798187255859375 0.04315185546875 -0.361968994140625 -0.05499267578125
-0.0213088989257813 0.0749969482421875 -0.202835083007812 0.1343994140625
0.0459861755371094 0.0596580505371094 -0.0100250244140625 0.163604736328125
0.0655670166015625 0.0332870483398438 0.08599853515625 0.0743179321289063
0.053497314453125 0.028076171875 0.10906982421875 -0.0338363647460938
0.0599403381347656 0.0196914672851562 0.147293090820312 -0.102447509765625
0.0727386474609375 0.0386962890625 0.217193603515625 -0.082855224609375
0.04498291015625 0.0721511840820313 0.265182495117188 -0.0442352294921875
-0.002471923828125 0.0831069946289063 0.285888671875 0.079620361328125
-0.066680908203125 0.0367050170898438 0.233047485351562 0.263290405273438
-0.060455322265625 -0.0177536010742187 0.10009765625 0.2869873046875
-0.0096588134765625 -0.04644775390625 -0.02130126953125 0.127754211425781
0.0834426879882812 -0.12652587890625 -0.0331401824951172 -0.018636703491211
-0.0018310546875 -0.147674560546875 -0.04266357421875 -0.30914306640625
-0.13116455078125 -0.0726699829101562 -0.271636962890625 -0.293792724609375
-0.122222900390625 0.0675048828125 -0.327423095703125 -0.06573486328125
-0.0308303833007812 0.117179870605469 -0.191986083984375 0.096527099609375
0.0722732543945313 0.09539794921875 -0.0283050537109375 0.131439208984375
0.102653503417969 0.047607421875 0.0544853210449219 0.0658645629882813
0.08624267578125 0.0391464233398437 0.0774078369140625 -0.0269851684570312
0.100021362304688 0.0287857055664063 0.11590576171875 -0.0957565307617187
0.111152648925781 0.0622177124023438 0.187301635742188 -0.084228515625
0.0620498657226563 0.115669250488281 0.239547729492188 -0.0596771240234375
-0.0173110961914062 0.131309509277344 0.277297973632813 0.054229736328125
-0.12115478515625 0.0453720092773438 0.245010375976562 0.244903564453125
-0.106758117675781 -0.0580596923828125 0.102386474609375 0.2823486328125
-0.01519775390625 -0.102401733398438 -0.0218124389648438 0.11749267578125
0.0719146728515625 -0.168838500976563 0.00683403015136719 -0.0284271240234375
-0.0532379150390625 -0.172897338867188 -0.03070068359375 -0.296783447265625
-0.177978515625 -0.055816650390625 -0.241058349609375 -0.279052734375
-0.133186340332031 0.106941223144531 -0.29486083984375 -0.087127685546875
-0.0117950439453125 0.14678955078125 -0.194931030273438 0.0525970458984375
0.105842590332031 0.101119995117188 -0.064117431640625 0.0963363647460938
0.126449584960937 0.0389404296875 0.00651550292968751 0.0570411682128906
0.105537414550781 0.0348052978515625 0.0327644348144531 -0.0247211456298828
0.125724792480469 0.0309371948242188 0.0767288208007813 -0.093292236328125
0.133857727050781 0.0785369873046875 0.154953002929687 -0.0926666259765625
0.0664825439453125 0.147811889648438 0.219757080078125 -0.0803680419921875
-0.0392303466796875 0.159332275390625 0.2760009765625 0.0342864990234375
-0.162994384765625 0.0327911376953125 0.255264282226563 0.239517211914062
-0.126701354980469 -0.0997543334960937 0.0908203125 0.282379150390625
-0.004119873046875 -0.142410278320312 -0.0314407348632812 0.0885696411132812
0.0447998046875 -0.187271118164063 -8.01086425781251E-05 -0.063720703125
-0.0913848876953125 -0.163482666015625 -0.040496826171875 -0.275863647460938
-0.186630249023438 -0.0307464599609375 -0.210830688476562 -0.252197265625
-0.12286376953125 0.119003295898437 -0.25830078125 -0.101211547851562
-0.00286865234374999 0.14788818359375 -0.192901611328125 0.015167236328125
0.110466003417969 0.101669311523438 -0.0973892211914063 0.0667648315429687
0.128105163574219 0.0453720092773438 -0.0412521362304687 0.0522651672363281
0.10906982421875 0.0454940795898438 -0.0167579650878906 -0.0144033432006836
0.13018798828125 0.04852294921875 0.0239639282226563 -0.0841903686523438
0.122108459472656 0.103851318359375 0.100212097167969 -0.100227355957031
0.0330657958984375 0.1641845703125 0.1812744140625 -0.107208251953125
-0.080718994140625 0.148193359375 0.263198852539063 0.00186157226562501
-0.1749267578125 -0.015289306640625 0.262466430664063 0.21820068359375
-0.108283996582031 -0.140457153320312 0.0940704345703125 0.264724731445313
0.017120361328125 -0.162384033203125 0.000141143798828121 0.0634803771972656
0.012725830078125 -0.17901611328125 0.0336685180664063 -0.077178955078125
-0.120254516601562 -0.121047973632813 -0.02392578125 -0.282440185546875
-0.171005249023438 0.0212554931640625 -0.201324462890625 -0.276809692382812
-0.0740890502929688 0.132736206054688 -0.272018432617188 -0.143325805664063
0.0373992919921875 0.124420166015625 -0.237335205078125 -0.0104217529296874
0.121292114257812 0.0589523315429687 -0.157272338867187 0.0673370361328125
0.115089416503906 0.0129852294921875 -0.0919113159179687 0.0716323852539063
0.097137451171875 0.0226364135742188 -0.0582427978515625 0.00163269042968751
0.119033813476563 0.0324630737304688 -0.0137939453125 -0.0842361450195313
0.108169555664063 0.0903396606445313 0.0751190185546875 -0.120292663574219
0.020111083984375 0.149826049804688 0.182098388671875 -0.1356201171875
-0.0921096801757812 0.121498107910156 0.288604736328125 -0.00979614257812499
-0.1551513671875 -0.0513763427734375 0.287322998046875 0.242431640625
-0.067352294921875 -0.151199340820313 0.089599609375 0.2833251953125
0.0433197021484375 -0.149307250976563 -0.000133514404296873 0.0284347534179687
-0.00604248046875 -0.144332885742188 0.0309906005859375 -0.102218627929688
-0.101921081542969 -0.076751708984375 -0.0341796875 -0.281707763671875
-0.122055053710938 0.0313034057617188 -0.204345703125 -0.272323608398437
-0.0400466918945313 0.0981979370117188 -0.28277587890625 -0.152069091796875
0.0392532348632812 0.080780029296875 -0.26031494140625 -0.0133209228515626
0.0933380126953125 0.0295028686523438 -0.191146850585938 0.0766448974609375
0.0820693969726563 0.00414276123046875 -0.127174377441406 0.0880279541015625
0.0698623657226563 0.0139732360839844 -0.0943145751953125 0.014923095703125
0.0799179077148437 0.0394515991210937 -0.0630569458007813 -0.0976181030273438
0.0542755126953125 0.0775985717773438 0.0360260009765625 -0.153594970703125
-0.0181045532226563 0.0992202758789063 0.171859741210938 -0.160064697265625
-0.0842971801757813 0.0544891357421875 0.2894287109375 -0.01458740234375
-0.0865325927734375 -0.0725479125976563 0.268173217773438 0.242965698242187
-0.0181808471679688 -0.120635986328125 0.084442138671875 0.254013061523438
0.0473709106445312 -0.112327575683594 0.0675773620605469 0.00902557373046874
-0.00775146484375001 -0.0924072265625 0.025360107421875 -0.119476318359375
-0.0540885925292969 -0.0397796630859375 -0.0501708984375 -0.2813720703125
-0.0637092590332031 0.014923095703125 -0.217254638671875 -0.265167236328125
-0.0189094543457031 0.0454330444335938 -0.2999267578125 -0.146820068359375
0.0240917205810547 0.0329380035400391 -0.276657104492188 -0.000671386718749942
0.0507659912109375 0.001708984375 -0.212509155273438 0.098388671875
0.037750244140625 -0.00331878662109375 -0.147216796875 0.109542846679688
0.0332088470458984 0.00240516662597656 -0.113510131835938 0.0303115844726563
0.0415878295898438 0.0083770751953125 -0.0697402954101563 -0.08477783203125
0.0342864990234375 0.0305385589599609 0.0385589599609375 -0.159103393554688
-0.00493240356445313 0.052642822265625 0.19781494140625 -0.169769287109375
-0.0480003356933594 0.0252685546875 0.338897705078125 -0.000549316406249998
-0.0414924621582031 -0.0579757690429688 0.310577392578125 0.30621337890625
0.0033721923828125 -0.0705413818359375 0.09185791015625 0.32470703125
0.0335273742675781 -0.0647392272949219 0.0511093139648437 0.00310897827148437
0.0279769897460938 -0.0151195526123047 -0.050567626953125 -0.00751495361328125
0.0151538848876953 -0.0200061798095703 -0.068878173828125 -0.324371337890625
-0.0321826934814453 -0.00477218627929688 -0.3157958984375 -0.295562744140625
-0.0246486663818359 0.0275135040283203 -0.377685546875 -0.0333557128906251
-0.001556396484375 0.026397705078125 -0.19818115234375 0.164825439453125
0.0144338607788086 0.0146522521972656 0.00593566894531251 0.185211181640625
0.0221824645996094 0.0179767608642578 0.109954833984375 0.0844039916992188
0.0181694030761719 0.0207614898681641 0.12994384765625 -0.0277862548828125
0.0167016983032227 0.0146970748901367 0.160964965820313 -0.093414306640625
0.0252037048339844 0.0171489715576172 0.223129272460938 -0.07171630859375
0.0191249847412109 0.0258769989013672 0.264068603515625 -0.0295257568359375
0.003814697265625 0.0285282135009766 0.278152465820313 0.086700439453125
-0.00835037231445313 0.015833854675293 0.228256225585938 0.25732421875
-0.00382423400878906 0.0183162689208984 0.1171875 0.284332275390625
0.000522613525390626 0.0122861862182617 0.011505126953125 0.144302368164063
0.0669708251953125 -0.0748519897460938 -0.0345840454101562 -0.0075225830078125
0.0163955688476562 -0.0933609008789063 -0.058258056640625 -0.333099365234375
-0.083526611328125 -0.0494232177734375 -0.309478759765625 -0.30755615234375
-0.080230712890625 0.0456085205078125 -0.371307373046875 -0.0499267578124999
-0.019683837890625 0.0772018432617187 -0.202911376953125 0.139480590820312
0.0478744506835938 0.0584144592285156 -0.0064544677734375 0.162826538085938
0.0691299438476562 0.031097412109375 0.0910491943359375 0.0713882446289063
0.0576896667480469 0.0267791748046875 0.110595703125 -0.0397796630859375
0.0629806518554688 0.0195808410644531 0.146804809570313 -0.110519409179688
0.0759048461914063 0.0357894897460938 0.221145629882812 -0.092620849609375
0.0493087768554688 0.071990966796875 0.270889282226563 -0.051666259765625
-3.05175781250086E-05 0.0863265991210938 0.29425048828125 0.07568359375
-0.0680732727050781 0.0395278930664063 0.246856689453125 0.26300048828125
-0.0626296997070312 -0.0168800354003906 0.108673095703125 0.29315185546875
-0.0117607116699219 -0.0476646423339844 -0.0187530517578125 0.134384155273438
0.0809707641601563 -0.132583618164063 -0.0288906097412109 -0.0163116455078125
-0.00743103027343751 -0.1507568359375 -0.04864501953125 -0.3148193359375
-0.138359069824219 -0.0702743530273437 -0.28485107421875 -0.29400634765625
-0.123260498046875 0.072021484375 -0.335540771484375 -0.0617370605468749
-0.0280303955078125 0.121376037597656 -0.193435668945312 0.100677490234375
0.07623291015625 0.0942153930664063 -0.0258636474609375 0.130096435546875
0.107734680175781 0.0436172485351563 0.0582160949707031 0.0641670227050781
0.0921859741210937 0.0368499755859375 0.0789413452148438 -0.0309219360351562
0.10369873046875 0.027252197265625 0.115425109863281 -0.102218627929687
0.116096496582031 0.058868408203125 0.191696166992188 -0.0922393798828125
0.0681381225585937 0.115875244140625 0.24395751953125 -0.066680908203125
-0.0133819580078125 0.13568115234375 0.2835693359375 0.05078125
-0.124015808105469 0.0499649047851563 0.256317138671875 0.244369506835938
-0.11309814453125 -0.0566024780273437 0.110107421875 0.288970947265625
-0.0189590454101562 -0.105384826660156 -0.0204238891601562 0.124336242675781
0.068023681640625 -0.176666259765625 0.0089874267578125 -0.0285606384277344
-0.0599517822265625 -0.175689697265625 -0.03582763671875 -0.30316162109375
-0.186080932617187 -0.0510406494140625 -0.25274658203125 -0.280181884765625
-0.133544921875 0.113594055175781 -0.302764892578125 -0.084625244140625
-0.00686645507812499 0.151138305664063 -0.198455810546875 0.056365966796875
0.110328674316406 0.098602294921875 -0.0648727416992187 0.0961074829101563
0.131309509277344 0.0338897705078125 0.00855255126953125 0.0564346313476563
0.112144470214844 0.0314865112304688 0.0332469940185547 -0.0269489288330078
0.130790710449219 0.0283737182617187 0.07470703125 -0.098602294921875
0.140281677246094 0.0742645263671875 0.158554077148438 -0.0993194580078125
0.0742645263671875 0.148712158203125 0.223434448242187 -0.0879364013671875
-0.03533935546875 0.166336059570313 0.28338623046875 0.03033447265625
-0.167861938476563 0.0388336181640625 0.267196655273438 0.239944458007813
-0.134323120117188 -0.0986328125 0.098236083984375 0.2891845703125
-0.00848388671875 -0.146209716796875 -0.0309829711914062 0.094573974609375
0.038970947265625 -0.193832397460937 0.000835418701171873 -0.0652923583984375
-0.100173950195313 -0.165084838867188 -0.045135498046875 -0.282012939453125
-0.195541381835938 -0.0248565673828125 -0.218353271484375 -0.25347900390625
-0.123222351074219 0.126388549804688 -0.265640258789063 -0.100677490234375
0.00285339355468749 0.153274536132813 -0.197235107421875 0.0162506103515625
0.116416931152344 0.10052490234375 -0.100074768066406 0.0672836303710938
0.135116577148438 0.0402603149414063 -0.0395927429199219 0.0530319213867188
0.116317749023438 0.0420913696289063 -0.0167016983032226 -0.0141973495483398
0.137672424316406 0.0453414916992188 0.0213470458984375 -0.08599853515625
0.129676818847656 0.101951599121094 0.102821350097656 -0.104881286621094
0.03997802734375 0.166748046875 0.18231201171875 -0.113418579101563
-0.077972412109375 0.156158447265625 0.26776123046875 -0.00184631347656249
-0.181732177734375 -0.0107574462890625 0.27191162109375 0.218612670898437
-0.116470336914062 -0.141586303710938 0.100204467773438 0.271347045898438
0.0123443603515625 -0.166763305664063 0.000877380371093757 0.0663070678710937
0.00628662109375001 -0.184127807617187 0.0357437133789063 -0.08062744140625
-0.127655029296875 -0.119728088378906 -0.0283203125 -0.28973388671875
-0.176712036132813 0.0282440185546875 -0.210540771484375 -0.278366088867188
-0.0722274780273438 0.138015747070313 -0.2822265625 -0.14208984375
0.0438385009765625 0.126380920410156 -0.243820190429687 -0.00669860839843744
0.125389099121094 0.05426025390625 -0.160659790039063 0.0715179443359375
0.118850708007813 0.00769805908203125 -0.0904006958007812 0.0756683349609375
0.103050231933594 0.0197601318359375 -0.0581321716308594 0.00452804565429687
0.124588012695313 0.0290679931640625 -0.0171356201171875 -0.0853271484375
0.11431884765625 0.0887222290039062 0.075439453125 -0.125297546386719
0.0268096923828125 0.152679443359375 0.181716918945313 -0.143417358398438
-0.0898895263671875 0.127754211425781 0.293701171875 -0.016082763671875
-0.16241455078125 -0.0488739013671875 0.29852294921875 0.241729736328125
-0.0736541748046875 -0.151611328125 0.09759521484375 0.29034423828125
0.04083251953125 -0.154190063476563 -0.000133514404296875 0.0309906005859375
-0.011199951171875 -0.14813232421875 0.0313262939453125 -0.107330322265625
-0.108123779296875 -0.0746688842773437 -0.03936767578125 -0.289642333984375
-0.125358581542969 0.0372238159179687 -0.215301513671875 -0.273696899414063
-0.0377731323242187 0.101722717285156 -0.29364013671875 -0.150177001953125
0.043701171875 0.0820846557617188 -0.266860961914063 -0.00834655761718755
0.0959854125976563 0.02569580078125 -0.19427490234375 0.082366943359375
0.0840606689453125 -0.00034332275390625 -0.125732421875 0.0938491821289063
0.0747756958007813 0.0117111206054688 -0.094329833984375 0.0193939208984375
0.0845565795898438 0.0380706787109375 -0.0678329467773438 -0.0958328247070313
0.0593795776367188 0.0782470703125 0.0334625244140625 -0.1558837890625
-0.0146636962890625 0.102279663085938 0.170883178710937 -0.166152954101562
-0.083709716796875 0.0589523315429688 0.293914794921875 -0.019073486328125
-0.0911178588867187 -0.0729217529296875 0.276473999023438 0.2435302734375
-0.0218734741210938 -0.122604370117188 0.0882720947265625 0.260009765625
0.0448226928710938 -0.115394592285156 0.0680122375488281 0.00651550292968749
-0.0122833251953125 -0.0946121215820313 0.0259017944335937 -0.124893188476562
-0.0568962097167969 -0.0392074584960937 -0.0562744140625 -0.28851318359375
-0.0654411315917969 0.0183334350585937 -0.227706909179687 -0.266265869140625
-0.0178413391113281 0.0467643737792969 -0.311370849609375 -0.144622802734375
0.0263690948486328 0.0322132110595703 -0.283721923828125 0.00531005859374996
0.0507469177246094 -0.00052642822265625 -0.214569091796875 0.105758666992187
0.0394248962402344 -0.00671768188476563 -0.145309448242188 0.117263793945312
0.0362510681152344 0.00096893310546875 -0.113609313964844 0.0356597900390625
0.0436248779296875 0.00722122192382813 -0.0747146606445312 -0.0830764770507813
0.036224365234375 0.0296821594238281 0.0352935791015625 -0.162689208984375
-0.00245285034179688 0.0531806945800781 0.196731567382813 -0.177230834960938
-0.0476531982421875 0.0277519226074219 0.346649169921875 -0.008331298828125
-0.0440864562988281 -0.0585060119628906 0.324615478515625 0.305908203125
0.001861572265625 -0.0719375610351562 0.1019287109375 0.332244873046875
0.0331001281738281 -0.0656547546386719 0.05133056640625 0.00263595581054687
0.0278282165527344 -0.0168476104736328 -0.0497970581054687 -0.00372695922851563
0.0148963928222656 -0.0214328765869141 -0.0849609375 -0.329620361328125
-0.0333805084228516 -0.00305366516113281 -0.3363037109375 -0.28741455078125
-0.0234127044677734 0.0288925170898438 -0.38714599609375 -0.016326904296875
-0.000812530517578124 0.0269355773925781 -0.193008422851563 0.176040649414063
0.0136547088623047 0.0142526626586914 0.0160064697265625 0.185516357421875
0.023529052734375 0.0165920257568359 0.117233276367188 0.0783920288085938
0.0212783813476563 0.0198707580566406 0.131752014160156 -0.0377883911132812
0.0186443328857422 0.0151557922363281 0.159591674804687 -0.106048583984375
0.026611328125 0.0160274505615234 0.2274169921875 -0.0868682861328125
0.0209026336669922 0.0244407653808594 0.270263671875 -0.041900634765625
0.00596046447753906 0.0297622680664062 0.28857421875 0.07708740234375
-0.00831890106201172 0.0169773101806641 0.2442626953125 0.25146484375
-0.00288963317871094 0.0190601348876953 0.133758544921875 0.287811279296875
0.000818252563476562 0.0127286911010742 0.0200653076171875 0.150375366210938
0.0644378662109375 -0.0808486938476563 -0.033538818359375 -0.00402450561523438
0.0117416381835938 -0.0964126586914063 -0.074462890625 -0.33819580078125
-0.0892486572265625 -0.0459136962890625 -0.32958984375 -0.299530029296875
-0.0795135498046875 0.0508651733398437 -0.3814697265625 -0.0332946777343751
-0.0154495239257812 0.0802154541015625 -0.199111938476563 0.150222778320313
0.0499725341796875 0.0565147399902344 0.00143432617187499 0.163238525390625
0.0723342895507813 0.0265274047851562 0.0969009399414062 0.0661163330078125
0.0626068115234375 0.0239677429199219 0.110504150390625 -0.048004150390625
0.065948486328125 0.0170135498046875 0.142990112304688 -0.123138427734375
0.0792694091796875 0.032318115234375 0.224258422851563 -0.107437133789063
0.0555152893066406 0.069610595703125 0.275604248046875 -0.066741943359375
0.0048828125 0.0892486572265625 0.30499267578125 0.06365966796875
-0.0689430236816406 0.0442733764648438 0.264190673828125 0.2586669921875
-0.0668792724609375 -0.0143356323242188 0.125457763671875 0.297607421875
-0.0151748657226562 -0.0488052368164063 -0.0128326416015625 0.143264770507813
0.0751953125 -0.141098022460938 -0.0228805541992187 -0.0131015777587891
-0.0173797607421875 -0.15411376953125 -0.06256103515625 -0.320709228515625
-0.147109985351563 -0.06329345703125 -0.3035888671875 -0.28692626953125
-0.122085571289063 0.0798721313476562 -0.34539794921875 -0.047393798828125
-0.0211563110351562 0.126235961914063 -0.192459106445312 0.109878540039063
0.0823287963867188 0.0918502807617187 -0.0211181640625 0.130516052246094
0.113494873046875 0.0370559692382813 0.063873291015625 0.060394287109375
0.098785400390625 0.0313491821289063 0.0790252685546875 -0.0373916625976563
0.109230041503906 0.0224609375 0.111228942871094 -0.112060546875
0.122817993164063 0.0531845092773438 0.193984985351563 -0.106155395507813
0.0777664184570313 0.114242553710937 0.24700927734375 -0.079742431640625
-0.00616455078124999 0.141204833984375 0.293426513671875 0.039337158203125
-0.126976013183594 0.0581893920898437 0.273880004882812 0.238571166992188
-0.12030029296875 -0.0520095825195313 0.1260986328125 0.29290771484375
-0.0253829956054688 -0.107513427734375 -0.0147933959960938 0.131668090820312
0.0594329833984375 -0.185287475585937 0.0109672546386719 -0.0290603637695313
-0.0717315673828125 -0.175704956054688 -0.048736572265625 -0.31024169921875
-0.195266723632813 -0.04058837890625 -0.269607543945312 -0.273895263671875
-0.130294799804687 0.123580932617188 -0.31365966796875 -0.07275390625
0.00215148925781251 0.155303955078125 -0.200088500976563 0.0652923583984375
0.1175537109375 0.0935592651367188 -0.0637283325195313 0.0988616943359375
0.136726379394531 0.0247039794921875 0.0127792358398438 0.0556640625
0.118904113769531 0.024658203125 0.0326862335205078 -0.0301284790039063
0.136482238769531 0.0213623046875 0.0696868896484375 -0.105278015136719
0.148696899414063 0.0673370361328125 0.15948486328125 -0.11236572265625
0.08551025390625 0.1473388671875 0.224411010742188 -0.100814819335937
-0.026123046875 0.173171997070313 0.2911376953125 0.0177001953125
-0.172149658203125 0.0493011474609375 0.284088134765625 0.232666015625
-0.1446533203125 -0.0936737060546875 0.1148681640625 0.295135498046875
-0.0169219970703125 -0.150070190429688 -0.027008056640625 0.1015625
0.02734375 -0.201644897460938 -0.000236511230468743 -0.066619873046875
-0.11334228515625 -0.163864135742188 -0.056365966796875 -0.28680419921875
-0.203872680664063 -0.01312255859375 -0.23236083984375 -0.249404907226562
-0.120185852050781 0.137344360351563 -0.27484130859375 -0.093475341796875
0.0124664306640625 0.157608032226562 -0.201507568359375 0.0233306884765625
0.124130249023437 0.095855712890625 -0.10162353515625 0.07147216796875
0.141586303710938 0.0312957763671875 -0.0377426147460937 0.0554122924804688
0.124801635742188 0.0350341796875 -0.0179710388183594 -0.0137252807617188
0.145233154296875 0.03912353515625 0.0160293579101563 -0.0885467529296875
0.139907836914063 0.09698486328125 0.10223388671875 -0.112815856933594
0.05267333984375 0.169570922851563 0.18035888671875 -0.123687744140625
-0.071563720703125 0.165740966796875 0.272750854492188 -0.0131378173828125
-0.18963623046875 -0.0011444091796875 0.28607177734375 0.210968017578125
-0.12908935546875 -0.138717651367188 0.114105224609375 0.275848388671875
0.00303649902343748 -0.171737670898437 0.00380706787109375 0.07037353515625
-0.0052032470703125 -0.190093994140625 0.0347900390625 -0.085601806640625
-0.138351440429688 -0.114501953125 -0.0411376953125 -0.297027587890625
-0.18048095703125 0.04132080078125 -0.227615356445313 -0.274948120117187
-0.0661468505859375 0.1458740234375 -0.2957763671875 -0.134124755859375
0.0528411865234375 0.126777648925781 -0.251235961914063 0.00473022460937498
0.130043029785156 0.0468368530273438 -0.162796020507813 0.081146240234375
0.122024536132813 -0.00092315673828125 -0.0871353149414062 0.081390380859375
0.108543395996094 0.0129318237304687 -0.0582771301269531 0.00777053833007814
0.130279541015625 0.0225906372070313 -0.0232086181640625 -0.0850753784179687
0.122161865234375 0.08331298828125 0.0721282958984375 -0.133003234863281
0.0374755859375 0.15435791015625 0.177780151367188 -0.155426025390625
-0.0846023559570313 0.137092590332031 0.299407958984375 -0.0299072265625
-0.17041015625 -0.0413360595703125 0.31671142578125 0.2330322265625
-0.0849609375 -0.151840209960938 0.113555908203125 0.29559326171875
0.03369140625 -0.159225463867188 0.000131607055664063 0.0332183837890625
-0.0213775634765625 -0.151702880859375 0.0293960571289062 -0.112991333007813
-0.115493774414062 -0.0697784423828125 -0.05230712890625 -0.29718017578125
-0.127494812011719 0.047027587890625 -0.231231689453125 -0.270111083984375
-0.0331954956054688 0.106727600097656 -0.3092041015625 -0.14056396484375
0.0502166748046875 0.0809555053710938 -0.274658203125 0.00447082519531253
0.09808349609375 0.0197982788085938 -0.195907592773438 0.094329833984375
0.0862808227539063 -0.00704193115234375 -0.121551513671875 0.103752136230469
0.0794296264648438 0.00665283203125 -0.0938262939453125 0.0261764526367187
0.091278076171875 0.033477783203125 -0.0762176513671875 -0.0925674438476563
0.0668563842773438 0.076812744140625 0.0260009765625 -0.159957885742188
-0.00852203369140625 0.106887817382813 0.165252685546875 -0.177017211914062
-0.0826492309570313 0.0655975341796875 0.297760009765625 -0.031768798828125
-0.0984268188476563 -0.0702056884765625 0.291839599609375 0.23809814453125
-0.0292892456054688 -0.123947143554687 0.098785400390625 0.265274047851563
0.0405731201171875 -0.119834899902344 0.0686988830566406 0.00291824340820312
-0.0188674926757812 -0.0966567993164063 0.0221405029296875 -0.132453918457031
-0.0607147216796875 -0.0362396240234375 -0.0703125 -0.29559326171875
-0.0668182373046875 0.0235557556152344 -0.24560546875 -0.260635375976563
-0.0154075622558594 0.0491485595703125 -0.32720947265625 -0.133636474609375
0.0291767120361328 0.0312824249267578 -0.291015625 0.01904296875
0.0509376525878906 -0.00406646728515625 -0.21441650390625 0.119247436523437
0.0395851135253906 -0.0103340148925781 -0.139961242675781 0.128402709960938
0.0391807556152344 -0.00225067138671875 -0.11260986328125 0.0441665649414063
0.0460166931152344 0.00498580932617187 -0.0816879272460937 -0.0790176391601563
0.0387039184570313 0.02801513671875 0.027923583984375 -0.168563842773438
0.00072097778320313 0.0533790588378906 0.190673828125 -0.191238403320312
-0.0467185974121094 0.0315208435058594 0.352691650390625 -0.026092529296875
-0.0489234924316406 -0.0579986572265625 0.346527099609375 0.298797607421875
-0.00136566162109375 -0.0731430053710938 0.120849609375 0.33843994140625
0.0312843322753906 -0.0670280456542969 0.0526390075683594 0.00111007690429687
0.0265331268310547 -0.0192375183105469 -0.0472946166992188 0.001678466796875
0.0132865905761719 -0.022918701171875 -0.1041259765625 -0.324310302734375
-0.0331001281738281 -0.000549316406250006 -0.35516357421875 -0.267181396484375
-0.0216102600097656 0.0299224853515625 -0.388824462890625 0.00732421874999993
0.000219345092773439 0.0264511108398438 -0.180496215820313 0.185546875
0.0123167037963867 0.012812614440918 0.0277557373046875 0.180145263671875
0.0245742797851563 0.0146293640136719 0.122932434082031 0.0679168701171875
0.023468017578125 0.0177211761474609 0.127525329589844 -0.0479888916015625
0.0197525024414063 0.0142250061035156 0.151412963867188 -0.118576049804688
0.0267257690429687 0.0147075653076172 0.222747802734375 -0.104522705078125
0.0218639373779297 0.0219841003417969 0.268585205078125 -0.0595245361328125
0.00823593139648438 0.0294170379638672 0.292877197265625 0.05963134765625
-0.00792121887207031 0.0176296234130859 0.25958251953125 0.236526489257812
-0.00211906433105469 0.0198020935058594 0.152633666992188 0.280364990234375
0.00161457061767578 0.0128164291381836 0.0295562744140625 0.153305053710937
0.0584182739257812 -0.086578369140625 -0.0309257507324219 -0.000253677368164071
0.00490570068359375 -0.0976104736328125 -0.094512939453125 -0.334320068359375
-0.0922775268554687 -0.0394134521484375 -0.34716796875 -0.277496337890625
-0.0759048461914063 0.0564422607421875 -0.3837890625 -0.00921630859375001
-0.00971984863281251 0.0810470581054688 -0.1883544921875 0.161270141601563
0.0520668029785156 0.0524139404296875 0.010467529296875 0.1595458984375
0.0731964111328125 0.020355224609375 0.1014404296875 0.0575027465820313
0.0653457641601563 0.0187301635742188 0.105789184570313 -0.0574264526367188
0.0680465698242188 0.0129127502441406 0.13250732421875 -0.13409423828125
0.0816116333007812 0.026031494140625 0.217269897460937 -0.126113891601562
0.0598793029785156 0.0648880004882813 0.271591186523438 -0.0851593017578125
0.0113983154296875 0.0897216796875 0.3094482421875 0.04437255859375
-0.0674285888671875 0.0496253967285156 0.279739379882813 0.241317749023438
-0.0687713623046875 -0.00953674316406251 0.1456298828125 0.2923583984375
-0.0186195373535156 -0.0481681823730469 -0.00257873535156249 0.1484375
0.0643463134765625 -0.147705078125 -0.0156650543212891 -0.0102109909057617
-0.028289794921875 -0.152618408203125 -0.08172607421875 -0.317840576171875
-0.152023315429688 -0.0516815185546875 -0.319915771484375 -0.268310546875
-0.117431640625 0.0886611938476563 -0.347381591796875 -0.027191162109375
-0.01214599609375 0.127883911132813 -0.184555053710937 0.120361328125
0.0870361328125 0.0856170654296875 -0.0149612426757813 0.128898620605469
0.116065979003906 0.027069091796875 0.067718505859375 0.0538902282714844
0.103012084960938 0.023040771484375 0.0759124755859375 -0.0444564819335938
0.11199951171875 0.0142745971679688 0.102294921875 -0.120552062988281
0.12664794921875 0.0436477661132813 0.1884765625 -0.121658325195312
0.0860366821289063 0.108467102050781 0.242141723632812 -0.0971221923828125
0.00413513183593749 0.14288330078125 0.295928955078125 0.02093505859375
-0.125373840332031 0.068450927734375 0.288055419921875 0.219757080078125
-0.126106262207031 -0.0432815551757812 0.145599365234375 0.287689208984375
-0.0337371826171875 -0.1063232421875 -0.00486755371093751 0.137107849121094
0.0446319580078125 -0.191131591796875 0.0125083923339844 -0.0294132232666016
-0.08489990234375 -0.170211791992188 -0.0665283203125 -0.308349609375
-0.198974609375 -0.0241851806640625 -0.284698486328125 -0.2576904296875
-0.121665954589844 0.133331298828125 -0.31732177734375 -0.0556640625
0.0146026611328125 0.155059814453125 -0.196243286132813 0.0762786865234375
0.1224365234375 0.0843124389648438 -0.0590667724609375 0.101104736328125
0.138015747070313 0.012847900390625 0.0166511535644531 0.0533714294433594
0.121826171875 0.0143356323242188 0.0301113128662109 -0.0333404541015625
0.139572143554688 0.010955810546875 0.0614089965820313 -0.110519409179688
0.153366088867188 0.0554046630859375 0.153152465820313 -0.12615966796875
0.0968551635742188 0.140304565429688 0.217147827148438 -0.116363525390625
-0.0134735107421875 0.176605224609375 0.29205322265625 -0.000122070312499989
-0.17071533203125 0.062530517578125 0.298583984375 0.215484619140625
-0.153778076171875 -0.0832366943359375 0.13385009765625 0.290679931640625
-0.0275726318359375 -0.149093627929688 -0.0201034545898438 0.107124328613281
0.01171875 -0.204910278320313 -0.00268173217773438 -0.0667572021484375
-0.125869750976563 -0.155120849609375 -0.071807861328125 -0.28497314453125
-0.206695556640625 0.0041656494140625 -0.24560546875 -0.236236572265625
-0.111465454101563 0.146987915039062 -0.280487060546875 -0.0785980224609375
0.0249786376953125 0.157424926757813 -0.201461791992188 0.034423828125
0.131050109863281 0.0867843627929688 -0.0995635986328125 0.0762710571289063
0.144454956054688 0.0182647705078125 -0.0340576171875 0.0566139221191406
0.12921142578125 0.024749755859375 -0.0183544158935547 -0.0127525329589844
0.150833129882813 0.027801513671875 0.00848388671875002 -0.0889053344726563
0.14794921875 0.08587646484375 0.09588623046875 -0.12060546875
0.066131591796875 0.1661376953125 0.171646118164063 -0.134429931640625
-0.05914306640625 0.173095703125 0.2713623046875 -0.0289764404296875
-0.19305419921875 0.0134429931640625 0.299102783203125 0.19281005859375
-0.140792846679688 -0.129058837890625 0.13055419921875 0.270675659179688
-0.00946044921875002 -0.172470092773438 0.00849914550781249 0.0718002319335937
-0.0210723876953125 -0.1903076171875 0.0306930541992188 -0.0897598266601563
-0.147003173828125 -0.103591918945313 -0.058258056640625 -0.29638671875
-0.178146362304688 0.05682373046875 -0.243179321289062 -0.261383056640625
-0.055694580078125 0.151290893554687 -0.30511474609375 -0.11651611328125
0.0635528564453125 0.121772766113281 -0.251815795898438 0.0208892822265625
0.132774353027344 0.0366287231445313 -0.158828735351563 0.0919342041015625
0.120841979980469 -0.0117340087890625 -0.0802764892578125 0.0872726440429687
0.111167907714844 0.0029449462890625 -0.0573158264160156 0.0122413635253906
0.133270263671875 0.0123672485351563 -0.029754638671875 -0.0823516845703125
0.129379272460938 0.073394775390625 0.0648574829101563 -0.138542175292969
0.0501861572265625 0.150741577148438 0.165802001953125 -0.166778564453125
-0.07440185546875 0.144088745117188 0.29638671875 -0.048553466796875
-0.17626953125 -0.0281982421875 0.330535888671875 0.2125244140625
-0.096771240234375 -0.1461181640625 0.132659912109375 0.291015625
0.023345947265625 -0.16156005859375 0.00170516967773437 0.0352096557617187
-0.0337677001953125 -0.1505126953125 0.0233688354492187 -0.117469787597656
-0.120269775390625 -0.0603256225585938 -0.069580078125 -0.296112060546875
-0.124443054199219 0.0581817626953125 -0.247177124023437 -0.256027221679688
-0.0252761840820313 0.109603881835938 -0.319122314453125 -0.12274169921875
0.0570144653320312 0.0774765014648438 -0.2752685546875 0.0221710205078125
0.0988388061523438 0.0117263793945313 -0.190902709960937 0.1080322265625
0.0853424072265625 -0.0152359008789063 -0.113311767578125 0.111770629882813
0.080902099609375 -0.00086212158203125 -0.0912704467773437 0.0337448120117188
0.0959548950195313 0.0265274047851563 -0.0842971801757813 -0.08428955078125
0.0732421875 0.0727767944335938 0.0154571533203125 -0.160079956054688
0.000259399414062505 0.108161926269531 0.151824951171875 -0.186203002929688
-0.0779190063476562 0.07220458984375 0.29449462890625 -0.048797607421875
-0.105209350585938 -0.0643234252929687 0.304168701171875 0.22222900390625
-0.0387191772460938 -0.121505737304688 0.112579345703125 0.261703491210938
0.032501220703125 -0.121932983398438 0.0672531127929687 -0.00153732299804688
-0.027252197265625 -0.095367431640625 0.014923095703125 -0.136703491210938
-0.0628089904785156 -0.0309219360351563 -0.08734130859375 -0.293426513671875
-0.0643119812011719 0.0295562744140625 -0.260726928710938 -0.246337890625
-0.0125694274902344 0.0500411987304688 -0.33770751953125 -0.113525390625
0.0319194793701172 0.0283565521240234 -0.29119873046875 0.039154052734375
0.04901123046875 -0.0088958740234375 -0.20672607421875 0.134780883789062
0.0382461547851563 -0.0148429870605469 -0.128471374511719 0.138725280761719
0.0406341552734375 -0.00649261474609375 -0.107452392578125 0.0533065795898437
0.0476875305175781 0.00139617919921875 -0.087158203125 -0.0707626342773437
0.0409355163574219 0.0251007080078125 0.0162353515625 -0.170120239257813
0.0050201416015625 0.052490234375 0.175689697265625 -0.20361328125
-0.0437774658203125 0.0342597961425781 0.35003662109375 -0.048797607421875
-0.0545120239257812 -0.0548553466796875 0.365081787109375 0.275299072265625
-0.00632476806640625 -0.0732345581054688 0.143524169921875 0.33349609375
0.0280418395996094 -0.0684776306152344 0.0517997741699219 -0.00157546997070313
0.0241813659667969 -0.0206947326660156 -0.0423660278320313 0.00565338134765626
0.0121746063232422 -0.0237598419189453 -0.116119384765625 -0.310211181640625
-0.0321178436279297 0.00131988525390625 -0.356658935546875 -0.240447998046875
-0.0193691253662109 0.0295391082763672 -0.37725830078125 0.0275878906250001
0.00125503540039063 0.0256786346435547 -0.164718627929688 0.187286376953125
0.01129150390625 0.01287841796875 0.03643798828125 0.170196533203125
0.0238170623779297 0.0125541687011719 0.123558044433594 0.0571212768554687
0.0239105224609375 0.0154647827148438 0.119972229003906 -0.05535888671875
0.02117919921875 0.0135307312011719 0.139732360839844 -0.125831604003906
0.0266933441162109 0.0126266479492188 0.211883544921875 -0.116958618164063
0.0223789215087891 0.0198554992675781 0.259078979492188 -0.0723724365234375
0.0095062255859375 0.0288658142089844 0.287506103515625 0.044219970703125
-0.00708198547363281 0.0186061859130859 0.262451171875 0.21673583984375
-0.00103950500488281 0.0193157196044922 0.16375732421875 0.265945434570313
0.00238132476806641 0.0123081207275391 0.0378265380859375 0.150360107421875
0.0508956909179687 -0.0885848999023438 -0.0266819000244141 0.00268936157226562
-0.000885009765625003 -0.0958633422851563 -0.10821533203125 -0.320526123046875
-0.0918655395507813 -0.0319290161132813 -0.35107421875 -0.252105712890625
-0.0711669921875 0.0595169067382812 -0.373931884765625 0.01104736328125
-0.0048675537109375 0.0786590576171875 -0.174392700195313 0.16436767578125
0.0521965026855469 0.048583984375 0.0175628662109375 0.151321411132813
0.072509765625 0.014892578125 0.101951599121094 0.0482406616210938
0.0654106140136719 0.0133857727050781 0.0975875854492188 -0.0632858276367188
0.0684242248535156 0.00830459594726563 0.118782043457031 -0.139305114746094
0.0801010131835937 0.0203399658203125 0.204421997070313 -0.138442993164063
0.06195068359375 0.0588569641113281 0.259506225585938 -0.098876953125
0.0166168212890625 0.0872879028320312 0.303497314453125 0.0274658203125
-0.0641326904296875 0.0530281066894531 0.285064697265625 0.2193603515625
-0.0690650939941406 -0.00513839721679686 0.158279418945313 0.279144287109375
-0.02178955078125 -0.046173095703125 0.0072021484375 0.149246215820313
0.052490234375 -0.1484375 -0.0106868743896484 -0.00916481018066407
-0.036773681640625 -0.146438598632813 -0.09326171875 -0.30548095703125
-0.151931762695313 -0.0407867431640625 -0.323272705078125 -0.24407958984375
-0.109703063964844 0.0936813354492188 -0.33935546875 -0.00955200195312494
-0.00401306152343749 0.125251770019531 -0.173141479492188 0.12408447265625
0.0888595581054688 0.0785369873046875 -0.00946044921874999 0.123886108398438
0.114250183105469 0.0187759399414062 0.0686836242675781 0.0464706420898437
0.102798461914062 0.0149688720703125 0.0702896118164063 -0.0488739013671875
0.111427307128906 0.00705718994140625 0.0916976928710937 -0.123802185058594
0.126060485839844 0.0339431762695313 0.17681884765625 -0.132614135742188
0.0907135009765625 0.09954833984375 0.229827880859375 -0.108108520507813
0.0131607055664062 0.140045166015625 0.287445068359375 0.00543212890625001
-0.120109558105469 0.0746536254882813 0.29052734375 0.199798583984375
-0.127410888671875 -0.0344467163085938 0.157516479492187 0.274444580078125
-0.039947509765625 -0.102455139160156 0.00437164306640624 0.136672973632812
0.030792236328125 -0.189910888671875 0.0135879516601563 -0.0296344757080078
-0.0930938720703125 -0.160308837890625 -0.079010009765625 -0.29736328125
-0.195144653320313 -0.010009765625 -0.288177490234375 -0.237213134765625
-0.111167907714844 0.1376953125 -0.311248779296875 -0.0395812988281249
0.0236053466796875 0.149734497070312 -0.186477661132813 0.0829010009765625
0.123199462890625 0.075286865234375 -0.0539321899414063 0.100639343261719
0.134086608886719 0.00287628173828125 0.0192680358886719 0.0494499206542969
0.120895385742188 0.004486083984375 0.0267906188964844 -0.0346279144287109
0.137374877929688 0.00152587890625 0.0516738891601562 -0.110633850097656
0.152618408203125 0.043304443359375 0.1429443359375 -0.134124755859375
0.103553771972656 0.130325317382813 0.204330444335937 -0.125106811523438
-0.00175476074218751 0.173812866210938 0.283233642578125 -0.015594482421875
-0.165145874023437 0.072998046875 0.300079345703125 0.19415283203125
-0.156448364257813 -0.0714263916015625 0.146728515625 0.278549194335938
-0.03594970703125 -0.14422607421875 -0.0122604370117188 0.108497619628906
-0.00329589843749999 -0.20086669921875 -0.00446701049804687 -0.0657539367675781
-0.132980346679688 -0.14215087890625 -0.0815277099609375 -0.274017333984375
-0.201705932617188 0.017852783203125 -0.247879028320313 -0.218963623046875
-0.0998687744140625 0.15087890625 -0.276596069335938 -0.0652923583984375
0.0356903076171875 0.152374267578125 -0.194534301757813 0.042022705078125
0.132919311523437 0.076812744140625 -0.09503173828125 0.0788345336914063
0.141998291015625 0.008087158203125 -0.0302314758300781 0.0561714172363281
0.129264831542969 0.0146865844726562 -0.0189743041992187 -0.0110607147216797
0.150131225585938 0.016326904296875 0.00251007080078125 -0.0863800048828125
0.150726318359375 0.074310302734375 0.0879974365234375 -0.124374389648437
0.0757293701171875 0.158554077148438 0.159347534179688 -0.138900756835938
-0.0467071533203125 0.173416137695313 0.260818481445313 -0.04022216796875
-0.189987182617188 0.025909423828125 0.29833984375 0.17352294921875
-0.14764404296875 -0.116592407226562 0.140579223632812 0.259063720703125
-0.0192108154296875 -0.167160034179688 0.0121994018554688 0.071807861328125
-0.0329742431640625 -0.184616088867188 0.02642822265625 -0.09075927734375
-0.14898681640625 -0.0914154052734375 -0.070892333984375 -0.2877197265625
-0.169845581054688 0.067840576171875 -0.248825073242187 -0.242828369140625
-0.044952392578125 0.151290893554688 -0.304107666015625 -0.09906005859375
0.0701980590820312 0.114753723144531 -0.245071411132813 0.033538818359375
0.129989624023438 0.0274505615234375 -0.150115966796875 0.09942626953125
0.116218566894531 -0.0203170776367187 -0.0720748901367187 0.088897705078125
0.109405517578125 -0.00579833984375 -0.0540924072265625 0.0159492492675781
0.131721496582031 0.00299072265625 -0.0338363647460938 -0.0762405395507813
0.130859375 0.0624008178710938 0.0557174682617188 -0.140541076660156
0.058380126953125 0.143035888671875 0.15087890625 -0.170379638671875
-0.0634765625 0.145858764648438 0.2840576171875 -0.061553955078125
-0.175094604492188 -0.0159759521484375 0.33154296875 0.190155029296875
-0.103973388671875 -0.135757446289063 0.14544677734375 0.278518676757813
0.01416015625 -0.1588134765625 0.00368118286132813 0.0362739562988281
-0.043670654296875 -0.145294189453125 0.0174560546875 -0.117927551269531
-0.121231079101563 -0.0508041381835937 -0.0828857421875 -0.2864990234375
-0.116798400878906 0.0664520263671875 -0.252365112304688 -0.238784790039063
-0.0184326171875 0.108955383300781 -0.3182373046875 -0.1033935546875
0.0610427856445313 0.0710906982421875 -0.267440795898438 0.037017822265625
0.096038818359375 0.00555419921875 -0.179840087890625 0.116928100585938
0.08111572265625 -0.0207443237304687 -0.101852416992187 0.115547180175781
0.0795211791992188 -0.00763702392578125 -0.0854263305664062 0.0387420654296875
0.0972137451171875 0.0190582275390625 -0.0865249633789062 -0.0735092163085938
0.0769729614257813 0.0668716430664063 0.0059356689453125 -0.156295776367188
0.0076446533203125 0.105934143066406 0.135726928710938 -0.18731689453125
-0.0717086791992188 0.0765304565429688 0.28240966796875 -0.060150146484375
-0.10772705078125 -0.055999755859375 0.305877685546875 0.2027587890625
-0.0447998046875 -0.1158447265625 0.120285034179687 0.251937866210938
0.0245437622070313 -0.120033264160156 0.0630340576171875 -0.00598144531250001
-0.0336990356445313 -0.0916519165039063 0.00774383544921876 -0.137374877929688
-0.0624160766601562 -0.0254287719726562 -0.100250244140625 -0.283447265625
-0.05963134765625 0.0340156555175781 -0.264617919921875 -0.227066040039063
-0.0085296630859375 0.0501670837402344 -0.335784912109375 -0.0932312011718751
0.0334072113037109 0.0248737335205078 -0.281951904296875 0.0541992187499999
0.0461044311523438 -0.0110435485839844 -0.193527221679687 0.143157958984375
0.035614013671875 -0.0173721313476563 -0.115142822265625 0.142532348632813
0.0396270751953125 -0.0097808837890625 -0.0997543334960938 0.0597686767578125
0.0472068786621094 -0.00163650512695313 -0.0889129638671875 -0.061676025390625
0.0413131713867188 0.0222663879394531 0.00579833984375001 -0.166015625
0.00728225708007812 0.0501480102539062 0.157196044921875 -0.206451416015625
-0.0400733947753906 0.0367279052734375 0.335296630859375 -0.065032958984375
-0.0577583312988281 -0.0495491027832031 0.36920166015625 0.24932861328125
-0.0101776123046875 -0.0706939697265625 0.158721923828125 0.318511962890625
0.0251388549804687 -0.0675811767578125 0.0495567321777344 -0.003570556640625
0.0220680236816406 -0.0204448699951172 -0.0375595092773438 0.00757980346679688
0.01019287109375 -0.0241413116455078 -0.11627197265625 -0.2967529296875
-0.0300636291503906 0.00138854980468749 -0.34674072265625 -0.2257080078125
-0.0179214477539063 0.0284366607666016 -0.362701416015625 0.0340270996093749
0.000812530517578124 0.02471923828125 -0.153549194335938 0.181900024414062
0.00899219512939453 0.0134658813476563 0.038238525390625 0.160781860351563
0.0228424072265625 0.0119876861572266 0.12042236328125 0.049957275390625
0.0248813629150391 0.0131397247314453 0.113449096679688 -0.0584869384765625
0.0214519500732422 0.0130481719970703 0.129989624023438 -0.12646484375
0.0256252288818359 0.0119304656982422 0.201522827148438 -0.120162963867188
0.0211181640625 0.0179233551025391 0.248748779296875 -0.0764617919921875
0.00975608825683594 0.0276165008544922 0.277450561523438 0.0382232666015625
-0.0069122314453125 0.0186195373535156 0.2569580078125 0.204513549804688
-0.00107002258300781 0.0187110900878906 0.1649169921875 0.254791259765625
0.00200653076171875 0.011805534362793 0.0416259765625 0.148162841796875
0.0454788208007813 -0.0873870849609375 -0.0227985382080078 0.00340461730957031
-0.00340270996093749 -0.0929489135742187 -0.109283447265625 -0.307098388671875
-0.0898590087890625 -0.02899169921875 -0.341949462890625 -0.236541748046875
-0.0672988891601563 0.0583839416503906 -0.359222412109375 0.018768310546875
-0.0034942626953125 0.0766754150390625 -0.1632080078125 0.16064453125
0.0495376586914063 0.0465164184570313 0.019561767578125 0.143875122070312
0.0694847106933594 0.0120697021484375 0.0994491577148438 0.0420303344726562
0.0643959045410156 0.0101776123046875 0.09130859375 -0.0643997192382813
0.0671119689941406 0.0067901611328125 0.10919189453125 -0.138328552246094
0.077728271484375 0.0173873901367188 0.193145751953125 -0.142364501953125
0.0610504150390625 0.0543365478515625 0.248184204101563 -0.102264404296875
0.0185089111328125 0.0851058959960938 0.292633056640625 0.020904541015625
-0.0619697570800781 0.0543899536132813 0.279190063476563 0.20672607421875
-0.0675506591796875 -0.00244140625000001 0.160476684570313 0.267791748046875
-0.0229530334472656 -0.0450401306152344 0.0125274658203125 0.147308349609375
0.0454559326171875 -0.145721435546875 -0.00740385055541992 -0.00774288177490235
-0.0398406982421875 -0.141159057617188 -0.09417724609375 -0.29364013671875
-0.148040771484375 -0.03466796875 -0.315338134765625 -0.2296142578125
-0.1031494140625 0.0938186645507812 -0.32781982421875 -0.00280761718749998
-0.000358581542968756 0.121223449707031 -0.163711547851563 0.121856689453125
0.0874252319335938 0.0740814208984375 -0.00714111328124999 0.118629455566406
0.109886169433594 0.0135116577148438 0.0672683715820313 0.0411758422851563
0.100570678710938 0.00958251953125 0.0651397705078125 -0.0496864318847656
0.108833312988281 0.00296783447265625 0.0829315185546875 -0.122261047363281
0.12274169921875 0.02862548828125 0.1666259765625 -0.135787963867188
0.09124755859375 0.0942916870117188 0.219467163085938 -0.10968017578125
0.01702880859375 0.136077880859375 0.27813720703125 0.00122070312500001
-0.116424560546875 0.0776748657226563 0.283416748046875 0.1875
-0.126579284667969 -0.0285720825195312 0.160140991210938 0.263671875
-0.041961669921875 -0.0985565185546875 0.009796142578125 0.135139465332031
0.02197265625 -0.18463134765625 0.0155181884765625 -0.029623031616211
-0.0955963134765625 -0.151779174804688 -0.0804443359375 -0.286834716796875
-0.189163208007813 -0.00312805175781247 -0.281402587890625 -0.2242431640625
-0.103401184082031 0.137001037597656 -0.3016357421875 -0.032379150390625
0.0272216796875 0.143783569335938 -0.178741455078125 0.0823516845703125
0.120109558105469 0.0689239501953125 -0.05120849609375 0.0983352661132813
0.128265380859375 -0.0024566650390625 0.02020263671875 0.0462303161621094
0.117149353027344 -0.00064849853515625 0.0240268707275391 -0.0341339111328125
0.134269714355469 -0.0035552978515625 0.0457687377929688 -0.10797119140625
0.149032592773438 0.0364990234375 0.133987426757812 -0.136695861816406
0.104438781738281 0.122520446777344 0.194244384765625 -0.125900268554688
0.00416564941406251 0.16943359375 0.272018432617187 -0.01904296875
-0.1597900390625 0.076934814453125 0.294189453125 0.181121826171875
-0.155380249023438 -0.0634307861328125 0.14862060546875 0.26788330078125
-0.039703369140625 -0.139190673828125 -0.00765228271484375 0.107826232910156
-0.0120697021484375 -0.19488525390625 -0.00393295288085938 -0.0632095336914063
-0.133308410644531 -0.131820678710937 -0.0821075439453125 -0.264739990234375
-0.195098876953125 0.024810791015625 -0.241226196289062 -0.209884643554688
-0.092987060546875 0.150527954101562 -0.26885986328125 -0.0604400634765625
0.03948974609375 0.147567749023438 -0.187820434570313 0.0433197021484375
0.131034851074219 0.0700836181640625 -0.0915451049804687 0.0779800415039063
0.137359619140625 0.0025482177734375 -0.0273895263671875 0.0542449951171875
0.127197265625 0.0080718994140625 -0.01934814453125 -0.0100269317626953
0.147811889648438 0.010162353515625 -1.52587890624893E-05 -0.081756591796875
0.149505615234375 0.0663299560546875 0.0808639526367188 -0.124717712402344
0.07879638671875 0.151351928710938 0.149429321289063 -0.137680053710937
-0.0396881103515625 0.17071533203125 0.249526977539063 -0.0422210693359375
-0.18572998046875 0.0325927734375 0.2894287109375 0.163543701171875
-0.148208618164063 -0.107696533203125 0.142303466796875 0.249725341796875
-0.0242462158203125 -0.161941528320313 0.0145797729492187 0.0711593627929687
-0.0394134521484375 -0.176834106445313 0.025604248046875 -0.0896224975585938
-0.147201538085938 -0.083648681640625 -0.0736999511718751 -0.278472900390625
-0.161468505859375 0.0723876953125 -0.24481201171875 -0.2314453125
-0.0392913818359375 0.147918701171875 -0.296844482421875 -0.089569091796875
0.0712661743164063 0.107925415039063 -0.23663330078125 0.0378570556640625
0.125656127929688 0.0232696533203125 -0.143569946289063 0.100387573242188
0.109817504882813 -0.024078369140625 -0.0659103393554688 0.0879898071289063
0.106048583984375 -0.0105361938476563 -0.0515518188476562 0.0175666809082031
0.128227233886719 -0.00240325927734375 -0.0350189208984375 -0.0719146728515625
0.129096984863281 0.0556411743164063 0.049468994140625 -0.139122009277344
0.0615692138671875 0.136260986328125 0.139785766601562 -0.166656494140625
-0.0566864013671875 0.1427001953125 0.270919799804687 -0.0649871826171875
-0.171661376953125 -0.00892639160156252 0.322601318359375 0.176971435546875
-0.105308532714844 -0.127372741699219 0.14666748046875 0.267837524414063
0.00933837890624999 -0.154586791992188 0.00383377075195313 0.0360145568847656
-0.048553466796875 -0.138374328613281 0.0144729614257812 -0.116592407226563
-0.117546081542969 -0.0450897216796875 -0.086456298828125 -0.277267456054688
-0.109649658203125 0.0680770874023437 -0.24822998046875 -0.226699829101562
-0.0148849487304688 0.106147766113281 -0.311492919921875 -0.0936584472656249
0.0610771179199219 0.0663566589355469 -0.258102416992188 0.0425567626953126
0.0922164916992188 0.00286865234375 -0.170852661132813 0.118698120117188
0.0765762329101563 -0.023651123046875 -0.093170166015625 0.113525390625
0.0772476196289063 -0.0114364624023438 -0.0806045532226562 0.0406951904296875
0.0960617065429688 0.0142898559570313 -0.0858993530273437 -0.066253662109375
0.0783767700195313 0.0623855590820313 0.000656127929687499 -0.149795532226563
0.0106430053710937 0.10321044921875 0.124404907226563 -0.181442260742188
-0.0668563842773438 0.0766372680664063 0.269256591796875 -0.061187744140625
-0.108413696289062 -0.0508193969726563 0.296234130859375 0.193817138671875
-0.0481414794921875 -0.109428405761719 0.11920166015625 0.244903564453125
0.0213851928710937 -0.116325378417969 0.0582313537597656 -0.00694656372070313
-0.0353164672851563 -0.0860443115234375 0.00469970703125001 -0.135551452636719
-0.0606307983398438 -0.0233840942382812 -0.1031494140625 -0.274520874023438
-0.0564346313476562 0.0349960327148438 -0.260223388671875 -0.215133666992187
-0.00672149658203126 0.0494880676269531 -0.32708740234375 -0.0827636718749999
0.0325584411621094 0.0227241516113281 -0.27191162109375 0.05975341796875
0.0434989929199219 -0.0120391845703125 -0.183090209960938 0.144927978515625
0.0325927734375 -0.0187740325927734 -0.104705810546875 0.140960693359375
0.0384407043457031 -0.0125007629394531 -0.09283447265625 0.0617523193359375
0.0475425720214844 -0.0038299560546875 -0.086761474609375 -0.0551681518554688
0.0406951904296875 0.0202865600585937 0.000198364257812511 -0.160781860351563
0.00953292846679688 0.0483512878417969 0.144882202148438 -0.201126098632813
-0.037750244140625 0.0372276306152344 0.32000732421875 -0.07037353515625
-0.0587730407714844 -0.0460472106933594 0.361053466796875 0.232452392578125
-0.0117034912109375 -0.0671272277832031 0.161102294921875 0.305633544921875
0.0236740112304688 -0.0657310485839844 0.0467376708984375 -0.00426101684570313
0.0207805633544922 -0.0202045440673828 -0.0328540802001953 0.00838851928710937
0.00956153869628906 -0.0239238739013672 -0.111236572265625 -0.29217529296875
-0.02984619140625 0.000711441040039067 -0.336517333984375 -0.223175048828125
-0.0177993774414063 0.0275173187255859 -0.35699462890625 0.0321350097656251
-0.000102996826171877 0.02398681640625 -0.151290893554687 0.1759033203125
0.00758075714111328 0.0146865844726563 0.0372161865234375 0.155685424804688
0.021728515625 0.0119400024414063 0.119392395019531 0.0466537475585938
0.0241947174072266 0.012542724609375 0.109977722167969 -0.0586776733398437
0.0218620300292969 0.0129356384277344 0.126045227050781 -0.125511169433594
0.0249118804931641 0.0117225646972656 0.196670532226563 -0.121505737304687
0.0196971893310547 0.0175132751464844 0.245132446289063 -0.0744476318359375
0.0103111267089844 0.0279788970947266 0.272994995117188 0.039703369140625
-0.00723075866699219 0.0194778442382813 0.251007080078125 0.203033447265625
-0.00150489807128906 0.0187301635742187 0.162002563476563 0.250473022460938
0.00124931335449219 0.0117082595825195 0.0419769287109375 0.148361206054688
0.0431137084960938 -0.0862884521484375 -0.0189094543457031 0.00341415405273437
-0.00470733642578125 -0.0912704467773437 -0.104736328125 -0.302581787109375
-0.0888595581054688 -0.0284423828125 -0.334930419921875 -0.233917236328125
-0.0662155151367188 0.0576972961425781 -0.3531494140625 0.016357421875
-0.00384521484375 0.0752944946289063 -0.160491943359375 0.155487060546875
0.0483856201171875 0.0467643737792969 0.01788330078125 0.139411926269531
0.0674209594726563 0.0111160278320313 0.0978012084960938 0.0390167236328125
0.063690185546875 0.008026123046875 0.087921142578125 -0.0642547607421875
0.0671005249023438 0.00608444213867188 0.1048583984375 -0.137184143066406
0.0753631591796875 0.0168914794921875 0.18756103515625 -0.142669677734375
0.0598602294921875 0.0533561706542969 0.24310302734375 -0.101333618164063
0.0186920166015625 0.0844955444335938 0.287567138671875 0.021942138671875
-0.0615615844726563 0.0552024841308594 0.27325439453125 0.204437255859375
-0.0682334899902344 -0.00181579589843749 0.15863037109375 0.264328002929688
-0.0234146118164062 -0.0448074340820313 0.0151214599609375 0.148284912109375
0.041839599609375 -0.14361572265625 -0.0064544677734375 -0.00759124755859376
-0.0405731201171875 -0.138191223144531 -0.089691162109375 -0.28961181640625
-0.145645141601563 -0.032958984375 -0.30853271484375 -0.227752685546875
-0.101531982421875 0.093475341796875 -0.321136474609375 -0.00460815429687498
0.000427246093749995 0.119293212890625 -0.16070556640625 0.116775512695312
0.0855636596679688 0.0735549926757813 -0.00794219970703124 0.114555358886719
0.107353210449219 0.0119705200195313 0.0665016174316406 0.0386619567871094
0.0991439819335938 0.007476806640625 0.0633621215820313 -0.0499114990234375
0.108390808105469 0.0018463134765625 0.0793914794921875 -0.120201110839844
0.120857238769531 0.0268707275390625 0.16229248046875 -0.137313842773438
0.0904922485351562 0.0918121337890625 0.215713500976563 -0.1083984375
0.0175323486328125 0.134979248046875 0.27301025390625 0.00236511230468751
-0.115447998046875 0.0790023803710938 0.278076171875 0.185791015625
-0.125907897949219 -0.0263519287109375 0.157791137695312 0.261474609375
-0.0428543090820312 -0.097320556640625 0.01202392578125 0.13616943359375
0.0186767578125 -0.181686401367188 0.0181789398193359 -0.0299606323242188
-0.0952606201171875 -0.14862060546875 -0.076934814453125 -0.28289794921875
-0.185943603515625 -0.00169372558593751 -0.274368286132812 -0.223052978515625
-0.101264953613281 0.13555908203125 -0.296630859375 -0.0339965820312499
0.0274200439453125 0.141036987304688 -0.176177978515625 0.07940673828125
0.118484497070313 0.0673904418945313 -0.0514144897460938 0.096435546875
0.125358581542969 -0.00421142578125 0.0198211669921875 0.043701171875
0.116004943847656 -0.0034637451171875 0.0226287841796875 -0.0335502624511719
0.133079528808594 -0.00630950927734375 0.04339599609375 -0.106231689453125
0.14703369140625 0.0340118408203125 0.129661560058594 -0.137664794921875
0.103446960449219 0.119720458984375 0.190048217773438 -0.12359619140625
0.00532531738281251 0.167327880859375 0.267257690429688 -0.017303466796875
-0.158370971679688 0.0789794921875 0.287353515625 0.180511474609375
-0.155014038085938 -0.060638427734375 0.146987915039062 0.265487670898438
-0.0404739379882812 -0.137710571289063 -0.00603485107421875 0.107856750488281
-0.0142364501953125 -0.19110107421875 -0.00251770019531251 -0.0624809265136719
-0.133377075195313 -0.129348754882813 -0.07891845703125 -0.261215209960938
-0.192520141601562 0.026397705078125 -0.234115600585938 -0.209564208984375
-0.091400146484375 0.150360107421875 -0.2637939453125 -0.0624847412109375
0.040130615234375 0.14495849609375 -0.185577392578125 0.0406494140625
0.130722045898438 0.0690231323242188 -0.0909042358398437 0.0769577026367188
0.134475708007813 7.62939453125E-05 -0.026458740234375 0.0522041320800781
0.126182556152344 0.0052490234375 -0.0186691284179687 -0.00922966003417968
0.1473388671875 0.007110595703125 0.000396728515625005 -0.0794448852539063
0.148529052734375 0.063232421875 0.0797348022460938 -0.124160766601563
0.0797882080078125 0.148468017578125 0.146560668945313 -0.1336669921875
-0.0374755859375 0.169921875 0.245269775390625 -0.03912353515625
-0.184768676757812 0.0360565185546875 0.282989501953125 0.1634521484375
-0.148422241210937 -0.103256225585938 0.138748168945313 0.24786376953125
-0.0259246826171875 -0.159332275390625 0.0145187377929688 0.0703125
-0.0422515869140625 -0.173843383789063 0.0261764526367188 -0.0894927978515625
-0.144973754882813 -0.0803375244140625 -0.070953369140625 -0.275146484375
-0.157638549804688 0.0724029541015625 -0.238876342773437 -0.229888916015625
-0.037139892578125 0.147018432617188 -0.2939453125 -0.090484619140625
0.0712890625 0.105094909667969 -0.233383178710938 0.036834716796875
0.123153686523438 0.0223464965820313 -0.140609741210938 0.0999603271484375
0.106781005859375 -0.0250473022460937 -0.0636672973632813 0.0858154296875
0.104248046875 -0.01287841796875 -0.0493927001953125 0.0179939270019531
0.127372741699219 -0.0054779052734375 -0.0347442626953125 -0.0691261291503906
0.127655029296875 0.0530471801757813 0.047607421875 -0.138511657714844
0.0617523193359375 0.13330078125 0.135543823242187 -0.163055419921875
-0.0533447265625 0.142105102539063 0.264938354492188 -0.0614776611328125
-0.170135498046875 -0.00549316406249999 0.31689453125 0.1761474609375
-0.10540771484375 -0.123298645019531 0.144760131835938 0.265060424804688
0.009063720703125 -0.1524658203125 0.00332260131835937 0.036834716796875
-0.0499725341796875 -0.135223388671875 0.0145111083984375 -0.116996765136719
-0.116050720214844 -0.0433349609375 -0.0839080810546876 -0.27490234375
-0.107017517089844 0.0679855346679687 -0.243728637695313 -0.225372314453125
-0.0136032104492187 0.105171203613281 -0.307861328125 -0.093170166015625
0.06085205078125 0.0647811889648438 -0.254714965820313 0.041961669921875
0.0900650024414063 0.00251007080078125 -0.168319702148438 0.117340087890625
0.0739517211914062 -0.02423095703125 -0.0898208618164063 0.111793518066406
0.0765380859375 -0.0132980346679688 -0.077392578125 0.0411453247070313
0.0966033935546875 0.0105514526367188 -0.0850448608398438 -0.06207275390625
0.0794677734375 0.0605621337890625 -0.000671386718749986 -0.145355224609375
0.013153076171875 0.102165222167969 0.120361328125 -0.175735473632813
-0.0654983520507812 0.0766754150390625 0.263473510742188 -0.0566558837890625
-0.1083984375 -0.047821044921875 0.28814697265625 0.193939208984375
-0.0487213134765625 -0.105628967285156 0.113571166992188 0.243545532226563
0.0207366943359375 -0.114418029785156 0.0546150207519531 -0.00752639770507813
-0.037200927734375 -0.0840377807617188 0.00417327880859375 -0.13592529296875
-0.0599021911621094 -0.0214881896972656 -0.1004638671875 -0.271499633789063
-0.0539131164550781 0.0350608825683594 -0.255386352539063 -0.213577270507813
-0.00576019287109376 0.0487785339355469 -0.324615478515625 -0.0819702148437499
0.0321731567382813 0.022491455078125 -0.267868041992188 0.0594329833984375
0.0420036315917969 -0.0113983154296875 -0.178817749023438 0.14385986328125
0.0313873291015625 -0.0191440582275391 -0.09954833984375 0.138992309570313
0.0382614135742188 -0.014190673828125 -0.0883712768554688 0.0621337890625
0.0473518371582031 -0.00471115112304688 -0.0852737426757813 -0.051971435546875
0.0403480529785156 0.0201873779296875 -0.00251770019531251 -0.157333374023438
0.00917816162109375 0.04779052734375 0.140579223632813 -0.196243286132813
-0.0359268188476563 0.0360984802246094 0.31341552734375 -0.067596435546875
-0.0587501525878906 -0.0438003540039062 0.353179931640625 0.229644775390625
-0.01153564453125 -0.065216064453125 0.159454345703125 0.301910400390625
0.0250167846679688 -0.0650558471679687 0.0443954467773438 -0.00426101684570313
0.0201950073242188 -0.0207767486572266 -0.0296573638916016 0.00856971740722655
0.00856590270996094 -0.0239753723144531 -0.108001708984375 -0.297119140625
-0.0306358337402344 -6.4849853515623E-05 -0.337158203125 -0.230499267578125
-0.0182628631591797 0.0270500183105469 -0.359527587890625 0.028839111328125
-0.00124549865722656 0.0246448516845703 -0.15423583984375 0.173995971679688
0.0066671371459961 0.0166721343994141 0.036102294921875 0.154861450195312
0.0221900939941406 0.0127716064453125 0.120643615722656 0.045257568359375
0.0248069763183594 0.011810302734375 0.110366821289062 -0.059478759765625
0.0225830078125 0.0130786895751953 0.126052856445313 -0.1273193359375
0.0242881774902344 0.0125446319580078 0.19830322265625 -0.12335205078125
0.0196590423583984 0.0175495147705078 0.249359130859375 -0.0742645263671875
0.00986480712890625 0.0292453765869141 0.275894165039063 0.04461669921875
-0.00752067565917969 0.0206298828125 0.250457763671875 0.208221435546875
-0.00167274475097656 0.0192985534667969 0.162460327148438 0.255233764648438
0.000699996948242188 0.0113506317138672 0.0444488525390625 0.152847290039063
0.041961669921875 -0.0875625610351563 -0.0161685943603516 0.00407981872558593
-0.00522613525390625 -0.0927886962890625 -0.101715087890625 -0.307403564453125
-0.0902633666992188 -0.0290451049804687 -0.33477783203125 -0.241729736328125
-0.0669708251953125 0.05755615234375 -0.357147216796875 0.0134887695312501
-0.00495147705078125 0.0771865844726563 -0.163330078125 0.153823852539063
0.0482444763183594 0.0487594604492188 0.0166473388671875 0.1395263671875
0.0675735473632813 0.01202392578125 0.0983963012695313 0.0379180908203125
0.0640640258789063 0.0071258544921875 0.0882720947265625 -0.0651779174804688
0.0681304931640625 0.00520706176757813 0.104095458984375 -0.137596130371094
0.0771865844726562 0.0169219970703125 0.188720703125 -0.146774291992188
0.0592384338378906 0.0543365478515625 0.246292114257813 -0.10125732421875
0.0193710327148438 0.0867919921875 0.29034423828125 0.025146484375
-0.0625953674316406 0.0575218200683594 0.274917602539063 0.210037231445313
-0.0696067810058594 -0.00127792358398437 0.160385131835937 0.270370483398438
-0.0242042541503906 -0.0461082458496094 0.0170745849609375 0.152542114257813
0.0406341552734375 -0.1451416015625 -0.00637102127075195 -0.00748443603515626
-0.0421218872070313 -0.140266418457031 -0.085968017578125 -0.295013427734375
-0.147674560546875 -0.033447265625 -0.306396484375 -0.2354736328125
-0.103416442871094 0.0950546264648437 -0.32525634765625 -0.00833129882812494
-0.000549316406250007 0.121780395507813 -0.163681030273438 0.115127563476563
0.0872726440429687 0.0760955810546875 -0.00963592529296876 0.114151000976563
0.108192443847656 0.0121688842773438 0.0672264099121094 0.037109375
0.101394653320313 0.0056610107421875 0.062744140625 -0.0504531860351563
0.111061096191406 0.00025177001953125 0.07861328125 -0.122161865234375
0.122718811035156 0.0269393920898438 0.163314819335938 -0.14013671875
0.0916671752929688 0.0935516357421875 0.2193603515625 -0.10845947265625
0.01837158203125 0.138214111328125 0.275741577148438 0.00738525390625001
-0.118354797363281 0.0825119018554687 0.278961181640625 0.192352294921875
-0.129852294921875 -0.0259552001953125 0.159469604492188 0.267303466796875
-0.0445480346679687 -0.099700927734375 0.013427734375 0.139122009277344
0.0168304443359375 -0.18365478515625 0.0212478637695313 -0.031240463256836
-0.0968017578125 -0.1497802734375 -0.07379150390625 -0.2886962890625
-0.188583374023438 -0.00100708007812498 -0.2723388671875 -0.22998046875
-0.102531433105469 0.137649536132813 -0.300079345703125 -0.037841796875
0.027984619140625 0.143768310546875 -0.179290771484375 0.077484130859375
0.119743347167969 0.06951904296875 -0.0529327392578125 0.0962295532226562
0.125358581542969 -0.00383758544921875 0.0203437805175781 0.0430908203125
0.117874145507813 -0.00469970703125 0.0224971771240234 -0.0336074829101563
0.135818481445313 -0.007904052734375 0.0430679321289063 -0.107048034667969
0.148910522460937 0.034149169921875 0.13031005859375 -0.141265869140625
0.10589599609375 0.121551513671875 0.192428588867187 -0.124176025390625
0.00607299804687501 0.170974731445312 0.271011352539062 -0.01324462890625
-0.162246704101563 0.082305908203125 0.288787841796875 0.186431884765625
-0.15838623046875 -0.059844970703125 0.1484375 0.271530151367187
-0.0413589477539063 -0.140365600585938 -0.00553131103515626 0.110809326171875
-0.0168304443359375 -0.193557739257813 0.00050735473632812 -0.0640678405761719
-0.13543701171875 -0.130393981933594 -0.074859619140625 -0.266555786132812
-0.195709228515625 0.0279388427734375 -0.2330322265625 -0.217117309570313
-0.0919189453125 0.1544189453125 -0.266891479492188 -0.067657470703125
0.0413818359375 0.14776611328125 -0.189224243164063 0.037322998046875
0.133743286132813 0.0712738037109375 -0.0944442749023438 0.0770263671875
0.136161804199219 -0.00081634521484375 -0.027618408203125 0.0519332885742188
0.128730773925781 0.00339508056640625 -0.0182285308837891 -0.00927734375
0.15130615234375 0.005096435546875 -0.000831604003906234 -0.0799789428710938
0.152389526367187 0.0614776611328125 0.0794448852539063 -0.126327514648438
0.082672119140625 0.151046752929688 0.148513793945313 -0.1331787109375
-0.03765869140625 0.173171997070313 0.247390747070313 -0.0337677001953125
-0.18902587890625 0.0384368896484375 0.283966064453125 0.170196533203125
-0.152618408203125 -0.103118896484375 0.137786865234375 0.254379272460938
-0.0265045166015625 -0.163284301757813 0.0147247314453125 0.0723953247070312
-0.0437774658203125 -0.175613403320313 0.028045654296875 -0.0921096801757813
-0.147109985351563 -0.0807647705078125 -0.06903076171875 -0.2816162109375
-0.159072875976563 0.0742340087890625 -0.239166259765625 -0.237442016601563
-0.0375518798828125 0.149398803710938 -0.298126220703125 -0.094940185546875
0.0717239379882813 0.106697082519531 -0.237518310546875 0.03521728515625
0.124588012695313 0.0217208862304688 -0.1427001953125 0.101181030273438
0.107200622558594 -0.0258331298828125 -0.0624160766601563 0.0854568481445312
0.106903076171875 -0.0150146484375 -0.0491828918457031 0.0188026428222656
0.129592895507813 -0.00746917724609375 -0.0345916748046875 -0.0703582763671875
0.130126953125 0.052154541015625 0.04730224609375 -0.140251159667969
0.0639419555664063 0.135215759277344 0.13787841796875 -0.164276123046875
-0.053192138671875 0.144485473632813 0.268295288085938 -0.0586395263671875
-0.17364501953125 -0.00384521484375001 0.31744384765625 0.181121826171875
-0.107475280761719 -0.123550415039063 0.145126342773438 0.270584106445313
0.0103759765625 -0.155044555664062 0.00284194946289063 0.0385475158691406
-0.0518112182617188 -0.136550903320313 0.0159149169921875 -0.120208740234375
-0.117439270019531 -0.0435943603515625 -0.0819549560546875 -0.2811279296875
-0.10821533203125 0.0699844360351563 -0.243865966796875 -0.232131958007813
-0.0129928588867188 0.10723876953125 -0.311737060546875 -0.097015380859375
0.0613822937011719 0.0648345947265625 -0.258468627929688 0.0408935546875
0.091094970703125 0.00323486328125 -0.169281005859375 0.120223999023438
0.0746231079101563 -0.0250396728515625 -0.0892105102539063 0.112174987792969
0.0774688720703125 -0.0146408081054687 -0.0772933959960938 0.0427627563476562
0.0996246337890625 0.00933837890625 -0.0862579345703125 -0.06036376953125
0.0830307006835938 0.0609359741210938 -0.000442504882812497 -0.146881103515625
0.0143890380859375 0.104598999023438 0.122817993164063 -0.174789428710938
-0.0654525756835937 0.0797042846679688 0.2662353515625 -0.051544189453125
-0.111572265625 -0.046905517578125 0.28778076171875 0.2032470703125
-0.0504074096679688 -0.10552978515625 0.109878540039063 0.249542236328125
0.0214767456054688 -0.115478515625 0.0523719787597656 -0.00774383544921876
-0.038238525390625 -0.0841827392578125 0.00480651855468751 -0.140655517578125
-0.0596656799316406 -0.0214385986328125 -0.0994720458984375 -0.27880859375
-0.0537071228027344 0.0349540710449219 -0.256057739257813 -0.220367431640625
-0.00595474243164062 0.0490608215332031 -0.329193115234375 -0.085296630859375
0.0319805145263672 0.0211467742919922 -0.271865844726563 0.0587005615234375
0.0420341491699219 -0.0107498168945312 -0.181182861328125 0.145751953125
0.0306015014648438 -0.0192203521728516 -0.09869384765625 0.139747619628906
0.0385017395019531 -0.0161628723144531 -0.087799072265625 0.0634613037109375
0.049102783203125 -0.00643157958984375 -0.085693359375 -0.0514297485351562
0.0416412353515625 0.0203208923339844 -0.0027618408203125 -0.158782958984375
0.0108375549316406 0.0480728149414063 0.141189575195313 -0.196563720703125
-0.0356330871582031 0.0374908447265625 0.316558837890625 -0.06451416015625
-0.0606956481933594 -0.0426559448242187 0.35650634765625 0.235931396484375
-0.0116920471191406 -0.0661468505859375 0.15924072265625 0.30560302734375
0.0267333984375 -0.0664138793945313 0.0433540344238281 -0.00412750244140625
0.019195556640625 -0.0211277008056641 -0.0272388458251953 0.0101146697998047
0.00756072998046875 -0.0248298645019531 -0.110870361328125 -0.306854248046875
-0.0325965881347656 -0.000675201416015618 -0.34912109375 -0.2384033203125
-0.0192146301269531 0.0269908905029297 -0.370849609375 0.0323181152343751
-0.00164222717285156 0.0260639190673828 -0.157867431640625 0.179962158203125
0.0069427490234375 0.0193939208984375 0.0386199951171875 0.158370971679688
0.0219039916992188 0.0139217376708984 0.126045227050781 0.0425033569335938
0.0251941680908203 0.0112438201904297 0.112884521484375 -0.0646286010742188
0.0240955352783203 0.0127201080322266 0.127883911132813 -0.133773803710938
0.0256328582763672 0.0127372741699219 0.202316284179687 -0.132308959960938
0.0201644897460938 0.0181770324707031 0.257766723632813 -0.0797882080078125
0.0117549896240234 0.0301380157470703 0.28753662109375 0.045928955078125
-0.00699234008789063 0.0222492218017578 0.261444091796875 0.215606689453125
-0.00140571594238281 0.0200309753417969 0.171310424804688 0.263412475585938
0.00069904327392578 0.0119075775146484 0.0514984130859375 0.15997314453125
0.0400619506835938 -0.0909805297851563 -0.0131568908691406 0.00358486175537109
-0.00837707519531251 -0.0957794189453125 -0.1058349609375 -0.31829833984375
-0.0940780639648438 -0.0289230346679687 -0.345794677734375 -0.247467041015625
-0.0693397521972656 0.0609130859375 -0.36865234375 0.017822265625
-0.00409698486328125 0.0803070068359375 -0.167587280273438 0.159317016601562
0.0507354736328125 0.051971435546875 0.0189666748046875 0.1427001953125
0.0698471069335938 0.011871337890625 0.103408813476563 0.0352630615234375
0.0667915344238281 0.005462646484375 0.0888748168945313 -0.0687713623046875
0.0716781616210938 0.00370025634765625 0.104171752929688 -0.144638061523438
0.0794677734375 0.0159225463867188 0.189743041992188 -0.155853271484375
0.0633392333984375 0.055938720703125 0.253753662109375 -0.109161376953125
0.0220718383789063 0.0907135009765625 0.3021240234375 0.024627685546875
-0.0647506713867187 0.0623741149902344 0.2867431640625 0.2159423828125
-0.0739517211914063 0.000640869140624993 0.169937133789062 0.279861450195313
-0.0278091430664062 -0.0479087829589844 0.022003173828125 0.15966796875
0.03717041015625 -0.150711059570313 -0.00581932067871093 -0.00688505172729493
-0.0466156005859375 -0.144363403320313 -0.090087890625 -0.305938720703125
-0.154800415039063 -0.0329437255859375 -0.318634033203125 -0.242401123046875
-0.106132507324219 0.100677490234375 -0.3363037109375 -0.00570678710937503
0.00107574462890626 0.127021789550781 -0.168975830078125 0.119293212890625
0.0920333862304688 0.0787734985351563 -0.00940704345703124 0.117416381835938
0.111785888671875 0.011016845703125 0.0707550048828125 0.0347671508789063
0.105178833007813 0.002685546875 0.0642318725585938 -0.053619384765625
0.116424560546875 -0.00276947021484375 0.0783843994140625 -0.126991271972656
0.128173828125 0.0254135131835938 0.164627075195313 -0.149307250976563
0.097137451171875 0.0959396362304688 0.22564697265625 -0.116104125976562
0.0219573974609375 0.143829345703125 0.287017822265625 0.00634765625000001
-0.121467590332031 0.0893936157226563 0.29052734375 0.197601318359375
-0.136566162109375 -0.0230712890625 0.16851806640625 0.27593994140625
-0.0490264892578125 -0.103004455566406 0.018707275390625 0.146026611328125
0.011932373046875 -0.1905517578125 0.02398681640625 -0.0335216522216797
-0.103927612304688 -0.15283203125 -0.077301025390625 -0.300079345703125
-0.195877075195313 0.00247192382812499 -0.284759521484375 -0.237701416015625
-0.103424072265625 0.145782470703125 -0.31146240234375 -0.03729248046875
0.0311279296875 0.148773193359375 -0.185928344726562 0.0809326171875
0.126373291015625 0.0706024169921875 -0.0540618896484375 0.100502014160156
0.129684448242188 -0.005828857421875 0.0224189758300781 0.042633056640625
0.121116638183594 -0.00875091552734375 0.0226898193359375 -0.035430908203125
0.141403198242188 -0.0125579833984375 0.04180908203125 -0.111175537109375
0.155075073242187 0.03167724609375 0.129959106445313 -0.1497802734375
0.112464904785156 0.124099731445313 0.197845458984375 -0.132110595703125
0.0113067626953125 0.177825927734375 0.280609130859375 -0.0140228271484375
-0.167709350585938 0.0903472900390625 0.301605224609375 0.191070556640625
-0.166854858398438 -0.0575714111328125 0.15753173828125 0.280838012695313
-0.0460357666015625 -0.1458740234375 -0.00314331054687501 0.116401672363281
-0.0233917236328125 -0.19927978515625 0.000850677490234372 -0.0664558410644531
-0.14385986328125 -0.131866455078125 -0.07830810546875 -0.276260375976563
-0.202789306640625 0.0338592529296875 -0.24212646484375 -0.226409912109375
-0.0931396484375 0.163406372070313 -0.277191162109375 -0.070281982421875
0.0453643798828125 0.153594970703125 -0.196990966796875 0.0393829345703125
0.141448974609375 0.0714263916015625 -0.09722900390625 0.0809326171875
0.141021728515625 -0.0041961669921875 -0.027099609375 0.0526351928710938
0.134056091308594 -0.00147247314453125 -0.0190010070800781 -0.00900077819824218
0.158309936523437 0.0001983642578125 -0.00187683105468749 -0.081390380859375
0.160568237304688 0.060943603515625 0.079925537109375 -0.133453369140625
0.0904541015625 0.155776977539063 0.1513671875 -0.138687133789063
-0.035125732421875 0.1824951171875 0.255172729492188 -0.0353546142578125
-0.196853637695313 0.0463714599609375 0.29498291015625 0.175323486328125
-0.161590576171875 -0.101760864257812 0.145919799804687 0.263763427734375
-0.0313568115234375 -0.168472290039062 0.0162887573242187 0.0753936767578125
-0.051025390625 -0.180618286132813 0.0286483764648437 -0.0967941284179688
-0.154861450195313 -0.080810546875 -0.074371337890625 -0.292999267578125
-0.163589477539063 0.0798187255859375 -0.25067138671875 -0.246551513671875
-0.03558349609375 0.156219482421875 -0.31201171875 -0.095947265625
0.0761871337890625 0.109107971191406 -0.246749877929688 0.0392608642578125
0.130058288574219 0.0213470458984375 -0.1461181640625 0.108169555664062
0.110176086425781 -0.0288848876953125 -0.0624313354492187 0.0880966186523438
0.109237670898437 -0.0192947387695312 -0.0494194030761719 0.0206947326660156
0.134613037109375 -0.0118255615234375 -0.03704833984375 -0.0705490112304688
0.136138916015625 0.0507583618164063 0.0450286865234375 -0.14752197265625
0.0696487426757813 0.13812255859375 0.139419555664063 -0.170639038085938
-0.0516357421875 0.151641845703125 0.276702880859375 -0.0618896484375
-0.18115234375 0.00173950195312497 0.331634521484375 0.1865234375
-0.113945007324219 -0.125160217285156 0.154022216796875 0.279617309570313
0.00740051269531249 -0.161849975585938 0.0025787353515625 0.0404434204101562
-0.0579299926757812 -0.139350891113281 0.0152740478515625 -0.126358032226563
-0.122917175292969 -0.0422897338867188 -0.0887145996093751 -0.292816162109375
-0.109657287597656 0.0743560791015625 -0.255233764648438 -0.2401123046875
-0.010894775390625 0.112281799316406 -0.325897216796875 -0.09808349609375
0.0646247863769531 0.0666847229003906 -0.268966674804688 0.0457153320312501
0.0950241088867188 0.0024566650390625 -0.173202514648438 0.126983642578125
0.076263427734375 -0.0270004272460937 -0.0892105102539063 0.116096496582031
0.079864501953125 -0.0192947387695313 -0.0761337280273437 0.0456314086914063
0.105072021484375 0.00628662109375 -0.0900039672851562 -0.0586013793945313
0.089019775390625 0.0611801147460938 -0.004547119140625 -0.149932861328125
0.0183334350585937 0.109184265136719 0.123550415039063 -0.180770874023438
-0.066253662109375 0.0845565795898438 0.273895263671875 -0.052642822265625
-0.117782592773438 -0.0452194213867188 0.298858642578125 0.211151123046875
-0.053955078125 -0.107803344726563 0.114059448242187 0.260482788085937
0.0211410522460937 -0.121002197265625 0.0507431030273437 -0.00919723510742188
-0.042510986328125 -0.0857925415039062 0.0034637451171875 -0.1478271484375
-0.0613517761230469 -0.0206794738769531 -0.106964111328125 -0.290191650390625
-0.0550003051757813 0.0373191833496094 -0.268112182617188 -0.228286743164063
-0.00456619262695312 0.0516548156738281 -0.34356689453125 -0.08343505859375
0.0328960418701172 0.0219001770019531 -0.2818603515625 0.0657958984375
0.0435562133789063 -0.0110206604003906 -0.184005737304687 0.154708862304688
0.0312652587890625 -0.0194625854492187 -0.09808349609375 0.144989013671875
0.0391845703125 -0.0190277099609375 -0.0872802734375 0.0674209594726563
0.0512466430664063 -0.00829315185546875 -0.08917236328125 -0.0500717163085938
0.0446853637695312 0.0196723937988281 -0.0078125 -0.16290283203125
0.0123443603515625 0.0496673583984375 0.142745971679687 -0.204177856445313
-0.0356483459472656 0.0391731262207031 0.325836181640625 -0.068145751953125
-0.0638046264648438 -0.0418319702148437 0.37091064453125 0.241668701171875
-0.0122566223144531 -0.0673942565917969 0.16943359375 0.316009521484375
0.02716064453125 -0.0703964233398438 0.0431938171386719 -0.00407409667968751
0.0181255340576172 -0.0219268798828125 -0.0237293243408203 0.0106410980224609
0.00674247741699219 -0.0255146026611328 -0.12274169921875 -0.315643310546875
-0.0344448089599609 0.00045394897460938 -0.36932373046875 -0.23626708984375
-0.0191764831542969 0.0281848907470703 -0.383087158203125 0.0474243164062499
-0.00207328796386719 0.0278835296630859 -0.1573486328125 0.1920166015625
0.00844001770019531 0.0222034454345703 0.0467071533203125 0.159957885742188
0.0236301422119141 0.0148582458496094 0.132232666015625 0.0352783203125
0.0258827209472656 0.0104904174804688 0.113410949707031 -0.0735397338867188
0.0260009765625 0.0116195678710938 0.125244140625 -0.144760131835938
0.0272750854492188 0.0129718780517578 0.203079223632812 -0.14569091796875
0.0210685729980469 0.0185031890869141 0.264999389648438 -0.09271240234375
0.0139350891113281 0.0306682586669922 0.301544189453125 0.038238525390625
-0.00565338134765625 0.0242595672607422 0.279067993164063 0.214706420898438
-0.000553131103515624 0.0206050872802734 0.188705444335938 0.267501831054688
-0.00026226043701172 0.0114593505859375 0.0632171630859375 0.166259765625
0.035919189453125 -0.0957183837890625 -0.00993251800537109 0.00437355041503906
-0.0135269165039062 -0.0982894897460938 -0.12005615234375 -0.32781982421875
-0.0997467041015625 -0.0266036987304687 -0.367706298828125 -0.24652099609375
-0.06982421875 0.0655403137207031 -0.380096435546875 0.032318115234375
-0.00212860107421875 0.0839080810546875 -0.168594360351563 0.171600341796875
0.0558586120605469 0.05364990234375 0.02484130859375 0.145782470703125
0.0728378295898438 0.0106201171875 0.108924865722656 0.0295181274414062
0.0687255859375 0.00223159790039063 0.088470458984375 -0.0763092041015625
0.075958251953125 -0.0006866455078125 0.09930419921875 -0.154205322265625
0.0838699340820312 0.01336669921875 0.188079833984375 -0.1712646484375
0.06866455078125 0.0552444458007813 0.258651733398438 -0.124801635742187
0.0278549194335937 0.0933074951171875 0.315399169921875 0.015167236328125
-0.0646934509277344 0.0690727233886719 0.3062744140625 0.214813232421875
-0.0774459838867187 0.00396728515624999 0.1895751953125 0.28424072265625
-0.0319671630859375 -0.0493736267089844 0.0311431884765625 0.167343139648437
0.0298614501953125 -0.157455444335938 -0.00446939468383789 -0.00727796554565431
-0.0562286376953125 -0.1461181640625 -0.102264404296875 -0.31494140625
-0.16253662109375 -0.0258636474609375 -0.337982177734375 -0.242828369140625
-0.105278015136719 0.109375 -0.349212646484375 0.00592041015624993
0.00656127929687501 0.133255004882813 -0.170791625976562 0.128814697265625
0.100807189941406 0.0786361694335937 -0.00483703613281249 0.120658874511719
0.117019653320312 0.00664520263671875 0.0747833251953125 0.031158447265625
0.108512878417969 -0.00319671630859375 0.064178466796875 -0.0596122741699219
0.121498107910156 -0.0101089477539062 0.0745010375976563 -0.135360717773438
0.134666442871094 0.0197372436523438 0.162612915039063 -0.163894653320313
0.106071472167969 0.094696044921875 0.228485107421875 -0.129974365234375
0.0310821533203125 0.150588989257813 0.2989501953125 -0.00305175781249999
-0.122703552246094 0.101028442382813 0.31011962890625 0.1947021484375
-0.1439208984375 -0.0167236328125 0.187255859375 0.280838012695313
-0.0576019287109375 -0.106086730957031 0.027313232421875 0.152084350585937
0.00135803222656251 -0.196548461914063 0.0264930725097656 -0.0369834899902344
-0.115615844726563 -0.1524658203125 -0.089813232421875 -0.30950927734375
-0.203155517578125 0.01153564453125 -0.3035888671875 -0.238189697265625
-0.100341796875 0.156936645507812 -0.324432373046875 -0.02777099609375
0.0391082763671875 0.154342651367188 -0.190872192382812 0.0913543701171875
0.1357421875 0.0680160522460938 -0.0522613525390625 0.106330871582031
0.133865356445313 -0.0118789672851563 0.0251274108886719 0.0412406921386719
0.124900817871094 -0.0160980224609375 0.0223960876464844 -0.0382499694824219
0.14703369140625 -0.0204010009765625 0.037322998046875 -0.116386413574219
0.16326904296875 0.023956298828125 0.126022338867188 -0.162765502929688
0.124046325683594 0.123382568359375 0.198165893554688 -0.145370483398438
0.0203094482421875 0.185989379882813 0.2918701171875 -0.024810791015625
-0.169784545898438 0.104522705078125 0.319671630859375 0.1878662109375
-0.177001953125 -0.0506439208984375 0.175567626953125 0.286285400390625
-0.055908203125 -0.15020751953125 0.0025482177734375 0.122055053710937
-0.036285400390625 -0.204391479492188 -0.00032043457031251 -0.0697555541992188
-0.15631103515625 -0.129150390625 -0.0899658203125 -0.28521728515625
-0.210494995117188 0.0453338623046875 -0.25823974609375 -0.228973388671875
-0.088226318359375 0.176300048828125 -0.29193115234375 -0.06500244140625
0.0555877685546875 0.1595458984375 -0.20477294921875 0.0475616455078125
0.152725219726563 0.0680084228515625 -0.0981063842773437 0.0877456665039063
0.147933959960938 -0.0112762451171875 -0.0258636474609375 0.054351806640625
0.140243530273437 -0.010101318359375 -0.0192070007324219 -0.00811386108398438
0.164932250976563 -0.00958251953125 -0.00532531738281249 -0.0839080810546875
0.171035766601563 0.053955078125 0.076324462890625 -0.142730712890625
0.10357666015625 0.157791137695313 0.151458740234375 -0.149261474609375
-0.0264892578125 0.193145751953125 0.264923095703125 -0.0433197021484375
-0.202850341796875 0.060699462890625 0.313018798828125 0.173431396484375
-0.173507690429687 -0.0966796875 0.160858154296875 0.270248413085938
-0.0421295166015625 -0.174560546875 0.0188827514648438 0.0787582397460937
-0.0631103515625 -0.183547973632813 0.0269241333007813 -0.102996826171875
-0.163909912109375 -0.0756378173828125 -0.08709716796875 -0.303497314453125
-0.16595458984375 0.090606689453125 -0.26959228515625 -0.248336791992188
-0.0285491943359375 0.165191650390625 -0.328155517578125 -0.0877075195312501
0.0850601196289062 0.110847473144531 -0.25506591796875 0.052093505859375
0.136940002441406 0.016571044921875 -0.14556884765625 0.119354248046875
0.112960815429688 -0.03387451171875 -0.0602951049804687 0.0934295654296875
0.112075805664063 -0.0266571044921875 -0.0485877990722656 0.0222625732421875
0.139732360839844 -0.020843505859375 -0.0417022705078125 -0.070648193359375
0.144638061523438 0.04473876953125 0.0386810302734375 -0.155746459960938
0.0798263549804688 0.139274597167969 0.136337280273438 -0.181671142578125
-0.0460052490234375 0.159881591796875 0.284271240234375 -0.072998046875
-0.187973022460938 0.0126495361328125 0.35223388671875 0.18121337890625
-0.123870849609375 -0.123313903808594 0.1695556640625 0.28515625
-0.000167846679687513 -0.169692993164062 0.00213623046875 0.0420951843261719
-0.0682830810546875 -0.140853881835938 0.0107879638671875 -0.134071350097656
-0.128753662109375 -0.037353515625 -0.103851318359375 -0.303314208984375
-0.110145568847656 0.0815582275390625 -0.275238037109375 -0.242141723632812
-0.00550079345703124 0.1180419921875 -0.344268798828125 -0.0885009765625
0.0704727172851563 0.0666885375976563 -0.277389526367188 0.0595855712890625
0.0993576049804687 -0.00214385986328125 -0.17291259765625 0.14111328125
0.0784149169921875 -0.030670166015625 -0.0866928100585938 0.123458862304687
0.0815505981445313 -0.0245590209960938 -0.0748748779296875 0.05023193359375
0.110786437988281 -0.0003814697265625 -0.0952224731445313 -0.0540847778320312
0.0973129272460938 0.0575790405273438 -0.0123138427734375 -0.154281616210938
0.0269241333007813 0.113380432128906 0.119583129882813 -0.189849853515625
-0.0638046264648438 0.0922317504882813 0.282470703125 -0.061492919921875
-0.12542724609375 -0.0401535034179687 0.31787109375 0.2117919921875
-0.0610580444335938 -0.107765197753906 0.124984741210937 0.269332885742188
0.0155563354492188 -0.127685546875 0.0475273132324219 -0.0120735168457031
-0.0486907958984375 -0.08538818359375 -0.00370788574218751 -0.15576171875
-0.0646247863769531 -0.01934814453125 -0.1239013671875 -0.30029296875
-0.0548744201660156 0.0408706665039062 -0.287384033203125 -0.2286376953125
-0.00154495239257812 0.054229736328125 -0.361297607421875 -0.0725402832031251
0.0352668762207031 0.0219154357910156 -0.290496826171875 0.0812988281249999
0.0454902648925781 -0.0127182006835938 -0.182373046875 0.170074462890625
0.0314731597900391 -0.0211372375488281 -0.0932769775390625 0.1533203125
0.0390396118164063 -0.0223808288574219 -0.0849456787109375 0.07366943359375
0.0527534484863281 -0.0127105712890625 -0.0936965942382813 -0.0465927124023438
0.0480613708496094 0.0183944702148437 -0.0167388916015625 -0.1671142578125
0.0154457092285156 0.0510330200195312 0.138336181640625 -0.2159423828125
-0.0338478088378906 0.0425567626953125 0.33477783203125 -0.08349609375
-0.0681266784667969 -0.0391502380371094 0.3955078125 0.23626708984375
-0.01544189453125 -0.069488525390625 0.187774658203125 0.320953369140625
0.0261611938476562 -0.0755386352539063 0.042144775390625 -0.00675582885742188
0.0171546936035156 -0.0223121643066406 -0.0197181701660156 0.0120334625244141
0.00367164611816406 -0.0258235931396484 -0.1402587890625 -0.315521240234375
-0.0357398986816406 0.00178527832031249 -0.385040283203125 -0.22357177734375
-0.0193290710449219 0.029571533203125 -0.3856201171875 0.068695068359375
-0.000339508056640625 0.0290279388427734 -0.148788452148438 0.202911376953125
0.0108013153076172 0.0231723785400391 0.0556488037109375 0.157257080078125
0.0258769989013672 0.0142898559570313 0.13623046875 0.0237884521484375
0.0264739990234375 0.00915145874023437 0.110336303710937 -0.0837783813476562
0.0274868011474609 0.00956344604492188 0.117996215820313 -0.155319213867188
0.0299320220947266 0.0119838714599609 0.197036743164063 -0.161666870117188
0.0224094390869141 0.0180435180664063 0.26385498046875 -0.109786987304688
0.0165233612060547 0.0306396484375 0.30975341796875 0.02362060546875
-0.00337791442871094 0.0253562927246094 0.2962646484375 0.20416259765625
0.00080680847167969 0.0213146209716797 0.207656860351563 0.260971069335938
-0.000801086425781251 0.0119304656982422 0.0788421630859375 0.16668701171875
0.0301895141601563 -0.0985336303710938 -0.0061955451965332 0.00380992889404296
-0.0195236206054688 -0.0976715087890625 -0.13848876953125 -0.329193115234375
-0.103607177734375 -0.0202560424804687 -0.38861083984375 -0.23248291015625
-0.066986083984375 0.071380615234375 -0.384124755859375 0.054046630859375
0.0039215087890625 0.0871124267578125 -0.161697387695312 0.1832275390625
0.0606689453125 0.0518531799316406 0.0329742431640625 0.145156860351563
0.075775146484375 0.005950927734375 0.110916137695312 0.0189743041992187
0.0689773559570313 -0.002593994140625 0.0839614868164063 -0.0833816528320313
0.0772476196289062 -0.00595855712890625 0.08984375 -0.162094116210938
0.0866241455078125 0.00811004638671875 0.17730712890625 -0.186248779296875
0.07281494140625 0.051422119140625 0.25396728515625 -0.142059326171875
0.0348587036132813 0.0931549072265625 0.32305908203125 -0.00241088867187499
-0.060699462890625 0.0750656127929688 0.32421875 0.200714111328125
-0.079559326171875 0.00927734375000001 0.209075927734375 0.278793334960938
-0.037750244140625 -0.0493431091308594 0.0449981689453125 0.169631958007813
0.018829345703125 -0.1600341796875 -0.00311851501464844 -0.00712728500366212
-0.0673065185546875 -0.144561767578125 -0.120849609375 -0.31658935546875
-0.167877197265625 -0.015594482421875 -0.357147216796875 -0.2301025390625
-0.0995407104492188 0.118011474609375 -0.354156494140625 0.02691650390625
0.0165176391601563 0.136756896972656 -0.166458129882813 0.140762329101563
0.110649108886719 0.0743026733398438 0.000976562500000019 0.121665954589844
0.120101928710937 -0.00042724609375 0.0782546997070313 0.0235671997070313
0.110313415527344 -0.0111007690429688 0.0607986450195313 -0.0656700134277344
0.123291015625 -0.0198516845703125 0.066680908203125 -0.142120361328125
0.138427734375 0.011199951171875 0.152603149414063 -0.178466796875
0.115966796875 0.090118408203125 0.223037719726563 -0.145004272460938
0.042816162109375 0.152023315429688 0.305755615234375 -0.019256591796875
-0.118423461914063 0.111961364746094 0.325408935546875 0.18170166015625
-0.149307250976563 -0.00659179687500001 0.208938598632813 0.2752685546875
-0.0669937133789062 -0.105209350585938 0.0386810302734375 0.154373168945313
-0.0132598876953125 -0.19781494140625 0.0270614624023437 -0.0396308898925781
-0.12811279296875 -0.146347045898438 -0.1075439453125 -0.311614990234375
-0.20703125 0.0259857177734375 -0.321990966796875 -0.228759765625
-0.0919647216796875 0.166946411132812 -0.331207275390625 -0.0103759765625
0.05145263671875 0.155899047851563 -0.188888549804688 0.1036376953125
0.145339965820313 0.0610504150390625 -0.0461578369140625 0.111167907714844
0.136672973632813 -0.021209716796875 0.0283699035644531 0.0384979248046875
0.125770568847656 -0.0257644653320313 0.020751953125 -0.0419654846191406
0.14825439453125 -0.032318115234375 0.030609130859375 -0.119850158691406
0.16864013671875 0.01300048828125 0.115921020507813 -0.17425537109375
0.135223388671875 0.116989135742188 0.191513061523438 -0.159439086914063
0.033935546875 0.188308715820313 0.297210693359375 -0.0401611328125
-0.165756225585937 0.11883544921875 0.3377685546875 0.17474365234375
-0.184005737304688 -0.0388641357421875 0.195343017578125 0.281494140625
-0.067291259765625 -0.150009155273438 0.0103683471679687 0.124771118164063
-0.051910400390625 -0.204177856445312 -0.00228118896484376 -0.0707855224609375
-0.1695556640625 -0.119232177734375 -0.105621337890625 -0.287078857421875
-0.2117919921875 0.0607757568359375 -0.275588989257813 -0.22137451171875
-0.07843017578125 0.187255859375 -0.300689697265625 -0.051666259765625
0.068878173828125 0.160430908203125 -0.207305908203125 0.0598297119140625
0.164093017578125 0.0595550537109375 -0.0938949584960938 0.0965118408203125
0.151702880859375 -0.0200958251953125 -0.0234832763671875 0.0556526184082031
0.142181396484375 -0.0204315185546875 -0.0204391479492187 -0.00776863098144532
0.168304443359375 -0.0246429443359375 -0.0107955932617187 -0.0840072631835938
0.179458618164063 0.0416259765625 0.06658935546875 -0.151214599609375
0.118408203125 0.153839111328125 0.143966674804688 -0.159194946289063
-0.011871337890625 0.199752807617188 0.2677001953125 -0.057464599609375
-0.202163696289063 0.0777740478515625 0.32861328125 0.16046142578125
-0.183578491210938 -0.084716796875 0.177764892578125 0.267410278320313
-0.0558929443359375 -0.175521850585938 0.0230712890625 0.0799942016601562
-0.0763092041015625 -0.180282592773438 0.0234832763671875 -0.108139038085938
-0.172836303710938 -0.065521240234375 -0.106048583984375 -0.305267333984375
-0.163070678710938 0.102767944335938 -0.288848876953125 -0.2392578125
-0.0164794921875 0.17120361328125 -0.339630126953125 -0.069976806640625
0.0942535400390625 0.106971740722656 -0.25750732421875 0.0690307617187499
0.142684936523438 0.0066986083984375 -0.139518737792969 0.131538391113281
0.112503051757813 -0.0424880981445313 -0.0538864135742188 0.0979995727539063
0.112716674804688 -0.0354080200195313 -0.0463218688964844 0.0263519287109375
0.140655517578125 -0.032745361328125 -0.0452537536621094 -0.0669898986816406
0.1510009765625 0.0344696044921875 0.0273590087890625 -0.160064697265625
0.0910720825195313 0.136245727539063 0.125808715820313 -0.193130493164063
-0.0347900390625 0.166152954101563 0.2861328125 -0.089263916015625
-0.190399169921875 0.027679443359375 0.367401123046875 0.163482666015625
-0.134101867675781 -0.116500854492188 0.189544677734375 0.281036376953125
-0.0115814208984375 -0.17498779296875 0.00228500366210938 0.043487548828125
-0.0793533325195313 -0.137664794921875 0.0043487548828125 -0.1392822265625
-0.133369445800781 -0.029083251953125 -0.122772216796875 -0.3043212890625
-0.106491088867187 0.0904083251953125 -0.294769287109375 -0.233306884765625
0.00293731689453124 0.12176513671875 -0.356719970703125 -0.0689697265625001
0.0770416259765625 0.0637054443359375 -0.279037475585937 0.0801544189453125
0.102622985839844 -0.00803375244140625 -0.165740966796875 0.155181884765625
0.078460693359375 -0.0356597900390625 -0.0782012939453125 0.131019592285156
0.0815277099609375 -0.0317001342773438 -0.0719070434570313 0.0560379028320312
0.113746643066406 -0.0100326538085938 -0.0995330810546875 -0.046722412109375
0.107505798339844 0.050689697265625 -0.0234222412109375 -0.15350341796875
0.03704833984375 0.114692687988281 0.110595703125 -0.197555541992188
-0.057952880859375 0.09832763671875 0.283905029296875 -0.076171875
-0.129631042480469 -0.0288925170898438 0.334930419921875 0.201446533203125
-0.0697021484375 -0.103897094726563 0.139572143554687 0.27093505859375
0.00699615478515626 -0.132926940917969 0.0436859130859375 -0.0141754150390625
-0.0559539794921875 -0.0818710327148438 -0.0132598876953125 -0.160690307617188
-0.0660438537597656 -0.0155372619628906 -0.14520263671875 -0.30047607421875
-0.0533370971679688 0.0458450317382812 -0.30694580078125 -0.218109130859375
0.00302886962890625 0.0553665161132813 -0.37420654296875 -0.05328369140625
0.0376625061035156 0.0205001831054688 -0.29058837890625 0.10186767578125
0.0468215942382813 -0.0154342651367188 -0.173568725585937 0.185546875
0.0322418212890625 -0.0237922668457031 -0.0833587646484375 0.161148071289063
0.037841796875 -0.026519775390625 -0.07891845703125 0.0789642333984375
0.0534934997558594 -0.0173606872558594 -0.0984725952148438 -0.0396270751953125
0.0517196655273438 0.0149955749511719 -0.0287322998046875 -0.168045043945313
0.0194511413574219 0.05126953125 0.126129150390625 -0.22552490234375
-0.03179931640625 0.0446624755859375 0.335693359375 -0.1025390625
-0.071380615234375 -0.0335464477539063 0.4150390625 0.21820068359375
-0.0192451477050781 -0.0700111389160156 0.209197998046875 0.315643310546875
0.0214462280273438 -0.0788955688476563 0.0390472412109375 -0.00881195068359375
0.0168247222900391 -0.0217113494873047 -0.0141143798828125 0.012049674987793
0.00168991088867187 -0.0233001708984375 -0.150665283203125 -0.309783935546875
-0.0345935821533203 0.00462150573730468 -0.392730712890625 -0.206451416015625
-0.017852783203125 0.0288562774658203 -0.378021240234375 0.0887756347656249
0.000268936157226559 0.03155517578125 -0.137710571289063 0.208877563476563
0.0136241912841797 0.0247592926025391 0.0625152587890625 0.149688720703125
0.0276412963867188 0.0146598815917969 0.136581420898438 0.012542724609375
0.0248355865478516 0.00688743591308594 0.103096008300781 -0.0892715454101563
0.0274105072021484 0.00706863403320313 0.106460571289063 -0.161270141601563
0.0292930603027344 0.00969505310058594 0.185317993164062 -0.17236328125
0.0227642059326172 0.0170307159423828 0.257858276367188 -0.122848510742188
0.0189380645751953 0.0289688110351563 0.310516357421875 0.00885009765625
-0.000881195068359374 0.0244369506835938 0.303619384765625 0.188232421875
4.38690185546897E-05 0.0215644836425781 0.22088623046875 0.25091552734375
-0.00261020660400391 0.0126686096191406 0.090545654296875 0.163375854492188
0.0242996215820313 -0.0981521606445313 -0.00348567962646484 0.00505638122558593
-0.0259552001953125 -0.0948486328125 -0.1522216796875 -0.32244873046875
-0.107177734375 -0.0133895874023437 -0.397003173828125 -0.21484375
-0.0640792846679687 0.0741424560546875 -0.378021240234375 0.07275390625
0.00993347167968749 0.0875930786132813 -0.14984130859375 0.190963745117188
0.0646400451660156 0.0490226745605469 0.0396575927734375 0.140960693359375
0.0773162841796875 0.0021209716796875 0.111251831054688 0.0107574462890625
0.0682296752929688 -0.0061187744140625 0.0771713256835937 -0.0875625610351563
0.0776596069335938 -0.0109939575195313 0.07965087890625 -0.166030883789063
0.086578369140625 0.00226593017578125 0.164291381835938 -0.197052001953125
0.075592041015625 0.0471725463867188 0.2440185546875 -0.1546630859375
0.040130615234375 0.093597412109375 0.322021484375 -0.016021728515625
-0.0566482543945312 0.0803146362304688 0.330963134765625 0.18438720703125
-0.0790634155273438 0.0146713256835937 0.225250244140625 0.269073486328125
-0.0391464233398437 -0.0473556518554688 0.0550537109375 0.16937255859375
0.00590515136718749 -0.156997680664063 -0.00339460372924805 -0.00514268875122071
-0.0757293701171875 -0.137611389160156 -0.134674072265625 -0.30902099609375
-0.169235229492187 -0.00453186035156252 -0.366180419921875 -0.212310791015625
-0.0944137573242187 0.123443603515625 -0.34967041015625 0.0415039062500001
0.026885986328125 0.134109497070312 -0.158126831054688 0.145919799804688
0.1162109375 0.0660934448242188 0.00758361816406251 0.121810913085938
0.122032165527344 -0.007568359375 0.0759658813476563 0.0183486938476562
0.108688354492188 -0.0182952880859375 0.0554580688476563 -0.0696868896484375
0.124595642089844 -0.0292892456054687 0.0583038330078125 -0.142166137695313
0.140182495117188 0.000152587890625 0.14093017578125 -0.185531616210938
0.122177124023438 0.0830764770507813 0.21441650390625 -0.1561279296875
0.05169677734375 0.148956298828125 0.3050537109375 -0.032623291015625
-0.111915588378906 0.121627807617188 0.334136962890625 0.16436767578125
-0.1512451171875 0.00221252441406248 0.219650268554688 0.265045166015625
-0.07586669921875 -0.100746154785156 0.0482635498046875 0.1533203125
-0.025054931640625 -0.193374633789063 0.0279769897460938 -0.0416984558105469
-0.137222290039063 -0.134956359863281 -0.12164306640625 -0.30517578125
-0.205718994140625 0.038970947265625 -0.330902099609375 -0.212860107421875
-0.0826568603515625 0.172210693359375 -0.328521728515625 0.00637817382812503
0.061614990234375 0.15325927734375 -0.182144165039062 0.111679077148438
0.148468017578125 0.0496673583984375 -0.0392684936523437 0.110633850097656
0.136154174804688 -0.02789306640625 0.0316314697265625 0.0337562561035156
0.123382568359375 -0.0341567993164063 0.0181350708007813 -0.0424003601074219
0.146697998046875 -0.0440826416015625 0.0226593017578125 -0.118301391601563
0.168914794921875 0.00079345703125 0.103790283203125 -0.179534912109375
0.142623901367188 0.11016845703125 0.181396484375 -0.167892456054688
0.04461669921875 0.185546875 0.2952880859375 -0.054595947265625
-0.157196044921875 0.128616333007812 0.3463134765625 0.156402587890625
-0.185592651367188 -0.0272979736328125 0.209762573242187 0.2716064453125
-0.077880859375 -0.147689819335938 0.016876220703125 0.125167846679687
-0.0648345947265625 -0.194976806640625 -0.00463104248046875 -0.0719146728515625
-0.175155639648438 -0.106582641601562 -0.119644165039063 -0.279388427734375
-0.208786010742188 0.072845458984375 -0.28228759765625 -0.209136962890625
-0.064788818359375 0.195449829101563 -0.302734375 -0.035980224609375
0.0800933837890625 0.158859252929688 -0.204345703125 0.0684051513671875
0.167526245117188 0.0487060546875 -0.087799072265625 0.0987777709960938
0.151824951171875 -0.03253173828125 -0.0193519592285156 0.0562896728515625
0.139190673828125 -0.0308990478515625 -0.0214328765869141 -0.00760650634765625
0.168807983398438 -0.034210205078125 -0.0166473388671875 -0.0814971923828125
0.183181762695313 0.029266357421875 0.0578765869140625 -0.15179443359375
0.12725830078125 0.14752197265625 0.135787963867188 -0.166015625
0.000610351562500019 0.202972412109375 0.26641845703125 -0.069854736328125
-0.197723388671875 0.0923309326171875 0.33465576171875 0.1455078125
-0.189544677734375 -0.0720977783203125 0.189117431640625 0.258346557617188
-0.0674285888671875 -0.172470092773438 0.0262451171875 0.0801010131835937
-0.0879974365234375 -0.17449951171875 0.018646240234375 -0.111793518066406
-0.175262451171875 -0.0515899658203125 -0.12176513671875 -0.2982177734375
-0.1553955078125 0.112319946289062 -0.29681396484375 -0.22589111328125
-0.00708007812499999 0.170120239257813 -0.343719482421875 -0.05242919921875
0.103462219238281 0.104682922363281 -0.250030517578125 0.0853424072265625
0.144973754882813 -0.000640869140625 -0.128448486328125 0.136497497558594
0.112258911132813 -0.0482406616210938 -0.0490341186523437 0.0973129272460938
0.110687255859375 -0.0432815551757813 -0.0457611083984375 0.0270957946777344
0.13800048828125 -0.0417098999023438 -0.0494270324707031 -0.0633621215820313
0.154998779296875 0.02447509765625 0.0161285400390625 -0.160400390625
0.101608276367188 0.129745483398438 0.115554809570312 -0.195846557617188
-0.0238037109375 0.166229248046875 0.280502319335938 -0.102249145507812
-0.186248779296875 0.040557861328125 0.375091552734375 0.14422607421875
-0.138191223144531 -0.105758666992187 0.202529907226563 0.271392822265625
-0.0220184326171875 -0.173446655273438 0.00217437744140625 0.04498291015625
-0.0868301391601562 -0.128044128417969 -0.00538635253906249 -0.139068603515625
-0.134254455566406 -0.0189056396484375 -0.138763427734375 -0.295440673828125
-0.100700378417969 0.0950546264648438 -0.30352783203125 -0.217864990234375
0.00976562499999999 0.119552612304687 -0.3587646484375 -0.0503540039062499
0.0810394287109375 0.0588836669921875 -0.271987915039063 0.0946807861328124
0.104263305664063 -0.0164337158203125 -0.153244018554688 0.16156005859375
0.078369140625 -0.0414352416992188 -0.0701370239257813 0.132049560546875
0.0805435180664063 -0.0356597900390625 -0.0674247741699219 0.0606956481933594
0.114471435546875 -0.0166244506835938 -0.100044250488281 -0.0378036499023437
0.11151123046875 0.0419158935546875 -0.032562255859375 -0.152862548828125
0.0467605590820313 0.11114501953125 0.0998382568359375 -0.198684692382812
-0.0524063110351563 0.102188110351562 0.279586791992188 -0.0831298828125
-0.129264831542969 -0.0189361572265625 0.342376708984375 0.187713623046875
-0.0756149291992188 -0.0969467163085938 0.150421142578125 0.265823364257813
-0.00200653076171876 -0.131141662597656 0.0390396118164063 -0.0155982971191406
-0.0579376220703125 -0.0767593383789063 -0.0225677490234375 -0.161697387695313
-0.0653038024902344 -0.00867080688476562 -0.160797119140625 -0.290771484375
-0.0492286682128906 0.0482254028320312 -0.31634521484375 -0.203216552734375
0.00692367553710938 0.05364990234375 -0.3751220703125 -0.03216552734375
0.0391159057617188 0.0181236267089844 -0.281402587890625 0.118011474609375
0.0456695556640625 -0.0180206298828125 -0.160842895507813 0.19427490234375
0.0316925048828125 -0.0270748138427734 -0.0726470947265625 0.162094116210938
0.0353736877441406 -0.02874755859375 -0.0731964111328125 0.0828704833984375
0.0519790649414063 -0.0216865539550781 -0.0998687744140625 -0.0331649780273438
0.0530166625976562 0.0124168395996094 -0.03936767578125 -0.162124633789063
0.0231552124023438 0.0484085083007813 0.112655639648437 -0.229248046875
-0.0274467468261719 0.0462837219238281 0.3267822265625 -0.117523193359375
-0.0708541870117188 -0.0279998779296875 0.423553466796875 0.193389892578125
-0.0227432250976563 -0.06781005859375 0.223907470703125 0.30322265625
0.0148239135742187 -0.0806121826171875 0.0357017517089844 -0.0118370056152344
0.0151119232177734 -0.0218448638916016 -0.0102310180664062 0.0115022659301758
0.00375556945800781 -0.0231208801269531 -0.156524658203125 -0.30255126953125
-0.0354385375976563 0.00698089599609375 -0.39447021484375 -0.195343017578125
-0.016937255859375 0.0284137725830078 -0.37066650390625 0.09619140625
0.00149917602539062 0.0321502685546875 -0.127670288085937 0.209152221679688
0.0160732269287109 0.0243186950683594 0.06744384765625 0.145370483398438
0.02789306640625 0.0131797790527344 0.133430480957031 0.00510406494140625
0.0251655578613281 0.00642967224121094 0.0965423583984375 -0.0949935913085938
0.0280647277832031 0.00620079040527344 0.0980072021484375 -0.16363525390625
0.0306282043457031 0.00881576538085938 0.17724609375 -0.17633056640625
0.02313232421875 0.0159702301025391 0.250320434570313 -0.129974365234375
0.0196380615234375 0.0281009674072266 0.30816650390625 0.00146484375
-7.43865966796901E-05 0.0252513885498047 0.3050537109375 0.17926025390625
0.000177383422851564 0.0210647583007813 0.226348876953125 0.240936279296875
-0.0016937255859375 0.0133142471313477 0.097869873046875 0.158172607421875
0.0195541381835937 -0.096710205078125 0.000428199768066408 0.00153577327728271
-0.0292205810546875 -0.0908126831054687 -0.159088134765625 -0.314422607421875
-0.106185913085938 -0.00846099853515623 -0.396881103515625 -0.20306396484375
-0.0611572265625 0.0771255493164063 -0.370758056640625 0.0834350585937501
0.0134429931640625 0.0874557495117188 -0.14080810546875 0.192214965820313
0.0691947937011719 0.0454750061035156 0.0456466674804688 0.136383056640625
0.0770950317382813 -6.866455078125E-05 0.108505249023438 0.00537109375
0.0665969848632813 -0.00993728637695313 0.0720596313476562 -0.091064453125
0.0757369995117188 -0.0150680541992187 0.0707244873046875 -0.166091918945313
0.0865554809570313 -0.00180816650390625 0.153091430664062 -0.199386596679687
0.0780792236328125 0.0456695556640625 0.234832763671875 -0.16156005859375
0.0457000732421875 0.0883941650390625 0.320556640625 -0.02655029296875
-0.0531387329101562 0.0826644897460937 0.334869384765625 0.172119140625
-0.0805130004882813 0.0190963745117188 0.231216430664062 0.258544921875
-0.0456962585449219 -0.0443115234375 0.062896728515625 0.164535522460938
0.000793457031250016 -0.156402587890625 0.00100851058959961 -0.00718975067138673
-0.0776748657226562 -0.130805969238281 -0.13958740234375 -0.3035888671875
-0.167434692382813 0.00216674804687498 -0.3685302734375 -0.203155517578125
-0.0882492065429687 0.127960205078125 -0.3414306640625 0.050872802734375
0.0302658081054687 0.135284423828125 -0.150009155273438 0.150360107421875
0.119377136230469 0.0621490478515625 0.0116424560546875 0.116851806640625
0.121673583984375 -0.013214111328125 0.0775222778320313 0.0121917724609375
0.107810974121094 -0.0220565795898438 0.052032470703125 -0.07159423828125
0.120040893554688 -0.0335235595703125 0.0511474609375 -0.142730712890625
0.1390380859375 -0.00620269775390625 0.129119873046875 -0.1883544921875
0.124893188476563 0.078216552734375 0.205535888671875 -0.1611328125
0.0591278076171875 0.147064208984375 0.3011474609375 -0.0411376953125
-0.106620788574219 0.127174377441406 0.33453369140625 0.15325927734375
-0.150726318359375 0.0090789794921875 0.227096557617187 0.256195068359375
-0.0804214477539063 -0.0965042114257813 0.0530853271484375 0.15087890625
-0.031005859375 -0.188507080078125 0.0285797119140625 -0.04376220703125
-0.138572692871094 -0.126945495605469 -0.1282958984375 -0.3001708984375
-0.20184326171875 0.0470733642578125 -0.333587646484375 -0.204315185546875
-0.0737152099609375 0.174270629882813 -0.32598876953125 0.014892578125
0.0693817138671875 0.149810791015625 -0.176925659179688 0.116668701171875
0.151870727539063 0.0429534912109375 -0.0352706909179687 0.111068725585938
0.135025024414063 -0.0348663330078125 0.0294685363769531 0.0314884185791016
0.120475769042969 -0.0378952026367188 0.0154609680175781 -0.042938232421875
0.14288330078125 -0.049957275390625 0.01776123046875 -0.11773681640625
0.166976928710938 -0.0072174072265625 0.0939788818359375 -0.183441162109375
0.147445678710938 0.102676391601563 0.173049926757813 -0.171112060546875
0.054107666015625 0.183441162109375 0.290374755859375 -0.062103271484375
-0.15228271484375 0.136962890625 0.345733642578125 0.144500732421875
-0.186187744140625 -0.0172576904296875 0.21697998046875 0.262619018554688
-0.084930419921875 -0.14178466796875 0.020904541015625 0.125
-0.07073974609375 -0.190048217773438 -0.00539016723632812 -0.0698165893554688
-0.176712036132812 -0.096466064453125 -0.12237548828125 -0.275497436523438
-0.205169677734375 0.0828857421875 -0.287200927734375 -0.203765869140625
-0.05535888671875 0.194900512695313 -0.300933837890625 -0.029083251953125
0.0888214111328125 0.154525756835938 -0.2003173828125 0.07403564453125
0.17254638671875 0.038299560546875 -0.0835342407226562 0.101509094238281
0.150360107421875 -0.0389556884765625 -0.0182151794433594 0.0548210144042969
0.138290405273438 -0.0374755859375 -0.0195713043212891 -0.00717926025390626
0.165206909179687 -0.0454559326171875 -0.01708984375 -0.0790863037109375
0.1827392578125 0.0174102783203125 0.0496368408203125 -0.153717041015625
0.136428833007813 0.141555786132813 0.12628173828125 -0.166030883789063
0.0110626220703125 0.199554443359375 0.26165771484375 -0.0726165771484375
-0.192550659179687 0.099945068359375 0.33416748046875 0.13592529296875
-0.189865112304688 -0.0626220703125 0.194976806640625 0.251007080078125
-0.07672119140625 -0.165771484375 0.0282516479492188 0.0788650512695312
-0.09356689453125 -0.163742065429688 0.0143051147460938 -0.10986328125
-0.1728515625 -0.04620361328125 -0.128875732421875 -0.294403076171875
-0.151382446289063 0.1175537109375 -0.30419921875 -0.217620849609375
0.000793457031250002 0.16943359375 -0.340179443359375 -0.040130615234375
0.107124328613281 0.0970916748046875 -0.246292114257813 0.0921630859375
0.144744873046875 -0.0089111328125 -0.1214599609375 0.140731811523437
0.110870361328125 -0.0534133911132812 -0.0433273315429687 0.097320556640625
0.106498718261719 -0.0464553833007812 -0.0424842834472656 0.0278244018554688
0.13543701171875 -0.0494384765625 -0.0507316589355469 -0.0615348815917969
0.151077270507812 0.015289306640625 0.0094757080078125 -0.160018920898438
0.105964660644531 0.123977661132813 0.105743408203125 -0.195159912109375
-0.01483154296875 0.167098999023438 0.274261474609375 -0.106536865234375
-0.181915283203125 0.0490875244140625 0.3741455078125 0.13385009765625
-0.141998291015625 -0.100311279296875 0.207382202148438 0.263259887695313
-0.030059814453125 -0.171249389648438 0.002471923828125 0.0472488403320312
-0.0906829833984375 -0.123130798339844 -0.00783538818359375 -0.136810302734375
-0.132102966308594 -0.013031005859375 -0.14593505859375 -0.28961181640625
-0.0979766845703125 0.099029541015625 -0.30914306640625 -0.208984375
0.0155258178710938 0.119865417480469 -0.3583984375 -0.0380249023437499
0.0848541259765625 0.0555419921875 -0.264999389648438 0.102005004882813
0.103355407714844 -0.0203399658203125 -0.144683837890625 0.16656494140625
0.0751724243164062 -0.0477371215820313 -0.064178466796875 0.132614135742188
0.0777359008789062 -0.0410537719726563 -0.0630035400390625 0.0604782104492187
0.114295959472656 -0.0241470336914063 -0.101394653320312 -0.0297622680664063
0.113494873046875 0.0357894897460938 -0.036102294921875 -0.144973754882813
0.0522613525390625 0.107803344726562 0.0910186767578125 -0.196746826171875
-0.0437088012695313 0.103515625 0.275070190429688 -0.089996337890625
-0.129791259765625 -0.0125656127929688 0.343658447265625 0.17950439453125
-0.076171875 -0.0911712646484375 0.153427124023438 0.262786865234375
-0.0102310180664063 -0.129554748535156 0.0319843292236328 -0.0136604309082031
-0.0619735717773437 -0.0709304809570312 -0.0290374755859375 -0.159439086914062
-0.0656585693359375 -0.00778961181640626 -0.169891357421875 -0.28564453125
-0.047821044921875 0.0498886108398438 -0.321807861328125 -0.192047119140625
0.0102005004882813 0.0548629760742187 -0.371337890625 -0.0181579589843749
0.041412353515625 0.0173072814941406 -0.274810791015625 0.12884521484375
0.0472564697265625 -0.020416259765625 -0.148406982421875 0.197006225585937
0.0314655303955078 -0.0273265838623047 -0.063995361328125 0.163330078125
0.0338497161865234 -0.0295829772949219 -0.0662460327148438 0.0840988159179688
0.0512428283691406 -0.0258140563964844 -0.0976791381835938 -0.0271759033203125
0.0545120239257813 0.00844573974609375 -0.0446014404296875 -0.157760620117188
0.0242729187011719 0.0464439392089844 0.101211547851563 -0.228012084960937
-0.0255393981933594 0.0469970703125 0.31988525390625 -0.12677001953125
-0.0717544555664063 -0.0242156982421875 0.4239501953125 0.179443359375
-0.0261154174804688 -0.0648117065429688 0.227691650390625 0.293365478515625
0.0120697021484375 -0.0833740234375 0.0319328308105469 -0.00922393798828126
0.0148220062255859 -0.0218238830566406 -0.00800609588623047 0.0116424560546875
0.00378036499023438 -0.0215778350830078 -0.160369873046875 -0.3031005859375
-0.0365486145019531 0.00735092163085938 -0.398834228515625 -0.193145751953125
-0.018524169921875 0.0289096832275391 -0.36688232421875 0.101959228515625
0.00209236145019531 0.0320854187011719 -0.123397827148438 0.210205078125
0.0166950225830078 0.0237979888916016 0.0691680908203125 0.142196655273438
0.0293426513671875 0.0129718780517578 0.131706237792969 -0.000709533691406249
0.025665283203125 0.00699424743652344 0.0938034057617187 -0.0970535278320312
0.0283069610595703 0.00551605224609375 0.0944366455078125 -0.167007446289063
0.0310535430908203 0.00797462463378906 0.172775268554687 -0.18109130859375
0.0233230590820313 0.015960693359375 0.249114990234375 -0.134552001953125
0.0208778381347656 0.0273666381835937 0.311553955078125 -0.00286865234375
0.000762939453124999 0.0257492065429688 0.307525634765625 0.177947998046875
-3.81469726562457E-06 0.0223598480224609 0.230072021484375 0.2393798828125
-0.00210380554199219 0.015355110168457 0.105224609375 0.157546997070313
0.017578125 -0.0960693359375 0.00340914726257324 0.00190305709838867
-0.0292892456054688 -0.089141845703125 -0.162628173828125 -0.312896728515625
-0.106788635253906 -0.0050506591796875 -0.40252685546875 -0.198394775390625
-0.0595932006835938 0.0776138305664062 -0.366455078125 0.089019775390625
0.0152206420898437 0.088165283203125 -0.1370849609375 0.19384765625
0.071563720703125 0.0431365966796875 0.0474929809570313 0.134437561035156
0.0780792236328125 -0.00237274169921875 0.107635498046875 -5.34057617187502E-05
0.0682525634765625 -0.0103340148925781 0.0687026977539063 -0.0928192138671875
0.0763320922851563 -0.0171737670898438 0.06597900390625 -0.168258666992188
0.0870437622070313 -0.003387451171875 0.147689819335938 -0.203277587890625
0.080413818359375 0.0438919067382813 0.232620239257813 -0.16546630859375
0.0482254028320313 0.0881805419921875 0.32122802734375 -0.032257080078125
-0.0514144897460937 0.084747314453125 0.336883544921875 0.168792724609375
-0.08123779296875 0.0217666625976563 0.236740112304688 0.25579833984375
-0.0476493835449219 -0.0419158935546875 0.06695556640625 0.166748046875
-0.00242614746093751 -0.154830932617188 0.00358343124389648 -0.00663900375366212
-0.07977294921875 -0.127838134765625 -0.14373779296875 -0.302978515625
-0.168533325195313 0.00740051269531246 -0.37213134765625 -0.20001220703125
-0.0856552124023437 0.130256652832031 -0.3388671875 0.053680419921875
0.0355911254882813 0.135498046875 -0.148895263671875 0.150665283203125
0.123733520507812 0.0562667846679688 0.014404296875 0.115745544433594
0.123954772949219 -0.0174102783203125 0.075042724609375 0.00759124755859375
0.108047485351563 -0.0257797241210938 0.0496902465820313 -0.074188232421875
0.121284484863281 -0.0387420654296875 0.047454833984375 -0.143829345703125
0.139495849609375 -0.00943756103515625 0.123458862304688 -0.19244384765625
0.128898620605469 0.0750503540039063 0.202133178710938 -0.164016723632813
0.063934326171875 0.146286010742188 0.30340576171875 -0.044891357421875
-0.104621887207031 0.130950927734375 0.337615966796875 0.15008544921875
-0.150604248046875 0.016204833984375 0.233612060546875 0.25323486328125
-0.0848617553710938 -0.09356689453125 0.05792236328125 0.15093994140625
-0.0351104736328125 -0.186904907226563 0.0290336608886719 -0.0456771850585938
-0.140083312988281 -0.122062683105469 -0.131683349609375 -0.2996826171875
-0.201873779296875 0.053314208984375 -0.337890625 -0.202392578125
-0.0699005126953125 0.176345825195313 -0.325408935546875 0.01849365234375
0.0733489990234375 0.148818969726563 -0.174301147460938 0.11944580078125
0.154510498046875 0.037078857421875 -0.0315399169921875 0.110725402832031
0.135284423828125 -0.0390472412109375 0.0300350189208984 0.0292129516601562
0.120590209960937 -0.0417861938476562 0.0136260986328125 -0.0443763732910156
0.142898559570313 -0.0552978515625 0.0151214599609375 -0.118011474609375
0.16778564453125 -0.0119476318359375 0.08685302734375 -0.184341430664063
0.151901245117188 0.0990142822265625 0.168914794921875 -0.173492431640625
0.0601654052734375 0.183090209960938 0.292388916015625 -0.066680908203125
-0.148681640625 0.142654418945312 0.35003662109375 0.141632080078125
-0.188262939453125 -0.0121002197265625 0.221908569335938 0.261703491210938
-0.0899658203125 -0.139686584472656 0.0233383178710938 0.127067565917969
-0.0768280029296875 -0.187850952148438 -0.0041656494140625 -0.0709457397460938
-0.178787231445313 -0.089996337890625 -0.124359130859375 -0.275131225585937
-0.204452514648438 0.0904998779296875 -0.289825439453125 -0.203216552734375
-0.0509185791015625 0.199508666992188 -0.30206298828125 -0.02740478515625
0.09539794921875 0.15252685546875 -0.198944091796875 0.077362060546875
0.177017211914063 0.0309600830078125 -0.0813522338867188 0.101760864257812
0.151336669921875 -0.0465850830078125 -0.0177383422851562 0.0542678833007813
0.138946533203125 -0.042877197265625 -0.0198116302490234 -0.00781822204589844
0.165283203125 -0.0516204833984375 -0.0184555053710937 -0.07757568359375
0.18560791015625 0.0114288330078125 0.044525146484375 -0.155044555664063
0.14312744140625 0.137451171875 0.1239013671875 -0.165771484375
0.016754150390625 0.201751708984375 0.263626098632812 -0.075653076171875
-0.19012451171875 0.108200073242188 0.336883544921875 0.1334228515625
-0.193130493164062 -0.05487060546875 0.198867797851563 0.250869750976563
-0.08343505859375 -0.163284301757813 0.0283432006835937 0.080841064453125
-0.0955657958984375 -0.161972045898438 0.0151596069335937 -0.111923217773438
-0.174163818359375 -0.040313720703125 -0.1326904296875 -0.294219970703125
-0.148574829101562 0.123275756835938 -0.309478759765625 -0.214508056640625
0.00610351562499999 0.171417236328125 -0.342559814453125 -0.035369873046875
0.111122131347656 0.0951080322265625 -0.243743896484375 0.095977783203125
0.14453125 -0.0155487060546875 -0.116546630859375 0.141357421875
0.109687805175781 -0.0583724975585938 -0.0409622192382813 0.09783935546875
0.105659484863281 -0.0513229370117188 -0.0400962829589844 0.0280494689941406
0.134971618652344 -0.0546875 -0.051422119140625 -0.0594825744628906
0.1534423828125 0.00982666015625 0.00386047363281249 -0.1597900390625
0.110443115234375 0.121322631835937 0.100875854492187 -0.19598388671875
-0.010894775390625 0.16668701171875 0.274093627929688 -0.110992431640625
-0.18115234375 0.054412841796875 0.376800537109375 0.128143310546875
-0.145919799804688 -0.09649658203125 0.21136474609375 0.260269165039063
-0.0357208251953125 -0.1695556640625 0.00178146362304687 0.0499343872070313
-0.0924148559570313 -0.119163513183594 -0.009857177734375 -0.139411926269531
-0.131370544433594 -0.0103302001953125 -0.1512451171875 -0.291534423828125
-0.0948410034179687 0.102851867675781 -0.3162841796875 -0.206390380859375
0.0197296142578125 0.120208740234375 -0.35882568359375 -0.0321960449218749
0.088165283203125 0.0549850463867188 -0.26495361328125 0.107925415039062
0.10504150390625 -0.0252227783203125 -0.139785766601562 0.1673583984375
0.0756149291992188 -0.048431396484375 -0.0609130859375 0.133186340332031
0.0765380859375 -0.0431976318359375 -0.0604171752929687 0.0609397888183594
0.115013122558594 -0.0315399169921875 -0.100257873535156 -0.0254974365234375
0.116111755371094 0.0301895141601563 -0.0407867431640625 -0.142196655273438
0.0581817626953125 0.107223510742188 0.0864715576171875 -0.195022583007812
-0.0408859252929688 0.106033325195313 0.276260375976563 -0.0911865234375
-0.129463195800781 -0.00696563720703124 0.346923828125 0.177703857421875
-0.0803298950195313 -0.0880355834960938 0.154495239257812 0.265228271484375
-0.0149459838867188 -0.128860473632813 0.0266075134277344 -0.0120697021484375
-0.0627937316894531 -0.0682029724121093 -0.0321044921875 -0.15972900390625
-0.0637016296386719 -0.005218505859375 -0.175384521484375 -0.28497314453125
-0.0465278625488281 0.0507850646972656 -0.327178955078125 -0.189239501953125
0.0107383728027344 0.0548667907714844 -0.37371826171875 -0.011810302734375
0.0436363220214844 0.0171432495117187 -0.272308349609375 0.133819580078125
0.048309326171875 -0.0245437622070313 -0.142822265625 0.19873046875
0.0314579010009766 -0.0300369262695313 -0.059844970703125 0.164352416992187
0.0338935852050781 -0.0314388275146484 -0.0641860961914063 0.0857925415039062
0.051239013671875 -0.0282325744628906 -0.0976104736328125 -0.0244598388671875
0.0548057556152344 0.00637435913085938 -0.0497589111328125 -0.15472412109375
0.0266647338867188 0.0465469360351563 0.0959930419921875 -0.228729248046875
-0.0238265991210938 0.0467948913574219 0.31829833984375 -0.130767822265625
-0.0710067749023438 -0.0201568603515625 0.427398681640625 0.1751708984375
-0.0264739990234375 -0.0637283325195312 0.232452392578125 0.290740966796875
0.00869750976562501 -0.082183837890625 0.0279903411865234 -0.00664901733398438
0.0148715972900391 -0.0230083465576172 -0.00363636016845703 0.0112152099609375
0.0049591064453125 -0.0218639373779297 -0.16741943359375 -0.307037353515625
-0.0368728637695313 0.00911331176757812 -0.4124755859375 -0.191192626953125
-0.0192756652832031 0.0303211212158203 -0.37103271484375 0.109466552734375
0.00291061401367187 0.0333690643310547 -0.120376586914062 0.215347290039063
0.0182723999023438 0.0246295928955078 0.073516845703125 0.1412353515625
0.0314006805419922 0.0120277404785156 0.132286071777344 -0.00614166259765625
0.0264377593994141 0.00679206848144531 0.0913162231445313 -0.102035522460938
0.0282249450683594 0.00525474548339844 0.0905303955078125 -0.173492431640625
0.0314769744873047 0.00703048706054688 0.170928955078125 -0.188858032226562
0.0241928100585938 0.0157356262207031 0.252120971679688 -0.142822265625
0.0218963623046875 0.0273685455322266 0.318267822265625 -0.00604248046875
0.00115013122558594 0.0259571075439453 0.316009521484375 0.178192138671875
0.000347137451171876 0.0240917205810547 0.239822387695313 0.240982055664062
-0.00286293029785156 0.0167999267578125 0.113540649414063 0.1591796875
0.0152359008789063 -0.0978546142578125 0.00642919540405274 0.00151968002319335
-0.0304946899414063 -0.0891799926757813 -0.170440673828125 -0.31829833984375
-0.109130859375 -0.00225830078124999 -0.4161376953125 -0.1971435546875
-0.0599136352539062 0.0816879272460938 -0.372100830078125 0.0968933105468751
0.0186843872070313 0.089202880859375 -0.135177612304688 0.198715209960938
0.0742263793945312 0.0416030883789062 0.051513671875 0.133567810058594
0.0809783935546875 -0.00536346435546875 0.108245849609375 -0.005157470703125
0.0687675476074219 -0.0124015808105469 0.066680908203125 -0.0973434448242188
0.077301025390625 -0.020721435546875 0.0621185302734375 -0.172653198242188
0.0891189575195312 -0.00652313232421875 0.1429443359375 -0.210189819335937
0.083831787109375 0.043060302734375 0.233795166015625 -0.173629760742188
0.0526351928710938 0.0894927978515625 0.328125 -0.0380859375
-0.0509872436523437 0.0889511108398438 0.347625732421875 0.16729736328125
-0.0831527709960938 0.0263519287109375 0.246826171875 0.257797241210938
-0.0507774353027344 -0.041259765625 0.072906494140625 0.170394897460938
-0.00732421875 -0.156845092773438 0.00580120086669922 -0.00674486160278321
-0.0836639404296875 -0.127532958984375 -0.14984130859375 -0.30804443359375
-0.172149658203125 0.013214111328125 -0.3861083984375 -0.19757080078125
-0.0843505859375 0.136665344238281 -0.34649658203125 0.0616455078125
0.041778564453125 0.13775634765625 -0.147796630859375 0.1552734375
0.128448486328125 0.0517654418945312 0.0170135498046875 0.115852355957031
0.126388549804688 -0.022796630859375 0.0760269165039063 0.00402069091796875
0.109886169433594 -0.030487060546875 0.0469207763671875 -0.0775375366210937
0.122444152832031 -0.04486083984375 0.043731689453125 -0.148284912109375
0.142440795898438 -0.0152435302734375 0.118545532226563 -0.1988525390625
0.135520935058594 0.0735702514648438 0.202423095703125 -0.170974731445313
0.070709228515625 0.148406982421875 0.310821533203125 -0.051605224609375
-0.102668762207031 0.138427734375 0.348114013671875 0.1495361328125
-0.155288696289062 0.0224456787109375 0.243667602539063 0.25579833984375
-0.0911483764648438 -0.0924224853515625 0.063201904296875 0.154693603515625
-0.0404052734375 -0.189346313476563 0.0315704345703125 -0.0474586486816406
-0.144485473632813 -0.120162963867188 -0.138214111328125 -0.305450439453125
-0.205551147460938 0.061492919921875 -0.350616455078125 -0.201812744140625
-0.065521240234375 0.183303833007813 -0.33154296875 0.0247192382812501
0.0805206298828125 0.149765014648437 -0.175827026367187 0.12420654296875
0.159942626953125 0.0316925048828125 -0.0297393798828125 0.112724304199219
0.138160705566406 -0.0458297729492188 0.0305004119873047 0.0278129577636719
0.121490478515625 -0.0475845336914063 0.0125274658203125 -0.0459403991699219
0.14471435546875 -0.062255859375 0.0119857788085938 -0.12030029296875
0.170669555664063 -0.01800537109375 0.0809173583984375 -0.189300537109375
0.159713745117188 0.0965423583984375 0.16748046875 -0.179336547851563
0.066741943359375 0.185653686523438 0.298431396484375 -0.0731201171875
-0.148513793945313 0.151870727539063 0.359100341796875 0.13885498046875
-0.193679809570313 -0.00611877441406248 0.23193359375 0.263504028320313
-0.0971145629882813 -0.139205932617188 0.0265045166015625 0.131813049316406
-0.08294677734375 -0.188858032226563 -0.00355529785156251 -0.072113037109375
-0.183944702148438 -0.0853271484375 -0.130523681640625 -0.27996826171875
-0.207794189453125 0.099517822265625 -0.301239013671875 -0.20574951171875
-0.0451202392578125 0.207199096679688 -0.310302734375 -0.024932861328125
0.104690551757813 0.153274536132813 -0.202651977539063 0.0814208984375
0.18292236328125 0.0228729248046875 -0.0807037353515625 0.104866027832031
0.154754638671875 -0.05523681640625 -0.0178718566894531 0.0548439025878906
0.141647338867188 -0.0513153076171875 -0.0207977294921875 -0.00721359252929688
0.168289184570313 -0.06146240234375 -0.02008056640625 -0.078521728515625
0.189834594726562 0.004302978515625 0.039825439453125 -0.158279418945313
0.152999877929688 0.13531494140625 0.1229248046875 -0.170486450195313
0.0251312255859375 0.206497192382813 0.269302368164062 -0.0805206298828125
-0.191009521484375 0.11871337890625 0.34613037109375 0.13116455078125
-0.199981689453125 -0.048431396484375 0.2078857421875 0.25482177734375
-0.091278076171875 -0.163818359375 0.0300216674804687 0.0843429565429687
-0.101364135742187 -0.162124633789062 0.0149307250976563 -0.115463256835938
-0.176681518554687 -0.03582763671875 -0.140228271484375 -0.299102783203125
-0.149520874023437 0.130783081054688 -0.321929931640625 -0.21417236328125
0.0115966796875 0.175872802734375 -0.351409912109375 -0.0294189453125
0.117424011230469 0.0936050415039063 -0.24761962890625 0.103240966796875
0.147720336914063 -0.0222015380859375 -0.114608764648437 0.145004272460938
0.110855102539062 -0.0643310546875 -0.0394515991210937 0.09967041015625
0.10699462890625 -0.0565872192382812 -0.0402641296386719 0.0287590026855469
0.135665893554688 -0.0619049072265625 -0.0543403625488281 -0.0583610534667969
0.156845092773438 0.00445556640625 -0.00323486328124999 -0.161392211914063
0.117843627929688 0.1202392578125 0.0979766845703125 -0.19989013671875
-0.00616455078125 0.17132568359375 0.278060913085938 -0.118240356445312
-0.183120727539062 0.0616455078125 0.38623046875 0.124755859375
-0.151763916015625 -0.09326171875 0.21929931640625 0.263031005859375
-0.0417022705078125 -0.17169189453125 0.000984191894531242 0.0535964965820312
-0.0958099365234375 -0.118698120117187 -0.011749267578125 -0.142898559570313
-0.132820129394531 -0.00671386718749998 -0.162017822265625 -0.2952880859375
-0.094879150390625 0.10882568359375 -0.32806396484375 -0.205902099609375
0.0241470336914062 0.122787475585938 -0.3687744140625 -0.0254211425781249
0.09228515625 0.0536575317382812 -0.26788330078125 0.115951538085938
0.106575012207031 -0.0304794311523438 -0.137252807617188 0.172637939453125
0.0761337280273438 -0.0534210205078125 -0.0578460693359375 0.136695861816406
0.0769729614257813 -0.04791259765625 -0.059326171875 0.0629348754882813
0.117897033691406 -0.038848876953125 -0.102096557617187 -0.0211410522460937
0.121200561523438 0.0253677368164063 -0.04608154296875 -0.141357421875
0.065582275390625 0.10650634765625 0.08447265625 -0.1978759765625
-0.037261962890625 0.1102294921875 0.28228759765625 -0.095794677734375
-0.131416320800781 -0.00123596191406251 0.35760498046875 0.18060302734375
-0.08355712890625 -0.0854034423828125 0.15972900390625 0.272918701171875
-0.0206146240234375 -0.129486083984375 0.0219440460205078 -0.00867271423339844
-0.0639457702636719 -0.0670967102050781 -0.0358428955078125 -0.162353515625
-0.0638580322265625 -0.00410842895507812 -0.186309814453125 -0.28826904296875
-0.0458488464355469 0.0531501770019531 -0.3404541015625 -0.187744140625
0.0125617980957031 0.0562248229980469 -0.38330078125 -0.00396728515625003
0.0456352233886719 0.0160369873046875 -0.274169921875 0.142852783203125
0.0484733581542969 -0.0274124145507813 -0.139724731445313 0.204879760742188
0.0312004089355469 -0.0326824188232422 -0.0566864013671875 0.167739868164062
0.0339946746826172 -0.0344696044921875 -0.0614547729492187 0.0874176025390625
0.0517082214355469 -0.0311927795410156 -0.0996475219726562 -0.0213394165039062
0.0566978454589844 0.00401687622070312 -0.0558013916015625 -0.15478515625
0.0290184020996094 0.04608154296875 0.091766357421875 -0.232879638671875
-0.0232086181640625 0.0487060546875 0.32122802734375 -0.139251708984375
-0.072235107421875 -0.0184249877929687 0.439910888671875 0.171661376953125
-0.0282173156738281 -0.0638961791992188 0.240570068359375 0.292816162109375
0.005767822265625 -0.0831756591796875 0.0252189636230469 -0.00420570373535157
0.0141506195068359 -0.0245037078857422 0.00124835968017578 0.0112419128417969
0.00584030151367187 -0.0229053497314453 -0.182098388671875 -0.31170654296875
-0.0368766784667969 0.0111427307128906 -0.43487548828125 -0.18243408203125
-0.0209846496582031 0.0325412750244141 -0.37799072265625 0.125335693359375
0.00443840026855469 0.03466796875 -0.115158081054687 0.224533081054688
0.0199050903320313 0.0246849060058594 0.0809783935546875 0.139839172363281
0.0335197448730469 0.0108852386474609 0.133926391601563 -0.0153656005859375
0.027435302734375 0.00557708740234375 0.0877456665039063 -0.110366821289062
0.0295181274414063 0.00403022766113281 0.0846405029296875 -0.183349609375
0.0325183868408203 0.00551033020019531 0.166427612304688 -0.2032470703125
0.0256156921386719 0.0153217315673828 0.255325317382813 -0.157562255859375
0.0229988098144531 0.0270652770996094 0.330291748046875 -0.017791748046875
0.00221633911132813 0.0269451141357422 0.3333740234375 0.175048828125
0.00122833251953125 0.0259857177734375 0.257843017578125 0.239944458007813
-0.00233840942382813 0.0180225372314453 0.12628173828125 0.159942626953125
0.0113143920898438 -0.102325439453125 0.0105209350585937 0.000833511352539056
-0.0337448120117188 -0.091217041015625 -0.186798095703125 -0.322021484375
-0.112098693847656 0.00398254394531248 -0.438873291015625 -0.18707275390625
-0.0589675903320312 0.0871658325195313 -0.38031005859375 0.11334228515625
0.0237655639648438 0.0916748046875 -0.130462646484375 0.207962036132812
0.0789871215820313 0.038360595703125 0.0582962036132813 0.133102416992188
0.0832672119140625 -0.0104522705078125 0.109169006347656 -0.0113906860351563
0.0694160461425781 -0.0166053771972656 0.0618972778320313 -0.103858947753906
0.07891845703125 -0.0260086059570312 0.0541839599609375 -0.180023193359375
0.0912094116210938 -0.011138916015625 0.135833740234375 -0.222976684570312
0.0898971557617188 0.0401840209960938 0.23309326171875 -0.188278198242188
0.0585784912109375 0.0903396606445313 0.338165283203125 -0.052337646484375
-0.0491409301757813 0.0961837768554688 0.365631103515625 0.162078857421875
-0.0854873657226563 0.0324020385742188 0.267471313476563 0.257553100585938
-0.0549697875976563 -0.0393600463867188 0.08441162109375 0.173538208007813
-0.014801025390625 -0.16143798828125 0.00966262817382812 -0.00804519653320314
-0.0896835327148438 -0.127456665039063 -0.165130615234375 -0.313720703125
-0.177459716796875 0.0230865478515625 -0.407745361328125 -0.190399169921875
-0.0805816650390625 0.14581298828125 -0.354888916015625 0.075439453125
0.0506744384765625 0.140457153320313 -0.146194458007813 0.164642333984375
0.135635375976562 0.0456466674804687 0.0221176147460938 0.116462707519531
0.129653930664063 -0.0317459106445313 0.0764923095703125 -0.00188446044921875
0.111701965332031 -0.038177490234375 0.0433120727539063 -0.08306884765625
0.123970031738281 -0.0539627075195312 0.0378875732421875 -0.154159545898438
0.14617919921875 -0.0233154296875 0.111846923828125 -0.209197998046875
0.144515991210938 0.06854248046875 0.201583862304688 -0.18414306640625
0.0796051025390625 0.150360107421875 0.319091796875 -0.06585693359375
-0.0999603271484375 0.149551391601563 0.364990234375 0.142333984375
-0.16009521484375 0.0328826904296875 0.262481689453125 0.255142211914063
-0.0994415283203125 -0.090911865234375 0.072967529296875 0.158401489257813
-0.0493621826171875 -0.193283081054688 0.0333213806152344 -0.05145263671875
-0.152236938476563 -0.117324829101563 -0.153045654296875 -0.310546875
-0.209854125976562 0.07476806640625 -0.371978759765625 -0.196563720703125
-0.0589599609375 0.193649291992188 -0.34130859375 0.0374450683593749
0.0915374755859375 0.15032958984375 -0.1767578125 0.13397216796875
0.165679931640625 0.0225372314453125 -0.0250473022460937 0.114921569824219
0.140182495117187 -0.0564117431640625 0.0324649810791016 0.0251445770263672
0.123558044433594 -0.0559844970703125 0.00896072387695314 -0.0490036010742188
0.14605712890625 -0.0734710693359375 0.00592803955078125 -0.123931884765625
0.1751708984375 -0.0281829833984375 0.0718536376953125 -0.198379516601563
0.17132568359375 0.0908355712890625 0.1651611328125 -0.191757202148437
0.078826904296875 0.18804931640625 0.306610107421875 -0.087677001953125
-0.146514892578125 0.16607666015625 0.37750244140625 0.131866455078125
-0.200393676757813 0.00492858886718747 0.250411987304688 0.264480590820313
-0.107795715332031 -0.138343811035156 0.0331649780273437 0.136886596679688
-0.094879150390625 -0.189682006835938 -0.00399017333984375 -0.0741806030273438
-0.191635131835938 -0.0788116455078125 -0.142974853515625 -0.28466796875
-0.21044921875 0.115325927734375 -0.320465087890625 -0.20452880859375
-0.0352630615234375 0.21826171875 -0.32196044921875 -0.01580810546875
0.118637084960938 0.153411865234375 -0.20806884765625 0.09112548828125
0.19073486328125 0.0106964111328125 -0.0792999267578125 0.109527587890625
0.156784057617188 -0.068267822265625 -0.0166473388671875 0.0561256408691406
0.143096923828125 -0.062530517578125 -0.0228328704833984 -0.00696372985839844
0.171051025390625 -0.0756072998046875 -0.0244598388671875 -0.0795516967773438
0.197433471679688 -0.00738525390625 0.0314788818359375 -0.163925170898438
0.167266845703125 0.130081176757813 0.120071411132813 -0.178878784179688
0.0373382568359375 0.212020874023438 0.277175903320313 -0.0925445556640625
-0.191497802734375 0.134307861328125 0.36273193359375 0.12518310546875
-0.208969116210938 -0.0379486083984375 0.223464965820313 0.2576904296875
-0.103485107421875 -0.1627197265625 0.03411865234375 0.0882110595703125
-0.110061645507813 -0.163116455078125 0.0128097534179687 -0.120895385742188
-0.18206787109375 -0.02947998046875 -0.156524658203125 -0.30560302734375
-0.148727416992188 0.143142700195313 -0.343658447265625 -0.209686279296875
0.0210418701171875 0.181228637695313 -0.364532470703125 -0.016082763671875
0.126617431640625 0.0901870727539062 -0.251022338867188 0.116729736328125
0.150375366210938 -0.0314483642578125 -0.111236572265625 0.153076171875
0.110755920410156 -0.0736846923828125 -0.0350875854492187 0.103500366210938
0.106231689453125 -0.065185546875 -0.0396156311035156 0.030181884765625
0.1370849609375 -0.0729522705078125 -0.0583305358886719 -0.0566749572753906
0.161895751953125 -0.0049285888671875 -0.012664794921875 -0.16497802734375
0.128181457519531 0.116905212402344 0.0918426513671875 -0.2078857421875
0.002227783203125 0.17681884765625 0.28302001953125 -0.1324462890625
-0.185684204101562 0.07391357421875 0.403900146484375 0.114227294921875
-0.161285400390625 -0.087554931640625 0.235397338867188 0.264205932617188
-0.0518341064453125 -0.174957275390625 0.00221633911132812 0.0582008361816406
-0.103279113769531 -0.11810302734375 -0.0162811279296875 -0.147979736328125
-0.135536193847656 -0.00195312500000001 -0.17889404296875 -0.30010986328125
-0.0930404663085938 0.116897583007813 -0.35040283203125 -0.199432373046875
0.0322265625 0.125732421875 -0.3826904296875 -0.0108947753906249
0.0996322631835938 0.05023193359375 -0.27130126953125 0.1307373046875
0.10833740234375 -0.0388259887695313 -0.1336669921875 0.18231201171875
0.0758819580078125 -0.0608291625976562 -0.053314208984375 0.14190673828125
0.0765609741210938 -0.054595947265625 -0.0570449829101563 0.0665168762207031
0.119789123535156 -0.04974365234375 -0.104560852050781 -0.01458740234375
0.126983642578125 0.0166778564453125 -0.0550537109375 -0.141510009765625
0.0756378173828125 0.104629516601563 0.0795440673828125 -0.2041015625
-0.0321807861328125 0.115959167480469 0.289337158203125 -0.1072998046875
-0.134048461914063 0.00714111328125 0.37646484375 0.17742919921875
-0.089752197265625 -0.08160400390625 0.172393798828125 0.281585693359375
-0.0286483764648437 -0.131156921386719 0.0178203582763672 -0.00583839416503907
-0.0676002502441406 -0.0659294128417968 -0.0429534912109375 -0.16748046875
-0.0640144348144531 -0.00201034545898438 -0.204376220703125 -0.291595458984375
-0.044830322265625 0.0570640563964844 -0.3621826171875 -0.180755615234375
0.0170707702636719 0.0574111938476563 -0.396392822265625 0.012664794921875
0.0490570068359375 0.0142440795898438 -0.276168823242188 0.159149169921875
0.0490264892578125 -0.0321426391601563 -0.134307861328125 0.215225219726563
0.0300102233886719 -0.0362510681152344 -0.0499114990234375 0.174331665039063
0.0327606201171875 -0.0377349853515625 -0.05828857421875 0.09197998046875
0.0515899658203125 -0.036956787109375 -0.103294372558594 -0.0154266357421875
0.0595893859863281 -0.00011444091796875 -0.066131591796875 -0.15350341796875
0.0334968566894531 0.0461387634277344 0.0834503173828125 -0.241973876953125
-0.0218353271484375 0.0512237548828125 0.325408935546875 -0.156219482421875
-0.074432373046875 -0.0146408081054688 0.45965576171875 0.1597900390625
-0.0316314697265625 -0.06390380859375 0.25823974609375 0.29443359375
0.001983642578125 -0.085235595703125 0.0225944519042969 -0.00149726867675782
0.0115756988525391 -0.0258827209472656 0.00715827941894531 0.00997161865234375
0.00582122802734375 -0.0248374938964844 -0.20220947265625 -0.3089599609375
-0.0366401672363281 0.0132980346679687 -0.456085205078125 -0.16156005859375
-0.0205268859863281 0.0351829528808594 -0.377197265625 0.15008544921875
0.00631332397460937 0.0355300903320313 -0.10296630859375 0.233016967773437
0.0223312377929687 0.0234813690185547 0.090301513671875 0.133857727050781
0.03497314453125 0.00828170776367188 0.133598327636719 -0.0271072387695312
0.0280132293701172 0.00368118286132812 0.0798721313476563 -0.119575500488281
0.0299739837646484 0.00239372253417969 0.0721588134765625 -0.19287109375
0.0330715179443359 0.00359153747558594 0.15521240234375 -0.217864990234375
0.0268287658691406 0.0139636993408203 0.250640869140625 -0.177825927734375
0.025360107421875 0.0263404846191406 0.337493896484375 -0.037506103515625
0.00407028198242187 0.0282649993896484 0.35064697265625 0.160614013671875
0.00307846069335938 0.0275497436523438 0.278350830078125 0.227218627929688
-0.000778198242187502 0.0192623138427734 0.141128540039063 0.154953002929688
0.00590515136718751 -0.105377197265625 0.0151548385620117 -0.000683784484863288
-0.03887939453125 -0.0907516479492188 -0.207275390625 -0.3173828125
-0.114158630371094 0.0124053955078125 -0.46038818359375 -0.16375732421875
-0.0547943115234375 0.0937576293945313 -0.378082275390625 0.139404296875
0.0306854248046875 0.0914382934570313 -0.119766235351562 0.218994140625
0.0830001831054688 0.0326461791992188 0.0673751831054687 0.129508972167969
0.0843734741210938 -0.0181503295898438 0.108177185058594 -0.021270751953125
0.0694465637207031 -0.0223655700683594 0.0543365478515625 -0.109657287597656
0.0782470703125 -0.0328216552734375 0.04180908203125 -0.186264038085938
0.09210205078125 -0.0189895629882813 0.121078491210938 -0.234481811523438
0.0942001342773438 0.0338516235351563 0.225051879882812 -0.207168579101562
0.0655593872070313 0.0883865356445313 0.34234619140625 -0.075103759765625
-0.0434188842773438 0.102592468261719 0.38421630859375 0.14385986328125
-0.085479736328125 0.0402755737304688 0.289459228515625 0.24566650390625
-0.0596771240234375 -0.0355072021484375 0.0989227294921875 0.173782348632813
-0.027069091796875 -0.163604736328125 0.0148096084594727 -0.00997447967529298
-0.0982818603515625 -0.124107360839844 -0.184295654296875 -0.3104248046875
-0.17962646484375 0.0363922119140625 -0.42816162109375 -0.168792724609375
-0.071685791015625 0.154998779296875 -0.35552978515625 0.0989379882812501
0.0623779296875 0.139801025390625 -0.139053344726563 0.17462158203125
0.141281127929688 0.0347747802734375 0.0302734375 0.114173889160156
0.129585266113281 -0.044586181640625 0.0759048461914063 -0.0090789794921875
0.110702514648438 -0.0482330322265625 0.0360107421875 -0.0881805419921875
0.122428894042969 -0.066192626953125 0.0271759033203125 -0.159393310546875
0.147537231445313 -0.0357818603515625 0.09698486328125 -0.219558715820313
0.15350341796875 0.057861328125 0.193893432617188 -0.200103759765625
0.092742919921875 0.148239135742188 0.322967529296875 -0.0865478515625
-0.091796875 0.162063598632813 0.38232421875 0.12384033203125
-0.161239624023438 0.046722412109375 0.283721923828125 0.244049072265625
-0.108734130859375 -0.0846786499023437 0.086029052734375 0.158676147460938
-0.0639190673828125 -0.194198608398438 0.0349311828613281 -0.0560302734375
-0.161361694335938 -0.10992431640625 -0.17413330078125 -0.308380126953125
-0.209136962890625 0.0916290283203125 -0.393310546875 -0.17645263671875
-0.0459442138671875 0.20220947265625 -0.345001220703125 0.05865478515625
0.104995727539063 0.146469116210938 -0.171371459960938 0.1474609375
0.170120239257812 0.009521484375 -0.0180892944335937 0.115974426269531
0.138221740722656 -0.069244384765625 0.0332584381103516 0.021881103515625
0.120918273925781 -0.0669937133789063 0.00475311279296875 -0.0511436462402344
0.142913818359375 -0.0879974365234375 -0.00270080566406249 -0.126396179199219
0.176132202148438 -0.042877197265625 0.057464599609375 -0.204055786132813
0.181961059570313 0.0785980224609375 0.155410766601563 -0.204986572265625
0.0935821533203125 0.186859130859375 0.3067626953125 -0.108551025390625
-0.138229370117187 0.182159423828125 0.39215087890625 0.11151123046875
-0.20477294921875 0.0203857421875 0.2711181640625 0.254867553710938
-0.120521545410156 -0.133369445800781 0.0425872802734375 0.139633178710938
-0.109939575195313 -0.187515258789062 -0.00582885742187501 -0.0759048461914063
-0.199615478515625 -0.0662994384765625 -0.16107177734375 -0.2835693359375
-0.208084106445312 0.135345458984375 -0.341705322265625 -0.1898193359375
-0.01824951171875 0.2264404296875 -0.33013916015625 0.00192260742187495
0.13409423828125 0.146743774414063 -0.208160400390625 0.105087280273437
0.195816040039063 -0.00634765625 -0.0742568969726562 0.114387512207031
0.154693603515625 -0.08416748046875 -0.0139732360839844 0.0566482543945313
0.141082763671875 -0.076934814453125 -0.0248165130615234 -0.00664710998535157
0.16778564453125 -0.0940399169921875 -0.0295791625976562 -0.0787124633789063
0.199935913085938 -0.024261474609375 0.019195556640625 -0.166946411132813
0.182144165039063 0.11859130859375 0.110931396484375 -0.18731689453125
0.05426025390625 0.213714599609375 0.277145385742188 -0.11138916015625
-0.184600830078125 0.1533203125 0.377410888671875 0.10772705078125
-0.215240478515625 -0.02105712890625 0.242752075195313 0.251312255859375
-0.11822509765625 -0.157455444335938 0.0402450561523437 0.089447021484375
-0.123184204101563 -0.159561157226563 0.00836944580078125 -0.12548828125
-0.186279296875 -0.019500732421875 -0.17828369140625 -0.302947998046875
-0.141952514648438 0.157958984375 -0.36639404296875 -0.191925048828125
0.0356903076171875 0.183517456054688 -0.372894287109375 0.00650024414062506
0.137214660644531 0.0822982788085938 -0.248672485351563 0.134674072265625
0.150680541992188 -0.044891357421875 -0.102752685546875 0.160537719726563
0.107139587402344 -0.0844802856445313 -0.0295944213867187 0.105934143066406
0.103065490722656 -0.0747833251953125 -0.0391693115234375 0.0324440002441406
0.132904052734375 -0.086883544921875 -0.0626029968261719 -0.0530853271484375
0.16448974609375 -0.0184783935546875 -0.0262603759765625 -0.163925170898438
0.139801025390625 0.108139038085938 0.0790863037109375 -0.216552734375
0.0151824951171875 0.180252075195312 0.2796630859375 -0.1524658203125
-0.182632446289063 0.0895538330078125 0.41766357421875 0.0927734375
-0.169479370117187 -0.0770111083984375 0.254425048828125 0.257171630859375
-0.0653839111328125 -0.174468994140625 0.00453567504882812 0.0629005432128906
-0.113037109375 -0.113716125488281 -0.0238800048828125 -0.151504516601563
-0.136940002441406 0.00576019287109377 -0.201812744140625 -0.2965087890625
-0.0872726440429688 0.127235412597656 -0.371917724609375 -0.1805419921875
0.0430831909179688 0.126350402832031 -0.39080810546875 0.0141296386718749
0.106307983398438 0.0430221557617188 -0.268325805664063 0.151611328125
0.107185363769531 -0.0493316650390625 -0.123443603515625 0.192169189453125
0.0726547241210938 -0.0687713623046875 -0.0442962646484375 0.147476196289063
0.0730743408203125 -0.0625991821289063 -0.05389404296875 0.0708999633789063
0.118606567382812 -0.0643234252929687 -0.10552978515625 -0.00514984130859374
0.131912231445313 0.0047149658203125 -0.0652236938476562 -0.135978698730469
0.0867538452148438 0.0989456176757813 0.0680389404296875 -0.210464477539063
-0.0230178833007812 0.120330810546875 0.28936767578125 -0.1253662109375
-0.134635925292969 0.01824951171875 0.395355224609375 0.162261962890625
-0.0956192016601562 -0.0745391845703125 0.1898193359375 0.28277587890625
-0.0397872924804687 -0.128440856933594 0.0144329071044922 -0.00242996215820313
-0.072723388671875 -0.0626373291015625 -0.0525665283203125 -0.169754028320312
-0.0642547607421875 0.000263214111328138 -0.228668212890625 -0.286102294921875
-0.041900634765625 0.0618782043457031 -0.383056640625 -0.160400390625
0.0222969055175781 0.0575981140136719 -0.403533935546875 0.0389404296875
0.0522880554199219 0.009796142578125 -0.271011352539063 0.181060791015625
0.047607421875 -0.0375442504882813 -0.121246337890625 0.227157592773438
0.0275077819824219 -0.0400733947753906 -0.037872314453125 0.179656982421875
0.029998779296875 -0.0419425964355469 -0.0522613525390625 0.0960617065429688
0.0494461059570313 -0.04296875 -0.105003356933594 -0.0072174072265625
0.06097412109375 -0.0052490234375 -0.0787200927734375 -0.148483276367187
0.0370254516601563 0.0435218811035156 0.0680694580078125 -0.249923706054687
-0.0187873840332031 0.0538711547851563 0.319976806640625 -0.17950439453125
-0.0752105712890625 -0.00885772705078124 0.478118896484375 0.133758544921875
-0.0358619689941406 -0.0626106262207031 0.27850341796875 0.28564453125
-0.00425720214843751 -0.0865936279296875 0.0208301544189453 0.000146865844726557
0.00842475891113281 -0.0268115997314453 0.0129842758178711 0.00692462921142578
0.00514411926269531 -0.0268154144287109 -0.217742919921875 -0.296173095703125
-0.0348892211914063 0.0157260894775391 -0.46295166015625 -0.13037109375
-0.0185127258300781 0.0368194580078125 -0.36328125 0.171051025390625
0.00885200500488281 0.0348377227783203 -0.0853424072265625 0.23504638671875
0.0238132476806641 0.0219650268554688 0.0974884033203125 0.123184204101563
0.0353164672851563 0.0044708251953125 0.127815246582031 -0.03851318359375
0.0275917053222656 0.00193977355957031 0.0685577392578125 -0.124862670898437
0.0293083190917969 -0.000314712524414063 0.0556640625 -0.1962890625
0.0325851440429688 0.00101089477539063 0.137451171875 -0.226882934570313
0.0273303985595703 0.0113677978515625 0.237106323242188 -0.193649291992188
0.0269756317138672 0.024322509765625 0.334564208984375 -0.058502197265625
0.00618362426757812 0.0279197692871094 0.360015869140625 0.138153076171875
0.00601577758789062 0.0280513763427734 0.29144287109375 0.206695556640625
0.000442504882812501 0.0194053649902344 0.15142822265625 0.144393920898438
-0.0024871826171875 -0.105430603027344 0.0192451477050781 -0.00384712219238282
-0.044189453125 -0.0888748168945313 -0.2254638671875 -0.302398681640625
-0.112403869628906 0.0208358764648438 -0.4678955078125 -0.131622314453125
-0.0476226806640625 0.097412109375 -0.36505126953125 0.161773681640625
0.0369949340820313 0.0882797241210938 -0.102859497070313 0.2225341796875
0.084930419921875 0.0261993408203125 0.0746231079101562 0.121002197265625
0.08221435546875 -0.0253753662109375 0.103736877441406 -0.0308761596679688
0.0665740966796875 -0.02789306640625 0.0435867309570312 -0.112678527832031
0.0747528076171875 -0.0398788452148437 0.02630615234375 -0.1864013671875
0.0894012451171875 -0.026153564453125 0.101608276367187 -0.239547729492188
0.0962600708007813 0.0260238647460937 0.208145141601563 -0.221588134765625
0.0711517333984375 0.0832672119140625 0.335205078125 -0.097259521484375
-0.035614013671875 0.1068115234375 0.3912353515625 0.116851806640625
-0.082061767578125 0.0475540161132813 0.30450439453125 0.2239990234375
-0.0629692077636719 -0.0310401916503906 0.11083984375 0.167251586914063
-0.0406646728515625 -0.159774780273438 0.0192089080810547 -0.0133781433105469
-0.106414794921875 -0.115921020507813 -0.2005615234375 -0.297698974609375
-0.17584228515625 0.0508270263671875 -0.435821533203125 -0.139007568359375
-0.058746337890625 0.160110473632813 -0.346221923828125 0.120361328125
0.0729522705078125 0.133285522460938 -0.126510620117188 0.180145263671875
0.143218994140625 0.0222930908203125 0.0364761352539063 0.108207702636719
0.124114990234375 -0.056671142578125 0.0720596313476563 -0.0166397094726563
0.105148315429688 -0.0571365356445313 0.0270538330078125 -0.0904159545898438
0.11517333984375 -0.077423095703125 0.0145416259765625 -0.159149169921875
0.14276123046875 -0.047821044921875 0.078826904296875 -0.222976684570313
0.15771484375 0.04461669921875 0.177841186523437 -0.212539672851562
0.103721618652344 0.140342712402344 0.31475830078125 -0.10748291015625
-0.079071044921875 0.170211791992188 0.387542724609375 0.098968505859375
-0.156723022460937 0.060272216796875 0.2987060546875 0.22369384765625
-0.115699768066406 -0.0762176513671875 0.0975189208984375 0.15301513671875
-0.07891845703125 -0.189498901367188 0.0343780517578125 -0.0602760314941406
-0.167800903320313 -0.09930419921875 -0.1920166015625 -0.29608154296875
-0.201522827148438 0.108047485351563 -0.402557373046875 -0.149017333984375
-0.029754638671875 0.204620361328125 -0.338165283203125 0.0805053710937499
0.115867614746094 0.136222839355469 -0.160629272460938 0.156646728515625
0.1689453125 -0.005462646484375 -0.0101318359375 0.114356994628906
0.131095886230469 -0.0809860229492188 0.0326137542724609 0.0178775787353516
0.113121032714844 -0.0762252807617188 -0.00104904174804687 -0.0508689880371094
0.133201599121094 -0.100746154785156 -0.0117721557617187 -0.124237060546875
0.171295166015625 -0.05718994140625 0.040618896484375 -0.20416259765625
0.186981201171875 0.0630035400390625 0.139266967773437 -0.213470458984375
0.107223510742188 0.178604125976563 0.29656982421875 -0.128143310546875
-0.122787475585938 0.192977905273437 0.396942138671875 0.084747314453125
-0.201431274414062 0.0364990234375 0.286285400390625 0.236175537109375
-0.131118774414063 -0.124183654785156 0.0522689819335937 0.138175964355469
-0.1241455078125 -0.178298950195313 -0.00704956054687501 -0.0766220092773438
-0.202133178710938 -0.051513671875 -0.176971435546875 -0.273544311523438
-0.196456909179688 0.15301513671875 -0.35198974609375 -0.168121337890625
0.000671386718749988 0.227325439453125 -0.328887939453125 0.0213623046875
0.1461181640625 0.1351318359375 -0.200775146484375 0.118499755859375
0.193878173828125 -0.025115966796875 -0.0669708251953125 0.116561889648437
0.14599609375 -0.0987396240234375 -0.0112571716308594 0.0561141967773437
0.132606506347656 -0.0894546508789062 -0.027008056640625 -0.00460433959960938
0.157928466796875 -0.1103515625 -0.0343475341796875 -0.075592041015625
0.197097778320313 -0.0427093505859375 0.0058441162109375 -0.16497802734375
0.19171142578125 0.100860595703125 0.09814453125 -0.192718505859375
0.0716094970703125 0.208587646484375 0.267990112304688 -0.128219604492187
-0.170974731445312 0.168472290039063 0.382720947265625 0.083953857421875
-0.214431762695313 -0.00216674804687496 0.256622314453125 0.237136840820312
-0.130661010742188 -0.146408081054687 0.0460281372070312 0.0883712768554687
-0.1343994140625 -0.15118408203125 0.00238800048828124 -0.128814697265625
-0.185653686523438 -0.00755310058593752 -0.1983642578125 -0.290252685546875
-0.129913330078125 0.169097900390625 -0.3778076171875 -0.16485595703125
0.0503997802734375 0.179656982421875 -0.3701171875 0.031890869140625
0.142913818359375 0.0700836181640625 -0.2373046875 0.152359008789062
0.144866943359375 -0.05816650390625 -0.0914154052734375 0.164825439453125
0.09881591796875 -0.094024658203125 -0.0219039916992188 0.105606079101563
0.094635009765625 -0.0831298828125 -0.0374565124511719 0.0341987609863281
0.123016357421875 -0.0995025634765625 -0.0660667419433594 -0.0472488403320312
0.161346435546875 -0.0324249267578125 -0.039459228515625 -0.157196044921875
0.146713256835938 0.0955047607421875 0.0624542236328125 -0.218643188476563
0.028564453125 0.1781005859375 0.265853881835938 -0.169586181640625
-0.17401123046875 0.10382080078125 0.419036865234375 0.065399169921875
-0.173873901367188 -0.0632476806640625 0.268798828125 0.240585327148438
-0.078094482421875 -0.168228149414063 0.00790023803710937 0.0658531188964844
-0.120597839355469 -0.105369567871094 -0.0323944091796875 -0.1519775390625
-0.135101318359375 0.0134353637695313 -0.222381591796875 -0.280990600585938
-0.077392578125 0.133926391601563 -0.38330078125 -0.153167724609375
0.0528945922851563 0.121940612792969 -0.387603759765625 0.040313720703125
0.108757019042969 0.0333328247070313 -0.25531005859375 0.16937255859375
0.10211181640625 -0.0585784912109375 -0.1092529296875 0.1978759765625
0.06573486328125 -0.0748291015625 -0.0333404541015625 0.14788818359375
0.0666313171386719 -0.068389892578125 -0.0482101440429687 0.0731582641601563
0.110748291015625 -0.0770721435546875 -0.102951049804688 0.00473022460937499
0.131599426269531 -0.00911712646484375 -0.0747756958007813 -0.125732421875
0.0950241088867188 0.0890655517578125 0.0539398193359375 -0.210418701171875
-0.0121307373046875 0.121131896972656 0.280807495117188 -0.140960693359375
-0.130027770996094 0.0299530029296875 0.404327392578125 0.13873291015625
-0.0985336303710938 -0.064697265625 0.20599365234375 0.274627685546875
-0.0504074096679687 -0.122688293457031 0.0106229782104492 0.00167560577392577
-0.0768203735351562 -0.057342529296875 -0.062774658203125 -0.1680908203125
-0.0634918212890625 0.00262069702148438 -0.24822998046875 -0.268707275390625
-0.0370864868164063 0.065032958984375 -0.392608642578125 -0.131103515625
0.0270652770996094 0.0554618835449219 -0.39752197265625 0.06768798828125
0.0527305603027344 0.004791259765625 -0.25537109375 0.199005126953125
0.043487548828125 -0.0422096252441406 -0.104202270507813 0.23150634765625
0.02398681640625 -0.0424919128417969 -0.02484130859375 0.179397583007813
0.0256690979003906 -0.0439643859863281 -0.0442047119140625 0.097930908203125
0.0444221496582031 -0.0486221313476563 -0.103103637695313 0.00167846679687502
0.0607948303222656 -0.0108833312988281 -0.08892822265625 -0.137680053710938
0.0401611328125 0.0399055480957031 0.047943115234375 -0.249755859375
-0.0144691467285156 0.0555381774902344 0.303802490234375 -0.199005126953125
-0.0740966796875 -0.00309753417968751 0.481109619140625 0.100616455078125
-0.0394287109375 -0.059600830078125 0.293548583984375 0.266693115234375
-0.0106353759765625 -0.0851516723632813 0.0185031890869141 0.00262641906738281
0.00574684143066406 -0.0263862609863281 0.0170021057128906 0.00303363800048828
0.0042877197265625 -0.0279731750488281 -0.222610473632813 -0.280075073242187
-0.0335597991943359 0.0164108276367187 -0.45526123046875 -0.104583740234375
-0.01690673828125 0.0368499755859375 -0.343353271484375 0.181304931640625
0.0100383758544922 0.0336494445800781 -0.07183837890625 0.229629516601563
0.0248298645019531 0.0195560455322266 0.0990371704101562 0.111946105957031
0.0343914031982422 0.00214385986328125 0.119644165039063 -0.0465087890625
0.0261669158935547 0.00106620788574219 0.0581207275390625 -0.125228881835938
0.0280113220214844 -0.00176239013671875 0.04193115234375 -0.193527221679688
0.03167724609375 -0.0014190673828125 0.12042236328125 -0.228042602539062
0.0267658233642578 0.00959968566894531 0.220443725585938 -0.20098876953125
0.0272121429443359 0.0227622985839844 0.32403564453125 -0.071807861328125
0.00760459899902344 0.0274925231933594 0.3570556640625 0.12042236328125
0.0075225830078125 0.0268611907958984 0.29364013671875 0.186798095703125
0.00127410888671875 0.0195159912109375 0.157073974609375 0.133102416992188
-0.009552001953125 -0.102119445800781 0.0226688385009766 -0.00766372680664063
-0.047943115234375 -0.0857391357421875 -0.231231689453125 -0.285491943359375
-0.107887268066406 0.02679443359375 -0.46112060546875 -0.104583740234375
-0.0413970947265625 0.0973663330078125 -0.344696044921875 0.173614501953125
0.0406036376953125 0.083251953125 -0.0886383056640625 0.219802856445312
0.0834579467773438 0.0193634033203125 0.0767745971679687 0.111228942871094
0.0774307250976563 -0.0306320190429688 0.095916748046875 -0.036651611328125
0.0623245239257813 -0.03070068359375 0.0346755981445313 -0.11126708984375
0.0694122314453125 -0.0440177917480469 0.0143280029296875 -0.181365966796875
0.0854721069335938 -0.0309295654296875 0.0845489501953125 -0.237289428710938
0.0951461791992188 0.0190353393554688 0.189773559570313 -0.225479125976563
0.074066162109375 0.0781784057617188 0.321990966796875 -0.109954833984375
-0.0289459228515625 0.107742309570312 0.38787841796875 0.09674072265625
-0.0771636962890625 0.0513381958007813 0.307830810546875 0.202880859375
-0.0640716552734375 -0.0268974304199219 0.118072509765625 0.158828735351563
-0.0517120361328125 -0.151535034179688 0.0221309661865234 -0.0168228149414063
-0.109336853027344 -0.106727600097656 -0.208282470703125 -0.281494140625
-0.168136596679688 0.060211181640625 -0.43084716796875 -0.1151123046875
-0.0477142333984375 0.159408569335938 -0.329193115234375 0.13140869140625
0.0788955688476563 0.124656677246094 -0.114288330078125 0.17987060546875
0.140396118164062 0.0117263793945312 0.0396041870117188 0.100212097167969
0.116165161132812 -0.0644378662109375 0.0671157836914063 -0.0218009948730469
0.0984725952148438 -0.0619735717773438 0.019287109375 -0.0888595581054688
0.105865478515625 -0.0837783813476562 0.00433349609375 -0.155075073242187
0.136428833007813 -0.0563125610351563 0.0628814697265625 -0.219039916992188
0.156158447265625 0.033111572265625 0.1611328125 -0.214752197265625
0.109428405761719 0.131584167480469 0.30120849609375 -0.119049072265625
-0.067230224609375 0.172500610351562 0.382720947265625 0.078857421875
-0.149337768554688 0.068023681640625 0.301666259765625 0.204132080078125
-0.118255615234375 -0.0678634643554687 0.103012084960937 0.1455078125
-0.0885467529296875 -0.180679321289063 0.0336647033691406 -0.0638580322265625
-0.168716430664063 -0.08905029296875 -0.199813842773437 -0.279739379882813
-0.189773559570313 0.117965698242187 -0.399261474609375 -0.12567138671875
-0.0172882080078125 0.201065063476563 -0.323883056640625 0.0933532714843749
0.120292663574219 0.125991821289063 -0.148208618164063 0.159515380859375
0.1632080078125 -0.016937255859375 -0.00513458251953123 0.109024047851563
0.121597290039062 -0.0885696411132813 0.030303955078125 0.0144023895263672
0.105148315429688 -0.0804214477539063 -0.00548934936523437 -0.0491447448730469
0.121566772460937 -0.107406616210937 -0.01898193359375 -0.119293212890625
0.162506103515625 -0.067291259765625 0.02679443359375 -0.198043823242188
0.185028076171875 0.048736572265625 0.122955322265625 -0.213821411132813
0.114471435546875 0.169113159179687 0.28302001953125 -0.137786865234375
-0.108566284179687 0.196075439453125 0.39068603515625 0.065277099609375
-0.194473266601563 0.0475311279296875 0.290069580078125 0.217193603515625
-0.136024475097656 -0.114433288574219 0.0583953857421875 0.134368896484375
-0.1326904296875 -0.167266845703125 -0.00815582275390626 -0.0772857666015625
-0.199127197265625 -0.039825439453125 -0.182998657226562 -0.259109497070313
-0.182769775390625 0.162612915039062 -0.351348876953125 -0.14764404296875
0.015228271484375 0.221908569335938 -0.319854736328125 0.034393310546875
0.1513671875 0.1220703125 -0.191452026367187 0.12445068359375
0.186294555664063 -0.0386199951171875 -0.0609893798828125 0.114593505859375
0.134765625 -0.107292175292969 -0.0100936889648437 0.0547370910644531
0.122634887695313 -0.0956573486328125 -0.0277061462402344 -0.00284385681152344
0.144515991210938 -0.120376586914063 -0.0375823974609375 -0.0709228515625
0.188858032226563 -0.0564117431640625 -0.0037689208984375 -0.158309936523438
0.193313598632813 0.08441162109375 0.0849609375 -0.1900634765625
0.08251953125 0.19989013671875 0.254989624023438 -0.1358642578125
-0.156326293945313 0.175872802734375 0.37640380859375 0.066741943359375
-0.208221435546875 0.0117340087890625 0.260604858398438 0.22125244140625
-0.137496948242188 -0.134124755859375 0.048370361328125 0.0861663818359375
-0.140777587890625 -0.140457153320313 -0.00227355957031252 -0.129058837890625
-0.181610107421875 0.000549316406249974 -0.206710815429688 -0.272735595703125
-0.1173095703125 0.17315673828125 -0.376556396484375 -0.1400146484375
0.059906005859375 0.172103881835937 -0.3587646484375 0.0490417480468751
0.1427001953125 0.0590057373046875 -0.222976684570313 0.159820556640625
0.136772155761719 -0.066925048828125 -0.080718994140625 0.162872314453125
0.0899581909179687 -0.09808349609375 -0.0166549682617187 0.103111267089844
0.0866775512695313 -0.08575439453125 -0.0352554321289062 0.0353355407714844
0.111480712890625 -0.105323791503906 -0.0660896301269531 -0.04180908203125
0.154464721679688 -0.04290771484375 -0.0472564697265625 -0.147964477539063
0.1484375 0.083221435546875 0.0481414794921875 -0.213424682617188
0.037811279296875 0.172637939453125 0.2496337890625 -0.176254272460937
-0.16326904296875 0.111053466796875 0.409820556640625 0.044830322265625
-0.17193603515625 -0.0513458251953125 0.271484375 0.223876953125
-0.0869293212890625 -0.159515380859375 0.00997543334960938 0.0669517517089844
-0.124397277832031 -0.0970840454101563 -0.0384674072265625 -0.150009155273438
-0.131881713867188 0.0184326171875 -0.23095703125 -0.2630615234375
-0.06781005859375 0.135551452636719 -0.381378173828125 -0.1287841796875
0.0591354370117187 0.115631103515625 -0.374725341796875 0.05841064453125
0.108573913574219 0.0259017944335937 -0.239639282226562 0.177780151367188
0.0948333740234375 -0.0649032592773438 -0.0965118408203125 0.196304321289062
0.059173583984375 -0.0778732299804688 -0.025115966796875 0.14508056640625
0.0599479675292969 -0.0699996948242187 -0.0440292358398438 0.0727691650390625
0.100479125976562 -0.0853118896484375 -0.0971527099609375 0.0118179321289063
0.127220153808594 -0.0198287963867187 -0.0777511596679688 -0.115097045898438
0.098876953125 0.0785369873046875 0.0433349609375 -0.204086303710938
-0.003387451171875 0.118614196777344 0.26763916015625 -0.14910888671875
-0.123146057128906 0.0374526977539063 0.402069091796875 0.120849609375
-0.097625732421875 -0.0553359985351563 0.21197509765625 0.26568603515625
-0.056365966796875 -0.114112854003906 0.00767087936401367 0.00635623931884765
-0.0784683227539062 -0.0519866943359375 -0.0690460205078125 -0.163742065429688
-0.06268310546875 0.00415802001953125 -0.257308959960938 -0.249832153320313
-0.0323219299316406 0.0658302307128906 -0.3895263671875 -0.10772705078125
0.0299148559570312 0.052276611328125 -0.38372802734375 0.085845947265625
0.0517387390136719 0.000759124755859375 -0.237213134765625 0.206741333007812
0.0391845703125 -0.0447311401367188 -0.089630126953125 0.228988647460938
0.0200767517089844 -0.0430030822753906 -0.01397705078125 0.174591064453125
0.0220413208007813 -0.0443572998046875 -0.03802490234375 0.096160888671875
0.0386199951171875 -0.0512199401855469 -0.0991668701171875 0.00796508789062501
0.0583724975585937 -0.0158805847167969 -0.0933609008789062 -0.125770568847656
0.0410499572753906 0.0360908508300781 0.032012939453125 -0.242095947265625
-0.0107192993164062 0.0555763244628906 0.28448486328125 -0.20733642578125
-0.0709915161132813 0.00110626220703124 0.472442626953125 0.074493408203125
-0.0409507751464844 -0.0557365417480469 0.296112060546875 0.247802734375
-0.0156707763671875 -0.0816421508789063 0.0166263580322266 0.00550460815429687
0.00347328186035156 -0.0249958038330078 0.020538330078125 -0.00179290771484375
0.00346183776855469 -0.0294857025146484 -0.219680786132813 -0.27105712890625
-0.0317821502685547 0.0156211853027344 -0.44451904296875 -0.0949401855468749
-0.0164680480957031 0.0367927551269531 -0.32928466796875 0.1807861328125
0.00938224792480468 0.0323886871337891 -0.0647125244140625 0.221832275390625
0.0243568420410156 0.0180816650390625 0.09619140625 0.103317260742187
0.0327510833740234 0.000133514404296875 0.112190246582031 -0.0503997802734375
0.0246410369873047 0.000680923461914063 0.0513153076171875 -0.123977661132812
0.0268783569335938 -0.0026397705078125 0.03436279296875 -0.189193725585938
0.0299530029296875 -0.00225257873535156 0.110443115234375 -0.225341796875
0.0258522033691406 0.00844573974609375 0.209884643554688 -0.200332641601563
0.0275421142578125 0.0212612152099609 0.316619873046875 -0.076507568359375
0.0090484619140625 0.0268878936767578 0.352020263671875 0.11126708984375
0.00839424133300782 0.0261592864990234 0.29034423828125 0.175872802734375
0.000890731811523436 0.0195941925048828 0.157150268554688 0.1268310546875
-0.0131759643554688 -0.0991897583007813 0.0253753662109375 -0.01129150390625
-0.0491485595703125 -0.0837249755859375 -0.229629516601563 -0.273468017578125
-0.104286193847656 0.0286026000976562 -0.45074462890625 -0.092041015625
-0.0380477905273438 0.0961761474609375 -0.329833984375 0.174224853515625
0.041046142578125 0.0798797607421875 -0.081207275390625 0.213394165039063
0.0807723999023438 0.0153427124023438 0.0760955810546875 0.103782653808594
0.0737228393554688 -0.0334396362304688 0.0900039672851563 -0.0394210815429688
0.0591201782226562 -0.0309791564941406 0.0289688110351563 -0.108566284179688
0.0649490356445313 -0.0452690124511719 0.00849914550781251 -0.175369262695312
0.0822601318359375 -0.0330429077148438 0.074432373046875 -0.231735229492188
0.0932693481445313 0.015380859375 0.17767333984375 -0.223953247070313
0.0752639770507813 0.0743560791015625 0.31219482421875 -0.1136474609375
-0.024383544921875 0.107200622558594 0.380218505859375 0.085784912109375
-0.0741043090820313 0.0527877807617188 0.304901123046875 0.191162109375
-0.0652732849121094 -0.0240287780761719 0.1202392578125 0.153564453125
-0.055633544921875 -0.146697998046875 0.0246524810791016 -0.0210189819335938
-0.109634399414062 -0.0999832153320313 -0.204452514648438 -0.27056884765625
-0.16180419921875 0.063995361328125 -0.420440673828125 -0.1026611328125
-0.0421905517578125 0.156494140625 -0.31640625 0.1328125
0.0801010131835938 0.119316101074219 -0.10760498046875 0.175567626953125
0.1361083984375 0.0052032470703125 0.039031982421875 0.09375
0.109718322753906 -0.068084716796875 0.0613632202148438 -0.02423095703125
0.0931320190429688 -0.0643234252929688 0.0144424438476563 -0.086669921875
0.0986404418945313 -0.0864334106445313 -0.000122070312499994 -0.150421142578125
0.130081176757812 -0.0605010986328125 0.05511474609375 -0.212844848632813
0.153335571289063 0.026763916015625 0.150726318359375 -0.21185302734375
0.111434936523438 0.12628173828125 0.292388916015625 -0.122161865234375
-0.0594482421875 0.172470092773437 0.375091552734375 0.07025146484375
-0.144287109375 0.07147216796875 0.298675537109375 0.1922607421875
-0.120109558105469 -0.0619735717773437 0.105209350585937 0.140731811523438
-0.093658447265625 -0.1724853515625 0.0336570739746094 -0.0661354064941407
-0.167373657226563 -0.0831756591796875 -0.1983642578125 -0.268142700195313
-0.181320190429687 0.121841430664063 -0.388763427734375 -0.1143798828125
-0.0106353759765625 0.196243286132813 -0.31298828125 0.0966186523437501
0.119979858398438 0.118667602539063 -0.141021728515625 0.157485961914063
0.156509399414063 -0.0228118896484375 -0.00374603271484373 0.103599548339844
0.1142578125 -0.0914840698242188 0.0283069610595703 0.0125942230224609
0.0989837646484375 -0.08135986328125 -0.00806045532226562 -0.0461311340332031
0.112930297851563 -0.109748840332031 -0.0217361450195312 -0.115280151367188
0.15545654296875 -0.0720672607421875 0.019561767578125 -0.1910400390625
0.182083129882813 0.0411529541015625 0.11322021484375 -0.208892822265625
0.11737060546875 0.162185668945312 0.272613525390625 -0.139907836914063
-0.0996856689453125 0.1966552734375 0.38299560546875 0.05712890625
-0.188888549804688 0.052825927734375 0.287078857421875 0.20635986328125
-0.138206481933594 -0.108131408691406 0.0600128173828125 0.131729125976563
-0.135650634765625 -0.158706665039062 -0.00760650634765627 -0.0773773193359375
-0.195327758789063 -0.0336761474609375 -0.180923461914063 -0.249801635742187
-0.173126220703125 0.166885375976562 -0.346282958984375 -0.13848876953125
0.0230255126953125 0.216629028320313 -0.312255859375 0.038330078125
0.152984619140625 0.113739013671875 -0.18426513671875 0.124923706054687
0.179458618164063 -0.0467681884765625 -0.0582733154296875 0.111724853515625
0.126663208007813 -0.113197326660156 -0.00930023193359374 0.0536384582519531
0.115653991699219 -0.0986404418945313 -0.0285129547119141 -0.000684738159179691
0.133956909179688 -0.124618530273438 -0.0373344421386719 -0.068084716796875
0.18145751953125 -0.063934326171875 -0.00787353515625 -0.151473999023438
0.19140625 0.0746002197265625 0.0780029296875 -0.184967041015625
0.0880279541015625 0.193115234375 0.246322631835937 -0.135848999023437
-0.145599365234375 0.17864990234375 0.368316650390625 0.059326171875
-0.201736450195313 0.0195770263671875 0.25811767578125 0.2135009765625
-0.139228820800781 -0.125274658203125 0.0489959716796875 0.08514404296875
-0.142333984375 -0.13250732421875 -0.00401306152343752 -0.129234313964844
-0.17828369140625 0.00376892089843747 -0.207901000976562 -0.260635375976562
-0.10906982421875 0.174041748046875 -0.36962890625 -0.1285400390625
0.0639495849609375 0.165740966796875 -0.348297119140625 0.0556945800781249
0.140144348144531 0.0532302856445313 -0.212539672851563 0.161529541015625
0.129844665527344 -0.0708160400390625 -0.07574462890625 0.159286499023438
0.0832672119140625 -0.0999069213867188 -0.0140914916992187 0.1002197265625
0.0813446044921875 -0.0860137939453125 -0.0344657897949219 0.0352897644042969
0.10260009765625 -0.107513427734375 -0.0659523010253906 -0.0383110046386719
0.148513793945313 -0.0485076904296875 -0.0506439208984375 -0.1395263671875
0.14678955078125 0.074859619140625 0.040618896484375 -0.205734252929688
0.04248046875 0.167205810546875 0.2381591796875 -0.17498779296875
-0.154998779296875 0.114166259765625 0.39947509765625 0.035858154296875
-0.169296264648438 -0.0446929931640625 0.26776123046875 0.214736938476563
-0.0900115966796875 -0.152862548828125 0.0105781555175781 0.0676422119140625
-0.124954223632813 -0.0901412963867188 -0.040008544921875 -0.149490356445313
-0.129402160644531 0.0201492309570313 -0.231964111328125 -0.250839233398438
-0.0613250732421875 0.135108947753906 -0.374542236328125 -0.116180419921875
0.061431884765625 0.110801696777344 -0.363128662109375 0.06488037109375
0.105880737304688 0.0214614868164062 -0.227554321289063 0.178924560546875
0.0890884399414063 -0.0673065185546875 -0.090423583984375 0.192276000976563
0.05450439453125 -0.0789947509765625 -0.02001953125 0.141036987304688
0.0554046630859375 -0.0696640014648438 -0.0411300659179688 0.0716705322265625
0.0922164916992188 -0.0893325805664063 -0.09161376953125 0.0150985717773438
0.122718811035156 -0.0272903442382813 -0.0770339965820312 -0.106216430664063
0.0990142822265625 0.0710906982421875 0.0377197265625 -0.196365356445313
0.00172424316406251 0.115531921386719 0.258621215820313 -0.147171020507813
-0.116767883300781 0.0412979125976563 0.395355224609375 0.114593505859375
-0.0947723388671875 -0.0494384765625 0.211563110351563 0.261505126953125
-0.0591354370117187 -0.106971740722656 0.00605201721191406 0.0109958648681641
-0.0784378051757813 -0.0469284057617188 -0.0713043212890625 -0.161880493164063
-0.0620841979980469 0.004486083984375 -0.257369995117188 -0.236236572265625
-0.0294189453125 0.0655403137207031 -0.381927490234375 -0.0947875976562501
0.031036376953125 0.0490264892578125 -0.370819091796875 0.092498779296875
0.0499343872070313 -0.00172042846679688 -0.224929809570313 0.206405639648437
0.0357093811035156 -0.04608154296875 -0.0818023681640625 0.224609375
0.0179405212402344 -0.0435600280761719 -0.0082244873046875 0.169158935546875
0.0193099975585938 -0.0435829162597656 -0.0341339111328125 0.0936813354492188
0.0341567993164063 -0.0515975952148437 -0.0948944091796875 0.0112380981445313
0.0560798645019531 -0.0191230773925781 -0.092987060546875 -0.116928100585937
0.0414695739746094 0.0339927673339844 0.0241546630859375 -0.233108520507813
-0.00807952880859375 0.0546035766601562 0.27008056640625 -0.206253051757813
-0.0680580139160156 0.00366973876953125 0.458831787109375 0.063232421875
-0.0413665771484375 -0.0539207458496094 0.2921142578125 0.237701416015625
-0.017669677734375 -0.078033447265625 0.0148239135742188 0.00760364532470703
0.00198936462402344 -0.0239791870117188 0.0239963531494141 -0.00571823120117188
0.00309944152832032 -0.0310115814208984 -0.21649169921875 -0.271377563476563
-0.0317459106445313 0.0149116516113281 -0.44134521484375 -0.0945434570312501
-0.0167198181152344 0.0367507934570313 -0.32452392578125 0.17742919921875
0.00898933410644531 0.0327243804931641 -0.06353759765625 0.21697998046875
0.0241966247558594 0.0179252624511719 0.093780517578125 0.0998916625976563
0.0318946838378906 -0.000410079956054688 0.107872009277344 -0.0524139404296875
0.0241737365722656 0.00137901306152344 0.0477218627929688 -0.123733520507812
0.0258407592773437 -0.00282669067382813 0.030914306640625 -0.1876220703125
0.0296134948730469 -0.00315093994140625 0.1070556640625 -0.224365234375
0.0254077911376953 0.00819015502929688 0.206375122070313 -0.20025634765625
0.0282936096191406 0.0213680267333984 0.316253662109375 -0.077239990234375
0.0100173950195313 0.0272483825683594 0.35125732421875 0.111572265625
0.00924110412597656 0.0258235931396484 0.29010009765625 0.1732177734375
0.000993728637695312 0.0208873748779297 0.159149169921875 0.125625610351563
-0.0161972045898437 -0.097503662109375 0.0280323028564453 -0.0143527984619141
-0.0498275756835938 -0.0842819213867188 -0.226898193359375 -0.271652221679688
-0.103157043457031 0.0288238525390625 -0.447296142578125 -0.0898437499999999
-0.0371246337890625 0.09637451171875 -0.325347900390625 0.173095703125
0.0405197143554688 0.0798492431640625 -0.07952880859375 0.210540771484375
0.07952880859375 0.013336181640625 0.07421875 0.100448608398438
0.0716705322265625 -0.0352401733398438 0.08673095703125 -0.0408782958984375
0.0582008361816406 -0.0312423706054688 0.0261917114257813 -0.107109069824219
0.0624809265136719 -0.04638671875 0.006072998046875 -0.172988891601563
0.0806045532226563 -0.0352783203125 0.0703887939453125 -0.228759765625
0.0927581787109375 0.0142593383789062 0.173812866210938 -0.222198486328125
0.076507568359375 0.0739288330078125 0.31097412109375 -0.114013671875
-0.0218505859375 0.108795166015625 0.380584716796875 0.08380126953125
-0.0730361938476563 0.054168701171875 0.305145263671875 0.188690185546875
-0.0666770935058594 -0.02264404296875 0.121932983398438 0.153564453125
-0.0630645751953125 -0.14129638671875 0.0274448394775391 -0.0245075225830078
-0.11053466796875 -0.096893310546875 -0.201278686523438 -0.268829345703125
-0.159439086914062 0.0657958984375 -0.41796875 -0.0994873046875
-0.0398712158203125 0.156768798828125 -0.31256103515625 0.130950927734375
0.0810394287109375 0.117965698242188 -0.106735229492187 0.173324584960938
0.133880615234375 0.001922607421875 0.0369491577148438 0.0902786254882812
0.1060791015625 -0.071868896484375 0.0584907531738281 -0.0262451171875
0.0909881591796875 -0.0656051635742188 0.01141357421875 -0.0854263305664063
0.0950241088867188 -0.0884475708007813 -0.00239562988281248 -0.148696899414062
0.128280639648438 -0.0634307861328125 0.051849365234375 -0.210357666015625
0.152801513671875 0.0229949951171875 0.146881103515625 -0.2100830078125
0.114028930664063 0.12451171875 0.29034423828125 -0.12164306640625
-0.0557403564453125 0.174468994140625 0.374542236328125 0.0693359375
-0.1424560546875 0.07415771484375 0.298095703125 0.190887451171875
-0.122467041015625 -0.0598907470703125 0.106826782226563 0.1414794921875
-0.097198486328125 -0.170059204101562 0.0354461669921875 -0.0687103271484375
-0.16845703125 -0.081451416015625 -0.196609497070313 -0.26568603515625
-0.178421020507813 0.124160766601563 -0.3878173828125 -0.111083984375
-0.00772094726562502 0.195770263671875 -0.309326171875 0.095428466796875
0.121177673339844 0.116645812988281 -0.138717651367187 0.156768798828125
0.153823852539063 -0.026458740234375 -0.00500488281249998 0.101722717285156
0.1102294921875 -0.0943222045898438 0.0274524688720703 0.0115489959716797
0.0970916748046875 -0.0823287963867188 -0.00921630859375 -0.0450401306152344
0.108161926269531 -0.111907958984375 -0.023223876953125 -0.113456726074219
0.15228271484375 -0.0754852294921875 0.017578125 -0.187759399414062
0.181686401367188 0.03753662109375 0.109817504882813 -0.205795288085938
0.120025634765625 0.16094970703125 0.270782470703125 -0.13897705078125
-0.0956878662109375 0.198226928710938 0.381195068359375 0.05426025390625
-0.1871337890625 0.0555877685546875 0.287109375 0.2052001953125
-0.140625 -0.105484008789063 0.0612716674804687 0.133316040039063
-0.139541625976563 -0.155380249023437 -0.00632476806640626 -0.0798568725585938
-0.193634033203125 -0.0369720458984375 -0.178939819335937 -0.2491455078125
-0.168792724609375 0.170196533203125 -0.345001220703125 -0.138427734375
0.02789306640625 0.215789794921875 -0.311798095703125 0.0369873046875001
0.155426025390625 0.110519409179688 -0.184066772460938 0.125579833984375
0.1766357421875 -0.0522918701171875 -0.0593338012695312 0.110298156738281
0.121551513671875 -0.117500305175781 -0.00944900512695311 0.0534744262695312
0.112869262695313 -0.101417541503906 -0.0286636352539062 0.000570297241210927
0.128326416015625 -0.128631591796875 -0.0380172729492187 -0.0667152404785156
0.17828369140625 -0.0689849853515625 -0.00941467285156249 -0.148239135742188
0.1923828125 0.0688934326171875 0.076568603515625 -0.181381225585938
0.09222412109375 0.1912841796875 0.245986938476563 -0.133316040039063
-0.141159057617188 0.182022094726563 0.367279052734375 0.060516357421875
-0.199615478515625 0.02398681640625 0.257705688476563 0.214431762695313
-0.142196655273438 -0.120880126953125 0.0489578247070312 0.0861740112304687
-0.144760131835938 -0.129806518554687 -0.00450134277343751 -0.132171630859375
-0.17877197265625 0.00456237792968746 -0.20654296875 -0.258743286132813
-0.105300903320312 0.175933837890625 -0.36712646484375 -0.12530517578125
0.06610107421875 0.164642333984375 -0.34539794921875 0.0562744140625
0.139877319335938 0.0508575439453125 -0.209442138671875 0.162063598632813
0.126419067382813 -0.0732345581054688 -0.074462890625 0.157302856445312
0.0798797607421875 -0.102043151855469 -0.0127792358398437 0.0991287231445313
0.0798263549804688 -0.0865478515625 -0.0339164733886719 0.0356903076171875
0.0976638793945313 -0.108665466308594 -0.0655784606933594 -0.0370445251464844
0.145492553710937 -0.0523834228515625 -0.0514297485351562 -0.134956359863281
0.146636962890625 0.0715789794921875 0.0377655029296875 -0.200790405273438
0.04510498046875 0.165985107421875 0.235153198242188 -0.172531127929688
-0.15118408203125 0.11669921875 0.39703369140625 0.036041259765625
-0.168685913085938 -0.0418243408203125 0.266860961914063 0.214981079101563
-0.09326171875 -0.151565551757812 0.010345458984375 0.0705795288085938
-0.126075744628906 -0.0877532958984375 -0.0406951904296875 -0.152511596679687
-0.12933349609375 0.0203781127929688 -0.231704711914063 -0.24658203125
-0.0587310791015625 0.136276245117188 -0.37255859375 -0.11285400390625
0.0626983642578125 0.109703063964844 -0.3607177734375 0.066741943359375
0.105667114257813 0.0194015502929688 -0.224746704101562 0.179641723632813
0.0861434936523438 -0.0688323974609375 -0.08856201171875 0.19134521484375
0.0520095825195312 -0.0806808471679687 -0.0180892944335938 0.139938354492188
0.0549392700195312 -0.0705718994140625 -0.040435791015625 0.0713958740234375
0.087646484375 -0.092987060546875 -0.0885467529296875 0.01708984375
0.1201171875 -0.0333099365234375 -0.075714111328125 -0.101577758789063
0.100479125976563 0.0664520263671875 0.0375213623046875 -0.191131591796875
0.0052032470703125 0.114616394042969 0.258148193359375 -0.144622802734375
-0.112800598144531 0.0434417724609375 0.395721435546875 0.11712646484375
-0.0927810668945313 -0.04632568359375 0.212158203125 0.267501831054688
-0.0610198974609375 -0.10321044921875 0.00347614288330078 0.0163974761962891
-0.0787734985351562 -0.0445404052734375 -0.0726318359375 -0.163558959960938
-0.0631637573242188 0.00360107421875001 -0.2576904296875 -0.232467651367187
-0.02764892578125 0.0661506652832031 -0.380767822265625 -0.09039306640625
0.0321617126464844 0.0485916137695313 -0.368011474609375 0.09442138671875
0.0494003295898438 -0.00258255004882813 -0.221099853515625 0.206405639648437
0.0338249206542969 -0.0469627380371094 -0.0795745849609375 0.222747802734375
0.0167388916015625 -0.0444374084472656 -0.00552368164062499 0.1673583984375
0.0187301635742188 -0.0432319641113281 -0.03314208984375 0.092254638671875
0.0313987731933594 -0.0520515441894531 -0.0935821533203125 0.0124969482421875
0.0550537109375 -0.0213661193847656 -0.0926361083984375 -0.111701965332031
0.0415573120117188 0.0329437255859375 0.02166748046875 -0.227142333984375
-0.00619506835937501 0.0547103881835938 0.265853881835938 -0.204681396484375
-0.0665016174316406 0.00382232666015626 0.45672607421875 0.061492919921875
-0.0417861938476562 -0.0532646179199219 0.2908935546875 0.237030029296875
-0.0192337036132813 -0.0768661499023438 0.0132951736450195 0.0112390518188477
0.000213623046875 -0.0231418609619141 0.0278892517089844 -0.00970840454101563
0.00149154663085938 -0.0337429046630859 -0.2188720703125 -0.277114868164063
-0.0324821472167969 0.0143203735351562 -0.449493408203125 -0.0926208496093751
-0.0177421569824219 0.0385360717773438 -0.32781982421875 0.180633544921875
0.00893592834472657 0.0344161987304688 -0.0632781982421875 0.218353271484375
0.0237712860107422 0.0182514190673828 0.0937728881835938 0.0985336303710938
0.0309600830078125 -0.00107765197753906 0.106178283691406 -0.0564956665039063
0.0243320465087891 0.002044677734375 0.0448837280273437 -0.126502990722656
0.0257492065429688 -0.00235557556152344 0.0276336669921875 -0.191070556640625
0.0293674468994141 -0.003814697265625 0.105697631835938 -0.229232788085938
0.0254478454589844 0.00789260864257813 0.20831298828125 -0.205612182617187
0.0298404693603516 0.0206470489501953 0.324554443359375 -0.080535888671875
0.0118141174316406 0.0276947021484375 0.361053466796875 0.1114501953125
0.00986289978027344 0.0260295867919922 0.29638671875 0.17144775390625
0.000701904296875002 0.0214424133300781 0.16680908203125 0.1248779296875
-0.0191192626953125 -0.0974960327148438 0.0310230255126953 -0.0178813934326172
-0.0533676147460938 -0.0862884521484375 -0.231094360351563 -0.275680541992188
-0.104179382324219 0.0311737060546875 -0.453704833984375 -0.087066650390625
-0.0367507934570313 0.0993118286132813 -0.327545166015625 0.177093505859375
0.0424652099609375 0.0813140869140625 -0.0779571533203125 0.212020874023438
0.0801925659179688 0.012542724609375 0.0744247436523437 0.0995559692382813
0.0702285766601563 -0.0376968383789063 0.0855636596679688 -0.0438308715820313
0.0580635070800781 -0.0325164794921875 0.0236053466796875 -0.108589172363281
0.0616340637207031 -0.0484046936035156 0.00305175781250001 -0.174880981445312
0.0799636840820313 -0.0385360717773438 0.066864013671875 -0.23211669921875
0.0943374633789063 0.0125350952148438 0.172897338867188 -0.225875854492188
0.0803298950195313 0.0738983154296875 0.316619873046875 -0.11859130859375
-0.0194015502929688 0.112197875976563 0.38909912109375 0.0819091796875
-0.0740737915039063 0.0567169189453125 0.313262939453125 0.18804931640625
-0.0701141357421875 -0.0209693908691406 0.1280517578125 0.157394409179688
-0.0681610107421875 -0.141036987304687 0.0313014984130859 -0.02947998046875
-0.116630554199219 -0.107337951660156 -0.204605102539063 -0.27362060546875
-0.1612548828125 0.070404052734375 -0.426727294921875 -0.0958251953124999
-0.0373382568359375 0.160995483398438 -0.315704345703125 0.1343994140625
0.0847930908203125 0.118850708007812 -0.106674194335938 0.175140380859375
0.134773254394531 -0.0022735595703125 0.035736083984375 0.089324951171875
0.104438781738281 -0.075958251953125 0.0568351745605469 -0.0281753540039063
0.0905303955078125 -0.0690689086914063 0.00955963134765627 -0.0866851806640625
0.093597412109375 -0.092742919921875 -0.0048980712890625 -0.150619506835937
0.12786865234375 -0.06927490234375 0.049072265625 -0.2135009765625
0.156005859375 0.0194854736328125 0.146575927734375 -0.213333129882813
0.11944580078125 0.124992370605469 0.296417236328125 -0.125701904296875
-0.0524139404296875 0.1800537109375 0.383209228515625 0.067230224609375
-0.144500732421875 0.0797271728515625 0.306243896484375 0.190887451171875
-0.12799072265625 -0.0576095581054688 0.112075805664063 0.144683837890625
-0.1033935546875 -0.171737670898438 0.037353515625 -0.074371337890625
-0.174606323242188 -0.0816802978515625 -0.199600219726562 -0.269775390625
-0.17926025390625 0.130630493164063 -0.39471435546875 -0.109283447265625
-0.00399780273437498 0.200408935546875 -0.314239501953125 0.0985107421875
0.125099182128906 0.117263793945313 -0.139495849609375 0.159683227539063
0.153976440429688 -0.0307159423828125 -0.005615234375 0.101699829101563
0.10797119140625 -0.0992660522460938 0.026824951171875 0.0106792449951172
0.09710693359375 -0.0857696533203125 -0.0107460021972656 -0.044677734375
0.106033325195313 -0.116371154785156 -0.0255813598632812 -0.114219665527344
0.152313232421875 -0.0815582275390625 0.0140838623046875 -0.189163208007813
0.185455322265625 0.0334625244140625 0.10888671875 -0.2081298828125
0.126388549804688 0.161727905273438 0.275405883789063 -0.143234252929688
-0.092498779296875 0.20587158203125 0.38946533203125 0.052276611328125
-0.190689086914063 0.06109619140625 0.29461669921875 0.20751953125
-0.147598266601563 -0.104400634765625 0.0652084350585938 0.138442993164063
-0.149185180664062 -0.152420043945313 -0.00562286376953127 -0.084320068359375
-0.19891357421875 -0.0364532470703125 -0.181320190429688 -0.253311157226563
-0.167694091796875 0.18017578125 -0.353271484375 -0.139434814453125
0.03466796875 0.220260620117188 -0.318511962890625 0.03863525390625
0.162353515625 0.10919189453125 -0.187637329101563 0.129180908203125
0.177154541015625 -0.059295654296875 -0.061004638671875 0.111839294433594
0.118820190429688 -0.125244140625 -0.00962066650390624 0.053924560546875
0.111885070800781 -0.107818603515625 -0.0293464660644531 0.00193214416503905
0.124679565429688 -0.135589599609375 -0.0398597717285156 -0.0671463012695313
0.178329467773438 -0.0774383544921875 -0.01123046875 -0.148513793945312
0.198196411132813 0.06353759765625 0.0761871337890625 -0.182647705078125
0.0998382568359375 0.193252563476563 0.250732421875 -0.136001586914063
-0.137725830078125 0.1903076171875 0.376495361328125 0.060760498046875
-0.202224731445312 0.030120849609375 0.26470947265625 0.2186279296875
-0.14947509765625 -0.118637084960938 0.0509872436523438 0.0900650024414062
-0.150970458984375 -0.128936767578125 -0.00473785400390626 -0.138771057128906
-0.184066772460938 0.00680541992187497 -0.2117919921875 -0.260177612304688
-0.1031494140625 0.181716918945313 -0.374847412109375 -0.122344970703125
0.07122802734375 0.166885375976562 -0.35113525390625 0.0614929199218749
0.14422607421875 0.0499420166015625 -0.210250854492188 0.167251586914062
0.125656127929688 -0.07745361328125 -0.074554443359375 0.159866333007812
0.078338623046875 -0.106269836425781 -0.0113296508789062 0.100250244140625
0.079803466796875 -0.089752197265625 -0.034332275390625 0.0369224548339844
0.0950927734375 -0.112396240234375 -0.0665473937988281 -0.0357398986816406
0.145065307617187 -0.0583343505859375 -0.0544967651367187 -0.13397216796875
0.151321411132813 0.0694122314453125 0.036346435546875 -0.200698852539063
0.0496673583984375 0.168960571289063 0.238250732421875 -0.175750732421875
-0.150726318359375 0.12176513671875 0.40460205078125 0.034698486328125
-0.172225952148438 -0.03948974609375 0.273193359375 0.21893310546875
-0.0994873046875 -0.151718139648438 0.0108642578125 0.0756378173828125
-0.130836486816406 -0.086273193359375 -0.043975830078125 -0.158554077148438
-0.133918762207031 0.021636962890625 -0.237136840820313 -0.248611450195312
-0.057464599609375 0.140701293945313 -0.38037109375 -0.109130859375
0.0673828125 0.111373901367188 -0.366607666015625 0.0729370117187501
0.109130859375 0.0180282592773438 -0.225509643554688 0.185195922851563
0.0850601196289063 -0.0728530883789063 -0.0880279541015625 0.195114135742188
0.0502777099609375 -0.0841140747070313 -0.015472412109375 0.1416015625
0.0543441772460938 -0.0730056762695313 -0.0400924682617188 0.0731964111328125
0.0847702026367188 -0.0986328125 -0.0873947143554688 0.0203399658203125
0.119941711425781 -0.0402145385742188 -0.075439453125 -0.0994491577148437
0.104537963867188 0.0628814697265625 0.038116455078125 -0.191421508789063
0.00976562500000001 0.115440368652344 0.263961791992188 -0.146591186523438
-0.11114501953125 0.04736328125 0.40655517578125 0.1212158203125
-0.0928192138671875 -0.0443267822265625 0.218963623046875 0.277145385742188
-0.0649337768554687 -0.100776672363281 0.00229835510253906 0.0222988128662109
-0.08074951171875 -0.0432281494140625 -0.07708740234375 -0.17034912109375
-0.0650711059570313 0.00444793701171875 -0.26531982421875 -0.233383178710938
-0.0264053344726563 0.0675163269042969 -0.388275146484375 -0.086700439453125
0.0345878601074219 0.0495719909667969 -0.3736572265625 0.101348876953125
0.0504493713378906 -0.00376129150390625 -0.221206665039063 0.212982177734375
0.0320854187011719 -0.0492057800292969 -0.07745361328125 0.2266845703125
0.0154647827148437 -0.0460319519042969 -0.00152587890625002 0.169113159179687
0.0185165405273438 -0.044281005859375 -0.0322113037109375 0.09393310546875
0.0292167663574219 -0.0531196594238281 -0.0942001342773438 0.0146102905273437
0.0541534423828125 -0.0246543884277344 -0.095306396484375 -0.109451293945313
0.0438270568847656 0.0325584411621094 0.0189056396484375 -0.227447509765625
-0.00432586669921874 0.0555076599121094 0.267532348632813 -0.209030151367188
-0.0667457580566406 0.00530242919921874 0.464202880859375 0.0574951171875
-0.0436286926269531 -0.053619384765625 0.298065185546875 0.240966796875
-0.0215606689453125 -0.0772171020507813 0.0124845504760742 0.0147867202758789
-0.0014190673828125 -0.0216026306152344 0.0316352844238281 -0.0143394470214844
-0.000850677490234372 -0.0358772277832031 -0.23101806640625 -0.281219482421875
-0.0337066650390625 0.0147762298583984 -0.46380615234375 -0.083770751953125
-0.0170707702636719 0.0409965515136719 -0.330657958984375 0.192474365234375
0.0105705261230469 0.0367889404296875 -0.058380126953125 0.222930908203125
0.0248908996582031 0.0184345245361328 0.096466064453125 0.0966720581054688
0.0306377410888672 -0.00188064575195313 0.103767395019531 -0.0633010864257813
0.0252170562744141 0.00249290466308594 0.0391387939453125 -0.131240844726563
0.0256977081298828 -0.00244712829589844 0.020751953125 -0.1971435546875
0.0289554595947266 -0.00561141967773438 0.09893798828125 -0.238784790039063
0.0265312194824219 0.00731658935546875 0.207504272460937 -0.217514038085937
0.0320816040039063 0.0201053619384766 0.33392333984375 -0.092926025390625
0.0140361785888672 0.0277328491210937 0.37652587890625 0.103912353515625
0.0109348297119141 0.0259628295898438 0.3104248046875 0.166534423828125
0.00132942199707031 0.0229892730712891 0.179153442382813 0.121475219726562
-0.0244369506835937 -0.0980911254882813 0.0340576171875 -0.0226230621337891
-0.0599746704101563 -0.0870742797851562 -0.243682861328125 -0.276763916015625
-0.106376647949219 0.0349884033203125 -0.4683837890625 -0.07611083984375
-0.0340652465820313 0.104484558105469 -0.329620361328125 0.1898193359375
0.0469436645507813 0.083099365234375 -0.073486328125 0.218124389648438
0.0816726684570313 0.00955963134765625 0.0780181884765625 0.0984725952148438
0.069183349609375 -0.0419578552246094 0.0840377807617188 -0.0490341186523438
0.0580368041992188 -0.0348663330078125 0.0190811157226563 -0.111289978027344
0.0605239868164063 -0.0517082214355469 -0.00393676757812499 -0.178985595703125
0.0798187255859375 -0.0431442260742188 0.0598907470703125 -0.238937377929688
0.0975723266601563 0.0080108642578125 0.170135498046875 -0.236160278320313
0.086181640625 0.0726470947265625 0.323272705078125 -0.13214111328125
-0.01385498046875 0.116676330566406 0.404541015625 0.072479248046875
-0.074615478515625 0.0619125366210938 0.328155517578125 0.182891845703125
-0.0747833251953125 -0.0181655883789063 0.140380859375 0.160202026367188
-0.077789306640625 -0.139884948730469 0.0337562561035156 -0.035308837890625
-0.125572204589844 -0.10711669921875 -0.215728759765625 -0.2767333984375
-0.163497924804687 0.0788116455078125 -0.4398193359375 -0.085418701171875
-0.0314483642578125 0.168136596679688 -0.3199462890625 0.14532470703125
0.0931472778320313 0.119926452636719 -0.105194091796875 0.18157958984375
0.137298583984375 -0.0085906982421875 0.0378341674804688 0.0886383056640625
0.101776123046875 -0.0830917358398438 0.0549087524414063 -0.0322151184082031
0.0897064208984375 -0.074981689453125 0.00534820556640626 -0.0887908935546875
0.090240478515625 -0.0990676879882813 -0.01080322265625 -0.15460205078125
0.126953125 -0.0780410766601563 0.0421905517578125 -0.219924926757812
0.16192626953125 0.01214599609375 0.1435546875 -0.221954345703125
0.129127502441406 0.124374389648438 0.30291748046875 -0.1383056640625
-0.0447540283203125 0.189041137695313 0.397796630859375 0.058258056640625
-0.14569091796875 0.08868408203125 0.3212890625 0.186981201171875
-0.136878967285156 -0.0529251098632813 0.1224365234375 0.1478271484375
-0.11505126953125 -0.170379638671875 0.037750244140625 -0.0814895629882813
-0.18414306640625 -0.07769775390625 -0.210128784179688 -0.271270751953125
-0.179031372070313 0.142364501953125 -0.4071044921875 -0.098785400390625
0.00540161132812499 0.206695556640625 -0.31890869140625 0.109649658203125
0.13433837890625 0.116157531738281 -0.138137817382812 0.167251586914063
0.155548095703125 -0.03802490234375 -0.00386810302734374 0.103202819824219
0.105087280273438 -0.107147216796875 0.0264701843261719 0.00843048095703124
0.0960464477539063 -0.0926132202148438 -0.0134201049804687 -0.0447311401367188
0.102058410644531 -0.1240234375 -0.0306625366210937 -0.116493225097656
0.151123046875 -0.091766357421875 0.00653076171875003 -0.193069458007812
0.1922607421875 0.0256500244140625 0.105072021484375 -0.2147216796875
0.137420654296875 0.161666870117188 0.28045654296875 -0.155242919921875
-0.08575439453125 0.216873168945312 0.404022216796875 0.043182373046875
-0.194320678710938 0.070770263671875 0.309326171875 0.2049560546875
-0.159500122070313 -0.101318359375 0.07293701171875 0.1435546875
-0.162811279296875 -0.147171020507813 -0.00726318359375001 -0.089263916015625
-0.209442138671875 -0.026641845703125 -0.19110107421875 -0.258438110351563
-0.16387939453125 0.194610595703125 -0.367828369140625 -0.13336181640625
0.0479888916015625 0.22601318359375 -0.32891845703125 0.0482177734375
0.173828125 0.10565185546875 -0.189620971679688 0.13897705078125
0.177413940429688 -0.0719451904296875 -0.0618209838867187 0.116127014160156
0.114059448242188 -0.136634826660156 -0.00906753540039062 0.0554122924804687
0.110107421875 -0.117362976074219 -0.0299663543701172 0.00407600402832031
0.119216918945313 -0.145828247070313 -0.042022705078125 -0.0679130554199219
0.177444458007812 -0.090545654296875 -0.0162353515625 -0.14990234375
0.206817626953125 0.055419921875 0.0738372802734375 -0.1878662109375
0.112106323242187 0.194503784179688 0.256866455078125 -0.145614624023438
-0.1314697265625 0.203338623046875 0.3912353515625 0.05389404296875
-0.206039428710937 0.0403289794921875 0.27996826171875 0.220230102539063
-0.1614990234375 -0.113357543945313 0.0555267333984375 0.0939788818359375
-0.162017822265625 -0.125930786132813 -0.010589599609375 -0.147003173828125
-0.191757202148438 0.013397216796875 -0.22344970703125 -0.261978149414063
-0.09869384765625 0.191757202148438 -0.388916015625 -0.11297607421875
0.08148193359375 0.168899536132812 -0.359039306640625 0.07421875
0.1514892578125 0.045806884765625 -0.210006713867188 0.178512573242187
0.124237060546875 -0.085296630859375 -0.0726776123046875 0.166030883789063
0.0749053955078125 -0.113960266113281 -0.007843017578125 0.101371765136719
0.0784530639648438 -0.0958938598632813 -0.0342330932617187 0.0389480590820312
0.0907745361328125 -0.119049072265625 -0.0701675415039063 -0.0345077514648438
0.144454956054688 -0.0669708251953125 -0.0598602294921875 -0.132972717285156
0.158248901367188 0.064117431640625 0.0310821533203125 -0.203399658203125
0.05865478515625 0.171310424804688 0.240142822265625 -0.186630249023437
-0.149612426757813 0.132095336914062 0.4158935546875 0.024200439453125
-0.179443359375 -0.0327911376953125 0.28839111328125 0.219512939453125
-0.111358642578125 -0.15032958984375 0.013397216796875 0.0813369750976562
-0.138839721679688 -0.0826416015625 -0.05169677734375 -0.166534423828125
-0.138755798339844 0.0270614624023438 -0.250503540039062 -0.24798583984375
-0.0526123046875 0.147689819335938 -0.39404296875 -0.098480224609375
0.0749969482421875 0.111778259277344 -0.3741455078125 0.087921142578125
0.113166809082031 0.0147247314453125 -0.224960327148438 0.1978759765625
0.0830764770507813 -0.0787124633789063 -0.083831787109375 0.20257568359375
0.0475234985351563 -0.0895919799804688 -0.0104827880859375 0.143997192382813
0.0534744262695313 -0.0783538818359375 -0.0388031005859375 0.0766372680664062
0.0788803100585938 -0.106376647949219 -0.0869216918945313 0.024749755859375
0.118934631347656 -0.0498199462890625 -0.0795059204101562 -0.0964279174804688
0.110160827636719 0.0577468872070313 0.0353546142578125 -0.194183349609375
0.0169219970703125 0.117576599121094 0.270904541015625 -0.156845092773438
-0.109321594238281 0.0534515380859375 0.425811767578125 0.115997314453125
-0.0951156616210938 -0.0406265258789063 0.2373046875 0.285797119140625
-0.0712890625 -0.0976409912109375 0.00128746032714843 0.0292472839355469
-0.0841903686523438 -0.0399398803710937 -0.086181640625 -0.177001953125
-0.0689125061035156 0.00663375854492188 -0.279556274414063 -0.230514526367188
-0.0233993530273438 0.0710983276367188 -0.401031494140625 -0.0743103027343751
0.0389976501464844 0.0499229431152344 -0.380157470703125 0.1173095703125
0.0523338317871094 -0.00569915771484375 -0.219497680664062 0.225616455078125
0.0302391052246094 -0.0519142150878906 -0.071533203125 0.235214233398438
0.0141944885253906 -0.0490989685058594 0.00460815429687499 0.171401977539063
0.01788330078125 -0.0464706420898438 -0.0302047729492187 0.095977783203125
0.02734375 -0.0554313659667969 -0.0961837768554688 0.0190505981445312
0.0531578063964844 -0.0288047790527344 -0.10089111328125 -0.106521606445313
0.0472564697265625 0.0315895080566406 0.0120697021484375 -0.229766845703125
-0.00159072875976563 0.0570297241210937 0.267196655273438 -0.222000122070313
-0.068115234375 0.007598876953125 0.478271484375 0.045654296875
-0.0474128723144531 -0.0537071228027344 0.31396484375 0.240447998046875
-0.0254058837890625 -0.07720947265625 0.0118083953857422 0.0184650421142578
-0.00234603881835937 -0.0186500549316406 0.0343570709228516 -0.0197200775146484
-0.00429534912109375 -0.0369987487792969 -0.248001098632813 -0.276077270507812
-0.0344409942626953 0.0156841278076172 -0.476104736328125 -0.061248779296875
-0.0152015686035156 0.0432968139648438 -0.326019287109375 0.2108154296875
0.0130577087402344 0.0381660461425781 -0.0488433837890625 0.227569580078125
0.0264568328857422 0.0185775756835938 0.100723266601563 0.0917816162109375
0.0306568145751953 -0.00283050537109375 0.0986709594726562 -0.0715789794921875
0.0265007019042969 0.00228500366210938 0.0300521850585938 -0.135894775390625
0.0258121490478516 -0.00268173217773438 0.00802612304687502 -0.201934814453125
0.0282096862792969 -0.00673484802246094 0.0859527587890625 -0.249053955078125
0.0269966125488281 0.00544166564941406 0.199539184570313 -0.232131958007812
0.0340976715087891 0.017547607421875 0.3375244140625 -0.113006591796875
0.0166912078857422 0.0265350341796875 0.390228271484375 0.086090087890625
0.0128498077392578 0.0258979797363281 0.3238525390625 0.151397705078125
0.002105712890625 0.02490234375 0.192825317382813 0.112716674804688
-0.0317153930664063 -0.0959548950195313 0.0365219116210938 -0.0281944274902344
-0.0675125122070312 -0.085174560546875 -0.260208129882812 -0.270034790039063
-0.106719970703125 0.0421066284179687 -0.4781494140625 -0.0504455566406249
-0.0279693603515625 0.108528137207031 -0.323760986328125 0.208221435546875
0.0532150268554688 0.0829391479492188 -0.0632171630859375 0.223587036132813
0.0827484130859375 0.00527191162109375 0.0827865600585938 0.0939102172851563
0.0657730102539063 -0.0461883544921875 0.0802536010742188 -0.055328369140625
0.057647705078125 -0.0385246276855469 0.0116424560546875 -0.1131591796875
0.0576820373535156 -0.0558242797851563 -0.0144500732421875 -0.180755615234375
0.0768051147460938 -0.0495147705078125 0.046539306640625 -0.24493408203125
0.0992584228515625 0.0019989013671875 0.159393310546875 -0.2476806640625
0.0925674438476562 0.0680313110351563 0.323638916015625 -0.153228759765625
-0.00589752197265624 0.120323181152344 0.41668701171875 0.05181884765625
-0.072906494140625 0.0676956176757813 0.344268798828125 0.16766357421875
-0.0794143676757813 -0.012481689453125 0.155563354492188 0.157760620117188
-0.0894317626953125 -0.134132385253906 0.0349655151367187 -0.0421218872070313
-0.136825561523438 -0.102142333984375 -0.230712890625 -0.271759033203125
-0.161346435546875 0.090057373046875 -0.450042724609375 -0.0634765625000001
-0.0205841064453125 0.172988891601563 -0.316925048828125 0.162628173828125
0.102989196777344 0.116600036621094 -0.0972137451171875 0.188430786132813
0.137680053710937 -0.0183639526367187 0.0409927368164063 0.08624267578125
0.09588623046875 -0.0919647216796875 0.0514106750488281 -0.0370979309082031
0.0862045288085938 -0.0818405151367188 -0.000663757324218739 -0.09002685546875
0.0839309692382813 -0.10626220703125 -0.0206298828125 -0.156234741210938
0.122184753417969 -0.0884628295898438 0.028594970703125 -0.22412109375
0.165191650390625 0.0007171630859375 0.134048461914063 -0.231781005859375
0.140167236328125 0.118316650390625 0.302459716796875 -0.15753173828125
-0.0323638916015625 0.195724487304688 0.40838623046875 0.03802490234375
-0.14349365234375 0.0999603271484375 0.33746337890625 0.172607421875
-0.145416259765625 -0.0435638427734375 0.13592529296875 0.145492553710938
-0.13031005859375 -0.164230346679688 0.0352706909179688 -0.08837890625
-0.194854736328125 -0.067840576171875 -0.225082397460938 -0.266860961914062
-0.17327880859375 0.156524658203125 -0.41851806640625 -0.078887939453125
0.018951416015625 0.21044921875 -0.318115234375 0.12713623046875
0.1451416015625 0.110000610351563 -0.13104248046875 0.177230834960938
0.154708862304688 -0.04937744140625 -0.000221252441406238 0.1036376953125
0.0974884033203125 -0.116561889648438 0.0258808135986328 0.00592994689941406
0.0921630859375 -0.100395202636719 -0.0169868469238281 -0.044464111328125
0.0944900512695313 -0.132843017578125 -0.038299560546875 -0.115791320800781
0.145370483398437 -0.103744506835937 -0.00492858886718747 -0.194473266601562
0.196914672851562 0.012725830078125 0.09454345703125 -0.2216796875
0.150833129882813 0.15631103515625 0.278564453125 -0.172225952148438
-0.0725250244140625 0.226776123046875 0.413116455078125 0.0224609375
-0.194534301757813 0.085418701171875 0.3262939453125 0.192535400390625
-0.171829223632813 -0.0912628173828125 0.0843658447265625 0.145614624023438
-0.177398681640625 -0.135528564453125 -0.0116043090820313 -0.0934829711914063
-0.216949462890625 -0.00914001464843754 -0.204833984375 -0.255325317382813
-0.152801513671875 0.211135864257812 -0.382171630859375 -0.116455078125
0.06610107421875 0.22662353515625 -0.333953857421875 0.0648803710937501
0.186676025390625 0.0950469970703125 -0.186203002929688 0.152664184570313
0.173797607421875 -0.087310791015625 -0.0592498779296875 0.121162414550781
0.103958129882813 -0.148727416992188 -0.0076141357421875 0.056488037109375
0.102828979492188 -0.128097534179688 -0.0308990478515625 0.00713729858398436
0.108642578125 -0.157073974609375 -0.0473861694335938 -0.0670700073242188
0.171356201171875 -0.106948852539063 -0.0252838134765625 -0.14971923828125
0.214447021484375 0.0398101806640625 0.06610107421875 -0.192581176757813
0.12884521484375 0.190505981445313 0.256195068359375 -0.1611328125
-0.117996215820313 0.216461181640625 0.40277099609375 0.035552978515625
-0.205841064453125 0.0557861328125 0.29730224609375 0.211578369140625
-0.173812866210938 -0.10076904296875 0.0629730224609375 0.095947265625
-0.173843383789063 -0.116607666015625 -0.0191802978515625 -0.153518676757813
-0.197540283203125 0.0254669189453125 -0.239913940429688 -0.255538940429687
-0.088531494140625 0.202362060546875 -0.4000244140625 -0.09283447265625
0.0947723388671875 0.1666259765625 -0.3607177734375 0.0955810546875
0.158416748046875 0.0368194580078125 -0.20257568359375 0.193115234375
0.119483947753906 -0.0956039428710938 -0.0648956298828125 0.172531127929688
0.06683349609375 -0.121589660644531 -0.00281524658203124 0.101875305175781
0.0736236572265625 -0.103836059570312 -0.0333442687988281 0.0415191650390625
0.0835494995117188 -0.126686096191406 -0.073272705078125 -0.0302505493164063
0.139572143554688 -0.0785140991210938 -0.0690689086914063 -0.128822326660156
0.164077758789063 0.054351806640625 0.0212249755859375 -0.205108642578125
0.0709228515625 0.170761108398438 0.234451293945312 -0.200576782226562
-0.142547607421875 0.143905639648438 0.42486572265625 0.00344848632812501
-0.1856689453125 -0.0217437744140625 0.303863525390625 0.209625244140625
-0.124923706054688 -0.144027709960938 0.0180892944335937 0.085540771484375
-0.146392822265625 -0.07403564453125 -0.063323974609375 -0.169952392578125
-0.142669677734375 0.03558349609375 -0.267913818359375 -0.239944458007812
-0.0442047119140625 0.153640747070312 -0.40447998046875 -0.07684326171875
0.0851058959960938 0.108680725097656 -0.3751220703125 0.1102294921875
0.117767333984375 0.0074615478515625 -0.217300415039063 0.213760375976563
0.0785751342773438 -0.0868911743164063 -0.07440185546875 0.211029052734375
0.0416030883789062 -0.095794677734375 -0.0017242431640625 0.145309448242188
0.0501480102539063 -0.08367919921875 -0.035400390625 0.079986572265625
0.0697479248046875 -0.114082336425781 -0.08477783203125 0.0306930541992187
0.114364624023438 -0.0615921020507813 -0.0837631225585937 -0.0907669067382813
0.1156005859375 0.0473480224609375 0.027801513671875 -0.1961669921875
0.0267257690429687 0.117294311523438 0.270431518554688 -0.172042846679688
-0.105201721191406 0.0618743896484375 0.444366455078125 0.098388671875
-0.0968170166015625 -0.0340957641601562 0.259124755859375 0.28485107421875
-0.0797348022460937 -0.0902862548828125 0.00209426879882812 0.035675048828125
-0.0871658325195313 -0.034027099609375 -0.100616455078125 -0.178543090820312
-0.0712356567382813 0.0113983154296875 -0.29766845703125 -0.2191162109375
-0.0196304321289063 0.0734024047851563 -0.411529541015625 -0.0516357421874999
0.0438156127929687 0.0475883483886719 -0.379119873046875 0.141021728515625
0.053314208984375 -0.00933456420898437 -0.209426879882813 0.241683959960938
0.0261001586914062 -0.0551071166992188 -0.0596771240234375 0.2432861328125
0.0105438232421875 -0.0517234802246094 0.0152587890625 0.171401977539063
0.01611328125 -0.0490493774414063 -0.0252609252929688 0.0983505249023438
0.0238800048828125 -0.0572242736816406 -0.0968093872070313 0.025726318359375
0.0510063171386719 -0.0334053039550781 -0.107818603515625 -0.0994415283203125
0.0500259399414063 0.0284309387207031 -0.000396728515624984 -0.22979736328125
0.0023651123046875 0.0583457946777344 0.258590698242188 -0.238906860351563
-0.0682716369628906 0.0114555358886719 0.488250732421875 0.020416259765625
-0.0525665283203125 -0.0516014099121094 0.331695556640625 0.229400634765625
-0.0317840576171875 -0.07525634765625 0.0113945007324219 0.0219020843505859
-0.00214195251464844 -0.0165510177612305 0.036224365234375 -0.025238037109375
-0.00760269165039063 -0.0378494262695313 -0.259246826171875 -0.2620849609375
-0.0343780517578125 0.0166130065917969 -0.472808837890625 -0.0361328125
-0.0129890441894531 0.0440711975097656 -0.31158447265625 0.223968505859375
0.0156822204589844 0.0377540588378906 -0.03680419921875 0.224990844726563
0.0272960662841797 0.0173473358154297 0.102615356445313 0.0835800170898438
0.0297317504882813 -0.00399017333984375 0.0894699096679688 -0.0772171020507812
0.0270004272460938 0.00189781188964844 0.0193862915039063 -0.135574340820312
0.0263023376464844 -0.00310134887695312 -0.00579833984375001 -0.199447631835938
0.0261173248291016 -0.007659912109375 0.06866455078125 -0.251220703125
0.0259284973144531 0.00383186340332031 0.18572998046875 -0.241546630859375
0.0346717834472656 0.0140190124511719 0.330078125 -0.132965087890625
0.0187263488769531 0.0243644714355469 0.393798828125 0.06298828125
0.0141735076904297 0.0247669219970703 0.3292236328125 0.13165283203125
0.00360488891601562 0.0262680053710938 0.200439453125 0.100723266601563
-0.03704833984375 -0.0912322998046875 0.037353515625 -0.0329666137695313
-0.0740737915039063 -0.079925537109375 -0.268966674804688 -0.253524780273438
-0.104331970214844 0.0479354858398438 -0.473419189453125 -0.0242919921875
-0.0211639404296875 0.108810424804688 -0.307769775390625 0.22198486328125
0.0584259033203125 0.0786285400390625 -0.0489959716796875 0.222152709960938
0.0817947387695313 -0.00089263916015625 0.0856552124023438 0.0874099731445313
0.0607414245605469 -0.0501556396484375 0.0728836059570313 -0.0606842041015625
0.0551338195800781 -0.0414314270019531 0.00405120849609375 -0.111724853515625
0.0532493591308594 -0.0582656860351563 -0.0261383056640625 -0.177169799804688
0.0709152221679688 -0.0545120239257813 0.0299835205078125 -0.242965698242188
0.0977935791015625 -0.00559234619140625 0.144012451171875 -0.252777099609375
0.096649169921875 0.0602874755859375 0.31317138671875 -0.170379638671875
0.00263214111328125 0.118934631347656 0.416534423828125 0.02593994140625
-0.069366455078125 0.0726470947265625 0.3502197265625 0.146514892578125
-0.0807647705078125 -0.00540161132812499 0.167465209960938 0.148330688476563
-0.0873641967773437 -0.138992309570313 0.0349159240722656 -0.0478973388671875
-0.144088745117188 -0.09149169921875 -0.239700317382813 -0.257675170898438
-0.1546630859375 0.099639892578125 -0.446319580078125 -0.0371093749999999
-0.00851440429687501 0.172256469726563 -0.30426025390625 0.173553466796875
0.111824035644531 0.108779907226563 -0.0858154296875 0.19036865234375
0.132919311523438 -0.0283584594726563 0.04248046875 0.08135986328125
0.0862579345703125 -0.0986480712890625 0.045379638671875 -0.0407485961914063
0.0796356201171875 -0.0876388549804688 -0.0079803466796875 -0.088104248046875
0.0748062133789063 -0.110870361328125 -0.0306854248046875 -0.15362548828125
0.112548828125 -0.096099853515625 0.0134124755859375 -0.222702026367188
0.162750244140625 -0.0109405517578125 0.120529174804688 -0.235671997070313
0.147674560546875 0.107391357421875 0.29315185546875 -0.173248291015625
-0.017730712890625 0.196731567382812 0.407196044921875 0.014068603515625
-0.136474609375 0.109695434570313 0.3428955078125 0.15289306640625
-0.149002075195313 -0.03094482421875 0.147232055664063 0.137359619140625
-0.140274047851562 -0.152130126953125 0.030548095703125 -0.0930709838867188
-0.200180053710938 -0.0537261962890625 -0.234161376953125 -0.2537841796875
-0.162368774414063 0.167037963867187 -0.416778564453125 -0.055023193359375
0.033599853515625 0.2061767578125 -0.3062744140625 0.14251708984375
0.15283203125 0.0996551513671875 -0.119232177734375 0.18096923828125
0.148162841796875 -0.0601043701171875 0.0044097900390625 0.101554870605469
0.0871963500976563 -0.122825622558594 0.0240879058837891 0.00333213806152343
0.0854644775390625 -0.105796813964844 -0.0198135375976563 -0.0421981811523438
0.083526611328125 -0.137290954589844 -0.0458145141601563 -0.112678527832031
0.134162902832031 -0.112586975097656 -0.017059326171875 -0.1898193359375
0.195053100585938 -0.0010528564453125 0.0815582275390625 -0.22247314453125
0.160415649414063 0.144927978515625 0.2666015625 -0.186416625976563
-0.05584716796875 0.229598999023438 0.411376953125 -0.00234985351562499
-0.188949584960938 0.09735107421875 0.3338623046875 0.1732177734375
-0.17877197265625 -0.076904296875 0.094757080078125 0.141616821289063
-0.186279296875 -0.118667602539063 -0.0169906616210938 -0.09454345703125
-0.21697998046875 0.00686645507812502 -0.214157104492188 -0.245285034179688
-0.136016845703125 0.221023559570313 -0.384674072265625 -0.095123291015625
0.0833587646484375 0.219161987304688 -0.328887939453125 0.082427978515625
0.194183349609375 0.0797271728515625 -0.17669677734375 0.161758422851563
0.164093017578125 -0.101058959960938 -0.05389404296875 0.123481750488281
0.089385986328125 -0.157028198242188 -0.00526046752929686 0.055908203125
0.0922470092773438 -0.136459350585937 -0.0302391052246094 0.00976562499999999
0.0946502685546875 -0.163375854492188 -0.0517234802246094 -0.0632438659667969
0.158966064453125 -0.118942260742187 -0.03375244140625 -0.145248413085937
0.214141845703125 0.021942138671875 0.056365966796875 -0.191574096679688
0.142105102539063 0.179733276367187 0.247589111328125 -0.17303466796875
-0.100189208984375 0.222625732421875 0.403228759765625 0.01312255859375
-0.199493408203125 0.07086181640625 0.3072509765625 0.196075439453125
-0.180206298828125 -0.0843048095703125 0.069061279296875 0.0933609008789063
-0.180740356445313 -0.103302001953125 -0.029510498046875 -0.154815673828125
-0.197402954101563 0.03863525390625 -0.249069213867187 -0.241287231445313
-0.075225830078125 0.206512451171875 -0.399566650390625 -0.0678710937500001
0.10601806640625 0.158096313476563 -0.35101318359375 0.114654541015625
0.160446166992188 0.0260162353515625 -0.18896484375 0.202484130859375
0.110023498535156 -0.103050231933594 -0.0548553466796875 0.173690795898438
0.0570755004882812 -0.126052856445313 0.00202178955078126 0.0991363525390625
0.0670623779296875 -0.108413696289062 -0.0315437316894531 0.0431404113769531
0.0729141235351563 -0.130699157714844 -0.0753631591796875 -0.0248260498046875
0.130668640136719 -0.0872039794921875 -0.0754776000976562 -0.121109008789063
0.16607666015625 0.0425567626953125 0.0100555419921875 -0.200347900390625
0.0826263427734375 0.164886474609375 0.221359252929688 -0.210403442382812
-0.13134765625 0.152114868164063 0.419891357421875 -0.020599365234375
-0.186019897460938 -0.00907897949218754 0.3125 0.19183349609375
-0.135215759277344 -0.1324462890625 0.023040771484375 0.08697509765625
-0.149734497070313 -0.063323974609375 -0.075714111328125 -0.168838500976562
-0.141510009765625 0.044921875 -0.27728271484375 -0.222610473632813
-0.034149169921875 0.15594482421875 -0.402496337890625 -0.0515747070312501
0.0924606323242188 0.101310729980469 -0.364654541015625 0.1304931640625
0.117668151855469 -0.0007476806640625 -0.201889038085937 0.223846435546875
0.0706939697265625 -0.091644287109375 -0.06201171875 0.212875366210938
0.0338363647460938 -0.09930419921875 0.00567626953125 0.14239501953125
0.0442962646484375 -0.0879364013671875 -0.0311813354492187 0.080963134765625
0.0586395263671875 -0.118141174316406 -0.0799179077148438 0.0357208251953125
0.104286193847656 -0.0716171264648438 -0.0858001708984375 -0.0821304321289063
0.117073059082031 0.036041259765625 0.0194549560546875 -0.192825317382813
0.0357131958007813 0.113388061523438 0.262161254882812 -0.184432983398437
-0.0971527099609375 0.0669326782226563 0.450653076171875 0.07415771484375
-0.0958633422851562 -0.0263519287109375 0.27734375 0.273529052734375
-0.0841445922851563 -0.0790252685546875 0.00382995605468749 0.0413932800292969
-0.0868988037109375 -0.0273208618164062 -0.112899780273438 -0.174972534179687
-0.0721282958984375 0.0161285400390625 -0.305572509765625 -0.200836181640625
-0.01446533203125 0.073974609375 -0.408111572265625 -0.0269775390625
0.0478057861328125 0.0428428649902344 -0.366668701171875 0.162811279296875
0.0530128479003906 -0.0131797790527344 -0.192184448242187 0.251113891601563
0.021240234375 -0.0567398071289063 -0.043487548828125 0.243576049804688
0.0059814453125 -0.0533485412597656 0.0245361328125 0.166213989257813
0.0133628845214844 -0.0509147644042969 -0.0206298828125 0.0984725952148438
0.0202140808105469 -0.0581932067871094 -0.0946807861328125 0.0322723388671875
0.0463066101074219 -0.0369644165039063 -0.110679626464844 -0.0890350341796875
0.0512504577636719 0.0243988037109375 -0.013092041015625 -0.223464965820313
0.00678634643554688 0.0567855834960938 0.240798950195313 -0.249374389648437
-0.066680908203125 0.0154762268066406 0.48291015625 -0.00836181640625
-0.0561294555664063 -0.0470848083496094 0.34100341796875 0.209228515625
-0.0359039306640625 -0.0711746215820313 0.0109939575195312 0.0245323181152344
-0.000990867614746094 -0.0150928497314453 0.0376052856445313 -0.0302162170410156
-0.0105438232421875 -0.0366477966308594 -0.259063720703125 -0.250015258789062
-0.0353507995605469 0.0168876647949219 -0.460235595703125 -0.0205078125
-0.0114555358886719 0.0434188842773438 -0.295562744140625 0.2259521484375
0.0171318054199219 0.0367317199707031 -0.029327392578125 0.217864990234375
0.0279388427734375 0.0159645080566406 0.101272583007812 0.0769119262695313
0.0279769897460937 -0.00406837463378906 0.0807418823242187 -0.0790939331054687
0.0274982452392578 0.000675201416015625 0.0114364624023438 -0.132682800292969
0.0266132354736328 -0.00365447998046875 -0.01513671875 -0.19403076171875
0.0239467620849609 -0.00788307189941406 0.05633544921875 -0.247482299804688
0.0246086120605469 0.00264358520507812 0.173263549804688 -0.24176025390625
0.0339927673339844 0.0114765167236328 0.319854736328125 -0.141998291015625
0.0198917388916016 0.0219707489013672 0.386199951171875 0.0489501953125
0.0146846771240234 0.0239772796630859 0.32403564453125 0.116668701171875
0.00526618957519531 0.02667236328125 0.202560424804688 0.0886993408203125
-0.03900146484375 -0.0860824584960938 0.0379562377929688 -0.0371856689453125
-0.0770339965820313 -0.074554443359375 -0.268173217773438 -0.239898681640625
-0.100875854492188 0.0510482788085938 -0.46087646484375 -0.00778198242187503
-0.0164871215820312 0.106544494628906 -0.2911376953125 0.225341796875
0.0605545043945313 0.0748748779296875 -0.0399017333984375 0.215316772460938
0.0791854858398438 -0.00376129150390625 0.0856246948242187 0.0811691284179687
0.0560722351074219 -0.0510826110839844 0.0665435791015625 -0.0621604919433594
0.0521163940429688 -0.0430831909179688 -0.001434326171875 -0.108558654785156
0.0496025085449219 -0.0593986511230469 -0.0328369140625 -0.171401977539062
0.0653724670410156 -0.0552902221679688 0.0198974609375 -0.236953735351563
0.0942153930664063 -0.009613037109375 0.132369995117188 -0.25042724609375
0.0974502563476563 0.0550537109375 0.300537109375 -0.17803955078125
0.00848388671874999 0.115776062011719 0.40679931640625 0.010833740234375
-0.0660781860351563 0.0749130249023438 0.346160888671875 0.129913330078125
-0.0797882080078125 0.000251770019531252 0.172164916992187 0.138809204101563
-0.0889358520507813 -0.134086608886719 0.0349502563476562 -0.0525398254394531
-0.144912719726563 -0.0787353515625 -0.23797607421875 -0.246932983398438
-0.14837646484375 0.105056762695313 -0.43341064453125 -0.020782470703125
-0.000701904296875007 0.168914794921875 -0.2899169921875 0.176605224609375
0.115386962890625 0.100570678710938 -0.077239990234375 0.186355590820313
0.127182006835938 -0.034027099609375 0.0419769287109375 0.076568603515625
0.0776519775390625 -0.101593017578125 0.039764404296875 -0.0413894653320313
0.0737686157226563 -0.0901031494140625 -0.012847900390625 -0.0847702026367188
0.0671310424804688 -0.111778259277344 -0.0371551513671875 -0.148544311523438
0.103172302246094 -0.0992965698242188 0.00477600097656248 -0.215927124023438
0.1578369140625 -0.018463134765625 0.109909057617188 -0.232452392578125
0.1495361328125 0.098052978515625 0.28125 -0.180267333984375
-0.00790405273437501 0.193206787109375 0.39837646484375 -0.000762939453124988
-0.129531860351562 0.114303588867188 0.33941650390625 0.136749267578125
-0.148147583007812 -0.0204925537109375 0.151596069335938 0.128936767578125
-0.143295288085938 -0.1422119140625 0.0279159545898437 -0.095062255859375
-0.199539184570313 -0.0430908203125 -0.233688354492187 -0.241592407226563
-0.152313232421875 0.171218872070313 -0.40582275390625 -0.0392150878906249
0.0415191650390625 0.199996948242188 -0.293243408203125 0.1474609375
0.155044555664063 0.089996337890625 -0.109100341796875 0.17926025390625
0.140357971191406 -0.0655899047851563 0.00631713867187501 0.0980072021484375
0.0772628784179687 -0.124183654785156 0.0213603973388672 0.00198173522949218
0.0786972045898438 -0.108634948730469 -0.0219230651855469 -0.0396461486816406
0.0747451782226563 -0.138031005859375 -0.050262451171875 -0.107833862304688
0.122932434082031 -0.115890502929688 -0.024200439453125 -0.182464599609375
0.189529418945313 -0.0104217529296875 0.0732421875 -0.217681884765625
0.162994384765625 0.134918212890625 0.255340576171875 -0.191604614257812
-0.044158935546875 0.227401733398438 0.40032958984375 -0.0164794921875
-0.182220458984375 0.104400634765625 0.331329345703125 0.158294677734375
-0.18011474609375 -0.0654754638671875 0.0995254516601562 0.136863708496094
-0.188125610351563 -0.10186767578125 -0.0197372436523438 -0.0938034057617188
-0.213714599609375 0.018157958984375 -0.214920043945313 -0.236724853515625
-0.122299194335938 0.223983764648438 -0.37860107421875 -0.0813293457031249
0.09271240234375 0.209243774414063 -0.320343017578125 0.0897827148437501
0.195602416992188 0.066680908203125 -0.167434692382813 0.1632080078125
0.152420043945313 -0.10821533203125 -0.0505905151367187 0.123069763183594
0.075286865234375 -0.159439086914063 -0.00423049926757812 0.0552024841308594
0.0823287963867188 -0.139183044433594 -0.0299110412597656 0.0116329193115234
0.0817718505859375 -0.164840698242187 -0.0539932250976562 -0.0597457885742188
0.146209716796875 -0.124603271484375 -0.0386734008789062 -0.139022827148438
0.2095947265625 0.009613037109375 0.0501708984375 -0.186676025390625
0.14837646484375 0.168212890625 0.239059448242187 -0.178115844726562
-0.08538818359375 0.221969604492187 0.395843505859375 1.35912694008286E-17
-0.1912841796875 0.0788421630859375 0.307891845703125 0.182891845703125
-0.180557250976562 -0.068817138671875 0.0718765258789062 0.0907974243164063
-0.181365966796875 -0.092620849609375 -0.03619384765625 -0.153411865234375
-0.193618774414063 0.0468292236328125 -0.250701904296875 -0.229904174804688
-0.0654449462890625 0.206680297851563 -0.389373779296875 -0.0523681640625
0.110198974609375 0.149490356445313 -0.3370361328125 0.1234130859375
0.1590576171875 0.0180206298828125 -0.175308227539063 0.202972412109375
0.101448059082031 -0.105613708496094 -0.0475616455078125 0.170944213867188
0.0476608276367187 -0.127052307128906 0.00475311279296876 0.09564208984375
0.06097412109375 -0.110572814941406 -0.03045654296875 0.0440483093261719
0.065399169921875 -0.131095886230469 -0.0756912231445312 -0.02099609375
0.120872497558594 -0.09051513671875 -0.07794189453125 -0.112640380859375
0.163345336914063 0.0332183837890625 0.00375366210937502 -0.192474365234375
0.0885162353515625 0.1573486328125 0.208908081054688 -0.211715698242188
-0.121978759765625 0.154312133789063 0.407867431640625 -0.03466796875
-0.182846069335937 0.000183105468750009 0.310943603515625 0.17828369140625
-0.138465881347656 -0.121315002441406 0.0262374877929687 0.0877151489257812
-0.148513793945313 -0.05548095703125 -0.0825653076171875 -0.1646728515625
-0.138786315917969 0.0506057739257813 -0.278106689453125 -0.210235595703125
-0.027252197265625 0.1534423828125 -0.392333984375 -0.0371093749999999
0.0947799682617187 0.0938034057617187 -0.3499755859375 0.14044189453125
0.116195678710938 -0.00704193115234375 -0.1875 0.225067138671875
0.0634994506835938 -0.0929718017578125 -0.0528717041015625 0.209274291992188
0.0266265869140625 -0.100074768066406 0.00962066650390625 0.137535095214844
0.0396728515625 -0.089324951171875 -0.0288543701171875 0.08056640625
0.0494766235351562 -0.118942260742188 -0.076019287109375 0.0382766723632813
0.0949020385742188 -0.0759124755859375 -0.0839996337890625 -0.0749969482421875
0.114471435546875 0.0272369384765625 0.01544189453125 -0.1864013671875
0.0412521362304688 0.106521606445313 0.252975463867188 -0.188461303710938
-0.089630126953125 0.069122314453125 0.44525146484375 0.058380126953125
-0.0927810668945313 -0.02099609375 0.283416748046875 0.262298583984375
-0.08428955078125 -0.0683364868164062 0.00506591796875 0.0457344055175781
-0.08477783203125 -0.0231552124023438 -0.120269775390625 -0.16876220703125
-0.0712127685546875 0.019287109375 -0.30535888671875 -0.186187744140625
-0.01171875 0.0728073120117188 -0.396209716796875 -0.011566162109375
0.0487518310546875 0.0385322570800781 -0.34991455078125 0.17205810546875
0.0514411926269531 -0.016448974609375 -0.1771240234375 0.251068115234375
0.0171546936035156 -0.0562477111816406 -0.03265380859375 0.238449096679687
0.00223922729492188 -0.0537528991699219 0.029541015625 0.159347534179688
0.0107307434082031 -0.05206298828125 -0.0180892944335937 0.0961456298828125
0.017059326171875 -0.0582923889160156 -0.0917587280273438 0.0360641479492188
0.0426750183105469 -0.0376548767089844 -0.110733032226563 -0.08026123046875
0.0515480041503906 0.021697998046875 -0.019256591796875 -0.213546752929688
0.00934600830078125 0.0551795959472656 0.224105834960938 -0.250198364257813
-0.065216064453125 0.0177879333496094 0.46905517578125 -0.026641845703125
-0.0582046508789063 -0.0430450439453125 0.338958740234375 0.193389892578125
-0.0372123718261719 -0.0662689208984375 0.0107707977294922 0.0273456573486328
0.000277519226074219 -0.0141868591308594 0.0400619506835938 -0.0347900390625
-0.0125389099121094 -0.0363082885742188 -0.254119873046875 -0.246047973632813
-0.0364265441894531 0.0163955688476562 -0.450775146484375 -0.017425537109375
-0.0123786926269531 0.0430374145507813 -0.286773681640625 0.2225341796875
0.0172843933105469 0.0360908508300781 -0.0289154052734375 0.2105712890625
0.0276069641113281 0.0155296325683594 0.0985336303710938 0.0734939575195313
0.0267753601074219 -0.00333786010742187 0.0749053955078125 -0.0786895751953125
0.0278282165527344 0.000707626342773438 0.0075225830078125 -0.129402160644531
0.0271129608154297 -0.00405693054199219 -0.018707275390625 -0.1898193359375
0.0225353240966797 -0.00723648071289062 0.0506439208984375 -0.242843627929688
0.0228214263916016 0.00262641906738281 0.169326782226563 -0.240325927734375
0.0329570770263672 0.00992202758789062 0.31439208984375 -0.144012451171875
0.0203456878662109 0.0203533172607422 0.381561279296875 0.044830322265625
0.014129638671875 0.0234279632568359 0.318695068359375 0.111328125
0.00647926330566406 0.0271987915039063 0.20245361328125 0.0836029052734375
-0.0392608642578125 -0.0836181640625 0.0406265258789062 -0.0409011840820313
-0.0780563354492188 -0.071807861328125 -0.261566162109375 -0.234817504882813
-0.100425720214844 0.0519256591796875 -0.4493408203125 -0.00213623046874993
-0.0153884887695313 0.105148315429688 -0.280914306640625 0.221160888671875
0.06170654296875 0.0718307495117187 -0.0367279052734375 0.208984375
0.0763015747070313 -0.00611114501953125 0.0843505859375 0.0764236450195313
0.0522918701171875 -0.0509567260742188 0.062347412109375 -0.0621299743652344
0.0512351989746094 -0.0441360473632813 -0.00333404541015625 -0.105255126953125
0.0474433898925781 -0.0596580505371094 -0.0352630615234375 -0.16741943359375
0.0613632202148438 -0.0546760559082031 0.015655517578125 -0.231491088867188
0.09185791015625 -0.0109786987304688 0.128067016601563 -0.246551513671875
0.0960540771484375 0.0519332885742188 0.294219970703125 -0.179107666015625
0.0106582641601563 0.11334228515625 0.40081787109375 0.00622558593750001
-0.0644454956054688 0.0761947631835938 0.341644287109375 0.123748779296875
-0.0788421630859375 0.00304412841796875 0.175079345703125 0.134429931640625
-0.0892868041992187 -0.129615783691406 0.0365486145019531 -0.0573883056640625
-0.145797729492188 -0.0728607177734375 -0.232940673828125 -0.243453979492188
-0.145614624023437 0.107269287109375 -0.422760009765625 -0.01678466796875
0.00276184082031249 0.165817260742188 -0.2816162109375 0.17242431640625
0.116424560546875 0.0958023071289063 -0.074462890625 0.180557250976562
0.122779846191406 -0.037445068359375 0.0395278930664063 0.0737686157226563
0.0710296630859375 -0.101470947265625 0.0359764099121094 -0.0417633056640625
0.0703506469726562 -0.0913467407226563 -0.0141448974609375 -0.0827407836914062
0.0631179809570313 -0.11260986328125 -0.04010009765625 -0.14532470703125
0.0972213745117188 -0.098907470703125 0.00119018554687502 -0.210723876953125
0.153823852539062 -0.0219879150390625 0.107437133789063 -0.228836059570313
0.149887084960938 0.093536376953125 0.276504516601563 -0.181137084960938
-0.00354003906250001 0.189956665039063 0.391510009765625 -0.00460815429687499
-0.125885009765625 0.116134643554687 0.3349609375 0.1312255859375
-0.146453857421875 -0.014923095703125 0.153671264648437 0.124832153320312
-0.143936157226563 -0.137603759765625 0.0275344848632813 -0.0976409912109375
-0.199493408203125 -0.036956787109375 -0.2286376953125 -0.238296508789063
-0.147705078125 0.173110961914062 -0.394775390625 -0.0354614257812499
0.044677734375 0.195602416992188 -0.2845458984375 0.145263671875
0.155792236328125 0.084991455078125 -0.104934692382813 0.174850463867188
0.134498596191406 -0.0683670043945313 0.00583648681640626 0.0947723388671875
0.0703277587890625 -0.124687194824219 0.0198726654052734 0.00103759765624999
0.075103759765625 -0.110542297363281 -0.022552490234375 -0.037994384765625
0.0698089599609375 -0.138031005859375 -0.05230712890625 -0.104110717773438
0.116813659667969 -0.115898132324219 -0.026336669921875 -0.177001953125
0.185516357421875 -0.01422119140625 0.0707855224609375 -0.212844848632813
0.163604736328125 0.12945556640625 0.25030517578125 -0.191680908203125
-0.039276123046875 0.224502563476563 0.392547607421875 -0.019989013671875
-0.178985595703125 0.107955932617188 0.32666015625 0.152618408203125
-0.179397583007813 -0.0587310791015625 0.101737976074219 0.134986877441406
-0.188140869140625 -0.09149169921875 -0.0202865600585938 -0.094635009765625
-0.211593627929687 0.0239410400390625 -0.211212158203125 -0.234298706054688
-0.11474609375 0.225372314453125 -0.371795654296875 -0.077239990234375
0.097320556640625 0.20281982421875 -0.314056396484375 0.089874267578125
0.195846557617187 0.0582733154296875 -0.163360595703125 0.161590576171875
0.14385986328125 -0.111785888671875 -0.05078125 0.123039245605469
0.0655059814453125 -0.159942626953125 -0.00506591796874999 0.0547447204589844
0.076019287109375 -0.14178466796875 -0.0286312103271484 0.0125579833984375
0.0742950439453125 -0.165802001953125 -0.0552024841308594 -0.0571556091308594
0.137245178222656 -0.126510620117188 -0.039031982421875 -0.134498596191406
0.205459594726563 0.002960205078125 0.0498504638671875 -0.182586669921875
0.1510009765625 0.16082763671875 0.235519409179688 -0.178009033203125
-0.0787811279296875 0.22003173828125 0.39044189453125 -0.00396728515624999
-0.185867309570313 0.0828094482421875 0.303680419921875 0.17877197265625
-0.178070068359375 -0.05950927734375 0.0726699829101562 0.090087890625
-0.180801391601563 -0.087799072265625 -0.0388946533203125 -0.153045654296875
-0.193252563476563 0.0509796142578125 -0.246871948242188 -0.225204467773438
-0.0610198974609375 0.205703735351563 -0.38116455078125 -0.0474548339843749
0.1114501953125 0.144210815429688 -0.327911376953125 0.124267578125
0.1573486328125 0.013458251953125 -0.16973876953125 0.200607299804688
0.0956268310546875 -0.106185913085938 -0.0449676513671875 0.16778564453125
0.0412673950195312 -0.127098083496094 0.00451660156250001 0.0931015014648437
0.0571060180664063 -0.112144470214844 -0.03045654296875 0.0443496704101562
0.0611495971679688 -0.130989074707031 -0.076202392578125 -0.0175857543945313
0.114913940429687 -0.0911331176757812 -0.0776596069335938 -0.107032775878906
0.16094970703125 0.0287628173828125 0.00341796875000001 -0.186141967773438
0.09002685546875 0.152969360351563 0.203369140625 -0.208282470703125
-0.116943359375 0.154296875 0.397674560546875 -0.037933349609375
-0.1812744140625 0.00512695312499999 0.30572509765625 0.174652099609375
-0.138839721679688 -0.115249633789063 0.0269699096679687 0.0883865356445312
-0.147232055664063 -0.052093505859375 -0.0855560302734376 -0.163711547851563
-0.138153076171875 0.0535430908203125 -0.27435302734375 -0.204849243164062
-0.024658203125 0.153152465820313 -0.3834228515625 -0.0316162109375001
0.0955886840820313 0.0896987915039063 -0.340850830078125 0.14031982421875
0.115310668945313 -0.00981903076171875 -0.180938720703125 0.221786499023438
0.0589675903320312 -0.0930557250976563 -0.048828125 0.2056884765625
0.0215682983398438 -0.100357055664063 0.01031494140625 0.134254455566406
0.0362472534179688 -0.09100341796875 -0.0283050537109375 0.0808486938476563
0.0426025390625 -0.118385314941406 -0.0723495483398438 0.0400848388671875
0.0874176025390625 -0.077423095703125 -0.0811843872070313 -0.0709228515625
0.111770629882813 0.0216751098632813 0.0172576904296875 -0.180862426757812
0.0437545776367188 0.101463317871094 0.2498779296875 -0.187286376953125
-0.0844955444335938 0.0685043334960938 0.441497802734375 0.05426025390625
-0.089447021484375 -0.0182418823242188 0.28363037109375 0.259765625
-0.0809707641601563 -0.0614013671875 0.00592041015625 0.0506820678710937
-0.08319091796875 -0.0212631225585938 -0.1239013671875 -0.167388916015625
-0.0713348388671875 0.0212478637695312 -0.301910400390625 -0.180206298828125
-0.0110015869140625 0.0718612670898438 -0.387237548828125 -0.0064697265625
0.0487785339355469 0.03570556640625 -0.34088134765625 0.173095703125
0.0506553649902344 -0.0181884765625 -0.170135498046875 0.248062133789062
0.0145759582519531 -0.0556411743164063 -0.028289794921875 0.23321533203125
-0.000789642333984372 -0.0533638000488281 0.030029296875 0.15460205078125
0.00894165039062499 -0.0534820556640625 -0.0177459716796875 0.095611572265625
0.0156822204589844 -0.0587196350097656 -0.090484619140625 0.0386581420898438
0.0400886535644531 -0.0378646850585938 -0.109123229980469 -0.074615478515625
0.0516891479492188 0.0196647644042969 -0.0206146240234375 -0.206008911132813
0.0102615356445312 0.0544967651367188 0.215652465820313 -0.24627685546875
-0.0640335083007813 0.0191192626953125 0.457550048828125 -0.03094482421875
-0.0590591430664062 -0.0402374267578125 0.333892822265625 0.188232421875
-0.0375137329101563 -0.0637359619140625 0.00978279113769531 0.0303134918212891
0.00193500518798828 -0.014369010925293 0.0439491271972656 -0.0404891967773438
-0.0140647888183594 -0.037353515625 -0.251022338867187 -0.25238037109375
-0.0389633178710938 0.0173225402832031 -0.452301025390625 -0.0207824707031249
-0.013092041015625 0.043914794921875 -0.287750244140625 0.2191162109375
0.0175285339355469 0.0360946655273438 -0.03057861328125 0.208206176757813
0.0276527404785156 0.0157394409179688 0.0962295532226563 0.0719833374023438
0.0266971588134766 -0.00269889831542969 0.07269287109375 -0.0795364379882813
0.0279884338378906 0.000276565551757812 0.00635528564453126 -0.130195617675781
0.0272331237792969 -0.00467681884765625 -0.0207061767578125 -0.191116333007813
0.0221309661865234 -0.00626754760742188 0.050506591796875 -0.243789672851563
0.0223331451416016 0.00315475463867188 0.171783447265625 -0.243118286132812
0.0325298309326172 0.00904464721679688 0.319366455078125 -0.145843505859375
0.0205802917480469 0.0193424224853516 0.3846435546875 0.04779052734375
0.0143775939941406 0.0237808227539063 0.320037841796875 0.113494873046875
0.00768089294433594 0.0281238555908203 0.206207275390625 0.0829925537109375
-0.040252685546875 -0.0839767456054688 0.0441818237304688 -0.0451393127441406
-0.0812530517578125 -0.0720367431640625 -0.258209228515625 -0.24005126953125
-0.102699279785156 0.0541229248046875 -0.448699951171875 -0.00454711914062495
-0.0155181884765625 0.106208801269531 -0.28070068359375 0.21844482421875
0.0624465942382813 0.0712738037109375 -0.037872314453125 0.206588745117188
0.0760574340820312 -0.00617218017578125 0.0835494995117187 0.0747146606445313
0.0505638122558594 -0.0506591796875 0.0611000061035156 -0.0631256103515625
0.0510635375976563 -0.0457382202148437 -0.00338745117187501 -0.105720520019531
0.0478172302246094 -0.0614776611328125 -0.036163330078125 -0.167388916015625
0.0608329772949219 -0.0547218322753906 0.0147247314453125 -0.230758666992188
0.0921554565429688 -0.0113143920898438 0.129928588867188 -0.247695922851563
0.0970306396484375 0.0513839721679688 0.29705810546875 -0.18072509765625
0.0111770629882813 0.113876342773438 0.402008056640625 0.00842285156250001
-0.0661163330078125 0.07843017578125 0.342620849609375 0.125579833984375
-0.079559326171875 0.00466918945312499 0.179611206054687 0.135330200195313
-0.091766357421875 -0.130340576171875 0.0394554138183594 -0.063934326171875
-0.148971557617188 -0.0717620849609375 -0.229644775390625 -0.249649047851562
-0.14697265625 0.111358642578125 -0.4229736328125 -0.0191650390624999
0.00347900390624999 0.1669921875 -0.2825927734375 0.16912841796875
0.119171142578125 0.0938796997070313 -0.076019287109375 0.17791748046875
0.121726989746094 -0.0403213500976562 0.0373001098632813 0.0724716186523438
0.0672683715820313 -0.102828979492187 0.0343551635742188 -0.0423164367675781
0.0687637329101563 -0.0944671630859375 -0.0150985717773437 -0.0819015502929688
0.0615234375 -0.115928649902344 -0.041290283203125 -0.146041870117188
0.0953903198242187 -0.100166320800781 0.000701904296875006 -0.210174560546875
0.154251098632812 -0.0235137939453125 0.109115600585938 -0.22991943359375
0.151779174804688 0.092926025390625 0.280319213867187 -0.182693481445312
-0.00163269042968751 0.191390991210937 0.393310546875 -0.00341796874999999
-0.127479553222656 0.119422912597656 0.337005615234375 0.13372802734375
-0.148773193359375 -0.0124359130859375 0.157501220703125 0.126113891601562
-0.147186279296875 -0.137054443359375 0.0291900634765625 -0.102630615234375
-0.203399658203125 -0.0354461669921875 -0.225799560546875 -0.244033813476562
-0.148773193359375 0.17803955078125 -0.39471435546875 -0.0368957519531249
0.0468597412109375 0.196426391601563 -0.28497314453125 0.1422119140625
0.158035278320313 0.0831756591796875 -0.105438232421875 0.172943115234375
0.132965087890625 -0.0699691772460938 0.00470733642578126 0.093780517578125
0.066986083984375 -0.125717163085937 0.0189647674560547 0.000301361083984367
0.0734024047851563 -0.113456726074219 -0.0227699279785156 -0.0375099182128906
0.068328857421875 -0.141525268554688 -0.05389404296875 -0.104217529296875
0.115325927734375 -0.116912841796875 -0.0272369384765625 -0.176300048828125
0.18670654296875 -0.01593017578125 0.0732574462890625 -0.212844848632813
0.166061401367188 0.1298828125 0.253524780273438 -0.192520141601563
-0.0388946533203125 0.227157592773437 0.393341064453125 -0.017974853515625
-0.181045532226563 0.11126708984375 0.3277587890625 0.1568603515625
-0.182174682617187 -0.05712890625 0.104270935058594 0.13739013671875
-0.19073486328125 -0.0857391357421875 -0.0194854736328125 -0.0972747802734375
-0.213943481445313 0.0279388427734375 -0.210205078125 -0.242172241210938
-0.1116943359375 0.230361938476563 -0.3724365234375 -0.0798950195312499
0.102294921875 0.202285766601563 -0.317901611328125 0.0881652832031251
0.20025634765625 0.053466796875 -0.16546630859375 0.16156005859375
0.140701293945312 -0.115692138671875 -0.052490234375 0.124702453613281
0.0588226318359375 -0.16229248046875 -0.00542831420898437 0.0547523498535156
0.072418212890625 -0.146224975585938 -0.0285778045654297 0.0145072937011719
0.0702362060546875 -0.168991088867188 -0.0563316345214844 -0.0567741394042969
0.133453369140625 -0.128768920898438 -0.0393905639648437 -0.133430480957031
0.205673217773438 -0.0015106201171875 0.0541534423828125 -0.182952880859375
0.154769897460938 0.159347534179688 0.240036010742188 -0.179061889648438
-0.0751953125 0.222442626953125 0.393341064453125 -0.00152587890624999
-0.185684204101562 0.086639404296875 0.305908203125 0.18353271484375
-0.179412841796875 -0.0545654296875 0.0740585327148437 0.091888427734375
-0.183929443359375 -0.0874176025390625 -0.0400390625 -0.157440185546875
-0.196670532226563 0.053924560546875 -0.246597290039063 -0.23089599609375
-0.06103515625 0.209686279296875 -0.379730224609375 -0.0499267578125001
0.113433837890625 0.1441650390625 -0.32928466796875 0.1221923828125
0.160415649414062 0.0108184814453125 -0.171112060546875 0.199905395507813
0.093475341796875 -0.107566833496094 -0.046142578125 0.168212890625
0.037567138671875 -0.128166198730469 0.00365447998046874 0.09326171875
0.0552291870117187 -0.115631103515625 -0.03131103515625 0.0459060668945312
0.0588607788085938 -0.133438110351563 -0.07757568359375 -0.015777587890625
0.113357543945312 -0.09185791015625 -0.078338623046875 -0.10546875
0.161956787109375 0.0272369384765625 0.00588989257812503 -0.184707641601563
0.09234619140625 0.1536865234375 0.205581665039062 -0.208663940429688
-0.116973876953125 0.157196044921875 0.398651123046875 -0.037139892578125
-0.183273315429688 0.00796508789062498 0.3056640625 0.17877197265625
-0.142013549804687 -0.1141357421875 0.027496337890625 0.0922393798828125
-0.149581909179688 -0.0518035888671875 -0.0888214111328125 -0.1668701171875
-0.141616821289063 0.056121826171875 -0.275772094726562 -0.209243774414063
-0.0242767333984375 0.156097412109375 -0.383453369140625 -0.033721923828125
0.0968551635742188 0.0889816284179688 -0.3421630859375 0.139617919921875
0.116485595703125 -0.0126266479492187 -0.182357788085938 0.22265625
0.0566253662109375 -0.0941085815429688 -0.049774169921875 0.205673217773438
0.0183639526367187 -0.101470947265625 0.00957489013671876 0.134559631347656
0.0345840454101563 -0.0941696166992187 -0.0294113159179687 0.0832061767578125
0.038818359375 -0.120887756347656 -0.0716629028320312 0.0418624877929687
0.0833587646484375 -0.078369140625 -0.078857421875 -0.0692520141601563
0.111129760742188 0.0176849365234375 0.022247314453125 -0.180374145507813
0.0462417602539063 0.0993576049804688 0.254745483398438 -0.1883544921875
-0.0825729370117187 0.0687026977539063 0.448089599609375 0.055877685546875
-0.0876693725585938 -0.0168991088867188 0.287811279296875 0.26666259765625
-0.0803604125976563 -0.0577545166015625 0.00688552856445312 0.0570487976074219
-0.0834121704101563 -0.021392822265625 -0.126708984375 -0.170578002929688
-0.0737228393554688 0.0235595703125 -0.304046630859375 -0.1837158203125
-0.0109634399414063 0.0732192993164063 -0.38623046875 -0.00805664062499996
0.049591064453125 0.0348014831542969 -0.34124755859375 0.172210693359375
0.0509796142578125 -0.019744873046875 -0.17041015625 0.247604370117187
0.0134315490722656 -0.0565681457519531 -0.0278472900390625 0.23297119140625
-0.00362396240234375 -0.0539665222167969 0.02935791015625 0.153518676757813
0.00801467895507813 -0.055755615234375 -0.019287109375 0.0973739624023438
0.0148963928222656 -0.0603790283203125 -0.0918502807617188 0.0414352416992188
0.0398826599121094 -0.0385169982910156 -0.109138488769531 -0.0723037719726563
0.0527610778808594 0.0186996459960937 -0.0196075439453125 -0.2042236328125
0.0110855102539062 0.0539474487304688 0.2156982421875 -0.24554443359375
-0.064544677734375 0.0204086303710938 0.4569091796875 -0.030792236328125
-0.0600128173828125 -0.0387306213378906 0.33380126953125 0.190093994140625
-0.0371360778808594 -0.0635147094726563 0.00777626037597656 0.0334300994873047
0.00198936462402344 -0.0157623291015625 0.048004150390625 -0.0483741760253906
-0.0172691345214844 -0.0383262634277344 -0.258071899414063 -0.263504028320313
-0.0421600341796875 0.018768310546875 -0.464324951171875 -0.0209350585937501
-0.0145339965820312 0.0465087890625 -0.296966552734375 0.221893310546875
0.0184059143066406 0.0370254516601563 -0.032440185546875 0.211196899414063
0.0280895233154297 0.0161933898925781 0.09844970703125 0.0716552734375
0.0274868011474609 -0.00143051147460938 0.0715179443359375 -0.0837020874023438
0.0294113159179687 6.866455078125E-05 0.00409698486328126 -0.134994506835938
0.0279312133789062 -0.00578689575195312 -0.02496337890625 -0.197647094726563
0.0228157043457031 -0.00559425354003906 0.048065185546875 -0.251983642578125
0.0222415924072266 0.00399398803710938 0.176727294921875 -0.253646850585938
0.03277587890625 0.00827407836914063 0.3311767578125 -0.154998779296875
0.0218524932861328 0.0186023712158203 0.39935302734375 0.047882080078125
0.0155811309814453 0.0248241424560547 0.330780029296875 0.11572265625
0.00996017456054688 0.0289402008056641 0.216415405273437 0.0810546875
-0.0431442260742188 -0.0872573852539063 0.0483627319335938 -0.0528144836425781
-0.0871658325195313 -0.0719985961914063 -0.264602661132813 -0.249725341796875
-0.106834411621094 0.058807373046875 -0.460784912109375 -0.00286865234374992
-0.01544189453125 0.110382080078125 -0.285247802734375 0.222747802734375
0.0657119750976563 0.0725784301757813 -0.037200927734375 0.209335327148437
0.0762786865234375 -0.0077362060546875 0.0853195190429688 0.0735321044921875
0.0506401062011719 -0.05230712890625 0.061309814453125 -0.0669097900390625
0.0513343811035156 -0.0485191345214844 -0.00415039062499999 -0.108993530273437
0.0470695495605469 -0.0656509399414063 -0.039642333984375 -0.172470092773438
0.0613327026367187 -0.0562591552734375 0.0132293701171875 -0.237152099609375
0.0947799682617188 -0.012847900390625 0.133712768554688 -0.257217407226563
0.10089111328125 0.0521469116210938 0.3077392578125 -0.19024658203125
0.0134048461914063 0.117523193359375 0.4150390625 0.00473022460937501
-0.0673751831054687 0.0835494995117188 0.355377197265625 0.12744140625
-0.0828628540039063 0.00646972656249999 0.190261840820312 0.138381958007813
-0.0994873046875 -0.132003784179688 0.0432357788085938 -0.0737228393554688
-0.157333374023438 -0.070526123046875 -0.2352294921875 -0.260971069335937
-0.150604248046875 0.119613647460937 -0.43292236328125 -0.0178222656250001
0.00704956054687501 0.172958374023438 -0.28955078125 0.171966552734375
0.125251770019531 0.0933609008789063 -0.0788116455078125 0.181076049804688
0.122695922851563 -0.0449066162109375 0.037384033203125 0.0731124877929688
0.064971923828125 -0.106773376464844 0.033233642578125 -0.0445289611816406
0.0680313110351563 -0.100509643554688 -0.0170516967773438 -0.0849380493164063
0.0595474243164063 -0.122238159179688 -0.0460205078125 -0.14984130859375
0.0961837768554688 -0.104820251464844 -0.00201416015625001 -0.215911865234375
0.158920288085937 -0.0276947021484375 0.112457275390625 -0.238082885742188
0.159133911132812 0.09344482421875 0.2899169921875 -0.19281005859375
0.00114440917968752 0.198348999023438 0.406280517578125 -0.00576782226562499
-0.13043212890625 0.127548217773437 0.34857177734375 0.136383056640625
-0.154693603515625 -0.00877380371093751 0.167022705078125 0.128219604492188
-0.156143188476562 -0.137893676757813 0.0310897827148437 -0.110092163085938
-0.213180541992188 -0.0298919677734375 -0.231781005859375 -0.254226684570313
-0.150421142578125 0.189376831054688 -0.4027099609375 -0.0356750488281249
0.0513153076171875 0.203048706054688 -0.291839599609375 0.14520263671875
0.166030883789063 0.0812835693359375 -0.107681274414062 0.176727294921875
0.13385009765625 -0.0752944946289063 0.00421905517578125 0.09539794921875
0.0642471313476563 -0.130722045898438 0.0187473297119141 -0.00102806091308595
0.0727920532226563 -0.120628356933594 -0.0235176086425781 -0.0379867553710938
0.0658721923828125 -0.148941040039063 -0.0579071044921875 -0.105392456054688
0.115486145019531 -0.122001647949219 -0.03033447265625 -0.179412841796875
0.192718505859375 -0.0206298828125 0.075042724609375 -0.219955444335938
0.174819946289063 0.131668090820313 0.261215209960938 -0.201904296875
-0.0365447998046875 0.2364501953125 0.406402587890625 -0.0206298828125
-0.18701171875 0.120407104492187 0.340362548828125 0.161529541015625
-0.191207885742188 -0.055023193359375 0.111465454101562 0.142074584960938
-0.198654174804688 -0.0796356201171875 -0.0198745727539063 -0.103157043457031
-0.221755981445313 0.0362396240234375 -0.217529296875 -0.25433349609375
-0.10858154296875 0.243820190429688 -0.3834228515625 -0.081695556640625
0.111846923828125 0.2056884765625 -0.33001708984375 0.091156005859375
0.209274291992188 0.0465545654296875 -0.171859741210937 0.168426513671875
0.139190673828125 -0.123878479003906 -0.0552825927734375 0.12994384765625
0.051849365234375 -0.168228149414063 -0.00553512573242188 0.0569725036621094
0.0687255859375 -0.155364990234375 -0.0284881591796875 0.0162601470947265
0.0651397705078125 -0.178131103515625 -0.060821533203125 -0.0567359924316406
0.131874084472656 -0.13629150390625 -0.0417633056640625 -0.135665893554688
0.211639404296875 -0.007415771484375 0.057342529296875 -0.188949584960937
0.16485595703125 0.161102294921875 0.249679565429688 -0.18798828125
-0.072601318359375 0.231155395507813 0.406524658203125 -0.00338745117187499
-0.189010620117187 0.094940185546875 0.317901611328125 0.190704345703125
-0.185684204101563 -0.049468994140625 0.0776138305664062 0.0954666137695313
-0.193817138671875 -0.0873870849609375 -0.0445404052734375 -0.1663818359375
-0.205841064453125 0.062103271484375 -0.255828857421875 -0.239410400390625
-0.0599365234375 0.220657348632813 -0.389404296875 -0.0503845214843749
0.119766235351563 0.146575927734375 -0.337799072265625 0.125732421875
0.166488647460938 0.0070343017578125 -0.174270629882813 0.205963134765625
0.093109130859375 -0.112991333007813 -0.046600341796875 0.173080444335938
0.0344467163085938 -0.133308410644531 0.003753662109375 0.0948867797851562
0.0539627075195313 -0.122802734375 -0.0322532653808594 0.0488624572753906
0.0572509765625 -0.1407470703125 -0.08087158203125 -0.0130767822265625
0.114730834960938 -0.09698486328125 -0.0815963745117188 -0.104949951171875
0.169036865234375 0.0247802734375 0.006561279296875 -0.188980102539063
0.0983123779296875 0.158248901367188 0.210845947265625 -0.215957641601562
-0.118789672851562 0.165725708007813 0.408477783203125 -0.039337158203125
-0.190414428710938 0.0131072998046875 0.3157958984375 0.185577392578125
-0.14990234375 -0.11492919921875 0.029296875 0.0984268188476563
-0.156097412109375 -0.0510406494140625 -0.0953826904296876 -0.175262451171875
-0.147842407226563 0.0628662109375 -0.2860107421875 -0.216827392578125
-0.0224761962890625 0.163955688476563 -0.392333984375 -0.033538818359375
0.101844787597656 0.0897598266601562 -0.352264404296875 0.145172119140625
0.121055603027344 -0.0160598754882813 -0.1861572265625 0.23016357421875
0.055511474609375 -0.0984268188476563 -0.0498046875 0.213165283203125
0.013885498046875 -0.105064392089844 0.010955810546875 0.137741088867188
0.0321731567382813 -0.100303649902344 -0.0297088623046875 0.087646484375
0.03533935546875 -0.125862121582031 -0.0717391967773438 0.0462722778320313
0.0814590454101563 -0.0835342407226563 -0.0802230834960937 -0.0694198608398438
0.113861083984375 0.0138931274414062 0.0255279541015625 -0.186920166015625
0.0501937866210937 0.099273681640625 0.26519775390625 -0.196395874023438
-0.0814590454101563 0.0716018676757813 0.466522216796875 0.05517578125
-0.0887222290039063 -0.0152053833007813 0.302093505859375 0.27734375
-0.0804977416992188 -0.0548477172851563 0.00841903686523437 0.0641288757324219
-0.0866546630859375 -0.02008056640625 -0.135162353515625 -0.17791748046875
-0.077117919921875 0.0269775390625 -0.3160400390625 -0.188629150390625
-0.010009765625 0.0775527954101563 -0.39788818359375 -0.00683593750000004
0.0521240234375 0.0338134765625 -0.350250244140625 0.180389404296875
0.0523948669433594 -0.0222625732421875 -0.1732177734375 0.257171630859375
0.0114212036132813 -0.0578765869140625 -0.026123046875 0.239944458007813
-0.00620269775390625 -0.056396484375 0.03125 0.15716552734375
0.00556564331054688 -0.0598983764648438 -0.0201950073242188 0.101524353027344
0.0132713317871094 -0.0642433166503906 -0.094329833984375 0.0473480224609375
0.0406837463378906 -0.0401649475097656 -0.11279296875 -0.07049560546875
0.0557975769042969 0.0176811218261719 -0.0208740234375 -0.20770263671875
0.0127601623535156 0.0565414428710938 0.218734741210938 -0.2532958984375
-0.0669326782226563 0.0226860046386719 0.4691162109375 -0.034881591796875
-0.0636405944824219 -0.0377540588378906 0.34375 0.19561767578125
-0.0393257141113281 -0.0652503967285156 0.00692367553710937 0.0382461547851562
0.00162029266357422 -0.0164089202880859 0.0512466430664063 -0.058868408203125
-0.0212287902832031 -0.0391693115234375 -0.275009155273438 -0.269454956054688
-0.0444755554199219 0.0222816467285156 -0.482574462890625 -0.00628662109374993
-0.0136528015136719 0.0502891540527344 -0.302276611328125 0.2381591796875
0.0197410583496094 0.0384330749511719 -0.0289306640625 0.21734619140625
0.0294532775878906 0.0161628723144531 0.102767944335938 0.0687637329101563
0.028656005859375 -0.00176620483398438 0.0680923461914062 -0.0915985107421875
0.0306072235107422 -0.0014190673828125 -0.003173828125 -0.141387939453125
0.0288543701171875 -0.00771331787109375 -0.03570556640625 -0.205215454101563
0.0237236022949219 -0.00555801391601563 0.0400848388671875 -0.264663696289063
0.0233421325683594 0.00356101989746094 0.174789428710938 -0.273529052734375
0.0333499908447266 0.00678062438964844 0.341644287109375 -0.17694091796875
0.0231819152832031 0.0171108245849609 0.41986083984375 0.0372314453125
0.0172138214111328 0.0254802703857422 0.348846435546875 0.108673095703125
0.0124454498291016 0.0294075012207031 0.230758666992188 0.073638916015625
-0.0494613647460938 -0.08837890625 0.0515632629394531 -0.0625152587890625
-0.095977783203125 -0.0694808959960937 -0.28125 -0.2545166015625
-0.109016418457031 0.06878662109375 -0.47393798828125 0.0143737792968751
-0.0116500854492187 0.11663818359375 -0.2879638671875 0.2386474609375
0.0718536376953125 0.0721588134765625 -0.0321502685546875 0.215103149414063
0.0778884887695313 -0.01092529296875 0.090606689453125 0.0710372924804688
0.0488319396972656 -0.0554122924804687 0.0594863891601562 -0.0739593505859375
0.0509567260742188 -0.0537490844726563 -0.00920867919921875 -0.115119934082031
0.0453338623046875 -0.0711669921875 -0.0493621826171875 -0.177810668945313
0.0615158081054688 -0.0609321594238281 0.0045013427734375 -0.246307373046875
0.0987014770507813 -0.01739501953125 0.130218505859375 -0.273452758789062
0.107376098632813 0.0496368408203125 0.31463623046875 -0.21148681640625
0.0193939208984375 0.122749328613281 0.432525634765625 -0.00894165039062499
-0.0672225952148437 0.0915145874023438 0.375518798828125 0.12017822265625
-0.0864944458007812 0.01092529296875 0.207672119140625 0.136337280273438
-0.112373352050781 -0.1285400390625 0.044891357421875 -0.0854263305664063
-0.167831420898438 -0.061431884765625 -0.251541137695313 -0.267181396484375
-0.151214599609375 0.13519287109375 -0.446136474609375 -0.00277709960937498
0.016021728515625 0.180648803710938 -0.29510498046875 0.1842041015625
0.135902404785156 0.0900115966796875 -0.07745361328125 0.187957763671875
0.122817993164063 -0.0523147583007813 0.0386886596679688 0.0736083984375
0.0596542358398438 -0.113533020019531 0.0308647155761719 -0.0494003295898438
0.0640106201171875 -0.109901428222656 -0.0217819213867188 -0.0885848999023438
0.0541763305664062 -0.131057739257813 -0.0553131103515625 -0.154327392578125
0.093780517578125 -0.113296508789063 -0.01116943359375 -0.224044799804688
0.164993286132813 -0.037567138671875 0.10968017578125 -0.25311279296875
0.171646118164063 0.0897369384765625 0.296051025390625 -0.21295166015625
0.010833740234375 0.207870483398438 0.423858642578125 -0.01995849609375
-0.130783081054688 0.141632080078125 0.3690185546875 0.130584716796875
-0.163284301757813 -0.000991821289062521 0.181640625 0.1268310546875
-0.171646118164063 -0.134124755859375 0.0291748046875 -0.121749877929688
-0.226394653320313 -0.0183258056640625 -0.24761962890625 -0.26165771484375
-0.147048950195313 0.20831298828125 -0.416351318359375 -0.0248718261718749
0.0639801025390625 0.2095947265625 -0.297882080078125 0.157806396484375
0.178115844726563 0.07513427734375 -0.106536865234375 0.184951782226562
0.134048461914063 -0.0847015380859375 0.00692749023437502 0.0978622436523438
0.0581893920898438 -0.138336181640625 0.0186500549316406 -0.00407409667968751
0.0687408447265625 -0.130516052246094 -0.0259628295898437 -0.0388450622558594
0.0595855712890625 -0.16009521484375 -0.0659027099609375 -0.106910705566406
0.114341735839844 -0.132484436035156 -0.0386962890625 -0.184112548828125
0.200668334960938 -0.031219482421875 0.0718994140625 -0.232009887695313
0.189376831054688 0.129257202148438 0.266098022460938 -0.22064208984375
-0.0267333984375 0.250015258789063 0.421539306640625 -0.03594970703125
-0.190475463867188 0.13690185546875 0.360931396484375 0.15716552734375
-0.205215454101562 -0.0474853515625 0.1240234375 0.145858764648438
-0.210403442382813 -0.0664215087890625 -0.0244216918945313 -0.110420227050781
-0.229415893554688 0.053131103515625 -0.234405517578125 -0.263168334960938
-0.0977020263671875 0.261306762695313 -0.400726318359375 -0.0738525390625
0.128814697265625 0.20733642578125 -0.342620849609375 0.103729248046875
0.221221923828125 0.0337066650390625 -0.174087524414063 0.1815185546875
0.134475708007813 -0.137710571289062 -0.0539016723632812 0.13909912109375
0.0405120849609375 -0.177459716796875 -0.00339889526367188 0.0590896606445312
0.0591278076171875 -0.166580200195313 -0.0278110504150391 0.0185356140136719
0.05523681640625 -0.189727783203125 -0.0661888122558594 -0.0550003051757813
0.12860107421875 -0.148422241210938 -0.048248291015625 -0.137687683105469
0.219329833984375 -0.0214691162109375 0.0552825927734375 -0.199417114257813
0.18121337890625 0.157913208007813 0.25543212890625 -0.207656860351563
-0.062042236328125 0.244964599609375 0.42523193359375 -0.016510009765625
-0.190536499023437 0.10943603515625 0.339935302734375 0.1912841796875
-0.195098876953125 -0.0390777587890625 0.0859832763671875 0.098602294921875
-0.208358764648438 -0.081207275390625 -0.0538330078125 -0.175872802734375
-0.213958740234375 0.0764312744140625 -0.274673461914063 -0.243682861328125
-0.0511016845703125 0.236251831054688 -0.404388427734375 -0.040191650390625
0.132110595703125 0.147201538085938 -0.346954345703125 0.140960693359375
0.174667358398438 -0.0026092529296875 -0.17333984375 0.220260620117188
0.0898590087890625 -0.121284484863281 -0.0421142578125 0.181686401367188
0.0266876220703125 -0.140182495117188 0.00698089599609374 0.0971755981445312
0.04864501953125 -0.132232666015625 -0.0312652587890625 0.0531158447265625
0.0514678955078125 -0.15118408203125 -0.0856170654296875 -0.0076751708984375
0.11456298828125 -0.106422424316406 -0.0883407592773437 -0.10333251953125
0.17755126953125 0.0162200927734375 0.00175476074218752 -0.194961547851563
0.111526489257812 0.160598754882813 0.212081909179688 -0.231552124023438
-0.116790771484375 0.180206298828125 0.422088623046875 -0.05377197265625
-0.198715209960937 0.0251617431640625 0.335723876953125 0.1845703125
-0.16363525390625 -0.112045288085938 0.0344314575195312 0.105369567871094
-0.166412353515625 -0.0452880859375 -0.10833740234375 -0.183456420898438
-0.15289306640625 0.0745849609375 -0.306732177734375 -0.21820068359375
-0.0153961181640625 0.174270629882813 -0.407867431640625 -0.022308349609375
0.111000061035156 0.0882339477539062 -0.360107421875 0.1624755859375
0.12646484375 -0.0249557495117188 -0.185089111328125 0.246368408203125
0.0516357421875 -0.10516357421875 -0.0441741943359375 0.222747802734375
0.00733184814453125 -0.110321044921875 0.0159759521484375 0.142425537109375
0.0274124145507813 -0.107437133789063 -0.0266036987304687 0.094207763671875
0.026885986328125 -0.133537292480469 -0.0698738098144531 0.0532951354980469
0.077911376953125 -0.0909805297851563 -0.08319091796875 -0.0675888061523438
0.11749267578125 0.005462646484375 0.02362060546875 -0.195388793945313
0.0580596923828125 0.0986480712890625 0.2713623046875 -0.2158203125
-0.0794448852539063 0.077911376953125 0.489105224609375 0.042236328125
-0.0903396606445313 -0.01080322265625 0.32928466796875 0.283050537109375
-0.0836410522460938 -0.050628662109375 0.012481689453125 0.0731353759765625
-0.0913467407226562 -0.0164871215820313 -0.151473999023438 -0.184524536132812
-0.079193115234375 0.0343475341796875 -0.33758544921875 -0.187042236328125
-0.00554656982421874 0.0817794799804688 -0.412445068359375 0.00582885742187508
0.0561637878417969 0.0317726135253906 -0.356842041015625 0.19793701171875
0.053466796875 -0.0272865295410156 -0.170852661132812 0.273406982421875
0.00802230834960937 -0.0610275268554688 -0.0174560546875 0.248489379882813
-0.0105323791503906 -0.0578346252441406 0.037017822265625 0.16070556640625
0.00154113769531249 -0.0640220642089844 -0.0179061889648437 0.108367919921875
0.0102272033691406 -0.0694084167480469 -0.0961151123046875 0.0562362670898437
0.0403251647949219 -0.0443267822265625 -0.11962890625 -0.0660934448242188
0.0602798461914062 0.0144271850585937 -0.029327392578125 -0.213119506835937
0.0165786743164062 0.0586700439453125 0.215866088867188 -0.270401000976563
-0.068359375 0.0285606384277344 0.482025146484375 -0.055023193359375
-0.0681800842285156 -0.0356178283691406 0.36395263671875 0.192626953125
-0.0445098876953125 -0.0668830871582031 0.00700759887695312 0.0438613891601562
0.0012350082397461 -0.0171699523925781 0.05157470703125 -0.071533203125
-0.0265045166015625 -0.0375175476074219 -0.2967529296875 -0.266357421875
-0.0452766418457031 0.0276107788085937 -0.49139404296875 0.02142333984375
-0.0109519958496094 0.0541534423828125 -0.296417236328125 0.258056640625
0.0230369567871094 0.0387191772460938 -0.0187835693359375 0.221405029296875
0.0309486389160156 0.0153656005859375 0.107696533203125 0.0618362426757812
0.0302162170410156 -0.00285148620605469 0.06103515625 -0.0995712280273438
0.0319995880126953 -0.00333404541015625 -0.014892578125 -0.145828247070313
0.0285205841064453 -0.00986289978027344 -0.0536041259765625 -0.208450317382813
0.0241127014160156 -0.00738716125488281 0.02337646484375 -0.275466918945313
0.0243587493896484 0.00263023376464844 0.1627197265625 -0.294189453125
0.0334243774414062 0.00427818298339844 0.342437744140625 -0.205718994140625
0.0247707366943359 0.0148162841796875 0.43743896484375 0.0107421875
0.0200767517089844 0.025177001953125 0.365264892578125 0.089141845703125
0.0158176422119141 0.0278129577636719 0.243118286132813 0.0576171875
-0.0579147338867188 -0.087493896484375 0.05206298828125 -0.0737762451171875
-0.104911804199219 -0.0625991821289063 -0.3013916015625 -0.24835205078125
-0.106689453125 0.0811004638671875 -0.4818115234375 0.0434265136718751
-0.00274658203125001 0.121841430664063 -0.279067993164063 0.2584228515625
0.0791091918945313 0.0685195922851563 -0.0205230712890625 0.218215942382813
0.0778732299804688 -0.0163955688476563 0.0960159301757813 0.0643157958984375
0.0455780029296875 -0.0592765808105469 0.0547866821289063 -0.0826034545898438
0.0479240417480469 -0.0587921142578125 -0.0175552368164063 -0.118736267089844
0.0395965576171875 -0.07696533203125 -0.06317138671875 -0.179122924804687
0.0591888427734375 -0.0675544738769531 -0.011474609375 -0.25274658203125
0.100288391113281 -0.0257492065429688 0.116180419921875 -0.2896728515625
0.114250183105469 0.0437698364257813 0.310638427734375 -0.239501953125
0.0285491943359375 0.125267028808594 0.446624755859375 -0.03643798828125
-0.0625762939453125 0.101448059082031 0.394134521484375 0.099945068359375
-0.0900650024414063 0.01708984375 0.226470947265625 0.126144409179688
-0.125770568847656 -0.124908447265625 0.042205810546875 -0.0976486206054688
-0.172103881835938 -0.04150390625 -0.272994995117188 -0.26470947265625
-0.1444091796875 0.152557373046875 -0.45166015625 0.0235595703125
0.031219482421875 0.18450927734375 -0.291351318359375 0.20245361328125
0.146926879882813 0.0799407958984375 -0.0699615478515625 0.194839477539063
0.120101928710938 -0.0635223388671875 0.0416259765625 0.07122802734375
0.050323486328125 -0.119819641113281 0.0258636474609375 -0.0544013977050781
0.0557174682617188 -0.118522644042969 -0.02947998046875 -0.090179443359375
0.0434112548828125 -0.14007568359375 -0.0688323974609375 -0.15435791015625
0.0872344970703125 -0.123878479003906 -0.025970458984375 -0.228302001953125
0.166717529296875 -0.0518341064453125 0.0977325439453125 -0.268280029296875
0.183837890625 0.080169677734375 0.291595458984375 -0.240234375
0.0271759033203125 0.214584350585938 0.435760498046875 -0.04693603515625
-0.123825073242187 0.156784057617187 0.388458251953125 0.111480712890625
-0.169448852539063 0.012786865234375 0.197235107421875 0.118209838867187
-0.188278198242188 -0.122650146484375 0.0234146118164062 -0.132919311523438
-0.235336303710938 0.00134277343750003 -0.268478393554688 -0.259048461914063
-0.134185791015625 0.22796630859375 -0.42462158203125 -0.00204467773437492
0.082275390625 0.211029052734375 -0.296112060546875 0.174346923828125
0.189437866210938 0.0619659423828125 -0.0986328125 0.194107055664063
0.129737854003906 -0.0963058471679687 0.0119400024414063 0.0987548828125
0.0476531982421875 -0.14544677734375 0.0170402526855469 -0.00749492645263673
0.0595703125 -0.140762329101563 -0.0292243957519531 -0.0388946533203125
0.0472412109375 -0.16986083984375 -0.0749664306640625 -0.103981018066406
0.107498168945313 -0.144821166992188 -0.0510711669921875 -0.18463134765625
0.204498291015625 -0.0485687255859375 0.06011962890625 -0.243087768554688
0.205718994140625 0.120391845703125 0.260269165039063 -0.24578857421875
-0.009063720703125 0.262039184570313 0.430999755859375 -0.0611572265625
-0.18695068359375 0.156890869140625 0.381591796875 0.1409912109375
-0.217727661132812 -0.0336151123046875 0.139602661132813 0.143478393554688
-0.219924926757813 -0.0469207763671875 -0.0314407348632813 -0.116195678710938
-0.230972290039063 0.0753173828125 -0.257156372070313 -0.263351440429687
-0.0759735107421875 0.278152465820313 -0.414825439453125 -0.055328369140625
0.150390625 0.201126098632812 -0.34881591796875 0.1259765625
0.229507446289062 0.0123291015625 -0.16851806640625 0.197418212890625
0.123428344726562 -0.151519775390625 -0.0473480224609375 0.148147583007812
0.0227203369140625 -0.1832275390625 -0.000141143798828123 0.0598678588867187
0.0442962646484375 -0.177032470703125 -0.0263595581054688 0.021036148071289
0.0377960205078125 -0.199920654296875 -0.071319580078125 -0.0502395629882813
0.118392944335938 -0.1630859375 -0.0575332641601562 -0.137237548828125
0.222549438476562 -0.04180908203125 0.0466766357421875 -0.209793090820313
0.199691772460937 0.14703369140625 0.251312255859375 -0.230255126953125
-0.043731689453125 0.257308959960938 0.4371337890625 -0.042022705078125
-0.186187744140625 0.128326416015625 0.3634033203125 0.178466796875
-0.203201293945313 -0.02288818359375 0.0953521728515625 0.0977020263671875
-0.222274780273438 -0.0667724609375 -0.0686492919921875 -0.182388305664063
-0.216705322265625 0.097625732421875 -0.297882080078125 -0.238189697265625
-0.0344390869140625 0.249053955078125 -0.414093017578125 -0.01922607421875
0.14764404296875 0.141632080078125 -0.3475341796875 0.163665771484375
0.180099487304688 -0.017303466796875 -0.163421630859375 0.235977172851563
0.0819931030273437 -0.131111145019531 -0.032318115234375 0.188095092773438
0.015380859375 -0.14532470703125 0.0120697021484375 0.0977859497070313
0.0390167236328125 -0.140960693359375 -0.0287590026855469 0.0581588745117187
0.0395660400390625 -0.160659790039062 -0.08734130859375 0.0012054443359375
0.109878540039063 -0.118247985839844 -0.0968704223632813 -0.0972366333007813
0.184646606445313 0.001983642578125 -0.00885009765624999 -0.1982421875
0.1279296875 0.158294677734375 0.204177856445313 -0.249725341796875
-0.105545043945313 0.196517944335938 0.427947998046875 -0.0787353515625
-0.203536987304688 0.0424957275390625 0.356719970703125 0.173248291015625
-0.179916381835938 -0.102127075195312 0.042694091796875 0.110389709472656
-0.175247192382813 -0.0335235595703125 -0.126754760742188 -0.185882568359375
-0.153396606445313 0.0909881591796875 -0.330963134765625 -0.208160400390625
-0.00175476074218752 0.181915283203125 -0.417938232421875 -0.000793457031250036
0.121452331542969 0.0824737548828125 -0.359619140625 0.1866455078125
0.12847900390625 -0.0367050170898438 -0.1739501953125 0.264144897460938
0.0443496704101563 -0.111373901367187 -0.03125 0.230865478515625
-0.00218200683593749 -0.113670349121094 0.024383544921875 0.144760131835938
0.0183334350585938 -0.114814758300781 -0.0210952758789063 0.100929260253906
0.0136489868164063 -0.139442443847656 -0.0644454956054688 0.0612068176269531
0.0692367553710938 -0.0995941162109375 -0.08612060546875 -0.061798095703125
0.118751525878906 -0.00731658935546875 0.0154266357421875 -0.203125
0.0675582885742188 0.094207763671875 0.268936157226563 -0.239334106445313
-0.0727767944335938 0.08502197265625 0.508819580078125 0.014312744140625
-0.0901031494140625 -0.00454711914062501 0.361419677734375 0.27490234375
-0.0873031616210938 -0.04345703125 0.0197525024414062 0.080474853515625
-0.0938186645507813 -0.00937652587890626 -0.171905517578125 -0.183731079101562
-0.0787887573242187 0.0429153442382812 -0.360595703125 -0.17352294921875
0.0010223388671875 0.0852203369140625 -0.42230224609375 0.0296936035156249
0.0601730346679688 0.0265388488769531 -0.353729248046875 0.22613525390625
0.0533294677734375 -0.0335502624511719 -0.156402587890625 0.29107666015625
0.00289535522460937 -0.062591552734375 -0.00201416015625002 0.25433349609375
-0.016021728515625 -0.0585250854492188 0.0473175048828125 0.162033081054688
-0.00432968139648437 -0.0670280456542969 -0.0116043090820313 0.114936828613281
0.00438690185546875 -0.0734176635742188 -0.0938949584960938 0.0683517456054688
0.0390357971191406 -0.0495567321777344 -0.125923156738281 -0.0555419921875
0.0641822814941406 0.00860977172851563 -0.0423736572265625 -0.213623046875
0.0224113464355469 0.0598526000976562 0.202056884765625 -0.288726806640625
-0.0682411193847656 0.0364036560058594 0.488525390625 -0.0855712890625
-0.073028564453125 -0.030059814453125 0.38592529296875 0.176361083984375
-0.05181884765625 -0.066070556640625 0.00885772705078124 0.0489997863769531
0.00107860565185547 -0.0174827575683594 0.0479812622070313 -0.0831756591796875
-0.0300140380859375 -0.0343494415283203 -0.31097412109375 -0.25299072265625
-0.0437507629394531 0.0324821472167969 -0.486083984375 0.0506896972656251
-0.00658035278320313 0.05609130859375 -0.280410766601563 0.272872924804688
0.0251579284667969 0.0371780395507813 -0.00851440429687499 0.218948364257813
0.0311946868896484 0.0142059326171875 0.108963012695312 0.0523223876953125
0.0310211181640625 -0.00429534912109375 0.0491409301757813 -0.104766845703125
0.0317707061767578 -0.00550651550292969 -0.0283355712890625 -0.144744873046875
0.0273609161376953 -0.011749267578125 -0.0712127685546875 -0.203903198242188
0.0238609313964844 -0.00893020629882813 0.00160217285156252 -0.277496337890625
0.0240325927734375 0.00098419189453125 0.14129638671875 -0.307037353515625
0.0326709747314453 0.00213623046875 0.32855224609375 -0.231903076171875
0.0252857208251953 0.0118389129638672 0.439971923828125 -0.019805908203125
0.0221061706542969 0.0231704711914063 0.369903564453125 0.0635986328125
0.0176239013671875 0.02569580078125 0.246856689453125 0.035736083984375
-0.0641632080078125 -0.0822830200195312 0.0489578247070313 -0.0843505859375
-0.110549926757812 -0.052093505859375 -0.31304931640625 -0.23162841796875
-0.0993194580078125 0.0909271240234375 -0.468963623046875 0.073944091796875
0.00699615478515625 0.122512817382813 -0.259078979492188 0.271774291992187
0.083526611328125 0.0616989135742188 -0.00726318359375001 0.214447021484375
0.0751571655273438 -0.0211257934570313 0.09765625 0.0544204711914063
0.0404853820800781 -0.0616378784179688 0.0457687377929688 -0.0880813598632813
0.0425796508789063 -0.0625152587890625 -0.0271377563476563 -0.118026733398438
0.0321121215820313 -0.080169677734375 -0.07666015625 -0.1741943359375
0.0540771484375 -0.0717697143554687 -0.029327392578125 -0.250747680664063
0.098358154296875 -0.033935546875 0.095611572265625 -0.2974853515625
0.117820739746094 0.0352020263671875 0.2933349609375 -0.26287841796875
0.0384902954101562 0.123664855957031 0.44342041015625 -0.068145751953125
-0.0542449951171875 0.106735229492188 0.4012451171875 0.072021484375
-0.0906753540039062 0.0251388549804688 0.237899780273438 0.108901977539063
-0.135513305664063 -0.114166259765625 0.0361404418945312 -0.107337951660156
-0.166030883789063 -0.01947021484375 -0.2869873046875 -0.252197265625
-0.130050659179687 0.166229248046875 -0.44256591796875 0.0519104003906251
0.0472564697265625 0.18157958984375 -0.278045654296875 0.216232299804687
0.152236938476563 0.0657958984375 -0.0593414306640625 0.195770263671875
0.1121826171875 -0.0717315673828125 0.0442695617675781 0.0680274963378906
0.0393829345703125 -0.122024536132812 0.0182685852050781 -0.0573348999023438
0.0444107055664063 -0.122528076171875 -0.0377197265625 -0.0881271362304688
0.0291595458984375 -0.142913818359375 -0.081329345703125 -0.147735595703125
0.0765151977539063 -0.130882263183594 -0.0426025390625 -0.224884033203125
0.16192626953125 -0.06622314453125 0.079071044921875 -0.274948120117188
0.190765380859375 0.06512451171875 0.275115966796875 -0.261749267578125
0.0453948974609375 0.21331787109375 0.432159423828125 -0.07568359375
-0.111785888671875 0.168563842773438 0.3958740234375 0.08514404296875
-0.171096801757812 0.0277557373046875 0.207855224609375 0.103729248046875
-0.19891357421875 -0.105636596679687 0.0131912231445312 -0.139923095703125
-0.235321044921875 0.02337646484375 -0.282867431640625 -0.246124267578125
-0.113372802734375 0.241180419921875 -0.418243408203125 0.022186279296875
0.100387573242187 0.204132080078125 -0.283477783203125 0.18896484375
0.19366455078125 0.044647216796875 -0.08624267578125 0.197250366210938
0.119735717773437 -0.105316162109375 0.0171585083007813 0.09576416015625
0.03411865234375 -0.147567749023438 0.0138664245605469 -0.0111351013183594
0.0474853515625 -0.145721435546875 -0.0324897766113281 -0.0368766784667969
0.0303192138671875 -0.174179077148438 -0.0828399658203125 -0.0965042114257813
0.094970703125 -0.154129028320313 -0.06365966796875 -0.179168701171875
0.200424194335938 -0.066314697265625 0.044036865234375 -0.246002197265625
0.216888427734375 0.104034423828125 0.24359130859375 -0.263504028320313
0.0121612548828125 0.264053344726563 0.426910400390625 -0.088531494140625
-0.175567626953125 0.17413330078125 0.391265869140625 0.116607666015625
-0.224319458007812 -0.013397216796875 0.152008056640625 0.135025024414063
-0.21978759765625 -0.0233612060546875 -0.0410308837890625 -0.118545532226562
-0.2264404296875 0.096343994140625 -0.27569580078125 -0.251693725585938
-0.048004150390625 0.284149169921875 -0.416412353515625 -0.03204345703125
0.168212890625 0.185699462890625 -0.34320068359375 0.14697265625
0.228256225585937 -0.0109405517578125 -0.1561279296875 0.208847045898438
0.1058349609375 -0.160842895507813 -0.037384033203125 0.152664184570313
0.00424194335937499 -0.181991577148438 0.00326919555664062 0.059173583984375
0.0258636474609375 -0.180084228515625 -0.0238971710205078 0.0235633850097656
0.0158538818359375 -0.201370239257813 -0.0743560791015625 -0.0426788330078125
0.1024169921875 -0.17242431640625 -0.0661163330078125 -0.131401062011719
0.215911865234375 -0.0628814697265625 0.034637451171875 -0.212371826171875
0.212158203125 0.128280639648438 0.236602783203125 -0.248703002929688
-0.020111083984375 0.260162353515625 0.43505859375 -0.070037841796875
-0.1729736328125 0.14349365234375 0.377777099609375 0.155609130859375
-0.204360961914063 -0.00291442871093748 0.103157043457031 0.092559814453125
-0.228469848632812 -0.0476837158203125 -0.084716796875 -0.182159423828125
-0.20953369140625 0.1180419921875 -0.3145751953125 -0.221282958984375
-0.01287841796875 0.25323486328125 -0.410858154296875 0.00485229492187507
0.159255981445313 0.12896728515625 -0.336090087890625 0.18389892578125
0.178268432617188 -0.0336456298828125 -0.14617919921875 0.244354248046875
0.070709228515625 -0.135551452636719 -0.0198516845703125 0.188751220703125
0.00257873535156249 -0.145263671875 0.01708984375 0.0957717895507813
0.0264892578125 -0.145492553710938 -0.0243186950683594 0.0613746643066406
0.024627685546875 -0.164276123046875 -0.0858612060546875 0.0106353759765625
0.0998916625976563 -0.127975463867188 -0.101539611816406 -0.0872802734375
0.184173583984375 -0.0150299072265625 -0.0205078125 -0.19573974609375
0.142684936523438 0.148025512695313 0.186569213867188 -0.260513305664062
-0.087860107421875 0.206710815429687 0.420257568359375 -0.104034423828125
-0.200546264648437 0.05999755859375 0.366455078125 0.15142822265625
-0.192855834960937 -0.0852203369140625 0.0515518188476562 0.110771179199219
-0.17779541015625 -0.0193328857421875 -0.143997192382813 -0.181045532226562
-0.146102905273438 0.10552978515625 -0.345916748046875 -0.187896728515625
0.014251708984375 0.182952880859375 -0.415191650390625 0.02386474609375
0.128280639648438 0.071685791015625 -0.345855712890625 0.207977294921875
0.124702453613281 -0.0487594604492188 -0.154876708984375 0.273773193359375
0.0340423583984375 -0.11395263671875 -0.0153045654296875 0.23150634765625
-0.0127487182617187 -0.112556457519531 0.033966064453125 0.142410278320313
0.00765991210937499 -0.117332458496094 -0.0121536254882813 0.104812622070312
-0.0014801025390625 -0.139617919921875 -0.0547637939453125 0.066314697265625
0.0585479736328125 -0.105476379394531 -0.0863723754882813 -0.0546646118164063
0.11480712890625 -0.0193252563476563 0.00485229492187501 -0.203948974609375
0.0753860473632813 0.0853500366210938 0.253936767578125 -0.258148193359375
-0.0622406005859375 0.0894393920898437 0.510894775390625 -0.019989013671875
-0.0873870849609375 0.0021514892578125 0.38427734375 0.2532958984375
-0.0878219604492188 -0.03375244140625 0.0282516479492187 0.0845870971679688
-0.0924072265625 -0.0021514892578125 -0.189483642578125 -0.17559814453125
-0.074310302734375 0.0507125854492188 -0.373626708984375 -0.1485595703125
0.0085601806640625 0.0852127075195312 -0.417694091796875 0.0557556152343751
0.0623245239257813 0.0207595825195313 -0.336181640625 0.247100830078125
0.0495033264160156 -0.0386428833007813 -0.13446044921875 0.299224853515625
-0.00247573852539063 -0.0620498657226563 0.0157318115234375 0.252090454101563
-0.0217628479003906 -0.0568008422851563 0.056884765625 0.157760620117188
-0.0107040405273438 -0.0672798156738281 -0.00301361083984374 0.117843627929688
-0.0032806396484375 -0.0748367309570313 -0.086456298828125 0.0790176391601562
0.0353507995605469 -0.0539894104003906 -0.128387451171875 -0.0431365966796875
0.0651473999023437 0.00155258178710937 -0.05718994140625 -0.2060546875
0.0288467407226562 0.0581169128417969 0.179351806640625 -0.298309326171875
-0.0637588500976562 0.043365478515625 0.4776611328125 -0.118377685546875
-0.0764846801757813 -0.0226669311523438 0.39556884765625 0.150421142578125
-0.0594596862792969 -0.0616035461425781 0.0116310119628906 0.0529594421386719
0.001312255859375 -0.0178813934326172 0.0432815551757813 -0.0921478271484375
-0.0315933227539062 -0.0304393768310547 -0.313751220703125 -0.240081787109375
-0.0418624877929687 0.0354843139648438 -0.4688720703125 0.067291259765625
-0.00321197509765626 0.0555343627929688 -0.263412475585937 0.276626586914063
0.0264091491699219 0.0359878540039063 -0.00178527832031248 0.21136474609375
0.0314846038818359 0.0141258239746094 0.105171203613281 0.04376220703125
0.0308132171630859 -0.00492477416992188 0.0388107299804688 -0.105636596679687
0.0311374664306641 -0.00635910034179688 -0.0382308959960937 -0.1402587890625
0.0261497497558594 -0.0125656127929688 -0.082977294921875 -0.194610595703125
0.0229015350341797 -0.00972938537597656 -0.0141754150390625 -0.272247314453125
0.0229454040527344 4.9591064453125E-05 0.122894287109375 -0.309356689453125
0.0310821533203125 0.000530242919921875 0.31146240234375 -0.245574951171875
0.0248146057128906 0.00907135009765625 0.43212890625 -0.041351318359375
0.0229854583740234 0.0203628540039062 0.36358642578125 0.043792724609375
0.0178375244140625 0.0242347717285156 0.242889404296875 0.02081298828125
-0.0682754516601562 -0.0771865844726563 0.0450592041015625 -0.0928955078125
-0.111534118652344 -0.0413818359375 -0.3138427734375 -0.21728515625
-0.0909881591796875 0.096038818359375 -0.4481201171875 0.0899047851562499
0.0144119262695313 0.11920166015625 -0.240020751953125 0.272232055664062
0.0846786499023438 0.0558700561523437 0.000564575195312527 0.206497192382812
0.07135009765625 -0.0230789184570313 0.0961151123046875 0.045166015625
0.0360221862792969 -0.0615806579589844 0.0369415283203125 -0.0914764404296875
0.0378913879394531 -0.0634384155273438 -0.0345077514648438 -0.115425109863281
0.0251312255859375 -0.0796966552734375 -0.0848388671875 -0.165985107421875
0.048675537109375 -0.0744094848632813 -0.040740966796875 -0.243545532226562
0.0943069458007813 -0.0394058227539063 0.079132080078125 -0.29620361328125
0.118049621582031 0.0284271240234375 0.275115966796875 -0.273025512695313
0.0455245971679688 0.119430541992188 0.432464599609375 -0.0889892578125
-0.04803466796875 0.109321594238281 0.395751953125 0.05035400390625
-0.09033203125 0.0321044921875 0.241897583007812 0.0950469970703125
-0.13995361328125 -0.09906005859375 0.029296875 -0.114303588867187
-0.170669555664063 -0.00956726074218752 -0.29180908203125 -0.239532470703125
-0.115203857421875 0.172470092773438 -0.423858642578125 0.06646728515625
0.058563232421875 0.174179077148438 -0.262664794921875 0.219772338867188
0.152572631835938 0.053436279296875 -0.0515289306640625 0.191604614257812
0.103195190429688 -0.075469970703125 0.0438575744628906 0.0630455017089844
0.0293655395507813 -0.11962890625 0.0114402770996094 -0.0585136413574219
0.0339279174804688 -0.122978210449219 -0.0435943603515625 -0.0847320556640625
0.0176239013671875 -0.141433715820313 -0.0880126953125 -0.139579772949219
0.0655364990234375 -0.133163452148438 -0.052978515625 -0.217880249023438
0.153717041015625 -0.075592041015625 0.0648040771484375 -0.272689819335938
0.192581176757813 0.0523681640625 0.257659912109375 -0.27197265625
0.0579681396484375 0.208114624023437 0.42095947265625 -0.095062255859375
-0.0994720458984375 0.173110961914062 0.391998291015625 0.064178466796875
-0.168121337890625 0.0409088134765625 0.211029052734375 0.0910186767578125
-0.201507568359375 -0.0897674560546875 0.005340576171875 -0.143646240234375
-0.22845458984375 0.0402679443359375 -0.2869873046875 -0.233306884765625
-0.09429931640625 0.244583129882812 -0.402984619140625 0.03546142578125
0.11212158203125 0.193695068359375 -0.269638061523438 0.193435668945313
0.191986083984375 0.0309600830078125 -0.0762939453125 0.193954467773438
0.110069274902344 -0.108436584472656 0.0200958251953125 0.0916213989257813
0.023651123046875 -0.1455078125 0.0100879669189453 -0.0131006240844727
0.036590576171875 -0.146102905273438 -0.0338134765625 -0.0350532531738281
0.0169677734375 -0.172149658203125 -0.0852127075195312 -0.088958740234375
0.0825042724609375 -0.157363891601563 -0.070404052734375 -0.170379638671875
0.191619873046875 -0.078704833984375 0.032806396484375 -0.24224853515625
0.221023559570313 0.08905029296875 0.22705078125 -0.27081298828125
0.0295562744140625 0.260498046875 0.414306640625 -0.10601806640625
-0.162979125976562 0.183334350585938 0.39007568359375 0.096649169921875
-0.22601318359375 0.00444030761718754 0.158645629882813 0.126190185546875
-0.213516235351563 -0.00749206542968752 -0.04681396484375 -0.118247985839844
-0.218704223632813 0.110015869140625 -0.283538818359375 -0.239501953125
-0.0247650146484375 0.280624389648438 -0.408172607421875 -0.0179138183593749
0.178115844726562 0.16748046875 -0.332977294921875 0.15838623046875
0.220901489257813 -0.0287322998046875 -0.144058227539063 0.2115478515625
0.09063720703125 -0.161865234375 -0.028900146484375 0.1519775390625
-0.00993347167968751 -0.175643920898438 0.00503158569335938 0.0575103759765625
0.01055908203125 -0.177719116210938 -0.0207958221435547 0.0239162445068359
-0.000656127929687506 -0.197647094726562 -0.0737533569335938 -0.0361557006835938
0.0855865478515625 -0.175506591796875 -0.0702743530273437 -0.123733520507813
0.2052001953125 -0.0773162841796875 0.025665283203125 -0.2105712890625
0.216476440429688 0.110870361328125 0.221282958984375 -0.256851196289063
-0.000686645507812513 0.25579833984375 0.425506591796875 -0.087615966796875
-0.158981323242188 0.151718139648438 0.38006591796875 0.136810302734375
-0.199127197265625 0.0142974853515625 0.106956481933594 0.087432861328125
-0.227188110351562 -0.033111572265625 -0.096099853515625 -0.179168701171875
-0.198867797851563 0.1314697265625 -0.320159912109375 -0.205474853515625
0.0042724609375 0.2508544921875 -0.4002685546875 0.0190734863281249
0.164230346679688 0.117202758789062 -0.321685791015625 0.19244384765625
0.17242431640625 -0.0443115234375 -0.131698608398438 0.243988037109375
0.060455322265625 -0.135444641113281 -0.01031494140625 0.1849365234375
-0.00694274902343751 -0.14129638671875 0.0202789306640625 0.0927505493164062
0.0161590576171875 -0.144973754882813 -0.0194053649902344 0.0625839233398437
0.0120849609375 -0.163345336914063 -0.0819244384765625 0.0177536010742187
0.0892715454101563 -0.133255004882813 -0.101951599121094 -0.077392578125
0.179428100585938 -0.028076171875 -0.0275421142578125 -0.187911987304688
0.15155029296875 0.135848999023438 0.171035766601563 -0.2620849609375
-0.072479248046875 0.210250854492188 0.404815673828125 -0.118621826171875
-0.193649291992188 0.074249267578125 0.366607666015625 0.134246826171875
-0.19775390625 -0.06793212890625 0.0578079223632812 0.109832763671875
-0.175460815429688 -0.00859069824218752 -0.155380249023437 -0.174270629882813
-0.136848449707031 0.114349365234375 -0.35028076171875 -0.16876220703125
0.026214599609375 0.179977416992188 -0.404022216796875 0.04022216796875
0.130050659179688 0.0615234375 -0.330108642578125 0.217742919921875
0.118759155273437 -0.0565261840820312 -0.13775634765625 0.273788452148438
0.02667236328125 -0.112503051757813 -0.00343322753906251 0.226699829101563
-0.0201644897460937 -0.108634948730469 0.0393142700195312 0.137680053710938
-0.00112152099609375 -0.116485595703125 -0.00550079345703125 0.105735778808594
-0.0145111083984375 -0.136146545410156 -0.0457000732421875 0.0678863525390625
0.0469741821289062 -0.106117248535156 -0.0836257934570313 -0.0485916137695313
0.107147216796875 -0.0279998779296875 -0.001739501953125 -0.200454711914062
0.0789642333984375 0.0756988525390625 0.239456176757813 -0.266021728515625
-0.0517578125 0.0890579223632813 0.504119873046875 -0.043243408203125
-0.0836944580078125 0.00735473632812502 0.393524169921875 0.23095703125
-0.0855560302734375 -0.024322509765625 0.0352249145507812 0.086212158203125
-0.0881423950195313 0.00234222412109376 -0.200302124023438 -0.166107177734375
-0.0684242248535156 0.0549583435058594 -0.377166748046875 -0.12890625
0.0144577026367187 0.0827560424804688 -0.405731201171875 0.071380615234375
0.0615386962890625 0.0152206420898437 -0.317352294921875 0.256683349609375
0.0457496643066406 -0.0415420532226562 -0.115966796875 0.297882080078125
-0.00609207153320312 -0.058990478515625 0.027587890625 0.243331909179688
-0.0252151489257812 -0.0536422729492188 0.0624237060546875 0.151519775390625
-0.0158576965332031 -0.0660057067871094 0.00348663330078124 0.119003295898438
-0.00804901123046874 -0.07373046875 -0.0778884887695313 0.085662841796875
0.0306205749511719 -0.0573387145996094 -0.125526428222656 -0.03155517578125
0.064239501953125 -0.00419235229492188 -0.065093994140625 -0.19488525390625
0.0339279174804688 0.0557403564453125 0.15911865234375 -0.297454833984375
-0.0581588745117188 0.048126220703125 0.455108642578125 -0.139404296875
-0.0772018432617188 -0.0166473388671875 0.392242431640625 0.12939453125
-0.0640640258789063 -0.0549125671386719 0.0130081176757812 0.0553474426269531
0.00182151794433594 -0.0186195373535156 0.039703369140625 -0.100318908691406
-0.0319671630859375 -0.0276069641113281 -0.31304931640625 -0.233734130859375
-0.0397300720214844 0.0372734069824219 -0.456390380859375 0.07080078125
-0.000961303710937502 0.0549812316894531 -0.253326416015625 0.273544311523438
0.0269298553466797 0.0351295471191406 -0.00263977050781251 0.205963134765625
0.0320549011230469 0.0144805908203125 0.100540161132813 0.0384750366210938
0.0312709808349609 -0.00512313842773438 0.03076171875 -0.105255126953125
0.0304145812988281 -0.00716018676757813 -0.0451507568359375 -0.135948181152344
0.0247154235839844 -0.0126018524169922 -0.0893096923828125 -0.18768310546875
0.0217914581298828 -0.0105648040771484 -0.02337646484375 -0.266555786132812
0.0219078063964844 -0.00020599365234375 0.111968994140625 -0.308624267578125
0.0298576354980469 -3.24249267578125E-05 0.30035400390625 -0.252532958984375
0.0242938995361328 0.00736236572265625 0.42498779296875 -0.0537109375
0.0227260589599609 0.0185546875 0.35614013671875 0.033233642578125
0.0172176361083984 0.0240688323974609 0.239334106445312 0.0125579833984375
-0.0700759887695312 -0.0728683471679688 0.041717529296875 -0.099517822265625
-0.110908508300781 -0.0346145629882813 -0.31024169921875 -0.211456298828125
-0.0848312377929688 0.0993881225585937 -0.431884765625 0.0939636230468751
0.0187149047851563 0.116935729980469 -0.228500366210937 0.267364501953125
0.0842819213867188 0.0515899658203125 0.00346374511718749 0.198562622070313
0.0697669982910156 -0.0235443115234375 0.0927505493164063 0.0386886596679688
0.0334968566894531 -0.0602760314941406 0.0302963256835938 -0.0928878784179687
0.034332275390625 -0.0631790161132813 -0.0386199951171875 -0.113365173339844
0.021148681640625 -0.0788192749023437 -0.0889892578125 -0.160430908203125
0.04376220703125 -0.0744476318359375 -0.0471954345703125 -0.237548828125
0.0909042358398437 -0.0422897338867188 0.070220947265625 -0.292877197265625
0.117485046386719 0.0240325927734375 0.263778686523438 -0.277420043945313
0.0489654541015625 0.116218566894531 0.423187255859375 -0.100006103515625
-0.043670654296875 0.110496520996094 0.3892822265625 0.038360595703125
-0.0896682739257813 0.0376739501953125 0.244140625 0.0858154296875
-0.142547607421875 -0.0916748046875 0.0240859985351563 -0.119941711425781
-0.16558837890625 0.000381469726562497 -0.29071044921875 -0.234375
-0.104339599609375 0.175323486328125 -0.407867431640625 0.0676574707031251
0.0652008056640625 0.167678833007813 -0.254470825195313 0.217269897460937
0.150680541992188 0.045623779296875 -0.049468994140625 0.186920166015625
0.0972518920898438 -0.0757827758789063 0.0412750244140625 0.0594062805175781
0.0224990844726563 -0.116912841796875 0.0053253173828125 -0.0583953857421875
0.0272674560546875 -0.121650695800781 -0.0465240478515625 -0.0819549560546875
0.00974273681640624 -0.138961791992188 -0.091461181640625 -0.133796691894531
0.05755615234375 -0.133796691894531 -0.05865478515625 -0.211181640625
0.1468505859375 -0.0811920166015625 0.0576629638671875 -0.270111083984375
0.191970825195313 0.0441131591796875 0.247573852539063 -0.275482177734375
0.066314697265625 0.202560424804688 0.411834716796875 -0.104156494140625
-0.091400146484375 0.175857543945313 0.387908935546875 0.053192138671875
-0.165557861328125 0.0505218505859375 0.212249755859375 0.0829010009765625
-0.202178955078125 -0.079437255859375 -0.000137329101562525 -0.147354125976563
-0.22247314453125 0.05206298828125 -0.286956787109375 -0.227691650390625
-0.080230712890625 0.2462158203125 -0.390869140625 0.0373840332031251
0.118392944335938 0.185470581054687 -0.261444091796875 0.19183349609375
0.189422607421875 0.0223236083984375 -0.072662353515625 0.18927001953125
0.103767395019531 -0.109207153320313 0.0201263427734375 0.087005615234375
0.0173797607421875 -0.142410278320313 0.007110595703125 -0.0148515701293945
0.0295257568359375 -0.146041870117188 -0.0342807769775391 -0.0337867736816406
0.00814819335937499 -0.170120239257813 -0.0855636596679688 -0.0836715698242188
0.0735321044921875 -0.158615112304687 -0.0732879638671875 -0.16339111328125
0.184616088867188 -0.08575439453125 0.0276947021484375 -0.237960815429688
0.22265625 0.0796966552734375 0.216400146484375 -0.273345947265625
0.04022216796875 0.256637573242188 0.405120849609375 -0.112701416015625
-0.153945922851562 0.190658569335938 0.386688232421875 0.08660888671875
-0.224777221679688 0.0181121826171875 0.163711547851563 0.121749877929688
-0.209548950195313 -0.000564575195312507 -0.0512008666992188 -0.118606567382812
-0.207687377929688 0.119873046875 -0.28662109375 -0.23321533203125
-0.00892639160156249 0.275634765625 -0.40216064453125 -0.0129394531249999
0.181716918945313 0.153671264648438 -0.327484130859375 0.1624755859375
0.21295166015625 -0.0405120849609375 -0.137954711914062 0.211532592773438
0.07977294921875 -0.159744262695313 -0.0237579345703125 0.151275634765625
-0.0192413330078125 -0.168365478515625 0.00611114501953125 0.0559234619140625
0.000366210937500004 -0.174087524414063 -0.0181713104248047 0.024179458618164
-0.0124664306640625 -0.192230224609375 -0.0718994140625 -0.0322036743164063
0.073577880859375 -0.17572021484375 -0.0717315673828125 -0.11883544921875
0.194793701171875 -0.08563232421875 0.021942138671875 -0.2080078125
0.2181396484375 0.0974578857421875 0.213760375976563 -0.260086059570313
0.0126800537109375 0.250411987304688 0.41845703125 -0.0958251953125
-0.14892578125 0.15643310546875 0.379119873046875 0.126739501953125
-0.193557739257813 0.02789306640625 0.109634399414063 0.085205078125
-0.225631713867188 -0.0242919921875 -0.104156494140625 -0.177291870117187
-0.190460205078125 0.139541625976563 -0.32086181640625 -0.196563720703125
0.01483154296875 0.248779296875 -0.391448974609375 0.02349853515625
0.165725708007813 0.1080322265625 -0.312896728515625 0.194122314453125
0.16766357421875 -0.0508270263671875 -0.123672485351563 0.24102783203125
0.0555038452148437 -0.134101867675781 -0.00546264648437501 0.180419921875
-0.0123825073242187 -0.138229370117188 0.0206756591796875 0.0897216796875
0.00918579101562501 -0.1446533203125 -0.0159339904785156 0.0637779235839844
0.00386047363281252 -0.161697387695313 -0.07672119140625 0.0216522216796875
0.0814590454101562 -0.13507080078125 -0.100830078125 -0.0701065063476563
0.175186157226562 -0.03521728515625 -0.028961181640625 -0.181442260742188
0.157150268554688 0.127487182617188 0.163131713867188 -0.260528564453125
-0.060699462890625 0.211563110351563 0.394134521484375 -0.123504638671875
-0.18841552734375 0.084503173828125 0.36474609375 0.126007080078125
-0.199066162109375 -0.0529327392578125 0.0619277954101562 0.110275268554687
-0.172988891601562 -0.00270080566406247 -0.16400146484375 -0.170547485351563
-0.130378723144531 0.119613647460937 -0.3514404296875 -0.158203125
0.032958984375 0.176956176757813 -0.395538330078125 0.0447082519531249
0.129447937011719 0.05517578125 -0.319488525390625 0.220672607421875
0.114730834960938 -0.061187744140625 -0.129501342773437 0.270553588867188
0.0225601196289062 -0.110107421875 0.00227355957031249 0.222442626953125
-0.0244827270507813 -0.105743408203125 0.0420074462890625 0.134986877441406
-0.00703430175781249 -0.115394592285156 0.000946044921874989 0.106056213378906
-0.0230178833007813 -0.131034851074219 -0.0387153625488281 0.0677604675292969
0.038299560546875 -0.106498718261719 -0.0800933837890625 -0.0451889038085937
0.100326538085938 -0.033203125 -0.00315856933593748 -0.197021484375
0.080078125 0.0677261352539063 0.231201171875 -0.268722534179688
-0.0439682006835937 0.0866622924804688 0.49627685546875 -0.054351806640625
-0.07867431640625 0.010650634765625 0.39691162109375 0.21954345703125
-0.0812149047851563 -0.01629638671875 0.040771484375 0.0887603759765625
-0.0852432250976563 0.00448608398437499 -0.208358764648437 -0.160568237304688
-0.0645408630371094 0.0569801330566406 -0.37652587890625 -0.117095947265625
0.0177688598632813 0.0812606811523438 -0.39666748046875 0.0792846679687499
0.0600852966308594 0.0113334655761719 -0.30462646484375 0.259002685546875
0.0424842834472656 -0.0427017211914062 -0.106536865234375 0.292327880859375
-0.00669097900390624 -0.0562782287597656 0.0328216552734375 0.236557006835937
-0.0266990661621094 -0.0520591735839844 0.064453125 0.147415161132813
-0.0193710327148438 -0.0650711059570312 0.0086669921875 0.119590759277344
-0.0116806030273437 -0.073486328125 -0.070648193359375 0.0900192260742188
0.0276641845703125 -0.0583152770996094 -0.121856689453125 -0.0233612060546875
0.063018798828125 -0.00792694091796875 -0.067657470703125 -0.184555053710938
0.0375785827636719 0.0532684326171875 0.14605712890625 -0.29205322265625
-0.0537223815917969 0.0511054992675781 0.438140869140625 -0.145904541015625
-0.07733154296875 -0.0102691650390625 0.386444091796875 0.117645263671875
-0.065460205078125 -0.0489692687988281 0.0140190124511719 0.0587844848632812
0.00152969360351563 -0.0205287933349609 0.036712646484375 -0.109024047851563
-0.0324211120605469 -0.0266036987304688 -0.31524658203125 -0.23748779296875
-0.0390129089355469 0.0389060974121094 -0.45257568359375 0.069122314453125
0.000293731689453123 0.0554275512695313 -0.252548217773437 0.271469116210938
0.0275955200195313 0.036102294921875 -0.00318908691406249 0.203643798828125
0.0332164764404297 0.0156135559082031 0.0971298217773438 0.0350341796875
0.0325527191162109 -0.00483894348144531 0.024200439453125 -0.106170654296875
0.0315074920654297 -0.00678443908691406 -0.051483154296875 -0.134895324707031
0.024749755859375 -0.0119476318359375 -0.0953826904296875 -0.184722900390625
0.0209465026855469 -0.0102310180664063 -0.02947998046875 -0.265716552734375
0.0217227935791016 0.0001983642578125 0.106231689453125 -0.310821533203125
0.0296096801757813 0.000141143798828125 0.296966552734375 -0.2596435546875
0.0228710174560547 0.00563430786132813 0.424835205078125 -0.06256103515625
0.0222721099853516 0.0180912017822266 0.3543701171875 0.028778076171875
0.0176811218261719 0.0253658294677734 0.239364624023438 0.006439208984375
-0.0729598999023438 -0.0716476440429687 0.0407485961914063 -0.108001708984375
-0.110763549804688 -0.030059814453125 -0.310882568359375 -0.213470458984375
-0.080474853515625 0.1019287109375 -0.4241943359375 0.0923156738281249
0.0221481323242188 0.116134643554687 -0.225509643554688 0.262832641601563
0.085113525390625 0.0509033203125 0.00309753417968749 0.194580078125
0.0689239501953125 -0.0233535766601563 0.0901336669921875 0.0335311889648438
0.0325889587402344 -0.0601997375488281 0.0236663818359375 -0.0951461791992188
0.0333824157714844 -0.0635223388671875 -0.0427398681640625 -0.113533020019531
0.0178375244140625 -0.0782394409179688 -0.0922088623046875 -0.158172607421875
0.0408172607421875 -0.0755386352539063 -0.05145263671875 -0.235946655273438
0.0894622802734375 -0.0446243286132813 0.066436767578125 -0.29400634765625
0.119598388671875 0.0218429565429688 0.258941650390625 -0.28302001953125
0.0527801513671875 0.115371704101563 0.42034912109375 -0.105987548828125
-0.0418167114257813 0.114227294921875 0.388885498046875 0.031585693359375
-0.089813232421875 0.0437393188476562 0.24981689453125 0.082244873046875
-0.146759033203125 -0.089569091796875 0.018798828125 -0.126274108886719
-0.180435180664063 0.000411987304687468 -0.2939453125 -0.232879638671875
-0.0968475341796875 0.180068969726563 -0.40264892578125 0.0659179687499999
0.070098876953125 0.164108276367188 -0.2529296875 0.215042114257813
0.15057373046875 0.0406951904296875 -0.0508270263671875 0.185470581054688
0.0948410034179688 -0.0766677856445313 0.0393409729003906 0.0578956604003906
0.0192184448242187 -0.115966796875 1.14440917968765E-05 -0.0588226318359375
0.0228424072265625 -0.121726989746094 -0.0497589111328125 -0.0811080932617188
0.00424957275390624 -0.138351440429688 -0.0944137573242188 -0.131462097167969
0.0523757934570313 -0.135078430175781 -0.0619659423828125 -0.20904541015625
0.143951416015625 -0.085601806640625 0.0540771484375 -0.271697998046875
0.194793701171875 0.0387115478515625 0.242340087890625 -0.281524658203125
0.0730438232421875 0.201522827148438 0.41107177734375 -0.10968017578125
-0.0870819091796875 0.181289672851563 0.386871337890625 0.048492431640625
-0.164764404296875 0.060546875 0.217086791992187 0.0796356201171875
-0.206573486328125 -0.0742950439453125 -0.00465393066406253 -0.152694702148438
-0.220565795898438 0.06201171875 -0.289520263671875 -0.2298583984375
-0.070953369140625 0.2503662109375 -0.386138916015625 0.03363037109375
0.1239013671875 0.181686401367188 -0.260528564453125 0.19000244140625
0.18994140625 0.016632080078125 -0.0721893310546875 0.187850952148438
0.101409912109375 -0.110931396484375 0.01922607421875 0.0847320556640625
0.0130615234375 -0.14251708984375 0.00298404693603516 -0.0161819458007813
0.02490234375 -0.147842407226563 -0.0354385375976563 -0.0339393615722656
0.0020904541015625 -0.1697998046875 -0.0863189697265625 -0.0814437866210938
0.067840576171875 -0.160812377929687 -0.0749359130859375 -0.160842895507813
0.1817626953125 -0.0910797119140625 0.02557373046875 -0.23797607421875
0.22698974609375 0.073272705078125 0.213134765625 -0.277297973632813
0.0494384765625 0.257583618164063 0.403961181640625 -0.117218017578125
-0.1492919921875 0.198928833007813 0.38916015625 0.082733154296875
-0.2265625 0.030242919921875 0.169754028320313 0.120742797851562
-0.227493286132813 -0.0258331298828125 -0.0550308227539063 -0.121353149414063
-0.197860717773437 0.128997802734375 -0.292572021484375 -0.234588623046875
0.0033416748046875 0.274261474609375 -0.40399169921875 -0.013275146484375
0.185791015625 0.144943237304688 -0.329071044921875 0.1676025390625
0.209030151367188 -0.0488128662109375 -0.135940551757812 0.214065551757813
0.0740509033203125 -0.160400390625 -0.0213623046875 0.151947021484375
-0.0264892578125 -0.164947509765625 0.00608062744140625 0.05535888671875
-0.007537841796875 -0.1732177734375 -0.0166759490966797 0.0236625671386719
-0.0214385986328125 -0.189849853515625 -0.0706100463867188 -0.0302963256835938
0.0648193359375 -0.176239013671875 -0.072296142578125 -0.116012573242188
0.18939208984375 -0.0918426513671875 0.021697998046875 -0.209075927734375
0.221176147460937 0.0886383056640625 0.211395263671875 -0.26556396484375
0.0229339599609375 0.248031616210937 0.41937255859375 -0.100494384765625
-0.142929077148438 0.162689208984375 0.38348388671875 0.123382568359375
-0.188949584960938 0.0388641357421875 0.113143920898437 0.0850448608398438
-0.22845458984375 -0.018585205078125 -0.112594604492188 -0.179916381835938
-0.187164306640625 0.147857666015625 -0.325714111328125 -0.19415283203125
0.02313232421875 0.25042724609375 -0.390960693359375 0.023712158203125
0.168670654296875 0.10418701171875 -0.3115234375 0.196380615234375
0.167282104492188 -0.055999755859375 -0.121292114257813 0.241165161132812
0.0543289184570313 -0.134674072265625 -0.00439453124999999 0.179046630859375
-0.0163955688476562 -0.138015747070313 0.0203704833984375 0.0890121459960938
0.00553894042968751 -0.147216796875 -0.0135841369628906 0.06494140625
-0.00169372558593748 -0.162628173828125 -0.0741043090820313 0.0250473022460937
0.0763015747070312 -0.137908935546875 -0.0994720458984375 -0.0656585693359375
0.174072265625 -0.0416412353515625 -0.028106689453125 -0.178756713867188
0.163528442382812 0.122451782226562 0.161575317382813 -0.260147094726563
-0.051605224609375 0.215118408203125 0.389984130859375 -0.12481689453125
-0.185699462890625 0.09466552734375 0.366302490234375 0.125640869140625
-0.20184326171875 -0.04156494140625 0.06634521484375 0.1123046875
-0.174026489257813 0.00138854980468747 -0.173873901367187 -0.170730590820313
-0.127334594726563 0.124923706054688 -0.3565673828125 -0.15380859375
0.0388946533203125 0.1781005859375 -0.3946533203125 0.0471191406250001
0.130905151367188 0.050537109375 -0.31829833984375 0.22406005859375
0.113250732421875 -0.0643234252929688 -0.126434326171875 0.271316528320313
0.0213546752929687 -0.1103515625 0.00442504882812499 0.221267700195313
-0.0274200439453125 -0.105339050292969 0.0438690185546875 0.134208679199219
-0.011474609375 -0.11676025390625 0.00566864013671874 0.107437133789063
-0.0296707153320313 -0.128631591796875 -0.0330238342285156 0.0672607421875
0.0319137573242188 -0.105682373046875 -0.0766754150390625 -0.0441970825195312
0.0948104858398438 -0.0365066528320313 -0.00225830078124998 -0.1983642578125
0.08160400390625 0.0622406005859375 0.230941772460938 -0.273818969726563
-0.0380935668945312 0.0841293334960938 0.49798583984375 -0.062469482421875
-0.0761260986328125 0.0132217407226562 0.40509033203125 0.21502685546875
-0.0761871337890625 -0.01031494140625 0.0465774536132812 0.0919265747070313
-0.0843505859375 0.00390625000000002 -0.219284057617188 -0.160430908203125
-0.0621109008789062 0.0590591430664063 -0.381195068359375 -0.111114501953125
0.0201644897460937 0.0814361572265625 -0.39593505859375 0.081695556640625
0.0585823059082031 0.00917434692382813 -0.3023681640625 0.262664794921875
0.0410423278808594 -0.0443229675292969 -0.10235595703125 0.291748046875
-0.00626754760742187 -0.0555305480957031 0.0345306396484375 0.234298706054688
-0.0279541015625 -0.051422119140625 0.0648956298828125 0.146804809570313
-0.0214500427246094 -0.0656700134277344 0.0131072998046875 0.122062683105469
-0.01495361328125 -0.0743865966796875 -0.0657424926757812 0.0946121215820313
0.0252418518066406 -0.0603675842285156 -0.1195068359375 -0.0160293579101563
0.0631675720214844 -0.0105438232421875 -0.06805419921875 -0.178924560546875
0.0415000915527344 0.0521469116210938 0.139373779296875 -0.289093017578125
-0.0502243041992187 0.0538597106933594 0.430511474609375 -0.15057373046875
-0.0782623291015625 -0.00426483154296876 0.385528564453125 0.113433837890625
-0.0673599243164063 -0.0448875427246094 0.0144729614257812 0.0632095336914063
0.000272750854492186 -0.0223178863525391 0.0325698852539062 -0.120506286621094
-0.0335922241210938 -0.0256729125976562 -0.327362060546875 -0.2432861328125
-0.0385055541992188 0.0415153503417969 -0.459381103515625 0.071868896484375
0.0013275146484375 0.0573654174804688 -0.254287719726563 0.277420043945313
0.0288047790527344 0.0386276245117187 -0.00453186035156251 0.207077026367188
0.0357284545898438 0.0164260864257813 0.095062255859375 0.0323333740234375
0.0350475311279297 -0.00553703308105469 0.0170516967773437 -0.108535766601562
0.0326080322265625 -0.00696754455566406 -0.059326171875 -0.135208129882812
0.02532958984375 -0.0118923187255859 -0.105453491210937 -0.185089111328125
0.0205364227294922 -0.0100364685058594 -0.0392608642578125 -0.26953125
0.0216884613037109 0.000905990600585938 0.10028076171875 -0.3212890625
0.0297565460205078 4.38690185546875E-05 0.29730224609375 -0.275115966796875
0.0219707489013672 0.0045318603515625 0.432464599609375 -0.07489013671875
0.0225963592529297 0.0181732177734375 0.36053466796875 0.022674560546875
0.0194301605224609 0.026458740234375 0.244888305664063 -0.000137329101562498
-0.0792922973632813 -0.071044921875 0.0377655029296875 -0.118545532226562
-0.113876342773438 -0.0247573852539063 -0.321014404296875 -0.218048095703125
-0.0774765014648437 0.108085632324219 -0.426177978515625 0.09368896484375
0.0261306762695312 0.117401123046875 -0.224075317382812 0.265289306640625
0.0880355834960938 0.05029296875 0.00382995605468751 0.195175170898438
0.0710830688476563 -0.0240020751953125 0.0882034301757813 0.0290908813476563
0.0318641662597656 -0.0619392395019531 0.0163421630859375 -0.099029541015625
0.032257080078125 -0.0659103393554688 -0.0482177734375 -0.116561889648437
0.0152740478515625 -0.07977294921875 -0.099090576171875 -0.160385131835938
0.0378036499023438 -0.0780105590820312 -0.0584259033203125 -0.23870849609375
0.0892715454101563 -0.0479660034179688 0.061553955078125 -0.3009033203125
0.123855590820313 0.018585205078125 0.257476806640625 -0.2972412109375
0.0578765869140625 0.116355895996094 0.426788330078125 -0.118804931640625
-0.038848876953125 0.120414733886719 0.3978271484375 0.024261474609375
-0.0906982421875 0.0512924194335938 0.262161254882813 0.075897216796875
-0.110931396484375 -0.022491455078125 0.0123519897460937 -0.135391235351563
-0.18914794921875 0.00704956054687504 -0.304473876953125 -0.23785400390625
-0.0899810791015625 0.188751220703125 -0.40533447265625 0.0664367675781249
0.0782623291015625 0.163818359375 -0.25616455078125 0.218948364257812
0.15435791015625 0.0350799560546875 -0.0520477294921875 0.189498901367188
0.0941085815429687 -0.0808181762695313 0.0375823974609375 0.0570716857910156
0.0147476196289063 -0.117050170898438 -0.00630569458007813 -0.059814453125
0.0176849365234375 -0.1251220703125 -0.0551681518554688 -0.0815048217773438
-0.00273895263671876 -0.139945983886719 -0.101295471191406 -0.131813049316406
0.046478271484375 -0.139022827148437 -0.0691375732421875 -0.211318969726563
0.143157958984375 -0.092926025390625 0.05072021484375 -0.27825927734375
0.202178955078125 0.032196044921875 0.240997314453125 -0.296417236328125
0.0837249755859375 0.203048706054688 0.417999267578125 -0.12152099609375
-0.08209228515625 0.191543579101563 0.397918701171875 0.04229736328125
-0.165435791015625 0.07281494140625 0.227584838867188 0.0748443603515625
-0.216629028320313 -0.0654754638671875 -0.011199951171875 -0.161758422851563
-0.22137451171875 0.07489013671875 -0.29986572265625 -0.2335205078125
-0.059478759765625 0.260269165039063 -0.39105224609375 0.03509521484375
0.13372802734375 0.180770874023438 -0.263900756835938 0.193832397460937
0.195083618164063 0.0094757080078125 -0.071929931640625 0.19097900390625
0.100746154785156 -0.116966247558594 0.0184326171875 0.084228515625
0.00775146484375001 -0.144866943359375 -0.00127696990966797 -0.0173425674438477
0.0198516845703125 -0.153671264648438 -0.0376739501953125 -0.0348854064941406
-0.0055999755859375 -0.173660278320313 -0.0894927978515625 -0.0809783935546875
0.0618743896484375 -0.16668701171875 -0.0799560546875 -0.160491943359375
0.182174682617188 -0.100234985351562 0.0229949951171875 -0.24334716796875
0.236923217773438 0.065887451171875 0.21209716796875 -0.290252685546875
0.0620574951171875 0.262847900390625 0.4110107421875 -0.12774658203125
-0.145294189453125 0.213760375976563 0.39990234375 0.078216552734375
-0.230926513671875 0.045318603515625 0.181289672851562 0.120361328125
-0.2520751953125 -0.05303955078125 -0.0621185302734375 -0.125045776367188
-0.190872192382813 0.141082763671875 -0.30694580078125 -0.238189697265625
0.0180511474609375 0.278610229492188 -0.414764404296875 -0.010955810546875
0.193069458007813 0.137237548828125 -0.33624267578125 0.177764892578125
0.208572387695313 -0.0597076416015625 -0.135223388671875 0.222824096679688
0.0684814453125 -0.165008544921875 -0.018402099609375 0.156753540039063
-0.0342254638671875 -0.164596557617188 0.00595855712890625 0.05584716796875
-0.017181396484375 -0.176025390625 -0.0151004791259766 0.0235843658447266
-0.0325164794921875 -0.190673828125 -0.0719375610351563 -0.0289993286132812
0.0555267333984375 -0.1820068359375 -0.0756149291992188 -0.115966796875
0.186325073242188 -0.101364135742188 0.020111083984375 -0.215560913085938
0.229248046875 0.0794830322265625 0.21124267578125 -0.278427124023438
0.03564453125 0.249801635742187 0.428253173828125 -0.1116943359375
-0.136428833007812 0.171966552734375 0.397247314453125 0.11907958984375
-0.185501098632812 0.05224609375 0.119911193847656 0.084930419921875
-0.238540649414063 -0.01214599609375 -0.126220703125 -0.184799194335937
-0.186065673828125 0.160858154296875 -0.338775634765625 -0.1942138671875
0.0350189208984375 0.257766723632813 -0.397918701171875 0.027496337890625
0.176132202148438 0.10113525390625 -0.315673828125 0.20587158203125
0.169296264648438 -0.0640869140625 -0.119491577148438 0.24786376953125
0.05291748046875 -0.139884948730469 -0.00205993652343748 0.181793212890625
-0.0218505859375 -0.141067504882813 0.0207443237304688 0.0908279418945312
-0.000732421875000002 -0.152679443359375 -0.0101966857910156 0.0678863525390625
-0.00950622558593752 -0.166946411132813 -0.0713729858398438 0.029998779296875
0.071624755859375 -0.144439697265625 -0.100288391113281 -0.0610427856445313
0.176544189453125 -0.0501861572265625 -0.0284271240234375 -0.1798095703125
0.174575805664062 0.117263793945312 0.16064453125 -0.26788330078125
-0.0415496826171875 0.223297119140625 0.394500732421875 -0.131378173828125
-0.18408203125 0.10888671875 0.376617431640625 0.12396240234375
-0.208023071289063 -0.0288238525390625 0.073974609375 0.116569519042969
-0.1800537109375 0.00511169433593749 -0.190032958984375 -0.172454833984375
-0.125877380371094 0.134605407714844 -0.370452880859375 -0.1483154296875
0.0482025146484375 0.182479858398438 -0.402435302734375 0.0545349121093751
0.134536743164063 0.0478515625 -0.32086181640625 0.23541259765625
0.113632202148437 -0.0705413818359375 -0.124160766601562 0.279281616210938
0.0194625854492187 -0.113754272460938 0.00863647460937501 0.225433349609375
-0.0326919555664063 -0.107017517089844 0.0475692749023438 0.137321472167969
-0.016876220703125 -0.121063232421875 0.01190185546875 0.111137390136719
-0.0379638671875 -0.128196716308594 -0.027374267578125 0.067626953125
0.0250091552734375 -0.1072998046875 -0.07525634765625 -0.0426788330078125
0.09185791015625 -0.0410308837890625 -0.00367736816406249 -0.204193115234375
0.0846176147460938 0.0570068359375 0.231414794921875 -0.287078857421875
-0.0332412719726562 0.0834884643554688 0.510040283203125 -0.074615478515625
-0.0734024047851563 0.0173492431640625 0.42266845703125 0.2125244140625
-0.0723648071289063 -0.00521850585937501 0.0542831420898438 0.0957107543945313
-0.08642578125 0.00510406494140625 -0.237442016601563 -0.1607666015625
-0.0604095458984375 0.0631484985351563 -0.39508056640625 -0.10223388671875
0.0248870849609375 0.0830612182617188 -0.40228271484375 0.0916137695312499
0.0584220886230469 0.00706863403320312 -0.302032470703125 0.274444580078125
0.0404930114746094 -0.0464439392089844 -0.098968505859375 0.299163818359375
-0.0062103271484375 -0.0567359924316406 0.038787841796875 0.237197875976563
-0.030242919921875 -0.0520706176757813 0.0691375732421875 0.149154663085938
-0.0252761840820313 -0.0674896240234375 0.0189895629882813 0.127006530761719
-0.0188369750976563 -0.0763092041015625 -0.0602569580078125 0.102066040039063
0.0230178833007813 -0.0634727478027344 -0.119178771972656 -0.00836944580078127
0.0651702880859375 -0.0141525268554688 -0.071502685546875 -0.176071166992188
0.0468025207519531 0.0511360168457031 0.13330078125 -0.293548583984375
-0.0473556518554688 0.0581932067871094 0.428924560546875 -0.160797119140625
-0.0795364379882813 0.002288818359375 0.391510009765625 0.1083984375
-0.0698814392089844 -0.0410118103027344 0.0155372619628906 0.0680618286132813
-0.00208091735839844 -0.0240135192871094 0.0245590209960938 -0.132980346679688
-0.0357627868652344 -0.023895263671875 -0.348419189453125 -0.2437744140625
-0.0372161865234375 0.0452117919921875 -0.466064453125 0.086395263671875
0.00337600708007813 0.05828857421875 -0.250885009765625 0.2899169921875
0.0327911376953125 0.0399551391601563 0.000213623046875019 0.211715698242188
0.0390853881835937 0.0163345336914063 0.0933914184570313 0.028167724609375
0.0363655090332031 -0.00754928588867187 0.00644683837890626 -0.109855651855469
0.0347709655761719 -0.00840950012207031 -0.0719070434570312 -0.133956909179688
0.0259056091308594 -0.0130767822265625 -0.120132446289062 -0.1829833984375
0.0198116302490234 -0.0103034973144531 -0.054901123046875 -0.272811889648438
0.0220546722412109 0.00110054016113281 0.08758544921875 -0.334686279296875
0.0303955078125 -0.000989913940429688 0.291015625 -0.29852294921875
0.0213470458984375 0.00323677062988281 0.4388427734375 -0.097320556640625
0.0235500335693359 0.0176734924316406 0.36907958984375 0.007904052734375
0.0224571228027344 0.0272159576416016 0.250640869140625 -0.0145416259765625
-0.088714599609375 -0.0681076049804688 0.031982421875 -0.131179809570313
-0.116600036621094 -0.0158309936523438 -0.33648681640625 -0.21502685546875
-0.0709304809570313 0.115570068359375 -0.428009033203125 0.1051025390625
0.0330734252929688 0.118736267089844 -0.218719482421875 0.27374267578125
0.094024658203125 0.0474472045898438 0.00881958007812499 0.19580078125
0.0724716186523438 -0.0283584594726563 0.0869064331054688 0.02252197265625
0.0295944213867188 -0.06494140625 0.00640869140625 -0.102928161621094
0.0299606323242188 -0.069488525390625 -0.0590438842773438 -0.117752075195313
0.0105133056640625 -0.0817794799804687 -0.111801147460938 -0.15997314453125
0.0337448120117188 -0.0813446044921875 -0.0712738037109375 -0.241058349609375
0.088592529296875 -0.0539779663085938 0.050689697265625 -0.311126708984375
0.129173278808594 0.0120391845703125 0.248504638671875 -0.318572998046875
0.0659408569335938 0.116218566894531 0.43133544921875 -0.1416015625
-0.03240966796875 0.128211975097656 0.408172607421875 0.00683593750000001
-0.0891952514648438 0.0612411499023437 0.277984619140625 0.06341552734375
-0.0975494384765625 -0.00932312011718752 0.00160217285156249 -0.143844604492188
-0.1903076171875 0.0233001708984375 -0.322845458984375 -0.237274169921875
-0.0769805908203125 0.199188232421875 -0.408233642578125 0.0766601562500001
0.0896148681640625 0.161483764648437 -0.257095336914063 0.229217529296875
0.159637451171875 0.02667236328125 -0.0489349365234375 0.194961547851563
0.0904617309570313 -0.0874786376953125 0.0364761352539063 0.0558586120605469
0.0070953369140625 -0.119819641113281 -0.01495361328125 -0.0596389770507813
0.00955963134765626 -0.128990173339844 -0.0627822875976563 -0.080841064453125
-0.0130157470703125 -0.141876220703125 -0.111709594726563 -0.12982177734375
0.0372161865234375 -0.14398193359375 -0.08123779296875 -0.21112060546875
0.139801025390625 -0.102706909179688 0.040618896484375 -0.2889404296875
0.2095947265625 0.0203857421875 0.232696533203125 -0.31719970703125
0.0984039306640625 0.203598022460937 0.42254638671875 -0.142791748046875
-0.0713043212890625 0.203598022460938 0.40936279296875 0.025604248046875
-0.163238525390625 0.0882110595703125 0.240921020507813 0.0641632080078125
-0.229110717773438 -0.050628662109375 -0.0226287841796875 -0.169509887695313
-0.219635009765625 0.0947113037109375 -0.318115234375 -0.2320556640625
-0.04132080078125 0.271942138671875 -0.3966064453125 0.0429077148437501
0.148178100585938 0.177230834960938 -0.264358520507813 0.205398559570313
0.20123291015625 -0.0028533935546875 -0.068084716796875 0.196273803710938
0.0975112915039063 -0.126091003417969 0.0194244384765625 0.0832061767578125
-0.001312255859375 -0.149642944335938 -0.00725173950195313 -0.018218994140625
0.0103607177734375 -0.160247802734375 -0.0411834716796875 -0.0345726013183594
-0.018218994140625 -0.17742919921875 -0.09576416015625 -0.0789794921875
0.0517578125 -0.173538208007813 -0.08843994140625 -0.158721923828125
0.180404663085938 -0.113784790039063 0.015380859375 -0.251205444335938
0.249664306640625 0.0528411865234375 0.203643798828125 -0.308624267578125
0.0807342529296875 0.266937255859375 0.416351318359375 -0.147125244140625
-0.135116577148438 0.231964111328125 0.416473388671875 0.064178466796875
-0.233978271484375 0.0657806396484375 0.197265625 0.11407470703125
-0.268447875976563 -0.03961181640625 -0.07244873046875 -0.127655029296875
-0.181869506835938 0.157196044921875 -0.329254150390625 -0.234405517578125
0.0400238037109375 0.28021240234375 -0.429229736328125 0.00186157226562508
0.204299926757813 0.125732421875 -0.33978271484375 0.197509765625
0.206710815429688 -0.0755462646484375 -0.130691528320313 0.236129760742187
0.0590362548828125 -0.171676635742188 -0.012176513671875 0.16143798828125
-0.046051025390625 -0.163589477539063 0.00767135620117188 0.0576438903808594
-0.0313720703125 -0.17822265625 -0.0133514404296875 0.0241489410400391
-0.0477142333984375 -0.190567016601563 -0.0733413696289063 -0.0262985229492188
0.0419769287109375 -0.186447143554688 -0.0808563232421875 -0.113601684570313
0.181625366210938 -0.114395141601563 0.0132293701171875 -0.22320556640625
0.238983154296875 0.0643157958984375 0.203033447265625 -0.298095703125
0.052947998046875 0.250762939453125 0.435791015625 -0.1328125
-0.125579833984375 0.185836791992187 0.4150390625 0.10589599609375
-0.181182861328125 0.067779541015625 0.12908935546875 0.08160400390625
-0.250335693359375 0.00131225585937505 -0.145309448242188 -0.185150146484375
-0.180068969726563 0.179519653320312 -0.35809326171875 -0.185577392578125
0.0550384521484375 0.265365600585938 -0.40692138671875 0.0406494140625001
0.187103271484375 0.0943603515625 -0.3154296875 0.2218017578125
0.171890258789063 -0.0759124755859375 -0.112396240234375 0.2581787109375
0.048309326171875 -0.148757934570313 0.00430297851562501 0.185440063476563
-0.03106689453125 -0.143936157226563 0.0242156982421875 0.092254638671875
-0.0109405517578125 -0.159103393554687 -0.00490570068359375 0.0707550048828125
-0.021575927734375 -0.172439575195313 -0.0686187744140625 0.0352134704589844
0.063079833984375 -0.152786254882813 -0.101936340332031 -0.0549850463867187
0.177444458007813 -0.0631561279296875 -0.0328826904296875 -0.181808471679688
0.189361572265625 0.10791015625 0.15386962890625 -0.280685424804688
-0.025054931640625 0.232025146484375 0.3966064453125 -0.14697265625
-0.1800537109375 0.128463745117188 0.3924560546875 0.1148681640625
-0.213882446289063 -0.010528564453125 0.084197998046875 0.118354797363281
-0.188461303710938 0.0134124755859375 -0.212142944335937 -0.169189453125
-0.120361328125 0.147232055664063 -0.388702392578125 -0.135589599609375
0.062408447265625 0.185836791992188 -0.41015625 0.07073974609375
0.140899658203125 0.0420684814453125 -0.319793701171875 0.254058837890625
0.113365173339844 -0.0798721313476563 -0.115325927734375 0.291107177734375
0.015777587890625 -0.119659423828125 0.017822265625 0.231109619140625
-0.0407943725585937 -0.108329772949219 0.0555267333984375 0.138992309570313
-0.0264892578125 -0.125068664550781 0.0214004516601562 0.114158630371094
-0.0496597290039063 -0.126762390136719 -0.0205268859863281 0.0683555603027344
0.0160293579101562 -0.109039306640625 -0.075164794921875 -0.0406265258789063
0.087860107421875 -0.0470809936523438 -0.0091552734375 -0.210845947265625
0.0887680053710937 0.049591064453125 0.224700927734375 -0.30621337890625
-0.026947021484375 0.0828704833984375 0.520843505859375 -0.100555419921875
-0.0702476501464844 0.0221748352050781 0.446502685546875 0.199066162109375
-0.0679435729980469 0.000667572021484381 0.065032958984375 0.097900390625
-0.0892715454101563 0.00768280029296874 -0.261154174804687 -0.154067993164063
-0.0579566955566406 0.0680809020996094 -0.41217041015625 -0.0849914550781249
0.0318145751953125 0.084442138671875 -0.408843994140625 0.1114501953125
0.059661865234375 0.00504684448242188 -0.29669189453125 0.293701171875
0.0394859313964844 -0.0497817993164063 -0.089202880859375 0.310211181640625
-0.0079193115234375 -0.0588111877441406 0.0484466552734375 0.2403564453125
-0.0341567993164063 -0.0520706176757813 0.0767669677734375 0.150772094726563
-0.0305404663085938 -0.0692214965820313 0.0281143188476562 0.131660461425781
-0.0250244140625 -0.0792465209960938 -0.05126953125 0.111358642578125
0.0195045471191406 -0.0680160522460938 -0.118064880371094 0.00276184082031247
0.0667381286621094 -0.0200843811035156 -0.0779571533203125 -0.170654296875
0.0539054870605469 0.0485916137695312 0.119720458984375 -0.299835205078125
-0.0426406860351562 0.0643806457519531 0.423187255859375 -0.179168701171875
-0.0804367065429688 0.0122299194335938 0.4019775390625 0.0946044921875
-0.0744705200195312 -0.0360794067382812 0.0186996459960938 0.0732574462890625
-0.00494575500488281 -0.0244464874267578 0.0119476318359375 -0.142608642578125
-0.0376510620117187 -0.0213851928710938 -0.369171142578125 -0.23052978515625
-0.0343971252441406 0.0481948852539063 -0.46588134765625 0.106475830078125
0.00693893432617188 0.0594367980957031 -0.24066162109375 0.3023681640625
0.0368690490722656 0.0394668579101563 0.00781249999999999 0.213668823242188
0.0418930053710938 0.0148200988769531 0.0903472900390625 0.02239990234375
0.0371780395507813 -0.0113754272460938 -0.0061492919921875 -0.109367370605469
0.0358505249023438 -0.0114059448242188 -0.0859222412109375 -0.128036499023438
0.0257740020751953 -0.0138511657714844 -0.137130737304687 -0.173721313476563
0.0186347961425781 -0.00971603393554688 -0.0750274658203125 -0.26910400390625
0.02252197265625 0.00083160400390625 0.06622314453125 -0.343536376953125
0.0304908752441406 -0.00264358520507812 0.27252197265625 -0.321685791015625
0.0196495056152344 0.00161552429199219 0.435028076171875 -0.127593994140625
0.0241966247558594 0.0166816711425781 0.37127685546875 -0.0135498046875
0.0258884429931641 0.0257339477539062 0.252639770507813 -0.0321197509765625
-0.0981979370117188 -0.0600433349609375 0.021484375 -0.140884399414063
-0.117095947265625 -0.00501251220703127 -0.352752685546875 -0.201812744140625
-0.0614013671875 0.121627807617187 -0.421630859375 0.121185302734375
0.0421066284179688 0.117279052734375 -0.20684814453125 0.280792236328125
0.09857177734375 0.0416793823242188 0.0165252685546875 0.192642211914063
0.0708084106445312 -0.0334396362304687 0.082977294921875 0.0138397216796875
0.0243949890136719 -0.0677757263183594 -0.00633239746093751 -0.104331970214844
0.025054931640625 -0.0731353759765625 -0.0716476440429687 -0.115631103515625
0.0041046142578125 -0.0824050903320312 -0.126007080078125 -0.154403686523438
0.0267486572265625 -0.0833740234375 -0.0878448486328125 -0.237213134765625
0.085968017578125 -0.0610504150390625 0.03204345703125 -0.317291259765625
0.1322021484375 0.00200653076171875 0.22857666015625 -0.338226318359375
0.0751113891601563 0.11248779296875 0.42401123046875 -0.17010498046875
-0.0221633911132813 0.134429931640625 0.41192626953125 -0.01812744140625
-0.0843505859375 0.0714645385742188 0.2890625 0.04205322265625
-0.152862548828125 -0.0391082763671875 -0.0131988525390625 -0.149032592773438
-0.167984008789063 0.0442047119140625 -0.34112548828125 -0.2264404296875
-0.058746337890625 0.206619262695313 -0.40472412109375 0.0918884277343751
0.102584838867188 0.154647827148438 -0.248428344726563 0.241714477539063
0.161911010742188 0.0142822265625 -0.041717529296875 0.198928833007812
0.0833816528320313 -0.09454345703125 0.0357666015625 0.0544281005859375
-0.00323486328125 -0.11993408203125 -0.0233650207519531 -0.0574989318847656
-0.00190734863281251 -0.130958557128906 -0.0717849731445313 -0.0760116577148438
-0.0250396728515625 -0.140670776367188 -0.123703002929688 -0.12310791015625
0.024383544921875 -0.146392822265625 -0.0959014892578125 -0.20611572265625
0.133155822753906 -0.11407470703125 0.0235595703125 -0.29449462890625
0.214019775390625 0.003143310546875 0.213134765625 -0.3359375
0.115219116210938 0.198013305664062 0.41693115234375 -0.169891357421875
-0.05450439453125 0.213363647460938 0.4154052734375 0.00152587890625001
-0.15521240234375 0.105667114257813 0.251251220703125 0.0463409423828125
-0.238983154296875 -0.028717041015625 -0.0382080078125 -0.173660278320313
-0.2100830078125 0.115707397460938 -0.33575439453125 -0.21942138671875
-0.0155792236328125 0.276260375976563 -0.396759033203125 0.0584106445312501
0.16387939453125 0.166351318359375 -0.256851196289063 0.217498779296875
0.203460693359375 -0.019622802734375 -0.0592041015625 0.200225830078125
0.0884552001953125 -0.135826110839844 0.0202560424804688 0.0817337036132812
-0.014129638671875 -0.150680541992188 -0.0125656127929688 -0.0175952911376953
-0.00382995605468752 -0.16473388671875 -0.0452957153320312 -0.0329055786132813
-0.0341796875 -0.177474975585938 -0.102287292480469 -0.0731887817382813
0.0369873046875 -0.178131103515625 -0.09771728515625 -0.152801513671875
0.173049926757813 -0.128753662109375 0.00195312500000001 -0.254135131835937
0.257354736328125 0.0323333740234375 0.184539794921875 -0.32489013671875
0.104782104492187 0.26318359375 0.410003662109375 -0.172454833984375
-0.115432739257812 0.248703002929688 0.425140380859375 0.040496826171875
-0.229095458984375 0.0906982421875 0.211776733398437 0.10089111328125
-0.27777099609375 -0.00891113281249995 -0.0839004516601563 -0.124656677246094
-0.165664672851563 0.172454833984375 -0.35003662109375 -0.218994140625
0.0666046142578125 0.275009155273438 -0.436187744140625 0.0233154296875
0.2125244140625 0.108612060546875 -0.333221435546875 0.22113037109375
0.198867797851563 -0.09405517578125 -0.11737060546875 0.247879028320313
0.0440216064453125 -0.176620483398438 -0.00192260742187501 0.164230346679687
-0.0607452392578125 -0.158523559570313 0.010528564453125 0.0576591491699219
-0.048309326171875 -0.176071166992188 -0.0110588073730469 0.0233230590820312
-0.0662078857421875 -0.185562133789063 -0.0750656127929688 -0.0219573974609375
0.0249176025390625 -0.18780517578125 -0.0878524780273437 -0.107376098632813
0.170501708984375 -0.129119873046875 0.00129699707031252 -0.228622436523438
0.244110107421875 0.0430755615234375 0.185211181640625 -0.315673828125
0.0743560791015625 0.244140625 0.43316650390625 -0.1610107421875
-0.1077880859375 0.197341918945313 0.428314208984375 0.08172607421875
-0.170700073242188 0.085174560546875 0.137725830078125 0.0740127563476563
-0.255874633789063 0.0250701904296875 -0.166778564453125 -0.17742919921875
-0.166519165039063 0.197723388671875 -0.3741455078125 -0.1668701171875
0.0790557861328125 0.264404296875 -0.408203125 0.0604858398437501
0.196273803710938 0.0826873779296875 -0.305084228515625 0.24139404296875
0.16839599609375 -0.091217041015625 -0.0977783203125 0.26678466796875
0.038726806640625 -0.155120849609375 0.01373291015625 0.186737060546875
-0.04364013671875 -0.1436767578125 0.028411865234375 0.093170166015625
-0.0255889892578125 -0.162551879882813 0.00183868408203125 0.0712432861328125
-0.0381622314453125 -0.172958374023438 -0.0630149841308594 0.0406684875488281
0.0499114990234375 -0.159500122070313 -0.102142333984375 -0.0456619262695313
0.17449951171875 -0.0793609619140625 -0.039276123046875 -0.179580688476563
0.201309204101563 0.090667724609375 0.1368408203125 -0.290008544921875
-0.003082275390625 0.23638916015625 0.390838623046875 -0.1658935546875
-0.166290283203125 0.148529052734375 0.40460205078125 0.094635009765625
-0.21441650390625 0.0125885009765625 0.0958709716796875 0.115440368652344
-0.193206787109375 0.0294952392578125 -0.234359741210937 -0.155776977539063
-0.1102294921875 0.160110473632813 -0.403350830078125 -0.111328125
0.080902099609375 0.183502197265625 -0.409393310546875 0.093841552734375
0.14581298828125 0.0334625244140625 -0.306854248046875 0.27496337890625
0.10882568359375 -0.0912017822265625 -0.099395751953125 0.30047607421875
0.00753784179687501 -0.123771667480469 0.031982421875 0.23236083984375
-0.0505599975585937 -0.106361389160156 0.064910888671875 0.138069152832031
-0.0386123657226563 -0.125335693359375 0.0337905883789062 0.113662719726562
-0.0631332397460937 -0.121055603027344 -0.0124549865722656 0.0669937133789062
0.004302978515625 -0.108169555664063 -0.0744171142578125 -0.03662109375
0.0813827514648438 -0.0541610717773438 -0.0195465087890625 -0.21417236328125
0.0908203125 0.0394134521484375 0.2076416015625 -0.325225830078125
-0.0192413330078125 0.0811614990234375 0.52008056640625 -0.133331298828125
-0.0637321472167969 0.027801513671875 0.4683837890625 0.1734619140625
-0.0613594055175781 0.00651168823242187 0.075531005859375 0.0959243774414063
-0.091888427734375 0.0131607055664062 -0.284423828125 -0.13720703125
-0.052093505859375 0.07379150390625 -0.423492431640625 -0.05792236328125
0.040313720703125 0.0824966430664063 -0.403839111328125 0.135833740234375
0.0601234436035156 0.00189590454101563 -0.27996826171875 0.314178466796875
0.036407470703125 -0.0537452697753906 -0.07110595703125 0.317352294921875
-0.0106124877929688 -0.0608406066894531 0.0608367919921875 0.23931884765625
-0.0391311645507812 -0.0508575439453125 0.0864105224609375 0.149307250976563
-0.0376510620117187 -0.0690689086914063 0.0411605834960938 0.133087158203125
-0.0332870483398437 -0.0796051025390625 -0.0387039184570313 0.118606567382812
0.0141448974609375 -0.0715560913085938 -0.112312316894531 0.0160140991210937
0.0672264099121094 -0.0275497436523438 -0.0850677490234375 -0.160964965820313
0.0612602233886719 0.0435447692871094 0.098480224609375 -0.30120849609375
-0.0346946716308594 0.0701637268066406 0.40625 -0.202392578125
-0.0782928466796875 0.0233154296875 0.407073974609375 0.072479248046875
-0.0779647827148438 -0.0287017822265625 0.0215911865234375 0.077728271484375
-0.00840568542480468 -0.0241718292236328 -0.000930786132812493 -0.14697265625
-0.0383987426757813 -0.0178337097167969 -0.378143310546875 -0.20819091796875
-0.03131103515625 0.0497856140136719 -0.45281982421875 0.123443603515625
0.0100364685058594 0.0588569641113281 -0.2218017578125 0.306396484375
0.04022216796875 0.0374221801757813 0.0153656005859375 0.209197998046875
0.0433464050292969 0.0122032165527344 0.0840988159179688 0.0180511474609375
0.0361328125 -0.0141181945800781 -0.0184707641601563 -0.103927612304688
0.0354423522949219 -0.0139198303222656 -0.0958251953125 -0.117805480957031
0.0256462097167969 -0.0146923065185547 -0.1483154296875 -0.158660888671875
0.0179767608642578 -0.00942230224609375 -0.09210205078125 -0.258132934570313
0.0223541259765625 0.000642776489257813 0.0440673828125 -0.34228515625
0.0299701690673828 -0.00487136840820312 0.24652099609375 -0.33465576171875
0.0175275802612305 0.000689506530761719 0.419219970703125 -0.1513671875
0.0249366760253906 0.0158252716064453 0.363739013671875 -0.033721923828125
0.0286312103271484 0.0232467651367187 0.247039794921875 -0.048980712890625
-0.103317260742188 -0.0463180541992187 0.00854492187499999 -0.146743774414063
-0.113380432128906 0.00591278076171876 -0.358245849609375 -0.18243408203125
-0.0496902465820313 0.12384033203125 -0.406280517578125 0.133026123046875
0.0498428344726563 0.112815856933594 -0.189865112304687 0.280029296875
0.100723266601563 0.0336380004882813 0.0224151611328125 0.185760498046875
0.0676918029785156 -0.0364341735839844 0.0759124755859375 0.0074462890625
0.0186653137207031 -0.0680999755859375 -0.01947021484375 -0.100936889648437
0.019134521484375 -0.0746383666992188 -0.0817718505859375 -0.108901977539062
-0.00203704833984375 -0.0803985595703125 -0.135986328125 -0.1434326171875
0.0192184448242187 -0.0818862915039063 -0.100616455078125 -0.226531982421875
0.080047607421875 -0.06591796875 0.01373291015625 -0.31500244140625
0.131080627441406 -0.00804901123046875 0.202545166015625 -0.346771240234375
0.0817337036132813 0.105682373046875 0.406097412109375 -0.19189453125
-0.01092529296875 0.135421752929688 0.404510498046875 -0.04144287109375
-0.0766067504882813 0.0786590576171875 0.29144287109375 0.019500732421875
-0.200225830078125 -0.058349609375 -0.02783203125 -0.148406982421875
-0.135360717773438 0.0530929565429688 -0.34979248046875 -0.20819091796875
-0.0380859375 0.20697021484375 -0.393341064453125 0.101165771484375
0.112228393554688 0.143234252929688 -0.235671997070312 0.24615478515625
0.159912109375 0.0008544921875 -0.032867431640625 0.197738647460938
0.0735092163085937 -0.09771728515625 0.0332107543945313 0.0524063110351562
-0.0136260986328125 -0.115966796875 -0.0315742492675781 -0.0526351928710938
-0.0137481689453125 -0.128524780273438 -0.0784454345703125 -0.0686264038085938
-0.0364990234375 -0.134689331054688 -0.13177490234375 -0.111648559570313
0.0117340087890625 -0.143157958984375 -0.106689453125 -0.195388793945313
0.121612548828125 -0.121734619140625 0.00698852539062499 -0.292938232421875
0.211181640625 -0.0142974853515625 0.186431884765625 -0.343841552734375
0.127716064453125 0.185256958007813 0.39959716796875 -0.19110107421875
-0.0364532470703125 0.215789794921875 0.408905029296875 -0.02252197265625
-0.14215087890625 0.118057250976562 0.252609252929688 0.02679443359375
-0.24908447265625 -0.0124511718750001 -0.0523529052734375 -0.170455932617187
-0.193679809570313 0.132904052734375 -0.344024658203125 -0.200408935546875
0.0106201171875 0.272247314453125 -0.387298583984375 0.0708007812500001
0.174407958984375 0.150909423828125 -0.243011474609375 0.22381591796875
0.199234008789063 -0.03631591796875 -0.0497894287109375 0.19891357421875
0.07586669921875 -0.141189575195313 0.0205001831054688 0.0787429809570312
-0.0267181396484375 -0.146530151367188 -0.01837158203125 -0.0147991180419922
-0.0185394287109375 -0.163375854492188 -0.0484428405761719 -0.0298690795898438
-0.0491943359375 -0.170623779296875 -0.106002807617187 -0.0652389526367188
0.02142333984375 -0.1763916015625 -0.103790283203125 -0.142669677734375
0.159744262695313 -0.140518188476563 -0.010894775390625 -0.251602172851563
0.256484985351563 0.011688232421875 0.16033935546875 -0.3310546875
0.124557495117187 0.25115966796875 0.3941650390625 -0.190643310546875
-0.092132568359375 0.256927490234375 0.42291259765625 0.01531982421875
-0.217453002929688 0.111709594726562 0.219039916992188 0.08380126953125
-0.2030029296875 0.0634307861328125 -0.093231201171875 -0.117576599121094
-0.142913818359375 0.179458618164063 -0.35986328125 -0.19610595703125
0.0887908935546875 0.25927734375 -0.43182373046875 0.044189453125
0.2147216796875 0.088958740234375 -0.317626953125 0.23785400390625
0.185134887695313 -0.108139038085938 -0.101043701171875 0.252090454101562
0.027679443359375 -0.175521850585938 0.00770568847656249 0.162261962890625
-0.072845458984375 -0.147674560546875 0.0128364562988281 0.0568618774414063
-0.0635833740234375 -0.167724609375 -0.00900459289550781 0.0223426818847656
-0.081298828125 -0.173583984375 -0.0750579833984375 -0.016815185546875
0.00733947753906249 -0.182418823242188 -0.09014892578125 -0.0990524291992188
0.154510498046875 -0.1385498046875 -0.01043701171875 -0.227691650390625
0.24072265625 0.021087646484375 0.162139892578125 -0.322906494140625
0.092010498046875 0.231109619140625 0.41717529296875 -0.1834716796875
-0.0869598388671875 0.201553344726563 0.429412841796875 0.05615234375
-0.154647827148438 0.0973663330078125 0.14141845703125 0.062896728515625
-0.254776000976562 0.04888916015625 -0.182296752929688 -0.163421630859375
-0.147445678710937 0.210357666015625 -0.37908935546875 -0.142425537109375
0.101806640625 0.254379272460938 -0.398590087890625 0.0782775878906251
0.200225830078125 0.0680694580078125 -0.2879638671875 0.253631591796875
0.1605224609375 -0.103546142578125 -0.08203125 0.267013549804688
0.027069091796875 -0.158401489257813 0.0227203369140625 0.183731079101563
-0.0545883178710937 -0.138107299804688 0.0325164794921875 0.09161376953125
-0.0400848388671875 -0.160324096679688 0.00844192504882812 0.0697097778320312
-0.053558349609375 -0.167495727539063 -0.0560798645019531 0.0444488525390625
0.0358428955078125 -0.161041259765625 -0.0982589721679688 -0.035888671875
0.165191650390625 -0.09381103515625 -0.04412841796875 -0.174209594726563
0.206192016601563 0.0710296630859375 0.11907958984375 -0.290496826171875
0.0192108154296875 0.23272705078125 0.37469482421875 -0.17901611328125
-0.147003173828125 0.162918090820312 0.4044189453125 0.073394775390625
-0.207550048828125 0.03424072265625 0.103561401367187 0.109100341796875
-0.192123413085937 0.0476531982421875 -0.25 -0.136001586914063
-0.095794677734375 0.16802978515625 -0.404052734375 -0.0838012695312501
0.095977783203125 0.175186157226563 -0.39666748046875 0.113525390625
0.147064208984375 0.02349853515625 -0.285064697265625 0.28692626953125
0.101097106933594 -0.0987396240234375 -0.079345703125 0.301910400390625
-0.00151824951171876 -0.124595642089844 0.0443115234375 0.228256225585938
-0.0587005615234375 -0.101058959960938 0.0725021362304688 0.133232116699219
-0.0504837036132813 -0.121833801269531 0.0445938110351563 0.109130859375
-0.072998046875 -0.111236572265625 -0.00487518310546876 0.0630340576171875
-0.006134033203125 -0.102912902832031 -0.0709152221679688 -0.032257080078125
0.072845458984375 -0.05816650390625 -0.0287628173828125 -0.212371826171875
0.0896377563476562 0.0286483764648438 0.185394287109375 -0.332122802734375
-0.0120391845703125 0.0769119262695313 0.50494384765625 -0.161346435546875
-0.0560989379882812 0.0315933227539062 0.473388671875 0.142181396484375
-0.0534744262695313 0.0104713439941406 0.0829925537109375 0.0909042358398438
-0.0923919677734375 0.0195999145507812 -0.29901123046875 -0.1136474609375
-0.0454177856445312 0.0769119262695313 -0.4208984375 -0.028228759765625
0.0482101440429688 0.07769775390625 -0.387786865234375 0.156280517578125
0.0593719482421875 -0.000720977783203125 -0.25543212890625 0.323028564453125
0.0328712463378906 -0.0557708740234375 -0.051605224609375 0.3155517578125
-0.0138702392578125 -0.061279296875 0.07208251953125 0.233688354492187
-0.0434188842773438 -0.0473365783691406 0.0936737060546875 0.14471435546875
-0.0442276000976563 -0.0667610168457031 0.05364990234375 0.130966186523438
-0.0406723022460938 -0.0766677856445313 -0.0232696533203125 0.121597290039063
0.00737762451171875 -0.07305908203125 -0.102333068847656 0.0276641845703125
0.0650177001953125 -0.0345840454101563 -0.0875396728515625 -0.147048950195312
0.066314697265625 0.0360870361328125 0.077880859375 -0.29150390625
-0.025177001953125 0.073150634765625 0.37841796875 -0.215118408203125
-0.0716171264648437 0.03369140625 0.398284912109375 0.049652099609375
-0.0794296264648437 -0.0193634033203125 0.0243072509765625 0.0802764892578125
-0.0113391876220703 -0.0227146148681641 -0.0118865966796875 -0.147811889648438
-0.0389137268066406 -0.0157051086425781 -0.377655029296875 -0.19366455078125
-0.029144287109375 0.0500106811523438 -0.4373779296875 0.129180908203125
0.012481689453125 0.0576057434082031 -0.211273193359375 0.30255126953125
0.041473388671875 0.0354652404785156 0.0180511474609375 0.20361328125
0.044525146484375 0.01129150390625 0.0764312744140625 0.0164794921875
0.0342197418212891 -0.0150928497314453 -0.0269775390625 -0.0969467163085938
0.034454345703125 -0.0159835815429688 -0.101112365722656 -0.106010437011719
0.0252780914306641 -0.0152969360351563 -0.153030395507813 -0.143630981445313
0.0170888900756836 -0.00769615173339844 -0.100616455078125 -0.245132446289063
0.0221004486083984 0.000217437744140625 0.028594970703125 -0.335845947265625
0.0281562805175781 -0.00583839416503906 0.224365234375 -0.33526611328125
0.0153141021728516 0.000893592834472656 0.399383544921875 -0.16204833984375
0.0244503021240234 0.0146293640136719 0.35211181640625 -0.04486083984375
0.0292720794677734 0.0208950042724609 0.238449096679687 -0.058013916015625
-0.105392456054688 -0.0350494384765625 -0.000579833984375017 -0.148849487304688
-0.107818603515625 0.0143890380859375 -0.3533935546875 -0.169525146484375
-0.0404281616210937 0.122482299804687 -0.38824462890625 0.13348388671875
0.0542678833007813 0.106819152832031 -0.177627563476563 0.26983642578125
0.0998001098632812 0.0277252197265625 0.022064208984375 0.176986694335938
0.0641937255859375 -0.0383491516113281 0.0669441223144531 0.00383377075195312
0.0135917663574219 -0.0656852722167969 -0.0298690795898437 -0.0953292846679687
0.0135574340820313 -0.0744247436523438 -0.0885543823242187 -0.101150512695313
-0.005950927734375 -0.0771484375 -0.141326904296875 -0.131484985351563
0.0140457153320313 -0.0790252685546875 -0.107101440429687 -0.215438842773438
0.0748519897460938 -0.0681533813476562 0.00280761718750002 -0.30780029296875
0.127784729003906 -0.0152664184570313 0.18115234375 -0.344329833984375
0.084869384765625 0.0995254516601562 0.38409423828125 -0.1995849609375
-0.00246429443359376 0.134437561035156 0.390960693359375 -0.055328369140625
-0.069488525390625 0.0820083618164063 0.2872314453125 0.00244140625000001
-0.2042236328125 -0.0398101806640625 -0.0369415283203125 -0.144134521484375
-0.119667053222656 0.0566787719726562 -0.35003662109375 -0.198028564453125
-0.022552490234375 0.202255249023437 -0.379119873046875 0.0999755859374999
0.116302490234375 0.131698608398438 -0.226898193359375 0.24359130859375
0.153701782226563 -0.0091094970703125 -0.028961181640625 0.19342041015625
0.0640869140625 -0.0975341796875 0.0299301147460937 0.0513076782226562
-0.0207977294921875 -0.1092529296875 -0.0369491577148438 -0.0463409423828125
-0.0222854614257813 -0.123214721679688 -0.0816574096679687 -0.061492919921875
-0.043670654296875 -0.12725830078125 -0.135589599609375 -0.101005554199219
0.00292968750000001 -0.13677978515625 -0.111190795898438 -0.1837158203125
0.11083984375 -0.124488830566406 -0.00384521484375002 -0.28692626953125
0.203659057617188 -0.025726318359375 0.1654052734375 -0.342193603515625
0.134033203125 0.173141479492188 0.381072998046875 -0.198944091796875
-0.0211944580078125 0.213104248046875 0.397308349609375 -0.03668212890625
-0.129150390625 0.124015808105469 0.248336791992188 0.0125274658203125
-0.248077392578125 0.00822448730468747 -0.06103515625 -0.165374755859375
-0.175827026367188 0.14190673828125 -0.34112548828125 -0.187286376953125
0.028228759765625 0.262039184570313 -0.375885009765625 0.0726318359375
0.179061889648438 0.137069702148438 -0.234085083007813 0.220565795898437
0.191375732421875 -0.0478515625 -0.0447235107421875 0.193832397460938
0.0648651123046875 -0.141448974609375 0.0183334350585938 0.0766372680664063
-0.03564453125 -0.140022277832031 -0.0226554870605469 -0.0114650726318359
-0.0296173095703125 -0.159515380859375 -0.0509071350097656 -0.02728271484375
-0.0593719482421875 -0.162353515625 -0.107063293457031 -0.0584259033203125
0.0102081298828125 -0.170623779296875 -0.104743957519531 -0.133033752441406
0.147109985351563 -0.145477294921875 -0.0180816650390625 -0.245895385742188
0.250289916992188 -0.0045928955078125 0.142059326171875 -0.327880859375
0.135696411132813 0.23773193359375 0.376983642578125 -0.197845458984375
-0.0713653564453125 0.257431030273438 0.413848876953125 -0.000488281249999984
-0.20343017578125 0.124420166015625 0.219375610351563 0.0699615478515625
-0.18231201171875 0.076263427734375 -0.0966796875 -0.1094970703125
-0.121185302734375 0.17669677734375 -0.35919189453125 -0.179229736328125
0.101119995117187 0.240753173828125 -0.42218017578125 0.0556945800781251
0.210006713867187 0.0732269287109375 -0.30218505859375 0.243896484375
0.1710205078125 -0.115036010742188 -0.0889892578125 0.250503540039063
0.0159454345703125 -0.169525146484375 0.0139923095703125 0.15887451171875
-0.0792922973632813 -0.135787963867188 0.0138587951660156 0.0557403564453125
-0.073699951171875 -0.157150268554688 -0.00839424133300782 0.0208301544189453
-0.090362548828125 -0.160308837890625 -0.073272705078125 -0.0133819580078125
-0.00413513183593749 -0.172637939453125 -0.089263916015625 -0.0916061401367188
0.14013671875 -0.141555786132813 -0.0174407958984375 -0.223526000976563
0.231399536132813 0.0051727294921875 0.144256591796875 -0.3199462890625
0.101730346679687 0.215377807617188 0.399871826171875 -0.19183349609375
-0.0684814453125 0.199050903320313 0.421356201171875 0.03851318359375
-0.13916015625 0.102088928222656 0.139999389648438 0.0556488037109375
-0.2508544921875 0.0674896240234376 -0.190322875976563 -0.148330688476563
-0.13031005859375 0.21575927734375 -0.3731689453125 -0.125213623046875
0.115890502929688 0.241500854492188 -0.38580322265625 0.085296630859375
0.20086669921875 0.0568389892578125 -0.272705078125 0.253646850585938
0.151947021484375 -0.111801147460938 -0.0709075927734375 0.261688232421875
0.0180816650390625 -0.157669067382813 0.0272064208984375 0.179275512695312
-0.062103271484375 -0.132377624511719 0.0341262817382812 0.0902938842773437
-0.050994873046875 -0.1566162109375 0.0126914978027344 0.0673866271972656
-0.0648193359375 -0.160781860351563 -0.04925537109375 0.0457534790039062
0.0243682861328125 -0.157684326171875 -0.0913467407226562 -0.0296554565429688
0.155227661132813 -0.102188110351563 -0.0436859130859375 -0.1680908203125
0.205520629882813 0.054046630859375 0.107421875 -0.28289794921875
0.0354766845703125 0.224777221679687 0.357940673828125 -0.179901123046875
-0.127517700195313 0.16986083984375 0.397003173828125 0.059295654296875
-0.196548461914063 0.0506439208984375 0.106918334960938 0.103446960449219
-0.190338134765625 0.0593109130859375 -0.257537841796875 -0.119033813476563
-0.0836334228515625 0.171173095703125 -0.39642333984375 -0.0645751953124999
0.104904174804688 0.164566040039063 -0.3817138671875 0.12109375
0.145095825195313 0.0162200927734375 -0.267333984375 0.287445068359375
0.0932693481445313 -0.103042602539063 -0.066558837890625 0.296875
-0.00814819335937499 -0.122833251953125 0.0510711669921875 0.22235107421875
-0.063751220703125 -0.0944366455078125 0.0770492553710938 0.128593444824219
-0.05877685546875 -0.116600036621094 0.0512313842773438 0.103660583496094
-0.0781936645507813 -0.100250244140625 -0.000438690185546878 0.05792236328125
-0.0123672485351563 -0.0956878662109375 -0.0662612915039063 -0.0301628112792969
0.0647201538085938 -0.0594482421875 -0.0334320068359375 -0.207794189453125
0.084991455078125 0.0203704833984375 0.16796875 -0.329010009765625
-0.00696563720703125 0.07135009765625 0.48443603515625 -0.174102783203125
-0.0472068786621094 0.0319099426269531 0.4674072265625 0.1199951171875
-0.0462379455566406 0.0118865966796875 0.0863189697265625 0.0859603881835938
-0.0918350219726563 0.0256729125976563 -0.30682373046875 -0.092987060546875
-0.0392913818359375 0.078094482421875 -0.410736083984375 -0.00772094726562505
0.0520401000976563 0.07220458984375 -0.36981201171875 0.164276123046875
0.0588874816894531 -0.00271224975585938 -0.234466552734375 0.320831298828125
0.029052734375 -0.0569725036621094 -0.0391845703125 0.30828857421875
-0.0165634155273438 -0.0609626770019531 0.0768890380859375 0.226470947265625
-0.0454292297363281 -0.0437660217285156 0.0974884033203125 0.140762329101563
-0.0487747192382813 -0.0639610290527344 0.06207275390625 0.126274108886719
-0.0463790893554688 -0.0738067626953125 -0.0104904174804688 0.120933532714844
0.002044677734375 -0.0723114013671875 -0.0904083251953125 0.0355453491210938
0.0621299743652344 -0.039886474609375 -0.0844192504882812 -0.133537292480469
0.0694618225097656 0.0291900634765625 0.064300537109375 -0.274322509765625
-0.0162887573242187 0.0748977661132813 0.352264404296875 -0.21185302734375
-0.064300537109375 0.0414314270019531 0.382965087890625 0.03717041015625
-0.079071044921875 -0.0112533569335938 0.024658203125 0.0829925537109375
-0.0136928558349609 -0.0212936401367187 -0.0184173583984375 -0.149566650390625
-0.0387458801269531 -0.0140609741210938 -0.375091552734375 -0.18890380859375
-0.0274009704589844 0.0509185791015625 -0.430206298828125 0.1241455078125
0.0124588012695313 0.0567741394042969 -0.207061767578125 0.29534912109375
0.0426483154296875 0.0338134765625 0.0151214599609375 0.200942993164063
0.0456161499023437 0.01055908203125 0.069366455078125 0.0165634155273438
0.0331611633300781 -0.014801025390625 -0.0336532592773437 -0.0900039672851563
0.0336666107177734 -0.0172405242919922 -0.103927612304688 -0.0989227294921875
0.0254077911376953 -0.0154476165771484 -0.154876708984375 -0.13409423828125
0.0174055099487305 -0.00648403167724609 -0.104049682617188 -0.2357177734375
0.0219497680664063 0.000616073608398438 0.021728515625 -0.330902099609375
0.0264110565185547 -0.0066375732421875 0.212066650390625 -0.33197021484375
0.0138311386108398 0.00184440612792969 0.3873291015625 -0.16253662109375
0.0242538452148437 0.0145511627197266 0.34423828125 -0.047576904296875
0.0290184020996094 0.0185832977294922 0.2327880859375 -0.0626068115234375
-0.10736083984375 -0.0260772705078125 -0.00608825683593751 -0.150970458984375
-0.103050231933594 0.019500732421875 -0.348175048828125 -0.16680908203125
-0.0343399047851562 0.120903015136719 -0.378448486328125 0.127105712890625
0.0560226440429687 0.10235595703125 -0.173812866210938 0.258438110351563
0.099029541015625 0.0235824584960938 0.018218994140625 0.170623779296875
0.0617408752441406 -0.0384063720703125 0.0583648681640625 0.00240325927734375
0.0107688903808594 -0.0631217956542969 -0.0381317138671875 -0.0900802612304688
0.0104827880859375 -0.0734024047851563 -0.093231201171875 -0.0960617065429688
-0.0082855224609375 -0.0752792358398438 -0.143463134765625 -0.125335693359375
0.010955810546875 -0.075714111328125 -0.108383178710937 -0.208145141601563
0.0706253051757813 -0.0688629150390625 -0.00256347656249997 -0.303680419921875
0.124839782714844 -0.0194931030273438 0.170623779296875 -0.340240478515625
0.08624267578125 0.0962142944335938 0.37286376953125 -0.200164794921875
0.00327301025390624 0.133621215820312 0.383544921875 -0.060455322265625
-0.0650634765625 0.083831787109375 0.28509521484375 -0.00674438476562499
-0.202804565429687 -0.0192718505859375 -0.0430450439453125 -0.142669677734375
-0.113960266113281 0.0605621337890625 -0.347076416015625 -0.19427490234375
-0.0116424560546875 0.197235107421875 -0.3699951171875 0.093536376953125
0.118537902832031 0.123817443847656 -0.225921630859375 0.238296508789063
0.14794921875 -0.0155029296875 -0.02996826171875 0.19036865234375
0.0588150024414062 -0.0963363647460938 0.0261497497558594 0.0516319274902344
-0.02508544921875 -0.103050231933594 -0.0412635803222656 -0.041015625
-0.0283584594726563 -0.118782043457031 -0.0845565795898438 -0.0562362670898438
-0.0481414794921875 -0.121498107910156 -0.136772155761719 -0.0938339233398438
-0.00185394287109375 -0.131477355957031 -0.112030029296875 -0.176498413085938
0.103897094726562 -0.124732971191406 -0.008270263671875 -0.283294677734375
0.197601318359375 -0.0323486328125 0.15423583984375 -0.33673095703125
0.137054443359375 0.166305541992188 0.369842529296875 -0.199188232421875
-0.01165771484375 0.21063232421875 0.389404296875 -0.041900634765625
-0.1212158203125 0.127433776855469 0.244949340820313 0.00433349609375001
-0.239639282226563 0.0293121337890625 -0.0657501220703125 -0.162261962890625
-0.163330078125 0.147308349609375 -0.33642578125 -0.183380126953125
0.0407257080078125 0.253738403320313 -0.37005615234375 0.06610107421875
0.18096923828125 0.127090454101563 -0.2320556640625 0.214569091796875
0.185653686523438 -0.05572509765625 -0.04498291015625 0.189697265625
0.0581512451171875 -0.141082763671875 0.0143661499023437 0.0763931274414062
-0.041015625 -0.134178161621094 -0.0263614654541016 -0.00786209106445313
-0.0384674072265625 -0.155960083007813 -0.0526962280273438 -0.0250701904296875
-0.0656585693359375 -0.156219482421875 -0.107444763183594 -0.0544281005859375
0.00369262695312499 -0.165328979492187 -0.103561401367187 -0.1273193359375
0.138687133789063 -0.148117065429688 -0.0205078125 -0.243331909179688
0.244949340820313 -0.0137176513671875 0.13287353515625 -0.321685791015625
0.142929077148438 0.228759765625 0.367706298828125 -0.19647216796875
-0.0571136474609375 0.2564697265625 0.40740966796875 -0.00646972656249999
-0.193771362304688 0.133560180664063 0.2188720703125 0.0621490478515625
-0.174896240234375 0.0835418701171875 -0.0974044799804688 -0.105094909667969
-0.108688354492188 0.1748046875 -0.35693359375 -0.17193603515625
0.107376098632813 0.226715087890625 -0.417572021484375 0.056915283203125
0.205734252929687 0.064605712890625 -0.29461669921875 0.24432373046875
0.159286499023437 -0.118377685546875 -0.0830535888671875 0.248779296875
0.00901794433593749 -0.164108276367188 0.0169525146484375 0.15692138671875
-0.082061767578125 -0.126480102539063 0.0139427185058594 0.0551223754882812
-0.0801544189453125 -0.148284912109375 -0.00831794738769532 0.0193424224853516
-0.095245361328125 -0.150054931640625 -0.0725555419921875 -0.0106964111328125
-0.0109100341796875 -0.164642333984375 -0.0866775512695313 -0.0875625610351563
0.12908935546875 -0.14105224609375 -0.019866943359375 -0.222549438476563
0.223068237304688 -0.0032958984375 0.134765625 -0.315216064453125
0.10516357421875 0.205062866210938 0.3905029296875 -0.19268798828125
-0.056854248046875 0.194976806640625 0.415863037109375 0.031341552734375
-0.1278076171875 0.104377746582031 0.137916564941406 0.0525436401367188
-0.248001098632813 0.082427978515625 -0.194900512695313 -0.13897705078125
-0.118789672851562 0.218185424804688 -0.369415283203125 -0.117950439453125
0.124176025390625 0.232986450195312 -0.379364013671875 0.0830688476562499
0.200775146484375 0.0504913330078125 -0.2662353515625 0.250411987304687
0.146377563476563 -0.116165161132813 -0.0668182373046875 0.257217407226563
0.0120697021484375 -0.157638549804688 0.0284423828125 0.177154541015625
-0.065948486328125 -0.12738037109375 0.0351638793945312 0.0910263061523437
-0.0594329833984375 -0.153472900390625 0.0154953002929687 0.0651969909667969
-0.0719757080078125 -0.15545654296875 -0.044158935546875 0.0453987121582031
0.016815185546875 -0.155319213867188 -0.0840225219726563 -0.0258560180664063
0.147811889648438 -0.107833862304687 -0.04107666015625 -0.164993286132813
0.20355224609375 0.0432281494140625 0.102737426757813 -0.274658203125
0.0476837158203125 0.2176513671875 0.35064697265625 -0.1728515625
-0.11279296875 0.174041748046875 0.3916015625 0.055450439453125
-0.188125610351562 0.06182861328125 0.107521057128906 0.101181030273438
-0.188934326171875 0.0701751708984375 -0.262100219726563 -0.10614013671875
-0.0756378173828125 0.172698974609375 -0.390106201171875 -0.0571899414062501
0.11029052734375 0.157501220703125 -0.373199462890625 0.120758056640625
0.144210815429688 0.0124053955078125 -0.25885009765625 0.2843017578125
0.0892715454101563 -0.104927062988281 -0.06134033203125 0.291412353515625
-0.012115478515625 -0.122039794921875 0.0540008544921875 0.219757080078125
-0.0663909912109375 -0.0901107788085937 0.079437255859375 0.127021789550781
-0.0656356811523438 -0.112968444824219 0.0563507080078125 0.0992584228515625
-0.0810012817382812 -0.0923004150390625 0.00299072265624999 0.0539932250976562
-0.0159759521484375 -0.0892715454101563 -0.0613479614257813 -0.0303611755371094
0.0582160949707031 -0.0579566955566406 -0.0340423583984375 -0.205917358398438
0.0804595947265625 0.0148544311523437 0.1607666015625 -0.324371337890625
-0.0034942626953125 0.066558837890625 0.47271728515625 -0.17498779296875
-0.0396041870117188 0.0310478210449219 0.460205078125 0.1090087890625
-0.0406417846679688 0.0124855041503906 0.0875396728515625 0.0840377807617188
-0.09130859375 0.0302276611328125 -0.311676025390625 -0.078369140625
-0.0349349975585938 0.07818603515625 -0.402984619140625 0.00173950195312497
0.0537986755371094 0.0682029724121094 -0.358489990234375 0.164459228515625
0.0583915710449219 -0.00306320190429688 -0.22564697265625 0.315460205078125
0.0279426574707031 -0.0571098327636719 -0.034393310546875 0.30230712890625
-0.0181198120117188 -0.0614013671875 0.0775909423828125 0.223922729492188
-0.0465583801269531 -0.0414161682128906 0.099517822265625 0.140579223632813
-0.0525245666503906 -0.0613517761230469 0.068389892578125 0.124320983886719
-0.0502471923828125 -0.0714645385742188 -0.000167846679687497 0.119880676269531
-0.000785827636718743 -0.072479248046875 -0.0784683227539063 0.0399551391601562
0.0598602294921875 -0.0445098876953125 -0.0772323608398438 -0.12384033203125
0.0720901489257813 0.0240020751953125 0.060028076171875 -0.256240844726563
-0.00803375244140626 0.0756988525390625 0.334564208984375 -0.20111083984375
-0.0564193725585937 0.0468330383300781 0.369384765625 0.034912109375
-0.078765869140625 -0.00482177734375001 0.0231552124023437 0.0880661010742188
-0.0157871246337891 -0.0193138122558594 -0.024566650390625 -0.153640747070313
-0.0386848449707031 -0.0123443603515625 -0.3798828125 -0.193450927734375
-0.0268898010253906 0.0529327392578125 -0.432464599609375 0.11968994140625
0.0132255554199219 0.0572776794433594 -0.214141845703125 0.29345703125
0.0434417724609375 0.0333900451660156 0.011260986328125 0.202423095703125
0.04742431640625 0.0100440979003906 0.0643692016601563 0.0191802978515625
0.0333175659179688 -0.0148868560791016 -0.039306640625 -0.0854568481445313
0.0330238342285156 -0.0180759429931641 -0.108268737792969 -0.093231201171875
0.0259933471679687 -0.0160140991210938 -0.157333374023438 -0.128036499023437
0.0181941986083984 -0.00428199768066406 -0.107437133789062 -0.233291625976563
0.0220108032226562 0.00157928466796875 0.01788330078125 -0.332794189453125
0.0250320434570313 -0.0067291259765625 0.207366943359375 -0.3333740234375
0.0123796463012695 0.00331020355224609 0.385101318359375 -0.163116455078125
0.0244731903076172 0.0153484344482422 0.342681884765625 -0.0478515625
0.0295600891113281 0.0173854827880859 0.231292724609375 -0.06689453125
-0.114952087402344 -0.0201034545898438 -0.01055908203125 -0.157211303710938
-0.0995864868164063 0.0241317749023437 -0.347747802734375 -0.17071533203125
-0.029449462890625 0.121063232421875 -0.37835693359375 0.116943359375
0.058319091796875 0.100845336914063 -0.178848266601563 0.251083374023437
0.0986862182617187 0.021820068359375 0.012908935546875 0.168869018554688
0.0611190795898438 -0.0385169982910156 0.0501327514648438 0.00339889526367187
0.00933456420898437 -0.0618324279785156 -0.0455856323242187 -0.0862655639648438
0.0069732666015625 -0.0735931396484375 -0.0990982055664063 -0.0923538208007812
-0.0102462768554688 -0.07403564453125 -0.148666381835938 -0.121856689453125
0.0093536376953125 -0.0741195678710938 -0.110702514648437 -0.207000732421875
0.0687789916992188 -0.0699615478515625 -0.00476074218749998 -0.30560302734375
0.123832702636719 -0.0220947265625 0.165283203125 -0.3397216796875
0.0874176025390625 0.0952606201171875 0.371124267578125 -0.199615478515625
0.00793457031250001 0.134292602539063 0.3828125 -0.06353759765625
-0.0624465942382813 0.0873641967773437 0.28839111328125 -0.014434814453125
-0.0970230102539063 0.022003173828125 -0.0468292236328125 -0.144027709960938
-0.105598449707031 0.0610885620117188 -0.3502197265625 -0.1982421875
-0.00375366210937501 0.19683837890625 -0.3719482421875 0.085052490234375
0.120658874511719 0.119384765625 -0.232070922851563 0.23529052734375
0.144256591796875 -0.0201263427734375 -0.03338623046875 0.192520141601562
0.0552444458007813 -0.0951385498046875 0.0218849182128906 0.0546646118164062
-0.0280303955078125 -0.0991744995117188 -0.0454292297363281 -0.0362358093261719
-0.0336227416992188 -0.116424560546875 -0.08819580078125 -0.05267333984375
-0.0518875122070312 -0.118278503417969 -0.14056396484375 -0.0893936157226563
-0.00475311279296875 -0.128013610839844 -0.112747192382813 -0.174560546875
0.100105285644531 -0.126602172851563 -0.01068115234375 -0.286346435546875
0.196243286132813 -0.0369720458984375 0.150054931640625 -0.33642578125
0.1414794921875 0.163238525390625 0.369140625 -0.2000732421875
-0.00511169433593749 0.210922241210937 0.389434814453125 -0.045562744140625
-0.116477966308594 0.132164001464844 0.246505737304687 -0.00164794921874999
-0.230239868164062 0.0492706298828125 -0.06890869140625 -0.163177490234375
-0.15362548828125 0.153671264648438 -0.337982177734375 -0.186920166015625
0.051422119140625 0.251144409179688 -0.374359130859375 0.05902099609375
0.18487548828125 0.121170043945313 -0.237472534179688 0.210861206054688
0.182693481445313 -0.0620269775390625 -0.0475616455078125 0.189346313476563
0.0527191162109375 -0.14263916015625 0.011444091796875 0.0781478881835937
-0.0453414916992188 -0.130897521972656 -0.0298385620117187 -0.00449180603027345
-0.046234130859375 -0.1551513671875 -0.0551910400390625 -0.0233192443847656
-0.07196044921875 -0.153213500976563 -0.10980224609375 -0.0517807006835938
-0.00140380859375 -0.163528442382813 -0.102836608886719 -0.125648498535156
0.134124755859375 -0.151809692382813 -0.0210723876953125 -0.24554443359375
0.244232177734375 -0.02099609375 0.1297607421875 -0.3204345703125
0.149765014648438 0.225296020507812 0.368988037109375 -0.19586181640625
-0.0464630126953125 0.260284423828125 0.40972900390625 -0.00942993164062498
-0.188140869140625 0.143524169921875 0.222610473632812 0.0562744140625
-0.1890869140625 0.093170166015625 -0.0988845825195313 -0.10382080078125
-0.101608276367187 0.174423217773438 -0.3602294921875 -0.1712646484375
0.112350463867188 0.218551635742188 -0.42193603515625 0.056854248046875
0.204544067382813 0.0587310791015625 -0.2967529296875 0.2474365234375
0.152435302734375 -0.121749877929688 -0.0809783935546875 0.250350952148438
0.00373840332031248 -0.161849975585938 0.01873779296875 0.158355712890625
-0.0844879150390625 -0.121017456054688 0.0139541625976562 0.0563850402832031
-0.086395263671875 -0.14300537109375 -0.00932693481445313 0.0184116363525391
-0.100051879882813 -0.143142700195313 -0.0720443725585938 -0.008880615234375
-0.0146484375 -0.159255981445312 -0.0848007202148438 -0.0861434936523438
0.123275756835938 -0.141921997070313 -0.0211181640625 -0.224899291992188
0.219146728515625 -0.009429931640625 0.13189697265625 -0.3150634765625
0.109878540039063 0.199508666992188 0.392578125 -0.193115234375
-0.0479736328125 0.193756103515625 0.41851806640625 0.02789306640625
-0.121116638183594 0.107551574707031 0.138259887695313 0.0516891479492188
-0.247161865234375 0.0978546142578125 -0.202789306640625 -0.134033203125
-0.110244750976563 0.224578857421875 -0.371795654296875 -0.117767333984375
0.133560180664062 0.23004150390625 -0.38323974609375 0.079925537109375
0.205459594726563 0.046722412109375 -0.268463134765625 0.249801635742188
0.144119262695312 -0.122116088867187 -0.066497802734375 0.258132934570313
0.00720214843750001 -0.1605224609375 0.029083251953125 0.17901611328125
-0.0704498291015625 -0.12554931640625 0.0367813110351562 0.0930099487304687
-0.068023681640625 -0.153244018554688 0.0184173583984375 0.0654373168945312
-0.07965087890625 -0.152816772460937 -0.0408706665039063 0.0458793640136719
0.0112762451171875 -0.15521240234375 -0.079254150390625 -0.0246505737304688
0.143218994140625 -0.114120483398437 -0.0365447998046875 -0.166427612304688
0.20550537109375 0.0345611572265625 0.104888916015625 -0.269973754882813
0.0582122802734375 0.215179443359375 0.3544921875 -0.16754150390625
-0.0994873046875 0.178482055664062 0.392852783203125 0.056365966796875
-0.183517456054688 0.07354736328125 0.10943603515625 0.102180480957031
-0.189453125 0.0823822021484375 -0.271041870117188 -0.097381591796875
-0.06964111328125 0.177581787109375 -0.391754150390625 -0.0529479980468749
0.115875244140625 0.155364990234375 -0.37481689453125 0.11956787109375
0.14752197265625 0.0099945068359375 -0.2589111328125 0.28399658203125
0.0868377685546875 -0.109001159667969 -0.05938720703125 0.29376220703125
-0.0162734985351562 -0.124420166015625 0.0573883056640625 0.221389770507813
-0.0694503784179688 -0.08856201171875 0.0837631225585938 0.127769470214844
-0.0721282958984375 -0.111015319824219 0.0616683959960938 0.0969772338867188
-0.0837783813476562 -0.08648681640625 0.00528335571289062 0.0515060424804688
-0.0183563232421875 -0.0853805541992188 -0.0571975708007813 -0.03228759765625
0.0542716979980469 -0.0583038330078125 -0.03314208984375 -0.209091186523438
0.0770492553710938 0.0112457275390625 0.159942626953125 -0.32427978515625
-0.00119400024414062 0.0634307861328125 0.47332763671875 -0.1737060546875
-0.032318115234375 0.029754638671875 0.46185302734375 0.105377197265625
-0.0356597900390625 0.0132522583007813 0.0891799926757813 0.0857467651367188
-0.0922622680664062 0.0364532470703125 -0.323577880859375 -0.0671386718749999
-0.0321044921875 0.079864501953125 -0.404052734375 0.00775146484374993
0.0564804077148438 0.0669212341308594 -0.3580322265625 0.164276123046875
0.0595054626464844 -0.00307464599609375 -0.224334716796875 0.31451416015625
0.0268821716308594 -0.058074951171875 -0.032440185546875 0.303497314453125
-0.019744873046875 -0.0634384155273438 0.079833984375 0.227294921875
-0.047698974609375 -0.0405502319335938 0.104598999023438 0.143997192382813
-0.0565338134765625 -0.0603904724121094 0.0762557983398438 0.124725341796875
-0.0552787780761719 -0.07025146484375 0.00994873046874999 0.121170043945313
-0.00432586669921875 -0.0736236572265625 -0.0679550170898438 0.044403076171875
0.0587654113769531 -0.0496482849121094 -0.06939697265625 -0.11767578125
0.0753250122070313 0.0196456909179687 0.062469482421875 -0.243576049804688
0.000221252441406258 0.0769805908203125 0.325958251953125 -0.1873779296875
-0.0494956970214844 0.0523147583007813 0.3626708984375 0.0382080078125
-0.0794525146484375 0.002532958984375 0.0212860107421875 0.0972137451171875
-0.0176105499267578 -0.0173091888427734 -0.03363037109375 -0.161041259765625
-0.0402679443359375 -0.0109024047851563 -0.3927001953125 -0.1943359375
-0.0260124206542969 0.0551834106445313 -0.444000244140625 0.12158203125
0.0144157409667969 0.0590896606445313 -0.219818115234375 0.300201416015625
0.0455360412597656 0.0332107543945313 0.009918212890625 0.209030151367188
0.0500068664550781 0.00934600830078125 0.0601692199707031 0.0225028991699219
0.0341587066650391 -0.0151252746582031 -0.0471038818359375 -0.0798492431640625
0.0330905914306641 -0.0190811157226562 -0.115829467773438 -0.0881729125976563
0.0267620086669922 -0.0170516967773437 -0.164840698242188 -0.12255859375
0.0188446044921875 -0.00327301025390625 -0.11474609375 -0.234207153320312
0.0226802825927734 0.00211334228515625 0.00973510742187499 -0.3414306640625
0.0232219696044922 -0.00636672973632813 0.203155517578125 -0.343109130859375
0.0117568969726562 0.00471210479736328 0.3890380859375 -0.170257568359375
0.0254859924316406 0.0150833129882813 0.34759521484375 -0.052398681640625
0.0298252105712891 0.0167121887207031 0.235031127929688 -0.074188232421875
-0.120506286621094 -0.00988006591796873 -0.016876220703125 -0.166595458984375
-0.0976943969726563 0.0308609008789062 -0.357666015625 -0.17431640625
-0.0238494873046875 0.123268127441406 -0.385162353515625 0.114837646484375
0.0623016357421875 0.10015869140625 -0.186203002929687 0.250885009765625
0.0998611450195313 0.0179367065429688 0.00865173339843751 0.171112060546875
0.0609512329101563 -0.0402717590332031 0.0433616638183594 0.0059814453125
0.00726699829101562 -0.0612297058105469 -0.0549850463867187 -0.082183837890625
0.00310516357421874 -0.0749893188476563 -0.10845947265625 -0.0895767211914062
-0.014373779296875 -0.07464599609375 -0.157180786132812 -0.118499755859375
0.00753021240234375 -0.07379150390625 -0.117477416992187 -0.208694458007813
0.0673446655273438 -0.0732269287109375 -0.011962890625 -0.313232421875
0.124771118164063 -0.026519775390625 0.159576416015625 -0.347137451171875
0.0925979614257813 0.0957717895507813 0.374176025390625 -0.207733154296875
0.013641357421875 0.137504577636719 0.38861083984375 -0.07122802734375
-0.0604324340820313 0.0928955078125 0.296173095703125 -0.0257568359375
-0.135467529296875 0.0310211181640625 -0.0540008544921875 -0.14813232421875
-0.100631713867188 0.064361572265625 -0.362762451171875 -0.203338623046875
0.00747680664062499 0.19793701171875 -0.38128662109375 0.0822448730468749
0.125419616699219 0.114784240722656 -0.239974975585937 0.239898681640625
0.143203735351563 -0.02587890625 -0.0346527099609375 0.197998046875
0.0527725219726563 -0.0962371826171875 0.0200347900390625 0.0590095520019531
-0.0317230224609375 -0.0967788696289063 -0.0505294799804687 -0.0309715270996094
-0.040374755859375 -0.115196228027344 -0.0937576293945312 -0.0484161376953125
-0.0577545166015625 -0.116744995117188 -0.146896362304688 -0.0847320556640625
-0.00922393798828125 -0.127464294433594 -0.1181640625 -0.174301147460938
0.097015380859375 -0.131912231445313 -0.018218994140625 -0.293365478515625
0.197036743164062 -0.0443115234375 0.145965576171875 -0.3436279296875
0.148834228515625 0.161544799804687 0.3741455078125 -0.20709228515625
0.00471496582031251 0.2147216796875 0.396453857421875 -0.053070068359375
-0.1123046875 0.14068603515625 0.252227783203125 -0.01043701171875
-0.22906494140625 0.0695800781249999 -0.0763702392578125 -0.167098999023438
-0.144821166992188 0.163436889648437 -0.3486328125 -0.190277099609375
0.0653076171875 0.2506103515625 -0.386810302734375 0.05718994140625
0.1939697265625 0.114913940429687 -0.246871948242188 0.214569091796875
0.181854248046875 -0.072052001953125 -0.0493011474609375 0.194488525390625
0.0468902587890625 -0.146926879882813 0.00948333740234376 0.0824203491210937
-0.0520095825195313 -0.130783081054688 -0.0337581634521484 -0.000757217407226572
-0.057159423828125 -0.155715942382813 -0.0601654052734375 -0.0212860107421875
-0.081817626953125 -0.151718139648437 -0.114387512207031 -0.0484085083007813
-0.00749206542968748 -0.164230346679688 -0.105575561523438 -0.125495910644531
0.129776000976563 -0.159530639648438 -0.0260162353515625 -0.252578735351563
0.247421264648437 -0.0305328369140625 0.125732421875 -0.3271484375
0.162353515625 0.223617553710938 0.376068115234375 -0.20440673828125
-0.033660888671875 0.266464233398437 0.418060302734375 -0.016998291015625
-0.184707641601563 0.158737182617187 0.229965209960938 0.05010986328125
-0.182388305664062 0.106033325195313 -0.102767944335938 -0.104446411132812
-0.0928955078125 0.177047729492188 -0.372528076171875 -0.17022705078125
0.120590209960937 0.213394165039063 -0.435577392578125 0.0636901855468751
0.207565307617188 0.0522003173828125 -0.3011474609375 0.258392333984375
0.147232055664063 -0.127731323242188 -0.0777740478515625 0.258407592773438
-0.00274658203125 -0.162185668945313 0.0234832763671875 0.162277221679688
-0.0896682739257813 -0.117332458496094 0.0151214599609375 0.0574798583984375
-0.09503173828125 -0.13922119140625 -0.0100841522216797 0.019500732421875
-0.107315063476563 -0.138397216796875 -0.0733413696289063 -0.00643920898437502
-0.0204620361328125 -0.15771484375 -0.0858078002929688 -0.0863418579101563
0.1181640625 -0.147216796875 -0.0267791748046875 -0.232009887695313
0.218490600585938 -0.01727294921875 0.12957763671875 -0.321990966796875
0.117919921875 0.196182250976562 0.3990478515625 -0.201751708984375
-0.03790283203125 0.195053100585938 0.4268798828125 0.0211181640625
-0.11578369140625 0.113212585449219 0.1414794921875 0.0509490966796875
-0.246337890625 0.1202392578125 -0.214065551757813 -0.12786865234375
-0.100372314453125 0.235671997070313 -0.382598876953125 -0.11517333984375
0.147171020507813 0.22955322265625 -0.39373779296875 0.0831298828125
0.214187622070313 0.040283203125 -0.274337768554688 0.25689697265625
0.142120361328125 -0.132553100585938 -0.0643157958984375 0.264663696289063
-0.000473022460937514 -0.165695190429688 0.0335540771484375 0.184738159179687
-0.0780487060546875 -0.126205444335938 0.0413894653320313 0.09674072265625
-0.0807647705078125 -0.154220581054688 0.0224494934082031 0.0659408569335937
-0.0911712646484375 -0.15203857421875 -0.0372734069824219 0.0482025146484375
0.00390625 -0.158538818359375 -0.0745010375976563 -0.02386474609375
0.139564514160156 -0.124923706054687 -0.0356292724609375 -0.170852661132813
0.209915161132813 0.02398681640625 0.107345581054688 -0.273590087890625
0.0733489990234375 0.214828491210938 0.3643798828125 -0.167510986328125
-0.0858306884765625 0.185577392578125 0.402496337890625 0.0535888671875
-0.180404663085938 0.08831787109375 0.115470886230469 0.105194091796875
-0.191207885742188 0.09930419921875 -0.286224365234375 -0.086639404296875
-0.06219482421875 0.185684204101563 -0.40191650390625 -0.0447082519531249
0.125961303710938 0.154739379882813 -0.38275146484375 0.12493896484375
0.153060913085938 0.0059356689453125 -0.261688232421875 0.29302978515625
0.084136962890625 -0.115837097167969 -0.05474853515625 0.30157470703125
-0.0223007202148437 -0.127578735351563 0.0651397705078125 0.227874755859375
-0.07470703125 -0.0875473022460937 0.0919418334960938 0.129600524902344
-0.081146240234375 -0.109947204589844 0.0694503784179688 0.095306396484375
-0.0885009765625 -0.0815658569335938 0.00817489624023437 0.0501289367675781
-0.0212173461914063 -0.0823516845703125 -0.0554351806640625 -0.0343055725097656
0.0504226684570313 -0.0593719482421875 -0.037017822265625 -0.2158203125
0.0743865966796875 0.0075836181640625 0.159912109375 -0.331329345703125
0.00226211547851562 0.0603370666503906 0.481781005859375 -0.18408203125
-0.02679443359375 0.0279750823974609 0.473419189453125 0.10040283203125
-0.0318851470947266 0.0144824981689453 0.0942153930664063 0.0890655517578125
-0.0928421020507813 0.044189453125 -0.341033935546875 -0.051177978515625
-0.0285491943359375 0.0826187133789063 -0.411041259765625 0.0196533203125001
0.0602836608886719 0.0661964416503906 -0.362152099609375 0.17193603515625
0.0634269714355469 -0.00384521484375 -0.22381591796875 0.321502685546875
0.0257148742675781 -0.0606956481933594 -0.02734375 0.310699462890625
-0.0232353210449219 -0.0657920837402344 0.087127685546875 0.234222412109375
-0.0506362915039063 -0.0403900146484375 0.114532470703125 0.148269653320313
-0.0630073547363281 -0.0594902038574219 0.087554931640625 0.126228332519531
-0.062469482421875 -0.0696449279785156 0.0226364135742188 0.123298645019531
-0.00879669189453125 -0.0766754150390625 -0.057037353515625 0.0485382080078125
0.0577430725097656 -0.0571022033691406 -0.0627593994140625 -0.113677978515625
0.0804061889648438 0.0136795043945312 0.0664215087890625 -0.23419189453125
0.010467529296875 0.078369140625 0.325408935546875 -0.18133544921875
-0.0416336059570313 0.059173583984375 0.36370849609375 0.039703369140625
-0.0813674926757812 0.012298583984375 0.0212936401367188 0.109428405761719
0.00462796358868723 0.041706706037388 0.124154866397959 -0.12973091205818
0.0607727127528656 0.0495669552670393 -0.000508644411008777 -0.481909604074691
0.100027128806814 -0.0358785573970605 -0.361236055432082 -0.374908679350715
0.057232983615103 -0.0842221546713224 -0.404260476968154 -0.0602722218016335
-0.0121298042102304 -0.0797477193781959 -0.201441915378296 0.131001887352716
-0.0315525389313874 -0.048992270149292 -0.00361110640780046 0.0695636333350451
-0.0287710651179115 -0.0190919036287786 0.0491870779174612 -0.0698719945542374
-0.0261326069741123 -0.00669072130264842 0.0237671295166133 -0.152190049330134
-0.0218500169297406 -0.00187628745317833 0.039855156538968 -0.202107970065095
-0.00433796934433654 -0.00350140165557233 0.141882283253111 -0.208464421439623
-0.0159260878483835 -0.00180855235602429 0.322869016644866 -0.161190196203605
-0.0307514482345317 0.00342203642553335 0.417252201928049 0.0213190707359799
-0.0342969260237675 -0.00758959508987501 0.3560918062942 0.229819900630566
-0.0223424664331026 -0.0268848095227601 0.214316557634469 0.278364226013025
-0.0126132792731887 -0.0246555754977974 0.196864173277562 0.132885615730267
0.0684781423620787 0.112704278096264 0.147069778025959 -0.132557986038424
0.127296383800016 0.0639139444785836 0.000388887386921916 -0.448337883647828
0.147287482230345 -0.0775308231934151 -0.333206288161283 -0.329785297671658
0.053417417489783 -0.149462861730003 -0.353979529519507 -0.0501206046036588
-0.0637222248579361 -0.102116564747754 -0.16346815122584 0.11290850532008
-0.0733843738203307 -0.0233858847086901 0.00947418233265543 0.0490286387540548
-0.05356432276478 0.0301514359118385 0.0567315928863556 -0.0774931407744237
-0.0457679820227158 0.0523859424281922 0.0345783813915728 -0.149381577010638
-0.0461144801811301 0.0678378763476568 0.0480701149753308 -0.195109479858678
-0.0513848606479775 0.0512572828303315 0.128323211920431 -0.192932875940156
-0.10156942155538 0.0170452190625703 0.289369935584913 -0.154460150145337
-0.111450098745276 -0.0699471958513284 0.388459487685951 -0.00603578452570113
-0.0338475305751196 -0.125384389586091 0.365474710379926 0.197952177161743
0.0734617224070341 -0.0928418297854465 0.248532232382429 0.29065282031788
0.0898175089125934 0.0020076202520968 0.210486545055032 0.199392212354272
0.14724548362347 0.16402696867188 0.110902049973971 -0.164452593773035
0.154378613259166 0.0484377783167816 0.0185353308991391 -0.478099463512367
0.188943329321155 -0.14652830636875 -0.323157990541562 -0.347667340366172
0.0239128386859142 -0.213294716551813 -0.388169921380666 -0.087983373620802
-0.122483580839258 -0.102199286971389 -0.208617005604391 0.0995925506814851
-0.105709115323876 0.0156354192337748 -0.0386987814305559 0.0571881411880318
-0.0631816743918829 0.0809755456079053 0.0192436628006625 -0.051750694113224
-0.046047773263597 0.106944932652535 0.00894170286747908 -0.114403619900457
-0.0556139290577915 0.128510347002789 0.0282072391759561 -0.168956745785765
-0.0824319207930745 0.0974143080133504 0.105232873150525 -0.171728213477776
-0.163376456042777 0.0356889211062198 0.270613457677891 -0.141548623951936
-0.170687506735925 -0.120261742779603 0.370472919617909 -0.00875607219254476
-0.0316209980216589 -0.2107288218716 0.356865784934019 0.198147022940712
0.1359716955178 -0.133410926889427 0.233350476856158 0.299298537985451
0.154930861334612 0.0153924758110913 0.173989457417645 0.170134276776235
0.205936744855495 0.167071363748663 0.111893230800242 -0.202819032801385
0.263690265571969 0.0142340846913604 0.00364526457191713 -0.473933720816785
0.197779410329582 -0.225325773694514 -0.323786510499045 -0.359181163850822
-0.0263089996320635 -0.270959594641742 -0.376308990350629 -0.0879696865561975
-0.185998076693942 -0.0935642116221472 -0.205253279769348 0.0902019528606213
-0.140091256117925 0.0520873777739089 -0.0555202648037452 0.0603444544380559
-0.0836731528313193 0.117980277847435 0.00385585381581548 -0.0227973295179264
-0.0666601522265229 0.146553720235976 0.0050555201915137 -0.0693654006168596
-0.0714002432819224 0.167946166302518 0.0143238497308344 -0.122239668751609
-0.11320455506532 0.119802785214515 0.0740942565942188 -0.131930099737057
-0.206419003715553 0.0305265413086858 0.228820604429406 -0.122110569512243
-0.191836183566114 -0.172469880844107 0.339393714107585 -0.013107308806051
-0.0030474542606403 -0.266135096404403 0.349635289579863 0.200807695895311
0.194950946148412 -0.14126067525949 0.214325872505535 0.329094445018283
0.207990192827263 0.0560917809029124 0.122510849927738 0.188243293066432
0.186882017612461 0.0829335913423468 0.0331855467955844 -0.179079769172807
0.238643377997604 -0.0321614180285936 -0.0384887553916789 -0.478413699929984
0.139919018529174 -0.244900495626774 -0.359573734108297 -0.379983673002233
-0.082159171732495 -0.240009772123826 -0.430642445258095 -0.0987171315369215
-0.195349641509122 -0.0358235028007327 -0.270190150973407 0.1020083314043
-0.119706850830356 0.0891277974468066 -0.112263789615931 0.106130140369168
-0.0538188278548588 0.136903760988261 -0.0276727093351118 0.040596991233622
-0.0335333131921477 0.157304019380588 -0.00723789109493818 -0.00439119445612636
-0.0463317684805957 0.175567718789314 -0.00492558149264493 -0.0669189457982196
-0.101086326476371 0.120816523879583 0.050944294009871 -0.0978517480796475
-0.186139957530018 0.0274991822952829 0.209182660642594 -0.116149548330621
-0.158754531192522 -0.15464814499994 0.338885857954924 -0.013045985406678
0.0108447611977628 -0.213281404581874 0.367689318150458 0.218678852218418
0.141089791963855 -0.0939248914688737 0.188589900972454 0.3633365625029
0.137368377702312 0.0266571519036726 0.0554890377863089 0.127614301244548
0.26692054708931 0.137081744694475 -0.014256361697115 -0.303789333493572
0.297510869382795 -0.0763761417868795 -0.107396580419642 -0.469839850839436
0.132475458234078 -0.285314358305137 -0.360740092292738 -0.326536847460877
-0.104815573005714 -0.241492954301293 -0.412500198309862 -0.0725696206661938
-0.202192537141374 -0.0288972726816923 -0.267093121696276 0.115245465797447
-0.127445244701186 0.0914575617788573 -0.128980915742521 0.12609488310734
-0.0715443217134593 0.134127259614283 -0.0558132937899666 0.0843687095595862
-0.0569531967071079 0.158795119946184 -0.0341533314872095 0.0550653118740473
-0.0694834384194889 0.170628755957457 -0.0374392446334153 -0.00579681759057526
-0.120078733844684 0.104947815815561 0.00321342693255327 -0.0522497417139069
-0.188893547643028 -0.00161941925792632 0.147300027735008 -0.0886819772151977
-0.124009601453931 -0.177057047416586 0.280088975346606 -0.00770815097162898
0.0525320234990123 -0.203408215968225 0.318201987880401 0.211074612745513
0.164614042451745 -0.0599899928957993 0.150039519479245 0.359656672689621
0.15749295101795 0.0812918233801758 0.00441954119022111 0.143466852775433
0.226190521066599 0.098502204832054 -0.0989784401550001 -0.330820251072157
0.231047761536891 -0.081097254387506 -0.182662279443509 -0.438363464126027
0.0822055007763641 -0.224381221428289 -0.375109935653934 -0.287296813987456
-0.090617653672915 -0.166307228564535 -0.421131956952957 -0.0528585042332222
-0.147660506257188 -0.00364602795068196 -0.296909402981288 0.137296033436392
-0.0867202872299972 0.0774238678427467 -0.156324969602067 0.170467997161378
-0.0421399317128962 0.108019510830294 -0.0711318021270843 0.14166946931105
-0.0279874642729133 0.127339385633938 -0.0411371765260586 0.113330547037037
-0.0141329757408527 0.120139844405256 -0.0252262239479988 0.0287790674213619
-0.0449684500964082 0.0706070932779315 0.0173053476269836 -0.0551764760032564
-0.075358289333494 0.0159927246611367 0.188996149628305 -0.13064267624982
-0.0494487052163212 -0.0460960074459078 0.379731860427716 -0.00536621924082454
-0.00168228889351413 -0.0403921600505424 0.415140281156294 0.298527754237744
0.00656851642976225 -0.00565324145311707 0.148907760183203 0.460143788456189
0.0206734028212548 0.0100456124686825 -0.0110883029819154 0.127297224795797
0.130006279633336 0.0465725018520418 -0.16506509626967 -0.339622216801996
0.125275744440975 -0.0446832930996564 -0.238695829486774 -0.394648069019211
0.0461254830069625 -0.117770367671629 -0.379126891168294 -0.246320640950368
-0.0356473643717542 -0.0841396589271989 -0.413499536708946 -0.0262379965990486
-0.0669139661997685 -0.00458961034278162 -0.297461186420847 0.156666446495263
-0.0413363766039321 0.0367019044880924 -0.163519448234865 0.189470258687543
-0.0153706241389626 0.0595467187051469 -0.0911923156669226 0.169948756484082
-0.00675579083623002 0.0790936617481861 -0.0674787567645514 0.150635683359897
-0.0196612253405107 0.0896761138003645 -0.0889227950061853 0.0827277748476079
-0.0525626253016325 0.0578729300078707 -0.054827619630835 -0.00610909408606292
-0.0831248873624584 0.00758264943582287 0.0785367600090218 -0.0897347018849498
-0.0508030806335604 -0.0651716450232558 0.230828870895111 -0.0305003824112868
0.0127000922565497 -0.0643146824490703 0.308498717075308 0.172121710294921
0.0489703910990241 -0.016532392132401 0.134923668086604 0.327193962946595
0.0542184396388432 0.046368191795669 -0.0729758901283796 0.0870793104736833
0.00920351077186878 0.0411284784767029 0.117557315824578 -0.14518471309583
0.0650409760582693 0.0467372126138437 -0.0237329161795635 -0.48915484289118
0.100215122555718 -0.0419884265035306 -0.381340517687791 -0.369888421082349
0.0542153886644703 -0.0885038639455735 -0.413837378016954 -0.0504012875310533
-0.015702593361724 -0.0809180020418105 -0.202323496781564 0.140105725612681
-0.0355462155325455 -0.0493934876883651 -0.00616455034084927 0.0700418869498276
-0.0307338219490224 -0.0199325417327281 0.0372152847010986 -0.0731605564096952
-0.0260089555690824 -0.00580625133794338 0.0079833803646262 -0.154491040939526
-0.0223687917324267 -0.000375374684458953 0.0235283784177842 -0.20544112350801
-0.00399927307612633 -0.00560488141867701 0.129401166170446 -0.218289633707004
-0.0158176134412074 -0.00164890280179953 0.316548426821467 -0.183045603888065
-0.0290824155449742 0.005533725959976 0.421338035476572 -0.000589286671096632
-0.0334017184883446 -0.00646117509521749 0.370643616065875 0.215161831336535
-0.0241459147234459 -0.0258756403300824 0.228972956366952 0.270434421252079
-0.0140166947864711 -0.023098524337252 0.207744467665281 0.122063156776268
0.0808660064376956 0.0999780030499782 0.142224815502873 -0.150054189694962
0.131928628405017 0.0528133832781739 -0.0173922854481083 -0.456199795384459
0.14089233433481 -0.087343485266342 -0.345151190545096 -0.325117535553014
0.0442412944550617 -0.152619262391358 -0.358720366406092 -0.0455663982793184
-0.0680929077027922 -0.0980315794291572 -0.162690560078147 0.114536933874371
-0.07433475550781 -0.019218716309874 0.00499318003826221 0.0455899047394056
-0.0509529108238697 0.0325289133329127 0.0438984860199194 -0.0842102955111208
-0.0406543836612483 0.0559085591454006 0.0188188762237266 -0.155590825215953
-0.0405040331649928 0.0726289767555721 0.032329793169025 -0.201300060049999
-0.0475486144742559 0.0536448956555466 0.117835196696279 -0.203321196814383
-0.100513852202739 0.0248597399769939 0.285030322171518 -0.174320058939816
-0.116488593622394 -0.0631226180526241 0.390428691667505 -0.0260824117323261
-0.0415155191939529 -0.125654632309409 0.377436010656264 0.182012108275724
0.067118806276066 -0.0994282717065384 0.265078147198927 0.279595459889852
0.0920822161812086 -0.00597192681645858 0.229084989950556 0.18688646812693
0.177481837574416 0.157676266131201 0.102219400566336 -0.1791281187526
0.149819467750525 0.037411864952453 -0.00288707406163905 -0.489314128653098
0.175406203310409 -0.160557668411907 -0.338090264181558 -0.346037368108096
0.00906410484779472 -0.213182168269901 -0.398040153315345 -0.0769786024315821
-0.126664256238152 -0.0921737710732485 -0.208815168122324 0.108263511178333
-0.102988205421593 0.0222504919445514 -0.0396400659160963 0.0589254263576044
-0.0563136671838818 0.0835673035816128 0.0103857623108716 -0.0535835043581478
-0.0352584018507132 0.110186806245862 -0.00249341542188161 -0.117014209178671
-0.043689453900396 0.132534862371685 0.0145946750226035 -0.172143857654222
-0.0749543408791615 0.101999376632063 0.0958242704419157 -0.178833272684064
-0.159890918339409 0.0476364817924986 0.266437518585363 -0.161334293917909
-0.17922773307445 -0.108729732424231 0.372934719248049 -0.0273060508616368
-0.0461611000801215 -0.210466870316062 0.370802783515121 0.185022017168107
0.125673231656819 -0.144572342758961 0.250160651961367 0.288920820424135
0.157675493840002 0.00217929112467309 0.187633232436261 0.158955400692294
0.230261620035205 0.14754417736544 0.100245504345062 -0.216648222078634
0.26242204654343 -0.00865980151698815 -0.0183869145603193 -0.482730061180996
0.177728382479485 -0.240397409801952 -0.341166725558798 -0.354635654042372
-0.0479032896187808 -0.269146095420264 -0.386488915781444 -0.0778051069430118
-0.191828443207884 -0.0779686211774864 -0.204427977743939 0.0966656152236026
-0.135693127900969 0.0637853158081079 -0.0555267269601966 0.0621844220498761
-0.0738740909211129 0.124513642646154 -0.0020013508944929 -0.0248637589756305
-0.0524551379224253 0.153974803002766 -0.0020864171201855 -0.072100834321928
-0.05643430954512 0.175551985219184 0.00508430966223013 -0.124269005302516
-0.10474094677229 0.127600230041425 0.0684373193777982 -0.136939486012758
-0.20431408671029 0.0467790030871013 0.226820969759993 -0.138936485133238
-0.206433323302966 -0.159401929281739 0.341633428295859 -0.0277595035463489
-0.0237658132558501 -0.268801624193525 0.366493414285042 0.189047430030558
0.182889531190505 -0.158190496923045 0.233688532800939 0.321925063461351
0.216764295965322 0.0353695062952108 0.136351285498527 0.180155278984344
0.185921335049014 0.0616335756670724 0.0235976587930663 -0.182321162670178
0.232841069345098 -0.046065742399936 -0.0628010498892587 -0.481543042415667
0.122277954952356 -0.250695060919087 -0.38304756822341 -0.369699480406286
-0.0968721528740799 -0.232479368023684 -0.441725431825147 -0.0797910379542999
-0.194227138972562 -0.021927447605348 -0.266589499977624 0.117089580217083
-0.112385244062522 0.0970964698019617 -0.106438784897195 0.114301993547675
-0.0431086518744464 0.139646565012512 -0.0264356666256504 0.0417831317951676
-0.0191343196978825 0.158599824872976 -0.00909218734604731 -0.00511066340836464
-0.0309254024073619 0.178033477887043 -0.00960883222525889 -0.0666143738571464
-0.0913211992811666 0.125342356874231 0.0470541385976802 -0.101041277301055
-0.181974107955851 0.0413909836462218 0.207079075160294 -0.132036130403434
-0.167307169892816 -0.142484846627866 0.342114726126699 -0.0292445694629051
-0.0054532345948367 -0.212406702999457 0.384725944261583 0.206043476179956
0.13091782099653 -0.103488744693677 0.208411628827198 0.357487498191417
0.139161221257703 0.0129626488274825 0.0605899373026132 0.126271205870964
0.288250563761894 0.110910487945639 -0.0418075917521733 -0.307037117188114
0.293122390453433 -0.102222748009844 -0.134641167696801 -0.470291741540342
0.108972015155885 -0.298435463137483 -0.381070615168234 -0.315853685408214
-0.125786411153104 -0.237531152030048 -0.4231997653008 -0.0564734719351391
-0.206612035301524 -0.0120982537339366 -0.263783475646574 0.129237824730418
-0.121742354145833 0.104378782325171 -0.123056193220981 0.135697035253151
-0.0618339805067464 0.143199432269477 -0.0517417650739227 0.0903959316899637
-0.0419245442288892 0.168280819970743 -0.0288307462378421 0.0584175953205967
-0.0532709872196461 0.179880687350345 -0.0351336390542213 -0.00140263832263531
-0.111848393723505 0.116982681653319 0.00539069314515039 -0.0495523050437827
-0.189518117288825 0.0177538421547404 0.150838026800124 -0.0959321134991535
-0.141163852853052 -0.165339543668999 0.285716483125858 -0.0139397753677818
0.0304703510832364 -0.210869069003421 0.331739805578132 0.207543740546956
0.154176599297329 -0.0778403246752608 0.165207412803367 0.358428179612387
0.167763763936355 0.0611355553534151 0.00967123276512841 0.146999053277375
0.241742446749416 0.0754150425171068 -0.132387187386027 -0.327511090325126
0.226925305601068 -0.101667628616715 -0.211641713940052 -0.431390781414369
0.0643984467472698 -0.232620091813779 -0.393137845318113 -0.272427031309509
-0.105562536285906 -0.163181452874522 -0.43014739108237 -0.0346744830065139
-0.149643191434224 0.00837587874748225 -0.291513520387102 0.154805166501514
-0.0818156984199803 0.0868404816862086 -0.146699876685092 0.182786953119045
-0.0351092000331891 0.113239585339137 -0.0616869558565296 0.150579236604818
-0.015768972278541 0.132385831870444 -0.0301866489877355 0.118499087809808
-0.00313091335153294 0.120573110790231 -0.0205296127149805 0.0306230087292989
-0.0387301320244001 0.0722376277206972 0.018610023309807 -0.0567949007597425
-0.0715511890866024 0.0221318189704408 0.187219854252028 -0.144537259908566
-0.0514398490060328 -0.0396625122765255 0.385943388322928 -0.0213841834879684
-0.00830911970542658 -0.0387165215035027 0.434877092173121 0.283477882958518
0.000774747038453007 -0.0069761705210832 0.172382626533301 0.45716912122901
0.0199924879789748 0.00489144181521124 -0.00726427635581421 0.13284924290477
0.137175553443898 0.0333725324621683 -0.203598947575528 -0.331239271218567
0.122367423302089 -0.0539744746410183 -0.266565540275511 -0.381088745512708
0.0374437831571118 -0.122248886910043 -0.394543539404984 -0.229706863544442
-0.0434009455483008 -0.083740226547976 -0.418442425751292 -0.00713779316894952
-0.0683225990790485 0.000245132250461445 -0.291723460651156 0.173390422117655
-0.0404173189145339 0.0421069842317637 -0.154817826810042 0.205110091630006
-0.0123376062113062 0.0622671769464234 -0.0801705960730114 0.184050883389111
0.000931856227830905 0.0825227280819385 -0.0526874883958604 0.162255660671709
-0.0108415485057657 0.094983156437057 -0.0765773831517607 0.0978096055511669
-0.0491809650309897 0.0665688782415703 -0.0465519158293955 0.00741958411374745
-0.0857137679107838 0.0190083532263124 0.0801656431072129 -0.0811515420334153
-0.0627291909551853 -0.0622575406066989 0.225833473067728 -0.0232118493818303
0.00105747595891498 -0.070920046020828 0.304279551146172 0.168482711545959
0.0451359618436743 -0.0283347997100157 0.139862117517898 0.321813254234229
0.063256399909077 0.0362708717672077 -0.0789557274201109 0.100906354955384
0.0135986063019781 0.040000579372872 0.107924740891737 -0.156484749663623
0.0671545475393893 0.0429540861662426 -0.0454072583678749 -0.486426253660666
0.0973819783694691 -0.0463586070420176 -0.393097641435046 -0.358847396234032
0.0498579744632787 -0.09054249335007 -0.414159549747774 -0.0388593440942002
-0.0189158902653183 -0.0811588155174405 -0.198572615153401 0.146020728947147
-0.0391506739522113 -0.0478281899399602 -0.00829801800810623 0.0704744723051482
-0.0324825926750236 -0.0185029582179551 0.0257953624273065 -0.0733354144887868
-0.0254000670167375 -0.00504263094238806 -0.00739936820324195 -0.151766563621448
-0.0221113045098988 0.000802791912653332 0.00854821281144086 -0.202735400738016
-0.00466258101470537 -0.00752687591089323 0.115490798530971 -0.223617947324216
-0.0146748862518874 -0.0017027980686114 0.302290458451573 -0.200064281791925
-0.0263001662198135 0.00715949769124574 0.416139323379656 -0.020517561453504
-0.0326105554155588 -0.005745017476794 0.375606193808971 0.19692828688773
-0.0243651106753286 -0.0239636172015606 0.238136111221823 0.257265281376322
-0.0144476803535964 -0.021558876877494 0.213054856740303 0.107722573247245
0.0908693177142098 0.0877640507821488 0.132955897056451 -0.165023453960839
0.130483581953626 0.0409152743985711 -0.0346111749934728 -0.454264803789642
0.130479919350504 -0.093213056027648 -0.349681521814066 -0.316269440962248
0.0344843717931998 -0.151083327459404 -0.359854269424686 -0.0420170770648891
-0.0709409525416129 -0.0915475611510278 -0.159052922193705 0.113225163957058
-0.0740918844475307 -0.0151010030910641 0.00101344041642158 0.042197711842284
-0.0477510425636632 0.0341590314852016 0.0306853175598537 -0.0875870176211426
-0.0343483024646398 0.0577957222789276 0.00241526520190412 -0.155454672278708
-0.0334291629362022 0.073808573213462 0.0160147348868599 -0.202397929393499
-0.0426996005855267 0.0547863467922546 0.105243713570925 -0.208938064588474
-0.0969433656222883 0.0314842528443285 0.273667591503852 -0.190344717062956
-0.11859963835097 -0.0540748040328416 0.384358452118193 -0.0433049347395176
-0.0491347346605143 -0.122530129946975 0.382219629922317 0.165071227338108
0.0591930072470542 -0.103174070666037 0.276076911539436 0.262766386035482
0.0920026849277964 -0.0132954601671652 0.241600703597586 0.168397409174393
0.195030616577743 0.130715574418285 0.088964080919436 -0.187651087756297
0.145286064242259 0.0278536732440428 -0.0236149444351832 -0.489299507044335
0.156981650312047 -0.168757276971941 -0.345779798365821 -0.336926156142473
-0.00489071640181551 -0.207391844238284 -0.399757262012476 -0.0657530549212956
-0.127392390527677 -0.0819481264468609 -0.20460889625631 0.114028487138467
-0.0989155559206711 0.0280464304962915 -0.039674192658606 0.0601711396489212
-0.0485928254011699 0.0848296901936104 0.00201010712547545 -0.0532456937345654
-0.0253025080504413 0.109422685193689 -0.0142374213818164 -0.11517155808072
-0.0318178407290854 0.134165205561741 0.000849844364720293 -0.171317933599758
-0.066819532425165 0.103534667798848 0.0850661578112974 -0.183323893179307
-0.153328608667068 0.05815978060816 0.255776320311778 -0.176836709205622
-0.183111955083287 -0.0956786570247648 0.367622857677107 -0.0434848209570906
-0.0590220845233078 -0.205914626857897 0.376904849493072 0.167406405108549
0.113723156806672 -0.151068960584708 0.26035849338127 0.27394065389709
0.156801438174463 -0.0108438147308262 0.195160538596262 0.14430001038086
0.242095296277941 0.116667333188481 0.0852721109308497 -0.223746100071922
0.253275464107231 -0.029355693657194 -0.0385679605928237 -0.480762902499995
0.152911125100179 -0.246424596914872 -0.353102694522089 -0.344575389869529
-0.0678239274342575 -0.259577209255081 -0.389121744600903 -0.0674598678925357
-0.192469698198591 -0.0606599064392161 -0.199924319300507 0.100968581475691
-0.127374975595452 0.0731900242187285 -0.0541643567422277 0.0625962708664387
-0.0630204507395669 0.128792957755444 -0.00787828484732068 -0.0256155025774987
-0.0367264746953469 0.157096247764207 -0.0102889051906096 -0.0725774916267662
-0.0399294887914941 0.178037694109877 -0.00421441825121383 -0.123888917369025
-0.0930961866863419 0.132333452766049 0.0606049511129668 -0.139794684199461
-0.197016591005615 0.0618230594887289 0.219154264652647 -0.151531296486824
-0.21449795913078 -0.142519364562737 0.338141398577353 -0.0422750296983762
-0.0430090025657541 -0.264484997628933 0.373961815454508 0.174528171594753
0.166275739825661 -0.170538383675521 0.24579625978886 0.308341351865736
0.21758157971697 0.0130216162943613 0.146126819970815 0.168981607760325
0.181519348753149 0.0427412464715119 0.0140890047780338 -0.182190649947542
0.222844339721176 -0.0572776554168327 -0.0846434975934285 -0.477300446842856
0.102224827919551 -0.249476659133482 -0.396768089126719 -0.352205043423486
-0.108330667791126 -0.221199515911067 -0.443937236734641 -0.0596075307644554
-0.188606829023492 -0.00903996015147616 -0.258178116736483 0.127645228171941
-0.102466208748356 0.102631467705324 -0.0981078966335025 0.11786256055092
-0.0329281424483969 0.139397870630655 -0.0251475600625844 0.0422729029834194
-0.00486873693334887 0.156537310965964 -0.00992304705560086 -0.0061001043583591
-0.0151608158342542 0.176276485502879 -0.0137755655678126 -0.0646395676006274
-0.0800527105139821 0.127164254405676 0.042706629751096 -0.102859939106425
-0.172806206533514 0.052356819029454 0.199479634810219 -0.144287423935625
-0.171183568287464 -0.128627778830214 0.339126015335203 -0.043584117700057
-0.0204554748239862 -0.206412497255576 0.393614980181151 0.189102175579282
0.118021942451513 -0.108528095265756 0.22158208944003 0.345052530830648
0.13628474859663 -0.000164654840000601 0.0648201042198384 0.122709955167137
0.298224149820389 0.0787982017860274 -0.0678652855874738 -0.301544823896822
0.279907778915452 -0.124121659415765 -0.158302769579552 -0.460239743902255
0.0838890409029499 -0.302819474346212 -0.392693598372166 -0.299247136508395
-0.144037592360057 -0.225752513274391 -0.424697069041798 -0.0385687692217302
-0.205241962996788 0.00570265927212301 -0.253965577686245 0.138821015611318
-0.112268440628539 0.115257912044432 -0.114025329436697 0.141514162326266
-0.0506134608164617 0.148395370718226 -0.0459159556384752 0.0946386545053994
-0.0247856932755171 0.171461236830536 -0.0227241062908784 0.059728979715755
-0.0350977216643652 0.184317484819566 -0.0313221857616407 0.00157523824250537
-0.0997086805555553 0.126044324011884 0.00865118036077092 -0.047609897448577
-0.18459541952862 0.0359556867782195 0.151593511886413 -0.101690566565685
-0.15493638669532 -0.149525808740331 0.286873804944309 -0.0187373976984935
0.0075916014104501 -0.209418052051438 0.340578615627751 0.200535522080133
0.139157416359115 -0.0921182757243368 0.17657484062219 0.349956374599999
0.170241011474275 0.0383871517714566 0.0149547461428888 0.148056058841037
0.248477690230714 0.0481974324734613 -0.162467259199409 -0.312770019485875
0.217075552099219 -0.118651562130002 -0.2352806894629 -0.415578559712556
0.0461067844099647 -0.234555397001463 -0.403019287814015 -0.253755159439096
-0.117560920621132 -0.154624826693641 -0.429903939822376 -0.015497241883484
-0.14764561289001 0.0200509392355176 -0.280233045076776 0.16742177296013
-0.0745250202702362 0.0937628914839642 -0.13405866042537 0.190739946377097
-0.026824630026617 0.115997947997691 -0.0500727493549714 0.154996191028123
-0.0030099565819567 0.133442544436021 -0.0181853432705711 0.119558140456233
0.0072861953956048 0.117793618610144 -0.014876649539755 0.0309226309142137
-0.0325142126034514 0.0728378717842936 0.0199306917532746 -0.0574689597656482
-0.0664994027511255 0.0274982006867196 0.180709555792101 -0.154288316252922
-0.0522677682606526 -0.033170988537496 0.384065290251326 -0.0362257044825401
-0.014843861056963 -0.035253694663455 0.444462737460697 0.264238759881725
-0.00514649163809534 -0.00702604636482462 0.187328713405133 0.446566458927057
0.0180482188837717 -0.000906450434988507 -0.00233631553331553 0.136132148244149
0.139379268174163 0.0178856111245241 -0.236324871495301 -0.311427651895197
0.116982115335417 -0.0623530968591247 -0.28734955393364 -0.360745130304692
0.0281508394830556 -0.122918171491449 -0.400387292870727 -0.210045045709381
-0.0503957289712955 -0.0810064872146502 -0.415272525375406 0.0101463645260069
-0.0686713433942064 0.00554295055554538 -0.279890446880525 0.186478532049645
-0.0367746679582784 0.0469024143648231 -0.142844133634814 0.214941781992455
-0.00824849507285333 0.0643580644148173 -0.0659451388936744 0.194056831567293
0.00866590027342623 0.0827373992937056 -0.0355526933656846 0.168670938504788
-0.00190658016230456 0.0973551980230905 -0.0594643339248599 0.107472554764288
-0.0433127894852487 0.0735782017191003 -0.0344968402893835 0.0193335762767951
-0.0849309467901524 0.0307439272100114 0.0845872940735545 -0.0713170538238292
-0.0746418016572876 -0.0549043656872276 0.222070446765459 -0.0130159219302881
-0.0127788745798555 -0.074499429351703 0.295298350763656 0.166643551211061
0.0382492026406932 -0.0387484198983339 0.138416716302242 0.314143432748937
0.0695452189916674 0.0229663104422357 -0.082491704118123 0.114845011635241
0.028773723316598 0.0311287712518909 0.0439540071887756 -0.188899967790741
0.0742837089595365 0.014313837388768 -0.203898496191268 -0.44099078406413
0.0710613872905725 -0.0749452584278336 -0.485148911283447 -0.209268414320958
0.0116644611781194 -0.101017916744728 -0.403389390212496 0.0964856586603773
-0.0472773651952123 -0.0682348486460809 -0.139752068283627 0.200946361552749
-0.0532246980153736 -0.0302114999193536 0.0143822429498767 0.0688814623847936
-0.0377261552105741 -0.00775697430849512 -0.00666784643329958 -0.0725584053846493
-0.0255120475529627 0.00208159100446104 -0.0640782898898848 -0.133124690010134
-0.0196715538616585 0.00735750743927207 -0.0631813625591257 -0.187275977201788
-0.00877062085007354 -0.00656822712186193 0.0327336511229563 -0.243837469422257
-0.0130343006280183 0.00270610692895516 0.209238105530405 -0.285408728217976
-0.0207655610034725 0.0146046771796785 0.378790424682221 -0.152501342123251
-0.0312518003035572 0.00304986313676116 0.413715744629906 0.0637425306379345
-0.0325080653990829 -0.0159902525191437 0.30254767916459 0.165388154139668
-0.0204746982533071 -0.0155263609913646 0.229591049363904 0.0317588348085227
0.121996749834792 0.041343954940071 0.0617697121705379 -0.205850579614882
0.129258569960731 -0.0145493778797144 -0.182793974852345 -0.414290647474304
0.0819765369638436 -0.129163933438477 -0.426455257467068 -0.186612007198449
-0.0264525919776239 -0.148101585644764 -0.35134603384899 0.0713384863850503
-0.0964293615160663 -0.0581928104134297 -0.113621281714598 0.149409809384647
-0.0719441453810385 0.0111741604931262 0.0102957469846987 0.0355075258630046
-0.0321386135970485 0.0467089050969542 -0.00952645775883781 -0.0909949173307007
-0.0103090859194463 0.0618147618166347 -0.0599741909627146 -0.142506688612284
-0.00331126798363944 0.0783911370694583 -0.058557686033216 -0.191239798528298
-0.0217308861078101 0.0638184138363358 0.0278675716529381 -0.230791559567738
-0.0757503716326656 0.0624035090166843 0.188722467156899 -0.269460369460618
-0.127609441601399 -0.00893690238321421 0.344078370089654 -0.162125220073835
-0.0863689793477792 -0.0983202989521671 0.408561168655503 0.0343753056300382
0.0156257136811681 -0.118262191601446 0.336974795527183 0.156272135151229
0.0797592670790269 -0.0461102877871771 0.274619885700957 0.0725487667964256
0.212217719288741 0.0268380714856264 0.00919865135047836 -0.200448126253344
0.134860609004763 -0.0269502297780029 -0.185856455900696 -0.449606058297268
0.0758124363788742 -0.208305837788929 -0.426416260606722 -0.201587733487871
-0.0832522375900726 -0.182754069226003 -0.391063279618259 0.0658634647165643
-0.143026912430739 -0.0294752262330048 -0.15321546342836 0.166779171813368
-0.0791097097932827 0.058755134185282 -0.0191744754144648 0.0655246448844476
-0.0149254667458053 0.0941390420893032 -0.0213713119873554 -0.0508857476943971
0.0161268870525443 0.105011024750686 -0.0593407349130396 -0.100125533346803
0.0191379373620816 0.131247975995578 -0.06120539486941 -0.157348634435122
-0.0268039818136569 0.116508434751548 0.0179832535385588 -0.199806445788325
-0.118265522352871 0.105748641713567 0.176694166597937 -0.253141670597546
-0.201080319028671 -0.0256420290449584 0.331288290927399 -0.155210815064296
-0.123519207155546 -0.170406526462182 0.406438625152135 0.040654866467771
0.0492207930563199 -0.18029038778142 0.324718036514944 0.172664151714819
0.140447284263193 -0.0661518685498483 0.220188810505812 0.0654035756029077
0.259859690274722 0.00209797947318472 -0.00858576749797413 -0.233559402908851
0.212546739205196 -0.125740607092461 -0.196670753176643 -0.429496175662274
0.0428761534771138 -0.277208620520391 -0.432375670732736 -0.202950709500736
-0.16241211376318 -0.205581231473548 -0.37779361621764 0.0584415322161657
-0.195644827731653 0.0157101191909776 -0.153362353425339 0.148374250210292
-0.0881610051100564 0.112653396670566 -0.0334123185839637 0.0696915239015227
-0.0108780023912716 0.142539303437299 -0.0203716872733189 -0.0249033745756418
0.0238235549160408 0.153623182787111 -0.0407723593997922 -0.0644560492437388
0.0295527086895504 0.17454951864315 -0.0503752673296833 -0.113246821851224
-0.0394193965936407 0.152978548025041 0.0111467784877176 -0.153613575231097
-0.15603099396306 0.126051501657978 0.154692843922984 -0.219541409417056
-0.246567928717965 -0.0554756379877615 0.307253910903504 -0.144069325675045
-0.131771057084252 -0.228385687154222 0.406993394973222 0.0498779205451357
0.0887184565174414 -0.218010228901282 0.320614710183921 0.208566080746089
0.20510958203212 -0.0681793249485203 0.183169657091936 0.101274803255252
0.178554588665719 -0.0297199169982223 -0.0530671422891448 -0.171126594048877
0.179786268859519 -0.134233650946887 -0.239204321534499 -0.408850998649628
0.000946623374047724 -0.259939235864914 -0.475369520875709 -0.190877095019245
-0.182130582100915 -0.158872632997914 -0.424178620152241 0.087335952419902
-0.174520329669072 0.0583700659706434 -0.195825024664167 0.194706186412554
-0.0576808983069939 0.129715850624006 -0.0517730346538076 0.136149846317648
0.0189377585442608 0.141337684644051 -0.0100609264744411 0.0427220527520384
0.0503269651817825 0.140757957352796 -0.0153193544743491 -0.00359864712173722
0.0483910108314394 0.163398211231398 -0.0358593122451203 -0.055689240271991
-0.0302427501639996 0.142182837146869 0.00707655169101301 -0.112866869274168
-0.136622400604078 0.106094356758359 0.136700691449977 -0.206175843445348
-0.199571854353087 -0.0584639763158978 0.306902977878745 -0.146330829021642
-0.0885946783409497 -0.180953551777888 0.428436196264283 0.0548631403727522
0.0659116283943682 -0.141000708164028 0.311352358745716 0.252013002182134
0.12281678508513 -0.0497468485808691 0.0930124489008558 0.0916188373057719
0.304889111589645 -0.0506503539830463 -0.181606977257436 -0.24477634406497
0.204914899831367 -0.223905261190558 -0.30328625888832 -0.362391529434497
-0.0406866435705996 -0.306349668180164 -0.452005606899688 -0.1441995025274
-0.222934801081899 -0.147736751570693 -0.398446273735511 0.0977144086367012
-0.187542429900716 0.0831303362906666 -0.189869562216003 0.201586518879593
-0.0608384514869642 0.148853123353637 -0.0600408540552508 0.163783418151282
0.00851788764461957 0.159559909639255 -0.00706654046623206 0.0989892224127539
0.0418175371001216 0.16573140018545 -0.000858199448929284 0.060124994963162
0.0380507746074715 0.180373499380773 -0.0261384214574395 0.011013577562445
-0.0441582448463322 0.151210176161782 -0.00113722387120139 -0.0510655057402708
-0.151109667765784 0.101732548155453 0.114691255207531 -0.150372516561716
-0.196389920350214 -0.078121516859924 0.271929018211669 -0.102578198630923
-0.0713691717268423 -0.191387332426044 0.384319978301461 0.0886073460557487
0.0859749364251257 -0.137895232865249 0.268649727082508 0.275288722279402
0.167076948824647 -0.0327338364007041 0.0559178765409368 0.130542573483459
0.246364119267385 -0.05782524601097 -0.273953972891221 -0.220413492850702
0.149684495186037 -0.193437197998289 -0.360183789004949 -0.294406676671789
-0.0488652339224674 -0.230710397517897 -0.447828923471238 -0.0994570923178935
-0.171125566292365 -0.0947216887220628 -0.40018160226957 0.122641051177064
-0.130048516107119 0.0747142164820679 -0.204325935314928 0.23988072072981
-0.0353796679032973 0.116167905049604 -0.058662601999647 0.218860346994266
0.0175627047284149 0.121278776282481 0.0120675277035425 0.157565633096893
0.0462439697063565 0.122847083697516 0.0272342159867875 0.112557716016509
0.0485198652428529 0.103297732132792 -0.00140929254670658 0.0307892424661802
-0.00417622330962874 0.0768465015355941 0.00300917272637522 -0.0634723426492782
-0.047886025300906 0.0474845264760644 0.118131958859445 -0.206049110632153
-0.0578541573951021 -0.00993394343479271 0.349733055167416 -0.154618941028867
-0.0277337896740639 -0.0249339469601972 0.500045789136731 0.107609719318469
-0.0135838913568528 -0.00762814522411513 0.313391638397314 0.357727339367756
0.0122656821046683 -0.0119167266546719 0.0398141763086324 0.131053305957254
0.132272494919427 -0.0394088331876534 -0.339838899461503 -0.193367270556166
0.0797947552185139 -0.100826831222934 -0.39036807618213 -0.230197075722427
-0.0224574988749916 -0.121009230743379 -0.436297419597584 -0.062611230890847
-0.0813392610788188 -0.0529755463092942 -0.381732819985331 0.143681745954972
-0.0639240291695851 0.0327386751379659 -0.199200180502922 0.261543927351132
-0.0185646987622066 0.0606014076830701 -0.0578735242161328 0.248484911696255
0.0160916387643696 0.0669554433900556 0.0139294532023844 0.204244613016119
0.0391536979188612 0.074097606241389 0.0352586925086297 0.16771721865216
0.0359574285909479 0.0913194842476903 -0.0065538475236817 0.119104302454496
-0.0106607140473005 0.0859988459713081 -0.0114724840195035 0.0296269706893664
-0.0654676023202823 0.0643626798519541 0.070202702073199 -0.0880307416024535
-0.094676998909209 -0.0184003519010159 0.212325415300523 -0.0624385753495441
-0.0467760449559588 -0.0647717050636885 0.320963722892475 0.0806881848823109
0.0135855013670031 -0.0571714271741941 0.213026709180589 0.25719692734039
0.0716630674113691 -0.0134036805305537 -0.0439180405001534 0.143639963523107
0.0308176410630813 0.0293208674863081 0.0363274857434364 -0.194859935060341
0.0752479999847033 0.0134802285379233 -0.209786287697613 -0.438458967543132
0.0698075623566794 -0.0752492113602166 -0.486878281767522 -0.207653571397805
0.010608849406534 -0.100806807526064 -0.407100354290186 0.0971954972720041
-0.0492310524395633 -0.0687537387017789 -0.140114067559921 0.201995577315922
-0.0553179653621351 -0.0287449534555528 0.0115566260605959 0.0705576606035301
-0.0388611321759636 -0.00721530819709156 -0.013185446275761 -0.0671524953420581
-0.0257473972847716 0.0013876086441463 -0.0714712166757771 -0.12552151710113
-0.0192028044836944 0.00742835960381242 -0.0705326333048359 -0.181603620425218
-0.0102239103350755 -0.00758232480551307 0.0242890537229022 -0.243202922236097
-0.0127185246540909 0.0016513239760767 0.199999501564733 -0.289546821355403
-0.0189817975536004 0.0136801985209862 0.372988135070284 -0.160048809426637
-0.0308247589896867 0.00257642033972825 0.414230779109537 0.0559678628855185
-0.0317531736044294 -0.0153015314636666 0.304096667305885 0.159943448295683
-0.0203754262217259 -0.0146575490398079 0.230400309732078 0.0246638254062049
0.12651572855656 0.0280501876117843 0.0513927979238611 -0.213537133365352
0.123911069360434 -0.0200268239704493 -0.185033474585758 -0.413772166264945
0.0757596824847215 -0.128105234046162 -0.429039659451682 -0.190783744114815
-0.0292996533212468 -0.14361076246918 -0.356311868297335 0.0672975185898399
-0.0958769089690203 -0.0550496435093475 -0.118431241984606 0.146081046603181
-0.070055059664541 0.0130027779521949 0.00385646133636661 0.0340111655890099
-0.0296779679945337 0.0467029353346123 -0.0193576345397683 -0.0870037706724165
-0.00680170819348027 0.0601109625354684 -0.0702317207493131 -0.136708418175991
0.00148367793272854 0.0767824871880846 -0.0688613016472883 -0.187376339731823
-0.0196105168710751 0.0626560511810575 0.0191021107761428 -0.230455823610155
-0.0721330995021657 0.0640028535193754 0.179680494734382 -0.274629356696386
-0.126423775671159 -0.00466531382378086 0.340817249456029 -0.167778551882808
-0.0899122266576307 -0.0956726255600463 0.409993714778159 0.0277426548765238
0.0112385170234226 -0.118677471392339 0.336942194577816 0.148543953011124
0.0772192394255917 -0.0509430305875189 0.276312603260109 0.0591228569646091
0.192718282920437 0.00316817844768729 0.00204313625895138 -0.199271758914527
0.128580008686652 -0.0283932473148328 -0.191557758992141 -0.446975602154547
0.0632652029567593 -0.204319060945048 -0.428492000647737 -0.20294116036709
-0.087333670287928 -0.17362598421762 -0.394094608061255 0.066745294116186
-0.139166184464188 -0.0245298202993922 -0.154151330972001 0.166702680313543
-0.0743258511953767 0.0601290877137082 -0.0208637017295677 0.0652720605839297
-0.0102471625674959 0.0923079819663531 -0.0266311752388283 -0.0472516912569229
0.021559577696853 0.101123810825891 -0.0654406227980484 -0.0943312475051739
0.0272175212537105 0.128066331385712 -0.0682685699847592 -0.152600219984483
-0.0225836774400012 0.115093934519164 0.0112633597770304 -0.199554979172471
-0.111910498739638 0.108200125001305 0.168505348646011 -0.258298829093228
-0.199933411889015 -0.018387973606139 0.328869835402175 -0.161223663216239
-0.129802411196562 -0.16450884886874 0.408307454214595 0.0340221673478332
0.041373026947919 -0.181253815056224 0.325003215241541 0.165717633193038
0.135922405878779 -0.0746087314784274 0.220565619570927 0.0565066551467071
0.251428819538946 -0.0209730295388162 -0.0177344930996347 -0.233573575152998
0.200287869832763 -0.133020074013202 -0.202320151760753 -0.428150766400342
0.0282207391300545 -0.270084804042442 -0.435388865634229 -0.202954525724478
-0.168437630827559 -0.19216247371988 -0.381688236744279 0.0597176467102772
-0.189944593005376 0.0254149369842893 -0.15452982649767 0.146768036778349
-0.0794916434689699 0.115428677833134 -0.0354394212261515 0.0688362179583538
-0.00259567833571262 0.141639181299185 -0.0247722068812809 -0.022943039564834
0.0351305663596416 0.150260198645746 -0.0463131437384681 -0.0619946584260634
0.0407809862038178 0.170663062317075 -0.055553641371062 -0.110878477595546
-0.0322502721811085 0.152074879845747 0.00684522388341618 -0.153235308733047
-0.146935596023313 0.131323481429711 0.148844601096564 -0.224439968023536
-0.24660335690938 -0.0444251326309176 0.305924605218631 -0.149475176476659
-0.141553742265007 -0.220019733735242 0.409557930801717 0.042315186025885
0.0757957043165732 -0.219456005253457 0.322817514661005 0.202384762773218
0.19704251743261 -0.0828920218667563 0.184238445003668 0.0931540334991097
0.174075058974171 -0.0385129692146805 -0.0575722205386776 -0.169793443947684
0.171738098184462 -0.13581782106988 -0.245411403609451 -0.404132372777624
-0.00629848562271004 -0.252320282019592 -0.478405671150495 -0.184534014455639
-0.18288668047279 -0.148393748817398 -0.423089945946898 0.0939249317365072
-0.168136466940823 0.0632152521664893 -0.191352420483816 0.19595346310679
-0.0509973229555789 0.130327037481863 -0.0483779185899002 0.134759877831751
0.0247611043656185 0.137615013979877 -0.0103686884833071 0.0423974795048019
0.0575825726388583 0.135733104400847 -0.0165306705301251 -0.00341225542270079
0.0576025181103935 0.157836037425925 -0.0362280654521091 -0.0534249368442121
-0.0244538838117167 0.13982618567559 0.00484863271365394 -0.1128586054529
-0.128357597225132 0.10830479770994 0.131312144098714 -0.210727578764391
-0.197108166416297 -0.0499071200436485 0.306183032544286 -0.151860948358963
-0.0947750601343398 -0.173675727890383 0.432113142754875 0.0477315330644692
0.0577401861872654 -0.140524544656985 0.313104839803417 0.247358086039759
0.115305947023065 -0.0577686565701743 0.093279539046741 0.090969464511267
0.295881285842314 -0.075681629510613 -0.194539947077919 -0.232209042604734
0.190763728707361 -0.231840996411201 -0.311078993921657 -0.354323423686507
-0.0563429945820179 -0.298728121982025 -0.453606600776602 -0.1385386778499
-0.229918373710161 -0.134189378237144 -0.3984240000399 0.104666914035363
-0.181058073201031 0.0935139232263209 -0.185455997463408 0.201850002800907
-0.0509963962258938 0.152730068322096 -0.0550980053406392 0.163899034823041
0.0180985660108001 0.160081224015874 -0.00240246029838728 0.0990471663108389
0.0543189930793226 0.162405808665123 0.00333403270954394 0.0578464814816582
0.0516627974766114 0.177234971708169 -0.0219049826006455 0.0106857519840226
-0.0332719604982046 0.153155819378969 0.00305731085376742 -0.0526102391697444
-0.140228611367007 0.110708615145558 0.116406434752075 -0.155467560446964
-0.199285987954683 -0.0625535336433421 0.27873689322157 -0.103820471574455
-0.0859448680846242 -0.18203532681104 0.390677870235648 0.089242719900178
0.0719276763857588 -0.140802128826444 0.269784610841953 0.275007115265923
0.158928654227919 -0.0496534900449718 0.0579800576247713 0.132935971181026
0.238816993462186 -0.0775246141480818 -0.286761378058532 -0.200166292243007
0.138116853765866 -0.199231176542881 -0.366300134987362 -0.281217005406043
-0.0594781795409358 -0.225036260242883 -0.448413061271338 -0.092631737667902
-0.175916930619945 -0.0852929900725375 -0.395992411071494 0.129214004908365
-0.125612183242987 0.081599756079412 -0.198212891047025 0.242311053892727
-0.0284339430178368 0.118581447655799 -0.0509089464474669 0.218888953144631
0.0246917353038152 0.121633698562848 0.0201964549468356 0.156238226581564
0.0550628155961127 0.119613956607163 0.0346376502332068 0.108718060456912
0.0534386018742925 0.0987815404551957 0.00225642717748058 0.028028512850199
-0.000603258346855784 0.07524300151986 0.00461322822713316 -0.0654286285931024
-0.0431625872276456 0.0483794158574787 0.116130567069622 -0.209388707836981
-0.0563644935234986 -0.00524992312779353 0.349879769339569 -0.160123792612723
-0.0313917422473665 -0.019576795495911 0.502723551949097 0.10032758319886
-0.0180365806321704 -0.00603353019635377 0.316444908650353 0.354656425757987
0.00743489272077288 -0.0164418682488593 0.0428961549947811 0.134650144870691
0.1272412317064 -0.0491383094464323 -0.353710448705505 -0.168530499901786
0.0744454890918015 -0.102937541868915 -0.393976297083338 -0.212969517544429
-0.0278674011323525 -0.11841242493326 -0.434947345262064 -0.054787692502108
-0.0848713286562153 -0.0483465024268611 -0.377716456542707 0.149354815540421
-0.0630115808664098 0.0369542546120787 -0.192064633721514 0.264373981256342
-0.0149945018758327 0.0631157750782957 -0.0479532171804805 0.25049279433505
0.0198471100312339 0.0674854720529591 0.0272232815718687 0.20468957988204
0.0455803268826527 0.0728067462692072 0.049902588720646 0.164280138484414
0.0434557626808443 0.0901183515735702 0.010433527028054 0.117037086133847
-0.00326417176458264 0.0886949628410858 0.0050848488907949 0.0298356941837374
-0.0596362244897135 0.0727767302986993 0.0845532366965844 -0.084832894512983
-0.100770952226747 -0.00700406620016726 0.22376306073598 -0.048591629369298
-0.0590696294444355 -0.0601123790312667 0.318250704527382 0.094385500963345
0.00330977307315918 -0.0622497655590068 0.204975774791844 0.263686805135904
0.0677867772208148 -0.0270124267078228 -0.0405685244552478 0.159488516520479
0.0335584525395949 0.027155398761072 0.0282632314877704 -0.203394321224105
0.076797484024365 0.0117621343222256 -0.219536122436446 -0.444327275760769
0.0701495532576604 -0.0772963729184758 -0.499677066175415 -0.207693103688896
0.00954517946469383 -0.10254388265551 -0.417325968744653 0.101887376203699
-0.0523840957685391 -0.0699064868283353 -0.143491621579314 0.206781222223386
-0.0581704794673179 -0.0277288268942307 0.00902480900004021 0.0722244379870316
-0.0406147914757641 -0.00679134160536374 -0.0194019921442234 -0.0624949550981437
-0.0272404749222349 0.00158437669355683 -0.0791686310116264 -0.119916049677929
-0.0193350737626002 0.00761253288577242 -0.0794324306294637 -0.178174409362286
-0.0120154656692711 -0.00876574560707626 0.0162571705503407 -0.245749017432242
-0.0133391197386602 0.000635701892577133 0.193443821587821 -0.299448990230401
-0.0171963461647482 0.0128777375135885 0.375431376982616 -0.17109222837456
-0.0312628855651786 0.00254298612232854 0.422082593453848 0.0496812583338449
-0.0329780199144326 -0.0151201276043336 0.311487811004858 0.156191199524508
-0.020952076386522 -0.0139053779168994 0.234713176569381 0.0170961337613692
0.124788559619407 0.014162123833093 0.0413383791938408 -0.224068098229092
0.118356530263879 -0.0241530974728775 -0.191596405401103 -0.420610179104415
0.0709413376163514 -0.12746499159706 -0.437227867621164 -0.19831684904913
-0.0325067381811718 -0.140185174129718 -0.369105827409251 0.0655188285670216
-0.0961883673562669 -0.0528824433073649 -0.126902223099077 0.146701462885224
-0.0696513537562876 0.015183994874099 -0.00219616811966373 0.0335261414746335
-0.0276517883337838 0.0465548101381663 -0.0290687012084615 -0.0833095259649189
-0.00304925287802524 0.0591347608725508 -0.0811050647898298 -0.131784885073771
0.00705052692410965 0.0759051232670636 -0.079932073435914 -0.185198908858355
-0.0178531180682265 0.0632066466860619 0.0102186713588273 -0.233954651911481
-0.0689753594884281 0.0663214083395266 0.173716137386993 -0.284135250888655
-0.126978301026207 -0.000447375442992379 0.342506451931421 -0.177958672099596
-0.0956018966564307 -0.0942506757905043 0.41740583319084 0.020833944809493
0.00585282192157045 -0.12091890983637 0.34390717116254 0.143154779303288
0.0752439328176112 -0.0568970732690833 0.282368596355755 0.0472421751915044
0.201390377217361 -0.0194866411202749 -0.00789024793583945 -0.205051679482067
0.122985421444399 -0.0289412166601546 -0.199947780384698 -0.452824379140138
0.0529831454779883 -0.202454809672202 -0.43765592452562 -0.209253029622125
-0.0920158401526007 -0.167732950098712 -0.406819132910015 0.0711699283428817
-0.138006282081888 -0.0197299541488768 -0.157558811369337 0.169519138716718
-0.0702410647637264 0.061894762340025 -0.0230222225667052 0.0658427542339717
-0.005695424275989 0.0918114693072972 -0.0324925725790066 -0.0440990054840098
0.0271650763999584 0.098487917516987 -0.0723916908004071 -0.0900513546063551
0.0353178555945662 0.125836020373951 -0.0769100299059228 -0.150256094731245
-0.0190268832385491 0.115210160968278 0.00460225766419145 -0.201647147744735
-0.10834018896555 0.112277430406672 0.162823892417782 -0.2676574486556
-0.202040214313905 -0.0119109477438746 0.33061174059342 -0.171506922355251
-0.137789438065119 -0.162320019264678 0.417234613211357 0.0257147244144709
0.0342763526973785 -0.184720923481262 0.332424487278343 0.160760227920378
0.132055988906278 -0.0836691552619583 0.225045533655765 0.0483770528476317
0.244244820703127 -0.0444394189975938 -0.0283690020025341 -0.237015677722729
0.189426247586192 -0.141721032461544 -0.211631690690887 -0.43441234921087
0.0142246608945318 -0.267467257045583 -0.447133672857577 -0.20685161619355
-0.176417507695663 -0.180652845188294 -0.393137525335194 0.0633921272926478
-0.185966465259807 0.0349690263613022 -0.159185484587804 0.149658482271035
-0.0714792690453842 0.1207509782836 -0.0384735600354071 0.06917226401858
0.00663051105069097 0.142732197714763 -0.0294366266519085 -0.0206222317043234
0.0455448194460447 0.14877213699457 -0.0524924467847134 -0.0599707006255989
0.0529280808729001 0.168452752240482 -0.0614984685871622 -0.109280064949414
-0.0253310520678283 0.154016951365226 0.00252144825781394 -0.15534539483173
-0.140419376631566 0.138015478258697 0.144257259271015 -0.23393329760857
-0.250072889281264 -0.0332897492956121 0.310406042371702 -0.159039814633973
-0.154671210975235 -0.214115555854178 0.421388762274503 0.0353423665594427
0.0643609725416964 -0.22545250580952 0.330022106088563 0.199717140174366
0.191261074066163 -0.0989478723828727 0.188430859465772 0.0868018394429189
0.166541592384308 -0.0471396660501569 -0.0629643018055305 -0.170530497447535
0.16755252719169 -0.140612836230788 -0.257105534058629 -0.40788777755458
-0.013785962392052 -0.249375936833775 -0.489567053463683 -0.181536975052612
-0.186866133791046 -0.141413468119332 -0.430724328856244 0.103172622005868
-0.164192897226886 0.0687921597170322 -0.190675818014698 0.201552322705136
-0.0434820821404947 0.13319650738717 -0.0456712217442367 0.135864903437046
0.0313367572545416 0.137316214118295 -0.0103061329962309 0.0436477177159015
0.0651091248175063 0.131721440932689 -0.0181145490223391 -0.00337642515371075
0.0665367514864394 0.153889429465991 -0.0382101529919926 -0.0532705628903976
-0.0189476028908686 0.140598397981262 0.00284101463193702 -0.114384270035082
-0.12307522121783 0.112800571644135 0.127426411857463 -0.218791636264013
-0.198773583827113 -0.043189231057378 0.310696057469252 -0.163061456047858
-0.103018732858252 -0.168227995983157 0.442601518952588 0.0400862566926888
0.0503404886066804 -0.14202294112574 0.321004785624288 0.247190582899964
0.109224901025181 -0.0661103083380182 0.0962457073166707 0.092391652773655
0.286005045784478 -0.0996507913671427 -0.209088127762481 -0.2202543819341
0.178728042494031 -0.242800284660076 -0.324555742505583 -0.350358680514656
-0.0712422462841772 -0.294947101174145 -0.464602721868743 -0.134237939112495
-0.238589782707761 -0.122132281772648 -0.404849827443216 0.114095085164424
-0.176844635580885 0.105757462631768 -0.185529355139549 0.206182452383498
-0.0404638701867434 0.15857869708007 -0.0524074369235732 0.166493894484654
0.0295499490174399 0.162029396961564 0.00266816557602316 0.0999153113898889
0.0682790877719773 0.160057217805959 0.00746783684072397 0.0565909915338994
0.0672001946582162 0.174423501623517 -0.017860924053055 0.00901866430903915
-0.0225505147954121 0.154864607348802 0.0070804213960153 -0.0556735215509463
-0.130983351587928 0.120762785636 0.12011218721606 -0.164527243676621
-0.203813224814473 -0.0480554382766873 0.289831550282265 -0.110380509641887
-0.10165459967786 -0.172863231750823 0.406183988060201 0.0877563173170639
0.0576417399728559 -0.145397676918569 0.277313871365335 0.280344389036152
0.150783066761917 -0.0667149203186163 0.0619264953178173 0.13685207138418
0.231443721479409 -0.0971387432930454 -0.302962287072618 -0.18177802017913
0.128258438760655 -0.206654484945269 -0.377969809820708 -0.271707328231674
-0.0715789704071396 -0.222224662374704 -0.456459859013542 -0.0850823322674211
-0.183836501811737 -0.0762890135950207 -0.4006268070014 0.140071612841087
-0.122639171187044 0.089494902511389 -0.194384914325874 0.248354697851876
-0.0213699066911153 0.123075619524997 -0.0437412606885127 0.222407148572087
0.0327596747727907 0.122867473974304 0.0301830358050703 0.15597747891199
0.0648651878365808 0.117444437596443 0.0428508764950398 0.105070839607973
0.0603769793435516 0.0962432176701414 0.00689593877181358 0.0248219274711597
0.00328046067901179 0.075089212293548 0.00629241500372534 -0.0691364977853973
-0.0393394207336058 0.0499997135472604 0.114676688353439 -0.217641720643647
-0.0551600631253051 -0.000494311286082627 0.356849978507374 -0.170723399222378
-0.0360461626034887 -0.0135911346192244 0.514796708550527 0.0964051990880522
-0.0230586537981663 -0.00495118740023387 0.32580824204165 0.357040578212436
0.000825073622898144 -0.0208386092819812 0.0475701727055642 0.140455963500734
0.122738230859868 -0.0587310072122789 -0.368603620894702 -0.142408046180335
0.0702049204972334 -0.107064734970241 -0.403593384467973 -0.199532746372353
-0.0332392065161799 -0.117649039755039 -0.44072811308715 -0.0469992805833803
-0.0899663427875968 -0.0442961425477304 -0.379765930398083 0.158506337500199
-0.0629066140450343 0.0422873934527996 -0.188266357394633 0.271312761207064
-0.0103153506964148 0.0670007950553064 -0.0386369743551478 0.257153857075267
0.0247570605381378 0.0689127982376299 0.042364133074038 0.207330004641817
0.0520973607964018 0.0708472136936217 0.0653465031171376 0.160524376094979
0.052768364565172 0.0889925597754895 0.0268263531737536 0.112505434860134
0.00470377449466952 0.092204104782786 0.0212664064648314 0.0270705361699145
-0.052679579082953 0.0813796642630996 0.10161535395819 -0.0866654952042977
-0.106562107627354 0.0063651545273465 0.242063012454935 -0.0405332114477222
-0.0728846913627112 -0.0546365554511756 0.323949544794809 0.111412660611401
-0.00810413583208607 -0.0668403183785913 0.202359303327376 0.277901075787485
0.0619783304963396 -0.040823740948735 -0.0340272775353768 0.17812015910288
0.0377461820638951 0.025026571814529 0.0157178057536225 -0.213996634637491
0.0803284664280367 0.00962466097879006 -0.238827679180944 -0.449214265867671
0.0697737071064265 -0.0810426708598851 -0.520302112386993 -0.200284503155148
0.00715603448772941 -0.105318096502986 -0.433279442597396 0.116457003464967
-0.0581221042243263 -0.0704104398695685 -0.145112664336669 0.21783509392923
-0.0616523041985915 -0.0257439469842435 0.00779027649899787 0.074475757077023
-0.0425958923385257 -0.00540092739048079 -0.0260321457615069 -0.0568140811846565
-0.0287311190460352 0.00204503992572067 -0.0889989341453994 -0.111926771104194
-0.0191159456929999 0.0078130123155359 -0.0925838284475671 -0.174831297981285
-0.0142169041676835 -0.00938794011802905 0.00240743920660523 -0.250320124706772
-0.014243639647401 0.00074226881990244 0.181653498681324 -0.314320191075228
-0.0161684334864561 0.0122109585597645 0.375366746921325 -0.191605507686411
-0.0316646369683809 0.00316318210296881 0.434978373346466 0.0339856463498743
-0.0342330428430292 -0.0143869294794429 0.32541661159394 0.14769196086557
-0.02203241721906 -0.0130517861234371 0.240148718421266 0.00354289696723023
0.120639239415866 -0.00132187496778326 0.0271649726274155 -0.23572648047134
0.113790115471739 -0.0302096532619964 -0.207235330220346 -0.42842470801271
0.0653521150902842 -0.129838539504707 -0.454961970878258 -0.197700172191516
-0.037659952538667 -0.137568649912817 -0.385532183591929 0.0732742624880664
-0.0988047144902001 -0.0489877671005355 -0.13467763533894 0.152786351442711
-0.0680089364960534 0.0179235788986074 -0.00885347295468757 0.0349374578186469
-0.0249733916920358 0.0479900804562461 -0.0392739567648877 -0.0784806554671664
0.00135992390825179 0.0583964541914142 -0.0940078497848252 -0.124145482119365
0.0130379234164283 0.0741998746054146 -0.095933783403829 -0.181971891952769
-0.0143258896544631 0.0635355604091939 -0.00368012763387143 -0.238668008833365
-0.0662966322272337 0.0713801430136591 0.163380300450031 -0.299753660324159
-0.129364340678422 0.00673973315402796 0.342425663759744 -0.196928889784632
-0.103614231496477 -0.0907229760032388 0.428296646313218 0.00430258921662868
-0.00240335687260076 -0.12424672001301 0.355552635395805 0.131476208594196
0.0716029965624944 -0.0635663251960292 0.29022270937687 0.0288408793153472
0.207860510107788 -0.0496153723611092 -0.0214120375995084 -0.210371380928624
0.118579089854893 -0.0317441659915625 -0.218772251961224 -0.459186695130232
0.0388006976229343 -0.2022169625351 -0.455916989021472 -0.207633723732805
-0.0996227239565048 -0.160543880208326 -0.421295495987944 0.0843407874148402
-0.138202385575877 -0.0127036781681819 -0.160023158356974 0.178595042531663
-0.0648284649361557 0.0654713219000211 -0.0257894271041032 0.0680530761087169
0.00119156330009515 0.091551412196162 -0.0378486897483325 -0.040225010202636
0.0346456296473286 0.0959055223212405 -0.0811071618220574 -0.0840929143082322
0.0455030049402589 0.122759026830155 -0.089435556355006 -0.147074567592387
-0.0130505963575563 0.117149793126647 -0.00653884459447805 -0.204952965214695
-0.102435022730165 0.119537120929611 0.152743035776058 -0.281814488514126
-0.205476865211131 -0.000511352352208731 0.331708532814778 -0.190868517654994
-0.150192956496847 -0.156350621464606 0.429569052849046 0.00945897914096436
0.0232497160409445 -0.189465469580898 0.344960689132652 0.152245823284086
0.126281669915041 -0.0953613445350791 0.230010544420384 0.0359225006911616
0.237102112652714 -0.0718711830108887 -0.0440404070100751 -0.239877308050544
0.17563729736072 -0.154514475664869 -0.231164110988153 -0.440168078142838
-0.0035975642242164 -0.265457475868155 -0.466607001305817 -0.203184028270043
-0.187336093252917 -0.167472468570655 -0.407331149763664 0.0783046437510608
-0.181742952053116 0.0485046180494062 -0.163703260428328 0.157126735569597
-0.060463498120365 0.125405252505421 -0.0417458167605701 0.0718719146444314
0.0187221333987679 0.143613690144266 -0.0342212880915788 -0.0175484577986748
0.060092435110175 0.145468462587682 -0.0599623108671275 -0.0561524942985784
0.0682958235764727 0.163896582454743 -0.0709424248242744 -0.106401316632353
-0.0151429487092479 0.156773847110934 -0.00494130670894926 -0.158365675551762
-0.131589826478329 0.14818696279518 0.135826737564336 -0.24770984404074
-0.255751621388187 -0.0175127534281791 0.313737368461827 -0.178101782515859
-0.171437041157609 -0.206013708173783 0.435829029673308 0.0178188487995136
0.0475863996320651 -0.232384904883123 0.343793000020237 0.192758188957817
0.182129103798599 -0.118711743722805 0.195759282567839 0.0777364315405344
0.159711505242322 -0.0581041366087754 -0.0717950630280163 -0.17099231419689
0.161011713106907 -0.148949756035393 -0.278069214922323 -0.407665534234739
-0.0246062942135437 -0.247903924592219 -0.509845322357133 -0.169821992019098
-0.194029998373562 -0.131332004858873 -0.438349532936392 0.122197389916951
-0.160458818141453 0.0783252760316978 -0.187150603387193 0.212159822238147
-0.0343010110673502 0.136516154612666 -0.0410239772345524 0.138474242583132
0.0414099442156928 0.136361562341662 -0.00862066588387483 0.0448141239356814
0.0751888283737271 0.127316234936238 -0.0190271124750555 -0.00278699762625999
0.0794747369939532 0.148431715206079 -0.0417963092270168 -0.0529345390303719
-0.0105784735784578 0.142465353869749 -0.00118122267484265 -0.117446484074298
-0.115994627537508 0.11908409478622 0.119540325791825 -0.231447792524741
-0.202236667967218 -0.032187649963562 0.312858409668284 -0.181122210404177
-0.114487008356016 -0.16123141557643 0.457185560467536 0.0237034397579069
0.0392396271313066 -0.145122331341916 0.336389115708158 0.243009887868578
0.100413448427901 -0.0771272105190825 0.101325868880137 0.0921656538988704
0.275103874508753 -0.12907007694254 -0.227637802437109 -0.204379053181164
0.161259375515617 -0.257231788585708 -0.346070930596551 -0.343184299881836
-0.0929583974391777 -0.291130997787133 -0.481992638524952 -0.12090648878138
-0.25073265784275 -0.10543676149533 -0.412452461078903 0.133161542383113
-0.170007227706741 0.12091283190974 -0.183347864147276 0.217382682877248
-0.02741199798606 0.164798703472505 -0.0456788390320496 0.172192828657446
0.0442103885037769 0.164021203430017 0.0101499277248305 0.101148298507797
0.0854956220881148 0.156062089869458 0.0122534839851938 0.0551392851155508
0.0859094884121295 0.169513407573312 -0.0152016021788342 0.00725800593309549
-0.00809430033839877 0.158673215644571 0.00980889748187738 -0.0604215279929055
-0.119007744833809 0.132460825953005 0.121032428959476 -0.178290453916943
-0.20850163542921 -0.0287663482717793 0.30191575898344 -0.125443002205522
-0.120082849379432 -0.161779727536828 0.426058798978597 0.0791903142187974
0.0405053549512327 -0.151186235173547 0.292333906878715 0.283275194235487
0.139413976418113 -0.0852640560295161 0.0693890378352487 0.140757846748324
0.22183279987638 -0.120399230576107 -0.320868903520621 -0.155696220020225
0.114907501194039 -0.21856356370005 -0.397963001825579 -0.255491052143884
-0.0871370660367712 -0.219129261578033 -0.469729822403031 -0.070473153563378
-0.192402560535497 -0.0645914793923781 -0.404462215921515 0.159550953663401
-0.118207396035514 0.100784179644782 -0.188859481892144 0.259686229931176
-0.0108947808923471 0.127559339226232 -0.0320730992263351 0.228244531105592
0.0428544968022325 0.124321480104128 0.0428283619448421 0.156290724640302
0.0772109261224489 0.113242917462922 0.0523325293844063 0.100127896069641
0.0693116447721651 0.0920732638752161 0.0106077493413489 0.0207049523390998
0.0085005304037699 0.0753442298871405 0.00675395568776028 -0.073929785372236
-0.0342751718664643 0.0525559752283165 0.110007588757282 -0.230051752975962
-0.0551035825253453 0.00568088217567027 0.361733481108316 -0.189733680054953
-0.0393896769688851 -0.00667307923090358 0.532326599992717 0.0815831479950105
-0.0297586036783563 -0.00296201091523197 0.34374390543448 0.35752223937314
-0.00723398770350689 -0.024548772224597 0.0564741647832043 0.14582984585815
0.117546829190071 -0.071093875682811 -0.385888309201142 -0.108626328658103
0.064186309358636 -0.112856539532202 -0.418353364561159 -0.178359033309018
-0.0414651776282088 -0.116176714208036 -0.450916076396113 -0.0313849660247807
-0.0951708975979939 -0.0374204636989641 -0.382183217361047 0.175011452086104
-0.0614077911303061 0.0487414472555524 -0.179918382396828 0.282976825889479
-0.00462390803453073 0.070904671603228 -0.0224424247526771 0.265044714029592
0.0312321880063484 0.070286043095964 0.0620359990923796 0.208173687722359
0.060690212237149 0.0676069710343744 0.0839084004226115 0.154297207291189
0.0633772533263519 0.086431224789669 0.0455176294153737 0.105874495796081
0.0154461337376997 0.0944630428041138 0.038369937026551 0.0203252739987871
-0.0442086784670591 0.0911663466979036 0.118094921698966 -0.0954278273264929
-0.110898852836842 0.0232346820799499 0.264311425015132 -0.0401159783739956
-0.0865489605548091 -0.0451315940762543 0.338870217983738 0.1224273595368
-0.0227444353245644 -0.0703263908226416 0.209847721478684 0.291457059070237
0.0524024360665065 -0.0543590337077572 -0.0213873558013598 0.196892422283625
0.0405815563344001 0.0204892902712096 -0.00241301395418645 -0.221602301299202
0.083082382437737 0.0045323017205373 -0.267635252623907 -0.44723649156596
0.0677845967323181 -0.0857936817701835 -0.540849996764033 -0.180480297687708
0.00319004931276947 -0.107550212081373 -0.441900265786193 0.139547617146226
-0.0640016298639607 -0.0689216436548559 -0.140062504039078 0.22912048484152
-0.064114301376301 -0.0216661692316165 0.00720331728099561 0.0759723619285159
-0.0443431204835088 -0.00274197713785405 -0.0326210220817031 -0.0510441855413541
-0.0298379535337199 0.00333707921765198 -0.0990499840189749 -0.100958716096644
-0.01882344212441 0.00794644874795604 -0.107067813436063 -0.164553966443945
-0.0162543633558801 -0.00927625846890276 -0.0161248840270796 -0.250973495210129
-0.0147322539067716 0.000779376915011419 0.160984191928127 -0.32928297404704
-0.0141332707192993 0.0113816017807108 0.365584665798071 -0.216768111892975
-0.0315993537916011 0.00483823163054468 0.442009064197155 0.00899605100306594
-0.0357661184264513 -0.0125116304917853 0.336862583365049 0.129940812935051
-0.0229332435900509 -0.0110300100864557 0.241511483739135 -0.0136114293248186
0.115489959715007 -0.0175922323051037 0.00593821394216029 -0.244004886538264
0.10673480689362 -0.0378035702251295 -0.230520264591651 -0.42750032307757
0.0564789169301146 -0.131262314998796 -0.475082427278079 -0.186236127388952
-0.0442236373938453 -0.13301956171874 -0.397235926431767 0.0888599892178929
-0.100839741296989 -0.0429787423690779 -0.139410948381026 0.162859815144294
-0.0655007576198846 0.0213544383381138 -0.0159238216128575 0.0365711209102862
-0.02045374864462 0.0486605026806945 -0.0495827881740888 -0.0708945042416974
0.00693096887665363 0.0566208606090139 -0.107416065308057 -0.112239595388114
0.0207036189067789 0.0709654050210437 -0.114119638838323 -0.172302727694009
-0.0105501205156262 0.0638379817780511 -0.0223406768658758 -0.239185185832398
-0.0601249250292468 0.0755224386773655 0.143523572074421 -0.313392637274987
-0.128895931847037 0.0152695528205661 0.333652485275438 -0.219888439397628
-0.111839744607014 -0.0837114224552573 0.435272809739768 -0.0219039397861557
-0.012882953794702 -0.124416870746565 0.365656383412627 0.110845626228175
0.0644989355447959 -0.0711563429029342 0.292939387903285 0.00447189839506714
0.194656486258401 -0.0807593920075219 -0.0389193615196989 -0.210790688309809
0.112992509790245 -0.0374416453776334 -0.245545807262802 -0.456157307064882
0.0221550143740692 -0.198940833945433 -0.475919322642851 -0.195943829114712
-0.106619749122374 -0.148957859591317 -0.428960284767655 0.106553575098739
-0.135901003636185 -0.00312069691761502 -0.158246762820072 0.189954350382221
-0.0581237414939754 0.0679979111617854 -0.0266816502765923 0.07138732498297
0.010015619955707 0.0894022221390881 -0.0436896463469108 -0.0350670096843043
0.0430958170413392 0.0912203328626107 -0.0889077688789347 -0.0746151050745047
0.0567158405956367 0.115476711006073 -0.103078508406716 -0.138040828925481
-0.00366123163451878 0.117760849453429 -0.0220371761033406 -0.204836843809882
-0.0927837148279897 0.126730160686567 0.133580541130041 -0.29505176305497
-0.206002534655658 0.0137860967802966 0.32270579471669 -0.213577333678226
-0.163413696521836 -0.145137431490206 0.436880314913352 -0.0165159008814941
0.00687922339255279 -0.191667046262407 0.3570534476919 0.134819263947246
0.115607753891589 -0.107433410178943 0.233769755751931 0.0181298533141993
0.221687608800677 -0.101474055787044 -0.0632396337052737 -0.237836839990168
0.155780680560822 -0.165929558084072 -0.258032702996175 -0.435680773557696
-0.0252858075607157 -0.257800705196821 -0.489050169000885 -0.187910592087325
-0.196187045204029 -0.147683640315224 -0.416810546162087 0.100057107980628
-0.173170356204624 0.0632929116965264 -0.164043628429841 0.16843807474378
-0.0461149752687149 0.128813313383644 -0.0425274235295611 0.0758221560159894
0.0338194761638738 0.141115953965476 -0.038597945149348 -0.0137015277553297
0.0754905003907813 0.137269027544858 -0.0660575030428677 -0.0496987176177589
0.0853521815924023 0.154693116792473 -0.0814244389840407 -0.100313265885805
-0.00158692984421318 0.157288864504441 -0.0155242441877171 -0.159178868473646
-0.117594743211528 0.15753738244863 0.120133338148339 -0.260810195732728
-0.257646410818952 0.004331578549354 0.306760453715997 -0.200323074672501
-0.189436596045862 -0.189400652542012 0.444183789710582 -0.00822469864948205
0.0258218630968522 -0.234974443260741 0.358334829002859 0.177640299894495
0.166657643833618 -0.137227206077015 0.201241178899205 0.0632116985347768
0.146706764244275 -0.0679483541804369 -0.0827930874306089 -0.167209196069558
0.150075717515516 -0.160133976696376 -0.304916607102653 -0.398141569011431
-0.0393283822743606 -0.242606058234938 -0.5270028389711 -0.145773251801497
-0.200461561550354 -0.116862693385221 -0.439587235309125 0.149605548100134
-0.15200096351539 0.0882764244816535 -0.178537821234499 0.224799121564246
-0.0205097231759468 0.138179451209783 -0.0340230236341348 0.140720087447394
0.0539646271910237 0.133276879822564 -0.00588281021537354 0.0451990402532311
0.0873096426936637 0.118937426999516 -0.020250235660423 -0.00128963191594932
0.0930152368258246 0.138904105142752 -0.0463774060380964 -0.0502198348391324
0.00124614126607191 0.141522319848529 -0.00846379259684327 -0.118396681351378
-0.105477967607844 0.125908859920426 0.105513322496086 -0.24355150944875
-0.203419617902188 -0.0158471683641545 0.307182988144629 -0.204736505652659
-0.125922618267019 -0.14870712503739 0.465394222382848 -0.00313439033025851
0.0249363518590838 -0.145768028642068 0.354360732796502 0.230481714902825
0.0881148348167152 -0.0861429328152587 0.10709363651641 0.0886696806108186
0.254829917471258 -0.159411806954333 -0.244730586481789 -0.179803673437498
0.136262466914316 -0.269799884458352 -0.369354830951685 -0.323238536892022
-0.116757050343591 -0.279275664306657 -0.496967627966411 -0.0968190125230518
-0.259208357284987 -0.0814705384611394 -0.411280717728875 0.159209781631992
-0.156263210514918 0.137055041223332 -0.174949329339836 0.228598362075878
-0.00888441707211485 0.167486956732747 -0.035133812653414 0.175783065246688
0.0622240329739691 0.160703648509772 0.0195755271102692 0.0997980048563405
0.103477057970915 0.145536955622518 0.0177972473542999 0.0523320056998684
0.10580491396493 0.158250471051593 -0.0122441578814767 0.00471377074343798
0.00943077120690978 0.157712023429565 0.0102087065111903 -0.0651665048178111
-0.101721102056797 0.142581626027531 0.114168991479705 -0.19371412218878
-0.208590950757736 -0.00454908112917795 0.305334107486961 -0.147456612006166
-0.137051997032183 -0.14322943147939 0.44245142148535 0.0593798133886304
0.0181684020292696 -0.153739811326615 0.311437186978674 0.277717616529645
0.123405096717907 -0.103828168543926 0.0800679197428932 0.14161461177192
0.205173189070178 -0.145174639223324 -0.333565505583998 -0.120781181371914
0.0948962080551568 -0.229449717861862 -0.414319285003823 -0.227194166599605
-0.105234397094934 -0.210009551474964 -0.478064715471243 -0.0457727239792238
-0.198722538642549 -0.0465899472904977 -0.400052305738766 0.184762553317072
-0.108826265172627 0.112277683630762 -0.174882398030862 0.272657745987287
0.00258392850217829 0.130271664722504 -0.0159173215304678 0.231020152895947
0.0562426431713046 0.121415973440034 0.0580012072563258 0.151910214847559
0.0899447750363602 0.105294617857796 0.0630521910214141 0.0934093286002165
0.0785060398057202 0.0843918007504832 0.0132033656741601 0.0160978738987936
0.0155668036983606 0.074219606969142 0.00401373908934926 -0.0777883147971905
-0.0280180760893342 0.0548315040433619 0.0988834794770199 -0.242271605071816
-0.0522472230538034 0.0127619085528547 0.358726506538617 -0.214596458914717
-0.042174240107052 0.0014730219901729 0.546303114829317 0.0545038015208939
-0.0366325661782781 -3.5951442613571E-06 0.368297884342181 0.347141713593458
-0.0162773799893799 -0.0263071707885132 0.0680949424266269 0.147833423029955
0.108067935440627 -0.0830727148266524 -0.3942518498237 -0.0651748323839051
0.0548068094641325 -0.118378290956082 -0.428794816693406 -0.145837909037953
-0.0503141276366535 -0.111602674500573 -0.454526600123783 -0.00757009766442725
-0.100277335045451 -0.0276223268621996 -0.37612146563848 0.198562911371471
-0.0570065992530443 0.0557432191196549 -0.164927520747154 0.295705524921638
0.00376248726784645 0.0730791124323563 -0.00111084373412905 0.269100426108553
0.0390236151887661 0.0690729189900299 0.0854813553223978 0.202326487912181
0.0687847367726933 0.0615255519698871 0.102287416446699 0.142261150965253
0.0757073735562659 0.0796114560423971 0.0615114806606832 0.0927490940085324
0.027893841879215 0.0938394822579405 0.0521845250471729 0.00852569380945464
-0.0311550842817127 0.0981796818921316 0.129275540352168 -0.110379026030504
-0.110067097978857 0.0419246498688921 0.284499790694553 -0.0499918883100029
-0.0992393519746087 -0.0315093080782105 0.355428100132221 0.124890530167039
-0.0392328788070619 -0.0700164603783313 0.223839090972643 0.300700746109285
0.0387107343408131 -0.0652268546829508 -0.00128891786894833 0.212135613857564
0.0407181020539297 0.00613836582940925 -0.0455909731529053 -0.213812968711573
0.071198331036683 -0.0160421226581564 -0.334593268680187 -0.390855859028451
0.0421587138253956 -0.0934687860276973 -0.554648812491943 -0.0862666014693306
-0.0217684750014917 -0.10016350697176 -0.411731814350114 0.212194966769593
-0.0761940027071335 -0.0497958599809693 -0.101721415078475 0.24905281077582
-0.0651199725392187 -0.00898144471173811 0.0150639564319011 0.0728738160402625
-0.0460940249725991 0.0048455502762934 -0.0400667955709454 -0.039035041346366
-0.0315309184793175 0.00774533035851188 -0.11226184734048 -0.0750159795618025
-0.0198287308514126 0.00987514657186927 -0.13183768767482 -0.139846497546627
-0.0226743294677183 -0.00603449690675064 -0.053866180552891 -0.24075799007629
-0.0183151601820593 0.000532507860413641 0.107384387594298 -0.342908082247514
-0.0159326570436435 0.0074504300262972 0.327910522877975 -0.263853890833771
-0.0328035374232753 0.00288217281518304 0.43553931795258 -0.0538113502133773
-0.0389975843463959 -0.0104561129702299 0.349240545424577 0.0823465536889007
-0.0247084587213832 -0.00868408702533903 0.232072063757612 -0.0481134101070585
0.0972712551775775 -0.0498053941019761 -0.0422797809616323 -0.232851502097496
0.0799371248394742 -0.060622024401538 -0.293091428290135 -0.379434610396634
0.0209178298536502 -0.131849976301337 -0.490541725715298 -0.107179371790409
-0.0713389601871849 -0.113569388084893 -0.378005390907483 0.153177651514306
-0.103799006790498 -0.0186771209199445 -0.117021419952576 0.181834377681506
-0.0578180092956492 0.0306922230056527 -0.0186671872577581 0.0398259092311013
-0.0116846576290634 0.0490217451415897 -0.064003905003214 -0.0560279258572343
0.0137114322178254 0.0503740221849884 -0.124812749019826 -0.0840416778546576
0.0307795098344974 0.0618368508794325 -0.141113887939286 -0.144712085944555
-0.00279392858769563 0.0635631753259308 -0.0586159284213229 -0.22946629148124
-0.0471946558974653 0.0807054507109012 0.0924625991653918 -0.327787801669336
-0.126375202286176 0.0338676213710388 0.299197053897067 -0.262281054663246
-0.125909269458329 -0.0671344577607435 0.424785664068147 -0.0789153668778792
-0.0368384242828791 -0.121984447920085 0.371818859149138 0.059433680895185
0.0487000267911025 -0.0831671911250137 0.280499601375578 -0.0414230238471388
0.152863059639228 -0.128007002009247 -0.0745324265609469 -0.18610881463993
0.0872157827059009 -0.0659028138663075 -0.314274105554601 -0.40151455114761
-0.0271481039340806 -0.186229050705395 -0.486927833583236 -0.116349418083423
-0.133781736927068 -0.113417802258196 -0.398558148633214 0.173202686162091
-0.128172807539498 0.0259146760621926 -0.128041863216191 0.207937054584636
-0.0409256384258803 0.0744284661070784 -0.020720822392702 0.0728140818352004
0.0274350591057422 0.0828803588419327 -0.052575129875828 -0.0260632902309634
0.0553491708789326 0.0768083219731612 -0.100295569870427 -0.0521945268155085
0.0757988906082465 0.0977400043351177 -0.124492034654337 -0.114024597700405
0.01476220272295 0.114583362152093 -0.0527000993734545 -0.197272588217692
-0.0684962777394252 0.135577016038896 0.0857381402677042 -0.309878446026472
-0.202063907229907 0.0477248820174673 0.291364693557925 -0.25517822305562
-0.186184882358355 -0.117309092816905 0.429598269540073 -0.0733396810198688
-0.0297629843015411 -0.190112971441082 0.364551903865765 0.0851918350817756
0.0914943766579408 -0.126967840955575 0.222900139230815 -0.0176534244363072
0.176729251334119 -0.152613108970323 -0.103594037942162 -0.20542589117154
0.096831141467349 -0.191355916115185 -0.317113282132693 -0.375381416233136
-0.0847183390260522 -0.233447205626081 -0.496343852947952 -0.102907203214369
-0.219893230974776 -0.0918497217468343 -0.385770544328672 0.162375270527752
-0.149325632866935 0.097551223087776 -0.140062260005326 0.185968391172944
-0.0167435728635927 0.130038425314905 -0.0371789631291117 0.0800291156016497
0.0648341590447852 0.128228599631035 -0.0455042619962248 -0.00940931254527913
0.0974609416543872 0.114221600857763 -0.0761146268149569 -0.0327709677726619
0.112450807548645 0.128823592405469 -0.097806632417602 -0.0818614429438367
0.0265447972621543 0.151224030257688 -0.0399536057404981 -0.155799306682675
-0.0842173643640292 0.16985836974036 0.078079369698463 -0.276733174913509
-0.252918795319479 0.0506198728872442 0.28013116720562 -0.240637615386271
-0.220444214275564 -0.15225940561309 0.440841204493906 -0.0641108907203971
-0.0215590066676752 -0.233823936837461 0.370848026667651 0.128165857761132
0.132432655982647 -0.166402006830525 0.195553620337272 0.0297416472907674
0.118689179467771 -0.0964848572111298 -0.10764553012081 -0.140081403342348
0.098661889629343 -0.184554011768843 -0.356764477082508 -0.326631661500272
-0.0920561530121184 -0.218969393842149 -0.525505509170962 -0.0531422634024403
-0.219444792866483 -0.0647429235062573 -0.394877587607464 0.214444148732186
-0.128393768812235 0.118282691305133 -0.140807264808557 0.242244143620478
0.00833528866991201 0.137064536097876 -0.0153882257732449 0.13806591354481
0.0817861448998814 0.118393140887718 -0.00231882792489005 0.0394533538827206
0.103980039931652 0.0956281777027427 -0.0224633102700326 0.00351762721582584
0.116618952506046 0.112866022266545 -0.054781036559404 -0.0410022606163713
0.0257301002092992 0.136295751162842 -0.0257402184065259 -0.117107333345367
-0.0795267940025335 0.136960151813175 0.0669762972288063 -0.257139432032096
-0.202524249782509 0.0194295590518457 0.27862946908113 -0.24490244153357
-0.149705132251446 -0.124792665994463 0.461304681731157 -0.064251967293677
-0.00515817625667447 -0.147611506728622 0.377419468998824 0.182030017618369
0.0660078077189437 -0.100219951532321 0.111906956282432 0.0732622471431192
0.195703557287321 -0.211426714088059 -0.262440420130803 -0.107684486737306
0.0582246321720944 -0.285664406647888 -0.400873818562108 -0.238909708543442
-0.176398766371831 -0.236585739291258 -0.483179133553328 -0.0132432112837596
-0.269953151814894 -0.0139458714833149 -0.366151453569518 0.215394882981223
-0.120767650922797 0.168731007400272 -0.139367165235449 0.24517318362144
0.028255483519222 0.163506882559851 -0.00970882237082762 0.173428197737401
0.0996197136120366 0.14434047354249 0.0330661092433648 0.0853091355249354
0.129465786938044 0.116609133036979 0.0236033808376127 0.0465110751165127
0.137189486195061 0.126479321033252 -0.0116867355273946 0.0036140729726091
0.0418265491311923 0.148562767346505 0.00253072284068154 -0.0720233416125351
-0.0664403813397857 0.153191710790171 0.0858824822618084 -0.214559365623462
-0.202668128603052 0.0386196564967884 0.291490741451307 -0.19021275302585
-0.162577155040726 -0.110858701698624 0.453029397910868 0.00331851979512325
-0.0189133252385433 -0.152287413879712 0.34367888645914 0.239172408806404
0.0924018399817849 -0.127159673845547 0.0930832848341018 0.128911055560672
0.15159445335604 -0.183852758602049 -0.334828345023154 -0.0343430522462618
0.0288407282270171 -0.236593209115136 -0.42704458134115 -0.136242478591871
-0.151299470797186 -0.174331141816029 -0.458649950185927 0.034322688701532
-0.20523915707235 0.00633133912751914 -0.35127200671892 0.239383162088981
-0.0816634040039398 0.136671008191292 -0.129798650991307 0.288747389240846
0.0323381439181312 0.1290064840093 0.021071705622568 0.221527055378903
0.0850867068045117 0.108897036755067 0.0817492023771052 0.129116998021444
0.108448264859167 0.0824933390257747 0.0760204739200248 0.0763113210879414
0.093587414433168 0.0640118164366743 0.0150082096875763 0.0099374001050093
0.0296360576166236 0.0678444146458033 -0.00638829130881254 -0.0812738696644035
-0.0171838653594085 0.05542854352561 0.062746198810275 -0.255252666654419
-0.0499369057099447 0.0210000785414323 0.326459290555841 -0.261764642261368
-0.0445237897517538 0.00680140707561122 0.547624667427572 -0.0190812355704463
-0.0417365687904468 0.00268568161462414 0.409980628202452 0.297467573660847
-0.0261284752843578 -0.0248629315040543 0.087433917936861 0.139398224069378
0.0750114631665567 -0.099741974001981 -0.380420389059701 0.0262499409371283
0.0167849010870047 -0.122674854570963 -0.428806049589571 -0.0571469620524967
-0.0776865387757265 -0.0920520375630857 -0.435556790487269 0.0673969118919411
-0.107378319025207 0.00349474067200907 -0.329883981573643 0.251673723965312
-0.0434714025766976 0.0738865524103331 -0.112995191281032 0.312524753737066
0.0238316001337131 0.0751400167000438 0.046486409660446 0.256778590414926
0.0577379785500692 0.0615403312737218 0.122416979400664 0.173520051233864
0.0809428555808259 0.0452322013083467 0.126200123263965 0.112200817285007
0.0937431014985067 0.0590337310448222 0.0792719579784039 0.0701360587144305
0.0497315226063114 0.0834675182551783 0.0613980597230382 -0.0119003447847068
-0.00735559572450054 0.100251684160081 0.123071964783502 -0.138532359477226
-0.0982844289663318 0.0673456299205653 0.294043647275522 -0.0873070321478991
-0.107266333279234 -0.0108765777383961 0.380808262548348 0.0923339752624482
-0.0601729872762186 -0.0630774599053222 0.261768530725474 0.284492472232393
0.0187411964976112 -0.0749201051612154 0.0341118186039606 0.215670763811313
0.0401665062237241 0.0023707585793703 -0.059124123627258 -0.20686914575028
0.0693095514032915 -0.0197323414531214 -0.340519305548094 -0.370107458522208
0.0381871477451915 -0.0936347664053298 -0.54442231876567 -0.0662235411634165
-0.0235714024473641 -0.0991311613463271 -0.399769090688989 0.224564711897705
-0.0769960917156467 -0.0445314572399304 -0.0937820234765064 0.249522727573248
-0.0644513524280366 -0.00547869664052053 0.0132721173480307 0.0743546571933672
-0.0450733956398085 0.00718244514382112 -0.0424632625017202 -0.0314898328195764
-0.0313591087604358 0.00880878232491748 -0.111464632923482 -0.0614217657722912
-0.019019337471688 0.00947487612505697 -0.134680306191575 -0.122930581550607
-0.0229972014705995 -0.00516929119245727 -0.065509097869639 -0.227035185695302
-0.0179474237087512 0.000313571490326655 0.0853204314850698 -0.336176915686008
-0.0149027792165828 0.00544870651871996 0.303259097631685 -0.269395861177951
-0.0313685363308296 0.00336436048027821 0.419049708771283 -0.0717797108068601
-0.0380649002798943 -0.00762315181834933 0.341535719441203 0.0646524400697287
-0.0230131135803271 -0.00629838295584366 0.220029734056574 -0.0603538518387862
0.0839951173055111 -0.0582888450476345 -0.0577463570988973 -0.226180326204832
0.0691813120682713 -0.0607223110966739 -0.297955908137706 -0.362016899568051
0.0137793958640941 -0.125370224124166 -0.485415957383126 -0.092838749056157
-0.0701067122649399 -0.104649434014254 -0.371416462086401 0.163282727416465
-0.0987443108400105 -0.0142453771644283 -0.115320385192167 0.188437370971565
-0.053513293219282 0.0309590091221998 -0.0229705908241165 0.045214650948491
-0.00783571089771177 0.0458369931531759 -0.0682784366814995 -0.0450896496929081
0.0162026432636882 0.0452623877046649 -0.126435079987312 -0.0682012841391842
0.0332064777697236 0.0539411141442539 -0.146061505392214 -0.126017232569516
0.00101010131909885 0.0604787197708077 -0.0707249232814331 -0.216061629606651
-0.0398652486749497 0.0793974956892389 0.0712543226282777 -0.320867235737226
-0.119196672270432 0.0388991571264073 0.27512220734036 -0.267266096011118
-0.125175299931769 -0.0578089844731629 0.407901873340638 -0.0967149567756599
-0.0434884538734486 -0.114180886974675 0.361100936671706 0.0405604205027948
0.0405653023083432 -0.0830180243162505 0.265477275627612 -0.0586982961452532
0.124426209212731 -0.136515791903195 -0.0811410656778688 -0.177989540528978
0.0759538893529161 -0.081428171705936 -0.322447297686841 -0.377799765518417
-0.0359153734587658 -0.171168435465349 -0.483673016277404 -0.102457684346397
-0.129160373182269 -0.100386835080373 -0.388218609824562 0.184990406630462
-0.118193639516724 0.0299171551253923 -0.121311229534937 0.2112824513617
-0.0334512155540754 0.0707071201235541 -0.020826231249983 0.0751856919429866
0.0325003221669994 0.0749931507734655 -0.0543764719653816 -0.0189922179622339
0.0583180428690967 0.0674655614407486 -0.100160113008642 -0.0411038024714046
0.0786625377481847 0.0851142182155516 -0.12769716929515 -0.0990993955204696
0.0208368007694609 0.107905934456113 -0.0615253444028592 -0.185659427192479
-0.0568096180495449 0.132822829937307 0.0654825282790472 -0.303365142288523
-0.191188456812266 0.0567156466268977 0.268924402804096 -0.260561771976718
-0.185676069601969 -0.101709573087326 0.414140683706393 -0.0907456558130029
-0.0405289069126438 -0.179623522827477 0.356677452669385 0.0672609707022178
0.0776947639612905 -0.127802220431455 0.212061940601562 -0.0300638974818219
0.14656371339089 -0.160146755841507 -0.10954455399238 -0.191550516098813
0.0741570500890256 -0.184934970326851 -0.32197133787228 -0.354046548797287
-0.0940980800122413 -0.212656274234717 -0.493122568614024 -0.0867195115711661
-0.21097125287948 -0.0715798502698893 -0.374547337552664 0.177601597789445
-0.131931316290338 0.100582391559882 -0.134044694364997 0.190953406383754
-0.00476001014918887 0.122098714035373 -0.0359100008357538 0.0826617550629384
0.0730747138281713 0.115619406528836 -0.0472432892798436 -0.00347246543152805
0.102557890440705 0.0987357223102818 -0.0761051046513144 -0.0242584589583205
0.117178285661682 0.110171917481534 -0.100303005336371 -0.0702407720293376
0.0361224988734184 0.142147151940341 -0.0462469093795993 -0.146579570966935
-0.0690126151030967 0.166590312084708 0.0600693385933213 -0.271810428143595
-0.237601333246657 0.0644989598595587 0.260101190814275 -0.246902221284821
-0.219862488704056 -0.130594446805401 0.426931999174905 -0.0818825514336286
-0.0384643683898404 -0.21979141112624 0.366328522394925 0.109455787443492
0.109988756033414 -0.169129341446426 0.18789650863308 0.0180424824814226
0.103324529619302 -0.0986562761681552 -0.109500991986371 -0.129812905951018
0.0825563386453652 -0.18027094564783 -0.358677618183578 -0.303224956528576
-0.0980778579444886 -0.203607171343158 -0.51431049996847 -0.0322360013462629
-0.211143597980236 -0.0493073028219138 -0.376190518846664 0.227756599411887
-0.114168122304006 0.118941575176768 -0.127725402712584 0.242245845527793
0.0184872203669556 0.127854746670978 -0.00992987862084152 0.134465296751354
0.0870688180559162 0.106302515767294 -0.00204330922550664 0.0385650176518433
0.10620661905926 0.0830156696025157 -0.0223115652298265 0.0048730880390474
0.118700594527144 0.0961363115103799 -0.0552343903299909 -0.0355405050307232
0.0337216125700489 0.126484321291529 -0.0298796180126731 -0.111690275777186
-0.066478408645985 0.133604046086135 0.0504419313647401 -0.253209969696122
-0.191014062775538 0.0303238588258018 0.258997902159321 -0.250821974563857
-0.149444966905795 -0.107974828606404 0.447574774647008 -0.0813869443182112
-0.0169571998740771 -0.137463104131656 0.375005966721906 0.163480742614968
0.0522671518126485 -0.100188536539709 0.110939330872394 0.0674111072042098
0.162986656588833 -0.215566579249567 -0.253120527133237 -0.0826266019842559
0.0330831902856367 -0.275217573309552 -0.395847614041889 -0.211514182706837
-0.182880938531755 -0.213181996975787 -0.472276753271949 0.00772562693829119
-0.257644233674158 0.00686526048702962 -0.347786007834316 0.22842297500637
-0.101134341252835 0.168970649568327 -0.127314904300615 0.244723810660756
0.0414673005172284 0.153243962023911 -0.000375648351447865 0.168074265322128
0.109048205931416 0.129733768175346 0.037312843286077 0.0782936425801393
0.134450497769387 0.0986488674225339 0.0261317194010476 0.041329056053554
0.142081300799011 0.105246985298377 -0.0107063743277025 0.00174309397264572
0.0535381286289872 0.13578419535514 0.00124952657161151 -0.0741368989570421
-0.0480026882762147 0.148734951855364 0.0730715030019182 -0.217592182113915
-0.185958680829619 0.0554173982661382 0.279670521389044 -0.201355115684697
-0.163254706689755 -0.08675131307481 0.44760584645456 -0.012749835795666
-0.0360262010833813 -0.139522919688321 0.345792670549614 0.22405590546426
0.0703744068666985 -0.129911970611059 0.0961536025429544 0.123629195046197
0.125405626236411 -0.188086914073409 -0.317021928941673 -0.00543883620225014
0.00950860067165938 -0.227306397462847 -0.412578267203659 -0.108933352003021
-0.155313460797352 -0.156793511474086 -0.443346036572733 0.0525737716374423
-0.196922411111851 0.0210148738057087 -0.330406621330419 0.249721741570946
-0.0680904691403708 0.13693558164518 -0.113551577907271 0.285564317667526
0.0423458530226762 0.120634887833123 0.0329885355077787 0.212129191955979
0.0917082321424416 0.0982617631359436 0.0875924874877739 0.11601269690619
0.111560293105169 0.0690677746464645 0.0783609902371368 0.0650985730265989
0.0949129138337845 0.0523852121775235 0.0142026251819173 0.00570926626946508
0.0338500257301774 0.0614678581350138 -0.00818129397577703 -0.0811769065722324
-0.0103447322587009 0.0535947803927204 0.0489724057762886 -0.253159795394753
-0.0437735039419518 0.0261122182032209 0.307479912193662 -0.268083801363348
-0.0427533173675837 0.0143812628291902 0.533128293000265 -0.0396481802870517
-0.0457333052115657 0.00900881581131099 0.41078177004534 0.276730104513065
-0.0323188157605572 -0.0226722109398082 0.0925323628861949 0.134357408962971
0.0618063195384151 -0.100993449606801 -0.356389824158826 0.0575614163569878
0.00661679470637829 -0.118595234804473 -0.408570836503615 -0.0306771410883607
-0.0802706718432596 -0.0834736979962359 -0.417443926072786 0.0841093342003742
-0.103510551458239 0.0123818143456824 -0.309227849448774 0.258459447520523
-0.0360737330924505 0.0749794587924049 -0.0959602631517844 0.3069418404435
0.0293512841698952 0.0698455962620822 0.0618041030863474 0.243524731684041
0.0627255595947024 0.0557040417568511 0.132109008601684 0.153732477478616
0.0824617492251002 0.0359541445191762 0.130559170325595 0.0929848236564068
0.0966210027078324 0.0465842100966713 0.0822672531895779 0.0524276828112361
0.057005806339551 0.0750486220297423 0.0651677162970908 -0.0264245954495954
0.00482086856644692 0.0973010975393262 0.12124910081201 -0.150188254754546
-0.0863559568256709 0.0791778192816102 0.297608371770944 -0.0984369861384701
-0.10800500494056 0.00409628718840743 0.386441537385523 0.0870149582054867
-0.0712907120208011 -0.0525487084732085 0.269284380992369 0.279252578480358
0.00428810616604402 -0.0757082092771237 0.0519803732779719 0.214310346355058
0.038811195217758 -0.000197078029197047 -0.0663728219429065 -0.201117394375336
0.0674247451840561 -0.0210307640595689 -0.336888703843846 -0.359180645721939
0.0366197048566237 -0.093175164210696 -0.53589824944124 -0.0621783187220834
-0.0236952459968571 -0.0984318441942164 -0.393044485152744 0.229019649763818
-0.0770293352692513 -0.0426504309213579 -0.0909049675148283 0.25109524132845
-0.0635231230062238 -0.00384778643109044 0.010253265402421 0.0769965265891981
-0.0449490149009604 0.00752552145118793 -0.0436011254250969 -0.0244122841948631
-0.0316036899677697 0.00952499865669816 -0.109173719620515 -0.0516226677208409
-0.0192001356493841 0.00831132111234952 -0.134064580771145 -0.110218278476245
-0.02347825468276 -0.00462095619508989 -0.0699790572958172 -0.214672324609076
-0.0172066005756297 -0.000266369068272198 0.0726742581874351 -0.326941645565174
-0.0142140376501382 0.00330274274317821 0.288117834727634 -0.267588798217713
-0.0305854220414202 0.00302590177132944 0.406293306574593 -0.0782923511981782
-0.0364751342252631 -0.00581252013870647 0.332707942641681 0.0553903907015241
-0.0212859064428143 -0.00498802010895722 0.210956007087193 -0.065746920381488
0.0727385730826961 -0.0621742481946877 -0.0653343932871735 -0.219962244331391
0.0602860951194435 -0.0582994714410481 -0.294930924650322 -0.355252569767542
0.0111445906389091 -0.11856410528681 -0.479458122232984 -0.0932553487023015
-0.0664543421578537 -0.0993486297042308 -0.370346291498279 0.16786832079888
-0.0939131116379679 -0.0132808218630829 -0.117263751928117 0.192336535109657
-0.050110497425663 0.0289676620843708 -0.0283135681035179 0.0504719389840083
-0.00611110599441791 0.0421285251092269 -0.070924128604755 -0.0354090436283215
0.0168707104897885 0.0414813846395464 -0.124850452202146 -0.0564227648165968
0.0334199635120754 0.0480956889354564 -0.146336002721283 -0.111512376355565
0.00306144051748182 0.057157080402243 -0.0754807027668923 -0.204847018460088
-0.0357314029869383 0.0759861245040891 0.0593884249223329 -0.312040692757708
-0.113620399699995 0.0400794260796309 0.261064741137557 -0.263918040513405
-0.122727817940774 -0.0522254004818017 0.394025007285532 -0.101856471888101
-0.0459049688259234 -0.107371616449759 0.351373408044431 0.0310117470474872
0.035916322459549 -0.0814452764144312 0.252481551909698 -0.066554049035083
0.101166322700168 -0.138062105584095 -0.0823993109171259 -0.172753026932281
0.0592734588813327 -0.1056559213199 -0.32171567377361 -0.363794772727498
-0.0389640083265668 -0.157242989374069 -0.479502427425281 -0.0990883396938089
-0.122487987844372 -0.0905492180586782 -0.380894639758965 0.189204827995671
-0.109525620016243 0.0299672329942101 -0.119439334213142 0.212388849676148
-0.0285836564856545 0.0653443215597341 -0.0223532628340682 0.0774155500931542
0.0349274370487657 0.0678655228551269 -0.0555340521383095 -0.0130363634108765
0.0581079304585246 0.0605942700194266 -0.0981710697677234 -0.0331643606405062
0.0784294075941927 0.0747248848991613 -0.127619233407266 -0.0874154569242786
0.0242179275330312 0.101337523751862 -0.0648511472729976 -0.176225141911024
-0.0500377646861978 0.128044906979393 0.0547278174236876 -0.295573829496756
-0.181933996824519 0.0599972761409963 0.254900621903804 -0.258202401132212
-0.182184690218745 -0.0920323939510657 0.401169426122178 -0.0969948733397312
-0.0459389142829554 -0.170381799724775 0.347937786491437 0.059554591954054
0.0681441171859271 -0.126173718136189 0.20220238622876 -0.0357483605605976
0.122863686506244 -0.161367497501704 -0.110611244404908 -0.182524626701815
0.0578252744768264 -0.174959941012236 -0.31880437404019 -0.344261992242727
-0.0963592902472597 -0.195087721702226 -0.488294808060127 -0.0794944178397625
-0.200164654686628 -0.0585732897936301 -0.368348221071993 0.182330950027516
-0.118330165364463 0.0994559001615751 -0.132175363973293 0.192919629599291
0.00249498290623252 0.113913441216433 -0.0356191589860603 0.084449765438291
0.0777813641112071 0.10432398465989 -0.0482019680630194 0.000903392726326369
0.10431638428048 0.0873866325625755 -0.0751707247185806 -0.0185817526885233
0.117002246967096 0.096169833766143 -0.0997121315679413 -0.0610956400326329
0.0407025877140663 0.132629121784558 -0.0484099221627495 -0.140065812880178
-0.0579598930653369 0.160461726734483 0.0491346721963924 -0.265801645702496
-0.224024683615419 0.0711847170010141 0.247004645630317 -0.245799620616566
-0.215633868033013 -0.115287686092622 0.415638977710227 -0.0901773390622268
-0.0474302191733682 -0.206759338134908 0.359107699166994 0.100777735559539
0.0943974657875213 -0.168415649666333 0.179941401973305 0.0124498744737101
0.0914249990475141 -0.0976636381570298 -0.108014839876773 -0.124342463830961
0.071384490878856 -0.172127007613845 -0.352725797718895 -0.290638715325082
-0.0977611902653753 -0.191529896057514 -0.505067937357822 -0.0226088145686139
-0.202779681307651 -0.041329604428514 -0.363847785495418 0.233158729872318
-0.103595735010677 0.116643629667215 -0.120147759332693 0.239290927384379
0.0238515978847263 0.119838803203901 -0.0071795023829388 0.131124579992191
0.0897300375672836 0.0965983845692218 -0.0021870308629819 0.0375382989772952
0.106175350986398 0.0727294179582528 -0.0216059914161352 0.00551330259201573
0.118172307923058 0.0834305188547722 -0.0548917485180899 -0.031714615003527
0.0378653431081045 0.11831791099581 -0.0304398812808968 -0.107886729984479
-0.0576037777091391 0.128364752802532 0.0410958219215291 -0.24765309521848
-0.180254756431983 0.0348975409147299 0.246074808070135 -0.250067967474453
-0.146040867512903 -0.0965324427318882 0.437610249752715 -0.0882172202820203
-0.0236325031879983 -0.126942430848716 0.368845430188639 0.155279433103083
0.0419499357175954 -0.098166160935506 0.108879292149809 0.0654653984405681
0.138427430121054 -0.213914196109632 -0.241749894949617 -0.0678623685651567
0.0177588714079947 -0.262669681998316 -0.385000000825683 -0.197450758429844
-0.183052436425026 -0.195689500064406 -0.462390980778165 0.0164440056365358
-0.246120510136449 0.0190400035685934 -0.334388273891 0.232081984934478
-0.0876762524695755 0.165855295058296 -0.120459762671283 0.243224749746374
0.0486461707295541 0.142872410215382 0.00414992762516149 0.162545571157944
0.113751442458234 0.117685373613758 0.0383405556246483 0.0730112910320398
0.135893116502974 0.0849808163249875 0.027117732270756 0.0373118642152372
0.142400818329832 0.0889363939531877 -0.010304750697809 -0.000156247568643916
0.0598773748494745 0.12416969263808 0.00124374112063455 -0.0766246035882314
-0.0343283074864949 0.142019654290887 0.065713474972996 -0.218493423496467
-0.170484983902603 0.0645878274101638 0.272485211074054 -0.205129585723076
-0.159969960111319 -0.069147523241389 0.443325981848904 -0.020277506089322
-0.0465539278958053 -0.125432026973718 0.343617320723146 0.218018818018792
0.0535582700335683 -0.129590963825359 0.096770636317781 0.121627476121295
0.105719814827862 -0.18699772258705 -0.298813840988092 0.0108297598489273
-0.00325298823207059 -0.21748862549589 -0.395980907233427 -0.0945229004990896
-0.155282670532083 -0.144123380629396 -0.431644286654074 0.0590623539671455
-0.189041538661483 0.0303702961215316 -0.317397700512658 0.251618332740112
-0.0592805372595328 0.135130264891255 -0.104934320335295 0.280831475771853
0.0477475383635991 0.112861398825734 0.0387528071447294 0.202781344442895
0.095639170653114 0.0894906034305781 0.0898745897596661 0.106156881540963
0.112385268032629 0.0591411628123198 0.0783950910930087 0.0561208196986746
0.0936693155151401 0.0431653942632316 0.0135408586641428 0.00200007519857487
0.0367232724548496 0.0557069559616051 -0.00808366541662719 -0.0822857795058867
-0.00519920747255611 0.0507533837082393 0.0424699207213553 -0.250043984856283
-0.0374626565728786 0.0290776049460646 0.296984236331554 -0.268075398732722
-0.0413450679071395 0.0206112669273932 0.522332922437723 -0.0455068720719284
-0.0494786528702106 0.0149053407573546 0.40545326732371 0.266012429643246
-0.0377576431816577 -0.0210117916033051 0.0947614660671731 0.1323645956619
0.0518075619238583 -0.0992771091941217 -0.333494458396269 0.0743705602540922
-0.000242095197865617 -0.114025832940528 -0.387977382096824 -0.0183810932229348
-0.0813793439039919 -0.0776644605205594 -0.403289581205524 0.0888201692145938
-0.0997553267664622 0.018183636722604 -0.296806826735268 0.258614358977727
-0.031434718692579 0.074613196840945 -0.0874050054899518 0.301433097489307
0.0333106479640722 0.0653550635554938 0.0693305534813663 0.231732105619291
0.0645331143278464 0.0506965248066817 0.136377145320907 0.138741364744408
0.081927572552661 0.029502381578019 0.130970732653363 0.0781612914674039
0.0965749563670326 0.0373510267163985 0.0826597360688588 0.0388943885077732
0.0618995227006255 0.0679182495712989 0.0673846240175428 -0.0390711965766096
0.0136559706332282 0.0934600522696015 0.121614498187552 -0.159522489697416
-0.0755014176128653 0.0856767816954422 0.302903609338144 -0.104490343033916
-0.107206153192735 0.0154962238713031 0.392180011839066 0.0893003502094492
-0.0785344787823516 -0.0432923449673669 0.270334947346905 0.280510081306488
-0.00708564571947222 -0.074897272199854 0.0638349266497567 0.213116815244967
0.0387132398403853 -0.00224681947570659 -0.0722049381001031 -0.200240368217696
0.0671962411228752 -0.021709753061294 -0.334179379778972 -0.360112650062314
0.0364448658257 -0.094091312498624 -0.536207345626885 -0.0650685155877353
-0.0235247020522361 -0.100465761712987 -0.395054371157534 0.231209043537194
-0.077855151066167 -0.0420385230625925 -0.0929087297788243 0.255951468413414
-0.0639052665790049 -0.00268046353760279 0.00743276704563058 0.081887101133982
-0.045441458616259 0.00885797411149976 -0.0443210704999267 -0.0182979054050617
-0.031612974235269 0.00990837526100584 -0.107559866604645 -0.0442019790883682
-0.0196690288104307 0.00731051480428875 -0.133595557116525 -0.102298258437257
-0.024154867790635 -0.0047779766665904 -0.0720104410859794 -0.208667321156327
-0.0171271821094517 -0.00119578079121542 0.0675064268091833 -0.322839665803998
-0.0141777887630624 0.00104425355922308 0.281138804039993 -0.265627927854907
-0.0299319387818608 0.00265669301382638 0.40198862190965 -0.0792701161800147
-0.0351116805335305 -0.00382284289451724 0.328948249189355 0.0521806543075754
-0.0195562997829079 -0.00399034114339538 0.205904428931241 -0.0691074400621194
0.0635684612578463 -0.0635786034673772 -0.0719483638934562 -0.218257599607077
0.0551275269777209 -0.0543966658580641 -0.293048597800687 -0.358331590754571
0.00979134666895242 -0.113794091737311 -0.481420052592826 -0.0987256913737344
-0.0630263322398455 -0.0977015723693038 -0.375843059234173 0.170748764155988
-0.0912878646857275 -0.0134072706330576 -0.121978668420508 0.198761360037804
-0.048685349603477 0.0268479465585692 -0.0321597305143526 0.058182810267928
-0.00479123416533449 0.0388094417532079 -0.0729965128144485 -0.0275402321364984
0.0173889874056186 0.0380637361569365 -0.124374939095385 -0.0478010925100779
0.032875339124353 0.0430105920812631 -0.147265403723656 -0.101948313480287
0.00342294913812449 0.0544469625515966 -0.077879675161091 -0.197650704237871
-0.0330149756447078 0.0740500970130893 0.0543161339238774 -0.308431160038022
-0.110671816581518 0.0407353815694205 0.255354833383401 -0.26218941931846
-0.121884268462048 -0.049852162691931 0.39069011174313 -0.104064473213547
-0.0466361761115584 -0.104002561174402 0.345725679488887 0.0268739188114327
0.0328775660972066 -0.0811323989100023 0.245596414885294 -0.0727525874871101
0.0834180872519846 -0.138473628653004 -0.0832194765208387 -0.174458725333355
0.039763531510026 -0.122054604894873 -0.320046051994355 -0.361238951311724
-0.0397579734101722 -0.147228587685797 -0.483321476881039 -0.104080961604457
-0.116955919782488 -0.0855208596640128 -0.382240949547721 0.191767142322218
-0.103874885915763 0.0279039174187837 -0.120674245827445 0.217331679820396
-0.0259106611034444 0.0616732219531684 -0.0249446790220871 0.0808591872695865
0.0363211545957627 0.0626075342560941 -0.0572755420161515 -0.00816985230638061
0.0589319192924359 0.054804531792098 -0.0975669795504234 -0.0280355262069648
0.0774746007892963 0.0675975239343758 -0.127371469843751 -0.0786673873913086
0.0255267044614813 0.0978964627920542 -0.0664928672589952 -0.170978193406808
-0.0458317293738554 0.125029699630289 0.0487004372989441 -0.292148493853085
-0.177215738030814 0.0616513679024432 0.250111981101124 -0.256863774904056
-0.180783415875414 -0.0871669153376963 0.396933881384353 -0.0998855270135293
-0.0480355601061805 -0.164034578316635 0.343738344549779 0.0556371308305364
0.0628679066956877 -0.125647974860586 0.19723971401979 -0.0392420890509304
0.106107163685596 -0.162380128931196 -0.110918519290399 -0.17928046208321
0.0466240664303316 -0.166119236514688 -0.316720937076584 -0.345661032103248
-0.0967899346534334 -0.182557778921237 -0.492120429517348 -0.080858433121071
-0.191362029935011 -0.0506989248200858 -0.368290036773699 0.186292446701004
-0.109313958542737 0.0969186763745674 -0.132827745223577 0.198244182824898
0.00726704263610692 0.107304982341704 -0.0366925434216001 0.0873390953684255
0.0812021477895253 0.0960824535109059 -0.0500110882282544 0.00464970092871103
0.106021346142822 0.0785136407738172 -0.0742426794187487 -0.0139405785626528
0.116601257369599 0.0855964252163637 -0.0999548904388641 -0.0544990548546279
0.043785241643198 0.126072385694278 -0.0492080162438495 -0.136997401244292
-0.051595519415022 0.155990997382085 0.0434520392586989 -0.264142830806592
-0.215551737438372 0.0748678521762626 0.243341240846505 -0.246347207573762
-0.213500290070438 -0.106189452537356 0.413159985456666 -0.0925881286830526
-0.0521636682268543 -0.197848291023632 0.355823967502709 0.0992755815288271
0.0832640062228616 -0.168059391985184 0.175647323505745 0.0102179511647276
0.084029944855762 -0.0973025286440892 -0.106571300220751 -0.123504096216016
0.0656754471860225 -0.165336689854528 -0.34894391607703 -0.290436556021681
-0.0975690194232003 -0.184154365727403 -0.504196108221714 -0.0207324168867641
-0.196241713552917 -0.0366458247427243 -0.359175125953878 0.236887900242816
-0.097640580995391 0.114073118751921 -0.117991391577986 0.240551058863105
0.0265273408162831 0.113971393571186 -0.00665173005118571 0.129002330011918
0.0916187336350517 0.0903574491859551 -0.00258003777602315 0.0366904224357895
0.106824684825214 0.0650440960826508 -0.0217147539242205 0.00613314369389608
0.116939276698502 0.0745149629211384 -0.054836429451548 -0.0292251664366443
0.0397950985513836 0.112598447255646 -0.0303101042069294 -0.107298587090764
-0.0523148669675319 0.124046053881512 0.0364728396082867 -0.246515056742532
-0.172919355760236 0.0384966979867173 0.243007332224043 -0.250480736806893
-0.143936994203449 -0.088661840418487 0.436158911911758 -0.0905938776542413
-0.0270632010108074 -0.11955682068662 0.367132033884798 0.154274103137904
0.0344098709029815 -0.0974844263005704 0.107901083166152 0.0662881359720685
0.122098837086647 -0.213757024873936 -0.233142947476604 -0.0607342119007094
0.0071997480581599 -0.253982115017395 -0.377873779083279 -0.193682372583096
-0.183296223656601 -0.184817318089789 -0.460809871710339 0.0184281842283571
-0.238304232151039 0.027161092003809 -0.329427019044597 0.236003292844687
-0.0783852238537566 0.163738997278704 -0.118250034359456 0.244522142216174
0.0540354413989824 0.135981487238847 0.00715992682444236 0.159417656155128
0.118657349883109 0.108816222363211 0.0388081001732471 0.0696290744906105
0.137874897254514 0.0753782436757431 0.0275869328344609 0.0338323419792744
0.142777193958674 0.0764029774685073 -0.0108154173882496 -0.00134119785853658
0.0645202397293862 0.115517021774174 0.00172814209313213 -0.0798951066049534
-0.0244234252969708 0.136381033706984 0.0620734878686438 -0.221917492759734
-0.158891234771616 0.0712011642341583 0.273064427471069 -0.20925745202209
-0.157605639004785 -0.0554588450089301 0.447481740269804 -0.02255557093844
-0.0546164936032155 -0.114937748505539 0.344023483463107 0.219795790973263
0.0399396002219406 -0.129642444979219 0.0983286622801021 0.123570173794365
0.0924535584129562 -0.186037549976969 -0.286386777144608 0.0199398261284563
-0.0113460742816318 -0.211020944495436 -0.385831771306588 -0.0898192288658835
-0.155265540734118 -0.137195952710194 -0.427870347003573 0.0615638025804371
-0.184289857957291 0.0366793053188329 -0.310662282351531 0.253821671278693
-0.0529842164578735 0.134192169486778 -0.101408198349485 0.279960066432441
0.051756823109746 0.108123408650717 0.0426696527827352 0.196646937339235
0.0989650722353374 0.0835549314216897 0.0908861891389937 0.0987773320636938
0.113177508827337 0.0523468168441489 0.0786995778585339 0.0499788778530779
0.0931568816134754 0.0371067286377929 0.0129428699783264 -0.000793715756347025
0.0388434719335852 0.0514374299497294 -0.00793824716721122 -0.0854874170629051
-0.000470463088588798 0.0485084799430625 0.0400908518652395 -0.250962546976652
-0.0326470744654743 0.0315962343381738 0.295883655669443 -0.268615443696026
-0.0409097708218487 0.0272222880904606 0.52256678095719 -0.0454692953317182
-0.0527532456339551 0.0204432011072518 0.404100706547602 0.266731245032682
-0.0432255012563261 -0.0203831046557559 0.097261832942532 0.134691262965076
0.0447696201806908 -0.0990445464746486 -0.318364468285468 0.0850521784144998
-0.00492729226331883 -0.111334309583718 -0.375568590162873 -0.0137010492269629
-0.0821849899052791 -0.0741805803197995 -0.398234751877259 0.0895653492202592
-0.0971721636627271 0.0226384000954115 -0.29177835776671 0.259779372633792
-0.028218859020735 0.075142185838195 -0.0840378161745795 0.298979311661414
0.0359086999001998 0.0625056985411378 0.0739413187324506 0.223132104546205
0.0672822706562927 0.0474236245977149 0.140234299537998 0.127757859788658
0.082416176833123 0.0252875877875437 0.131604300822286 0.0672063992978312
0.0968914908926349 0.0304584622537766 0.0816056328446706 0.0279044624058066
0.0652106309848999 0.0620591929283737 0.0690265498539262 -0.051530713827508
0.0207433868634073 0.0913920523699398 0.12474462290488 -0.170018837476988
-0.0671195082701202 0.0913300818216573 0.31373002066915 -0.108546161820826
-0.107405542973343 0.0254899490524468 0.403738083538853 0.0954477507897482
-0.0845102364916833 -0.0351371982370493 0.273277207641229 0.287962297422669
-0.0168586052040064 -0.0743835504503119 0.0736111413338792 0.21538555602035
0.0390259986622972 -0.00376086645284605 -0.0801952387970787 -0.203658081805673
0.0690442300324379 -0.022445361581243 -0.342636702929316 -0.368733027675667
0.0376566412790283 -0.0965799155424061 -0.549920198303679 -0.0671385037010647
-0.0243428188021171 -0.104595588441075 -0.404313001708057 0.241686906216328
-0.0811395284616105 -0.0417299293462953 -0.0944946077201516 0.26710497319901
-0.0654394697540424 -0.00220062832105014 0.00516247089470258 0.0886415558076456
-0.0461455821183163 0.00979382371840301 -0.046814838997746 -0.0128671049313065
-0.0327448533521382 0.0102987199371629 -0.108575560860123 -0.0380036186957888
-0.020787020111626 0.00640768491318682 -0.136370668523573 -0.095528737071441
-0.0256877181986587 -0.0050667076451854 -0.0769821868118287 -0.20663526783695
-0.0179448882723041 -0.00215336639463422 0.0620323332986699 -0.326802885474831
-0.0148865660601415 -0.00126632977083799 0.27992460650106 -0.271821915428349
-0.0301035373871056 0.00183976882958832 0.405111173209643 -0.0858771349809311
-0.034284687038123 -0.00280621714776194 0.332239633908452 0.0495384183573415
-0.017614673994484 -0.00360650781113179 0.206748269361187 -0.0751135015278867
0.0555205562858094 -0.0656647490097994 -0.0795944162173752 -0.222249519512585
0.0512583927729522 -0.0510673092387461 -0.301341506338095 -0.369064234769575
0.0094201419024776 -0.111356836886422 -0.496669398503999 -0.104272344600639
-0.0612488752581355 -0.0973928195145381 -0.388941940855211 0.178635829845355
-0.0906872769559412 -0.0144670068020365 -0.127504277179723 0.210764346448115
-0.0487635582114729 0.0258156194644967 -0.0356878571625718 0.0676640651250984
-0.00436721412242101 0.0367724702428319 -0.0761316516678226 -0.0194360202930861
0.0181793292188798 0.0355728860454631 -0.126107437125184 -0.0400354260811112
0.0325122071708564 0.0400198537450113 -0.150792766892943 -0.0934485221120336
0.00462913948842846 0.0528871737950955 -0.0827984490919127 -0.195149271561528
-0.0311574846576628 0.0738895580461088 0.0479781365658634 -0.311887379876721
-0.110116017373614 0.0414754587368109 0.255389090064767 -0.268271253773566
-0.123528393692902 -0.0476810777813147 0.392611777449351 -0.109884637179097
-0.0479924596858916 -0.101461754770783 0.34855990014848 0.0222272198635384
0.0310721390429997 -0.0824124397521973 0.244076258552134 -0.0808061129185324
0.067594693402406 -0.127214808315219 -0.0853982760204806 -0.179728306882113
0.0305461380185345 -0.114920513115152 -0.326930029835975 -0.37016575546503
-0.0408855396658673 -0.14043805771792 -0.499219373693622 -0.108269678309332
-0.113537316697605 -0.0829839564484903 -0.392344159286338 0.202376822603879
-0.100587428546527 0.0273011931765119 -0.122919332028735 0.227538250650616
-0.024012575806992 0.0584569843748738 -0.0266448919414143 0.0864207183179334
0.0376757545150871 0.0584198727447286 -0.0593712779095014 -0.00246335877990332
0.0609719658387361 0.0505659874574204 -0.0995592361609912 -0.0230437470362016
0.0784527353536624 0.0621222188657874 -0.129783991078799 -0.0721297207566855
0.0277148384070883 0.0957991956772567 -0.0698604839246993 -0.169565792543764
-0.043227750073901 0.124916924793781 0.0423755238422288 -0.295085252048713
-0.17604437294442 0.0654791682265863 0.249605491172661 -0.262672270926588
-0.18339531012727 -0.0831160458144207 0.40221777855991 -0.106797681145777
-0.0516520915348002 -0.162097239546643 0.34802119059169 0.0528169019113585
0.0579442398774597 -0.128961953393956 0.196384455878786 -0.0437424110874384
0.0911633487646805 -0.16531048977901 -0.114221954169584 -0.180878856483518
0.0370267107251901 -0.160366082807604 -0.324129365931702 -0.353904158046565
-0.0992102094600658 -0.174502606034986 -0.505908154278387 -0.0821859906253335
-0.187710527200522 -0.0431923530462913 -0.375322227102342 0.196989058341463
-0.103177649918446 0.0970595745077911 -0.13499715228241 0.208576159083503
0.0119202337954056 0.102882801712463 -0.0381093330995058 0.0921502721010355
0.0860856309313309 0.0892955565869183 -0.0518899330093969 0.00952987078862616
0.109646037499585 0.0706647647271617 -0.0753968397929253 -0.010246146515422
0.118586957999928 0.0779002014058811 -0.102154256537506 -0.0490144925345087
0.047517574472846 0.123073426058504 -0.0517127510770629 -0.13700333477932
-0.0460952929696611 0.155198781486091 0.0377820597365562 -0.267856096349128
-0.212863136739214 0.0807447749195933 0.244228762775927 -0.252376133831582
-0.215705955684639 -0.0989723572973301 0.419743254925913 -0.101011954637672
-0.0583900518246122 -0.193265283727742 0.361580589752902 0.0981843281094262
0.0740671269159764 -0.171906806427666 0.175411684541881 0.00715426724390742
0.0780869292673848 -0.100686936808497 -0.108867135884037 -0.124914746224847
0.060356643294079 -0.163554310732277 -0.356469031293386 -0.294776277576506
-0.100161877885545 -0.179940326979133 -0.514940747598139 -0.0169993395631412
-0.195361571074622 -0.031897769635652 -0.361110527304954 0.247346651844799
-0.0936833170456359 0.115002046267027 -0.11609663595617 0.24746431941134
0.0314669365145957 0.111291670166315 -0.00578841560830764 0.129583272924923
0.095786228345703 0.084898799938996 -0.00347279671452482 0.0378637866071929
0.109975500270406 0.0594727243472529 -0.0220766850597572 0.0066583278607332
0.117915151124361 0.0667183521270063 -0.0555253009577616 -0.0270622668371363
0.0432859066428751 0.109227996460117 -0.0315211707579616 -0.108359030940688
-0.0477225616705398 0.123348323555212 0.0310669670310288 -0.250150760416346
-0.170459343119045 0.0426291595575124 0.243791978941066 -0.25775826959615
-0.144814229350406 -0.0828249021661581 0.444114529290916 -0.0974570258696424
-0.0308841277541044 -0.114584917944001 0.374882089671241 0.155841289231744
0.0274360187643346 -0.0990259325153557 0.110100858112909 0.0684272853383305
0.108216299277706 -0.216575660978212 -0.230642859036577 -0.0548745491160698
-0.0024271077324014 -0.249690536662359 -0.382345645908495 -0.194270800189569
-0.187413805620899 -0.177394023842265 -0.469535830268003 0.0247601910391128
-0.235318138501977 0.0369262817322525 -0.329442902060365 0.246241729352595
-0.0715296694803283 0.165528601030986 -0.116375216745884 0.251428204122266
0.0602159905592508 0.132756564490095 0.0106344099917935 0.159397358381471
0.1253884620601 0.102760630918093 0.041028829406307 0.0674256055563534
0.142556527687071 0.0656956115570751 0.028526614567221 0.0305374478330959
0.145502246047909 0.0658910958825677 -0.0109807957270528 -0.00311026048144514
0.0700990333397242 0.108947759340766 0.00106121233035711 -0.0860766183283551
-0.0155084020161869 0.13362261086438 0.0581271441934456 -0.229905586163627
-0.150734670778164 0.0792774272387011 0.279870665809291 -0.219348943547319
-0.158178003012181 -0.0425440406806936 0.461791652272987 -0.0278497979395761
-0.0625954976036348 -0.106293032030494 0.353728804246849 0.22452878978346
0.0265395600332808 -0.132658218001352 0.102547753826172 0.128090657335317
0.0807582603625999 -0.188431394886045 -0.28117702917044 0.0295232280284836
-0.0196673828943755 -0.207970649432081 -0.385530872104774 -0.0874053216262654
-0.160314096843901 -0.131625035063102 -0.432410555470311 0.0668892716666335
-0.182334879022952 0.0444604123128301 -0.309905979345558 0.263386296587417
-0.0484918956005779 0.137549508083678 -0.0982881582626996 0.285525907526235
0.0567576957664037 0.106008699606886 0.0468477762412383 0.195364934720374
0.104602428052853 0.0790585850289239 0.094918062677809 0.0937492453229212
0.116941394189653 0.0460122219108576 0.0805685445453644 0.0437181901840764
0.0943952312026188 0.0309515663992663 0.0127688718632373 -0.00362609362605571
0.0422965322625815 0.0483172823535448 -0.00813456122432564 -0.0909556456120344
0.00388007037260477 0.0469160475392586 0.0371216487560508 -0.25763403753909
-0.0283937388130361 0.0352708665356037 0.301505754010968 -0.277746721840184
-0.040627835005 0.0343197518126984 0.535576708966648 -0.0492080044054979
-0.0561964780704589 0.0271072769722212 0.412828689972283 0.272831150793963
-0.0504755692794799 -0.0197667765164525 0.103355391209078 0.1391091678622
0.0389681059465624 -0.100455708533286 -0.310313115007906 0.0972767235073116
-0.00942113097251641 -0.109712621908193 -0.371380626680451 -0.00913095469543871
-0.0856616228593571 -0.0715123050520024 -0.401770618958676 0.0945010006900618
-0.0965477101273281 0.0275300105585062 -0.291660503652612 0.268295477340087
-0.0257407858833676 0.0779875418406935 -0.0802061021076513 0.30484345446896
0.0392506570543521 0.0609694216717294 0.0808593029049016 0.220410141226556
0.0709864362973592 0.0445671599381922 0.146431058989376 0.118760751674686
0.0847091179817317 0.0208727510092284 0.134315892146853 0.0572673387095184
0.098119980308592 0.0242760479619076 0.0822926014117512 0.018301073427532
0.0698463016637229 0.0580315503048036 0.0706213231618903 -0.065287159737474
0.0283130650028289 0.090749178527371 0.12811770966944 -0.183943667895697
-0.0603486587714223 0.0988812621124213 0.330491815399398 -0.118375956665717
-0.109318104383397 0.037051118567829 0.425483558217653 0.099702346615535
-0.0909335629156983 -0.0273436548923973 0.284462646104237 0.300914405665684
-0.0272386941961948 -0.0754075674363319 0.0859013857754107 0.222547887950187
0.0354367773375347 -0.00949818342837116 -0.0999883425807947 -0.201500192874933
0.0588045769048118 -0.026893890132436 -0.37692158406184 -0.351841535737677
0.0224425081154958 -0.0966850561841377 -0.560846547948426 -0.0254433023136579
-0.0411041615441157 -0.0972571012644124 -0.388494397333433 0.281739805024264
-0.0854732563618115 -0.0275710659249085 -0.0722442303951981 0.280559453326776
-0.0661802166241915 0.00588933253524276 0.010970846343381 0.09315421673552
-0.0474086231638487 0.0164680817212921 -0.0461199277578444 -0.00607551915457967
-0.0334707030737115 0.0140407816011517 -0.113442535256701 -0.0234805649685284
-0.0214725426405986 0.00870355546588913 -0.149363568085847 -0.0807303453892206
-0.0259301092496361 -0.00185830894618717 -0.0987322383031863 -0.205459230827505
-0.0149400835262271 0.000934642596990958 0.0326886935887991 -0.344724277735985
-0.0134478909142206 0.00484748327365083 0.268695996280633 -0.309698970054351
-0.0308473852353598 0.0114394217696967 0.416939323458388 -0.125544399552984
-0.0372803546158866 0.00643165866850346 0.352819858899014 0.0235621862922837
-0.0163454619511281 0.000770905903208916 0.208075835468193 -0.0944732987341429
0.0362852914256257 -0.0701413770961857 -0.0967783449564859 -0.218196496179184
0.0335108828201477 -0.0496101292860863 -0.332744845448936 -0.358004099478862
-0.00726652677976363 -0.103662223061309 -0.510802622808059 -0.0727970941526256
-0.0733854945558793 -0.0830319271371352 -0.378313893134609 0.211918109745635
-0.0901163960144932 -0.00110040293273442 -0.114567155385078 0.229296663674702
-0.0458917083914271 0.0299549705975255 -0.0335551188390098 0.0782164703744656
-0.000981464260132586 0.0358462674103565 -0.0812106595994315 -0.00733217432685569
0.0195762256482787 0.0320010873178466 -0.131235912249996 -0.0222438881831114
0.035479036429602 0.0335566516430162 -0.163859827214446 -0.0760454218552144
0.0117279833752074 0.0519499311176583 -0.10509049746599 -0.193995694089588
-0.0180029798381773 0.0766547023335681 0.0176937842274277 -0.329144099106554
-0.102960169734484 0.0608498199360397 0.245133231669468 -0.306213118886972
-0.130519598045026 -0.0273090921559986 0.406671648440795 -0.1489404518983
-0.0621887127405134 -0.0924577253584536 0.364950357587821 0.000148852190268252
0.0242134223201952 -0.0854118971766792 0.239176297999457 -0.101744545609195
0.0371048824904598 -0.121253750952215 -0.0916049274613269 -0.177107418916343
0.00279516800210125 -0.105367690396857 -0.354977441810285 -0.357084541138581
-0.0613676149435199 -0.12272312499807 -0.512145691310926 -0.0756535264358996
-0.121523082084676 -0.0594064699726989 -0.377438662301085 0.231290116268801
-0.0935219190666274 0.0406908863116678 -0.109048869701573 0.241671997454198
-0.0160744325302031 0.0585254464191273 -0.0247174417854147 0.0926765120843388
0.0458265836686012 0.049817097355343 -0.0654035680783511 0.00730372225816267
0.064102523717275 0.0409555847189569 -0.102224658872146 -0.00875991391160432
0.0840523600297316 0.0490646078735135 -0.140453521532163 -0.0569901236490295
0.0402806092648914 0.0914716219327058 -0.0896287259270845 -0.1700715526097
-0.024043154884203 0.128834798888747 0.0134973037604433 -0.312989662353422
-0.165730271426694 0.0927482997556497 0.241153493095846 -0.302871426830187
-0.194070315957469 -0.055120323250581 0.420723993980918 -0.14642227201726
-0.0733414601856831 -0.153599090154797 0.36595064284269 0.0357110020563588
0.045211888424466 -0.137032017414393 0.190494280404396 -0.0560877069413707
0.053650780791074 -0.172768123186456 -0.117132152289462 -0.170648738692193
0.00427281791966166 -0.152444530632441 -0.349947048455526 -0.340708793838335
-0.122842734163951 -0.147366935732418 -0.512843670486187 -0.0494018214797843
-0.187996877493919 -0.00784324351522026 -0.360284278719243 0.221005283232872
-0.0856470653387598 0.109316023186601 -0.127136790675028 0.223333107335571
0.0250781279135201 0.0983396647230224 -0.0369499886125852 0.100779784284496
0.099751940405152 0.0726396526017663 -0.060787036171194 0.0192788019080419
0.116014418394779 0.0540660895721459 -0.0780022786705713 0.00223176096408471
0.126768904485242 0.057524084927938 -0.109511499666205 -0.0369375998051113
0.0637285344006817 0.114584354167885 -0.0684656917432029 -0.139478867675455
-0.022787016742366 0.157771462514689 0.0104315128043196 -0.284983979128866
-0.197781821580112 0.113696110751917 0.23715144378483 -0.294391453345374
-0.227330113646602 -0.0640501543800235 0.442241727231918 -0.14275643257219
-0.0853234550204663 -0.181290948169769 0.384897994732451 0.0842114620704785
0.0524971337544252 -0.183110626891306 0.169674215897892 0.0011308212648442
0.0576786868203121 -0.110037435329528 -0.11324288460045 -0.115562846499956
0.0296677858433365 -0.161822617419599 -0.3756461423008 -0.273081506816563
-0.124045944042077 -0.157082273557815 -0.510302578748143 0.0191084779524845
-0.196308157840165 0.00274565856284317 -0.337608603993381 0.267400533366226
-0.0754042717811442 0.128086910320324 -0.103384108534651 0.257310026517284
0.0457442501501444 0.105957217904495 -0.00116950504702761 0.132694984080141
0.109814196174764 0.0690054555326299 -0.00969752118514831 0.0394158399129259
0.115249575824055 0.0443073509231561 -0.0221867376449239 0.0106308529210887
0.124783830590976 0.0477118825357047 -0.0598847540841779 -0.0212447559418179
0.0574403684219792 0.101809868563372 -0.0446260266606451 -0.11257795726513
-0.0276841501733277 0.126599145741718 0.00513050218256367 -0.266637745325098
-0.159696748122798 0.0697637874801539 0.237424975382901 -0.298213654689667
-0.153986476496221 -0.0549635706830019 0.465372676646649 -0.140756229088214
-0.0502729057417932 -0.103157962402196 0.406511997151126 0.14008975265177
0.0113458894819012 -0.103731309687065 0.114793976996489 0.0699380913645675
0.0664574126166331 -0.22461074578988 -0.21842625637126 -0.0283549948527161
-0.0438068825422283 -0.236109092954637 -0.386443302879795 -0.169939831156932
-0.211327687000904 -0.139621565258498 -0.4590792222999 0.0503454729157302
-0.225597473780657 0.0799414217571224 -0.309761808124755 0.258396119681017
-0.046113313603766 0.17644532894283 -0.106409668903722 0.263872983958594
0.0790517075908581 0.123881582597073 0.0177857115895469 0.161374253669389
0.143945976852793 0.0806179391773284 0.0360045084218401 0.0635897983447076
0.149339871727798 0.0452812206108149 0.0322693879757401 0.028139041260397
0.151625844921358 0.0404411486551051 -0.0119611203495472 -0.00406925006834577
0.0856611719464883 0.0958595180948445 -0.0098204727347949 -0.0962382968639736
0.00824902986122191 0.131147798082829 0.0352243303189408 -0.252245594255287
-0.131394109600562 0.107789849029418 0.279843068101178 -0.264657734266819
-0.162991663004235 -0.00689290990433728 0.496075484851421 -0.0713583689535013
-0.0863942968739748 -0.088420096400814 0.394832327068953 0.218866037191927
0.00195742828229978 -0.138531424600813 0.112415675539594 0.134412509638815
0.0472937349472685 -0.190289637442167 -0.262551151678269 0.0604682039078057
-0.0527063240208471 -0.193710594965254 -0.380769065620942 -0.0610998138058899
-0.179763125468663 -0.101074537554368 -0.41979877909338 0.0926154106551038
-0.174168474928748 0.0794744563598283 -0.289771391622437 0.278224235869408
-0.0267695493070022 0.147903253307672 -0.0830015244547864 0.296753230514398
0.0729398570672384 0.0989540623634015 0.0595800748558585 0.192261757837795
0.120304971869947 0.0626295825177774 0.0960570436607666 0.0821354158216893
0.122644088320866 0.0294463055085227 0.0853696864701454 0.0332711975253927
0.098099522126397 0.0157879686520128 0.0116023848186891 -0.00875134199630056
0.049802308762629 0.0409455870251433 -0.0187983321356914 -0.0999063886904984
0.0156009160419321 0.0454383537066824 0.0137032076706044 -0.275829790653915
-0.0169479801705434 0.0472824110938957 0.295391248411189 -0.322039991311728
-0.0377874522427476 0.0559197646618615 0.56098187466063 -0.100072368670467
-0.0662750102585754 0.0453157322166485 0.463589019167039 0.256256333450432
-0.0641467362461064 -0.0139882782059836 0.122598830261977 0.143578270724774
0.0214846993179471 -0.0998542214302574 -0.2912552449367 0.128690279496118
-0.0285095205358889 -0.0992884354669114 -0.364022092378593 0.0170492422983563
-0.0971349988460586 -0.0526759379289547 -0.39099990300399 0.120963175457211
-0.09212532558549 0.0501024102249636 -0.271288356090379 0.288326719416471
-0.0120778809205266 0.0871203555384238 -0.0579619618411725 0.315296820734481
0.0511666366800128 0.0564689232355517 0.0980364681523227 0.21337415135841
0.08220235070238 0.0343549947647201 0.154548066896945 0.0986204481892625
0.0877958542363912 0.00926294905813929 0.140934732975509 0.0379669340374353
0.1013498724403 0.00768686349419012 0.0848474741581951 0.00211542064067513
0.0791201223548624 0.0472111366158315 0.0649612960486571 -0.0872402602578478
0.0459420060388169 0.0875846717680685 0.117241156218368 -0.214885230116371
-0.0428292826395709 0.118017673176737 0.348980733439278 -0.164259675646845
-0.110734696074409 0.0654797447420057 0.473032552943495 0.0688017754604942
-0.107388918100191 -0.00917359155083027 0.334869808123438 0.307445747309072
-0.0471125825673777 -0.073863825851054 0.114349655778897 0.2331676070384
0.0359046570895307 -0.0128013106049013 -0.118942421336151 -0.19826324132997
0.0599448556297156 -0.0307030565959032 -0.40349006049481 -0.340357084740192
0.017830866415283 -0.100696410457206 -0.575419261725326 0.00159001830560202
-0.0482719772856748 -0.0980595325739333 -0.379428515044006 0.311616739265647
-0.0893691781677198 -0.0215589880280241 -0.0571041515259158 0.29344484427258
-0.066960323669839 0.0104225312854636 0.0149072500946545 0.099843573432852
-0.0473721175866093 0.0203754619309912 -0.046449689148542 0.0024997583886644
-0.0343605791468394 0.0170087168386889 -0.113228287586997 -0.0121333485409539
-0.0232147600085205 0.00957267230236981 -0.154529664479509 -0.0659606436411733
-0.0276521325929374 -0.000381886564503228 -0.112668598355456 -0.197678849898815
-0.0156419893649397 0.000829353502852938 0.00995409110752715 -0.348366770425547
-0.0142548784929136 0.0034772209476338 0.252045717235989 -0.328177095871352
-0.0304134502707731 0.0123353087479567 0.412615937332471 -0.152560227311338
-0.0350454329577261 0.00924466558762631 0.356884784346076 0.00273540598118098
-0.0144089609212559 0.00157949888836223 0.203978869419897 -0.111963606514327
0.0270985312467699 -0.0715276331857256 -0.11703142084103 -0.217141510541459
0.0300694401648637 -0.0476285197448865 -0.360668331876531 -0.35085963079104
-0.0112903128755395 -0.101326410537583 -0.530312486428237 -0.0506570855466556
-0.0752313838403731 -0.0802129845758018 -0.377386168452154 0.237674415899394
-0.090182658695567 0.00306463367788962 -0.104029277535184 0.246427351172897
-0.0446350745594112 0.0313177751676733 -0.0307891620429862 0.0897608863803305
0.000684617794672453 0.0333889996877201 -0.0814847144357247 0.00591913382960891
0.020478519369161 0.0287507345202332 -0.132121378906307 -0.00775204354457424
0.0355242987373103 0.0288721156796789 -0.168945950662662 -0.0593922921651951
0.0139341934346105 0.050279971803291 -0.118427355284502 -0.185832709955063
-0.0134310224582501 0.0765134236146392 -0.00381144370793269 -0.332425505079324
-0.0994131133888043 0.0665558974040685 0.22855094274427 -0.323807182291645
-0.132847970540918 -0.0191179095820615 0.402826904344554 -0.176614192720111
-0.0670714436332219 -0.0881161533669337 0.36554233994328 -0.022113034535172
0.0178850624896816 -0.0880626454891063 0.231533152294264 -0.121344400997661
0.0198881276606067 -0.122625465363621 -0.105114142668914 -0.175805086161566
-0.00608341075381561 -0.0957527503971966 -0.380259343639775 -0.348975134581262
-0.0663561445781922 -0.113297785865836 -0.533535395438276 -0.0514241635803483
-0.11980373328787 -0.0515118133326172 -0.372040712766405 0.258379133231442
-0.088755694340901 0.0437334035647558 -0.0962006875482105 0.256369066468182
-0.0121546194318635 0.0561491886042383 -0.0207141749655392 0.101050893731527
0.048016077616425 0.0431129382063923 -0.0642155333072849 0.0160011181593426
0.0654221661095822 0.0336195125094383 -0.10251670475298 0.00145065102355812
0.0853068594588036 0.0405537752707078 -0.143646611006895 -0.0429354382330519
0.0459436333072162 0.0874929268833598 -0.101195499354981 -0.163963919945257
-0.0149082561722193 0.129017580782926 -0.00833620745133005 -0.314470508618131
-0.160109719087188 0.104091358190536 0.225972259580656 -0.320327750974797
-0.198831250431715 -0.0414019779632202 0.416779828503431 -0.174607470156162
-0.082035195872085 -0.147688781640409 0.370698068102914 0.015188585040357
0.0331907472090027 -0.14133580066953 0.186059259351147 -0.0699601533254279
0.0319404677085109 -0.172836755336307 -0.129410399875263 -0.166650880180339
-0.0081906933013256 -0.14364972015565 -0.376509708698488 -0.331798016244459
-0.129264067099852 -0.132869402293369 -0.529107840424228 -0.0220341928782251
-0.181464460147556 0.0056944414494513 -0.354809931433924 0.247782407692082
-0.0744447838567339 0.111599661410009 -0.11428159648479 0.239552463453418
0.0336075870044289 0.0916666740032036 -0.032080620933591 0.107723985980627
0.106064881981664 0.0598936280176608 -0.0595904606105353 0.0266049877893333
0.1194295251949 0.0409834180520133 -0.077797513119669 0.00953619188488652
0.128353851036958 0.043795488423348 -0.110966819139618 -0.0260830051881985
0.071820955402292 0.107428961049593 -0.0782323120264129 -0.135728690971779
-0.0103297721852504 0.156154784313337 -0.00986668321397 -0.287349784697236
-0.187149221305096 0.127623537439806 0.222639805005902 -0.313042623182921
-0.230793141843191 -0.0456918040568929 0.439469732652886 -0.174570425885833
-0.0973452316540248 -0.17259293431907 0.394125051579005 0.0641874936825307
0.0332945148652475 -0.187475121223785 0.169371447649593 -0.00936032850819752
0.0456947004764321 -0.112365119259405 -0.120927206389485 -0.111291474609018
0.019300799535 -0.159575571352387 -0.397659655778815 -0.259018733531922
-0.132941879777299 -0.146933197166721 -0.518696465375664 0.0493905940730367
-0.193425205259209 0.0158219414419747 -0.323846780872527 0.292650190027179
-0.0643263103444079 0.131993490105527 -0.0862973347230654 0.268050074272627
0.0541475569090702 0.099358276068281 0.00587989378864706 0.133686875687979
0.115860091521013 0.0576131525844381 -0.00727231358806388 0.040366602897849
0.118031597821043 0.0324051804708426 -0.0221193925644537 0.0127711654341951
0.126577208084524 0.0348725956716787 -0.0613114306887278 -0.0162749833758874
0.0644626221492654 0.0949928019611187 -0.0518115893781586 -0.112371137467211
-0.0179414648972847 0.125294252324055 -0.0136894467073269 -0.268965797462128
-0.151393922196366 0.0799592885365623 0.223591596260039 -0.317475613188385
-0.155195687418001 -0.0405607562547001 0.465398589017964 -0.172792783011444
-0.0568756909698516 -0.0957255996037952 0.420805539189016 0.121402177755246
-0.00190063585753469 -0.104274219370369 0.121418792833672 0.0654732801627775
0.0438225010478401 -0.226530181000631 -0.216257238503233 -0.0143337580902019
-0.0620393150557464 -0.227579615360502 -0.399693364874548 -0.15236576635191
-0.221036155658042 -0.122219957718917 -0.462227585981137 0.0785329913656701
-0.216594100188284 0.0980899266254683 -0.295337564483724 0.28143088458208
-0.0306076920614762 0.179327933484472 -0.0896559142271305 0.274821453344654
0.0896492002800597 0.114556566934259 0.0282838606257575 0.159878852876797
0.152102056275797 0.0655590957656378 0.0402861402999875 0.0583259187239575
0.152971922803345 0.0287458997782741 0.0335453231837681 0.0236140856329656
0.152997753160318 0.0230073480927782 -0.0127067734241205 -0.0048017484779685
0.0935490759106828 0.0837835317825228 -0.0183670530667408 -0.10102074359675
0.021582595651155 0.12541459795119 0.0159163741809172 -0.260309948669889
-0.115008050161387 0.118508105506892 0.270348839221561 -0.290931350692196
-0.160348800712887 0.0143490411836401 0.50512654938217 -0.106337828163787
-0.0952339480388283 -0.0748159843579847 0.416181561264852 0.203421034034399
-0.0194663859876524 -0.137945587157068 0.125192620295883 0.132205353958571
0.0285022198266542 -0.191302489738062 -0.253301852622215 0.0790655400164515
-0.0674539692073011 -0.186504507616241 -0.384315839055257 -0.0410430453115488
-0.186375400711898 -0.0864446248857196 -0.418557553825953 0.118269095440757
-0.167167009692073 0.0942915149398613 -0.273288516333255 0.297710837096547
-0.0144190140632519 0.150499263425579 -0.0635497459370705 0.304592248767595
0.0811566986374988 0.0926523729387262 0.0719669270346083 0.187629895676123
0.12754370462401 0.0516686797694168 0.101946417785806 0.0715288132897471
0.125436364257633 0.0174514288473377 0.0875000418255998 0.02347881648101
0.0984828992309141 0.00533821388023105 0.0100397171670904 -0.0116336614260042
0.0539346181279071 0.0341236329310029 -0.0256776619234516 -0.103999149985085
0.0221657590123396 0.0416925497617159 -0.00342925660067503 -0.283591927239395
-0.00873770528237595 0.0508133023034664 0.283751286940795 -0.346697239672682
-0.0321600144352526 0.0660368699627181 0.569131435384841 -0.133647602754543
-0.0661355393507934 0.0558382921740192 0.486192304858824 0.238520829280495
-0.0726074403100322 -0.00796366904284019 0.137663577890161 0.141505527419877
0.0117871938965557 -0.101106542247259 -0.276350027299561 0.151821883116609
-0.0365621436511857 -0.0955969055829828 -0.360724357455435 0.0374660472677022
-0.102272194424737 -0.0442890838019944 -0.386609539640544 0.145819013342752
-0.0873521903136797 0.0594429956208376 -0.253497731783135 0.307209530267274
-0.00411825748779049 0.0900712150812903 -0.0381569465536874 0.320968638263104
0.056390715498687 0.0525275466838542 0.112529320713294 0.204195070570146
0.0870909618656892 0.0265964553554321 0.161962908276263 0.0818322831877717
0.0892591464703242 0.00113144667855696 0.142958056237885 0.0211040862258539
0.102086168914596 -0.00303467186731113 0.0827444413728894 -0.0110095745178811
0.0846154825506856 0.0387061593647844 0.0573752691367853 -0.10291461231514
0.0567381988581692 0.0821167713270506 0.106894653005851 -0.235715208300598
-0.0290963787537571 0.125906013889972 0.354603047648555 -0.195418442775681
-0.106179495540182 0.0818757627102038 0.497379625429388 0.0446992638074739
-0.111665335492437 0.00363527938777853 0.36264119232371 0.300133855651276
-0.061458467223932 -0.0697626015134571 0.139392556418321 0.231222690941844
0.0350333223922677 -0.0162189757087967 -0.134283173289077 -0.189580577289052
0.0593492187731273 -0.0340650729678345 -0.419756765059967 -0.315177478951537
0.0123685766035161 -0.101624779718647 -0.574243495114954 0.0326613081376422
-0.0546381544817946 -0.0955034154451055 -0.359553182951994 0.332336925356475
-0.0902603919433104 -0.014761548045283 -0.0385535690870351 0.298048357647466
-0.0658496069150152 0.0156968153617919 0.021438212218376 0.104627862181459
-0.0458077700321745 0.024007948594859 -0.0431593331670988 0.0105122464479972
-0.0337305764527481 0.0199633608106878 -0.109038232751217 0.000213733722664772
-0.0239212543347469 0.0108381487321667 -0.15385300784038 -0.0492696805371889
-0.0284281186094053 0.000941993289574252 -0.123011166286068 -0.183784580730407
-0.0163258329449085 0.00044533594583719 -0.0143895824470559 -0.34081142607721
-0.01565205922003 0.00249153883108017 0.226142334577197 -0.336981580043364
-0.0296025576935511 0.0138303539098635 0.395755492234769 -0.17662086397943
-0.0312498718103648 0.0106814241277658 0.34880410962158 -0.0197139595463464
-0.0116152469361193 0.00247912213907671 0.191478851784249 -0.126086274496192
0.0165880626490702 -0.0707012448434218 -0.133317200249885 -0.206545795440567
0.0265125544100744 -0.0442668981368773 -0.38056730561641 -0.329985300814664
-0.0148510356402234 -0.0958766564363724 -0.532814302589672 -0.0225725699927386
-0.0756948298959204 -0.0752063532957499 -0.364710126049904 0.259822590808302
-0.0860669299627569 0.00675158505551532 -0.087948139923971 0.256599928033014
-0.0419933584336906 0.0317015337541846 -0.0249976098806712 0.0977652387312407
0.0018250623580775 0.0302528492015866 -0.0773579240525579 0.0174363655395595
0.0205441064912379 0.0251986137476414 -0.127587293557939 0.00658423058474315
0.0346789016385387 0.0238649153723712 -0.167156031655655 -0.0399667299414757
0.0159366837541253 0.0465438973813948 -0.128622257347971 -0.171229867421028
-0.0082178155745154 0.0740537571998264 -0.0271603605368433 -0.32411407640925
-0.0927389453166139 0.0707754473822669 0.203798997673164 -0.331124106276193
-0.13140765928072 -0.00937504957561063 0.384704177545582 -0.198758721735631
-0.069385705050577 -0.0809430423415482 0.354653151506805 -0.044408156564982
0.0110835855097556 -0.0872076013620312 0.216184769498935 -0.138331254986303
0.00290613078156452 -0.118432013645407 -0.117002288437098 -0.167915163996513
-0.01355953749748 -0.0843168104110423 -0.39450659584857 -0.327095538292126
-0.0687941130930533 -0.0999674646824472 -0.53630184989867 -0.0209310103009855
-0.113800331121116 -0.0428247770594361 -0.354085750224464 0.279634081281469
-0.0805683722176689 0.0456326263967678 -0.0777143013920828 0.263472476455784
-0.00873368495119194 0.0514575579264271 -0.0137212778244328 0.105391951927338
0.049107557655195 0.0345011040289289 -0.0613035873192071 0.0239589589645297
0.0647526722124419 0.0255817150343284 -0.0992175420697734 0.0121092735453986
0.0836020897715784 0.0301083245492656 -0.14134084187018 -0.027430307150462
0.0501956961707011 0.0807949463971749 -0.109675510793985 -0.151936066288109
-0.00542283637169945 0.125168944971809 -0.0303293597821393 -0.306401064704013
-0.148515944836125 0.111709244957934 0.2007615237932 -0.32897440673079
-0.19595982578965 -0.0260758325171716 0.39788684334451 -0.200549210946792
-0.0888360649353976 -0.138108426991432 0.362877990334678 -0.00722622028910095
0.0197953825015356 -0.139760845767295 0.175566856518975 -0.0829497933696917
0.0102924699826848 -0.16719480040452 -0.138785636229265 -0.157641458116597
-0.0196867058578169 -0.132243678085951 -0.393814561280173 -0.309132414561659
-0.131934231237654 -0.114295844968094 -0.52876518179849 0.00924296140604179
-0.168427493284337 0.0183120178688078 -0.33601883144247 0.268771425603554
-0.0603245748709979 0.110364108298049 -0.0957490106539557 0.247378648841616
0.0395215807505582 0.0823208906503372 -0.0239721777477027 0.111383724382148
0.10718658324462 0.0445309881368474 -0.0556266188782068 0.0334065032635834
0.118194632390246 0.0251183440544941 -0.0744997646352067 0.0173721438358604
0.125620909201508 0.0289519463154109 -0.108808527377259 -0.0137467559272919
0.0771444410060137 0.0962231325957262 -0.0854540775373982 -0.126904550782432
0.00135609772815662 0.149536323693547 -0.0303725505850109 -0.280038142633706
-0.170487127155657 0.137055683216572 0.198527996351109 -0.322338403029722
-0.225623481397005 -0.0254027750667105 0.421452890105359 -0.201963788889042
-0.106512153243773 -0.158637613958905 0.390384594853634 0.0406539166108539
0.0121565131333146 -0.183997415941547 0.163607757273097 -0.019970248171728
0.0322113590430336 -0.11197636175636 -0.126720673857092 -0.104028583294622
0.00838625554228692 -0.152668818257261 -0.409815607204416 -0.234622420946944
-0.137365599404694 -0.13074471456884 -0.510416904669262 0.0803089350353429
-0.183400891651484 0.0289200700202302 -0.298953957213219 0.308684388184661
-0.0512190501094981 0.131105764940367 -0.0671449292945523 0.268785036787618
0.0605221059066574 0.0897125525080252 0.0139442248383505 0.130408021110449
0.117035679879368 0.0430396568463749 -0.00474098318856706 0.0400496109513295
0.11596024009141 0.0195501034511589 -0.0216128609172921 0.0140197870775528
0.123581567473957 0.0207409094826302 -0.0600152320904264 -0.0103533220783363
0.0689167862999495 0.0846445307429764 -0.0594297594506161 -0.107454178880065
-0.00813799425728278 0.119439862015793 -0.0329345004943921 -0.262675527118832
-0.138927354486218 0.0886231288138811 0.199955730442757 -0.32800027401219
-0.150424132693299 -0.0246918061337627 0.448908711194608 -0.201391178312781
-0.0618323230950068 -0.0848765817553455 0.422296428311392 0.0963676322341482
-0.0164161933876053 -0.0995567041439032 0.124281630469373 0.0583857659266804
0.0193487758839637 -0.221630131036363 -0.208850162988255 -0.000306383292449058
-0.076543698570439 -0.212965998888115 -0.402358363722357 -0.127557531578943
-0.2218611920133 -0.0997589859346877 -0.449805455138368 0.107030162384362
-0.199078936068521 0.112989566025624 -0.270049945575947 0.294840181105768
-0.013134031191907 0.175062166270229 -0.0678463685555126 0.276099378497396
0.0965219653907815 0.102335104358725 0.0381304176317712 0.153133872563706
0.154405718060812 0.0467793405817881 0.0433387792848203 0.0520272453338166
0.150552287519557 0.0107357452667587 0.0336713155797484 0.0183374208380075
0.1484429014668 0.00516341925685669 -0.0129690237577734 -0.00493739418392887
0.0970694491198617 0.0691901352761618 -0.0270032420818568 -0.101877670424806
0.0336423070907136 0.114421104439154 -0.0042715019979302 -0.259060583430538
-0.0952694253739695 0.123923178596041 0.250559950636714 -0.309037467723491
-0.150224196042549 0.0344213595570657 0.495847891911074 -0.139573830500277
-0.100097470891699 -0.059267098632413 0.426073936552541 0.179204847728557
-0.0398509988390603 -0.130085250658936 0.134771428143352 0.124393457007136
0.00899236422715567 -0.187165858272875 -0.236999233332534 0.0956063647987806
-0.0805708276012261 -0.174147145742425 -0.37705702858736 -0.019162839061049
-0.187825173833382 -0.0682260115477301 -0.401949769959769 0.142541655234691
-0.153413485550067 0.107134013799178 -0.245621168202263 0.308367667616949
-0.000640098947425959 0.148344603694001 -0.0418385400699604 0.301823284703808
0.0872972667142751 0.0820968099947518 0.0834061867896439 0.175775606610109
0.130045574965376 0.036646999396067 0.103761931893019 0.0579008343234013
0.123663096063534 0.00369547512208824 0.0856704855879145 0.0126504759480448
0.0951814142812388 -0.00550332410242341 0.00727213609930002 -0.0146295958992592
0.0553523153662141 0.0263613064858734 -0.033650823363305 -0.10481421205078
0.028060425788455 0.0357910899853656 -0.0227977906347018 -0.280943712167173
7.11389997317523E-05 0.0519403201443562 0.261237543071463 -0.362833295915023
-0.0242800626050545 0.0745363203512498 0.556921680334841 -0.167413411494365
-0.0628607014693681 0.0643864861227966 0.495849566400227 0.210157334827875
-0.0785294765294805 -0.000738592117645954 0.148569401967421 0.132073267509434
0.000887118050615573 -0.0996805740142885 -0.251512667254567 0.169718530733525
-0.0424111406591423 -0.0891181678021549 -0.345389616186603 0.0569563704109205
-0.103807234107261 -0.0334588117664705 -0.368039985143807 0.166373821012007
-0.0796254990637316 0.0669375902664405 -0.227555446549778 0.315861371208956
0.00452445506054275 0.0895695959119438 -0.0156730382816102 0.315879599622633
0.0596080716680857 0.0459247925335022 0.123458900521137 0.18808904256634
0.088705428033153 0.0170720894704069 0.162422962472399 0.0608915838421386
0.0879489026859961 -0.00757973465626768 0.138397927840726 0.00499328861034878
0.0987410107175639 -0.0139438405899764 0.0763511461907607 -0.0229245758848351
0.0870691379354045 0.0277633862492961 0.0449532864188902 -0.114570392019763
0.0657508333768086 0.0737337982816644 0.0893351605334711 -0.247905859036169
-0.0130894828029805 0.128222717337707 0.346857715399803 -0.223277128453437
-0.0969549646141473 0.0961088627468983 0.505384868739626 0.0137971636727264
-0.111485096956523 0.0163852444488507 0.381366061532923 0.282321307327177
-0.0729765556125379 -0.0611365500545639 0.1611548978467 0.219286069278342
0.0342740272247561 -0.0192701349374106 -0.142557532532225 -0.178314271879816
0.0580777069310193 -0.0366777986855882 -0.420762053150207 -0.292838817410597
0.00831571310086653 -0.100563994364036 -0.55871108482906 0.0485475246099418
-0.0571606728472393 -0.0924693067129023 -0.33672982121206 0.339935128131042
-0.0870347849260984 -0.00984029548597673 -0.0252782031979644 0.293028669693025
-0.063684868400863 0.0193011144912791 0.0268070327184956 0.106288311147108
-0.0441143222040934 0.0256974644241293 -0.0387110060902336 0.0162008071894726
-0.0327256031991955 0.0219805833068155 -0.10205351851938 0.00812810011884132
-0.0248857323589973 0.0123157697173389 -0.147065079494719 -0.0356120047660196
-0.0290596636700345 0.00250162935932579 -0.126142446668532 -0.16791289960599
-0.016656135430312 0.000402975851370434 -0.0306893824927756 -0.325304082910771
-0.0171002418512684 0.00154450500056659 0.203203376178418 -0.332441743637936
-0.0278529661917266 0.0134217906675452 0.372439859158609 -0.187719040175142
-0.027138399850041 0.0102690994442309 0.333177106222234 -0.0332055467690064
-0.00859804130967879 0.00215452947486248 0.176240028444595 -0.133417625747924
0.00757240192840736 -0.0689981253357897 -0.142832150205091 -0.194263309440859
0.0239901730593413 -0.0402387955810991 -0.383327787128711 -0.310106431374591
-0.0160462692638551 -0.0891479645873986 -0.522781712710331 -0.00691433804523335
-0.0719129982124635 -0.0703139034147329 -0.347814662908694 0.268601612363832
-0.081105210137924 0.00793704113595391 -0.0753544939666668 0.257628905504778
-0.0395269466128022 0.0305286828995525 -0.0181142024360917 0.103039056971221
0.00114700507801186 0.0267010109723902 -0.0708109436921444 0.0251674771073485
0.0192043367478266 0.0215988650732769 -0.11915382754681 0.0156437659769583
0.0315473709814854 0.0203433971159264 -0.158910026961465 -0.0249032002938798
0.0159332649095618 0.0431900722416299 -0.1304997662014 -0.155827569632454
-0.0054698964932539 0.0696003366771125 -0.0423096224672346 -0.308701081542314
-0.0865548216929775 0.0711166785844191 0.182388664326841 -0.326728483550045
-0.126640847793357 -0.00296705839609715 0.360037642940959 -0.208198063863945
-0.0686743528477062 -0.0749529469826871 0.337773790660301 -0.056268793887452
0.00567952699183789 -0.0848371117228251 0.197839229267545 -0.14614980659227
-0.00927214658746435 -0.108933686629587 -0.122167626871826 -0.157668742178603
-0.0180098829616918 -0.0729440434413071 -0.391151350297695 -0.30790888575336
-0.0663047987272162 -0.0874157610408879 -0.525744433977215 -0.00342446797002578
-0.105046440470828 -0.0361250600433351 -0.333754288291592 0.287530545517437
-0.0725724848261488 0.0440400543154543 -0.0638204282018822 0.261299149196619
-0.0062802645390655 0.0465214471450655 -0.0080472963822436 0.106739976311776
0.0465170899641051 0.0265637041257827 -0.0561454986449021 0.0292998108339398
0.06146070904319 0.018438159397548 -0.0924854200883041 0.0181566143429985
0.0779916926158395 0.0223697479190598 -0.133511823700893 -0.0150496308971847
0.0507915569693506 0.0732945237360393 -0.112317279105146 -0.139294090131465
0.000342736480449574 0.118049934211701 -0.0437893359176805 -0.291250712638934
-0.136976591681086 0.1134537761393 0.179284364093747 -0.324473311751902
-0.188291884485823 -0.0151099295659055 0.373846644012069 -0.211038418282275
-0.0902501160167444 -0.127445398487823 0.34823977851403 -0.0204106928975248
0.00899128018518033 -0.135214302651169 0.162467221034854 -0.0883413616978161
-0.00682746266760062 -0.157670813836576 -0.141854454974647 -0.147833097659398
-0.0262275127905139 -0.119064025374712 -0.396370638655073 -0.287715507726924
-0.126963339684906 -0.0973566416664933 -0.515324498079491 0.02778115968605
-0.153019907265908 0.0255705674200835 -0.315185129042191 0.275012200642649
-0.0487679642594074 0.103873673000572 -0.0799364357660525 0.245547777565776
0.0424209104357641 0.0716036332205228 -0.0176437122429424 0.11080647712218
0.103559489325939 0.0307598773128944 -0.0506251889121716 0.0369371814773433
0.112612590148459 0.0135246132994045 -0.0696047723937874 0.0217466023265289
0.118293298169956 0.0174074228089554 -0.102439998047943 -0.00485492090623232
0.0773707707132323 0.0852981831766229 -0.0882315652824192 -0.117231177788396
0.00930396791703989 0.13964626786152 -0.0432322606800923 -0.266011279059111
-0.153479450340593 0.139089219509169 0.178396972351464 -0.320237890874824
-0.214554795060059 -0.0105702590310266 0.397749156242284 -0.214268067722272
-0.108185634838504 -0.143577523573391 0.378183641885028 0.0252179379026485
-0.00362037153633963 -0.175608679324369 0.154558107110063 -0.0265300275144352
0.020878480146249 -0.1094983060745 -0.127073342689286 -0.0969393803366134
0.00144953863517885 -0.143150788729226 -0.407175122289636 -0.21347817483296
-0.135265786415931 -0.116298455872204 -0.490016795630693 0.0970618442359513
-0.169490092740738 0.0355314145461646 -0.273949521207628 0.308525124200982
-0.0406513129630566 0.124974209938104 -0.0516828833858194 0.261749393486711
0.0625134500818458 0.0795385656994934 0.0188602867031948 0.124517996081058
0.114055344361777 0.0308063397509117 -0.00309553063415724 0.038042651191229
0.111151531978767 0.00913321528132115 -0.0203170164499854 0.0138777416517829
0.116044026037232 0.0098376627257879 -0.0567202132791229 -0.00536525547179248
0.0693379099238273 0.0746401851992975 -0.0624407131981497 -0.101237142608066
-0.00107269882751391 0.111145216531225 -0.0448461652371395 -0.251037986680357
-0.124614237714831 0.0904748577256799 0.179093352001057 -0.326375350660178
-0.141222436021997 -0.012828267285781 0.424770755548843 -0.216456283973977
-0.062448933100825 -0.0752692126624606 0.413350756014397 0.0800146068212798
-0.0264551621332435 -0.09284129870315 0.122920271280849 0.0517838348518954
0.000107490234816666 -0.212123445517051 -0.197366515381499 0.00873439358368429
-0.0839171327947059 -0.195982018796621 -0.392375318920621 -0.109270328683871
-0.21537343411307 -0.0805344182958112 -0.428404249881788 0.121860387159612
-0.180175345988002 0.119407682104201 -0.24518929483285 0.293862164461432
-0.00131953208250428 0.166327028158003 -0.051634000315554 0.268279026903599
0.098610176159913 0.0891469766154991 0.0427536791954214 0.143801104130658
0.149978489508222 0.0314524387428934 0.0438528988921728 0.0448523056848834
0.144014628259142 -0.00284382835853766 0.0319618852319396 0.0136182580363786
0.139164757304802 -0.00832480907040627 -0.0129758124795747 -0.00479275659939786
0.0958960300311829 0.0556516921299892 -0.0333476591254372 -0.0999328495364655
0.0408992165690797 0.102194450299388 -0.01752841240354 -0.252182220906418
-0.0761301393764397 0.125273992546915 0.231183507462384 -0.314322677660222
-0.136451404931089 0.0486433568926122 0.476439124575516 -0.159658892500578
-0.100095233466472 -0.0446817312149328 0.422028142149291 0.161379398026016
-0.054796372114821 -0.119830602140155 0.13751898030504 0.116700626352647
-0.00567183661815344 -0.178696243817133 -0.216975616718679 0.103228875501554
-0.0860303510866596 -0.160519000501926 -0.360784404505112 -0.00544932277023739
-0.182798594836285 -0.0527407654673939 -0.379201703938046 0.153880065420996
-0.138726682233393 0.112705298689797 -0.220785809035486 0.303904585214334
0.00943382226213007 0.142588665663535 -0.0258894483605051 0.291408159296938
0.0890181639780475 0.0729934563341871 0.086649696288874 0.161882818749832
0.127406611670994 0.0242341205426231 0.100644120928465 0.0456907836940863
0.118580050766418 -0.00691540087881757 0.080658873614716 0.00386155857436626
0.0887581465107335 -0.0131206681243926 0.00476615098895851 -0.0157640221507221
0.0540368672698262 0.0191315016036187 -0.0395796965849689 -0.103422120764465
0.0306645072124843 0.0297660219326073 -0.0355234500800622 -0.273297560069352
0.00775860341433107 0.051057689057917 0.240118288699621 -0.364805736284972
-0.0164602531757469 0.0801494631147413 0.536382983832364 -0.185210381756206
-0.0593695742812522 0.0697656384113759 0.489157618960395 0.191282362762886
-0.0821800015518468 0.00539104865712161 0.152609794467037 0.122985414929218
-0.00767163460606668 -0.0958142480564533 -0.225828442436875 0.175751764344705
-0.0457983282423655 -0.0820177523967275 -0.325728138533536 0.0664535328001925
-0.101727174079916 -0.024240293363963 -0.345098419625404 0.173674709497187
-0.0709635076472626 0.0708550462394019 -0.204499557533478 0.310074960262741
0.0109007188094912 0.0870886401886061 -0.000729151458084099 0.302842520937056
0.0601133773217913 0.0405587220123414 0.126673446578582 0.171850287312965
0.0875141241364626 0.00902084081568539 0.156858056237494 0.0431905346258116
0.0842239261364122 -0.0140389316156158 0.129915142542614 -0.00822801530329475
0.0930072894443087 -0.0218097443533265 0.0677799989538858 -0.0309065928555026
0.0856196117056695 0.0183885276587025 0.0328992457706551 -0.12067522238509
0.0703539893817044 0.0647426698803709 0.0753634947729556 -0.252055171402193
0.00018302459413279 0.126295721659026 0.333879900603523 -0.239033349289863
-0.0865723969424111 0.105008674386303 0.499702745673437 -0.00802178402838877
-0.108372012773967 0.0253139465089295 0.384365470271638 0.266129355644382
-0.0799695180141251 -0.0518463326333104 0.173787282789935 0.204961253568932
0.0335769011848909 -0.0215030659779508 -0.146387044702606 -0.171391268147779
0.0581032012983393 -0.038537354757001 -0.41535306304233 -0.283903780231651
0.00721286335003311 -0.099648364859483 -0.549726819078113 0.0504546778167971
-0.0578915447341157 -0.0910697033412803 -0.327641020773822 0.335861096563842
-0.0848909590374212 -0.0084204481331664 -0.0200827334032192 0.290146988536384
-0.0619250515767638 0.020763603940233 0.0298538908786554 0.108522395906486
-0.0431247037367406 0.0263082637743529 -0.0353028403286296 0.0199849022389697
-0.0315520067648357 0.0234073821950169 -0.0956382433475784 0.0128639147045347
-0.0254823342277303 0.0128550539477852 -0.139313239034295 -0.0268245892773992
-0.0299570450951025 0.00323695590488766 -0.124061482917632 -0.157371589065004
-0.0169579998075739 -0.000322438170410897 -0.0368397169565853 -0.312834599888939
-0.0185476982797804 0.00103514474254637 0.190354683158994 -0.325104933566651
-0.0267685427210784 0.0131554870470835 0.356451593843668 -0.187146889479635
-0.0236288557373878 0.00950892820298796 0.320885372935559 -0.0365432233978271
-0.00624463150678245 0.000996080417700586 0.165215308472188 -0.135005374617512
0.0020126241835366 -0.0667436455943627 -0.146526474778593 -0.187294538535628
0.0229082729482784 -0.0364162306011285 -0.379576740068094 -0.301584730310804
-0.014526731068382 -0.0840082485001267 -0.516699380107585 -0.00420272526616821
-0.0675855516818812 -0.0693742586951022 -0.340485733399905 0.268873111132339
-0.0761830504653128 0.00672708487931192 -0.0690156658581377 0.256872408115081
-0.0379827883393387 0.0287738825867766 -0.0140519475640613 0.106950209329363
-0.000520770049926375 0.0232800871367613 -0.0658871117908752 0.0303832408472525
0.0178467303876227 0.0191783696510481 -0.11179770229929 0.0215057383774726
0.0285244473056556 0.0176887790505481 -0.150827726142104 -0.0159961849623812
0.0147841699837332 0.0403600117161588 -0.128657615361027 -0.145233080857619
-0.00404830135961537 0.0657690191791826 -0.0475694149939997 -0.295506530679944
-0.0827406906835662 0.0693984714590285 0.17131005057668 -0.318934085330976
-0.121846038483065 0.00010202070898082 0.344012633713693 -0.208568316697867
-0.06571407359415 -0.0715777158012459 0.323537723513491 -0.0595221609925647
0.00328509359733547 -0.0824661028200246 0.185319782896838 -0.148100988417657
-0.0141391857347328 -0.0925601912919247 -0.123390874438245 -0.151977661523824
-0.0178368217621736 -0.0628614077451026 -0.385316554398355 -0.302891712188767
-0.0611189505797325 -0.0781124933075524 -0.517503413613978 -0.000286510149583656
-0.0959455950010325 -0.0345721926654106 -0.324347623447182 0.286083309971194
-0.0666239178329926 0.0403135687278261 -0.0574581886527687 0.257847422567612
-0.00597594584350688 0.0414899692698479 -0.00461641057293104 0.10720025591061
0.0436277948797368 0.0207061476401201 -0.0527050758769417 0.0318256704744268
0.0585781318875791 0.01340073062486 -0.0867929269736569 0.0217528023018142
0.0738776509493216 0.0179530019232492 -0.12639091851849 -0.00844565783000204
0.0491563646374208 0.0678859147498641 -0.1105301419175 -0.130519510675392
0.00224709738791239 0.111675972532057 -0.0481529242548791 -0.279237768514968
-0.128929682417242 0.112051846185129 0.16883445864511 -0.317800360174613
-0.180848616464231 -0.0101405119655776 0.357178598319699 -0.212098426065676
-0.0879295115695702 -0.121702202501523 0.33638828327835 -0.0232877870758621
0.00318748827930542 -0.130568985289468 0.152967285235774 -0.0902439142551434
-0.0177259710760857 -0.148667910059282 -0.14114195504438 -0.143459273495061
-0.0287599843837794 -0.107733203484288 -0.391922259265914 -0.279494000402137
-0.1196474647548 -0.0853254522406042 -0.505448876902534 0.0323042940525341
-0.139104239312908 0.0269112546554168 -0.304168395096873 0.273136301552796
-0.041790091851902 0.0968954796407619 -0.0724505721108264 0.241963527755874
0.0420663785200599 0.0639189543803734 -0.0144833449414624 0.109326645195458
0.0982582126534508 0.0217998262645807 -0.0473438141892941 0.0376516906674278
0.106968313644426 0.00542208852831529 -0.0656547299188839 0.023951806598417
0.111014471996335 0.0104781334608797 -0.0957933014595404 0.000346778635851486
0.0750375262738205 0.0779410013730467 -0.0880270865612018 -0.11040236594968
0.0119166502528741 0.130738300653197 -0.0480659897033482 -0.254664883461533
-0.141449297142865 0.136684037974487 0.167000015968362 -0.314745386329806
-0.203626810523847 -0.00289048585009167 0.381286489227477 -0.217767070380799
-0.106610226256878 -0.13448189629906 0.366847701851008 0.0212198485429971
-0.0131944404272846 -0.167515432567468 0.147392552740885 -0.0283386344871839
0.0123286329783688 -0.107492442803456 -0.125659818274139 -0.0926444815065113
-0.00246981349417093 -0.135287959409124 -0.398529225757953 -0.20487800131373
-0.129953087652049 -0.106185352310709 -0.476183854250586 0.0996045365076299
-0.158013730910316 0.037371005729232 -0.26130195280342 0.302938538077904
-0.0347826234430199 0.118894537552063 -0.0444165915070519 0.254107909057385
0.0620179583366874 0.0713814733455843 0.0192544537528168 0.119129461953572
0.109599817703742 0.0224419612664873 -0.00282098017090975 0.0356315946725145
0.105961447362979 0.00269742429436278 -0.0195405342616195 0.0137745309043199
0.109266889702466 0.00337795360291202 -0.0534666388478888 -0.00291796541712881
0.0671550725411113 0.0674468948578349 -0.0628805984205648 -0.0974033254445864
0.00166788676875675 0.102850310545819 -0.04932687922864 -0.241263649181212
-0.114209010049544 0.0886594654311841 0.168755228646925 -0.322316905498266
-0.131588873112698 -0.00597067434234626 0.4091048290848 -0.218942796194736
-0.061530182004226 -0.0674708604148589 0.403681670640586 0.0764384209740482
-0.0337588563583691 -0.0865347972112503 0.120348212821642 0.0498919275275771
-0.0126691167053466 -0.203399934532563 -0.187202283357132 0.0116049662904953
-0.0862751876409335 -0.183663577014476 -0.381894308383974 -0.102421785196373
-0.206870668620782 -0.068611222094486 -0.413141316055839 0.122708808870424
-0.16567000242222 0.120567608802895 -0.232516093073302 0.287241842889472
0.00578172789681242 0.159049449766419 -0.0437401226597653 0.259506739218678
0.0975825014258811 0.0807416569338069 0.0431842260763553 0.13559272999998
0.145438587121874 0.019996819549439 0.0412359028967723 0.0394747560747266
0.136915698602037 -0.0115634720110776 0.0300764955563116 0.0102641207272932
0.130845761274689 -0.0161033443403361 -0.013013666101973 -0.00486049872579993
0.0920903046171149 0.046277115083735 -0.037087226298989 -0.0983525288568382
0.0440985822899667 0.0915741212038879 -0.023689483014145 -0.246450161190137
-0.062007554326448 0.121404965483869 0.220895998206595 -0.314853811474157
-0.123859848552324 0.0575154682330413 0.464197103399177 -0.165406124639104
-0.0992636848613682 -0.0339731699274105 0.416480854245983 0.156575846544311
-0.0650374848594812 -0.110342854732942 0.138538032013152 0.112225904303972
-0.0167869319851246 -0.171996625718977 -0.202184259289405 0.104475579364984
-0.0873169413968553 -0.151018969202281 -0.346192746207926 -0.0019842636709519
-0.177108299353526 -0.0444191750387234 -0.363598931295683 0.152596826277969
-0.127391126126963 0.114077606146712 -0.208324848862435 0.295638371037433
0.0152308443138742 0.137643474989695 -0.0192914409079178 0.280244450527076
0.088118891727329 0.0668926834275367 0.0855082356507906 0.15145122509731
0.124009758607465 0.0163244235368545 0.0960326154459534 0.0372884917786814
0.113904457793846 -0.0139546836352609 0.0765606181010051 -0.00143795935811167
0.0839364304200418 -0.0182493342511182 0.00295891691025557 -0.0176846494314986
0.0518471471631387 0.0141257382548683 -0.0427658451240761 -0.102170889883721
0.0326098944294369 0.0245323857750944 -0.0403210285438923 -0.267747562612033
0.0150017171668744 0.0500342619307952 0.231043945654814 -0.363791704907492
-0.0095334219145447 0.0846771091193442 0.520305974016359 -0.187039394639497
-0.0583596638350022 0.0734423005087024 0.480931228485528 0.184509963946449
-0.0861318886749188 0.0100584311969594 0.154379197677223 0.118277076890482
-0.0139496089169396 -0.0937639514018927 -0.207599036188971 0.176006528638937
-0.0476518126305771 -0.0777527204540213 -0.310199581839564 0.0671912891020812
-0.0988029050708965 -0.0188198030006394 -0.329737590345117 0.170464721264894
-0.0649698265904046 0.073196139956789 -0.1913151147856 0.301299994794932
0.0152634899625284 0.0852742674891792 0.00469372507734026 0.291552634521415
0.059730375795127 0.0375319448745397 0.124530448658851 0.159481466084178
0.0856480732275767 0.00408208897351918 0.149506151410778 0.0321176617943451
0.0811414791605929 -0.0181014920093127 0.122506854249332 -0.0162287988112754
0.0880605248833148 -0.0260198098077738 0.0614386362597949 -0.0354640114188208
0.0835819831944539 0.0128068691981963 0.0244666273029415 -0.124378821641333
0.0735375672526837 0.0582924126543746 0.0672833152849681 -0.254101589392312
0.00814491736666855 0.124983514728133 0.32848368359743 -0.245861120362157
-0.0783084222640814 0.111146442369954 0.495641234794655 -0.0147374116346954
-0.106893187033333 0.0302425224113348 0.383265938823296 0.262118853956699
-0.0851229798265221 -0.0456448061418815 0.178777147459065 0.1959072222962
0.0263567041409145 -0.0294734080538288 -0.185024088755798 -0.14412584984648
0.0457459234520997 -0.0461937869899698 -0.471391435298215 -0.212068374267444
-0.0147239751567747 -0.0934096867669756 -0.53843588262283 0.145122322288575
-0.0742697531100973 -0.0700952540321445 -0.264926559731205 0.392251868132312
-0.0787952322998013 0.0100441231609115 0.0323424903900527 0.291763150635265
-0.0540524978355535 0.0321215306534883 0.0502108028990602 0.104278372243282
-0.0361421864698488 0.0353200045473178 -0.0311269257541795 0.0266080164499981
-0.0267353416586459 0.0293429115639211 -0.0879312162305644 0.0319294619949307
-0.0238648537250909 0.0175345217623663 -0.138943268720253 0.00364780380829028
-0.0298185361588839 0.00722773700605143 -0.153991864845901 -0.130613876820296
-0.0167807022052861 -0.00187566706075841 -0.100324778924484 -0.30190008688743
-0.0130922378696693 0.00196830723765586 0.124756357028992 -0.361536133612349
-0.0179119497699846 0.018055074294539 0.317266874503618 -0.260295425516154
-0.0157695523445645 0.0149943126832683 0.311531221790733 -0.103220423272707
-0.0010661837421826 -0.000345304339280157 0.13481417010288 -0.169553307948835
-0.0144999178723595 -0.0615995570976471 -0.188354384388668 -0.163611728468097
0.012161603203948 -0.0331823987280001 -0.441819207845417 -0.240465517544796
-0.0290061764650989 -0.0713836683837663 -0.5210408833368 0.0837532147220538
-0.0752205087527996 -0.047624222769943 -0.292572452542082 0.327863177629221
-0.0677254027333369 0.0201362147997474 -0.0228977576338164 0.27011069552305
-0.0306535770777942 0.032812919108802 0.00606502845440721 0.113177664776666
0.00207534237059395 0.0212604774547507 -0.0573299997470047 0.0454491461027156
0.0182669479173406 0.0152506081205912 -0.102036943641301 0.0439236264476268
0.0268687982703445 0.0118658911614858 -0.147839382146456 0.0171489248789528
0.0196738126505473 0.0341587878795055 -0.157990882531171 -0.117211573640048
0.0072390856058697 0.0573617959523423 -0.108289334809858 -0.282099970023695
-0.060547935363874 0.07820524608729 0.104791420949918 -0.35413030177875
-0.10934313874124 0.0234361431409993 0.300552009214742 -0.283055515579835
-0.0722748913620975 -0.0542460681191999 0.313777071846538 -0.124296034697787
-0.0103512059659853 -0.0820446295654503 0.153636115827024 -0.18140082016132
-0.0328978018073722 -0.0745768151407922 -0.154459728723977 -0.13415879348708
-0.0315870771924753 -0.0461601663777161 -0.444901488250409 -0.244912767756315
-0.0693402549681793 -0.0540787639616961 -0.523103853972336 0.0869359079185306
-0.091677015504175 -0.00909355113130617 -0.275573490298624 0.339098971989654
-0.0506903915095421 0.0485771371456347 -0.0123432201962375 0.268466410714277
0.00194822333342424 0.0372327327969753 0.0143039346118813 0.11125315153552
0.0419900785556323 0.00844773097181096 -0.0448494084609798 0.0463590579648542
0.0551178840919388 0.00111684453421897 -0.0797243976735882 0.0398357039947633
0.0690118101725272 0.00235146770629482 -0.122736618835286 0.0194639037561226
0.0573022242481005 0.0532009248868151 -0.13794385787034 -0.106393072271725
0.0214022060426884 0.099117535839492 -0.106749476483249 -0.265456739934474
-0.0948884558044666 0.127061892993439 0.10195664934666 -0.354669254835716
-0.165851332242458 0.0262129812305694 0.313514218851182 -0.291915362306183
-0.104768887628997 -0.0962772461028845 0.337691197285594 -0.088779015364951
-0.022630746432121 -0.12667970104222 0.135986055578779 -0.114365882338167
-0.052044936068526 -0.13193018288547 -0.167559876421276 -0.125771254182133
-0.0511000823040999 -0.0859152865413202 -0.449332433261374 -0.217223514811054
-0.125439323627753 -0.0481345649877036 -0.504197998728264 0.114440197770672
-0.116953299955447 0.0569493435622022 -0.262430008214291 0.321424012053512
-0.0160941685357368 0.0968207081620555 -0.0312022234734878 0.258791060382815
0.0523525935875352 0.0482732380172949 0.00500947998597164 0.11677146612966
0.0939080484771553 -0.00447760551498814 -0.0380881439264056 0.0541758946688661
0.0998202422021645 -0.0176349912857084 -0.0583860082243558 0.0370749866393843
0.10264575656185 -0.0124919106822413 -0.0931378745029233 0.0205912914712719
0.0835403266298465 0.0570106180638087 -0.112846486202292 -0.09198461273721
0.0340407828506075 0.113887346997396 -0.102468087514114 -0.241561694281961
-0.099843195433976 0.152057670269804 0.100025307202439 -0.352965370856946
-0.182246594300696 0.0386485121428854 0.337145974625554 -0.304381030472441
-0.125680596406133 -0.100894880897762 0.381884369657427 -0.0497672337895866
-0.0495545245531861 -0.156542769995405 0.14499997577694 -0.0492860883829099
-0.0176517599761605 -0.112622674227676 -0.140933001805704 -0.0729474623779283
-0.0325963489743084 -0.12065389998082 -0.438537947920247 -0.138704576168355
-0.140774011795779 -0.0673551709383989 -0.457187437475343 0.17483220648326
-0.135452234583852 0.0716962943481369 -0.213195802825649 0.339089998909277
-0.00497930797837423 0.118292870114462 -0.00164060511172517 0.263729369573222
0.0731822549820329 0.0527402910092735 0.039096126839584 0.118603349072711
0.105750107090793 -0.00613680390829237 0.00269171581145643 0.0429466346043348
0.0989714409239874 -0.0196805935989245 -0.0172498646748941 0.0176269365652063
0.100146182913209 -0.0190961775316765 -0.0530744864100764 0.00796388091550071
0.0742780686611845 0.0483914822777692 -0.0856458449418249 -0.0845330388473764
0.0196935503173102 0.0889538709529851 -0.101311991142806 -0.229294045423998
-0.0820680772219377 0.100908372375292 0.100962012067311 -0.362035416149265
-0.113775814241418 0.0225604612607193 0.367200827601418 -0.309953002506551
-0.0688634694642406 -0.0432805014005091 0.429034456362543 -0.00343825094718926
-0.0546998351149028 -0.0720653720117787 0.135010311462616 0.030187651815992
-0.0581561375895703 -0.184978692159529 -0.175147257931174 0.0385424305021721
-0.120593297840193 -0.148468045922309 -0.40020045492779 -0.0427617466753255
-0.205804753432065 -0.0161884575783187 -0.39379776257916 0.181529375423045
-0.1230731835232 0.1527383370726 -0.193195247282956 0.31848372408349
0.0423375289057772 0.149137403522808 -1.21452287941146E-05 0.272924070278673
0.109750627408345 0.0549391403387849 0.0654600489508012 0.130786267651958
0.139741453900764 -0.0166445561379249 0.04667641491525 0.0395461963391379
0.125801754714211 -0.0402115484793649 0.0294495753634323 0.00275952230693013
0.116403726779392 -0.0431708495226228 -0.0161028545616487 -0.00339150046935745
0.0945021152297174 0.0214375064850405 -0.0628539053221962 -0.0914078311897601
0.0594054011973467 0.0684931670362099 -0.0786473663947098 -0.241791882371747
-0.0211745518558065 0.122777568440272 0.15338062837269 -0.366665265434537
-0.0911361638793437 0.0850699896574677 0.431678228864381 -0.269359915267218
-0.101258538559872 0.000699283825216737 0.461162669629036 0.0733214913809828
-0.0923162344282906 -0.0861939495710651 0.16915827382166 0.089360313494917
-0.05381887628975 -0.15576584874625 -0.171477320925084 0.136184631513859
-0.113546522648537 -0.118934640360994 -0.343782724636208 0.052474112171739
-0.17427619000674 0.000428639512617485 -0.337134744777631 0.203545068488072
-0.0898825005853872 0.139454584286847 -0.166734804700298 0.324093179865692
0.0477843936207269 0.128959650408951 0.0293812319694288 0.287538604969014
0.0994615777320777 0.044010867878565 0.110743482125921 0.137017508049969
0.120050926608333 -0.0147334893084889 0.0989181848071313 0.0245901419182784
0.105203501644225 -0.0372215387804736 0.0710568704676417 -0.0191808665941242
0.0732514108267165 -0.0349863032643946 -0.00319217932358076 -0.0193717351300281
0.0509687668330874 -0.000770481733401308 -0.0680028157473808 -0.0951004943891612
0.0370662724308584 0.00921146382606585 -0.0976077069618638 -0.26023708146957
0.0369347087525347 0.0427262518848052 0.15715601704342 -0.414971177453558
0.0192428263640536 0.0899355994538383 0.484790893348439 -0.294747193184445
-0.0407457422706425 0.0956688694662241 0.526352400714989 0.0854472579098933
-0.0860116651693507 0.0332103912568726 0.184458893376056 0.0855878230717397
-0.0365175226530623 -0.0838349504887041 -0.163318749404969 0.213104872690481
-0.0614671853697719 -0.059372384844869 -0.293923763961888 0.118896574104948
-0.0968622113303015 0.00796787148235595 -0.298010630125104 0.221152336559402
-0.0403327237041145 0.088230741274794 -0.143364257798005 0.329933761054374
0.0383725140833478 0.0803979762867689 0.0569232330726759 0.292196397611446
0.0665593939918258 0.0226361509326334 0.150697875345791 0.135016735272194
0.0821068846633307 -0.0174591546857354 0.148608231655826 0.0050400595085208
0.0742625880245201 -0.0347068006792901 0.112086828027993 -0.04365877064196
0.0770795663606091 -0.0433963022610612 0.0480907649098372 -0.0501556031690325
0.0824538004048461 -0.00722971046174839 -0.0083431755861378 -0.133148067483081
0.0836378754443969 0.0350747982114892 0.0116763256849638 -0.274435003028591
0.0453743371954774 0.118781559605399 0.279303962805966 -0.323660576080477
-0.0435297949946894 0.130142911849277 0.497676078520038 -0.120384266599633
-0.0983450568901241 0.0623106551999951 0.450631704813312 0.184632925609113
-0.0959981957787895 -0.0194694262821779 0.229969398796071 0.158794135880867
0.0255164693568635 -0.032517001398263 -0.195484074531791 -0.142705256492675
0.0470337047498308 -0.0506442696466965 -0.486932988996225 -0.214662807261937
-0.0160816362440835 -0.0966529593445027 -0.554290266613366 0.151520839131806
-0.0781384633751118 -0.0727705155847133 -0.269008911015901 0.406038260438156
-0.0803182079089418 0.010617727851984 0.0381319966968999 0.302052423216318
-0.0546921737788047 0.034174080918073 0.0559425526329516 0.110144122424222
-0.0369246941317889 0.0373634443372502 -0.0285669126228958 0.0305807673260339
-0.0269116642650068 0.0316427727788785 -0.0867179492808819 0.035896176631241
-0.0253160908508392 0.019827965696529 -0.136036971757431 0.00882322811079689
-0.0319977264755158 0.00860258325130614 -0.156716476369336 -0.127112042890913
-0.0186984473601518 -0.00221004701357832 -0.106698453993713 -0.301715964552921
-0.0151680896308383 0.00131386535450989 0.120208114945189 -0.368528603628591
-0.0181120254520989 0.017836890254252 0.316377949144372 -0.267982999120795
-0.0143349441043729 0.0128882371478741 0.313249088860769 -0.108341514226472
6.80706972418137E-05 -0.00253025218039156 0.129830522380878 -0.17713047902187
-0.0200923522200622 -0.0602504771857618 -0.200125935129178 -0.163598132330881
0.0126033604824908 -0.031726192936072 -0.457965043880444 -0.244803471057766
-0.0275753202429646 -0.0708731607386968 -0.539241869687736 0.0890246424657738
-0.0745276379152243 -0.050295729810637 -0.299401417342628 0.343253332960375
-0.0679905630838691 0.0179071595938464 -0.0192924712940937 0.281568744729596
-0.031694233225204 0.0317919266472547 0.0112682470326078 0.120242401196661
0.000209254912960742 0.0206714732937302 -0.0545578601841291 0.0508388319317717
0.0166919256270913 0.0139148308379782 -0.100175745697817 0.0491427367014575
0.0254812966538962 0.011379596198427 -0.144606997734254 0.0231053160171128
0.0185600822992761 0.0342271613232776 -0.15984389515809 -0.112676258745769
0.0070474910414112 0.0569706738377055 -0.114752312657811 -0.281658673543762
-0.0604526359610928 0.0799595901838725 0.100508193322995 -0.360784339775575
-0.109719730049375 0.0255933334703342 0.298567488894804 -0.289570640008132
-0.0733696808589473 -0.0556139807411117 0.314993421055003 -0.129247887125097
-0.0126181154757637 -0.0836031705441735 0.14706476133639 -0.189899581522961
-0.0383591483077953 -0.0667261846405988 -0.162250001435163 -0.133562040108695
-0.0319973321829054 -0.0399405561677673 -0.461333187452507 -0.250371197235538
-0.0657431722736432 -0.0498897572407212 -0.54144627943446 0.0950850105391495
-0.0872569078566611 -0.011412327574344 -0.280668151689329 0.351686301683545
-0.0490375138021576 0.0452901957226888 -0.00840591720743756 0.276477413656518
0.00115965564149144 0.0344586069372592 0.0176802243902294 0.115430547350237
0.039298561790172 0.00476705838665179 -0.0436096517553806 0.0494795304373885
0.0537710370760067 -0.00217247029575195 -0.0789011203229716 0.0434312952087237
0.067102933077908 0.000367543040622937 -0.120553468952992 0.0235131202923647
0.0574612552406091 0.0517510381715649 -0.140248362639339 -0.103341206977474
0.0226960816244772 0.0975821282318082 -0.11313523622439 -0.265627306959853
-0.0930476376846252 0.129723508914703 0.0977640522074275 -0.361641088506104
-0.165654004165582 0.029316553221041 0.312835061593031 -0.301001539267454
-0.10696823860204 -0.0965121764352397 0.341394378288595 -0.0925725246600335
-0.0281853551654823 -0.127159328853847 0.13181912081969 -0.120231987782454
-0.0632144488922345 -0.127831221231998 -0.175251462382772 -0.126998824945214
-0.053387291871168 -0.0788076280540786 -0.465007659555481 -0.220972166960014
-0.121235698642875 -0.0418619274399224 -0.519705249726886 0.121463293020128
-0.109984248873087 0.0567071856782209 -0.264700555362977 0.333430865593854
-0.0121517417811314 0.0927039045751492 -0.0258164175764196 0.265368495476009
0.0519151641808867 0.0429012662948392 0.00722917661226822 0.119479185862115
0.0908134802574037 -0.0108882564079555 -0.0369713701536569 0.0561499183312933
0.0970128402379145 -0.0239545359501602 -0.0577232421076887 0.0392965895143048
0.0996944480403181 -0.0175975342388931 -0.0895689376059717 0.0238920786167353
0.0838579483249441 0.0538997863691089 -0.11540969917339 -0.0897605969854134
0.0359857108283613 0.111119429488117 -0.108623342489264 -0.241510377514669
-0.0945749692847058 0.153212414203964 0.094241518735422 -0.362434330977558
-0.179833920164359 0.0431828388270902 0.337432762430868 -0.31380804992636
-0.128669235423024 -0.0981384318320335 0.38863588227927 -0.0533013294267506
-0.0585408284522729 -0.154881703368546 0.143486932590206 -0.0529747751776547
-0.0292694374845876 -0.115628213553056 -0.144911266185212 -0.0735386717819678
-0.0363587229847646 -0.117474325647567 -0.450824308055773 -0.138457729981773
-0.139530106092649 -0.063213146493146 -0.467006148050095 0.182818736866905
-0.130872749296481 0.0727004795661294 -0.212425237984418 0.34770935540041
-0.000932079111677258 0.116818757031656 0.00231698625614858 0.26705477388241
0.0739911412851241 0.0484781595334087 0.0398250001634466 0.119685213889636
0.104387917421258 -0.0122090708116222 0.00154796238883104 0.0427005865044585
0.0973671247793203 -0.0253160265122605 -0.017926383563205 0.0178700965685366
0.0964860711166036 -0.0241482693331856 -0.0516147035715565 0.00913875719740117
0.0745242299117046 0.0446166880038406 -0.0894626353260604 -0.0841566515575767
0.0210297341866886 0.0855047135498619 -0.108472266296566 -0.230159887438996
-0.0766028907369828 0.100293267026302 0.0957361608744778 -0.372103893485958
-0.108824106107247 0.0266796771790568 0.367030742157301 -0.319974112436328
-0.0701907358292327 -0.0390289107981462 0.440057378064942 -0.00602061506226501
-0.0622270096812258 -0.0684634660925183 0.137950829229274 0.0286875049142015
-0.0705088430603941 -0.182503020652567 -0.174138117928674 0.0402782692452289
-0.12614960279933 -0.142885088480459 -0.408269792135894 -0.0407215637915599
-0.205041473769175 -0.00822884417622427 -0.398631882950266 0.188739577936001
-0.115097420576333 0.155930990282752 -0.191209667521408 0.324816606412857
0.0489643381880787 0.147722029146483 0.00517324226890964 0.275609152572337
0.112044657904066 0.0502712820366793 0.0662310695807405 0.129120841784457
0.13824628992106 -0.0246845507052966 0.0447948352030933 0.0361725784059345
0.123109600244387 -0.0483121049081173 0.0273767038960788 -6.39078057088518E-05
0.112484541008215 -0.0498517618775641 -0.016580253350662 -0.00408736367812372
0.093932494267401 0.0152970965071665 -0.0688791740392238 -0.0928514319522757
0.0623399518090046 0.0614188532524547 -0.0864414720022244 -0.245618169997706
-0.00993524177662251 0.12098979577813 0.149120953205151 -0.382551196215838
-0.0817054528233454 0.0934086205484202 0.437795414038068 -0.281605028298802
-0.102842562999566 0.0101387357005702 0.476684721269687 0.0726861252575664
-0.103732142994461 -0.0798404361730543 0.175970067216703 0.088632748488617
-0.0654058069837712 -0.153413523628324 -0.165527177497071 0.140643856002855
-0.118844041432076 -0.114929103068151 -0.347260271071297 0.0547938838605172
-0.174858027768798 0.00730293387533981 -0.339564911073588 0.208223809157538
-0.0841995835433249 0.144108056964235 -0.163679231205354 0.328869724677455
0.0543394825342017 0.128926864337701 0.0334381395280739 0.289441810204926
0.102071884895272 0.0409526621990686 0.111647017802768 0.134764117124749
0.120252345324749 -0.0220493782497596 0.0967676752124506 0.0187954096498059
0.104004929574299 -0.0439103434806645 0.0685011411730682 -0.0245635640960284
0.071030160443676 -0.0390215659319705 -0.00450504665899017 -0.0206673540823671
0.0506699343898967 -0.00543347934364501 -0.0734008343696271 -0.0978523286279934
0.0391851196449015 0.00401943019919692 -0.105984796964191 -0.266010154714298
0.0452249462432777 0.0410339943578158 0.154954339391161 -0.430761866895032
0.028091780882093 0.0957263165048646 0.49430112384471 -0.3060961996216
-0.0406608111471674 0.103781445426519 0.543306377914168 0.0877192599949367
-0.0923710419246598 0.0402703180837534 0.192691418604877 0.0840871319789379
-0.044835535601027 -0.0827049664644397 -0.153369601032645 0.21748101221
-0.065057435254598 -0.0564579541176506 -0.29304143392746 0.120996475309066
-0.0977894160436714 0.0133722259484406 -0.298962644752168 0.224825943589814
-0.0349046825501667 0.0913122339494341 -0.141181450152678 0.334208498607862
0.0438135443984117 0.0805121314488531 0.0613044134620436 0.29399327356336
0.0688631941732048 0.0210366304271811 0.152678502271699 0.131346511509967
0.0826214963384278 -0.0219466159923889 0.145577112766097 -0.00338667994250021
0.0736150595816994 -0.039178342523894 0.107950286658557 -0.0514589208889472
0.07522176207225 -0.0478728679236133 0.0435885086166943 -0.0553104370196366
0.0831478793851592 -0.0125018191984995 -0.0176634016356418 -0.139684412853946
0.0881579473198306 0.0304395316671537 0.00357412282095042 -0.286182099122534
0.0550296662915147 0.119614520496668 0.283107925677596 -0.342962595070856
-0.0372861976098095 0.138930260423153 0.515685120370556 -0.129517036080851
-0.100298027663961 0.069582050130835 0.469609230928936 0.189594694617985
-0.102916499475675 -0.0140713194946156 0.24318109021265 0.156452511019624
0.0233452957880559 -0.0366161732028468 -0.212282060305778 -0.135566312535998
0.046616106492832 -0.05598029524938 -0.510504009011287 -0.202888622852541
-0.0205984011161012 -0.100723956638099 -0.568767918029714 0.175782700838066
-0.0853091543874336 -0.0733945712731 -0.262232826214879 0.429889456679269
-0.0829185582056415 0.0131340376335008 0.0528428390703328 0.312196877280383
-0.0543750614405303 0.0378776763562014 0.0663702535016581 0.11390329754133
-0.0366494300558552 0.0414352478988571 -0.0250549739117129 0.0354864375173344
-0.0260482352156971 0.034864892175891 -0.0841786016056496 0.0425917091313056
-0.0257475189678001 0.0229342076135433 -0.133113521252578 0.0180197679909472
-0.0334160398031797 0.0111879470065668 -0.163631646799028 -0.119773518527954
-0.0208682784029154 -0.00203167633674921 -0.123768429869936 -0.299974874597664
-0.0174852801508201 0.0019961899075469 0.106118228436324 -0.380559956647832
-0.0180684231238279 0.0181786445393916 0.309889698160277 -0.285259603218837
-0.013438348123113 0.0109343533050797 0.313662075393666 -0.123103341049824
0.00130589044986859 -0.00517687269678401 0.117626194934981 -0.189132813812828
-0.0284206711093228 -0.0596152340707723 -0.218742772932277 -0.157399332232921
0.011791707760852 -0.0307669662970023 -0.483015687411591 -0.235453959220457
-0.0278669549335948 -0.0699786665097467 -0.558605747378028 0.11128934657979
-0.0756656262439162 -0.0512592888076759 -0.296653394319985 0.368712889248231
-0.0692338264398962 0.0170274336060037 -0.00687278819976961 0.294005551017231
-0.0324717138932347 0.0322265228394028 0.0211222264272692 0.127214385707177
-0.00158356482633796 0.0203817629028459 -0.0498504800753843 0.0577524291208842
0.0160879612104572 0.0122686390682608 -0.0976266270935049 0.0573762203416245
0.0243480053291781 0.0104389277533913 -0.141427272044242 0.0327888250116274
0.0192041680248255 0.0335332851329018 -0.166596133984785 -0.104758855795379
0.00827327918739709 0.0558007388983773 -0.13037962251364 -0.279282644416851
-0.058111754282498 0.0831210999420594 0.0849608207093139 -0.371160010720046
-0.110646723788254 0.0310371026151273 0.289209395752165 -0.308059811063206
-0.0768995854029586 -0.0554347791852021 0.313238925707386 -0.143627411425368
-0.0184105903958427 -0.0852523929969494 0.134486050940783 -0.202388601547891
-0.0466476989993845 -0.0575315572540231 -0.176537772605255 -0.129736620489285
-0.034001895933201 -0.032430554448794 -0.487599258557004 -0.241909867305628
-0.0622105784731931 -0.0442675462374743 -0.559071406629898 0.118085581379114
-0.0835401445922057 -0.0122081057417413 -0.277765780823521 0.375546735931257
-0.047163777312167 0.0427910724277297 0.00502827008901836 0.286577550633812
0.000506373795146574 0.0313569575860616 0.0251804803921038 0.120716652751916
0.0362674674638977 -3.37665576670397E-05 -0.0412548387663795 0.0550158442761862
0.0516049139869385 -0.00683077008652057 -0.0773577494208106 0.049691385494996
0.0655496744982204 -0.00368506213231143 -0.116925641444332 0.031613714120946
0.060105183749688 0.0488919630527399 -0.146718438762077 -0.0969469613369391
0.0268295418479327 0.0966983935015925 -0.128035281226523 -0.262177149094157
-0.0879431486495808 0.135031836242794 0.0814201597201869 -0.373660066235561
-0.165695771014039 0.0377202337852672 0.303498685152511 -0.320062749458022
-0.113324751162276 -0.0939408708595904 0.34409508844712 -0.107345337044695
-0.0386419720486683 -0.127617188831319 0.124056380466417 -0.130054657517156
-0.0796933505650838 -0.121466379258037 -0.188267190744962 -0.122689027287496
-0.0578931638554799 -0.0701940101448332 -0.491204064079377 -0.209243921783253
-0.118126399429391 -0.0318049280476644 -0.533635343703302 0.146085036293197
-0.101637444247512 0.0587044873509211 -0.258922278905026 0.355395066304757
-0.00653865194014502 0.0882670285671556 -0.0135828670680115 0.273893545660749
0.0526586886376129 0.0369149332081403 0.0139105259123526 0.123704570419524
0.0874186268312377 -0.0199246884790432 -0.0351162416115377 0.060299609347284
0.093589638635425 -0.0334001603059083 -0.0567377054153656 0.0440272849059534
0.0963643149946596 -0.0243597190567607 -0.0864728515114433 0.0296334636891727
0.0862616958917031 0.0485902483869428 -0.121409107648248 -0.0838969751461455
0.0407930870388483 0.107666458869277 -0.122445299737939 -0.238486172938821
-0.0853225076127838 0.157029381005392 0.0771312760204702 -0.374154359419097
-0.17595195451187 0.0538846343464242 0.327902999681474 -0.336351784978304
-0.134905088233959 -0.0911671515717365 0.396468931699147 -0.0689527275097097
-0.0743712697688914 -0.150975541640589 0.141374835167033 -0.0607518945634237
-0.0435192697821091 -0.112419301254629 -0.153401156909895 -0.069931413518106
-0.0431728209154166 -0.113164709615011 -0.471169881147622 -0.125463073117802
-0.140226373701477 -0.055009371361707 -0.473922962093857 0.204426362673687
-0.124639570123877 0.0775999340131587 -0.202399799700732 0.363351407323677
0.00602739464071422 0.114390691049845 0.0149134113789533 0.271214635946083
0.0762970961858711 0.0425200122067273 0.044081026155766 0.120003781745924
0.101868070686652 -0.0211746524241796 0.00136245016133448 0.0429468197608502
0.0948099219499269 -0.0338911700613452 -0.0183355742625077 0.0185492143545443
0.0931506839815146 -0.0311617169416107 -0.0500463460393522 0.0117076125264673
0.0753999211778106 0.0392021375730641 -0.0955050468062791 -0.0807694175233794
0.0244270771561763 0.0813567910211593 -0.122172303865155 -0.22784247729935
-0.0686231753756869 0.102098516529914 0.0786779044537516 -0.385948831291496
-0.102921191382253 0.0330423604086606 0.361187095769093 -0.342860008568741
-0.0720358656736484 -0.0317175504100311 0.454565307610772 -0.0229587146342984
-0.0730245945972978 -0.0619766112702245 0.14206844062132 0.023968504098871
-0.0887693677051473 -0.176717102095631 -0.173683756336523 0.0472756966281768
-0.136223413155591 -0.133728185073257 -0.41957829622836 -0.0256269452711297
-0.204761364252806 0.00610024508854098 -0.401510356548935 0.207552393822776
-0.103227781346153 0.162414566025078 -0.181300503845232 0.338511960632596
0.0599256736786422 0.144343513955968 0.0180343379055758 0.278654754186502
0.116056526372778 0.042385141037193 0.0717028619712531 0.127404543486928
0.136354743920325 -0.0365329351924402 0.0441466012351586 0.0323525488699961
0.118815765555817 -0.0601996432635902 0.0255027350309428 -0.00402080764139128
0.106652301032688 -0.0598671205230487 -0.0171389075920873 -0.00485268248030165
0.0937536207387242 0.00612831233745952 -0.0778971358446248 -0.0918694516418508
0.06683023233143 0.0527928901808298 -0.10362136835843 -0.247543131846092
0.00494572716893714 0.119170410178306 0.132676674269304 -0.403035076312279
-0.0694013074967227 0.103447439542264 0.438044278350308 -0.309171690021183
-0.10459629958678 0.0232215731080396 0.498617558000064 0.0569572326034716
-0.118352787612146 -0.0694907572524139 0.186395388083576 0.0830438822985244
-0.0821877651759343 -0.148824944829681 -0.156816698142345 0.149449133848103
-0.127867842421861 -0.106828901680278 -0.349673596850932 0.0691757008509049
-0.175449130433051 0.0200946500418717 -0.337008060106899 0.223617384139862
-0.0731489691766546 0.150890406000826 -0.153190748845551 0.339633381536849
0.0661819791845627 0.126478739267815 0.0478070367294955 0.292070326523111
0.106767869040213 0.0349117812657418 0.117455809133917 0.129741384425124
0.11932516425722 -0.0319079341240356 0.094377330597895 0.0105570937089804
0.100610315304695 -0.0536472072736456 0.0641365612159643 -0.0317436879322007
0.0673257327429861 -0.0461486756018254 -0.007193355567464 -0.0225819115053142
0.0499014359329305 -0.0110127613317856 -0.0839820719984382 -0.0982224072675082
0.0408615999457664 -0.00285527724292149 -0.124097917982852 -0.269406551413308
0.0558395307540916 0.0374061707141783 0.138463192525464 -0.452407991454902
0.0406754960119799 0.100931576142454 0.496523848671663 -0.337122859116507
-0.0375366994412994 0.11459464345606 0.568200424023024 0.0705051351781447
-0.0984929602725491 0.050487862969784 0.204517159844086 0.0777674972629927
-0.0563374692107163 -0.0795066960983387 -0.13852372039114 0.227261420313624
-0.0702618809726643 -0.0511453411650494 -0.290102971056019 0.132214770452551
-0.0971550118078098 0.0219084143291801 -0.293624717798568 0.238276310907583
-0.0270953469543083 0.0954174176294903 -0.130424835553869 0.344026579003843
0.0530889083490799 0.0787974231409517 0.0753534468115041 0.294777827263535
0.0727069224650274 0.0174687185137023 0.158769866944993 0.123689766764695
0.0814386807020693 -0.0288124858952426 0.141967079581363 -0.0153334244031843
0.0718897286457463 -0.0463128834508691 0.101272292967901 -0.0622735992664892
0.0721777401672961 -0.0550158096967993 0.0377272581542923 -0.0618239089626195
0.0834986469978414 -0.0200440050099342 -0.0314125167339254 -0.145004281388446
0.0940126031969045 0.022344573926881 -0.0144113288393822 -0.300169063647424
0.0696063617963381 0.11882422442099 0.276872940682472 -0.37281035828574
-0.0252966059999406 0.149166692029987 0.532700978953246 -0.157203825381292
-0.101099056180089 0.081267073514306 0.498027557433171 0.180476421625971
-0.11152688281802 -0.00525293964365184 0.262850522654586 0.146972616220691
0.0188556220173267 -0.0408081555883772 -0.226677112803493 -0.117734781917197
0.0430144077243561 -0.0622797093805723 -0.527097639867813 -0.176016837049647
-0.0281063529838938 -0.102036463433222 -0.565679602274109 0.210989491494849
-0.0931430807036095 -0.0699974223624782 -0.238560744810176 0.451419543696927
-0.0834403849483022 0.0179097205065758 0.0757489932753505 0.31235049376263
-0.0519352806723847 0.0414948726527341 0.0779174303447784 0.112144995209975
-0.033987963318302 0.0452441622894269 -0.0197379789034921 0.0403847349849877
-0.0232101351549578 0.0379399091715157 -0.0782342693814715 0.0513969336880788
-0.0244949324664184 0.0262098441431673 -0.126096474209354 0.0289681739293759
-0.0342828179677215 0.0147221022883261 -0.168071182814941 -0.105247461501452
-0.0228698110360833 -0.00092776446938071 -0.143271383418464 -0.286466426706881
-0.0194284088786227 0.00231894908376869 0.0790813772767014 -0.383927692572932
-0.0169262527708987 0.0179428053385783 0.286684870554047 -0.303627001844417
-0.0121405756455779 0.00913045287002446 0.302307819526663 -0.142949587145031
0.00152211922132768 -0.007718924719124 0.0974579586104084 -0.198510842898175
-0.0383210988255802 -0.0557332814262885 -0.236129427258899 -0.140491172949324
0.0104638376532765 -0.0289991003404251 -0.503808414503288 -0.20967452522309
-0.0284380748294429 -0.0676146227886654 -0.560569231216306 0.144573252174285
-0.077116212237029 -0.0507424077430577 -0.279429934406063 0.392116679025353
-0.0692454293188599 0.0173272030093229 0.0148337870070888 0.300295596057351
-0.0320908476819542 0.0320053796233698 0.0337745327505898 0.129546445658474
-0.00303973450597355 0.0204802316423088 -0.0424414468741347 0.0640281155985269
0.0144529291459611 0.0113349245897159 -0.0904025137377694 0.0668185550555441
0.0228095203400596 0.00987848272103941 -0.132669069055788 0.0450135196077547
0.0195772104404706 0.032493978429915 -0.170328315740136 -0.089885631648512
0.0104352183430562 0.0540903451308562 -0.148172161306044 -0.265117680206336
-0.0526563443016444 0.0861284167636947 0.0585888740991877 -0.373800031746222
-0.107314934915475 0.0375134327760996 0.264468318528153 -0.323700944033799
-0.0803651049480455 -0.051690839662112 0.299947101804373 -0.162079901069487
-0.026127565773873 -0.0839186727100655 0.111997343911329 -0.212273105407852
-0.0555338528370795 -0.0463148227066321 -0.189276388561573 -0.117201751518708
-0.0351586386603734 -0.023289089661297 -0.50945137766141 -0.213016820647321
-0.0579795939775131 -0.0369918964554226 -0.560231047024994 0.152557184914367
-0.0780489488984891 -0.0110398540252787 -0.256272360753563 0.39652805480356
-0.0446719554976318 0.0399619796176441 0.0252326701037521 0.288270520618405
2.97563546367919E-05 0.0278375779414165 0.0351278142410584 0.121226937275589
0.0316242530088962 -0.00375617854527788 -0.0354190639273165 0.0593558233739631
0.0477584127746578 -0.0126546735125682 -0.0720722852285786 0.0564290994365309
0.0620398479291043 -0.00893034553760946 -0.109580850654714 0.0407939876550311
0.0614414089241917 0.0444612657883666 -0.150934996389886 -0.0842771050800911
0.0317699917233433 0.0926991468981464 -0.144447361019062 -0.249001262190888
-0.0772209863157569 0.138418663244284 0.0535474007227228 -0.375616731598547
-0.1607239757829 0.048450737480141 0.279033142609634 -0.337177020071588
-0.119020357639687 -0.0858129748209633 0.335327404303819 -0.128204678090299
-0.0513307064303574 -0.122656072689716 0.109098851042636 -0.138285672391652
-0.0971045524850508 -0.108985490876145 -0.199540549527417 -0.111317351961208
-0.0610963874798575 -0.0577792001032645 -0.510663113735304 -0.180874366702897
-0.111414083064166 -0.0201883813605374 -0.530955508646509 0.180382657180974
-0.089449361262787 0.0598750495952541 -0.23779358394306 0.374278773041903
0.000864899241210809 0.0813144621204167 0.00591888368667045 0.275404366804324
0.0522548874477757 0.0284114983234057 0.0225937786841901 0.12393407934294
0.080048791472777 -0.0296841180460476 -0.0304912265324469 0.0634798464900862
0.0852858469083556 -0.0431754466910882 -0.0532726230947519 0.0490085710674646
0.0897607699438542 -0.0328650438845221 -0.0807660172675285 0.0361040352717422
0.0868070318823185 0.0400710581664795 -0.125654457665213 -0.073280211391179
0.0465596638923168 0.100741982215678 -0.138833625608084 -0.226092692923746
-0.0711070082958537 0.15809238600896 0.0487386826592232 -0.377081268928427
-0.16649249653739 0.0664218945453633 0.301134634416832 -0.356410367750109
-0.139635428171607 -0.0787455019726857 0.391665856050919 -0.0935508502229915
-0.0905434617575706 -0.139875373899806 0.132568273371112 -0.0699553521480246
-0.0596257631313614 -0.103845445460098 -0.159409375272479 -0.0608135724120637
-0.0508085879241996 -0.103505563218682 -0.481752603021808 -0.0964960729307811
-0.137367607757882 -0.0413757787153362 -0.464197982910056 0.236214062381244
-0.113509106369101 0.0819333048831812 -0.178557006108431 0.376273360574591
0.0157251328976499 0.108972973242432 0.0333218406296275 0.268080943300111
0.0771291691083592 0.0333514417055696 0.0505914071941567 0.116270012781855
0.0960477958658655 -0.0320269175467045 0.00215979759096222 0.042524805950681
0.0876868445612982 -0.0433345751676018 -0.018631572036511 0.0195332609260742
0.0861874989600686 -0.0392298168425829 -0.0471862497322997 0.0146754731957087
0.0755397990932672 0.0307779009921697 -0.102015810782213 -0.0734645284413283
0.028541829891446 0.0747814112823368 -0.138972779892059 -0.215955033292188
-0.0561382969544375 0.101328401334059 0.0488149282867962 -0.391033921129739
-0.0933048207797716 0.0407506625172291 0.339500008690459 -0.367779352901311
-0.0723068279168337 -0.0225540987632391 0.456281079604304 -0.0504028274608496
-0.0830571944205259 -0.0511786328241046 0.142496054015717 0.015339967285576
-0.11013795213053 -0.162238941816254 -0.167433565539546 0.0570246233430472
-0.144973226152129 -0.116948730223522 -0.421667409842596 -0.000179917186332738
-0.197130171861991 0.0247492441540609 -0.387966684927308 0.230961850211493
-0.0845977910511148 0.166893050967034 -0.157916878408844 0.347216146947577
0.0737189035090291 0.134831441450827 0.0362680804005864 0.273563421920552
0.118701522569172 0.0309266706800885 0.0769664524652972 0.121118463122368
0.128661086949626 -0.0497132558045819 0.0420679551477937 0.0272122664085235
0.109113365399353 -0.0726478808407119 0.0209555372428575 -0.00690554123941145
0.0964476915954462 -0.0704171004509215 -0.0177602018727352 -0.00482777912411738
0.0909481284035394 -0.00515267131364021 -0.0873595344131553 -0.0856491971883314
0.0695828701188971 0.0406019765787829 -0.123448538136501 -0.239269558044279
0.0218047692198759 0.111782062617402 0.101023036914038 -0.416267072520911
-0.051303687022718 0.111653074900765 0.419339940208459 -0.340578938205778
-0.102500169880187 0.0388362306865381 0.508758793034269 0.0285086370096914
-0.131133062221334 -0.0526666191708459 0.194083658830006 0.0714407344492407
-0.100082821948604 -0.13598924182858 -0.140406632874377 0.157648796681997
-0.135390626979762 -0.0920814888238385 -0.342161281693654 0.0898180446553575
-0.169257076069217 0.0367063149665343 -0.321917538820636 0.241302597492638
-0.056640579740528 0.154742981613299 -0.130372837394925 0.345470797029737
0.0785975911465222 0.118129473247928 0.0660645086063547 0.284457971632803
0.109733415747693 0.0256917151497665 0.122985246999297 0.118981192446342
0.11421137297968 -0.0438811603042145 0.0891822052531516 0.000972151936473307
0.0936937370900302 -0.0642826832111438 0.0566703891339227 -0.0388107101156189
0.0603826629365493 -0.052684996950409 -0.0109006685700719 -0.0234866929074897
0.0466893768367412 -0.017514252808373 -0.0943083174633433 -0.0927892044518063
0.0408251720407175 -0.0112388916995933 -0.145823076553402 -0.26157411413209
0.065010314438295 0.029298750440838 0.106726491342823 -0.466035764120421
0.0548537965885683 0.101174439742023 0.4798545313844 -0.370276100276762
-0.0294656860615421 0.123273337955677 0.577930646722154 0.0376928965617433
-0.100808561951418 0.0629859798472257 0.213733410071317 0.0642607387956685
-0.0678961455432942 -0.0707573996294416 -0.114729006950266 0.233706215272277
-0.0746281675264534 -0.0424822824318539 -0.276293040887409 0.147733082630766
-0.0930378526016965 0.0323046480197053 -0.276561868864216 0.252246805145943
-0.0158478535814771 0.0965282006355728 -0.108633809398777 0.347521102420593
0.0619961428490908 0.0726489888552294 0.0942452115041556 0.287256940290168
0.0752967005861953 0.0116197646156576 0.162850017001146 0.109063084694153
0.0777388487766987 -0.0368960286357558 0.133515432570403 -0.0294218638473295
0.0665314139907423 -0.0534519641744997 0.0901595664438422 -0.0724565060802305
0.0658798803194904 -0.0619215330541627 0.0281686708354912 -0.0667344598873844
0.080798270085691 -0.0294327687787315 -0.0483504776674127 -0.14471075680297
0.0969031962209233 0.0112543407306679 -0.0398782455290454 -0.30459751328932
0.0853766870226565 0.112473982941729 0.25252507093883 -0.400802428845568
-0.00917541675862278 0.155440885093169 0.531123799929044 -0.19397642949458
-0.096125205068986 0.0933336793529578 0.51784207006054 0.151945372997273
-0.117180607467374 0.00824244419661298 0.279008380028956 0.126287428013365
0.0136481898085776 -0.041781279698883 -0.23070103308736 -0.0968267034799424
0.0374030864677603 -0.0653209041907018 -0.520311258607576 -0.144169712908875
-0.0339019657809738 -0.098314050312692 -0.5412317861486 0.23353705090361
-0.0965310866675546 -0.0632517421277631 -0.208841925901424 0.450245140497482
-0.0816525746100053 0.0221656228148327 0.092785736518789 0.300123818091569
-0.0477473225249971 0.0434501310237803 0.0859974492428902 0.106229617197851
-0.0299035190697944 0.0470938905460068 -0.0129795953118259 0.0428029416162752
-0.019928443735094 0.0387496250568426 -0.068911909467952 0.0563400945388581
-0.0226399860159311 0.0275744196005364 -0.113859835142319 0.0370164710634401
-0.0334970749948141 0.0175905278476638 -0.164639764674423 -0.0882133809086499
-0.024274327980616 0.000347480665012269 -0.153591861431717 -0.262432698825601
-0.0204094865440884 0.00326944224979484 0.0537253078283008 -0.369431406620356
-0.0154309556661086 0.0172133705292931 0.256374808020358 -0.304978803337349
-0.0109497442010379 0.00643240281755469 0.280109116347685 -0.153251879555812
0.00157585434613546 -0.00998673088824819 0.074293661895828 -0.196976221882474
-0.0447581766914608 -0.047983667094318 -0.241186228926157 -0.118440556094574
0.00840826022015524 -0.0261947186766916 -0.499456435585462 -0.177909182403164
-0.0288249798972249 -0.0631418666473042 -0.541895725212248 0.168969279148617
-0.0755602202593265 -0.0480594830347685 -0.25132548302456 0.399388931346209
-0.067457535733849 0.0172491249080653 0.0340946214361289 0.29338773746307
-0.0307604296714181 0.0310799240559533 0.0449340947104422 0.125982034430909
-0.00497534471124828 0.0193937600540769 -0.0329961693477318 0.0674051473466231
0.0123703623121124 0.00977417215011975 -0.0799916235658243 0.0723292541305005
0.0208493650085932 0.00843078233364927 -0.119346213127203 0.0527063793489629
0.0192243718280646 0.0304264676416555 -0.165547455961392 -0.0732587712323373
0.0114892088338073 0.0499147590710034 -0.156931002283772 -0.241978807145642
-0.0458063284316729 0.0846866745178252 0.0339188952658389 -0.359285968356581
-0.0995904492941219 0.0417917030490131 0.231768005468902 -0.324485965047006
-0.0803890669151725 -0.0468925624184812 0.276050024756999 -0.170473940343439
-0.0322775219769675 -0.0793227431963224 0.0867326522173723 -0.210385330630476
-0.0600957152858418 -0.0323494843795867 -0.193493771632006 -0.101629255034737
-0.0332024710633112 -0.0142773480614031 -0.508361055867967 -0.181617202988757
-0.0510028728879117 -0.0301909887488365 -0.541393464334705 0.177713212776993
-0.0716548952075992 -0.0115717557069722 -0.22792698966783 0.401108878131243
-0.0418115160587701 0.0349372999181584 0.0431280966273697 0.279669293959076
-0.000974656481484298 0.0236640127751148 0.0436246756760527 0.116322338335483
0.0256521888372284 -0.00681141116120176 -0.0289958320759111 0.0615921510135097
0.0414543811246262 -0.0161766663280305 -0.0640016727158695 0.0613641707775466
0.0558840070821082 -0.0129604984515894 -0.0981901906794199 0.0471950628806971
0.0596751750927326 0.0378544897204309 -0.147522118560935 -0.0690706204369253
0.0345081677419299 0.0850661673475716 -0.152777306880506 -0.226670103684038
-0.0649735065581164 0.135617830088625 0.0276152187813253 -0.361227642271985
-0.149070671204981 0.0560483944987 0.246037513366788 -0.338471231422076
-0.119309388525715 -0.0756231530114688 0.313408327020628 -0.139530995724727
-0.0602529974856145 -0.112610861245893 0.0901779339115609 -0.139081409643289
-0.108115390374718 -0.0904655992392667 -0.202105208922641 -0.0951722619466235
-0.0606827452140473 -0.044332508713937 -0.507447459217125 -0.148448394074642
-0.0996727013435719 -0.00923666123715249 -0.509422921224652 0.204605669095468
-0.0751844104569649 0.056813879345839 -0.209081420062761 0.376661849978908
0.00570844138474834 0.0704875466305314 0.024289801245707 0.265184597462169
0.0491119357039817 0.0198700134978874 0.0305467446525697 0.11896008784092
0.0698215130787484 -0.035755814114803 -0.0253125849569679 0.063843187607677
0.0745339235214493 -0.0495954111543852 -0.0474527676879458 0.0521292040781304
0.0796317991829386 -0.0384459380784873 -0.0711358042088672 0.0394980389294732
0.0830324565305448 0.0308104888672539 -0.123728405805165 -0.0602728636708734
0.0487360786577605 0.0903065327640272 -0.146297734104206 -0.205285580044298
-0.0552061496853122 0.151631852310938 0.0220213209517896 -0.363068741709635
-0.1507627582474 0.0729476883218217 0.267763624328933 -0.359395361685852
-0.138294700973519 -0.0638882499381797 0.373124033937759 -0.109925191393018
-0.100701513017028 -0.123119605515662 0.119321172104619 -0.0743809411559342
-0.0727665899816321 -0.0904126875952758 -0.158389210808672 -0.0497095655603015
-0.0543397819693689 -0.0905877527738018 -0.471908133292949 -0.0683220946316765
-0.128184334068728 -0.0298017684915084 -0.435596287466641 0.252438064827505
-0.0993824082380311 0.0811323881516245 -0.150300061625584 0.371785272849711
0.0226280989917553 0.0985354088318156 0.0480418298563408 0.254254254625681
0.0740418905891208 0.0237508337315541 0.0542728756805311 0.109103692416619
0.0857950816961192 -0.0390200670900432 0.00261189012367788 0.0413355290341442
0.0774155181657256 -0.0497784975863741 -0.0178979448852674 0.0211107702406415
0.0755762993387264 -0.0447599782995845 -0.0428521917045583 0.0164812219845361
0.0718022518498703 0.0224635312206156 -0.102091341782708 -0.0624242096139963
0.0299980766401093 0.0654495257255113 -0.146521900252428 -0.196525250729823
-0.0443512758303641 0.0946754939011736 0.0202969943110427 -0.377633648670117
-0.080309511568395 0.0446645985047198 0.305201198688418 -0.373573994581931
-0.0697290638128909 -0.012213137964634 0.44099064243995 -0.072569205553385
-0.0885934362134488 -0.0375394981972853 0.137574374759108 0.0075615731336481
-0.124830134474812 -0.141427956266196 -0.155810001349449 0.0625609393249256
-0.145562055871616 -0.0968701345190143 -0.406642867261501 0.0223834219058265
-0.180816914669586 0.0390731631625331 -0.361724282660541 0.241876498027651
-0.0651338147493263 0.161270361694977 -0.132530848331805 0.341545651238853
0.081665485583316 0.119372315403913 0.0507918422802488 0.259261703915025
0.114901175210345 0.0191622803822461 0.0785727745269532 0.110931304477728
0.116239509520621 -0.0596736380811148 0.0381939488652396 0.0223833586576957
0.0948547462804617 -0.0803687781291108 0.0159363439398586 -0.00881370019850415
0.0822957241774769 -0.0758304835495217 -0.0183839081916481 -0.00429520577108584
0.0832930862289352 -0.0145119264528505 -0.0915651601286587 -0.0752981933149317
0.0681655231879889 0.0278556288923491 -0.13687196208822 -0.221973033816349
0.0354410108261613 0.0988960313649777 0.0695603385913048 -0.408347897067519
-0.0322431550948551 0.113166791157748 0.386949953499319 -0.354459594508611
-0.0949573603995474 0.0512177543673557 0.498856101791936 0.000598616708077353
-0.136644502936328 -0.0338387560053775 0.193556123297757 0.0573942093107326
-0.111539731827334 -0.117174943943538 -0.120824428104319 0.158354286958549
-0.135858743807739 -0.0752926043201859 -0.322352696460475 0.103041206948863
-0.156037412750685 0.0491097000983805 -0.296191301280881 0.246732408797931
-0.0399827094550379 0.149773405258756 -0.106547430445326 0.336377401181016
0.0856158504389033 0.10499773045077 0.0787245263564621 0.267406997962971
0.107990784922553 0.015284227905394 0.121430056471584 0.1053358729308
0.104166886987547 -0.0516247446172302 0.0804399843975939 -0.00653877047325243
0.0823260961341403 -0.0706478171193946 0.0467463297794253 -0.0417823752091001
0.0509690134869479 -0.0563543647381941 -0.0143034437865218 -0.0231832959090981
0.0413390861814056 -0.0227970595927291 -0.099879558164426 -0.0836832851985887
0.0379824439337896 -0.0182708199774997 -0.160076646284638 -0.242976854064372
0.0706603190067111 0.0200310605579527 0.0729773105785888 -0.45845007917671
0.0677131086640604 0.096513729579466 0.444586417525836 -0.38701466486581
-0.0206158181456515 0.127152597375606 0.567078535161678 0.00725556626275268
-0.0981306450019398 0.0734956404901656 0.212712846366486 0.048161836850368
-0.0761943545103074 -0.0583088037028799 -0.0882523769845177 0.229647227339839
-0.0744197116442586 -0.0329928770501323 -0.253055665043267 0.153921315894674
-0.0842784366604128 0.0395533191480933 -0.251518298542618 0.253222693697609
-0.00511424632648964 0.0928978360426869 -0.0849264777037927 0.336251103449929
0.0671593103557122 0.0630944012280576 0.105254285312669 0.266993324888371
0.0747618447648241 0.00573306847814591 0.159058344322099 0.09244753082016
0.0713262175181606 -0.0414777382403847 0.119324461246863 -0.0393268347772434
0.0586234759849365 -0.0581310295488269 0.0754501982051003 -0.0778798620190186
0.0568009563974931 -0.0653636761611849 0.0183669206904599 -0.0679894223822049
0.0749218251783874 -0.0366775089417131 -0.0618629122510445 -0.137798623275835
0.0959029787776297 0.000318033188559164 -0.0622015421548713 -0.295025233864936
0.0956065501752313 0.100413446588288 0.220831628543376 -0.408171039764717
0.00746839084828255 0.154058291631771 0.508975575440383 -0.219906575548402
-0.0879921979389173 0.10065562375577 0.51649793920417 0.121734013246717
-0.117371665562422 0.0207820277163194 0.282180037121901 0.101733195632615
0.000316996270698632 -0.03879206807659 -0.234551303526162 -0.0489316589936366
0.0195986609277409 -0.0591433305327161 -0.518593060719521 -0.0570466734758539
-0.0455534539457432 -0.07692361009827 -0.482450955427874 0.297628729729434
-0.0930407808534204 -0.0377405801554696 -0.135382475088706 0.459097911623591
-0.0681870208052617 0.0312653834731992 0.133749549489751 0.27368333953371
-0.0381484783764453 0.0462052429068533 0.100512928129683 0.0920289260230732
-0.020809502268976 0.0498909793007083 -0.00453401788323329 0.0465759546841037
-0.0129274735857672 0.0402646871261597 -0.0531470734114058 0.0655380670308365
-0.0177786876007399 0.0312144624061982 -0.0975321691522852 0.0530429539787837
-0.0312006390981404 0.0233886158459558 -0.167877358828378 -0.0557302581303493
-0.0273652556105615 0.00215976165803637 -0.186514955377248 -0.218509291862209
-0.0201012606181966 0.00184619551532203 -0.00682107939198113 -0.352569264307005
-0.0106385493863093 0.0143719654087014 0.190185074138434 -0.324765012248606
-0.00527937630012225 0.00378547037116726 0.233155615094575 -0.187115619449147
-0.00012029123615644 -0.0148239154229546 0.0340473934050768 -0.19408322779048
-0.0567952504115733 -0.0332231106008889 -0.252146241307502 -0.0673450478096133
-0.00106342314804913 -0.0151756401288929 -0.508536238984595 -0.0898013039615297
-0.0329338228615152 -0.0442786132482107 -0.49567097997012 0.240925281457344
-0.0691980050961055 -0.0291252163932006 -0.182975177763548 0.41752485647827
-0.0566308409559414 0.0234199095713243 0.0777639157549406 0.276703370514283
-0.0260035887403072 0.0310044338864459 0.0655060145654822 0.116686930676728
-0.00314854599767231 0.0199833126591941 -0.0182394046920408 0.071468409623614
0.0109933573850537 0.00820065407805265 -0.0605652583335247 0.0832214601671109
0.0191797979318894 0.00628824910884781 -0.100297077423024 0.070213182133799
0.0194834592202524 0.0270619760985711 -0.166431162129186 -0.0396229679265856
0.0118111992359608 0.0443470640587344 -0.18618270129999 -0.19852025039798
-0.0324737525709126 0.080200912117703 -0.0245482156670523 -0.340501089686708
-0.0846446959468389 0.0475978845073989 0.163325195995094 -0.338421194559897
-0.0771561668919879 -0.0354039144971676 0.228614938173243 -0.20283804581939
-0.0414828899998657 -0.074039740801281 0.0426280572892389 -0.2074602857557
-0.0668476954766504 -0.012027997828024 -0.205748683818427 -0.0612778031440391
-0.0312087654348996 0.00328123161918915 -0.518906219467912 -0.089051963568789
-0.0448767584137732 -0.00978369633912388 -0.494366010850265 0.251600862745049
-0.0572992439374462 0.000867314831335541 -0.160728597184082 0.416802648631378
-0.0301460365389447 0.0333456589188422 0.0851996682541233 0.261620501172563
-7.75623542191876E-05 0.0194614812260573 0.0619251996574114 0.106536950198368
0.0195318145065744 -0.00973709702241809 -0.0154957277526662 0.0648989092008756
0.0332093888340539 -0.0199879151736665 -0.0488873033452896 0.0699524839141946
0.0481944801934318 -0.0185570578068229 -0.0823117289273125 0.0608440352800498
0.0585514611454223 0.0275732382140107 -0.150450814365916 -0.0380775043805702
0.0374228757473303 0.0733479276619532 -0.180233591043837 -0.18579854737695
-0.0425524842658071 0.129491357607041 -0.0309181692288484 -0.342480872297839
-0.127071677184774 0.0659445279102212 0.172465385286805 -0.355642871982487
-0.116834827430266 -0.0542220875823027 0.271348229751608 -0.181516888003691
-0.0731744966399561 -0.0978168387883969 0.0592929766162522 -0.141638857210209
-0.121656570786651 -0.0594168608078259 -0.213750016345223 -0.0580034473228932
-0.0647003853741441 -0.0172864473283099 -0.512894272829762 -0.0607631486453491
-0.0843702059287662 0.0159252041500508 -0.459511707307048 0.273628283870129
-0.0489904453589432 0.062572696989739 -0.147227802824764 0.39341225555866
0.0183939091441755 0.0585107392687055 0.0667613080099164 0.252046139356083
0.0460942195951919 0.00846346050632894 0.0500758486366693 0.110075871989132
0.0546889418624875 -0.0444552993062445 -0.0113412145189426 0.0658531257783622
0.0580323631175821 -0.0565015160253619 -0.0355223152162893 0.058512343751883
0.0654936719801399 -0.0466216312261595 -0.0591425194287482 0.050624731506397
0.0782498219818981 0.0166974257695175 -0.126414126687453 -0.0327553416380742
0.0511363944734469 0.0752034425067023 -0.170194888048212 -0.166652615718935
-0.0302273747340899 0.140544030553259 -0.0388317424645389 -0.344318194890674
-0.123220873369365 0.0817758084573374 0.188583506112379 -0.379648959375943
-0.130300434904538 -0.0377786208653613 0.334004970384022 -0.163747563762646
-0.113969020395111 -0.0990029974315264 0.0982757112809354 -0.0849891250250435
-0.0873155327659511 -0.0642588877366638 -0.161668507177267 -0.0235598517302799
-0.0641163426852275 -0.0621908792726932 -0.463997394423434 0.00807371463485112
-0.113027066510403 -0.000414564231688167 -0.382065319747511 0.304662348437141
-0.0688038606063526 0.0885788915382466 -0.0938358359491498 0.376954197954815
0.0391357698200469 0.0826418318260946 0.0876025850509691 0.237743622604056
0.0709970966537621 0.00936655545135158 0.0708017409687022 0.096347177319132
0.0701249877732003 -0.0495364143420568 0.0101572793954748 0.0399088865947646
0.0615855231639202 -0.0573018818964944 -0.0140654328962212 0.0236281680141228
0.0600897223089622 -0.0527341647007312 -0.0375821448505311 0.0235191359101166
0.0660795879544259 0.00903794544292165 -0.108249895838638 -0.0386261152345204
0.0300313102409574 0.0536133461854767 -0.170781726224026 -0.158208183090585
-0.0262683709151904 0.0838110342202963 -0.0429234064160008 -0.358906449735413
-0.0589546856383609 0.0469968546204367 0.223355307032493 -0.402241796840876
-0.0571798714773062 0.00282580465354584 0.404487673021763 -0.140267016234668
-0.0903903690387554 -0.018229150262889 0.129608655476712 -0.0116153192263526
-0.140075497129161 -0.102324988483135 -0.138435150933422 0.0777539896487289
-0.146806140062417 -0.0557786551089699 -0.387234343081851 0.0822430397364816
-0.152571063352892 0.0695405673414412 -0.316762460092758 0.284127966954196
-0.0244016012578955 0.156721546236316 -0.0829769555548999 0.349143668372082
0.0973165418905536 0.0936511479977293 0.0929400789446284 0.242522504429986
0.10965848881645 -0.00152370427835205 0.0938025354868322 0.0932109948242675
0.0952052914648189 -0.0741741877404277 0.0417079026458845 0.0155164331485076
0.0728911726828999 -0.0889304686001855 0.0120257533171674 -0.00973225751542245
0.0610071199249098 -0.0840004298627605 -0.0190443118357534 0.000493042657206494
0.0710542939119944 -0.0284156434804071 -0.102082139346905 -0.052154572181978
0.0622955671683321 0.0109567980416391 -0.169553392694194 -0.185130198165803
0.053681302784104 0.0749547321141078 -0.0048552004805744 -0.39765800898153
-0.00231084164611916 0.106689554633132 0.307512403052296 -0.398156156576687
-0.0708473641160475 0.0709380517727885 0.47296071935108 -0.0837153825416342
-0.136464375386572 -0.00600208840114667 0.192139833724321 0.0245486960792012
-0.123318871820659 -0.0821091629571873 -0.0868277559983576 0.16020523790894
-0.134181015088437 -0.0393753173347687 -0.290679767748311 0.144635753729121
-0.12886174267074 0.0740197235656266 -0.251776468357696 0.276985573655703
-0.00400042341914724 0.144499645067716 -0.0576773321089664 0.339418734717278
0.100861184965818 0.0804310247493393 0.120832010495686 0.244632657161243
0.104591126412375 -0.00403693498659122 0.132440132959042 0.0809433718957527
0.0868328591939744 -0.0651967807593251 0.0756040581603777 -0.0186347822479761
0.0639104935299388 -0.0792600761463535 0.0337606634978568 -0.0467497148182628
0.0356776614284506 -0.0606620911420954 -0.0192333037907843 -0.018472166580265
0.0321268179114416 -0.0298409294311302 -0.111887877394741 -0.0605783439545727
0.0293346788683236 -0.0276774758790999 -0.194483933568108 -0.202744954628838
0.0753590805245099 -0.002156185895395 -0.00508793298897116 -0.446170046957908
0.0867901503478742 0.0800783292193061 0.360373405402652 -0.437590598489128
0.00780803603425493 0.130176409463033 0.53654877893594 -0.0860753749226161
-0.0840059540146735 0.0885797205471279 0.208714820890453 0.0127307410078398
-0.0797858756622018 -0.0334292562475346 -0.0403614919551987 0.222744558937617
-0.0716879151419146 -0.0111902549974241 -0.212992200030937 0.181367084849179
-0.0660210505460259 0.0555184005891877 -0.203841391971503 0.274999339164065
0.0186181379055251 0.0878442277374521 -0.0346186450733083 0.333998592203567
0.0779591539691321 0.0449301323892908 0.144529928603745 0.238073602288289
0.0727805582586671 -0.00856300011622801 0.163814897193827 0.0628683841952494
0.0588848824605203 -0.0508766683138252 0.104685782960514 -0.0569524856126626
0.0449978943141829 -0.0639271525462904 0.0534890969191959 -0.0854138270095614
0.0412218726755452 -0.0713009826835257 0.00131611900230474 -0.0663888780156182
0.0625981243812821 -0.0482042449349652 -0.0877604407292851 -0.118077991139995
0.0879512492383424 -0.0169902527830438 -0.114604812474309 -0.271197735917132
0.112555654573691 0.0737522252765658 0.139539253321825 -0.426951889795655
0.0363527673790713 0.144063331829361 0.449603416012153 -0.29148131509445
-0.0614712198363328 0.114604081600998 0.510751666628289 0.0294808630840466
-0.107620565847065 0.0404774422470117 0.284040364153648 0.0499984485285118
-0.00182084517685145 -0.0379487419073061 -0.229661387759021 -0.0462502737855549
0.0183897888388823 -0.0587206896068478 -0.5017132131965 -0.0663880875501674
-0.0449884776022666 -0.07587366941315 -0.477548790396052 0.280142610057729
-0.0927061969774754 -0.0379136105117732 -0.139888276838049 0.445342224916999
-0.0679932283013973 0.0301407577201571 0.128069445239673 0.269056852806143
-0.0377100020965637 0.0447444224006005 0.100589853965474 0.0909737699048236
-0.0199883840325513 0.0489159533694163 -0.000862043617735631 0.0470397220418061
-0.012779101524368 0.0395320136426519 -0.0475919700677986 0.0653435999030102
-0.0176878313778977 0.0308718591555117 -0.0894311537747713 0.0507370114426922
-0.0309041864581753 0.0237942931710924 -0.157591682353067 -0.0532949742939642
-0.0285638252761955 0.00228551547813092 -0.173980915305328 -0.207631672624856
-0.021428162935053 0.00156903176589318 -0.000983696779663406 -0.335501904894354
-0.0114830527087921 0.012168109304945 0.185683460515861 -0.306535999027677
-0.00595130537992191 0.000702193640752781 0.223677078813269 -0.17508734387426
-0.000184286477092741 -0.0166850908611848 0.0274121608144802 -0.18399301568423
-0.0585065521953661 -0.0282771550842805 -0.247006498440946 -0.0625285274218416
-0.000542791801710844 -0.0120606389290065 -0.494346893765027 -0.0961760614048702
-0.0286489892791554 -0.0423808100108016 -0.49085063936867 0.226062969298927
-0.0663545884316157 -0.0323540027374913 -0.186133839479894 0.407068771156962
-0.0571235719693197 0.0197156763470391 0.0753176607018099 0.271325574477491
-0.0281725972656517 0.0289457259208873 0.0668835960088071 0.114695791514456
-0.00542843640602879 0.0195499098718666 -0.0141399011097979 0.0708697088465625
0.00857063560804929 0.00850958608421796 -0.0553300532198571 0.0823967563350733
0.0168169346792219 0.00703125980953696 -0.0916686236141904 0.0668892993779107
0.0175904581614218 0.0272355659120854 -0.156088283813902 -0.0375595226320059
0.00902153575786302 0.0423247876578083 -0.174101671458288 -0.189411554807429
-0.0331333121579046 0.0758844248352442 -0.0181797908622851 -0.323911872127537
-0.0820956773384204 0.0436904825349793 0.15882442325652 -0.319223777921283
-0.0747097545946897 -0.0365089357912593 0.219627535522976 -0.188297184899551
-0.0414496538544599 -0.0713735699793208 0.0353716387160753 -0.197261605155549
-0.0715350315042856 -0.00783789755289633 -0.201471214656346 -0.0588800832074914
-0.0274929561766094 0.00851156397744183 -0.504943040523557 -0.0949566083157106
-0.0364861448959426 -0.00876977892445745 -0.488721338151388 0.237904974517159
-0.0522390236493996 -0.00553851664209413 -0.163025874891313 0.404059449184477
-0.0320645690757892 0.0270591884487533 0.0805901175160395 0.25408422327267
-0.00380394310658065 0.0165651184216036 0.0609947077381711 0.104415691799756
0.014828792412434 -0.00956921607839055 -0.0138829089083994 0.0634461288000119
0.0284728592214984 -0.019122551658898 -0.0455453620852668 0.0695456101350323
0.043199658939434 -0.0173567944505035 -0.0754269372791073 0.0577987696674323
0.0544105107156886 0.0270284927502769 -0.140614961317716 -0.0363581898662126
0.033252410178438 0.0699952233283357 -0.168098860184709 -0.177043647213347
-0.042319728082926 0.121560160865967 -0.0257436459542446 -0.326408257381216
-0.121483134276731 0.0609127320812742 0.168195341513102 -0.336121612404519
-0.112245844390328 -0.0537507301225165 0.262498602082104 -0.168803766600192
-0.0727566486445697 -0.0924986949021821 0.0528640975828608 -0.132931115532441
-0.122210187856757 -0.0480102627169772 -0.208545639087907 -0.0563338911558212
-0.0588569751247929 -0.00996057404672774 -0.498778230105544 -0.0658933374187686
-0.0725228624076819 0.0158530361305114 -0.4536174488068 0.260196670876064
-0.0430811206906428 0.0520481886170156 -0.147131796366923 0.380301326500824
0.0150625299848797 0.0498812581774079 0.0634072406086888 0.243152808663668
0.040172998585583 0.00570075763068445 0.0485193546392767 0.106827893585278
0.0475618690311611 -0.043314235936507 -0.011388221201502 0.0642678451982764
0.0511080977705903 -0.0549674340712488 -0.0338627716252126 0.0575906743855622
0.0585442987310601 -0.0444699386690793 -0.053967832339603 0.0479116433855098
0.0722507878041011 0.0157203072132269 -0.118975850674481 -0.0310084774803766
0.0456676313090219 0.0698318607129773 -0.160393944935909 -0.157703524497788
-0.0297133981736361 0.129447684411887 -0.0337071364481246 -0.327532360617547
-0.114646830773353 0.0765814242928038 0.186035927150665 -0.36091965623226
-0.124065495874557 -0.0351235589640889 0.324514659750156 -0.151206186350356
-0.11279541267743 -0.0899840056438534 0.0917973147114363 -0.0782750447406655
-0.0898921457676982 -0.0533212348283472 -0.157182942801378 -0.0245469491773615
-0.0593236775421609 -0.0545325304759225 -0.4507322277739 0.00174723160263341
-0.102301127118197 -0.00129899247723012 -0.375582693839667 0.288982010153993
-0.064318587085221 0.0783987634580936 -0.0946796367613395 0.362052541523638
0.0354207270942592 0.0744897565444844 0.0813837465838925 0.227153318623474
0.0655777602373538 0.00687863544257452 0.0655867036223212 0.0933839462468681
0.0633943224756354 -0.0485915573957406 0.00756781935677922 0.0392611056320536
0.055046133087212 -0.0558154526921448 -0.0143853102758564 0.0245869100836247
0.0535173877647642 -0.0504503985176982 -0.0347598983829324 0.0220357117544445
0.0605286527402898 0.00774296671818527 -0.103056888714817 -0.0368395552783995
0.0251980862042391 0.0483927149189032 -0.162332141967957 -0.150916855201062
-0.0245311372550644 0.073874346239006 -0.0387379648931168 -0.343564875667878
-0.0509102344341321 0.0431501766100323 0.219384312205031 -0.385094032422127
-0.0523909039226072 0.00568266509363737 0.39458548610552 -0.129223276142334
-0.0909963620630443 -0.0112223599381452 0.123768833376616 -0.00769309874289049
-0.139297095462182 -0.0894664607361307 -0.133343353165988 0.0721161608077929
-0.139299597753023 -0.0482750720937625 -0.374541935365725 0.0729704579536391
-0.140417340655034 0.0666100448257167 -0.309997637596066 0.268016055908927
-0.0207264295220405 0.145562940141728 -0.0842766119778521 0.332123768500044
0.0929963213181481 0.0854572996817364 0.0860056040158171 0.231740847514109
0.104006190900633 -0.00366956705377452 0.0869241552784695 0.089759544203631
0.0880394652880364 -0.0725536008363834 0.0356400524350275 0.0151060248564036
0.0651258048403602 -0.087295743330143 0.00863244121357806 -0.00896403091147762
0.0535979611628127 -0.081162745806509 -0.0193957675019581 -0.000418968441683553
0.0637588473021557 -0.0302512352820884 -0.0991316673048834 -0.0487146010704645
0.0569550630299232 0.00432349482374442 -0.163737507374609 -0.177057301732875
0.0559793541754781 0.0640666586439931 -0.0018975010258154 -0.383784496479364
0.00715203849688496 0.103047738218828 0.301099885565604 -0.382571222659887
-0.0656182289928796 0.0741459152478025 0.463240435824105 -0.0734245090356407
-0.13632036913629 0.00279260764862858 0.186605754711868 0.0264522199917703
-0.121698255132606 -0.0710408648721525 -0.081474779613305 0.151348652728788
-0.12758860854949 -0.0344450235944167 -0.279923292958607 0.133370424925676
-0.119958893910669 0.0724770527744731 -0.246502044768576 0.259357696789713
-0.000997255951320065 0.135523215212856 -0.0618199004293739 0.322739079189262
0.0976736369267975 0.0745513985631209 0.112066108081771 0.234242372020572
0.100746134769614 -0.00570443676342797 0.123370014280341 0.0789422755472624
0.0814962253388421 -0.0645997061732878 0.0671706890653991 -0.0174357304767637
0.058110889021601 -0.077576990175884 0.0284947575989028 -0.044811250570115
0.0303383126949137 -0.0589961727990336 -0.0204447145754644 -0.0185470222449108
0.0280036161265945 -0.0309779035209065 -0.109910480224005 -0.0582245976731178
0.0266801395766921 -0.0309431939583916 -0.188075505333158 -0.196836060791232
0.0771904551208856 -0.00770241958737417 -0.00259734599344724 -0.432717390527563
0.0906601664029903 0.0789956752754682 0.357325804059447 -0.41923927449776
0.00829233463663349 0.13168379163902 0.525198316863388 -0.0741780146674395
-0.0860999995789428 0.0911425093644508 0.20359151884627 0.0140236026798618
-0.0799221894832702 -0.026198722177687 -0.0350339484489446 0.210742421552655
-0.0682200033204455 -0.00806803406412729 -0.203982666736799 0.167542169319059
-0.0607361071484535 0.054908593408761 -0.200369134329156 0.256766505676643
0.0206243783218625 0.0825226638049917 -0.0404596914180292 0.316986861387523
0.0757291831571114 0.0411168841111036 0.133923555308491 0.22852252757641
0.0712710304833881 -0.00973716464499344 0.152905271669818 0.0606924384754463
0.0561421616324208 -0.0499651808068583 0.0937910858381038 -0.0544321935461509
0.0414495576506385 -0.0628841532812772 0.0453734952619504 -0.08186055698426
0.037314279395018 -0.0694749624870833 -0.00277805934064853 -0.0646694135572528
0.0586215622844811 -0.0488141940956213 -0.088634472766816 -0.113850775584322
0.0854262296105929 -0.0204887108271699 -0.112893308052833 -0.264851273743533
0.113189823894404 0.0681925421275881 0.140219852676197 -0.416131333642522
0.0399158794836465 0.141898408923311 0.44576082749301 -0.279449496975685
-0.0602301192668857 0.114932763568809 0.500082159027041 0.037916916710168
-0.107702822286352 0.0441613396345913 0.278045744708064 0.0477432037144421
-0.00308239185635364 -0.0372445324914693 -0.231781327098207 -0.0470128862816131
0.019066406009621 -0.0594610987205602 -0.50349565542132 -0.084784744126524
-0.044126416106196 -0.0780056826805503 -0.494117011346623 0.265606286272607
-0.094912765958165 -0.0408259532262422 -0.155026744731365 0.446942588930108
-0.0707810821658209 0.0294262866717666 0.123938858813759 0.275825503243412
-0.0401053477212108 0.0442397173976035 0.10309041290245 0.0946844583871933
-0.020362528917453 0.0492389509760521 0.00233927328121305 0.0485625686930723
-0.0131948444052603 0.0399555546527302 -0.0448384757328272 0.0665576372699809
-0.0188572742681872 0.0316405076075354 -0.0858969949920236 0.048943642648675
-0.0322064503394078 0.0245354592339216 -0.151919312594872 -0.0547100259803282
-0.0304626240028587 0.00252881254168114 -0.164985954013522 -0.207987020507502
-0.0243265427915892 0.0009746797625301 0.0105088601597272 -0.331599370145495
-0.0126848167828783 0.0108301205492806 0.193566447255197 -0.296220128484893
-0.0070647960428675 -0.00228506814444253 0.225479297761979 -0.164279041611359
-0.000398090763006379 -0.0191133978428334 0.0254852852458455 -0.180361214201916
-0.0613715832643422 -0.0250177450159893 -0.249165713559941 -0.0640320322426034
0.000409390481014781 -0.00876356328209193 -0.496217046037088 -0.114112320569572
-0.0245382281048583 -0.0433828503800271 -0.507832760255374 0.214395077208675
-0.0652670149932646 -0.0384885776133664 -0.201444506877088 0.407887197475659
-0.060556575815939 0.0160492275163994 0.0716417591002519 0.277156460719567
-0.0313389261684869 0.0276863502513662 0.0682388465579842 0.117929670692073
-0.00809523763224927 0.0199078902946948 -0.0117303332653843 0.0719993247876327
0.00678136042558314 0.00905178954435369 -0.0524744266360395 0.0837739772554274
0.0151581759738321 0.00778319930730702 -0.0878712660210727 0.0650995401466458
0.0154627730917713 0.0281934978967948 -0.150879849004783 -0.039257315352967
0.00608864481492967 0.0421995631440719 -0.164959333445716 -0.189086618130293
-0.0368498792135393 0.0736964533250178 -0.00740925929878974 -0.31981294054737
-0.0827899250319858 0.0406318731062936 0.165804330564877 -0.308486796568159
-0.0749676226473685 -0.0399432282502233 0.221649265928457 -0.178212455437038
-0.0412236195676776 -0.0718946213525364 0.0322894206140982 -0.193215079073404
-0.0767857071264619 -0.00254875704999732 -0.203356755309507 -0.0615653848917628
-0.0250378190487379 0.0144945266056635 -0.507426653604577 -0.111023273126333
-0.0293558103121241 -0.00819983788502182 -0.50553518920641 0.225820570667022
-0.0492103734155229 -0.0135962536290713 -0.175124263492295 0.404704985822235
-0.0358381253979801 0.021404130139079 0.0763625611170026 0.257479906174952
-0.00828806199318832 0.014534055987817 0.0607148788955494 0.106597993898172
0.0114077934648375 -0.00948427463288949 -0.0130676063077437 0.0646839435912904
0.0253860197723068 -0.0185108409886758 -0.0441562653120029 0.071555649708452
0.0410380395665608 -0.0161660497140609 -0.0721525085358477 0.0567437135006435
0.0518212824032336 0.0280622802322407 -0.13594018940749 -0.0374075476683586
0.0292276752325035 0.0697471078501987 -0.159523673650869 -0.17762283526084
-0.0465256565337046 0.118075722779254 -0.0149772910417467 -0.32143688341937
-0.12116531229544 0.0566103195866786 0.176856467589552 -0.32711275341491
-0.110963577718385 -0.0566402307937328 0.265374178229688 -0.157143160958469
-0.0733218473317248 -0.0911361046954541 0.0495391582094763 -0.1284078303463
-0.126795334637806 -0.0408024324320036 -0.210592223252342 -0.0594195244983761
-0.0558851031074306 -0.00327684863972629 -0.502066686822327 -0.0825613617632929
-0.0638032863368214 0.0148297646988243 -0.465807582865611 0.250160405249657
-0.0401012626007141 0.0428650450554901 -0.158745003189046 0.379293004542281
0.0111878084225685 0.0435872445091018 0.0585927661200749 0.243840774054689
0.0360812719013023 0.00351269073796958 0.046885660722795 0.10775797996234
0.0431592217892924 -0.0436046532937781 -0.0123286320452832 0.0645390102205454
0.0467278784780475 -0.0547102976214505 -0.0335348857385016 0.058887209872823
0.0552562626471719 -0.0432517098231722 -0.0519047310835241 0.046389912501119
0.0691451831878008 0.0162299895260137 -0.115339251554995 -0.0317696244177329
0.0408862439885436 0.0680015787460867 -0.153780596013908 -0.157979739665115
-0.0323347936664752 0.123132897096273 -0.0247491077026639 -0.322703286894095
-0.111217944086936 0.0715809719999876 0.192860966265334 -0.352756232331016
-0.121845990698776 -0.0358014408111078 0.329274054570599 -0.139567099833548
-0.114992648288531 -0.0859959314553518 0.0896748880097196 -0.0726407366148773
-0.092324209531616 -0.0437799018634291 -0.158010588329505 -0.0276968577259363
-0.0554714792462591 -0.0494139161638723 -0.453196686495501 -0.0123990549845798
-0.0948821191117522 -0.00327216946861968 -0.384469777350589 0.280144199814503
-0.0638410259820644 0.0705824185067258 -0.104108685074324 0.358287228635463
0.0320204015981187 0.0705834606306971 0.0752115166520164 0.226754239220729
0.0625691614087852 0.00578073433785489 0.0616722055809425 0.094016424858942
0.0599064224058809 -0.0486075096117266 0.00447651907502018 0.0408723452088643
0.0516441044848771 -0.0555848598594219 -0.0160066910325021 0.0254410936315092
0.0494735489540247 -0.0492501123571256 -0.0333100510807619 0.020826504140031
0.0564949258133676 0.0075120776614775 -0.100609264796261 -0.0370784450463755
0.0207833224847887 0.044990048176814 -0.156453488776632 -0.151108839804397
-0.0255755727270307 0.0662905493898871 -0.0301628095664278 -0.340760760183371
-0.0453679382387286 0.0395508087222251 0.231226585430626 -0.377172706472297
-0.0498734319626649 0.00867216435156114 0.401702477884522 -0.116282884379394
-0.095097968346737 -0.00607146848094311 0.123861149200778 -0.00214877988153199
-0.142176206166364 -0.0814248985217073 -0.133268924057926 0.0687679973347015
-0.135597312529461 -0.0452604641170117 -0.376666458764437 0.0621163307660439
-0.134880433196776 0.0642314534281364 -0.319037068451785 0.258215936641715
-0.0197198083327749 0.138737226636803 -0.0944267900951163 0.326830980082667
0.0909544643317701 0.0817549008257475 0.079261728394504 0.22952871129501
0.102194183017276 -0.00488580703808109 0.0819946635527637 0.0917685747582984
0.0851134513895134 -0.0726140283608392 0.0307947899647087 0.0158605348374489
0.0614961507863723 -0.087207550050727 0.00574758485300457 -0.00765692117009187
0.04881783609901 -0.0808683953294861 -0.0196326102723162 -0.000717073685411492
0.0604117525180422 -0.0316562433518009 -0.0990647653448771 -0.0490340898498442
0.0536163162729469 -0.000735392751636676 -0.16001527176851 -0.178197203624461
0.0588928414300474 0.0562042222889826 0.00746365861525614 -0.383898106080395
0.0144689103910699 0.102597880737927 0.313343425936675 -0.37464869651797
-0.0650335534509087 0.0795546323939797 0.4706345102914 -0.0596149774143053
-0.142209725767017 0.00899340892598639 0.187456779404408 0.0327296981503349
-0.124075911213246 -0.0643375863615074 -0.0809719660726036 0.148149320894595
-0.124550774658352 -0.0323807324806292 -0.280898109394546 0.123462594483402
-0.116582285395427 0.0708678752147016 -0.254469833396426 0.249289544428855
-0.000497128916010028 0.13191113749476 -0.0725476341183522 0.316810515663792
0.0962708180083793 0.0722181340717244 0.103756333222305 0.233971700065766
0.100425728544753 -0.006161427614609 0.117253071813173 0.0813007780855092
0.0805246821018193 -0.0647104709571675 0.0616009360300766 -0.0160317032506915
0.0553438278294085 -0.0777911810566738 0.0248411325452799 -0.0434187730538042
0.0272522600280418 -0.0588602205860009 -0.0224722453649778 -0.0186604057458203
0.0257553080166632 -0.0323336227148848 -0.111376718590706 -0.0591510109026549
0.0250607541013578 -0.0356096925339646 -0.186123391801488 -0.199331787337431
0.0812104409070018 -0.011780510336606 0.00899986165936156 -0.435586877792112
0.096941077718046 0.081746115424838 0.372111616817244 -0.412436162807631
0.00627044062963093 0.138093862129951 0.535294259397638 -0.058598473837026
-0.0917430612283291 0.0964292048632014 0.205948283125798 0.0189702090318684
-0.0824400112454559 -0.0200799934911756 -0.0337857552687086 0.206868970327141
-0.0673398108518308 -0.00601150585608962 -0.20524868746254 0.157489988472051
-0.059013840551083 0.0553843110086403 -0.208038470911166 0.246082213965306
0.0204363510256522 0.0810010874621955 -0.0516916648923165 0.312286115486798
0.0760709198698665 0.0399792339635178 0.125366172311547 0.229706331563487
0.0721487114790425 -0.0104633528846013 0.147419645243943 0.0641200311373011
0.0560540590820886 -0.0504176993941596 0.087214396921698 -0.0521910328185394
0.040556511669952 -0.0632685923017779 0.0407948713228208 -0.080482159596878
0.035625236101857 -0.0704776595629522 -0.00521955305819813 -0.064549689954723
0.0581384128617261 -0.0498591700932295 -0.0909434336540514 -0.114840988812078
0.0860680520354045 -0.0232023361803168 -0.111917650135708 -0.268450836838296
0.116810876145819 0.0678971152721236 0.153316231311661 -0.419035591455858
0.0431686502880395 0.14488879025167 0.460416862905996 -0.268889122437069
-0.0634323498880052 0.118213699468164 0.507963790746594 0.0565282851387366
-0.11223166749742 0.0478022977434416 0.28205637838057 0.051395981455413
-0.00485869827622423 -0.0379831925946468 -0.244409438189037 -0.0468325120442252
0.0199243028392337 -0.0633646066366078 -0.524695738085034 -0.101215117646665
-0.0460605630082872 -0.0825592639654637 -0.526122575066805 0.268957865787144
-0.102049774858461 -0.0442653878752115 -0.171489022423826 0.468693290378517
-0.0759580621516317 0.0310040032723905 0.12695885062655 0.292240309735515
-0.0433958575708265 0.0465293735285696 0.11065854522627 0.100646813820827
-0.0214435290576793 0.0514274062971798 0.00674573947874825 0.0514507261403585
-0.0133488518598717 0.0417659395312347 -0.0424016617428256 0.0707285340828795
-0.0204466980499713 0.034120544438949 -0.0840634774733199 0.0504552808811705
-0.0340413785077834 0.0267557076773397 -0.152429838287921 -0.0562723508674687
-0.0340123843384411 0.00318650047461535 -0.164360725667043 -0.213337677712724
-0.0281567350202602 0.00105329441221972 0.0182505041706359 -0.339268297839717
-0.0145837616418652 0.0096075594406062 0.20403505053056 -0.300015255446449
-0.00815658788360178 -0.00601150944215898 0.232980207299992 -0.163536974864251
-0.00132275425327772 -0.0219281226926644 0.021105550643658 -0.183751502405602
-0.0666828347725959 -0.0208825816684952 -0.263132477215233 -0.064606127346361
0.00110050644845199 -0.00619887245204364 -0.517976552165819 -0.131691768524841
-0.020889709600095 -0.0452116075069917 -0.540967491994024 0.215669894461508
-0.0676653145413889 -0.0448458672877216 -0.21943403197706 0.426744955586515
-0.0662901479732183 0.0132859771934078 0.0731617562940764 0.292289953830721
-0.0363015286042632 0.0279581169656923 0.0740552121485344 0.124735875396325
-0.0106322113711 0.0208830168221751 -0.00836652483813883 0.0764678434257538
0.00482215331978183 0.0101168416901966 -0.0499601647773885 0.0892401610976484
0.0139162271626983 0.00931982023674431 -0.0858093465289884 0.0677461311148096
0.0150723297180597 0.0302003167866509 -0.151113657379102 -0.0399793626432664
0.00347897357306526 0.0442407619983367 -0.163867295989136 -0.194118139387335
-0.040780244449297 0.0755943284948855 -1.72741282470833E-05 -0.326758398791509
-0.0866668897279572 0.0394973389585823 0.175836528096818 -0.311451144650024
-0.0784120594540161 -0.0442531819381526 0.22881441104491 -0.176344256196122
-0.0442083289989213 -0.0747829661715688 0.0270838141088763 -0.195740148881838
-0.0844762943333696 0.00451930049268597 -0.213855382401162 -0.0635055178822425
-0.0230920950435481 0.021224400826401 -0.531218587343665 -0.126653454247372
-0.0229129496153186 -0.00843100194721579 -0.53596615215683 0.227438403820185
-0.0486789034295593 -0.0217451953295982 -0.190335909888412 0.423685324727545
-0.0407567098287934 0.0171132037006261 0.0777106062508416 0.269778611019755
-0.0125587005969657 0.0131075261647867 0.0647087350615723 0.111950134734905
0.00706582009206069 -0.0103104488692712 -0.0121490996110355 0.0687504852622737
0.0229433340460507 -0.0195350694535508 -0.0435599169720967 0.0775997122962679
0.0395898945990037 -0.0155071002640672 -0.0705328947305156 0.0581128225468799
0.0523910326395812 0.0292726718638154 -0.137090866043732 -0.0383503957508155
0.0271179283539711 0.0714174577866115 -0.159497486092651 -0.182149638740145
-0.051485707903096 0.119431751337581 -0.00955701409290446 -0.328561785912423
-0.124567520710791 0.0559155351846507 0.186693582071441 -0.331562919600761
-0.114537626356666 -0.0600948262738983 0.276543212255481 -0.155960796948622
-0.0781007125806251 -0.0920396970738245 0.0465521059283587 -0.128439575729777
-0.136911503445244 -0.0322026193079808 -0.221121727787316 -0.061963436503696
-0.0545220277598854 0.0040007436626722 -0.525507276884241 -0.094182854608075
-0.0569409994868775 0.015249566384015 -0.494869271144599 0.256407334427509
-0.0381849809961672 0.0352838892520771 -0.17069427212802 0.393453573682329
0.00846943571073848 0.0395137063313828 0.0589314881876419 0.253309638334747
0.0328842689942994 0.00109978360728995 0.0474766241200985 0.11272914793408
0.0394215084749766 -0.0457600332485616 -0.0138093875076857 0.0683499117341736
0.0433691736482484 -0.0571857704598916 -0.0331448209416612 0.0629491657114642
0.0526210086536322 -0.0439498521582811 -0.0503007231270155 0.0476639135588429
0.0686525311585724 0.0163332646409079 -0.115694013705456 -0.0320552441106717
0.0384994181850424 0.0680618479252437 -0.152969905224993 -0.161767148359543
-0.0350495868784285 0.122146717428364 -0.019536028424857 -0.331201815488847
-0.111343188480558 0.0709750699930358 0.204621654707934 -0.35825540681856
-0.124721134109304 -0.0356840388968302 0.344528488182745 -0.136629701435048
-0.123078917650603 -0.0836246990472561 0.0898813594262997 -0.0705628013875874
-0.0987823021316382 -0.034537732866718 -0.16546160842609 -0.0296434547421929
-0.0535327548864617 -0.0455501530110383 -0.47403747588967 -0.0205933646456582
-0.0908425334370431 -0.00458636485401145 -0.407281438725632 0.285274033871023
-0.0644077140862886 0.0661413006372539 -0.113384539876237 0.369264369081521
0.0303927578907861 0.0678144270842316 0.0736215022425903 0.233273000175042
0.061816278284186 0.00350589318155658 0.0609434654296041 0.098541927239079
0.0574199000456707 -0.0514722370341841 0.00165657124242459 0.0435373349704044
0.0496045014867061 -0.0583956875862069 -0.0168188179365962 0.0281640040776731
0.0460976885324874 -0.0503101009482191 -0.0327120946173839 0.0212529061714854
0.0549700607720948 0.0069103469942869 -0.102977115465196 -0.0373144997533203
0.0170664104512055 0.042544434082776 -0.159179189331155 -0.154260784903676
-0.026766237809445 0.0614783212224199 -0.026132302474775 -0.351728990128901
-0.0402329836244279 0.0380333244879858 0.244312021957198 -0.387309839413537
-0.0493294409025173 0.012175989532762 0.42306742945822 -0.113679408990489
-0.10303792116044 0.00054774669117273 0.127641626460456 0.00242315267933674
-0.151787648619012 -0.0742931729015955 -0.136940126615675 0.0692914756322493
-0.137257074427047 -0.041499414641743 -0.391976480337405 0.0577687304154278
-0.132839927236859 0.0664670517272044 -0.336015871352624 0.262209326484739
-0.0176039771552174 0.137747662009155 -0.10386473298646 0.335170512328872
0.0929254143585781 0.0803259759912718 0.0778082098582389 0.236557862528655
0.10474542636215 -0.00730807624321038 0.0807535473076558 0.0957115229881459
0.0840853026750992 -0.0765589020360065 0.0270891626513328 0.0181701935176716
0.0587915757118839 -0.0915595538519591 0.00328785888872092 -0.00670498328516795
0.0450364859516086 -0.0837996353504035 -0.0197808433912796 -0.000894018190644655
0.0573429286865649 -0.0355496811239757 -0.102926453914847 -0.049370362533218
0.0517024868110402 -0.00751056342217076 -0.165577667350327 -0.183479099402858
0.0648430631651807 0.0494214984227872 0.0115186545089284 -0.398565041107573
0.0250480265859825 0.105976904342273 0.332899613046246 -0.386355164570226
-0.0663106420713369 0.0898428496882886 0.497923910025147 -0.0522296879518937
-0.153771675239835 0.0184380375429129 0.196374095514981 0.0378452757335701
-0.13215543291673 -0.0576825148711255 -0.0809020289374153 0.150389804476236
-0.127468476189526 -0.0293785796175747 -0.290731113632318 0.120505735130007
-0.116233975400968 0.0736682520755647 -0.268593497374666 0.251387395042192
0.000919328837869668 0.133181490868368 -0.0821446032039923 0.323981550042836
0.0999169969362483 0.0715467196725402 0.102146436709238 0.241163102252172
0.10369916697006 -0.00849358245399982 0.117706130347492 0.0852146365341702
0.0809125727753959 -0.0689455915062395 0.0580546471863374 -0.0153947498123246
0.0541554657065272 -0.0817073009586287 0.0211123934804009 -0.0439487573816527
0.0239136507701599 -0.0609670357125465 -0.0243832125178112 -0.0194298663093023
0.023436710145519 -0.0364407264837135 -0.117656322319868 -0.0610066719493674
0.0239115880749021 -0.042108855266391 -0.19232800358798 -0.207813707668376
0.0886007520102358 -0.0181415591916389 0.015456174656023 -0.455585405565606
0.108624969150339 0.0859617573905453 0.396588234746396 -0.423993291302229
0.0071930677332547 0.149720102251984 0.564975793409671 -0.0494965045791204
-0.101118182618495 0.107034352068564 0.217149925967917 0.0222784120376296
-0.0880060398297548 -0.0139536129477446 -0.0306385012131092 0.210316490893092
-0.0688732834302201 -0.0031670853688572 -0.211130983754201 0.155365280051836
-0.0574894007668096 0.058618671535011 -0.220700619237423 0.247212871438907
0.0233595846228342 0.0817271156756028 -0.0617677278749546 0.318958883156265
0.0793950424953616 0.03917353090509 0.124132761414911 0.237538819584924
0.0751964727170893 -0.0118052955484281 0.147917735165058 0.067981913289729
0.0574319736039404 -0.0532845121589118 0.084390018001901 -0.0524184012613016
0.0403350787942447 -0.0669025480689678 0.036399768644198 -0.0825719129054016
0.0339289504986031 -0.0739810528464161 -0.00939608989494562 -0.0671686108869569
0.0586673574355898 -0.0538712086104688 -0.0983321215854772 -0.119017116034493
0.0896419763368204 -0.0279368912783557 -0.117247798055898 -0.281965602772621
0.12651371612282 0.0671914732844575 0.165759315895982 -0.440238774314391
0.0489429600111835 0.153653466824529 0.490633153397805 -0.274844997877662
-0.0681230142264796 0.127334338505553 0.536645362281451 0.070397883352775
-0.121322377539083 0.0552608874002966 0.29765478927657 0.0534094488575788
-0.00766688562629664 -0.0396982929541087 -0.262817301461831 -0.0369621474652507
0.0186623768597083 -0.0699356405887895 -0.563685977355321 -0.0979582028117478
-0.0519612140707846 -0.0878883504985148 -0.562129249332823 0.297392388814034
-0.113884513484275 -0.0437511128233824 -0.170799486707533 0.508793391262883
-0.0813429111222871 0.0360409143094712 0.144850881472245 0.309634700766328
-0.0455246459893085 0.051717111182076 0.124632969549852 0.104598137700847
-0.0208658038388623 0.055799186537284 0.0138058621177053 0.0557690371228367
-0.0120828136849877 0.0449055895024986 -0.0362581451760053 0.0784419386835103
-0.0208795509302648 0.0375874055121783 -0.0813307248478091 0.0563443123998619
-0.0357180098535173 0.0303042039654869 -0.158333125388107 -0.0534926582481821
-0.0379268378310374 0.00522343065109921 -0.173672238636265 -0.217200732556696
-0.0327366272587296 0.00232058499243475 0.0133770334071512 -0.355794160129414
-0.0164069137173484 0.00857926628811936 0.208448466482022 -0.314940837807319
-0.0104795868581977 -0.0094133324164456 0.239303153008163 -0.172921841836445
-0.00262938092981638 -0.0254165449335806 0.010111584638091 -0.190949252531511
-0.0742508033584408 -0.0145684475117634 -0.28484368977667 -0.0542449231553994
0.00287045173952598 -0.00355557040994622 -0.557615058359526 -0.129314353276541
-0.0190561224533174 -0.0478851285130096 -0.5785319740048 0.242361019096592
-0.0740336472357424 -0.0505621243614563 -0.225907315869357 0.465414979172525
-0.0731804994817065 0.0141254308003661 0.0880358385550624 0.312136265578791
-0.0409381056142617 0.0301558910812395 0.086679539404624 0.131164462655129
-0.0133582037311729 0.0229832032261938 -0.00216213840427856 0.0823533128966533
0.0038957726431037 0.0102771657640711 -0.0447878017451096 0.0978519028273211
0.0129332933944145 0.0102841861974162 -0.0822476862588902 0.0752203520162976
0.0160597051621852 0.0324000880928034 -0.155955966240861 -0.0360253821713366
0.00253864010697981 0.0458899032838029 -0.173206386705305 -0.19714603809984
-0.0437467125299557 0.0804517714727485 -0.00468547557726567 -0.341150312231847
-0.0908088948681039 0.0428808281944928 0.178068591479453 -0.326709056688203
-0.0847673743403773 -0.0465303700850581 0.234224424981501 -0.187631928483846
-0.0514348878131485 -0.0769632418928369 0.0148146041541582 -0.202153852664429
-0.0924615448389069 0.0170632677739987 -0.232345872134498 -0.0585457732699545
-0.0184304782406821 0.0289533134391974 -0.572558648196396 -0.122366118809296
-0.0157385675956983 -0.00828983294848764 -0.573205394218965 0.257871515669306
-0.0504277190842752 -0.0295326439434578 -0.192107089329852 0.45906107483469
-0.0466272508323422 0.0144712877503286 0.091217472852909 0.285030435017439
-0.0161245358584402 0.0125453172883295 0.0739692994490872 0.117543777141817
0.00272467482415015 -0.010416420421253 -0.0083101275207268 0.0743300885127158
0.0198320087529206 -0.0209504003665641 -0.0389277800751421 0.0844026765076288
0.0380112899300708 -0.0171305476131173 -0.0673276394167048 0.0631072268735814
0.0542286251033904 0.0295558596445493 -0.141001670979779 -0.0349581759624661
0.0277208258587432 0.0738889193540945 -0.167698563082269 -0.185446614402207
-0.0527508561327521 0.125107576057619 -0.0149656393970966 -0.342605518574735
-0.128223216706856 0.0600032990219843 0.18819511553756 -0.348986731490338
-0.12329934567902 -0.0608218285251034 0.286737147201539 -0.166896736264755
-0.0889546237490606 -0.0902165595604826 0.039320907208235 -0.131613059957258
-0.150343502604319 -0.0177488032379581 -0.238524284902353 -0.0557669070992535
-0.0527924357731112 0.0152166560761496 -0.563873142478095 -0.0868056892795449
-0.0489524217004305 0.0174005437760145 -0.524104015950746 0.285067510607341
-0.0362440021569206 0.0287157731032646 -0.171112575879524 0.424268707841171
0.00639218465102288 0.0339691462080252 0.0703554586282193 0.265631523089744
0.0303435189394668 -0.00258380645121089 0.0535942071902533 0.117599857950053
0.0339634977045926 -0.0502642499669332 -0.0121504636967573 0.0741376605364949
0.0379889345963258 -0.0623143588039592 -0.0308524420303452 0.0699545458962883
0.0492965146773625 -0.0474145025293545 -0.0471741050487953 0.0513080595524841
0.0693029251255158 0.0144028930144934 -0.119171451083582 -0.0284393333985346
0.038935640659625 0.0678834438108558 -0.16148432607927 -0.163201068782598
-0.0348540712203407 0.123957869934581 -0.026883188334809 -0.344477606835868
-0.110052754670031 0.0752639967022519 0.205838100037341 -0.379272440939824
-0.131373667183419 -0.0314857890509671 0.363063280981521 -0.149588875187192
-0.137548749480899 -0.0768411442516946 0.0892654826394804 -0.072137683397637
-0.10912124220666 -0.0218518838877838 -0.176994036016169 -0.0254106452180494
-0.0536210545845659 -0.0391052267573449 -0.50510085018558 -0.0104920613374545
-0.087455071769355 -0.00420505440139109 -0.427083797761828 0.314405225342515
-0.064923666121031 0.0643521577808612 -0.110851311714066 0.393087062724285
0.0308770627806383 0.0652957017253283 0.0835687245667905 0.242304920026455
0.0614885099826712 -0.000461304585864747 0.0659297039094228 0.102071542147861
0.0543589588247718 -0.0567522541095702 0.000766649307388349 0.0478405991363199
0.0446377416482186 -0.0642157114148044 -0.0168149711529518 0.0316902150449475
0.041910673412607 -0.0534863312631322 -0.032007520956842 0.0229056144763718
0.0537507121344694 0.00362006468426711 -0.107601962070246 -0.0337187573535819
0.0144510426110739 0.0413629140539202 -0.169228129436705 -0.15619631671822
-0.0266473678317687 0.0574922660536633 -0.0366149337006978 -0.3681273407718
-0.0337062426491016 0.0376560107434811 0.248093893810534 -0.413559810861596
-0.0486983283398129 0.0186767924655676 0.448438395969429 -0.129299992612741
-0.113951342761749 0.0129994057568212 0.13521206446284 0.00286790059686205
-0.167187440172989 -0.0613680909696785 -0.140621940563263 0.077042276608458
-0.142751954075115 -0.032674145148439 -0.411763720814327 0.0706908883917604
-0.130014012370386 0.0741741165808428 -0.350896194377794 0.284099597022834
-0.0122500765096924 0.139547788618776 -0.10359666937145 0.354875031724881
0.0994868944844692 0.0756934710110512 0.0857460630828305 0.244280463751318
0.108568001208049 -0.0145119016166857 0.0845958007934713 0.0987953904676242
0.0813228748283383 -0.0858601464562933 0.0245510597935356 0.020055414470732
0.0523928105792426 -0.10013149944658 0.000718124083432531 -0.00562889781041752
0.0378686972174359 -0.0898697388483227 -0.0214175975765985 -0.000616017605537097
0.0543842081389868 -0.0424132047137001 -0.11038015221571 -0.0460222479504335
0.0498958125825163 -0.0159795422663637 -0.180100736691298 -0.186797418898189
0.0748057385195209 0.0401060565850166 0.000637234783920049 -0.423373586038992
0.0415622760886744 0.109440828268535 0.343542523183721 -0.417687138069876
-0.0646634868106783 0.104902276379252 0.532868078521835 -0.0662267953948765
-0.167755557606848 0.0360918214517748 0.211640846717367 0.0357919368157054
-0.143981994009075 -0.0450059632107646 -0.0755936256812824 0.159368333644599
-0.133196450442753 -0.0221803838360389 -0.301894182399523 0.132803774744006
-0.113992813532747 0.0823552685560436 -0.278916464665825 0.26921241646865
0.0071301455499259 0.136409639402638 -0.0815923629269423 0.340919437506692
0.108165632768545 0.068537774477824 0.110932955214291 0.249836836111233
0.109522021791369 -0.0154475607249511 0.122504786379786 0.0866386386848988
0.0800466957338016 -0.0768269518123679 0.0544093397627753 -0.0164803592533006
0.0497479677902294 -0.0900522475216795 0.0160870381399859 -0.0454414476263542
0.0182986693910518 -0.0648507543204864 -0.0279168891020051 -0.0194267711401566
0.0199544612721054 -0.0421855868378466 -0.12858252770812 -0.0583835386061502
0.0204764283743906 -0.0504924976164344 -0.211174374590177 -0.212526724636983
0.0975782548281814 -0.0296910406022389 0.00252552734792643 -0.487162119841231
0.126529207186255 0.0876220941442175 0.414619651496877 -0.461583908502261
0.0139282109000238 0.165055831171309 0.605255044041057 -0.0660249561285778
-0.108445794024 0.126190669692005 0.23438084591188 0.0177752939320737
-0.0951191074588927 -0.00258731203577046 -0.0181605818865071 0.219799851995264
-0.0714545578285765 0.0027143669473882 -0.215691579343504 0.164612640245075
-0.0546595761156118 0.0654799322818623 -0.229326156049626 0.261201944251095
0.0289450817008337 0.0834881446746819 -0.0609987527819871 0.335356874558943
0.0862090460801274 0.0363328021321368 0.133899899383725 0.245706819535007
0.079777854856244 -0.0170959269652336 0.153922168924125 0.0672802860458492
0.0577179974870156 -0.059510763375068 0.079599728662864 -0.0563421462592248
0.0378929441339825 -0.0734472112793085 0.0295350278597639 -0.0869789778882646
0.0295262951472573 -0.0804933000276259 -0.0165118726691484 -0.0704919034740709
0.0586487292562332 -0.0626866004503224 -0.111221925203901 -0.121766941980651
0.0932126978885284 -0.0383478500498319 -0.136229301070546 -0.296902528094225
0.141640432140888 0.0638427230530483 0.166510761193294 -0.479034881118395
0.0636813208269845 0.163063360949183 0.520577709229238 -0.304950406892423
-0.0697278426026643 0.142192924877939 0.580072975585088 0.0655049981570439
-0.130988973458185 0.0705485733577708 0.321759256278641 0.0440608896863064
-0.00537393341688308 -0.0375352767169585 -0.26586661296856 -0.0747213457715797
0.0257138129365971 -0.0613228198949352 -0.572884206506028 -0.194916193833357
-0.0378477190217265 -0.0897591415529981 -0.637775294958122 0.215807179265569
-0.103671040929296 -0.0560193599843917 -0.268668168711078 0.504601076279032
-0.084699980782329 0.0226413434661882 0.102816406213962 0.351589497444917
-0.0547838925454047 0.0463814944477952 0.116716553144431 0.129927151309875
-0.0302949249542757 0.0552043390474477 0.00971532436593125 0.0626227131758329
-0.0203690584467106 0.0447944505134628 -0.044407887378923 0.0784899740010092
-0.0286174661792823 0.0364644713839731 -0.0867291710698097 0.0476168644461535
-0.0434544765089413 0.0263370300842748 -0.151471597016713 -0.0768937775636752
-0.0441963351224706 -0.00413674722241687 -0.140677827606407 -0.245756658601326
-0.0345658832813129 -0.00697527870162403 0.0738100394725359 -0.361134723205754
-0.0154548995361006 0.00248856573496204 0.260607733797479 -0.289304784149541
-0.00607566977497762 -0.016068043043526 0.268504206782289 -0.133972150915711
0.00114253697243803 -0.0317494992422613 0.0345154750105168 -0.191365091119508
-0.0817368450848351 -0.0177051955946466 -0.28911350896405 -0.0944677249466057
0.000599011428893747 0.00807304110344688 -0.561867554712378 -0.223569193019173
-0.00750940383441949 -0.0423270163377731 -0.644723090598532 0.156860108367105
-0.0598859285589691 -0.0604258871648839 -0.315964431542701 0.452007337450717
-0.0730939965239939 -0.00101118994544718 0.0431996002767213 0.342892656312088
-0.0481535939260719 0.0234303400097203 0.073738212137809 0.151941943712693
-0.0202316271589991 0.0218559731821851 -0.0109103792758789 0.0880063483742158
-8.0575858181625E-05 0.0120215194270211 -0.0557055035582127 0.0981320020774845
0.0095267571202122 0.0134536660321729 -0.0908978492206375 0.0675831285917921
0.00896992991203339 0.0361632262603811 -0.152350790815556 -0.057740741063779
-0.00997609184235522 0.0462542253727045 -0.144221184528124 -0.226203220843754
-0.0581557597241108 0.0710628664762022 0.0509049132358613 -0.352346573343988
-0.0978619280448237 0.0227147627072295 0.233813940970928 -0.303828185906246
-0.0771382836072809 -0.067078783750317 0.268780864257452 -0.146854847572665
-0.0431188100202874 -0.093244440857926 0.0403433495144638 -0.197433272952044
-0.108563302126056 0.0100420113100074 -0.23513028133735 -0.0911163894710558
-0.0202857817458443 0.0419846041858469 -0.580282921183501 -0.214937622151304
-0.00612409606842931 -0.000608389040002296 -0.64097350827073 0.180234687528324
-0.0368162517153265 -0.0393751131855946 -0.276720593125299 0.449774055709415
-0.0472599292600729 0.000493162926652422 0.0515674886641592 0.312321513722279
-0.0220093645671114 0.00797940246834708 0.0608386899002423 0.134569989780403
-0.000333078598746864 -0.010183897911753 -0.0171821203591918 0.07801557147734
0.02036395737449 -0.0177693083080065 -0.0494258513213256 0.0844012500199022
0.0389715519773485 -0.0110400290783854 -0.0746523071618688 0.0571519586858859
0.048277860226998 0.0392017984643437 -0.138100407160706 -0.0537895908525396
0.0106354883655982 0.0790412519588035 -0.142489650165254 -0.214815089979305
-0.074544531933218 0.114494830604219 0.0404601290594912 -0.3584203157972
-0.137959137262025 0.0328746348107567 0.24776247543775 -0.326633663318177
-0.11270946627477 -0.0858728117587059 0.323874185837113 -0.118511635299232
-0.082158303890091 -0.110510148852445 0.0590948828483125 -0.117971623025346
-0.159037792163919 -0.0278278671057903 -0.244010323861613 -0.0922609712414728
-0.0556208637972175 0.0244250160525038 -0.575926571391718 -0.17554603182401
-0.040381728294849 0.0185713915730823 -0.592320461210438 0.218694609955679
-0.0299435222094092 0.018783929665724 -0.248731697172944 0.419359634484672
0.00330394310589852 0.0275285531352628 0.0345512391623461 0.286633924524041
0.0287418926378645 -0.00138319974533162 0.0387512999701935 0.130819642832434
0.0364968713458682 -0.0467948301368669 -0.0223287877838796 0.077053938373347
0.0442328003629053 -0.0580769102036661 -0.0397929875568409 0.0705866322022368
0.0537847983663302 -0.040197659283207 -0.051762314363819 0.0484099514538713
0.0652530912870353 0.0252919368182233 -0.117438135077731 -0.0426786280900671
0.0216531513421122 0.0730554486292754 -0.140018494791867 -0.19062136555479
-0.0536071060172142 0.112024259296775 0.0262447741947777 -0.361118667765653
-0.117440172726525 0.0515190253304155 0.270474423759607 -0.357763025565207
-0.124248567874238 -0.052551259050984 0.402825142068559 -0.0915490494551021
-0.137892052102332 -0.100272434779431 0.105863574166079 -0.0478999311369898
-0.11444401262383 -0.0259648649218319 -0.181591473084081 -0.0536840012782503
-0.0467956441649476 -0.032491952433281 -0.525872967537126 -0.08915093746727
-0.0765622804906289 -0.0111861435892882 -0.49538544226615 0.257531529840192
-0.0666152254970264 0.0514651166156867 -0.182052346646634 0.393173209146038
0.0241190188628904 0.0648014684433011 0.0518044593724121 0.262907126173924
0.0619042406140822 0.00642973702463628 0.0523135412680467 0.115783029186935
0.0587187764409518 -0.0506238010690101 -0.00645250187266845 0.0511860494632994
0.0525622800501617 -0.0587943918297452 -0.0222690096823818 0.0325577978520593
0.0466143724167496 -0.0476912448008787 -0.0336123685981813 0.0200367167543235
0.0500827153759709 0.0103026946126312 -0.105556244753036 -0.0469643209036951
0.000513574786243892 0.0393724779868491 -0.149490913006628 -0.182304696389896
-0.0344226996809009 0.0415617358394265 0.019319162864874 -0.386128141019705
-0.0275425881450316 0.0272308825037577 0.318327003130876 -0.389269106772574
-0.0446186477547772 0.017542604399155 0.486988781465913 -0.0596371989867514
-0.12864882669266 0.00280507329415382 0.14594988358909 0.0314466649745975
-0.165060099467051 -0.0745458879441708 -0.158558068394792 0.0530377478495182
-0.136042300664098 -0.0408119125664037 -0.44059129537671 0.00882668234285027
-0.132918414685081 0.060679662818417 -0.411895309958065 0.242385567703305
-0.0236680383570436 0.135063098991555 -0.167713952677034 0.357466793622411
0.09295268769903 0.086339196580035 0.0567624681897293 0.264408196755883
0.114107659666772 -0.00155267832170661 0.0731217328246838 0.113832426902982
0.09180975410622 -0.0772510424212441 0.0220038354219462 0.0252781722376141
0.0663486391927003 -0.0957098208952375 -0.00140831676880961 -0.00474186137825145
0.0469082042917935 -0.08697471811326 -0.0209561678551149 -0.00227504204383976
0.0568321447369161 -0.0391718791983866 -0.108304506342087 -0.0585123916946248
0.0488473517923385 -0.0173528584369588 -0.161126185702952 -0.215575188140323
0.0800520171313729 0.0370724056002971 0.0600561572557879 -0.438926708296236
0.0417346128417525 0.120510868156612 0.421703348462301 -0.384807075259596
-0.0766843659266722 0.109885005168581 0.568523592162284 0.0127152693986728
-0.191973877028667 0.0199000626518757 0.226377373845392 0.0758357315131696
-0.140810627948006 -0.0560845749866019 -0.101366725307417 0.146725279592591
-0.127746500215846 -0.0320212012959825 -0.331528103325703 0.0876032967324251
-0.12080347992725 0.071282912205918 -0.335029311047758 0.235091834120439
-0.00443646930776417 0.137769197911867 -0.143542721852796 0.345737265492933
0.104872613537114 0.0824397042414055 0.0816175126768878 0.274330119980143
0.116764848845298 -0.00181521400566363 0.112739458941387 0.106922023535154
0.0912530544864829 -0.0675800178169226 0.0573636696397048 -0.0080689195286061
0.0631646845686145 -0.0859130069806567 0.0194200360252867 -0.0438092410291157
0.0245937684108515 -0.0637346537972708 -0.0283707719379926 -0.0234873594300677
0.022532889459451 -0.0435344141995198 -0.127151858286126 -0.0751951846278404
0.0265129284742028 -0.0573192415588534 -0.19089449424324 -0.247272669829751
0.11503346805924 -0.0297016548847585 0.0719279137308624 -0.50325006435395
0.132896157401 0.115369921672293 0.497092871303822 -0.421745195036915
-0.00580304469119736 0.186186596505026 0.641069293374915 0.0232749787687556
-0.14283569011881 0.124423092004508 0.253129745394745 0.053719589486406
-0.0948539489343299 -0.00676464596674637 -0.0479614179011209 0.2169218083843
-0.0696174698205921 -0.000477183449373758 -0.24349395384461 0.132385478380773
-0.0597609652258402 0.0635012998466518 -0.280048455679463 0.231942018808356
0.0247030957866747 0.0887063857482339 -0.120664724564869 0.341156130174049
0.0884156440779983 0.0465978086811348 0.102805651847432 0.273909263527478
0.0876827251855853 -0.00788342407658494 0.147156489744965 0.0913256044207416
0.0671187999110204 -0.0539394638700623 0.0864572956798179 -0.046871942000593
0.0495312780752 -0.0717037077068478 0.037902697706794 -0.0850739126865201
0.0406089322368477 -0.0795828370713857 -0.01047312632228 -0.0748489866593884
0.0680217903005133 -0.0596863680102043 -0.103796352947769 -0.138697924033146
0.104804045447678 -0.0307147053636927 -0.106233714966561 -0.3269938489061
0.149639258303215 0.0804801653529817 0.23708373605716 -0.478246290693284
0.0489212770255503 0.186881867636095 0.593659353663186 -0.244077827343055
-0.0925633267904756 0.147220586137167 0.598073941557441 0.15724092793982
-0.154909625591023 0.0590672728130463 0.340798624849278 0.0962434839360603
-0.00906462854981615 -0.036288292649408 -0.274132910548808 -0.0437152679597448
0.0199383806403118 -0.0665420188236305 -0.595383332775331 -0.146769672047746
-0.0468616835057159 -0.0880332177417322 -0.629623219429078 0.272938819284959
-0.112424857301225 -0.0458729769638691 -0.226676845349625 0.535741167307256
-0.0843861630406303 0.0309854026965413 0.137370722382419 0.346632899702817
-0.0505911606430309 0.0527639812630264 0.132681747949927 0.120492677349726
-0.0243756320583012 0.0591761960557691 0.0206592709720705 0.0621475315876637
-0.0155971540157007 0.0465212868052027 -0.0303176739289382 0.0834755557889353
-0.0249064437478708 0.0398992302782378 -0.0756761047367707 0.0558622176091716
-0.0410866926947275 0.0318856541404088 -0.15193994274242 -0.061393366278087
-0.0468364110896419 0.00134061531734515 -0.15620112293396 -0.229250208069194
-0.0376950193781329 -0.00239266522781914 0.0450008139035128 -0.36337587081239
-0.0170346020363828 0.00172877928418784 0.235093606949937 -0.3029878671357
-0.00997980008722297 -0.0195245698310336 0.251404609273641 -0.150193482960225
-0.00290079671844832 -0.0336904852063149 0.00898390452701336 -0.188285487504477
-0.0866617107701536 -0.00524728463778728 -0.300699197128704 -0.0606625445958936
0.00300584560927831 0.0104850673018043 -0.587764431986944 -0.17586771101175
-0.00611715304217894 -0.0433361273373824 -0.642633385742221 0.214236669828518
-0.0658867078359219 -0.0594601553732835 -0.278500698161897 0.488463698999357
-0.0768837356766191 0.00331600394948986 0.076648964001182 0.34252330717471
-0.0492460238992938 0.0274306983592236 0.0916291314820759 0.14645544921571
-0.0206815728419997 0.0245143006860511 0.00184528251848698 0.0898198533500029
-0.00121516641294406 0.011905862846509 -0.0398660894073705 0.104952881092764
0.00959853617913244 0.0137478961879958 -0.0768596140349025 0.0752169255202809
0.0111428645855705 0.0360499412343975 -0.150417152033228 -0.0420693129245028
-0.00839614906833314 0.047264092269113 -0.158022277118312 -0.210802640810355
-0.0541604558499416 0.0755222531204745 0.023875925728919 -0.350960002756147
-0.096055300621715 0.0292082038595621 0.206534725909509 -0.314957809159887
-0.0849020513154127 -0.0615231604136226 0.250901916817238 -0.163434590556746
-0.0535598855800757 -0.0866471223977725 0.014016752200962 -0.194177365891774
-0.114708273220667 0.0252404609831452 -0.246836798260194 -0.0648297240366123
-0.00630585487146289 0.048709767763179 -0.60614605350999 -0.166549883983095
0.00394477236194943 -0.000896150220443263 -0.628244574186932 0.247629946444469
-0.0381605337546285 -0.0438557311474294 -0.23894731470986 0.479246977572843
-0.0507868040677036 -0.000612486857652528 0.080753752514143 0.308443846958783
-0.025936847216236 0.00842055353957871 0.0748738145646872 0.129221755718524
-0.00572240082312363 -0.00918975380804994 -0.0082025401631911 0.0809376652802674
0.0139201773326298 -0.0198755189398269 -0.0372928993143549 0.09353930600324
0.0350308648404872 -0.013006745453367 -0.0628931987488743 0.0633131955833956
0.0497394583734109 0.0339877783669251 -0.136552362141814 -0.0388088911297349
0.0148623007704196 0.0773209255987514 -0.154610164836808 -0.198657310423858
-0.0658817087384641 0.118379588728714 0.0127441266879715 -0.355957330202049
-0.132910132871256 0.0425166239316488 0.218695039438308 -0.338968031092472
-0.121341822235182 -0.0750048488454018 0.310315362544616 -0.140506504633999
-0.0950122308210366 -0.0970528468644948 0.0419419302448621 -0.117028686067042
-0.165668819221062 -0.000651793842900749 -0.254655756204586 -0.0657475867888588
-0.0480250568948115 0.0387996073575155 -0.597487926616534 -0.124585262117001
-0.0266800395815196 0.0212205468592891 -0.57868657135519 0.273852076056823
-0.0249727692763373 0.0114247387177885 -0.21139455925687 0.442101849851337
0.00145632909429254 0.0193978575714976 0.0602330186680224 0.281434285856433
0.0236461312807307 -0.00710944568187283 0.0506081053012932 0.126970195799798
0.0261039410504962 -0.0501069415966599 -0.0159047172909624 0.0805930781619624
0.0324592185464624 -0.0625411521623094 -0.0306467899677481 0.0762130222125215
0.0453657333605696 -0.0444006966057972 -0.0426265475673032 0.051939450784995
0.0636071082480291 0.0178824812507162 -0.115349860933422 -0.02958137430942
0.0234327625960758 0.068251084433431 -0.151374311809334 -0.174566769847807
-0.0445042143379249 0.109813415281626 -0.00253830361676179 -0.358491793453434
-0.106780581745964 0.0574042407233651 0.237313996289463 -0.373054367495131
-0.127803792707045 -0.0371088793907708 0.394519933634899 -0.122042064906406
-0.151763795780806 -0.076942464054415 0.0975584549376081 -0.0518239892854093
-0.117670405325686 -0.00151921471554531 -0.187353528489227 -0.0357247646999939
-0.0445060922944246 -0.0212236185044316 -0.534788034480723 -0.0434301290229887
-0.0677225307226459 -0.00723375356032983 -0.473279589120927 0.302305310002913
-0.0610184221971234 0.0495868218078511 -0.147970053439412 0.406983476957929
0.0261821810533771 0.0557184094820819 0.0725515491712579 0.254179658415031
0.0585797868497488 -0.00259151583156853 0.0599525760236977 0.110306517942823
0.0492709102720492 -0.0558158070445212 -0.00443331641403505 0.0540046667159436
0.040719663743958 -0.064080501799801 -0.0192794460926226 0.0363811192983714
0.0366855725045452 -0.0508729017859608 -0.0297067991974733 0.0219421239564358
0.0457318915892567 0.00364442032538823 -0.106576119110838 -0.0345131709464266
-0.00136160628454801 0.0352573741389689 -0.161951577570246 -0.165819858488361
-0.0306032986279586 0.0359971561663403 -0.0139959505028051 -0.38394683574164
-0.0164302190181205 0.0244882997979601 0.282891421622837 -0.413083584498103
-0.040085159382855 0.0268994735662915 0.485274056218683 -0.100816937967975
-0.132387303824281 0.0265711841898337 0.149096020451863 0.0212538313394378
-0.174992888776355 -0.0458689616259612 -0.150361876851154 0.067907527849558
-0.135087361952416 -0.0210361238902653 -0.435748609638024 0.0461255879897025
-0.117242881963554 0.0715589705875779 -0.390821007861236 0.27570834376092
-0.00916917752395541 0.130232387097953 -0.13717352381689 0.368166507931639
0.0988952390006097 0.0711138869735042 0.0758365894078586 0.254882912038681
0.111365376258209 -0.0160601657758992 0.0787638340862565 0.106301638138431
0.0790956141272049 -0.0871223366527756 0.0184026962794673 0.0255522805184224
0.0496864275363067 -0.102979432145292 -0.004069872369589 -0.00169121428242122
0.0315496778028094 -0.0908736369769512 -0.0209939895557373 -0.00126204144814303
0.0468281482851125 -0.0477063139452294 -0.112174347459595 -0.0452121428715329
0.0414178274949677 -0.0291783321603408 -0.181140671857391 -0.197569206963515
0.0877462458218393 0.0172702331535562 0.019978800171309 -0.443244093880674
0.0648377868808944 0.114087856944728 0.388674061211994 -0.418899324468887
-0.0624551072111877 0.126422554222925 0.577166606279381 -0.0351055691608389
-0.195892564021546 0.052421628411656 0.236714940435526 0.0560099601819485
-0.147462079950975 -0.0314473752278154 -0.0815879697648378 0.153598705941178
-0.12741719679595 -0.0148228868023637 -0.31878771189171 0.113447030786349
-0.106618236998039 0.0817337645713579 -0.314194647238458 0.259133183280974
0.0105694473790514 0.133971493746478 -0.115883808174518 0.354402634598261
0.112121015813107 0.067550660239435 0.101664595257315 0.263655855997515
0.115622823294485 -0.0160017001888673 0.117488232421521 0.0960327850770681
0.0816080117632705 -0.0784886286369038 0.049063528793591 -0.0117521677811131
0.0495086325538683 -0.0936233672220088 0.0105913502555479 -0.0431888035382801
0.0131220880392816 -0.0653132857637391 -0.0322426131535539 -0.0212181136127399
0.0140781105682463 -0.0485360531200976 -0.13546286635546 -0.0609699995328555
0.0170920882632479 -0.0655822089577898 -0.214536949349765 -0.227849827946384
0.116316222323337 -0.0487084988365472 0.0247517500674394 -0.512569266047615
0.153038912542185 0.101326978095446 0.465382509706803 -0.466126741185856
0.0129180361859862 0.194753232408659 0.65037508420064 -0.0313021186464832
-0.134906579591152 0.149413097638741 0.261379837961847 0.0294705686506462
-0.0952882138974308 0.0108489444194608 -0.0197374424638474 0.216812059304102
-0.0673468951947667 0.00930077843324747 -0.226433150836921 0.147386508035662
-0.0476626318812798 0.069771576557856 -0.259751223637745 0.249690496330274
0.0350831510847604 0.0841278247634604 -0.0950700371096637 0.347598891507004
0.0929325929114396 0.0354334884662321 0.12245968684343 0.262140569126823
0.0879181382673713 -0.0187572090989639 0.149720223802455 0.0787125247482625
0.0606025174356391 -0.0617775755163935 0.0748612704242418 -0.0524907470127204
0.0391991802334181 -0.0779811534387025 0.0235581606018668 -0.0866625184737152
0.0286693048629764 -0.0836931884644895 -0.0225480882500031 -0.0741800090924024
0.0598581771411058 -0.069062968317061 -0.120130710369316 -0.127413698683127
0.100489230351285 -0.0460097630992852 -0.140639620328309 -0.318510680473788
0.163195037081213 0.0609200689982627 0.194769205977884 -0.507720155734176
0.0734400698552121 0.18421403288928 0.582215041121942 -0.297505578312946
-0.0809770210400925 0.162868067379181 0.622425874843164 0.109058050191562
-0.152584196949254 0.0830963471402662 0.355428191946105 0.0595053844792614
-0.0108957935259825 -0.0344385734695725 -0.26789425493092 -0.0166110359918186
0.0140338490072018 -0.0686018817097313 -0.586328607696083 -0.107946000140674
-0.0516144386087599 -0.0841827046700319 -0.599525530339932 0.305579407065478
-0.114496300569276 -0.0354174992192218 -0.187540526187394 0.536849814912399
-0.0808270284006696 0.0375589209990146 0.159516908021643 0.328953231791402
-0.045120589574703 0.0553843488319297 0.140121427456935 0.107900452014769
-0.0186907503684981 0.0592509164069271 0.0285105518513074 0.0584722162680166
-0.0107886845741695 0.0456414997741802 -0.017159299470395 0.0827047098384807
-0.0209272365104179 0.0418107210777454 -0.0623108609788904 0.0572735215001578
-0.0377154700756409 0.0341684255472043 -0.144348592664414 -0.0477311611396387
-0.0472332402638386 0.00615087610908359 -0.158618146737226 -0.208590903009774
-0.0391041459499449 0.00125801120715231 0.0245497583271679 -0.347879843392406
-0.0180629689469875 0.00126871438044039 0.206979192740465 -0.298205643778034
-0.0138713544845882 -0.0212286483812664 0.228509222988044 -0.153984615192823
-0.0048923504846972 -0.0334302194638951 -0.0109284781560304 -0.175869839167315
-0.0868004862431489 0.00614066613174066 -0.294912668592634 -0.030203775490641
0.005999815386495 0.0122685608394689 -0.582179634890491 -0.135840301355605
-0.00397734856725446 -0.0431288659270248 -0.616123708682606 0.249059617187725
-0.0684599845057091 -0.056415035456617 -0.239419604166119 0.495968610063245
-0.0771169569137151 0.00605454418168051 0.0994336543790137 0.329636549590376
-0.0480206728847797 0.0303372296085728 0.102321003804379 0.135664129332293
-0.0200091737971235 0.0265534155451471 0.0127083716613071 0.0869645057259978
-0.0022350433672364 0.012368428488399 -0.0248312705704051 0.104074112668976
0.00920640521052722 0.0133752627184122 -0.0623371107896486 0.0770418986418567
0.0128439050208429 0.0343041995957136 -0.141110991248341 -0.0295746970755402
-0.00762336608801772 0.0466206182504655 -0.159027027387428 -0.190144699701316
-0.0488423856022423 0.0760589473214971 0.00541374726246236 -0.333912689735415
-0.0909449115630787 0.0326414717352112 0.179589912268756 -0.305953521820207
-0.0877366147127422 -0.0548999255888386 0.226798733787942 -0.165366618483225
-0.0586103123909123 -0.0776230487486602 -0.00807010301750988 -0.181013135282569
-0.111650000703448 0.040846086964545 -0.244396614389389 -0.0403432987293648
0.00704872825142357 0.0517607741430907 -0.598495575443084 -0.122309830284901
0.0131161098661454 -0.00374683734053425 -0.597807721592107 0.281195848196216
-0.0389696391669023 -0.0469396241046965 -0.199356043632894 0.481524466333272
-0.0543397423365987 -0.00175668440098927 0.0993807552128549 0.292693994717752
-0.0304787956469403 0.00915746230919101 0.0825627644709135 0.119602280891783
-0.0102053059466912 -0.00738930198815108 -0.000852206731523511 0.0799591315800798
0.0081007318059148 -0.0190414396539782 -0.0248111134619455 0.0983661431268405
0.0303504833509658 -0.0143752386985333 -0.0512400560502703 0.0637164878241514
0.0480700630200545 0.0294069249473719 -0.128120724875861 -0.0275288994695299
0.0164518814743422 0.0729683026886782 -0.15641900080813 -0.178531542835358
-0.0576405189835454 0.115899210501193 -0.0058887415925744 -0.337799482784245
-0.123502063183799 0.0465624131991609 0.189014982037613 -0.331137871617244
-0.122562210460081 -0.0629893568288641 0.28830331050665 -0.148402832012036
-0.10019353716867 -0.0811399302891404 0.0262392626420574 -0.108551152538654
-0.162108950086061 0.0233839831382525 -0.250511979848657 -0.0410466682040817
-0.0363161831714602 0.0482529808470481 -0.585729526273536 -0.0829599476465355
-0.0126515190264656 0.0184761540038305 -0.544136208719419 0.303292641664517
-0.0215819440504187 0.00271935040384908 -0.175279750818506 0.441836642368483
-0.00243227987479806 0.0121268316372298 0.0765558653972376 0.26487779966458
0.0166032961010834 -0.0117949416321076 0.0567099212324477 0.118368630067005
0.0159205251825061 -0.0496336841192221 -0.0103423527238676 0.0805521979667675
0.0197973027406439 -0.061308488311973 -0.0213881775854475 0.0770618303535536
0.0358461170014877 -0.044146147489115 -0.0335100444946544 0.0510722721564982
0.0584025851835536 0.0118432583319089 -0.107154498659749 -0.0194553993089396
0.0223345520107229 0.0624641581850471 -0.151663986326245 -0.155617097540325
-0.0372397375837757 0.102517445379776 -0.0225892673629963 -0.339103734873631
-0.0937364092883714 0.0574084558222035 0.20631171900408 -0.366576137371633
-0.12331816397052 -0.0227341380102471 0.372185800561637 -0.138796056690752
-0.153599206265106 -0.0526164923284727 0.087421870763556 -0.0512659449975648
-0.112601549920283 0.0200655914295404 -0.182311945657033 -0.0193274296390737
-0.0383679385674996 -0.0116597538546613 -0.519408030263236 -0.006247883320751
-0.0560830692928314 -0.00642275388238029 -0.437257076316759 0.322668549527629
-0.0547500722489177 0.0443401358999957 -0.1155013549947 0.398507427672391
0.0248056118371682 0.0462875818287446 0.0836888461071762 0.236462926005251
0.0521859434941173 -0.00909171064003845 0.0620581940894766 0.101655172258536
0.0383260345182759 -0.0574038146405044 -0.00326044687117068 0.0551482040940005
0.0287427982813008 -0.0637907378971439 -0.0154228272372172 0.0379428107444014
0.0267489802160132 -0.0493609711365022 -0.0250654825661913 0.021548286559772
0.0395220593129995 -0.000344221867458871 -0.100415487776617 -0.0241136244780142
-0.00479801534215428 0.0320967111869114 -0.163334779266718 -0.145756435270223
-0.028888634143476 0.0278617860474773 -0.0372324140047407 -0.36470541651027
-0.00702217421485978 0.018466010812058 0.246275130677321 -0.411648277863431
-0.0329672882834585 0.0340910759241042 0.46328713751229 -0.126207086523684
-0.12786724474014 0.0468766593777965 0.145278545604954 0.0134477476403065
-0.173422713507335 -0.0182985954465885 -0.137030267621461 0.0744337508506021
-0.125013296470849 -0.00419069524666108 -0.413833827739233 0.0710985276561052
-0.0984999562595017 0.073524413212488 -0.358934788264317 0.28809434016604
0.00200802081974823 0.118391228944307 -0.109584437352944 0.358373422253649
0.097156382474561 0.0552908924812374 0.0858601866748939 0.236564882309956
0.103134313101646 -0.0270963269289358 0.0777286580034352 0.0969457864054808
0.0656412722733877 -0.0902085017101042 0.0142040714946407 0.0260942154279609
0.0326636834779398 -0.102073098378946 -0.00608077517209022 0.000214413047942595
0.0175443501166749 -0.0878995308882142 -0.0208451827784396 -0.000467263422240231
0.0350223149252158 -0.0510526555209841 -0.108990611444409 -0.0331538526039062
0.0309362242219602 -0.0370219998098878 -0.186862596757068 -0.174301361120373
0.0874340888454672 -0.00226759924889489 -0.0114516521558363 -0.428666306893553
0.0824995564783435 0.101395265045484 0.34961628391876 -0.42890777753209
-0.0469867790008792 0.13616814897413 0.560850453785018 -0.0708152336598083
-0.188240159094723 0.0778923266008796 0.234107627373113 0.0377977167838578
-0.14424826738228 -0.0085370731389015 -0.0619793599798089 0.150044008420574
-0.119387353084275 -0.00116232813184706 -0.294435069452821 0.124898665180876
-0.0896441779297827 0.0833350929486763 -0.285351372030795 0.263756642116117
0.0218665832225447 0.123414788437787 -0.0918471767262802 0.343882486828083
0.111229813964118 0.0526712010567686 0.110510199651762 0.243301053538277
0.109149205294032 -0.0270856581767155 0.114344392975798 0.084633504969925
0.0695088275978561 -0.0830322424985301 0.0400734073704403 -0.0118982517789584
0.0351335613485399 -0.0936456702175053 0.00295967924808895 -0.0406784863391819
0.00306246767545581 -0.0621252539484336 -0.034471452048662 -0.0179716348203002
0.00470953035401832 -0.0499214266032872 -0.135362649264065 -0.0460195452090899
0.00764305594459197 -0.0685444532266476 -0.223535988667527 -0.202466949165667
0.111593102332278 -0.0641809142770979 -0.0129434362395082 -0.497923241099764
0.164604946584978 0.0851158062846031 0.421366132874136 -0.480039506352067
0.0286216000061759 0.195584858540525 0.632396708488623 -0.0707726675676554
-0.120712043203128 0.164941230619717 0.257031142980115 0.00815019038363434
-0.0901324473709832 0.0251875734769537 0.00374640710838195 0.204430722723493
-0.0617666816837002 0.0168725346128785 -0.203120078746782 0.149385021487874
-0.0358163514066822 0.0693551616094465 -0.234272513514807 0.249349161489973
0.0415608496333927 0.0767625050719376 -0.0736040627034486 0.33686710906629
0.0918155047788812 0.0242404310909783 0.130012537320431 0.243374886286924
0.0834806950686095 -0.027345732496415 0.143880656511575 0.0660441871420086
0.0528523471573142 -0.0651296184517089 0.060293385843098 -0.0528719167266844
0.0286396371884543 -0.0783374758784673 0.0107202967703974 -0.0826581283453889
0.0179520728873814 -0.0828084083627623 -0.0316765161340593 -0.0691701048098468
0.0501107465809015 -0.0741979134066157 -0.12751450949484 -0.112854999847151
0.0920635157416066 -0.0565350474437177 -0.160956555685685 -0.29839295442112
0.167742830981452 0.0414591149500525 0.153806784745033 -0.509190461019002
0.0910885780529046 0.173802272238619 0.550793638141315 -0.325115479117515
-0.0674744136280942 0.170066357929496 0.616168632755618 0.0684230976888973
-0.142750467283484 0.0995828667608992 0.350030988444063 0.0271682791976995
-0.0113081645081718 -0.0334692736275347 -0.258040161804298 -0.000941520042805542
0.0100552201876284 -0.0691444498242082 -0.569936685453288 -0.0893259973455728
-0.0529699828956791 -0.0814969564610248 -0.575231820833111 0.309340088466269
-0.113348977649647 -0.028723172365917 -0.164185802448292 0.526494571210047
-0.0774658173798695 0.0393527446284118 0.167002542820621 0.313359023449509
-0.0410421651366177 0.0554548102445147 0.142380116991837 0.0982091138226085
-0.0150390305389769 0.0579506590752176 0.0334691003352828 0.0542742713125368
-0.00864433868093848 0.044043010973692 -0.00775213244692487 0.0789424596614431
-0.0172658066208102 0.0420052214234323 -0.0522262898234866 0.0555768065810717
-0.0348874999742411 0.0346955276910732 -0.134174350068474 -0.0415314254495227
-0.046314401124059 0.00894080854539454 -0.15139919772269 -0.193366747324734
-0.0391653705322045 0.00370418555967428 0.017821199355056 -0.329597371046652
-0.0196676257686177 -0.000172838436577016 0.191363068018039 -0.281663694943054
-0.0167151614222755 -0.0224430191500856 0.211151617529018 -0.145196294504353
-0.00590313645920936 -0.0337183540554228 -0.0224027193188937 -0.160713944830978
-0.0832737062837393 0.0133086298000435 -0.284400575663635 -0.0122985186644529
0.00804608082938475 0.0133683646466604 -0.565555473625637 -0.115565203761353
-0.00116353228246472 -0.0439643468286646 -0.592561359734507 0.259967793147831
-0.0674806759448628 -0.0561493987367506 -0.218519123761714 0.488677083390724
-0.0772295924923006 0.00673814766581105 0.10769583057666 0.316311488388321
-0.0477409966717067 0.0304654577536081 0.105821576871369 0.126654315070851
-0.020015435897195 0.0273970980744989 0.018208080633902 0.0821760388214738
-0.00373681139545688 0.0122537135989092 -0.01390050851314 0.100762644628133
0.00847386505592861 0.0135221860623689 -0.0505704086521668 0.0740657459434129
0.0131174251893019 0.0328420463696483 -0.129470550741708 -0.0240612167538
-0.00738105557932264 0.046259779409275 -0.151080610053851 -0.176356300390772
-0.0471270178104599 0.0740578391758861 0.00151340359740633 -0.315139399779873
-0.0867970351087364 0.0316790883450207 0.165047848314261 -0.288118048981284
-0.0878347451453102 -0.0503925544971465 0.209605838236563 -0.155632227126449
-0.0589684736800864 -0.0705410916436569 -0.0206583056769289 -0.165121317034115
-0.106963048516398 0.0509815901782141 -0.236005341726351 -0.0257045089070775
0.0148201917660174 0.0538905875483594 -0.582905219125422 -0.0989215540073695
0.0208902032589964 -0.00750329072942747 -0.574256688901915 0.28442446247838
-0.0383143357886155 -0.0520435366157956 -0.179397342747803 0.471857249176529
-0.0566798281119644 -0.00411103177827724 0.104814494973488 0.2783055487679
-0.0330390035973269 0.00854467801773596 0.0846030324337576 0.112458132155299
-0.0138298777075496 -0.00549369713838224 0.00352701044544142 0.0777716570896104
0.00310630697695653 -0.0173802072927893 -0.0156657287369257 0.0946225335332948
0.0266179859629645 -0.0133245222796275 -0.0414198318125567 0.0604800872454365
0.0459068248456205 0.0268058503675647 -0.116943078222245 -0.0223652653265203
0.014933948370407 0.0696324941425917 -0.149137522350772 -0.164842119295687
-0.0541579316205517 0.110359446257577 -0.00973598185618003 -0.317730313746393
-0.116117958188382 0.0447961566842175 0.175030911507312 -0.313207427033757
-0.119733205826065 -0.055577604714975 0.270332134083263 -0.142863444574259
-0.0993956478661227 -0.068904516254788 0.016932497696802 -0.0978387825122948
-0.156304650099099 0.0401723798618051 -0.242236341585365 -0.0274751735111887
-0.026301202604795 0.0543900683309627 -0.567143832467105 -0.06308929359519
-0.000685465025563516 0.0137571149351069 -0.517688233387019 0.308406135163012
-0.0193476009965563 -0.00752354973946929 -0.156764196169082 0.429831454600347
-0.00775030216106957 0.00580348558697688 0.0797132593754098 0.249997172551342
0.00985523598801526 -0.0137106313323158 0.0570087850905034 0.111173544141143
0.00826411561328491 -0.0472338488862932 -0.00762515251022071 0.0791967151929677
0.0112611160563219 -0.0579069642505126 -0.0148820278855796 0.0756878799656109
0.0294714140671115 -0.042118141159607 -0.0267614496888533 0.0480984412538082
0.0533292661825244 0.00978918694388198 -0.0969455647127305 -0.0149625578416538
0.0188986812208797 0.0581162683150718 -0.144571389034079 -0.14147063653409
-0.0353752759629595 0.0928701881689113 -0.0261664816682016 -0.318702776712761
-0.0839666623872395 0.0526682308877446 0.188991114505864 -0.347675008982029
-0.115903298735934 -0.013873331352229 0.352919471283545 -0.138760572485805
-0.150386108078113 -0.0352359657270258 0.0796532387767042 -0.0460360140819257
-0.10667465252918 0.0349634347751312 -0.175270535086343 -0.0107214538840054
-0.0300290290434531 -0.00508534360063026 -0.498263486913417 0.00820247035345358
-0.0453471325542685 -0.00959949949391566 -0.408724323098157 0.32030632508334
-0.0505367588290664 0.0366672104509004 -0.0999707983035346 0.382250904349061
0.0211212903985639 0.0392785464110784 0.0843295442073181 0.221497626050116
0.0456536556977769 -0.0129004305531142 0.0593682562478103 0.0952526143148438
0.0305476668030709 -0.0557743258979332 -0.00375560583773211 0.0555863904891945
0.0193167025779297 -0.0606596029717111 -0.0135281095104355 0.0386972914662661
0.0203017723295989 -0.0458097272651104 -0.0219723186615634 0.0199647731676148
0.0328440862218563 -0.00186997131084215 -0.0926284588570239 -0.0182523489167471
-0.00917593507494024 0.0287174063433424 -0.156989221970048 -0.132299284508559
-0.0294773165200072 0.0190686482729429 -0.0444822608511897 -0.343755493750165
0.000543608532125714 0.0114474181497213 0.226629989870828 -0.395034389557688
-0.0262154737389075 0.0389462776036535 0.444003247898965 -0.13138706750398
-0.122143545864728 0.0610022692412538 0.139436486890582 0.0119655876243308
-0.167264943343384 0.000689036542229336 -0.125389911540728 0.0750891401092008
-0.113974465301698 0.00542345378597596 -0.391563265319437 0.0770373245335264
-0.082935277082932 0.06957030201366 -0.33588644614816 0.282239930468065
0.00734889886478263 0.105313537947625 -0.0972622868080099 0.342209078365232
0.0914669727440121 0.0445961948669897 0.0842621518026315 0.219915621090605
0.0946707183555592 -0.0330657883029941 0.0731945824654745 0.0903906206931494
0.0551062752589191 -0.0894078945558015 0.0103883829625484 0.0279503061834582
0.0213071635519213 -0.0975927690040992 -0.00760194857394722 0.0027161255315359
0.00788252034663532 -0.0832786046343926 -0.0202535196409171 -0.00039239860024452
0.0253932236890481 -0.0518305050236409 -0.103029074192463 -0.0260912624756496
0.0217635811438205 -0.0416401209278076 -0.183293664936751 -0.158055693816859
0.0850748647415127 -0.0177921727660032 -0.0237188434674696 -0.409518376448522
0.0931445779782928 0.0898033956392504 0.327071620150726 -0.417522704575636
-0.0356565115299278 0.1417602310059 0.541479349946824 -0.082472347530016
-0.179292574429198 0.0954374999560243 0.227504112255808 0.0285005507823107
-0.137894356372606 0.00712783756832998 -0.0493137078388724 0.142281210431439
-0.109922742556084 0.00696292849860412 -0.274276144889755 0.123067825469089
-0.0763595353962062 0.0802303215299456 -0.266177017023967 0.254487128400648
0.0267387132946443 0.11314450248664 -0.0820524662166594 0.326426362966186
0.106910571876298 0.0425576440612778 0.107070073636367 0.227126986281058
0.102333840147676 -0.033469742336277 0.106992287499637 0.077652014637812
0.0607292053490567 -0.0827225609867617 0.0320654010243956 -0.00970343219181243
0.0248755881532875 -0.0910200542999082 -0.00244373890236188 -0.0366259125992714
-0.0028216853472422 -0.057919207456376 -0.0360389652524319 -0.0152091549307019
-0.00154600414674487 -0.0495641766613132 -0.130930096959203 -0.0375047716853496
0.000485952375213905 -0.0701257936602265 -0.221123701557377 -0.184714357079857
0.106981014758682 -0.0742902678883213 -0.0288806549258872 -0.479085099220426
0.169194670603004 0.0731489269526123 0.394890178935743 -0.472836744574179
0.0369979060254129 0.194227193075977 0.611007680171827 -0.0832879031345175
-0.110595908855556 0.172984447625459 0.248543322556076 -0.00219875353936895
-0.0833930461388954 0.0348364271675141 0.0170205819301275 0.189467314947733
-0.0559068212305077 0.0206318608904919 -0.185230475284017 0.141273428983024
-0.0273733536266105 0.0660244940695334 -0.219061619762806 0.237536864810082
0.0440478076781365 0.069910480816569 -0.0655321527824935 0.320389096558597
0.0885422268808062 0.0172629273731084 0.126520093322055 0.228476002038476
0.0785788136851008 -0.0320035832581993 0.135313809091452 0.0594859189755082
0.0468171848278675 -0.0657174875215597 0.0496562519469293 -0.0490599765330225
0.0210819371115345 -0.0768096511306168 0.00198976695827952 -0.0766261126850208
0.0104130234198766 -0.0799958623399363 -0.0377091625788933 -0.0647106610506577
0.0422564657563869 -0.0753318955491611 -0.128969907543053 -0.102164063658223
0.0845050717477493 -0.0620991523960563 -0.167905903558115 -0.280003878182006
0.166995087662686 0.0279215300734364 0.131488495561572 -0.499790015172076
0.0995871452295432 0.164612292214196 0.527433368127918 -0.330223055526582
-0.058877305571971 0.173434987529623 0.602149784493584 0.0515728612257254
-0.134638312117587 0.110542182269436 0.339070296139795 0.00859082115456975
-0.011071703986133 -0.0334320294648501 -0.251507631639058 0.00728570829436075
0.00773743248125673 -0.0705382420121789 -0.561569755495859 -0.0905898288211753
-0.0536137836764521 -0.0814917396953711 -0.570422127149721 0.30775189329179
-0.112638155212738 -0.0258716430320722 -0.160634556695382 0.521526875314631
-0.077244503581818 0.0406678939444894 0.168512887367726 0.309573163220988
-0.039461179149445 0.0553511781901599 0.14371439181772 0.0950673458533884
-0.0127384423491262 0.0577233483681698 0.0364269340701682 0.0518664106586128
-0.00700557851392142 0.0427168270802827 -0.00121255808332537 0.0766239033175179
-0.0156492064991542 0.0423033423162639 -0.0449754035201637 0.0523501863437014
-0.0338693299811824 0.0354472890065557 -0.12533779308621 -0.0401368279871331
-0.046589023136897 0.0108244182220225 -0.142663343854118 -0.188156596737224
-0.0399684318299658 0.00528039697117384 0.0202227341890718 -0.318063776554186
-0.0207948155308355 -0.00152363733324191 0.187534851198093 -0.266850055352973
-0.0190849006730122 -0.0239440459008671 0.203948151239646 -0.134945985016382
-0.00530929937969461 -0.0344316697428508 -0.0296264175968689 -0.149367680445756
-0.0806844304535407 0.0185411112495805 -0.279004833454708 -0.0024831560279061
0.00996166854133997 0.014353489251442 -0.558447719362534 -0.115025179774868
0.00239617230555034 -0.0459519006502302 -0.589141982823127 0.258744148022679
-0.0666028951689846 -0.0577915078625494 -0.213648961112746 0.485148966669173
-0.0792849404993169 0.00586522676341358 0.110598315435264 0.312669276789081
-0.0495685761510609 0.0309497434443968 0.108115013894088 0.123176142872585
-0.0205769916786814 0.0279543299306778 0.0218546738070993 0.0798271657993388
-0.0051922806112599 0.0129096843144886 -0.00680798494445098 0.0985315483654819
0.00838125211050697 0.014574458063969 -0.0428406552725667 0.0711824463378032
0.0125895669851252 0.0328491050382733 -0.120131433036209 -0.0228576476353231
-0.00868476272351632 0.0461518358438672 -0.142285440679328 -0.171360521254073
-0.0473940649251064 0.0726919386204316 0.00708365020619026 -0.303570585355176
-0.0850612950141421 0.0296009064155531 0.163969391332759 -0.272550672101929
-0.0874570523622659 -0.0488816109304803 0.202749478925125 -0.143656030246224
-0.0581719282631123 -0.0665684301421605 -0.0279938868065041 -0.153572953491058
-0.10008556456296 0.0619341766806753 -0.2316454533844 -0.0184840044738224
0.0221090070071878 0.0565766647393157 -0.574684022471085 -0.0937514707109078
0.0285617867749035 -0.0114608979526693 -0.568005397022447 0.284803235810287
-0.0367385186067274 -0.0581734640318282 -0.173718651789492 0.466869639415166
-0.0605619135899435 -0.00760794218318325 0.104805083018411 0.272048675966471
-0.0367130335779664 0.00783204294710367 0.0842804145437075 0.108826520304124
-0.0168982586760971 -0.00406809920103423 0.00548201712470371 0.0768397891920655
-0.000291408567439014 -0.0155313957340047 -0.0103372904923944 0.0897191880367547
0.0238646075957283 -0.0119871740877684 -0.0356820992760456 0.0583362485500744
0.0436706813028856 0.0261874236316864 -0.108680219129369 -0.0218475844014398
0.0131756726036102 0.0683268449335135 -0.14043239322919 -0.15987734806818
-0.0549110905298799 0.106001071645781 -0.00505912440196717 -0.306326356450143
-0.112618706118418 0.0409854377140348 0.173328522123318 -0.298223715948901
-0.11703719253458 -0.0517993248903544 0.263853402354579 -0.13347508909508
-0.0979776357292978 -0.0606820955400087 0.010666239120049 -0.0887459863714087
-0.153179019835626 0.0531372691173713 -0.236206467552706 -0.0203655703126732
-0.0184893047154402 0.0596966441384288 -0.557966301127825 -0.0601470693031242
0.00991743364598585 0.00830029199502394 -0.508779827723611 0.304936008243034
-0.0179132920204292 -0.0175125363612039 -0.15173349502112 0.421886229566361
-0.0140636015679163 0.000127651203148157 0.0777448846997226 0.242526935382646
0.00375839343404313 -0.0148547516968643 0.0552644859002096 0.108173203874375
0.00218001491588597 -0.045431318625498 -0.00684571375781859 0.0800019438131298
0.00466989235858592 -0.0545736697945758 -0.0108360537697499 0.0749348529533548
0.0247930676848561 -0.0392960399849488 -0.0218516392781428 0.0450515487813982
0.0488894577716027 0.00930460321989071 -0.0889114651137024 -0.0149003877793901
0.0146901791910321 0.055763748705459 -0.136309784262083 -0.135989903560731
-0.0374609859974708 0.085020994380957 -0.0219863356781373 -0.306991688765469
-0.077499171178334 0.0467459316928973 0.187447275934654 -0.334313174660147
-0.11032725596786 -0.00855580376955489 0.346768803261798 -0.131527933977097
-0.148154157630422 -0.0229811730034208 0.0747861372383861 -0.0400643457137879
-0.104733691432704 0.0454584357489247 -0.170842729097582 -0.00816650432697127
-0.0230900483039764 -0.000177467964768815 -0.488337124149253 0.0102248778360144
-0.0366843136121926 -0.0151196345928725 -0.401149217624946 0.314818737799521
-0.049320979978748 0.0281974446345245 -0.0974768573508157 0.370774468325741
0.0155885856835178 0.0334929504843365 0.0801795005665867 0.213262778844261
0.0395209450507082 -0.0147537680505917 0.0550178889764685 0.0930952908237061
0.0250973384170731 -0.054236834094131 -0.00572120245774052 0.0577170965331147
0.0134876213000368 -0.0575948578881687 -0.0113843869179425 0.0392453350442431
0.0158936301533642 -0.042672998110498 -0.0200044770791441 0.0184958379632326
0.0279799327278249 -0.00240902277904459 -0.0866451179804609 -0.0163929769312257
-0.014874823191456 0.0264966496682385 -0.149997844803908 -0.125698248004429
-0.0315558261405785 0.0100797064196182 -0.0429844665364371 -0.332979847420821
0.00655307393983197 0.00437233875897626 0.222741843517274 -0.383125189777819
-0.0204337132729917 0.043786165502147 0.438028022333299 -0.126614388174552
-0.118257340848739 0.0720879374884338 0.13668526807972 0.0130867454590846
-0.163308439180871 0.0147813377443046 -0.118650633924682 0.073489734648839
-0.105335510871898 0.011343420696545 -0.381133034793883 0.0748932572701627
-0.0725408920512936 0.0635134854993585 -0.328064476702511 0.273841232480119
0.00853423843947513 0.0955247097160978 -0.0972985329053975 0.330632817917908
0.0859807812440633 0.0377887265164906 0.0771218060887905 0.211497642860908
0.0884811179037404 -0.0357465536156702 0.0666139881143629 0.0888100204219434
0.0479576517159 -0.0880838230588972 0.00600795115751471 0.0311276890985458
0.0129820237265599 -0.0938047525909017 -0.00951795930222685 0.00477627679394934
0.00113696056232183 -0.0787028045593861 -0.0205189002921238 -0.000420779864888685
0.018495501562955 -0.051837712366846 -0.0984353516636498 -0.0232326789235567
0.0143245170789173 -0.0457088036693347 -0.178524668734066 -0.149639977501326
0.0835060805512156 -0.030481978618556 -0.0267045135262249 -0.400329858321133
0.102779240447406 0.0821036643217817 0.322523903811668 -0.409734176363038
-0.0277536437929396 0.149041790158357 0.537011816472434 -0.0807545571976315
-0.175759005314995 0.108843912116966 0.224412821364046 0.026069722652761
-0.133406365022678 0.0185601677025881 -0.0412828401492777 0.13529891798969
-0.102553241957584 0.01201418692765 -0.263468072931164 0.1156547341201
-0.068214573329897 0.075614353085237 -0.260077882658107 0.242706765800376
0.0289941498140925 0.105750958018553 -0.0827618633432439 0.315242243228316
0.10344765549406 0.0367318020473635 0.100387431591457 0.219415847960605
0.0977146159660895 -0.0367652324818463 0.100341146957037 0.076235341176372
0.0558337405530788 -0.0829464334954462 0.0262208962665896 -0.00583709339982187
0.0179811801148135 -0.0881795827441115 -0.00599508823144044 -0.0334176937043906
-0.00725637462624346 -0.0542884867397566 -0.0375276731826158 -0.0134543100258775
-0.007296442037313 -0.0501718574199409 -0.128833208290309 -0.0330580769413001
-0.0049848516229942 -0.0717479923848758 -0.217969007329061 -0.176916757621856
0.105100710794035 -0.0831501013527766 -0.0334576707658584 -0.470340894975765
0.175230458640251 0.0677785754032829 0.39011691042307 -0.465899500411371
0.0420579823999843 0.198881599524497 0.605753561375225 -0.0840896475046627
-0.106228065736532 0.181356376479292 0.24454834455848 -0.00631245887546326
-0.0795741560207481 0.0420875453531315 0.0249055713748267 0.178679772187601
-0.0521915933287906 0.0229222553153427 -0.176167545716553 0.131360016737046
-0.0213780599037329 0.0627378154373361 -0.215657773396069 0.225854840005785
0.0456106919854781 0.0661199388260115 -0.0683684264764297 0.309512006079132
0.0861201462155707 0.0132649498920695 0.120284671591681 0.221729835183959
0.076069460886559 -0.0344810797355443 0.127447842815237 0.0582202026725372
0.0435766577645256 -0.066449951898368 0.0421124648174142 -0.0447749264900075
0.016413808362796 -0.0749506262085193 -0.00366191242583947 -0.0720995263169955
0.0058462865001231 -0.077746741161089 -0.0418029216310115 -0.0612037368046995
0.0371917372693869 -0.0764826438131308 -0.12981670983275 -0.0973475206461686
0.0805092786524766 -0.0662423585853969 -0.169546806339255 -0.272751679110523
0.16800994469497 0.0194515437750562 0.125519339686655 -0.497594808082802
0.105860512186935 0.161758422630004 0.526604916669856 -0.327682803541004
-0.055833748404207 0.178481414104871 0.599109960626966 0.0525349793882987
-0.130957159459244 0.117909620295052 0.334564464261348 -9.34089879718912E-05
-0.0207978419013886 -0.0241956541393421 -0.225535443891501 0.118316508998577
-0.0171844793549691 -0.0613992736650606 -0.55737536222539 0.159203425848529
-0.0748138733272397 -0.0507712027711627 -0.398654470090943 0.526632960615074
-0.104148466812482 0.0208249450125737 0.0752478178526361 0.554314117296022
-0.0515854780646888 0.0649993833378317 0.294716314477042 0.210158078030333
-0.0117855343254144 0.06626986291674 0.175622486282098 0.0217108989489624
0.0142865280677821 0.0571699106820377 0.0595238619180037 0.031478690891364
0.0118901628922661 0.0419405059350646 0.0365246828925761 0.0663927625429463
0.00516600343871871 0.0455215862896379 -0.0138710149298351 0.0629844603422701
-0.0163732882635453 0.0482141075167433 -0.127374340168094 0.0151291457834094
-0.0401156360303115 0.0323512773434256 -0.205615009212931 -0.112985579466126
-0.0354790524599961 0.0203104307253669 -0.112549697872115 -0.299903198795923
-0.0200151695177726 0.00488005652711461 0.0628283765216769 -0.315995828776426
-0.028158092252268 -0.0158271532927575 0.131398934270416 -0.201119595849041
-0.0217775820260831 -0.0328837387331928 -0.0910064404306741 -0.113588335233556
-0.06093312935784 0.0569762589764842 -0.256141362301416 0.12741418330346
0.0236594589703196 0.0172141746506583 -0.562432381317664 0.136334785036
-0.00508745143601238 -0.0434457696769823 -0.433809358699127 0.491893053408881
-0.07773071520026 -0.0311356765943237 0.012934760129223 0.543654872366686
-0.070712370689103 0.0337120207266529 0.241156844623135 0.238446156997839
-0.0339341967146673 0.0490040969318756 0.154631977257459 0.0637579122995454
-0.00792924420113913 0.0356652798040846 0.0579522488304103 0.0629544426571269
-0.000194812203177432 0.015661119048462 0.0426309884765296 0.0889911261684555
0.0139699265597722 0.0101991604053131 -0.00244248061763682 0.079245684353029
0.0249191605116583 0.0260648295871055 -0.114049189201943 0.0287578549599383
0.00978986492271462 0.0488099222129437 -0.198889147017401 -0.096043112978804
-0.0141107250225757 0.083441986333438 -0.12279125455507 -0.278137658153603
-0.0662185602993446 0.0600507436308779 0.0369046595986975 -0.312698733210887
-0.10055684206634 -0.00741203504576392 0.128519050425789 -0.211526621754733
-0.0842858337512831 -0.0348962020018662 -0.0895168686318939 -0.119791627297978
-0.0533815163836612 0.107831301465983 -0.216755852126444 0.0912305519160814
0.0574510641884423 0.0505287641711922 -0.567269711587434 0.162781252675686
0.0361127562972652 -0.0254344254289831 -0.400208258436224 0.504861531620078
-0.0536003722655666 -0.0479721065050834 0.04186978705912 0.505007211911395
-0.0626693332073226 0.0132499008392804 0.214748916311512 0.202368960156426
-0.0341883058843514 0.0233966837775611 0.124235935809851 0.0613534866651906
-0.0196685626004133 0.00633254630200781 0.0400582951912081 0.0684309839861884
-0.00867213644538243 -0.0115908467276498 0.0352038051731527 0.0837034149599139
0.0160934284101337 -0.019410853562069 -0.0030104617861644 0.0649094038361982
0.0498646454408561 0.00683275060579691 -0.102571086136074 0.0260229187074531
0.0383567013696241 0.0594555908597981 -0.19327157832918 -0.0848192273097904
-0.00818840536542379 0.115221920388076 -0.136427201701852 -0.275131940127909
-0.0857335250185003 0.0799078259217814 0.0332419764414348 -0.341572781282328
-0.126021971738509 0.00328244258746927 0.189123879965587 -0.232281405168452
-0.116950773731267 -0.00703501556330555 -0.024269194425056 -0.081399086792287
-0.111116195866688 0.124413258812713 -0.224345192374342 0.0917787834991103
0.0247113622514138 0.0702293612666682 -0.53439166156456 0.188719168993488
0.0278868650428513 -0.00291053684611219 -0.33151928268798 0.497335713979197
-0.0211468750506979 -0.0215313684776309 0.044530427095101 0.45258359821069
-0.0182784231214173 -5.88545931331716E-05 0.174902451545037 0.185299015320968
-0.00812506298416331 -0.0151128011274123 0.0953943501900592 0.0743138112692808
-0.0208964159325276 -0.0388263251135278 0.0287983762183152 0.0768662137537665
-0.0226574830978131 -0.0481201646125214 0.0268764699383102 0.0714133765735186
0.00392312519645416 -0.0440741815567468 0.00287195432709046 0.047335519544558
0.046055045664432 -0.0105977342888523 -0.0811983603547139 0.0242980420493432
0.0321981749055161 0.0474700736142346 -0.178362730572973 -0.0645976640261495
-0.00431599852008316 0.085637784876469 -0.151338722108823 -0.267910337414079
-0.0480694959525134 0.0664163090456593 0.0297311106279521 -0.378946732970072
-0.0952482092441713 0.0420487415754009 0.263101725714308 -0.267365964957841
-0.143128393462145 0.0561060656890847 0.0542085204713038 -0.069957373199006
-0.0704126426026279 0.0959913481242575 -0.158310482386052 0.070424458216563
-0.00613356654782831 0.0157059160070716 -0.441173382930446 0.220667267828986
-0.0277859503875687 -0.00594163848577039 -0.229978270228631 0.456932581053057
-0.0313198797842838 0.0351164259754389 0.0695728204529798 0.381531246922746
0.0228643805709019 0.0189452512403076 0.162108890301584 0.156893884837245
0.0253547689073815 -0.0303757729989995 0.0873651540489187 0.0604935958014699
-0.00386314643689792 -0.0568173883264736 0.0194023703966013 0.0561034988244229
-0.0148104882284374 -0.0554944699576097 0.00848562257806743 0.0417320742466204
-0.00595926757384881 -0.0421254625677713 -0.00896803192123976 0.0237822037585878
0.0201905453403768 -0.0112738944650096 -0.0809235301911043 0.022054690214585
-0.00887176174839928 0.0322800448559945 -0.186584074424212 -0.0489386502477776
-0.0330778228022607 0.0130975406908246 -0.179263661180264 -0.284466132757171
0.0141129287647108 -0.0112211780163453 0.040433434842476 -0.438672485372093
0.0143508722172132 0.0511577473930443 0.346713243856353 -0.301574148712119
-0.0691741583061114 0.132372346291714 0.128329659004656 -0.0508146130512349
-0.134763313927329 0.0906688958228717 -0.0769144145638981 0.120625842494835
-0.076359269836897 0.0579245495486814 -0.313871771161967 0.231729281161093
-0.0291765563014428 0.0798962745160697 -0.180464514633907 0.388401255978362
0.0491388280734794 0.0713264690671316 0.0536059463933823 0.342747578687246
0.0891878997689084 -0.00712680285820295 0.159154291631187 0.15466943319301
0.0610126365348473 -0.0715839334250314 0.0953022431773942 0.0517998886015299
0.00200827415707143 -0.0978569306851838 0.0171626556289831 0.0274947000786692
-0.0318424573880594 -0.0882662231674621 -0.00608439891193957 0.0100570102782299
-0.036655945354872 -0.0685441742365045 -0.0184736881089592 0.00850427315771119
-0.0121159729284417 -0.0537032718823511 -0.0955272197615803 0.0225880087469274
-0.0156057933190288 -0.0494543709055114 -0.221434746267172 -0.0557585137292162
0.0542834475623228 -0.0804334403140217 -0.190822186839891 -0.348261314344553
0.143122732746893 0.0185312786026353 0.117321457552863 -0.505315430985789
0.0571315993498533 0.155602637653792 0.452285249840628 -0.305189688199219
-0.105405431386898 0.196623605011505 0.212806613847784 -0.084272610992157
-0.10639524133622 0.0779916092750835 0.0212353291649137 0.140186415215607
-0.077625582786952 0.0552607132028389 -0.189030487061901 0.214300938830784
-0.0225223131068088 0.091156144584207 -0.132973352615938 0.330001778510868
0.0724298760029589 0.0747793768942103 0.0599195959155134 0.323445071990174
0.10644456955485 -0.0150742988487883 0.183597684855307 0.151546024678856
0.0707740222781374 -0.0774164252658474 0.120730320030387 0.0255045614861352
0.0125489503222978 -0.097200662986225 0.0189469902634382 -0.0147320124696005
-0.0241909544209326 -0.0859985204606847 -0.0210992512826373 -0.0245557454760573
-0.0320401030685317 -0.0434229489843829 -0.0409804882635372 0.00568355694322054
-0.0337052462381609 -0.0409981563056619 -0.129560476948646 0.0279436618410534
-0.0431599461155096 -0.0658111909120037 -0.270335084287142 -0.0639911382576547
0.0537893628298137 -0.136119654902438 -0.226354342107322 -0.409600013644153
0.204191391520818 -0.0238913869154023 0.154655831540933 -0.583656773899957
0.142433493909529 0.170439013701919 0.512818578548121 -0.331161727699753
-0.00646788734342747 0.228023210977099 0.211127123039498 -0.120741745971801
-0.0491035079053414 0.0731062854894407 0.102002761476226 0.147947414548692
-0.0307494342529335 0.0433076833784632 -0.102927413537985 0.187612242690511
0.0135549881787509 0.0619470621065137 -0.101618110920237 0.291372489457891
0.0728459160379319 0.0339698869797377 0.0691175883984424 0.311159433291383
0.083090745057752 -0.0294061539148897 0.202658706870542 0.14616050106254
0.0531269630658593 -0.0669261926098639 0.137164551800948 -0.00250301290033643
0.0100409863967928 -0.0788671221411506 0.0151316133503769 -0.055980197419255
-0.0191206034273438 -0.0740745435047803 -0.0379072397448781 -0.0594682967298566
-0.0308242083659346 -0.0721094427871571 -0.0669885650666985 -0.0337488072528021
-0.00303061902310006 -0.0873555613382444 -0.160256803521707 -0.0283060144435168
0.0407316095002028 -0.100170301490033 -0.271443372402968 -0.168252784789882
0.161335686034288 -0.0705622697622771 -0.0997264095872582 -0.500301871800994
0.182241268906766 0.100264719657401 0.336604383552274 -0.524172945466765
0.0393382051614031 0.197961080985279 0.569182242692605 -0.210430564838771
-0.0593575736681482 0.178735540739371 0.299374886519786 -0.157715965158585
-0.0228871001306981 -0.0248942158174011 -0.22237269015424 0.132817100522107
-0.022890426176767 -0.0630552748065787 -0.571415163090278 0.17674593385237
-0.0810440038224105 -0.0501943677883327 -0.402580420044157 0.556091709809716
-0.106901162671007 0.0260490961702 0.0940131258253092 0.571765836854509
-0.0504005484649917 0.0704299564910531 0.313385600795077 0.206457601688689
-0.00949895123518438 0.0694353456855376 0.183484850008747 0.014476583040353
0.0180038841365128 0.0582210395503775 0.0648664156953525 0.0272607953970129
0.0138149860529295 0.0421507755580422 0.0437889063468292 0.0620946106083114
0.00841373938934801 0.0459259516428043 -0.00853919854225124 0.0593895365991427
-0.0147359487064965 0.0512749089607601 -0.124484822884553 0.0155553700856266
-0.0399448580009486 0.0366852108306436 -0.208300234269428 -0.113146810689753
-0.0362439240932223 0.0240793006965097 -0.116847939956761 -0.302947730262945
-0.023496032839567 0.00559820552828214 0.0632664018068816 -0.318777292460534
-0.0324877549868568 -0.0154743978571767 0.131018128569613 -0.200824302034745
-0.0235064956735853 -0.035430802894181 -0.0984445021803772 -0.102689949181073
-0.0591949583004215 0.0650233388633184 -0.25809010263454 0.14988128229483
0.0276886152216965 0.0182732543632451 -0.575599472146339 0.154781780714545
-0.00472292063683038 -0.0482446431782633 -0.439635974674561 0.520686695009333
-0.0833285870709348 -0.0335699612769505 0.0305707046438565 0.563719371141084
-0.0756307257260424 0.0374817676105831 0.258344159314102 0.2367607231128
-0.0355141899878197 0.0531907204353165 0.162963203992922 0.0585361817743053
-0.00730889565741937 0.0386792302342048 0.0639387471969058 0.0603116167882412
-0.000775714013967738 0.0178001346476116 0.0512721064485395 0.0856192239548358
0.0147982030244648 0.0105327376982084 0.00411657447650455 0.0752447453281193
0.0259220371016552 0.0264630726129136 -0.110374988804632 0.0283023349477144
0.0106497075620525 0.0517363206520003 -0.200177539054053 -0.0965344126429449
-0.0136076963551456 0.0875494210234925 -0.125478294821186 -0.281622427643236
-0.0679705008945706 0.0622381928515241 0.0383613181572544 -0.315791152092734
-0.104133120701239 -0.00430781014643627 0.128478190383305 -0.21073473446291
-0.0866386980698781 -0.0318741340872869 -0.0970436668497432 -0.108033838498782
-0.0444298889762107 0.120570004719931 -0.216882035637363 0.105036622613817
0.0678216776436557 0.0511695014020586 -0.577797874906678 0.183076718825406
0.0411939539309197 -0.0350776872017703 -0.402053446759159 0.533158590602171
-0.0605095881193883 -0.0555209203919656 0.057583262682175 0.519546451827047
-0.0708138576653936 0.0152286727453815 0.226813856789268 0.20111774079574
-0.0383678501881589 0.0272202147668306 0.129244175660203 0.0584613580341209
-0.0224791645564215 0.0103499539157523 0.0450571468713512 0.0689227448614819
-0.0118258953480249 -0.00788776659868424 0.0435016505186549 0.0827580904661027
0.0150194003479681 -0.0188188665335606 0.00265989648746988 0.0617199007812388
0.0503040249036536 0.00635224559939443 -0.0998014855134223 0.0251306734019785
0.0396402547844561 0.0615704568481392 -0.19441926475972 -0.0846126093119599
-0.00817957105697001 0.118543870183853 -0.138918065703926 -0.278304208801262
-0.0871812558730103 0.0813979281571628 0.0332337580749287 -0.345211255023437
-0.126660270713042 0.00862028174876603 0.190550367259169 -0.236205273930335
-0.116314315087289 0.0017971750641453 -0.0282221120908961 -0.0727989938559854
-0.10333095457735 0.14251744303586 -0.22367399096878 0.105088085395527
0.0377210389827444 0.0733944565750608 -0.543051569126223 0.207640326206387
0.0347625248208757 -0.013449632463891 -0.329449883471885 0.520991989312668
-0.0283739801819754 -0.0312304793644856 0.0568482246290858 0.463620922385811
-0.0279051049359616 -1.32853256456572E-05 0.180957521277265 0.184635456710178
-0.0144304777196104 -0.0125848721574426 0.098520533237013 0.074333002459463
-0.0268108908874135 -0.0348138816265739 0.0331344279026872 0.0796705874523859
-0.0281414353431001 -0.043431838099201 0.0328658951580379 0.0708759664251849
0.000505016984081363 -0.0418646237560313 0.0065116062879879 0.0447298326711377
0.0445256591314881 -0.0105324469550269 -0.0779816261337146 0.0232062602469542
0.0301907412216149 0.0493813165187961 -0.178204686304952 -0.0626011780393115
-0.00801498743781415 0.0848329036499752 -0.154989889094059 -0.26975569106046
-0.046788429944988 0.0625016455831343 0.027644673775939 -0.385509003391349
-0.0902277982540323 0.0480604406360067 0.266169204374714 -0.276817666094509
-0.138554175228909 0.0713948228905365 0.0526800182621761 -0.0663746393859541
-0.0634660518207178 0.110113705841782 -0.157408483382578 0.0782134317265115
0.00120844787547179 0.018595421503057 -0.444990354648647 0.236908976755906
-0.025654006058113 -0.0147591874825084 -0.224714847912057 0.472740609648296
-0.0361080506284779 0.0299364790067161 0.0781491500811423 0.386439215402217
0.0176285218968796 0.018286589193225 0.164765721188769 0.155772981390438
0.0203299729094735 -0.0305923783476409 0.0877714529687857 0.0622168262195252
-0.00934399321812666 -0.0551045714796101 0.0224022414230329 0.0614401901409021
-0.0203076087327137 -0.0512920072189428 0.0109286048695659 0.0427912370529659
-0.00915778185367254 -0.0392360571714513 -0.00780813907644064 0.0233787972976229
0.0162939949032793 -0.00954240447026493 -0.0784089427658089 0.0229181526365282
-0.0138130667291411 0.0349736288386185 -0.186801938616972 -0.045283477071673
-0.0418225806347586 0.0091023729419498 -0.186091064929594 -0.284921896789419
0.0157917408520479 -0.0213201751052853 0.0359284509019406 -0.449391779699229
0.0250786226582638 0.0537406929922128 0.35058038169351 -0.316525375481432
-0.0580746365037083 0.14764894315096 0.130005099664157 -0.0534198031293699
-0.127158172085451 0.108370457395844 -0.0715874545039546 0.123126561710534
-0.0675200570948027 0.0634404426418298 -0.311939174217169 0.240548884681878
-0.023564159764821 0.0742894764156286 -0.17771197707309 0.398020509660676
0.0482253539889968 0.0640910143943009 0.0585670400918532 0.346962640627893
0.0853829277867198 -0.0115987664951972 0.159220342031017 0.154915034217347
0.055529225814745 -0.0757414665416869 0.0947668947315087 0.0540292890427037
-0.00528318624289572 -0.0979082340044845 0.0175652584561407 0.0325682774762296
-0.0397994579778026 -0.0830624245076703 -0.00618360882184673 0.0128651322572694
-0.0435523787359313 -0.0637375276830535 -0.0189346777364538 0.00914044574329924
-0.0207913411343216 -0.0519279205839986 -0.0937172578552289 0.026122545033162
-0.0266681464788276 -0.0504676016152551 -0.224767682387887 -0.048656499885593
0.0451542395868161 -0.0949475819198169 -0.204303008834641 -0.349945903664262
0.154604915973754 0.00333667254347543 0.110756974288078 -0.524264144316918
0.0759575021864221 0.162873182991208 0.461759343234524 -0.327978881612691
-0.0926434949571856 0.218029001939241 0.214765655393799 -0.0941299169565626
-0.0994077258297995 0.091590407342456 0.0291752943951329 0.135769419796977
-0.0719338045208868 0.0608396263115503 -0.185282481852415 0.216459379579353
-0.0176803821788249 0.0876774534645881 -0.133301082526419 0.335081654944279
0.0749654467233896 0.0689937869954723 0.0621765400913162 0.326480960960032
0.105534992875993 -0.0213356902602084 0.184720882660625 0.151127656690547
0.0669000675414721 -0.0833271778964133 0.119595980844735 0.0264543621568272
0.0059551282981426 -0.0996102695424822 0.0169194704723333 -0.00957323644760997
-0.0311086837003171 -0.0831709126071139 -0.0244783488923715 -0.0205665796899605
-0.0362115736518281 -0.0399462219782736 -0.0426220247740088 0.0096386540182733
-0.0413971210219602 -0.0392586431029068 -0.130194724884155 0.0349028370494679
-0.0525079702582446 -0.0668985868078381 -0.277056347696917 -0.0547299467194071
0.0457718946645759 -0.150036813165089 -0.246262734276321 -0.412607390430421
0.214611738414406 -0.0391942461612985 0.145736665944757 -0.606671723690747
0.160788924243913 0.174885241668353 0.523866645253591 -0.357057841227625
0.00891495480908846 0.242719259170093 0.211404818068351 -0.132626620969362
-0.0422017447333653 0.0816762132660616 0.111891816389807 0.138287685332176
-0.027033544600134 0.0469677694320566 -0.100398315938234 0.183466898294166
0.0177793668740637 0.0586295573581586 -0.10350362975825 0.294403154473108
0.0761832672424951 0.0285104212913716 0.0721783804779445 0.314909148878279
0.0828317957960412 -0.0341937700744657 0.206475279869875 0.145344143985759
0.0503343415861923 -0.0727832385038937 0.136496988460639 -0.0033323245702124
0.00506728502800624 -0.0811885474608507 0.0103746864309655 -0.0511721601872523
-0.024598585821793 -0.072984370488454 -0.0437980995798489 -0.0548445675150004
-0.0367746897115096 -0.0703913088401259 -0.0723867761956766 -0.0281064099364842
-0.0116317676145245 -0.0896700493524644 -0.166422715434499 -0.0206160315133873
0.0337023407543707 -0.107020980437709 -0.285380853447693 -0.162338759545095
0.162682679891862 -0.0853082897964859 -0.121257576188392 -0.515444891905911
0.19777443535628 0.0936918248598949 0.337702500582793 -0.554552403759846
0.0537872753487724 0.208401593834101 0.58679823222738 -0.234746567653955
-0.0494944696535512 0.192949245282262 0.298344613706223 -0.177257349061607
-0.0256362473136852 -0.0245621783822811 -0.213088127175464 0.15193520759146
-0.029763243073075 -0.0625338119984154 -0.572940458598857 0.206055690018676
-0.087937988059589 -0.0463142259016107 -0.3873440445059 0.591330139246655
-0.107651650272441 0.0338872148438265 0.127954439016062 0.580044786690918
-0.0463950704923385 0.0761560738042135 0.3333032946061 0.190373439594129
-0.00431553643719247 0.0711673672297721 0.188337937059731 0.000210902459798496
0.0231070555201238 0.0571365579322613 0.0688310744422899 0.0205147504470059
0.0168164618415418 0.0413914789062063 0.0523009923951966 0.0553517059083051
0.0122949336190334 0.0457094686956358 -0.00123558195391899 0.0544733169793464
-0.0106820585088757 0.0539930191030977 -0.120065917494609 0.018453357614876
-0.0381174850825041 0.0418493607734979 -0.211180007527936 -0.106585586443426
-0.0360573783466294 0.0287603098874476 -0.127965502291592 -0.30016926663984
-0.0262001659385692 0.00748643753131885 0.0555945920312675 -0.321368015178999
-0.0368583440046809 -0.0141018047002609 0.124839509126407 -0.201617326675819
-0.0269475691970688 -0.0372761525673068 -0.105909892509822 -0.0876764186497374
-0.0540475495755172 0.0738334656501668 -0.246968672030418 0.173424514848753
0.0316790758690014 0.0183630285798582 -0.579703643333058 0.186329029326767
-0.00660825355523661 -0.0526246684894686 -0.423407283878074 0.560712836279599
-0.0899179571570176 -0.032721390615169 0.0641850608603213 0.575995210879863
-0.0781014468583685 0.0440993130042034 0.279985916353029 0.224620089141284
-0.0344265491083344 0.0585346750856417 0.17070773709297 0.0477625320325188
-0.00593459334547946 0.0421068506585143 0.0710138834944247 0.0552206848403243
-0.000361683133234424 0.0198684624127165 0.0619152572201264 0.0788022318882972
0.0156774791652075 0.0102827585509734 0.0127599222447507 0.0698077393629855
0.0285523916981962 0.0260359642443355 -0.105790541206792 0.0298737852952843
0.0138449093012249 0.0533322167833391 -0.202299141660604 -0.09104313297008
-0.0107454591077695 0.090698402301371 -0.133410602329944 -0.279971763163346
-0.0680542097899393 0.0665144716143195 0.0325238629201847 -0.315716303262407
-0.10683238678779 0.00255628362004781 0.1229371243691 -0.210898968342543
-0.0880380595903155 -0.0257780220253217 -0.104743095549741 -0.0905997789436127
-0.0371612855754801 0.131581077674628 -0.210447660748158 0.124011606800683
0.0809392987160135 0.0466913670785245 -0.578448450620059 0.218090318905963
0.0436098812424236 -0.0459195995467536 -0.383269459369491 0.567085580456172
-0.0704601224559367 -0.060063021565151 0.0861078729965507 0.525602211186052
-0.0774011629988459 0.0203454535989391 0.24092527641392 0.190136246257195
-0.0410992691980987 0.0326621840347045 0.133989479500098 0.0511709410100724
-0.0241414884387039 0.0155438537378744 0.051870927658704 0.0663805891746823
-0.0137581661768533 -0.00356024689274712 0.0530784205104984 0.0778085139268351
0.0131317177391761 -0.0181159504925127 0.00947948361227368 0.0570407463536641
0.0503089612670282 0.00428074204201815 -0.0952740977202348 0.0260039119492501
0.0414952857755838 0.0617975080082235 -0.194886663204371 -0.0789230746658939
-0.00524995341855952 0.121122784994289 -0.147717318353976 -0.27520790584099
-0.0855674939486588 0.0840464781229867 0.0242797135718689 -0.346852744934072
-0.125849432193308 0.0165710625032523 0.183780831890812 -0.24177867235876
-0.114021607986454 0.0134920438252889 -0.0322261337198468 -0.0619178200056652
-0.0882767332611404 0.161526665013154 -0.215863626901789 0.123038118284177
0.0532120552662384 0.073435374054187 -0.539591890399929 0.239801052947753
0.0389857916751997 -0.0264617577476987 -0.30887395622127 0.547824188590429
-0.0382638168139678 -0.0394441099278891 0.0817824503509816 0.466766065549792
-0.0367207225314666 0.00136098048684181 0.191084547927081 0.176691889113194
-0.0207126834961524 -0.00934177912175602 0.101748094294489 0.071232757198029
-0.0328943634756147 -0.0293878471882019 0.0401706470366439 0.0805564563422052
-0.0335446036326876 -0.0363954029814061 0.0406746215815929 0.0678088161706364
-0.00379164944090565 -0.0385050685717781 0.0114046088246217 0.0402722703465624
0.0419061026631589 -0.0117069136024703 -0.073438208541706 0.0231630130479025
0.0292619711568984 0.050645216093385 -0.176969270484428 -0.0567476872311884
-0.0104997917662114 0.0840126312767517 -0.163075439363534 -0.264948806318408
-0.0440541256552329 0.0584497044659802 0.0154163734813809 -0.388542439696434
-0.0811218759351788 0.0546745602488011 0.258603637102614 -0.290946348199666
-0.129089123676839 0.089372565901616 0.0499983176661636 -0.0635101315658489
-0.0490705521378853 0.124861896926083 -0.152098849002106 0.0895015832452156
0.0114886711921096 0.0188100184571251 -0.435491165120622 0.260698207723091
-0.024429321930113 -0.0226636155365249 -0.205724559160444 0.487859271274932
-0.0410414990518171 0.0257023423436377 0.0958095523557561 0.384740407561325
0.0122032843493915 0.0179091157223936 0.169008660069527 0.148833748239496
0.0144786196394259 -0.0304594903370149 0.0886529454727399 0.061266506990179
-0.0161280179910047 -0.0521607036713386 0.0271700990444239 0.0644657665048074
-0.0260437881932242 -0.0456386046501381 0.0153638431982854 0.0428150583949442
-0.0134320990234139 -0.0355653879601315 -0.00593717852711637 0.0220947660102161
0.0122886635518256 -0.00743747832651346 -0.0737429040166447 0.0246092970723141
-0.0174070451723995 0.0386965147584938 -0.186280581573741 -0.0361299958846956
-0.0505123952848887 0.00809214306821669 -0.19842507404996 -0.27753834586806
0.0150692850906487 -0.0330366350488333 0.0178618072649386 -0.454508721088329
0.0380009195031357 0.0531111149089732 0.341956175550705 -0.34004406559985
-0.0410126555086027 0.161404547936362 0.128698234446284 -0.0581570711156844
-0.112962011929492 0.127562305342802 -0.0627880523778548 0.124876919036237
-0.0549978689542309 0.0689288496747798 -0.302437537575071 0.253766456844242
-0.0167625464662129 0.0676982917381646 -0.163309365377492 0.408059894217556
0.047283303309352 0.0548645777091843 0.0708676118375432 0.345857331541053
0.0797719503363057 -0.0175970936898726 0.161181905022257 0.149236957386951
0.0474399168992578 -0.0801479592586775 0.0947656610378167 0.0536443688311302
-0.0156315986832187 -0.0962209804504184 0.0192360069973854 0.0376536108744799
-0.0487256278305403 -0.0753150244409473 -0.00574117235455867 0.0158299594371604
-0.0508662230600199 -0.0557697497307016 -0.0187567191896842 0.0100878420082337
-0.0307237735127998 -0.0478662916717271 -0.0902443287844704 0.0309183968764406
-0.0386935345358226 -0.0486024322978378 -0.225783362457084 -0.0356139247744855
0.0311776512340542 -0.108466678955309 -0.225748579621665 -0.342516671447405
0.163052979674484 -0.0178393869375547 0.0881794051058197 -0.540307904003906
0.0995453908461009 0.163082727790707 0.454310351100918 -0.358626556980204
-0.0709892288400685 0.237646847606825 0.210283379154333 -0.10848252376064
-0.0872083289785937 0.107019598109261 0.0403438522706516 0.128232021852167
-0.0626981707765701 0.0664089758772296 -0.175649846014006 0.219089067975273
-0.0107622477304155 0.083871494692739 -0.123870735044062 0.340282847686673
0.0774730936321433 0.0606282208585408 0.0723142794847759 0.325266272167635
0.102623474644683 -0.0286361075596856 0.187442568718408 0.145109424207459
0.0594440107470776 -0.0892943235586823 0.117957070482464 0.024602933430297
-0.00336314989851609 -0.0997632379202108 0.0150091640166867 -0.00459985626056162
-0.0392271718124716 -0.0777667119650338 -0.0282425569679814 -0.0159715722053868
-0.0407103131873625 -0.0341585145957748 -0.0429332551413018 0.0147937779335408
-0.0492209030286181 -0.0339924067268737 -0.127226733248925 0.0440177995533019
-0.0637965724370072 -0.0643159526918389 -0.282234862020533 -0.0370763690923838
0.0315596443956539 -0.163113366124412 -0.274109636346802 -0.403418829782735
0.221229399979578 -0.0612950134272323 0.11839500331626 -0.627506489419432
0.183656272813252 0.171172688910269 0.515687285601823 -0.39340814025036
0.0322834578423502 0.252669229960496 0.203568632059871 -0.147553632556767
-0.0314403807752989 0.0903952145449416 0.123856148267468 0.121715556002803
-0.020633241230417 0.0502519728328657 -0.0928432114467204 0.179422219393785
0.022912127911606 0.054193344886713 -0.0976791744587862 0.296684119063942
0.0783470978731625 0.0209340500147576 0.0819263336515132 0.315207384970515
0.0802939273308414 -0.0408883473070302 0.211062763247261 0.138605204439727
0.0445661599704828 -0.0785213501740479 0.133695497250069 -0.00624249021412893
-0.00224543998145894 -0.0828633148415454 0.00522690435128184 -0.0458090515697076
-0.0316282869812481 -0.0694427578430583 -0.049493526101841 -0.0475442766666846
-0.0438973409965425 -0.0660573811741708 -0.0767694895729668 -0.0206093996898335
-0.0216560479786481 -0.089674617703331 -0.170599694742057 -0.00810275267913295
0.0224265883126558 -0.112896855309879 -0.29978302157989 -0.145920153695145
0.159153341602039 -0.104428067066118 -0.15705441036254 -0.519908398451978
0.213281850178378 0.0785281258864099 0.317636571058362 -0.59096973717048
0.0739719274337882 0.213626648636086 0.592473010235685 -0.272162226721203
-0.0313576115536568 0.20527612487318 0.28727603878472 -0.202198075941267
-0.0278215562814565 -0.0228204500349908 -0.193774833253298 0.167230486165016
-0.0358047429793626 -0.0597566936740874 -0.556299762930384 0.235043091180019
-0.0922866435172779 -0.0397360825586463 -0.355147492339241 0.612327478963557
-0.104399028753275 0.0412604159298446 0.163936957318659 0.569374733527208
-0.040579354145842 0.0804358060424869 0.343270956781111 0.164393519352789
0.000807479729380217 0.0710834744706371 0.186677582898844 -0.0152240280421439
0.0275637870298976 0.0537755492261698 0.0701876697987453 0.012218577348437
0.0195912842494421 0.0394709962655656 0.0581616127993922 0.0450739321392993
0.0161634183540198 0.0434588728103104 0.00536260238881043 0.0470750442923341
-0.00573502373902306 0.0547573010950043 -0.113404649371079 0.0190709036716231
-0.0341672026330706 0.045563154095318 -0.209495328087814 -0.097266526752598
-0.0336607640352119 0.0330613468352666 -0.136125985027113 -0.289091891188205
-0.0285679664417735 0.0100454450799653 0.0451093230716178 -0.31502045553237
-0.0401903400788454 -0.0112837766535751 0.1154003473618 -0.196543812105621
-0.0300098081437878 -0.0375817881381485 -0.109259312931328 -0.0693388913865942
-0.0458609173953114 0.0809587607886393 -0.224622618912433 0.191053057284707
0.0354285722504896 0.016951368790581 -0.56280141062483 0.214171314414854
-0.00905765007102037 -0.0551295713206423 -0.392911732205077 0.583434111927847
-0.0950260935918876 -0.0305323891366234 0.0987961653707859 0.569358852756719
-0.0778647306662637 0.0500330873590955 0.292193571334701 0.203423322399323
-0.03163089789692 0.0618980581807973 0.172771929880065 0.0345753419916108
-0.00381655331900145 0.0434993802319682 0.0758141281615989 0.0466381752933347
0.000663102355944674 0.0221421155291318 0.0694947406381895 0.0676781563641972
0.0159042469692379 0.00983291953426923 0.0200442719466392 0.0607389256367573
0.029922790545638 0.0243413208470041 -0.0981194196422111 0.0293507745017209
0.0166799432195751 0.0536634600109375 -0.199090700676928 -0.082727723084154
-0.00600408596127725 0.0922526663238456 -0.139184052594046 -0.270679140941068
-0.0657657102007275 0.0688678279182854 0.0231515772201385 -0.308587625088611
-0.105291137716099 0.0100265538864973 0.113159388717594 -0.205402621544514
-0.0869334695813508 -0.0188578692895947 -0.10725722497709 -0.0705295703862013
-0.035155502389552 0.141727340895722 -0.195330573311548 0.139659238207102
0.0916238827466375 0.0398014742082025 -0.556813733677038 0.245940675349865
0.0432372098309512 -0.0563601363022813 -0.349115784375355 0.587174653752163
-0.080412333595979 -0.0617620570977313 0.117621222012766 0.517581131894754
-0.0818964780014518 0.0268485238658215 0.250153490594466 0.172099401096841
-0.0425129539933461 0.0384729709400283 0.134594539815324 0.0410213692309964
-0.0243806077289317 0.0205205858452832 0.056953054176778 0.061728900757751
-0.0147818900912313 0.00127834633136193 0.0608841250179806 0.0683484147909028
0.0111587662894846 -0.0168092135029147 0.0152749825139848 0.049478897244254
0.0493477897189912 0.0022320477071285 -0.0881374165111089 0.0256331097922324
0.0437791548092891 0.0604462816266856 -0.191306044352216 -0.0702993531191373
-0.00105664078570115 0.120805723596769 -0.152965532158645 -0.265119389413727
-0.0809496765532841 0.085189211760426 0.0137032205200518 -0.34003407485871
-0.120480356697717 0.024547309534465 0.171385015518091 -0.241830581962279
-0.106395593495287 0.0241524224705695 -0.034004846588872 -0.0487880188035926
-0.0673419265901479 0.174242685360627 -0.199770554347012 0.137387104893232
0.067670448367895 0.0691634285844075 -0.518310450455073 0.265422960076737
0.04021343225411 -0.0396514386938616 -0.275182384123815 0.560986165205323
-0.0488412849983902 -0.0452726135134637 0.108665749246736 0.455948884058091
-0.0445534534145112 0.00553215986181364 0.195819516011688 0.162947709538201
-0.0256245284667523 -0.0043939123473784 0.102800262339755 0.0661182987083417
-0.0372763927061842 -0.0219676079387743 0.0464976724842714 0.0785924762053385
-0.0366482858634178 -0.0272813033157389 0.0470826493699449 0.0615555770988443
-0.00793545278684412 -0.0343203962203867 0.0156541588968679 0.0339144346185885
0.037900158837496 -0.0114422153754185 -0.0668111511952261 0.0217547418957882
0.0284347743714872 0.0508267879720345 -0.17100505136211 -0.0491649362665836
-0.0122069425278315 0.0828416597036761 -0.16838349611657 -0.25346830449246
-0.0408391684637144 0.0530689694337759 0.00144523032818133 -0.381414124346324
-0.0695622425180749 0.0587564023831092 0.241550283438171 -0.297232588733484
-0.112771016468863 0.103885507348977 0.0462323608201947 -0.0579965916043617
-0.0312275841429666 0.133743879897565 -0.141405160574982 0.0977678132607226
0.0225115627739967 0.0160477163352477 -0.414350053714879 0.27951540142824
-0.0248018826632637 -0.0306120542756124 -0.174578262194719 0.489645432456554
-0.0466274648132234 0.022531076238437 0.112935435407384 0.370992821860476
0.00613957028408295 0.017939517724904 0.169471132877276 0.137902658730527
0.00844379414850217 -0.0289998870490086 0.0881566998123163 0.058557615440349
-0.0219785780754962 -0.0463342450173743 0.0314999720510941 0.0651578001927521
-0.029636157149201 -0.037755046244314 0.0194924675482179 0.0414205504942724
-0.0169031799451855 -0.0297399503691123 -0.00342100779470284 0.0199450733522689
0.00811077385888504 -0.00465772830009692 -0.0673922330723372 0.0257495953210136
-0.0198664850551673 0.042368766150043 -0.17961407837641 -0.026744941746416
-0.0588253609453827 0.00879083009190743 -0.20759942918892 -0.260738817272973
0.0123824767827684 -0.0431646628137381 -0.00471648682665986 -0.448358130456834
0.0501150198191403 0.0486150014579639 0.320490631521565 -0.353963966154659
-0.0208200038436861 0.168270231461065 0.12348806720473 -0.0615887668689661
-0.0922771931749416 0.142363534637775 -0.0510829263114152 0.122678779734692
-0.0404521350922133 0.0713291795473735 -0.282355862445711 0.260815700451862
-0.0108094481059134 0.0585733572731222 -0.141810837255615 0.40731473939957
0.0432234333125853 0.0450319454639179 0.0830037445406045 0.334427305498343
0.0716547097106874 -0.022492473870744 0.159658346696901 0.140603037915166
0.0371127951753644 -0.0808129140855366 0.0932486657534827 0.0523184672517052
-0.0249786666899404 -0.0901013722822537 0.0219629894577855 0.0411396974469139
-0.054628890463004 -0.0647964991465138 -0.00453325810210999 0.0180331099271847
-0.0562004581200829 -0.0457452375195952 -0.0170445435454419 0.0113486798299713
-0.0387486598713361 -0.0408818399705802 -0.0838651192048747 0.0352593474088986
-0.0495392463260239 -0.043008364167279 -0.219819366191819 -0.0207568286623222
0.0128691389912114 -0.117030952373259 -0.241444226188713 -0.323250603059504
0.164089064165338 -0.0410534373707349 0.057658075047679 -0.540256648498509
0.122271550231069 0.155900691909876 0.4320930253982 -0.384263301316026
-0.0432214784602254 0.248494960867189 0.199300709934136 -0.120347961408657
-0.0691602010457044 0.117519846050054 0.0493608934476103 0.115755433078141
-0.0507061425763056 0.0698771746691537 -0.161280783854278 0.215600994962466
-0.0042771153219324 0.0767306767627819 -0.110438837949123 0.337362848167729
0.0763936006003947 0.0496171607357146 0.0811793632929907 0.315248182914524
0.0953652711910542 -0.0358590574789375 0.185821663275487 0.13488738129396
0.0492735524888845 -0.0928015122337113 0.113697013179007 0.0226160310991524
-0.0133460177559466 -0.0961698086299901 0.0137847868198905 0.000581438738868977
-0.0456288915750092 -0.0691473353989461 -0.0299404476529779 -0.010133622655566
-0.0431925054054376 -0.0270149554419947 -0.0410253362797753 0.0189891633804177
-0.0556585159684429 -0.0271502347002092 -0.120230214374929 0.0527983660831274
-0.0727393440291942 -0.0585980944794335 -0.277883589351391 -0.0177108673058732
0.0138206206932956 -0.169369845384156 -0.296825444659772 -0.38007967762905
0.218024458952729 -0.0839272743280416 0.0794104829276506 -0.629699202600024
0.202453886862138 0.158295432213093 0.490387514421864 -0.421087382983652
0.0569636748410609 0.252318771339798 0.188596411473166 -0.158750549704002
-0.0181549324640082 0.0948226864411439 0.130058148653315 0.101116135297383
-0.0131718436328189 0.0518778088445504 -0.0837940414921812 0.169780582232652
0.02616210291263 0.0482107770843149 -0.0889377686932688 0.293153180883968
0.0779980024611709 0.0115298656283391 0.0897268366471498 0.305416631237263
0.074802592809518 -0.0464414322684007 0.209858480188317 0.126175615118056
0.0359213312622294 -0.0818575236414835 0.127648191355853 -0.00968414044829582
-0.0100835831589315 -0.0811305488418273 0.00071494280183899 -0.0384971704089776
-0.0371308289375139 -0.0633587039460189 -0.0544386648827175 -0.038078454254619
-0.0494674803799972 -0.0586900567567661 -0.0777629123435387 -0.0106719688427691
-0.0325479314413951 -0.0853545482091709 -0.168297613688114 0.00613468273681715
0.00964951049393032 -0.1140352602425 -0.305714593177474 -0.123510442840361
0.148020887155843 -0.120866851663933 -0.190287244797953 -0.506191935503777
0.221779078079324 0.0584984295425176 0.283589639971228 -0.612074081477772
0.0941322716882606 0.209603975895267 0.574708501326284 -0.306692996500788
-0.00930599371886183 0.209312213829238 0.26412671865859 -0.220085233183191
-0.0289990485085335 -0.0210707844389459 -0.173446507904279 0.171427740589505
-0.0397938109197062 -0.055587106845038 -0.530752685019695 0.244241818124497
-0.0934371519857836 -0.0335952470977194 -0.326367820842874 0.611581184556857
-0.100626939493054 0.0462119622296946 0.183703404007668 0.547397908839586
-0.0351219025228252 0.0812441324870579 0.341139906096802 0.140610921006513
0.00515820589281203 0.0696831186324905 0.180297683737919 -0.0267347759814853
0.0296821753861277 0.0496396513650417 0.0696603480009687 0.00561208409338267
0.0208846993464989 0.0368141874317241 0.0604196526650462 0.035251692512619
0.0183764238894761 0.0399789105243679 0.00929490536028173 0.0383572755206329
-0.00223899436871341 0.0537926757112031 -0.105504817784743 0.0170571032057472
-0.0300393456484279 0.0472361409076675 -0.201597383803333 -0.0909721666129227
-0.0307715305530422 0.0360531923012159 -0.134648761448349 -0.275605341570209
-0.0300105519176745 0.0123898175215228 0.0415354397363517 -0.302398482122905
-0.0421496795759089 -0.00911860488431457 0.109241990552123 -0.185263014596747
-0.0322521971843204 -0.0378543119468598 -0.107047593897906 -0.0523238021529816
-0.0373560885086387 0.0836696836905146 -0.201212499402848 0.198205208725435
0.0378823471962001 0.0158188354692736 -0.536376167437907 0.226172333221042
-0.0109959672286424 -0.0565099295310487 -0.363410922629956 0.585903025765565
-0.0975464252081844 -0.0273467237212846 0.120473864542465 0.551159382128183
-0.0760414840413483 0.0541163759567382 0.293245725473149 0.181806219028887
-0.0295672859312899 0.0642034842164959 0.16909015306085 0.0235414409133093
-0.00159809302454614 0.0435485329643554 0.0764061602434944 0.0394479620138233
0.0016942732429648 0.0232549787983592 0.0728781010995615 0.0563108321887693
0.0156054468727107 0.00917560268407313 0.0243165783485682 0.0500091767512837
0.0304168689849793 0.022953782719676 -0.0900263846802978 0.0255599743745712
0.0184306850002162 0.0529008993169251 -0.191341789668334 -0.0778977772442118
-0.00293745802268001 0.090886010330071 -0.136937183745644 -0.258531811293624
-0.0626612839602268 0.0691160729486272 0.0221391708145339 -0.295435374210008
-0.101779696698233 0.0139277420177722 0.10762676390423 -0.19260201796412
-0.0839062957423126 -0.0136604764069108 -0.104024275325561 -0.0512564591981677
-0.0272841374622324 0.14730653122828 -0.178751622302988 0.146410529709651
0.0967683041880618 0.0354197674639919 -0.530583657407519 0.257238828565786
0.0414914355402947 -0.0645126521201961 -0.317832739284163 0.586932539034807
-0.0879334846472192 -0.061774790289469 0.136278988183664 0.497233623986089
-0.084278261329694 0.031798886904386 0.247651071692486 0.155286073401203
-0.0421924796970082 0.042283549249333 0.131241630211914 0.0343168487022774
-0.0236277802241516 0.0242332485566951 0.0591161463857994 0.0565648184668807
-0.0142423346531939 0.00570309288854682 0.0640827006535802 0.0592193897349927
0.00895977332386785 -0.0148434491178795 0.0181935121635001 0.0405791107687408
0.047305481774839 0.000528652765952981 -0.0808993636933524 0.0224512350435037
0.0436213958404599 0.0585338914577613 -0.182453986810804 -0.0657147207517994
0.000592221304801679 0.118097577874249 -0.150087607524539 -0.252954010577929
-0.0774175137312172 0.0831518398637535 0.00997825856923527 -0.325591404258974
-0.11279921074668 0.0288578634806967 0.161490679894727 -0.233068601737419
-0.0971971553576693 0.0307417529424154 -0.0321499618990114 -0.0355157649668629
-0.0476164217085367 0.178855399867546 -0.181236786443983 0.143194913887801
0.0789235977308018 0.0633265118466226 -0.489437818911235 0.274232227277171
0.0395064556310573 -0.0508261114141723 -0.246623896728916 0.554562767346681
-0.0592708796920351 -0.048178298464165 0.120953964874647 0.436008132267278
-0.0509233092398673 0.00967829850246221 0.191980763131776 0.149429000648766
-0.0299331084213326 0.000612241355316825 0.100517271349414 0.0612647680026807
-0.0390638064729484 -0.014211906213328 0.0496481389965137 0.075255431440519
-0.0374950333593398 -0.019176396044573 0.0499391125973947 0.0546140292167377
-0.0100351381653945 -0.0287247573464149 0.0174193089107837 0.0271259642932662
0.034228233361343 -0.0108627330506644 -0.0601409839662208 0.0184014671575007
0.0264900527819052 0.0507306491416854 -0.161302784793145 -0.0457663116911588
-0.0157147230045926 0.0802134496918363 -0.165080769358206 -0.240307847115917
-0.0392154935604496 0.0458476870292801 -0.00654318200535183 -0.365436590272274
-0.0578299237224968 0.0581940004840126 0.22561558446646 -0.292135140921223
-0.0962220724497241 0.110908516123297 0.0439694756694048 -0.0503508272823969
-0.014627606905851 0.137224526223486 -0.128306741939294 0.0998280446505633
0.0318664117475481 0.0117708532233934 -0.388602088785702 0.282999932671414
-0.0250806185453784 -0.0374734769950473 -0.155359135779041 0.478864541457272
-0.0524700839624698 0.0192061110995637 0.118676221281344 0.352759070682441
0.000697044844904055 0.0191360610118427 0.163096237496146 0.127976867337669
0.00278208769385048 -0.0255847223691751 0.0847530150031851 0.0573165521291742
-0.0252516795537663 -0.0400332702979696 0.0350239199362168 0.0646643624711279
-0.031158218229868 -0.0304076982831726 0.0213531757339458 0.039438827736905
-0.0180376292862164 -0.0233563291347997 -0.00204792520028605 0.0169978611830712
0.00461562172240251 -0.00161751625929107 -0.060710913160662 0.0238235934508387
-0.022094794204882 0.0457416946640582 -0.168780278193767 -0.0213001806354674
-0.0655970566333474 0.00954791854880535 -0.204593979112924 -0.244202147072565
0.00847084777802877 -0.0520156646223729 -0.0162220126230335 -0.432145739265347
0.0593004201948723 0.0429350558772047 0.299209988961938 -0.352992472605569
-0.00277819995885556 0.169244139078269 0.117811624688584 -0.0605179300061477
-0.0711179767752778 0.148690054901026 -0.041141883431238 0.116252079862981
-0.0261744983112067 0.0692447856721485 -0.26280336443884 0.255583803188946
-0.00706805441613661 0.0480527210185984 -0.125801865495127 0.394770235120535
0.0360791005351417 0.036534859041442 0.0847720001658193 0.318539665263136
0.0619491521942679 -0.0241849860725471 0.152121411142717 0.132772902699934
0.0279521796487475 -0.078887127523733 0.0886684716184512 0.0525011552552566
-0.0312134103301586 -0.0816541491607143 0.0235941217994158 0.0437376174631485
-0.0568200925503112 -0.0536673165195827 -0.00328122800761841 0.0198779973382489
-0.0577085627788834 -0.034844619282951 -0.0159941318736803 0.0106853724830458
-0.0446004285264155 -0.0327724088671837 -0.0759214425182568 0.0356377210318987
-0.0571497833026108 -0.0365668261044043 -0.208602238371039 -0.0119903172890737
-0.00375593524982788 -0.120171884289042 -0.244641371577203 -0.302043270753624
0.159851167034008 -0.0599066995767476 0.0372275803429141 -0.528127865460218
0.137225987160006 0.145169352791121 0.405622330790036 -0.389906038024096
-0.0197468636578527 0.249451482695125 0.18516313002981 -0.123130291780252
-0.0515229710944306 0.122000040889869 0.053149717328258 0.101075509427003
-0.0392146645699302 0.0690110088964935 -0.148880357541694 0.204262329614408
-0.000596572581800658 0.0681493392952568 -0.101153871737898 0.324496834694864
0.071759715468891 0.0404436701690513 0.081324114308584 0.301068139826605
0.0869537239113953 -0.039304459225748 0.176810656614242 0.126788023546039
0.0398629944148051 -0.0917409900089044 0.107609635836668 0.0223371752730912
-0.0202298569172033 -0.0905130503537305 0.0131888888677425 0.00612658518691004
-0.0485683759551092 -0.0600352231547096 -0.0304805685372927 -0.00411616912722477
-0.0437134823079807 -0.0196781965774509 -0.0383021696665476 0.0218203898081236
-0.0589571574026608 -0.0197155168604515 -0.111560941139151 0.0575860039967923
-0.0783688947100386 -0.0516809844480248 -0.266293121256356 -0.00474287559010891
-0.00102062426853275 -0.170798158102949 -0.302447161466756 -0.353881891744272
0.209994878480683 -0.100004060528064 0.0540481143722793 -0.615766516217298
0.212966153302451 0.14478422279436 0.462709977549591 -0.428169781309835
0.0747908699735564 0.245320550412392 0.172951913050649 -0.160751075942619
-0.00611722070879254 0.0944196112759291 0.129313174447046 0.0806722419850254
-0.00611513352083453 0.0513826467235583 -0.0785770106839404 0.155941651330009
0.0274394971300634 0.0415642598094891 -0.0850719453467107 0.281320168375715
0.0733239229947084 0.00405012274928788 0.0900165233153645 0.291879983303596
0.0691737104517111 -0.0493445890850234 0.201313138276591 0.117831299092674
0.0282706486055667 -0.0815225323732825 0.119364159570641 -0.00912265433374402
-0.0162209400780377 -0.0769292716187907 -0.00171976806853124 -0.031136900431628
-0.0395528012243847 -0.0567459371373968 -0.0551936837490606 -0.0290118884901684
-0.0516688827645253 -0.0507769210072003 -0.0761982745275211 -0.00313263084735091
-0.0400210153842239 -0.078733879547757 -0.162089738964907 0.0160681486629958
-0.000596084408817746 -0.111942705370455 -0.301545569688174 -0.105136897977265
0.13434919479297 -0.131007744701794 -0.210878294603239 -0.482178595552201
0.222191480640866 0.0407889467866345 0.252711878622293 -0.611253023641241
0.108332939250435 0.201834814852548 0.550940640274201 -0.322600254921104
0.00795809907916607 0.206235449774013 0.240209984476282 -0.225740006044876
-0.0254981785786277 -0.0224622274105795 -0.170368181361888 0.161418030545595
-0.0326221792177472 -0.0529277545345348 -0.529011909538393 0.210794681300162
-0.0831696380426499 -0.0343174411109711 -0.348532085363961 0.579724808682144
-0.0950121357754384 0.0378361356014692 0.157985864253025 0.542968152122747
-0.0370868475051123 0.0740395217292929 0.327551729982499 0.145636318816417
0.00248101866601614 0.0672678688899884 0.17526398611052 -0.0217731015156786
0.028273019709193 0.0487534743034632 0.0698208813508702 0.00471702733559763
0.0193970592049845 0.0367060790407069 0.0593952172128787 0.0298586657586978
0.0173271603903296 0.0386519127467162 0.00897608557762819 0.0308955407405295
-0.00281662335689047 0.0536128349897291 -0.100926006243748 0.00910586039491035
-0.0318291996352946 0.0476786437141248 -0.189396518086821 -0.0980299976904063
-0.0340186778136745 0.0321962471513951 -0.114655979460716 -0.271368453081346
-0.0306943244806524 0.00826306673047305 0.0603808864842768 -0.285316909696057
-0.0413018253775424 -0.0119316714201446 0.118798838851883 -0.165451585312806
-0.0341475031064543 -0.0390695997422631 -0.096477469202383 -0.0461376341681964
-0.0355643007248598 0.0844001336690788 -0.19224737878866 0.188653508908992
0.0449241145485999 0.0211990120528456 -0.531049921814889 0.191530792263793
0.00110006922255006 -0.0557492757515611 -0.381961080773386 0.552857086638804
-0.0924162167838224 -0.0358734254875723 0.0933308836947717 0.54440030510221
-0.0787701189354629 0.0468329357518045 0.278534030219434 0.186133355900357
-0.032483470188309 0.0627193553027813 0.162859132909552 0.027624291876398
-0.00265288496795591 0.0450651040248585 0.075664901040806 0.038646444729152
0.00104662703431675 0.0250349145751153 0.0722360639428573 0.0502228143148014
0.015213896305003 0.0103571085809307 0.0240104738350619 0.0414851735505051
0.0286311300212815 0.0237735791594825 -0.0849220489069484 0.0175136026020125
0.0155398976933756 0.0543452829539845 -0.178709616149981 -0.0844810923318989
-0.0103709770137357 0.085722182415956 -0.11702438280207 -0.254254768641729
-0.0645639897354255 0.060993096245172 0.0407552357936038 -0.27945559397196
-0.0978433698234272 0.00923258905797646 0.116855514813249 -0.174081802647592
-0.0814564692127602 -0.0138802127682162 -0.0944686592180451 -0.0446811384676618
-0.0228260301933482 0.148006858565878 -0.169941701157137 0.140017864852298
0.100723217349846 0.0502277726623426 -0.523779889460227 0.218760307451069
0.054152938900446 -0.0663200056209236 -0.339137529060479 0.551275277265504
-0.0850378064494134 -0.0706119862311331 0.108233772692597 0.486795546707076
-0.0886488730418177 0.0256641064810866 0.231290116842034 0.160062688386774
-0.045629312403019 0.0425982854856363 0.124165671714148 0.0386966686922109
-0.0243950275915643 0.0272991522145363 0.0570936387927289 0.0571229825377021
-0.0139145016168486 0.00866480673310493 0.0627240338330874 0.0534853659765577
0.00893980531233419 -0.0119392571548957 0.018560117982502 0.0335041100210979
0.0449974054936841 0.00299895062836396 -0.0755401421582418 0.0148475951837819
0.0388688428581642 0.0608149990063323 -0.170208156750887 -0.0718833005205239
-0.00941935339158032 0.11186603949278 -0.131521760680332 -0.24767002135593
-0.0795961539529805 0.0712649626425738 0.0279174132762292 -0.309789423264348
-0.104871672303455 0.0211667196075351 0.16953863257683 -0.212421276828478
-0.0904611752025049 0.0318053677709991 -0.0277946540735351 -0.0285703401254617
-0.04502672047064 0.182642175892276 -0.169558421573006 0.136248362930268
0.0901335892477275 0.0668129865096003 -0.482752351175053 0.24004360298295
0.0508817197340687 -0.0564434438264781 -0.266032284299326 0.520353651179708
-0.0610748068423179 -0.0570748543952749 0.0961072153009761 0.425650563786375
-0.0568670689688998 0.00664160437499796 0.175136943609375 0.152984004601778
-0.0330159242600106 0.00241385814511756 0.0925727727915009 0.0656792612135492
-0.0386999772379715 -0.00991150002283421 0.0467005983497803 0.0758078459462517
-0.0364947273289045 -0.0143908358743943 0.0485849217365742 0.0508819205357393
-0.00991344083396607 -0.024349222903127 0.0172924831537815 0.0212323237961056
0.0314653238271177 -0.00719872531496673 -0.0549303712579568 0.0113164876359807
0.0204189198489704 0.0539976996105385 -0.149867903061909 -0.0528043079924991
-0.0278804379517785 0.0740920989641738 -0.145871102723723 -0.237680781544812
-0.0413616832115538 0.0308126650666079 0.01516970561362 -0.348776309917001
-0.0465257940077256 0.0499188651769004 0.232120967212037 -0.268295958948027
-0.0861662030947009 0.112324539472728 0.0428403165067893 -0.0411391203903977
-0.0106747832531409 0.141321680671617 -0.119716112152056 0.0925319953034915
0.0451142848841282 0.0127419578008389 -0.386596406260601 0.251485630032698
-0.0163344160540467 -0.0462661083195911 -0.173511773739592 0.450369501965853
-0.0563339298570266 0.00992402788389287 0.0947478209931451 0.344616366330203
-0.00600095898986195 0.0179431281840995 0.146435739795396 0.130463436488587
0.000553838761187869 -0.0232937142522938 0.0758177716423722 0.0613753651206946
-0.0251260075071433 -0.0353500551813163 0.0320961940797959 0.066305571239516
-0.0295705400473108 -0.025831891023568 0.0214830147556344 0.0377548719447253
-0.0173843515309309 -0.0192751217652465 -0.00198043037789839 0.013198003935566
0.00123091746098036 0.00277694486756197 -0.0560839998084264 0.0180165433397116
-0.02877531598519 0.0480964314317886 -0.157701521872782 -0.0289518087444366
-0.077216606473327 0.0037172440299379 -0.18661604523839 -0.244018897107992
0.00851488650910114 -0.0664947457795603 0.00738491929300069 -0.413740251874804
0.0710661896614498 0.0362327035992807 0.305592010574066 -0.323951707281356
0.00497614601092622 0.168241815814921 0.111500983588034 -0.0470075446668806
-0.0658060333283555 0.148979228491852 -0.0373748398655989 0.110415899692199
-0.0151828322041979 0.0654766022780453 -0.262625978812391 0.228440751066515
-0.00386494077265832 0.0380332859983319 -0.142206964044632 0.367677924486213
0.0283480625713764 0.0302558360824665 0.0631989845817394 0.30930824038641
0.05630854432834 -0.0220446576119852 0.134356143823006 0.134128564990659
0.0260888251709253 -0.0751109878848133 0.0795374815438997 0.0574039792648725
-0.0300511812986291 -0.0766870522968653 0.020095508465923 0.0465912481767577
-0.0548525958514607 -0.0497451339197441 -0.00431953590648124 0.0209659731699953
-0.0569619744711091 -0.0296968748459993 -0.0153008515051682 0.00893484832925804
-0.048528716561802 -0.0274703042746048 -0.0709561955779061 0.0301434001449173
-0.0645768773039194 -0.0339538390383601 -0.195203871941045 -0.02109523160605
-0.0171835429014484 -0.125706927891554 -0.22036419079542 -0.303586666932807
0.161745015040115 -0.0744096152480262 0.0633327898570337 -0.503182256692843
0.150290538012747 0.139047963433488 0.407513091141193 -0.355979942961235
-0.0103335444268581 0.247724224799541 0.175251921420642 -0.107269011863947
-0.0472049691321172 0.120449250217084 0.0523124167764102 0.0955275754122403
-0.0314754741154134 0.0646104570380692 -0.152382638783141 0.181584754638874
0.00046978563956102 0.0615988137645396 -0.116941668536219 0.300695525297958
0.0652777631145747 0.0367000080192472 0.0612152058472455 0.291801378315423
0.0830001003072233 -0.037319965502228 0.158579918656655 0.127479638421183
0.0387941107356635 -0.0885332688881076 0.0976797483581302 0.0287304918034512
-0.0185505514828437 -0.0856823821864187 0.0103646456559475 0.0101225402947701
-0.0465170796056611 -0.057295993807548 -0.0311024672438163 -0.000940102741697321
-0.0430983018705655 -0.016744252951802 -0.0371807159936996 0.0216823098457724
-0.0619738547027612 -0.0158707143854224 -0.106684660307986 0.0524739087491327
-0.0839103531346566 -0.050666606081743 -0.253715698884452 -0.0143597487069075
-0.0110744597280767 -0.174583288336788 -0.274409800295322 -0.355507718954393
0.212784047775595 -0.110011902885823 0.0844830840302569 -0.588645030172518
0.222235293620442 0.142010527892727 0.464739412134669 -0.389587509651275
0.0782901680485785 0.240139104532451 0.164719775941822 -0.141046746671457
-0.00442858192631927 0.0934751793993672 0.125038200651274 0.0741332495581222
-0.00187845076704052 0.050329038841894 -0.0847114688727205 0.135903153717097
0.0284452786042351 0.0393716020345362 -0.101725117363907 0.259580202077401
0.0704527211609263 0.00253007734619893 0.0680209605497206 0.284053608728262
0.0670522950010763 -0.0480347310795159 0.182833795066564 0.119571459923999
0.0270358375449903 -0.0791017789071411 0.109711525406896 -0.00152137502209898
-0.0151195199140328 -0.0744947082459892 -0.00349980491547829 -0.0242548257045149
-0.0374820808753896 -0.055402103713962 -0.0547764146809757 -0.0236280038343092
-0.0519260304271259 -0.0479376448421739 -0.0734654367479624 -0.00167074454689827
-0.0431870210831443 -0.0758753322731047 -0.155464531373097 0.0140404638623263
-0.0055647117054254 -0.110844546384185 -0.284427447493579 -0.10918957115336
0.124166449510146 -0.136471057736225 -0.182738260604951 -0.474847142411073
0.225673651152334 0.0315090377948081 0.271087056929304 -0.579480271789625
0.117731386358083 0.199092490904716 0.544779827902585 -0.28597432450719
0.0129849997425082 0.199933859898397 0.229548523461294 -0.204614688944488
-0.0267332790094771 -0.0223544390214049 -0.162180790391851 0.160503146394594
-0.0345406213694725 -0.0515392769367934 -0.528896686856285 0.202195299906454
-0.084452455442667 -0.0325554288683492 -0.354951812398367 0.582271654437908
-0.0953115526034344 0.0392926507198468 0.15562372509276 0.544273629463154
-0.0363829351433002 0.0753541647205192 0.325881427785581 0.14180043256574
0.00357253877993649 0.0675914367715792 0.174016625258962 -0.0237334976519601
0.0289520092916231 0.0473495443347429 0.069616796966864 0.00133944106212628
0.0192440823493462 0.0360555588610933 0.0603387311560342 0.0242629033939467
0.0170981979742064 0.0372335543950527 0.0103449708293233 0.0240802921731581
-0.00180927044519418 0.0538121672955657 -0.0975759439457197 0.00235220463821002
-0.030844617012135 0.0487991601296547 -0.183778560844903 -0.103461270189975
-0.0337852871858272 0.0334342198294134 -0.104285054061155 -0.271939763885618
-0.0328324224782666 0.0101673609410408 0.0718582685794795 -0.280161273782253
-0.0439504948866132 -0.0116012673036232 0.124698611954133 -0.154237908727345
-0.0365248265432087 -0.0411365256522649 -0.0934508946458633 -0.0362179783790614
-0.0319691175831692 0.0863697224400259 -0.182447734490367 0.18860972897595
0.0481020214572062 0.021440291882714 -0.529459096555352 0.182295304935518
0.00207213245994145 -0.0584587456224079 -0.388486915781046 0.551834616650462
-0.0970905013154628 -0.0373731080951276 0.0930967449512505 0.544448299957568
-0.0808880487789048 0.0488841728806099 0.277555412341813 0.184286217224535
-0.0329451803703962 0.0648861300095724 0.162748651013313 0.0258788572332043
-0.00274007044989316 0.0462072301318165 0.0759003344783827 0.0365624944926679
0.000962558302649906 0.0263871263973025 0.0730624363679673 0.0438098938558079
0.0147438475856317 0.0109952946549967 0.0247915739779057 0.0333037724554994
0.028409418704473 0.0237041305132732 -0.0814939428876421 0.0101009272621105
0.0152871719706899 0.0553305149062123 -0.173241563932705 -0.0905775713298357
-0.0112948301188234 0.0871603365950017 -0.10673739216882 -0.256322077433967
-0.066202332726786 0.0605866694861636 0.052617754548913 -0.274742616701518
-0.097335764570399 0.00853978163991424 0.123318399791412 -0.162404903332855
-0.0792250960396012 -0.0131374546440405 -0.0901599048125279 -0.0335953298663641
-0.00542878337673429 0.147580970705802 -0.163701281003801 0.140928964711362
0.102011746849317 0.0662407012077568 -0.520894446716472 0.21071376824546
0.0560694610986221 -0.073290941621958 -0.340523020209807 0.55025893223491
-0.092093720502892 -0.0746596582944474 0.105521249842189 0.487592139536729
-0.0936213754831589 0.028392146890631 0.228194449616271 0.157955469980219
-0.0481011975741533 0.0463929202415171 0.122966768668915 0.039413274963878
-0.0251720606883691 0.0307947664483651 0.0582101636706563 0.0565939218026605
-0.0142604541729167 0.0121304405045779 0.0635983847633124 0.0485979421892033
0.00808153066576211 -0.00992330900035856 0.0187279635706435 0.0271903553982376
0.043541694060471 0.0033696086279162 -0.0720110255363159 0.00808883580362723
0.0373363456815338 0.0624270225530129 -0.164172229089436 -0.0776165452417596
-0.0129296382949525 0.112819368904129 -0.120989778807839 -0.250215778454073
-0.0821273988899593 0.0679172484108713 0.0403269500600474 -0.30485394898453
-0.101127935766385 0.0206864189068919 0.175486185453845 -0.202619664621937
-0.0854372542630576 0.034477464618198 -0.0240882577996828 -0.0185282040406038
-0.0349132879408843 0.187341480293547 -0.161390979167375 0.135135211064715
0.100057611850931 0.0651633341258509 -0.481736699289133 0.231657913331757
0.0525509097903469 -0.0663550019941437 -0.269742877365582 0.517085710920804
-0.0703176430308312 -0.0621174482206833 0.0906316377283303 0.422548958329475
-0.0642020655790169 0.00993050047232554 0.170016619768839 0.153733652811101
-0.0363129605721801 0.00631404807261668 0.0906870725863293 0.0681610559015012
-0.04023536655592 -0.00497901182114982 0.0483864377481056 0.0770515721194014
-0.0358778738924772 -0.00859968490015539 0.0496072787780833 0.0477396929184796
-0.0101930469188676 -0.0203849223845055 0.017344651706811 0.0156189620669858
0.0290427964435207 -0.00487936504789498 -0.0519222286409421 0.00478930315228044
0.0167460434142035 0.0568344541332001 -0.14339348369649 -0.0593139510888735
-0.0348971943561964 0.0740229618688817 -0.136713287389578 -0.239257666049117
-0.0436158709007963 0.0236176258779686 0.0260205172213933 -0.34384469361738
-0.0396930154507356 0.0476451912909492 0.237325579998516 -0.259331477684737
-0.0773378167597711 0.116327177123129 0.04495931006373 -0.0328946852549659
-0.00151475265015758 0.145204819794106 -0.114575041665029 0.0904158215219203
0.0537311802160718 0.0105625845739658 -0.385375375505967 0.241664345148522
-0.0163741766530531 -0.05488776494005 -0.178781210959212 0.443421630415026
-0.0646695719974725 0.00691448977074398 0.0863154963805139 0.339888299437371
-0.0116427458661884 0.0212081628767786 0.138624304954668 0.132474555950963
-0.00305646764230513 -0.0201307980303711 0.0736431159769868 0.0658224798640304
-0.0262482384702636 -0.0307793211095622 0.0336969105144204 0.0690215290095221
-0.0296859950182015 -0.020824413790376 0.0215831289204187 0.0370089011682093
-0.0178893164488732 -0.0149577151999495 -0.00159992452320109 0.0106438687014161
-0.0013543622899179 0.00655753940384583 -0.0519275787092449 0.0134682688650853
-0.0329382415874929 0.0519717331708212 -0.151421595870384 -0.0332050949594655
-0.0859291612262747 0.00318537150614351 -0.178470207509492 -0.244375002215587
0.00593288999116828 -0.0753622773038235 0.016527387259167 -0.410543008092035
0.0790271095380754 0.0328981746185671 0.309340209706266 -0.317974009970926
0.013805008378257 0.172094395680831 0.111965267494708 -0.0421134216304663
-0.0543053943473779 0.153438246435888 -0.0348980504314929 0.103939730903853
-0.00553856014451308 0.0629418973852574 -0.262521413962073 0.217425174951527
-0.00363584364515706 0.0297571045073925 -0.149453659057244 0.360003547302267
0.0204645878735576 0.026804297445056 0.0530974506299962 0.306743137286361
0.0504341220678636 -0.0207488481249273 0.125391934195074 0.138667016142519
0.0215026663614564 -0.073119698069572 0.076864388605209 0.0629809674466615
-0.0326747174953758 -0.0719381372719007 0.0213268759365839 0.0513368635411786
-0.0545495038173521 -0.0430743499710394 -0.00395774759585342 0.0229315966914307
-0.0568443165644797 -0.0233609097606313 -0.0153515486612612 0.00784911603271704
-0.0526578619668351 -0.0221247574676685 -0.0671041517400333 0.027559851774346
-0.0715334060139983 -0.0299980753669799 -0.189698131324021 -0.0233635951662317
-0.0280500095343503 -0.130127265333215 -0.21484322611976 -0.301941369282607
0.161920804131295 -0.0866210679695493 0.0689213583273421 -0.50173328820666
0.161529781406647 0.136775076016482 0.410990219025409 -0.351035241573215
0.000270422342004359 0.252311747035948 0.172774727100694 -0.103889028093813
-0.0373115596076552 0.124121742983867 0.05198388254566 0.0866385277223261
-0.0239944421471663 0.0632777814483416 -0.154453165329512 0.169519507072452
-3.03251949297111E-05 0.0558167986880343 -0.126481134279093 0.293379824943647
0.0601777042090065 0.033646207956184 0.0496427248847026 0.290463283610944
0.0796875518310275 -0.037376927039371 0.14972877423301 0.133158734469202
0.0349112548532997 -0.0876073437753411 0.0944186079587568 0.0348742666785817
-0.0208953965448427 -0.082504046891452 0.0106812778839331 0.0160066794269814
-0.0471961433998022 -0.0523794269271091 -0.0285785521217991 0.00446140465168647
-0.0430145308777962 -0.0128566945131663 -0.036044196393576 0.0228019280925243
-0.0650973768168333 -0.0114022262545814 -0.103036791280706 0.0524288557303889
-0.0886506024473142 -0.0484738799575814 -0.249390043066973 -0.0146107616746919
-0.019092807998516 -0.17834943747989 -0.2717421133072 -0.352068482873686
0.213654825587917 -0.118762363905639 0.0880991903203423 -0.587628549580249
0.230807061208029 0.140349998540656 0.467339090671524 -0.385080123242499
0.0855160477505124 0.242215698171565 0.160961328300106 -0.138176617087828
0.00218475184019309 0.0948153415866306 0.12170941439933 0.0627259995677499
0.00280350941779583 0.0502189694885262 -0.0891762326404183 0.122618912672949
0.0281094960980146 0.0365672978805434 -0.112995359510178 0.252529672564896
0.0676001831170328 -0.000249634545012297 0.0559605318632049 0.283433049272656
0.065580763052447 -0.0487956913339866 0.174425463551211 0.124907117024794
0.0244264095327571 -0.0788291795120748 0.106322324811412 0.00505457498469251
-0.0176455873770271 -0.0723958867444672 -0.00429120249257738 -0.0177371189369773
-0.0382455188194346 -0.0520271877400144 -0.0549236742639586 -0.0174947643099761
-0.0521202161923279 -0.043946726830022 -0.0728739900846653 0.00181615236716825
-0.047027861727792 -0.0723649492743475 -0.154032004939939 0.0158403522703169
-0.0103938057816761 -0.110326824888783 -0.28310465205933 -0.108284949790817
0.119231219224499 -0.142520187349178 -0.181814615218921 -0.473180589310726
0.228869811688782 0.0256274894816985 0.274800434573772 -0.583004322832594
0.124747000668164 0.199866001475875 0.54939062761187 -0.283352167321032
0.0199746742798183 0.199701130654636 0.223400908889755 -0.202618103360582
-0.0286144379515493 -0.0230818022641294 -0.156937928358544 0.163242556255923
-0.0373712273621512 -0.0512383613327942 -0.544344412287938 0.201096865102892
-0.0869453459788039 -0.0312141574108245 -0.366749829194986 0.59928999100801
-0.0984338842904442 0.0421085724727315 0.159580664739036 0.55854065083345
-0.0354124815818012 0.0779188523708615 0.333465469537981 0.141878847686804
0.005143568453507 0.0698610030212381 0.178441656268714 -0.0271510417258003
0.0299977024625851 0.0475219312604851 0.0718390108305726 -0.00112128333621741
0.0197661875524742 0.0362496332268361 0.0624616125996461 0.0186650212590209
0.0177682412279116 0.0375054150844516 0.0110570843869403 0.0172311243475388
-0.000566269741902342 0.0552524665869465 -0.0971657098288368 -0.00427986775912655
-0.0300169335002225 0.0514193791462039 -0.183970707481243 -0.111560550870497
-0.0335692520703675 0.0367618848913274 -0.0980176445922195 -0.281086520173888
-0.0354905180475868 0.0123167608323926 0.0832456737756622 -0.282923660603088
-0.0475410566971872 -0.0115189200464795 0.13437106792082 -0.148152364589208
-0.0397157992042631 -0.0441493134138545 -0.0915595267732706 -0.0263854167172715
-0.0290913808660285 0.0911588233165758 -0.177151274562857 0.192815917988709
0.0524520350171329 0.0221221527206274 -0.544765670970011 0.180356458367112
0.00291129754717631 -0.0634320544483197 -0.402746862640394 0.570821336745642
-0.104344188414673 -0.0391124551028623 0.095119757800256 0.558280138032325
-0.0853009802573104 0.05288016063619 0.284515567134803 0.18526429320644
-0.0340077943506517 0.0695595732790978 0.167241803854699 0.0243215189470733
-0.00209574239256378 0.0497104368823803 0.0787300007038645 0.0346333131749677
0.00147033940905167 0.0288128533711892 0.076258557116626 0.037987446146253
0.0147830533670007 0.0117968648946051 0.0258036118964273 0.0265500587935846
0.0292824325696641 0.0244594871927803 -0.0811416502348525 0.00299293511301894
0.0158647804201967 0.0588022844747125 -0.173542578743759 -0.0987517098836195
-0.0120075828185982 0.0909326301995712 -0.100356833390826 -0.266238006697268
-0.0700990111565645 0.0618599209842484 0.0657741029079303 -0.278063654071814
-0.0992659539859132 0.00909908895776513 0.134020625330586 -0.155273679429157
-0.0793866792306134 -0.0120312187934108 -0.087539143380145 -0.0226668393855452
0.0105906442449337 0.153190203493814 -0.16027853614658 0.145318943089224
0.111833576504649 0.0694078888132299 -0.53407431734335 0.209680665696757
0.0589679907123097 -0.0830363820986026 -0.35175895180136 0.564277591571701
-0.102625108926056 -0.0792007363172227 0.10636406463766 0.498111913669485
-0.10076091017162 0.033023843125424 0.231424644779453 0.159919482866406
-0.051124712898549 0.0518337584119308 0.124790426878578 0.0400729652633938
-0.0258883766264805 0.0354892850845691 0.0619068093621677 0.0567597932230847
-0.0138743237517512 0.0160355545544952 0.0666153224791744 0.0448457292276214
0.0078684689569815 -0.00822048862458223 0.0192936962692058 0.0212887310603187
0.0436557601438211 0.00454637522824416 -0.0708655777704988 0.00117332405361775
0.0375377111025916 0.0656276659999583 -0.163639414764052 -0.0861362013398228
-0.0155377178327024 0.117559649661986 -0.114961448575081 -0.260570261355286
-0.0857821730556304 0.0670448406394757 0.0527676519279647 -0.309433442506496
-0.100796084141343 0.0199010553096918 0.186500183926732 -0.197920787066849
-0.0824859720676197 0.0384558958050686 -0.0208610987146505 -0.00953573522925334
-0.0252798467233334 0.197563213923924 -0.157736851582859 0.138086764911
0.113000573428939 0.0641943411973308 -0.492571766011522 0.229753324544106
0.0547860741744688 -0.0785578470475284 -0.279026371644504 0.527335606036811
-0.0825123343192981 -0.0673573318743469 0.0902398662426475 0.430685358966288
-0.0724210538014675 0.0142050945997845 0.169507656795614 0.15705958161185
-0.0409731634932078 0.0112810578303363 0.0917409440759408 0.0718230094134756
-0.0424865028131015 0.000377479417761542 0.0517489545609764 0.0797723291583687
-0.0363222833836129 -0.00388209200638694 0.0518407504834961 0.0456625471866585
-0.0104045426348869 -0.0166928394961259 0.0175105375311366 0.0107798036217622
0.0275984528832801 -0.00253318636037424 -0.0498951338987523 -0.00177839063975681
0.0147192639590498 0.0616461815697041 -0.141585754230527 -0.0664243997091011
-0.0428273463759174 0.0766079335501269 -0.131668013636643 -0.248250997375485
-0.047714804504316 0.0172333429312774 0.0374687866304271 -0.350061942199069
-0.0332928542845288 0.0459832479847017 0.249119889552345 -0.25813683013941
-0.0693126913029733 0.123923066575264 0.0485424105518462 -0.0260766233614459
0.00835801021066969 0.153849153551093 -0.112691350136075 0.0904930403856426
0.0642128238604543 0.00728395101220588 -0.393721717243619 0.240436165602059
-0.0171873796812708 -0.064828989081982 -0.187729537259483 0.448832818632715
-0.0750034847125941 0.00533295327354802 0.081285884724436 0.345377289498825
-0.0170994372053324 0.0245847575080653 0.134922249750407 0.138259300119984
-0.00703816707311835 -0.0175130894808744 0.0733324993905614 0.0720915293484716
-0.0288625377608941 -0.0267331021663954 0.0369453440125918 0.0732051036023539
-0.0300365011276746 -0.0167823973789612 0.022845705639914 0.0373187256711858
-0.0186338988207602 -0.0111072825589941 -0.00111650923394713 0.0080430907592284
-0.00436992681090427 0.010888735705654 -0.0496742736792278 0.00845272145402782
-0.0377973799458452 0.0574565104793087 -0.149965818539224 -0.038987207424916
-0.0973408251489573 0.00377197491665237 -0.175104643967665 -0.251092175569269
0.00225133651868661 -0.0866978278305374 0.0241125078546718 -0.41782305446092
0.0889064245591156 0.0300903426903984 0.320641345092884 -0.321334116830834
0.024274796326891 0.180292052343976 0.115588412975142 -0.0382228387250174
-0.0429729505570394 0.161612407305931 -0.0327847874418747 0.100836955636153
0.00491769819385183 0.0615504205702824 -0.269680288267297 0.212366692905693
-0.0041937330436834 0.0218730038241948 -0.159549259037597 0.36245963963463
0.012347386268805 0.0247518510965911 0.0444521746778068 0.312312516745754
0.0463509146284575 -0.0194759120863123 0.121188503453633 0.148130247690112
0.0174021204216864 -0.0727189698910442 0.0770180367425419 0.0709393391402428
-0.0357780814419928 -0.069046838276689 0.0240352639376449 0.0565711138521804
-0.0557936381438429 -0.037948402428027 -0.00329421662191571 0.0258531415426328
-0.0581934151277899 -0.017317457502587 -0.0150002414121958 0.0076130898166672
-0.0585253872243032 -0.0165677999701883 -0.0648567748930049 0.0254384522465427
-0.0803046696743998 -0.0256819610726243 -0.189572872383192 -0.0257965920128013
-0.0408186639760916 -0.13690607897412 -0.216865983905117 -0.30779954515328
0.165515720154552 -0.102888115621072 0.0739428788656516 -0.515447440648113
0.17737670400346 0.136944339041835 0.423832429196655 -0.358377215203108
0.0120774729144872 0.263852071916636 0.174627009806118 -0.103490244539574
-0.0283803139016515 0.130117353206006 0.0532735117429889 0.0793216096642806
-0.01643204867928 0.0632629401400981 -0.161789251009046 0.161018887156837
0.000164733249668406 0.0515767486248851 -0.138386624688528 0.293787864776019
0.0560323346810143 0.0314850645910661 0.0393063597273115 0.297188271915086
0.0777992702260626 -0.038269125116207 0.146335400684754 0.142698273042474
0.0313216290378252 -0.0893165179937448 0.0938331439935848 0.0423117903511478
-0.0246529104380197 -0.0809984101847544 0.0115510801824011 0.022133609362283
-0.048998724298811 -0.0484731291543537 -0.0289455666194183 0.00914119281729277
-0.0442057130003992 -0.00886942016289122 -0.0349945584368555 0.0246987662466076
-0.0700678654475737 -0.00648616526790355 -0.101750507905927 0.0538480573448957
-0.0956644622765703 -0.0463569161453759 -0.252035172468456 -0.0144298393683396
-0.0286408428953323 -0.186224540913633 -0.275454090484787 -0.358476492955882
0.218817772808812 -0.131629350267413 0.0918279350371106 -0.601907971533471
0.245547235726802 0.141468981280756 0.481311063095934 -0.392665488186059
0.0956957847978065 0.250043071536927 0.162036936018081 -0.139458555034164
0.00945210455046317 0.0982793425684917 0.122787466013733 0.051680351997258
0.00793443916334287 0.0507334626220129 -0.0972144215477743 0.112996121062186
0.0284343985851723 0.0345965033194095 -0.127102662315696 0.253042480065707
0.0661626341260004 -0.00301963415448801 0.0466132787317593 0.291773492029057
0.0653331915459111 -0.0507815121001979 0.171535638899385 0.133470847626229
0.021577618431832 -0.0803635894229696 0.105907917940713 0.0116020420687774
-0.0201852202200922 -0.072383237765783 -0.00426875344489072 -0.0114007138445136
-0.0398239281576491 -0.0506005168702134 -0.0560884249633909 -0.0104954487741584
-0.0544314555935905 -0.0410294902797068 -0.0735875928862727 0.00540378754901112
-0.0522214258277833 -0.0704532231915845 -0.155353446370069 0.0187494461206341
-0.0162645848488063 -0.112433475888202 -0.290397329324001 -0.109240229521076
0.11652170326395 -0.151885348569796 -0.188639438818769 -0.48388392766614
0.237464716194029 0.0182879537219138 0.283268225237175 -0.603099659126692
0.135731991212573 0.205669535761593 0.568344836725196 -0.289334861541575
0.0273591832706786 0.205552737694167 0.221921368164651 -0.207174882130981
-0.0317257513435764 -0.0228390027890794 -0.149969335884652 0.172291920639547
-0.0420592227921225 -0.0515850623824553 -0.564940438414919 0.215440668138833
-0.091535334014522 -0.0286072417152742 -0.374258379920314 0.636836922014298
-0.102347520021008 0.0487154920773486 0.180671194199092 0.579051865709289
-0.033458629051165 0.0838237600818196 0.349931126045861 0.135635620866138
0.00866617967125706 0.072689171750688 0.184216375256108 -0.0347837628411483
0.0328872344262071 0.0473417676279713 0.0745450160212996 -0.00656015609933074
0.0218884609294027 0.0370376015245611 0.0659057869735757 0.011585745307598
0.0192472302563493 0.0373265868554475 0.0116387881239257 0.0101891813711235
0.00236730713543888 0.0576646454083148 -0.0989163435001973 -0.0100536071736828
-0.028601447557613 0.056050683663223 -0.190973324735965 -0.11753787136855
-0.0335532220434893 0.0411890467422026 -0.0994998729422614 -0.29432764664155
-0.0387746122751121 0.0159315509836641 0.0923663613001264 -0.292917883202654
-0.0530027664521378 -0.0100565821039028 0.144987656275492 -0.146864694787832
-0.0452717193078511 -0.0465925097854155 -0.0903731135214845 -0.0141130537162909
-0.0243516821184887 0.0980103960787467 -0.169635898407196 0.204113944311307
0.0587022998811535 0.0218044805973604 -0.563467855087818 0.193133534680448
0.00226190528534387 -0.0696418991705178 -0.41058961538452 0.60577320351375
-0.115008306580689 -0.0385936012861849 0.114751636856261 0.580847884962475
-0.089000297959962 0.0608372981120696 0.300732434331485 0.183048602024212
-0.0337950184624479 0.0757470458551551 0.174623503946871 0.0187399694231656
-0.000408330392481469 0.0536934211146298 0.0844976096570514 0.031658561261979
0.00297824396952026 0.031966916468514 0.0810288249676415 0.029935542083083
0.0153321459855549 0.012485873471409 0.0274258858670094 0.0188873527183277
0.0309856502253853 0.0253465783815475 -0.082185866512033 -0.00298552240753394
0.0186702041500028 0.0622404886871031 -0.178815458366301 -0.106220821811701
-0.010972791112225 0.0970618491709256 -0.101580631641313 -0.279207328021942
-0.0733474013734226 0.0658077557122785 0.0748021952108118 -0.289219736305733
-0.103049881652628 0.0121082031202722 0.145699240413829 -0.1545564783193
-0.0817684934777306 -0.0102448395020662 -0.0861450379781312 -0.00977568059344092
0.0258622560843032 0.161899268936306 -0.154204632897257 0.154011403007
0.12684374951416 0.0683395248542243 -0.550182290671881 0.224490307866367
0.06074290290143 -0.0969037226047116 -0.354513294559557 0.597364769958064
-0.117940863875388 -0.0824584913158887 0.120742273342362 0.51649269854612
-0.108938906922004 0.0408879447940293 0.242698175531559 0.159107151674055
-0.053345202977254 0.0601514682905193 0.130420466471725 0.0383192726994048
-0.0258637123963176 0.0413363220069816 0.0674116818830417 0.0563661047307497
-0.012688591663854 0.0205128812674667 0.071907237428273 0.0392204703745396
0.00803089288677519 -0.00640632689230228 0.0199241277364265 0.014894257814409
0.0441834687447615 0.00493089080942187 -0.0721461741546351 -0.00521686062116496
0.0400426172773384 0.0702152866777139 -0.168495312507922 -0.0930419097888001
-0.0163648073393154 0.12435542726781 -0.117217742355538 -0.273127005348464
-0.0910773193722931 0.0692355467756464 0.0596500069832655 -0.321420353230001
-0.101507247398397 0.0225365575957174 0.197700975846819 -0.202068940394959
-0.0783931365606265 0.0441404434561539 -0.0168207243590994 0.00065850541823867
-0.0104325706551577 0.211737801924576 -0.15273724991929 0.145762911509354
0.129977122295852 0.0606561781599267 -0.50570263189361 0.243184605705735
0.0553479269849249 -0.0946243232804163 -0.281291900675852 0.554073767645769
-0.0989152048686257 -0.0703457758451262 0.100138346766009 0.444403629899127
-0.0818215801418645 0.0219818794189719 0.176273168967234 0.161100156168997
-0.0453967614675896 0.0182861761678892 0.0967992281889191 0.0749774831659396
-0.0441251272289095 0.00694175415158608 0.0591886340708832 0.0822845120044508
-0.0362365657602979 0.00259485507225236 0.0565620386003252 0.0425491750205507
-0.0113524955829886 -0.0131243651028171 0.0177427963468246 0.0054043765900441
0.0262193247327827 0.000342459744315839 -0.0499277542093735 -0.0086130919399683
0.0144194712394126 0.0681975046403735 -0.144120564584885 -0.0731793532479622
-0.0490223047990251 0.0828924656563128 -0.134134028205855 -0.259576585021128
-0.0532381608003047 0.0123450982993657 0.0416554116235946 -0.363475195403988
-0.0267380515790305 0.0458796331151416 0.258955203009853 -0.268148464366057
-0.0589379120218547 0.135053004414257 0.0535533679103433 -0.0205366847817145
0.0224983705733039 0.164179228354364 -0.109348047157888 0.0942666700042108
0.0765409263147043 0.00199539962876231 -0.403124222242492 0.250255876145535
-0.0210200520522857 -0.0759442350306932 -0.188988191424495 0.46740217727596
-0.0874656476254023 0.00621595387853915 0.0846381102679911 0.355213420931067
-0.0223634509996732 0.0306569617911419 0.13748242730629 0.144323080772057
-0.0108708079032145 -0.0141154015876246 0.0765433781368805 0.0776654600901341
-0.0318433293790718 -0.0229103021736685 0.0426143835923953 0.0769875263434868
-0.0306539817285211 -0.011615024139862 0.0258134476978663 0.0381982032890167
-0.0191573491034437 -0.00625882281929261 -0.00136302807493066 0.00512597584215652
-0.00638145000182859 0.0161234848609496 -0.0488326363482161 0.00440488632496947
-0.0417939703330965 0.0657328938672574 -0.151765171302655 -0.0415936160898586
-0.110139624963593 0.00808837656445231 -0.181653898397423 -0.25948435320889
-0.00393932291972897 -0.0996622272866136 0.0215609963546974 -0.434647927626602
0.102002675297004 0.0248906074534758 0.331286915935517 -0.338976827043837
0.0400080421937068 0.190496196351539 0.120263833810416 -0.0373455492632024
-0.0284018662628051 0.173993720532521 -0.0292613560048333 0.0994571490261584
0.0167851098762595 0.0598481453337128 -0.276221983828679 0.215960809980548
-0.00488740941120941 0.0143109264761151 -0.16552400020323 0.375252480713399
0.00481882861525841 0.023893211893496 0.0433986597714067 0.324759928266778
0.0423994675512958 -0.0188785134939501 0.123185447174025 0.157656311370234
0.012223496317734 -0.0730341293489557 0.0805101569752658 0.0780058959471488
-0.0410367517820755 -0.0659694185717466 0.0282153690660762 0.062319922954306
-0.0583046241462591 -0.0319192621554325 -0.00142503589881358 0.0294716723987785
-0.0601018233614262 -0.0102534046419547 -0.0154129119250299 0.00693781272598074
-0.0654723211406825 -0.00875396813439511 -0.0634418258707656 0.0245253802309004
-0.0907569393576226 -0.0198530795386372 -0.193151816123284 -0.0261139397627256
-0.0590847085089377 -0.144053245846832 -0.228139989140195 -0.315691870711804
0.168139792959836 -0.124706100462517 0.0682657611911455 -0.538168539187897
0.200376170241995 0.133624227930582 0.436116571201637 -0.381634549730967
0.0314684792679986 0.279102623573591 0.177334531645159 -0.108795083467299
-0.0151607264335224 0.13836787383555 0.0564902295101891 0.0722055369733063
-0.00711342897308474 0.0636563371961555 -0.168146796053549 0.159493636806581
0.000813437740703169 0.0481889931740554 -0.147765426944862 0.304102244281744
0.0531683548546149 0.0300323520037177 0.0359860616139338 0.309371014557551
0.0766210648616955 -0.0418141232547149 0.148425497555778 0.152329602080082
0.0264246685477328 -0.0921046234519362 0.0977558877564577 0.0485853738068712
-0.030667032114944 -0.0804625553194558 0.0141112344311111 0.0282055359327729
-0.0518855022286417 -0.0449874929278595 -0.0295118555829812 0.0144142519342588
-0.0457842741816627 -0.00399956876947553 -0.0344698358551401 0.0271184300528687
-0.076045479523785 0.000935364064467501 -0.101163228904451 0.0572736354997506
-0.106181920728715 -0.0428357801496364 -0.259551168797727 -0.00884761022189733
-0.0440247473872713 -0.195905805182212 -0.29418388824683 -0.363780855541599
0.22390642871921 -0.153316614654105 0.0831878834440003 -0.629333817051247
0.267781016884815 0.138122939947894 0.497379954322225 -0.419576216646523
0.113726491198244 0.259927478540166 0.162793364977625 -0.146290647856278
0.0198362777516571 0.102509669047588 0.125640550641694 0.0393971379555823
0.0152357661255938 0.0516296983875176 -0.10490004818686 0.107014061125834
0.0304576013825501 0.03215358649212 -0.13817304822274 0.262037726617368
0.0650358273072873 -0.00615038884036867 0.043110982108194 0.3052270265277
0.0649476001355882 -0.0553672702823573 0.175707879226484 0.142267366877191
0.0175809596569254 -0.0828693771846673 0.108915477989655 0.0167134960382094
-0.0257938791569763 -0.0723744495038097 -0.00413543481786916 -0.00436766713743151
-0.0432765308584446 -0.0489210715124126 -0.0565213248243902 -0.0029001529662742
-0.0578351378356933 -0.0372799024118904 -0.0747501385209094 0.0109324446123348
-0.0596044963970088 -0.0680284276221434 -0.158620438309166 0.0254143400074057
-0.0243211101460415 -0.116131623667198 -0.303932615409401 -0.105378586628746
0.111147925347283 -0.166989432851619 -0.209125009035561 -0.49910614189494
0.251107340420026 0.00502735860753981 0.281054327190951 -0.639842091368074
0.154679397659467 0.210553663782529 0.590337411651599 -0.31527864257612
0.04048170220214 0.21390165462987 0.220243805533794 -0.219685672222814
-0.0350723269414026 -0.0215249165445463 -0.138552687535525 0.184259104991935
-0.0479828646808824 -0.0492209704706263 -0.574864819774452 0.246588584263109
-0.0966240339174607 -0.0233708522433286 -0.35649144042962 0.684389084037149
-0.102935686710044 0.058909373357203 0.217764671508035 0.591578931100362
-0.0279649379321295 0.0901005634013244 0.368788421018009 0.117759798577255
0.014483515556503 0.0750979715315515 0.187326438118672 -0.0490169172011505
0.0371254439576443 0.0457918150449285 0.0759146401614922 -0.0139792286731494
0.0240319313092719 0.0364932392454033 0.0677905185073962 0.00154384105426363
0.0211328412818919 0.0372288213382431 0.0117817234411376 0.00216934974935887
0.0062683196785159 0.0594866833052157 -0.102072617994762 -0.0125202177365251
-0.0247913647947588 0.061028108937352 -0.200224747456048 -0.117617784459298
-0.0311918141937941 0.046873117069481 -0.110180847658341 -0.304215781295289
-0.0414797570307833 0.0211985683270598 0.0912202148837707 -0.306382999439709
-0.0582817758332875 -0.00622771021947726 0.151579486921823 -0.150632166642561
-0.0531640759857908 -0.0465850040560646 -0.0868870730430716 0.00163148651843749
-0.0158449839886537 0.105231633900393 -0.153025957059075 0.218388682417915
0.0658976810972527 0.0185647094005691 -0.574803132520343 0.221969265390298
-0.00136028971105252 -0.0763539033723009 -0.398484052852182 0.655366468955792
-0.125510476947628 -0.0324619414975977 0.150410083303601 0.597805113161374
-0.090621889643043 0.0711068818468879 0.320316072941881 0.169524127675714
-0.0297102917213121 0.0835526498180402 0.181419732125732 0.00637632895667261
0.00351915260203922 0.0569673361458525 0.0897619926510349 0.0243849553393411
0.00554457989479368 0.0343517066383832 0.084043748201285 0.0198120372833206
0.0164954828414007 0.0127905837570238 0.02815488119384 0.0095691569948976
0.0333196434662277 0.024799907257731 -0.0845071193597337 -0.00745209478984336
0.0235116527617195 0.0646812447747181 -0.188605682971802 -0.107855923422005
-0.00626042503273498 0.103102410254247 -0.111593259943497 -0.290441838924509
-0.0744709512147905 0.0729308173877897 0.0751809590198567 -0.303798185735832
-0.106161425172527 0.0184451949978165 0.153125323833333 -0.158420572130064
-0.0834134123083149 -0.00535795069140412 -0.0819912974916007 0.0059778783048959
0.0449102124444623 0.167813456302027 -0.14211695340751 0.164661284743842
0.143640534096239 0.0607105804473957 -0.559815514403428 0.253829633151314
0.0571833181074387 -0.112424372318381 -0.339047581430988 0.640484017058518
-0.135511948402356 -0.0785051264684339 0.152251441264915 0.527003469779006
-0.114716090683596 0.0546348057009176 0.256270799035945 0.150321384287698
-0.0524355614698597 0.070688622092855 0.136279396156427 0.0323770892648308
-0.0238370737137968 0.0482531222079096 0.0754561114269756 0.0540645074640022
-0.0105822734231785 0.025085421387363 0.0811594694496996 0.0306153324876809
0.00827958322049411 -0.00447644849047432 0.0202036044464508 0.00677273855715996
0.0449256797149645 0.00428117468635789 -0.0736050709693272 -0.00978773042350288
0.0454495931775194 0.0728761332989383 -0.176761713813575 -0.0947805452237789
-0.0125331621127385 0.132593594370757 -0.127598918921969 -0.281984230488758
-0.0937943718455504 0.0748060721234214 0.0563689338983807 -0.3355138627165
-0.100397181598788 0.0270050935895778 0.203040531499785 -0.212232639340475
-0.0722847261947667 0.051355597776818 -0.0108705876709708 0.0111684098830676
0.0129876173994219 0.223687806255376 -0.141496829259324 0.155843188707329
0.149339498219433 0.0503556680737089 -0.511492787799635 0.271386566543149
0.0509133248279238 -0.112698206581163 -0.263618896634569 0.587980230096518
-0.117846905259973 -0.0683614263487125 0.123864483873084 0.453741847296471
-0.0892671375414652 0.0337678312770634 0.187160799518885 0.159363994067368
-0.0483319978154946 0.0265208648924436 0.103462648320599 0.0748261460583406
-0.0452179672096552 0.0154559835036518 0.0688105683024794 0.0816411786111902
-0.0353047785334537 0.00987460435100833 0.0616913921434916 0.0372812018531583
-0.0113885509819327 -0.00884464361556732 0.0170541754746193 -0.00186310791440305
0.0252359793688438 0.00226790135131843 -0.0509084480310591 -0.0146270395245508
0.0167633195629672 0.0739871812680327 -0.149618560116559 -0.0752507461414071
-0.0535224916561706 0.0923453616332216 -0.144602992596745 -0.267225996338152
-0.0594929123167786 0.00944206680835572 0.0335248984493741 -0.378761061824553
-0.0180677204548194 0.0442495260994677 0.261918754265979 -0.286362549423846
-0.041851499161351 0.146115126437011 0.0582206783482295 -0.0166522669789133
0.0436786409585652 0.171318675849607 -0.102891144605696 0.100675461562724
0.088953826427539 -0.00867558353065923 -0.403998286404779 0.272674676760642
-0.0285627673618745 -0.086572615708828 -0.17653426354045 0.489256669297257
-0.0989670747671351 0.0120058735474514 0.09814801747793 0.361977176030091
-0.0262042351169115 0.0377830855929305 0.143242149424581 0.145450891640773
-0.0146740472809601 -0.00966064698547956 0.082775337766383 0.0808606847020863
-0.0345529060586026 -0.0168027642165599 0.0511496164467381 0.0785263967752751
-0.0306628892700665 -0.00548878962352028 0.0300436845697155 0.037211740984982
-0.0183486787925428 -0.00184248895732458 -0.000761854116003155 0.00154774591651213
-0.00774281542537753 0.0226425972942542 -0.0481922039118141 0.000615023257099164
-0.0420140026432062 0.0761484093544631 -0.154599561722181 -0.0401774926376994
-0.12234937389037 0.0176808868000663 -0.195093573787081 -0.261635529652653
-0.0159954819759026 -0.111139472988673 0.00686955835919088 -0.449089989413528
0.114728803348187 0.014380962385815 0.330016336802503 -0.365782384015017
0.0636945123213996 0.197794821076433 0.124618251590991 -0.0408386136135664
-0.00670021081471009 0.183232187596645 -0.0218323627463436 0.0974488766529551
0.0307599137374003 0.0548650992576667 -0.277219145442145 0.22763308966434
-0.00656803055017081 0.00628365730408997 -0.159133838957634 0.391835517613023
-0.0029666786889411 0.024540802399101 0.0512907607832708 0.333260915655481
0.0381849377922117 -0.0191602880502848 0.130265734077359 0.163997567892805
0.00457654294322733 -0.0732709159288551 0.0874226502309771 0.0829577542431291
-0.0476001630009 -0.0600775180088634 0.0355640307323278 0.0668887947954061
-0.060491032397574 -0.0239199627604784 0.00204594188707377 0.0328589254446834
-0.0612649415187221 -0.000836807890811252 -0.014874413112073 0.00641804903745224
-0.0717435570211846 0.00281477671027209 -0.0612105914895674 0.0241251926838783
-0.101331987434799 -0.00935606932076378 -0.197418210995311 -0.0194195877859726
-0.0831923964848146 -0.146400351560212 -0.249319633808133 -0.314459261794176
0.163071980421344 -0.152781210623082 0.0453737336490767 -0.559943472087816
0.226269163126438 0.121887684647506 0.437094919984427 -0.417800483851904
0.0606490045631708 0.291183332460942 0.175779451336936 -0.11862001892014
0.00300974566931252 0.1448167061851 0.0611668253811139 0.0620948888884134
0.00443024277804244 0.0624402004111719 -0.170602544731024 0.161902564212869
0.00187171817688385 0.0439725684370617 -0.147290732280043 0.31651299711499
0.0499532160955994 0.0275013649792774 0.0421422935106491 0.321129183367881
0.0739628653341209 -0.0467767982448765 0.156263511554386 0.158190914153687
0.018724574041512 -0.0950123711203938 0.104107255423355 0.0518797907135444
-0.0382274411532554 -0.0767050748431072 0.0178796022866033 0.0341400653875553
-0.0563120635572593 -0.0386574958978905 -0.0265314311220681 0.020900459525065
-0.0468785958663788 0.00320760969270204 -0.0321896117403203 0.0299667050039162
-0.0811179635445573 0.0113490307700656 -0.0974036132310168 0.063789427088728
-0.117151831604653 -0.0346016915015963 -0.266039956548732 0.00460027964219047
-0.0666848102190993 -0.201792187257807 -0.320835658202494 -0.359468690157896
0.221603440136545 -0.181317418276555 0.0542043334045755 -0.657014299683095
0.294312881221893 0.124090831206031 0.49630428321411 -0.460643832515762
0.140346369197237 0.263318053294374 0.157986944371535 -0.157275930934533
0.0336662373854233 0.103726461114268 0.126989681924518 0.021549341786637
0.0236493680764867 0.0502610287769959 -0.110392865087871 0.104146691629917
0.0331391909266034 0.0286979291540346 -0.142363802484256 0.275075290864634
0.063146396151533 -0.0109271436586443 0.0492191149527278 0.317126211888325
0.0621605870435629 -0.0618237205918384 0.185091070308742 0.146158065465796
0.0107212050481078 -0.0857983933246923 0.112724168047697 0.0185386524508256
-0.0331978621789489 -0.0701088856461724 -0.00285322020220097 0.00266972683691758
-0.048449678061502 -0.0450405585581608 -0.0560309788438052 0.00625175917742177
-0.0617070903843294 -0.0312480380483114 -0.0750083014630472 0.0183394950890958
-0.0695204494167586 -0.0624402209500908 -0.161754860588474 0.0366945944447117
-0.0374129428204473 -0.117687390577097 -0.321092967996513 -0.0899315605525935
0.098951672498296 -0.183605392334404 -0.246905472480314 -0.50508100340823
0.26116678989902 -0.0173518362815884 0.255873729019118 -0.683894632706343
0.179652774996752 0.20855340304012 0.600759426565197 -0.358210293264961
0.05982315253705 0.218814591338291 0.209809791877509 -0.237051355420627
-0.021507736671156 -0.0358828839754939 -0.199891700723682 0.111307931193994
-0.0155469402464054 -0.0641972383531997 -0.638955118222482 -0.0322816641528081
-0.0686493959698482 -0.0659270756068301 -0.630822837581414 0.473369705200017
-0.116292144559408 0.00493869103615149 -0.0540558529923201 0.644233525288325
-0.0645994537205008 0.0657359393942163 0.290256249947868 0.266790761113287
-0.0174084111868832 0.0745833570923125 0.194552767977108 0.0335814764510011
0.0157343826076937 0.0573558816625624 0.0769163106161009 0.0176334593021331
0.00706776317285336 0.043889601630395 0.0620334111549564 0.0239392203162461
0.00392932593800574 0.0420683853027024 0.0104597614731574 -0.000417353508248999
-0.0186698149575732 0.0584086582080591 -0.0848554785247074 -0.0612299540426221
-0.0492944671814088 0.0472377704722187 -0.128866903569629 -0.19705771951947
-0.0512926122670372 0.0279921089081062 0.0413917022304275 -0.325871272979911
-0.0483436491515302 -0.000426896558344823 0.229354556535762 -0.233620787850622
-0.0519062532660306 -0.0330827995452044 0.214731515159974 -0.058770627822607
-0.0315481524620034 -0.0675254717239439 -0.0768753378213732 -0.0266652870209251
-0.0544375864886388 0.0938956775269022 -0.224896251401476 0.136774808679955
0.0658392766472507 0.04918150283505 -0.627556814308232 -0.056295858028148
0.0452888731707835 -0.0783986417958533 -0.65692040329233 0.42903922816924
-0.101611514094624 -0.0911769229075471 -0.121534595557129 0.623066365187035
-0.116171516011608 0.0226674677700045 0.223430148352401 0.297290137846443
-0.0638349586504478 0.0656545182704136 0.166517549400569 0.083169555848882
-0.0203439715813938 0.056075099273385 0.0742124533977076 0.0589578020507608
-0.00863393353830382 0.0361228862209289 0.0703276808901413 0.0466045886535958
0.00921801391337008 0.0194496876114984 0.0230539383422632 0.0116317770987897
0.0190708031665864 0.037135353065846 -0.0698687718357423 -0.0495265229743481
-0.00732424051710912 0.0713438662796637 -0.121947732264318 -0.18266262700509
-0.0550209056896555 0.0890949774249277 0.0332750259288043 -0.313049934887565
-0.10096975266421 0.0307651881640635 0.213092491351297 -0.239175347727316
-0.101980347261276 -0.0302256327153351 0.221084024495404 -0.065540062708436
-0.0727669764298022 -0.0401301534583269 -0.0752978998826761 -0.0210039735772548
-0.0216113139144037 0.181021899548486 -0.185372327119989 0.0883681228232408
0.125141697514321 0.119394121457223 -0.626137135637373 -0.025521773119963
0.115574991542793 -0.0916032031063809 -0.597644226241525 0.436870838254228
-0.0929763610198948 -0.139722242934231 -0.0923466797925854 0.554739397032263
-0.133793985015907 -0.000463554453212627 0.169809376565074 0.253120672934257
-0.0804487033151716 0.0451833327026263 0.111633838153749 0.0900373910293541
-0.0426329577378434 0.0386476229036112 0.0487635122260166 0.080995071474314
-0.0199028845996683 0.0224530497296518 0.0644861962262151 0.0571097253314789
0.00896887953346028 0.00114893937929944 0.0168022953461842 0.00712992710663276
0.0380894308303003 0.0238248581754527 -0.0591371720015681 -0.0472196993612312
0.00879683897310085 0.0888129816868425 -0.116296651744358 -0.165080304688125
-0.0748746874074727 0.113730191416878 0.0143927056495282 -0.313061722925891
-0.120095880425835 0.0207091389525635 0.210149991102189 -0.278453838556738
-0.0970877782557508 -0.0215517370601677 0.290317826069086 -0.0947807921678489
-0.083447961119068 0.020244117678647 -0.0136533790429846 0.0149548801067845
-0.0740741279694576 0.220348830244278 -0.184581722708653 0.08221569911139
0.136782335794367 0.110938190320107 -0.589972972813191 0.014593900981355
0.108952864576599 -0.0966149091860624 -0.505471091582839 0.420409354404172
-0.0847413743888349 -0.122999819311711 -0.087745193815728 0.473346596609365
-0.102633629876634 -0.00820852601944209 0.0996529276279146 0.231147209143417
-0.0592893936046094 0.00687311296122817 0.0610733603497027 0.116999676613122
-0.0490688014696246 0.000330062522558365 0.0298798602574775 0.105227697117622
-0.0365404736563957 -0.00117142889595486 0.0417759550258998 0.0561270932773945
-0.00722627258550809 -0.00913866679163095 0.0173891488785833 -0.00043681604017202
0.0197716945746011 0.0156289709359453 -0.036511985486854 -0.0415918656022864
-0.0195148532249794 0.078346189701499 -0.100344857905066 -0.136618592414139
-0.098781968251967 0.0579160701842645 -0.00828933702562836 -0.307509832818822
-0.06039245124175 -0.0294350049357514 0.209089102353322 -0.328188869923416
-0.0229079901280397 0.0271842766293288 0.375278500551754 -0.136168930191988
-0.0915808918180915 0.122849389772016 0.0603312122576838 0.0197740388548637
-0.0236124352618163 0.183501538482109 -0.128061970027315 0.0438119776455314
0.105141283364681 0.0276670503671707 -0.491802046690731 0.0638179284716431
0.0195371339871148 -0.10542561615157 -0.379895438116262 0.365295108794474
-0.101537841933936 -0.0371896657168451 -0.073269822055845 0.375063288002083
-0.0445324290386359 0.0228832592259564 0.0617968185638909 0.19820521167312
-0.0123259500380819 -0.0135304235703361 0.0369512337034742 0.115415373569928
-0.0270818602616076 -0.0252694236687728 0.0147235194368327 0.0973827553683807
-0.0258306326709754 -0.0141234697396697 0.0126637600954919 0.0456157960182558
-0.0166950305513498 -0.00522415916581104 -0.000740905247688762 -0.0024161344484809
-0.0203364878868149 0.0228652960753218 -0.0398324595517545 -0.0258128138290265
-0.0769389352242416 0.0561746631739332 -0.12058973543112 -0.106297100118456
-0.133113373844101 -0.0390792674707422 -0.0592848858772677 -0.325935220568933
0.0331563766374708 -0.123642639642377 0.216424876790215 -0.406211538353352
0.113467373716605 0.0544277939566077 0.473014031586653 -0.177892118848096
-0.0161300739007984 0.214958079210718 0.128564544029993 0.0258105890449042
-0.0735528032410429 0.172523972389499 -0.0525600652465662 0.0746623491023215
0.0212780792162126 0.0615258258422538 -0.352635474290698 0.0755577466156322
-0.00158620107298273 -0.0085339372690099 -0.322195699206167 0.280701163345505
-0.0191911492494154 0.0144717306333353 -0.107037796278186 0.327241828580747
0.0381083838574823 -0.00223594496961051 0.0401028320604105 0.209561413779167
0.0316836115389422 -0.0640623783341076 0.0392275577908565 0.120602953671726
-0.0209247304445877 -0.0710740948534861 0.0043548387327093 0.080997351859724
-0.0461891504593995 -0.0423013598356886 -0.0111208490836189 0.0330402485741274
-0.0556480021182967 -0.0196295384379788 -0.0150316735693724 -0.00268568512509899
-0.0724388717318679 -0.0207989241963159 -0.0618035598928464 -0.00802861270705154
-0.0988598645583475 -0.0475347771799848 -0.167257700579045 -0.106245884568485
-0.0315418571327238 -0.176463515760423 -0.0838852137966989 -0.398675324151301
0.219739172948959 -0.0885465319664941 0.300575504183079 -0.489365197196981
0.174850453459132 0.202344029017468 0.590154607708475 -0.180355302838105
-0.0585327599876989 0.300210029650985 0.209538231108123 -0.0261382065036743
-0.0512389601476044 0.138420757200488 0.0359201072913795 0.0745999033411329
-0.0102583568420551 0.0572622458050373 -0.22735324833164 0.0581180798092542
-0.0118364799222869 0.0343463996086206 -0.281192388227948 0.215387389717538
0.0317650950273429 0.0412484034975937 -0.112230226432428 0.31186112655036
0.0849195761686501 -0.0141394163920991 0.0661682793958609 0.214525447241483
0.0551555994798624 -0.0795218122342217 0.0662283793113827 0.0996272698477081
-0.00470241522702559 -0.0835650055104349 0.000858991720978773 0.0441762615998514
-0.037125080035723 -0.0567302549580254 -0.0356448228592001 0.0114681821066093
-0.0453332015379379 -0.0125048741235729 -0.0403642889896146 0.0146712694846277
-0.0839069526984009 -0.0181759650264339 -0.111552645006368 0.0150984208557783
-0.100833428552211 -0.0786621672207774 -0.24100503223681 -0.110313250693592
0.00973281364863886 -0.218893964813105 -0.129026246221406 -0.471483348924938
0.284877666542965 -0.0858684552241583 0.348886369803216 -0.572228128964908
0.234281678057009 0.232658640639086 0.663951105115514 -0.192426356888183
0.0231248230224376 0.305972766670293 0.210480761858027 -0.0677718561776995
-0.00880639324050128 0.109855376039631 0.110995807029392 0.0623548163466185
0.00837860918729539 0.0558025945765709 -0.14940808784386 0.0303928111696559
0.0238177199104051 0.0370423539939233 -0.261266825009595 0.178490344109182
0.0616376494197924 0.0114244787549694 -0.105078831734383 0.312028239959862
0.0829452867866014 -0.0337097967815821 0.0972470961084237 0.216404892892306
0.0448024410099827 -0.0740616272869598 0.0892881938747534 0.0729599703445192
-0.00349560808666128 -0.0761999754678258 -0.00548796414033942 0.00870978458628551
-0.027556988621005 -0.0602311510195726 -0.0538074513671418 -0.0121031344486911
-0.0447961695387783 -0.0504940111733571 -0.0751703776509638 -0.0118883110238978
-0.0426830365792675 -0.0817697286150803 -0.159125721461288 -0.0342804581777744
0.00886076437947514 -0.124058602867279 -0.250578282978617 -0.219577174067814
0.155223541966184 -0.137837710898217 0.00208628053772347 -0.570545573707708
0.254256459515683 0.0848761271320126 0.545277700099812 -0.511543320549586
0.0917147594083141 0.265699928709249 0.715347294453179 -0.0514295941893392
-0.0337013669456335 0.227663809407373 0.293576589432144 -0.119852839432019
-0.0246844079186361 -0.0336495857030743 -0.181650771368756 0.121925749148963
-0.0213983214411957 -0.0614898506963175 -0.632747794857923 -0.00358893786326277
-0.0724418226361473 -0.0603174889704811 -0.599693585380666 0.509980823194999
-0.114778572006011 0.01508094977747 -0.0133250389020483 0.641509663499666
-0.0581684998266335 0.0706355703492175 0.302287779759562 0.24007445388714
-0.01056297504263 0.0743159943976913 0.193106164943631 0.0170055789289751
0.019935979541315 0.0541550813675123 0.0768906849953005 0.00871993134242478
0.00958114092974299 0.0420366993988862 0.0630273655609396 0.0133376869722256
0.00625990384399114 0.0398461678931408 0.0114909352763934 -0.008977554602954
-0.0135749140469591 0.0587193266005686 -0.0852747853190576 -0.0625813120282756
-0.0442943189638255 0.0518055255604499 -0.135109357855946 -0.191828897467427
-0.0487070244297833 0.033187823461392 0.0300041412411946 -0.326784842062856
-0.0499834726363936 0.00472382487499643 0.223511717210342 -0.238199716131144
-0.0564423206581568 -0.0288335305655198 0.215229436241551 -0.0601584786194866
-0.0381076117288891 -0.0671147117563299 -0.074805036353324 -0.00977480946563674
-0.0443682388133938 0.099298527293975 -0.202575059838622 0.149852496318266
0.0710919606993981 0.0439718484198702 -0.623748647542984 -0.0268330978972855
0.0412153802095833 -0.0844311710541211 -0.62717011314187 0.466511168870101
-0.110306351704833 -0.0836273693254519 -0.0781623999044204 0.623949900436698
-0.115750320621072 0.0331620073298003 0.238580158730274 0.276942121159092
-0.058591036498506 0.0708574980083229 0.169209158233694 0.0684664948087783
-0.0159917122136733 0.0585725144491352 0.0779279902620924 0.0503929470418678
-0.00632074441356714 0.0378329010771541 0.0729621921252032 0.0352506902243623
0.0100471102136239 0.0183787775380365 0.023884126968802 0.00198646018024609
0.0213113307079997 0.0361267476283914 -0.0703115194776496 -0.0532437825699218
-0.00189154102879549 0.0720992126235379 -0.127798987036183 -0.178613316237552
-0.0496417398906811 0.0936003183890031 0.0229293166029639 -0.315789718645378
-0.0998540271717573 0.0361459918677186 0.208009423406828 -0.245096756147472
-0.102704672625191 -0.024112513999718 0.222335668879407 -0.0664779126852929
-0.073090344686268 -0.0337115352788848 -0.0724301338019958 -0.0027711981142679
-0.0010226525120911 0.184659445591409 -0.166271097865749 0.0978133315065948
0.139883457514279 0.106451841485434 -0.623532186237565 -0.00650807957460408
0.11054912653343 -0.106409477702518 -0.567793895503537 0.469827647980489
-0.109142659811396 -0.134255416214738 -0.0570730299723554 0.553252463069959
-0.137053594925499 0.0121756216025751 0.180169711415622 0.236822279858384
-0.0786002898617309 0.0535877310076766 0.114629279288168 0.0819274770281273
-0.0398922853122752 0.0449514779308175 0.0550982584160059 0.0757789255246081
-0.0173763793825354 0.026179228588536 0.063026541277193 0.0445613236706476
0.00915018119121844 0.00191603961184782 0.0169139697284744 -0.00122426202838368
0.0376043205059362 0.0220330847368397 -0.0594048622398023 -0.0507535548589853
0.0135026089171668 0.0889208888130649 -0.120832401162132 -0.160860049952238
-0.0701899778572166 0.119274154389591 0.00360354208157514 -0.314535321912758
-0.120289860293603 0.0252265749258356 0.201706764348595 -0.284298370984395
-0.0934365367250959 -0.0166414391131813 0.288497835439995 -0.101143993969303
-0.0757555549732292 0.0280638848919845 -0.00902590922903548 0.0259502452641491
-0.0494608424763017 0.228827658433731 -0.16740573778743 0.0917263853527655
0.153994382627693 0.0982328184389359 -0.579792532149819 0.04055991461852
0.103120301582587 -0.114197884315943 -0.476032790994851 0.44429168747426
-0.101641305602766 -0.118747292476863 -0.0601830956301391 0.471021638324738
-0.108437237042989 0.00274819653855835 0.107749557507926 0.22226981093935
-0.0616940234084001 0.014842620001714 0.0668870434831614 0.114486427228813
-0.0500107312856019 0.00931871398963237 0.0389248580525069 0.10269794674403
-0.0352596537016885 0.00601079349080253 0.0461862865222351 0.0491158543228458
-0.00684554683148295 -0.004990824099381 0.01683644468822 -0.00729010376746493
0.017711627605695 0.0176731117624717 -0.0358390880717098 -0.0472009208230929
-0.0172088913790481 0.0824135791351426 -0.102451034266158 -0.134918154539309
-0.101015673566113 0.0656662802767764 -0.0191480148502817 -0.30758880208857
-0.0644776203493299 -0.0326714318367529 0.196230154679832 -0.332934924876557
-0.0136847422852324 0.025569247373818 0.368658994328869 -0.149608719215179
-0.0733965540250772 0.132201998175545 0.0615885386574146 0.0243339412859953
-0.00276333840122274 0.188448589715501 -0.116987232532358 0.0487632220002228
0.115951227885475 0.0164897360463409 -0.480567686498607 0.0828830442119624
0.0121291004264473 -0.114986007337262 -0.356423790483675 0.379955130829528
-0.110765874045828 -0.0315383815814308 -0.0560877061037104 0.371762886397332
-0.0476565896126752 0.0288614437976847 0.0660162684797646 0.194465911781454
-0.0165121738160434 -0.00943735075998071 0.042129029045205 0.115500329871719
-0.0295084274271463 -0.0184235181057872 0.0226569425725144 0.0964345565598421
-0.0260533104481768 -0.00764357484890053 0.0168423019340776 0.0434572437112228
-0.0162383388500455 0.000201339029754553 -0.00019000693163971 -0.00720349497376322
-0.0211148748850761 0.0287447918278442 -0.0371079994418492 -0.0287622612295262
-0.0761598261221397 0.0650507678949521 -0.120392816764332 -0.101539264778257
-0.143323898497445 -0.0283190549520445 -0.0718385503308217 -0.31928210760267
0.0208663606604613 -0.133643090214015 0.196415141210206 -0.411465200276775
0.124446296661247 0.0431430202482037 0.460485572506223 -0.201044939244518
0.00739171272373211 0.217826049486998 0.128475857579886 0.0231984355112475
-0.0511806597615406 0.180594960120751 -0.0430000091550794 0.0701749074354994
0.0368575953404388 0.05526446119912 -0.344393616866834 0.0834506723041203
-0.00190284003684988 -0.0175490328021207 -0.307696371541777 0.289278078676567
-0.0257166293395579 0.014021296698985 -0.0958065145842712 0.329183303367376
0.0325256089007931 -0.00289076065278172 0.0463057705648332 0.210557339861294
0.0230801386848795 -0.0638584834404437 0.0444679130676813 0.122676637740784
-0.0275640003131253 -0.0632168977495215 0.0110049784718897 0.083711481355254
-0.0485414055584689 -0.0333278975891065 -0.00641612019142794 0.0348868439266826
-0.0567788372277481 -0.0101455433695862 -0.0140476311388083 -0.00308723756662724
-0.0771203114582317 -0.00893132868695327 -0.0577078721541889 -0.00802499943626469
-0.108274922150052 -0.0362292910622894 -0.167431651638416 -0.0956659734630122
-0.054942565651409 -0.17560485629068 -0.104593377824211 -0.390007622321759
0.209738207123198 -0.115576097601973 0.270921180472837 -0.501588005588202
0.198264533192153 0.185921928313231 0.576775792335535 -0.212559830846634
-0.0274329017123323 0.307551213300175 0.202160250357869 -0.0349311584968211
-0.0323649557899845 0.142463431602473 0.0416433635186153 0.0611054178645766
0.00222462582074764 0.0541705825640648 -0.223264787287935 0.0585623811089781
-0.00931589427668452 0.0293437900665872 -0.273364076748248 0.222736033404131
0.0281816318973467 0.0376512032339744 -0.103306130738253 0.315283137342404
0.0795063246512329 -0.0204256964307599 0.0724934096257414 0.214705604299437
0.0454578363567942 -0.0810648995930469 0.0696193617572542 0.100362752940968
-0.0133119804742519 -0.0782162947252875 0.00380479543748033 0.049364066739393
-0.0405927815255562 -0.048282340204885 -0.03253924757843 0.0178754614436858
-0.0448531744906005 -0.00521367630138673 -0.0369114094876188 0.0165307607913647
-0.0872553841173574 -0.00638611924688254 -0.105165508924005 0.0213816572485079
-0.111336643792169 -0.068751456705268 -0.241852377121208 -0.0929860194548587
-0.0138732702142039 -0.220291470817979 -0.15621404509729 -0.456644511817629
0.276059828973341 -0.114336754709911 0.311386441431059 -0.5875748839923
0.254956837329799 0.214426908671128 0.649352048573157 -0.2300798844766
0.049499754431232 0.303630803983257 0.198890033593353 -0.0782595891231467
0.00386751723008699 0.110412063663675 0.111376942409596 0.0417637369506816
0.0171209143251589 0.0533217043406647 -0.149624757527466 0.024195130060314
0.0264954104017508 0.032186887244723 -0.258948358590404 0.185832944528267
0.0585479522131441 0.00652852082819857 -0.0967488086371545 0.316938314639699
0.078321445532687 -0.0405257172766783 0.103457685075485 0.215190385079277
0.0368157582225485 -0.0758442838672678 0.0903764703151525 0.0738793110995939
-0.0105377939822433 -0.0721654868689799 -0.00561998883596521 0.0156747664014696
-0.0325020775724216 -0.0545444461660477 -0.0525149264609913 -0.00264409042728207
-0.0486247378133781 -0.0439532826290716 -0.0737708538109696 -0.00518769381130346
-0.0516029964852178 -0.0742810692005897 -0.157777221501537 -0.0219840594672463
-0.00524808811573989 -0.124075196642406 -0.262431443164908 -0.199158476591089
0.13949317403764 -0.151126478650862 -0.036663871385716 -0.565214454148319
0.260506602426849 0.0611088024796457 0.509709445469848 -0.542747611739185
0.115071197761956 0.257134855937102 0.710489670719757 -0.0946534938036127
-0.013967651922692 0.228339810102768 0.275322520419798 -0.135548410525477
-0.0270085900643747 -0.031906974255579 -0.163850588307661 0.126674299756062
-0.026268292836435 -0.0587391209656525 -0.624282310906288 0.0169384049413608
-0.074097424113246 -0.0549840406043364 -0.569523745147901 0.526413255150386
-0.111058428729273 0.0226906703680447 0.0195487519685984 0.629210539602376
-0.0523876204964684 0.0729754970758761 0.304869500400528 0.219419108276133
-0.00506003419850846 0.0728367271566125 0.188109140684596 0.0051655492896196
0.0225825070537297 0.0508934278634957 0.075070890007332 0.00286449397690789
0.0110767676821879 0.0398793416762096 0.0613617992655724 0.00442266723841875
0.00734198856736406 0.0379322642223957 0.0103080105875573 -0.0166297109205227
-0.00968303943105441 0.0583705972160821 -0.085453572404147 -0.0645426720760895
-0.0397559663029406 0.0537772570799096 -0.136425440487906 -0.186137575579236
-0.0457461232621848 0.0366995250273974 0.0225971592392322 -0.324855020999857
-0.0512036805464086 0.00868106230488972 0.219522923835872 -0.239149931962926
-0.0593505953385323 -0.0252740382749371 0.216806507920175 -0.0585724124992835
-0.0447218448652759 -0.0656699013044211 -0.0691187591503017 0.00494589518285985
-0.036523255774191 0.101964150650246 -0.180002552701659 0.15509574395378
0.0747299324250441 0.039546644345805 -0.615156991085781 -0.00966667596724118
0.0375706677982101 -0.0890434293450635 -0.598903714228383 0.487402943254205
-0.115800649809586 -0.0766703249541421 -0.0473405559782838 0.614767865227743
-0.11323694802376 0.0409276797401778 0.244463306533287 0.257456761389597
-0.0537784479090874 0.0742810692427092 0.167569971299248 0.0570106946774558
-0.0119887101207825 0.059407176088873 0.0795743402922094 0.0426699114448748
-0.00335296614464963 0.0376312681646044 0.0725835163656006 0.0248878374105825
0.0103072004783216 0.0176563394084762 0.0227628398852133 -0.0068266132977524
0.0225876536609849 0.0345181435256062 -0.0703870888326245 -0.0570418988627033
0.0018371593613949 0.0719890434064767 -0.129619886731394 -0.175267437394368
-0.0450099214028798 0.0961360047296224 0.0165726221282926 -0.315434669109567
-0.09830552437229 0.0401890306110624 0.205544236799582 -0.245981299041492
-0.101412637031989 -0.0192706974535598 0.22471454787114 -0.0648289808244628
-0.072372525073705 -0.0293716123486577 -0.0662639032670032 0.0125577830830032
0.016886371589701 0.184813920119583 -0.146764277459767 0.100693288998018
0.149802635587163 0.0958865998796058 -0.611678608375703 0.0114449641952234
0.104961637620411 -0.118537292508327 -0.536816076793022 0.485747852093489
-0.120778767833891 -0.127496704510129 -0.0307368896960043 0.544405513680695
-0.137357772381895 0.0218712072135891 0.183266409085948 0.222705683258958
-0.0754095741291574 0.0600106121692157 0.114251630418161 0.0752439793719769
-0.035928542376698 0.0495959118288507 0.0583131095243551 0.0696487529622558
-0.0145154352425878 0.029001334181906 0.0629861586528883 0.0360465769158479
0.0092362108915 0.00279864738463515 0.015799436762039 -0.00875236992038338
0.0373698796454339 0.0209792531198098 -0.0597683218623482 -0.0550599699306833
0.0170406000178173 0.0883662191391115 -0.121982737697219 -0.158284795097472
-0.0658608370494966 0.122368943878866 -0.00341267414494622 -0.31258358453785
-0.119086149107653 0.0278443090314742 0.196246585081018 -0.28447528096972
-0.0889846603829367 -0.0136592343279427 0.287077064750926 -0.103091711558837
-0.0672225010003842 0.0330162516757229 -0.00418397486689478 0.0364062466905654
-0.0275010311539084 0.231411658534609 -0.15061827005111 0.0953613305220477
0.165808213385191 0.0845789495625625 -0.56616618010973 0.0568402082646718
0.0966941613624799 -0.127830815322295 -0.449208917178306 0.454981860755302
-0.114950244477347 -0.113124408875425 -0.0414710849872255 0.46270193440302
-0.111750782928435 0.0130351352385641 0.110068723549636 0.214306563459085
-0.0626677562613605 0.021626854096759 0.068919047308848 0.110991440240613
-0.0487682906655838 0.0166080666706319 0.0450437924877361 0.0982211731496667
-0.03268778670599 0.012166136860683 0.0476525192678136 0.0421593512617226
-0.00672161315557067 -0.00165679498518038 0.0153011360344549 -0.0140722422161066
0.016782289217486 0.0194432734236658 -0.0359756640394719 -0.0525880062371245
-0.0149992452673412 0.0854452155371729 -0.102171179371806 -0.13336359911302
-0.103020774272466 0.0717897970368504 -0.0254982528763371 -0.30379131939649
-0.0690271012039831 -0.0357671349963574 0.187751733123168 -0.332442380307593
-0.00481678634263594 0.0221937502778444 0.361501038858182 -0.156096453309459
-0.0561587702110719 0.137278634446143 0.0632923434867095 0.029543380647053
0.0142056586350783 0.188473254511852 -0.105974342952285 0.0494846828631711
0.122783029897755 0.00607506531698366 -0.466457604958004 0.0931836554694908
0.00563925835294983 -0.122148241535742 -0.337867930654095 0.380117612773891
-0.117969715504526 -0.0255546319529868 -0.0464234753705424 0.364176859998652
-0.0497409069972191 0.0346321762702903 0.0669575089477494 0.190756183551995
-0.0199856086771597 -0.00557102059298818 0.0443616224169733 0.115664030065175
-0.0299143439174529 -0.0120771842420937 0.0280340337394117 0.0953118989479132
-0.025151011426177 -0.00212520700244296 0.0192722868738328 0.0406458518294897
-0.0147061794405325 0.00445730244007213 -0.000932585404103015 -0.0106872837659823
-0.0214689375756349 0.0341175893067165 -0.0356023985707405 -0.0334100823175954
-0.0753157925788715 0.072413551199021 -0.117240801322102 -0.0984837966052802
-0.150601950062955 -0.0191113131993845 -0.0784276783823777 -0.311141024290155
0.00974049247295158 -0.140847791666429 0.180898810580205 -0.408235112216606
0.1320481277041 0.0317999130046383 0.446672278640908 -0.213059893768577
0.0273429566462889 0.216921071372303 0.127176011852596 0.0232431376914647
-0.0306411614620998 0.183468355924715 -0.0349675294852741 0.0634884161717132
0.0479165403322213 0.0469895469309578 -0.335218241389783 0.085005545788398
-0.00313179299236423 -0.0252184156187649 -0.296154942843016 0.289921158254791
-0.0321387248088493 0.0155167053173589 -0.0887186602494931 0.326334023030361
0.0269416536260468 -0.0022500001064934 0.048484597984123 0.209417531955363
0.0154772779977013 -0.0613037714157181 0.0487157975675627 0.124175108312591
-0.0314508501852856 -0.0551521396815581 0.0165292434414038 0.084832173208744
-0.0482443741575314 -0.0252400714133786 -0.00297898294019181 0.0356221901711409
-0.0548942104520617 -0.00186590204448964 -0.0140328565657186 -0.00485080996060239
-0.0796650622423433 0.00257475493430185 -0.0536252052600155 -0.00991009741521709
-0.114566138581976 -0.0251407374309306 -0.163806616955847 -0.0878508407488096
-0.0741542204894782 -0.170529201410358 -0.116748042768461 -0.378745624812031
0.198209076924499 -0.13518465106441 0.247002620267618 -0.503628718490815
0.214504321035269 0.16918717956449 0.559699315634348 -0.232229039689342
-0.00131066643543835 0.307763521818516 0.193195975497196 -0.0389713789165123
-0.016996543005777 0.143568667062995 0.0440562820819015 0.04851199248782
0.0115014807315584 0.0488709888664917 -0.220078233651169 0.0531371899294887
-0.00788709808050563 0.023530306207509 -0.268796816505549 0.222740875786414
0.0247868299288233 0.0351887285366531 -0.0973626770714063 0.315188436191339
0.0738620164500634 -0.0230656835892132 0.0752554630345527 0.213429536148886
0.0380196026758762 -0.0808519752826164 0.0720380866838972 0.102568953138122
-0.0183162054949215 -0.0718016569180913 0.00696910741588297 0.0533682727075819
-0.0430120436522979 -0.0409590635320854 -0.0282593121262254 0.0227543096411796
-0.0443659091046536 0.000994394045393348 -0.0339240008830723 0.0168053524191214
-0.0882295963163927 0.00326794171552009 -0.0990687324201243 0.0243916608484118
-0.117914321890708 -0.0588819246467365 -0.237601193530641 -0.0783565494934359
-0.0330654947819728 -0.216976584857581 -0.173280533016263 -0.438735442334604
0.263861532194495 -0.133868883071225 0.281576689569504 -0.587133022527409
0.267971581260337 0.195383983133085 0.630203605396403 -0.251738385802716
0.0684692732322503 0.297981467971627 0.187403650020234 -0.0810352464759231
0.0138101000973548 0.107828459025953 0.108543967546182 0.0238139934645677
0.0238198801604464 0.0494111239105006 -0.151757111325598 0.0160607597461617
0.0275770594259204 0.0277674609665279 -0.258052500265923 0.188123487303773
0.0553829057288735 0.00304277844835583 -0.0922482543467176 0.317922372254113
0.0726935329304765 -0.0444739950293557 0.106003707842824 0.212621473273106
0.030894772815283 -0.0757253415444839 0.0907712503173085 0.0751176061219654
-0.0153066936579936 -0.0667839795387902 -0.00416902799961483 0.022115813817019
-0.0352851640669246 -0.0486534059468382 -0.0495046543334827 0.00531636605610244
-0.0505843819306 -0.0374997416290802 -0.0713331455128188 8.57453856933143E-05
-0.0570756747847661 -0.0670257350448486 -0.153737728225878 -0.0128976587936059
-0.0166281779873339 -0.120860938674562 -0.266454943319694 -0.18053822998404
0.1228679684098 -0.159220162508608 -0.0634851568214783 -0.552701263092159
0.259665220327819 0.0395454266395347 0.474323407315366 -0.557045744023087
0.132094814948809 0.24710640536853 0.696567079648648 -0.123898581675131
0.00176849066763347 0.225995005448263 0.256913930816576 -0.143236245853856
-0.0283791388053539 -0.0302076101616202 -0.148478303027978 0.127980732837388
-0.0304489316313924 -0.0564252859935671 -0.616102341460295 0.0265410958259131
-0.0750544867615721 -0.051564227833047 -0.548917047222547 0.539514275323908
-0.107984836446478 0.0284343004148397 0.0388304995460574 0.619708896945459
-0.0473929546886811 0.0748352153970767 0.304643774764554 0.204058421696592
-0.00122386393153825 0.0713345858014154 0.183209586646049 -0.0033945571735117
0.0247415242430258 0.0479881175863839 0.0731565183810054 -0.00330626127896468
0.012369352650865 0.038067380689028 0.058886064898177 -0.00269414420495112
0.0078388745243065 0.0361168067111693 0.00813126553791021 -0.0242862282598817
-0.00670797193735458 0.0571924363672154 -0.0856301305381821 -0.0675385368523135
-0.036240470892681 0.055631977691446 -0.136603844408059 -0.18418207997588
-0.0437114323568415 0.039821792368224 0.0198330306314522 -0.324223928703583
-0.0519370560671637 0.0123884595354028 0.220422695158448 -0.239925124857537
-0.0623625836238547 -0.0223476636647761 0.219775679700187 -0.0554413582452602
-0.0494351384301201 -0.0640169719434137 -0.0629856658886646 0.0164954818081322
-0.0288540036086859 0.104106602525167 -0.16131628414677 0.155513165613113
0.0770755970253961 0.035875012592858 -0.60959174442934 0.0018008657413032
0.034115185346333 -0.0936542935137172 -0.578067006735955 0.501999172991248
-0.120152195625622 -0.0714606410276514 -0.024162798154437 0.609566462121158
-0.111625937342146 0.0473734440053258 0.247831094131205 0.243794639723434
-0.0502900337587789 0.0765251147755179 0.165562409461206 0.0491963771018286
-0.00894479051773387 0.0596944982133514 0.0800201245006759 0.0368107237604636
-0.00165672276612896 0.038063088832118 0.0709557308937516 0.0164132800385252
0.0106733101067784 0.0171795422147276 0.0203342537605276 -0.0152829533015982
0.0235057278052836 0.0328839667855638 -0.0711829041840661 -0.0611478618578347
0.00510061051068088 0.0719594496509542 -0.130010292758966 -0.173438137756372
-0.0415029613266873 0.0985986514225097 0.013233855525043 -0.316229808657918
-0.0973581084466436 0.0428830747909261 0.206708113587315 -0.246240631996423
-0.100876810545334 -0.015916094732989 0.228857209247427 -0.0615548500605075
-0.0710386610116923 -0.025614556689116 -0.0595472120024404 0.0254683261564963
0.0291395487237523 0.183984188750703 -0.130193100552189 0.100411190558238
0.157524522886387 0.0876895474074021 -0.604350074078307 0.021349944237074
0.0991859275086648 -0.128939017366494 -0.519275573044715 0.496283040033349
-0.13089320555348 -0.122097398653373 -0.0127494214215382 0.53720958197048
-0.137492902421955 0.0309715759074676 0.18381079387568 0.213634884604818
-0.0732604825038197 0.0655251462841933 0.112958295788056 0.0710822534050834
-0.0324406904900265 0.0532507731722772 0.0608963808923065 0.065365239804453
-0.0122671440579465 0.0311359303911953 0.0632355991890452 0.028688380769623
0.00920842470229117 0.00334592115604214 0.0130601521822371 -0.0156365306325326
0.0366089375428163 0.0203264219300723 -0.0600729652214613 -0.0599020411403435
0.0195201810896615 0.0877187256409634 -0.121176612889743 -0.157705918349408
-0.0625965254173305 0.125927780175227 -0.00615586002186034 -0.312372650966773
-0.119633906591853 0.0292028259952576 0.195486437257939 -0.284434244400854
-0.0851731833902796 -0.0126918259094407 0.286868833720078 -0.102457837865543
-0.0596797651746119 0.0370367724982112 0.00163720026285574 0.0460025834690038
-0.00984963438174146 0.233390250206305 -0.136300166495478 0.0950764570564555
0.175499116933851 0.0722708826366224 -0.558445020735626 0.0655277910783739
0.0900450118914228 -0.140378298800025 -0.430850063493665 0.459324662533045
-0.126123998624804 -0.108105477181084 -0.0292971903898406 0.455598549977964
-0.114307448150557 0.0220229462352256 0.111501859497783 0.209082352853654
-0.0637165986482421 0.0274940530426059 0.0708552807645902 0.109968659711475
-0.0470989561766504 0.0228389686989775 0.0499653311188405 0.0951519762379894
-0.0299048602636267 0.0168301431104292 0.048462843007444 0.0371574523501567
-0.00570975578172821 0.00134990864279079 0.0127011143683966 -0.0200244578713098
0.0160967237279221 0.0218944805480919 -0.0368885543749441 -0.0586534116854124
-0.0136500630381921 0.0885225693561883 -0.101424373296255 -0.133836080085877
-0.104939103247927 0.0777077011859306 -0.0281608435833757 -0.302524411274488
-0.0737723452420646 -0.0388822100795813 0.184528207667126 -0.331984647512602
0.00202504774866634 0.0177836373516586 0.358716801464 -0.159409605868437
-0.0410383086861899 0.14035214231474 0.0661753888954844 0.0357985671294877
0.0282709059271985 0.189236751448495 -0.0964402321470536 0.0477840792990364
0.128368982478657 -0.00379549554333271 -0.457486880426539 0.0966397761288524
-0.000489476016808678 -0.129991969868325 -0.324363505233966 0.37903286414416
-0.124503903961012 -0.020168724577584 -0.0410717941662721 0.35797593110219
-0.0515846044263013 0.0399426419837499 0.0649163826748658 0.189774958237583
-0.0230759519410596 -0.00152760283938982 0.0465498396001882 0.117489351561101
-0.0301006517097871 -0.00654663463396948 0.0325070990077231 0.0939912080241103
-0.0231367073305841 0.00243614874952008 0.0214336440843473 0.0384638749980517
-0.0138448013673758 0.00785827911190903 -0.00246348675297037 -0.0140997907873906
-0.0210121501469276 0.0390555816516225 -0.0343734401218254 -0.0382521215282562
-0.0745018621831829 0.0787345015127641 -0.113465506796311 -0.0972564654539154
-0.156828194386672 -0.0101777751765689 -0.081374805799289 -0.305903864206504
-0.000441297352768648 -0.147573070112705 0.17309455530018 -0.405316976726032
0.138483774920692 0.021904494757421 0.437542409756009 -0.219976248692553
0.0440465835783401 0.215380509409301 0.126304173255341 0.0254801234272424
-0.01320966748658 0.184778738368709 -0.0290202251257475 0.0563057066455924
0.0570925907600651 0.0387112240102539 -0.32976890772611 0.0819782828169004
-0.00585133405447284 -0.0337231592690089 -0.291033319440576 0.289137886244888
-0.0385652227828591 0.0171522104527853 -0.0859834581390224 0.324537303688549
0.0222311086686232 -0.00011905300408832 0.0493729697405008 0.210531580741943
0.00949892037056751 -0.0585777681610515 0.0521339997048995 0.127014610282479
-0.0333363124920466 -0.0489637775814462 0.0212324872314747 0.0866515831649078
-0.0472029939885306 -0.0182112352741763 -4.93472488856905E-05 0.0365628789638545
-0.0529157137284283 0.00497920372933294 -0.0144189207055403 -0.00639056810549424
-0.0804559860823668 0.0121219019617685 -0.0508203037069309 -0.0123497351152343
-0.119838041120299 -0.0151992785399086 -0.159792718704528 -0.0834546638775356
-0.0911907406041824 -0.165467055385309 -0.124597925372057 -0.369017839574202
0.186784644245875 -0.152705418737771 0.231975083818706 -0.503264748153138
0.227656188290144 0.154782901513441 0.547753947291433 -0.244714189573257
0.0205727084944353 0.307893646080632 0.186587550392495 -0.0403918598282444
-0.00346172504626473 0.143803715352933 0.0447562026746387 0.0372172756318757
0.0185842473484892 0.0434828336180796 -0.219943894903267 0.0463542295211866
-0.00746509317716073 0.0180709117660956 -0.268187695528263 0.222620007246358
0.021234815871129 0.0341008637708672 -0.0959459668821295 0.31597249598223
0.0684817705890446 -0.0250874739415598 0.0760356169653381 0.215034011770686
0.0312740813323987 -0.0800620007286333 0.074224469199563 0.105686999177906
-0.0209189388764455 -0.0665348004848972 0.010392130958435 0.0578536584083375
-0.0431715390878177 -0.0347894862239904 -0.0247866860492981 0.0264768783066081
-0.0425380500048989 0.00595442003607912 -0.0321581868506065 0.0168612122510627
-0.0886279660351441 0.0120285690854518 -0.0929557507400379 0.0255141864410304
-0.122457364373905 -0.0498537949518016 -0.231798209761034 -0.0687289236015106
-0.0490702830460183 -0.213435769161768 -0.183235938079077 -0.424142496403072
0.253666799590036 -0.150025525663436 0.26040903197713 -0.586605497255409
0.278392979323437 0.180465568336853 0.614763445881149 -0.267563066858297
0.0853618457539791 0.293425426921482 0.177924326363938 -0.0816970949861479
0.0216275407015739 0.106016509848793 0.104184522759712 0.00932048151351327
0.0282641384827271 0.0453144139672239 -0.156792662524108 0.0075471082000607
0.0286351049520528 0.0237120946442716 -0.26084171209051 0.189230358540992
0.0525756130686248 0.000845024382168513 -0.0906106397362206 0.32161231917808
0.0675796695873256 -0.0474627330278196 0.107771601348349 0.213451678420287
0.0261934129588506 -0.0754614662371298 0.0914665005735386 0.0785828543389722
-0.0176514444615149 -0.0620856235003543 -0.0025864605785252 0.0286733381848824
-0.0375213204374212 -0.0436160311178655 -0.0462246920745808 0.0119784159323419
-0.051719732223984 -0.0317295470550279 -0.0692175554929747 0.00423682562033853
-0.0612592561659109 -0.0600188403661305 -0.150076419277478 -0.00564289903883264
-0.0262454801490685 -0.11773283796835 -0.267395716600315 -0.166099256335418
0.109674811323014 -0.164992503076157 -0.0831354378552291 -0.543108665299793
0.258394026491888 0.0230356110669978 0.451729963693282 -0.565988760000107
0.146326805992927 0.238511502176199 0.687506259573964 -0.144302143818073
0.0137326773012772 0.223498697543137 0.241845790060657 -0.146032107762727
-0.0303041627245726 -0.0282349109771279 -0.135279491083682 0.127364189117241
-0.0350901380590876 -0.0535568190633662 -0.614773875020607 0.03664240394547
-0.076540994801152 -0.048905653048089 -0.53216876223211 0.556301227772715
-0.105705823851213 0.0342308758451254 0.0585294461743012 0.614003843119475
-0.0435687180213952 0.0767036820601939 0.305571834172708 0.191312804338294
0.001788240372936 0.0700035514761156 0.179355163107727 -0.00957586033929302
0.0262796831688239 0.0449785649125156 0.0711978257973063 -0.00690982342291438
0.0127643210304181 0.0370068031753286 0.0565059176445629 -0.00847860930197755
0.00799102885290869 0.0347039900163612 0.0046942233192148 -0.0303447520967908
-0.00362282997089704 0.0566467790558375 -0.0886658049855955 -0.0709186693291193
-0.032772567766287 0.056906581244151 -0.13839033349134 -0.183649954329986
-0.0407525132180399 0.042719662046424 0.017051947894773 -0.326733634557686
-0.0531261643065557 0.0160310317352912 0.224061970359123 -0.243219526667237
-0.0655829158312974 -0.0189782593262982 0.224669869383923 -0.0527641218477003
-0.0543928477069385 -0.0623163280113738 -0.058085959950456 0.0261458948494577
-0.0213359309272979 0.106610478838612 -0.144779578895163 0.155216478119926
0.0797089956127993 0.0321008807985333 -0.609595084886642 0.00902362201032427
0.0300794127762119 -0.0991621080037353 -0.564167263687605 0.517744306709402
-0.125190891519645 -0.0659651520831848 -0.0054510714667482 0.606504427445626
-0.109971528914035 0.0542015741587668 0.252068477445642 0.232516018184621
-0.0470027190161594 0.0794148307364286 0.164060795310429 0.0427788279421227
-0.00539845485777432 0.0601932103517798 0.0804561619696593 0.0310313940292854
0.000467894229337274 0.0387918024106864 0.0689520179767396 0.00933276958279792
0.0100619084052531 0.0172026753471517 0.0168336241148822 -0.0229786172516389
0.0249171956767094 0.0315401919134189 -0.0738358752085635 -0.06554037023569
0.00811536957246686 0.0719101707333979 -0.132100306577568 -0.173526997390289
-0.03837693100545 0.101629022509793 0.00971913045344605 -0.319322004988014
-0.0970323892254426 0.0461205931192043 0.209590489919933 -0.250129210470385
-0.100237857385768 -0.0129585542125487 0.235118490282237 -0.0599970876842974
-0.0705580346217492 -0.0225396288069806 -0.0519501092237225 0.0384465666183754
0.00693062218881354 0.192287483534277 -0.117428400588268 0.101953064205911
0.16846586761257 0.0634508137797132 -0.602311265606574 0.0323822385657404
0.0939102509678839 -0.139910008212099 -0.499546610005945 0.50737060465433
-0.140484835292626 -0.117161743243926 0.000989505446796787 0.531322886595532
-0.138380085876396 0.0403343843675761 0.184934608754874 0.207290170143505
-0.0708748955747897 0.0713203537162961 0.112646187773894 0.0681150097997672
-0.0296016272152746 0.0572715004512912 0.062804048172741 0.0621450031822489
-0.00945232257133977 0.0333299011258841 0.0614042154670709 0.0227592097097408
0.00876488524795345 0.00388995071013529 0.00996596449946113 -0.0211864828816884
0.036449869472448 0.0196690275304263 -0.0624472363198294 -0.0643945391124028
0.0220864095555243 0.0883175438624811 -0.122450182348575 -0.158579972901758
-0.0601463073228145 0.130015969109364 -0.00873935421955504 -0.315729631273346
-0.121482498548153 0.0308676326092101 0.197332384725559 -0.287662008077587
-0.0820651712190861 -0.0121660715037881 0.290649154879855 -0.102717208004995
-0.0528680328229843 0.0398209417557293 0.00795196627779773 0.054530540327401
0.00856500875787586 0.235032238572876 -0.123394766691363 0.0935875491910797
0.184572225227632 0.0602941112101543 -0.554370391970904 0.0708437763470533
0.082018492990183 -0.153174210105111 -0.418911460951678 0.46765639077777
-0.138288570027652 -0.102882905523469 -0.0188875846640418 0.452409192767084
-0.116613059006145 0.0318115964991145 0.112400954914433 0.206021675725351
-0.0648782210086307 0.0343425621028082 0.073006192296609 0.110313795931306
-0.0444554417897255 0.0285437882374488 0.0541443369713642 0.0927563980636833
-0.0272651682488221 0.0212254617336994 0.0490217512092662 0.0324995212269649
-0.0047528105239487 0.00332411740820807 0.00900131730430646 -0.025035618814962
0.0161956531074532 0.0240295808067182 -0.0394149018515212 -0.0644603062948758
-0.0118971118313212 0.0919145219579094 -0.101193639557202 -0.136433353702537
-0.106879558532461 0.0852250006285834 -0.0307759623463533 -0.304123963308074
-0.0794293823062978 -0.0419377299791489 0.183704678088334 -0.335583569574782
0.00932919826860778 0.0125747106066393 0.35857592723413 -0.163625996419189
-0.0263031175998562 0.142270859598851 0.0707900526541755 0.0420503923424261
0.048782119246425 0.187490124894349 -0.0883451251169069 0.0441094098036053
0.134798223135266 -0.014092585823417 -0.454518059179721 0.101116913971728
-0.00745614904032155 -0.13676869853428 -0.316164449220207 0.382136875396767
-0.131188419308724 -0.0141486187890686 -0.0373132316103039 0.355270841769282
-0.0530614012047255 0.0462337878727289 0.0639348852142987 0.190566007012485
-0.025812751417977 0.00240335530097022 0.0492485158065193 0.120791346322456
-0.0290574036612099 -0.00218903902319773 0.0373973975705492 0.0946492743239225
-0.0215728808602011 0.00622543197856868 0.0229432330839684 0.0369617070469296
-0.0124146418819814 0.0107035370501199 -0.00491053905400621 -0.0174153873451458
-0.0201944844238491 0.0437027807943454 -0.0345719641643334 -0.043872754123966
-0.0733907592601881 0.0861124347138858 -0.110851779148414 -0.0982939997559914
-0.163882832475466 -0.00047661922844057 -0.0851680875914973 -0.302568521679955
-0.0120613858627928 -0.152803459933152 0.166751527715208 -0.406722835603023
0.144899691404199 0.0108859445542929 0.432759635891388 -0.229615318526385
0.0608802795671626 0.214025276175294 0.127894612429002 0.0273279551774343
0.0038836687140986 0.185894826881932 -0.0245526564448091 0.0492232701398173
0.0652968976289265 0.0294991348546933 -0.328742913081763 0.0799450020605681
-0.00951517139985743 -0.041391078800986 -0.287938397929689 0.291605942613332
-0.0438652925833616 0.0191870604972598 -0.0844012065209289 0.325435620172801
0.0179214889866318 0.00231516105615238 0.0511648312996926 0.214258882749523
0.00361376620081966 -0.0559704697265289 0.0558918264422339 0.131381843644632
-0.0344106333447813 -0.0434601840117391 0.0261620717972962 0.0890916765228049
-0.045337475761279 -0.0116607153708243 0.00219495528216313 0.0369669052452673
-0.0509031315271419 0.0115201373765644 -0.0147850069295833 -0.00753879313846456
-0.0812270229522974 0.021474371917523 -0.0488356188510426 -0.0152296648838185
-0.124528988067866 -0.00505263344488289 -0.15721375275593 -0.08033315149723
-0.107538034726393 -0.160223803338916 -0.131713855758329 -0.36231448497779
0.176043320654842 -0.169841500681709 0.219283924138901 -0.50484842393044
0.241016122133336 0.14103248315895 0.542423972117881 -0.257018685101834
0.041345556406881 0.308089941635848 0.182201687242618 -0.0400682151414177
0.00935131712737945 0.144208462670196 0.0448866522149891 0.0264290134735738
0.0254420495357076 0.0375889442675123 -0.223199826870092 0.0412899654768096
-0.0077382663677578 0.0128480008587301 -0.270802634235163 0.225700096528982
0.0178918995950755 0.0333479318407954 -0.0954266039392758 0.32006064117601
0.063865211533158 -0.0263391501503496 0.0782974753739316 0.218254280394062
0.0255072371434207 -0.0802039622857981 0.0770549057449997 0.108832361631287
-0.0232099868140419 -0.0621158786972678 0.0139451261019685 0.0623780517711547
-0.0435575417331197 -0.0289620675091788 -0.0219496424363835 0.0296716434052893
-0.0413991165858831 0.0111047085401115 -0.0308971056230548 0.0171322024949148
-0.0888634302411276 0.0201253721891567 -0.0890536373298274 0.0257741920309172
-0.128081113487919 -0.0415748970643106 -0.228295974079643 -0.0601862321071885
-0.0639490941172983 -0.209793529913683 -0.194924253347209 -0.414187878896827
0.2428172079242 -0.16683068047911 0.243184853845486 -0.588628507212999
0.290757383239445 0.165468912892334 0.606107509136807 -0.284148009288122
0.100605124855923 0.289521715628614 0.171065072235116 -0.0810466937111089
0.0300078872905631 0.104974647691206 0.0992917308027638 -0.00442532276979901
0.0323479875072002 0.0419156125882994 -0.164516089139326 0.00041986160053279
0.029212406628571 0.0191655489162368 -0.264636447779079 0.193487607871354
0.0498518823631588 -0.000918535786335827 -0.0897243297987202 0.326452819020994
0.0637503726131305 -0.0502112222459457 0.111122587223809 0.216220886434541
0.0213326789782512 -0.0754030018009474 0.0947441248020939 0.0821744883431927
-0.0195743338048015 -0.0590511952673507 -0.000174917604205142 0.0357559167990223
-0.0385908156926591 -0.0380595422514535 -0.0424659247907998 0.0177575875540203
-0.0524148435377542 -0.0262208431518842 -0.0677361156777596 0.00827065826841266
-0.0656504148941953 -0.0537556693601468 -0.146882108303009 -0.000415948567135239
-0.0352781694871405 -0.114593962381217 -0.269315159909351 -0.153224216398245
0.0965051239433557 -0.17069007493774 -0.103094968734022 -0.536832979626221
0.257857341946129 0.00751023100900081 0.432017319436634 -0.579328139277873
0.158829969864234 0.230714006311691 0.68402959119216 -0.162459251360302
0.0257489068335911 0.223084265208928 0.229720435472529 -0.148676194377411
-0.0245421685337087 -0.0353759543160784 -0.145635879869234 0.0997224551651803
-0.0216732619680901 -0.0633055818002321 -0.610615730913403 -0.0780589507187946
-0.0676925159292332 -0.0712550672471162 -0.620823518328975 0.442209208818623
-0.111194503688058 0.0091734917894257 -0.0486554963694212 0.608761427511768
-0.0590279511323526 0.0664736042333529 0.263653915839153 0.238752675396344
-0.0108753525032016 0.0674784957012072 0.174376869941472 0.0211907076100115
0.0182880245827278 0.046118901225638 0.0694732588296508 0.00542031999602202
0.00549955885234287 0.0378331837290523 0.0558440957131181 -0.0023861805447826
0.000549236311561308 0.0343318725861497 0.00806101504147392 -0.0355712292193502
-0.0134851912423991 0.0535135250161779 -0.0724379505920523 -0.0903128873408874
-0.0420484480917899 0.0501925494896796 -0.0982121526613347 -0.20671444028708
-0.0496091243025596 0.0337017125875351 0.0862846297380769 -0.317408316819202
-0.0567770837011723 0.00441475798036244 0.276101045515705 -0.194550169479124
-0.062727681612375 -0.033840684237221 0.240682492722907 -0.00237271241840084
-0.04480028290989 -0.0715442298966344 -0.0601523698631578 0.0247734970045288
-0.037551559784638 0.0975021632292503 -0.159158449611507 0.127503254844983
0.0784211875079582 0.0358870835064273 -0.601882291510499 -0.100606254228513
0.0450877015450474 -0.10554259491479 -0.640351436704788 0.403016555412719
-0.115859818996757 -0.0900836769842373 -0.108990105921949 0.590240753737222
-0.120620220407743 0.0336677286325717 0.205705530344826 0.269746860497766
-0.0606520636593531 0.070304411721546 0.151835963409943 0.0682445973871873
-0.0142867610604858 0.0576365482650363 0.0727385671256314 0.0450783655129524
-0.00644052410007826 0.0388560224769679 0.0649037196992401 0.0175741043399842
0.00631695149952218 0.0182830049222409 0.0175619644326649 -0.0259036556905853
0.0181913193771148 0.0351623594223704 -0.0593139365640088 -0.0839932672574801
-0.00507324535732915 0.0728636899077749 -0.0928888225533907 -0.197284557176581
-0.0603213664733265 0.0914718372973053 0.0785145246417477 -0.311506739162358
-0.10718762733939 0.0222862739763834 0.262375167049961 -0.203866701181186
-0.0951330324274717 -0.0358058618589769 0.254173549311872 -0.00732505431273503
-0.0634226830313441 -0.0350836572390001 -0.0558637559854964 0.0386083858896979
-0.0241983867043267 0.187727730171433 -0.124840781417151 0.0793823336821209
0.160820019352529 0.0790506147164954 -0.601639899659776 -0.0771559483659044
0.112846786450482 -0.136775738754672 -0.575824995851422 0.408255552821734
-0.123447986517334 -0.141813830729529 -0.0904903804823519 0.516945212481441
-0.146361094398894 0.0164393184644205 0.144221289705867 0.233773652667163
-0.0834638715111443 0.0589764582356695 0.0966853341631504 0.0868009994749147
-0.0368451317382236 0.0523743001744332 0.0509294203040095 0.0726624024728651
-0.0146658016647782 0.0329023962790109 0.054192057788085 0.0302666146242127
0.00825448805576355 0.00650026153313442 0.0121806222606369 -0.0250980187219284
0.0310642607643099 0.0263134070387256 -0.0488054476073336 -0.0816353796780422
0.00494865357477053 0.091830690452148 -0.0854996740006703 -0.179076909642458
-0.0875315476972849 0.1153884877742 0.0574297902635484 -0.309219210122351
-0.128214018789443 0.000105659547392672 0.255380144147506 -0.244398893166344
-0.0745930621427577 -0.0330057659572776 0.315381708449246 -0.0414655292490226
-0.0546202999501625 0.0301205658267696 0.00102282930998221 0.0667214512606924
-0.0252667327221608 0.228557798869163 -0.130493122224728 0.0710046003695086
0.179297993562952 0.0758219501639356 -0.557974895408341 -0.0262664986418613
0.102836091772427 -0.152557971959103 -0.488876727116384 0.380154434734168
-0.125449399676123 -0.127256397017686 -0.0980510617737136 0.433276792006189
-0.123682692522775 0.0126624631534568 0.0717668959340672 0.222302375571699
-0.0717198525206242 0.0252669633134098 0.0504150669099439 0.123669185311552
-0.0473350471264417 0.0231287833995293 0.0374092813238409 0.10196129242494
-0.0290348154711133 0.0194416652777692 0.0417911501057859 0.0387091197633485
-0.00414277411629544 0.00393978487276004 0.0111801172639655 -0.0275905946435375
0.00993575467806222 0.0290727787811686 -0.0251809111667352 -0.0768060279638745
-0.0305832180222792 0.0900075373038586 -0.0696218822014943 -0.153656659027077
-0.127990016769332 0.0627607832238699 0.031959571209032 -0.303584535467873
-0.0738751329596207 -0.0666778583936111 0.251051769664564 -0.295848422335512
0.0127774464993675 0.00636226373001377 0.39377727547789 -0.0883014594085515
-0.0446073867526932 0.1373272281234 0.0648326935609075 0.0661149031068746
0.023130673590234 0.19039534126731 -0.0891874507597815 0.0266385675927422
0.140568331101276 -0.00258677251534629 -0.464398167015683 0.016288463233936
0.0123200748685364 -0.148564078565104 -0.375740073069854 0.309647436643096
-0.130948533387092 -0.0399409829150556 -0.105515772658115 0.334433427380091
-0.0637374871437459 0.0371205334260357 0.0242453418479703 0.199639364688968
-0.0293500442984212 -2.51246579134621E-05 0.025447757398571 0.131979294048146
-0.0279174132954396 -0.00412495952928606 0.0206271719484707 0.101910353514664
-0.0211516712553717 0.00583934129229024 0.0166890601314425 0.0396294983720681
-0.0133652155258587 0.0105688411743113 -0.00274726668289312 -0.0208367762841401
-0.0289374286147826 0.0431689325080925 -0.0243053490004193 -0.0543042421186193
-0.0904151197195789 0.0744531249887411 -0.087229567062322 -0.116689166661903
-0.166688904749461 -0.0301618766002028 -0.0250420394817612 -0.313701253102357
0.0153729082457989 -0.164176937551081 0.245810292988548 -0.374052809439604
0.147002053877708 0.0305138403728406 0.481045579352568 -0.140966258398612
0.0263519047216432 0.224899871415199 0.124793263601069 0.0615071006381089
-0.0205034466427929 0.181828281419867 -0.0297419677282843 0.0395790948582338
0.0671342392085545 0.0299804839510329 -0.34077028875344 0.013872277477153
-0.00428855720758322 -0.0553376571180443 -0.336372382472579 0.226381282971861
-0.0534946623461494 0.00749131194780873 -0.148974173062187 0.302225717432787
0.0117932466612141 0.00602954966278188 0.00786375022614844 0.223013883019595
0.00919799577720621 -0.0522511927044075 0.0325529313247915 0.145446935791545
-0.0257063589275848 -0.0447455994240195 0.0115789974292296 0.0953915460505593
-0.0411382803782303 -0.0157909022349188 -0.00303863788928238 0.0379720443671426
-0.0504084851464751 0.00529804400239269 -0.0143618528331249 -0.0127291398808832
-0.0843679612797211 0.0127029456193815 -0.0430355384976232 -0.0283617343748057
-0.12537655853735 -0.0228823941192418 -0.137615095036084 -0.108572377717516
-0.0857531801462749 -0.174879717432198 -0.0613474816395443 -0.38511806071459
0.204188746841738 -0.145089130264198 0.318546516817929 -0.464536121900213
0.219184935363652 0.175878584760011 0.592799114393154 -0.149727970425584
-0.00948410232414242 0.314813399970031 0.190268341730423 0.0026063359783629
-0.0098545781020435 0.143427734862038 0.0385125743262881 0.0266164341294745
0.025487868015394 0.0341871219376356 -0.232169355133852 -0.00880389143101505
-0.0105724650370555 0.000152369535833328 -0.312176759270196 0.164935717330604
0.00576273710376344 0.0307719081318695 -0.159940009712339 0.29737275222373
0.0612148387188238 -0.0161513000012394 0.03323954167191 0.232803884470248
0.0350704113575355 -0.07302106234951 0.0583514072195649 0.129354148543757
-0.0120777755660698 -0.0618218775882857 0.00481505406045778 0.0688902338729885
-0.0367728070536479 -0.032068870417188 -0.0219022332759776 0.0285012217322735
-0.0419913792288705 0.00610627992145348 -0.0332689417254821 0.0100204128424572
-0.0915058179258529 0.00880829489626264 -0.0885789135889953 0.00664403039517227
-0.120437082909122 -0.0608208222363243 -0.211095947865659 -0.101987842212573
-0.0316094249005971 -0.21460575926054 -0.112134105698708 -0.446858553784183
0.270255784258031 -0.125502541924928 0.359134950109524 -0.541319386822629
0.259325927022034 0.210025974214574 0.661348162315777 -0.161873091748442
0.0489130623072212 0.306032054887178 0.186346346920052 -0.040877495932069
0.0132157110544402 0.108898069070128 0.0956872841162498 0.00346103143472556
0.0296561412839232 0.0419895696601295 -0.169746891307856 -0.0392965595244022
0.0261231072907613 0.0146891007148129 -0.30432176960369 0.136853126394607
0.0428918237892206 0.001725077616116 -0.154857204323937 0.307163040491867
0.0657270276081609 -0.0396495816702727 0.0669550130266963 0.237394777430313
0.0315643971535108 -0.069570692690495 0.0793176379635559 0.107006783700446
-0.00985447019840043 -0.0588474601273159 -0.00426428000300696 0.0418846661883396
-0.0321748274555914 -0.0419158122796366 -0.0418690981727089 0.0140452255130873
-0.0467445912084313 -0.0327800882136998 -0.0667520662657883 -0.00367661206184633
-0.0559030665477028 -0.0604282719392705 -0.14100126978656 -0.0279189963218179
-0.0166377756761924 -0.117004270947906 -0.234547190696252 -0.200390593655661
0.116717746809215 -0.148296531270218 0.00252536446410964 -0.549581339210157
0.252654376825176 0.049112061107772 0.542304098994753 -0.495748799310391
0.119273687584991 0.250192596443046 0.717285005807406 -0.0284998681793278
-0.013990678769981 0.225040228290597 0.256702820751935 -0.0990380299707966
-0.0260430100625472 -0.0337470882343067 -0.131115957197362 0.0993533321750564
-0.0250384424154928 -0.0609828401554553 -0.607525096232994 -0.068245850199653
-0.0696621492403045 -0.0679878406411863 -0.602130228862535 0.45776906128402
-0.107903347318124 0.014648628170285 -0.0293143093170616 0.599832194016996
-0.0541835463471046 0.0683320440494035 0.264650550997131 0.226131920352334
-0.00728908654647319 0.0666394555166836 0.171023547810028 0.0151854958211696
0.0198867958795899 0.0421512289488725 0.0683004076871988 0.00168253746473032
0.00644540105682855 0.0361244073934613 0.0533892769446441 -0.00720863829725413
0.00018658609605966 0.0333959634134984 0.00429175319784288 -0.0399691671799935
-0.0109206812073827 0.0532334302379463 -0.0756771906928891 -0.0928295143632666
-0.037946076320932 0.0515448614279302 -0.0995204119319333 -0.20645487635975
-0.0465539672348322 0.0369231400910237 0.0815942318734888 -0.318420162569832
-0.0571369599716268 0.00837536449564483 0.276311730659722 -0.196955221394564
-0.0661007169681767 -0.0304333417100336 0.244548088192359 -0.00130165037745292
-0.0491375803458145 -0.0690925013414441 -0.0544771500983739 0.0359170649391901
-0.0304936205504198 0.099486114559672 -0.142076526232437 0.127486270342993
0.081041978559619 0.0323203171125526 -0.599092827479159 -0.0898678830287056
0.0402173321265616 -0.110521610388956 -0.621329689349753 0.420187897653859
-0.119756726667319 -0.0851945023376213 -0.088368148676309 0.584828520373401
-0.117773375210882 0.0403271020296064 0.209401338222757 0.259346200812268
-0.057260618208287 0.073019427570299 0.150998873527459 0.0628079126082529
-0.0115019481170099 0.0567467902857006 0.0734656343668023 0.0407219399965614
-0.00448397240552592 0.0385710254787102 0.0628332433304442 0.0112785334811897
0.00621814764537641 0.0176338703741491 0.0140261591585668 -0.0319197097555218
0.0183504245260256 0.033253482880834 -0.062399056760278 -0.087784100199785
-0.00182069469070393 0.0721224900163871 -0.0951625623383276 -0.195868199060821
-0.0562030075233331 0.0942928935660189 0.0740554169340514 -0.313969120596988
-0.106770946864734 0.0253459273683852 0.263696684078058 -0.207501428109649
-0.0945062832493686 -0.0323749558843747 0.258226927559065 -0.00657778710904355
-0.0623217485261328 -0.0309121434558189 -0.0487371590374308 0.0505617308920268
-0.00951020650166731 0.188005705493242 -0.112516551562627 0.0786793222818567
0.167009534556073 0.0690458836149628 -0.598601546517576 -0.0645757411591035
0.105508005152262 -0.147199882135111 -0.557184861778664 0.419286455557743
-0.132984491353366 -0.13607899607759 -0.0749648988110881 0.509840933906659
-0.145074620913117 0.0258525355665748 0.146210864070806 0.227562098710366
-0.0812740367523503 0.0649973188563053 0.0974052139390773 0.0846177289738596
-0.0336397809131327 0.0546095873027126 0.0539851822520395 0.0698935136121102
-0.0123434744144089 0.0343043355527449 0.0535967311417488 0.0239631550059726
0.0083732876626682 0.00658936023742063 0.00781352758677136 -0.0302392576982993
0.0309464914725129 0.0248293551658811 -0.0504299657089685 -0.0849057147856742
0.00736594245192918 0.0925062185562229 -0.0869426953229339 -0.179337754551724
-0.0846307801533989 0.119156031700612 0.0530017722045846 -0.31086168740107
-0.128935770457968 0.00193365735022631 0.254746444294523 -0.246623041227634
-0.0722093829367519 -0.0325965114360996 0.317690325022894 -0.0427078758312487
-0.0475778893306369 0.0332487660702677 0.00762038830488839 0.0756550601940597
-0.00822605043298877 0.231211875527653 -0.118183082557873 0.0687370441091418
0.187104612090953 0.0644238792453691 -0.554516548154567 -0.0189403359709567
0.094006276142107 -0.164149825733453 -0.471853217751407 0.387967199230212
-0.135869943888974 -0.1208266653031 -0.0873610603716682 0.428463899394157
-0.124546458471731 0.0219749536031497 0.0745522749079196 0.219355293727668
-0.0717826317494999 0.0322392334066196 0.0541229096321534 0.124395781715168
-0.0450687754591451 0.0281355524976736 0.0414560181617129 0.0991172836037936
-0.0258699123192246 0.0228567978179965 0.0416322883960019 0.0339258234125272
-0.00417636390722381 0.00646676994618672 0.00816610918438829 -0.031815095047782
0.0100450241777693 0.0300069765098942 -0.0282536101893464 -0.0813729289545999
-0.0283430345402762 0.0935756330952562 -0.0695931664836767 -0.154242667288332
-0.128225281812824 0.0701930819629244 0.0279359053952528 -0.303574113263023
-0.0799778633045644 -0.0689004413079015 0.247075306880458 -0.29809412798035
0.0185019711832222 0.00158231455130326 0.392380272424007 -0.093000709810515
-0.0308338184665909 0.139692137825229 0.0691226127723875 0.0712719855357795
0.0376763307291872 0.189328377252372 -0.0821869208402823 0.0238302331619204
0.145003980682598 -0.0111262978852202 -0.457300357184447 0.0225336588153403
0.00402701708638528 -0.154584511304308 -0.365024793960713 0.311161400209515
-0.136662195281214 -0.0338162890152101 -0.100822032945852 0.331008963585743
-0.064201157298084 0.0430428509532825 0.0242136332843495 0.19968358190962
-0.0307835655238726 0.00478267139370494 0.0298841850263569 0.134768790833255
-0.027211267249066 0.000145098126695467 0.0260100934668194 0.101182800290902
-0.0185962938115906 0.00975367927759906 0.0187890254204611 0.0375913818091372
-0.0121718515528241 0.0132902299409841 -0.00385415438215369 -0.0230322606524997
-0.0276086889651582 0.047539498851102 -0.0250896826974808 -0.0584501643656737
-0.0881321145128733 0.0806643531731801 -0.0854285342930648 -0.116951994804198
-0.171866766046439 -0.0204516784621426 -0.0290333176409126 -0.308949688683889
0.00441679143511071 -0.169104792450202 0.237766563335158 -0.374565222556902
0.152361331597729 0.019658690839565 0.473069572442792 -0.149455572207078
0.0430064856536701 0.222192077762792 0.125895024468974 0.0633035730602444
-0.00437689343379192 0.183518223672762 -0.024776498088473 0.0328251803143604
0.0736021477140453 0.0220823906305842 -0.338178847497587 0.0144496148576076
-0.0087164418835841 -0.0620364846213887 -0.332260173835279 0.226803916217885
-0.0577067765597283 0.0100912757223216 -0.145831962465558 0.302020469467791
0.00896457233115868 0.00804359995224726 0.0105413066808881 0.225251793432281
0.00404307699652963 -0.0490941799295894 0.0385356259524221 0.148320458079352
-0.0271930980923712 -0.0395799488690012 0.0169806522004648 0.0969058507095091
-0.039175384077498 -0.00962713151219696 0.000244636816767996 0.0380077062024665
-0.0487361431733597 0.0109110865552247 -0.0152247142446335 -0.0134129325397244
-0.0841032024689296 0.0213994092410736 -0.0425425054480067 -0.0309119603604584
-0.129007280426122 -0.0134505333977325 -0.134420379922956 -0.104762015356473
-0.100400300787044 -0.168773899720487 -0.0705924121588455 -0.376968631981755
0.192669339030217 -0.161009652569829 0.304726311239192 -0.466158490163753
0.230882305842827 0.160907322997854 0.582233883493627 -0.163096186606051
0.0117684537615145 0.313289926699696 0.185159002091873 0.00194952754389359
0.00302087418004073 0.14374247452521 0.0389200248293731 0.0159857996958989
0.0311855083237963 0.0288355973664979 -0.234971754317125 -0.0119092470982626
-0.0118552766416505 -0.00513476838673146 -0.311488978593645 0.168095142454342
0.00357371575316688 0.030757903100121 -0.157243053405811 0.298950362394804
0.0567993984123097 -0.0171932317533682 0.0364709284396247 0.234051133925019
0.0282554061540072 -0.0718821403181986 0.0636528533975148 0.131656320318017
-0.0146144725811861 -0.0578642512248625 0.00949222468831127 0.0726270667477584
-0.0367114658774598 -0.0262574579145002 -0.0151259102113089 0.0314436104087875
-0.0409041829811356 0.0106239320547643 -0.0321633135298431 0.010896147898502
-0.0910967542633954 0.0165003841474791 -0.0841337457466261 0.00762855885685993
-0.125264833970873 -0.0525885013378838 -0.206849110476862 -0.0933469928393598
-0.0453543643024995 -0.210712648184603 -0.121940154444076 -0.434259043869502
0.260572786932553 -0.141506076533035 0.339001870042164 -0.5431979263865
0.269506704488736 0.194531659942344 0.651274915816386 -0.179006763771475
0.0651431104390863 0.30152563292293 0.17933476489079 -0.0402185112541742
0.0211744844118323 0.107262686810753 0.0911441637614341 -0.00965402466586258
0.0339379050773058 0.039062080305838 -0.176671164435978 -0.0437776205661913
0.0250787807126727 0.0103182854003283 -0.306114951516825 0.141732256557079
0.0406442543785838 0.00075363192254843 -0.151416370150568 0.311846048531193
0.0616854674468381 -0.042026362884302 0.0698911431789787 0.238247601505605
0.0265793542873278 -0.0702182216707008 0.0838906195561007 0.107960555404784
-0.0121690135799222 -0.055801263328523 -0.00113191027497891 0.0480986217938231
-0.0326901260069662 -0.0364627480567647 -0.038143981687632 0.0187931881733835
-0.0476955740791728 -0.0271744722088838 -0.0650327766392594 0.00044638826664867
-0.0595899019875895 -0.0543590501421536 -0.137399299816007 -0.0208442232376334
-0.0261829488175259 -0.112903735680725 -0.235298813097159 -0.186709110800761
0.104994830790012 -0.152204869445269 -0.0173136094789699 -0.54170052094486
0.25155978110388 0.0324577567218153 0.519868449179806 -0.507647947541948
0.131041504370156 0.241246467400363 0.709703516479614 -0.0469641309310409
-0.00145481119907533 0.222780562206291 0.242849927153021 -0.101460344113711
-0.0269036862147165 -0.0326586687354716 -0.119400724534473 0.0970094085602032
-0.0281906229877703 -0.0575888814688984 -0.603165210469364 -0.0622091892868453
-0.0716818921953574 -0.065991530119993 -0.586105678144677 0.465118820394382
-0.105518061732506 0.0179283612313142 -0.0172427116809445 0.591252326064893
-0.0492035846777135 0.0690657703660334 0.263428898720622 0.2182734302999
-0.0048226940053049 0.0651925091091064 0.16700734533968 0.0106704190274986
0.0205865194121033 0.0396722838565042 0.0664773519595062 -0.000627102717978688
0.00727558706521812 0.0351673193135644 0.0508861712416243 -0.0117314527422904
-0.000223416476296583 0.0328128289392068 5.82631335933804E-06 -0.0453454536005255
-0.00966423158510951 0.050924396255239 -0.0777515353980555 -0.0951956414617007
-0.0348431288385198 0.0517714947385088 -0.0995974935461404 -0.205756798461395
-0.0442124540970829 0.0389687734362801 0.0796966472039803 -0.319208896075461
-0.0576266857324116 0.0111447345560821 0.279133125204119 -0.197388963147658
-0.0686510882217 -0.0281063544878092 0.248564723592986 0.0031051329987217
-0.0517393587570995 -0.0668795467937857 -0.0483025375932562 0.0464194571342895
-0.0243851356031675 0.100112994662125 -0.12819565924282 0.123893841246861
0.0826659706385239 0.029998028789396 -0.595921851411018 -0.0845402922737432
0.0356718250324154 -0.113264811878161 -0.607043127535026 0.427611197179162
-0.122990440033756 -0.0802873641964364 -0.0747302767062046 0.575439144456131
-0.114065440975879 0.0445987960080235 0.211550003095504 0.251290752635682
-0.0540227886726888 0.0748750017252729 0.149375775898789 0.0585627182819695
-0.00948937509678244 0.0562764370073359 0.073256201326517 0.0367675419291512
-0.0022897683392473 0.0393834166698655 0.0609680113631213 0.00604967140918224
0.00645372007510716 0.0174534891808841 0.00928552925084636 -0.0370442736017368
0.0184692471580905 0.0314748669531783 -0.065562596762074 -0.0904622185730141
0.000417917597688374 0.0717947832022071 -0.095033950442864 -0.197287360533436
-0.052306573314647 0.096095458573486 0.0722256344703466 -0.314802002764614
-0.106412159020696 0.0266293145287744 0.265976906591691 -0.207379706861557
-0.0940423844169778 -0.0305831410405817 0.262645430914533 -0.00384244156966529
-0.0607738880288692 -0.0283404039877117 -0.041684444988499 0.0612094155675912
0.00434052854779485 0.185152947973639 -0.102589303747397 0.0748053442857739
0.172568504808861 0.0571384227439211 -0.593126008437076 -0.060292986210438
0.0992357870369762 -0.15517657687359 -0.543213178116249 0.425357412534527
-0.139862439621179 -0.131076910349486 -0.0637738981916146 0.502482372065365
-0.142953328218843 0.0326882505103695 0.145899710051721 0.222380422440551
-0.0784581751507316 0.0690565765857873 0.0968489483043704 0.0836548037992915
-0.0306313163665867 0.0563928927629536 0.0558592914291952 0.0664776401288865
-0.00932805450870145 0.0359309619894 0.0524567327779645 0.0197979142403248
0.00760666406406139 0.00700876693612345 0.00459749322009452 -0.0338548675778406
0.0296073501543692 0.0237688198227898 -0.0533544556341348 -0.0894966690343301
0.00951214612498227 0.0906547076743575 -0.0854707103671181 -0.180138458862649
-0.0821447737544306 0.122391175874399 0.0512935130825569 -0.311759552403617
-0.129937890665914 0.00260086228072111 0.255247095571567 -0.24591658541547
-0.0698926357057312 -0.0326755277568624 0.319450491819035 -0.0405606946389756
-0.040867709374624 0.0348649304279914 0.0138082791325362 0.0831659744220462
0.00638272152827866 0.229476359647606 -0.10607175008065 0.0655992170162161
0.192186593219854 0.054824685615453 -0.548766936989477 -0.0152395598080575
0.0864307649343096 -0.172381881596002 -0.459317779064093 0.389702645020728
-0.143571760605015 -0.115482113939134 -0.0800051227443455 0.420421717570807
-0.123548499601512 0.0297200374466006 0.0750785273811993 0.217027126979216
-0.071018408535908 0.0379094170809882 0.055919865829152 0.124420149401061
-0.042460585064056 0.031356771860412 0.0452827099923302 0.0968911121692475
-0.0221498428108514 0.0259841624917798 0.041583844958116 0.0308597626971879
-0.00290061779837775 0.00802799779373532 0.00410788773153617 -0.0347553649553928
0.00941577015105161 0.0319172197203996 -0.0309114785586383 -0.0863979843865828
-0.0261669714328528 0.0961103589552844 -0.0681760050229683 -0.156323394585542
-0.128661726421262 0.0754627378321433 0.0261950991755298 -0.30283131373068
-0.0844273665927326 -0.0712369366416123 0.245824955907147 -0.297394831769353
0.0230575106156609 -0.00338830376642996 0.390274012012017 -0.0936598149182303
-0.0171839089372786 0.139806301859628 0.0725243782718167 0.0765141624187217
0.0498813210128931 0.187875403729418 -0.0745720680581519 0.0191164705171653
0.148536125462092 -0.0191438880150054 -0.452549427205228 0.0231770250048441
-0.003201323752009 -0.15964327350727 -0.358132500184428 0.307911779036528
-0.140708207082343 -0.0284627817646984 -0.0997712864474242 0.324590819449759
-0.0637237084596154 0.0478558397578884 0.0233837900095768 0.201283560462694
-0.0321261715853653 0.00944318261003287 0.0336468974978937 0.136836727916694
-0.0262802493480736 0.00338485109109376 0.0297826983611874 0.100375581293702
-0.0161639024177607 0.0124811952758118 0.0193759355341937 0.0361436460433951
-0.011193071787975 0.0159294326216249 -0.00630457296575434 -0.0251537984046687
-0.0262594829570318 0.0514042983352888 -0.0263248084979904 -0.0627987912727889
-0.0858593846837358 0.0861699291134577 -0.0812644415685932 -0.117726238954719
-0.175360709453883 -0.0121106117054931 -0.0308090949936588 -0.304667726177868
-0.00427563951203533 -0.173376039196778 0.233600975388607 -0.372030931367154
0.156383498376206 0.0111550531499044 0.46596330848391 -0.152216002919487
0.0561601257634714 0.218862863856373 0.126002650423552 0.0658313181401333
0.00933165009042728 0.182200926690254 -0.0221967336717112 0.025177432036496
0.0796002617657961 0.0145425335875042 -0.336811580822105 0.0121811770584961
-0.012830701806393 -0.0679965813966742 -0.330054301210468 0.225415187421206
-0.0620955967139289 0.013169461787151 -0.146597512263999 0.300757935426719
0.00613446245856069 0.0110199915964864 0.0108514323085648 0.22673483114053
-0.000428897197793801 -0.0453650541066946 0.0427599239307533 0.150100490885038
-0.0272626119064538 -0.0351828793089348 0.0213663872504626 0.0977093973804831
-0.0364093513677154 -0.00466983158025874 0.00291610678800172 0.0384159481733862
-0.0455752460136705 0.0160646719758061 -0.0166441632763437 -0.0141512736372721
-0.0836249852480833 0.0289394560702704 -0.0405330469628437 -0.0348977343546678
-0.1304340440481 -0.00448536164515748 -0.130722467801704 -0.103607585444085
-0.11165713964939 -0.16193712373594 -0.0750444910425777 -0.368849099277145
0.182049984746104 -0.173329843798212 0.293725842850697 -0.464482527756107
0.23879426969294 0.147533763790111 0.574644468312395 -0.171272829703658
0.0292052059569725 0.31042548495995 0.181021814723281 0.00408442315731425
0.0145462653398911 0.142322847078306 0.0377724055556722 0.0069194318655441
0.0360877586849341 0.0240519158714773 -0.237168042754209 -0.0173263717230917
-0.0139084182006856 -0.00921307470901596 -0.312501109648996 0.167415752202757
0.000234500815951041 0.031400428575757 -0.158154880374991 0.300541495557405
0.0536189268178782 -0.0176049278729911 0.0376899076626013 0.236102678182109
0.023536758701508 -0.0697047964424005 0.0682282970615241 0.132260420724007
-0.0159147504557644 -0.0543264956895975 0.0142799795836328 0.0757229484572827
-0.0355580913061963 -0.0211221338417801 -0.0111846120623123 0.0339816711569912
-0.0392285495629488 0.0148731526123237 -0.0304963959078473 0.0108593610998086
-0.0905110749857428 0.0235967135876608 -0.0805680185938049 0.00647696141634542
-0.127541339667594 -0.045310958788735 -0.200572643186477 -0.0873879305244034
-0.0564382826700473 -0.205693137344929 -0.12834295014355 -0.422324470548563
0.249792443527052 -0.152211552666892 0.324845196517696 -0.539893580265764
0.275408978234682 0.181993217361442 0.639629252551289 -0.186495909550057
0.0763634116256951 0.296147190076413 0.173562244037144 -0.0383465625961199
0.0276536252508364 0.10649643388433 0.0864140707782923 -0.0205937895177507
0.0366705953322737 0.0348147773608003 -0.181439227036041 -0.0485803109685118
0.0235596574452557 0.00711795103415954 -0.308390929179302 0.142679061147447
0.0386889487464099 -0.000825599637649041 -0.15195589352305 0.31181003902018
0.0574570783792773 -0.0433045447600715 0.072991061834969 0.238726810645305
0.0229233789196731 -0.0692800417892345 0.0876590458692783 0.110159588557141
-0.0139794217814065 -0.0530637638549132 0.00343120280181589 0.0538596923124086
-0.0320503888417481 -0.0326457536030984 -0.0335153529884665 0.0228414307646845
-0.0476979857099445 -0.0213376071626667 -0.0632844521045508 0.0027530689469631
-0.063025515776671 -0.0482148224345696 -0.133475845819917 -0.0180300778736288
-0.0315739111371579 -0.109057188320269 -0.235808439739808 -0.178141334625978
0.0944908722397753 -0.15422498791815 -0.0308323236382367 -0.529930404624359
0.248133073056517 0.0201189496913677 0.501405475661302 -0.510672710363688
0.1393663122377 0.232588559404532 0.702597344048337 -0.0604353495812683
0.00797767945992273 0.219956348184888 0.232118833514503 -0.0998034700055399
-0.0274654084423585 -0.0319012907333739 -0.110043215149536 0.0923831408805557
-0.0296903739460844 -0.0547680019726515 -0.603041125897876 -0.0660125898993653
-0.0724086130291772 -0.0643349961817272 -0.580705667774252 0.467636186990995
-0.103514129940462 0.0198452625533747 -0.0116369702605923 0.587357408531751
-0.046707806726712 0.0694117882963977 0.263006468279933 0.215222793107063
-0.00225291852942895 0.0646839511855749 0.165050083713476 0.00882404700813077
0.0197048214554539 0.036963610728508 0.0648399464148924 -0.00217036165119261
0.0072042356971857 0.0340948173777873 0.0484245486359082 -0.0151407846012633
-0.000641723048586311 0.0329502919362164 -0.004379704683666 -0.0488388455667103
-0.00828837966934656 0.0502188044640381 -0.080320315931204 -0.0982354269125034
-0.0330647128386426 0.0520982612842389 -0.0979240914957287 -0.20920098798531
-0.0424565811047698 0.0402526377635177 0.0829648855365252 -0.320545228705325
-0.058089565872954 0.0133927274973319 0.285512710574146 -0.19463396167854
-0.0714025745821253 -0.0265187595867483 0.254480916727851 0.00825627363671574
-0.0540891998842292 -0.0656587111738426 -0.0426261740945041 0.0545599141403682
-0.0197864186206193 0.100966948671737 -0.117057386135761 0.119601308400315
0.084803682411533 0.0276294373474607 -0.5962842864789 -0.0870893415527296
0.0334854528338349 -0.117455361591291 -0.603049379184048 0.431572825479496
-0.125395520385692 -0.0783740214256457 -0.068281328670076 0.572459587204733
-0.112060932492565 0.0481931368347696 0.211087153941398 0.247705292580483
-0.0517140479583252 0.076944014587286 0.148528778680929 0.0561775992016108
-0.00807447907071417 0.0560667624084005 0.0731370912771944 0.0342563832748101
-0.00147512309615067 0.0382770701921498 0.0585241263811402 0.0019016865252472
0.00546365507359424 0.0175007861515826 0.00516002270018577 -0.0411521186348696
0.0185490363746173 0.0309210530077245 -0.0686327257910344 -0.0946464656863733
0.00212619870016885 0.0713493963151642 -0.0940877513106625 -0.199469102312281
-0.0508353591177369 0.0971196589616724 0.0734886299439587 -0.31841577803202
-0.106578245488602 0.0268228044525931 0.272693662240672 -0.206212628785621
-0.0939582069208579 -0.0302263061187778 0.269939156482989 0.00297369150266362
-0.0587343634624492 -0.0264289669456639 -0.0350471156552474 0.0698098412410848
0.0138525540829045 0.185310771402682 -0.0976424228434333 0.0725457099537633
0.177537962278875 0.0511647419608867 -0.593337054800666 -0.0615657647822349
0.094351089633116 -0.161359894020466 -0.539233130536499 0.426412039121489
-0.145656992700162 -0.128465720341945 -0.0622253091596231 0.498964846800164
-0.142316295083736 0.0369655198292371 0.145060343191407 0.220708451585439
-0.0764130639562661 0.0733642101645488 0.0973893091831601 0.0836738045843343
-0.0292909759372027 0.0577602624481943 0.0571700250327431 0.0657706262283812
-0.00740667179833447 0.03649415278884 0.0514616418215667 0.0160307925683628
0.00768925596068947 0.00776395769532527 0.000901598276656031 -0.0381024309913511
0.0298854952280514 0.0239895526691519 -0.0563655352985404 -0.0933684336893341
0.0115224880389069 0.0920917778857819 -0.0841475359300371 -0.18432353635026
-0.0802869883434076 0.125330644468134 0.0538828574801977 -0.313677210715542
-0.133111528700609 0.00184314053820098 0.262622755280821 -0.245446341777771
-0.0670410493985439 -0.0350717820832043 0.325155517009309 -0.0362841835586643
-0.034797947117518 0.0363314507420896 0.01892428970446 0.090227465779151
0.0178688695529951 0.229659642938435 -0.0981044432099059 0.059915287287617
0.19969832387638 0.0469275566121803 -0.549265524307898 -0.0173911903056978
0.0799798236599815 -0.180709219479298 -0.457486521337673 0.389039173725578
-0.15083577644889 -0.112713330018485 -0.0791936772630013 0.417304224750323
-0.123977171648591 0.0345572546130776 0.0728997250194529 0.216351789568675
-0.0705856602904988 0.0427208250066987 0.0580814747021259 0.125633219423674
-0.0406740298887153 0.0348416539737133 0.0476980329428483 0.0957765733912065
-0.0193792133647131 0.02734312770303 0.0414081657911097 0.0280887680870918
-0.00237685936892802 0.00953636321326261 0.00119215761216946 -0.0383515580694959
0.00963919337824886 0.0330763653926523 -0.0336177867798991 -0.0916264051012645
-0.0249554024296958 0.0982670510962977 -0.0661921464709034 -0.160912570619943
-0.130228918095866 0.0805646195985704 0.0285144475711326 -0.303595238111306
-0.0894541339154367 -0.0749143204520702 0.250935446011044 -0.297104012736272
0.0278679430988241 -0.00938050002886725 0.39346994712697 -0.0908525456335624
-0.00758076154017742 0.140520267341713 0.0765482129460967 0.0832628222759687
0.0599833951963531 0.187445237096473 -0.0701822463120558 0.0140199870654293
0.153298433568855 -0.0254226513655653 -0.453447823865829 0.0188639859854696
-0.00810326350477676 -0.164663517344282 -0.358735562177608 0.304743763674463
-0.14501989532658 -0.0252593984508578 -0.103836928644891 0.322618875417296
-0.0637278224882903 0.0509796336518368 0.0206689386153357 0.203912854503675
-0.0331996593887436 0.0132581848354929 0.035537215096478 0.139802932364123
-0.0254027503563521 0.00638222558585875 0.0331052758479012 0.0998862047959394
-0.0137440650781606 0.0151987387018284 0.0202249438964264 0.0349034871117408
-0.010218586687245 0.0177129228683403 -0.00817642686251867 -0.0271931108696974
-0.0259711404196272 0.0549458511654884 -0.0274032213038368 -0.0679599766751937
-0.0853493974160096 0.0902638458258768 -0.0778951707352774 -0.122003366146441
-0.179083274056779 -0.00586679996968715 -0.0278190093850534 -0.303480670519756
-0.0129938547543243 -0.177607553517803 0.23599135537281 -0.368609402279648
0.159845491244302 0.00364060917035967 0.466388346697193 -0.151806853414082
0.0671511574827056 0.217278097316426 0.127311632506981 0.0701805168551056
0.0217038991115607 0.182127484009507 -0.0197230863642177 0.0175793864328047
0.0851772961369449 0.00864289691634377 -0.338210627981769 0.00615592212354213
-0.0167058153849809 -0.0733190343047569 -0.333097636537661 0.222696441442704
-0.065791094765688 0.0156738570113189 -0.150615709420212 0.300419035082326
0.00462906918412331 0.0134056979557167 0.0095833113378135 0.229540871231106
-0.00304681938062991 -0.0423056905033797 0.046373656111013 0.152760901051926
-0.0275324406066363 -0.0313879152120521 0.0252165600522953 0.0988902656704812
-0.0341613662372761 -0.00143852899373476 0.00414970593718984 0.0378138300105427
-0.0439173995219608 0.0200461829661318 -0.0167642098361727 -0.015149181092133
-0.0829737424664036 0.0353181094764772 -0.0407723571936395 -0.0382206093182944
-0.133296056335305 0.00271542353360878 -0.126220163035295 -0.104504606161787
-0.121542290863911 -0.156327487086707 -0.0759505970109242 -0.364082628784227
0.173195622689494 -0.183690174290716 0.291392797035051 -0.462386273072486
0.247263763122834 0.138226894732393 0.571664131618633 -0.172837136623378
0.0417474711782514 0.308897361003995 0.178785237180198 0.00890531096878125
0.0236740559772159 0.141798751405274 0.0356190668344852 -0.00127052976516335
0.0397902414225917 0.0196362655354501 -0.241464858220333 -0.0233310632351484
-0.0164088914718465 -0.0127771872734284 -0.318598413609615 0.164800462226097
-0.00182240182283194 0.0322893543747089 -0.162727694748463 0.302623644093405
0.0505824485391287 -0.0167784303383722 0.0379392465603416 0.239412149995208
0.0200291426090433 -0.0679750786194342 0.0716335982989498 0.134905443849227
-0.0169504451914217 -0.0512638309161725 0.01739190630307 0.0787701856617009
-0.0338631255453541 -0.017950368391614 -0.00801562111488549 0.0346962409078432
-0.037937148391171 0.0181268366062985 -0.03034563350332 0.0109029694037732
-0.0893684192157878 0.0292438872364288 -0.0777930950052839 0.00449508859710397
-0.130939212760363 -0.0395833029852854 -0.195453031317739 -0.0862151067048804
-0.0655480523088805 -0.203060254493429 -0.128802564312723 -0.415821419143283
0.242643416431303 -0.160759156896845 0.321410005118993 -0.537897960895837
0.280242489856836 0.174498316747239 0.636188263218584 -0.188683622152657
0.0858412979560304 0.294055258909487 0.170402863564531 -0.0335220567762079
0.0331176976647862 0.105331871293829 0.080911084914328 -0.0292292850860363
0.0392103797678298 0.032674862860114 -0.188697372718859 -0.0552338323730302
0.0223668342708315 0.00396996259265793 -0.315578531693559 0.141846795033539
0.0365184390756412 -0.000743297382770544 -0.155055119694773 0.316115635741077
0.0548007200453101 -0.0436662436024068 0.0737669513121325 0.241891845279497
0.0201139161874434 -0.0687585090040781 0.0911986477825023 0.111523270579289
-0.0140441166006242 -0.0510426585330129 0.00801655092479309 0.0581385779166013
-0.0317582411100887 -0.0293597990836936 -0.0305791947857855 0.0249152370445561
-0.0478583949447353 -0.0183898556775504 -0.0627150231663239 0.00549230447693138
-0.0648119742188216 -0.0434696692090593 -0.131185119894148 -0.0158683553089617
-0.0373655600491231 -0.105805620424167 -0.233880239384185 -0.171573447591809
0.0867775136543509 -0.155458284553357 -0.0372803987671673 -0.524390175127004
0.245028738782464 0.0118009419099542 0.495580404615587 -0.512071108749268
0.146020104708127 0.228284465435361 0.700913781832931 -0.0626447524179566
0.0133742831974789 0.217831747164405 0.224320748015555 -0.0962438496989725
-0.0277560483167699 -0.0327373339628388 -0.103261981773113 0.0894481200533229
-0.0316939596063273 -0.0533045776606443 -0.614562421644854 -0.0707973627075099
-0.0746576547318063 -0.064629937981493 -0.587726407163639 0.477948161116871
-0.103521781765127 0.0218768713538338 -0.00910650383002889 0.594315624754514
-0.0449491467950778 0.070743498970571 0.266691834377164 0.215310183515111
-0.000617865038021265 0.0649555851172707 0.165627333201858 0.00714212822437047
0.0194139978624417 0.0356847070485086 0.0638425927128033 -0.00280449985007737
0.00746854353916591 0.0335218685821933 0.0468314209064242 -0.0182227865876344
-0.000730401885682628 0.033187459865084 -0.0086355028022882 -0.0530745144082623
-0.00843137182898266 0.0504817277849496 -0.0836394399548712 -0.102812239861112
-0.0311631323535189 0.0531599847850633 -0.0987882382355909 -0.21552537958619
-0.0410464355151069 0.0417446573896938 0.0875416874880459 -0.32836127584646
-0.060233902441966 0.0155627671383686 0.297575124947819 -0.197045018003839
-0.0753391662312775 -0.0243944064138703 0.266769068770095 0.0143804059300491
-0.0564818229797246 -0.0651886667747096 -0.0383968076110229 0.0637890430881582
-0.0150833018656738 0.102089117799728 -0.109924191606136 0.115007617032568
0.0876523377560405 0.0276664198483226 -0.609274921500272 -0.0931779449577499
0.0311623591696373 -0.121513975973782 -0.609730099146954 0.442031331759867
-0.130084634119144 -0.0783151520777444 -0.0655523351987759 0.578627377451881
-0.112458287953272 0.0511374690459711 0.214628473446632 0.248551421339428
-0.0505815062826244 0.0799695695405623 0.150828938825775 0.0554202893992587
-0.00743548419226272 0.0565322702786117 0.0735014155406833 0.0327694766954403
-0.000238306189911008 0.0390389464647965 0.0571347641878559 -0.00142406455780961
0.00582657900637978 0.0175899299977192 0.0010383784859924 -0.0456980364683657
0.0179457625220857 0.0300358364995842 -0.0728462403854501 -0.0998165599888725
0.00359085892900488 0.0722469438564014 -0.0953144538554239 -0.207576902394916
-0.0493436404884167 0.10105199016212 0.0785044012616061 -0.326099273157934
-0.110873326532527 0.0280558377355335 0.286251672826796 -0.209657564023469
-0.0968196961376035 -0.0304288874253631 0.283186489368836 0.00852210109989087
-0.0576568388075115 -0.0256326342882457 -0.0294203797890291 0.0803364084437772
0.0171813834616654 0.189987008790776 -0.0959379923298727 0.0716048803690675
0.18447393013565 0.0472057304439671 -0.605876193307608 -0.0666775401200862
0.0916883679272779 -0.170916772520513 -0.545046860536989 0.434598724125132
-0.153988941230068 -0.12761596708469 -0.062450504687382 0.503053782680419
-0.144251834225122 0.0426942618875353 0.146451706001879 0.22277870818304
-0.0765420599930795 0.0776138166245541 0.0996262904228563 0.0852395817630438
-0.0274721029437853 0.0599647978625762 0.0593395800079617 0.065536256208068
-0.00506321800509185 0.0374904776298394 0.050833105162175 0.013904229125819
0.00744916202865889 0.00805004821357154 -0.00220120195204385 -0.0418955931718716
0.0296965248370261 0.0243570792442747 -0.0599413252871193 -0.099447372839408
0.0130745882439528 0.0935986717993996 -0.0846848541201291 -0.191561663294346
-0.0797479527647239 0.12933900838104 0.0576016775741323 -0.322068854639161
-0.138579525024319 0.000939082658888521 0.274486633544376 -0.249334018812327
-0.0673130493939014 -0.0376608501095192 0.337851518305647 -0.0316135101869516
-0.0296930798333968 0.0375566880005877 0.0242058282118964 0.0986986582637607
0.0293128268807449 0.233094222546524 -0.0928076527505272 0.0538989560006777
0.208423833612417 0.0406423095407786 -0.560479581509836 -0.0198077691750374
0.0765792962104762 -0.191676802329314 -0.460890297429423 0.394216177623132
-0.160242088495104 -0.110827691580006 -0.0814407408774602 0.420928331209712
-0.126042020399571 0.0404422889245216 0.0723705366508132 0.220565040184462
-0.0716933085946017 0.0482155942365095 0.0607427065859227 0.1295468026619
-0.0396439543765051 0.0379603029480012 0.0513528581336621 0.0964238115956443
-0.0167495317560146 0.0298107970992303 0.0422480424247044 0.0256969642905879
-0.00148105470746456 0.0108813225051568 -0.00190387112576615 -0.04218717464288
0.00985482922997329 0.0361920437198647 -0.0372539947393174 -0.0979873795331789
-0.0239344145195089 0.102539908670808 -0.0660796104723111 -0.168737363138889
-0.134248886747238 0.0867884474506638 0.0314990352021569 -0.310925206555718
-0.0977358490970023 -0.0789788538811507 0.26070783062392 -0.300470876252209
0.0316197344718687 -0.0146092541976403 0.403598809725233 -0.0889267232673454
0.00284461725673846 0.14192971008573 0.0808525328221355 0.0902476702925333
0.0705391027149354 0.189926112547286 -0.0678678228250334 0.00840939760685233
0.160080442302918 -0.032858078423898 -0.461724590929381 0.0158292930871586
-0.0130097111129522 -0.172872171615406 -0.365597325958433 0.304897331153109
-0.151734877796749 -0.0219152779781187 -0.110259881134556 0.325293576486106
-0.0646724791132806 0.0559500988168452 0.0181771451344619 0.20949559198666
-0.0345827991669154 0.0173243857756043 0.0384775650817289 0.144457676060593
-0.024969059181728 0.0093497285555774 0.0367567249970008 0.101989415701723
-0.0110155893784906 0.0161689047247384 0.0216791687895755 0.0343613194607783
-0.00922892621761659 0.0200798150103766 -0.010647080223494 -0.0299595952261438
-0.0260011781927606 0.0595640623461538 -0.0294314239607454 -0.0742708593485469
-0.0862267759274839 0.0957201133877233 -0.0763578951054708 -0.129016548195919
-0.185420402234829 -0.000331934278593533 -0.0258644264827494 -0.307877097854964
-0.0207791111674576 -0.185280664126801 0.243303470544142 -0.372795715960644
0.166934182409999 -0.00259404031760275 0.476132402773656 -0.15192303307467
0.0778319407516748 0.220168918836067 0.130981201921978 0.0756540080691377
0.0328453260575176 0.18431961762943 -0.0184271951589415 0.01056589657255
0.092056407602552 0.00192472838867616 -0.347101740119327 0.00088385790513072
-0.0212685054737118 -0.0799126983070057 -0.341591220115176 0.222085265046155
-0.0706031290208981 0.0185198826940292 -0.159182101180426 0.304931194167736
0.00289991153182829 0.0165599626932872 0.00777167024601109 0.237380843936741
-0.00578753403448989 -0.0396714864671784 0.0501588678463038 0.157788348621234
-0.0277814234902105 -0.0285662801354512 0.02964637628248 0.101653041230176
-0.0320024762115275 0.00174203013826392 0.00636491355319258 0.0376160174445479
-0.0425382637849908 0.0237360940293015 -0.0179606351119506 -0.0166519529496926
-0.0836403705846967 0.0427324939797629 -0.0414123618388485 -0.0427274183825749
-0.137174928469203 0.00909011764106698 -0.125338453529561 -0.108645390963268
-0.132795994987246 -0.15419795169501 -0.0751546224552762 -0.36820079111656
0.168664231130991 -0.196110173688757 0.296548169044133 -0.468680991391381
0.25732483236311 0.132678012287998 0.581526793774907 -0.175908251843951
0.0534742702886059 0.312750949039821 0.179829843182733 0.0134055893576928
0.0324962323432502 0.142798882034855 0.034691580221863 -0.00909013142173099
0.0451852359872971 0.0155724339843976 -0.250553699776245 -0.031033580073444
-0.0195386931256005 -0.0169851053289975 -0.330249430480581 0.164868399381697
-0.00426316728133351 0.0338302847449137 -0.171884263204199 0.308681323670638
0.0491597218768164 -0.0163440373311191 0.0374817584613966 0.247400068806387
0.0170155838998156 -0.0675269987449407 0.0758767614227271 0.140042012940888
-0.0176384548000863 -0.049503466613127 0.0215277273931427 0.0828818443490763
-0.0324890309694758 -0.0146347072463594 -0.00590993009197938 0.0361613835213498
-0.0371912049250652 0.0219198402623748 -0.0296164369875852 0.0107890872108237
-0.0904532100162443 0.035839810269927 -0.0768927334786749 0.00241905274682578
-0.135274727870494 -0.035150313063092 -0.193875188381627 -0.087255423393241
-0.0744620540256984 -0.202725280098394 -0.131079714719049 -0.418390675033779
0.240167947473888 -0.170980868270163 0.324785503863264 -0.544258450649775
0.289823203594702 0.170038592082635 0.647381543352937 -0.191530994944213
0.0938204706007761 0.296816116884588 0.170306430385753 -0.028313306792032
0.0406049938899532 0.105818494986412 0.077147366361407 -0.0385145512584977
0.0423895516971872 0.0302894321280766 -0.199617477036885 -0.0611395111289529
0.0210690094391103 0.00108648618010444 -0.329285361661494 0.143464116354155
0.0352206211048927 -0.00053572303636696 -0.164115238739739 0.325438656961071
0.0525402060758203 -0.0456134816053295 0.0739836297320527 0.248625622804942
0.0178514926215837 -0.0679283741696968 0.0962274927443962 0.116139789949124
-0.0144084049212888 -0.0504107451948113 0.0132048405775088 0.0624687028625627
-0.0317004310050357 -0.0267050589332712 -0.028262356863928 0.0273789396787081
-0.0475067454321267 -0.0143023695634242 -0.0631408067767021 0.00782840184447672
-0.0678724694510159 -0.0389385392287735 -0.131350165491961 -0.0162244145171578
-0.0419570356881083 -0.104225069831153 -0.235067591436605 -0.172243243720351
0.0811022247659972 -0.159697561038068 -0.0427412236011536 -0.528264643456628
0.246373484606862 0.00413354392433859 0.498695289119923 -0.521608293200261
0.15362401436719 0.228059097252709 0.715557277821804 -0.0660803079917423
0.0190537808973159 0.220602483827522 0.222764415882055 -0.0928882377721944
-0.0427761743302336 -0.0104007645209006 -0.0270319406114276 0.129448767517639
-0.0576659688057749 -0.0196189729173635 -0.551985909147778 0.323496859218845
-0.100449839244377 -0.00138283743422232 -0.195915536273621 0.758670110246704
-0.0656634463402355 0.079634850061451 0.362432067712102 0.494704502232075
0.00771483813736945 0.0813396878462347 0.349409246696758 0.008502607358306
0.0391721200328324 0.0509211007784531 0.138095546862309 -0.0956959786835888
0.0361980457994857 0.014959529601004 0.0504295166383954 -0.0427299892667553
0.0258660945197623 0.0225629045984399 0.0228073333736025 -0.0444306431150535
0.0200059107223716 0.0278751042309761 -0.0464453920630428 -0.0376872457946469
0.0247617954882597 0.046085069306842 -0.138256744915035 -0.0330246770761392
0.00679889142567744 0.0626527195988142 -0.217823025929697 -0.116633957202892
-0.00893430707015337 0.0593801313406135 -0.133468325268453 -0.329667923698014
-0.0398715670047635 0.0492078666906688 0.124386101211607 -0.356514055045174
-0.0773659511082141 0.0292422558205115 0.237571641799303 -0.16490898048333
-0.0916843709436678 -0.0148822338787055 0.0239632931870351 0.0806752932060191
0.0498741144145816 0.093606938540634 -0.00635366037332082 0.151840868523691
0.0860631752598092 -0.0285597431777366 -0.553512115415281 0.300298703055883
-0.0520343722891666 -0.113485880345959 -0.229837453431663 0.735526398141383
-0.148613703991375 0.0172575002388505 0.302323324011285 0.516534503524002
-0.0583791408295444 0.108282326939495 0.327986253324912 0.0688155977647432
0.00966029982423475 0.0948253085444417 0.15617780537694 -0.0475460524800146
0.0291843567039621 0.0490251753523993 0.0815259494089685 -0.0197937217023013
0.0252172570845694 0.0312459316817268 0.0411777940635566 -0.0375663982218606
0.0155799260277476 0.0111200925927303 -0.0346742602783205 -0.0379161741952003
0.0326311843331295 0.0128141893356244 -0.127623935163915 -0.0376076117789492
0.0478929370416177 0.0567944384396462 -0.209438725064875 -0.113285463382187
0.0209995895235253 0.114498598491397 -0.141763773136189 -0.324115914117409
-0.0761181666465935 0.0924591359715634 0.105675127582922 -0.360664919390043
-0.0975175378107759 0.034040564545072 0.247610216378677 -0.18301384578056
-0.0629814659890964 0.0164910455733888 0.040081225606783 0.0869649458884087
0.12816924078183 0.15220139842304 -0.0175022217844364 0.110676711790826
0.176092068707553 -0.0703642815864054 -0.532374134003317 0.315722891334281
-0.03406916115163 -0.191114341055112 -0.185418954440455 0.684937840668006
-0.198973211408196 -0.00740847147047588 0.252207232835484 0.452547821433247
-0.0882754794282685 0.122049175207916 0.25458232150703 0.0930834579724638
-0.0117525718241525 0.111101280148978 0.13375513032409 0.0103511389223471
0.0165037627152217 0.0644856264512409 0.0911061751853142 0.015686803009957
0.0211383014147517 0.0333749834336319 0.0464333999535761 -0.021720889835766
0.0120399307144031 0.00135457299742732 -0.033919050976963 -0.032640497243663
0.0386416699807401 0.00164571126364275 -0.11749170044341 -0.0444435383845262
0.0696142311553009 0.0691603301646784 -0.191603286950219 -0.108328828774887
0.0134377725725134 0.159920309774797 -0.155449477579522 -0.307341195083636
-0.120300103599521 0.087070689804947 0.0709145687308815 -0.384485590211753
-0.0777043335969912 0.00595538372869252 0.264371467641265 -0.249285432945674
0.00568519388284665 0.0485767493641773 0.0928590973539005 0.066526038208441
0.166455108263928 0.173111772753047 -0.0254405698772699 0.0884014902512985
0.191424657059301 -0.0946311416417623 -0.465103536486101 0.322971630738091
-0.0602500728464528 -0.200893988166604 -0.145248646631474 0.598374977235852
-0.195696389004952 0.0109725036112684 0.183362874141213 0.400666683970971
-0.0748832809236296 0.111716773629125 0.194256024979869 0.138545633167476
-0.025737727192853 0.0853483067962441 0.131984441022514 0.06950885828849
-0.00524556693549027 0.0555111574698534 0.104669740815235 0.0459050884856631
0.00811690566697561 0.0343590669908808 0.048246505833067 -0.00620413120924838
0.00750282285333924 0.0101906859317751 -0.0328406058926047 -0.0334828923446245
0.0309406036490965 0.0251359673365605 -0.0981707188058437 -0.0591797901773336
0.0459775137017146 0.102039064321333 -0.161833057888046 -0.102064451094456
-0.0591027674705384 0.159929435088654 -0.169777574329109 -0.280872675473489
-0.142296942263761 -0.00882190831549262 0.0255507160870887 -0.415904652677292
0.0203657953122511 -0.0446016792063013 0.279781434341296 -0.335121107987684
0.104862143990732 0.112541565827418 0.126347732596477 0.0221817212871567
0.174836883053637 0.111978081165728 -0.0377963487235902 0.0349532298900861
0.109557235935448 -0.125656470691896 -0.365344464233564 0.289001612220599
-0.121500444269454 -0.130765513410968 -0.123478172377128 0.471402061620638
-0.135349971414472 0.076787484977137 0.101579433330137 0.344527504276424
-0.0163969265747552 0.0862204297824753 0.144063326296384 0.164952637542328
-0.0153636244178686 0.037991234854851 0.124004587546802 0.0957172283629614
-0.0115230935135805 0.0232362377159186 0.0968961460522055 0.0597407486073394
0.00474548071595461 0.0202234641044269 0.0391159283244585 0.0128720454476248
0.00699744143434238 0.022951581537511 -0.0303767383543692 -0.0186198331365512
0.0191660674461731 0.0683526353643427 -0.075247897361244 -0.0458406808819938
-0.00849940081960556 0.138503432340437 -0.142955860009498 -0.062619122539471
-0.158190966890928 0.122210620238346 -0.212159627782985 -0.2392107868141
-0.149662444339142 -0.149805511304138 -0.0362858384560979 -0.459819149606656
0.140190300876343 -0.125337733308338 0.29354855316105 -0.428005811546282
0.219951546965455 0.127936931980549 0.15199385304548 -0.0205075878619634
0.142326385533876 0.128019787175892 0.000750592212102325 0.00876677812062501
0.074763380059357 -0.0586488263844437 -0.284415243259628 0.209745304126261
-0.0718752387193393 -0.0511398637919166 -0.15500157355862 0.392200901545604
-0.046282622218114 0.0625473834119479 0.053782078822495 0.358801652152529
0.0139999411037312 0.0142822880912252 0.155585392918443 0.192471613772341
-0.027847797025859 -0.0249800998400346 0.142740646072619 0.0957002662623253
-0.0370548654037319 -0.00514181121687253 0.09194335005117 0.0632632068712477
-0.0207031186555513 0.0212609291305885 0.0292764952399821 0.025998569837825
-0.0158052441050499 0.0474933753095025 -0.027273415793622 -0.00259400279874484
-0.037425648904934 0.0931004333608499 -0.0643618593862429 -0.013399859312362
-0.107153529795249 0.101889312300885 -0.168355938224516 -0.0125746875264801
-0.215637986098628 -0.0375525205701169 -0.291999682617235 -0.250604588743933
0.00109898104375914 -0.28670505298412 -0.0600403110317998 -0.568789447229026
0.30736450744674 -0.0758507416709407 0.357445249097652 -0.514506334976901
0.262968159342355 0.220824305769862 0.144577406783053 -0.10612176947963
0.116621396278846 0.0958596807882785 0.0261862346904389 -0.0378341580600393
0.0451400706673452 -0.0177657057999192 -0.229117604186863 0.127158788290656
-0.0305579909425638 -0.000421204558601542 -0.180143380017904 0.340850948560453
0.0167021368534538 0.0338585705061344 0.0483586094124939 0.36900470427724
0.0300196928979065 -0.0408124800004763 0.183729662516838 0.180033943745827
-0.0271859650324515 -0.0624985719871535 0.152339430022287 0.0636573269472994
-0.0418309236004028 -0.0274370067054499 0.0740854828057855 0.052388280130157
-0.0323381550318332 0.00952327451532814 0.0198966522262358 0.0319210330765851
-0.0135756997912958 0.0432146846506972 -0.0180924866495142 0.0266022277080789
-0.0482313408955819 0.0914663259803483 -0.0615861888072193 0.046433530225218
-0.135648883595458 0.0640275836192347 -0.208762334363865 0.0504374759331784
-0.198270958368069 -0.117081593259671 -0.369112287230248 -0.254312284075828
0.0804403993644494 -0.313377786758453 -0.0847917979407528 -0.64363853447916
0.358328300758658 -0.0621388003903162 0.400346652721755 -0.570216091072294
0.282086975580049 0.181978597783979 0.108947319136167 -0.131799022453789
0.0983590234649829 0.0616380678770731 0.0372068192517316 -0.0857404945617703
0.0516124466230233 -0.00212591438642999 -0.208163648628609 0.0712756844351687
0.0149040149715247 -0.00927012073293748 -0.189117236484179 0.323337491809271
0.0287551894821964 -0.0180809382535773 0.0655925581218537 0.375221436446573
0.0148302889532725 -0.0671679325480586 0.215518161525754 0.157922793607876
-0.0287538395573646 -0.0647773333489934 0.153713758366009 0.0318723477107579
-0.0410958871438808 -0.0297058446220513 0.0551943547966946 0.0425083110786231
-0.0394007320160087 4.31963164179415E-05 -0.00209629356382227 0.0399707820589459
-0.0456595954677976 0.0210448475144106 -0.0446632078197024 0.0453414857803341
-0.0789557383016578 0.0151373331058698 -0.11599077932366 0.0689575049123308
-0.105863652376023 -0.0548753518744949 -0.296889064784504 0.0114596969845854
-0.0431208897270323 -0.182035370770258 -0.370516968743231 -0.401285813641812
0.204957768981406 -0.171857241319281 0.067192905915004 -0.740567272465681
0.284808830895509 0.0776645401295257 0.535938511201438 -0.518332696887501
0.166544210041983 0.168275422880567 0.112120829663198 -0.219125445512691
-0.0446206057119961 -0.00877953904377362 -0.0207285268300775 0.127209945597409
-0.0602667238775041 -0.01591907931288 -0.563022950160976 0.35550426605543
-0.104990347882344 0.00444138129752902 -0.170455219909212 0.794277558110773
-0.063894099120726 0.0848899971821861 0.394621067887006 0.49520342302427
0.012879919410408 0.0813081915047108 0.359910669001752 -0.00864397169377666
0.0437946610897693 0.0488370159389027 0.137088273862914 -0.1053111807268
0.0364412582670643 0.0138424453984561 0.0490540461220108 -0.0458597342542486
0.0273364311214995 0.0216347953851281 0.0187293603424006 -0.0467909020569252
0.0218857063048303 0.0274428062520514 -0.0550141831139273 -0.0352864457067594
0.0276042771640965 0.0451991827992316 -0.148319334651766 -0.0292596452083336
0.0110539558110876 0.0637827644128292 -0.233925077006069 -0.116057910551315
-0.00460126294734829 0.0610901515670321 -0.150385340647744 -0.342241045393562
-0.0387355025904666 0.0552337187732672 0.120747445941861 -0.381524143303494
-0.0787115881198039 0.037481206968113 0.249241880241743 -0.182258570379779
-0.095862238694325 -0.0102056315357447 0.0382999501829746 0.0850405693150052
0.0587365839358098 0.0921184037964219 0.00151193554202225 0.147333621122188
0.0894511170630589 -0.0352985611603506 -0.567669458916969 0.332070768666978
-0.062228304482665 -0.115631127204629 -0.20807200853291 0.770042809253297
-0.153862010271683 0.0273383810596008 0.333827342082754 0.520677176346172
-0.0534299140573617 0.11537797072948 0.34068230789155 0.0561659320660645
0.0164204496330114 0.0980481075558687 0.15857423164994 -0.0565254155727867
0.032283773912829 0.0491903812148236 0.0825455471690287 -0.025911023688508
0.0278421980097545 0.0313834332514738 0.0383916201474098 -0.0409066856435607
0.0163024434788166 0.0109572153859547 -0.0427878703819539 -0.0365039579168002
0.0341225341261547 0.0118151424855081 -0.139278287613026 -0.0338412433162307
0.052502788388042 0.055653404024798 -0.225205880902771 -0.112411893115423
0.0288673694624441 0.118026706238573 -0.160157339125243 -0.335109945319929
-0.0763328012063102 0.101148174004464 0.102657290825475 -0.385212038297714
-0.0997452379157508 0.0403188817804104 0.259609511220277 -0.20151131810211
-0.0612722749970292 0.0178654772860409 0.0571005115103331 0.0908136505705864
0.144192844091621 0.146839888196676 -0.0120458294837387 0.109072488077422
0.183533123094094 -0.0796958460914102 -0.543150982831588 0.348235346601658
-0.0508720120634909 -0.198157455436267 -0.163530867744679 0.716851296478749
-0.209535759852797 0.00611914468345723 0.278644965411318 0.458287658394294
-0.0831599756761261 0.132769079977213 0.266174026070607 0.0866271616392144
-0.00368582148856557 0.116146348414639 0.139673124177825 0.00446869306264316
0.0218861097747593 0.0666892766825467 0.0948352768481472 0.0102299783140692
0.0251484805636639 0.0326047562666633 0.0450974392586742 -0.0259085515495663
0.0130703149047607 0.00137514329914989 -0.0416381179192808 -0.0318754878774715
0.0402763853664506 0.000245815692235049 -0.128905980163397 -0.0422358804332045
0.0762217248183002 0.0680408901296863 -0.206399806881107 -0.108962762747188
0.0236737948905908 0.166915610178902 -0.173321557474472 -0.317102782083899
-0.123894912680881 0.0975322540474818 0.0638379203883975 -0.407716478699723
-0.0805085494443944 0.00724196198514283 0.272794347636523 -0.270848871668641
0.0129361744024823 0.0458010223674092 0.108656352033976 0.0674103034725409
0.187615607515095 0.165418468078353 -0.0232949334763145 0.0828354914103084
0.193431640619981 -0.115329912132438 -0.472231241066897 0.350968143167832
-0.0800698228653425 -0.207059342020731 -0.126827127914407 0.625648275552922
-0.204830846893391 0.0260787943870696 0.202896075552636 0.406863547518949
-0.070025169532673 0.121770177503309 0.205449134199773 0.137983529466439
-0.0198833866207479 0.0925095878791777 0.141433397243196 0.0665072360633876
-6.1171585828908E-05 0.0581292911787936 0.111555370804144 0.0408772948643317
0.0125769629093506 0.0341028142338373 0.0478048676998835 -0.00950265029683008
0.00977581470746352 0.0104406971080594 -0.0399497713728005 -0.0327985219163916
0.0351260698037754 0.0260574347598055 -0.110160857118536 -0.0587874543603945
0.0541593139663994 0.104832407975608 -0.174919012545224 -0.10430846163882
-0.051628002405354 0.173263073169191 -0.186133753226136 -0.288428315942664
-0.154229641830308 -0.00105290301372333 0.0153011724573159 -0.43799462095212
0.0183523116272201 -0.0544173523759824 0.281239018178394 -0.359704479742142
0.120592804899058 0.105008719376442 0.139600845534409 0.0209292271625573
0.192465043446655 0.103017774337259 -0.0403229818521318 0.0305956351083627
0.106894306315549 -0.142580690015408 -0.37028101839816 0.314286689874412
-0.138865453040831 -0.130689428627037 -0.115270296332154 0.490692607724742
-0.137526158266286 0.0914610430414407 0.113851329002346 0.356227973677502
-0.0102826691238923 0.0929742007838736 0.155908639999323 0.170276714072049
-0.0114326654512905 0.0433750640567431 0.136149059371475 0.0944245433129516
-0.00883467430130216 0.0252025732264527 0.104917115975367 0.056044607870063
0.00848166505931653 0.0197247255633301 0.040390694938324 0.0106519262820049
0.0111504792028427 0.0230866822604795 -0.0356956305751082 -0.0176968745405233
0.0260308774432097 0.0724056386359383 -0.0843114808890497 -0.0466969434574487
0.000749831620960622 0.146255789541037 -0.152693291039649 -0.0643920537262019
-0.157964005906043 0.140451917897582 -0.227586708466823 -0.241900719862564
-0.169423014984392 -0.146603856567101 -0.0507437202402757 -0.47913152345797
0.139313073262911 -0.143839368867719 0.289948194163055 -0.456105915847909
0.240436797431954 0.115531835237351 0.161325643595778 -0.0235160351271618
0.159951414222921 0.120529454158152 -0.00281935705829689 0.00201261251425937
0.0742119794150812 -0.0720337656572788 -0.29304650572201 0.22595884891382
-0.0830958518455944 -0.0505486918374275 -0.152743454128307 0.4132059028474
-0.0458861811723514 0.0710590177310608 0.0650252976731249 0.375536380042016
0.0168532033095008 0.0172378017491296 0.168705929975806 0.197414099548811
-0.0290287075241473 -0.0209754798796307 0.15494740508729 0.0929914341508973
-0.0364779589207937 -0.00170790049400684 0.100800884651474 0.0598768667165867
-0.016375623375515 0.0232620021312306 0.0324963773684787 0.0243320585700816
-0.010304538563298 0.0507855080676544 -0.0303323083720587 -0.00148643586373822
-0.0299183017790297 0.1019291637706 -0.070256795992641 -0.0139054754420071
-0.103968829217065 0.116451929736622 -0.175085452912966 -0.0102172252166846
-0.227223703415161 -0.0207681126563169 -0.311931447426901 -0.247090812839956
-0.0219863243963933 -0.298305458031509 -0.0832703323935318 -0.587847380318552
0.31623085311314 -0.101737019544455 0.348682414286759 -0.551631059254843
0.290497953722922 0.20992734718266 0.148181358192138 -0.11032844401266
0.130751042487533 0.0879981899272204 0.0192525493400999 -0.0449780756863773
0.0459173933166921 -0.0260878881198354 -0.240019838321733 0.138771871581486
-0.0358221029835198 -2.29852615061575E-05 -0.180518852231484 0.362707773239647
0.0186272607989667 0.0376129365762991 0.0616409126699011 0.387840623897355
0.0298625596174013 -0.0415099666857121 0.198965683803732 0.183629621444372
-0.0312247123203202 -0.0603843487920736 0.162985093923551 0.0598499797618033
-0.0438993493064674 -0.0248292312342626 0.0834079438896126 0.0494817086003372
-0.0297460220774223 0.0121696034730372 0.0240824614224146 0.0315976278501924
-0.00887996179939416 0.0459396086284396 -0.0179456566101103 0.0279978230150582
-0.0419579718672898 0.10050241131624 -0.0623339260604359 0.0474936408410761
-0.136028721149484 0.076873917931567 -0.212748750238924 0.0576443174368157
-0.213886599803739 -0.104838040834926 -0.390088367579174 -0.24589705420432
0.061904910586135 -0.329161839593139 -0.112490579128051 -0.663242282683004
0.369571287095081 -0.0875947595138595 0.390569738795283 -0.607767443550405
0.305315718567415 0.170906951372417 0.109688454248119 -0.133794488029523
0.107184983057804 0.056679490452011 0.0267414710888532 -0.0934360162532768
0.0541488753379833 -0.00748996797910072 -0.221348443044663 0.0822376002565787
0.0126376693125528 -0.010009175565138 -0.1903249096534 0.346302481531935
0.0283012834456187 -0.0184215421540268 0.0815611717382277 0.393021288826463
0.0116544350304017 -0.0688706306003804 0.230191545711437 0.157547545034403
-0.0333503932634424 -0.0635490943377519 0.162981447227792 0.0260019302060474
-0.0427582805760461 -0.0274714842734161 0.064981091138221 0.0401758576667647
-0.0383380366212703 0.00251032933647542 0.00268793282275127 0.0400659501309418
-0.0434056328531245 0.0261030241163736 -0.0424247540288989 0.0490960609557989
-0.0785123669032332 0.0236389570463221 -0.11574740598703 0.0753458509502508
-0.112980389399884 -0.0468404290075781 -0.304275535660842 0.0250407036923179
-0.0575391066302103 -0.182366908124319 -0.400311211500832 -0.395197565217656
0.198358857592031 -0.189561346558788 0.0379260145850739 -0.769589387668658
0.300664591484669 0.0624196118799365 0.534334525391831 -0.561017836447923
0.183753160729217 0.163811787498084 0.107260339813578 -0.223225967263077
-0.0465453821693268 -0.00574567242391559 -0.0127549535138931 0.121398464181794
-0.0610670839253213 -0.010376436851444 -0.557422131049189 0.397011109669898
-0.106333314579032 0.0129986877703316 -0.12429842187564 0.821124384725826
-0.0578664752331804 0.0906130989903541 0.429874130248387 0.476181950229934
0.0194813756604815 0.079345183158761 0.362921276124554 -0.0334151179789158
0.0484272462164509 0.0443989149063258 0.131425483212903 -0.115940356397549
0.0358112583917561 0.0111753064251628 0.0462972184012788 -0.0496316913572637
0.0287780088805305 0.0200734224909057 0.0127601113305002 -0.047682403148296
0.0227714752116069 0.0264570180941799 -0.0636248100903546 -0.0300206353518434
0.0305136775878085 0.0441832441943764 -0.157380882871569 -0.0202909793836624
0.0160204303705095 0.0625292204147203 -0.248389311357081 -0.106210553962729
0.00148093958824082 0.0615485444417792 -0.174322903539275 -0.343903461498026
-0.0349710767028838 0.0611065660779091 0.10570611574498 -0.403125193471218
-0.0773506202591502 0.0470238047303794 0.251622051772285 -0.202550164941958
-0.0978024623422095 -0.00298956933595264 0.0544257600527388 0.0864685733333617
0.0681224436483084 0.0869587705696477 0.0119529589998038 0.139635058097404
0.0889475473050663 -0.0438213421113328 -0.561964908310178 0.373103350301605
-0.0745655015274009 -0.113423589423787 -0.162726562244147 0.799865067549233
-0.15613189533469 0.0412747401742736 0.371956333431601 0.505442281044481
-0.0451430768176504 0.120487667399621 0.347751224264368 0.0336250123124178
0.0250121312567729 0.0978499599083358 0.156395485618487 -0.0679655301812786
0.0363605569791484 0.0475666133040619 0.0818496717756979 -0.0328551256107141
0.0310758188893744 0.0286907739234081 0.0326644311062838 -0.0442985408423426
0.0175576122799931 0.00927452549314942 -0.0510439957825487 -0.0321325284243757
0.0344610933759958 0.00929986305283737 -0.148356278789414 -0.0254254628949303
0.05738865679384 0.0523652832418092 -0.239906038257454 -0.103205646319209
0.0395230703304037 0.117737313354105 -0.18341497987503 -0.336044087429065
-0.0718081681811085 0.109774402901641 0.0856986379584196 -0.406742914986379
-0.0981005434023008 0.0477520892774949 0.261414252194776 -0.224796223921553
-0.0588645450544698 0.0201995088983934 0.0739059318392369 0.0906781528829156
0.162489424204311 0.127677768390915 -0.00561133087536719 0.101930188900516
0.184129201858068 -0.0952415935404606 -0.535372183317827 0.386493458662895
-0.0719882757733639 -0.199223461989481 -0.122750234314546 0.736943934949432
-0.214536298937773 0.0248176729758544 0.309866250983875 0.44617245145525
-0.0738329481669596 0.142187262471006 0.274251442757636 0.0722484876410027
0.00741388325483005 0.119745873317259 0.143236508247207 -0.00436834888945469
0.0277737740891769 0.0655479386869029 0.0967103200193187 0.00172860871416529
0.0291880987377093 0.0298005902870236 0.0421382744288522 -0.0289185513312698
0.0130745182502398 -0.000164294785342141 -0.0491296815917381 -0.0276038786868224
0.0395252570248229 -0.00148592136047613 -0.13889765427236 -0.0347377814942694
0.083105659975363 0.0648819246089279 -0.22078571806846 -0.102150792180579
0.0377542404392836 0.168592464749481 -0.196810192929533 -0.316840128646269
-0.12222187897006 0.108734995268102 0.0447394017203797 -0.427449306029631
-0.0814175155181346 0.00909077921207594 0.268937978698006 -0.294722889277974
0.020582444710842 0.040582388569202 0.124336744577276 0.0632821917019334
0.207243944718491 0.150279578286213 -0.019506137148109 0.0771506050535477
0.188545761709372 -0.138272552762302 -0.462368269405405 0.384883664584524
-0.103411839223758 -0.206349416431359 -0.0936883836174904 0.641179146284063
-0.208888600360234 0.0469941192672907 0.227028466843196 0.401470326790767
-0.0592131284589635 0.130874496178911 0.216500718774398 0.130009098741361
-0.00992423050442773 0.0972481608240265 0.150839444814228 0.0584027681368681
0.00607524710505767 0.0596907103149354 0.117443169556666 0.0313720002279354
0.0182832727128292 0.0322126816881533 0.0458087419231589 -0.0141628767625979
0.0115936152723453 0.0093117792426108 -0.0469554873577564 -0.0290688249318516
0.0384105868550066 0.0251513205515123 -0.121129422459189 -0.0527724431111708
0.0641780102946527 0.104115633032538 -0.188898891919009 -0.099798925587842
-0.0390076760625618 0.183465844098677 -0.20777691708251 -0.285821969015359
-0.163008221124833 0.0114966074032356 -0.00663510973446667 -0.452386475710085
0.0147227933698892 -0.0626875029331516 0.269895545914233 -0.386066965176426
0.136420390077498 0.090490262813625 0.151423841576895 0.0146654800009445
0.207454913448994 0.0869904477530978 -0.0411976882436422 0.0263240174001577
0.0984699585392254 -0.159699202959958 -0.363105216492216 0.338874132385911
-0.15660639068639 -0.12335182009502 -0.0931375574256611 0.506291388875631
-0.134677273693193 0.10717559690859 0.131200535601905 0.360169452903616
-0.00129836778420432 0.096314307556602 0.16922154412109 0.169370816064674
-0.00599320148874058 0.0475479127833875 0.148228235660409 0.0884388492814233
-0.00514533512378844 0.026888294501836 0.11147105516302 0.0475648311316398
0.0124706348819441 0.0175711809106617 0.0408271735014363 0.00693482006380272
0.0144156007364358 0.0228475764553119 -0.0407822275492696 -0.0147043865313757
0.0350304401689901 0.0726676747048765 -0.0941472925231078 -0.0434774828217338
0.0130106109653056 0.151054815324891 -0.163186760257655 -0.0612035664767666
-0.149169158705866 0.158856396651324 -0.244705611594445 -0.234829712271027
-0.189584050507675 -0.135363750367839 -0.0778710927436501 -0.488048831088303
0.130479537751074 -0.163069448641654 0.270006597874568 -0.481913213356457
0.257654832071427 0.0941518357447753 0.169101249434202 -0.0311669381466965
0.177320379489195 0.104361206424471 -0.00785567574881581 -0.00375777633367752
0.0700359054032819 -0.0858830200240293 -0.290680849039679 0.245173426332632
-0.0945461520870193 -0.0459981562132821 -0.136984055505201 0.431498376558532
-0.0422781811357604 0.0798588258428935 0.0844198856679706 0.384093652841263
0.0207884090420774 0.0181378349198888 0.184388527347952 0.195738225801208
-0.0290124527725536 -0.0160306754230467 0.168081720781297 0.0849500100293722
-0.034812519698693 0.00167129075661798 0.109042177442855 0.0521052936579747
-0.0116083375354016 0.0232796991400013 0.035567217071964 0.0214331622565992
-0.00280241026604386 0.0520376441890706 -0.0328960626231022 0.00124223087376893
-0.0182559342309579 0.108944323342221 -0.0766321477558456 -0.0120222657842657
-0.0948364907000326 0.130033832126626 -0.18022021099633 -0.00389650858603964
-0.234010304015713 0.00251854501367462 -0.330453653155985 -0.231877438703751
-0.0527183162141139 -0.301923609045044 -0.121093223988509 -0.595913092186852
0.315029791321114 -0.133866089378465 0.321919142130984 -0.581343137996533
0.315939344623644 0.186661092883963 0.148349448376669 -0.116256714592428
0.14318591162821 0.075025441805011 0.0106064322829993 -0.0514546538027669
0.044994163687187 -0.0355173116007863 -0.242859112281604 0.15390934437502
-0.040077842344309 0.00291894901932253 -0.169449077414724 0.383620923283416
0.0213379693222771 0.0395722473186922 0.0830567387000172 0.399235256481172
0.0280216090159022 -0.0424880544978779 0.215667329889629 0.180959842214536
-0.0353566482309958 -0.0564766975684348 0.172669690252185 0.0500704670256358
-0.044495996356691 -0.0209767470270745 0.0915599157669938 0.043210461663431
-0.0256127274355493 0.0139700127431934 0.0233355583830454 0.0325722594430814
-0.0026891454198935 0.04806526096093 -0.0172299798962682 0.0291783644573753
-0.0314040500266548 0.10814175151741 -0.0613866758133941 0.0494881051992844
-0.131083450625477 0.0924710231740147 -0.21178485298057 0.068911617513005
-0.225815248998382 -0.0859720352428599 -0.408437276568266 -0.224074827523842
0.0328629100535177 -0.339167692462635 -0.15345688473573 -0.668994741565636
0.370380292272993 -0.11992859257252 0.361250045881685 -0.641812978557647
0.325772097543589 0.148389350619945 0.107947685932386 -0.137237842387052
0.116282015554039 0.0467559664300614 0.0126401535848605 -0.0992669545491482
0.0556803010234762 -0.0137373864775598 -0.22871743541511 0.0958861858508955
0.0107661925830819 -0.0103653100908101 -0.179303545231216 0.369114465969471
0.0267164270205447 -0.0189158431974954 0.105732390590287 0.403352853053293
0.00670136892456192 -0.0694039520934352 0.246426108369154 0.151725840687313
-0.0379646136373706 -0.0599098792774647 0.170486849997711 0.0157990250476841
-0.044523058055479 -0.0232884090184415 0.0735090273719205 0.0341718126621523
-0.0357518133563246 0.00587317696882242 0.00839145283220723 0.039113858075222
-0.0384644648002621 0.0307564559595753 -0.0387321338260606 0.0538023895545469
-0.0755500723974973 0.0325837801513949 -0.111610508140722 0.0823677237614031
-0.118536731918873 -0.035809111778231 -0.306308331187997 0.0451125970218442
-0.073843368936088 -0.177709601854137 -0.432648525608869 -0.372442242725133
0.183711945829233 -0.207542167664271 -0.0113465481898195 -0.785469212528877
0.311992317758172 0.0388223552177113 0.509368205270383 -0.606365356501353
0.199778134348172 0.152258734054491 0.0973846060179799 -0.22583382934883
-0.0466700206936323 -0.00223202089419361 -0.00502783606807675 0.112217500600783
-0.0603526889778144 -0.00436889586589046 -0.533629587159226 0.426641304927954
-0.104259633202021 0.0209550203112674 -0.0717391928215434 0.822391431450728
-0.0494578788777271 0.0941902010348159 0.455308668287278 0.444569485770044
0.0253757912286316 0.0759166882392295 0.354028592241848 -0.0564557053256949
0.050698744678916 0.0386613966378391 0.120404720424998 -0.123221282367851
0.0347009254387834 0.00866519833972636 0.0408799510986552 -0.0509910077864126
0.0295246635907416 0.0179992001604304 0.00747506299697911 -0.047646951190509
0.0236770366072711 0.0249528384856517 -0.0685382110762733 -0.0225686309443649
0.0324620650553302 0.0410863872840737 -0.161066546908011 -0.00871997020029398
0.0206308579697037 0.0602613465579586 -0.257108970771394 -0.0921119839546458
0.0070263194027836 0.060125769590417 -0.194107244828045 -0.335733189702634
-0.028597311888805 0.0641966599404394 0.0848999160483193 -0.41413001569302
-0.072845463539365 0.053749952067398 0.245510927590787 -0.218549726974993
-0.0970381522623425 0.00385163691485708 0.069412606306538 0.0831628012953961
0.0755632035300695 0.0796125674225513 0.0213454416980379 0.12747723998015
0.0860262460438592 -0.0519272963095751 -0.54088023714508 0.405109361230465
-0.0849491499638027 -0.106492472297123 -0.112622523980598 0.803968706871226
-0.152069193939978 0.0531996624760582 0.399150712822769 0.475144072070116
-0.034564955402288 0.12218016330681 0.344417891634328 0.0115083207603329
0.0334726099462817 0.0940871167076419 0.149468054408286 -0.0786818865405793
0.038730063214394 0.0441969038314095 0.0770872855659392 -0.0381237153444145
0.0327777705261663 0.0255150335294118 0.0273726278769096 -0.0454618849001449
0.016963349865055 0.0078937384854324 -0.0573469009783513 -0.0261240311181431
0.0333233065203849 0.00778822431873041 -0.153385370648554 -0.0153622299649661
0.0608653244432803 0.0472312455609224 -0.249507532147434 -0.0899485513728191
0.0491471411183476 0.113118869154066 -0.204800372135284 -0.32696716485617
-0.0643493190447285 0.115697628755902 0.064393717586773 -0.417280275012569
-0.0934491554988701 0.0536520904374302 0.254077626746972 -0.242375038006661
-0.0550244585682471 0.0213666803632695 0.0901563087666447 0.085316066953557
0.174638154660575 0.102563105959733 -0.00128610108544861 0.0904334696846489
0.177793369879999 -0.110576540966264 -0.509861432292806 0.415108223597595
-0.0907912752604783 -0.192503142515573 -0.0754591372434953 0.739260980844767
-0.212688861408602 0.0435836625667536 0.331330783249702 0.422772376683622
-0.0617788127889299 0.146187485178443 0.273748288164133 0.0556743048332228
0.0188667676612092 0.118247895188064 0.142700687103382 -0.0142762949483999
0.0332009192434143 0.062853818429944 0.095406872084135 -0.00579638676147343
0.0322193638388692 0.026536231782339 0.0371522685325158 -0.0315464078400563
0.013277929690469 -0.000864661393181233 -0.0548365527588212 -0.0219859588569959
0.0385260712366865 -0.00370541244876019 -0.144434104022724 -0.0253086384525644
0.0872810838833679 0.057760486095313 -0.23042350762376 -0.0913667454623632
0.0513554907756104 0.16475955509376 -0.215963198446517 -0.307480344499982
-0.116356885541374 0.119661840224968 0.0212802610162061 -0.43379380264269
-0.0799616675615236 0.0115080292254882 0.257154747003603 -0.313116194061848
0.0268296713753769 0.0334474203110787 0.136513922447939 0.0559356756581121
0.221049629839287 0.127834361639188 -0.0158282395330958 0.069680342848749
0.176003996286004 -0.157491157068435 -0.437672754379054 0.409214208394398
-0.124012088440075 -0.19732005742499 -0.056035146630666 0.641900102750806
-0.204650595037787 0.0659802762345097 0.245758675976778 0.385612045610318
-0.0467785655995125 0.135208529371848 0.221247283958386 0.119110989513901
0.00104296623923891 0.0988275003676228 0.155016687051488 0.0476975854619325
0.0125615976086748 0.0587935593525111 0.118118834246678 0.0212113192081269
0.0223608001103178 0.0283906742300124 0.0429014842601549 -0.0177618381826791
0.0135264525097343 0.00781820870612556 -0.0528979103152254 -0.0240179807986453
0.0411778065670041 0.023726125444538 -0.128691296692601 -0.0448398293153668
0.0731648968073229 0.0997277392666888 -0.19898357306075 -0.0916687890759116
-0.0235653703077923 0.187030214072464 -0.223547343130319 -0.274955640873839
-0.165979259270889 0.025497958684331 -0.0319318190552446 -0.455455207829185
0.00893595691085654 -0.0695654032372356 0.249832686042119 -0.401569415245735
0.146066872592313 0.0723532705227807 0.159004123456247 0.00717300708080253
0.216723686152561 0.0655775959395303 -0.0421079077978066 0.0228278628062609
0.0845299368824696 -0.171768020418563 -0.342827991814568 0.356555985984814
-0.16851077504446 -0.11045467883392 -0.0667402556289888 0.507950815322812
-0.12531401622491 0.119939567719094 0.147482181529186 0.353610073351465
0.00834604190960906 0.0963851437712595 0.178445829117089 0.16315560388201
0.000171443164288502 0.0492492139629322 0.155342350165649 0.0776913155183156
-0.000968774580592691 0.027248446052443 0.115061203665863 0.0374031874606973
0.0158954047850052 0.0146264342273941 0.0398396759829015 0.00362452094796406
0.0180465966469886 0.0207496149619777 -0.0442914437965155 -0.0110270382452686
0.0431188657257632 0.0717250136903099 -0.101362096825134 -0.0382391856819836
0.027239580276467 0.150666486553053 -0.169969212980579 -0.0549630850475319
-0.134325207734226 0.172602788820551 -0.255652974402926 -0.219805512470632
-0.203306547994392 -0.118464783862249 -0.105794320070601 -0.483761981655691
0.116320417474396 -0.178669125371826 0.241317581572349 -0.494626527069735
0.265928712274634 0.0670651746016038 0.172021222780351 -0.0389852696276214
0.187765541963123 0.0838164252633248 -0.0138583610084965 -0.00884890448504134
0.0620666586331761 -0.096797692627017 -0.278871383777337 0.258500878136337
-0.10196182121256 -0.0385677223475477 -0.1170180301978 0.437277084574451
-0.0354372474551887 0.0860806768983232 0.103447615459503 0.382108616940802
0.0234184615705475 0.0178203544690154 0.197955201935952 0.188755016243406
-0.0272633984270168 -0.0119416289058172 0.175253250814824 0.072165454968938
-0.031942378151872 0.00541244226181712 0.113275543469742 0.0416158975847594
-0.00672176356080237 0.0226555567903585 0.0360261021117007 0.0176705382810977
0.00434378731856318 0.0513203203717233 -0.0340906576264132 0.00430399128353034
-0.00548274397839199 0.111623965036072 -0.0804445788160431 -0.0088593543385929
-0.0812858636802625 0.140011375039295 -0.181439330908022 0.00325864736578312
-0.231917304989754 0.0256140033489176 -0.340337521573453 -0.209139716403907
-0.0823102198425635 -0.294425756735765 -0.15632722622672 -0.585383789775066
0.301649803814706 -0.163300717347552 0.283294432929958 -0.596738784746539
0.331454003609013 0.154991547432917 0.144233063412707 -0.120923907474728
0.150963215753508 0.0584909941448487 6.18700039443735E-05 -0.0556665276465303
0.0421113967038398 -0.0433471640196655 -0.240631759006482 0.165728495338443
-0.0424272054061006 0.00617459035481842 -0.152467479233951 0.396096518262214
0.0249621904958545 0.040303001853524 0.104360258797176 0.398322134959279
0.0257515952934076 -0.0423174382770177 0.228159920325333 0.170865523432769
-0.0374309875784255 -0.0509814095119209 0.17731134701331 0.0376586355025328
-0.0434429477881376 -0.0161456841224852 0.0959111526491718 0.0342940567431207
-0.0211409491305695 0.0151580901640323 0.0256275340128857 0.0299944225558579
0.0044635691006638 0.0478836057968271 -0.0151113158230522 0.0300210512547903
-0.018587186494514 0.111014317944614 -0.0600826109440225 0.0501160268083521
-0.121005992870165 0.104572173070623 -0.204908737958151 0.0784503322341826
-0.230624883899951 -0.0637472317332981 -0.41562940774628 -0.193923786691853
0.00258715792921228 -0.337938768286715 -0.195014316911353 -0.653025503832914
0.35958392298785 -0.151490878414137 0.316554352933517 -0.659262396143876
0.336077436896344 0.120021751953562 0.102961809668122 -0.137845718106647
0.120685736476048 0.0349060316596219 -0.00124132891798918 -0.100676819049738
0.0544403251555303 -0.0202813567410406 -0.230115668384842 0.108723597654339
0.00884706581824522 -0.0108035713895907 -0.163738803348652 0.382686809383406
0.0251907588709696 -0.0184410228641669 0.127762954817831 0.403165024742631
0.00245456184115909 -0.0686639243598092 0.2562507371378 0.138716749641538
-0.0407795277937808 -0.0550066922143775 0.171874612477293 0.00466129147345863
-0.0444848526382567 -0.0190969401260163 0.0791980958625397 0.026798718559691
-0.031947036742103 0.00827949753125439 0.0139117308054068 0.0365389839969523
-0.0324616741254529 0.0338427828896886 -0.0329991633197983 0.0559285551922722
-0.0701780260483022 0.0412696699421858 -0.10434844744038 0.0879560201230471
-0.119293095569557 -0.0226618666824876 -0.299177830552976 0.0631783619133559
-0.0874049978095348 -0.167200681475555 -0.450371421215075 -0.339216173789771
0.163114907431978 -0.21876257291632 -0.0625517863015851 -0.778231979987813
0.312402414609324 0.0127040400599485 0.467772388083407 -0.634856020573991
0.210992489789461 0.134459000287586 0.0842387649112461 -0.223482723456172
-0.0462157199848384 -0.000338994261738564 -0.000639835105503303 0.101206419243698
-0.058003079131604 -0.000405403141405222 -0.506734994984637 0.439108796081239
-0.100236677309796 0.0269113409232759 -0.0336075895270292 0.807249055786755
-0.0424776392693006 0.0938304403948096 0.459958606969771 0.411343961001144
0.0282556477174317 0.0706509601320083 0.339480036778751 -0.0713875810694986
0.0511690313434665 0.032435537254686 0.108981885144665 -0.125454158844506
0.0329256893094507 0.0070895523512591 0.0367301888399023 -0.0508384523658883
0.0290602704598516 0.0162090129914319 0.00313907463401845 -0.0452396625789596
0.0238829634666416 0.0226371196892354 -0.0710645032889925 -0.0149611684216827
0.0330429937879433 0.0372996178119913 -0.160872010055913 0.000108479559874129
0.0230025433007588 0.0565696059510744 -0.258620476328631 -0.0803060210157714
0.0116870526552788 0.0569061373754266 -0.204857709925767 -0.324662851157676
-0.0230441040513341 0.0654063532882343 0.0673361834715224 -0.415874285660316
-0.0668191627569925 0.0578794565663077 0.238194463273414 -0.226506501406817
-0.0941489585372884 0.00907048295806323 0.0811172340858767 0.0774595477373296
0.0789841833466772 0.0707201317964109 0.0252938090943711 0.114136139125247
0.0818898903017574 -0.0568206749270754 -0.513515485298607 0.418997167543955
-0.0904092506379856 -0.0987767777386672 -0.0717733991696556 0.790524798266753
-0.144967915517202 0.0617021987087565 0.408019924445959 0.444555527530601
-0.0269997067131448 0.119816913076059 0.333459865898251 -0.00486802840011443
0.0391519463531042 0.089140057478679 0.139658406702864 -0.0843824611646584
0.0400312434304522 0.0410695638447449 0.0721288529630166 -0.0412638416844352
0.0339552335754304 0.022176865148008 0.0220598373930542 -0.0443281912521549
0.0168075248552986 0.0070047696186338 -0.0608166382172342 -0.0192841080534605
0.0322573701791123 0.00547412362286749 -0.15377137959109 -0.00633292059261309
0.061671958187188 0.0425444713368266 -0.252534646564129 -0.0789809154534558
0.0554961763035974 0.107219617397259 -0.21542024559162 -0.315355130746723
-0.0568814465865569 0.117525832625151 0.0470928479636064 -0.418194705411866
-0.0888494721876752 0.0562612929086088 0.245858032397261 -0.25224936720738
-0.0500278683595727 0.0209493942581138 0.10161930387475 0.078771549980729
0.18067979150438 0.078325800802816 0.000285173296171435 0.078195911230928
0.168267956764906 -0.120556386908383 -0.483640871526093 0.426185926625077
-0.102918349853337 -0.181989533452746 -0.0426157670061632 0.724001498941595
-0.20499252792693 0.0581006817003094 0.338386395967925 0.396917884103403
-0.0498028806161605 0.145762114292034 0.267985822338574 0.043852343985805
0.0276663123887026 0.114761780639963 0.138076331741154 -0.0214056264665178
0.036955028566227 0.0597111130784472 0.0917551325513209 -0.0128435652066129
0.0335213624185091 0.0225212032305329 0.0322825918738533 -0.0334876770845765
0.0123593912559741 -0.00211885418620127 -0.0577731990757948 -0.0165263749553838
0.0371520388213105 -0.00483739763997529 -0.147277049927293 -0.0171917897164026
0.0887728037416758 0.051729540001223 -0.233744846920599 -0.0808117733637084
0.0604497210784039 0.158331538203275 -0.22504393135364 -0.294080366887078
-0.108957219642886 0.124393538314764 0.00372368356553219 -0.431773530347781
-0.0778932251132988 0.0114443467698417 0.244608240072025 -0.320496744386815
0.0305677857281618 0.0248715321105669 0.144312104222083 0.0476257106457042
0.226114647347798 0.105839385887836 -0.0152058592388885 0.060351927363939
0.161937519527339 -0.169380146409516 -0.412036473652157 0.418321792318828
-0.136384677204633 -0.185100369661391 -0.0300708524279369 0.627281883399572
-0.196794606051906 0.0807207172765171 0.252273422168227 0.367301645718409
-0.0364238218137831 0.135239336883272 0.220989474529825 0.109116880277137
0.0095947778539883 0.097048609135762 0.155610416516485 0.0376441919836115
0.0182420083229734 0.0567557088337345 0.115792570006519 0.0130384344733224
0.0246176498197699 0.0244443329256635 0.0387200719633073 -0.0198516715108057
0.0138109656064189 0.00580292039492087 -0.0556907283816231 -0.0179637357650458
0.0426567634862343 0.0213182905715303 -0.132737055489872 -0.0374648097592148
0.0787727495887311 0.0940220182972078 -0.204362097473544 -0.0833453637182247
-0.0113017405927966 0.185510391175527 -0.230565593397613 -0.262040495989447
-0.165731766965291 0.0365226186345753 -0.0495403895121975 -0.449059398553096
0.0031268660555028 -0.0749729323908654 0.232446069066397 -0.403901885292093
0.149871142751109 0.0553796581926821 0.163059353659505 0.000289579975400765
0.217808703056369 0.0461186824090423 -0.0428887563826537 0.0181654588517339
0.0713582592393738 -0.178898994881002 -0.321479180973511 0.359918944659418
-0.174727864272358 -0.0986158292113993 -0.0504952965037788 0.499225033749954
-0.114841258974173 0.127595046497607 0.154070612072626 0.343622089936339
0.0151701026959819 0.0938680013292301 0.182904717469602 0.156998866022795
0.00615043915158154 0.0493862363518748 0.157684748877035 0.0679620253207964
0.002774959013532 0.027466303563733 0.114311419026663 0.0292487605437963
0.0169596235808426 0.0114481352935293 0.0379640704257167 0.000889604531615924
0.0209727880069261 0.0188499919381513 -0.0457791174213728 -0.00695329136447383
0.0484838002378941 0.0680823456784773 -0.105433990117598 -0.0332125636184674
0.0372841865938955 0.14692208104893 -0.172918768151617 -0.0502596636465831
-0.119741322593028 0.178177590104562 -0.257856194732335 -0.206307751782625
-0.209903047834103 -0.101741821662291 -0.122461111162557 -0.47042879556556
0.102465313821693 -0.187127956841613 0.21571802746761 -0.492552824450234
0.266303364484108 0.0440507708770797 0.172437968448452 -0.0439256267078853
0.192092717199599 0.0647720502685556 -0.0189661432253906 -0.0130693308929624
0.0533150724230389 -0.104553285123226 -0.266849172226466 0.262536926623786
-0.105477019251129 -0.0318767712983257 -0.1031934927998 0.43407820131716
-0.0287526882599704 0.0894949799738999 0.114322352513637 0.375733798019955
0.0253502281093919 0.0172237184832879 0.203610047128401 0.180315395466388
-0.0249910013934632 -0.00806119873633474 0.176490602590764 0.0614616186142473
-0.0275352693929374 0.00724726658030534 0.113725811765932 0.0329557685099326
-0.00281111695556124 0.0205209145519869 0.0362767080468612 0.0150756996964044
0.0101329435108404 0.0494136128902838 -0.0347618206654475 0.00602428901589654
0.00568925842522502 0.11034168191877 -0.0833539691216975 -0.00578763980379383
-0.0681689333929466 0.143838534449714 -0.178509300743903 0.00931842454955624
-0.223644878187344 0.0438439274256587 -0.337891297084633 -0.188597464661145
-0.102463370841347 -0.280379194867748 -0.177931465756991 -0.564976975157666
0.284492475190725 -0.183644064780117 0.250686670280618 -0.592310807677346
0.334694555694004 0.126490910018059 0.140397150656525 -0.119784459556551
0.153389215701884 0.0428718770746045 -0.00930456348685033 -0.0583140388177257
0.0372462236794405 -0.0494292432407528 -0.234603700369334 0.171439780276769
-0.0435485064820089 0.00893792590119801 -0.1395660457938 0.397829629854499
0.0275136002021911 0.0401137512747353 0.11758172645976 0.392542875873517
0.0235103754445572 -0.0424762854563187 0.2330547112692 0.161126864555908
-0.0376387577386458 -0.0458866791150427 0.176684860078371 0.0274998076264876
-0.0412155343275972 -0.013363904497981 0.0967842488075056 0.0266317096181828
-0.0172526913557483 0.0144723691124107 0.0284375391963085 0.0245998607426722
0.00950396111348349 0.0465754940883857 -0.0129681109578181 0.0293407373376211
-0.0074481580673385 0.111479200346961 -0.0578719463848179 0.0491672457677443
-0.109570662714194 0.111895415527116 -0.195784639163891 0.0835399317402428
-0.226971205329989 -0.0447700078535057 -0.410428107501852 -0.168622642546228
-0.0205302357357974 -0.327145086200365 -0.21702131984094 -0.628875168542449
0.340736642241497 -0.172073502803534 0.279992922481811 -0.655300691482341
0.336494577978238 0.0950840182904673 0.0989021120255495 -0.134774164812514
0.12182434814918 0.0241674206023506 -0.0136963196978603 -0.0990606990309245
0.0523556697772409 -0.0253215816255409 -0.229028981716246 0.114986643924033
0.00798295497965342 -0.0111791197671625 -0.149985016288448 0.387198489967692
0.0256897236014166 -0.0179687046424529 0.143579475398341 0.396169843243212
-0.000874072652139969 -0.0662930587920933 0.259688322703363 0.128227809756469
-0.042009372877921 -0.049739830696908 0.170696069017922 -0.00487793804711204
-0.0431777185853568 -0.0164820290553302 0.0810219267116979 0.0195784484908406
-0.0281662484718245 0.00981846828911321 0.016133879272354 0.0331712377768521
-0.0269320287787304 0.0350359804923312 -0.0275933623868106 0.0562429198999674
-0.0612844432174712 0.0463104120968892 -0.0981612177158773 0.0888240924671125
-0.115594939837602 -0.0116843565408629 -0.286894865012977 0.0753101207886041
-0.0950582203870756 -0.154684142969596 -0.454215293507727 -0.308166610531665
0.144191227100887 -0.220778274549132 -0.0959894848916711 -0.758107080680143
0.306507130092214 -0.00721184157792054 0.428102522472376 -0.64143006082369
0.214068122104675 0.117514971973172 0.0754059499664742 -0.213347033270622
-0.0414398417148755 -0.0206785035985071 -0.0380511524902893 0.0869347804728556
-0.0478868866814265 -0.0233197045823781 -0.638925726290816 0.190327264597398
-0.0992425996371055 -0.0129713973302104 -0.357036849824326 0.722105492474768
-0.0748694073674383 0.0626142552426895 0.257235303869033 0.560711360912086
-0.00590135092369338 0.0722709503664671 0.33459921909518 0.072044169492681
0.0323702576044752 0.0478318921034803 0.147458047014622 -0.0698094996152959
0.0257644355524988 0.0194065033907397 0.0533300387251225 -0.0308133257321524
0.0196456728699623 0.0258692235370882 0.0186130614628812 -0.0388334827608213
0.0117188451392909 0.0307418591663845 -0.0608676215880684 -0.0388903536302788
0.0149282941714282 0.0470225339093394 -0.149069925031792 -0.0636271482124611
-0.00213271531222334 0.0613734518160603 -0.200405538868801 -0.176715092829792
-0.0146408755620781 0.0557952025595958 -0.052271629313348 -0.376741278903245
-0.0482579620220118 0.0480589228599066 0.230235859569209 -0.347278968764464
-0.080438905524848 0.0248251372547423 0.306106973997161 -0.11249554676431
-0.0877129365851395 -0.0245116890995991 0.0518964955964678 0.10074371966917
0.0434058328885836 0.0965241469365508 -0.0150582908866815 0.0934217173617734
0.0988085591664317 -0.0183191008741734 -0.637682060746826 0.15952766459337
-0.0413033510867574 -0.123312982378717 -0.394466418458422 0.689491305574898
-0.15357945462792 -0.0054034960074868 0.19182570327603 0.577140892655378
-0.0743044497074851 0.0940050455377635 0.30428770427286 0.131833117814706
0.000269199219130678 0.0939123186689858 0.161719184370806 -0.0188462967005822
0.0200241077122125 0.052826438423429 0.0808294552613195 -0.00945962858225055
0.0223798469869192 0.0323775167363094 0.0352372724689103 -0.032417881882158
0.0114598271401114 0.0125394280037386 -0.0503949739554376 -0.0396466669922043
0.025860153155862 0.0180773150637533 -0.140419402240456 -0.0668584148308997
0.0377876920361685 0.0629972248491166 -0.195695460604387 -0.172863364452849
0.00608935185063814 0.118099451365592 -0.0660536333544944 -0.371704400883737
-0.101131984961517 0.0842946711319077 0.211514234480418 -0.358169650529161
-0.0992767646664897 0.0119756370207972 0.324977817766875 -0.13484018879755
-0.0485529003934258 -0.000698068682675115 0.0693311431718679 0.11169593232595
0.137848664824758 0.14393263268474 -0.0259813204966406 0.0369360010828878
0.20227307467098 -0.0413118125937702 -0.616280669413841 0.176225771925088
-0.0202798076090668 -0.204313021560254 -0.348329434195564 0.640610657528485
-0.205380513355002 -0.0328739544719517 0.144124174656531 0.509768064666383
-0.104844585095839 0.108308644330682 0.226845556018577 0.153105335039717
-0.0189656182403903 0.111791689390941 0.136605959933538 0.0384839353678949
0.0112621245955897 0.067403726715382 0.0875534762487278 0.0258874891707493
0.0223534108112788 0.0317805094434569 0.0393720018524674 -0.0179657742850441
0.0108424885828853 0.00292196380351889 -0.0488212543622419 -0.0361241182419339
0.0341120048547071 0.0108487877978122 -0.129007320967924 -0.0738449403868404
0.0590991600209688 0.0811630824894694 -0.178986454710737 -0.168373576240327
-0.00771801524015835 0.166894161547567 -0.083328041249964 -0.355577408308325
-0.153359957572282 0.0720805177793602 0.177133312097873 -0.388022914330935
-0.0750456929471052 -0.0273589059212061 0.350239409467065 -0.196119138028757
0.0253782052359615 0.0293359242869161 0.118315936659277 0.104900008659253
0.165806667814761 0.190577389647157 -0.0316534672604163 0.0130411221145023
0.217260003902005 -0.0889140084381738 -0.552750943103237 0.195912655683966
-0.0508777359862919 -0.222016611186594 -0.298239851387444 0.559349643876399
-0.207453079340948 -0.00816143294993892 0.0786957727214824 0.447745656200797
-0.0878204389475264 0.105041797813323 0.157291373623672 0.19458248129903
-0.0278095693390649 0.0903257283919372 0.127992546439761 0.0985971454362863
-0.00441765225791874 0.0580548944821765 0.0994385439024813 0.0564763775067571
0.0150895575595752 0.0301890382793916 0.0407631638260756 -0.00339533867149918
0.0108257352691389 0.0105268648665424 -0.0458301303028767 -0.0366883114218837
0.0305948523239985 0.0377166196899649 -0.109201957548034 -0.0871764708794162
0.0355397761471225 0.116542075658235 -0.151457689035128 -0.157969146017574
-0.0827751448260023 0.167674778149354 -0.102004282959966 -0.330418836892316
-0.176117422340941 -0.0297992848141825 0.136852308898996 -0.425278655839269
0.0280613634145949 -0.0807532883067792 0.375365590632223 -0.273836934911159
0.126807374933765 0.0961116730126096 0.148485640458111 0.0744792412970303
0.185265658386394 0.132696216996559 -0.0471238036736438 -0.0323888144404928
0.139685892834323 -0.133246333471398 -0.447200505673066 0.184034789836077
-0.120287647569878 -0.159640929853175 -0.262887281473181 0.440292138247579
-0.152905167084447 0.0664135504016161 0.000531096640043035 0.388483837933371
-0.0248942452627804 0.0880676273994943 0.104217218497521 0.220850693606948
-0.0124020360997618 0.0468200941582714 0.11800782134774 0.124988339419051
-0.00619531357834697 0.0259122558992385 0.0915900955887033 0.0716469799951836
0.0136051496330673 0.0152768545081645 0.032148764262586 0.0152186176705521
0.0127804735621162 0.0250126168123058 -0.0411784603602561 -0.023480367488524
0.0205147390736885 0.0815960705637299 -0.0870330568334926 -0.0730633623894005
-0.0204153217800977 0.150031381131997 -0.136314594945573 -0.11607054894094
-0.178531423195564 0.121607482140334 -0.147813286302353 -0.290798963540857
-0.168918311635516 -0.172734644474906 0.0834485220586251 -0.474052539924296
0.157177129959265 -0.148520293315784 0.398975825159749 -0.355368729560951
0.236878719865947 0.126604288743241 0.171516364674102 0.0443397036626021
0.153278725918979 0.137183741563951 -0.0127781184950681 -0.049242357822884
0.0930728465059223 -0.0767057110714071 -0.357068092267465 0.120388322823783
-0.0849008779065137 -0.0718851556330895 -0.281591826683562 0.358312080347794
-0.0613894067848249 0.0683743350291892 -0.0473713752254524 0.397488082244088
0.0158619945046794 0.0240906032855078 0.111013908332227 0.249708030645164
-0.0183099766621293 -0.0147101859724233 0.134669663664687 0.125943947446942
-0.0256024148497693 -0.00341007189323518 0.0900107390195107 0.0740381002098912
-0.00728477236180676 0.0165748010074522 0.0265680346400285 0.0265556534198887
-0.00678733151461227 0.0483684589537108 -0.0356021413087964 -0.00761701781551626
-0.0323808109665117 0.104938263742927 -0.0779349675688557 -0.0402644720963246
-0.11391990549757 0.110771776442267 -0.16515672094904 -0.0661189332380948
-0.223691515055319 -0.0363134057117007 -0.228027763101829 -0.307036236525806
-0.00864404007876831 -0.300431176762468 0.0737219464151803 -0.577079385479717
0.321736781731665 -0.0837959118343939 0.469021379028878 -0.423583399483221
0.272066324546902 0.226571308052808 0.165876846002876 -0.0327714888562995
0.127405430742384 0.101762922044082 0.010516039195625 -0.079292360780604
0.0554761942371348 -0.0328975362336716 -0.290546077906167 0.0510957609702679
-0.0439165458107788 -0.00999766828207077 -0.297820140261268 0.306154871322469
0.00886035518177041 0.0469698040630547 -0.052688816832784 0.411531524897698
0.0369438816298431 -0.0292023176068222 0.142624083472189 0.242682033874623
-0.0151598205479606 -0.0540274585157768 0.145903974710175 0.0959796298208765
-0.0294496059874281 -0.0256171407827633 0.0776920770998714 0.0623556279743988
-0.018046705646098 0.00650350568907498 0.0163641885926217 0.0325782441149434
-0.00568304470930708 0.0457711010778457 -0.0247293871385821 0.0208415015015671
-0.044097985605357 0.100077348661429 -0.075404785069804 0.018325666514111
-0.139622450065301 0.0660827032789065 -0.207879207159016 -0.00643775706554792
-0.193146215649786 -0.118937291614987 -0.297390952653807 -0.317017358878776
0.0852563364184551 -0.312742688996647 0.0667160389828818 -0.647288388701942
0.368228793547258 -0.0511992190094578 0.517815248808774 -0.465736426597623
0.281615273305722 0.200023372832677 0.13464151562418 -0.0615417892408965
0.104053983498078 0.0725384789229661 0.0206453944058533 -0.113391709262351
0.0593335218741263 -0.00267266456007106 -0.262308760794006 0.00326667358548363
0.01147533025681 -0.00577720018295689 -0.303382650741071 0.291534633531477
0.0311574435728905 -0.00642457413353743 -0.0312609302379095 0.424820615913771
0.0240080734502476 -0.0606778457724939 0.178978336646685 0.224233683229468
-0.0176567167578058 -0.0600199514839419 0.153164811711392 0.0648005149383364
-0.0308685047754122 -0.0279667817333617 0.0661161591859975 0.0494569804553678
-0.0261087560154229 -0.00177803984079911 0.00368915464145136 0.035333051948908
-0.034655860442041 0.0232714977380794 -0.0454813791523604 0.0381546691531842
-0.07071435340891 0.0224525052132886 -0.12420337317933 0.0397844484300418
-0.101956711968457 -0.0471342030371266 -0.285567447494015 -0.0468372031706043
-0.0359601767293494 -0.169019671403929 -0.283664522803022 -0.456416734743432
0.199307263357125 -0.159333960606781 0.220361631773655 -0.709182914283563
0.28099617188404 0.0856977783946508 0.639619170925085 -0.398234433815356
0.158704501499077 0.178339018812951 0.144856564451911 -0.149143647594385
-0.0425550780597779 -0.0204264995880007 -0.0346698904609545 0.0786095839017792
-0.0473108091585219 -0.0215211913311064 -0.636586163774893 0.19909125631435
-0.0987003774056872 -0.00951297370939662 -0.343055370148696 0.728988394240798
-0.0710710238605217 0.0652601485942448 0.265291682678299 0.553735366699379
-0.0035719260353607 0.0712006483886554 0.331683733200701 0.0652690846829101
0.0334178086630015 0.0448842986483944 0.142619773572079 -0.0730438955311832
0.0253543875734355 0.0185075548457851 0.0515970930659259 -0.0316308118029307
0.0200169500918036 0.0250288480922089 0.0158638901828902 -0.0392903448495262
0.0117969423243077 0.0305290397001612 -0.0646882080203877 -0.0359577438358641
0.015891103677061 0.0464965746570635 -0.154228751841239 -0.0601202125472243
0.000470341096975713 0.0605241069416895 -0.207146053427332 -0.174470171271621
-0.0123681868046381 0.0552483466639499 -0.0576663681008692 -0.38089967625461
-0.0463051150418112 0.0506641434593824 0.228170586608407 -0.355417155384874
-0.0788094403984269 0.0280773097714963 0.312265810123979 -0.117615574053619
-0.0881166569467782 -0.0233144113111871 0.0622333209268417 0.102102249318677
0.0480455421856423 0.0925021631658423 -0.0114425483413957 0.0845252753522819
0.0990507283039895 -0.0219429781885075 -0.636714575389303 0.168844181168341
-0.0458385814063909 -0.122211308252873 -0.38176056792056 0.695832428067944
-0.153042086159994 0.000213798510629729 0.202479864522274 0.569279165423219
-0.0710904264240214 0.095164795050115 0.30420532605667 0.123830165059786
0.0041287856916115 0.0926942809421255 0.158433297826142 -0.0235866983584343
0.0216650288884644 0.0520841590473177 0.079232201622366 -0.0109006105628518
0.024010214898301 0.0305615920937786 0.0317742853371815 -0.0337865367304319
0.0106009352383385 0.0123303030130371 -0.0548370732498998 -0.0367185595920257
0.0247048931399328 0.0180720048777526 -0.145411180623901 -0.0634082563468787
0.0400431780190719 0.0608978102686679 -0.202171322637847 -0.171001677472148
0.00960565016228071 0.116505828209643 -0.0730269489345737 -0.374189900582809
-0.0992697283202158 0.0874678892146667 0.209607998906794 -0.366536123508692
-0.0979140080964845 0.0134836062887172 0.329805088964655 -0.141880447636176
-0.0466268605457485 -0.00253635282742999 0.079860351473074 0.112549024705496
0.145013958876554 0.134136799232662 -0.0243995973921398 0.027328426526278
0.199899109944978 -0.0524355615131319 -0.613202671340401 0.183947951991876
-0.0296237129158176 -0.204304676912677 -0.336469090040914 0.643626383534225
-0.206331648841473 -0.0239874533828434 0.152125654128671 0.503147111752762
-0.100687631764571 0.110898410208943 0.227858713503796 0.149407777016751
-0.0135107548539953 0.112225804451869 0.137382671224556 0.0350553992116106
0.014577204962653 0.0674061241618303 0.0876526462586321 0.022237818112109
0.0244117492013525 0.0295764191558282 0.0364221082746133 -0.0194171393988173
0.010892438667091 0.00247229435331516 -0.0527548704112725 -0.0337803479253131
0.0339810991412428 0.0111896102467097 -0.135424601270635 -0.0720215902062862
0.0621615822667384 0.0796827713277524 -0.186446137292472 -0.167092792427307
-0.00175376404869035 0.168280331003393 -0.0888235719556865 -0.358429104490427
-0.153421848783847 0.0767162485072697 0.173859502255786 -0.395416695565153
-0.0756226539198036 -0.0294595757978451 0.353908539455743 -0.20392956495198
0.0305313446759417 0.0235422354838656 0.128119563587573 0.104494342512823
0.174954962370482 0.181012202513277 -0.0324504692927299 0.00548124439478345
0.214349690662864 -0.100246656240442 -0.54924658469823 0.201435322149491
-0.0617138926181213 -0.222120751968707 -0.28967321368004 0.562635396476568
-0.207915266724409 0.00136828601317994 0.0808215836144645 0.447608869021144
-0.0830078400526475 0.107985454983546 0.160077943766165 0.193858172870517
-0.022715589417441 0.0921796275797907 0.130850626530646 0.0945752492556285
0.000261059262099223 0.0582836848721378 0.100620850198257 0.0528491322530032
0.0175880963654172 0.0276890497890019 0.0383890840371579 -0.00568299455003335
0.0117412494212407 0.0100807018062861 -0.0500418494852791 -0.0350122197178914
0.032642017423253 0.0379551344493662 -0.116583702041747 -0.085718076160296
0.0400504820779816 0.116174954871629 -0.158736868192346 -0.158342667703931
-0.0776739337996806 0.171355468248985 -0.106283057302754 -0.330617292425094
-0.180364568060469 -0.023821200793163 0.131499149490425 -0.431140948781771
0.025471819385724 -0.0881716590444076 0.375520810993299 -0.27971411590959
0.134189131820423 0.0858718045903159 0.156851008567118 0.0746792386334522
0.191762471364817 0.122211685972165 -0.0506018213481086 -0.0377587937389138
0.135577855594175 -0.143016727050957 -0.444201980825445 0.187600618562725
-0.128642998375594 -0.156846252384374 -0.260968760175558 0.44317302273157
-0.15088587877085 0.072750520183871 0.00179869210848352 0.390976938383229
-0.021037734872462 0.0892636377845333 0.10788751386684 0.224218555618621
-0.00893640729313028 0.0480978271855469 0.122400075306615 0.122114644470041
-0.00323369844953669 0.0273968160831932 0.0933371857198034 0.0679343666492835
0.0154633604805145 0.0137072433989308 0.0319642805577692 0.0129146478648917
0.0149435600434416 0.0242451878139348 -0.0436859171177363 -0.0212491747380391
0.0253720727453527 0.0829769666020295 -0.0931070558446236 -0.072570011000396
-0.0139853743277344 0.151635777012784 -0.142213567007153 -0.11590532695436
-0.173993814803506 0.129378452487966 -0.150191846571038 -0.288878671841215
-0.178230760063409 -0.166705715987415 0.0757052302998515 -0.477452461608978
0.151757248383807 -0.160197875488349 0.395912375357975 -0.361986453461677
0.244503399593956 0.113256311305876 0.177557227958304 0.0445515677350791
0.161925559679584 0.127264479905038 -0.0180760505882495 -0.0539441585381758
0.0908395792295703 -0.0853545476812694 -0.358723799828656 0.121732851955036
-0.0900537077100375 -0.0704639986430617 -0.283047538284012 0.36347007084366
-0.058376848890981 0.0726129147177937 -0.0452258070587374 0.402743433343459
0.0174983970242564 0.0246989316979964 0.116546196228827 0.251991646300296
-0.0167771547896209 -0.012754890819668 0.139094179309549 0.122135818538881
-0.0230818540945472 -0.00152441149877674 0.0931433821750212 0.0707006978431583
-0.0035867097001825 0.0148683524763518 0.0268258260791952 0.0242218191809091
-0.00279451431243718 0.0492273315876859 -0.0370338183005326 -0.00671578571526301
-0.0247441249430641 0.108062722394618 -0.0817418584249296 -0.040997263290877
-0.108582838642885 0.117858558124195 -0.167517800085948 -0.0654469431033249
-0.225035094274419 -0.0252491088676181 -0.230616723833903 -0.30040503919761
-0.0233494925365566 -0.299047827798022 0.0647025051320965 -0.578656110938609
0.318942281739485 -0.100178895889876 0.461898481016069 -0.430120030154132
0.282333168286826 0.212227090442018 0.168128148841778 -0.0315082404493784
0.133532752994996 0.0935664910120621 0.00287040021660949 -0.0844404891389925
0.0549264589191565 -0.0389494544443648 -0.29689080512734 0.0513418487001989
-0.0466702422192039 -0.0100633988918077 -0.301678750539402 0.314372128537073
0.0118930815724143 0.0484783827232546 -0.0464464645988245 0.418837168605643
0.0359803621696435 -0.0296541270964965 0.149468632774914 0.244959266683157
-0.016117131236105 -0.0521748078159925 0.149151595556346 0.0923981925017711
-0.0284299450615429 -0.0237604706842564 0.0808877682219547 0.0586540583007309
-0.0145960887921005 0.00616222411215779 0.0163680941347253 0.032322621731832
-0.00176084199970894 0.0467738554422452 -0.0241615730938684 0.0210357977678048
-0.0371469810564238 0.103985136593954 -0.0760462538183606 0.0178244151203065
-0.135698285420057 0.0731834436803533 -0.206335362368593 -0.00332322525294939
-0.196435678433896 -0.108671220201209 -0.300017524039803 -0.307800105763439
0.0711247977988008 -0.313136190603501 0.054274550719229 -0.645369390553484
0.365966779953661 -0.06672492392408 0.509031535691215 -0.47293490512142
0.288883552700656 0.187235320882357 0.136599472654964 -0.0583473053584276
0.108584036566916 0.0664313013577296 0.0114051616855717 -0.117540417955062
0.0592809244003496 -0.00787299303601527 -0.271982327443452 0.00340406115202733
0.010603761319111 -0.0073263381813307 -0.306828321767885 0.299969893732854
0.0321953673738905 -0.00629567619759456 -0.0250806513806526 0.432092609811311
0.0207581688788851 -0.0602195406673788 0.185049611251484 0.225582961130193
-0.0188219176514311 -0.0584825911785233 0.155783913098089 0.0608493012777572
-0.0299554024143486 -0.0267144799989409 0.0691754835900214 0.0461253279348593
-0.0234451152571605 -0.00151781918965499 0.00734075860209809 0.033941827162109
-0.0310449706983119 0.0250504621005754 -0.042201103645082 0.0389592566579874
-0.0667500663677893 0.0282672624440205 -0.121863192779711 0.0415668769013605
-0.103136898822184 -0.0413281282919669 -0.283733807427055 -0.0402274867056584
-0.0423441094275365 -0.164496419562549 -0.289371158437573 -0.443978064695264
0.190990686672773 -0.164259976030353 0.206042778079925 -0.709978282246633
0.282607842943101 0.074354038345211 0.632327014309351 -0.409215299928011
0.16584740533764 0.170576660946545 0.142482458042247 -0.144609935610734
-0.0438606421701 -0.0198029041646848 -0.0313389668355751 0.0707003241070268
-0.0481895546592188 -0.0186522580490761 -0.640130972737286 0.215584782694892
-0.0990646453983931 -0.00441651651874436 -0.322406540488032 0.74556229019946
-0.0675558373657804 0.067922802522299 0.283889138609148 0.548536229042012
-2.79346880553925E-05 0.0707464848573114 0.334449842808022 0.0553634175697976
0.0352160552601214 0.0420478864139842 0.138746084263779 -0.0783290917628114
0.0259484483893069 0.0178785585516169 0.0509292194921868 -0.0322736738555204
0.0215525710113106 0.024670910064325 0.0126493893722419 -0.039321582258722
0.0131470652350312 0.030927822899865 -0.0686583562417694 -0.0311140650149799
0.0172630309682951 0.046560929916546 -0.160836738646976 -0.0540556835404818
0.00305882831499335 0.06087544975392 -0.217903487017934 -0.170356077208294
-0.00888739423141168 0.0551767261786199 -0.0704555215812422 -0.386729158202142
-0.0434989849475161 0.0547176727057178 0.224488775386079 -0.370992467470233
-0.0780587796708209 0.0328630684903007 0.319398326661426 -0.129235724308417
-0.0893436122652435 -0.021132484862633 0.0743983013075169 0.102792787796945
0.0530595278918194 0.0892533215570316 -0.00710998926039674 0.0753806540574864
0.100261507758577 -0.0277816682705085 -0.642330526624826 0.18637111968464
-0.0529475679514952 -0.120527875790998 -0.365206536761758 0.714535912813017
-0.154070442884843 0.00793432555479771 0.219929046980906 0.565770800936848
-0.0667153405590031 0.0996440126669328 0.308924816342183 0.114512593306807
0.00984797177289411 0.0921325604982543 0.156920716048495 -0.030706294368323
0.0253005154692902 0.0518448354334111 0.0788962494577912 -0.014852530513735
0.0258496699704722 0.0294733482801975 0.0281680406769439 -0.0350292952437347
0.0111917140684406 0.0129603006169993 -0.0589789595188132 -0.0330714392473457
0.0252633526185442 0.0176176617969479 -0.152609520510878 -0.0587620236875169
0.0423514811472006 0.0598061547796409 -0.214118011112942 -0.16829929055442
0.0155921512897664 0.117391062197738 -0.0844349455010276 -0.380368315686051
-0.0967984157646263 0.0936268756583378 0.20467442320511 -0.382275805311648
-0.0977747064655959 0.0161616980652237 0.336448606538231 -0.155747018482015
-0.0449384846765638 -0.00423207903843794 0.0937511280866081 0.112235908034772
0.155184891498582 0.125208410129998 -0.0235311103633532 0.0173185186142496
0.197049011868973 -0.0697117430270734 -0.617849554815791 0.201176235609115
-0.0403462468671864 -0.205501967471256 -0.321563855821126 0.660679415119024
-0.210455509663023 -0.0124185994157625 0.166348088714654 0.504426855910583
-0.0956162864413385 0.117004013429847 0.232125625310614 0.14497147480964
-0.00659503917685692 0.113280220425432 0.138318898288184 0.0294288543338735
0.0194119892156015 0.0668243546463033 0.0887037123753882 0.0188959406250942
0.0268427916215833 0.0275510391998589 0.0336608401556106 -0.0216001081928502
0.0107729357391148 0.00187335339310357 -0.0566862071843621 -0.0303121139114112
0.0339272225042456 0.0108224577912135 -0.14348399160728 -0.0671177076462923
0.0656992163978708 0.0778527109683928 -0.198109957458782 -0.16445196656209
0.00535808247404491 0.169139884385372 -0.100964687586532 -0.363005545439903
-0.153275353753163 0.0852919147524158 0.167700226694394 -0.408649200011109
-0.0775883764673398 -0.0308368023475744 0.358157989050263 -0.218873233001788
0.0339548022906147 0.0168611367524647 0.140760084024198 0.102739085513257
0.187488512087892 0.16981248098063 -0.0334031225853821 -0.000627285083041624
0.211253614431525 -0.116119043616651 -0.551068279103526 0.216673142316384
-0.0757092075477353 -0.222339051000275 -0.278610655100584 0.575984392629686
-0.210475959878175 0.0128878090453363 0.0932574577026115 0.450114760324165
-0.0777799587486879 0.113170973237488 0.167178663074845 0.193700171280048
-0.0158837278379956 0.0940710348489436 0.136139727811736 0.089419632086476
0.00469124712082563 0.0590152561328602 0.103449073805321 0.0488660884713285
0.0202877633672452 0.024668154618246 0.0363796959434392 -0.00745304443267855
0.0125492971844711 0.00968225715204957 -0.054090280469578 -0.0316283728538531
0.0351906321642867 0.0384245816100728 -0.125411972973589 -0.082533332524804
0.0461546455642919 0.116946579743772 -0.16940487204777 -0.157072463066159
-0.0697833205928532 0.17793067217139 -0.116488407224366 -0.334175828324563
-0.187352734213261 -0.0154116085713236 0.122448531682513 -0.443875152512178
0.0215260485210563 -0.0963636491237152 0.37603554857874 -0.295317887312803
0.142788338726863 0.0735323034232193 0.167442133195579 0.0736019078856666
0.201781837450893 0.110680409574888 -0.0538612059900562 -0.0421618528166233
0.130603544247061 -0.155767892744498 -0.446624409730392 0.197980447708874
-0.139741080518489 -0.154695704409702 -0.25570958953307 0.45451064474562
-0.149126840484729 0.0823982089079257 0.00912233943279637 0.398261171239102
-0.0170776296406736 0.0913549662860225 0.116594625917761 0.228918021508314
-0.00523270992761772 0.0500205556079514 0.129301230596967 0.119550745361168
-0.000391762552543334 0.027296678590957 0.0974596465883413 0.0641838194286816
0.0177449712380671 0.0100904340433441 0.0310649554069059 0.0110841927971362
0.0168737467469826 0.0237468031045298 -0.0464069456162926 -0.0193862393090187
0.0314003883261186 0.0834547225994526 -0.101721497649542 -0.071229668885342
-0.00565684270176757 0.155209538867446 -0.149892732238773 -0.11545344155447
-0.16896855364986 0.139990845945781 -0.159075867632095 -0.289803353426316
-0.19050678084266 -0.159531952060715 0.0651569199288542 -0.485873004034191
0.145249077819258 -0.173283671890497 0.392066970530565 -0.376435650796445
0.253736921653206 0.0978871880608922 0.186647409205254 0.0416606111078555
0.172947502890458 0.115891006949503 -0.0247699629071909 -0.0603273907118155
0.0879392892601919 -0.0960572099531563 -0.364372092327492 0.128195937658104
-0.0983670323168104 -0.0686367564900496 -0.282194977871777 0.375713921010833
-0.0553531064194265 0.0774738667012864 -0.0375111633292853 0.414373420630828
0.0191092868650156 0.0254945564262052 0.128243998141634 0.256719099836146
-0.016090073867611 -0.0112658507948631 0.145570381972678 0.118166620678791
-0.0204527403598859 -0.000498870995363446 0.0971804199198788 0.0671982242063144
-0.000814507606109149 0.013939939365667 0.0274589784283546 0.023663141958901
0.00219811125192513 0.0489056036064066 -0.0381660408549133 -0.00457329273984652
-0.0164101783966923 0.111942032191359 -0.0882193793699087 -0.0390821346936675
-0.102393205749699 0.125466210610288 -0.172529159617544 -0.0620687247961625
-0.227962168182906 -0.0113302524153574 -0.238875788524771 -0.296180969388828
-0.0413789467687272 -0.300204688601496 0.047219294974902 -0.587825730457244
0.316894334554522 -0.121530617702217 0.453918989442234 -0.447637508439662
0.297896703134358 0.19744052723269 0.172960111463558 -0.0321036599935299
0.141639131883323 0.0845818848208618 -0.00563122504177031 -0.0901644042744068
0.0541939648639225 -0.0466473674410713 -0.305851217249501 0.057296983939523
-0.0492174788086346 -0.00934173708942245 -0.302729266717758 0.330183288491009
0.0147011101311223 0.0489213812567018 -0.0380501366745465 0.43185018294995
0.0351546414193624 -0.0304017637715357 0.161127291749826 0.247466434418418
-0.0178661450616632 -0.0501822863996881 0.155650693481226 0.0877989421674596
-0.0277027143177034 -0.0218458033827644 0.0857264727078017 0.0555803208088647
-0.0119765974254588 0.00535484030854661 0.018158177734971 0.0315864616224859
0.00329010125902797 0.0466621842840822 -0.0238719949765303 0.0211108642713889
-0.0288949189945141 0.107595417438143 -0.0784087602852501 0.0184579378125919
-0.131657122619003 0.0822852476663837 -0.208496092207627 0.00170547836479401
-0.203018911129859 -0.0983236812519893 -0.307876607686642 -0.29912417898566
0.0546585258792163 -0.318080295345365 0.0343364757713377 -0.652316075875138
0.366054660485929 -0.0870023335737253 0.49979705929311 -0.49179712157655
0.30126666457524 0.172899506216264 0.139783444093094 -0.0580961437617688
0.113094826548685 0.0597747763239588 -0.00062097362712096 -0.121548370975625
0.0611606841670655 -0.0119698004808496 -0.284208456006435 0.00786771977440102
0.00949817155695831 -0.00743087105416463 -0.308540353316677 0.317242150759117
0.032910394545167 -0.00717367597245586 -0.0133534209389028 0.445207522845337
0.0182241968092312 -0.0609416778604494 0.197015150358247 0.225185156257749
-0.0209249912830601 -0.056970812261361 0.160537859249376 0.056629249778723
-0.0293842583005433 -0.0240176714303646 0.0740988897691589 0.0431417920406231
-0.0209444028380986 -0.000285400016653101 0.00928209544825231 0.0329913467469771
-0.0278603353973956 0.0267187947224255 -0.0395012288872217 0.0400242534726751
-0.0636875324496072 0.0329118092921661 -0.121772209909504 0.0444640536641373
-0.104401308506133 -0.0342166539491171 -0.286872867914719 -0.0297310043071133
-0.05125252765241 -0.162198882509258 -0.306003086801987 -0.435639700907682
0.18200621739529 -0.172849182031599 0.184265313873763 -0.722496067496803
0.289462486668166 0.0601566324115948 0.624717712926431 -0.433293466944222
0.175854414472643 0.164478116524802 0.139990336939938 -0.142867166279907
-0.046037559097675 -0.0172985924956234 -0.0273775437622856 0.0625854032646649
-0.0476799014891506 -0.0151849668752247 -0.637025591582038 0.245674216992615
-0.099284068806989 0.00305921619319884 -0.285504698895538 0.764229583875096
-0.0615828796231921 0.0713588473997053 0.307719758308584 0.533868853215635
0.00469336498577163 0.0698039604513891 0.334970475139964 0.0378025345021758
0.0367582658547834 0.0383553610330309 0.131500458677284 -0.0850479272292165
0.0264750486196055 0.0164125261309177 0.0486055289057634 -0.0341832963252541
0.0229899828329855 0.0233117961122504 0.00901415459560921 -0.0396126669943256
0.0144077974160806 0.0313596092589844 -0.0714904361950534 -0.0255823012657721
0.0202076517473374 0.045371168218653 -0.166009184070274 -0.0438323234762061
0.00766265413471708 0.0602325169042626 -0.230745111270124 -0.159290169534411
-0.00488626725158223 0.0550531085828117 -0.0905055088938292 -0.388412066269774
-0.0389686326000845 0.0585366966528064 0.209938863215128 -0.387746595476326
-0.0752214378286058 0.0376672638574295 0.320465471857871 -0.146831391613993
-0.0906643254265597 -0.0173027135852116 0.0889123492307945 0.0997236418666998
0.0591851517061893 0.0838015490032611 -0.00411214611775281 0.0662124506820464
0.0985617310245608 -0.0348925459281904 -0.637880077352135 0.214049767062162
-0.0616335716277297 -0.117175829675249 -0.327810942753543 0.733400165956698
-0.15387462081351 0.0181875391128982 0.246709847144251 0.554432900082733
-0.0596265709744531 0.103398916636936 0.31353412525451 0.0978103726803018
0.0166949518887676 0.0900567161619932 0.152905028053473 -0.0393149774223949
0.0285732179659431 0.0501038888553328 0.0761618830287908 -0.0191083528037232
0.0280957655910986 0.0271485885899388 0.0237273176616399 -0.0351729697705751
0.0111482522059619 0.0128711174782835 -0.0634049643066734 -0.0268106570044103
0.0254519944442379 0.0164788372397595 -0.159523956420861 -0.0484774323173958
0.0462782701104748 0.0570632657053169 -0.227315066484166 -0.157108733927734
0.0242453129263798 0.115533647266782 -0.105828221096718 -0.380337055233934
-0.0911158182878623 0.100933376762065 0.189290652602892 -0.398698708319885
-0.0970964028559846 0.0205608056498794 0.33729561440508 -0.175410474195239
-0.0437655077480553 -0.00610691038717401 0.109048380691457 0.108765437573422
0.163218312631581 0.113438077749596 -0.0226072950979496 0.00910388238971018
0.190131520069749 -0.0905718873960814 -0.612104728126782 0.230155807195284
-0.0566885813312032 -0.20288676418639 -0.288653500910686 0.676018319411634
-0.211392145610922 0.00218759990284206 0.19020658529287 0.4947385399829
-0.087797240480079 0.12329596042048 0.238966234565659 0.133557198843451
0.00194792123201059 0.112752553287426 0.139360696910499 0.0224863447708662
0.0242830152602767 0.0652343236176237 0.0901807112460946 0.0128535047397334
0.0285990282971659 0.0237066502807617 0.0305557751649033 -0.0231857144171816
0.00997792316712292 0.00145226360385509 -0.0609935949142918 -0.0246577173266812
0.0339918148136509 0.00999410788804348 -0.150628890314871 -0.0596650686117678
0.0705346227932554 0.0736766520051078 -0.211529665103224 -0.154987442076614
0.016694971738321 0.168036720436452 -0.119524406797163 -0.362892716243923
-0.149575387690822 0.0962140749131922 0.149129591953896 -0.423269020986624
-0.0802321431052779 -0.0294052120012417 0.35386073325182 -0.238982062606724
0.0370634337165464 0.00862110699671007 0.153701171427386 0.0966069337338297
0.200158546020503 0.154440770850432 -0.0345674080925534 -0.00658023045224561
0.203394714035755 -0.133880779170056 -0.542925597380246 0.240133310110901
-0.0936088024808946 -0.217577900353142 -0.253519128261764 0.588843237422337
-0.209899856664318 0.0284799056086538 0.111596658826711 0.446863738175834
-0.070154878193894 0.119126879942154 0.177452838672128 0.187841184281106
-0.00827082527409657 0.0953046792841027 0.14111014417752 0.081325734227262
0.0106023537761625 0.0583388957910758 0.106883084428824 0.0416090315079785
0.0222923719320943 0.0216105187316164 0.0341317555699265 -0.00947093401029198
0.0130372119712036 0.0090168293616838 -0.0577749813591398 -0.0272124993676015
0.0382489048832444 0.0371842251615615 -0.135322548743642 -0.0750571059512376
0.0541523414763997 0.114001902696018 -0.182792818748906 -0.15021952974244
-0.057377646894007 0.184020272525917 -0.132973593259902 -0.332436081619823
-0.191831388358418 -0.00221876058087835 0.101379428223879 -0.455914201827139
0.0137351399149165 -0.103802734160062 0.365189619244781 -0.31726786015846
0.149305757708719 0.0574916264464686 0.17927549464645 0.0659287022986838
0.211282320385287 0.0935565575754146 -0.0587551380250092 -0.0453073758193715
0.120077115923827 -0.16875958461346 -0.44040126444569 0.214051174645248
-0.15322219785325 -0.145948639508515 -0.238486720124764 0.469340654318659
-0.14347023559573 0.0925263114232291 0.0239417550591048 0.403182708404454
-0.0104266929706234 0.0928919067909354 0.130205857240524 0.227337291457165
-0.000567373165201546 0.0501125366078794 0.13693258957629 0.112207007891711
0.0035763797177158 0.0269881680838517 0.102057522181508 0.0578241297904903
0.0182939713127132 0.00787111502439007 0.030992686624041 0.010010579438067
0.0192287117080609 0.0219176204864733 -0.0484825342267345 -0.0158508068729593
0.0389901092320796 0.0824282892590804 -0.110385144894447 -0.0658360499375888
0.00512651366592325 0.156301567848044 -0.159447626483477 -0.109641096556287
-0.158861371966145 0.15210027469404 -0.172185951585123 -0.283640799894795
-0.204546998576852 -0.145217577501545 0.0420706596256304 -0.492625877998606
0.132208695705201 -0.188694278148182 0.376384102070224 -0.396113638454654
0.261559336165657 0.0756123016673464 0.195036861842297 0.0348645873522065
0.182962188556793 0.0997647386278392 -0.032132454316897 -0.0637673475238204
0.0805143740353199 -0.107127235543621 -0.363884541865215 0.143378054751974
-0.106687072194681 -0.0634129912150933 -0.270446677466558 0.393462053080528
-0.0508073368942472 0.0825808931364789 -0.0194482324086139 0.423449506452437
0.0213658477697748 0.0247634645442328 0.143539709758645 0.255280983489852
-0.0168128985905955 -0.00858611715695403 0.153814581505436 0.110222028144727
-0.0182749449028545 0.0011735000242447 0.102900431164687 0.0602289035213828
0.00199478425984307 0.0116456207633409 0.0285781416244478 0.0216931001005659
0.00821888356796451 0.0483482797344225 -0.0401279787886428 -0.00245608097671428
-0.00537698915809272 0.113866969746643 -0.0942007083743237 -0.035489090452483
-0.0917839829470015 0.133809524059862 -0.177693155148596 -0.0541213017004131
-0.22820069446027 0.0059646083060015 -0.251763605280966 -0.283131972258011
-0.0656270595499717 -0.296586142663074 0.0170915738751053 -0.590394064488946
0.308283973853817 -0.147767223732046 0.432767709823488 -0.469501261012668
0.311695597491801 0.171923724794642 0.176011362977708 -0.0373442866530195
0.149085257979425 0.071379958131908 -0.0165326041517603 -0.093378454494348
0.0514871937202752 -0.0542427835061471 -0.312253665421411 0.0690892379782098
-0.0528121160189198 -0.00689050961173501 -0.294954969371384 0.351526195611633
0.0180128955626469 0.0490217648571431 -0.0176390075785284 0.440963526975336
0.0333507732100546 -0.0317497236805869 0.177862940863584 0.243771118907378
-0.0204124963344523 -0.0475432849897946 0.161767217015543 0.0792706097739765
-0.0270879670672788 -0.0190382744719285 0.0901437179149636 0.0494929892343352
-0.00965622884490176 0.00517759643993504 0.0202719255247093 0.0294940931730173
0.00872602061561952 0.0467985034858171 -0.0225361379015907 0.0214822307640418
-0.018428784684247 0.109615872144387 -0.0802975650837259 0.0220010680314478
-0.124583102893421 0.0921808033416755 -0.208032927773783 0.0111802549468204
-0.208671055609943 -0.082353055479376 -0.319718266418624 -0.280799453031552
0.0313790358072387 -0.319429412362453 0.00239844718889839 -0.652061091409393
0.359781804287785 -0.113887811814855 0.473476084249803 -0.515329388664357
0.312769175901494 0.149598999426201 0.141272459681562 -0.0602828105086195
0.118647062488425 0.0503341852358471 -0.0132480277127206 -0.125029831689988
0.0606544048172097 -0.018785372645536 -0.294728245496951 0.0203521745050817
0.00875668669543104 -0.00971725705454794 -0.301258619106686 0.339163761546879
0.0329267938269115 -0.00887568744365035 0.0104067900497699 0.453084940425556
0.015180531483407 -0.0614435821495066 0.212789720974414 0.219185549593922
-0.0251712602025603 -0.0555178891243794 0.164801125343832 0.0470712135469723
-0.02889625232681 -0.0211256568107952 0.0785355462864775 0.0374338305434489
-0.0183081099156189 0.000519486203405279 0.0115368406972638 0.0302362498800916
-0.0226816067830646 0.0288849988680014 -0.0368988983780863 0.0404911390754536
-0.0578638207757802 0.0386105830759215 -0.119471159999945 0.0512258144352615
-0.106282154606982 -0.0247366057933222 -0.286527655038846 -0.0135501806355164
-0.0614994409567919 -0.155948618283636 -0.327682469674137 -0.415993654896162
0.169400459206679 -0.183967613033237 0.145647494982844 -0.731576004830724
0.293576136559288 0.037967358683785 0.603705623952843 -0.46760387458941
0.186563949525641 0.150517540688302 0.134893761080102 -0.143660787185363
-0.0462036699312443 -0.0143816071402106 -0.0239208480571671 0.053288678130758
-0.0464266068398943 -0.0113263893185733 -0.611219596911299 0.27037255171594
-0.0951890637820093 0.00950575827842147 -0.238478999067242 0.759870740781562
-0.0543392241049651 0.0730554151532898 0.32575983193015 0.504102533213411
0.00889134898788783 0.0666657070424461 0.325464771384857 0.0194208214357953
0.0378225050537601 0.0339110993497907 0.121323403655184 -0.0883743166037384
0.0266127324657027 0.0142139204227834 0.0454517180874708 -0.0357174625663002
0.0237340056076966 0.0209794892026045 0.0055084084551896 -0.0376043409687621
0.0154437809130646 0.0300216194826742 -0.0721696922609811 -0.0179894181879119
0.0222755351401426 0.0427197398701871 -0.166468772076396 -0.0315373673548271
0.0114149033441761 0.0580393883669148 -0.23520279522089 -0.142822739867655
-0.000790171614471428 0.0526490182220569 -0.107897080636042 -0.379058499958437
-0.0332362805831188 0.0603719143821511 0.188165205192472 -0.394549789729643
-0.0712152544609889 0.0424763181035647 0.311150152153903 -0.162012666444354
-0.089876870907299 -0.0125244549847838 0.0996338000942995 0.0923791796741405
0.0629623446541211 0.0765296161771033 -0.000353606912216126 0.0552729954164124
0.0949463279794509 -0.0418192947821686 -0.615919221243347 0.240117323449203
-0.0678740319897639 -0.10989267948042 -0.280314606345395 0.731734926548732
-0.147909319179192 0.0291775827357106 0.268645482341374 0.525097500585493
-0.0510002765632658 0.103865349422076 0.30810030492604 0.078262214075328
0.0219267420122713 0.0859056851580166 0.144344743190113 -0.0461997184472347
0.0321551969142927 0.0468222965236902 0.073085336303717 -0.0228920601151622
0.0290696585088983 0.0235405924652456 0.0196666478539968 -0.0353166837296971
0.0111188151869109 0.0122518741553476 -0.0644127899334389 -0.0201338647062239
0.0242967464842663 0.0159653156391845 -0.161303270075629 -0.0370219848745639
0.0490565674333706 0.0523385207705178 -0.232607984952019 -0.141169441395427
0.0315056707137149 0.110572311420538 -0.122787188892174 -0.369707835989725
-0.0826444584023581 0.104933261023221 0.16569072600578 -0.404916901274693
-0.093476933575773 0.0239583966994153 0.325087190973565 -0.191942996471167
-0.0429971677967368 -0.00737598098495938 0.120469896180224 0.1001777117896
0.165402978437627 0.0965726121903836 -0.0229505719418695 0.00260286699411834
0.178178443559338 -0.104047715938949 -0.589314949330757 0.251418881114872
-0.0701312279897368 -0.192933274982005 -0.24816544106796 0.673093546982491
-0.205312950971358 0.0175602798132078 0.207807112306959 0.472172305768566
-0.0770568379429314 0.126028666252817 0.238247689341262 0.118572339243544
0.0103541810070473 0.108448964871987 0.136303541995539 0.0137853533634634
0.02954920011722 0.0613640838871155 0.0881956332542641 0.0072408935759669
0.028376751771451 0.0195816414151564 0.026844300730167 -0.0237717307044792
0.00979172159929259 0.00149809388024271 -0.0626966021552246 -0.018855361970675
0.0331017319628308 0.00862989854677977 -0.153495432446559 -0.0480528898100655
0.0738816006242419 0.067045537884184 -0.217819004049662 -0.14038917327665
0.0281408687946953 0.163284958205879 -0.135426567432914 -0.351617804173563
-0.141479642501861 0.104385597223004 0.125337822770422 -0.426061604316278
-0.0815192326728835 -0.0273067048734367 0.337494498020517 -0.253607654690654
0.0369043758329113 0.000347581481389209 0.163277443464639 0.0864277532049156
0.20556621941185 0.132368756537126 -0.0363260354181827 -0.0123953140613956
0.187711461393473 -0.148152301604108 -0.519923484612899 0.257700537603491
-0.107953010018739 -0.20588293165038 -0.218438145034586 0.587370350869618
-0.20269059937886 0.0438311043721802 0.129026794875296 0.430904293680694
-0.0597314725588127 0.120910997129411 0.183445773371365 0.176016785885616
-0.00074390451409846 0.0934061166307608 0.14246503842267 0.0712943147042452
0.0156931390241131 0.0554229619457533 0.105931299774633 0.032908369001118
0.0228086551500269 0.0173831304889468 0.0314331772112907 -0.0103615253888971
0.0137538270298221 0.00773967908677444 -0.059745160334809 -0.0214849272480164
0.040633809238454 0.0348047027220014 -0.139558859873067 -0.0648822436002944
0.061037203302527 0.107797611530881 -0.189933860453767 -0.137290290778707
-0.0433993767146101 0.184004281070753 -0.146657577091907 -0.320639614576487
-0.189884339804027 0.0115900019679338 0.0775090608899497 -0.453258003672725
0.00450030475679665 -0.106964347110648 0.34512140607161 -0.328584144095049
0.149867418016419 0.0393912763145007 0.184604987238667 0.055588509443906
0.212601119530348 0.0731262791422999 -0.0622741038472117 -0.0463426810566988
0.10463682264709 -0.176414062854922 -0.422776472449367 0.227916443309837
-0.161597079732755 -0.131811459432949 -0.214097577689809 0.470770993268297
-0.133796631277614 0.101526567613046 0.0398366703364998 0.396135471007448
-0.00361804619240402 0.0910963500803611 0.140868815471032 0.219277483975277
0.00384820702996182 0.0495006901985052 0.140830979880751 0.10150336200659
0.00638099411957362 0.0252923794823016 0.104397238032806 0.0495595931836254
0.0187207912628916 0.00431645782606805 0.0305689043761661 0.00742503687242528
0.021149438650654 0.0201215138069551 -0.0499857187155881 -0.0113369836843027
0.0450785811431234 0.0784432948755059 -0.114721409055482 -0.0571417116565295
0.0162354648473786 0.151836201450162 -0.163744026113641 -0.0999739342964534
-0.144028507708225 0.160049530919125 -0.179591657650774 -0.27017299323426
-0.211213151252561 -0.127406429027259 0.016750720396294 -0.484796559846816
0.114526461369409 -0.196918550876239 0.348704413442133 -0.405293468092389
0.259107519386681 0.0508058959293262 0.197149470530665 0.0250704745151088
0.186306093731659 0.0803532650482149 -0.0388840120282262 -0.0647370438961901
0.0703291012596025 -0.114969002343192 -0.355122437484992 0.154656415189158
-0.111101674525195 -0.0551035037231133 -0.251077291235793 0.402324814334791
-0.0431948467997847 0.0850637761883827 -0.000469700938333583 0.419142194561474
0.022816839848517 0.0235192179112555 0.15714327591077 0.245312333199778
-0.0154067531043384 -0.00664513217293229 0.157256664646762 0.0987525733874371
-0.0158619849743023 0.0016709320109635 0.104759592661583 0.0519357173591047
0.00302050829883563 0.0087104107819193 0.0290094719192647 0.0193777799941953
0.0127412959995718 0.046213662191986 -0.0393375501939445 0.00059870993241145
0.0061721069685001 0.11159989081048 -0.0967818663426005 -0.0282881857947723
-0.0786064659318677 0.138589293548116 -0.176966788170176 -0.0448149795811582
-0.221787179392776 0.0238362062704076 -0.257252484916848 -0.262768576590897
-0.086728397720602 -0.283188495493149 -0.0139101802421227 -0.576297285652708
0.288042772951943 -0.169290149665653 0.398814249421175 -0.479057158340014
0.315064727112888 0.141586309189723 0.174534428446564 -0.0417414471654823
0.151117920466714 0.0558250929388174 -0.0270584210201242 -0.093771056902182
0.045806405508285 -0.0601387452282049 -0.309246501703059 0.0813035258993785
-0.0544805412361086 -0.00418880416069284 -0.276632498745578 0.362190012359804
0.0210812733877739 0.0471321657402712 0.00483253312303903 0.437521672888108
0.0306409448604015 -0.0320470804616654 0.189838463100827 0.231244959102021
-0.0232403606857193 -0.0441669580317491 0.163007981277746 0.0681153047286549
-0.0256897302698364 -0.0173432556085377 0.0921319330729853 0.0419908400868539
-0.00714829166388747 0.00391869991406021 0.0225725503897417 0.0265511585270973
0.0138515249403656 0.0442400985173426 -0.0209416603972944 0.0216907742061885
-0.00731624123943484 0.10828141572595 -0.0791271439991589 0.0245694527023187
-0.113493609725527 0.0994700590139962 -0.201003592702647 0.0213589248458402
-0.207907890658495 -0.0646039278071095 -0.322618042600133 -0.255207070334577
0.00800551915467859 -0.310533426928899 -0.0311193822206118 -0.636214937613999
0.34021639230599 -0.13660024799879 0.435191260839822 -0.524616305108266
0.312975766414061 0.121752545424632 0.139919756954149 -0.0621225403477197
0.119065113516586 0.0387868025307668 -0.0269790852386826 -0.122765752778371
0.0577598999245737 -0.0244007559784152 -0.296894339594527 0.0334812930448235
0.00628836413321155 -0.0104014718444991 -0.283301636134274 0.352849742314608
0.0308827234370687 -0.0110731398782542 0.0326128816750052 0.44817742096388
0.0101861126458316 -0.0601107540273578 0.222865621248319 0.203958929799711
-0.027301895577196 -0.0511339264275125 0.165013387096347 0.0376830482588846
-0.0276014170283121 -0.0175672215278549 0.0815228778545904 0.0301837072303993
-0.0163177047203544 0.000898547243785071 0.0132285849615306 0.0278450270415002
-0.0166379808784632 0.0297724554407551 -0.0322716584594437 0.0410555437824825
-0.0515319617290925 0.0425761134043737 -0.113300015409045 0.0560407788394332
-0.103916352172546 -0.0153937298181771 -0.278901512295233 0.00375693531162304
-0.0697000290064859 -0.144989329558039 -0.338904289923492 -0.381311038024915
0.149644062323724 -0.18737363944061 0.102982431267508 -0.719787430329224
0.286968509140379 0.0175973316474972 0.564134348757104 -0.486958559679647
0.191695536662411 0.131044261749204 0.125910941237442 -0.14093420130488
-0.0479224509681022 -0.0074740354524371 -0.0140506178097095 0.0467065834475589
-0.0468132724419327 -0.00179626445603802 -0.551215949858733 0.330213233278699
-0.0845766168507605 0.0253481287558432 -0.128559751767436 0.756607883360327
-0.0415000706768423 0.0749567492725829 0.382534554027778 0.431498351888586
0.0166249005354348 0.061836140594593 0.312169451208924 -0.0272828955654969
0.0384037496579863 0.0262349376149572 0.102325950123486 -0.0992979238630672
0.025664854975149 0.00991222657569788 0.0406158247041351 -0.0400613249154214
0.024654372532332 0.0166412030620509 0.0004960280171546 -0.0347454631345751
0.0191243490762002 0.02677533606044 -0.0699975066462137 -0.00558469429357647
0.0266185789939073 0.0380597524971455 -0.161602735921446 -0.00566028138050717
0.0202038163451138 0.0536952626374844 -0.24173784460717 -0.107962526701373
0.00387205651092485 0.0519775915252354 -0.14947966690858 -0.352528344959022
-0.0259195167198916 0.0625521129692328 0.1356364325011 -0.402178703498764
-0.0636237048741358 0.0458577243449774 0.279020116652914 -0.192943205556352
-0.0855677217775545 -0.00180261225323006 0.112423221260544 0.0745380455165977
0.0724121846117052 0.062717197999981 -0.002424300093279 0.0384540242126936
0.0827044515295426 -0.049574690013263 -0.562693803148078 0.304158809850024
-0.0752383362084718 -0.0913542160290542 -0.172764122371544 0.739271274350139
-0.134888843647817 0.0460452392356059 0.334059210506376 0.463027512882274
-0.034864162130428 0.104775735293352 0.305871437225187 0.0318603033468591
0.0308892678347664 0.0769463557201977 0.1321076822224 -0.0639183787371438
0.0355393080939355 0.0387762931974714 0.0685712490205788 -0.0323148679450519
0.0304668976872541 0.0167353452789617 0.0131591119175693 -0.0348437882280757
0.0117982685906963 0.0104850844068766 -0.0635782504133991 -0.00920845927314922
0.0260251672773419 0.0124493717064287 -0.158617351746004 -0.0117005419184885
0.0538439025308142 0.044441128938442 -0.23812865765546 -0.107094257849727
0.0415681331760604 0.102239915055377 -0.159430715720616 -0.343031934922609
-0.0664089641102619 0.111558365679578 0.114089470907046 -0.407948081287993
-0.0887976243941326 0.0302603273312261 0.286723560079416 -0.222684368675157
-0.0408031732949235 -0.00512618158319665 0.134238117653766 0.0787153084542652
0.174368982871377 0.0677567499604499 -0.0390773122848005 -0.00802414505548386
0.152547455550404 -0.120781644224687 -0.539360806437982 0.314169480436519
-0.0900928458207621 -0.170885011079308 -0.152346342331605 0.682649416485581
-0.19117531533397 0.042584719488963 0.267788046541209 0.425159884902377
-0.0560250142624791 0.130219817616358 0.247853307535332 0.0813230701125991
0.0244375880713356 0.10047139107637 0.13443449161486 -0.00693502674255537
0.0366902364230366 0.0527778488503279 0.0878013021098967 -0.0063003904506741
0.0298580261526338 0.0130426046050418 0.021584791084564 -0.0248053685537165
0.00887297961840472 0.00114303976325276 -0.0620534403184156 -0.00806230634779628
0.0324270141787194 0.00554140167182611 -0.153595280652619 -0.0240892674233074
0.0791909930151574 0.0548619694024608 -0.224731980091244 -0.110011210231883
0.044667163744359 0.152039762732047 -0.167481396229706 -0.322528972130544
-0.122608661563643 0.120282002501618 0.0713201976330116 -0.420123882862944
-0.0857028179924299 -0.0206225857873321 0.288560981745368 -0.285892906018817
0.0341914478089486 -0.0121894535286984 0.175259273011381 0.0603319034519408
0.219015963937497 0.0947413945385565 -0.0586911910764819 -0.021433217121334
0.157031096992201 -0.164661142267014 -0.47399225458975 0.313907285495747
-0.12959421932979 -0.178255285939595 -0.135723138430847 0.598291256345511
-0.18561399813825 0.0687427275254874 0.18672038455666 0.397399929950468
-0.041267649143729 0.123178195801607 0.203735680637469 0.143534482489644
0.0123341375580826 0.0876975677752633 0.1481569277735 0.0479684879377262
0.023167687074619 0.048837175993761 0.108204987517967 0.0166716878331282
0.0236845127381749 0.0109081239113557 0.0280868824257436 -0.0132136316260256
0.0132069484840939 0.00535467754896265 -0.0594907638644389 -0.0108579547715191
0.0443800736961661 0.0284172305803997 -0.142526679891093 -0.0412789299564748
0.0729975072247181 0.09494374437395 -0.196791058600093 -0.109838668854494
-0.0179255069017691 0.180923801023581 -0.174258845161387 -0.289561035360429
-0.182425935389373 0.0411941041750972 0.0177251527366378 -0.438149468501192
-0.0187543307611207 -0.105625537193004 0.285685975229524 -0.361174067991939
0.14339089538055 0.00718508171084403 0.19496867357546 0.0312104878147751
0.217345894058392 0.0364661746973584 -0.0871191132759798 -0.0436752412291409
0.0742104351269761 -0.181632059255889 -0.380470933486541 0.271442647251906
-0.171092520505697 -0.10171240667834 -0.143500509499811 0.484036579484648
-0.114019272554986 0.113872401928714 0.0972524054973841 0.376640218782773
0.00729436038001504 0.0877645478676222 0.168164949306547 0.191114211652124
0.0106277848119795 0.0464863827466939 0.149928142844539 0.0777225769021364
0.0107720891061018 0.0217485289476906 0.108509509845133 0.033432928793274
0.0171836919503864 -0.000330256064705528 0.0299574141444266 0.00399676238387008
0.0231270273874832 0.0163168352279196 -0.0484769038249015 -0.00376483696677873
0.0552271246183622 0.0679409670060666 -0.11723947215785 -0.0377356488169398
0.0377968669044007 0.142490678610219 -0.16575985011655 -0.0765382755704404
-0.113937553493017 0.172476017532725 -0.200145767278537 -0.234850947658673
-0.221721737928427 -0.0848698926927033 -0.0503098849893327 -0.462348822087314
0.0700232438823899 -0.202546975487674 0.282385223121648 -0.438023873542691
0.245624975170956 0.0030833492395123 0.205094425372755 0.00127235804225854
0.193408173777008 0.045394106996348 -0.0673121392956359 -0.0640605258471324
0.0492754528073983 -0.120990834619329 -0.325935875265912 0.193725538644999
-0.114698350474991 -0.035163650590879 -0.188801219837221 0.422153722185433
-0.0301807719076556 0.0879561568424515 0.0594222797144514 0.404100397151887
0.0245771284729267 0.0208552664687717 0.185132791861449 0.215074172442335
-0.0144354200607621 -0.00314605866849302 0.164144910011699 0.0746029660681667
-0.0128358152125391 0.00244677891558964 0.1084079068583 0.0357098993448618
0.00470127271181291 0.00518943228077326 0.030278957605642 0.0144847203838835
0.0200634040261214 0.040616161115935 -0.0369818206666252 0.00643113285487351
0.0239270540936442 0.103823049431037 -0.0968506480937857 -0.0118357565460247
-0.0520943718752299 0.142750716109548 -0.171772626377056 -0.0194518407010889
-0.203518427462829 0.0560898125153421 -0.276716464035599 -0.214485169337973
-0.130132869030466 -0.247550992559991 -0.0920909715700571 -0.550967231949705
0.233290605151501 -0.200933394840226 0.326086352546634 -0.518172198181225
0.309543068918214 0.0783708914937561 0.175661444528183 -0.0555590025930855
0.155532698779724 0.0270864190038987 -0.0565258774920085 -0.0898837076811643
0.0334145851006844 -0.0653029547987509 -0.293479062716724 0.118352360354981
-0.053656575798144 0.00594873335891625 -0.220922192194559 0.388274125606564
0.0257959440026281 0.0435585313913591 0.0652866947349128 0.421639778350092
0.0241332597420504 -0.0332025408951536 0.213737647754179 0.198938189512961
-0.0265693267878069 -0.0376792585103177 0.164558918581221 0.046708612968022
-0.0238083578977724 -0.0132392711444902 0.0952365412126373 0.0284595433445852
-0.00579094916226051 0.00284109670724549 0.0248688685202883 0.0213689562187544
0.0216030211007188 0.0387060459798127 -0.0165711455239833 0.0230953217570833
0.0105666774601288 0.101482767655647 -0.0713123020723438 0.0347944029410766
-0.0900958434696213 0.110166181464004 -0.184774696628203 0.0464414157320138
-0.200824791948616 -0.0284321149504841 -0.339824828880309 -0.20112457814916
-0.0440748669523658 -0.285462114269954 -0.112674435275377 -0.607353158910797
0.285532049738068 -0.175096387839871 0.356059902524587 -0.564534048073603
0.304077995377177 0.0631360858700317 0.139715149569241 -0.0699900534729749
0.121298232109755 0.0176936005440593 -0.0573963217472251 -0.116968814313889
0.0503105084047926 -0.031646591251481 -0.290062957744935 0.071816882221541
0.00326214303316233 -0.00796561819128736 -0.232126316745983 0.381957193275444
0.0285528147761012 -0.0120303074643855 0.0951694859832444 0.429097826228366
0.00182097825028927 -0.0566438664623647 0.242069057517608 0.169472033960983
-0.0316728011468479 -0.0441453553675747 0.162377402571342 0.016434580367152
-0.0269254926830275 -0.0138780894297775 0.0831173434694946 0.0178887184946167
-0.013820385799641 0.00150506889075108 0.0182354017607835 0.023414340650543
-0.00868831750553394 0.0301164672574139 -0.0238661517669547 0.0419224633437858
-0.0387949556174976 0.0468083445932743 -0.100247395067678 0.0685651391541598
-0.0965528533665116 0.00246583687940157 -0.263653472117545 0.0401359059418793
-0.0844624874025185 -0.119767664294262 -0.371407104412929 -0.321825607069545
0.105679757216351 -0.192280921432024 0.00898565742759168 -0.705782001679726
0.257500957696776 -0.0266540542823692 0.484145287016615 -0.540145545386055
0.193338134523674 0.0906990651721855 0.112630681408527 -0.140450514087274
-0.0462996900282826 -0.00749783937027737 -0.0162540094470575 0.0356879149189555
-0.0442368193451368 -0.0018552557455204 -0.535937959956974 0.314376874148306
-0.0797249833442686 0.0248899825703656 -0.126854714786328 0.723568726798355
-0.0384809437421362 0.0713143809570009 0.362894075749176 0.41595269269645
0.0158819842373434 0.0580929490934879 0.297424134465289 -0.025067098609674
0.0357907069974924 0.0239513137722244 0.096988220617016 -0.0930133986241623
0.0242173052313207 0.00898754823293981 0.0386630967256243 -0.03748209845837
0.023054292546387 0.014287061657005 0.000408649229944264 -0.0323009719202524
0.0180770939693749 0.0265034581519271 -0.0660440967641242 -0.00334211404238314
0.0253632844145684 0.0367599136008708 -0.156576964070142 -0.00398097572322588
0.0195607132859613 0.0509589931511298 -0.232767623645738 -0.103554140025815
0.00457785090185308 0.0494268137392149 -0.142037971814528 -0.343303285334887
-0.0237351346616089 0.0607204379268893 0.134583372233868 -0.3896935716466
-0.0619191508069757 0.044465194576528 0.275340556971993 -0.186248008043492
-0.083726772262523 -0.00178430000265782 0.114134063463312 0.0701316883013531
0.0687001556453031 0.057958402571234 -0.00523846391768084 0.0291259982748827
0.0779481848770187 -0.0497724584823034 -0.547316385196733 0.289001932618557
-0.0726511700895788 -0.0864069627030541 -0.169629325467743 0.707928506246603
-0.128773803956528 0.0453726277545466 0.315786040628749 0.445331671459482
-0.032899578441925 0.100482565413331 0.292693781677673 0.0316791287987325
0.0298178752421926 0.0723587753401389 0.125171483241671 -0.0608231095629959
0.0341401811934329 0.0360101668986152 0.0654284579170395 -0.0303731698288147
0.0281813379858643 0.0151194897619522 0.0127391045570329 -0.0323868024385678
0.0110027568941011 0.0110380723079875 -0.0613949390286918 -0.00717769587778273
0.0239278978292339 0.0133687441762078 -0.153952168385619 -0.00948641529846968
0.0526402827016854 0.0419477039593502 -0.231825831937913 -0.10242951104042
0.0401813611875337 0.0965114150279274 -0.152921656517962 -0.332706794389557
-0.0637516511638344 0.107924525578306 0.112488967325442 -0.395034347753849
-0.0857080889195367 0.0281862561670745 0.28181362844904 -0.215591321860991
-0.0407944755777594 -0.00776441101909694 0.135649079710152 0.074542275552375
0.166627210595249 0.0613881362140652 -0.0401665686706213 -0.0143089230490273
0.1450379487444 -0.118031334370055 -0.522724833339059 0.297452349439737
-0.0891217616198248 -0.162310964796029 -0.149816081275029 0.654126725026296
-0.182260329734842 0.0445007682620302 0.253343829737253 0.409080562312146
-0.0527325088938725 0.124464518687293 0.236870116851796 0.0795575745955453
0.0240834764571404 0.095292532847618 0.128421493129245 -0.00627384039053092
0.0359288763510605 0.0494119249375921 0.0840819007228355 -0.00683371776730809
0.0272435828774584 0.0112333253869163 0.0206986792392068 -0.0225826229478613
0.00841128626865542 0.000904190256780409 -0.0599337422906432 -0.00580052802341955
0.0313709657283945 0.00603318763007023 -0.149401088002027 -0.0208735548199065
0.0762457825409296 0.0518369626343333 -0.217872551294836 -0.105580788615085
0.0444381971449195 0.144350096542702 -0.160765919349661 -0.314195266938272
-0.118072659126941 0.116851139681327 0.0729220477051833 -0.407438221667122
-0.0845731650155141 -0.0215613366132854 0.283344419053015 -0.276200329901294
0.0308271190841717 -0.0155583844561988 0.174551526841917 0.0575601451144875
0.210782260720182 0.0854131913319458 -0.059189017733799 -0.0263042201468033
0.147208304297609 -0.161975209553668 -0.461126159364584 0.294969407031102
-0.127795383108147 -0.169086125962677 -0.135891193044819 0.574162587086274
-0.177450874044939 0.0689727386417899 0.176595784477455 0.385297598778672
-0.0381641740070296 0.118137117577263 0.195072287913864 0.140902204246106
0.0134627891065359 0.0839763429415213 0.142342617211557 0.0450264430530715
0.0229000411098853 0.0455386605968892 0.104302627489329 0.0141153542401751
0.0219413856319809 0.00858292019683127 0.0265241893412751 -0.0123194600247662
0.0134642770215395 0.00524346735006102 -0.0576352126345373 -0.00901930833489844
0.0431702554735912 0.0277827383067871 -0.139008905607605 -0.0377364234234574
0.0707764518673706 0.0911565311132972 -0.191555224841313 -0.105487949115933
-0.0160871902881339 0.174551949675469 -0.165846233796815 -0.281735718837272
-0.177314531139215 0.0419562774997109 0.0198588620293388 -0.423075310017497
-0.0221926759802435 -0.105181136006141 0.281207904757749 -0.347963316549304
0.135827908700141 0.00106141006114847 0.192387851850412 0.0298602033670787
0.207783769963592 0.0314073023418239 -0.0862825158390172 -0.0462550495192684
0.0676535854704816 -0.178536054982382 -0.373062019278183 0.256394214345366
-0.167389343288012 -0.0959396258258337 -0.144885144600255 0.465824162695475
-0.107463635257511 0.110258311909396 0.0887356080246933 0.36835173814351
0.00778840089592093 0.083664909155415 0.163346026551436 0.187011735096668
0.0111661281412254 0.0447108562215694 0.145020892811196 0.0748052261126222
0.0108126273818917 0.0197891936915718 0.105475201962383 0.0300976140412151
0.0158837623027049 -0.00208709790277521 0.029061351984084 0.00280356602901707
0.0229697531844929 0.0147549490588309 -0.0476486634798705 -0.00344288651787337
0.0542739843314927 0.0640230077324635 -0.115195871575534 -0.0350945274848374
0.0383735208891691 0.136040633961838 -0.162067710990464 -0.074567391898637
-0.108047258942653 0.166483863349688 -0.189054775899234 -0.229719302608508
-0.216089973130952 -0.0783521801276666 -0.0430289398118687 -0.445366031559752
0.062703143872506 -0.197459466231691 0.276627065436167 -0.417825333020223
0.233511439592174 -0.00186147271758344 0.202136766067487 0.00265515710874986
0.185829888182317 0.03774132314155 -0.0685937781301097 -0.0639304095611553
0.0432395641255974 -0.120106573669432 -0.319623549969744 0.18233146607966
-0.113464263476576 -0.0320942333849892 -0.187164987613919 0.410160519235228
-0.0279157842990933 0.0858215099915459 0.0549758588941677 0.394957091910011
0.0231036239241332 0.0197834275276254 0.180854761925697 0.209751449669821
-0.0131996467883996 -0.00230378063507524 0.158397640001112 0.0712249712101472
-0.010803382129893 0.00156667504300783 0.104776657102436 0.0326735190543369
0.00380128657729106 0.00313160462910472 0.0293399637724672 0.0133503832980705
0.020996598233203 0.03775500431586 -0.0350578603670162 0.00681588792430802
0.0260256480962069 0.0989728906661397 -0.0944613016454422 -0.0105113748969614
-0.0471752251622804 0.137889579902805 -0.165807861704546 -0.020078149223404
-0.194917363671651 0.0578389381297348 -0.262609771928755 -0.207951607158596
-0.129231819870237 -0.234118285921584 -0.0855975463785552 -0.527897965598775
0.219268320694866 -0.19692461157216 0.317512037398762 -0.494979800142381
0.29566092601737 0.0689012056450802 0.173957580471661 -0.0497741250156637
0.149466637242777 0.0213456207162766 -0.0588756921226613 -0.0888551353648544
0.030234140683176 -0.0665531382581494 -0.289636770238243 0.112070629218774
-0.0535396745028706 0.00648129001538985 -0.217906156398889 0.379179067485583
0.0252900306849771 0.0424114630968592 0.061065951935585 0.412219767395659
0.0229398425100394 -0.0313612206570423 0.207949238648122 0.194141523204265
-0.0251726367808564 -0.0347295923210138 0.159304781261938 0.0439476624924984
-0.0214271200420613 -0.0135559285589076 0.0925829146627413 0.025679131702971
-0.00495378610410548 0.00126095817949817 0.0257620062510501 0.0190956730165193
0.0226260147635718 0.0358400695282622 -0.0157552806043059 0.0215605646444441
0.01311708930528 0.0966727715390671 -0.0696168574744724 0.0340315566923148
-0.0845771277982597 0.107196598359958 -0.176983930845662 0.0434497506711291
-0.19236262561848 -0.0243890458242915 -0.319139570785603 -0.19320406877225
-0.0448936195746767 -0.271608402466701 -0.102798554694989 -0.580994346713556
0.269376796713191 -0.171132562374439 0.347721007312165 -0.537178496488609
0.290440586136808 0.056403120040552 0.140190734568975 -0.0634742382425288
0.116666264214122 0.0132174977527343 -0.0603608166787032 -0.113132675753022
0.0470832168939109 -0.0317644217689711 -0.28668173031887 0.0692486493357875
0.00245063691291693 -0.00758263470534374 -0.227458624888484 0.373837389787785
0.0272841177594906 -0.0118599940813154 0.0903077714285514 0.418021772888727
0.00121946269173054 -0.0537027456080573 0.235060298704311 0.165033325483319
-0.0303911531717346 -0.0412768177068548 0.157162803467966 0.017146798573649
-0.0233329168467194 -0.0131515255772616 0.0806310348670823 0.0160585960330714
-0.0125869788040473 -0.000500402304864698 0.0178281735852757 0.0225747769881628
-0.00653971570290232 0.0278000932039219 -0.0230012483374128 0.0394247842456451
-0.0351090467554633 0.0456748315392418 -0.0959034908443665 0.0661698613373211
-0.0915613590161399 0.00452424515157019 -0.250644653881714 0.0377738312397241
-0.0817694061277815 -0.112216343351095 -0.353086181375613 -0.308673552733853
0.0977657628543566 -0.183492771734521 0.0119518692205315 -0.675801114646471
0.245207671863367 -0.0293568986723472 0.468391424725012 -0.512733374528794
0.18460392227988 0.0832828907442003 0.113149810599022 -0.129250074089993
-0.0464675579673052 -0.00847752092541819 -0.0200787234473375 0.0275878671230426
-0.043878453712438 -0.00248461939080935 -0.541782879651572 0.293353623599992
-0.0781592140629843 0.0231646145373757 -0.144595193018654 0.713294095581237
-0.0387366125190965 0.0696048155099593 0.345515643646586 0.420211545451399
0.014549586414249 0.056642339210816 0.291743754468947 -0.0161621593111443
0.0339912234064307 0.0232288734171863 0.0967283377397412 -0.088235027913926
0.0226705803599628 0.00944591061404601 0.03913779178898 -0.0355535540738589
0.0222219579423558 0.0137805845288015 0.00157796733918428 -0.0307654337921333
0.01741045939953 0.0265290921486418 -0.0641369081557282 -0.00258189123054139
0.0234782086590913 0.0369026133812719 -0.154430136036837 -0.0051476760081164
0.0177720711580348 0.0495603981532568 -0.228722578569804 -0.107585033614205
0.00371313123937259 0.0478663850264967 -0.131348208741817 -0.346646076444386
-0.0236523372358484 0.0604063559964398 0.1475294231677 -0.385892444030248
-0.0625131031317309 0.0447053164193778 0.283050198108435 -0.178091280717947
-0.0843458375883319 -0.0043421711128474 0.116790969499561 0.0714765399259508
0.0660013251976172 0.0563041389174284 -0.007600079424368 0.0206365586230456
0.0773840365682358 -0.0481714344026529 -0.553750323536872 0.268778444411564
-0.0703825152543051 -0.0858463575299864 -0.186960632237395 0.695221411587708
-0.127267255241091 0.0431280879439734 0.296763561415127 0.449180608244073
-0.0339323443485411 0.0975386572153722 0.285443495058733 0.0394940214001504
0.0280343758828696 0.0707402350513903 0.123844120210053 -0.0565572422413987
0.0332485615281544 0.0365699859603088 0.0656197750955119 -0.0287062689061924
0.0261311206289495 0.0132800221234938 0.0133750325898317 -0.0305944197443134
0.010388978193613 0.0122661726415881 -0.060923236981481 -0.00615470876563767
0.0224083660556269 0.0137387388744411 -0.152335727258025 -0.0110244556909577
0.049571842645695 0.0415080924384862 -0.228579009043226 -0.106440249446052
0.0390938775201344 0.0958207197780852 -0.142475736276525 -0.336413296553444
-0.0656666177414967 0.106312846489714 0.124261145844664 -0.392667719020231
-0.086812839190744 0.0248792237131328 0.290605036918031 -0.208846263604008
-0.0414038941805534 -0.0103195086949693 0.13877379966255 0.0755470827423128
0.162197389527385 0.0604851943322963 -0.0417557368431095 -0.0209267773994004
0.142902288045036 -0.116027016565008 -0.530555479544525 0.276984480172436
-0.0869335968027467 -0.161476465415781 -0.167208185012168 0.642970754354821
-0.18021929229075 0.0426021359041931 0.23675387977964 0.412407666216976
-0.0543949153958707 0.121932552759712 0.231309089308584 0.0868973680070975
0.0228260042408456 0.0944616096569686 0.126311249097209 -0.00344822666592086
0.0345311609878998 0.048626749517996 0.082947150673219 -0.00521134138257777
0.0256942087753138 0.00960859681695154 0.0205768163180968 -0.0220201694913879
0.00816109090325858 0.00084452612426571 -0.0593772889953624 -0.00608685103158639
0.0307373847868601 0.00740905542806669 -0.148163213838006 -0.0226391817465607
0.0736995395210693 0.05193986484763 -0.215557499328564 -0.109520517727976
0.0417137476571611 0.142919605728663 -0.15057043335247 -0.319614254596513
-0.119730429787571 0.114121989652254 0.0850950704828176 -0.404341231140815
-0.0849988809367325 -0.0251154351148349 0.291592111133115 -0.267478143585054
0.0289222321787275 -0.0176790039718416 0.176204036585331 0.059925541299576
0.20530989603355 0.0837699231471057 -0.0601461599664328 -0.0332539616116587
0.14522252049167 -0.160327586745741 -0.467994939306343 0.27685079440338
-0.126263029370354 -0.169105775984652 -0.152156264896801 0.564766570830255
-0.175603730079801 0.0672444835927394 0.159868163926783 0.388777736409119
-0.0396804165992473 0.116028199713419 0.189961720500045 0.145695708886083
0.0129594688993651 0.0832525673752913 0.13943682478195 0.0470520313893924
0.0230310788874859 0.0441433768583954 0.103184719530501 0.0144962235089866
0.0200775000991164 0.00659294815034903 0.0267534902490254 -0.0120870913022862
0.0135016633182042 0.0049590597775429 -0.0567216333286324 -0.00869945359549377
0.0422394810807704 0.0290304604631354 -0.138869835796045 -0.03826221032044
0.0686501834717274 0.0906178097623031 -0.18957389029682 -0.109099016240234
-0.0173113514683329 0.171560676706638 -0.156130695581971 -0.286922827030275
-0.178006680051855 0.0403501631079669 0.0326963858084273 -0.420978296338895
-0.0232763321345501 -0.107462459760213 0.289933528439293 -0.336287127806086
0.132883788549951 -0.00126569105048355 0.195097555428864 0.0341346621031044
0.203747835605913 0.0316142472337139 -0.0858974333353894 -0.0519948937898217
0.0670692708300061 -0.177322243363797 -0.378894288505896 0.240610215505181
-0.166128991447355 -0.0969087487237804 -0.158523741109528 0.458697703513456
-0.107092486623416 0.108425715502658 0.0757593421736839 0.371742064256237
0.00593937008952555 0.0829933995622073 0.159112937792342 0.192428885066691
0.0112716818920196 0.0449980764381387 0.143417982363535 0.0766036404696508
0.0117354785769917 0.0185715890661627 0.103878644097928 0.0302599789986388
0.014464702623289 -0.00435007538573681 0.0294406830355984 0.00335690738565526
0.02205602783658 0.0141697649124305 -0.0464181693034541 -0.00323718280285827
0.054437615381866 0.0648049147697033 -0.115100002019445 -0.0353571526052315
0.0366425702388393 0.135223736260753 -0.160177942917211 -0.0781730595762231
-0.109382078611542 0.163519390099804 -0.17892459462327 -0.233827919740288
-0.213958220419043 -0.0797386435535983 -0.0291839077504204 -0.44262321513483
0.0622610415661057 -0.197153744872941 0.288067032291701 -0.407877961884474
0.228460212881515 -0.0018666756968748 0.204769499477329 0.00781530797765922
0.182442401915263 0.0354090480499667 -0.0695300395527274 -0.0681226444044004
0.0420994947517942 -0.121604749127828 -0.326704025904944 0.171031411766058
-0.114364372504767 -0.03306907008373 -0.199403812128539 0.403207601118948
-0.0286113631383908 0.0851258142832157 0.0411974903454308 0.399106804935065
0.0223082496495921 0.0203211577079698 0.177231714794938 0.214612995725151
-0.0123435645441944 -0.00102484906383463 0.155969892048744 0.0737878104797986
-0.010193732023954 0.000504784626203608 0.104325702277253 0.0323256994103049
0.00356663780913782 0.00120792091650396 0.0304704602471218 0.0131816904412927
0.0210317664403996 0.0357963568544824 -0.0346760511828008 0.00571878969146475
0.026773400282607 0.0978169567342375 -0.0951918720318579 -0.0111013591001949
-0.0474188885560762 0.135769375154672 -0.163340666184047 -0.0243908513146591
-0.192057453703775 0.055287781793786 -0.250171940211816 -0.213127865198021
-0.127045168058028 -0.231144685725673 -0.0685288871286357 -0.524198986599072
0.216293268930474 -0.193673811350915 0.328807742932194 -0.47785022685336
0.288662528334197 0.069758027957668 0.177678490476807 -0.0431515438790348
0.147204668429851 0.0196066000783689 -0.0597880992754876 -0.0910244355668874
0.0289519206750973 -0.0680982212865562 -0.295538608116171 0.102879132021173
-0.0555394342952995 0.00557304310443267 -0.229580483258403 0.374208424008432
0.0242760716777942 0.0431929790328301 0.0480820028557512 0.416305262847246
0.0230701305992899 -0.0300637489193812 0.204145964641682 0.198959771919748
-0.0246435536755804 -0.0340683731214043 0.157872328637869 0.0479296770827363
-0.0200275895241489 -0.0148465408028671 0.0919537038404604 0.0257100835014403
-0.0049745220968176 -0.00115111593799485 0.0255953889859245 0.0190185522448428
0.0225953776649314 0.0337039947240396 -0.0161665941519461 0.0206277056539602
0.0130418792639681 0.0946991689747178 -0.0701537940104446 0.0318239598533538
-0.0832639898952965 0.105098638503743 -0.174825187854068 0.0369555581259141
-0.188759082535155 -0.0263578195867353 -0.305897092795771 -0.200029501391262
-0.041503117875756 -0.266464375470553 -0.0840266082785991 -0.574544998182193
0.266363140084922 -0.165775618150616 0.359651239717231 -0.518439130193004
0.282777427267873 0.0589637016517361 0.145049811559359 -0.0554471448017285
0.115170484160858 0.0141702456001972 -0.0607550014399637 -0.113754403627581
0.0475056003426779 -0.0336890372691619 -0.293514652537856 0.0615073903187933
0.000759860143468582 -0.00733879753813093 -0.238353066146365 0.369965396533929
0.0261937975558673 -0.010227003301665 0.0794816796026069 0.422325502965013
0.00164333649166781 -0.0524469221332281 0.231500326467638 0.170812235288602
-0.0286721064084827 -0.0402881807747108 0.156208664120324 0.0193945671379951
-0.0213924299725697 -0.0143789521087235 0.0805405885693188 0.0160482499378848
-0.0116206654228905 -0.0021898152882491 0.0186057996726173 0.020319866415283
-0.00483316013249312 0.0258568052946461 -0.0227293062911664 0.0366654698965584
-0.0336923349437444 0.0440867866317306 -0.0956036137851949 0.0627102975326891
-0.0895280871438675 0.00430756975560827 -0.244498512774866 0.0318188301080101
-0.0792018774128413 -0.11067175001944 -0.337862993841171 -0.310487187715563
0.097964799676652 -0.176737218117299 0.0323489827254538 -0.665786124963796
0.24017787906064 -0.0253497856360589 0.478419636132084 -0.494160921270884
0.179010384576329 0.0848682945298722 0.118484885576162 -0.120062836636009
-0.049039443146744 -0.0102471192870119 -0.0237506104926704 0.0203002768329832
-0.044908434782747 -0.00262606030220645 -0.570110864605445 0.2836446507667
-0.0788274933650225 0.0227285092137585 -0.169113532228046 0.72585038531726
-0.0400276540792896 0.0692710606060241 0.341512677323474 0.439402355536451
0.0129609096722775 0.0570701756422752 0.297520878733697 -0.00898456761092903
0.0331688555873887 0.0242725526531636 0.0993262467827066 -0.0862582720185443
0.0225414612223549 0.0102063971715507 0.0418469009270173 -0.0346678816517501
0.0209505352610293 0.0140511914409647 0.00337270246555696 -0.0314994176778053
0.0173555443687873 0.0277785275500339 -0.0646198268637076 -0.00190137225955976
0.0229411623487257 0.0381898871911244 -0.157609481769417 -0.00641893099494033
0.0173990423461137 0.0496569695323266 -0.233068428624393 -0.114218533255686
0.0026937147512915 0.0484847979742518 -0.126462144900349 -0.363247891763477
-0.0251706836402289 0.0616899550672925 0.164051495985668 -0.396032567963409
-0.0648339985191716 0.0447356778353558 0.300868509410178 -0.177178981214352
-0.0882126116674457 -0.00557427368264635 0.124174994276256 0.0753669306034356
0.0653917032247345 0.0570016227250625 -0.0115419335117727 0.0130330116784754
0.0782774919878885 -0.0495643904488215 -0.578180373280612 0.259182976909899
-0.0709207968929023 -0.0895554534476353 -0.209740367560087 0.708072140230095
-0.130932125013422 0.0422656881771636 0.292050775101443 0.468183413012594
-0.0365229714318972 0.098961596418664 0.289614526342022 0.0478218208233039
0.0278505709120325 0.0732392343464881 0.125755260149126 -0.0539374516974612
0.0329383439441776 0.0365894606701587 0.0670579136562277 -0.0282272929050129
0.0250707244368079 0.0126722241423087 0.0136309836665768 -0.0311297649009295
0.0100222962550471 0.0116916633877439 -0.0610467507091041 -0.00628442342405825
0.0227909997899119 0.0160821371817875 -0.156989798659585 -0.0121889801638425
0.0499679343356075 0.0427680420452061 -0.232845451567733 -0.114070796452748
0.0382026536601369 0.0977717961142049 -0.13867180454458 -0.353183693307943
-0.0683772422332826 0.108755980565796 0.140102639152512 -0.403883152163048
-0.0905346972704524 0.0227291475874178 0.308088644277535 -0.20894095008577
-0.0439825058333616 -0.013470752770782 0.14681741112669 0.0797074709081199
0.163820471997881 0.0624893523198457 -0.0450880518833208 -0.0285797738141942
0.146067351148966 -0.117310391691705 -0.555211444691171 0.268725676055031
-0.0873563614133303 -0.166193492182108 -0.187746740751263 0.655111308056158
-0.184739340195176 0.0410680116548762 0.230227380477233 0.431791857837692
-0.0575265274805956 0.123513090766727 0.233846558088622 0.0967151190351153
0.0231060096791088 0.0957011078908137 0.12828514645332 -0.000724537337443589
0.0352447807058832 0.0493069877619003 0.0849960479432351 -0.00473753533241387
0.0237893061733312 0.00840033206449571 0.0215824517632706 -0.0225091201262935
0.00785273623993148 0.00151920143346116 -0.0599274119554566 -0.0053145097974691
0.0309149863467217 0.00895506641900377 -0.152990377232331 -0.0239388517250447
0.0741676825120271 0.0547203895928673 -0.219356502248994 -0.116590915494959
0.0408056619365022 0.146807507540355 -0.146616660352689 -0.334217912147005
-0.125295004867397 0.115589069195954 0.0989509234565999 -0.416628532871787
-0.0885728911060635 -0.0291906903769378 0.311105370290103 -0.269551116083595
0.0282418091793523 -0.0216691007545887 0.184878176812585 0.0651679500387675
0.207474212545116 0.0851600751061304 -0.0643985659717871 -0.0402260134592672
0.147818104892269 -0.163468898890932 -0.490413077783415 0.268838068839279
-0.129512255178462 -0.174688249102061 -0.17058003972646 0.576171567495367
-0.180127883349517 0.0670957057976694 0.15240118208146 0.406779567134837
-0.041773985210499 0.118326244030392 0.191675899513533 0.157308071906289
0.0126669544589176 0.0856372819150771 0.141225254232097 0.0512402634196333
0.0239847629757878 0.0443322417758233 0.105386069743018 0.0159449693197379
0.0187256007056751 0.00531457115249849 0.0275750498367801 -0.0117218451027254
0.013243285998313 0.00422573277084492 -0.058289677335736 -0.00904359722681888
0.043817610543244 0.0310724414712359 -0.142795840790542 -0.0399429008570107
0.0693462946672727 0.0940657850389203 -0.194114886727716 -0.116762502109336
-0.0204029606012759 0.17627768938278 -0.15223790408205 -0.301346270809249
-0.184640669343466 0.0393052588452415 0.0467004673131173 -0.432132526367961
-0.02540048067194 -0.113023291203124 0.311732481981008 -0.338978430792213
0.133944770986555 -0.00303376477509881 0.204792218225605 0.0399993254241233
0.207379205711512 0.0315085667441063 -0.0900475788631119 -0.0595221441816681
0.0691241728858874 -0.183292173230567 -0.400112252101508 0.232448663892028
-0.170760456518158 -0.101101078107732 -0.17688636304734 0.467864539345412
-0.110828370754146 0.109803548792842 0.0668653608565942 0.390208340082061
0.00489235576135655 0.0851003597477172 0.161138825873858 0.20473317728722
0.0109613398376049 0.0464841269978541 0.145353762500561 0.0816050902895066
0.012070836507768 0.0181656636443226 0.106275042603001 0.0313847778480604
0.0122093519572466 -0.00583060176051075 0.0296643696475251 0.00398513069151569
0.0233810945322102 0.0141393664352937 -0.0477050656695459 -0.00372060857976685
0.0559835348742231 0.0665298876209213 -0.118718538813595 -0.0368919805661079
0.0360607297711233 0.13928497893724 -0.164072596744167 -0.0848998228475859
-0.113324553347649 0.16618309980945 -0.175751980089185 -0.247376765572101
-0.220740945454885 -0.0838577340093701 -0.014817322831734 -0.454358988333338
0.064253717276343 -0.20325599960194 0.310810926341407 -0.409317498627245
0.231649635246973 -0.000599779818108946 0.215011836988815 0.0131263168182534
0.18541374024947 0.0347625860178562 -0.0733335565633281 -0.0743005939404695
0.0421018308886444 -0.127233856062961 -0.345436228219822 0.163787319493843
-0.119417848977111 -0.0353116011924008 -0.219344896607352 0.412474509628771
-0.0299417039707513 0.0875086248892562 0.0312878321912304 0.41781974182623
0.0223447063151591 0.0215869057525153 0.178865036697125 0.227175976406434
-0.0120121160181274 -0.000270999093458011 0.159410325091897 0.0776468017348012
-0.00889227146774245 -0.000930648411127377 0.106923792298955 0.0336276556887143
0.0027041859964981 -0.00143760180427826 0.0309485439115351 0.0129678365077303
0.0226818297701803 0.0355653545227645 -0.0357310360525358 0.00531725054273934
0.0277435226226655 0.100383658456039 -0.0980642800980854 -0.0121384720005646
-0.0494767965285495 0.139256905093417 -0.166664216506593 -0.0289232385370778
-0.198021754297864 0.0550331430999363 -0.247425796486802 -0.226374754966678
-0.129459640046909 -0.236828612844978 -0.0562099756464064 -0.537274294622427
0.221786326174068 -0.198038944363865 0.353019107269905 -0.480166261063811
0.292363804600561 0.0734319267876082 0.188782299514467 -0.0380535804755713
0.150379720930938 0.0186154638028436 -0.063561209665934 -0.0966824364536888
0.0289922292451009 -0.0721055609006574 -0.313306736552557 0.0982425956530841
-0.0585905456854758 0.00584363242289255 -0.247184717114979 0.382732809566749
0.024825322608391 0.0443825274135845 0.0403402390412977 0.435942317772794
0.0236710834792857 -0.0305208875770031 0.209090918713371 0.211822186625276
-0.0242401509958004 -0.0337388151959471 0.16163270254387 0.0522756039331233
-0.0194822889751265 -0.0162329020725438 0.0946690442451121 0.0269422256986748
-0.00507753888003416 -0.00275106965841337 0.0267987963529023 0.018577018603545
0.0245964333960247 0.0337951338125982 -0.0172551941484405 0.0198206873145298
0.0139551247527083 0.0970680532274471 -0.0727793054534766 0.0304836202486201
-0.0858819096942708 0.106799004266304 -0.179116397855083 0.0325406402214536
-0.192583811809471 -0.0286549878372118 -0.304157231273806 -0.213231742218066
-0.0401155235377239 -0.271038592708526 -0.0681046949121426 -0.59108505823116
0.273454009123417 -0.166872744281806 0.385985100931917 -0.520487434581291
0.28645882600187 0.0640080669057591 0.155547070982429 -0.0515765591747511
0.116714522436464 0.013398362651432 -0.0649882823002084 -0.119112625491003
0.0474337670831504 -0.0342762839560562 -0.309656621855849 0.0582440854874413
-0.000441736399618827 -0.0069428765128683 -0.256540914536903 0.381100751382311
0.0280414163994555 -0.00960432135053997 0.0720046619777259 0.442964005778254
0.00288209697634822 -0.0532652083123981 0.237527614686018 0.181822641085132
-0.0291920197382713 -0.0403979520812983 0.160049722099307 0.0239861422248833
-0.0195440758959209 -0.0162530590869117 0.0823866200908187 0.0158448379001534
-0.0118743948816756 -0.00286050852201384 0.0178280932112215 0.0207390906140194
-0.00325070777717565 0.0253725606220981 -0.0239205403058103 0.0352753464756426
-0.0335986830075179 0.0451233690894807 -0.0977171824009246 0.0624253242339473
-0.0909167352293778 0.00480622494410564 -0.249748251426151 0.0276824554594148
-0.078307291399223 -0.113148568528465 -0.33407009672392 -0.326348426994218
0.102067806598906 -0.17720809375689 0.0497955935519828 -0.680337388527893
0.246137583082444 -0.0240857441665141 0.504433780561172 -0.49200728958527
0.180286514308452 0.0878346302412108 0.13084217663884 -0.114503200726965
-0.0531469250727591 -0.010727373246011 -0.0279646506469137 0.0129878711941679
-0.0472061770892229 -0.00209479673722868 -0.608078991292586 0.299153507316628
-0.0821107519912339 0.0241854603744998 -0.176195085108408 0.767647012346344
-0.041218636312923 0.0724244835892223 0.361330577537295 0.465169222704592
0.0136062778775696 0.0593174681637024 0.313620516684868 -0.00848221812418315
0.0343811697953589 0.0242215697929213 0.103379206849994 -0.0894807971832209
0.022935124137538 0.00993613747848756 0.0443633742218275 -0.0362229889331474
0.0213286367276837 0.0134452309449074 0.00440564128298208 -0.0332454823242335
0.0181543242722357 0.0294037264102367 -0.0669761184481754 -0.000621608397021375
0.0247622072447984 0.0399855627466414 -0.166190955899993 -0.0041702189532283
0.0181280595234861 0.0514848993784567 -0.247522883672351 -0.120173469566384
0.00348233833653676 0.0502900311127566 -0.135290510449147 -0.387626362372997
-0.0255385733042657 0.0656834164742018 0.175409193822931 -0.42382763539576
-0.068159092759435 0.0490568657229255 0.324451793447266 -0.191066262207706
-0.0951117533215339 -0.00607236661070077 0.138195486941754 0.0789833958068226
0.0677529065429713 0.0574199954384623 -0.0161592495340701 0.00605001717078199
0.0813632491475149 -0.0536680210600453 -0.618350239726854 0.272272090660335
-0.0762206729653605 -0.0938524798750915 -0.221323808498463 0.748576984471446
-0.136512099114372 0.0465814272770455 0.308065400226729 0.496718776615397
-0.037883974783995 0.104455009004128 0.304860271859977 0.0510809736942898
0.02977748538645 0.0752331290086039 0.131076004682922 -0.0561308399554758
0.0362748878367135 0.0375631778220514 0.0710622467171278 -0.0295147473577543
0.0244050810694236 0.012247126017617 0.015153521801474 -0.0314580512164728
0.010815466706228 0.0123687056957605 -0.0638069828815873 -0.00450727289076536
0.0228908432462464 0.0169823281109989 -0.165503712197274 -0.0105657102655471
0.0525153527628399 0.0445397078626923 -0.247802506046485 -0.118414253777039
0.0409372853979 0.101778736432412 -0.148747600594675 -0.377928318917126
-0.0717392909285738 0.115473452534532 0.149211887901208 -0.432215397554946
-0.0963876201846987 0.0249664438252446 0.331834008218134 -0.224353467239104
-0.048449254238765 -0.0164238336504401 0.162095328109095 0.0832180158996845
0.171423332620636 0.0622221776055945 -0.0508726083292736 -0.0363196664188837
0.152105690480785 -0.124710407802482 -0.592260276217144 0.280714659788335
-0.0958382352317515 -0.174761644624451 -0.198638758392392 0.692954585357819
-0.193356416148284 0.046723692073751 0.242191742788036 0.457238292201948
-0.0583127703419637 0.131021169864386 0.248155927589428 0.103796726906874
0.0257315134997888 0.0999840557883795 0.134713740522824 -0.000456777345473039
0.0375622713148163 0.0501222035233386 0.0899650804066184 -0.00623687583825578
0.0232122813240309 0.00692651210562797 0.0228560922265146 -0.0234343751295841
0.00743675282288865 0.000924434485929548 -0.0635759950910233 -0.00460386592822463
0.0326553258806405 0.0102230292451389 -0.16282764871545 -0.0226420434307811
0.0780945687184407 0.0556126033017592 -0.233982234486427 -0.120923619347915
0.0447312709625628 0.153502411204499 -0.157190990640945 -0.357769383794244
-0.131573652965318 0.124176334336029 0.10538853394548 -0.444363918861428
-0.0969607364383297 -0.0317443059844872 0.334000068399711 -0.287310931513637
0.0278484083162826 -0.0252777555292515 0.202236761742132 0.0675248372482968
0.218536290288943 0.0845457787954534 -0.0703217171376814 -0.0482627718559054
0.151061214308527 -0.176785295836121 -0.52363427751697 0.282565094823205
-0.140479802177329 -0.182535629053712 -0.181839297347095 0.609072224328733
-0.188997720684692 0.0747441218237187 0.159439906296395 0.434589282195715
-0.0426464383205356 0.126224337249394 0.204756827868065 0.168455799415386
0.0157372800191057 0.0891749477496852 0.149038769192611 0.054710718354768
0.026420790474615 0.0450029134778224 0.110832977803098 0.0144356066477596
0.0174547751524016 0.00325683844977249 0.0292482287374033 -0.0127970027012009
0.0136384481098681 0.00413331089958856 -0.0617880361037186 -0.00782173059735141
0.0476887588911293 0.0326063041921194 -0.153084256258419 -0.0397355513970109
0.0746542593246126 0.0982026152453846 -0.207271466643137 -0.121911854778092
-0.0181728267583489 0.185962839907214 -0.161415876292943 -0.322563700839736
-0.196828819199175 0.0449554460011711 0.0513409621116779 -0.461413000587368
-0.031379330489678 -0.122383227037761 0.333430587887004 -0.360801988311949
0.139492571506479 -0.00795637853409614 0.222256059059486 0.0413158619592677
0.217420634010439 0.0287618301487765 -0.0968294407389386 -0.0667104646619566
0.0680930717293383 -0.195242805403162 -0.426877923042308 0.243800862280869
-0.183604390008651 -0.104231487100272 -0.190112956735859 0.497051970119848
-0.114443472043876 0.118198000037477 0.0695735379668795 0.419571906836744
0.00612366393550254 0.090115240617771 0.17503942499684 0.219007582537224
0.0134097921213854 0.0496030280796605 0.154551539368371 0.0853196930649254
0.0129805628370799 0.017498704040054 0.11320757392864 0.0308383152633171
0.0108559277695444 -0.00708305074918729 0.0321611502132417 0.00293087382493269
0.0249602703023707 0.0131933405939991 -0.0504558446432758 -0.00311065489805215
0.0614804989266126 0.0693525510182754 -0.127286095937289 -0.0372567379841579
0.0399563840139306 0.146016218416619 -0.175191074813111 -0.0888695026659182
-0.118334490913905 0.177541561549434 -0.183999024137707 -0.26521758547941
-0.235489970257617 -0.0841413718677008 -0.0143005225276848 -0.482434980072782
0.061692621594147 -0.217293769628951 0.332109901026067 -0.43300993432639
0.242769982185204 -0.00549666783315702 0.232162154826945 0.014406977056296
0.195247375761244 0.0296870102586894 -0.0820170468808171 -0.0818226305107841
0.0400441994171934 -0.137220399486159 -0.370360119073106 0.173037522112312
-0.128488634189326 -0.0342646013309852 -0.234558485646091 0.439382441288081
-0.0294632253022168 0.093404688614699 0.0350592332382503 0.449683504292691
0.0233831501868239 0.022508835941273 0.195840357239882 0.242980326181194
-0.0114165125887984 0.000833152594691169 0.170085491717249 0.0822240122540326
-0.00990929441526144 -0.0028108128616821 0.113939540836922 0.0329998081825477
0.00120702605450072 -0.00294023675934683 0.0332740124630344 0.0127656931930954
0.0252130471847963 0.0355615512190806 -0.0371707770069539 0.00581653530794516
0.0326789224601263 0.105400529617537 -0.10465573968469 -0.0114984789076531
-0.0494199333895957 0.149032589414449 -0.177563757114676 -0.0304067249897006
-0.208438896264012 0.0631569319934243 -0.259354168018432 -0.240036886434692
-0.141999241157818 -0.247285180821383 -0.0581059199430237 -0.567759372595696
0.22831077748031 -0.214684064254479 0.376661898394873 -0.506613877224249
0.307858080557708 0.0713242643724698 0.204303070606372 -0.0388798086689236
0.158037496516255 0.0141843481302154 -0.0722865995840011 -0.104904197948222
0.0269896058896493 -0.079190031470536 -0.338024055344629 0.10479889821715
-0.0637209304052618 0.00766337978224131 -0.264170483307275 0.410541315334021
0.0272951506896465 0.0474682982153391 0.0451948543817691 0.468957712405141
0.023461941447014 -0.0321699580393788 0.226461656023741 0.225534453065491
-0.0252483610470258 -0.0338410157376411 0.17232998945671 0.0541639960802405
-0.0196007741163515 -0.0176245039804554 0.101730182520577 0.026451723003054
-0.00624639543004877 -0.00453705246500038 0.029339670679489 0.0178019558588567
0.0271770821446947 0.0332462756502643 -0.0175027180862962 0.0202889456672009
0.0173087546008924 0.101493568701137 -0.0774270968662327 0.0327137926360716
-0.0886412690214114 0.114921984403773 -0.186918043702562 0.0343608907726177
-0.203511844251479 -0.0268867802452732 -0.317128474549396 -0.226483710275879
-0.0466466030576108 -0.284082329195486 -0.071429952732357 -0.622620380104922
0.283938762223521 -0.18018571028731 0.411934849381115 -0.548610114531566
0.30149131584895 0.0636799383126562 0.170867770871817 -0.0518809048950247
0.124120672154638 0.00975421768633847 -0.0750606688497363 -0.127583340859482
0.0495980843587578 -0.0383219659467641 -0.336617845082343 0.0636579000523969
-0.00108599381446145 -0.0064748136267943 -0.271181888794849 0.409924736729133
0.0298234183700036 -0.0104916607083681 0.0802057424745777 0.47529767406461
0.000974498746122657 -0.0563319622515337 0.255718777828975 0.193077263767145
-0.0308988482879603 -0.0417063964956959 0.172252095846762 0.0245465366260393
-0.0205365883078036 -0.0171530095285675 0.0879769211700799 0.0149003782895388
-0.0118750824691915 -0.00427067669178275 0.0200685414866651 0.0199635567023106
-0.00214287276493462 0.0258869065698975 -0.0234655267076349 0.0369780450421397
-0.0327487786587233 0.0486498235266598 -0.101619481957203 0.0656887532649631
-0.0954222457332517 0.00765042118424488 -0.260038790337101 0.0310284085217399
-0.0843654997378849 -0.117424043061603 -0.351057908874801 -0.342430957721258
0.105681315569594 -0.187458790580518 0.0521184616680496 -0.716580236836164
0.25849201128058 -0.0283021337352914 0.534950892897212 -0.520392834668996
0.190278535605452 0.0904066492132507 0.141611164049865 -0.118032880082481
-0.0600758350127685 -0.00137207843530481 -0.0287407675785438 0.00900988650182794
-0.0489906312901037 -0.0015608964487645 -0.597927457352121 0.422052059771569
-0.0856241350546517 0.0315013300220403 -0.047685898576319 0.839820143942208
-0.0383821532713625 0.0827541294128399 0.465278339978422 0.416579550363186
0.0232298985546418 0.0630628759391711 0.325706926443191 -0.0676877347226213
0.0388957419052034 0.0202728905522188 0.0910886172480465 -0.109684298374595
0.0249622372047849 0.00600668642279554 0.0413296708015432 -0.0469560639968492
0.0230389078447103 0.0104166035101017 -3.8437924022414E-05 -0.0356282230088061
0.0241933266634356 0.0267194130906829 -0.0677464999000155 0.0112654768885475
0.0325474959373672 0.0367172496389495 -0.173092145759714 0.0255286456148797
0.0296956624054542 0.0473134062909891 -0.280987532858625 -0.085176749755987
0.0126583548188782 0.0531959165630785 -0.208825088138177 -0.392904780488905
-0.0127521188050531 0.0740139512990253 0.117009831620354 -0.481702087811782
-0.0641952444287227 0.0644425872873713 0.31669817496401 -0.255885543573243
-0.100728870910217 0.00912876188044414 0.164393493312445 0.0594469232933332
0.0814266184997972 0.0475884533986678 -0.0288892404277321 0.00351778262234161
0.0771146046375658 -0.0776064751309873 -0.614667782132637 0.39871856011674
-0.09982471667424 -0.0934502961900329 -0.094398554506037 0.834282106615697
-0.141793003533099 0.0711847434150756 0.422366519573201 0.457846985320986
-0.0237869462766361 0.119128247870545 0.331728058458164 -0.00639721910102876
0.043269712885011 0.07380024841294 0.124608770673252 -0.0838131718313166
0.0426863102079787 0.0325239607235713 0.0696244715018391 -0.0467856840578854
0.026174323618135 0.00813451715652521 0.0108243802467492 -0.0360689076423903
0.0129385521562278 0.0101560032974531 -0.0658159220682105 0.00792490128117435
0.027075442660244 0.0136432890966817 -0.175100522198859 0.0194192260797684
0.0626325032440472 0.0340178797387644 -0.282548962741261 -0.0839093719043349
0.059804456445803 0.10038552288066 -0.221500547846243 -0.381315651258884
-0.0527046804700071 0.134040220482801 0.0902256317437082 -0.485751328583351
-0.0990352682944051 0.0430625580695195 0.315945081770816 -0.292793146287069
-0.0545862819899963 -0.0110698140936576 0.190631346698824 0.060377504556557
0.192876712600114 0.0321897580068848 -0.0794940506453257 -0.0271106618507222
0.139822764491771 -0.164135035388385 -0.585344575516097 0.409660337578178
-0.134946689703 -0.174678966222149 -0.0789839028849859 0.773966562051242
-0.200738682677031 0.0811913499874369 0.348087039552471 0.433053620382153
-0.0415041371941191 0.148456282521735 0.282793193783407 0.0579087795651467
0.0431823623422066 0.0997270715079176 0.138826592285728 -0.027007912439542
0.0476062848210356 0.0449731218541246 0.0938104661261039 -0.026261660969523
0.0231758560684088 0.00308686237196297 0.0192225509891656 -0.0288579399310331
0.007670437207546 -0.00128689246179699 -0.066352709968494 0.00733636466008088
0.0361596613068763 0.00487372839854201 -0.174831446525234 0.00514897592529439
0.0925636626334107 0.0420280796771644 -0.269738880358226 -0.0896361530645941
0.0730165833840363 0.1539355179834 -0.225274776774303 -0.359194508101642
-0.114193085912095 0.154215208717753 0.0435294901478067 -0.488962289585345
-0.110377886980371 -0.0154384398382322 0.306808716304517 -0.358714151920419
0.0210780007946849 -0.0338149905788804 0.229687543126127 0.036798607638994
0.247320417745269 0.0450748402458688 -0.106108015387788 -0.0344621456287217
0.128282970650723 -0.219802987825775 -0.51260855789957 0.400662104844764
-0.18503878564969 -0.173099932627711 -0.0733872292749711 0.682830486206652
-0.190644888651934 0.108438084845715 0.258034765552039 0.423196093028387
-0.0261696460707743 0.140584962797439 0.250389389535261 0.134983851481395
0.0310926537360468 0.0902817878919941 0.164853088000441 0.0269343334116657
0.0347328079729983 0.041099974074513 0.119830157350159 -0.0089127151689728
0.0162886825112273 -0.000298520795442486 0.0282575428164915 -0.0186900402554031
0.0142196097147564 0.000487665728052992 -0.0661965267982993 0.00285902592423507
0.0562979512135327 0.0257988541918249 -0.168294422156242 -0.0136888782077299
0.0961787837431052 0.0874952949333252 -0.241362573950197 -0.0957860237667226
0.012185585171825 0.19938968808164 -0.222263050380502 -0.321440862461092
-0.196345081460947 0.084372800768864 -0.0179693468246923 -0.493970103139874
-0.0592440067049836 -0.120022548075911 0.291927369432476 -0.433677784546002
0.138837104524795 -0.0359564307041422 0.246328695322144 0.00679853390287815
0.236394428362946 -0.0142617214222631 -0.134520031132718 -0.0444726406080161
0.0361666355235283 -0.224818151497288 -0.414848662794892 0.341199448883696
-0.214986940091044 -0.082306440609728 -0.102701090874327 0.560289771728167
-0.10582908316724 0.140555438094635 0.159161732116535 0.425159708182457
0.0176665584847793 0.0950947298551428 0.227226329628524 0.195244055840791
0.0223393264119501 0.0497468075651378 0.178121769747265 0.0605750998345601
0.015845226641836 0.015301135240806 0.125898799551983 0.00892304301073635
0.0074111641330622 -0.0100041864069612 0.034575334939234 -0.00363982397689256
0.0280260840984567 0.00796913815181546 -0.0534062474179399 0.00531994375882539
0.0773066914252929 0.0603643621123491 -0.14113548187304 -0.0160894857865495
0.0687577620271787 0.142856552911504 -0.201419775996629 -0.0673051919096629
-0.0920733040540917 0.20562788593127 -0.23372817121412 -0.256273677271463
-0.259929170640923 -0.0421245953104359 -0.0917563789706052 -0.501781446635621
0.0206042909292788 -0.233197678204782 0.275892890318599 -0.510702709288038
0.245881147127578 -0.0506679356858965 0.252880224840544 -0.0232840357263217
0.212411107227111 -0.0100700581263863 -0.12073960215813 -0.0640349393410149
0.016741320867307 -0.15864331711134 -0.366798221286412 0.254371020136374
-0.144936989865802 -0.0185627833129125 -0.164858835964348 0.507922094299452
-0.020237994278255 0.100458630902102 0.124844247199919 0.468224279254431
0.0248401945786277 0.0222589884379219 0.254049728515769 0.219505711996419
-0.0120838514294149 0.00410707721293163 0.195388952160952 0.0558604732883868
-0.0110220943342477 -0.00271956430053536 0.128258702002237 0.0119218499753249
-0.000976777260084833 -0.00473684489920909 0.0370774754507474 0.00586270948703369
0.0331015225188096 0.0308706085887185 -0.038954964153007 0.0120211838652701
0.0544258669583091 0.101366141929171 -0.111526399559937 0.00692076655516
-0.0225137968052296 0.161404305183089 -0.191076913679502 -0.00601236887317728
-0.204145001311195 0.102428833812029 -0.306361206012351 -0.212204324012349
-0.192555006227333 -0.226273443961811 -0.156254216696097 -0.584082996140106
0.192297107152418 -0.258913894079718 0.309601590012993 -0.598481319753989
0.326759406576415 0.0181145912818212 0.216147228570617 -0.0728841642719784
0.170310096715524 -0.0188080319272881 -0.112007549960864 -0.0906956928963834
0.0135704377996556 -0.0935767525551954 -0.344767304851105 0.175909287106315
-0.0674619175158843 0.0145749888653037 -0.205275856584351 0.486317566406434
0.0317603254649606 0.0427447361612258 0.138785164723023 0.488084499528963
0.01556410272822 -0.033818360334773 0.283268134712773 0.196633654797634
-0.0327595138692043 -0.0288993901778764 0.195137012844823 0.0276914161254668
-0.0242011664302967 -0.016625345104821 0.114047812628088 0.00792761510687671
-0.00909716946596528 -0.00468460077030707 0.0342876569317255 0.0123643759543168
0.0346910721630683 0.0285088280218205 -0.0153918221965096 0.0229853649583406
0.036928695971767 0.100940752238881 -0.0750541632954299 0.0469815277901727
-0.0710368923577804 0.132190853828144 -0.189677847756134 0.064832849243178
-0.213464052622046 0.00874637393794943 -0.365169770351605 -0.186462210122059
-0.0990812198381388 -0.281653851777041 -0.179907314017785 -0.640323812478624
0.256912085554289 -0.229623290949155 0.339012665200555 -0.647691121198796
0.317655121985938 0.0130864604640269 0.178648120278856 -0.0808881763982216
0.133697919269391 -0.0142552158545911 -0.116421105662657 -0.116444890477075
0.0460973662926939 -0.0545521658064306 -0.352526979907282 0.134593293985629
-0.00384809584218967 -0.011183418402929 -0.21669217904031 0.48857511562146
0.0241941849588141 -0.0176978888594394 0.177374531060051 0.489538320214324
-0.0116006724110411 -0.0550393701803642 0.310088069126789 0.159821171562662
-0.0403310426038143 -0.0359029755049148 0.188997187870115 -0.00311432736737152
-0.0238270263919289 -0.0163135089492503 0.0983978400845414 -0.00180948320547627
-0.0138322847536462 -0.00343705999365821 0.0241388488739777 0.0156448434700518
0.00394125301372764 0.0252639305807369 -0.0184562243129649 0.0418345079287694
-0.02410804530431 0.0548492940590543 -0.0944435578875013 0.0860872987222667
-0.0959763922508985 0.0232220334511074 -0.264671357505638 0.0760099623016998
-0.104473416251747 -0.104885214270182 -0.422566498315931 -0.300639780613773
0.0755080348024186 -0.208321953515175 -0.0664880852634473 -0.762317827264678
0.254771222452081 -0.0700906786371637 0.47591708564698 -0.641550024049477
0.209033547752246 0.0610497905523571 0.138281541965229 -0.142975968751313
-0.0630600281353229 0.00518627032812791 -0.035803895357659 0.00472851499739521
-0.0494543409224032 0.00351960337087036 -0.576210969480175 0.485793525182124
-0.0830417837656056 0.0395955077389573 0.0267808500037687 0.859002014397079
-0.0311827107801073 0.0862939028481886 0.513977516552082 0.38360195472877
0.0288059603196756 0.0609609056430927 0.32584212333792 -0.0981162104864159
0.0409962555720287 0.0164733531038514 0.0828134229614552 -0.116935192053021
0.024376461982584 0.00390148603123439 0.0399574886018039 -0.0507654445110508
0.0226262387618652 0.00786677035272458 -0.00251575647802449 -0.0371492706281049
0.0275254531130205 0.0244987594940921 -0.0659416769194025 0.0179107358256252
0.0366716559891015 0.0344369768290938 -0.172658925188404 0.0438259494282373
0.0337962078953897 0.044515402297439 -0.293621939671845 -0.0599451456850028
0.018287520246558 0.0523137734293208 -0.251394103207352 -0.385181474666914
-0.0045804540637673 0.0775673859521577 0.078070572789112 -0.507424010559837
-0.0592181391707979 0.0731684741563589 0.304744721174088 -0.294147861359576
-0.103668846211757 0.0193564235183004 0.17933772377287 0.0427665979005372
0.0855133246132113 0.0399849764002882 -0.035039576987302 -0.000767918371052311
0.0697139684024582 -0.0872079278426113 -0.596211370880719 0.465074880435638
-0.110743741096063 -0.0856295210805704 -0.0197623033815127 0.859230433923328
-0.136433804083192 0.086742894699189 0.473187939699742 0.42877741064445
-0.0132213766163752 0.122295804914706 0.337308794318299 -0.0362688258681358
0.051045277469448 0.0702524772487231 0.119406243502327 -0.0950320935550459
0.0454638391115913 0.0278224769958856 0.0664180050775912 -0.0537918355171043
0.0254044620063664 0.00560265128712951 0.00858822190303921 -0.0387532600822076
0.0127900480666791 0.00920420451532929 -0.0645074428444785 0.0149054790534
0.0295553522741897 0.012142881573894 -0.176115124051534 0.0375526319143702
0.0663617938999046 0.0274192830468462 -0.296014368934061 -0.0569877969313587
0.0712995905436771 0.0953047250832974 -0.263536606407542 -0.371721989032495
-0.0393164433527119 0.14229406613561 0.0486110002676029 -0.507990201964346
-0.0976860548629885 0.0528670836546177 0.300605820697989 -0.332433490063527
-0.0587059914852642 -0.00692849941696512 0.205739468159372 0.04086390804252
0.196938733861266 0.011948202139693 -0.0889526880173657 -0.0261357793117939
0.123579919756701 -0.182055089163604 -0.566304431188489 0.472067037298545
-0.155945211376383 -0.162713885582129 -0.0106115780269637 0.79766119303123
-0.195846222019515 0.102672088687528 0.396102622773707 0.41123347053262
-0.0272826717073871 0.155254004780303 0.294914897949609 0.0344389135223713
0.0538306652276959 0.096356350151506 0.139806248196023 -0.0388800542211527
0.0518631248129551 0.039235824092304 0.0928126121714427 -0.0368041480037678
0.0210462909948206 0.000952645518626289 0.0175961542288509 -0.0312947907907812
0.00653286835756973 -0.00170713354617074 -0.0662533370975242 0.0145020769921816
0.0381353393226927 0.00265100876899282 -0.177733927270636 0.0241187549943573
0.0965915562630717 0.0335976062019445 -0.284691849440522 -0.0646359929948198
0.0887518781546112 0.148367653337288 -0.265811552804337 -0.349373815086154
-0.100945834966482 0.168920225435913 0.00132498918129586 -0.507139277334321
-0.116588298043884 -0.005787257240161 0.284138955850718 -0.397164068239648
0.0163398920563666 -0.0387192296059817 0.243433380221959 0.0140718303304504
0.2533251457018 0.0184895043274325 -0.116544961055329 -0.0292747385732127
0.106097960576487 -0.237965579618823 -0.491654920735502 0.455873137308077
-0.206893607078743 -0.156431668550276 -0.0142953878021084 0.702304664881033
-0.1821349835922 0.130174359199147 0.303485538198811 0.409615001593961
-0.0127441928033758 0.145802245199758 0.270911120526208 0.114344776368946
0.0416845782265898 0.0878627116153339 0.171860474820626 0.0131835331702135
0.0381277924564837 0.0364859049691091 0.120545453588106 -0.0222690546573348
0.0137166571299727 -0.00220256845850274 0.0267212338045183 -0.0232899754071368
0.013785516950864 -0.00177569530606723 -0.0664378232213331 0.00992877037826371
0.0607827274567712 0.0192856237124238 -0.173387757720606 0.00356692206843547
0.106435120908913 0.0786341419922049 -0.257080629907923 -0.0735958013497169
0.0326844496410762 0.200939494608218 -0.258193453350906 -0.311843184057123
-0.192851454875143 0.107225949348585 -0.0613767502884044 -0.5033459246381
-0.0759561640219005 -0.117097244812691 0.261814482068815 -0.472113221042054
0.135292092020404 -0.0529801338433466 0.25748727443508 -0.0175412073706557
0.235923349843193 -0.0403094572670135 -0.145090360007051 -0.0372182137005882
0.0117157475738802 -0.232977651971013 -0.39885640943251 0.385069294310152
-0.228408590716877 -0.0610912847647062 -0.0564730527481731 0.583440220747307
-0.0934049935639082 0.153790962608953 0.203727906533932 0.425140030838209
0.0276469398805177 0.0949586283185452 0.254635092180231 0.179375181872516
0.0281178810311615 0.0481227553044506 0.188709585635447 0.0452845446532067
0.0163990073138033 0.0124009851572026 0.128725866183277 -0.00510984641138938
0.00420730679425072 -0.0107919221629592 0.0345271731800615 -0.00818147368433234
0.0278801984572718 0.00391347753552949 -0.0537745473352703 0.0104729040364702
0.0861237771333814 0.0526065888872622 -0.146311510368953 -0.00175307645014741
0.0855426565568271 0.139123616216488 -0.213387522904993 -0.050201651344562
-0.0733393409589383 0.219163790140683 -0.262114767679215 -0.243929692156541
-0.269983418648735 -0.0150516253161753 -0.136834512032762 -0.504776479637782
-0.00630217859312515 -0.23895012508524 0.237976937122452 -0.548218769982935
0.243017778534791 -0.0768966302346123 0.260695011072179 -0.0478195882197866
0.21235061394206 -0.0340935160907191 -0.133620411082486 -0.0569142148521485
-0.00204306461901189 -0.164678945114381 -0.358051330083232 0.293664310671314
-0.151240500260217 -0.00256460319683422 -0.12365197537209 0.537579957439508
-0.0103770799173845 0.103969702035247 0.174571652217971 0.472085247959817
0.0265672265363435 0.0212835553263322 0.285053893836423 0.200019153221036
-0.0110928107751102 0.00615525821534374 0.205993896058906 0.0379353352333423
-0.0124420359273415 -0.00236918732482663 0.131701530631354 -0.00253817229003028
-0.00369762019483625 -0.00519623491854311 0.0376842843503216 0.000821677204278513
0.0362617471019928 0.0255300901972908 -0.0380374368081686 0.0148442197689819
0.0683864943101189 0.0966977280010392 -0.114872417848493 0.0184812358582995
-0.00500052331645552 0.166804013587082 -0.195472521597518 0.0115152760351628
-0.196545638895986 0.126738030958628 -0.330122080420136 -0.19147700428395
-0.221037025325751 -0.209662037089807 -0.210484782919287 -0.580184909866194
0.165462350086836 -0.282959987692985 0.263411099123922 -0.640603816898539
0.332284333364454 -0.015902525819307 0.219324515351103 -0.0938085960885134
0.169260228081419 -0.0385480655862433 -0.128067136830096 -0.0825231020249594
0.00151553979912877 -0.0983685668533309 -0.342324740171625 0.213553795979
-0.0679425694972548 0.0225000794026815 -0.166249205367892 0.520172786257109
0.0365998767294164 0.0397883572912338 0.190668846405945 0.491868280674829
0.0113985806622305 -0.0350900870623481 0.313708750469712 0.174196284726306
-0.0350295700375075 -0.0250407153096798 0.20284945750823 0.00898068183536851
-0.0270216356486808 -0.0150092713876675 0.117374055900396 -0.00513091661412924
-0.0112978149887275 -0.0045461861614462 0.0362603006129198 0.00765331588203275
0.0383488850011055 0.0229646935711617 -0.0138244470668635 0.0240802422342027
0.050293650708224 0.0973961437879136 -0.0723135271925061 0.0549482346769819
-0.0573677985939976 0.143027863401005 -0.185886189878632 0.0825380635081017
-0.215796115618218 0.0321639667412128 -0.385871506412354 -0.158187793085765
-0.12966990373292 -0.274259033100202 -0.239232169726319 -0.635354918810013
0.234721886896637 -0.259290202674699 0.290236879132161 -0.692472111245829
0.323397423622926 -0.0193770413071817 0.181342188031914 -0.0988229545088689
0.132203778753247 -0.0302955567400213 -0.135888350373215 -0.108131236424324
0.0394417146618367 -0.0613436760088603 -0.353582716649576 0.174425383605423
-0.00507918191868492 -0.0113441687462358 -0.177473281090578 0.525779264412004
0.0231850542733803 -0.0205877255095518 0.229871226992614 0.487741126013578
-0.0179835684727879 -0.0541172785630895 0.336561333892579 0.132389913689094
-0.0430731763917667 -0.0316521778565409 0.194100967527488 -0.0219515495625674
-0.0257651908050037 -0.0146060327089296 0.0999065366688475 -0.0129109212357172
-0.015092046994705 -0.00348653218290731 0.0259618028296544 0.012113084788823
0.00718849724242501 0.0230094800140215 -0.0152649114182307 0.0414047242903085
-0.0163860005145938 0.0581598786845057 -0.0886168139048049 0.0947215317123777
-0.0941768801393794 0.0353375614221734 -0.260369594107535 0.101336908729452
-0.116177469246004 -0.094523399788234 -0.456028535806672 -0.268262502356695
0.0552874421704225 -0.218274620095341 -0.136238894969435 -0.769474366099275
0.250778484626493 -0.096348135767336 0.430497626878353 -0.695912841858299
0.216752027715983 0.040049625864283 0.134234898574817 -0.155771064234118
-0.0616832822653352 0.0113225650806927 -0.0416825592454887 0.00308582000203017
-0.0466561766110128 0.00800852229672217 -0.524615108399264 0.51916999494747
-0.0750458976326855 0.0446973808320011 0.0963725944250463 0.829076180461074
-0.02193687051535 0.0851332021480544 0.529268112862211 0.328992164886208
0.0327982848624245 0.0554300612747228 0.306425014172102 -0.121224339913813
0.0400718595495178 0.0114237305558236 0.0714574904305155 -0.117695471302047
0.0225072122214586 0.00110962006821067 0.0355554989398671 -0.05220000325308
0.0206374460252263 0.00594400414114645 -0.00513022324391239 -0.0368076117522163
0.0281983387885015 0.0206062314566704 -0.0599666311961234 0.022251130208778
0.0388472721160663 0.0299509736218083 -0.16190487690442 0.0574445213829844
0.0352638889115836 0.0397191681450595 -0.289019638679577 -0.0323811248990733
0.0214387368505928 0.0478583182815146 -0.278283800372108 -0.355644309365064
0.00360327789308633 0.0754689859302017 0.0344689180339549 -0.502942953281049
-0.0505489043807058 0.0761809685550031 0.275708756363728 -0.315404874192184
-0.100513094286052 0.02820574696542 0.182125021737963 0.0234962839227543
0.0845176626218333 0.0306434463357115 -0.0406531767225529 -0.00394224545403548
0.0583543572833356 -0.0902657300333073 -0.545691216481264 0.501146157528487
-0.114701521698458 -0.0729834377073187 0.0509616908072479 0.832619573925847
-0.123964984184389 0.0949607635081798 0.49331464910653 0.377550411180881
-0.00231551091451802 0.119150830962925 0.324045763989786 -0.0634343046539792
0.0555436286217386 0.0612376990955979 0.107452491416883 -0.0993177384234078
0.0458166300090833 0.0213883319285557 0.0599712977169195 -0.0575726620473957
0.022246216525012 0.00290744716042797 0.00479724891133291 -0.0386557213525283
0.0128771406971821 0.00737305569036227 -0.0592476518448886 0.0193974064433207
0.0299459338398373 0.00918978892439513 -0.165814400110082 0.0530950799859923
0.0652934990621941 0.0209200619373703 -0.291970707872478 -0.0285394712174943
0.0761114267708226 0.0844293982806078 -0.288823440995159 -0.341808022958916
-0.0258833802728656 0.141103462622828 0.00662866961615913 -0.501795898025412
-0.0917430096560856 0.0601956617223128 0.268137563787098 -0.350524963675952
-0.059519372031683 -0.00206105326877059 0.208031308469911 0.0200225783041943
0.188173026693407 -0.00528016256248726 -0.0926123763281859 -0.0214895019705989
0.0994868415580581 -0.188438282517666 -0.513240921313702 0.505284399647533
-0.165540167445308 -0.143206629406247 0.0540510820059044 0.771493005131346
-0.178502327876882 0.117134120886408 0.41722498357991 0.36606522179226
-0.0127701780068476 0.152431128231049 0.289930915235447 0.00815836115879906
0.0610583909212763 0.0867953431340807 0.132815461677561 -0.0471587508827144
0.0527149745711 0.0323184821876903 0.0853240138015592 -0.043339090316047
0.0171112404748732 -0.000893191087912134 0.0140636811252783 -0.0335930416725129
0.00510791135785949 -0.00282859271413706 -0.061418645126569 0.0186760916351719
0.0377231567699367 -0.00117251313407799 -0.170588368151148 0.0400221489519252
0.096077729308788 0.0237549352725714 -0.282489188816635 -0.03737224673306
0.0989658236498297 0.133914100802631 -0.289071306407834 -0.320462969840304
-0.0834645046528038 0.172330823580054 -0.0391162063766069 -0.494975528860369
-0.115080518888511 0.00426626832884271 0.245020660910973 -0.410556939720033
0.0103122338027101 -0.0402586630757721 0.242084476899398 -0.00881731817781386
0.243278191412603 -0.00694586783676446 -0.120382563985283 -0.0221498048513419
0.0784666551141426 -0.239274966581768 -0.445116615177974 0.48271304330055
-0.214912607719379 -0.131459479831291 0.0401487569806444 0.682854216677326
-0.163503689897695 0.142552805444834 0.328839969553301 0.375106483498952
0.00161366390859669 0.141965359575323 0.275139845095301 0.0883526311247525
0.0496499031676785 0.0805881194536399 0.168110412613227 -0.0014435355057428
0.0389094857616771 0.0303746944756975 0.11381022703339 -0.0324153661606155
0.0102558804411474 -0.0034006364441008 0.0230063774785052 -0.0253594068679604
0.0114813034364867 -0.00372538546276207 -0.0636162362317997 0.0155278234986284
0.0617174037141306 0.0130609133716777 -0.167917626314451 0.0208882269363256
0.109843284055356 0.0661047108397162 -0.256314299179765 -0.0485911589701925
0.0489485090254068 0.191120015964617 -0.278169766245551 -0.285039869019339
-0.177523802626089 0.121966931591945 -0.098749894278361 -0.486943980508936
-0.0869331329463809 -0.106835780050259 0.216575168048247 -0.482941029609691
0.123854092463955 -0.0652768601156557 0.252773607656652 -0.0396620025929435
0.221799972494 -0.0620753293062026 -0.147833854172081 -0.0262594584064365
-0.0122681647034406 -0.226271238422142 -0.360376309738716 0.405966687947208
-0.226540602313778 -0.0375839196587187 -0.0094537751805328 0.571260407274328
-0.0760102312549587 0.156650385320245 0.235398647348406 0.40007708337366
0.034408228452479 0.0891558950956131 0.266543907942697 0.151411620548658
0.0331308843119714 0.0431792236896852 0.187729909035461 0.0277399077735422
0.01580557768096 0.0105484985428369 0.12302446474862 -0.0180183130435726
-7.98176595247502E-05 -0.0109046166986662 0.0310932532776402 -0.0128683180069164
0.0262021256460291 0.000446322779867558 -0.0510281151702489 0.0144546640164598
0.0895041637403243 0.0414145004086347 -0.141823668471096 0.0121719250153423
0.0951213763098814 0.126179949987866 -0.212197802249058 -0.0294767302601391
-0.0509372072175626 0.218494041586349 -0.27525532665397 -0.218133593067542
-0.263250718443701 0.0119467943549463 -0.170342024446642 -0.479514525348289
-0.0308282978136509 -0.230334242714421 0.189044890949512 -0.553343672629602
0.226200531549758 -0.0973384533959385 0.253944331802102 -0.0698637362417754
0.19975449501502 -0.0539520978761153 -0.139521646271827 -0.046089939910911
-0.0197969979739878 -0.160456212646867 -0.327463511202798 0.315570987416851
-0.146794415265472 0.0118464929107521 -0.0758071526981065 0.535284241969941
-0.000387901799071921 0.100720153323069 0.213145550229782 0.447786292203711
0.027435731274457 0.0184267013148812 0.297226320904557 0.168445756335418
-0.00765295780040872 0.00702052761152316 0.204640228327506 0.0182402827152166
-0.0127903709607575 -0.00118649447368503 0.126690020515878 -0.0160517747925226
-0.00661611664542925 -0.00469300648411487 0.0354580353532915 -0.00460063470440519
0.0367051516739786 0.0190267404125479 -0.0356985814529406 0.0169508233579523
0.077088670763395 0.0851232461826203 -0.109464004773692 0.0287247974612689
0.0116370293217014 0.162300087857429 -0.188517034759272 0.0272567855908476
-0.178251619316411 0.141937089712559 -0.334069455365815 -0.16084621718486
-0.234027303260112 -0.17950831952433 -0.247414049983312 -0.544613891850871
0.131108415325717 -0.287188847447578 0.20637176432781 -0.644021798619328
0.318174755446022 -0.0469499990970259 0.20948560735113 -0.108779615876087
0.157166186956929 -0.0546978265801682 -0.137554224335006 -0.0708175640115676
-0.00962352815734386 -0.0968120323184011 -0.319099078405684 0.238934113673799
-0.0644850804602001 0.0279445527371683 -0.118426814623936 0.522847724945296
0.038696784503048 0.0344248942335149 0.231998245539864 0.466243457744917
0.00738400614598116 -0.0343075211623241 0.322716906751574 0.140457794484715
-0.0343836168166707 -0.0210348659419715 0.199027910815981 -0.00984420894183794
-0.0272012692832919 -0.0130692179069357 0.112941988855212 -0.017379845341409
-0.012424412955549 -0.00397265246184081 0.0349314534616187 0.00237076421013044
0.0385519503272342 0.0164276170301683 -0.0117322242636469 0.0232605726098238
0.0589317373935403 0.0879719540856452 -0.0662510149960139 0.0599155284195518
-0.0407381780646628 0.14421667896139 -0.171998279777985 0.0940995525514379
-0.205521846677494 0.051413348768852 -0.384029116911376 -0.124991409260082
-0.149943242620584 -0.250589178211174 -0.279463892719992 -0.595331043211045
0.200827480687854 -0.269510902396244 0.22812175976213 -0.692691135894716
0.308873861560207 -0.0471998638931964 0.173606562376282 -0.110607822756461
0.124053250213542 -0.040785544726703 -0.147261994149893 -0.092926190754914
0.0312320371317519 -0.0647252182643358 -0.332606455954263 0.204071149825266
-0.0058531286152794 -0.00921667305994285 -0.129125833059468 0.529778001082205
0.0205443460776295 -0.0218661872324791 0.271498508916134 0.458507443082033
-0.0229535837572745 -0.049138382200613 0.341975924436296 0.0959063913819414
-0.044221216391376 -0.0259603636998084 0.188151764413734 -0.0389113206329153
-0.0265482638702983 -0.0121298896742989 0.0967177474638168 -0.0235714950747249
-0.0165376489255242 -0.00219863610847958 0.0253478263735377 0.00783698877634739
0.0102946392355608 0.019125900239562 -0.0117898380457177 0.0395376499985969
-0.00936700167025882 0.0577818013299283 -0.076391810647345 0.099894050296238
-0.0871913879808531 0.0440481072852362 -0.240924684126125 0.119325799125167
-0.121101024154334 -0.0786969575026332 -0.461688800854032 -0.2206486005897
0.0337942716033128 -0.212752567965892 -0.193569791186757 -0.735091025176142
0.230599849205947 -0.11554366460801 0.361615009989029 -0.711085357475665
0.212703983693996 0.0181194521815196 0.122687020977823 -0.159809763229178
-0.0583806070357247 0.0141739738716868 -0.0469493626113489 -0.000105589262495796
-0.0429951088726126 0.00961922086056541 -0.480607916710865 0.512591218878748
-0.0682298209582845 0.0442835728945191 0.121487000767849 0.779815263019256
-0.0169955930080721 0.0802377741202534 0.512225442595813 0.288985521303608
0.0322637909355632 0.050336835188121 0.284616100270741 -0.127408591223824
0.037977946894293 0.00805447035338857 0.0634614769152931 -0.111728569683796
0.0204598167539498 -0.000278697282005328 0.0326460195597933 -0.0513454423399298
0.0180841176416782 0.0048904202267962 -0.00622499135399208 -0.0352432599993886
0.0274263587950088 0.0180178265766743 -0.0540772039809213 0.0227516598327795
0.0382582673843059 0.0263490750939556 -0.148443142811468 0.0618548744398216
0.0337348995183056 0.0352618784138283 -0.27345378843306 -0.0174337595826262
0.0218621569381645 0.043151012044463 -0.281354512122536 -0.327881661644864
0.00758229656570736 0.0706014867298017 0.0133303351068446 -0.481277394208434
-0.0431610074635563 0.0751127288384146 0.251400871819564 -0.312006186251436
-0.094577796196259 0.0309826250687991 0.178479293340586 0.0122164450745675
0.0799993710441073 0.0250003752259897 -0.0457945174843494 -0.00600927435036258
0.0505159018502305 -0.0884174358966732 -0.499105013337908 0.494304993025456
-0.111506777780349 -0.0640130750605212 0.0781558220639152 0.784334496656178
-0.11176862931051 0.0956601430449887 0.481251601030611 0.33662462876567
0.00263247478673107 0.111201838061283 0.302658735311288 -0.073954598986201
0.0546588058280985 0.0541121957922489 0.0985981504648805 -0.0962480428087535
0.0433051744773453 0.0179111102035257 0.0543825993769489 -0.0563979222139114
0.0190401515876517 0.00213049684701333 0.00238462625445123 -0.0378416706898321
0.0118116339755304 0.00551051868877112 -0.054829490316751 0.0208724270354144
0.0293416623602427 0.00739715814472251 -0.153696378755417 0.0579699335116011
0.0618483559917133 0.0163005944018879 -0.275984258253247 -0.0144529874109351
0.0752525205427837 0.074970178784021 -0.290011220832311 -0.312587891555462
-0.0168413960205591 0.13412208149209 -0.0133512958638733 -0.47864426297713
-0.084115105726118 0.0609243462488121 0.241202123738606 -0.345754876379891
-0.0585159558089903 -0.00105718622316131 0.202562754601888 0.00774829828083939
0.17575804744416 -0.0136919251792951 -0.0942066945940771 -0.0204834186236785
0.0810671209834166 -0.182516518637087 -0.468052810921057 0.499010391235629
-0.163230738789199 -0.127030067047674 0.079414464840418 0.726754456254767
-0.162602308793191 0.118952876794953 0.409940158167297 0.329972512659441
-0.00555304505083585 0.143912976104118 0.275698225009992 -0.00421787783455088
0.0617264795499477 0.0775494947484534 0.124880310874619 -0.049473356612991
0.0500497009675353 0.0264910189030393 0.0786851089158771 -0.0448911556543658
0.0138473964532236 -0.000900890461537046 0.0105384243810596 -0.0328160388764379
0.00308718225555049 -0.00219632397308396 -0.0568135809665967 0.0212752912652052
0.0362623924003471 -0.00331702634513206 -0.158568035014787 0.0474197927716441
0.0905978111441038 0.0183414116992618 -0.267781657450209 -0.022366424562452
0.0984763288964116 0.121120599162787 -0.289020342152328 -0.293645255223193
-0.0710736440541681 0.167398328114778 -0.0542873225654683 -0.470024346851339
-0.109645009643211 0.00920725971999986 0.21758789604795 -0.402056463142586
0.00631784436118617 -0.0406557012356865 0.232919445408481 -0.01961990563904
0.227075940326316 -0.0176674161678706 -0.118729462105163 -0.0207169504361566
0.0604608160218319 -0.229770669190145 -0.404232570533051 0.474338532449817
-0.209521565903623 -0.11417782778733 0.0640543538211589 0.643566714918182
-0.146858199293594 0.14313716720454 0.326047364805501 0.34246930179478
0.00768735816024812 0.13315638176474 0.264846549372468 0.0713880669838966
0.0508845497562842 0.0718957993496061 0.1604781519666 -0.00828311287578292
0.0371592026494286 0.0259773382847881 0.10446462724213 -0.0369113547423414
0.0068781695108174 -0.00308761022208987 0.0195488898860264 -0.0259170762308297
0.0091220163454897 -0.00437579736105052 -0.0586293721482939 0.0173974075740183
0.0590649054103625 0.00849845346044462 -0.158399284646989 0.029139229443976
0.10709033757555 0.0573147897342549 -0.244699907866605 -0.0333358317646451
0.0555349058992435 0.176942435029377 -0.27586095226714 -0.260282787653359
-0.162459762497915 0.124957889872101 -0.108104987185159 -0.459894463499885
-0.089536539300254 -0.0969249315764024 0.185791801177046 -0.46660084871421
0.112312157986776 -0.0695486833366086 0.242455881424505 -0.0492068557159403
0.204519030265362 -0.0690723006231326 -0.146075225837921 -0.0220558308822867
-0.0235445140821633 -0.214211964187281 -0.329378902118086 0.398533751971775
-0.216009358566904 -0.0245900789536237 0.0103287618516502 0.542148050405947
-0.0636144479260217 0.15115786755039 0.239329344316981 0.371348228160261
0.0371930493435797 0.0827317627669567 0.26130883565639 0.130990782753525
0.0342723835478018 0.0381938349882903 0.180640832975714 0.0168886899206077
0.0142958500125267 0.00851895752237213 0.114545391316469 -0.0237303879799035
-0.00258924467388253 -0.00938771273671023 0.0273722743400685 -0.0137765790820272
0.0236338899937613 -0.00146122540999966 -0.0479839042226337 0.0160351161332019
0.0868488269137969 0.0334582319033562 -0.134991993929281 0.0201386650696746
0.0965978521973877 0.113784452781138 -0.201918165783054 -0.0180223368537355
-0.0365038382931081 0.209820566174162 -0.269240729590178 -0.199181082849342
-0.248472971221769 0.0248684601182155 -0.176726533648786 -0.448507980080438
-0.0422177919068719 -0.215373506792137 0.159278286147857 -0.530766980344702
0.207765406132232 -0.103530504264631 0.24099916419295 -0.0775105917525761
0.183153771359154 -0.0616490529311712 -0.138883631897975 -0.0390469614946647
-0.0287596443023343 -0.15132463800867 -0.301059870421073 0.313295526530511
-0.139354045413958 0.0187029332841578 -0.0542046489447605 0.510540622856178
0.00487887726518084 0.0954140641557822 0.222889857820842 0.418126525917759
0.0264865536209133 0.0175323582278744 0.290920492188726 0.144544683745603
-0.00636688574434051 0.00701593768391841 0.195129531524051 0.00694548818924419
-0.0129130593460101 -0.000857591841003606 0.118014759654447 -0.0230961713310771
-0.00883595582526927 -0.00379877554282141 0.032336049808885 -0.00622753771046694
0.0348510987142344 0.01464356428112 -0.0338922814307496 0.0174397512480066
0.0780474039317212 0.0746771722982313 -0.10257904640251 0.0327136048219701
0.0202804229898394 0.152600715805773 -0.177015754821081 0.0340749185875584
-0.159904587345133 0.144085756199471 -0.321268133923976 -0.141221373186185
-0.229630208250756 -0.155287624884142 -0.251494818051653 -0.504467512929122
0.106498927827709 -0.277139450177129 0.171638194501452 -0.614416781249123
0.296917603864052 -0.060234714647086 0.19840366308647 -0.112477386530339
0.143682591778316 -0.0594452081673701 -0.138175385932202 -0.0611692674609928
-0.0161740118889702 -0.0925214051922055 -0.29586945332461 0.240945617644509
-0.0599364481072496 0.0297830736157409 -0.0922015087663275 0.503353856856633
0.0382683593760892 0.0304593799395197 0.24221666692281 0.434165338282416
0.00407755072642563 -0.0310416224764697 0.31424266081343 0.115974184915303
-0.0322380669587271 -0.0175832057513928 0.188686098116753 -0.0205819181121978
-0.0266466792270616 -0.0113361127571961 0.106148931688237 -0.022633275204092
-0.0135229653642467 -0.00250032391578654 0.0316240055052783 -0.000210801286163711
0.0366034585471354 0.0122259902671123 -0.0116367152827877 0.0214653202557095
0.061379026545335 0.078632630845601 -0.0595807482577913 0.0591047351753822
-0.0300257299951478 0.138987157312989 -0.157587397628475 0.0956637651842921
-0.190379267451762 0.0596365477440611 -0.365860961704976 -0.104579358344254
-0.15262603819055 -0.226704537833268 -0.283974504879632 -0.550170088982771
0.174418301281925 -0.261711749852491 0.191835398869432 -0.66335552361647
0.287669110218768 -0.0590958011992691 0.164614363061379 -0.112685891836038
0.113494754840777 -0.0454899023035478 -0.149945903779666 -0.0802659300856768
0.0244771944042624 -0.0637218032487518 -0.31020717414929 0.209742916729548
-0.00594893735993226 -0.0104046515527428 -0.100253585101967 0.511467890892095
0.0183430584116676 -0.0224795144123266 0.281441430378379 0.426107630651996
-0.0249413710380971 -0.0443851900912805 0.330193132377032 0.0727393236207651
-0.0404513736339265 -0.0219748976557507 0.176773125979347 -0.0481198517577313
-0.0244256502201836 -0.0102575683688431 0.0909467619708539 -0.0268841260222155
-0.0160443701683215 -0.00147915828018752 0.0230022460367985 0.00516562366324384
0.00939089332206741 0.0153216277272519 -0.0104330519040203 0.0363096415829404
-0.00399414342638351 0.0537696746205441 -0.0666583344539002 0.0970421175928069
-0.0778695505007836 0.0479045482984789 -0.220578621167647 0.122448835721597
-0.117012843610766 -0.0689062445035542 -0.44076602994527 -0.18941919833634
0.0221157575964754 -0.199728751533407 -0.208244797124952 -0.683923299062386
0.210593324201236 -0.119181115156902 0.316998954582733 -0.683578346861133
0.200991040919599 0.00791631480727682 0.117256163198603 -0.15487083269423
-0.0566811662647384 0.0147826671643917 -0.0516833488003994 -0.00321886156557279
-0.0402695389828404 0.00926030295835947 -0.467013996259821 0.492156789298737
-0.0647422484949208 0.0410925268823716 0.115254177835372 0.747272574075281
-0.0161508462118007 0.0761230062901721 0.491366616349058 0.278325950922554
0.0305561357577528 0.0476587408139212 0.271910998562936 -0.122410358971136
0.0351982177921607 0.00659359956748565 0.0624366435982052 -0.106013352649449
0.0187272056529506 -0.000136507608251409 0.0326623580892156 -0.0499355412650318
0.0163705470045651 0.00507231720994013 -0.00600216915871458 -0.0350633843687665
0.0257336206993383 0.0162394515909561 -0.0514678853226801 0.02039180580356
0.0367373272667386 0.0244265167591454 -0.141007744968497 0.0598628937888942
0.0320166660331353 0.0333959721339853 -0.261882408529225 -0.0155083151497727
0.0210412834640986 0.0406378058899779 -0.272673499847733 -0.316321478039948
0.00841214654125273 0.0669947189615654 0.0134585095988903 -0.466074557038252
-0.0410713216367688 0.0722127747497189 0.245333499468025 -0.302459470511968
-0.0917190656137743 0.0300864394947553 0.17557405330337 0.00979228005951007
0.0755357806395798 0.0232435375916218 -0.0505108193906968 -0.00793653396336316
0.0464537392215189 -0.0854396333078366 -0.48451368636069 0.475046512828799
-0.107355534572392 -0.0614508046775375 0.073705392961341 0.752837879659595
-0.106411672032781 0.0914310263410558 0.460968924716718 0.322622490873438
0.00329425072028453 0.106052213586534 0.289464060265904 -0.0714304960653941
0.0520815736423845 0.0502118606103476 0.0942550923930356 -0.0917667922902265
0.0397603678107548 0.0158669656685057 0.0533691351521598 -0.0550175234495961
0.0152285782376803 0.00255809726163992 0.00155716025220275 -0.0371084851494104
0.010148904919039 0.00604515556141597 -0.0515449217516797 0.0194763470026609
0.0281532843963051 0.00686780124208899 -0.145853002966536 0.0575238099806254
0.0578583354033964 0.0157409742066401 -0.264370577217344 -0.0115935554760201
0.0718436836209048 0.0704041007064895 -0.280885876927782 -0.302281379773374
-0.0152525887251447 0.127912450677293 -0.0105581830403177 -0.463481266574398
-0.0810179714248143 0.058125639564943 0.233931138981986 -0.334768562043496
-0.0576002036348711 -0.00235854009577101 0.199565047644506 0.00638806904563697
0.166996962419178 -0.0120532960736525 -0.0952929768712307 -0.0227927136282354
0.0744675598731425 -0.175913266168233 -0.454939033210545 0.479126784325018
-0.158342083736157 -0.120998289604274 0.0736222744011712 0.697354633306936
-0.154049956896263 0.11534808779461 0.392730573754292 0.318699888518228
-0.00430687718143388 0.137831739747912 0.264282750683966 -0.00517600979203894
0.0596913857568617 0.0714677040289309 0.119417703262116 -0.0474629051465737
0.047073797866991 0.024018712988158 0.0751131448561554 -0.044138180164997
0.0106630415048128 0.000220873488131914 0.00972098143035949 -0.0316956142545376
0.00114983168886633 -0.00314034702152907 -0.0550553779658907 0.0198821506564151
0.0338237320914195 -0.00344779437271797 -0.151102977545163 0.0468255229176575
0.0858724568816434 0.0162984629207336 -0.256634210809583 -0.0194941388856697
0.0945904706562939 0.114299737933876 -0.280236676922542 -0.284868020003339
-0.0671441731274947 0.1603067007174 -0.0504815435173189 -0.456157610261523
-0.106869730266956 0.00777559617703855 0.211769395885666 -0.387027814338659
0.00312252044711725 -0.0405335274238113 0.22777123569702 -0.021369091806665
0.216190082215429 -0.0189262802431819 -0.119231045837382 -0.0213287030805889
0.0541095342204533 -0.220764700609565 -0.392744059045603 0.455135926741403
-0.203032197536504 -0.107450520282407 0.0590312104857725 0.618002686274083
-0.139305107826929 0.137682525051888 0.313226674249231 0.330466801755287
0.00819852071127117 0.128006668414837 0.256034373532195 0.0674168841359541
0.0494805341913487 0.067292705295239 0.154498408830015 -0.00909263613142287
0.0350121400937429 0.023875680995825 0.100309467999413 -0.0363110037563984
0.00442602684149083 -0.00190550164903009 0.0175222617752846 -0.0254836698897813
0.00743529501952548 -0.00415713183619262 -0.056187240643878 0.0169084149964166
0.0576179346603273 0.00663808948329582 -0.15141088294808 0.0297914007671266
0.102707748179348 0.0543161652012841 -0.235863613236515 -0.0305900086209045
0.0539362583482414 0.169285351583297 -0.267161235438339 -0.253330375607428
-0.155462447779213 0.12123657126464 -0.103735117761563 -0.444423581556811
-0.088978559799432 -0.0928618948214232 0.182933206192503 -0.448820675450047
0.105608195983581 -0.0695747123294873 0.236950649453925 -0.0493108133145479
0.193844091360257 -0.0662765827385996 -0.144411778379868 -0.022617576221582
-0.0260146611842496 -0.204993120120535 -0.319484321594382 0.382358271104605
-0.208121988719356 -0.0223298219044335 0.00645663353370555 0.521186570829648
-0.0593762849017287 0.144908758173021 0.232216777223663 0.359026216838359
0.0361572527780241 0.0799032843119969 0.253089853961186 0.123966672693895
0.0329993003458545 0.0351885441924774 0.173965584762327 0.013904051915825
0.0137353926668728 0.00736088098940142 0.108526675525385 -0.0246570945377384
-0.00504101828379646 -0.00709126363631308 0.0259614510524573 -0.0139826638275932
0.0211154875510351 -0.0020432182077726 -0.0473076455391198 0.0150345822265271
0.0844098586931022 0.0292232987376675 -0.128837804702455 0.0203820536193178
0.0933216270246916 0.108551363450852 -0.194156947842265 -0.0164852433764322
-0.0331813432637292 0.200976692561011 -0.260833619000614 -0.194125988714359
-0.238352762627269 0.0259593793052788 -0.166561263499161 -0.43283300595986
-0.0435522308048139 -0.205674608298529 0.156243128938489 -0.510336110575223
0.196538951002694 -0.102094848656841 0.235312991094769 -0.0759107137385989
0.173770967027732 -0.0604411495115792 -0.138791381193993 -0.0387996723075132
-0.0310862918810481 -0.14527674866435 -0.29348969123008 0.299920825233308
-0.133868624587494 0.0182602250943186 -0.0542028690814689 0.492429636754544
0.00520806318154209 0.090055382500568 0.216643329483875 0.404867800461781
0.0251516098279717 0.017247780069576 0.28192547113538 0.136406650338546
-0.0044084622637939 0.00629861685457596 0.187566685799369 0.00378997366920353
-0.0130908479466826 -0.00154834894671832 0.112433639230806 -0.0249334590341092
-0.0099074167155176 -0.00280635200565597 0.0295693291689879 -0.00684986659690682
0.0320349930944452 0.0123187929022555 -0.0332787080481089 0.0163220599510653
0.0756764497709978 0.0690586862337613 -0.0983115363180333 0.0337391104488515
0.0219105027200511 0.146173322476598 -0.16919537102785 0.0331784348194932
-0.151369355142771 0.140620080115478 -0.30770232619573 -0.137810947381243
-0.221398712562311 -0.144962610549506 -0.238084254117453 -0.48412907947186
0.0983250064369322 -0.265225862379694 0.168643785494182 -0.589955283196086
0.282634831908544 -0.0619259066451262 0.195036025320741 -0.10883959263881
0.136054082414667 -0.0581068504166671 -0.138616092651104 -0.0585196070458547
-0.0176132019685792 -0.0889644654517731 -0.288696578278527 0.233211906041369
-0.0585045665408368 0.0290623275487377 -0.0911711457278191 0.486761256055598
0.0366608176652765 0.0290688848311731 0.237608436226226 0.420484864539213
0.00301428012144856 -0.0280492479920513 0.304266395472442 0.108450303909371
-0.0300915592568819 -0.0167565427098969 0.181572891856404 -0.0222803784615942
-0.0257391630012765 -0.0109417213654885 0.101187745758574 -0.0253264815933259
-0.0142363954256419 -0.00282881762850563 0.0292195431593738 -0.000989675184030131
0.0345010591473375 0.00957613380187377 -0.0128295430991031 0.0193541716089382
0.0605084694947608 0.0735790141647392 -0.0579932044001387 0.0575685170005406
-0.0264773412978072 0.133863071405568 -0.150618200499268 0.0907961661267908
-0.181427816439696 0.0599851126462854 -0.349002481541918 -0.103519665578921
-0.147126365599086 -0.214375094470405 -0.266383132046093 -0.529451861910438
0.163594606325107 -0.250642377400321 0.187349922750847 -0.638263822434589
0.274639020537122 -0.0598103869036189 0.163619994544979 -0.10922972985761
0.105892319207728 -0.0447871668794433 -0.14991022268177 -0.0765649623542744
0.0221460897294582 -0.06152079845129 -0.300349261407603 0.204542191259538
-0.0063383278322963 -0.0098015180643271 -0.0961406975698442 0.49460337879324
0.0169648660093153 -0.0209641979236992 0.27427308974132 0.411471845699479
-0.0249233727975056 -0.0408328962409273 0.317791109399493 0.0689140273505427
-0.0382499933337098 -0.0208092690030156 0.171305754430911 -0.0493079779372652
-0.0232098176409442 -0.0107912762527859 0.0872574919447424 -0.0282418558838555
-0.0154608679568579 -0.000364252666528173 0.0213351974411328 0.00567021040289308
0.00872144999511785 0.0128995793643744 -0.0118648400714648 0.0346258500612142
-0.00196430379741763 0.0510403468070903 -0.0634851018681315 0.0918747771741534
-0.0723942888179379 0.0476880334502028 -0.210034082431571 0.117124935692952
-0.112488763932347 -0.0633106773472735 -0.420228789423773 -0.184714634128135
0.0198083823247089 -0.190331674368996 -0.194829933423211 -0.655740974393604
0.198825574135421 -0.114337334312511 0.305772843624459 -0.656391215922919
0.191125964463976 0.00525431937507383 0.11836555642141 -0.147016158006079
-0.0577504322374246 0.0078576226172777 -0.0569243401515191 -0.0181559112094309
-0.039986262358755 7.33925309300658E-05 -0.537633677285569 0.420201581514967
-0.0711413403749205 0.0263553260475496 0.00544355128048497 0.751512320564537
-0.0295829801386637 0.0710868139925116 0.440747496887041 0.334799875765536
0.0221803192838556 0.052023313585555 0.279996050087262 -0.084174689780846
0.031935830242223 0.0106439799149379 0.0766394110446963 -0.0930995811353539
0.0175324465233013 0.00153417044904136 0.0404830465929089 -0.0455015352622717
0.0126665738718409 0.00848809389245651 -0.00106495203400058 -0.035471832539474
0.0214516846819379 0.0194608037655382 -0.052557164393747 0.0115904627091354
0.0311620496345552 0.030032601714651 -0.146434808181447 0.0365572264201937
0.0228764459934556 0.0400179440716446 -0.253789118244294 -0.0583605361628217
0.0082446209459256 0.0450204004844275 -0.220365898383027 -0.359851633520996
-0.00898233110155538 0.0609627534302567 0.094080695520569 -0.461094960322333
-0.0536299736688035 0.0596600835197521 0.29697604051035 -0.259201273119905
-0.0961121462390008 0.0116439274067321 0.179493008395989 0.0389843000264408
0.0696142657361265 0.0334235678044358 -0.0587543421305302 -0.0153245872590598
0.0580463487965431 -0.0787930280498609 -0.551302414920195 0.406694078446155
-0.0979382484670811 -0.0791033077737103 -0.0291129826367003 0.750381225553394
-0.118332640139905 0.0725644714570102 0.406487785051806 0.370988951707634
-0.0135366978332118 0.104372274265974 0.290528633361482 -0.0352023365823598
0.0427979124411399 0.0551867344125277 0.103892962437914 -0.0768233900309566
0.0365067734730975 0.0205253779844295 0.0595035244864863 -0.0482160057818103
0.0127260012733725 0.00542240707837675 0.00656098486135099 -0.0363525548171608
0.00716789510058419 0.0068339874220059 -0.0536089147069015 0.0100787401812633
0.0262969036355743 0.0125583426643099 -0.151775015075716 0.0349309154714207
0.0504913784305423 0.0269180308456746 -0.258260458042575 -0.0555565400675378
0.052392159863585 0.0824655766189353 -0.232819460466752 -0.348463884480933
-0.042363269005204 0.117243920348764 0.0697285338796808 -0.462401877003429
-0.0924972592420094 0.0391090858196263 0.292280383035128 -0.292992197132116
-0.0572402541195685 -0.0148565597851884 0.203620274578094 0.038762789009515
0.163642312960271 0.0132643009935353 -0.101222928091454 -0.028286238460693
0.0975400773525329 -0.163348611562164 -0.519459908171547 0.41765975496186
-0.139688636545848 -0.143742129703077 -0.0149382248322083 0.696791827092749
-0.169078284477865 0.0883606949526138 0.341840525067825 0.355966245246977
-0.0263524522842575 0.133723536444427 0.258213148108669 0.0257743385451519
0.0461396053774775 0.0765442957826915 0.121849730421813 -0.0297919471742991
0.0424455221633218 0.0293895350290158 0.079390708596036 -0.034889523611296
0.00890482126217054 0.00274225575263344 0.0131383502485531 -0.0304658987874785
6.51692407289668E-05 -0.00161248391367988 -0.0571345047671501 0.0108188887116841
0.0338956956876912 0.00322958985385333 -0.155720220240863 0.0224782804382469
0.0776496103002686 0.0319692810541957 -0.249790171017186 -0.0614102481693247
0.0678615583511418 0.129451317641216 -0.234158237511074 -0.331145705750417
-0.0984554184040992 0.141046159656926 0.0303332358221657 -0.460223711110144
-0.11107602962255 -0.0135238659560384 0.276504685804775 -0.346548173675111
0.00906907371805228 -0.04300591039645 0.234943252161115 0.0178352142373961
0.21273688151318 0.00929458425951183 -0.126663917272238 -0.0264189471941333
0.0833624924765161 -0.210162992934009 -0.451933876279042 0.404596498009348
-0.185354305683917 -0.136163557002672 -0.0208639235696914 0.612686937787485
-0.157917520245325 0.112594214076833 0.263461006351959 0.358651607040113
-0.0122626769582191 0.126549603122051 0.239385360533887 0.0956752256218916
0.038120198065849 0.0703845893415907 0.15040285468668 0.0122362929947667
0.0305846398820944 0.026382604690338 0.101214483129499 -0.0252293736375833
0.0020833231941921 -0.000497667547941479 0.0195435133712782 -0.0224913471542657
0.00555161161277518 -0.00305144468780925 -0.0582059544118702 0.00793514806922845
0.0547232987593006 0.0154563096166848 -0.153103182976648 0.00656742685267147
0.0884899472196736 0.0702876666269879 -0.226742450772029 -0.0695257861655003
0.0213936837675134 0.177043105816824 -0.224439009000148 -0.298946687490746
-0.179744256647829 0.0923680533143892 -0.0221704343273628 -0.454165716707283
-0.078528317601264 -0.109431851335121 0.254781045896536 -0.409391024991357
0.112721045416649 -0.055555542642146 0.246915437167227 -0.0100089228435165
0.197894227651369 -0.0414305372890091 -0.14747416863122 -0.0294922657375593
0.0026152134218393 -0.2070474982682 -0.367500125469985 0.338034274358481
-0.201721689761982 -0.0538404958305239 -0.0630047815526915 0.508575587018885
-0.0825243135326038 0.130993319493901 0.178191880195326 0.378208453595464
0.0210818705071653 0.0853713295763609 0.23110199441155 0.152781525804841
0.0276252590229812 0.0378693305251265 0.168537069471772 0.0383166016454927
0.0119447532334078 0.00779118914970243 0.110069477659733 -0.0119724903617812
-0.00595286153519432 -0.00731292728111958 0.0257681313131112 -0.0106159473702083
0.0188529584389222 0.000614561311335464 -0.0496909292717621 0.00722780493112583
0.0773667071237445 0.0420491664906259 -0.128760129773498 1.47972202176683E-05
0.0731681288137058 0.120494933877057 -0.187562799335464 -0.0495838534161157
-0.0684756413786158 0.194412894086467 -0.224614910320027 -0.240023884886414
-0.245125037506513 -0.0111122300094754 -0.0867214840862357 -0.450957320518729
-0.0170461499138455 -0.210176269440957 0.236939142765288 -0.472867120753752
0.206602407865402 -0.0724952589981537 0.249145701548036 -0.0372251989436879
0.176895015861055 -0.0376709093850183 -0.139439517139199 -0.0449449338127117
-0.0115381524097836 -0.149883131868656 -0.331425813849027 0.259816544005279
-0.135330124335806 -0.00323813786222491 -0.122077701142735 0.474242022633909
-0.0108345853680157 0.0888824245398048 0.156855945889867 0.424652555001626
0.0216535655401827 0.0234161141994384 0.258344573654349 0.170935735485675
-0.00495381382187736 0.00393049364856996 0.18515872251832 0.0289485932010009
-0.0121097358375007 -0.00420626834991983 0.113527636296813 -0.010707878520076
-0.0114173086149924 -0.0040928915654497 0.0286670140529366 -0.00210780079117851
0.0277945833285159 0.0156476972658028 -0.0366044130014377 0.0105860349236907
0.0646030981375514 0.0776132333703331 -0.100387418339201 0.0170558965695003
-0.000621552609912578 0.146643385417207 -0.170021776239751 0.00406557185668466
-0.172732970450502 0.118024041452567 -0.278116448822746 -0.188948160709022
-0.204744618047575 -0.174124453076652 -0.152527541584081 -0.511886496904519
0.128280433642425 -0.246361237399824 0.258541362608407 -0.554270025038301
0.283431135976345 -0.0190604403273212 0.214725150126392 -0.0769824950347916
0.139396045828472 -0.0399440210934342 -0.135387719541657 -0.0662707020508821
-0.00638616702433794 -0.0928037922501794 -0.319193529018321 0.192501835881544
-0.0633580087671398 0.0169811086424236 -0.160481591369967 0.468009115456562
0.0289882750872591 0.0335533111522213 0.176259394951313 0.445380470935804
0.00778118379403095 -0.0239376268019003 0.285835380826411 0.147746023853194
-0.0262813732698508 -0.0211304280545911 0.183911686046941 0.00198555561280223
-0.0236330983047123 -0.0156258948861708 0.103303655060553 -0.0131634993937811
-0.0149941860273941 -0.00377651837953437 0.0277748204422397 0.00287413792691482
0.0305200908386025 0.013349126823561 -0.0172305742114324 0.0161036905004531
0.0489178027965262 0.0797720771000536 -0.0635549384170179 0.0457124995263973
-0.0456456776756731 0.127571015828921 -0.159438525183118 0.0649649449538387
-0.188539288751999 0.0357574844141088 -0.322581624709168 -0.159181611041628
-0.122059398126558 -0.229548170315226 -0.172849960091918 -0.560496778429791
0.190016902933435 -0.221314648636892 0.284647603977667 -0.598184558537757
0.274089214690243 -0.0162397496728124 0.183146129473349 -0.0832344076831804
0.10979936754507 -0.0295599749643323 -0.143843043903607 -0.0865114243261831
0.0293099888789114 -0.059565578689029 -0.328773216699631 0.165423252107723
-0.00638719893816913 -0.0129773078085852 -0.166700321834837 0.480754313972669
0.0177544337847105 -0.0174273239368416 0.217016686015039 0.443096767663886
-0.0171365078140007 -0.0401674596869548 0.307765163657554 0.108951710705111
-0.0345137565449262 -0.0259725054098237 0.177544470995516 -0.0272641203701123
-0.0197140134499236 -0.0158911340618955 0.0892055171224683 -0.0185906517709583
-0.0163583319085053 -0.00312800159317681 0.0193604061918141 0.00818765859021511
0.00763287224497392 0.013646379486901 -0.0184269514873046 0.030630346901925
-0.00682281652563769 0.0496355818941654 -0.076154933997653 0.0795921969534289
-0.0766242158281435 0.0381138344969261 -0.221755106318165 0.0821807822703849
-0.103375965502071 -0.073327939630439 -0.382323790314947 -0.248818523585956
0.035226227868228 -0.183720618313169 -0.0844593235017943 -0.674176077774881
0.203385226428558 -0.0857428704198436 0.405642288914908 -0.598668186434222
0.183035427918451 0.0335364470732355 0.148425721284607 -0.128113304448559
-0.0591435050377963 0.00854499514680615 -0.0644348729104995 -0.0209763198308305
-0.0406563801830195 -0.000273594112832725 -0.557514801053867 0.429865672026678
-0.0723613265160291 0.0257084722212883 -0.000432235859838899 0.77140727459571
-0.0293515087521035 0.0715794508977543 0.449905674042757 0.345436579487233
0.0227148068073643 0.0530505210053511 0.284891603002068 -0.0862350378381368
0.0319791270973926 0.00960130529013059 0.0787486559325355 -0.0938254796214497
0.0168897283263789 0.0020787560876751 0.042389709518889 -0.0469035098407733
0.0119820112032009 0.00954626099421763 -0.00118315468701416 -0.0370627233335985
0.0217901378624679 0.0191758450588719 -0.0538454241950274 0.0106911538914591
0.0326276376455519 0.0301511559622765 -0.148466397997258 0.0384130377276058
0.0227861996339134 0.0407208919262664 -0.259319703877154 -0.0594088373449967
0.00852411869937778 0.0457353629774526 -0.227709623459237 -0.370991792512983
-0.00774745455736385 0.0615778101928785 0.0992770629499485 -0.477448058614955
-0.0545058815714962 0.0618863502643513 0.309381863174498 -0.267643003382305
-0.100339782865584 0.0123834963299472 0.188994805940051 0.0379590647413208
0.0707913950860963 0.0334463241400863 -0.0649626675510727 -0.0189928746442335
0.0587227264716952 -0.081701702942298 -0.572877221580026 0.416679191634456
-0.101279512371589 -0.0818220849335293 -0.0343920969029035 0.769239142006279
-0.120302566604367 0.0736995225410259 0.415415201542044 0.381386335048172
-0.013090297641066 0.107362716899438 0.296295714005068 -0.0370086612454112
0.0428517866917228 0.0544551920685147 0.106564918453677 -0.0762463728258184
0.0367215386890724 0.0197343783183641 0.0609198176399783 -0.0501154776733493
0.0110528884590434 0.00713398744972878 0.00657961154263848 -0.0379982905671143
0.00589366341658938 0.00725778392967579 -0.0549883504880127 0.0100793860702971
0.0263221437685988 0.011712465360117 -0.154580661642568 0.0357211752532237
0.0509951601206151 0.0277172391947029 -0.263136840992287 -0.0571987437618027
0.0534639971020174 0.0835330561208148 -0.239131547747162 -0.35874439790234
-0.0428247643969731 0.120172229074304 0.0742216297902488 -0.478308422329755
-0.0945278870044229 0.0395987104668755 0.303599066996957 -0.300961779443507
-0.0599280469233903 -0.0154703960221546 0.214820115645606 0.038226836007652
0.166304536413724 0.0180688143018653 -0.108319774101129 -0.032797476809094
0.0982131760248319 -0.167751679707614 -0.537586235655947 0.427329232807683
-0.145106635354127 -0.146126762526011 -0.0200167633119455 0.712528958665918
-0.171687247444128 0.0906255219642208 0.348876331312224 0.36559079272186
-0.0257293680634351 0.13646130220009 0.262845496857038 0.0251526895613118
0.0471732167399432 0.076938911946349 0.124268009314435 -0.0298579239304325
0.0420184608737661 0.028604001690072 0.0813099509683752 -0.0365433136061635
0.00679373804059987 0.00346625522639418 0.0120621509644051 -0.031121019635913
-0.00242162978760569 -0.00123098733498563 -0.0578806387707726 0.0116294626945746
0.0345613708783348 0.0030443214884744 -0.158839178585443 0.0250971993578608
0.0793928228405258 0.0324940302204546 -0.256282900474466 -0.0629509028346057
0.0703303531980346 0.130947007179706 -0.242264989715285 -0.34167048564198
-0.100570497441544 0.144624937160076 0.0343554428175544 -0.476227132006712
-0.115215410476317 -0.0150774461400907 0.287487023777851 -0.35487985344521
0.00704168925157196 -0.0462666324846191 0.246958888925206 0.0171049140360423
0.216134957438615 0.00783792059460386 -0.134245920296676 -0.0297630914210266
0.0824109403042871 -0.215904843749223 -0.467210426258441 0.412079160064669
-0.191784141760605 -0.139144118340558 -0.0255935982565456 0.628299157528873
-0.160547033442457 0.1153187661025 0.266870428882355 0.369441598469139
-0.0114538047858936 0.130014932227174 0.246192043504725 0.0970545084302162
0.039028517207686 0.0706758567879115 0.154593883943911 0.0122303403507306
0.0304739822988799 0.0255477752411227 0.102981479012589 -0.0262393496825651
-0.000340495884493319 0.00117208607093919 0.0191190393751569 -0.0235236116041195
0.00390525109735913 -0.0030279118382824 -0.0604391705978319 0.00800006514570023
0.056134475541984 0.0150533920523766 -0.15579121965372 0.00798169138944001
0.0908907622532669 0.0717502368195314 -0.233376552251843 -0.0702419495522464
0.0230070952249777 0.180913894599253 -0.23165701093698 -0.308153584563477
-0.184808305855779 0.0952943356851514 -0.019082290227877 -0.470389071285469
-0.0828984821697695 -0.112901385313475 0.265939468049242 -0.419274151231292
0.113570723626646 -0.0603598576512662 0.258313898117146 -0.0112116481597311
0.201825172387395 -0.042807712607815 -0.154683709224984 -0.0328109542429379
-1.94539381476854E-05 -0.211767784280359 -0.382527183481151 0.344692396661843
-0.208662578338267 -0.0536384330827354 -0.0694114751497449 0.522485061995013
-0.0829510873782123 0.133849433321113 0.182358489574074 0.390656097058868
0.0229524640902529 0.0873550398980446 0.237541568283539 0.156544924450721
0.0285520442750848 0.037453151637658 0.173056097640923 0.0381389491212888
0.011364973033249 0.00684776338009734 0.110616187685532 -0.0144429160270818
-0.00788382732468097 -0.00555057430508597 0.024800839123374 -0.0109250345919701
0.0179061775555001 0.000330850135233478 -0.0523583111801684 0.00713892150340183
0.0795670133856384 0.04016442477091 -0.132820648498768 0.00113030097090895
0.0756140271028747 0.123121216419424 -0.193034999029463 -0.0500383007823943
-0.0686519341821411 0.199543171418149 -0.230026911339735 -0.248876499169662
-0.251816381240601 -0.00863772421935833 -0.085203153724497 -0.464766474114829
-0.0200541977332404 -0.216010313402915 0.245647753884885 -0.485235596831484
0.209920148636699 -0.0780605005796146 0.259187284425242 -0.0395525456110194
0.180192918937655 -0.0397832507326429 -0.1473418175301 -0.0468073717753566
-0.0146779208188889 -0.154214852510072 -0.344979193672362 0.264520829940656
-0.140973808534281 -0.00185443195509757 -0.131415535039668 0.488269361843367
-0.0104786590797354 0.089875396168083 0.162769124661483 0.439190332501674
0.0223074130772759 0.0248308286589928 0.267067796668089 0.174866981715417
-0.00471957972090676 0.00377658305634308 0.189975247939022 0.0291070391638946
-0.0122219967306 -0.00602435205258438 0.115130997743998 -0.0136635970784045
-0.0132267474196413 -0.00271257404765649 0.0286165085089415 -0.00308206681830553
0.0277423346738137 0.0147493165196952 -0.039099200355346 0.0102927884229984
0.0678561404929078 0.0774460756530054 -0.102776549035867 0.018365352813586
0.00132885454656709 0.150440373033039 -0.173703321384728 0.00516816007809283
-0.175745488089813 0.123475777043404 -0.282782719706785 -0.19602604203558
-0.21144474261277 -0.174934857462158 -0.150003074363845 -0.527055721821778
0.128821583419161 -0.252968174651446 0.269229210399187 -0.566456945331808
0.288659594374584 -0.0238184989143116 0.224759141927669 -0.0797873934019485
0.141993207590583 -0.0413288501689531 -0.143996425689942 -0.0677003945416899
-0.00995521235864652 -0.096552987985139 -0.33108881577758 0.197233759723309
-0.0659114617608365 0.017433829678802 -0.167789888586962 0.482289717583099
0.0296900853196464 0.0336627357510959 0.1839855884106 0.460839237549687
0.0084778568209439 -0.0220426460124813 0.294180428647053 0.14962324233922
-0.0259236788812423 -0.0214210734992696 0.187774444161029 -0.000289286979515986
-0.0237294294723234 -0.0168927048368952 0.10501944178575 -0.015789138790055
-0.0164423033485696 -0.00328573381648986 0.0279541823539809 0.00291880449015885
0.0306284721907256 0.0125125717387848 -0.0189238436540717 0.0160518833024883
0.0518231906246672 0.0796660779899604 -0.065918928669161 0.0464335800186072
-0.0434998777581464 0.131079304661336 -0.161947006927079 0.0655616660096706
-0.192088819216726 0.0389739336960686 -0.329590676427762 -0.165564648809605
-0.12563990781967 -0.23252535090763 -0.173289509395359 -0.576058866309198
0.192679030876246 -0.226710284860667 0.295047141271611 -0.612534520371601
0.279786285985881 -0.0199483215624192 0.193181604096078 -0.0867581646776375
0.110808721881419 -0.030382716936921 -0.153621730110798 -0.0865655849247549
0.0274567283547964 -0.0620874901403901 -0.340888514236263 0.170510856620839
-0.00791251399078735 -0.0129548683211657 -0.171588708331757 0.497847951998753
0.0177406113542039 -0.0183099473688597 0.225313675956857 0.457198378875392
-0.0186301202203919 -0.0387790882130379 0.316821776545362 0.109292483712314
-0.0336493713941105 -0.0264111576088123 0.180977538049443 -0.0310861924941251
-0.0199584158569477 -0.0166867267413202 0.091607014289577 -0.0214215439091099
-0.0163731771092855 -0.00243369385065038 0.0177382865874013 0.00755725563779584
0.00729969395396928 0.0126827418240936 -0.0205796914411514 0.0316459489096279
-0.00606142142543335 0.0500390779308355 -0.0758334138107332 0.081676994977042
-0.0762686912571301 0.0417651316650358 -0.224768313585142 0.0843115858322436
-0.105947681609628 -0.0725388005267113 -0.39038284508483 -0.255078923101196
0.0356920250845331 -0.188091577961184 -0.0800193802654296 -0.692647262705652
0.206647394462976 -0.0885272652089782 0.422033151197981 -0.613522859913143
0.186330945894667 0.0324674467204618 0.158194520390884 -0.129604590777159
-0.0607210325739277 0.0119767228309047 -0.0736888899771721 -0.0217804628064056
-0.0412567955870855 0.0012186742304213 -0.56543734572898 0.461622825316743
-0.073203327683669 0.0287091453819418 0.0230196123068274 0.795340500068942
-0.0271006759905732 0.0736141839937908 0.475035313929063 0.342225351873673
0.0256444737904099 0.0527076349051619 0.288941671720065 -0.0995852166564135
0.032217865289588 0.00737837483404482 0.0786240306435503 -0.0982566617854966
0.0164233914502189 0.00110854198540588 0.0424799075338872 -0.0504648431193773
0.0116984389713258 0.0097310086811071 -0.00373108792083573 -0.0388408712076019
0.0217201496020434 0.01876739775188 -0.055053738935733 0.012113347652134
0.0349088962171621 0.0289163194563591 -0.150645008508001 0.0448705528826124
0.0248748563552171 0.0415685285001796 -0.268997189437532 -0.0526736617524973
0.00984455984139079 0.045577851350125 -0.251978078505418 -0.376885167721155
-0.00513061484956594 0.0627597222355947 0.0874405596864679 -0.501296311754442
-0.0535794677725822 0.0664464883273984 0.313082262195185 -0.290773102153466
-0.104744754626832 0.0179902080622931 0.2015606210738 0.0307535386132979
0.0738778884077426 0.0315714405124996 -0.0735759251338207 -0.0200975838861817
0.0571519259970955 -0.0857935044234923 -0.580050334736252 0.450053525576979
-0.108483266197878 -0.0797657938237303 -0.0108567703040862 0.795083935485522
-0.121044795353477 0.0805684166261133 0.440474896361254 0.379498367818233
-0.00885359488922005 0.110628705965841 0.303020131194771 -0.0494262397372548
0.0457130473621917 0.0521625158184354 0.10658963467719 -0.0815674150228904
0.0366248932329874 0.0174220662157357 0.0616950036616417 -0.0542289595032123
0.0100578377280293 0.00725816365188655 0.0044758007384649 -0.0393380171665977
0.0053205093647482 0.00694415709800495 -0.0563967887937753 0.0115503627634094
0.0282055666276976 0.0107150447354148 -0.157022582564413 0.0440512598387209
0.05354300305991 0.0266508638299835 -0.273128670977281 -0.0482971096407797
0.0586500218560237 0.0827503566744431 -0.263751469027274 -0.364203434546806
-0.0399975050300719 0.124977053567732 0.0608092921072658 -0.50216573095465
-0.0968327445513163 0.044457954705538 0.306156988485114 -0.322782423463269
-0.0653507086375335 -0.0137623994745298 0.227806056587389 0.0290784003206189
0.171256104460885 0.0186112811278642 -0.116560556665535 -0.0338694424375702
0.0938731588731919 -0.176505439687253 -0.547634307487336 0.460425308110365
-0.157060444431071 -0.1446036668267 0.000624893801181939 0.736772961276347
-0.172374042839261 0.10026968565003 0.372233389948988 0.365636871674608
-0.0208194908073302 0.141669832027291 0.271151484056014 0.0161658510151859
0.0512655404155887 0.0748395015283872 0.127530851377246 -0.0353969112407974
0.0430996648917256 0.0260993051929237 0.0814906049647789 -0.0423015214275696
0.00518718310383162 0.00441275787818549 0.0104121594303888 -0.033268248844039
-0.00271228110624691 -0.00129028042899788 -0.0603790757657921 0.0136013560704919
0.0353022610944382 0.000746273030507021 -0.16181086661527 0.0326549331680492
0.0826989703766954 0.0309149545137665 -0.266140499571732 -0.0552438545708333
0.0773436213390051 0.130394602339594 -0.262949313863727 -0.346411849927766
-0.0990269897434455 0.153238469101217 0.0196881277245766 -0.498311043897679
-0.120810074844353 -0.0112071061544382 0.288014107683977 -0.377794317789891
0.00364449866754176 -0.0488477327638285 0.259938155938928 0.0064199293975006
0.222683265345496 -0.000620205005733343 -0.143459978226218 -0.0283546651090342
0.0735442128507427 -0.224616941360712 -0.472125227270495 0.441786489411952
-0.205264137580904 -0.133734682426768 -0.00758816383135293 0.650112653437867
-0.159356502952348 0.125481283796737 0.28931804105817 0.372483412254398
-0.0052657881997908 0.134535759092145 0.256820441480843 0.0907467740825727
0.0429009273890006 0.0690832221798114 0.159902825914065 0.00647734051157299
0.0312135165607691 0.0240455017118335 0.103815968912539 -0.0324401594816232
-0.00185466048943042 0.00189483140773972 0.0175669640815496 -0.0250706963689263
0.00218838399602219 -0.00279255309073723 -0.0631100125582962 0.010845142218975
0.0587257514586668 0.0118901217142969 -0.160599490572276 0.0151806851406322
0.0966342788673059 0.0702140875005435 -0.242658841348816 -0.0632320066718068
0.0315593912279294 0.184607290049176 -0.251713849713703 -0.313096031549211
-0.187361233604087 0.106377274992434 -0.0351906123558946 -0.486601436113117
-0.0919120824136196 -0.11328868621517 0.26189017395101 -0.442125012552546
0.112695988870273 -0.0680620416904931 0.270252098453614 -0.0225666275319686
0.204403769261179 -0.0521941711437944 -0.164248631241875 -0.0292608760923853
-0.0109785189943349 -0.218000927159413 -0.385483949549694 0.369605094299343
-0.217324583480817 -0.0460026387094232 -0.0587209349605589 0.544053664354874
-0.0796639615147767 0.140954137183414 0.202273388031715 0.40048455710844
0.0275441022522467 0.0894698451760872 0.251308525379986 0.15186118076553
0.0312114137153545 0.0359634226442928 0.179716977374767 0.0320438065138327
0.010802421488042 0.00514268451290968 0.112753984850185 -0.0199190131321978
-0.00978452141214962 -0.00361822195893548 0.0246750373500913 -0.0127694718959482
0.0169502513232393 -0.00024294621081819 -0.054051111307 0.00978951663855331
0.0837430748065556 0.0361973930535133 -0.136238191213443 0.00675612392973724
0.083697658433531 0.12311021297602 -0.200747967376633 -0.044358100941834
-0.0615190286606426 0.208748182352095 -0.247020264931809 -0.250923565171941
-0.261058773114566 0.00121426192159858 -0.102653200888404 -0.481883150266864
-0.0304928605957617 -0.221734959629941 0.239427599060373 -0.508550493518805
0.210443786929133 -0.089438219335346 0.268989368304581 -0.0516107669737719
0.182499638076484 -0.0483095594841996 -0.158350884883981 -0.0434467315171062
-0.0247098239411814 -0.158154424256778 -0.350967159656569 0.284219307933839
-0.14700067574003 0.00415695431480942 -0.121803486493375 0.511372142419416
-0.00658439161872225 0.0927029667560589 0.185976991735006 0.449788785012768
0.0252405782550418 0.0261122842565015 0.283162938332971 0.1686878859824
-0.00423845024737035 0.00314033470333087 0.195413517485536 0.0212058143528002
-0.0142922488393091 -0.00616401545268547 0.116257521965874 -0.0208741114361577
-0.0148539527425108 -0.000770036736104081 0.0278305516211819 -0.00461586689313429
0.02681373069459 0.0134442283066364 -0.0405226768710136 0.0121726177619943
0.0733892652598117 0.0744769145783062 -0.1051168255266 0.0237200402448644
0.00971942629566997 0.154527789936896 -0.177826561733021 0.0115306005893682
-0.174358648599869 0.135691337758014 -0.29844125609388 -0.194174907748461
-0.225990471591874 -0.17023129672997 -0.171453266090348 -0.539423199478216
0.120494981775914 -0.265168729100817 0.260015453831345 -0.593170599333404
0.294163538881366 -0.0390630114947749 0.231447252800835 -0.0915968756222166
0.143808129497871 -0.048704933800811 -0.156426780047901 -0.0640035633129947
-0.0162348967439926 -0.0989072952882109 -0.339622302520055 0.214772776418849
-0.0680257766329287 0.0216550899579082 -0.157453415742545 0.507274516224137
0.0321495711468156 0.0332513718964383 0.210577464874288 0.472099559078911
0.00805010309110308 -0.0214667808276828 0.310323375113939 0.141267973623578
-0.0265725574629997 -0.0213801498696586 0.192499583562862 -0.00881667845555432
-0.025754125811089 -0.0175398150676512 0.105786244178621 -0.022885133510132
-0.017551077880154 -0.00129125193161075 0.0285080216987664 0.00192530152392119
0.0305417850141201 0.0105967363800763 -0.020705899598365 0.0167377304246667
0.0575840680180352 0.0781663964880543 -0.0653641664422747 0.050222885660323
-0.038156789491622 0.137008237374929 -0.162072386211833 0.0732129053200597
-0.195093424127546 0.049312587042368 -0.342762921081798 -0.15982006498388
-0.138838360262205 -0.23354486351109 -0.193622112187992 -0.591684697234908
0.188244145090714 -0.240299379636175 0.285672721593659 -0.640921970695733
0.284671057047115 -0.0338756145437567 0.200435636909397 -0.0988146967767243
0.112450313857485 -0.0350704185141067 -0.166367073637313 -0.0823942871159519
0.0245386154325647 -0.0655866187522096 -0.349486766029298 0.188209431861938
-0.0105453339819425 -0.013614928972421 -0.16086778597066 0.52532153563826
0.0190642133725305 -0.0191811281330368 0.252996900844171 0.466046703637425
-0.0196239439043174 -0.0365965688789989 0.330886012453882 0.0974812511969384
-0.0343052287686993 -0.026717915361069 0.183473316068371 -0.0400156151700014
-0.021387199626365 -0.0175741923689504 0.0917900162934489 -0.0276355749954491
-0.0173369711032888 -0.00146706343973435 0.0188067898598047 0.00766295742625972
0.00624699206443755 0.0113678845741188 -0.0210327991294572 0.0315859025346547
-0.00270114127774196 0.0510668835084513 -0.0748718004296742 0.0856996699592979
-0.0755505622572823 0.0467524210542426 -0.224852797085664 0.0948494504516779
-0.111780737010298 -0.0687550348361642 -0.408434275202944 -0.248596456261801
0.0293022272735054 -0.193888411546439 -0.105523886256604 -0.713025911776941
0.209335118405768 -0.0983523960191785 0.418548411495734 -0.646908912046053
0.191850565942018 0.0245941568265162 0.162558392982734 -0.140143264466433
-0.0598000066858936 0.0160642092566713 -0.0818112948082316 -0.0191043814438404
-0.0404612394771685 0.00338868615414615 -0.546914893398798 0.498897121090558
-0.0718753987086274 0.0321569672727061 0.0679787435659926 0.798155418329435
-0.0226592933556351 0.0748951501083001 0.495346983647847 0.315347133573373
0.0289881064060715 0.0511018187648487 0.281712978928397 -0.116626770574695
0.0317959025660439 0.00450608769716193 0.0742967506289794 -0.101970258425023
0.0151310262492948 -0.000310146327747435 0.0402406023582167 -0.0544900813526851
0.0116621119139928 0.0102567592978239 -0.00621059009739894 -0.0389609525104888
0.0227045256001378 0.0174475349291116 -0.0541224144989501 0.0149745058886969
0.0369168701466238 0.0255510717271781 -0.14741736676708 0.0550678790019828
0.0273632181619144 0.0400996411443848 -0.272121369560326 -0.0375816700667904
0.0122997299966328 0.0442036537475703 -0.276903174587197 -0.365334598375708
-0.000930551810984916 0.062107434636966 0.059523871143167 -0.514568197370603
-0.0495466360167467 0.0700384659411757 0.300781281214853 -0.312508420650158
-0.105906626848357 0.0257380643160373 0.209212205466628 0.0162504438292721
0.0752498577959456 0.0282638428763473 -0.0811506269596888 -0.0186356460746182
0.050872290808142 -0.0889001714075548 -0.560187006493796 0.484465835776718
-0.115199249232417 -0.0729642646946701 0.0324534563486146 0.798854493247539
-0.115465087879633 0.08819909033282 0.463711702217497 0.355795462489019
-0.00186268199215015 0.111798854083887 0.298643682248728 -0.0683080811218816
0.0480578496589961 0.0482758222782123 0.101992719468829 -0.0871793539551505
0.0357459363670167 0.0144494068207671 0.0583724188492762 -0.0581736674630025
0.00986689440356831 0.00816699226898071 0.000896821978319709 -0.0401040094191178
0.00368786746994741 0.00839575404916228 -0.0562317164782183 0.0157477009637413
0.0287238679204309 0.00863056390382328 -0.153852680725453 0.0542877884528517
0.0553870672855808 0.0236940376118263 -0.276199793379075 -0.0322502429397849
0.0631316746190054 0.07756560723266 -0.289046852194561 -0.35252805500272
-0.0319225942140974 0.126541190437799 0.0333440871385953 -0.513266275734205
-0.0956982262277075 0.0508318378022399 0.292226979880919 -0.345002139950064
-0.0678367113448936 -0.00968174278833277 0.235495748684535 0.0138534380072575
0.173548081829345 0.0109024517216176 -0.12368782326784 -0.0301207648066412
0.081798556163941 -0.180826917970865 -0.525957676086568 0.493421267361721
-0.167223992032211 -0.134424035376502 0.0409140937172088 0.740658422129001
-0.165533569759266 0.111572122507274 0.393106859258199 0.347767187483572
-0.0109714998730934 0.143310431994479 0.272113945801289 -0.000967119812403253
0.0553050448146914 0.069957476929676 0.125850153240573 -0.0427887863292423
0.0426556946030102 0.0222261553281722 0.0775321785961502 -0.047535101691041
0.00425952432056527 0.00622609493216013 0.00779179342004202 -0.0339266127054763
-0.00527458390972875 0.000291614863613753 -0.0604925380663225 0.0171636681044429
0.035967699442089 -0.00270919134144129 -0.160583202393003 0.0436416383124832
0.0854762326048647 0.0262642748105441 -0.270680049655698 -0.0401355486382031
0.0851655345151514 0.125421823803442 -0.287868308646349 -0.333232308416929
-0.0899023310828168 0.159544719917182 -0.0088062295529425 -0.505892890082105
-0.122954016154397 -0.00292364960254245 0.269954078521631 -0.39779688865655
-0.00162232855615373 -0.049401716683367 0.26553392762902 -0.0117744411154147
0.222447011393759 -0.0136655912045309 -0.150136053865205 -0.022747275412715
0.0581073753998782 -0.229658191747088 -0.453869443938331 0.471408611831736
-0.215021428123373 -0.119661479764999 0.0264853826467527 0.653128093342128
-0.151033986765137 0.136684547420858 0.310884775972901 0.359136644678166
0.00441819966571034 0.135447077167628 0.262588560595031 0.0761547719803558
0.0466530480474651 0.0651318527150416 0.160919656275538 -0.00351095418352426
0.0306421436025866 0.0208549274814606 0.100549988701643 -0.0397958950688856
-0.00304541760629682 0.00420447385230069 0.0145563894793044 -0.0266948836726492
-0.000334550669874527 -0.00261863470352062 -0.0626848463464643 0.0151613739219975
0.0595593173409356 0.0069690344247845 -0.159763221424477 0.0266293644183777
0.102178907207707 0.0636516174579152 -0.247623146263785 -0.0491131873402995
0.0434152438115476 0.182395086811121 -0.273857765299709 -0.301556412310555
-0.181874322017276 0.119630819889621 -0.0612453749131951 -0.491777801355666
-0.101538003151792 -0.107880732993368 0.241681909874772 -0.459966368420909
0.105971959538941 -0.0767149592795644 0.273784402836731 -0.0408930903005461
0.201571761829253 -0.0656416405959967 -0.171039218772369 -0.0216796645652444
-0.026039120660599 -0.216690311113352 -0.370541931846756 0.392676897503134
-0.222712459466743 -0.0308112881297837 -0.0289164419605731 0.55158109836122
-0.0699691761973523 0.145621887339523 0.227216907453426 0.393624035883388
0.034663644973315 0.0879975974494679 0.26227211194522 0.137307071297594
0.0332192235883215 0.0331589986768252 0.182565599349679 0.0202903333272804
0.00971051894335839 0.00410216675219488 0.109823070147358 -0.0283626017321349
-0.0107215201768358 -0.000852013767593908 0.0226819357023153 -0.0148479385592105
0.015401892717308 -0.00102581408482708 -0.0551800713137318 0.0131189379599542
0.0870635190482127 0.0293851700777534 -0.137070481162757 0.0159722877341369
0.0924615725293164 0.11837842554996 -0.203296739725586 -0.03251457739289
-0.0472190864815741 0.213707785720454 -0.264623002833905 -0.239133604834176
-0.261644203721625 0.0197174168365917 -0.129458464045796 -0.481170022882953
-0.0459447478848013 -0.220285422191754 0.215272489071967 -0.526479683191522
0.203065866412852 -0.105144057670195 0.269158935052181 -0.0693025181154996
0.179455853906913 -0.0599222345507953 -0.166177990376597 -0.0349867413066552
-0.0369303217728745 -0.156151024485156 -0.340868403346143 0.305548250471799
-0.148046957006655 0.0147928284359162 -0.0939724993433126 0.523607316459367
-0.000274317249543078 0.0927642476727139 0.216006275876992 0.444822996351496
0.0288917842192628 0.024778164281687 0.295718031613352 0.15134709102908
-0.00304802771392492 0.00264966369915247 0.19707349291227 0.00846548558902866
-0.0160447033350289 -0.00647101215827439 0.112478929049446 -0.0295880623142698
-0.0159077266409872 0.00174528064973132 0.0268106874569882 -0.00633208478216302
0.0269258903296079 0.0110379183821051 -0.0414797879553399 0.0139543915951014
0.0795289563816399 0.0679767174656508 -0.103847325947609 0.0297426749235144
0.0209174245808431 0.154737985893382 -0.175742924164154 0.0219384408003041
-0.164190855898851 0.148969738706327 -0.31032122580263 -0.178969540823627
-0.238227269959955 -0.1550613977209 -0.201753340537603 -0.534236004197884
0.102618642607836 -0.273849522950157 0.228047460722973 -0.6142291514419
0.289450843472777 -0.0589786140144976 0.230046255142685 -0.108726207089728
0.140142944632211 -0.057566386590442 -0.165329095077734 -0.0543873285999515
-0.0254842585822431 -0.0984265903853378 -0.333488546292956 0.235858420261248
-0.0691530290492739 0.0269293524342544 -0.130721630580771 0.524717309974084
0.0342703356044905 0.0301206364004653 0.24211074495627 0.46410803199846
0.00800378129041161 -0.0209637449027888 0.320691941278122 0.120665948662918
-0.0274424138210882 -0.0206003341413406 0.191153095781677 -0.0219117896625646
-0.0279898412730355 -0.0168320642538902 0.103321995203437 -0.0318103986114706
-0.017668968250965 0.00109839372918117 0.0275561758840548 -0.000255592613294076
0.0302465767659148 0.00798355233369596 -0.0213185967072934 0.0182038648025618
0.0635517892641752 0.0732833388234432 -0.0624548603003134 0.0541695957907377
-0.0268326705108553 0.139797887844427 -0.156199840693434 0.0825644123861921
-0.190945728553309 0.0638382200060412 -0.352702742335728 -0.142866718693887
-0.153663057049614 -0.223948877877371 -0.228918439190239 -0.585740109747418
0.172415874780346 -0.251888519087795 0.252049791796304 -0.660812883255661
0.281129692189466 -0.0525287704692601 0.197505588194615 -0.113155143862983
0.110227234725863 -0.0420155880369035 -0.176937031257113 -0.0711555160323062
0.0185418315215458 -0.0671373333123473 -0.345462488184504 0.210208401992057
-0.0110187003497582 -0.0119928899740923 -0.134188439857527 0.540940620853039
0.0175583849155235 -0.0215380400572105 0.286396668948978 0.455278664238268
-0.0212184815788711 -0.0346299976224736 0.33801487740272 0.0761468695398526
-0.0358461719182809 -0.0241443819901814 0.180008834892752 -0.0528556947279556
-0.0225776215725983 -0.0177797665919571 0.0897606899043347 -0.0359463451200528
-0.0171973896431067 0.00148440851957022 0.0173916638157845 0.00619021352614853
0.00700343399039559 0.010524931617932 -0.0209974086713649 0.0328768144591884
0.00247634873342634 0.0506264343679991 -0.0695073477299185 0.0905568289022487
-0.0709897393211492 0.0526111695117583 -0.217172836816596 0.109118555473176
-0.116114779714673 -0.0600043774017123 -0.422362432517509 -0.225467694459921
0.0175652054498548 -0.19525360270305 -0.144789948638405 -0.712998520876453
0.20248301012523 -0.111819646984373 0.381880111636993 -0.673958655882488
0.193329155761999 0.0102126356671728 0.159318357496375 -0.151801799314875
-0.056650147487276 0.0194405526181585 -0.0854124045326867 -0.015504254997103
-0.0386659680793614 0.00524487871504527 -0.510455706120094 0.510568280117603
-0.0678398679921146 0.0334262518245685 0.1033108922112 0.77016061932654
-0.0175930948590611 0.071836939897926 0.495368541768069 0.28199962598
0.0310308656597881 0.0472555747381526 0.264769510789887 -0.12727477205369
0.0295765184260748 0.00199981791506238 0.067532767017012 -0.101092623081657
0.0130388127364284 -0.00106108185719948 0.0375417715501409 -0.0553717426339386
0.0112030949118735 0.00964683552984696 -0.00917755709811817 -0.0382185750248728
0.0221345453411962 0.016122231880399 -0.0514077651122446 0.0163513318872279
0.0366923263306976 0.0220587551927104 -0.1379075968578 0.0612173312140783
0.0296268684858713 0.0378515849010371 -0.265917046444934 -0.023857277915835
0.0136401658437429 0.041529579821503 -0.289351683316151 -0.340136429548925
0.00307783311725156 0.0598306996137843 0.0314559683561984 -0.506481733183639
-0.0439862157083496 0.0708905279966265 0.279319430508819 -0.320435355293877
-0.101991031904043 0.0320107796574646 0.206874215850753 0.00219722861467582
0.0749738381000821 0.0247911220634353 -0.0848136076450395 -0.0164968736727036
0.0442318962955028 -0.0885361521167106 -0.525290713961195 0.499614984106454
-0.114867779615314 -0.0647543304244182 0.0697026768506349 0.772735418308572
-0.106542458600156 0.0905033817341521 0.466251214207413 0.323312143466401
0.00551611009434607 0.107957707583661 0.283082236396781 -0.081661633345936
0.0479804030054023 0.0433580730048762 0.0949147462663163 -0.0890897170963161
0.0335826871009797 0.011565619293876 0.0530449928503558 -0.0602446577511419
0.00887011835861083 0.00879316700891862 -0.00277713960833036 -0.039237995895154
0.00288098792820451 0.00815432937199232 -0.0537105795687349 0.0171052035007393
0.0280002631350332 0.00578062310463009 -0.144888217207927 0.0610348838569507
0.0557610499448003 0.0203886988740831 -0.2696143348446 -0.0175230240591152
0.0647268840297576 0.0711339984197001 -0.30012292361574 -0.327850008518498
-0.0241922788931159 0.124293194690733 0.00564295541442887 -0.503622672253204
-0.0898757985177528 0.0544951830838591 0.269057048386346 -0.350940945584793
-0.0677759432435357 -0.00552693163420011 0.232836330565218 -0.00188185781244231
0.167425936684693 0.000996446719704568 -0.12546616940538 -0.0250738161505399
0.0718896277247694 -0.177480636089895 -0.490078209404325 0.503826724753789
-0.1695611195611 -0.120439309098522 0.0746090840539578 0.714748702149715
-0.153012867979197 0.116611092560255 0.397165097129901 0.318045945370267
-0.000992106987240188 0.139660647254835 0.261991618085429 -0.0137050357293099
0.0565699112359514 0.0640869695525099 0.120441432393935 -0.0471564495183392
0.0403040599443349 0.0186269745785095 0.0723223704442208 -0.0509305806341623
0.00329129300053608 0.00701406155574633 0.00422690263729927 -0.0342033710200441
-0.00724099338655607 0.00116542346221567 -0.0581526046255972 0.0201734814948377
0.0347283205955107 -0.00399236520804333 -0.152954445160949 0.051481394782833
0.0840244450288485 0.0204453449656815 -0.263589241371094 -0.0243652764951486
0.0885247295538347 0.115070073129931 -0.299037964627829 -0.30933393781663
-0.0800663041953619 0.159268721482183 -0.0323896155035102 -0.49408443237854
-0.120449840916974 0.00248778021520846 0.244873621353175 -0.399695209589276
-0.00590047203368324 -0.0487632491582489 0.260286642739765 -0.0268199039046365
0.213170045519106 -0.026222671068842 -0.149904963906978 -0.0158500533997867
0.0436292632479775 -0.223933864158858 -0.419334608980954 0.478504130168467
-0.215588890581834 -0.10333369028024 0.0560723280203918 0.631353807608376
-0.138162932945347 0.139260965773309 0.317213420783949 0.336339373437244
0.0130928155975241 0.130000279649898 0.256757409232933 0.0599166647869342
0.0484421336251821 0.0595744645451884 0.155953777953913 -0.0113021086566553
0.028537723443342 0.0176701259887617 0.0937788921335568 -0.0447543912703202
-0.00338209949678669 0.00562811000119348 0.011406472492427 -0.0265897371575403
-0.00172958372761238 -0.000753252189974059 -0.0609535478590209 0.0177520466336087
0.0576400735458718 0.00259344588931162 -0.153202023349756 0.0347029717795262
0.102586722853258 0.0560947987109945 -0.242167945428394 -0.0345448762626078
0.0518619771811371 0.172918776029979 -0.282171520011675 -0.280365842304427
-0.170981735189629 0.126335660677372 -0.0832759826099111 -0.47702120372004
-0.105630613241312 -0.0996114413339031 0.212695178134604 -0.458459155507303
0.0962502195718041 -0.0808921090904127 0.265779005515807 -0.0552305865130671
0.191708158859183 -0.0741948640858305 -0.169949823574925 -0.0133256281599001
-0.0371684880013648 -0.207290953349341 -0.344160561144451 0.396339439863839
-0.217549132812924 -0.017243161420011 -0.00456094173467134 0.535613918156244
-0.0603503451528778 0.143895656649111 0.241366785496613 0.373526533483625
0.0396352441191005 0.0826909912044 0.261471508309115 0.119078759487574
0.0335765530689763 0.02950269083761 0.177212552999852 0.00968887118540781
0.00711291680191462 0.00299556019850452 0.10304241503897 -0.0339719840467562
-0.0114527775962466 0.00110784874602491 0.0195434642127158 -0.0159975367917817
0.0132312387937927 -0.000808724054882908 -0.0538842664773603 0.0158505368680935
0.0853362022852038 0.0227331174407277 -0.131705281711434 0.0229610671417139
0.096087835620675 0.108870742221754 -0.197734187477874 -0.0223505417311537
-0.032768333383366 0.207862152637028 -0.268578573659965 -0.219934056128057
-0.252881810365092 0.033666943223336 -0.146483339795816 -0.4624789388637
-0.0573123458478508 -0.210764361122424 0.183438257407064 -0.521803117255974
0.188617834105277 -0.113167627674944 0.259965150244994 -0.0824166345043362
0.170406911471516 -0.0670062673978495 -0.166872983225463 -0.0256365165920484
-0.0463424480065865 -0.148518641335729 -0.319310881607888 0.312655142055812
-0.142890541128217 0.023607401669327 -0.0697401734247635 0.515658303933343
0.00477967937230724 0.0886543007811287 0.232904121448736 0.423476714068217
0.0303576501848054 0.0228363459272082 0.294688619858031 0.130003048103929
-0.00275593586061449 0.00201252752710083 0.190620132615736 -0.00232217911334905
-0.0173650397833314 -0.00528027252346927 0.105854385424474 -0.0354307999441773
-0.0156592007417317 0.00333684163697203 0.0245992845015838 -0.00816934660208351
0.02553782598635 0.00963153713258217 -0.0414646349191091 0.016158621520108
0.0809484290397915 0.060063185234651 -0.098653719262211 0.0337687958716308
0.0302444004308463 0.148159615507908 -0.167735832387555 0.0299554342600662
-0.148618064095417 0.15477681403946 -0.308471800685501 -0.159106320233973
-0.238864808415716 -0.13507548903051 -0.220863346723245 -0.510189803663346
0.0827551431481221 -0.270340139884398 0.193268535569949 -0.604914719264583
0.27423413302603 -0.0745291798796126 0.218933936748915 -0.11733596524911
0.133131447567005 -0.0625224944401583 -0.167102553548882 -0.0435607546198986
-0.0312789310774354 -0.0932326864902584 -0.315814339764539 0.244804705324897
-0.0652555059504833 0.0310450428137573 -0.103395250477686 0.518822801880476
0.0350023347921117 0.0263848332539439 0.26202842215896 0.440069779454079
0.00822192406880133 -0.0200504471106875 0.317912073187505 0.098108763833361
-0.0270215452783365 -0.0187135238867342 0.183032077687444 -0.0319562430684385
-0.0288539817816282 -0.0144131106134971 0.0962485530393214 -0.0369941346737345
-0.0170425977438561 0.00275779471258291 0.0250949485700446 -0.00236120605140263
0.0290080849526276 0.00658295714926812 -0.0218132549308621 0.0181264396279746
0.0663837308700184 0.0656988261407059 -0.0579296829677695 0.0547605747183214
-0.0169858988553827 0.136989722456714 -0.144318036618386 0.0857585786849876
-0.178998247917432 0.0739304630216016 -0.347185116949403 -0.122402242131446
-0.160415910882767 -0.20717171025404 -0.249046489735428 -0.557209021284775
0.152622315529862 -0.251978539322384 0.213604160415664 -0.651903300955209
0.266185972787841 -0.0672174854639163 0.1886247446262 -0.120299632938025
0.103473488999524 -0.0454914363355178 -0.179779938036924 -0.0577474622085987
0.0129992434429139 -0.0649736052183467 -0.328351050937 0.222024258091368
-0.0121577849683579 -0.0100138446730385 -0.101710273610836 0.538193479910364
0.0163220738041414 -0.0215072015983932 0.304463862671365 0.429234388638848
-0.0210760685719289 -0.0308766732158042 0.332718616729715 0.0524394968740558
-0.0350070072078952 -0.0223380753039706 0.17024983818292 -0.0612705383189633
-0.0237193161590154 -0.0164837585680349 0.0839537494430048 -0.0406876942875221
-0.0161606330024792 0.00208323304514504 0.0166818417588297 0.00509193792820707
0.00669874308853379 0.010531044927857 -0.0206577215726049 0.0322614142816814
0.00618319859125227 0.0473352237840912 -0.0619426145357651 0.0904096934283822
-0.0624518769087556 0.0560954430839663 -0.200338929585575 0.114595815629776
-0.115146741379134 -0.0500214068792689 -0.417923653059421 -0.197503555495609
0.00549926814634622 -0.189803992673317 -0.174366859699632 -0.685467715983055
0.188893253873079 -0.118936202693159 0.338919591013635 -0.672491764147092
0.18488716623138 -0.000676474766991903 0.149487744626396 -0.155052436019014
-0.0549018098097519 0.0117445015657504 -0.0859124129040761 -0.0287271559557141
-0.0362240359133903 -0.000415369708578328 -0.544791438830883 0.423591231453811
-0.0694930047559814 0.0204870856211534 0.00424465992818288 0.729285799416923
-0.0283985898939127 0.0657878453090583 0.419923052634811 0.31507301592963
0.0229900215526878 0.0493598175017704 0.255826118645498 -0.0871698330622487
0.0260742098300265 0.00579073640560475 0.0758819911440943 -0.0855142558196689
0.0105826549567875 0.000918622064293746 0.0417351169023527 -0.048938614759294
0.00858239519662329 0.0124925887745663 -0.00414724073836534 -0.038347319703841
0.0181374975832839 0.0178038929253792 -0.0512781258687775 0.00905597898539744
0.0325872728879425 0.025100882241665 -0.138786218097447 0.0408926708373941
0.0246730205986696 0.0414045106554044 -0.2519070517818 -0.0578199286402469
0.00937287487016323 0.0475998994066834 -0.242729860264915 -0.366950537865566
-0.0100902927756879 0.0620587487115678 0.0952279463354506 -0.491543457843117
-0.0526603826734943 0.064295715516567 0.313455529837994 -0.283325954012082
-0.104728997370565 0.0199618797510941 0.209476465625876 0.020939610053654
0.0655337719628368 0.0317646609932685 -0.0810814641237922 -0.0218384202733146
0.0521542762045083 -0.0760556316151003 -0.54890483751232 0.410803950838867
-0.101366467898722 -0.0765439918355034 -0.0227442817984281 0.722526084423302
-0.113451178619822 0.0708461661213463 0.389476608839432 0.347845850782618
-0.00984302272585121 0.103198735506587 0.265976777301264 -0.0446408636478922
0.0378921099834308 0.0463691684734214 0.0979909135493914 -0.0686683527351867
0.0284176778869853 0.014902557832971 0.0567831223819572 -0.0522921269707398
0.0062078141276935 0.0104427342643796 0.000976647610643582 -0.0378845526961221
0.00136699428299925 0.00888565694783781 -0.0534249578416248 0.00890069504568611
0.0258572667444943 0.00904752904135476 -0.144884845034292 0.0414353498812816
0.0519624748141321 0.0282324737040471 -0.257647163173057 -0.0521456012742584
0.0540104482597246 0.0808546640740832 -0.25622054445968 -0.356455783299838
-0.0435628992048051 0.120849543281284 0.0705086930679323 -0.494341259360708
-0.0962536053211569 0.0428705294572181 0.308157349819788 -0.312592354407342
-0.0675697088123423 -0.0132584527881699 0.234839073616563 0.0220847262941878
0.154292299136994 0.0196374278180879 -0.112898448499527 -0.0277563678488011
0.0926164836817055 -0.15355328046213 -0.509676134330418 0.418046909472672
-0.145115136751024 -0.134585136999098 -0.0115603870838948 0.665121262914885
-0.160767120297955 0.0885296391435042 0.323764886365641 0.334339233123915
-0.0201255507960735 0.131749258892377 0.237522798765079 0.0152285528647372
0.042627573828631 0.0670296645894482 0.116660894217519 -0.0276566624722112
0.0339888425725984 0.0221343105460701 0.0735281423062311 -0.0413452949553901
0.000886588591584231 0.0081104024881544 0.00641088530707313 -0.0321542573529758
-0.00721713438744541 0.0020178614792176 -0.0581595959523903 0.011455678255269
0.0335288285962887 -0.000491896607656216 -0.152421827828757 0.0308085928275792
0.0794381224177683 0.031350454248341 -0.25304226605276 -0.0577995411807539
0.0723963460052077 0.126552600098289 -0.257839645943341 -0.340250054076256
-0.100718190921199 0.149949361938392 0.0352104664312703 -0.489463118030998
-0.119878687890549 -0.00971552057392928 0.293573821633267 -0.361006728218622
-0.00362721310047779 -0.0476478888875486 0.26376111293856 0.00454937244814353
0.20086704560462 0.00148247019086122 -0.135007943025191 -0.0212035732381128
0.0673298017302601 -0.202374887953382 -0.442782677895573 0.399218919535472
-0.188933730355772 -0.124524797259422 -0.0209536992441825 0.58395497731418
-0.149793468992745 0.112202891446344 0.24828396285062 0.340910936024893
-0.0064201711138955 0.124892655412015 0.226358844222594 0.0837302549700761
0.0356761021268236 0.0610713772649884 0.146217713813139 0.00876159997167386
0.0233149308306978 0.0194783482590417 0.091274514266667 -0.032717737758376
-0.00538556846219995 0.00640115543114345 0.0130269267160375 -0.0242591645952181
-0.00252562968542318 0.000616176714463334 -0.0609060661079608 0.0103501597796843
0.0549214058281057 0.00816580695575308 -0.151760560818263 0.0143472343138459
0.0929256866701266 0.0667768608846967 -0.231696999263182 -0.0667196541710063
0.0306364949219868 0.177106727246892 -0.24346275147631 -0.310671628550664
-0.183218132753875 0.108716171233275 -0.0133443500215317 -0.476843343811778
-0.0946167962951553 -0.105549049448271 0.26928942347408 -0.416429197008776
0.0976361189272425 -0.0689390417852498 0.268284823122435 -0.0181356887776392
0.187041709267538 -0.0456137453192532 -0.151505625730219 -0.0227440221933843
-0.00875639356078043 -0.196410558695376 -0.364467545249965 0.327571861197217
-0.200833305435209 -0.0443354552409394 -0.0730399442930449 0.491212231545523
-0.0778645166803703 0.125877164657085 0.17431395147805 0.371256370340187
0.0256423508792559 0.0842858216288053 0.226386651444574 0.14027272211746
0.0252844965742737 0.0309718696764865 0.165526667268707 0.0299982264904055
0.00409304591813863 0.00384857507982568 0.0995043205459712 -0.022308145169734
-0.0121427296749209 0.00187428389566759 0.0195681940582557 -0.0130932170215012
0.011819601686018 0.00225215251145725 -0.0546734093282271 0.00867889633887304
0.0791294504321423 0.0306078753722455 -0.130298224628937 0.00409977949897428
0.0804353041006696 0.116396130502739 -0.188505791094118 -0.0516859132990947
-0.0537658837252433 0.200366919223652 -0.234272382137141 -0.253287232919324
-0.249927165240222 0.0114679232837009 -0.074525753929315 -0.464715877081292
-0.0359881893867675 -0.206013827587656 0.245157301464524 -0.47190325833616
0.190397229255538 -0.0897612347632133 0.261021449898343 -0.0422233485452645
0.166769293278645 -0.0423765678801818 -0.147490606327246 -0.0339264594325131
-0.0241500187561006 -0.14358031773329 -0.335031093165925 0.252237483569875
-0.136591324605466 0.00253809209217407 -0.131249245245822 0.470305990199748
-0.00995761071417672 0.0838183092252122 0.164888405220874 0.420269772016487
0.0254216576667207 0.0272559426057559 0.258377963817362 0.154429792633573
-0.00470656568000743 0.00186627054599947 0.179709467552756 0.017462517876794
-0.0178152496146486 -0.00727348726729145 0.102439384337506 -0.0236723592415085
-0.0159465501655579 0.00296104904644151 0.0230851057382934 -0.0056808588117018
0.021672557102857 0.0125455271944995 -0.0430246857673184 0.0102413961542415
0.0705387038136746 0.0654124519674418 -0.0993349906506606 0.017597435564752
0.0132062741081745 0.145608461230801 -0.162045910695095 0.000700437685498304
-0.157022322371409 0.135168957497502 -0.274925444327959 -0.196707327326069
-0.21821020323892 -0.147092301111432 -0.142678461655982 -0.513994576842687
0.104746642946656 -0.246394553551522 0.255983166760588 -0.551387235813765
0.267608268790265 -0.0421467456636038 0.221746579283066 -0.0798999833374916
0.131289802741964 -0.0421430336152438 -0.147772896057289 -0.0518170961069668
-0.0182000899603527 -0.0895346701715084 -0.326623599592382 0.191615454451898
-0.065657721378882 0.019665319200645 -0.161685518312527 0.47457764249296
0.0267746974503689 0.030577841996748 0.19313375518803 0.439974594414721
0.0114155726790521 -0.0154929123439305 0.285434916522003 0.126793813904178
-0.0241907390492096 -0.0201205473014549 0.175240216395683 -0.0109830463549663
-0.0270166299880038 -0.0178790310498768 0.0947543975919696 -0.027024191808458
-0.0168434316904409 0.0021194668366097 0.023430371438089 0.000952074158580928
0.0260114966446663 0.0101189501563175 -0.0253672700487095 0.0149854437334696
0.0556624709475268 0.068516371244912 -0.0618579393184258 0.0411525587233912
-0.029687754309709 0.128405543939687 -0.145010125168607 0.0587328074103631
-0.175187095849528 0.0536600296892759 -0.314011996374437 -0.163319033095617
-0.134692696195918 -0.206427389562855 -0.166518682651252 -0.562475574209576
0.168441022621377 -0.220715946671307 0.279061186950453 -0.59358804869104
0.259217705628279 -0.0354986958911817 0.191917220523236 -0.0885206019491255
0.102177212648411 -0.0286145802666314 -0.159372068209963 -0.0681424583970904
0.0189403259186559 -0.0578551087075223 -0.334482608572228 0.171948796806909
-0.0105663161726476 -0.0113293179466463 -0.157869576151954 0.495245060612615
0.0161903343638018 -0.0173466142866176 0.236389805300877 0.434630726091781
-0.0135165736043757 -0.0293802070104694 0.303611237426388 0.0848939189582239
-0.0312118694944042 -0.0242362163286216 0.166338318869061 -0.0409488618738405
-0.0213421183603677 -0.0189882356652222 0.0827012570597236 -0.0313333895289786
-0.0156173665752303 0.000864139042594747 0.0149414571836583 0.00750755734743087
0.00509169928448763 0.0101803867477034 -0.0253969525538759 0.0281297576741063
0.00111942084123489 0.0458182524869035 -0.0686013424060638 0.0751226545467889
-0.0627944418704886 0.0466189109186013 -0.200679904066287 0.0843322839401206
-0.0988972442716572 -0.0552110325617578 -0.375372196572978 -0.240258305805369
0.0198330092360112 -0.170671286473026 -0.0829307333063733 -0.679797919999679
0.188477885357133 -0.0902080482527742 0.400216407100896 -0.604301509004324
0.17525573100423 0.0196849848311799 0.161242354120661 -0.131108226436678
-0.0538610196103359 0.01142477652472 -0.0879925181416443 -0.032118963569829
-0.0348743737733554 -0.00121770304411822 -0.544817750099702 0.403063195341731
-0.0688647170845091 0.0178466310084127 -0.0125115595368706 0.712909857110631
-0.0288450855684094 0.0627947717193869 0.402782139705388 0.318508834330507
0.0216572385712625 0.0482800764310412 0.249910458088584 -0.0804217315436244
0.0245196969234574 0.00564620984419019 0.0767570633352977 -0.0813647045486314
0.00919980362684883 0.00238297754620278 0.0429451973640474 -0.0492207911776735
0.00758900696462308 0.0127803457058984 -0.0036692162709849 -0.0378320634293537
0.0175084798835731 0.0185461728102737 -0.0500602450331832 0.00640855785153249
0.0314193167285007 0.0248198603829107 -0.135013221104046 0.0368442755922605
0.0242889179144317 0.040654013468691 -0.245904454059982 -0.061399519831096
0.00786249068384753 0.045972268339398 -0.232095852312302 -0.364309366428919
-0.0112165664070217 0.0602964677392773 0.103318819278607 -0.48328383016911
-0.0525080040227201 0.0619087637646538 0.314804710836744 -0.272987842933463
-0.102997755498244 0.0183224911329817 0.208351039426514 0.022892426748438
0.0631503161666321 0.0323717077817526 -0.0829185524097048 -0.0264680956723527
0.0520544786006132 -0.0735719124729779 -0.55161467938003 0.39038177798598
-0.0986688898782235 -0.076068903694661 -0.0399846490182155 0.706650629804354
-0.112073659441156 0.0672540399826555 0.370793286984725 0.347999720602943
-0.0101177853675942 0.100005793060857 0.258401017365391 -0.0379815886315729
0.0351104769334855 0.0453810956188086 0.0982420296867297 -0.0652349418900391
0.0249746196803914 0.0150072048023311 0.0574390741273586 -0.0517546412865638
0.00494835208923857 0.0113965589896559 0.00146252328864606 -0.0377473657773295
-0.000456937586262296 0.00942755072650537 -0.0523122865887155 0.00773695001918371
0.0243185227459682 0.00902792082746651 -0.142193484388608 0.0377448814889525
0.0504723385531726 0.0275248320241017 -0.251329013637523 -0.0563326421760463
0.0498828166233272 0.0796291345599158 -0.244123228994979 -0.353663984531314
-0.0448727285504354 0.117682340084963 0.0801929576599636 -0.485665173881595
-0.0951950416695068 0.0403803847731194 0.31216949100448 -0.302159500962817
-0.0676171834516004 -0.0132191245482261 0.2331845165156 0.023576619049185
0.149636897533481 0.0191319800656876 -0.113475783176069 -0.0315416218331689
0.0934678448036063 -0.147560961878634 -0.513465143250898 0.398555957925057
-0.140175510983444 -0.132222074430013 -0.0278472873275603 0.650578946844812
-0.158262484435034 0.0832338422701174 0.308930180229539 0.333651409218373
-0.020422626928322 0.127814987567382 0.231124605029493 0.019524221157616
0.0401064930931026 0.0650361836274955 0.116028149301401 -0.0252937643388622
0.030430901191079 0.0220840665860035 0.072731771511114 -0.0403929425774903
9.65691651836886E-05 0.0095794175114012 0.00585171921171166 -0.0317663641285408
-0.00810742386397448 0.00333361915792432 -0.0575424257252758 0.00995598327681859
0.0318430603173164 0.000135929712280798 -0.148619431920949 0.0284783695619662
0.0778532838367038 0.0318414902392012 -0.24626846970231 -0.0617485522841778
0.0671176785000512 0.123840220423607 -0.246921850141251 -0.339846468186001
-0.10114381857951 0.14457415653083 0.0456219582885839 -0.482592845276491
-0.117767750617723 -0.0124578429640799 0.295864449386267 -0.347433896274875
-0.00397543798044882 -0.0474050718289985 0.261397926084586 0.00793576964577118
0.196726115243405 0.00536049288252702 -0.134271144391419 -0.0252032515114073
0.0686172968457441 -0.195928306472948 -0.443537116483592 0.379191530756568
-0.183009547150964 -0.12314434732316 -0.0359380512382357 0.572154360372331
-0.148043448598671 0.106722441995075 0.234526037799257 0.341040527165775
-0.0066527779126719 0.122020850995084 0.218978059228612 0.0857855350032372
0.0332015631284106 0.0594210690301597 0.144045923097463 0.0112338849094205
0.020213512933131 0.0198095421729688 0.0900907658489162 -0.031877719893547
-0.00632523593729979 0.0078839303918652 0.0117270588860632 -0.0243042885190565
-0.00366731818780063 0.00150313110560112 -0.0606683289325686 0.00858232882401665
0.0536409314106427 0.00895796565927934 -0.148514688889792 0.0117878828773589
0.0903051009062983 0.0667101137329559 -0.224920893836058 -0.0701292426945191
0.0271303448899193 0.172671391749836 -0.233908291993814 -0.311463451865694
-0.181668430222937 0.104617162624831 -0.00145985314931363 -0.47097976377969
-0.0921347255432319 -0.105360343566768 0.274312188882743 -0.401540208146486
0.0952609513090246 -0.0665534297061671 0.266320687774972 -0.0138544383653762
0.183961905820462 -0.0410498907083119 -0.150657542976258 -0.0270090494276198
-0.00567352032686777 -0.19175625569214 -0.367051637457293 0.311561871202121
-0.195939309722804 -0.0466968077199049 -0.0854952223133731 0.481633563449201
-0.0783617460062901 0.121382918087253 0.163220563313893 0.36930344730515
0.0247672513349217 0.0818832180518459 0.219723098578824 0.141299750028442
0.0243195372401572 0.0311035357732607 0.162018202021639 0.0319044448485082
0.00252640122527081 0.00349675264849961 0.0960784944043601 -0.0210453311339703
-0.0123651294609499 0.00324080404548752 0.0175048031215199 -0.0127260561457732
0.0102179433297358 0.00309044482492004 -0.0549997819136199 0.00747999553390807
0.0768199786832034 0.0299352333860166 -0.127983228597418 0.00292139497374538
0.0779379260269149 0.114494884414149 -0.1831507687267 -0.0550403335759555
-0.0550406155816463 0.194768456238958 -0.223827512291602 -0.254399285083276
-0.245444618159643 0.00799844736559014 -0.0617004234479284 -0.460052700309023
-0.0327190807674253 -0.201960901838056 0.251239476254231 -0.455790379251237
0.184733108630057 -0.0841705877665389 0.258392117669856 -0.0361650969804453
0.164826587762684 -0.0382494922542361 -0.146837201334975 -0.0365594435423935
-0.0220341514150516 -0.14020655356882 -0.337590152125491 0.239828255484276
-0.13505640142544 0.00127912366883509 -0.140866310237354 0.459439935264325
-0.0113317390642553 0.08113920063723 0.154538764703142 0.417373730296684
0.0260180240207298 0.0269331636078411 0.250015344116318 0.154566276089166
-0.00484062404561373 0.00165701902046809 0.17524047071618 0.0201502777362245
-0.0188730796846534 -0.00730530672947358 0.0989718417929544 -0.0233016276188416
-0.0158677279885653 0.00421789489556243 0.0216175471508058 -0.00479270994501142
0.0203066777291135 0.0132350835331904 -0.0438554425106227 0.0093039680022897
0.06817716529075 0.0639340970993884 -0.0977992993110996 0.0147953314537695
0.0126155229989405 0.142184095646876 -0.157479075260199 -0.00363821647022483
-0.153938069244666 0.129957605023014 -0.263148829540455 -0.199767704278024
-0.211525624552264 -0.144992307856932 -0.12843845991036 -0.508526520292522
0.104162381733081 -0.239826994946259 0.263799971280777 -0.532644381622943
0.259468884022681 -0.037603222243859 0.219741062241208 -0.0735590092513029
0.130081359310226 -0.0381851621697457 -0.147115277758338 -0.053500223429786
-0.0166409500909586 -0.0877956953426899 -0.32887389005396 0.180712767812888
-0.0651675825244882 0.0187897333615549 -0.170612311249506 0.464707267420253
0.0254243051814246 0.0294158724298592 0.182511057019354 0.437314032052037
0.0125340840763832 -0.0150364964352725 0.275943608790112 0.128299713876874
-0.023302566665865 -0.0202178891658248 0.170630329875839 -0.00834673083356513
-0.0268619588456586 -0.0176852195836762 0.0912739263890284 -0.0264642413605219
-0.016738678723434 0.0032508512299319 0.0210358480097174 0.00164501546370593
0.0246205797294731 0.00973769838804149 -0.0273450230026367 0.0140612305237808
0.0541624700807838 0.0669637495028021 -0.0611486751814364 0.0378547623105944
-0.0290260602937547 0.125110937263724 -0.139525587195446 0.052008772128384
-0.170427595388306 0.0505628655227825 -0.301321058353025 -0.16773992485136
-0.128325882192462 -0.202137084030499 -0.14848338286605 -0.555085933116747
0.167666280292477 -0.212323443606254 0.28994803679689 -0.573620322437299
0.249907326796288 -0.029544947039153 0.190928709436499 -0.0822410641750285
0.101892156969598 -0.0257641699520752 -0.158972270378514 -0.0684626998070312
0.019808777716796 -0.0560684193525171 -0.336858974462457 0.161311626192371
-0.0107212362914772 -0.0101951531005739 -0.164673681966854 0.48349788688882
0.0152161811039627 -0.0158025180322656 0.225663707983824 0.430656525016073
-0.0116887524166125 -0.0279780120944766 0.294560521149145 0.0869055143052889
-0.0285332214507625 -0.0249058769070434 0.161746659511809 -0.0381151403588361
-0.0211735623359898 -0.019348511490504 0.0792619158514966 -0.030776167312391
-0.0150677898959117 0.00186016515993403 0.0134873196319042 0.00644032981960102
0.00498957405242393 0.0104067107497615 -0.0270996517263903 0.0271933511431308
0.00265220568909679 0.0439192247323921 -0.0684073648785671 0.0716444754734749
-0.0607077119657206 0.0460867708835075 -0.194025999325721 0.0760315879918043
-0.0957545726526902 -0.0543842646291191 -0.360038962157373 -0.243039694020991
0.021387664860013 -0.165373856218318 -0.067779858596354 -0.66796460031533
0.185500255720365 -0.0853978845884364 0.408070696823537 -0.582345405771762
0.167653141617285 0.0226811178444875 0.162056540684317 -0.124524868888668
-0.0544290304338995 0.0109980997970768 -0.0933790665710186 -0.0374391471528164
-0.035361146566895 -0.00218327391198091 -0.574245811577129 0.393650069781197
-0.0712968081813466 0.0165087938730065 -0.0378366981434881 0.725172455720822
-0.0314631269593594 0.061875979294385 0.40000138059544 0.335292302394184
0.0211562594332244 0.048898533011846 0.254381556419231 -0.0736448252805478
0.0236314227018498 0.00544131272998482 0.0822361933624607 -0.0799843410145307
0.00766228938599638 0.00321147234304485 0.0463690206326488 -0.0502256910110529
0.00647703682160043 0.0144675575600727 -0.00378294923820569 -0.0397395411313805
0.0167142963820597 0.0190174612137334 -0.0513131925160597 0.00398283232376757
0.0304132601549939 0.0251441448672888 -0.136354457012846 0.0342354150114558
0.0246515351912521 0.041652125598129 -0.248665776423128 -0.0714746444048609
0.00552360833914609 0.0465885190916833 -0.227113943189729 -0.377384560109445
-0.0134205850861365 0.0612914586949422 0.122104306501968 -0.49309638370237
-0.0544814030292783 0.0624205524482281 0.332111831026365 -0.269924646614589
-0.107509422132372 0.0178651599637415 0.214235108309173 0.026687451035194
0.0631264632795097 0.0341272698013192 -0.0875824107904732 -0.0320164505709525
0.0547441950603627 -0.0727354832844185 -0.577453839655336 0.379705939646222
-0.098640683884889 -0.0792766113137391 -0.063133938202007 0.717664834448058
-0.115507832371446 0.0644884862871557 0.366379278642715 0.365083961474501
-0.0122135603699254 0.100688946849988 0.26174161996344 -0.0304202988208875
0.0335536841363257 0.0460327001704797 0.102480878316679 -0.0637203645164173
0.0230492526623659 0.0169089265307089 0.0601941118823437 -0.0518552588075507
0.00374909274473449 0.0139582450150081 0.00146641297114825 -0.0392965043052044
-0.00194772246018718 0.0112116433196293 -0.0542516355412123 0.0058866562792441
0.0245694686855348 0.00999179011618418 -0.143995183237997 0.0346217168474288
0.0509782584357228 0.0291449966990661 -0.253951476629184 -0.0651195398480636
0.0480449509412934 0.0815396560186699 -0.240884063185229 -0.3679884488176
-0.0499114446155083 0.118329415581004 0.0960879821760934 -0.496993935025252
-0.0980548552950845 0.0385445708565325 0.328704085441399 -0.299216659369772
-0.0690412387718877 -0.0146300843652647 0.240905552715945 0.0291388976165912
0.150761509019608 0.0217539756104252 -0.117520071062511 -0.0376487176931375
0.0986690272078298 -0.146767306834974 -0.537816822715877 0.38693516134697
-0.139851668426988 -0.137290994531115 -0.0509058175933474 0.660229531519824
-0.162745854045832 0.0807178888504676 0.303018156293095 0.349515023114271
-0.0233777240886857 0.128760846465897 0.232473101190212 0.0271815040234393
0.0379498662532117 0.0657320859190689 0.120056914009008 -0.0218132595107148
0.0285719270437172 0.0236681923526011 0.0738705084705557 -0.0405705827149535
-0.00196349252587534 0.0119408102914938 0.00555979681455624 -0.0316077247490057
-0.00920684576037086 0.00403537394102723 -0.06008068687366 0.00804912008807774
0.0324035471152113 0.000528590723382444 -0.150747567374012 0.0254294190508621
0.0778786801997073 0.0334153950443574 -0.249418904816786 -0.0704960509076378
0.0645019690795902 0.126961215192903 -0.241491741254432 -0.354328946782146
-0.10778956709762 0.146847641684887 0.0626753286992839 -0.493867139171389
-0.120180690815759 -0.0155588602410587 0.317138249916827 -0.345628271231493
-0.00433632031998893 -0.048201792138573 0.268850590866603 0.0132198166863612
0.19963077826729 0.00963288621388836 -0.138881519738242 -0.0326288255691628
0.0744678542854387 -0.196965918022031 -0.466665601078447 0.37101113526549
-0.183840570912525 -0.128466831353962 -0.0568398586800769 0.579661694213768
-0.152498395411606 0.104432102253393 0.22848358614084 0.355587144536596
-0.00902135162024456 0.122817947694506 0.219902711943122 0.0946251309924141
0.0317139862010796 0.0606210065596758 0.147055157705058 0.0146627221727886
0.0180672368907053 0.0206866211219088 0.0909417982061748 -0.0314462478101333
-0.00833166736139618 0.0092096678297749 0.0115906583980696 -0.024881323804781
-0.00513395997777682 0.00235956247264638 -0.062835357632002 0.00719968842768926
0.0535115179267712 0.00927818908005745 -0.151718214581572 0.00856728229753029
0.0906393294839349 0.0686940246106737 -0.227286313804663 -0.0787080760260383
0.0225999959697308 0.175576060500737 -0.228504198750569 -0.324447910793433
-0.188448125518115 0.102704089047718 0.0139024647829937 -0.4821603098124
-0.0925905187782999 -0.109816187312592 0.296274699677216 -0.399039627682135
0.0963784797681477 -0.0656388328929728 0.274041396468886 -0.0064219877091414
0.189073848701962 -0.0372254165880098 -0.154744932061827 -0.0344147587658517
-0.000322054288903313 -0.195277527892909 -0.387037771489528 0.305164743869662
-0.198266926585171 -0.0512739169879737 -0.105147079116 0.488198289094912
-0.0830666735610929 0.120464429114789 0.155765217132166 0.384185664844333
0.0239580798981184 0.0833799624535272 0.219054012266069 0.150937818769968
0.0235015254187866 0.0312997922260897 0.164599393617532 0.0361744875216792
0.000723113197798777 0.00439281952303252 0.0976907929484013 -0.0211638827175176
-0.0136426862265634 0.00415621232393683 0.0170982443131142 -0.0134065812545629
0.00899976972606737 0.00420252615282383 -0.0572828707034424 0.00626791697606566
0.0764109562250044 0.0316772452617002 -0.130682347300416 -0.0010211403033452
0.0766871080424052 0.117693537914124 -0.185636442900489 -0.0623378202891317
-0.061036642254069 0.195838495602658 -0.220307661218514 -0.267251682980797
-0.251532223699163 0.00405987400890093 -0.0470532510866644 -0.470489999882099
-0.029156666385166 -0.206528206511516 0.272437997473375 -0.45592826493943
0.187207872211854 -0.0802632237060319 0.26654759784991 -0.0285962259867894
0.168871999382234 -0.03536222166031 -0.151498585364321 -0.0429352336260748
-0.0198797088647303 -0.142951013862206 -0.35491235777112 0.231468161424415
-0.137721509037439 -0.00144179034255385 -0.160348405229657 0.465042141995265
-0.0138236156619159 0.0810314354414685 0.146618824902198 0.432623381516086
0.026331951831174 0.027275480664409 0.250789200494672 0.164370189597351
-0.00470056400237214 0.00155765211475434 0.177870391854825 0.024334858898776
-0.0199250941979473 -0.00749877686683032 0.0999349659408703 -0.0231367665091404
-0.0166789058458424 0.00601408648975937 0.0212777804479609 -0.00558180998712934
0.0195995132571117 0.0137503403095155 -0.0465861305762398 0.00794073670230318
0.0688518752830045 0.0653320628715919 -0.100653718727707 0.0119450554644117
0.0103138689739731 0.144296795561765 -0.158863456497256 -0.00965647264234846
-0.158783193933885 0.128349123763577 -0.260284569423232 -0.212260614227365
-0.212783827163815 -0.15160951687785 -0.112111420286001 -0.521128476250268
0.110976998269232 -0.240819160264417 0.287772138628757 -0.531768457786758
0.262076043076158 -0.0315839221485558 0.227187834117041 -0.0678104679359396
0.133923165886148 -0.0358162655101271 -0.15179913979704 -0.0591111165605177
-0.0157591847323009 -0.0887718052429168 -0.344914772728345 0.172832565541582
-0.0670497188633801 0.0179225338411547 -0.189388307269148 0.471230335203444
0.0243575816638276 0.0296118023764323 0.176362214968329 0.452647735991136
0.0143321515231626 -0.014212731069954 0.277178432870842 0.13809141069421
-0.0228764502168491 -0.0218446222781278 0.173218118071732 -0.00453927377759707
-0.0280886082604015 -0.0185497719723156 0.0923640124883533 -0.0264784068475633
-0.0169836950975813 0.00405093560690127 0.0197310549014378 0.00175526745146627
0.0238387527930219 0.0107291749121201 -0.0300884147328084 0.0133555480691071
0.0541654708336798 0.0680100490134994 -0.0645958820583807 0.0359920923414647
-0.0311697932358369 0.126337644429055 -0.141777423284309 0.0457024592894859
-0.173632356458049 0.0481977544243359 -0.298432176367169 -0.182073192892641
-0.125187529888581 -0.206636955682269 -0.1345044412563 -0.569106116165498
0.175014357702469 -0.211652832718725 0.312449410074808 -0.571144082936542
0.251368242099003 -0.0226111061119828 0.197986104924852 -0.0774415471696877
0.105311999831987 -0.023394400701144 -0.164048118178574 -0.074581832164949
0.0207276800569895 -0.0557766815100552 -0.352506795378888 0.154867120236152
-0.010949654968845 -0.0111294403716783 -0.182661693969153 0.492683155069733
0.0161485184916248 -0.0164532036396156 0.221199150919018 0.446917689482972
-0.00947384552556519 -0.0283713538096015 0.297763861784916 0.0949782535338366
-0.0292150029131767 -0.0260709950002362 0.164205174288641 -0.0353692518984662
-0.0220903676778391 -0.019850499923601 0.0812971058788463 -0.031650667583972
-0.0138921499211085 0.00278739077931499 0.0136212804718702 0.00657146510785556
0.0043800755034384 0.0100399481282501 -0.0306633930802787 0.0271907392360939
0.00340205987191239 0.0438886860307205 -0.0708843920096614 0.0688957173086258
-0.0608073461415133 0.0448339752745904 -0.197386449766888 0.0701129256822447
-0.095013047034801 -0.0565305021368731 -0.355712963457944 -0.256340183479279
0.0267752469202516 -0.165866914707914 -0.0474793125213107 -0.68115108137583
0.18924248731364 -0.0817489960127009 0.432698605759776 -0.577674738161074
0.167329883679563 0.0275987144146891 0.170648720305458 -0.120920768922733
