TRXV5
3
4
4
9
string Extension=J
integer IsArchMeasurement=1
integer IsSpherical=1
string Generator=SPM
string GeneratorVersion=1.3.1 Dev
double ArchRadius=0.449999988079071
integer FrequencyAxisIndex=0
integer AzimuthAxisIndex=1
integer ElevationAxisIndex=2
Frequency
5 136 690000000 960000000 LIN
Azimuth
7 8 0 2.74889357189107 LIN
Elevation
7 15 -2.74889357189107 2.74889357189107 LIN
Polar H Real Part
13
Polar H Imaginary Part
14
Polar V Real Part
13
Polar V Imaginary Part
14
Polar H Magnitude (dB)
12 0xC0000002 0 1
Polar H Phase
7 0xC0000003 0 1
Polar V Magnitude (dB)
12 0xC0000002 2 3
Polar V Phase
7 0xC0000003 2 3
-0.0278148651123047 -0.0120906829833984 -0.31939697265625 -0.085418701171875
-0.0449180603027344 -0.0225639343261719 -0.259735107421875 -0.10614013671875
-0.0339298248291016 -0.0123310089111328 -0.15863037109375 -0.0304718017578125
-0.0357513427734375 -0.0142707824707031 -0.108993530273438 0.0342788696289063
-0.0314731597900391 -0.00844955444335937 -0.0614013671875 0.147384643554688
-0.0258693695068359 -0.00677108764648438 0.045074462890625 0.256973266601563
-0.00794219970703125 0.00135660171508789 0.173309326171875 0.279388427734375
-0.0113506317138672 -0.00477218627929688 0.246292114257813 0.236434936523438
-0.012700080871582 -0.0150279998779297 0.290313720703125 0.184326171875
-0.011897087097168 -0.0150547027587891 0.257232666015625 0.149978637695313
-0.006866455078125 -0.0238533020019531 0.165374755859375 0.0675506591796875
-0.009521484375 -0.0243053436279297 0.03271484375 0.00977897644042968
-0.00661659240722656 -0.0342693328857422 -0.101234436035156 -0.0285186767578125
-0.0157890319824219 -0.0350914001464844 -0.238357543945312 -0.120010375976563
-0.013641357421875 -0.0371284484863281 -0.2606201171875 -0.296112060546875
0.084197998046875 0.0960693359375 -0.307098388671875 -0.079681396484375
0.0445175170898437 0.0985946655273438 -0.242568969726563 -0.0982818603515626
0.0184326171875 0.116622924804687 -0.153976440429688 -0.0452880859375
-0.00753021240234375 0.115821838378906 -0.103294372558594 0.0267333984375
-0.0130462646484375 0.116966247558594 -0.0552291870117187 0.134681701660156
0.013641357421875 0.127845764160156 0.05523681640625 0.247085571289063
0.0530548095703125 0.125419616699219 0.168350219726563 0.26336669921875
0.051971435546875 0.117095947265625 0.235763549804688 0.216018676757813
0.066864013671875 0.101173400878906 0.280075073242188 0.16717529296875
0.08062744140625 0.0947418212890625 0.257919311523438 0.132980346679688
0.0825729370117188 0.0752029418945313 0.162612915039062 0.0560455322265625
0.0926513671875 0.0617294311523438 0.0397109985351563 -0.000175476074218746
0.0864791870117188 0.0570449829101563 -0.0992889404296875 -0.0412979125976562
0.104316711425781 0.0491867065429688 -0.22314453125 -0.128463745117188
0.11358642578125 0.0381927490234375 -0.247955322265625 -0.29583740234375
0.185165405273438 0.190643310546875 -0.2593994140625 -0.0409088134765625
0.133880615234375 0.206817626953125 -0.203842163085938 -0.059844970703125
0.0790863037109375 0.231842041015625 -0.140144348144531 -0.045928955078125
0.032501220703125 0.235870361328125 -0.0964889526367188 0.0196151733398438
0.0159912109375 0.233154296875 -0.0485916137695313 0.1053466796875
0.0573883056640625 0.24951171875 0.0549774169921875 0.201248168945313
0.10986328125 0.23260498046875 0.138076782226563 0.210128784179688
0.106399536132813 0.221633911132813 0.191329956054687 0.164871215820312
0.135955810546875 0.205474853515625 0.233871459960938 0.13037109375
0.160614013671875 0.19610595703125 0.233047485351563 0.102828979492188
0.160842895507812 0.169113159179688 0.14837646484375 0.0375823974609375
0.182662963867188 0.143218994140625 0.0524940490722656 -0.0131301879882812
0.16827392578125 0.14599609375 -0.0720977783203125 -0.0564193725585937
0.207107543945313 0.131134033203125 -0.166519165039062 -0.13421630859375
0.223983764648438 0.110122680664063 -0.190597534179688 -0.274505615234375
0.265335083007813 0.249374389648438 -0.173965454101562 0.0235595703125
0.216705322265625 0.279769897460938 -0.135139465332031 -0.00202178955078126
0.149688720703125 0.309814453125 -0.110374450683594 -0.0358505249023437
0.091644287109375 0.320953369140625 -0.085296630859375 0.00914001464843753
0.063690185546875 0.3160400390625 -0.0484619140625 0.0584259033203125
0.10968017578125 0.335784912109375 0.0347747802734375 0.125885009765625
0.157135009765625 0.30487060546875 0.081207275390625 0.1256103515625
0.145294189453125 0.297088623046875 0.121040344238281 0.087799072265625
0.18084716796875 0.28558349609375 0.160888671875 0.0709381103515625
0.207855224609375 0.277938842773438 0.183563232421875 0.0545501708984375
0.206436157226563 0.25250244140625 0.124237060546875 0.011383056640625
0.243743896484375 0.220733642578125 0.06988525390625 -0.0275077819824219
0.22113037109375 0.227096557617187 -0.0226097106933594 -0.0664558410644531
0.27630615234375 0.206787109375 -0.07708740234375 -0.127861022949219
0.297607421875 0.171630859375 -0.0993804931640625 -0.228759765625
0.30877685546875 0.261871337890625 -0.0619049072265625 0.0979995727539063
0.275299072265625 0.29656982421875 -0.041107177734375 0.0572471618652344
0.208953857421875 0.32427978515625 -0.06353759765625 -0.0249404907226562
0.150421142578125 0.34332275390625 -0.0713348388671875 -0.00593566894531249
0.11590576171875 0.341552734375 -0.0596122741699219 -0.000179290771484361
0.15753173828125 0.36090087890625 -0.011627197265625 0.0309906005859375
0.18865966796875 0.326904296875 7.24792480468849E-05 0.0251083374023438
0.165130615234375 0.325927734375 0.0335769653320313 -0.00471115112304686
0.194976806640625 0.3231201171875 0.0736236572265625 -0.00621795654296873
0.215301513671875 0.3245849609375 0.118621826171875 -0.00923919677734373
0.20794677734375 0.30584716796875 0.0938034057617188 -0.0215377807617187
0.256195068359375 0.275848388671875 0.0875320434570313 -0.0358200073242187
0.22845458984375 0.284881591796875 0.0386734008789063 -0.0614700317382812
0.295440673828125 0.259979248046875 0.029388427734375 -0.09832763671875
0.32415771484375 0.211090087890625 0.00952148437500001 -0.160247802734375
0.3028564453125 0.2275390625 0.0619964599609375 0.161422729492188
0.28399658203125 0.25982666015625 0.061798095703125 0.100326538085938
0.227462768554688 0.275344848632813 -0.00864410400390624 -0.0192623138427734
0.17559814453125 0.29791259765625 -0.0581016540527344 -0.0255508422851562
0.143707275390625 0.30126953125 -0.0837020874023438 -0.0533294677734375
0.181396484375 0.3238525390625 -0.0806503295898437 -0.0575714111328125
0.191253662109375 0.295654296875 -0.096893310546875 -0.0703277587890625
0.160736083984375 0.30072021484375 -0.0594635009765625 -0.0967483520507812
0.17864990234375 0.31036376953125 -0.0107498168945312 -0.0923995971679687
0.183349609375 0.319793701171875 0.0550994873046875 -0.0810470581054687
0.1654052734375 0.309844970703125 0.064697265625 -0.0574150085449219
0.216400146484375 0.2880859375 0.0999832153320313 -0.0367584228515625
0.194427490234375 0.29620361328125 0.09521484375 -0.0364532470703125
0.263641357421875 0.2747802734375 0.128898620605469 -0.0482864379882812
0.300750732421875 0.2166748046875 0.117874145507813 -0.075775146484375
0.243057250976563 0.158462524414063 0.171707153320313 0.20501708984375
0.233596801757813 0.185958862304688 0.151412963867188 0.119583129882813
0.19061279296875 0.190185546875 0.0413093566894531 -0.0196189880371094
0.153427124023438 0.208053588867188 -0.0487327575683594 -0.040008544921875
0.131759643554687 0.214599609375 -0.111900329589844 -0.09039306640625
0.164138793945313 0.23504638671875 -0.156585693359375 -0.122528076171875
0.159439086914063 0.218399047851562 -0.192276000976562 -0.143508911132813
0.133819580078125 0.229660034179688 -0.143890380859375 -0.171966552734375
0.138259887695313 0.245773315429688 -0.07928466796875 -0.171310424804687
0.130722045898437 0.257919311523438 0.00561523437500001 -0.150619506835937
0.1051025390625 0.25628662109375 0.0446624755859375 -0.0896072387695312
0.147109985351563 0.242950439453125 0.10528564453125 -0.0306854248046875
0.1324462890625 0.249481201171875 0.133476257324219 -0.000526428222656235
0.194793701171875 0.238037109375 0.203521728515625 0.0130157470703125
0.234817504882813 0.182662963867188 0.208831787109375 0.00903320312500001
0.140731811523438 0.0751190185546875 0.251144409179688 0.229705810546875
0.135116577148438 0.1025390625 0.208404541015625 0.123870849609375
0.109939575195313 0.095672607421875 0.0752410888671875 -0.0179977416992187
0.0897903442382813 0.106063842773438 -0.0435256958007812 -0.0477333068847656
0.0807418823242188 0.112014770507813 -0.135055541992187 -0.10552978515625
0.105300903320313 0.124031066894531 -0.221328735351563 -0.154586791992188
0.0937881469726562 0.114677429199219 -0.267868041992188 -0.18353271484375
0.0859222412109375 0.125160217285156 -0.206924438476563 -0.219009399414063
0.08795166015625 0.143356323242188 -0.124435424804687 -0.229232788085937
0.077362060546875 0.153411865234375 -0.0225677490234375 -0.20111083984375
0.0526885986328125 0.154754638671875 0.0369873046875 -0.109657287597656
0.0791015625 0.146682739257813 0.100761413574219 -0.0223312377929687
0.07501220703125 0.154144287109375 0.150802612304688 0.0366973876953125
0.114349365234375 0.153457641601563 0.24224853515625 0.06781005859375
0.139892578125 0.114402770996094 0.268646240234375 0.077789306640625
-0.0299892425537109 -0.00926208496093751 -0.33203125 -0.06427001953125
-0.0467338562011719 -0.0188102722167969 -0.273117065429688 -0.089874267578125
-0.0348491668701172 -0.0124130249023437 -0.16485595703125 -0.0204010009765625
-0.0368576049804687 -0.0123977661132813 -0.109420776367188 0.0421829223632812
-0.0323047637939453 -0.00696372985839843 -0.0512542724609375 0.154067993164063
-0.0259151458740234 -0.00672340393066406 0.0650177001953125 0.257080078125
-0.00916862487792969 0.00131607055664062 0.193695068359375 0.269607543945313
-0.0123739242553711 -0.00434017181396484 0.26409912109375 0.220062255859375
-0.0151729583740234 -0.0149526596069336 0.307159423828125 0.163909912109375
-0.0131902694702148 -0.014073371887207 0.2735595703125 0.13275146484375
-0.00912284851074219 -0.0240230560302734 0.17431640625 0.0577392578125
-0.0119838714599609 -0.0247268676757812 0.03704833984375 0.00986099243164062
-0.00944328308105469 -0.0345821380615234 -0.0995330810546875 -0.018218994140625
-0.0186367034912109 -0.0329360961914063 -0.248489379882813 -0.100509643554687
-0.0182456970214844 -0.0363578796386719 -0.287994384765625 -0.276519775390625
0.0936431884765625 0.0923614501953125 -0.321563720703125 -0.0601501464843751
0.0540237426757813 0.0940780639648437 -0.255340576171875 -0.083465576171875
0.0283355712890625 0.113288879394531 -0.161087036132813 -0.035888671875
0.0017547607421875 0.117568969726563 -0.104164123535156 0.0340347290039062
-0.00385284423828126 0.117782592773437 -0.04534912109375 0.140609741210938
0.0236434936523438 0.126571655273437 0.07452392578125 0.243667602539063
0.0632171630859375 0.120452880859375 0.188186645507813 0.25311279296875
0.0613174438476562 0.112503051757813 0.252227783203125 0.202011108398437
0.07550048828125 0.0965423583984375 0.29534912109375 0.147552490234375
0.0880126953125 0.0888290405273438 0.2744140625 0.115203857421875
0.0895156860351563 0.0695571899414063 0.170867919921875 0.0451812744140625
0.0993194580078125 0.0537261962890625 0.042572021484375 -0.0015411376953125
0.0917739868164063 0.0501022338867188 -0.100868225097656 -0.031890869140625
0.1092529296875 0.041656494140625 -0.23394775390625 -0.110397338867187
0.118621826171875 0.0290069580078125 -0.274520874023437 -0.277130126953125
0.204696655273438 0.179458618164063 -0.267929077148438 -0.0243377685546874
0.153549194335937 0.196533203125 -0.211837768554688 -0.0495758056640625
0.098388671875 0.227630615234375 -0.1473388671875 -0.0370941162109375
0.0515594482421875 0.2362060546875 -0.0978317260742187 0.0258941650390625
0.035552978515625 0.233108520507812 -0.0409774780273437 0.11016845703125
0.077392578125 0.245864868164063 0.0713043212890625 0.195831298828125
0.127487182617188 0.225021362304688 0.154403686523438 0.202346801757812
0.12530517578125 0.215423583984375 0.205856323242187 0.15386962890625
0.1546630859375 0.197174072265625 0.246978759765625 0.114044189453125
0.178359985351562 0.184707641601562 0.245742797851563 0.084014892578125
0.1754150390625 0.158447265625 0.156417846679688 0.0274200439453125
0.200637817382813 0.131011962890625 0.0550460815429688 -0.01690673828125
0.181961059570313 0.13592529296875 -0.075775146484375 -0.0493927001953125
0.21978759765625 0.117828369140625 -0.17755126953125 -0.119827270507812
0.23760986328125 0.093719482421875 -0.214981079101563 -0.260208129882812
0.290283203125 0.23394775390625 -0.17669677734375 0.0344085693359375
0.241531372070313 0.2625732421875 -0.138656616210937 0.00277709960937504
0.175811767578125 0.301422119140625 -0.117652893066406 -0.0289535522460938
0.119659423828125 0.317596435546875 -0.0876693725585938 0.0155792236328125
0.089447021484375 0.315155029296875 -0.0454177856445312 0.0606231689453125
0.1357421875 0.329681396484375 0.0443954467773438 0.120079040527344
0.180755615234375 0.29486083984375 0.0920486450195313 0.121292114257813
0.170928955078125 0.28662109375 0.128730773925781 0.0822830200195313
0.207931518554688 0.273544311523438 0.169677734375 0.059722900390625
0.23309326171875 0.264190673828125 0.189743041992188 0.038909912109375
0.22943115234375 0.239578247070313 0.129920959472656 0.00148773193359376
0.267288208007813 0.20416259765625 0.071807861328125 -0.034149169921875
0.242019653320313 0.214340209960938 -0.027435302734375 -0.0627784729003906
0.2962646484375 0.188323974609375 -0.0878067016601562 -0.11968994140625
0.31787109375 0.1517333984375 -0.118637084960938 -0.22161865234375
0.3348388671875 0.24200439453125 -0.0571670532226562 0.100570678710938
0.303497314453125 0.276092529296875 -0.0386848449707031 0.0569114685058594
0.237152099609375 0.311492919921875 -0.069976806640625 -0.0206222534179687
0.181365966796875 0.33612060546875 -0.0747299194335937 -0.000907897949218719
0.1451416015625 0.33612060546875 -0.0619621276855469 0.00236892700195315
0.18719482421875 0.3524169921875 -0.0112895965576172 0.0276813507080078
0.21478271484375 0.3153076171875 0.00318527221679689 0.0250282287597656
0.194061279296875 0.31439208984375 0.0345458984375 -0.00494575500488279
0.22265625 0.310150146484375 0.0750961303710938 -0.0116958618164062
0.243865966796875 0.310272216796875 0.119667053222656 -0.0209426879882812
0.234466552734375 0.29315185546875 0.0966567993164063 -0.0309371948242187
0.283477783203125 0.259002685546875 0.08892822265625 -0.0442657470703125
0.256210327148438 0.2718505859375 0.0339927673339844 -0.0617027282714844
0.318939208984375 0.241607666015625 0.021148681640625 -0.0989990234375
0.348175048828125 0.188690185546875 -0.00143432617187497 -0.160797119140625
0.3250732421875 0.208160400390625 0.0743560791015625 0.156082153320312
0.3082275390625 0.238983154296875 0.070281982421875 0.092193603515625
0.251632690429688 0.26129150390625 -0.0139694213867187 -0.019266128540039
0.202880859375 0.289642333984375 -0.0621833801269531 -0.0222854614257812
0.171142578125 0.293670654296875 -0.0906753540039062 -0.0512771606445312
0.207672119140625 0.311279296875 -0.087890625 -0.0574722290039062
0.2159423828125 0.283203125 -0.101715087890625 -0.06378173828125
0.187652587890625 0.290374755859375 -0.0670547485351562 -0.091522216796875
0.205322265625 0.2989501953125 -0.016876220703125 -0.0922470092773438
0.21099853515625 0.3076171875 0.0493011474609375 -0.0890960693359375
0.192779541015625 0.300933837890625 0.0639762878417969 -0.0652198791503906
0.244216918945313 0.272567749023438 0.101173400878906 -0.047393798828125
0.21990966796875 0.284149169921875 0.0931243896484375 -0.0414505004882812
0.288787841796875 0.257537841796875 0.127159118652344 -0.0559921264648437
0.32476806640625 0.196075439453125 0.115028381347656 -0.0839004516601563
0.25921630859375 0.141983032226563 0.189163208007813 0.190902709960938
0.2501220703125 0.169952392578125 0.162033081054688 0.106185913085938
0.206695556640625 0.178054809570313 0.0368385314941406 -0.0231552124023437
0.174026489257813 0.200103759765625 -0.05389404296875 -0.0382308959960937
0.149627685546875 0.207977294921875 -0.122550964355469 -0.0863265991210938
0.18231201171875 0.224319458007812 -0.1690673828125 -0.116165161132812
0.177932739257813 0.207473754882813 -0.204498291015625 -0.130645751953125
0.154525756835938 0.219924926757813 -0.157485961914063 -0.161544799804687
0.159927368164063 0.236343383789063 -0.0927276611328125 -0.1668701171875
0.15228271484375 0.24896240234375 -0.005279541015625 -0.1534423828125
0.126632690429688 0.250045776367188 0.0408096313476563 -0.0957794189453125
0.17022705078125 0.232574462890625 0.105743408203125 -0.0410614013671875
0.154510498046875 0.241622924804688 0.134925842285156 -0.00681304931640624
0.215911865234375 0.225479125976562 0.207015991210938 0.000228881835937514
0.253555297851563 0.166458129882813 0.213592529296875 -0.00350952148437499
0.14910888671875 0.0670623779296875 0.271636962890625 0.209686279296875
0.1434326171875 0.0937042236328125 0.22052001953125 0.107421875
0.118690490722656 0.0891952514648437 0.0721511840820313 -0.0244979858398437
0.100486755371094 0.101844787597656 -0.0506553649902344 -0.0455894470214844
0.0898666381835938 0.107276916503906 -0.147430419921875 -0.0984954833984375
0.115058898925781 0.116813659667969 -0.237503051757813 -0.141769409179688
0.103096008300781 0.108901977539063 -0.283538818359375 -0.166046142578125
0.09716796875 0.117874145507813 -0.223251342773438 -0.204452514648437
0.101364135742188 0.136428833007813 -0.14154052734375 -0.220977783203125
0.0909576416015625 0.147964477539063 -0.03802490234375 -0.201080322265625
0.066650390625 0.153533935546875 0.0306625366210937 -0.116104125976562
0.093109130859375 0.1424560546875 0.10235595703125 -0.032623291015625
0.0881195068359375 0.15032958984375 0.153915405273438 0.0281829833984375
0.127105712890625 0.145767211914063 0.249603271484375 0.0525054931640625
0.15179443359375 0.104598999023438 0.278579711914063 0.0606689453125
-0.0285205841064453 -0.00737953186035156 -0.33172607421875 -0.0419616699218751
-0.0462265014648438 -0.0163078308105469 -0.276702880859375 -0.070587158203125
-0.0349197387695313 -0.0103988647460938 -0.164901733398438 -0.00921630859374997
-0.0378379821777344 -0.0105514526367187 -0.104934692382813 0.04754638671875
-0.0303077697753906 -0.00512504577636719 -0.0388031005859375 0.154373168945313
-0.0249595642089844 -0.00654220581054688 0.082000732421875 0.247406005859375
-0.00930976867675781 0.00133323669433594 0.205963134765625 0.2491455078125
-0.0127334594726563 -0.00413703918457031 0.270217895507813 0.197250366210938
-0.0157108306884766 -0.0137424468994141 0.31121826171875 0.1392822265625
-0.0150222778320313 -0.0133209228515625 0.277313232421875 0.110565185546875
-0.0105857849121094 -0.0221843719482422 0.177383422851563 0.045196533203125
-0.01239013671875 -0.02392578125 0.0388984680175781 0.00816726684570312
-0.0121879577636719 -0.0341167449951172 -0.0942459106445313 -0.0100479125976562
-0.0199813842773437 -0.0312843322753906 -0.24725341796875 -0.0765838623046875
-0.020416259765625 -0.0355644226074219 -0.298583984375 -0.245849609375
0.0993499755859375 0.0846405029296875 -0.321685791015625 -0.0381774902343751
0.0596237182617187 0.0864791870117188 -0.258468627929688 -0.0679168701171875
0.0345077514648437 0.106201171875 -0.162094116210938 -0.023681640625
0.0101242065429687 0.112190246582031 -0.100975036621094 0.03997802734375
0.00494384765625001 0.11431884765625 -0.034881591796875 0.14068603515625
0.031768798828125 0.120384216308594 0.089752197265625 0.232223510742188
0.0677871704101563 0.112327575683594 0.2000732421875 0.234207153320313
0.0668411254882813 0.1043701171875 0.25909423828125 0.180130004882813
0.0801925659179687 0.08807373046875 0.29962158203125 0.126068115234375
0.092498779296875 0.0799179077148438 0.277008056640625 0.09283447265625
0.0925674438476563 0.06195068359375 0.1727294921875 0.0330047607421875
0.102386474609375 0.0452651977539063 0.04437255859375 -0.00386428833007812
0.0938720703125 0.043975830078125 -0.0980453491210938 -0.0222320556640625
0.110496520996094 0.034515380859375 -0.23486328125 -0.0871124267578125
0.117538452148438 0.020660400390625 -0.28802490234375 -0.248138427734375
0.214309692382813 0.161407470703125 -0.2681884765625 -0.00720214843749996
0.163558959960938 0.179702758789062 -0.214492797851563 -0.0368957519531249
0.111160278320313 0.21368408203125 -0.150619506835938 -0.0265655517578125
0.0681915283203125 0.226638793945313 -0.0960159301757813 0.032257080078125
0.051239013671875 0.225341796875 -0.0331954956054687 0.109222412109375
0.090484619140625 0.234542846679688 0.08203125 0.184326171875
0.1390380859375 0.211151123046875 0.165435791015625 0.186370849609375
0.136474609375 0.20013427734375 0.21075439453125 0.138885498046875
0.16546630859375 0.179946899414062 0.251068115234375 0.0955352783203125
0.186767578125 0.167953491210938 0.245742797851563 0.0641937255859375
0.184066772460938 0.143035888671875 0.15631103515625 0.014251708984375
0.2060546875 0.11273193359375 0.0551185607910156 -0.0207366943359375
0.188766479492188 0.121551513671875 -0.0741424560546875 -0.0390243530273438
0.224716186523438 0.100341796875 -0.181442260742188 -0.101425170898438
0.23883056640625 0.0745391845703125 -0.227676391601562 -0.23583984375
0.3038330078125 0.210174560546875 -0.1722412109375 0.0446929931640625
0.256134033203125 0.238632202148438 -0.137710571289062 0.00965881347656254
0.19378662109375 0.281158447265625 -0.121009826660156 -0.0194854736328125
0.1407470703125 0.3033447265625 -0.0864028930664062 0.02093505859375
0.1107177734375 0.30194091796875 -0.0417594909667969 0.0613212585449219
0.15533447265625 0.3125 0.0499343872070313 0.110664367675781
0.197219848632812 0.276260375976562 0.0999984741210938 0.111648559570313
0.187332153320313 0.267410278320313 0.1328125 0.0726165771484375
0.222946166992187 0.25146484375 0.171401977539062 0.0479583740234375
0.247451782226562 0.241470336914062 0.188949584960938 0.0240478515625
0.243270874023437 0.216781616210938 0.12933349609375 -0.010101318359375
0.278854370117187 0.1790771484375 0.0701904296875 -0.0393600463867187
0.25274658203125 0.193923950195313 -0.0295028686523437 -0.0552864074707031
0.3048095703125 0.165985107421875 -0.093414306640625 -0.107612609863281
0.324737548828125 0.124908447265625 -0.131576538085937 -0.205551147460938
0.34991455078125 0.215301513671875 -0.0495681762695312 0.09979248046875
0.315673828125 0.247467041015625 -0.0343093872070312 0.0535621643066406
0.2547607421875 0.287933349609375 -0.0736312866210938 -0.0154876708984375
0.202972412109375 0.316864013671875 -0.0753707885742187 0.00354766845703126
0.167236328125 0.31976318359375 -0.0630035400390625 0.00450515747070316
0.207183837890625 0.331878662109375 -0.0111408233642578 0.0234298706054688
0.232086181640625 0.2928466796875 0.0065288543701172 0.0237617492675781
0.212127685546875 0.291290283203125 0.0342483520507813 -0.00574302673339842
0.24200439453125 0.28533935546875 0.0738525390625 -0.0161666870117187
0.26116943359375 0.284576416015625 0.115699768066406 -0.0302886962890625
0.253189086914063 0.269393920898438 0.09478759765625 -0.0391769409179687
0.29931640625 0.230377197265625 0.0862274169921875 -0.0518875122070312
0.27008056640625 0.24884033203125 0.0304298400878906 -0.05889892578125
0.3310546875 0.21337890625 0.0147857666015625 -0.0957260131835937
0.35638427734375 0.159454345703125 -0.0130157470703125 -0.15447998046875
0.33697509765625 0.181671142578125 0.083282470703125 0.1439208984375
0.318939208984375 0.210601806640625 0.0752182006835938 0.081085205078125
0.265472412109375 0.239059448242188 -0.0173835754394531 -0.017486572265625
0.222442626953125 0.268707275390625 -0.0642356872558593 -0.0176887512207031
0.188888549804688 0.275909423828125 -0.0965728759765625 -0.0457229614257813
0.22393798828125 0.290618896484375 -0.093780517578125 -0.0537796020507812
0.229537963867187 0.261154174804688 -0.103652954101562 -0.0568466186523438
0.20428466796875 0.267257690429688 -0.07012939453125 -0.0835037231445312
0.222793579101563 0.275192260742188 -0.0218353271484375 -0.0884017944335937
0.229400634765625 0.283782958984375 0.0423126220703125 -0.0918121337890625
0.212249755859375 0.279205322265625 0.0595321655273438 -0.070953369140625
0.261215209960938 0.248153686523437 0.0975189208984375 -0.05523681640625
0.235733032226563 0.264297485351563 0.0880050659179688 -0.0432662963867187
0.301605224609375 0.232177734375 0.121353149414063 -0.062255859375
0.33355712890625 0.16748046875 0.106735229492188 -0.0874786376953125
0.26416015625 0.12310791015625 0.1981201171875 0.1689453125
0.25677490234375 0.148757934570313 0.167251586914063 0.089111328125
0.2158203125 0.161300659179688 0.0321598052978516 -0.0241508483886719
0.185958862304688 0.18426513671875 -0.0582962036132812 -0.0345687866210937
0.163253784179688 0.194229125976563 -0.129356384277344 -0.0773086547851562
0.193603515625 0.207260131835937 -0.177459716796875 -0.10546875
0.187408447265625 0.190963745117188 -0.207992553710938 -0.114013671875
0.166305541992188 0.201828002929688 -0.162979125976563 -0.146484375
0.173736572265625 0.218048095703125 -0.099578857421875 -0.156600952148437
0.167724609375 0.230758666992187 -0.01641845703125 -0.150177001953125
0.141555786132813 0.235458374023438 0.035400390625 -0.0985031127929688
0.18414306640625 0.213699340820313 0.102210998535156 -0.05010986328125
0.167953491210938 0.2247314453125 0.130477905273438 -0.0131607055664062
0.229019165039063 0.205734252929688 0.2025146484375 -0.0122833251953125
0.261383056640625 0.143936157226563 0.20916748046875 -0.01800537109375
0.150909423828125 0.0564727783203125 0.279205322265625 0.182098388671875
0.14654541015625 0.0825653076171875 0.22467041015625 0.08636474609375
0.122055053710938 0.0806655883789063 0.0672836303710938 -0.0290946960449219
0.107521057128906 0.09228515625 -0.0541839599609375 -0.0429229736328125
0.0960311889648438 0.100051879882813 -0.154769897460938 -0.08880615234375
0.119857788085938 0.106307983398438 -0.245956420898437 -0.124786376953125
0.107780456542969 0.098968505859375 -0.287445068359375 -0.143035888671875
0.103034973144531 0.107017517089844 -0.231185913085938 -0.18450927734375
0.107864379882812 0.124618530273437 -0.152481079101563 -0.205764770507812
0.10028076171875 0.137489318847656 -0.0504302978515625 -0.194244384765625
0.075592041015625 0.144805908203125 0.0236740112304687 -0.117027282714844
0.101066589355469 0.131141662597656 0.0987091064453125 -0.0400238037109375
0.09576416015625 0.140640258789063 0.152313232421875 0.0196533203125
0.135765075683594 0.134132385253906 0.24884033203125 0.0359649658203125
0.156707763671875 0.090972900390625 0.278091430664063 0.041015625
-0.0279312133789063 -0.00603485107421876 -0.32574462890625 -0.028656005859375
-0.0454559326171875 -0.0143089294433594 -0.272659301757813 -0.0576629638671875
-0.0349712371826172 -0.0107784271240234 -0.161773681640625 -0.00312805175781251
-0.0374603271484375 -0.00932312011718751 -0.100112915039063 0.0498580932617188
-0.0305461883544922 -0.00539016723632812 -0.032073974609375 0.150436401367187
-0.0251483917236328 -0.00675201416015625 0.0890045166015625 0.234588623046875
-0.0102825164794922 0.000126838684082032 0.20654296875 0.23223876953125
-0.0135335922241211 -0.00350093841552734 0.267822265625 0.179046630859375
-0.0167102813720703 -0.0119943618774414 0.304595947265625 0.122589111328125
-0.0147781372070313 -0.0127849578857422 0.274002075195313 0.0961151123046875
-0.0109596252441406 -0.0209560394287109 0.175811767578125 0.0364532470703125
-0.0134468078613281 -0.0223598480224609 0.0423316955566406 0.00749969482421875
-0.0125904083251953 -0.0330696105957031 -0.0878219604492188 -0.005096435546875
-0.0211963653564453 -0.0295906066894531 -0.238311767578125 -0.06005859375
-0.0215435028076172 -0.0326881408691406 -0.298583984375 -0.22137451171875
0.0996780395507813 0.0769577026367188 -0.313446044921875 -0.0244750976562501
0.060394287109375 0.0799407958984375 -0.256195068359375 -0.0561981201171874
0.0364456176757812 0.10015869140625 -0.160049438476563 -0.0172119140625
0.0137710571289063 0.106964111328125 -0.0972976684570313 0.0420379638671875
0.00945281982421874 0.10968017578125 -0.0281906127929688 0.135269165039063
0.0343475341796875 0.113037109375 0.0948944091796875 0.218246459960938
0.0698776245117188 0.105064392089844 0.201736450195312 0.217758178710937
0.0681304931640625 0.0980072021484375 0.256271362304688 0.164413452148437
0.0803985595703125 0.0806655883789063 0.294677734375 0.109283447265625
0.092437744140625 0.0739288330078125 0.272216796875 0.077911376953125
0.0925445556640625 0.0557785034179688 0.170608520507813 0.0249176025390625
0.101593017578125 0.0379638671875 0.0462226867675781 -0.00480270385742187
0.0933761596679688 0.0392608642578125 -0.0918121337890625 -0.0153732299804688
0.10845947265625 0.0292892456054688 -0.228485107421875 -0.071685791015625
0.114959716796875 0.0133285522460938 -0.28778076171875 -0.2252197265625
0.216644287109375 0.1475830078125 -0.26068115234375 0.00341796875000002
0.164840698242188 0.163986206054687 -0.210922241210938 -0.0289459228515624
0.115447998046875 0.200241088867187 -0.148773193359375 -0.019195556640625
0.0761871337890625 0.214370727539063 -0.0920181274414062 0.0345077514648438
0.0596466064453125 0.215499877929688 -0.028839111328125 0.106208801269531
0.0966796875 0.220245361328125 0.084747314453125 0.171463012695313
0.141616821289062 0.197265625 0.166091918945313 0.171630859375
0.140533447265625 0.185699462890625 0.209152221679688 0.1251220703125
0.16656494140625 0.165328979492187 0.246826171875 0.082550048828125
0.187576293945313 0.152740478515625 0.241043090820313 0.0509185791015625
0.185012817382813 0.129547119140625 0.155349731445313 0.00718688964843751
0.205917358398438 0.098388671875 0.0556411743164063 -0.0226478576660156
0.188186645507813 0.110122680664063 -0.0698890686035156 -0.0316429138183594
0.221832275390625 0.088958740234375 -0.177642822265625 -0.0869140625
0.23480224609375 0.060546875 -0.230316162109375 -0.214553833007813
0.3055419921875 0.190673828125 -0.167205810546875 0.0486297607421875
0.25811767578125 0.217742919921875 -0.135154724121094 0.0111770629882813
0.19732666015625 0.263153076171875 -0.120429992675781 -0.0153579711914062
0.150421142578125 0.28607177734375 -0.0838775634765625 0.0226898193359375
0.120147705078125 0.28582763671875 -0.0395317077636719 0.0593605041503906
0.16204833984375 0.29461669921875 0.0500640869140625 0.101882934570313
0.200225830078125 0.25872802734375 0.10028076171875 0.102043151855469
0.192184448242188 0.247467041015625 0.132659912109375 0.0655593872070313
0.224227905273438 0.231201171875 0.16851806640625 0.0400848388671875
0.2496337890625 0.221054077148438 0.18408203125 0.0133056640625
0.244964599609375 0.19921875 0.127471923828125 -0.01654052734375
0.279205322265625 0.159149169921875 0.0688591003417969 -0.0416030883789062
0.253509521484375 0.177902221679688 -0.0290946960449219 -0.0479698181152344
0.30230712890625 0.1484375 -0.093994140625 -0.0968551635742188
0.319580078125 0.10528564453125 -0.135391235351563 -0.18994140625
0.35015869140625 0.19354248046875 -0.0443572998046875 0.0958023071289063
0.315673828125 0.22357177734375 -0.0332832336425781 0.0492019653320313
0.257797241210938 0.268081665039063 -0.0745086669921875 -0.0127792358398437
0.213165283203125 0.2969970703125 -0.0746536254882812 0.00641632080078128
0.17523193359375 0.3016357421875 -0.0637741088867187 0.00532531738281251
0.213043212890625 0.311798095703125 -0.0132179260253906 0.0196723937988281
0.236770629882813 0.27569580078125 0.00684738159179689 0.0213680267333985
0.217208862304688 0.269180297851563 0.0346717834472656 -0.00687026977539061
0.2451171875 0.263916015625 0.0728836059570313 -0.0179367065429687
0.264678955078125 0.26318359375 0.110481262207031 -0.0351181030273437
0.2569580078125 0.249298095703125 0.0911941528320313 -0.04315185546875
0.300872802734375 0.20819091796875 0.083282470703125 -0.0552444458007812
0.2720947265625 0.229965209960937 0.0283699035644531 -0.0536766052246094
0.330902099609375 0.193634033203125 0.0110092163085938 -0.0895233154296875
0.35235595703125 0.13568115234375 -0.0184173583984375 -0.145263671875
0.33587646484375 0.1617431640625 0.085662841796875 0.131828308105469
0.3157958984375 0.189422607421875 0.0754547119140625 0.070953369140625
0.266616821289063 0.22137451171875 -0.0188426971435547 -0.0174236297607422
0.228607177734375 0.250350952148438 -0.0653953552246094 -0.0146102905273437
0.1944580078125 0.259750366210938 -0.097991943359375 -0.0417098999023437
0.227127075195313 0.2713623046875 -0.0962677001953125 -0.050994873046875
0.232528686523438 0.243240356445313 -0.100715637207031 -0.0522537231445312
0.208358764648438 0.24725341796875 -0.0690155029296875 -0.0772628784179687
0.22662353515625 0.253997802734375 -0.02252197265625 -0.0840682983398437
0.234298706054687 0.2625732421875 0.0371780395507813 -0.090423583984375
0.216888427734375 0.260971069335938 0.0567474365234375 -0.072723388671875
0.26458740234375 0.225357055664062 0.0931930541992188 -0.058990478515625
0.239730834960937 0.244964599609375 0.0845565795898438 -0.0414505004882812
0.30322265625 0.21258544921875 0.115348815917969 -0.0619277954101562
0.331268310546875 0.146697998046875 0.100044250488281 -0.0865631103515625
0.26348876953125 0.107421875 0.198806762695313 0.151351928710938
0.255081176757813 0.133087158203125 0.165267944335938 0.0745391845703125
0.21514892578125 0.14837646484375 0.0288562774658203 -0.0265598297119141
0.190017700195313 0.17095947265625 -0.0593185424804687 -0.0308647155761719
0.166107177734375 0.18145751953125 -0.131446838378906 -0.0715408325195312
0.194976806640625 0.192352294921875 -0.17974853515625 -0.0955963134765625
0.188690185546875 0.176544189453125 -0.205154418945313 -0.102188110351563
0.168411254882813 0.185745239257813 -0.16119384765625 -0.13458251953125
0.176162719726562 0.200592041015625 -0.100738525390625 -0.146286010742188
0.171859741210938 0.214218139648438 -0.02069091796875 -0.144775390625
0.148513793945313 0.220474243164063 0.0314102172851563 -0.097869873046875
0.18865966796875 0.1962890625 0.09783935546875 -0.054168701171875
0.17193603515625 0.210403442382813 0.125267028808594 -0.0152206420898437
0.230697631835938 0.188308715820313 0.1961669921875 -0.018157958984375
0.259475708007813 0.127044677734375 0.201995849609375 -0.023468017578125
0.149505615234375 0.0485992431640625 0.2774658203125 0.159515380859375
0.1458740234375 0.073699951171875 0.22088623046875 0.071014404296875
0.121200561523438 0.0744476318359375 0.0621871948242188 -0.033233642578125
0.108055114746094 0.0863113403320312 -0.0563468933105469 -0.0388717651367187
0.0977020263671875 0.0930099487304688 -0.155715942382813 -0.080657958984375
0.119529724121094 0.0994796752929688 -0.24493408203125 -0.111907958984375
0.109138488769531 0.092559814453125 -0.282562255859375 -0.125823974609375
0.103141784667969 0.098175048828125 -0.22796630859375 -0.169509887695312
0.108894348144531 0.114906311035156 -0.153350830078125 -0.19171142578125
0.10345458984375 0.127395629882813 -0.0565032958984375 -0.184341430664063
0.080322265625 0.136604309082031 0.01898193359375 -0.115882873535156
0.10400390625 0.121360778808594 0.094970703125 -0.0449752807617187
0.0988540649414063 0.131462097167969 0.148666381835938 0.014739990234375
0.137428283691406 0.124244689941406 0.242904663085938 0.025726318359375
0.156173706054688 0.08111572265625 0.271759033203125 0.02978515625
-0.0269908905029297 -0.00521659851074219 -0.321533203125 -0.02471923828125
-0.0441055297851562 -0.013885498046875 -0.27032470703125 -0.0525207519531249
-0.0365676879882813 -0.0117835998535156 -0.159530639648438 -0.000823974609374993
-0.037994384765625 -0.00922012329101562 -0.0998687744140625 0.0481338500976563
-0.0306167602539063 -0.00646781921386718 -0.0292816162109375 0.146591186523438
-0.0258388519287109 -0.00732994079589843 0.088836669921875 0.226425170898438
-0.0101509094238281 -0.00047016143798828 0.203277587890625 0.224761962890625
-0.0146312713623047 -0.00287342071533203 0.259552001953125 0.173660278320313
-0.0171499252319336 -0.0114784240722656 0.299102783203125 0.116546630859375
-0.0153484344482422 -0.0106639862060547 0.271560668945313 0.090423583984375
-0.0106525421142578 -0.0213871002197266 0.175979614257812 0.0352020263671875
-0.0134868621826172 -0.0233554840087891 0.0427627563476562 0.0089569091796875
-0.0135841369628906 -0.0317268371582031 -0.082611083984375 -0.00238800048828126
-0.0208187103271484 -0.0279083251953125 -0.231399536132812 -0.05291748046875
-0.0230979919433594 -0.0325832366943359 -0.293121337890625 -0.208892822265625
0.0995254516601563 0.07244873046875 -0.310150146484375 -0.02130126953125
0.057891845703125 0.0759429931640625 -0.253677368164063 -0.0534515380859375
0.0349884033203125 0.0965423583984375 -0.15850830078125 -0.01507568359375
0.0139083862304688 0.10345458984375 -0.0980377197265625 0.0411529541015625
0.0102767944335937 0.106208801269531 -0.02667236328125 0.132980346679687
0.0320510864257812 0.109634399414063 0.09393310546875 0.209213256835938
0.0672454833984375 0.101638793945313 0.198760986328125 0.209945678710938
0.0673370361328125 0.0934906005859375 0.250701904296875 0.159133911132813
0.079193115234375 0.0765609741210938 0.289398193359375 0.10455322265625
0.0914382934570312 0.068695068359375 0.26837158203125 0.0729522705078125
0.0908279418945313 0.0521240234375 0.172195434570313 0.0232086181640625
0.100593566894531 0.035064697265625 0.0481758117675781 -0.00481796264648437
0.0926666259765625 0.0369644165039063 -0.0855560302734375 -0.0101470947265625
0.106414794921875 0.0271072387695313 -0.222000122070313 -0.0647125244140625
0.1123046875 0.0100936889648438 -0.283447265625 -0.212005615234375
0.217803955078125 0.140472412109375 -0.256668090820313 0.00404357910156246
0.163330078125 0.157562255859375 -0.2108154296875 -0.028961181640625
0.1151123046875 0.195236206054688 -0.147079467773438 -0.018280029296875
0.0782012939453125 0.207931518554687 -0.0914764404296875 0.03350830078125
0.0606689453125 0.208084106445313 -0.0294036865234375 0.102142333984375
0.096160888671875 0.213958740234375 0.083282470703125 0.1636962890625
0.139907836914063 0.191497802734375 0.165435791015625 0.165603637695313
0.140457153320313 0.17913818359375 0.20623779296875 0.120880126953125
0.163818359375 0.159423828125 0.24365234375 0.0791168212890625
0.184494018554687 0.146865844726563 0.23663330078125 0.0456695556640625
0.183013916015625 0.123947143554687 0.15399169921875 0.00439453125000001
0.20263671875 0.09185791015625 0.0569190979003906 -0.024017333984375
0.186248779296875 0.105758666992188 -0.0656013488769531 -0.0282020568847656
0.220962524414063 0.0835418701171875 -0.173370361328125 -0.079925537109375
0.231689453125 0.054412841796875 -0.227584838867187 -0.2030029296875
0.305450439453125 0.182220458984375 -0.162872314453125 0.0463714599609375
0.253936767578125 0.209091186523438 -0.134552001953125 0.00909423828125002
0.195602416992188 0.255966186523438 -0.119461059570312 -0.014495849609375
0.151153564453125 0.27703857421875 -0.0850143432617187 0.0220108032226563
0.121856689453125 0.278945922851563 -0.0402297973632812 0.0563697814941406
0.16119384765625 0.286468505859375 0.0465850830078125 0.0951614379882813
0.198089599609375 0.2506103515625 0.100753784179688 0.0972824096679688
0.191329956054687 0.238693237304688 0.131950378417969 0.0629959106445313
0.223434448242187 0.221267700195313 0.168426513671875 0.0358734130859375
0.248641967773438 0.211715698242188 0.181304931640625 0.0106353759765625
0.242034912109375 0.191680908203125 0.126609802246094 -0.0190353393554687
0.275833129882813 0.149810791015625 0.0692214965820313 -0.0428848266601562
0.25250244140625 0.172637939453125 -0.0263633728027344 -0.0433731079101562
0.301300048828125 0.14178466796875 -0.0916290283203125 -0.0895767211914062
0.315185546875 0.0960693359375 -0.134017944335937 -0.181076049804688
0.3497314453125 0.18438720703125 -0.0431900024414062 0.091156005859375
0.313232421875 0.215240478515625 -0.0338821411132812 0.0441551208496094
0.255706787109375 0.259765625 -0.0742721557617187 -0.0134201049804687
0.213836669921875 0.28887939453125 -0.0737686157226563 0.00597381591796876
0.175506591796875 0.293701171875 -0.0654983520507812 0.00496673583984377
0.212677001953125 0.301849365234375 -0.0162382125854492 0.0166845321655274
0.234939575195313 0.266433715820313 0.0065288543701172 0.0186271667480469
0.214263916015625 0.259994506835938 0.0351829528808594 -0.00643539428710936
0.24212646484375 0.252349853515625 0.0734481811523438 -0.0183792114257812
0.264404296875 0.2523193359375 0.108024597167969 -0.0362625122070312
0.254959106445313 0.240097045898438 0.090301513671875 -0.04559326171875
0.29876708984375 0.197296142578125 0.082794189453125 -0.0572891235351562
0.272308349609375 0.222091674804688 0.0287933349609375 -0.0495834350585937
0.329986572265625 0.18658447265625 0.011474609375 -0.0849151611328125
0.3486328125 0.127593994140625 -0.018096923828125 -0.139495849609375
0.33453369140625 0.153076171875 0.084259033203125 0.123817443847656
0.312835693359375 0.18133544921875 0.0730133056640625 0.0635833740234375
0.26287841796875 0.214599609375 -0.0203399658203125 -0.0186271667480469
0.229415893554688 0.241912841796875 -0.06475830078125 -0.0139999389648437
0.195602416992188 0.253082275390625 -0.0995254516601562 -0.0413742065429687
0.22747802734375 0.263351440429688 -0.0998992919921875 -0.0512008666992188
0.232192993164063 0.236907958984375 -0.100013732910156 -0.0507888793945312
0.2064208984375 0.236419677734375 -0.0661773681640625 -0.075347900390625
0.223876953125 0.243423461914063 -0.0203933715820312 -0.0816574096679687
0.230987548828125 0.252578735351563 0.0355453491210938 -0.0902252197265625
0.216339111328125 0.251190185546875 0.0566024780273438 -0.0741119384765625
0.262542724609375 0.215072631835938 0.0921859741210938 -0.060089111328125
0.238113403320313 0.237625122070313 0.0840988159179688 -0.0375442504882812
0.301971435546875 0.20458984375 0.1136474609375 -0.058502197265625
0.32720947265625 0.137664794921875 0.098175048828125 -0.0837020874023437
0.2615966796875 0.103134155273438 0.195083618164063 0.141006469726563
0.252090454101563 0.12774658203125 0.162185668945313 0.0662078857421875
0.213577270507812 0.143325805664062 0.0260162353515625 -0.0283603668212891
0.189605712890625 0.164093017578125 -0.0603141784667969 -0.0311088562011719
0.165939331054688 0.177139282226562 -0.132728576660156 -0.0695037841796875
0.19317626953125 0.186935424804688 -0.180618286132813 -0.092315673828125
0.187118530273438 0.171875 -0.20098876953125 -0.0983428955078124
0.165908813476563 0.177841186523438 -0.155548095703125 -0.12933349609375
0.174270629882813 0.192642211914062 -0.09759521484375 -0.140113830566406
0.171005249023438 0.205474853515625 -0.020233154296875 -0.141464233398438
0.148208618164063 0.213348388671875 0.0306930541992188 -0.0983963012695312
0.1876220703125 0.187698364257813 0.0957260131835938 -0.0561294555664062
0.171737670898438 0.204605102539063 0.124252319335938 -0.0127334594726562
0.229476928710938 0.181442260742188 0.19305419921875 -0.01824951171875
0.256179809570313 0.119186401367188 0.19873046875 -0.0228271484375
0.148513793945313 0.0474090576171875 0.27154541015625 0.148681640625
0.145645141601563 0.0720367431640625 0.217041015625 0.062286376953125
0.120460510253906 0.072784423828125 0.0591201782226563 -0.0347213745117187
0.107856750488281 0.0831451416015625 -0.0580062866210937 -0.0373764038085937
0.0979385375976563 0.0920333862304688 -0.155349731445313 -0.0777435302734375
0.119071960449219 0.0962753295898437 -0.243743896484375 -0.1060791015625
0.108589172363281 0.089385986328125 -0.277908325195313 -0.12139892578125
0.101486206054687 0.0947723388671875 -0.224029541015625 -0.162612915039063
0.107101440429688 0.109725952148437 -0.148956298828125 -0.18524169921875
0.103096008300781 0.121627807617188 -0.055572509765625 -0.178298950195312
0.0808181762695312 0.132637023925781 0.0180740356445313 -0.114707946777344
0.103790283203125 0.117759704589844 0.0928802490234375 -0.045745849609375
0.0977935791015625 0.128204345703125 0.146133422851563 0.0154571533203125
0.137039184570312 0.119224548339844 0.2393798828125 0.023895263671875
0.15484619140625 0.077606201171875 0.26708984375 0.0279998779296875
-0.0278911590576172 -0.00607681274414063 -0.326416015625 -0.0235900878906251
-0.0460662841796875 -0.0146522521972656 -0.2747802734375 -0.052276611328125
-0.0372200012207031 -0.0124664306640625 -0.1624755859375 -0.000366210937500007
-0.0389595031738281 -0.00954818725585938 -0.103164672851562 0.0476226806640625
-0.0310268402099609 -0.00700950622558593 -0.0293731689453125 0.147445678710938
-0.0280513763427734 -0.00906562805175781 0.089874267578125 0.225326538085937
-0.0132122039794922 3.05175781249988E-05 0.204483032226563 0.22552490234375
-0.015406608581543 -0.00402259826660157 0.2596435546875 0.17510986328125
-0.0186767578125 -0.0119113922119141 0.30072021484375 0.117279052734375
-0.0161476135253906 -0.0121240615844727 0.275314331054688 0.0892333984375
-0.0114822387695313 -0.0222511291503906 0.1800537109375 0.0354461669921875
-0.0138339996337891 -0.0235443115234375 0.046661376953125 0.0100021362304687
-0.0141010284423828 -0.0331878662109375 -0.0794219970703125 -0.00167083740234377
-0.0217399597167969 -0.0278987884521484 -0.230987548828125 -0.05010986328125
-0.0236415863037109 -0.0323772430419922 -0.29547119140625 -0.205078125
0.102691650390625 0.0723114013671875 -0.3133544921875 -0.02130126953125
0.0599365234375 0.0758438110351563 -0.258575439453125 -0.05255126953125
0.0348434448242187 0.0971832275390625 -0.162078857421875 -0.01611328125
0.0156326293945313 0.10260009765625 -0.0995254516601563 0.0398712158203125
0.0102462768554687 0.106132507324219 -0.0279006958007812 0.132011413574219
0.0329666137695313 0.10858154296875 0.0933837890625 0.2088623046875
0.0677642822265625 0.10089111328125 0.200347900390625 0.21063232421875
0.0672607421875 0.0923538208007813 0.252792358398437 0.16058349609375
0.0806045532226563 0.0781707763671875 0.292633056640625 0.10528564453125
0.09130859375 0.0689544677734375 0.271804809570312 0.071929931640625
0.0923233032226563 0.0527496337890625 0.1748046875 0.0218505859375
0.102066040039062 0.03411865234375 0.0511436462402344 -0.00461959838867187
0.0932846069335938 0.0372543334960938 -0.0828094482421875 -0.00942993164062499
0.10906982421875 0.026580810546875 -0.221084594726563 -0.0608673095703125
0.112892150878906 0.00986480712890625 -0.286376953125 -0.208709716796875
0.221694946289062 0.138504028320313 -0.2598876953125 0.00418090820312496
0.16424560546875 0.156097412109375 -0.216079711914062 -0.029510498046875
0.11419677734375 0.19525146484375 -0.15155029296875 -0.019500732421875
0.079376220703125 0.20733642578125 -0.0950241088867188 0.0338058471679688
0.0625 0.208969116210938 -0.0294570922851562 0.101249694824219
0.096771240234375 0.214569091796875 0.081390380859375 0.162033081054688
0.141448974609375 0.192108154296875 0.165298461914063 0.164901733398438
0.140335083007813 0.178070068359375 0.210418701171875 0.121551513671875
0.166229248046875 0.159011840820312 0.248336791992187 0.0785675048828125
0.187057495117187 0.145477294921875 0.240829467773438 0.0440826416015625
0.184982299804688 0.122344970703125 0.158554077148438 0.00189208984375001
0.206695556640625 0.0904541015625 0.0588340759277344 -0.0238227844238281
0.1910400390625 0.107147216796875 -0.0631027221679687 -0.0242385864257813
0.226119995117188 0.0838623046875 -0.173248291015625 -0.0755767822265625
0.232803344726563 0.05230712890625 -0.228805541992187 -0.200271606445313
0.313140869140625 0.177978515625 -0.164642333984375 0.044921875
0.258102416992188 0.208480834960937 -0.137992858886719 0.00740051269531249
0.19830322265625 0.257034301757813 -0.123207092285156 -0.0158233642578125
0.156112670898438 0.276657104492188 -0.0867233276367187 0.021331787109375
0.125778198242188 0.280853271484375 -0.0430183410644531 0.0565986633300781
0.163848876953125 0.286834716796875 0.0444793701171875 0.093841552734375
0.202529907226563 0.251617431640625 0.100418090820313 0.0966796875
0.193374633789063 0.23712158203125 0.134262084960938 0.062103271484375
0.225997924804688 0.2203369140625 0.1719970703125 0.0363616943359375
0.25054931640625 0.21026611328125 0.182937622070313 0.00866699218750001
0.246063232421875 0.191665649414063 0.129104614257813 -0.0214767456054687
0.280715942382813 0.147994995117188 0.0718536376953125 -0.0440216064453125
0.258331298828125 0.174224853515625 -0.0230941772460937 -0.0401535034179687
0.305572509765625 0.1405029296875 -0.0912551879882812 -0.08782958984375
0.31793212890625 0.093963623046875 -0.135543823242187 -0.177658081054688
0.358062744140625 0.182830810546875 -0.0433883666992187 0.087921142578125
0.3184814453125 0.21356201171875 -0.0368614196777343 0.0410270690917969
0.259796142578125 0.2625732421875 -0.0775985717773437 -0.0146713256835938
0.21875 0.287841796875 -0.076141357421875 0.00382232666015628
0.18145751953125 0.29638671875 -0.0696525573730469 0.00393676757812502
0.215850830078125 0.30377197265625 -0.0214519500732422 0.0152359008789063
0.238128662109375 0.267059326171875 0.00709724426269533 0.0172290802001953
0.21844482421875 0.257888793945313 0.0384063720703125 -0.00769042968749999
0.2469482421875 0.250518798828125 0.0769577026367188 -0.0190658569335937
0.2685546875 0.249862670898438 0.108650207519531 -0.038482666015625
0.25872802734375 0.239486694335937 0.0932540893554688 -0.0477981567382812
0.303619384765625 0.194580078125 0.0846633911132813 -0.0586318969726562
0.277420043945313 0.223464965820313 0.0326385498046875 -0.0457725524902344
0.335845947265625 0.18450927734375 0.013153076171875 -0.0819473266601562
0.352020263671875 0.124267578125 -0.0181732177734375 -0.136817932128906
0.341156005859375 0.151519775390625 0.0858001708984375 0.119438171386719
0.3173828125 0.17999267578125 0.0712356567382813 0.0587310791015625
0.267074584960938 0.216171264648438 -0.0244598388671875 -0.0210704803466797
0.234710693359375 0.2427978515625 -0.0678482055664062 -0.0153312683105469
0.199127197265625 0.254180908203125 -0.104385375976562 -0.0419387817382812
0.231277465820313 0.265335083007813 -0.10418701171875 -0.05230712890625
0.235153198242187 0.237625122070312 -0.10015869140625 -0.0526504516601562
0.208755493164063 0.234878540039063 -0.0641937255859375 -0.0754776000976562
0.226165771484375 0.242050170898438 -0.0176467895507812 -0.0825576782226563
0.235107421875 0.249740600585938 0.0358428955078125 -0.091033935546875
0.220596313476562 0.251510620117188 0.0569992065429688 -0.075439453125
0.266632080078125 0.21295166015625 0.0936050415039063 -0.0625991821289062
0.242691040039062 0.23907470703125 0.0871047973632813 -0.0344696044921875
0.306732177734375 0.20220947265625 0.115921020507813 -0.0575790405273437
0.32891845703125 0.134521484375 0.0999984741210938 -0.0812911987304687
0.268569946289063 0.101593017578125 0.196243286132813 0.136810302734375
0.255935668945313 0.127227783203125 0.162109375 0.0608062744140625
0.21630859375 0.145751953125 0.0238132476806641 -0.0307197570800781
0.193603515625 0.164505004882813 -0.0617332458496093 -0.031005859375
0.170272827148438 0.178375244140625 -0.136711120605469 -0.0694503784179687
0.197174072265625 0.188674926757813 -0.186721801757813 -0.0938568115234375
0.190383911132813 0.172409057617187 -0.202667236328125 -0.100021362304687
0.168014526367187 0.177352905273438 -0.155364990234375 -0.13018798828125
0.17572021484375 0.191543579101563 -0.09539794921875 -0.141738891601563
0.174209594726563 0.20458984375 -0.0207672119140625 -0.14105224609375
0.152175903320312 0.2127685546875 0.031982421875 -0.100151062011719
0.189849853515625 0.187271118164063 0.0967559814453125 -0.0584793090820312
0.174407958984375 0.2064208984375 0.12774658203125 -0.0105667114257812
0.232467651367187 0.181732177734375 0.195343017578125 -0.017730712890625
0.258743286132813 0.117706298828125 0.202011108398438 -0.021942138671875
0.150680541992187 0.0463409423828125 0.273757934570313 0.143463134765625
0.148330688476563 0.072662353515625 0.21881103515625 0.0567169189453125
0.122627258300781 0.0740127563476563 0.0576515197753906 -0.0376663208007812
0.11138916015625 0.0840377807617188 -0.0591163635253906 -0.0386543273925781
0.10052490234375 0.0929412841796875 -0.16094970703125 -0.078399658203125
0.121063232421875 0.0982208251953125 -0.2491455078125 -0.106658935546875
0.110496520996094 0.090667724609375 -0.279632568359375 -0.121688842773437
0.102958679199219 0.0943527221679688 -0.223556518554688 -0.1634521484375
0.108673095703125 0.109085083007812 -0.147552490234375 -0.185714721679688
0.104476928710938 0.120414733886719 -0.054443359375 -0.178787231445313
0.0831222534179688 0.13330078125 0.0194625854492187 -0.116310119628906
0.105903625488281 0.116722106933594 0.09466552734375 -0.0477828979492187
0.0995864868164063 0.12872314453125 0.148971557617188 0.0166168212890625
0.139549255371094 0.120132446289063 0.242401123046875 0.02471923828125
0.156661987304688 0.07708740234375 0.271011352539063 0.02960205078125
-0.0299453735351562 -0.00518798828125 -0.339447021484375 -0.0185546875
-0.0484428405761719 -0.0127029418945312 -0.286712646484375 -0.048065185546875
-0.0404396057128906 -0.0120887756347656 -0.169937133789062 0.00215148925781252
-0.0412940979003906 -0.00954437255859375 -0.109375 0.0514297485351563
-0.0339012145996094 -0.00712013244628906 -0.0299835205078125 0.151840209960938
-0.0313720703125 -0.00786972045898438 0.09576416015625 0.229751586914063
-0.0156173706054688 -0.000230789184570313 0.213623046875 0.228240966796875
-0.0170307159423828 -0.00310039520263672 0.270614624023437 0.178207397460938
-0.0207004547119141 -0.0118579864501953 0.3134765625 0.115386962890625
-0.0167570114135742 -0.0123958587646484 0.28741455078125 0.088287353515625
-0.0124568939208984 -0.0226211547851563 0.18963623046875 0.0342864990234375
-0.0159358978271484 -0.02435302734375 0.0521697998046875 0.0111923217773438
-0.0164794921875 -0.0339889526367188 -0.0783767700195312 0.00086975097656251
-0.0231380462646484 -0.0297584533691406 -0.236648559570313 -0.0433197021484375
-0.0261268615722656 -0.032867431640625 -0.30755615234375 -0.2005615234375
0.108070373535156 0.0710601806640625 -0.325347900390625 -0.0179443359375
0.0627593994140625 0.0758438110351563 -0.270095825195313 -0.0504608154296875
0.0354690551757812 0.0987091064453125 -0.169967651367188 -0.0143890380859375
0.01702880859375 0.104782104492188 -0.10552978515625 0.0432052612304687
0.0127105712890625 0.107994079589844 -0.0287933349609375 0.136177062988281
0.0339813232421875 0.110847473144531 0.0992889404296875 0.2117919921875
0.0701446533203125 0.103973388671875 0.209396362304688 0.212310791015625
0.0709609985351563 0.0938034057617188 0.263626098632813 0.160888671875
0.0839385986328125 0.077178955078125 0.306182861328125 0.1025390625
0.0952835083007813 0.0693817138671875 0.28399658203125 0.0693359375
0.0959320068359375 0.0512008666992188 0.1849365234375 0.0191497802734375
0.105644226074219 0.0321273803710938 0.0560760498046875 -0.00512313842773437
0.0978546142578125 0.03692626953125 -0.0823287963867188 -0.00600433349609374
0.113632202148438 0.0259017944335938 -0.225372314453125 -0.055450439453125
0.117050170898438 0.00634765625 -0.29718017578125 -0.205413818359375
0.2349853515625 0.136550903320313 -0.270004272460938 0.00762939453125
0.174575805664063 0.157669067382813 -0.224853515625 -0.027923583984375
0.121795654296875 0.198974609375 -0.159881591796875 -0.018524169921875
0.08746337890625 0.21075439453125 -0.100532531738281 0.0349884033203125
0.068572998046875 0.21441650390625 -0.032196044921875 0.105789184570313
0.10345458984375 0.219711303710938 0.0844268798828125 0.16497802734375
0.149444580078125 0.19580078125 0.173294067382813 0.165451049804688
0.147628784179688 0.17889404296875 0.218597412109375 0.121185302734375
0.174102783203125 0.158493041992188 0.258743286132813 0.0751190185546875
0.195266723632813 0.144851684570312 0.249588012695313 0.0415496826171875
0.193984985351563 0.12347412109375 0.165634155273438 -0.000747680664062492
0.21502685546875 0.087554931640625 0.0637016296386719 -0.0257034301757812
0.20172119140625 0.106170654296875 -0.0620384216308594 -0.0210838317871094
0.23651123046875 0.08050537109375 -0.177902221679687 -0.0712127685546875
0.24261474609375 0.0478057861328125 -0.240020751953125 -0.198577880859375
0.329132080078125 0.174713134765625 -0.170822143554687 0.046173095703125
0.271636962890625 0.207595825195313 -0.146026611328125 0.00709533691406252
0.210006713867188 0.262313842773438 -0.130630493164063 -0.0164108276367187
0.167327880859375 0.27984619140625 -0.0922317504882812 0.0227584838867188
0.1373291015625 0.286651611328125 -0.0470542907714844 0.0585823059082032
0.176025390625 0.293670654296875 0.0438308715820313 0.0947647094726563
0.214630126953125 0.25555419921875 0.104972839355469 0.0960540771484375
0.204193115234375 0.238189697265625 0.14178466796875 0.060943603515625
0.237030029296875 0.221084594726563 0.180389404296875 0.0329742431640625
0.263458251953125 0.210769653320313 0.189361572265625 0.00401306152343751
0.259109497070313 0.191116333007812 0.136054992675781 -0.0260009765625
0.29486083984375 0.144561767578125 0.0753860473632813 -0.0474014282226562
0.272720336914062 0.173568725585937 -0.0205726623535156 -0.0377426147460937
0.322357177734375 0.135650634765625 -0.0931854248046875 -0.0846710205078125
0.33123779296875 0.087127685546875 -0.142379760742188 -0.177505493164062
0.375396728515625 0.17779541015625 -0.0447463989257812 0.0865020751953125
0.333984375 0.213043212890625 -0.0401458740234375 0.0385284423828125
0.274093627929688 0.266677856445313 -0.0837478637695313 -0.017364501953125
0.232666015625 0.291168212890625 -0.0814361572265625 0.00432586669921878
0.195281982421875 0.30224609375 -0.0758590698242187 0.00476074218750002
0.2298583984375 0.309967041015625 -0.0256309509277344 0.0149364471435547
0.253692626953125 0.2703857421875 0.00685787200927736 0.0168828964233399
0.228744506835938 0.260208129882813 0.0414772033691406 -0.0107040405273437
0.259323120117188 0.253646850585938 0.0816726684570313 -0.023468017578125
0.2816162109375 0.24981689453125 0.112968444824219 -0.041412353515625
0.273162841796875 0.242019653320313 0.0972442626953125 -0.0534744262695312
0.319854736328125 0.192535400390625 0.0892715454101563 -0.064208984375
0.294097900390625 0.22650146484375 0.0358200073242188 -0.0447845458984375
0.353118896484375 0.181732177734375 0.01422119140625 -0.082916259765625
0.36712646484375 0.118865966796875 -0.0200347900390625 -0.137565612792969
0.357879638671875 0.146942138671875 0.0895156860351563 0.115936279296875
0.33416748046875 0.17864990234375 0.0726699829101563 0.0550460815429688
0.28179931640625 0.219818115234375 -0.0285854339599609 -0.0244083404541016
0.248626708984375 0.244064331054688 -0.07220458984375 -0.0166397094726562
0.212722778320313 0.2591552734375 -0.113456726074219 -0.0413131713867187
0.24444580078125 0.270431518554688 -0.1134033203125 -0.052215576171875
0.249771118164063 0.23822021484375 -0.105667114257812 -0.0541763305664062
0.21978759765625 0.236984252929687 -0.0655441284179688 -0.0789031982421875
0.238143920898438 0.244659423828125 -0.0165328979492187 -0.08624267578125
0.249221801757812 0.25201416015625 0.03619384765625 -0.0941543579101563
0.232635498046875 0.25457763671875 0.0600433349609375 -0.0815505981445312
0.2811279296875 0.212478637695313 0.097900390625 -0.069000244140625
0.259231567382813 0.2418212890625 0.092559814453125 -0.0345306396484375
0.323028564453125 0.2020263671875 0.120086669921875 -0.0595932006835937
0.34320068359375 0.12939453125 0.103958129882813 -0.0834884643554688
0.281112670898438 0.097808837890625 0.203811645507813 0.131088256835938
0.269149780273438 0.125656127929688 0.166946411132813 0.0554656982421875
0.228683471679688 0.147537231445313 0.0200347900390625 -0.036407470703125
0.204620361328125 0.166763305664062 -0.0660896301269531 -0.033538818359375
0.180740356445313 0.182403564453125 -0.146820068359375 -0.0695648193359375
0.209030151367188 0.191543579101563 -0.198577880859375 -0.0930023193359375
0.201248168945313 0.173858642578125 -0.21112060546875 -0.1007080078125
0.175918579101562 0.178253173828125 -0.16119384765625 -0.133773803710938
0.184310913085938 0.192733764648438 -0.09808349609375 -0.146438598632813
0.1839599609375 0.206222534179687 -0.02301025390625 -0.144744873046875
0.162002563476563 0.21649169921875 0.0327987670898438 -0.105796813964844
0.201278686523437 0.186752319335938 0.101043701171875 -0.0642242431640625
0.18597412109375 0.208526611328125 0.133956909179688 -0.0108184814453125
0.246017456054688 0.180816650390625 0.203521728515625 -0.020050048828125
0.269973754882813 0.115188598632813 0.209762573242188 -0.0235137939453125
0.157928466796875 0.0446319580078125 0.283050537109375 0.13592529296875
0.155609130859375 0.0703887939453125 0.225082397460938 0.0489959716796875
0.129425048828125 0.0753097534179688 0.0554313659667969 -0.0435256958007812
0.116806030273437 0.0846405029296875 -0.0642929077148437 -0.04058837890625
0.107513427734375 0.0943679809570312 -0.170928955078125 -0.0777587890625
0.128669738769531 0.0989227294921875 -0.2626953125 -0.1058349609375
0.117332458496094 0.0916671752929688 -0.291107177734375 -0.121002197265625
0.106979370117188 0.0948867797851563 -0.231521606445313 -0.165481567382812
0.112998962402344 0.109992980957031 -0.151962280273437 -0.188873291015625
0.110786437988281 0.121551513671875 -0.0576171875 -0.182846069335938
0.0902633666992187 0.136466979980469 0.0185394287109375 -0.121147155761719
0.111503601074219 0.117843627929688 0.0990676879882813 -0.0528793334960938
0.105552673339844 0.131858825683594 0.156463623046875 0.0155792236328125
0.147430419921875 0.119491577148438 0.253387451171875 0.021392822265625
0.163787841796875 0.0765228271484375 0.28167724609375 0.02813720703125
-0.0320358276367188 -0.00417137145996094 -0.35369873046875 -0.00164794921875002
-0.0513343811035156 -0.0100288391113281 -0.302764892578125 -0.0348510742187501
-0.0422515869140625 -0.010406494140625 -0.179656982421875 0.01177978515625
-0.0450477600097656 -0.00738143920898438 -0.115768432617188 0.0608901977539062
-0.0351333618164063 -0.00466346740722656 -0.0243988037109375 0.159454345703125
-0.0338649749755859 -0.00577735900878906 0.1094970703125 0.232284545898438
-0.0185508728027344 0.000919342041015624 0.232666015625 0.225234985351562
-0.0200538635253906 -0.00219345092773437 0.2886962890625 0.171905517578125
-0.0217666625976563 -0.0121383666992188 0.33160400390625 0.104034423828125
-0.0188961029052734 -0.0112953186035156 0.3045654296875 0.07733154296875
-0.0139980316162109 -0.0228672027587891 0.2020263671875 0.0252532958984375
-0.0190048217773437 -0.0253849029541016 0.0591773986816406 0.01031494140625
-0.0207977294921875 -0.03558349609375 -0.0774078369140625 0.00602722167968749
-0.0257530212402344 -0.0285472869873047 -0.244369506835937 -0.029205322265625
-0.0284557342529297 -0.0325164794921875 -0.326751708984375 -0.18804931640625
0.117378234863281 0.0662155151367188 -0.340667724609375 -0.00262451171874993
0.0694961547851563 0.07525634765625 -0.287811279296875 -0.0372314453125
0.0424118041992188 0.100273132324219 -0.17999267578125 -0.00578308105468749
0.0235671997070313 0.105033874511719 -0.109336853027344 0.0503158569335937
0.0202789306640625 0.112327575683594 -0.0234375 0.144027709960937
0.0380477905273438 0.114486694335937 0.108978271484375 0.213531494140625
0.0767974853515625 0.1031494140625 0.229019165039062 0.20855712890625
0.0753707885742188 0.0914764404296875 0.28155517578125 0.153594970703125
0.08831787109375 0.0752792358398437 0.32208251953125 0.09161376953125
0.101715087890625 0.0658187866210938 0.299224853515625 0.0582275390625
0.103965759277344 0.0468597412109375 0.195068359375 0.0108489990234375
0.113258361816406 0.0260162353515625 0.06231689453125 -0.00624847412109375
0.105560302734375 0.0323410034179687 -0.082794189453125 -0.00128936767578125
0.118667602539063 0.0213165283203125 -0.2340087890625 -0.038665771484375
0.120391845703125 0.0005645751953125 -0.318878173828125 -0.19244384765625
0.251876831054688 0.126800537109375 -0.280120849609375 0.0201873779296876
0.190353393554688 0.153396606445313 -0.236923217773438 -0.016632080078125
0.139022827148438 0.199859619140625 -0.1710205078125 -0.01068115234375
0.101104736328125 0.212066650390625 -0.106468200683594 0.0388565063476563
0.0819244384765625 0.216033935546875 -0.0295944213867187 0.109817504882813
0.120498657226562 0.222442626953125 0.09271240234375 0.163803100585938
0.164779663085938 0.19439697265625 0.1871337890625 0.16058349609375
0.1622314453125 0.17462158203125 0.233749389648437 0.11102294921875
0.187774658203125 0.154876708984375 0.273712158203125 0.06378173828125
0.210342407226563 0.140106201171875 0.263046264648438 0.030853271484375
0.207595825195313 0.117401123046875 0.175064086914063 -0.0115966796875
0.230316162109375 0.0770416259765625 0.0668067932128906 -0.0310401916503906
0.216537475585937 0.098541259765625 -0.0610733032226562 -0.01629638671875
0.249832153320312 0.068450927734375 -0.183517456054688 -0.060394287109375
0.253448486328125 0.0343017578125 -0.258499145507812 -0.190048217773438
0.354644775390625 0.16339111328125 -0.176284790039062 0.052001953125
0.295166015625 0.198699951171875 -0.153533935546875 0.01165771484375
0.23345947265625 0.260284423828125 -0.142364501953125 -0.01312255859375
0.18914794921875 0.280059814453125 -0.0987319946289062 0.0269927978515625
0.15814208984375 0.287750244140625 -0.0481300354003906 0.0637550354003906
0.198333740234375 0.2940673828125 0.0452957153320313 0.0952301025390625
0.237503051757813 0.251800537109375 0.11297607421875 0.0910568237304688
0.222732543945313 0.23345947265625 0.150497436523438 0.0538330078125
0.256439208984375 0.215621948242187 0.191696166992188 0.0230712890625
0.2847900390625 0.202484130859375 0.198135375976563 -0.00524902343749999
0.278549194335938 0.18402099609375 0.140838623046875 -0.0372314453125
0.313262939453125 0.132080078125 0.0775299072265625 -0.0550308227539063
0.29486083984375 0.166168212890625 -0.0174407958984375 -0.0350112915039062
0.342437744140625 0.122222900390625 -0.098846435546875 -0.0795974731445313
0.346710205078125 0.071868896484375 -0.15618896484375 -0.172271728515625
0.40118408203125 0.159332275390625 -0.0432968139648437 0.0863494873046875
0.36041259765625 0.199615478515625 -0.0423660278320312 0.0377540588378906
0.300048828125 0.263641357421875 -0.0942764282226562 -0.0164871215820312
0.258331298828125 0.28887939453125 -0.0894851684570313 0.00752258300781251
0.220947265625 0.301483154296875 -0.0814743041992187 0.00938415527343753
0.25640869140625 0.309967041015625 -0.0309486389160156 0.0169754028320313
0.27874755859375 0.2640380859375 0.00671005249023439 0.0140256881713867
0.250335693359375 0.254684448242188 0.0440864562988281 -0.016021728515625
0.278732299804688 0.245635986328125 0.08575439453125 -0.0300827026367187
0.305694580078125 0.24261474609375 0.115890502929688 -0.048614501953125
0.29656982421875 0.23565673828125 0.098724365234375 -0.062164306640625
0.34136962890625 0.180908203125 0.0898056030273438 -0.0725021362304687
0.3192138671875 0.217010498046875 0.0394172668457031 -0.0450401306152344
0.376617431640625 0.16680908203125 0.0134201049804688 -0.0838699340820312
0.386077880859375 0.101531982421875 -0.027130126953125 -0.136619567871094
0.38433837890625 0.131134033203125 0.0958480834960938 0.107688903808594
0.35968017578125 0.166656494140625 0.07598876953125 0.0470123291015625
0.3055419921875 0.215545654296875 -0.0361251831054687 -0.0279083251953125
0.271987915039063 0.239410400390625 -0.0801467895507813 -0.0152969360351562
0.237701416015625 0.256683349609375 -0.123184204101562 -0.0365219116210937
0.269927978515625 0.2677001953125 -0.124122619628906 -0.0475006103515625
0.273361206054688 0.233200073242188 -0.114646911621094 -0.0503997802734375
0.238861083984375 0.23089599609375 -0.0711441040039062 -0.0807113647460937
0.258193969726563 0.239212036132813 -0.0183868408203125 -0.0917587280273438
0.273193359375 0.244003295898438 0.0343246459960938 -0.0985336303710937
0.255355834960938 0.249603271484375 0.0597000122070313 -0.0899887084960937
0.303863525390625 0.20330810546875 0.0989761352539063 -0.0804367065429688
0.28302001953125 0.23724365234375 0.0992813110351563 -0.0393905639648437
0.349029541015625 0.188446044921875 0.122810363769531 -0.0656814575195312
0.3631591796875 0.11431884765625 0.105552673339844 -0.0898513793945312
0.298370361328125 0.0875244140625 0.215713500976563 0.11944580078125
0.289154052734375 0.115264892578125 0.174087524414063 0.0414276123046875
0.247802734375 0.142471313476563 0.0149726867675781 -0.04205322265625
0.22076416015625 0.161270141601563 -0.0730361938476562 -0.0301513671875
0.198898315429687 0.177627563476562 -0.159713745117188 -0.064910888671875
0.226531982421875 0.187225341796875 -0.21575927734375 -0.0850982666015625
0.219772338867187 0.169525146484375 -0.225799560546875 -0.092315673828125
0.191757202148438 0.17529296875 -0.172576904296875 -0.13323974609375
0.201126098632813 0.189346313476563 -0.105514526367187 -0.149551391601563
0.200881958007813 0.202911376953125 -0.027984619140625 -0.147720336914063
0.18023681640625 0.216079711914063 0.0297622680664063 -0.112434387207031
0.218368530273438 0.181442260742188 0.101860046386719 -0.0737152099609375
0.205642700195313 0.206924438476563 0.141433715820313 -0.017059326171875
0.266326904296875 0.172439575195313 0.212738037109375 -0.0302886962890625
0.284698486328125 0.1044921875 0.217941284179688 -0.0333099365234375
0.1678466796875 0.0382843017578125 0.298492431640625 0.122283935546875
0.167312622070313 0.065216064453125 0.234405517578125 0.0345001220703125
0.139137268066406 0.0721435546875 0.0517196655273438 -0.05145263671875
0.127235412597656 0.083404541015625 -0.071807861328125 -0.0406265258789062
0.117706298828125 0.092254638671875 -0.18377685546875 -0.0740966796875
0.139350891113281 0.0959625244140625 -0.2825927734375 -0.09552001953125
0.128181457519531 0.0885009765625 -0.31005859375 -0.109405517578125
0.116767883300781 0.0923690795898437 -0.246963500976562 -0.162185668945313
0.122161865234375 0.107498168945313 -0.166000366210937 -0.1890869140625
0.121292114257813 0.119331359863281 -0.0660400390625 -0.185760498046875
0.100387573242187 0.135368347167969 0.0147552490234375 -0.12603759765625
0.122428894042969 0.116607666015625 0.100807189941406 -0.0621490478515625
0.117408752441406 0.131515502929688 0.166290283203125 0.0105133056640625
0.16094970703125 0.115463256835938 0.265411376953125 0.0102386474609375
0.175979614257813 0.0690765380859375 0.296630859375 0.015777587890625
-0.0329265594482422 -0.00144004821777343 -0.362640380859375 0.025299072265625
-0.0525398254394531 -0.00518035888671876 -0.310302734375 -0.0106506347656249
-0.0456390380859375 -0.0063934326171875 -0.184112548828125 0.027496337890625
-0.0446357727050781 -0.00365447998046875 -0.117385864257812 0.0745468139648437
-0.0391426086425781 -0.00165176391601562 -0.0155181884765625 0.160797119140625
-0.0346927642822266 -0.00127983093261719 0.124954223632813 0.223068237304688
-0.0207958221435547 0.0021820068359375 0.248077392578125 0.208892822265625
-0.0197238922119141 0.00300407409667969 0.304046630859375 0.1529541015625
-0.0267658233642578 -0.0105476379394531 0.3421630859375 0.080780029296875
-0.0225372314453125 -0.0103626251220703 0.316680908203125 0.0545654296875
-0.0155315399169922 -0.0239124298095703 0.210617065429687 0.01336669921875
-0.0252799987792969 -0.0237464904785156 0.0640106201171875 0.00754547119140625
-0.0225028991699219 -0.0354347229003906 -0.0729141235351563 0.0138931274414062
-0.0284080505371094 -0.0252017974853516 -0.246383666992187 -0.0105438232421875
-0.0322761535644531 -0.0316753387451172 -0.348114013671875 -0.161895751953125
0.124038696289063 0.060089111328125 -0.348052978515625 0.024810791015625
0.0749053955078125 0.0646133422851563 -0.29736328125 -0.01580810546875
0.0478744506835938 0.0988006591796875 -0.184967041015625 0.0117340087890625
0.0316238403320313 0.108024597167969 -0.112350463867188 0.059844970703125
0.0249862670898437 0.108551025390625 -0.016632080078125 0.148361206054688
0.0521240234375 0.111968994140625 0.127090454101562 0.207473754882813
0.087554931640625 0.101348876953125 0.241073608398438 0.189285278320313
0.08148193359375 0.086151123046875 0.29608154296875 0.134063720703125
0.0922698974609375 0.0675125122070312 0.3353271484375 0.06939697265625
0.105804443359375 0.0607681274414063 0.312835693359375 0.035919189453125
0.105262756347656 0.03826904296875 0.204299926757813 -0.003875732421875
0.115798950195313 0.0193023681640625 0.06317138671875 -0.0145721435546875
0.111839294433594 0.0233078002929688 -0.0786895751953125 0.0092620849609375
0.124031066894531 0.010223388671875 -0.238510131835937 -0.0220794677734375
0.122116088867188 -0.00737762451171875 -0.337310791015625 -0.165985107421875
0.267562866210938 0.105316162109375 -0.286712646484375 0.03851318359375
0.204986572265625 0.132965087890625 -0.247039794921875 -0.000732421875000025
0.155288696289063 0.18951416015625 -0.17706298828125 -0.00247192382812497
0.11895751953125 0.208953857421875 -0.108695983886719 0.0486068725585938
0.10137939453125 0.209197998046875 -0.0236663818359375 0.114456176757813
0.137710571289063 0.21722412109375 0.105667114257813 0.159530639648438
0.178970336914063 0.179367065429688 0.19940185546875 0.1473388671875
0.178680419921875 0.164413452148438 0.244232177734375 0.0953826904296875
0.200637817382813 0.140380859375 0.285858154296875 0.04638671875
0.224929809570313 0.122909545898437 0.268447875976563 0.011871337890625
0.215850830078125 0.1019287109375 0.179840087890625 -0.025115966796875
0.2376708984375 0.0565338134765625 0.0731658935546875 -0.0379562377929687
0.228271484375 0.08319091796875 -0.0550155639648437 -0.00748062133789061
0.258575439453125 0.0488433837890625 -0.189468383789062 -0.0468292236328125
0.256790161132813 0.0125732421875 -0.276336669921875 -0.165542602539062
0.371795654296875 0.12939453125 -0.176956176757812 0.0611114501953125
0.31756591796875 0.173431396484375 -0.158340454101562 0.021453857421875
0.257476806640625 0.24554443359375 -0.150314331054687 -0.00469970703125001
0.212722778320313 0.266433715820313 -0.100456237792969 0.0365524291992188
0.1861572265625 0.276153564453125 -0.0469512939453125 0.0685920715332032
0.228424072265625 0.2818603515625 0.0492706298828125 0.094635009765625
0.258743286132813 0.236572265625 0.116928100585938 0.0810470581054688
0.24267578125 0.217788696289063 0.156356811523438 0.0407867431640625
0.274383544921875 0.200347900390625 0.19891357421875 0.00555419921875001
0.30084228515625 0.182891845703125 0.204620361328125 -0.020538330078125
0.29693603515625 0.164947509765625 0.142654418945313 -0.0486602783203125
0.328826904296875 0.106170654296875 0.0755767822265625 -0.0639114379882813
0.314727783203125 0.144805908203125 -0.0188007354736328 -0.0316257476806641
0.356231689453125 0.09100341796875 -0.101814270019531 -0.0710906982421875
0.358978271484375 0.04443359375 -0.169342041015625 -0.158706665039062
0.420928955078125 0.12811279296875 -0.0408935546875 0.085662841796875
0.3829345703125 0.171722412109375 -0.0431022644042969 0.0378799438476563
0.3267822265625 0.243896484375 -0.10760498046875 -0.0112075805664062
0.2852783203125 0.272674560546875 -0.0938644409179688 0.0140151977539063
0.2476806640625 0.28558349609375 -0.082122802734375 0.0179367065429688
0.28704833984375 0.291717529296875 -0.0331592559814453 0.021047592163086
0.302642822265625 0.246795654296875 0.00613784790039064 0.0123872756958008
0.275283813476563 0.235610961914062 0.0426864624023438 -0.0218162536621094
0.3017578125 0.227325439453125 0.0869293212890625 -0.0419158935546875
0.3248291015625 0.221221923828125 0.117279052734375 -0.0586090087890625
0.31927490234375 0.214752197265625 0.095489501953125 -0.073638916015625
0.362091064453125 0.1524658203125 0.0858688354492188 -0.0828170776367187
0.344635009765625 0.193389892578125 0.0420875549316406 -0.0465621948242187
0.39483642578125 0.1380615234375 0.00799560546875002 -0.0842056274414062
0.398193359375 0.069061279296875 -0.0366363525390625 -0.136672973632813
0.397430419921875 0.101226806640625 0.101837158203125 0.0970077514648438
0.379638671875 0.136260986328125 0.0795822143554688 0.0348358154296875
0.329986572265625 0.19171142578125 -0.0471382141113281 -0.0274925231933594
0.296356201171875 0.2218017578125 -0.0843887329101563 -0.0125885009765625
0.263320922851562 0.240646362304687 -0.131645202636719 -0.027587890625
0.29931640625 0.249969482421875 -0.135505676269531 -0.0369110107421875
0.2945556640625 0.21356201171875 -0.12030029296875 -0.0421295166015625
0.261703491210938 0.215362548828125 -0.0787429809570312 -0.0808486938476563
0.28131103515625 0.221343994140625 -0.027374267578125 -0.0948028564453125
0.294586181640625 0.225555419921875 0.0306015014648438 -0.102951049804688
0.28076171875 0.233734130859375 0.0567855834960938 -0.0956878662109375
0.3251953125 0.18133544921875 0.09600830078125 -0.09063720703125
0.309417724609375 0.215301513671875 0.100578308105469 -0.0452728271484375
0.365478515625 0.16192626953125 0.123970031738281 -0.07659912109375
0.37811279296875 0.0870361328125 0.100547790527344 -0.0967788696289063
0.311065673828125 0.060943603515625 0.224884033203125 0.09808349609375
0.304107666015625 0.088836669921875 0.177276611328125 0.0239715576171875
0.2628173828125 0.127044677734375 0.00660324096679689 -0.0452880859375
0.237274169921875 0.146728515625 -0.0801162719726562 -0.0299758911132813
0.216522216796875 0.163604736328125 -0.170486450195313 -0.0529937744140625
0.247787475585938 0.172088623046875 -0.229019165039062 -0.066741943359375
0.238128662109375 0.152328491210938 -0.237930297851562 -0.0780181884765625
0.207626342773438 0.159332275390625 -0.183258056640625 -0.122589111328125
0.217559814453125 0.177642822265625 -0.116668701171875 -0.1436767578125
0.221969604492187 0.187469482421875 -0.0375518798828125 -0.147735595703125
0.201858520507813 0.201950073242188 0.0240097045898438 -0.1160888671875
0.240386962890625 0.1649169921875 0.0993194580078125 -0.08624267578125
0.22698974609375 0.193389892578125 0.143905639648438 -0.0262603759765625
0.279129028320313 0.15399169921875 0.212783813476563 -0.046234130859375
0.29931640625 0.082611083984375 0.221176147460938 -0.0494842529296875
0.17578125 0.0235137939453125 0.30987548828125 0.093597412109375
0.175338745117188 0.0527191162109375 0.2352294921875 0.00833129882812501
0.145767211914063 0.0645294189453125 0.0411911010742188 -0.0578460693359375
0.137382507324219 0.0725173950195313 -0.079376220703125 -0.0338287353515625
0.127578735351563 0.0857162475585938 -0.194808959960938 -0.0596771240234375
0.148834228515625 0.0867767333984375 -0.297393798828125 -0.0760498046875
0.138130187988281 0.07977294921875 -0.32391357421875 -0.0865783691406251
0.122932434082031 0.0858917236328125 -0.262237548828125 -0.14837646484375
0.1334228515625 0.100120544433594 -0.180953979492188 -0.181732177734375
0.131912231445312 0.111541748046875 -0.07928466796875 -0.182723999023437
0.1142578125 0.129165649414063 0.00759124755859374 -0.129890441894531
0.135566711425781 0.106559753417969 0.0996551513671875 -0.0689010620117188
0.128242492675781 0.122001647949219 0.173507690429688 -0.00357055664062499
0.168838500976562 0.104263305664062 0.271240234375 -0.0102081298828125
0.182022094726562 0.0539398193359375 0.3040771484375 -0.00665283203125
-0.0321502685546875 -0.000616073608398437 -0.353057861328125 0.0505676269531251
-0.0518379211425781 -0.00382232666015626 -0.309234619140625 0.012420654296875
-0.0464401245117188 -0.00322341918945313 -0.178268432617188 0.03778076171875
-0.0440521240234375 0.000507354736328126 -0.112136840820313 0.07940673828125
-0.0364494323730469 0.00213623046875001 -0.0055999755859375 0.1602783203125
-0.0344371795654297 0.00118255615234375 0.137847900390625 0.207305908203125
-0.0205154418945313 0.00472068786621093 0.255416870117188 0.185302734375
-0.022308349609375 0.00267219543457031 0.3094482421875 0.12969970703125
-0.0250320434570313 -0.006195068359375 0.3436279296875 0.056549072265625
-0.0229988098144531 -0.0071258544921875 0.315673828125 0.031585693359375
-0.0182628631591797 -0.022705078125 0.21063232421875 -0.005279541015625
-0.0247402191162109 -0.0224514007568359 0.0693817138671875 0.0012054443359375
-0.0256252288818359 -0.0292167663574219 -0.0675926208496094 0.0176429748535156
-0.0280666351318359 -0.0233364105224609 -0.238113403320312 0.0121002197265625
-0.0339717864990234 -0.0277423858642578 -0.346832275390625 -0.125640869140625
0.125877380371094 0.0464553833007813 -0.337249755859375 0.0476074218750001
0.0799179077148438 0.060943603515625 -0.290863037109375 0.00814819335937506
0.0564346313476562 0.0945358276367187 -0.185836791992188 0.0223541259765625
0.037139892578125 0.100547790527344 -0.108993530273437 0.0688858032226563
0.0348129272460937 0.104316711425781 -0.0076751708984375 0.143341064453125
0.0575637817382812 0.106163024902344 0.135757446289063 0.188095092773438
0.0917892456054688 0.090484619140625 0.248764038085938 0.1685791015625
0.0849761962890625 0.078826904296875 0.29901123046875 0.109344482421875
0.0954666137695312 0.06036376953125 0.33441162109375 0.040618896484375
0.106735229492188 0.0485610961914063 0.308319091796875 0.011077880859375
0.110687255859375 0.0328216552734375 0.199005126953125 -0.0195159912109375
0.111434936523438 0.0069580078125 0.0658340454101562 -0.0174598693847656
0.10986328125 0.0152206420898438 -0.0704269409179688 0.0171127319335938
0.121810913085938 0.0019683837890625 -0.229110717773437 -3.05175781250241E-05
0.116340637207031 -0.0185012817382813 -0.33709716796875 -0.1317138671875
0.267471313476563 0.080413818359375 -0.276504516601563 0.0550537109375
0.210922241210938 0.116119384765625 -0.245437622070313 0.016571044921875
0.165023803710938 0.173965454101562 -0.18145751953125 0.0121307373046875
0.131683349609375 0.190399169921875 -0.105606079101562 0.0560073852539063
0.11761474609375 0.197250366210938 -0.017578125 0.114181518554688
0.15338134765625 0.200347900390625 0.11102294921875 0.147354125976562
0.190170288085938 0.164657592773438 0.204345703125 0.1263427734375
0.181320190429688 0.148818969726563 0.245407104492188 0.0751800537109375
0.205184936523438 0.123931884765625 0.284637451171875 0.020263671875
0.226058959960938 0.103286743164063 0.269271850585938 -0.00804138183593749
0.224609375 0.08306884765625 0.175247192382813 -0.0396881103515625
0.236312866210937 0.0388031005859375 0.0689201354980469 -0.0426025390625
0.230224609375 0.0626983642578125 -0.0501251220703125 -0.00405883789062499
0.25732421875 0.0266571044921875 -0.183425903320312 -0.0257720947265625
0.2537841796875 -0.0048370361328125 -0.27618408203125 -0.137466430664062
0.37579345703125 0.0986328125 -0.172256469726562 0.072021484375
0.321563720703125 0.141082763671875 -0.157546997070312 0.030029296875
0.27032470703125 0.221542358398438 -0.1566162109375 0.00804138183593755
0.2296142578125 0.2451171875 -0.102226257324219 0.041046142578125
0.202102661132813 0.256072998046875 -0.0443153381347656 0.0689659118652344
0.243865966796875 0.258468627929688 0.0533065795898438 0.0859451293945313
0.271682739257812 0.2086181640625 0.119590759277344 0.0704727172851563
0.249847412109375 0.1917724609375 0.156143188476563 0.0261383056640625
0.281982421875 0.173675537109375 0.194854736328125 -0.01202392578125
0.3104248046875 0.153533935546875 0.20098876953125 -0.03411865234375
0.304656982421875 0.1370849609375 0.13739013671875 -0.0604476928710937
0.33245849609375 0.079620361328125 0.0731735229492188 -0.0693817138671875
0.3204345703125 0.11553955078125 -0.0133285522460937 -0.028076171875
0.353546142578125 0.063140869140625 -0.102882385253906 -0.059051513671875
0.353057861328125 0.015716552734375 -0.176498413085937 -0.140289306640625
0.423980712890625 0.09063720703125 -0.0375289916992187 0.0816421508789062
0.387969970703125 0.1348876953125 -0.0446739196777344 0.0356674194335938
0.33990478515625 0.214935302734375 -0.110221862792969 -0.00320434570312498
0.29840087890625 0.243927001953125 -0.0952835083007812 0.0203628540039063
0.267120361328125 0.259475708007813 -0.0850143432617187 0.0216903686523438
0.30267333984375 0.265380859375 -0.0339088439941406 0.0224571228027344
0.3155517578125 0.21490478515625 0.0038270950317383 0.0105419158935547
0.28131103515625 0.205963134765625 0.0399246215820313 -0.0258979797363281
0.313385009765625 0.1995849609375 0.0837554931640625 -0.0498046875
0.337799072265625 0.188232421875 0.113212585449219 -0.0667648315429687
0.331329345703125 0.186798095703125 0.0909805297851563 -0.0809097290039063
0.36737060546875 0.121063232421875 0.0802383422851563 -0.0904083251953125
0.35113525390625 0.16400146484375 0.0436515808105469 -0.0476150512695312
0.39453125 0.10247802734375 0.00684356689453127 -0.0804824829101563
0.3944091796875 0.037445068359375 -0.0413436889648437 -0.126335144042969
0.400909423828125 0.06610107421875 0.103279113769531 0.0814285278320313
0.379638671875 0.102386474609375 0.0725784301757813 0.0250320434570313
0.337615966796875 0.166961669921875 -0.05596923828125 -0.0228729248046875
0.3046875 0.19525146484375 -0.0897903442382813 -0.00414276123046873
0.276626586914063 0.212142944335938 -0.133773803710937 -0.0164413452148438
0.308135986328125 0.22088623046875 -0.136909484863281 -0.0254745483398437
0.30548095703125 0.184722900390625 -0.123603820800781 -0.0342941284179687
0.2672119140625 0.18780517578125 -0.0833892822265625 -0.0745620727539063
0.28875732421875 0.19476318359375 -0.0311279296875 -0.0939254760742187
0.304473876953125 0.19677734375 0.0261688232421875 -0.104568481445312
0.29388427734375 0.205657958984375 0.046478271484375 -0.0986251831054687
0.32989501953125 0.14825439453125 0.08856201171875 -0.0967025756835937
0.31793212890625 0.187713623046875 0.1007080078125 -0.0486297607421875
0.36639404296875 0.12847900390625 0.118011474609375 -0.0811691284179687
0.37322998046875 0.0546875 0.0944442749023438 -0.0996475219726563
0.30999755859375 0.03472900390625 0.220962524414063 0.075042724609375
0.30615234375 0.062957763671875 0.169387817382813 0.004364013671875
0.267196655273438 0.104888916015625 -0.00680923461914061 -0.0457229614257812
0.244552612304688 0.126373291015625 -0.0837936401367188 -0.0232391357421875
0.226272583007812 0.144821166992188 -0.173004150390625 -0.0391693115234375
0.257537841796875 0.14617919921875 -0.229644775390625 -0.0481719970703125
0.244369506835938 0.1304931640625 -0.239242553710937 -0.06036376953125
0.213302612304688 0.14019775390625 -0.190750122070313 -0.110580444335937
0.225830078125 0.155197143554687 -0.123847961425781 -0.136154174804688
0.22796630859375 0.165481567382813 -0.0432586669921875 -0.14300537109375
0.2144775390625 0.183944702148438 0.0151596069335938 -0.119216918945313
0.2435302734375 0.142013549804688 0.0916748046875 -0.091949462890625
0.237823486328125 0.171554565429688 0.145034790039063 -0.0350494384765625
0.285614013671875 0.12615966796875 0.209136962890625 -0.0602569580078125
0.2977294921875 0.05609130859375 0.21533203125 -0.06219482421875
0.173782348632813 0.0117950439453125 0.302581787109375 0.065216064453125
0.17901611328125 0.0381622314453125 0.228744506835938 -0.0128631591796875
0.1524658203125 0.053070068359375 0.0298042297363281 -0.0619468688964844
0.139823913574219 0.0629425048828125 -0.0824127197265625 -0.0306015014648437
0.134689331054688 0.0725250244140625 -0.200164794921875 -0.043060302734375
0.153915405273438 0.0718231201171875 -0.297515869140625 -0.048431396484375
0.1414794921875 0.0660552978515625 -0.32232666015625 -0.06085205078125
0.129295349121094 0.07275390625 -0.268310546875 -0.125732421875
0.136848449707031 0.0860671997070313 -0.1878662109375 -0.169418334960938
0.137435913085938 0.0951156616210938 -0.0847930908203125 -0.17572021484375
0.122726440429688 0.117729187011719 0.000953674316406256 -0.129364013671875
0.140357971191406 0.0957107543945313 0.0916748046875 -0.0770797729492188
0.135612487792969 0.110488891601563 0.171905517578125 -0.0114898681640625
0.175247192382813 0.086883544921875 0.268051147460938 -0.0303955078125
0.18292236328125 0.04058837890625 0.300079345703125 -0.027099609375
-0.0305519104003906 0.0011749267578125 -0.337432861328125 0.064300537109375
-0.0504417419433594 -0.000171661376953123 -0.297210693359375 0.028411865234375
-0.0438079833984375 -0.00200653076171874 -0.171478271484375 0.0471649169921875
-0.0454559326171875 0.00221633911132813 -0.107734680175781 0.0821380615234375
-0.0357246398925781 0.00299072265625001 0.0010986328125 0.153762817382813
-0.0337867736816406 0.00252723693847656 0.137924194335938 0.191329956054688
-0.0193920135498047 0.00810813903808594 0.252456665039063 0.166595458984375
-0.0223731994628906 0.00574874877929688 0.302032470703125 0.110992431640625
-0.02557373046875 -0.00440216064453125 0.3367919921875 0.038848876953125
-0.0223655700683594 -0.00690078735351563 0.30816650390625 0.0146484375
-0.0198040008544922 -0.0206661224365234 0.206268310546875 -0.01507568359375
-0.0256481170654297 -0.0204200744628906 0.0698432922363281 -0.002227783203125
-0.0273647308349609 -0.0300159454345703 -0.0602531433105469 0.0212669372558594
-0.0291423797607422 -0.0202980041503906 -0.223190307617188 0.0243988037109375
-0.0343093872070313 -0.0255775451660156 -0.33648681640625 -0.100341796875
0.123062133789063 0.0357131958007813 -0.325958251953125 0.05975341796875
0.0786361694335938 0.0531158447265625 -0.283172607421875 0.019287109375
0.0592575073242187 0.0838775634765625 -0.180908203125 0.031097412109375
0.0398788452148437 0.0940780639648438 -0.105926513671875 0.0716323852539063
0.0378799438476563 0.0969924926757812 -0.003021240234375 0.138397216796875
0.0598373413085938 0.0993118286132813 0.135665893554687 0.174392700195312
0.0884246826171875 0.0837554931640625 0.243881225585938 0.149749755859375
0.0838775634765625 0.0738296508789063 0.293792724609375 0.0916748046875
0.09503173828125 0.0557785034179688 0.32647705078125 0.02374267578125
0.106330871582031 0.0427703857421875 0.29864501953125 -0.002227783203125
0.105438232421875 0.02496337890625 0.194595336914062 -0.028839111328125
0.1087646484375 0.00081634521484375 0.0666084289550781 -0.0195846557617188
0.106063842773437 0.010589599609375 -0.0617446899414062 0.0178375244140625
0.116607666015625 -0.004974365234375 -0.21771240234375 0.013275146484375
0.112297058105469 -0.0255661010742187 -0.3289794921875 -0.106536865234375
0.263107299804688 0.061737060546875 -0.267684936523438 0.0635833740234375
0.207061767578125 0.097900390625 -0.237350463867188 0.0250244140625
0.1688232421875 0.159286499023438 -0.177978515625 0.0230865478515625
0.135711669921875 0.177642822265625 -0.104766845703125 0.0611343383789063
0.120803833007813 0.1826171875 -0.0155868530273437 0.109123229980469
0.15655517578125 0.184219360351562 0.109466552734375 0.135017395019531
0.190216064453125 0.14825439453125 0.198898315429688 0.113510131835938
0.179443359375 0.133697509765625 0.241195678710938 0.05914306640625
0.202896118164063 0.110366821289063 0.275604248046875 0.00289916992187501
0.223007202148438 0.0885467529296875 0.2607421875 -0.0214996337890625
0.218917846679688 0.069091796875 0.169097900390625 -0.0464630126953125
0.231246948242187 0.024932861328125 0.0658607482910156 -0.045745849609375
0.226043701171875 0.0511932373046875 -0.0437965393066406 0.000179290771484375
0.24847412109375 0.0144805908203125 -0.17401123046875 -0.0151214599609375
0.2430419921875 -0.018585205078125 -0.270217895507813 -0.117050170898438
0.36724853515625 0.073211669921875 -0.16650390625 0.071502685546875
0.3170166015625 0.118438720703125 -0.15570068359375 0.033477783203125
0.274032592773438 0.199874877929688 -0.1572265625 0.0164947509765625
0.232955932617187 0.225021362304688 -0.0986709594726562 0.045806884765625
0.20751953125 0.233688354492188 -0.0415191650390625 0.0683746337890625
0.247100830078125 0.235427856445313 0.0528182983398438 0.0799179077148438
0.27032470703125 0.186370849609375 0.11566162109375 0.0629043579101563
0.247817993164063 0.1741943359375 0.151077270507813 0.01708984375
0.279556274414063 0.153274536132813 0.189300537109375 -0.0215301513671875
0.30419921875 0.131927490234375 0.193893432617188 -0.0440521240234375
0.30108642578125 0.117950439453125 0.132492065429688 -0.0655517578125
0.322784423828125 0.057586669921875 0.068878173828125 -0.0705413818359375
0.313140869140625 0.095855712890625 -0.00650215148925779 -0.0257511138916016
0.34375 0.043365478515625 -0.0972442626953125 -0.0497360229492188
0.339019775390625 -0.00372314453125 -0.172622680664062 -0.1224365234375
0.4130859375 0.062957763671875 -0.0372467041015625 0.0759506225585938
0.380401611328125 0.106658935546875 -0.047027587890625 0.0339546203613281
0.339508056640625 0.190582275390625 -0.115287780761719 0.00409698486328126
0.300750732421875 0.2208251953125 -0.09283447265625 0.024200439453125
0.269424438476563 0.235595703125 -0.0843505859375 0.0245895385742188
0.30517578125 0.2376708984375 -0.034585952758789 0.0233917236328125
0.3121337890625 0.190399169921875 0.00342273712158205 0.0105133056640625
0.278457641601563 0.186599731445313 0.0364723205566406 -0.0299034118652344
0.308837890625 0.17669677734375 0.07952880859375 -0.0539169311523437
0.333282470703125 0.16400146484375 0.108802795410156 -0.0711669921875
0.3289794921875 0.161712646484375 0.0872650146484375 -0.0832366943359375
0.3602294921875 0.09613037109375 0.0750350952148438 -0.0911407470703125
0.346588134765625 0.140869140625 0.045440673828125 -0.0458984375
0.38421630859375 0.07843017578125 0.00567626953125002 -0.0757598876953125
0.380615234375 0.016021728515625 -0.043853759765625 -0.117599487304688
0.3919677734375 0.0418701171875 0.0971603393554688 0.069610595703125
0.37274169921875 0.07611083984375 0.0659599304199219 0.0168571472167969
0.336578369140625 0.146148681640625 -0.0639762878417969 -0.0188217163085937
0.307220458984375 0.173004150390625 -0.08868408203125 -0.00045776367187499
0.277786254882813 0.19036865234375 -0.132003784179687 -0.0103759765625
0.3101806640625 0.195556640625 -0.13482666015625 -0.0180816650390625
0.303314208984375 0.161285400390625 -0.120811462402344 -0.0277099609375
0.26513671875 0.169036865234375 -0.0843124389648437 -0.070587158203125
0.287445068359375 0.1732177734375 -0.0320663452148437 -0.0914459228515625
0.301849365234375 0.17303466796875 0.02392578125 -0.103126525878906
0.29302978515625 0.182281494140625 0.0443038940429688 -0.100555419921875
0.328826904296875 0.124664306640625 0.0812835693359375 -0.0982894897460937
0.314849853515625 0.164825439453125 0.100364685058594 -0.051116943359375
0.358489990234375 0.104827880859375 0.112266540527344 -0.082275390625
0.361358642578125 0.033905029296875 0.0894012451171875 -0.098663330078125
0.3017578125 0.01788330078125 0.210479736328125 0.056976318359375
0.297698974609375 0.04498291015625 0.157485961914063 -0.0076904296875
0.264114379882813 0.0904083251953125 -0.0163040161132812 -0.0435600280761719
0.2452392578125 0.110260009765625 -0.08648681640625 -0.0194015502929687
0.227264404296875 0.125503540039063 -0.172134399414062 -0.0302886962890625
0.254470825195313 0.13031005859375 -0.225479125976562 -0.0360565185546875
0.242477416992188 0.112380981445313 -0.232757568359375 -0.0456085205078125
0.211151123046875 0.124099731445313 -0.188323974609375 -0.0982971191406249
0.224395751953125 0.137710571289063 -0.124092102050781 -0.127090454101563
0.227951049804688 0.1461181640625 -0.0444793701171875 -0.137283325195312
0.214447021484375 0.163955688476563 0.0130844116210938 -0.116111755371094
0.242202758789063 0.123336791992188 0.0851287841796875 -0.093536376953125
0.23541259765625 0.150634765625 0.142852783203125 -0.039215087890625
0.280517578125 0.105514526367188 0.20050048828125 -0.0671844482421875
0.289154052734375 0.03985595703125 0.206634521484375 -0.068450927734375
0.169692993164063 0.0010528564453125 0.2896728515625 0.045074462890625
0.173416137695313 0.02557373046875 0.213363647460938 -0.0265960693359375
0.14849853515625 0.0440216064453125 0.0182342529296875 -0.0595130920410156
0.140716552734375 0.0535430908203125 -0.0844268798828125 -0.0267791748046875
0.133758544921875 0.0624542236328125 -0.198379516601562 -0.032470703125
0.153717041015625 0.0616912841796875 -0.290802001953125 -0.031097412109375
0.140579223632813 0.0560455322265625 -0.31390380859375 -0.0433959960937499
0.128433227539063 0.0638885498046875 -0.263290405273438 -0.10919189453125
0.136665344238281 0.0759124755859375 -0.187118530273437 -0.15484619140625
0.138130187988281 0.0854721069335938 -0.086212158203125 -0.163681030273438
0.124916076660156 0.105026245117188 -0.00224304199218748 -0.126235961914063
0.140579223632813 0.0825958251953125 0.0863494873046875 -0.0815811157226563
0.136802673339844 0.0990524291992187 0.168182373046875 -0.0202789306640625
0.171844482421875 0.0743865966796875 0.25775146484375 -0.0408172607421875
0.178466796875 0.030120849609375 0.291015625 -0.0390625
-0.0299053192138672 0.000995635986328122 -0.327178955078125 0.067962646484375
-0.0485649108886719 0.000316619873046877 -0.288726806640625 0.03363037109375
-0.0443115234375 -0.0014190673828125 -0.167404174804688 0.049957275390625
-0.0454444885253906 0.002593994140625 -0.107246398925781 0.0843963623046875
-0.035064697265625 0.00309181213378907 0.000244140624999982 0.149200439453125
-0.0338153839111328 0.00374412536621094 0.13287353515625 0.183441162109375
-0.0197257995605469 0.009368896484375 0.244140625 0.158096313476563
-0.0208892822265625 0.00663375854492188 0.296112060546875 0.10272216796875
-0.0259914398193359 -0.0014190673828125 0.32965087890625 0.031005859375
-0.0239086151123047 -0.00506782531738281 0.30279541015625 0.008819580078125
-0.0208759307861328 -0.0200881958007813 0.2037353515625 -0.019317626953125
-0.0264358520507813 -0.0191268920898437 0.0715408325195313 -0.00295257568359375
-0.0266304016113281 -0.0284233093261719 -0.0532493591308594 0.0217514038085938
-0.0290489196777344 -0.0198307037353516 -0.211700439453125 0.0305633544921875
-0.0344333648681641 -0.0252971649169922 -0.32366943359375 -0.0863952636718749
0.119651794433594 0.0302886962890625 -0.31744384765625 0.0620727539062499
0.0768966674804688 0.0479736328125 -0.277023315429687 0.0253753662109375
0.0591888427734375 0.0802078247070313 -0.177993774414063 0.034576416015625
0.0399627685546875 0.0893630981445313 -0.105613708496094 0.0746917724609375
0.0380783081054687 0.0928573608398438 -0.00341796874999999 0.134330749511719
0.0606765747070312 0.0944137573242188 0.130706787109375 0.16534423828125
0.087371826171875 0.0800933837890625 0.2369384765625 0.141586303710938
0.0822219848632813 0.0705413818359375 0.28668212890625 0.082763671875
0.09307861328125 0.0533599853515625 0.32025146484375 0.015869140625
0.103279113769531 0.03955078125 0.294036865234375 -0.008056640625
0.102188110351562 0.0204238891601563 0.192367553710938 -0.032684326171875
0.104866027832031 -0.00209808349609375 0.0682373046875 -0.0205574035644531
0.103599548339844 0.00733184814453125 -0.0544662475585937 0.0192375183105469
0.113746643066406 -0.008087158203125 -0.2059326171875 0.0193634033203125
0.107398986816406 -0.027374267578125 -0.316192626953125 -0.09356689453125
0.256622314453125 0.0529632568359375 -0.262130737304688 0.065155029296875
0.202407836914062 0.0885009765625 -0.233489990234375 0.0284576416015625
0.168212890625 0.14984130859375 -0.17681884765625 0.027801513671875
0.13525390625 0.1683349609375 -0.103492736816406 0.0629348754882813
0.120819091796875 0.172271728515625 -0.0160675048828125 0.10595703125
0.15765380859375 0.174468994140625 0.104713439941406 0.127670288085938
0.18756103515625 0.139892578125 0.192657470703125 0.106231689453125
0.175552368164063 0.126754760742188 0.235031127929688 0.052215576171875
0.198776245117188 0.103515625 0.270065307617187 -0.00294494628906249
0.216766357421875 0.0811004638671875 0.256683349609375 -0.0270233154296875
0.215423583984375 0.062042236328125 0.166763305664063 -0.04949951171875
0.227020263671875 0.017364501953125 0.0666618347167969 -0.0447311401367187
0.222869873046875 0.0453948974609375 -0.0367088317871094 0.00118255615234376
0.2413330078125 0.0091705322265625 -0.16455078125 -0.008514404296875
0.234786987304688 -0.0241546630859375 -0.261215209960938 -0.104583740234375
0.357513427734375 0.061004638671875 -0.1646728515625 0.0705718994140625
0.309326171875 0.105316162109375 -0.155197143554687 0.034027099609375
0.271377563476563 0.1873779296875 -0.157806396484375 0.0231781005859375
0.231979370117188 0.213470458984375 -0.0995712280273437 0.048126220703125
0.20623779296875 0.220932006835938 -0.0434799194335937 0.0670852661132813
0.2462158203125 0.222244262695313 0.04852294921875 0.0762176513671875
0.266616821289063 0.174606323242187 0.112060546875 0.0590591430664063
0.242263793945312 0.16424560546875 0.145980834960938 0.011871337890625
0.273345947265625 0.14300537109375 0.185256958007813 -0.027496337890625
0.29754638671875 0.12060546875 0.190948486328125 -0.048370361328125
0.295867919921875 0.10687255859375 0.1302490234375 -0.067626953125
0.315948486328125 0.0477294921875 0.068206787109375 -0.0705032348632813
0.309814453125 0.086822509765625 -0.000696182250976545 -0.0242156982421875
0.335296630859375 0.035400390625 -0.0909957885742187 -0.0441436767578125
0.32769775390625 -0.010955810546875 -0.166595458984375 -0.1121826171875
0.4039306640625 0.049224853515625 -0.0401840209960937 0.0718841552734375
0.3701171875 0.0924072265625 -0.0505790710449219 0.0307846069335938
0.335845947265625 0.177978515625 -0.11859130859375 0.010101318359375
0.299957275390625 0.205657958984375 -0.094482421875 0.0258636474609375
0.265914916992188 0.220947265625 -0.0852890014648438 0.025482177734375
0.303375244140625 0.22320556640625 -0.0363388061523437 0.0231208801269531
0.307586669921875 0.176483154296875 0.00182247161865236 0.0110893249511719
0.272903442382812 0.17535400390625 0.0334873199462891 -0.0308647155761719
0.30340576171875 0.164886474609375 0.07757568359375 -0.0563125610351562
0.3258056640625 0.151214599609375 0.107994079589844 -0.0729904174804687
0.323486328125 0.149566650390625 0.08544921875 -0.0844268798828125
0.35211181640625 0.08282470703125 0.0729446411132813 -0.0914993286132813
0.34320068359375 0.128021240234375 0.0502548217773438 -0.0450973510742188
0.374542236328125 0.06719970703125 0.00804138183593753 -0.0725784301757812
0.369476318359375 0.00689697265625 -0.0424118041992187 -0.111366271972656
0.382171630859375 0.02886962890625 0.0899810791015625 0.0622100830078125
0.363006591796875 0.063262939453125 0.0581436157226563 0.0121955871582031
0.331787109375 0.135284423828125 -0.0694694519042969 -0.0135726928710937
0.303680419921875 0.162353515625 -0.0904464721679687 0.00121307373046875
0.273895263671875 0.17803955078125 -0.132339477539062 -0.00878906249999998
0.30706787109375 0.182403564453125 -0.13470458984375 -0.015411376953125
0.29815673828125 0.1495361328125 -0.11968994140625 -0.0236663818359375
0.258712768554688 0.157623291015625 -0.0838775634765625 -0.0684661865234375
0.281158447265625 0.16253662109375 -0.0317230224609375 -0.0903549194335937
0.296295166015625 0.159271240234375 0.0249710083007813 -0.102638244628906
0.290283203125 0.1690673828125 0.0439224243164063 -0.100494384765625
0.3218994140625 0.112518310546875 0.0783157348632813 -0.09881591796875
0.31134033203125 0.152862548828125 0.102256774902344 -0.050750732421875
0.35064697265625 0.093963623046875 0.11041259765625 -0.0811996459960937
0.351165771484375 0.025238037109375 0.087554931640625 -0.095428466796875
0.29473876953125 0.009124755859375 0.199432373046875 0.04766845703125
0.289154052734375 0.03558349609375 0.146469116210938 -0.0128326416015625
0.260772705078125 0.0835418701171875 -0.0237236022949219 -0.0398826599121094
0.2430419921875 0.102035522460938 -0.0880126953125 -0.0174026489257812
0.224990844726563 0.116653442382813 -0.171234130859375 -0.0260467529296875
0.250869750976563 0.12091064453125 -0.222824096679687 -0.030120849609375
0.2371826171875 0.102264404296875 -0.227554321289062 -0.0391387939453125
0.206558227539063 0.115676879882813 -0.186325073242187 -0.0929107666015625
0.22003173828125 0.129180908203125 -0.122215270996094 -0.123054504394531
0.225067138671875 0.134002685546875 -0.0413589477539062 -0.134689331054687
0.213577270507813 0.15252685546875 0.0131301879882813 -0.115409851074219
0.238296508789063 0.113143920898438 0.0831985473632813 -0.0947265625
0.232254028320312 0.141845703125 0.143295288085938 -0.0404510498046875
0.274444580078125 0.09686279296875 0.196502685546875 -0.068939208984375
0.281051635742188 0.0318450927734375 0.202117919921875 -0.0707550048828125
0.165328979492188 -0.0035400390625 0.277450561523438 0.0351715087890625
0.1683349609375 0.0186309814453125 0.20159912109375 -0.0328521728515625
0.146026611328125 0.0418243408203125 0.0100212097167969 -0.057891845703125
0.140037536621094 0.0497589111328125 -0.0871505737304687 -0.0254364013671875
0.132682800292969 0.0559234619140625 -0.196868896484375 -0.0288848876953125
0.150665283203125 0.0570526123046875 -0.2852783203125 -0.025177001953125
0.137825012207031 0.0495758056640625 -0.3052978515625 -0.036376953125
0.125312805175781 0.0584259033203125 -0.257904052734375 -0.102462768554687
0.133621215820313 0.0698623657226563 -0.182723999023438 -0.149307250976563
0.135429382324219 0.0780792236328125 -0.0831146240234375 -0.159881591796875
0.125137329101563 0.0986099243164063 -0.00137329101562499 -0.124778747558594
0.139244079589844 0.0762710571289063 0.08416748046875 -0.082977294921875
0.136917114257813 0.09295654296875 0.167007446289063 -0.0226898193359375
0.167510986328125 0.0686798095703125 0.2518310546875 -0.0456695556640625
0.17425537109375 0.0257110595703125 0.283447265625 -0.041778564453125
-0.0292510986328125 0.00168991088867188 -0.325347900390625 0.069122314453125
-0.0474777221679688 0.00191497802734375 -0.28863525390625 0.03643798828125
-0.0448112487792969 -0.00061035156249999 -0.16900634765625 0.0525970458984375
-0.0452842712402344 0.00341415405273437 -0.109779357910156 0.0886764526367187
-0.035797119140625 0.00375747680664063 -0.00201416015625002 0.149887084960938
-0.0346908569335937 0.00379180908203126 0.128814697265625 0.182113647460937
-0.0196437835693359 0.0103797912597656 0.241058349609375 0.1563720703125
-0.0206089019775391 0.00781631469726563 0.294464111328125 0.099212646484375
-0.0257167816162109 -0.000370025634765628 0.330169677734375 0.027496337890625
-0.024322509765625 -0.00470924377441406 0.3048095703125 0.005279541015625
-0.0223007202148438 -0.0198516845703125 0.206802368164063 -0.020904541015625
-0.0273990631103516 -0.0190410614013672 0.0766448974609375 -0.00353240966796875
-0.0275001525878906 -0.0285472869873047 -0.0477142333984375 0.0225906372070313
-0.0278797149658203 -0.0202007293701172 -0.205886840820312 0.033843994140625
-0.0358924865722656 -0.0241165161132813 -0.318603515625 -0.0793762207031251
0.118698120117188 0.0277099609375 -0.31719970703125 0.063812255859375
0.0771865844726563 0.045501708984375 -0.279312133789063 0.0269317626953125
0.0587921142578125 0.0792312622070312 -0.179702758789063 0.0396881103515625
0.0405960083007812 0.0885848999023437 -0.108047485351563 0.0784988403320312
0.0384063720703125 0.0903854370117188 -0.00567626953125 0.134674072265625
0.0622940063476563 0.0917205810546875 0.127365112304688 0.164337158203125
0.0879669189453125 0.0790481567382813 0.23394775390625 0.140228271484375
0.08123779296875 0.070831298828125 0.284759521484375 0.0804443359375
0.09161376953125 0.0528488159179687 0.3203125 0.012359619140625
0.102180480957031 0.0391845703125 0.295928955078125 -0.0118408203125
0.101188659667969 0.0190811157226563 0.195831298828125 -0.03472900390625
0.104301452636719 -0.00299072265625 0.0726165771484375 -0.0203170776367188
0.103225708007813 0.005767822265625 -0.0481338500976563 0.0190200805664062
0.113327026367188 -0.0095062255859375 -0.200103759765625 0.022247314453125
0.105262756347656 -0.0287399291992188 -0.311492919921875 -0.08642578125
0.255325317382813 0.0471954345703125 -0.26507568359375 0.065582275390625
0.201416015625 0.0828399658203125 -0.235671997070312 0.030029296875
0.169219970703125 0.147140502929688 -0.18048095703125 0.0337982177734375
0.13623046875 0.1649169921875 -0.105720520019531 0.06658935546875
0.120895385742187 0.168182373046875 -0.0185623168945313 0.105941772460938
0.158950805664063 0.169204711914063 0.100074768066406 0.125511169433594
0.188552856445312 0.13629150390625 0.190155029296875 0.104202270507813
0.174560546875 0.125808715820313 0.232833862304687 0.0481719970703125
0.19793701171875 0.102188110351563 0.270126342773438 -0.00801086425781249
0.216415405273437 0.077850341796875 0.258926391601563 -0.0314178466796875
0.216049194335938 0.0592498779296875 0.16925048828125 -0.05169677734375
0.224960327148438 0.0143585205078125 0.0693397521972656 -0.0459136962890625
0.2232666015625 0.0408782958984375 -0.0296707153320312 0.00190353393554688
0.241409301757813 0.00665283203125 -0.159088134765625 -0.00465393066406251
0.232177734375 -0.0267333984375 -0.257766723632813 -0.09857177734375
0.357818603515625 0.052398681640625 -0.167724609375 0.069580078125
0.307281494140625 0.096771240234375 -0.159347534179687 0.0344085693359375
0.274322509765625 0.184066772460938 -0.162216186523437 0.0288543701171875
0.234909057617187 0.207305908203125 -0.102508544921875 0.0499725341796875
0.20684814453125 0.214462280273437 -0.0479698181152344 0.0674514770507813
0.247344970703125 0.215469360351563 0.0441665649414063 0.0749053955078125
0.266372680664063 0.170089721679688 0.110359191894531 0.0575180053710938
0.241607666015625 0.161392211914063 0.145217895507813 0.00910949707031251
0.27288818359375 0.140396118164062 0.184600830078125 -0.03094482421875
0.297027587890625 0.115478515625 0.193283081054688 -0.051605224609375
0.2962646484375 0.101806640625 0.13262939453125 -0.0691986083984375
0.3157958984375 0.042022705078125 0.0706558227539063 -0.0733642578125
0.311767578125 0.08221435546875 0.00610923767089846 -0.02423095703125
0.33441162109375 0.031158447265625 -0.0858993530273437 -0.040924072265625
0.324981689453125 -0.01593017578125 -0.163742065429688 -0.106582641601563
0.40216064453125 0.04119873046875 -0.0440521240234375 0.0689582824707031
0.367431640625 0.0848388671875 -0.05615234375 0.0287666320800781
0.338836669921875 0.174530029296875 -0.123939514160156 0.015655517578125
0.302001953125 0.201202392578125 -0.0973968505859375 0.026275634765625
0.267501831054688 0.21405029296875 -0.089447021484375 0.0256805419921875
0.30560302734375 0.215301513671875 -0.0403671264648437 0.0232276916503906
0.30780029296875 0.171142578125 0.000903129577636739 0.0117387771606445
0.271148681640625 0.17120361328125 0.0327014923095703 -0.0321903228759765
0.301910400390625 0.161163330078125 0.0772552490234375 -0.0591354370117188
0.324798583984375 0.14447021484375 0.110237121582031 -0.0766143798828125
0.32440185546875 0.143096923828125 0.0873336791992188 -0.0865478515625
0.35211181640625 0.07672119140625 0.0745468139648438 -0.0931854248046875
0.344085693359375 0.122344970703125 0.0563583374023438 -0.0457611083984375
0.373077392578125 0.0638427734375 0.0119171142578125 -0.0703811645507813
0.3662109375 0.000732421875 -0.0409469604492187 -0.107292175292969
0.380584716796875 0.022125244140625 0.0844879150390625 0.059173583984375
0.36090087890625 0.056732177734375 0.0518760681152344 0.00938034057617188
0.33514404296875 0.132049560546875 -0.0754470825195312 -0.00889587402343748
0.307769775390625 0.156982421875 -0.0940933227539062 0.00122070312499999
0.274551391601563 0.171722412109375 -0.136955261230469 -0.00732421874999998
0.308868408203125 0.175933837890625 -0.137374877929687 -0.013275146484375
0.297760009765625 0.142852783203125 -0.119552612304687 -0.02215576171875
0.257614135742187 0.153701782226562 -0.0852432250976562 -0.0676727294921875
0.280868530273437 0.15753173828125 -0.0313491821289062 -0.09130859375
0.296295166015625 0.153045654296875 0.0277938842773438 -0.105560302734375
0.292266845703125 0.163482666015625 0.0450363159179688 -0.102828979492188
0.322235107421875 0.10638427734375 0.0792236328125 -0.101699829101563
0.313812255859375 0.14862060546875 0.107772827148438 -0.0520095825195312
0.349365234375 0.08953857421875 0.112342834472656 -0.080902099609375
0.348388671875 0.020721435546875 0.0880203247070313 -0.0941848754882813
0.2943115234375 0.0040283203125 0.193878173828125 0.0431671142578125
0.2874755859375 0.029388427734375 0.139961242675781 -0.0173721313476562
0.264694213867188 0.08099365234375 -0.0301704406738281 -0.0364799499511719
0.246490478515625 0.0980682373046875 -0.0917587280273437 -0.0177459716796875
0.225296020507813 0.11224365234375 -0.176116943359375 -0.0245513916015625
0.252288818359375 0.117324829101562 -0.22503662109375 -0.02813720703125
0.236923217773438 0.097198486328125 -0.22735595703125 -0.03558349609375
0.206863403320313 0.113250732421875 -0.186691284179688 -0.0917510986328125
0.219497680664063 0.124496459960938 -0.122177124023438 -0.124595642089844
0.224044799804688 0.12884521484375 -0.0396575927734375 -0.135910034179688
0.21575927734375 0.147232055664063 0.0147323608398438 -0.117698669433594
0.2396240234375 0.107620239257813 0.08282470703125 -0.0971832275390625
0.23443603515625 0.137924194335938 0.147201538085938 -0.041961669921875
0.273101806640625 0.0919189453125 0.1973876953125 -0.070404052734375
0.279922485351563 0.028839111328125 0.203125 -0.0711517333984375
0.165252685546875 -0.0052947998046875 0.270919799804688 0.030029296875
0.167892456054688 0.01678466796875 0.195037841796875 -0.037322998046875
0.147781372070313 0.0407257080078125 0.00421905517578126 -0.0561714172363281
0.141464233398438 0.047393798828125 -0.090423583984375 -0.0263519287109375
0.133735656738281 0.0534744262695313 -0.200531005859375 -0.027435302734375
0.151580810546875 0.0541534423828125 -0.286651611328125 -0.021453857421875
0.138702392578125 0.0460968017578125 -0.30413818359375 -0.032745361328125
0.125350952148438 0.056732177734375 -0.257232666015625 -0.10040283203125
0.1336669921875 0.0683135986328125 -0.182540893554688 -0.14849853515625
0.1363525390625 0.0738906860351563 -0.0805816650390625 -0.159881591796875
0.126388549804688 0.0944747924804688 0.00019836425781251 -0.126411437988281
0.139564514160156 0.072906494140625 0.0847396850585938 -0.0849380493164062
0.137275695800781 0.0909347534179688 0.170700073242188 -0.02447509765625
0.167404174804688 0.06640625 0.25341796875 -0.048309326171875
0.173324584960938 0.023406982421875 0.283843994140625 -0.042633056640625
-0.0302200317382813 0.00206565856933593 -0.33111572265625 0.075531005859375
-0.0481834411621094 0.00212097167968749 -0.29559326171875 0.0447998046875
-0.0462913513183594 0.000244140625000005 -0.1717529296875 0.0597076416015625
-0.0463752746582031 0.00462341308593751 -0.111785888671875 0.0969772338867188
-0.0366477966308594 0.00411605834960938 -0.0014801025390625 0.154876708984375
-0.0345401763916016 0.00467491149902344 0.131484985351563 0.183670043945313
-0.0197925567626953 0.0117168426513672 0.244949340820312 0.154922485351563
-0.0205364227294922 0.00867843627929688 0.301177978515625 0.094818115234375
-0.0260524749755859 0.001617431640625 0.337432861328125 0.020111083984375
-0.0253372192382813 -0.00236129760742188 0.3131103515625 -0.0018310546875
-0.0237369537353516 -0.0192584991455078 0.214630126953125 -0.026153564453125
-0.0291996002197266 -0.0185470581054688 0.083038330078125 -0.00591278076171875
-0.0291290283203125 -0.0275840759277344 -0.0438423156738281 0.024566650390625
-0.0290184020996094 -0.0204792022705078 -0.202972412109375 0.040802001953125
-0.03802490234375 -0.0240097045898437 -0.320098876953125 -0.06878662109375
0.120979309082031 0.0238876342773437 -0.3231201171875 0.07037353515625
0.0780563354492188 0.0426177978515625 -0.285797119140625 0.035400390625
0.0621719360351563 0.0772933959960938 -0.183853149414063 0.0477142333984375
0.0428695678710938 0.0875320434570313 -0.110115051269531 0.0851364135742188
0.0398330688476562 0.0898056030273438 -0.00658416748046875 0.138298034667969
0.0637893676757813 0.0910568237304688 0.127914428710938 0.164657592773438
0.0906295776367187 0.0786819458007813 0.237930297851563 0.13818359375
0.0846786499023438 0.0702667236328125 0.290435791015625 0.075531005859375
0.0944442749023438 0.05279541015625 0.327362060546875 0.00390625
0.10394287109375 0.0382843017578125 0.3043212890625 -0.019775390625
0.10284423828125 0.0167465209960938 0.202224731445313 -0.0398101806640625
0.1055908203125 -0.0064849853515625 0.0785903930664063 -0.0229568481445312
0.106842041015625 0.00305938720703125 -0.0432586669921875 0.0206375122070312
0.115280151367188 -0.0120849609375 -0.197402954101562 0.0301971435546875
0.105033874511719 -0.0303573608398438 -0.313751220703125 -0.076751708984375
0.259857177734375 0.0386962890625 -0.269638061523438 0.0721893310546875
0.205169677734375 0.076385498046875 -0.244140625 0.036468505859375
0.175994873046875 0.144256591796875 -0.186264038085938 0.042999267578125
0.142257690429688 0.162521362304688 -0.109352111816406 0.072357177734375
0.125534057617187 0.167022705078125 -0.0215301513671875 0.109367370605469
0.165451049804688 0.16571044921875 0.0990676879882813 0.126426696777344
0.193695068359375 0.133102416992188 0.193252563476563 0.102981567382813
0.179611206054688 0.123275756835938 0.236801147460938 0.0434112548828125
0.203369140625 0.09954833984375 0.275604248046875 -0.0147705078125
0.221237182617188 0.073699951171875 0.266159057617188 -0.0388336181640625
0.219863891601563 0.053314208984375 0.176651000976562 -0.0567169189453125
0.229019165039063 0.007537841796875 0.0743789672851563 -0.0490493774414063
0.230224609375 0.0354156494140625 -0.0243473052978515 0.00198554992675782
0.245208740234375 0.00048828125 -0.156158447265625 0.000259399414062488
0.23382568359375 -0.03228759765625 -0.259719848632813 -0.0901947021484375
0.3631591796875 0.04046630859375 -0.172637939453125 0.0735015869140625
0.312469482421875 0.0877685546875 -0.165603637695313 0.0382843017578125
0.28485107421875 0.178131103515625 -0.168548583984375 0.03851318359375
0.244125366210938 0.202835083007813 -0.107109069824219 0.0548171997070313
0.213973999023438 0.211380004882813 -0.0523529052734375 0.0707168579101563
0.257049560546875 0.21075439453125 0.0408172607421875 0.0754547119140625
0.274703979492188 0.163772583007813 0.111351013183594 0.0576095581054688
0.247772216796875 0.157730102539063 0.146728515625 0.00523376464843751
0.279953002929688 0.135772705078125 0.187789916992188 -0.0374603271484375
0.303253173828125 0.108734130859375 0.198410034179688 -0.0591583251953125
0.30462646484375 0.093780517578125 0.136260986328125 -0.0751419067382813
0.321868896484375 0.032257080078125 0.0737228393554688 -0.0771026611328125
0.32122802734375 0.074554443359375 0.0127696990966797 -0.0253448486328125
0.34051513671875 0.02288818359375 -0.0828170776367187 -0.0380172729492188
0.328125 -0.02374267578125 -0.1654052734375 -0.101654052734375
0.409637451171875 0.028839111328125 -0.0481300354003906 0.0693473815917969
0.374542236328125 0.0731201171875 -0.0612373352050781 0.0296630859375
0.3514404296875 0.167694091796875 -0.130928039550781 0.0238723754882813
0.31298828125 0.1954345703125 -0.103988647460937 0.0300140380859375
0.274917602539063 0.209564208984375 -0.0968551635742187 0.02923583984375
0.31549072265625 0.208251953125 -0.0460014343261719 0.0253715515136719
0.31439208984375 0.1646728515625 -0.000110626220703105 0.0118551254272461
0.278472900390625 0.167144775390625 0.0312824249267578 -0.0349464416503906
0.30950927734375 0.15667724609375 0.077972412109375 -0.0637969970703125
0.331817626953125 0.13720703125 0.113677978515625 -0.0827255249023437
0.334930419921875 0.1337890625 0.0907211303710938 -0.0929336547851562
0.359405517578125 0.06524658203125 0.0760574340820313 -0.0984954833984375
0.355194091796875 0.11395263671875 0.063446044921875 -0.0488014221191406
0.381500244140625 0.0552978515625 0.0146636962890625 -0.0710678100585938
0.37115478515625 -0.0081787109375 -0.0409698486328125 -0.105522155761719
0.386962890625 0.011016845703125 0.0817337036132813 0.0546188354492188
0.366485595703125 0.0462646484375 0.0472869873046875 0.00638580322265625
0.34747314453125 0.12628173828125 -0.0823440551757812 -0.00307464599609374
0.31793212890625 0.1488037109375 -0.100883483886719 0.00350189208984377
0.283447265625 0.16705322265625 -0.145233154296875 -0.00296020507812498
0.317840576171875 0.169525146484375 -0.144760131835937 -0.00968933105468749
0.30462646484375 0.1361083984375 -0.122650146484375 -0.019500732421875
0.26507568359375 0.150375366210938 -0.0882186889648437 -0.0674591064453125
0.2886962890625 0.152587890625 -0.0324935913085937 -0.0946121215820313
0.30255126953125 0.1446533203125 0.0285263061523438 -0.111320495605469
0.301025390625 0.154693603515625 0.0460968017578125 -0.109214782714844
0.329833984375 0.09649658203125 0.0801773071289063 -0.106941223144531
0.3238525390625 0.141326904296875 0.11419677734375 -0.0568084716796875
0.357940673828125 0.0826416015625 0.116691589355469 -0.0850677490234375
0.353973388671875 0.01104736328125 0.0902938842773438 -0.0968246459960938
0.2999267578125 -0.004302978515625 0.19293212890625 0.03692626953125
0.291900634765625 0.02239990234375 0.136947631835938 -0.0222244262695312
0.27325439453125 0.078094482421875 -0.0367546081542969 -0.0330238342285156
0.253952026367188 0.092559814453125 -0.0988082885742187 -0.0168533325195313
0.231353759765625 0.107040405273438 -0.185989379882812 -0.02069091796875
0.260116577148438 0.1109619140625 -0.23370361328125 -0.02288818359375
0.24359130859375 0.0911102294921875 -0.231781005859375 -0.0315704345703125
0.211318969726563 0.109329223632813 -0.192153930664062 -0.089752197265625
0.2254638671875 0.121047973632813 -0.125686645507813 -0.125389099121094
0.229782104492188 0.12176513671875 -0.0388717651367187 -0.14031982421875
0.22344970703125 0.141586303710938 0.014862060546875 -0.1234130859375
0.246063232421875 0.100265502929687 0.0841445922851563 -0.102745056152344
0.242630004882812 0.1328125 0.15472412109375 -0.0480194091796875
0.279891967773438 0.087921142578125 0.20257568359375 -0.0758209228515625
0.284454345703125 0.021514892578125 0.205917358398438 -0.0753936767578125
0.169036865234375 -0.010009765625 0.26995849609375 0.021331787109375
0.170867919921875 0.01226806640625 0.1923828125 -0.0443115234375
0.153762817382813 0.0391845703125 -0.00308227539062499 -0.0548629760742187
0.146484375 0.043670654296875 -0.0984344482421875 -0.0258331298828125
0.137092590332031 0.0499649047851563 -0.210159301757813 -0.02301025390625
0.15643310546875 0.050567626953125 -0.294891357421875 -0.0149841308593751
0.141632080078125 0.0418243408203125 -0.309356689453125 -0.0269470214843751
0.128059387207031 0.0536727905273437 -0.263641357421875 -0.0969696044921875
0.137535095214844 0.064605712890625 -0.187698364257813 -0.148880004882812
0.139816284179687 0.0692672729492187 -0.0814971923828125 -0.163604736328125
0.131332397460938 0.08984375 -0.00131988525390625 -0.131965637207031
0.143646240234375 0.068878173828125 0.08587646484375 -0.090789794921875
0.142684936523438 0.0880584716796875 0.176467895507813 -0.0308380126953125
0.171401977539063 0.0625152587890625 0.258819580078125 -0.055206298828125
0.177932739257812 0.018218994140625 0.29034423828125 -0.049468994140625
-0.0305728912353516 0.00301551818847657 -0.3333740234375 0.0924072265625
-0.049346923828125 0.0042877197265625 -0.2999267578125 0.06243896484375
-0.0471649169921875 0.00247955322265624 -0.174026489257812 0.072052001953125
-0.0475845336914063 0.00770187377929688 -0.111396789550781 0.108413696289063
-0.0373001098632813 0.00735473632812501 0.00361633300781251 0.159698486328125
-0.0353622436523438 0.00710296630859375 0.138015747070313 0.181838989257813
-0.0197219848632813 0.0136966705322266 0.253768920898438 0.148361206054688
-0.0207901000976562 0.0105133056640625 0.309356689453125 0.082855224609375
-0.027069091796875 0.00329780578613281 0.34674072265625 0.00439453125
-0.0259990692138672 0.000387191772460934 0.32196044921875 -0.01788330078125
-0.0268001556396484 -0.0174560546875 0.222503662109375 -0.0376129150390625
-0.0314159393310547 -0.0162620544433594 0.0904769897460938 -0.01043701171875
-0.0316314697265625 -0.0269603729248047 -0.0381813049316406 0.0273399353027344
-0.0308780670166016 -0.0192546844482422 -0.198348999023437 0.0526123046875
-0.0403327941894531 -0.0217704772949219 -0.323516845703125 -0.051055908203125
0.123931884765625 0.0173110961914063 -0.327178955078125 0.08538818359375
0.0803756713867188 0.0376663208007813 -0.291717529296875 0.0509948730468751
0.066436767578125 0.0741348266601563 -0.186904907226562 0.0615234375
0.0478668212890625 0.0858917236328125 -0.110954284667969 0.0959854125976562
0.0442733764648438 0.0890731811523438 -0.0030975341796875 0.14349365234375
0.069671630859375 0.088592529296875 0.132354736328125 0.163101196289063
0.0947189331054688 0.07464599609375 0.24560546875 0.13134765625
0.0884017944335938 0.067413330078125 0.298675537109375 0.062957763671875
0.098114013671875 0.0506820678710938 0.334869384765625 -0.01348876953125
0.107032775878906 0.0335159301757813 0.3123779296875 -0.03546142578125
0.1046142578125 0.0124740600585937 0.209716796875 -0.0521697998046875
0.106033325195313 -0.0120925903320313 0.083343505859375 -0.0285491943359375
0.107978820800781 -0.00252532958984375 -0.0366744995117187 0.0226249694824219
0.116691589355469 -0.0178298950195313 -0.193450927734375 0.041656494140625
0.104248046875 -0.0357589721679688 -0.31805419921875 -0.0578918457031251
0.265274047851562 0.023773193359375 -0.272994995117188 0.0852203369140625
0.209274291992187 0.06475830078125 -0.2493896484375 0.049774169921875
0.186859130859375 0.136276245117187 -0.189544677734375 0.0569915771484375
0.15301513671875 0.155181884765625 -0.111549377441406 0.0820465087890625
0.13421630859375 0.161453247070313 -0.0215072631835937 0.115341186523438
0.174545288085938 0.158935546875 0.101806640625 0.125755310058594
0.201400756835938 0.124710083007813 0.198959350585938 0.09686279296875
0.186920166015625 0.116653442382812 0.242431640625 0.0326690673828125
0.210968017578125 0.0919036865234375 0.281524658203125 -0.02972412109375
0.226577758789062 0.064239501953125 0.271408081054687 -0.053802490234375
0.22589111328125 0.04241943359375 0.181549072265625 -0.0681915283203125
0.232742309570313 -0.0042877197265625 0.077972412109375 -0.054901123046875
0.236663818359375 0.0233612060546875 -0.0172882080078125 0.00169467926025391
0.250503540039063 -0.01080322265625 -0.152984619140625 0.0100250244140625
0.2352294921875 -0.0447235107421875 -0.2637939453125 -0.0740203857421875
0.370147705078125 0.02001953125 -0.175750732421875 0.0811767578125
0.31842041015625 0.07061767578125 -0.172332763671875 0.0472564697265625
0.2994384765625 0.165069580078125 -0.173095703125 0.051849365234375
0.258041381835938 0.191146850585938 -0.110801696777344 0.0631179809570313
0.225921630859375 0.201934814453125 -0.054901123046875 0.0775985717773438
0.27093505859375 0.198104858398438 0.0401458740234375 0.0773086547851563
0.284881591796875 0.151031494140625 0.113563537597656 0.0541839599609375
0.25860595703125 0.1475830078125 0.147994995117188 -0.00318908691406249
0.29046630859375 0.12506103515625 0.19073486328125 -0.0490570068359375
0.311920166015625 0.094635009765625 0.202438354492188 -0.0728759765625
0.31414794921875 0.07867431640625 0.139945983886719 -0.08514404296875
0.328155517578125 0.015380859375 0.0743484497070313 -0.0841522216796875
0.330963134765625 0.05767822265625 0.0191173553466797 -0.0282745361328125
0.347869873046875 0.007720947265625 -0.08111572265625 -0.0335845947265625
0.3306884765625 -0.040374755859375 -0.169219970703125 -0.0914764404296875
0.417266845703125 0.00653076171875 -0.0503158569335937 0.0714569091796875
0.38079833984375 0.053436279296875 -0.0668869018554687 0.0322380065917969
0.366851806640625 0.1531982421875 -0.136009216308594 0.0359268188476563
0.32958984375 0.18017578125 -0.109603881835937 0.0368804931640625
0.288818359375 0.197662353515625 -0.102828979492187 0.0373306274414063
0.33026123046875 0.1937255859375 -0.0513763427734375 0.0295944213867188
0.327301025390625 0.149139404296875 -0.00193977355957029 0.0129232406616211
0.290191650390625 0.1553955078125 0.0287551879882813 -0.037445068359375
0.322052001953125 0.142608642578125 0.0768203735351563 -0.0703964233398437
0.343048095703125 0.119903564453125 0.115501403808594 -0.0930328369140625
0.34564208984375 0.1158447265625 0.090789794921875 -0.1011962890625
0.367919921875 0.047027587890625 0.0753173828125 -0.106185913085937
0.36846923828125 0.095733642578125 0.0687751770019532 -0.0546188354492187
0.39056396484375 0.03668212890625 0.016845703125 -0.0723648071289063
0.37481689453125 -0.0264892578125 -0.0436630249023437 -0.102142333984375
0.39306640625 -0.01055908203125 0.0802536010742188 0.0499343872070312
0.373565673828125 0.02685546875 0.0420494079589844 0.00254058837890625
0.362091064453125 0.11053466796875 -0.088226318359375 0.00578308105468749
0.33013916015625 0.13427734375 -0.108467102050781 0.00852203369140625
0.2952880859375 0.154632568359375 -0.154510498046875 0.00590515136718748
0.33148193359375 0.155059814453125 -0.152679443359375 -0.00163269042968751
0.31512451171875 0.120941162109375 -0.126876831054687 -0.014129638671875
0.275253295898438 0.139480590820313 -0.0946121215820313 -0.0650558471679688
0.301055908203125 0.140472412109375 -0.036956787109375 -0.096282958984375
0.313446044921875 0.130126953125 0.0272216796875 -0.117683410644531
0.312652587890625 0.138458251953125 0.0451126098632813 -0.11614990234375
0.33843994140625 0.0784912109375 0.078643798828125 -0.115089416503906
0.33831787109375 0.125091552734375 0.119499206542969 -0.0656967163085937
0.366058349609375 0.066314697265625 0.118919372558594 -0.0915908813476563
0.3587646484375 -0.00640869140625 0.0896377563476563 -0.100570678710938
0.30499267578125 -0.0198974609375 0.192184448242188 0.0259552001953125
0.29754638671875 0.006927490234375 0.131195068359375 -0.0317535400390625
0.284881591796875 0.066741943359375 -0.0439109802246094 -0.0287361145019531
0.26434326171875 0.0793914794921875 -0.10797119140625 -0.0130538940429687
0.240859985351562 0.0974578857421875 -0.195281982421875 -0.01104736328125
0.270294189453125 0.0984039306640625 -0.243377685546875 -0.0112762451171875
0.251052856445313 0.079345703125 -0.238189697265625 -0.0218048095703125
0.219284057617188 0.100616455078125 -0.200653076171875 -0.0822906494140625
0.234848022460938 0.11181640625 -0.132888793945312 -0.122917175292969
0.238021850585938 0.110000610351563 -0.0430145263671875 -0.144119262695313
0.233001708984375 0.128280639648437 0.011383056640625 -0.129608154296875
0.254302978515625 0.086700439453125 0.0820465087890625 -0.111427307128906
0.254043579101563 0.120590209960937 0.160079956054688 -0.0575103759765625
0.2877197265625 0.075103759765625 0.205291748046875 -0.0875701904296875
0.28924560546875 0.00689697265625 0.208786010742188 -0.085235595703125
0.171905517578125 -0.0193939208984375 0.270217895507813 0.0068359375
0.17498779296875 0.0042572021484375 0.188278198242188 -0.0567169189453125
0.160354614257813 0.0341033935546875 -0.0114173889160156 -0.0537948608398438
0.152450561523438 0.03656005859375 -0.108047485351562 -0.0221023559570313
0.142669677734375 0.0429534912109375 -0.221221923828125 -0.012420654296875
0.161453247070313 0.0420684814453125 -0.305145263671875 -0.000640869140625036
0.14532470703125 0.0343780517578125 -0.317047119140625 -0.012481689453125
0.132911682128906 0.0474472045898437 -0.273056030273438 -0.0855560302734375
0.142669677734375 0.0587615966796875 -0.196029663085937 -0.14300537109375
0.143707275390625 0.0609283447265625 -0.0868988037109375 -0.1661376953125
0.137969970703125 0.082244873046875 -0.00455474853515623 -0.137565612792969
0.1497802734375 0.061065673828125 0.0842971801757813 -0.0988845825195313
0.149307250976563 0.0812530517578125 0.18292236328125 -0.0427703857421875
0.17742919921875 0.0552215576171875 0.2628173828125 -0.07037353515625
0.181320190429688 0.00897216796875 0.294830322265625 -0.063385009765625
-0.0301761627197266 0.00401115417480469 -0.32720947265625 0.111053466796875
-0.0477752685546875 0.00649261474609375 -0.295318603515625 0.0838928222656251
-0.0477409362792969 0.00566864013671875 -0.169448852539062 0.0855712890625
-0.0473899841308594 0.0115585327148437 -0.104660034179688 0.118804931640625
-0.0369338989257813 0.00980758666992188 0.010894775390625 0.1607666015625
-0.0353431701660156 0.00925064086914062 0.145721435546875 0.17431640625
-0.0192031860351563 0.0158042907714844 0.259170532226563 0.134323120117188
-0.0197048187255859 0.0124874114990234 0.312286376953125 0.063232421875
-0.0261859893798828 0.00666046142578125 0.3460693359375 -0.0185546875
-0.0265636444091797 0.00437736511230469 0.321990966796875 -0.039764404296875
-0.0290889739990234 -0.0145835876464844 0.224761962890625 -0.0540924072265625
-0.03302001953125 -0.0131301879882813 0.0947113037109375 -0.0179443359375
-0.0343914031982422 -0.0245742797851563 -0.0309009552001953 0.0292015075683594
-0.0322513580322266 -0.0173244476318359 -0.187179565429688 0.06646728515625
-0.0426483154296875 -0.0183486938476562 -0.3173828125 -0.0262145996093751
0.123130798339844 0.00614166259765625 -0.3212890625 0.1053466796875
0.0801162719726562 0.030548095703125 -0.2889404296875 0.0730590820312501
0.0701522827148438 0.0684242248535156 -0.1829833984375 0.0775909423828126
0.0512847900390625 0.0814666748046875 -0.105598449707031 0.106056213378906
0.048370361328125 0.0847930908203125 0.00372314453124999 0.145462036132813
0.0731887817382813 0.0827178955078125 0.138916015625 0.156707763671875
0.0974960327148438 0.0684890747070313 0.250732421875 0.117828369140625
0.0907516479492188 0.0626907348632813 0.29931640625 0.044464111328125
0.100807189941406 0.0458145141601563 0.333160400390625 -0.03546142578125
0.106681823730469 0.0278549194335938 0.311737060546875 -0.0576171875
0.103706359863281 0.00579071044921875 0.210464477539063 -0.0670623779296875
0.104415893554688 -0.0191726684570313 0.08642578125 -0.035247802734375
0.107376098632813 -0.0102691650390625 -0.0296230316162109 0.0244102478027344
0.115501403808594 -0.02532958984375 -0.18280029296875 0.0547332763671875
0.10015869140625 -0.0411529541015625 -0.314117431640625 -0.034271240234375
0.263717651367188 0.004669189453125 -0.269149780273437 0.100143432617188
0.208740234375 0.0483856201171875 -0.248062133789063 0.0674285888671875
0.194137573242188 0.121414184570313 -0.186111450195313 0.074737548828125
0.160964965820312 0.142196655273438 -0.108314514160156 0.0924453735351563
0.142745971679688 0.150192260742188 -0.0174713134765625 0.119148254394531
0.182830810546875 0.143814086914063 0.104095458984375 0.121261596679688
0.205886840820312 0.11090087890625 0.20220947265625 0.085784912109375
0.190872192382813 0.104537963867188 0.241561889648437 0.0164337158203125
0.215347290039063 0.07940673828125 0.279037475585938 -0.04998779296875
0.227813720703125 0.0494232177734375 0.26953125 -0.0732421875
0.226058959960938 0.026519775390625 0.180755615234375 -0.081573486328125
0.230545043945313 -0.02099609375 0.0773468017578125 -0.0616607666015625
0.237396240234375 0.006927490234375 -0.0108299255371094 0.000890731811523438
0.248077392578125 -0.027984619140625 -0.1448974609375 0.0205078125
0.228363037109375 -0.058502197265625 -0.261734008789063 -0.0534820556640625
0.36767578125 -0.00616455078125 -0.17327880859375 0.0906982421875
0.31817626953125 0.046630859375 -0.172836303710937 0.058349609375
0.308197021484375 0.143707275390625 -0.1705322265625 0.0683441162109375
0.268417358398438 0.170211791992187 -0.110588073730469 0.07275390625
0.235580444335937 0.184967041015625 -0.054931640625 0.0846328735351563
0.280364990234375 0.176422119140625 0.0389480590820313 0.0775070190429688
0.290740966796875 0.131011962890625 0.115028381347656 0.0472183227539063
0.26409912109375 0.129806518554688 0.145736694335938 -0.0127410888671875
0.29632568359375 0.105987548828125 0.187118530273438 -0.06256103515625
0.31402587890625 0.072845458984375 0.199752807617188 -0.0882568359375
0.315673828125 0.0557861328125 0.137977600097656 -0.0971145629882813
0.32586669921875 -0.00927734375 0.0722122192382813 -0.089996337890625
0.33306884765625 0.033477783203125 0.0239334106445313 -0.0316562652587891
0.34619140625 -0.015106201171875 -0.0756072998046875 -0.0273284912109375
0.324066162109375 -0.0611572265625 -0.16943359375 -0.0764312744140625
0.41326904296875 -0.02392578125 -0.05035400390625 0.072357177734375
0.378509521484375 0.025543212890625 -0.0703353881835937 0.0359115600585937
0.376708984375 0.1263427734375 -0.135162353515625 0.0492630004882813
0.338653564453125 0.155487060546875 -0.112449645996094 0.0465469360351563
0.29913330078125 0.176605224609375 -0.105422973632812 0.048065185546875
0.338897705078125 0.16864013671875 -0.0548019409179687 0.0366477966308594
0.332427978515625 0.125518798828125 -0.00208282470703123 0.0141382217407227
0.29510498046875 0.135498046875 0.0248641967773438 -0.0386772155761719
0.327972412109375 0.121307373046875 0.07305908203125 -0.0761947631835938
0.34515380859375 0.095489501953125 0.111572265625 -0.103767395019531
0.35064697265625 0.08837890625 0.0872268676757813 -0.109764099121094
0.36767578125 0.020111083984375 0.0702590942382813 -0.112892150878906
0.3714599609375 0.068572998046875 0.071441650390625 -0.0620651245117187
0.388916015625 0.0106201171875 0.0172500610351563 -0.0725250244140625
0.368621826171875 -0.050018310546875 -0.04669189453125 -0.0956192016601563
0.390777587890625 -0.038604736328125 0.077239990234375 0.0434341430664062
0.37030029296875 0.00079345703125 0.0355491638183594 -0.0014495849609375
0.3697509765625 0.08624267578125 -0.0911941528320312 0.0157318115234375
0.33892822265625 0.110870361328125 -0.113555908203125 0.017669677734375
0.302886962890625 0.13311767578125 -0.158950805664062 0.0203704833984375
0.338775634765625 0.130401611328125 -0.157943725585937 0.0119781494140625
0.318206787109375 0.098846435546875 -0.128440856933594 -0.00539398193359376
0.280471801757813 0.11962890625 -0.0989151000976562 -0.0587005615234375
0.306640625 0.1197509765625 -0.0419235229492187 -0.0946807861328125
0.31671142578125 0.106201171875 0.0229339599609375 -0.122901916503906
0.318206787109375 0.113311767578125 0.0398406982421875 -0.122138977050781
0.34039306640625 0.052490234375 0.0727081298828125 -0.122245788574219
0.342926025390625 0.09820556640625 0.121147155761719 -0.0751953125
0.36865234375 0.041839599609375 0.116569519042969 -0.0987472534179688
0.3538818359375 -0.02978515625 0.0854339599609375 -0.103065490722656
0.30157470703125 -0.04156494140625 0.186264038085938 0.0123291015625
0.294952392578125 -0.0133056640625 0.121871948242188 -0.041748046875
0.291015625 0.047271728515625 -0.0500984191894531 -0.0225181579589844
0.269180297851562 0.0611419677734375 -0.115577697753906 -0.00469207763671875
0.244720458984375 0.079315185546875 -0.201492309570312 0.00495910644531253
0.274765014648438 0.0791473388671875 -0.247970581054687 0.00729370117187501
0.253463745117187 0.0612945556640625 -0.24005126953125 -0.00645446777343752
0.223251342773438 0.0859222412109375 -0.204971313476563 -0.0691986083984375
0.2401123046875 0.0955047607421875 -0.138824462890625 -0.115020751953125
0.24066162109375 0.0911865234375 -0.0484619140625 -0.1451416015625
0.238204956054688 0.10919189453125 0.00514984130859377 -0.133026123046875
0.257492065429688 0.067169189453125 0.075286865234375 -0.118415832519531
0.258697509765625 0.101028442382813 0.159927368164063 -0.0712432861328125
0.290191650390625 0.055633544921875 0.20159912109375 -0.1015625
0.28668212890625 -0.01190185546875 0.204269409179688 -0.0971221923828125
0.170669555664063 -0.03082275390625 0.263336181640625 -0.012298583984375
0.174560546875 -0.0081787109375 0.177383422851563 -0.0705108642578125
0.165023803710938 0.0243682861328125 -0.0196647644042969 -0.0505561828613281
0.15478515625 0.0256500244140625 -0.11572265625 -0.0147018432617187
0.144378662109375 0.0329437255859375 -0.226959228515625 0.00396728515624997
0.164016723632813 0.0310211181640625 -0.307891845703125 0.02093505859375
0.146087646484375 0.023468017578125 -0.31689453125 0.0069580078125
0.134857177734375 0.03887939453125 -0.277389526367188 -0.0686035156250001
0.1446533203125 0.048492431640625 -0.20306396484375 -0.131072998046875
0.14508056640625 0.049591064453125 -0.092864990234375 -0.16375732421875
0.142257690429688 0.07061767578125 -0.0123062133789062 -0.139877319335938
0.152328491210937 0.0489044189453125 0.0783615112304688 -0.10711669921875
0.15374755859375 0.0699615478515625 0.182785034179687 -0.057037353515625
0.179718017578125 0.042999267578125 0.259033203125 -0.0876617431640625
0.180618286132812 -0.003265380859375 0.290252685546875 -0.0814208984375
-0.0302886962890625 0.00481033325195313 -0.312652587890625 0.12359619140625
-0.0473365783691406 0.00800704956054688 -0.282440185546875 0.09832763671875
-0.0466461181640625 0.00804519653320312 -0.159744262695312 0.09454345703125
-0.0451202392578125 0.0145606994628906 -0.0956268310546875 0.125740051269531
-0.0359954833984375 0.0122413635253906 0.01727294921875 0.157562255859375
-0.0347099304199219 0.0120048522949219 0.146926879882813 0.164306640625
-0.0183506011962891 0.0184803009033203 0.255783081054688 0.11865234375
-0.0189266204833984 0.0133914947509766 0.304840087890625 0.04608154296875
-0.0251960754394531 0.008941650390625 0.335052490234375 -0.036956787109375
-0.0251007080078125 0.00720596313476563 0.31207275390625 -0.0567626953125
-0.0298480987548828 -0.0116539001464844 0.219833374023438 -0.0679168701171875
-0.0339107513427734 -0.0100307464599609 0.0963363647460938 -0.0240249633789063
-0.0358123779296875 -0.0216903686523438 -0.0229454040527344 0.0289478302001953
-0.0324916839599609 -0.0154972076416016 -0.171676635742187 0.0743255615234375
-0.0428962707519531 -0.0140228271484375 -0.300628662109375 -0.00573730468750001
0.117828369140625 -0.00124359130859375 -0.3060302734375 0.117340087890625
0.07666015625 0.0244903564453125 -0.276199340820313 0.0881500244140625
0.0705795288085938 0.0613784790039063 -0.172698974609375 0.0881500244140625
0.0532379150390625 0.0745468139648438 -0.0987091064453125 0.111465454101563
0.0501251220703125 0.0788803100585938 0.00862121582031249 0.143096923828125
0.0736846923828125 0.0758209228515625 0.138137817382813 0.146942138671875
0.0963134765625 0.0623550415039063 0.24560546875 0.1019287109375
0.0891036987304688 0.05560302734375 0.29083251953125 0.027984619140625
0.0991897583007813 0.0401535034179688 0.321929931640625 -0.05267333984375
0.10394287109375 0.0233917236328125 0.3017578125 -0.073760986328125
0.099517822265625 0.0008392333984375 0.205368041992188 -0.0792999267578125
0.0989837646484375 -0.0229949951171875 0.0866241455078125 -0.0404739379882813
0.103706359863281 -0.0157852172851563 -0.0206108093261719 0.0240459442138672
0.109413146972656 -0.0300827026367187 -0.167434692382813 0.063446044921875
0.0937042236328125 -0.0442123413085938 -0.2979736328125 -0.0126647949218749
0.2523193359375 -0.0121307373046875 -0.256729125976562 0.111068725585938
0.201126098632813 0.033660888671875 -0.239944458007813 0.0811004638671875
0.192718505859375 0.10595703125 -0.176681518554688 0.0857391357421875
0.16192626953125 0.1270751953125 -0.102760314941406 0.0989837646484375
0.143966674804688 0.13592529296875 -0.013763427734375 0.119651794433594
0.181930541992188 0.12835693359375 0.103103637695313 0.115089416503906
0.20245361328125 0.095855712890625 0.197860717773437 0.07415771484375
0.187759399414063 0.0912017822265625 0.233673095703125 0.00497436523437501
0.21136474609375 0.0662994384765625 0.26800537109375 -0.063995361328125
0.2208251953125 0.03668212890625 0.26019287109375 -0.0886383056640625
0.218032836914063 0.0134735107421875 0.1759033203125 -0.0930023193359375
0.220458984375 -0.0328216552734375 0.0767822265625 -0.0658111572265625
0.229324340820313 -0.0072021484375 -0.00349354743957518 -0.000230789184570313
0.23809814453125 -0.039764404296875 -0.132217407226562 0.0280609130859375
0.216598510742188 -0.0673828125 -0.249649047851563 -0.0344085693359375
0.352996826171875 -0.029937744140625 -0.16546630859375 0.0952606201171875
0.30548095703125 0.026580810546875 -0.168212890625 0.0668792724609375
0.30657958984375 0.120147705078125 -0.16241455078125 0.0799560546875
0.267074584960938 0.1475830078125 -0.106712341308594 0.0796661376953125
0.235977172851563 0.164031982421875 -0.052398681640625 0.089263916015625
0.278533935546875 0.153045654296875 0.0367813110351563 0.07763671875
0.285491943359375 0.109771728515625 0.111679077148438 0.0416641235351563
0.260452270507812 0.1121826171875 0.139190673828125 -0.0199432373046875
0.2911376953125 0.087188720703125 0.1793212890625 -0.0721893310546875
0.3040771484375 0.052642822265625 0.191787719726563 -0.099090576171875
0.30584716796875 0.034881591796875 0.13165283203125 -0.1048583984375
0.3131103515625 -0.027130126953125 0.0685043334960938 -0.0930404663085938
0.322845458984375 0.01312255859375 0.0280952453613281 -0.0340766906738281
0.33355712890625 -0.03411865234375 -0.0679817199707031 -0.0221633911132813
0.3076171875 -0.0750732421875 -0.16192626953125 -0.0610504150390625
0.395904541015625 -0.047454833984375 -0.0492172241210937 0.0704574584960937
0.36334228515625 0.003509521484375 -0.072540283203125 0.0383224487304688
0.372344970703125 0.10107421875 -0.131027221679687 0.0589828491210938
0.33453369140625 0.12969970703125 -0.111595153808594 0.053466796875
0.295989990234375 0.1527099609375 -0.104194641113281 0.057159423828125
0.334686279296875 0.14227294921875 -0.0555534362792969 0.043212890625
0.325714111328125 0.102813720703125 -0.00267982482910154 0.0147485733032227
0.2906494140625 0.115264892578125 0.0207977294921875 -0.0391845703125
0.323638916015625 0.0994873046875 0.0679550170898438 -0.0794143676757813
0.33642578125 0.071502685546875 0.104949951171875 -0.110549926757813
0.33990478515625 0.0643310546875 0.0816650390625 -0.114578247070313
0.353668212890625 -0.0029296875 0.0647659301757813 -0.115188598632813
0.36187744140625 0.044952392578125 0.0718460083007813 -0.06683349609375
0.377197265625 -0.00958251953125 0.01873779296875 -0.0712738037109375
0.35015869140625 -0.06658935546875 -0.0455780029296875 -0.0873031616210938
0.37506103515625 -0.0594482421875 0.0716323852539063 0.0357589721679687
0.356231689453125 -0.02142333984375 0.0274105072021485 -0.0034027099609375
0.364044189453125 0.06256103515625 -0.0903167724609375 0.0236129760742188
0.332611083984375 0.086578369140625 -0.115074157714844 0.0256195068359375
0.29779052734375 0.111968994140625 -0.158050537109375 0.0320281982421875
0.333282470703125 0.10577392578125 -0.156997680664063 0.0241546630859375
0.3115234375 0.077301025390625 -0.126930236816406 0.00327301025390625
0.275421142578125 0.100479125976563 -0.099700927734375 -0.0513153076171875
0.30230712890625 0.09912109375 -0.0448760986328125 -0.091033935546875
0.3076171875 0.08349609375 0.01800537109375 -0.124946594238281
0.310821533203125 0.09033203125 0.0344085693359375 -0.123619079589844
0.32928466796875 0.03021240234375 0.0648269653320313 -0.124420166015625
0.335205078125 0.074676513671875 0.118568420410156 -0.0827789306640625
0.3568115234375 0.0211181640625 0.112297058105469 -0.102088928222656
0.338531494140625 -0.04730224609375 0.0803298950195313 -0.101272583007813
0.28961181640625 -0.057464599609375 0.174606323242188 9.15527343749965E-05
0.283538818359375 -0.029754638671875 0.108192443847656 -0.0479583740234375
0.287994384765625 0.030364990234375 -0.0543861389160156 -0.0157012939453125
0.264236450195313 0.0432586669921875 -0.117729187011719 0.00338745117187502
0.240829467773438 0.06231689453125 -0.200515747070312 0.0199127197265625
0.268951416015625 0.060028076171875 -0.243820190429687 0.02374267578125
0.245864868164063 0.0449066162109375 -0.233489990234375 0.00764465332031254
0.218597412109375 0.071075439453125 -0.202957153320313 -0.0555267333984375
0.236312866210938 0.0785064697265625 -0.138519287109375 -0.105705261230469
0.235214233398438 0.0730133056640625 -0.051544189453125 -0.142715454101563
0.234207153320312 0.0899810791015625 -0.000427246093749994 -0.132057189941406
0.249969482421875 0.0482635498046875 0.068145751953125 -0.121955871582031
0.253997802734375 0.082489013671875 0.155319213867188 -0.0805816650390625
0.283294677734375 0.037841796875 0.193603515625 -0.11016845703125
0.274810791015625 -0.0270233154296875 0.19464111328125 -0.103164672851563
0.163650512695312 -0.0394744873046875 0.247711181640625 -0.0272979736328125
0.168472290039063 -0.01776123046875 0.160507202148438 -0.0789947509765625
0.164840698242188 0.014434814453125 -0.0274925231933594 -0.0455207824707031
0.151657104492188 0.0151519775390625 -0.119674682617187 -0.00586700439453125
0.14093017578125 0.0228118896484375 -0.224609375 0.0188751220703125
0.160171508789062 0.019866943359375 -0.30126953125 0.0395812988281251
0.142074584960938 0.014007568359375 -0.306976318359375 0.02435302734375
0.13238525390625 0.0295944213867188 -0.272064208984375 -0.0513763427734374
0.142440795898438 0.038360595703125 -0.2022705078125 -0.117279052734375
0.141921997070313 0.0385589599609375 -0.09600830078125 -0.157333374023438
0.139427185058594 0.0578765869140625 -0.0174102783203125 -0.138023376464844
0.149139404296875 0.0374298095703125 0.0722198486328125 -0.109916687011719
0.151901245117188 0.0586090087890625 0.17669677734375 -0.0681610107421875
0.174728393554688 0.032440185546875 0.248291015625 -0.100112915039063
0.174026489257813 -0.01434326171875 0.278427124023438 -0.0931549072265625
-0.0288219451904297 0.00516128540039062 -0.297607421875 0.123809814453125
-0.0458030700683594 0.00869369506835938 -0.26910400390625 0.103866577148437
-0.0447425842285156 0.00897979736328125 -0.151321411132813 0.0977020263671875
-0.0435104370117188 0.0159454345703125 -0.0900344848632813 0.126197814941406
-0.034576416015625 0.0123977661132813 0.016876220703125 0.153518676757813
-0.0329132080078125 0.0126628875732422 0.140350341796875 0.156600952148438
-0.0175399780273437 0.0187816619873047 0.245208740234375 0.11077880859375
-0.0186920166015625 0.0143318176269531 0.2923583984375 0.0384521484375
-0.0250186920166016 0.0106410980224609 0.321380615234375 -0.04400634765625
-0.0236701965332031 0.00921249389648438 0.30145263671875 -0.063079833984375
-0.0293655395507812 -0.00975418090820313 0.214065551757813 -0.0733642578125
-0.0331439971923828 -0.00732612609863281 0.097869873046875 -0.0275955200195313
-0.0354995727539063 -0.019012451171875 -0.0142860412597656 0.0278491973876953
-0.0321922302246094 -0.0142650604248047 -0.156341552734375 0.07513427734375
-0.0418167114257813 -0.0123405456542969 -0.280288696289063 0.00257873535156254
0.111076354980469 -0.00511932373046875 -0.293365478515625 0.117950439453125
0.0723037719726562 0.0211944580078125 -0.265457153320313 0.0919952392578125
0.0684432983398438 0.0562553405761719 -0.163772583007813 0.0914306640625
0.0515365600585938 0.07037353515625 -0.0934677124023438 0.113800048828125
0.047088623046875 0.0743560791015625 0.00921630859374999 0.140731811523438
0.0707778930664063 0.070343017578125 0.132125854492188 0.141326904296875
0.0924530029296875 0.0584182739257813 0.235885620117187 0.0955047607421875
0.0864486694335937 0.0537185668945312 0.278762817382813 0.0194854736328125
0.0950546264648438 0.0382843017578125 0.308380126953125 -0.05938720703125
0.0993270874023438 0.0209197998046875 0.291015625 -0.079986572265625
0.0939788818359375 -0.00116729736328125 0.199661254882813 -0.083709716796875
0.0929489135742188 -0.0239181518554687 0.0869522094726562 -0.0428314208984375
0.0985641479492187 -0.0174407958984375 -0.0127410888671875 0.0232067108154297
0.104942321777344 -0.0316314697265625 -0.152725219726563 0.06378173828125
0.08782958984375 -0.0419921875 -0.278427124023438 -0.00430297851562499
0.238937377929688 -0.018890380859375 -0.246536254882812 0.109817504882812
0.189666748046875 0.0269012451171875 -0.229629516601563 0.0844573974609375
0.187591552734375 0.0953216552734375 -0.167938232421875 0.090362548828125
0.155136108398437 0.116180419921875 -0.0989761352539063 0.100914001464844
0.138496398925781 0.1270751953125 -0.0149154663085937 0.117706298828125
0.17529296875 0.11669921875 0.0967330932617188 0.112602233886719
0.194549560546875 0.0875244140625 0.1898193359375 0.0682373046875
0.180450439453125 0.083587646484375 0.223922729492187 -0.00164794921874999
0.204055786132813 0.06005859375 0.25634765625 -0.0691375732421875
0.210922241210938 0.03106689453125 0.25048828125 -0.092864990234375
0.206573486328125 0.0070037841796875 0.170333862304688 -0.0956268310546875
0.2091064453125 -0.0370330810546875 0.0770492553710938 -0.0662078857421875
0.219253540039063 -0.0126800537109375 0.00372576713562013 -0.0020451545715332
0.227493286132813 -0.0433197021484375 -0.119216918945312 0.0295028686523438
0.205169677734375 -0.067657470703125 -0.233551025390625 -0.0242156982421875
0.333526611328125 -0.03790283203125 -0.16082763671875 0.0933380126953125
0.289154052734375 0.01776123046875 -0.164276123046875 0.0693359375
0.29693603515625 0.106201171875 -0.155838012695312 0.0839691162109375
0.258407592773438 0.133377075195313 -0.105377197265625 0.083038330078125
0.2264404296875 0.150665283203125 -0.05194091796875 0.09075927734375
0.267044067382813 0.13787841796875 0.032379150390625 0.0780868530273438
0.272598266601563 0.0988311767578125 0.106338500976563 0.039093017578125
0.249298095703125 0.102294921875 0.131507873535156 -0.0214691162109375
0.280487060546875 0.07708740234375 0.171188354492188 -0.0746307373046875
0.29010009765625 0.04412841796875 0.18377685546875 -0.103118896484375
0.290924072265625 0.02606201171875 0.12750244140625 -0.108253479003906
0.29779052734375 -0.0341796875 0.0672149658203125 -0.0926361083984375
0.309844970703125 0.0048828125 0.0326614379882813 -0.0360870361328125
0.319610595703125 -0.03961181640625 -0.0588417053222656 -0.020111083984375
0.290435791015625 -0.07720947265625 -0.150772094726562 -0.0523681640625
0.375396728515625 -0.05706787109375 -0.0510635375976562 0.0663528442382813
0.34375 -0.006744384765625 -0.0750274658203125 0.038604736328125
0.361053466796875 0.08709716796875 -0.127388000488281 0.064422607421875
0.321502685546875 0.115020751953125 -0.111557006835937 0.0580825805664062
0.284912109375 0.13800048828125 -0.10260009765625 0.0619125366210938
0.322296142578125 0.125885009765625 -0.0566177368164062 0.0475921630859375
0.311187744140625 0.09039306640625 -0.00412082672119139 0.0161886215209961
0.278945922851563 0.1051025390625 0.018585205078125 -0.0362091064453125
0.311492919921875 0.088623046875 0.06451416015625 -0.0795822143554688
0.31988525390625 0.06146240234375 0.100517272949219 -0.11248779296875
0.3245849609375 0.052520751953125 0.0785293579101563 -0.115715026855469
0.336090087890625 -0.011932373046875 0.0610885620117188 -0.114334106445313
0.34661865234375 0.034027099609375 0.0736465454101563 -0.0690231323242188
0.36138916015625 -0.017181396484375 0.022613525390625 -0.06982421875
0.332305908203125 -0.071533203125 -0.04083251953125 -0.07965087890625
0.355682373046875 -0.068023681640625 0.0622177124023438 0.031158447265625
0.33740234375 -0.0284423828125 0.018392562866211 -0.00452804565429688
0.355438232421875 0.05084228515625 -0.0905990600585937 0.0292282104492187
0.3212890625 0.072998046875 -0.116195678710937 0.0301971435546875
0.2869873046875 0.09857177734375 -0.15509033203125 0.039337158203125
0.320343017578125 0.09130859375 -0.153549194335937 0.0322113037109375
0.297821044921875 0.067108154296875 -0.121841430664062 0.00748443603515625
0.265151977539063 0.0909881591796875 -0.0982666015625 -0.045867919921875
0.291778564453125 0.08758544921875 -0.0432662963867187 -0.0881576538085938
0.293731689453125 0.07147216796875 0.0172958374023438 -0.12408447265625
0.296112060546875 0.076873779296875 0.03265380859375 -0.123680114746094
0.313690185546875 0.01910400390625 0.0611801147460938 -0.122138977050781
0.32183837890625 0.062652587890625 0.116897583007813 -0.0859832763671875
0.342437744140625 0.0115966796875 0.109207153320313 -0.10198974609375
0.322418212890625 -0.05224609375 0.078033447265625 -0.0961990356445313
0.275421142578125 -0.0638275146484375 0.160659790039063 -0.0039215087890625
0.270095825195313 -0.0352020263671875 0.094390869140625 -0.0491943359375
0.28021240234375 0.021026611328125 -0.0572509765625 -0.0100746154785156
0.2554931640625 0.0344696044921875 -0.120018005371094 0.00885772705078125
0.230880737304688 0.054290771484375 -0.196029663085937 0.027374267578125
0.259201049804688 0.0499725341796875 -0.2364501953125 0.03363037109375
0.23504638671875 0.0381317138671875 -0.22607421875 0.01348876953125
0.210922241210937 0.063385009765625 -0.195419311523438 -0.047637939453125
0.228057861328125 0.0695648193359375 -0.133255004882812 -0.099365234375
0.223861694335938 0.0640716552734375 -0.0504379272460937 -0.140457153320313
0.224334716796875 0.07867431640625 -0.000946044921874994 -0.13067626953125
0.239761352539063 0.037933349609375 0.0634536743164063 -0.120697021484375
0.24517822265625 0.0725555419921875 0.151077270507813 -0.08428955078125
0.27166748046875 0.0298614501953125 0.184890747070313 -0.1112060546875
0.261703491210937 -0.0324249267578125 0.186050415039063 -0.101058959960938
0.1563720703125 -0.04217529296875 0.229843139648438 -0.032623291015625
0.1611328125 -0.0216064453125 0.143936157226562 -0.0808563232421875
0.161865234375 0.0094146728515625 -0.0336875915527344 -0.0395393371582031
0.146530151367188 0.0105438232421875 -0.122154235839844 -0.000129699707031243
0.135330200195313 0.0186538696289063 -0.220855712890625 0.0277862548828125
0.154190063476563 0.0148162841796875 -0.2906494140625 0.0502014160156251
0.135643005371094 0.00978851318359375 -0.295013427734375 0.0317382812499999
0.127334594726563 0.025787353515625 -0.26275634765625 -0.0430603027343749
0.136909484863281 0.0331268310546875 -0.194534301757812 -0.109634399414063
0.134574890136719 0.0321578979492188 -0.0928955078125 -0.153900146484375
0.13336181640625 0.0511932373046875 -0.01849365234375 -0.135528564453125
0.14306640625 0.030853271484375 0.066802978515625 -0.110305786132812
0.1461181640625 0.0526123046875 0.17071533203125 -0.0732269287109375
0.168472290039063 0.02685546875 0.238128662109375 -0.103897094726562
0.165924072265625 -0.0173187255859375 0.26751708984375 -0.0943603515625
-0.0286369323730469 0.00424957275390625 -0.291900634765625 0.11846923828125
-0.0451736450195313 0.00866317749023438 -0.263504028320313 0.102584838867187
-0.0439682006835938 0.00828933715820313 -0.148056030273438 0.0965423583984375
-0.0428085327148438 0.0159950256347656 -0.0899200439453125 0.127059936523437
-0.0344066619873047 0.0139026641845703 0.013824462890625 0.15264892578125
-0.0327568054199219 0.0140361785888672 0.133453369140625 0.156509399414063
-0.0167922973632813 0.0195331573486328 0.237335205078125 0.111557006835938
-0.0198593139648438 0.0154266357421875 0.28399658203125 0.038116455078125
-0.0236911773681641 0.0115699768066406 0.313568115234375 -0.044036865234375
-0.0224571228027344 0.0105018615722656 0.297332763671875 -0.06341552734375
-0.0298843383789063 -0.00840187072753906 0.213134765625 -0.073974609375
-0.0333976745605469 -0.00591087341308593 0.102188110351562 -0.03033447265625
-0.0346965789794922 -0.0183639526367188 -0.00774192810058594 0.0251197814941406
-0.0321578979492188 -0.0144786834716797 -0.145843505859375 0.0715484619140625
-0.0408744812011719 -0.0110282897949219 -0.266769409179688 0.0028839111328125
0.105201721191406 -0.00603485107421875 -0.28912353515625 0.113128662109375
0.0670433044433594 0.0194511413574219 -0.259613037109375 0.0914306640625
0.065582275390625 0.0539588928222656 -0.159988403320313 0.0919036865234375
0.048919677734375 0.0674324035644531 -0.0933303833007812 0.114463806152344
0.0454788208007812 0.072296142578125 0.0044097900390625 0.14044189453125
0.0675468444824219 0.0679168701171875 0.123687744140625 0.141159057617188
0.0896530151367188 0.05743408203125 0.228668212890625 0.09576416015625
0.0822296142578125 0.0529632568359375 0.270904541015625 0.019927978515625
0.0931167602539063 0.038665771484375 0.302093505859375 -0.059967041015625
0.0969924926757813 0.0215530395507813 0.287933349609375 -0.08013916015625
0.090423583984375 -0.00083160400390625 0.198928833007813 -0.0855560302734375
0.0899810791015625 -0.0224075317382813 0.0907211303710938 -0.0443878173828125
0.0958938598632812 -0.0167770385742188 -0.00550270080566406 0.0204219818115234
0.101844787597656 -0.03155517578125 -0.141357421875 0.0621337890625
0.0849761962890625 -0.03997802734375 -0.264175415039063 -0.00296020507812499
0.229232788085938 -0.0189666748046875 -0.2437744140625 0.105133056640625
0.180801391601563 0.0261077880859375 -0.227874755859375 0.08355712890625
0.18218994140625 0.08984375 -0.164398193359375 0.0919189453125
0.150390625 0.111419677734375 -0.0994033813476562 0.102493286132813
0.132698059082031 0.121925354003906 -0.0176239013671875 0.119781494140625
0.168350219726563 0.112533569335938 0.0895614624023438 0.114555358886719
0.187179565429688 0.08563232421875 0.182647705078125 0.0699005126953125
0.174819946289063 0.083343505859375 0.217117309570312 -0.00152587890624999
0.198654174804688 0.0594635009765625 0.252090454101562 -0.0694427490234375
0.20416259765625 0.031524658203125 0.2484130859375 -0.0941162109375
0.200103759765625 0.0077362060546875 0.170074462890625 -0.09765625
0.20294189453125 -0.0352020263671875 0.0796737670898438 -0.0673065185546875
0.213638305664063 -0.0116119384765625 0.0107660293579102 -0.00452327728271484
0.222625732421875 -0.0432281494140625 -0.109306335449219 0.0277175903320312
0.198684692382813 -0.0632171630859375 -0.219772338867188 -0.022613525390625
0.321929931640625 -0.037628173828125 -0.16156005859375 0.08978271484375
0.277908325195313 0.0164947509765625 -0.164840698242187 0.0683746337890625
0.289703369140625 0.101654052734375 -0.153610229492187 0.0858306884765625
0.249649047851563 0.128494262695313 -0.107666015625 0.0842132568359375
0.21746826171875 0.146041870117188 -0.0549163818359375 0.0934600830078125
0.257720947265625 0.133163452148438 0.0279312133789063 0.08209228515625
0.263778686523438 0.096466064453125 0.101997375488281 0.0405044555664063
0.241073608398438 0.101303100585938 0.127662658691406 -0.0202865600585937
0.27313232421875 0.076171875 0.168838500976563 -0.07537841796875
0.280227661132812 0.043243408203125 0.182174682617188 -0.10443115234375
0.281402587890625 0.02496337890625 0.127899169921875 -0.108779907226563
0.288055419921875 -0.032958984375 0.0695571899414063 -0.0935745239257813
0.30126953125 0.00469970703125 0.0392341613769531 -0.0386848449707031
0.31292724609375 -0.0384521484375 -0.0511627197265625 -0.0206871032714844
0.282470703125 -0.074066162109375 -0.140716552734375 -0.04937744140625
0.363189697265625 -0.05670166015625 -0.0554618835449219 0.0638084411621094
0.333251953125 -0.006866455078125 -0.0796356201171875 0.0383377075195313
0.354400634765625 0.081756591796875 -0.126472473144531 0.0665054321289062
0.314453125 0.1103515625 -0.114295959472656 0.0603866577148438
0.274444580078125 0.135513305664063 -0.10467529296875 0.0653152465820312
0.31182861328125 0.1224365234375 -0.0585403442382812 0.05230712890625
0.30023193359375 0.088165283203125 -0.00557136535644529 0.0177078247070313
0.270233154296875 0.103347778320312 0.0178375244140625 -0.035858154296875
0.30267333984375 0.086517333984375 0.0648956298828125 -0.0800933837890625
0.3077392578125 0.05908203125 0.101364135742188 -0.114280700683594
0.31243896484375 0.051513671875 0.0796356201171875 -0.118049621582031
0.32598876953125 -0.012451171875 0.0632705688476563 -0.113777160644531
0.337890625 0.032928466796875 0.0784225463867188 -0.0712661743164063
0.353607177734375 -0.017181396484375 0.0266494750976563 -0.0693206787109375
0.3228759765625 -0.068023681640625 -0.0342941284179687 -0.0752410888671875
0.34423828125 -0.067047119140625 0.0544586181640625 0.0293846130371094
0.3265380859375 -0.0277099609375 0.0100936889648438 -0.00470829010009766
0.348114013671875 0.046905517578125 -0.0927200317382812 0.032989501953125
0.313262939453125 0.070465087890625 -0.119987487792969 0.0330657958984375
0.277740478515625 0.0963287353515625 -0.155303955078125 0.043121337890625
0.309539794921875 0.08905029296875 -0.15301513671875 0.03619384765625
0.28778076171875 0.065216064453125 -0.12042236328125 0.0081024169921875
0.2569580078125 0.089874267578125 -0.094573974609375 -0.0436248779296875
0.28271484375 0.0855712890625 -0.0406646728515625 -0.087890625
0.2825927734375 0.06964111328125 0.018951416015625 -0.126068115234375
0.285888671875 0.073333740234375 0.0337448120117188 -0.124992370605469
0.302459716796875 0.017547607421875 0.0623779296875 -0.12225341796875
0.3123779296875 0.061065673828125 0.119354248046875 -0.0872039794921875
0.33514404296875 0.0107421875 0.111747741699219 -0.1015625
0.31134033203125 -0.0499267578125 0.080596923828125 -0.0925064086914063
0.267684936523438 -0.063018798828125 0.150436401367188 -0.0052032470703125
0.262237548828125 -0.0352630615234375 0.0844345092773438 -0.0480422973632813
0.276901245117188 0.01910400390625 -0.0612754821777344 -0.00565719604492187
0.249069213867188 0.03216552734375 -0.124595642089844 0.0116043090820312
0.224090576171875 0.0526580810546875 -0.196243286132813 0.030517578125
0.251449584960938 0.047882080078125 -0.233840942382812 0.0369873046875
0.228179931640625 0.03619384765625 -0.220504760742188 0.0142059326171875
0.205413818359375 0.0616912841796875 -0.19091796875 -0.046112060546875
0.221694946289062 0.0669403076171875 -0.129119873046875 -0.0997543334960938
0.216262817382813 0.06036376953125 -0.0462799072265625 -0.1414794921875
0.215591430664063 0.07476806640625 0.00068664550781251 -0.130867004394531
0.23065185546875 0.0358734130859375 0.0637359619140625 -0.11956787109375
0.238204956054688 0.0704345703125 0.150985717773438 -0.086181640625
0.265289306640625 0.0293426513671875 0.184051513671875 -0.110931396484375
0.2537841796875 -0.0311126708984375 0.18536376953125 -0.096160888671875
0.152114868164063 -0.041961669921875 0.2171630859375 -0.0311737060546875
0.156906127929688 -0.021697998046875 0.133125305175781 -0.0783767700195313
0.161102294921875 0.0076751708984375 -0.0387191772460937 -0.0354690551757813
0.144485473632813 0.0091094970703125 -0.126014709472656 0.00166320800781252
0.131584167480469 0.016845703125 -0.220626831054688 0.030731201171875
0.150894165039063 0.01446533203125 -0.2877197265625 0.051361083984375
0.131912231445312 0.0088653564453125 -0.289215087890625 0.0311584472656251
0.123603820800781 0.0240859985351563 -0.255599975585937 -0.04071044921875
0.133193969726562 0.0317535400390625 -0.187942504882812 -0.10888671875
0.129447937011719 0.030792236328125 -0.0889739990234375 -0.154052734375
0.128982543945312 0.04779052734375 -0.0159683227539063 -0.13525390625
0.138481140136719 0.0285720825195313 0.0666961669921875 -0.110267639160156
0.14251708984375 0.0515594482421875 0.17034912109375 -0.07440185546875
0.16510009765625 0.0259246826171875 0.2337646484375 -0.1036376953125
0.160446166992188 -0.0180816650390625 0.262954711914063 -0.090484619140625
-0.0304069519042969 0.00403785705566407 -0.29559326171875 0.11395263671875
-0.0466194152832031 0.00694656372070313 -0.266250610351563 0.101913452148437
-0.0453033447265625 0.00806427001953125 -0.150680541992188 0.0984649658203125
-0.0435714721679688 0.0163764953613281 -0.091522216796875 0.130783081054688
-0.0352325439453125 0.0148124694824219 0.0104217529296875 0.156494140625
-0.033660888671875 0.0146961212158203 0.128768920898438 0.160995483398438
-0.0164928436279297 0.0216293334960938 0.2362060546875 0.116714477539063
-0.0202484130859375 0.0163707733154297 0.283935546875 0.041900634765625
-0.023345947265625 0.0127429962158203 0.316009521484375 -0.0426025390625
-0.0224037170410156 0.0113449096679688 0.30267333984375 -0.06304931640625
-0.030029296875 -0.0074615478515625 0.219711303710938 -0.0768585205078125
-0.0338382720947266 -0.00528907775878906 0.108169555664062 -0.0330047607421875
-0.0365142822265625 -0.0179443359375 -0.000463485717773438 0.022979736328125
-0.0340633392333984 -0.0141410827636719 -0.140869140625 0.0688934326171875
-0.0411262512207031 -0.0106582641601563 -0.259429931640625 0.000839233398437519
0.104804992675781 -0.00600433349609375 -0.291656494140625 0.107452392578125
0.0655479431152344 0.0201034545898438 -0.264190673828125 0.0917053222656251
0.0653114318847656 0.0535354614257813 -0.161972045898438 0.0948333740234375
0.0465774536132813 0.0682296752929688 -0.0960540771484375 0.119148254394531
0.04400634765625 0.0730361938476563 -0.000488281250000003 0.144180297851563
0.066619873046875 0.0687294006347656 0.120086669921875 0.146896362304688
0.0883102416992187 0.058074951171875 0.227767944335938 0.101943969726563
0.0805130004882813 0.0564041137695313 0.270828247070313 0.02239990234375
0.0938186645507813 0.0399093627929688 0.30462646484375 -0.058074951171875
0.0966415405273438 0.02447509765625 0.292083740234375 -0.08056640625
0.0889816284179688 0.0013885498046875 0.205673217773438 -0.087554931640625
0.089691162109375 -0.0215606689453125 0.0984344482421875 -0.0465469360351563
0.0947647094726562 -0.0152587890625 0.00212764739990235 0.0169143676757813
0.102638244628906 -0.0304183959960938 -0.136825561523438 0.0602645874023438
0.0862655639648438 -0.0381851196289063 -0.255859375 -0.00413513183593756
0.226791381835938 -0.018157958984375 -0.248291015625 0.101425170898437
0.177001953125 0.0264129638671875 -0.232040405273437 0.0836639404296876
0.180587768554688 0.089385986328125 -0.16705322265625 0.0941009521484375
0.14874267578125 0.112213134765625 -0.103904724121094 0.106056213378906
0.130096435546875 0.122978210449219 -0.0214080810546875 0.124649047851563
0.1654052734375 0.113525390625 0.0853729248046875 0.120109558105469
0.186203002929688 0.089263916015625 0.180831909179687 0.0733642578125
0.172592163085938 0.08770751953125 0.217391967773438 0.00129699707031251
0.198638916015625 0.0619659423828125 0.253860473632813 -0.0698394775390625
0.202728271484375 0.03436279296875 0.25213623046875 -0.09539794921875
0.198165893554688 0.0099639892578125 0.175491333007813 -0.101638793945312
0.203140258789062 -0.0341033935546875 0.0857009887695313 -0.0700836181640625
0.21466064453125 -0.010650634765625 0.0191707611083985 -0.00806808471679688
0.223709106445313 -0.040679931640625 -0.102561950683594 0.0252151489257812
0.200210571289063 -0.060821533203125 -0.213058471679688 -0.024810791015625
0.31939697265625 -0.035675048828125 -0.168167114257812 0.0867462158203125
0.274444580078125 0.017852783203125 -0.172531127929687 0.0685272216796875
0.290252685546875 0.100555419921875 -0.156890869140625 0.0899200439453125
0.247528076171875 0.129257202148438 -0.112297058105469 0.0891342163085938
0.214401245117187 0.14862060546875 -0.059906005859375 0.0983657836914063
0.25433349609375 0.133636474609375 0.0241470336914063 0.0883331298828125
0.260879516601563 0.099853515625 0.100715637207031 0.044281005859375
0.240005493164063 0.104537963867188 0.128395080566406 -0.0200424194335937
0.272445678710938 0.0797119140625 0.171768188476563 -0.0779876708984375
0.2781982421875 0.04736328125 0.186859130859375 -0.108474731445313
0.280014038085938 0.0272064208984375 0.133003234863281 -0.113822937011719
0.287872314453125 -0.031341552734375 0.0750961303710938 -0.0955581665039063
0.302154541015625 0.006439208984375 0.0471954345703125 -0.0426292419433594
0.3131103515625 -0.0362548828125 -0.0437431335449219 -0.0238876342773438
0.28314208984375 -0.069000244140625 -0.133407592773437 -0.0489959716796875
0.362701416015625 -0.054046630859375 -0.0627326965332031 0.0627784729003906
0.329498291015625 -0.0045166015625 -0.0868911743164062 0.03900146484375
0.356903076171875 0.0821533203125 -0.130935668945312 0.0709152221679688
0.31292724609375 0.110931396484375 -0.120849609375 0.06463623046875
0.271835327148438 0.136474609375 -0.109214782714844 0.0695114135742187
0.30859375 0.12396240234375 -0.0625419616699219 0.0579719543457031
0.29791259765625 0.0902099609375 -0.00679397583007811 0.02032470703125
0.268844604492188 0.105560302734375 0.0188446044921875 -0.0355682373046875
0.302703857421875 0.089599609375 0.0664901733398438 -0.082763671875
0.3048095703125 0.06201171875 0.104507446289063 -0.117851257324219
0.310699462890625 0.05303955078125 0.0835113525390625 -0.122406005859375
0.32476806640625 -0.011962890625 0.0688552856445313 -0.1168212890625
0.33905029296875 0.034698486328125 0.0861434936523438 -0.0748062133789063
0.3548583984375 -0.015960693359375 0.0337600708007813 -0.07208251953125
0.323028564453125 -0.063629150390625 -0.027984619140625 -0.0742645263671875
0.343475341796875 -0.066192626953125 0.0481986999511719 0.0292816162109375
0.325653076171875 -0.026123046875 0.0016136169433594 -0.00380229949951172
0.3526611328125 0.047607421875 -0.0975875854492187 0.036590576171875
0.313812255859375 0.072265625 -0.126487731933594 0.0370407104492188
0.276657104492188 0.0991363525390625 -0.160537719726562 0.046539306640625
0.3084716796875 0.0908203125 -0.156906127929687 0.0416717529296875
0.286651611328125 0.06683349609375 -0.121315002441406 0.00889587402343751
0.255996704101563 0.09112548828125 -0.094329833984375 -0.045257568359375
0.282745361328125 0.087310791015625 -0.037872314453125 -0.0916900634765625
0.280380249023438 0.070831298828125 0.0221176147460938 -0.132164001464844
0.2830810546875 0.07440185546875 0.03790283203125 -0.130813598632813
0.30133056640625 0.018341064453125 0.0663986206054688 -0.12591552734375
0.3125 0.063018798828125 0.12567138671875 -0.0920791625976563
0.335418701171875 0.011627197265625 0.117782592773438 -0.104087829589844
0.311553955078125 -0.047088623046875 0.0860671997070313 -0.0901260375976563
0.26885986328125 -0.061309814453125 0.144134521484375 -0.0047607421875
0.262069702148437 -0.034332275390625 0.0770492553710938 -0.0459823608398438
0.280929565429688 0.0183258056640625 -0.0671005249023437 -0.00172042846679688
0.251205444335938 0.0321044921875 -0.132896423339844 0.014862060546875
0.223434448242187 0.0547332763671875 -0.202117919921875 0.033721923828125
0.252471923828125 0.049407958984375 -0.237869262695312 0.039794921875
0.227020263671875 0.03790283203125 -0.22222900390625 0.0132598876953125
0.204513549804688 0.0635223388671875 -0.189544677734375 -0.047149658203125
0.220657348632813 0.0687103271484375 -0.125938415527344 -0.1026611328125
0.21282958984375 0.0607452392578125 -0.0438232421875 -0.147994995117187
0.212570190429688 0.074493408203125 0.00331878662109377 -0.137275695800781
0.230224609375 0.0352935791015625 0.0667877197265625 -0.122673034667969
0.237335205078125 0.0710906982421875 0.156509399414063 -0.0898590087890625
0.266799926757813 0.0304718017578125 0.189041137695313 -0.11322021484375
0.251495361328125 -0.0281524658203125 0.1904296875 -0.0936126708984375
0.151901245117188 -0.0424957275390625 0.211151123046875 -0.0308380126953125
0.157272338867187 -0.0222320556640625 0.124946594238281 -0.0767593383789062
0.164276123046875 0.0077056884765625 -0.0445556640625 -0.0319366455078125
0.145904541015625 0.0086822509765625 -0.133705139160156 0.00494384765625001
0.132095336914063 0.0172576904296875 -0.22711181640625 0.03369140625
0.151397705078125 0.014739990234375 -0.2919921875 0.054656982421875
0.131591796875 0.00982666015625 -0.292205810546875 0.030120849609375
0.12347412109375 0.0238571166992188 -0.254837036132813 -0.04168701171875
0.132583618164063 0.0315093994140625 -0.185699462890625 -0.1126708984375
0.127494812011719 0.03021240234375 -0.085601806640625 -0.159866333007813
0.128509521484375 0.0479965209960938 -0.012969970703125 -0.140266418457031
0.137718200683594 0.0285415649414062 0.07012939453125 -0.113105773925781
0.143905639648438 0.0521697998046875 0.174057006835938 -0.0783843994140625
0.166336059570313 0.0263671875 0.237655639648438 -0.106430053710938
0.15948486328125 -0.0167694091796875 0.266937255859375 -0.087158203125
-0.0325584411621094 0.00418663024902344 -0.305572509765625 0.117340087890625
-0.0488090515136719 0.00776672363281251 -0.273147583007813 0.109710693359375
-0.046875 0.0082550048828125 -0.154205322265625 0.105453491210937
-0.0447921752929688 0.0174713134765625 -0.0941314697265625 0.140838623046875
-0.0354194641113281 0.0162200927734375 0.00843811035156248 0.16546630859375
-0.03387451171875 0.0165443420410156 0.130355834960938 0.16925048828125
-0.0162220001220703 0.0232448577880859 0.241928100585938 0.120849609375
-0.0203380584716797 0.0200691223144531 0.29229736328125 0.039886474609375
-0.0231266021728516 0.0150299072265625 0.32513427734375 -0.048675537109375
-0.0213699340820313 0.0137042999267578 0.313812255859375 -0.070831298828125
-0.0320720672607422 -0.00632476806640625 0.22943115234375 -0.0850067138671875
-0.0349369049072266 -0.00296783447265625 0.119400024414063 -0.0389938354492188
-0.0374603271484375 -0.0181312561035156 0.00696372985839843 0.020721435546875
-0.0344638824462891 -0.0146884918212891 -0.136383056640625 0.0715255737304688
-0.0425453186035156 -0.0109634399414063 -0.257720947265625 0.00172424316406246
0.103744506835938 -0.0076751708984375 -0.302337646484375 0.11181640625
0.0632858276367188 0.0193634033203125 -0.270965576171875 0.0991363525390625
0.0657386779785156 0.0521087646484375 -0.166412353515625 0.10186767578125
0.0486831665039063 0.0684547424316406 -0.0990447998046875 0.128158569335938
0.0436019897460937 0.0743026733398438 -0.000930786132812513 0.152313232421875
0.0660781860351563 0.0706405639648438 0.120651245117188 0.154129028320312
0.09075927734375 0.0623321533203125 0.232421875 0.104110717773438
0.0827407836914063 0.0588760375976563 0.277679443359375 0.0201263427734375
0.0966262817382813 0.0425567626953125 0.31268310546875 -0.064544677734375
0.0996322631835938 0.0255126953125 0.30340576171875 -0.088104248046875
0.0901565551757813 0.0017242431640625 0.214691162109375 -0.0970916748046875
0.0919113159179688 -0.022674560546875 0.106117248535156 -0.0533218383789063
0.0977630615234375 -0.0177001953125 0.0105533599853516 0.0140666961669922
0.1044921875 -0.0323715209960938 -0.131187438964844 0.0603790283203125
0.0870590209960937 -0.0391387939453125 -0.255691528320313 -0.00282287597656249
0.229156494140625 -0.022491455078125 -0.2589111328125 0.103408813476563
0.178054809570313 0.0246734619140625 -0.24163818359375 0.090240478515625
0.18603515625 0.087066650390625 -0.172210693359375 0.101791381835937
0.152084350585938 0.111419677734375 -0.108207702636719 0.115097045898437
0.131874084472656 0.125083923339844 -0.0247726440429688 0.132659912109375
0.16876220703125 0.114288330078125 0.08563232421875 0.128509521484375
0.189498901367188 0.0894012451171875 0.185089111328125 0.0763092041015625
0.17681884765625 0.08905029296875 0.22198486328125 -0.00180053710937499
0.204299926757813 0.063720703125 0.26129150390625 -0.0774993896484375
0.208175659179688 0.0342254638671875 0.262603759765625 -0.104873657226562
0.201583862304687 0.00946044921875 0.183242797851562 -0.110748291015625
0.207778930664063 -0.0370941162109375 0.0945053100585938 -0.0778732299804688
0.220748901367188 -0.0127105712890625 0.0269508361816406 -0.0123672485351562
0.230194091796875 -0.0448455810546875 -0.09747314453125 0.0245895385742187
0.203643798828125 -0.0619354248046875 -0.210540771484375 -0.02288818359375
0.32403564453125 -0.041107177734375 -0.17669677734375 0.0886077880859375
0.276321411132813 0.014892578125 -0.181732177734375 0.0738983154296875
0.29803466796875 0.0965576171875 -0.162841796875 0.0976104736328125
0.253829956054688 0.128128051757813 -0.119354248046875 0.097869873046875
0.218109130859375 0.148651123046875 -0.0637588500976562 0.106918334960938
0.259109497070313 0.13360595703125 0.0225601196289063 0.0953140258789063
0.26611328125 0.099700927734375 0.103080749511719 0.0457534790039063
0.244430541992187 0.105331420898437 0.131637573242188 -0.0215225219726562
0.280624389648438 0.079559326171875 0.17645263671875 -0.0845794677734375
0.2835693359375 0.04620361328125 0.19464111328125 -0.117477416992188
0.284576416015625 0.0263671875 0.138290405273438 -0.124549865722656
0.294036865234375 -0.036041259765625 0.0807952880859375 -0.103706359863281
0.310882568359375 0.004302978515625 0.0565147399902344 -0.04931640625
0.322662353515625 -0.04083251953125 -0.0387458801269531 -0.0260505676269531
0.28851318359375 -0.072265625 -0.130523681640625 -0.0482635498046875
0.36859130859375 -0.061981201171875 -0.069854736328125 0.0636711120605469
0.333953857421875 -0.007568359375 -0.0955429077148437 0.0433273315429687
0.366668701171875 0.077484130859375 -0.137809753417969 0.0789718627929688
0.32086181640625 0.10809326171875 -0.129814147949219 0.0730743408203125
0.2772216796875 0.137847900390625 -0.1165771484375 0.0784683227539063
0.31475830078125 0.123504638671875 -0.0663948059082031 0.0665130615234375
0.304351806640625 0.090911865234375 -0.00747489929199217 0.0227127075195313
0.274322509765625 0.106903076171875 0.0195236206054688 -0.03741455078125
0.3101806640625 0.08905029296875 0.0703659057617188 -0.0889739990234375
0.31036376953125 0.0609130859375 0.1087646484375 -0.128959655761719
0.315338134765625 0.051605224609375 0.0875701904296875 -0.132820129394531
0.3310546875 -0.015594482421875 0.072998046875 -0.12420654296875
0.34674072265625 0.031768798828125 0.0948410034179688 -0.0840072631835938
0.362884521484375 -0.020660400390625 0.0405349731445313 -0.0772247314453125
0.329559326171875 -0.0662841796875 -0.0232162475585937 -0.0756683349609375
0.350341796875 -0.072052001953125 0.0416717529296875 0.02886962890625
0.33087158203125 -0.030487060546875 -0.00583600997924803 -0.00114917755126953
0.3651123046875 0.040771484375 -0.104637145996094 0.043121337890625
0.322784423828125 0.0682373046875 -0.137664794921875 0.04449462890625
0.282501220703125 0.100250244140625 -0.170013427734375 0.05535888671875
0.3154296875 0.088897705078125 -0.16314697265625 0.049072265625
0.292816162109375 0.067047119140625 -0.126052856445312 0.0129623413085937
0.261383056640625 0.0919342041015625 -0.0958480834960937 -0.0451202392578125
0.29052734375 0.08544921875 -0.0377120971679687 -0.0965194702148438
0.283233642578125 0.0693359375 0.0243072509765625 -0.141769409179688
0.287445068359375 0.07330322265625 0.0391921997070313 -0.140571594238281
0.30718994140625 0.0142822265625 0.070648193359375 -0.132858276367188
0.320831298828125 0.06048583984375 0.1343994140625 -0.101181030273438
0.344635009765625 0.00762939453125 0.124320983886719 -0.110893249511719
0.3172607421875 -0.048553466796875 0.0930328369140625 -0.0917587280273438
0.273788452148438 -0.065948486328125 0.140159606933594 -0.004547119140625
0.267333984375 -0.038116455078125 0.070465087890625 -0.046112060546875
0.292938232421875 0.0126953125 -0.0743331909179687 0.00350189208984375
0.258407592773437 0.0300140380859375 -0.143585205078125 0.021697998046875
0.2294921875 0.0540313720703125 -0.21270751953125 0.0417938232421875
0.258193969726562 0.048065185546875 -0.247756958007813 0.048583984375
0.231979370117188 0.0361785888671875 -0.229766845703125 0.0175018310546875
0.20916748046875 0.061492919921875 -0.194503784179688 -0.045867919921875
0.226959228515625 0.066864013671875 -0.128448486328125 -0.1068115234375
0.215087890625 0.060516357421875 -0.0448150634765625 -0.1578369140625
0.21624755859375 0.0732574462890625 0.00473022460937501 -0.145767211914063
0.233505249023438 0.0321197509765625 0.069854736328125 -0.1300048828125
0.244979858398437 0.0698089599609375 0.165191650390625 -0.0995941162109375
0.272735595703125 0.0273284912109375 0.195404052734375 -0.12127685546875
0.258087158203125 -0.030517578125 0.197723388671875 -0.09661865234375
0.15655517578125 -0.0443572998046875 0.210372924804688 -0.0319671630859375
0.160934448242188 -0.02435302734375 0.120132446289063 -0.078094482421875
0.172195434570312 0.003692626953125 -0.0530738830566406 -0.0276222229003906
0.15032958984375 0.0071868896484375 -0.146408081054687 0.010589599609375
0.134910583496094 0.0172119140625 -0.23822021484375 0.041748046875
0.156158447265625 0.012115478515625 -0.30303955078125 0.0631103515625
0.135139465332031 0.0085906982421875 -0.300140380859375 0.03436279296875
0.126029968261719 0.0219573974609375 -0.260940551757813 -0.039703369140625
0.136665344238281 0.0300521850585938 -0.189239501953125 -0.116775512695313
0.129814147949219 0.0288848876953125 -0.0871124267578125 -0.168853759765625
0.130050659179688 0.045867919921875 -0.0129241943359375 -0.149383544921875
0.141494750976563 0.0252838134765625 0.0724639892578125 -0.120803833007813
0.147918701171875 0.0514984130859375 0.180450439453125 -0.0878753662109375
0.1705322265625 0.0245819091796875 0.24383544921875 -0.114990234375
0.16302490234375 -0.0182342529296875 0.277389526367188 -0.0920867919921875
-0.0344123840332031 0.00489425659179687 -0.313873291015625 0.129058837890625
-0.0517349243164062 0.00924301147460936 -0.278854370117187 0.12481689453125
-0.0489921569824219 0.0102272033691406 -0.154983520507813 0.117355346679687
-0.0447235107421875 0.0207023620605469 -0.0913238525390625 0.153564453125
-0.0360336303710937 0.0189628601074219 0.0124969482421875 0.17486572265625
-0.0344676971435547 0.0187110900878906 0.13629150390625 0.173507690429688
-0.0146160125732422 0.0262222290039063 0.251510620117188 0.119003295898438
-0.0197067260742188 0.0225543975830078 0.300262451171875 0.03045654296875
-0.0235939025878906 0.0171051025390625 0.333251953125 -0.06353759765625
-0.0204658508300781 0.0151405334472656 0.32330322265625 -0.087677001953125
-0.0340213775634766 -0.00319671630859375 0.237869262695313 -0.102645874023438
-0.0360145568847656 -0.000942230224609371 0.127815246582031 -0.0510940551757813
-0.0399284362792969 -0.0165672302246094 0.0163354873657227 0.0173234939575195
-0.0386695861816406 -0.0137252807617188 -0.1295166015625 0.075775146484375
-0.0449790954589844 -0.00963973999023438 -0.257461547851563 0.0105438232421875
0.104049682617188 -0.0118255615234375 -0.311248779296875 0.123291015625
0.0625724792480469 0.0177040100097656 -0.277328491210938 0.113540649414062
0.0682716369628906 0.0489082336425781 -0.16668701171875 0.114242553710938
0.0509262084960938 0.0672264099121094 -0.0980224609375 0.140510559082031
0.0464401245117188 0.0750885009765625 0.00112915039062502 0.162643432617188
0.0692138671875 0.0704879760742188 0.126312255859375 0.160415649414062
0.0955810546875 0.0607376098632813 0.241928100585938 0.101272583007813
0.0874099731445313 0.0595016479492188 0.28521728515625 0.01123046875
0.101364135742187 0.0418472290039062 0.32073974609375 -0.081085205078125
0.103462219238281 0.0244522094726563 0.31256103515625 -0.10675048828125
0.0914993286132813 -0.000518798828125 0.22265625 -0.113906860351563
0.09326171875 -0.0247573852539063 0.115188598632813 -0.065460205078125
0.0999298095703125 -0.0206451416015625 0.0199375152587891 0.00921821594238281
0.1060791015625 -0.0377349853515625 -0.1246337890625 0.0642471313476563
0.0875396728515625 -0.0428314208984375 -0.255264282226563 0.00492858886718752
0.231063842773438 -0.0319671630859375 -0.266403198242188 0.115936279296875
0.179046630859375 0.0186920166015625 -0.248489379882813 0.104110717773438
0.192230224609375 0.0793609619140625 -0.173995971679688 0.115798950195312
0.157791137695313 0.106643676757813 -0.110061645507812 0.128608703613281
0.137428283691406 0.123191833496094 -0.02392578125 0.143325805664062
0.17413330078125 0.11029052734375 0.0896377563476563 0.13519287109375
0.195877075195312 0.0856170654296875 0.192230224609375 0.0750274658203125
0.182830810546875 0.0867156982421875 0.227081298828125 -0.0110626220703125
0.212493896484375 0.0601043701171875 0.2677001953125 -0.0921630859375
0.213546752929688 0.0296783447265625 0.2694091796875 -0.122665405273438
0.206817626953125 0.004302978515625 0.188430786132813 -0.128158569335938
0.211517333984375 -0.04449462890625 0.100875854492188 -0.0884552001953125
0.226577758789062 -0.021820068359375 0.0353584289550781 -0.0205650329589844
0.234375 -0.055877685546875 -0.0915985107421875 0.0253753662109375
0.206832885742187 -0.070770263671875 -0.20953369140625 -0.017303466796875
0.32696533203125 -0.0543212890625 -0.184402465820312 0.096282958984375
0.280364990234375 0.0052642822265625 -0.188827514648437 0.08489990234375
0.30877685546875 0.084564208984375 -0.165084838867187 0.11260986328125
0.26300048828125 0.119064331054688 -0.123077392578125 0.111854553222656
0.227218627929687 0.14471435546875 -0.06549072265625 0.118499755859375
0.267410278320313 0.126373291015625 0.023712158203125 0.104408264160156
0.2747802734375 0.0937042236328125 0.10723876953125 0.0454254150390625
0.253616333007813 0.101028442382813 0.133514404296875 -0.0289840698242187
0.290985107421875 0.07196044921875 0.179534912109375 -0.097442626953125
0.291015625 0.0386962890625 0.197845458984375 -0.134063720703125
0.29058837890625 0.018096923828125 0.141189575195313 -0.139785766601562
0.29913330078125 -0.0479736328125 0.0860214233398438 -0.115562438964844
0.3197021484375 -0.00921630859375 0.0641403198242188 -0.0604896545410156
0.329925537109375 -0.056396484375 -0.034027099609375 -0.0295925140380859
0.293670654296875 -0.08282470703125 -0.128280639648437 -0.04559326171875
0.373138427734375 -0.075531005859375 -0.0768966674804687 0.066925048828125
0.339630126953125 -0.020660400390625 -0.104911804199219 0.0502777099609375
0.37982177734375 0.060333251953125 -0.141082763671875 0.0921478271484375
0.3319091796875 0.097442626953125 -0.1365966796875 0.08734130859375
0.287017822265625 0.131805419921875 -0.120826721191406 0.091796875
0.32501220703125 0.113861083984375 -0.0681381225585937 0.0777740478515625
0.3133544921875 0.082672119140625 -0.00757789611816405 0.0263710021972656
0.2841796875 0.099853515625 0.0180473327636719 -0.0396041870117187
0.3216552734375 0.07965087890625 0.0706634521484375 -0.0986709594726563
0.317474365234375 0.052215576171875 0.109268188476563 -0.143646240234375
0.322235107421875 0.041595458984375 0.0869293212890625 -0.146865844726563
0.33624267578125 -0.029296875 0.0749664306640625 -0.136184692382813
0.3582763671875 0.018035888671875 0.100799560546875 -0.0974273681640625
0.373565673828125 -0.03656005859375 0.0446243286132813 -0.0848312377929688
0.335784912109375 -0.07794189453125 -0.0201339721679687 -0.0757827758789063
0.35430908203125 -0.08721923828125 0.0369224548339844 0.0287017822265625
0.33612060546875 -0.0440673828125 -0.0150556564331054 0.00136661529541015
0.378265380859375 0.024322509765625 -0.1107177734375 0.0551834106445313
0.3338623046875 0.05621337890625 -0.14764404296875 0.05780029296875
0.291534423828125 0.092132568359375 -0.177383422851562 0.068939208984375
0.325927734375 0.078460693359375 -0.168106079101562 0.06341552734375
0.30133056640625 0.05828857421875 -0.12969970703125 0.0196075439453125
0.270736694335938 0.0834197998046875 -0.100608825683594 -0.0428237915039063
0.299896240234375 0.076629638671875 -0.040374755859375 -0.102333068847656
0.28936767578125 0.06036376953125 0.0206146240234375 -0.15435791015625
0.293792724609375 0.06268310546875 0.0366058349609375 -0.152313232421875
0.3128662109375 0.000396728515625 0.0701141357421875 -0.144561767578125
0.33203125 0.048675537109375 0.139495849609375 -0.11688232421875
0.353790283203125 -0.006591796875 0.127693176269531 -0.123023986816406
0.323577880859375 -0.06072998046875 0.0976409912109375 -0.0972137451171875
0.277603149414063 -0.0780487060546875 0.136734008789063 -0.00975799560546876
0.27215576171875 -0.0493316650390625 0.0619697570800781 -0.0481643676757813
0.303741455078125 -0.001007080078125 -0.0821990966796875 0.0113449096679688
0.267913818359375 0.01922607421875 -0.155014038085937 0.0348663330078125
0.236862182617187 0.0471649169921875 -0.222412109375 0.0583648681640625
0.266250610351563 0.0381622314453125 -0.2542724609375 0.0658416748046875
0.23870849609375 0.0287933349609375 -0.235977172851562 0.028594970703125
0.216140747070313 0.0545196533203125 -0.200439453125 -0.0405426025390625
0.234390258789062 0.0589599609375 -0.133689880371094 -0.109527587890625
0.220123291015625 0.053131103515625 -0.04962158203125 -0.166549682617188
0.221954345703125 0.0654296875 0.000854492187500015 -0.156875610351563
0.239105224609375 0.0221710205078125 0.070068359375 -0.141326904296875
0.253692626953125 0.061248779296875 0.169097900390625 -0.11614990234375
0.2813720703125 0.0159912109375 0.199249267578125 -0.13580322265625
0.26409912109375 -0.0392913818359375 0.204940795898438 -0.106124877929688
0.159439086914063 -0.0510406494140625 0.2080078125 -0.0394439697265625
0.164535522460938 -0.0319671630859375 0.112503051757813 -0.0823593139648438
0.179656982421875 -0.0043182373046875 -0.0622024536132812 -0.0211906433105469
0.156784057617188 9.1552734375E-05 -0.158721923828125 0.0234222412109375
0.138801574707031 0.0128707885742188 -0.24951171875 0.0583343505859374
0.1614990234375 0.0057830810546875 -0.310791015625 0.0814208984375
0.139389038085937 0.00351715087890625 -0.30877685546875 0.048675537109375
0.130363464355469 0.0167083740234375 -0.268539428710938 -0.0323333740234375
0.140625 0.02398681640625 -0.196151733398438 -0.116363525390625
0.131843566894531 0.0239715576171875 -0.094970703125 -0.176956176757812
0.134292602539062 0.0405960083007812 -0.017242431640625 -0.1583251953125
0.14501953125 0.0192718505859375 0.0715484619140625 -0.131889343261719
0.154464721679688 0.0459442138671875 0.185470581054688 -0.104263305664063
0.17657470703125 0.01776123046875 0.248077392578125 -0.13128662109375
0.166427612304688 -0.0248260498046875 0.28448486328125 -0.10260009765625
-0.0356941223144531 0.00795745849609374 -0.313629150390625 0.145843505859375
-0.0526046752929688 0.0127639770507812 -0.274551391601563 0.1455078125
-0.0512771606445313 0.0114402770996094 -0.151092529296875 0.130767822265625
-0.0442428588867187 0.0220489501953125 -0.0834808349609375 0.166183471679688
-0.0352935791015625 0.0219459533691406 0.021728515625 0.18218994140625
-0.0330429077148438 0.022796630859375 0.146286010742188 0.174331665039063
-0.0126457214355469 0.0278606414794922 0.259246826171875 0.10992431640625
-0.0182647705078125 0.0252151489257812 0.302642822265625 0.01611328125
-0.0223026275634766 0.0188369750976563 0.33477783203125 -0.08380126953125
-0.0174989700317383 0.017181396484375 0.326385498046875 -0.11077880859375
-0.0343856811523438 0.000331878662109372 0.239471435546875 -0.121719360351562
-0.0358123779296875 0.00125503540039062 0.133094787597656 -0.0653915405273438
-0.0408515930175781 -0.0141181945800781 0.024200439453125 0.0111484527587891
-0.0395278930664063 -0.0120391845703125 -0.119132995605469 0.0793991088867188
-0.0462532043457031 -0.00811386108398437 -0.253158569335938 0.0210723876953125
0.10150146484375 -0.017333984375 -0.311431884765625 0.139801025390625
0.05963134765625 0.0149002075195313 -0.274581909179688 0.131393432617188
0.0676460266113281 0.044342041015625 -0.16204833984375 0.12823486328125
0.0531234741210938 0.0648994445800781 -0.0928802490234375 0.155197143554688
0.0484237670898438 0.0719146728515625 0.00848388671874999 0.16937255859375
0.073150634765625 0.0699234008789063 0.134765625 0.158737182617188
0.0996246337890625 0.0569534301757813 0.247390747070313 0.0919342041015625
0.090087890625 0.0574569702148438 0.287139892578125 -0.00537109375
0.105369567871094 0.0368423461914063 0.320831298828125 -0.099456787109375
0.106086730957031 0.0203933715820313 0.313140869140625 -0.128662109375
0.0913467407226563 -0.00205230712890625 0.22320556640625 -0.134979248046875
0.09271240234375 -0.0301971435546875 0.119941711425781 -0.07818603515625
0.100296020507813 -0.027801513671875 0.0306453704833984 0.0039520263671875
0.103439331054688 -0.0446243286132813 -0.114242553710938 0.06707763671875
0.0865478515625 -0.0467376708984375 -0.249038696289063 0.016326904296875
0.22705078125 -0.04364013671875 -0.267059326171875 0.129867553710938
0.175750732421875 0.011566162109375 -0.248306274414063 0.121170043945312
0.194503784179687 0.067291259765625 -0.170562744140625 0.130218505859375
0.1612548828125 0.097930908203125 -0.105575561523437 0.144515991210938
0.142440795898438 0.115447998046875 -0.018829345703125 0.152389526367188
0.180892944335938 0.103668212890625 0.0959701538085938 0.13800048828125
0.199676513671875 0.076873779296875 0.197463989257813 0.0656890869140625
0.186981201171875 0.0790863037109375 0.227493286132812 -0.02410888671875
0.218795776367188 0.050811767578125 0.266494750976563 -0.11016845703125
0.216964721679688 0.020965576171875 0.268081665039063 -0.146682739257813
0.207260131835938 -0.0042877197265625 0.185134887695313 -0.146942138671875
0.209625244140625 -0.057464599609375 0.102836608886719 -0.10260009765625
0.228744506835938 -0.0343017578125 0.0430870056152344 -0.0289955139160156
0.234344482421875 -0.070281982421875 -0.082366943359375 0.0245285034179688
0.204208374023438 -0.07940673828125 -0.20574951171875 -0.00784301757812498
0.323577880859375 -0.07098388671875 -0.18719482421875 0.107025146484375
0.277786254882813 -0.0075531005859375 -0.19207763671875 0.0996246337890625
0.311553955078125 0.06427001953125 -0.163314819335937 0.126907348632813
0.269180297851563 0.102142333984375 -0.123199462890625 0.126449584960938
0.2332763671875 0.133834838867188 -0.0629119873046875 0.130897521972656
0.273178100585938 0.111709594726563 0.0283737182617188 0.111900329589844
0.280029296875 0.08062744140625 0.109642028808594 0.0434646606445313
0.258087158203125 0.087738037109375 0.1331787109375 -0.0386581420898438
0.29620361328125 0.057769775390625 0.17523193359375 -0.112060546875
0.29180908203125 0.025421142578125 0.195144653320313 -0.153671264648438
0.29022216796875 0.00469970703125 0.136627197265625 -0.1558837890625
0.297607421875 -0.064910888671875 0.0870895385742188 -0.129058837890625
0.32171630859375 -0.026641845703125 0.0680618286132813 -0.0725555419921875
0.329803466796875 -0.075225830078125 -0.0272998809814453 -0.033376693725586
0.291778564453125 -0.097930908203125 -0.124961853027344 -0.0397720336914063
0.368804931640625 -0.09637451171875 -0.0800857543945312 0.0716629028320313
0.33612060546875 -0.0362548828125 -0.110008239746094 0.0600967407226563
0.3837890625 0.036041259765625 -0.141357421875 0.106842041015625
0.33807373046875 0.07757568359375 -0.139472961425781 0.103256225585937
0.29400634765625 0.118408203125 -0.121696472167969 0.107322692871094
0.33074951171875 0.097015380859375 -0.0660400390625 0.0905685424804688
0.31939697265625 0.067291259765625 -0.00701332092285154 0.02783203125
0.288238525390625 0.086334228515625 0.0153045654296875 -0.0421981811523437
0.326263427734375 0.063232421875 0.066253662109375 -0.108932495117187
0.317718505859375 0.036376953125 0.104034423828125 -0.158950805664063
0.323455810546875 0.026123046875 0.0806427001953125 -0.160934448242188
0.3355712890625 -0.047637939453125 0.073577880859375 -0.14794921875
0.36199951171875 -0.00128173828125 0.102020263671875 -0.112022399902344
0.373199462890625 -0.05859375 0.0463104248046875 -0.094024658203125
0.333038330078125 -0.09423828125 -0.0178909301757812 -0.0760650634765625
0.350830078125 -0.1064453125 0.0310859680175781 0.0276985168457031
0.33489990234375 -0.062225341796875 -0.0245819091796875 0.00569915771484374
0.3829345703125 3.0517578125E-05 -0.113639831542969 0.0681686401367188
0.337799072265625 0.03570556640625 -0.15240478515625 0.075836181640625
0.298675537109375 0.076995849609375 -0.179641723632813 0.0880889892578125
0.3302001953125 0.060882568359375 -0.168075561523438 0.0812530517578125
0.305938720703125 0.04376220703125 -0.131317138671875 0.0292816162109375
0.274871826171875 0.0704345703125 -0.10308837890625 -0.0393753051757812
0.30596923828125 0.060150146484375 -0.0445938110351562 -0.106002807617188
0.290252685546875 0.04534912109375 0.0149688720703125 -0.165130615234375
0.29541015625 0.0472412109375 0.028778076171875 -0.164154052734375
0.31182861328125 -0.0164794921875 0.0668792724609375 -0.157379150390625
0.3355712890625 0.03033447265625 0.138473510742188 -0.133430480957031
0.355682373046875 -0.025482177734375 0.127540588378906 -0.1348876953125
0.320465087890625 -0.0767822265625 0.0981216430664063 -0.103912353515625
0.27459716796875 -0.09234619140625 0.130615234375 -0.0176467895507813
0.269882202148438 -0.0644683837890625 0.052154541015625 -0.0481681823730469
0.307373046875 -0.021026611328125 -0.0870742797851562 0.0239334106445313
0.272384643554688 0.0026092529296875 -0.16265869140625 0.0525054931640625
0.24053955078125 0.035797119140625 -0.22698974609375 0.07830810546875
0.267959594726563 0.0215301513671875 -0.25482177734375 0.0874481201171876
0.242233276367188 0.0174407958984375 -0.238021850585937 0.044586181640625
0.216842651367187 0.0442352294921875 -0.203277587890625 -0.0292816162109375
0.238204956054688 0.0463409423828125 -0.137123107910156 -0.107414245605469
0.221160888671875 0.041046142578125 -0.05804443359375 -0.17291259765625
0.223281860351563 0.0525665283203125 -0.00617980957031247 -0.164596557617188
0.239593505859375 0.0063018798828125 0.063507080078125 -0.152374267578125
0.25750732421875 0.0477447509765625 0.166259765625 -0.133468627929688
0.284149169921875 0.001312255859375 0.195144653320313 -0.15283203125
0.262710571289063 -0.0522918701171875 0.20318603515625 -0.115570068359375
0.158294677734375 -0.05938720703125 0.20050048828125 -0.0510406494140625
0.162460327148438 -0.040557861328125 0.101325988769531 -0.0858383178710938
0.181838989257813 -0.017120361328125 -0.0706634521484375 -0.0108489990234375
0.158920288085938 -0.0104217529296875 -0.166580200195312 0.040618896484375
0.140060424804688 0.0058135986328125 -0.253280639648438 0.07965087890625
0.165237426757813 -0.0048370361328125 -0.312347412109375 0.105804443359375
0.13958740234375 -0.00392913818359375 -0.31097412109375 0.068084716796875
0.130653381347656 0.00917816162109375 -0.271636962890625 -0.0167236328125
0.142044067382813 0.0158538818359375 -0.202301025390625 -0.111282348632812
0.131828308105469 0.0176467895507812 -0.102783203125 -0.179611206054687
0.135612487792969 0.0331954956054688 -0.02435302734375 -0.16436767578125
0.146453857421875 0.0098876953125 0.0682373046875 -0.143020629882813
0.15838623046875 0.037139892578125 0.182403564453125 -0.123321533203125
0.178298950195313 0.0067138671875 0.2431640625 -0.151077270507813
0.164749145507813 -0.033050537109375 0.28387451171875 -0.1177978515625
-0.0373344421386719 0.00951004028320312 -0.305023193359375 0.1591796875
-0.0552558898925781 0.0177879333496094 -0.264129638671875 0.1551513671875
-0.0509414672851563 0.016815185546875 -0.140472412109375 0.141357421875
-0.0429725646972656 0.0248489379882813 -0.0759735107421875 0.1754150390625
-0.0318317413330078 0.0253257751464844 0.0278167724609375 0.180130004882813
-0.0311241149902344 0.0243206024169922 0.151046752929688 0.171295166015625
-0.00986480712890625 0.0275077819824219 0.260391235351563 0.102676391601563
-0.0172328948974609 0.0272922515869141 0.298187255859375 0.000244140625000002
-0.0190887451171875 0.0222225189208984 0.32568359375 -0.0999755859375
-0.0137081146240234 0.0198020935058594 0.32257080078125 -0.13116455078125
-0.0319766998291016 0.00279808044433594 0.232986450195312 -0.13848876953125
-0.0359535217285156 0.00543975830078125 0.134681701660156 -0.0770263671875
-0.0428504943847656 -0.00907897949218751 0.0340614318847656 0.00354957580566406
-0.0422935485839844 -0.00800704956054688 -0.104629516601563 0.07958984375
-0.0466804504394531 -0.00436019897460937 -0.236465454101563 0.0311126708984375
0.092529296875 -0.0220947265625 -0.30426025390625 0.152374267578125
0.0608177185058594 0.0127220153808594 -0.263076782226562 0.147125244140625
0.0661659240722656 0.037872314453125 -0.15570068359375 0.1373291015625
0.0504646301269531 0.0597496032714844 -0.0849761962890625 0.163253784179687
0.0543594360351563 0.0686988830566406 0.0126953125 0.173736572265625
0.073089599609375 0.0600357055664063 0.134658813476563 0.153717041015625
0.0984649658203125 0.0527877807617188 0.247512817382812 0.081573486328125
0.0941848754882813 0.0532760620117188 0.2825927734375 -0.020172119140625
0.105979919433594 0.0298919677734375 0.313232421875 -0.118988037109375
0.104118347167969 0.0195770263671875 0.303619384765625 -0.150390625
0.0923843383789063 -0.00252532958984375 0.214065551757812 -0.15087890625
0.0863189697265625 -0.03314208984375 0.122764587402344 -0.0928497314453125
0.0953903198242188 -0.0326614379882813 0.0384330749511719 -0.00323486328125
0.102516174316406 -0.0476455688476563 -0.100982666015625 0.0661697387695312
0.0822219848632813 -0.046844482421875 -0.236618041992188 0.02099609375
0.221633911132813 -0.0553436279296875 -0.265609741210938 0.140335083007813
0.171859741210938 0.0005035400390625 -0.24066162109375 0.138702392578125
0.190460205078125 0.0545501708984375 -0.160598754882812 0.140518188476563
0.159011840820312 0.08380126953125 -0.0973358154296875 0.151275634765625
0.146270751953125 0.106231689453125 -0.0116729736328125 0.158370971679688
0.17755126953125 0.09283447265625 0.0988616943359375 0.138145446777344
0.203125 0.0670928955078125 0.196792602539063 0.059844970703125
0.187530517578125 0.0713653564453125 0.220443725585937 -0.0326995849609375
0.217376708984375 0.0370330810546875 0.253829956054688 -0.124740600585938
0.213958740234375 0.009368896484375 0.259078979492188 -0.160415649414063
0.205474853515625 -0.00958251953125 0.176834106445313 -0.161575317382813
0.206405639648438 -0.06622314453125 0.101142883300781 -0.116539001464844
0.221176147460938 -0.049530029296875 0.0458412170410156 -0.0397300720214844
0.225326538085938 -0.0788421630859375 -0.0743789672851562 0.0214462280273438
0.201889038085938 -0.0882415771484375 -0.192001342773438 7.62939453124939E-05
0.314208984375 -0.0819091796875 -0.185577392578125 0.111190795898438
0.265609741210938 -0.0210723876953125 -0.188430786132813 0.113006591796875
0.305206298828125 0.04644775390625 -0.153549194335937 0.13702392578125
0.265289306640625 0.084503173828125 -0.119728088378906 0.139152526855469
0.231399536132813 0.120437622070313 -0.0591583251953125 0.143142700195313
0.267913818359375 0.0955352783203125 0.0324783325195313 0.118179321289063
0.277206420898437 0.069122314453125 0.107810974121094 0.0392608642578125
0.25408935546875 0.0785980224609375 0.126472473144531 -0.0449295043945313
0.2919921875 0.043548583984375 0.16790771484375 -0.127731323242188
0.286895751953125 0.0157470703125 0.185897827148438 -0.1700439453125
0.282012939453125 -0.005157470703125 0.130706787109375 -0.17047119140625
0.290130615234375 -0.075927734375 0.0842666625976563 -0.137321472167969
0.315765380859375 -0.04266357421875 0.0725860595703125 -0.0850906372070313
0.321563720703125 -0.088897705078125 -0.0221748352050781 -0.038116455078125
0.28173828125 -0.109649658203125 -0.11962890625 -0.0368270874023438
0.35455322265625 -0.107330322265625 -0.0844802856445312 0.0740203857421875
0.3243408203125 -0.050323486328125 -0.11578369140625 0.0695114135742188
0.37554931640625 0.01556396484375 -0.134712219238281 0.118949890136719
0.33245849609375 0.05792236328125 -0.135223388671875 0.120162963867188
0.29241943359375 0.103851318359375 -0.117042541503906 0.120750427246094
0.3253173828125 0.079681396484375 -0.0597381591796875 0.09930419921875
0.314544677734375 0.0543212890625 -0.00617599487304685 0.0294265747070313
0.284515380859375 0.07244873046875 0.0126075744628906 -0.0441246032714844
0.32501220703125 0.046630859375 0.06268310546875 -0.114791870117187
0.3128662109375 0.0247802734375 0.094024658203125 -0.1688232421875
0.316741943359375 0.011962890625 0.076385498046875 -0.1693115234375
0.3265380859375 -0.0648193359375 0.06756591796875 -0.15789794921875
0.354339599609375 -0.02239990234375 0.10028076171875 -0.126785278320313
0.36029052734375 -0.075347900390625 0.0473175048828125 -0.100189208984375
0.324462890625 -0.107818603515625 -0.0150680541992187 -0.0736007690429688
0.33941650390625 -0.118255615234375 0.0257530212402344 0.0272541046142578
0.323089599609375 -0.072906494140625 -0.0315113067626953 0.00828933715820312
0.376251220703125 -0.0211181640625 -0.111854553222656 0.0808181762695313
0.3333740234375 0.016571044921875 -0.150833129882812 0.0894927978515625
0.297698974609375 0.063812255859375 -0.177764892578125 0.104934692382812
0.321502685546875 0.0433349609375 -0.1611328125 0.09637451171875
0.301177978515625 0.029571533203125 -0.12664794921875 0.0359420776367188
0.271896362304688 0.056427001953125 -0.102317810058594 -0.0344390869140625
0.299530029296875 0.045379638671875 -0.0478363037109375 -0.107429504394531
0.2861328125 0.035858154296875 0.00761413574218753 -0.170562744140625
0.287445068359375 0.034698486328125 0.02337646484375 -0.171783447265625
0.3031005859375 -0.030487060546875 0.0593719482421875 -0.166671752929688
0.330291748046875 0.0107421875 0.136260986328125 -0.148956298828125
0.3463134765625 -0.042266845703125 0.121383666992188 -0.147171020507813
0.3134765625 -0.089080810546875 0.0972900390625 -0.106224060058594
0.270156860351563 -0.103240966796875 0.119033813476563 -0.0207061767578125
0.260116577148438 -0.075439453125 0.0400962829589844 -0.0478134155273438
0.30029296875 -0.039825439453125 -0.0924835205078125 0.0355987548828125
0.267990112304688 -0.0115966796875 -0.163726806640625 0.067352294921875
0.23883056640625 0.026763916015625 -0.22137451171875 0.0982055664062501
0.262664794921875 0.00677490234375 -0.248550415039063 0.105178833007812
0.236434936523437 0.0037078857421875 -0.231292724609375 0.0577545166015625
0.218582153320313 0.0332794189453125 -0.202377319335938 -0.0205841064453125
0.2333984375 0.0335693359375 -0.136642456054687 -0.104316711425781
0.216537475585937 0.02880859375 -0.0629119873046875 -0.175064086914063
0.219635009765625 0.039337158203125 -0.0145721435546875 -0.167312622070313
0.231063842773437 -0.0056610107421875 0.0566253662109375 -0.161087036132813
0.253631591796875 0.0298309326171875 0.160690307617188 -0.1474609375
0.27862548828125 -0.0134735107421875 0.187606811523438 -0.162460327148438
0.25640869140625 -0.061065673828125 0.200851440429688 -0.123580932617187
0.155319213867188 -0.0673828125 0.190811157226563 -0.0570220947265625
0.160507202148437 -0.046295166015625 0.0900650024414063 -0.0829086303710938
0.179962158203125 -0.0270843505859375 -0.0729141235351563 0.000457763671874985
0.156768798828125 -0.01971435546875 -0.16900634765625 0.05865478515625
0.138389587402344 -6.866455078125E-05 -0.248306274414062 0.098541259765625
0.162216186523438 -0.015594482421875 -0.30023193359375 0.12506103515625
0.137626647949219 -0.012939453125 -0.302154541015625 0.08544921875
0.130096435546875 0.00397491455078125 -0.263870239257812 -0.00376892089843745
0.139503479003906 0.0067596435546875 -0.201187133789063 -0.103378295898438
0.126129150390625 0.00960540771484375 -0.108978271484375 -0.178512573242188
0.130973815917969 0.0270462036132813 -0.0323486328125 -0.166839599609375
0.139564514160156 0.00052642822265625 0.058746337890625 -0.150283813476563
0.158782958984375 0.0277252197265625 0.173294067382813 -0.13763427734375
0.176528930664063 -0.0017547607421875 0.233901977539063 -0.165283203125
0.163543701171875 -0.0388946533203125 0.278274536132812 -0.131820678710937
-0.0365028381347656 0.0101890563964844 -0.30145263671875 0.160430908203125
-0.0527458190917969 0.0202713012695313 -0.255569458007813 0.16656494140625
-0.0507240295410156 0.0162124633789063 -0.1336669921875 0.144500732421875
-0.0415763854980469 0.02581787109375 -0.0655059814453125 0.179244995117188
-0.0303382873535156 0.0245399475097656 0.030517578125 0.18487548828125
-0.0250759124755859 0.0255031585693359 0.149017333984375 0.169403076171875
-0.00711631774902343 0.0296516418457031 0.25653076171875 0.0936737060546875
-0.0112190246582031 0.0286769866943359 0.29058837890625 -0.00689697265625
-0.0166358947753906 0.0238533020019531 0.317626953125 -0.108428955078125
-0.0134487152099609 0.0198421478271484 0.311798095703125 -0.13800048828125
-0.0332927703857422 0.00713920593261719 0.229202270507813 -0.149520874023438
-0.0353736877441406 0.00796890258789063 0.135505676269531 -0.0903396606445313
-0.0423774719238281 -0.0100364685058594 0.0416069030761719 -0.0050811767578125
-0.0428123474121094 -0.00538253784179688 -0.0935821533203125 0.0734405517578125
-0.0466041564941406 -0.00239181518554687 -0.226287841796875 0.03192138671875
0.0935287475585938 -0.0221328735351563 -0.298065185546875 0.155303955078125
0.0536727905273438 0.0146141052246094 -0.256118774414062 0.155136108398438
0.0616645812988281 0.0354957580566406 -0.147186279296875 0.142333984375
0.052764892578125 0.0542945861816406 -0.0770111083984375 0.167251586914063
0.0505332946777344 0.0664634704589844 0.01800537109375 0.17864990234375
0.074432373046875 0.0595321655273438 0.134674072265625 0.1556396484375
0.0990219116210938 0.0495147705078125 0.242584228515625 0.0751800537109375
0.0917587280273438 0.0519561767578125 0.271133422851563 -0.025634765625
0.106231689453125 0.029998779296875 0.3013916015625 -0.129486083984375
0.103065490722656 0.0126800537109375 0.296356201171875 -0.159698486328125
0.0885391235351563 -0.00537872314453125 0.212539672851562 -0.160781860351562
0.085723876953125 -0.03466796875 0.118698120117188 -0.103675842285156
0.0956268310546875 -0.0334320068359375 0.0438346862792969 -0.0178146362304688
0.0983505249023438 -0.0522308349609375 -0.0896072387695313 0.0605087280273438
0.0779190063476563 -0.0481033325195313 -0.22479248046875 0.0260162353515625
0.210220336914063 -0.0545806884765625 -0.260726928710938 0.143905639648437
0.162490844726563 0.0008087158203125 -0.239791870117187 0.142623901367188
0.18341064453125 0.0456390380859375 -0.15203857421875 0.146133422851563
0.155670166015625 0.0765838623046875 -0.0930023193359374 0.157806396484375
0.140914916992188 0.100677490234375 -0.01055908203125 0.163055419921875
0.172393798828125 0.0849761962890625 0.09857177734375 0.142333984375
0.199188232421875 0.061920166015625 0.193145751953125 0.054351806640625
0.18328857421875 0.0668792724609375 0.211822509765625 -0.0410614013671875
0.2130126953125 0.0336761474609375 0.245925903320313 -0.13702392578125
0.208663940429688 0.008941650390625 0.250686645507813 -0.173324584960938
0.195770263671875 -0.0135345458984375 0.174484252929688 -0.171310424804687
0.196182250976563 -0.07220458984375 0.101249694824219 -0.124984741210938
0.217254638671875 -0.052337646484375 0.0532035827636719 -0.0512123107910156
0.218307495117187 -0.085540771484375 -0.064697265625 0.0159339904785156
0.192123413085938 -0.08837890625 -0.185256958007813 -0.00134277343750004
0.3016357421875 -0.088226318359375 -0.18798828125 0.116592407226563
0.258056640625 -0.0225372314453125 -0.18707275390625 0.117431640625
0.29534912109375 0.035614013671875 -0.149246215820312 0.144851684570313
0.2581787109375 0.0755615234375 -0.112945556640625 0.149703979492187
0.227310180664062 0.112564086914063 -0.0555267333984375 0.148712158203125
0.262313842773438 0.087921142578125 0.03436279296875 0.123184204101563
0.270980834960938 0.0601806640625 0.106552124023438 0.036773681640625
0.251174926757813 0.071136474609375 0.120933532714844 -0.0466232299804687
0.287689208984375 0.037078857421875 0.162002563476563 -0.13214111328125
0.279708862304688 0.008148193359375 0.17791748046875 -0.179275512695313
0.275405883789063 -0.0126190185546875 0.122024536132813 -0.176498413085938
0.278823852539063 -0.0843048095703125 0.0805511474609375 -0.148651123046875
0.308013916015625 -0.050750732421875 0.072296142578125 -0.09759521484375
0.309356689453125 -0.0980224609375 -0.0172615051269531 -0.04486083984375
0.2734375 -0.10992431640625 -0.111160278320312 -0.0361862182617188
0.344970703125 -0.11468505859375 -0.0894851684570312 0.0772933959960938
0.3138427734375 -0.054931640625 -0.116470336914062 0.0759201049804688
0.366729736328125 0.000823974609375 -0.132659912109375 0.126457214355469
0.323455810546875 0.04669189453125 -0.133750915527344 0.130409240722656
0.2850341796875 0.09381103515625 -0.113800048828125 0.13153076171875
0.315673828125 0.067413330078125 -0.0563583374023438 0.107475280761719
0.307342529296875 0.043609619140625 -0.00507545471191405 0.0318832397460938
0.27813720703125 0.062835693359375 0.00976181030273439 -0.0437393188476562
0.316375732421875 0.036773681640625 0.0556869506835938 -0.120903015136719
0.3038330078125 0.01568603515625 0.0872039794921875 -0.177398681640625
0.30438232421875 0.00628662109375 0.0665283203125 -0.176727294921875
0.314483642578125 -0.0704345703125 0.064483642578125 -0.165786743164063
0.345855712890625 -0.03045654296875 0.0995330810546875 -0.136985778808594
0.35260009765625 -0.084381103515625 0.0452651977539063 -0.107276916503906
0.311187744140625 -0.109954833984375 -0.0115585327148437 -0.07391357421875
0.330780029296875 -0.123077392578125 0.0152606964111328 0.0284786224365234
0.311248779296875 -0.07940673828125 -0.0390739440917969 0.0178146362304688
0.363739013671875 -0.032989501953125 -0.110641479492187 0.0897216796875
0.32611083984375 0.00543212890625 -0.1505126953125 0.10675048828125
0.28961181640625 0.05548095703125 -0.173751831054687 0.117034912109375
0.317779541015625 0.03326416015625 -0.15460205078125 0.105621337890625
0.29449462890625 0.02032470703125 -0.125236511230469 0.0435333251953125
0.265182495117188 0.048828125 -0.100303649902344 -0.0314178466796875
0.295196533203125 0.03570556640625 -0.0479049682617187 -0.110458374023438
0.27716064453125 0.025634765625 0.000366210937500026 -0.175064086914063
0.27978515625 0.027618408203125 0.017974853515625 -0.175552368164063
0.291259765625 -0.0400390625 0.054351806640625 -0.173782348632813
0.3212890625 0.00274658203125 0.129867553710938 -0.15802001953125
0.335845947265625 -0.051727294921875 0.115188598632813 -0.152679443359375
0.3018798828125 -0.092132568359375 0.0944442749023438 -0.106430053710938
0.259719848632812 -0.10687255859375 0.106468200683594 -0.0193328857421875
0.254165649414063 -0.079681396484375 0.0275115966796875 -0.0408897399902344
0.294464111328125 -0.049468994140625 -0.091583251953125 0.045806884765625
0.2613525390625 -0.02197265625 -0.164352416992187 0.0833740234375
0.23236083984375 0.0191802978515625 -0.2171630859375 0.11187744140625
0.25872802734375 -0.0014190673828125 -0.240386962890625 0.116943359375
0.230499267578125 -0.0047149658203125 -0.225784301757812 0.0671844482421875
0.209259033203125 0.02734375 -0.193923950195313 -0.014068603515625
0.229415893554687 0.0256195068359375 -0.138031005859375 -0.104873657226562
0.2076416015625 0.0229339599609375 -0.0682525634765625 -0.179656982421875
0.213119506835938 0.0339202880859375 -0.0199127197265625 -0.171218872070313
0.2242431640625 -0.0129547119140625 0.05352783203125 -0.16680908203125
0.249588012695313 0.022796630859375 0.153060913085938 -0.157241821289063
0.270538330078125 -0.0241546630859375 0.179428100585938 -0.172164916992188
0.2447509765625 -0.0663299560546875 0.195892333984375 -0.125656127929688
0.152816772460938 -0.0666961669921875 0.175735473632813 -0.0541534423828125
0.154434204101563 -0.0519256591796875 0.0736770629882813 -0.0801239013671875
0.1761474609375 -0.0353851318359375 -0.0796051025390625 0.0104217529296875
0.151214599609375 -0.0254364013671875 -0.170211791992187 0.0737457275390625
0.134078979492188 -0.00637054443359375 -0.245956420898438 0.111953735351563
0.155410766601563 -0.0207366943359375 -0.2939453125 0.138275146484375
0.133163452148438 -0.0164337158203125 -0.295166015625 0.093994140625
0.124656677246094 -0.00231170654296875 -0.25946044921875 0.00160217285156248
0.135429382324219 0.00250244140625 -0.197906494140625 -0.1016845703125
0.122062683105469 0.00482177734375 -0.112960815429688 -0.177688598632813
0.127685546875 0.0185394287109375 -0.0348968505859375 -0.17236328125
0.13726806640625 -0.00423431396484375 0.0526580810546875 -0.156295776367188
0.154586791992188 0.021514892578125 0.166275024414063 -0.1461181640625
0.170700073242188 -0.0091552734375 0.222488403320313 -0.1712646484375
0.155502319335938 -0.0423431396484375 0.272964477539063 -0.131378173828125
-0.0374259948730469 0.0113143920898437 -0.301239013671875 0.1630859375
-0.0524482727050781 0.0201034545898437 -0.250885009765625 0.1708984375
-0.050506591796875 0.0175857543945313 -0.131454467773438 0.149093627929688
-0.0397911071777344 0.0265312194824219 -0.0626678466796875 0.183975219726562
-0.0283889770507813 0.0251827239990234 0.033477783203125 0.190994262695313
-0.0246162414550781 0.0261192321777344 0.148330688476563 0.172775268554688
-0.00510025024414062 0.0290412902832031 0.254501342773438 0.0937652587890625
-0.0117206573486328 0.0291194915771484 0.285797119140625 -0.0089111328125
-0.016387939453125 0.0249958038330078 0.312591552734375 -0.11474609375
-0.0131359100341797 0.0196704864501953 0.3116455078125 -0.147979736328125
-0.0326366424560547 0.00861549377441406 0.229888916015625 -0.159912109375
-0.0339736938476563 0.00823974609375001 0.13714599609375 -0.101020812988281
-0.042816162109375 -0.00814819335937499 0.04718017578125 -0.0156593322753906
-0.0425186157226562 -0.004730224609375 -0.0841064453125 0.0681076049804688
-0.048583984375 -0.00111007690429688 -0.217422485351563 0.0290679931640625
0.089019775390625 -0.0210800170898438 -0.3016357421875 0.15692138671875
0.0513114929199219 0.0140914916992188 -0.254623413085938 0.15985107421875
0.0585441589355469 0.0334014892578125 -0.143280029296875 0.148300170898437
0.0497283935546875 0.0537071228027344 -0.0727081298828125 0.173843383789062
0.0507469177246094 0.0667343139648438 0.018463134765625 0.183242797851562
0.0721511840820313 0.0583953857421875 0.136016845703125 0.163375854492188
0.0985260009765625 0.0486221313476563 0.240386962890625 0.07562255859375
0.0917510986328125 0.0515289306640625 0.266708374023438 -0.0289154052734375
0.104896545410156 0.0325469970703125 0.29705810546875 -0.134185791015625
0.10357666015625 0.0149688720703125 0.29547119140625 -0.1690673828125
0.0868606567382813 -0.0026397705078125 0.21002197265625 -0.17041015625
0.0852279663085938 -0.0348281860351563 0.121833801269531 -0.115066528320313
0.0925979614257813 -0.033203125 0.0497627258300781 -0.0276870727539063
0.094879150390625 -0.0503997802734375 -0.0823898315429688 0.0532608032226562
0.07574462890625 -0.04779052734375 -0.2166748046875 0.02252197265625
0.205474853515625 -0.0549774169921875 -0.264541625976563 0.145034790039063
0.158203125 0.0036773681640625 -0.235427856445312 0.148513793945313
0.175369262695313 0.0431365966796875 -0.151336669921875 0.153244018554687
0.151138305664063 0.0730438232421875 -0.0906524658203125 0.169281005859375
0.136886596679688 0.0994720458984375 -0.010833740234375 0.172088623046875
0.170196533203125 0.0823822021484375 0.099578857421875 0.147216796875
0.194076538085938 0.060211181640625 0.189743041992188 0.055328369140625
0.182861328125 0.066802978515625 0.207305908203125 -0.0441741943359375
0.212020874023438 0.0334930419921875 0.242767333984375 -0.141815185546875
0.206817626953125 0.0089111328125 0.248397827148438 -0.182830810546875
0.194869995117188 -0.0149078369140625 0.173065185546875 -0.180130004882813
0.193695068359375 -0.070587158203125 0.101829528808594 -0.135993957519531
0.214523315429688 -0.0530548095703125 0.058349609375 -0.0642890930175781
0.216049194335937 -0.0873870849609375 -0.0571479797363281 0.00972366333007812
0.187271118164062 -0.0882110595703125 -0.176605224609375 -0.00184631347656248
0.2957763671875 -0.08941650390625 -0.192825317382812 0.119308471679687
0.251495361328125 -0.0224609375 -0.19061279296875 0.125885009765625
0.288787841796875 0.030181884765625 -0.148605346679687 0.153091430664063
0.250595092773438 0.0718231201171875 -0.111557006835937 0.159759521484375
0.22222900390625 0.11029052734375 -0.0550537109375 0.15802001953125
0.25714111328125 0.085113525390625 0.0358810424804688 0.128730773925781
0.267501831054688 0.0577392578125 0.104591369628906 0.0393829345703125
0.247726440429688 0.0694122314453125 0.115501403808594 -0.049591064453125
0.285186767578125 0.032958984375 0.155471801757813 -0.137802124023438
0.275848388671875 0.0079345703125 0.17205810546875 -0.187698364257812
0.273147583007813 -0.011474609375 0.120391845703125 -0.18585205078125
0.27398681640625 -0.085601806640625 0.080810546875 -0.159774780273438
0.303955078125 -0.0538330078125 0.074462890625 -0.108695983886719
0.305999755859375 -0.100738525390625 -0.0131454467773437 -0.0518684387207031
0.2691650390625 -0.108352661132813 -0.104141235351563 -0.0366897583007813
0.3392333984375 -0.115631103515625 -0.0963897705078125 0.08038330078125
0.308563232421875 -0.0548095703125 -0.122291564941406 0.0830078125
0.359375 -0.0040283203125 -0.133895874023437 0.135215759277344
0.31707763671875 0.040679931640625 -0.133651733398437 0.142807006835937
0.280105590820312 0.0914306640625 -0.112594604492187 0.142852783203125
0.3096923828125 0.06463623046875 -0.0536270141601562 0.115486145019531
0.30230712890625 0.04144287109375 -0.00549316406249998 0.0351676940917969
0.275070190429688 0.062652587890625 0.00700378417968752 -0.0445480346679688
0.312103271484375 0.034332275390625 0.0526809692382813 -0.126182556152344
0.29718017578125 0.01605224609375 0.0832061767578125 -0.186264038085937
0.300811767578125 0.004547119140625 0.0643310546875 -0.186752319335938
0.307373046875 -0.07354736328125 0.0631561279296875 -0.176101684570313
0.34063720703125 -0.034423828125 0.0991363525390625 -0.148910522460938
0.347198486328125 -0.089630126953125 0.0485153198242188 -0.114776611328125
0.30902099609375 -0.109100341796875 -0.00706481933593747 -0.075164794921875
0.3267822265625 -0.12396240234375 0.00664520263671877 0.0317916870117188
0.3089599609375 -0.07879638671875 -0.047637939453125 0.0248184204101562
0.360687255859375 -0.040069580078125 -0.113716125488281 0.099029541015625
0.3189697265625 0.000732421875 -0.152999877929688 0.117965698242187
0.2843017578125 0.05291748046875 -0.171096801757813 0.12908935546875
0.3095703125 0.028411865234375 -0.149612426757812 0.114593505859375
0.288604736328125 0.017547607421875 -0.12274169921875 0.0469894409179687
0.260055541992188 0.04632568359375 -0.102081298828125 -0.031158447265625
0.290191650390625 0.032257080078125 -0.0512542724609375 -0.114532470703125
0.269012451171875 0.025787353515625 -0.00405883789062497 -0.18475341796875
0.273605346679688 0.024383544921875 0.0141143798828125 -0.183670043945313
0.2855224609375 -0.04290771484375 0.0529632568359375 -0.180801391601563
0.317413330078125 -0.00244140625 0.126632690429688 -0.169464111328125
0.331939697265625 -0.057708740234375 0.115737915039063 -0.159027099609375
0.299163818359375 -0.090576171875 0.0998001098632813 -0.106719970703125
0.259780883789063 -0.10845947265625 0.0988693237304688 -0.0159149169921875
0.250640869140625 -0.078948974609375 0.017873764038086 -0.0326595306396484
0.292449951171875 -0.0540771484375 -0.0967254638671875 0.054840087890625
0.255462646484375 -0.02581787109375 -0.167327880859375 0.0969085693359375
0.229507446289063 0.01678466796875 -0.2166748046875 0.122573852539063
0.252166748046875 -0.005279541015625 -0.234619140625 0.126266479492188
0.227432250976563 -0.0044708251953125 -0.2230224609375 0.0714111328125
0.205459594726563 0.0232391357421875 -0.193710327148438 -0.01275634765625
0.225509643554688 0.020477294921875 -0.138534545898438 -0.107246398925781
0.2022705078125 0.02264404296875 -0.0730133056640625 -0.185028076171875
0.206466674804688 0.03082275390625 -0.02130126953125 -0.180496215820313
0.21759033203125 -0.0164794921875 0.04949951171875 -0.174575805664063
0.246063232421875 0.01861572265625 0.148574829101563 -0.168441772460938
0.265853881835938 -0.026336669921875 0.175765991210938 -0.178054809570313
0.24407958984375 -0.065093994140625 0.197830200195313 -0.126144409179688
0.1529541015625 -0.068817138671875 0.1654052734375 -0.0522308349609375
0.15374755859375 -0.051300048828125 0.0640792846679688 -0.0728836059570312
0.175628662109375 -0.0391998291015625 -0.0836715698242188 0.0218734741210938
0.149658203125 -0.0287322998046875 -0.172760009765625 0.0864105224609375
0.134292602539063 -0.0063934326171875 -0.243820190429688 0.125473022460938
0.15142822265625 -0.0240936279296875 -0.28936767578125 0.148040771484375
0.131271362304688 -0.0203170776367188 -0.29156494140625 0.10186767578125
0.1214599609375 -0.00513458251953125 -0.255035400390625 0.00547790527343746
0.132827758789063 -0.00017547607421875 -0.197265625 -0.102279663085938
0.119430541992188 0.0038909912109375 -0.115509033203125 -0.185348510742188
0.124649047851562 0.0157089233398437 -0.03802490234375 -0.177505493164062
0.133460998535156 -0.00763702392578125 0.050079345703125 -0.163497924804687
0.152877807617188 0.01739501953125 0.161392211914062 -0.155654907226562
0.168258666992188 -0.01080322265625 0.217575073242188 -0.176895141601563
0.155105590820313 -0.0409088134765625 0.272552490234375 -0.132247924804688
-0.0380439758300781 0.0122756958007813 -0.307830810546875 0.170379638671875
-0.0521278381347656 0.0223846435546875 -0.25006103515625 0.17999267578125
-0.0518112182617187 0.0187187194824219 -0.129867553710938 0.1575927734375
-0.0403861999511719 0.0276756286621094 -0.05767822265625 0.194839477539063
-0.02667236328125 0.0259571075439453 0.0369415283203125 0.200775146484375
-0.0228500366210938 0.0254554748535156 0.151153564453125 0.180267333984375
-0.00386810302734375 0.0289974212646484 0.257064819335938 0.0953369140625
-0.00986480712890625 0.0302486419677734 0.28594970703125 -0.0106201171875
-0.0148849487304687 0.0258903503417969 0.314910888671875 -0.12225341796875
-0.0118465423583984 0.0207977294921875 0.3154296875 -0.16082763671875
-0.0327110290527344 0.0117568969726563 0.233489990234375 -0.174270629882813
-0.0342140197753906 0.0104236602783203 0.140670776367188 -0.115127563476562
-0.0437965393066406 -0.00717544555664062 0.0544471740722656 -0.0270156860351563
-0.0430183410644531 -0.00341796874999999 -0.0773162841796875 0.0626296997070313
-0.0496177673339844 0.00120162963867188 -0.2120361328125 0.0256805419921875
0.0885009765625 -0.0213241577148438 -0.30999755859375 0.16436767578125
0.0498275756835938 0.0165672302246094 -0.256362915039063 0.169662475585938
0.0554084777832031 0.0336341857910156 -0.14251708984375 0.158218383789062
0.0477828979492188 0.0534439086914063 -0.06976318359375 0.185302734375
0.0499114990234375 0.0656471252441406 0.020751953125 0.192626953125
0.0718231201171875 0.0583267211914063 0.138687133789063 0.169769287109375
0.100120544433594 0.0486907958984375 0.2421875 0.0760345458984375
0.0936050415039062 0.0535430908203125 0.265167236328125 -0.0323028564453125
0.108535766601563 0.0319137573242188 0.296539306640625 -0.142547607421875
0.105888366699219 0.0159683227539062 0.299072265625 -0.181793212890625
0.0882415771484375 -0.00112152099609375 0.213668823242188 -0.184860229492188
0.0853500366210938 -0.0351181030273438 0.125991821289063 -0.128761291503906
0.0933685302734375 -0.0353851318359375 0.0556068420410156 -0.0406646728515625
0.0944671630859375 -0.0518112182617188 -0.07562255859375 0.046875
0.0765457153320313 -0.0474472045898438 -0.211654663085938 0.0207977294921875
0.20526123046875 -0.05657958984375 -0.273162841796875 0.152450561523438
0.15643310546875 0.0040435791015625 -0.239273071289063 0.159103393554688
0.172622680664063 0.0407562255859375 -0.151763916015625 0.162979125976562
0.147964477539063 0.072021484375 -0.089080810546875 0.181793212890625
0.136283874511719 0.0992965698242188 -0.00801086425781248 0.1832275390625
0.168563842773438 0.08087158203125 0.103240966796875 0.1549072265625
0.194900512695313 0.0589447021484375 0.190567016601562 0.0567779541015625
0.185073852539063 0.0660400390625 0.204971313476563 -0.0474090576171875
0.214401245117188 0.0326385498046875 0.24072265625 -0.151031494140625
0.2083740234375 0.008544921875 0.247543334960938 -0.196914672851563
0.196151733398437 -0.013031005859375 0.173568725585938 -0.194549560546875
0.19384765625 -0.0730438232421875 0.103622436523438 -0.151290893554688
0.215866088867188 -0.0572967529296875 0.0622406005859375 -0.07830810546875
0.217193603515625 -0.090576171875 -0.0535850524902344 0.00101089477539062
0.188919067382812 -0.0876922607421875 -0.172653198242188 -0.00428771972656251
0.295379638671875 -0.091522216796875 -0.202011108398437 0.125518798828125
0.251373291015625 -0.0214691162109375 -0.196853637695313 0.1351318359375
0.285247802734375 0.0262451171875 -0.150787353515625 0.16461181640625
0.24786376953125 0.067291259765625 -0.111770629882812 0.174453735351563
0.221847534179687 0.1102294921875 -0.05328369140625 0.171463012695313
0.255218505859375 0.084075927734375 0.0401535034179688 0.138328552246094
0.267532348632813 0.0559234619140625 0.1053466796875 0.0412063598632813
0.248321533203125 0.068817138671875 0.112632751464844 -0.05206298828125
0.286956787109375 0.03179931640625 0.152297973632813 -0.146804809570313
0.277191162109375 0.0084228515625 0.169921875 -0.201370239257812
0.273330688476563 -0.012451171875 0.1187744140625 -0.199920654296875
0.2728271484375 -0.09002685546875 0.0796051025390625 -0.1749267578125
0.30511474609375 -0.05902099609375 0.0761489868164063 -0.124481201171875
0.306427001953125 -0.107421875 -0.00989913940429686 -0.0623130798339844
0.2713623046875 -0.110092163085938 -0.0996932983398437 -0.0393218994140625
0.341278076171875 -0.120697021484375 -0.106437683105469 0.0863113403320312
0.30914306640625 -0.056640625 -0.130905151367187 0.0938796997070313
0.35833740234375 -0.010040283203125 -0.13702392578125 0.147781372070313
0.31573486328125 0.03662109375 -0.135406494140625 0.159805297851563
0.280426025390625 0.0912933349609375 -0.111709594726563 0.156524658203125
0.30804443359375 0.06268310546875 -0.0494537353515625 0.125755310058594
0.3031005859375 0.03985595703125 -0.00606918334960936 0.0388145446777344
0.2750244140625 0.061492919921875 0.00428771972656252 -0.0454521179199219
0.313385009765625 0.03155517578125 0.0486526489257813 -0.134185791015625
0.297271728515625 0.016571044921875 0.078369140625 -0.198699951171875
0.301177978515625 0.00390625 0.0606231689453125 -0.19940185546875
0.30609130859375 -0.077484130859375 0.06024169921875 -0.190765380859375
0.342529296875 -0.0384521484375 0.0988616943359375 -0.164596557617188
0.347808837890625 -0.093780517578125 0.0497589111328125 -0.125175476074219
0.310699462890625 -0.10986328125 -0.00226593017578123 -0.0786361694335938
0.3302001953125 -0.130035400390625 -0.0024604797363281 0.0364952087402344
0.3099365234375 -0.082183837890625 -0.0573539733886719 0.0353317260742187
0.3614501953125 -0.046539306640625 -0.117881774902344 0.111648559570312
0.31878662109375 -0.003814697265625 -0.156051635742187 0.135086059570313
0.28570556640625 0.0521240234375 -0.172317504882812 0.143768310546875
0.308074951171875 0.02606201171875 -0.14837646484375 0.125595092773437
0.289459228515625 0.015380859375 -0.123153686523437 0.0527877807617188
0.25933837890625 0.0447998046875 -0.104347229003906 -0.0306396484375
0.290130615234375 0.027557373046875 -0.05596923828125 -0.121536254882813
0.267257690429688 0.025115966796875 -0.010650634765625 -0.195892333984375
0.272064208984375 0.0236358642578125 0.0088653564453125 -0.196090698242188
0.28204345703125 -0.04693603515625 0.049072265625 -0.193710327148438
0.318634033203125 -0.007171630859375 0.124954223632813 -0.184890747070313
0.33135986328125 -0.06298828125 0.116073608398438 -0.169082641601563
0.30126953125 -0.092376708984375 0.105110168457031 -0.110282897949219
0.262115478515625 -0.11334228515625 0.0911712646484375 -0.012298583984375
0.252883911132813 -0.0829925537109375 0.00864028930664064 -0.0241184234619141
0.293121337890625 -0.061981201171875 -0.101539611816406 0.0680923461914062
0.256790161132813 -0.030517578125 -0.171310424804688 0.113327026367187
0.2315673828125 0.0141754150390625 -0.219680786132813 0.138092041015625
0.250808715820313 -0.00775146484375 -0.2332763671875 0.138412475585937
0.228118896484375 -0.0073089599609375 -0.224609375 0.0789337158203125
0.205184936523438 0.0212554931640625 -0.195480346679688 -0.0109710693359375
0.224395751953125 0.01800537109375 -0.142425537109375 -0.1126708984375
0.200393676757813 0.02203369140625 -0.0793304443359375 -0.193740844726563
0.20489501953125 0.029266357421875 -0.0261383056640625 -0.191375732421875
0.215377807617188 -0.02001953125 0.0447845458984375 -0.185623168945313
0.246246337890625 0.014862060546875 0.14605712890625 -0.181869506835938
0.265518188476563 -0.0316314697265625 0.17413330078125 -0.187423706054688
0.246063232421875 -0.0669708251953125 0.203781127929688 -0.129562377929688
0.155731201171875 -0.0728607177734375 0.158981323242188 -0.048797607421875
0.155288696289063 -0.0537567138671875 0.0546035766601563 -0.0661697387695313
0.177902221679688 -0.045196533203125 -0.0903778076171875 0.0354690551757813
0.1495361328125 -0.0310821533203125 -0.178466796875 0.103927612304687
0.135238647460938 -0.0081939697265625 -0.247268676757812 0.141403198242188
0.149917602539063 -0.026702880859375 -0.28985595703125 0.16119384765625
0.130088806152344 -0.0223922729492188 -0.29180908203125 0.110443115234375
0.120712280273438 -0.00687408447265625 -0.255508422851563 0.00912475585937495
0.131614685058594 -0.00325775146484375 -0.200424194335938 -0.106826782226562
0.116912841796875 0.00241851806640625 -0.120742797851562 -0.19268798828125
0.12359619140625 0.0140838623046875 -0.0420989990234375 -0.187576293945313
0.131858825683594 -0.0110015869140625 0.0463409423828125 -0.174209594726563
0.153030395507813 0.014251708984375 0.157913208007813 -0.167755126953125
0.168685913085938 -0.0138092041015625 0.215667724609375 -0.186172485351562
0.156112670898438 -0.0419769287109375 0.279098510742188 -0.136001586914063
-0.0402603149414063 0.0142135620117187 -0.31353759765625 0.18524169921875
-0.0529823303222656 0.0249671936035156 -0.248580932617188 0.195709228515625
-0.053466796875 0.0215911865234375 -0.126373291015625 0.171798706054687
-0.040252685546875 0.0307044982910156 -0.049041748046875 0.20855712890625
-0.0253410339355469 0.0275478363037109 0.04656982421875 0.213348388671875
-0.0215377807617188 0.0262470245361328 0.160934448242188 0.18756103515625
-0.00283050537109375 0.0295391082763672 0.26470947265625 0.0939178466796875
-0.00779342651367188 0.0320892333984375 0.289215087890625 -0.018157958984375
-0.0122528076171875 0.0287055969238281 0.316558837890625 -0.13763427734375
-0.00997734069824219 0.0222949981689453 0.318939208984375 -0.181884765625
-0.0319232940673828 0.0153884887695313 0.235107421875 -0.196197509765625
-0.0339527130126953 0.0133876800537109 0.143356323242188 -0.136474609375
-0.0456008911132813 -0.00513458251953124 0.0606765747070313 -0.0415153503417969
-0.0453300476074219 -0.000576019287109372 -0.0705795288085938 0.0564193725585937
-0.0511856079101563 0.00401306152343751 -0.209259033203125 0.0259552001953125
0.08660888671875 -0.02325439453125 -0.3157958984375 0.1800537109375
0.0500602722167969 0.0170478820800781 -0.256149291992187 0.186203002929688
0.0536155700683594 0.0337905883789062 -0.139251708984375 0.172073364257812
0.0469970703125 0.0533218383789063 -0.06231689453125 0.199981689453125
0.051422119140625 0.0658798217773438 0.02978515625 0.2056884765625
0.07342529296875 0.0569534301757813 0.147918701171875 0.178176879882813
0.102668762207031 0.0471420288085938 0.248931884765625 0.0757293701171875
0.0969390869140625 0.0523681640625 0.266448974609375 -0.0392913818359375
0.112274169921875 0.0308303833007813 0.29705810546875 -0.159149169921875
0.109443664550781 0.014495849609375 0.299407958984375 -0.20294189453125
0.0905075073242188 -0.0016632080078125 0.213897705078125 -0.206497192382812
0.0858306884765625 -0.0369110107421875 0.126785278320313 -0.149398803710938
0.0938796997070312 -0.0393295288085938 0.0607414245605469 -0.0572700500488281
0.0939559936523438 -0.0556869506835938 -0.0706329345703125 0.0395889282226563
0.0773468017578125 -0.0493240356445313 -0.21014404296875 0.021087646484375
0.205215454101562 -0.0631256103515625 -0.280746459960938 0.166534423828125
0.157363891601562 0.0010223388671875 -0.241424560546875 0.17584228515625
0.171463012695312 0.03692626953125 -0.15087890625 0.179519653320313
0.146621704101563 0.06976318359375 -0.083160400390625 0.199249267578125
0.137451171875 0.098297119140625 -0.001617431640625 0.197769165039063
0.169845581054688 0.0791168212890625 0.112106323242188 0.163787841796875
0.198989868164063 0.0560760498046875 0.19500732421875 0.0552825927734375
0.1881103515625 0.064697265625 0.202880859375 -0.0532073974609375
0.22088623046875 0.028076171875 0.238174438476563 -0.166183471679688
0.21258544921875 0.0052642822265625 0.245361328125 -0.217269897460938
0.200088500976563 -0.0166473388671875 0.171295166015625 -0.215103149414063
0.194122314453125 -0.079376220703125 0.10101318359375 -0.171401977539063
0.2181396484375 -0.06488037109375 0.0634994506835938 -0.0959701538085938
0.217864990234375 -0.100234985351563 -0.0502204895019531 -0.008544921875
0.19073486328125 -0.0933990478515625 -0.170822143554687 -0.00431823730468752
0.2962646484375 -0.101806640625 -0.210372924804687 0.138656616210938
0.253204345703125 -0.02728271484375 -0.20159912109375 0.153244018554687
0.286590576171875 0.01837158203125 -0.150558471679687 0.1824951171875
0.248565673828125 0.06219482421875 -0.108444213867187 0.19366455078125
0.224594116210938 0.108749389648438 -0.0480194091796875 0.188583374023437
0.257110595703125 0.08050537109375 0.04803466796875 0.149200439453125
0.272796630859375 0.050689697265625 0.106887817382813 0.0431060791015625
0.252975463867188 0.0655517578125 0.109649658203125 -0.0556411743164062
0.29315185546875 0.02447509765625 0.147903442382813 -0.159912109375
0.280899047851563 0.0045623779296875 0.16375732421875 -0.2196044921875
0.27764892578125 -0.01715087890625 0.113800048828125 -0.219284057617188
0.273269653320313 -0.0991058349609375 0.07391357421875 -0.194320678710938
0.308746337890625 -0.070281982421875 0.0753173828125 -0.144485473632813
0.30780029296875 -0.11834716796875 -0.00955200195312498 -0.073883056640625
0.275161743164062 -0.118087768554687 -0.097320556640625 -0.0420913696289063
0.34326171875 -0.13275146484375 -0.114822387695312 0.0971298217773438
0.3118896484375 -0.0648193359375 -0.138046264648438 0.109130859375
0.361328125 -0.0201416015625 -0.138092041015625 0.166885375976563
0.3175048828125 0.02838134765625 -0.133987426757812 0.181259155273438
0.285308837890625 0.087432861328125 -0.108306884765625 0.176620483398438
0.31011962890625 0.057220458984375 -0.0434188842773437 0.138565063476563
0.30718994140625 0.033111572265625 -0.00484466552734374 0.0435104370117188
0.278305053710938 0.056640625 -0.000110626220703112 -0.0458488464355469
0.318511962890625 0.023223876953125 0.0416717529296875 -0.1439208984375
0.300506591796875 0.011932373046875 0.0688323974609375 -0.214279174804687
0.30364990234375 -0.001495361328125 0.0504150390625 -0.216781616210938
0.30596923828125 -0.087646484375 0.0520782470703125 -0.208984375
0.345947265625 -0.049468994140625 0.0948333740234375 -0.185791015625
0.349212646484375 -0.1072998046875 0.0479965209960938 -0.138923645019531
0.315673828125 -0.11962890625 0.00137329101562503 -0.0831375122070313
0.3328857421875 -0.1434326171875 -0.0103416442871094 0.0443229675292969
0.313446044921875 -0.092742919921875 -0.0663566589355469 0.0481414794921875
0.36456298828125 -0.06158447265625 -0.120567321777344 0.1307373046875
0.322540283203125 -0.01397705078125 -0.156845092773437 0.15863037109375
0.29058837890625 0.04736328125 -0.170822143554687 0.165130615234375
0.30987548828125 0.020294189453125 -0.144210815429688 0.140045166015625
0.29302978515625 0.00860595703125 -0.123497009277344 0.0605850219726563
0.262451171875 0.039520263671875 -0.108383178710937 -0.0279083251953125
0.293731689453125 0.01971435546875 -0.0637359619140625 -0.128547668457031
0.269180297851562 0.0215911865234375 -0.0222930908203125 -0.208236694335938
0.274566650390625 0.0180816650390625 -0.00175476074218748 -0.210342407226563
0.281585693359375 -0.0562744140625 0.0397491455078125 -0.210403442382813
0.32183837890625 -0.01708984375 0.11920166015625 -0.204238891601563
0.333251953125 -0.075042724609375 0.112838745117188 -0.184280395507813
0.306121826171875 -0.100738525390625 0.109931945800781 -0.117706298828125
0.265838623046875 -0.12615966796875 0.0838088989257813 -0.00856018066406251
0.2564697265625 -0.092559814453125 -0.000781059265136702 -0.0142822265625
0.297088623046875 -0.074920654296875 -0.105804443359375 0.0863800048828125
0.259490966796875 -0.040130615234375 -0.173843383789062 0.137451171875
0.235946655273438 0.0096282958984375 -0.219985961914062 0.159561157226563
0.251739501953125 -0.0136566162109375 -0.231964111328125 0.155380249023438
0.230117797851563 -0.0142822265625 -0.225433349609375 0.0911102294921875
0.205886840820312 0.0161895751953125 -0.199066162109375 -0.00578308105468754
0.22589111328125 0.010833740234375 -0.150894165039063 -0.115798950195313
0.200042724609375 0.019287109375 -0.0916748046875 -0.204391479492188
0.204574584960937 0.024261474609375 -0.0375823974609375 -0.203872680664063
0.213165283203125 -0.02691650390625 0.0349273681640625 -0.201400756835938
0.24822998046875 0.0064849853515625 0.139785766601563 -0.201065063476563
0.266998291015625 -0.0402679443359375 0.169570922851563 -0.20318603515625
0.2498779296875 -0.0736846923828125 0.2103271484375 -0.13970947265625
0.159622192382813 -0.0806427001953125 0.154525756835938 -0.0488433837890625
0.157745361328125 -0.06048583984375 0.0455703735351563 -0.0586280822753906
0.180145263671875 -0.05401611328125 -0.095855712890625 0.0531997680664063
0.151824951171875 -0.037750244140625 -0.181365966796875 0.126846313476563
0.137306213378906 -0.011688232421875 -0.248291015625 0.162841796875
0.1497802734375 -0.031707763671875 -0.28900146484375 0.17999267578125
0.130104064941406 -0.0276336669921875 -0.29248046875 0.12628173828125
0.119491577148438 -0.0106887817382813 -0.258544921875 0.0163116455078125
0.131744384765625 -0.00853729248046875 -0.20880126953125 -0.107864379882813
0.116432189941406 -0.00043487548828125 -0.132614135742188 -0.20074462890625
0.122528076171875 0.0088348388671875 -0.0534515380859375 -0.199691772460938
0.130744934082031 -0.0162887573242187 0.0369415283203125 -0.187973022460937
0.1556396484375 0.0084991455078125 0.151473999023438 -0.1845703125
0.169921875 -0.019866943359375 0.211517333984375 -0.20166015625
0.158981323242187 -0.0471954345703125 0.286468505859375 -0.148529052734375
-0.0411949157714844 0.0171470642089844 -0.31121826171875 0.20538330078125
-0.0516586303710937 0.028594970703125 -0.238815307617188 0.215896606445312
-0.0542564392089844 0.0252189636230469 -0.115234375 0.187286376953125
-0.0394363403320313 0.0336151123046875 -0.0325469970703125 0.221038818359375
-0.0229148864746094 0.0283088684082031 0.061767578125 0.22119140625
-0.0195808410644531 0.026519775390625 0.17401123046875 0.189208984375
-0.000829696655273436 0.0295906066894531 0.27105712890625 0.0865020751953125
-0.00500679016113281 0.0331668853759766 0.28814697265625 -0.031005859375
-0.00908279418945313 0.0303287506103516 0.311737060546875 -0.15863037109375
-0.007965087890625 0.0232315063476563 0.3133544921875 -0.209228515625
-0.0296993255615234 0.0191612243652344 0.228179931640625 -0.222915649414062
-0.0333690643310547 0.0164775848388672 0.138885498046875 -0.159210205078125
-0.0468978881835938 -0.00227737426757812 0.0644645690917969 -0.0594100952148438
-0.0459938049316406 0.00345611572265624 -0.0621452331542969 0.0494308471679688
-0.0517120361328125 0.00799560546875001 -0.2049560546875 0.0296478271484375
0.0832748413085937 -0.0263671875 -0.314727783203125 0.20086669921875
0.0493850708007812 0.0164985656738281 -0.24810791015625 0.207260131835937
0.0512275695800781 0.03302001953125 -0.1287841796875 0.189163208007812
0.0465049743652344 0.0525283813476562 -0.0469207763671875 0.214202880859375
0.0533714294433594 0.064422607421875 0.04461669921875 0.21533203125
0.0754470825195313 0.0540618896484375 0.161911010742187 0.180252075195313
0.104721069335938 0.0429763793945313 0.25311279296875 0.0673370361328125
0.10052490234375 0.0506210327148438 0.262405395507813 -0.05145263671875
0.116096496582031 0.0259933471679688 0.28887939453125 -0.180267333984375
0.112022399902344 0.0111007690429688 0.29144287109375 -0.22991943359375
0.0930633544921875 -0.00330352783203125 0.204986572265625 -0.232376098632813
0.0841751098632813 -0.0404205322265625 0.119140625 -0.172348022460938
0.0916061401367188 -0.0443115234375 0.0615463256835938 -0.0757827758789063
0.0910186767578125 -0.0604705810546875 -0.0650711059570313 0.0322761535644531
0.075439453125 -0.0519866943359375 -0.205490112304688 0.0247955322265625
0.200424194335938 -0.07171630859375 -0.280593872070312 0.186660766601563
0.155044555664063 -0.0031280517578125 -0.23590087890625 0.19757080078125
0.168838500976562 0.031005859375 -0.139862060546875 0.198928833007813
0.146331787109375 0.0641326904296875 -0.0689849853515625 0.216064453125
0.139785766601563 0.09405517578125 0.01263427734375 0.211456298828125
0.171417236328125 0.07354736328125 0.125518798828125 0.168716430664063
0.20147705078125 0.048187255859375 0.197921752929688 0.05078125
0.191940307617188 0.0583953857421875 0.197540283203125 -0.0627288818359375
0.22430419921875 0.018280029296875 0.227386474609375 -0.184844970703125
0.214874267578125 -0.0023956298828125 0.233734130859375 -0.241348266601563
0.201126098632813 -0.02337646484375 0.158645629882812 -0.23919677734375
0.190475463867188 -0.08905029296875 0.090118408203125 -0.19232177734375
0.216079711914063 -0.0771636962890625 0.0604782104492188 -0.115852355957031
0.213180541992188 -0.111709594726563 -0.0483589172363281 -0.0174064636230469
0.189788818359375 -0.101882934570313 -0.167526245117188 -0.00233459472656252
0.291961669921875 -0.116424560546875 -0.213653564453125 0.156723022460938
0.250320434570313 -0.0380859375 -0.199920654296875 0.174545288085938
0.2830810546875 0.00567626953125 -0.141311645507813 0.203659057617188
0.247421264648438 0.0522613525390625 -0.0955047607421875 0.215042114257813
0.228302001953125 0.101348876953125 -0.03521728515625 0.205612182617188
0.258010864257813 0.0718994140625 0.059844970703125 0.156158447265625
0.274627685546875 0.0397186279296875 0.109977722167969 0.0416259765625
0.255477905273437 0.0564422607421875 0.103363037109375 -0.061248779296875
0.29608154296875 0.011322021484375 0.135787963867188 -0.174285888671875
0.283203125 -0.0057373046875 0.148391723632813 -0.239273071289063
0.277786254882813 -0.027862548828125 0.0977325439453125 -0.239059448242188
0.267807006835938 -0.111968994140625 0.060272216796875 -0.21331787109375
0.306549072265625 -0.086395263671875 0.06646728515625 -0.165054321289063
0.302215576171875 -0.135650634765625 -0.0126876831054687 -0.085479736328125
0.272369384765625 -0.130874633789063 -0.0954971313476562 -0.0430679321289063
0.337799072265625 -0.1505126953125 -0.11968994140625 0.111228942871094
0.308197021484375 -0.079803466796875 -0.13970947265625 0.129409790039063
0.358428955078125 -0.0396728515625 -0.131729125976562 0.189285278320313
0.315826416015625 0.01434326171875 -0.123687744140625 0.205245971679688
0.289337158203125 0.07843017578125 -0.09722900390625 0.196136474609375
0.31109619140625 0.046417236328125 -0.03228759765625 0.150787353515625
0.30841064453125 0.020263671875 -0.00245285034179685 0.0477371215820313
0.28021240234375 0.046417236328125 -0.00562667846679686 -0.0459671020507813
0.320068359375 0.008544921875 0.02984619140625 -0.152587890625
0.301177978515625 0.0018310546875 0.051513671875 -0.228546142578125
0.30267333984375 -0.014190673828125 0.0342864990234375 -0.232650756835937
0.299468994140625 -0.100616455078125 0.0360565185546875 -0.225387573242188
0.34429931640625 -0.066925048828125 0.082275390625 -0.206756591796875
0.34442138671875 -0.125396728515625 0.040283203125 -0.152694702148437
0.3134765625 -0.134063720703125 0.00291442871093752 -0.0883865356445313
0.326934814453125 -0.16253662109375 -0.0166015625 0.0528564453125
0.310150146484375 -0.109039306640625 -0.0716781616210937 0.0647659301757813
0.361236572265625 -0.081451416015625 -0.1165771484375 0.153457641601562
0.3199462890625 -0.02935791015625 -0.1494140625 0.18487548828125
0.293853759765625 0.036224365234375 -0.161788940429688 0.18878173828125
0.30938720703125 0.00762939453125 -0.134368896484375 0.157196044921875
0.29364013671875 -0.005126953125 -0.120368957519531 0.0711288452148437
0.262008666992187 0.029022216796875 -0.111801147460937 -0.0218124389648437
0.293243408203125 0.005950927734375 -0.0747756958007812 -0.131568908691406
0.268295288085938 0.0127716064453125 -0.0397186279296875 -0.216934204101562
0.272567749023438 0.0075225830078125 -0.0197601318359375 -0.222183227539063
0.27520751953125 -0.068817138671875 0.022186279296875 -0.224807739257813
0.320648193359375 -0.033538818359375 0.105087280273438 -0.225494384765625
0.3291015625 -0.0916748046875 0.101760864257813 -0.200103759765625
0.304595947265625 -0.114776611328125 0.1112060546875 -0.127471923828125
0.262176513671875 -0.141983032226563 0.07666015625 -0.00517272949218751
0.25323486328125 -0.107315063476563 -0.00950145721435545 -0.00146293640136719
0.294281005859375 -0.093292236328125 -0.105224609375 0.108062744140625
0.257720947265625 -0.0540618896484375 -0.168472290039063 0.164566040039062
0.23748779296875 -0.000518798828125 -0.212905883789062 0.185592651367188
0.250732421875 -0.0247802734375 -0.222915649414063 0.1763916015625
0.22943115234375 -0.02532958984375 -0.2208251953125 0.10693359375
0.204208374023438 0.0079345703125 -0.199981689453125 0.00462341308593749
0.223953247070313 -0.0005950927734375 -0.159637451171875 -0.114883422851563
0.198776245117188 0.01287841796875 -0.108917236328125 -0.20941162109375
0.201797485351563 0.0156707763671875 -0.0556793212890625 -0.214340209960937
0.208343505859375 -0.0372161865234375 0.0182342529296875 -0.21337890625
0.248443603515625 -0.0067138671875 0.12451171875 -0.220001220703125
0.26397705078125 -0.0546875 0.157913208007813 -0.219940185546875
0.249420166015625 -0.0855865478515625 0.210250854492188 -0.154266357421875
0.15765380859375 -0.0927581787109375 0.1466064453125 -0.0494537353515625
0.15643310546875 -0.0706939697265625 0.0355339050292969 -0.0496749877929688
0.17864990234375 -0.067047119140625 -0.0966110229492187 0.0744094848632813
0.150390625 -0.046875 -0.17626953125 0.154922485351562
0.13818359375 -0.0180206298828125 -0.2421875 0.1903076171875
0.147201538085938 -0.03955078125 -0.280532836914062 0.204757690429688
0.127784729003906 -0.0348587036132813 -0.285614013671875 0.146331787109375
0.1165771484375 -0.016693115234375 -0.256988525390625 0.0297088623046874
0.127723693847656 -0.0158920288085938 -0.2169189453125 -0.103530883789063
0.113899230957031 -0.00415802001953125 -0.148773193359375 -0.202987670898438
0.119972229003906 0.00307464599609375 -0.070068359375 -0.208084106445313
0.125656127929688 -0.0233612060546875 0.0208740234375 -0.199905395507813
0.15606689453125 0.00018310546875 0.136550903320313 -0.203201293945313
0.167587280273438 -0.0290374755859375 0.198699951171875 -0.2198486328125
0.15887451171875 -0.0545501708984375 0.287811279296875 -0.166534423828125
-0.0414085388183594 0.0198249816894531 -0.297760009765625 0.221038818359375
-0.0490798950195313 0.0308303833007812 -0.219161987304688 0.229110717773437
-0.0529670715332031 0.0293426513671875 -0.09698486328125 0.197998046875
-0.0366706848144531 0.0355606079101562 -0.0115509033203125 0.226181030273437
-0.0204620361328125 0.0283756256103516 0.0787200927734375 0.2216796875
-0.0174770355224609 0.0257778167724609 0.184646606445312 0.184478759765625
0.00137710571289062 0.0292720794677734 0.271881103515625 0.075103759765625
-0.00190544128417968 0.0338191986083984 0.278778076171875 -0.0439453125
-0.00528907775878906 0.0305385589599609 0.29522705078125 -0.177398681640625
-0.00536918640136719 0.0227851867675781 0.2958984375 -0.232421875
-0.0257358551025391 0.0219039916992188 0.20953369140625 -0.245651245117188
-0.0306434631347656 0.0192527770996094 0.12615966796875 -0.180267333984375
-0.0474319458007813 0.00133895874023438 0.062469482421875 -0.0777053833007813
-0.0453071594238281 0.00722885131835937 -0.0547027587890625 0.0387039184570312
-0.0507125854492188 0.0118865966796875 -0.19561767578125 0.0318145751953125
0.0781326293945313 -0.028076171875 -0.30224609375 0.21807861328125
0.0481147766113281 0.0149269104003906 -0.230087280273438 0.222503662109375
0.0491294860839844 0.0314788818359375 -0.110687255859375 0.200302124023438
0.0452232360839844 0.0504722595214844 -0.02716064453125 0.221817016601563
0.0541915893554688 0.0607757568359375 0.0615386962890625 0.21826171875
0.0748062133789063 0.0506744384765625 0.17193603515625 0.177032470703125
0.104446411132813 0.038055419921875 0.251785278320313 0.0584869384765625
0.101318359375 0.046630859375 0.25164794921875 -0.062347412109375
0.117355346679687 0.0209274291992187 0.270309448242187 -0.196578979492187
0.1123046875 0.005523681640625 0.271087646484375 -0.252090454101563
0.0927963256835938 -0.006072998046875 0.18603515625 -0.253738403320313
0.0810394287109375 -0.0421295166015625 0.104736328125 -0.191162109375
0.086883544921875 -0.0486297607421875 0.0570297241210938 -0.0947418212890625
0.0855865478515625 -0.0646591186523438 -0.0589065551757812 0.0222663879394531
0.072174072265625 -0.0547561645507813 -0.1976318359375 0.0283203125
0.190673828125 -0.07891845703125 -0.272354125976563 0.204452514648438
0.149948120117188 -0.008544921875 -0.220932006835937 0.214492797851563
0.162399291992188 0.0245361328125 -0.121780395507813 0.212921142578125
0.140884399414062 0.05743408203125 -0.049407958984375 0.226058959960938
0.139198303222656 0.0868148803710938 0.0295867919921875 0.217254638671875
0.169036865234375 0.06591796875 0.136154174804688 0.166732788085938
0.198379516601562 0.0389404296875 0.1968994140625 0.0446319580078125
0.190292358398438 0.05078125 0.186264038085937 -0.06988525390625
0.2215576171875 0.008209228515625 0.208633422851563 -0.197967529296875
0.212600708007812 -0.0106353759765625 0.211624145507812 -0.258682250976563
0.197891235351563 -0.030792236328125 0.138214111328125 -0.256912231445313
0.181961059570312 -0.0957183837890625 0.0737762451171875 -0.208847045898438
0.206878662109375 -0.087860107421875 0.0513839721679688 -0.133491516113281
0.202484130859375 -0.12115478515625 -0.0480918884277344 -0.0268325805664063
0.181884765625 -0.10943603515625 -0.161270141601563 0.000564575195312489
0.277236938476562 -0.128067016601562 -0.208175659179688 0.172714233398437
0.24127197265625 -0.0474090576171875 -0.188613891601563 0.193496704101562
0.272979736328125 -0.0063323974609375 -0.124923706054688 0.22052001953125
0.239059448242188 0.0417022705078125 -0.076019287109375 0.230545043945312
0.225067138671875 0.090911865234375 -0.0182647705078125 0.216232299804687
0.2532958984375 0.0614776611328125 0.07244873046875 0.158615112304688
0.269561767578125 0.0276947021484375 0.110000610351563 0.0392684936523437
0.25128173828125 0.0465850830078125 0.0943603515625 -0.06280517578125
0.2906494140625 -0.002044677734375 0.118621826171875 -0.183013916015625
0.277984619140625 -0.0165863037109375 0.126922607421875 -0.251708984375
0.2713623046875 -0.0390777587890625 0.0758209228515625 -0.25225830078125
0.255111694335938 -0.121353149414063 0.0406951904296875 -0.225418090820313
0.295928955078125 -0.100738525390625 0.052001953125 -0.18145751953125
0.2886962890625 -0.148406982421875 -0.0186080932617187 -0.0946273803710938
0.26275634765625 -0.141357421875 -0.0917816162109375 -0.0436019897460938
0.32135009765625 -0.165313720703125 -0.119148254394531 0.124168395996094
0.2969970703125 -0.092559814453125 -0.134429931640625 0.14764404296875
0.344268798828125 -0.056060791015625 -0.116790771484375 0.208251953125
0.306976318359375 0.00054931640625 -0.104629516601562 0.224594116210938
0.285186767578125 0.06597900390625 -0.07989501953125 0.211288452148438
0.30413818359375 0.03375244140625 -0.0185089111328125 0.157241821289063
0.301483154296875 0.00592041015625 0.000316619873046893 0.0511894226074219
0.274612426757813 0.0350189208984375 -0.0105743408203125 -0.0424728393554688
0.311370849609375 -0.006378173828125 0.0156707763671875 -0.157089233398437
0.294708251953125 -0.008819580078125 0.0304718017578125 -0.23529052734375
0.294830322265625 -0.0247802734375 0.011810302734375 -0.240829467773438
0.284912109375 -0.1121826171875 0.0143280029296875 -0.234619140625
0.333251953125 -0.08447265625 0.0629119873046875 -0.220977783203125
0.3282470703125 -0.140838623046875 0.029022216796875 -0.162185668945313
0.302886962890625 -0.146728515625 0.00257110595703127 -0.092559814453125
0.31195068359375 -0.17864990234375 -0.02142333984375 0.0618362426757812
0.296722412109375 -0.122772216796875 -0.0718307495117187 0.0824813842773437
0.348968505859375 -0.099334716796875 -0.105697631835937 0.173568725585938
0.30914306640625 -0.0445556640625 -0.132659912109375 0.207290649414063
0.289306640625 0.023712158203125 -0.144317626953125 0.207382202148438
0.301483154296875 -0.00433349609375 -0.118545532226562 0.168670654296875
0.284912109375 -0.01824951171875 -0.112991333007812 0.08026123046875
0.25518798828125 0.018218994140625 -0.1124267578125 -0.0145187377929688
0.28466796875 -0.007904052734375 -0.0850143432617187 -0.131179809570313
0.262313842773438 0.00286865234375 -0.0587310791015625 -0.21893310546875
0.26336669921875 -0.0033721923828125 -0.04205322265625 -0.227554321289063
0.261077880859375 -0.0789947509765625 0.000488281250000038 -0.23114013671875
0.310546875 -0.04913330078125 0.082763671875 -0.2392578125
0.31463623046875 -0.106536865234375 0.086090087890625 -0.209457397460938
0.29412841796875 -0.127960205078125 0.107444763183594 -0.135894775390625
0.250259399414063 -0.15643310546875 0.0679168701171875 -0.00038146972656251
0.242874145507813 -0.1197509765625 -0.0151567459106445 0.0138568878173828
0.282318115234375 -0.110015869140625 -0.0967941284179687 0.129402160644531
0.248306274414063 -0.0675506591796875 -0.153778076171875 0.189041137695312
0.233596801757813 -0.011566162109375 -0.195877075195313 0.207061767578125
0.242156982421875 -0.034881591796875 -0.205474853515625 0.192916870117187
0.221054077148438 -0.0359649658203125 -0.2088623046875 0.120773315429688
0.197555541992188 -0.001068115234375 -0.195404052734375 0.015167236328125
0.214874267578125 -0.0110321044921875 -0.167083740234375 -0.11065673828125
0.192642211914062 0.0054779052734375 -0.125900268554688 -0.20697021484375
0.193634033203125 0.0081329345703125 -0.0759124755859375 -0.21575927734375
0.196365356445313 -0.0452880859375 -0.00254821777343747 -0.218765258789063
0.24078369140625 -0.0194549560546875 0.102310180664062 -0.232254028320313
0.252899169921875 -0.0665283203125 0.1380615234375 -0.230514526367188
0.241653442382813 -0.0967254638671875 0.204559326171875 -0.166580200195312
0.150955200195312 -0.102615356445312 0.135391235351563 -0.0485992431640625
0.149398803710938 -0.07977294921875 0.0272026062011719 -0.0363311767578125
0.1710205078125 -0.0778961181640625 -0.090728759765625 0.095123291015625
0.144073486328125 -0.0548553466796875 -0.1622314453125 0.17913818359375
0.135421752929688 -0.0250167846679688 -0.224761962890625 0.2137451171875
0.140625 -0.0455780029296875 -0.261077880859375 0.223770141601563
0.121810913085937 -0.0411834716796875 -0.270095825195313 0.162826538085938
0.110649108886719 -0.0213699340820313 -0.248504638671875 0.0421295166015625
0.120353698730469 -0.0218124389648438 -0.220489501953125 -0.0963287353515625
0.108695983886719 -0.00836181640625 -0.163070678710937 -0.198898315429688
0.113059997558594 -0.00199127197265625 -0.0893707275390625 -0.207977294921875
0.118743896484375 -0.02862548828125 0.000793457031250018 -0.204498291015625
0.151046752929688 -0.00933837890625 0.114166259765625 -0.215545654296875
0.16107177734375 -0.037567138671875 0.177642822265625 -0.231033325195313
0.15374755859375 -0.061737060546875 0.279464721679688 -0.182571411132813
-0.040771484375 0.022369384765625 -0.282470703125 0.225830078125
-0.0463790893554688 0.0313644409179688 -0.1993408203125 0.232162475585938
-0.050048828125 0.0316734313964844 -0.0784759521484375 0.200439453125
-0.0333518981933594 0.0360984802246094 0.00561523437500001 0.224273681640625
-0.0178394317626953 0.0268077850341797 0.090667724609375 0.217849731445313
-0.0154972076416016 0.0240669250488281 0.188644409179687 0.17974853515625
0.0031280517578125 0.0284156799316406 0.266387939453125 0.0688018798828125
0.000570297241210934 0.0336074829101563 0.265090942382813 -0.0476837158203125
-0.00163459777832031 0.0294265747070312 0.276077270507813 -0.183563232421875
-0.0028839111328125 0.0224609375 0.27490234375 -0.2432861328125
-0.0221099853515625 0.0233020782470703 0.190048217773437 -0.257354736328125
-0.0273113250732422 0.0216045379638672 0.110992431640625 -0.194320678710938
-0.0465736389160156 0.00407028198242187 0.0579605102539063 -0.0941543579101563
-0.0433197021484375 0.00939559936523438 -0.0495567321777344 0.0264434814453125
-0.0495986938476563 0.0141525268554687 -0.183441162109375 0.028839111328125
0.0719070434570313 -0.027496337890625 -0.28857421875 0.224761962890625
0.0449752807617188 0.0148963928222656 -0.210601806640625 0.22772216796875
0.0448760986328125 0.0312309265136719 -0.0921783447265625 0.204177856445313
0.043243408203125 0.0488052368164062 -0.0100250244140625 0.221954345703125
0.051849365234375 0.0585098266601563 0.0733642578125 0.216064453125
0.07269287109375 0.0466537475585938 0.175872802734375 0.173049926757813
0.101493835449219 0.0349349975585938 0.24517822265625 0.053466796875
0.100006103515625 0.044097900390625 0.237396240234375 -0.06494140625
0.115493774414063 0.0167160034179688 0.250473022460938 -0.2030029296875
0.110557556152344 0.0026397705078125 0.249481201171875 -0.261627197265625
0.091400146484375 -0.00753021240234375 0.165176391601562 -0.264373779296875
0.077667236328125 -0.0426788330078125 0.0893402099609375 -0.202316284179688
0.08197021484375 -0.049102783203125 0.0501022338867188 -0.109657287597656
0.0797195434570313 -0.063934326171875 -0.055938720703125 0.0105781555175781
0.068023681640625 -0.0537910461425781 -0.186187744140625 0.0263214111328125
0.17742919921875 -0.0792236328125 -0.261016845703125 0.211563110351563
0.14166259765625 -0.0105438232421875 -0.204483032226563 0.222183227539063
0.152267456054688 0.02117919921875 -0.1038818359375 0.218032836914063
0.132804870605469 0.05401611328125 -0.0313262939453125 0.229690551757813
0.133270263671875 0.0825958251953125 0.0433349609375 0.217788696289063
0.161788940429688 0.0611572265625 0.14239501953125 0.164276123046875
0.191116333007813 0.03375244140625 0.191604614257813 0.0413360595703125
0.185134887695313 0.0471343994140625 0.17340087890625 -0.06939697265625
0.21484375 0.002166748046875 0.1888427734375 -0.20135498046875
0.206207275390625 -0.01470947265625 0.189361572265625 -0.265914916992188
0.191482543945313 -0.0334625244140625 0.117752075195313 -0.264129638671875
0.172134399414063 -0.0962677001953125 0.0564727783203125 -0.216461181640625
0.195831298828125 -0.09124755859375 0.0409088134765625 -0.146347045898438
0.19049072265625 -0.123672485351563 -0.0484657287597656 -0.0366592407226563
0.173355102539063 -0.11083984375 -0.153060913085938 -0.0011138916015625
0.260299682617188 -0.130905151367188 -0.201766967773438 0.181686401367187
0.227310180664063 -0.0501861572265625 -0.176483154296875 0.2041015625
0.258636474609375 -0.01123046875 -0.106796264648438 0.229080200195313
0.227310180664063 0.0364990234375 -0.0574493408203125 0.237152099609375
0.217239379882813 0.0842742919921875 -0.00305175781249999 0.220413208007813
0.242782592773438 0.055633544921875 0.081146240234375 0.1575927734375
0.258132934570312 0.02081298828125 0.107139587402344 0.03973388671875
0.242782592773437 0.0419464111328125 0.0855865478515625 -0.060150146484375
0.278793334960938 -0.0092010498046875 0.10186767578125 -0.184097290039063
0.268173217773438 -0.021514892578125 0.106063842773438 -0.255294799804688
0.260787963867188 -0.041351318359375 0.055419921875 -0.256011962890625
0.240798950195313 -0.123001098632813 0.023406982421875 -0.231063842773438
0.280975341796875 -0.106307983398438 0.037750244140625 -0.191619873046875
0.2720947265625 -0.152236938476562 -0.0232620239257812 -0.101974487304688
0.250579833984375 -0.1444091796875 -0.0868759155273438 -0.0454864501953125
0.30303955078125 -0.169525146484375 -0.11761474609375 0.133392333984375
0.2806396484375 -0.0963592529296875 -0.127212524414062 0.161773681640625
0.327301025390625 -0.061676025390625 -0.10028076171875 0.21954345703125
0.291229248046875 -0.006866455078125 -0.0859222412109375 0.235000610351563
0.274932861328125 0.05889892578125 -0.062469482421875 0.21893310546875
0.291717529296875 0.02740478515625 -0.00698852539062497 0.158981323242188
0.288482666015625 -0.0008544921875 0.00266265869140627 0.0535507202148438
0.263748168945313 0.0301513671875 -0.0137138366699219 -0.0388984680175781
0.298095703125 -0.013763427734375 0.00314331054687504 -0.155838012695313
0.284393310546875 -0.0133056640625 0.012237548828125 -0.23553466796875
0.281585693359375 -0.02789306640625 -0.00801086425781249 -0.241531372070313
0.268020629882813 -0.11370849609375 -0.0037078857421875 -0.236053466796875
0.317291259765625 -0.0911865234375 0.0453033447265625 -0.228927612304688
0.31011962890625 -0.144134521484375 0.0188140869140625 -0.166748046875
0.28863525390625 -0.150054931640625 0.00318145751953126 -0.095428466796875
0.293701171875 -0.18304443359375 -0.0251693725585937 0.07073974609375
0.280685424804688 -0.12713623046875 -0.0702667236328125 0.0973052978515625
0.32989501953125 -0.10772705078125 -0.0914306640625 0.188064575195313
0.29400634765625 -0.051177978515625 -0.11419677734375 0.221206665039063
0.279525756835938 0.015899658203125 -0.126296997070312 0.217849731445313
0.2886962890625 -0.010345458984375 -0.103485107421875 0.173446655273438
0.271743774414063 -0.024749755859375 -0.105171203613281 0.0850753784179687
0.244003295898438 0.013702392578125 -0.108627319335937 -0.00947570800781252
0.269424438476563 -0.0138092041015625 -0.0914993286132813 -0.128425598144531
0.251220703125 -0.000732421875 -0.0733642578125 -0.2158203125
0.250595092773438 -0.00665283203125 -0.06005859375 -0.225341796875
0.244415283203125 -0.080169677734375 -0.0177154541015625 -0.230239868164063
0.295623779296875 -0.056365966796875 0.0630645751953125 -0.243820190429687
0.297637939453125 -0.111236572265625 0.0710906982421875 -0.212142944335938
0.281280517578125 -0.131561279296875 0.102821350097656 -0.140289306640625
0.235382080078125 -0.1617431640625 0.0595741271972656 0.00773620605468749
0.228622436523438 -0.123825073242188 -0.0171108245849609 0.0293922424316406
0.266754150390625 -0.11639404296875 -0.085205078125 0.145217895507812
0.235458374023438 -0.0733184814453125 -0.135360717773437 0.204635620117187
0.224777221679688 -0.01678466796875 -0.176727294921875 0.219680786132813
0.230560302734375 -0.0395965576171875 -0.187713623046875 0.19976806640625
0.209747314453125 -0.0409393310546875 -0.195037841796875 0.126983642578125
0.187698364257813 -0.003753662109375 -0.1868896484375 0.020660400390625
0.202651977539063 -0.0152587890625 -0.168930053710938 -0.10638427734375
0.183151245117188 0.0030364990234375 -0.136001586914062 -0.201751708984375
0.182296752929688 0.0048675537109375 -0.0915069580078125 -0.213088989257813
0.183517456054687 -0.0466461181640625 -0.0204010009765625 -0.216552734375
0.228439331054688 -0.0264129638671875 0.08038330078125 -0.236068725585938
0.238128662109375 -0.070648193359375 0.12030029296875 -0.232177734375
0.230941772460938 -0.100204467773437 0.19586181640625 -0.172210693359375
0.14141845703125 -0.106735229492188 0.123138427734375 -0.04229736328125
0.140884399414063 -0.082427978515625 0.0220775604248047 -0.0209083557128906
0.1612548828125 -0.083404541015625 -0.0811309814453125 0.112190246582031
0.136199951171875 -0.0591812133789063 -0.144500732421875 0.196136474609375
0.129837036132813 -0.0277481079101563 -0.20489501953125 0.22686767578125
0.131858825683594 -0.0489044189453125 -0.24053955078125 0.231277465820313
0.113693237304687 -0.044189453125 -0.250640869140625 0.16888427734375
0.102897644042969 -0.0225296020507813 -0.235702514648438 0.0472869873046875
0.110862731933594 -0.0235366821289063 -0.21856689453125 -0.0914764404296875
0.101715087890625 -0.00934600830078125 -0.170166015625 -0.192672729492188
0.104415893554688 -0.00370025634765625 -0.102691650390625 -0.2041015625
0.10931396484375 -0.0300445556640625 -0.01580810546875 -0.202560424804687
0.143798828125 -0.01519775390625 0.0928192138671875 -0.217926025390625
0.151626586914063 -0.04132080078125 0.158233642578125 -0.232192993164062
0.147811889648437 -0.0651397705078125 0.267776489257813 -0.189788818359375
-0.041259765625 0.0237770080566406 -0.274398803710938 0.223785400390625
-0.045196533203125 0.0303459167480469 -0.186492919921875 0.228424072265625
-0.04876708984375 0.0309295654296875 -0.0658721923828125 0.197982788085938
-0.0311470031738281 0.0361213684082031 0.0175018310546875 0.22113037109375
-0.01690673828125 0.0249176025390625 0.097259521484375 0.2159423828125
-0.0146636962890625 0.0215167999267578 0.188827514648438 0.180282592773438
0.00440788269042969 0.0272140502929688 0.259994506835938 0.0713653564453125
0.00362014770507813 0.03265380859375 0.254852294921875 -0.04376220703125
0.000474929809570312 0.0285396575927734 0.261978149414063 -0.182464599609375
-0.00170135498046875 0.0208225250244141 0.260787963867188 -0.24639892578125
-0.0180492401123047 0.0229625701904297 0.176223754882813 -0.263092041015625
-0.0247688293457031 0.0217838287353516 0.0999298095703125 -0.20294189453125
-0.0444602966308594 0.00516510009765626 0.052703857421875 -0.108940124511719
-0.0416297912597656 0.0104827880859375 -0.0472793579101563 0.01177978515625
-0.0484390258789063 0.0153961181640625 -0.175582885742188 0.0194244384765625
0.0669441223144531 -0.022979736328125 -0.280670166015625 0.223098754882812
0.041778564453125 0.0151557922363281 -0.199050903320312 0.22662353515625
0.0408706665039063 0.0327033996582031 -0.078582763671875 0.203826904296875
0.0396385192871094 0.0495338439941406 0.00184631347656249 0.220535278320313
0.049072265625 0.0572738647460938 0.080322265625 0.215835571289063
0.0684280395507813 0.0460548400878906 0.177001953125 0.17352294921875
0.0985565185546875 0.034576416015625 0.238739013671875 0.0561676025390625
0.0990524291992188 0.0445480346679687 0.226638793945312 -0.0601043701171875
0.113845825195312 0.0171661376953125 0.235671997070313 -0.199478149414063
0.108245849609375 0.0032196044921875 0.234420776367188 -0.263336181640625
0.0907821655273438 -0.00582122802734375 0.15093994140625 -0.2681884765625
0.0756607055664063 -0.03948974609375 0.0778961181640625 -0.210556030273438
0.0780029296875 -0.0471038818359375 0.0446929931640625 -0.1236572265625
0.0765609741210938 -0.0618972778320313 -0.0551719665527344 -0.00216293334960937
0.0655403137207031 -0.0512657165527344 -0.17779541015625 0.0179443359375
0.169387817382813 -0.07464599609375 -0.254074096679688 0.212570190429687
0.133926391601563 -0.007415771484375 -0.193893432617188 0.223968505859375
0.143539428710938 0.0236968994140625 -0.0908355712890625 0.220718383789063
0.124435424804688 0.0549850463867188 -0.01837158203125 0.230636596679688
0.1260986328125 0.0827789306640625 0.0513763427734375 0.21954345703125
0.1541748046875 0.06158447265625 0.144500732421875 0.16485595703125
0.183761596679688 0.034454345703125 0.186248779296875 0.04541015625
0.180130004882813 0.04864501953125 0.163864135742188 -0.064208984375
0.207870483398437 0.0017547607421875 0.175079345703125 -0.198638916015625
0.20068359375 -0.0135650634765625 0.175918579101562 -0.26654052734375
0.186370849609375 -0.0306396484375 0.10357666015625 -0.266632080078125
0.165435791015625 -0.0920867919921875 0.0448760986328125 -0.22271728515625
0.188888549804688 -0.0890350341796875 0.032470703125 -0.158233642578125
0.182083129882813 -0.120895385742188 -0.0493850708007812 -0.0473556518554688
0.167694091796875 -0.10693359375 -0.145431518554688 -0.00874328613281253
0.248565673828125 -0.124526977539063 -0.197998046875 0.186355590820313
0.21661376953125 -0.0457916259765625 -0.167800903320313 0.20904541015625
0.24554443359375 -0.008636474609375 -0.0933074951171875 0.233963012695313
0.21441650390625 0.038330078125 -0.0433807373046875 0.241546630859375
0.207489013671875 0.0856781005859375 0.00794982910156252 0.223007202148437
0.231979370117188 0.05682373046875 0.08587646484375 0.159103393554688
0.247650146484375 0.0225830078125 0.105476379394531 0.0432815551757812
0.23486328125 0.04376220703125 0.0797958374023438 -0.0548782348632812
0.26934814453125 -0.0080718994140625 0.0908355712890625 -0.18157958984375
0.26092529296875 -0.0183563232421875 0.0928497314453125 -0.2545166015625
0.252532958984375 -0.037017822265625 0.0411376953125 -0.2567138671875
0.23114013671875 -0.116653442382812 0.0106048583984375 -0.233810424804688
0.27044677734375 -0.104019165039063 0.026947021484375 -0.200042724609375
0.260650634765625 -0.148757934570313 -0.0272750854492187 -0.109619140625
0.242828369140625 -0.139251708984375 -0.08221435546875 -0.0502853393554688
0.291046142578125 -0.163970947265625 -0.118240356445312 0.140594482421875
0.268157958984375 -0.0914459228515625 -0.121368408203125 0.171615600585938
0.312164306640625 -0.060028076171875 -0.0878143310546875 0.227157592773438
0.277069091796875 -0.0041046142578125 -0.0710296630859375 0.24212646484375
0.264312744140625 0.0602569580078125 -0.0504913330078125 0.223403930664063
0.27960205078125 0.0297393798828125 0.000823974609375033 0.1605224609375
0.276107788085938 0.001068115234375 0.00450515747070315 0.0564613342285156
0.2532958984375 0.03302001953125 -0.0146980285644531 -0.0352134704589844
0.28607177734375 -0.011627197265625 -0.00437927246093749 -0.154449462890625
0.27435302734375 -0.0098876953125 0.00140380859375002 -0.234466552734375
0.271621704101562 -0.02386474609375 -0.0205535888671875 -0.240066528320313
0.256362915039063 -0.107223510742188 -0.01544189453125 -0.236724853515625
0.304412841796875 -0.088348388671875 0.032440185546875 -0.233245849609375
0.297698974609375 -0.14056396484375 0.01177978515625 -0.170639038085938
0.279632568359375 -0.145721435546875 0.00520324707031251 -0.0987319946289063
0.281463623046875 -0.178985595703125 -0.0289459228515625 0.0800857543945312
0.268997192382813 -0.122955322265625 -0.0672378540039062 0.110946655273437
0.31512451171875 -0.105255126953125 -0.079833984375 0.19744873046875
0.281341552734375 -0.049896240234375 -0.0993194580078125 0.229995727539063
0.269775390625 0.017852783203125 -0.112548828125 0.224502563476563
0.276779174804688 -0.0077056884765625 -0.0927581787109375 0.17474365234375
0.259963989257813 -0.0223388671875 -0.0980300903320313 0.0868148803710937
0.234024047851562 0.0174713134765625 -0.105888366699219 -0.00797271728515626
0.257369995117188 -0.0110321044921875 -0.095550537109375 -0.128128051757813
0.24151611328125 0.0029449462890625 -0.081146240234375 -0.214630126953125
0.23876953125 -0.0018310546875 -0.0718231201171875 -0.222991943359375
0.233078002929687 -0.0743255615234375 -0.02838134765625 -0.228790283203125
0.282958984375 -0.054412841796875 0.0494537353515625 -0.245132446289063
0.284881591796875 -0.1077880859375 0.0615386962890625 -0.21258544921875
0.272003173828125 -0.12774658203125 0.101486206054688 -0.141632080078125
0.225540161132812 -0.158233642578125 0.0529937744140625 0.0186309814453125
0.219451904296875 -0.1202392578125 -0.017364501953125 0.045318603515625
0.255508422851563 -0.115280151367188 -0.075225830078125 0.157943725585938
0.22552490234375 -0.0720367431640625 -0.121078491210938 0.215866088867187
0.21771240234375 -0.0158843994140625 -0.16265869140625 0.22552490234375
0.22088623046875 -0.0378265380859375 -0.174880981445313 0.2010498046875
0.199478149414063 -0.03912353515625 -0.184036254882812 0.127273559570313
0.17864990234375 -0.0012969970703125 -0.178558349609375 0.020843505859375
0.191497802734375 -0.012359619140625 -0.168212890625 -0.10711669921875
0.17474365234375 0.0053253173828125 -0.141021728515625 -0.200653076171875
0.172348022460938 0.0081634521484375 -0.10137939453125 -0.20941162109375
0.172988891601562 -0.0424957275390625 -0.0309906005859375 -0.213485717773438
0.218170166015625 -0.025848388671875 0.0659027099609375 -0.234832763671875
0.228012084960938 -0.0688629150390625 0.10943603515625 -0.229400634765625
0.22308349609375 -0.0976715087890625 0.191360473632813 -0.172073364257813
0.135986328125 -0.106315612792969 0.115806579589844 -0.0308837890625
0.1357421875 -0.08135986328125 0.0209579467773438 -0.00488471984863282
0.154159545898438 -0.08380126953125 -0.0721511840820312 0.125953674316406
0.130996704101563 -0.0581817626953125 -0.130828857421875 0.206771850585937
0.126373291015625 -0.0277557373046875 -0.190277099609375 0.233551025390625
0.12591552734375 -0.0468978881835938 -0.2257080078125 0.233657836914063
0.106269836425781 -0.04290771484375 -0.236801147460937 0.1678466796875
0.0972976684570313 -0.0203781127929688 -0.223953247070313 0.0451812744140625
0.102989196777344 -0.0208206176757813 -0.214889526367187 -0.0925598144531249
0.095672607421875 -0.00777435302734375 -0.17333984375 -0.19189453125
0.0976028442382813 -0.00157928466796875 -0.110977172851563 -0.201065063476563
0.102546691894531 -0.027252197265625 -0.026763916015625 -0.199569702148438
0.136436462402344 -0.0156173706054688 0.0778045654296875 -0.21588134765625
0.144424438476563 -0.0402984619140625 0.144973754882813 -0.228759765625
0.142501831054688 -0.063995361328125 0.260726928710938 -0.1905517578125
-0.0423088073730469 0.0254058837890625 -0.276779174804688 0.220626831054687
-0.0464096069335938 0.0292625427246094 -0.182144165039063 0.2264404296875
-0.0489540100097656 0.03131103515625 -0.0572967529296875 0.199874877929688
-0.030181884765625 0.0362052917480469 0.025146484375 0.222900390625
-0.0164470672607422 0.0238513946533203 0.102188110351563 0.220458984375
-0.0152568817138672 0.0205421447753906 0.190780639648438 0.1878662109375
0.00512313842773437 0.0267753601074219 0.259521484375 0.079925537109375
0.0059814453125 0.0326690673828125 0.250823974609375 -0.036651611328125
0.00285720825195313 0.0281581878662109 0.257095336914063 -0.179611206054688
-0.00078773498535156 0.0204906463623047 0.256118774414063 -0.248855590820312
-0.0164585113525391 0.0225753784179688 0.169845581054687 -0.270233154296875
-0.0226974487304687 0.0220851898193359 0.0931243896484375 -0.214706420898438
-0.0444374084472656 0.00570297241210938 0.0491790771484375 -0.12420654296875
-0.0414199829101563 0.0113182067871094 -0.0486793518066406 -0.00276947021484375
-0.0482864379882813 0.0164299011230469 -0.171890258789063 0.008087158203125
0.0650749206542969 -0.0187568664550781 -0.283172607421875 0.22186279296875
0.0387992858886719 0.0186958312988281 -0.194717407226563 0.224868774414063
0.0372962951660156 0.0365982055664062 -0.07012939453125 0.205963134765625
0.0367164611816406 0.0519142150878906 0.010223388671875 0.223175048828125
0.0461006164550781 0.0585479736328125 0.0852508544921875 0.220672607421875
0.0652732849121094 0.0480422973632813 0.180252075195313 0.18121337890625
0.0969314575195313 0.0370025634765625 0.237228393554688 0.06475830078125
0.0997238159179688 0.0467300415039063 0.221939086914062 -0.0517578125
0.114158630371094 0.0186691284179688 0.23028564453125 -0.197174072265625
0.108734130859375 0.0052490234375 0.229171752929688 -0.266342163085938
0.092498779296875 -0.0039520263671875 0.144271850585938 -0.274673461914063
0.0766830444335937 -0.0373611450195312 0.0706634521484375 -0.221145629882813
0.0775680541992188 -0.0448532104492188 0.0396728515625 -0.13897705078125
0.0760726928710938 -0.0602188110351563 -0.0571327209472656 -0.0163917541503906
0.0655097961425781 -0.0486106872558594 -0.174331665039063 0.00657653808593751
0.165756225585938 -0.067291259765625 -0.258010864257813 0.214889526367187
0.129806518554688 -0.00188446044921875 -0.190093994140625 0.225906372070312
0.137741088867188 0.0309982299804688 -0.0811309814453125 0.2237548828125
0.118492126464844 0.0608596801757812 -0.00921630859375 0.235549926757813
0.121223449707031 0.0874176025390625 0.05718994140625 0.22607421875
0.149490356445313 0.0662078857421875 0.148025512695313 0.172744750976563
0.17987060546875 0.0399322509765625 0.185302734375 0.0532073974609375
0.179183959960938 0.0535430908203125 0.160308837890625 -0.056549072265625
0.207473754882813 0.0072174072265625 0.169143676757813 -0.195846557617188
0.200973510742188 -0.0088348388671875 0.169036865234375 -0.269088745117188
0.187149047851563 -0.025634765625 0.095672607421875 -0.271759033203125
0.165481567382813 -0.0867767333984375 0.037384033203125 -0.23150634765625
0.187713623046875 -0.0849761962890625 0.0267333984375 -0.171783447265625
0.181488037109375 -0.116241455078125 -0.0526618957519531 -0.0604362487792969
0.168197631835938 -0.101821899414063 -0.142486572265625 -0.018096923828125
0.24517822265625 -0.116668701171875 -0.201828002929687 0.190826416015625
0.212844848632812 -0.038116455078125 -0.16510009765625 0.216232299804688
0.238601684570313 -0.00067138671875 -0.084991455078125 0.2401123046875
0.20721435546875 0.045562744140625 -0.032989501953125 0.248870849609375
0.201919555664062 0.092987060546875 0.0150909423828125 0.230743408203125
0.22607421875 0.0650177001953125 0.090362548828125 0.1658935546875
0.24273681640625 0.0293121337890625 0.106101989746094 0.0501861572265625
0.231460571289063 0.051849365234375 0.077392578125 -0.0493927001953125
0.26568603515625 -0.0010833740234375 0.0843353271484375 -0.179916381835938
0.259002685546875 -0.011260986328125 0.086273193359375 -0.257980346679688
0.25128173828125 -0.029327392578125 0.032684326171875 -0.26068115234375
0.230270385742188 -0.108871459960938 0.00256347656250002 -0.240814208984375
0.268295288085938 -0.0986175537109375 0.019256591796875 -0.211471557617187
0.259002685546875 -0.142898559570313 -0.031280517578125 -0.120018005371094
0.243026733398438 -0.13330078125 -0.0787124633789062 -0.0573959350585938
0.285980224609375 -0.1563720703125 -0.122161865234375 0.149215698242188
0.264480590820313 -0.083831787109375 -0.119949340820312 0.182327270507813
0.30657958984375 -0.051483154296875 -0.0795440673828125 0.236984252929688
0.270675659179688 0.004150390625 -0.06072998046875 0.250930786132813
0.259811401367188 0.0686798095703125 -0.0422515869140625 0.2314453125
0.27374267578125 0.039031982421875 0.00659179687500002 0.165206909179688
0.270339965820313 0.0086822509765625 0.00708770751953127 0.06121826171875
0.24945068359375 0.0415496826171875 -0.0150012969970703 -0.032073974609375
0.280685424804688 -0.0032196044921875 -0.00906372070312497 -0.155532836914063
0.272384643554688 -0.0012054443359375 -0.00559997558593748 -0.237564086914063
0.268600463867188 -0.0141448974609375 -0.029449462890625 -0.243072509765625
0.253082275390625 -0.0982208251953125 -0.024139404296875 -0.241622924804688
0.3017578125 -0.08233642578125 0.0240478515625 -0.241287231445312
0.294708251953125 -0.134307861328125 0.00717163085937503 -0.177261352539062
0.279922485351563 -0.138839721679688 0.00880432128906251 -0.104202270507813
0.279403686523438 -0.173233032226563 -0.0334320068359375 0.0917129516601562
0.265594482421875 -0.116180419921875 -0.0664596557617187 0.125686645507813
0.31072998046875 -0.098876953125 -0.071929931640625 0.210479736328125
0.276077270507813 -0.042633056640625 -0.0892486572265625 0.241256713867188
0.267013549804688 0.02496337890625 -0.104751586914063 0.23199462890625
0.27239990234375 0.0011444091796875 -0.0877685546875 0.177963256835938
0.254135131835938 -0.01531982421875 -0.0949478149414062 0.0878753662109375
0.228958129882812 0.025634765625 -0.103378295898437 -0.00822448730468752
0.251434326171875 -0.0031585693359375 -0.0989761352539062 -0.131088256835938
0.237442016601563 0.010772705078125 -0.08807373046875 -0.21917724609375
0.23443603515625 0.0074615478515625 -0.079742431640625 -0.225692749023437
0.228057861328125 -0.064788818359375 -0.037078857421875 -0.2318115234375
0.27813720703125 -0.0491943359375 0.0398406982421875 -0.249862670898438
0.280563354492188 -0.100631713867187 0.0572509765625 -0.21649169921875
0.271591186523438 -0.1209716796875 0.1043701171875 -0.144378662109375
0.22412109375 -0.15557861328125 0.0490036010742188 0.0308456420898437
0.217437744140625 -0.116043090820313 -0.0159111022949219 0.0610580444335937
0.25244140625 -0.111785888671875 -0.06756591796875 0.171218872070313
0.2215576171875 -0.0671844482421875 -0.111709594726563 0.227142333984375
0.21661376953125 -0.0111083984375 -0.154525756835937 0.233718872070313
0.217193603515625 -0.03125 -0.169342041015625 0.203521728515625
0.195144653320312 -0.0335845947265625 -0.179061889648438 0.125823974609375
0.174545288085938 0.0047149658203125 -0.17425537109375 0.01715087890625
0.185623168945313 -0.0057525634765625 -0.170516967773438 -0.113143920898438
0.170364379882812 0.0118408203125 -0.146514892578125 -0.205657958984375
0.167236328125 0.0157623291015625 -0.1085205078125 -0.211151123046875
0.167327880859375 -0.035614013671875 -0.0394134521484375 -0.21600341796875
0.213165283203125 -0.02203369140625 0.056671142578125 -0.236907958984375
0.223831176757813 -0.063079833984375 0.104202270507812 -0.229888916015625
0.22265625 -0.0923919677734375 0.19354248046875 -0.173202514648438
0.134368896484375 -0.105949401855469 0.112457275390625 -0.0178604125976563
0.134613037109375 -0.079315185546875 0.0227127075195313 0.0112838745117187
0.15240478515625 -0.082183837890625 -0.0645828247070312 0.139999389648438
0.128486633300781 -0.0568313598632813 -0.121047973632812 0.219131469726563
0.126091003417969 -0.0257720947265625 -0.182830810546875 0.240371704101563
0.122871398925781 -0.043792724609375 -0.219436645507813 0.235595703125
0.102081298828125 -0.040069580078125 -0.230499267578125 0.16473388671875
0.0940628051757813 -0.0166702270507813 -0.218368530273437 0.0389251708984375
0.0987167358398438 -0.0161056518554688 -0.214828491210937 -0.099884033203125
0.092010498046875 -0.0034942626953125 -0.176620483398437 -0.197418212890625
0.0934600830078125 0.00247955322265625 -0.1175537109375 -0.203948974609375
0.0985183715820313 -0.0235748291015625 -0.0345306396484375 -0.200637817382812
0.132888793945313 -0.014068603515625 0.068115234375 -0.216339111328125
0.141311645507813 -0.036529541015625 0.139312744140625 -0.227493286132812
0.1422119140625 -0.0618133544921875 0.262786865234375 -0.1895751953125
-0.0437736511230469 0.0284080505371094 -0.284454345703125 0.22515869140625
-0.0485000610351563 0.0303878784179687 -0.1807861328125 0.230422973632813
-0.0502128601074219 0.0330162048339844 -0.04766845703125 0.204727172851563
-0.0299453735351563 0.0359573364257812 0.0367889404296875 0.229293823242187
-0.0163841247558594 0.0231571197509766 0.111984252929688 0.229812622070312
-0.0156822204589844 0.0199775695800781 0.200790405273438 0.199188232421875
0.00616455078125 0.0266952514648438 0.266021728515625 0.088775634765625
0.00792121887207031 0.0319995880126953 0.254653930664063 -0.03021240234375
0.00537490844726563 0.0280113220214844 0.258224487304688 -0.181854248046875
0.000354766845703125 0.020355224609375 0.255752563476563 -0.260879516601563
-0.0138645172119141 0.0224990844726563 0.16534423828125 -0.2845458984375
-0.0208244323730469 0.0226764678955078 0.085662841796875 -0.231201171875
-0.0450973510742188 0.00653076171875 0.0434722900390625 -0.143463134765625
-0.0416488647460938 0.0124092102050781 -0.0522956848144531 -0.0177764892578125
-0.0494613647460937 0.0179710388183594 -0.173370361328125 -0.00292968750000001
0.0655250549316406 -0.0139007568359375 -0.29046630859375 0.2283935546875
0.0375518798828125 0.0222244262695313 -0.194168090820313 0.231201171875
0.0355682373046875 0.0410499572753906 -0.0606842041015625 0.21197509765625
0.0351028442382812 0.0559196472167969 0.0218658447265625 0.230789184570313
0.0449752807617188 0.0616073608398438 0.094879150390625 0.231857299804688
0.0642662048339844 0.0506401062011719 0.188766479492188 0.193130493164062
0.0987167358398437 0.0404815673828125 0.243988037109375 0.0751953125
0.103126525878906 0.0501937866210938 0.223922729492188 -0.043975830078125
0.117965698242188 0.0204315185546875 0.229156494140625 -0.199325561523437
0.112014770507812 0.00670623779296875 0.227264404296875 -0.277984619140625
0.0965652465820312 -0.00257110595703125 0.1385498046875 -0.28900146484375
0.0793609619140625 -0.036712646484375 0.062896728515625 -0.237319946289063
0.0791702270507813 -0.0448455810546875 0.0322723388671875 -0.157943725585937
0.0774459838867188 -0.0594558715820312 -0.0623931884765625 -0.030487060546875
0.0677566528320313 -0.0469512939453125 -0.177444458007813 -0.00376892089843753
0.167800903320313 -0.062591552734375 -0.26446533203125 0.224105834960938
0.129074096679688 0.004150390625 -0.189712524414063 0.2359619140625
0.135604858398437 0.0378799438476562 -0.0716400146484375 0.232589721679688
0.116806030273438 0.0675048828125 0.00177001953125003 0.244964599609375
0.120292663574219 0.0938949584960938 0.06829833984375 0.2371826171875
0.148147583007813 0.0733489990234375 0.157730102539063 0.183929443359375
0.181961059570313 0.0456695556640625 0.190414428710938 0.0620574951171875
0.18231201171875 0.0601348876953125 0.161590576171875 -0.0509033203125
0.211441040039063 0.01092529296875 0.165969848632813 -0.199020385742188
0.2054443359375 -0.0056304931640625 0.16534423828125 -0.279861450195313
0.192977905273438 -0.0223541259765625 0.08734130859375 -0.283477783203125
0.169784545898437 -0.0853271484375 0.028045654296875 -0.246139526367187
0.191177368164063 -0.0850067138671875 0.01751708984375 -0.189620971679688
0.183929443359375 -0.116287231445312 -0.059326171875 -0.0730743408203125
0.172149658203125 -0.101211547851563 -0.144317626953125 -0.02764892578125
0.248565673828125 -0.1124267578125 -0.208358764648438 0.202178955078125
0.214080810546875 -0.032196044921875 -0.1641845703125 0.229904174804688
0.239471435546875 0.006561279296875 -0.07470703125 0.252120971679688
0.206878662109375 0.0537872314453125 -0.02081298828125 0.2613525390625
0.202102661132812 0.102401733398438 0.0260009765625 0.243682861328125
0.226821899414062 0.074127197265625 0.0993499755859375 0.175521850585938
0.244369506835938 0.0371856689453125 0.109756469726563 0.0571517944335938
0.235458374023438 0.0603485107421875 0.07745361328125 -0.044891357421875
0.270034790039063 0.0043792724609375 0.0796661376953125 -0.183929443359375
0.26470947265625 -0.0059814453125 0.0785675048828125 -0.266738891601563
0.257797241210938 -0.0239410400390625 0.023284912109375 -0.271224975585938
0.235015869140625 -0.10565185546875 -0.00845336914062499 -0.252822875976563
0.272445678710938 -0.0973663330078125 0.00874328613281254 -0.227890014648438
0.2626953125 -0.1424560546875 -0.038665771484375 -0.132431030273438
0.249267578125 -0.132354736328125 -0.0790176391601562 -0.0671920776367188
0.29052734375 -0.15374755859375 -0.127243041992187 0.162689208984375
0.267227172851563 -0.07861328125 -0.118240356445312 0.198867797851563
0.308929443359375 -0.0467529296875 -0.0699462890625 0.252426147460938
0.271957397460938 0.011871337890625 -0.0491943359375 0.266494750976563
0.262710571289063 0.0771942138671875 -0.0325469970703125 0.245269775390625
0.275863647460938 0.04833984375 0.01373291015625 0.17431640625
0.272537231445313 0.016815185546875 0.0100021362304688 0.0668067932128906
0.2523193359375 0.0503082275390625 -0.0157394409179687 -0.0296306610107422
0.284423828125 0.003997802734375 -0.0165863037109375 -0.160308837890625
0.276107788085938 0.005645751953125 -0.0157012939453125 -0.24652099609375
0.273773193359375 -0.00592041015625 -0.04119873046875 -0.251205444335937
0.258392333984375 -0.0927581787109375 -0.035675048828125 -0.251373291015625
0.305572509765625 -0.07940673828125 0.0133056640625 -0.255462646484375
0.298248291015625 -0.1318359375 0.00035095214843753 -0.188385009765625
0.286865234375 -0.1368408203125 0.0103302001953125 -0.1121826171875
0.282562255859375 -0.17303466796875 -0.0360107421875 0.106124877929688
0.26983642578125 -0.113861083984375 -0.064117431640625 0.143798828125
0.314910888671875 -0.096710205078125 -0.0630950927734375 0.227218627929688
0.278427124023438 -0.038360595703125 -0.0782012939453125 0.2584228515625
0.2708740234375 0.0321197509765625 -0.0970458984375 0.245193481445312
0.27459716796875 0.0087738037109375 -0.0825958251953125 0.186477661132813
0.255645751953125 -0.008636474609375 -0.0929031372070312 0.0924072265625
0.23089599609375 0.0331268310546875 -0.10455322265625 -0.008575439453125
0.25299072265625 0.0045623779296875 -0.107154846191406 -0.138313293457031
0.240234375 0.018218994140625 -0.0995941162109375 -0.227645874023438
0.237213134765625 0.0161285400390625 -0.0924530029296875 -0.232162475585938
0.230148315429688 -0.0587158203125 -0.048095703125 -0.240020751953125
0.28118896484375 -0.045654296875 0.029449462890625 -0.260604858398438
0.283843994140625 -0.097808837890625 0.0514678955078125 -0.224761962890625
0.277923583984375 -0.119430541992188 0.109405517578125 -0.151901245117188
0.226974487304687 -0.156906127929688 0.0487174987792969 0.0447349548339844
0.22076416015625 -0.11614990234375 -0.0122299194335937 0.0791091918945312
0.256103515625 -0.112960815429688 -0.059326171875 0.189239501953125
0.223968505859375 -0.065887451171875 -0.10125732421875 0.244964599609375
0.22088623046875 -0.0079193115234375 -0.14862060546875 0.248428344726562
0.219131469726563 -0.0257415771484375 -0.166168212890625 0.21173095703125
0.195144653320313 -0.02801513671875 -0.178115844726562 0.1287841796875
0.174667358398438 0.0110931396484375 -0.175033569335938 0.013763427734375
0.185623168945312 0.0010833740234375 -0.178192138671875 -0.121017456054688
0.170974731445313 0.0186004638671875 -0.157501220703125 -0.215469360351563
0.166824340820313 0.022918701171875 -0.120803833007813 -0.218093872070313
0.167312622070313 -0.02960205078125 -0.0492095947265625 -0.22216796875
0.213973999023438 -0.0194091796875 0.0465850830078125 -0.244064331054688
0.2254638671875 -0.059814453125 0.0992889404296875 -0.235855102539063
0.227645874023438 -0.0914764404296875 0.19989013671875 -0.17987060546875
0.136543273925781 -0.1082763671875 0.113029479980469 -0.00526428222656251
0.13677978515625 -0.08087158203125 0.0279369354248047 0.0276069641113281
0.154510498046875 -0.084869384765625 -0.056610107421875 0.158401489257813
0.1298828125 -0.0572357177734375 -0.112091064453125 0.235946655273438
0.129753112792969 -0.0252914428710938 -0.177108764648437 0.254364013671875
0.123924255371094 -0.0415115356445312 -0.217971801757813 0.244964599609375
0.1007080078125 -0.0370635986328125 -0.229721069335938 0.166397094726563
0.0932235717773438 -0.0126419067382813 -0.219146728515625 0.034515380859375
0.0977554321289063 -0.010772705078125 -0.221908569335937 -0.109405517578125
0.091033935546875 -0.00032806396484375 -0.186538696289063 -0.207168579101562
0.0917816162109375 0.00646209716796875 -0.128311157226562 -0.209869384765625
0.0976028442382813 -0.021392822265625 -0.0451507568359375 -0.206008911132812
0.133224487304688 -0.01348876953125 0.0579071044921875 -0.220809936523438
0.14202880859375 -0.0357208251953125 0.135025024414063 -0.230712890625
0.14520263671875 -0.0616455078125 0.270050048828125 -0.1947021484375
-0.0443000793457031 0.0323867797851563 -0.29119873046875 0.239501953125
-0.0505943298339844 0.0326423645019531 -0.175949096679688 0.240371704101563
-0.05133056640625 0.035614013671875 -0.0335235595703125 0.212493896484375
-0.0287017822265625 0.0368118286132813 0.05511474609375 0.235733032226563
-0.0154533386230469 0.0220680236816406 0.130966186523438 0.23919677734375
-0.0165081024169922 0.0197811126708984 0.218994140625 0.209304809570313
0.00709152221679688 0.0260887145996094 0.280715942382813 0.0930938720703125
0.0116519927978516 0.0318202972412109 0.261138916015625 -0.0293121337890625
0.00857734680175781 0.0280303955078125 0.2584228515625 -0.190887451171875
0.0022430419921875 0.0203475952148438 0.251846313476563 -0.280105590820313
-0.011138916015625 0.0227584838867187 0.15521240234375 -0.3062744140625
-0.0190391540527344 0.0235118865966797 0.0726470947265625 -0.252182006835938
-0.0466232299804687 0.008941650390625 0.0330810546875 -0.165969848632813
-0.0416030883789063 0.01422119140625 -0.0600242614746094 -0.0318107604980469
-0.050140380859375 0.0211868286132813 -0.180023193359375 -0.011077880859375
0.0661544799804687 -0.0113182067871094 -0.297454833984375 0.244720458984375
0.0369033813476563 0.0261878967285156 -0.189910888671875 0.243789672851562
0.0351676940917969 0.0457839965820313 -0.04595947265625 0.22076416015625
0.0365638732910156 0.059600830078125 0.040008544921875 0.238449096679688
0.0463790893554687 0.0648460388183594 0.1134033203125 0.242950439453125
0.0661354064941406 0.0543289184570313 0.20697021484375 0.2022705078125
0.102081298828125 0.0416107177734375 0.256607055664063 0.0801239013671875
0.109130859375 0.0516815185546875 0.229324340820312 -0.0428619384765625
0.124801635742188 0.0204620361328125 0.227325439453125 -0.208419799804688
0.117729187011719 0.00609588623046875 0.221038818359375 -0.29669189453125
0.102493286132813 -0.0027313232421875 0.126739501953125 -0.30859375
0.0833969116210938 -0.0378646850585937 0.04803466796875 -0.257003784179688
0.0809173583984375 -0.0469741821289063 0.019256591796875 -0.1787109375
0.0783767700195313 -0.0617218017578125 -0.0715408325195313 -0.0441131591796875
0.069488525390625 -0.04766845703125 -0.183975219726563 -0.0107574462890625
0.171417236328125 -0.0602569580078125 -0.270584106445312 0.241943359375
0.131462097167969 0.00839996337890625 -0.186676025390625 0.251251220703125
0.138198852539063 0.0429763793945313 -0.0573883056640625 0.244827270507813
0.118942260742188 0.0733184814453125 0.02093505859375 0.256256103515625
0.123291015625 0.100326538085938 0.0864105224609375 0.249908447265625
0.152389526367188 0.0788726806640625 0.174942016601563 0.192840576171875
0.187698364257813 0.0484771728515625 0.2022705078125 0.067535400390625
0.190811157226563 0.0627288818359375 0.164749145507813 -0.0489654541015625
0.22015380859375 0.0108642578125 0.160903930664062 -0.207077026367187
0.214157104492188 -0.006805419921875 0.155364990234375 -0.296844482421875
0.201034545898438 -0.023590087890625 0.0738525390625 -0.300933837890625
0.175277709960938 -0.08831787109375 0.011260986328125 -0.263961791992188
0.194976806640625 -0.0902099609375 0.00172424316406253 -0.2105712890625
0.186233520507813 -0.121978759765625 -0.0703887939453125 -0.0858230590820313
0.1771240234375 -0.10516357421875 -0.149276733398438 -0.034912109375
0.253326416015625 -0.113479614257813 -0.211135864257813 0.22247314453125
0.218185424804688 -0.030059814453125 -0.158721923828125 0.24859619140625
0.24371337890625 0.0106048583984375 -0.059112548828125 0.268524169921875
0.210708618164062 0.0592803955078125 -0.001953125 0.276443481445312
0.20867919921875 0.108932495117187 0.0431060791015625 0.258132934570313
0.233489990234375 0.080535888671875 0.115249633789063 0.18505859375
0.2515869140625 0.0407257080078125 0.118392944335938 0.063385009765625
0.24432373046875 0.0642547607421875 0.0785980224609375 -0.0425796508789062
0.279556274414063 0.0056915283203125 0.0711822509765625 -0.1905517578125
0.274383544921875 -0.006256103515625 0.065277099609375 -0.280792236328125
0.267486572265625 -0.0244293212890625 0.00692749023437499 -0.283599853515625
0.2412109375 -0.108810424804688 -0.0258636474609375 -0.2679443359375
0.279510498046875 -0.103363037109375 -0.00885009765624998 -0.24652099609375
0.266921997070313 -0.148895263671875 -0.0507965087890625 -0.145004272460938
0.256149291992188 -0.137557983398438 -0.0824737548828125 -0.0761795043945313
0.295166015625 -0.158905029296875 -0.12762451171875 0.181976318359375
0.272323608398437 -0.079986572265625 -0.1114501953125 0.220733642578125
0.316436767578125 -0.0477294921875 -0.053192138671875 0.271926879882813
0.277297973632813 0.0147552490234375 -0.029876708984375 0.28515625
0.27239990234375 0.0826263427734375 -0.015350341796875 0.262054443359375
0.284637451171875 0.05328369140625 0.026763916015625 0.184722900390625
0.280181884765625 0.0200347900390625 0.0158767700195313 0.072906494140625
0.260665893554688 0.05499267578125 -0.0165958404541015 -0.0279026031494141
0.292510986328125 0.00665283203125 -0.0272979736328125 -0.166229248046875
0.285980224609375 0.006988525390625 -0.032073974609375 -0.257369995117188
0.282501220703125 -0.00439453125 -0.06024169921875 -0.260833740234375
0.264404296875 -0.093414306640625 -0.05389404296875 -0.263427734375
0.312347412109375 -0.083984375 -0.00602722167968751 -0.271713256835938
0.303802490234375 -0.13824462890625 -0.0116729736328125 -0.201065063476563
0.29425048828125 -0.142974853515625 0.00938415527343752 -0.122787475585938
0.287109375 -0.179656982421875 -0.0345535278320312 0.123481750488281
0.274566650390625 -0.117965698242188 -0.055877685546875 0.164779663085938
0.32110595703125 -0.101715087890625 -0.046356201171875 0.249069213867187
0.284423828125 -0.038970947265625 -0.0596771240234375 0.279556274414063
0.2811279296875 0.033203125 -0.0820007324218749 0.26519775390625
0.282684326171875 0.01171875 -0.073455810546875 0.198684692382812
0.26141357421875 -0.0059356689453125 -0.089202880859375 0.0984954833984375
0.23736572265625 0.03802490234375 -0.105926513671875 -0.00798034667968752
0.259140014648438 0.0081329345703125 -0.119766235351562 -0.14385986328125
0.24688720703125 0.021881103515625 -0.117706298828125 -0.236541748046875
0.243408203125 0.0204925537109375 -0.11175537109375 -0.23870849609375
0.234817504882813 -0.057342529296875 -0.0663604736328125 -0.249588012695313
0.28704833984375 -0.048095703125 0.0118865966796875 -0.274017333984375
0.288238525390625 -0.101593017578125 0.040496826171875 -0.236801147460938
0.285980224609375 -0.124847412109375 0.111160278320313 -0.164352416992187
0.23028564453125 -0.164703369140625 0.0516586303710938 0.0587692260742187
0.224655151367188 -0.121810913085938 -0.00399017333984374 0.0981597900390625
0.260421752929688 -0.12066650390625 -0.0438385009765625 0.210922241210938
0.227706909179687 -0.069091796875 -0.085296630859375 0.266555786132812
0.228927612304687 -0.009368896484375 -0.136978149414062 0.267898559570313
0.224700927734375 -0.02545166015625 -0.159713745117188 0.2266845703125
0.19842529296875 -0.0271759033203125 -0.175521850585937 0.13653564453125
0.178421020507813 0.0149688720703125 -0.177566528320313 0.013824462890625
0.18914794921875 0.0051727294921875 -0.191864013671875 -0.127182006835937
0.17431640625 0.022369384765625 -0.176925659179688 -0.2227783203125
0.169540405273437 0.02740478515625 -0.1396484375 -0.223648071289062
0.169326782226563 -0.026947021484375 -0.0661163330078125 -0.2288818359375
0.2171630859375 -0.0206756591796875 0.0310821533203125 -0.25439453125
0.22906494140625 -0.0621337890625 0.0900726318359375 -0.246124267578125
0.233566284179688 -0.0962982177734375 0.204010009765625 -0.193191528320313
0.137474060058594 -0.11505126953125 0.117889404296875 0.00581359863281249
0.139389038085938 -0.08612060546875 0.0362472534179688 0.0431861877441406
0.156234741210938 -0.0908355712890625 -0.0422210693359375 0.179550170898438
0.131996154785156 -0.0606918334960938 -0.0963287353515625 0.25909423828125
0.133537292480469 -0.0279159545898438 -0.167098999023437 0.275421142578125
0.125411987304688 -0.0418853759765625 -0.212600708007813 0.261688232421875
0.1004638671875 -0.036224365234375 -0.228469848632813 0.17486572265625
0.0934524536132813 -0.010650634765625 -0.222518920898437 0.0329742431640625
0.0983123779296875 -0.0072479248046875 -0.23577880859375 -0.116226196289062
0.0920791625976562 0.00274658203125 -0.2049560546875 -0.214950561523438
0.0917434692382813 0.00885009765625 -0.146743774414063 -0.216064453125
0.0972747802734375 -0.019287109375 -0.0602264404296875 -0.211883544921875
0.13433837890625 -0.0160140991210938 0.0441741943359375 -0.22869873046875
0.14385986328125 -0.036529541015625 0.127166748046875 -0.240203857421875
0.148880004882813 -0.0654449462890625 0.276092529296875 -0.210037231445313
-0.0435028076171875 0.0383415222167969 -0.287689208984375 0.260009765625
-0.0505867004394531 0.0371131896972656 -0.163803100585938 0.251663208007813
-0.051910400390625 0.0401229858398438 -0.011962890625 0.214981079101563
-0.0272254943847656 0.037933349609375 0.0797119140625 0.236114501953125
-0.0145683288574219 0.0210208892822266 0.156723022460938 0.240798950195313
-0.0162143707275391 0.0201759338378906 0.243453979492188 0.210006713867188
0.00909614562988281 0.0256099700927734 0.29681396484375 0.089813232421875
0.0150299072265625 0.0300121307373047 0.266326904296875 -0.03399658203125
0.0127811431884766 0.0261440277099609 0.25128173828125 -0.204421997070313
0.00400543212890625 0.0206050872802734 0.23675537109375 -0.30255126953125
-0.00856781005859375 0.0226993560791016 0.13330078125 -0.327056884765625
-0.0165557861328125 0.0242137908935547 0.0489501953125 -0.2720947265625
-0.0471954345703125 0.0120048522949219 0.0129852294921875 -0.186126708984375
-0.0410003662109375 0.0175094604492187 -0.0708770751953125 -0.0443954467773437
-0.0511283874511719 0.0259857177734375 -0.187423706054688 -0.0145263671875
0.0690956115722656 -0.00899887084960937 -0.2939453125 0.26654052734375
0.0381965637207031 0.0297813415527344 -0.17755126953125 0.257476806640625
0.0365943908691406 0.0497817993164062 -0.0240478515625 0.226058959960938
0.0388031005859375 0.0624656677246094 0.0655670166015625 0.241729736328125
0.0494499206542969 0.0662460327148438 0.139541625976563 0.246063232421875
0.069244384765625 0.0559539794921875 0.2305908203125 0.203933715820312
0.106781005859375 0.0407257080078125 0.2711181640625 0.078277587890625
0.116157531738281 0.0492401123046875 0.23297119140625 -0.04656982421875
0.130905151367188 0.0158233642578125 0.217742919921875 -0.220458984375
0.121910095214844 0.00234222412109375 0.203765869140625 -0.31805419921875
0.106819152832031 -0.00644683837890625 0.1043701171875 -0.328094482421875
0.0849990844726563 -0.0418777465820313 0.02398681640625 -0.274520874023438
0.080047607421875 -0.0500411987304687 -0.0025787353515625 -0.198532104492187
0.0777435302734375 -0.0648269653320312 -0.0842056274414063 -0.0546951293945313
0.0694503784179688 -0.0488777160644531 -0.190582275390625 -0.0130462646484375
0.173446655273438 -0.063140869140625 -0.265045166015625 0.263809204101563
0.133644104003906 0.00948333740234375 -0.171401977539063 0.26885986328125
0.142074584960938 0.045379638671875 -0.0333251953125 0.25335693359375
0.122581481933594 0.0764541625976563 0.0486907958984375 0.262649536132813
0.129302978515625 0.102500915527344 0.113265991210938 0.256271362304688
0.15887451171875 0.080780029296875 0.198455810546875 0.196029663085938
0.193878173828125 0.047210693359375 0.214584350585938 0.06719970703125
0.2003173828125 0.060882568359375 0.166412353515625 -0.049346923828125
0.228469848632813 0.005096435546875 0.1497802734375 -0.215789794921875
0.220932006835938 -0.012481689453125 0.135467529296875 -0.3135986328125
0.207199096679688 -0.0298614501953125 0.050018310546875 -0.315582275390625
0.177352905273438 -0.095306396484375 -0.01373291015625 -0.2779541015625
0.195419311523438 -0.0982818603515625 -0.0225677490234375 -0.227767944335937
0.1846923828125 -0.130569458007813 -0.0853958129882812 -0.0961532592773438
0.177993774414062 -0.111862182617187 -0.156600952148438 -0.0383148193359375
0.254989624023438 -0.120681762695313 -0.20489501953125 0.2452392578125
0.22076416015625 -0.0318756103515625 -0.14373779296875 0.268844604492188
0.248916625976563 0.0083465576171875 -0.0327606201171875 0.280685424804688
0.21600341796875 0.0604248046875 0.028045654296875 0.285797119140625
0.217788696289063 0.110137939453125 0.07159423828125 0.267562866210938
0.241928100585938 0.0809173583984375 0.136337280273438 0.18914794921875
0.259292602539062 0.038238525390625 0.129745483398438 0.0652542114257813
0.254135131835938 0.0625457763671875 0.0789718627929688 -0.0414962768554688
0.28839111328125 -0.00042724609375 0.057220458984375 -0.196121215820313
0.282989501953125 -0.012603759765625 0.042327880859375 -0.29266357421875
0.2744140625 -0.0310821533203125 -0.0184326171875 -0.292724609375
0.244247436523438 -0.117019653320313 -0.0526275634765625 -0.278472900390625
0.280593872070312 -0.11468505859375 -0.0356292724609375 -0.261260986328125
0.26507568359375 -0.16009521484375 -0.068695068359375 -0.154037475585938
0.25750732421875 -0.14849853515625 -0.0890884399414062 -0.0822906494140625
0.295013427734375 -0.168914794921875 -0.120361328125 0.202072143554687
0.274917602539062 -0.086761474609375 -0.0953216552734375 0.241226196289062
0.319671630859375 -0.05517578125 -0.025787353515625 0.288238525390625
0.28314208984375 0.0106201171875 0.000518798828125047 0.29913330078125
0.28289794921875 0.080474853515625 0.0108642578125 0.275238037109375
0.293975830078125 0.052093505859375 0.045989990234375 0.192123413085938
0.286407470703125 0.01776123046875 0.0252227783203125 0.0773696899414063
0.2698974609375 0.0540618896484375 -0.0174827575683594 -0.0255870819091797
0.300567626953125 0.001617431640625 -0.0421905517578125 -0.169357299804688
0.294189453125 0.00250244140625 -0.0570220947265625 -0.263641357421875
0.290679931640625 -0.00885009765625 -0.0848388671875 -0.264739990234375
0.267852783203125 -0.099578857421875 -0.0799560546875 -0.269760131835938
0.3150634765625 -0.095672607421875 -0.033111572265625 -0.283660888671875
0.302886962890625 -0.149566650390625 -0.030609130859375 -0.210540771484375
0.29656982421875 -0.155181884765625 0.00339508056640627 -0.132774353027344
0.285736083984375 -0.19207763671875 -0.0272903442382812 0.140365600585938
0.275299072265625 -0.127700805664063 -0.04052734375 0.18536376953125
0.323028564453125 -0.11431884765625 -0.0191650390625 0.26727294921875
0.287139892578125 -0.045379638671875 -0.030364990234375 0.296783447265625
0.290740966796875 0.027313232421875 -0.057342529296875 0.2816162109375
0.290771484375 0.00799560546875 -0.056365966796875 0.21099853515625
0.266860961914062 -0.0087738037109375 -0.0814590454101562 0.106063842773438
0.244354248046875 0.0372772216796875 -0.107040405273438 -0.00481414794921876
0.265960693359375 0.0064239501953125 -0.1363525390625 -0.143722534179687
0.25347900390625 0.0197601318359375 -0.143875122070312 -0.23822021484375
0.249740600585938 0.0187530517578125 -0.136825561523437 -0.239501953125
0.237930297851563 -0.0604248046875 -0.090728759765625 -0.252487182617187
0.289215087890625 -0.057220458984375 -0.014129638671875 -0.28289794921875
0.2884521484375 -0.1107177734375 0.0219268798828125 -0.246292114257813
0.28863525390625 -0.136566162109375 0.106460571289063 -0.177703857421875
0.227401733398438 -0.176254272460938 0.05914306640625 0.0714187622070312
0.224288940429688 -0.131759643554688 0.00973510742187501 0.115371704101562
0.259445190429688 -0.132415771484375 -0.018707275390625 0.230422973632812
0.22900390625 -0.07757568359375 -0.057891845703125 0.286346435546875
0.235031127929688 -0.0165252685546875 -0.113525390625 0.288055419921875
0.2288818359375 -0.0297088623046875 -0.144393920898437 0.242843627929687
0.200241088867188 -0.028900146484375 -0.168289184570313 0.146255493164063
0.182952880859375 0.014984130859375 -0.178909301757812 0.017333984375
0.193511962890625 0.005279541015625 -0.208770751953125 -0.125732421875
0.178680419921875 0.022735595703125 -0.20147705078125 -0.222427368164063
0.172561645507813 0.0284576416015625 -0.163162231445313 -0.222488403320313
0.170272827148437 -0.0276641845703125 -0.0887603759765625 -0.230667114257813
0.218063354492188 -0.02716064453125 0.00798034667968749 -0.260818481445313
0.228958129882813 -0.0680999755859375 0.0725250244140625 -0.254913330078125
0.23577880859375 -0.105148315429688 0.200881958007813 -0.2100830078125
0.134780883789063 -0.123077392578125 0.124687194824219 0.0135040283203125
0.138160705566406 -0.0930328369140625 0.048492431640625 0.0571784973144531
0.155120849609375 -0.100082397460938 -0.01953125 0.199417114257813
0.130859375 -0.066802978515625 -0.0694427490234375 0.279586791992188
0.13629150390625 -0.0347824096679688 -0.144866943359375 0.296905517578125
0.126228332519531 -0.0450210571289063 -0.195510864257812 0.281112670898438
0.0997848510742188 -0.036346435546875 -0.220703125 0.186172485351563
0.0943984985351563 -0.0100326538085938 -0.223739624023438 0.036834716796875
0.0999679565429688 -0.0055694580078125 -0.252655029296875 -0.114715576171875
0.0919113159179688 0.00418853759765625 -0.229034423828125 -0.214996337890625
0.0918426513671875 0.0105743408203125 -0.169998168945313 -0.214263916015625
0.0966720581054688 -0.0197219848632813 -0.0819854736328125 -0.212493896484375
0.134063720703125 -0.019744873046875 0.0228118896484375 -0.233428955078125
0.143875122070312 -0.0404205322265625 0.111572265625 -0.248397827148437
0.148880004882813 -0.072021484375 0.273696899414063 -0.229751586914063
-0.0402336120605469 0.0424156188964844 -0.274093627929688 0.273773193359375
-0.0488777160644531 0.0406341552734375 -0.145767211914062 0.256866455078125
-0.0497016906738281 0.0442008972167969 0.010284423828125 0.20892333984375
-0.0245704650878906 0.038238525390625 0.103652954101563 0.225799560546875
-0.0139522552490234 0.0200634002685547 0.180084228515625 0.232009887695312
-0.0160446166992188 0.0200729370117188 0.263961791992188 0.202224731445313
0.010955810546875 0.0243358612060547 0.306671142578125 0.08123779296875
0.0174407958984375 0.0270328521728516 0.265060424804688 -0.0389251708984375
0.0164222717285156 0.0230445861816406 0.236541748046875 -0.213333129882813
0.0063018798828125 0.0193347930908203 0.2120361328125 -0.31591796875
-0.00595474243164063 0.0215492248535156 0.10491943359375 -0.33856201171875
-0.0137748718261719 0.0240306854248047 0.019500732421875 -0.281021118164063
-0.0467948913574219 0.0158157348632813 -0.011138916015625 -0.199005126953125
-0.0390510559082031 0.0197944641113281 -0.0836563110351563 -0.0529708862304687
-0.0491371154785156 0.030487060546875 -0.19158935546875 -0.015899658203125
0.0698165893554688 -0.00767135620117188 -0.27947998046875 0.282470703125
0.0398330688476563 0.0320587158203125 -0.158004760742188 0.263824462890625
0.0386276245117188 0.0533103942871094 -0.000244140625000011 0.220947265625
0.0411262512207031 0.0631256103515625 0.090484619140625 0.233612060546875
0.0514144897460937 0.0658493041992188 0.164321899414063 0.239044189453125
0.0716171264648438 0.0547409057617188 0.250411987304688 0.196365356445312
0.109092712402344 0.0376968383789063 0.279891967773438 0.070648193359375
0.120216369628906 0.0449066162109375 0.2310791015625 -0.049163818359375
0.134147644042969 0.00992584228515625 0.2022705078125 -0.226608276367188
0.123947143554688 -0.00238800048828125 0.177978515625 -0.3282470703125
0.108161926269531 -0.0108413696289062 0.075286865234375 -0.335723876953125
0.084625244140625 -0.0443115234375 -0.00558471679687498 -0.281768798828125
0.0772552490234375 -0.05206298828125 -0.028289794921875 -0.20941162109375
0.0744247436523438 -0.0673980712890625 -0.0980453491210938 -0.0612716674804688
0.068328857421875 -0.0492897033691406 -0.194366455078125 -0.013336181640625
0.172271728515625 -0.0645294189453125 -0.250274658203125 0.280517578125
0.134063720703125 0.0098876953125 -0.150192260742187 0.27825927734375
0.142745971679688 0.04620361328125 -0.00648498535156251 0.251022338867188
0.125022888183594 0.0771713256835938 0.0769195556640625 0.25665283203125
0.133628845214844 0.101753234863281 0.1395263671875 0.251739501953125
0.163070678710938 0.0791473388671875 0.218170166015625 0.188491821289063
0.196578979492188 0.043304443359375 0.223312377929688 0.062896728515625
0.204910278320313 0.055328369140625 0.164474487304688 -0.0493621826171875
0.230941772460938 -0.003570556640625 0.13311767578125 -0.218643188476563
0.22137451171875 -0.019622802734375 0.110015869140625 -0.320587158203125
0.208221435546875 -0.0370941162109375 0.02191162109375 -0.31939697265625
0.1748046875 -0.101089477539063 -0.043487548828125 -0.281524658203125
0.1903076171875 -0.10498046875 -0.0507965087890625 -0.234344482421875
0.176986694335938 -0.135574340820313 -0.101570129394531 -0.0997848510742188
0.174118041992188 -0.1165771484375 -0.16229248046875 -0.039276123046875
0.2498779296875 -0.125457763671875 -0.189620971679688 0.261077880859375
0.219512939453125 -0.035186767578125 -0.121337890625 0.280853271484375
0.248199462890625 0.0050201416015625 -0.00186157226562497 0.281951904296875
0.217071533203125 0.0586700439453125 0.05859375 0.2847900390625
0.223342895507813 0.106826782226562 0.100326538085938 0.265670776367188
0.247390747070313 0.0778961181640625 0.15716552734375 0.1851806640625
0.262161254882812 0.0341796875 0.138679504394531 0.0636215209960938
0.258758544921875 0.0572052001953125 0.0774307250976563 -0.0401458740234375
0.291107177734375 -0.009033203125 0.0411376953125 -0.195510864257813
0.28399658203125 -0.0206298828125 0.0164794921875 -0.294036865234375
0.275344848632813 -0.039154052734375 -0.045379638671875 -0.291717529296875
0.240341186523438 -0.124008178710938 -0.0816650390625 -0.27752685546875
0.274215698242188 -0.124725341796875 -0.0663299560546875 -0.2647705078125
0.255691528320313 -0.168182373046875 -0.08740234375 -0.156417846679688
0.252197265625 -0.156158447265625 -0.0963973999023437 -0.0846710205078125
0.28753662109375 -0.1763916015625 -0.106399536132812 0.217666625976563
0.270401000976563 -0.0922698974609375 -0.0727081298828125 0.25543212890625
0.31634521484375 -0.06329345703125 0.00680541992187504 0.29193115234375
0.28240966796875 0.006256103515625 0.03411865234375 0.30078125
0.287445068359375 0.073760986328125 0.0403289794921875 0.276901245117188
0.2978515625 0.046600341796875 0.06695556640625 0.191726684570313
0.288726806640625 0.0128173828125 0.0344390869140625 0.0788726806640625
0.274459838867187 0.0494537353515625 -0.0170612335205078 -0.022308349609375
0.3028564453125 -0.0048828125 -0.0583953857421875 -0.164642333984375
0.2960205078125 -0.003936767578125 -0.081573486328125 -0.259658813476563
0.2923583984375 -0.0152587890625 -0.109756469726562 -0.25872802734375
0.26507568359375 -0.105697631835938 -0.107315063476563 -0.265655517578125
0.308746337890625 -0.10565185546875 -0.06341552734375 -0.283477783203125
0.294189453125 -0.15789794921875 -0.0518035888671875 -0.211273193359375
0.291534423828125 -0.164520263671875 -0.00498199462890624 -0.13787841796875
0.276824951171875 -0.200439453125 -0.0153045654296875 0.152694702148438
0.269607543945313 -0.134597778320312 -0.018951416015625 0.198287963867188
0.31683349609375 -0.125091552734375 0.0130157470703125 0.274307250976563
0.283660888671875 -0.0531005859375 0.00393676757812499 0.30242919921875
0.293060302734375 0.018524169921875 -0.027191162109375 0.287506103515625
0.2918701171875 0.001251220703125 -0.0350189208984375 0.215011596679688
0.267562866210938 -0.01263427734375 -0.0705795288085937 0.110404968261719
0.247360229492188 0.0338897705078125 -0.106216430664062 -0.00106811523437501
0.267898559570313 0.001312255859375 -0.15093994140625 -0.138031005859375
0.255203247070313 0.016204833984375 -0.167098999023437 -0.230209350585938
0.251510620117188 0.01611328125 -0.159103393554687 -0.230056762695313
0.235183715820312 -0.0635223388671875 -0.115142822265625 -0.245376586914063
0.28424072265625 -0.0655517578125 -0.0417938232421875 -0.281036376953125
0.281112670898438 -0.11737060546875 0.000167846679687499 -0.246231079101562
0.2830810546875 -0.145050048828125 0.0956878662109375 -0.1868896484375
0.218414306640625 -0.184600830078125 0.0678482055664063 0.0801773071289062
0.217193603515625 -0.1395263671875 0.0274505615234375 0.127426147460938
0.251693725585938 -0.14263916015625 0.01141357421875 0.239410400390625
0.223602294921875 -0.083892822265625 -0.024261474609375 0.2952880859375
0.234573364257813 -0.025848388671875 -0.083648681640625 0.296661376953125
0.2286376953125 -0.0354461669921875 -0.121490478515625 0.251373291015625
0.199371337890625 -0.03155517578125 -0.155197143554688 0.152633666992187
0.184127807617188 0.0138702392578125 -0.176910400390625 0.0208740234375
0.194839477539062 0.0032958984375 -0.221786499023437 -0.118515014648438
0.179473876953125 0.02191162109375 -0.223434448242188 -0.213272094726563
0.173324584960938 0.028350830078125 -0.184768676757813 -0.21173095703125
0.168289184570313 -0.0285797119140625 -0.110992431640625 -0.222946166992187
0.213836669921875 -0.032470703125 -0.01702880859375 -0.257965087890625
0.224472045898437 -0.0737457275390625 0.05194091796875 -0.25537109375
0.230804443359375 -0.112579345703125 0.189468383789063 -0.2222900390625
0.128440856933594 -0.129127502441406 0.130157470703125 0.01904296875
0.133026123046875 -0.09918212890625 0.0631675720214844 0.067169189453125
0.148178100585937 -0.10662841796875 0.00875854492187503 0.209503173828125
0.125839233398438 -0.0711669921875 -0.036346435546875 0.289398193359375
0.1343994140625 -0.0413360595703125 -0.114654541015625 0.307647705078125
0.123405456542969 -0.047454833984375 -0.170928955078125 0.29193115234375
0.097625732421875 -0.0355377197265625 -0.205703735351562 0.192947387695313
0.0936813354492187 -0.00925445556640625 -0.220550537109375 0.040283203125
0.100318908691406 -0.0047760009765625 -0.264068603515625 -0.10675048828125
0.0916671752929687 0.00506591796875 -0.249191284179688 -0.205001831054687
0.090240478515625 0.0113601684570312 -0.189483642578125 -0.204055786132813
0.0943679809570313 -0.0199050903320313 -0.102645874023438 -0.204940795898437
0.130409240722656 -0.0239028930664063 0.00042724609375001 -0.22906494140625
0.140411376953125 -0.042938232421875 0.091705322265625 -0.24835205078125
0.145538330078125 -0.0773468017578125 0.261337280273438 -0.244369506835938
-0.0367431640625 0.0447463989257813 -0.262115478515625 0.277740478515625
-0.0470046997070313 0.0426406860351562 -0.131103515625 0.25213623046875
-0.0470237731933594 0.0462570190429687 0.027008056640625 0.19720458984375
-0.0227813720703125 0.0371360778808594 0.119430541992188 0.211532592773438
-0.0144224166870117 0.0172557830810547 0.195404052734375 0.219879150390625
-0.0155830383300781 0.018951416015625 0.275863647460938 0.192779541015625
0.0115871429443359 0.0227928161621094 0.310394287109375 0.075286865234375
0.0189704895019531 0.0241336822509766 0.262710571289063 -0.0386505126953125
0.0180740356445313 0.0188236236572266 0.222824096679688 -0.212966918945313
0.00756072998046875 0.017974853515625 0.190521240234375 -0.318328857421875
-0.00371170043945312 0.0202350616455078 0.08001708984375 -0.339569091796875
-0.0113201141357422 0.0228538513183594 -0.00479125976562499 -0.2823486328125
-0.0454635620117188 0.0177078247070313 -0.0331878662109375 -0.205291748046875
-0.0372848510742188 0.0207443237304688 -0.0958175659179688 -0.0599899291992187
-0.0460662841796875 0.0336380004882813 -0.194091796875 -0.0206146240234375
0.0713653564453125 -0.00562286376953125 -0.265411376953125 0.2862548828125
0.0402870178222656 0.0347518920898438 -0.141952514648438 0.26220703125
0.0400466918945313 0.0561256408691406 0.0177459716796875 0.209854125976563
0.0423736572265625 0.0639610290527344 0.108154296875 0.2200927734375
0.0521659851074219 0.06475830078125 0.180557250976563 0.227737426757813
0.0724334716796875 0.0549240112304688 0.263809204101563 0.18756103515625
0.109954833984375 0.0368499755859375 0.284881591796875 0.067779541015625
0.121673583984375 0.0418701171875 0.227951049804688 -0.0471954345703125
0.135246276855469 0.00484466552734375 0.188018798828125 -0.223876953125
0.12353515625 -0.00396728515625 0.154876708984375 -0.328460693359375
0.108268737792969 -0.0125732421875 0.052001953125 -0.3350830078125
0.08392333984375 -0.0454254150390625 -0.029937744140625 -0.280990600585938
0.074493408203125 -0.0509185791015625 -0.0509490966796875 -0.213882446289063
0.0716171264648438 -0.0659561157226563 -0.110626220703125 -0.0659942626953125
0.0678901672363281 -0.0465164184570312 -0.196380615234375 -0.016876220703125
0.170455932617188 -0.06298828125 -0.236541748046875 0.286346435546875
0.133956909179687 0.0130081176757812 -0.13287353515625 0.27801513671875
0.142730712890625 0.0484161376953125 0.0151519775390625 0.241302490234375
0.124946594238281 0.0787887573242188 0.096923828125 0.244384765625
0.134193420410156 0.101844787597656 0.158767700195313 0.241317749023438
0.164016723632813 0.078765869140625 0.23193359375 0.18035888671875
0.197341918945312 0.0421905517578125 0.228607177734375 0.060333251953125
0.206695556640625 0.0523834228515625 0.16265869140625 -0.0457763671875
0.230575561523438 -0.0080413818359375 0.119155883789062 -0.214385986328125
0.221038818359375 -0.022735595703125 0.08746337890625 -0.317596435546875
0.206466674804688 -0.0390777587890625 -0.000213623046875004 -0.316253662109375
0.171539306640625 -0.10174560546875 -0.0669708251953125 -0.277755737304688
0.183761596679688 -0.105209350585937 -0.0742645263671875 -0.235107421875
0.170166015625 -0.13543701171875 -0.115165710449219 -0.101318359375
0.170272827148438 -0.115692138671875 -0.165252685546875 -0.0420074462890625
0.245132446289063 -0.123565673828125 -0.1748046875 0.267532348632813
0.21636962890625 -0.032623291015625 -0.1015625 0.283477783203125
0.24615478515625 0.00640869140625 0.021575927734375 0.274734497070313
0.216079711914063 0.0605926513671875 0.0828399658203125 0.274002075195313
0.2237548828125 0.106658935546875 0.121292114257813 0.257293701171875
0.247528076171875 0.07733154296875 0.171783447265625 0.178390502929688
0.26171875 0.0341949462890625 0.145294189453125 0.062347412109375
0.26007080078125 0.0553741455078125 0.0775299072265625 -0.0363616943359375
0.289581298828125 -0.01263427734375 0.02880859375 -0.1898193359375
0.283172607421875 -0.02294921875 -0.00323486328124995 -0.28759765625
0.2738037109375 -0.0402374267578125 -0.064910888671875 -0.285186767578125
0.23663330078125 -0.124237060546875 -0.103103637695312 -0.27154541015625
0.26666259765625 -0.126358032226563 -0.0903472900390625 -0.261505126953125
0.247085571289062 -0.16754150390625 -0.102615356445312 -0.1552734375
0.246871948242188 -0.156143188476563 -0.100738525390625 -0.0866622924804688
0.280364990234375 -0.175125122070313 -0.0937957763671875 0.224685668945312
0.2647705078125 -0.091522216796875 -0.052276611328125 0.259841918945312
0.3114013671875 -0.064056396484375 0.033477783203125 0.287506103515625
0.27862548828125 0.007476806640625 0.0609130859375 0.29425048828125
0.287261962890625 0.070831298828125 0.063812255859375 0.271469116210938
0.29718017578125 0.045806884765625 0.0826873779296875 0.18658447265625
0.28802490234375 0.013519287109375 0.0428009033203125 0.0782394409179687
0.274856567382813 0.048980712890625 -0.016143798828125 -0.0196666717529297
0.301177978515625 -0.0068359375 -0.069427490234375 -0.157852172851563
0.294342041015625 -0.00506591796875 -0.0992431640625 -0.250579833984375
0.290618896484375 -0.014617919921875 -0.12713623046875 -0.24853515625
0.260650634765625 -0.105010986328125 -0.126663208007813 -0.256378173828125
0.301788330078125 -0.1072998046875 -0.0859527587890625 -0.277328491210937
0.285125732421875 -0.156951904296875 -0.0675506591796875 -0.206893920898438
0.285247802734375 -0.16448974609375 -0.0115280151367187 -0.140312194824219
0.26824951171875 -0.201141357421875 -0.00491333007812498 0.160110473632813
0.26202392578125 -0.13507080078125 -0.000701904296874974 0.205368041992188
0.308746337890625 -0.126251220703125 0.0403594970703125 0.272308349609375
0.279251098632813 -0.0526580810546875 0.0318603515625 0.298828125
0.2908935546875 0.015106201171875 -0.00253295898437501 0.28411865234375
0.2899169921875 0.00091552734375 -0.01751708984375 0.21240234375
0.266159057617187 -0.011383056640625 -0.0595474243164062 0.110191345214844
0.246917724609375 0.035064697265625 -0.103599548339844 -9.91821289062704E-05
0.266357421875 0.001312255859375 -0.160629272460938 -0.131179809570312
0.254867553710938 0.0172119140625 -0.18182373046875 -0.21966552734375
0.24993896484375 0.018341064453125 -0.174087524414062 -0.218170166015625
0.2318115234375 -0.06146240234375 -0.132781982421875 -0.235000610351562
0.277435302734375 -0.0664825439453125 -0.0628204345703125 -0.273101806640625
0.2734375 -0.117355346679687 -0.0158538818359375 -0.240188598632813
0.277450561523438 -0.146759033203125 0.087127685546875 -0.18896484375
0.21087646484375 -0.186065673828125 0.0755157470703125 0.0877304077148437
0.210189819335938 -0.140121459960938 0.0436935424804688 0.135330200195313
0.2435302734375 -0.144683837890625 0.038299560546875 0.240676879882813
0.2177734375 -0.083984375 0.00415039062500003 0.294281005859375
0.230911254882813 -0.0299224853515625 -0.05859375 0.295166015625
0.225494384765625 -0.03533935546875 -0.101516723632813 0.250747680664062
0.197555541992188 -0.02850341796875 -0.143112182617188 0.151885986328125
0.183517456054687 0.015533447265625 -0.173019409179687 0.0201263427734375
0.1937255859375 0.005645751953125 -0.229507446289063 -0.11285400390625
0.178192138671875 0.0242767333984375 -0.236541748046875 -0.202560424804688
0.171401977539063 0.0316009521484375 -0.197616577148437 -0.1995849609375
0.165969848632813 -0.0254974365234375 -0.125808715820313 -0.211944580078125
0.20758056640625 -0.032196044921875 -0.0355072021484375 -0.24810791015625
0.218170166015625 -0.0718231201171875 0.0364227294921875 -0.247406005859375
0.22650146484375 -0.113388061523437 0.178878784179687 -0.225448608398438
0.122665405273438 -0.130836486816406 0.135414123535156 0.0256881713867187
0.127433776855469 -0.100883483886719 0.0770416259765625 0.0745925903320313
0.142135620117188 -0.108200073242188 0.034149169921875 0.212844848632813
0.121345520019531 -0.0712432861328125 -0.008758544921875 0.2896728515625
0.130241394042969 -0.0438156127929688 -0.0894775390625 0.307281494140625
0.120765686035156 -0.0463638305664063 -0.149383544921875 0.2921142578125
0.0951156616210938 -0.0323333740234375 -0.191543579101562 0.191436767578125
0.0922622680664063 -0.00669097900390625 -0.215530395507813 0.0378875732421875
0.0998611450195312 -0.0019073486328125 -0.270614624023438 -0.1014404296875
0.0908966064453125 0.0083160400390625 -0.260589599609375 -0.195388793945313
0.0888671875 0.0149078369140625 -0.201522827148437 -0.192459106445313
0.092529296875 -0.0167465209960938 -0.116226196289063 -0.193588256835938
0.125106811523438 -0.0241928100585938 -0.0160064697265625 -0.21905517578125
0.136512756347656 -0.0416717529296875 0.07611083984375 -0.240707397460938
0.141647338867188 -0.0779571533203125 0.248550415039063 -0.24859619140625
-0.0350189208984375 0.0461311340332031 -0.258285522460938 0.275802612304688
-0.0467720031738281 0.0438880920410156 -0.1240234375 0.246261596679688
-0.0457878112792969 0.0469436645507813 0.0359954833984375 0.185379028320312
-0.0226783752441406 0.0360794067382813 0.12896728515625 0.199050903320313
-0.0158967971801758 0.0153312683105469 0.204788208007813 0.212066650390625
-0.0160980224609375 0.0180625915527344 0.2862548828125 0.1904296875
0.0115165710449219 0.0222930908203125 0.3162841796875 0.07696533203125
0.0193881988525391 0.0218620300292969 0.263198852539063 -0.0330047607421875
0.0186824798583984 0.0152645111083984 0.217758178710938 -0.206985473632813
0.00873279571533203 0.0171108245849609 0.177703857421875 -0.316436767578125
-0.0028839111328125 0.0195903778076172 0.063507080078125 -0.338134765625
-0.0102729797363281 0.0219497680664062 -0.022705078125 -0.282623291015625
-0.0446014404296875 0.0191459655761719 -0.051910400390625 -0.211135864257813
-0.0356712341308594 0.0211830139160156 -0.109199523925781 -0.067047119140625
-0.043792724609375 0.0354690551757813 -0.198654174804688 -0.0283203125
0.0725784301757813 -0.00234222412109375 -0.260650634765625 0.28594970703125
0.0412712097167969 0.0383148193359375 -0.133392333984375 0.256622314453125
0.0418128967285156 0.0596199035644531 0.0289764404296875 0.197540283203125
0.041961669921875 0.065643310546875 0.118850708007813 0.20806884765625
0.0506362915039063 0.065887451171875 0.1915283203125 0.220901489257813
0.0721054077148438 0.0567245483398438 0.273971557617188 0.1844482421875
0.11053466796875 0.0378036499023438 0.2900390625 0.06903076171875
0.122657775878906 0.0419082641601562 0.22955322265625 -0.0404052734375
0.135299682617187 0.00315093994140625 0.18206787109375 -0.21771240234375
0.124885559082031 -0.00461578369140625 0.14288330078125 -0.326263427734375
0.109588623046875 -0.0130615234375 0.035888671875 -0.333038330078125
0.085205078125 -0.0453567504882813 -0.047027587890625 -0.280715942382812
0.0738372802734375 -0.048553466796875 -0.0697784423828125 -0.217254638671875
0.0708770751953125 -0.0645370483398438 -0.123252868652344 -0.071044921875
0.0695228576660156 -0.0441932678222656 -0.20123291015625 -0.023651123046875
0.17156982421875 -0.05816650390625 -0.229217529296875 0.28680419921875
0.133880615234375 0.01806640625 -0.1219482421875 0.274673461914063
0.143096923828125 0.05487060546875 0.0288543701171875 0.230728149414063
0.124649047851562 0.0837478637695312 0.110153198242188 0.2342529296875
0.133438110351563 0.105361938476562 0.17144775390625 0.234786987304688
0.164382934570313 0.0826568603515625 0.242645263671875 0.177520751953125
0.19873046875 0.0458984375 0.234161376953125 0.062713623046875
0.208221435546875 0.0540008544921875 0.163742065429688 -0.03936767578125
0.231674194335937 -0.007843017578125 0.113204956054688 -0.20758056640625
0.222747802734375 -0.0205841064453125 0.07476806640625 -0.31243896484375
0.20819091796875 -0.0366668701171875 -0.014923095703125 -0.312591552734375
0.1724853515625 -0.100021362304687 -0.0834655761718749 -0.275588989257812
0.182464599609375 -0.102813720703125 -0.0931549072265625 -0.236297607421875
0.168670654296875 -0.131729125976563 -0.128303527832031 -0.104118347167969
0.17254638671875 -0.11126708984375 -0.169052124023438 -0.04669189453125
0.24627685546875 -0.118057250976563 -0.168136596679688 0.270034790039062
0.216690063476562 -0.02630615234375 -0.088470458984375 0.283477783203125
0.246185302734375 0.0132598876953125 0.038787841796875 0.26617431640625
0.21612548828125 0.067138671875 0.09942626953125 0.26483154296875
0.224258422851563 0.111129760742188 0.136016845703125 0.251007080078125
0.24957275390625 0.0819854736328125 0.183349609375 0.173965454101563
0.264266967773437 0.0386962890625 0.151443481445313 0.0637054443359375
0.26300048828125 0.0591278076171875 0.0787353515625 -0.03131103515625
0.291015625 -0.009552001953125 0.022247314453125 -0.18310546875
0.2845458984375 -0.019256591796875 -0.01531982421875 -0.281890869140625
0.275588989257813 -0.0362548828125 -0.077850341796875 -0.279541015625
0.237701416015625 -0.120559692382813 -0.118408203125 -0.267074584960938
0.264694213867188 -0.122360229492187 -0.108016967773438 -0.259323120117188
0.243850708007813 -0.1622314453125 -0.114700317382813 -0.15472412109375
0.248733520507813 -0.151382446289063 -0.104286193847656 -0.09100341796875
0.279922485351563 -0.170501708984375 -0.0855865478515625 0.230026245117188
0.264205932617188 -0.0852203369140625 -0.038330078125 0.262313842773438
0.30987548828125 -0.058319091796875 0.053466796875 0.28179931640625
0.2789306640625 0.0142822265625 0.080413818359375 0.28656005859375
0.288421630859375 0.07550048828125 0.0812530517578125 0.265716552734375
0.299072265625 0.051116943359375 0.0948333740234375 0.183029174804688
0.29034423828125 0.019287109375 0.0494308471679688 0.0781173706054688
0.27679443359375 0.0533294677734375 -0.01446533203125 -0.0179538726806641
0.3038330078125 -0.002532958984375 -0.076446533203125 -0.152923583984375
0.2969970703125 0.00042724609375 -0.110671997070312 -0.243820190429687
0.2926025390625 -0.008514404296875 -0.138931274414062 -0.241622924804688
0.261886596679688 -0.100631713867187 -0.139907836914063 -0.250503540039062
0.299224853515625 -0.102691650390625 -0.102218627929687 -0.272201538085938
0.28240966796875 -0.1507568359375 -0.07843017578125 -0.204345703125
0.2864990234375 -0.160736083984375 -0.0148468017578125 -0.143096923828125
0.266220092773438 -0.196701049804688 0.00350952148437502 0.167404174804688
0.259872436523438 -0.130340576171875 0.0147705078125 0.210922241210938
0.306976318359375 -0.122833251953125 0.061309814453125 0.269302368164063
0.278167724609375 -0.0467987060546875 0.053070068359375 0.293914794921875
0.2908935546875 0.017669677734375 0.0149383544921875 0.279998779296875
0.291534423828125 0.0057373046875 -0.00485229492187497 0.209243774414063
0.268295288085937 -0.00469970703125 -0.0530624389648437 0.108154296875
0.2489013671875 0.041046142578125 -0.102134704589844 -0.00181579589843748
0.267837524414063 0.00714111328125 -0.166580200195312 -0.127639770507813
0.256759643554688 0.02392578125 -0.192138671875 -0.21337890625
0.251190185546875 0.0260467529296875 -0.18402099609375 -0.2109375
0.232864379882813 -0.05517578125 -0.143783569335937 -0.228057861328125
0.274871826171875 -0.061370849609375 -0.0772705078125 -0.26611328125
0.272354125976563 -0.110122680664063 -0.02545166015625 -0.234786987304687
0.278732299804688 -0.140838623046875 0.08343505859375 -0.190139770507813
0.208480834960938 -0.182937622070313 0.0832443237304688 0.0958099365234375
0.20709228515625 -0.137359619140625 0.0582275390625 0.141357421875
0.2412109375 -0.1424560546875 0.0592498779296875 0.240509033203125
0.216629028320313 -0.079376220703125 0.025482177734375 0.292144775390625
0.22991943359375 -0.0278778076171875 -0.04193115234375 0.292266845703125
0.22576904296875 -0.03131103515625 -0.088531494140625 0.247772216796875
0.198974609375 -0.0229339599609375 -0.135940551757813 0.1475830078125
0.184463500976563 0.0209503173828125 -0.17132568359375 0.01519775390625
0.195770263671875 0.0100555419921875 -0.235931396484375 -0.111068725585938
0.1796875 0.030364990234375 -0.245376586914063 -0.196868896484375
0.171966552734375 0.0390472412109375 -0.206832885742188 -0.192779541015625
0.165939331054688 -0.019683837890625 -0.135421752929687 -0.20361328125
0.205596923828125 -0.0277862548828125 -0.0471343994140625 -0.239898681640625
0.216812133789062 -0.066070556640625 0.0278778076171875 -0.24072265625
0.226394653320313 -0.109695434570313 0.174972534179688 -0.22479248046875
0.119796752929688 -0.129951477050781 0.14251708984375 0.0340728759765625
0.125198364257813 -0.0990066528320312 0.090545654296875 0.0811767578125
0.140007019042969 -0.107246398925781 0.055908203125 0.214035034179688
0.120704650878906 -0.0689010620117188 0.01226806640625 0.28814697265625
0.128936767578125 -0.0441818237304687 -0.07257080078125 0.303924560546875
0.120651245117188 -0.0435867309570313 -0.135986328125 0.287872314453125
0.0966415405273438 -0.0274505615234375 -0.1845703125 0.186187744140625
0.09326171875 -0.00226593017578125 -0.21490478515625 0.0317840576171875
0.101066589355469 0.00211334228515625 -0.277008056640625 -0.101577758789062
0.0919647216796875 0.0136566162109375 -0.268508911132813 -0.190887451171875
0.0885467529296875 0.0210037231445313 -0.210067749023438 -0.186111450195313
0.0919647216796875 -0.0132369995117187 -0.12548828125 -0.185043334960938
0.122550964355469 -0.0212554931640625 -0.0266265869140625 -0.209991455078125
0.135711669921875 -0.037872314453125 0.0689544677734375 -0.2315673828125
0.141387939453125 -0.07568359375 0.244552612304687 -0.247177124023438
-0.03411865234375 0.0480918884277344 -0.263580322265625 0.276397705078125
-0.0470428466796875 0.0450096130371094 -0.123992919921875 0.243881225585937
-0.0465507507324219 0.0479965209960938 0.0436553955078125 0.176467895507813
-0.0234146118164063 0.0354270935058594 0.137359619140625 0.191970825195312
-0.0184688568115234 0.0138015747070313 0.21612548828125 0.209640502929687
-0.01739501953125 0.0179557800292969 0.30126953125 0.1929931640625
0.0124397277832031 0.0218620300292969 0.328765869140625 0.082244873046875
0.01983642578125 0.0200729370117188 0.271881103515625 -0.02587890625
0.0187950134277344 0.0127048492431641 0.220245361328125 -0.2042236328125
0.01007080078125 0.0166406631469727 0.1739501953125 -0.318878173828125
-0.00124168395996094 0.0180511474609375 0.0538330078125 -0.342559814453125
-0.00893211364746094 0.0208702087402344 -0.0390625 -0.2879638671875
-0.0447196960449219 0.0207405090332031 -0.070068359375 -0.21929931640625
-0.0362434387207031 0.0208091735839844 -0.124496459960938 -0.0749969482421875
-0.0424156188964844 0.037261962890625 -0.209274291992188 -0.038238525390625
0.0770263671875 0.001678466796875 -0.265777587890625 0.2874755859375
0.0429458618164063 0.0431404113769531 -0.131881713867188 0.255645751953125
0.0430641174316406 0.0649223327636719 0.036834716796875 0.190155029296875
0.0426864624023438 0.06988525390625 0.12847900390625 0.201263427734375
0.0505867004394531 0.070068359375 0.2042236328125 0.219467163085937
0.0735321044921875 0.0601959228515625 0.28814697265625 0.186859130859375
0.11456298828125 0.0411453247070313 0.302154541015625 0.07537841796875
0.126335144042969 0.0435104370117188 0.237045288085937 -0.032562255859375
0.139724731445313 0.0028533935546875 0.183685302734375 -0.21484375
0.129714965820313 -0.00299835205078125 0.137176513671875 -0.3284912109375
0.114295959472656 -0.011932373046875 0.025238037109375 -0.3375244140625
0.0886993408203125 -0.0455398559570313 -0.06353759765625 -0.285614013671875
0.07574462890625 -0.046417236328125 -0.088043212890625 -0.22479248046875
0.072998046875 -0.062896728515625 -0.138847351074219 -0.0778121948242187
0.0742721557617187 -0.0416641235351562 -0.211105346679688 -0.031768798828125
0.1781005859375 -0.0529937744140625 -0.23236083984375 0.290435791015625
0.137954711914063 0.0250091552734375 -0.118804931640625 0.276458740234375
0.148162841796875 0.0620574951171875 0.0387420654296875 0.224578857421875
0.127586364746094 0.0917739868164063 0.122161865234375 0.228652954101562
0.136276245117188 0.113304138183594 0.185104370117188 0.234756469726563
0.168411254882813 0.08978271484375 0.256149291992188 0.17913818359375
0.205718994140625 0.052154541015625 0.24603271484375 0.0680999755859375
0.215164184570313 0.059814453125 0.171173095703125 -0.033050537109375
0.239715576171875 -0.004791259765625 0.1124267578125 -0.204238891601563
0.22998046875 -0.016937255859375 0.067626953125 -0.3148193359375
0.215713500976563 -0.0337066650390625 -0.02557373046875 -0.315521240234375
0.178939819335938 -0.0990142822265625 -0.0992584228515625 -0.2794189453125
0.186981201171875 -0.099609375 -0.110992431640625 -0.241058349609375
0.173095703125 -0.128646850585938 -0.142349243164063 -0.108840942382812
0.18011474609375 -0.109085083007813 -0.17730712890625 -0.0545196533203125
0.254776000976563 -0.112869262695313 -0.16815185546875 0.276657104492188
0.223129272460938 -0.018157958984375 -0.081298828125 0.28765869140625
0.252960205078125 0.0211029052734375 0.052337646484375 0.262298583984375
0.221221923828125 0.0772705078125 0.113677978515625 0.261077880859375
0.229827880859375 0.121124267578125 0.150253295898438 0.25103759765625
0.256546020507813 0.090972900390625 0.1966552734375 0.175430297851562
0.273361206054688 0.047088623046875 0.16162109375 0.0670928955078125
0.271133422851563 0.0665435791015625 0.08392333984375 -0.0271759033203125
0.30023193359375 -0.004974365234375 0.0189208984375 -0.1807861328125
0.294403076171875 -0.01324462890625 -0.02435302734375 -0.282623291015625
0.285552978515625 -0.029052734375 -0.0882720947265625 -0.280303955078125
0.246307373046875 -0.118072509765625 -0.133438110351562 -0.268905639648438
0.271575927734375 -0.118423461914063 -0.12469482421875 -0.262588500976563
0.250656127929688 -0.15777587890625 -0.126968383789063 -0.157974243164063
0.259002685546875 -0.148330688476562 -0.110397338867187 -0.097076416015625
0.288330078125 -0.16656494140625 -0.0819549560546875 0.238571166992187
0.271316528320313 -0.0781097412109375 -0.0276947021484375 0.27008056640625
0.31854248046875 -0.05194091796875 0.0700531005859376 0.28076171875
0.286468505859375 0.024322509765625 0.0970458984375 0.28533935546875
0.29541015625 0.085968017578125 0.095184326171875 0.266204833984375
0.307891845703125 0.060272216796875 0.106521606445313 0.183303833007813
0.30047607421875 0.028350830078125 0.05718994140625 0.0792007446289063
0.28631591796875 0.063446044921875 -0.0123891830444336 -0.0170230865478516
0.313690185546875 0.00384521484375 -0.0823516845703125 -0.151870727539062
0.307281494140625 0.008758544921875 -0.121429443359375 -0.243942260742188
0.30316162109375 0.000335693359375 -0.149917602539063 -0.241561889648437
0.271331787109375 -0.095001220703125 -0.153900146484375 -0.250625610351563
0.3072509765625 -0.096923828125 -0.116851806640625 -0.27325439453125
0.290283203125 -0.144256591796875 -0.088653564453125 -0.205459594726563
0.2974853515625 -0.15679931640625 -0.017791748046875 -0.147750854492188
0.274658203125 -0.19464111328125 0.0102386474609375 0.17730712890625
0.267608642578125 -0.125198364257813 0.0278778076171875 0.219253540039062
0.3140869140625 -0.11865234375 0.0811767578125 0.2698974609375
0.2860107421875 -0.0394287109375 0.0709228515625 0.295135498046875
0.29815673828125 0.025390625 0.027984619140625 0.28131103515625
0.300018310546875 0.014129638671875 0.00440979003906251 0.208633422851563
0.278549194335938 0.00335693359375 -0.0481414794921875 0.107368469238281
0.25738525390625 0.0495452880859375 -0.10296630859375 -0.00462341308593749
0.277114868164063 0.0152435302734375 -0.176010131835938 -0.128494262695313
0.265762329101563 0.033416748046875 -0.203521728515625 -0.213653564453125
0.260330200195313 0.036376953125 -0.195632934570312 -0.209274291992188
0.241012573242188 -0.0479888916015625 -0.15509033203125 -0.226531982421875
0.281341552734375 -0.0545654296875 -0.089202880859375 -0.264328002929688
0.2786865234375 -0.10333251953125 -0.03240966796875 -0.233734130859375
0.288482666015625 -0.13763427734375 0.084075927734375 -0.193496704101563
0.21331787109375 -0.182144165039062 0.092041015625 0.105369567871094
0.212814331054688 -0.134368896484375 0.0738067626953125 0.151229858398437
0.245925903320313 -0.141403198242188 0.0798492431640625 0.243820190429688
0.222259521484375 -0.0755157470703125 0.043975830078125 0.294342041015625
0.235244750976562 -0.0238189697265625 -0.02923583984375 0.2939453125
0.232086181640625 -0.02508544921875 -0.081329345703125 0.247329711914062
0.206375122070313 -0.015838623046875 -0.134231567382813 0.144760131835937
0.19073486328125 0.0286865234375 -0.175369262695313 0.00921630859375004
0.20263671875 0.0184783935546875 -0.246627807617188 -0.114212036132812
0.186309814453125 0.039154052734375 -0.257888793945312 -0.198654174804688
0.177459716796875 0.0490875244140625 -0.217681884765625 -0.19146728515625
0.1708984375 -0.012908935546875 -0.145401000976563 -0.201339721679688
0.208908081054688 -0.0217437744140625 -0.05657958984375 -0.236083984375
0.222991943359375 -0.0593109130859375 0.024200439453125 -0.237472534179688
0.234375 -0.10638427734375 0.17864990234375 -0.22686767578125
0.122047424316406 -0.13092041015625 0.153549194335938 0.0433197021484375
0.127250671386719 -0.0985565185546875 0.106590270996094 0.0892181396484375
0.142196655273438 -0.108169555664062 0.076385498046875 0.219406127929688
0.124076843261719 -0.067138671875 0.0301513671875 0.291107177734375
0.130523681640625 -0.0429916381835938 -0.062286376953125 0.30615234375
0.123924255371094 -0.0400848388671875 -0.12994384765625 0.28857421875
0.100914001464844 -0.0219192504882813 -0.18450927734375 0.18212890625
0.0962982177734375 0.00342559814453125 -0.2197265625 0.0227813720703125
0.105445861816406 0.008148193359375 -0.288818359375 -0.1064453125
0.0951919555664063 0.0194625854492188 -0.280838012695313 -0.194107055664062
0.0913772583007812 0.0275497436523437 -0.220993041992188 -0.185714721679688
0.0946044921875 -0.00821685791015625 -0.134307861328125 -0.182205200195313
0.123954772949219 -0.01739501953125 -0.034515380859375 -0.204345703125
0.139724731445312 -0.0339889526367188 0.066864013671875 -0.22607421875
0.146041870117188 -0.0740966796875 0.248672485351563 -0.247879028320312
-0.033599853515625 0.0520210266113281 -0.273345947265625 0.288055419921875
-0.0483970642089844 0.0486946105957031 -0.124099731445313 0.24945068359375
-0.0472908020019531 0.051239013671875 0.05181884765625 0.171463012695312
-0.0245208740234375 0.0361824035644531 0.14990234375 0.187469482421875
-0.0213203430175781 0.0139598846435547 0.235809326171875 0.210601806640625
-0.0191001892089844 0.0179557800292969 0.325714111328125 0.1956787109375
0.013763427734375 0.0223922729492188 0.3516845703125 0.085601806640625
0.0206966400146484 0.0191078186035156 0.2877197265625 -0.0223388671875
0.0185298919677734 0.0100536346435547 0.227294921875 -0.209426879882812
0.0117597579956055 0.0153779983520508 0.1702880859375 -0.330718994140625
-0.000116348266601561 0.0173234939575195 0.039581298828125 -0.35577392578125
-0.008636474609375 0.0207614898681641 -0.05987548828125 -0.299346923828125
-0.0462799072265625 0.0230636596679687 -0.0931396484375 -0.231719970703125
-0.0367279052734375 0.0222816467285156 -0.144683837890625 -0.082000732421875
-0.0423355102539063 0.0398368835449219 -0.227645874023437 -0.0450897216796875
0.0839462280273438 0.0047607421875 -0.274383544921875 0.300323486328125
0.0474395751953125 0.0482711791992188 -0.13043212890625 0.263153076171875
0.0473175048828125 0.0709686279296875 0.04779052734375 0.18475341796875
0.0458221435546875 0.074859619140625 0.142898559570313 0.197402954101563
0.0531005859375 0.0752334594726563 0.223602294921875 0.21966552734375
0.078460693359375 0.0640716552734375 0.31280517578125 0.189544677734375
0.12249755859375 0.0431442260742187 0.32427978515625 0.0791015625
0.1351318359375 0.0448532104492188 0.252395629882813 -0.028350830078125
0.14678955078125 0.0013275146484375 0.187789916992188 -0.21917724609375
0.137863159179688 -0.0036773681640625 0.1328125 -0.339599609375
0.122306823730469 -0.0124740600585937 0.010467529296875 -0.34967041015625
0.0945205688476563 -0.0479202270507813 -0.0850830078125 -0.29583740234375
0.0803756713867188 -0.0470123291015625 -0.112762451171875 -0.235610961914063
0.0768356323242187 -0.0637969970703125 -0.158966064453125 -0.0828704833984375
0.0813064575195313 -0.0417404174804687 -0.228729248046875 -0.0378570556640625
0.190460205078125 -0.0522613525390625 -0.23883056640625 0.30401611328125
0.147201538085938 0.0316009521484375 -0.11407470703125 0.285614013671875
0.15753173828125 0.0692596435546875 0.0520477294921875 0.221359252929688
0.135520935058594 0.100288391113281 0.138580322265625 0.226425170898438
0.144775390625 0.122238159179687 0.20562744140625 0.236251831054688
0.1798095703125 0.0965576171875 0.279251098632813 0.1807861328125
0.219482421875 0.0567474365234375 0.2655029296875 0.07073974609375
0.229537963867188 0.063690185546875 0.182968139648438 -0.029205322265625
0.252471923828125 -0.0047454833984375 0.113113403320313 -0.208038330078125
0.243896484375 -0.0172119140625 0.059844970703125 -0.32354736328125
0.22998046875 -0.0334930419921875 -0.040771484375 -0.325439453125
0.189102172851563 -0.1031494140625 -0.120697021484375 -0.2882080078125
0.196487426757813 -0.102386474609375 -0.134735107421875 -0.250228881835937
0.181442260742188 -0.131973266601563 -0.16253662109375 -0.1134033203125
0.192214965820313 -0.111984252929688 -0.19171142578125 -0.0599517822265625
0.269180297851563 -0.11419677734375 -0.169158935546875 0.2913818359375
0.235992431640625 -0.0134429931640625 -0.0730285644531249 0.298736572265625
0.2677001953125 0.0269317626953125 0.070098876953125 0.261199951171875
0.2349853515625 0.0864410400390625 0.132980346679688 0.261734008789063
0.2442626953125 0.131729125976563 0.171585083007813 0.253570556640625
0.272933959960938 0.0999603271484375 0.217514038085938 0.176727294921875
0.291168212890625 0.05279541015625 0.1766357421875 0.069610595703125
0.28936767578125 0.072845458984375 0.0910263061523438 -0.0244598388671875
0.318756103515625 -0.00311279296875 0.0146331787109375 -0.182357788085938
0.312774658203125 -0.011749267578125 -0.0364990234375 -0.28857421875
0.30462646484375 -0.028289794921875 -0.105255126953125 -0.28704833984375
0.260589599609375 -0.121871948242188 -0.155288696289062 -0.274459838867188
0.284912109375 -0.121307373046875 -0.14849853515625 -0.269699096679688
0.262954711914063 -0.16058349609375 -0.145553588867187 -0.162063598632813
0.275665283203125 -0.15301513671875 -0.120315551757813 -0.103858947753906
0.3040771484375 -0.1693115234375 -0.077178955078125 0.253372192382813
0.28643798828125 -0.076141357421875 -0.01300048828125 0.28277587890625
0.335540771484375 -0.049774169921875 0.091949462890625 0.2825927734375
0.303680419921875 0.029937744140625 0.118896484375 0.288665771484375
0.31304931640625 0.0943603515625 0.114761352539063 0.270828247070313
0.32763671875 0.06768798828125 0.123306274414063 0.185150146484375
0.320831298828125 0.03399658203125 0.0678634643554688 0.0808563232421875
0.305328369140625 0.070220947265625 -0.0107612609863281 -0.0171546936035156
0.333282470703125 0.00762939453125 -0.0919799804687499 -0.153305053710938
0.326904296875 0.012420654296875 -0.137710571289062 -0.247406005859375
0.32379150390625 0.00482177734375 -0.16796875 -0.244293212890625
0.28790283203125 -0.0963134765625 -0.173934936523437 -0.253982543945313
0.32196044921875 -0.09783935546875 -0.138153076171875 -0.278457641601563
0.3052978515625 -0.146453857421875 -0.10333251953125 -0.2088623046875
0.31658935546875 -0.161468505859375 -0.022918701171875 -0.155624389648437
0.287567138671875 -0.1998291015625 0.0203857421875 0.190185546875
0.27978515625 -0.126937866210938 0.046661376953125 0.23114013671875
0.32965087890625 -0.121490478515625 0.105056762695313 0.274856567382813
0.3021240234375 -0.036865234375 0.093719482421875 0.299957275390625
0.31549072265625 0.029296875 0.045745849609375 0.287567138671875
0.318634033203125 0.019317626953125 0.016937255859375 0.212432861328125
0.297210693359375 0.008575439453125 -0.0438308715820312 0.108314514160156
0.274017333984375 0.05682373046875 -0.107261657714844 -0.00675964355468751
0.295074462890625 0.0201416015625 -0.190673828125 -0.129287719726562
0.28387451171875 0.039031982421875 -0.224044799804687 -0.21612548828125
0.277969360351562 0.0447235107421875 -0.214630126953125 -0.210311889648438
0.256378173828125 -0.0456390380859375 -0.174041748046875 -0.228515625
0.294891357421875 -0.052520751953125 -0.106460571289062 -0.267318725585938
0.293914794921875 -0.103240966796875 -0.0422515869140625 -0.237747192382813
0.306121826171875 -0.141387939453125 0.084625244140625 -0.203201293945313
0.222274780273438 -0.188735961914063 0.106277465820313 0.116325378417969
0.22222900390625 -0.138153076171875 0.094390869140625 0.160614013671875
0.256484985351563 -0.146804809570313 0.1053466796875 0.249038696289063
0.235000610351563 -0.07635498046875 0.06707763671875 0.301605224609375
0.247329711914063 -0.0228424072265625 -0.015106201171875 0.30218505859375
0.245849609375 -0.0227203369140625 -0.0731048583984375 0.253692626953125
0.220901489257812 -0.012115478515625 -0.134506225585937 0.146316528320313
0.202911376953125 0.0355072021484375 -0.184799194335938 0.00433349609375004
0.215621948242188 0.023651123046875 -0.265045166015625 -0.116256713867188
0.1993408203125 0.0458221435546875 -0.279403686523438 -0.200515747070313
0.190887451171875 0.05828857421875 -0.237228393554687 -0.191574096679688
0.181655883789063 -0.0086517333984375 -0.162185668945313 -0.201187133789063
0.218887329101563 -0.0182342529296875 -0.0695953369140625 -0.23773193359375
0.234664916992188 -0.0580596923828125 0.0188751220703125 -0.239593505859375
0.248062133789063 -0.109161376953125 0.184173583984375 -0.236923217773438
0.126029968261719 -0.136154174804688 0.170196533203125 0.05072021484375
0.132087707519531 -0.102279663085937 0.127815246582031 0.0960159301757812
0.147293090820313 -0.113510131835938 0.102432250976562 0.224929809570312
0.130699157714844 -0.0688705444335938 0.052734375 0.2994384765625
0.135322570800781 -0.0437774658203125 -0.049530029296875 0.3162841796875
0.130912780761719 -0.0390472412109375 -0.123565673828125 0.297027587890625
0.109222412109375 -0.0199432373046875 -0.1884765625 0.183822631835938
0.103096008300781 0.00743865966796875 -0.232269287109375 0.017303466796875
0.112998962402344 0.0127410888671875 -0.308929443359375 -0.11041259765625
0.102340698242188 0.0247650146484375 -0.30352783203125 -0.197235107421875
0.0975418090820313 0.0343856811523438 -0.240432739257813 -0.185592651367188
0.0996322631835937 -0.00547027587890625 -0.1497802734375 -0.180389404296875
0.128250122070313 -0.0151901245117188 -0.0446624755859375 -0.202285766601563
0.14715576171875 -0.032318115234375 0.06488037109375 -0.227493286132813
0.15325927734375 -0.076385498046875 0.258987426757813 -0.258560180664063
-0.0308074951171875 0.0572891235351563 -0.278167724609375 0.31085205078125
-0.0477943420410156 0.053985595703125 -0.117874145507812 0.260238647460938
-0.0477714538574219 0.0565032958984375 0.0640716552734375 0.164047241210938
-0.0242958068847656 0.03790283203125 0.168670654296875 0.178329467773438
-0.0239849090576172 0.0153484344482422 0.26226806640625 0.202957153320312
-0.0203571319580078 0.0199222564697266 0.36065673828125 0.1885986328125
0.0160102844238281 0.0217151641845703 0.3807373046875 0.07745361328125
0.0233211517333984 0.0173683166503906 0.3076171875 -0.028717041015625
0.0190219879150391 0.00748062133789062 0.230194091796875 -0.223480224609375
0.0133905410766602 0.014033317565918 0.158050537109375 -0.350921630859375
0.0019235610961914 0.0163383483886719 0.01519775390625 -0.371429443359375
-0.00754928588867188 0.0207481384277344 -0.092041015625 -0.308837890625
-0.0467910766601563 0.0273704528808594 -0.1270751953125 -0.240753173828125
-0.0373115539550781 0.0241165161132813 -0.170150756835937 -0.082733154296875
-0.0412330627441406 0.0436172485351563 -0.250335693359375 -0.0432891845703125
0.0923919677734375 0.00400543212890625 -0.27764892578125 0.323974609375
0.0543670654296875 0.0527381896972656 -0.123397827148438 0.275558471679688
0.0549697875976563 0.0765838623046875 0.0615692138671875 0.177841186523438
0.0523757934570313 0.079315185546875 0.163299560546875 0.189208984375
0.0585784912109375 0.0801773071289063 0.251861572265625 0.214736938476563
0.0862960815429688 0.0665206909179688 0.34686279296875 0.182891845703125
0.133956909179688 0.0423202514648438 0.353179931640625 0.071807861328125
0.145751953125 0.042694091796875 0.270370483398437 -0.033416748046875
0.155929565429688 -0.004852294921875 0.188720703125 -0.231643676757813
0.14794921875 -0.00927734375 0.11798095703125 -0.3580322265625
0.131752014160156 -0.0181350708007813 -0.014495849609375 -0.363189697265625
0.0997467041015625 -0.0541229248046875 -0.1181640625 -0.303375244140625
0.0844345092773438 -0.050201416015625 -0.146148681640625 -0.242538452148438
0.0798873901367188 -0.0680923461914063 -0.184524536132813 -0.0818023681640625
0.0878448486328125 -0.0458450317382813 -0.25054931640625 -0.03570556640625
0.203628540039063 -0.05767822265625 -0.237091064453125 0.3280029296875
0.16070556640625 0.0336151123046875 -0.102142333984375 0.299163818359375
0.172561645507812 0.0729827880859375 0.0707550048828125 0.21563720703125
0.149154663085938 0.105667114257813 0.16204833984375 0.2198486328125
0.159393310546875 0.128005981445313 0.234832763671875 0.232559204101563
0.196640014648437 0.098876953125 0.311309814453125 0.174346923828125
0.237411499023438 0.053985595703125 0.29132080078125 0.064971923828125
0.247955322265625 0.05987548828125 0.197067260742188 -0.0324859619140625
0.26947021484375 -0.01470947265625 0.109161376953125 -0.216461181640625
0.2613525390625 -0.025634765625 0.0416259765625 -0.33660888671875
0.245849609375 -0.0418853759765625 -0.06695556640625 -0.33514404296875
0.198104858398438 -0.1146240234375 -0.15478515625 -0.292205810546875
0.205718994140625 -0.111495971679688 -0.169677734375 -0.254928588867188
0.188262939453125 -0.141754150390625 -0.188095092773438 -0.111831665039063
0.204208374023438 -0.122787475585938 -0.21063232421875 -0.0587005615234375
0.283843994140625 -0.125274658203125 -0.162139892578125 0.31317138671875
0.252639770507813 -0.01470947265625 -0.05450439453125 0.314300537109375
0.28704833984375 0.024200439453125 0.0944061279296875 0.257766723632813
0.255386352539063 0.0890655517578125 0.161209106445313 0.257461547851563
0.266555786132813 0.135650634765625 0.202377319335938 0.252212524414063
0.296295166015625 0.099456787109375 0.245681762695313 0.170989990234375
0.3155517578125 0.048431396484375 0.197738647460938 0.065277099609375
0.31256103515625 0.069366455078125 0.099456787109375 -0.0260848999023437
0.3411865234375 -0.01287841796875 0.00556945800781253 -0.186325073242188
0.33538818359375 -0.02069091796875 -0.057525634765625 -0.2952880859375
0.327178955078125 -0.037078857421875 -0.132171630859375 -0.29119873046875
0.275039672851563 -0.135345458984375 -0.18817138671875 -0.275375366210937
0.29864501953125 -0.1339111328125 -0.18280029296875 -0.271072387695313
0.275192260742188 -0.174102783203125 -0.170089721679687 -0.16070556640625
0.291412353515625 -0.169158935546875 -0.136123657226563 -0.106155395507812
0.31842041015625 -0.18450927734375 -0.064666748046875 0.272247314453125
0.302581787109375 -0.083465576171875 0.010345458984375 0.29571533203125
0.354766845703125 -0.059112548828125 0.122421264648438 0.280517578125
0.32586669921875 0.02685546875 0.151275634765625 0.287445068359375
0.338653564453125 0.0928955078125 0.1444091796875 0.272369384765625
0.3533935546875 0.065185546875 0.146377563476563 0.18328857421875
0.346710205078125 0.028656005859375 0.0815887451171875 0.0795516967773438
0.330322265625 0.067901611328125 -0.00921821594238279 -0.0171890258789062
0.35760498046875 -0.000946044921875 -0.10736083984375 -0.152313232421875
0.352020263671875 0.00579833984375 -0.16290283203125 -0.247589111328125
0.350006103515625 -0.0003662109375 -0.195327758789062 -0.242691040039062
0.304534912109375 -0.10845947265625 -0.205596923828125 -0.251739501953125
0.3389892578125 -0.110137939453125 -0.1688232421875 -0.279876708984375
0.320098876953125 -0.1593017578125 -0.124588012695313 -0.210403442382813
0.334869384765625 -0.1790771484375 -0.0330657958984375 -0.163467407226563
0.298553466796875 -0.21685791015625 0.0382232666015625 0.20367431640625
0.2930908203125 -0.138153076171875 0.0732269287109375 0.241485595703125
0.344024658203125 -0.136260986328125 0.138824462890625 0.274002075195313
0.321624755859375 -0.0455322265625 0.127960205078125 0.302734375
0.336822509765625 0.024749755859375 0.072540283203125 0.293701171875
0.34197998046875 0.013641357421875 0.035064697265625 0.216156005859375
0.32086181640625 0.002655029296875 -0.036773681640625 0.110214233398438
0.296844482421875 0.05535888671875 -0.113227844238281 -0.00597381591796874
0.318267822265625 0.015533447265625 -0.211456298828125 -0.125442504882813
0.307281494140625 0.03564453125 -0.252212524414062 -0.2122802734375
0.302459716796875 0.043853759765625 -0.242752075195312 -0.204818725585938
0.273422241210938 -0.053253173828125 -0.20086669921875 -0.224273681640625
0.31207275390625 -0.06011962890625 -0.131805419921875 -0.26812744140625
0.309417724609375 -0.113037109375 -0.059051513671875 -0.2406005859375
0.324310302734375 -0.157684326171875 0.0800933837890625 -0.21612548828125
0.228851318359375 -0.204269409179687 0.126548767089844 0.123123168945313
0.230545043945313 -0.149459838867188 0.12164306640625 0.166839599609375
0.26519775390625 -0.16217041015625 0.1395263671875 0.249969482421875
0.248077392578125 -0.0870819091796875 0.100311279296875 0.306549072265625
0.262161254882813 -0.0299224853515625 0.00881958007812502 0.313140869140625
0.262680053710938 -0.028900146484375 -0.0584259033203125 0.263214111328125
0.238204956054688 -0.016998291015625 -0.132369995117187 0.1522216796875
0.2200927734375 0.0352020263671875 -0.196304321289063 0.00611877441406249
0.234237670898438 0.02239990234375 -0.29034423828125 -0.110260009765625
0.216598510742188 0.0463409423828125 -0.310302734375 -0.195587158203125
0.2086181640625 0.061553955078125 -0.26513671875 -0.184310913085938
0.194427490234375 -0.0103759765625 -0.185623168945312 -0.195571899414063
0.231704711914063 -0.0214385986328125 -0.0889434814453125 -0.236480712890625
0.248779296875 -0.064239501953125 0.00758361816406254 -0.243392944335938
0.261459350585938 -0.121994018554688 0.185104370117187 -0.254364013671875
0.127517700195313 -0.14642333984375 0.191635131835938 0.0523681640625
0.136116027832031 -0.109695434570313 0.154373168945313 0.097381591796875
0.150360107421875 -0.124237060546875 0.136383056640625 0.226165771484375
0.136627197265625 -0.07623291015625 0.085601806640625 0.306121826171875
0.14111328125 -0.0496826171875 -0.02716064453125 0.328948974609375
0.137985229492188 -0.0424728393554688 -0.110382080078125 0.31011962890625
0.1180419921875 -0.021636962890625 -0.189208984375 0.192535400390625
0.11181640625 0.009002685546875 -0.247894287109375 0.0188751220703125
0.123870849609375 0.0130691528320312 -0.33770751953125 -0.10345458984375
0.112556457519531 0.025360107421875 -0.335906982421875 -0.192352294921875
0.108108520507813 0.0380706787109375 -0.267578125 -0.178756713867188
0.106559753417969 -0.00531768798828125 -0.170318603515625 -0.174331665039062
0.134765625 -0.0171432495117188 -0.0601959228515625 -0.200576782226562
0.156448364257813 -0.0364532470703125 0.0583648681640625 -0.23199462890625
0.160934448242187 -0.083892822265625 0.26251220703125 -0.278518676757813
-0.0255699157714844 0.0614128112792969 -0.270111083984375 0.33880615234375
-0.0433692932128906 0.0597190856933594 -0.104095458984375 0.2698974609375
-0.0441131591796875 0.0626373291015625 0.0781707763671875 0.151138305664063
-0.0234184265136719 0.04046630859375 0.187469482421875 0.16021728515625
-0.0251998901367188 0.0177211761474609 0.29052734375 0.1844482421875
-0.0203533172607422 0.0214271545410156 0.39495849609375 0.164581298828125
0.0190296173095703 0.0202083587646484 0.4078369140625 0.053070068359375
0.0250167846679688 0.0146369934082031 0.32379150390625 -0.045074462890625
0.0189075469970703 0.00424003601074219 0.224166870117188 -0.241943359375
0.015385627746582 0.0110511779785156 0.133453369140625 -0.369049072265625
0.00380897521972656 0.0143575668334961 -0.0218505859375 -0.37890625
-0.00609207153320312 0.0207614898681641 -0.132659912109375 -0.306121826171875
-0.0455970764160156 0.032379150390625 -0.167755126953125 -0.237289428710938
-0.0368232727050781 0.027679443359375 -0.196746826171875 -0.073577880859375
-0.0380668640136719 0.0488471984863281 -0.2724609375 -0.031494140625
0.100601196289063 -0.00038909912109375 -0.268035888671875 0.35162353515625
0.0639381408691406 0.0540122985839844 -0.1060791015625 0.285552978515625
0.0651779174804688 0.0782546997070313 0.07763671875 0.164962768554688
0.0614166259765625 0.0810165405273438 0.183731079101562 0.172332763671875
0.0667800903320313 0.08087158203125 0.281402587890625 0.196868896484375
0.0961227416992188 0.0651397705078125 0.37957763671875 0.15924072265625
0.144882202148438 0.034881591796875 0.381011962890625 0.050201416015625
0.156829833984375 0.0337371826171875 0.28509521484375 -0.046875
0.163162231445312 -0.0163726806640625 0.179534912109375 -0.246505737304688
0.155227661132813 -0.020050048828125 0.09088134765625 -0.373077392578125
0.138946533203125 -0.0286636352539063 -0.051055908203125 -0.36871337890625
0.101425170898438 -0.0628662109375 -0.158721923828125 -0.2984619140625
0.08563232421875 -0.0556106567382812 -0.186721801757812 -0.237548828125
0.079986572265625 -0.074066162109375 -0.21063232421875 -0.0702972412109375
0.0923309326171875 -0.05267333984375 -0.270751953125 -0.0219421386718751
0.212982177734375 -0.0701904296875 -0.223388671875 0.353790283203125
0.173629760742188 0.0299530029296875 -0.080413818359375 0.30987548828125
0.18896484375 0.069091796875 0.09185791015625 0.203109741210937
0.165252685546875 0.103378295898437 0.18804931640625 0.203567504882813
0.177413940429688 0.126754760742188 0.267684936523437 0.215423583984375
0.215087890625 0.093414306640625 0.342987060546875 0.152099609375
0.255722045898438 0.0418853759765625 0.315277099609375 0.0467529296875
0.266433715820313 0.04766845703125 0.209457397460938 -0.0420379638671875
0.283203125 -0.032623291015625 0.09844970703125 -0.224380493164063
0.274490356445313 -0.0436859130859375 0.013275146484375 -0.345794677734375
0.259765625 -0.0595855712890625 -0.102264404296875 -0.334564208984375
0.201385498046875 -0.131622314453125 -0.194122314453125 -0.283050537109375
0.209060668945313 -0.12738037109375 -0.209732055664062 -0.246734619140625
0.189132690429688 -0.155685424804688 -0.214309692382813 -0.0997467041015625
0.210296630859375 -0.1397705078125 -0.229827880859375 -0.048919677734375
0.29315185546875 -0.144744873046875 -0.143402099609375 0.335357666015625
0.26666259765625 -0.026153564453125 -0.02618408203125 0.322784423828125
0.305206298828125 0.012542724609375 0.122161865234375 0.244537353515625
0.276397705078125 0.08050537109375 0.1925048828125 0.242431640625
0.291046142578125 0.12835693359375 0.236053466796875 0.237808227539063
0.32000732421875 0.08868408203125 0.2740478515625 0.1529541015625
0.3377685546875 0.03228759765625 0.217193603515625 0.0520477294921875
0.3363037109375 0.05419921875 0.106544494628906 -0.0313873291015625
0.359405517578125 -0.034912109375 -0.0080108642578125 -0.186660766601563
0.353607177734375 -0.04180908203125 -0.087005615234375 -0.294586181640625
0.34588623046875 -0.05718994140625 -0.165863037109375 -0.283905029296875
0.280776977539063 -0.157150268554688 -0.2261962890625 -0.26239013671875
0.30572509765625 -0.155029296875 -0.2210693359375 -0.260940551757813
0.278396606445313 -0.193313598632813 -0.196670532226562 -0.149826049804687
0.29949951171875 -0.193450927734375 -0.15289306640625 -0.1016845703125
0.32476806640625 -0.20849609375 -0.042083740234375 0.287567138671875
0.31439208984375 -0.100189208984375 0.04327392578125 0.30181884765625
0.369354248046875 -0.080108642578125 0.1561279296875 0.26727294921875
0.34613037109375 0.011383056640625 0.18817138671875 0.273818969726563
0.363983154296875 0.079376220703125 0.179458618164063 0.26300048828125
0.378082275390625 0.04901123046875 0.172195434570313 0.172531127929688
0.370758056640625 0.0103759765625 0.0959701538085938 0.0726852416992187
0.354705810546875 0.052764892578125 -0.00837898254394529 -0.0177440643310547
0.37841796875 -0.021026611328125 -0.12432861328125 -0.144546508789062
0.374114990234375 -0.013763427734375 -0.193359375 -0.23748779296875
0.372589111328125 -0.01947021484375 -0.226898193359375 -0.22955322265625
0.31561279296875 -0.129486083984375 -0.238723754882812 -0.2359619140625
0.349822998046875 -0.131103515625 -0.204666137695312 -0.268264770507812
0.327911376953125 -0.18017578125 -0.150619506835937 -0.2025146484375
0.34393310546875 -0.205841064453125 -0.047760009765625 -0.167266845703125
0.30035400390625 -0.241607666015625 0.0616912841796875 0.211395263671875
0.3001708984375 -0.1575927734375 0.107345581054688 0.242172241210938
0.351409912109375 -0.160400390625 0.1756591796875 0.261398315429688
0.336578369140625 -0.06475830078125 0.167755126953125 0.29193115234375
0.356597900390625 0.00714111328125 0.107177734375 0.290863037109375
0.36273193359375 -0.004119873046875 0.0587005615234375 0.213775634765625
0.340545654296875 -0.015625 -0.0269012451171875 0.111343383789063
0.319427490234375 0.043426513671875 -0.11883544921875 -0.00176239013671875
0.339080810546875 -0.001617431640625 -0.232284545898438 -0.111007690429687
0.329376220703125 0.02166748046875 -0.283447265625 -0.19561767578125
0.326324462890625 0.03076171875 -0.272109985351563 -0.186935424804688
0.2860107421875 -0.0682373046875 -0.230880737304687 -0.207351684570313
0.3236083984375 -0.078125 -0.163116455078125 -0.257705688476563
0.320220947265625 -0.132049560546875 -0.0813446044921875 -0.236892700195312
0.333221435546875 -0.18377685546875 0.0677490234375 -0.227920532226563
0.226715087890625 -0.2244873046875 0.150650024414063 0.122894287109375
0.2315673828125 -0.166412353515625 0.153091430664063 0.1622314453125
0.265151977539063 -0.183639526367188 0.1778564453125 0.237335205078125
0.255279541015625 -0.103973388671875 0.14154052734375 0.29986572265625
0.272964477539063 -0.0457305908203125 0.042022705078125 0.316162109375
0.275497436523438 -0.042633056640625 -0.035552978515625 0.268096923828125
0.252716064453125 -0.0302276611328125 -0.125762939453125 0.159317016601562
0.236923217773438 0.027099609375 -0.206985473632812 0.0140533447265625
0.251739501953125 0.01190185546875 -0.31512451171875 -0.0919799804687499
0.234298706054688 0.0381011962890625 -0.34259033203125 -0.17529296875
0.228057861328125 0.0558624267578125 -0.2938232421875 -0.164642333984375
0.206466674804687 -0.018890380859375 -0.21148681640625 -0.1788330078125
0.241470336914063 -0.0322113037109375 -0.114410400390625 -0.227493286132813
0.257904052734375 -0.07806396484375 -0.009796142578125 -0.24395751953125
0.269210815429688 -0.142181396484375 0.17510986328125 -0.27337646484375
0.123184204101562 -0.159698486328125 0.213150024414063 0.044952392578125
0.13519287109375 -0.12127685546875 0.1820068359375 0.0888214111328125
0.14715576171875 -0.138565063476563 0.174285888671875 0.215621948242188
0.138519287109375 -0.0882568359375 0.126251220703125 0.300872802734375
0.144393920898438 -0.058837890625 0.004791259765625 0.336029052734375
0.1435546875 -0.0508575439453125 -0.08709716796875 0.321258544921875
0.124908447265625 -0.0279083251953125 -0.183441162109375 0.203659057617188
0.121452331542969 0.005096435546875 -0.261810302734375 0.0296478271484375
0.135124206542969 0.0085601806640625 -0.36444091796875 -0.08380126953125
0.122528076171875 0.0229415893554687 -0.370330810546875 -0.17138671875
0.118667602539062 0.0363922119140625 -0.295867919921875 -0.158843994140625
0.113021850585937 -0.00868988037109375 -0.193771362304687 -0.157943725585938
0.139389038085938 -0.0229339599609375 -0.0798187255859375 -0.191970825195313
0.161758422851563 -0.0453643798828125 0.0457611083984375 -0.234176635742188
0.164474487304688 -0.0965423583984375 0.254913330078125 -0.303009033203125
-0.0186843872070313 0.0628128051757812 -0.24884033203125 0.3568115234375
-0.0380630493164063 0.0631179809570312 -0.0843963623046875 0.270294189453125
-0.0380325317382812 0.0667877197265625 0.086883544921875 0.132293701171875
-0.0209617614746094 0.041412353515625 0.1976318359375 0.136337280273438
-0.0257396697998047 0.0196113586425781 0.308074951171875 0.153900146484375
-0.0192241668701172 0.0224380493164063 0.41546630859375 0.12841796875
0.0206089019775391 0.0166797637939453 0.42254638671875 0.021636962890625
0.0254745483398437 0.0107288360595703 0.32989501953125 -0.065399169921875
0.0173549652099609 0.00151157379150391 0.208648681640625 -0.254669189453125
0.0160884857177734 0.00809001922607422 0.101043701171875 -0.374298095703125
0.00440788269042969 0.011357307434082 -0.060211181640625 -0.3704833984375
-0.00406455993652344 0.0199432373046875 -0.17022705078125 -0.287994384765625
-0.0422325134277344 0.0371246337890625 -0.203903198242187 -0.218704223632813
-0.0349769592285156 0.0300579071044922 -0.217025756835938 -0.0561370849609375
-0.0328140258789063 0.0529136657714844 -0.285400390625 -0.0127868652343751
0.105690002441406 -0.0067291259765625 -0.2445068359375 0.370025634765625
0.0725555419921875 0.0517196655273438 -0.0836181640625 0.286529541015625
0.0755081176757813 0.0761947631835938 0.0879058837890625 0.145065307617187
0.068939208984375 0.0784835815429688 0.196533203125 0.14697265625
0.0750656127929688 0.0782470703125 0.301116943359375 0.16656494140625
0.102981567382813 0.058349609375 0.399627685546875 0.123992919921875
0.15057373046875 0.0238037109375 0.3939208984375 0.019866943359375
0.162338256835938 0.0213623046875 0.29156494140625 -0.0645751953125
0.163711547851563 -0.0292816162109375 0.163101196289063 -0.254135131835938
0.156768798828125 -0.032928466796875 0.05767822265625 -0.374359130859375
0.140518188476563 -0.039642333984375 -0.0877685546875 -0.357391357421875
0.0995559692382813 -0.071533203125 -0.194259643554687 -0.276504516601563
0.08489990234375 -0.05987548828125 -0.222610473632812 -0.216796875
0.0766143798828125 -0.07867431640625 -0.228790283203125 -0.0511474609375
0.0929183959960938 -0.0596084594726562 -0.28125 -0.00326538085937499
0.215118408203125 -0.08404541015625 -0.197601318359375 0.3692626953125
0.182785034179688 0.020843505859375 -0.05340576171875 0.309051513671875
0.19952392578125 0.0595703125 0.107101440429688 0.180923461914063
0.177322387695313 0.0956268310546875 0.206329345703125 0.177108764648438
0.19091796875 0.117874145507812 0.290252685546875 0.18670654296875
0.226791381835937 0.0798187255859375 0.36163330078125 0.1207275390625
0.26568603515625 0.0238037109375 0.328765869140625 0.021697998046875
0.275527954101562 0.0279998779296875 0.215057373046875 -0.0544281005859375
0.2861328125 -0.053466796875 0.082855224609375 -0.2255859375
0.277313232421875 -0.0635223388671875 -0.018310546875 -0.339630126953125
0.261276245117187 -0.0792236328125 -0.136322021484375 -0.319580078125
0.196563720703125 -0.146865844726563 -0.2275390625 -0.258575439453125
0.204071044921875 -0.140411376953125 -0.244003295898437 -0.223281860351563
0.182693481445313 -0.167282104492188 -0.23272705078125 -0.0782623291015625
0.207046508789063 -0.155288696289063 -0.240020751953125 -0.032196044921875
0.29071044921875 -0.16375732421875 -0.11651611328125 0.345428466796875
0.273788452148438 -0.04022216796875 0.00451660156250001 0.318267822265625
0.313568115234375 -0.005157470703125 0.144058227539063 0.220062255859375
0.28948974609375 0.06500244140625 0.217010498046875 0.214309692382812
0.3079833984375 0.112457275390625 0.262344360351563 0.210067749023438
0.334686279296875 0.068511962890625 0.292755126953125 0.12554931640625
0.34942626953125 0.008636474609375 0.22918701171875 0.032440185546875
0.3480224609375 0.031890869140625 0.110198974609375 -0.0380477905273438
0.3651123046875 -0.060516357421875 -0.0226593017578125 -0.179931640625
0.360137939453125 -0.066741943359375 -0.11480712890625 -0.280319213867188
0.352264404296875 -0.08221435546875 -0.194686889648438 -0.262924194335938
0.275604248046875 -0.17755126953125 -0.255813598632812 -0.23382568359375
0.300811767578125 -0.175262451171875 -0.2532958984375 -0.235061645507812
0.271530151367188 -0.21160888671875 -0.216064453125 -0.128829956054687
0.29443359375 -0.2169189453125 -0.164657592773438 -0.0901641845703125
0.317657470703125 -0.230743408203125 -0.0147705078125 0.2913818359375
0.3162841796875 -0.11846923828125 0.075531005859375 0.293182373046875
0.371612548828125 -0.102935791015625 0.18304443359375 0.239913940429688
0.355133056640625 -0.010223388671875 0.21710205078125 0.245864868164063
0.377685546875 0.05718994140625 0.208297729492188 0.239898681640625
0.3914794921875 0.02587890625 0.19097900390625 0.151336669921875
0.381256103515625 -0.01519775390625 0.106307983398438 0.0611495971679688
0.368133544921875 0.03033447265625 -0.00805473327636716 -0.0174627304077148
0.387359619140625 -0.047210693359375 -0.137954711914062 -0.129066467285156
0.383209228515625 -0.04010009765625 -0.217437744140625 -0.215988159179688
0.383087158203125 -0.045013427734375 -0.250076293945313 -0.20257568359375
0.31427001953125 -0.150604248046875 -0.26470947265625 -0.207305908203125
0.347930908203125 -0.154388427734375 -0.2340087890625 -0.242645263671875
0.323028564453125 -0.200927734375 -0.170120239257813 -0.183639526367187
0.33831787109375 -0.23248291015625 -0.0618896484375 -0.16259765625
0.2896728515625 -0.262115478515625 0.0871124267578125 0.207992553710937
0.296051025390625 -0.174652099609375 0.138519287109375 0.230056762695313
0.34478759765625 -0.183197021484375 0.205413818359375 0.2335205078125
0.33905029296875 -0.0880126953125 0.20159912109375 0.265670776367188
0.36517333984375 -0.015533447265625 0.138946533203125 0.273422241210938
0.37158203125 -0.026336669921875 0.0796661376953125 0.201141357421875
0.34967041015625 -0.0380859375 -0.0165481567382812 0.107246398925781
0.332000732421875 0.02410888671875 -0.121086120605469 0.00421142578125002
0.349822998046875 -0.024658203125 -0.24578857421875 -0.0890045166015625
0.340667724609375 0 -0.305633544921875 -0.166259765625
0.33990478515625 0.01025390625 -0.29168701171875 -0.156341552734375
0.288909912109375 -0.086456298828125 -0.252090454101563 -0.17877197265625
0.325225830078125 -0.09771728515625 -0.187820434570313 -0.234893798828125
0.319366455078125 -0.15130615234375 -0.100555419921875 -0.222686767578125
0.32867431640625 -0.207794189453125 0.052093505859375 -0.231094360351562
0.214523315429687 -0.240768432617187 0.170547485351563 0.112762451171875
0.224746704101563 -0.181289672851563 0.179580688476563 0.146865844726563
0.254653930664063 -0.20166015625 0.20770263671875 0.212677001953125
0.252471923828125 -0.121978759765625 0.177322387695313 0.276077270507813
0.274795532226563 -0.0625 0.07513427734375 0.304412841796875
0.28009033203125 -0.06011962890625 -0.011444091796875 0.263275146484375
0.258514404296875 -0.04718017578125 -0.115097045898437 0.16253662109375
0.246932983398438 0.0135345458984375 -0.211776733398438 0.024627685546875
0.261703491210938 -0.004302978515625 -0.3282470703125 -0.06494140625
0.245254516601563 0.0235595703125 -0.364349365234375 -0.1434326171875
0.2413330078125 0.043426513671875 -0.31195068359375 -0.132720947265625
0.210922241210938 -0.0299835205078125 -0.22900390625 -0.152679443359375
0.244338989257813 -0.04547119140625 -0.134811401367188 -0.207748413085937
0.259017944335938 -0.092926025390625 -0.0270843505859375 -0.234085083007813
0.265029907226563 -0.161148071289063 0.15765380859375 -0.28387451171875
0.112945556640625 -0.169464111328125 0.228591918945312 0.029815673828125
0.128349304199219 -0.130233764648437 0.203384399414063 0.07147216796875
0.1375732421875 -0.14892578125 0.20440673828125 0.190826416015625
0.133865356445313 -0.09942626953125 0.162933349609375 0.280014038085937
0.141159057617188 -0.0673065185546875 0.039398193359375 0.328216552734375
0.143814086914063 -0.0588226318359375 -0.05865478515625 0.319488525390625
0.128120422363281 -0.0353775024414062 -0.171279907226563 0.211044311523438
0.126419067382813 -0.00055694580078125 -0.267501831054688 0.0431365966796876
0.142059326171875 0.0002899169921875 -0.378265380859375 -0.0547485351562501
0.129135131835938 0.0160064697265625 -0.39117431640625 -0.1387939453125
0.126823425292969 0.0316848754882812 -0.313629150390625 -0.1275634765625
0.115936279296875 -0.0136871337890625 -0.208221435546875 -0.132858276367187
0.139312744140625 -0.0295791625976562 -0.09576416015625 -0.173721313476563
0.16253662109375 -0.0551605224609375 0.0309295654296875 -0.229248046875
0.161209106445313 -0.107559204101563 0.237457275390625 -0.31915283203125
-0.0129661560058594 0.0614662170410156 -0.229034423828125 0.36163330078125
-0.0323715209960938 0.0628623962402344 -0.0702056884765625 0.262939453125
-0.0317268371582031 0.0675773620605469 0.0875091552734375 0.113609313964844
-0.0189132690429688 0.0415687561035156 0.198654174804688 0.114303588867187
-0.0262355804443359 0.0215358734130859 0.313446044921875 0.1263427734375
-0.0192756652832031 0.0219802856445313 0.420806884765625 0.095489501953125
0.0215969085693359 0.0129718780517578 0.4227294921875 -0.0057373046875
0.0250816345214844 0.00705909729003906 0.328887939453125 -0.0792236328125
0.0158004760742188 -0.00091552734375 0.192031860351563 -0.256683349609375
0.0152769088745117 0.00558090209960938 0.073150634765625 -0.367523193359375
0.00399971008300781 0.00878095626831055 -0.087005615234375 -0.352081298828125
-0.00241279602050781 0.0178394317626953 -0.194915771484375 -0.262420654296875
-0.0388069152832031 0.04022216796875 -0.228805541992188 -0.195236206054688
-0.0333480834960938 0.0319709777832031 -0.228927612304687 -0.03900146484375
-0.02752685546875 0.0542030334472656 -0.290069580078125 0.00305175781250005
0.107589721679688 -0.0125503540039062 -0.223114013671875 0.373992919921875
0.0782470703125 0.0484161376953125 -0.0675201416015625 0.276596069335937
0.0826644897460938 0.0723342895507813 0.0904998779296875 0.124534606933594
0.0738906860351563 0.074615478515625 0.199661254882813 0.122955322265625
0.0790863037109375 0.0747146606445312 0.30908203125 0.139007568359375
0.106430053710938 0.0524826049804687 0.40496826171875 0.092742919921875
0.1519775390625 0.0135040283203125 0.395751953125 -0.004486083984375
0.163070678710938 0.01092529296875 0.291656494140625 -0.076446533203125
0.161148071289063 -0.0390625 0.148178100585937 -0.253311157226562
0.154891967773438 -0.0422210693359375 0.031646728515625 -0.363983154296875
0.139183044433594 -0.0483474731445313 -0.113494873046875 -0.337249755859375
0.0958023071289063 -0.0767059326171875 -0.216354370117187 -0.250579833984375
0.082977294921875 -0.0622634887695313 -0.244873046875 -0.191726684570313
0.073272705078125 -0.0804061889648438 -0.238677978515625 -0.032989501953125
0.0929946899414062 -0.0637741088867188 -0.2841796875 0.0125732421875001
0.21337890625 -0.092681884765625 -0.175048828125 0.3709716796875
0.187606811523437 0.013427734375 -0.033843994140625 0.29736328125
0.206039428710938 0.0509185791015625 0.112838745117188 0.157821655273438
0.183502197265625 0.087493896484375 0.212570190429688 0.150726318359375
0.198532104492188 0.108596801757813 0.2999267578125 0.15771484375
0.231887817382813 0.067718505859375 0.3670654296875 0.0906982421875
0.267868041992188 0.00860595703125 0.33172607421875 3.05175781250005E-05
0.277359008789062 0.0133514404296875 0.215347290039063 -0.0637969970703125
0.282623291015625 -0.06915283203125 0.0706024169921875 -0.2193603515625
0.274795532226563 -0.07818603515625 -0.04083251953125 -0.324188232421875
0.259445190429688 -0.093170166015625 -0.157470703125 -0.297027587890625
0.189529418945313 -0.155120849609375 -0.246246337890625 -0.230316162109375
0.197250366210937 -0.14752197265625 -0.264312744140625 -0.1962890625
0.175384521484375 -0.17254638671875 -0.242141723632812 -0.0587921142578125
0.20111083984375 -0.165542602539063 -0.243621826171875 -0.018157958984375
0.2845458984375 -0.17523193359375 -0.094146728515625 0.3447265625
0.2755126953125 -0.05059814453125 0.0265197753906251 0.304718017578125
0.3150634765625 -0.018218994140625 0.154006958007813 0.193588256835938
0.293975830078125 0.05224609375 0.228469848632813 0.184921264648438
0.315185546875 0.097900390625 0.275421142578125 0.182754516601563
0.3394775390625 0.0511474609375 0.29949951171875 0.099365234375
0.3519287109375 -0.009796142578125 0.233184814453125 0.015472412109375
0.351348876953125 0.013885498046875 0.111053466796875 -0.042236328125
0.36273193359375 -0.08001708984375 -0.0308074951171875 -0.16876220703125
0.357513427734375 -0.08563232421875 -0.132308959960938 -0.260696411132813
0.35089111328125 -0.100738525390625 -0.211181640625 -0.237075805664063
0.268524169921875 -0.18902587890625 -0.27093505859375 -0.204208374023438
0.292205810546875 -0.187164306640625 -0.271865844726563 -0.206924438476562
0.261871337890625 -0.220291137695312 -0.226181030273437 -0.1072998046875
0.286163330078125 -0.229705810546875 -0.170654296875 -0.0789794921875
0.307037353515625 -0.242523193359375 0.00610351562500005 0.285919189453125
0.313385009765625 -0.128692626953125 0.0981292724609375 0.277420043945313
0.36669921875 -0.117584228515625 0.195587158203125 0.210479736328125
0.35552978515625 -0.02606201171875 0.233291625976563 0.215240478515625
0.38275146484375 0.039306640625 0.224990844726563 0.213424682617188
0.394500732421875 0.00665283203125 0.200454711914063 0.12969970703125
0.382720947265625 -0.03436279296875 0.111930847167969 0.0491790771484375
0.372467041015625 0.0120849609375 -0.00715541839599607 -0.017425537109375
0.3873291015625 -0.068115234375 -0.1431884765625 -0.113815307617188
0.383819580078125 -0.059600830078125 -0.2293701171875 -0.19061279296875
0.3853759765625 -0.063873291015625 -0.261672973632812 -0.17437744140625
0.308258056640625 -0.163970947265625 -0.275634765625 -0.176834106445312
0.34033203125 -0.16827392578125 -0.249679565429687 -0.214920043945313
0.3145751953125 -0.212432861328125 -0.180953979492187 -0.163894653320312
0.329132080078125 -0.2476806640625 -0.070556640625 -0.155105590820313
0.276031494140625 -0.271987915039063 0.104110717773438 0.198837280273437
0.288665771484375 -0.184295654296875 0.1600341796875 0.212051391601563
0.33538818359375 -0.195556640625 0.221145629882813 0.2042236328125
0.333099365234375 -0.102630615234375 0.221160888671875 0.235260009765625
0.36572265625 -0.03204345703125 0.158111572265625 0.251022338867187
0.37213134765625 -0.043731689453125 0.092254638671875 0.185302734375
0.350189208984375 -0.05548095703125 -0.00941467285156249 0.101219177246094
0.336273193359375 0.0087890625 -0.121147155761719 0.00877380371093752
0.351837158203125 -0.04290771484375 -0.249008178710938 -0.0691375732421875
0.34332275390625 -0.016754150390625 -0.314453125 -0.137786865234375
0.3463134765625 -0.005706787109375 -0.299285888671875 -0.126983642578125
0.2869873046875 -0.098236083984375 -0.261001586914063 -0.149856567382813
0.321380615234375 -0.1099853515625 -0.201492309570312 -0.209213256835938
0.313079833984375 -0.162689208984375 -0.111221313476563 -0.205322265625
0.32098388671875 -0.222991943359375 0.040374755859375 -0.227920532226563
0.20172119140625 -0.247894287109375 0.1832275390625 0.101943969726562
0.215713500976563 -0.18798828125 0.197357177734375 0.128875732421875
0.24261474609375 -0.209747314453125 0.225006103515625 0.183486938476563
0.244720458984375 -0.133636474609375 0.199783325195313 0.247573852539063
0.271438598632813 -0.0737762451171875 0.097686767578125 0.28570556640625
0.2789306640625 -0.071807861328125 0.00654602050781251 0.251998901367188
0.259063720703125 -0.058685302734375 -0.105422973632812 0.160858154296875
0.250518798828125 0.0030364990234375 -0.212631225585937 0.032257080078125
0.26507568359375 -0.0184478759765625 -0.332000732421875 -0.0430603027343751
0.249542236328125 0.01251220703125 -0.3719482421875 -0.112640380859375
0.248489379882813 0.032684326171875 -0.31658935546875 -0.103179931640625
0.211746215820313 -0.03753662109375 -0.234939575195313 -0.1260986328125
0.242401123046875 -0.0545501708984375 -0.145416259765625 -0.185638427734375
0.25592041015625 -0.102645874023438 -0.0365447998046875 -0.220748901367188
0.259246826171875 -0.172958374023438 0.143096923828125 -0.284576416015625
0.102569580078125 -0.172378540039062 0.235977172851563 0.0172271728515625
0.121238708496094 -0.133758544921875 0.2149658203125 0.0538482666015625
0.126922607421875 -0.15289306640625 0.222000122070313 0.163818359375
0.127265930175781 -0.105888366699219 0.186325073242188 0.25250244140625
0.137298583984375 -0.0721664428710938 0.063507080078125 0.310791015625
0.14251708984375 -0.0637359619140625 -0.038055419921875 0.308746337890625
0.128395080566406 -0.0402145385742188 -0.160568237304687 0.210800170898437
0.130088806152344 -0.00519561767578125 -0.268951416015625 0.0523529052734375
0.145889282226563 -0.00726318359375 -0.38153076171875 -0.03143310546875
0.132164001464844 0.0111007690429688 -0.3994140625 -0.108184814453125
0.131996154785156 0.0265274047851562 -0.3182373046875 -0.098419189453125
0.116165161132813 -0.0173797607421875 -0.213409423828125 -0.10821533203125
0.137504577636719 -0.033843994140625 -0.104110717773437 -0.154388427734375
0.160369873046875 -0.0609588623046875 0.022430419921875 -0.218276977539062
0.155685424804688 -0.11370849609375 0.2203369140625 -0.322845458984375
-0.00981521606445313 0.0590896606445313 -0.218719482421875 0.360687255859375
-0.0294227600097656 0.0617027282714844 -0.064178466796875 0.2532958984375
-0.0279769897460938 0.06683349609375 0.0836944580078125 0.0990371704101563
-0.0173149108886719 0.0409812927246094 0.196502685546875 0.097320556640625
-0.0267791748046875 0.0223503112792969 0.314300537109375 0.105560302734375
-0.0196876525878906 0.0214309692382812 0.422027587890625 0.072906494140625
0.0205211639404297 0.00918006896972656 0.42181396484375 -0.02166748046875
0.0244331359863281 0.00418853759765625 0.328948974609375 -0.0869140625
0.0144548416137695 -0.00292682647705078 0.182998657226562 -0.254287719726563
0.014643669128418 0.00359439849853516 0.0570068359375 -0.35699462890625
0.00386905670166016 0.00638961791992187 -0.102874755859375 -0.334228515625
-0.00206375122070313 0.0155763626098633 -0.2091064453125 -0.24053955078125
-0.0354881286621094 0.0418357849121094 -0.245162963867188 -0.173843383789062
-0.0322532653808594 0.0329246520996094 -0.237274169921875 -0.0263671875
-0.0232391357421875 0.0547142028808594 -0.293548583984375 0.0129394531250001
0.108573913574219 -0.0160980224609375 -0.21142578125 0.372711181640625
0.082122802734375 0.0447311401367188 -0.0604095458984375 0.26678466796875
0.0874481201171875 0.0689620971679688 0.086456298828125 0.10919189453125
0.0769119262695313 0.0719985961914063 0.197891235351563 0.10540771484375
0.0816497802734375 0.072601318359375 0.310455322265625 0.1175537109375
0.107376098632813 0.0482940673828125 0.405303955078125 0.07135009765625
0.152053833007813 0.0061798095703125 0.397186279296875 -0.020843505859375
0.162567138671875 0.0049896240234375 0.292938232421875 -0.08319091796875
0.158554077148438 -0.04534912109375 0.1412353515625 -0.248245239257813
0.153549194335938 -0.047698974609375 0.01641845703125 -0.350738525390625
0.137619018554688 -0.0539474487304688 -0.127471923828125 -0.319183349609375
0.0940780639648437 -0.0797805786132813 -0.229873657226562 -0.22882080078125
0.0824432373046875 -0.062713623046875 -0.260330200195312 -0.170150756835938
0.0715179443359375 -0.08026123046875 -0.245849609375 -0.0189971923828125
0.09356689453125 -0.0666885375976563 -0.286224365234375 0.021728515625
0.212661743164062 -0.0976104736328125 -0.16302490234375 0.3687744140625
0.191802978515625 0.0090484619140625 -0.025177001953125 0.285919189453125
0.2103271484375 0.0449066162109375 0.11114501953125 0.139205932617188
0.187698364257813 0.0823516845703125 0.212982177734375 0.130264282226563
0.203231811523438 0.102935791015625 0.30389404296875 0.136566162109375
0.234588623046875 0.060546875 0.368621826171875 0.070526123046875
0.268783569335938 -0.0018463134765625 0.332550048828125 -0.014678955078125
0.277587890625 0.004241943359375 0.217849731445313 -0.068115234375
0.279891967773438 -0.078521728515625 0.065093994140625 -0.213226318359375
0.271392822265625 -0.087677001953125 -0.05328369140625 -0.309844970703125
0.257614135742188 -0.102081298828125 -0.168182373046875 -0.277023315429687
0.18487548828125 -0.159515380859375 -0.2564697265625 -0.207000732421875
0.194183349609375 -0.150833129882813 -0.277236938476563 -0.174896240234375
0.170913696289063 -0.173736572265625 -0.247833251953125 -0.0436248779296875
0.19976806640625 -0.171035766601563 -0.244903564453125 -0.00892639160156254
0.281463623046875 -0.1802978515625 -0.08074951171875 0.34002685546875
0.277816772460938 -0.0559539794921875 0.037567138671875 0.29046630859375
0.317474365234375 -0.025970458984375 0.154190063476563 0.171859741210938
0.296844482421875 0.04510498046875 0.231582641601563 0.161270141601563
0.31982421875 0.08856201171875 0.280792236328125 0.160552978515625
0.34295654296875 0.041717529296875 0.30108642578125 0.081085205078125
0.3525390625 -0.0216064453125 0.2354736328125 0.0039215087890625
0.353240966796875 0.0030517578125 0.113410949707031 -0.045135498046875
0.36065673828125 -0.09234619140625 -0.0339813232421875 -0.15960693359375
0.35626220703125 -0.09722900390625 -0.141616821289063 -0.2431640625
0.350830078125 -0.11175537109375 -0.218017578125 -0.216644287109375
0.263214111328125 -0.195022583007812 -0.277801513671875 -0.179672241210938
0.28765869140625 -0.1922607421875 -0.2821044921875 -0.183837890625
0.257217407226562 -0.223220825195312 -0.231094360351562 -0.091522216796875
0.28131103515625 -0.23736572265625 -0.172683715820312 -0.07122802734375
0.3021240234375 -0.247161865234375 0.0193634033203125 0.28021240234375
0.31280517578125 -0.134063720703125 0.11187744140625 0.26141357421875
0.364013671875 -0.125946044921875 0.199798583984375 0.187210083007813
0.35491943359375 -0.034515380859375 0.240097045898438 0.18939208984375
0.3856201171875 0.029510498046875 0.233108520507813 0.192306518554688
0.3963623046875 -0.00445556640625 0.204345703125 0.1151123046875
0.38397216796875 -0.046844482421875 0.114845275878906 0.0406723022460937
0.37469482421875 0.001556396484375 -0.0058469772338867 -0.0175275802612305
0.3863525390625 -0.0814208984375 -0.14459228515625 -0.101959228515625
0.3839111328125 -0.07098388671875 -0.23565673828125 -0.170562744140625
0.387664794921875 -0.0765380859375 -0.264923095703125 -0.1534423828125
0.305816650390625 -0.171234130859375 -0.280410766601563 -0.1529541015625
0.33660888671875 -0.1748046875 -0.257843017578125 -0.192291259765625
0.310211181640625 -0.21734619140625 -0.18511962890625 -0.147186279296875
0.324462890625 -0.256439208984375 -0.0741424560546875 -0.148666381835938
0.268539428710938 -0.274642944335937 0.115341186523438 0.19183349609375
0.2857666015625 -0.188446044921875 0.1724853515625 0.19622802734375
0.328948974609375 -0.202301025390625 0.227493286132813 0.180389404296875
0.331146240234375 -0.1099853515625 0.230926513671875 0.209945678710938
0.365203857421875 -0.04052734375 0.169021606445313 0.231170654296875
0.373687744140625 -0.053619384765625 0.098968505859375 0.172225952148438
0.35137939453125 -0.065521240234375 -0.00557708740234372 0.0956878662109375
0.33978271484375 0.000244140625 -0.1214599609375 0.0108489990234375
0.352447509765625 -0.0550537109375 -0.249649047851562 -0.0553436279296875
0.3453369140625 -0.02679443359375 -0.317596435546875 -0.11651611328125
0.350616455078125 -0.016693115234375 -0.299652099609375 -0.105072021484375
0.286956787109375 -0.104339599609375 -0.262466430664063 -0.128036499023438
0.319854736328125 -0.1163330078125 -0.206512451171875 -0.189041137695312
0.31072998046875 -0.168365478515625 -0.114761352539062 -0.189865112304688
0.316009521484375 -0.23193359375 0.03564453125 -0.224212646484375
0.193557739257813 -0.24945068359375 0.192398071289063 0.093414306640625
0.21173095703125 -0.190826416015625 0.208328247070313 0.114471435546875
0.234664916992188 -0.2127685546875 0.233428955078125 0.161148071289063
0.23883056640625 -0.139022827148438 0.210952758789063 0.22222900390625
0.26922607421875 -0.080291748046875 0.111053466796875 0.267578125
0.2789306640625 -0.078521728515625 0.0155487060546875 0.239913940429688
0.259719848632813 -0.065765380859375 -0.100418090820313 0.156417846679688
0.253341674804688 -0.003082275390625 -0.213821411132813 0.0362396240234375
0.26678466796875 -0.0279693603515625 -0.33148193359375 -0.0279541015625
0.252456665039063 0.0054168701171875 -0.373931884765625 -0.090087890625
0.25360107421875 0.025482177734375 -0.3155517578125 -0.081512451171875
0.213043212890625 -0.041748046875 -0.23443603515625 -0.1060791015625
0.241958618164063 -0.05841064453125 -0.1480712890625 -0.1669921875
0.2550048828125 -0.107086181640625 -0.0389556884765625 -0.20843505859375
0.256057739257813 -0.17901611328125 0.137115478515625 -0.2825927734375
0.0953216552734375 -0.172332763671875 0.241714477539063 0.00772094726562499
0.117530822753906 -0.1353759765625 0.223342895507813 0.04022216796875
0.12060546875 -0.154281616210937 0.231826782226563 0.142242431640625
0.121673583984375 -0.108039855957031 0.198928833007813 0.228012084960938
0.134803771972656 -0.0735321044921875 0.077606201171875 0.2947998046875
0.14276123046875 -0.0659332275390625 -0.025848388671875 0.2978515625
0.130332946777344 -0.0427093505859375 -0.1552734375 0.207595825195313
0.13262939453125 -0.00719451904296875 -0.270294189453125 0.056121826171875
0.148086547851563 -0.012481689453125 -0.381744384765625 -0.0159606933593749
0.134025573730469 0.00794219970703125 -0.401763916015625 -0.08544921875
0.136161804199219 0.0241470336914063 -0.3177490234375 -0.076873779296875
0.117904663085938 -0.0189132690429688 -0.212799072265625 -0.0899505615234375
0.137237548828125 -0.0344314575195313 -0.1053466796875 -0.137153625488281
0.15972900390625 -0.0630340576171875 0.019805908203125 -0.208145141601563
0.153793334960938 -0.116912841796875 0.2127685546875 -0.32208251953125
-0.00873565673828125 0.0582809448242188 -0.217315673828125 0.363067626953125
-0.0283775329589844 0.0608596801757813 -0.0639495849609375 0.247772216796875
-0.0254135131835938 0.0658416748046875 0.0790176391601563 0.0882339477539063
-0.0169448852539063 0.0404319763183594 0.196044921875 0.085052490234375
-0.0278873443603516 0.0238056182861328 0.317657470703125 0.09088134765625
-0.0212116241455078 0.0215187072753906 0.42608642578125 0.057403564453125
0.0191688537597656 0.00634384155273438 0.42755126953125 -0.034820556640625
0.0231037139892578 0.00138282775878906 0.334686279296875 -0.092987060546875
0.0128936767578125 -0.00409412384033203 0.180557250976563 -0.253707885742187
0.0131759643554688 0.00169944763183594 0.047607421875 -0.351776123046875
0.00300359725952148 0.00465679168701172 -0.1141357421875 -0.323272705078125
-0.00232505798339844 0.0142927169799805 -0.222503662109375 -0.224258422851562
-0.0337677001953125 0.043701171875 -0.260665893554688 -0.1572265625
-0.0310325622558594 0.03448486328125 -0.248428344726562 -0.0150299072265625
-0.019683837890625 0.0543098449707031 -0.301239013671875 0.020263671875
0.111381530761719 -0.0192184448242188 -0.20947265625 0.373931884765625
0.0854949951171875 0.04327392578125 -0.058380126953125 0.261062622070313
0.0919952392578125 0.0665130615234375 0.0824661254882813 0.0966033935546875
0.080322265625 0.0706024169921875 0.197921752929688 0.09234619140625
0.0844192504882812 0.0721206665039063 0.31451416015625 0.103179931640625
0.10858154296875 0.0465164184570313 0.4105224609375 0.0560302734375
0.15362548828125 0.0014801025390625 0.403045654296875 -0.032928466796875
0.164443969726563 -0.0004119873046875 0.299407958984375 -0.088470458984375
0.15875244140625 -0.0498809814453125 0.13885498046875 -0.24658203125
0.153396606445313 -0.0527496337890625 0.00720214843750002 -0.34466552734375
0.13787841796875 -0.0598526000976563 -0.13775634765625 -0.307281494140625
0.0937347412109375 -0.0831832885742187 -0.242218017578125 -0.211685180664062
0.0832901000976562 -0.063262939453125 -0.274810791015625 -0.155029296875
0.0725784301757813 -0.0805511474609375 -0.255615234375 -0.00776672363281249
0.0967864990234375 -0.07000732421875 -0.29278564453125 0.0289306640625
0.2154541015625 -0.10186767578125 -0.158477783203125 0.36944580078125
0.197860717773438 0.0058441162109375 -0.0214080810546875 0.278793334960938
0.216522216796875 0.0410003662109375 0.108200073242188 0.125389099121094
0.193511962890625 0.0800933837890625 0.214523315429688 0.114974975585938
0.20916748046875 0.101165771484375 0.309478759765625 0.12103271484375
0.239410400390625 0.05682373046875 0.373443603515625 0.056610107421875
0.273117065429688 -0.0082244873046875 0.338531494140625 -0.025421142578125
0.28265380859375 -0.00238037109375 0.223464965820313 -0.0722808837890625
0.281951904296875 -0.0869140625 0.0638427734375 -0.209503173828125
0.274246215820313 -0.0945892333984375 -0.0616455078125 -0.30145263671875
0.260711669921875 -0.10968017578125 -0.177581787109375 -0.264633178710938
0.185134887695312 -0.164535522460937 -0.26751708984375 -0.190185546875
0.196060180664062 -0.153564453125 -0.29095458984375 -0.158050537109375
0.172210693359375 -0.176071166992188 -0.255950927734375 -0.0313873291015626
0.202484130859375 -0.177886962890625 -0.250167846679688 -0.00292968749999997
0.284759521484375 -0.184722900390625 -0.074554443359375 0.340728759765625
0.284698486328125 -0.060272216796875 0.045013427734375 0.281951904296875
0.324554443359375 -0.03125 0.154586791992188 0.157272338867187
0.30364990234375 0.040802001953125 0.234832763671875 0.144027709960938
0.3284912109375 0.084259033203125 0.287872314453125 0.144195556640625
0.35015869140625 0.035797119140625 0.306732177734375 0.0682373046875
0.359588623046875 -0.029693603515625 0.240554809570313 -0.0051422119140625
0.35943603515625 -0.00390625 0.117416381835938 -0.0480804443359375
0.363983154296875 -0.101898193359375 -0.03533935546875 -0.153472900390625
0.35968017578125 -0.105438232421875 -0.148056030273437 -0.23126220703125
0.356109619140625 -0.121856689453125 -0.224853515625 -0.202835083007813
0.264968872070313 -0.201370239257813 -0.2857666015625 -0.163299560546875
0.2900390625 -0.19769287109375 -0.293212890625 -0.16705322265625
0.259002685546875 -0.227615356445312 -0.236923217773437 -0.0800323486328126
0.2841796875 -0.2464599609375 -0.176071166992188 -0.0663909912109375
0.3045654296875 -0.252532958984375 0.0279693603515625 0.278152465820313
0.319793701171875 -0.139190673828125 0.121292114257813 0.251800537109375
0.36859130859375 -0.13165283203125 0.201934814453125 0.170684814453125
0.360076904296875 -0.04034423828125 0.24566650390625 0.170989990234375
0.394073486328125 0.0234375 0.241455078125 0.177017211914063
0.40472412109375 -0.0118408203125 0.209014892578125 0.103652954101562
0.391754150390625 -0.05609130859375 0.11846923828125 0.0340194702148438
0.38323974609375 -0.005279541015625 -0.00481796264648435 -0.0183677673339844
0.39056396484375 -0.0914306640625 -0.14617919921875 -0.094635009765625
0.3902587890625 -0.0809326171875 -0.241180419921875 -0.157028198242188
0.3956298828125 -0.087066650390625 -0.269195556640625 -0.138320922851563
0.308746337890625 -0.17755126953125 -0.28533935546875 -0.136505126953125
0.3402099609375 -0.18145751953125 -0.266342163085938 -0.176376342773438
0.31402587890625 -0.223480224609375 -0.189590454101563 -0.136260986328125
0.326904296875 -0.267181396484375 -0.075958251953125 -0.146896362304688
0.269134521484375 -0.279983520507813 0.12591552734375 0.187408447265625
0.28961181640625 -0.19293212890625 0.184738159179688 0.184921264648438
0.330322265625 -0.206939697265625 0.233352661132813 0.163299560546875
0.333038330078125 -0.11639404296875 0.237930297851563 0.190292358398438
0.3717041015625 -0.047149658203125 0.178970336914063 0.217941284179687
0.38055419921875 -0.06024169921875 0.10467529296875 0.163970947265625
0.358489990234375 -0.072967529296875 -0.00255584716796872 0.0919265747070313
0.347991943359375 -0.006011962890625 -0.123672485351562 0.0117645263671875
0.35809326171875 -0.064239501953125 -0.252578735351563 -0.0467376708984375
0.352264404296875 -0.0345458984375 -0.32293701171875 -0.10107421875
0.360260009765625 -0.024688720703125 -0.301605224609375 -0.088897705078125
0.291778564453125 -0.109710693359375 -0.26531982421875 -0.112167358398437
0.32373046875 -0.121917724609375 -0.211868286132813 -0.174270629882813
0.315460205078125 -0.174041748046875 -0.116928100585938 -0.181289672851563
0.319366455078125 -0.241485595703125 0.03466796875 -0.22418212890625
0.192291259765625 -0.252410888671875 0.201858520507813 0.087677001953125
0.212432861328125 -0.194229125976563 0.2197265625 0.103378295898438
0.23345947265625 -0.216384887695313 0.241622924804688 0.144607543945313
0.238449096679688 -0.14312744140625 0.22064208984375 0.203369140625
0.272857666015625 -0.08416748046875 0.121749877929688 0.256683349609375
0.284759521484375 -0.083099365234375 0.021484375 0.232772827148438
0.265960693359375 -0.071014404296875 -0.0990142822265624 0.154739379882813
0.26129150390625 -0.007080078125 -0.219100952148437 0.0383148193359375
0.272171020507813 -0.0348052978515625 -0.3367919921875 -0.017822265625
0.259567260742188 0.0009002685546875 -0.379852294921875 -0.073638916015625
0.262374877929688 0.0207977294921875 -0.317230224609375 -0.06536865234375
0.218490600585937 -0.044708251953125 -0.23602294921875 -0.0909271240234375
0.245941162109375 -0.061309814453125 -0.151092529296875 -0.154067993164063
0.259536743164063 -0.11083984375 -0.0396270751953125 -0.200653076171875
0.258010864257813 -0.186172485351563 0.137298583984375 -0.2847900390625
0.0926361083984375 -0.174484252929687 0.249679565429687 0.00167846679687499
0.116287231445313 -0.138168334960938 0.233291625976563 0.029693603515625
0.117843627929688 -0.155853271484375 0.241668701171875 0.125518798828125
0.119522094726563 -0.110336303710938 0.209396362304688 0.20977783203125
0.136116027832031 -0.0757598876953125 0.0886840820312501 0.2845458984375
0.145477294921875 -0.068450927734375 -0.019500732421875 0.291534423828125
0.13446044921875 -0.0451126098632813 -0.154434204101563 0.206939697265625
0.137931823730469 -0.0092315673828125 -0.27789306640625 0.0586700439453125
0.152053833007813 -0.0171661376953125 -0.389068603515625 -0.00558471679687494
0.13873291015625 0.00627899169921875 -0.40814208984375 -0.0690917968749999
0.141342163085938 0.022125244140625 -0.319915771484375 -0.0618896484375
0.120651245117188 -0.0201187133789063 -0.212722778320313 -0.075408935546875
0.139122009277344 -0.0347976684570313 -0.105995178222656 -0.125076293945313
0.162521362304688 -0.065673828125 0.021453857421875 -0.202468872070312
0.155197143554688 -0.121185302734375 0.213653564453125 -0.32415771484375
-0.00775527954101563 0.058380126953125 -0.218597412109375 0.3741455078125
-0.0282249450683594 0.061676025390625 -0.06353759765625 0.2493896484375
-0.0237197875976563 0.0662612915039063 0.075836181640625 0.0803756713867188
-0.0162811279296875 0.0405960083007813 0.198898315429688 0.0728912353515625
-0.0292682647705078 0.0260009765625 0.326507568359375 0.07513427734375
-0.0230693817138672 0.0228023529052734 0.439727783203125 0.037994384765625
0.0170469284057617 0.00392627716064453 0.441070556640625 -0.0509033203125
0.0220527648925781 -0.00172615051269531 0.345947265625 -0.104827880859375
0.0108833312988281 -0.00559520721435547 0.17926025390625 -0.259689331054688
0.0124378204345703 4.9591064453125E-05 0.037109375 -0.35333251953125
0.00146746635437012 0.00264763832092285 -0.1295166015625 -0.3175048828125
-0.00285720825195312 0.0130634307861328 -0.240432739257813 -0.209808349609375
-0.0315475463867187 0.0465316772460938 -0.28057861328125 -0.140716552734375
-0.0307273864746094 0.0369606018066406 -0.262603759765625 -0.00114440917968751
-0.0167083740234375 0.0546302795410156 -0.31451416015625 0.0316162109375
0.115081787109375 -0.022735595703125 -0.20880126953125 0.385650634765625
0.0913543701171875 0.040557861328125 -0.05682373046875 0.261215209960938
0.0983963012695313 0.0640640258789063 0.0794830322265625 0.0880050659179688
0.0853347778320313 0.0697860717773438 0.201416015625 0.0791168212890625
0.0897140502929688 0.072052001953125 0.325103759765625 0.086883544921875
0.113357543945313 0.0447616577148437 0.42205810546875 0.038055419921875
0.156982421875 -0.0045928955078125 0.415069580078125 -0.04937744140625
0.168701171875 -0.007659912109375 0.31085205078125 -0.098785400390625
0.161331176757813 -0.0572052001953125 0.13836669921875 -0.250885009765625
0.156753540039063 -0.0598907470703125 -0.00396728515624999 -0.34429931640625
0.14105224609375 -0.0668792724609375 -0.1529541015625 -0.30169677734375
0.094573974609375 -0.0888595581054688 -0.259109497070312 -0.196319580078125
0.0867080688476562 -0.0662765502929688 -0.2943115234375 -0.137664794921875
0.0737457275390625 -0.0829010009765625 -0.268463134765625 0.00671386718749995
0.100982666015625 -0.0765838623046875 -0.30474853515625 0.0390014648437499
0.2213134765625 -0.109634399414062 -0.15582275390625 0.379638671875
0.2080078125 0.0005645751953125 -0.0162200927734375 0.277908325195313
0.227371215820312 0.0350189208984375 0.107467651367188 0.115402221679688
0.203125 0.0769500732421875 0.219070434570313 0.100143432617188
0.220245361328125 0.0985260009765625 0.320831298828125 0.104583740234375
0.249664306640625 0.052154541015625 0.38543701171875 0.0401611328125
0.28167724609375 -0.018096923828125 0.350921630859375 -0.039398193359375
0.29229736328125 -0.011993408203125 0.232818603515625 -0.08074951171875
0.287750244140625 -0.09906005859375 0.0632781982421875 -0.211318969726562
0.280990600585938 -0.105911254882813 -0.072418212890625 -0.29736328125
0.267364501953125 -0.122543334960938 -0.190902709960937 -0.2564697265625
0.187515258789063 -0.174270629882813 -0.283233642578125 -0.173980712890625
0.19989013671875 -0.162399291992187 -0.309173583984375 -0.141448974609375
0.174697875976562 -0.184402465820312 -0.267501831054688 -0.0179290771484375
0.20684814453125 -0.190750122070313 -0.260208129882813 0.00531005859375001
0.292083740234375 -0.196868896484375 -0.067230224609375 0.347381591796875
0.29681396484375 -0.068634033203125 0.0536956787109375 0.279266357421875
0.3369140625 -0.0411376953125 0.155731201171875 0.144577026367188
0.316131591796875 0.033599853515625 0.242218017578125 0.127792358398438
0.343017578125 0.07806396484375 0.300048828125 0.128448486328125
0.364776611328125 0.02728271484375 0.316497802734375 0.054046630859375
0.37225341796875 -0.04315185546875 0.249862670898438 -0.016937255859375
0.3731689453125 -0.01422119140625 0.122634887695313 -0.0534820556640625
0.373077392578125 -0.117279052734375 -0.038299560546875 -0.152191162109375
0.369781494140625 -0.120025634765625 -0.158218383789062 -0.223388671875
0.36651611328125 -0.13861083984375 -0.236312866210937 -0.191375732421875
0.269012451171875 -0.214157104492187 -0.29998779296875 -0.146759033203125
0.29571533203125 -0.2113037109375 -0.309478759765625 -0.151275634765625
0.263961791992188 -0.239578247070313 -0.247055053710937 -0.0670928955078125
0.2894287109375 -0.264801025390625 -0.183639526367187 -0.0614013671875
0.30999755859375 -0.26617431640625 0.0393218994140625 0.280624389648438
0.33026123046875 -0.150482177734375 0.134811401367188 0.24566650390625
0.3795166015625 -0.1436767578125 0.208786010742188 0.157501220703125
0.372161865234375 -0.050628662109375 0.255874633789063 0.153549194335938
0.409820556640625 0.01361083984375 0.254409790039063 0.163192749023437
0.42095947265625 -0.02325439453125 0.218215942382813 0.0928802490234375
0.4058837890625 -0.070159912109375 0.124786376953125 0.0267333984375
0.39837646484375 -0.016387939453125 -0.00421333312988279 -0.0202217102050781
0.402191162109375 -0.106842041015625 -0.152206420898438 -0.0882568359375
0.4024658203125 -0.093994140625 -0.25048828125 -0.14385986328125
0.4097900390625 -0.103485107421875 -0.279006958007813 -0.124435424804688
0.316864013671875 -0.191192626953125 -0.29608154296875 -0.120452880859375
0.349090576171875 -0.1962890625 -0.279815673828125 -0.162033081054688
0.321197509765625 -0.23626708984375 -0.197158813476562 -0.126083374023438
0.333740234375 -0.287109375 -0.0807037353515625 -0.146682739257813
0.27301025390625 -0.29278564453125 0.139724731445313 0.185791015625
0.296905517578125 -0.2054443359375 0.20037841796875 0.17633056640625
0.336456298828125 -0.220458984375 0.242843627929688 0.148193359375
0.34051513671875 -0.126983642578125 0.249954223632813 0.173492431640625
0.38482666015625 -0.05792236328125 0.192337036132813 0.206085205078125
0.394927978515625 -0.07275390625 0.112640380859375 0.157608032226563
0.3724365234375 -0.0865478515625 0.000816345214843764 0.0892791748046875
0.36328125 -0.016204833984375 -0.128120422363281 0.0143661499023438
0.369537353515625 -0.078277587890625 -0.261276245117188 -0.03692626953125
0.365936279296875 -0.0460205078125 -0.33404541015625 -0.083770751953125
0.375640869140625 -0.0377197265625 -0.309173583984375 -0.0728759765625
0.30206298828125 -0.120513916015625 -0.272720336914063 -0.0959625244140626
0.333740234375 -0.133087158203125 -0.222457885742187 -0.162002563476563
0.324981689453125 -0.1865234375 -0.121368408203125 -0.175094604492188
0.32550048828125 -0.259246826171875 0.032684326171875 -0.229293823242188
0.192764282226562 -0.261917114257813 0.2166748046875 0.0809783935546875
0.216217041015625 -0.203414916992187 0.235275268554688 0.0913543701171875
0.235015869140625 -0.22698974609375 0.25360107421875 0.1282958984375
0.24072265625 -0.15142822265625 0.233551025390625 0.187545776367187
0.2806396484375 -0.093719482421875 0.135040283203125 0.24896240234375
0.29400634765625 -0.09320068359375 0.02935791015625 0.23089599609375
0.277175903320313 -0.081695556640625 -0.098541259765625 0.156295776367187
0.273895263671875 -0.01483154296875 -0.228256225585937 0.044342041015625
0.281646728515625 -0.045379638671875 -0.348419189453125 -0.00555419921875002
0.270736694335938 -0.0066680908203125 -0.391845703125 -0.05517578125
0.275894165039063 0.0122833251953125 -0.324920654296875 -0.049072265625
0.227783203125 -0.051239013671875 -0.2408447265625 -0.0762481689453125
0.255050659179687 -0.068878173828125 -0.156600952148437 -0.143325805664063
0.268295288085938 -0.12066650390625 -0.04119873046875 -0.198165893554688
0.263259887695313 -0.200637817382813 0.13824462890625 -0.2943115234375
0.091033935546875 -0.179412841796875 0.262863159179688 -0.00769042968750001
0.116897583007813 -0.144668579101563 0.247024536132813 0.0172271728515625
0.116241455078125 -0.161666870117188 0.254470825195313 0.108917236328125
0.118316650390625 -0.114555358886719 0.223648071289063 0.19488525390625
0.138145446777344 -0.0806427001953125 0.10211181640625 0.278488159179688
0.150360107421875 -0.0744171142578125 -0.01153564453125 0.2906494140625
0.141448974609375 -0.050384521484375 -0.155303955078125 0.21185302734375
0.145156860351563 -0.0137939453125 -0.290069580078125 0.06597900390625
0.158004760742188 -0.023529052734375 -0.402740478515625 0.00714111328124998
0.14678955078125 0.0027923583984375 -0.4212646484375 -0.05072021484375
0.150543212890625 0.018829345703125 -0.326934814453125 -0.045440673828125
0.126152038574219 -0.0227508544921875 -0.216033935546875 -0.061248779296875
0.144195556640625 -0.0384063720703125 -0.108100891113281 -0.115036010742188
0.168258666992188 -0.0715179443359375 0.021881103515625 -0.201614379882813
0.158126831054688 -0.1292724609375 0.216522216796875 -0.337371826171875
-0.0062713623046875 0.0600967407226562 -0.212249755859375 0.393402099609375
-0.0263824462890625 0.0637283325195313 -0.0592498779296875 0.253219604492188
-0.0217933654785156 0.0670280456542969 0.0736160278320313 0.0710983276367188
-0.0155563354492187 0.04071044921875 0.201675415039062 0.0560455322265625
-0.0298995971679687 0.0284461975097656 0.336334228515625 0.051300048828125
-0.0251617431640625 0.02532958984375 0.452423095703125 0.009368896484375
0.0148229598999023 0.00152873992919922 0.452362060546875 -0.07879638671875
0.0198822021484375 -0.00494194030761719 0.35528564453125 -0.124969482421875
0.00884628295898438 -0.00698471069335938 0.172622680664063 -0.269912719726563
0.0105791091918945 -0.00118637084960938 0.019378662109375 -0.356781005859375
-0.000550508499145508 0.00118362903594971 -0.15045166015625 -0.309661865234375
-0.00384616851806641 0.0122346878051758 -0.260330200195313 -0.189117431640625
-0.0275611877441406 0.0496940612792969 -0.30218505859375 -0.1168212890625
-0.0284042358398437 0.0398902893066406 -0.275665283203125 0.0197601318359375
-0.0126495361328125 0.0552902221679688 -0.32708740234375 0.05120849609375
0.118675231933594 -0.0290374755859375 -0.20098876953125 0.404327392578125
0.0980453491210938 0.0370101928710938 -0.0513153076171875 0.265106201171875
0.105148315429688 0.05902099609375 0.0775680541992188 0.0776748657226563
0.0921707153320313 0.066436767578125 0.205245971679688 0.06121826171875
0.096221923828125 0.0698013305664062 0.335418701171875 0.06280517578125
0.118370056152344 0.040863037109375 0.43634033203125 0.0107421875
0.159774780273438 -0.0146942138671875 0.427764892578125 -0.074859619140625
0.172943115234375 -0.017608642578125 0.320281982421875 -0.118499755859375
0.1624755859375 -0.0679931640625 0.132415771484375 -0.258758544921875
0.157562255859375 -0.06976318359375 -0.021484375 -0.34478759765625
0.140975952148438 -0.0772247314453125 -0.1734619140625 -0.29150390625
0.092864990234375 -0.0970687866210938 -0.278945922851563 -0.175506591796875
0.0888824462890625 -0.0721893310546875 -0.316497802734375 -0.113311767578125
0.0743637084960938 -0.0881881713867188 -0.281143188476563 0.0280914306640625
0.102218627929688 -0.0867691040039063 -0.315399169921875 0.05841064453125
0.227554321289063 -0.123550415039063 -0.144744873046875 0.39483642578125
0.218185424804687 -0.0101470947265625 -0.00674438476562499 0.279586791992188
0.2384033203125 0.024078369140625 0.107902526855469 0.103782653808594
0.2147216796875 0.0684814453125 0.224349975585938 0.08062744140625
0.234100341796875 0.09014892578125 0.33251953125 0.08074951171875
0.261734008789062 0.0411376953125 0.39837646484375 0.014373779296875
0.29034423828125 -0.03472900390625 0.3619384765625 -0.06304931640625
0.30145263671875 -0.028076171875 0.240631103515625 -0.0962371826171875
0.291900634765625 -0.117889404296875 0.056854248046875 -0.214920043945313
0.284881591796875 -0.123870849609375 -0.08837890625 -0.292510986328125
0.2708740234375 -0.142425537109375 -0.209625244140625 -0.243606567382813
0.186691284179688 -0.189346313476563 -0.3013916015625 -0.151763916015625
0.201126098632812 -0.1763916015625 -0.330108642578125 -0.117431640625
0.174774169921875 -0.197097778320313 -0.2791748046875 0.00399780273437494
0.206924438476563 -0.210098266601563 -0.270858764648437 0.0203399658203125
0.296722412109375 -0.2164306640625 -0.0518798828125 0.357086181640625
0.30755615234375 -0.0853271484375 0.067657470703125 0.276046752929688
0.347686767578125 -0.05902099609375 0.160568237304688 0.13043212890625
0.329315185546875 0.019561767578125 0.250473022460938 0.106307983398437
0.36199951171875 0.063720703125 0.314544677734375 0.10498046875
0.381195068359375 0.009674072265625 0.328826904296875 0.032440185546875
0.38458251953125 -0.06610107421875 0.259231567382813 -0.0345916748046875
0.386871337890625 -0.034912109375 0.126937866210938 -0.0622100830078125
0.379486083984375 -0.142578125 -0.0450286865234375 -0.150253295898438
0.37750244140625 -0.143310546875 -0.1729736328125 -0.212066650390625
0.37396240234375 -0.164337158203125 -0.251358032226563 -0.175506591796875
0.26922607421875 -0.235458374023437 -0.31561279296875 -0.122650146484375
0.297271728515625 -0.232330322265625 -0.32958984375 -0.127716064453125
0.263992309570313 -0.258956909179688 -0.258468627929688 -0.048095703125
0.28839111328125 -0.290985107421875 -0.192703247070313 -0.0520172119140625
0.3114013671875 -0.287811279296875 0.056671142578125 0.28253173828125
0.338043212890625 -0.17120361328125 0.151901245117188 0.23590087890625
0.38751220703125 -0.1663818359375 0.217514038085938 0.13995361328125
0.382965087890625 -0.069000244140625 0.26678466796875 0.130630493164063
0.42724609375 -0.007049560546875 0.270263671875 0.143157958984375
0.4375 -0.045654296875 0.229293823242188 0.0768585205078125
0.41949462890625 -0.096282958984375 0.131698608398438 0.0158767700195312
0.414703369140625 -0.0382080078125 -0.00467872619628904 -0.0213108062744141
0.4105224609375 -0.133697509765625 -0.160476684570312 -0.0785675048828125
0.413299560546875 -0.119232177734375 -0.263565063476563 -0.125335693359375
0.42120361328125 -0.130767822265625 -0.290069580078125 -0.1044921875
0.31951904296875 -0.213592529296875 -0.30859375 -0.0965270996093751
0.35198974609375 -0.219329833984375 -0.2972412109375 -0.14111328125
0.323455810546875 -0.25946044921875 -0.206588745117187 -0.1121826171875
0.33233642578125 -0.316162109375 -0.088623046875 -0.1458740234375
0.270751953125 -0.31317138671875 0.158111572265625 0.179718017578125
0.30096435546875 -0.22509765625 0.218414306640625 0.161376953125
0.3380126953125 -0.24176025390625 0.255538940429688 0.128555297851562
0.34552001953125 -0.14508056640625 0.263427734375 0.150924682617188
0.397186279296875 -0.0792236328125 0.20947265625 0.19024658203125
0.407958984375 -0.094970703125 0.123519897460938 0.148635864257813
0.384490966796875 -0.11126708984375 0.00534820556640626 0.0864486694335938
0.3790283203125 -0.03570556640625 -0.133689880371094 0.0195999145507812
0.37921142578125 -0.102264404296875 -0.271209716796875 -0.020843505859375
0.378570556640625 -0.0672607421875 -0.34515380859375 -0.0606994628906249
0.390411376953125 -0.060760498046875 -0.3177490234375 -0.0507202148437499
0.308929443359375 -0.1402587890625 -0.28125 -0.074676513671875
0.340728759765625 -0.154327392578125 -0.234832763671875 -0.144607543945313
0.3292236328125 -0.208709716796875 -0.12896728515625 -0.166839599609375
0.3255615234375 -0.287261962890625 0.0260467529296875 -0.236679077148438
0.18890380859375 -0.277359008789063 0.232635498046875 0.0680389404296875
0.21551513671875 -0.219558715820313 0.252365112304688 0.0740966796875
0.232284545898438 -0.242935180664063 0.268020629882813 0.107437133789062
0.2410888671875 -0.164871215820312 0.249252319335938 0.166824340820313
0.287322998046875 -0.10968017578125 0.152999877929688 0.237319946289063
0.30322265625 -0.111724853515625 0.041168212890625 0.227828979492188
0.2861328125 -0.10040283203125 -0.09478759765625 0.160186767578125
0.28631591796875 -0.029327392578125 -0.23797607421875 0.055633544921875
0.291015625 -0.06298828125 -0.360687255859375 0.015289306640625
0.282318115234375 -0.02142333984375 -0.40350341796875 -0.029296875
0.28985595703125 -0.00274658203125 -0.33258056640625 -0.025360107421875
0.235549926757813 -0.063995361328125 -0.2467041015625 -0.0563507080078125
0.26214599609375 -0.0833892822265625 -0.164291381835937 -0.129684448242188
0.27423095703125 -0.138015747070313 -0.045928955078125 -0.195907592773438
0.264389038085938 -0.221908569335938 0.133056640625 -0.308746337890625
0.0850677490234375 -0.187591552734375 0.276718139648438 -0.0257568359375
0.114013671875 -0.153228759765625 0.262435913085938 -0.00283813476562501
0.110977172851563 -0.169540405273438 0.27001953125 0.0877532958984375
0.11505126953125 -0.121833801269531 0.240432739257813 0.175262451171875
0.140472412109375 -0.0890350341796875 0.12152099609375 0.269775390625
0.154937744140625 -0.084320068359375 0.00143432617187499 0.292083740234375
0.14715576171875 -0.0611572265625 -0.151687622070313 0.220443725585938
0.152145385742187 -0.0220794677734375 -0.301727294921875 0.080718994140625
0.163528442382813 -0.0341949462890625 -0.416473388671875 0.0311584472656249
0.154296875 -0.0041961669921875 -0.434356689453125 -0.0220947265624999
0.159378051757812 0.010467529296875 -0.3349609375 -0.021728515625
0.131614685058594 -0.0290756225585938 -0.219863891601563 -0.0424957275390625
0.148529052734375 -0.04559326171875 -0.111869812011719 -0.103042602539063
0.172439575195312 -0.082061767578125 0.0194854736328125 -0.203933715820313
0.158798217773438 -0.14202880859375 0.211578369140625 -0.35833740234375
-0.00274276733398437 0.0606193542480469 -0.195159912109375 0.40985107421875
-0.0231132507324219 0.0648727416992188 -0.0492706298828125 0.25537109375
-0.0182609558105469 0.0675506591796875 0.0702552795410156 0.0611381530761719
-0.013824462890625 0.0412673950195313 0.200607299804688 0.0347747802734375
-0.02923583984375 0.0317420959472656 0.33856201171875 0.02166748046875
-0.0254631042480469 0.0290184020996094 0.456512451171875 -0.028106689453125
0.0113992691040039 -8.58306884765625E-06 0.45306396484375 -0.114349365234375
0.0162220001220703 -0.00813484191894531 0.354278564453125 -0.150787353515625
0.00673627853393555 -0.00857830047607422 0.159255981445312 -0.278289794921875
0.00905990600585938 -0.00208568572998047 -0.00476074218749998 -0.353057861328125
-0.00262951850891113 0.000716447830200195 -0.173492431640625 -0.29229736328125
-0.00495243072509766 0.0110044479370117 -0.27642822265625 -0.159072875976562
-0.0220222473144531 0.0523796081542969 -0.316162109375 -0.083526611328125
-0.0247039794921875 0.042236328125 -0.28204345703125 0.045989990234375
-0.00851058959960937 0.0544090270996094 -0.331817626953125 0.077178955078125
0.120719909667969 -0.0371856689453125 -0.182952880859375 0.420257568359375
0.102790832519531 0.029327392578125 -0.039093017578125 0.265670776367188
0.11126708984375 0.051055908203125 0.074371337890625 0.067047119140625
0.0971450805664063 0.0594863891601563 0.203475952148437 0.03887939453125
0.102523803710937 0.0646133422851562 0.33917236328125 0.03192138671875
0.122909545898438 0.03424072265625 0.44036865234375 -0.026031494140625
0.159820556640625 -0.027557373046875 0.4293212890625 -0.10980224609375
0.171737670898438 -0.0312042236328125 0.32073974609375 -0.141754150390625
0.1585693359375 -0.0811920166015625 0.119476318359375 -0.26544189453125
0.1546630859375 -0.081390380859375 -0.043609619140625 -0.339111328125
0.136695861816406 -0.0893173217773438 -0.195663452148437 -0.273208618164063
0.0872955322265625 -0.105186462402344 -0.29351806640625 -0.143707275390625
0.0880279541015625 -0.078948974609375 -0.330535888671875 -0.079833984375
0.0718536376953125 -0.0934066772460937 -0.285003662109375 0.055389404296875
0.09869384765625 -0.0973968505859375 -0.31915283203125 0.0838623046875
0.22607421875 -0.139816284179688 -0.125213623046875 0.4066162109375
0.223052978515625 -0.0261993408203125 0.00724792480468752 0.275619506835937
0.244873046875 0.0072784423828125 0.106735229492188 0.0902633666992188
0.222976684570312 0.054229736328125 0.225234985351563 0.05572509765625
0.2452392578125 0.075286865234375 0.338134765625 0.049163818359375
0.269973754882812 0.02349853515625 0.40216064453125 -0.01904296875
0.29248046875 -0.0582275390625 0.364654541015625 -0.0936279296875
0.30364990234375 -0.050201416015625 0.240646362304688 -0.114593505859375
0.287017822265625 -0.140838623046875 0.0461578369140625 -0.216567993164063
0.281341552734375 -0.145050048828125 -0.107192993164063 -0.281005859375
0.264892578125 -0.16461181640625 -0.227783203125 -0.2227783203125
0.176773071289062 -0.205596923828125 -0.314361572265625 -0.11932373046875
0.194183349609375 -0.193008422851563 -0.34466552734375 -0.0836486816406251
0.167205810546875 -0.20977783203125 -0.28338623046875 0.030853271484375
0.196212768554688 -0.23028564453125 -0.274169921875 0.04296875
0.29132080078125 -0.239288330078125 -0.030914306640625 0.36083984375
0.3109130859375 -0.108612060546875 0.0848388671875 0.265472412109375
0.3515625 -0.08367919921875 0.163116455078125 0.112594604492188
0.33685302734375 -0.00244140625 0.25286865234375 0.07861328125
0.37359619140625 0.03997802734375 0.32183837890625 0.0751953125
0.38970947265625 -0.016876220703125 0.333831787109375 0.002685546875
0.387054443359375 -0.096435546875 0.261322021484375 -0.0582122802734375
0.391937255859375 -0.06317138671875 0.126899719238281 -0.07293701171875
0.37481689453125 -0.17120361328125 -0.0537872314453125 -0.143585205078125
0.374176025390625 -0.172027587890625 -0.185943603515625 -0.193817138671875
0.369171142578125 -0.194854736328125 -0.2640380859375 -0.1510009765625
0.25872802734375 -0.257110595703125 -0.32470703125 -0.0906066894531251
0.287841796875 -0.256500244140625 -0.343231201171875 -0.094482421875
0.254318237304688 -0.278671264648438 -0.262527465820313 -0.0233612060546875
0.273223876953125 -0.3177490234375 -0.198211669921875 -0.0380706787109375
0.302093505859375 -0.312713623046875 0.077178955078125 0.277297973632813
0.3363037109375 -0.19659423828125 0.169677734375 0.21923828125
0.384765625 -0.194610595703125 0.223236083984375 0.11700439453125
0.385009765625 -0.093597412109375 0.271774291992188 0.101486206054688
0.43609619140625 -0.036376953125 0.280471801757813 0.114105224609375
0.444000244140625 -0.077423095703125 0.235443115234375 0.0549774169921875
0.422149658203125 -0.130615234375 0.135856628417969 0.00148773193359374
0.42120361328125 -0.068115234375 -0.00630378723144529 -0.0225601196289063
0.407562255859375 -0.16558837890625 -0.166351318359375 -0.0648345947265625
0.41290283203125 -0.150421142578125 -0.2716064453125 -0.100418090820312
0.420654296875 -0.164398193359375 -0.2967529296875 -0.076904296875
0.312408447265625 -0.2391357421875 -0.31439208984375 -0.06536865234375
0.344512939453125 -0.24713134765625 -0.30877685546875 -0.11077880859375
0.313720703125 -0.28485107421875 -0.212966918945312 -0.0922851562500001
0.31689453125 -0.34613037109375 -0.0972518920898438 -0.139976501464844
0.259063720703125 -0.334869384765625 0.175247192382813 0.16461181640625
0.29412841796875 -0.248748779296875 0.233428955078125 0.138336181640625
0.329132080078125 -0.266265869140625 0.26361083984375 0.102035522460937
0.3427734375 -0.167083740234375 0.272918701171875 0.12188720703125
0.400299072265625 -0.10675048828125 0.223281860351563 0.1669921875
0.411895751953125 -0.12628173828125 0.133392333984375 0.135505676269531
0.385772705078125 -0.1434326171875 0.011138916015625 0.081268310546875
0.38629150390625 -0.062957763671875 -0.136466979980469 0.0287628173828125
0.378509521484375 -0.1309814453125 -0.276458740234375 0.00172424316406251
0.382659912109375 -0.094757080078125 -0.349456787109375 -0.029388427734375
0.394500732421875 -0.092254638671875 -0.320343017578125 -0.0217285156250001
0.30657958984375 -0.1639404296875 -0.283905029296875 -0.046844482421875
0.336517333984375 -0.1807861328125 -0.244583129882812 -0.11956787109375
0.323333740234375 -0.233154296875 -0.13641357421875 -0.154129028320313
0.312164306640625 -0.316070556640625 0.0142822265625 -0.24090576171875
0.175567626953125 -0.293365478515625 0.244308471679688 0.0476226806640625
0.206924438476563 -0.236053466796875 0.2645263671875 0.0484161376953125
0.220870971679688 -0.259292602539063 0.27685546875 0.0798187255859375
0.234222412109375 -0.179656982421875 0.26171875 0.138397216796875
0.286041259765625 -0.13006591796875 0.169952392578125 0.2178955078125
0.3040771484375 -0.134735107421875 0.0559234619140625 0.220657348632813
0.287445068359375 -0.124603271484375 -0.08642578125 0.162994384765625
0.291961669921875 -0.05029296875 -0.241561889648437 0.071868896484375
0.2911376953125 -0.08587646484375 -0.365325927734375 0.0439453125
0.288116455078125 -0.041351318359375 -0.406463623046875 0.00637817382812493
0.297149658203125 -0.02496337890625 -0.3328857421875 0.00415039062499997
0.237579345703125 -0.081268310546875 -0.246658325195312 -0.03253173828125
0.261627197265625 -0.102462768554688 -0.170547485351562 -0.110626220703125
0.271682739257813 -0.158660888671875 -0.0537872314453125 -0.190032958984375
0.253387451171875 -0.245147705078125 0.118896484375 -0.32135009765625
0.07525634765625 -0.193695068359375 0.28436279296875 -0.0484619140625
0.106674194335938 -0.16253662109375 0.269638061523438 -0.0289764404296875
0.101791381835938 -0.1767578125 0.279525756835938 0.0580291748046875
0.108367919921875 -0.127883911132813 0.253936767578125 0.146484375
0.137886047363281 -0.0995864868164063 0.140548706054687 0.25286865234375
0.153594970703125 -0.0973663330078125 0.019500732421875 0.28765869140625
0.148513793945313 -0.0743255615234375 -0.14202880859375 0.228286743164063
0.155990600585938 -0.0335693359375 -0.306549072265625 0.102264404296875
0.16436767578125 -0.046875 -0.42266845703125 0.0632629394531249
0.158828735351562 -0.0151214599609375 -0.4383544921875 0.015045166015625
0.165390014648438 -0.001312255859375 -0.3349609375 0.00817871093750007
0.133262634277344 -0.03857421875 -0.21783447265625 -0.0195465087890625
0.149490356445312 -0.0555419921875 -0.114273071289063 -0.0880966186523437
0.171035766601563 -0.09521484375 0.012603759765625 -0.202392578125
0.152359008789062 -0.156784057617188 0.19573974609375 -0.376556396484375
0.000881195068359376 0.0606117248535156 -0.173248291015625 0.41595458984375
-0.0198936462402344 0.0651435852050781 -0.0388031005859375 0.250778198242188
-0.0152206420898437 0.0669784545898438 0.0642852783203125 0.0508651733398438
-0.0128517150878906 0.0397186279296875 0.191543579101562 0.0153961181640625
-0.0278453826904297 0.0344314575195312 0.329803466796875 -0.0076904296875
-0.0238094329833984 0.031494140625 0.44537353515625 -0.063751220703125
0.00772666931152344 -0.000494003295898437 0.440185546875 -0.146392822265625
0.0124244689941406 -0.0093536376953125 0.3441162109375 -0.17169189453125
0.0035552978515625 -0.0087437629699707 0.142578125 -0.278839111328125
0.00754117965698242 -0.00246715545654297 -0.025421142578125 -0.33892822265625
-0.00510406494140625 0.000934123992919923 -0.18829345703125 -0.26593017578125
-0.00525283813476562 0.0109128952026367 -0.280746459960938 -0.126434326171875
-0.015960693359375 0.0520477294921875 -0.31768798828125 -0.048675537109375
-0.0201835632324219 0.0432319641113281 -0.278091430664063 0.071319580078125
-0.00485992431640626 0.0528450012207031 -0.326385498046875 0.100982666015625
0.118537902832031 -0.0447006225585937 -0.160247802734375 0.42474365234375
0.1038818359375 0.0214767456054688 -0.0282135009765625 0.259719848632813
0.113334655761719 0.0424957275390625 0.0679740905761719 0.0561447143554688
0.0992355346679688 0.05181884765625 0.194686889648437 0.018310546875
0.105613708496094 0.0580062866210938 0.331024169921875 0.002655029296875
0.124092102050781 0.0264892578125 0.43011474609375 -0.060333251953125
0.154312133789063 -0.0381622314453125 0.417205810546875 -0.140869140625
0.165695190429688 -0.042083740234375 0.31158447265625 -0.160736083984375
0.149551391601563 -0.0912933349609375 0.104965209960938 -0.263458251953125
0.146957397460938 -0.0906219482421875 -0.062042236328125 -0.322418212890625
0.128639221191406 -0.0976181030273438 -0.207901000976563 -0.246444702148437
0.0789871215820313 -0.109405517578125 -0.29656982421875 -0.11041259765625
0.084228515625 -0.0839614868164063 -0.3323974609375 -0.044921875
0.0670318603515625 -0.0967941284179688 -0.280044555664063 0.0805511474609375
0.091033935546875 -0.104255676269531 -0.311767578125 0.1065673828125
0.2177734375 -0.153518676757813 -0.1016845703125 0.406036376953125
0.221588134765625 -0.0412139892578125 0.0191497802734375 0.264785766601563
0.24420166015625 -0.0098114013671875 0.101654052734375 0.0760116577148438
0.22406005859375 0.0391845703125 0.216766357421875 0.03240966796875
0.248626708984375 0.0584869384765625 0.3321533203125 0.019500732421875
0.269363403320313 0.004791259765625 0.393157958984375 -0.050567626953125
0.284515380859375 -0.078521728515625 0.354339599609375 -0.121368408203125
0.296722412109375 -0.069671630859375 0.233383178710938 -0.129623413085938
0.273391723632813 -0.158920288085938 0.035247802734375 -0.210586547851563
0.2685546875 -0.16180419921875 -0.12054443359375 -0.262664794921875
0.251174926757813 -0.180831909179688 -0.236373901367187 -0.196304321289063
0.162490844726562 -0.214523315429688 -0.3143310546875 -0.084716796875
0.181716918945312 -0.203262329101562 -0.346282958984375 -0.0475463867187501
0.153915405273437 -0.217132568359375 -0.277420043945313 0.0554046630859375
0.17962646484375 -0.242019653320313 -0.268142700195312 0.062713623046875
0.278228759765625 -0.255584716796875 -0.00994873046875002 0.354034423828125
0.3037109375 -0.12872314453125 0.0960235595703125 0.248886108398438
0.34405517578125 -0.10601806640625 0.1590576171875 0.092987060546875
0.33367919921875 -0.02227783203125 0.246017456054688 0.0517425537109375
0.3740234375 0.014068603515625 0.316680908203125 0.0435791015625
0.38702392578125 -0.043792724609375 0.32745361328125 -0.0238037109375
0.377532958984375 -0.123870849609375 0.25555419921875 -0.080474853515625
0.385040283203125 -0.0888671875 0.122535705566406 -0.082061767578125
0.35809326171875 -0.194366455078125 -0.059600830078125 -0.133636474609375
0.36016845703125 -0.19427490234375 -0.191787719726563 -0.171539306640625
0.35284423828125 -0.217681884765625 -0.266510009765625 -0.123321533203125
0.241119384765625 -0.270233154296875 -0.3212890625 -0.0573120117187501
0.26885986328125 -0.27154541015625 -0.3438720703125 -0.059326171875
0.23681640625 -0.29119873046875 -0.258651733398438 0.00120544433593753
0.25103759765625 -0.33416748046875 -0.197250366210937 -0.0227508544921875
0.283935546875 -0.329010009765625 0.0934906005859375 0.263916015625
0.323486328125 -0.216583251953125 0.179458618164063 0.19525146484375
0.370147705078125 -0.216766357421875 0.220993041992188 0.09185791015625
0.37652587890625 -0.115203857421875 0.267974853515625 0.071533203125
0.431610107421875 -0.063934326171875 0.279312133789063 0.08489990234375
0.4364013671875 -0.107635498046875 0.233749389648438 0.0334625244140625
0.4095458984375 -0.16107177734375 0.13421630859375 -0.0133743286132813
0.415008544921875 -0.095306396484375 -0.00753402709960935 -0.0231952667236328
0.391693115234375 -0.191253662109375 -0.166336059570312 -0.0485992431640625
0.4007568359375 -0.175537109375 -0.269638061523438 -0.0747528076171876
0.405914306640625 -0.1923828125 -0.29248046875 -0.0496826171875
0.29486083984375 -0.257080078125 -0.308502197265625 -0.035186767578125
0.325531005859375 -0.266204833984375 -0.30938720703125 -0.0779724121093751
0.29547119140625 -0.3009033203125 -0.211593627929687 -0.0714111328125001
0.291412353515625 -0.36444091796875 -0.102592468261719 -0.130950927734375
0.239166259765625 -0.347198486328125 0.184860229492188 0.1451416015625
0.278656005859375 -0.263504028320313 0.239547729492188 0.111373901367187
0.311614990234375 -0.282867431640625 0.261764526367188 0.0740814208984375
0.329193115234375 -0.184234619140625 0.271163940429688 0.09088134765625
0.391754150390625 -0.1318359375 0.228042602539063 0.139495849609375
0.402099609375 -0.15350341796875 0.139053344726563 0.118438720703125
0.374237060546875 -0.17132568359375 0.01483154296875 0.0733795166015625
0.38092041015625 -0.088165283203125 -0.135566711425781 0.0367050170898437
0.365814208984375 -0.155242919921875 -0.272415161132813 0.0242156982421875
0.374053955078125 -0.119873046875 -0.341552734375 -0.000305175781249982
0.384307861328125 -0.11932373046875 -0.311676025390625 0.00537109374999993
0.295166015625 -0.18206787109375 -0.276275634765625 -0.020111083984375
0.322052001953125 -0.200042724609375 -0.244552612304687 -0.0926666259765625
0.307647705078125 -0.251861572265625 -0.138710021972656 -0.137748718261719
0.28814697265625 -0.334136962890625 0.00273132324218753 -0.238128662109375
0.158538818359375 -0.2999267578125 0.247390747070312 0.0248260498046875
0.192062377929688 -0.245925903320313 0.265975952148438 0.0205535888671875
0.204635620117188 -0.267791748046875 0.27606201171875 0.050750732421875
0.221771240234375 -0.189102172851563 0.262405395507813 0.107620239257813
0.27618408203125 -0.146835327148438 0.179458618164063 0.19305419921875
0.29425048828125 -0.15509033203125 0.067291259765625 0.207977294921875
0.278305053710938 -0.145599365234375 -0.0774993896484374 0.16064453125
0.2890625 -0.07000732421875 -0.239089965820312 0.0864257812499999
0.28326416015625 -0.1048583984375 -0.358856201171875 0.0706787109374999
0.285247802734375 -0.060516357421875 -0.396270751953125 0.038482666015625
0.294403076171875 -0.046844482421875 -0.32080078125 0.0307312011718749
0.232330322265625 -0.096435546875 -0.237747192382812 -0.00939941406249997
0.253768920898438 -0.1182861328125 -0.169525146484375 -0.089996337890625
0.2607421875 -0.174896240234375 -0.0582122802734375 -0.17974853515625
0.235702514648438 -0.260284423828125 0.1015625 -0.325164794921875
0.063507080078125 -0.19525146484375 0.281463623046875 -0.072052001953125
0.0961151123046875 -0.1673583984375 0.26763916015625 -0.0546417236328125
0.091064453125 -0.17852783203125 0.277664184570312 0.0286102294921875
0.1007080078125 -0.129974365234375 0.256134033203125 0.11590576171875
0.131233215332031 -0.106460571289062 0.152618408203125 0.230331420898438
0.147567749023438 -0.107574462890625 0.035797119140625 0.275955200195313
0.144500732421875 -0.0861663818359375 -0.128677368164063 0.228469848632812
0.15472412109375 -0.04437255859375 -0.301910400390625 0.12078857421875
0.160003662109375 -0.0583343505859375 -0.41448974609375 0.0941772460937499
0.158920288085938 -0.025909423828125 -0.426849365234375 0.0487060546875
0.164627075195313 -0.0135955810546875 -0.323944091796875 0.0352783203125
0.131584167480469 -0.0469589233398438 -0.208770751953125 0.000457763671874987
0.144989013671875 -0.0635833740234375 -0.111701965332031 -0.071929931640625
0.165115356445313 -0.105865478515625 0.00650024414062499 -0.197708129882813
0.140426635742188 -0.164779663085938 0.173919677734375 -0.383941650390625
0.00307083129882812 0.0601959228515625 -0.15802001953125 0.412200927734375
-0.0179214477539062 0.0631980895996094 -0.0335693359375 0.242355346679688
-0.0131683349609375 0.065155029296875 0.055633544921875 0.0435905456542969
-0.0119743347167969 0.0382156372070313 0.177169799804687 0.0020294189453125
-0.025726318359375 0.0361175537109375 0.315093994140625 -0.027496337890625
-0.0227603912353516 0.0336761474609375 0.429046630859375 -0.087127685546875
0.00499582290649414 0.000136375427246094 0.42236328125 -0.16326904296875
0.00835609436035156 -0.0101909637451172 0.331787109375 -0.18109130859375
0.00123929977416992 -0.00846433639526367 0.131515502929687 -0.271163940429688
0.00570201873779297 -0.00249147415161133 -0.035797119140625 -0.3216552734375
-0.00624895095825195 0.00143098831176758 -0.192214965820313 -0.241989135742187
-0.00610542297363281 0.0105829238891602 -0.274810791015625 -0.0996856689453125
-0.0109901428222656 0.0505599975585938 -0.310150146484375 -0.022369384765625
-0.0172576904296875 0.04168701171875 -0.269821166992188 0.08819580078125
-0.00357437133789062 0.0500221252441406 -0.315948486328125 0.11639404296875
0.115699768066406 -0.0486526489257813 -0.144134521484375 0.41986083984375
0.102462768554688 0.0152511596679688 -0.023345947265625 0.249710083007813
0.112289428710937 0.0361175537109375 0.0590362548828125 0.047821044921875
0.0982894897460938 0.0459823608398438 0.18096923828125 0.0042724609375
0.106285095214844 0.052459716796875 0.316802978515625 -0.017303466796875
0.12249755859375 0.0209197998046875 0.41357421875 -0.082550048828125
0.14678955078125 -0.04412841796875 0.40087890625 -0.15863037109375
0.158050537109375 -0.04815673828125 0.300933837890625 -0.17083740234375
0.140060424804688 -0.0948638916015625 0.095703125 -0.255142211914063
0.139114379882813 -0.0948410034179687 -0.070831298828125 -0.303466796875
0.12030029296875 -0.101371765136719 -0.209732055664063 -0.222335815429687
0.0729904174804688 -0.109939575195313 -0.28955078125 -0.08367919921875
0.0808258056640625 -0.085968017578125 -0.325469970703125 -0.01873779296875
0.063995361328125 -0.0970687866210938 -0.270339965820313 0.0970153808593751
0.0846176147460938 -0.106513977050781 -0.300537109375 0.12054443359375
0.210189819335938 -0.159286499023437 -0.087310791015625 0.39862060546875
0.216537475585938 -0.051055908203125 0.0237274169921875 0.251632690429688
0.239059448242187 -0.0206298828125 0.0925216674804688 0.0648956298828125
0.219985961914062 0.02899169921875 0.202621459960938 0.0157928466796875
0.245742797851562 0.0466156005859375 0.31829833984375 -0.002105712890625
0.264541625976563 -0.0071868896484375 0.37890625 -0.07183837890625
0.272750854492188 -0.090911865234375 0.3404541015625 -0.137939453125
0.28594970703125 -0.081268310546875 0.22601318359375 -0.1378173828125
0.258148193359375 -0.16595458984375 0.0302734375 -0.201690673828125
0.256210327148438 -0.16986083984375 -0.124435424804687 -0.243484497070313
0.23760986328125 -0.18792724609375 -0.234756469726562 -0.172256469726563
0.150558471679688 -0.215438842773438 -0.30438232421875 -0.0590515136718751
0.170166015625 -0.205673217773438 -0.338623046875 -0.02093505859375
0.144805908203125 -0.217361450195313 -0.266876220703125 0.07281494140625
0.164657592773438 -0.244155883789063 -0.258163452148438 0.0747833251953124
0.264892578125 -0.261734008789063 0.00164794921874999 0.341522216796875
0.29376220703125 -0.1395263671875 0.0990142822265625 0.231170654296875
0.333587646484375 -0.11865234375 0.149765014648438 0.077880859375
0.325286865234375 -0.035003662109375 0.23236083984375 0.0320281982421875
0.366973876953125 -0.002716064453125 0.305450439453125 0.02239990234375
0.376800537109375 -0.060455322265625 0.315338134765625 -0.04278564453125
0.3623046875 -0.139862060546875 0.245147705078125 -0.09490966796875
0.37298583984375 -0.10357666015625 0.117095947265625 -0.0863189697265625
0.340301513671875 -0.205413818359375 -0.0599746704101562 -0.123466491699219
0.344451904296875 -0.20501708984375 -0.18963623046875 -0.153167724609375
0.334930419921875 -0.2286376953125 -0.259841918945313 -0.101974487304687
0.225128173828125 -0.274307250976563 -0.31005859375 -0.03240966796875
0.252059936523438 -0.275299072265625 -0.335693359375 -0.032318115234375
0.222015380859375 -0.29278564453125 -0.247940063476563 0.018280029296875
0.2301025390625 -0.337615966796875 -0.191482543945313 -0.0117340087890625
0.268157958984375 -0.333740234375 0.100799560546875 0.2479248046875
0.3106689453125 -0.225921630859375 0.179000854492188 0.174331665039063
0.3546142578125 -0.226348876953125 0.211456298828125 0.073272705078125
0.36419677734375 -0.126007080078125 0.25543212890625 0.049072265625
0.420501708984375 -0.081573486328125 0.271240234375 0.0627593994140625
0.42333984375 -0.124664306640625 0.228118896484375 0.018280029296875
0.39373779296875 -0.1781005859375 0.129707336425781 -0.024566650390625
0.40301513671875 -0.113037109375 -0.00891113281249998 -0.0223445892333984
0.37347412109375 -0.203948974609375 -0.16265869140625 -0.0357666015625
0.385772705078125 -0.189971923828125 -0.260726928710938 -0.0561065673828125
0.389251708984375 -0.20672607421875 -0.2813720703125 -0.029876708984375
0.278854370117188 -0.263198852539063 -0.295654296875 -0.0133361816406251
0.30645751953125 -0.273406982421875 -0.30120849609375 -0.053253173828125
0.278778076171875 -0.30487060546875 -0.203460693359375 -0.05462646484375
0.2686767578125 -0.36932373046875 -0.101852416992188 -0.122123718261719
0.222442626953125 -0.349761962890625 0.186233520507812 0.127822875976562
0.263870239257813 -0.269622802734375 0.236129760742188 0.0890960693359375
0.2943115234375 -0.287994384765625 0.252288818359375 0.052642822265625
0.3165283203125 -0.19036865234375 0.260879516601563 0.066986083984375
0.378631591796875 -0.144622802734375 0.223297119140625 0.117630004882812
0.38818359375 -0.168853759765625 0.139076232910156 0.104873657226562
0.3582763671875 -0.1878662109375 0.0166206359863281 0.0647468566894531
0.370819091796875 -0.1044921875 -0.132987976074219 0.0418472290039062
0.349517822265625 -0.168792724609375 -0.262863159179688 0.038970947265625
0.362579345703125 -0.134002685546875 -0.326995849609375 0.0190429687499999
0.372283935546875 -0.135101318359375 -0.297088623046875 0.023651123046875
0.281768798828125 -0.190521240234375 -0.26251220703125 -0.00241088867187501
0.30670166015625 -0.20831298828125 -0.236923217773437 -0.0709686279296875
0.2919921875 -0.258697509765625 -0.134117126464844 -0.124160766601563
0.266357421875 -0.339630126953125 -0.00364685058593746 -0.23248291015625
0.144927978515625 -0.29888916015625 0.243988037109375 0.00755310058593748
0.179916381835938 -0.247940063476563 0.26019287109375 0.000122070312499985
0.190078735351563 -0.267715454101563 0.267532348632813 0.028778076171875
0.211685180664062 -0.190887451171875 0.255081176757813 0.08343505859375
0.265884399414063 -0.15447998046875 0.179779052734375 0.171585083007813
0.28204345703125 -0.16583251953125 0.0727996826171875 0.19415283203125
0.26654052734375 -0.157440185546875 -0.0718536376953125 0.154144287109375
0.282470703125 -0.08203125 -0.233108520507813 0.0957794189453125
0.272293090820313 -0.115921020507812 -0.345947265625 0.0875244140625
0.27850341796875 -0.072662353515625 -0.379180908203125 0.0590515136718749
0.28680419921875 -0.06036376953125 -0.305511474609375 0.048492431640625
0.224441528320313 -0.104843139648438 -0.223876953125 0.00581359863281251
0.243453979492188 -0.125732421875 -0.162643432617187 -0.0729522705078125
0.249237060546875 -0.182144165039063 -0.05718994140625 -0.169815063476562
0.219268798828125 -0.264511108398438 0.0908203125 -0.321685791015625
0.0550994873046875 -0.19189453125 0.273223876953125 -0.08782958984375
0.0879669189453125 -0.166656494140625 0.259735107421875 -0.072845458984375
0.0829925537109375 -0.176651000976562 0.269271850585938 0.00746154785156249
0.0945816040039063 -0.128593444824219 0.250900268554688 0.0920257568359375
0.124366760253906 -0.109603881835938 0.154373168945313 0.208511352539063
0.140625 -0.112762451171875 0.044281005859375 0.261550903320313
0.138877868652344 -0.0934524536132813 -0.119277954101563 0.2236328125
0.151397705078125 -0.0507659912109375 -0.295013427734375 0.131561279296875
0.15478515625 -0.064849853515625 -0.400299072265625 0.11199951171875
0.157196044921875 -0.032928466796875 -0.4097900390625 0.0694580078125
0.162368774414063 -0.0214080810546875 -0.3084716796875 0.0523681640624999
0.128173828125 -0.0510635375976563 -0.19482421875 0.0141448974609375
0.139701843261719 -0.067291259765625 -0.104347229003906 -0.0584640502929688
0.158309936523438 -0.110687255859375 0.00537109374999999 -0.18994140625
0.1304931640625 -0.167007446289063 0.1600341796875 -0.38134765625
0.00478744506835938 0.0596199035644531 -0.153564453125 0.40753173828125
-0.0170440673828125 0.0631599426269531 -0.0349273681640625 0.235885620117188
-0.012725830078125 0.0645408630371094 0.0468406677246094 0.0391731262207031
-0.0131340026855469 0.0367393493652344 0.164886474609375 -0.004852294921875
-0.0242996215820312 0.0363655090332031 0.302093505859375 -0.0379638671875
-0.0211334228515625 0.0347442626953125 0.41497802734375 -0.100921630859375
0.0030820369720459 0.000805854797363281 0.411224365234375 -0.172576904296875
0.00452518463134766 -0.00903415679931641 0.326507568359375 -0.18487548828125
-0.00113677978515625 -0.00779390335083008 0.129852294921875 -0.26385498046875
0.00439071655273438 -0.00233674049377441 -0.03790283203125 -0.307830810546875
-0.00826692581176758 0.00193929672241211 -0.19012451171875 -0.224700927734375
-0.00701522827148438 0.0101308822631836 -0.266494750976563 -0.08245849609375
-0.00798797607421875 0.048248291015625 -0.3028564453125 -0.0062255859375
-0.0154190063476563 0.0401535034179687 -0.26446533203125 0.0985565185546875
-0.00302886962890625 0.0487251281738281 -0.30816650390625 0.125274658203125
0.114921569824219 -0.050079345703125 -0.139190673828125 0.414886474609375
0.100997924804687 0.0122756958007812 -0.024627685546875 0.241897583007813
0.110748291015625 0.0320892333984375 0.0496559143066406 0.0434684753417969
0.096405029296875 0.0419692993164063 0.168289184570313 -0.0033721923828125
0.106216430664063 0.0491409301757813 0.30499267578125 -0.0281982421875
0.122055053710938 0.0177993774414063 0.400970458984375 -0.0955810546875
0.141036987304687 -0.0467681884765625 0.39080810546875 -0.167877197265625
0.152877807617188 -0.0503692626953125 0.294952392578125 -0.17462158203125
0.134437561035156 -0.0959930419921875 0.0955352783203125 -0.2471923828125
0.134674072265625 -0.0947113037109375 -0.0716552734375 -0.290802001953125
0.115257263183594 -0.101570129394531 -0.207000732421875 -0.20574951171875
0.0699462890625 -0.109329223632813 -0.281021118164063 -0.0670166015625
0.0792465209960937 -0.0864944458007812 -0.31884765625 -0.00164794921875003
0.062744140625 -0.0967788696289063 -0.263320922851563 0.106674194335938
0.0805740356445312 -0.107040405273437 -0.292449951171875 0.128662109375
0.206741333007813 -0.161712646484375 -0.08282470703125 0.3909912109375
0.213043212890625 -0.05517578125 0.0214996337890625 0.242141723632813
0.234848022460938 -0.0260772705078125 0.083038330078125 0.0585708618164063
0.216934204101563 0.024261474609375 0.18963623046875 0.006988525390625
0.244979858398438 0.0399322509765625 0.30657958984375 -0.0142822265625
0.260589599609375 -0.0133819580078125 0.367523193359375 -0.08282470703125
0.2640380859375 -0.0963592529296875 0.33148193359375 -0.14776611328125
0.279769897460938 -0.086334228515625 0.222091674804688 -0.140823364257812
0.249710083007812 -0.1683349609375 0.030548095703125 -0.194366455078125
0.24896240234375 -0.170867919921875 -0.122467041015625 -0.229934692382813
0.229507446289063 -0.18902587890625 -0.229782104492187 -0.156997680664063
0.144866943359375 -0.2149658203125 -0.295501708984375 -0.0426635742187501
0.165069580078125 -0.20489501953125 -0.33160400390625 -0.00253295898437497
0.14117431640625 -0.21563720703125 -0.258926391601563 0.0827178955078125
0.157684326171875 -0.244277954101563 -0.251373291015625 0.0816955566406249
0.259613037109375 -0.26458740234375 0.00411987304687499 0.332427978515625
0.28826904296875 -0.14459228515625 0.095611572265625 0.218963623046875
0.327056884765625 -0.12420654296875 0.140182495117188 0.0687637329101562
0.320770263671875 -0.039947509765625 0.219345092773438 0.0210723876953125
0.362884521484375 -0.01055908203125 0.2957763671875 0.009033203125
0.370849609375 -0.068359375 0.306365966796875 -0.0526123046875
0.350799560546875 -0.147857666015625 0.238418579101563 -0.103744506835938
0.36517333984375 -0.110687255859375 0.114952087402344 -0.08758544921875
0.329925537109375 -0.20880126953125 -0.057373046875 -0.115127563476562
0.336669921875 -0.209136962890625 -0.184722900390625 -0.140914916992187
0.325592041015625 -0.23272705078125 -0.252578735351563 -0.0876922607421875
0.216964721679688 -0.273635864257813 -0.2987060546875 -0.017578125
0.243515014648438 -0.275314331054688 -0.327728271484375 -0.014678955078125
0.215423583984375 -0.29150390625 -0.240249633789063 0.0281219482421875
0.219696044921875 -0.336090087890625 -0.185562133789062 -0.00605773925781252
0.26116943359375 -0.335540771484375 0.101272583007813 0.236480712890625
0.303131103515625 -0.229461669921875 0.17401123046875 0.16064453125
0.346710205078125 -0.229766845703125 0.201004028320313 0.0617523193359375
0.35870361328125 -0.130279541015625 0.243377685546875 0.0362396240234375
0.41436767578125 -0.08892822265625 0.26336669921875 0.0491485595703125
0.4151611328125 -0.13323974609375 0.223114013671875 0.00854492187499999
0.381591796875 -0.186798095703125 0.124786376953125 -0.0328445434570313
0.39508056640625 -0.12054443359375 -0.00960540771484372 -0.0217685699462891
0.36248779296875 -0.20928955078125 -0.156997680664062 -0.0276336669921875
0.37689208984375 -0.19427490234375 -0.252029418945313 -0.0454864501953125
0.378753662109375 -0.213409423828125 -0.271499633789063 -0.0187225341796875
0.270370483398438 -0.264251708984375 -0.283905029296875 -0.000305175781250059
0.296478271484375 -0.27392578125 -0.29266357421875 -0.03643798828125
0.27093505859375 -0.3050537109375 -0.196090698242188 -0.045257568359375
0.2568359375 -0.36907958984375 -0.0995864868164062 -0.117156982421875
0.21490478515625 -0.349761962890625 0.1842041015625 0.115463256835937
0.257217407226563 -0.270843505859375 0.230117797851563 0.0750885009765625
0.2857666015625 -0.288787841796875 0.243118286132813 0.039764404296875
0.310943603515625 -0.191009521484375 0.250823974609375 0.0525665283203125
0.3717041015625 -0.150177001953125 0.218490600585938 0.103530883789062
0.3790283203125 -0.1759033203125 0.137397766113281 0.0952987670898437
0.34783935546875 -0.196136474609375 0.0144805908203125 0.0578765869140625
0.36492919921875 -0.112548828125 -0.131416320800781 0.044769287109375
0.3404541015625 -0.17352294921875 -0.256011962890625 0.0475006103515624
0.355804443359375 -0.140533447265625 -0.31597900390625 0.02911376953125
0.36456298828125 -0.14306640625 -0.286041259765625 0.0328369140625
0.275100708007812 -0.19378662109375 -0.250152587890625 0.00863647460937504
0.29742431640625 -0.21087646484375 -0.229110717773437 -0.056640625
0.284454345703125 -0.260589599609375 -0.127883911132812 -0.115524291992188
0.2557373046875 -0.339447021484375 -0.00329589843749999 -0.228118896484375
0.139892578125 -0.2974853515625 0.239410400390625 -0.00382995605468752
0.173919677734375 -0.247299194335938 0.254348754882813 -0.0129241943359375
0.184219360351562 -0.266143798828125 0.259292602539063 0.0150909423828125
0.207382202148437 -0.189102172851563 0.246231079101563 0.0676116943359375
0.259796142578125 -0.157577514648437 0.176528930664063 0.157455444335938
0.276031494140625 -0.169525146484375 0.0742645263671875 0.184539794921875
0.258758544921875 -0.164337158203125 -0.07110595703125 0.147781372070312
0.278076171875 -0.0882415771484375 -0.231124877929687 0.100296020507812
0.265670776367188 -0.120361328125 -0.33819580078125 0.096954345703125
0.2742919921875 -0.07818603515625 -0.366241455078125 0.068450927734375
0.282684326171875 -0.067474365234375 -0.292755126953125 0.05718994140625
0.22039794921875 -0.10797119140625 -0.212371826171875 0.0145416259765625
0.237625122070313 -0.127761840820313 -0.15521240234375 -0.0611114501953125
0.243072509765625 -0.185287475585938 -0.0524444580078125 -0.162445068359375
0.210617065429688 -0.2647705078125 0.086883544921875 -0.318511962890625
0.052093505859375 -0.189254760742187 0.267425537109375 -0.09716796875
0.084228515625 -0.165603637695312 0.253829956054688 -0.0839080810546875
0.079864501953125 -0.174606323242188 0.261993408203125 -0.00665283203125001
0.0934982299804688 -0.126174926757813 0.24298095703125 0.0756072998046875
0.121009826660156 -0.10986328125 0.152496337890625 0.194061279296875
0.137290954589844 -0.115150451660156 0.0468292236328125 0.25079345703125
0.135635375976563 -0.0975341796875 -0.11773681640625 0.217086791992188
0.150177001953125 -0.0546417236328125 -0.292022705078125 0.137359619140625
0.151046752929688 -0.06805419921875 -0.39141845703125 0.121978759765625
0.156341552734375 -0.036529541015625 -0.396575927734375 0.0802307128906251
0.16107177734375 -0.0257720947265625 -0.29547119140625 0.061767578125
0.126724243164063 -0.0534744262695313 -0.183364868164062 0.021026611328125
0.138046264648438 -0.0679397583007813 -0.0959701538085937 -0.0492477416992188
0.155044555664063 -0.113311767578125 0.008148193359375 -0.185089111328125
0.12579345703125 -0.167068481445313 0.154510498046875 -0.37957763671875
0.00606536865234375 0.0598526000976562 -0.156402587890625 0.41168212890625
-0.0176811218261719 0.0636405944824219 -0.0393524169921875 0.2344970703125
-0.0120353698730469 0.0647315979003906 0.03839111328125 0.0377655029296875
-0.0147209167480469 0.0357170104980469 0.155899047851563 -0.0084381103515625
-0.0231475830078125 0.0370063781738281 0.29608154296875 -0.04571533203125
-0.0190696716308594 0.0353279113769531 0.4095458984375 -0.11175537109375
0.00110352039337158 0.00215494632720947 0.408966064453125 -0.179595947265625
0.00213766098022461 -0.00843286514282227 0.3292236328125 -0.189361572265625
-0.00280094146728516 -0.00739765167236328 0.13360595703125 -0.26104736328125
0.00373649597167969 -0.0016789436340332 -0.037994384765625 -0.301239013671875
-0.00895118713378906 0.0029001235961914 -0.188812255859375 -0.216293334960937
-0.00874233245849609 0.0102262496948242 -0.262771606445313 -0.070281982421875
-0.006439208984375 0.0471305847167969 -0.30078125 0.00622558593750004
-0.0147972106933594 0.0394706726074219 -0.264389038085938 0.107681274414063
-0.0033111572265625 0.049072265625 -0.307586669921875 0.1331787109375
0.11712646484375 -0.0522689819335938 -0.141632080078125 0.41754150390625
0.102035522460937 0.0107650756835938 -0.02923583984375 0.240127563476563
0.111625671386719 0.0292510986328125 0.0420875549316406 0.0411567687988281
0.095916748046875 0.0403289794921875 0.158706665039063 -0.0076141357421875
0.107353210449219 0.048126220703125 0.2996826171875 -0.035980224609375
0.123428344726563 0.0164947509765625 0.397003173828125 -0.105010986328125
0.139358520507813 -0.04827880859375 0.388458251953125 -0.176361083984375
0.151260375976563 -0.051513671875 0.298614501953125 -0.178497314453125
0.132659912109375 -0.0966796875 0.099151611328125 -0.245330810546875
0.134841918945313 -0.0956192016601563 -0.071075439453125 -0.283905029296875
0.113822937011719 -0.102851867675781 -0.205535888671875 -0.196533203125
0.0686264038085937 -0.1104736328125 -0.277267456054688 -0.0548858642578125
0.080413818359375 -0.0881118774414063 -0.317352294921875 0.01177978515625
0.0634536743164063 -0.0975189208984375 -0.262054443359375 0.11614990234375
0.0797653198242188 -0.108024597167969 -0.291656494140625 0.13446044921875
0.209335327148438 -0.166000366210938 -0.0848388671875 0.3927001953125
0.214691162109375 -0.0591278076171875 0.017181396484375 0.238174438476562
0.2362060546875 -0.030731201171875 0.0744552612304688 0.0543746948242187
0.218170166015625 0.022003173828125 0.18072509765625 0.001434326171875
0.247100830078125 0.0370330810546875 0.30224609375 -0.02252197265625
0.262542724609375 -0.0167999267578125 0.363800048828125 -0.09259033203125
0.261444091796875 -0.10040283203125 0.32958984375 -0.15606689453125
0.279281616210938 -0.0893096923828125 0.223541259765625 -0.144287109375
0.247543334960938 -0.171142578125 0.03485107421875 -0.191177368164063
0.249786376953125 -0.1734619140625 -0.121246337890625 -0.22393798828125
0.227752685546875 -0.192245483398437 -0.226791381835937 -0.148208618164063
0.143768310546875 -0.216903686523438 -0.2911376953125 -0.0316162109375
0.164871215820312 -0.206771850585937 -0.33074951171875 0.0106201171875
0.142013549804688 -0.21685791015625 -0.255783081054688 0.0911254882812499
0.155975341796875 -0.245681762695313 -0.249908447265625 0.0873870849609375
0.2607421875 -0.270217895507813 0.00241088867187502 0.330963134765625
0.2896728515625 -0.148834228515625 0.09124755859375 0.213699340820313
0.3275146484375 -0.129425048828125 0.132400512695313 0.0639419555664063
0.3223876953125 -0.042816162109375 0.211273193359375 0.0130615234375
0.365478515625 -0.014923095703125 0.2919921875 0.000366210937499999
0.372222900390625 -0.074127197265625 0.30523681640625 -0.06085205078125
0.34857177734375 -0.154876708984375 0.236846923828125 -0.111968994140625
0.366119384765625 -0.114898681640625 0.11541748046875 -0.0895309448242188
0.328216552734375 -0.21295166015625 -0.0540618896484375 -0.110870361328125
0.337127685546875 -0.21240234375 -0.182052612304688 -0.13421630859375
0.32421875 -0.23785400390625 -0.249191284179687 -0.0798492431640626
0.21624755859375 -0.276580810546875 -0.292938232421875 -0.00750732421875004
0.242294311523437 -0.277297973632813 -0.325469970703125 -0.00125122070312495
0.21624755859375 -0.292938232421875 -0.234848022460938 0.0354461669921875
0.218292236328125 -0.338836669921875 -0.183151245117187 -0.00282287597656255
0.261138916015625 -0.340911865234375 0.0999755859375 0.23175048828125
0.304718017578125 -0.23419189453125 0.1702880859375 0.152938842773438
0.34649658203125 -0.234893798828125 0.194580078125 0.0552215576171875
0.36053466796875 -0.13226318359375 0.235626220703125 0.0272064208984375
0.415924072265625 -0.095123291015625 0.260421752929688 0.03961181640625
0.417694091796875 -0.139739990234375 0.222259521484375 0.00125122070312499
0.378265380859375 -0.19464111328125 0.122840881347656 -0.040069580078125
0.39617919921875 -0.12689208984375 -0.0100536346435547 -0.0216426849365234
0.360260009765625 -0.213348388671875 -0.154434204101562 -0.0223846435546875
0.37750244140625 -0.200592041015625 -0.249069213867187 -0.0384979248046875
0.37744140625 -0.2191162109375 -0.267318725585938 -0.0112457275390625
0.269989013671875 -0.268020629882813 -0.277008056640625 0.00856018066406245
0.295013427734375 -0.276458740234375 -0.28875732421875 -0.024078369140625
0.27099609375 -0.30853271484375 -0.190933227539062 -0.0395660400390625
0.253875732421875 -0.3736572265625 -0.0970306396484375 -0.116455078125
0.215484619140625 -0.354339599609375 0.182403564453125 0.109024047851562
0.257171630859375 -0.275558471679688 0.22808837890625 0.066802978515625
0.286346435546875 -0.292205810546875 0.237625122070313 0.03155517578125
0.31329345703125 -0.193359375 0.244842529296875 0.04229736328125
0.373291015625 -0.1553955078125 0.216049194335938 0.09405517578125
0.3802490234375 -0.181060791015625 0.138290405273438 0.0893325805664062
0.345977783203125 -0.202972412109375 0.0120887756347656 0.0526847839355469
0.3658447265625 -0.11785888671875 -0.1326904296875 0.0474929809570312
0.339447021484375 -0.178070068359375 -0.254745483398438 0.05401611328125
0.356689453125 -0.1455078125 -0.312774658203125 0.036163330078125
0.36468505859375 -0.148956298828125 -0.279953002929688 0.039703369140625
0.27496337890625 -0.197418212890625 -0.243865966796875 0.0156097412109375
0.296539306640625 -0.213714599609375 -0.224227905273437 -0.04705810546875
0.283721923828125 -0.26458740234375 -0.122535705566406 -0.112014770507813
0.253448486328125 -0.343841552734375 -0.00112915039062498 -0.229721069335938
0.139495849609375 -0.300384521484375 0.23876953125 -0.0122222900390625
0.173492431640625 -0.250137329101563 0.252578735351563 -0.023193359375
0.184173583984375 -0.268264770507813 0.255325317382813 0.00604248046874998
0.20989990234375 -0.18963623046875 0.242584228515625 0.0573272705078125
0.260498046875 -0.160064697265625 0.174972534179688 0.148788452148437
0.27679443359375 -0.17437744140625 0.076080322265625 0.1790771484375
0.257766723632813 -0.170501708984375 -0.0738983154296875 0.144790649414063
0.280349731445313 -0.093170166015625 -0.23321533203125 0.10491943359375
0.265914916992188 -0.123809814453125 -0.33746337890625 0.104217529296875
0.27813720703125 -0.0838775634765625 -0.363037109375 0.0758972167968751
0.2835693359375 -0.0721435546875 -0.28717041015625 0.0641479492187501
0.221649169921875 -0.11114501953125 -0.204452514648437 0.0197601318359375
0.237380981445312 -0.129898071289062 -0.149703979492187 -0.053375244140625
0.243698120117188 -0.188690185546875 -0.048004150390625 -0.160629272460938
0.209518432617188 -0.267440795898438 0.088623046875 -0.3211669921875
0.0522003173828125 -0.18975830078125 0.266616821289062 -0.106597900390625
0.083221435546875 -0.166595458984375 0.252426147460938 -0.0942840576171875
0.0797882080078125 -0.174713134765625 0.259353637695313 -0.0155487060546875
0.0951309204101563 -0.125679016113281 0.239791870117188 0.06524658203125
0.121055603027344 -0.111320495605469 0.1512451171875 0.185775756835938
0.137275695800781 -0.117950439453125 0.0487060546875 0.245010375976563
0.134552001953125 -0.10186767578125 -0.120407104492187 0.21514892578125
0.152236938476563 -0.057830810546875 -0.296112060546875 0.14337158203125
0.151504516601563 -0.0701141357421875 -0.39178466796875 0.129669189453125
0.159072875976563 -0.040069580078125 -0.39300537109375 0.0877990722656251
0.163177490234375 -0.02862548828125 -0.289825439453125 0.067535400390625
0.128364562988281 -0.0556411743164063 -0.175216674804688 0.025909423828125
0.138999938964844 -0.0693130493164063 -0.0885009765625 -0.04339599609375
0.15521240234375 -0.11578369140625 0.0129241943359375 -0.183868408203125
0.125625610351563 -0.168045043945313 0.156890869140625 -0.3831787109375
0.00883102416992187 0.0609588623046875 -0.15875244140625 0.4248046875
-0.0170669555664062 0.0653762817382813 -0.0421142578125 0.23883056640625
-0.0117225646972656 0.0656166076660156 0.0325469970703125 0.0367393493652344
-0.0166778564453125 0.0359306335449219 0.150680541992188 -0.0128173828125
-0.0232162475585938 0.0383148193359375 0.294219970703125 -0.056671142578125
-0.0183219909667969 0.0361328125 0.409271240234375 -0.128509521484375
-0.000804424285888672 0.00352144241333008 0.412017822265625 -0.195159912109375
-0.000901222229003906 -0.00791645050048828 0.33642578125 -0.2008056640625
-0.00438404083251953 -0.0061025619506836 0.137985229492188 -0.265869140625
0.00297284126281738 -0.00121259689331055 -0.040191650390625 -0.301605224609375
-0.0112400054931641 0.00408744812011719 -0.192413330078125 -0.209030151367188
-0.0101261138916016 0.0113143920898438 -0.264114379882813 -0.058135986328125
-0.00415420532226563 0.0468902587890625 -0.304351806640625 0.0198974609375001
-0.0152587890625 0.0399131774902344 -0.2674560546875 0.121826171875
-0.00276565551757812 0.0498695373535156 -0.30950927734375 0.14617919921875
0.120033264160156 -0.0567245483398438 -0.1434326171875 0.42919921875
0.1048583984375 0.00844573974609375 -0.0319976806640625 0.243789672851562
0.11395263671875 0.0264739990234375 0.0341949462890625 0.0393524169921875
0.0962982177734375 0.038421630859375 0.152679443359375 -0.0130615234375
0.111434936523438 0.0457687377929688 0.299072265625 -0.047882080078125
0.127326965332031 0.0127182006835938 0.39752197265625 -0.120819091796875
0.138359069824219 -0.0521469116210937 0.3916015625 -0.1920166015625
0.150787353515625 -0.05499267578125 0.30517578125 -0.18975830078125
0.132225036621094 -0.100234985351563 0.103317260742188 -0.248764038085938
0.136276245117188 -0.1004638671875 -0.073699951171875 -0.282928466796875
0.113807678222656 -0.106697082519531 -0.208999633789063 -0.190277099609375
0.0678482055664063 -0.113731384277344 -0.278961181640625 -0.042816162109375
0.0824661254882812 -0.0921707153320312 -0.3223876953125 0.027740478515625
0.064483642578125 -0.101577758789063 -0.26397705078125 0.129669189453125
0.0803756713867188 -0.112060546875 -0.2926025390625 0.147369384765625
0.213165283203125 -0.176223754882812 -0.084747314453125 0.402374267578125
0.218521118164062 -0.06622314453125 0.0148773193359375 0.23974609375
0.240219116210938 -0.0373992919921875 0.0680923461914063 0.0519638061523438
0.221969604492187 0.01751708984375 0.175491333007813 -0.0056304931640625
0.253555297851563 0.0312957763671875 0.302764892578125 -0.034912109375
0.268798828125 -0.0247039794921875 0.36590576171875 -0.1070556640625
0.2626953125 -0.109283447265625 0.3306884765625 -0.170928955078125
0.281890869140625 -0.09637451171875 0.22857666015625 -0.15338134765625
0.248779296875 -0.179290771484375 0.037811279296875 -0.1929931640625
0.253189086914063 -0.181671142578125 -0.123611450195313 -0.221466064453125
0.228744506835938 -0.20050048828125 -0.230270385742187 -0.140777587890625
0.143203735351562 -0.22369384765625 -0.291534423828125 -0.0184020996093751
0.165695190429688 -0.214141845703125 -0.33453369140625 0.027679443359375
0.143356323242188 -0.223892211914062 -0.2569580078125 0.103713989257813
0.155075073242188 -0.254257202148437 -0.250106811523438 0.095947265625
0.262725830078125 -0.2841796875 0.00454711914062504 0.336029052734375
0.2947998046875 -0.15966796875 0.0909423828125 0.21197509765625
0.332794189453125 -0.139556884765625 0.127326965332031 0.0594863891601563
0.32958984375 -0.0499267578125 0.205810546875 0.005340576171875
0.3741455078125 -0.024749755859375 0.293060302734375 -0.012176513671875
0.37994384765625 -0.085357666015625 0.3074951171875 -0.074310302734375
0.34991455078125 -0.166595458984375 0.2362060546875 -0.125045776367188
0.370819091796875 -0.1263427734375 0.117950439453125 -0.0948638916015625
0.330780029296875 -0.22393798828125 -0.0519180297851563 -0.108726501464844
0.341827392578125 -0.22442626953125 -0.183975219726562 -0.128860473632813
0.326171875 -0.249542236328125 -0.25103759765625 -0.0720672607421876
0.2169189453125 -0.287139892578125 -0.292877197265625 0.00500488281249993
0.2442626953125 -0.287353515625 -0.32861328125 0.01513671875
0.2181396484375 -0.302886962890625 -0.23480224609375 0.04559326171875
0.216796875 -0.350677490234375 -0.1837158203125 0.00204467773437499
0.26239013671875 -0.355560302734375 0.102523803710938 0.230850219726562
0.307159423828125 -0.24658203125 0.171661376953125 0.147781372070312
0.3497314453125 -0.2471923828125 0.190902709960938 0.0476226806640625
0.3681640625 -0.141357421875 0.231979370117188 0.0176849365234375
0.424346923828125 -0.10699462890625 0.262115478515625 0.0279693603515625
0.424102783203125 -0.153778076171875 0.22528076171875 -0.00895690917968751
0.37982177734375 -0.208831787109375 0.120903015136719 -0.0486221313476563
0.402313232421875 -0.139190673828125 -0.010385513305664 -0.0213451385498047
0.36431884765625 -0.226165771484375 -0.1541748046875 -0.016143798828125
0.3843994140625 -0.21319580078125 -0.250885009765625 -0.0316619873046875
0.3812255859375 -0.2325439453125 -0.267929077148438 -0.00207519531250007
0.270950317382813 -0.279266357421875 -0.275360107421875 0.0194396972656249
0.29632568359375 -0.287017822265625 -0.29071044921875 -0.00988769531249997
0.273681640625 -0.320404052734375 -0.189132690429687 -0.0329437255859375
0.25335693359375 -0.385711669921875 -0.0975112915039063 -0.117057800292969
0.21514892578125 -0.368011474609375 0.18487548828125 0.102737426757812
0.25933837890625 -0.286590576171875 0.229705810546875 0.057220458984375
0.287872314453125 -0.3037109375 0.23736572265625 0.022247314453125
0.318756103515625 -0.202056884765625 0.24310302734375 0.0313568115234375
0.378662109375 -0.16680908203125 0.218276977539063 0.0844268798828125
0.3856201171875 -0.1944580078125 0.141983032226563 0.08209228515625
0.346282958984375 -0.21734619140625 0.00864410400390627 0.0488014221191406
0.373016357421875 -0.129638671875 -0.136100769042969 0.0531768798828125
0.343719482421875 -0.189666748046875 -0.255661010742188 0.0643157958984375
0.364837646484375 -0.158050537109375 -0.314788818359375 0.046295166015625
0.369659423828125 -0.16156005859375 -0.279052734375 0.049652099609375
0.279220581054688 -0.207534790039063 -0.240203857421875 0.0252532958984375
0.29937744140625 -0.2225341796875 -0.223602294921875 -0.0352325439453125
0.287445068359375 -0.275726318359375 -0.1207275390625 -0.109535217285156
0.253143310546875 -0.355682373046875 -0.0018157958984375 -0.235366821289063
0.138458251953125 -0.310272216796875 0.240768432617188 -0.0224151611328125
0.174530029296875 -0.259033203125 0.255584716796875 -0.0340728759765625
0.18389892578125 -0.2763671875 0.2572021484375 -0.00508117675781252
0.214218139648437 -0.197158813476562 0.24237060546875 0.0458221435546875
0.264328002929688 -0.16900634765625 0.177932739257813 0.141036987304688
0.27947998046875 -0.184356689453125 0.08050537109375 0.174774169921875
0.258132934570313 -0.182083129882812 -0.0774383544921875 0.145004272460938
0.286376953125 -0.102294921875 -0.238311767578125 0.11505126953125
0.2691650390625 -0.13262939453125 -0.340789794921875 0.116943359375
0.283660888671875 -0.093048095703125 -0.3651123046875 0.0870361328125
0.288909912109375 -0.081298828125 -0.286346435546875 0.0741577148437501
0.225738525390625 -0.118759155273437 -0.200637817382813 0.0266876220703125
0.2412109375 -0.136474609375 -0.146697998046875 -0.045684814453125
0.2470703125 -0.198501586914063 -0.045318603515625 -0.161178588867188
0.209609985351563 -0.27777099609375 0.089599609375 -0.332183837890625
0.050537109375 -0.194198608398437 0.26873779296875 -0.119293212890625
0.0832366943359375 -0.171600341796875 0.254867553710938 -0.107574462890625
0.078521728515625 -0.17919921875 0.262557983398438 -0.0279693603515625
0.0974960327148438 -0.130210876464844 0.24078369140625 0.0533599853515625
0.122245788574219 -0.115463256835938 0.154815673828125 0.180465698242188
0.138092041015625 -0.123641967773438 0.053375244140625 0.242706298828125
0.135589599609375 -0.109855651855469 -0.123977661132812 0.218765258789063
0.156051635742188 -0.063079833984375 -0.30224609375 0.15594482421875
0.154693603515625 -0.0756378173828125 -0.397064208984375 0.143646240234375
0.164154052734375 -0.0461883544921875 -0.3955078125 0.100738525390625
0.167739868164063 -0.033966064453125 -0.28863525390625 0.07891845703125
0.131843566894531 -0.0595474243164063 -0.170211791992188 0.0319366455078125
0.142242431640625 -0.0730743408203125 -0.0833663940429687 -0.03759765625
0.156982421875 -0.122482299804688 0.015594482421875 -0.186737060546875
0.125885009765625 -0.175018310546875 0.15771484375 -0.396759033203125
0.0561957879550545 -0.0921053849754806 -0.471995904497097 0.0971628678697687
0.0635053863813523 -0.0521645497670126 -0.259532780270074 0.0609738089359658
0.0589073645430182 -0.0306256891979625 -0.0346947106687167 0.0323503755299663
0.0326436918854577 -0.00549773364680801 0.0776884210356847 0.114063193405674
0.0170532611366693 -0.000583742374543433 0.215325929880398 0.229469424251688
-0.00449085445341125 -0.00062043895284512 0.29815575040564 0.298793803944951
-0.0192670523699995 0.0125747647253133 0.335906339714513 0.321791992442426
-0.0239961048871399 0.0234011969371537 0.363643912226902 0.234490223759464
-0.016374809165569 0.0233474843433748 0.310612441352271 0.0256491830858085
0.00492863189896814 0.0148684237991575 0.237006968353135 -0.172613133348118
0.0201526459113115 0.016973637033223 0.098341016677957 -0.278990121137524
0.0321898704947546 0.00553634972696174 -0.0816504439259906 -0.269781338563596
0.0545310912266683 -0.026315109340408 -0.194919761350476 -0.238297108910462
0.0536372307846429 -0.0173005325546192 -0.246002009813908 -0.173812619298884
0.0549280268319418 -0.0327670075544002 -0.299327837082429 -0.152569813110387
-0.102945886363575 -0.120609283220574 -0.462189403437616 0.138073835713733
-0.0645013249628911 -0.115733702144797 -0.264466584499214 0.0995425054689179
-0.0497410165063191 -0.113425607810093 -0.0411594148923966 0.0692490753841095
-0.0468701835570254 -0.106654245416162 0.0640148616968758 0.14535851601536
-0.0780332243243631 -0.105832253434153 0.205778790678117 0.259075000862014
-0.11515289283383 -0.0977362034494468 0.281345768849245 0.314809294015514
-0.142386784796965 -0.0829888770330423 0.313303839391958 0.324304440134758
-0.154995389978372 -0.0592113281122238 0.335324220043076 0.224473640275687
-0.177257640817035 -0.0420177357642714 0.275714121368273 0.0203905852094529
-0.160000299502422 -0.0287445004156443 0.199249001951773 -0.169110424392405
-0.147458002392254 -0.00170894451931263 0.0693966558594114 -0.26174644421858
-0.124882797191553 0.0149961934028361 -0.100059637047874 -0.25045033339474
-0.100458440916029 0.0147830906750684 -0.207726287988561 -0.232914379432731
-0.101203013373354 0.00385146565082079 -0.252074770064131 -0.148844419120963
-0.114850642352085 -0.0170237805127852 -0.298706982854308 -0.122214064713139
-0.256718637664141 -0.128730278919126 -0.396463291569226 0.195633503622346
-0.204517990002101 -0.159384762282849 -0.239810117074833 0.17029980720996
-0.182733532727417 -0.181928523944007 -0.033799007830755 0.143625854751507
-0.156838012321859 -0.202041783511146 0.0594066493110374 0.203796155738955
-0.195709573742645 -0.200896819811654 0.19412974721188 0.29268274547739
-0.231230179632929 -0.184456575328942 0.251861898483687 0.317729733449733
-0.257496798274223 -0.165137903040702 0.261570067839967 0.292856962708124
-0.266278998020542 -0.132024668109075 0.259439308118968 0.181004285884135
-0.308779826318049 -0.100218084081402 0.19095673835345 -0.00157110347620578
-0.301074468469065 -0.0726873166516438 0.116204329232295 -0.162458971481532
-0.296815259323117 -0.025589261934011 0.010404075458742 -0.235410718479166
-0.267443557401844 0.0155129563039919 -0.126135692616763 -0.228739792556339
-0.242616810076134 0.0461078750834893 -0.212503067353774 -0.228165089985178
-0.243776961319453 0.0182607818407582 -0.225665890650339 -0.137414299666594
-0.265932490206202 -0.00249593329326561 -0.23931806017798 -0.104505523912837
-0.381142651785611 -0.103060518327564 -0.276772105568215 0.249908932930457
-0.337326281767835 -0.156865013721611 -0.168320548842208 0.252354413329094
-0.329996870348255 -0.198280609050658 0.00537585269296739 0.236052794041181
-0.295988889546223 -0.249489440966007 0.0694099073478262 0.273793615855903
-0.326250903523324 -0.251265817132233 0.172576895991528 0.315981519127273
-0.342608033309516 -0.234210639300507 0.197412166739673 0.300733675783102
-0.351066440056109 -0.214625969613695 0.17807047275335 0.233448548027895
-0.339347451077272 -0.183679584262532 0.146279779719038 0.109565419868116
-0.387668937038761 -0.149259902474231 0.0700281644488262 -0.0406644477262505
-0.391538507507493 -0.121442611771537 0.00226150069695714 -0.157902354319857
-0.398899353310987 -0.0676916413046742 -0.0693811319629727 -0.206055524722616
-0.368141568290126 -0.0101609874349401 -0.149936927121496 -0.202373552897833
-0.348158749800155 0.0456069676947092 -0.197934231285076 -0.217112605598315
-0.350393209026231 0.0114892610172885 -0.165947537288938 -0.134993623752381
-0.375046495543768 0.00384314523605292 -0.13134806519165 -0.100201713617202
-0.448183359274191 -0.0491887825062364 -0.119117100340243 0.280165446497564
-0.424135617170172 -0.105300883065931 -0.054924815268253 0.310893734698799
-0.437304547541798 -0.147093786149587 0.0752066666061802 0.307398647013273
-0.406600414844233 -0.219522519496769 0.092745649883488 0.326386941870022
-0.4213960188302 -0.232075090223795 0.129527217021303 0.320571935247577
-0.414304122793277 -0.230738949394771 0.109962179529791 0.267124410852655
-0.398279620506005 -0.223518198373189 0.0642978196819089 0.158324286282146
-0.361612865375137 -0.204996047462414 0.0105931798053414 0.02322536691628
-0.401032544803548 -0.18135924888157 -0.0646805525747004 -0.0961855196639764
-0.409143570463825 -0.168411723894128 -0.120309369439391 -0.165239358151486
-0.42241411599034 -0.122928370921009 -0.149807138071006 -0.183562641164496
-0.397714826555957 -0.0625086176225461 -0.161080875960608 -0.174066716000817
-0.390309069423287 0.0116895601295122 -0.158218371083411 -0.194390249860022
-0.398580909752371 -0.0157419628231924 -0.0775846628798189 -0.129050501548473
-0.42259377926441 -0.00101363462142706 0.00909621449256335 -0.101630629207111
-0.43981793666019 0.0108058762439109 0.0454231334414376 0.273922706405189
-0.428728235310428 -0.0300272094583621 0.0741375784622053 0.319324238981402
-0.450551817528511 -0.0585111240458659 0.14607623392621 0.330366750771058
-0.426001046973064 -0.13575637677592 0.108830878627406 0.339172074191173
-0.427918816993375 -0.161714998889776 0.0627561477396623 0.307631863245818
-0.411439990966223 -0.183679851416185 -0.00131397237299626 0.23024434081661
-0.382157939999683 -0.195065609358174 -0.064420092815439 0.0826888550459031
-0.329013409776736 -0.195521332394405 -0.124634472151619 -0.0669981553398738
-0.349064250186304 -0.186943049252144 -0.184921651087569 -0.164363321216013
-0.350912476474766 -0.193378040447219 -0.219712389126307 -0.191261259624434
-0.361833444194643 -0.16494781246273 -0.208798655422638 -0.177338457887416
-0.342142439647925 -0.113958065386319 -0.156038550384939 -0.147933093368029
-0.353428164961936 -0.0352765859317739 -0.102828207823526 -0.157475217649258
-0.377828397826072 -0.0489366602461269 0.0204595612939621 -0.111468639739855
-0.4034324992092 -0.00964386730870159 0.158279635159246 -0.10288070612405
-0.355569637046642 0.0577811432647418 0.186088072272265 0.236175636309705
-0.350791937958461 0.0318538279654436 0.182419597316168 0.281416284393796
-0.367945759906081 0.0158212214089994 0.189459840505214 0.309626535110016
-0.347304556017473 -0.0489722464937212 0.108756765059098 0.318591278279006
-0.340856316690669 -0.0823957721319643 -0.0100923551373738 0.285045376517683
-0.328916448124508 -0.116765328877948 -0.108047798648626 0.200485870039471
-0.29843653625779 -0.14132459814367 -0.180251162311845 0.0205759838083628
-0.24713741618047 -0.154737678529588 -0.234767783624382 -0.147134391493905
-0.249515836752408 -0.157843515410669 -0.269321131827809 -0.234348026221531
-0.244485622939356 -0.174928289742036 -0.276707006307296 -0.230448127604756
-0.246922901229458 -0.161035491101501 -0.234059956613951 -0.187745437945163
-0.234379208951298 -0.123473742205572 -0.139424864701686 -0.127552073952763
-0.259233046301092 -0.0590761328376093 -0.0517377580159929 -0.110123840406519
-0.298607365465999 -0.0607823773614325 0.105133040676846 -0.0816867281131313
-0.323882254654156 -0.00898901680366632 0.292652484528102 -0.0987949779728166
-0.214584351505457 0.0797342516502431 0.279864100778639 0.18354108677274
-0.217029235808939 0.0593062416758492 0.251420358094496 0.220640877501168
-0.22195585203355 0.0491580672420744 0.205222785142228 0.267249275941338
-0.205939000250552 0.00434341482830647 0.0990444199586995 0.282347714250235
-0.193429178407987 -0.0208841705987689 -0.0633772958823459 0.262347608580777
-0.18673079671163 -0.0532673310270531 -0.181557933916354 0.181729689641295
-0.165000179263147 -0.0741490893467393 -0.260113516306351 -0.0190211147178477
-0.129714345197038 -0.0882723833320592 -0.304670989296357 -0.203714708738468
-0.127350068409019 -0.0921692451593997 -0.314133348505483 -0.291891461018762
-0.127352295321454 -0.112035144790806 -0.293729927939331 -0.266382049400675
-0.127576113573045 -0.104369927527404 -0.231694007278815 -0.205674629639583
-0.126589652442136 -0.0801220503347441 -0.122291980393653 -0.113922302644329
-0.149021181557127 -0.0406825011375707 -0.0185790100347767 -0.0653971666575588
-0.190509068125126 -0.0368176223475414 0.163543999452372 -0.0537552815858979
-0.204955233091027 0.00847521114565424 0.391913578321765 -0.0956967866648722
0.0515151267161619 -0.0962940197880972 -0.478614337754742 0.119980164625111
0.0623538098202726 -0.0552953184758928 -0.262082015473481 0.0690368781105053
0.0590451156286165 -0.033403437092761 -0.0371565491128691 0.0276447747182356
0.0364152561813043 -0.00486440691443696 0.0803112515658141 0.103524486154286
0.0187189800926415 -0.000522359465894047 0.227757204969581 0.211614606341569
-0.00402972524503085 0.00120872580279765 0.317159482601864 0.277264471995093
-0.016356743495786 0.0139554514123379 0.357716059788509 0.305165997945009
-0.0197730796924009 0.0256657734155915 0.383674794309016 0.21931537398667
-0.0141935437415318 0.0252587381842468 0.318008894684072 0.0157429351121692
0.00660175887114453 0.0141611302800319 0.229133757743905 -0.181427747353079
0.0229051573125685 0.0157824536530376 0.0812391001916729 -0.280069525980676
0.0339167260021651 0.00431805855222029 -0.0994155530218844 -0.259317556511392
0.0516818490370366 -0.0294586108033442 -0.213706430299568 -0.224203604469934
0.0533956624780094 -0.0203828105601118 -0.261348480598467 -0.158965901044363
0.053737100599131 -0.0370153953597672 -0.310491731381804 -0.134254024468475
-0.111680068361624 -0.117196614946534 -0.465125037958379 0.160376322222138
-0.0709179896863847 -0.112387365589055 -0.264716739582178 0.107545881014292
-0.0558604175276935 -0.110664782606286 -0.0421516609142677 0.063810055239207
-0.0502007313730287 -0.104119764331225 0.0685740657532839 0.13528166857823
-0.0840838942075879 -0.100959068813668 0.220393840356859 0.241571449149977
-0.121939363205034 -0.0907000234241123 0.301192558618077 0.295852484101705
-0.146223697709542 -0.074669299502389 0.336175546547277 0.306344206388571
-0.158126877789297 -0.0517939765005539 0.355076215007876 0.210275045351202
-0.180605167466512 -0.0323451917646658 0.282547465082185 0.0133074058388656
-0.16419293412169 -0.0208674093698601 0.191061121542657 -0.175498647712614
-0.149130086833532 0.00515799365832518 0.0539853662405817 -0.260772574807696
-0.125398019327648 0.0219754289979729 -0.11682849724075 -0.239513289008033
-0.101986553622141 0.0185563390070722 -0.228759669334635 -0.217771203753322
-0.103365356390382 0.00782289118210039 -0.266402586977004 -0.131834017590972
-0.117225741737412 -0.0118367351555276 -0.306962231396501 -0.1045251934049
-0.269126394300681 -0.116052041529548 -0.394770940446894 0.214942062958345
-0.215544513440783 -0.150043432139057 -0.235277337413302 0.176815536078099
-0.194212845238443 -0.172770094720586 -0.0306530618928156 0.138143183515212
-0.168463505871059 -0.195994117952985 0.0662368468663295 0.193764954262405
-0.207846015942682 -0.190749780642699 0.211619847219551 0.275412369366943
-0.244902865768939 -0.171136663549773 0.272703181229426 0.300913953550038
-0.267003594286062 -0.150614566628861 0.282432357857554 0.276346903338272
-0.274812229209329 -0.119403415733242 0.275246016722735 0.169752107103893
-0.317748852315162 -0.0844667454032141 0.19502853385548 -0.00509018951151933
-0.310095342365835 -0.0573452609807769 0.107835163907059 -0.16459939060767
-0.300991620952758 -0.0113276220284659 -0.00515429576640929 -0.231673022425066
-0.270578190575911 0.0287568976883064 -0.141893814582811 -0.215449472537205
-0.243765331062091 0.0571343573262536 -0.232702039487212 -0.210487316847649
-0.24721532665481 0.0286061399552217 -0.23771673623207 -0.121470554081951
-0.270425638416902 0.0110193681970064 -0.245439216523343 -0.0905579192482388
-0.39321995180811 -0.0832342593328941 -0.269026493204711 0.262595596589469
-0.349416749518546 -0.141050862826639 -0.157891325013697 0.255731997837143
-0.343754810661038 -0.183132230487525 0.0142988861058749 0.229027269769568
-0.311523770391791 -0.236825325248886 0.0814429282028048 0.263874865259814
-0.343846779204182 -0.234890589354255 0.192602892262193 0.300371032993297
-0.361068081494148 -0.21564343583025 0.219010952815058 0.286820315133745
-0.364794954903609 -0.195452358097698 0.195201421429376 0.22081354843728
-0.352794929263523 -0.167740829093548 0.155264670337382 0.104033827743935
-0.401207987682712 -0.129272661626153 0.069555109295087 -0.0395161994121823
-0.40522841814624 -0.101469633569042 -0.00736544564345202 -0.15422907533576
-0.407003743088117 -0.0478321189766898 -0.0821664273390507 -0.197812439078834
-0.374538171390999 0.00842098988699328 -0.163354982096518 -0.18803806183637
-0.350469867891705 0.0629610537451611 -0.216984546652546 -0.198713513796567
-0.355616281921055 0.0274234522292972 -0.175373357564236 -0.121401370158278
-0.380286080518493 0.0228979386128438 -0.13548229370518 -0.0917887975406654
-0.458189776632594 -0.026455043270385 -0.10698703936437 0.285108752700123
-0.435039270080463 -0.0850474766000533 -0.0385112525278132 0.309076288273983
-0.44934327523975 -0.126120477591718 0.0890705581381941 0.298009488201383
-0.42360653806722 -0.202188601805261 0.108323313893485 0.315873840492073
-0.438524822355144 -0.211992969572202 0.149537463409778 0.307175013698591
-0.432953567919286 -0.209752895135463 0.129266700148234 0.258646351341875
-0.413393699132155 -0.202085548177888 0.0747275748225494 0.149731782845467
-0.378247643547844 -0.188134651123685 0.0118316601898635 0.0239891918222849
-0.415542789063033 -0.161000099603657 -0.0704010811969028 -0.088789653603053
-0.425784174717371 -0.148007902771018 -0.130782329592806 -0.155094560933456
-0.434942505937833 -0.101694626032186 -0.16123817755672 -0.170806753251212
-0.406988881417973 -0.0430551807312293 -0.172278755987203 -0.158840329271191
-0.394181055459851 0.029889126147155 -0.17373229723761 -0.177324659776587
-0.406598725050724 0.00268153097903346 -0.0843408916720299 -0.119845574175969
-0.429206811845513 0.0207845072629283 0.00744747136663295 -0.100945026926377
-0.445453486965114 0.0339584433180087 0.060274792166364 0.268541763183069
-0.435848952804589 -0.00925682140646213 0.0940002002544004 0.310924792427912
-0.458765448378496 -0.0367509447718795 0.163987280096491 0.318587841680119
-0.440183040674944 -0.118171714809412 0.127113464668586 0.328913427805761
-0.441734952632266 -0.141376827804918 0.0816304322764448 0.298679043593146
-0.428599354545696 -0.163501218427293 0.0156863504453728 0.227928745872235
-0.396064100713347 -0.173797969889305 -0.0593800102867189 0.0804255173299868
-0.345082494077515 -0.181071242860608 -0.131475022445331 -0.0597803414839419
-0.363847318866392 -0.170302997428887 -0.196778517343831 -0.152026727893616
-0.368003313481122 -0.175710596221442 -0.232796896423604 -0.175584584511735
-0.375920512482993 -0.147225844221127 -0.22002055236684 -0.162136156992099
-0.354773338880188 -0.0967748989310536 -0.163391731895016 -0.133491724028777
-0.360237679576057 -0.0192145670114839 -0.114960111254205 -0.143500060149925
-0.386443631167865 -0.0303345896602925 0.0169082715010508 -0.10731535180904
-0.409298190183344 0.011671283648966 0.158860286167609 -0.109671211095805
-0.35697990960119 0.0766627160738637 0.200595384139833 0.223502415506604
-0.353760046590518 0.0494270306390776 0.20200023466216 0.268616058423536
-0.37082424772105 0.0338062395118357 0.209019376745546 0.296514110339436
-0.355721044850819 -0.034138558641543 0.127711653242357 0.308718785767132
-0.349751691413779 -0.0659609176857889 0.0079338535466898 0.280428436145418
-0.340130737264037 -0.0999933782779762 -0.0935323599671434 0.202760078069423
-0.309607847193477 -0.123866497061581 -0.18085464991982 0.0246700346787539
-0.259963663338724 -0.143601699823039 -0.249160247521311 -0.134807492671683
-0.262139251597162 -0.145680073426361 -0.287584258998601 -0.219867751832124
-0.260682331234244 -0.162581341178211 -0.292534072207336 -0.212210007122256
-0.260620433004859 -0.149401258419388 -0.245137427301354 -0.170225094923184
-0.246294052252072 -0.113097367266001 -0.14567371898603 -0.114420659489101
-0.266217472412924 -0.0476569562832661 -0.0588652199500883 -0.0986132285327866
-0.307188627058594 -0.0454656204686934 0.10405052480774 -0.0818136423209543
-0.329636134951739 0.00765238385499854 0.293871697253988 -0.113412190177848
-0.212532159714542 0.091109911866341 0.293165501089257 0.166224348315395
-0.216619999095484 0.0704172948952955 0.269157966876811 0.204481036189498
-0.221689034025015 0.0601034109635315 0.223879325408744 0.254447440216015
-0.209143537646619 0.0130705894930913 0.117443222967222 0.272814103700693
-0.196476648728083 -0.0118312516667152 -0.0483055395489273 0.261684823669294
-0.191859592638494 -0.0436603028641674 -0.170096625426858 0.18741442237043
-0.171398808862017 -0.0638993360300253 -0.26350007321261 -0.0111070519944399
-0.137533182636407 -0.0823372367356102 -0.323009747545937 -0.18956864159933
-0.135284752475162 -0.0865936839916546 -0.335942531849345 -0.276040533935406
-0.138520106191284 -0.105672975830618 -0.312158715024177 -0.247730667597123
-0.137841279513332 -0.0986477302048327 -0.24467766850929 -0.187310299891885
-0.134742540105654 -0.0746576130262636 -0.127461668692077 -0.101824375544752
-0.154781842061677 -0.0348794183837729 -0.0217163752499815 -0.0560473555753841
-0.196075620811179 -0.0264487909895191 0.16484179441447 -0.0572492762107477
-0.20839976045827 0.0191020885115836 0.395068360746907 -0.115016127641535
0.0466041100983484 -0.0990237549641665 -0.475485563562365 0.140047856289306
0.0607744645612508 -0.0571119602345646 -0.261389196122794 0.0753368259371519
0.0579888500294329 -0.0345299749588325 -0.0398214079791898 0.0232512238054564
0.038421400496239 -0.00559392558263405 0.0809137346636193 0.092443283765336
0.0194787130150865 -0.00104002013936318 0.232990362283884 0.190435108775536
-0.00240631057032992 0.0033820738692211 0.325259202626176 0.250802313410363
-0.0130059906721912 0.0150757427065353 0.370792525186786 0.281907188956256
-0.0158038015316444 0.0268944135280446 0.39547698209753 0.199931030563231
-0.0114992059237041 0.0258662615830372 0.319301486184888 0.00597412489428524
0.00777672698495908 0.0140635225252613 0.216894548375092 -0.185965656269758
0.0247971520956295 0.0137043720144841 0.0651416934712978 -0.275294564171421
0.0348062238405232 0.0023943322130434 -0.112848743105522 -0.243989412170835
0.0486869022645414 -0.0316677505577865 -0.226356430986563 -0.205781865557327
0.0526045100107601 -0.0231305925391686 -0.270408539309597 -0.140636414735849
0.0509465458876268 -0.0397835037337295 -0.313182115645982 -0.115008248749657
-0.11767158918716 -0.110525041924734 -0.458531772708683 0.179809962619905
-0.0751621160718409 -0.107380075890657 -0.261433220707723 0.112760439790032
-0.0594743230924237 -0.105808777266473 -0.0430447451915238 0.0578543635214291
-0.0525072639691776 -0.10058570245014 0.0697573056397483 0.124162287221071
-0.0879501946801199 -0.0953151702194834 0.228054841437417 0.220702327617858
-0.1247077241699 -0.0818152729473564 0.311580954343498 0.271877827492613
-0.1462203239737 -0.0655092881000739 0.349467698352656 0.283103638546067
-0.157090822973772 -0.0438938471691549 0.366499022515835 0.192407130748682
-0.180335934076106 -0.0226932642536028 0.284417124202483 0.00393968309040831
-0.165095159154683 -0.0126046508221222 0.17978799140127 -0.178460713008201
-0.14727691911397 0.0111413738081311 0.0389921789193138 -0.254633517330925
-0.123526116865998 0.0265922043830415 -0.129281391152483 -0.22448463649254
-0.101737861739013 0.0224286614219978 -0.242099103246877 -0.196937214102461
-0.103611350813285 0.0115064688918358 -0.272358735616282 -0.113189890068865
-0.118085914233277 -0.00709987721247429 -0.30862404562318 -0.0855454085895822
-0.273711813102629 -0.102147352426468 -0.385272636208868 0.228866123670463
-0.220768862148875 -0.13662061420957 -0.227850305229372 0.179190658064259
-0.1999531710381 -0.160875417146011 -0.0289479356117062 0.129506401703433
-0.174834492446434 -0.186826474647658 0.0702886999833639 0.18194269214846
-0.216043618156264 -0.178059430058263 0.222462896739502 0.253327758957229
-0.251772972781935 -0.154789069056158 0.285546562653381 0.277501806373342
-0.270403473923863 -0.134854317323725 0.294478216773051 0.255474092122357
-0.277502666959949 -0.106058320920572 0.284962956376252 0.156202289877336
-0.318452011595002 -0.0682400430178405 0.196016993007196 -0.00957682350185289
-0.312850431708074 -0.0427435682640109 0.0979336893408233 -0.16309782658654
-0.300152038231001 0.00209668191971309 -0.0171361762931264 -0.223196349632404
-0.267390425555161 0.0409864855098335 -0.152169189857702 -0.198676533806776
-0.239899892981769 0.0663537750712183 -0.246310043011405 -0.188889526280296
-0.246429792448075 0.0373982264400654 -0.242838750119022 -0.103456232783328
-0.268900546223277 0.0230331383232375 -0.245762491631226 -0.0752062140545998
-0.396018604183335 -0.06347133179229 -0.257832430567738 0.269715765778795
-0.354208718793408 -0.122114241111145 -0.147192827381349 0.252813203064308
-0.349677904955338 -0.163795968119546 0.0204711400175433 0.217770409611358
-0.32037614842371 -0.222118479699709 0.088950468463043 0.249786360906056
-0.351870126941972 -0.214901813563622 0.204635927330136 0.278570850133702
-0.3694960310804 -0.19324729489193 0.232664100428074 0.267810419752541
-0.369708325396655 -0.172699032999985 0.205472133923334 0.203444117041116
-0.358413135406497 -0.150404358201882 0.161937323812991 0.0964378433430153
-0.403563055988356 -0.108597719990931 0.0689957360600338 -0.0374767268713757
-0.409690299549321 -0.081466527602037 -0.0153599615823494 -0.147585307723163
-0.407506502097808 -0.0291831376179085 -0.0914839450856606 -0.185643781832622
-0.372143759674592 0.0252563749957777 -0.171452281684968 -0.170425963345521
-0.345192430223122 0.0757230559308037 -0.229416119877805 -0.176371068191031
-0.35554327716921 0.0417135180763002 -0.179154977598502 -0.105378540140929
-0.377616273417278 0.0408349145901495 -0.135911504012113 -0.0822776848216003
-0.45797344530822 -0.00306751807775046 -0.0950121532302814 0.282791860441735
-0.436103043686816 -0.0634958893999035 -0.0246031514855048 0.299672373817611
-0.450839577776026 -0.104775715156618 0.0992766529448137 0.282980803576154
-0.431157087980925 -0.183163006289081 0.119147269616354 0.30029064138771
-0.444425422561551 -0.188392948148151 0.162456363690534 0.28825621355703
-0.441910235406503 -0.183708695478479 0.142982195140178 0.243969523643803
-0.418374254037815 -0.176676920005234 0.082289160778101 0.138705845721836
-0.384767833183014 -0.170152533333396 0.0131738996164242 0.0244915494009701
-0.419633626994475 -0.139925795451706 -0.073644138907885 -0.0805756213320359
-0.432156375465471 -0.125581177952111 -0.137667610590915 -0.142988254970968
-0.437966211084788 -0.0802080890351749 -0.167178581684803 -0.15516821293427
-0.407256322492829 -0.0235812270213845 -0.177090030534412 -0.141965836382472
-0.388814796939654 0.0456167246892993 -0.183636868538853 -0.156912051462161
-0.406035007231616 0.0200347578055351 -0.0881092241367951 -0.107985953726714
-0.426475127804286 0.0418647905660009 0.00580916638692798 -0.0988415269726549
-0.442315626110005 0.0547740266623419 0.0711737569092373 0.258586617430192
-0.433614824984002 0.0104703413198414 0.108460582700865 0.296816825652088
-0.456023215812833 -0.0173696379092766 0.175823247896285 0.301292152332129
-0.444155228758426 -0.0987112511965426 0.140423852276531 0.313271900104573
-0.445712012328066 -0.118907475449175 0.0957883102268857 0.283421288001613
-0.433792623931338 -0.13880591927155 0.029669762053471 0.219206973149965
-0.40024035122905 -0.149916433598079 -0.0551839935044348 0.07606413652966
-0.351629599424296 -0.163222138590199 -0.134742114994142 -0.051896405893538
-0.369913995965989 -0.150976826647027 -0.203796353156215 -0.137144034114499
-0.377935553973287 -0.154537272105733 -0.239224716193038 -0.158402838097327
-0.382044174073779 -0.128000536790511 -0.224554614663769 -0.143204780295173
-0.357694164773565 -0.0790330686435735 -0.166966464641942 -0.118046581699867
-0.358021760473934 -0.00405449670085258 -0.12103582952131 -0.125790990716526
-0.387085259613647 -0.0122360031600121 0.0140616109192354 -0.100941257266983
-0.407619767384569 0.0314570751894323 0.155683226851426 -0.114832143092033
-0.351127229450203 0.0921244024902604 0.209370982445219 0.206538032683372
-0.349164603438671 0.0647917124696828 0.215206374394847 0.249955972977884
-0.365995315227403 0.0502813431536333 0.22256117365632 0.277899559521323
-0.357715047864747 -0.0199196014938626 0.141409251593811 0.293853047002178
-0.349988304909284 -0.049212386358995 0.0217940782999373 0.270308948301625
-0.344017203279195 -0.0817075845823218 -0.0792414106364018 0.199468082220388
-0.313074528097758 -0.105386681009017 -0.179232934303001 0.0269838147727443
-0.267208032298934 -0.13054283488614 -0.255827206635318 -0.121121194102928
-0.268039264568169 -0.131571623035976 -0.297907603468323 -0.199955198746875
-0.269798263349534 -0.146995601674591 -0.300597168058099 -0.190853342222424
-0.267626859731445 -0.135035918747821 -0.250069519978503 -0.150055718446981
-0.252164647993079 -0.099250424208958 -0.146640349850398 -0.0996379019806739
-0.267450657652231 -0.035188404969014 -0.0627091762121566 -0.0848858715793598
-0.308592361617604 -0.0307889377741141 0.10218942960124 -0.0803648077506759
-0.328796595955719 0.0239496872943891 0.290692203283568 -0.124512495614292
-0.206643608434611 0.0990658976628568 0.298652312273357 0.146556245994279
-0.212085844117172 0.0793060265966314 0.279500776142587 0.184921533099258
-0.216650505641961 0.0693116219260513 0.2373384499869 0.236672424680199
-0.209826860064186 0.0224005450280424 0.131534944231612 0.258849554518984
-0.195872052570924 -0.00316659935442346 -0.0342102971921227 0.255780274531697
-0.193523324256835 -0.0336052094748064 -0.156299921350793 0.188316715263112
-0.172767834742283 -0.0531781867798287 -0.263609973505904 -0.00383933331353417
-0.14304813949736 -0.0751761895975067 -0.333257244681574 -0.171347555546563
-0.139899897656394 -0.0797037745593411 -0.349872079708435 -0.254234525931958
-0.145456338503753 -0.0965383049269416 -0.32203932241973 -0.225143491984483
-0.143965305664661 -0.0915460197538706 -0.250491143321049 -0.166052894584509
-0.139833577460259 -0.0680907568641681 -0.128073536839217 -0.0888089595169051
-0.1569240545198 -0.0283079217475117 -0.0221193683507278 -0.045271660741676
-0.197575006485502 -0.0162484945892276 0.163868529593359 -0.0588167050211695
-0.206594588874979 0.0288010492286332 0.390841378649073 -0.131486326314026
0.00821754916086594 -0.105989341094745 -0.403024946115966 0.291327062569746
0.0371911371447401 -0.0729486414619164 -0.225810825197769 0.15772681982751
0.0436477865335937 -0.0524418801566244 -0.0346030840192395 0.0334771456002079
0.0373951012285252 -0.0189619272312146 0.100127630738472 0.0578565212028859
0.0214949315261508 -0.00585928200673833 0.274487586594464 0.0968372674562854
0.00412054562882337 0.00742447503265871 0.380940354642898 0.118515825078292
-0.00184017269062072 0.0194409798272576 0.441460910045827 0.130061727805402
-0.00155832065856492 0.0289902602624716 0.437192074128548 0.0484691502877721
-0.000115785980923199 0.0277301843281293 0.30166802552012 -0.0969674262935096
0.0110487851007282 0.0103990610058224 0.143028549531199 -0.237709411472227
0.0288857159455749 0.00301114733239631 -0.0300382287396493 -0.268275085586256
0.0344804739419215 -0.00944388902727626 -0.181334769245764 -0.182858548210551
0.0338009900216974 -0.0427607666107682 -0.278623719426805 -0.111242426672852
0.0429537983782209 -0.0383484070923973 -0.298641980891916 -0.0404378596660716
0.0366260759504001 -0.0540214946406462 -0.323925119381976 -0.00889192363570749
-0.152639804128298 -0.0586037794505444 -0.36986933300178 0.317824449679507
-0.10885439384122 -0.0702678144578815 -0.207249902529618 0.187566635432689
-0.0912104421217441 -0.076550661532363 -0.0205787291325732 0.0621022350018689
-0.0822554543520911 -0.0735262720859583 0.107448392951681 0.0877158507653759
-0.109377474502889 -0.056477697829378 0.285725706367725 0.123452088450669
-0.13664673211387 -0.0285067850706318 0.382016022846846 0.138521617371778
-0.155220719824059 -0.0103250030472369 0.427678496298264 0.139698971848359
-0.155024622354935 0.00937950747989647 0.410293038767308 0.048401710782433
-0.172271690180118 0.0382096948188428 0.271428059420083 -0.0890401833805183
-0.159297432117291 0.0423659444605712 0.114851841472088 -0.220302308265626
-0.132460818643175 0.0572387553664433 -0.0445639922683371 -0.244140284568237
-0.106077851583096 0.0650248618156738 -0.187768373705858 -0.160070842962477
-0.0894356898904741 0.0547272630778818 -0.287712409631768 -0.0957787281795425
-0.0924152353608713 0.0449891938653939 -0.289169202239534 -0.0123318642282123
-0.113073706098344 0.0301676502343921 -0.306827925822947 0.0194480143993938
-0.297719263861794 0.00476252321784174 -0.280459286851797 0.332244991807816
-0.25586095742792 -0.0461796941006395 -0.148328976711788 0.231506234159211
-0.241623053777681 -0.0786641566261587 0.0219426375713933 0.116971544870391
-0.227627391019386 -0.108940534473825 0.133789660711204 0.136185898669082
-0.255257800146118 -0.0891656487771769 0.296605839309768 0.151021811725453
-0.278360667486637 -0.0533143990421003 0.365273962930027 0.150014715307487
-0.296405694085545 -0.0329078824595573 0.372108241581184 0.132824602654399
-0.287247144422101 -0.00864477944301211 0.32413297755317 0.0402769027552336
-0.316358853326579 0.042186193240718 0.185492252329873 -0.0743027819272618
-0.306765077082655 0.0636296241460641 0.0466011156998444 -0.18138504027363
-0.277483559823002 0.0996284872476058 -0.0819778364350307 -0.199894050918519
-0.2361216946665 0.125603768597025 -0.197896239032967 -0.131731586766864
-0.204291761265099 0.138329645024001 -0.28487820587116 -0.0844111807657341
-0.218928681542269 0.116736512003152 -0.254854137228655 -0.0107163832463807
-0.246691649979427 0.106843160804298 -0.241218856348393 0.012480673420677
-0.399772439685461 0.0836634622472612 -0.145794796786436 0.323488420160374
-0.37601368239558 0.0148974364082584 -0.0445439104196396 0.266775903345803
-0.381150006440786 -0.0302865293977051 0.100001139734484 0.17465472882168
-0.375286194031397 -0.0884211046223063 0.178468135348037 0.185718712550837
-0.394518538166324 -0.0783057950926701 0.291965375918655 0.174712808521742
-0.401149955500272 -0.0504580729889283 0.316286996723699 0.15455701757052
-0.403105749541546 -0.0353801527066748 0.273280740195056 0.115154489942208
-0.378070429316068 -0.0228884861029923 0.191149964676368 0.0280401303107611
-0.408638300056533 0.0326937898522665 0.0583955360212498 -0.0590555197726019
-0.410096170322982 0.0607641862071237 -0.0511002457879171 -0.13140712729385
-0.387471561064979 0.106665943417107 -0.135580318790391 -0.142291001079312
-0.338705312526697 0.145257347099511 -0.203708856816968 -0.0991248943244215
-0.298229293426853 0.180142411996264 -0.261326419334863 -0.0775662673084481
-0.31902086409202 0.156335226159685 -0.193092440135569 -0.0316646574022715
-0.343820956220273 0.158108300590571 -0.139197350617379 -0.0256397651353413
-0.436647732299818 0.16023177257098 0.010897738127278 0.277602864853348
-0.431816395619066 0.0984091909575828 0.0856783812688594 0.264762852992191
-0.454630582146525 0.0599829249760926 0.194720415964001 0.20266008368805
-0.464581155235388 -0.0142301256025959 0.224260346313325 0.216517815829686
-0.472880199169905 -0.022535960938259 0.256045808039374 0.192977124632442
-0.465810073988121 -0.0183192495017994 0.226646426090437 0.159231437536924
-0.45196066559784 -0.0225451196474302 0.137267667792626 0.0967195370006937
-0.409927475370456 -0.0319438405722862 0.0287196616607893 0.0118357528371342
-0.434432627058587 0.0102100773103032 -0.0887712303121927 -0.0514822674680206
-0.444388321819368 0.0293163128962607 -0.161695633674221 -0.0877554770406503
-0.432744054240459 0.069675028231636 -0.192549501896673 -0.0891409632791969
-0.38679433887645 0.111917933536981 -0.198180016042653 -0.0712468564086571
-0.348686914257853 0.166342223398515 -0.210899169887118 -0.0732422409557581
-0.37397946328359 0.154318907869558 -0.107101378799016 -0.0623165118782137
-0.390395039838759 0.175444081566451 -0.0111659402454381 -0.0830473885262615
-0.400947821481879 0.207958329306881 0.156453437358117 0.198897199636707
-0.40259457425969 0.165122809141377 0.207539111472377 0.216662350072965
-0.430362729423909 0.142892883236677 0.27080929135167 0.193426686444707
-0.446681068153364 0.0688070874913721 0.245546575034986 0.219151581544755
-0.451172090431459 0.0406636239297219 0.190392158699662 0.210303059716007
-0.446724147799411 0.0190053024866884 0.111663141308848 0.174051115462527
-0.426492964252843 -0.00418307324480608 -0.0137881234074896 0.0860379715475004
-0.379107686642997 -0.0362275246287565 -0.134957500154102 -0.00563100531787525
-0.392770011584316 -0.0172842328107977 -0.229203755047835 -0.0611597783594815
-0.403120794134798 -0.0155513210296916 -0.261921028065262 -0.0683833008604621
-0.39638188687662 0.00790408444476665 -0.24105009393742 -0.0575647052890898
-0.359937530597871 0.0439430211895809 -0.180716572187659 -0.0514443121323905
-0.335306260536266 0.110401157016422 -0.142805445418584 -0.0645425485744125
-0.367408658854965 0.118382271056756 -0.00984669598451672 -0.0877032180081563
-0.376204647287991 0.160488421497129 0.122154886763889 -0.14372299944459
-0.301555436248589 0.210553745434429 0.266486979338976 0.107818462732167
-0.304018715964842 0.184921034580815 0.290247212097091 0.141501212235093
-0.323169850892931 0.172815848931698 0.302960315097834 0.160439666394785
-0.338809403716436 0.112276063391549 0.236224734672525 0.203513903202215
-0.341094168078405 0.0733426626117182 0.114238023020629 0.225140170215411
-0.345470841204521 0.0416636337445857 0.000977964010001532 0.194412263496671
-0.330493168254466 0.00801401866620299 -0.149451063875699 0.0817360465594887
-0.291301758974045 -0.0334767625311819 -0.273165824586931 -0.0267169712171304
-0.292239424939946 -0.033348020270605 -0.339963281646912 -0.0870333605827129
-0.300400416468158 -0.0430496736465322 -0.331051691850632 -0.0776361640691144
-0.293803071449451 -0.0359710768709463 -0.268319223169122 -0.05317016134647
-0.268903602954563 -0.00869498410397524 -0.157933940794543 -0.0407816946207695
-0.261737200178726 0.0522772286326495 -0.0758595257600664 -0.0470488353865572
-0.30028011395244 0.0752735270643763 0.0779905798971609 -0.097945035478954
-0.305044164867172 0.128419123884652 0.24185811858848 -0.195805798174973
-0.160329027647641 0.164148510317043 0.326732912243583 0.0264045380545961
-0.168671621301894 0.148763550156317 0.326270009343168 0.0656660423388329
-0.176674304926446 0.139434223992639 0.301370352534073 0.12514814657302
-0.185848748167283 0.0979186856280932 0.211815496602915 0.181329326890459
-0.182665895763975 0.0642881612029543 0.0534207995010534 0.23606147903687
-0.191677062470389 0.0361840432669857 -0.0780434295768677 0.21412834351424
-0.182503570598192 0.0102595233078028 -0.243772236604965 0.0830030787017303
-0.159530958088906 -0.0227344496980871 -0.366597740055901 -0.04438317760481
-0.157136471676214 -0.0274036648387519 -0.407941927461096 -0.118325738482161
-0.168999824921502 -0.0380013918514347 -0.366291662500435 -0.101314532593411
-0.165531561119117 -0.0365985523000173 -0.275922554204411 -0.0656394085820236
-0.154978052541701 -0.0160662428186185 -0.138895423280317 -0.0365750981263511
-0.156682535656598 0.0243198815916366 -0.0261735667446061 -0.0259993472240289
-0.191910005382593 0.0519401624666574 0.141932386932699 -0.101066609246976
-0.189113227712955 0.0947662519387576 0.329491933092594 -0.235324676939955
0.00639493232289101 -0.106678026614041 -0.403575332226 0.299706101379956
0.0373842471259936 -0.0742083998434395 -0.227778213419867 0.15955550102606
0.0436912428294321 -0.0522727605890855 -0.0393342879141598 0.0290921784555439
0.0396183646599512 -0.0196370161223605 0.0947072624343401 0.0512360292621058
0.0225100521958512 -0.00623299210178836 0.270085859463875 0.0867383485195758
0.00619825773434414 0.00714291499703208 0.37753902197183 0.107826960837859
0.000515101296834684 0.0193626635026074 0.444073770358664 0.118429410089105
0.00143191926066483 0.0275276709118529 0.440219759473879 0.0381267661576412
0.00232310215367246 0.0273652126538938 0.303509159383062 -0.100957363027987
0.0116325428012085 0.010126720293483 0.138724257564359 -0.235617261383582
0.0296692386580714 0.00133444995124391 -0.0345171989083912 -0.261244597274163
0.0345115065029919 -0.0104264535606946 -0.182855587290035 -0.172476197300796
0.0318208115581247 -0.0424410519028849 -0.281716807264492 -0.0993723395669975
0.042134475035361 -0.0388405022413462 -0.299570979731938 -0.0301137994974293
0.0348683237967589 -0.0553339208591947 -0.321921932451862 -0.00172835926455706
-0.154011833093124 -0.0553080418878631 -0.368292169761761 0.323598372285848
-0.108486057127181 -0.0681555451373664 -0.20949257834357 0.187290158952937
-0.0908239471271417 -0.0737166700300009 -0.0262180884241824 0.0567622601647731
-0.0815987041890687 -0.0719281816712327 0.102273163462117 0.0812116134766673
-0.108961826955413 -0.0527326381464335 0.281701330156416 0.111657838941501
-0.13490160633204 -0.0242177887065149 0.379838754900722 0.127338369078182
-0.153367884612369 -0.00708566544817986 0.429229876187529 0.128146335265762
-0.15372278278176 0.0110422281643176 0.413713044639951 0.0386648210519913
-0.16983874779799 0.0410942265764333 0.272945843683439 -0.0920121212601299
-0.158905796181397 0.0454487815564015 0.111313517288571 -0.216856143769609
-0.131694610101634 0.0589007615020929 -0.0483570819733579 -0.236795766917835
-0.1054483841047 0.0666365892783065 -0.188586118165984 -0.149202993147459
-0.0895954002279063 0.0556890011774571 -0.290750776580644 -0.0814397158854399
-0.0933432987131722 0.0462140040983509 -0.288439450357407 -0.00180714201203565
-0.113618211099908 0.0319488619499943 -0.303701642286727 0.0258583532160097
-0.298215626115324 0.0115487525450288 -0.278290565638715 0.336258281669214
-0.255304650971404 -0.0415247087537048 -0.151059847725953 0.229150530141685
-0.240537237512402 -0.0730411922421965 0.0173448481645155 0.11151340854731
-0.228106740413465 -0.104799928051905 0.129480201234219 0.1289453717717
-0.255777244133285 -0.0832755501542851 0.293879335916024 0.138691935956003
-0.276615260335375 -0.0451517528391139 0.364218170348926 0.138197988171658
-0.293645573556718 -0.0252567763926502 0.372554903376323 0.122103216583666
-0.286958968825595 -0.00443500094771152 0.327649001708344 0.0331310428006857
-0.314181001109008 0.0481341032969464 0.187825090611624 -0.0753856343543815
-0.306634428535167 0.0708483279308386 0.0440833614061931 -0.177580402314772
-0.276289371512636 0.1043178196255 -0.0844491804918776 -0.192468652482097
-0.234304684909382 0.12962723405631 -0.197839626159048 -0.120391304983618
-0.203607725192095 0.140916023459577 -0.285696077993116 -0.0685313901420285
-0.219209206181229 0.120157228784814 -0.252448791223117 -0.000861344819763486
-0.24558336217446 0.111325920509233 -0.238312494640765 0.0178112800939956
-0.398730914156269 0.0921439404080354 -0.14403333972329 0.323532419607964
-0.374189176829617 0.0217993638725123 -0.0466052447107974 0.261740036416777
-0.380636638708339 -0.0237625998030644 0.0961555226193092 0.167355504689174
-0.377282676246415 -0.0823276162542604 0.175715787409328 0.177854360694108
-0.394908796325826 -0.0704402809272424 0.289181180847294 0.162647843179322
-0.399035815607767 -0.0396301055809901 0.316394222979534 0.142369171010195
-0.400192062871825 -0.0259955030563416 0.273200503425046 0.104905719179297
-0.378140916750871 -0.0159725476566813 0.192984602573791 0.0232859543426366
-0.406420826801706 0.0420177871806656 0.0600709986412224 -0.0576078160069674
-0.409459920252892 0.0703070178425963 -0.05232583513103 -0.125898218126394
-0.386278123746195 0.11322914249045 -0.135543359366976 -0.134051075646152
-0.336037980983239 0.151321923291276 -0.202610051678058 -0.088581973599057
-0.296692970004107 0.183590968306253 -0.260539306001646 -0.061479396812378
-0.319476751344573 0.161989016620606 -0.189920617116864 -0.023015288899269
-0.341973134972018 0.165279300350737 -0.135745839434345 -0.0220761817861398
-0.434584833531872 0.169455428737664 0.0109496334143794 0.273542291168231
-0.430013423542829 0.105442497027418 0.0850104784268112 0.256883046043139
-0.454127554935536 0.0660274726141455 0.192362387793128 0.195001771513678
-0.46519042834096 -0.0062177968454783 0.222698256063279 0.206909296023798
-0.472476271361492 -0.0138879998561132 0.255010779056042 0.181680910701409
-0.464558598287279 -0.00725788327211481 0.2284096814807 0.149230581545036
-0.448266395875844 -0.011386708096181 0.136406848923749 0.0896194427208192
-0.41189755005991 -0.0241124925259532 0.030619702163748 0.0123525414040546
-0.432671105092505 0.0197906629047859 -0.0871241969012035 -0.0473526379355977
-0.444706694746435 0.0404513443842759 -0.161755812122077 -0.0803184993392115
-0.43134344651142 0.0785423409375499 -0.19115582801195 -0.0800322195138033
-0.386002507402466 0.118648533463033 -0.196036825905356 -0.0610128881535969
-0.347529627974145 0.17069547504083 -0.2080863371223 -0.0583545513324722
-0.37322146194685 0.16107723524954 -0.103418094751758 -0.0557448207655473
-0.3870843681097 0.182929278183056 -0.00908952488559555 -0.08209885050844
-0.398060804993872 0.216226922929036 0.155802069132486 0.192528738319318
-0.400290791807289 0.171415023833178 0.20709132176576 0.207128199159842
-0.427534963333116 0.148143001373638 0.269479376265779 0.183397162277584
-0.44758472644152 0.0760305069198903 0.246343006444307 0.208895553191626
-0.450446935475816 0.0478225926737118 0.18991700406385 0.200423530113067
-0.44536169581884 0.0300472675206125 0.114553247028805 0.165154300449236
-0.423734672840478 0.00494536099743841 -0.0154616371365046 0.0822757448235997
-0.38127522244697 -0.027973558585382 -0.134039504157288 -0.00174697134372652
-0.391477337245294 -0.00819705649228068 -0.228612773432277 -0.0533908584964107
-0.403933119136608 -0.00467531537769058 -0.261218885572946 -0.0593379233858075
-0.396544595317279 0.0163150478260813 -0.23688115889977 -0.0481925956541027
-0.359658598629245 0.0516946335857259 -0.176625296663948 -0.0432843089367253
-0.334805510436282 0.114858681656633 -0.138724990480222 -0.0520997600655178
-0.366511560337511 0.125346731307922 -0.00589838798001473 -0.0833089093195236
-0.373881750537128 0.168143190196253 0.123480247247104 -0.145357891613366
-0.298768063952201 0.215093494521388 0.264509751721103 0.0991323187991191
-0.302106491536467 0.189068800790331 0.290097562252059 0.130820372705059
-0.319515638900448 0.176221269844406 0.304331700746605 0.150192184839157
-0.338393016490948 0.117069769875496 0.238526956257288 0.19276654260668
-0.33990718837135 0.0779783273331828 0.115277136204097 0.217620514275099
-0.344688355380109 0.0488867279070065 0.00430248990034609 0.187744912518853
-0.328431997376731 0.0155625323536836 -0.151809917863502 0.081737056454371
-0.293521068696113 -0.0271576891244513 -0.274136641523262 -0.0185715394533028
-0.292718593003921 -0.0266830131699418 -0.340767701052488 -0.0764299904839691
-0.301523325539029 -0.0339711184011893 -0.330443416665136 -0.0657089760455147
-0.296027474590623 -0.0279623084797272 -0.263914938010142 -0.0429259130069534
-0.270687437599234 -0.00209158159686745 -0.153671074977317 -0.0337750601931004
-0.262235759476479 0.0567130885668173 -0.0707720949652052 -0.0372035680965309
-0.299460444918787 0.0819953333561846 0.0817399080918223 -0.096300843263948
-0.303164624659007 0.134845895441528 0.243070415686288 -0.199538946170543
-0.158313548667873 0.166141938027545 0.324488038282248 0.017094758756959
-0.166989926329735 0.151792463857695 0.326519516380217 0.0546477190010891
-0.173650605503645 0.140473081501018 0.304261745285743 0.114552837164448
-0.185360099982904 0.101628890437959 0.214896596203713 0.170092789395586
-0.181836208436833 0.0670056123580965 0.0559234488727817 0.229696995807341
-0.190276530830703 0.0399290360975407 -0.0747818853731191 0.209062007336741
-0.180316621763794 0.0151442594333096 -0.245370967567634 0.0846622128416566
-0.161322875442639 -0.0184793126075985 -0.368429460206597 -0.0352953117645271
-0.158272688890226 -0.0238026127771528 -0.410506420036659 -0.106047604610778
-0.170470069928218 -0.0316375131785489 -0.365023882929614 -0.0879887253666141
-0.167822527334381 -0.0321105115898301 -0.272328198050142 -0.0551231278408822
-0.156167916663719 -0.0116181899311383 -0.134668775992071 -0.0302107889673492
-0.158599691495201 0.0268718482215189 -0.0202425890338033 -0.0184977227977313
-0.191292641196522 0.0570063225901357 0.144985523498724 -0.100096856136932
-0.188207524158525 0.0986227410660326 0.330528553150183 -0.241650205269724
0.00375397921839577 -0.109361436692604 -0.410285316315995 0.313677019411351
0.0373461518947377 -0.07693981836817 -0.233555264189457 0.165169549595674
0.0450359181702142 -0.0535511307315532 -0.0461683365272196 0.0259566080493925
0.0432048620124527 -0.0210541078252037 0.0904167530765694 0.045885531191212
0.0239474733743705 -0.00621342916579969 0.271839653262496 0.0781975282217671
0.00829949404938264 0.00730205140575764 0.382348793814159 0.0981765994244318
0.00285056685925716 0.0190830337699865 0.453465700126602 0.107328902467756
0.00357917773731534 0.0264927549285655 0.451386575503816 0.0278584343371998
0.00487643181529859 0.0269718637113828 0.310124380368969 -0.107663441846435
0.0130768652188324 0.0101007524012915 0.137399318504376 -0.237767793635767
0.0301984351722552 -0.000315057062651561 -0.0396036839811519 -0.259640384431719
0.0357554533959761 -0.0118443257754883 -0.187971492855255 -0.164159485187249
0.0313726881610409 -0.0424582597078585 -0.28827484169173 -0.0879007753485591
0.041685434399816 -0.039964114093188 -0.304238287909252 -0.0194027030758876
0.0332363869583965 -0.0568250086113566 -0.325649676875506 0.00583009713558962
-0.158855177729786 -0.0530059065545268 -0.373698533803963 0.337490068740667
-0.110522106402734 -0.0674206805780407 -0.215206706511158 0.19251415144245
-0.0916254325879598 -0.0725795123347657 -0.0323969792140756 0.0540043020142281
-0.0819982633636644 -0.0709588258012039 0.0989043867978497 0.0762635325155664
-0.110815217205681 -0.0505651602936949 0.283983293197827 0.102596433143488
-0.135688569979974 -0.0205748974845661 0.384809680913787 0.117699976125153
-0.152834175181039 -0.00400600920385814 0.438197755068277 0.117776450439294
-0.155793525522912 0.0131274364825669 0.424336918171421 0.0291421242444948
-0.170520870122921 0.0449409455314385 0.280063913856697 -0.0983324269279688
-0.160627668728419 0.0504913595793043 0.109628021843602 -0.218744391782942
-0.133502660981813 0.0615726075646864 -0.0522059004780815 -0.235158491911414
-0.106080488843983 0.0691795549975889 -0.19356136842094 -0.140689497049835
-0.0914351437479227 0.0589515634467291 -0.295598392505358 -0.0676574524862082
-0.0965083882295272 0.0486108859973815 -0.291857626166633 0.00935870725871671
-0.116084227131242 0.0354480067988391 -0.306753957115081 0.0339076133218361
-0.305047180647274 0.0180676157750404 -0.282511202039865 0.347150139960768
-0.259477674222702 -0.0365228836432867 -0.155366748689835 0.232409946396652
-0.24458588384688 -0.06892468871125 0.0115089861276232 0.107996430772174
-0.232514032738824 -0.101455572229241 0.127073854461276 0.123443385303945
-0.260704348598472 -0.0784725415085665 0.295533907670155 0.129893481562212
-0.280797229576486 -0.0380549443379444 0.370696284096634 0.128732064291117
-0.296257486145384 -0.0184294295350558 0.380679561006762 0.111533613152767
-0.293390500382198 0.000807382956820431 0.336050398128196 0.0265887406012392
-0.316924237322572 0.056034486124395 0.193443280385052 -0.0792253626582592
-0.311570353504467 0.0801765408035527 0.0425720755861706 -0.177324546732337
-0.280529549873614 0.111109619264137 -0.0888213047806877 -0.188244128488091
-0.236142721058581 0.136728985392868 -0.201732965062479 -0.111876051367692
-0.20679807791648 0.14610627572408 -0.290298824772119 -0.0533802768139662
-0.223657836302844 0.126667049856217 -0.253652319813657 0.00903305157683477
-0.248984797280384 0.11836218912897 -0.239855825087324 0.0242874263339449
-0.405550557332923 0.103002068186361 -0.144721295557163 0.329590469598627
-0.380978510538655 0.0287979106789573 -0.0490838303057969 0.262498046578466
-0.385549150355665 -0.0159477843937703 0.0940741050085117 0.163613700726342
-0.384691450429472 -0.0768432584897177 0.176200947842011 0.172785836023111
-0.401894821788481 -0.0623486846880588 0.291949960990032 0.154634843914538
-0.404516448526552 -0.0293221241028026 0.323335939779244 0.133689678194104
-0.403819522016901 -0.0166291649875051 0.278374532361829 0.0977826113313758
-0.386680125633409 -0.00889522090622604 0.199372817761902 0.0192947797682522
-0.411798056719237 0.0510187634031606 0.0638996803263742 -0.0578260563089529
-0.415804978592527 0.0820843407615468 -0.0546393216446192 -0.123283601721364
-0.391953812715733 0.123164374408535 -0.139243969593354 -0.128846970779651
-0.340680315452521 0.160639199501433 -0.205382096978249 -0.0793960332129606
-0.301304917546119 0.191655918446013 -0.262616320761221 -0.0462894895656398
-0.324970428915053 0.170961227493079 -0.188983804438226 -0.0147861044722431
-0.345441747300726 0.175475500556409 -0.135752603762338 -0.0192868273782518
-0.439534804423284 0.181674060349836 0.0122452274447489 0.275077372172
-0.435953724294755 0.114975583075812 0.084943193851033 0.254101950222203
-0.460215335758818 0.074936574488109 0.193562175426741 0.190028380395337
-0.475124068074814 0.00207180120827059 0.226239637569886 0.2016326254155
-0.480816837418458 -0.00502333863182356 0.257632724208396 0.175073219400699
-0.47139670170809 0.00474382395813472 0.233779404923187 0.142110169355346
-0.452658889592702 -0.00213419382941822 0.137278811218987 0.084956558128222
-0.420478930380883 -0.0152038060890998 0.0331666757779734 0.0118601410515174
-0.438728275105521 0.0290204903418972 -0.0869670191465143 -0.0434564232099842
-0.451146925224062 0.0533101194714968 -0.164455124959053 -0.074962014832889
-0.438831442619666 0.0888677181623486 -0.192900614622697 -0.073164114439076
-0.390941719464182 0.128484221899136 -0.196586651786275 -0.0526567683870628
-0.352357458053048 0.17897497663451 -0.207768836177263 -0.0450157522078748
-0.379709711003109 0.17209070351358 -0.100161828430585 -0.0501461767928416
-0.39125168083794 0.195337723183437 -0.00645702019422542 -0.0827879896046093
-0.402910729352114 0.228001398081138 0.15796979185136 0.189150982131788
-0.405750212940311 0.18210131112557 0.209497214735543 0.201274088900077
-0.432834626960747 0.156891796839279 0.274587903659769 0.177414775602832
-0.456514661923793 0.0853830813702292 0.251757629501759 0.202091175713029
-0.458814002843229 0.0574827899382856 0.193780516409379 0.195892163329711
-0.451898800405544 0.0408244539040409 0.118299331722283 0.160667695801378
-0.427058866068538 0.0150192242625155 -0.017414304160569 0.0797969111615245
-0.390868828856538 -0.0202598297839452 -0.135494538536644 0.00219724348896667
-0.398228426752213 0.00191766801416321 -0.231900322275545 -0.0455862463876311
-0.411740371074453 0.00758298676216012 -0.264265775940992 -0.0504069686613108
-0.403691728336574 0.0274187389990932 -0.237827712566558 -0.0404013146831667
-0.366227692616089 0.060980058271572 -0.177226429611958 -0.0356045638605973
-0.34018617940085 0.122928792188048 -0.136140022343704 -0.0408101366857649
-0.372618965817582 0.136589423344006 -0.00157631735488645 -0.0806568038348214
-0.377185316286879 0.179752929448484 0.127534453563505 -0.150137000591063
-0.301386625311584 0.225227141690074 0.267465634949651 0.0924518457708
-0.305537958410303 0.198690022622011 0.294758009295538 0.122000874949745
-0.323401764860633 0.183816299834103 0.3123398384446 0.141924241158007
-0.344205775680761 0.124984173536157 0.245610699590946 0.185128182353989
-0.346044054795684 0.0855040681963155 0.119305472486944 0.214970742900871
-0.34987806705933 0.0576233982526821 0.00674212687333071 0.185659275490364
-0.330772342680722 0.0231290092907359 -0.156469224161897 0.0834833483397504
-0.30149758637324 -0.0202911639355702 -0.278401045640613 -0.0113381767152255
-0.29935953789425 -0.0193047004675953 -0.347433669266426 -0.0664145837169794
-0.308667999545929 -0.0245724930202657 -0.334292407288417 -0.0562715199616953
-0.302896628521942 -0.0204448030245035 -0.264039208639155 -0.0338306892864576
-0.276054720725599 0.00502592271796342 -0.153025910701702 -0.027462601535294
-0.267569311469344 0.0624221305258415 -0.0662701381479165 -0.0293361025281118
-0.304088332805497 0.0906489703386909 0.0867909722128319 -0.0965573481264329
-0.30644394722805 0.144840002935718 0.24883912294012 -0.207642850433535
-0.159451407657857 0.171419678927104 0.327280230105299 0.00827310032662354
-0.167747962862102 0.157613091782564 0.332997876086027 0.0438879332044649
-0.174893008355714 0.144674556389089 0.312932787559661 0.105028889935169
-0.188231103234935 0.106633385522248 0.221624014616572 0.162187528395523
-0.185194561083588 0.0706372874862601 0.0602918189444956 0.228629861996824
-0.193372783637637 0.0449569822019887 -0.0740014092697399 0.208379626679859
-0.181631743598843 0.0192800052819266 -0.251032969112174 0.0885131838795346
-0.166239870378772 -0.0144202079478855 -0.376497576043209 -0.0259114601873417
-0.162744346620984 -0.0204676942575638 -0.421045624203714 -0.0946773775967584
-0.175250287440372 -0.026349931620454 -0.371060333192609 -0.0770234400144414
-0.173547996378498 -0.0266909549767341 -0.272749623813876 -0.0455336139108905
-0.161561325433543 -0.00667594276708329 -0.132654785607094 -0.0240798104908668
-0.16289101391053 0.0312769492254955 -0.0138695995294517 -0.0125342963849139
-0.19409294531368 0.0630936518708407 0.150880437389868 -0.102399380595817
-0.190531203816464 0.105055455709031 0.336688252114394 -0.251814558065098
-0.00106954165764874 -0.113467206107528 -0.4128351729358 0.340839606054892
0.0367987831332432 -0.0817191794109352 -0.238281427707682 0.17817918004755
0.0459820469823164 -0.0569689149411751 -0.0540356129999428 0.0240191410186464
0.0470474735082658 -0.0243090973448835 0.0866698321799403 0.0404154973988349
0.0256675565205173 -0.00738622983600051 0.276305517612906 0.0654266140238015
0.0104423583215526 0.00718281803244591 0.390818888155346 0.0822285786259206
0.00590908461380222 0.0185356977849582 0.468745889491235 0.0884705448893603
0.00628607593685891 0.0255205543932883 0.466145176756315 0.0076379097474613
0.00718236781743348 0.0265396580332367 0.316662652614418 -0.121617899239083
0.0139093643389218 0.00925188210443649 0.132214556615933 -0.243922193203877
0.0316288182507119 -0.00281693366739776 -0.0496208529553649 -0.258493562730172
0.0372519605167055 -0.0139945539261049 -0.196895653462373 -0.154408306656185
0.030597912625919 -0.0438477329680311 -0.297519530998959 -0.0704798097977045
0.040981228143913 -0.0422320783666354 -0.309669951289404 -0.00331077011472709
0.0312489790688236 -0.0598118793403543 -0.331267654737407 0.020066507607858
-0.166415178518576 -0.0479459382019535 -0.374814352392249 0.362862902795941
-0.115495364161134 -0.0653472216689495 -0.219438369092361 0.204105070815849
-0.0945816801629557 -0.0702672022255982 -0.0398553638770627 0.0533042321604685
-0.0837168347994386 -0.0695173414110708 0.0970171704823667 0.0709532172048521
-0.113546065740855 -0.0465924047402027 0.289857463728683 0.0892888594693368
-0.137361046272953 -0.0149231827329588 0.395806017174399 0.101698783558925
-0.153903178213298 0.00237391808405066 0.453358929893034 0.0977980923075197
-0.159019258113909 0.01884940163812 0.438872798421299 0.0111778998015313
-0.171597095990366 0.0524820629713297 0.286838620676991 -0.111258315545677
-0.163200259243345 0.0587192297726639 0.105397580411562 -0.22387553444768
-0.134823493714331 0.0672016579994315 -0.0624100653869853 -0.232706417267175
-0.105803166627196 0.0748668428117917 -0.20187028610775 -0.130053203835143
-0.0930142523863835 0.0633968824258591 -0.30463995665184 -0.0480055389321458
-0.0985077665315822 0.0541276572529478 -0.29555380957492 0.0252397988704446
-0.11901158340283 0.0413237977409439 -0.3112189298365 0.0482623699885331
-0.312988929296188 0.0328147464240094 -0.279770740287063 0.366110943956905
-0.266463715224753 -0.027385610089455 -0.158165905584762 0.242322023782859
-0.250657698058381 -0.0609061831637321 0.00868944903762133 0.106538082152327
-0.240718955718242 -0.0947790951353842 0.128182667954281 0.11891263671154
-0.268607502512065 -0.0685215399358203 0.302854852705577 0.116824990439501
-0.285783975015955 -0.0259896038938009 0.381695081528343 0.113035016118793
-0.300024311383841 -0.00628431841333925 0.392891257575546 0.0954403835749793
-0.301025940015355 0.012242126973213 0.347801240025782 0.0110087743171321
-0.321484701721381 0.06995960639412 0.1992838901247 -0.0880041403704704
-0.316507200228063 0.0957044974290124 0.0382715834220705 -0.17886159037885
-0.284367293626545 0.124360969760443 -0.0969700156560983 -0.183633990418046
-0.23727602791112 0.148570779312324 -0.208994090204203 -0.0993422761690158
-0.208860234357309 0.157613690530594 -0.29660955476856 -0.0331587924141513
-0.227293764269785 0.139232043004951 -0.255282924999067 0.0235402293342831
-0.251824371433515 0.132271856102369 -0.242260752117913 0.0344579450194974
-0.413148635557838 0.123139588035605 -0.14109804372358 0.342228111728866
-0.388633901083836 0.0448599556098567 -0.048269561402627 0.267740336879688
-0.394998727553537 -0.00238450390902976 0.0952639770462088 0.160487405386883
-0.397740098676432 -0.0636767926003283 0.180649382317329 0.166292893523078
-0.413584788321595 -0.0475551603192992 0.299400281560617 0.142371269364736
-0.413930464574526 -0.0123502218513838 0.333806467427044 0.120060866714654
-0.410194431081053 4.33680455922559E-05 0.286085920307855 0.0851037003414122
-0.397809980129252 0.00594703396911471 0.206839901563012 0.0109183308632429
-0.418176877313878 0.0691251586875969 0.066327694523833 -0.0602012364420525
-0.423099501167689 0.102981201439168 -0.0586706645843267 -0.120510183690262
-0.397763060510592 0.141480547005574 -0.145497506516451 -0.120872764310054
-0.343282907652951 0.177651601097528 -0.210706868255876 -0.0673984462813119
-0.304302908353847 0.206424172666345 -0.265817518615356 -0.0269132662912989
-0.329741313974902 0.189468961886448 -0.188765688107287 -0.00349473976452333
-0.347959698732312 0.194388011047046 -0.135550059105873 -0.0144492423167491
-0.44649122190394 0.205926499871451 0.0178159971102811 0.279461602067402
-0.442782626165225 0.135534184352309 0.0895166169982918 0.254048797143675
-0.4689712112135 0.0928455733232013 0.200086980842953 0.183361830539966
-0.488127410123182 0.019078060128754 0.234933201740614 0.193121452939221
-0.493165943928884 0.0136136780557133 0.265934515654081 0.165946913013351
-0.481559583503671 0.0243677622789086 0.243556161241439 0.132528981356992
-0.460276303435592 0.0169986702924997 0.141509889701952 0.0784253461016835
-0.43386441244057 0.00147736403323901 0.0360817169821246 0.0109279913921805
-0.447881121560656 0.0490915803147988 -0.0877904133544028 -0.0388743308084263
-0.460603999547227 0.0758037061832738 -0.169408546014654 -0.0660761370903517
-0.447162469634709 0.109176422980727 -0.197634523404218 -0.0628583610380209
-0.395716427227728 0.148012378335118 -0.200435799751928 -0.0411505962922907
-0.357563371483407 0.196193217192212 -0.20831533845295 -0.0274232871342611
-0.384668289667157 0.191580962121477 -0.0985987254113788 -0.0435468021484887
-0.393834467878632 0.217549820621876 -0.00487779454287014 -0.0849759491457661
-0.405705234853315 0.251050983521895 0.16423765128787 0.184704147454163
-0.410080586967087 0.202651907914487 0.216784146882959 0.194162621305876
-0.439624731225224 0.17631507204133 0.285252733239656 0.167600586467825
-0.468235312763599 0.10316566171678 0.262902365607752 0.192994242371139
-0.469757201185996 0.0750865422235965 0.202694437746198 0.190272187411373
-0.460608831975744 0.0613398576519028 0.126213372918854 0.155467620308648
-0.433426263391115 0.0322688865750875 -0.0184212149301873 0.0803470218678005
-0.403499789469538 -0.00436685916232077 -0.136899717774281 0.0092101619477104
-0.407872676158321 0.0192733962154088 -0.237616531269197 -0.0349428301147258
-0.42088166371342 0.0277840701173877 -0.270089822837406 -0.0378145606236164
-0.413860433592251 0.0448837890539648 -0.241089042949407 -0.0273933645029477
-0.372565261668601 0.0783420746025299 -0.179272168599876 -0.025420591080547
-0.346064797715352 0.139124130044179 -0.133455372350303 -0.027977173222383
-0.377504376720726 0.155570320058639 0.0015216970019579 -0.079237410847702
-0.381083319282256 0.200263167815071 0.130661624949596 -0.159344104270635
-0.302641589900749 0.24423791841294 0.273564763910277 0.0818196014125778
-0.306631313926476 0.216111774380158 0.304207277023397 0.108869350659259
-0.326648027536585 0.198680738226558 0.324538640742109 0.129634998827253
-0.351057660112802 0.141049093915478 0.257324999870329 0.174344630226512
-0.353481069401143 0.0999861906210016 0.128338095902746 0.21298352328253
-0.356372805990245 0.0731588867686903 0.0125277343620312 0.185219788311938
-0.336583458510112 0.0368588190087091 -0.160613030116605 0.0896187744997355
-0.311716649655643 -0.00787842820961711 -0.28537768669964 0.000894239559729125
-0.30767080170262 -0.00642435672939998 -0.357051096077114 -0.0497351410364397
-0.317008521205835 -0.0092535304129005 -0.342388484489747 -0.0398742594150098
-0.312479605725067 -0.00664312142979788 -0.266920473604184 -0.0206810343175677
-0.283747156507198 0.0187578126090774 -0.152442799510597 -0.0179643061810246
-0.273435743001958 0.0757626932155484 -0.0608809733162735 -0.0207866095270355
-0.309259303181839 0.106697569186064 0.0911598150008989 -0.0994359642735547
-0.309219269209967 0.161075127607592 0.252823644185039 -0.223922132231188
-0.158284743009689 0.182643344385569 0.33259573039539 -0.00721810265065594
-0.166157370277446 0.169388510866063 0.341496652799929 0.0268951529170821
-0.175787946121836 0.15346864915487 0.326341201831477 0.0900192659128477
-0.190899765447226 0.116281983188799 0.232997754780327 0.150741964890831
-0.187971351723823 0.078829280745209 0.069204296890972 0.228576148767109
-0.196682641834652 0.0536934046207401 -0.0684134387933502 0.212038871307809
-0.184045048429031 0.0267656361406203 -0.257897611767058 0.0980519847913839
-0.172526774561225 -0.00697203885187 -0.387154972404929 -0.00964941083671946
-0.16829727363256 -0.0132197577494734 -0.434592770786877 -0.074990567279363
-0.181102345556441 -0.0169082001943653 -0.379470042657972 -0.0582794333310716
-0.180630878177648 -0.017846275024293 -0.275262188903764 -0.030938573528431
-0.166767643173287 0.00140743409336641 -0.13226565208673 -0.0157803599958091
-0.167792718278206 0.0394688910469095 -0.00673940267391364 -0.00742767198168481
-0.196455178540482 0.0730533739092099 0.155811113727991 -0.108995467035497
-0.192344334462034 0.116815412881867 0.342712058529409 -0.272588792996737
-0.00830670363041695 -0.115570394018278 -0.40302252027908 0.370336862062724
0.0315105141170582 -0.0867211036049994 -0.236013627234579 0.19390207917389
0.0452812858341334 -0.0616809615265934 -0.0625148429085409 0.0245467601641731
0.0503716681216458 -0.0294247264895512 0.0820833273315571 0.0344314327666348
0.0271316004084351 -0.00879944930957205 0.278035629037248 0.0456693472995179
0.0123016263614989 0.00600456296054894 0.396228443263002 0.0570356284386345
0.00936739808220617 0.0167819993679989 0.478985501229607 0.0583639213346368
0.00870399597527259 0.0242982144710916 0.475169397070983 -0.0215602127706649
0.00968332025071992 0.0247699441989664 0.316412781365398 -0.14066004332466
0.0159546615918863 0.00800704359970806 0.122024990981218 -0.250750140963749
0.031827782800759 -0.00598745721196951 -0.0637663435978994 -0.253872044888965
0.0373092253534384 -0.0173329331794304 -0.205946794208221 -0.138821016550463
0.0286965467951944 -0.0457762857367171 -0.303494825229079 -0.0476574663182776
0.0393853174768808 -0.0449467312819272 -0.312326210967562 0.0186027740659472
0.0282125114088804 -0.0620798959251994 -0.332885687058886 0.0414232093031889
-0.172145807682555 -0.0376148348177063 -0.364167506259956 0.389808371143032
-0.120550085994471 -0.0601782098990615 -0.216325263941069 0.219591204337615
-0.0974118180421402 -0.0658485237036901 -0.0457254006941383 0.0530670231754659
-0.0867406187095813 -0.0669284006833533 0.0951209445640935 0.065041463370892
-0.116577372861095 -0.0397436081411077 0.293606525769329 0.069981266595437
-0.138318124013688 -0.00634346928025258 0.403293432720612 0.0755238219127281
-0.15247778638661 0.0111447365139832 0.463787821592577 0.0691074736977984
-0.160059617658871 0.0274430428237186 0.446952250668842 -0.016774768592096
-0.169271165899681 0.0620492707726725 0.287203253215736 -0.128801206390598
-0.16135046920366 0.0693790059275506 0.0952925550355198 -0.228917950867547
-0.133550754302548 0.0753971377949983 -0.0743526857223529 -0.226607765301675
-0.102510151389055 0.0810169910882789 -0.209461671443309 -0.113616671327224
-0.092170884857456 0.0704253601420085 -0.308331837571835 -0.0235359044729624
-0.0984596027418665 0.0613394815691843 -0.295074444398523 0.046582100477888
-0.11946954054532 0.0488899435996504 -0.30982892930195 0.0685027379255499
-0.316624402363368 0.05303857457082 -0.267634540855843 0.387867388240307
-0.272080239586364 -0.0126124693639755 -0.152795310150307 0.253758531090774
-0.255905314310911 -0.0475751978653344 0.00567712773344089 0.105447381626185
-0.247944757773653 -0.0831962627536736 0.130102241070607 0.110371139421898
-0.27493535185806 -0.0531165630278466 0.307567266854254 0.0975814172079484
-0.289057482667946 -0.00874399343122241 0.390274371522129 0.0886057291164897
-0.300291006796593 0.0105728918985952 0.401478663241144 0.0688152047325342
-0.305240432225523 0.0288362241273767 0.355723486512396 -0.0106815438133288
-0.320308025806474 0.0893203032882996 0.200139304909205 -0.0999682963039348
-0.314825846560991 0.116564511270325 0.0308382742219444 -0.180213409801677
-0.282481190479768 0.140936905154752 -0.106361082176918 -0.175224843683753
-0.232218264602343 0.164183518622832 -0.214621810358972 -0.0822653340907842
-0.20496798667499 0.170907042210133 -0.29808266715096 -0.00743074368520787
-0.224988499409748 0.155476494092985 -0.252181611295215 0.0423216411294354
-0.2489172227296 0.149374766932948 -0.240312448453238 0.050171642747841
-0.412663365872314 0.151916205520527 -0.128730128396408 0.35446299527551
-0.391648674590324 0.0682200527543966 -0.0406894505658044 0.272579866474694
-0.399911820820861 0.0199259247486969 0.0980797047638493 0.155386236365646
-0.40682517279751 -0.0426413292797431 0.186256876858524 0.154932653511609
-0.420702424404884 -0.0242048954553399 0.306764597200383 0.123287435267507
-0.418011710060857 0.0128780558185877 0.342533695594396 0.0981351184976756
-0.411346337381626 0.024148538886002 0.293057308564693 0.0655869894907514
-0.404397773814225 0.0291700260319283 0.212130060012761 -0.00267178998931595
-0.418872737047563 0.0951140164847958 0.0674643058835885 -0.06445021293828
-0.422747423066675 0.13183062157054 -0.0644057561312443 -0.114530635095071
-0.396657405631419 0.166333184405968 -0.150998168236721 -0.108920467840369
-0.338125838556291 0.199993013782727 -0.214032036328391 -0.0495832414561626
-0.299478369231461 0.227035756722174 -0.263912977032908 -0.00256131435957666
-0.325330719194803 0.211817858415026 -0.185043468157775 0.0109393768085938
-0.341893723896346 0.219164698344578 -0.134425119027081 -0.00619757481714133
-0.441204245005096 0.236622973264893 0.028297921344186 0.280479484798869
-0.441026842394757 0.162737294850068 0.0977345728597148 0.250842178313734
-0.471788646547694 0.120253283840099 0.207761267943506 0.172244528849852
-0.496332170904579 0.0468112218140288 0.243594956191457 0.178590312970755
-0.499694444511683 0.0411029991498008 0.274564990534306 0.150397556745159
-0.483975907326904 0.0540290200226723 0.252229676853977 0.115934711773238
-0.461098595754065 0.0440083547283403 0.144759796294359 0.068234475384941
-0.440786727499161 0.0274271206062928 0.0392979569901502 0.0087743837597312
-0.448967445591865 0.0765851394202505 -0.0882871311646264 -0.0321448936290195
-0.462041838976163 0.107010114383488 -0.172301641791178 -0.0540431914233675
-0.446885404003712 0.136908590842966 -0.200037477279322 -0.0480118108723048
-0.392839975544707 0.173514578789332 -0.201015594584371 -0.0243116345625075
-0.353699026683033 0.219260357768627 -0.204186998851675 -0.00746184983631157
-0.38069959238233 0.219556138115305 -0.09500332594072 -0.0355426349802471
-0.388286979075966 0.24488073109991 -0.00495829350060165 -0.0860088905418214
-0.398338002587262 0.28077897892288 0.171958803402247 0.176184244053589
-0.404896615803106 0.22970845613081 0.225364434942035 0.182406461696508
-0.439205151932186 0.202924335790473 0.295480628666375 0.150252620504658
-0.47177800230623 0.131933453614273 0.273319149175765 0.175194855872536
-0.472787176576317 0.102944825235067 0.21288128124956 0.179234054606972
-0.462953692333211 0.0890083083306603 0.135251219451173 0.146652407947378
-0.435133477174471 0.058031397023718 -0.017292880636386 0.0809655331436824
-0.410882512116479 0.0207565283029766 -0.136650965813935 0.0175084563077318
-0.411412282905992 0.0440087270486155 -0.239708265242653 -0.0183390624554195
-0.424043522091462 0.0563734298138954 -0.271988313450565 -0.0194091146878777
-0.416780303839372 0.0717398916743437 -0.240790991803186 -0.0110338540826195
-0.372364469506807 0.103956601961421 -0.177996938127512 -0.0100201972245907
-0.345251343611124 0.161383121527261 -0.128502998166069 -0.0131114003439853
-0.374873431144375 0.181613217381152 0.00364522535954053 -0.0781563374757958
-0.374729188636291 0.228042017880816 0.129687889151954 -0.170470895348396
-0.293426742737818 0.265562546212938 0.276599565525353 0.0650730114162454
-0.299210779139675 0.237340709473923 0.310998049293472 0.0902140114195777
-0.323487520075854 0.219750852699673 0.335956019648507 0.10856657716118
-0.351506763076882 0.163907719111721 0.268462844121606 0.156499965691589
-0.353984024145553 0.121116168472875 0.140917202171584 0.205921205688746
-0.357121273851687 0.0958595205403689 0.0219442450345078 0.183602129948991
-0.336605145452891 0.056320893239251 -0.161395545616645 0.0984695198179156
-0.317935935831458 0.012088525598366 -0.288005242611325 0.0191589284707853
-0.311883904089638 0.0126353735551278 -0.363017292371189 -0.0249038064477621
-0.321806873887706 0.013190302233015 -0.345035539091324 -0.0162094968182465
-0.316862719085024 0.0143573375717305 -0.265510350276872 -0.00170583404470114
-0.286083779197662 0.0379450272399753 -0.151523616863495 -0.00565946151414568
-0.275176238806219 0.0934753169227851 -0.0543669992486831 -0.0107106848650031
-0.307751166281 0.127523467296388 0.0933979775916908 -0.103632487616053
-0.305172156525517 0.183331156120713 0.249287796364797 -0.243669344401087
-0.150445267608753 0.194836361745239 0.332366857827137 -0.0281596833441372
-0.158844696163876 0.181467984463479 0.345546207583824 0.00363544675642427
-0.172328501858525 0.165056429828108 0.336307660975383 0.0675251188322209
-0.188761093889927 0.13020140967432 0.243422693712777 0.133116320096565
-0.187596170859117 0.0904784528755452 0.0825177372772368 0.223943319636425
-0.195773205996681 0.066368553037833 -0.0593169540165128 0.214761584817131
-0.184496793695515 0.0378882493681468 -0.259679589479879 0.113644587294002
-0.176831579578055 0.00372774129723773 -0.393308387216016 0.0148400600283681
-0.172300534733797 -0.00222201423070135 -0.443531924497938 -0.0449684298028439
-0.185030168042199 -0.00347672652756539 -0.38424479149686 -0.0338510067189636
-0.185421407569074 -0.00511083961986139 -0.274957826460482 -0.0121420698709774
-0.170100291658763 0.0144923687415623 -0.129784632119557 -0.00528606428858302
-0.169805516736964 0.0507954442881696 0.000491908566452823 -0.00302112070120027
-0.195184186796334 0.0876719379668587 0.157551562206862 -0.11882427877048
-0.188881851340906 0.130584344072139 0.33719410599693 -0.29894093175695
-0.0331236228007454 -0.100187112967424 -0.329349373681006 0.430133948974661
0.0116867396963747 -0.0835373697082057 -0.198680943019003 0.232018950363162
0.0336791998327125 -0.0696025851411518 -0.0629836466683156 0.0389476511867548
0.0472391628732997 -0.0415361094247599 0.0798721926950194 0.024538041634227
0.033365821233973 -0.0154751478095847 0.274586594041991 -0.00253994662911055
0.0235181048838452 -0.000362811411564669 0.387494123227542 -0.0112110783269903
0.0213153745443199 0.00895422103423495 0.473226183493714 -0.0271204156295911
0.0183711704085514 0.0156460674979058 0.457944308422202 -0.0988144832551902
0.0150347219274119 0.0164158442962047 0.293651026432749 -0.183218952142503
0.0143542398724299 0.00266213997396207 0.0883839788020214 -0.261381399364551
0.0274927054926699 -0.0118149251041835 -0.0953714506497638 -0.234017543221716
0.0336281032157581 -0.0213315729180277 -0.218118526455474 -0.102944418626959
0.0225150250344572 -0.0446196142441181 -0.302809215538419 0.00174449197455262
0.0343174538426995 -0.0476476624015195 -0.304492646656458 0.0637275327874928
0.0192225946396341 -0.0626292179665489 -0.319725587570941 0.0853163673140529
-0.177147445866262 0.00720761452007734 -0.287347262425853 0.433490587539223
-0.129662289977053 -0.0282729434745032 -0.174833676009062 0.246717165258993
-0.105870251612711 -0.0457666061343969 -0.0381718344483374 0.056779587993269
-0.0926159903351123 -0.0508669416599929 0.102519648899616 0.045626471155542
-0.111297931553784 -0.0199729983172813 0.296292980751874 0.0125130671859121
-0.122261071700697 0.013390432027006 0.400918439783248 0.000263907874022486
-0.139648528578375 0.0330940892266273 0.46617842946747 -0.0164814250051795
-0.146464090009941 0.0449596929210285 0.43378900991344 -0.0924237000271557
-0.155665450324975 0.0850712263642805 0.267824450494628 -0.16896069147132
-0.150148818492757 0.0937603350121021 0.0678217725007381 -0.238739836605466
-0.121606144325159 0.0950923310218083 -0.100662583376803 -0.208329766911729
-0.0873343227088816 0.0996842498128768 -0.215343146569121 -0.0806646225003135
-0.0785722134212539 0.0881294057184971 -0.298442611197161 0.0256932393839388
-0.084196158493286 0.0780768882300961 -0.278069816714365 0.0916660925116072
-0.109537269034008 0.0697567662010696 -0.288059782601327 0.110967183073308
-0.299763556309772 0.122193432086843 -0.195699892642631 0.406488674824728
-0.265120873146738 0.0460764678952054 -0.107609460150597 0.261712168752048
-0.256048812159476 0.0016493445218597 0.0234401830167897 0.0893376668895061
-0.252336598708995 -0.0337861573252496 0.149416953355188 0.0759594459539387
-0.267150005191647 -0.00516470959378463 0.317454868948839 0.0306184654266371
-0.268637420930422 0.0370696139463211 0.391213689576506 0.00966040073448555
-0.286641763448018 0.0603620307033632 0.41117075127505 -0.00611256593543747
-0.28875344532467 0.0714794336820219 0.345521024840976 -0.0738923473467892
-0.299993669323708 0.137775654410116 0.185991688207244 -0.128756702027415
-0.292071935716838 0.168178862032922 0.0123028971852169 -0.182689343936375
-0.254758959624352 0.185452174273448 -0.122323843184499 -0.156204975706516
-0.201210497772802 0.203842630074626 -0.212290248246792 -0.0515439644370205
-0.174576853390512 0.204783309412384 -0.280096985610706 0.0384079023197789
-0.195015162592297 0.189621194375984 -0.23203720293895 0.0837864332784796
-0.222752804232729 0.187889618357816 -0.217073317220873 0.0852689925531389
-0.372785014173877 0.235294246613798 -0.0685730471391292 0.34440731611271
-0.363345623197311 0.145008012737166 0.00231727789588092 0.254546242905107
-0.38351374306306 0.0931245797881519 0.121832018681779 0.113027030808322
-0.398794612877729 0.0370678675410535 0.214209956856621 0.100663093722895
-0.404602932465376 0.048061980576518 0.32125216270855 0.0514697039914194
-0.390716125954658 0.080239316561666 0.349118342862666 0.0227708862525066
-0.39561003652938 0.094919908848262 0.307288427292036 0.00793566696540757
-0.386836777308705 0.088933367158718 0.208124567272897 -0.0437168480719254
-0.395519752642763 0.16253739776396 0.0602905211946103 -0.0749540469939607
-0.394399278724787 0.202561928227646 -0.0708049737563873 -0.107034230906661
-0.36098057997966 0.230300332801466 -0.155654943496227 -0.0872829366115218
-0.299196668548196 0.257818445896087 -0.204319061447232 -0.0207523580138959
-0.25826565744722 0.273193284500819 -0.242333337245207 0.0374288382070908
-0.286481154529408 0.26155947764705 -0.166789466588927 0.0444774017504104
-0.305496619821721 0.26889610130713 -0.116979305770967 0.0161281849151862
-0.38196771963677 0.321852083526126 0.0681676183182326 0.244937646227205
-0.392484648568015 0.243688107348985 0.130958553288253 0.205812255387361
-0.433975922054937 0.204279076324465 0.229505503435125 0.104457115512796
-0.469462369083797 0.140333867768063 0.272902265845243 0.105779884109585
-0.471347658178857 0.125425433645599 0.293904188379704 0.0787391611666282
-0.452091156959091 0.131382995095377 0.26424319597707 0.0514948667809649
-0.443756987553406 0.124780293010853 0.1650049601714 0.0345966795642806
-0.424328614372836 0.0947080473518216 0.0419832398199889 -0.00578877733498078
-0.429127866151551 0.152739778795167 -0.0872203441801395 -0.021511119068446
-0.434757847137047 0.186675725215243 -0.167995356597991 -0.0325824851078876
-0.414285536599721 0.209787355663525 -0.193078051244183 -0.0215924723874075
-0.357155804671044 0.240671258849814 -0.186042947692358 0.00227954857583848
-0.312004970594433 0.274034356521434 -0.181818071839909 0.0244556718098846
-0.339603210830021 0.27629229346532 -0.0827052689343366 -0.0126589430377717
-0.347108238809244 0.301385035791425 0.00104180086464864 -0.0794746533593411
-0.331651321748953 0.351231020887145 0.187699504911272 0.121143001856708
-0.343213082128478 0.29879264112454 0.240979893267367 0.117623005542862
-0.38686768757051 0.277261302419845 0.307824450646811 0.0669587719617009
-0.430145120803182 0.219348949471392 0.298433022745238 0.0957717847766876
-0.437516929182554 0.181703561232139 0.237272592508518 0.117058848241908
-0.428009087408543 0.164069000990173 0.155591707260881 0.100724042715579
-0.418534598405282 0.135944143457223 0.00804700132459639 0.0741630572651773
-0.398429548057215 0.0858322973704246 -0.127974096913146 0.0329022084942152
-0.398504202771954 0.116282216867049 -0.234119255540697 0.0161249668866365
-0.405190667190854 0.133480538626477 -0.261376477674488 0.0164425477169655
-0.394762913556734 0.143188199119175 -0.226929364265949 0.0212088443972273
-0.349348829168968 0.168172550488325 -0.161667411229717 0.0140541473268309
-0.313008706839128 0.215376782931489 -0.107768899311547 0.00864958886059292
-0.340209016837114 0.237776999806808 0.00844871532903285 -0.0684269072763697
-0.337503112317564 0.281891612755028 0.120970815223157 -0.180483796109623
-0.231568865192223 0.314074467312707 0.270361222884908 -0.00032850209624357
-0.239349902367518 0.284487555330004 0.308111354241806 0.016638328525401
-0.272122565538667 0.271976057394787 0.339882795688661 0.0240100482353941
-0.308149378650734 0.227439510255238 0.286722781587837 0.0814068926606339
-0.320875126549358 0.180769090131059 0.169641426225014 0.159937586959192
-0.327620613983681 0.15601053926176 0.0504630119936591 0.158104321238929
-0.32401436259988 0.119648516044518 -0.133117141779888 0.116285166658289
-0.310739150414412 0.0655040501822278 -0.27541765438753 0.0610159208501896
-0.306794805353185 0.0710147911983711 -0.356280634290316 0.0286050162758079
-0.311098299534829 0.0740769504074099 -0.333280514368686 0.0310297537424955
-0.307045816104715 0.0721502541186761 -0.250311921372248 0.0346935418047945
-0.274437747759962 0.0906999593737531 -0.136591076440382 0.0164215418009762
-0.255496457293059 0.137642205087817 -0.0381578540308782 0.000597111626077959
-0.282663512395947 0.174563960250058 0.0901721707984643 -0.108735860052817
-0.276744836239274 0.226626872624274 0.22695783541618 -0.269208064516953
-0.106699515450053 0.215314962699673 0.309006340923022 -0.0919045952166024
-0.112396797312734 0.2021281258109 0.329165362709915 -0.0681178704454221
-0.133813382409002 0.190903697639003 0.333576602499736 -0.00789041175050673
-0.15573307378014 0.164203233710369 0.255832298546703 0.0704482986818867
-0.164356990484616 0.123365863346829 0.115475110227645 0.193703491501553
-0.178448977815399 0.10212530329993 -0.024445585164226 0.207639619979634
-0.177250904960688 0.0751407799426033 -0.231591971751722 0.149703936561801
-0.175581444901084 0.0372009422966397 -0.378379200744902 0.0757043993026796
-0.173832421061332 0.0329617895658835 -0.440523078778954 0.0230224912969827
-0.181295461446986 0.0354508177716088 -0.376479459980372 0.021728959683563
-0.182525562188634 0.0321263035565337 -0.262031262828763 0.0274246640625417
-0.164654343165855 0.0466600623419105 -0.118028072589339 0.014177817405878
-0.159692317722468 0.0789340515353889 0.0129879370602491 -0.000472751659315292
-0.180008099755781 0.116899978940828 0.148742021185552 -0.134498082372218
-0.171223211321216 0.156753923582872 0.302879413326346 -0.337747228198288
-0.0369629639650384 -0.0964388671401442 -0.305554240264964 0.435038453747148
0.00710954660028036 -0.0819790372036291 -0.186927995974079 0.234314252005599
0.0302851335789677 -0.071213789355655 -0.0676530725118884 0.0418928914758793
0.0453053933811117 -0.0461000413989662 0.0734463775301484 0.0217178432517988
0.0332116405976198 -0.016984371172882 0.260811417227511 -0.0164157865497438
0.0239904880210482 -0.00174299228574745 0.371177406992622 -0.0293669558689121
0.0222343519248389 0.00496475325846718 0.455679826705398 -0.0501298142077957
0.0190709029321724 0.0129993096141662 0.442468681261728 -0.119423249615299
0.0159521562755564 0.0138968178935583 0.280348903896343 -0.190911601655227
0.0141616250209338 0.000521070460132275 0.0767810916929624 -0.254982142042283
0.0261225790167602 -0.0139576499943909 -0.100326520671061 -0.21933162759785
0.0332032262741817 -0.0239209991609202 -0.212416826917416 -0.0867674215493903
0.020051429897358 -0.0436844949062415 -0.289676949278187 0.0184559912831584
0.0318878425982253 -0.0483199058203127 -0.289777778096278 0.0771831439386022
0.0154167172114843 -0.0612536504780865 -0.302975748713443 0.097563842321151
-0.171472338648737 0.0157720357012453 -0.265611244142343 0.434194264293036
-0.127199821739102 -0.0218114537893867 -0.163886847325448 0.248737481103535
-0.103436980535277 -0.0412002145074238 -0.0425669408616892 0.0584130385763362
-0.0909296459109318 -0.0470691076732474 0.0962121718429331 0.0404663950962881
-0.107347767803732 -0.0138806214824093 0.283134571572608 -0.00345069856383031
-0.11613142470817 0.018856447948577 0.384430302152546 -0.0195683478715438
-0.131503699346531 0.0360996592269538 0.448485466872576 -0.0386257786619846
-0.140808393917853 0.0496926128536861 0.418796298010579 -0.111839858610988
-0.146865642681091 0.0881434982291218 0.255564634810268 -0.176600671589214
-0.14109232405447 0.0971437795957038 0.0585017387834531 -0.232434610918621
-0.114548664410502 0.0970745140284641 -0.10369628636599 -0.193548584096275
-0.0810569733745905 0.099569610753076 -0.208425862319363 -0.0637648165558117
-0.0737219783089265 0.0893616538296516 -0.284143937161107 0.042690247979082
-0.0799792104014907 0.0799234556115596 -0.262881743985839 0.103324149443735
-0.103826087342132 0.0722346579528296 -0.27154235751116 0.120599130213553
-0.285002260205144 0.134257189745014 -0.177124943113968 0.405276745256202
-0.255193792722717 0.0566847894980528 -0.0987290015017217 0.259852751738993
-0.247842303470334 0.0121612629383857 0.0197442080215091 0.0870341238041936
-0.246491324494528 -0.0225399506271409 0.143664979469949 0.0675100194864118
-0.258709135409009 0.00668738408971838 0.30450761049119 0.0139377243727996
-0.256877085619621 0.0484790018176387 0.377588929748133 -0.010765706973215
-0.272584852788253 0.06923079145324 0.394643014087681 -0.026458651339066
-0.278539247682914 0.0822881220309011 0.333725900856321 -0.089764094885734
-0.284452551419615 0.146150771713513 0.178793702749048 -0.134400216713827
-0.276194435719336 0.176327945292736 0.00702865194995222 -0.176129101577337
-0.241516897954726 0.190599596916274 -0.122214124619019 -0.142325825324046
-0.187206834478143 0.205688403746155 -0.204425971563867 -0.0355489563488775
-0.162277608903587 0.207223076557315 -0.264710253210679 0.0550182732062352
-0.183506909704813 0.19387407474405 -0.217589201685811 0.0918955060700224
-0.208046652237178 0.192605167284768 -0.202931713816546 0.091538871638006
-0.350627489788474 0.247499262463152 -0.0575583248599424 0.337653288290494
-0.346576938387605 0.156527585568173 0.00684505308296406 0.248652837230739
-0.368021824234843 0.106810985477836 0.116226886042045 0.104689024306449
-0.386657887631623 0.052177448340847 0.206556611012709 0.0877248019270252
-0.391021970314575 0.0646265878370834 0.310823994783449 0.035267817245236
-0.37408267987607 0.0957348677942679 0.33719125394264 0.00430410441960326
-0.375952234395016 0.107852603706417 0.294489342194707 -0.00811389835595521
-0.373262337531426 0.104006971188636 0.201593093968884 -0.0538217894701804
-0.37639064599888 0.174446321397841 0.0585258580205364 -0.076331769054026
-0.372090569972476 0.214056876442371 -0.0708577061251411 -0.0993194884377199
-0.342275959597523 0.238482684006757 -0.150435658438568 -0.074550344090969
-0.279396113671537 0.262611310777859 -0.193940621970361 -0.00735942979115762
-0.241930054589972 0.277707122070267 -0.225438012617762 0.0520640231824633
-0.267730370511909 0.267495968651099 -0.15376922451375 0.0503254859276205
-0.284674180035808 0.275918773656972 -0.108306214296592 0.0192390625750276
-0.357058223390098 0.331468463293828 0.0711741980145049 0.234962472814376
-0.370945540219134 0.252880541785668 0.129413261022563 0.195859052730843
-0.414209319723062 0.217328362583317 0.222429667762436 0.0913851524266155
-0.452791866417347 0.158119967193126 0.26431328252493 0.0900710781079941
-0.454489252668993 0.142590608071126 0.286708657346422 0.0630192909871557
-0.432311079971882 0.148552761913253 0.257667195097384 0.0364687857655605
-0.422109517071256 0.138581790129266 0.15732628799871 0.0254688670593978
-0.409666502132979 0.113055160096107 0.0421691605768823 -0.0085442756517729
-0.408714551014778 0.166136711152497 -0.0826143480851017 -0.0165737987860033
-0.412515133377845 0.201849196542048 -0.162249588854422 -0.0225627678406982
-0.393846223214514 0.22276199685136 -0.183969125040265 -0.0100278070391776
-0.335861983972229 0.249026371332484 -0.17525539832607 0.01350163415017
-0.29321580822568 0.280336394222736 -0.165341485437326 0.0359000358140196
-0.319572590355004 0.283765824659043 -0.0736230717706153 -0.00889718713632646
-0.324023031301125 0.307757966411312 0.00260340474914765 -0.0796013540226278
-0.30627867015175 0.358153218748697 0.182192927857251 0.109356355357643
-0.321908202167754 0.304465066442865 0.234231459187402 0.104574402346065
-0.366007792316924 0.286190669388043 0.29973990923691 0.0507681998236782
-0.411335439504339 0.233956496297034 0.290316461090493 0.0774265010823429
-0.420341737275547 0.195919367406319 0.234589582022291 0.102810112896533
-0.409209550424458 0.179463038880803 0.154676542872452 0.0890587450837758
-0.398430168477483 0.149640083452252 0.0066498401198605 0.0717720165145509
-0.384658660300428 0.102487374207748 -0.121594262714685 0.037140071144231
-0.38004401177136 0.130176570400863 -0.224120387379425 0.0274098591076842
-0.38494426507824 0.148923016571858 -0.250786495692282 0.0291480542022748
-0.37687695612541 0.157972424581336 -0.214013011113088 0.0319870970718731
-0.329787015893132 0.179533463821345 -0.150481339886014 0.0230686941866163
-0.296046289404 0.224065448332715 -0.0944152616138689 0.0168549513166495
-0.320644818787317 0.246659361924071 0.0125958653604502 -0.0675171957795449
-0.315332692838583 0.289455553648771 0.115484639250862 -0.184266268553281
-0.211621780467284 0.317674389424392 0.257987060823596 -0.0117787279986488
-0.22038111093574 0.286422872689688 0.295831230033956 0.00255160375814037
-0.25524687118034 0.276830757716999 0.329587324306423 0.0050731207987793
-0.292851985417224 0.237813077661684 0.278809276880334 0.0624772937387424
-0.307364514834875 0.1893582895109 0.171491061730705 0.146404998941979
-0.312235369207897 0.166795142122497 0.0550526914610031 0.14904701736348
-0.308190744651845 0.128669815019924 -0.1279003723539 0.120177307031188
-0.300910147689061 0.079046040248922 -0.264453250034019 0.0725161805073437
-0.294804737082462 0.083291793164446 -0.342293304731719 0.0459263715861402
-0.296873175618649 0.087796142619683 -0.31898517243326 0.0464565933373713
-0.294703832576225 0.0857204220828785 -0.235956659007422 0.0458118561616692
-0.261584819207607 0.101680874898045 -0.126163994660204 0.0236885161314225
-0.243030825980403 0.146692587422239 -0.0274519614069748 0.00453589528246308
-0.266876400645581 0.182774348899571 0.0899545740067425 -0.110095785423062
-0.258541165170096 0.233972399158818 0.214309793648394 -0.275532042075269
-0.0942735737193851 0.215272848299819 0.292185192412049 -0.103494886994248
-0.10084861624709 0.200799582944275 0.3137302977379 -0.0817767598511892
-0.123447290874778 0.192384669747642 0.323174634870508 -0.0278851664461971
-0.146049230257528 0.168398417901282 0.248814645691231 0.0522169855139324
-0.156500222363288 0.126782677510452 0.119796881135421 0.180842504067738
-0.169496657209407 0.107143742460875 -0.0164125335613511 0.200007438499949
-0.169061926338577 0.079834098941787 -0.221950857309481 0.156467095080186
-0.170046757438603 0.0456786196202115 -0.364524120048865 0.0925865367886391
-0.167533498654804 0.040837467808533 -0.423790136063748 0.0454506397093876
-0.173603542995851 0.0450050546543 -0.360123634884983 0.040676189892808
-0.175892180021483 0.0420604856357069 -0.248165409154878 0.0395030478553228
-0.156802655842705 0.0549167765667341 -0.108426748617159 0.0209311318318293
-0.152615310154265 0.0852139338214618 0.0217397003763487 -6.30436649781286E-05
-0.168921697873902 0.122660330433956 0.144719253322834 -0.137714683482284
-0.15920767974493 0.161286797170782 0.285821107746139 -0.345483694265134
-0.038259535809762 -0.0941797571666504 -0.294496824520474 0.433242512482061
0.00482103147986771 -0.0784850073693423 -0.182222378380251 0.232964168071962
0.0282846460631241 -0.0710389263312224 -0.0717616457930166 0.0445807311419143
0.044014855626331 -0.0494623833312779 0.0676986513804231 0.0205753045934251
0.033315837752355 -0.0180424862745915 0.248996930755878 -0.0235409558754978
0.0244805917965622 -0.00214424730226418 0.357783444169349 -0.0371740840175991
0.0229055032772865 0.00167563768445157 0.439739774152493 -0.0614912184684069
0.0200208172360422 0.0106037602061492 0.429416204878882 -0.128593757263446
0.0160369873315739 0.0121236768962249 0.273050018133295 -0.191580320653867
0.0134500435599815 -0.000842114319522428 0.0729879435688505 -0.247777776551323
0.0249874778509973 -0.0159744752616065 -0.0995602587836919 -0.207680883534476
0.0312897293334222 -0.0258965858305877 -0.204813860791423 -0.0765161700141373
0.0191409131147526 -0.0431383920881767 -0.279371394630471 0.0277118090849038
0.0301300885688968 -0.04803520048642 -0.277659730598052 0.0818912878740492
0.0137038450022675 -0.0602135767823428 -0.289500326762193 0.101196711895558
-0.166892805891616 0.0193017176068323 -0.254630445179051 0.430535877758969
-0.123768176956557 -0.0180186187050005 -0.160448336051513 0.246404558463166
-0.100457979818503 -0.0391849618540888 -0.0464357525353135 0.0599786237650702
-0.0886425460755842 -0.0459662916644649 0.0908906720231082 0.0379354856770753
-0.103036266075786 -0.0114298704639631 0.270593937716993 -0.0108875120265818
-0.11087396086348 0.0213082801688616 0.370876349021582 -0.0283065537888164
-0.125781016618063 0.0353730235268467 0.432702976695443 -0.0495706052548005
-0.135786046455974 0.0509351722888993 0.407643458079115 -0.120540574477536
-0.140674238116692 0.0875693502174029 0.249317212736892 -0.177567220159271
-0.135693207610655 0.0969004446502626 0.0552680142101056 -0.225420545038048
-0.111427246388541 0.0962960242907783 -0.101699170481223 -0.183976149902036
-0.0770579075362806 0.0968577225941057 -0.200945795745107 -0.0545668884161369
-0.0713417571288357 0.0889912868673597 -0.272491870403263 0.0517508580286385
-0.0766595854160115 0.0802625636569232 -0.250475493241924 0.105413500048849
-0.100086604097386 0.0726164000143616 -0.257450591245849 0.122728384336627
-0.274764728160422 0.138593643600121 -0.171223766975462 0.399168656358563
-0.246905011852883 0.0603837082234765 -0.0970422894821896 0.256127771846267
-0.240115489011837 0.0158304715003337 0.0141434024075743 0.086065414005113
-0.239613241782095 -0.0180160875045063 0.135485470431962 0.0627611695988957
-0.250786224604132 0.012686967999907 0.292732003208846 0.0062431407823876
-0.246841010124409 0.0531551293741256 0.364806434168093 -0.0193136243018372
-0.261764529314393 0.0704550778010326 0.379960289194956 -0.0351394783755452
-0.270816847715104 0.0864583466101157 0.325268894167292 -0.0967181327118166
-0.273489976027681 0.146713163181851 0.174706038046808 -0.135712672282801
-0.265582317538221 0.177658860563213 0.00538289829518459 -0.169383216074411
-0.234224151353382 0.190968485421939 -0.118211881184106 -0.133448800568969
-0.179169005597631 0.202262461423022 -0.19563183987108 -0.0268650661836423
-0.156819549878229 0.20565177033234 -0.251260497073175 0.0628572068666746
-0.176409015316769 0.193551984832661 -0.205243147979436 0.0931245675993781
-0.200153114323317 0.192145523490868 -0.191528003283951 0.0920707884202319
-0.336216644859764 0.250596459526521 -0.0561554659912788 0.331412910156453
-0.334747404222557 0.158280459618901 0.00503922106910803 0.243969303611178
-0.356222836631468 0.111018676003516 0.109607417949546 0.101083442757764
-0.37600089748905 0.0587477585414052 0.198141162324065 0.0812346067830579
-0.380476326654779 0.0706534368910025 0.300023351607478 0.0281377073742225
-0.361501934532592 0.10119436580698 0.326855894955099 -0.00366725154069892
-0.361442234289577 0.108842670414877 0.282114986760061 -0.0140880665231053
-0.363333286169358 0.110665607666466 0.197002739955443 -0.0585261074300483
-0.362685825102444 0.176180504450882 0.0590809518490451 -0.0766158967460299
-0.358113496447323 0.216800088345216 -0.0687620543135026 -0.0932719659674157
-0.331345225929879 0.239712087952978 -0.144140390201022 -0.0669585412533751
-0.267322744545684 0.259972683401195 -0.184309549353677 0.000610560239020388
-0.233121383828179 0.276577645957668 -0.211282995138261 0.0589779743690915
-0.25723880533517 0.267026273761488 -0.142583823546778 0.0504950799039994
-0.272726637795139 0.2746273493959 -0.100161636151019 0.0185710805051051
-0.34090890959992 0.331734928316607 0.0678694094692876 0.228625216992316
-0.357611670784058 0.25243901807125 0.124061964948074 0.189548930525085
-0.401071974816081 0.21870973271982 0.213857322494278 0.0852761735561778
-0.439102030492436 0.164106849386785 0.25454698444461 0.0811430265840328
-0.442055623150859 0.147659480705843 0.278664421712277 0.056410059928642
-0.417346174512335 0.154132519752647 0.250861814842864 0.0285926678399788
-0.406510998870751 0.141013330192504 0.149782504278843 0.0224386475168251
-0.399124624323646 0.119254607227284 0.0426282112259465 -0.0101627317916339
-0.39524214766724 0.169762452838767 -0.0776561425382512 -0.014962155770467
-0.396254837533383 0.204736488204665 -0.156427429705472 -0.0177188381929217
-0.381202341820903 0.225706187838297 -0.174900728820677 -0.00463942971263454
-0.321323741428228 0.247749580692163 -0.165707126087072 0.0197871641512174
-0.282882731563446 0.280258001743361 -0.151896828148259 0.0404714798170957
-0.306217779958671 0.283668277420924 -0.064860407297056 -0.00873258783027175
-0.309208002634364 0.307607848104313 0.00649473942083688 -0.0816527724355413
-0.291374115680042 0.357829555880599 0.174112499849368 0.103608050551421
-0.30932111231562 0.302127711758227 0.225172851960297 0.0983198534553633
-0.353928177754258 0.286249375022089 0.289575253604053 0.0423945473387982
-0.400289434333259 0.23790753647816 0.280354983737873 0.0678133940021485
-0.409553538155979 0.198669697094645 0.230014157079124 0.0951306008242032
-0.395696559640753 0.183783708559442 0.152005776603485 0.0810957582723192
-0.383277206954243 0.150997859269559 0.00488378859394239 0.0710505429665839
-0.375374026948287 0.110487291377805 -0.115799481079304 0.0391507496927215
-0.367034050293049 0.1354180956806 -0.214279226089277 0.0309368867046519
-0.369617078709409 0.15397079303034 -0.240767352954338 0.0345461451859852
-0.364266858045912 0.162957711399636 -0.203231061086286 0.0364512315256106
-0.315864771661051 0.180560995067157 -0.141431298567262 0.0282010868697198
-0.285396764745047 0.225297291933407 -0.0830505504041571 0.0198146832857484
-0.307752608710569 0.2481983377127 0.0180789082150984 -0.0675400586465318
-0.301378129054751 0.289412125383135 0.114187174217557 -0.185935658820443
-0.200279978364299 0.315878223449068 0.246345409385083 -0.0167330371022544
-0.210879252838494 0.28244570158812 0.285428082302568 -0.00334118788338249
-0.245745608582684 0.27545756000258 0.319994803231118 -0.00504463815112749
-0.283442383028887 0.2403225770549 0.270582314364984 0.0520301258996575
-0.298776048152492 0.191914640683438 0.170497776895771 0.137741486451932
-0.302072038986951 0.168837791222562 0.0559532616478144 0.141754891092373
-0.297140156837793 0.130411408909058 -0.125954052738713 0.121282375379937
-0.293084661763272 0.0846537901234188 -0.255207173118849 0.0766454179622275
-0.285065529449434 0.0873450958011367 -0.329749580606628 0.0537378043925747
-0.285363353479323 0.0931182689029511 -0.306603719667882 0.0533856681488803
-0.285017430346794 0.0921787809097599 -0.223570858175261 0.0497366546146879
-0.250800207984428 0.105691407083422 -0.117096490825014 0.0274672108154823
-0.234025955694831 0.148797341551194 -0.0181396177124701 0.00594667800210628
-0.256112753544567 0.184277851493143 0.0920415778331058 -0.110450806369133
-0.247578132736857 0.234305761049599 0.208598253245728 -0.277513382009769
-0.0881506051530649 0.212682383256972 0.27937604463401 -0.106852734808894
-0.0943895671355019 0.19816985180991 0.301606261431522 -0.0880054348752677
-0.118291673029707 0.191417035480579 0.313913218889203 -0.03872525200943
-0.140070971036233 0.169574793630254 0.240902220079738 0.0411031082843435
-0.152427289017262 0.12697181830308 0.120552597308519 0.171352165081105
-0.163968963440709 0.108255906418499 -0.0128662246643366 0.192361277442071
-0.162502555349026 0.0812576568055488 -0.216060051946558 0.158361765386406
-0.165833469882507 0.0495417909141926 -0.353227302716517 0.0988233052939028
-0.162522708976138 0.0442175860043401 -0.409237638993098 0.0555456877436563
-0.167063406042911 0.049072143791703 -0.346498036390927 0.0490479043390858
-0.170734099396634 0.0469897700959331 -0.234812534690962 0.0444890887493788
-0.151061232708461 0.0582458952943505 -0.0999455595220246 0.0241162100852199
-0.148117140780485 0.0878504204827025 0.0290163582237183 0.000184711952501504
-0.162009541799441 0.12382668686844 0.143602459067132 -0.138917844104991
-0.152467237033881 0.160799185654048 0.275935223773116 -0.346721878646223
-0.0390233348270432 -0.0945093116512872 -0.295239798056995 0.436012634011648
0.00459259537204626 -0.0767491365690874 -0.183867522498411 0.233403245944341
0.0271710714581011 -0.0722512493728278 -0.0765493311526104 0.0466387886344088
0.0428078743232934 -0.0522172010379278 0.0640335005143291 0.020738278923552
0.0356318946584775 -0.0187804426438398 0.241552462631952 -0.027669406500045
0.0257594062881003 -0.00290369600198447 0.34994998616857 -0.0410461184100772
0.0227224204472714 -0.000991834666466289 0.433118678394175 -0.0657319485294334
0.0204885686451827 0.00937566432832113 0.426483519508339 -0.133002826811767
0.0161081467169827 0.0113348983764807 0.272644248422905 -0.193164295376315
0.0134144669609652 -0.00263182901587832 0.0735018439151925 -0.244994116328558
0.0244014941339723 -0.0176663162556555 -0.0966781555321281 -0.203059443898869
0.031135678646051 -0.0272245462741892 -0.200421117555144 -0.0718109773729176
0.0192009187430249 -0.0435642944137068 -0.274520174673996 0.0317114296414349
0.030327402502729 -0.0481526664263152 -0.272744655465652 0.0830189258730375
0.0137608669114514 -0.0599189602124082 -0.282871904680245 0.101738620782068
-0.165570410990794 0.020254926104765 -0.25672409548739 0.433175301766088
-0.121904496316621 -0.0164790801532854 -0.162945735576497 0.247027250092523
-0.099507157909614 -0.0392270671660366 -0.0511359754192408 0.0615629276807239
-0.0885213147252884 -0.0462574354810077 0.086392926295553 0.0372166487102722
-0.100132592723488 -0.0109329842329729 0.264133392319988 -0.0142964092374075
-0.107328159783523 0.0222986347888575 0.365028040968478 -0.0319577980213843
-0.123154494514796 0.0329126919391916 0.425323670782553 -0.0541243386946555
-0.134557587055704 0.0512407533668411 0.404270010979429 -0.126560607692361
-0.138902153054361 0.0869145396144699 0.250137381378752 -0.180040216156369
-0.134717026318057 0.0965107678261106 0.0559288260432537 -0.222960686635744
-0.110958881834573 0.0957117531480202 -0.0980597201411512 -0.178859660898356
-0.077044548971409 0.0956277194804992 -0.195857552306545 -0.0493065995896175
-0.0707127643528224 0.0894169827644342 -0.265564033585481 0.0560191656290017
-0.0766416092472736 0.080175468862748 -0.244770365371732 0.105461660650692
-0.0986520002822362 0.0724023493173526 -0.251204066001763 0.122279940372483
-0.270851729620516 0.140139246617645 -0.174422517628092 0.400190969666731
-0.243578454134711 0.0606526683059781 -0.101394720015288 0.25725398546112
-0.237329073592035 0.0164456373733571 0.00921600033310494 0.0867408649372777
-0.23763454306458 -0.0164178023368688 0.130623902099829 0.061097034113184
-0.247030043614782 0.0146967589263105 0.287508373758813 0.00391870188299677
-0.241915505463708 0.0544864542682293 0.359949543953049 -0.022970470330439
-0.256610544702152 0.0683945712958233 0.373745339085227 -0.0385740691373984
-0.268814344991938 0.0876439979982779 0.322849685159402 -0.101651053748603
-0.2703143263826 0.14653980644497 0.175319185234326 -0.138166938801562
-0.262552562967506 0.17759502145256 0.00684024910578475 -0.166878756473208
-0.233594862028125 0.191277443329081 -0.11457759119288 -0.129217891952413
-0.177600254141377 0.20110283143424 -0.190585851836266 -0.0217202770340978
-0.156079546677207 0.205705487636038 -0.243671389851351 0.0674060214336096
-0.175559090717337 0.194326472968901 -0.198719132295767 0.0929513213756953
-0.197764892708161 0.191919631902292 -0.185731903221306 0.0911086081844739
-0.330566934760985 0.252305546196792 -0.0611432843686984 0.33079270152503
-0.332138394249347 0.157733918129226 -0.000344506844998246 0.244587920464464
-0.353494150159198 0.110770901445755 0.104754939802269 0.100730654947645
-0.372859159933039 0.0613332616322464 0.191853581256498 0.0792592172843069
-0.376415206145326 0.0734793054071667 0.295921573139607 0.0252246007060342
-0.354972827322998 0.103113923204421 0.323684962152687 -0.00758408862892439
-0.356135286986215 0.107930258514647 0.276477781592996 -0.0158943621573545
-0.361807547059983 0.113994500118474 0.196672872169581 -0.0612856731970251
-0.358689093869979 0.176642082745258 0.0612360666323664 -0.0776533888587291
-0.35406834399599 0.217936867979546 -0.0670409344032684 -0.0909396391351262
-0.329233298905001 0.24031351190679 -0.139543150455414 -0.0631580076147267
-0.264049494143954 0.257336018931633 -0.178375748025482 0.00519098850821057
-0.231965578535685 0.276046323872303 -0.202316718436239 0.0630383205311989
-0.255581986981061 0.267660787595817 -0.136184345631835 0.0492968113905589
-0.269296817367896 0.274529418563786 -0.0951141668887443 0.0162094438010532
-0.335351960035004 0.333769947000199 0.0612792572541725 0.226834634006582
-0.355829260926371 0.251086756680153 0.118501654162297 0.190485757541653
-0.397298360469866 0.219040612133085 0.208681017572698 0.083021253121213
-0.435703176485373 0.166609395206891 0.249161477528226 0.0786870697324269
-0.440397661438657 0.149685464987285 0.276417631104976 0.0535847129110915
-0.412697633004714 0.155562073834753 0.248523439309776 0.0252722930511189
-0.400547680905918 0.139086672485655 0.145318536198311 0.0224864936755788
-0.396507436955193 0.123268672315497 0.0439179434040265 -0.0107333977039399
-0.390240169330472 0.169621130293309 -0.0749977727943349 -0.0153489633529973
-0.390306636808305 0.205838938584286 -0.153543239476541 -0.0152022122972025
-0.377285835932907 0.226324851207945 -0.169506046625203 -0.00184517374795625
-0.316734525011279 0.246162707114254 -0.159621948633036 0.0231666284328853
-0.280445357407409 0.279084580747486 -0.14238739073622 0.0436305945739549
-0.30356715531768 0.284230525418909 -0.0588842394765343 -0.0113015899634483
-0.305256699450561 0.307237049232584 0.0108234194242789 -0.0844879817522161
-0.286302405258852 0.359206256910826 0.166836880070112 0.102274299029617
-0.306963760976184 0.301144953035656 0.21978606087144 0.0975104410523065
-0.352316049974628 0.286582418186291 0.285715434388403 0.0384040540054193
-0.397379000656134 0.240893261025869 0.275047598147229 0.0638180157087183
-0.408572643091781 0.201190508936753 0.229988252630442 0.0924116742916991
-0.392366913696837 0.186109996908076 0.151298718325586 0.0773944811010063
-0.378921676500055 0.150117339598921 0.0019917910009526 0.0726263460274081
-0.37256230972506 0.113886189473252 -0.112729067954134 0.0394611005871547
-0.362863360791587 0.136265411664188 -0.210168825035143 0.0322530595775614
-0.363675709758237 0.155650933480389 -0.235855580183714 0.0368176330701417
-0.360792896306772 0.16558287036666 -0.19716483059544 0.0377049361122906
-0.310538460537981 0.180961407505832 -0.134797993656 0.0299253771312771
-0.283076209220023 0.225993610234626 -0.073392531259897 0.0216552857527426
-0.30480152724526 0.248546022921891 0.0233616040992877 -0.0693827597451441
-0.298010177252283 0.289693844971914 0.116409153807058 -0.189616474422133
-0.196413368785851 0.316462732133918 0.238871864887705 -0.0181434641099525
-0.209274603219266 0.281737695342078 0.279822139148557 -0.00522534772175985
-0.244534911147081 0.27634712475291 0.316893848664018 -0.00920522631161638
-0.281054340776942 0.242634301061559 0.265310953360405 0.0466296273866185
-0.299146531828868 0.193345222564704 0.17107940968308 0.134019797972286
-0.300314630472502 0.171308378335638 0.0559890879045045 0.137550204525327
-0.293558199739435 0.130079956157814 -0.126610797015164 0.123342911733602
-0.291542753388423 0.0885578965456992 -0.251043020372704 0.0794030857168957
-0.281448243814894 0.0889917475795283 -0.324546699486442 0.0562406475147508
-0.280214035536127 0.0960605229771619 -0.301440371267341 0.0558132377753958
-0.281366855313696 0.0955560817737405 -0.216893016702844 0.0510104413168628
-0.246393510367817 0.106859862132863 -0.110163592587155 0.0290351585709456
-0.232451130298787 0.150110461125894 -0.00950513396236305 0.00716609974274801
-0.252820267757705 0.185937079043867 0.0963191630550267 -0.112642553251508
-0.243788452961796 0.234808448813268 0.210227349271193 -0.282235181739386
-0.0862469026997508 0.21265870805367 0.271618015380847 -0.10770380563293
-0.0929011023712465 0.196407069605519 0.296275343696297 -0.0906608845723723
-0.117971902813919 0.19144061489439 0.310637372060279 -0.0448269365840048
-0.138352075797521 0.17248484728673 0.236142776070086 0.0353122549849368
-0.152957703880847 0.128278370521903 0.120099659813668 0.166946857671985
-0.163629326279362 0.108926145611721 -0.0125521523422714 0.18896426970034
-0.161561994432038 0.0811855567317433 -0.215972740763604 0.160280296839428
-0.165611815280712 0.0518239840034359 -0.349757477522696 0.103025781287125
-0.161560975104189 0.0462203712763803 -0.403507361055191 0.0609122280537707
-0.163941658457282 0.0511908549523586 -0.340508743347016 0.0523275809305669
-0.168511716731739 0.0506213979488186 -0.227901186072114 0.0468204618583014
-0.148987610554498 0.0605777984221109 -0.093209302890406 0.0257844670845558
-0.146969604321984 0.0898640277147466 0.0365351797445044 -0.000449462736248377
-0.159122821180248 0.124976738293688 0.146963683676023 -0.140295638691039
-0.151012062509328 0.161946981311816 0.276687096415774 -0.352578424737465
-0.0419651115596531 -0.0968017525018799 -0.300584892499512 0.449415378633077
0.00553678030640634 -0.0775318682588123 -0.189712636668507 0.240737538646825
0.0270380384626143 -0.0742302314588333 -0.082267668524758 0.0498076940100717
0.0427554377022374 -0.0553730480529864 0.0614428806282195 0.0193888638565141
0.0379856587664595 -0.0203014912377588 0.239675795369257 -0.0336404293762254
0.0276900997055472 -0.00358004117683713 0.352301362449444 -0.0463896397484839
0.0230764148903328 -0.0031649345018066 0.436067922621658 -0.0744292881433262
0.0217942173106795 0.00777357549715305 0.432462541260672 -0.144227749457355
0.0172410279307118 0.00991668644515423 0.277079375366594 -0.200250542796568
0.0131634732071548 -0.00392300157508768 0.0749513873032921 -0.249096700693666
0.0243795033261593 -0.0192820649059368 -0.0977179444452996 -0.202741016236422
0.0314841877797033 -0.0294573965014514 -0.201074144901594 -0.0683589486648474
0.0194063825347554 -0.045569644488753 -0.276510802639871 0.0383988884804572
0.0307004140144067 -0.0498275235059508 -0.27443117421685 0.0877484948409958
0.0135595266559321 -0.0616160088459585 -0.282625916038517 0.104984467826582
-0.168031268821695 0.0228739432562073 -0.261714687191337 0.448489378313122
-0.122951024330611 -0.0143344603566573 -0.168428135915555 0.254164803300518
-0.100781734057758 -0.0390187183084144 -0.0566011772866067 0.0647086106134425
-0.0896996400862351 -0.0465957074966826 0.0842571310972281 0.0357608966179916
-0.0995095431666039 -0.00998280721981818 0.263445835740454 -0.019770884897395
-0.106006002766788 0.0239218631353424 0.368119824402086 -0.0383025522002394
-0.124233730632607 0.0320996286215772 0.428165590357053 -0.0609672076651737
-0.136219779215807 0.0531974028419259 0.410665542981184 -0.137735571123949
-0.140086544439423 0.0880470267336483 0.255688339353982 -0.187494686085088
-0.136688866167331 0.0986101658511103 0.0568382983514412 -0.225879140726852
-0.113852141238485 0.0976289080989584 -0.0985276232251208 -0.178185807219752
-0.0779495313131432 0.0964026137656928 -0.195534824183312 -0.0446334483710213
-0.0721367894491762 0.0910288539289446 -0.266340079689477 0.0637281410422668
-0.0778653729272194 0.0823939186696731 -0.24480119823105 0.108720562572111
-0.0995079233267913 0.0744588543760356 -0.250811851962831 0.12531357816557
-0.271447813796085 0.146396997956407 -0.179896700454637 0.412184227642926
-0.246890099505631 0.0643538723117238 -0.106145494344964 0.264642536387838
-0.240352591088293 0.0189298590268399 0.00498607364906584 0.0889440510566515
-0.240242202853208 -0.0146469021292228 0.128389440502108 0.0598329582644436
-0.24939480333395 0.0178066040245948 0.288433765282126 -0.00130987296142518
-0.242128147128301 0.0586570798800685 0.36411278071111 -0.0292348351238314
-0.258804706661461 0.0692181790329008 0.374892264319929 -0.0437664054892795
-0.272503573700275 0.092683940511387 0.327748501997944 -0.110814794150447
-0.273795958231318 0.150351913735542 0.17953598389832 -0.144504911825324
-0.265946644199485 0.183379715375266 0.00753778749226002 -0.168691756265917
-0.236761056864947 0.196026060105365 -0.113929082501363 -0.126900461588247
-0.179290411251809 0.204290339869434 -0.189305981700978 -0.0166008533221006
-0.158593624172304 0.211016684733498 -0.24086412602968 0.0748871026761021
-0.17806582747001 0.199511741983132 -0.19826188128136 0.0946660882406501
-0.199272010867563 0.197284883539279 -0.183919077302708 0.0923777734084567
-0.331283824970243 0.262075687478267 -0.066460878617455 0.340329799418151
-0.336267101677628 0.163435943753193 -0.00357717645847887 0.251401628949395
-0.358185881566561 0.116588132095643 0.102591912750363 0.100914724063585
-0.377684253080573 0.0659117017382944 0.191016731995116 0.0773676399716439
-0.381832989309787 0.0791280699048779 0.299336413827217 0.0215881288349049
-0.357591831712816 0.10953638170001 0.328108299026966 -0.0135813510545057
-0.359268169750374 0.110839951643184 0.277933132649903 -0.0180277878888476
-0.367252999666012 0.120856223138219 0.200874470704182 -0.0677234436495192
-0.362337098678347 0.181194981705753 0.0631440782405477 -0.0820888984050976
-0.357052149058405 0.224235202909959 -0.0675522237747508 -0.0901272124888528
-0.334377015332597 0.247901143894135 -0.139029921127321 -0.0609928861692496
-0.267256449595761 0.261738222467517 -0.176838534272304 0.00998779676188586
-0.233750667069152 0.283109553240015 -0.198482562491337 0.0681591470612583
-0.258653963603782 0.27581656013309 -0.133067730101381 0.0485211678811706
-0.271512171285315 0.281766436746251 -0.0923832726983514 0.0140935931546937
-0.33446231466517 0.343664740539113 0.05642465670196 0.232858323375065
-0.360693495427628 0.259187843164689 0.116927143431908 0.194460855779952
-0.403821524069939 0.227006944653307 0.209125839755392 0.0822354991706765
-0.442157783726953 0.174008925873989 0.249270784543376 0.0761239959058921
-0.448104300620991 0.15798318587003 0.2825454288897 0.0510750668415386
-0.41603596574446 0.163669878127474 0.252995984314007 0.0205781894683508
-0.404226643301521 0.142924544839809 0.145394558890525 0.0237358587218585
-0.403826949385496 0.131640332307372 0.0462345755984636 -0.013490371327445
-0.394191224322562 0.175671041963451 -0.0743804209769708 -0.0162836016930232
-0.393026979130141 0.214248544957382 -0.154714963774321 -0.0132736029962539
-0.382673088551426 0.235537269618312 -0.168210819070964 0.000756159118073114
-0.319802787706418 0.250958866875034 -0.156714708906068 0.0274967309053959
-0.284012687574776 0.287029659628716 -0.136431241998847 0.0479336573306724
-0.306234943717432 0.292931084384344 -0.0545528247053078 -0.0136502407595825
-0.306664352022514 0.315574680691435 0.0143066087028195 -0.0907425465233603
-0.285200940487397 0.369357160436205 0.162815421703197 0.103885358384133
-0.311739810653292 0.308886592880008 0.220057744418519 0.0992677551724264
-0.358056473088148 0.295714825769212 0.288926938171998 0.0358091345767147
-0.402542956063463 0.250127347958747 0.276084212343907 0.0600163183681609
-0.415991206222678 0.210365510462456 0.236122311826826 0.0895652576961321
-0.39656410455751 0.193590046921786 0.154494197428457 0.0740274096630341
-0.383787308846077 0.154465530732249 0.000741331835147974 0.0768184142060686
-0.378199738710878 0.121991098860215 -0.112379750556085 0.040690724921297
-0.366952888782425 0.141236013142928 -0.211064055594303 0.0349846837017032
-0.365693349622539 0.162733099056085 -0.237932331122844 0.0414164228320955
-0.364606648195452 0.172600537143368 -0.196003507775768 0.0412460262857429
-0.312780517376362 0.185876911106817 -0.131220550738345 0.0335090274036013
-0.286017456324442 0.233065155210202 -0.0658790368429288 0.0235230424817809
-0.307386318516753 0.256565776879361 0.029085277145798 -0.0738146995962894
-0.299225143955163 0.297401020862548 0.121293220545562 -0.199765659985198
-0.194919280879968 0.325755342341604 0.236544636392106 -0.0195986581200251
-0.2119505763389 0.287965983052113 0.281570457906406 -0.00772465196806311
-0.248522503668075 0.284231892376016 0.320509044656614 -0.0161065355538227
-0.284439377959432 0.252269717226061 0.266959499273922 0.0418355194201092
-0.306143222440731 0.20181157184235 0.177284200011772 0.131348793139779
-0.303991803150063 0.178128258083032 0.058416656831202 0.136311167131558
-0.297576521747767 0.134271337890813 -0.129180926674886 0.129905958475801
-0.296237915492167 0.095270464916642 -0.252474422759968 0.0837330455177579
-0.285493962965162 0.0945632164534225 -0.326472513527797 0.062741432366755
-0.281486886461562 0.101474035374249 -0.302655269190985 0.0618651090226651
-0.284243458943336 0.102784882628894 -0.214948214241846 0.0551529978193298
-0.248037400678727 0.110770919487479 -0.106576680751342 0.0317136514676145
-0.234417488819705 0.15719133879297 -0.000843569421806492 0.00733054631936394
-0.254327072132617 0.192314783341442 0.10194617164773 -0.117958391134001
-0.245089728767906 0.242801981405731 0.215574833111226 -0.29516535417316
-0.0841883008468938 0.21846801578741 0.270476374043149 -0.111347819253088
-0.0930367990400038 0.200923661205471 0.297669518374559 -0.0967203907553715
-0.120147984554285 0.197706406347834 0.315183403280926 -0.0534912856062069
-0.138835200474723 0.178896268273652 0.236639262405887 0.0287632359648887
-0.156542254803683 0.133552206350363 0.124699453682468 0.165338081687351
-0.166469229457753 0.113831054024474 -0.0124425049908673 0.189077574829008
-0.163319144055132 0.0841602465327101 -0.219749320090628 0.167862001653308
-0.16847209096265 0.0566033118880206 -0.353311055537366 0.110092179843238
-0.16352357314861 0.0499936672097116 -0.406709640670219 0.0690633179884984
-0.164719977481018 0.0553428555390882 -0.342608555825 0.0593692489681221
-0.169762656948161 0.0555494361915608 -0.226924319681958 0.050875390154257
-0.149865342945891 0.0647393532533461 -0.0887475380279161 0.0279369439831908
-0.149144370412224 0.0952625558069379 0.0452132955466814 -0.000579285378265551
-0.159140256122966 0.129344225598231 0.152345681492507 -0.146384530919827
-0.151483737815389 0.167448276893528 0.28290832935648 -0.367861865372499
-0.050776651850962 -0.0862118144246362 -0.273459412985625 0.484471001728215
0.000301957755458587 -0.0721574413631612 -0.174721255123483 0.262303983021169
0.017792778169235 -0.0777657703661869 -0.0784570500257096 0.0622300131938886
0.0362844163690724 -0.0638857842057701 0.0636134264401289 0.0179593827964842
0.0409819469335183 -0.0299189042629515 0.236547454870579 -0.0551053894479632
0.0324791413527438 -0.0125835756354669 0.350953487036617 -0.0767119238062769
0.025378658131942 -0.0101714649134976 0.433453151572209 -0.117170703102094
0.0241481694483466 0.00153140276897041 0.427373264146486 -0.193149865012088
0.0191123768073443 0.00737208517310735 0.27328207973822 -0.235937853922068
0.0137942872173538 -0.00405063881072188 0.0598305119577586 -0.267656611647432
0.0240550409386951 -0.0243964215383602 -0.117184594131351 -0.200222600681497
0.0305132152032125 -0.0380577604165833 -0.214058192720306 -0.0494064678509641
0.0155745891324508 -0.0540083007223748 -0.284043988096492 0.0691034834293534
0.0283348204880783 -0.061831346899837 -0.282572636646907 0.116732551371726
0.00810520476379295 -0.0705429570067994 -0.286322098524219 0.129321369932159
-0.159727685161068 0.0492501314640586 -0.24287006836365 0.467995752423552
-0.120926750566719 0.00571120519646439 -0.155952211425538 0.268001556066643
-0.105188780141259 -0.0260175610810373 -0.0525938309550213 0.0633793151967793
-0.0939248501296053 -0.0366950908763677 0.0890850158722511 0.0228276541879809
-0.0957891553284332 -0.00348744969423816 0.263147313920004 -0.0531100470740123
-0.0979537981014612 0.0283296349329139 0.367291778540499 -0.0779097998543263
-0.120054338939727 0.0439127041147089 0.432484445524376 -0.110082449146503
-0.131326196915859 0.0613842357434257 0.40343196463812 -0.186150364500671
-0.131298490610701 0.104053250708001 0.250593844768845 -0.221590931088857
-0.12743864173672 0.116421355389487 0.0446065168019516 -0.244443179503224
-0.102788947588278 0.109512691467145 -0.115187971930903 -0.178948841469767
-0.0665423224248019 0.101811860720414 -0.205268627873991 -0.0304664117940848
-0.0650949254621523 0.0958093838716822 -0.266388137775888 0.0876744566494283
-0.0735012798821113 0.0887139381055945 -0.239180602426632 0.132040797917598
-0.10004650002083 0.0820451752221594 -0.240849775935892 0.146429691667178
-0.24720522059393 0.184615852348299 -0.171614337979012 0.41754249399468
-0.234529026893639 0.0985366637702515 -0.0957159959487707 0.26645057846024
-0.236976934337424 0.0485618867329376 0.00785525180468988 0.0700714914671787
-0.239972972086474 0.0161200830637431 0.135734095712319 0.0303780870966711
-0.242683141594603 0.0413605226122225 0.289387387600818 -0.0457606001507529
-0.232673542202636 0.077016059701137 0.363581174427429 -0.0756645128983391
-0.253535090057283 0.0994555216774625 0.385697974751 -0.0960918724865979
-0.266928263031887 0.115462313121192 0.320291665012916 -0.15124922089842
-0.259098273956409 0.181804105063968 0.175767736120748 -0.169639726564155
-0.248899993762357 0.215609008750046 -0.0019998512067703 -0.182470644577942
-0.217865435141686 0.222903821860356 -0.12582770900787 -0.128491684901264
-0.159200174971836 0.223346325667945 -0.194504125394133 -0.00710016631074734
-0.14226588623766 0.228301093974881 -0.2357179120356 0.0908162654955967
-0.166271698442177 0.221581959444515 -0.181269860482527 0.109258976009936
-0.193245976511503 0.220274955585705 -0.163255645147679 0.102951238090322
-0.29206135810877 0.305567558349858 -0.0684707441784238 0.331146261352593
-0.313453518044191 0.205696601870209 0.00101544924414217 0.23915699416064
-0.343470346061503 0.160856268970381 0.10067405582197 0.0632347071148387
-0.366996699234643 0.114284477147744 0.196817094277296 0.0309398681834774
-0.371775160120333 0.118882015430532 0.300158507161431 -0.0324097382235421
-0.345242332133747 0.140266834036431 0.327161358100065 -0.062310646850564
-0.351329146983477 0.154200483487298 0.292694238273403 -0.065836513613672
-0.359025144177311 0.153329776015969 0.193487971366697 -0.0955655291253786
-0.345439035450659 0.2247294366632 0.0601204595955248 -0.0936909137522309
-0.337129339037872 0.267419052415166 -0.0727657764169733 -0.0959274050176543
-0.311951402044956 0.284795739655976 -0.144777246872039 -0.0599582038916116
-0.241718338509877 0.291823922445563 -0.17711533438303 0.015689564845878
-0.21208923666352 0.310738700726047 -0.186894092084981 0.0759523625619105
-0.243983354199292 0.309409639280181 -0.109210676306535 0.0537227001524004
-0.260742089967006 0.316771005939351 -0.0664980173965581 0.0123263162766725
-0.284798833721781 0.386231757043748 0.0431096892493935 0.211536417149277
-0.328128219690027 0.301962441529995 0.115270480377013 0.169988066113913
-0.376704849026892 0.276739430673929 0.200092866914021 0.0285814241575002
-0.418044009840224 0.231102854496477 0.248902577216366 0.0173605768718389
-0.430065867347992 0.206269324139705 0.281434656940861 -0.00592787952896937
-0.400262970093092 0.203048003492075 0.252325694495378 -0.0252737282350795
-0.394339948339071 0.193748408866337 0.162773583715093 -0.0148908905233223
-0.395626314463535 0.16940611026509 0.0415481895586903 -0.0250709661995314
-0.378058820139574 0.222132146145824 -0.076315226731875 -0.0120573322450419
-0.37442691964117 0.258052996548693 -0.156946771574886 -0.00612918146903554
-0.360413053223019 0.27655080898871 -0.168780233601761 0.0064632770451183
-0.296341288558688 0.28643253539044 -0.151354746766843 0.030717535073484
-0.261213372042748 0.321722890484772 -0.119830423410988 0.0472726291734633
-0.290988094514787 0.334307093900043 -0.0274796189242812 -0.0194144970185015
-0.295053269203226 0.357682810687333 0.0404625451725918 -0.105428825403526
-0.23422499096656 0.402697010018528 0.140347517935228 0.0758460845620656
-0.275374412268514 0.342820604637737 0.210550014623198 0.0666307933075963
-0.3243295896094 0.33985879688297 0.271953355274981 -0.0233136168994041
-0.369076028393875 0.303016152739956 0.269918262351879 -0.000537420372187384
-0.394046524477555 0.259030268476292 0.23615111221467 0.0386432856699215
-0.379205894636044 0.233858857445155 0.155239931885664 0.0380195476904301
-0.372633279101243 0.204521656678641 0.0196381827072722 0.0530164474038189
-0.371494950593319 0.159332857608825 -0.114728396579846 0.047283938272948
-0.354729571951845 0.185222950688066 -0.21334828032016 0.0548951908968115
-0.350676332393825 0.202769490789501 -0.238692633340409 0.0582387577303341
-0.348099921061346 0.212190971777305 -0.193496846528187 0.0511184589150289
-0.2962783392358 0.220295393048238 -0.122598511098813 0.0360931782502849
-0.267543519202865 0.267407664360408 -0.0469834322940671 0.0167581513614938
-0.292732301113837 0.297995289963058 0.0548116838103384 -0.0877667621540557
-0.284968445456047 0.339819285172261 0.143533863526434 -0.227316781439975
-0.151340322528658 0.345897386437712 0.211424015137589 -0.0491547033848695
-0.177992399812145 0.309979706938476 0.266678752470987 -0.0430946434343957
-0.215114136788712 0.315588014938677 0.300764184698373 -0.0707209223609955
-0.249302929323784 0.289673155430339 0.255909235983725 -0.0102566159269189
-0.284581817015178 0.238745620245823 0.180114994623826 0.0940903475929834
-0.288058863378784 0.212005169119312 0.0622999668163401 0.114201270699
-0.288309405308562 0.175602728528325 -0.110824273062416 0.124696121563428
-0.291376760274673 0.125945751188836 -0.252046613393337 0.106517140603298
-0.277340047093485 0.128439555254302 -0.331127450537904 0.0948220666300793
-0.271957472237129 0.132102417342871 -0.306050882353964 0.0881624493846767
-0.27327711261087 0.132762893698918 -0.211964498436419 0.0692589114831307
-0.238342861271115 0.138851445000989 -0.0975223930642366 0.0350788141153097
-0.22284635624326 0.185871377361185 0.0173853477247478 -0.00190794263937309
-0.243361963665458 0.228313380639953 0.123024586545263 -0.138111449097131
-0.23291860272931 0.279204068574683 0.22930809326667 -0.332393820795351
-0.0567519462550075 0.224112408827989 0.247261561423687 -0.137824257229083
-0.069143110318782 0.206276355057317 0.282024873058114 -0.128818031571046
-0.0956489997305008 0.211502096908144 0.297979632145367 -0.0980415693383513
-0.112355485133307 0.197424242512102 0.227611923267099 -0.00916416402253879
-0.140488019617721 0.153883179818822 0.133110084551242 0.143650016892862
-0.155123154642455 0.134251855798649 -0.003398066324245 0.181457765730899
-0.157863778132192 0.109071219098917 -0.205011698129012 0.18043840254985
-0.165337983813281 0.076406720406506 -0.351579848396284 0.146152151708746
-0.159946640718831 0.0703097282464207 -0.413729632241405 0.110676584399749
-0.158467062950003 0.0719735540614635 -0.348415762739943 0.091493905458688
-0.164001733986422 0.0735021620179533 -0.225181619625683 0.069774057387971
-0.143102979764273 0.0818930700676792 -0.0821518389958112 0.0324159975888293
-0.142721428621529 0.115785834297683 0.0610654252361855 -0.0124750687956981
-0.150883821116237 0.15486758611045 0.165543413215338 -0.171728496270163
-0.140583037509071 0.193864363734445 0.28637546606109 -0.413018494892849
-0.0591088948087814 -0.0837955018739412 -0.251218859370778 0.51266930712327
-0.00251599857869374 -0.0733220435421778 -0.166691782381823 0.279677662067403
0.0136160575403975 -0.080893600386267 -0.0804704472728393 0.0696096928554865
0.0323891520201641 -0.067830529667612 0.0606875352206693 0.0141207306205036
0.0420093275335199 -0.0348004098586987 0.229993588606109 -0.0713603762039248
0.0337442569868772 -0.0152518784461104 0.347650957278681 -0.100305254464757
0.0246390720288789 -0.0134392046165529 0.428953970609721 -0.146085798366599
0.0257249738717754 -0.00160145876907631 0.418981530999708 -0.224094951769258
0.0205598376191641 0.00508086686917931 0.26479525600106 -0.257981538283868
0.01246782556889 -0.00543712738751043 0.046085287037712 -0.274293214532622
0.0218950494616164 -0.027539484007262 -0.127338008768381 -0.195032630602341
0.028764216758741 -0.0416514083936827 -0.216350370522468 -0.0356322567172414
0.0119760947259647 -0.0558339140827589 -0.280337794071876 0.0882475671412696
0.0257087584240339 -0.0652228699376841 -0.278587848103589 0.133660751831489
0.00385330775127076 -0.0737688348827109 -0.279456594527543 0.145701899773286
-0.159852699178628 0.0598893395654851 -0.222520736973376 0.496107454947675
-0.119834629335431 0.0126922320145121 -0.147111887897423 0.28456911647315
-0.10672414984427 -0.0199988254154149 -0.0539636048706941 0.0684143290484115
-0.0965282797294993 -0.0325598087134106 0.0862566160297237 0.0166440489607073
-0.0941251450262947 0.00100521249526929 0.257391725310193 -0.0716086298441914
-0.0952615148944461 0.0337621527867688 0.365203111515297 -0.101806805695578
-0.118913762207498 0.0494841181132147 0.428935384641274 -0.138036025693533
-0.129933665026522 0.0703395070094932 0.396182407171018 -0.215903428638066
-0.127010872305383 0.112543147348215 0.242706905868925 -0.242914560970989
-0.123118106164687 0.126278424343576 0.0333027684410672 -0.250729927803784
-0.100523595549099 0.116962406171381 -0.123630636108313 -0.173752098647033
-0.0631234311224074 0.105970056440575 -0.205519062717377 -0.0168859023989481
-0.0622577550686614 0.101312369500393 -0.260806842646156 0.106971257074121
-0.0702244628945704 0.0934847026564203 -0.234138998220104 0.146935329292035
-0.0974479072318235 0.0877920663643769 -0.231418298325521 0.160095222741689
-0.238404605313775 0.202529269003558 -0.154031902979662 0.440083987878965
-0.231044662262534 0.113025076328398 -0.0870642395549095 0.279916277274967
-0.236398924623557 0.0639503766930487 0.00764174551771576 0.0714731943482779
-0.240398262718449 0.029487929185146 0.134132904307779 0.0230343175163075
-0.241913120886775 0.0563842714299905 0.287185133362406 -0.0658564936615087
-0.227566597995753 0.0916648596555323 0.362312459267044 -0.100771719235057
-0.250661132308765 0.113019732345853 0.383159620901596 -0.118873742555437
-0.263670325182349 0.133749565745423 0.314886351078967 -0.177041975278429
-0.253070288062999 0.199291016113448 0.169905249375031 -0.185875165175904
-0.24160488896855 0.233638634963137 -0.011151735518571 -0.18498087307241
-0.211190719118652 0.239511576489384 -0.130910482184534 -0.122092759088612
-0.150561340632883 0.234117349842428 -0.191605447933831 0.00657647865776858
-0.133630482126063 0.24048688751596 -0.22770321677606 0.108249670278165
-0.157677028427447 0.235145608997698 -0.175846513252239 0.118670121856997
-0.18457704114363 0.233371273963143 -0.156171191038114 0.111309246349003
-0.27555173483884 0.326096891156991 -0.0575978452750878 0.346306210179591
-0.306064515596748 0.226420197842411 0.0104359367652919 0.247030177484013
-0.339294080271874 0.183085703343158 0.101050474128298 0.0589175885807227
-0.364774038648592 0.137169301420892 0.196469372455939 0.020372914977293
-0.368828247813277 0.142499903183934 0.300795600972365 -0.0531201562293121
-0.339618911447583 0.162715225172254 0.327006565876803 -0.0855507299227619
-0.347964953970881 0.174035532464001 0.291969524642672 -0.0817611330593992
-0.356227369221461 0.178409457665036 0.190315584078948 -0.112196612551991
-0.338058916165122 0.246674324465572 0.0567517582363391 -0.10146364290697
-0.326359357094529 0.29032348284709 -0.0780573536163861 -0.090612461104321
-0.301463922451696 0.307987857598216 -0.145853835543977 -0.0513078890561167
-0.23097015396688 0.308542559499531 -0.171891128038074 0.0284010182186925
-0.200415047831773 0.328037933262597 -0.176896335626047 0.0898188934812102
-0.231270913755288 0.329804069590968 -0.10496841979427 0.0570290754677887
-0.247449060736322 0.336433681508823 -0.0626799815615655 0.0121602300088318
-0.263342172406394 0.407593500292198 0.0479970800186295 0.218094929809214
-0.317404809310137 0.324458299016423 0.122656434357813 0.169909773247882
-0.367687185516241 0.303940271250229 0.201209539698535 0.0176773794249068
-0.411469304609927 0.258531559658151 0.249663295667284 0.00373963181846914
-0.424868358074062 0.236782569439623 0.28561834409432 -0.0258115003496766
-0.393136068931257 0.229387262964996 0.254008673385989 -0.0439587973383256
-0.389725668019043 0.217249339213899 0.164767002766948 -0.0208589670441641
-0.392006255121427 0.19691921534877 0.0413926502647081 -0.0306214048816153
-0.370977285334608 0.246036815070884 -0.0772744515293408 -0.00976352979142845
-0.36379901311022 0.283343917168936 -0.157644213483975 0.00408951653367949
-0.351729355238461 0.302090756990793 -0.165820609860551 0.0167595300768137
-0.286088805719065 0.305955677442234 -0.145122759757206 0.0411884781277022
-0.249471541103242 0.341359468304481 -0.10942523163235 0.0558232154615108
-0.276825142221001 0.356176942964947 -0.0244383848535767 -0.0215822196248282
-0.278132976225338 0.379545398843633 0.0384125567139905 -0.114825451581166
-0.211836514860893 0.422295618099851 0.140535151567892 0.07422911518543
-0.261919299971195 0.364928577540395 0.214453644890218 0.0581029247078687
-0.311128865126126 0.36606971175157 0.271905594454437 -0.0415601423707129
-0.357879805764459 0.330920590787643 0.270129175559565 -0.0168560360098863
-0.386867825769107 0.288267445887675 0.242735362974229 0.0209430837738867
-0.371030870040275 0.261404523009845 0.159671283480294 0.025568598383318
-0.367474843419151 0.22751352824705 0.0242037335635517 0.0566167270602057
-0.368466921140397 0.186107911073562 -0.11158251813277 0.052593848512794
-0.348377771300107 0.208611448594296 -0.211236239363154 0.0677426217734047
-0.34158263954807 0.226513374205944 -0.236560632503609 0.0745975666909183
-0.340145675989361 0.236108608385933 -0.187903044088627 0.0635042848064779
-0.288591288008064 0.239528574699553 -0.116039816434528 0.0444082633399449
-0.257042842565959 0.287494146856095 -0.0369807264616444 0.0195816659976415
-0.279644517087677 0.32065518040145 0.0554413468260501 -0.0964829076106871
-0.269862347520012 0.361710435643317 0.135765440817066 -0.245268740884051
-0.132112245393907 0.359752018709764 0.204936233788974 -0.0573473217863345
-0.164467219997541 0.324388557446843 0.265267295934404 -0.0578434354117252
-0.202302823064595 0.335403331103938 0.299891184793561 -0.092850597579665
-0.236936478934733 0.311072404516834 0.256135623785311 -0.02737808548533
-0.276741273345056 0.261717304170652 0.189214241281983 0.0799247211662573
-0.280964305239712 0.233305142055013 0.0687851553586075 0.108574962478361
-0.283608768718318 0.194293718200135 -0.104083868921143 0.136779045771203
-0.289188746612417 0.147110007694912 -0.246971380788619 0.122724892790589
-0.273510963242327 0.147319544117974 -0.326615160999412 0.116741276514559
-0.264918000877986 0.150353055184942 -0.300679476065668 0.109136485779206
-0.268649612228192 0.152571377382101 -0.204809802232482 0.0835948221356963
-0.233044674715878 0.15497217093431 -0.0900782960585039 0.0410352413260445
-0.215081688190888 0.203493736762702 0.0269908536496737 -0.00490024639103057
-0.233371055038818 0.246825382222336 0.12181376438442 -0.150959932754484
-0.219895140211372 0.298389790021478 0.216328613501212 -0.358552185882908
-0.0431696297383083 0.230855372258703 0.23655151830648 -0.151555451316506
-0.0597081239523736 0.212767035807638 0.275754157633358 -0.147033485180065
-0.0867296755140386 0.22236688659605 0.295105807782857 -0.120702578684328
-0.102630959083007 0.20789407961263 0.22584922294099 -0.0247923177260641
-0.135670982681474 0.16698031619595 0.144155865085969 0.132943478815904
-0.150772928509696 0.146730263583814 0.00607507355914136 0.181390582480778
-0.154539768001618 0.119868042444575 -0.19667991893544 0.19752303248132
-0.164126329418252 0.0883822153032075 -0.34555941732985 0.16940124949926
-0.158067556683894 0.082293238738136 -0.409412356808518 0.13979494400333
-0.154930223435642 0.0831281440883631 -0.343315212047777 0.116161696622223
-0.16072659625838 0.0868451522869827 -0.218001506689301 0.0842932947237984
-0.140622583909816 0.0930628427877679 -0.0743920512585618 0.0377278713340549
-0.138208086188519 0.128090948588937 0.0699355442377864 -0.0180311959019117
-0.142923505614413 0.165898283566058 0.162343004093152 -0.187590415968998
-0.130949284070024 0.206801636126224 0.268567578144381 -0.444055205791904
-0.0658400614162701 -0.0781892638117977 -0.21803019284921 0.528070423830382
-0.0044268570408078 -0.0725348354589988 -0.15197803332471 0.289611218199843
0.00955496487761821 -0.0811640864638957 -0.0805545106362108 0.0748329641451445
0.0281833660727619 -0.0704760206388194 0.0545637803460121 0.00937630714579741
0.0404715510876266 -0.04003345888377 0.215144130415101 -0.0854214407879798
0.0339894753474271 -0.018457372176278 0.332705968853993 -0.121305257828026
0.02288586925026 -0.0153655206189241 0.410370431928697 -0.172650577513047
0.0259612001719947 -0.00498308675372463 0.3962135424727 -0.251249265694099
0.0203951513979222 0.00227555327551651 0.245231130849297 -0.273400890503676
0.0110781621598548 -0.00618581583245573 0.0300736608306778 -0.273714905012634
0.0188782343728903 -0.0291674636073308 -0.134680963210313 -0.183148099310052
0.024610467396616 -0.0448345510102196 -0.210889228371632 -0.0200022257425472
0.00808601398473147 -0.0558214564083362 -0.268021517544629 0.106079141456452
0.0215363296783359 -0.0668720240679695 -0.266177392061461 0.147431951479951
-0.00193815984778737 -0.0748876477177399 -0.262741960911503 0.157467528621813
-0.153922250317744 0.0695371333402 -0.192006500744546 0.509423192160021
-0.115235770472125 0.0185052228124032 -0.131906032958444 0.294474865975859
-0.105709254222491 -0.0138491551488594 -0.0538625119000911 0.0719820963953794
-0.095647215821832 -0.0273697609526269 0.0805481015093068 0.011145192001987
-0.0905900000794426 0.0052520957906288 0.243117879152213 -0.0880094976395991
-0.0887217849794421 0.0380267477378233 0.348912589782111 -0.125176641746902
-0.114030193104683 0.0545722165385482 0.4111331576068 -0.163088694157754
-0.123155653456375 0.0764767279978014 0.373796993008152 -0.240123494667276
-0.119415610079504 0.117764022438331 0.224573023765778 -0.25829437421841
-0.114860551384222 0.132685047870916 0.0184577067550736 -0.249034187606684
-0.0943037498579793 0.121961511504129 -0.129139679369998 -0.162200778699856
-0.0573732382273878 0.107346909877781 -0.199209630653374 -0.00244967412619419
-0.0570144001682718 0.10466871080669 -0.246144562743358 0.123654114928329
-0.064236596129151 0.0965015083838789 -0.221375170440361 0.157419376729114
-0.0928276665134341 0.0912560573286942 -0.214998400103191 0.169150103103944
-0.221272567218119 0.213873698604695 -0.130584105525091 0.450660168786646
-0.219826649342593 0.124690468885181 -0.0737257265015774 0.286644206497077
-0.228163792803797 0.0776405483737261 0.00623250474554445 0.0705072570936099
-0.23372447255738 0.0432392208744536 0.127822844523776 0.0147265533265206
-0.233086649764048 0.0699492057380341 0.273868518195982 -0.0843690223448523
-0.215886099629038 0.103256819871747 0.347914134847548 -0.124303824436664
-0.239901918932456 0.125023815075321 0.369749133909788 -0.140220174718287
-0.251926310969587 0.148850616465164 0.297231831927103 -0.196942645151068
-0.237732917761305 0.21121672400552 0.15585926494379 -0.197305444339899
-0.223938581370332 0.245439082255757 -0.0205747080082854 -0.179945903317525
-0.196031549437472 0.250150591128791 -0.132533926912435 -0.111074938628941
-0.136372458967418 0.239022393485454 -0.183443678751983 0.0196881930431999
-0.119274496944408 0.246229422192689 -0.211393104890917 0.122274599870559
-0.142678578634492 0.24238642612653 -0.164620876120083 0.125452991414046
-0.169989447759982 0.240863033549869 -0.143109600278414 0.1156006876419
-0.249432726104595 0.338407578269489 -0.040329768699626 0.351965175956563
-0.287922740868567 0.241391688670548 0.021252230696886 0.248011172442244
-0.323232684315787 0.202293119877998 0.0988887525804236 0.0522546786940934
-0.350714972630923 0.157075326755351 0.189687880494886 0.00890861877956151
-0.353963446985359 0.164866456700848 0.290686139758599 -0.0745048681803107
-0.322288505965282 0.18068566950122 0.315757337151742 -0.107535604155265
-0.331932269976303 0.191632949720864 0.283703758028411 -0.0959937559874385
-0.339886787787896 0.199526860798351 0.179427530230943 -0.125272903793257
-0.318625518877159 0.263885534109642 0.0494249327010918 -0.106519961127306
-0.303446836348576 0.305928114517019 -0.0808835479195169 -0.0836548616184567
-0.281251070329878 0.323338936528395 -0.142169818889553 -0.0408667035771066
-0.211273439255471 0.317038508729524 -0.16231272977507 0.039635765966703
-0.180580856663122 0.336717620142529 -0.160995306783827 0.0996140716375375
-0.208612414316412 0.340013019992841 -0.0973651282139791 0.0594272065151311
-0.225965265185078 0.347282941567127 -0.0570649968332137 0.0118272336810418
-0.233115479788753 0.417168830826177 0.0551503032632568 0.219721896248465
-0.29492306321535 0.340155156133089 0.12796351804983 0.164494376746426
-0.345403200726975 0.323275859483044 0.195348139882044 0.00510963418724068
-0.391209845473917 0.281239773512566 0.242349530138111 -0.0110256388059188
-0.405875186501766 0.261984318919908 0.279765562425131 -0.048047741833074
-0.371973773335679 0.250554463817743 0.246512083548281 -0.0628469492098617
-0.37220559396002 0.236902498794539 0.163884235845501 -0.0277393184627545
-0.373839779146346 0.220913459052875 0.0389633878028755 -0.035275985614114
-0.35090491410723 0.266044710886463 -0.075741233234335 -0.00662227827127493
-0.339834877984869 0.301156720719503 -0.153336929935303 0.0154606450165761
-0.32971578214569 0.320993187956993 -0.158290758554887 0.0267784663405273
-0.26501718654064 0.318165367980223 -0.134320727210214 0.0502763701111204
-0.226938786350283 0.352105713381854 -0.095619516170783 0.060457411363163
-0.252506358361072 0.369025395109169 -0.0223609661009645 -0.0241594696322954
-0.252529054237066 0.391226814363256 0.0345183043461917 -0.120657900201086
-0.180489084123657 0.428625282973935 0.137315618093045 0.0713330705340138
-0.239023647128826 0.376035492700898 0.212415850755147 0.0475085323967996
-0.286660606316379 0.381703418236725 0.263517582140208 -0.059394207272451
-0.334415479748739 0.349722047998262 0.262368513781144 -0.0333252670038845
-0.365681254575612 0.311702788726682 0.241571696280844 -1.15727626488239E-06
-0.350249676546486 0.281009275834025 0.158139359811608 0.0114486297845762
-0.349569890144563 0.246321107020919 0.030517977700938 0.057919791422049
-0.35209032863691 0.208013721693723 -0.10546209150906 0.0568144626974643
-0.330202297619651 0.228041797819867 -0.202897767101078 0.0786468969522415
-0.321005436839596 0.242856403831453 -0.225459202945627 0.0898633463777879
-0.320593258226516 0.254352080699689 -0.175701638961191 0.0733386034464966
-0.269787041419661 0.252998794152094 -0.105202607134233 0.0501125352808003
-0.236723889283265 0.299340039155344 -0.0260683641144635 0.0198102688458036
-0.256189062901177 0.333034611674977 0.0529744686288897 -0.103060175476524
-0.24544267404637 0.37359411943455 0.121565235834481 -0.256393879960438
-0.106782296909432 0.362704984876455 0.19310244380524 -0.0641231246278457
-0.145505526461529 0.331445684229221 0.256326964078744 -0.0718854438860081
-0.181229603035072 0.345938361389276 0.288062602877399 -0.113030521035796
-0.216730019648336 0.323154539440431 0.248286895025306 -0.043230868846852
-0.259409639636442 0.279266844845323 0.192083056291646 0.0610159704357157
-0.263442498902427 0.248929013785577 0.074111090065175 0.0990509583382052
-0.268979884205436 0.209495366597835 -0.091457026384819 0.143967089904488
-0.276870184904361 0.165056037250901 -0.233757534230121 0.13547265444873
-0.259634906716446 0.163120671887442 -0.311769051642521 0.135373400521223
-0.250771381698327 0.164624476948327 -0.285656847013323 0.128029731231563
-0.254300054195169 0.168481683602594 -0.191006762278052 0.0935307022234469
-0.219181330705017 0.167317529792139 -0.0806765814741183 0.0457225690415359
-0.199781009698841 0.21551277870491 0.0346130816226487 -0.0091136889237292
-0.2139433843379 0.257677458993593 0.115440885633989 -0.160484253549405
-0.198707839581959 0.30894907960845 0.194075399911937 -0.373940124466514
-0.0276682462681759 0.230091806232249 0.219330405102729 -0.159520352907232
-0.0467745422692186 0.214197764080595 0.260121721214209 -0.16267733703221
-0.0722848383001591 0.226801507986135 0.281262745056491 -0.141714452499
-0.0889887012835417 0.213368061379294 0.21852745039824 -0.0410824575466367
-0.125349468541323 0.176027157004874 0.149574841434081 0.11621570155028
-0.140127427388572 0.155612117153911 0.015898135805168 0.175472661220338
-0.145345983193594 0.129152086747917 -0.179930773722978 0.209731319931368
-0.156907234595597 0.099978302222322 -0.327649797639988 0.189176329598414
-0.150258095959501 0.09198839596421 -0.390841303321474 0.164577569121747
-0.145863927697159 0.0916148252782975 -0.326213963270806 0.138194335636262
-0.152095434558848 0.0978857821298784 -0.204074732601703 0.0964344314987214
-0.132240760317198 0.101914544946063 -0.0650251910159355 0.0404168823275454
-0.127827607666884 0.137282484370386 0.0754784025139977 -0.0259447181860168
-0.130076175598609 0.173416263082109 0.153116510512918 -0.198392208194702
-0.117084643781032 0.213718137061728 0.239395963794824 -0.463345976651873
-0.0692891320079168 -0.0718009179654694 -0.190902093120495 0.52470093893915
-0.00518311076983856 -0.0707330286271496 -0.139069948617729 0.289637973277288
0.00600103442969598 -0.0798516557833309 -0.080154325220193 0.0773560409360778
0.0240030721981078 -0.0704808155450381 0.047350793528637 0.00692300193936795
0.0388671578076263 -0.0438790430870559 0.196358301996672 -0.090946897666063
0.0336718407058465 -0.0212905040523079 0.312811726197442 -0.131417683668525
0.0215740349455578 -0.0170300686741602 0.386237965680699 -0.185227435437196
0.0253804536260173 -0.00802771721869545 0.369498409719305 -0.260528476403637
0.019354893406663 0.000595414551393086 0.227207911920864 -0.277702615756983
0.0101862427257401 -0.00620479463959927 0.019499162211404 -0.26502082312279
0.015419448757692 -0.0300565583108524 -0.134739858250974 -0.170170888799563
0.0215291068003466 -0.0457090358616402 -0.201470270312123 -0.00995432811328656
0.00539938391459833 -0.0546342224909122 -0.2538958383296 0.114286756354989
0.0176072056874058 -0.0672691234165883 -0.251044713415473 0.152553789348501
-0.00657422259499801 -0.0738146724701875 -0.245660973175151 0.159574782312659
-0.146287287175848 0.0739536277017645 -0.16860088250672 0.50643071264175
-0.10832651165394 0.0217059361919966 -0.120481709909316 0.294606512239586
-0.101129816487876 -0.0105120778922036 -0.0553597915037859 0.0737693225320608
-0.0931311218367372 -0.0236221765616493 0.0721054805098239 0.00798867172826887
-0.0856393041253255 0.0065629707580745 0.224720852158079 -0.0956244792111194
-0.0808614490985608 0.0382613282710807 0.32817064293743 -0.137703986394465
-0.107315383072228 0.0567836525966205 0.390271568086063 -0.175893236274403
-0.116025946425815 0.0779010377244665 0.348146748232482 -0.250671736389499
-0.111307126731928 0.118166551880056 0.206782083418781 -0.262170780920315
-0.106190273267877 0.133241488018534 0.00878178840419756 -0.240981917891813
-0.0885069456159288 0.122086227695801 -0.127727889087167 -0.151220915809568
-0.0527861233849215 0.104744834098258 -0.188673535896638 0.00710266662929065
-0.05248912891351 0.104533093145563 -0.22929103054109 0.130677775362126
-0.060134571048559 0.0954037649704771 -0.207924626297783 0.160402943518836
-0.0882126404965308 0.091145600603663 -0.197651214971104 0.168861087962396
-0.203636706797653 0.216286012283235 -0.11174865468026 0.447544755007634
-0.205984749064996 0.128408237784996 -0.0633792080491061 0.285266462521128
-0.215446939794985 0.0838963831569425 0.0033919733966595 0.0694304650359729
-0.223016361107001 0.0506772836252013 0.118040866375718 0.010515289335532
-0.220627268844434 0.0763597358511358 0.256211456126642 -0.0946675327842624
-0.201001293920578 0.106957333033812 0.328161801294897 -0.136278728764561
-0.226256843844497 0.129929374294806 0.352007299757153 -0.149571884846757
-0.237548990211098 0.15457655839152 0.276893326961151 -0.204396585140278
-0.222174072417819 0.213658125108938 0.14147988522478 -0.200471376498405
-0.206905858487699 0.247787645120498 -0.025943397931513 -0.171791320970104
-0.182504205360341 0.251400062313623 -0.128422519037844 -0.102211281018346
-0.125074235230185 0.235908725523625 -0.172147809285506 0.0277230012739224
-0.108072452709097 0.244778726386836 -0.193151719651701 0.127750176830618
-0.129567185846535 0.240248404137613 -0.153374627912845 0.126115597570917
-0.157530123779533 0.239771064901104 -0.129968096338161 0.113901267667211
-0.225686874688595 0.336135757825963 -0.0295886735895946 0.34953116118873
-0.269246018744895 0.243910317203116 0.0267878956562692 0.244310824064184
-0.303867234849563 0.207929796762948 0.0922745339084277 0.0470410402257063
-0.331949996719699 0.164770306134205 0.178854545741855 0.00252159044073945
-0.334319591477002 0.173733207498452 0.274675898323618 -0.0862599249925233
-0.302032073073147 0.186533398380106 0.298706954282864 -0.119837777747134
-0.313154638715559 0.197385511515647 0.272629717135479 -0.103354545094581
-0.320598952238303 0.207936465540522 0.16712440929882 -0.130737992756321
-0.297955859493264 0.267744935457549 0.0427669505022497 -0.107162287449864
-0.281793479832121 0.308950153726622 -0.0795022492629725 -0.0758413265348356
-0.2613252667198 0.325283118912973 -0.135169378865125 -0.0343761041121186
-0.19449723408088 0.313661971623986 -0.149689293593263 0.0452622370517319
-0.164091913579729 0.334920711106613 -0.143368458023125 0.102359811810298
-0.190021831156591 0.337099630534381 -0.0902999878289207 0.0582551631855835
-0.207129818590837 0.343688689980713 -0.051230733036085 0.00916394844324627
-0.206963559781261 0.411356613186081 0.0579826430534886 0.217430888391608
-0.274221287321439 0.340235009509997 0.126969767331256 0.158884726753232
-0.322788339008166 0.327136936004449 0.185758174739736 -0.00351180416440829
-0.366682631995415 0.287882957074776 0.230595614622565 -0.0186090898406011
-0.381548650998521 0.271192621882394 0.266515178914388 -0.0621705305721916
-0.348851748342713 0.257162072371997 0.234943591388421 -0.0737874535622417
-0.35068496166897 0.242236313920834 0.160992715089536 -0.0316995332616885
-0.353185851323547 0.230615669166444 0.0359459689770123 -0.0380353214152387
-0.32735994302067 0.270990221309309 -0.0743882585786855 -0.00510143385529947
-0.315442389842311 0.30440496448207 -0.145347589363941 0.022700201358143
-0.307491702215708 0.324043237706014 -0.147075369937676 0.0312864798098497
-0.245716899782539 0.317423303806316 -0.12160445693331 0.0539657177232239
-0.207903471593748 0.350530146453818 -0.0812605678722885 0.0609327781074022
-0.229426580269491 0.368195616218954 -0.0195170198530837 -0.0266846755484759
-0.231741756830544 0.388881274947405 0.0319470118484558 -0.123873625504178
-0.156418220134172 0.420337809503958 0.130833953421317 0.070049094319198
-0.218658585696385 0.375049174977849 0.205159103303316 0.0410088199239495
-0.263419444265251 0.383718513347671 0.250196587175757 -0.0696413233034828
-0.310193546307808 0.353767772099183 0.249824373753545 -0.0429074327469331
-0.34322126014285 0.319543692678419 0.232861576554643 -0.0150805020353822
-0.327468638104147 0.287116045194571 0.152553083408842 0.000672751487345604
-0.330356630772242 0.251710480046145 0.0360721523301518 0.0571534465608839
-0.332308561616381 0.218208074251768 -0.0988697651478228 0.0576955107347019
-0.309764291863392 0.234091928083976 -0.19182019160067 0.0836060936738332
-0.299431312176949 0.247836007351104 -0.211315912349169 0.0969497998545983
-0.300636044572423 0.260306925330029 -0.161442612833924 0.0765010270358648
-0.251504589765268 0.254082280122076 -0.0937126517063234 0.0519880511726189
-0.218720188477239 0.300491463113428 -0.0152016813638202 0.0176993610989938
-0.234367817638015 0.333270520962885 0.0509557992966921 -0.106285141120947
-0.22375138324313 0.372312519133728 0.109977176868845 -0.260131138151892
-0.0885313347860284 0.353876740097271 0.180271185914735 -0.0641799405354772
-0.129617116581608 0.327584753694957 0.243161194441927 -0.0779686435899102
-0.162880029528288 0.344715436082256 0.272613441293317 -0.124685188345271
-0.196930281898901 0.32461371734263 0.236320360831373 -0.0536997388268246
-0.241087416663187 0.285083393634422 0.186844024993443 0.0452890154301715
-0.245099018085129 0.253567569590154 0.0739508300720749 0.0885785240984898
-0.253262552130442 0.213791615587423 -0.0789850045112455 0.144456449288804
-0.260962733730559 0.173358382168634 -0.218660037108201 0.139628780246916
-0.243559808304627 0.169393952689216 -0.293595453115944 0.144440301471463
-0.233274134681178 0.168573090214374 -0.266378553974326 0.136429097140539
-0.238441689789805 0.174971059965649 -0.175489276892806 0.097051666371132
-0.204243919931672 0.170127548063147 -0.0699101860446382 0.0456476958914062
-0.18461437747389 0.217973461097681 0.0417806467176003 -0.0137966015656709
-0.195699802358029 0.258236403575791 0.109003212983131 -0.164568083102003
-0.181240586697783 0.307807325831546 0.174952859390434 -0.377089960008811
-0.0176138097388367 0.22310312585861 0.202309614969013 -0.158141373874751
-0.0384220034594694 0.209421724873965 0.243039795259411 -0.166424864277079
-0.0623770159015335 0.225153751479637 0.264829912141848 -0.152259109693006
-0.0768674395602266 0.21276092998987 0.206561347488915 -0.0509361543213949
-0.115027000098027 0.178497704855431 0.147466593392179 0.100945160757648
-0.130558139050991 0.15796522410902 0.0200974516198753 0.166109252782033
-0.13530316888972 0.131185416782921 -0.163469439240066 0.211398005308562
-0.147891908966788 0.105033140514246 -0.306228948983896 0.195960948698244
-0.141475021258056 0.0963510498157258 -0.367023005262547 0.175892161055848
-0.136714283627582 0.0953293411451943 -0.304440917204202 0.148201912743125
-0.14133822647492 0.103011064783231 -0.187149593211948 0.100545363251501
-0.122235477628378 0.105221878574474 -0.0549203467781078 0.0407486924141156
-0.118110460498485 0.140905431454541 0.0793210412795675 -0.0321772419381861
-0.117925971589792 0.172893191200295 0.143756942372643 -0.201995270189425
-0.105440042546697 0.213219035941265 0.214440373355501 -0.46480573842089
-0.0696986370559332 -0.06693130474913 -0.179786841645941 0.518370708048489
-0.00476041299750852 -0.0695273739928503 -0.135844645980792 0.289265860022898
0.00489222876694411 -0.078679257393553 -0.0834474520428541 0.0779692628436644
0.0215005193336795 -0.0707856862437596 0.039691581884097 0.00726973182961436
0.0372818566477224 -0.0467954638086653 0.182723523237914 -0.0895235583928698
0.0345549785425588 -0.0231597050706093 0.297555277614549 -0.133261021779258
0.0202564969874669 -0.0175902712800105 0.369215445870798 -0.186737120096531
0.0247890224852558 -0.0104547432831031 0.351646692165001 -0.260676289633394
0.0185547799214127 -0.000755446895870298 0.217392047331215 -0.275142996504793
0.00970494449182769 -0.00627267729986217 0.01629903363065 -0.257714128265235
0.0130359714608484 -0.0303361256366578 -0.131736730814203 -0.162533360701069
0.0192636891554997 -0.0465959335331661 -0.192324642587843 -0.00596849394318849
0.00371022623924428 -0.0539564952098235 -0.243038626516264 0.115887681250126
0.0154013041789584 -0.0675304595600738 -0.24149885662546 0.152114707954791
-0.00950389954174295 -0.0728348616166183 -0.234228202144455 0.154576348543559
-0.140716094274917 0.0744205620057807 -0.159702008259636 0.500963732316474
-0.103809373856024 0.0213150168570314 -0.116491610669694 0.294273264511438
-0.0963547232723734 -0.00931943539913271 -0.0592878163850391 0.0744381933626383
-0.0894790856781713 -0.0227707749986747 0.0641028968900247 0.00774903973980334
-0.0818165530408418 0.00496311836360046 0.210697909019454 -0.095762779413604
-0.0754470665454695 0.0362498269374219 0.313948078741331 -0.140141594335803
-0.104327117828589 0.0553984656143725 0.375076409913488 -0.176227667200044
-0.111574415850734 0.0764813064296344 0.332547650146647 -0.250812870252158
-0.106459093905259 0.11583185275959 0.195898710945941 -0.260918148127742
-0.10207652229704 0.131342173776263 0.00721871892756642 -0.23387617955187
-0.0867466871569 0.121055287758236 -0.123404719846303 -0.14514396992895
-0.0518701926734077 0.10186770309556 -0.179349023327235 0.0103119592672725
-0.0511305759684828 0.102812776915367 -0.218169604085143 0.131419824589965
-0.0583767447440025 0.0934344855019633 -0.199882541874148 0.158684694111418
-0.0883408225289427 0.0892272371481514 -0.186995153954828 0.162957216106682
-0.194007237212623 0.211935517897831 -0.105573807133844 0.443468099590936
-0.197972074241515 0.126110662377715 -0.0612578475714135 0.284517142845307
-0.206533697784922 0.0833484199500349 -0.00248972708899278 0.0691058507152905
-0.214012088668421 0.0512495091913041 0.109770205870633 0.00977874366643986
-0.211237167515423 0.0762400473176833 0.242372881764368 -0.0966257082628335
-0.191661389463742 0.105249873376762 0.313956238764797 -0.139098676021802
-0.217902460028311 0.128199254693159 0.340419753970535 -0.151546457342756
-0.229393750486405 0.152895080868325 0.26366330063295 -0.205293743751809
-0.213628885467101 0.21038734968535 0.13344322008499 -0.199008335327625
-0.198050459457202 0.243801686880802 -0.0257352041073444 -0.166434734648926
-0.176643350547814 0.248957692741331 -0.122787068026211 -0.0977631644526606
-0.12144866503103 0.230373078096288 -0.162864170191697 0.030261097965245
-0.104256254672646 0.241093943410818 -0.181262469290712 0.127065303679945
-0.125367567464417 0.236207851203556 -0.147139273924889 0.123958441224227
-0.153732805553675 0.23552341571162 -0.121164125773286 0.108628608009348
-0.213326910717848 0.328180064400138 -0.0278830496459642 0.34877476790954
-0.259672508628493 0.240374663148014 0.0258848381071626 0.243420972234884
-0.291695020446654 0.206593271434228 0.0842689174511128 0.0461039889403541
-0.318986625500105 0.16581417890854 0.169554875075306 0.0014064729855102
-0.322179227547903 0.173680381053641 0.262288223434671 -0.0899648820384198
-0.28809240250931 0.184590186093374 0.286063981725507 -0.123092466518051
-0.302540423599865 0.195151866487227 0.266352157231507 -0.103947065394143
-0.309343607583735 0.208186091318768 0.159023671007775 -0.130652195553214
-0.286612052381369 0.26464223869335 0.0382094715107466 -0.106800077425684
-0.270613070768034 0.303668632269379 -0.0768585162247615 -0.0712399865312923
-0.25284240456245 0.322824717482681 -0.127762342407963 -0.0328164737744967
-0.188530307593014 0.306907279098128 -0.14012650630826 0.0461902558072474
-0.158213250857041 0.330142346679214 -0.130696361523075 0.100595994439434
-0.182538539696544 0.33143487952431 -0.084899913024027 0.0551265697929622
-0.200440111559433 0.337819017497667 -0.0462470437811786 0.00411888834626466
-0.195080184598876 0.399918072910347 0.0544676627223462 0.218570564093409
-0.26425576334777 0.334484951196921 0.122835958339088 0.157815692428143
-0.309489570394803 0.324090565910875 0.176138681489714 -0.00587532571627205
-0.353259154676635 0.286182613954445 0.22061965201615 -0.0205699359536065
-0.368270016069587 0.27166751371149 0.256196909423357 -0.0679741534720964
-0.335167792408452 0.255162287726515 0.225994874089055 -0.0786520038750835
-0.338711804642018 0.240272157955044 0.15986897938111 -0.032400755171007
-0.340507669316294 0.231145409481727 0.0341085127281094 -0.038966962872653
-0.316098293462911 0.268417208938843 -0.0730396206983531 -0.00497170828484732
-0.302140711006018 0.299455670818095 -0.139089763805705 0.0251721416249115
-0.296494970510195 0.320732509753539 -0.137917274927412 0.0304715226602929
-0.237374389071743 0.31009283967039 -0.1125176387448 0.0536145858594748
-0.200261154176076 0.344563377563766 -0.0697211678958734 0.0579650940866856
-0.219522255581348 0.361123561077343 -0.0161288300192739 -0.029385384272876
-0.222587177207231 0.382151305526469 0.0329219938391668 -0.127249141298406
-0.145790756260784 0.408469810417692 0.1243375872057 0.0741093774917145
-0.210649396893745 0.36829737914236 0.19787185327903 0.0410184615790413
-0.252602048397639 0.37932832963914 0.239714247233213 -0.07252054840398
-0.298106517093479 0.35032524176439 0.240477708215272 -0.0451180120202672
-0.329798607203438 0.319354266750957 0.224506727456075 -0.0235167432588015
-0.313959921013896 0.28539041747426 0.146913065519347 -0.00569185701255968
-0.317494315116751 0.249289477863872 0.0401166156052844 0.0549398436129106
-0.320732393932276 0.219439912782867 -0.0947999711841375 0.0554563753117638
-0.297825062309832 0.231824138321686 -0.184868182974088 0.0836341569987159
-0.28641861762163 0.243481768381739 -0.202024217009768 0.0988283663751993
-0.288947529920468 0.25873802034557 -0.151609553642827 0.0739290351824792
-0.242163695160722 0.249420169968929 -0.0845820133561323 0.0502382330856961
-0.210197176166406 0.296606310252006 -0.00595083024418511 0.0140931210850683
-0.223133406010762 0.326921772291856 0.0512110778542277 -0.108789631264324
-0.214345545033128 0.366907460164431 0.107311484032235 -0.260755241846492
-0.080873314961016 0.343688395736524 0.170128608013881 -0.0582365325567176
-0.124229432411184 0.321561308194801 0.233436357525457 -0.0768882859744337
-0.155648663571152 0.340594538083893 0.26183876502773 -0.127708992833708
-0.187901022919759 0.321163918111049 0.22697631048041 -0.0569934703200928
-0.232233630217293 0.284290154168647 0.180463382243797 0.0361042965156082
-0.235765090165501 0.252050763580718 0.0715756030952895 0.0821112164595169
-0.243885367261752 0.211826035485487 -0.0710668929424961 0.14261056561668
-0.251435826373904 0.17545077614136 -0.208965121225807 0.137637083854464
-0.234303347385675 0.168971388490212 -0.281036410153785 0.144417263967425
-0.223474200395951 0.166517168305729 -0.253861262189762 0.137152096507574
-0.227503624633134 0.174896140591295 -0.164057854720841 0.0939871834029737
-0.195454501506452 0.168408369856135 -0.0614559614740348 0.0434306039174523
-0.177290956498767 0.216386687057189 0.0483438524625154 -0.0179993434153915
-0.186119854842548 0.254042223087656 0.107181724119633 -0.166951106251127
-0.17202328291218 0.303725315029252 0.167208447248295 -0.377437565961082
-0.0142483753315043 0.215911578575117 0.190581081170668 -0.150516747122197
-0.0361522606386272 0.205141268317865 0.231912312801172 -0.165316546062015
-0.0580265238468352 0.222117348872689 0.253931403404499 -0.156271114028206
-0.072080956830022 0.210165630836732 0.197698597397819 -0.0540620283218834
-0.110281124315809 0.178500948013431 0.142086992764555 0.0921537830043457
-0.125792988151009 0.158112090084597 0.019228814978359 0.159050505760459
-0.129839256224043 0.130120969067911 -0.153886074710147 0.208747325955146
-0.142822779655911 0.106459887497043 -0.292769825972632 0.194583079239068
-0.136180843688355 0.0964425680238942 -0.350866329463792 0.178375695915948
-0.13052245086746 0.0944618232167659 -0.288823076238335 0.149747179272599
-0.13481267083901 0.104319436489483 -0.174429311591135 0.0983937301027545
-0.116111790037971 0.105636264952102 -0.0467992255594401 0.0385536347681583
-0.112372944347283 0.141124008491671 0.0833392398134315 -0.0373623573559768
-0.112250483034305 0.17029403603525 0.141329855739526 -0.203485260133838
-0.0995856315184621 0.210760439244924 0.204839930263918 -0.463141043109557
-0.0792366454134242 -0.0477150741042993 -0.0841225242242516 0.56296552170331
-0.0134228199093785 -0.0657425485226009 -0.0831535632516102 0.321914272107188
-0.0103046185940367 -0.0754439532858308 -0.0689349480269824 0.095098517488532
0.00597303097187292 -0.0734846452525349 0.0405062620493465 0.00232308188037755
0.0249702536563675 -0.0580831822763299 0.163639881445872 -0.121317050267499
0.0286126731758433 -0.0349124333458283 0.269651979117375 -0.186128131139273
0.0161804494482555 -0.0246957193557955 0.328356947497606 -0.248428676639942
0.0216831614304116 -0.0189637939684794 0.292968357031604 -0.321207602286089
0.0192428975520462 -0.00775697069808444 0.162450065813447 -0.317787849287313
0.00853776112829165 -0.0102522184484902 -0.0338814658995249 -0.262160714457924
0.00479066000109346 -0.034210282506529 -0.160973018021605 -0.136008053206382
0.00613589363655649 -0.0523554855162164 -0.190183726079024 0.0341300184447505
-0.00986130215783422 -0.0534253599087159 -0.216596349123791 0.167859633213404
-0.0033937198961067 -0.0707130644810021 -0.209803611966405 0.206035815486458
-0.0297523448867887 -0.0689975627466134 -0.200888221905365 0.1980365012878
-0.120139436197384 0.0968830347661344 -0.0768075824383965 0.544774959093957
-0.0900084943756212 0.0393754871531916 -0.069086252051968 0.322383501732848
-0.0918252155532707 0.00935662253967169 -0.0553570373383808 0.0832476749061332
-0.0876531101704134 -0.00544263859694174 0.0583517092607547 -0.0086150147773033
-0.0765452978423063 0.0144788024705961 0.181702134362615 -0.137904383259269
-0.0651937287376201 0.0415520180185163 0.277737500775634 -0.199070151057743
-0.0863396145064999 0.0695015746343935 0.329527916894244 -0.247833060010528
-0.0948537616239198 0.0895806528391936 0.275934853971729 -0.308928620603528
-0.0801956853552448 0.126442042615215 0.145986997499822 -0.300973515305293
-0.0743767573498581 0.14252736354608 -0.0378914137304784 -0.240648485799026
-0.064225314897694 0.127814255790237 -0.152525062849472 -0.12245429807099
-0.03677041563414 0.103773510041713 -0.175478921076677 0.0451389417710528
-0.0344949215077145 0.107475460546253 -0.191773327425656 0.173077768742098
-0.0444334232181575 0.100939281796325 -0.167095691053601 0.194806833795268
-0.0748722547178572 0.10581647125062 -0.152617463626048 0.186433258538499
-0.144867829442402 0.233861659381704 -0.0413474613667907 0.480323357796743
-0.161160782096228 0.156958936692955 -0.0219456677389252 0.301967411309004
-0.176999300040493 0.117830387505905 -0.0117136162933939 0.064128513822322
-0.188326978070797 0.0894509786453529 0.094452544200656 -0.0221237973912186
-0.185914511336309 0.108261842424258 0.203267525531052 -0.148484240370937
-0.163481312881948 0.128760735110157 0.271019383429316 -0.202710262587649
-0.179321485024267 0.161504381641409 0.294294949901719 -0.224534594423623
-0.194686922022766 0.185397478895285 0.216351691636881 -0.252178805805279
-0.167023332424442 0.236513392323264 0.0961682588806333 -0.228947452212697
-0.147867585110043 0.268301830696944 -0.0575539125707981 -0.169960487677359
-0.128061912809615 0.266565831487517 -0.143684821378054 -0.0784951414078889
-0.0800945116482348 0.240057359575329 -0.155989359416775 0.0575914097898415
-0.0598616132680846 0.250659063299602 -0.159786234509509 0.155421894144175
-0.0808809797563554 0.254072407585598 -0.123013058370854 0.1391655439134
-0.111702666142418 0.262488795064957 -0.0985570901331216 0.110088420665361
-0.143134461489296 0.345394532170423 0.0124281963286707 0.372737821345182
-0.199709003365238 0.278338548375022 0.0527366581020035 0.244531227605371
-0.234532922549963 0.250567804385694 0.0597425046917705 0.0243815822250736
-0.264884603908737 0.218804908434716 0.14204301004813 -0.0455164078174242
-0.272621973209012 0.222370168428804 0.214474132451379 -0.14769411907905
-0.242413133319867 0.223115030537327 0.240057475926166 -0.184019592467424
-0.247214802770776 0.24337199406778 0.225024720247282 -0.171063011599513
-0.262653559799909 0.252479933792149 0.128453231354237 -0.160676044657245
-0.227665471224735 0.301421579857174 0.0203348724566708 -0.118497439775767
-0.206575443131206 0.339632826183884 -0.0898806135173005 -0.0666211001135274
-0.186920999125976 0.349480339400641 -0.136163593387023 -0.0147597945031199
-0.131141774445836 0.326358399745669 -0.131015887659559 0.0668164049785926
-0.0945145724223689 0.345256224498248 -0.11698699959233 0.113504603535965
-0.116094361214955 0.358535173134621 -0.0745425547286208 0.0496632001071572
-0.134841322646042 0.371765037647215 -0.044036825101175 -0.0168787151850443
-0.112788118737799 0.409522834876006 0.068902950555738 0.229567833525395
-0.18803263732456 0.37029020905738 0.130074053009331 0.141989538170786
-0.230299774796954 0.365756881470774 0.133319429368132 -0.0408979005519245
-0.272058818833309 0.340532587004573 0.180414595598446 -0.077557043171265
-0.298876281839916 0.327498114775794 0.205701025027381 -0.124445181993891
-0.274064631151825 0.302875754880165 0.183022825608694 -0.12867361653844
-0.27280836092928 0.295211698426189 0.130060738589744 -0.0843313802686919
-0.288920812219383 0.281854964291614 0.0232799044230271 -0.0475664748268757
-0.255509342265623 0.311403166758316 -0.0700522299581102 0.00493058577693013
-0.239272188241604 0.340990118399472 -0.132057026671104 0.0422036925856026
-0.228224288224316 0.355969166539561 -0.133197019863743 0.0496667207604453
-0.176169417914444 0.337817453741818 -0.101845965168482 0.0658868178169689
-0.130561785544379 0.367651068497454 -0.0637797517171536 0.0547711179975145
-0.144970265195092 0.394120813839865 -0.0215494710536049 -0.0540270609160254
-0.145979036495357 0.417111524365547 0.00876442815438513 -0.167159357081947
-0.0654876158405253 0.409419860306193 0.113390685977998 0.0713326292178395
-0.131958848219563 0.391699470743324 0.184910468964491 0.0113468182671877
-0.165799894158579 0.408110105284566 0.184483915022045 -0.115721243907569
-0.20796092966186 0.391834271086672 0.193667721194639 -0.100499254206144
-0.253330449599998 0.366961509419281 0.182197219075086 -0.0710538376164917
-0.249502206042765 0.33079479090475 0.117568434018179 -0.0391926559310179
-0.252288477554951 0.301392077148503 0.0278793649135106 0.0250714792923791
-0.271771862335836 0.268519276351817 -0.0837403067619051 0.0691812201083804
-0.244420446566384 0.274582389181828 -0.164090593596219 0.11526975591098
-0.233994169086581 0.284831352145411 -0.179582310782842 0.128746005314789
-0.230599920995285 0.295128968419953 -0.136713632700167 0.0959982980011283
-0.190541748329899 0.280720803906424 -0.0729682864920375 0.0577253437596722
-0.146459055360907 0.321737013840148 -0.00619727252619044 -0.00329044433255755
-0.151955334598562 0.361212328939372 0.0315950338671696 -0.146926120582009
-0.137608280783475 0.398843129460775 0.0565101309676302 -0.314992459010738
-0.0152667541706769 0.337430115676913 0.140364609195086 -0.07288885890776
-0.0594407646062339 0.330661358092733 0.2034792263809 -0.114288539982941
-0.0814512481646952 0.353306330044401 0.204334155063785 -0.172529610863578
-0.110101479391196 0.342347174390407 0.183985218084116 -0.103632631898089
-0.165447059468457 0.317764153752998 0.155824939710089 -0.000386462979847112
-0.179642820541272 0.28597377477234 0.062387620563866 0.0642311638093888
-0.18945351568609 0.252759144774272 -0.0626501774499086 0.136643221395914
-0.212713243763315 0.215628174047104 -0.180152192293184 0.171370428196982
-0.196514504270189 0.204589739763619 -0.247164956668124 0.195726283523487
-0.186765411645215 0.200294199318673 -0.22233681366382 0.180356969552541
-0.185583751249805 0.206155595813375 -0.14356564464155 0.119065829245343
-0.157371756260102 0.195423361196093 -0.0498210493992359 0.0472239835723124
-0.126789381919414 0.239927615027078 0.0439759465856095 -0.0444559959568058
-0.127141583721051 0.282650414350733 0.0764229599132535 -0.213301094720163
-0.105768170200527 0.328647166136988 0.0936935656007038 -0.43859839365257
0.0249751328572685 0.206100648802716 0.152284486368573 -0.17467938690831
0.00253413834000815 0.201021940181694 0.191985218841036 -0.204335902030958
-0.0116292175338913 0.222265424677645 0.204027964717531 -0.200255741239461
-0.0221499096490215 0.212777047451551 0.166256124237343 -0.0906669418867772
-0.0688659145004378 0.193333751407949 0.140461904148177 0.0649703989160529
-0.0896291104269436 0.176983773132556 0.0333248832634648 0.152694325562847
-0.0973456797045453 0.152677951610153 -0.125646835313149 0.224340792529012
-0.119782493545523 0.131000894811976 -0.249809389505389 0.244478988031594
-0.115648991816493 0.119442070333072 -0.310059123132095 0.244076649092012
-0.111794272703983 0.115513718810969 -0.25435157693014 0.203705560531831
-0.110134813462369 0.122756250549395 -0.151565155766373 0.128021913238371
-0.0918160577147783 0.122524381322004 -0.0348229659020847 0.0406346688572448
-0.0781843389444484 0.157694124601443 0.0767725820720055 -0.0667887049389928
-0.0710667692601049 0.186509002058874 0.10100215035583 -0.250432060786798
-0.0511417693437141 0.223417372349038 0.113816461372784 -0.525160080291026
-0.0824208828920866 -0.0465493556320758 -0.0803346580871388 0.583728598458407
-0.012963605570769 -0.0693639893469092 -0.0836758379267507 0.337082945074588
-0.0112501729010811 -0.0787110727608085 -0.074976408136592 0.104084038801892
0.00399937779955839 -0.0763245270092404 0.0349015735021127 0.0058839632618174
0.0229764583998498 -0.062487579438382 0.160579183485965 -0.122044187713122
0.0289224858251836 -0.0385049907162347 0.268248922975941 -0.193546572543609
0.0157827640171887 -0.0260527388981077 0.327129922493763 -0.257696829783935
0.0209772574675519 -0.0212156597743232 0.290327701634834 -0.331072758678006
0.0195698962122999 -0.00930092245554296 0.160008614373232 -0.328603474534067
0.00837263256522068 -0.0107142876396269 -0.0355901450372091 -0.266878645877057
0.00257752957278952 -0.0351433896651922 -0.163511184340991 -0.135777902092055
0.00354373489072322 -0.0550845250030197 -0.189190127441296 0.0375984485467282
-0.0114307562219292 -0.0551107873686062 -0.216803705000519 0.175611871256795
-0.00601397085021408 -0.0730863408540817 -0.211125491224906 0.212595992281515
-0.0332252979308461 -0.0700621927819888 -0.200789017466358 0.198939454282092
-0.121174155060052 0.0998656246518316 -0.072545334279451 0.56485292778694
-0.0897051125705794 0.0388857452466605 -0.0683462554953729 0.337880905687374
-0.0923719270717321 0.00913909897747621 -0.0616583480773644 0.0907782980947449
-0.0876514014759828 -0.00588201294699003 0.0528449751763798 -0.00525708979696854
-0.078236948306659 0.0137319489386925 0.177834035066637 -0.140235781814424
-0.0648129947422492 0.0401205916320401 0.275576709127611 -0.207961483647941
-0.0866529437961687 0.0711610146916704 0.329663146978874 -0.258122561862599
-0.0959316489038437 0.091718590036546 0.272733646026333 -0.318134565898694
-0.0808206708895548 0.129263907889382 0.143262440831178 -0.310996373494963
-0.0749530536592496 0.146718038535306 -0.0403322480205679 -0.244174378645768
-0.0654765324601986 0.132789241373082 -0.154600253599261 -0.123904833009957
-0.0390534575612503 0.105392683914886 -0.174248362943887 0.0477510106412322
-0.0350275490247058 0.111500996826532 -0.190367904848755 0.179664134060421
-0.046179693008965 0.104050712283886 -0.167436049595902 0.200331144916602
-0.078339599923889 0.110522520321565 -0.15175174580071 0.186876956045594
-0.144530771511301 0.238000799934787 -0.037413021362599 0.500212243554915
-0.161883856579624 0.160511066777408 -0.0208686259507247 0.316969530921224
-0.17779477870927 0.121421366491268 -0.0175285572520443 0.0711237091984591
-0.188861828308697 0.0916378284232104 0.0911533293689209 -0.0196290136774801
-0.186674621947894 0.110672160772254 0.200238330354626 -0.152812842492048
-0.163137413898566 0.130448115388168 0.269694329918095 -0.211795823909166
-0.180653411198475 0.165820657862349 0.297600285256703 -0.23551949760833
-0.196520750084962 0.19171134485249 0.214861235457065 -0.260233631497851
-0.167494294805214 0.242359530270982 0.0925013886912114 -0.234931367464491
-0.14865087024728 0.276213051662991 -0.0591471611618133 -0.17189714074156
-0.128765975752967 0.276839242912224 -0.144613629596539 -0.0797268379071363
-0.082554055253671 0.246078261522178 -0.154657296308603 0.0611957158316856
-0.059810042696156 0.259432495169235 -0.156291404911482 0.159280660678793
-0.0818213782950851 0.262278771958545 -0.122616783912107 0.142215884353208
-0.113321786586618 0.2713968091493 -0.097513008334548 0.10688775274081
-0.141624412570016 0.350935972718578 0.0154917054326185 0.391126133698245
-0.201684492452617 0.284852840139846 0.0545667396952645 0.257323078015378
-0.235693135635354 0.257152346402401 0.0546585493769282 0.0288287558610002
-0.265542765981006 0.224401786665497 0.140003783560461 -0.0451741043533537
-0.273966891742124 0.23101359158389 0.212611459903767 -0.154234164701071
-0.242883383803697 0.229329352149928 0.23843614028605 -0.193119625000985
-0.248971058559291 0.250025510354947 0.229026147429742 -0.179801240756551
-0.264652624311284 0.262752208315478 0.127083927322638 -0.166411261379254
-0.229045293637595 0.310593124495166 0.0168695061837477 -0.121071936749678
-0.207679125058978 0.349052902398392 -0.0901989399319 -0.065577549071496
-0.187855683276932 0.361927759173259 -0.137057150033053 -0.015352230866854
-0.132793321358232 0.334652647413531 -0.128688785734026 0.0685722511450253
-0.0939545635618291 0.357042437093627 -0.11169139848224 0.113565499485595
-0.116119599192089 0.369220906433656 -0.0744182153239529 0.0483667878750255
-0.135135085347748 0.384290025540521 -0.0438054862597442 -0.0248557941438173
-0.111142080554927 0.415794281870637 0.0711610558009543 0.243916442414829
-0.188848501094055 0.380471045519616 0.134122341514383 0.150787177675942
-0.230644008705296 0.376095611057983 0.13013164399893 -0.0412754464716654
-0.272709838751401 0.350171356704746 0.179986574201728 -0.0790273925704603
-0.299537574845713 0.339358978737575 0.204642061645293 -0.131238346936761
-0.275261864037979 0.311857826898305 0.181429410521187 -0.136691343780159
-0.275040450352057 0.303745584292441 0.134451862575008 -0.0910876565818395
-0.290368498716909 0.293816101764716 0.0221395085494145 -0.0494829220976846
-0.256996444819409 0.320428422981786 -0.0731724998842094 0.00615001706903444
-0.239898852208572 0.34997473458829 -0.132188908995028 0.0457266218334197
-0.227951195698018 0.368323878837566 -0.133902492658877 0.0483038396001459
-0.178419513754589 0.34558722842847 -0.0987822260126941 0.0669042039942837
-0.129584681478891 0.379479505047946 -0.0574763939014399 0.0512885680611655
-0.14425130201815 0.405074310051453 -0.0211325465318422 -0.0588992353861429
-0.144855453935884 0.431045987855088 0.00751876821692724 -0.179240235870008
-0.0624311832585409 0.415851976041575 0.11417829719061 0.082232028253837
-0.131929917369833 0.403169505879622 0.187758351557855 0.0147388929219803
-0.16579260688841 0.421110634725816 0.182098063765479 -0.120792046684345
-0.206506728802133 0.403740767375245 0.193172072250411 -0.104912136140051
-0.253130806777639 0.382610614407273 0.180744062558632 -0.0772765861288356
-0.248850107172426 0.340965772063319 0.116080053793328 -0.0444761390815175
-0.254007406673351 0.310553497277756 0.0320775523206606 0.0217807561659214
-0.27321006346346 0.279511863863428 -0.0847519785738045 0.0701501007162337
-0.24528769867553 0.283185152850955 -0.165500930369555 0.11955717292825
-0.234363048781819 0.291778573391425 -0.178412246051879 0.134042730691112
-0.230052123987641 0.305555689670921 -0.135961151686139 0.0948767717801699
-0.190674683033103 0.287315883679484 -0.0691955058241039 0.0565062121462575
-0.144647576432339 0.332398374229901 2.55835121597772E-06 -0.00965437943804932
-0.151013289323836 0.369617511757238 0.0323917366079798 -0.155927476670928
-0.135847316005597 0.412523842028647 0.0536894467920348 -0.332161825474084
-0.0127147409556561 0.342077875877007 0.141198418412958 -0.0669017735122718
-0.0589545836321498 0.34111289775488 0.204265682487675 -0.115668364966092
-0.0789580738331081 0.365583535510326 0.202820361452656 -0.181192193496114
-0.105762283904048 0.352861975008253 0.183193973051486 -0.109462288715179
-0.163974413448042 0.330692688645168 0.154644291665264 -0.00535596498059162
-0.179407128579165 0.296783281735862 0.0611623480211457 0.0625949177020214
-0.190206808025704 0.260493035026149 -0.0591679898442386 0.138129211459605
-0.213516133956669 0.225596235575076 -0.180517635053295 0.175728340937246
-0.19642305326551 0.211594733746894 -0.247603043878014 0.203088504678983
-0.186594873781692 0.205708960449166 -0.22096962727087 0.187053653105969
-0.184714120386937 0.213414642305148 -0.141142331503716 0.118701221461163
-0.157382848918256 0.200942104878656 -0.0451026529327994 0.0453613007937991
-0.124432943168471 0.247926543023401 0.0504160597150003 -0.0524008748922659
-0.126698814706761 0.289073906580107 0.0768486145778454 -0.223726511672039
-0.104199667615086 0.339884272790182 0.0897296037687991 -0.458088034994447
0.0264776972622896 0.208630694349178 0.151127005889133 -0.172479002669085
0.00404322599968114 0.207187189558845 0.191185660872573 -0.2092297186073
-0.00932754660887565 0.229767425986644 0.202455004341 -0.210342999450531
-0.0185746132660586 0.219007408229408 0.165182225794724 -0.0960050236968531
-0.0667542050901509 0.201744120249753 0.139287534578113 0.0617842968767724
-0.0893696735550818 0.183807555093684 0.0327088058736679 0.15455859116431
-0.0972302306123783 0.157495662973617 -0.122899561207406 0.230222323693519
-0.11947722275702 0.13763753116037 -0.250681422501609 0.251456106743494
-0.116055821508298 0.124839972895395 -0.308834696109906 0.253668922753841
-0.111117044248161 0.119874801602913 -0.250800112766809 0.209404478897555
-0.108159331387887 0.128447423505713 -0.148278433198173 0.129047662092898
-0.0904351249216388 0.12683565314873 -0.0302472466972793 0.0390301699431907
-0.0757167234873378 0.164440889055646 0.0820476865282729 -0.0759620664499014
-0.0696256207117679 0.19083244760869 0.101482603263695 -0.26284228568701
-0.0485599097625482 0.230726882072543 0.106728000543246 -0.547846161935999
-0.0871355388729524 -0.0429105490738509 -0.0574475571735653 0.610739282127141
-0.0150185091051156 -0.0737142494285314 -0.0723098650806447 0.358131652530628
-0.0154028625178439 -0.0821091687818503 -0.0771353528789134 0.117004595910471
-0.000345797223423201 -0.0802552181700892 0.0312917142756296 0.00996312346752818
0.0186898477107798 -0.0667305404498767 0.154070099966191 -0.129196832566947
0.0277252836551791 -0.0431609096688342 0.261863870272787 -0.210289007683211
0.0152676277636427 -0.0272406185073125 0.320074242607852 -0.277541238298722
0.0193983907272686 -0.024632069419198 0.279991575985545 -0.350794812884016
0.0195947996431817 -0.0116815499942045 0.147103161686178 -0.345720278938694
0.00735686599994837 -0.0115692100007754 -0.0469088609404585 -0.272081695281756
-0.000807381925431989 -0.0368572861797654 -0.171405748580141 -0.131643538354346
-0.00176219946497362 -0.0576514191614843 -0.189048793967957 0.0461001526447625
-0.0151734961952643 -0.0563329095474674 -0.212525964168945 0.190789926738788
-0.0105102406651933 -0.0749412055110675 -0.20587070804986 0.227091584015551
-0.0389572057680679 -0.07018812798012 -0.196923596269842 0.206699331331012
-0.120615249779893 0.10624243775927 -0.0494571542035815 0.592062375255025
-0.0898944317482692 0.0405417429435305 -0.0555946532427079 0.358866582281037
-0.092953711227393 0.0106309728948238 -0.065191967427731 0.102758788022238
-0.0894045198963465 -0.00482681277303182 0.0489749455572426 -0.00302733761111148
-0.0794482831657471 0.015957888571292 0.171678563968823 -0.148932826582244
-0.0634675279069051 0.0406165466789352 0.268214105533672 -0.226308954039486
-0.0850433556963503 0.0753209505882024 0.323856788484396 -0.280879972421792
-0.0946264639441142 0.0977892094456036 0.262082721478005 -0.337441906099308
-0.0774228503584559 0.135147036547332 0.129773262160482 -0.325958480657538
-0.0707903708687484 0.154530581341695 -0.0505695109321068 -0.249289794139566
-0.0630159313182878 0.140798406059241 -0.161248809516128 -0.121285751751767
-0.0386597434094085 0.109908412912265 -0.172408315170289 0.0568954886204195
-0.0319087593470293 0.116977974709434 -0.18462591148444 0.192895067025221
-0.0439647751202196 0.110183051367806 -0.162328702450361 0.212600513252085
-0.0777906248610624 0.118732628808308 -0.146485080688994 0.191849959328135
-0.138886527885851 0.247827193594344 -0.0188124302330083 0.525339436809918
-0.158332009307904 0.169041840665002 -0.00779047440818259 0.335022269114055
-0.174800581682706 0.129016704271393 -0.0207346273824075 0.0798996348052092
-0.187175059528482 0.0995556712114923 0.0875427272720586 -0.0198224976186454
-0.185453000497767 0.120868038175371 0.194012413538712 -0.163944099078031
-0.159533721908101 0.138036922376373 0.261990850742784 -0.230811764808913
-0.177803109420948 0.17680330205151 0.293274162278309 -0.256349250389638
-0.19256818154672 0.206307339105999 0.205739864909441 -0.27586370421808
-0.161661594354333 0.255978187902048 0.0813446861410137 -0.245649732168344
-0.140028552536692 0.290355628066598 -0.0656951161271029 -0.173410684860717
-0.120888260451878 0.291783846116936 -0.150656717366197 -0.0774136853986381
-0.0773787818507118 0.255983101405872 -0.152033165714482 0.0682935999152602
-0.0510048546536019 0.270863915119401 -0.148522271788737 0.168286336053299
-0.0749173491233035 0.274769985475806 -0.118917315615995 0.149668583298142
-0.106308068816058 0.28732387759713 -0.0941311219681538 0.106114557809149
-0.132107624048248 0.36267074747754 0.0311061041699722 0.411699193902867
-0.195433087424646 0.300304508002937 0.06678339857145 0.270297119357322
-0.229923872905498 0.272382824273075 0.0512229495193044 0.0326357450131231
-0.260635468343664 0.238427828705809 0.137004270855897 -0.0487172080453135
-0.269407683856479 0.248461071942991 0.20680762509368 -0.166742052623321
-0.237261888288558 0.243629730739628 0.231733919383807 -0.210672266028494
-0.243834594075734 0.266060125552248 0.227639097199984 -0.198234668155885
-0.259816414969023 0.282407428849294 0.121326869139501 -0.176483158680057
-0.22143738210693 0.327668180309803 0.00951664594780111 -0.123965730494027
-0.197561203266847 0.366492178264406 -0.0939095112273379 -0.0627774049313143
-0.177590814980044 0.382356236340809 -0.139679152847552 -0.0131635484590636
-0.126639610406063 0.349176508400751 -0.124460640137111 0.0750132173325881
-0.0822659293456139 0.374594672953995 -0.103818786174149 0.116600125809851
-0.105035382577832 0.385860926985114 -0.0731174927078774 0.0498998700189559
-0.124158662545553 0.404201545931303 -0.0451894479213237 -0.0316628711322343
-0.0976141991192247 0.427564033570139 0.0823523670484034 0.259069085480675
-0.180427579962244 0.398943094959988 0.143426994354774 0.157324791302417
-0.220863726381014 0.397459456645947 0.126313711182147 -0.0443399781651196
-0.263410658784182 0.369860186782884 0.177638105304083 -0.087326938521498
-0.290976190082765 0.361829663325726 0.200241728836427 -0.145024372836816
-0.267460135955384 0.330382137238787 0.176326638850567 -0.150534256688045
-0.26999372513096 0.323097575474546 0.136567563125465 -0.10296976799676
-0.283716537445805 0.316169323213745 0.0202565988043453 -0.0532187508410889
-0.248839637447989 0.339627605913632 -0.0757399246096978 0.0104166477516427
-0.231117515190882 0.368066258583232 -0.131474775016795 0.0532291606731607
-0.218651788554392 0.38920896074564 -0.133035553934658 0.0514111752999214
-0.1715329991046 0.361898615251142 -0.0940065779768129 0.0704178441089195
-0.117502853200535 0.397866568858602 -0.0505800297101697 0.0481317308609719
-0.132246747309964 0.422890839698093 -0.0226411067174816 -0.0644664612766666
-0.130180855991642 0.453219222572942 -0.000160646570838302 -0.193964317166653
-0.0490898887323906 0.425524256469198 0.120384102555376 0.0902035305969581
-0.120795129645849 0.422448811647444 0.192999476758512 0.0130767105179079
-0.152330430807937 0.442181776598139 0.177441376108788 -0.130430986173287
-0.192858003419469 0.423345006241362 0.191020176111701 -0.116364844791586
-0.242094577962811 0.406600342398728 0.177510903938626 -0.0897636651071564
-0.240424793821129 0.361594656880893 0.113012428001742 -0.0526221278595455
-0.247963034872958 0.329523443313472 0.036667415403675 0.0172650886389055
-0.266534316232065 0.30247246816805 -0.0830604563591641 0.0743620255318023
-0.238731110177403 0.30057154830832 -0.163869618572868 0.131035256222929
-0.22632195194594 0.309023867895332 -0.174163845795291 0.145057931112939
-0.220872944455657 0.32334447876319 -0.132741967565274 0.0991504397398905
-0.184704886142726 0.301401678044598 -0.0639621952005368 0.0576856625293544
-0.133357474608701 0.349510695277543 0.00546068978909171 -0.0177237184028457
-0.140159884055164 0.386107519357539 0.028096494188822 -0.167095584425101
-0.121181476739015 0.432409766570993 0.0398048516950335 -0.352387434165666
-0.00039769964337492 0.350142524061145 0.141098973583494 -0.0644208900448747
-0.0471651669094229 0.355033713016345 0.203842264756774 -0.123446859680993
-0.0651323313358499 0.382365691123264 0.19575602173729 -0.19579693106806
-0.0913430280151742 0.368045069101864 0.179679123577437 -0.121778247110534
-0.152098913293838 0.35030419009792 0.154022222154639 -0.0143069423778416
-0.16988411101421 0.314401525374971 0.0619914175709012 0.0604117435050339
-0.184801486637064 0.275718993553922 -0.0521014327770903 0.141459220635244
-0.208154088891032 0.242930410947358 -0.176505202063335 0.186914530046892
-0.190468333207253 0.226278642226948 -0.242101953814 0.219555962300226
-0.180956484185567 0.218709507081489 -0.213139680496398 0.20075964044411
-0.177283489354604 0.227637085458648 -0.136347654290496 0.123420833615027
-0.151431903040432 0.212156332641348 -0.0401714388318108 0.0446183195828418
-0.114738327506811 0.261923147837536 0.0547607746607955 -0.0635388519494615
-0.117831293984087 0.301883274933924 0.0701139519020545 -0.238598865595512
-0.0909823987048844 0.356387789539421 0.0693718342201129 -0.484303142131292
0.0345875663010265 0.212290661330657 0.146706886180692 -0.175072267017982
0.0123322610415554 0.214347629332185 0.18562070901669 -0.219876150066614
0.00111460019565395 0.239411517961377 0.193668709240568 -0.227482327577959
-0.00730069163924155 0.226563043175872 0.161591901448003 -0.107171663791503
-0.0581077069031734 0.212325079953896 0.141237101399212 0.0565463634795875
-0.0826681996935631 0.194978125951408 0.0368793848985881 0.157019773478993
-0.0932210586749059 0.165676797364515 -0.114061040608828 0.240825099354045
-0.115731591373851 0.148528468098473 -0.243931526696726 0.267684531239699
-0.112708615038 0.134187372874135 -0.300708016966505 0.273749966776427
-0.108003856772569 0.128353789472932 -0.242940012402735 0.22584147270492
-0.103152138585612 0.13687772674485 -0.141792031708033 0.134923300764862
-0.0855202400136071 0.134587842700592 -0.0244642993056318 0.0370030959102352
-0.0670152314339458 0.174062619280366 0.0852264487264689 -0.089002358239396
-0.0630504898115769 0.19849667688738 0.0934665913992189 -0.280439825605771
-0.0383715892612277 0.241384214402385 0.0836426410104604 -0.576323107519833
-0.0911910576031738 -0.0358251212071674 -0.0164766027785554 0.623977288121803
-0.0199329615207962 -0.0763386154306829 -0.0472497800892814 0.372431542462708
-0.0218271482617192 -0.0828044364714433 -0.0727413113312353 0.129485378034108
-0.00721304831504604 -0.0813166341417796 0.0270576142740104 0.0136241264152261
0.0116219657505933 -0.0691345990503616 0.141230929884622 -0.136666988219688
0.0245995373806895 -0.0479508803730283 0.2415826015466 -0.228069135404564
0.0139320510812481 -0.029166268408951 0.297500332700818 -0.29923373104902
0.016911854470201 -0.027448847061109 0.252681309177739 -0.367527430448754
0.0185829612638125 -0.0145474105195018 0.12175511629765 -0.355989876863832
0.00597769893730834 -0.0122454663391782 -0.0636769959487511 -0.269126286142626
-0.00520464147540848 -0.0369472026773808 -0.177644239474507 -0.119650872771859
-0.00784187026020806 -0.0579104357447846 -0.182843083000516 0.0571249564324693
-0.0198547421973181 -0.0557012032097011 -0.19788281216255 0.206306179409678
-0.0160980222051701 -0.0746368921142215 -0.19056189719471 0.239754632447085
-0.0454396983393152 -0.0670963479894854 -0.183150034365627 0.214131465618202
-0.114981975118118 0.113591669373136 -0.00998533160884206 0.606703946219051
-0.087067205665755 0.043142708466981 -0.0300484944869674 0.371267129416673
-0.0914597104356202 0.0137058309454901 -0.0621354276012847 0.115193574023576
-0.0884440135282493 -0.00190882590370792 0.0443512870213955 -0.000732880916130218
-0.0784566469564496 0.0195039669755844 0.156379845527167 -0.158275450210865
-0.0599332155298203 0.041701821215189 0.246759140391317 -0.244889224552325
-0.0789374771302023 0.0799309163214237 0.30115564565312 -0.30312038959321
-0.0885729829869589 0.10382309705746 0.237069734144336 -0.354024581766677
-0.0692172402012427 0.138904002628964 0.104604928542554 -0.334238070137823
-0.0610631315021863 0.159824022851653 -0.0657541209749369 -0.246327712684
-0.0550066186779282 0.147068028296237 -0.167898350833457 -0.110538604352388
-0.0342763157712265 0.112553855654161 -0.165721813974884 0.0668521710572262
-0.0256868118932852 0.121208657868899 -0.168123347006574 0.205197492836535
-0.0388460569751242 0.114629333418379 -0.147636929442558 0.222641795721854
-0.0717088976354269 0.126304467007226 -0.132898061935199 0.194967611514395
-0.124518175612235 0.254598233751767 0.0168849980655625 0.538191040254024
-0.148123979994827 0.176571844243845 0.0160012033581823 0.345101184796879
-0.165644143582306 0.13791066352139 -0.0199205664096924 0.0890224678495092
-0.178643674065261 0.107641318350592 0.0809154726657133 -0.0207978043803398
-0.175704226317708 0.131637654374325 0.178160297265475 -0.175068515161106
-0.148542237631082 0.145447519281647 0.241034026752734 -0.249136237754631
-0.164568300439847 0.187246185082817 0.274197159055439 -0.278973331514726
-0.178769622878853 0.22011389979807 0.185570409581078 -0.288975373701266
-0.144687143361512 0.266254671327107 0.0622732934099385 -0.249967997218932
-0.121843612072701 0.299973406066098 -0.076222085033687 -0.16893018460175
-0.101999563838607 0.30315788587527 -0.154856622127701 -0.0691851680373419
-0.0645695535242059 0.263105177203768 -0.143203921341205 0.0777140527023283
-0.0337032984391688 0.27849981606522 -0.133920592561735 0.175507877689814
-0.0582831264286661 0.282226973053691 -0.107709166657049 0.15539855738422
-0.0875004737649207 0.298071211693105 -0.0871102170035148 0.104474471489623
-0.111579356366235 0.368189185764408 0.0600078378513406 0.421720077549728
-0.176961487367383 0.311870178128711 0.0854240395614755 0.275576235953693
-0.210985112752386 0.286626083652092 0.0479727526828589 0.0358068731178762
-0.243251839541541 0.252850787771352 0.129515346203085 -0.0541710375684392
-0.25079743689673 0.266026625038685 0.191108755559128 -0.180052177919132
-0.218736259950769 0.256999553150996 0.212588172168245 -0.227520185284836
-0.224896592397443 0.280794743674282 0.214135401184105 -0.218166157543044
-0.239484376163169 0.300966585267586 0.107650651785042 -0.184345962403407
-0.199871505877578 0.34226179483466 -0.000429425428688032 -0.123205394229672
-0.173870150304513 0.380024299954251 -0.0957546323009184 -0.0560129525109334
-0.152945958259064 0.39737299898136 -0.13931342492955 -0.00588288275613256
-0.106971662615055 0.357176448222787 -0.115900178371581 0.0815238861421971
-0.0582318004324931 0.382660093512287 -0.0920411370548394 0.118461302953507
-0.0821114796899838 0.395307993194219 -0.0682878664582555 0.0510775824817627
-0.0966355303591307 0.41640982976194 -0.048118613640615 -0.0378370542470556
-0.0741713074192655 0.432509231615146 0.100758217818073 0.266025454329075
-0.156242559296394 0.41205294495172 0.154635344709612 0.155048971722397
-0.19445192258875 0.413405968242919 0.118510687178062 -0.0484123879168502
-0.237841822836459 0.3854723346447 0.167984894355766 -0.0972721763941456
-0.264793298394214 0.382944159439002 0.186055472287809 -0.159015997122066
-0.244106911543796 0.347821950193541 0.162043517761829 -0.1638312317773
-0.247272992366332 0.340607386378382 0.130135374099913 -0.117543868364026
-0.261095354557844 0.337810307348926 0.0156081672487571 -0.055243034407494
-0.225619820708813 0.354964389669096 -0.076181788273536 0.0179232285315959
-0.206784964948679 0.382989690685306 -0.125316955468728 0.061846768116793
-0.191627689689485 0.405986713911148 -0.129393127199928 0.0572735560478446
-0.150559173422834 0.372721831478867 -0.085699560850212 0.0741647891061593
-0.091119974284774 0.408797818714514 -0.0425260646335144 0.0440775361052749
-0.106344201632273 0.432636114087837 -0.0260628269675365 -0.0677447991529768
-0.0984824969386623 0.465530809478296 -0.0144026536591972 -0.203635231236926
-0.0257142700083883 0.427232008724581 0.127529127088437 0.09407570060503
-0.0950355317787636 0.433397465709023 0.194542006273882 0.00581846549488864
-0.123033106257751 0.456054194990942 0.164016580062037 -0.140752339673433
-0.163766240444004 0.436318031088594 0.179657322381891 -0.128849903739837
-0.212187689054934 0.425274083412366 0.167318040988151 -0.103708180464258
-0.215636489217706 0.379005080910843 0.105788140380162 -0.0618612174918096
-0.226702528856666 0.346766357070252 0.0392106717412422 0.0104393593974572
-0.244229422819213 0.322349465231457 -0.0780149221410924 0.0782119853859614
-0.216906851415733 0.316658014185425 -0.153977710132854 0.143030018698899
-0.205085454584968 0.322267115847141 -0.161583168744771 0.156139371744588
-0.197589144848398 0.338912870655211 -0.125781714496204 0.103243091782146
-0.166246777973017 0.312268819286247 -0.0567773099159713 0.059219408476521
-0.10895381415783 0.360157673350403 0.0096597323398816 -0.0261311198124654
-0.115414942634596 0.39597912364738 0.0178714124593935 -0.174184405340379
-0.0903785821997341 0.442973514803089 0.0127463714049562 -0.36447469937773
0.019311680266192 0.349174397380741 0.137873848130803 -0.0633367181887961
-0.0250755439558422 0.361780494393657 0.195282782632688 -0.133137168026383
-0.0392205223766102 0.39132303574259 0.178115800672573 -0.209645231451854
-0.0652795554642381 0.375594669540982 0.168277411384261 -0.134844159936908
-0.126568926075973 0.363895221045606 0.14866337018288 -0.0261461172043756
-0.148034007043226 0.327792275668445 0.0626669042827569 0.0558434031781287
-0.166872883211222 0.288571185892922 -0.0408697092326344 0.141949630273298
-0.189767715530269 0.260341143323024 -0.162448471723942 0.196374169869778
-0.174432593036899 0.239244560493527 -0.224564396817416 0.235611460909897
-0.165148872943702 0.229606598282958 -0.195789874317685 0.212897293696759
-0.159228907565096 0.239518524364941 -0.126120624593635 0.127975421646668
-0.135532181401866 0.22119415652665 -0.033384030528931 0.043038643670954
-0.0947258132805162 0.270448431062986 0.054473116734715 -0.0758718437953373
-0.0978741394889529 0.308929837444729 0.055112960596055 -0.249875753773537
-0.0643583908020914 0.364448604138908 0.032975729829923 -0.49880552088092
0.0462739236351237 0.210750346825625 0.135996758633027 -0.176198768392542
0.0262010520618517 0.215660905379228 0.169789298243913 -0.229620385103787
0.0184238934068412 0.243363118301113 0.173811503750923 -0.24294284816998
0.0100199995072434 0.227958191740511 0.150075054944921 -0.118665799056315
-0.0419271317285085 0.218850741766389 0.140904827844369 0.0465722189781045
-0.0683897561286072 0.202957412938051 0.0446878392392669 0.155504506136335
-0.0826261862480652 0.173136562652192 -0.0967771556236365 0.247063789528937
-0.103287440379311 0.158684216662605 -0.225056033119645 0.282323894146578
-0.10190644615261 0.142995132723831 -0.277372992484248 0.29321146355333
-0.0981977503918372 0.135613756451427 -0.221692333721249 0.240389254922047
-0.0908621578942486 0.144061973831971 -0.129955722587337 0.140482308757035
-0.0744662719512393 0.140511617151666 -0.0176738206387646 0.0341630775485826
-0.0524529614486441 0.179731297907871 0.0822964404572952 -0.102351197823082
-0.049933277392411 0.202010029425691 0.0751378649491972 -0.29264154845086
-0.0199298238091352 0.246751394466756 0.0399130574830429 -0.592159970338516
-0.0907656659565844 -0.0270077818506769 0.023231759770495 0.61163682133805
-0.0245521132611108 -0.0761742206108473 -0.0207924578237806 0.370690094710664
-0.0269228608833329 -0.0800549186533202 -0.0640119228346404 0.137080732123879
-0.012977021293613 -0.0790113189149002 0.0227336195520244 0.0177993085994739
0.00449630933657566 -0.0683439257260971 0.123527202846065 -0.137065060163179
0.0205441942089413 -0.0494648884125191 0.21390858888375 -0.232872974179905
0.012361130616705 -0.0296259937233567 0.264348758724027 -0.303595088749643
0.0137249003066872 -0.0292525631146036 0.219109195913572 -0.367002640293701
0.0165696208600997 -0.0164404644339017 0.0944064468726352 -0.350076173863798
0.00473773834143547 -0.0118745669766775 -0.0767766079892448 -0.255112373751396
-0.00922707901498248 -0.0348301309269054 -0.176026743108356 -0.104965827211366
-0.0142846175238116 -0.0556761617345241 -0.170359429637546 0.0652315514333567
-0.0237335105245803 -0.0525752550797903 -0.176238472876704 0.211378953019872
-0.0209725987714317 -0.0709052946743518 -0.169435479061358 0.240494516911103
-0.0498535738251798 -0.0612739355205214 -0.164315134925444 0.209854230947854
-0.105786106975496 0.116276143829727 0.0283638974406094 0.595310735559651
-0.0823205118288105 0.043364274968858 -0.00400860495245106 0.36931818366053
-0.0873932626146199 0.0166183472816139 -0.0554135252188882 0.122263058521002
-0.0850878053304494 0.000800972109036742 0.0382796925737398 0.0020753441766629
-0.0743481181186764 0.021950175866868 0.136735501392095 -0.159247417274466
-0.0546465480244803 0.040901441612359 0.216980800974043 -0.250086812035682
-0.0702928251177767 0.0800110724326757 0.268304459735721 -0.311590006463465
-0.0795444983300403 0.105004123866925 0.205340311351035 -0.352755174227733
-0.0586019746684337 0.137335893097663 0.0793641686020558 -0.327655918328292
-0.0494863677238462 0.157717344764489 -0.0763138323608979 -0.233916374805754
-0.045549011574645 0.146318782105911 -0.167258640440865 -0.0977272979135184
-0.0300039858047554 0.111956580509644 -0.15240185888179 0.073107166376235
-0.0181423158452087 0.120599037218129 -0.14743704991482 0.207134679885316
-0.0312351094025987 0.114480145151828 -0.128546405934148 0.221351116756726
-0.0629100147682243 0.127758524193634 -0.117741284006658 0.188141044234827
-0.108824282078289 0.251568998318873 0.0524476522868665 0.529518143612812
-0.133766447183051 0.176297213637563 0.0389090948492676 0.3400971639757
-0.151464186100328 0.140004519293914 -0.0174949851471821 0.0942824543184327
-0.164536363925028 0.109996795342425 0.0724752638483381 -0.0192863540270194
-0.159900637392627 0.13539899797817 0.157175652195317 -0.177389807450724
-0.133749402590558 0.14515427063965 0.211419150444164 -0.25364420651843
-0.146313393094037 0.188553185838433 0.244788965600595 -0.287170165016938
-0.158712041477395 0.222718874736886 0.159624274050899 -0.288373642443137
-0.124695801400467 0.263940480695055 0.0433413459806876 -0.24261150736957
-0.0998318079719696 0.296557723879487 -0.0815945016434836 -0.158513732168349
-0.0812099494559547 0.30049176460422 -0.15302125192102 -0.0595861237126017
-0.0506967341462112 0.258258215491967 -0.130458334179265 0.0818015821850291
-0.0166998696497177 0.273647528835774 -0.115156285084837 0.174132460865572
-0.0407637385409489 0.278135128137217 -0.0942331606239473 0.153381094227808
-0.0675436284908612 0.29439955283141 -0.0794059827753182 0.0974179362151211
-0.0905103212575412 0.359695475107462 0.0847953876356829 0.415436884092202
-0.154173998296902 0.310621896325835 0.101968886900586 0.268198502216016
-0.186629965827145 0.286928211630843 0.0446487210958345 0.0386989831387509
-0.218634235358765 0.252542174823866 0.117680481607987 -0.0556340852867289
-0.224372917023379 0.269527643995197 0.170351496647822 -0.183787328743155
-0.194806334996873 0.257606490904816 0.185688724624013 -0.23194004159821
-0.200094598984676 0.28259936286098 0.191379978785161 -0.225855012016562
-0.211895234039789 0.306219068551604 0.0916750157980319 -0.183919150569933
-0.172349092037463 0.340834940182632 -0.00867384896352878 -0.116473180688202
-0.145970680051124 0.37610374282104 -0.093496676374431 -0.0489704388270528
-0.124562250323712 0.394350405635459 -0.134771554327843 -0.00077157085776353
-0.0864838742624672 0.352932625590483 -0.103648563558542 0.0830550781863516
-0.0338031872358246 0.375006867146214 -0.0783269182626871 0.114276908136325
-0.0573736669690343 0.388706802483353 -0.061886703437863 0.049318322469443
-0.0682311075485849 0.410053466798613 -0.0506667057240185 -0.0426645014376419
-0.0512442163746953 0.419867277041903 0.115100015620631 0.262666353325887
-0.128313799620495 0.408611606878823 0.160819887107207 0.147496613470912
-0.163702310691237 0.409616480996571 0.107620330969746 -0.0474507346989895
-0.206041475670593 0.382028919633507 0.152842820172217 -0.100032343956873
-0.231055383348544 0.384565178150142 0.16618901355582 -0.163605783104665
-0.214149292593746 0.348407376673308 0.14228687400891 -0.168293270551251
-0.21871637923054 0.342592247315001 0.117528626518948 -0.125479666879105
-0.231025083811506 0.342197834855279 0.0114084318615712 -0.0548794602792299
-0.196879555307963 0.354976144125094 -0.072056868005239 0.0225921270134302
-0.176736740955761 0.379251546673066 -0.115128706673592 0.0666503830637228
-0.161258441730546 0.403261670110024 -0.121859954164955 0.0589772200132993
-0.12699172037476 0.367875957186787 -0.0745259973826761 0.0735227116578584
-0.0627693821159704 0.401583366287755 -0.0354540230782711 0.037280945523152
-0.0777325998458248 0.424874959182623 -0.0281547880799543 -0.069032959517473
-0.0674823554723012 0.456447861626463 -0.0290326386374275 -0.204589944287373
-0.00483975933654895 0.413299613617268 0.131488777094369 0.0947111447826349
-0.0684068426537615 0.427478995768455 0.189373269895643 0.000413954255748609
-0.0913000578673609 0.449217931368165 0.14635681969493 -0.142282997805088
-0.131818128960684 0.428560208228415 0.16236273380166 -0.133924401229139
-0.177449295354364 0.42410144417678 0.151366900141988 -0.110371749115183
-0.184732810753167 0.377701799718212 0.0942657805104595 -0.0667465791477971
-0.198563364676796 0.347732857110839 0.0383159263556734 0.00332833090138453
-0.214827085889794 0.327095447428253 -0.0708233257110889 0.0786748236147198
-0.1897999442972 0.316226422666673 -0.138280921125498 0.14724815675769
-0.177527267360661 0.320602510363989 -0.143712369570774 0.158089369617182
-0.168840181144842 0.337425910549194 -0.114906407274093 0.102389873153063
-0.143261626322117 0.310178881881174 -0.0479502896858422 0.0559340371797836
-0.0823423422244325 0.354392181453597 0.0106014977599077 -0.0351446129629462
-0.0891930940841064 0.387877553593745 0.00731616699818843 -0.175942450873727
-0.0590594094881015 0.435024440778998 -0.0131416979792473 -0.361906615514807
0.034935829837163 0.33598903734312 0.131211260267905 -0.059013751671108
-0.00373690347229856 0.353975810122682 0.181549788707183 -0.135716841312394
-0.0131170061781042 0.383450150704578 0.155037652005428 -0.212650727295439
-0.0397255068885948 0.365935105381988 0.150248245238417 -0.140410870817332
-0.0978464316401861 0.361187836771712 0.138292728596275 -0.0343767742098782
-0.12189890513974 0.326453075621316 0.0601090899282087 0.0496137413289037
-0.145104095562599 0.288402119258152 -0.0313637890574299 0.135414142797465
-0.16561665751997 0.264498017809119 -0.144916201988205 0.197253707660919
-0.152907224289756 0.240185633536409 -0.198707346879632 0.240219220547146
-0.144512553625219 0.230161231895132 -0.172088718884109 0.214693602830546
-0.136791323191475 0.23920880893622 -0.112943985994565 0.125299389503834
-0.117115679392744 0.219710303040475 -0.0257593704499762 0.0390315941058748
-0.0724167256487995 0.266565308165243 0.0505645293563612 -0.0850837879274115
-0.0767788969031249 0.302883077360328 0.0381681729175887 -0.249537803587846
-0.038120939589716 0.357018999787299 -0.00215925247802264 -0.492767415074115
0.0544575865194867 0.200623993747979 0.123479063431108 -0.168871820872738
0.0371991128036161 0.20966847047766 0.14970995180759 -0.228449333481236
0.034306488983708 0.237205693772456 0.14843482169377 -0.245180469617658
0.0249594457126862 0.219855564591651 0.133049620637075 -0.123952992495129
-0.0252070833935159 0.215428293900216 0.135179652144827 0.0367946047488245
-0.0523341451036411 0.201736488674999 0.0499373498616648 0.147223242145726
-0.0699156707905816 0.172428686391142 -0.0781321161162217 0.242076989569252
-0.0887287691289839 0.161480453380258 -0.198754158493974 0.283209525674095
-0.0884187266621586 0.144519232406455 -0.245308426388352 0.29842320571165
-0.0857934123192814 0.136086595565709 -0.194662580507072 0.241384765248757
-0.076734821393062 0.144630144028888 -0.113754082423348 0.137301247065798
-0.0619664092875172 0.139146992337689 -0.011137550982013 0.0293227762851197
-0.0364266999208455 0.176867552929314 0.0753987543476128 -0.111744015080822
-0.0366845118163693 0.19710756033899 0.0546510893634773 -0.291933348054366
-0.00276053611246162 0.240894246002226 -0.00224447977717968 -0.582840222033822
-0.0781033510992736 -0.00284873547133031 0.128488454080098 0.575095998203093
-0.0284074206310279 -0.0672763373963305 0.0473303568789751 0.359115431107511
-0.035190152817014 -0.0686251064801984 -0.0391014689973534 0.141054874669863
-0.0247625214849291 -0.0708446103276336 0.0241142937718746 0.0140962670570088
-0.00911822298455167 -0.0668461461191456 0.0923170743254065 -0.150071501246699
0.00862198472638489 -0.0537232712220944 0.163184881320581 -0.254340837116527
0.005548316665164 -0.0335775835299923 0.206939128803338 -0.329752566885853
0.00625493471022175 -0.0326845179140728 0.152018639876323 -0.377298735543001
0.011023838111788 -0.0203495500852006 0.0331813175314847 -0.347248911572481
0.00139634510077482 -0.0126409289453937 -0.113099838290714 -0.230259224420998
-0.0163216268209246 -0.031505095485116 -0.181125720750884 -0.0704804515714989
-0.024494125919618 -0.0492885582108096 -0.147546642378919 0.087014262291197
-0.0308590403553406 -0.0443736093609201 -0.128567712813931 0.228185814222165
-0.032864316679479 -0.0616338145010037 -0.116912039391157 0.251099983385213
-0.0582385891985657 -0.0477455300498511 -0.125659195711223 0.213724123518732
-0.0764057065091617 0.129900096105345 0.12864258595183 0.565334538043358
-0.0654335964015641 0.050162418687435 0.0611390045697751 0.35801585819165
-0.0764479138822883 0.0269742122995007 -0.0391697783724589 0.131210543380662
-0.0774579001789721 0.00947454646630253 0.0285344194599997 -0.000753860096863503
-0.0677001596481797 0.0253743994804953 0.0943085446170191 -0.168574894631183
-0.049680014691688 0.0391552172741792 0.159808756212291 -0.266819338090246
-0.0557969056742384 0.0794141176759093 0.203802146198747 -0.335689967269155
-0.0640692664500127 0.104708328545331 0.13866303505295 -0.362596565703236
-0.0400428270242496 0.134656546069732 0.020457925919408 -0.326863329005872
-0.0272930379606721 0.154579793146583 -0.114080983606033 -0.213421977141538
-0.0288567263291959 0.143952152196341 -0.173124779055177 -0.0665269447535888
-0.0184794506671235 0.111778563698751 -0.130012180280756 0.0890397553402767
-0.00440510853471135 0.116897084330753 -0.104914623080859 0.218594560144795
-0.0168586001922629 0.115090451489423 -0.0853876341569705 0.224294335585511
-0.0457554718148285 0.133381460328767 -0.0863325598394736 0.185253498487204
-0.0648798630167893 0.253637728774396 0.138237868838322 0.506463333812663
-0.094408690731333 0.180040579838447 0.0932157769674018 0.329243655553363
-0.118084990185693 0.146953521706853 -0.0151679465876774 0.106600173129525
-0.134262410802941 0.118221023740865 0.0481559381821147 -0.0232710279437179
-0.130396153606791 0.140275930231243 0.104794184156808 -0.182812812701647
-0.10926373159472 0.147109708292659 0.150692595383454 -0.265584514232007
-0.111504768451223 0.189951907165631 0.178423926492879 -0.308617495633195
-0.122401530859229 0.226087195277502 0.104267665783579 -0.296069349210244
-0.0847756617901964 0.263549897730726 0.000522144448666351 -0.243158091487421
-0.056343849023502 0.293487971859356 -0.109214416066139 -0.143350488068081
-0.043836212153993 0.293363091778402 -0.154177734604475 -0.0340981954331811
-0.018462369910014 0.253584647523528 -0.107732484377585 0.0898890083256086
0.0150404859703097 0.259485422966236 -0.0819599745133704 0.182618753015579
-0.00303544567686655 0.269127403933798 -0.0667812672825011 0.15235258274234
-0.0284999493751452 0.291362064223882 -0.0656983665227884 0.0936403597197984
-0.0374982675227168 0.349156482915244 0.148972117277842 0.399761754633718
-0.0964173011732322 0.307143872959494 0.137508400170103 0.255543772379829
-0.131951553013918 0.285813244491941 0.0288387638717078 0.0526514245043353
-0.16460881683975 0.255872396359441 0.076621414341987 -0.0589921102565613
-0.171233914339035 0.272368680156027 0.110799827466786 -0.184346622153227
-0.151922600730742 0.261411117843591 0.128731784404933 -0.237307658405543
-0.147652355616164 0.285673671331289 0.132754254854205 -0.240552880735012
-0.160823271625335 0.311639012835936 0.0548213913317249 -0.188036896657041
-0.118259719653408 0.342241368735059 -0.0290171100254392 -0.116892476624756
-0.0886962807954574 0.374224538192388 -0.104042419530564 -0.0382778750816533
-0.0730742609705633 0.385142987730818 -0.128782219662689 0.0174675433066036
-0.0401737802848924 0.347403615980518 -0.0819492448214572 0.0841638866680925
0.0119711076391025 0.356188722434598 -0.0588160035424785 0.118511831716028
-0.0027532075484116 0.373850413744127 -0.056471323996876 0.0460379259540524
-0.0144383194016962 0.398298260025548 -0.0605123441486651 -0.0424050044834765
0.00274587293447514 0.39722631316223 0.153958141116239 0.255062301453359
-0.0601237630003938 0.3947106742678 0.173392699603132 0.134541566489332
-0.0957969243784383 0.396329257418362 0.0737423803006773 -0.0318505848490384
-0.135403843157453 0.373165003370559 0.0983889310404246 -0.100301421068845
-0.16216211036034 0.380722079796426 0.109618968511094 -0.159281139300248
-0.156826834999717 0.349995532035911 0.0961620975022493 -0.166508447742483
-0.156052188893833 0.345777356747115 0.0749213391594977 -0.132506771774059
-0.172937264222105 0.348717073518636 -0.00311264981191135 -0.0549042948054146
-0.13735559968459 0.359977398520762 -0.0654017318135414 0.0251693038627842
-0.116514408249985 0.380631994837762 -0.105396260352287 0.0738554157196007
-0.105922091134192 0.396557759900007 -0.106894569571587 0.0705133895779099
-0.0759740926341214 0.365758988423377 -0.056527859800736 0.0690426879423284
-0.0120580963303314 0.381593045495586 -0.0316133796587768 0.0369061461748004
-0.0169127663823287 0.408480761813374 -0.0447795505174014 -0.0722165407025736
-0.00792956147847624 0.438627004300658 -0.0654853288312393 -0.1980566337038
0.0440303069889239 0.38438482926801 0.141986719649836 0.0952758730656939
-0.00310909222857137 0.402878349648502 0.176315748747566 -0.00980279880277719
-0.0241688134949045 0.42339940597999 0.0985341341214501 -0.125236735073456
-0.0599295681881516 0.405854315802397 0.104880208163747 -0.129936490877259
-0.106027404646028 0.411420444799116 0.106969171626326 -0.102901224856587
-0.123436979944524 0.376225012906468 0.0677497748998723 -0.0612858168283285
-0.135989627746852 0.349695777646929 0.0188009152357995 0.00328168720845132
-0.158139442736681 0.334624153806114 -0.059898045214241 0.0830467131555825
-0.135384331713019 0.322991989866028 -0.108244340461256 0.153857264744608
-0.125327139327576 0.325506644244807 -0.115347247959399 0.164930397851722
-0.119933043352741 0.335540512353429 -0.093094405986608 0.10980611611089
-0.0973632095276473 0.310865101700096 -0.0331765609069929 0.0488382221642242
-0.0331343354352073 0.338180587237205 -0.000420813629800466 -0.0403762944075287
-0.0307349688528029 0.372802415909777 -0.0291830856847753 -0.177452390543537
-0.00174199504690279 0.41560083602984 -0.0738391268754015 -0.346955298776543
0.0704251493695519 0.306398649699717 0.118086329654884 -0.0527485504960841
0.0437561610971417 0.327314502039584 0.147642294460345 -0.141328023276743
0.0382639721926091 0.352057992254332 0.100969969019532 -0.197866346889113
0.0167778170225114 0.335843841220346 0.099963839842703 -0.13520469914204
-0.0396953260401033 0.343975093048183 0.112110250436535 -0.0326495861481664
-0.0697831434274603 0.320791919876831 0.0568658933130199 0.0526900830497077
-0.0938524869036085 0.289401847402398 -0.0233981412609165 0.140002986494772
-0.119197889295745 0.270221498896057 -0.111555996885709 0.206148722006842
-0.109065122083579 0.247749183489 -0.149013180913449 0.25294653927637
-0.103679829500952 0.23659721007717 -0.129657715094833 0.223396519400251
-0.0991847977045685 0.238796943825897 -0.0865348672584709 0.13077943756737
-0.0820963491937896 0.222136705915551 -0.015073651978106 0.0304797966407834
-0.0329926462482757 0.255050771733376 0.0302008192911168 -0.0949613968755126
-0.0296850131410487 0.289669285667242 -0.0110133026114098 -0.250653066593098
0.00792021916619022 0.337244096986475 -0.0820859600890204 -0.468108842146036
0.0717175283138137 0.177679645139781 0.0922062647797091 -0.161031278594275
0.0609936874699632 0.186574958120255 0.103366499557038 -0.229153339700789
0.063088727730679 0.211195513386685 0.0943336536916572 -0.239440161944565
0.0547184238943425 0.193419948492195 0.095405710001734 -0.123731204516657
0.00922244711332254 0.200227429536509 0.127780519321974 0.0272873871403793
-0.0190503364612869 0.196357963997786 0.0659149897945922 0.141905047312495
-0.0388054446177201 0.172156495999672 -0.0465778938378821 0.247474911167415
-0.059319955893128 0.16465514440737 -0.148005812808066 0.296646231833286
-0.061327075200204 0.150374817098684 -0.182768700165754 0.316642428726358
-0.0613240203950867 0.141922393899592 -0.143218236489979 0.255444528759056
-0.0531647589966372 0.144325949616469 -0.0832200348739665 0.143140211198279
-0.0381695455709105 0.139054107375917 -0.00282803217888703 0.0203962521680445
-0.00919468021475641 0.166900071515914 0.050014140395693 -0.123796507668915
-0.00608920262898414 0.185482027890868 -0.00146339248169173 -0.290628175021868
0.0263830426175249 0.221918777026446 -0.0939079186449713 -0.552961106575122
-0.0746582994447557 -0.00193462474330603 0.122124087557302 0.564767334254712
-0.0285798738136882 -0.0674550114304173 0.0483525280688358 0.352198859030195
-0.0342757070086158 -0.0662825864872183 -0.0386687898878099 0.142834611030388
-0.0244365292507594 -0.0690267667009472 0.021176741460241 0.0208678677165393
-0.00975511408880561 -0.0647162879994268 0.0862176286530515 -0.13963092024649
0.00783952452933719 -0.0536043329244845 0.155364319530427 -0.239913498438839
0.00629284726162488 -0.0331418924299259 0.199364203975147 -0.312057575158277
0.00498404516111355 -0.0330127009169388 0.149301826773439 -0.358820770915988
0.00970192706899915 -0.020842157219011 0.0344494794838902 -0.332865795734909
0.00124493482301201 -0.01224455505475 -0.105401789451285 -0.223814177196079
-0.0170347861409467 -0.029677831642082 -0.170791627884884 -0.070445681438279
-0.0258100883207458 -0.0469019238047605 -0.141131468056547 0.0811384810673813
-0.0303153709396775 -0.0425619003499503 -0.123912154063019 0.218990111228449
-0.032339973874278 -0.0609028747635734 -0.11623349531686 0.2396657074597
-0.0576306223378776 -0.0450167059746479 -0.126655873829724 0.198638521317351
-0.0762013519940502 0.125402604671936 0.122391961982152 0.553861048586966
-0.0649474489438772 0.0452826520129485 0.0618993241475578 0.350280799758658
-0.0740763984488209 0.0236283171942099 -0.0393946742715874 0.133374432352761
-0.0752747878559298 0.00591995667069388 0.0252454241534624 0.0061563231021282
-0.0657522435229528 0.0220608363535076 0.0882305416234753 -0.158085001521988
-0.0480594137300704 0.0344591949730774 0.151554866552978 -0.252428713763061
-0.0537977804478525 0.0735346868548362 0.195986725741806 -0.319734413743451
-0.062701697085677 0.0993346091545279 0.135540333780002 -0.346060993218853
-0.0409581560074962 0.128140726110878 0.0223557563206847 -0.313170740017823
-0.0280161009827264 0.149738054043105 -0.10582949564875 -0.207680653086187
-0.0307167091207885 0.14004517824282 -0.164791378502207 -0.0675233006770604
-0.0214452477276258 0.109596141933761 -0.124063853029386 0.0827251932969349
-0.00564706902323742 0.113865417240184 -0.101350275786226 0.209004501102765
-0.0188656970620188 0.110935663876552 -0.084541190889357 0.213514408614701
-0.0476691440819706 0.130465616686502 -0.0882575153373063 0.170406942899933
-0.0677427625124745 0.244358857118543 0.131633569730377 0.498620649310953
-0.0950099206193101 0.170807370678443 0.091621518100392 0.322523740474651
-0.114801891769867 0.137894779813986 -0.0168534788547904 0.110275025513
-0.131372942107218 0.108666242616047 0.0440429725298329 -0.0158936635750403
-0.125685094436682 0.130915319567345 0.098710301275173 -0.172827531915782
-0.105972363601954 0.136992033762471 0.143248710617989 -0.252265535670508
-0.109105223343377 0.179209353616938 0.171932094469254 -0.296105923683194
-0.119205082804364 0.216352930848761 0.101944221617824 -0.284161927505291
-0.0850478642576174 0.25234606760448 0.00257139965008785 -0.232776250638244
-0.0578916962452422 0.282383479258828 -0.102603922601084 -0.140267212666605
-0.0455737859200958 0.283600442037431 -0.148424930196104 -0.0362032773416495
-0.0241109855764491 0.247120819185053 -0.102412626965018 0.0834060307354673
0.0124233512232227 0.252881316566266 -0.0796100778260625 0.171940283378678
-0.00664699395502549 0.261636388088283 -0.0666782501829602 0.142578078876986
-0.032317646342629 0.282684048988351 -0.0680378411134858 0.0821008899489849
-0.0433869606775464 0.337649897754116 0.145498668282757 0.396231914353895
-0.0973987453282155 0.294746971548259 0.135164839269924 0.253182857280626
-0.130069216390206 0.272962230804303 0.0256532014738458 0.0583050842355206
-0.162547870156615 0.239600243712607 0.0716646016996398 -0.0507866213211023
-0.166417798407855 0.25728364517201 0.105598121089263 -0.175182148121208
-0.148802757696909 0.246322388707752 0.122194760341918 -0.225214672921708
-0.145309436380911 0.271903589295507 0.127780555315264 -0.233183508821785
-0.156254157364782 0.299163460587167 0.0531926178966624 -0.180865943280267
-0.118608521733331 0.327583921153063 -0.0261477991315966 -0.111701962190059
-0.0902675357673313 0.35906961068745 -0.0990818420908675 -0.0392138130879096
-0.0748581728522373 0.372172587825527 -0.125810876712457 0.0130939476492738
-0.0473836462240202 0.336359201193693 -0.0772404557926649 0.0777360469765548
0.0079197618700851 0.34595369662184 -0.0572574990705172 0.108297321385379
-0.00861382109567118 0.362998686320533 -0.055348468839525 0.0394480543353947
-0.0181202144733336 0.385206179380444 -0.0627359878443091 -0.0497107162711238
-0.00579556850121052 0.384323087729231 0.150843126776525 0.257747862960458
-0.0639590897176948 0.381649771875801 0.168445437073836 0.13769251403621
-0.096610935101949 0.381388833303553 0.0696602645794123 -0.0245117439973252
-0.136922275822684 0.354509134842646 0.0937821248075195 -0.0922976121481785
-0.158668620684158 0.363209804396916 0.104142595216193 -0.152039923875126
-0.153740751044318 0.333955940609991 0.0911127075775589 -0.158810652887063
-0.155166837446055 0.330144879903192 0.0711625585190647 -0.129929817024611
-0.167983092602625 0.334941677285821 -0.0025980118309378 -0.0545817381707913
-0.137370035649518 0.343348955164024 -0.0626114289929868 0.0236127841642347
-0.117669414077126 0.36498154761939 -0.100806061689441 0.0686090657811211
-0.106295855925757 0.38121442659053 -0.105775944443065 0.064006479732145
-0.0812800783361137 0.352182833412768 -0.052711768704335 0.0625647029840857
-0.0148063374445915 0.368780087301511 -0.0309058988359383 0.028078787230213
-0.02241211349861 0.395102847987329 -0.0437238578642249 -0.0763112920292463
-0.0116474135899493 0.424943517394453 -0.065793202344946 -0.19951661682835
0.0339853286499735 0.374476177574869 0.141189055098466 0.102528952888128
-0.00839806430008102 0.39237530578478 0.173564534335755 -0.00223052724527584
-0.0268624255873165 0.410019892613584 0.0940432622604416 -0.116537172627201
-0.0634321217468502 0.389225273081431 0.0995761598051591 -0.121786247422105
-0.10444570241823 0.396008674650489 0.100787496243069 -0.0991856859250007
-0.122384359317769 0.361024669919029 0.0629189324113513 -0.058499591556909
-0.135734199454522 0.335339467979637 0.0167235969160494 -0.00015790552471251
-0.153366829965477 0.321484996516075 -0.0587075238151811 0.0776561207962429
-0.133691487811197 0.308531641268788 -0.103798054654098 0.145744849474408
-0.124692146507958 0.310777870920864 -0.111265672700832 0.155372975755423
-0.117958133590951 0.320500034515438 -0.0928539510177145 0.101044943102924
-0.0989811635622976 0.297434840178979 -0.0301037518604858 0.042237700848827
-0.034877017235508 0.325228192287553 4.61248261028765E-05 -0.0469719770819307
-0.035232439407831 0.360407874965605 -0.027058895677194 -0.17766495796334
-0.004650605778732 0.400794174780419 -0.072100105089729 -0.342743695424917
0.0612260257843485 0.299097161287217 0.119408320409222 -0.0403708165636276
0.0393235395183727 0.319339994559667 0.146218083268033 -0.130257075374084
0.0358729355972465 0.34311562747285 0.0966984678949521 -0.188966743795616
0.0122160219985572 0.323242745318348 0.0941122821204361 -0.127913805495218
-0.0386563446148314 0.33219362341962 0.105157700958172 -0.0300556615916321
-0.0691151692675349 0.31022182780186 0.0516450318103047 0.0517413901389537
-0.0931391737071971 0.2781505192784 -0.0251920341089743 0.131362926668409
-0.114882854158957 0.260045584022049 -0.109568140660998 0.195210422581109
-0.10708857431038 0.236867021223053 -0.143796543484505 0.239992914651834
-0.102283413905625 0.22526298574454 -0.12543477037629 0.210527501301129
-0.0955876523856036 0.22759485783409 -0.0850052073310192 0.12045944745494
-0.0811744348238205 0.211432167934988 -0.012448001219191 0.023525449011685
-0.0321066687607375 0.243525549142092 0.0299044344721277 -0.0992702967165654
-0.032864515112147 0.279698502077094 -0.00899387340753282 -0.248087624849106
0.00604025118052153 0.325522678572751 -0.0803442029159553 -0.459478402799993
0.0654267764196665 0.174531632757507 0.095686779691204 -0.146247804091178
0.0577010630686454 0.18268524741453 0.102579421543131 -0.215985720753556
0.0612510110800164 0.206495298343606 0.0895189126251044 -0.228275143876363
0.052349887344812 0.186174239188255 0.0897370725963072 -0.116964148249271
0.00915974234046833 0.193874104848283 0.120348194050932 0.0283158193595022
-0.0185271777202439 0.190703798404411 0.0605640142236261 0.137306682073961
-0.0396188552046451 0.166565604447539 -0.0478254612269169 0.235524816934135
-0.0568661661996289 0.158914885436653 -0.14518545184174 0.282021528098264
-0.0589175520867802 0.144680308538278 -0.175188990371525 0.299774400810928
-0.059617545876671 0.136010291564433 -0.137440072296452 0.239940502443506
-0.0507208408094656 0.137462612213955 -0.0806877193974847 0.132736362537743
-0.0359697472308249 0.133122436658201 -0.000111437983718438 0.0138819099236748
-0.00772524089643685 0.159997890809875 0.0489643772015767 -0.126219540470464
-0.00882683930068551 0.17903346159916 0.000160991829038368 -0.286275710988567
0.0259867758374297 0.214909178874145 -0.0916111396349218 -0.540948850789475
-0.0734739434133949 -0.00198310057704897 0.113142052694589 0.573924263523826
-0.0294963937951846 -0.0700618868807409 0.046060747529085 0.357052105950253
-0.0327813542472604 -0.0675904432714536 -0.0415350261129643 0.148491216925243
-0.0243283470624135 -0.0702428087047111 0.0196849915990072 0.0290435977564903
-0.00999274786253992 -0.0644691800725429 0.0861730241561796 -0.132643666466685
0.0083682132973278 -0.0551357594634701 0.155737240208337 -0.232389773897665
0.00787679759035013 -0.0347371356359723 0.20365941608049 -0.303383608072314
0.00466525467501552 -0.0336836972136131 0.156653589237527 -0.351920675468692
0.00935309645854323 -0.022184728667176 0.0417873544823931 -0.329956362591847
0.00171938396345911 -0.0126333416042422 -0.0982147718423292 -0.226685459276958
-0.0189049811884508 -0.0292550147770841 -0.165607453440757 -0.0754254681535933
-0.0259615217429095 -0.0471147712341117 -0.141706618007129 0.0758891726132909
-0.0299652959639912 -0.0433062127621303 -0.127145248601555 0.215274972361384
-0.0323889685292179 -0.0626732452720025 -0.123225306837449 0.234692702649365
-0.0587876283766542 -0.0450825998625866 -0.13516384381781 0.187911606426699
-0.0799366709228561 0.124503099230237 0.112912090226797 0.564886643350346
-0.0686241449969253 0.0417964925627162 0.058526579779655 0.356515752825471
-0.0736559954252325 0.0191956418884496 -0.0425557006576547 0.139328306654416
-0.0756175552709844 0.000928613792807492 0.0230887085078053 0.0130880554489599
-0.065788872787803 0.0188500895709367 0.088182091933745 -0.151143011318034
-0.0493372367812378 0.0306429241762513 0.153060375150748 -0.245088782799615
-0.0549680388903284 0.069160446321307 0.200835977881938 -0.311722385323909
-0.0656300979404675 0.0972324191153383 0.143523697721162 -0.340155317732111
-0.045445383329034 0.125616935911104 0.030023274915123 -0.310520438230163
-0.0326448529695106 0.148876279734598 -0.0997318235652299 -0.210618636113345
-0.0350091078674858 0.141113320713177 -0.161922218661767 -0.0727601501982056
-0.0270817927787613 0.110867715294077 -0.124421612926464 0.0777401920728327
-0.0091732589137314 0.115537297191804 -0.10466708789025 0.205338925187882
-0.0231133670240526 0.11128028044753 -0.0910700011180591 0.209266832006062
-0.0529593557056457 0.131075106589653 -0.0968286496378069 0.161274378780063
-0.0765452695318686 0.243415454370976 0.124510565394324 0.509825839335488
-0.101083319515044 0.167256672723544 0.0882090255501577 0.33024522433037
-0.117609616216744 0.132087448679566 -0.0207889736505371 0.11663795229815
-0.134921789692481 0.100052840795479 0.0421765320812197 -0.00835570707621592
-0.128485255578728 0.124647871033771 0.0988821672071489 -0.167059067979796
-0.109420940574241 0.130742398543982 0.145599698641066 -0.245147860141314
-0.112454830797254 0.17362429282741 0.175386694696521 -0.290423285747778
-0.124306651091795 0.212347240681451 0.108321388069863 -0.279408253328361
-0.092680639861903 0.248859905644254 0.00800719269019798 -0.230754413182505
-0.0657807665288422 0.280409414437309 -0.0981391632774825 -0.143930064287203
-0.0534868052694324 0.284609032622199 -0.147309137669609 -0.0415733430749219
-0.0338858318420645 0.248680132056313 -0.102337750692049 0.0792665013547421
0.00614649899694437 0.255020614333641 -0.0827436580423906 0.167080831243539
-0.0147330711609641 0.263549756282882 -0.071231267471652 0.13732323668648
-0.040312428173896 0.283376265043388 -0.0744557604606208 0.072358765514454
-0.0563842881229787 0.338260439729074 0.139783823083428 0.409330060235995
-0.107417845612675 0.292500626433047 0.132709226749088 0.261896400614481
-0.137108578016031 0.267526848591137 0.0230611494450587 0.0662167881463789
-0.171737915428807 0.231002057322787 0.0707677520098319 -0.0429953353406201
-0.172374347402139 0.250338933255408 0.106511310233061 -0.170367534181636
-0.1542244282731 0.23945616078848 0.124482585644414 -0.219829002929305
-0.152449869725847 0.265376730943904 0.129778995550343 -0.230722769205532
-0.162079193214505 0.294421624454191 0.0566723874360425 -0.180369939899288
-0.129226263545097 0.322718095335797 -0.0236823373989648 -0.110779284316678
-0.10176846197873 0.355690184487218 -0.0967983490121121 -0.0423720171632515
-0.0848724391625576 0.371081122281992 -0.127325047007554 0.0081307270534902
-0.0598359566602372 0.336449829302922 -0.07699521406703 0.0727553399077274
-0.00130436886671476 0.347991673446891 -0.0593263542175435 0.101582457048005
-0.0187347264241616 0.36472272512253 -0.0581252568661542 0.0328883426264275
-0.028956582816507 0.386126507327587 -0.0665195315666509 -0.0589408619187667
-0.0206126842457542 0.388452931272235 0.149852035349862 0.271701202450019
-0.0752081714440012 0.381540805766706 0.169385431844695 0.147402862471573
-0.106670402259334 0.37862032523285 0.0680994813430421 -0.0172629681477036
-0.148414798622134 0.347758680065245 0.0927947035281956 -0.0853494582296645
-0.167323150446591 0.357883012424679 0.104355152405698 -0.148546964691229
-0.162542969570605 0.32785325938293 0.0913416512724795 -0.155563474520596
-0.163453475030341 0.324541150637295 0.071812096385435 -0.130826770760835
-0.173628753454741 0.330278629844791 -0.00189799156101728 -0.0559583024811176
-0.146629855959849 0.337890104398891 -0.0626905412228982 0.0224005180123686
-0.128429628841559 0.359750797913981 -0.10220465942472 0.0649116661460007
-0.117211504097188 0.377843433071122 -0.109806101124873 0.0588226381344154
-0.0943980770703855 0.350408941872478 -0.0518239217597986 0.0578937176078891
-0.0251070353295481 0.369224737291135 -0.0315424635960161 0.0207901537059815
-0.0343344388162066 0.396677404661855 -0.0431003235967479 -0.0831467200567926
-0.0212756961568162 0.423982123932178 -0.0662889242219756 -0.208615560368724
0.0199829941010483 0.378810029711132 0.144091041159435 0.116811952364933
-0.0191761336960723 0.394939919131446 0.176803479883648 0.00740289438768116
-0.0369268478039446 0.411584145486341 0.0943651555203319 -0.110768097182305
-0.0757488390553789 0.386434566288247 0.0987933444940298 -0.117272771164507
-0.113793013265938 0.393437474909901 0.0996823046195097 -0.0963076377070483
-0.130502651088631 0.357802343037773 0.0617410119727646 -0.0558880337406184
-0.144895127744892 0.331802852506149 0.0145883928136902 -0.00307962500877825
-0.15817711138645 0.31680333664982 -0.0614965144393745 0.0730928542403798
-0.141832091858521 0.303248068887128 -0.106156491287702 0.141547027503667
-0.133316647532952 0.304370160203917 -0.114289675442663 0.150510306982254
-0.125551551561115 0.315175509925754 -0.0978562312846743 0.0955624988273443
-0.109481130880742 0.293826269488489 -0.029436541049549 0.0365708610456321
-0.0426373082685576 0.323434196988803 0.000810223121221106 -0.0540063777680223
-0.0461148651884002 0.360287699858684 -0.0237894985548614 -0.185284712981917
-0.0136127085765945 0.399800388424549 -0.0695425864347147 -0.352233806048869
0.0494457909233017 0.304685915046735 0.126495803926042 -0.0289029177507956
0.0316848372851399 0.323049324562652 0.151797975495623 -0.121922117092844
0.0294073962544281 0.346200591348876 0.0981558326951714 -0.184844055985626
0.00356700274757321 0.323018547793528 0.09364496895086 -0.124245544811839
-0.0457615432451841 0.332104656776053 0.102477337021429 -0.0279740929866854
-0.0755751235056707 0.309425567570775 0.0475950623199191 0.0535989984028528
-0.101104119771055 0.276953486303515 -0.0291849127371808 0.127556694293239
-0.118039253192812 0.256753647888941 -0.114684117453373 0.189431364843328
-0.111942936655679 0.231931484507665 -0.147260308333609 0.23239972452249
-0.108342289864711 0.220785767182715 -0.128626934473779 0.203804578966342
-0.0996867815360805 0.223016434743397 -0.0895984425613425 0.114196781583878
-0.086493447686038 0.207261780714299 -0.0107390128120863 0.0175569348412639
-0.0356551512728375 0.241430361032022 0.0317817059728106 -0.106209565425028
-0.0407719919781052 0.27882799927449 -0.00458515177391092 -0.255096745618508
0.000674026703476181 0.324863294150329 -0.0750804227686883 -0.468600177585158
0.0587839496789995 0.179749365195623 0.105164212661544 -0.135024453781804
0.0537363446034812 0.186131643136818 0.109851683382698 -0.209175298219281
0.0589004535907789 0.210048690719287 0.0918478465457844 -0.226308437532783
0.0479089725149523 0.18710792537007 0.0890900682869009 -0.113191920388424
0.00630150099477324 0.194988219334901 0.116970740096685 0.0318026808108385
-0.0214942341108428 0.190947015089633 0.0549049524335049 0.139879905455844
-0.0437772207037598 0.166653125618783 -0.0542847993464035 0.23176662166492
-0.0579118277963362 0.157575745115027 -0.151965369793576 0.274892186348856
-0.0616933379705852 0.142752716410907 -0.179041695162832 0.291828539515881
-0.0627167483859413 0.133891003767362 -0.139692993700994 0.232455547499699
-0.0524758756060858 0.134868409663021 -0.0837129324267267 0.126074533878425
-0.0383303123000261 0.130552261322925 0.00155091263883061 0.00758839668964618
-0.00909656144895711 0.15903084798208 0.0522406260386529 -0.131807039466966
-0.0141310246142663 0.17964924061223 0.0053697040058665 -0.291977522688877
0.0228087985831355 0.215910518205601 -0.084103124876445 -0.547695694581863
-0.0752661902270685 -0.00211931599220435 0.114798378602349 0.604745082333065
-0.031631754412759 -0.0753025129376891 0.0499853572504762 0.375047953547452
-0.0331252153336111 -0.072005603663765 -0.044079584176803 0.161119673509607
-0.0251113703224011 -0.0733979824479518 0.0198889836214743 0.0383423702289857
-0.0116366244760899 -0.0667199657937339 0.0865591473285575 -0.13121409187386
0.00797227714473455 -0.0593196510751598 0.159529803022559 -0.234732094933608
0.00985576619740551 -0.0387472206814862 0.212359119240438 -0.308132368712934
0.00371378551165429 -0.0367014904546133 0.166938370757869 -0.358835782771663
0.00861619685164345 -0.0247772837319543 0.0470563597767072 -0.33892926163722
0.00155928084166432 -0.0133253242695148 -0.0970918937650209 -0.237022543536943
-0.0213098205045983 -0.029790633711334 -0.167795064704448 -0.081416487570725
-0.0283942352683249 -0.0487150778191153 -0.146142950471881 0.0759846518648469
-0.0317282512499217 -0.0456561513388288 -0.132683281097 0.221655037092845
-0.0347285038109452 -0.0666491698815123 -0.132397966323545 0.240145293672521
-0.0624995693028479 -0.0457099220084808 -0.148151820044231 0.185827913761212
-0.0846422901162655 0.129036872912607 0.11802968008772 0.59471688220948
-0.0737558666663636 0.0402364153301693 0.0614150312859938 0.373144794786145
-0.0767138202337834 0.016300473500781 -0.0453196615955835 0.152009863308222
-0.0791276705504707 -0.00298510866824723 0.0225016247798588 0.021476427489799
-0.0690500119196379 0.0170247707132646 0.088668991959925 -0.151355650032344
-0.0522951711630037 0.027733638938878 0.156962229375797 -0.248380161050252
-0.0568133987219575 0.0681225371203174 0.208595471987961 -0.318496144245897
-0.0695082403122623 0.0979213096939634 0.152596059549072 -0.347842087725478
-0.0500121444455257 0.12806815301581 0.0348213367238967 -0.319299383719799
-0.0358000212784871 0.154016129729505 -0.0999686129813747 -0.221449709943774
-0.0393499369833781 0.147300776422009 -0.165650426150136 -0.0795823033013636
-0.0321491605309558 0.115640911064026 -0.127825773705302 0.0783854045990532
-0.0119298449347351 0.12105728174195 -0.109190725479291 0.210833315967712
-0.0275542239428802 0.116340659531888 -0.098494511253254 0.213612554388994
-0.0582159991723659 0.137352605896196 -0.107627717338782 0.157842809363947
-0.0854640047820254 0.252790561517715 0.129032896696731 0.539239852320614
-0.108657920726871 0.170330161777273 0.0931884471505842 0.34652449278576
-0.123551774083929 0.132278749445399 -0.0235791320588806 0.128416304093118
-0.142326562165336 0.0974267409372179 0.0423070741256154 -0.00086122157065198
-0.133690395185498 0.124623265242154 0.1005520565707 -0.16761676630442
-0.115069366579794 0.130474420738952 0.149374904853857 -0.249054333736761
-0.118942892661405 0.174763478081669 0.182595001530652 -0.29822258404151
-0.130627922881573 0.218209521085371 0.114067660788465 -0.287383654393518
-0.101274972370589 0.255024978737787 0.0107257164925581 -0.238110629721257
-0.0736581539134512 0.290144171612819 -0.0995884045900521 -0.151107794211274
-0.0604758021519215 0.296142557659495 -0.152939667013215 -0.0468171378233143
-0.0428129493465601 0.259497122108443 -0.104467694943178 0.0790829095190814
0.00214027248500836 0.266961755825724 -0.0867598422831563 0.170044966081934
-0.0208429917462395 0.274904619225792 -0.0773351069617244 0.138597558029218
-0.047371379266581 0.295933979801978 -0.0832843624331464 0.0662699965822437
-0.0667734778724008 0.352262201125745 0.146037034265538 0.436479466873002
-0.117298652413355 0.301632623955915 0.1387759784146 0.278405313169262
-0.146293389351854 0.273167727301262 0.0214122855654791 0.0758490809894218
-0.183790134439628 0.232271682003055 0.0716841927915959 -0.0374074942007893
-0.180100533283113 0.253834205687086 0.109257375627803 -0.172844737166148
-0.162490027960925 0.243144558547096 0.127751196161075 -0.224382716591526
-0.161730606669331 0.270428226256912 0.134627028064489 -0.238483598251567
-0.170413864431157 0.302442795367164 0.0600503548200838 -0.186511646366417
-0.138777700972552 0.330796716647578 -0.0231296728009042 -0.115048264710625
-0.11163610758122 0.367196039822048 -0.0994133907242055 -0.0464322993208359
-0.0941929584842798 0.384472731575109 -0.133877370946282 0.00503657136015231
-0.0715987388767975 0.350191308291585 -0.0786008018768929 0.072379114842379
-0.00500700598789615 0.362531819465212 -0.0627915241959894 0.0999246248076404
-0.0265461207602852 0.3809220262847 -0.062831702186802 0.0278938027771192
-0.0359963819321176 0.402426600972053 -0.0736061241618392 -0.070960531099904
-0.0311928919042083 0.404361339308188 0.158017075715534 0.294187974212902
-0.084605216309965 0.396558641594358 0.178065371777332 0.160335235148826
-0.11530238009771 0.391565468255169 0.0692522097393004 -0.0106815272217994
-0.16212192847575 0.355671732905695 0.0952832081824469 -0.0830859795780856
-0.17790330283552 0.365845039043102 0.106276390131938 -0.152230729419243
-0.172384959151374 0.334993946807142 0.0943111591437806 -0.158604361981942
-0.175006465514184 0.332504030148009 0.0731414844931183 -0.136852348710717
-0.182601139829778 0.339319636204208 -0.00291185360171917 -0.0595404619547249
-0.157769227706489 0.346629799942019 -0.0648305072435153 0.021962211455789
-0.140741839806399 0.369986323326553 -0.106572219321031 0.0644437708697744
-0.127031052537539 0.389836011804461 -0.117426516331819 0.0571338592627688
-0.107348915412758 0.363604873476798 -0.0520211684857631 0.055041043118721
-0.0309147847370475 0.383298398014845 -0.0332257450813405 0.0141733495955515
-0.0433748689340669 0.413053601267366 -0.0454426400409009 -0.0932546445077
-0.0272407207132199 0.440730770274446 -0.0716530000514242 -0.226353007090986
0.0110794376509705 0.397235248486137 0.155237042557281 0.133180876661749
-0.0255728534293253 0.412393166843652 0.186981188222527 0.0151885657683816
-0.0420632089709304 0.428171778508611 0.0969571711914083 -0.109275882797275
-0.0864489646702532 0.399664872849276 0.101731750561466 -0.117277556005371
-0.121386131526719 0.405952286885999 0.101340681050464 -0.0992768307059813
-0.139259827653026 0.369104591059814 0.0624692555521814 -0.0563461524727584
-0.155727663346367 0.341706182563826 0.0123823169044882 -0.00594514532337082
-0.165791504904583 0.325650017902594 -0.0661263176567214 0.0721254439943367
-0.151465736579095 0.310365325799373 -0.110502760239749 0.143607733695436
-0.144422534402567 0.312898709948484 -0.119617127971242 0.152349780645801
-0.134723732516324 0.323619773366959 -0.105438186726776 0.0945689515976379
-0.120351687013171 0.302250346268543 -0.0286364229438858 0.0319105296309186
-0.0482634445074453 0.334305650374586 0.00153818887732295 -0.0639279118380636
-0.0544061439867035 0.373704342525699 -0.023753880124633 -0.199501679381762
-0.0186850896539125 0.414742069694106 -0.0734364691968464 -0.37449094905185
0.0447577299468308 0.321288704975097 0.138599718548379 -0.0182405421049779
0.0295596314333978 0.339059733532772 0.161980144669246 -0.119020492203798
0.0285314462710827 0.362594549194537 0.101115665937103 -0.188978364619803
-0.00130598435856178 0.335764599006113 0.0951960579855633 -0.125623091255017
-0.0500969005631909 0.343811920112373 0.103384424172992 -0.0282228525809027
-0.0810623715900232 0.320102194283502 0.046871123470001 0.0567255321896993
-0.108866085968439 0.286822596970703 -0.0344383996109305 0.128954792490565
-0.123439061699113 0.263764594410619 -0.121944632335496 0.191172415115754
-0.118907550778077 0.23830893202393 -0.152620643038986 0.235561522417809
-0.114838576849123 0.225489892445509 -0.134153720863107 0.206220024553151
-0.104785394675954 0.227430404352594 -0.0954776147777463 0.113228573146011
-0.0928218123183999 0.211786002031731 -0.00979952275715937 0.0122270680486702
-0.0382715364099915 0.248009893936562 0.0341195071360131 -0.117112635236171
-0.0465093123013571 0.289109469932238 -0.00348553848976766 -0.271487706698596
-0.00246184983770548 0.336467628249078 -0.0778439832734264 -0.493990765182855
0.0570773215160713 0.191250783866375 0.117891558550661 -0.13051078831773
0.054635456887173 0.196211937782683 0.118460317189122 -0.210984770571948
0.0620012898817831 0.220471149683656 0.0939785475529233 -0.232896836680174
0.0479947937585761 0.194688800361174 0.0900569546018608 -0.114807179491379
0.00566158532974221 0.202572838088388 0.117985531424012 0.0347063150039067
-0.0226448074216767 0.198563329203788 0.0536705029215133 0.146463204747275
-0.0469017494833982 0.17313486781804 -0.0608849023543572 0.237814539809012
-0.0596377983675682 0.161960926044663 -0.160673302466788 0.280766820084321
-0.0646264851212087 0.146650814239487 -0.186317327565236 0.295715049740163
-0.0652820273945283 0.138030242501407 -0.144285827191745 0.235091041294129
-0.0545672497224738 0.137449917691678 -0.0876423407551636 0.125656322209865
-0.0403098683778374 0.133630770215029 0.00365012153620403 0.00127253406255862
-0.0092116254735257 0.163285877570716 0.054767631373219 -0.143311466240736
-0.0168925907164737 0.186992732272088 0.00639873831606543 -0.308982040424038
0.02345216041434 0.22412297977841 -0.0868459920091127 -0.577831301230714
-0.0780489572505204 0.000819923308035436 0.144605074576602 0.642436922716387
-0.0378957371637578 -0.079738874572408 0.0691022598978396 0.396980651407382
-0.0382481829229537 -0.0777848491324106 -0.0400223721644454 0.17868617349028
-0.0302137603717506 -0.0773527973394769 0.0230393639918319 0.0472560764739054
-0.0155252318498221 -0.0693623754056396 0.0845495936775325 -0.134774339552026
0.00543840539304863 -0.0643608230770076 0.157039715320486 -0.248222107879992
0.00932039666196413 -0.0446978860879047 0.213902479255225 -0.32692829268335
0.00141417648330007 -0.040896373288254 0.167693630311708 -0.379703357205724
0.00653689084237558 -0.0285423588479309 0.0412590455863261 -0.357018691216578
0.00162141892062057 -0.0146112790265665 -0.107244894422169 -0.249119241923202
-0.0255328167012259 -0.0293679078550801 -0.176630582189947 -0.0836484022923856
-0.0341383059406231 -0.0508416591485889 -0.151329148296393 0.0834503421215288
-0.0360470854412022 -0.0471619136400464 -0.13202846670144 0.238215506054576
-0.0407700117228815 -0.0704034844673822 -0.135653585875435 0.254805767216794
-0.0692450575698393 -0.0440449023294037 -0.157371460791091 0.19271201436517
-0.0870793151738437 0.139966576283334 0.144480918926085 0.632677630949991
-0.078633266654299 0.0431397331570281 0.0821864176167739 0.39563375975494
-0.0802548373974054 0.0150912555578337 -0.0430105513597756 0.169052767919059
-0.0852521763174665 -0.00498523063335465 0.0242575172663078 0.0298386259110766
-0.07271734807829 0.0180396146056209 0.0852815530185537 -0.156849922186918
-0.0550128726933065 0.0268048758418871 0.153160285735921 -0.261312548089499
-0.0583628214870532 0.0690430658340816 0.207736623715417 -0.340024280151309
-0.0714246503909557 0.104698788843364 0.151571693795406 -0.369206082331554
-0.051700449963157 0.135196235861826 0.0272506802659598 -0.336724510128837
-0.0348386395396575 0.163847139490602 -0.111308253651712 -0.232082038500968
-0.0391031890951781 0.158770897314856 -0.176562005523094 -0.0810185431188888
-0.0350100726017365 0.125310425151552 -0.130817873289937 0.0851023179614801
-0.0097148730606126 0.129342169285645 -0.10790260875874 0.225324773759516
-0.0279784087949159 0.124483188406857 -0.100423859016312 0.225840372892831
-0.0597527172131958 0.150529536433269 -0.115708748990816 0.162087721083
-0.085228471608101 0.27172198341214 0.155963714523659 0.574335030279808
-0.113187887199506 0.18176344183519 0.111763779055889 0.367625592255471
-0.127103749635854 0.138601138548829 -0.020983803984611 0.144702942294674
-0.149899693455931 0.101529781073486 0.0435693449280185 0.00510613146223263
-0.13765701546117 0.130290775271646 0.0982618745648024 -0.175611904104317
-0.118209330601547 0.136955402155487 0.147141507789738 -0.263204505815285
-0.121086656665364 0.183241564167929 0.181156336211872 -0.318237735510421
-0.13236861088417 0.232043327568278 0.112063132129526 -0.305801319349205
-0.102968106287022 0.271091590838854 0.00494300469685976 -0.25026932114468
-0.0714722996265534 0.309882061989074 -0.108663129933666 -0.158522629741835
-0.0572674663678687 0.316704488072827 -0.164439884814315 -0.0464081719571436
-0.0425776509863138 0.27893445421972 -0.105800194109354 0.0843727205694477
0.00927375768436219 0.284511219827325 -0.0858086228268737 0.178744121630043
-0.0169005924064747 0.294193584088954 -0.0800507184176168 0.144986174250768
-0.0436891541749094 0.317392053865843 -0.0927936955258338 0.0645600877358324
-0.0651243148387291 0.377193009815735 0.173060544267276 0.466934999635109
-0.118145178795502 0.322128584002913 0.15854854345829 0.295833100197102
-0.1478600594572 0.29022498039015 0.0240256572207229 0.0882636121939629
-0.192201193679221 0.24530330708612 0.0735265371640015 -0.0345755644946591
-0.184722057791842 0.268501536010273 0.10660273260815 -0.183143491515855
-0.165249031631438 0.256992366407595 0.126404780184824 -0.237242308283436
-0.164259971312824 0.286909581856895 0.132132535130762 -0.256232999367917
-0.171081874325351 0.32240467415565 0.0569623954191178 -0.19916947608623
-0.140640523354983 0.352162481008801 -0.0275788732747166 -0.119574342344656
-0.110712079826989 0.390985736372914 -0.106547628841702 -0.0474398524665599
-0.0904376411443232 0.410136281901941 -0.144475332803278 0.00822130698728366
-0.0721298685325989 0.376130702669274 -0.0783707043600731 0.0751528542233952
0.00272149679360548 0.386215415530205 -0.0630506910818066 0.102542543487996
-0.0197120663376577 0.406077130502916 -0.0681730188278861 0.0260206792632789
-0.0283486239737752 0.427923267643352 -0.0869590697656167 -0.0814191659626001
-0.0263232597622541 0.434300486999644 0.182618801552016 0.31781412550295
-0.081421932267814 0.423625500586304 0.197034997138079 0.171759305384587
-0.112449251079716 0.41648714763041 0.0715306665175593 -0.00638028788306604
-0.167305145011792 0.378341525264046 0.0967622904249657 -0.0843281696580226
-0.178725868613972 0.38866043957105 0.105164259035346 -0.163156044941
-0.17394739460937 0.35740980392173 0.0928155464506224 -0.169000479021612
-0.176866888367288 0.354347866989791 0.070452708431499 -0.148051676193304
-0.181971905159672 0.362770077311137 -0.00626728764956333 -0.0648103848125965
-0.159632096954632 0.368787536463446 -0.0672881310411927 0.0242578882250814
-0.141318554062949 0.393637159769846 -0.111058834866183 0.0698514239303236
-0.126020925292259 0.41542199109614 -0.126124336047127 0.0626032429869728
-0.110100080612493 0.388307064943985 -0.051473323538134 0.0558310275415538
-0.0227246802812337 0.4076365555866 -0.0351818402211835 0.00931928820629694
-0.0369671843241711 0.439907390385664 -0.0541152807504101 -0.104136857889434
-0.0183088099546026 0.467791270402997 -0.0888603525265795 -0.246654874632281
0.0184427009920099 0.424818542134075 0.176232092586608 0.147432550266986
-0.0164816538786394 0.440383250626097 0.202445382402252 0.0171983730078682
-0.0325185167865762 0.456267649483831 0.0975548642369401 -0.113581121153393
-0.0833711467630222 0.423470737363672 0.101095010278922 -0.1222765980847
-0.117390796169607 0.43134056351407 0.100355971905917 -0.107311377960333
-0.137300802791829 0.392449935363828 0.0620321169294958 -0.0605904390612835
-0.156373962595976 0.365592474278103 0.0103608655345454 -0.00891507826659318
-0.16430646522199 0.347415685220099 -0.0702841888979648 0.0748030417107187
-0.152124016539565 0.330362492449503 -0.111479286917246 0.15268556427992
-0.144841354612428 0.332451485488137 -0.122328724363059 0.161410965530477
-0.134177092533215 0.342815500406911 -0.11247079652785 0.100309653207071
-0.123717500966876 0.321752758775121 -0.0283926673349519 0.0294236296970972
-0.0410993694657124 0.3536526222669 -0.000521431322275697 -0.0757807483029064
-0.0493575037357537 0.397576204877186 -0.0347159941984432 -0.218034395422419
-0.00804858277463033 0.43909545959062 -0.0948588240360081 -0.401535174366225
0.0537608257892637 0.343893582972058 0.155317836319739 -0.0128797415831199
0.0405717458147159 0.36103143291045 0.172231953591745 -0.12515160444598
0.0425138206088137 0.385542031513271 0.0981282988882774 -0.199630888982773
0.00595447910704185 0.355644075245585 0.0935093142553701 -0.132934791877611
-0.0417814063251152 0.364802443758053 0.105181043976648 -0.0322752207704167
-0.0748188843119825 0.340810648454576 0.0492267267983198 0.0596416067977481
-0.107870017712673 0.307117815252533 -0.0354579268178634 0.135656919640331
-0.121126225248178 0.280993869311957 -0.125083285416844 0.20251736925042
-0.119539773525923 0.253888584044745 -0.153590571577301 0.249349595774906
-0.115556118287459 0.240092267783853 -0.134397309009222 0.217388440763765
-0.104567648500423 0.239878523597437 -0.100291288887177 0.118834499160437
-0.0934526056466528 0.224263507627416 -0.0092404970393121 0.00606140351251858
-0.032391206546947 0.260505608892456 0.0321102077986686 -0.133070388431841
-0.0424394965151893 0.306763955921261 -0.0150231508713642 -0.294037306030495
0.00814298411583435 0.355384104579792 -0.102443147017108 -0.528000979319081
0.0648564439150827 0.205783197489322 0.129415070687434 -0.131758382574377
0.0645807721143708 0.207339791846526 0.122228711945101 -0.221338861402428
0.0747643474659358 0.233334343484403 0.0890842745957952 -0.247096333454967
0.0562766788686565 0.204592972136905 0.0882316278256399 -0.120784325048832
0.0132449083197384 0.214532305080945 0.122733387127102 0.0342918941184495
-0.0158571777177347 0.211304654356849 0.0589874750059223 0.154628585322416
-0.0445223332501238 0.185588766359352 -0.0590328879914524 0.250701903185136
-0.056845952077228 0.171953309048137 -0.163412320529246 0.297885776251617
-0.0639981091690402 0.157901305466789 -0.185662932246833 0.312310386013357
-0.0652461535583767 0.147572047051874 -0.142475267342907 0.246760450534245
-0.0519639597767391 0.145659554651331 -0.0884969307586547 0.130683152719655
-0.0373827560819154 0.140776533015678 0.00504368058714805 -0.0056868547663898
-0.00259616562952765 0.171098204057883 0.0528181171816891 -0.160527402629263
-0.0128325123910723 0.199106681298988 -0.00535473062557461 -0.33402252699865
0.0332692681934554 0.236218025211718 -0.115675332651154 -0.615571937691698
-0.0648912127477816 -0.00513377066347649 0.0494319604858824 0.68354774991195
-0.0212129917424812 -0.0878715661405011 0.0169625999720009 0.420499994650785
-0.0245335800529134 -0.0851191869199189 -0.0692171004288294 0.180636503355461
-0.0186793707657658 -0.0832421142617171 0.016568057419929 0.0544089814281281
-0.00782909021082623 -0.0746247163517695 0.102074473341282 -0.124905554396875
0.0137909577013693 -0.0708695619111537 0.194773820165494 -0.230444426698627
0.0168409916508538 -0.0496104900872106 0.271010723326517 -0.306752478334451
0.0067670543362984 -0.0468467811322444 0.234213750168428 -0.363315233468588
0.009972065139414 -0.0306377626448065 0.0969784542596593 -0.36360600293011
0.00292076012841074 -0.0171878660489462 -0.0739452618630811 -0.274656336588066
-0.0243000226073885 -0.0354448211057325 -0.166347752714865 -0.113157063960153
-0.0323194257958157 -0.0583358057552197 -0.163257861183008 0.0638776661367662
-0.0330600153439469 -0.0552911175163793 -0.168661656110928 0.228826270432001
-0.0363356208762873 -0.0794502131246073 -0.178609583619756 0.241636800932033
-0.068833727567777 -0.0557608644616131 -0.200138085404343 0.167443356533392
-0.0997858973879985 0.133403903682136 0.0497656531857474 0.678110930816768
-0.0816270119248373 0.0287724481359215 0.028211843751364 0.424410014582883
-0.0820533417654063 -0.000418175848101643 -0.0742014595004459 0.176214032275412
-0.0851907561835628 -0.0221377960947898 0.0150782026052008 0.0393545865741635
-0.0789192818558967 0.00173287483304756 0.103283581698769 -0.142508490373587
-0.0627513821958619 0.0112431756203088 0.191773696505949 -0.243321148609493
-0.0696858956222743 0.0542940474132708 0.262319626472837 -0.320417068641094
-0.094776573779893 0.088821855183395 0.214503688312789 -0.357252706496872
-0.0791374377902295 0.127463102096218 0.0779725947656005 -0.347891860380317
-0.0659248333442642 0.161686860855107 -0.0828760751033041 -0.262473643396687
-0.0752169557890211 0.158087409142452 -0.167957401637256 -0.11588678180829
-0.0636733950888081 0.12662777498474 -0.145925590759572 0.0578485319945837
-0.0396422907031961 0.135220010232485 -0.141100849332838 0.212534626982977
-0.0575492813561773 0.126994293405313 -0.138176444133729 0.208011832507147
-0.0963883055637395 0.153690293866841 -0.147358673926152 0.133114181113562
-0.123797774674548 0.267477688241715 0.0689600231364326 0.629058154295162
-0.139069141407326 0.163021090604345 0.0628985853336439 0.405433837001564
-0.150253037818282 0.115093310929409 -0.0524261347120078 0.162303665557179
-0.168509410190947 0.0719515438735242 0.0307712892229639 0.0229424266662546
-0.163465826110409 0.102633556195974 0.116548157919548 -0.155623364513168
-0.146458329922599 0.112186752195194 0.183955583281903 -0.244877071100392
-0.152606072605378 0.161181511399373 0.225509932609312 -0.303666016525997
-0.181050111418259 0.208744438805948 0.162770939384311 -0.298590866012494
-0.154703517694144 0.259464580853841 0.0400920931271262 -0.264343622055908
-0.130228534062477 0.307083770395347 -0.093986426560071 -0.188159423928843
-0.125781684032684 0.319853486327996 -0.160987591726325 -0.0839321308982964
-0.0981647504449561 0.285264476998936 -0.122398160216285 0.0516623648069539
-0.0499516008403533 0.300591099010226 -0.112150090301029 0.161353420832145
-0.075816052303624 0.305014171376969 -0.10567436928336 0.119105935409434
-0.110773302505069 0.333804327313027 -0.104416464994194 0.0261323025811664
-0.124981184569724 0.377933443007182 0.102239380806172 0.527174536557725
-0.168421721027997 0.304108056120402 0.119645912959954 0.344987612911797
-0.197416542400548 0.26503260003722 0.000164500791208169 0.120757391822185
-0.234865803957673 0.21053051339039 0.0613043254653952 -0.00664641788178694
-0.235642984823769 0.233288502166387 0.125476658052568 -0.155445132669407
-0.216173615024255 0.228713942229491 0.158614315558749 -0.220073614893073
-0.213510159371805 0.261315608861563 0.161848813840151 -0.244817674956957
-0.23845940291713 0.295071712082344 0.0873954532473023 -0.197889498999655
-0.20882612317743 0.335239326528339 -0.0135629956930805 -0.135648028813799
-0.185830862297802 0.38513002909946 -0.107795192986582 -0.0739934748413025
-0.178712335551323 0.409678657507416 -0.149220942663673 -0.0270943141948756
-0.145523996467567 0.381245812632512 -0.092991297654718 0.0400013565318986
-0.0752394935783717 0.403534546455863 -0.0778034976267556 0.0803709272438355
-0.0984381764032193 0.420609755193671 -0.0756364666056453 -0.00735551049611288
-0.116195801106218 0.451836365394213 -0.0713210586387435 -0.130148375271731
-0.0988530828356378 0.441556602722171 0.138598868040817 0.381575960848845
-0.148613438325771 0.413556554017546 0.178699402398715 0.226078474348919
-0.185043524934041 0.399854676153099 0.0654889894048877 0.0373282043068573
-0.232208273801806 0.348942706238671 0.0907919256422868 -0.0475459162096358
-0.249488569608252 0.358597953998902 0.122136980835019 -0.130021454821236
-0.239610081154448 0.331877467191446 0.114249291923595 -0.151935151084922
-0.237595445962481 0.33040598299757 0.0802575702273163 -0.141328355019491
-0.256282720190697 0.335488911219944 0.000215024555338736 -0.0702261686010277
-0.230575843346854 0.34917648227881 -0.0759657820576182 0.00650627269301378
-0.217507442915811 0.382207783548125 -0.12932807161595 0.0456030539386772
-0.215734951086683 0.406621317821074 -0.137182075727711 0.0311692706055661
-0.186224733095476 0.386355763644134 -0.0607854456011186 0.0199654438856969
-0.105420500401772 0.417703679647187 -0.0345164817974528 -0.014069268481687
-0.120443836420134 0.449732138911687 -0.0403366668862582 -0.142846742040757
-0.112490794969408 0.491914495425236 -0.0450228495025728 -0.302625652893687
-0.0539025409181693 0.43854749923821 0.161601279247753 0.207368901866859
-0.0884422892157369 0.441791595587535 0.210293664928493 0.0679663479859567
-0.110369133151913 0.454825062379003 0.112327221797961 -0.0693089810911001
-0.155261065025367 0.410149681067157 0.105466161048573 -0.0824959293718096
-0.193001338315813 0.413010813780086 0.113205683275397 -0.0720921724784703
-0.206862170410366 0.377808624669073 0.066378883826115 -0.0441966002779821
-0.219074190270835 0.348191894561414 -0.00341392044455593 -0.00494189013424777
-0.235121947417508 0.324903991526126 -0.0874941589986974 0.0643604130626432
-0.215528056114434 0.311237418937304 -0.140539650504708 0.133126838801123
-0.210503568258675 0.317324302560598 -0.152986332233316 0.139800861352278
-0.210076015314415 0.328394322049659 -0.129025695765114 0.0730777916367369
-0.186608094982165 0.312301947230324 -0.0312684966966104 -0.000965170220874426
-0.110665514532428 0.356109412167948 0.0132751649108172 -0.096358875395239
-0.124866631354563 0.401236620063766 -0.0014128271556245 -0.254810750631396
-0.0953634695150197 0.461784140634869 -0.0261156768605567 -0.46355762123062
-0.00592795263770627 0.361264066013363 0.168166223831381 0.0365497571786724
-0.018035234303384 0.370992670215398 0.200659645017605 -0.0866524769242031
-0.021640918635785 0.396154156724842 0.129738566452038 -0.163123477781113
-0.0522668062143326 0.357354192784258 0.106299657380933 -0.0979490299264714
-0.103650824790845 0.360343991733618 0.110832672854064 0.00251946606382226
-0.132900714674852 0.337349261129101 0.037712267446587 0.0780439190040319
-0.159462514191132 0.298153615732359 -0.0695623069043379 0.139134579910911
-0.177174163779157 0.266397490478714 -0.164097478373235 0.187154779593043
-0.165734717275593 0.238954967012475 -0.19665790999754 0.22699605041193
-0.162042764251541 0.227538258365696 -0.17187110710219 0.19585564928181
-0.156555640257795 0.227529885233685 -0.118825435365286 0.0963012926371949
-0.134895210288941 0.214769668965611 -0.00731350740160751 -0.017043539372416
-0.0818109092942199 0.26041273463376 0.0541562969215926 -0.148667371948763
-0.0982404470528902 0.306910892132908 0.0285552511908624 -0.325802722512325
-0.0606076958817706 0.375015532394137 -0.0139078253538058 -0.59059977340849
0.0294516015421176 0.221196004292147 0.162327977408615 -0.0953438949803606
0.0301196744042615 0.218718871023708 0.163317982701909 -0.197848834614872
0.0375666556485736 0.247636638984084 0.128767528768722 -0.224907567826504
0.023066166147326 0.21239286678863 0.105979180103152 -0.0945034807111647
-0.0199806830036091 0.217621254092164 0.12197654401956 0.0669196617840229
-0.0479853142508609 0.215767245583742 0.0360151497002215 0.175394558637726
-0.0744399712850455 0.185302531157162 -0.107106683070706 0.255294924507037
-0.0895490170865449 0.168239564083541 -0.218339964170477 0.280545332704795
-0.092391884842595 0.151031360603374 -0.237417777571777 0.288054624907784
-0.0928065072669066 0.142714483529043 -0.181763263879768 0.227674426950528
-0.0831017964912527 0.140668749970051 -0.107485983683504 0.113218906916774
-0.0609262560278474 0.138461610191211 0.00707784079841465 -0.0214352943802265
-0.0319420036795818 0.173926333716971 0.0787720074883667 -0.170393778398252
-0.0471857832364067 0.200048844076413 0.0421878131957049 -0.358748826494037
-0.0106093457562501 0.251897860329924 -0.018757174521606 -0.677415757806503
-0.0637700103114299 0.000681408855243062 0.116094829789027 0.682710737429839
-0.0316179206415229 -0.0870093742208366 0.058886963854241 0.420009216913842
-0.0341452236542516 -0.0847882669418014 -0.050569328854753 0.192921579832082
-0.0274740466573422 -0.0814646524652697 0.0221950115703129 0.0593218926235635
-0.015499168681262 -0.0730462910058204 0.0862475792936401 -0.126735163964119
0.00511239091696796 -0.0739618004777876 0.168256482801104 -0.24077081352685
0.0118795149943868 -0.0546987997578724 0.240088502553319 -0.324348042251885
0.00076947667246479 -0.0490389200857948 0.201391573803256 -0.379199339153709
0.00546791156464865 -0.0331983767326038 0.06535394052888 -0.368099244406429
0.00136630493884497 -0.0183029446962522 -0.0966204802416734 -0.267995701075239
-0.0296042748835776 -0.0315082902794569 -0.173395729464476 -0.100525159590786
-0.0402299068196966 -0.0545993194620584 -0.155467128559947 0.0763587150200018
-0.0391992044919351 -0.0520434569737321 -0.145002890279013 0.242491429694229
-0.0467951165174678 -0.0767255532046237 -0.158852765343065 0.254614195641471
-0.0749714716336699 -0.0457734559844829 -0.192575326402517 0.175658426284671
-0.0878289513022149 0.142671247595821 0.115283577362487 0.678788375577814
-0.0807544518600625 0.0338119807236795 0.0704965719425948 0.422565453732042
-0.0828247735308491 0.0030904329214579 -0.056402585937778 0.189001162330994
-0.0879600794947954 -0.0170789621384343 0.0179494016045853 0.0451404918344873
-0.0778610224646615 0.00665690687703676 0.0857935638696637 -0.145405631383789
-0.0624929425170386 0.0131758394351628 0.163928827639762 -0.253778137059394
-0.0652410900689385 0.0551469165045022 0.22879053094174 -0.339092168844179
-0.0879070504809943 0.0943292252317871 0.181797921169692 -0.371487479512748
-0.0702394097546895 0.132790896124899 0.0470112892604689 -0.350352489892418
-0.0524444648693077 0.166698828682825 -0.105776939420329 -0.254159571444283
-0.0629543992062652 0.166502985869849 -0.177365953069348 -0.101497941957895
-0.0558057218430961 0.133792698214079 -0.137562323635376 0.0694769157397469
-0.0283506601411114 0.139600716021571 -0.119803775001803 0.222768064308546
-0.049020931596176 0.133596748568913 -0.121869675234908 0.21637683348439
-0.0836404489141536 0.165023391891819 -0.143360982123563 0.136152723797371
-0.101705170424433 0.279209366182784 0.130889092974303 0.629223402955031
-0.125914402734373 0.17352506762885 0.10289704487634 0.402834125775536
-0.139975118722298 0.123650136682154 -0.0374920185652224 0.175370766281468
-0.164104805477611 0.0811683633824834 0.0317783768991101 0.0274062912809391
-0.153773064059245 0.112791120133597 0.0982278088679591 -0.160213097667377
-0.135705826829855 0.120737441181867 0.157139612198849 -0.255667296657686
-0.138334568713356 0.169071422360608 0.194405717082591 -0.320325170340562
-0.162096748066477 0.221860693474426 0.134626903112146 -0.310030237565714
-0.134576631784718 0.270175454113371 0.0165337853604323 -0.265603368858376
-0.103669486566315 0.3170256619924 -0.110768824649781 -0.179491537762864
-0.0985856877071717 0.33185953893053 -0.169298438106003 -0.0694459269740828
-0.0778661460490305 0.297257697981856 -0.113864355367544 0.0598619301538399
-0.0232311702820162 0.305881899808356 -0.0968731336798445 0.167885108019585
-0.0518373433041878 0.314719074841498 -0.0974063889647355 0.123636164839384
-0.0827863397254298 0.345311221234212 -0.109702435013315 0.0260971497026142
-0.0936351687779113 0.391224235683464 0.156813180949907 0.527350173762946
-0.142796939914513 0.317047869229342 0.153575790009961 0.339151400770298
-0.174537118573594 0.277542615387035 0.0107195705517283 0.129330884362839
-0.219687244918904 0.226017019206858 0.0592693117057752 -0.0041805792930197
-0.215023425542905 0.248935566373326 0.107174645601302 -0.163270317793178
-0.194555005426833 0.242146880611574 0.136095335908957 -0.229866448517212
-0.190355313139956 0.274748242042611 0.136705697117534 -0.25830408043206
-0.210643082669706 0.312897895281223 0.0678554130053138 -0.204416450959296
-0.181060164745804 0.351898760843364 -0.0251564312110837 -0.133378311893708
-0.153678708933349 0.400371606164336 -0.114614931942493 -0.0647189356179379
-0.145376974229108 0.425251158755404 -0.153225747259745 -0.0135133085380319
-0.118543132360138 0.396800382700763 -0.0859950791686333 0.0437134934060409
-0.0402783966903183 0.41037699874576 -0.070792126244964 0.0818856342346704
-0.0645889373790192 0.430163892208355 -0.0793473439975064 -0.00686048642705069
-0.0779652047410336 0.462913495377063 -0.0909548716166089 -0.132417051511873
-0.0623097178472931 0.454277043162925 0.180606861713014 0.379630332738216
-0.113189324176073 0.426722026662389 0.20402191378039 0.216475684733937
-0.149010071356311 0.414017364329396 0.0676595820030651 0.0401336577350479
-0.205892788205805 0.36644771864123 0.0851446783543117 -0.0487168061353376
-0.217648198734376 0.375300307546376 0.105935214017952 -0.138538018319269
-0.210061940378535 0.349074042065267 0.0981639141959153 -0.160745349192102
-0.209324943706927 0.347996049568891 0.0647290472758745 -0.14958555546346
-0.225003945560654 0.354869055260203 -0.00833291534501427 -0.0712812744461936
-0.200629218533905 0.366231708287654 -0.0752404031969758 0.0122899974934798
-0.186040760899718 0.398739615669842 -0.124832255344037 0.0563430250250352
-0.182025635517936 0.422980986050116 -0.138322679720245 0.0433296558480119
-0.157549598099977 0.403823709291127 -0.0564285416490325 0.0195414378361699
-0.0683731089544411 0.426507942863237 -0.0373190943069797 -0.0191029508574896
-0.083765496949932 0.460614690033094 -0.0566979148205449 -0.145364950243646
-0.070216095792743 0.501314914439744 -0.0800889935521662 -0.306407934280048
-0.0171357352414689 0.448257766320919 0.189896368670519 0.203875149151048
-0.0493673841731782 0.450408758869398 0.221083097825154 0.055802005677569
-0.0684327878619779 0.464067490117387 0.104859476082245 -0.0721365037383476
-0.122331078490611 0.423045934115959 0.0952835996983469 -0.086609095155618
-0.157625892844727 0.427159145786592 0.101479382782063 -0.0812622860225243
-0.172225491887643 0.393814634460001 0.0611727802669537 -0.049746792685848
-0.188083550137178 0.36591787869125 -0.00567762894865576 -0.00684712260176704
-0.204663197317872 0.342450895681363 -0.084062501213718 0.0690072328887555
-0.187922594741177 0.327177311629934 -0.12761833217024 0.141024009823555
-0.182501682307965 0.332792355508148 -0.13950061598725 0.149941428794314
-0.181936150171677 0.343008190139732 -0.125534883754248 0.0833558074362109
-0.162622267002054 0.327397191055884 -0.0297896435557705 -0.00514863238502709
-0.0791150445484478 0.363154965365075 0.00298220847474686 -0.106293074231832
-0.0903812053622936 0.410964766303666 -0.0295096659108632 -0.260851346715796
-0.0548823316926805 0.467530186167236 -0.0745594259199088 -0.468177716757753
0.024909819355207 0.367197694489032 0.181659866302628 0.0322491034244835
0.015211650391624 0.373241518261081 0.197404029205647 -0.0975880885774822
0.0171388859509048 0.398247897156169 0.112521911726834 -0.170260365474254
-0.0216869585921452 0.360308194180362 0.0947511885032541 -0.102608584503425
-0.0703848976082959 0.367885300642741 0.106077857708372 -0.0062372647659259
-0.1001018171033 0.34857794650311 0.0425868402866393 0.0742456874783616
-0.132454983341198 0.312657938411167 -0.0588270113695958 0.142037224726415
-0.151606278579855 0.280032274831982 -0.149262110362976 0.197859711091991
-0.144651471119684 0.251335546262461 -0.174412144017389 0.237955841628196
-0.140840219656163 0.239910303313316 -0.15284337936196 0.205996554915521
-0.135056038051887 0.237422978501828 -0.111575424829775 0.103662470574923
-0.117037451272604 0.224131317633176 -0.00822267957677055 -0.0232765020749061
-0.0564156918324643 0.264143413338091 0.0391514906913349 -0.161722435426879
-0.0716203583063818 0.314741639788063 -0.00530723966566851 -0.333954089495198
-0.0265071638132407 0.377574936281867 -0.0747829550433535 -0.596560758949754
0.0501706531489451 0.222887205101446 0.163923642809281 -0.1004867792228
0.0508771517714987 0.216436509402186 0.149732768149627 -0.206780630606837
0.0636293043697532 0.244041476800003 0.104379078679766 -0.232046063984224
0.0422651716101646 0.210757802156905 0.093949450698107 -0.100874273133734
0.00140830546529155 0.218642038820734 0.124864577287559 0.0575514417732032
-0.0258399275132066 0.219156194214188 0.0504053279234774 0.171779488588514
-0.0566038133092793 0.192884468841314 -0.084367460831166 0.261929798558098
-0.0734120737216245 0.174029505751852 -0.193712332987611 0.295305229503628
-0.0769726147578799 0.158831534045457 -0.208724329590509 0.301642367359284
-0.0788729169680695 0.149989576173512 -0.158152535187721 0.236067683653869
-0.068369129747242 0.146216330144678 -0.0969970645988901 0.117905105057184
-0.0470867906246924 0.142088544259066 0.00645078698966137 -0.0302525084313345
-0.0139071198022143 0.174890242477629 0.0618274076323167 -0.186184267756755
-0.0292264912683604 0.204039817294663 0.00547114140894139 -0.36752581022721
0.0143009137395851 0.25161709100094 -0.0864309384964754 -0.680119462834064
-0.0595093245556731 0.00403968437258402 0.161826096696794 0.652042246416041
-0.038056887329635 -0.0825758421721747 0.0886945920015893 0.400815807683232
-0.0415379571272314 -0.0804749187409733 -0.0331042203176238 0.194633087993607
-0.033161174617244 -0.076723185693228 0.0263733800049124 0.061988191624802
-0.01973917086228 -0.0682446578305909 0.0721515169499654 -0.119787489627806
-0.00168270018573086 -0.0724216449802193 0.141029159023299 -0.234258035309993
0.00617297145960421 -0.0577287048227348 0.206630520728835 -0.3224940782207
-0.0045500365127693 -0.0489100612734006 0.170029023837593 -0.372376907683918
0.00100442371742498 -0.0334229260663304 0.0396818752263279 -0.353484221598603
-0.00103901188005242 -0.0185334576980668 -0.109120828929649 -0.251557543170992
-0.0322889921382856 -0.0264959739645386 -0.171148562881564 -0.0876117938149988
-0.0450088986452034 -0.0491376459590305 -0.142365199435144 0.0818177079912176
-0.0424826438591797 -0.0473172480009557 -0.121225679160163 0.241376152882919
-0.0529592149568376 -0.069536488638987 -0.138971801752028 0.251761577319935
-0.0753875142253471 -0.0366428495939097 -0.183575302256351 0.173368394459112
-0.0746745466033653 0.143119295201904 0.160216951341799 0.649105243617729
-0.0777086664698211 0.0359292846554307 0.100643742461676 0.402432692962905
-0.0819259045185262 0.00463628757669319 -0.0399497205531957 0.192079789400333
-0.0875677307457765 -0.0138787095725624 0.0207909439020757 0.048671243539454
-0.0738994881844583 0.00932267005043213 0.0688694658930451 -0.137982778276879
-0.0601392666017818 0.0132307344211227 0.136504688069432 -0.247817542167353
-0.0611023179643678 0.0515533729200089 0.194184067421864 -0.335959993307991
-0.0790905963885136 0.0941011289434436 0.150664120476599 -0.364795161393943
-0.0612270714372199 0.131042509564514 0.0230076124231972 -0.336842309336169
-0.0405042687073219 0.163233232680313 -0.117873780709614 -0.237630075671919
-0.0505047279923122 0.166004525683747 -0.176787254095269 -0.0875337916232586
-0.0486677301763571 0.135433840304096 -0.124593359715211 0.0725879574267369
-0.0189585000862874 0.136815010803075 -0.0991545170755749 0.220372753542622
-0.0417815066818376 0.133161221227461 -0.105511530939238 0.212781127668987
-0.071148485291881 0.16702494176723 -0.138429600914322 0.132333790119332
-0.0809468660229937 0.276555406622742 0.172527932642149 0.603239013224289
-0.11220238733797 0.172142076288723 0.129905359791399 0.383515682298773
-0.127660294199774 0.123048957464845 -0.0228910186625143 0.178530763952725
-0.155154031055735 0.0846943340717679 0.031768610220305 0.0324368914760768
-0.140548099007491 0.113540637858889 0.0801011332381965 -0.15429759925602
-0.122743435919699 0.119506161251102 0.131681277420598 -0.249401003989062
-0.122879717459853 0.165958674069256 0.161644021875166 -0.316633801893558
-0.141608683885116 0.220888866807735 0.107980408052275 -0.303832620184663
-0.114183907313324 0.266711825204291 -0.00131295662278191 -0.253280432565583
-0.0803277134624832 0.31068805509102 -0.11801008794412 -0.165205459518506
-0.0749913723174884 0.326434374386307 -0.168358870260136 -0.0546232206829379
-0.0595957679216311 0.294952025015483 -0.102722859852425 0.0607292305490691
-0.00303129585110833 0.296344879091205 -0.0811651983281527 0.163996247347255
-0.031290942854338 0.306695448089901 -0.0894037570111162 0.121838405368669
-0.0592511138713194 0.339721781280524 -0.112644934795821 0.0233987992809967
-0.0669458216147435 0.384860712055155 0.193042742008403 0.505980804601108
-0.118539770216863 0.313294590746713 0.175173432661028 0.320321317979782
-0.151009107057951 0.274045030198698 0.0200142341737254 0.132698476476816
-0.201254236076237 0.22696998906158 0.0558755700241425 -9.57040566785734E-06
-0.190729192394208 0.247726773146195 0.0886649622194921 -0.159532368493015
-0.170669832769279 0.240567833540485 0.113352826068791 -0.226519584679203
-0.165638080245601 0.27199070140164 0.111341362942661 -0.256116715495012
-0.18188427063725 0.312227041113898 0.0498293968272082 -0.19979441185397
-0.153397710045322 0.34762435045341 -0.033378370458911 -0.125612862038946
-0.123300024953773 0.393481607885657 -0.114676199312334 -0.0549210733410109
-0.113972888810577 0.418678025027211 -0.150145580471533 -0.00147962782970704
-0.0927588637756853 0.393764245231827 -0.0775442965065417 0.0423021377127712
-0.0122041210691904 0.39746909095064 -0.0640161069144974 0.0776787399855538
-0.0364487707290344 0.420003246991992 -0.0812043876089381 -0.00597990167964248
-0.0463486949806199 0.449981661135471 -0.105477323290488 -0.129457826112185
-0.0323073412174217 0.444598659384145 0.208158047595784 0.36266825571408
-0.08302957342312 0.417676291512443 0.215516192169882 0.200559199030275
-0.116107214496084 0.405545438528261 0.0689084618360043 0.0428033119297561
-0.17891078169901 0.36370084297993 0.0777244220306149 -0.045160742956755
-0.186742980961816 0.371479453239249 0.088504112819267 -0.137255784503507
-0.178381225766019 0.345487168480318 0.082243210928115 -0.159546255157025
-0.178874231548646 0.344870478647679 0.0498905994667579 -0.148489794264775
-0.191966691901508 0.353338944656054 -0.0152741316777366 -0.0688792484398068
-0.170964717902629 0.363122502968852 -0.0722430443914069 0.0158711481524349
-0.154275974524355 0.393633920629093 -0.117009035877522 0.0613698378493081
-0.150437320068713 0.417865655439832 -0.13238010921804 0.0524036511064154
-0.130877418072774 0.400958608890475 -0.0514767380782929 0.0162726900256993
-0.0391504353917794 0.412942401277482 -0.0393206307671549 -0.0228362440762894
-0.0534762048251564 0.448749295794826 -0.0689261206282575 -0.14152014722148
-0.0371676499409743 0.485559334067953 -0.106307564922409 -0.2970960922682
0.0111839676608524 0.438056953643874 0.207155000591996 0.192939209040523
-0.0182045603584959 0.43748029580741 0.221673817275396 0.0454391645151493
-0.0340783385067693 0.450094940157583 0.0960385861537769 -0.0687625527466726
-0.0930141678505232 0.414323249069601 0.0851470859793052 -0.0839073872593677
-0.124892155416128 0.418984065991379 0.0881858157248417 -0.0833757806385686
-0.138269294296606 0.386632448743955 0.0544772007119839 -0.0518255212889949
-0.156823418552236 0.362729315274455 -0.00855079774788724 -0.00820699407531364
-0.173375346317354 0.341449111120862 -0.0789501865289581 0.0699878918984073
-0.160560798804081 0.32475459921064 -0.114464886452815 0.140833107534499
-0.154579248754649 0.329085702433027 -0.125142893980492 0.15023958001363
-0.154144118149676 0.339301784042522 -0.117395668890826 0.0881196336891484
-0.138780913593529 0.32511864257894 -0.0283509167926521 -0.010034268172056
-0.0520536256885018 0.350834503015264 -0.00718352903428796 -0.110486729114677
-0.0620320232641352 0.400548146118703 -0.0506828861546675 -0.254626698766812
-0.023024221195545 0.452222416148241 -0.111436609537773 -0.452610512140864
0.0484771042220435 0.356795848894695 0.189204395827188 0.0274785168416036
0.040090799575904 0.359537527727718 0.188349017955697 -0.101040282782386
0.0456233662706404 0.380833986708338 0.0955500217903512 -0.16551640291948
0.00138738356357204 0.349562155366987 0.0819111142062114 -0.0999596731881568
-0.0428517422254039 0.357133417185995 0.0986709113392672 -0.0114968932454539
-0.0718392711083251 0.339643813143708 0.0450573633688695 0.0682000857849227
-0.105782266205494 0.309227543443552 -0.0485993065690858 0.13749556925573
-0.126362543514551 0.277314369401531 -0.132808946944989 0.196421275149428
-0.122056123799221 0.249627510272091 -0.152345229194471 0.234125059683298
-0.119213654700435 0.236893550116547 -0.132650376057876 0.203231557134754
-0.113720744771415 0.234641902707213 -0.102238503739476 0.10490002358304
-0.098509741703338 0.220558138927875 -0.00972533099935373 -0.0298273424929732
-0.0350691983778213 0.253382326557232 0.0237743875879332 -0.165979920941617
-0.0486476866317983 0.305829910099172 -0.0331506804961245 -0.32475872191016
-0.000977822128208943 0.36257951987799 -0.120886314124437 -0.573201779888221
0.0640605435433451 0.215322439989207 0.162931472959212 -0.09928954447166
0.0646441024038875 0.205553097158102 0.134467284091494 -0.202769499441051
0.0818021152266291 0.229335806842213 0.0829626870801937 -0.22561412686801
0.0554909986916941 0.200086537993715 0.0814971114463672 -0.0989806522064178
0.0167985773089058 0.209120636436824 0.121909820694685 0.0478995241445786
-0.00760764335810024 0.21068344224044 0.0586067351229827 0.16135786981437
-0.0399532085382328 0.189555654599979 -0.0653165414249551 0.25460073301655
-0.0584403083254158 0.171223330904485 -0.16839394498984 0.292371863362178
-0.0620263635133584 0.156936486040182 -0.179578129861218 0.296124400756186
-0.0638989435242861 0.148735979890235 -0.133554424931652 0.231112115285117
-0.0547507666242423 0.143773990186067 -0.0847152557751021 0.11551529030936
-0.034547507641388 0.137286681937284 0.00417707850601834 -0.0377605463145312
0.000217121308834696 0.166210369781496 0.0437844213310112 -0.189588854836816
-0.0143185600558514 0.197482191853505 -0.0247836696990325 -0.357339113902082
0.0322583947162867 0.239912412411421 -0.135651851674118 -0.654431968723188
-0.0558241894747068 0.00508219557400266 0.177517961821503 0.622613754524383
-0.0415449787182675 -0.0782006491250857 0.101464333152335 0.381193325079956
-0.0447339463037194 -0.0761729684805372 -0.023172043091771 0.192013074184877
-0.0345115883497059 -0.0725485762203744 0.0283101671036457 0.0640999368313515
-0.020743247957075 -0.0641745909449674 0.0631219250487465 -0.108381652580265
-0.00584511338366508 -0.0699257430757025 0.124164885825259 -0.220821193991129
0.001859660362481 -0.0592435282633993 0.185428746624885 -0.307501389930887
-0.00807338517031393 -0.0481649611478333 0.154127687302437 -0.356897843435988
-0.00235578656478661 -0.0330446483636483 0.0299943065512272 -0.336129009142398
-0.00220647557961882 -0.0187707266859641 -0.110513434231502 -0.237843414655098
-0.0327406686030667 -0.0224495931955872 -0.164685941844 -0.08159512263574
-0.0469639138965758 -0.0441388182325495 -0.132789766424804 0.0802387588233672
-0.0429140486872532 -0.0437110568056211 -0.10717137854993 0.231999768361691
-0.0552729919721679 -0.0642169668154812 -0.129764432894184 0.242201849312524
-0.0734880758375947 -0.030036073091638 -0.18117495491247 0.164868956042561
-0.067754117956522 0.138790016855864 0.17639051094037 0.621978163804157
-0.0753048105015223 0.0350854947772704 0.111571534262054 0.382651418600705
-0.079779804750785 0.00416336921551374 -0.0301488707217821 0.190979022761343
-0.0857153255389334 -0.0138701694218985 0.0213658218799808 0.0529490689949682
-0.0700122464522469 0.00799721655644372 0.0596066588845676 -0.126978522372785
-0.0586494133712753 0.0115970130639515 0.119648945248342 -0.232685563873595
-0.0590679914605181 0.0461457853225576 0.173015681266304 -0.321105548497829
-0.0749319704149922 0.0892390071555517 0.134637036346033 -0.348458007002838
-0.0571551859022327 0.125527868987008 0.0133432519033373 -0.319475260837082
-0.0350508758078468 0.156016031147637 -0.118823904118795 -0.223797394078845
-0.0449674251090587 0.162199561894483 -0.170486890856191 -0.0796822095808174
-0.0459103297706722 0.133637836786871 -0.115282271346154 0.0702348257109227
-0.0150807629972906 0.131518091125154 -0.0877728487450107 0.210642556545787
-0.0385989926454763 0.130233984035082 -0.0985184258268566 0.203487107470242
-0.06444822882267 0.16394420626894 -0.139076236856982 0.124232789108929
-0.0703136756494272 0.267415828934833 0.187575158682473 0.578408241134758
-0.104737881855727 0.165605959078395 0.138036724093057 0.365064496464528
-0.120249679635818 0.116932656195315 -0.0142959571676378 0.178641182669204
-0.149035984644676 0.0804109053545998 0.0320527085417675 0.0378042579989871
-0.130757644285661 0.107626676537449 0.0693042991587013 -0.14364663721592
-0.114891249045312 0.112689234575183 0.116222114039139 -0.237128282737716
-0.114623138585826 0.156753856622104 0.142953167969032 -0.304049137466159
-0.130095032499763 0.211905598726939 0.0938380800910297 -0.290114761599583
-0.104391570260283 0.256405281696939 -0.00765817711281177 -0.240251574700568
-0.0699902432591575 0.2993957058561 -0.11695490370808 -0.154001685707161
-0.0645073312316699 0.31606497364864 -0.162803091391068 -0.0466203727407913
-0.0526344052782051 0.288382288148395 -0.0945541610565466 0.0574221482143163
0.00513222969764826 0.284390071693155 -0.0737390310931479 0.155941589246537
-0.0248096333726707 0.297703501525713 -0.0853464618568249 0.115054009855517
-0.0483422333434737 0.328658280333222 -0.117899240345986 0.0194668129771296
-0.0542318276860388 0.372826936536428 0.206324893537859 0.485820026668446
-0.10743209883856 0.301553272791768 0.181713698507911 0.305312640970626
-0.137989556539338 0.261346376951242 0.025746054118027 0.134909537257733
-0.190762221657903 0.218616139136969 0.0543269257504906 0.00642759891320874
-0.177540750824213 0.237157524633908 0.0774916561502249 -0.150190966337299
-0.157308443664999 0.229386990235065 0.100359012609684 -0.216252923860929
-0.152626839867659 0.260090984830672 0.0962290173120254 -0.246175127289735
-0.165199116455104 0.300257800928534 0.0410352459152555 -0.190746049814722
-0.140295559016247 0.33465550947181 -0.0355463336907271 -0.117773268654936
-0.109424538635245 0.378235315411067 -0.111881391439106 -0.0480809076469028
-0.101020049285942 0.404664275577948 -0.144373078054992 0.00499063889892559
-0.0824890737006119 0.383715313967938 -0.0714238607714029 0.037168294836874
-0.000743426679957904 0.381021740516963 -0.0605027411004546 0.0715947840625231
-0.0267514141687304 0.404517455711255 -0.0822080555647727 -0.0075421347510935
-0.0347222264673177 0.433689548174748 -0.113821426366306 -0.127615575305175
-0.0206200295117191 0.43085934399045 0.219194885605784 0.348936122387644
-0.069782369408721 0.402415148105777 0.217112893436138 0.190717729044945
-0.101021509648191 0.388253383924905 0.0695236933800675 0.0465455954287992
-0.166048060752446 0.35059149006711 0.0733740256271041 -0.0385199158171703
-0.171418691732986 0.356607321027915 0.0773109120442495 -0.131121405033039
-0.161621375628789 0.32996106021811 0.0724299659286553 -0.153448503179063
-0.161822415930866 0.331319703768367 0.0407341475597574 -0.143724234604186
-0.173591577201216 0.340781157114844 -0.0186093609041015 -0.0652882823603912
-0.154952345999404 0.349659356797867 -0.0696874390354407 0.015956306052081
-0.139358574534366 0.378919723880173 -0.110302289861518 0.0614110809164076
-0.135470179449457 0.402675897951564 -0.126722680538223 0.0553218372262207
-0.119479507695885 0.389974745573185 -0.0481457068119047 0.0108210360566278
-0.026349059157672 0.394833422274862 -0.0412080689769169 -0.0266629121967015
-0.0422705852323826 0.432254945881762 -0.0750452638412986 -0.137900114905763
-0.0243569521678108 0.466242500149152 -0.119247352150669 -0.287786465160579
0.0223354763213614 0.423966490646498 0.215943569235949 0.186006716514729
-0.00630341714115326 0.420106091175881 0.219650016289506 0.0426270103895492
-0.0183963741028464 0.430009155542187 0.0916885448934877 -0.0620993824113816
-0.0804464532390515 0.398449409828169 0.0784875076630684 -0.0775411211462947
-0.108397313592569 0.401272017762335 0.0788313036263498 -0.0794339192406067
-0.12167698240834 0.370349049160187 0.0493817495529209 -0.0511010801462916
-0.139086266733658 0.349761490781537 -0.0101144123160131 -0.0097681289552965
-0.155074868971865 0.328490604359427 -0.0761555791918007 0.0669705130334489
-0.145375125437695 0.312686200810296 -0.106530231008207 0.134148337516959
-0.139744569087662 0.316227158234691 -0.116159303500151 0.144853523511229
-0.139568409105444 0.325988678577302 -0.111666107379326 0.0870650822753508
-0.127650792948108 0.314197043153047 -0.0281256719695888 -0.0157463796333796
-0.0407023681883623 0.333769132557006 -0.0140055085660936 -0.112413765953617
-0.0516923698311698 0.384037537412643 -0.0613504673707842 -0.245594472124431
-0.0107680059438591 0.4315275462557 -0.12805952650097 -0.43596372110766
0.0573874736326239 0.344775722764129 0.194313991607548 0.0273820593851953
0.0489593608888762 0.344070394429122 0.183423706192221 -0.0959169991390074
0.05699470639025 0.362019198590244 0.0867941553685535 -0.155614501921346
0.0112172302649318 0.333602207793319 0.074788803324663 -0.0937802200180822
-0.0317503067791679 0.34209691272357 0.090990297160635 -0.0119804625489787
-0.0575975408938184 0.324381986938695 0.0433494178520241 0.0631467504876681
-0.0912880405376346 0.297540141847345 -0.0450253718878018 0.130637381906258
-0.112208402671524 0.267317035031834 -0.124523780909854 0.188226494372076
-0.10916214290241 0.23999468185299 -0.140281404271835 0.221745044175439
-0.106547661750216 0.22742211227165 -0.121166230388973 0.193072531372079
-0.102192564332986 0.224862000948662 -0.0959690060815646 0.100272490490826
-0.0893624030261233 0.211577077344744 -0.0112369505260584 -0.0359891284761044
-0.0262190629497989 0.240308209871016 0.0145545154381272 -0.166487429407803
-0.0397454215244038 0.292666815205609 -0.0460303906427824 -0.313596333833745
0.00899787410096594 0.345356299822782 -0.141173787003225 -0.549957175115888
0.0701210194920119 0.208461918305444 0.16461115813987 -0.0941698428470575
0.0684871736967343 0.194327673929624 0.128694074975354 -0.191834559597855
0.0883100945678535 0.214680740154342 0.0712826793830562 -0.213098893247018
0.0599539644223272 0.189340396877425 0.0740063864709732 -0.0930379943889036
0.0228491609940241 0.199176072973503 0.116390213226419 0.0441315090068956
0.000843708987599457 0.199400176854371 0.0599420503283149 0.152022481665185
-0.0308713249876611 0.182366917030557 -0.0565965466732048 0.242675356407124
-0.05003621265924 0.164089429920025 -0.154749841647125 0.280489915817203
-0.0532138104916891 0.151232683849591 -0.163482678136319 0.280529642347057
-0.0551544677366558 0.142945640644264 -0.120220303130341 0.217233673860766
-0.0471193938166389 0.137302989295526 -0.0763400312900059 0.108671881825266
-0.0282336690146998 0.130112867470204 0.00204488247716399 -0.0443177794594548
0.00693670403122878 0.156133131167201 0.0333273408373295 -0.189540982613016
-0.00848568490274552 0.188985887979673 -0.0396212776415475 -0.342877568387976
0.0382238440394518 0.227156061564328 -0.157324691490423 -0.625508079091042
-0.0534895984604874 0.00439917409589387 0.180991402653493 0.610119410849649
-0.0425675230733664 -0.0768164985914342 0.102821592495706 0.372215565422253
-0.0464366731868261 -0.0739982556095824 -0.0190771650026524 0.192823521972453
-0.0348885959565173 -0.0709912421945156 0.0288309085723403 0.0682371330324041
-0.0206180500923761 -0.0620588709284195 0.0599516278930207 -0.0987211698218519
-0.00761272305927595 -0.0687306566726455 0.11794442739467 -0.207082289584881
-0.00155182346090821 -0.0610729472774683 0.178783467176739 -0.294396203375303
-0.0100064354703312 -0.0482454470118052 0.151499226955765 -0.344545202368257
-0.00406287779889089 -0.0338014514239493 0.0307591367581276 -0.325725779976474
-0.00281129773449263 -0.0192583347338735 -0.107507208250702 -0.232044087812213
-0.0329308052289569 -0.0203312554264278 -0.159255054325027 -0.0819045234368516
-0.048234557439922 -0.0409758389292207 -0.128162211868956 0.075293550886758
-0.0436811650166326 -0.0413784379579437 -0.102290791333422 0.224546548327663
-0.0559389000144598 -0.0611510721334991 -0.129453873720105 0.233416314486487
-0.0714962023926645 -0.0265467035728921 -0.188259810566462 0.156056466056681
-0.0656699377145659 0.135116761201858 0.180266216683339 0.609934818899899
-0.0755239318175577 0.0327057364438723 0.114560127915839 0.373825209317963
-0.0798410881572433 0.00210563657732686 -0.0250601311628411 0.191683016943322
-0.0856051536960214 -0.0160623948779801 0.0219133512444187 0.0585458522137976
-0.0684598533703022 0.00597105539682605 0.0557237286050331 -0.116908105590901
-0.058551294139125 0.00838116165002548 0.11381176568642 -0.219911273593022
-0.0602088135147727 0.0405232146436559 0.165203796693333 -0.308122881705904
-0.0743069806385657 0.0855088819091948 0.131659513984087 -0.337129914497174
-0.0578605405810701 0.121673476228313 0.0137554277788575 -0.310278767213855
-0.0350287799753416 0.151795229334139 -0.116417674022971 -0.217656706185259
-0.0439875603553407 0.160410321879545 -0.16647988514644 -0.0778246790174119
-0.0470564289786722 0.134454812313712 -0.110719591697891 0.06573728866957
-0.015251433149164 0.129480489379957 -0.0845221952863598 0.204041458780797
-0.0397188814736678 0.13052105455704 -0.0987980241941958 0.195829083807956
-0.0631740142904969 0.163386487149136 -0.14655504318388 0.115460467684636
-0.0686717745246175 0.262281328359138 0.191489600848784 0.570011721559851
-0.103849220194429 0.159976824183556 0.140454438431859 0.358142062676237
-0.119400550382295 0.110083456340834 -0.0110959037945023 0.181500583745164
-0.148495404290346 0.0748056580178484 0.032492387002256 0.0436777487782131
-0.128524523384667 0.100770599860735 0.0648582523215761 -0.133899506733739
-0.112904562281432 0.105036833041556 0.11061614328208 -0.226012392097059
-0.11399248945621 0.147699531837485 0.13624444803647 -0.293305977011288
-0.127245446990132 0.205403832693871 0.0913992503490566 -0.281500752084164
-0.10413521006024 0.249293806090162 -0.00785585745533743 -0.232626442903272
-0.0693423854344692 0.291097988866389 -0.115626757918042 -0.149609074019161
-0.0630906780070697 0.310407870005925 -0.158780510900002 -0.0436801011849949
-0.0539738878923666 0.286848496587442 -0.0911202351046146 0.0518384324727865
0.00521617627944582 0.278115622325969 -0.0727353292224844 0.149562603303205
-0.0257682567329298 0.293554578817488 -0.0873389542428869 0.109734226732745
-0.0494651569693178 0.324224821431261 -0.125531784695586 0.0136682005564806
-0.0535166462364844 0.367009726650018 0.212335293605862 0.481506488734065
-0.1074036741474 0.293336610349081 0.183185289485986 0.302113832713137
-0.136394418674142 0.251356370761596 0.0283977777366151 0.139013625320789
-0.190781154744154 0.210448356621667 0.0544003981219143 0.0134909440410132
-0.175179135210964 0.227984599215224 0.0724505118682746 -0.141516322246486
-0.154464505389937 0.218573236364294 0.0955652525310158 -0.208803149556814
-0.149428294111605 0.249179615313297 0.0909901692564749 -0.23907794630586
-0.160189872859934 0.29191379130527 0.0379926260292372 -0.185278740667423
-0.138173757954476 0.325746633601304 -0.0359201427526408 -0.113954881472124
-0.108088775194572 0.369160783346049 -0.109673543842072 -0.0461902393767229
-0.0991499083339186 0.397128995337306 -0.141138632609674 0.00717311493603899
-0.0837833661011287 0.379503557991124 -0.0686038599858407 0.0320905915278586
-0.00103158974105871 0.372686175552085 -0.0621389298634154 0.0660778197446366
-0.0283487120945939 0.398242407622389 -0.0849483832913059 -0.0106002790677592
-0.0355502099681018 0.425594370612864 -0.122062611310562 -0.130126004698725
-0.0189021067178051 0.425457857983099 0.22662018707806 0.347329395392005
-0.0696403576089658 0.393260118831611 0.219042701692719 0.191453470844709
-0.0988100679634296 0.376583521577662 0.0713148264491285 0.053515583270133
-0.165765087051178 0.340672840728803 0.0731402291482876 -0.0318074490620324
-0.168729933344985 0.345069440075678 0.0724918325137297 -0.125115759879356
-0.157329920015445 0.317592177910525 0.0695600824208247 -0.149354216242184
-0.15851872715743 0.320576538944084 0.0375159667548708 -0.141055731763247
-0.168386214637467 0.330997187264469 -0.020564600253228 -0.0637233833305648
-0.153084543308559 0.339602917097498 -0.0692783206265246 0.0155066476869751
-0.136943344150903 0.367920564002922 -0.108545671676595 0.0599550339952948
-0.134638957133656 0.393630100538246 -0.124299638230158 0.055628439542533
-0.120043488084217 0.384130107644596 -0.0469223231304258 0.00481176845496803
-0.0263101455896504 0.38445791494551 -0.0445835941406159 -0.0307727840955609
-0.0434342745391993 0.423930790574546 -0.0788864792067471 -0.138828572796943
-0.0251069166144061 0.456160192300533 -0.126878926923898 -0.286187049924284
0.0234680553071593 0.419256875327586 0.224070342809057 0.187751529070158
-0.00576209669698844 0.411547446028386 0.221421588273771 0.0471520139949726
-0.0161135966483305 0.418574362594607 0.091075745691031 -0.054659033305607
-0.0808828419860633 0.389666535193437 0.0770684364704003 -0.0708315017909945
-0.106882168794815 0.390468511541274 0.0742801188298004 -0.0763018771027053
-0.117578817874633 0.35893575732868 0.0461588661767328 -0.0507237453042153
-0.135913582651448 0.339234321682137 -0.0123597216802111 -0.0112604042200558
-0.15024311917628 0.319673600192904 -0.0769694009428857 0.0638093208583317
-0.142395222548304 0.303290297400995 -0.104975043415754 0.128210883228927
-0.137061263374051 0.306447776033666 -0.113790846733167 0.139970206632794
-0.137581648931978 0.317265234757086 -0.110001738166765 0.0856678561221707
-0.127019877452128 0.307208536983691 -0.0288032306305059 -0.0218166186708078
-0.0393043448470898 0.322457505751309 -0.017901344181163 -0.116012962929079
-0.0526724459335195 0.376054490609285 -0.0652700245254713 -0.244311094482585
-0.0114184771315376 0.421521378209482 -0.136357721779926 -0.430934372660126
0.0587011709809129 0.342108591983699 0.202308916709182 0.0316972764325575
0.0486795009210294 0.336815459590869 0.185668555161615 -0.0893521589829776
0.0587083473813784 0.351789971658131 0.085674246185112 -0.146689232048807
0.0109305112347819 0.326146288265391 0.0730881027005555 -0.0881286339393144
-0.0301535913972848 0.333296356396281 0.0869120091789939 -0.0109488633253426
-0.0547375559838369 0.313995167226027 0.0418416910252548 0.0604466147162719
-0.087438080244194 0.290318978948256 -0.0453701290963546 0.124534283211712
-0.107871872369296 0.260053161143678 -0.123495333288565 0.180250851045986
-0.10512072922027 0.232637120598869 -0.137946616252309 0.211962727283027
-0.103492267662467 0.219786223063295 -0.117242922846833 0.184190570679509
-0.0996299137748558 0.216593777625555 -0.0939263181461791 0.0959419065710832
-0.087582686945515 0.204912563090375 -0.013337897403177 -0.0424369240994905
-0.0237999330806664 0.230312806600914 0.0092641404986493 -0.16949686089853
-0.0397629712054769 0.285394785659273 -0.0511664021595887 -0.309351363641216
0.00881693387805689 0.336401323459289 -0.148036102479687 -0.541519587953257
0.0722276365565016 0.20686927917429 0.173489248972685 -0.0876401228332697
0.0681819993754455 0.189679854745418 0.1316726792493 -0.182561257366834
0.0897312609410854 0.207886105396814 0.0694209810420797 -0.204164000268442
0.060597028445982 0.18412500755734 0.0719764490713566 -0.0880586195521697
0.0241185802775518 0.193530468217022 0.11282896523556 0.0435126315591134
0.0028939284318684 0.193007030478635 0.0573437735634632 0.147154298308333
-0.0275657801684136 0.177838961961425 -0.0563621418630038 0.233864142366307
-0.0474306879661222 0.160282022945377 -0.152647811695777 0.270143632710411
-0.0495373339892449 0.147040741520658 -0.160076244249618 0.267875533779471
-0.0513819866308419 0.138905981168387 -0.115414216097092 0.206422302318389
-0.0439099757177348 0.133056608046201 -0.0739221274953257 0.101104207729736
-0.0260927826998436 0.125255346126347 -0.00054096789644398 -0.0511198492524309
0.00901739423405404 0.150126568771278 0.0280109118788909 -0.19156023735432
-0.00726459870055091 0.184606825235427 -0.0463433953837173 -0.338129919592481
0.039487773685055 0.221900284287984 -0.164885122336776 -0.613046343561915
-0.0413845116565337 0.0142834231315565 0.424809765876536 0.487179141499477
-0.0687464296645076 -0.0573457765415846 0.256068364358556 0.293599827536035
-0.0713491239982262 -0.0487610864242007 0.0650940044435489 0.185607056559425
-0.0605766936264732 -0.0501509880467447 0.056305068314924 0.0534446938480036
-0.0454835001386813 -0.0466120642800551 0.0101199974840866 -0.1093596606518
-0.0394023913938381 -0.0587228639018344 0.0159701405263681 -0.231093527767717
-0.0304721370610801 -0.0559854152767418 0.0349904342994816 -0.341609352802233
-0.0345365041433498 -0.0391550423432094 -0.00847417729845828 -0.37815762642223
-0.0206547056551121 -0.0305326980211312 -0.111311325093476 -0.308283137009564
-0.0127186304816518 -0.0171861398417638 -0.198229743887793 -0.164281043808376
-0.0396667734495541 -0.00240170468225542 -0.179329478702064 -0.00986400811613084
-0.0636254106853247 -0.0130234340680792 -0.0839438741705155 0.115711233356877
-0.0608970636001621 -0.0172232356276055 0.00446235289039375 0.241632327026316
-0.0811453311069183 -0.0274704030493752 -0.021690957989745 0.263345197430629
-0.0782934063670206 0.0103721071381786 -0.117431426517681 0.219704329971997
-0.00225257158750481 0.139926112285389 0.430537756397129 0.491713575774385
-0.0553986293145178 0.0535453538161817 0.268501148503834 0.292940496168614
-0.0718141458877741 0.0309185272721846 0.0626562108643101 0.192033802819847
-0.0847427475331624 0.0177318547135283 0.0457088715551899 0.0511165889429951
-0.0627685633741372 0.0313869575222596 7.76514374798555E-05 -0.11994543303143
-0.0549215350297563 0.029920033984955 0.00739126923654618 -0.239148429593668
-0.0422067336378062 0.059197112249234 0.0156085617278456 -0.344487022033081
-0.0392770507683336 0.110611709083261 -0.0261900268888038 -0.361392902065284
-0.00555473726760525 0.135083601654557 -0.123059908334897 -0.286081794157871
0.0287772940713772 0.154182822090825 -0.204809604747793 -0.144629782080893
0.0250875381855484 0.17117165757274 -0.191023419237826 -0.000526111126535181
0.0131364326217577 0.147380528186014 -0.0839589895801877 0.105549244448987
0.0381401019062255 0.129819476408483 0.00530801509140615 0.218153181807424
0.0170605167622305 0.142541274196167 -0.0194674208451618 0.217099269243347
0.0154870704397809 0.185959281451459 -0.107356881050942 0.162950385872815
0.044522127563442 0.257763594165758 0.430850999861133 0.453421393533666
-0.0314009927850075 0.179088742482261 0.289988295013897 0.27021633529322
-0.0654695824948946 0.143031189029366 0.0763767742092478 0.18092927269968
-0.106325347527239 0.123566874121014 0.0504948963144789 0.0400402304372368
-0.0798136622188408 0.139795135523446 0.00303903919083531 -0.136360353147256
-0.0645321711220579 0.138599175606266 0.00325152153966891 -0.242884279348583
-0.0464558364744554 0.177065083127756 -0.00533395427228382 -0.314961155041995
-0.038188930482276 0.242561565258005 -0.0410362326655269 -0.292116736445844
0.00488140269596494 0.273024689685762 -0.111569599510028 -0.205730704176279
0.0550911183499178 0.298195699391535 -0.17749303945099 -0.0806985258579238
0.0701711335274739 0.319466904084787 -0.175363205591883 0.0283653203450783
0.0713610609036792 0.289265176600792 -0.082489888308195 0.0887678883038345
0.119825144792314 0.259123086041172 -0.0143373901071184 0.167152427919391
0.100127895213091 0.287513994233778 -0.0543243092357746 0.134959152202357
0.101536795565973 0.329319108563181 -0.139652957691449 0.058088710539176
0.0988108331082759 0.350240347530135 0.418351080758232 0.365325239131028
0.0182299396134006 0.302109264788046 0.31071939246302 0.202448885506069
-0.02614694124224 0.278432436061499 0.101396814088879 0.129218090281045
-0.0910156166753358 0.263055205940565 0.0613841890572554 0.00828653004418411
-0.0716217462531245 0.273875187288189 0.00942508117028518 -0.144345582245173
-0.0551563165609872 0.259024203630068 -0.00101362210409498 -0.22030008855544
-0.0365374771483421 0.284128591495626 -0.0237172659837998 -0.24374289194197
-0.0327741709030935 0.336599203268919 -0.0494977918474347 -0.181806366582913
0.00366746342546219 0.357308532246273 -0.087607644304375 -0.0864756366482012
0.0521061255245727 0.385619092311482 -0.129641708619939 0.0100993587857928
0.0722824322512508 0.415405953412512 -0.140914499562089 0.0665079691523874
0.0841467381015352 0.387715835977406 -0.0785252531824176 0.0612775812632382
0.152933784547325 0.347715814955872 -0.0460250593154996 0.0871011485358395
0.142217178439348 0.383463476367765 -0.108508153752974 0.0241150553116839
0.158521069806752 0.417393360892929 -0.202617124359571 -0.0753900781706509
0.152733276802829 0.393463957814217 0.380159972333238 0.234520870052006
0.0909786451890236 0.379169386318455 0.300386439187268 0.0861249656165306
0.0571391349635197 0.378445298621544 0.109559674380518 0.0326894982011901
-0.0155288042392542 0.37132499550775 0.063875609046682 -0.0381473979479882
-0.0173502702481026 0.378983778997814 0.0208450914075198 -0.128855063546819
-0.0172004009841636 0.35106741180919 0.00154350946662825 -0.155528289303385
-0.0137509675239873 0.35389851677935 -0.0293169986606961 -0.130596258603609
-0.0223591070094297 0.376038683951144 -0.0518395086119563 -0.0469585852224067
-0.00403435596622488 0.375529462362371 -0.0631838982110907 0.0451168425598873
0.0243549462846738 0.396575947258078 -0.0836893006423587 0.104883826104962
0.0377215038568513 0.425634529026107 -0.105527155184607 0.101535420804573
0.0518820513569124 0.404130943159153 -0.0733658685094453 0.0254878831609022
0.134378654452989 0.367434189370183 -0.0737417844880695 -0.00913454113261475
0.138911458903164 0.410805065638951 -0.158832212698797 -0.0952104038017813
0.181899582534031 0.439766452249325 -0.273993633795584 -0.217722435373188
0.188638251521648 0.37366270610736 0.313365738140174 0.0868103714563024
0.155820591684946 0.373367454825203 0.242380623486988 -0.049248117563789
0.149341300976663 0.384810059045565 0.0844508917939545 -0.0778106552922702
0.0817175375293766 0.380141270748518 0.0548942599051306 -0.0780844479603036
0.0585285580390668 0.395704281130184 0.0454930659916196 -0.0878418241072682
0.0394612002552193 0.371935751533609 0.0239304689690379 -0.0576759655544175
0.0160499875036382 0.361857034034145 -0.0178184959786146 0.00811413825037291
-0.00964571071251186 0.357838416611416 -0.0479666032703326 0.0932827219867811
-0.00820796342473747 0.336558579503455 -0.0481170773877103 0.161432699933063
-0.00078461489748435 0.338158121056243 -0.0530481333225957 0.17689106282238
0.00279248653834142 0.353677884820742 -0.0782263983489199 0.120728388838282
0.0126382755021882 0.334367284975727 -0.0642017216300185 -0.0100511456340463
0.0966781552765986 0.312892018908427 -0.0854827508723867 -0.0988394198703603
0.11035502478404 0.367603049702902 -0.188434328165861 -0.197210500225049
0.177918972578369 0.397941571283102 -0.339830196109451 -0.343617602930628
0.189757426811937 0.29015201348699 0.226674035030357 -0.0525010039642873
0.175415822617548 0.285270910891531 0.149713347334079 -0.160185794139523
0.191725494109217 0.294862223530671 0.0363606743178398 -0.164153630315171
0.139984785963435 0.28674292794204 0.0427086317324915 -0.0984280238618266
0.107032037529533 0.311289627919963 0.0850482394976326 -0.0398161336945255
0.080256557262564 0.306113841726385 0.067714439868182 0.0424667811106894
0.0406263473302762 0.298179632069164 0.0116384214811167 0.143131979632114
0.0074296240820431 0.284674563997593 -0.0393332750948945 0.218403525441384
-0.00177609675869059 0.25735488301631 -0.0408687634056219 0.250081340243249
-0.00392225357109647 0.244012911444334 -0.0356496625194989 0.215416362681197
-0.00232862427028828 0.242353878317979 -0.0552085014519236 0.121630044047912
0.00603246856048898 0.221156447742577 -0.051842092340889 -0.0367384113264299
0.0743112646514763 0.218038671476818 -0.0798387393830349 -0.158698819704826
0.0845024593204604 0.276674338622435 -0.198165904092684 -0.261399458317211
0.160209588354516 0.305866137410733 -0.393809510344367 -0.437655698247887
0.148233714422604 0.161535371274012 0.144762252655088 -0.153211968708548
0.133826584660135 0.145097422889771 0.0559713305194063 -0.223402473623152
0.162086302643638 0.151432795272127 -0.0107079373626868 -0.212504517167549
0.127905141296709 0.137997970468342 0.0368818553444176 -0.105469116721798
0.100852375601863 0.162420657914232 0.12852455013959 -0.00700725977094526
0.0846070845663387 0.17156735681609 0.118911874340395 0.110811504986929
0.0493977924154037 0.17156950675944 0.04970522453074 0.243109124460323
0.0233551214140136 0.167257015740126 -0.0264298640026099 0.310090586956598
0.0154154528435708 0.155696625476344 -0.0347900712580507 0.30787757540229
0.0115892969044488 0.148745178418543 -0.0206838079222965 0.232339422154006
0.0160328279920109 0.141380585143133 -0.0307646187656656 0.117722361267792
0.0299966973300154 0.122314034439927 -0.0367000050186914 -0.049510566228436
0.0734520183702064 0.130695522502204 -0.069353464167374 -0.186669771232905
0.073382418913303 0.169027406367449 -0.199152482953183 -0.28689789129464
0.137198874796586 0.183713828023635 -0.432805092904019 -0.492424125522029
-0.0421602455703357 0.0151036905965945 0.454968799563826 0.488462299391622
-0.0732429332437636 -0.0557669010116153 0.273231022558366 0.292686287344528
-0.0756664679458083 -0.0458927484847413 0.0760280589620448 0.190861450867683
-0.0640890498542766 -0.0484975075460207 0.0627195585264395 0.0572419036186856
-0.0468182577905422 -0.0466857614805822 0.00983249235177065 -0.104509295458577
-0.0427885869390018 -0.0582026282854307 0.0126388119509117 -0.227720990970338
-0.0368700307918795 -0.0559958733257691 0.0291929551162578 -0.343955456480025
-0.0393262256612578 -0.0393451562210501 -0.0150180392887498 -0.383214753147491
-0.0240361987061354 -0.0305548455352278 -0.118571554760571 -0.311509527774237
-0.0151041811824522 -0.0176756608969371 -0.2064010655274 -0.163165793098149
-0.0407746960133563 0.000202357994400733 -0.184383119815815 -0.00806346717159896
-0.066320647357427 -0.00891892473951702 -0.0839716166263868 0.118607998292948
-0.063484233985192 -0.0149077839048858 0.00963391021623514 0.244963875826722
-0.0846654803264229 -0.0237787267783904 -0.0222712105383897 0.269932218652109
-0.0777256168067352 0.0149332133179788 -0.127415654673605 0.229602746022925
0.000977285126823622 0.1429042517268 0.461211577617678 0.492771641281333
-0.0580028592201301 0.0558650453961795 0.286677477489528 0.291251929950993
-0.0752401324973575 0.0329225993824361 0.0739008835451809 0.197709525532716
-0.0894155005453586 0.0185237090965319 0.0527738118966281 0.0565102574911259
-0.063707319376561 0.0310936405135782 -0.000837806779057755 -0.11504883357146
-0.0575377483516639 0.0292593683157241 0.00362016305938825 -0.236506597626133
-0.0465600394158158 0.0595898142301888 0.00791452747106732 -0.346717884392554
-0.0401674907568738 0.11326574942915 -0.0334701594241003 -0.366467838988324
-0.00564558683102252 0.138497823694001 -0.130573862530748 -0.287877650923713
0.0311531854734764 0.157139286363408 -0.212704136854818 -0.142546097074933
0.0299311106314106 0.176642899273085 -0.194992117250042 0.00332213498540922
0.0165884907345546 0.154708246013987 -0.0842534732795923 0.106777431375713
0.0415993805357884 0.132667187123743 0.00996838968603949 0.221673078392952
0.0208196808367948 0.149387290087998 -0.020896822322545 0.223154997875376
0.021884087049608 0.193045665430774 -0.118771823596808 0.171309725333064
0.0519840059281971 0.264192720763559 0.462360592239203 0.454415891764223
-0.0308048222275456 0.183677557761397 0.30992338515344 0.268590098322643
-0.0674796272965444 0.145517064252593 0.0887507294100354 0.186878037235462
-0.110997983113501 0.127434065877294 0.0572007053791125 0.0453664900024835
-0.0812096074363229 0.141281958650601 0.00111973265699594 -0.132416741244539
-0.0664211802540682 0.139418618271934 -0.00162486607738377 -0.242917283420934
-0.0476418046796096 0.179469470872349 -0.0142954679254663 -0.317755665046162
-0.034895897529927 0.2479607190891 -0.0471842362426872 -0.295255076999241
0.00798401107071204 0.27913266904748 -0.118253394239811 -0.205370213477884
0.0617116478212982 0.303202629016578 -0.183295108578656 -0.0773366176952757
0.0794477734744286 0.32777335889757 -0.17773555896145 0.0331022667470747
0.080360774538127 0.300012674142834 -0.083908099259854 0.088883242710889
0.128166299103503 0.262738641460262 -0.0113243905454592 0.170117433041963
0.109812817918569 0.296641670831967 -0.0585192264292307 0.139359712004244
0.112816008217821 0.337770000040622 -0.154721834832336 0.0653027696014104
0.110969379983894 0.357998968716364 0.448294555886893 0.364040652456506
0.0235631820992098 0.30915785968869 0.330240741464467 0.1995525243008
-0.023728863527646 0.283064524349462 0.113147485297825 0.133540466010161
-0.0921561208672879 0.270360683048973 0.0679325382112445 0.0123891058620774
-0.0707203588251588 0.278760838106896 0.00680330319186966 -0.141898646812112
-0.0551908533296617 0.262257278199463 -0.0071161410161104 -0.222434831982564
-0.034764038799383 0.288055054670369 -0.0317099890694633 -0.24616272146714
-0.0270134511489845 0.343017643824173 -0.0552515697287045 -0.182992443773559
0.00983933969452128 0.364708530109019 -0.091907540664017 -0.0844614042865167
0.0596738419063165 0.393056361610197 -0.132181812641187 0.0144443234114044
0.0823228797378684 0.424902097489974 -0.142073532115398 0.0721965976931358
0.0953792200920878 0.399952331702755 -0.0818016220887671 0.0601001487826072
0.163226023802134 0.352457892124692 -0.0473372563177383 0.0894531453484027
0.155123536126855 0.39359162427356 -0.117839951450991 0.026952781076567
0.172733519496181 0.426990363485949 -0.222168308980316 -0.0711225542689048
0.167790164166263 0.402323452849772 0.408513894468076 0.230739449188215
0.100879777928424 0.387386096125894 0.319001337642602 0.080850618498656
0.0650271631920858 0.384611736077065 0.119903971374778 0.034281313904171
-0.0118591709781294 0.380493365720987 0.0689291470828981 -0.0366197694101137
-0.0127367057921229 0.386950840678584 0.0172797450781971 -0.128132240058414
-0.0127425060665709 0.355210149468298 -0.00401690440845236 -0.157988210516291
-0.00815825412654986 0.358630038647887 -0.0363165887919985 -0.13229217689664
-0.0148041417624656 0.382308976099441 -0.0559332433473035 -0.0455975108848113
0.00272606410548127 0.383141942464613 -0.0649113063041778 0.0486197394189376
0.0319596389720833 0.403426423446473 -0.0836790762232898 0.109237936708819
0.04618024652099 0.436365410880161 -0.105189463752642 0.10643599255004
0.0613410420366079 0.417457320405814 -0.0781653465514789 0.0228008257179373
0.144183638129948 0.37121224606309 -0.0806080589051043 -0.00922478332923171
0.150011251125337 0.420338619961367 -0.172026210401072 -0.094360065446909
0.196233619758874 0.449024539339079 -0.298374695555547 -0.214745252410986
0.206232981822394 0.38063271107445 0.337566106816567 0.0794610704243381
0.167985291679482 0.379554712000777 0.257502830517688 -0.0568719037973924
0.161028997986653 0.388868479759653 0.0904973211838756 -0.0795221499663238
0.090193755450181 0.388510212316542 0.0573339826468884 -0.0777439442164804
0.0671191029925867 0.402970414691223 0.0424286515829226 -0.0885540050961287
0.0461311220409249 0.376471604727932 0.0202334922108193 -0.0595198696433813
0.0245296696032889 0.367813481539666 -0.0218404345307155 0.00797335932858761
-0.000494620562706004 0.363761150326755 -0.0503797669958516 0.096372204995173
-0.00156622907695189 0.343315791428659 -0.0478371182406911 0.165727639301725
0.00495502437076893 0.344352483048799 -0.0515575690494849 0.180223445372858
0.0101196617417828 0.360332764490693 -0.0783398041071069 0.124941859475073
0.0183478524951813 0.342839990508746 -0.071499986086354 -0.0132626559963871
0.103330422853656 0.315281487913945 -0.0957512174908322 -0.101189790300597
0.120944614036308 0.375382475941663 -0.20502697545046 -0.197895845399314
0.19204789274927 0.403353495629544 -0.368287788697759 -0.342653050717558
0.20591433679435 0.294500136547759 0.244898971306431 -0.0621991521606671
0.186627129030134 0.288573775024468 0.159840486445701 -0.168401188391869
0.204764279853302 0.294941518250233 0.036918363184649 -0.167146884601752
0.148942909648584 0.289013936434474 0.0435709301693768 -0.0994640265508685
0.116947645809281 0.315267052898769 0.0841509443569793 -0.0411768736856098
0.0886506209817716 0.308668867253153 0.0675742520309718 0.0411907493898292
0.0490542480529227 0.302397825887355 0.0118195732342871 0.144263826634158
0.0148171606462663 0.289093059246644 -0.0389412347747982 0.222652761896486
0.0048523438251834 0.260813008653855 -0.0391557460399688 0.253712428168113
0.00132186854386878 0.246839522497888 -0.0337121504162061 0.217653255261638
0.00262962503862876 0.24574020434197 -0.0558015432772186 0.123095865877768
0.00996172332285873 0.224374570442938 -0.0600702085233556 -0.0410752806740847
0.0794559862951866 0.217563981017658 -0.0924507521215869 -0.163331119722774
0.0918590852038573 0.280734901487093 -0.215958059115716 -0.261227840153709
0.17181454601617 0.308899213401632 -0.424442797866669 -0.436166125549812
0.160749677283926 0.162009779138094 0.158257659988024 -0.163183813901339
0.141294739352493 0.145249564812492 0.0615934835315599 -0.230860721779029
0.170412288146556 0.147617025912293 -0.0128926906345268 -0.215474714413641
0.134375883300608 0.136129950149861 0.0370226513721762 -0.106188195045984
0.107561551305664 0.162103462308605 0.130327972921209 -0.0103569351939123
0.0909838279637993 0.170796919302198 0.122155606384819 0.109318485379169
0.0563940727995956 0.172304897249569 0.0541112512554093 0.245180452465249
0.029201554879206 0.169647674141925 -0.0233053724103901 0.315548848308968
0.0215575814691924 0.156788915220756 -0.0322282107805777 0.310555059955169
0.016928879837085 0.14970459732288 -0.0184903106714501 0.231866911556264
0.0211404718340307 0.14154458677184 -0.0303056485181512 0.116025378581397
0.0340222371070484 0.121682986756768 -0.0455529435132044 -0.0549140140861114
0.0786155279813122 0.127715961874501 -0.0830325989026121 -0.192136901133894
0.0799385730848085 0.17054694995807 -0.218132388884534 -0.286988396700847
0.146586295793439 0.182574609308276 -0.466149133409305 -0.490501948538742
-0.0421364377853534 0.0177649870461229 0.492128123483121 0.47060314026242
-0.0778523886574068 -0.0512615486794912 0.295425427779926 0.279681879642317
-0.0797377272164554 -0.0396863397595261 0.0917549150076094 0.191297191829955
-0.0681908368650926 -0.0458237551071372 0.0712082005218976 0.0590930353090511
-0.0497266562579589 -0.0446556020680704 0.0088126155471684 -0.0987984657217306
-0.0475749023537381 -0.0561235956223397 0.00457745860319904 -0.22113053271109
-0.0444298621417679 -0.0538308300973573 0.01362856319451 -0.342482393076313
-0.0449033842943995 -0.0364646823966925 -0.0312926532873029 -0.384893541186182
-0.0288359262754839 -0.029005226452973 -0.133689882378448 -0.30783565199161
-0.0185328986817539 -0.0166944026021039 -0.216371037917097 -0.154303228121979
-0.0403132146938941 0.00449537805854957 -0.188389071766337 -0.000743361309734911
-0.0680116244178851 -0.00278164922850351 -0.0806064080837213 0.122530438499786
-0.0660123235330082 -0.0107203062742099 0.0209943413531541 0.245715818916975
-0.0873151625875659 -0.0175949262432355 -0.0152951167680209 0.276062885767761
-0.0761183923517552 0.0195514654237048 -0.12947926664178 0.243557830288388
0.0078883926396048 0.144935435465679 0.499589324702472 0.477056080550673
-0.0574375148868403 0.0594753494261955 0.309067608708745 0.278683528665289
-0.0769085621361127 0.0363547254510525 0.0893913900081318 0.198278827957633
-0.0927403714105286 0.0223773086597685 0.0607548922190116 0.0600578228321536
-0.0649398849760605 0.0316918585175278 -0.00414418453906398 -0.108636864091351
-0.0597305571810088 0.0313414784171748 -0.00654780581777563 -0.231989682001433
-0.0487284405490635 0.061546492449551 -0.00908157217385898 -0.34378583161671
-0.0378525244845719 0.116444981449158 -0.0509137377466974 -0.366077295579351
-0.00196422300923835 0.14086504318079 -0.144816031631345 -0.282248383531281
0.0373321085571386 0.157107483984485 -0.221826542773915 -0.131448235950379
0.0398354848741742 0.179253761359895 -0.197883903348948 0.0123181393159215
0.0242868901894274 0.159028231204482 -0.0816431065818984 0.110115476840337
0.0480488810957103 0.133361112348238 0.0211822223900843 0.222507593779875
0.0289692408775187 0.153626254861973 -0.0159520762607958 0.228561092272928
0.0336016800749353 0.19664643087484 -0.124014425530182 0.183427536090483
0.066224903373367 0.265454900464 0.501338066799945 0.435155541300515
-0.0244135987208204 0.187201757656631 0.332778120906305 0.254482271542916
-0.0642680734928088 0.148245840751485 0.105781870223413 0.186994916960818
-0.111322590270289 0.132710744424688 0.0661622333615776 0.0483311949234328
-0.0786213055462527 0.143798688931811 -0.00330239062173332 -0.127082885884337
-0.0645581871234721 0.140788140360224 -0.0129257046605159 -0.239694581333654
-0.0443912305015845 0.181845943180519 -0.0311512889543179 -0.314372097824099
-0.0254765494092425 0.250645664968902 -0.0623454905609403 -0.293318864397452
0.0193594649815746 0.282218703362309 -0.128722594309302 -0.199311717978937
0.0759218266996748 0.30423936428619 -0.188487163952318 -0.0680210632063315
0.0969616778899969 0.330501195542155 -0.177562286336241 0.0428706478589502
0.0969767536179705 0.304588954815922 -0.0823277093177062 0.0906790500034605
0.141617029918495 0.260797172805366 -0.0043616605065509 0.171157612502427
0.127010423297648 0.298672275742551 -0.0586501058564091 0.145456518468952
0.13320966332101 0.34013860657081 -0.166503977736082 0.0773259566209739
0.131399428040996 0.358509039867128 0.485812155033503 0.345959887757019
0.0363575767807235 0.31203123274683 0.352316657355312 0.18432339996464
-0.0134641062044547 0.286206601709371 0.128540617534421 0.132096178425928
-0.0862357777295982 0.277523368860269 0.0754054583196914 0.0137095075228086
-0.0622371343525559 0.282527179219511 0.000441195900704051 -0.138792773290669
-0.0476001120379306 0.263922279820858 -0.0183318883457126 -0.22083004490875
-0.0237191971264353 0.290822938353174 -0.0471106453486554 -0.243512894104329
-0.0111045142491933 0.34544663443366 -0.0657113258582714 -0.180220120893716
0.0253568572871574 0.367972449979945 -0.0962468887845968 -0.0780503926836075
0.0773652793060596 0.394856759598568 -0.132202420539422 0.0224433867462947
0.103742865922806 0.428516372582796 -0.13896852746884 0.08082224706724
0.116598558564455 0.404157079797654 -0.0831414568301687 0.0612415526936324
0.180577654607716 0.348746775596323 -0.0458277842653047 0.0917179027421765
0.176854791552156 0.395530229432297 -0.124779788853389 0.0340041386055877
0.198499734158422 0.426920793947686 -0.241330362382777 -0.0572057406693082
0.191470645895574 0.401056678918486 0.43891818855665 0.210933459769555
0.119854679669772 0.388805297967154 0.336406004157891 0.0641981196977885
0.0822451475045034 0.384326042146275 0.130040773453688 0.0301099074121303
0.0019281812388778 0.386730432284559 0.0730996083990742 -0.0363030406580016
0.00173893526651473 0.390368529628472 0.0104323549638849 -0.126679147069056
0.000942202253387748 0.357923997601365 -0.0141853912323528 -0.158442591944674
0.00781170866578414 0.360876438696409 -0.0475033978357994 -0.130886852925785
0.00443837518003431 0.385007588351234 -0.0601250666201235 -0.0422463063091046
0.0191911084614617 0.386763293228949 -0.0637791695063085 0.0533727589305189
0.0494928470139314 0.405975248433126 -0.0791433499962984 0.115203689486156
0.0668747107792728 0.439394933169682 -0.10112037600488 0.114014931854846
0.0818587578974088 0.42357198902746 -0.0830205334082177 0.0231294629966721
0.159996681908297 0.368292456732756 -0.0859311839504962 -0.00680918812536485
0.173273530660874 0.422989321338018 -0.187036016561434 -0.0867678153946164
0.222323467118521 0.446146944372664 -0.325117044817241 -0.199362401575204
0.232345964319489 0.376648263131419 0.360068139694373 0.0593325929663631
0.189275209836932 0.378375372839064 0.268054684377448 -0.0727674995788293
0.181183137158929 0.384382049933706 0.0936227437960888 -0.0840511316530436
0.10757880537757 0.389252210437002 0.0577458144845787 -0.0796336699185021
0.0850646134256256 0.403449022434671 0.0371002287978531 -0.0893935444425272
0.0621756068902164 0.376995172482783 0.0144726766415006 -0.0612682336340803
0.042931242882551 0.368697287892814 -0.0259321795165086 0.00888649910790998
0.0183599268893268 0.365384589511271 -0.0489786988240875 0.0994426055197786
0.0136880864235606 0.344788879100042 -0.0424774666456503 0.169228510155379
0.0202794662914977 0.345262390440251 -0.0447551926085967 0.183569238121398
0.0254148659959779 0.364243393498568 -0.0739309651477102 0.129852680405827
0.0331719605803972 0.348443809755395 -0.0785187372923206 -0.0144420344645801
0.11657747882477 0.311359595710658 -0.108032649814241 -0.0994986873805374
0.140189131022298 0.376504499980207 -0.224999952460003 -0.18902441561428
0.214894108113158 0.399547670881596 -0.402639053315838 -0.324515289673915
0.228735983767718 0.288221455118538 0.259312883485694 -0.0798190432846109
0.203958783712032 0.283437013501445 0.163164270873795 -0.181582175190423
0.221542965674208 0.286002103180378 0.0328444970219822 -0.170891778159771
0.164769718356316 0.28503996622747 0.0416486841917547 -0.10129144941119
0.133520597501295 0.312742030665864 0.0814744471148621 -0.0448097877798449
0.103670352631292 0.305686947880712 0.067183490652749 0.0376698383188568
0.0658870129147625 0.301251208069794 0.0154876776072423 0.144057114141305
0.0311290355019024 0.289587625837914 -0.0323982465891365 0.225529969839785
0.0174035326277487 0.260769592883775 -0.0308187204392953 0.255222757523009
0.0126276456528464 0.246266341538779 -0.0263279741593326 0.217207017472022
0.0142337826741114 0.245518272835214 -0.0530524767872933 0.125364910723205
0.0196213387169155 0.225178844374216 -0.0694950723473343 -0.0429492002154576
0.0885629800620575 0.21193208173429 -0.108988125127283 -0.162376157225172
0.106315362457776 0.280312805618945 -0.238933531869892 -0.251702461323253
0.19047019400471 0.30314164721419 -0.463897279920381 -0.41546716459269
0.176835782823338 0.15484957862886 0.165463699117596 -0.17943957164077
0.151027332943395 0.140567872739403 0.0602826849172176 -0.239446308760228
0.180975281354009 0.137308690654984 -0.022092111372154 -0.216878512467373
0.143094856444588 0.129320202980439 0.0333881671062974 -0.10868663806937
0.117238238430833 0.157707692638253 0.128924658003381 -0.0175288121379959
0.100934062561456 0.165747466038028 0.125621449102115 0.104154209786741
0.0667859114370651 0.16949292869887 0.0637122576463404 0.243178987428957
0.0395336516079779 0.168941434267373 -0.0122801327806337 0.317759131815408
0.0305015870827229 0.155212399851761 -0.0206449300214112 0.310256081017567
0.0253831589589121 0.147905983922299 -0.0102316689695467 0.228996886705422
0.0289420915768462 0.139179439580863 -0.0276711005243724 0.113799221254596
0.0402535427189795 0.11894133022906 -0.0556892209540186 -0.0579345013769415
0.0861367663069502 0.120962829972654 -0.10128810349526 -0.1917183972103
0.0899958216954414 0.168252251017254 -0.24157598791042 -0.276751479658553
0.159189619265809 0.175556109597066 -0.507320512684158 -0.467278286347237
-0.0402302378731074 0.0201695652913362 0.517490524094769 0.434605746724441
-0.0805773417729344 -0.0451621829064631 0.310118054651495 0.255997455768202
-0.0806960220050983 -0.0321465929380967 0.105025672853305 0.184965783082261
-0.0712513647343817 -0.0400393196690348 0.0781353517896772 0.0585317007985349
-0.0506857738349423 -0.0417188350371678 0.007037133321512 -0.0906500670137745
-0.0511889281716859 -0.0519521742672103 -0.00400164507637251 -0.209625943417885
-0.0508403521067027 -0.0492729209864594 -0.00293418725582852 -0.330848477702093
-0.0497597706626085 -0.0320657393422966 -0.0504883311598724 -0.37507230266802
-0.0329982840738918 -0.0263113086250108 -0.145801358961669 -0.294620509826777
-0.0207199979141634 -0.0151741987360868 -0.22062210375554 -0.138695870977354
-0.0385107735567371 0.00814990647448128 -0.187518807491516 0.00838254371284841
-0.0674010261597164 0.00403458181154494 -0.074145857308016 0.123405210550856
-0.0665781745862073 -0.00563350240294594 0.0330185990805182 0.238899373248481
-0.0869575528643235 -0.0101264833127475 -0.00621362261108156 0.275549380226335
-0.0723849217646833 0.0238344161529203 -0.126041379551938 0.252334553500778
0.0156356710349735 0.142692749726673 0.52713591111647 0.439359613284693
-0.0553546914099255 0.0616523743143058 0.3233458498293 0.253902036615468
-0.0753281402302955 0.0399597880050083 0.104426046021974 0.192130261931667
-0.0936391361326911 0.0269421101555815 0.0691723291755387 0.0601687482647742
-0.0644186872944607 0.0321950220552524 -0.00621566655932498 -0.0996695398325483
-0.059330542112196 0.0324785891525019 -0.0157929432247018 -0.219769817414072
-0.0494836988992209 0.0635358670787146 -0.026865711464921 -0.330752086473771
-0.0340824989198413 0.116611160994137 -0.0677320412472369 -0.354698110756036
0.00247090693620765 0.139297314623962 -0.155791972767819 -0.266995724886528
0.043267805733208 0.15309298120012 -0.224912552263272 -0.116501947531329
0.0492796414575122 0.17597817203232 -0.194908358051291 0.0226412773937394
0.0334442141552038 0.159819176385584 -0.0758379797663206 0.110708497420292
0.0533721583149492 0.129995011919991 0.0330086919312369 0.216231780793947
0.037919422777571 0.152976743586946 -0.00872295591763782 0.229228769087801
0.0461899742190853 0.19331599318511 -0.123843695255854 0.192497273722141
0.080157137978196 0.258877872034614 0.526957625999861 0.400417151328726
-0.0162778695329208 0.184824179901842 0.347869360369826 0.230066138934919
-0.0585296881451401 0.148276847427857 0.121013694809642 0.180881738114716
-0.106962567873076 0.135547955143301 0.0739643584852854 0.0488600194113782
-0.0737676513720481 0.142460910363995 -0.00780056049658086 -0.118756113978029
-0.0601969777322326 0.139568848219059 -0.0243541638572746 -0.229085241130093
-0.0380979897905116 0.179439819058122 -0.0490867928832783 -0.301561702173479
-0.0140233093017974 0.247070056794967 -0.0766392054283276 -0.283219661520947
0.0304899459493553 0.276961619552229 -0.135538114654721 -0.186440842764839
0.0888162440686843 0.29490163926325 -0.188152069864056 -0.0548837675550665
0.113954744074495 0.321283534533361 -0.171921795853693 0.0516794923478567
0.113855734507329 0.299318347515346 -0.0794429065172339 0.0908266117052949
0.151799771592492 0.25032671578029 0.00560609961281869 0.167577238675083
0.142897714815637 0.290583294654617 -0.0561027404529105 0.148679284962487
0.151025324941917 0.330197685925459 -0.171357783650324 0.0903085424146839
0.151219819515945 0.346794231689954 0.51088748095644 0.310793095078528
0.0508571490436441 0.305593630935612 0.364358130087303 0.159464474413595
-0.0016222569074206 0.280394567072618 0.140567399785084 0.124692795201585
-0.0750797612643926 0.278462155935048 0.0814050717671073 0.0139333331915281
-0.0516320643293568 0.278816522545148 -0.00544023516147236 -0.130710453567479
-0.0372700892893118 0.258676669981997 -0.0309971315091411 -0.212656423678756
-0.0118454332631821 0.284303607049938 -0.0619791438163797 -0.233118123142328
0.00618644336353468 0.338238286538191 -0.0743435098427637 -0.17225694121985
0.0409408151692679 0.361168997359477 -0.0982790140103451 -0.0695235461924282
0.0941149444888194 0.38392685965199 -0.127812602975852 0.0303826131134682
0.125051407243716 0.418323442540409 -0.132057395159872 0.0869620074847115
0.138090454318417 0.396873050202682 -0.0829237879223848 0.0612145147342142
0.194593192833343 0.33510253885281 -0.0419766909714605 0.090502580805017
0.196837862874455 0.383790250241177 -0.128303999581223 0.0420286819608165
0.220596247146868 0.411504786166237 -0.252886884678361 -0.0391873704086824
0.215505529603885 0.384906666474493 0.45849007631318 0.179946310769239
0.138059293657402 0.377485535065294 0.343904566771743 0.0417158649161745
0.098296500189641 0.372582098661795 0.13621274208687 0.0226611218337105
0.0178247401864324 0.382429810520783 0.0753446379378575 -0.0373054352717427
0.0178628288088573 0.38293227513915 0.00357965097330865 -0.121492706471005
0.0152314414205713 0.349027754851369 -0.0246377450419505 -0.152831928636497
0.0250756004012049 0.351923537983517 -0.0568285518519831 -0.123624754123798
0.0241721789685956 0.37587639267308 -0.0639869439303015 -0.0374870429870935
0.0370252166767079 0.378716909405392 -0.0606832034619761 0.0572385389354177
0.0672811117991453 0.395967274008648 -0.0721386790270508 0.118097806623573
0.0877627406140625 0.430795771355803 -0.0928888941488618 0.117753644998397
0.102908703016472 0.41658394473066 -0.0861738233545734 0.0236303065490074
0.174179307469891 0.353967355016333 -0.0888057329085955 -0.00341998526591208
0.193138991760201 0.410053390079833 -0.195880992604883 -0.0731247734986938
0.244793372753362 0.427622238544763 -0.344283948285273 -0.174053315119439
0.254233822406491 0.358839318370157 0.371772225285737 0.0326258136723326
0.206799245349714 0.364293210438203 0.269914281754336 -0.090393619310741
0.19773820646073 0.366920743017997 0.0922593023966331 -0.0884131269122646
0.124319056802314 0.379143686365531 0.0561345964981337 -0.0798286602268621
0.103506206071453 0.393256446667264 0.0299332614364337 -0.087519760938292
0.0786019438507343 0.365430381491241 0.00730375667347337 -0.0597906564002564
0.0611000936771817 0.357264316048261 -0.0290379334580296 0.0107551572152168
0.0375501974232273 0.355490757318877 -0.0459293529377538 0.100550677785997
0.0298872851572382 0.336967083540674 -0.0352714662313931 0.16827994346629
0.0354379453057906 0.33683793963581 -0.0356728360637962 0.182189974658651
0.0422646039635822 0.355613459473268 -0.0671667028407812 0.131183335954775
0.0502896981229271 0.341810090348298 -0.08526472805458 -0.0133768932283146
0.126926222190724 0.29787577082443 -0.117251272727025 -0.0926823570592086
0.157293867050218 0.365086119589984 -0.239408146784989 -0.171833724402934
0.234374016794103 0.381122376639367 -0.42583631265355 -0.293100576152747
0.246398704026317 0.270828223914497 0.26401453791857 -0.0999166074259752
0.217892600053094 0.269221116561218 0.160346751258117 -0.19246380485812
0.234305589828225 0.266724848111469 0.0262741111703927 -0.17049892694535
0.176535247849948 0.27114417143772 0.0369602845931978 -0.101081548685914
0.148065338929928 0.300281498334927 0.0753765673739073 -0.0476083916144529
0.117440127906648 0.292955334050396 0.0646019593609296 0.0339742995780295
0.0815130125500694 0.289809688670477 0.0188418941751616 0.140014329452554
0.0464016134573631 0.281293706437354 -0.0238153829740214 0.222417586509092
0.0308474614961683 0.252908373271778 -0.0201643700494785 0.250086114142988
0.0245234547790524 0.238404319287479 -0.0171411739374851 0.212137082131068
0.0259113482589041 0.237518216568708 -0.0475980305917367 0.123451572946714
0.0302362155088552 0.218771493439708 -0.0784939556539586 -0.0420992752418903
0.0956384209409587 0.199454122373324 -0.123104477047754 -0.154934668264226
0.119377185984699 0.27067531999611 -0.255551331696125 -0.231916812541048
0.205629038194858 0.285301744922276 -0.490070394268235 -0.37862632414797
0.187686414037964 0.140266660725581 0.164690701662408 -0.193416613775528
0.157231849701303 0.130552673394915 0.054947586408323 -0.244394692131153
0.185469855774221 0.122886191272722 -0.0311037946420795 -0.211809767095277
0.147363778383233 0.117500373893306 0.0279810789519821 -0.108467189328169
0.124952833435047 0.147839742990251 0.123796991415855 -0.0243640105757214
0.10792854407857 0.155113599947369 0.126525801019562 0.0954097484141667
0.0761443008826408 0.160370779511543 0.072054708891526 0.234199637808873
0.0496587705765521 0.162810083345928 0.00079378608242083 0.311202652542153
0.0392618590392704 0.14884234238791 -0.00823706323890246 0.30136872413186
0.0336988206431304 0.141597974657796 -0.001828890607731 0.219644037373828
0.0364594745708958 0.132563258649583 -0.0238428877658117 0.108159989140557
0.0458229033071532 0.111221855308847 -0.0660248035184771 -0.0575106531088097
0.0907850678024329 0.110121802575911 -0.118159352027094 -0.184991067390388
0.0980736559283023 0.160236426303 -0.258196024885755 -0.254426823479614
0.168196544706886 0.161040856191813 -0.53590972958972 -0.426704655380008
-0.0379408667318119 0.0205187803096012 0.521581042200732 0.398998815678964
-0.0797581948903138 -0.0398961941410739 0.312728160791146 0.232272007576469
-0.0784134692963474 -0.0258369454940877 0.112698320384145 0.175771926244395
-0.0708634142447117 -0.0356529546056467 0.0833705878253358 0.0576121811004328
-0.0503125863491109 -0.0388207106767021 0.00837054229574998 -0.0818730808856164
-0.0518713580823659 -0.0474026773041863 -0.0052895295995486 -0.194266781533154
-0.0538663234692772 -0.0431589558722941 -0.0115635789436127 -0.310806497696611
-0.0522791474251196 -0.0269693756692249 -0.0589573130564766 -0.357457686729808
-0.0358646799276023 -0.0225531754534023 -0.149039647629442 -0.277790145423782
-0.0220735135140885 -0.0131520121286852 -0.217456251588356 -0.126518788488376
-0.0362761160913063 0.0108631908131499 -0.182387860103428 0.0136195096929865
-0.0647374786664662 0.00917579309277829 -0.0679951662291293 0.120553391688576
-0.0655972908256313 -0.0017946622813123 0.039373677966248 0.229095214607409
-0.0839661998328238 -0.00495924683470024 -0.00161349004061906 0.26998541215276
-0.0675624757236976 0.0258318869066429 -0.123709928540153 0.254670613678553
0.0204604851934674 0.136887358896535 0.53218042316697 0.402465013594414
-0.0536560166102582 0.060960878264799 0.325912393524681 0.231072669484969
-0.0725694568731998 0.0409889456499914 0.112625100873446 0.183037959674345
-0.0923118240031102 0.0287068012872399 0.0754053658702744 0.0597464551538232
-0.0629199893561158 0.0311798325518417 -0.00485417355710968 -0.0898114565508761
-0.0589403471690187 0.0315985457511576 -0.0185289558090084 -0.204552372619361
-0.0497591380601874 0.0630298779498143 -0.0352491696074648 -0.310087596365786
-0.032405519008669 0.114020855362805 -0.0764874470014366 -0.336921246707213
0.00370568444391118 0.135529102853145 -0.157630907752158 -0.249926327344361
0.0450936708515013 0.146526432442512 -0.220290761263573 -0.103368422180197
0.0547652359333572 0.169731487531775 -0.187710941240963 0.0287214168573321
0.0391582678330909 0.156745153679939 -0.0714611413938793 0.107551140429839
0.0547137854983137 0.12561294159504 0.0389593624061123 0.206011536752772
0.0432912758165543 0.148468710327456 -0.00546045456559507 0.223818313468372
0.0529595807370341 0.186411838718244 -0.123904700443839 0.196397262772959
0.0869872864253292 0.246488267818368 0.534485669779745 0.365769635567142
-0.0126243713695841 0.178334080950461 0.34845430577431 0.20654451910123
-0.0543791829774984 0.142808349249495 0.128322227243525 0.17144106346774
-0.1036038376342 0.134744433332234 0.0802283182886186 0.0477418892763469
-0.0706810818479483 0.137256509267714 -0.00744581592884096 -0.108142677033959
-0.0576814978769643 0.133523355851658 -0.0287220042687278 -0.2143048862898
-0.0354252031939668 0.172752975873014 -0.0566663694163651 -0.282946270623495
-0.00776322025262264 0.237761574949721 -0.0829299661907435 -0.267284964214034
0.0358886191027532 0.267321316497884 -0.134959472011028 -0.172681835886996
0.0922724788666047 0.282363897096011 -0.182300634236779 -0.0450235067493837
0.12093852057671 0.308485423379007 -0.163999459010562 0.0560723318991516
0.120900132225339 0.2886596036984 -0.0764239967910317 0.0884336073032222
0.153588532547653 0.23820302837374 0.00971465125627564 0.159251048595775
0.149399467789073 0.279179998766663 -0.0549866070609458 0.148392500025381
0.159182147550812 0.31478259790998 -0.174079111976109 0.0987691431814424
0.159779284955743 0.330254521599744 0.515422956893837 0.27770565856282
0.0573639498382081 0.294063307022055 0.364434710582139 0.138062129910537
0.0043973304175933 0.268523349753843 0.146093490779587 0.115839040023326
-0.0689035851153638 0.272455138246411 0.0853003335265869 0.0133653362860598
-0.0456412441153404 0.269207644670057 -0.00698394737772049 -0.120917254517746
-0.0324203785820018 0.248134855272152 -0.0366273974183869 -0.199890923273156
-0.0055728914676288 0.271932787280158 -0.0685401376499681 -0.217731943417521
0.0156417521735221 0.323612043001387 -0.078650587855515 -0.160736772770956
0.048945917164788 0.347021096421526 -0.0963683918749859 -0.0616791990739273
0.100323088739044 0.367049171089261 -0.121760873861894 0.0351085529469092
0.134386135719438 0.40226035247198 -0.123573063757176 0.0891467813383124
0.147478469558528 0.383417644437868 -0.0825971872052022 0.0594738517638518
0.196173560605078 0.318910579258905 -0.0391594108081367 0.0878563544237772
0.204739849175678 0.367010893432125 -0.128920245387179 0.0479508862299156
0.228355749419107 0.392003732541692 -0.257087991690643 -0.0230102655032911
0.224211621311422 0.363374493177162 0.460766787316727 0.152184586594143
0.144678058388397 0.361374564715061 0.341920085409808 0.0241275688900266
0.105079211413768 0.355533873609481 0.137783825028849 0.0171098286824757
0.0255289765659532 0.370653092386624 0.0768360039478299 -0.0365481928007179
0.0261694180838745 0.368928831690616 -0.000338021844892971 -0.112757358128614
0.0216513711051538 0.333963794395618 -0.0307040323332651 -0.144010774458238
0.0331437109642508 0.335489143170093 -0.0620541723760841 -0.114372472044164
0.0354088480434144 0.358229393011744 -0.064468243717446 -0.0323703761378953
0.0455947899065476 0.363782615390551 -0.0570414322659071 0.0579001896303263
0.073524673608616 0.379080757357489 -0.0650917166237725 0.116582770749398
0.0972522655321617 0.414736000953036 -0.0857140748321355 0.116721864692262
0.113153221553494 0.402129300342626 -0.0879512216174475 0.02348836128878
0.176513079736329 0.337210660865208 -0.0892214139899651 -0.00167194739328593
0.201607899537532 0.392829595232782 -0.199689953224026 -0.0609978825025378
0.25106565727177 0.40456608644052 -0.349290162045105 -0.15036932376208
0.261902739207284 0.335692449945446 0.372641871284571 0.0113778510784737
0.21266271198507 0.345778791080029 0.266068713086843 -0.101884201200032
0.202989200521999 0.345848025855363 0.0904049095547273 -0.0898526613715602
0.129849593942514 0.362835633961198 0.0548018077483482 -0.0779772396015793
0.11072271733175 0.375528965189183 0.024822314226882 -0.082338685588919
0.0844544107833044 0.347766780746889 0.00201455057470487 -0.0564420515147363
0.0704986533245495 0.339232517963763 -0.0310258458162348 0.0126118145347232
0.0478876798760745 0.339133202253127 -0.0435596628067206 0.0991637963215215
0.03804573160318 0.322073456782539 -0.0304496130467081 0.162916587582346
0.0415596543017882 0.320763223321989 -0.0299098992810658 0.175396421724796
0.0501064453771891 0.341247767831799 -0.0618454129829758 0.128185356923308
0.0586897503785937 0.329378927212146 -0.0899202120352509 -0.0119369340503473
0.128146866010534 0.282346383576963 -0.121889727781163 -0.0867006936906961
0.163301718714673 0.348130427539714 -0.243996363926482 -0.153903327156468
0.239556307266887 0.359055878835207 -0.431810031113108 -0.262703700722013
0.252157753475443 0.250463213429201 0.263130171592234 -0.114096399310314
0.220715718687675 0.253715304875581 0.156558906923805 -0.197285131730958
0.23448505241101 0.247211863644538 0.0220019851850256 -0.166276768484217
0.178546481993673 0.255791918606522 0.0334980511779313 -0.098486451846687
0.152011663885499 0.284169104248326 0.068373634381536 -0.0466568443979225
0.121924864385113 0.277067548519184 0.0603354253435726 0.0314212237531453
0.088574555629467 0.273920892692951 0.0189527264812071 0.134162381736522
0.0560708149394056 0.267376364356139 -0.0200038322714472 0.214501644621205
0.0371128685682662 0.240522028439493 -0.0161873169298375 0.238836148378141
0.0291662172327428 0.226246693679562 -0.0124243937939833 0.201653746047007
0.0315711186002591 0.225289155317705 -0.0448826322135444 0.117629350118274
0.0345384026946161 0.207845280150474 -0.0854621519974432 -0.0398450514475449
0.0957348623502385 0.18586446685849 -0.131041741709893 -0.146297225933529
0.124055823997754 0.256839703720715 -0.26129598498086 -0.21153327716897
0.20720246523199 0.266150999981499 -0.494922332657403 -0.343211068285154
0.190114043601277 0.125748236305513 0.163433234169317 -0.200898640240997
0.157302222328766 0.120759821580173 0.0522240712574989 -0.24337732940037
0.182657233358198 0.108992921007169 -0.0363083555657939 -0.203708236704261
0.144835054121322 0.106635081614972 0.0229653220624921 -0.104967704218798
0.125912949310405 0.137021291861934 0.115118747050697 -0.0271189664264274
0.109141400750139 0.143754302034557 0.122703977744429 0.0881997217018428
0.0795052035644845 0.149748843343553 0.0739832626483262 0.221859829313039
0.0551510742212378 0.15396282259693 0.00556049174356142 0.297847979885091
0.0435588312988045 0.139803283268201 -0.00326896813037234 0.286539670626005
0.0376028856680839 0.132401117775775 0.00148191239049511 0.205878960352979
0.0403373859021522 0.123490050677541 -0.0237548098019459 0.100803844566585
0.0481563406208823 0.103331555541708 -0.0743754594230935 -0.0556911661037559
0.0899251455441691 0.0990516248433777 -0.128196565435875 -0.174103655530469
0.100046646830529 0.150844046026244 -0.263039580912254 -0.232510118923052
0.168443203895065 0.146609203514935 -0.539032768301568 -0.3856572984808
-0.0369537580351294 0.0104063233368913 0.491516820040346 0.412055777060512
-0.0764545785327563 -0.0478194317263765 0.294258742241844 0.237389136207154
-0.0719777363120362 -0.0293165385445674 0.102535246651069 0.179549662883621
-0.0667474591614609 -0.037082839255123 0.0811101612869673 0.0636050288138848
-0.047912053147611 -0.0399145332430125 0.0130823568233457 -0.0720105635946231
-0.0494446505155216 -0.0474207080749711 0.00674913258172887 -0.177767698764746
-0.0525809788477691 -0.0444568393072078 0.00178760199228326 -0.293077008952306
-0.0531063639715014 -0.0274809080878128 -0.0445022063944884 -0.3432783208255
-0.0395330500088307 -0.0247743482514182 -0.133569239681142 -0.270824784454981
-0.0248035950966266 -0.0127178374731326 -0.205930143736874 -0.126854359939397
-0.0366124877724024 0.0115085149876487 -0.178281321717521 0.00552695198889393
-0.063657132849711 0.0118216050007943 -0.0735632337071562 0.110723110404776
-0.0639911008044354 0.00132412176977829 0.025227763443682 0.218286265552579
-0.0824036140847066 -0.00194563924553601 -0.019106255885727 0.260956357075998
-0.0646601677028726 0.0270334925191508 -0.144334123394546 0.241802825950995
0.0124933063851722 0.128454905029287 0.508783712825335 0.417241140538432
-0.0583187878072817 0.0510869884915337 0.309951242293257 0.234793220750114
-0.0726464611627251 0.0330865063666207 0.105279144685732 0.18523741411704
-0.0926372736474704 0.0215240430528266 0.0747623195876991 0.0683773934581
-0.0655986524331815 0.0249812485376355 0.00261088098174705 -0.076914211706953
-0.0619904138115888 0.0268451722479879 -0.00516586647366891 -0.18752627164705
-0.0556482248109883 0.0561225633565015 -0.0192340911163721 -0.290825754032275
-0.0403994779608367 0.110794607373823 -0.0617619892563499 -0.321715710253611
-0.00629868520580514 0.132655598061857 -0.144538128676192 -0.243649514139539
0.035109182322039 0.146211235259512 -0.210614529244075 -0.102073235796295
0.047086889168474 0.171933345836635 -0.186083544743506 0.0255619979195926
0.0319380287807471 0.158525606100881 -0.0782034426868714 0.10681889650136
0.0476785749992483 0.130333985891963 0.0251003635722871 0.200886782341214
0.0370884184452985 0.151800314561989 -0.0247635340945593 0.220975961872467
0.0490940207765991 0.186037718969927 -0.145142314950828 0.189894959601805
0.0708907143526428 0.240381570499484 0.519067587182325 0.378028325240897
-0.0267203167395825 0.167892868321988 0.337613074744046 0.211663787614571
-0.0631386091544759 0.131445011646559 0.125595766227802 0.174314764383824
-0.110874005916272 0.121855501506922 0.0838018548370743 0.0599218807753048
-0.0811576451145239 0.126740165240701 0.00423659958309006 -0.0915536318925659
-0.0682373554925087 0.123983223715156 -0.0137860942342886 -0.197747684364298
-0.0478703663651846 0.161205146727188 -0.0407039609263038 -0.264010711384312
-0.0223804554142335 0.232257253747764 -0.0711160941477999 -0.253453594051507
0.0198593125638144 0.263133089038669 -0.126649102554389 -0.167561050962407
0.0770835785456809 0.281059856319398 -0.177231219440345 -0.0427168260983826
0.107285986077431 0.311619435012609 -0.167440313701976 0.0569841779829247
0.106328411785335 0.289432545435362 -0.0842552007469334 0.094845588791897
0.138545561520832 0.24315303842153 -0.00242191799213149 0.159178776214672
0.136307992699615 0.281535138717173 -0.0723855871644396 0.149179063793816
0.148271588631398 0.313957775757115 -0.190236004115149 0.0978531125891587
0.137035493651004 0.32777181462372 0.510792891890353 0.292316166935049
0.0334740021432875 0.285500451924845 0.361238532071344 0.143710665605039
-0.0152845083306602 0.258790553412783 0.150995141178497 0.119392130664831
-0.0860880579661495 0.257458720359407 0.094922093890898 0.0288095885762586
-0.0649170146692 0.256391902156449 0.00940179363668335 -0.102299711472443
-0.0501333878960503 0.23655733473716 -0.0208815426977076 -0.184079065928914
-0.0242684060686562 0.257751796658696 -0.053788924594825 -0.201986020661319
-0.002927621948784 0.316929415330775 -0.0714997519964134 -0.151220733069744
0.0305850450919646 0.342473886946036 -0.0940582092699166 -0.0595037102715901
0.0813956241371781 0.365269896325704 -0.122879564477475 0.0363802442646876
0.116080921438061 0.403811864500955 -0.132631229519757 0.0912264314651946
0.127195260489485 0.381376820310194 -0.0926887725234228 0.070969571002281
0.17566074214237 0.323254546234317 -0.0493160694855841 0.0903606193464463
0.185331541882142 0.367537375473769 -0.142143801246 0.0512357768902555
0.212852314443615 0.387633104315574 -0.26599927411017 -0.0219355815289355
0.199082423700828 0.366776107464375 0.468392526834652 0.162156999377273
0.116074375663991 0.358210294710685 0.346923926024514 0.0283768788771995
0.0774211394464104 0.350763171833471 0.151044326176877 0.0190940891270847
-0.000919316546813147 0.357884132723232 0.0931233685885924 -0.0211499587980671
-0.00075468526854082 0.357478070057049 0.0194339714949526 -0.0958422379981888
-0.000916936065164017 0.322767181371858 -0.0172003882930382 -0.13163339787893
0.0114836037860352 0.322049808500603 -0.0506758884412791 -0.103658154431851
0.0151364953431508 0.351709357428701 -0.0627959508347176 -0.0277329808758756
0.0262367351781015 0.358535654315379 -0.0616503126740331 0.0573474378917275
0.0555473561185147 0.376101975058454 -0.0721111570467947 0.115718840674671
0.0785189046542347 0.414059142182654 -0.0992691231280376 0.118161240607505
0.091468601802083 0.395561090599677 -0.100520824313186 0.0360476833023579
0.152605971506897 0.337474140345939 -0.096048372113607 0.00361818871414533
0.179541022151782 0.389638147473461 -0.206214431702467 -0.0572351486780986
0.231759380761034 0.401368430886731 -0.346484418301364 -0.149281141059603
0.237681222978668 0.343462786702295 0.388967695890351 0.017657570141627
0.183866675104716 0.349796838013594 0.279827921153824 -0.100371824389356
0.17414005972131 0.348372921371619 0.10901115803324 -0.0897467178247548
0.101663100804816 0.355891034495295 0.0742407382255167 -0.0667754438570968
0.0829445259712826 0.367952209186374 0.042615389184683 -0.069296850728837
0.0622764908920639 0.338951729813567 0.0110584341814233 -0.0482072117439388
0.04882418654648 0.328812694309113 -0.0262290837289924 0.0176563850767087
0.0300143892370497 0.332817558122157 -0.0481156976213954 0.0982003414639902
0.0220171093566088 0.316923747950276 -0.0411101289156099 0.15795330325975
0.0263192562519738 0.31666765504778 -0.0406840699097855 0.171171914954148
0.0335546438169353 0.338812046770341 -0.0760354155086972 0.125603296247392
0.0400000807240132 0.320281499727903 -0.101308132517199 -0.00321217180243443
0.106992860137954 0.278095204051377 -0.124122601344981 -0.0814478524790754
0.143049273083366 0.343560869882871 -0.243065496563877 -0.150460556225801
0.220306373150105 0.353534815051028 -0.417741652611135 -0.261629770388833
0.23310400570104 0.259260174745482 0.285358998097102 -0.112121760416842
0.198031989298394 0.261862122893724 0.174677959280371 -0.198133806995392
0.211565382846284 0.255015416350525 0.0422990796616269 -0.168583110163482
0.154954791422666 0.254551267676848 0.0503455008472498 -0.0917320149084507
0.129321164685001 0.280978424089194 0.0793525203151052 -0.0386707600222606
0.103236391510429 0.271106298071065 0.0614463412982603 0.0353599462820077
0.0716303744070728 0.268096774052189 0.0169613135560224 0.133948113220487
0.0417919262756132 0.263544426884083 -0.0294919929481497 0.209118668353752
0.0258541172956333 0.236141627442424 -0.0294630669511254 0.229553924327794
0.0193003092852964 0.221845911684284 -0.0246682306711586 0.193516703443817
0.0210222704778865 0.221010693443876 -0.0574580296613111 0.112738269821274
0.0222219522708608 0.198984791567451 -0.0937074525050575 -0.0343685853510079
0.0799304412921683 0.179391510855451 -0.12916392559845 -0.140491959940842
0.107567079886149 0.250743532063661 -0.25248037401545 -0.206802900071765
0.189579411773892 0.261738915370053 -0.470628049061276 -0.342664546436317
0.179233160805582 0.132423730332025 0.186227393304738 -0.200837330085202
0.144630613429274 0.128175796616768 0.0717668912253077 -0.24411915447419
0.168907627824593 0.117435993048384 -0.0190292586636157 -0.204447076129902
0.13100479313438 0.108388311611122 0.0331024104269188 -0.101328537614177
0.112421950298096 0.136707339286527 0.116174844553608 -0.0223806326951775
0.09788324680387 0.141342452361524 0.115379472460897 0.0893188594389623
0.0700082751004476 0.148344727209979 0.0639325417546065 0.217005567633242
0.0479103813284363 0.153455640512535 -0.00750707411112803 0.288274423028811
0.0378271662938199 0.138524357790507 -0.0186835663491417 0.273468489448537
0.0327118464281694 0.130725035771897 -0.00980363941413559 0.195274382308939
0.035051527540568 0.120035446935164 -0.0339334550341814 0.0940408269560088
0.0406496957242717 0.0971219914231763 -0.0790094296561434 -0.0534364868309378
0.0807556920406906 0.0935174530662228 -0.123203914007385 -0.168889057435982
0.0886135483753473 0.145542280788456 -0.251415867985054 -0.227805773580715
0.154354688431282 0.143555434298915 -0.506430458977489 -0.386604128557219
-0.0363930617609335 0.0099625790188132 0.490679125592528 0.410331453636945
-0.0767805213084016 -0.0469536222479858 0.293206642706839 0.23419971777093
-0.0694116405571954 -0.0279487248424626 0.10593288760181 0.180081187269485
-0.0669944467964247 -0.0359578538137527 0.0868816069259309 0.066365181113006
-0.0468927861474548 -0.0405470929185151 0.0189522554274048 -0.0658117733680784
-0.0491213341900109 -0.0473597042562034 0.0145573356799336 -0.170701107255371
-0.0537642846098598 -0.0420663288385814 0.00918191646259642 -0.283793763220364
-0.0549026897644107 -0.0249615226305904 -0.0377197508657057 -0.337211701130493
-0.0418385752330648 -0.0228651624805315 -0.126635154359875 -0.268136051093497
-0.0262218526853996 -0.0120575014909729 -0.201297454091266 -0.127541413347448
-0.0360447517047072 0.013067426389489 -0.178019269064806 0.00387302092445004
-0.0630038026153719 0.0139800491720692 -0.0752289356053284 0.108452884410186
-0.0641309847371965 0.00239999407235257 0.0218635866464849 0.216064794444316
-0.0816010981091792 -0.000679249393862976 -0.0253719132952993 0.263215585568201
-0.0639147517775807 0.0268991080871308 -0.155769242201827 0.245146844256856
0.01110281924382 0.127292577835469 0.509647470470999 0.414866091685658
-0.0608920971262132 0.0492290765081396 0.308244370540049 0.231431386041745
-0.0729827635932536 0.0309552859273374 0.107712196582692 0.18591305063411
-0.0951661374824953 0.0207809084090704 0.0806625046198494 0.0708383571607059
-0.0681748147639243 0.0222879693849401 0.00861223307539288 -0.0712110148326198
-0.0647701137190952 0.0240415163847766 0.00182965039606942 -0.180420000130849
-0.0595823925071565 0.0550400860312373 -0.0128112390045816 -0.281024796445196
-0.0439948229922063 0.110529876397215 -0.0555404726905097 -0.31619181299304
-0.0108838809444985 0.133185184293461 -0.138708877259808 -0.240028128828782
0.0310032837104568 0.147042192788307 -0.206526981799847 -0.102056182677716
0.0451577668785028 0.172776679736161 -0.185672112532382 0.0238311799649351
0.0306697301900133 0.161053432822269 -0.0796358653691478 0.103486210864248
0.0448669153790981 0.131692560505577 0.0218953034662112 0.19818912341476
0.0363864785552424 0.154031842743249 -0.0311424279239022 0.223281498566098
0.0483686824702259 0.186869833546872 -0.156422556008888 0.194360950310582
0.0679740380891769 0.238674982160785 0.52236834752912 0.37702559716192
-0.0315097503975426 0.165698346509152 0.337584927407457 0.209170444086293
-0.0672251018603247 0.127586219104314 0.127664445656472 0.17580575299884
-0.116425129589987 0.120290171448986 0.0895927076641083 0.0631174059648221
-0.086093771204813 0.122432026041115 0.00961381097494223 -0.0857379994486202
-0.0729750778605967 0.119631797541772 -0.00821584181017454 -0.191329117685368
-0.0533402951605264 0.157342235975413 -0.0353706486452923 -0.255956794333077
-0.027193869933015 0.229252026347916 -0.0667159094515789 -0.249095689932851
0.0141336348216401 0.262977692050426 -0.12178811747286 -0.165258182172006
0.0700498716172632 0.281054674508263 -0.173970143622577 -0.0427255782780765
0.102759883091389 0.312116880929792 -0.16659381931818 0.0549378501482679
0.103586749910837 0.292349536190296 -0.0876573642690519 0.0914403204066233
0.13355515603289 0.245452218004574 -0.00570435500340702 0.155527821705196
0.133629456180362 0.284472764930061 -0.0782992363999726 0.151276557341657
0.146802497317782 0.314103233763617 -0.2004129153064 0.101913063013155
0.133031327258758 0.325751053866621 0.515305209135504 0.288890573427764
0.0273374287502268 0.284162561757352 0.362689376434244 0.141790413291618
-0.0219092556106906 0.254270914385237 0.15347780900326 0.121531079092671
-0.0941105204190757 0.256106732452183 0.100408980346927 0.0322315644121626
-0.0721887959463523 0.252278555769676 0.0136089808712259 -0.0971611525106837
-0.0576989472922334 0.231320820171594 -0.0180494564195468 -0.179856576847156
-0.031443020470886 0.252643803690404 -0.0503659997716114 -0.196680005440826
-0.00799926626068209 0.31175121819153 -0.0689727628659381 -0.147960863667208
0.0229321121661729 0.341022086781682 -0.0916276441084364 -0.057747063105251
0.0736676481516789 0.364310372793578 -0.121263254051135 0.0359700579979854
0.110768576771906 0.404445957809249 -0.132484851049796 0.0887852666440819
0.122928889258577 0.383430519319322 -0.097379821342787 0.0681446310200667
0.167715823734909 0.325129073092513 -0.0523127812348213 0.0870991414775314
0.181308083516507 0.37004578884599 -0.147798459232585 0.0532178301489337
0.20821200383691 0.389411062445899 -0.27472447109159 -0.0187642586586575
0.194756647835254 0.364845145890047 0.475575509915102 0.159110815001277
0.109441561717 0.359455491508184 0.351589785686552 0.0257624293364074
0.0704435273639179 0.347683490730982 0.153061284929689 0.0206529840953106
-0.00860218996238381 0.357665846761259 0.0971207252630043 -0.0184063403126843
-0.00913859567010535 0.354818211452618 0.0218656745454163 -0.0911643649959012
-0.00930279682314438 0.317993454459096 -0.016570949712379 -0.12836675421626
0.00423622649639611 0.316191879407935 -0.0504200613979614 -0.100603160539924
0.0105460248331783 0.345810138562718 -0.0641429230269786 -0.027531445098613
0.0197659119589012 0.354723447369181 -0.063174585491337 0.0567392190297305
0.0465609649490282 0.373749870648644 -0.0730099140358026 0.114005432503955
0.0707005435484175 0.413664538052782 -0.100344943592858 0.115471792260306
0.0852781145054487 0.397224957888964 -0.10563366996052 0.0334000469768623
0.143576967613691 0.338816271722559 -0.0994078957416117 0.000345045921701689
0.175030390313454 0.391879190346593 -0.210807702881337 -0.0549727725420094
0.225298637357472 0.399796710447183 -0.353631709248456 -0.145683103652386
0.235308256670477 0.341886145034686 0.397601573262769 0.012703765339118
0.178757843760998 0.350775401430876 0.286306263141863 -0.103722513369149
0.168125301238804 0.346063591872429 0.111109811974336 -0.0889599887861652
0.0944207655996641 0.357002827067872 0.0761860725766637 -0.0642120664707919
0.0760477702750657 0.367143301872388 0.0420580305297453 -0.0654785722860868
0.0544430169654476 0.334878537075395 0.00896833373162568 -0.0464034832737874
0.0421122630216316 0.323520369760422 -0.0282109373050785 0.0180635965224635
0.0259825849629672 0.3274251912237 -0.0524888850407869 0.0972073910017192
0.0169696033005826 0.312681021265322 -0.0456311347804612 0.155402992522035
0.0185424002125853 0.312812318721762 -0.0449880494979255 0.167670670191429
0.0273900237183494 0.335186976094421 -0.0794644307073747 0.122345372400975
0.0335660284907684 0.318665750861122 -0.107642550991624 -0.00466287541362474
0.0982853397421596 0.277014079657422 -0.127465674075585 -0.0838082415710511
0.137839537915806 0.343958210048238 -0.245723790076689 -0.146970930431517
0.213533563007171 0.352251313814187 -0.422184546497622 -0.258577292554905
0.23171658256893 0.257003498536002 0.29461932175984 -0.117032965218319
0.195474029223029 0.262588506978896 0.182784800105011 -0.202102694499151
0.206648450863098 0.253406073531559 0.0446499668692829 -0.167607897261149
0.14951413710361 0.255088592351785 0.0513385018400938 -0.0895476014987846
0.124765692005848 0.280339635460377 0.0766445001811256 -0.0352287188271945
0.0972135667621541 0.26861923198863 0.0584662471699358 0.0370370486857937
0.0666088925940937 0.26339328907411 0.0119437596256272 0.132577774114784
0.0394183196090546 0.258827634690725 -0.0365594220549502 0.206022148749404
0.0223516835406446 0.232179843414421 -0.037074953174135 0.225549687269222
0.0145414317463168 0.217381416661713 -0.0305218957475509 0.188127527449678
0.0159424446972013 0.21689562332562 -0.0622342825355574 0.108825261534377
0.0172900725313588 0.195201740152667 -0.100527279523309 -0.0358105517830541
0.0735510512266962 0.176115692119779 -0.133095598266288 -0.141555266965884
0.103931760847207 0.250314645368258 -0.254512364828131 -0.203324654550542
0.185283689564795 0.25887369104601 -0.473229544810188 -0.339052190658924
0.179408452248096 0.129990057014542 0.195868445378209 -0.206790741124674
0.143281290822738 0.128827189514975 0.0799579769663749 -0.248454648647279
0.166285057393941 0.116339934666848 -0.0161260883450152 -0.203188542431473
0.127631703408968 0.108328398240796 0.0329104377144814 -0.0988949427518573
0.110653995209149 0.135530348691532 0.112569167549773 -0.0190464752303916
0.0947683799816516 0.138868541535646 0.111272977529596 0.090569340425237
0.0670779799796315 0.145274183608604 0.0582004282037799 0.214287564972201
0.0472945134764213 0.150264353415442 -0.016540315228368 0.283909190464843
0.0368599960946717 0.135266374592352 -0.0283050377040752 0.267255447689378
0.0308913905048625 0.126632840781859 -0.0174278744905698 0.187797249300307
0.0325293359383907 0.116866178773148 -0.039089451244274 0.0877994924479086
0.0377275715473807 0.0934323357104813 -0.085675572282421 -0.0542209554754933
0.0770352180800147 0.0898912248195814 -0.12758379177764 -0.168492585299904
0.0874357274755022 0.144424926710376 -0.251632619911312 -0.223501844162534
0.152378959604542 0.140239907714192 -0.506686283149786 -0.382788155567689
-0.0365938552125385 0.00996492308362482 0.504574502256297 0.418521680262149
-0.079629231212117 -0.0482773344040043 0.301207169508245 0.235636315772354
-0.0687398813102864 -0.028373275259822 0.112675790780044 0.184938094515523
-0.068681082205971 -0.0349189859869938 0.0952350511897678 0.0696976767267024
-0.0477415772183613 -0.0419266489169322 0.0248941124800813 -0.0624198472345868
-0.0501553874567278 -0.0485285521515132 0.0224636464195059 -0.168314837743728
-0.0564127468434414 -0.0407840851660836 0.017360494561346 -0.283157210439775
-0.0583227069320597 -0.0223753379903039 -0.0314557080033314 -0.340238224384497
-0.0457211605201159 -0.0206635137189606 -0.124274899376848 -0.271844878864681
-0.0285889989959713 -0.0110326370146487 -0.203369970701839 -0.130676289292584
-0.0360099738931908 0.0146509006882559 -0.182542949221105 0.00303321030863752
-0.064398401076587 0.0172391349618321 -0.0776641846127804 0.109492872508575
-0.0662719364722678 0.00455580553489159 0.0196910374491983 0.219883691930376
-0.0832237324234625 0.000124249580646093 -0.0320884838815899 0.27324847132012
-0.0642826074498573 0.0276801658548257 -0.170096941418895 0.257092078005888
0.010421499853463 0.129825838210304 0.523180390347416 0.422542881345572
-0.0658751995387697 0.0501643468764708 0.316200762193247 0.232834076346164
-0.075775933959592 0.0293107711215419 0.114806966489414 0.192146938112325
-0.0997602286367206 0.021175721996637 0.0892452181727004 0.0742246818508992
-0.0718950894030304 0.0207723451931769 0.0145566742886031 -0.0672807213536932
-0.0691853880407134 0.0227263407803309 0.00827479404190464 -0.178440774271745
-0.0649778835028518 0.0563093186409893 -0.00645016563617397 -0.279929297934494
-0.0484576630965003 0.113402418249546 -0.0501515038527531 -0.318848983162002
-0.0157128662628624 0.138142657402726 -0.135274161817454 -0.243446657209436
0.0280988039014038 0.151473933108621 -0.208222450448215 -0.104697217917901
0.0450926478010149 0.178021619922854 -0.189136484610974 0.02357129358371
0.0313064409738859 0.168552628985057 -0.0837966826224077 0.104239076974717
0.0441143237238333 0.137456231219565 0.0204760860035492 0.200498945473787
0.036877334579128 0.159491914527526 -0.0367221088323879 0.231750704952639
0.0490988778533199 0.192215373599196 -0.170860196890933 0.205351020309705
0.0673548918857055 0.243690342200374 0.539905984202973 0.382233114125501
-0.0378921695609705 0.168777435173746 0.346889098066192 0.211055007591614
-0.072894850585998 0.126677193473506 0.13448029276305 0.180909849699218
-0.124331490774986 0.122597001886181 0.0978352040534332 0.0670682203279118
-0.0932142820243018 0.122350646267914 0.0153257504103077 -0.0830757081653789
-0.0800918478560867 0.118650059081324 -0.00445648115071831 -0.19080841884663
-0.0612918483277813 0.158842077725776 -0.0305197139638775 -0.254464952630516
-0.0323263042568775 0.233111740177153 -0.0638608846602912 -0.251087094583737
0.00840407038899419 0.26970695352026 -0.120135636395229 -0.166336531359288
0.0662468302591718 0.288996514860403 -0.176363263861307 -0.0437594720877708
0.10288253510446 0.322284476909199 -0.170011974817548 0.054403919142749
0.104706084082401 0.303660363124853 -0.0922805354206734 0.0913802291488337
0.132594503144528 0.255113503178336 -0.00794712794425852 0.156019252151614
0.135623330855531 0.293074897132174 -0.084987703565402 0.158603626303876
0.148857704814432 0.323762627698485 -0.216365897217717 0.110268405620978
0.133608066010855 0.332210740301949 0.535440368708245 0.292376220815407
0.0220452399116211 0.290822131392219 0.375247970776733 0.14284952295209
-0.0287559026238402 0.257019821094221 0.159741764132753 0.125930012863904
-0.103214118844746 0.26213129656855 0.108476037115642 0.0350551090986747
-0.0811468594329363 0.256390449097263 0.0182611624806384 -0.0952766024185966
-0.0666305480824482 0.232770909411501 -0.0163805682667915 -0.179929875000536
-0.0391064041544255 0.25440634115352 -0.0486978137041241 -0.196345231335011
-0.0132467698980517 0.315334602417585 -0.0692989778177742 -0.148809121995846
0.0174710917674606 0.34828959320139 -0.0921149426273614 -0.0577005501912286
0.0680941559529809 0.373722403246617 -0.123473056415029 0.0366900554532627
0.107904620323847 0.416518467381996 -0.135882553399417 0.089309265084985
0.122330554016731 0.39704937308188 -0.103801529085522 0.0681301980737321
0.166396380349232 0.33655004459993 -0.0566549126793944 0.0854619681981788
0.183582385551837 0.382394315686543 -0.156180509064054 0.0585675249143574
0.210434468322639 0.400570558578024 -0.291010986632242 -0.0139127507183708
0.197115315867865 0.372882494402615 0.495193277997769 0.158334069471744
0.107078972252116 0.368143725988286 0.365080023794204 0.0230307967458827
0.0656641933010901 0.35339040155479 0.1601484234533 0.0231808144008021
-0.0157495952699467 0.367136722770975 0.104557633512526 -0.0169196398574237
-0.0156199435426245 0.362698084030417 0.024382913738603 -0.0898974506066765
-0.01759835913139 0.322254848578936 -0.016724126650445 -0.128387981470845
-0.00309815636078079 0.31939516419603 -0.0505879246935189 -0.100324812114822
0.00537282638878966 0.349193133099589 -0.0666880659449242 -0.0262269257964159
0.0143410318958706 0.361700441247515 -0.0654503448389529 0.0585914623406763
0.0401333906905336 0.381604751399653 -0.0770254646629023 0.115689584059994
0.0661796127947239 0.424704587026078 -0.104769492047882 0.11684842940746
0.0826858713059046 0.409583757487701 -0.113767663774477 0.0325277258780846
0.140784910347684 0.348757713994547 -0.10580421881697 -0.00275959277033282
0.175603697215796 0.403162278362589 -0.21958872325637 -0.0525935273057561
0.228283710081265 0.411175681563239 -0.371047445608912 -0.143743002687117
0.239530404796259 0.348415508833723 0.417837059218405 0.00693607790989309
0.179455985236111 0.360575522447865 0.299284546096501 -0.110828925146685
0.166433522106698 0.353195017556834 0.116395455768808 -0.0896615585971122
0.089984593532662 0.366718612806243 0.0809428191764631 -0.0633992627058153
0.0717976937420107 0.376287576244642 0.0437720623763252 -0.0635162821923937
0.0488358496320673 0.340837624746083 0.00798067890497765 -0.0453361943759954
0.0372470028897477 0.327509425940583 -0.0309111262978938 0.0188055803936991
0.0231777654237595 0.330368143994781 -0.0585389260898083 0.0990993100687063
0.0116941820519312 0.317247789673383 -0.0509639078384742 0.157861834493887
0.0119720868249939 0.318472215167979 -0.0499036070379745 0.168768931269387
0.0214994941899218 0.342114657249885 -0.0846962542978322 0.123875237643141
0.0291858872042463 0.326616482588153 -0.1166155024629 -0.00590386143934542
0.0932680353279254 0.283331114019266 -0.135446309661458 -0.0876205636872078
0.137955739549004 0.353641060684378 -0.256113712409047 -0.147313053256213
0.214781877098281 0.360682490078061 -0.439684719992863 -0.259480126545277
0.236667644715535 0.260256587683153 0.311817988735017 -0.127547550944213
0.197987699864621 0.270098455629181 0.194194248790395 -0.212478967823474
0.20886327763345 0.257697435759178 0.0474059434386589 -0.170255473266053
0.149000614229987 0.262011732171904 0.0535920488541218 -0.089053878282892
0.124037611276195 0.287269957285931 0.0764418719532681 -0.0327392783923747
0.0945878075998643 0.272935191987632 0.0569104074872326 0.038952970842879
0.0641003469853959 0.266748771478732 0.0091377382213616 0.134382434237417
0.0384626695254529 0.260510553643673 -0.0440524987461553 0.210192742003155
0.0189941944172283 0.234029259585011 -0.0452083446511045 0.227631797182052
0.00957166823102051 0.219208466834 -0.0376422480658611 0.188267857536516
0.0119857567743056 0.218618455913151 -0.0687844269695673 0.108439486672462
0.0129274660740449 0.196875407402176 -0.109577919645053 -0.037308011073462
0.0686485825626028 0.177827160494158 -0.141644644838426 -0.145704102503698
0.103053298327062 0.256160287064239 -0.262996435419654 -0.204104040920844
0.186175878475637 0.263294448036388 -0.488627561003794 -0.342809864816389
0.184469376248577 0.129718714197295 0.210737409087808 -0.218782731621814
0.146181853561348 0.132793666553823 0.0890628236865842 -0.260914016201174
0.169403894350369 0.117740399221943 -0.0150431769573463 -0.206643699294661
0.128492618215559 0.110517611272905 0.0337305733571284 -0.098792984630184
0.112055184057033 0.137892612413814 0.111939844258201 -0.016422264290581
0.0942830470717055 0.140207892880896 0.111141743926957 0.0936148212468999
0.0668677528603146 0.146200720660024 0.0546777068824336 0.217145781028053
0.0482577995943816 0.151050165752498 -0.0243146107196991 0.289407243317367
0.0367033277384321 0.135905363161519 -0.0375094277239717 0.268659972222373
0.0298648290885332 0.126767346199624 -0.0247431189570132 0.185802911581702
0.0320370252865952 0.11603090263441 -0.0458542105443854 0.0852080463745209
0.0361131832779483 0.0919205661182439 -0.095431093886983 -0.0558638038111084
0.0751868405605432 0.0884386868270561 -0.136706656903158 -0.172161477395873
0.0877466454757406 0.147267201605942 -0.259069176337454 -0.223573237821089
0.154231699079844 0.141138595748562 -0.523795648086329 -0.385993135981938
-0.0373910943014449 0.0108395951245157 0.537245508153826 0.420827522984588
-0.0848802168468909 -0.0477028184187091 0.319752242684541 0.234007050034148
-0.0699964697201526 -0.0284514405769673 0.125979864623018 0.189873930223111
-0.0716065732362289 -0.0329835238952234 0.107051453549273 0.071246526392699
-0.050617784897375 -0.0431968337756832 0.030762696067919 -0.0612606864776299
-0.053286866433461 -0.0493748220510378 0.0270234326558498 -0.170053336994627
-0.0608308884207394 -0.0388326822761544 0.0196585779017797 -0.2874204907537
-0.0624087137847548 -0.0192810193032611 -0.0315600682063968 -0.348667501436891
-0.050674875303438 -0.0173544553756515 -0.128783661900084 -0.277878934698971
-0.0312657825982977 -0.00902544349791856 -0.211428723884814 -0.131345441931341
-0.0368141283754366 0.0173306814824272 -0.189713119356765 0.00653757057856911
-0.0654020725079833 0.0227118367061091 -0.0787969585525901 0.113651181029483
-0.0691421324350735 0.00848875779555128 0.0233262403945776 0.227739470199208
-0.0864366747301115 0.00388072451507302 -0.0315250501927199 0.289045384943772
-0.0655350727086069 0.0306021978895698 -0.182058238275483 0.279278663980803
0.0121569186056316 0.134602887692626 0.559800035112244 0.424150221252849
-0.0714791350254232 0.0533446283942076 0.335402870999948 0.230987162305372
-0.0803388033821188 0.0295107118368997 0.127750213177328 0.197035413973244
-0.105589723848992 0.0249130857925112 0.10070817805695 0.0764764079890797
-0.0774331955693408 0.021177653244456 0.0198977642051039 -0.0661755865430766
-0.0748495906710817 0.0227858389055948 0.0110405303875935 -0.180670806364952
-0.070219466744463 0.0604071417408088 -0.00534275039459732 -0.284217691991299
-0.0513815503546935 0.12034385747171 -0.0528923133973102 -0.325750405749623
-0.0175339178921969 0.146466778453682 -0.140097003312431 -0.247788481638043
0.029300009529889 0.158831281232825 -0.216686161991864 -0.104165668301901
0.0500893102210629 0.186555425849993 -0.196059768859192 0.02783231675077
0.036279645184061 0.178076608782806 -0.0867029851973011 0.107776686456667
0.0473951793032654 0.145610132379011 0.024018893070936 0.205962483437752
0.0416259143448624 0.166803007668626 -0.0381880317338265 0.246632431644711
0.055207952884689 0.200605055271141 -0.183770355123182 0.22490267044393
0.0728962999926054 0.251038008474798 0.574812822178157 0.381962967102307
-0.0411114889693435 0.176878259310103 0.367735038958202 0.207891009369209
-0.0782966923550831 0.12949125002764 0.14824850263744 0.18693699759906
-0.131632394467671 0.129355146754498 0.109801808735574 0.0690853671644165
-0.099846223984086 0.12680231503662 0.0203634662820819 -0.0826966024655697
-0.087031852316258 0.122086772826749 -0.00428222508001312 -0.194003602756872
-0.0664710123649766 0.16481809250331 -0.0311427055235019 -0.258887959028301
-0.0323104785018282 0.241498956724442 -0.0677076947361797 -0.256069422792234
0.00917518709764035 0.282107029754959 -0.12427922213093 -0.167957384404638
0.0701791636270408 0.301326908316847 -0.182287278137754 -0.0416441829982189
0.111991447627896 0.334759524471269 -0.175042182310449 0.0600853629487548
0.115073390516211 0.318122880896989 -0.0974667014814073 0.0962170214274413
0.141132128934668 0.266822518545455 -0.00775272275297005 0.158846744301407
0.14718843547913 0.304917191795976 -0.0895459972684614 0.170867357235574
0.160410720245642 0.335453895586747 -0.232669950746435 0.126755816130112
0.143537677995035 0.341927821330014 0.571754544346525 0.286190657575216
0.0229499560276187 0.302976927378732 0.396298586396955 0.136034882991215
-0.0310803186768114 0.265160266581289 0.173741694800797 0.129746396178315
-0.1081328556137 0.275793640070621 0.120227391201156 0.0358679033570376
-0.0859771233804117 0.267475584599505 0.0211143823761501 -0.0965950574401568
-0.0716061822242653 0.240533420262951 -0.0183260560706307 -0.183219378870243
-0.0435349834522525 0.263162799054754 -0.0512782333154385 -0.199143841390943
-0.0116791318532422 0.325598010716755 -0.0736502641216287 -0.150730490095269
0.0196196924177491 0.362505322006921 -0.0946109725035699 -0.0561118418845393
0.0726413123925005 0.389058154780338 -0.126939668600231 0.0406246353612279
0.116824407509074 0.433695699274451 -0.13960515561733 0.0958236701682434
0.133735840878706 0.416067529172458 -0.111161432973003 0.0709837009524391
0.17599522705591 0.351125818853866 -0.0606045377671017 0.0867931117324
0.197417073009905 0.396047814186207 -0.165587149472949 0.0685898040574439
0.225749323316661 0.413445877442648 -0.312613987296752 -0.000439341118328762
0.21138612084773 0.381648174035058 0.528083383878863 0.14589313752013
0.115447589042119 0.383625335918341 0.385589086110021 0.0108689536154743
0.0692514022387505 0.365267207039842 0.170530454392623 0.0225240169278988
-0.0155801070732253 0.385254981247274 0.113250915569945 -0.0181117668535852
-0.0162346567540859 0.378015161885938 0.025605642304816 -0.0907201419728688
-0.0193877451584173 0.333453224420633 -0.0200643624224634 -0.130645177246354
-0.00433460570459272 0.328589659891834 -0.054565675724887 -0.101572130040905
0.00978799920535915 0.358748388493318 -0.0719791938687503 -0.0248733585705638
0.0166505379959449 0.374857780269185 -0.0679538099575367 0.0634100461381581
0.0422876202259261 0.397241960591259 -0.0790835795593239 0.121489472968163
0.0733617476109186 0.441676584020733 -0.107776019708651 0.123144913213936
0.0912928798184479 0.427384513855487 -0.124052533582893 0.0352298726000606
0.147045388502412 0.363299613550354 -0.114801877827046 -0.00283185756130048
0.189959540623205 0.417922562700505 -0.234347391642104 -0.0454505334343007
0.242302541400068 0.423746413971382 -0.398333173699162 -0.135055080131398
0.254893178541583 0.355607481606787 0.4434086946491 -0.0108562792033971
0.192565156258064 0.373800852915296 0.314678087511948 -0.128560027594954
0.176098574092342 0.362543440382074 0.122649440188611 -0.0943792543998323
0.0972287909025344 0.382037003143174 0.0867257044548505 -0.0665680441934202
0.0779448434608057 0.391137367970309 0.0438090835954065 -0.0645017503687551
0.0513971228668472 0.352138100009643 0.00542867975914382 -0.0455088511085947
0.039444175320808 0.336697052194126 -0.0335796523404027 0.0198760155405658
0.0275333630042522 0.337451279005352 -0.0630896364801601 0.104780317711543
0.0138074416153424 0.327981097484158 -0.0538642592910994 0.165516488734581
0.0128125781870394 0.329497129573502 -0.0524753379425148 0.174758498303698
0.0244586868458814 0.354113475119982 -0.0892334752537739 0.129230137367446
0.032431350044646 0.33949329860207 -0.128560881344992 -0.00414499502652092
0.0961932566543957 0.293983788743995 -0.148667540134661 -0.0891068230833564
0.147978240124269 0.366370560117756 -0.273140938789617 -0.143180880885395
0.227914584905892 0.369959471174213 -0.471044170033109 -0.254510328242672
0.251213935927763 0.263833708286827 0.33137302945252 -0.148890452768535
0.211560778789062 0.278531059164052 0.203699054848496 -0.233530262967713
0.220047361265257 0.262627977495233 0.04778622030254 -0.176503964937483
0.156863280653049 0.270339226094194 0.055867959445948 -0.0918499422978268
0.132624230471807 0.296562361083688 0.077587403302882 -0.0326055403295202
0.0994180987931467 0.28053814492742 0.0575085456200649 0.0406150825997139
0.0678049567624993 0.274103024015858 0.00825705587557233 0.138146511950511
0.0433494597895324 0.266241952154245 -0.047788404759267 0.218556792292792
0.0219033053156471 0.240806864950035 -0.0486531433651366 0.235646959425457
0.0102632053500213 0.225019105181917 -0.0415645055146877 0.192219080564118
0.0135392231862678 0.223900803349179 -0.0753024891861667 0.111178692769864
0.0128620351047123 0.202504028143973 -0.121772034186372 -0.0365276959799294
0.0688383001219165 0.181327960556404 -0.15667900302708 -0.148114490554717
0.110149520002419 0.263980408946617 -0.279845414287387 -0.201050233221658
0.195927379238438 0.267524607046458 -0.522213703662157 -0.338664320662377
0.195162039694984 0.127631379115101 0.223218548615768 -0.242136767397907
0.154680973232738 0.134464692664539 0.0928906935838956 -0.279979634100699
0.177657694197237 0.116126758364091 -0.0176027070028159 -0.213254876109511
0.133911969717132 0.112107249653732 0.033864603076704 -0.101005779206036
0.118042836643859 0.140366331548592 0.113471244429721 -0.0161731103241943
0.0983331094293047 0.142474009920229 0.114869225698594 0.0961001662529302
0.070067872133682 0.148589894569736 0.0565639174154861 0.222662750273121
0.0535556464144709 0.152380036929174 -0.0268049663977054 0.300355839682515
0.0399247564306718 0.137492192343619 -0.0410348575577911 0.276229279057684
0.0320239266489938 0.128477369830618 -0.0296176777636807 0.187634063294302
0.0342014160903399 0.116653537637758 -0.0526563592400053 0.0858842017028805
0.0367066631164859 0.0911017968130242 -0.107151026603836 -0.0560707233788973
0.0768850497538935 0.0870243896120534 -0.152399735961761 -0.175239922613087
0.0934213696936397 0.150360947470682 -0.275450306160411 -0.221034103954441
0.161832251508221 0.140399559960466 -0.555756622309491 -0.384157456489937
-0.0375517639141841 0.0137492105500794 0.580735250771544 0.404054680643105
-0.0925634843547719 -0.0433772193273253 0.343596602349665 0.218927153862416
-0.0727397285307483 -0.0254402543516799 0.145351483086295 0.188916300876008
-0.0749706169213801 -0.0275993118130334 0.120973045094146 0.0684362564946697
-0.0546808028859655 -0.0420349362279982 0.0354541167251701 -0.0606155013536922
-0.0581196223834922 -0.0486180713587144 0.0270265164782871 -0.172532630439183
-0.0655428428609218 -0.0348030136970242 0.0151084383970915 -0.292811112770162
-0.0673238546097442 -0.012406670800875 -0.04433978308338 -0.354721108477185
-0.0553016744400558 -0.0119614308850124 -0.141051106049842 -0.278650028881708
-0.0342754422192545 -0.00573048356140356 -0.223772346166444 -0.125406216751166
-0.0359615073123778 0.0211707921268834 -0.19531964575582 0.016317930902205
-0.0650079642107303 0.0310806234949002 -0.0769445565175754 0.11885123428955
-0.0707241722218869 0.0152053370706884 0.0343660616586053 0.23391172097867
-0.0889297297560594 0.00947484406595712 -0.0216734464945344 0.305477398140177
-0.0654401456756303 0.0359614725392001 -0.182033675996447 0.307212501870297
0.0176488651818482 0.138229246191568 0.605185346563302 0.404855222327519
-0.0749365382308831 0.0606833187754298 0.360740970852847 0.21560561618812
-0.0835254699793109 0.0323902554654687 0.147480170660378 0.196724862283965
-0.11009140782813 0.0314691996577467 0.114729034379747 0.074955915659285
-0.0822803314103676 0.0236664733949397 0.0233572261601183 -0.0661845809894174
-0.0798142054098237 0.0260427477386025 0.0091410009890796 -0.182872055699598
-0.0731477588591179 0.0664759453082438 -0.0115345692302237 -0.286610688848784
-0.0488331701317662 0.129248414515784 -0.0647244556461187 -0.330576364537054
-0.0146799425267692 0.155940235678012 -0.151961086632029 -0.247649147325586
0.0350067718783452 0.16489672541604 -0.226945910959953 -0.0957144039044716
0.0606293030839741 0.192235438449248 -0.200415488545872 0.0383807800269614
0.0476280683060182 0.187402012085968 -0.085045657582512 0.11479935915105
0.0558746768758423 0.151159975180938 0.0330326689519327 0.209443224589476
0.0517688208506602 0.173222232586667 -0.0284336296168168 0.261518844857935
0.0670798766898656 0.20614677098074 -0.18707851489589 0.252185066905905
0.0859931301802083 0.256463608768796 0.620570435552359 0.359295364532031
-0.0393641531386475 0.186573091483601 0.392722729394459 0.18991989339674
-0.07962208534228 0.135317642490077 0.168020906589317 0.186729602406868
-0.134632541442411 0.141413555415491 0.124439103276361 0.0660610630499155
-0.102149072538021 0.135467376568686 0.0220746227993128 -0.0841611090215612
-0.0906954904350202 0.12831261024662 -0.00947769351146283 -0.195428555165679
-0.0673302476882541 0.171996993310487 -0.0397802885010065 -0.260738172761829
-0.0254791073784541 0.250167116896664 -0.0787923389910136 -0.25787989247762
0.0191513809960669 0.294577281740051 -0.131712290180403 -0.166437995324309
0.0836235579060326 0.310725876209045 -0.188663852975002 -0.0320293413010982
0.131470962634201 0.343987606436382 -0.177260372196494 0.0713449485404842
0.135409062346445 0.328399048757587 -0.0997945850295709 0.102541446569705
0.15784679230927 0.27225109978961 -0.00247839231719716 0.16383387144021
0.167708557128342 0.310161522768637 -0.0868608336095836 0.186538163339676
0.181692468695841 0.340613117326052 -0.243993979561935 0.153039086854536
0.164310826419062 0.34569743556749 0.612853889697371 0.258227282243813
0.0344483704884862 0.315320481540944 0.42063966627667 0.115110809873664
-0.0262464200192771 0.274447048880767 0.191490068468127 0.125936145502974
-0.104607694794469 0.292590218634283 0.132820730820814 0.0308191913330579
-0.0815216374199256 0.280729225019755 0.0222976642264086 -0.0986952828454696
-0.0705140495425153 0.250816108951732 -0.0260417882420754 -0.186055636841196
-0.0390751122661976 0.270973607347048 -0.0595526593985546 -0.200728900990737
-0.000762040700747704 0.3333207392259 -0.0830700017476048 -0.149827027753573
0.0328245954346433 0.37523502712385 -0.0976878118525965 -0.0517613748052362
0.0892004942566583 0.401428884444805 -0.12853716644425 0.0495388341658333
0.140291143188332 0.445750074571653 -0.1395734836062 0.105239117825145
0.158805448973921 0.428180486642163 -0.116367117508984 0.0789713442521254
0.196407355651297 0.35894939529918 -0.0624440015425018 0.0901191748540159
0.224602402036602 0.40256791166871 -0.170734856576062 0.0840101103907153
0.252681729832253 0.418374007336153 -0.332719634923903 0.0245543441294553
0.236746765898343 0.384499632325736 0.56312216409575 0.113671912696967
0.135405752704045 0.393763850833029 0.404538480052938 -0.0146157001568741
0.0835086649361289 0.373398344715696 0.182157560529105 0.0157166624087262
-0.00234995655630469 0.402269469012124 0.122179962675045 -0.0240569394303444
-0.0030185491648745 0.394165106924888 0.0238307401320851 -0.0933996821507704
-0.0101837220500205 0.344335582000495 -0.0276290387984587 -0.132370343327545
0.00503365136504746 0.337675552607602 -0.0616353498251029 -0.101642757567206
0.0229777109029512 0.36568749928391 -0.0765991599681569 -0.0199556236632288
0.0312069637439644 0.386163440087628 -0.067054759802455 0.0704251813641085
0.0580813654184788 0.409913460253572 -0.0772727434216711 0.129941295773037
0.0932705541097794 0.456390584213023 -0.10682983440143 0.133649357089234
0.112293297408633 0.442025480075846 -0.132563122558653 0.042542417011851
0.166508505407069 0.37356224414881 -0.124252770227971 0.00048185240578145
0.216062834642911 0.425304544207887 -0.247935481417503 -0.0301777240502936
0.271042292809264 0.428520943967809 -0.426391564886505 -0.111003091268721
0.281149064917616 0.353433690957224 0.467618239139838 -0.0452197984028916
0.216743719557726 0.378888578206622 0.324178718847438 -0.157704689504028
0.196185490103785 0.365476962198726 0.124735831944556 -0.102850432242034
0.115629923799903 0.39366130174602 0.090558837519064 -0.0719802815898374
0.0966867847826364 0.402684695570982 0.0426150799948524 -0.0669774189655326
0.0647906218899115 0.360983185460691 0.00162028154269344 -0.0458123432854251
0.0511486544921393 0.344515926996754 -0.0360846338315592 0.021842426444646
0.0420078895078974 0.343159959342412 -0.0641051377875617 0.11232348905982
0.0266870835709207 0.336745392121992 -0.0508914727505125 0.173466866430354
0.0235080309750981 0.339534673567581 -0.0499750433637684 0.183029202420153
0.0378655024654864 0.365040005042529 -0.0902346851202443 0.138608818494248
0.045182390448583 0.351263455068133 -0.139661868747136 0.0033946589706894
0.108470278859648 0.300935911408541 -0.164608664372457 -0.085768525310957
0.169821632670473 0.372247547455078 -0.291772375868481 -0.128487713461831
0.250524106072284 0.369716901185206 -0.508334990352409 -0.230904422093274
0.273293278022079 0.256973708653893 0.343471520588198 -0.181933902737366
0.232378229922935 0.277847488084812 0.203179733512307 -0.259634979209934
0.23816549656584 0.258838643900183 0.0429155384582285 -0.184393688842268
0.172301990695002 0.274413457390271 0.0550501952296328 -0.096752115094175
0.150181428436569 0.300678528610345 0.0772734617123522 -0.0347695897882174
0.112919521296179 0.285068769817409 0.0592266518593521 0.0404965524568566
0.0801468400150005 0.27698519684996 0.0105497486278871 0.140525146318202
0.0561748402547974 0.268893467551277 -0.0455717354529469 0.229086216810214
0.0312799994098466 0.2451374704987 -0.0454015790141525 0.24547635184335
0.0173508696984629 0.230539121058938 -0.0399609780276225 0.198070267772461
0.020511585959461 0.229297878601955 -0.0771042377993554 0.118389707046118
0.0184047901029942 0.206547092251782 -0.135557548948103 -0.0306393093948391
0.0741511876530589 0.18317320839855 -0.175854157553287 -0.144846599143528
0.125656796446318 0.267286166120653 -0.301283379973681 -0.186937205659111
0.213278445847746 0.265655913541037 -0.565274031819061 -0.316074593882027
0.207842728715422 0.118336989266451 0.226035932822514 -0.271884775465011
0.167767416718416 0.13061287316058 0.08773803397749 -0.30327509206464
0.188552341136888 0.109283210736197 -0.0273968297909919 -0.218777400125081
0.142091218367796 0.109178656385824 0.0314215880510988 -0.10337100618581
0.129018129376217 0.138129126082048 0.115332450988742 -0.0189588509165944
0.106708139501753 0.140914836110198 0.121505777710872 0.0938250640189127
0.0781831432294966 0.148815910831967 0.0643753146201635 0.225018599040965
0.0630192297277907 0.15215234941188 -0.0193887483446667 0.310859543038106
0.0474990988822138 0.137699973838664 -0.0364410593331014 0.285672690302978
0.0372697459057346 0.128814834069158 -0.0297730150936763 0.190815775137034
0.0385982825586829 0.115301806747884 -0.0567532896531538 0.0879778371723076
0.0383342459445743 0.0895047418880236 -0.120404460248182 -0.0514701104202994
0.0796031709874291 0.0838139868453338 -0.173447796160422 -0.170705831801218
0.104624889398211 0.149489704620194 -0.296682135839107 -0.208168808271199
0.173001232632175 0.133535211430492 -0.600842767835909 -0.3593160691023
-0.0409708374835612 -0.0125587648391458 0.363608697849133 0.62793356525576
-0.0703695169548163 -0.0849604024246989 0.225490320880888 0.348194184251846
-0.0542735727063144 -0.0591253811450884 0.0555691413636543 0.239184222195113
-0.0556307809430913 -0.0586887512883493 0.0868746758495147 0.119295857056549
-0.0330744165383142 -0.063476174350686 0.0611964889628876 -0.0322112732578503
-0.0345196396361306 -0.0711833194850921 0.105881914985561 -0.136641969510598
-0.0477764542637701 -0.0610239908371572 0.146782870141265 -0.249826560087063
-0.0594173648848169 -0.0395157932842563 0.117376934420515 -0.334597477395122
-0.0524339386777368 -0.0315264699660713 -0.00363447444747236 -0.309076240735684
-0.0330503806749132 -0.0180705529090772 -0.14789393229666 -0.206894915545466
-0.0433562671487748 0.00736743637686694 -0.185342493406842 -0.069801564257927
-0.0723622238546673 0.00444148334930127 -0.124621128792719 0.0709656778003096
-0.0723129904400406 -0.0130558694974017 -0.0747890026547587 0.226247569046791
-0.0865969799192424 -0.0242913163718193 -0.163433744817826 0.272003050318835
-0.0749445840965965 0.00654885195366477 -0.325286670840892 0.198957378414975
-0.0458433663718924 0.125526766687825 0.389067712078908 0.637325780704557
-0.103264349218615 0.0166196091521054 0.243175731762979 0.350784522173837
-0.0935038856873396 -0.0131490135034372 0.0556986848958408 0.247166724589827
-0.116556355580027 -0.022066792024525 0.0810117696880958 0.123731001098563
-0.0895148855043518 -0.0168160306447784 0.054556322101574 -0.041128515596087
-0.0893010370127016 -0.0143915489244259 0.0938496146611212 -0.152822765263392
-0.100927868196045 0.024042739910765 0.121898358306283 -0.255840034505927
-0.106382558854755 0.0961769946900395 0.0877518482517471 -0.321046640491787
-0.0875153362409218 0.137643558208926 -0.0285241771687045 -0.285579189071706
-0.0429337146920791 0.166676629965854 -0.164735265059944 -0.179841442023342
-0.0286191527141082 0.206055202999799 -0.202347914818081 -0.0468873387519672
-0.0387215418677017 0.195895773154101 -0.131281690314764 0.0693059712696759
-0.0180868368300119 0.167534726095384 -0.0660563939352034 0.206688655613014
-0.0289633034327891 0.186261276251851 -0.154319435923384 0.229367674852872
-0.0271019945534664 0.220859693761811 -0.304872409384539 0.145145869536712
-0.0376646832503397 0.263827334643041 0.428466508610416 0.598845805223298
-0.125267328327297 0.148068680611817 0.285393973554196 0.33862903109081
-0.138492256892106 0.0806658383286552 0.0825481604536362 0.245776867941183
-0.187193246437111 0.0660388510369248 0.095878817725547 0.121522585964766
-0.158454548722265 0.0742613299615826 0.066179590893707 -0.0555790947889977
-0.145605051230601 0.0737438033528461 0.085609453891837 -0.174638440725759
-0.143649460605169 0.123426511478139 0.0847393311769559 -0.247216050307152
-0.139213672506866 0.217671131390572 0.043878388970909 -0.259658064383809
-0.115501655470888 0.278176990093822 -0.0473429962407936 -0.20327305954089
-0.0617877498633805 0.321055544642417 -0.158203179041849 -0.104766816384281
-0.0307354083857201 0.375474843038081 -0.198833834220461 -0.00273505292568223
-0.0203299147827898 0.361300029052037 -0.141862380930731 0.0567984936395527
0.0197997264194808 0.324138339098551 -0.0821811153562422 0.149546155642376
0.0160447383799507 0.360753461363118 -0.177738075108734 0.134666056484578
0.0182395498739529 0.391603001827659 -0.31235189650144 0.0289213852719226
-0.00766162678930616 0.382049871216839 0.472672857563757 0.499518532008782
-0.115542882966858 0.299968680049077 0.346170704517396 0.276638665859485
-0.15187892406906 0.233468696928418 0.132518778986463 0.198767928176507
-0.228029997330575 0.217772212702446 0.123656278474809 0.0924604455217128
-0.205767841683416 0.218157509487066 0.0785183211413881 -0.0711272574106888
-0.182167599418226 0.193910090573323 0.0670209272863684 -0.174948461025529
-0.163618768483827 0.225732822459824 0.0395972743839542 -0.203584777147054
-0.152608692288093 0.303485993136552 -0.0077563183981208 -0.165671871416581
-0.137099569920703 0.357172492000916 -0.0661996238028753 -0.0862531765364382
-0.0941045947066418 0.406814991077084 -0.141904971439368 -0.005968193875225
-0.0660585111195752 0.473369626814491 -0.182219560075318 0.0454915663280057
-0.0444729166432015 0.462835644732862 -0.150634475642937 0.0310841812266424
0.0143498582094631 0.419061209880913 -0.107346746870072 0.0579503119290488
0.02576925141989 0.467031689753504 -0.212137897422118 0.00354007441695571
0.0473575208609625 0.492637146208437 -0.335310900409334 -0.131495293440481
0.0405933600921499 0.449256308752202 0.491899407587028 0.342438676839057
-0.0571054872569924 0.419664970506074 0.387741625189273 0.147085148881341
-0.0944452897348637 0.375691154195504 0.173551270463787 0.0880523053088126
-0.184681908708622 0.363757248663872 0.140482202385821 0.0339185131559942
-0.183201261973398 0.356940722719552 0.0832144173536875 -0.069212650990743
-0.169011943554883 0.307111931136611 0.0427432258075276 -0.130945065433566
-0.150461402677994 0.306988676565215 -0.00675510809603652 -0.117204150383105
-0.14401462775841 0.342188308640135 -0.0615391886646221 -0.048114186851708
-0.143529630927307 0.365439313174714 -0.0938303154078606 0.0348744479353681
-0.127308624910415 0.400534134327579 -0.131258945814981 0.0868139859445708
-0.114354223607936 0.46143112588598 -0.168298913176979 0.0829552896898026
-0.0947835005956418 0.452512653836406 -0.152537023964898 -0.0099104795914771
-0.0223714344997485 0.415935834308138 -0.125617359693508 -0.0515784121245001
0.0058728670149171 0.482590841475419 -0.231327299750852 -0.136121701699153
0.0583287687982962 0.507668797256009 -0.356341137395646 -0.299326434298617
0.0959361759910173 0.442501367199546 0.472884187482915 0.150789583513057
0.0265536642922446 0.44456516390865 0.376990881301271 -0.0203195327709892
0.0130641569500497 0.420642518891398 0.170122511587726 -0.0488991883231818
-0.072818687126113 0.408344803663279 0.130004074498513 -0.028315753982812
-0.0946037436291734 0.408224324144855 0.0875067144502718 -0.0423366886083893
-0.104858877494558 0.355984679160972 0.030366285196558 -0.0435096535150856
-0.108091184201885 0.335496699104908 -0.0403457113580083 0.00270933175752552
-0.115493171824489 0.331145800955396 -0.107888501806073 0.0766840565528456
-0.122734917043619 0.315799108868632 -0.125658786693963 0.134417220089705
-0.126688469998588 0.319910354314858 -0.131551046568934 0.143504624700737
-0.125827563891252 0.350914079069668 -0.153875200405208 0.0921576187486721
-0.116729402109812 0.337708449706908 -0.141493656690048 -0.0517265474839999
-0.0433441173787096 0.321344757816862 -0.123900740946815 -0.148468902745456
-0.0135791325584388 0.411467405867538 -0.224348375139828 -0.247742769072301
0.0649615145199413 0.446949362530375 -0.371714623299109 -0.445958463476237
0.131887720703553 0.353279613428494 0.414962919609616 -0.0317844445927284
0.0874698187746503 0.360141408430297 0.307825843692189 -0.166730575073534
0.101658586021135 0.341817672456498 0.125217098838475 -0.158994779085984
0.0343098683425839 0.323609458375584 0.103615550632958 -0.0674265537176573
0.000639961373751232 0.337725693856673 0.100451096207508 -0.0013437406082214
-0.0246279680665832 0.305974250433075 0.0412582913569039 0.0586217327797205
-0.0505639782226061 0.288410863931559 -0.0528381910054863 0.128781004416872
-0.0667835413744389 0.268568645329091 -0.142997479934838 0.1882013117468
-0.0769372342295232 0.233456409631586 -0.151115905442547 0.200284235422698
-0.0841747432943169 0.217733330641502 -0.128526120554761 0.159162050108291
-0.0822926591239858 0.216618495239456 -0.131817580535389 0.0737694523972877
-0.0793341195990937 0.192088384042047 -0.120595760989657 -0.0847173157870152
-0.0205952439023762 0.194624544797986 -0.107232660131886 -0.207964617151468
-0.00787181226380123 0.293418902793389 -0.202602082766425 -0.304160521045439
0.0756272908678205 0.331796696512911 -0.380695740051374 -0.549365850427255
0.134577162267389 0.196440216399268 0.343905039880439 -0.165114877617564
0.0924748130468173 0.195802788543024 0.218806274360493 -0.253982967496747
0.122908013274106 0.183282887835258 0.0724978627047725 -0.217741007104178
0.0780766215327301 0.161170442712745 0.0774774795470496 -0.0826435834361599
0.0548634095845738 0.180268596748952 0.119840980743403 0.0301720596084565
0.0335454938683893 0.172331165101948 0.0709390595437187 0.135244582860458
0.00670744765183614 0.168948190808039 -0.0420694511052703 0.227264845978218
-0.00817019158366707 0.165395407393934 -0.156168966885063 0.271876421603433
-0.0149294356199992 0.143361894834502 -0.162003998515401 0.237456331228929
-0.019765432650055 0.132262116599525 -0.11453893895125 0.154384716241928
-0.0146268447336184 0.119516437539925 -0.0975269789503209 0.0535189329891673
-0.00709523102766556 0.0932645283101254 -0.0949903328136204 -0.0982082398707534
0.0312307638300015 0.105612597998492 -0.0912961895591824 -0.23100161952021
0.0249428692229967 0.176475493971573 -0.184771115882357 -0.319353043142153
0.0975401117906856 0.193899804298632 -0.387805509533386 -0.603764817311428
-0.0406437322053689 -0.00928086021563126 0.401149656356425 0.592921891471932
-0.0765336050016202 -0.0772767144057079 0.244514020807012 0.324858628472231
-0.0564130557341067 -0.0554242962889472 0.0741039128170952 0.234276753576423
-0.0581537166955151 -0.0524907732775795 0.0990821822999162 0.115356403422726
-0.036666322976347 -0.0608710206710112 0.0625171498099049 -0.02985382906629
-0.0387231049531219 -0.067823554986542 0.101944758465468 -0.134136480943077
-0.0521061675257052 -0.0561560137042055 0.136679735825393 -0.247543315476055
-0.0626698029560203 -0.0322969734685305 0.101567394092282 -0.331723190681479
-0.0569770146765913 -0.0248767679045625 -0.0165293149181122 -0.301332998727544
-0.035527321704564 -0.0147653232549307 -0.15617857474767 -0.193416021104187
-0.0422327949184798 0.01118948674584 -0.186159322048617 -0.0584726614811918
-0.0705572119588349 0.0131433126240434 -0.119418955677534 0.075713476241547
-0.0719805564500418 -0.00602864406150678 -0.0614565821165835 0.226814216048063
-0.0870829607925136 -0.0167670301004486 -0.149032199054007 0.279684376955898
-0.0743115576374835 0.0119316741218298 -0.320145809886201 0.221955146968949
-0.0386935660411718 0.126693729594974 0.426850851572072 0.60095350102758
-0.104420209875085 0.0232810188462348 0.261919780507274 0.325677555463735
-0.0952666209357008 -0.0111869425897269 0.0740133796528454 0.241965121238327
-0.117555552241016 -0.0151519265283285 0.0930821365178959 0.119698377412453
-0.0913683410990371 -0.0132573480001945 0.0564443657395888 -0.0386716887850271
-0.0928911250697517 -0.0122140221027394 0.0878431256369479 -0.15070145274803
-0.10278799022916 0.0288209908999479 0.111592393770619 -0.25307826722848
-0.102927868408641 0.10123778985055 0.0736114315397344 -0.315980825170372
-0.0820119145752537 0.144289764540119 -0.0396349290803274 -0.276118675354937
-0.0366243848712024 0.16881754405493 -0.171657312414021 -0.164217346814248
-0.0175389485286713 0.207536450279718 -0.201582381493486 -0.0342444785138086
-0.0271076846247324 0.19983431623827 -0.128315472652446 0.073917587170703
-0.00901309762090505 0.170056405633727 -0.0547019007596241 0.205714805104417
-0.018473268577301 0.186317748274802 -0.142467535557864 0.238499431810179
-0.015647961346207 0.221017946380098 -0.305024526218521 0.168770834349128
-0.0239532219744985 0.26174191348458 0.468198460989157 0.56163597036865
-0.120618802509953 0.154477536939522 0.306237029231045 0.313058295679894
-0.137130863655324 0.0834974312232773 0.101542640413551 0.239919126012986
-0.18651882748339 0.0750047447538902 0.108850131199257 0.116824279502606
-0.157235342234545 0.0799372481791259 0.0664425269295566 -0.0544162029527533
-0.146319145282037 0.0766854076276161 0.076710285732536 -0.172277392338255
-0.141180080965106 0.126944893936565 0.0735591512619051 -0.24285099516789
-0.127828845027423 0.219788786712339 0.0310991558970616 -0.255798895098496
-0.102552993919252 0.282329880939246 -0.0536588049573147 -0.194668720519851
-0.04761831780186 0.322266580917424 -0.160640785867877 -0.0912731485716705
-0.00994480393429502 0.375215839994033 -0.194682100851361 0.00854422301632947
-0.000615283336570405 0.362315286411217 -0.140325594624853 0.0638002604621931
0.0363032260439145 0.323616182550131 -0.0736514708394389 0.148860867630173
0.0351346587983368 0.356430633953229 -0.171137105643996 0.147423621432236
0.0397890995998227 0.388976500521918 -0.317470405053248 0.0525563031703988
0.0131787152263615 0.377407450983709 0.506090293578873 0.461907676679928
-0.100727767634822 0.304278336927847 0.364592317030553 0.248888537507307
-0.143188246144588 0.234934197171329 0.148459750737274 0.189985346847856
-0.218845537042903 0.22780660198612 0.134943602541934 0.0865568531821582
-0.196516275107924 0.224796126199918 0.0773098355741207 -0.0716773028318176
-0.176207759536854 0.198880251526402 0.0574388793558285 -0.172998733766399
-0.154246533068328 0.228256783882151 0.0290786193603608 -0.200129239006726
-0.136998786528146 0.303742288078942 -0.016828862845979 -0.159553544645183
-0.118642957391193 0.360340620863632 -0.0687658179571105 -0.0796438521302642
-0.0773070718522177 0.406701037758972 -0.139310575525038 0.00488261563450107
-0.0413453997495558 0.474346719663324 -0.177583287133522 0.0564020820107563
-0.019727906696531 0.463414693896728 -0.152202024840173 0.0380610492377651
0.0352172459220004 0.417435944918442 -0.105415093609784 0.0599390824475708
0.0494810186249932 0.461657441279446 -0.212349796174076 0.0206328740106397
0.0735060119027147 0.485932502096557 -0.348704599579399 -0.104354349514392
0.0652764215753805 0.440551544056324 0.516981936707335 0.302766647440621
-0.0361059380638216 0.419500178129492 0.398915227738783 0.116949837887128
-0.0781697307334559 0.373748438776073 0.181795702276402 0.0784466674068419
-0.166924192236689 0.370490976814357 0.146550852700993 0.0267918540959277
-0.16552030444402 0.361707452545319 0.080341921976949 -0.0718595542096021
-0.155532617755177 0.310501138326844 0.0338454402533185 -0.129545951616317
-0.136793123548604 0.307604897680734 -0.0138514214712686 -0.114934918004945
-0.1264875222397 0.340255063523927 -0.0649865363120173 -0.0421302942130695
-0.124379068223852 0.366962396913973 -0.0911928292558054 0.040773556647906
-0.109161561710606 0.401747655288151 -0.125936623944086 0.0946117353925076
-0.0905173571318139 0.463067827135614 -0.161491218430558 0.0922279949361443
-0.0715889767245818 0.455169534128851 -0.156791926226682 -0.00101316023361201
-0.00331477423119968 0.415162459951454 -0.131027213461353 -0.0467233732812447
0.0303885470465979 0.477697341781105 -0.239609897925229 -0.116278942345061
0.0833491714493796 0.499197445788954 -0.379602781741469 -0.268457784924737
0.120002648251608 0.430579082414619 0.487609142552159 0.113445930718756
0.049901225351415 0.439510719978897 0.377429854856486 -0.0496172696259877
0.033010910256769 0.412399996101914 0.169937447231281 -0.0572219059451164
-0.052337597404461 0.408872744357488 0.131396698141328 -0.034288617937692
-0.073448250900759 0.408392324122876 0.0833157292987944 -0.0450919989511347
-0.0888629903179217 0.355066804734363 0.025509605338416 -0.0432012383133623
-0.0921881921098705 0.333354022351312 -0.0422808605095426 0.00200904919964605
-0.0976514420162408 0.327578387034899 -0.107319078359904 0.0811389869775202
-0.106482259572748 0.315879612302159 -0.119945894251688 0.138973799204411
-0.11392487013449 0.321145572171828 -0.124868790325571 0.147975238840882
-0.109184371237145 0.353326817019662 -0.150430109141675 0.0984337291888671
-0.101295739734686 0.33959763147787 -0.150537860604137 -0.0435762354337445
-0.0305330049839504 0.320100603723567 -0.136712993005049 -0.141351959110208
0.00611332339855683 0.406773374261753 -0.239049886352716 -0.225684384208718
0.0864649836975425 0.437264658644389 -0.402608213437411 -0.413340237590592
0.150141797681684 0.338824702538515 0.419743184733136 -0.0643420260827807
0.106111323801868 0.351297828302242 0.300662331727328 -0.191093472491839
0.117375677934239 0.329356457603455 0.118599907169036 -0.163125087979934
0.0493284555712768 0.318437695069875 0.100962827821605 -0.0714437558194376
0.0185597159243366 0.333793873552405 0.0968159927207715 -0.00475984949770377
-0.0107893144196135 0.302074812110092 0.0421231344305726 0.055702905962707
-0.0364917565537211 0.284667139590099 -0.0485648601388677 0.126324852342767
-0.052330888889386 0.264039248638756 -0.135629408960678 0.192925031225854
-0.0648496552252295 0.23194019515757 -0.143658938628897 0.20394917662545
-0.0740739908270685 0.215660708265124 -0.123831894310871 0.16065245194557
-0.0716171656792433 0.213828339742832 -0.130349968144775 0.0787065070614179
-0.0719129429966943 0.191165515624839 -0.130631802206076 -0.0766629754824581
-0.0139807788934509 0.19231889627325 -0.123992421225482 -0.1994577729651
0.00763188608467542 0.288862813608325 -0.219653868779306 -0.282595425296832
0.0910783947372555 0.320922795490215 -0.417102169521125 -0.511806538653665
0.144108584808243 0.182518343041874 0.340298553251166 -0.191379668841582
0.10267406515418 0.188196501416023 0.207793318495637 -0.270003042722032
0.131276767775933 0.169885924627319 0.0610366749465771 -0.217330417617253
0.0849970410263861 0.153540698398225 0.0730102469765129 -0.0852601701750757
0.0632748441043734 0.173266981251255 0.1178544927702 0.0245299759069217
0.0409454733164261 0.166140828396092 0.0747211983016865 0.127801359542259
0.0146888918035203 0.165428840982975 -0.0339905393981555 0.22281444734754
0.00170577717757767 0.159683223676547 -0.145047656956015 0.275034052945887
-0.00611293532407421 0.139394025305743 -0.15236084829922 0.239552186566998
-0.0134375865247297 0.128771432397333 -0.110536338784018 0.152732880063903
-0.00931012761389564 0.114780060330321 -0.0974229645844318 0.0547389594828468
-0.00517703897559229 0.0888310840799595 -0.105706413555288 -0.0927869540249202
0.0341844502166821 0.0998177279845666 -0.110086837027095 -0.220834074216463
0.0346292654704067 0.171004862542864 -0.202871889297599 -0.297216808435748
0.104868715630214 0.182351902705735 -0.42553356757802 -0.5660247048475
-0.038805221339034 -0.00661832303537519 0.421410024132252 0.558806149612747
-0.0798662656670764 -0.069799307836807 0.253900037757014 0.302109313287204
-0.0568640068469606 -0.0524256284692404 0.0875638513108322 0.225251586806579
-0.0585920867433863 -0.0479305771620324 0.107269192682919 0.109360487344388
-0.039190543173181 -0.0581648681376337 0.0642767128244437 -0.0274735910475941
-0.0422434084891096 -0.0653765596437038 0.0998032418344682 -0.129613794581056
-0.0544871019989829 -0.05021103295629 0.130383271908041 -0.241255956567559
-0.0638262024027904 -0.0255286064158295 0.0930556317803632 -0.323636518801826
-0.0590485242603585 -0.0177882570118511 -0.0232137359513529 -0.291328282366215
-0.0366386369827291 -0.0113772059231891 -0.159722185804303 -0.179270095359764
-0.0409340503249825 0.0149968370333267 -0.184327916117404 -0.0493571768543377
-0.0678120598902616 0.0194992649861099 -0.115160226224941 0.0774447321873521
-0.0708650766825786 -0.000684236214509784 -0.051087549314381 0.223739351032991
-0.086833028753445 -0.0113572421333332 -0.137664003202669 0.283779317963085
-0.0717622904127912 0.0165643190819024 -0.314193329286567 0.237321577680059
-0.033099646798994 0.125538158103297 0.450116306427224 0.565918002933125
-0.104467861599796 0.0284250427641144 0.271468467545061 0.30222023987357
-0.0965145216636504 -0.00976314859448946 0.0884627521059301 0.233438368636139
-0.118192442539257 -0.0106040289154564 0.103233601037173 0.114449240944526
-0.0928642487074887 -0.0104391581041432 0.0582177980301604 -0.0352749935093218
-0.0953002895516154 -0.0103236493054042 0.0843995400796616 -0.145202036461366
-0.104074534320703 0.0327215726096185 0.104843566119417 -0.245560914166842
-0.0990353380950086 0.103941974103999 0.0644528378461526 -0.307529945102241
-0.0784095721843866 0.147833922341213 -0.0444357927958992 -0.264887709993048
-0.0319926885602931 0.16893261344515 -0.173279382480057 -0.150309605552527
-0.00921855530890349 0.205926176166832 -0.197518990715699 -0.0244199528231225
-0.0175201563658026 0.201362458904164 -0.124120815533327 0.0762823718817207
-0.00290902306405326 0.170050335333171 -0.0468336447096857 0.200931820370161
-0.0124549546756524 0.185583498086156 -0.132603313233838 0.242625079683756
-0.00674442575824716 0.219298063644799 -0.301547366635022 0.185105351073348
-0.0143836898944974 0.25605229005415 0.489553037454546 0.524123340476106
-0.116090476404734 0.157033473851511 0.314564239748403 0.287777414364367
-0.136750427731328 0.0833963513399312 0.113899466930061 0.231243869624991
-0.183906514354388 0.0803902020771893 0.118280288210678 0.111189393218369
-0.154472312884017 0.083393336408948 0.067722612465054 -0.0529960324442269
-0.146342140228886 0.0783832655815219 0.0713667286897571 -0.166456209976477
-0.13973156120955 0.127576836745952 0.0672811559129457 -0.235637825029721
-0.120689622630919 0.217703671188352 0.0242376872924598 -0.247353332187006
-0.0928407015908534 0.282039643012273 -0.056752116163628 -0.18542872208538
-0.0380521502067748 0.317993625501493 -0.159769243544272 -0.0793241664738371
0.00305151385512675 0.370049034484853 -0.189553067684074 0.0165247595209732
0.014789664916697 0.360127927051835 -0.137384175594189 0.0679544441096364
0.0461217905444844 0.318218309363715 -0.0682824164241349 0.145731641534609
0.0463779387972917 0.349867081419684 -0.163486282550754 0.154883029939558
0.0533257875848636 0.381863878989734 -0.319202138254933 0.0720280109750534
0.025832379561324 0.366943958918095 0.523024414173817 0.422686414021593
-0.0913566930368098 0.302609999975518 0.370729970358892 0.223643303986358
-0.138480288254244 0.232245029807847 0.159205693923204 0.181039962773049
-0.211777382991781 0.232586536117624 0.142419486316819 0.0802244862365044
-0.188236550120496 0.227753042845157 0.0755127122636583 -0.0705019023075493
-0.171703240932663 0.199008796851839 0.0509120251685034 -0.167798577707465
-0.149315965703897 0.227019344755741 0.0222411702707732 -0.193943812503132
-0.126298483375643 0.298510906484242 -0.0216425451793048 -0.153019307683647
-0.106608816357362 0.357856909993657 -0.0688721930356145 -0.073046899078054
-0.0651735417813039 0.40248612699262 -0.135038024230603 0.0132590525254674
-0.0252479978923661 0.469259704565181 -0.170958656407922 0.0632038545661932
-0.00288983226839435 0.459412483972424 -0.150964516441074 0.0439615222269067
0.0485204565363384 0.410417350721351 -0.103967579556819 0.0600755546200279
0.0640852762395591 0.452064919254571 -0.210067991415779 0.0323114451917887
0.0897850544426932 0.474913464738267 -0.355781173434894 -0.0798399120878881
0.0796448276473547 0.42821344706457 0.526881156552126 0.265482953799554
-0.0219207365416381 0.413878621978328 0.400545303474395 0.0915265016107805
-0.0689980833419855 0.366322120285646 0.18669547620673 0.0697004467606302
-0.154584373076 0.371457675727265 0.150327339793101 0.0201870072263796
-0.152023206157114 0.361530429334226 0.0764079064181308 -0.071030551089263
-0.147326974794758 0.307858291621939 0.0276994504612959 -0.125808694877998
-0.128395833008773 0.303308036976972 -0.0192184390473185 -0.111798598448609
-0.114224178516204 0.332733751637273 -0.0666486521370573 -0.0368954915233909
-0.111732632918994 0.362143555148144 -0.0880586514488998 0.0448333793921222
-0.0978823072439088 0.3977832245946 -0.120430963721016 0.0991315846456415
-0.0748639503925167 0.458112006360556 -0.155742770102129 0.0971627538072243
-0.0561370071980545 0.452319110231529 -0.159640749546373 0.00669103431836038
0.00976080471996003 0.410111778414836 -0.134612511321543 -0.0427737567319896
0.0446582894996205 0.467799809530069 -0.241397406471167 -0.100716670703125
0.0997912937893034 0.486234071152062 -0.392976572492557 -0.239796276004531
0.13232431636649 0.414993801107754 0.490471714330096 0.0810544820139754
0.0649865484313531 0.429778908708767 0.37309533509932 -0.0721283779861093
0.0439616365698429 0.400222182160899 0.167690198860262 -0.0628110864188326
-0.0394858803434968 0.403782194150162 0.131145553398899 -0.0391203024688666
-0.0577974643085087 0.403653954928902 0.0789900772178308 -0.0460740895296346
-0.0783242032113066 0.349441254503431 0.0212180227871441 -0.0418199350727899
-0.0821740988946291 0.326545579066661 -0.0447118519495807 0.00277465895436282
-0.0862133800186906 0.318067821776791 -0.105663087435848 0.0845271989541686
-0.0956849295773247 0.310287591360128 -0.115465009269172 0.14050417350682
-0.103821767995659 0.317487124223133 -0.118851874365864 0.149639387714419
-0.097912093560819 0.348885221770151 -0.145155370593537 0.103156333553873
-0.0911138591954074 0.337768978392084 -0.155418699079211 -0.0359083067548573
-0.0219806547344169 0.315195089006135 -0.144173792415477 -0.13339455170944
0.0190622601540156 0.39831337195815 -0.244470602572832 -0.206758473417497
0.0984396014343346 0.422915419630887 -0.420122366476786 -0.380013322232972
0.159384479073027 0.322865133462953 0.417180136120835 -0.0900292668980524
0.117401214612369 0.339869326779611 0.291755397566982 -0.207311716065063
0.124580809349537 0.314124660665405 0.11196925893481 -0.164010915260208
0.0591884425132023 0.3106891722978 0.0975768655045799 -0.0732934077902027
0.0312498709672781 0.325514640198977 0.0934197659265512 -0.00668522452924787
-0.00210469694516315 0.294611521319738 0.0406829386056598 0.0528477593490664
-0.0271113424434209 0.277156456221147 -0.0472141429274662 0.123064170560418
-0.0431939497660715 0.25596897286909 -0.1304975413452 0.194150085064457
-0.0564452907277756 0.225507581339098 -0.138774539479898 0.202711490845679
-0.0683649494804134 0.211003443030742 -0.119412077026072 0.158812837212238
-0.0662496496690971 0.209022019338146 -0.128010224641525 0.0810342880016837
-0.0683646688594244 0.187923014696253 -0.138356017972569 -0.0691225268818511
-0.00996636409751936 0.186581902631848 -0.135863666604144 -0.188695948382971
0.0154167352236232 0.281863489894509 -0.227566776662477 -0.262533880226383
0.0990648933144395 0.309452759621385 -0.435897289957029 -0.476442971987469
0.147917641691001 0.169539820951027 0.33334595799784 -0.209025272657212
0.10744115297537 0.179535012240355 0.197746886689065 -0.280075354608501
0.133227290800309 0.157481072321097 0.05335607854333 -0.213997891124879
0.0880674951991208 0.146316974876692 0.069270243221735 -0.0841308998126223
0.0686064702990108 0.165223915598707 0.114667339189145 0.021882484940443
0.0448755459208348 0.159005907913425 0.0763768738188603 0.121449208404022
0.0195702870109957 0.158580276896057 -0.0301914602604251 0.215680262476963
0.0071256062653394 0.15250120426451 -0.136548117133996 0.274024327215826
-0.00166229143010347 0.132658859236363 -0.146653063747382 0.237133697367382
-0.00905754575162222 0.123991945726325 -0.108938016560436 0.148462762021172
-0.00693506405929019 0.108761904695182 -0.0970946803759869 0.0542627944616308
-0.00506700000942467 0.0835631849757943 -0.114608526118229 -0.0869322364014603
0.0343165361452483 0.0929775609173242 -0.122591889980968 -0.208456840883448
0.0392512262617378 0.164439563624956 -0.210880239920318 -0.276071437379065
0.10826448566292 0.172030950213165 -0.445496629106589 -0.528774538293312
-0.0361801615796842 -0.00520480273536473 0.434271116643501 0.534649309605089
-0.0818788675353336 -0.0635903556688485 0.258851302393222 0.283859674933689
-0.0567685631008746 -0.0504632377754695 0.0973370126916314 0.219000365175433
-0.0584738514153152 -0.0442164426517739 0.115316654715358 0.10516121085425
-0.0405528072485088 -0.0556801444751459 0.067808577752812 -0.0242310419379197
-0.0443510330147173 -0.0635289228913671 0.100846146772087 -0.125928859512754
-0.0560195936518794 -0.045823762147401 0.129473983045517 -0.23487078688272
-0.0645674414095674 -0.0201228165736163 0.0889803163248603 -0.31725532455441
-0.0604970792574468 -0.011858508997508 -0.0250147486369059 -0.282838207855401
-0.0379869794037345 -0.00875946847422296 -0.159880817563033 -0.168238782399386
-0.0390022754638073 0.0174968220837168 -0.182746630136733 -0.0427925043845109
-0.0638740670418455 0.0238355623261155 -0.112720519485288 0.0782410702063868
-0.0693608602050612 0.00406986509183028 -0.0448748263710055 0.21998220611142
-0.0863355901906523 -0.00664123678256316 -0.131279674464054 0.286108630112751
-0.069107970205214 0.0198173005140126 -0.313040402266254 0.251733018295693
-0.0292119002978769 0.124258465833053 0.464928149061603 0.537661517841786
-0.104426684541058 0.0325391186214684 0.276318675554961 0.283240745298238
-0.098637772036927 -0.00940862875901129 0.0982044065449031 0.227187620024801
-0.118794750863022 -0.00736403173228149 0.111773030395539 0.110081418332239
-0.0950246020437618 -0.00866356703246475 0.0609318894090987 -0.0323043447329119
-0.0984288941808864 -0.00894167846739404 0.0841250923341527 -0.139545138685778
-0.105113288528463 0.0350118127623818 0.102467973794382 -0.238648398642284
-0.0973753686939539 0.105744453035998 0.0613260863730439 -0.299462116254859
-0.0756329451958634 0.150554753678665 -0.046129738439932 -0.25669441370141
-0.0304157623769299 0.168310843935967 -0.171703480808613 -0.139082647496454
-0.00365585142105509 0.205123983563346 -0.194340079423349 -0.0180570534574183
-0.00994062177830757 0.202022020112274 -0.122109108281797 0.0785414421649901
0.00125989140756023 0.170161136195263 -0.0416557341297887 0.19672865421697
-0.0084865259941918 0.185029869377253 -0.126523178923856 0.245163796262718
-0.000376413665989329 0.219817189261894 -0.30000340281445 0.199250415727822
-0.00808970002477445 0.251768083219164 0.502102920232311 0.494514850796096
-0.114188751484708 0.158918300889504 0.319883664504624 0.269346906141954
-0.138898595517615 0.0827457995366246 0.124297098309353 0.224661141942587
-0.183767454641485 0.0836318126159823 0.12642244349191 0.10651276388661
-0.154523578820788 0.0847690600998233 0.0686522572391187 -0.0506044713025782
-0.148334041200155 0.0787691932226063 0.0683600074068266 -0.161360627151588
-0.140098209177614 0.127750062599716 0.0639397649143636 -0.228716484583302
-0.116622152476549 0.215587955542909 0.0213215185232773 -0.239535431384978
-0.0875791221060164 0.282113256279775 -0.0572470606841481 -0.178381639247057
-0.0335781420983447 0.316615601721665 -0.156310311725388 -0.0700072343359441
0.0117919474058428 0.366647808933077 -0.185045018984312 0.0225995996044447
0.0237450832348035 0.358742206178271 -0.135744700798131 0.070853155779042
0.052462661851888 0.315293203790468 -0.06555632242856 0.142797552961357
0.0525074009180964 0.345670640505748 -0.159014467504442 0.161197080698577
0.0621480165511091 0.377290466396983 -0.321584438376188 0.0887263477445139
0.0332293111116783 0.358952983866253 0.534753403330573 0.39280859509805
-0.0850104789457299 0.302064217331018 0.374522302616796 0.202837773818453
-0.137637033224798 0.230337246755215 0.166654957405306 0.173382224632653
-0.208319890518022 0.235328205330834 0.148690492129166 0.074395510237673
-0.184138121563753 0.22778663007207 0.0756863732999565 -0.0687808916931067
-0.170726017797179 0.198319279404382 0.0462547627939663 -0.163157487898927
-0.147687636088183 0.225037659018341 0.0189748343958468 -0.189219316864902
-0.1211942990517 0.292907522664354 -0.0238699786213397 -0.146434711313472
-0.100182338708956 0.35510776286239 -0.0679319946927192 -0.067010738108021
-0.0603736125533848 0.400035355699644 -0.130403155567824 0.0197740328727435
-0.0148501142879473 0.463586167953612 -0.16608695977651 0.0679292828979633
0.00837491421181259 0.456406817973959 -0.150997928661549 0.0491122340881147
0.056929251366125 0.407145397592403 -0.104329937249657 0.0586442789364268
0.0722777898787244 0.44673370850811 -0.207086993347214 0.0413272008620606
0.0992804718689365 0.467526313443562 -0.361996148405154 -0.0598651174911263
0.0879624661078808 0.417285665828317 0.535229588332597 0.237800119998314
-0.0131575153394751 0.409763137017275 0.401267991928837 0.071641583207261
-0.0655573351079274 0.361124610638644 0.190465341520536 0.0634404761562618
-0.147611401655498 0.371456565987484 0.153804399700255 0.0150353155340276
-0.143761496905908 0.360149509965834 0.0738542129953775 -0.0701056165706243
-0.143813464811726 0.305115646583505 0.0236101723786634 -0.121765702120606
-0.125009255857849 0.298650044378767 -0.0223433175731538 -0.109179299169006
-0.108778873355065 0.32491301493315 -0.0679959103623918 -0.0319715911246084
-0.105126515186746 0.357896725225596 -0.0863987492369315 0.0482318888837529
-0.0926830527327638 0.394678831796043 -0.115470409885171 0.102475679565806
-0.0660183430876847 0.454709559934654 -0.150899607988635 0.100829099236342
-0.0462410622930228 0.450133013211824 -0.161142264306862 0.0126810098871471
0.0166020893454832 0.406055520761628 -0.138031489611621 -0.0403740791697533
0.0527487922934523 0.461512358917414 -0.241962042027014 -0.087329925026101
0.108321751144473 0.478914960543333 -0.402084428069794 -0.216682640665293
0.139575474724943 0.403843254296635 0.493472134289261 0.0558909671201271
0.0738509949236759 0.422226822590872 0.369510320839767 -0.0895274936323014
0.0481028322780679 0.391206229061057 0.167230519443861 -0.0666962741074794
-0.0311916598533122 0.400482839929253 0.131013341272772 -0.0427597193932644
-0.0485557114023702 0.399428865885136 0.0759661885650466 -0.0445909854207658
-0.0733863078629878 0.345054905666021 0.0181363180363602 -0.0404584614514975
-0.077522951307896 0.32089039071291 -0.0469592984360314 0.00268045218258159
-0.0806232313938494 0.309886008618654 -0.105140951295581 0.0877246165064468
-0.0906803985948599 0.304313935618564 -0.114054504471526 0.141632839586989
-0.0996747951607356 0.314333508008597 -0.115713379308189 0.15074935583092
-0.0917169315843763 0.3456135985324 -0.142345482953767 0.105158256433517
-0.0868535498318908 0.336186766375731 -0.1597766077133 -0.028370709367393
-0.0176462133510623 0.311966303913185 -0.150920369829015 -0.127407041525734
0.0255382846115707 0.391986020285726 -0.247341306039208 -0.191230743024051
0.105024233828679 0.413469480365669 -0.43290193032255 -0.352589193362202
0.164474370483774 0.311271906702255 0.416303480805269 -0.109991316078496
0.123499931732945 0.333480508787098 0.285588608465161 -0.22112910031291
0.127119548275711 0.304276240508972 0.108614709630751 -0.164498995633822
0.0633231813499259 0.304804024501452 0.0960896309933029 -0.0743781439055935
0.0381652455409765 0.319547057024349 0.0901329931968994 -0.00659578428597121
0.0020927434853319 0.288843056868863 0.0395428609325681 0.0511553438704838
-0.0227190628269011 0.270942781953003 -0.0478478051820219 0.119650497725137
-0.0386747607126358 0.246942733567345 -0.12842842417859 0.19528644580172
-0.0527735051136511 0.219005480533508 -0.137034927662869 0.202135664450453
-0.0655035812754666 0.207315015386876 -0.118701028507057 0.157628545937761
-0.0634226866959888 0.204841887525739 -0.12764384746762 0.0824233751523181
-0.0678651046514114 0.185152429676683 -0.144199110740606 -0.0623104082859204
-0.0105071737518653 0.182247948062817 -0.143542180599116 -0.180216235196434
0.02020710150515 0.275886399889688 -0.231266234752973 -0.245984393769978
0.102966270087799 0.299503707111643 -0.448284252638116 -0.447161379134576
0.148401317230164 0.159787053657516 0.330554450677476 -0.225215722058655
0.110023384116128 0.173676926799943 0.18998820619342 -0.289239807511157
0.133291671177652 0.148275581884857 0.0489955179487607 -0.211071549339682
0.0891166547311156 0.140453082210698 0.0671745359584339 -0.0829425133144343
0.0716200688369767 0.159948780671175 0.11207783327913 0.0213034959284778
0.0458391745428861 0.154220015713861 0.0764187638640522 0.11709338341351
0.0217233788264697 0.153192945484714 -0.0288205975120345 0.209848636164185
0.009787333681124 0.146378617863434 -0.132465923640554 0.273431161318475
0.000855360711330839 0.126645301258354 -0.146058887849156 0.234886750099102
-0.00717403241642249 0.119621691971933 -0.110120452380882 0.145458400310392
-0.00651251816117723 0.103779197835751 -0.0991582393156694 0.0527785207627898
-0.00714893667397072 0.0800629737850448 -0.122113002642326 -0.0808216576673698
0.0332299999105664 0.0877788411987526 -0.131581954694828 -0.198699536662398
0.0414967683565883 0.159951254077089 -0.214502612127833 -0.259204584729316
0.109111665240914 0.163507973387368 -0.458851559185806 -0.497480222673385
-0.0335277128186348 -0.00472452070508462 0.449263238646981 0.513952134573162
-0.0826299981078066 -0.058981253291166 0.263517461100439 0.269412289781693
-0.0573819055837592 -0.0493305190388762 0.107051947069445 0.213044394275942
-0.0583944895381018 -0.0420304444848313 0.123572615707203 0.100749773147863
-0.0424779355763438 -0.0541165410897103 0.0714025442135637 -0.0213970569549325
-0.0469793608516036 -0.0617674500812169 0.102278163110842 -0.123289026108359
-0.0577186752480737 -0.0423688353944386 0.129306990165144 -0.23120050085566
-0.0646813178509103 -0.0153144085717692 0.0873298995792666 -0.312593289316948
-0.0609523579949991 -0.00557698408131612 -0.026832418606976 -0.276928959291087
-0.0394449672118011 -0.00579259192334014 -0.159385829216417 -0.158977211127316
-0.0375324080757123 0.0201339117080725 -0.181565855850958 -0.0376736011446139
-0.0611131744347096 0.028222932385238 -0.110474316175249 0.0795196502119824
-0.0688194470783318 0.00732340632849941 -0.0392883836723321 0.218328276918288
-0.0857396793773862 -0.00194918448706222 -0.125497601856032 0.290941557123762
-0.067087704076806 0.0235191680655193 -0.312416115517724 0.266544176323804
-0.0254472662933738 0.122728619168936 0.479070372470279 0.514896049637499
-0.105478279234547 0.0368231095124048 0.281658985887222 0.268611218471733
-0.102182317006566 -0.00863352909588362 0.107764363840839 0.222438154625713
-0.120021961999959 -0.00462227056783732 0.119232779126751 0.105987521759282
-0.0970908317069965 -0.00700938589022624 0.0640977740144346 -0.0297361766070874
-0.101710182352256 -0.00751521018349097 0.0841156673549447 -0.13604255994655
-0.107481752884462 0.0379634006641274 0.102070292039277 -0.234152824345816
-0.0961441065079665 0.107822145267187 0.0588774923722998 -0.294589509048574
-0.0732686957049198 0.155165959572523 -0.0468668253229816 -0.250612748768084
-0.0286904755593448 0.169708331235674 -0.169794429976365 -0.129026160035644
0.0014218038561963 0.204345883719408 -0.192045707609652 -0.0117677712195355
-0.00457765259809287 0.203612434611487 -0.119802876900093 0.0813586710488839
0.00573757584367503 0.171553279495259 -0.0380614301180243 0.194283289906838
-0.00514004613928618 0.18694887184806 -0.121612724579538 0.249356941081311
0.00539856254872694 0.220390549070164 -0.302248629792556 0.215593898550255
-0.00359256322620176 0.248556979063977 0.517158435106378 0.471141003046818
-0.113564233843596 0.161248525278281 0.327307064843265 0.253428966916463
-0.141930324533607 0.083402367506165 0.134021819170763 0.218670036639103
-0.184905338569096 0.0878997274480166 0.134828007746535 0.101507592590691
-0.155518511506948 0.0868883962502008 0.0708730048228388 -0.0489377235726328
-0.151283362423344 0.0805090200244274 0.067543315877954 -0.157023594313527
-0.141569634616273 0.128462269794793 0.0625078018010599 -0.224656264026456
-0.114884412723447 0.214568201690274 0.0201093014687711 -0.234770072995495
-0.0828137149891321 0.285092902240889 -0.0573697811889854 -0.172744675314007
-0.029676446483353 0.317638024258072 -0.152952917772935 -0.0616678757337462
0.0194337820548143 0.366773054263586 -0.180812298305013 0.0285368474444251
0.0334656427838107 0.358623610027015 -0.135397903865383 0.0752127709816473
0.0592228290892394 0.314628481788525 -0.0640356662190649 0.140393234407016
0.0582205129829938 0.346345069450509 -0.154980241057492 0.166244229421387
0.0717834606283075 0.376283416199019 -0.324950739436617 0.105681538012019
0.0393323994454227 0.354517338980261 0.546980165077344 0.367865953127596
-0.0823373195927218 0.304195460656352 0.380112726021093 0.185627289098748
-0.138373285394481 0.230009995732745 0.174831640240384 0.167958257146699
-0.206900940003884 0.239884318863063 0.1548815833754 0.0690275395055614
-0.181567426927459 0.229947095236054 0.0752722680265693 -0.0676426436087167
-0.172710531467604 0.199881549522284 0.0437127014787772 -0.158044811974591
-0.148430300056989 0.224415138937087 0.0159115454530704 -0.185851214551906
-0.118643429408983 0.289891556574775 -0.0253142163302847 -0.141391350304646
-0.0950458376367687 0.354675879640188 -0.0672534708527746 -0.0622410984656526
-0.0553595084357732 0.399800739196964 -0.126634898104957 0.0257158453496436
-0.0060239491013923 0.462841299753797 -0.16152544173969 0.0729785119533049
0.0180579596101039 0.458387511355837 -0.15150703474825 0.0544123620258903
0.0638207602332086 0.406834389537509 -0.106236655194806 0.0588512355285051
0.0801264357266694 0.443969760296172 -0.205697662695367 0.0501095943039325
0.108839932919152 0.463869157954201 -0.36911559482128 -0.0404838929519101
0.0959473752525204 0.412433696832373 0.544496803906319 0.21314910584245
-0.00621143977740041 0.408460366012438 0.402980096356918 0.0550535620342965
-0.0639174129885946 0.360421558446197 0.194303720142181 0.0576477909053078
-0.142768733174409 0.37441569511992 0.1568766977747 0.00984678056851089
-0.136888826637958 0.36097373775998 0.0725101101270366 -0.0687708476030219
-0.142809655766796 0.306600562927223 0.0202475897116046 -0.118176191405559
-0.123403780238527 0.29785963627865 -0.0262366799822054 -0.106968295047031
-0.106364500820484 0.320532769156784 -0.0690342672204511 -0.0279171327918861
-0.100986458322506 0.356900447836954 -0.0857554682838856 0.0522937159016418
-0.0887912514329832 0.395914554029282 -0.111375270597654 0.106530069351868
-0.0583668982082806 0.455476777562002 -0.14769785970926 0.105360137872796
-0.0387168720672321 0.451622378514879 -0.164099048648931 0.0195147547013214
0.0229900188009518 0.406204198775296 -0.142287626561062 -0.0380754996650337
0.0589963101729746 0.459573565466511 -0.24232878334995 -0.0773215922993681
0.116986604956589 0.472293392628055 -0.413201181218368 -0.19625773277368
0.147999584856253 0.397352336282068 0.498242816428549 0.0326379011030838
0.0823721379482537 0.42021467533817 0.367110687094495 -0.105052986908911
0.051929556619397 0.387028539498975 0.167938290095049 -0.0707386607201279
-0.0259094115511565 0.400146282736578 0.131707863574952 -0.046128718321106
-0.0416698547348407 0.397950176358492 0.0738914747991528 -0.0435391722472847
-0.0712744085161094 0.34413666192162 0.0156660041392675 -0.0385094309791692
-0.0746267338283708 0.316700064701051 -0.0499348586096227 0.0030212629689152
-0.0773200471401151 0.304924367382685 -0.105345894007831 0.0910277187869644
-0.0873974176709967 0.300959443189545 -0.113696360818799 0.144768060591024
-0.0968777708819625 0.314138506371685 -0.114237240658848 0.152903969743859
-0.0869206229670224 0.344662450732723 -0.141232061737469 0.109078086468322
-0.0832429245412124 0.338126889404868 -0.164448497262384 -0.0213135223424161
-0.014816277449737 0.311214035842518 -0.157008724630326 -0.122472996882526
0.0306397070902456 0.3905911101189 -0.250280473850118 -0.179096073840343
0.111364856282707 0.408958213951947 -0.443655927924742 -0.329780971584098
0.170204202612423 0.303983299812503 0.416902837100403 -0.129958759534021
0.131375037484532 0.328174704799724 0.279881402764472 -0.233958117977647
0.130420862701882 0.296447078617785 0.10656642373384 -0.166873041849897
0.0681345480224487 0.301415842873827 0.0952695482094111 -0.0759687894064186
0.0447080737118255 0.314371315417257 0.0891256666357539 -0.00568969496071449
0.00515504341572561 0.286291252254733 0.038792964755507 0.0505853218932943
-0.0201904831050863 0.266020319094972 -0.0503136723118978 0.118174093074608
-0.0359867049544027 0.241475569638975 -0.127333932413517 0.198267201666603
-0.05038250449088 0.214480701613974 -0.136868103813331 0.203648200362307
-0.0644568430830278 0.204962343067368 -0.118778542761872 0.15847158469687
-0.0626707675333671 0.202486479834917 -0.128175313277971 0.0839093294723552
-0.0682135946996856 0.184424612878943 -0.151252853157821 -0.0547756651219493
-0.0100473879284289 0.179430944431343 -0.151861558606944 -0.172992652002514
0.0237443411749459 0.27312558358005 -0.235601649736109 -0.233171559965498
0.107178103070851 0.293852489546683 -0.459251139300683 -0.422372849003397
0.15035919082319 0.152539771922724 0.329607864490689 -0.240190361515028
0.112939680212673 0.170280995108771 0.183289081234823 -0.298607262388675
0.132753462358175 0.141824666904256 0.0454122239322 -0.20921794653561
0.0897633229627566 0.136357277507522 0.065857324223752 -0.0829779942210274
0.0745780144807758 0.155046184489979 0.111419590750203 0.0211671062055448
0.0463596404289253 0.150827604474017 0.0771967053668017 0.113616968464454
0.0229078403821697 0.149745969314169 -0.0295549345562144 0.206374286264213
0.0117172528326114 0.141595205911208 -0.12994067497874 0.27413384887183
0.00205881261418523 0.122616895963721 -0.145328021288012 0.23465285389624
-0.00546559685249264 0.115557356886989 -0.112328276612091 0.143705802243804
-0.007041610635375 0.100524445327881 -0.101635672383351 0.0523582907105406
-0.00883977187852002 0.0777190735055994 -0.128582576548531 -0.0742849992655978
0.0320746830999429 0.0836356513745593 -0.139898852027767 -0.189440299584886
0.0429969481973618 0.156257793652221 -0.217604622994315 -0.245352904462123
0.109989060819314 0.155986582080934 -0.473478778600949 -0.472325388952102
-0.0381743824183477 -0.0115993222835665 0.354745595549562 0.577888694244639
-0.0746677682346841 -0.067361600186432 0.215088683275889 0.299826368426601
-0.0509434124271942 -0.0592858052176733 0.0715608456841459 0.224747425634788
-0.0494471436018751 -0.0480744961534331 0.108942579721499 0.119260081888737
-0.0320113650591261 -0.0583203238313447 0.0787462108449904 -0.00285093777735131
-0.0361426073901103 -0.067636064545417 0.13042161392675 -0.0968062719318662
-0.0497787612400161 -0.0501527402336468 0.178655320035616 -0.197298254111983
-0.0618746046033251 -0.023166483880802 0.150159394994662 -0.282282662751812
-0.0593757291484903 -0.0130639131139662 0.0311916634960651 -0.270665430991514
-0.0390709207638081 -0.0106363678852192 -0.120402791402773 -0.18056724882012
-0.0401235138893508 0.0140506850074579 -0.170460351999467 -0.069977921510982
-0.0624179254862729 0.0177178664855301 -0.126936775674548 0.0571055058819148
-0.068392259976284 -0.00379681062848728 -0.0833935659480053 0.207321179226949
-0.083022883021259 -0.0153983742619732 -0.186394482602858 0.267448890673483
-0.0690069574238528 0.0116459092539143 -0.381757853405997 0.212309616176812
-0.0565280237898918 0.11112607275169 0.38353493955998 0.586085379709205
-0.115023642241788 0.0192346808456697 0.229921253464801 0.302373691658976
-0.103498101224098 -0.0294224997572368 0.0697769523071934 0.231474517115578
-0.117245501870143 -0.0257339403151242 0.103371571533665 0.122189841297981
-0.0945314169040306 -0.0249522057537263 0.0731752100870063 -0.0130421017163199
-0.10171648685865 -0.0266309971511583 0.113286007033458 -0.113668687030889
-0.115973352782943 0.0157662800805143 0.151350766862237 -0.205102256183816
-0.117992597532158 0.0882362052774122 0.119319075002972 -0.269062654225754
-0.104119895102125 0.139132301441069 0.00544099069485231 -0.247772795964097
-0.0647198937432803 0.16133029657901 -0.136506421688141 -0.150481357942467
-0.0405595568290088 0.20132393260535 -0.182980104472234 -0.0403073530629405
-0.0452724218895265 0.198427714608393 -0.133877576046823 0.0625383591389013
-0.0322284374300573 0.172961754431377 -0.0752413013529794 0.187304816544111
-0.0433030953901868 0.186019262690937 -0.175444578840115 0.230560679541526
-0.0372668116948357 0.219343987984475 -0.358001604453719 0.162996858977149
-0.0606112300472139 0.236919581335339 0.429798213954796 0.549175212766804
-0.145595105591216 0.137717376799402 0.272110411641475 0.293860204879349
-0.161637209175545 0.0521272520072265 0.0929751880053171 0.232253771634075
-0.197490573413392 0.0494914982251621 0.116435415299646 0.119675424449696
-0.16916590069132 0.0533023403156135 0.0839754536616125 -0.0326657056651188
-0.167559273614622 0.0479335309621997 0.0984585732399148 -0.1399916024591
-0.167432978741143 0.0962950977303971 0.107423376784303 -0.204779683262148
-0.158488524866926 0.18704990360971 0.067876273213847 -0.219038384501561
-0.140680986641878 0.260564330179873 -0.0211494014922328 -0.173921204755159
-0.0950461861962081 0.302819882663857 -0.134749517370756 -0.080555174298184
-0.0569951380246823 0.361053506997923 -0.180293536625331 0.0068308114434215
-0.043466117983176 0.355643445669827 -0.145958270370982 0.0591502005899017
-0.011143249090278 0.325287850399126 -0.0898438675854083 0.133369009387999
-0.014816865762369 0.353591113460288 -0.193666635536366 0.143116355347027
-0.00711288822014836 0.386101160127557 -0.357623280168273 0.0494258978941182
-0.039714513924162 0.347555320851521 0.477410504925152 0.455097218713257
-0.139961985626068 0.280884437480063 0.330545237497576 0.238575794729154
-0.185839669600638 0.195686762685308 0.136816422142623 0.189632359076982
-0.246337289978448 0.190358123271938 0.138734184916722 0.0908747740240545
-0.221965893534201 0.186667312610864 0.091509646521666 -0.0534481038104948
-0.209991025402396 0.159712102335144 0.0724895592404531 -0.148512337189504
-0.192145971047923 0.187828385048839 0.0504138546542463 -0.177412318583435
-0.177001668042645 0.258533977300845 0.00431632279868781 -0.139368509689663
-0.167643280777047 0.324450104911574 -0.0544457673081404 -0.0690727989721429
-0.136574094756528 0.377813196281465 -0.12861488885593 0.00911757658634511
-0.102243192388087 0.451969464535838 -0.171273436174533 0.0568404096108277
-0.0802397571712491 0.448649610365731 -0.159363911744927 0.0394437095763284
-0.0289305404608904 0.415700999846238 -0.116714866127615 0.0479427655934993
-0.016502735679772 0.455158451697305 -0.222007787039767 0.0200467005253841
0.0124225244309335 0.477904203312313 -0.370637016753893 -0.106118903879661
0.00552018493875681 0.415265732555674 0.503972485422519 0.302811395792017
-0.0829945958929085 0.396533325943655 0.374045306633369 0.114375577684499
-0.134499452818948 0.336543486911741 0.171450488474335 0.088545897393208
-0.208763599391228 0.331001465922097 0.147114112250416 0.0349429257038859
-0.202299910640464 0.321360168576114 0.0864890686356057 -0.0577112127108914
-0.200974770542282 0.270233064538248 0.0381705992282591 -0.115576962510237
-0.180064622726275 0.263279326883379 -0.00949070189876032 -0.109869790116475
-0.170999764215954 0.288864704848158 -0.062555219301707 -0.0379648907778948
-0.172691438680292 0.323607791772283 -0.0975295867349812 0.0378895473978122
-0.168128918179473 0.365369644855405 -0.133063600140406 0.0886120395706013
-0.150848838349295 0.431313439016839 -0.166562461571563 0.0906782317247772
-0.135222843131244 0.429807937369642 -0.167965979275604 0.0034401029275249
-0.070054731656366 0.405855280973147 -0.136108458220952 -0.0527785012071218
-0.0422044515974835 0.463746339313084 -0.235059247209422 -0.113267666214311
0.0159627298132327 0.487900063446878 -0.381601901793634 -0.272255205624456
0.0600110669314853 0.412377533711685 0.490877401694569 0.116453413251332
0.00293645913236736 0.42316026655928 0.365016717166874 -0.0445369898710279
-0.0251841987261473 0.382177358879836 0.165856659596491 -0.0381788601777985
-0.100819365012228 0.37620042220106 0.130719608053616 -0.022455147547183
-0.115272712774874 0.374479568446324 0.0800881273470324 -0.0340728357394342
-0.138733060613522 0.318804457517631 0.0164960785565053 -0.0389542514953892
-0.134093231032889 0.290704425400854 -0.0572678504795765 -0.00748807096443102
-0.13857546304704 0.279361596417096 -0.122208715439813 0.0700388133383749
-0.148552666028191 0.270637776125974 -0.144036951970841 0.121613230877768
-0.159269291036143 0.28358888540241 -0.146847663298971 0.12933527264049
-0.15762159053304 0.317400440393135 -0.163954739869962 0.0908518013486399
-0.156475543869499 0.308804403171817 -0.163108736093466 -0.0398393623803531
-0.0878776987196253 0.301026470006805 -0.136463761530878 -0.14082978208141
-0.0555836781737291 0.388654018938957 -0.221028690819834 -0.217520872378915
0.0235232739935475 0.422900699287248 -0.383583588343293 -0.413876678923585
0.10204767292715 0.327840444829583 0.440159865043502 -0.0581864417429788
0.0684250747519949 0.342028274861499 0.304803533053545 -0.183566604003993
0.0706886101632673 0.309937755900397 0.126125909510568 -0.138570294343428
0.00755131279301006 0.299009856198825 0.10144233447909 -0.0557923613482616
-0.0173265109709223 0.309930831854538 0.0863729556245263 0.00655908303089198
-0.0520580417297932 0.275629739734081 0.0217299437541051 0.0525654888553024
-0.0698606516583609 0.251939461199772 -0.0802328682097925 0.104192368376346
-0.0833620339165525 0.225795668776467 -0.164549635787806 0.167355731374327
-0.0945941229326709 0.19301441971644 -0.179464571827685 0.172842715852227
-0.105180725065816 0.183046570934265 -0.153803832754005 0.130020723974398
-0.104740124580873 0.180733432358073 -0.147073405275601 0.0624715145983749
-0.109844516007357 0.16222561592501 -0.143987930020042 -0.0752571620252932
-0.0550988572305188 0.170218956023966 -0.12131858043401 -0.19192643687232
-0.0381248699284725 0.271250989483293 -0.193112008284092 -0.268738555660193
0.0422362042255029 0.307227316066704 -0.382061367389091 -0.510128885375262
0.114149862730959 0.177383419332264 0.373901616172187 -0.18454951498662
0.080799019694931 0.186993087275209 0.228160244417082 -0.262893939114473
0.102778013060598 0.159399781527543 0.0799437337445545 -0.190669090297608
0.0590300988077917 0.145202611423692 0.0776806340212292 -0.0663607507555148
0.0413835812456971 0.160915650458077 0.103490864081428 0.0397355431589106
0.013927907518427 0.152241441233611 0.0490853270345567 0.123373938543899
-0.00542650352614813 0.146808898261344 -0.0780322790298943 0.195054048859104
-0.0155506333432015 0.138009812379163 -0.182612688963311 0.238954480534262
-0.0230279535111961 0.115218055165841 -0.193483091150232 0.198336980629027
-0.0290722987238492 0.107879704984124 -0.1434795431639 0.115342849304387
-0.0291092471831501 0.0931781173145651 -0.113333933778039 0.0310919936452179
-0.0291529488459254 0.0707295916893208 -0.117255255472103 -0.0947793947164262
0.00904442328879524 0.0847539701293626 -0.106402348636087 -0.207481914637406
0.00638288900000591 0.160331231020053 -0.171108208078849 -0.277606093400936
0.074663931494394 0.172347166942201 -0.382472002341184 -0.563065178592232
-0.0363099262280872 -0.0120763670025041 0.369857302240759 0.553188807695916
-0.0755416699200343 -0.0627228871426751 0.219565943049506 0.283923193146407
-0.052586134496485 -0.0565317244980684 0.0805004444800251 0.217807512829271
-0.0491983905677094 -0.0457275590215012 0.11599228207265 0.114444727694049
-0.0330153944350847 -0.0563805006713812 0.0815606825715272 -0.00160773422313414
-0.0384552422068852 -0.0659680864289026 0.129731483716748 -0.0940585457177365
-0.0505564327265639 -0.0470513730504429 0.17810612004907 -0.193177996452961
-0.0608324019999501 -0.0187778035984053 0.147779353470127 -0.277281413636643
-0.0591209668356184 -0.00760104382621365 0.029722976855688 -0.263320867969832
-0.0404684067575131 -0.00796322404376571 -0.119268865298849 -0.170198678248411
-0.038635179648713 0.0165755508663698 -0.169760325452407 -0.0628187853894248
-0.0600111322346173 0.0209327944008875 -0.124201442191744 0.0597180023825285
-0.0674388815940534 0.000115175436526678 -0.0775846246579789 0.205232436959994
-0.082752199361952 -0.0108853929236863 -0.179843082809641 0.272080790589321
-0.0654977610263937 0.0147844642644953 -0.37939401936977 0.228926257007127
-0.0539666627930623 0.109701313065465 0.399245736036868 0.55959684696729
-0.115352647354597 0.022827880102925 0.235525834675578 0.284818202892614
-0.106524104176049 -0.0278349348656291 0.0789544458542866 0.224795680676896
-0.117914741450712 -0.0227688170724764 0.110391796092922 0.117364076244777
-0.0953978025599869 -0.023625708398251 0.0755558330877364 -0.0105324100338949
-0.104374981557425 -0.0249984556790858 0.112748698945766 -0.109132295438937
-0.117647753967582 0.0178958475788592 0.150241905596889 -0.200839345380435
-0.117390790617658 0.0906771773551388 0.116464199748911 -0.263459999604255
-0.101180699013675 0.142202395295338 0.00384690406554903 -0.24001911359415
-0.0635220094120744 0.162273710071325 -0.133465653076287 -0.140627632557643
-0.0355666340684852 0.201413906310469 -0.18128100277233 -0.0331838535651712
-0.0389590818372114 0.200039438082265 -0.130957074285062 0.0656704571025199
-0.0282595074265211 0.173859994511332 -0.0704560117968916 0.184961861729378
-0.0390448938632066 0.187330142930217 -0.169157128896691 0.235244698876906
-0.0296822089127464 0.220098073134134 -0.357113844376025 0.180154691823016
-0.0557158915895806 0.234500331713036 0.442930773974715 0.523379926024809
-0.143854037519764 0.140052695322543 0.277394250472925 0.276819400503393
-0.164378994443419 0.0534855789364957 0.100820369194601 0.226206207169584
-0.197400549654 0.0529122477317859 0.12242800016303 0.114569219480072
-0.168747151525584 0.0548141606659872 0.0853541302556105 -0.030137752993945
-0.169156378821188 0.0496109169145363 0.096651112474161 -0.134123605374924
-0.168962374098859 0.0975944788040524 0.104637750949282 -0.200800787988286
-0.155959541499327 0.186554452541482 0.0650626366013769 -0.213195464678115
-0.134841646540654 0.26162012947066 -0.0214036004911692 -0.166617214901484
-0.0904947329846641 0.302775402929741 -0.130159520243142 -0.0718350370889079
-0.0485888678761783 0.359457556786806 -0.175933659279873 0.0131069790122234
-0.0343670690064239 0.355598987857382 -0.143280559490207 0.0630104636310197
-0.0036200289013288 0.323841162420765 -0.0876654714862497 0.131301749384292
-0.00799722428044984 0.353979344299831 -0.18880692069471 0.150033764023547
0.00424621480360883 0.382336344868698 -0.360428543067093 0.0674020084850182
-0.0316259685215113 0.343192542506218 0.48908347410118 0.427184473540159
-0.13501343026338 0.281827752628429 0.333747160728642 0.220179847397012
-0.184823326391814 0.19654630518836 0.143608408251613 0.183535972097479
-0.243603591876948 0.19380521129149 0.143252646357494 0.0863131739249587
-0.219032633917678 0.187457759411329 0.0905997934615093 -0.0511342752667064
-0.210055181350108 0.160489252274501 0.0698450050989989 -0.143265806604197
-0.191877139558612 0.187195092816162 0.0468540669946189 -0.173344089114494
-0.174077223903868 0.254873954733291 0.0023799626283498 -0.13303441760855
-0.160406510195993 0.323222323491692 -0.0538119007281392 -0.0624302926592753
-0.13090085033313 0.377649284226256 -0.12355267461381 0.0158402454971005
-0.0912393066837707 0.449658721485575 -0.16643461456863 0.0623570732722129
-0.0685958270451846 0.448139193053036 -0.158039591010601 0.0451551129018585
-0.0189366771990064 0.413745355599035 -0.117163979400886 0.0480788133587577
-0.00820593166364904 0.453152669846501 -0.220271869641472 0.028374244137062
0.0236852790026731 0.474066822755129 -0.376635164665883 -0.0861157884360069
0.0149771225206441 0.408733744911478 0.511865087139365 0.275661776932604
-0.0746374772869315 0.394378420365516 0.374013250733384 0.0979367915892495
-0.130285939318904 0.334021555670209 0.174500946083558 0.083366757886409
-0.203969813123928 0.333768030882594 0.148008401510114 0.0308085275263006
-0.196015752235281 0.319402587720707 0.084413384147082 -0.0554648984101149
-0.197510614403861 0.2692883425913 0.0359353905808684 -0.11123694985459
-0.17784956267834 0.259692142895072 -0.0133998289282556 -0.107404352274703
-0.167358065718908 0.285359139169528 -0.0631649948407323 -0.0322930862106666
-0.166994791558035 0.321289188921541 -0.0958078607377785 0.0433844658679903
-0.163092479440445 0.36474351875851 -0.128877998010302 0.0928289286714543
-0.142558819975546 0.430937853458443 -0.162105771995532 0.0956373804995665
-0.126489158726548 0.431478223599568 -0.168106232968596 0.0112884093147357
-0.0643201324476414 0.40340899484582 -0.139593207860102 -0.0501023479549427
-0.0321021698794476 0.460468230712774 -0.236304979402848 -0.102258084124203
0.0275879573172975 0.47985964320128 -0.391364649148008 -0.248320941690149
0.0698411400584038 0.403417619583822 0.494066489092537 0.0933864509661144
0.0134084330922642 0.41910294018315 0.361422171152213 -0.0596389206814658
-0.0193649397597828 0.377061159939101 0.164561785365745 -0.0413675070036786
-0.0936178109158873 0.374901289705505 0.129430146127968 -0.0256012230865803
-0.107119794086911 0.369548172602227 0.0783245017492777 -0.0332678183638455
-0.132014491778592 0.315803082515197 0.0152467883614261 -0.0368996993805106
-0.12960722028718 0.287446252776268 -0.0599940109974647 -0.00698637974009593
-0.134212919488573 0.27361714956688 -0.121426371648169 0.0733668661081375
-0.143622276122633 0.267026417761433 -0.142398416295482 0.12607588291347
-0.155219009119377 0.282327917243035 -0.144229123898327 0.132459457939518
-0.153066499950116 0.315479691602369 -0.161274697389083 0.0941988824526278
-0.150639432736069 0.309021933979925 -0.166478073568607 -0.0319857150872766
-0.0835243836998675 0.298536350233914 -0.142554384819964 -0.134594432379169
-0.048389602565247 0.386652644463286 -0.223783318641084 -0.204115762236685
0.0309991158714796 0.414465706970495 -0.398132364212399 -0.385875073162976
0.108956733496806 0.318485306383899 0.438753824112427 -0.07833500558913
0.0760086760179948 0.337183209626627 0.297334124628315 -0.194917645030725
0.0742541978626075 0.301576441501706 0.122666474507924 -0.139832648568862
0.0117634146492224 0.294636815611171 0.0994741607022472 -0.0568899900032177
-0.00961497437945516 0.303514675871603 0.0848504074605539 0.00721169904259996
-0.0471878154396164 0.271873099680427 0.0218815638454362 0.0518848132335911
-0.0661749189540394 0.247455082033926 -0.0823392297186759 0.102408373715205
-0.0806441101243292 0.219810281491466 -0.162651463176486 0.168907218383186
-0.0912222974381659 0.188291430318341 -0.178995226803921 0.175103479852278
-0.10185391580958 0.180265526043619 -0.153584256312289 0.130821054751706
-0.102775670218362 0.178916956266155 -0.147058117549278 0.0643586926103989
-0.108637919334893 0.162023585563834 -0.148567078571767 -0.0681934742657051
-0.0543840002616036 0.16729675453136 -0.129380775361973 -0.183831621832906
-0.0346958267697317 0.267824306118535 -0.19719601396711 -0.254682822407746
0.0478251011313449 0.298783236161805 -0.394152571750786 -0.485036260210294
0.116020120193358 0.169346248163663 0.37081661730278 -0.199908946992165
0.084988170968434 0.182094760582735 0.220279981694115 -0.270600351498743
0.103131588558828 0.151668208395822 0.0760506086516163 -0.189560606108969
0.0604633735850386 0.140219100535236 0.0756521988056247 -0.0666334493268732
0.0441561021549435 0.155242142705627 0.103117952799988 0.0386265390482022
0.0158194944023604 0.14918666050249 0.0494334315693942 0.118421282155544
-0.00401786289943732 0.142907946072408 -0.0779231369366804 0.190669995202376
-0.012872086598276 0.132398808238572 -0.17973032645678 0.238912786502788
-0.0211155697907383 0.110668801410543 -0.192278594633521 0.199731998521282
-0.027263214412454 0.104800623147759 -0.145789035063891 0.114229539941853
-0.0285683837600904 0.0897617132606553 -0.116037305502798 0.0306399778322816
-0.0294345840413877 0.0682929000996403 -0.123634983507 -0.088321188929202
0.0082072996189952 0.0798138627599713 -0.113802686936085 -0.198717465653191
0.00858148914271761 0.156578521386073 -0.174507909186068 -0.262337067207922
0.0753506505098696 0.165746290819401 -0.395817537873969 -0.534732182801813
-0.0349128003622994 -0.0132886474272298 0.375223816167696 0.532859186809084
-0.0751626930203106 -0.0588139722363165 0.2199660457799 0.269722387602638
-0.0532285081376347 -0.0550874854333063 0.0866300839743729 0.211515253137176
-0.0483725139340116 -0.0435778071060911 0.121209489992981 0.109457853953121
-0.0331941231695059 -0.0546385139495257 0.0848223476700653 0.00135999593749446
-0.0400419563078201 -0.0648227970176184 0.130366641653232 -0.0902293088665724
-0.0512370020613312 -0.0448727092561748 0.179100936555987 -0.188442424196885
-0.0601122225410357 -0.0155871377179034 0.149353934423003 -0.270591184979714
-0.0578568425081487 -0.00263793424182939 0.0308703973150911 -0.255721534114249
-0.0411931266991229 -0.0049422818452892 -0.114304120984236 -0.162037284237992
-0.0368473735692995 0.0181043919258702 -0.167480657623056 -0.0573116080931751
-0.0571343998600968 0.0238814232927562 -0.122513773474197 0.0603006504179452
-0.0661495571783171 0.00325345650402055 -0.0736920692137776 0.20170346584421
-0.0811709001640378 -0.00637189345753206 -0.176600964892883 0.273346889370631
-0.0619392431635936 0.0174174661864136 -0.378752918328805 0.241251813464443
-0.0518920567476196 0.107371858356436 0.403806763451532 0.53802189874148
-0.115328950954915 0.0256854164850036 0.234549456399054 0.271032622679505
-0.109019055570057 -0.0268082847213516 0.0845883632968599 0.218707028505192
-0.118256515521515 -0.0211905386599212 0.114820662924225 0.113822097535483
-0.0961422438546409 -0.0235098869805 0.0785916230726039 -0.00748168649207999
-0.107269200772256 -0.0244931137017306 0.112656760359358 -0.104141760639581
-0.119314837129675 0.0189922109126901 0.150306688588302 -0.195227373571948
-0.115705792446315 0.0906215222354508 0.117713061876572 -0.256696427388355
-0.0990397066053927 0.143733662974218 0.00665872151431729 -0.231812490676323
-0.0628837601034206 0.162646303189749 -0.128404365335615 -0.132528353615291
-0.0322465598534966 0.200674811447272 -0.177654321992412 -0.0288650213508991
-0.0348892908375114 0.200052401707251 -0.128388573171517 0.0667185240432992
-0.0254164985397144 0.174177763190145 -0.0683566586742807 0.180344360694426
-0.0363428878207204 0.188051331167735 -0.165951305563183 0.237081010847746
-0.0241113057644051 0.219534598910389 -0.356956984974627 0.19183057078265
-0.0528509014557851 0.230253686853739 0.449566034147213 0.500015931181882
-0.142643703930165 0.14138003846547 0.276743587606218 0.261832914699781
-0.166811081756095 0.053463803138715 0.106839862667942 0.220610609824995
-0.197681991116406 0.0540795203244518 0.127495211381818 0.111310241771006
-0.169240352544219 0.0541996713734519 0.0870820768892678 -0.0270686968458691
-0.171558011701632 0.0493148291118694 0.0964818592471497 -0.128367345149421
-0.171274445350432 0.0964592814357605 0.104775460504902 -0.195603110273518
-0.156426476612389 0.183837704404107 0.0657136309275243 -0.206526108389929
-0.132065813535958 0.260289416105415 -0.0186171985317084 -0.158523554501497
-0.0894527442009308 0.30221750141325 -0.124759327424677 -0.0646599039819536
-0.0442406850287033 0.357547214817818 -0.171649189016204 0.0174217048961749
-0.0285687661754933 0.353726806631518 -0.140666981680329 0.0651961484801755
-0.000469274552803191 0.322179269606043 -0.0873859279232805 0.128491047629111
-0.00463533323351518 0.351409064928826 -0.18583804139482 0.153559497019637
0.010803554189861 0.378645794982766 -0.361185510218716 0.0830547077087588
-0.0283963711916338 0.338208408229203 0.494551595521698 0.405047788217365
-0.132210435940415 0.28192768448211 0.334231485062529 0.206872127797746
-0.185963018827299 0.194864255663494 0.14719404257902 0.179374648423368
-0.24281008332076 0.195440916183569 0.146648546079331 0.084423408766864
-0.217124939749187 0.185801016906163 0.0914299295675837 -0.0485667236702027
-0.21036743214157 0.159115041642146 0.0695414905399117 -0.137809269446091
-0.193608064137336 0.183935475759586 0.0452032701233611 -0.169343430742256
-0.174203479345703 0.249527577252441 0.00280401528889159 -0.126805362488673
-0.157731725205348 0.320749594289801 -0.0512625097632781 -0.056457137541892
-0.128522342727073 0.37598080505242 -0.118358049743521 0.0210580736028692
-0.0865729362278469 0.447425407780732 -0.161457912213719 0.0659437656504163
-0.0634346849982345 0.447816239611707 -0.155716897080018 0.0491496601527258
-0.0154337429097362 0.410494030592752 -0.118450828318494 0.0475870472187206
-0.003913868190476 0.449475151373204 -0.217667707606183 0.0353426292913822
0.0301652432358131 0.466231298062159 -0.37865142610353 -0.0677714643992858
0.0194315585474508 0.402162860205924 0.514227496851989 0.255042708355211
-0.0701550903854899 0.392170690755909 0.372118209870551 0.0858043776153488
-0.129148700185561 0.330288117784168 0.175854989153704 0.0799990407656431
-0.201634879872576 0.332639753733913 0.149996237614936 0.0297361869735243
-0.192367220208861 0.315414810985658 0.0845422513870837 -0.0532510925866454
-0.196276579951754 0.26535069387547 0.0345226488286324 -0.106625815968715
-0.178654750734449 0.255885891146833 -0.016075540971464 -0.104388227625346
-0.167752867907095 0.278250524623529 -0.0630346922831491 -0.0287083622103814
-0.165107402649685 0.31695100210383 -0.0936631999135586 0.0483957458699388
-0.160428274627376 0.362678450801162 -0.12465905974094 0.0965866724796934
-0.138809771153936 0.427152878701749 -0.158401349556793 0.0982687474166271
-0.121551527545662 0.429845614147697 -0.166910290752067 0.0156228678413701
-0.0587557373243412 0.399993841406696 -0.142019871266104 -0.0483783481838678
-0.0301615036227374 0.458540855429343 -0.233831080690542 -0.0927033113787425
0.0315100415857009 0.472559741468899 -0.39657539754224 -0.22901707648623
0.0738636703800199 0.3975026096023 0.494583345875612 0.0751528884616
0.0180839007022309 0.413199038468991 0.357460555613818 -0.0696268101321601
-0.018077444444987 0.371538927861323 0.164235067853723 -0.0418158109634048
-0.0908601414349795 0.372332398257431 0.128785810152339 -0.025323767710069
-0.103082134033865 0.364559528129536 0.076924556552853 -0.03042377037329
-0.130132766423791 0.312517569152697 0.0143799889714388 -0.034969272983825
-0.130261060504055 0.282100668383711 -0.0640073242360025 -0.00658813270195409
-0.134540134452869 0.266450160789862 -0.12160650837896 0.0757023455021559
-0.142729717049701 0.261348251894815 -0.140950732031855 0.130042598360976
-0.153929747100196 0.278959407491966 -0.143201564711695 0.133531596086583
-0.15051504679843 0.31318029223009 -0.159940064369473 0.0965825255577599
-0.149044783055235 0.308596052531512 -0.16754768726513 -0.0259045158230671
-0.0833474292609863 0.295713335403695 -0.146355898419718 -0.130075189714561
-0.0463770947123511 0.38187735675952 -0.22330203648567 -0.192629202910103
0.0326647273654505 0.407273987100068 -0.40105875139391 -0.365875061838849
0.111616559939518 0.311416232407304 0.437336159075377 -0.0933054924790933
0.0804023328711235 0.330614832192858 0.293341762214399 -0.202204604673754
0.0735556238089045 0.293862538639473 0.120567132719449 -0.138755542292488
0.0126057476726899 0.290766121840026 0.0978858792331001 -0.056506941984978
-0.00685495066329428 0.296962978549511 0.0840693457915962 0.0080325456773666
-0.0459328721074945 0.268018234239548 0.0212788300719074 0.0508825122085993
-0.0651648803874656 0.242073754337613 -0.0859691912751865 0.100943351343184
-0.0801492949683646 0.214045361580413 -0.162055376878139 0.169242414069079
-0.090725204998564 0.182720944567265 -0.177697505847395 0.176587821273462
-0.101161851224769 0.17629056194132 -0.154304000630191 0.13082516909985
-0.102755015185196 0.174275371368714 -0.147813992176047 0.0648905117746264
-0.109326109679086 0.160106099254511 -0.151741809948446 -0.0614501917771182
-0.0556805090411737 0.16329487680404 -0.132957427257917 -0.176328635191324
-0.032960236678733 0.263671453285635 -0.197026219811412 -0.241927405576556
0.0470504518721576 0.291721124182567 -0.400661017233201 -0.45900242360576
0.117291600260469 0.163753748435106 0.369275209970237 -0.210353360713852
0.0867830600287746 0.177982319327409 0.216161359924822 -0.275112972087419
0.100966475731402 0.145916662925724 0.0746428537339014 -0.187508831740072
0.0584959206963205 0.136439843552291 0.0744915270989153 -0.0648461203851094
0.0446219111764728 0.149920201483018 0.102586892660782 0.038012616836892
0.016036820183058 0.145423637549253 0.0486951171897257 0.114843278693411
-0.00297006818997086 0.138984212280595 -0.0807827915572602 0.18566653825531
-0.012281185469487 0.127293092582541 -0.179224837432706 0.236319520427281
-0.0210437694894247 0.106852716526795 -0.192648508446603 0.197781124490766
-0.0265526740763175 0.100614853921653 -0.147926213838616 0.112796954901238
-0.028796213950702 0.086175701469443 -0.119199326503107 0.0289020436830973
-0.0320132699122596 0.0660141839985695 -0.12749844346723 -0.0826230895844795
0.00568244741618097 0.0754888963804255 -0.11858940678088 -0.189915634674344
0.00956875743104152 0.153597701253409 -0.174118523749593 -0.248766469772889
0.0743570994461392 0.1601911547456 -0.400995627554552 -0.510390399230125
-0.0342944870738619 -0.0148257951585704 0.376810881925483 0.521795827088044
-0.0744956040151577 -0.0562643653692345 0.218036521518271 0.260404599756076
-0.0537872325485361 -0.054014410257562 0.0913154918064093 0.208200839504232
-0.0467853492080967 -0.0430070925588191 0.125520511244768 0.106147616623493
-0.0326077614142199 -0.0543602962432218 0.0887054054938237 0.00476630864905856
-0.041575162195217 -0.0642449060174601 0.13419315317203 -0.0858587069395494
-0.051847074677508 -0.0438065664355384 0.184701526833125 -0.183604969728506
-0.0591673259226977 -0.0127477866421692 0.154153408939902 -0.265496245563257
-0.0578849504697849 0.000281307458399423 0.0367061925517946 -0.249427468622137
-0.0416596737852404 -0.00265064437502879 -0.109352498597116 -0.157572516773683
-0.0354951240421838 0.019479472719208 -0.165885059815243 -0.0554333636032371
-0.0553122277773059 0.0256933870687802 -0.121980804458703 0.0604965436503682
-0.0651536333691117 0.00537802856256654 -0.074160020605875 0.199391708578863
-0.0797547358598765 -0.00404363496247676 -0.177936114122054 0.276722652281635
-0.0592844779340588 0.0186462856656604 -0.384488721413693 0.251324989274452
-0.0533049130674667 0.105719277958436 0.406422593998984 0.52582376403869
-0.116233845648661 0.027389983370799 0.233064751087039 0.262137592010033
-0.11261737861561 -0.0269854794811609 0.0891105407375269 0.216367775379341
-0.119339235165727 -0.021073202415311 0.119557836219672 0.111445305650109
-0.0978445313835868 -0.0244001862346949 0.0818960647715988 -0.00399826777771958
-0.110359559179766 -0.0250310033955204 0.116915225879682 -0.0982199670444195
-0.122770735085798 0.0183479612205972 0.154836215526306 -0.19096882559461
-0.117812203582137 0.091040704370517 0.122822356878809 -0.251375576940042
-0.0995732209256067 0.14501911444714 0.0125039440155379 -0.225465496331322
-0.0648896799316901 0.164167387649181 -0.122530970630731 -0.127874728481875
-0.0319001286363735 0.201533037753413 -0.174791554681227 -0.0264372952584777
-0.0326830189071437 0.201645572641924 -0.127940057310091 0.0673499444887801
-0.0254445253605279 0.175734688659482 -0.069165494386376 0.177743507844143
-0.0357517570688048 0.1908431335548 -0.166388352809192 0.238397068671419
-0.0216455805543746 0.219145179712315 -0.362211084947468 0.203804855165192
-0.0547168889261509 0.227463142895237 0.452083917975942 0.487221048870154
-0.145302639972849 0.14287792255492 0.276746081764306 0.253923737530527
-0.171745895913293 0.0520788328735618 0.110701764008741 0.218840388884475
-0.200993421328088 0.0538815389370407 0.132028082797298 0.110420510803181
-0.172114174747412 0.0519020965172518 0.0903150951572853 -0.023676363685796
-0.175590484486753 0.0478447383385826 0.100304693330916 -0.121978631805588
-0.176340015078774 0.0947021348300275 0.108227989366097 -0.191118698746035
-0.160456219588241 0.181451945753613 0.0701295688505946 -0.201480414206808
-0.133707203033031 0.260357495068211 -0.0135524385443405 -0.153165600387262
-0.0919488596101586 0.302935681975088 -0.118141881866039 -0.0609382145756004
-0.044618342415054 0.358039598122558 -0.168849252202084 0.0199303291158179
-0.0276558831318866 0.355865061725252 -0.139599659320882 0.0659716933314464
-0.000870304770263071 0.322732030503494 -0.0893944798262451 0.125796171165787
-0.00579903768625499 0.353979315124099 -0.185666160096931 0.156055666416199
0.0121664441668678 0.378589084582237 -0.365118500762732 0.0937902063869208
-0.0301159159691763 0.335367409762298 0.498065580116172 0.391732004855682
-0.133954390043402 0.281774214013551 0.334129836764901 0.198186971230134
-0.192041236572733 0.193363182039224 0.150971458530396 0.178777259075063
-0.245650089268168 0.195364762245375 0.150175025090265 0.083625499315328
-0.220089655789649 0.183220143042058 0.0939230462323536 -0.0446602597660055
-0.214873657015597 0.157209999797481 0.0715179101727283 -0.132044406636077
-0.199535277344409 0.181934563655309 0.0459325846339354 -0.165985289375044
-0.180286725782027 0.246152937019641 0.00489658835302892 -0.1226864845121
-0.160922599039392 0.318999713066405 -0.047555594567401 -0.0515368214062886
-0.132387532012001 0.375416517553623 -0.113565038416643 0.023796407288107
-0.0880448972383262 0.446841196358514 -0.158703051641056 0.0678912368685896
-0.06228326725133 0.448702579523118 -0.155822752982214 0.0514483488559368
-0.0156071729614221 0.41157624837875 -0.121464755068059 0.0457485433788517
-0.00537077705183332 0.451897092066055 -0.216775928254309 0.0384120766844119
0.0301765592466317 0.465489971165095 -0.383410868947467 -0.0559734122054922
0.0185383849505436 0.399281041502938 0.516972593259177 0.24126770117397
-0.0717141264700497 0.391625288485503 0.372912570649451 0.078811954414796
-0.135040419696067 0.327206174995197 0.177669861618219 0.080805984773781
-0.203414087457467 0.333653797947767 0.152506924589097 0.0295778416151942
-0.195398556556593 0.313848343478212 0.0859860146838654 -0.0503429630099869
-0.200393707526803 0.26313567109793 0.0361428945118482 -0.10269016116513
-0.184184575831651 0.252516542190947 -0.0171942718959698 -0.102947577132369
-0.173280786379358 0.27404027960219 -0.0627795705636636 -0.0251853342155691
-0.168991115063712 0.311771143753738 -0.0928660339595294 0.0527644492568944
-0.164834179455342 0.361732615184567 -0.123499735105685 0.0990427363474957
-0.141120215967508 0.428050802994568 -0.157419615600052 0.100699698500582
-0.122258137682708 0.431159919273835 -0.168853533531872 0.0189569559398014
-0.061740182985362 0.399545480014604 -0.144963399979348 -0.0483094123066251
-0.0309639811087785 0.459102178021712 -0.233008206761897 -0.0877396084757992
0.0300297082655112 0.470924353596247 -0.3979371215156 -0.214563214936565
0.0737267145728132 0.39241482873252 0.497904326550433 0.0629609164468866
0.0178491457609223 0.412051089047817 0.358475999931103 -0.0756643980223072
-0.0223631178349629 0.367725186772397 0.165849273960418 -0.0416235939445648
-0.0937913641921555 0.372857298099803 0.130641944000011 -0.0246727324965124
-0.10606232614342 0.360193027410943 0.0775158528561159 -0.028575199868031
-0.133998615152389 0.309594179250726 0.0144665536585141 -0.0336531436979392
-0.134673665526745 0.278219721390913 -0.0673716937648309 -0.00671010266205355
-0.139703262114344 0.262190418430853 -0.122788149085935 0.0770051941174329
-0.146426677391161 0.256229053829659 -0.141455700379194 0.132121524529413
-0.157702809278296 0.276731751912105 -0.144919719114995 0.134966570429995
-0.15377135716652 0.310795028396079 -0.161221192314842 0.0978502313598075
-0.151240510308322 0.308513357203836 -0.169941727686572 -0.0223342468449259
-0.0869770558116798 0.293621190358973 -0.14888398717174 -0.127736341299619
-0.0490752189311673 0.382055942628358 -0.222014933277079 -0.187017469398749
0.0296424518467214 0.402576163725707 -0.405494051998867 -0.349904221792357
0.111889708467118 0.306787855982461 0.439921992001938 -0.1031093017879
0.0816091844946889 0.329273317636598 0.293410595446146 -0.208000086388795
0.0707068209880615 0.290350647005592 0.121661898899534 -0.137318288049416
0.0103760857784695 0.289943450013459 0.0980416708571177 -0.0545169436040986
-0.00868741626965596 0.29336055714971 0.0840884153196091 0.00939769394799169
-0.0475804859857571 0.264752663587084 0.0205539739576891 0.0496795454321859
-0.0692825192586132 0.238733429066807 -0.0910873237670719 0.0989751181437169
-0.0841427127584751 0.208934992611942 -0.164764384271021 0.169022537689512
-0.0937723931609212 0.177997872284539 -0.180232005334363 0.177817410998353
-0.104197888167224 0.173459369456351 -0.159398421230341 0.131178410303445
-0.105963976795617 0.170910352601504 -0.151420531173232 0.0647268711289421
-0.113103938944652 0.15872917179795 -0.155036526623734 -0.0578325099667978
-0.0598611834649048 0.160510427040606 -0.136188117380108 -0.17299603788169
-0.0356508579968118 0.262300307344092 -0.194741320473649 -0.234288176078975
0.0440068057356883 0.289071686675744 -0.402254823500465 -0.444948152438712
0.116535693240307 0.159325534595923 0.37159149256646 -0.218167856997769
0.0875247948817833 0.176012156131167 0.215997992741826 -0.278848098299727
0.097684025095335 0.141962690612519 0.0771737411319737 -0.186176002422084
0.0562137474295615 0.135626605350566 0.0746784272267482 -0.0642281212068326
0.0433743837686197 0.146133690047387 0.102097430016336 0.0388187975596279
0.0151139401186089 0.142672965820646 0.0469794473433103 0.111174173637039
-0.00521252979897118 0.136149380109699 -0.0871474827941101 0.183366179442817
-0.0143064558342445 0.124058617098537 -0.182906113567814 0.234005958444046
-0.0223730709188817 0.102567298691289 -0.196299209835378 0.196857728283313
-0.0282290322764162 0.0969844362102802 -0.152659837013064 0.110951599096695
-0.0309761208617308 0.0830300162448409 -0.123888707888183 0.02751837003863
-0.0345345979769719 0.0639139582756059 -0.131375557072661 -0.0790671790476172
0.00207875791625325 0.0724791834140198 -0.121090102634344 -0.185567754740984
0.00862742808022596 0.151938578333397 -0.17182805426596 -0.240736027155857
0.0719362893940517 0.155864495141013 -0.403485595891045 -0.495707311094846
-0.0342877805210156 -0.0162264086496537 0.38445203045686 0.520500558300549
-0.0750742881291763 -0.0551111024346885 0.219313546583029 0.258327953200242
-0.0545221232887046 -0.0544445170362001 0.095097641106625 0.208117147095955
-0.0469692287310032 -0.0429988808125559 0.131382737939879 0.106035040083804
-0.032932445308342 -0.0553672467803413 0.0946844341362352 0.00801193858246636
-0.0432335692085961 -0.0648970001194477 0.140860987799332 -0.0826778370491289
-0.0537925773476062 -0.0425865847737693 0.193456470491757 -0.182635504776797
-0.0591679565185197 -0.0111184384095032 0.165229657627114 -0.265656128317931
-0.0578879188663446 0.00296389009107396 0.0459728376409717 -0.248395314257112
-0.0435534432104106 -0.000434793870550892 -0.104817668020106 -0.156860432313863
-0.0353835741431955 0.0207198467179668 -0.167095564958477 -0.0538987820909195
-0.054397213158141 0.0281435725137487 -0.123661496699512 0.0607426815841417
-0.0654234459994849 0.00791476542389 -0.0760953505152746 0.200489085945147
-0.0800168509518996 -0.00216042051435142 -0.18354550931986 0.2836847474001
-0.0568863826427325 0.0190115712325377 -0.396583908837255 0.266046383112967
-0.0547262347199612 0.106869831131266 0.413445832553911 0.52358902733881
-0.119883845780835 0.02910913008974 0.23467499029974 0.259760207312118
-0.117480357083683 -0.0276441008893615 0.0936536846879975 0.216666224383863
-0.123680705782577 -0.0217804921520036 0.125632752725943 0.112073965126442
-0.101547855434488 -0.0263301313031118 0.0878523269532648 0.000548533234975205
-0.115848174214173 -0.026265186588467 0.122862130332228 -0.093900041160767
-0.128790249036412 0.0191583827846875 0.163301691951716 -0.189780447503699
-0.122065937381379 0.092595118441686 0.131964327955671 -0.251071403441512
-0.103079799747016 0.149021954189873 0.0209032587961912 -0.224219196966253
-0.0684167742352014 0.169225359775414 -0.11774311596279 -0.12608928349858
-0.0326550413528456 0.205594783564409 -0.175178120550041 -0.024333055925605
-0.0325676706690905 0.207100570317217 -0.129802649543402 0.0684722984712392
-0.025835564654765 0.180180283968001 -0.0730913320084867 0.177962728308932
-0.0361456419327763 0.196785839620309 -0.172041206934182 0.244410936875596
-0.0198355170132748 0.223065213785577 -0.374040669448064 0.217651587150222
-0.0569316138627873 0.230833553974176 0.461033891390179 0.48419971970181
-0.149829675230899 0.14699233862533 0.280136367886259 0.251300503808887
-0.180205251218436 0.0518965121133549 0.11553735520329 0.220930893694052
-0.207333300827675 0.0547365478718662 0.138918731383164 0.112013887039524
-0.178627616270042 0.0502398973316734 0.0965264555309802 -0.0202303864286227
-0.183600032749725 0.0474210154466671 0.1060237777502 -0.119058949072399
-0.18538841163299 0.0960873859084826 0.113078632769682 -0.190737233001961
-0.167695648466383 0.183546643702054 0.076612974500737 -0.200879879237289
-0.138543916399952 0.264101060794836 -0.00743063861799383 -0.151394775183177
-0.0978872610134078 0.309650415351088 -0.113843493530086 -0.0593395052572946
-0.0477794201148557 0.366474696893233 -0.168488641551256 0.0215761367196804
-0.0272287535694055 0.36537454078737 -0.142250176901866 0.0684401892672822
-0.00198875707115429 0.330552384413104 -0.0937323295948392 0.125079961686652
-0.00592598309201107 0.363736111047302 -0.189356815960779 0.16049861641299
0.0141031976541978 0.385007141091849 -0.377015324400061 0.106516362815187
-0.0319462518663032 0.338885680999149 0.509304184159921 0.387054399743712
-0.138272646026298 0.287781367123954 0.339654743058515 0.196027500170399
-0.201270836430642 0.194907965093665 0.15609656327661 0.181607665672216
-0.255663601832927 0.198576686699106 0.156878189087442 0.0857896213485276
-0.228318715076581 0.183041715074899 0.0992608704698754 -0.0433350022855776
-0.224284433174923 0.157043047993609 0.0764537762003754 -0.12975764919008
-0.209859559193547 0.182939972940568 0.0484877590890589 -0.166072413130662
-0.189796131462276 0.247461056051768 0.00812220804889403 -0.121589808864267
-0.168406120504203 0.321676752942477 -0.043696255252058 -0.0479278406553565
-0.139331818178035 0.383175299685032 -0.111427670245983 0.0268064197124514
-0.0918198030841784 0.456419891247579 -0.159195434829386 0.0709459979574387
-0.0647360353578468 0.458511783007652 -0.158611901084745 0.053414342507456
-0.0179585369626448 0.41974845701698 -0.127516006200262 0.0453775252251969
-0.00758220640963172 0.463410293025852 -0.220274962720115 0.0419216547238419
0.0296438677853701 0.473132026659956 -0.394552022536811 -0.0465268029571891
0.0167836496199641 0.403954080657694 0.528555759145373 0.234733737617402
-0.0732058811335232 0.398503474596045 0.381059432465001 0.0732325643271503
-0.143522125493948 0.33244115647477 0.184011184415531 0.082873266094794
-0.212697994650597 0.339208281518791 0.158995311100531 0.0318417952256493
-0.20302742431292 0.315680725003485 0.0892444158280148 -0.0487711886892757
-0.20902557058692 0.263904020572008 0.0387620704302982 -0.102466762100303
-0.194584338351146 0.253700343477754 -0.0192205537181282 -0.103509847083899
-0.183406792414807 0.275208121650703 -0.0632716872305884 -0.0225583503269046
-0.17706026458601 0.314491618771429 -0.0916048782281765 0.057443251633246
-0.173030661511978 0.367143999862916 -0.124211834707077 0.102478878000575
-0.148192957076473 0.433608014074968 -0.158939699978138 0.103745476251062
-0.126164469315902 0.441048861985509 -0.173187953562854 0.0222213728890352
-0.0658207490212292 0.407276584684909 -0.151525334173884 -0.0497653575343062
-0.0358421783578837 0.471058139724704 -0.235824054307027 -0.0855644873904136
0.0293301309811989 0.477882845054575 -0.409724295418576 -0.206834126809069
0.0744383987924214 0.396061709640442 0.508307098932733 0.0556502993425765
0.0182966192745148 0.418496352345811 0.365280788110037 -0.083888344824293
-0.0280857189720633 0.372755347936527 0.1712959740902 -0.0413068532960656
-0.0992087943693627 0.380372993395017 0.1344051915934 -0.022869782219652
-0.110453395661424 0.363937626593341 0.0797510825678631 -0.0274232769487599
-0.140713713918057 0.312166135622821 0.0156775682281532 -0.0330765609125417
-0.142869220050444 0.279310591862113 -0.0725501944455029 -0.00681546200752974
-0.149161175344032 0.262769085599924 -0.127278905562154 0.0802425238540182
-0.154503066385366 0.256229284483192 -0.144680710609651 0.138472471542558
-0.164360112100339 0.279491765598168 -0.149133491945568 0.139210322889491
-0.16064916736872 0.312803638575613 -0.164920446708201 0.100892799297048
-0.158544760298408 0.314743326131846 -0.175153744296987 -0.019984698496521
-0.0919778038181066 0.29791669559728 -0.154792239637972 -0.12832498194671
-0.0528741483925234 0.388839681958551 -0.223707086235171 -0.184036565682629
0.0286716391556338 0.40913077573148 -0.415155017064347 -0.345029826440974
0.111496629039178 0.308488840093089 0.450613592947422 -0.112876930049576
0.0815158168482697 0.333472070150203 0.299727518372942 -0.217309035556835
0.0679185412378397 0.29240120292169 0.12599189129798 -0.138751575547011
0.00728428405144846 0.294685749600257 0.100711319278594 -0.0535674115582087
-0.0117461679225558 0.295605726682747 0.0854824155643893 0.0108587718858322
-0.0524108602252957 0.266775583470625 0.0196607359611949 0.0493231299317419
-0.0733809867559554 0.239538708836835 -0.0991395552004985 0.100197162818307
-0.0899160891887642 0.209411448445099 -0.172498752230671 0.171810195127691
-0.0997144812543643 0.176963082586548 -0.186266021251673 0.182628836407796
-0.109780060258001 0.172325637883582 -0.165883483103077 0.133595864313571
-0.111926678719912 0.17042988244073 -0.15752302892441 0.0660964556112378
-0.119432293598828 0.160952080466659 -0.160564691128141 -0.0563877549460204
-0.0658249207198482 0.160505558202465 -0.140895457960014 -0.171699956190727
-0.0387926297229714 0.266447925684583 -0.195295238303327 -0.233114341783763
0.0416361229663619 0.291198168593103 -0.409855880742748 -0.441528451586969
0.117304280196433 0.158671707382176 0.382847988093651 -0.231419334642197
0.087618669452598 0.177863451902596 0.222975346717511 -0.288327837670924
0.0962726829013145 0.141850634003979 0.080106766537674 -0.1885357215112
0.054737773214943 0.136767084243538 0.0767757648339188 -0.0632855908868464
0.0423037391252364 0.146237996888911 0.103647700818403 0.0394414593687906
0.0130113505281386 0.143120796966793 0.0445085789080228 0.109841190229983
-0.00796680734858383 0.136205253795404 -0.0951409754369172 0.184561987720311
-0.0174662557778958 0.122996105291902 -0.19189564112431 0.237226520266985
-0.0248924348507568 0.10079653911387 -0.204775934373027 0.198770104188601
-0.0302214140558852 0.0956454632976171 -0.161124205547134 0.111920515146544
-0.03380986630431 0.0813340009408419 -0.13130674441749 0.0267893190749062
-0.038613157934881 0.0631802958695525 -0.137768726760176 -0.0773250210965856
-0.00133949111612617 0.070832092459062 -0.125484854221295 -0.183796297759981
0.00707910046113002 0.153337535160211 -0.17137841029878 -0.238517728760678
0.0708239679443381 0.156122606014023 -0.409313086932835 -0.493389984307984
-0.0342981643802607 0.00708144673843286 0.630826809718347 0.178558497702012
-0.0892841149820994 3.24058869290595E-05 0.329517223096374 0.0715085021540746
-0.0752639283251811 -0.0101578771272897 0.202794724154022 0.109556410142089
-0.062115836230884 -0.00709059533721636 0.172405266560712 0.00241747926230778
-0.0600712760553863 -0.0258832363117734 0.0864050448916272 -0.0521070716060435
-0.0764127489206577 -0.0254401710847077 0.068184136229712 -0.15591831416729
-0.0716774197634119 -0.00087758714471352 0.0495554409806218 -0.275053530012381
-0.0549327683460224 0.0279972501350227 -0.0223214809604215 -0.32232097890921
-0.045454238356667 0.0397811457868926 -0.110426285637241 -0.234973860025042
-0.0365772261087601 0.0301142829758285 -0.178327483417612 -0.0655950584972208
-0.0156123703151628 0.0412597390052895 -0.166783984452185 0.0612830604549774
-0.0253064442604061 0.0596204363672812 -0.062626168352594 0.127543393072902
-0.0471546787045786 0.0526691994090755 0.0644773901070752 0.210549783914522
-0.0652032415152506 0.0559081368393411 0.0346663128089383 0.354710432199005
-0.0380755880031966 0.056260614981403 -0.150589746109613 0.490454725742273
0.0181437685242795 0.122684003267865 0.66569211570691 0.1622727611354
-0.0779549543420772 0.0950545981167947 0.343676527071212 0.0668777464482601
-0.113853440269236 0.0499190830396503 0.207201708538169 0.122067467716434
-0.113245036967281 0.0548650593832504 0.171606580855009 0.0142879530595998
-0.100867372242695 0.0389775390975299 0.07585478826606 -0.0531195387973773
-0.114094539579275 0.0506993040589157 0.0455768485567224 -0.152434437012454
-0.0971030877670415 0.0973475057417995 0.0197957205237092 -0.258031760835096
-0.044404687881383 0.153146834572381 -0.040883386910433 -0.29048975249382
0.00739240156115222 0.189030746458454 -0.116570363831319 -0.200790054772085
0.0496173861827367 0.187629974439738 -0.170083472734305 -0.0342884186929292
0.103238126901776 0.195429203990154 -0.152088750319417 0.0882867055524968
0.105084165028582 0.198442311902753 -0.0628703818259843 0.136022662546229
0.0978596140285113 0.175512411280296 0.0508962685972559 0.188634088819866
0.0996528241916923 0.195752556600471 0.0136008159447898 0.315475397084717
0.127382306746119 0.204689124817856 -0.172720312033495 0.431311764611335
0.0871232640533819 0.228078073005777 0.686621402978486 0.0994818528900394
-0.0348552937056006 0.207498735257246 0.378813792829599 0.036153300948453
-0.120352441590503 0.153536921680688 0.230734809927288 0.116564741025547
-0.138830681465331 0.167000830446837 0.184497796684349 0.0118098494462078
-0.120473240415491 0.147640324454228 0.0698557145047132 -0.07347629600838
-0.126657400905875 0.15084242267102 0.0148171787986104 -0.159353728361964
-0.0975340700856999 0.194861401822693 -0.0230098055109005 -0.224615819320988
-0.0283864055168631 0.25790871400295 -0.0568576189660606 -0.214745256219808
0.0475029700514935 0.308757503624386 -0.0963810480345392 -0.122187712147154
0.113337795701568 0.323443219532405 -0.12609966543221 0.0191521521273995
0.193662095153693 0.339937918412831 -0.116818976537194 0.119558238995983
0.207653095682143 0.328343648279679 -0.0737312105734361 0.142231491198769
0.214940042018261 0.288565358817953 -0.00177558493724883 0.159309013912895
0.232052757438202 0.315439422730248 -0.0603420405718398 0.260228345486272
0.261774479564442 0.318039142141691 -0.256015495892061 0.338420320605088
0.170733004864252 0.302341206748702 0.672296680908803 -0.0141361532739089
0.0559239426846516 0.314759264055566 0.398733920718999 -0.0459148275605637
-0.0535411181221295 0.284505780902164 0.245800598957394 0.0640777538786758
-0.0940851755720417 0.311549681356145 0.188371695116668 -0.0152513509665522
-0.0832663911474066 0.286050476074582 0.0589887220099098 -0.0907923543342403
-0.0936880125018345 0.26599577471472 -0.0176546925136577 -0.146932393164866
-0.0654398536853788 0.280697476541404 -0.0628291568131277 -0.16130798654153
-0.0070632673405321 0.324747656112201 -0.0657960348645236 -0.10544808454802
0.0582033910820457 0.375987429355544 -0.0628731765591869 -0.0143293155995083
0.125193962331904 0.412262389170767 -0.0716834329841631 0.0887111755343243
0.213270193802509 0.444049791605737 -0.0769274752191237 0.15439625799032
0.235508561317281 0.432039416442694 -0.0963553571187596 0.14076290254675
0.25610976648397 0.375556361020163 -0.0802570358676685 0.114426062903054
0.29377169612719 0.400450092498704 -0.165984877340018 0.182243054247249
0.331790784755483 0.382379495255852 -0.373441513289641 0.221750893337551
0.248545200544406 0.325814397151025 0.599235889840955 -0.155696245476161
0.17354752849149 0.366497379256983 0.361755652754834 -0.169717823307235
0.0755661591678368 0.360888721567222 0.214658770512748 -0.0323807386174443
0.0237300155098491 0.402271661818283 0.162584880493449 -0.0577023490970684
0.0162988023872421 0.379577585108084 0.048351042096474 -0.0880295323091448
-0.0168578348659866 0.344733929577414 -0.031230936670576 -0.0987029623313991
-0.00932431949735518 0.328010441298061 -0.0806146704128573 -0.0651494239181572
0.0140055428188102 0.343413356775111 -0.0653039715673646 0.0212803458667198
0.043757554350053 0.375049384177458 -0.0378578008017533 0.103818462711344
0.0854962107408984 0.418358361924507 -0.0366862110934123 0.161069166194125
0.150995269387704 0.462174399470686 -0.0563846014091955 0.183074648103808
0.168763569915625 0.45822077893179 -0.127245171411988 0.125330273494782
0.204199581251115 0.394931923732222 -0.159242777624984 0.0545141546421978
0.27258573934165 0.422304469553089 -0.260617027039367 0.0874400915023772
0.331233558163719 0.384033949447949 -0.491786023001436 0.0969153068346139
0.291578764471359 0.286197902237999 0.471106603599521 -0.291766223703058
0.257569879695134 0.328201359814802 0.256321977297494 -0.290730378130271
0.193981122718395 0.324064215187434 0.132541326022635 -0.130136871494172
0.137372067136536 0.367624393977645 0.113403616270278 -0.0895771733117549
0.120808169325041 0.363878330592666 0.0550384290723345 -0.0651133574374998
0.0681977359144378 0.340295885226338 -0.00803906155090819 -0.0274847519871108
0.0498358788437858 0.31619484423377 -0.0651862758630222 0.0488661019204136
0.0350880724982359 0.311063666511284 -0.0551157097277537 0.145913103817457
0.0261509589045938 0.312866043711984 -0.032700589575922 0.204163056821136
0.0359498967045136 0.33859058307369 -0.0372903629119611 0.209749147259624
0.0617574571378498 0.369493214958485 -0.0664658419127709 0.187249674637731
0.0609504847986046 0.369820162248658 -0.155404237690831 0.0956468507870887
0.106850750605561 0.318841361668427 -0.210108624762568 -0.0066899179701116
0.202780675503548 0.364883232918954 -0.313037510838288 -0.00251349716883262
0.283653568656853 0.324759240692349 -0.583698869951226 -0.0132259833814661
0.271331190938225 0.189289037357675 0.313321774126575 -0.394643749316708
0.259149602026174 0.220627594417948 0.120326770362536 -0.363178684125848
0.224384575863954 0.200106277078406 0.0338104385718475 -0.188934673696782
0.175481811167635 0.235150091816803 0.0644531645208579 -0.0999412515343517
0.161639496082221 0.246356360856703 0.0814949901862528 -0.0399797023471188
0.115237170985569 0.249062104776236 0.045584992543292 0.0347875837605165
0.0829984837435042 0.240448849408435 -0.0209460507575003 0.152685522343268
0.0511807619669493 0.229223859181561 -0.036749771563324 0.250280405241199
0.0216694411061225 0.212093554040545 -0.0409230290954291 0.267591606526024
0.0147907682053157 0.212902468209035 -0.0561301580168156 0.216694406270497
0.0104584121155069 0.216718454148956 -0.0862755496126534 0.155306800332791
-0.00514749582186931 0.213460370222274 -0.166795728143667 0.0592772777246071
0.0395294868381157 0.18144619201217 -0.224597820076439 -0.0475966199425284
0.134251208226367 0.249793297416065 -0.314793301934131 -0.0608660605510835
0.216709591453034 0.214553248432956 -0.636962425198419 -0.0916397841776846
0.188138092842499 0.0604334752137166 0.173987846484254 -0.446607897704238
0.172317830465362 0.0904244811788469 0.0075586551261519 -0.377420111794305
0.158240542858148 0.0579265031167651 -0.0402343665521492 -0.206995722463744
0.121530876658417 0.078879020324075 0.032368434199631 -0.0981441850137611
0.11809875979304 0.0919722026564726 0.111606947386573 -0.030434039348128
0.0949950777780957 0.107990615049405 0.10264617382897 0.0653630959166436
0.0750274623234315 0.11508156406365 0.033462226057951 0.219178243125936
0.0598199898643331 0.111588567306109 -0.0143214799650058 0.31684343114125
0.0387926851882375 0.100464762927008 -0.0474320862154702 0.295063541002522
0.0328910544850412 0.0982801209765837 -0.0676879256208603 0.19604608617658
0.0196120201446708 0.0904480582470739 -0.0940222451352454 0.107600228314228
0.00222689867943728 0.0786924857514386 -0.162374394935152 0.0276983906911592
0.037174968465 0.061777905869769 -0.218821850629418 -0.0653395030533516
0.0995064283755945 0.122952990146062 -0.292790342933211 -0.0810123344066794
0.153089488943902 0.0795117476126445 -0.66292469709768 -0.131792489261874
-0.0351839058804931 0.00818830124002545 0.656004833821794 0.153441158211533
-0.0911155361172674 0.00386250328628391 0.337589106488908 0.0579139519042474
-0.0777207138501975 -0.00664964272381953 0.214799780711419 0.10122098019395
-0.0634003843822255 -0.00456322433142121 0.179818997709183 -0.00865128181579109
-0.0646136641569762 -0.0244992604926158 0.0938770410920237 -0.0587253348194576
-0.0807771988452311 -0.0214483344109703 0.0718943585448732 -0.164975209144059
-0.0740245543472218 0.00346123617250708 0.0471445981761643 -0.289193047227457
-0.0539317661847836 0.032016595221701 -0.0277825221753735 -0.337900627372501
-0.0429062492355641 0.0447017143440895 -0.114462480070099 -0.243305555726727
-0.03505543749594 0.0352926620355065 -0.18077183984046 -0.0628543927736013
-0.0132029079841389 0.0436747237941693 -0.167752189811746 0.070574726651683
-0.0209455389094807 0.0632382655271053 -0.0603247288675686 0.134238720457976
-0.0446403514715535 0.0586692659329038 0.0723726255702525 0.214987869904817
-0.0635401306421439 0.0610863456080706 0.0500591829800733 0.371730465572653
-0.0356917298675412 0.0579582400046321 -0.131014548524804 0.52787906127425
0.0228488216299028 0.126964654989346 0.691478987205902 0.133802218927806
-0.0765283844359333 0.104083246009622 0.351814996430571 0.0515413134401339
-0.118786267052928 0.0593872851995977 0.219824818124967 0.114536258433598
-0.116496486197255 0.062989033031896 0.181075500485452 0.00354824740399111
-0.105609922038324 0.0453580011762493 0.0825787986710177 -0.0595420040582202
-0.119494981976564 0.05933268130426 0.0491338079949897 -0.160530772365938
-0.0986233040584572 0.108310404653449 0.016629894082781 -0.269759800120876
-0.0414756409962056 0.163265033497172 -0.0462215140615175 -0.303890724275516
0.015145540418017 0.198824528035446 -0.119985958098643 -0.207515515702483
0.0593398601958251 0.19651844875174 -0.171371600433597 -0.0319129333326672
0.115492207469235 0.200386500786232 -0.151548408071947 0.0969432444118056
0.119265198591204 0.202386413884077 -0.0604451913319079 0.143260555366089
0.109756222948498 0.180859602093438 0.0566531423019248 0.194434412111644
0.113177614613379 0.200351720328598 0.0270079403329793 0.33039176666199
0.141241800135953 0.205072124287312 -0.156933940827334 0.468029586854978
0.0975867649566481 0.234008076224118 0.710983517591707 0.066277920257514
-0.0288294083532898 0.219675546048328 0.387869837453277 0.0181508700424655
-0.12292900629914 0.168269128281665 0.245148298968131 0.10963294214964
-0.140138256831857 0.182132300622718 0.195069628304333 0.000648859040787201
-0.123708905816025 0.159848459436313 0.0744247571376548 -0.0809621701083352
-0.130843288119888 0.165384644607922 0.0163006220664082 -0.167215556576119
-0.0980318411568334 0.210212675271303 -0.0276896315408213 -0.232480836762292
-0.0226997195702447 0.272171599960189 -0.0617444432110513 -0.22287125796303
0.059224069477087 0.322154865094843 -0.0958781498100724 -0.127011325689501
0.129723684481626 0.336526704866824 -0.12432714414159 0.0216166519667268
0.214310465651026 0.347648692464024 -0.112371544121084 0.127473506878362
0.231167308953401 0.335076815273396 -0.0703160153170611 0.151028355230828
0.234822806890265 0.293024557692829 -0.000509611316607198 0.165609177206563
0.256135098369628 0.322770643035228 -0.0517752097202831 0.275046115672217
0.286130355429413 0.318947510992503 -0.245745732401817 0.37447525667927
0.185661632225531 0.307213972919274 0.691495143789376 -0.0509536922835499
0.0697922927960148 0.327489122496632 0.406263068097083 -0.0673620052919627
-0.0496320519777039 0.302302785113608 0.259635311314937 0.0560909374383029
-0.0880005299962013 0.331928445359425 0.199789528527684 -0.0275726988272215
-0.0803280317572129 0.302905564196947 0.0612610366800143 -0.0979522982466757
-0.0941499392375448 0.283041139294142 -0.0185046222116218 -0.152842232012358
-0.0621767922186272 0.297899581397396 -0.0695584455035737 -0.163764293469131
-0.000634049769734949 0.341283329157895 -0.0685363402380465 -0.107087102119969
0.070960555475765 0.391075688363195 -0.0592891515705794 -0.0139215447815708
0.143658318758918 0.42593136075751 -0.0662433271501662 0.0931589297564774
0.237989954455149 0.458512005354204 -0.070639124212893 0.161680624376591
0.262312856502078 0.441934835187724 -0.0935953355912774 0.151370471364763
0.280244240878096 0.38347437447074 -0.0836353690515611 0.12376301697017
0.321874159658674 0.409039874181024 -0.162924122654309 0.198082444100376
0.360323287549665 0.38275133289244 -0.37306252915182 0.256798490574666
0.268533660112701 0.328691167676599 0.611449672899736 -0.194517469742551
0.193289675616617 0.375216701394497 0.363551933313698 -0.196375233646523
0.087789552467803 0.375614684919745 0.224496844815818 -0.0426039427678728
0.0382380770689622 0.418691924408714 0.170864079674712 -0.0698143226493576
0.0272859721496329 0.395750388416431 0.0492067168629895 -0.0933886000399392
-0.0106497908257454 0.361166845281438 -0.0341257290359994 -0.102645666088607
-0.00219103408400477 0.344774257253171 -0.0871079720233936 -0.0627055451476652
0.0220177595928854 0.36000834300641 -0.0647605899936052 0.0253338424177105
0.0545451279374904 0.391400660041269 -0.0307051480566089 0.108781835734482
0.101879434815239 0.43462285026974 -0.0289337863094615 0.169367789415295
0.172818230842551 0.47871994390645 -0.0493500259931819 0.192137167941786
0.192749995408607 0.473449984364393 -0.126397777858982 0.138144255508872
0.226134022036238 0.407148697832873 -0.16726990547473 0.0653196109112958
0.301304169107467 0.432269485115338 -0.265064972598091 0.102858479535182
0.358743165085964 0.388535829856598 -0.500688421247366 0.132826485537937
0.310609719986704 0.285077425386211 0.472488645469609 -0.333337455458436
0.279681199084041 0.330453982220235 0.248309256034386 -0.317539743362588
0.20891003516933 0.331810562184967 0.134587144879851 -0.140904459200069
0.156931654010922 0.379349626731723 0.116956094709893 -0.0996855863260282
0.134706127595836 0.37278370904032 0.0556731975920369 -0.0683280565018324
0.0795667548678432 0.352976375941067 -0.0104273866544393 -0.0287330701634717
0.0586397631399653 0.329317940104784 -0.0691670474459934 0.057081259988519
0.0431802690216162 0.323906043497851 -0.0521962266360468 0.155807300249101
0.0329767739827516 0.325966726615248 -0.0240708802517475 0.214493010235533
0.0456880422210105 0.352296202328113 -0.0299642708123935 0.222037994364847
0.0735547108532 0.384719638351626 -0.0608696469007675 0.19795921211448
0.0748518717696781 0.38555451621952 -0.157321594322405 0.110947639647185
0.119277191294906 0.329428306486162 -0.220848304105453 0.00480853046877845
0.225173811085964 0.375882792051031 -0.319865622773137 0.010914494035216
0.305935720977043 0.328029672261551 -0.599060729759089 0.0215842420838513
0.286242536279177 0.184128382151196 0.305564321620779 -0.432559968493427
0.277425898102072 0.218652784871987 0.10543538135407 -0.388069274744323
0.236382175598163 0.200760456837147 0.0290521129538646 -0.197741322322769
0.189310238329287 0.239226929159466 0.0653464014884448 -0.106714839175557
0.173828270893346 0.249750546820566 0.0838170916347736 -0.0434183718249463
0.125250689830225 0.255453519008119 0.0449317018153513 0.0339760079194171
0.0921982058751916 0.248041528001104 -0.0197135452782625 0.163535402209266
0.0577331071098569 0.236663077598821 -0.0307917365902777 0.264662395348392
0.0256363866648538 0.22000261956016 -0.0319605353263527 0.282788635541949
0.018935925058994 0.220725455790539 -0.0521301091237353 0.230833166486334
0.0140982867726078 0.226082037066926 -0.0854126430390157 0.167718740390322
-0.000692296716800538 0.224887977722619 -0.171279164948397 0.0732452221210107
0.0426480180467843 0.189619802191746 -0.234904240461099 -0.0376440260005067
0.147593138405777 0.256646145487965 -0.323337499925379 -0.0488193236994881
0.230046618431382 0.215990681538526 -0.658089275823907 -0.0603825752105184
0.193805249299199 0.0543804477911492 0.15941699055659 -0.479952817927721
0.182028655003037 0.0869663227267625 -0.0106334439833002 -0.398800046299987
0.162833818528188 0.0549452971880569 -0.0486570016912196 -0.214390732495286
0.127491466104361 0.0770101745729395 0.0317344535400028 -0.102902639130285
0.123066821780521 0.0906492138319702 0.114380500652441 -0.0348604939524869
0.0995600533579215 0.108885432241816 0.10359585233668 0.0638389458767865
0.0805025778368022 0.116597585467805 0.0375407205030813 0.230891126556076
0.0632189081144285 0.113518837794402 -0.0065144701668318 0.333040846395661
0.040107343460726 0.101522827560085 -0.0406140991595675 0.310926595718743
0.0341229291040246 0.0994148815686986 -0.0668354715741669 0.20976121511805
0.0195621746780008 0.0936258881207167 -0.0974381407083296 0.118133416342354
0.00174316129661149 0.0831353993159835 -0.167553165595415 0.041030739147246
0.0364531796522008 0.0638058266854249 -0.228609807347438 -0.055030299353254
0.106308332090183 0.123546121084548 -0.300788028362648 -0.0713201074261907
0.157889843198 0.0765974533055507 -0.688239976448011 -0.100666882845833
-0.0346504045231777 0.00902269611404039 0.671279956398209 0.109901847876705
-0.0900351788274877 0.0107562810415928 0.34173826148011 0.0351853590310541
-0.0790069681297633 6.90091737689264E-05 0.224798095601939 0.087410354533085
-0.0642319280958574 -0.000372162110712386 0.18369189850686 -0.0244086794630359
-0.0673888561224137 -0.0202309690044911 0.0975313488828688 -0.0678726347445028
-0.0845446705786931 -0.0153591155336151 0.0700015795269908 -0.174484450246053
-0.0739467508838453 0.0102901934737106 0.0361148386250554 -0.299080532580673
-0.0507599402423954 0.037518925818459 -0.0410558967155164 -0.347717784811525
-0.0382841438279087 0.0504403225474123 -0.122839740728421 -0.246329555881802
-0.0324940542812069 0.0400945614236752 -0.18292206525852 -0.0571122922104366
-0.00924876965904529 0.0458087418934203 -0.163573971628981 0.0816874324890066
-0.0143944100216408 0.066115705530895 -0.0541488039312457 0.1397670706435
-0.0395219142308557 0.063261793637384 0.0839687758515405 0.215967274596759
-0.0591500923488794 0.0663027375346367 0.0759687731234401 0.379081334558304
-0.0320413916897198 0.0597104042399868 -0.0937497838074121 0.556943771480199
0.0306376503420442 0.127746818550441 0.704046453161717 0.0862673593970414
-0.0705755978786066 0.112760893158874 0.355902459623188 0.0287803224601043
-0.119029428479178 0.0710259863597033 0.231379825062631 0.101290350771153
-0.115575690483229 0.073475480080277 0.186391677896763 -0.0124152874997468
-0.107787430509741 0.0549122934534189 0.0852829836875725 -0.0684630954578486
-0.12139178559269 0.0713466399306892 0.0475782739918665 -0.168061539415538
-0.0955962240105213 0.119708724973361 0.00753109846735928 -0.277766186456485
-0.0332345461756585 0.171606753043866 -0.0592453991834677 -0.311086458182421
0.0285059649971435 0.204767306677735 -0.126658176722477 -0.209824440396007
0.0738841900452692 0.200324533759949 -0.17017627455471 -0.0260041140391657
0.131458780475447 0.199217970680267 -0.145482024313598 0.106546743775081
0.137656479117804 0.199875944736459 -0.053133699239752 0.148522629817122
0.125602040198784 0.179538873426385 0.0653335417394095 0.195675629451028
0.130515055846741 0.199602531595661 0.0489086652865861 0.339774723607246
0.15803415831369 0.199725033013798 -0.1225642147851 0.496652533199188
0.111973500245724 0.233993601334003 0.720048646184495 0.0135187120058187
-0.0155895131646624 0.228824537605563 0.388586456552253 -0.00908897973082986
-0.118895620295143 0.183933366524971 0.25822682219296 0.0941713841415263
-0.134206219663452 0.197234115819394 0.201213218757044 -0.0169282533779781
-0.121136234371913 0.172867451752824 0.0745820053012818 -0.0893042175065913
-0.128415184331223 0.180446141028723 0.0122392410326527 -0.173041606548555
-0.0906690421686897 0.225658207974614 -0.0378560832518546 -0.236221049172297
-0.00927859748442713 0.282553388025806 -0.0709727019858137 -0.226630263712912
0.0787699142030218 0.328458267245979 -0.0978081802569426 -0.128180905705643
0.153021661739195 0.339928719650208 -0.119770074041956 0.02563538337792
0.241198341713454 0.345008399771113 -0.10353632957272 0.135660501343745
0.258627911494142 0.329381286823136 -0.0629204232664139 0.157679716894293
0.257737468631194 0.287849581091008 0.00560206156863376 0.17079490037982
0.283950033254075 0.315694493543806 -0.0355648275781349 0.28670783773709
0.311506522123718 0.30732495636331 -0.220447297507838 0.40606631070597
0.205517399133357 0.303910201529382 0.692884962304683 -0.103589311701982
0.090975516723843 0.332941281983214 0.402995763731101 -0.0968185617426864
-0.0367504046162283 0.316467809881029 0.271654456312815 0.0396556380326333
-0.0711664632095853 0.34819954244823 0.205098030438861 -0.0455651531494961
-0.0686706510309171 0.316857894118373 0.0585528518799588 -0.105459178367798
-0.0847632698222688 0.29850139860737 -0.0244390269256055 -0.157470675243531
-0.0502368666951385 0.312709168248762 -0.078766358963666 -0.161864025657639
0.0161933368674195 0.352642319497529 -0.0729578059125937 -0.106333552308281
0.0924198489494212 0.398199112116949 -0.0549403671982089 -0.0129578583786994
0.172194740446176 0.43156032695246 -0.057577800556534 0.096206433985549
0.271184066514043 0.456696244882406 -0.059866788334598 0.16799466433964
0.297536762920589 0.438777173814253 -0.0853173168752758 0.162386416799392
0.308905083967924 0.377627154105336 -0.082463002104677 0.134275764685175
0.357328356650517 0.401587269128669 -0.152857025090595 0.213805832280913
0.392610116240404 0.369160672778691 -0.357347370179632 0.294920479544496
0.289542022110162 0.319547046218465 0.603050583019513 -0.246945531715459
0.220562869129173 0.373087670438113 0.351346995045374 -0.226842212604408
0.109374776350418 0.382570945243894 0.229512108182341 -0.0586388691062892
0.0629900866189373 0.429623016790503 0.173106814855882 -0.0864025025823814
0.047344632265785 0.405043431910529 0.045370529073596 -0.0988730211619241
0.00464836311704668 0.372949024717192 -0.0391841495575045 -0.104178783222026
0.0142413651818771 0.356059232895215 -0.0932873731818113 -0.0558106926438968
0.039218980775229 0.369346415770702 -0.0633888410701531 0.0307591980794195
0.0746558752154557 0.40013732413486 -0.0201514078528753 0.112125234748049
0.12827425596977 0.441931891005052 -0.015967668980673 0.174242958914747
0.204433162723059 0.482759541672447 -0.0370846464533919 0.199117560307348
0.226675425253104 0.473047342346521 -0.119218638809649 0.152380296209435
0.253598349296232 0.405807098963058 -0.169831326882438 0.0794763656710684
0.334276195324045 0.427422322923599 -0.261550667913934 0.122733835763063
0.388292765457619 0.373484584701339 -0.495175543278419 0.176943520594959
0.330731291031942 0.271176300975058 0.452851955647355 -0.379015058567798
0.306587501937112 0.321394447710001 0.227308507936596 -0.344402671972263
0.229778703127271 0.329069313302591 0.130960608161731 -0.152510357855543
0.182815751990514 0.379005549780918 0.115546310982163 -0.112376129162926
0.157217629234872 0.374047081614798 0.0529819999447396 -0.0728277129410224
0.0970396759215388 0.358658938137232 -0.0136906859531586 -0.0303854174624289
0.0754906444897618 0.335999521490279 -0.069884976645716 0.0661378780022686
0.0584994013388358 0.331274017528674 -0.0443141925991749 0.165245610144773
0.0477176490342914 0.333648169450518 -0.00936760790508621 0.220564626173845
0.0638578033918584 0.358802665889568 -0.0156615102981415 0.230471028337156
0.09459515679282 0.390767499535158 -0.0490961302903868 0.207689511346959
0.0985310761151641 0.393109084801953 -0.151699617209281 0.126500217899309
0.137923587445999 0.333268912035038 -0.226273946461538 0.0213389803754462
0.252125083131677 0.371939238266269 -0.322162870976654 0.0315954954284801
0.330104409681513 0.316210500506014 -0.603170457151449 0.0704228937057792
0.29925425010577 0.170769616046608 0.278632321307183 -0.470805472952646
0.296659764447767 0.207195751262377 0.0767525374569681 -0.407345343704105
0.249141305423958 0.193219263970417 0.0191892395742164 -0.203786020139393
0.20683833978342 0.233352182821681 0.0621895614949321 -0.11465034022966
0.188293057765634 0.244951247602674 0.0829648347812689 -0.0483933601832857
0.13925226385898 0.254559529085532 0.0447146312850517 0.0317357814831433
0.104745137931301 0.249484198719621 -0.0155179070567766 0.173419155493438
0.068850246842273 0.239146293735188 -0.0183770739311054 0.275509407239979
0.0334399811213334 0.223956106602701 -0.016729867572793 0.291743203814674
0.0273849609943981 0.22502235395562 -0.0404209110394261 0.242176183480752
0.0236356822613604 0.232277023041139 -0.0781305273158448 0.179692268573804
0.00899921322075209 0.233099207694372 -0.169697837105221 0.0905274664327217
0.0496790245051195 0.193871224984463 -0.242737142366377 -0.0209861608589272
0.164929160182474 0.253625449570941 -0.327108124279993 -0.0303622850236214
0.245076415357781 0.207164880537197 -0.666829319624483 -0.00932524312902286
0.196580779566988 0.0427485028405398 0.128882799858248 -0.511141702473465
0.19034816540297 0.0774186637361561 -0.0405905789451957 -0.410618717929057
0.165437660761671 0.0480876880639301 -0.061480015493022 -0.216764377825982
0.132823790576406 0.07230716723579 0.0274621962963146 -0.107783608076824
0.127171623651098 0.0846829374750252 0.114248588305588 -0.0423216540272917
0.105563128327551 0.105709356363933 0.10368999537562 0.0595725258559902
0.0865951878024902 0.11519453417579 0.0468054523415457 0.238455087309201
0.067286160137405 0.110993494640228 0.00893899469734746 0.344811208011184
0.0428897000399877 0.101466908399721 -0.0265234359056432 0.322923762211725
0.0374820247157607 0.0982962143145627 -0.0589919173812255 0.221101414236836
0.0217523092771451 0.0952013391611556 -0.0954018270280475 0.130345048104252
0.00314086896485708 0.0866647315498095 -0.168603991833347 0.0569097971798274
0.0363621525716059 0.0638347171795497 -0.235764491958675 -0.0388658682568334
0.114669126851664 0.119173195040565 -0.304083969848505 -0.0546403984758669
0.162437405122588 0.0682380539573721 -0.698073149105258 -0.0510426842352083
-0.0337815026948656 0.00931483907131717 0.666078008554192 0.0611635730819977
-0.0867108565342792 0.0173000349807563 0.334643184183914 0.0112236740143454
-0.0765416174131223 0.00543393133888984 0.228726108520436 0.0696657917334551
-0.0622481388910355 0.00383476592397171 0.181828005413473 -0.0396454710570672
-0.0684074694586733 -0.0144399827119456 0.0976816379879803 -0.0770763717116911
-0.0855886852628288 -0.00803719459152002 0.0650457756126339 -0.179944169772246
-0.0714028685233783 0.0165775279401336 0.0242035350426485 -0.302541544678792
-0.0461895109968829 0.04049278956909 -0.0564993739590412 -0.349072908655904
-0.0321028816846746 0.0541357585161914 -0.129333444644394 -0.24458727072075
-0.0270620471535116 0.0438707727363811 -0.178862248446729 -0.0490731290311223
-0.00444051499524037 0.0474059468551449 -0.154172933349205 0.0899317157777575
-0.00745568696154989 0.0663541133122171 -0.0459337838996341 0.141532001305191
-0.0325375310458967 0.0663729334001143 0.0936366330264449 0.210363574267812
-0.0528987154909831 0.0704003132121994 0.101530009705044 0.376588071257638
-0.0273268261568048 0.0595494447089491 -0.04928775233629 0.570505068156066
0.0373134171005177 0.125777650590957 0.696210967986907 0.0360393471664709
-0.0616369858108884 0.118594027933579 0.346845419534804 0.00370396868853476
-0.114488602683545 0.0815049617395056 0.236523834175973 0.0832535876167005
-0.110213702804426 0.0824900641273519 0.185264219550649 -0.02844631455082
-0.105828457522906 0.0631602769235362 0.0853597501403029 -0.0764189051832666
-0.118186306814421 0.0818126718765627 0.0435000123982284 -0.173320405614272
-0.0884556243705578 0.129248832364693 -0.00397645657557071 -0.278980400529623
-0.0226689177620341 0.175173145038503 -0.0728390242393098 -0.3102738403011
0.0420550425867205 0.204524704375288 -0.13138843228221 -0.208052881632893
0.0863794194886175 0.198024859133235 -0.165425623001725 -0.0204079126696652
0.144472109249798 0.19205170289363 -0.13518991898678 0.112587460643878
0.151924163743961 0.191290670378329 -0.0440608916716616 0.150348405123243
0.137126742211386 0.172595168979179 0.0732453843660674 0.192305227545274
0.145157786695095 0.192574015217147 0.0715512924605686 0.336546073068333
0.170852755523424 0.187932913222972 -0.0823979882393205 0.510832406579533
0.124012548723997 0.226949683641971 0.707852081054881 -0.0368427617457237
-0.000138410343669507 0.23081783826628 0.377839963925106 -0.0343989342141209
-0.109273446910386 0.19601020092722 0.2639439454093 0.0755706562276345
-0.122422045145807 0.207638617347111 0.199943109813688 -0.0352412428625999
-0.112522457534519 0.182416890398841 0.072450087362537 -0.0965322391503962
-0.120578739659857 0.191581245323367 0.00693238970068714 -0.175837176377649
-0.078339490583493 0.234793712281331 -0.0480502735195479 -0.23452503671983
0.00650470668598346 0.285184461082573 -0.0805907943732278 -0.224226607049164
0.0977517668180067 0.325300125252766 -0.0988577932206422 -0.127216731511081
0.173427110806786 0.331797016803319 -0.112800825603691 0.0283888127852834
0.261859348272754 0.330482864781963 -0.0923033347020404 0.138250812348731
0.280011912468745 0.313366591154945 -0.0517093577751821 0.161606395354084
0.275642643078316 0.273369364971392 0.0114567812370271 0.172496037437459
0.305605719990105 0.30079178687796 -0.016090878751938 0.288707075751129
0.329279436973068 0.286162138485895 -0.184091747116255 0.425293237439036
0.222229577736692 0.290635561067289 0.673025158621416 -0.154294214930833
0.112681302257244 0.327454870401166 0.385993738564024 -0.123344095312279
-0.019543589402489 0.323168981251592 0.27484983323639 0.0195017868150151
-0.0516664751740426 0.353923105040303 0.201251781868343 -0.0651160680446662
-0.0522498506991038 0.322619621680656 0.053249644665436 -0.109298241885397
-0.0708584939010646 0.307300012078287 -0.0305914217602084 -0.157503398232057
-0.0339615324154809 0.319304381433766 -0.0853875259588804 -0.156469324046787
0.0337884631875085 0.353712259256551 -0.0758816854622442 -0.102653637496185
0.113751993992641 0.395416040548613 -0.0506990194297143 -0.0134349938142071
0.196773870889351 0.423079899712787 -0.0468548698146347 0.0966010286894623
0.299116780465056 0.442691352559083 -0.0460659776953082 0.168837554947221
0.325039866404102 0.420462215822811 -0.0739828250985074 0.167201471442618
0.331875943253369 0.359140574748454 -0.0781104147666533 0.142043195648439
0.384339906456398 0.38118947289276 -0.138003597568088 0.222906009386415
0.411475242437574 0.342537615369339 -0.328380762878732 0.324342762348849
0.30516182394626 0.302248878199891 0.575221913408002 -0.290447215437824
0.24410813783235 0.359032096211629 0.326934842015654 -0.249128019177541
0.12776120423088 0.379443355749342 0.227944441140206 -0.0740347614945549
0.0880068107302968 0.426198806708053 0.167667286249374 -0.103015434310362
0.0684557081089545 0.402249008189324 0.0394556834521155 -0.101346628500204
0.0229647089695051 0.375839662092641 -0.0449559350410432 -0.103367085507038
0.0322734535538234 0.357771798456834 -0.0961686521202336 -0.0468686677679121
0.0580951788860478 0.368167053305766 -0.0602606218211725 0.0352538211381959
0.0946639904039337 0.397322116696705 -0.010449222080161 0.11086044299381
0.152268632757766 0.433737515147308 -0.00324679742477956 0.174233538165965
0.232697144034977 0.471735709205527 -0.0227550880916119 0.199291707529779
0.25524247743715 0.460233180384887 -0.107159406719614 0.161856422336845
0.274901808531564 0.393247967150355 -0.167967137700549 0.0927702898389904
0.361698962545348 0.409175265013139 -0.249865612698685 0.13871891144701
0.409241411163525 0.349356085674867 -0.471836370074854 0.215303284019194
0.342317080637557 0.250500497178273 0.419286959913861 -0.414523085882333
0.32489837375573 0.300172639948911 0.19699749133146 -0.359358785447357
0.245928975308729 0.318993618401197 0.123893796620708 -0.160518897957402
0.203006876441087 0.368947576590582 0.109645843107955 -0.122618005766808
0.174832831424689 0.365391947345744 0.0492175054499804 -0.0745164651858404
0.11433976331117 0.354874162039367 -0.0174319181977179 -0.0301226463118324
0.0924319627984946 0.33307935267439 -0.0677555679985982 0.074381319006714
0.0743189287665549 0.327898503357927 -0.0344623346858843 0.169085066673681
0.0628939391898671 0.33209858515276 0.00639431434195166 0.22073514483281
0.0805869612637665 0.356120976348944 -0.000496149310443235 0.231955819955568
0.115530035020666 0.387310599603843 -0.0356891792597204 0.210734225110234
0.121638612977467 0.389413916054395 -0.141021666722022 0.139214578329086
0.154930187858198 0.327375913526402 -0.226020827420739 0.0387028407192411
0.273100822977024 0.357822080388474 -0.314679772716992 0.0515911640142086
0.345610064314624 0.295281198107249 -0.585608159381424 0.116679670453918
0.304930386868383 0.15142459598036 0.240451894215711 -0.492732827575212
0.307725836311291 0.186843252072822 0.0442725864145398 -0.412685731070589
0.25601885543491 0.180012255691106 0.00936211768442684 -0.205074211655796
0.218176665516168 0.221586477492872 0.0561827387098172 -0.120100228062203
0.198575613270462 0.23325632437546 0.0799466955590655 -0.0519943417385747
0.1506001584184 0.246674769826904 0.041992594492631 0.029577232109835
0.116679368174736 0.24408213629752 -0.00819059320903386 0.178681574167864
0.0792713738639281 0.235416523842983 -0.00310050698262147 0.278775742332093
0.0423630347761944 0.22288084675847 0.00101823931189087 0.292980563182638
0.0352760155263804 0.223164893820346 -0.0264805244234404 0.246931838502232
0.0346083427954582 0.232209059106058 -0.0680357693619486 0.186167135367306
0.0209371936568981 0.234442123633703 -0.161190047500825 0.104843077440115
0.0569784239946794 0.193098036096967 -0.242587799006233 -0.00222291239722351
0.177666760852679 0.244051356695043 -0.321862358435249 -0.0105512684463816
0.25291363043134 0.19123072571945 -0.653014348474369 0.0411863597898976
0.193968651445222 0.0307181493988646 0.0909278546920819 -0.524540497464153
0.193281887817797 0.0647052210311813 -0.0715568827843079 -0.409843917032565
0.164059908835494 0.040192391880076 -0.0733713519475809 -0.213806353663212
0.134662452581466 0.0642792173076622 0.0222492845689563 -0.110185053401144
0.128316845470394 0.0766166992043351 0.111819493645227 -0.0485059006042656
0.108640523832346 0.0994014977677028 0.10101840828639 0.0546294842581681
0.0915565152388883 0.110606232588116 0.0566760864119663 0.23990207614828
0.0716322239784983 0.106167825987542 0.0272314088014047 0.346520736345867
0.045299554018797 0.0983218184781735 -0.00823390943142928 0.324824932536628
0.0391678768942902 0.0953868317967083 -0.0479147514390578 0.227267368453609
0.0243992696641193 0.0941110313172591 -0.0905387424937374 0.139788561454954
0.00529769635444402 0.0879400670305887 -0.163332069769231 0.0719040113390854
0.0362382032664327 0.063637827887787 -0.234478950148592 -0.0208749097761124
0.120015927094155 0.111672543743459 -0.300008011913319 -0.0372715165904768
0.162287711586274 0.0582791317439814 -0.686480046927411 0.00166156826441823
-0.0333838761839201 0.0094586869891031 0.646240195814896 0.0255224619309451
-0.0814038491804042 0.020515788109378 0.320346404166081 -0.00570694023028317
-0.0736007729266465 0.0101032470396312 0.225596543089425 0.0542043374378346
-0.0589265734199595 0.00638208919169341 0.175817203433254 -0.0513525988019195
-0.0666985067549783 -0.00993277360831641 0.0959784224049252 -0.0823749194494343
-0.0836873961823053 -0.00191081618168692 0.0614552814062067 -0.181993236874216
-0.0675522468798603 0.0211467578709451 0.016485120152784 -0.300829589148976
-0.0411551719725242 0.0421974357483525 -0.0655949875069195 -0.34497093135048
-0.0257657294039974 0.0551802714368618 -0.131028505611948 -0.241169162897555
-0.0224364089427684 0.046268939529389 -0.171561361395944 -0.0446310340669384
-0.000694662336335361 0.046907954736915 -0.144082198232561 0.0937947248630918
-0.00121317660438097 0.0638441659906027 -0.0402738357754676 0.140431676746634
-0.0268583730363528 0.0666686105876505 0.098099107232782 0.20250387836004
-0.0467627753983069 0.0718160928579982 0.11781621004978 0.3671606127684
-0.0226498547437662 0.0577968756714723 -0.0126161914592846 0.566349499610928
0.0412538629466684 0.121254710775353 0.673998290263208 -0.000748040758832734
-0.0535010006459784 0.120073063935629 0.330987151967862 -0.0117209488392094
-0.108473195858347 0.0879306098116117 0.234622723752161 0.0682410906725463
-0.103946138711485 0.0863223690616866 0.179420132641381 -0.0417142102844123
-0.101635520273732 0.0691496601809823 0.0832142233354656 -0.0809225356611417
-0.113709563870439 0.0888984247604762 0.0403074313552905 -0.175172165174271
-0.0804820814863121 0.133132847423801 -0.0103007790579857 -0.276389404452174
-0.0138760870402056 0.174792340870207 -0.0804374820218779 -0.305637451945731
0.0514325442054628 0.200876583851162 -0.13217022419224 -0.20526849872408
0.094205871379887 0.192210874187176 -0.157674528630756 -0.0173351233424024
0.151747583564896 0.1837855867713 -0.124322571303954 0.113943497613857
0.15941924384419 0.180672101172274 -0.0363969580838956 0.148403216788989
0.144144732064878 0.164265124101879 0.0763309421536565 0.186331920510833
0.153439659776526 0.184133189024233 0.0854832711907337 0.328641974518133
0.176643435477558 0.17499940026087 -0.0485804264242054 0.508135523159541
0.130406224086554 0.21756248324779 0.679743183512929 -0.0742390121557204
0.0108031941710841 0.227514037941297 0.359817095909787 -0.0504302322679144
-0.0996968436676815 0.201413216505885 0.263308745407756 0.0589411034293708
-0.111038074725293 0.211265875612759 0.19369149634631 -0.0498153898403946
-0.105018840275719 0.18686314085156 0.0679686971864178 -0.0994853902908126
-0.112874276091012 0.198474095352428 0.00365037218480836 -0.176674769710253
-0.0679543032550836 0.237576548573011 -0.0517739365034113 -0.228466242255902
0.01723155287166 0.28190247749829 -0.0851776927453898 -0.21935772245824
0.110427811647097 0.317466601247555 -0.0977906966973495 -0.126096541236205
0.183763346539541 0.321118665403702 -0.104923460020252 0.0281938832057929
0.27430498450684 0.314710035542015 -0.0814182710482596 0.13656471670469
0.290755834809168 0.296181536147078 -0.0441009548187047 0.160101266753465
0.284162398340063 0.258445271158018 0.0151662261134236 0.170223027280691
0.314485746352764 0.283712583555706 -0.0015397798178217 0.28463206561684
0.336436221070656 0.265262070616212 -0.151868478341153 0.431488611939623
0.228066732740579 0.276659375589765 0.639107194623063 -0.187568280482646
0.125168890297553 0.317626376427509 0.365324527697346 -0.138475292229512
-0.00747625242581498 0.323149410700777 0.272601079228982 0.00414356813017819
-0.0360265542520221 0.352306530612992 0.193386424658171 -0.0790762033643838
-0.0407723112883368 0.321977431671359 0.0487712947463955 -0.110699073781605
-0.0600511805401616 0.310245240143364 -0.0349001543928128 -0.156483514475199
-0.0218407392980189 0.317757182804741 -0.0877467473173008 -0.148228540104991
0.047075926676696 0.348275145131542 -0.0773560296100314 -0.0983428487381044
0.126641329985544 0.386382971870762 -0.0458809155256283 -0.0163664590272392
0.209794724251918 0.409882475652361 -0.0385608578857429 0.0937319985141974
0.314016324165815 0.423547078329569 -0.0357447781279985 0.164094073264619
0.339068448001547 0.400763280832553 -0.064253583093127 0.168093021839689
0.341167390634838 0.342204807850914 -0.0742016089725357 0.145357971603794
0.39633791879476 0.358890661040218 -0.12365783022319 0.226036198582727
0.417234484563415 0.317456372971339 -0.297176950764684 0.338169724634465
0.308964911594936 0.283272252647996 0.538662544645274 -0.316869940980479
0.25459235060541 0.340923674535191 0.30149778171181 -0.258806857590085
0.140096996656244 0.371944280453199 0.223010491227323 -0.084576871096612
0.103348798631755 0.417537627714969 0.158186037420376 -0.113089093172152
0.0799809969249561 0.395760540282349 0.0359032277498546 -0.100346253866181
0.0348464992194459 0.371922006861468 -0.04909268202439 -0.101395070907255
0.0429016286266936 0.352715622515078 -0.0960140002549984 -0.0394710117581729
0.069754100546631 0.361196533112122 -0.0571598078333602 0.0377938995167704
0.106626910236564 0.388933608490433 -0.0022045951164279 0.106357979426989
0.164995368092664 0.423355654487088 0.00701218973296905 0.170031601553447
0.249385189750977 0.456578631708034 -0.0126266354080249 0.194813518189569
0.272481765901726 0.443645352322489 -0.0966478488891736 0.164660597101541
0.285672199765598 0.376294127737733 -0.163013092025318 0.102231405550777
0.374572384113111 0.387549637642704 -0.237077091220099 0.147214832365147
0.41444221611683 0.3234834730586 -0.443717718069422 0.23898509211645
0.34301676638876 0.231289463417552 0.379217670190432 -0.430557804486384
0.331468951084405 0.279656725075533 0.169340522877104 -0.360539344875357
0.250312805916787 0.306027531321785 0.118013805418586 -0.164714914504744
0.213040725486109 0.3551539227362 0.101579947164232 -0.129392102396095
0.183817139501537 0.352361060586517 0.0450175798152002 -0.074143249676185
0.123441595615357 0.34572501378327 -0.0214763606441117 -0.0284353281946423
0.101627646901312 0.324712564323667 -0.0641926390547925 0.0809639817837124
0.0835891074791277 0.320325747207369 -0.027540323581377 0.169253872431997
0.0709928053703967 0.326536666468169 0.0161181329236169 0.214174307094227
0.0897132310883727 0.347979294241316 0.0114692767157656 0.228917993911384
0.1287257623815 0.377749051083309 -0.025201041672395 0.208321885837876
0.135195141216713 0.379625638111164 -0.12974909469324 0.146017126365828
0.162901830268736 0.318380856806378 -0.221749761180992 0.0505730732382543
0.283730373411715 0.341790497055981 -0.302586527252178 0.0640086235757843
0.347458731126519 0.274989255637409 -0.556278608341445 0.147200960465197
0.300616300402191 0.136298780158448 0.203539955909383 -0.501246788103843
0.308508441545275 0.168065716081512 0.0187452538819016 -0.406547316918285
0.255629287393815 0.168017049384155 0.00281055290910814 -0.202468538187176
0.220608659773799 0.209597189784255 0.050194479667441 -0.123286759892866
0.201426271849135 0.220789475557597 0.0763289214426017 -0.0538333053844299
0.154359298052287 0.237840848871731 0.0383571958258763 0.0280973321641249
0.122325819089679 0.235225785788094 -0.00317413051854615 0.180980999733511
0.0840660169337787 0.228396089742736 0.00632405109086473 0.276688365761738
0.0469551155041022 0.218539276496634 0.0124488724836913 0.287435654399986
0.0391103011189842 0.218100392462925 -0.0154670182988788 0.24597800561289
0.0407848769707434 0.229081352061459 -0.0592769908739734 0.188089552968082
0.0279024457319834 0.232477867379342 -0.150610031023327 0.113850200273544
0.0603762611796681 0.190470651003141 -0.237200511012232 0.0109628386570034
0.183208803804253 0.233592954269888 -0.310597221853672 0.00275370160197001
0.252910378394963 0.177495798932378 -0.626963257705314 0.077702375369087
0.188792392499626 0.0217044288990532 0.0567573076097844 -0.525511080454328
0.191670646400418 0.0540734921020932 -0.0935062361437696 -0.399693567563833
0.159497422438714 0.0348658814771445 -0.0805532669139081 -0.206522364916528
0.132547261502014 0.059234667336156 0.0176862550475829 -0.11010555900261
0.125715457046807 0.0707964619313928 0.107244047222374 -0.0530953466250023
0.108254071878063 0.0941721319293801 0.0950868429653633 0.0512867809054243
0.0925784835877118 0.105459292663404 0.0621304572615577 0.237525856324657
0.0714475757731735 0.10127069658827 0.0376027577269948 0.342285091758277
0.0446600900574655 0.0951774120680748 0.0031496506428815 0.321308888723945
0.038771757645759 0.0920769692170231 -0.0396809820539679 0.227242589817841
0.0247928325816381 0.0926288451897634 -0.0847339584698594 0.144888203188722
0.00605731283467219 0.0886405199057408 -0.155379215992927 0.0811209427327309
0.0347152118669158 0.063101293235262 -0.228555564388969 -0.00752522733568114
0.11982409591325 0.104517092998142 -0.289551696485195 -0.0251275163449606
0.157376763919898 0.0508214499666797 -0.660882958101399 0.0388592052471097
-0.0342638099210133 -0.00732621071664995 0.567276218836452 0.281145115670083
-0.0792307013345001 -0.0167714790993615 0.284720598006214 0.124635278869954
-0.0677683455554344 -0.0201459668188807 0.18245889370949 0.143192397197713
-0.0532750387776657 -0.0183381080687995 0.180734987728921 0.023834075139272
-0.0552101419545755 -0.034829348547679 0.123897280029413 -0.0326152622634046
-0.0739602580336407 -0.0329291189117729 0.132446060020185 -0.13659052320424
-0.0672689047118499 -0.00652373468365648 0.142022627588488 -0.263844135230607
-0.0523710441125906 0.0222366745699551 0.0852292588446873 -0.337945670633485
-0.0441520195599675 0.0415569569032317 -0.0138963896963435 -0.27265599622522
-0.0363800714515492 0.0359399516372093 -0.131182821107258 -0.110461333767253
-0.0160934621250458 0.0452466045123563 -0.162811147175333 0.0254074081659429
-0.0210673177877082 0.0589099690954463 -0.0946235939516879 0.109569342670284
-0.0436767315013182 0.0539510605209245 0.00209278290826807 0.2199216447517
-0.0611687980518209 0.0536268072434354 -0.0406402656009686 0.378681937780412
-0.0384286784867492 0.0519852340858554 -0.234157810884156 0.513246589951098
-0.0166833907379215 0.129651442753086 0.611421002432749 0.256624438602651
-0.0973426896907253 0.0844478404666309 0.303273817589341 0.123624517820729
-0.133610034511089 0.0362465170776304 0.191527054723496 0.161880755418975
-0.12831737394723 0.0330110048695221 0.184031595207877 0.0376906107538297
-0.120709321656141 0.0204390818731481 0.114813069169943 -0.0338529332180173
-0.140032124719592 0.0363987861122829 0.11255144847261 -0.13543148939318
-0.125436395905736 0.088707157440693 0.10841914612788 -0.250802143032055
-0.0823606682657498 0.153364479593482 0.0557604948948392 -0.308974049863646
-0.0327970800672223 0.203401300424058 -0.0324183427160726 -0.239612624510536
0.0114504806984964 0.213741900951607 -0.131498640516875 -0.0796222726515394
0.0691490595704378 0.227992653774647 -0.151936815065562 0.0518111558806754
0.0783260775212877 0.226685589193398 -0.0953085076846112 0.12096790352439
0.0764288915577181 0.209131601361697 -0.0125949358588217 0.200893641736688
0.0792181773323061 0.228976851170413 -0.0574492644367214 0.341364180742901
0.102137982632897 0.230861688493769 -0.252998828466218 0.455148872064654
0.0206102569022091 0.257728180770676 0.656449399151609 0.180424669593609
-0.087813335304981 0.207168018651051 0.352334087882057 0.0976686117644801
-0.174704157187977 0.142509878734502 0.22959653340241 0.165798878295815
-0.18983947971393 0.13995950396828 0.207903656735168 0.0383286222802888
-0.17383909331074 0.12449645427667 0.113738382608047 -0.0546185688770637
-0.185236274894908 0.133714598757045 0.0826273631720215 -0.149109002405006
-0.157868144999156 0.186123093857375 0.0519080442746883 -0.222750889715201
-0.0990819665273846 0.263579888808725 0.0157234148683096 -0.232394045362237
-0.0268171244310285 0.333240132660201 -0.035775401989971 -0.154346453176555
0.0414485773075861 0.36361231765134 -0.104960691296199 -0.0157350136497442
0.129602046823369 0.394698467863023 -0.123529990150699 0.0892123934817461
0.151373415907191 0.382399126986564 -0.105426108779309 0.132352999789906
0.168472372375561 0.34841245378843 -0.0619755811531942 0.167212215059921
0.187692994327748 0.378693139768329 -0.121786094435838 0.275702114670496
0.214193404732067 0.369677617724127 -0.323033449081787 0.348565280212918
0.0836913223822089 0.355250516255387 0.66964284184826 0.0504144656192907
-0.0252985326032797 0.335144383727626 0.39765546082321 0.0155444870349741
-0.144307314583124 0.290615000783026 0.27064827923225 0.115534831256458
-0.184026219841742 0.295890093329369 0.228968749206413 0.00956197832459527
-0.175030606316273 0.270982983753253 0.108245895178282 -0.0733810011149474
-0.184903194665528 0.254457111600398 0.0432970457344496 -0.145852447116149
-0.150492185152286 0.27593014169556 -0.0131596858845215 -0.163213874785024
-0.0996364760973239 0.335133774379773 -0.0277844058351441 -0.120006826056256
-0.0380777250110226 0.401781040608131 -0.0367617437740554 -0.0334305234347404
0.0288889836911414 0.452755143128081 -0.0738408232675699 0.0716804968513385
0.123207306471204 0.506601754029339 -0.0950202699352808 0.133717812656383
0.155839953825682 0.497006259086061 -0.127835136835752 0.134074954134168
0.188186378252901 0.448007312012008 -0.132461105397218 0.110968522200215
0.232302577185346 0.478055417417665 -0.210038665277176 0.178984126883573
0.267718814931157 0.448268830930306 -0.420765500919431 0.210352575788483
0.155471445078538 0.397297840708292 0.629244888663378 -0.118140602449661
0.0777287736373918 0.410638916652629 0.391893419040044 -0.125683535101603
-0.0334157469333613 0.395198025008891 0.26737958246395 0.00598060623925926
-0.0894734164096453 0.413298457507498 0.217603116710516 -0.0422289584498863
-0.098524420894852 0.38565632350681 0.095877182454513 -0.0741749043440971
-0.125652085217208 0.348505938608692 0.010018840673301 -0.103891452280607
-0.10719467873455 0.332128394183633 -0.0661737346989737 -0.0664590231532165
-0.0845871184184349 0.355904168114903 -0.0657263135976439 0.0118805534981958
-0.0592344266796181 0.395326864251064 -0.0481199812328428 0.0941772315434825
-0.016202990407623 0.446756060089793 -0.0652490933972707 0.160198999650904
0.0526982277686821 0.51236726897577 -0.086518778157518 0.170827744317947
0.0761306926562447 0.511076649231815 -0.155839536673842 0.119016517381982
0.122524273837076 0.459772695527907 -0.195281744093453 0.0364860755688893
0.19830467297788 0.49639331191448 -0.282435925073089 0.0639483003498519
0.259348097483528 0.451564086785859 -0.511291154813359 0.0616916943609977
0.209014343054936 0.364217324042725 0.528179991254516 -0.287480541645101
0.171757633108612 0.389926644640957 0.311832435008996 -0.275168756938933
0.0935883884257439 0.379823264697318 0.200962389361245 -0.116358971958754
0.033927513763871 0.403526435725337 0.170131282902558 -0.0868081252852967
0.0103556626512931 0.389573403601726 0.0920843142469509 -0.0522697842854357
-0.0364004145317142 0.359181379545156 0.00394328869352157 -0.0306736005053954
-0.0437533553981544 0.328972703752904 -0.0883212651928419 0.0535399189113531
-0.0557023618091194 0.322602541323798 -0.0930152912020877 0.142714025293018
-0.0669106042358899 0.326255419424179 -0.0767182705751498 0.199012502594989
-0.0565053073968568 0.350518974263895 -0.087146529720854 0.215102722239611
-0.0287474262984293 0.396044832539644 -0.106581754542515 0.178855827809785
-0.0254684715030856 0.401300195335483 -0.178387126988942 0.087278284484621
0.0262822427887076 0.361339847013533 -0.224417305331554 -0.0347376718871095
0.131374524309505 0.419865951091366 -0.307203223759903 -0.0414443422897755
0.21064512394404 0.38248531348024 -0.57438021726947 -0.0678513369120654
0.212114429298712 0.258324019560248 0.389018812131562 -0.416387385204599
0.198759777362083 0.281208853370103 0.188135904436735 -0.378960037950619
0.153838801575086 0.258727100789828 0.101774162796576 -0.199350747409581
0.102820100546564 0.277393674494676 0.112499221161848 -0.103438189440519
0.0804064465927235 0.279595972949399 0.105109536633944 -0.0246065787144924
0.0363830193455964 0.275879025268229 0.0282476045927581 0.0414303292943049
0.0107450005741151 0.257797310133527 -0.0755495367693774 0.167420000505122
-0.0185575486620638 0.239729231436712 -0.10604813218384 0.253055193426448
-0.0463989412257911 0.217590396013105 -0.108580821887101 0.263014156476392
-0.0521105043759568 0.213076036010259 -0.117337398906189 0.218603948324959
-0.0518032111129426 0.226233659078455 -0.130364323907653 0.147222716767753
-0.0671122872528666 0.225898470681845 -0.183736933585054 0.0480536697332715
-0.0216940523333957 0.203426510255787 -0.220019750973595 -0.0793973125725785
0.0759563169069055 0.2833240645313 -0.285790800915033 -0.106450559931481
0.156428776567189 0.259046312377035 -0.601872675477755 -0.161126619113552
0.159024001864837 0.103568126877479 0.256576832304166 -0.483342223828313
0.145310952122169 0.130482304094345 0.0779808134486989 -0.414279133277538
0.124524782408075 0.0988506407458718 0.0184474684473977 -0.231028376516427
0.0876460199760677 0.108058958986306 0.0673460522824357 -0.101387103958457
0.0767402802068026 0.114847999904979 0.122520837096543 -0.00998470135290347
0.054227622964781 0.12831371600943 0.0644002834914176 0.0839429981816934
0.0380255825707951 0.129878401062372 -0.0429987120985864 0.242471747250967
0.0215160017951412 0.119585907129189 -0.10581774658503 0.324515570989929
0.00160922262316373 0.104616783435454 -0.128704351026676 0.290012925741419
-0.00346517176210214 0.0974416128636272 -0.132009690223001 0.191726074195826
-0.0145768990697575 0.0953644350656189 -0.137061307118745 0.0988286591197629
-0.0316429090475543 0.0860966390587398 -0.17350299268779 0.0155989603295744
0.00188760274712254 0.0749893148448221 -0.201793279439825 -0.0936907429924803
0.0654454205375457 0.141094204787163 -0.249056990331702 -0.12805107243371
0.113130291626884 0.106699168805281 -0.6097898711906 -0.213244544597413
-0.034294794764465 -0.00779696008583508 0.563016084198344 0.264376370592288
-0.076812128360385 -0.0140893104335233 0.279739151341841 0.116450138310828
-0.065783391471423 -0.0175133275236178 0.185004895587067 0.13615791969991
-0.0511774337985746 -0.0175137943766852 0.182059050651306 0.0163584981594101
-0.0544891739272202 -0.032685907817438 0.127960871947618 -0.0364924563235374
-0.0750729364710904 -0.0284925231154975 0.13552891677628 -0.14084382148407
-0.065715211696611 -0.00362023579028345 0.141782245138915 -0.269007496407378
-0.0501329693479351 0.0245192939737577 0.0843047608923093 -0.342967602528892
-0.0406076295741099 0.0438801296846993 -0.0113568664643666 -0.277667911258535
-0.0341269416500225 0.0387515041938405 -0.12663414830595 -0.11171083880822
-0.0138232834068304 0.046469015753554 -0.159084987219452 0.0281972174145707
-0.0179727450914298 0.0590997744233107 -0.0938030043912844 0.110843354450585
-0.0404452291760585 0.0563105478743068 0.00377517088733278 0.220286953155619
-0.057847829161277 0.0558357093141243 -0.0330869525257372 0.382649108752829
-0.0365295826440217 0.051116996800995 -0.217355985248857 0.526235114655628
-0.0151609456469961 0.130486482801556 0.60922981262558 0.237595498433837
-0.0946043979382377 0.0871069586816753 0.298194530452535 0.115381264578402
-0.133119513192481 0.0422183730575405 0.195987582653682 0.154923987286363
-0.127688424341734 0.0369168293013987 0.186057434605133 0.0291931444374527
-0.121212732474647 0.0248417214457477 0.119623083932853 -0.037831796955661
-0.140181845293728 0.0427582982641332 0.115561278859739 -0.139342965680441
-0.124839897955952 0.0936857278100902 0.109126751776179 -0.254712288772699
-0.079378725782401 0.156492181879709 0.0547660315179794 -0.312770587279282
-0.0265240171688085 0.206892510939339 -0.0304371220784176 -0.244314395165565
0.0157877412308968 0.217612939838393 -0.127491805678561 -0.0798626689577782
0.0755816068869414 0.22902835176071 -0.148154898454214 0.052717207680214
0.0853462800152377 0.2264597816826 -0.0935073994139954 0.12263799227262
0.0823666147844516 0.21023336776288 -0.0124725766634481 0.202502736048288
0.0870184712555763 0.229317592466108 -0.0505037055206718 0.34520586138083
0.107156587483666 0.228690010815811 -0.237090863919557 0.464956817466694
0.0248557791581083 0.258859634707216 0.6494718331451 0.160923857861657
-0.0838609933806292 0.210041229396017 0.347211593008363 0.0892753837707098
-0.173749745848256 0.150468218666107 0.23542850698285 0.157287783605209
-0.188380267960236 0.145443429564053 0.208080170761437 0.0282655708891637
-0.174471603203342 0.129676428268021 0.116934922072006 -0.0578121069064285
-0.185286940999799 0.141743456709101 0.0836508763290168 -0.153450549568126
-0.157005625233291 0.192000238077907 0.0520230888621579 -0.224599529527278
-0.0960397974309057 0.267735144030704 0.0146074726617022 -0.233304654663304
-0.0209174236341181 0.336377944010339 -0.0339069746739995 -0.158263044190689
0.048031690323511 0.367665559935574 -0.0998268169402613 -0.0167745507052442
0.139326620291838 0.394853883535426 -0.119561150476515 0.0884645490807487
0.161642621183434 0.382262161341797 -0.103455536594952 0.134277381658907
0.176885686135322 0.348243564528846 -0.0635546151924951 0.169277341822453
0.20032133561905 0.377914677159851 -0.116747071207539 0.278819939614936
0.221255829315538 0.365808737831419 -0.309675963849664 0.361258927740583
0.0896243758877908 0.355303939803988 0.66107627562535 0.027175193985575
-0.01899798001042 0.336743694733168 0.392663444372329 0.00583735852983791
-0.142385021186847 0.298208458064289 0.277057819783438 0.105613967808324
-0.180264034263809 0.303048396672524 0.229744045247155 -5.97761852487918E-05
-0.173503480301085 0.276704817203609 0.108541848613286 -0.0755427612976329
-0.183902711148814 0.262107149187893 0.0423188877434447 -0.149333060080878
-0.148904459057161 0.281700561305523 -0.014057149688548 -0.16296576614806
-0.096082103696119 0.339397868965826 -0.0280781539394038 -0.118705844774151
-0.0335480042157843 0.405997496122648 -0.0331827662605753 -0.0365914671675866
0.0346498721781282 0.457922760933808 -0.0679314664722141 0.0713728580418007
0.136162207849334 0.509493676647712 -0.0909085990228767 0.132336128568947
0.165814688690843 0.496808203903188 -0.123597738409175 0.13639894028811
0.198165164131117 0.447613518917125 -0.13568000938286 0.115934597203722
0.244019976867482 0.477918315936602 -0.207027742773088 0.184728503236799
0.275268547426048 0.444345885477977 -0.409804631353424 0.224299970993806
0.160512667996813 0.394827522601012 0.618028399670262 -0.137780252497547
0.0861105977528087 0.409732487707196 0.385013115311474 -0.135300780613036
-0.0302826276936513 0.400553487519741 0.272607365024334 -0.00413796379336912
-0.0838946120086083 0.4173755898432 0.216624716245576 -0.0515333837823446
-0.0952439162382706 0.390637128783081 0.096910454473898 -0.0750812208997754
-0.124285213624394 0.354967556113858 0.00729716976609685 -0.105346409756888
-0.104315914815017 0.336121780964532 -0.0671162647776264 -0.0632739815209171
-0.0818558635978672 0.359023529257828 -0.0654158767504881 0.0143986800699771
-0.0543005758631124 0.399887530374936 -0.045144141977208 0.0936603801575043
-0.0125825482915553 0.453261518265664 -0.0593492912177289 0.160603713140739
0.062182446002676 0.515760597761954 -0.0833917048088819 0.171463530214836
0.0854916355729972 0.514475716001189 -0.15145036799964 0.123368957796452
0.130338819593641 0.462403346604577 -0.199034353519376 0.0429119184674105
0.211695237625503 0.496530758626234 -0.280022607240874 0.0696305614676933
0.264954168025591 0.448381404410829 -0.50255188446832 0.0807761842804948
0.213747446648496 0.360896773026182 0.512828327333651 -0.305889181120384
0.178014133632661 0.385850458604298 0.301349601437881 -0.283928659353804
0.0959235523862827 0.3818862691357 0.202423513876485 -0.124323958899549
0.0393009987742141 0.406421831310455 0.168384087370616 -0.0938162808022243
0.013513717655759 0.39067205418293 0.0923357494036265 -0.0532955242488141
-0.0336979159279543 0.363801237548999 -4.21482244960407E-05 -0.032209386455492
-0.0411760449536705 0.331733106370652 -0.0884797499401703 0.0584336112854644
-0.0531318607337384 0.324907331634607 -0.0918622315490328 0.145773324558486
-0.0651972246958498 0.328264966920559 -0.0723497348602669 0.199497473567149
-0.0551679453573338 0.354212210092004 -0.0806880485001582 0.217648519166084
-0.021405883370562 0.399703744967612 -0.102899558993772 0.181320197432447
-0.0197093481568428 0.40635669441415 -0.174501054966732 0.092886423185629
0.0302331721780842 0.365319174640994 -0.22830488828385 -0.0280470540539448
0.137904599792281 0.420579875938852 -0.305350787462877 -0.0353545406464653
0.215363069694019 0.380140375808658 -0.567015604107755 -0.0460811369644071
0.214905338562857 0.253633784442725 0.373787643406881 -0.432140012887382
0.205100587488667 0.275562399737896 0.176231355705003 -0.38408349762068
0.154701040325622 0.258393850544224 0.1010980369389 -0.203095680178604
0.104360546139755 0.277665290993707 0.110892686859766 -0.108500370651547
0.0816192753888754 0.279323924635338 0.104568858977099 -0.0269380277312416
0.0376604581349196 0.27702647065534 0.0236623436883028 0.0409136645858873
0.0142945676828887 0.258563969108771 -0.0766676370110209 0.172276329073302
-0.0175384812798401 0.240360871650052 -0.104451131152151 0.256254887684581
-0.0464342241085212 0.220199304831889 -0.105467908833875 0.265164894813955
-0.0535031718351231 0.214858696828811 -0.114553697059278 0.223582763449351
-0.0503274486957778 0.228741299258628 -0.12948497033183 0.151712930714613
-0.0654598426788809 0.230204381564263 -0.181485161344025 0.0548334558206765
-0.022073924491909 0.206623080796899 -0.223623142057911 -0.0732037128475121
0.0801270863879651 0.283764796361556 -0.285143437014507 -0.100892543087259
0.157905767671305 0.257385439741992 -0.59654688348164 -0.140619947855991
0.158466708834127 0.10093736916352 0.242570452928515 -0.497061057130073
0.147254542124293 0.126187291749816 0.0655198862741146 -0.417928521504815
0.123272378987577 0.0974519359003458 0.0158327071344344 -0.233562166063198
0.0869787905277963 0.107658774616295 0.06544220553333 -0.104425434958718
0.0763438432655202 0.113618011786046 0.122575764195542 -0.0131111877466383
0.0545478534074582 0.128291560339818 0.0592155483646856 0.0842998972280343
0.0392692892488348 0.129120436177584 -0.0431823383286663 0.247155188095933
0.0212578019304197 0.118083543483596 -0.103239272101175 0.329344748792092
-1.5752850479632E-05 0.104375528116575 -0.126424922240133 0.293231843308512
-0.00486647167985952 0.0975675337081859 -0.130586070031787 0.196347083414629
-0.0147446409239437 0.0968182366579621 -0.137874109913124 0.103593339900338
-0.0333576512253466 0.0886558594119103 -0.172612356529976 0.022237977320102
-0.000113164214230185 0.0758661086269432 -0.20364473013378 -0.0880356247921142
0.0668546379497686 0.140070570389662 -0.246958419347772 -0.12389701586772
0.112202390920971 0.105009951114141 -0.605078252410329 -0.19087661545861
-0.0351910972421076 -0.00716530059075191 0.570098266238069 0.243450623426539
-0.0752152565680338 -0.0116266033902978 0.278201099708186 0.106236234989634
-0.0650201530265999 -0.0139760496425406 0.192333874174787 0.128624584461718
-0.0508023115408402 -0.0158972881564675 0.184153770746421 0.00701807854054908
-0.0549755405743155 -0.0305319929995214 0.133507080791846 -0.044117579575552
-0.0764639060489701 -0.0233175658131973 0.137668073792393 -0.148475569754459
-0.0650267461809909 -0.000200961651942139 0.139885698059182 -0.279459852268849
-0.0480098741289118 0.0261763816449785 0.0792686657811303 -0.354422948837063
-0.0364660004079641 0.0467708836198577 -0.0146408781545892 -0.286518027081311
-0.0315655175195732 0.0427694321345554 -0.124843478082674 -0.111630687163593
-0.0101366198824595 0.0480847408732108 -0.156538800114808 0.0324865911017679
-0.0140438946174237 0.0601224812530617 -0.0910905199342157 0.115471229679593
-0.0353403019020735 0.0599378575663703 0.00676530645437334 0.223810457606861
-0.0542377731195474 0.0593291596300402 -0.0204777132868976 0.390834774656859
-0.0346861945852953 0.0514952515458818 -0.195310971408981 0.546558720486292
-0.0107842932537262 0.132931588564346 0.61194086141145 0.215474489310368
-0.0916361768375191 0.0919604201676237 0.297123852003014 0.105066433386789
-0.132693034917538 0.049347795197558 0.204533838191604 0.145831808183235
-0.127790840381158 0.0421149507021291 0.188361615826956 0.0186437225677842
-0.121965137917384 0.0297808271440825 0.123695287153077 -0.0451243984220814
-0.141545010963881 0.0521516601759622 0.117242962630351 -0.14664759660208
-0.123282005620819 0.101226045169981 0.107556618830041 -0.264641346610312
-0.0750314969039437 0.162848805762339 0.0501379157585247 -0.320992791120769
-0.0186420046004925 0.212067245676497 -0.0327485582642899 -0.252458230728323
0.0228810607456355 0.223232960152043 -0.125121126343469 -0.081198393228915
0.085988022539334 0.231102913411389 -0.145344127029709 0.0559449437094974
0.0956707784901024 0.22784919734289 -0.0909177977178626 0.127203351946414
0.092342110744853 0.212032365242982 -0.00998814099224303 0.207004530115879
0.0985937595343385 0.232004276553791 -0.0402282449851829 0.35243331991365
0.116631293848659 0.226659981380469 -0.219275794325217 0.486724432877979
0.0327822827033467 0.262088071075284 0.650755921236045 0.1357020481816
-0.0768905914060456 0.215485869548977 0.347404715895453 0.0766937878135715
-0.172081471361695 0.162085761514239 0.246142723584691 0.146441930917565
-0.187456861326891 0.155754661023863 0.211443582591205 0.0175439003426305
-0.174204669415309 0.138613810062499 0.119518295269711 -0.0646613196406286
-0.18537830268541 0.154019695431247 0.0826207991329968 -0.160856504826086
-0.154387447926311 0.202682400158348 0.0493789512814529 -0.230906682317263
-0.0896309018720132 0.276490920020412 0.00970201353591366 -0.238231536479644
-0.0106157044588208 0.343657513996427 -0.0348182998987743 -0.164207042584074
0.0590885237057496 0.375369947999037 -0.0965829319954218 -0.017578374811992
0.156017350137929 0.397556634301575 -0.11593622567682 0.0912382691764569
0.1776260574915 0.383566223824989 -0.0995632282985944 0.138566155103956
0.192147445241449 0.34947929150759 -0.0634185172209852 0.175700566665317
0.220138103796954 0.379048347882259 -0.109671030024753 0.287130161407996
0.23746460265002 0.363849326490464 -0.294673333865334 0.382004927861179
0.0992792802058644 0.357496119716159 0.658842636961152 0.00226300526892409
-0.009427190231015 0.34180336935515 0.391728378868568 -0.00888346472266745
-0.135875274987246 0.310936867486908 0.286315967279363 0.0921905830642465
-0.176374821073428 0.314541640885811 0.23031427728372 -0.0123392546690965
-0.170882082985864 0.288077935233636 0.111082128990567 -0.0816694980109855
-0.181759037572511 0.276431147199224 0.0385541732779883 -0.154562814901008
-0.145526263128931 0.292228311036674 -0.0171653024692162 -0.164514638420656
-0.0889900514066728 0.349235935090562 -0.0300203660844492 -0.119248576580588
-0.0230510574199323 0.415315438525946 -0.0322785546752503 -0.0392175452764878
0.0482724765175558 0.468372664319569 -0.0629068194633913 0.0708806347203257
0.155774061729945 0.513328319297875 -0.0865657513315108 0.133991707440779
0.186229587085086 0.50202837714916 -0.120293082843744 0.141616243863141
0.213507557993139 0.451351371702284 -0.138103028663757 0.124365848298862
0.26742746700365 0.478745244872397 -0.203420096011173 0.19388432923025
0.291942285337463 0.439901608290501 -0.399783516624554 0.247475744177211
0.175225859579904 0.394860895221189 0.610621285779015 -0.167586979361655
0.099308759608833 0.412452184824916 0.379890118965568 -0.151512367309476
-0.0205171006083129 0.412078024583999 0.279673991520831 -0.0180053973797875
-0.0747471899957638 0.428400057547007 0.216082698389189 -0.0628566393104927
-0.0888505276551908 0.400052825386617 0.0962393240627073 -0.0794633060538106
-0.118494889608509 0.368289747724441 0.00167323416756338 -0.108601709671463
-0.0984648819520112 0.345730675019984 -0.069211098601972 -0.061097272981222
-0.0746115934379517 0.368282901188197 -0.0652063606878489 0.0182611894963096
-0.0446879664631038 0.409625590914773 -0.0410744701771805 0.0934606984935822
-0.00160041640181775 0.463156171526261 -0.0515622768661231 0.163477215782785
0.0808519386010043 0.522455347215878 -0.0783246173768225 0.174164187768759
0.103920718779256 0.523014474596017 -0.148069981373361 0.130320502447564
0.145853044392865 0.468024119090987 -0.204595563220335 0.0525463049954876
0.23166777231058 0.497554638392677 -0.280066870965677 0.0796732681338488
0.280729023648241 0.445356776950415 -0.497636822044519 0.10529921385761
0.225540011430485 0.358542099400734 0.500036994129178 -0.333314566999455
0.192331189581907 0.383578674931655 0.290959073842341 -0.299068586739976
0.107276016350343 0.387764220995637 0.204553087225436 -0.137383035226453
0.0487846014161185 0.412106552523627 0.166048042471766 -0.10382209305792
0.0225520496851312 0.397698600102719 0.0924827734782941 -0.0574670896053994
-0.0248218956250422 0.372998722106991 -0.00507822194948811 -0.0328354022694054
-0.034676459706924 0.338402311485225 -0.0888104133317036 0.0643894969934839
-0.04818132315052 0.331788091361895 -0.0892508705384038 0.152839846620197
-0.0583980096125093 0.337303912230929 -0.0680938664783328 0.203488435016939
-0.0491874685615353 0.364926018218425 -0.0742110633337856 0.22302453860202
-0.00975245701666842 0.407843485150738 -0.0990913756018651 0.186958339061027
-0.0082740700313183 0.415956995805039 -0.172581597197527 0.10181171404954
0.0400067787618792 0.371857661741534 -0.23493305988287 -0.0188676945131918
0.153076899276564 0.423135805918754 -0.307338526464943 -0.0258416713756453
0.228159123704959 0.380089223196104 -0.566870601831425 -0.0217792031382357
0.222938858030038 0.249962190326651 0.353995058217201 -0.455134199911141
0.214136689811887 0.272391281904446 0.162333522267239 -0.396836283591084
0.161832409863698 0.260462334974611 0.0986742541121963 -0.212862749532385
0.111325598259724 0.280577055487394 0.107611036472215 -0.115523410557768
0.087694508460272 0.280859040642959 0.105335870671864 -0.0308014683474083
0.0448734330810084 0.281201088137291 0.0202903185847175 0.0414660757239895
0.0193594529051294 0.260724041704217 -0.0739311457723992 0.180598032595096
-0.013750236098824 0.244047924425566 -0.0998516447953109 0.265514897250645
-0.0440935739865622 0.225637171179087 -0.100749700022701 0.272082875374187
-0.0516907412583523 0.22205203298364 -0.110083990507841 0.230302985329303
-0.0462706836444345 0.235451929025645 -0.127082268905139 0.159290598220871
-0.0618329793502645 0.238766764564742 -0.180055096849506 0.0641845312297955
-0.019020308279534 0.213187951400521 -0.228588054334642 -0.0645426690629611
0.0897156497828651 0.285679890061342 -0.287233603024537 -0.0932691064659699
0.164145455396584 0.255926844971164 -0.599853508900983 -0.11467497153774
0.160625669182373 0.0964985878461707 0.221037651244355 -0.516327743888954
0.152076084186754 0.122464158443097 0.0505756975075191 -0.428332950083486
0.12495530404607 0.0967084645145281 0.0109761274078858 -0.239130211831165
0.0888688730970541 0.107594635843177 0.0625465228620876 -0.10961536274178
0.0772766387137288 0.113566377998315 0.122383234532551 -0.018922718858124
0.0572785025296083 0.129411734080354 0.0567616658884867 0.0842504785290199
0.0430484576580294 0.129457341831097 -0.0405407777920175 0.255647649719934
0.0221013519980024 0.118989677386513 -0.0969739174554819 0.338379128543871
-0.000280649011076269 0.105942766425326 -0.12159976679797 0.301419159793763
-0.00569695808154999 0.0989573098901446 -0.129930107377015 0.203988861035358
-0.0146305010097859 0.099529664153123 -0.13801826905163 0.112398349543949
-0.033288783221631 0.0939580472668895 -0.172960375033743 0.0312749113953388
-0.000580706001665022 0.0786227553827369 -0.208694716898551 -0.0786975767970338
0.0710062829722429 0.140534962650962 -0.249072727371159 -0.117487320484807
0.113276564708403 0.102969797039454 -0.608756257707142 -0.166671971429357
-0.0355234684160812 -0.0069896042252507 0.576895523317836 0.210904330402962
-0.0739384471938498 -0.00725801358359608 0.276763626358411 0.090132476824743
-0.0628463149823208 -0.00981845989545874 0.199933928068612 0.114724170024391
-0.0499449854544422 -0.013776804879009 0.183989170328167 -0.0070428905915416
-0.0550148398729635 -0.0269834921721582 0.136022415580478 -0.0557400378934035
-0.0764146646828746 -0.0167254085263628 0.134532201521554 -0.158783401238183
-0.06367358348572 0.0039977603000936 0.128682726569505 -0.289814875112999
-0.0449186095327727 0.0291206118337799 0.066032428042306 -0.362910151234584
-0.0303153863176382 0.0503047363638469 -0.0244706013983302 -0.293121422447587
-0.0277516314434993 0.0463246617667054 -0.124467998528967 -0.109792571001656
-0.00569885082051886 0.0494788982243434 -0.151686062376239 0.0389739883059378
-0.0086963922340949 0.0606531160194848 -0.0859151333855208 0.120649670823734
-0.0294844136383332 0.0623329270310911 0.0158658505734338 0.225539148390573
-0.0490789015972519 0.0623915185720503 0.00123392164147256 0.394774629226082
-0.0321761212358516 0.0521445625463303 -0.159909268957197 0.56418061459595
-0.00485312259924957 0.134063582879916 0.615715366592048 0.180471144864492
-0.0854327205823206 0.0975725752099338 0.296773255111888 0.0883130596421796
-0.12870710628626 0.0587864585496247 0.213334452028597 0.130481917142159
-0.126019233861412 0.0496980379067218 0.187834966230518 0.0043808389926123
-0.120815010986097 0.0375549176965059 0.124738541106358 -0.0557094047780445
-0.139338286883626 0.0639843178560058 0.113360740030801 -0.156513135085326
-0.118385398060822 0.10934684648946 0.097032177791009 -0.27314298117534
-0.0666078774960028 0.168630401565961 0.0364691901978914 -0.326932034815395
-0.00604377087371758 0.214937844280663 -0.0415689985189932 -0.258062419900896
0.0369856713476336 0.226070213739782 -0.124001739574762 -0.0799172380316794
0.100294754601647 0.227949149872561 -0.140167907623697 0.0612181693936387
0.109413214962239 0.224201007189518 -0.0845466961687009 0.131484943440107
0.10748194453817 0.209360924194018 -0.00307983143238009 0.209542561840276
0.113940620364975 0.22831910863148 -0.0210679569105481 0.357588211959733
0.128728414776305 0.220580758055324 -0.186787583383331 0.50376373377775
0.0456335162206375 0.261620324890157 0.647700276640001 0.0972003146000964
-0.0663530104473663 0.221518450626474 0.346266608947252 0.0571089928159413
-0.163718645983306 0.174693885291173 0.254207010971788 0.128172453662906
-0.181026674020772 0.167737408609124 0.210814381137115 0.00182309920855904
-0.169246924750525 0.150169601155202 0.119190170876009 -0.0740814038827125
-0.178999108720733 0.168567649948904 0.0767870732117904 -0.168314672864108
-0.146250694616789 0.213419983545835 0.039529220004995 -0.235929109744917
-0.077177680150983 0.283799003532984 0.000624418696411835 -0.239451834976493
0.008480681663927 0.347523106259414 -0.039888404819675 -0.167858726754991
0.079675267786876 0.378808099999786 -0.0933249392873942 -0.0169903030917927
0.17909068215246 0.392869322913861 -0.109797107045379 0.0945203873068689
0.201012040356316 0.377541162881837 -0.0924697181302472 0.143045764802892
0.212706169740466 0.342840567019617 -0.0592007712044339 0.182309144757679
0.244264780148399 0.371476997197703 -0.0946377020673004 0.295324696462712
0.256050276711617 0.351801410576642 -0.268861046609812 0.403501360464167
0.116761152806163 0.353770035975947 0.64749027546836 -0.0363606998618648
0.00775643977985616 0.343021443639915 0.38744595530928 -0.031703944633685
-0.120973090826111 0.323959101752197 0.293221213743196 0.0710677769859146
-0.162730425557948 0.328003235979047 0.229038201180787 -0.0283958693328618
-0.159586477623422 0.300346107660865 0.108643515871146 -0.089550246181989
-0.169280648142004 0.291663063648258 0.0308860736843695 -0.159222431651417
-0.133542557288285 0.303406622617516 -0.0241804002774308 -0.164303390960141
-0.0743396522662266 0.356515696387599 -0.0345763855362491 -0.117348973563315
-0.00092804014558049 0.419388358231687 -0.032324199750844 -0.0416937099290118
0.0716299047121422 0.473901991495486 -0.0559066564394542 0.0709657109238735
0.185135986012735 0.509245996691273 -0.0799406544923406 0.136589369091084
0.215067522417237 0.496764550069645 -0.111889861634166 0.148510364252037
0.239170119729647 0.443284431057422 -0.135897633593258 0.135565817699863
0.295317530672729 0.467192308631797 -0.19307650194618 0.205201374044232
0.314755646919767 0.42709522693999 -0.380219108538029 0.275011343155872
0.19316442415715 0.387666374832358 0.591222061653629 -0.204221607699845
0.120521932603359 0.408272523653634 0.36920698573565 -0.175360931456558
-0.000712806187309786 0.419018859071416 0.280573690481886 -0.0387040333306364
-0.0553752175342015 0.437039453428206 0.21157239882675 -0.0776514117123022
-0.0717974310849723 0.407930682218516 0.0937492633901322 -0.0868273624465396
-0.10165348916682 0.377936482494372 -0.00614544461647426 -0.110625851332541
-0.0843149694625007 0.354002753910953 -0.0722188589442712 -0.0571696094952493
-0.0591762299592958 0.374860624003302 -0.0638005277210789 0.0229042709894769
-0.0273034650237189 0.416318064454415 -0.0354547849716308 0.093890330438607
0.0206273707576489 0.471622679219652 -0.0408923272242125 0.164875229210552
0.110317772035356 0.521864150789161 -0.0701280455186676 0.177689374269379
0.131626354544381 0.522932357926757 -0.140240128423091 0.13870772375089
0.169708858521541 0.464789718116187 -0.205749730561836 0.0663310523077992
0.261821364405455 0.490638487338597 -0.275559291344531 0.0946540248820199
0.303237121671439 0.433732211232963 -0.485253533058936 0.136720244760659
0.242582115144396 0.347699893535162 0.473971169863852 -0.364551591345941
0.211782584280794 0.373625083647736 0.272471453135872 -0.317403974170835
0.12478874737916 0.388647481361664 0.199651680599662 -0.152989211245802
0.0671603006110121 0.414650044245565 0.159710016853796 -0.115184079943223
0.0394763357522743 0.400354783582124 0.0902031203750909 -0.0638012692814356
-0.00853225037735772 0.37817322959907 -0.010665648994826 -0.0329408708581815
-0.0204457210479594 0.342280103509138 -0.0866499736109689 0.0712462394953173
-0.0347833543721178 0.337080062536665 -0.082570359660089 0.159771056230629
-0.0453857675721917 0.343741946781009 -0.0581928356376643 0.206781276615466
-0.0342627582708649 0.373848573865375 -0.062382548487858 0.227121545159655
0.00991857801779408 0.410883098748496 -0.0900965889994854 0.19321980553871
0.0130151417362306 0.422106472174426 -0.165426261752501 0.112388152107166
0.0576709097948634 0.375069248176978 -0.239801823439373 -0.0037279249326789
0.176493195815743 0.418869422720174 -0.307185339571967 -0.0109840515504376
0.245868647744392 0.370209970767377 -0.55645850388962 0.0133246681646769
0.234710740307514 0.23972934228364 0.323029140464644 -0.480538430043431
0.228891788616277 0.260666464406523 0.138400341174987 -0.408573310952346
0.173730571655293 0.25578408697549 0.0890816287921383 -0.222985254450436
0.123733706022951 0.27821898519676 0.100343030773596 -0.123185704031011
0.0993088432985936 0.280053897788801 0.103852610719354 -0.0380382257838126
0.0576096207346688 0.281458369547882 0.0170880887049486 0.0416442550292025
0.0303959005660353 0.261585676554825 -0.0673029988311693 0.187942709316138
-0.00477486733519459 0.245824516566299 -0.0883046328365345 0.273821705680237
-0.0366724268775502 0.229751007955093 -0.0886267167946451 0.278262437669843
-0.0450437645606566 0.228033441938032 -0.0994157992604196 0.237232261984044
-0.0356670904893352 0.238876004440981 -0.121211941810435 0.168495633532381
-0.052023923943694 0.24693361579623 -0.175278702558623 0.0764924648368031
-0.0111724688559338 0.217842692810056 -0.234636375140583 -0.049929968210941
0.105163280918049 0.283424981890619 -0.289997788647054 -0.0795000995378215
0.175207721870865 0.249488753878119 -0.596090698636436 -0.0767268873317281
0.164075332695492 0.0890036220409149 0.187417337140308 -0.535903603548499
0.15751930015921 0.114090636044549 0.0242983220801483 -0.434009600985823
0.127687068878908 0.0930745615364427 -0.00130692440945504 -0.243535444715947
0.0918399971708897 0.105744460691033 0.0554197488219473 -0.11411209118008
0.0803302964528473 0.11023152560307 0.119899692368726 -0.0261465014276153
0.0626882766707708 0.127113287717242 0.0549934157814112 0.0832539671172838
0.0479989229624861 0.12677950168101 -0.0298064528001366 0.261645443074706
0.0259525457297867 0.117805251411036 -0.0828961536385212 0.347147100572556
0.00222123545058832 0.107036163807164 -0.10974589516395 0.30892523573835
-0.00332703236498024 0.100813875861684 -0.121493307006357 0.212314850083313
-0.0120355596755921 0.100904595415253 -0.134179025360906 0.122802163004709
-0.0308148445399064 0.0979832756826391 -0.170170348773034 0.0438758657799724
0.000861364474896618 0.0807002511316125 -0.213124048203583 -0.0664338634158552
0.0765368689506636 0.136830977209822 -0.252021090769315 -0.106155123563885
0.115242798605615 0.0992012802231462 -0.607282972600243 -0.129668258283928
-0.0357135145140205 -0.00575031158623471 0.563661358192816 0.170973938154357
-0.0698558672702684 -0.00385769039780841 0.266705256494441 0.0730444895846964
-0.0591415389495534 -0.00683936821570272 0.200712078825843 0.0978327024811724
-0.0476225015008738 -0.0117172024839259 0.177883723669492 -0.0207591165544737
-0.0541115567442796 -0.0236876053532431 0.132674424639539 -0.0655967409844633
-0.0732185540674236 -0.00889447112341695 0.126095794408038 -0.164383584367983
-0.0602649666604531 0.00759544765903801 0.113244092721855 -0.292047347043044
-0.0407249096274029 0.0304689450960444 0.0488232077179451 -0.36119921389144
-0.0234451945952951 0.0506539234395929 -0.0350719012155103 -0.290959761935755
-0.0219360063749237 0.0484426964119666 -0.121768495266139 -0.104923123156214
-0.000514615691065662 0.0486884548328377 -0.142516912193481 0.0444201963952529
-0.00260903949015753 0.0594251319058245 -0.0768853871523549 0.122664961610765
-0.021369399777739 0.0626175747831037 0.025210009505267 0.220896062697443
-0.0419970185475767 0.0636924587036361 0.0240557098791709 0.388208498032699
-0.0289175629751017 0.0529537291982969 -0.118411923835365 0.563034786598257
0.0027893157311815 0.130702819954446 0.599409357623802 0.140313685266074
-0.0770971418001921 0.100006466785504 0.286495322933528 0.0703906317038704
-0.120252888851407 0.0655678725520151 0.214320350705835 0.111711719752
-0.120720844318018 0.0560337539490323 0.181920902384126 -0.00871594045235049
-0.11617232852703 0.0438440163172475 0.120474305664401 -0.0646537070851177
-0.130996737827849 0.0726486041735854 0.10534464983341 -0.161169938486671
-0.10976335773611 0.115611917264155 0.0825785142638809 -0.274230930765484
-0.0557819013534967 0.168488454377825 0.0221355008141662 -0.323236980918712
0.00763497341257054 0.211109514842618 -0.0511842970333822 -0.254314778777566
0.0493466227041872 0.221975733101177 -0.120343779508785 -0.0751320770491682
0.112177677477385 0.218029155392408 -0.131114824786403 0.0660290016349796
0.121204035638191 0.213800114617646 -0.0756767341649042 0.132572087328331
0.118464548467082 0.199432666085792 0.00540297009920173 0.207478406029184
0.126420434570888 0.217771269018512 -0.00118581699296349 0.352371443427537
0.137334440813448 0.207901027456205 -0.14825261214324 0.505640705889701
0.0572141967537337 0.25310928883466 0.625986265813731 0.059063054615914
-0.0526660157812448 0.220134406603893 0.333399314568766 0.0353586123488676
-0.15005842843583 0.182431133855059 0.254156050329315 0.105684595226707
-0.168915421976849 0.175430119308568 0.204064346991702 -0.0127502163108611
-0.159355421427318 0.156648213670734 0.113738317082641 -0.0813441104597856
-0.165526746814987 0.177662239629076 0.0677540134727938 -0.169834011877501
-0.132666870319941 0.219510876535243 0.0276999995217798 -0.234657108181724
-0.0609301558786124 0.282719974541942 -0.00836646319362957 -0.235523353321859
0.0265107165165656 0.339914342133589 -0.0455326005972139 -0.166623051998266
0.0989647578738198 0.370317625530347 -0.0883036423533421 -0.0165155941710636
0.199126194169665 0.373789552656173 -0.10124938253389 0.0957142550155808
0.21818715388351 0.360884298392671 -0.0818229032830897 0.143705973446756
0.228033630239409 0.32494343454085 -0.0510457002513178 0.184563357898089
0.26087184439385 0.350779162708952 -0.076399375937468 0.29341642724052
0.269469664074289 0.32820075813801 -0.233059852028588 0.410441451699043
0.131679405212058 0.33942350615011 0.619488822123892 -0.0733046872722845
0.0245263812198116 0.335554845153372 0.368512324666002 -0.0540612273620596
-0.101247941043468 0.326555956890095 0.290040920220097 0.0476926707497706
-0.143087438922064 0.332432239413982 0.219819185651454 -0.0429593559437932
-0.14187076347119 0.303949064805156 0.101633911813173 -0.095446626553972
-0.151094175847805 0.297644347665124 0.0210898948655623 -0.158532132470732
-0.116573983790468 0.306656856666679 -0.0315536878551558 -0.160918239298157
-0.0555966112496852 0.354179374190037 -0.0379929325193599 -0.112131772123711
0.0204432190681664 0.410743929262461 -0.0320250849534236 -0.0418869728655589
0.0959540215327732 0.461519591585126 -0.0480165270091807 0.0692619029487501
0.210959092466187 0.487953070073258 -0.0702556253488966 0.135814628127177
0.238532594911499 0.476822215432501 -0.10056986654765 0.150031352127077
0.258860681158178 0.423040475534363 -0.129555456199393 0.143183575585415
0.317403291163968 0.442408275402451 -0.17748949137728 0.210831307600954
0.329788175621529 0.399739568317978 -0.347626792940514 0.291928983495424
0.20749859914433 0.368135565988611 0.553777994304421 -0.233016808708054
0.137864144814606 0.393181085261265 0.344097919657705 -0.192572748879814
0.0204137070516066 0.412192201510475 0.271344117900118 -0.0582628482832653
-0.0333673110652886 0.433606635328231 0.20043167594577 -0.0904625694446091
-0.0522047122926652 0.406091423901381 0.0873636812604352 -0.0908363008459506
-0.0818130861932411 0.379131928690217 -0.0146129199433566 -0.10769372268364
-0.06765413934569 0.352683467795922 -0.073526825684657 -0.0516436704657859
-0.041857242810131 0.371179141571887 -0.0602870767972704 0.027571990640415
-0.00809413587497538 0.409867347778472 -0.0296577039892693 0.0915181958906958
0.0427095706505716 0.464139712809027 -0.0295019378499073 0.16059811789951
0.135237981545361 0.506280442189356 -0.0585975264523874 0.17677637687959
0.157842143300917 0.508103863993924 -0.127062200519082 0.143024760438127
0.190054758917465 0.447514456070437 -0.200283505701286 0.079454683539428
0.283815256575129 0.465872629215291 -0.26257039300769 0.106911380578642
0.317458013992578 0.408519387795267 -0.455760902001896 0.163444437038659
0.253891285591166 0.326600598678922 0.432393163723027 -0.383496599817699
0.2251749039306 0.354253860475755 0.243532020707933 -0.327497052292293
0.141757390710893 0.376085191271894 0.187075269687576 -0.164624877931005
0.0856469363738583 0.405405732539776 0.147875939386469 -0.123203081145469
0.055990075847135 0.390800052887806 0.0845827517477692 -0.068282061616245
0.00950783484582795 0.371843216228903 -0.0169233450038559 -0.0311055640293157
-0.00492882636186569 0.336958903831707 -0.0816365649271165 0.0748747123714115
-0.0194632663365854 0.331700606510801 -0.0719332200420248 0.162697736345667
-0.0297441531538512 0.339739747658587 -0.046289612655999 0.204754805323777
-0.0162128918829101 0.3708479779338 -0.0472581935107106 0.22449501745262
0.0304584699008895 0.40241917488573 -0.0789160449084962 0.193065832290047
0.0350104579399143 0.416392419476717 -0.15284575238152 0.11993848225405
0.0738667146809565 0.366536274357565 -0.236063464928983 0.0120784002910234
0.196373705460722 0.401158272640057 -0.298569574477367 0.00555471610854081
0.257387418415333 0.350712714070197 -0.532939342740263 0.0480922416989597
0.238935662991302 0.221733568386353 0.281409283416943 -0.48917987335269
0.235154424943636 0.242493693337146 0.108419679806857 -0.408721128964873
0.180017857964486 0.244454520801863 0.0760246905511057 -0.226595302023189
0.132872995555588 0.268692870216588 0.0902763504564647 -0.126922876812958
0.107173692236006 0.269495231728554 0.0984012756240392 -0.0441374933782882
0.0684932440327647 0.273361690690183 0.0138587478348907 0.0410684487609382
0.0407104084306143 0.253982321570286 -0.057150692453051 0.189029343789042
0.00519665853915822 0.241172101122352 -0.0730217602107466 0.274330918958296
-0.0268753220374574 0.22794065730087 -0.0740535924533721 0.27722263192667
-0.0353531359076533 0.227889701984483 -0.0847660830810568 0.238040958950889
-0.0250377100144784 0.237242522039178 -0.110025667012026 0.172341130077138
-0.0378110253188179 0.24780692798166 -0.165314958476532 0.0859231656212169
-0.00240210016472836 0.216204193970203 -0.23182536931699 -0.0332506594883062
0.116384953706912 0.271993871760803 -0.283496313837502 -0.0633717910870361
0.181526840875302 0.236911195201783 -0.573597920722677 -0.0381917073033718
0.161724461433328 0.0789639108083911 0.146699359313185 -0.536897083810847
0.15776076493072 0.102673378450426 -0.00242015780521103 -0.426514050775969
0.127656700815691 0.0866773340661437 -0.012982033919744 -0.240730125622176
0.0933095444811224 0.100712195439093 0.047333093754476 -0.114277404823289
0.0812447842597585 0.104848752117611 0.114602918589627 -0.0331439823710761
0.0660362741266365 0.122060620183007 0.0522282105428872 0.0809478143188708
0.052341353262786 0.121133663679576 -0.0180230367976895 0.260832060889713
0.0289578952600801 0.11346648774374 -0.0633527290188902 0.34569680905342
0.00508241333488244 0.105245498244384 -0.0929568191931734 0.307822098446627
-0.00144387525017203 0.0990914510341303 -0.109823364593118 0.215868488175009
-0.00823237088146226 0.100130196268729 -0.125681773381486 0.129296187782348
-0.0262905268803128 0.10065348313016 -0.162954981450352 0.0541983618928968
0.00242295608513997 0.080602525182748 -0.210906083009578 -0.0509013740186813
0.0805741128028992 0.130080952467458 -0.247328457331554 -0.0920522087223862
0.113972445980283 0.0921693615616764 -0.588332797581391 -0.0873361336816583
-0.0325044181289628 -0.00298312793085051 0.553745351359738 0.0940063256847112
-0.0643107193088833 0.00216564872424952 0.25865942132043 0.0374327025121294
-0.0533614917114923 -0.00130413280214737 0.205016369772769 0.0651862247319381
-0.0451682594250275 -0.00739275804364533 0.166315061315635 -0.0465971030644047
-0.0524638740113494 -0.0162727952542468 0.120151287654443 -0.0829226628372697
-0.0679666886443992 0.00104309043487231 0.10506878705051 -0.173302158003878
-0.0555555025012887 0.0126067781589165 0.0752502237491732 -0.29606334973463
-0.0333335471750414 0.0326750311179704 0.00416391732025841 -0.350486687004551
-0.0137832647083339 0.0506305413190536 -0.0639740272341179 -0.277572206215757
-0.0121979057732524 0.049571564593352 -0.123305142258524 -0.0878706491869292
0.00909591573763773 0.0454051670910736 -0.126654834637886 0.0573421465174085
0.00722588183332675 0.0551292265076231 -0.0584354563997483 0.127925327680178
-0.00803757140989732 0.0594169053066849 0.0515586584181619 0.212527108634322
-0.0243018646927397 0.0619477256695875 0.0741926390174069 0.370600075458346
-0.0131837454423993 0.0536216406173129 -0.0375455734556741 0.557510835093148
0.0233788551906652 0.125107859673894 0.577847967036468 0.0481460150274963
-0.0593940299483064 0.103549787062332 0.27645696747073 0.0284861081812308
-0.103901228200758 0.0758881184315394 0.222428720416293 0.0730183898599556
-0.107943762403963 0.0664180618966386 0.175109252672317 -0.0366816315283554
-0.104651781595 0.0552551683444518 0.113011586064927 -0.0803821232883252
-0.114563332482682 0.0861317310339515 0.0884354051333934 -0.1671953928185
-0.0909462863483679 0.120719384397159 0.0514619459346633 -0.272351936160929
-0.0334029506966045 0.166994098403079 -0.0153506840455765 -0.310200347831075
0.0337936344142974 0.199760514009222 -0.0732826233644912 -0.238667974417397
0.076010570179829 0.204560929651826 -0.115118387703814 -0.0594341518668699
0.136207335350509 0.192110700627622 -0.10867104093908 0.073927305589195
0.14171192761971 0.186190454351321 -0.0488870366729224 0.135398491110749
0.141842442988367 0.170723729866477 0.0367598983660641 0.201445116417535
0.151294166534604 0.184687851318984 0.0559736204074435 0.340588030614606
0.160965077573293 0.176815997655244 -0.0690648215344654 0.510412448024194
0.0938744090950946 0.237055691246037 0.583939429752611 -0.0418840661451184
-0.0238953201546027 0.21538203130613 0.316377450706397 -0.0149348767102288
-0.119431611631867 0.191033915010805 0.26239847393718 0.0572628094085877
-0.141886115245689 0.18613821243873 0.199386243419492 -0.0452639846237926
-0.134365666490097 0.169088801558567 0.107725453564083 -0.0978095779834844
-0.137645854255405 0.189724709810537 0.0542102156698422 -0.171565268780298
-0.102910989182132 0.222251685598484 0.00573635041584972 -0.225449053395643
-0.0258497171504416 0.277552905981083 -0.0333380172081327 -0.220108126500718
0.0673441582582632 0.320029515799819 -0.0572341953781796 -0.152947063371813
0.139974605681452 0.338916276161063 -0.0745194588407116 -0.00451172434826994
0.236296466278822 0.328199199047904 -0.0725921300059511 0.098051084801617
0.250656004508068 0.3131090017852 -0.0482583211269006 0.145898263923115
0.260977753752251 0.276535044207468 -0.0156616536031578 0.187065876742951
0.290147190979323 0.292570200006878 -0.0135782596680991 0.29673588349681
0.297785216302525 0.272144817389314 -0.157875973752922 0.435151260279239
0.177286774130828 0.310903884437022 0.553111990095961 -0.173333760822276
0.0629404872847438 0.315621801761496 0.336223522463503 -0.109372435671069
-0.0558816871528305 0.324048571944391 0.287222138456644 -0.00966079930110674
-0.101158231283215 0.333397426845921 0.212882027620266 -0.0818938508653627
-0.103020221676151 0.307862977937287 0.096217890095494 -0.11449327330588
-0.110534842188979 0.301354607766053 0.0120865277081182 -0.158097318773875
-0.0783085082069674 0.303604086135239 -0.0408943163443826 -0.146405744900936
-0.0124172580570043 0.344135429737925 -0.0452669788741331 -0.0988196379250518
0.0688069365648939 0.390070068690777 -0.0290806219559782 -0.0332612738310084
0.148067508550302 0.42672739279519 -0.0247429018026178 0.0736670713889179
0.262030554482846 0.434060059352572 -0.0361188551636858 0.133197064800869
0.284278195175801 0.421910244512471 -0.0621204626362324 0.155541391776368
0.301900454356768 0.364880317866016 -0.0913221327117073 0.158821319768815
0.356299998667234 0.374134844502584 -0.116694879557677 0.232947789582255
0.361982083884204 0.332699822825614 -0.280745319809798 0.33687832093792
0.253527101757412 0.32884092887727 0.46527286971799 -0.319362191180259
0.174292033815133 0.357052360178597 0.291932006244626 -0.24043073675792
0.0684659337282798 0.392211867091373 0.25124995899663 -0.114012883237084
0.0134362390114263 0.417924890665913 0.185312458665086 -0.129392751425119
-0.00590562604823442 0.393223795990635 0.0825010465122171 -0.113220745439662
-0.0358283778917593 0.371638109679043 -0.016361760629464 -0.107954135438316
-0.028088757399158 0.342083690120563 -0.0662611265828411 -0.0360448739946578
0.00296947851869668 0.359141753767433 -0.0501342775862446 0.0367725248895525
0.041946560163925 0.391278775364736 -0.0112017522026592 0.0956495309048692
0.0981301753334117 0.435182454400489 0.00256216332839583 0.161188856906881
0.192106420642481 0.459891767268212 -0.0213161364533153 0.173462161134281
0.212915093144012 0.462003739243475 -0.0874457769541144 0.155584021956187
0.239863548048338 0.400321210581637 -0.167796407253171 0.109162803291391
0.324200492598649 0.402121881006397 -0.210774451166348 0.146336938839526
0.348533439052993 0.343381186045386 -0.399502376431178 0.227989332916973
0.290488436053072 0.282073425636206 0.327774889673884 -0.442992381545963
0.253085959289328 0.31065607636359 0.17777482789699 -0.354680644947054
0.178018513767518 0.345159376162318 0.15241900091355 -0.204007766722125
0.122980004017826 0.378167955242227 0.126724591908987 -0.153914151428785
0.0936026894249084 0.369510181231112 0.0776776353720105 -0.091845429082847
0.0488486338266839 0.355744358593375 -0.0135713353112451 -0.0343129865827937
0.0297436883347178 0.320597285736121 -0.0604485229703584 0.0858917905848028
0.0180287372807938 0.319366303561032 -0.0461139541182102 0.166008448640657
0.0115201238996522 0.327215943410567 -0.0174308715153786 0.205481451639515
0.0293603891584144 0.35403870797394 -0.00996249235774566 0.225505991253134
0.0791114144396553 0.376386683196749 -0.041680171512283 0.195481107291633
0.0847980976678862 0.3904138862858 -0.118839406477927 0.138566034513164
0.118071223215429 0.340212084667794 -0.213314520590018 0.0499825107503548
0.232578957120963 0.353184303557134 -0.261291216371213 0.0538126366561889
0.284058128266017 0.298554568512072 -0.485596758201572 0.123904006100022
0.261080107658455 0.181142654573922 0.175007284176413 -0.51716092168366
0.249082573353592 0.202956009026902 0.0400391725793697 -0.411455541714142
0.198637758031553 0.21345470812513 0.0371261702378238 -0.240739706350221
0.15300774417525 0.243840064297974 0.0679122337486733 -0.145564265161757
0.129007012767638 0.247468608021365 0.0892820090022466 -0.0676934042800751
0.0936722607881392 0.253615659089472 0.0191800572608697 0.0321464719675757
0.0639868453316257 0.235872459869051 -0.0257692301304786 0.19156730761853
0.0305702518877234 0.229490604732716 -0.0345905786075396 0.271695426741621
-2.19820665748795E-05 0.221230087768593 -0.0368234589337067 0.27675876818808
-0.00718135001163372 0.220110390673368 -0.0478963096411964 0.242968489439337
0.00552551672056417 0.226663235057201 -0.0781051137293379 0.180741660990481
-0.00549258032381439 0.242173693446694 -0.139684672319325 0.10883196560673
0.0249371304901752 0.20880076624539 -0.21974316717849 0.00380673982843272
0.141203123104918 0.243175947671624 -0.261673265468646 -0.0172042567944123
0.197242719958444 0.204246319159771 -0.537530075113122 0.0433164887937254
0.165109912432681 0.0522630055768175 0.051021015998457 -0.535969941493139
0.159280100507553 0.0778853439893594 -0.0655722784438254 -0.411288373227732
0.128783540666889 0.0691598266977286 -0.0482314965403792 -0.236240375278856
0.0978111013033413 0.0878252822672191 0.0277565320218179 -0.120802142846483
0.086024564135184 0.0934275669895997 0.101610900629009 -0.0534656264055281
0.075373092623808 0.109741772966772 0.0557632080309558 0.0700321694797972
0.0614077656122005 0.109430169984841 0.0153587594604811 0.255616405185077
0.0386659275140929 0.105853521417817 -0.0189421258006747 0.337288505015766
0.0163044441407382 0.100413513686932 -0.0530316081367098 0.306116739333293
0.00852171076410314 0.0938520138172124 -0.0775457910164256 0.222942388936685
0.0040374595332789 0.0956644458216986 -0.102481266692386 0.142322939693925
-0.0116657962883104 0.101997267676475 -0.144686377465059 0.0756661466867005
0.011381139208209 0.0795630484201776 -0.204802032404387 -0.0187523075945767
0.0896138397331068 0.114894288031967 -0.236203580552709 -0.0533968095368184
0.115017726783225 0.0797509788105377 -0.560082116438195 -0.0053446915351244
-0.0327647095299297 -0.00380713123550004 0.52340610646381 0.0936481600226149
-0.0600727996035745 0.000827022902672564 0.241353727677707 0.0390317041214303
-0.0494576356109666 -0.00332522853147476 0.194350163526213 0.0607078022122662
-0.0425778348899001 -0.00827817502332292 0.157631933179997 -0.0454425693009492
-0.0497147169720224 -0.0164405103865217 0.115483448489369 -0.0826327670806132
-0.0619398638181224 0.00191314754362612 0.103731830673326 -0.168985431082032
-0.0519728697532631 0.0120920338082383 0.0758548607334635 -0.28516103172421
-0.0318121601868859 0.0311384604086318 0.00750044702134946 -0.340469022701483
-0.0108433722185018 0.0470686221393407 -0.0582692071098938 -0.273680569962894
-0.00902677811770003 0.0485269739708291 -0.114044500510421 -0.090135463481509
0.00994104481530391 0.0430110439990501 -0.119385814852595 0.0524604656012845
0.00857230324583718 0.0517830052728644 -0.0564647118669605 0.120984461677033
-0.00484914104701044 0.05528268626167 0.0474168515071976 0.205677797899686
-0.0220463884756396 0.0588809365684704 0.0714063467785489 0.357881264712405
-0.0114161456220112 0.0512151789607061 -0.0318889058144598 0.536615852707189
0.0211251401295754 0.119714466972627 0.544759698705372 0.0500448856767405
-0.0569833590202236 0.0983943318690391 0.258372223035388 0.0299980666774626
-0.0992981654270825 0.0715032332773648 0.211277351033828 0.0682671955864594
-0.104024686386177 0.0630794507138946 0.166434746292335 -0.0366147176856628
-0.101450349902902 0.0534616249414652 0.109107244780443 -0.0793708225847689
-0.109246437715752 0.0832462011122967 0.0874777032292048 -0.162778447678874
-0.0878546146403974 0.116174513173609 0.0519493202483984 -0.263549238460597
-0.0327710361953098 0.161480929097228 -0.0107411500016737 -0.300130525311812
0.0327759174423397 0.191548864995655 -0.0679333885369335 -0.234777310904151
0.0742129818274224 0.199823343964577 -0.106868390889233 -0.0625889377391215
0.132582129123857 0.184801596499122 -0.103289135328163 0.0682480994961771
0.138148237784496 0.179960469719706 -0.0478647155898823 0.129896996937112
0.13788702560926 0.164110531051454 0.0318748337954299 0.197063031220475
0.146574690730141 0.178069710045076 0.052899211618861 0.329222296297859
0.154736627464349 0.169252806263081 -0.0630664906812154 0.492905022241584
0.0877374209738705 0.228843652785981 0.553090983339049 -0.0367836029437311
-0.0236482460185231 0.207561650261231 0.296687893070704 -0.0112989222266434
-0.115193266983434 0.183904841344487 0.248758649832199 0.0524218298763178
-0.137627370295794 0.180112855315483 0.189541859044981 -0.0447554113607524
-0.131261840724572 0.163923088290189 0.104308910048724 -0.0948916443751855
-0.132198919226974 0.183705993765535 0.0534084943839227 -0.16634167829676
-0.100337303088274 0.214830326141526 0.0072332969941071 -0.217826797902574
-0.0261233139543308 0.267276022951329 -0.0280151206225829 -0.212352466167263
0.0628508219206213 0.308459340742905 -0.0525054596382114 -0.150345233887545
0.134969012134457 0.329771779331082 -0.0689360087680842 -0.00925339754136141
0.227458668797038 0.316194367952922 -0.0687946896244708 0.092517462474181
0.241831417579729 0.304117848100798 -0.0470395807192892 0.140232025593087
0.251552217776687 0.266687959487263 -0.0172842942287066 0.184171541662033
0.282175097725812 0.281965981282059 -0.0150489304943797 0.286725758159533
0.2848616648363 0.263150287021772 -0.148971878458122 0.419654635394684
0.166550865885497 0.299660554456234 0.520631225783696 -0.161461434512199
0.057455533548943 0.305761286003952 0.316763829177182 -0.102973230475235
-0.0561509094791242 0.313541149476741 0.272414575564394 -0.0115961509631029
-0.0996205331268835 0.323847919603962 0.202356938639215 -0.0800420417506903
-0.101648046749515 0.297725178903949 0.0929176456482621 -0.110452976849352
-0.108521311588165 0.292057990046222 0.0117751338750938 -0.151116742008761
-0.0791289299232466 0.293240341492872 -0.0385340964731389 -0.140854646180955
-0.0147150627309557 0.33331884700545 -0.0405402811594698 -0.093945185395166
0.0615388632867003 0.377192950595791 -0.0268579069521727 -0.0340418118276486
0.141607067187372 0.414775780668471 -0.0216623516789918 0.0677897068595502
0.249284820541007 0.419602900454361 -0.0349702735742364 0.12704645183751
0.274336526554116 0.408338632748284 -0.0594489218521284 0.149231988833336
0.288427245238103 0.35443594984282 -0.0901263983274161 0.156767860973255
0.342485981422437 0.361917535900094 -0.112088531741347 0.224306731378673
0.345313078229102 0.322595833884506 -0.266386164033081 0.324857571841559
0.238680109529484 0.318273537049581 0.439340454752703 -0.301510602384791
0.165275575636335 0.344702101385916 0.275437768390396 -0.229074921318186
0.0644263087726347 0.380747108988807 0.239217889546209 -0.112012916227888
0.0103366082576793 0.406543096149155 0.17691728818726 -0.124534930156106
-0.0105539118714951 0.383481972558424 0.0795392386166178 -0.108783622068212
-0.0371993506678397 0.360308479875465 -0.0184410057712298 -0.102153329140589
-0.0306443437549652 0.330680949179403 -0.0659313228727408 -0.0346166121801063
-0.00108780006282847 0.347325305137171 -0.0464746561659611 0.0358847359420077
0.035998180980497 0.379195842727277 -0.0111283145623755 0.0907827696748148
0.0930256412978319 0.423628574366218 0.00361817273232548 0.153222947641008
0.183274129883849 0.443353623671757 -0.0206308879475146 0.166853110047186
0.204423673789952 0.44582479559402 -0.0836636090438063 0.148815419939154
0.227941558339815 0.389673389215408 -0.162856443094602 0.109337265454868
0.312365803282416 0.388669177135908 -0.202248515284633 0.140033600675294
0.334569011642885 0.333191245791765 -0.376432872497872 0.218281657465611
0.275257165447137 0.272757893687863 0.309089254072125 -0.424354188574195
0.240984597315524 0.299681159486356 0.16686878316264 -0.340878853325875
0.168263090495264 0.33557865355148 0.145825324874613 -0.197903584931299
0.11591647184234 0.368482534054053 0.121072435107028 -0.14759287720044
0.0850171612707842 0.358098238408719 0.0744085571675489 -0.0887975218061568
0.0433710904191735 0.344361037525155 -0.0162904603397728 -0.0310265636578051
0.0241533545577441 0.309423610042243 -0.0601845526936604 0.0833479713877583
0.0136099931590282 0.30884914416511 -0.0444665731319667 0.16195874124221
0.00698730254293966 0.317633513092324 -0.0173076890551774 0.198338753518039
0.0240224614157358 0.343445181148599 -0.0093861798359751 0.216763126837607
0.0734342000105285 0.363418302509285 -0.0403419793844236 0.189168510864713
0.0804661576680909 0.379052021597963 -0.112301327174382 0.133223768319441
0.109982977164455 0.330986243945051 -0.205971822223371 0.0508040773814494
0.222751895153796 0.34147438203497 -0.249858662741469 0.0498657999604696
0.269481107695897 0.290804403224811 -0.45742260897113 0.118408535943893
0.247688011237954 0.175542038555229 0.162977614393968 -0.497055357537348
0.236605514325312 0.196336488373234 0.0341226703036873 -0.396766102594851
0.189619313333896 0.209036106193416 0.0348144549240424 -0.234846413693963
0.146300268368817 0.238843286949218 0.0651189579625014 -0.139414807774917
0.12017531164918 0.241721693197304 0.083633474066954 -0.0647110291180227
0.0869432518221931 0.246538980198868 0.0135942919994529 0.0338745142634968
0.0574112406718942 0.228467862886422 -0.0280693617092076 0.186597890821578
0.025976140095503 0.222468550270645 -0.0351168139436739 0.263052507871448
-0.00461756820959625 0.215281945082542 -0.0383644675700812 0.266672132409821
-0.0102163351947943 0.214388686375124 -0.0472927150592122 0.235210904865032
0.00203431073577616 0.219403256572782 -0.0757978791847786 0.175690457349015
-0.00595071912819938 0.235503847687462 -0.131940947148759 0.104588547994988
0.0205821572943845 0.204553426816791 -0.211795047372348 0.00579610731581038
0.133670467092609 0.235049895872201 -0.24917747369373 -0.0186936104451314
0.185899360217361 0.199556182464036 -0.506312918420799 0.0408770480877071
0.15635562837853 0.0518699171021203 0.0438990297972659 -0.517484643127699
0.150674234136065 0.0758764404684892 -0.0648991281981612 -0.397475705731802
0.123190521812777 0.0690802244163126 -0.0460868444632154 -0.229204726080113
0.093014745146983 0.0880318244890288 0.0268011035385443 -0.11499443381323
0.0800094668784017 0.0925700270297779 0.0953992774839318 -0.0516704783341728
0.0697764623438248 0.106634021322865 0.0484343416157064 0.0707636276289351
0.0567012156545056 0.1060492179716 0.0116851968266568 0.247841555410469
0.0345083463722566 0.102518663028665 -0.0215441360187576 0.325714430969961
0.012877362775382 0.0976642431666825 -0.0539327262682682 0.295916317270006
0.00599920337392508 0.0915890821682776 -0.0761680716812476 0.215907884668106
0.00207711541347148 0.0932846123263105 -0.0985096406262991 0.138211158003274
-0.0116199311918654 0.0997621916628611 -0.137302475149636 0.0740029163643241
0.00836657983313343 0.0787854269936463 -0.195773723852157 -0.0159944178291725
0.0844419861502319 0.110832522315327 -0.223651674436611 -0.0547915369149876
0.107520130698498 0.0789950733023008 -0.525713414019858 -0.00555978832006854
-0.0331949716022154 -0.00531176864899853 0.508518561737907 0.107502121669684
-0.0580032744159005 -0.0024587285153767 0.231149384896134 0.0475823215425356
-0.04741179614643 -0.00568933560981883 0.189226964102711 0.0626000787461057
-0.0415529620840783 -0.010713424406177 0.155644822271171 -0.042959291098878
-0.04782002744153 -0.0178380033572165 0.116699484094789 -0.08166276747598
-0.0589431841109777 0.000193971854997488 0.109286538768355 -0.166398207474432
-0.0506210813909143 0.00997623419573682 0.0846188196653169 -0.281058688367921
-0.0318458159405231 0.0295605434727404 0.0198686094212183 -0.339720958071609
-0.0101886454232726 0.0449886193868607 -0.0483596100371016 -0.277509399595125
-0.00783906424705413 0.0484368438037385 -0.106702919213192 -0.0974487571467175
0.0107295188955823 0.0421182192633419 -0.116044170436274 0.0465792725820829
0.00892707432619398 0.0504474471698355 -0.059444175099816 0.119015118847087
-0.0042743685120636 0.0529849037007696 0.0404849533225486 0.207707222427518
-0.0213745900084345 0.0576366212112346 0.0618032743516153 0.357901060601027
-0.0124427865112343 0.0499224786916056 -0.0398650391081681 0.532432123669215
0.0168010406295867 0.119444641584086 0.528767801223396 0.0660034164531381
-0.0587412305599447 0.0948343943212863 0.248294704984207 0.0388769066900039
-0.0995255282560982 0.0678605113665157 0.204510914646963 0.0703253204025945
-0.104873130078978 0.0605089833861593 0.163525187712644 -0.0333274222669518
-0.102315573204402 0.050390202466577 0.109190653843556 -0.0782427482088932
-0.108097584432859 0.0800107946663633 0.0922873774658539 -0.160369435061029
-0.0906612383775592 0.113847467708815 0.0594565089191934 -0.2594685802754
-0.03652014379925 0.159162377042778 0.000520385617486829 -0.298993555862964
0.0279328177945277 0.190074304233448 -0.0590381690566912 -0.238342619557494
0.0704232519214672 0.201232927755257 -0.101222886318517 -0.0692548790742784
0.127270093985742 0.186102693824799 -0.101046609558622 0.0629225799040515
0.133259933419666 0.181797960530624 -0.0508401998619272 0.126186077794462
0.132671410955001 0.165277312713346 0.0253261064938371 0.199349627187597
0.142446557540504 0.179847169748157 0.0442064101180488 0.329575147787105
0.149392647178031 0.171444448935779 -0.0683374137695574 0.488067769024743
0.0789889622856916 0.228565818893439 0.537802054579116 -0.0191846982532704
-0.0298309099250099 0.204933275874425 0.287579600465391 -0.00150473929516314
-0.119118622012914 0.179384387181803 0.241766412727339 0.0563487603128944
-0.142722952910827 0.176863053468193 0.18716071588083 -0.0408875568970238
-0.136145673638368 0.159245853908656 0.105156911621042 -0.0925312925405437
-0.135088388513711 0.179350897686475 0.0580704094443466 -0.163701752055525
-0.106340654043494 0.211684626261721 0.0136656986897051 -0.215416594815873
-0.0340225153437053 0.264907623306302 -0.018832533370474 -0.211935213300693
0.053232244018813 0.307256207548729 -0.0467945498004494 -0.152509642382174
0.12655923939983 0.332728409983249 -0.0655742739228314 -0.0156659117746802
0.218516463904842 0.318730168153238 -0.06920553235195 0.0877443774438098
0.233421220386271 0.30735863929346 -0.0496722072659566 0.137099555541709
0.2423693624228 0.27089688338016 -0.0224655757922299 0.186463231796469
0.273330548977688 0.286878300440769 -0.0227412741713482 0.284133252725606
0.273446014785676 0.267153101278231 -0.153507826495056 0.413260605276598
0.153713523269828 0.301866985898788 0.512371548742124 -0.142345152487938
0.0471968796785041 0.303510235495225 0.310145665614122 -0.0914254734824983
-0.0645958867133454 0.309416695981927 0.267724047216398 -0.00692140283440944
-0.107846315346423 0.320512453795914 0.200757485536353 -0.0747812208712404
-0.111797109233754 0.294389260649239 0.0953643508984311 -0.107038067735629
-0.116116184372615 0.287458874556141 0.0151112917784553 -0.149073707113568
-0.0884528023263237 0.290685496113943 -0.0346563806939608 -0.139591241464978
-0.0256097269190598 0.330157135266103 -0.0344705301996507 -0.0943448424452218
0.0489479485139837 0.374942955198835 -0.024620280263261 -0.0358361647289164
0.129742645588109 0.417615628629223 -0.022019374975436 0.0630149707327574
0.237395019042311 0.420493444039543 -0.0365168266704463 0.124429864540359
0.262662451656732 0.411782884320045 -0.0625522810243942 0.1457075471887
0.278571384900001 0.36053964420013 -0.0946207940782104 0.15848442825748
0.331429455329312 0.366967023913851 -0.117328268854046 0.220585178270228
0.33228523758001 0.328199614630214 -0.265481941431315 0.315853200439258
0.225460899236979 0.321537039551992 0.43444459068694 -0.284028941790747
0.152772037400751 0.345625047678635 0.271803812065151 -0.218189548151895
0.0529675062717717 0.379991636105977 0.238265894982968 -0.107397304923228
-0.00109458272101484 0.406704335872637 0.177521798382024 -0.119849459078051
-0.0240295914985659 0.381175170289749 0.0816490396455608 -0.105926502387669
-0.0497433332329351 0.357368502169323 -0.0174992578910097 -0.0997267535775933
-0.0425825860208533 0.328461560260774 -0.0651710558131184 -0.0341082363341165
-0.0128859636348385 0.345194699723376 -0.0453528361860091 0.0363463403166218
0.0224235173408216 0.377726454812459 -0.0126533528078181 0.0898899283932384
0.079401808284422 0.424931488639852 0.000531722030209481 0.150425844137939
0.167980413267024 0.444530681986576 -0.0242921479757751 0.164764592523494
0.192201170235694 0.449159817531345 -0.0850558198359433 0.145537576845495
0.214524141687179 0.393356140363886 -0.164696740514463 0.108585048921931
0.299314460288548 0.39327965706206 -0.202683776036151 0.133309822283522
0.320221003806983 0.338414225148088 -0.370902392823223 0.207361303536689
0.261448030600611 0.277062001363068 0.309376322344459 -0.408823322573624
0.227208196174667 0.304802225629854 0.168763687143306 -0.331567455280668
0.156613538740973 0.338561611288356 0.147070897298907 -0.194387540643406
0.104691778610706 0.371712761208311 0.12228394186103 -0.143462301565496
0.0722464249808573 0.361018150866468 0.0751740118199843 -0.0856916357752845
0.0311235310326874 0.343977929798861 -0.0185157664126913 -0.027559635016643
0.0117817215922529 0.308286182850806 -0.0642445962655981 0.0831699484601825
0.00313940382713469 0.307031803883958 -0.0475699620284137 0.159988243610972
-0.00512361557825227 0.316763234801838 -0.0234038465559068 0.197086127422922
0.0136903843871545 0.344074796613169 -0.0147479410657406 0.214925014716929
0.0615163323064399 0.361912837035779 -0.0451978376334681 0.187322067063492
0.0709952479945714 0.380099608677673 -0.112802696365883 0.129123214319535
0.0987175911090594 0.333595516259496 -0.206424270776016 0.0495097208642936
0.210289073687716 0.344890768636385 -0.247743206454122 0.04285053328836
0.256769744495149 0.297199718909195 -0.448478539084856 0.105711755788053
0.237462909257509 0.180453745399553 0.167210027066216 -0.485913438056768
0.226640703756351 0.200024057071816 0.0405013039621517 -0.390871643098257
0.1800827801095 0.214198737874359 0.0396226193498639 -0.233141923747855
0.137165219877921 0.243540397710198 0.0673541942847131 -0.135761363296546
0.110110114760165 0.245364353147915 0.0826824990363464 -0.0622798272799179
0.0768714825076065 0.247253270926358 0.00831240656422559 0.0382071525067467
0.048756206778964 0.228595265478405 -0.0355258094215009 0.186520467773304
0.0174687344061956 0.221242838355746 -0.0423761769457184 0.262214056543876
-0.0131700226050012 0.214118071085872 -0.0456585037657008 0.264847084170541
-0.0188248395402163 0.214710574410466 -0.0533258618458908 0.232555786877074
-0.00575867510217031 0.218364055249884 -0.0790793348559622 0.17368567718393
-0.0121086718023709 0.235182162309486 -0.13113008495242 0.101228784883276
0.0121120836835455 0.205582455698709 -0.209099219831826 0.00375411179828351
0.124313531228592 0.235939373703913 -0.243436107816159 -0.0259686625676854
0.176670551617143 0.20466174359203 -0.492564455191387 0.0285216513200537
0.151025679035047 0.0555178139195426 0.0523413082446125 -0.511787249822162
0.145843791911314 0.0786298864148068 -0.0574112350110864 -0.395854435919667
0.117675416520981 0.0731429093675308 -0.0395882258762174 -0.230307447826958
0.0895288475877589 0.0919524263680002 0.0302803868106359 -0.112914672807852
0.0743210509157666 0.095595586078321 0.0925261626915578 -0.0489179016569183
0.0649861902780667 0.108812759227786 0.040569945429426 0.0760538304724214
0.0513503324323469 0.106059191056858 0.00124372730853694 0.249405127294924
0.0288819362036733 0.102899557454801 -0.0315075033143199 0.324012868197137
0.00745082551663059 0.0984612507202174 -0.0640382065995717 0.292255949410894
0.000840881215666618 0.0925841931983586 -0.0830204551968746 0.214146188710043
-0.00178235511075642 0.0934150187376537 -0.101078719722376 0.137017144386507
-0.0147375833888819 0.10023026474108 -0.135579931592624 0.0708842206197801
0.00374623172390664 0.0801672427000394 -0.192154849801261 -0.0181444950755782
0.0796389937792391 0.112110029672264 -0.21646908776967 -0.0617507924186082
0.102442183516191 0.0842120282406147 -0.510180989846772 -0.0174393408900626
-0.0350813672351574 -0.0060522174342786 0.511931460753628 0.122852163735901
-0.0583497214467643 -0.00582122234641278 0.231137271787293 0.0580432474755202
-0.0471604698962508 -0.00876148452427161 0.190508922546081 0.0663502243751422
-0.0424453358494733 -0.0123173274345578 0.158430184666796 -0.0423341459827366
-0.0482419935867677 -0.0205790962003088 0.121686671571588 -0.0834547079934647
-0.0578960871136706 -0.000528911208842236 0.118061136793111 -0.170499905032594
-0.0512887511651435 0.00946413235750132 0.09535030064071 -0.287449444796531
-0.0333061809199555 0.0292758741921274 0.0314723491941988 -0.350545991331726
-0.00997425253678258 0.0446480728240585 -0.039794801558106 -0.291556432224434
-0.00678394631206891 0.0490810508295485 -0.103013961079765 -0.108581141992135
0.0118715161738704 0.0428780077176759 -0.117981201926183 0.0423838061914683
0.00938223097366464 0.0513393948745012 -0.0642871539043816 0.12042815276048
-0.00392092969834082 0.0520469681333859 0.0357306478851957 0.21609099375429
-0.0217884897561552 0.0578831772343397 0.054898083420086 0.369755712294253
-0.0127463698048358 0.0496104411139725 -0.0478118725712296 0.548738696149403
0.0124839085346389 0.123461713666819 0.533617427739344 0.0828579600255728
-0.0622524528404395 0.0947833118608993 0.24793751987154 0.0492678680279545
-0.103752799359898 0.0662287328979191 0.205792687996998 0.075535955446877
-0.109988412247391 0.0600778336187765 0.166699512395594 -0.0314153802472499
-0.106641475610978 0.0494627684300067 0.114133695006381 -0.0785160095568272
-0.1114868269487 0.079661528646868 0.10193833296197 -0.163612520636732
-0.0961033097921163 0.115671875253288 0.0694726627355405 -0.264862012261747
-0.0424061728287604 0.163432523258872 0.0110869445446447 -0.308122042210503
0.0242125751048031 0.195266796750004 -0.0528486895844043 -0.251008399238567
0.0698161993852848 0.209172477421524 -0.0991622831575853 -0.0792176788523398
0.127483875275132 0.19293995459528 -0.103077870247914 0.059583868700657
0.134254439648338 0.190129922447964 -0.0560233534656069 0.128202901661375
0.133616116538201 0.172551589759267 0.0204359587704032 0.208759779915433
0.144502255419607 0.188625108050029 0.036856978544761 0.340178558629331
0.148663574972361 0.178791604218754 -0.0776726595722577 0.501145071297211
0.0737225123411898 0.237057664256385 0.545694013950898 -0.00175891602838071
-0.0374244020454805 0.208464940332217 0.288830711688597 0.00942429197743139
-0.127583291990195 0.18152361583395 0.244186539664096 0.062116547571025
-0.151263301085638 0.17930969290649 0.191972892463768 -0.0382433647542759
-0.145573543704944 0.162563454531853 0.110728196523526 -0.0924745329981117
-0.144046246573368 0.181511573635223 0.0650274200636861 -0.166717074242389
-0.116060338826433 0.216467765081795 0.0203594979424714 -0.219899706710167
-0.0435601946343372 0.272281301153668 -0.0102998517360967 -0.218298403177819
0.0456029665938702 0.316894694957938 -0.042467577935514 -0.160736853158706
0.12414542759844 0.346507036805804 -0.0652853722421855 -0.0216638436336087
0.216177402320642 0.332433377541694 -0.0706141953886808 0.0872520782380554
0.234619865256151 0.321361768225456 -0.055911937716119 0.139824812257092
0.242109124338623 0.285320803886402 -0.028764513325829 0.195495032955115
0.276646433154945 0.301868925959796 -0.0308660445431257 0.293515771392715
0.275399126054576 0.280909709267085 -0.16178142859155 0.421125422956962
0.148078917967819 0.313940576750289 0.521189138093645 -0.128714683640597
0.0391099396773981 0.313532349410848 0.3140735284177 -0.0830523358002676
-0.0751435373987924 0.317576901430643 0.273366844252236 -0.00151544570282986
-0.120795649312808 0.329086263488912 0.206650689705968 -0.0729416128225064
-0.124738153765991 0.302648659251301 0.101443577093555 -0.106865504636106
-0.127800992407716 0.293864902997065 0.019285992152562 -0.151774227905672
-0.10098371703442 0.297819917288617 -0.0315957196908618 -0.142748214858749
-0.0360737943489299 0.339154377293534 -0.0298467718693382 -0.0973012390830374
0.0391450494445727 0.388559606346461 -0.023020019826262 -0.0379929091249481
0.124275492468287 0.436189492551639 -0.0221458640635522 0.0614955944492069
0.233757134340846 0.439336347229138 -0.0392286571903388 0.125667460486411
0.261825146082411 0.431995229834624 -0.0665104213997359 0.148797693449904
0.275219371484017 0.379327010551915 -0.10183082261626 0.165660801232697
0.332813944454281 0.386217131322616 -0.125577936285376 0.224344830728652
0.331949931992953 0.345574730193761 -0.274530959829403 0.318672067639243
0.2201544351282 0.335856537851091 0.446892572743498 -0.277597858262747
0.14439667288165 0.360452306715171 0.279137124316802 -0.215424831291618
0.0428743199903652 0.392866398924314 0.244692581117099 -0.104959564526749
-0.0132787432610508 0.419532036818151 0.183861886339621 -0.119298299849022
-0.0364441432553097 0.396055303437816 0.0867578151432078 -0.10630781599534
-0.0621721558664525 0.36747018446474 -0.0166898586546925 -0.100428098468183
-0.0553996782729597 0.33838049719542 -0.0668465110653359 -0.0347036749446123
-0.0239446329281306 0.355624999201014 -0.045406355759498 0.0367435820619145
0.0100719136220542 0.390860554466116 -0.0148778100601511 0.0929655696387446
0.0706126290994094 0.441267796210952 -0.00222908388114428 0.153034928840757
0.160368721757948 0.461541425955926 -0.0284686504254727 0.169139115994075
0.187152165482868 0.468988479761382 -0.0897142761354761 0.147035234699284
0.209305906799534 0.413643062459053 -0.17303125065274 0.112755819414393
0.298947804211724 0.412788805086186 -0.211543400966997 0.132169829320288
0.318837733784712 0.357870932483314 -0.379899000023578 0.204431204046466
0.259223744628352 0.291297992520114 0.319997546617329 -0.408944433917042
0.223499745600006 0.318781834481154 0.175732047763683 -0.33490981848144
0.151597191538232 0.353363134765345 0.154608202326429 -0.197660994484124
0.0976050057823333 0.388588042077188 0.129011748465656 -0.14460301353764
0.0623312750414925 0.376134875040174 0.0784312135103754 -0.0862209977053391
0.0203031243230604 0.355311859658418 -0.0217673616625171 -0.0251224601695235
0.00121907678203677 0.319072774538869 -0.0696948168368793 0.0864901977308379
-0.00744818051771734 0.316115561040301 -0.0526440170645063 0.165726652315455
-0.0162039049044701 0.328059250633133 -0.0296363070709524 0.203040442886732
0.00324573161178151 0.357767442218238 -0.0206462334569858 0.221094329097013
0.0514242821833969 0.374819294458917 -0.0495107730454133 0.192489088758319
0.0637512593387981 0.394702165431297 -0.117605084927192 0.131022607938982
0.0901557022902661 0.348729712803028 -0.212993914410259 0.0505207759015515
0.206403726570516 0.360932328404459 -0.253688846397333 0.037478173552734
0.254428521160952 0.312806864017637 -0.45482653849247 0.0969808007818187
0.237562555841853 0.192217958093003 0.177090542657354 -0.494140024585845
0.225368448175007 0.211493037182329 0.0462246082398272 -0.399705852914963
0.178718325334872 0.22686517599788 0.04613957461059 -0.240597098303163
0.134744750934077 0.25656508936031 0.0729582603850716 -0.137415099579962
0.104641471020973 0.25832355266489 0.0847475155621713 -0.0612262983561752
0.0705692403327106 0.257291931354779 0.00362507576317044 0.0446781300077304
0.0413943124857558 0.236933660375205 -0.0434499051332521 0.193165986425022
0.00953223225317238 0.228635744963585 -0.0514582497008584 0.268877495621936
-0.0217205905680306 0.221945104283042 -0.0553885449009033 0.272732404963491
-0.0271803481966255 0.222790689892527 -0.0613206939472121 0.239448804862053
-0.0138665659454924 0.225224229651688 -0.0854329121660522 0.178119080690706
-0.0190329070161983 0.242937191865952 -0.134928473831125 0.101609359345868
0.00483927158794561 0.215188590064283 -0.214701391105455 0.00218795349026099
0.119610682468682 0.246490473273916 -0.247656595086308 -0.0338494082067242
0.174168832967593 0.217351457687431 -0.496715856348709 0.0165231940472286
0.151034944594206 0.0609565712623317 0.0598197179103255 -0.52489960674284
0.145628266118686 0.0851583467281851 -0.0534037028561605 -0.408404094173913
0.117847905028128 0.0793000825928242 -0.0355797682382865 -0.239475516521589
0.0892979721686572 0.0982656933873346 0.0346655662531429 -0.115136343582758
0.0722181588131596 0.102470212076137 0.094180389436832 -0.047305182480595
0.0622332322685773 0.11337728143092 0.0351092555406642 0.0840566397918902
0.0478025969300788 0.109211562626869 -0.00875188604123821 0.259734421391805
0.0256379640864217 0.106679583836335 -0.0427798203834713 0.334368166078641
0.00266797471842546 0.102772630173524 -0.0755216785262568 0.301408523155205
-0.00516232904796311 0.0972067693446797 -0.0914277635317897 0.220183290672619
-0.00610347393747766 0.0964877458234692 -0.106987990785653 0.140794309759555
-0.0183451465536208 0.103676534226494 -0.138893179160693 0.0705616213687467
-1.95892771708453E-05 0.0848543149808022 -0.196296148415932 -0.0204545020271449
0.0770072911013297 0.117586932479961 -0.218669903083843 -0.0704730860143843
0.100868269219561 0.0912594496901506 -0.512408859402214 -0.0323676611871202
-0.0384526356337528 -0.00590291648678464 0.536102861376545 0.130680551919773
-0.0616576310946003 -0.00815847024177969 0.239215997471265 0.0640448840920021
-0.04909538331898 -0.011472125519838 0.19997940001907 0.0674078177545923
-0.044701085890402 -0.0136670392200307 0.165229893524425 -0.0456799593069269
-0.0499608423620242 -0.0227077467583075 0.127844191844811 -0.0902084352551656
-0.0581573141067383 -0.00130382287281918 0.126342085129905 -0.182640783632592
-0.0535597717172949 0.00972085187668548 0.102123748388256 -0.304898989265188
-0.0342149896088883 0.030347000846601 0.0349572755525101 -0.374700586539924
-0.00894656805154925 0.0455489473275792 -0.0401518256741132 -0.314820198495933
-0.00460373682866907 0.0525119689649019 -0.105671377731324 -0.121320665302505
0.0134589489310138 0.0441202458380034 -0.121792899765396 0.0421991477548724
0.0115599225907063 0.0532517951419947 -0.0679791441446442 0.128176370188384
-0.00312903597407791 0.053531263762996 0.038360780050381 0.231774139465319
-0.0213901712418883 0.0602698968806615 0.0586181370259022 0.393270297540107
-0.0121602781365472 0.0514521858741176 -0.0423923260254468 0.581897608010032
0.0121148767345764 0.130710986801455 0.557609110141475 0.090290216219691
-0.0664661606591451 0.0998129657716112 0.256833041596566 0.0550622313264781
-0.110042195655451 0.0692816542004212 0.215244759291594 0.0777531541667514
-0.116819511873366 0.0649678485197973 0.175067739394369 -0.0344785020525089
-0.113655979100709 0.053334851016515 0.121165976395163 -0.0844534064636377
-0.116580526788361 0.0849467318450939 0.108994664093046 -0.174759082112359
-0.101844489623379 0.123564238383596 0.0750737380346249 -0.280544537754599
-0.0451047687610862 0.172967934338956 0.0147088126438931 -0.328706512410601
0.0257605436410473 0.205707328486061 -0.0546442963203952 -0.269150527121297
0.0770293254721142 0.222327939804952 -0.102037652861092 -0.0889499162632856
0.136054138211829 0.203798221664194 -0.10637032278093 0.0616429432066406
0.144865240412363 0.200355225076849 -0.0591075085458934 0.136021345363664
0.142574862454802 0.18226013786887 0.0222538224829098 0.224636277754
0.155523404666091 0.198291396089167 0.0389474862301221 0.362759907791161
0.159225984905779 0.188417553752522 -0.0758857167245461 0.533499741259332
0.0761677495319301 0.251287685511113 0.570357023297169 0.000686591039724399
-0.0396089746330612 0.221433296235638 0.300068124329454 0.0119959001615787
-0.136763513855071 0.192578427193724 0.256252516945693 0.064304595920025
-0.16126137434987 0.192359327750736 0.201495504563121 -0.0419629284693067
-0.155526824904525 0.172871095711539 0.117397609222857 -0.0983860998607453
-0.15277491371333 0.193568853037199 0.0702997990904711 -0.177084942687163
-0.124581711434285 0.231134174517954 0.022704620832449 -0.231459737477053
-0.046859843997178 0.289006446834826 -0.00790268873701032 -0.232220323508851
0.0474725643066822 0.336675467488131 -0.0428948310595781 -0.172651010612328
0.134190918571136 0.369323203655042 -0.066519593360776 -0.0271967626701881
0.231010981164706 0.35199999369205 -0.0729670764441901 0.08984647638198
0.250892159337881 0.340858325405945 -0.0581647233290465 0.148947695716405
0.257013729594623 0.302171600374055 -0.0302035066130869 0.212464741013215
0.294265103433177 0.318771854581118 -0.0320179001945069 0.313025469690176
0.291879588903654 0.296352516755096 -0.164380158039027 0.450137981692749
0.154023013156506 0.333885479325896 0.544856978557876 -0.13494030077377
0.0405269521935537 0.333355178914513 0.326122314660392 -0.0849185910212541
-0.081314389518027 0.337744924061629 0.285492486618518 -0.00334838784951971
-0.128129482674927 0.35280696440669 0.218013858245187 -0.0784487507752794
-0.134539272691681 0.323736280525356 0.10809938495469 -0.113948020203499
-0.137209547187559 0.312628974477244 0.0203970084502244 -0.160043089246435
-0.109081549739946 0.317865786362858 -0.0339174639247609 -0.149584456727013
-0.0401248900110682 0.360246431376781 -0.0285077628817275 -0.102125581894916
0.0395974863358483 0.413551166012037 -0.022685716089445 -0.0407956553623503
0.135120106213284 0.464800216946472 -0.0219686914833791 0.0616570511799994
0.247360486591964 0.465312786142533 -0.0392415303495079 0.131922566377457
0.279162048660222 0.456805375153069 -0.0689596741456157 0.157289678539768
0.289949663630578 0.40370275515948 -0.106509066050119 0.181569696538078
0.354400872537417 0.408470028706056 -0.132799864188076 0.239116758173126
0.35112196905569 0.364847857330518 -0.283881399468314 0.340593601629237
0.229663076471594 0.357123197648347 0.466732493004451 -0.28906753501064
0.152043628422121 0.382678069469499 0.288424541751233 -0.224934157089719
0.0435152014204543 0.419375324088209 0.257256223781694 -0.112715832607176
-0.0140446033063186 0.44958165602556 0.19354821438515 -0.126515645374053
-0.0403660486369373 0.42231027579591 0.0922692607847732 -0.112481114411182
-0.0681195350833572 0.390243394723421 -0.01949131837564 -0.10460375620389
-0.0608551751487013 0.360110443686138 -0.0718060676402401 -0.0347010991805259
-0.027544728398817 0.376472119295914 -0.044643905814657 0.0411094691419653
0.00886458323789633 0.416385620436749 -0.015388518363692 0.0987432736860869
0.0759778742633884 0.471125797682568 -0.000419062972754695 0.161519525017709
0.169700509962418 0.488114399247891 -0.027747240837069 0.178571710817529
0.201096643707598 0.497526335386271 -0.0935482569735252 0.15600097238902
0.220171974850787 0.441271974096082 -0.182228019966532 0.125435548786887
0.318680307464862 0.437117231825294 -0.223147238603276 0.141579737968937
0.336144719403484 0.380127303657395 -0.39598669553016 0.218502504364963
0.271133907921816 0.308346584645853 0.332943400925901 -0.430722892126725
0.235220018780408 0.33845721055389 0.180508885702994 -0.351438707572136
0.159176323455038 0.37720965867219 0.162724331265061 -0.211024600627845
0.103821513828396 0.414223367674443 0.13587867695645 -0.15391860877735
0.0630985413958021 0.403067589022111 0.0827355252221107 -0.0904778950848557
0.0186596936702738 0.378638221018364 -0.0261222131667283 -0.0222168095547816
-0.0016975880825946 0.338719558561518 -0.0750348085927627 0.0952234778656823
-0.0101218244554412 0.335402216119277 -0.0541122191057699 0.177547186652147
-0.0198898354419488 0.350882679420616 -0.0307857142814722 0.21642370629802
0.00262296552517043 0.382414905849862 -0.0200638065435934 0.233961586379514
0.0528834662598566 0.398319552974461 -0.0509185909953268 0.204898187892019
0.0688599169227063 0.419457086173798 -0.121417648478873 0.138839898428546
0.0933231185933139 0.373031797497431 -0.225239490392617 0.0591952883042738
0.218555182637078 0.384218454243942 -0.266122063798856 0.0394503812273424
0.267660382598745 0.331829888208896 -0.474136168327646 0.104584395218977
0.247552646717879 0.203037538077833 0.183782607045099 -0.523061587676526
0.236008056266108 0.223920486517941 0.0428272758513734 -0.4222942019826
0.187021090046589 0.242159688573707 0.0467542389804056 -0.255875719639205
0.142991294285894 0.274349974303855 0.076282701080333 -0.146018486684683
0.109304105295357 0.276857934993029 0.0878427712112959 -0.0651900129845794
0.0716782965615243 0.274306954637585 -0.000482516698145106 0.0519830505949244
0.040167554480907 0.250761630620237 -0.0483920919274448 0.208519690460432
0.00839831004610573 0.243829576629376 -0.0541830889466836 0.287033859900938
-0.0258815436931745 0.237537582255038 -0.0594523739882377 0.291719804506549
-0.0311493735429493 0.23893062922602 -0.0639888212839415 0.255572691008469
-0.0175742111384842 0.239695570505912 -0.0885060148758568 0.190922184149747
-0.0194004615136512 0.259010422623803 -0.140800239154194 0.108606719985338
0.00282763859819651 0.231271763519209 -0.226743363920898 0.006920954375376
0.124926381300642 0.262487662470291 -0.259504217881524 -0.0363166012000601
0.183160628499748 0.232573241018644 -0.515291765546642 0.0178791789398971
0.157764136037455 0.0652616398638078 0.055971057778108 -0.555751512383498
0.152310375625963 0.090266035430486 -0.0626805975304584 -0.433323462108814
0.123883570709858 0.086392373178981 -0.0391071000323275 -0.25590103188091
0.0946386792836316 0.105932218758482 0.0371196799310528 -0.1218220384036
0.0749384233118994 0.110928220459665 0.0958490321296536 -0.0493799412048339
0.0635292306696415 0.121163489469305 0.0331852841904294 0.0958262638915804
0.0484940857758835 0.116552478324612 -0.010499409547137 0.279127234942839
0.0251649392168067 0.113085389792678 -0.0461436447016169 0.356458991494498
0.00132297914346989 0.109906922922918 -0.0821017819571864 0.321012536231682
-0.00692625450252987 0.104342372020259 -0.0965343892394176 0.235369500269373
-0.00822985357935285 0.103181071336499 -0.111612917560151 0.150936158378963
-0.0189517562070041 0.111255233290274 -0.145212743144692 0.0762219536161355
-0.00224602904026055 0.0916423612303594 -0.207001352597471 -0.0182762210846445
0.0795748991493549 0.123742236458577 -0.229030181895071 -0.0754134425408545
0.106061661134571 0.0985465959511634 -0.534174688423198 -0.0317345090698258
-0.0474558631244401 0.00547959138218272 0.589366353321383 0.0413724238443006
-0.0694016907643299 0.00119180916312158 0.263688858900252 0.0282104982942378
-0.0556851799295042 -0.00575330505451029 0.224395676017846 0.0336919194761539
-0.0484603560477815 -0.0066101989625106 0.16540108018201 -0.0804133969063843
-0.0546002531105977 -0.0147299337310975 0.120399315265179 -0.119271832118418
-0.0583948342715062 0.00805403035325154 0.106175502478948 -0.218076269694934
-0.0539737602044933 0.0192531203917292 0.0568183982804548 -0.343960332603506
-0.0284591604340222 0.037931334431553 -0.0240142766572864 -0.401424854189529
0.000419588439931777 0.0465039125145714 -0.0946327740032457 -0.332225787468403
0.00755440625710525 0.053646522759085 -0.127956188035463 -0.116524988472637
0.0224622049968247 0.0409308385323385 -0.119350109318501 0.0600580191242233
0.022426420386861 0.0510355798581738 -0.0511396795024551 0.14569162080984
0.00595623218721836 0.0531750587235412 0.0805055586347857 0.239577751353899
-0.0108097411629266 0.0623978067620749 0.130173054393376 0.406815353893693
-0.00230216833632585 0.0504530605534776 0.0550060263928584 0.623320546400039
0.0322753302881048 0.143376500584364 0.593902937306237 -0.00945761415941801
-0.0582303388928848 0.118203709019849 0.277905742408744 0.0115311008735631
-0.108418312087574 0.0907920209099617 0.243325841638489 0.0356740681625621
-0.112950883651584 0.0885897546918997 0.180078977163601 -0.0744732601450052
-0.110603157291374 0.0753268238475256 0.117443827543586 -0.116263490585781
-0.108270215465165 0.108953693280706 0.0906600826610108 -0.211457503627673
-0.0874591424950008 0.147890203656786 0.0349526452027396 -0.314491125938024
-0.017516823993753 0.190620826224645 -0.0361812229324731 -0.349883864625272
0.0628735056936929 0.209353229733775 -0.101357392117945 -0.28064292892692
0.120073007618298 0.218551573475474 -0.119310942489157 -0.0839433249230118
0.175590052056873 0.187354603687366 -0.101919759629408 0.0752573635768105
0.184249549323032 0.185240840612288 -0.040102198235367 0.150315766172696
0.17839844027876 0.16436876370899 0.0632619161151247 0.233530407265101
0.194795379364596 0.178194966753123 0.106922671326869 0.372770920590829
0.196827335705177 0.163793166408434 0.0117782293661284 0.577642661025924
0.122311819059259 0.262157448112782 0.578597860939481 -0.108789625750931
-0.0111575148245954 0.244871078557913 0.310548052497139 -0.0445818634446258
-0.117499036511437 0.228642481540502 0.282367818227568 0.00726381383770104
-0.141570417645536 0.23207492731455 0.208522463768299 -0.093539958864054
-0.13675862384197 0.209365633380704 0.113154041268211 -0.13592736902681
-0.130342256297245 0.229515381721571 0.0504283118264554 -0.211584395825409
-0.0970529006033769 0.263508298876758 -0.00931152152985857 -0.255265007647134
-0.00245668140364001 0.312784971032761 -0.0424782405823334 -0.244693477964033
0.105379995080694 0.34404610424316 -0.0724050122178962 -0.178508569434018
0.202185222400513 0.363909427626292 -0.0701521943653564 -0.0240052123628795
0.296735229974416 0.326001233668909 -0.0625890605558577 0.097603604350633
0.317680326010983 0.316741529909311 -0.0365570393824993 0.159476086615438
0.31834368066231 0.272289618993608 0.00728697894996932 0.22639465805637
0.361003573276458 0.280875808654206 0.0250418907567821 0.329394312202045
0.350568934720201 0.256738067517603 -0.0953310710882669 0.505133344704854
0.22233550423068 0.336664968216929 0.519039636736162 -0.246553402460417
0.0913129738600584 0.353181644709605 0.31533492551633 -0.155031898129314
-0.0356423710803068 0.376254918759551 0.295249218704186 -0.0751556481539598
-0.0824454029595537 0.396476714678316 0.216466236770059 -0.142203853826423
-0.0917078857995858 0.364471730770362 0.0979473755044889 -0.157516465674763
-0.0963942299938975 0.353511439426771 -0.00181591148279067 -0.187974787416447
-0.0696826352356693 0.353066135693087 -0.0542266745666186 -0.159241219796193
0.013686945850361 0.386628171338104 -0.0434676423162091 -0.104475388475462
0.109601176478704 0.426067934209797 -0.0286697590201296 -0.041587628858679
0.216251253190654 0.463397903368131 -0.00698274904927654 0.0641245033280752
0.331245688353762 0.441859245576786 -0.0196131165611455 0.135611827551721
0.366025197437 0.434168216456685 -0.0463040127730304 0.16855550192859
0.371116715581437 0.371776808539213 -0.0772644283050248 0.206973441590311
0.435862798776719 0.365733997617593 -0.0900797647524098 0.265863407762019
0.425358264993211 0.318763061421317 -0.237715917278855 0.408270014380292
0.308084230231012 0.347270264365935 0.400599228372762 -0.394938629096531
0.219197608271872 0.388340105003745 0.245137977887467 -0.295967536140409
0.11092958316552 0.44377990914572 0.235981239347106 -0.186983599705375
0.0538633594634792 0.482662193582731 0.176259725139597 -0.193411705691589
0.0203268319618244 0.45476363315423 0.0750570956650647 -0.157755987232474
-0.012722427616573 0.426306271988735 -0.0384491373563135 -0.123371008338672
-0.0138746096437214 0.391531123990079 -0.0751453635881089 -0.0303671998767515
0.0271838407911809 0.401181842357223 -0.0374575451224062 0.048759895468802
0.0760368056649932 0.435951626298789 0.00383840567392882 0.106379563909857
0.154127587569122 0.480794174233362 0.0324690849106491 0.166833351862431
0.25240222890413 0.481076214373313 0.00135602238415793 0.184509669078168
0.288885900056817 0.489341966382034 -0.0690483784453679 0.172149718585097
0.302940165936087 0.42423526587188 -0.164438402156504 0.160995789168189
0.402325137527044 0.403207875301343 -0.199426947087023 0.177449870907556
0.41165858995806 0.339528065510163 -0.376261170896155 0.295517622001681
0.34581742518947 0.288418333968106 0.236495178553454 -0.516953395967459
0.301562087205552 0.32806374735597 0.105952398913176 -0.408055011819776
0.227633277645657 0.380192697812583 0.113482856382763 -0.268214221952989
0.171675251245628 0.426489832542155 0.105912298213136 -0.207324437105185
0.126634633855257 0.417567082779453 0.0632742513943844 -0.131109156574589
0.076871398529734 0.397976086917542 -0.0367579172225362 -0.032923873791462
0.044879680016054 0.357942335781219 -0.0582694122534238 0.109111524775141
0.0383366275427793 0.354432543116797 -0.0263117156801548 0.194044223947427
0.03259650088209 0.372289970699057 0.00534365237494738 0.234540486265935
0.0612588303860388 0.40047881692822 0.0233652644772677 0.250186156486827
0.115682250504317 0.405943796508316 -0.0169149119338173 0.218765121117634
0.137661277702287 0.428268271610418 -0.1007429992842 0.160911505931017
0.159798669746156 0.37666258975256 -0.220778003110533 0.0999706648440208
0.289570464474123 0.364053403138627 -0.261934092609523 0.0793282750647224
0.333170437357836 0.304052093187178 -0.474937909280445 0.188041415475956
0.302819777103571 0.178717359964896 0.0654200274688003 -0.580935546742523
0.287567131651974 0.205544993351961 -0.0484952693792055 -0.454710354255335
0.23794905700093 0.23138213355226 -0.0143578150764259 -0.289096167788304
0.192781176466337 0.27217974433898 0.0437420278308696 -0.181516665411693
0.155493814356344 0.279074042541222 0.07076870395021 -0.096855806569229
0.115291899802595 0.279006687889998 0.00114193894252461 0.0489567612828836
0.0767001173891832 0.258729649790225 -0.0114085439865388 0.227760297501125
0.0427536836343615 0.253975770812885 -0.00853554446692305 0.310783976212621
0.00838739067448103 0.254794030409268 -0.013748909136402 0.318639603104492
0.00246951083837001 0.255935029686271 -0.0215484460244524 0.280504056286069
0.0172099129070616 0.25308431144036 -0.0601340004408742 0.213357585871468
0.0208038900927072 0.275092412018132 -0.126327849349877 0.134939704135123
0.0401768339487251 0.243421989922546 -0.231842513239701 0.0475687067490866
0.172275231056634 0.254757150819726 -0.270055947957635 -0.000485924743544723
0.229333801772547 0.213995617907442 -0.53278653800285 0.102517490300388
0.182870824797427 0.0463099222245001 -0.0602497636388216 -0.593487814732015
0.178941033075834 0.075152619795088 -0.155909632708947 -0.445796643668513
0.146078761164715 0.0751695987917822 -0.0977226600393532 -0.266550678295532
0.116754531989798 0.0999342428259509 0.0107375392969247 -0.140048193756576
0.0952422418584987 0.108697285567539 0.0847249775080683 -0.073887596609815
0.0827595994035658 0.118010494654841 0.0447345995509544 0.0967478904475027
0.0650569033652626 0.11428821690542 0.0391326853539297 0.29989819150797
0.0396537875313877 0.114313811754073 0.0092966203703078 0.383094620160174
0.0150604123694763 0.115444471925596 -0.0328393270069554 0.354106194799035
0.00554348956096914 0.111227106742195 -0.0611824656352706 0.26613065786934
0.00460184594632568 0.107944080874924 -0.0917327572346849 0.177681166757242
-0.00177392298451961 0.120075783439357 -0.137502364022124 0.103852492597668
0.0117551133363662 0.0980466801458469 -0.217380485586912 0.0182637608086883
0.10168443308636 0.117426628184446 -0.248248080118555 -0.0451000395587411
0.127798812478486 0.0888191716876895 -0.558324619348922 0.0510351431706472
-0.0478496841120128 0.00976633539474661 0.598659534846263 -0.00786417915850848
-0.0715883388931356 0.00665521379194342 0.26951493229661 0.0083636462024262
-0.0583157279469805 -0.00346153688832628 0.230052830076109 0.0130648171316412
-0.0502545957438964 -0.00299882027100232 0.159557689380791 -0.0970535737350428
-0.0565005077694327 -0.010243167114747 0.111028186010026 -0.135145270291911
-0.0564370539272779 0.0121411875937328 0.0892419570746555 -0.235427587350895
-0.0520886319571122 0.0250914250188032 0.0278918603463488 -0.356236344867767
-0.0251489132959672 0.0416458498945984 -0.0598481157614658 -0.409765812709927
0.0059822670474646 0.0457639307302621 -0.128302250563098 -0.336194901079553
0.0145727193127341 0.0523334165213356 -0.140443757749682 -0.114739040833443
0.0273212430599183 0.0382932026502228 -0.115032959316473 0.068525984921472
0.0284811509437058 0.0486630144190536 -0.0385803720319682 0.155203965590207
0.0106499820506869 0.0526369314059863 0.105560025288176 0.239613113553947
-0.00346391511690647 0.0626091135825958 0.171528357196483 0.406661467087168
0.00224702777630327 0.0494934571951624 0.122060348371246 0.629831391397374
0.0457166540624677 0.145190045022254 0.599074465914493 -0.0608938190362369
-0.0499858565886205 0.126649848025041 0.280785044382118 -0.00900133895613944
-0.104025358595971 0.103053200758346 0.249098801095846 0.0133405100378207
-0.107208376882909 0.101335370095808 0.17557993386167 -0.0929335794319356
-0.106258975051055 0.0883740068563879 0.109159852728507 -0.130828378891566
-0.0998376040338106 0.120005595951443 0.0738207100144194 -0.226708577359553
-0.0758036512485445 0.160370853884733 0.00958255150044593 -0.324481939965775
-0.000936718576453483 0.197169595782591 -0.0659234879448942 -0.356471899884686
0.0828521243131624 0.20818083436849 -0.128754025098575 -0.280985159395291
0.144470112166313 0.211820960695001 -0.127758728498434 -0.0812468295566909
0.196898908595493 0.175671349048759 -0.0950467831147391 0.0816674138967079
0.207089194195042 0.170570706214197 -0.0270169855666375 0.157133380322897
0.197837733703072 0.151064399502125 0.0869330538312039 0.23569201287197
0.217295834262233 0.162507628437167 0.144974347938051 0.374054382891995
0.215134342544535 0.148044301775195 0.075098961481689 0.589218650865475
0.148141778669999 0.258411020259907 0.575842886857532 -0.158217091676879
0.00925648969528434 0.252743055265821 0.30786134836011 -0.0685305770326338
-0.101163601510609 0.245698919333595 0.287078190120699 -0.0188882775873489
-0.123312834640026 0.252051526290777 0.203039192771673 -0.115202695912658
-0.121553736195542 0.228438707013107 0.103817559750231 -0.151278469129635
-0.112972284814281 0.246463715447818 0.0329787713784452 -0.221343773641467
-0.075455957080282 0.280438111963603 -0.0308806159278068 -0.259619326675669
0.0241935534865075 0.320428353701311 -0.062694158035133 -0.247161329942764
0.138548592492533 0.342916210188677 -0.0884494084526909 -0.177980870727954
0.242538998105863 0.35298631244822 -0.0735411226164032 -0.02285600708388
0.334219248668763 0.306927179583876 -0.0536862755531257 0.102149723157973
0.355592647556599 0.292458069994808 -0.0217979638840073 0.166207493997925
0.350798742688875 0.250158436428081 0.0315376107026729 0.2355047618235
0.396358575598444 0.253003570326019 0.0575050819285828 0.337004228171278
0.381251794501839 0.228641525748208 -0.0430156029640477 0.526567302922601
0.256423718546899 0.325866362383665 0.503245871905882 -0.293672478264308
0.123785950174038 0.35416408450964 0.303069709443419 -0.181050510391253
-0.00393389755517715 0.390110399353566 0.293104108821931 -0.103295169650003
-0.0478688668556753 0.415718000776414 0.2063851701923 -0.165359493818618
-0.0619957055928698 0.384237487660087 0.0863412507064605 -0.171323424743894
-0.0682455779531456 0.373304637559681 -0.0194442757957012 -0.190899550538151
-0.0412178223266853 0.370003721320208 -0.0688192134464716 -0.15589344699001
0.0466023898254 0.394932920560184 -0.0496689770437116 -0.103872147257067
0.149655346090683 0.428079173618139 -0.0302556090336503 -0.0405096922805535
0.265138746182231 0.454614564855579 -0.000423191863861551 0.062763498469764
0.378030176155513 0.422042547391298 -0.0063678882893286 0.137803709214533
0.415754170343819 0.409259502436171 -0.0297801534950341 0.176309386105721
0.413318988718413 0.349154618079743 -0.0562272261106662 0.223269289670336
0.481072835375197 0.333309334698988 -0.0661210188054341 0.282660259526508
0.461421498315051 0.287632445372607 -0.198313799543562 0.439345975714633
0.34504005229748 0.330672910170965 0.369134948823683 -0.436167780735234
0.257682290667156 0.37901373868665 0.219701328523612 -0.317556254008122
0.15358886509574 0.447076984490556 0.222768553523812 -0.212587575321941
0.0982557074251659 0.490611918537732 0.160711297606347 -0.213846554486726
0.0612800919111176 0.468053122637 0.0629172326078117 -0.168895355432129
0.0227952055593473 0.438799434379466 -0.0517222190912289 -0.118645643160173
0.0187176405297591 0.403089696539819 -0.0799182764483612 -0.021316805115379
0.0608003384264443 0.408148982281361 -0.0309014206768399 0.0535442439866578
0.116703133161751 0.441935686400361 0.0156677612501989 0.109678523672335
0.202863438779832 0.481405208936418 0.0493629030458634 0.166412616204821
0.301338018236631 0.469579526919658 0.0202886729182737 0.186908665392041
0.34186368578417 0.473582245602437 -0.0526349789318777 0.182088971994664
0.349949167769987 0.410128838295378 -0.149066259180999 0.185183140239955
0.448336235895268 0.37665634887361 -0.18586095279638 0.200668353443171
0.449206400079421 0.310171296220674 -0.348006788745281 0.335716581989632
0.377702520318912 0.265742557582995 0.189650607743662 -0.543776596360607
0.3374396359447 0.310576094608874 0.0665806523296859 -0.420519531346208
0.266788376944001 0.371871623730206 0.0900059761958488 -0.285800788908851
0.215975011738685 0.423864158501091 0.086668335660962 -0.223126815850324
0.168152540444659 0.419439051557152 0.0512830866403923 -0.139501847010081
0.111499157888278 0.403139297219833 -0.041604409194002 -0.0242127984279231
0.0753179549545434 0.364206464393379 -0.0500451430776882 0.119810756418701
0.0685313464624527 0.36074090635094 -0.00692598302553695 0.201667204509853
0.0659774057868532 0.380283609072613 0.0289370356951593 0.241027049729522
0.0995632061268419 0.406837476760139 0.0479794385036621 0.253579521279969
0.152026069089816 0.407271831469039 0.00393917606349418 0.225045587332635
0.181509632914962 0.42670367453674 -0.0852001608668726 0.173936015134532
0.19738152253472 0.375783651803847 -0.211640790276907 0.127869419979685
0.329782034093661 0.346589828836996 -0.25944019128625 0.104238982081302
0.367779498586907 0.281516388523189 -0.459239489199601 0.234242691148869
0.324043476395125 0.156593348029609 0.0102156338353565 -0.597489221110016
0.31072013125203 0.185728261697885 -0.0944039740491849 -0.454105650522872
0.263925181600352 0.218896889892659 -0.042433076725208 -0.294340933345708
0.222750536401699 0.262529640294945 0.0276079862213482 -0.189961840518797
0.183765180519783 0.274324198195528 0.0617076477941916 -0.10486507749332
0.140000552133685 0.277936802237472 0.00367386489137361 0.0563025236180597
0.0983801547434538 0.259492545617301 0.00790352128939451 0.237995142951325
0.0635648317108187 0.256669677762885 0.018968879493657 0.320731296093007
0.029931805677135 0.26231964840325 0.0158654486026368 0.328639804565414
0.0251987802760173 0.265098429970316 0.00531866735740765 0.290855773606274
0.0374378058665807 0.259302616541604 -0.0403943797110691 0.224503873488046
0.0470903348060749 0.281411499492399 -0.113401139376933 0.149935983358248
0.0630330081003287 0.249864526128321 -0.229023905294315 0.0746527165950747
0.198297884592415 0.24585259047517 -0.273868585451098 0.0233613540490357
0.252327721416911 0.199746576942939 -0.524609643575525 0.151113608361549
0.188418195933117 0.0320458842060862 -0.120916666362467 -0.600232166367815
0.187886683684161 0.0615101759486222 -0.2038722765048 -0.437276415457898
0.156173172538972 0.0660401973584456 -0.126665403917693 -0.264395230148568
0.128108910351485 0.0932210745605552 -0.00187671073550634 -0.144924801345159
0.105775104812102 0.105521798908364 0.0767297380969669 -0.0816642324662789
0.0939788941345381 0.115541590097323 0.0525579191588047 0.102837718292023
0.0738728158716528 0.110933845947712 0.0654429460897005 0.307378259450211
0.048647098975794 0.113866977129075 0.0430845889667702 0.392010159531102
0.0247441758263259 0.118055328604182 -0.003145634258364 0.366521730174063
0.0143431568324086 0.11585965562388 -0.037329395497097 0.280570136625888
0.0135991521742394 0.112011822508539 -0.076268749400094 0.192007958639911
0.00973105569668608 0.124257442416893 -0.12895084132573 0.119693065129477
0.0194386056435848 0.1022579241193 -0.216890407457861 0.0424088960843738
0.112674989268443 0.11192964125737 -0.255592549337431 -0.0253993631096168
0.138608320366507 0.0808232098258801 -0.555308472811901 0.101057560704095
-0.0459573052777352 0.0143220566259938 0.574260427252072 -0.0545237738331268
-0.0705262333549179 0.0128010897319279 0.258888122131222 -0.0112918061344598
-0.0581351703029003 -0.000282165470656864 0.220881149508301 -0.00720315089055556
-0.0485282175836238 0.000722852532996587 0.144890431437737 -0.107654184398064
-0.0556566262534835 -0.0070173232185076 0.0954889055965348 -0.141199755229019
-0.0522300718782523 0.0135266222582703 0.0665856483821053 -0.237312657799866
-0.0464959857232585 0.028702488790138 0.000765303406509027 -0.347720711615289
-0.0200808589966419 0.0428569758789348 -0.0896311171398017 -0.39574032582542
0.00831485656175658 0.042989138116901 -0.153005177948023 -0.320601891020336
0.0206898846870653 0.0479956713167759 -0.145806132936831 -0.106629894372691
0.0304283313140723 0.0334827525679161 -0.10443438168897 0.0722706599023878
0.0325442324362378 0.0426129387552223 -0.0243505994233927 0.153176304214784
0.0147924276986096 0.0491158098328368 0.122697524433739 0.224704764922042
0.00263045541602369 0.0593244123681318 0.20286893800888 0.382083561370503
0.00531737355947331 0.0457023410654539 0.175639901273356 0.597810984946042
0.0565194821876652 0.137580383717799 0.570767979311632 -0.103544468123773
-0.0387539392665156 0.128424058563348 0.267926758657722 -0.0281459750183114
-0.0935290847185881 0.109409241853926 0.241593971807006 -0.00796933376827334
-0.0952372363367552 0.108013699433339 0.160731101931128 -0.105468485234021
-0.095811301116513 0.0952298308585435 0.0949676184557668 -0.136945679646291
-0.0869004775538119 0.123503044418248 0.0533259139795674 -0.227684461389041
-0.0603564821078875 0.162722610771044 -0.0156823907982725 -0.316424008616354
0.0151818254939539 0.192160562554865 -0.0904098614883884 -0.342889636375584
0.0967821695614806 0.195850703291767 -0.147065618216118 -0.26530115847654
0.160095766179404 0.193099656898476 -0.130753358362824 -0.074036539288708
0.205776760020757 0.153935209274491 -0.0844699817148117 0.0834713146115661
0.21633385728566 0.146712861559336 -0.0119943297754083 0.155585732235565
0.204783547727596 0.130676059960628 0.105821009079549 0.22365578881032
0.225797264736597 0.137907521467321 0.173222622394142 0.35421256430142
0.219699470307492 0.124873291339802 0.127152970484291 0.562668471723998
0.165694359570996 0.240260229368378 0.540528419006982 -0.196375310484366
0.0301481883510898 0.246086496360053 0.289424225888244 -0.086059486951103
-0.0784968677864361 0.249771481462095 0.274683051126862 -0.0415594542480959
-0.0980946187229936 0.257057884908756 0.185157876738228 -0.12994981012584
-0.0999724459258775 0.234411846165028 0.0883464644371334 -0.156433344596838
-0.0907059905648821 0.250235459120284 0.0130846463918314 -0.218001110226794
-0.0523223384466465 0.280652499300611 -0.0498041679602434 -0.248564024631947
0.0491351279849285 0.310493125245211 -0.0768852700190679 -0.237163959440464
0.161705932513207 0.323192457220938 -0.0993823117542118 -0.167465270817407
0.265753701591526 0.322221475678745 -0.0725293640882861 -0.0211191458355561
0.348711655427764 0.27087351669419 -0.0426689002639499 0.100186996259818
0.370768007625276 0.252590750556513 -0.00675025991424127 0.162395161726791
0.361653182949774 0.214541330201328 0.0522574604227987 0.228948177362131
0.406273048574746 0.211023037387396 0.0853212939256382 0.324170123520413
0.38699453275355 0.190715296006835 0.00885554322657674 0.51186609692714
0.274381088616605 0.296594630072686 0.459038704874268 -0.321787392246184
0.149637671980305 0.336669282081165 0.276400501167642 -0.194562736552974
0.0276115455782657 0.382425701736374 0.274159406910268 -0.124178041643171
-0.0101972607108012 0.410677355115055 0.184052678652955 -0.179253138418772
-0.0295940097558059 0.382885906190268 0.0693000340352095 -0.174902439447545
-0.0383377083634048 0.369583483913869 -0.0338289006580706 -0.181542815557475
-0.0114561045373685 0.365327167067349 -0.0783627162063153 -0.144944458819512
0.0752098444880738 0.381774990796517 -0.052943242267243 -0.0986952579663836
0.179230545316379 0.405161956622596 -0.030139210229469 -0.0371808959596118
0.29707294766855 0.42025340273292 0.00492076942422315 0.0573116401899446
0.402665671115233 0.380012168263928 0.00594039604829948 0.131765211452764
0.437927444557961 0.362526313644403 -0.0124649950603043 0.17354790419605
0.431645085011288 0.306594184172163 -0.0327951457868208 0.225827532834703
0.49449705549113 0.282890843221705 -0.0398734391240589 0.281309540754067
0.468708504231986 0.241987863305381 -0.148090134825187 0.441522407987131
0.360573013392356 0.294167969414062 0.320548221179833 -0.448105099162757
0.281808351900865 0.348905228141841 0.185163656550835 -0.319835006454886
0.185939235621512 0.424882648861337 0.197773581048365 -0.224374740540235
0.137965713678373 0.472597902816068 0.13622998313847 -0.221600096139375
0.0979660953239232 0.454966942934439 0.0464023767007435 -0.16973523153425
0.0560081613872003 0.427966965672665 -0.0595559692500459 -0.106554589557494
0.0473980378443765 0.392359240043729 -0.0790807410911708 -0.0122764307045293
0.090470665331731 0.393047356402944 -0.0222075074428381 0.0536059258190601
0.147353609789782 0.422763446952444 0.0266505744793089 0.104927428896249
0.237747647493191 0.452216930476989 0.0625372075335491 0.154870735837317
0.329824789793152 0.434427718589186 0.0355791213307749 0.178108992788862
0.373167913042738 0.433046027866819 -0.033665077672672 0.179832841055198
0.373437794293269 0.373456629285942 -0.12554313515607 0.195746369629937
0.46643777777341 0.328494928131117 -0.16236100501611 0.211107796924859
0.460427832564801 0.266015657597507 -0.302057732276014 0.354927558730013
0.386352302759379 0.228388919914855 0.136950945592624 -0.540277743838983
0.351775184541099 0.276126365516562 0.0288483374741566 -0.406202296988603
0.290436133186632 0.341751447348154 0.0622434456492132 -0.284544453183356
0.245724924923168 0.396008317582201 0.0642864734018163 -0.223603478521822
0.197272230358579 0.398275195239722 0.0363950839139593 -0.140238342712163
0.138660589791733 0.38630046529007 -0.0429206733926083 -0.0145605949538033
0.0993980368295806 0.349311882766095 -0.0400229313334009 0.123679397908574
0.0923397712966214 0.345308602681999 0.0118620502364789 0.196186620593086
0.0933386878539436 0.367587219893815 0.050177420446695 0.233260326044595
0.130149535641465 0.389723731294739 0.06946339313571 0.24114410354687
0.180377646594957 0.385628513048951 0.0222908484958134 0.217275827971974
0.212337012942533 0.401200810974711 -0.0650514371429914 0.175161182236711
0.223113426210608 0.352842613562781 -0.190674477292382 0.145661548503748
0.348854217161321 0.311741217824405 -0.242162462340092 0.122036577714406
0.377506554328604 0.244982328495381 -0.417259390511962 0.263663733038085
0.325226259120407 0.127390173807987 -0.0414547272164707 -0.577646335669466
0.316117389685091 0.155916374217259 -0.13149228447779 -0.426748732594809
0.27403107855472 0.193417328945605 -0.0665164884403221 -0.283339230730477
0.238152583760737 0.238472344915127 0.00963874418551329 -0.186896005202805
0.200459572621288 0.255151302274328 0.0488198356863181 -0.10587883520399
0.15717223573422 0.260621848806785 0.00832279522250212 0.0608673562039559
0.113568149606461 0.245081159386644 0.0261805909190163 0.233273964924506
0.0800384414765358 0.24501149319959 0.0458742539155338 0.310700201074449
0.0495879339762282 0.254901426279876 0.043296226699359 0.31992738872643
0.0448538266601618 0.257835756641207 0.0300364064575058 0.28176987531954
0.0560556920363117 0.251547603041257 -0.0196084514624539 0.221344149739937
0.069182995742194 0.270630024948122 -0.09479070250351 0.154888970945152
0.081567029572772 0.241255442470139 -0.211480626888144 0.0948533747587983
0.210926947436882 0.223720680892042 -0.261816552995876 0.0435917077858891
0.261324111985377 0.175130013217047 -0.485924570617874 0.187289885523581
0.183022057603523 0.0176059314919862 -0.170031511751768 -0.569691981690745
0.185923105122145 0.0443437515614159 -0.23597106978105 -0.402495606982948
0.156616262759114 0.0540631099724409 -0.146190400462297 -0.246935785273744
0.132619185733793 0.0817556109342519 -0.0135938442813828 -0.140931848189093
0.110900532407921 0.0963247198276463 0.0653000435888994 -0.0837234515808812
0.0985757707553229 0.106192447028807 0.0593011416761866 0.101975834056866
0.0786554737436049 0.102994600260238 0.0878645648023248 0.296549936270985
0.0542005507607068 0.107601145867822 0.0748803593959428 0.379147425058434
0.0316544918616921 0.114343724861151 0.0270523063251328 0.358687025554315
0.0227042006921868 0.113367596093279 -0.0118631129766636 0.276377707073881
0.0206459096562845 0.108887475946861 -0.0574099929413361 0.193402390490572
0.0198003175837003 0.120611377777996 -0.11266006544924 0.127843703836507
0.0269435354734017 0.100670333844787 -0.202590996300093 0.0621058852440726
0.117557090342131 0.10108984029982 -0.248967714176748 -0.00581169291345021
0.140734475140837 0.0684407269502127 -0.518845004150936 0.142546446394814
-0.0426958753268007 0.0159407179335048 0.534273876146787 -0.0701595747279133
-0.0662650535303654 0.0153338582058431 0.241163241249538 -0.0176957016979909
-0.0564357940203041 0.0014401856815822 0.206308676683752 -0.0165409171170641
-0.0457930361337818 0.00148559840896011 0.12986700929959 -0.108571101449776
-0.0531976240098447 -0.00421175243284753 0.0834657861078292 -0.138727878785894
-0.0476938923030952 0.0122702183715724 0.0525350459727868 -0.230147458233524
-0.0409794834347999 0.027978158756945 -0.0111804649444481 -0.330306187732473
-0.0157183110357635 0.0410884749884786 -0.0993066519937945 -0.372278032219252
0.00991916613562224 0.0393090260229492 -0.158353571925546 -0.300828065827127
0.022748236599344 0.0438486440271935 -0.142441613623143 -0.101976150078325
0.0303182051840761 0.0295284652393029 -0.0956809840427981 0.0687205699989727
0.0332383319113416 0.037878580633849 -0.0168491038307097 0.145824419430292
0.0158598807077955 0.04487053708848 0.125550031097387 0.20884535734157
0.00502687703218192 0.0544266395899406 0.209236140440945 0.355740191097596
0.00525342654010236 0.0426333811560542 0.196378826266647 0.555027331158522
0.0592170971754298 0.128987348066366 0.530635758285557 -0.117077657361029
-0.0311481338820386 0.124945961764542 0.249391715737347 -0.0322418472594097
-0.0845912173547474 0.107864207861719 0.225272191701802 -0.0175285203331298
-0.0854531275733565 0.106507068786104 0.145998775868744 -0.107481773063633
-0.0874840758412532 0.0942802779744283 0.0833904489164844 -0.134443457092025
-0.0769130594501795 0.119725375353458 0.0411386748630965 -0.218362281570483
-0.0496137636802829 0.157027850822691 -0.0254930704871072 -0.298708044532392
0.0219923993421011 0.182349250977319 -0.095828891401201 -0.322544239993028
0.0990122874989369 0.181871047393441 -0.149983076743134 -0.248413916800473
0.160692725159798 0.175273921739032 -0.127326449284889 -0.0705153702735064
0.201880534205585 0.136903506863751 -0.0766964282788937 0.0781718745705141
0.210487943572573 0.128574327776464 -0.00454792398775894 0.146535233561995
0.199375751589578 0.116284912821327 0.111174834271497 0.210160243737407
0.219451809625648 0.119204537152756 0.179783659473891 0.329872535106175
0.211168219560288 0.108981770104214 0.147754153756287 0.524571316738626
0.165489212414697 0.220844195019868 0.499564174416977 -0.202398892485558
0.0385043560736685 0.23385902451141 0.267782854091938 -0.087552487525157
-0.0649582079232111 0.240797691577764 0.256163657317705 -0.0502756674049893
-0.0817437611454161 0.248554130580743 0.167604835076411 -0.130598542321051
-0.084876689562469 0.228454934536625 0.0773413344435679 -0.152551347963478
-0.0768562343612125 0.240969396314516 0.0049762397105485 -0.20697305547717
-0.038551707739067 0.26932010666597 -0.0553810479201001 -0.23388842000156
0.0567519925330799 0.292895127960034 -0.0784372882273029 -0.224488727048384
0.165878548757936 0.30077252359451 -0.0985558881670402 -0.157014243537156
0.266611812216588 0.293963496653342 -0.0704529737699467 -0.0215444415749711
0.341462202400735 0.241245397771075 -0.0366955202785698 0.0924456405459313
0.361554228899585 0.223503120819211 0.0016965448716488 0.152682623790756
0.352052205681105 0.190398761444857 0.0613435784673705 0.217686479473744
0.393576079997985 0.182496615144606 0.0955737493697435 0.306401299889837
0.372413999909168 0.165605958034532 0.033933013419753 0.483103126935666
0.271717308947526 0.271565711071299 0.418909056809107 -0.317895756301641
0.154938027154558 0.314581148002284 0.25148711553884 -0.188102252994635
0.041481769425971 0.36439259088012 0.252853177435599 -0.128732309276846
0.00715832812412177 0.391378927505605 0.164933379580855 -0.177171889252948
-0.0123698839914296 0.366974305639582 0.0583887770993122 -0.169060791148816
-0.0228883643832501 0.354411887215392 -0.0383460037441207 -0.168344436759882
0.00157922990698546 0.348949306525996 -0.0790862215944993 -0.131825509580845
0.0839283518625338 0.359713970735449 -0.0503459891634637 -0.0938982149716808
0.18434476363668 0.378674380354918 -0.0267953272894321 -0.0357840372723159
0.299097955230448 0.387254741984842 0.00766264292557641 0.050995177864937
0.396990575668063 0.343619204111955 0.0108071906707978 0.121681410263236
0.431264832058631 0.324779405037704 -0.00321505874668202 0.162959261759765
0.420518747702202 0.275500749040086 -0.0173301349404891 0.217918378209949
0.480517100923324 0.247071118448936 -0.023913437933191 0.2690456510189
0.453343069581291 0.211264547958607 -0.117285804543019 0.423922201447354
0.352607284085191 0.264067846728924 0.282021100049921 -0.431721356982726
0.280482593106581 0.32217471077449 0.161980162512027 -0.302548341918884
0.193107885275778 0.397587732835155 0.17722684416469 -0.220360717108706
0.150318719340779 0.443227994042365 0.117730096676018 -0.21546662089661
0.112255150652175 0.429763902566353 0.0349961823197447 -0.162948116971403
0.06834573875086 0.406416907309562 -0.0600868210746397 -0.0940102893010261
0.0577073486624224 0.372796470031046 -0.0752356772697047 -0.00561572694029998
0.0981615368253322 0.370811544478193 -0.0162267149860949 0.0500752681789351
0.155112948389662 0.397101421828659 0.033108318262558 0.098013266748959
0.243785547687575 0.420204747450259 0.0667421063813526 0.141673977462791
0.330977803110388 0.399309790596405 0.0412078167483437 0.165533694662425
0.370629981352664 0.393232372973645 -0.0222207756237738 0.170118637883015
0.369318992926892 0.341707465074915 -0.105946398025885 0.194332087393167
0.454170193046843 0.292614297565574 -0.143281814600574 0.207318451721185
0.444818257418981 0.23475668154411 -0.26388098755787 0.346817160589776
0.373234991262533 0.202251345462605 0.106346153807569 -0.512443667255664
0.343245384600956 0.24747658915197 0.0120807542294166 -0.378767887875348
0.288432230461666 0.314601635606556 0.0473842931279599 -0.272254855863719
0.248941406505278 0.367886996056919 0.0501416830625219 -0.21431157490844
0.203348817062592 0.37325449803607 0.0273336983752839 -0.132585825290216
0.144770984068627 0.363191660429017 -0.0400849951012947 -0.00614305479140568
0.104791640541264 0.329778190557613 -0.0335921171346673 0.121027997367146
0.0986365664386673 0.325626431829281 0.0202206580107931 0.184674286773497
0.101819340627122 0.347024896188798 0.0586549950040679 0.218547907837491
0.139596351631403 0.365848279413543 0.0760252881643721 0.22510358381767
0.185277043974377 0.361459968184961 0.0315103157884715 0.20406963880712
0.217090565555666 0.372272831492595 -0.0525173400404829 0.167283829341098
0.226033750405085 0.329533002171245 -0.169661525737821 0.14815998039877
0.341359084102851 0.280962944375323 -0.222063789200162 0.125465334184578
0.366688371613954 0.216786579024954 -0.376049317385536 0.265155650154422
0.310903726651782 0.109049498557769 -0.0636137051940604 -0.540348126389143
0.3042556529903 0.135799384511971 -0.139611805181411 -0.393345588807793
0.268150920592287 0.174804324858399 -0.075772268129916 -0.264952383728214
0.235420689517809 0.218168360294602 0.000465456099044977 -0.177728475075942
0.200364563530031 0.237221222285313 0.0386615153214882 -0.100451488951144
0.156975933256508 0.244380298623088 0.0115217410235067 0.0636547889125215
0.11345822674513 0.228993926838694 0.0328677816316878 0.222634715052797
0.0827748962178821 0.23014353057369 0.0559236056549619 0.292014183405507
0.0547818238447891 0.24143614520596 0.0545674874443099 0.303322426962078
0.0524249722176195 0.24509399721956 0.0419567616779171 0.267145135829467
0.0621643192663037 0.238417862734423 -0.00853418737432447 0.210117998704204
0.0773773632829197 0.254372659232392 -0.0810996054433808 0.1507243915555
0.0869217396013395 0.229060435624396 -0.191717977302597 0.100567146162987
0.207926024654533 0.205736019273872 -0.244821389304812 0.0506057146603715
0.253345672402576 0.156581441412754 -0.442452715474289 0.194672416333486
0.172172387194623 0.0109660373332916 -0.184990529643846 -0.529637210568732
0.176956941731832 0.0356077870477714 -0.23993106577402 -0.367147472984095
0.149839938467497 0.046854851965581 -0.149450812852636 -0.228239681460077
0.129258759630967 0.0735613737792021 -0.0199286237629652 -0.133791292274172
0.10868676639601 0.0891867471591017 0.0547329930189456 -0.0795637678602074
0.095979038081869 0.0990492662661019 0.0610692631622129 0.100275350339604
0.0753257307098718 0.0948459068872142 0.0944118674744541 0.280912306006457
0.0534286920266031 0.101047958093252 0.0859962297323412 0.357759665967326
0.0338066554431216 0.109103513268037 0.0404867953107676 0.339815846715419
0.0247745535837425 0.108793109431066 0.00063038840962218 0.263002226073079
0.0233937410226 0.104237238277009 -0.0455189113564904 0.186653647999419
0.023751290729069 0.114216612481751 -0.0995417507558622 0.125141218393732
0.0286601017825933 0.0966708366432601 -0.184798753467155 0.068314438737891
0.112889876491079 0.0928238360583008 -0.233975990448499 0.00318673335397623
0.135687218530582 0.060192481844179 -0.475417305786509 0.152429633166827
-0.0406137944535431 0.0156399987245681 0.509081619585426 -0.0641705955504542
-0.0629533374852361 0.0159935546173787 0.228643711719428 -0.0139340368479095
-0.0549361420669742 0.00117286337825255 0.195661033689044 -0.0156851228540633
-0.0443455105669479 0.00144729884773664 0.124023083706448 -0.103987195869598
-0.0509494057319451 -0.00479558887073394 0.0795481268206101 -0.132995135040326
-0.045233843540912 0.00880566736716443 0.0498050757854604 -0.22172023729729
-0.0387991618598539 0.026673700472412 -0.00873272089154082 -0.316432128571211
-0.0147428169899564 0.0393814719782406 -0.092483291813992 -0.360141986255651
0.00921372372350094 0.0373627569926714 -0.151907020980603 -0.292907881425375
0.0231032803941085 0.0400283478036003 -0.137852621840741 -0.103884001406364
0.0291781001531398 0.0281996541306102 -0.0905051834192739 0.0624341579998593
0.0321135817860944 0.0344071057120275 -0.0163576123863454 0.139282639382972
0.0155821279604584 0.0425743910951397 0.120686373230211 0.20190361789711
0.00586809134721238 0.0512690004927776 0.203422310897802 0.343433079615296
0.00346596844135668 0.0407937787608522 0.192288376576235 0.531427357564209
0.0568816949489538 0.123845732971408 0.505591421613383 -0.106830612760498
-0.0288531538795086 0.12073498601518 0.236041916090486 -0.0265256806919281
-0.0827511165926829 0.104228075702665 0.214264973103924 -0.0167702551461531
-0.0809484647373242 0.103317156629203 0.138130511003706 -0.102852806518493
-0.083253927009268 0.0920350668068521 0.0800630240253264 -0.129459944249686
-0.0746948857683151 0.114598099749686 0.0395379164103482 -0.211176496812712
-0.0478533824936843 0.151250695082544 -0.0230019036696581 -0.287760001389877
0.0214464607430957 0.175738904590386 -0.0895179750644754 -0.312590272120857
0.0944340765551626 0.175657254003453 -0.142174706658561 -0.242094275841597
0.156231683944224 0.167097768272562 -0.123714511421425 -0.0731737413626138
0.194128963312131 0.131648002343883 -0.0728939432875377 0.0708120856346417
0.202372289861997 0.123322584304463 -0.00383266029263534 0.140079502788836
0.192068995448604 0.111952779963987 0.108383462739656 0.203836859799972
0.211602057037065 0.113851592545438 0.175504209171424 0.318915995977347
0.20086966825768 0.105307368242939 0.145015851220501 0.503890122741738
0.159162316976762 0.212928982955348 0.474879420717722 -0.189025781440182
0.0385336907875716 0.227016468479151 0.255343246169949 -0.078724015340303
-0.0630469910142651 0.233469183758826 0.245206508672095 -0.0481402906299896
-0.0780499366750783 0.240524732179582 0.159072763399236 -0.126142973951972
-0.081816015119128 0.221435660671207 0.0741886467454982 -0.147307404287845
-0.0758084775544512 0.23317650892257 0.00431700046257655 -0.198393567113911
-0.0379320420168372 0.261067116429917 -0.0521282195892087 -0.222925577677351
0.0539612864282429 0.283205543636546 -0.072253645919776 -0.21864432909139
0.15800368885468 0.290935629255204 -0.0919208580062756 -0.153816985877018
0.257016876113825 0.283217939667832 -0.0683664407045725 -0.024523362989083
0.329331851754809 0.234344684902095 -0.0355071007036666 0.0853816820124548
0.34784285150357 0.214839019431073 0.00287159482153507 0.145648737871565
0.337869313789593 0.185519757364655 0.0617413907326672 0.211927387202816
0.378593477921869 0.174428063906275 0.0941441388049287 0.295444667685891
0.355233703739958 0.161829306961807 0.0382628028491637 0.462812221164081
0.260323034678163 0.262516549644559 0.399278122231058 -0.300198380576853
0.149848629168345 0.303695764270429 0.241627646564945 -0.174299733835663
0.0389918196481662 0.352752410517177 0.243194466223604 -0.123976264005061
0.00715006316105051 0.378590384467354 0.156393122515347 -0.171151019513404
-0.0119272077281178 0.35588117804889 0.055087604371017 -0.162851400635461
-0.0242908120016259 0.344332579307165 -0.0361453708534711 -0.159786070438377
-0.00106194892068113 0.338265787471952 -0.0758520259683548 -0.12492854268596
0.078684107072845 0.347105300585189 -0.0456669448255541 -0.0928340707958942
0.178496913948533 0.366027396410691 -0.0231203144601577 -0.0362689038410576
0.28871835710033 0.372553711171615 0.00655311483338998 0.046969774368801
0.380574177729747 0.331816693566374 0.00926615446952255 0.114025604628724
0.413342562866035 0.312697417127613 -0.00183248673328923 0.154129247505032
0.405391250917652 0.26962086487596 -0.0127243852353755 0.211900764118612
0.462946124046181 0.23702367948983 -0.0219369191219586 0.260586317551357
0.434334579148514 0.205159503098821 -0.104160378308091 0.407184261492511
0.338123052481521 0.256535601034807 0.270885842658217 -0.411265813172069
0.269276516444432 0.309452755639507 0.156412468065386 -0.284529059414114
0.184803941771334 0.385130273269001 0.171340559021943 -0.211486315469585
0.144511685063828 0.429459049453429 0.111098283725743 -0.20650554221545
0.107471800904252 0.4173146332123 0.0334472903246333 -0.156156124882189
0.0630170733453474 0.395285184037192 -0.0555841581631611 -0.0873776462217397
0.0521165140095131 0.361682590240714 -0.0722065270706304 -0.00205953557223242
0.0895918768498949 0.358078644457446 -0.0135716006746582 0.0455710680755102
0.149177674558539 0.384615022124212 0.033883914646477 0.0938307605835565
0.234882945653636 0.404781877633591 0.063918663665268 0.135461696869824
0.317137564761863 0.386588709461929 0.038695191039022 0.156595555044477
0.355925874372545 0.37912863337673 -0.0197488936577457 0.161142164833022
0.355767714199748 0.332347937528907 -0.0969085805728583 0.189861326332212
0.438432906408098 0.283063703942062 -0.136552521850942 0.199464222104924
0.426047843007739 0.227656798932793 -0.245656423156547 0.332137675177585
0.357903199620533 0.197266641782709 0.102291398830249 -0.489693169809949
0.328346829107173 0.240204592260519 0.0137181229345841 -0.358465401371078
0.278041461084376 0.305000115541722 0.0459728621171835 -0.26054576991857
0.239506945789751 0.354744678736102 0.0457669794484863 -0.204650727961699
0.196080954023633 0.36206235171535 0.0239280548598756 -0.125966935822542
0.136817596850076 0.355220208086376 -0.035687939030059 -0.00213731311146081
0.0972593339499319 0.320387763602574 -0.0332661159374691 0.1206183778157
0.0899815516442782 0.315226298707031 0.020535466890066 0.176360027456073
0.0970557081939114 0.336301930999621 0.0591017051375781 0.210749588503942
0.133051987278261 0.355546481548444 0.0742945896742248 0.215860042488316
0.177784396346599 0.350490059725441 0.0303466733005489 0.195022947922746
0.209141982606686 0.358561514251527 -0.0476914176739884 0.158701145762899
0.217610849408711 0.321164153944712 -0.158953211125776 0.145042962335731
0.328663949779788 0.27239614390335 -0.212682167138492 0.119900384818772
0.352885102208343 0.211206911656631 -0.352955524092099 0.251639758092468
0.296621823843878 0.10729378373542 -0.0626356047560823 -0.517833172161874
0.29119820666135 0.132570633261201 -0.132498748294897 -0.373484827469633
0.257261210832091 0.170145171386254 -0.0725708537152703 -0.254999630015432
0.226865068065059 0.211772545804621 -0.000915585153598316 -0.169809629822611
0.192428906071809 0.230849676537291 0.0351337262477312 -0.0942754361512386
0.14914122504719 0.239405698311108 0.012650585459501 0.0665540661724609
0.105858751772315 0.222386911693012 0.0298656442268964 0.21739902047075
0.0760141833094507 0.223374520269836 0.0537911042680765 0.281509727282227
0.0514399377155074 0.235301948923055 0.0541236678920128 0.292209084076078
0.0500239120852189 0.238848856521313 0.0412805899592279 0.257401690148241
0.0590731742669708 0.232200282922533 -0.00858026593500236 0.20267514434353
0.0731507402052849 0.245446825958715 -0.0760118297206477 0.143446208042221
0.0830526034638621 0.22458345099124 -0.179643148073713 0.0976512416937553
0.199298897589303 0.199594210228218 -0.234104940022865 0.0476653508258913
0.243376244104076 0.152474113553178 -0.415018963767051 0.183562248512886
0.163733960988219 0.0123378290561809 -0.180021305194037 -0.506476902191348
0.168484151590466 0.034953821173838 -0.228610106718895 -0.349261449428459
0.144455408189367 0.0466213111292135 -0.144295190520025 -0.220563477134334
0.123847324263099 0.0709565884485064 -0.0195713514352459 -0.128990207733685
0.104230479904827 0.087881852626547 0.0513253181825224 -0.0733546396700273
0.0905527915860209 0.0983531001461523 0.0587178136421009 0.102788838958626
0.0696346692572132 0.0927580427068844 0.0886801168328923 0.273212900041149
0.0491426029535855 0.0980861745651279 0.0797144846241673 0.345388796524255
0.0312826921491501 0.106856384108188 0.0388235101204381 0.32883710727626
0.0233483751832053 0.107138516802341 0.000608677590139321 0.253990143592565
0.0218079979641959 0.10154837149123 -0.0432780249323044 0.17995790557086
0.0229604210726627 0.109698683855663 -0.0933331758297474 0.121450344329523
0.0268344656205492 0.0951809332284483 -0.173834916065764 0.0663964210816636
0.108174742147279 0.0909076409761672 -0.223455934719239 0.00179922368425042
0.129921640441454 0.0584606031509016 -0.44789691423294 0.14203669481017
-0.0425793448833807 0.0102205958511176 0.507855806763095 0.00575118797018019
-0.0625270956601428 0.00733423320364637 0.226396133021308 0.0194467089013135
-0.0551463776889439 -0.00651055939672703 0.196421509346449 0.00912510683081972
-0.0428775245495866 -0.00549603448770822 0.13490162187202 -0.0854815535869285
-0.0473392854964374 -0.0140185660224444 0.0983212611785671 -0.119645484864722
-0.0467154198095997 -9.57047712564149E-06 0.0844545049366045 -0.214559711713348
-0.0426095025261047 0.0179694817392972 0.0396910438494442 -0.314999649680031
-0.0208110498568266 0.0338652793686902 -0.0307074217364959 -0.368901854911952
-0.000747653831785072 0.0363325031242324 -0.102788330004138 -0.317213964916483
0.0149469109561131 0.0409484685860266 -0.118745778641592 -0.131076742221019
0.0239986972553368 0.0329692233225493 -0.0982130655012307 0.0424088214664121
0.0274036599329944 0.038303145713768 -0.0384176305012422 0.135210892193173
0.0138874254352318 0.0429877732700592 0.0868933594941035 0.219123364203946
0.00273305793920405 0.047813126846692 0.14801192862766 0.37200332405351
0.00246641014436984 0.0402389556230891 0.104952711182129 0.559072261372548
0.0379889146224542 0.130501990546526 0.499834237376447 -0.0320265762875432
-0.0451780937395103 0.115301743323836 0.22980133058965 0.00685696970768331
-0.0979746223728454 0.0907797363058594 0.210832272885458 0.00570873753363307
-0.0958251026242455 0.0879879932486515 0.147849000200865 -0.088826636837355
-0.0963524700289698 0.0749223356481837 0.0990800034479017 -0.121706106108317
-0.0928090946624309 0.100193796153947 0.0713365679750073 -0.209200602615097
-0.0731695020831862 0.141605260687771 0.0214766205606936 -0.289472788292674
-0.00873806320677535 0.174506050476746 -0.0348554667618598 -0.32286498555717
0.060038030192435 0.185444455145417 -0.0989872564170044 -0.265254874363741
0.123731958549692 0.186815272290605 -0.106773143256724 -0.099352770245605
0.167340495193087 0.159692593746566 -0.0827869025978402 0.0515210449207677
0.179655344978208 0.154405171369479 -0.0269587891030579 0.133921123593299
0.174926688669604 0.140993893794024 0.0759114724758352 0.216738001405984
0.193095585919313 0.14351204296976 0.124044412484446 0.338304059179895
0.183611036044046 0.137899482736409 0.0627022361316794 0.522296946627656
0.12576592295977 0.233484744410236 0.472517397140763 -0.115100903058534
0.00309344086032753 0.22947379547707 0.252029970164255 -0.0409434318785795
-0.099208813072309 0.221057278260134 0.238533261483779 -0.025022013789901
-0.114880015826648 0.223249154335405 0.16747272499841 -0.114720888893544
-0.11668336446477 0.20210310916513 0.0934122787540866 -0.145511456276785
-0.113609398398693 0.218002775230969 0.0318051201507044 -0.205762013396026
-0.0820277853091492 0.253080566461034 -0.016333480764037 -0.232530729497273
0.00432543584442206 0.287901440371707 -0.0329670286232315 -0.227600211994707
0.1039762064257 0.309347049494236 -0.0615607869235376 -0.169248579579492
0.203956845135004 0.316493077491169 -0.0582046889937566 -0.0435672597535785
0.280840724235516 0.281288628870872 -0.0476502452548954 0.0686088600243233
0.305674375908911 0.268674445071375 -0.0233087134377755 0.136939674922001
0.305452119767514 0.237797194353425 0.0305340808288826 0.213881829101218
0.344397550308576 0.232990089355535 0.0468039564100145 0.296129977001758
0.325442614185453 0.218745354069404 -0.0386261279911883 0.464300752321865
0.218346498193743 0.295805586594459 0.407260977974981 -0.232105080024767
0.0999196587571837 0.32291340295924 0.246557716579426 -0.136104965809174
-0.01660782354648 0.354118831593919 0.239071625110536 -0.0983667975791054
-0.0556783913509799 0.371787123060069 0.163950214921246 -0.161481932052421
-0.0718394416206748 0.345291319928687 0.0722849190336993 -0.168715448746051
-0.0822330991176312 0.336674026382794 -0.0185096990200861 -0.175620912964551
-0.0599556326566832 0.337107172954886 -0.0550383252603922 -0.138652101233032
0.0171203309993216 0.355503904148721 -0.0283014814866796 -0.100377172774431
0.111297603612486 0.388363813213136 -0.0101508690018396 -0.0422613056308936
0.22050864780682 0.408207423261314 0.00658088529659958 0.0393951977798912
0.316399721277179 0.386050941782208 -0.00682265368529532 0.102744558379559
0.354588651636222 0.376468416285264 -0.0281277671932759 0.142517387586728
0.357250371007102 0.331851739671573 -0.0411982651328597 0.199701755546046
0.415249247309737 0.309776444296897 -0.0615456859594158 0.239188300940461
0.391760855965709 0.277350657363696 -0.167527028242372 0.381841660624843
0.293969378918297 0.302128550312451 0.293268374121777 -0.354587068363304
0.215246302960452 0.348315848744197 0.175835525697663 -0.253755470768839
0.121148368251329 0.407708018546073 0.172911658420182 -0.18954945812604
0.0707353771064772 0.444821815358953 0.118630096805287 -0.200852921012815
0.0331412922874295 0.42557925118665 0.0417613731933685 -0.164960061769659
-0.00443782602424219 0.40186397458743 -0.0531550378274259 -0.104579800005891
-0.0113063287389163 0.369980370535473 -0.0700528629441868 -0.0174348144333788
0.0269933534118736 0.369460704013034 -0.0200215233647944 0.0424096937563373
0.0824417488663189 0.399618606775228 0.0263242576124586 0.0961681151599604
0.163725178300105 0.432348797710209 0.0495247468998836 0.138585044132705
0.245575600393887 0.428798248988501 0.0160375287888797 0.153020550275288
0.286733111201866 0.43307523315894 -0.046238498957497 0.145949744628554
0.296806036180712 0.388635925742071 -0.119063428324071 0.164129678379951
0.382666508394835 0.351462702811864 -0.16344434670699 0.160645041866414
0.380053638840677 0.299088618765138 -0.296421770603259 0.281863489960824
0.322369684989897 0.244980841164868 0.140633256643538 -0.45173338605315
0.285039372338655 0.288775546532268 0.0479278659352643 -0.343968400913964
0.224258636918451 0.343015926759603 0.0579427071763196 -0.248874282732399
0.174398135150123 0.388007721469582 0.0525881992565325 -0.202423355936164
0.127923758100725 0.387642753727024 0.0253738124992491 -0.132270784256978
0.0753863161504322 0.37249676385531 -0.0487220339517316 -0.0119929046599875
0.0398398031916914 0.336037543329902 -0.0507561841259015 0.110489358055243
0.0342401133488305 0.326507026084423 -0.00869865385183542 0.176875511366105
0.0405931568725505 0.345637172546223 0.0301537536133411 0.217487943082534
0.0745670837025701 0.369820844364572 0.046245283594295 0.221963280964352
0.116838325053165 0.372329269843914 0.00137877367778871 0.192359338273224
0.145793326547194 0.387986294306178 -0.0709432211747973 0.141462580361446
0.162228383515611 0.355612810186165 -0.170460767527848 0.11143165301874
0.274465806972509 0.325473817082572 -0.223867544331599 0.0719275490768563
0.308649196191357 0.271411213145378 -0.387112689164511 0.182848441647082
0.274508067809051 0.149121942146027 -0.00946121173984235 -0.503964469747009
0.264244221052317 0.17632154278726 -0.0893781030105758 -0.378469782785572
0.226303795893143 0.208752089368774 -0.0530568051511226 -0.256814151361406
0.185709035887044 0.245041093702724 0.00697403458524903 -0.169239904441918
0.147473648134888 0.259507499054826 0.0330920310321327 -0.0931949042162665
0.105976052215361 0.261168157888174 -0.00864574199728884 0.0682742861286634
0.0649843358088339 0.240699592688788 -0.00357232198764196 0.21846791918718
0.0364687370623575 0.234324517082293 0.00594490544466171 0.285662257280379
0.0138099037565913 0.241019093605128 0.0101359154306916 0.297285790925825
0.0111910107967616 0.243440202124227 0.0042652751722458 0.259422191330959
0.0199391912543964 0.237019983059704 -0.0383287254967948 0.196359685894114
0.0324387333848515 0.254599639578133 -0.0948204521242194 0.125441567487503
0.0457056899737013 0.239963756799944 -0.184309702026209 0.0642745360394464
0.159788657739416 0.233192108341626 -0.234088451405792 0.000843982148608445
0.211098067530978 0.19633322308153 -0.437042696320097 0.104840822423812
0.157881602639989 0.0377632453673994 -0.116572384948515 -0.514407210496384
0.159239939367931 0.0603432648132834 -0.18294985868624 -0.371107048017925
0.134559792739167 0.0695339377454826 -0.121183015158902 -0.23261719601566
0.109062353818632 0.0910136308634007 -0.0106091171592022 -0.128277584824948
0.0858974375362609 0.104972501211487 0.0508433802363542 -0.06560542911841
0.0712713102998166 0.112110882240239 0.0387222600468416 0.114346991367907
0.0516866338390441 0.104757452539714 0.0472091009085271 0.283183926057384
0.0315535946844173 0.107317656623171 0.0218277422277473 0.35232900042553
0.0155003545305688 0.111949719049851 -0.0148639513006011 0.331077171334798
0.00546143813833342 0.11140254160667 -0.0363796009043945 0.251669216378036
0.00526824043762169 0.105230545964949 -0.07037980877171 0.170078289831306
0.00502175980002489 0.113589574792072 -0.109032673535807 0.103381539142808
0.00955387139799649 0.104216428865002 -0.176040102359209 0.0366348662344915
0.0874930633757529 0.111603727066842 -0.217494483613497 -0.0391911826484223
0.115993242927471 0.0860391696481265 -0.45987627913247 0.0599551597141281
-0.0428072337874292 0.0108721959045885 0.514513374045173 0.0114909299318528
-0.0622113721190573 0.00757105183010229 0.227330428379194 0.0236642924587493
-0.0572828467409893 -0.00737586062817468 0.199259447076808 0.0088671226914431
-0.0439287615784588 -0.00554705550236997 0.137368516972783 -0.0888875977958943
-0.0488735691074612 -0.0153835988310565 0.102280846295896 -0.122676892944746
-0.048046719466799 -0.00194606832068109 0.0869991172562169 -0.220622147399074
-0.0428285366343403 0.0176075133060612 0.0438863224486644 -0.322960834956586
-0.0205948440734387 0.0350587382695387 -0.0286042478279731 -0.381466514197263
-0.00059716417824931 0.0370723811289469 -0.105285788111983 -0.329279057917383
0.0167326724846898 0.0406060304919649 -0.122018494756342 -0.139419320470633
0.025752109346716 0.0332172603872447 -0.0992451297143673 0.0396151080939252
0.0283744793103841 0.0383275588441212 -0.0396410079754679 0.13835611642977
0.0143189527008009 0.0441241637757693 0.0895797279922179 0.226707745148808
0.00295195045209739 0.0479618845606476 0.153908762220517 0.384072357565448
0.00149816867483095 0.0414154082053141 0.109676357832466 0.571844149758864
0.0397619364220827 0.133826967923321 0.507721529461789 -0.0287478095050251
-0.0446088259718235 0.118468841839439 0.233207279405421 0.0124755904635321
-0.101133999949744 0.0947465662913923 0.214107231503181 0.00486034510866073
-0.0976849698120389 0.091831872912309 0.149793863924753 -0.09110375523525
-0.0986785530929809 0.0772394947086603 0.103198302003954 -0.126072822941925
-0.0966943259519143 0.102508764465756 0.0741853582225588 -0.215123521401065
-0.0750190519296729 0.14601045611355 0.0264636666820535 -0.296563927060958
-0.0093986860767281 0.179454800874075 -0.0322147419879394 -0.334884847615825
0.061295023130552 0.191748596467581 -0.0990846280248115 -0.276293404141945
0.127678493224604 0.191683746158052 -0.109560731404722 -0.105933661813689
0.172373850608154 0.164248056561592 -0.0844817466005302 0.0483251782494713
0.184162078543522 0.159071110878227 -0.0282151798278617 0.135930033654107
0.17945045094782 0.146230800607546 0.0792687918192236 0.224005488566021
0.198360265481087 0.148199418240228 0.12838762127888 0.348645086315349
0.187596387523152 0.143027625150619 0.0681615428286543 0.535998764252634
0.129270538686662 0.23971139528822 0.481242725291172 -0.114279425553657
0.00366587629397135 0.236443050950781 0.256324237984179 -0.0365088723834493
-0.103545308423827 0.22922564376537 0.24408645126606 -0.0256499104563331
-0.118092459507007 0.230248932427719 0.170448070424241 -0.117217164317428
-0.120057435957624 0.209295358047005 0.0958713949888866 -0.15061942739608
-0.119069446889798 0.225538486553283 0.0352656766615065 -0.211636096320161
-0.08678827581206 0.261747490585889 -0.0149162814058884 -0.236609171937654
0.00261525090341629 0.296254925314222 -0.0302976795648176 -0.2375887255227
0.105976042382169 0.319518519750679 -0.0592418465830584 -0.177721034908223
0.210399958989825 0.325071772729016 -0.0597055723289909 -0.047509108826053
0.288376857013557 0.288517969189867 -0.0498776516493233 0.0670445199532915
0.313331814411686 0.27636220470204 -0.0231895917031328 0.138767968622848
0.313947488746053 0.247554334291067 0.0342215334588088 0.221115582477429
0.354810791545255 0.239606708386432 0.0488586024107216 0.305124815931959
0.33240185429549 0.226960528401573 -0.0333138132046136 0.475473793225394
0.221816864136499 0.305431104529649 0.417535285177742 -0.231976256439941
0.102568406372364 0.332079556228816 0.253177636060569 -0.133713561402284
-0.0196554532454338 0.366764534083399 0.245291112961593 -0.101913410390325
-0.0581358241096648 0.383573305771909 0.166693878567836 -0.165607343231377
-0.0741617106290335 0.357390387891925 0.0736193088325801 -0.17297960688529
-0.0873995296802651 0.348557137206161 -0.0159493271941406 -0.179278943841667
-0.0639599691001918 0.349152979780965 -0.0540836413648117 -0.140839310394718
0.0137281004657836 0.36685914586538 -0.0265233557701635 -0.105609672321619
0.11117444599876 0.398824043631618 -0.00623818849961262 -0.0458739850872997
0.227714121073273 0.421655539626856 0.007160375569199 0.038542070477434
0.32403301312362 0.397612047459399 -0.00910039516368835 0.103247327119264
0.36342693029556 0.388358178322389 -0.0283188702281406 0.14406962126177
0.366929739648746 0.345890337084777 -0.0388203791667881 0.206356644801913
0.426729641060409 0.319669378434811 -0.061818320373541 0.246786452173951
0.40241208604199 0.286948220079177 -0.167070968437128 0.391670743170008
0.299925492646072 0.312079131839142 0.299672075768408 -0.360719065571301
0.219801058036213 0.357824111247529 0.183526942537492 -0.255317963286354
0.122864541072055 0.422495214273252 0.178771279199897 -0.195939523922123
0.0709018658938153 0.459150990591265 0.119926807691898 -0.205353582128263
0.033980313368465 0.440094491160644 0.0410234320656233 -0.169069712977811
-0.00755028610999135 0.417094910203489 -0.0516919489844664 -0.105450849658989
-0.0146721935564058 0.382976933949357 -0.0719139148813381 -0.0144321071180951
0.0234018811558999 0.38181890246952 -0.0191096666043065 0.0411507498766533
0.0833812464987816 0.414193768050982 0.0308756115921264 0.0966296774690074
0.16826134778383 0.447957371269958 0.0517806269645286 0.141146554069405
0.250577072895687 0.443889655058016 0.0155214832145372 0.155544490159473
0.29423008352094 0.446901802656735 -0.0462408105615198 0.147532814829555
0.305642190982456 0.404877844098984 -0.117536283029515 0.168809666518173
0.392599034050049 0.362670496414989 -0.166339252557704 0.165201977547694
0.390071793355199 0.309641815390022 -0.29701629106843 0.286513437159182
0.328079586457488 0.254788278408026 0.145369672052077 -0.460502552210319
0.289797647092257 0.297909736699448 0.0514724312462306 -0.349714771150512
0.229664212754236 0.355467469089242 0.0605966854735465 -0.257970719219771
0.178625499142085 0.401772335426737 0.0527548086059378 -0.206541046965102
0.130890169750941 0.403148692801992 0.0238598141711937 -0.134509321609176
0.0751768224284057 0.387341919931484 -0.047940033081073 -0.00953071617947255
0.0371952270566703 0.348448935418495 -0.0531057857363782 0.118436102654805
0.0310738364729301 0.339114356551347 -0.00901102037232685 0.180613456583524
0.0400463891191903 0.357999857405168 0.0336517559548145 0.221727692402025
0.0750618897487305 0.382092666743588 0.0486231452599655 0.228406052790112
0.117809338823692 0.383868850150261 0.000683017633142561 0.197584538546545
0.148982597062805 0.400994021309359 -0.0714212796265382 0.143520088178016
0.166679208810287 0.3709717219653 -0.171627161664809 0.115022501234114
0.281472945681486 0.33882901886715 -0.228120310027531 0.0731956633286037
0.316211897675594 0.280696817646534 -0.38892136293854 0.185784448874939
0.279390513319737 0.155684112825398 -0.009583614301251 -0.515315957781061
0.268133528223842 0.182641528804864 -0.0872893815983328 -0.386820347959508
0.231122466355691 0.216550449209864 -0.0535180257556893 -0.264107534918563
0.189797361775625 0.253501950106898 0.00566364007351413 -0.17348266361462
0.150938860591311 0.269581142067299 0.030028454324556 -0.0925082648904106
0.106591357892344 0.273117550930183 -0.00692897870167218 0.0737335776367241
0.0642543753350466 0.249512548762976 -0.00554107723045968 0.228323791407651
0.0328483191140762 0.242704285317802 0.00467297389881606 0.293306603380434
0.0122965047021791 0.249518027604139 0.0116419202892378 0.304942076767305
0.0097051707263976 0.252788759609475 0.00531973785578455 0.267493157716577
0.0190513107720021 0.246704958392537 -0.0407498710794936 0.202661409897152
0.03203770170255 0.263400623527116 -0.0947762597462336 0.127568199443628
0.046704710851335 0.250597397267786 -0.185747041460772 0.0665750001480333
0.163689603992619 0.242725714680869 -0.23869886875817 0.000166420679222645
0.215937163746379 0.202596727472003 -0.439138427462684 0.103206753860039
0.159404952964752 0.0411116722270343 -0.120259510828334 -0.526274733324692
0.160038614679406 0.0647584440234508 -0.18466985756967 -0.380368794103345
0.137613617347645 0.0735123458216645 -0.12286768765566 -0.239598550442011
0.110819411568197 0.0950633477831817 -0.0108837590973289 -0.131464686921808
0.0870016226183628 0.110628737638932 0.048737900117572 -0.0640994147431424
0.072213233622017 0.117876465857588 0.0397435441717483 0.12249054076361
0.0497660347870471 0.110157308296344 0.0457559389008546 0.29483541401782
0.0304862378621787 0.111787596866246 0.0189783237419714 0.363087182757391
0.0141408982997086 0.116928695784964 -0.0150309929204558 0.341145503722062
0.00527381380484347 0.116544276171321 -0.0367287576628667 0.25862946012353
0.00343009932541852 0.108471398351228 -0.0726223552252864 0.175363548210896
0.00494840620229235 0.116945610263373 -0.108849631514207 0.105017180308019
0.00913066614575932 0.108781362706643 -0.177126985841636 0.0380510702449169
0.0890616325998988 0.116748802358653 -0.222083343350453 -0.0414173349751371
0.117650864754944 0.0888983279922138 -0.463117447533766 0.0560470032543417
-0.042832285153374 0.0121193272104009 0.527414206788585 -0.00188067188937007
-0.0622176789063732 0.0088837257693304 0.232860514855358 0.0221156105992853
-0.0596561154013986 -0.00557003673262527 0.2044900597747 0.0015308486352211
-0.0453292595765699 -0.00484272797759848 0.13688383167833 -0.0967206651569357
-0.0509964388828803 -0.0149811685023125 0.101633186169554 -0.131988025738324
-0.0501588959934581 -0.00258950212374104 0.0833062358795797 -0.23130318295649
-0.0425939537413292 0.0184975790696933 0.0375271695126428 -0.334537997891378
-0.0183879152980477 0.0355338762539669 -0.0405283150774687 -0.394805520694569
0.000875195339151038 0.0375307762823769 -0.120424852366168 -0.33962057930608
0.0187778479213769 0.040579067234609 -0.131875029190262 -0.145848616914229
0.0283952632118142 0.0334291357367955 -0.100171928569703 0.0401992600444189
0.0309324799373501 0.03699711565845 -0.0357457685023089 0.144252772319514
0.0165833836756631 0.0452621027113494 0.100952984825506 0.232685114482582
0.00515123509179425 0.0472945161727413 0.175840101303835 0.391036854068097
0.00295896652963037 0.0441583764875223 0.13685813104974 0.585167290261289
0.0458981376068759 0.136313938882366 0.518220636773646 -0.0419344060188601
-0.0409239683661394 0.122600636665773 0.23932478872882 0.0104288175450161
-0.101608860672655 0.10248410175701 0.220005951157784 -0.00266338349002806
-0.0976850105472026 0.0977293501754094 0.150126355305707 -0.0996812974043052
-0.100005213368931 0.0839473178787351 0.101677251465478 -0.134842753604597
-0.097260125258307 0.109895641054083 0.0703932291528453 -0.226875978488375
-0.0718891761307869 0.154417006716836 0.0194722881885098 -0.306602607712685
-0.0035590568093473 0.185851287036299 -0.0403220923537495 -0.347516705257085
0.0696981882658316 0.196424758375414 -0.111112026342279 -0.285499261180784
0.138978137652421 0.193415531745138 -0.117898600135657 -0.110715759108964
0.185098942337977 0.164243306853503 -0.0859541968775908 0.0485750490016697
0.196256881511363 0.157367010056863 -0.0240082938725771 0.140564645624976
0.192418031995765 0.146524501771036 0.0923091105825493 0.229862171675792
0.210961051609254 0.145046791196027 0.148066481048383 0.355306758770542
0.199537205048279 0.142456241265622 0.0962697429899223 0.550468737485179
0.141409463599724 0.243203343158818 0.491200902189464 -0.128118516249083
0.0129799045604141 0.244143790624395 0.262571293122371 -0.040981151324265
-0.09854101333564 0.243822679231441 0.250254289365749 -0.0366701281115157
-0.113252794350352 0.243937462536179 0.169738141419077 -0.127728648084493
-0.116936573313385 0.222827117815239 0.093077318239626 -0.160917856119302
-0.115850895261659 0.240237848021882 0.0305081674599893 -0.220285125943624
-0.0804188205319468 0.276777218826081 -0.0201573224493594 -0.243050041188482
0.0111663425324448 0.307739633995357 -0.0368013611937954 -0.247193586386456
0.119722199634576 0.327745947933818 -0.0646334700218392 -0.185680931853466
0.229004904470258 0.328593880237312 -0.0638143083041408 -0.0504197253034112
0.310060298825945 0.289284419624828 -0.0512599028497567 0.0687664491143183
0.334526902604391 0.275635996825964 -0.0189077370957322 0.141947605535833
0.335325933773122 0.246997322113242 0.046757411540604 0.228691637543176
0.376416577039721 0.235764962604713 0.0635123134104749 0.313928026548077
0.352688372101258 0.22417266493559 -0.0106645493461716 0.489698868550897
0.23943580215005 0.30855339127474 0.419412237756006 -0.249732717976907
0.116549638976379 0.340817848368422 0.25799349352545 -0.14206880617613
-0.00834627624447162 0.382978664679662 0.248919273091741 -0.115044728497931
-0.0453836367121863 0.400997610324485 0.163876448099095 -0.176993154161616
-0.0647174807399951 0.375752347803408 0.0682412318323518 -0.18195911798896
-0.0796643649093453 0.367985299300326 -0.0210627089113257 -0.184243118119439
-0.0546136517701458 0.367256694127106 -0.0583641509731806 -0.140907173502727
0.0244217333124976 0.381835223256659 -0.0292111319336776 -0.110947579663567
0.128892399569198 0.409398720426546 -0.00450092990372047 -0.0515707053658329
0.248622872874361 0.427459502213881 0.00932343442808566 0.0372694764740301
0.349844246369141 0.400404659719238 -0.00651224688959497 0.105507130906322
0.388335274772737 0.388915404633179 -0.0240864922407452 0.147967799044273
0.393296997200006 0.349604435771919 -0.0280247046200317 0.215179953638738
0.45493686831917 0.316874812237664 -0.0525599168803308 0.257078917661452
0.425040642109057 0.283400310063795 -0.151082227311271 0.406730425257289
0.318254087476326 0.313357803112451 0.297342275585887 -0.379468788909078
0.238033400100641 0.363878093773228 0.183279736530612 -0.267271711284971
0.14092908453349 0.436481764033564 0.178380795118873 -0.211315652156296
0.0898720777654821 0.474097009661311 0.11464655948711 -0.216295317527318
0.049541501646179 0.45807836616554 0.0349599858540678 -0.174177360245713
0.0065441008840854 0.435705938178507 -0.0543813636073274 -0.106629405397724
-0.00398788713483089 0.400433564408453 -0.0737956935549202 -0.00918200571886086
0.0347662965454257 0.396822716651913 -0.0174465462836043 0.0418585340327153
0.0987219515661378 0.426890442371971 0.037987544187394 0.0954935221248247
0.189393326950843 0.457822540845604 0.0601119037843519 0.14243434592362
0.274889974348216 0.450925145398543 0.0195930081530699 0.159024877755863
0.319060549517762 0.452388026618674 -0.0409342122978036 0.152131763188655
0.331139396948098 0.411275714354906 -0.110283861214926 0.179224451434832
0.421211972086838 0.363911039555973 -0.164345277412326 0.17580357353304
0.412414609619333 0.306934213335025 -0.28683414543933 0.303774681598239
0.345892429122178 0.25507029796206 0.134002441582584 -0.478924478388296
0.307442100659939 0.299692591489658 0.0451689276680677 -0.361377261183848
0.248272718372781 0.362764430508774 0.0535485726777905 -0.270517508303571
0.197683299943684 0.4122626761268 0.0453155857283764 -0.214088161072204
0.149632137608342 0.415355300311258 0.0167506857737592 -0.137058534505478
0.0899125871044009 0.404878808199726 -0.047572496394911 -0.00673598077863276
0.0475643656286842 0.362249975903962 -0.0507006598753717 0.128030156563082
0.0401844538227617 0.351114269734819 -0.00431770547831008 0.186611280883629
0.0526112199192743 0.370532679964611 0.0453275995100231 0.226091406746774
0.0910868057260251 0.394620839057174 0.0593210270075268 0.233508500923567
0.134041160081102 0.395734136572533 0.00632669866197581 0.204880886806419
0.168325933268196 0.410977621588957 -0.0672386587524752 0.149305247307865
0.187583555548855 0.381853529951497 -0.168699217082124 0.125726055318516
0.304694161604465 0.341439128863161 -0.231237775094326 0.0832532745108704
0.33502830767754 0.280836758644375 -0.386461154930857 0.198255604227296
0.292151702219918 0.154587369330696 -0.0273261764841677 -0.531063953617382
0.281175433814493 0.181726379831557 -0.10003700586107 -0.395938877033599
0.245881420470666 0.218779972651545 -0.0651586352783614 -0.273828462723792
0.205415092328906 0.257826222482316 -0.00186399608604002 -0.177566778054542
0.165429775497681 0.276435509330467 0.0246548667824662 -0.0933916520042314
0.119519364802773 0.282744990098025 -0.00412082510351457 0.0784500024038921
0.0718318263219758 0.258491300726443 0.00141673957685994 0.2395019704846
0.0403459883877361 0.251982852809089 0.0134595243612815 0.30318026744315
0.0204329146052439 0.259074420112047 0.0232811264256084 0.313881030714205
0.0192035063357276 0.264254552543489 0.0172366756628156 0.27609771808131
0.0268541086339572 0.255876942941598 -0.0351694631523833 0.211812981978553
0.0425779991203561 0.272059060810323 -0.0910966737513672 0.133556303287975
0.0573105876743353 0.26164330808086 -0.185775900151117 0.0752368571934014
0.17733728049271 0.248341255236098 -0.243016743800621 0.00742611568337576
0.229064707666528 0.20317124552172 -0.441022061474359 0.116195281198123
0.164633170900014 0.0407346855960413 -0.141413586711529 -0.538693835034263
0.165887466354148 0.0624740227142409 -0.202538204536985 -0.386685337313535
0.144176276604847 0.0726435308782134 -0.136418679472512 -0.243764912554983
0.117645637249388 0.0956889220557767 -0.0173380545631785 -0.134976439777841
0.0942270985936022 0.113618070868955 0.0440388165268691 -0.0645672318372157
0.0778643045870099 0.123039521453186 0.0464865484396581 0.128450377842231
0.0529992279234764 0.113769451361835 0.0564567868834749 0.307315606058248
0.0330712721752347 0.115789911746436 0.0304985079970552 0.376320055614959
0.0177572198956987 0.122308890216573 -0.00449907990514518 0.352010120675845
0.0093950027717452 0.122770418093563 -0.0268548399466471 0.269423960956849
0.00645842287881705 0.11374245419443 -0.0699310500175425 0.185159544820215
0.00823707855316703 0.12107482495799 -0.107153620386511 0.111509735993254
0.013854157201745 0.115153095446038 -0.178334468932851 0.0447866125777702
0.095936812829723 0.120037053690139 -0.228422373317573 -0.035426812810912
0.123266609641918 0.0885776603209016 -0.466717453764202 0.0681684589349475
-0.0420135202189237 0.0141286799946037 0.525279543479043 -0.0294526386621779
-0.0607262018553375 0.011335717585394 0.232815063401834 0.0133897124987179
-0.0602511801006025 -0.00175314592931886 0.202730157370739 -0.0100069993553261
-0.0460766979685069 -0.0023782747235213 0.130861506936759 -0.104992327954367
-0.0522687962461535 -0.0126848345605099 0.0949334386951391 -0.139629319209262
-0.0515485975639256 -0.00121726155028538 0.0701922857754845 -0.238288680498446
-0.0414761377381108 0.0196311129884706 0.0216081323065111 -0.338969818073163
-0.0158078566234335 0.0359383305520556 -0.0606658821291044 -0.396991659376605
0.00340785252024136 0.0378410004172083 -0.141068822378312 -0.337754597693868
0.0222353461134177 0.0380221686552123 -0.142717558420602 -0.14473659810609
0.0318220984660413 0.0304176173567218 -0.0985235760233849 0.0417799879264749
0.0330737884003205 0.0348100489416765 -0.0277062139657151 0.146456392469847
0.0199970699685523 0.0434444319625543 0.116482420617445 0.228095239723281
0.00833557423533874 0.0464234229306671 0.201705499617959 0.38284943548461
0.0056534845550561 0.044512539630151 0.175109364748198 0.578378613374085
0.0542374954997681 0.133758355712333 0.51564644728271 -0.068413763339918
-0.0331955557810057 0.124621022644662 0.240090022102136 0.00202496731351233
-0.0957780517118263 0.110832525669562 0.219318518552178 -0.0165494144118468
-0.091774480888964 0.105729080827985 0.143520198554564 -0.109341815756731
-0.0953715541928224 0.091261780086953 0.09415222245974 -0.143401960784386
-0.0926571289048927 0.116391118647976 0.0582251724476076 -0.233437493948295
-0.0633882671222004 0.159485924905064 0.00457714981064644 -0.309117254383861
0.00676147899453371 0.188272784943691 -0.0587528460880417 -0.350300693462026
0.0816277729822547 0.194108098264783 -0.126662005567712 -0.283775073394985
0.150685157692023 0.184750666031032 -0.126132637503643 -0.107513837566249
0.196433218939538 0.153581800564675 -0.0847434704037175 0.05107915170604
0.207066331919637 0.14692869714005 -0.0156115601095087 0.140873528111512
0.203166645020551 0.137174835247025 0.107716325623418 0.226154340806909
0.220904059080994 0.133367043020457 0.171915259590458 0.347795801295591
0.209747804276797 0.132394726943566 0.132800191594957 0.544104798981698
0.155769975054919 0.237031365927674 0.484142969348926 -0.154021333187403
0.0278835023628767 0.243912449341304 0.261928947590294 -0.0522928117269104
-0.0853341777790392 0.253982090008031 0.247663291317108 -0.0529488639800621
-0.0991154883623396 0.253260502122614 0.160655589054163 -0.137988595193227
-0.105395879721259 0.233719669630711 0.0830288842962301 -0.168243527979838
-0.103337410546499 0.251439834609021 0.0186397542378515 -0.225172695390449
-0.0648155751260609 0.284708733338395 -0.0306135713336618 -0.241979005063699
0.02820030171709 0.311261895888423 -0.0491873503647083 -0.250217202150506
0.139247397217743 0.324117657429251 -0.0733791969219993 -0.186627930362187
0.248904353947186 0.31679878202712 -0.066698392371014 -0.0496077717719903
0.328828030270452 0.272674178607273 -0.0487056219473515 0.0691513638237456
0.35411029205485 0.258997949531996 -0.0114643347680187 0.141923217549359
0.354775635977282 0.232070731343625 0.0634667538148784 0.227175465692283
0.393071321188932 0.214124399260658 0.0845697204980432 0.310728421008278
0.36737062815094 0.206374880936432 0.0225304653809013 0.489573031890095
0.258583745553166 0.297461494400002 0.406120096127798 -0.273078495061326
0.136903189049037 0.33650426836804 0.253410499163418 -0.154775480116801
0.0151501240361873 0.389460944269816 0.242780469339868 -0.133034350298305
-0.0215517898157573 0.409246355233717 0.152064012641385 -0.186958101627759
-0.042708815416049 0.386052789521047 0.0558762401851907 -0.187178548112219
-0.058552533459049 0.379689096510467 -0.0297058353958309 -0.185829244376668
-0.0353294551923323 0.375256276298921 -0.0643611605919941 -0.136304793452194
0.0448040108921247 0.385581245896724 -0.0337023156122466 -0.112410571785154
0.154036278428129 0.407235386334214 -0.00505864107740446 -0.055908065753225
0.276154898039124 0.417365181643342 0.0123856045446574 0.0345956870780268
0.376211571604297 0.382479378657818 -0.00349023228524079 0.105817435303092
0.415832887336295 0.369348248449718 -0.015668535409496 0.146497465518338
0.419519335815735 0.331911235932282 -0.0118018910231158 0.218193833384768
0.477253073061172 0.294028430245188 -0.0366457881347002 0.261259078167612
0.444247491714093 0.261147573946487 -0.121443507005066 0.414207471824285
0.338924218244048 0.298771734709774 0.275511231035334 -0.396046890510787
0.258107132131325 0.355216681249081 0.17115004289836 -0.277806245410116
0.165876236278626 0.432852704082467 0.166211784201997 -0.22541017219661
0.119705442618158 0.476090605617419 0.0997946702954538 -0.222706602622155
0.0788296088860105 0.463391574739402 0.0225534161573573 -0.17526133274653
0.0303000257763182 0.444660175587271 -0.0596192451266181 -0.103956781185103
0.0181015583977086 0.406559645829749 -0.0725257364750577 -0.000940007217963729
0.0544514847749494 0.400205928939632 -0.0143714106327762 0.0410593724452539
0.124226984478072 0.426000805526041 0.0471137398967119 0.0896326554483989
0.217895765330521 0.451348962643953 0.0700327720916667 0.138502217496549
0.303175440193868 0.440761400302397 0.027252059269459 0.159439094493938
0.349562731292179 0.438915295320667 -0.0316333512157949 0.152515717755013
0.363223115254269 0.39875522217308 -0.0970099439323718 0.187245579651517
0.446566987461785 0.342408221687444 -0.152907997927405 0.185976497951282
0.432977553454422 0.285567104329107 -0.263117507433107 0.316673905874763
0.361737997308697 0.238236470945286 0.106270086575517 -0.489124401959107
0.325617635848739 0.286272666487353 0.0267835090841596 -0.365891256492705
0.27158998513681 0.354242761048146 0.0371865420568576 -0.278678590288859
0.225022803831649 0.405482703447108 0.0309951048920086 -0.216420628210912
0.175266055277242 0.413750603383936 0.00618702156049972 -0.135271375502557
0.114516507185035 0.406516841169803 -0.0475422353874169 -0.00283779846428904
0.0672039231693921 0.365951211050511 -0.0432246596444807 0.135818703813958
0.0575379854771399 0.353946707701806 0.00704126424919527 0.187514791108216
0.0741056633856287 0.372352189720842 0.0616200458424554 0.222139187221242
0.114911722665503 0.394990495627391 0.0752741327813672 0.230512971633398
0.158080612284657 0.393395006953969 0.0172775409934708 0.207113401704459
0.194703689968713 0.406019925189734 -0.0567239636437717 0.151661974660272
0.21332883539095 0.378555577339121 -0.157295814676105 0.136130613823058
0.33014932194686 0.328344743131887 -0.225481416122616 0.0955569496130438
0.352521590410812 0.263298377677248 -0.369897460140119 0.217296512691111
0.301182313409235 0.14031852169511 -0.0598567942756835 -0.533080759659993
0.290643172573899 0.169014390570706 -0.121676722713432 -0.393996417526244
0.260390720676526 0.208272869547102 -0.0829434656214084 -0.273797054177375
0.221655530852085 0.250473243570854 -0.0133998328545887 -0.176619218273479
0.183454577385068 0.271663951252339 0.0167378197385247 -0.0912134947734008
0.137052737080562 0.281832545070469 0.00082220682413423 0.0813649266923215
0.0852863780587196 0.258915568831625 0.0146298269586999 0.244779124257635
0.0518867491821868 0.253063416495918 0.0292815790552606 0.305503332804675
0.0353166145040005 0.26180237185033 0.0430698490493935 0.313339031863193
0.0350496949287075 0.266741625296268 0.034879152067589 0.275709736720712
0.0407556689738227 0.259596433126468 -0.0231721812228574 0.217327006717201
0.0587576038749823 0.272716158563922 -0.0816799164052641 0.138197414462338
0.0745390637247791 0.264115994465449 -0.178834821388963 0.0865550905212083
0.195239806011485 0.241974037115408 -0.2427975837402 0.0210789411990297
0.240332670873732 0.191612293396712 -0.428427059012837 0.136683416326475
0.166549851595777 0.0331018730776117 -0.177772679870013 -0.534722996297295
0.16888259451913 0.0558827658762222 -0.224085464899361 -0.377428965890365
0.148620271263311 0.0672244701983798 -0.152510691640313 -0.240069132830505
0.123596015130664 0.0908671632973787 -0.0267275404565637 -0.133261844196248
0.101763750402735 0.11124792236227 0.0377870173753022 -0.0623874356431435
0.0864671160297198 0.122215483750172 0.0539405610771002 0.130041392598929
0.0580991100956632 0.113906740759144 0.0730804569918921 0.309570201633474
0.0381642649490179 0.116153465777634 0.050455283669095 0.378571609515098
0.0250957648767386 0.123185191402651 0.0160605383893575 0.354042909252075
0.0157126655086091 0.124861133934104 -0.010147249052937 0.272564894564715
0.0117631274906663 0.116267418334194 -0.0588381912283464 0.192827964859464
0.0150421769551103 0.121691412945647 -0.0993509605133142 0.117078805637781
0.0204117427801254 0.11807346479731 -0.173267070064683 0.0550220586729904
0.104335808279836 0.117029155479604 -0.228827222362807 -0.0228565636958857
0.128359487682594 0.0824885121611972 -0.456441769262119 0.0901764927931881
-0.0396931828613933 0.0148702970407219 0.503238418965131 -0.0512763766688094
-0.0571092742698742 0.0118976051872914 0.224815422008452 0.00612170440780169
-0.057943316501201 0.00148243482618537 0.194513721989245 -0.0192765727089924
-0.0447602455623696 -3.73056157524448E-05 0.120296221137115 -0.108827444195036
-0.0519494795268865 -0.0100044467158169 0.0848575381295763 -0.141385109684711
-0.0510840304355798 0.000652706523586621 0.0570388705654446 -0.235985349721276
-0.0382867860087359 0.0204801727868406 0.00786668907736928 -0.329566841524828
-0.0126406640450777 0.0340404228692462 -0.0755010927200351 -0.384368404922948
0.00552911998200815 0.0361883391477002 -0.154403959367273 -0.322600253258045
0.0237013002984761 0.0349024372430082 -0.146851609645104 -0.13668910287717
0.0328929976400657 0.0269789625205131 -0.0937155259416417 0.0414667117757797
0.0342711507723224 0.0315717084806582 -0.0195192221877049 0.142825814457502
0.0219444686774461 0.0408700993216484 0.124765072980336 0.217001142550549
0.0102995258279886 0.0440105832839926 0.21656193426105 0.359620565947242
0.00843536386096131 0.043187782537262 0.200251463004674 0.550636331541299
0.0592369935496156 0.126804457396743 0.494436142186589 -0.0877001066344636
-0.0244527116257035 0.122186140397309 0.231969324641905 -0.00585038119507239
-0.0875456089144984 0.113666792950038 0.210000281043145 -0.0266226431866074
-0.0823527821496004 0.107464780205682 0.130997083725363 -0.113774572216845
-0.0877380108124795 0.0947663877835099 0.0831877155799888 -0.144959274526306
-0.0850347369258339 0.11885991069679 0.045108036502464 -0.230264234139133
-0.0535115087481608 0.158452551926197 -0.00693747853443572 -0.299997555303838
0.0160075737818357 0.182684492092544 -0.0721936411258886 -0.340302760566428
0.0883088810922855 0.185011578678802 -0.13659557617674 -0.272158885855599
0.155119747158378 0.172063585337818 -0.128225824450016 -0.10194054927726
0.198828829630084 0.138822788106016 -0.0804116743888924 0.0510036217210375
0.208518913630031 0.132095522655139 -0.00846645443977133 0.136082678830014
0.20620942919833 0.12396172879298 0.118524982781034 0.214818579857709
0.221778661279382 0.117558910522085 0.184134392196896 0.328643627364449
0.210739509317417 0.118404896389459 0.157698306374313 0.518125955658184
0.162184662120282 0.222152385403568 0.458938746006497 -0.168526644162025
0.0388440699434248 0.235627430297294 0.251801403041826 -0.0595781047825381
-0.0692339152475287 0.252546396443856 0.235105065032377 -0.0650656607290528
-0.082944264484091 0.252723089535288 0.146074036447157 -0.141830277874887
-0.0893641811119175 0.234960244563548 0.0705599435705586 -0.167378781275298
-0.088207308182881 0.251397264607101 0.00797339009781469 -0.220421042187869
-0.0492224679043245 0.281436632413897 -0.0389442334767645 -0.23280103675424
0.0426049694962089 0.3013937747848 -0.0581940710011149 -0.243237194525743
0.15104365869582 0.309575919783849 -0.078530331887163 -0.18141376161837
0.258420321596207 0.296476327936971 -0.0670463917581188 -0.0481062858608717
0.333547085669785 0.249939400576394 -0.0451285906155251 0.0680406812561925
0.356796952303337 0.23482152803347 -0.00341478164112002 0.135877445248754
0.358007120390092 0.209287270816999 0.0764244481229337 0.216555244972567
0.393269986837279 0.19002023902269 0.098442558112251 0.297637871745163
0.367542133626723 0.183383571652671 0.0508417180082806 0.469177919870684
0.26431790512503 0.277740353107859 0.380836979524615 -0.281853470420123
0.148936048276658 0.321375410489867 0.238219082357895 -0.159724263398219
0.0340331333532924 0.38079613147637 0.226958997994789 -0.143376749042264
0.000422209595868156 0.400704541502598 0.13531930602928 -0.18806357642473
-0.0213720414959524 0.380096302553568 0.0431452648118102 -0.182368160675355
-0.0377691226202391 0.375640752227036 -0.0381652572765129 -0.179392223351066
-0.0161808038461088 0.368550606127684 -0.0666314582175187 -0.127406810609144
0.0609764428308353 0.374439681548913 -0.0371454176491887 -0.1107383006855
0.168818241699732 0.389870877871541 -0.00577906223929759 -0.0592100197829914
0.288922212189085 0.39157595577354 0.0146214470570957 0.0307456867596862
0.38371603686973 0.354272177483694 0.000761733892298051 0.102330679570592
0.422792171533869 0.33966617862415 -0.00812115733370692 0.140798826304072
0.427947650493305 0.304317731600368 0.00337034110963142 0.21211066939439
0.479078278845433 0.261123509663435 -0.0207859748584639 0.254061387806695
0.44429173818779 0.232164172888534 -0.0926374125274126 0.403342035074877
0.342176365977479 0.276131874684095 0.247682611319775 -0.396652973637647
0.267068495467656 0.335013665116768 0.152897067697955 -0.277089749674074
0.184191933022202 0.417832158524554 0.14768612402359 -0.230454060140625
0.139406918680693 0.459926017621596 0.0835858416714125 -0.219386984371117
0.10015873412297 0.449581108043971 0.0116746484859109 -0.167727753139224
0.052962912877908 0.435094205095367 -0.0635134110109325 -0.0979242119244744
0.0352071108557075 0.397756569886724 -0.0690545376638481 0.00491686252104833
0.0712781301157555 0.389340366139064 -0.0129734032554475 0.0384994989954451
0.140333730094716 0.409766445193965 0.051915149578592 0.0802413562417206
0.233487789448112 0.429928404056203 0.0765903415804558 0.128954265853865
0.316917026121435 0.414194298155851 0.0336228019469157 0.154470739182269
0.361625985579288 0.41078935383651 -0.0235316521276343 0.146651401497722
0.373836587038884 0.373558128051843 -0.0805419916191993 0.185726562363918
0.452162215394177 0.312574937131429 -0.137740581615266 0.18631908064911
0.433405075836362 0.256295005293073 -0.234934504641549 0.314512997946171
0.360834518772458 0.21614158761951 0.0797701750292273 -0.478564438260362
0.327829599925275 0.263580130867536 0.0103036594373102 -0.358292018656395
0.28102202005218 0.33431526539592 0.0208171198579968 -0.276076483580717
0.239638218842147 0.384617427808649 0.0185033728591815 -0.209505660917593
0.193092274541571 0.395987575188759 -0.00184977385766712 -0.126561208162074
0.131291571107737 0.394458521129508 -0.0461836637479967 0.000417843890838394
0.0811551918937642 0.355540273664025 -0.034546158462845 0.13669077343466
0.0712071990724841 0.344111897751613 0.0143404797615543 0.180683104663593
0.0897125447820437 0.359606732379822 0.0714425249849976 0.208564825211175
0.131372429100004 0.37881949258707 0.0868989988410066 0.218256721687068
0.172606251574518 0.377181657289876 0.0276133658432055 0.2018211514805
0.210118164081432 0.384422336745645 -0.0472214299955342 0.147241809195777
0.229637646943197 0.3598024376414 -0.14283651794815 0.139169436921763
0.338145476509285 0.304186797599633 -0.211844784665856 0.102674048723842
0.352929359277936 0.238823375964764 -0.341800303728155 0.221931152290712
0.29836767900107 0.124999077924582 -0.0840608924736382 -0.513286469973564
0.289519577194801 0.153345968154014 -0.136135999110681 -0.377627553055229
0.262623665879087 0.192354833249635 -0.0952674425346519 -0.264337020337783
0.229311850929054 0.234254761050148 -0.0222412067845532 -0.168998295539353
0.193660765879724 0.257981570192052 0.0101748218765489 -0.0842559921544809
0.148074237470248 0.27122666281793 0.00493345618476634 0.0809194311837336
0.093130798831459 0.250286669674477 0.0255127453361556 0.240797717937519
0.0609834234334656 0.246080340707851 0.0413715625687918 0.295705263424528
0.0464918549659861 0.2541022103071 0.0576909741823932 0.299661591187525
0.0469161429109569 0.259687096693262 0.0488431216004269 0.265595553715305
0.0525901327186936 0.252227581160056 -0.0113040644645027 0.214127767154581
0.0706900467039607 0.263501439166595 -0.0722249611890322 0.135239067009825
0.0876642958123262 0.255960051204467 -0.166451461098787 0.0921630566026541
0.202877827985551 0.22725598026247 -0.231677084223707 0.0300487068871942
0.24082995037829 0.174290221966945 -0.402557042958811 0.145939184945893
0.162998665331975 0.0272180936738709 -0.197986641926542 -0.509325435579725
0.164739404913931 0.0480999367649411 -0.235830660142882 -0.356160002444554
0.14793369606214 0.0604626672162036 -0.162253941148295 -0.226670005161118
0.125222033743948 0.0837103030432799 -0.0320978831861684 -0.126878298903691
0.10526377158512 0.104914584071145 0.0318076451401049 -0.0576539433909861
0.0905922846738577 0.117107496679481 0.0582525102946978 0.126403232262531
0.0607063581649809 0.11003324453475 0.0861144843061972 0.300068285424077
0.0411364423236866 0.112466604311249 0.0651218492182572 0.365785409418565
0.0292466867304448 0.119611299637885 0.0327120751407573 0.341696492027378
0.0218115778382312 0.123365774442411 0.00522375979578989 0.263986170366159
0.0166411001752269 0.114114750007452 -0.0459419941341243 0.192033217239576
0.0200396601422085 0.11848853524049 -0.0882994902290606 0.117089041638412
0.0269727714737119 0.11635144584928 -0.162179751706813 0.0607649249242673
0.10799864783475 0.110279138996532 -0.22087222180655 -0.0118614994650212
0.127141623889616 0.0752580966217455 -0.430484887640819 0.10203542107143
-0.0383535048292427 0.0085522517972268 0.471441401263499 0.00895017444582042
-0.0541295924755948 0.00298355576178439 0.207518985924442 0.0328220389685573
-0.0543126701260355 -0.00655797774423925 0.181370474507829 0.000509694095872889
-0.0411021951649712 -0.0061775898186039 0.121371024002304 -0.0890531918154742
-0.0475838351607284 -0.0169556745162858 0.0950661646379978 -0.125945904697495
-0.0482134416514889 -0.00493277968457516 0.0800486073242518 -0.218243439000735
-0.0400738074199368 0.014611290128005 0.0477983718157574 -0.31204026291404
-0.0169924890402635 0.030016992372106 -0.0221471904440554 -0.376672092162777
-0.000915093773036619 0.0370460656644651 -0.108402553578247 -0.330881960669139
0.0182822754774441 0.0357038900563899 -0.125262737932989 -0.154046171618552
0.0296389932759318 0.0289405458271155 -0.0964774454236045 0.0228870881513558
0.0306447578507679 0.0326011219797271 -0.0369164877441062 0.135427560119135
0.018773922021965 0.0379640883418936 0.0950451158552711 0.223241829275453
0.00487875753660115 0.0397818901612031 0.167791455303801 0.37204550781405
0.00542481333310393 0.0393713898066055 0.132482326092015 0.560098772932225
0.0386353376051397 0.125760709343517 0.462010357307999 -0.0189732949954443
-0.0387880686900042 0.109211072407222 0.212297589975227 0.0269891121323375
-0.0960855331219269 0.0954175354195944 0.190142125668322 -0.00497773718019703
-0.0916841769439529 0.0900609018888578 0.127320486048993 -0.0945593758279588
-0.0963146905389327 0.0773901791598323 0.0907087805340333 -0.131546365147225
-0.0954948196016599 0.103257074372807 0.0635904327737659 -0.216313504828187
-0.0715190437600588 0.145600952578319 0.0305077129766889 -0.28730810319733
-0.00873140488957391 0.176753644359112 -0.0223022976471778 -0.333577267361523
0.059497085416162 0.190383784064403 -0.0955204558349438 -0.284781385229272
0.126725402025795 0.183987232268768 -0.112133011342431 -0.124330112147255
0.172953258758816 0.157248658600578 -0.0885982289883323 0.0287722818640172
0.186228619760222 0.152431040947549 -0.0318812137310127 0.12657824771019
0.186971738236614 0.139523609493481 0.0840557250085733 0.215740629511738
0.200800240148552 0.136235734815917 0.130453675197227 0.335406853662478
0.190672815225353 0.135360771046552 0.0868589541865016 0.523715004705849
0.123006041027103 0.227781362111632 0.435178086355521 -0.0891064020629428
0.00495974603948825 0.224163154865158 0.234757256444086 -0.0163801863750348
-0.0978865858929508 0.229017270177521 0.211396197667585 -0.0340645863287062
-0.113279366876478 0.227198226410672 0.138752043429624 -0.118378398875107
-0.118982767177097 0.209639653274852 0.0761747225963768 -0.155188473356592
-0.114946242009094 0.229796003284142 0.0219020096220769 -0.209569182373476
-0.0824889284750955 0.264454063069258 -0.0088756663008851 -0.228296392748842
-0.000448993827579638 0.295626145087394 -0.020454302800279 -0.239305008932098
0.103326033356357 0.317563155470146 -0.0494499716516453 -0.193547548856605
0.207308019099155 0.315952502672189 -0.0594193384836661 -0.0686887035986469
0.286673720308188 0.281052366413547 -0.061280116611774 0.0461943848433239
0.316735409961436 0.270179144895741 -0.0315689692716949 0.122427341598535
0.324355229769598 0.239904545491203 0.0400368336408197 0.208431301977247
0.357087602126655 0.224675669460909 0.0438704280903352 0.292702894509244
0.33567759414571 0.215525448795786 -0.0202571019806542 0.463831829346191
0.210410799254816 0.291489249233644 0.374588804428658 -0.196200661480166
0.0942686017610164 0.319269273679092 0.232638569454703 -0.107534473840285
-0.0197921960247139 0.362612152565369 0.207004960288396 -0.100003125768387
-0.0565420641131498 0.377976632801846 0.127546667079516 -0.159593288490684
-0.0760715629139819 0.358425954285447 0.0457624700239052 -0.171584271902012
-0.0848715308137752 0.353569048777022 -0.0307031224066698 -0.172904282202413
-0.0620239899660537 0.352995582259835 -0.0492039306560874 -0.131975894676502
0.00903526425731837 0.368604442820628 -0.0178231500463008 -0.111135513261734
0.110788827391013 0.396251038302575 0.00601082350392391 -0.0687725562092028
0.223324988949544 0.41227793472564 0.0110679290932101 0.0137380299264147
0.320463392075636 0.390028474980771 -0.0211702146603589 0.0818943498672422
0.365971589877261 0.380312833644835 -0.0395012981042438 0.123710474653347
0.381567971713223 0.341747412514399 -0.0308762962174418 0.190000165549082
0.432791775601655 0.306214775541296 -0.0712370380172701 0.233455428431175
0.404008114022299 0.27489362164242 -0.155735422070385 0.378630410846478
0.283745915019114 0.300820012152061 0.266572037069742 -0.312845011886147
0.20198645012507 0.348533225651593 0.168657134234301 -0.222973761931175
0.113741599951114 0.416655373272304 0.143644270294821 -0.18298960817706
0.065593776429411 0.453727701315428 0.081012381568503 -0.188649152618417
0.0286991408411408 0.441680896393425 0.00901801639467236 -0.157214081319538
-0.00620569720919751 0.421614247386621 -0.0657998982611322 -0.0937564777494706
-0.0162517373616484 0.387117791286369 -0.0681869601163871 -0.00561325415245014
0.0154084028779241 0.385389482497876 -0.0128005020420259 0.0344116549314626
0.0811660859210146 0.411865083143663 0.0440969402470826 0.0718926458068092
0.166956647055184 0.439631963599635 0.0603775563822699 0.116476321546745
0.248383105319381 0.436853239316743 0.00746979600389314 0.135527224636693
0.297333308350949 0.441934089411073 -0.0524150690701664 0.125027187298334
0.322719426192595 0.40237828042607 -0.10604940362981 0.152416516001828
0.40210578052452 0.352935495605418 -0.174099958954249 0.151461682781678
0.389814145694328 0.299431892556542 -0.283662719444098 0.273041041859799
0.307660532540569 0.249374345721622 0.121074655717654 -0.411062676921596
0.267614201672615 0.292689295545 0.0476949790107477 -0.315733619111316
0.217992717468605 0.35268688257112 0.0361777286606207 -0.236726780438509
0.168466908149827 0.397407229260605 0.0235898346790037 -0.18194782471165
0.123996016707641 0.405133835957392 -0.00773897994799885 -0.114373906600606
0.0718799911240668 0.392133791203002 -0.0588075049401506 0.0051106806491469
0.0318217633097112 0.351233525471852 -0.051898151468985 0.12437169441258
0.0228274700372383 0.341864986164202 -0.00701813545690997 0.173637959250268
0.0390761232467595 0.355479866240642 0.0469718863545349 0.199954024331081
0.0759884928485552 0.379040322870389 0.0604040141879275 0.206043227228196
0.115160637233608 0.382951467253304 0.000744539155978698 0.184101139757689
0.154810078215891 0.397799934213847 -0.0702786973757355 0.12315366854067
0.185173243060445 0.375668490128263 -0.156343090615541 0.101422822566942
0.292662707182759 0.332500289100432 -0.232205746289656 0.0620910293275367
0.313928153322168 0.27360189783423 -0.373383102198211 0.16845598567898
0.261703370814715 0.155247094412893 -0.0231468970497901 -0.468162200951828
0.247222775249604 0.184646099066518 -0.0844253484195451 -0.35593788761708
0.219349993348687 0.218288943156093 -0.0658808716004609 -0.242638458846781
0.181315333761966 0.254891765756952 -0.0124815288737423 -0.148870810204448
0.143755797563566 0.274812542299852 0.00419157301912617 -0.0697791425713904
0.103183134399378 0.277122754592243 -0.0151117713773098 0.0874879101471847
0.0559124040446356 0.253458897883707 -0.0069376494816548 0.231209900554002
0.0259458162386564 0.246788049064868 0.00297688732421902 0.286372417959757
0.0125641537818067 0.24874509621261 0.0208654059240132 0.288103504423231
0.0117275031858955 0.254892058600194 0.0208628171952822 0.25160979737166
0.01741328687436 0.249472312397442 -0.0340571502644807 0.197578611116908
0.0364467612244625 0.262222829745449 -0.0875949573283578 0.113753363367013
0.0599127288209544 0.259500855944989 -0.170235399539476 0.0580697676859848
0.170879809736748 0.244159757766151 -0.235581585889257 -0.00821647392643374
0.213460603730216 0.199264460591503 -0.419252001428388 0.0866038699645739
0.147828757172554 0.0478037818403819 -0.129374946577402 -0.487040392627446
0.145644549707237 0.0697465477754057 -0.180053730434001 -0.356068095525766
0.130025546274282 0.0782505732712623 -0.127579802272507 -0.222978150621351
0.105384007347493 0.0984837477530614 -0.019765380783307 -0.115658557001244
0.0834355641020975 0.11718844792921 0.0288021536073841 -0.0435488530919234
0.0684109669851114 0.122972789541567 0.036016663571523 0.134504542576143
0.043209891544047 0.113576491430966 0.0429970460398729 0.295493164145465
0.0248170483700387 0.114710578893337 0.0159507316542177 0.357108168428854
0.0147418471461643 0.11754839086065 -0.0102335958633987 0.329382420575257
0.00580997496049711 0.120606990542215 -0.0241702207872352 0.249328669909467
0.0014996502562596 0.111774414733365 -0.0649186369492388 0.177063031019452
0.00564834775875632 0.116837479095931 -0.0989767591110959 0.098446914645088
0.0160424183377069 0.118966095450374 -0.162403386285666 0.0340152254789074
0.0926151135583994 0.121046817443663 -0.214830717587432 -0.0437198668432176
0.115581269986279 0.0895830356447884 -0.434018186500169 0.0405653435924432
-0.0377165932918992 0.00661525123884102 0.455515162510887 0.0222879644074455
-0.0514006695680173 5.50536650299276E-05 0.202325169504902 0.0402643250923212
-0.0532345481873496 -0.0069435170904016 0.17675940085417 0.00382521960890065
-0.0392814884622338 -0.00610224327661211 0.118198432045241 -0.0846967760985505
-0.046459825417794 -0.0177504561675868 0.095034712379396 -0.121747649559198
-0.0480102271193421 -0.00630798770701122 0.0826575172095826 -0.213778925247072
-0.0384516584208398 0.0125788588615032 0.0571550607707322 -0.304190909072751
-0.0166307526092919 0.0272899857699831 -0.00928178576704151 -0.371201115316438
-0.00103137715476976 0.0365272465150553 -0.0985177981514949 -0.328281198977237
0.0169236487862218 0.0348991824146562 -0.120292878036035 -0.157370140315389
0.0284703950947587 0.0283804120651042 -0.0950275968134478 0.0162457757955647
0.0297536184735757 0.0317842765006226 -0.0392643943295428 0.131429822859685
0.0178609731850787 0.0363887730876682 0.089057952689986 0.221360279648641
0.00413045641375805 0.0385397879736733 0.157427722143391 0.367197516175709
0.00529263278545337 0.038780429833186 0.120783868056799 0.548332429087659
0.0355464065092277 0.123848635991771 0.448928530204909 -0.00400185037452387
-0.0397607681023805 0.105470985389964 0.206566416436124 0.034533661912222
-0.0961020475618048 0.0928059778669618 0.183980220857596 -0.00203861561510362
-0.0909117658572928 0.0877741418462153 0.124497282116017 -0.0895345395537501
-0.0955683263469625 0.0747682663693613 0.0904036372671403 -0.127146359378956
-0.0958491614723794 0.100489502000348 0.0660516772843991 -0.21166013870636
-0.0720170235522972 0.141508128177828 0.0389699772728768 -0.279789828927559
-0.0125106510589876 0.173125143982094 -0.0118552207223215 -0.330116139697316
0.0537039510460136 0.189081977824312 -0.0853810679775771 -0.283486090620408
0.120255506698483 0.183368075657347 -0.106930536201896 -0.126759284821087
0.165834789454087 0.157307295644608 -0.0884549691677707 0.0233141300212784
0.179795169490014 0.153401400374089 -0.034112684793928 0.121923544461455
0.18118915365422 0.140209527199994 0.0797908516422416 0.212705072617027
0.194940558545891 0.137623629345265 0.1206516815211 0.331356017803448
0.185356930025291 0.136253122270296 0.0762312289057717 0.511918516117929
0.114966848297028 0.226332278807006 0.425240542846167 -0.0754958762660776
-0.000413755524835913 0.219143640975601 0.229409484612918 -0.00741954172864719
-0.100279395586373 0.224358401523442 0.204474215507943 -0.0302312764441852
-0.113890585568046 0.221800377704034 0.135173598004349 -0.113246324738373
-0.120172996115019 0.205022066992524 0.0769282537387512 -0.149495873485459
-0.117751299722221 0.225293023776158 0.0249133103245804 -0.205912965209215
-0.0865816283043698 0.258878211189821 -0.000976276012596559 -0.22249894788504
-0.00694200423679195 0.290813732820466 -0.0128954270348585 -0.238119153256038
0.0941782469158839 0.313300932446476 -0.0428938762221914 -0.195289706940734
0.196463810392241 0.314874757993848 -0.0556250748676783 -0.0718193292870505
0.27465752578584 0.281551537114369 -0.0611490326323026 0.0419007606099251
0.304268756966977 0.271551101234634 -0.0351363519698782 0.117637363625586
0.314743921647618 0.243202059393199 0.0362659079623753 0.203861417361483
0.346820636485249 0.228193276926379 0.0357826273448457 0.287218296522525
0.324431425645212 0.217671864541889 -0.0266213324418574 0.45037726998054
0.199817171501579 0.291924345411385 0.367150721836243 -0.18095072530961
0.0852906159621465 0.316848397768567 0.22948909384309 -0.0977652241082301
-0.0260002159207605 0.357227030247861 0.201714806887611 -0.0956994513885151
-0.0624169929625889 0.372261306846276 0.125668498486306 -0.151845603446425
-0.0800941538977115 0.351519909612786 0.0481582424495357 -0.164490992777059
-0.0892127459975279 0.348188111783287 -0.0271384197911034 -0.170687572795336
-0.0695470451529967 0.347019677460903 -0.0425776390280731 -0.12877465669177
-0.000995545934887706 0.364593768524325 -0.0134173133583793 -0.111491179337747
0.0982837994575636 0.392069970465169 0.00859225605891026 -0.0714778333083522
0.212220851300027 0.409027278977398 0.011380995140305 0.0112184635022731
0.305508658045103 0.388367153068056 -0.0220689416376658 0.0798313436857
0.351473873219873 0.38127364264121 -0.0413511433196427 0.117766997702197
0.370725880926968 0.345048455840842 -0.0316771338039321 0.184148356445056
0.419554304412367 0.309415739254959 -0.0745485683246124 0.226861110998089
0.388651237693826 0.277483966553822 -0.156099832311022 0.36215885665391
0.26925440523498 0.301609710858671 0.265734306378247 -0.300125264681556
0.190739576971331 0.348295997695948 0.1697342702179 -0.213271649305529
0.104128401229124 0.414893387597026 0.141690495998986 -0.178404894660839
0.0553939455202707 0.448637284887657 0.0819950692435262 -0.18100885154332
0.020196542877635 0.436095301645526 0.0119667329000995 -0.150538120890744
-0.0141857632593322 0.415839179019524 -0.0628752665620531 -0.0924810846122946
-0.0268763670709684 0.381792687492104 -0.0651584705746511 -0.00501299007403274
0.00584302501503934 0.380180699278109 -0.0140480441773343 0.0322822656913378
0.0687442214013393 0.404619867745945 0.0426882559004044 0.0666539150873819
0.153851264266751 0.435932845726161 0.0583742773268056 0.112568812636451
0.234933974684689 0.436481656444602 0.00522386392816808 0.133940834900065
0.285179001714548 0.439841470804641 -0.0547783886835145 0.118933513919931
0.311456802456977 0.403466402278202 -0.104764307421659 0.14614644633921
0.389540230087427 0.354789607153945 -0.174175761247127 0.143799832057234
0.373293835883455 0.301908990119628 -0.279145467757801 0.256079422869785
0.296088567685648 0.253256427283143 0.127041683807902 -0.400777923542121
0.254009982945814 0.295681053430201 0.0528727453978995 -0.30863332888127
0.204772538110358 0.3547540640329 0.0374815752640374 -0.233235775375167
0.15783149756408 0.395056892175348 0.0259911229449264 -0.175432897014341
0.115024887149046 0.40208804910366 -0.00500780709475141 -0.108492887470404
0.0631511988568941 0.388596826531144 -0.0589502612817064 0.00575662321910202
0.0215523500784285 0.348966045996695 -0.0534866379601407 0.123472390465687
0.0124264523241834 0.338984152768902 -0.0113939342360557 0.169595935875209
0.0308941284896528 0.350970350946834 0.0419357440103377 0.193126093179559
0.0665605688765711 0.375971011434271 0.0570704360005532 0.200898341438498
0.105204783929091 0.381484357167646 -0.00212530841972706 0.182083594553743
0.144610767775261 0.394554468198067 -0.0711639011621954 0.116761895013429
0.175951046916618 0.374793595629999 -0.152963759302423 0.0959762138704069
0.280519459582661 0.334057449701816 -0.226398322078826 0.0541168563477395
0.300960215307418 0.275294741846093 -0.364565535230413 0.150365925157963
0.252054238632667 0.160546972022823 -0.0143094862256927 -0.459798410533902
0.236930486196416 0.189571376087184 -0.0752423418082173 -0.352264000481131
0.21088833368595 0.22022504391307 -0.0629207193742247 -0.241303509003278
0.172504658818209 0.255236344435502 -0.0087059934164103 -0.145005554992852
0.136806556898979 0.274033818045062 0.0053239015968965 -0.0642479973335535
0.0956477275911429 0.27635025649824 -0.0175697061450463 0.0881150445177694
0.0476273077333156 0.251167942996503 -0.0138393931435856 0.230226965976505
0.0176889727712504 0.244085812894865 -0.0050627381021598 0.28144888762676
0.00616473290339556 0.24450572618644 0.0140424738424724 0.280689489144229
0.00651600738620213 0.252382689573451 0.0160228152566299 0.245217811045542
0.0117059890059026 0.247375248502467 -0.0354503733149649 0.194202299652318
0.0303406317711055 0.260277366169417 -0.0870504794460048 0.107079298860289
0.0549167630753256 0.259026894426188 -0.165173017250953 0.0524957707315887
0.164371227749071 0.24331775996841 -0.228838351412827 -0.0143170316966345
0.20283545615593 0.200897720913872 -0.407175692190638 0.0677578953632116
0.143218263967777 0.0524585974934727 -0.117110217561866 -0.479966778926565
0.140980791334304 0.0746106909119704 -0.170288506679637 -0.353933140071061
0.126159482959743 0.0809575250414276 -0.122503731504202 -0.221541184956623
0.102091987193635 0.100224747923449 -0.016287437485308 -0.112525754505306
0.0795886988621747 0.118175305914203 0.0278878596786637 -0.0376966591075746
0.0657217260632848 0.12411626888464 0.0312502485575019 0.135881156990044
0.0383045539678292 0.113500763065308 0.0340217615196337 0.292664474819643
0.0204032536718828 0.114545604689752 0.00545725404838678 0.351087892789838
0.0112119371832036 0.117249071826178 -0.01910321788297 0.321633473345741
0.00339267279759652 0.121478174816955 -0.0271359301677923 0.242520651604835
-0.000957944377382138 0.111382306648892 -0.0652649898488736 0.173883490373231
0.00217623537912408 0.115533102327424 -0.0976290949351989 0.0919109682388993
0.0140923427255385 0.118707856823371 -0.157077401561867 0.0289738202516843
0.0893083660098987 0.121170092929557 -0.207834981244142 -0.0484632846177565
0.108822766526506 0.0916929428698345 -0.419880058116829 0.0252301780929992
-0.0384348805154119 0.00535088691172201 0.45915452900322 0.0396822794248655
-0.0514341832925169 -0.00327655179402119 0.204038363315511 0.0506597998937969
-0.0535161481294853 -0.00920338663624468 0.178983038285759 0.00911032569821185
-0.039352342576535 -0.0067064797130527 0.121193838235648 -0.0831203664701653
-0.0469337089392797 -0.0192758235351962 0.099862613324448 -0.122880268003536
-0.0485230010028733 -0.00791755174288405 0.0909058355141594 -0.216569265387597
-0.0384032161052218 0.0105895958879301 0.071703976811731 -0.307335155123951
-0.0169496459010252 0.0262775163181715 0.00514647677456125 -0.38039523637086
-0.00232550011711848 0.0373550639109072 -0.088978613365525 -0.339336651739889
0.0164136977879119 0.0356717895545047 -0.119187090848741 -0.168026659834627
0.0284543356117391 0.0286929878531851 -0.0980458718093237 0.0103276248328689
0.0293169573178943 0.0319223157686026 -0.0444377285039164 0.132958147841997
0.0182285590065324 0.0366376082794982 0.0835903281725175 0.227803806072101
0.00348668391278947 0.038883172313048 0.148699375043497 0.37987953658219
0.00517669746433088 0.0384007073657372 0.108484650053337 0.560833285747485
0.0325954397725228 0.126608967593973 0.453330133345145 0.0132733327876923
-0.0432857808700677 0.104947933588647 0.209637211555376 0.045361678418007
-0.100033214014764 0.0926774345102674 0.186241007211998 0.00336861235648743
-0.0935441678323778 0.0875580744043711 0.126745967076347 -0.0872684216616924
-0.0992806170510019 0.073767351527051 0.0945162844149787 -0.125980257353915
-0.100315217385595 0.101442869145694 0.0733770867423221 -0.214393599292957
-0.0773833988414291 0.142348176880533 0.0517811824788767 -0.283398068555116
-0.0185987895199138 0.175846813778983 0.00173088811367805 -0.339297534296378
0.0499720216551179 0.194480819061142 -0.0769364987944084 -0.294427640177896
0.116250300789148 0.190608866273103 -0.105526247133379 -0.13549867102489
0.163826390802551 0.164966221091948 -0.0911117341608355 0.0180967809153932
0.179740090182438 0.161543514951289 -0.0396732050036147 0.121717550298345
0.182106945016511 0.149012190261966 0.0753319961117698 0.219179345946724
0.195334274872623 0.145809302508528 0.113401082866168 0.340480090924403
0.185325089340782 0.143870377475412 0.065099830620799 0.522975446993834
0.110139927237483 0.234424559613966 0.433439482969125 -0.0599118948947164
-0.00692402277312266 0.223775209906166 0.233192183660789 0.00193631303275913
-0.108654156010507 0.226757586545543 0.20728485616426 -0.0255308304132609
-0.121154315606298 0.224313978468295 0.138724264788787 -0.109591400311509
-0.126910114673576 0.207150370820628 0.0825977312415632 -0.1496004602603
-0.125821061990788 0.228357226009882 0.0310917856755682 -0.209456429762881
-0.0964440651106793 0.262150734479494 0.00969523327034871 -0.22532482444002
-0.0180337709849408 0.297831171189538 -0.00341277120984787 -0.245891039913481
0.0864237467489049 0.323617033036749 -0.036881762491529 -0.204240502418003
0.190358328363903 0.327864773575781 -0.0532893305929494 -0.0769903779479231
0.271155689576959 0.294650116770868 -0.0641580130191451 0.039065572807086
0.304012873899809 0.28634034120976 -0.0400788417227665 0.117049422688617
0.316112192454571 0.25836836578475 0.0325574127723368 0.20803302269224
0.349566163519471 0.243472230102784 0.0272210117447211 0.293197975537971
0.323721334593788 0.231350944871928 -0.0385522626653724 0.455226726968978
0.194046561503372 0.30446466725981 0.37899677026659 -0.173035761654724
0.076557743191781 0.326444089193898 0.236462361883931 -0.0887756288047237
-0.0374472187165333 0.365874520338323 0.205265815182982 -0.0926355016093712
-0.0738980255542157 0.379185620700822 0.130357529459145 -0.149314574149882
-0.090976661379341 0.358490081648138 0.0543842985786665 -0.164032245325092
-0.100526549929987 0.355553224694267 -0.0226415971400185 -0.173827334767422
-0.0822365078070347 0.353575884223057 -0.0370210162563118 -0.130182878509682
-0.0135920404029349 0.373894386457242 -0.00956465482063982 -0.11543668321135
0.088015864046297 0.403935669122186 0.0112391759533409 -0.0782737359440276
0.203115060376471 0.426884925008447 0.0136198205623169 0.00898110605718263
0.299428797911727 0.405472071232856 -0.024830595577401 0.0805844478224147
0.348662784863573 0.400184957009649 -0.0476105356480508 0.116282244282422
0.369514015906468 0.362586061268524 -0.0355824503137535 0.186005117422285
0.42072877482816 0.329864237924964 -0.084078133028787 0.227801465589548
0.386531409692813 0.2942253852389 -0.166858013717888 0.362350697565432
0.265243829727912 0.317834784263292 0.277793216580954 -0.298172323700535
0.18250268881748 0.363884007411422 0.179756747506607 -0.211342919660596
0.0933732530656576 0.429134688044168 0.146375099814217 -0.179069279632641
0.0443306861235486 0.459640320410261 0.0877801940649512 -0.180157571293429
0.00963538906333177 0.448114454663392 0.0185708735283698 -0.149236307031523
-0.0257136971961079 0.428168033032756 -0.0621672208857993 -0.0942341597279844
-0.0398927087753213 0.391525203073967 -0.0642495971491163 -0.00409709731757945
-0.00847288339940817 0.390850877600569 -0.0157639261769429 0.0317449166791771
0.0578404814924692 0.41540816632662 0.0416089768855088 0.0654542666628533
0.144587043617216 0.452320049504305 0.0585086932342443 0.114053586803229
0.223224270165187 0.45226086306543 0.00188000015733083 0.138347480527571
0.277599365671561 0.457683377507056 -0.0594727532298062 0.116815071179182
0.308360524089582 0.422990234836005 -0.108032288499152 0.144910560398511
0.388900041637003 0.373984983928306 -0.181459996983562 0.140073374031444
0.368937930663152 0.31975153872647 -0.289314591741579 0.24816341837458
0.291947217716534 0.269591286111061 0.141030658501879 -0.404971663585527
0.250381597546438 0.313770108319157 0.0624958259415702 -0.3129010154724
0.19934268568238 0.370238194950957 0.0414415137831503 -0.237278523608846
0.150213658593466 0.409041975198027 0.0318613520646412 -0.176699825595902
0.105441590227097 0.415089653832371 -0.000529452683423724 -0.106357446926131
0.0538737463200045 0.400946358219754 -0.0619889910985767 0.00694365533830994
0.00965646317903163 0.359036912938511 -0.058988742285436 0.128169430459706
5.25594259278518E-05 0.348371156022708 -0.0186308169487242 0.171989802155861
0.0188999041437473 0.360161142949292 0.0363169173544274 0.193818065505077
0.0571008629128618 0.38750181181396 0.0539248719214234 0.204893615333709
0.0953444260379494 0.392773917454044 -0.00531729191203409 0.187986117388166
0.135829572713396 0.40729295192577 -0.0763974279732253 0.114159621524849
0.172158779287624 0.389673646290968 -0.155526781198553 0.0919242979507476
0.278151527516696 0.350043792949359 -0.231300358706493 0.0461929690310124
0.294871994044695 0.291678902545985 -0.371653387408106 0.136525133047404
0.25023084325777 0.172834350113634 -0.00126940387799987 -0.469807959627293
0.234629221443184 0.204286175325568 -0.0674102632879825 -0.36225193900081
0.208507035088294 0.23404547765695 -0.0593234717713033 -0.24858406288143
0.169048732550325 0.266148757280993 -0.00413039428522864 -0.146604849641154
0.132339665276749 0.28576097936174 0.00720261110017998 -0.0599026280687733
0.0896723442453788 0.287282222611004 -0.0233020197612469 0.093785634766097
0.0386611708495264 0.260390155540107 -0.0220612980150573 0.236287527870561
0.00873794400669067 0.252165260001446 -0.0171119966608373 0.287282541269246
-0.00210454313071049 0.251178937495029 0.00461473862315842 0.284627402687841
-0.000962207847948546 0.259797379536851 0.0107594848683064 0.248727643780839
0.0036685144136818 0.254961215950389 -0.0398229755794954 0.199357549015995
0.0235673648146587 0.266853326490403 -0.0915776614411539 0.104218038149475
0.0506168701164722 0.267426715541234 -0.167060782522957 0.0478163960790145
0.161207500825776 0.253596263104592 -0.230584793548268 -0.023762329460228
0.198076105574992 0.212615461708652 -0.411392016764256 0.0513726728136827
0.143034571169127 0.0598895354123903 -0.106847952034311 -0.495396962876702
0.140749774099297 0.0833584957148788 -0.162863018034464 -0.366487712517359
0.127028588578876 0.0886214652530896 -0.120754148894264 -0.230397597428591
0.100947252113174 0.105374369923263 -0.0124222428117032 -0.114092392673066
0.078888013128774 0.124496106475759 0.0285512665264915 -0.0336078047143297
0.0625263496357501 0.129855329163052 0.0259929849802864 0.143412820814107
0.0339692728437022 0.119358567925597 0.0231087807189356 0.302084744902641
0.0159857579179235 0.118926346448016 -0.00835416371119713 0.358980599720451
0.00796298919172496 0.120317439520885 -0.0300531845916882 0.325386141575304
0.000846704846715003 0.124991572671501 -0.0344180341143288 0.244374848596622
-0.00483687475536221 0.115560756544815 -0.0691129452783825 0.177110572833749
-0.00148030896966645 0.118987121282878 -0.100670982657941 0.0897291715628264
0.012421313709143 0.122994049930985 -0.159066080257796 0.0243252886218008
0.0883422787262589 0.126717127046771 -0.207791077644019 -0.0573931872386123
0.106047246187142 0.0980084904347545 -0.422637237454662 0.0053826120881391
