TRXV5
3
4
4
9
string Extension=J
integer IsArchMeasurement=1
integer IsSpherical=1
string Generator=SPM
string GeneratorVersion=1.3.1 Dev
double ArchRadius=0.449999988079071
integer FrequencyAxisIndex=0
integer AzimuthAxisIndex=1
integer ElevationAxisIndex=2
Frequency
5 136 690000000 960000000 LIN
Azimuth
7 8 0 2.74889357189107 LIN
Elevation
7 15 -2.74889357189107 2.74889357189107 LIN
Polar H Real Part
13
Polar H Imaginary Part
14
Polar V Real Part
13
Polar V Imaginary Part
14
Polar H Magnitude (dB)
12 0xC0000002 0 1
Polar H Phase
7 0xC0000003 0 1
Polar V Magnitude (dB)
12 0xC0000002 2 3
Polar V Phase
7 0xC0000003 2 3
0.0089569091796875 -0.00206089019775391 -0.064239501953125 0.123634338378906
0.00767660140991211 -0.00414514541625977 -0.0614509582519531 0.0625801086425781
0.00652551651000977 -0.00449085235595703 -0.0331993103027344 -0.02239990234375
0.00512838363647461 0.000220775604248047 0.0199432373046875 -0.0844192504882813
0.00105434656143188 -0.0010218620300293 0.102592468261719 -0.118431091308594
-0.00771665573120117 -0.00217247009277344 0.149429321289063 -0.16748046875
-0.008758544921875 -0.015045166015625 0.132431030273438 -0.198471069335937
-0.0127983093261719 -0.0118522644042969 0.0697021484375 -0.177459716796875
-0.0246028900146484 -0.00781822204589844 -0.0122909545898437 -0.134292602539063
-0.0267143249511719 -0.00713157653808594 -0.062103271484375 -0.0683021545410156
-0.0237464904785156 -0.00426673889160156 -0.07281494140625 0.0213851928710937
-0.0172948837280273 0.00150012969970703 -0.0286712646484375 0.0822372436523438
-0.010869026184082 0.00701904296875 0.0413589477539063 0.119132995605469
-0.00816726684570313 0.00941085815429688 0.118118286132812 0.147415161132813
-0.00552749633789062 0.0104408264160156 0.137008666992188 0.168548583984375
0.00879669189453125 -0.0728302001953125 -0.058929443359375 0.111839294433594
0.0304794311523437 -0.0771942138671875 -0.0544090270996094 0.0473442077636719
0.0531883239746094 -0.0689964294433594 -0.0315132141113281 -0.0242900848388672
0.0659103393554688 -0.0491142272949219 0.0243606567382813 -0.0890731811523438
0.0672340393066406 -0.0396614074707031 0.0958480834960938 -0.122909545898437
0.0618324279785156 -0.0504531860351563 0.1385498046875 -0.170501708984375
0.0481338500976562 -0.072479248046875 0.124862670898437 -0.188217163085938
0.0368499755859375 -0.0704803466796875 0.0677947998046875 -0.161865234375
0.0109100341796875 -0.073089599609375 -0.00556945800781249 -0.121452331542969
-0.00941467285156251 -0.0757522583007813 -0.056610107421875 -0.0625343322753906
-0.0200881958007812 -0.06640625 -0.0674858093261719 0.025634765625
-0.0264167785644531 -0.0551376342773438 -0.0294418334960938 0.0855484008789063
-0.0167579650878906 -0.0475807189941406 0.0370101928710937 0.126487731933594
-0.025390625 -0.0470962524414063 0.107467651367188 0.150314331054688
-0.0290794372558594 -0.0446090698242187 0.128768920898438 0.165740966796875
0.00384521484374999 -0.131111145019531 -0.0590362548828125 0.0746078491210938
0.0385589599609375 -0.139427185058594 -0.0432853698730469 0.0111961364746094
0.075775146484375 -0.129371643066406 -0.0223960876464844 -0.0379486083984375
0.101638793945313 -0.105178833007813 0.0277328491210937 -0.096160888671875
0.110626220703125 -0.088592529296875 0.0804061889648438 -0.12298583984375
0.111785888671875 -0.101318359375 0.1109619140625 -0.160263061523438
0.092803955078125 -0.121940612792969 0.101348876953125 -0.155654907226563
0.080963134765625 -0.118354797363281 0.0559616088867188 -0.1224365234375
0.0485992431640625 -0.127357482910156 -0.000442504882812501 -0.0876846313476563
0.0188446044921875 -0.133949279785156 -0.0492477416992188 -0.0395736694335938
-0.00290679931640624 -0.123451232910156 -0.0571479797363281 0.037353515625
-0.0231399536132813 -0.112655639648438 -0.0287857055664062 0.0880813598632813
-0.0117874145507812 -0.102607727050781 0.0250625610351563 0.12921142578125
-0.0329437255859375 -0.104270935058594 0.0831451416015625 0.14276123046875
-0.0421524047851563 -0.0970458984375 0.11175537109375 0.143295288085938
-0.0078887939453125 -0.165924072265625 -0.0648307800292969 0.0196647644042969
0.023284912109375 -0.179351806640625 -0.0395851135253906 -0.0377998352050781
0.064239501953125 -0.173690795898438 -0.0161056518554687 -0.0555343627929688
0.10003662109375 -0.153762817382813 0.029052734375 -0.0993576049804688
0.118843078613281 -0.135650634765625 0.0595169067382813 -0.108695983886719
0.129348754882813 -0.147872924804688 0.0746688842773438 -0.128074645996094
0.11627197265625 -0.15887451171875 0.0676498413085938 -0.104995727539063
0.114013671875 -0.146896362304688 0.0333633422851563 -0.0665359497070313
0.0877838134765625 -0.159088134765625 -0.00455093383789062 -0.0356521606445313
0.05963134765625 -0.17193603515625 -0.0438995361328125 -0.00191879272460939
0.0343017578125 -0.164596557617188 -0.0474662780761719 0.0581512451171875
0.000564575195312486 -0.16278076171875 -0.0287399291992187 0.0890350341796875
0.0100555419921875 -0.151275634765625 0.0100021362304687 0.122543334960937
-0.0230255126953125 -0.155136108398437 0.053192138671875 0.118057250976562
-0.0429000854492188 -0.140357971191406 0.0909423828125 0.102958679199219
-0.0204010009765625 -0.17120361328125 -0.0815505981445313 -0.0391693115234375
-0.00108337402343751 -0.18701171875 -0.0496444702148437 -0.0836105346679688
0.0326690673828125 -0.180770874023438 -0.0180206298828125 -0.071533203125
0.069580078125 -0.171188354492188 0.0273666381835938 -0.0949172973632813
0.094268798828125 -0.158340454101563 0.0453872680664063 -0.0809173583984375
0.11370849609375 -0.17138671875 0.046966552734375 -0.077545166015625
0.115081787109375 -0.172027587890625 0.0358505249023438 -0.0393180847167969
0.128326416015625 -0.152679443359375 0.00337958335876466 0.000176668167114248
0.117202758789063 -0.163162231445313 -0.0215015411376953 0.0274829864501953
0.102127075195312 -0.17559814453125 -0.0513801574707031 0.0463027954101562
0.0833587646484375 -0.173675537109375 -0.0430374145507812 0.0830078125
0.0430755615234375 -0.185958862304687 -0.0260009765625 0.08660888671875
0.0464630126953125 -0.174240112304688 0.0011444091796875 0.101783752441406
0.00187683105468751 -0.184219360351562 0.0313568115234375 0.073699951171875
-0.0321807861328125 -0.164535522460938 0.07470703125 0.0456314086914062
-0.0283203125 -0.147445678710938 -0.104995727539062 -0.0904922485351563
-0.0210113525390625 -0.160781860351563 -0.0692825317382813 -0.118385314941406
0.00444030761718751 -0.151107788085938 -0.025634765625 -0.0813446044921875
0.035919189453125 -0.149444580078125 0.0279159545898438 -0.084259033203125
0.059478759765625 -0.144577026367188 0.0417633056640625 -0.0488815307617188
0.0812530517578125 -0.160049438476563 0.032470703125 -0.0193653106689453
0.097076416015625 -0.155624389648438 0.0144901275634766 0.0307579040527344
0.120307922363281 -0.134529113769531 -0.0275001525878906 0.0669975280761719
0.127067565917969 -0.138084411621094 -0.0543136596679688 0.0892257690429687
0.12713623046875 -0.144622802734375 -0.074493408203125 0.0943984985351563
0.120346069335938 -0.144149780273438 -0.0483932495117187 0.107345581054687
0.08319091796875 -0.167388916015625 -0.0192031860351562 0.0824737548828125
0.08056640625 -0.159286499023437 0.00445556640625 0.0716705322265625
0.0291595458984375 -0.179244995117188 0.0246429443359375 0.0194072723388672
-0.0157928466796875 -0.160079956054688 0.0675048828125 -0.018096923828125
-0.0251235961914062 -0.104820251464844 -0.129493713378906 -0.129478454589844
-0.0254287719726562 -0.116348266601563 -0.0914382934570313 -0.138748168945313
-0.008453369140625 -0.103263854980469 -0.0337600708007813 -0.0858917236328125
0.0164947509765625 -0.103927612304688 0.029052734375 -0.0752105712890625
0.0319366455078125 -0.104736328125 0.0447235107421875 -0.0249824523925781
0.0484771728515625 -0.116477966308594 0.031524658203125 0.0289211273193359
0.06927490234375 -0.111007690429688 0.0038909912109375 0.0889205932617188
0.0928878784179688 -0.0945587158203125 -0.0529708862304687 0.121688842773438
0.109291076660156 -0.0937271118164063 -0.0916366577148437 0.138206481933594
0.11639404296875 -0.0944366455078125 -0.107978820800781 0.130340576171875
0.119331359863281 -0.0902862548828125 -0.0629196166992187 0.123870849609375
0.0940780639648438 -0.11480712890625 -0.0116958618164062 0.0781478881835937
0.0869827270507812 -0.112823486328125 0.0212211608886719 0.0455284118652344
0.041107177734375 -0.139862060546875 0.0352554321289063 -0.0280609130859375
-0.00283050537109375 -0.127632141113281 0.0697555541992187 -0.0774612426757813
-0.0120773315429688 -0.0525016784667969 -0.145980834960937 -0.1514892578125
-0.0136070251464844 -0.062591552734375 -0.105560302734375 -0.147781372070312
-0.00410842895507812 -0.0483169555664063 -0.0406875610351562 -0.090423583984375
0.0120697021484375 -0.0494422912597656 0.0296249389648438 -0.0703659057617187
0.0179214477539063 -0.0503463745117188 0.0485115051269531 -0.01287841796875
0.0241661071777344 -0.0549468994140625 0.0356407165527344 0.0600357055664063
0.0414161682128906 -0.0483055114746094 6.8664550781262E-05 0.128982543945313
0.05322265625 -0.0418472290039063 -0.0701904296875 0.157379150390625
0.0642662048339844 -0.0421829223632813 -0.1224365234375 0.168304443359375
0.07037353515625 -0.0420379638671875 -0.138092041015625 0.150390625
0.0766372680664063 -0.0386581420898437 -0.076812744140625 0.130661010742187
0.06414794921875 -0.0529212951660156 -0.00423431396484374 0.0780410766601563
0.0559463500976563 -0.0545463562011719 0.0401878356933594 0.0275840759277344
0.0289154052734375 -0.0787734985351563 0.0523300170898437 -0.0601615905761719
0.0046234130859375 -0.0734481811523438 0.076690673828125 -0.11798095703125
0.00974464416503906 -0.00483322143554688 -0.0565185546875 0.133766174316406
0.00704813003540039 -0.00534343719482422 -0.05987548828125 0.0702857971191406
0.00693893432617187 -0.00550937652587891 -0.0362892150878906 -0.0193328857421875
0.0055699348449707 0.000614166259765625 0.0143585205078125 -0.0873565673828125
0.00111794471740723 -0.000562548637390137 0.0987548828125 -0.128509521484375
-0.00824117660522461 -0.00157976150512695 0.143508911132813 -0.182937622070313
-0.0104703903198242 -0.015934944152832 0.124847412109375 -0.21441650390625
-0.0136585235595703 -0.0115776062011719 0.0616607666015625 -0.18792724609375
-0.0248584747314453 -0.00650405883789063 -0.0209121704101562 -0.13812255859375
-0.0275135040283203 -0.00467681884765625 -0.0683746337890625 -0.0666580200195312
-0.0255222320556641 -0.00362777709960937 -0.0726776123046875 0.0266799926757813
-0.0179977416992187 0.00308036804199219 -0.0231781005859375 0.0863800048828125
-0.0101814270019531 0.0073394775390625 0.0508193969726563 0.118171691894531
-0.00726604461669922 0.00938034057617188 0.132156372070313 0.141067504882813
-0.00635814666748047 0.0108613967895508 0.154388427734375 0.162002563476562
0.0030975341796875 -0.077667236328125 -0.0516433715820312 0.121109008789063
0.0267333984375 -0.0818557739257813 -0.0533027648925781 0.0544166564941406
0.048553466796875 -0.0752639770507812 -0.0340919494628906 -0.0223827362060547
0.0646247863769531 -0.0552406311035156 0.0180816650390625 -0.0926895141601562
0.0667037963867187 -0.0456695556640625 0.0907440185546875 -0.133171081542969
0.062164306640625 -0.0560569763183594 0.131256103515625 -0.18597412109375
0.0447845458984375 -0.0772628784179688 0.117477416992187 -0.20306396484375
0.0336074829101563 -0.0763702392578125 0.06103515625 -0.172454833984375
0.00576782226562501 -0.0758285522460938 -0.0136871337890625 -0.125679016113281
-0.015289306640625 -0.0770339965820313 -0.0622673034667969 -0.0596694946289063
-0.0261306762695313 -0.0663986206054688 -0.0661048889160156 0.032012939453125
-0.0330009460449219 -0.0554924011230469 -0.0235595703125 0.0888519287109375
-0.0209388732910156 -0.04815673828125 0.0476226806640625 0.125335693359375
-0.0293922424316406 -0.04803466796875 0.121047973632813 0.145889282226563
-0.0335884094238281 -0.0451087951660156 0.144790649414063 0.160385131835938
-0.00617980957031251 -0.138587951660156 -0.0536727905273438 0.0817947387695312
0.0283355712890625 -0.146682739257813 -0.0453071594238281 0.0158576965332031
0.0692825317382813 -0.1395263671875 -0.0246009826660156 -0.037139892578125
0.097900390625 -0.117279052734375 0.0214004516601563 -0.10125732421875
0.108749389648438 -0.0994720458984375 0.0731887817382813 -0.131622314453125
0.109054565429688 -0.11236572265625 0.102325439453125 -0.171890258789063
0.0882034301757813 -0.132766723632813 0.092864990234375 -0.169052124023438
0.0767440795898438 -0.12933349609375 0.0505447387695313 -0.132484436035156
0.0419692993164063 -0.134567260742188 -0.00572967529296875 -0.0906982421875
0.01007080078125 -0.138946533203125 -0.0525054931640625 -0.037445068359375
-0.0123672485351562 -0.127388000488281 -0.0563392639160156 0.042694091796875
-0.0331573486328125 -0.115684509277344 -0.0237045288085938 0.09222412109375
-0.0205459594726562 -0.107208251953125 0.0359725952148437 0.130012512207031
-0.042633056640625 -0.105705261230469 0.0957565307617188 0.140266418457031
-0.0522918701171875 -0.0980987548828125 0.126533508300781 0.139076232910156
-0.02099609375 -0.173828125 -0.0645523071289063 0.0258750915527344
0.010772705078125 -0.187667846679687 -0.0445137023925781 -0.0340461730957031
0.0537109375 -0.183364868164062 -0.0200729370117187 -0.0556907653808594
0.091094970703125 -0.167938232421875 0.02227783203125 -0.103858947753906
0.113265991210938 -0.148406982421875 0.0533981323242188 -0.114555358886719
0.1243896484375 -0.1612548828125 0.0671310424804688 -0.135406494140625
0.109344482421875 -0.172927856445313 0.0614776611328125 -0.113021850585938
0.107894897460938 -0.160263061523438 0.0313644409179688 -0.0722198486328125
0.07989501953125 -0.171417236328125 -0.00548934936523437 -0.0369377136230469
0.04833984375 -0.18157958984375 -0.0447235107421875 0.00185394287109375
0.0237884521484375 -0.172958374023438 -0.0446090698242187 0.0635108947753906
-0.012451171875 -0.169189453125 -0.022491455078125 0.09405517578125
-0.000701904296874993 -0.158645629882813 0.0206756591796875 0.12493896484375
-0.035888671875 -0.159500122070312 0.0635452270507813 0.1171875
-0.0566253662109375 -0.142486572265625 0.1021728515625 0.100288391113281
-0.0350799560546875 -0.176528930664062 -0.0860748291015625 -0.034088134765625
-0.016204833984375 -0.193145751953125 -0.0581588745117188 -0.0822372436523438
0.02044677734375 -0.1895751953125 -0.0233840942382813 -0.072662353515625
0.059051513671875 -0.183090209960938 0.02191162109375 -0.0991134643554688
0.0867462158203125 -0.17010498046875 0.0411605834960938 -0.0850982666015625
0.106170654296875 -0.185089111328125 0.0400772094726563 -0.081024169921875
0.107269287109375 -0.185897827148438 0.0328598022460938 -0.0428466796875
0.12152099609375 -0.167617797851563 0.00416898727416993 -0.000982046127319346
0.110809326171875 -0.178024291992187 -0.0203418731689453 0.0291519165039062
0.0935211181640625 -0.18914794921875 -0.0502777099609375 0.0525665283203125
0.0734710693359375 -0.186477661132813 -0.0380630493164062 0.088775634765625
0.0298004150390625 -0.196243286132813 -0.020538330078125 0.090850830078125
0.036376953125 -0.185104370117187 0.00931549072265626 0.104148864746094
-0.0119781494140625 -0.190872192382813 0.0367965698242188 0.0742263793945312
-0.0468902587890625 -0.168319702148438 0.0809783935546875 0.0412521362304688
-0.0405120849609375 -0.152740478515625 -0.115089416503906 -0.0861053466796875
-0.0357666015625 -0.164215087890625 -0.081146240234375 -0.116310119628906
-0.006988525390625 -0.157699584960938 -0.0315399169921875 -0.08251953125
0.0263214111328125 -0.158676147460938 0.0222930908203125 -0.0879745483398438
0.0516815185546875 -0.153411865234375 0.0387840270996094 -0.0517654418945313
0.07293701171875 -0.169418334960938 0.0305767059326172 -0.0203075408935547
0.09027099609375 -0.16680908203125 0.0148220062255859 0.0308361053466797
0.115371704101563 -0.14752197265625 -0.0233726501464844 0.0700149536132812
0.122314453125 -0.15252685546875 -0.0497283935546875 0.0948410034179687
0.121688842773438 -0.159042358398438 -0.0704498291015625 0.104164123535156
0.11444091796875 -0.158584594726563 -0.042083740234375 0.114463806152344
0.072174072265625 -0.180191040039062 -0.0140228271484375 0.0857315063476562
0.0715789794921875 -0.171249389648438 0.0118255615234375 0.073944091796875
0.017120361328125 -0.187942504882813 0.0264263153076172 0.0188846588134766
-0.029296875 -0.16571044921875 0.0683174133300781 -0.0250740051269531
-0.0341720581054688 -0.106986999511719 -0.14288330078125 -0.122909545898438
-0.0352706909179688 -0.117889404296875 -0.104827880859375 -0.134857177734375
-0.0163116455078125 -0.106307983398438 -0.0409393310546875 -0.0869827270507813
0.00852203369140626 -0.109733581542969 0.0245361328125 -0.0792388916015625
0.0255966186523438 -0.108718872070313 0.0435791015625 -0.0268287658691406
0.0426406860351563 -0.123176574707031 0.0329647064208984 0.0294895172119141
0.0647048950195313 -0.119834899902344 0.00862884521484374 0.0916366577148438
0.0897445678710937 -0.104774475097656 -0.047393798828125 0.128822326660156
0.107475280761719 -0.105514526367188 -0.0850830078125 0.1488037109375
0.114791870117188 -0.104888916015625 -0.102981567382813 0.142196655273438
0.116851806640625 -0.102485656738281 -0.0559005737304687 0.132545471191406
0.08795166015625 -0.126174926757813 -0.00673675537109374 0.0819168090820312
0.0823211669921875 -0.123054504394531 0.0263175964355469 0.0448532104492187
0.0320892333984375 -0.148025512695313 0.0334854125976563 -0.0325508117675781
-0.0133590698242188 -0.132545471191406 0.0667190551757813 -0.0853195190429688
-0.0160636901855469 -0.0524559020996094 -0.162567138671875 -0.145309448242187
-0.0190048217773437 -0.0634613037109375 -0.1204833984375 -0.143814086914063
-0.0066375732421875 -0.0495948791503906 -0.0481414794921875 -0.089263916015625
0.00807571411132813 -0.0522727966308594 0.024688720703125 -0.074310302734375
0.0152397155761719 -0.0520477294921875 0.0474929809570313 -0.0145454406738281
0.0231285095214844 -0.0572967529296875 0.0400161743164063 0.0615615844726562
0.0400428771972656 -0.0523147583007812 0.00736999511718751 0.133163452148438
0.0520591735839844 -0.0473289489746094 -0.0615081787109375 0.166748046875
0.0647201538085938 -0.0466957092285156 -0.115890502929688 0.182205200195313
0.0700035095214844 -0.0478591918945313 -0.131546020507812 0.164657592773438
0.0758743286132813 -0.04534912109375 -0.0700836181640625 0.140792846679688
0.0626220703125 -0.0594253540039063 0.00188446044921876 0.0810775756835937
0.0556716918945313 -0.059539794921875 0.044891357421875 0.026519775390625
0.0243301391601562 -0.0839004516601563 0.0501670837402344 -0.0668067932128906
-0.00177001953125 -0.0771026611328125 0.0697402954101563 -0.128211975097656
0.0091094970703125 -0.005523681640625 -0.0465240478515625 0.137985229492188
0.00607919692993164 -0.00626325607299805 -0.0548782348632813 0.0771713256835938
0.0059356689453125 -0.00514793395996094 -0.0384254455566406 -0.0159835815429688
0.00516176223754883 -0.000123023986816406 0.00862884521484375 -0.087554931640625
-0.000983834266662598 -0.000691652297973633 0.0897445678710938 -0.134468078613281
-0.00809478759765625 -0.00104904174804687 0.133499145507813 -0.19085693359375
-0.0109481811523437 -0.0147504806518555 0.1123046875 -0.221633911132813
-0.0139064788818359 -0.0109663009643555 0.0524749755859375 -0.191650390625
-0.0242099761962891 -0.00399589538574219 -0.0292816162109375 -0.137443542480469
-0.0282058715820313 -0.00370979309082031 -0.0721054077148438 -0.0622024536132812
-0.0267562866210938 -0.00133132934570313 -0.0700149536132813 0.0304412841796875
-0.0190219879150391 0.00383758544921875 -0.0166549682617188 0.086212158203125
-0.0103902816772461 0.0076131820678711 0.05712890625 0.112899780273437
-0.00573062896728516 0.010624885559082 0.141372680664063 0.13140869140625
-0.00527763366699219 0.00995063781738281 0.167236328125 0.149703979492188
-0.00215911865234375 -0.0792694091796875 -0.0426864624023438 0.124076843261719
0.0199356079101562 -0.08355712890625 -0.0497322082519531 0.0602226257324219
0.0443954467773438 -0.078643798828125 -0.0356063842773438 -0.0184593200683594
0.0611686706542969 -0.0607643127441406 0.01092529296875 -0.0927276611328125
0.064422607421875 -0.048858642578125 0.0817031860351563 -0.138465881347656
0.0581398010253906 -0.0580596923828125 0.119903564453125 -0.191390991210938
0.0414199829101563 -0.0815582275390625 0.105056762695313 -0.209304809570312
0.0303497314453125 -0.0778579711914063 0.052154541015625 -0.176300048828125
0.00117492675781249 -0.07684326171875 -0.0207672119140625 -0.126205444335938
-0.0202865600585938 -0.0753250122070313 -0.0654335021972656 -0.0559768676757813
-0.0310478210449219 -0.0660552978515625 -0.0633010864257813 0.0352668762207031
-0.036407470703125 -0.0544662475585938 -0.0161666870117188 0.0893173217773438
-0.02337646484375 -0.049468994140625 0.0563507080078125 0.120277404785156
-0.0330276489257813 -0.0465736389160156 0.130195617675781 0.136268615722656
-0.0372581481933594 -0.0422744750976563 0.157867431640625 0.148941040039063
-0.0158538818359375 -0.13922119140625 -0.0476531982421875 0.0851821899414062
0.0181427001953125 -0.148651123046875 -0.0445404052734375 0.0211448669433594
0.06048583984375 -0.144699096679688 -0.0276241302490234 -0.0330848693847656
0.0893707275390625 -0.123764038085938 0.014190673828125 -0.102104187011719
0.103408813476562 -0.10626220703125 0.0649185180664063 -0.135810852050781
0.104194641113281 -0.118598937988281 0.090911865234375 -0.176559448242188
0.081634521484375 -0.139190673828125 0.0829925537109375 -0.1744384765625
0.0689849853515625 -0.132980346679688 0.0433120727539062 -0.135246276855469
0.0334014892578125 -0.137786865234375 -0.011383056640625 -0.0912017822265625
0.00167083740234374 -0.139968872070313 -0.054443359375 -0.0330123901367188
-0.0211868286132813 -0.126861572265625 -0.0522422790527344 0.0462913513183594
-0.0421600341796875 -0.114418029785156 -0.0168838500976563 0.093597412109375
-0.0268402099609375 -0.106735229492188 0.0452880859375 0.126205444335938
-0.0492477416992187 -0.104469299316406 0.104972839355469 0.131980895996094
-0.0604019165039063 -0.095703125 0.136894226074219 0.12994384765625
-0.0334930419921875 -0.173583984375 -0.0614356994628906 0.0288734436035156
-0.00384521484375 -0.188125610351563 -0.04705810546875 -0.0291862487792969
0.0417327880859375 -0.1873779296875 -0.0231246948242188 -0.0542144775390625
0.08050537109375 -0.175262451171875 0.0155029296875 -0.105484008789063
0.104141235351563 -0.156097412109375 0.0453948974609375 -0.116645812988281
0.114395141601563 -0.170089721679688 0.0576019287109375 -0.137359619140625
0.0995635986328125 -0.180389404296875 0.0537796020507813 -0.117851257324219
0.097564697265625 -0.168182373046875 0.02685546875 -0.074676513671875
0.0693359375 -0.176513671875 -0.0082855224609375 -0.0384292602539063
0.0374603271484375 -0.18414306640625 -0.0452842712402344 0.00473785400390623
0.011627197265625 -0.17529296875 -0.0391349792480469 0.0653190612792969
-0.0255126953125 -0.168777465820313 -0.01654052734375 0.0945587158203125
-0.010711669921875 -0.159988403320313 0.0308456420898438 0.122787475585937
-0.04669189453125 -0.157958984375 0.070709228515625 0.1121826171875
-0.0689926147460937 -0.140449523925781 0.109268188476563 0.0918960571289063
-0.04718017578125 -0.17645263671875 -0.0874481201171875 -0.0295791625976563
-0.0313568115234375 -0.19195556640625 -0.0636215209960938 -0.076507568359375
0.008636474609375 -0.191986083984375 -0.0269012451171875 -0.0712051391601563
0.0469818115234375 -0.189559936523437 0.0161514282226563 -0.100624084472656
0.076080322265625 -0.176742553710938 0.034332275390625 -0.0859222412109375
0.0952911376953125 -0.191986083984375 0.0345687866210938 -0.080413818359375
0.0977783203125 -0.19342041015625 0.0300559997558594 -0.0447463989257813
0.110916137695313 -0.176284790039063 0.00563383102416993 -0.00261306762695314
0.0992431640625 -0.184707641601563 -0.0181808471679687 0.0299701690673828
0.0810699462890625 -0.195907592773438 -0.0459518432617187 0.0558891296386719
0.060791015625 -0.191757202148438 -0.031768798828125 0.0901412963867187
0.01483154296875 -0.198577880859375 -0.01416015625 0.0927734375
0.0232391357421875 -0.189071655273438 0.01824951171875 0.103042602539063
-0.0255279541015625 -0.1905517578125 0.0416717529296875 0.0719146728515625
-0.0612335205078125 -0.166610717773438 0.084014892578125 0.0354385375976562
-0.0523834228515625 -0.150253295898438 -0.120048522949219 -0.0793228149414063
-0.0471954345703125 -0.16217041015625 -0.0903244018554687 -0.110267639160156
-0.016876220703125 -0.157485961914063 -0.0373916625976563 -0.08056640625
0.0148468017578125 -0.1612548828125 0.016021728515625 -0.08966064453125
0.0413665771484375 -0.156997680664063 0.0341873168945313 -0.0525665283203125
0.0634918212890625 -0.173919677734375 0.0286273956298828 -0.0190334320068359
0.0797271728515625 -0.173721313476563 0.0160789489746094 0.0294170379638672
0.10528564453125 -0.156021118164063 -0.0191001892089844 0.0701789855957031
0.113800048828125 -0.161056518554687 -0.0432510375976562 0.0977249145507812
0.111358642578125 -0.166854858398438 -0.0634994506835937 0.107452392578125
0.103927612304688 -0.1656494140625 -0.0354843139648438 0.115936279296875
0.0604095458984375 -0.18548583984375 -0.00811767578125 0.0859909057617187
0.060699462890625 -0.177474975585938 0.0175933837890625 0.0716781616210937
0.0034027099609375 -0.189773559570313 0.027801513671875 0.0170764923095703
-0.0428009033203125 -0.164505004882813 0.06610107421875 -0.0301284790039063
-0.0419692993164062 -0.106246948242188 -0.1514892578125 -0.113433837890625
-0.044158935546875 -0.115386962890625 -0.114448547363281 -0.127418518066406
-0.0224227905273437 -0.105796813964844 -0.0459060668945312 -0.0835723876953125
0.000869750976562506 -0.110427856445313 0.0185089111328125 -0.0803604125976563
0.0187149047851563 -0.110160827636719 0.0411453247070313 -0.027069091796875
0.036407470703125 -0.125015258789063 0.0350303649902344 0.0312900543212891
0.0590057373046875 -0.125076293945313 0.0134658813476563 0.09130859375
0.0842819213867188 -0.110359191894531 -0.0387725830078125 0.131019592285156
0.101104736328125 -0.111885070800781 -0.0753936767578125 0.153961181640625
0.1085205078125 -0.113304138183594 -0.094024658203125 0.148330688476563
0.110450744628906 -0.110267639160156 -0.047821044921875 0.134368896484375
0.0794525146484375 -0.1326904296875 -0.000854492187499995 0.0814208984375
0.0738372802734375 -0.129798889160156 0.0320854187011719 0.0428466796875
0.0222625732421875 -0.150924682617188 0.0324916839599609 -0.0344886779785156
-0.02239990234375 -0.132774353027344 0.0597686767578125 -0.0906906127929688
-0.0195579528808594 -0.0524940490722656 -0.172637939453125 -0.133880615234375
-0.0233306884765625 -0.0622634887695313 -0.130546569824219 -0.135025024414063
-0.00938796997070313 -0.0498886108398438 -0.0534820556640625 -0.08538818359375
0.00473403930664062 -0.0522422790527344 0.0201187133789063 -0.0754165649414063
0.0123939514160156 -0.0518302917480469 0.0467796325683594 -0.0150375366210938
0.0198211669921875 -0.0584907531738281 0.0445022583007813 0.0609283447265625
0.0375251770019531 -0.0561065673828125 0.0158843994140625 0.132553100585937
0.0505523681640625 -0.0512809753417969 -0.0522003173828125 0.170379638671875
0.0619316101074219 -0.0508308410644531 -0.103424072265625 0.188644409179687
0.0675430297851563 -0.0524749755859375 -0.121246337890625 0.172073364257813
0.0739974975585938 -0.050689697265625 -0.0611114501953125 0.143600463867188
0.0584526062011719 -0.0639228820800781 0.00621032714843749 0.0804519653320313
0.0513153076171875 -0.0638809204101563 0.0482597351074219 0.0223236083984375
0.0175933837890625 -0.0846710205078125 0.0450477600097656 -0.0693168640136719
-0.0070343017578125 -0.0765304565429687 0.0599365234375 -0.133262634277344
0.00837469100952148 -0.00675725936889648 -0.0395736694335938 0.138938903808594
0.00440740585327148 -0.00592470169067383 -0.0494384765625 0.0805282592773438
0.00461578369140625 -0.00538969039916992 -0.0380134582519531 -0.0121078491210938
0.00513267517089844 -0.000409603118896484 0.0046844482421875 -0.0847854614257813
3.7461519241333E-05 0.000328540802001953 0.083251953125 -0.134651184082031
-0.0073542594909668 -0.00103139877319336 0.1259765625 -0.193023681640625
-0.010167121887207 -0.0149078369140625 0.103302001953125 -0.222671508789062
-0.0134744644165039 -0.0110588073730469 0.0462799072265625 -0.1912841796875
-0.0235328674316406 -0.0036163330078125 -0.0328598022460937 -0.134162902832031
-0.0270404815673828 -0.00243759155273437 -0.0726776123046875 -0.05902099609375
-0.0271129608154297 0.000116348266601564 -0.0678367614746094 0.0319633483886719
-0.0182743072509766 0.00390052795410156 -0.0127716064453125 0.0846939086914063
-0.00901603698730469 0.00759983062744141 0.061004638671875 0.106971740722656
-0.00568103790283203 0.00937652587890625 0.142669677734375 0.122848510742188
-0.00532150268554688 0.00966358184814453 0.171463012695313 0.140411376953125
-0.00514984130859376 -0.0792388916015625 -0.0360336303710938 0.1246337890625
0.01507568359375 -0.0826263427734375 -0.0459480285644531 0.0634498596191406
0.0415878295898437 -0.0771560668945313 -0.0359840393066406 -0.0154533386230469
0.0586624145507813 -0.0612449645996094 0.007354736328125 -0.0915756225585938
0.0617179870605469 -0.0507698059082031 0.0752639770507813 -0.137802124023437
0.0560569763183594 -0.0601615905761719 0.1109619140625 -0.191757202148438
0.0394515991210938 -0.0810928344726563 0.09698486328125 -0.210693359375
0.0262374877929687 -0.078460693359375 0.045928955078125 -0.176406860351563
-0.000991821289062499 -0.075927734375 -0.0239028930664063 -0.124603271484375
-0.0218353271484375 -0.0737457275390625 -0.0662689208984375 -0.0523338317871094
-0.0336532592773438 -0.063385009765625 -0.060302734375 0.036407470703125
-0.0397796630859375 -0.0524787902832031 -0.0121612548828125 0.0870819091796875
-0.0251502990722656 -0.0480880737304688 0.0598983764648437 0.114845275878906
-0.0345535278320313 -0.0454864501953125 0.132743835449219 0.128501892089844
-0.039764404296875 -0.0407218933105469 0.161788940429687 0.140914916992188
-0.0219573974609375 -0.13885498046875 -0.0424346923828125 0.0849227905273437
0.01043701171875 -0.147476196289063 -0.0419731140136719 0.0247001647949219
0.0540618896484375 -0.145477294921875 -0.0284576416015625 -0.0307846069335938
0.0847702026367188 -0.125877380371094 0.010498046875 -0.1004638671875
0.0987701416015625 -0.107170104980469 0.0571212768554688 -0.13348388671875
0.0992584228515625 -0.121726989746094 0.0834503173828125 -0.17510986328125
0.0764312744140625 -0.140022277832031 0.0759735107421875 -0.175506591796875
0.062835693359375 -0.134284973144531 0.0387115478515625 -0.137557983398438
0.0286483764648437 -0.137245178222656 -0.0139312744140625 -0.0911712646484375
-0.0035400390625 -0.137565612792969 -0.0541763305664063 -0.0311164855957031
-0.0258941650390625 -0.12384033203125 -0.0494384765625 0.046630859375
-0.0474624633789062 -0.110893249511719 -0.0127792358398438 0.0926666259765625
-0.0307540893554688 -0.10565185546875 0.0499420166015625 0.121940612792969
-0.0530014038085937 -0.102691650390625 0.107994079589844 0.125991821289063
-0.0649871826171875 -0.0920791625976563 0.140342712402344 0.121932983398438
-0.0411224365234375 -0.172225952148438 -0.0583953857421875 0.0294342041015625
-0.0125885009765625 -0.185073852539063 -0.0479736328125 -0.0256614685058594
0.03472900390625 -0.1881103515625 -0.0252876281738281 -0.0508956909179688
0.072601318359375 -0.176422119140625 0.0111236572265625 -0.104164123535156
0.097442626953125 -0.158676147460938 0.0400848388671875 -0.115425109863281
0.10833740234375 -0.1724853515625 0.0514602661132813 -0.134971618652344
0.093780517578125 -0.18267822265625 0.0485458374023438 -0.117523193359375
0.0905609130859375 -0.170013427734375 0.0247039794921875 -0.0764236450195313
0.0624542236328125 -0.177261352539063 -0.00944900512695312 -0.0396728515625
0.0300750732421875 -0.183792114257813 -0.0433616638183594 0.00595474243164061
0.00352478027343749 -0.173599243164063 -0.0362014770507812 0.0651168823242187
-0.0329132080078125 -0.16558837890625 -0.0119400024414062 0.0941085815429687
-0.01641845703125 -0.158843994140625 0.0352706909179688 0.118705749511719
-0.05377197265625 -0.15521240234375 0.0752182006835938 0.107582092285156
-0.0747833251953125 -0.135711669921875 0.112014770507813 0.086181640625
-0.0551300048828125 -0.174453735351562 -0.0872879028320313 -0.026824951171875
-0.0393829345703125 -0.187973022460937 -0.0670852661132812 -0.0710678100585938
0.00105285644531252 -0.190902709960937 -0.0297393798828125 -0.0682563781738281
0.038604736328125 -0.188888549804688 0.0107650756835937 -0.0998382568359375
0.0687103271484375 -0.177337646484375 0.0300979614257812 -0.0838470458984375
0.0886077880859375 -0.193771362304687 0.0308990478515625 -0.0770187377929688
0.090362548828125 -0.195693969726563 0.026336669921875 -0.0452690124511719
0.10369873046875 -0.17791748046875 0.0039212703704834 -0.00395274162292482
0.0928497314453125 -0.18646240234375 -0.0169010162353516 0.0281143188476562
0.0732421875 -0.196258544921875 -0.0423545837402344 0.0566177368164062
0.0527801513671875 -0.192413330078125 -0.0284271240234375 0.0903244018554688
0.00495910644531248 -0.197052001953125 -0.0104141235351563 0.09136962890625
0.016387939453125 -0.189102172851562 0.0235748291015625 0.0995407104492187
-0.033203125 -0.189559936523437 0.0438003540039063 0.0690383911132812
-0.068603515625 -0.16265869140625 0.084503173828125 0.0310211181640625
-0.058380126953125 -0.147506713867188 -0.12139892578125 -0.0729446411132813
-0.0537567138671875 -0.157562255859375 -0.0942230224609375 -0.103652954101563
-0.022308349609375 -0.155349731445313 -0.0386810302734375 -0.0761260986328125
0.00759887695312501 -0.160430908203125 0.0127182006835938 -0.0889053344726563
0.03460693359375 -0.15673828125 0.03265380859375 -0.0512351989746094
0.0571136474609375 -0.174774169921875 0.0273456573486328 -0.0162754058837891
0.0731353759765625 -0.175857543945313 0.0161228179931641 0.0288257598876953
0.0990753173828125 -0.157119750976562 -0.0170516967773437 0.0683441162109375
0.1072998046875 -0.16204833984375 -0.0399169921875 0.0972824096679687
0.104400634765625 -0.169235229492188 -0.0577850341796875 0.108612060546875
0.0963592529296875 -0.168258666992187 -0.0302047729492187 0.115493774414062
0.050811767578125 -0.185821533203125 -0.00504302978515626 0.0858993530273438
0.0542449951171875 -0.178680419921875 0.0225296020507813 0.0690383911132812
-0.00479125976562499 -0.188247680664063 0.0275173187255859 0.0154857635498047
-0.0495452880859375 -0.160232543945313 0.0645523071289063 -0.0321807861328125
-0.04510498046875 -0.103591918945313 -0.15460205078125 -0.105514526367188
-0.048614501953125 -0.111114501953125 -0.119140625 -0.120010375976563
-0.0251388549804688 -0.10400390625 -0.0485000610351563 -0.079437255859375
-0.00352478027343749 -0.110359191894531 0.0157470703125 -0.0785446166992188
0.0153427124023437 -0.110336303710938 0.0401229858398438 -0.0259971618652344
0.0326156616210937 -0.125068664550781 0.0353164672851563 0.0318069458007812
0.054046630859375 -0.126472473144531 0.0156326293945312 0.0904769897460937
0.0786666870117188 -0.112533569335938 -0.034576416015625 0.129859924316406
0.0971221923828125 -0.114852905273438 -0.0697174072265625 0.153411865234375
0.103904724121094 -0.114952087402344 -0.08673095703125 0.149978637695313
0.104827880859375 -0.113410949707031 -0.0420761108398437 0.133926391601563
0.0733413696289063 -0.134307861328125 0.00229644775390626 0.0808792114257812
0.0686874389648438 -0.131156921386719 0.0342254638671875 0.0398750305175781
0.0152435302734375 -0.149703979492188 0.0290107727050781 -0.0355186462402344
-0.0282363891601563 -0.130043029785156 0.0555801391601562 -0.091827392578125
-0.0210609436035156 -0.0525665283203125 -0.175537109375 -0.124588012695312
-0.0250129699707031 -0.0602684020996094 -0.134925842285156 -0.126190185546875
-0.0101165771484375 -0.0491485595703125 -0.0565261840820313 -0.0819473266601562
0.00368881225585938 -0.0525398254394531 0.0172805786132813 -0.073699951171875
0.0102653503417969 -0.0522308349609375 0.0457992553710938 -0.0146141052246094
0.0196113586425781 -0.0586700439453125 0.046783447265625 0.0608787536621094
0.0359573364257813 -0.0575523376464844 0.0184555053710938 0.130470275878906
0.0481109619140625 -0.0523643493652344 -0.046661376953125 0.169357299804688
0.0614776611328125 -0.0533370971679688 -0.0972442626953125 0.189544677734375
0.0644912719726563 -0.0546493530273438 -0.114273071289062 0.17333984375
0.0708847045898438 -0.0530166625976563 -0.0557403564453125 0.144119262695313
0.0558891296386719 -0.064483642578125 0.0102310180664062 0.079559326171875
0.0493850708007813 -0.0654335021972656 0.0491600036621094 0.0192680358886719
0.0139617919921875 -0.0845947265625 0.0415573120117187 -0.0711288452148438
-0.0102920532226562 -0.0763473510742188 0.0539398193359375 -0.134010314941406
0.00743722915649414 -0.00691366195678711 -0.0374755859375 0.138740539550781
0.00243616104125977 -0.00518178939819336 -0.0488204956054687 0.0829620361328125
0.00533580780029297 -0.00473403930664063 -0.0373306274414063 -0.0107460021972656
0.00490856170654297 0.000358104705810547 0.00405120849609376 -0.0830841064453125
0.00101035833358765 0.000774204730987549 0.08306884765625 -0.133445739746094
-0.00665712356567383 0.000732898712158203 0.12603759765625 -0.1907958984375
-0.0094614028930664 -0.0146036148071289 0.10302734375 -0.2227783203125
-0.0125913619995117 -0.012664794921875 0.04583740234375 -0.19232177734375
-0.0231647491455078 -0.00360488891601563 -0.03240966796875 -0.134078979492187
-0.0276126861572266 -0.00167655944824219 -0.0723724365234375 -0.0579910278320313
-0.0271453857421875 0.000513076782226562 -0.0669441223144531 0.0308647155761719
-0.0191097259521484 0.00392913818359375 -0.0104827880859375 0.0836715698242188
-0.00997638702392578 0.00627899169921875 0.0599594116210937 0.105300903320313
-0.00617408752441406 0.00955009460449219 0.143295288085938 0.120803833007813
-0.00606441497802734 0.00888347625732422 0.172988891601563 0.137557983398438
-0.00794219970703124 -0.08001708984375 -0.03399658203125 0.1246337890625
0.0129470825195313 -0.0814361572265625 -0.0447311401367188 0.0655174255371094
0.0426483154296875 -0.0785064697265625 -0.0359649658203125 -0.0136451721191406
0.0579719543457031 -0.0613861083984375 0.00646209716796875 -0.0904006958007813
0.0625648498535156 -0.0505523681640625 0.0739212036132813 -0.136917114257813
0.0569381713867188 -0.0585670471191406 0.11187744140625 -0.19091796875
0.0392303466796875 -0.0825881958007813 0.095977783203125 -0.211441040039063
0.0257492065429688 -0.0797653198242188 0.0467529296875 -0.179000854492188
-0.0016937255859375 -0.0761795043945313 -0.0242767333984375 -0.124298095703125
-0.0228500366210938 -0.073974609375 -0.0651741027832031 -0.0513534545898438
-0.0354652404785156 -0.0621223449707031 -0.0596961975097656 0.0358695983886719
-0.0399055480957031 -0.0513916015625 -0.0119400024414063 0.08599853515625
-0.025726318359375 -0.0487556457519531 0.0592193603515625 0.113265991210937
-0.03619384765625 -0.0452804565429688 0.134330749511719 0.127449035644531
-0.0404472351074219 -0.0403594970703125 0.162612915039063 0.137283325195313
-0.0241928100585938 -0.139488220214844 -0.0410919189453125 0.0858306884765625
0.008148193359375 -0.146575927734375 -0.0416641235351563 0.0260696411132812
0.0544281005859375 -0.1461181640625 -0.0285835266113281 -0.0301036834716797
0.0836715698242188 -0.127227783203125 0.00895690917968751 -0.0989532470703125
0.0987930297851563 -0.108131408691406 0.0574188232421875 -0.132713317871094
0.100173950195313 -0.121635437011719 0.083038330078125 -0.173187255859375
0.07635498046875 -0.141998291015625 0.07452392578125 -0.175994873046875
0.0621490478515625 -0.135635375976563 0.0399017333984375 -0.138099670410156
0.0276031494140625 -0.137176513671875 -0.0149002075195312 -0.092864990234375
-0.004302978515625 -0.136917114257812 -0.0544242858886719 -0.0309562683105469
-0.0279998779296875 -0.123634338378906 -0.04833984375 0.0467605590820313
-0.0497283935546875 -0.110015869140625 -0.011749267578125 0.091888427734375
-0.0321044921875 -0.106979370117188 0.050750732421875 0.119949340820312
-0.0555419921875 -0.102493286132813 0.109382629394531 0.124855041503906
-0.0672683715820313 -0.0911026000976563 0.141632080078125 0.119552612304688
-0.0454254150390625 -0.17279052734375 -0.0586013793945312 0.0300331115722656
-0.014801025390625 -0.184982299804688 -0.0478591918945313 -0.0225791931152344
0.033203125 -0.189788818359375 -0.0250015258789062 -0.0497283935546875
0.0702972412109375 -0.178390502929688 0.00959014892578126 -0.103836059570313
0.097198486328125 -0.160446166992188 0.0382614135742188 -0.113525390625
0.109329223632813 -0.173690795898438 0.0504379272460938 -0.132293701171875
0.092926025390625 -0.183990478515625 0.0466766357421875 -0.117279052734375
0.0900115966796875 -0.171371459960937 0.0226974487304688 -0.077911376953125
0.0618133544921875 -0.178329467773438 -0.0101089477539062 -0.0393333435058594
0.028778076171875 -0.184402465820313 -0.0428848266601562 0.00638580322265625
0.0019683837890625 -0.173736572265625 -0.035369873046875 0.0643539428710937
-0.03509521484375 -0.1663818359375 -0.0120620727539063 0.0943069458007813
-0.0193023681640625 -0.16070556640625 0.0374298095703125 0.116264343261719
-0.0572509765625 -0.154876708984375 0.0774688720703125 0.105728149414062
-0.0777740478515625 -0.135650634765625 0.113937377929688 0.083831787109375
-0.05938720703125 -0.174636840820313 -0.0884552001953125 -0.0264129638671875
-0.042205810546875 -0.186813354492188 -0.0684928894042969 -0.0691452026367188
3.05175781249876E-05 -0.19183349609375 -0.0298004150390625 -0.0664291381835938
0.0356903076171875 -0.19000244140625 0.00934600830078126 -0.0994720458984375
0.068206787109375 -0.180389404296875 0.0293350219726563 -0.0815200805664063
0.0884857177734375 -0.195465087890625 0.0302810668945313 -0.074188232421875
0.088409423828125 -0.198287963867187 0.02606201171875 -0.0450630187988281
0.101959228515625 -0.178573608398438 0.00350236892700196 -0.00463199615478517
0.092254638671875 -0.188079833984375 -0.0177497863769531 0.0272064208984375
0.071990966796875 -0.197174072265625 -0.0412330627441406 0.05712890625
0.051177978515625 -0.193496704101563 -0.0272750854492187 0.089508056640625
0.00271606445312501 -0.197586059570312 -0.00904083251953124 0.091827392578125
0.015472412109375 -0.190231323242187 0.024810791015625 0.0979995727539062
-0.03717041015625 -0.189422607421875 0.0453948974609375 0.0677833557128906
-0.0718994140625 -0.16162109375 0.08465576171875 0.029022216796875
-0.0615692138671875 -0.148818969726563 -0.123161315917969 -0.0730743408203125
-0.0560760498046875 -0.156723022460938 -0.0960464477539063 -0.100799560546875
-0.02398681640625 -0.156982421875 -0.03936767578125 -0.0752182006835938
0.00529479980468749 -0.162322998046875 0.0110931396484375 -0.0888900756835938
0.0341339111328125 -0.157974243164063 0.0313873291015625 -0.0487785339355469
0.057342529296875 -0.17608642578125 0.0280990600585938 -0.0142269134521484
0.072479248046875 -0.177719116210938 0.0153083801269531 0.0306282043457031
0.0971832275390625 -0.159149169921875 -0.0171546936035156 0.0691986083984375
0.108413696289063 -0.164535522460938 -0.0397720336914062 0.096466064453125
0.103530883789063 -0.169601440429687 -0.0572967529296875 0.109397888183594
0.0953826904296875 -0.16986083984375 -0.028564453125 0.115562438964844
0.04876708984375 -0.18572998046875 -0.0046234130859375 0.0858535766601562
0.0527191162109375 -0.181381225585938 0.0233879089355469 0.06787109375
-0.00775146484374999 -0.189102172851563 0.0278339385986328 0.0152626037597656
-0.05255126953125 -0.160537719726563 0.0633201599121094 -0.0346603393554688
-0.0472793579101563 -0.1044921875 -0.155975341796875 -0.103713989257812
-0.0504531860351562 -0.11102294921875 -0.121070861816406 -0.116340637207031
-0.0258331298828125 -0.104698181152344 -0.0496444702148438 -0.0779571533203125
-0.00583648681640625 -0.10968017578125 0.014984130859375 -0.0796966552734375
0.0147705078125 -0.109992980957031 0.040924072265625 -0.0245552062988281
0.0326461791992187 -0.125656127929688 0.037933349609375 0.034515380859375
0.054595947265625 -0.128318786621094 0.0149002075195312 0.0912322998046875
0.0786285400390625 -0.114067077636719 -0.0344467163085937 0.129180908203125
0.0978546142578125 -0.114768981933594 -0.0691375732421875 0.15399169921875
0.102523803710938 -0.116096496582031 -0.0862579345703125 0.14990234375
0.104270935058594 -0.114166259765625 -0.041595458984375 0.134307861328125
0.0728073120117187 -0.135200500488281 0.00334167480468751 0.079437255859375
0.0693740844726563 -0.13311767578125 0.03546142578125 0.0383758544921875
0.0121307373046875 -0.151290893554688 0.0292472839355469 -0.0368385314941406
-0.0298614501953125 -0.129447937011719 0.0547332763671875 -0.092742919921875
-0.021453857421875 -0.0523757934570313 -0.177597045898437 -0.122238159179688
-0.0262718200683594 -0.0606575012207031 -0.137092590332031 -0.123367309570313
-0.00971221923828125 -0.0489692687988281 -0.0558090209960937 -0.0795822143554688
0.0025177001953125 -0.0535354614257813 0.0177459716796875 -0.0736618041992188
0.0101203918457031 -0.0526351928710938 0.0468864440917969 -0.0135345458984375
0.0215187072753906 -0.0594406127929687 0.0483055114746094 0.0621604919433594
0.0365066528320313 -0.0590744018554688 0.018707275390625 0.131385803222656
0.048492431640625 -0.0532112121582031 -0.0477294921875 0.169601440429687
0.0617294311523438 -0.0531730651855469 -0.096527099609375 0.1900634765625
0.0650482177734375 -0.0543022155761719 -0.112442016601562 0.174087524414063
0.0706405639648438 -0.0529861450195313 -0.0548553466796875 0.142333984375
0.0546112060546875 -0.0652580261230469 0.0102157592773437 0.0788497924804688
0.0501136779785156 -0.0663223266601563 0.0508346557617188 0.0180091857910156
0.0132598876953125 -0.0842132568359375 0.0408477783203125 -0.0729598999023438
-0.0114364624023437 -0.0756607055664063 0.0525436401367188 -0.136100769042969
0.00808620452880859 -0.00704431533813477 -0.0368499755859375 0.14434814453125
0.00495290756225586 -0.00412702560424805 -0.0483627319335938 0.0870208740234375
0.00592136383056641 -0.00506830215454102 -0.0387001037597656 -0.00904083251953125
0.00540256500244141 0.000719547271728516 0.00418090820312501 -0.0840835571289063
-6.90221786499023E-05 0.000794649124145508 0.0855560302734375 -0.135848999023438
-0.00713014602661133 0.000965595245361327 0.131103515625 -0.196640014648438
-0.00973129272460938 -0.0150327682495117 0.107330322265625 -0.230255126953125
-0.0139055252075195 -0.0131874084472656 0.0487213134765625 -0.1982421875
-0.0235691070556641 -0.00373458862304688 -0.0329971313476562 -0.138626098632813
-0.0268726348876953 -0.00192070007324219 -0.0745315551757812 -0.0608444213867188
-0.0287990570068359 0.000892639160156253 -0.0685958862304688 0.0310211181640625
-0.01983642578125 0.00468063354492188 -0.01068115234375 0.084869384765625
-0.00932788848876953 0.00658512115478515 0.0615081787109375 0.106414794921875
-0.00667476654052734 0.00969791412353516 0.147933959960937 0.122421264648438
-0.005340576171875 0.0100088119506836 0.17913818359375 0.13934326171875
-0.00806427001953124 -0.0818328857421875 -0.0335693359375 0.128067016601563
0.0136260986328125 -0.0835723876953125 -0.0465164184570313 0.07098388671875
0.0441436767578125 -0.0811614990234375 -0.0373992919921875 -0.0126228332519531
0.0606307983398438 -0.0636940002441406 0.00675201416015625 -0.09185791015625
0.0646629333496094 -0.0519828796386719 0.0765228271484375 -0.1390380859375
0.0595359802246094 -0.0616378784179688 0.114944458007812 -0.195144653320313
0.0418624877929688 -0.0850372314453125 0.09918212890625 -0.218032836914063
0.026702880859375 -0.082061767578125 0.0476531982421875 -0.184478759765625
-0.00128173828125 -0.078125 -0.0244216918945313 -0.128448486328125
-0.023529052734375 -0.0745697021484375 -0.0674552917480469 -0.0533103942871094
-0.0367469787597656 -0.0631217956542969 -0.0618820190429688 0.0358695983886719
-0.0436630249023438 -0.052276611328125 -0.01171875 0.0890960693359375
-0.0271835327148438 -0.0511970520019531 0.0606765747070312 0.114952087402344
-0.0376319885253906 -0.0460281372070312 0.138252258300781 0.128929138183594
-0.0437431335449219 -0.04144287109375 0.168533325195313 0.1392822265625
-0.0275421142578125 -0.145538330078125 -0.0421066284179688 0.0878982543945312
0.00694274902343749 -0.151229858398438 -0.0429344177246094 0.0296592712402344
0.056976318359375 -0.151596069335938 -0.0298423767089844 -0.0284309387207031
0.0860443115234375 -0.132438659667969 0.00859069824218751 -0.101356506347656
0.10235595703125 -0.113380432128906 0.0581130981445312 -0.134361267089844
0.104949951171875 -0.126556396484375 0.0858154296875 -0.176406860351562
0.079254150390625 -0.147796630859375 0.0768280029296875 -0.1807861328125
0.0644760131835938 -0.140174865722656 0.0394744873046875 -0.142913818359375
0.02923583984375 -0.141921997070313 -0.01568603515625 -0.0962982177734375
-0.00450134277343749 -0.1424560546875 -0.0551185607910156 -0.0320358276367188
-0.0288772583007812 -0.127212524414063 -0.0506591796875 0.0474891662597656
-0.053009033203125 -0.114204406738281 -0.011749267578125 0.0939865112304687
-0.0341110229492188 -0.112174987792969 0.052490234375 0.121803283691406
-0.0591201782226562 -0.105453491210938 0.113044738769531 0.126640319824219
-0.0715713500976563 -0.0944290161132813 0.146804809570313 0.12139892578125
-0.0488128662109375 -0.179290771484375 -0.0598907470703125 0.0306777954101562
-0.017059326171875 -0.191207885742188 -0.0489463806152344 -0.0212440490722656
0.0361785888671875 -0.196792602539063 -0.0251083374023438 -0.0494956970214844
0.0727081298828125 -0.184539794921875 0.00971221923828125 -0.105682373046875
0.100128173828125 -0.166168212890625 0.0397109985351563 -0.11480712890625
0.113265991210937 -0.180099487304688 0.0527496337890625 -0.134086608886719
0.09619140625 -0.191482543945313 0.0478439331054688 -0.120918273925781
0.091278076171875 -0.17633056640625 0.0231170654296875 -0.0815582275390625
0.0636138916015625 -0.183975219726563 -0.0113296508789062 -0.0418472290039063
0.030181884765625 -0.190139770507812 -0.0427932739257813 0.00648117065429686
0.00173950195312501 -0.179031372070313 -0.036773681640625 0.0657920837402343
-0.0384521484375 -0.17059326171875 -0.0111160278320313 0.0965728759765625
-0.019775390625 -0.167205810546875 0.0390853881835937 0.118247985839844
-0.0606842041015625 -0.160873413085938 0.0790939331054688 0.109199523925781
-0.083282470703125 -0.138969421386719 0.115943908691406 0.0849609375
-0.0637359619140625 -0.18157958984375 -0.0916976928710938 -0.0268707275390625
-0.0457916259765625 -0.192611694335938 -0.0701789855957031 -0.068511962890625
-0.000122070312499993 -0.199203491210938 -0.0307502746582031 -0.0670700073242188
0.035430908203125 -0.197784423828125 0.00897216796875001 -0.101341247558594
0.06939697265625 -0.186126708984375 0.0305557250976563 -0.082061767578125
0.091400146484375 -0.202743530273438 0.031524658203125 -0.073822021484375
0.091796875 -0.205963134765625 0.024993896484375 -0.0446434020996094
0.1051025390625 -0.185653686523437 0.00156164169311524 -0.0060105323791504
0.0946044921875 -0.194107055664063 -0.0190773010253906 0.0279464721679687
0.074859619140625 -0.203338623046875 -0.0418243408203125 0.0585098266601562
0.052398681640625 -0.199386596679688 -0.0278244018554687 0.0919265747070312
0.00106811523437499 -0.204803466796875 -0.00994110107421874 0.0943069458007812
0.01409912109375 -0.199127197265625 0.0269775390625 0.0998306274414063
-0.0413818359375 -0.195999145507813 0.0463676452636719 0.0691070556640625
-0.076141357421875 -0.165237426757813 0.0869216918945313 0.0291366577148437
-0.0652923583984375 -0.154510498046875 -0.128677368164063 -0.0736465454101563
-0.05975341796875 -0.161605834960938 -0.098876953125 -0.101402282714844
-0.0248565673828125 -0.162399291992188 -0.0408248901367187 -0.0763931274414063
0.00431823730468749 -0.167617797851563 0.0109939575195312 -0.091064453125
0.03466796875 -0.163131713867188 0.0334396362304688 -0.048065185546875
0.059234619140625 -0.182907104492188 0.0300865173339844 -0.0117855072021484
0.075042724609375 -0.184371948242188 0.0140838623046875 0.0328865051269531
0.100448608398437 -0.164382934570312 -0.0201683044433594 0.0701446533203125
0.110702514648438 -0.16961669921875 -0.0416717529296875 0.0987396240234375
0.106597900390625 -0.175201416015625 -0.0584487915039062 0.112808227539063
0.097625732421875 -0.17547607421875 -0.0302200317382812 0.117973327636719
0.0482330322265625 -0.193267822265625 -0.0062408447265625 0.087554931640625
0.0540924072265625 -0.187606811523438 0.0253791809082031 0.0683021545410156
-0.010711669921875 -0.194992065429688 0.0275001525878906 0.015106201171875
-0.0565032958984375 -0.164947509765625 0.0650978088378906 -0.03558349609375
-0.0502395629882812 -0.10845947265625 -0.162216186523438 -0.105987548828125
-0.0536880493164062 -0.113716125488281 -0.125984191894531 -0.117294311523438
-0.0269851684570312 -0.108070373535156 -0.0502090454101562 -0.0791015625
-0.00627899169921874 -0.113182067871094 0.014251708984375 -0.080535888671875
0.01544189453125 -0.114830017089844 0.0418663024902344 -0.0239143371582031
0.0341033935546875 -0.131233215332031 0.0395660400390625 0.0370597839355469
0.0554580688476563 -0.133407592773438 0.0140380859375 0.0960922241210937
0.0814056396484375 -0.117767333984375 -0.0378952026367188 0.133979797363281
0.102073669433594 -0.120346069335938 -0.0730133056640625 0.157623291015625
0.106735229492188 -0.119575500488281 -0.0880889892578125 0.154037475585938
0.108123779296875 -0.117927551269531 -0.0425033569335937 0.136940002441406
0.0736312866210938 -0.139663696289063 0.00215148925781251 0.0819320678710937
0.0706253051757813 -0.138381958007812 0.037567138671875 0.0375442504882812
0.0121612548828125 -0.155517578125 0.0297889709472656 -0.0384979248046875
-0.0330810546875 -0.132545471191406 0.0555038452148438 -0.0967178344726563
-0.0223121643066406 -0.054718017578125 -0.18475341796875 -0.124130249023438
-0.028045654296875 -0.0618095397949219 -0.142166137695312 -0.124481201171875
-0.00954437255859375 -0.0520973205566406 -0.0576858520507813 -0.0807723999023438
0.0027923583984375 -0.0548324584960938 0.0177841186523438 -0.0758514404296875
0.0106239318847656 -0.0547027587890625 0.0489768981933594 -0.0121231079101563
0.0216865539550781 -0.0620384216308594 0.0497207641601563 0.0664520263671875
0.0378532409667969 -0.0609588623046875 0.0185012817382813 0.135856628417969
0.0493049621582031 -0.0551109313964844 -0.0507659912109375 0.174972534179688
0.06402587890625 -0.0560455322265625 -0.100723266601563 0.194381713867188
0.0673828125 -0.0561904907226562 -0.116683959960937 0.177658081054688
0.0733413696289063 -0.0543746948242188 -0.0567626953125 0.14581298828125
0.0573310852050781 -0.0682525634765625 0.0102386474609375 0.079498291015625
0.0509185791015625 -0.0687637329101563 0.0522232055664063 0.0164070129394531
0.0122604370117187 -0.088165283203125 0.0411376953125 -0.0751876831054688
-0.0124588012695313 -0.0772247314453125 0.053070068359375 -0.140945434570313
0.00737619400024414 -0.00824689865112305 -0.035888671875 0.153640747070313
0.00349092483520508 -0.00434327125549316 -0.0483322143554688 0.095428466796875
0.00635862350463867 -0.00590944290161133 -0.0401382446289063 -0.00746536254882812
0.00578927993774414 -0.000225067138671875 0.00325775146484375 -0.0865936279296875
0.000951290130615234 0.00203537940979004 0.0888214111328125 -0.142913818359375
-0.00683069229125976 0.000937938690185545 0.135635375976563 -0.208541870117188
-0.0103044509887695 -0.0153484344482422 0.110000610351563 -0.243072509765625
-0.0140380859375 -0.0132589340209961 0.0491485595703125 -0.21160888671875
-0.0253829956054688 -0.00435256958007812 -0.0352935791015625 -0.145980834960938
-0.0291767120361328 -0.00182151794433594 -0.0793533325195313 -0.0628738403320313
-0.0307216644287109 0.00135612487792968 -0.0721664428710938 0.0334243774414062
-0.0217151641845703 0.00582695007324219 -0.00981903076171876 0.088104248046875
-0.00983047485351563 0.0061807632446289 0.0663681030273438 0.11053466796875
-0.00662612915039062 0.00919914245605469 0.157379150390625 0.12506103515625
-0.00726890563964844 0.0102739334106445 0.192108154296875 0.1434326171875
-0.0128631591796875 -0.0877609252929687 -0.0339889526367187 0.1365966796875
0.012054443359375 -0.0886764526367188 -0.0451812744140625 0.0762863159179688
0.0462188720703125 -0.0872116088867187 -0.0385780334472656 -0.0104637145996094
0.0641632080078125 -0.0686492919921875 0.00506591796875001 -0.0946731567382813
0.0661277770996094 -0.0550727844238281 0.079193115234375 -0.146209716796875
0.0627098083496094 -0.0663948059082031 0.120208740234375 -0.206802368164063
0.04345703125 -0.09088134765625 0.101837158203125 -0.231033325195313
0.0274505615234375 -0.0881805419921875 0.0477447509765625 -0.197723388671875
-0.002227783203125 -0.0829849243164063 -0.0279693603515625 -0.136917114257813
-0.025604248046875 -0.0784988403320312 -0.0716171264648437 -0.05560302734375
-0.0401153564453125 -0.0665168762207031 -0.0648765563964844 0.0384025573730469
-0.047698974609375 -0.0541610717773438 -0.0102462768554687 0.093017578125
-0.02996826171875 -0.0548553466796875 0.0654449462890625 0.118659973144531
-0.0432586669921875 -0.0496597290039063 0.148269653320312 0.132644653320313
-0.0479774475097656 -0.0423469543457031 0.18133544921875 0.1431884765625
-0.034027099609375 -0.15283203125 -0.0427780151367188 0.0930633544921875
0.00415039062499999 -0.160232543945313 -0.043365478515625 0.0345458984375
0.0574951171875 -0.162063598632813 -0.030517578125 -0.027679443359375
0.088409423828125 -0.141647338867187 0.00716400146484375 -0.106330871582031
0.106094360351563 -0.1214599609375 0.0598297119140625 -0.14154052734375
0.10931396484375 -0.136184692382813 0.0885467529296875 -0.185394287109375
0.0833282470703125 -0.157989501953125 0.0776519775390625 -0.192337036132812
0.0650634765625 -0.14947509765625 0.0381927490234375 -0.153640747070312
0.028717041015625 -0.150970458984375 -0.0183334350585938 -0.1014404296875
-0.00830078125000001 -0.150619506835938 -0.0586433410644531 -0.0324935913085937
-0.03375244140625 -0.134048461914063 -0.0519561767578125 0.0503463745117187
-0.058685302734375 -0.120185852050781 -0.0102920532226562 0.0986557006835937
-0.039398193359375 -0.119430541992188 0.05810546875 0.12664794921875
-0.0670318603515625 -0.111289978027344 0.120071411132813 0.130538940429688
-0.0790939331054688 -0.096649169921875 0.157135009765625 0.124420166015625
-0.0572509765625 -0.189849853515625 -0.0641746520996094 0.0334892272949218
-0.0231170654296875 -0.2015380859375 -0.05133056640625 -0.0197334289550781
0.033843994140625 -0.209716796875 -0.0263023376464844 -0.0489158630371094
0.0729522705078125 -0.198089599609375 0.0071868896484375 -0.111228942871094
0.102951049804688 -0.178634643554688 0.0402450561523438 -0.119804382324219
0.11749267578125 -0.194534301757813 0.0545654296875 -0.141342163085937
0.0985260009765625 -0.206008911132813 0.0472488403320313 -0.127487182617188
0.0932464599609375 -0.188873291015625 0.0213623046875 -0.0869216918945313
0.0645904541015625 -0.19598388671875 -0.0135459899902344 -0.0445404052734375
0.027923583984375 -0.202621459960938 -0.0459632873535156 0.00762939453124999
-0.00128173828124998 -0.189682006835938 -0.0373573303222656 0.0694389343261719
-0.0452880859375 -0.180435180664063 -0.0109634399414063 0.101844787597656
-0.0278472900390625 -0.17816162109375 0.0433883666992188 0.122688293457031
-0.0703125 -0.16827392578125 0.0853195190429688 0.112312316894531
-0.0911102294921875 -0.143234252929687 0.124992370605469 0.0862503051757812
-0.0736541748046875 -0.191619873046875 -0.0990524291992188 -0.0254592895507813
-0.0539093017578125 -0.20257568359375 -0.0756759643554688 -0.0695266723632813
-0.00479125976562501 -0.211624145507813 -0.0325431823730469 -0.0672760009765625
0.0340118408203125 -0.210586547851563 0.00681304931640625 -0.106536865234375
0.0697479248046875 -0.199493408203125 0.03118896484375 -0.08489990234375
0.0941314697265625 -0.21759033203125 0.0341033935546875 -0.0761184692382813
0.0925750732421875 -0.220855712890625 0.0242233276367188 -0.0461311340332031
0.107620239257813 -0.197952270507813 -0.000144958496093744 -0.00575542449951173
0.0981903076171875 -0.207809448242187 -0.021392822265625 0.029998779296875
0.074920654296875 -0.217193603515625 -0.0429000854492188 0.0622634887695312
0.05194091796875 -0.2120361328125 -0.0277633666992187 0.0971755981445312
-0.003814697265625 -0.216995239257813 -0.00926971435546876 0.0991744995117187
0.00924682617187499 -0.212005615234375 0.0304718017578125 0.102378845214844
-0.0509185791015625 -0.206268310546875 0.0492401123046875 0.0719833374023437
-0.0856781005859375 -0.171661376953125 0.0921707153320313 0.0283355712890625
-0.0741729736328125 -0.162826538085938 -0.138351440429688 -0.0740356445312501
-0.0687713623046875 -0.168930053710938 -0.107162475585937 -0.103446960449219
-0.0296630859375 -0.17315673828125 -0.0437088012695312 -0.0778350830078125
0.00119018554687499 -0.178634643554688 0.00864410400390625 -0.096099853515625
0.03326416015625 -0.174301147460938 0.0353736877441406 -0.0493888854980469
0.0596160888671875 -0.196868896484375 0.0327205657958984 -0.00996780395507814
0.075164794921875 -0.197265625 0.0138740539550781 0.0355224609375
0.103607177734375 -0.174972534179688 -0.0224227905273438 0.0757827758789062
0.115966796875 -0.182037353515625 -0.044342041015625 0.104827880859375
0.1102294921875 -0.188812255859375 -0.0598220825195312 0.119056701660156
0.100738525390625 -0.187362670898437 -0.0292587280273437 0.125450134277344
0.047607421875 -0.206497192382812 -0.00483703613281251 0.0922927856445312
0.05267333984375 -0.202239990234375 0.0289039611816406 0.069061279296875
-0.017059326171875 -0.206756591796875 0.0283641815185547 0.0150508880615234
-0.0650787353515625 -0.171737670898438 0.0671844482421875 -0.04046630859375
-0.0565948486328125 -0.114830017089844 -0.173965454101563 -0.107589721679688
-0.060546875 -0.118690490722656 -0.135765075683594 -0.119293212890625
-0.0308761596679688 -0.115226745605469 -0.0541534423828125 -0.0795440673828125
-0.0093231201171875 -0.121246337890625 0.01324462890625 -0.0848464965820313
0.0130691528320312 -0.121543884277344 0.0449790954589844 -0.0240097045898438
0.03497314453125 -0.1409912109375 0.0436668395996094 0.0416030883789062
0.0548095703125 -0.14276123046875 0.0151443481445313 0.103561401367187
0.0837173461914062 -0.126274108886719 -0.041015625 0.143692016601563
0.106758117675781 -0.128440856933594 -0.0763092041015625 0.168121337890625
0.111930847167969 -0.12835693359375 -0.0912628173828125 0.1634521484375
0.112617492675781 -0.126922607421875 -0.042999267578125 0.14453125
0.0759124755859375 -0.14910888671875 0.00327301025390626 0.0857772827148438
0.0724334716796875 -0.148971557617187 0.0405311584472656 0.0363426208496094
0.00788879394531249 -0.165115356445312 0.0288658142089844 -0.0410690307617188
-0.0389556884765625 -0.139289855957031 0.0549697875976563 -0.103179931640625
-0.0250701904296875 -0.0574684143066406 -0.19805908203125 -0.125900268554688
-0.0323715209960938 -0.0649070739746094 -0.152801513671875 -0.126907348632812
-0.0120697021484375 -0.0546379089355469 -0.0623931884765625 -0.0816650390625
0.00143814086914063 -0.0586624145507813 0.0174102783203125 -0.07977294921875
0.0115585327148437 -0.0581588745117187 0.0515213012695313 -0.0123138427734375
0.0226058959960938 -0.06671142578125 0.0554275512695313 0.0708465576171875
0.0380477905273438 -0.0664863586425781 0.020416259765625 0.144668579101563
0.0520973205566406 -0.0603752136230469 -0.051544189453125 0.187057495117188
0.067657470703125 -0.0606880187988281 -0.105331420898437 0.2076416015625
0.0699844360351563 -0.060516357421875 -0.120880126953125 0.189117431640625
0.0758514404296875 -0.0586471557617188 -0.0582275390625 0.154266357421875
0.0595474243164063 -0.072540283203125 0.0114822387695313 0.083770751953125
0.054168701171875 -0.0747299194335938 0.0565223693847656 0.0148429870605469
0.00988006591796874 -0.0919723510742188 0.0413742065429688 -0.0808181762695313
-0.0165023803710937 -0.0811920166015625 0.052520751953125 -0.151092529296875
0.00675106048583984 -0.0101537704467773 -0.029571533203125 0.1644287109375
0.00286436080932617 -0.00456476211547852 -0.045501708984375 0.104606628417969
0.0067744255065918 -0.0052337646484375 -0.0429878234863281 -0.00456619262695312
0.00700521469116211 5.81741333007812E-05 -0.00147247314453125 -0.0900192260742188
0.00112307071685791 0.0020827054977417 0.087890625 -0.155654907226563
-0.00688791275024414 0.00130796432495117 0.1348876953125 -0.228775024414062
-0.0107622146606445 -0.0151100158691406 0.105148315429687 -0.266098022460938
-0.0174074172973633 -0.0143575668334961 0.0431365966796875 -0.22918701171875
-0.0257778167724609 -0.00378227233886719 -0.0438232421875 -0.15399169921875
-0.0299701690673828 0.001007080078125 -0.0860748291015625 -0.0625228881835938
-0.0337581634521484 0.00403213500976563 -0.0758590698242188 0.0370941162109375
-0.0236949920654297 0.00883865356445313 -0.00713348388671875 0.092864990234375
-0.0115137100219727 0.00749969482421875 0.0753707885742188 0.111686706542969
-0.00725936889648438 0.0106954574584961 0.175140380859375 0.124191284179688
-0.00755882263183594 0.0122127532958984 0.213409423828125 0.140274047851563
-0.01922607421875 -0.093414306640625 -0.02728271484375 0.147109985351563
0.00920867919921876 -0.0952224731445313 -0.0429840087890625 0.086151123046875
0.0444717407226563 -0.0943374633789063 -0.0401954650878906 -0.00698852539062501
0.063201904296875 -0.0736923217773438 3.0517578125003E-05 -0.0981063842773437
0.070220947265625 -0.0630683898925781 0.0780181884765625 -0.15716552734375
0.06365966796875 -0.0740127563476563 0.118057250976563 -0.2252197265625
0.0420303344726563 -0.0993194580078125 0.0961151123046875 -0.2503662109375
0.02374267578125 -0.094024658203125 0.03973388671875 -0.212509155273438
-0.00469970703124999 -0.0883560180664062 -0.0365753173828125 -0.14459228515625
-0.0300064086914062 -0.0826492309570313 -0.0779571533203125 -0.0544891357421875
-0.0472831726074219 -0.0676231384277344 -0.0667343139648438 0.0437736511230469
-0.0536003112792969 -0.0548210144042969 -0.00884246826171875 0.0994949340820313
-0.0365829467773437 -0.0577735900878906 0.0751876831054688 0.121551513671875
-0.0496673583984375 -0.0495796203613281 0.163665771484375 0.13153076171875
-0.0553970336914062 -0.043731689453125 0.200439453125 0.140838623046875
-0.0460968017578125 -0.16180419921875 -0.0404205322265625 0.101219177246094
-0.005096435546875 -0.17059326171875 -0.0423164367675781 0.040771484375
0.051483154296875 -0.176361083984375 -0.0323028564453125 -0.0240345001220703
0.0882720947265625 -0.154815673828125 0.00201416015625001 -0.111099243164063
0.106010437011719 -0.137870788574219 0.055633544921875 -0.151901245117187
0.109893798828125 -0.152175903320313 0.08551025390625 -0.200607299804688
0.0797576904296875 -0.17352294921875 0.072021484375 -0.20623779296875
0.06097412109375 -0.161758422851563 0.03240966796875 -0.16412353515625
0.0227203369140625 -0.161041259765625 -0.0253372192382813 -0.107223510742188
-0.0163421630859375 -0.16058349609375 -0.0624504089355469 -0.0316047668457031
-0.0434417724609375 -0.139511108398438 -0.0536346435546875 0.0555152893066406
-0.0710372924804688 -0.12255859375 -0.00672912597656249 0.104110717773437
-0.0511245727539062 -0.124282836914062 0.0689010620117188 0.127197265625
-0.079925537109375 -0.113243103027344 0.135383605957031 0.131332397460938
-0.0914230346679687 -0.0982284545898438 0.174407958984375 0.121978759765625
-0.0756072998046875 -0.199691772460938 -0.0680160522460938 0.0390243530273437
-0.037994384765625 -0.213409423828125 -0.0538825988769531 -0.0157623291015625
0.02496337890625 -0.226898193359375 -0.0295906066894531 -0.0481300354003906
0.0667877197265625 -0.215164184570313 0.000152587890624997 -0.117424011230469
0.100387573242188 -0.19525146484375 0.0370712280273438 -0.128242492675781
0.114425659179687 -0.215377807617187 0.0525360107421875 -0.149993896484375
0.09246826171875 -0.224075317382813 0.0426101684570312 -0.135986328125
0.0899810791015625 -0.205612182617187 0.016845703125 -0.0933380126953125
0.0595245361328125 -0.2127685546875 -0.0168800354003906 -0.0462875366210938
0.0174713134765625 -0.216873168945313 -0.0467720031738281 0.00965118408203124
-0.0125579833984375 -0.200851440429688 -0.0358200073242187 0.0759048461914062
-0.0587615966796875 -0.189971923828125 -0.00622558593750001 0.107696533203125
-0.0409393310546875 -0.19024658203125 0.0532455444335938 0.124366760253906
-0.0866546630859375 -0.173309326171875 0.095733642578125 0.113906860351562
-0.1072998046875 -0.145355224609375 0.137016296386719 0.0845108032226562
-0.0926971435546875 -0.199066162109375 -0.107513427734375 -0.0210723876953125
-0.0713043212890625 -0.21234130859375 -0.0839385986328125 -0.06732177734375
-0.016632080078125 -0.227935791015625 -0.0363426208496094 -0.06671142578125
0.021636962890625 -0.225906372070313 0.000488281250000009 -0.112174987792969
0.0615234375 -0.215255737304688 0.0312347412109375 -0.0913009643554688
0.08795166015625 -0.238189697265625 0.0343780517578125 -0.080810546875
0.08544921875 -0.241668701171875 0.0229301452636719 -0.0494270324707031
0.102996826171875 -0.2171630859375 -0.00345563888549804 -0.00515031814575197
0.09429931640625 -0.226181030273438 -0.0221920013427734 0.0326786041259765
0.0679931640625 -0.235488891601563 -0.0424766540527344 0.0687751770019531
0.0434722900390625 -0.227859497070312 -0.0239486694335937 0.104598999023437
-0.01678466796875 -0.231124877929687 -0.00417327880859376 0.10595703125
-0.00384521484374999 -0.22833251953125 0.037750244140625 0.104499816894531
-0.0682525634765625 -0.214584350585938 0.057403564453125 0.073150634765625
-0.101242065429687 -0.176910400390625 0.099365234375 0.023101806640625
-0.09161376953125 -0.168319702148438 -0.153091430664063 -0.0707855224609375
-0.085601806640625 -0.175430297851563 -0.1202392578125 -0.099517822265625
-0.0424652099609375 -0.183074951171875 -0.0491180419921875 -0.0772323608398438
-0.0103912353515625 -0.189071655273438 0.00340270996093749 -0.1016845703125
0.02545166015625 -0.1876220703125 0.0348548889160156 -0.0535087585449219
0.0529022216796875 -0.21417236328125 0.0373649597167969 -0.0104408264160156
0.0685577392578125 -0.216323852539062 0.0172843933105469 0.0393104553222656
0.101165771484375 -0.192062377929688 -0.0225143432617188 0.0828094482421875
0.1143798828125 -0.200149536132813 -0.0428390502929688 0.115226745605469
0.108566284179688 -0.20587158203125 -0.0568695068359375 0.127906799316406
0.0973663330078125 -0.204757690429688 -0.0251083374023437 0.133552551269531
0.03851318359375 -0.22076416015625 -0.0013580322265625 0.099761962890625
0.0431671142578125 -0.218612670898438 0.0340957641601563 0.0709152221679687
-0.031951904296875 -0.217376708984375 0.0301952362060547 0.0133495330810547
-0.080596923828125 -0.177978515625 0.0677528381347656 -0.0462684631347656
-0.0686798095703125 -0.119041442871094 -0.19305419921875 -0.103042602539063
-0.0735702514648437 -0.123298645019531 -0.151321411132813 -0.116867065429688
-0.0400772094726563 -0.121826171875 -0.0601730346679688 -0.08099365234375
-0.0179214477539062 -0.128547668457031 0.00904083251953126 -0.090484619140625
0.00498199462890626 -0.130203247070312 0.0458297729492188 -0.026397705078125
0.02813720703125 -0.15374755859375 0.0500411987304687 0.04290771484375
0.04974365234375 -0.1553955078125 0.0223922729492187 0.110107421875
0.0828475952148437 -0.139656066894531 -0.037689208984375 0.15679931640625
0.107284545898438 -0.143341064453125 -0.073516845703125 0.181991577148438
0.1112060546875 -0.142349243164063 -0.08892822265625 0.177398681640625
0.113327026367187 -0.14093017578125 -0.039337158203125 0.15472412109375
0.072845458984375 -0.164291381835938 0.00788879394531251 0.09136962890625
0.067840576171875 -0.163803100585938 0.0447578430175781 0.0353202819824219
-0.00132751464843748 -0.174453735351563 0.0276412963867188 -0.0464630126953125
-0.050048828125 -0.145523071289063 0.052093505859375 -0.114402770996094
-0.0295219421386719 -0.0609588623046875 -0.220199584960938 -0.12213134765625
-0.0398902893066406 -0.0662689208984375 -0.17022705078125 -0.123321533203125
-0.0154037475585937 -0.0581817626953125 -0.0692596435546875 -0.0812225341796875
-0.00156402587890625 -0.0623817443847656 0.0134429931640625 -0.0853271484375
0.00769424438476563 -0.0620307922363281 0.0540580749511719 -0.0150222778320313
0.019378662109375 -0.072784423828125 0.0636367797851563 0.0728378295898438
0.0374069213867188 -0.0739212036132812 0.030059814453125 0.154586791992188
0.0512161254882813 -0.0673866271972656 -0.047943115234375 0.202178955078125
0.0695648193359375 -0.0690383911132813 -0.104522705078125 0.22528076171875
0.0716323852539063 -0.0681381225585938 -0.119277954101563 0.205093383789062
0.077789306640625 -0.06512451171875 -0.0531463623046875 0.165512084960937
0.06036376953125 -0.08184814453125 0.0156631469726563 0.0861587524414063
0.051727294921875 -0.0843048095703125 0.0611801147460938 0.011077880859375
0.00445556640625001 -0.098236083984375 0.0389480590820312 -0.088775634765625
-0.021453857421875 -0.085235595703125 0.0447998046875 -0.164047241210938
0.00707387924194336 -0.00796794891357422 -0.0163421630859375 0.173126220703125
0.00351715087890625 -0.00416421890258789 -0.0322494506835938 0.11480712890625
0.00471210479736328 -0.00557279586791992 -0.0433807373046875 -0.0029449462890625
0.00532722473144531 -0.00331926345825195 -0.0073089599609375 -0.0894546508789063
0.00172066688537598 0.00296664237976074 0.0804901123046875 -0.164291381835938
-0.00382852554321289 -0.000617027282714843 0.121353149414063 -0.249099731445313
-0.0134649276733398 -0.0170841217041016 0.087921142578125 -0.283203125
-0.0177402496337891 -0.0146465301513672 0.0266571044921875 -0.244094848632813
-0.0233955383300781 -0.00211906433105469 -0.055999755859375 -0.157546997070313
-0.0299434661865234 0.00100326538085937 -0.0944976806640625 -0.0620498657226563
-0.0354118347167969 0.00730133056640624 -0.0722427368164063 0.0458602905273438
-0.0243701934814453 0.0108375549316406 -0.00182342529296875 0.095947265625
-0.0109634399414062 0.00724315643310547 0.0882644653320313 0.110649108886719
-0.00522851943969727 0.00853347778320313 0.188430786132812 0.112533569335937
-0.00505638122558594 0.0115270614624023 0.229507446289063 0.127288818359375
-0.0260543823242187 -0.099761962890625 -0.0159912109375 0.155242919921875
-0.00223541259765624 -0.0992889404296875 -0.0334014892578125 0.091094970703125
0.0412826538085937 -0.104782104492188 -0.0396308898925781 -0.00115966796875001
0.0570602416992188 -0.0855789184570313 -0.00863647460937499 -0.102317810058594
0.0643196105957031 -0.0699615478515625 0.0688629150390625 -0.169891357421875
0.0634994506835937 -0.0838851928710937 0.1068115234375 -0.240020751953125
0.0352020263671875 -0.109130859375 0.079803466796875 -0.266326904296875
0.0152969360351563 -0.0996170043945312 0.0285186767578125 -0.225570678710938
-0.0110015869140625 -0.0887527465820313 -0.0472412109375 -0.149459838867187
-0.0427017211914063 -0.0826644897460938 -0.0855026245117187 -0.0526123046875
-0.0559120178222656 -0.0647354125976563 -0.0675811767578125 0.0489387512207031
-0.064117431640625 -0.0499191284179687 -0.0010833740234375 0.101814270019531
-0.0435028076171875 -0.0605125427246094 0.0901641845703125 0.115768432617188
-0.0600471496582031 -0.0480918884277344 0.181365966796875 0.120315551757813
-0.0568923950195313 -0.0405769348144531 0.22149658203125 0.126068115234375
-0.0656280517578125 -0.161300659179687 -0.0343704223632813 0.110061645507813
-0.022705078125 -0.176422119140625 -0.0393905639648438 0.0443077087402344
0.0408935546875 -0.189895629882813 -0.0350437164306641 -0.0189609527587891
0.0754852294921875 -0.167800903320313 -0.00820922851562499 -0.113639831542969
0.1016845703125 -0.149322509765625 0.0460052490234375 -0.16046142578125
0.104949951171875 -0.168716430664063 0.07568359375 -0.215682983398437
0.0693359375 -0.186874389648437 0.05853271484375 -0.221710205078125
0.0517730712890625 -0.170547485351563 0.019683837890625 -0.17388916015625
0.012542724609375 -0.172073364257813 -0.0346832275390625 -0.109725952148438
-0.0319671630859375 -0.161911010742188 -0.065155029296875 -0.0270347595214844
-0.0572662353515625 -0.139450073242188 -0.0484580993652344 0.0634498596191406
-0.0849380493164063 -0.11981201171875 0.00228881835937501 0.110816955566406
-0.064208984375 -0.127822875976563 0.078399658203125 0.126304626464844
-0.0965042114257813 -0.107131958007813 0.154083251953125 0.123886108398438
-0.103660583496094 -0.091552734375 0.191207885742188 0.109207153320313
-0.0974884033203125 -0.200286865234375 -0.0650291442871094 0.0455436706542969
-0.0592041015625 -0.216598510742187 -0.0565147399902344 -0.0122337341308594
0.00674438476562498 -0.237548828125 -0.0342979431152344 -0.0477943420410156
0.05133056640625 -0.229904174804688 -0.0107650756835938 -0.121414184570313
0.085205078125 -0.213668823242187 0.025177001953125 -0.133567810058594
0.103240966796875 -0.23211669921875 0.0426483154296875 -0.160247802734375
0.0796356201171875 -0.240463256835937 0.032928466796875 -0.144439697265625
0.074920654296875 -0.218673706054688 0.00905609130859376 -0.09716796875
0.0428924560546875 -0.225830078125 -0.02130126953125 -0.0480117797851563
-0.00115966796875001 -0.228103637695313 -0.0476570129394531 0.0141487121582031
-0.028167724609375 -0.207473754882813 -0.0318984985351563 0.0796432495117187
-0.0793609619140625 -0.192169189453125 0.00186157226562499 0.114700317382812
-0.058990478515625 -0.195022583007813 0.0659637451171875 0.124481201171875
-0.107421875 -0.173065185546875 0.10595703125 0.107948303222656
-0.12384033203125 -0.140899658203125 0.149307250976563 0.0723876953125
-0.115371704101563 -0.199462890625 -0.116294860839844 -0.0126800537109375
-0.09320068359375 -0.215194702148438 -0.0939102172851563 -0.0584182739257813
-0.037933349609375 -0.236099243164063 -0.0428466796875 -0.0645523071289063
0.00540161132812503 -0.23712158203125 -0.00917816162109376 -0.114845275878906
0.045989990234375 -0.231033325195313 0.0250091552734375 -0.0933303833007813
0.0712738037109375 -0.254852294921875 0.0306015014648437 -0.0862503051757813
0.0681915283203125 -0.258682250976563 0.0184402465820313 -0.0500717163085938
0.08978271484375 -0.233474731445312 -0.0034494400024414 -0.00341057777404787
0.080718994140625 -0.2430419921875 -0.0206832885742187 0.0380363464355469
0.0507354736328125 -0.247970581054688 -0.0372390747070312 0.071380615234375
0.0262298583984375 -0.239501953125 -0.0189590454101562 0.109718322753906
-0.038177490234375 -0.237228393554687 0.00274658203125 0.111236572265625
-0.0228424072265625 -0.238983154296875 0.0492172241210938 0.103340148925781
-0.088226318359375 -0.217254638671875 0.0628089904785156 0.06982421875
-0.120697021484375 -0.17254638671875 0.1029052734375 0.0163345336914062
-0.110137939453125 -0.166519165039062 -0.164825439453125 -0.054595947265625
-0.108428955078125 -0.174057006835937 -0.13134765625 -0.0914993286132813
-0.05828857421875 -0.187957763671875 -0.0538558959960937 -0.07379150390625
-0.02728271484375 -0.197723388671875 -0.003173828125 -0.10552978515625
0.00953674316406252 -0.197479248046875 0.0312461853027344 -0.0581512451171875
0.037872314453125 -0.224044799804687 0.0364723205566406 -0.0140380859375
0.0508575439453125 -0.228073120117188 0.019775390625 0.0420303344726562
0.087890625 -0.20611572265625 -0.0184249877929687 0.0877304077148438
0.102859497070312 -0.217086791992187 -0.0386199951171875 0.123512268066406
0.0933074951171875 -0.22259521484375 -0.04913330078125 0.136146545410156
0.085601806640625 -0.221466064453125 -0.015899658203125 0.141494750976562
0.0206451416015625 -0.235076904296875 0.00962066650390625 0.101753234863281
0.026336669921875 -0.233078002929688 0.0381889343261719 0.0668067932128906
-0.0509796142578125 -0.219451904296875 0.0329074859619141 0.0106697082519531
-0.0968475341796875 -0.1751708984375 0.0642433166503906 -0.0551261901855469
-0.0830841064453125 -0.117286682128906 -0.209442138671875 -0.0884552001953126
-0.0865707397460938 -0.122390747070312 -0.167205810546875 -0.10479736328125
-0.0529403686523438 -0.123992919921875 -0.0683441162109375 -0.0770339965820313
-0.02972412109375 -0.130683898925781 0.00218963623046875 -0.0935745239257813
-0.006500244140625 -0.135337829589844 0.0482177734375 -0.0318717956542969
0.017242431640625 -0.160980224609375 0.0575408935546875 0.0394668579101562
0.0399627685546875 -0.166000366210938 0.0341567993164063 0.112823486328125
0.0733642578125 -0.14996337890625 -0.0281829833984375 0.169174194335937
0.100830078125 -0.15618896484375 -0.0654144287109375 0.194992065429688
0.102066040039062 -0.157516479492187 -0.081756591796875 0.190155029296875
0.106582641601563 -0.158462524414063 -0.0288848876953125 0.165542602539063
0.06158447265625 -0.177947998046875 0.0132598876953125 0.0927047729492187
0.0549468994140625 -0.174667358398438 0.048431396484375 0.0312461853027344
-0.0178985595703125 -0.179397583007812 0.02508544921875 -0.0501213073730469
-0.0643310546875 -0.144378662109375 0.0394515991210937 -0.125129699707031
-0.0388526916503906 -0.0632095336914062 -0.236770629882812 -0.105392456054687
-0.0491676330566406 -0.0657806396484375 -0.186752319335938 -0.109512329101562
-0.0227851867675781 -0.0619888305664063 -0.07867431640625 -0.0768203735351562
-0.00669097900390624 -0.0658798217773438 0.00779724121093749 -0.0870742797851563
0.00168228149414063 -0.0670433044433594 0.0554733276367188 -0.0174903869628906
0.0166397094726563 -0.0792312622070313 0.0743865966796875 0.0707931518554687
0.0310134887695312 -0.0795974731445313 0.0436859130859375 0.15789794921875
0.0495376586914062 -0.0763931274414063 -0.03448486328125 0.214813232421875
0.06658935546875 -0.07647705078125 -0.0908355712890625 0.24237060546875
0.0712738037109375 -0.0765762329101563 -0.110321044921875 0.219757080078125
0.0761489868164063 -0.0731735229492188 -0.044586181640625 0.175338745117188
0.0528335571289063 -0.091064453125 0.0245208740234375 0.0870437622070312
0.047760009765625 -0.0912857055664063 0.0632591247558594 0.00674057006835937
-0.00279998779296876 -0.100837707519531 0.0305252075195313 -0.0965042114257813
-0.02874755859375 -0.0855255126953125 0.0290985107421875 -0.17584228515625
0.00564002990722656 -0.011754035949707 0.000320434570312495 0.177932739257812
0.00122714042663574 -0.00333666801452637 -0.0254287719726563 0.117729187011719
0.00526857376098633 -0.00688362121582031 -0.0400352478027344 0.00354385375976562
0.00646495819091797 -0.00303459167480469 -0.0159683227539062 -0.0902328491210938
0.00160622596740723 0.0025787353515625 0.06866455078125 -0.1700439453125
-0.00417518615722656 0.000997781753540039 0.105010986328125 -0.25537109375
-0.0134029388427734 -0.0153427124023437 0.068084716796875 -0.28948974609375
-0.0175304412841797 -0.0123319625854492 0.00650024414062498 -0.24652099609375
-0.02655029296875 0.000228881835937495 -0.06671142578125 -0.1558837890625
-0.0313835144042969 0.00519180297851563 -0.10076904296875 -0.0524444580078125
-0.0345630645751953 0.0110874176025391 -0.0714187622070313 0.0490188598632812
-0.0240898132324219 0.0122585296630859 0.0065155029296875 0.0940628051757813
-0.0106172561645508 0.006317138671875 0.0923385620117188 0.101417541503906
-0.00634670257568359 0.012232780456543 0.198089599609375 0.095977783203125
-0.00599479675292969 0.0150728225708008 0.242568969726562 0.104782104492187
-0.0376815795898437 -0.0963058471679688 -0.00480651855468751 0.159210205078125
-0.00827026367187501 -0.099273681640625 -0.0283737182617187 0.0956039428710938
0.0289993286132813 -0.109764099121094 -0.0381622314453125 0.00157928466796874
0.0540847778320312 -0.0902099609375 -0.0125579833984375 -0.0992584228515625
0.0618133544921875 -0.0749588012695312 0.0553131103515625 -0.172286987304687
0.05621337890625 -0.0922927856445313 0.0869598388671875 -0.25164794921875
0.024810791015625 -0.109893798828125 0.0591583251953125 -0.275146484375
0.010650634765625 -0.10174560546875 0.00733947753906252 -0.230606079101563
-0.0210113525390625 -0.0937881469726563 -0.05877685546875 -0.145462036132813
-0.0464935302734375 -0.0803146362304688 -0.0897140502929687 -0.047088623046875
-0.0595207214355469 -0.0629539489746094 -0.0603752136230469 0.0541725158691406
-0.0674934387207031 -0.0490989685058594 0.00912475585937499 0.100631713867188
-0.0500602722167969 -0.0567474365234375 0.0962448120117188 0.110061645507813
-0.0619697570800781 -0.0422439575195312 0.188995361328125 0.106048583984375
-0.0644493103027344 -0.0322608947753906 0.22833251953125 0.108200073242187
-0.08062744140625 -0.158340454101562 -0.0257797241210937 0.114463806152344
-0.03668212890625 -0.17559814453125 -0.03350830078125 0.0526390075683594
0.0247802734375 -0.196304321289062 -0.0330905914306641 -0.0161476135253906
0.066162109375 -0.176544189453125 -0.0162200927734375 -0.112022399902344
0.087158203125 -0.158050537109375 0.033203125 -0.163131713867188
0.089996337890625 -0.17901611328125 0.057830810546875 -0.221420288085938
0.0522918701171875 -0.19378662109375 0.0418548583984375 -0.223007202148438
0.0369415283203125 -0.177947998046875 0.0054473876953125 -0.175979614257813
-0.00170898437500002 -0.173477172851563 -0.0430450439453125 -0.108413696289063
-0.0454864501953125 -0.161392211914063 -0.0692863464355469 -0.02587890625
-0.0703811645507813 -0.137199401855469 -0.04388427734375 0.0644760131835937
-0.0970458984375 -0.1165771484375 0.0103683471679687 0.108757019042969
-0.0762481689453125 -0.122718811035156 0.0885009765625 0.118392944335937
-0.103134155273438 -0.103157043457031 0.159317016601563 0.110671997070313
-0.112724304199219 -0.0827102661132812 0.199020385742188 0.0938568115234375
-0.116744995117188 -0.192718505859375 -0.0633621215820313 0.0543289184570312
-0.0790863037109375 -0.213348388671875 -0.056427001953125 -0.00533294677734377
-0.0121612548828125 -0.242462158203125 -0.0335731506347656 -0.0424079895019531
0.0331268310546875 -0.234970092773437 -0.017303466796875 -0.117240905761719
0.069305419921875 -0.220321655273438 0.0164718627929688 -0.135612487792969
0.0836181640625 -0.245391845703125 0.0320587158203125 -0.162887573242188
0.059600830078125 -0.249282836914063 0.0230712890625 -0.14593505859375
0.06024169921875 -0.227401733398438 0.000679016113281262 -0.0973968505859375
0.0264434814453125 -0.230392456054687 -0.0258293151855469 -0.0443992614746094
-0.0179443359375 -0.2266845703125 -0.0467872619628906 0.0157318115234375
-0.04754638671875 -0.207061767578125 -0.024871826171875 0.0847702026367187
-0.095184326171875 -0.187042236328125 0.0118255615234375 0.112403869628906
-0.0765380859375 -0.191787719726562 0.0715179443359375 0.115974426269531
-0.121749877929688 -0.162582397460937 0.11712646484375 0.0992889404296875
-0.136009216308594 -0.131523132324219 0.152694702148437 0.0618438720703125
-0.135406494140625 -0.190521240234375 -0.114097595214844 6.8664550781243E-05
-0.114044189453125 -0.205535888671875 -0.095184326171875 -0.051361083984375
-0.05694580078125 -0.235549926757813 -0.0441741943359375 -0.0596961975097656
-0.0139617919921875 -0.239639282226563 -0.0177154541015625 -0.114654541015625
0.0289459228515625 -0.235488891601563 0.015289306640625 -0.097564697265625
0.051666259765625 -0.264144897460937 0.02252197265625 -0.089996337890625
0.049102783203125 -0.2628173828125 0.0157852172851563 -0.0509376525878906
0.07293701171875 -0.238174438476563 -0.00676774978637695 -0.00261497497558595
0.063018798828125 -0.250885009765625 -0.0173912048339844 0.038177490234375
0.0306396484375 -0.255584716796875 -0.032440185546875 0.074127197265625
0.00881958007812499 -0.246063232421875 -0.00891113281249999 0.110031127929688
-0.0572357177734375 -0.23797607421875 0.0129318237304687 0.109336853027344
-0.0455169677734375 -0.23785400390625 0.0543899536132812 0.0971450805664062
-0.10906982421875 -0.20770263671875 0.0671577453613281 0.0636711120605469
-0.135757446289063 -0.163177490234375 0.102806091308594 0.00527954101562499
-0.126495361328125 -0.159393310546875 -0.17022705078125 -0.0416717529296875
-0.1231689453125 -0.164505004882813 -0.140312194824219 -0.0798873901367188
-0.0733489990234375 -0.183883666992188 -0.0598335266113281 -0.0681915283203125
-0.04254150390625 -0.196197509765625 -0.0124664306640625 -0.102043151855469
-0.00573730468749998 -0.20037841796875 0.0287933349609375 -0.0574150085449219
0.01904296875 -0.233718872070313 0.0376815795898438 -0.0170440673828125
0.032623291015625 -0.234130859375 0.0237159729003906 0.0403938293457031
0.074493408203125 -0.213699340820313 -0.0103378295898438 0.092620849609375
0.0868377685546875 -0.228134155273438 -0.0273971557617188 0.126976013183594
0.0785675048828125 -0.232437133789062 -0.0402755737304688 0.139503479003906
0.0673675537109375 -0.230865478515625 -0.00481414794921875 0.139999389648437
0.00299072265625002 -0.236679077148438 0.0172576904296875 0.10235595703125
0.00747680664062503 -0.236251831054688 0.0460777282714844 0.0617256164550781
-0.0716705322265625 -0.216888427734375 0.0312519073486328 0.00778579711914061
-0.110733032226562 -0.168960571289063 0.0593070983886719 -0.0612525939941406
-0.0933609008789063 -0.110946655273438 -0.216293334960938 -0.06842041015625
-0.100730895996094 -0.111732482910156 -0.175888061523437 -0.0894012451171875
-0.060821533203125 -0.120468139648437 -0.0707855224609375 -0.0701828002929688
-0.0406341552734375 -0.131507873535156 -0.00588226318359376 -0.0937271118164063
-0.0153732299804687 -0.1365966796875 0.0454788208007813 -0.032562255859375
0.0037994384765625 -0.163497924804687 0.0627403259277344 0.0337791442871094
0.0248870849609375 -0.169479370117188 0.041015625 0.113594055175781
0.0625457763671875 -0.158477783203125 -0.0156402587890625 0.172882080078125
0.090301513671875 -0.166595458984375 -0.0495147705078125 0.202392578125
0.0929718017578125 -0.16534423828125 -0.0672149658203125 0.195632934570313
0.0944366455078125 -0.165908813476563 -0.0179443359375 0.164779663085938
0.0461273193359375 -0.181427001953125 0.0209426879882813 0.091033935546875
0.0436248779296875 -0.182571411132812 0.0524139404296875 0.0227127075195312
-0.032470703125 -0.17706298828125 0.0192832946777344 -0.0537643432617188
-0.0764236450195313 -0.139808654785156 0.0298995971679688 -0.12835693359375
-0.0443572998046875 -0.0595817565917969 -0.246353149414062 -0.08306884765625
-0.0528373718261719 -0.0606880187988281 -0.194915771484375 -0.0939178466796875
-0.0260696411132812 -0.0599403381347656 -0.0821304321289063 -0.071319580078125
-0.0140380859375 -0.0650100708007813 -0.000267028808593746 -0.09075927734375
-0.00194549560546875 -0.0645790100097656 0.0557289123535156 -0.0199394226074219
0.00812530517578124 -0.0804824829101563 0.0810165405273438 0.0652618408203125
0.0244979858398438 -0.084228515625 0.0557403564453125 0.157623291015625
0.0425872802734375 -0.0789947509765625 -0.0205841064453125 0.22210693359375
0.060272216796875 -0.0818862915039063 -0.072784423828125 0.252197265625
0.0640335083007813 -0.082183837890625 -0.0955047607421875 0.22900390625
0.07025146484375 -0.080841064453125 -0.031890869140625 0.17742919921875
0.0485153198242188 -0.0958404541015625 0.029022216796875 0.0858154296875
0.040008544921875 -0.0960845947265625 0.0627403259277344 -0.00312042236328126
-0.0132064819335937 -0.100845336914063 0.02178955078125 -0.0999908447265625
-0.0360336303710938 -0.0826416015625 0.0156402587890625 -0.180648803710938
0.00462245941162109 -0.0116348266601563 0.00962829589843748 0.17547607421875
0.00249814987182617 -0.00449085235595703 -0.017242431640625 0.118293762207031
0.0055084228515625 -0.00910282135009766 -0.0395278930664063 0.00626754760742187
0.00629568099975586 -0.00166559219360352 -0.015716552734375 -0.0855941772460938
0.00146651268005371 0.00356841087341309 0.0598602294921875 -0.17095947265625
-0.00563240051269531 -1.90734863281203E-06 0.0908355712890625 -0.258148193359375
-0.0131969451904297 -0.0152559280395508 0.053070068359375 -0.289520263671875
-0.0181217193603516 -0.0116729736328125 -0.00531005859375002 -0.24444580078125
-0.0258045196533203 0.000328063964843748 -0.0740509033203125 -0.152236938476563
-0.0293407440185547 0.00609588623046875 -0.100143432617188 -0.047698974609375
-0.0321197509765625 0.0118904113769531 -0.067535400390625 0.0519561767578125
-0.0241165161132812 0.0131511688232422 0.011444091796875 0.0920486450195313
-0.00991725921630859 0.00577926635742187 0.09564208984375 0.0935211181640625
-0.00629329681396484 0.0119476318359375 0.197998046875 0.0821990966796875
-0.00507068634033203 0.0148868560791016 0.2425537109375 0.08917236328125
-0.0440673828125 -0.0907745361328125 0.00418090820312499 0.155776977539063
-0.0146484375 -0.0962371826171875 -0.0204544067382812 0.0977554321289063
0.0247879028320313 -0.109405517578125 -0.0363960266113281 0.00458526611328124
0.0497360229492187 -0.09246826171875 -0.0172195434570312 -0.0949935913085938
0.0576095581054688 -0.0781173706054688 0.046234130859375 -0.169464111328125
0.0500106811523438 -0.0937652587890625 0.0752105712890625 -0.25146484375
0.0211181640625 -0.111854553222656 0.0472412109375 -0.272598266601563
0.00582885742187501 -0.101509094238281 -0.00445556640625001 -0.226470947265625
-0.0240020751953125 -0.0902862548828125 -0.0658111572265625 -0.142837524414063
-0.049591064453125 -0.0774993896484375 -0.089385986328125 -0.0424957275390625
-0.062713623046875 -0.0563888549804688 -0.05645751953125 0.0552253723144531
-0.0706253051757813 -0.0440902709960937 0.0137405395507812 0.0976104736328125
-0.0535736083984375 -0.0527496337890625 0.09808349609375 0.100456237792969
-0.06298828125 -0.0368118286132812 0.190536499023438 0.0924530029296875
-0.0657005310058594 -0.0274162292480469 0.2310791015625 0.0935211181640625
-0.0897216796875 -0.15216064453125 -0.0189666748046875 0.113609313964844
-0.047607421875 -0.17010498046875 -0.0305328369140625 0.052490234375
0.0131988525390625 -0.195419311523438 -0.0318546295166016 -0.0140933990478516
0.0547637939453125 -0.179763793945312 -0.0191192626953125 -0.109115600585938
0.0788726806640625 -0.160858154296875 0.0261383056640625 -0.159378051757813
0.0785064697265625 -0.182418823242188 0.0455169677734375 -0.21966552734375
0.042388916015625 -0.195159912109375 0.0305328369140625 -0.22320556640625
0.02862548828125 -0.178207397460938 -0.00462341308593748 -0.174972534179688
-0.00987243652343751 -0.171035766601562 -0.0476531982421875 -0.105644226074219
-0.05133056640625 -0.158370971679688 -0.0688514709472656 -0.0223045349121094
-0.0750198364257813 -0.133003234863281 -0.0404472351074219 0.0644149780273437
-0.103080749511719 -0.10955810546875 0.0155868530273437 0.105140686035156
-0.0840682983398438 -0.117988586425781 0.09149169921875 0.108787536621094
-0.108291625976563 -0.0926437377929687 0.163467407226563 0.098663330078125
-0.115226745605469 -0.07550048828125 0.200607299804688 0.0819244384765625
-0.127914428710938 -0.1829833984375 -0.0589942932128906 0.0592498779296875
-0.0923004150390625 -0.205123901367187 -0.0558319091796875 -0.00120925903320313
-0.02813720703125 -0.24066162109375 -0.03167724609375 -0.0380630493164063
0.0208740234375 -0.23577880859375 -0.0229263305664063 -0.115501403808594
0.05694580078125 -0.221145629882812 0.0102996826171875 -0.132064819335938
0.0695343017578125 -0.247299194335938 0.0218963623046875 -0.161956787109375
0.044891357421875 -0.248916625976563 0.014923095703125 -0.14349365234375
0.0479278564453125 -0.227157592773438 -0.00601959228515625 -0.0945816040039063
0.0158843994140625 -0.230758666992187 -0.0277214050292969 -0.043975830078125
-0.0287628173828125 -0.223739624023438 -0.0445060729980469 0.0164108276367187
-0.057037353515625 -0.203506469726563 -0.0191497802734375 0.081787109375
-0.107009887695313 -0.179351806640625 0.0172576904296875 0.108474731445312
-0.0886383056640625 -0.185745239257812 0.0767288208007813 0.108444213867188
-0.129745483398438 -0.152557373046875 0.119087219238281 0.0909652709960938
-0.141876220703125 -0.120010375976563 0.153366088867188 0.0520172119140625
-0.146347045898437 -0.17803955078125 -0.112556457519531 0.00826263427734376
-0.1270751953125 -0.194900512695313 -0.0966110229492188 -0.0443649291992188
-0.0707244873046875 -0.230484008789063 -0.043609619140625 -0.055877685546875
-0.0282135009765625 -0.237396240234375 -0.023529052734375 -0.111068725585938
0.014373779296875 -0.233901977539063 0.0106735229492188 -0.0942916870117188
0.0354766845703125 -0.264801025390625 0.0180740356445313 -0.0884780883789063
0.0334625244140625 -0.26275634765625 0.0123329162597656 -0.0502128601074219
0.0603179931640625 -0.240585327148437 -0.00590419769287109 0.000982761383056625
0.0493621826171875 -0.252716064453125 -0.0158424377441406 0.0393295288085937
0.0177459716796875 -0.254364013671875 -0.029083251953125 0.073944091796875
-0.00595092773437499 -0.244766235351562 -0.00286865234375 0.106895446777344
-0.072418212890625 -0.230941772460938 0.01739501953125 0.105888366699219
-0.05889892578125 -0.232925415039063 0.0573577880859375 0.09002685546875
-0.118728637695312 -0.197738647460938 0.0689010620117187 0.0588722229003906
-0.142959594726563 -0.153030395507813 0.100639343261719 -0.000167846679687509
-0.136749267578125 -0.148727416992187 -0.16888427734375 -0.0300445556640625
-0.132843017578125 -0.154586791992187 -0.1402587890625 -0.0688400268554688
-0.08599853515625 -0.180343627929688 -0.0585556030273438 -0.0644378662109375
-0.0538330078125 -0.192398071289063 -0.0182723999023437 -0.100730895996094
-0.0175628662109375 -0.196380615234375 0.0258560180664063 -0.058319091796875
0.00543212890624999 -0.230926513671875 0.0358619689941406 -0.0184555053710938
0.0204925537109375 -0.232955932617188 0.0258064270019531 0.0405197143554687
0.0619049072265625 -0.215087890625 -0.00652313232421875 0.096771240234375
0.0759429931640625 -0.230438232421875 -0.0204696655273437 0.127784729003906
0.06524658203125 -0.234054565429687 -0.0331344604492188 0.139450073242187
0.055145263671875 -0.231979370117188 0.00108337402343751 0.138008117675781
-0.0116119384765625 -0.234817504882813 0.0202789306640625 0.0983657836914062
-0.00732421875000002 -0.234222412109375 0.0461006164550781 0.0559577941894531
-0.08197021484375 -0.208709716796875 0.030609130859375 0.00532913208007811
-0.119277954101562 -0.159515380859375 0.053497314453125 -0.0644149780273438
-0.100196838378906 -0.103713989257812 -0.2161865234375 -0.052642822265625
-0.106414794921875 -0.103767395019531 -0.174957275390625 -0.0771942138671875
-0.06903076171875 -0.117378234863281 -0.071319580078125 -0.0643234252929688
-0.0478897094726563 -0.128036499023438 -0.0106048583984375 -0.0926742553710938
-0.0227890014648438 -0.13360595703125 0.0439109802246094 -0.0346527099609375
-0.00457763671875 -0.162826538085938 0.06268310546875 0.0314559936523437
0.0150299072265625 -0.168777465820313 0.0453567504882813 0.109588623046875
0.05364990234375 -0.158615112304688 -0.00721740722656251 0.174072265625
0.0798797607421875 -0.171463012695313 -0.0391998291015625 0.203750610351563
0.0842742919921875 -0.170089721679687 -0.0582275390625 0.195587158203125
0.0871734619140625 -0.168167114257813 -0.00987243652343749 0.162948608398437
0.0363311767578125 -0.181884765625 0.0257720947265625 0.0874404907226562
0.0316162109375 -0.182281494140625 0.0508651733398438 0.0170440673828125
-0.04168701171875 -0.171188354492188 0.0144538879394531 -0.0553550720214844
-0.0813980102539063 -0.134078979492187 0.0207366943359375 -0.128219604492188
-0.0471305847167969 -0.0546455383300781 -0.246429443359375 -0.0666656494140625
-0.05596923828125 -0.05615234375 -0.195602416992187 -0.0798797607421875
-0.0279731750488281 -0.057708740234375 -0.0815887451171875 -0.0648956298828125
-0.016326904296875 -0.064788818359375 -0.0059356689453125 -0.0882797241210938
-0.00548553466796875 -0.0645103454589844 0.0540008544921875 -0.0236244201660156
0.004638671875 -0.0801467895507813 0.0838394165039063 0.0595932006835938
0.0196990966796875 -0.0836944580078125 0.06268310546875 0.152496337890625
0.0370559692382812 -0.0801620483398438 -0.00769042968750001 0.222320556640625
0.0567169189453125 -0.0860137939453125 -0.060333251953125 0.253799438476563
0.0596237182617188 -0.0852127075195313 -0.084014892578125 0.230606079101562
0.06634521484375 -0.0837554931640625 -0.0239410400390625 0.176025390625
0.0420455932617187 -0.0968399047851563 0.0321426391601562 0.0800399780273438
0.0339736938476562 -0.0974197387695313 0.0616340637207031 -0.00903320312500001
-0.0170974731445313 -0.0965423583984375 0.0157394409179687 -0.100570678710938
-0.039459228515625 -0.0800094604492188 0.00299072265625001 -0.17803955078125
0.00426006317138672 -0.0124912261962891 0.0157470703125 0.175308227539063
0.00170230865478516 -0.00395560264587402 -0.0112991333007812 0.118507385253906
0.00477218627929688 -0.00991249084472656 -0.0378761291503906 0.00767135620117188
0.00642633438110352 -0.00285625457763672 -0.0164718627929687 -0.0823440551757812
0.00296354293823242 0.00306868553161621 0.057708740234375 -0.16986083984375
-0.00565290451049805 -0.00043344497680664 0.0858306884765625 -0.258468627929687
-0.0133094787597656 -0.0155372619628906 0.047027587890625 -0.289459228515625
-0.0182514190673828 -0.0118141174316406 -0.00990295410156252 -0.243972778320312
-0.0256595611572266 0.000825881958007812 -0.0772857666015625 -0.15155029296875
-0.0297164916992188 0.00704765319824219 -0.0990219116210938 -0.0466537475585938
-0.0312824249267578 0.0137138366699219 -0.0648155212402344 0.0523109436035156
-0.0233840942382813 0.0144195556640625 0.01300048828125 0.08905029296875
-0.011138916015625 0.00669097900390625 0.09552001953125 0.087921142578125
-0.00639152526855469 0.0114078521728516 0.197967529296875 0.074920654296875
-0.00444126129150391 0.0152578353881836 0.243240356445313 0.080718994140625
-0.047119140625 -0.0888290405273437 0.00999450683593748 0.157196044921875
-0.0181350708007813 -0.0953140258789063 -0.0158309936523437 0.0992889404296875
0.0207901000976563 -0.110939025878906 -0.0340042114257813 0.00588226318359374
0.0471115112304688 -0.0940475463867188 -0.0183258056640625 -0.0927810668945313
0.0562667846679687 -0.0786590576171875 0.04364013671875 -0.168182373046875
0.0477218627929688 -0.0949859619140625 0.0694732666015625 -0.249053955078125
0.0188140869140625 -0.112510681152344 0.041046142578125 -0.271820068359375
0.00225067138671875 -0.101539611816406 -0.010406494140625 -0.225479125976563
-0.0255279541015625 -0.0896835327148438 -0.068817138671875 -0.141815185546875
-0.0517807006835938 -0.0751419067382812 -0.0890045166015625 -0.0409469604492188
-0.0639457702636719 -0.0556488037109375 -0.0546150207519531 0.0552825927734375
-0.0718307495117188 -0.0413436889648437 0.0153274536132812 0.0950164794921875
-0.0563201904296875 -0.051239013671875 0.0978240966796875 0.0952301025390625
-0.0641860961914063 -0.035247802734375 0.190155029296875 0.0850677490234375
-0.06561279296875 -0.0256881713867187 0.231597900390625 0.0854034423828125
-0.0952301025390625 -0.148086547851562 -0.0139541625976563 0.115974426269531
-0.0533599853515625 -0.166519165039062 -0.02716064453125 0.0546646118164062
0.00720214843749999 -0.197677612304688 -0.0281200408935547 -0.0124320983886719
0.0505828857421875 -0.182449340820313 -0.0215606689453125 -0.107078552246094
0.075042724609375 -0.162551879882813 0.022552490234375 -0.157562255859375
0.072998046875 -0.184967041015625 0.040985107421875 -0.218536376953125
0.0383758544921875 -0.19512939453125 0.0247650146484375 -0.222900390625
0.0247344970703125 -0.178115844726563 -0.00918579101562499 -0.173187255859375
-0.01373291015625 -0.171783447265625 -0.0494155883789063 -0.104949951171875
-0.0559539794921875 -0.156341552734375 -0.0686988830566406 -0.0222129821777344
-0.0793380737304688 -0.130874633789063 -0.0377960205078125 0.0639457702636719
-0.106819152832031 -0.106208801269531 0.0177154541015625 0.10211181640625
-0.08843994140625 -0.116867065429687 0.0924072265625 0.103439331054687
-0.111038208007812 -0.0891036987304688 0.163436889648438 0.0916748046875
-0.1163330078125 -0.0714340209960937 0.200820922851562 0.0735015869140625
-0.135330200195312 -0.17657470703125 -0.0564460754394531 0.0618247985839844
-0.09930419921875 -0.200332641601563 -0.05438232421875 0.00176620483398437
-0.0357818603515625 -0.240371704101563 -0.0297660827636719 -0.0370292663574219
0.0132904052734375 -0.238128662109375 -0.0255355834960937 -0.113380432128906
0.0514068603515625 -0.22210693359375 0.00732421875000001 -0.129234313964844
0.06109619140625 -0.249465942382813 0.0177764892578125 -0.159698486328125
0.038604736328125 -0.249649047851562 0.011688232421875 -0.143295288085938
0.0433349609375 -0.228118896484375 -0.00711059570312499 -0.0932464599609375
0.011016845703125 -0.2320556640625 -0.0283889770507812 -0.0430145263671875
-0.0348052978515625 -0.22259521484375 -0.0439453125 0.0163002014160156
-0.062774658203125 -0.202041625976562 -0.0169677734375 0.0798797607421875
-0.113235473632813 -0.176055908203125 0.0204620361328125 0.105949401855469
-0.0943603515625 -0.183074951171875 0.0766830444335937 0.102851867675781
-0.134048461914063 -0.14691162109375 0.120399475097656 0.0861053466796875
-0.14483642578125 -0.1148681640625 0.1531982421875 0.0466461181640625
-0.153564453125 -0.171356201171875 -0.110847473144531 0.0135040283203125
-0.133712768554688 -0.188629150390625 -0.0958786010742188 -0.0401992797851563
-0.078857421875 -0.2301025390625 -0.0411300659179688 -0.0551338195800781
-0.0350799560546875 -0.236907958984375 -0.0267257690429688 -0.109199523925781
0.00755310058593752 -0.232391357421875 0.0099334716796875 -0.091552734375
0.0277557373046875 -0.26568603515625 0.0157928466796875 -0.0870590209960938
0.026214599609375 -0.263137817382813 0.010955810546875 -0.0491180419921875
0.0542755126953125 -0.241180419921875 -0.00567817687988281 0.00252628326416014
0.043243408203125 -0.25433349609375 -0.0145683288574219 0.0392875671386719
0.0111236572265625 -0.254714965820312 -0.027618408203125 0.0738983154296875
-0.0133056640625 -0.24517822265625 -0.000411987304687497 0.106498718261719
-0.0803985595703125 -0.228652954101562 0.02008056640625 0.103782653808594
-0.0667724609375 -0.230941772460938 0.0574798583984375 0.084442138671875
-0.123794555664063 -0.193328857421875 0.0690078735351563 0.05596923828125
-0.146621704101563 -0.14764404296875 0.0982589721679687 -0.00284576416015626
-0.142532348632813 -0.143234252929688 -0.16754150390625 -0.0225982666015625
-0.1378173828125 -0.147308349609375 -0.139762878417969 -0.0633087158203125
-0.0920562744140625 -0.178436279296875 -0.0558815002441406 -0.0624847412109375
-0.0602874755859375 -0.191436767578125 -0.0212936401367188 -0.0995941162109375
-0.022918701171875 -0.195022583007813 0.0252494812011719 -0.0569381713867188
-0.00196838378906252 -0.230865478515625 0.0350208282470703 -0.0185203552246094
0.0139923095703125 -0.232131958007813 0.0262794494628906 0.039886474609375
0.056915283203125 -0.215911865234375 -0.00343322753906249 0.0977325439453125
0.06964111328125 -0.233535766601563 -0.0176849365234375 0.128135681152344
0.0586090087890625 -0.235015869140625 -0.0305709838867188 0.138351440429687
0.0488433837890625 -0.23370361328125 0.00344085693359376 0.135566711425781
-0.0189666748046875 -0.23431396484375 0.0222930908203125 0.0952987670898437
-0.0140838623046875 -0.234161376953125 0.0460548400878906 0.0505409240722656
-0.086761474609375 -0.204010009765625 0.0295619964599609 0.00403976440429686
-0.122390747070312 -0.15509033203125 0.04962158203125 -0.0649528503417969
-0.105331420898438 -0.100006103515625 -0.2144775390625 -0.0443115234375
-0.110023498535156 -0.098358154296875 -0.174484252929688 -0.07012939453125
-0.0722198486328125 -0.115066528320312 -0.070037841796875 -0.0622100830078125
-0.0514907836914063 -0.127342224121094 -0.0140838623046875 -0.0909957885742188
-0.026336669921875 -0.132225036621094 0.0434837341308594 -0.0347900390625
-0.009429931640625 -0.16259765625 0.0629005432128906 0.0301513671875
0.010498046875 -0.168106079101563 0.0477447509765625 0.109573364257812
0.05035400390625 -0.159713745117188 -0.00209045410156252 0.175460815429687
0.0763092041015625 -0.17352294921875 -0.0343780517578125 0.204986572265625
0.079010009765625 -0.171630859375 -0.05322265625 0.195724487304688
0.082244873046875 -0.1715087890625 -0.00604248046875 0.160797119140625
0.0309906005859375 -0.18292236328125 0.026214599609375 0.08447265625
0.026397705078125 -0.182937622070313 0.0490646362304688 0.013214111328125
-0.045501708984375 -0.1685791015625 0.0111541748046875 -0.0557937622070313
-0.0842971801757812 -0.130523681640625 0.014434814453125 -0.129142761230469
-0.0495758056640625 -0.0531730651855469 -0.244705200195313 -0.0563507080078125
-0.0584793090820313 -0.0527534484863281 -0.19476318359375 -0.07135009765625
-0.0300102233886719 -0.0580940246582031 -0.0805892944335938 -0.0624542236328125
-0.01861572265625 -0.0648651123046875 -0.0086212158203125 -0.087249755859375
-0.00698471069335937 -0.0639381408691406 0.0538063049316406 -0.0245246887207031
0.00263977050781249 -0.0800323486328125 0.0844039916992188 0.05670166015625
0.017578125 -0.0843429565429688 0.0662078857421875 0.150985717773438
0.03460693359375 -0.081085205078125 -0.00148010253906252 0.222930908203125
0.0547866821289062 -0.0883560180664063 -0.05413818359375 0.254409790039063
0.0570831298828125 -0.0866165161132813 -0.0800018310546875 0.230789184570313
0.064300537109375 -0.086212158203125 -0.021209716796875 0.174362182617188
0.039215087890625 -0.0983352661132813 0.0323562622070313 0.0775604248046875
0.0320892333984375 -0.0985488891601563 0.0592460632324219 -0.0131149291992188
-0.01910400390625 -0.0941390991210938 0.0117111206054688 -0.101516723632813
-0.0413360595703125 -0.0784759521484375 -0.0034332275390625 -0.177444458007813
0.00317764282226563 -0.0130090713500977 0.0213775634765625 0.179000854492188
0.00133132934570313 -0.00451993942260742 -0.00827026367187499 0.122360229492187
0.00508213043212891 -0.0105953216552734 -0.0371360778808594 0.00961685180664063
0.00633049011230469 -0.00328159332275391 -0.0155410766601563 -0.0824432373046875
0.00452184677124023 0.00303363800048828 0.0593414306640625 -0.172103881835938
-0.00584220886230469 7.7247619628905E-05 0.085357666015625 -0.264175415039063
-0.0134830474853516 -0.015803337097168 0.045196533203125 -0.296295166015625
-0.0184879302978516 -0.0120773315429687 -0.014678955078125 -0.24932861328125
-0.0254745483398437 -9.15527343749964E-05 -0.0805206298828125 -0.154861450195313
-0.02899169921875 0.0075531005859375 -0.100021362304687 -0.0468673706054688
-0.0309257507324219 0.0144920349121094 -0.0634498596191406 0.0528640747070313
-0.0241107940673828 0.01531982421875 0.013946533203125 0.0880508422851563
-0.0120515823364258 0.00620651245117187 0.0978927612304687 0.0869293212890625
-0.00647830963134766 0.01190185546875 0.201080322265625 0.0717620849609375
-0.00390243530273438 0.0158491134643555 0.24700927734375 0.0752105712890625
-0.050262451171875 -0.0897598266601563 0.0157470703125 0.160507202148438
-0.0209503173828125 -0.0969314575195312 -0.0123672485351562 0.102348327636719
0.0195083618164063 -0.114761352539062 -0.0325660705566406 0.00683403015136718
0.0458450317382812 -0.0984649658203125 -0.0185089111328125 -0.093475341796875
0.05731201171875 -0.0814971923828125 0.0438995361328125 -0.169891357421875
0.046417236328125 -0.098388671875 0.068511962890625 -0.255035400390625
0.0179061889648437 -0.116065979003906 0.0383453369140625 -0.279220581054688
0.00143432617187501 -0.105178833007813 -0.013885498046875 -0.230270385742187
-0.0267486572265625 -0.092437744140625 -0.0713348388671875 -0.14483642578125
-0.0526504516601563 -0.07611083984375 -0.0903167724609375 -0.0423126220703125
-0.0659523010253906 -0.0556602478027344 -0.0539970397949219 0.0557518005371094
-0.0744094848632813 -0.0410079956054688 0.0168838500976562 0.0950775146484375
-0.05975341796875 -0.052154541015625 0.0992584228515625 0.0937576293945312
-0.0670700073242188 -0.0342063903808594 0.193893432617188 0.0813446044921875
-0.0673637390136719 -0.0237159729003906 0.235641479492188 0.0796051025390625
-0.101882934570312 -0.148178100585938 -0.0107879638671875 0.119209289550781
-0.0590057373046875 -0.16851806640625 -0.0252265930175781 0.0580482482910156
0.00279235839843751 -0.20281982421875 -0.0266399383544922 -0.0121212005615234
0.0484619140625 -0.188812255859375 -0.02276611328125 -0.107070922851563
0.074462890625 -0.1671142578125 0.02252197265625 -0.15875244140625
0.071380615234375 -0.190826416015625 0.039154052734375 -0.222198486328125
0.0363311767578125 -0.2012939453125 0.0226593017578125 -0.226608276367187
0.0222625732421875 -0.182403564453125 -0.01171875 -0.175994873046875
-0.0169219970703125 -0.176544189453125 -0.052337646484375 -0.107681274414063
-0.0594482421875 -0.158401489257813 -0.0695991516113281 -0.022735595703125
-0.08331298828125 -0.131317138671875 -0.036224365234375 0.0631599426269531
-0.112762451171875 -0.106719970703125 0.0192718505859375 0.102699279785156
-0.09405517578125 -0.118400573730469 0.0939559936523438 0.100944519042969
-0.115692138671875 -0.0882110595703125 0.166259765625 0.089599609375
-0.120513916015625 -0.0697555541992188 0.204605102539063 0.0711212158203125
-0.143035888671875 -0.175628662109375 -0.0539016723632812 0.0653572082519531
-0.106475830078125 -0.199676513671875 -0.0535163879394531 0.00426864624023436
-0.04278564453125 -0.247390747070313 -0.0270271301269531 -0.0381546020507813
0.00857543945312498 -0.244827270507813 -0.0282745361328125 -0.113906860351563
0.0486297607421875 -0.2279052734375 0.00699615478515625 -0.12957763671875
0.05780029296875 -0.255996704101563 0.0153045654296875 -0.160812377929688
0.035736083984375 -0.25701904296875 0.00985717773437501 -0.145797729492188
0.0395050048828125 -0.2333984375 -0.00837707519531251 -0.0940017700195313
0.00747680664062499 -0.23846435546875 -0.0285987854003906 -0.0446548461914063
-0.04010009765625 -0.227279663085937 -0.0439834594726563 0.0156898498535156
-0.068634033203125 -0.206069946289063 -0.0153427124023437 0.080718994140625
-0.120330810546875 -0.177642822265625 0.02117919921875 0.106208801269531
-0.102615356445313 -0.1864013671875 0.078216552734375 0.101097106933594
-0.139373779296875 -0.146804809570312 0.121879577636719 0.0842437744140625
-0.150970458984375 -0.113372802734375 0.1553955078125 0.044219970703125
-0.162155151367188 -0.170120239257813 -0.110115051269531 0.0175094604492187
-0.14208984375 -0.187210083007813 -0.0960311889648438 -0.0375442504882813
-0.0864105224609375 -0.2347412109375 -0.03955078125 -0.0560874938964844
-0.0421905517578125 -0.242919921875 -0.0297012329101563 -0.109283447265625
0.00317382812500002 -0.237228393554688 0.0087432861328125 -0.0902099609375
0.021636962890625 -0.272247314453125 0.0139999389648438 -0.0856781005859375
0.0222625732421875 -0.268875122070313 0.0104103088378906 -0.0498237609863281
0.0514373779296875 -0.247665405273438 -0.00438690185546875 0.00384497642517088
0.0401458740234375 -0.262451171875 -0.0135536193847656 0.0402946472167969
0.00663757324218748 -0.2598876953125 -0.0267333984375 0.0746078491210937
-0.0188446044921875 -0.250228881835938 0.0013427734375 0.106719970703125
-0.087188720703125 -0.232101440429688 0.0215835571289062 0.104454040527344
-0.0738372802734375 -0.235244750976562 0.0579376220703125 0.0835647583007812
-0.12982177734375 -0.193756103515625 0.0691566467285156 0.0546798706054687
-0.152328491210938 -0.147018432617188 0.0988311767578125 -0.00512695312500001
-0.149093627929688 -0.140457153320313 -0.16845703125 -0.0179595947265625
-0.144668579101562 -0.145736694335938 -0.141799926757813 -0.0602264404296875
-0.098876953125 -0.1815185546875 -0.0553321838378906 -0.0632133483886719
-0.067047119140625 -0.194686889648438 -0.0244369506835938 -0.100151062011719
-0.027618408203125 -0.198501586914063 0.0250473022460937 -0.0564308166503906
-0.0072784423828125 -0.236602783203125 0.0350990295410156 -0.0172157287597656
0.0107421875 -0.237823486328125 0.0272407531738281 0.0420074462890625
0.05450439453125 -0.221878051757813 -0.00101470947265624 0.101554870605469
0.0683746337890625 -0.240798950195313 -0.0149688720703125 0.1312255859375
0.0567626953125 -0.24139404296875 -0.0294342041015625 0.14141845703125
0.04559326171875 -0.241134643554687 0.00525665283203124 0.137031555175781
-0.0250091552734375 -0.23876953125 0.0229110717773437 0.09576416015625
-0.0200653076171875 -0.23992919921875 0.0450172424316406 0.0487709045410156
-0.09210205078125 -0.206024169921875 0.0277767181396484 0.00243568420410155
-0.127731323242188 -0.155914306640625 0.0471611022949219 -0.0673561096191406
-0.109931945800781 -0.0977706909179688 -0.217376708984375 -0.0384979248046875
-0.11468505859375 -0.0958023071289063 -0.1776123046875 -0.0667266845703125
-0.0779571533203125 -0.117538452148437 -0.07025146484375 -0.0625724792480469
-0.056549072265625 -0.129447937011719 -0.0166168212890625 -0.091705322265625
-0.029754638671875 -0.134475708007813 0.0445327758789063 -0.034210205078125
-0.013946533203125 -0.166351318359375 0.0646018981933594 0.0305747985839844
0.00736999511718749 -0.172271728515625 0.0496139526367188 0.111961364746094
0.0482940673828125 -0.163223266601563 0.00265502929687502 0.180892944335938
0.074981689453125 -0.17919921875 -0.0318450927734375 0.209930419921875
0.0777587890625 -0.17724609375 -0.052978515625 0.199798583984375
0.080810546875 -0.1767578125 -0.00480651855468749 0.162704467773438
0.0274658203125 -0.187957763671875 0.0270004272460938 0.0848846435546875
0.02398681640625 -0.188323974609375 0.0479888916015625 0.0104942321777344
-0.0479888916015625 -0.170852661132813 0.00895690917968749 -0.05804443359375
-0.0875625610351563 -0.132148742675781 0.010467529296875 -0.131744384765625
-0.0519523620605469 -0.0525741577148438 -0.248092651367188 -0.05084228515625
-0.0610923767089844 -0.0512847900390625 -0.197357177734375 -0.0686187744140625
-0.032684326171875 -0.0588836669921875 -0.080902099609375 -0.0619583129882813
-0.0213127136230469 -0.066802978515625 -0.0110931396484375 -0.0873794555664063
-0.00825119018554688 -0.0656661987304688 0.0544662475585938 -0.0254364013671875
0.00147247314453126 -0.0815200805664063 0.0863800048828125 0.0571365356445312
0.0161209106445312 -0.086212158203125 0.0691986083984375 0.152603149414063
0.0338516235351563 -0.0826950073242188 0.00361633300781248 0.22967529296875
0.0542755126953125 -0.0917129516601563 -0.051483154296875 0.26165771484375
0.056488037109375 -0.0896987915039062 -0.0794677734375 0.236007690429688
0.0654067993164063 -0.0892791748046875 -0.020477294921875 0.177276611328125
0.0378494262695312 -0.102035522460938 0.0327606201171875 0.0769500732421875
0.0308837890625 -0.101509094238281 0.0590400695800781 -0.0167083740234375
-0.0205078125 -0.095550537109375 0.00900268554687499 -0.104148864746094
-0.0433120727539063 -0.0794677734375 -0.00942993164062499 -0.180450439453125
0.00282478332519531 -0.01422119140625 0.031707763671875 0.186752319335938
0.000581979751586914 -0.00410866737365723 -0.00162506103515625 0.129226684570312
0.00283432006835937 -0.0111255645751953 -0.0372962951660156 0.0119743347167969
0.00647258758544922 -0.00441265106201172 -0.0160675048828125 -0.0837249755859375
0.00611114501953125 0.00274658203125 0.058441162109375 -0.180877685546875
-0.00542926788330078 9.05990600585933E-05 0.0823822021484375 -0.2772216796875
-0.0141658782958984 -0.0173158645629883 0.0386962890625 -0.309539794921875
-0.0194797515869141 -0.0125141143798828 -0.0223236083984375 -0.259414672851563
-0.0263099670410156 -0.000341415405273433 -0.0885009765625 -0.160507202148438
-0.0291881561279297 0.00832176208496094 -0.104560852050781 -0.0465316772460937
-0.0312671661376953 0.0164661407470703 -0.0636558532714844 0.0543060302734375
-0.0243740081787109 0.0167732238769531 0.0164718627929688 0.089691162109375
-0.0135707855224609 0.00626850128173828 0.102272033691406 0.0859298706054688
-0.00715351104736328 0.0128679275512695 0.2098388671875 0.0655059814453125
-0.00256252288818359 0.0174503326416016 0.259017944335938 0.0686492919921875
-0.0556716918945312 -0.0911102294921875 0.023223876953125 0.16717529296875
-0.025421142578125 -0.0985488891601562 -0.00710296630859376 0.107795715332031
0.0146560668945313 -0.120948791503906 -0.0313606262207031 0.00921058654785156
0.045196533203125 -0.104927062988281 -0.0207977294921875 -0.0958328247070313
0.0584259033203125 -0.0868453979492188 0.0423126220703125 -0.177474975585937
0.046112060546875 -0.103996276855469 0.0643310546875 -0.265823364257813
0.0151596069335937 -0.122245788574219 0.0316162109375 -0.291534423828125
-0.00180816650390626 -0.109527587890625 -0.020904541015625 -0.239364624023437
-0.0303802490234375 -0.0968170166015625 -0.0794677734375 -0.1494140625
-0.0575027465820312 -0.0782012939453125 -0.0938949584960938 -0.0424575805664063
-0.0701217651367188 -0.05572509765625 -0.0528678894042969 0.0571479797363281
-0.0796127319335938 -0.0391998291015625 0.0198822021484375 0.0968017578125
-0.0657272338867188 -0.0522308349609375 0.104721069335938 0.0924758911132813
-0.071197509765625 -0.0327835083007813 0.202072143554688 0.07708740234375
-0.070831298828125 -0.022613525390625 0.246627807617188 0.0736083984375
-0.11248779296875 -0.149520874023438 -0.00376129150390626 0.124481201171875
-0.068328857421875 -0.1708984375 -0.0224533081054687 0.0619468688964844
-0.00485229492187502 -0.21337890625 -0.0242843627929688 -0.0125236511230469
0.0432586669921875 -0.199127197265625 -0.0263442993164062 -0.109107971191406
0.073150634765625 -0.176010131835937 0.020416259765625 -0.162765502929687
0.0673675537109375 -0.20086669921875 0.03485107421875 -0.229766845703125
0.0319061279296875 -0.2120361328125 0.016571044921875 -0.237289428710938
0.017303466796875 -0.191680908203125 -0.01739501953125 -0.18280029296875
-0.0222320556640625 -0.184799194335938 -0.0576400756835938 -0.111442565917969
-0.0678253173828125 -0.16265869140625 -0.0726242065429688 -0.02288818359375
-0.0917739868164062 -0.13525390625 -0.0355796813964844 0.0655250549316406
-0.122421264648437 -0.106178283691406 0.0231399536132812 0.104385375976563
-0.104568481445312 -0.120216369628906 0.098907470703125 0.100418090820312
-0.124107360839844 -0.0870132446289062 0.175155639648438 0.0860137939453125
-0.127822875976563 -0.0673446655273437 0.213424682617188 0.0655517578125
-0.155899047851563 -0.175445556640625 -0.0514755249023438 0.070648193359375
-0.1197509765625 -0.201812744140625 -0.0530548095703125 0.00684356689453124
-0.054779052734375 -0.257644653320313 -0.0268707275390625 -0.0397224426269531
-0.00157165527343749 -0.256195068359375 -0.0330276489257813 -0.115638732910156
0.0444488525390625 -0.238998413085938 0.00495910644531249 -0.13250732421875
0.051239013671875 -0.270065307617188 0.0118560791015625 -0.165008544921875
0.0276947021484375 -0.268753051757812 0.00489807128906251 -0.150970458984375
0.034454345703125 -0.245712280273437 -0.011810302734375 -0.0968170166015625
3.0517578124978E-05 -0.250503540039063 -0.0312767028808594 -0.0466690063476563
-0.0489654541015625 -0.2352294921875 -0.0451011657714844 0.01708984375
-0.0797119140625 -0.212295532226563 -0.012939453125 0.0821685791015625
-0.133743286132812 -0.179275512695313 0.0252685546875 0.109222412109375
-0.115875244140625 -0.191238403320313 0.081512451171875 0.100341796875
-0.150985717773438 -0.147506713867187 0.127853393554688 0.0823974609375
-0.160476684570312 -0.11212158203125 0.161453247070313 0.039764404296875
-0.17572021484375 -0.169448852539063 -0.111457824707031 0.0231170654296875
-0.155715942382812 -0.186660766601563 -0.0994873046875 -0.0347900390625
-0.100616455078125 -0.242218017578125 -0.0398483276367188 -0.0587615966796875
-0.0545806884765625 -0.252166748046875 -0.0345687866210937 -0.110366821289063
-0.00439453125000002 -0.247604370117188 0.007476806640625 -0.0920486450195313
0.0128173828125 -0.285003662109375 0.0127029418945313 -0.087554931640625
0.0143585205078125 -0.280776977539063 0.00900268554687501 -0.0503463745117188
0.0464324951171875 -0.259567260742188 -0.00410890579223633 0.00547790527343748
0.032867431640625 -0.27655029296875 -0.0127983093261719 0.041778564453125
-0.0020904541015625 -0.271957397460938 -0.025726318359375 0.077362060546875
-0.02862548828125 -0.260177612304688 0.00504302978515625 0.109153747558594
-0.100204467773437 -0.23797607421875 0.025054931640625 0.106513977050781
-0.08746337890625 -0.243927001953125 0.0597991943359375 0.0824508666992187
-0.14190673828125 -0.197402954101563 0.0719451904296875 0.05377197265625
-0.163925170898438 -0.147003173828125 0.0998153686523438 -0.00820922851562501
-0.162094116210938 -0.138717651367187 -0.172378540039062 -0.011199951171875
-0.156723022460938 -0.143386840820312 -0.14715576171875 -0.0561065673828125
-0.111419677734375 -0.186813354492188 -0.0570716857910156 -0.0648117065429688
-0.07818603515625 -0.201171875 -0.029632568359375 -0.100601196289063
-0.0348052978515625 -0.205780029296875 0.0253181457519531 -0.0570831298828125
-0.0166473388671875 -0.24603271484375 0.036102294921875 -0.0174789428710938
0.00233459472656248 -0.248031616210938 0.0285606384277344 0.0446052551269531
0.0501556396484375 -0.232940673828125 0.0045013427734375 0.106956481933594
0.063232421875 -0.254913330078125 -0.0107650756835938 0.13653564453125
0.050201416015625 -0.253997802734375 -0.026763916015625 0.14764404296875
0.0377349853515625 -0.252761840820313 0.0089263916015625 0.141006469726562
-0.036346435546875 -0.24822998046875 0.0261383056640625 0.0979537963867187
-0.03045654296875 -0.249465942382813 0.0458335876464844 0.0468826293945312
-0.101882934570313 -0.211593627929688 0.0269908905029297 0.000865936279296862
-0.137802124023437 -0.157394409179688 0.044586181640625 -0.0715179443359375
-0.118553161621094 -0.0966033935546875 -0.223770141601562 -0.030548095703125
-0.123428344726562 -0.093536376953125 -0.185394287109375 -0.0613555908203125
-0.0863037109375 -0.120559692382813 -0.0725326538085938 -0.0629348754882813
-0.0639419555664063 -0.133209228515625 -0.0210037231445313 -0.0922470092773438
-0.0357589721679687 -0.138671875 0.0450210571289063 -0.0362434387207031
-0.020263671875 -0.173202514648438 0.0678176879882813 0.0319595336914062
0.00151062011718749 -0.1795654296875 0.0548629760742188 0.11572265625
0.046722412109375 -0.172164916992188 0.00985717773437499 0.189956665039063
0.0731353759765625 -0.19110107421875 -0.02630615234375 0.220687866210938
0.0754547119140625 -0.187362670898438 -0.049774169921875 0.209335327148438
0.0784454345703125 -0.18798828125 -0.00114440917968749 0.168914794921875
0.021148681640625 -0.196701049804688 0.0291366577148438 0.0866165161132812
0.0172576904296875 -0.196685791015625 0.047607421875 0.00680923461914061
-0.055572509765625 -0.175918579101562 0.00502777099609375 -0.0612602233886719
-0.0957412719726563 -0.134002685546875 0.00353240966796874 -0.1370849609375
-0.0560684204101563 -0.05120849609375 -0.256805419921875 -0.04156494140625
-0.0655136108398438 -0.0488624572753906 -0.2056884765625 -0.062255859375
-0.0370330810546875 -0.0616912841796875 -0.0847244262695312 -0.0607833862304688
-0.0252189636230469 -0.0684356689453125 -0.0158233642578125 -0.088531494140625
-0.0103034973144531 -0.0672836303710938 0.0562400817871094 -0.0266799926757813
-0.00135040283203126 -0.0858078002929687 0.091339111328125 0.057525634765625
0.0137100219726563 -0.0901718139648437 0.07611083984375 0.158828735351563
0.032684326171875 -0.0869369506835938 0.0119781494140625 0.241058349609375
0.0535812377929688 -0.097686767578125 -0.045867919921875 0.275161743164063
0.0560150146484375 -0.0951614379882813 -0.076385498046875 0.249053955078125
0.0637664794921875 -0.0960617065429688 -0.0173187255859375 0.183349609375
0.0351943969726563 -0.107414245605469 0.0357666015625 0.0783004760742188
0.0286483764648437 -0.107101440429688 0.0583038330078125 -0.0222129821777344
-0.0232620239257813 -0.0975570678710938 0.00301361083984375 -0.109382629394531
-0.0477066040039063 -0.082000732421875 -0.019256591796875 -0.187591552734375
0.00144863128662109 -0.0145282745361328 0.04766845703125 0.192550659179688
9.51290130615237E-05 -0.00343799591064453 0.00899505615234374 0.134712219238281
0.00195217132568359 -0.0121288299560547 -0.0361557006835937 0.0151863098144531
0.00651121139526367 -0.00526666641235352 -0.0202178955078125 -0.0857620239257813
0.0068511962890625 0.00205087661743164 0.0527496337890625 -0.192153930664063
-0.00536632537841797 0.000256538391113282 0.070404052734375 -0.291961669921875
-0.0150737762451172 -0.0179367065429688 0.022674560546875 -0.325653076171875
-0.0209255218505859 -0.0130825042724609 -0.037628173828125 -0.269424438476563
-0.0276412963867188 -0.000272750854492189 -0.101318359375 -0.163665771484375
-0.0292377471923828 0.00943183898925781 -0.110069274902344 -0.0439071655273437
-0.0303878784179688 0.0181407928466797 -0.0631523132324219 0.0575027465820313
-0.0235843658447266 0.0187187194824219 0.0217208862304688 0.0902023315429688
-0.0138339996337891 0.00719165802001953 0.109054565429687 0.0820693969726562
-0.00737380981445313 0.0136423110961914 0.219940185546875 0.054168701171875
-0.00127983093261719 0.0183238983154297 0.270355224609375 0.053466796875
-0.064453125 -0.09088134765625 0.0383148193359375 0.172683715820313
-0.033111572265625 -0.0998153686523437 0.00225067138671874 0.1138916015625
0.00704193115234374 -0.12762451171875 -0.0300235748291016 0.011260986328125
0.0398178100585938 -0.112518310546875 -0.0254592895507812 -0.096435546875
0.0562896728515625 -0.0941390991210938 0.0357513427734375 -0.185348510742188
0.04217529296875 -0.111442565917969 0.0529022216796875 -0.279190063476563
0.00911712646484375 -0.129325866699219 0.016387939453125 -0.305206298828125
-0.00799560546875001 -0.114273071289062 -0.036407470703125 -0.248336791992188
-0.0373306274414063 -0.100395202636719 -0.0906829833984375 -0.152481079101563
-0.0636978149414063 -0.0780487060546875 -0.0984954833984375 -0.0402297973632812
-0.076202392578125 -0.0529556274414062 -0.0519561767578125 0.0591773986816406
-0.086334228515625 -0.0353851318359375 0.0247955322265625 0.097381591796875
-0.0723724365234375 -0.0504226684570313 0.111427307128906 0.088287353515625
-0.0761032104492188 -0.028900146484375 0.212738037109375 0.065826416015625
-0.0744476318359375 -0.0184097290039063 0.25823974609375 0.059844970703125
-0.126327514648437 -0.1470947265625 0.00594329833984375 0.1302490234375
-0.082305908203125 -0.172103881835938 -0.0164566040039063 0.0659637451171875
-0.0200347900390625 -0.222213745117188 -0.0236968994140625 -0.0122241973876953
0.0323638916015625 -0.211181640625 -0.0325698852539063 -0.11077880859375
0.0670318603515625 -0.188278198242188 0.01434326171875 -0.170013427734375
0.058563232421875 -0.214157104492187 0.0239715576171875 -0.238922119140625
0.0202178955078125 -0.22314453125 0.003173828125 -0.247238159179688
0.00709533691406251 -0.200775146484375 -0.029296875 -0.188995361328125
-0.0350189208984375 -0.192916870117188 -0.066619873046875 -0.113937377929688
-0.0805206298828125 -0.166168212890625 -0.07562255859375 -0.0207443237304688
-0.103706359863281 -0.134330749511719 -0.0329093933105469 0.0674018859863281
-0.134872436523437 -0.101936340332031 0.0299148559570312 0.105514526367188
-0.119400024414062 -0.117988586425781 0.10626220703125 0.096893310546875
-0.135086059570312 -0.082244873046875 0.185455322265625 0.0775604248046875
-0.135673522949219 -0.0611572265625 0.2236328125 0.0533599853515625
-0.17437744140625 -0.171524047851563 -0.0463409423828125 0.0777053833007812
-0.138214111328125 -0.199676513671875 -0.0528030395507813 0.0116767883300781
-0.075164794921875 -0.264602661132813 -0.0270309448242188 -0.0403480529785156
-0.0191192626953125 -0.267242431640625 -0.0407485961914063 -0.115997314453125
0.0317840576171875 -0.2515869140625 -0.00102996826171875 -0.136199951171875
0.035003662109375 -0.28369140625 0.00360107421874999 -0.169815063476563
0.01312255859375 -0.282257080078125 -0.00392150878906249 -0.155914306640625
0.02142333984375 -0.257186889648438 -0.017852783203125 -0.0996475219726563
-0.0150146484375 -0.262283325195313 -0.0356674194335938 -0.0472259521484375
-0.06573486328125 -0.241607666015625 -0.0458488464355469 0.0189895629882812
-0.0967254638671875 -0.21600341796875 -0.008331298828125 0.0837249755859375
-0.151504516601563 -0.178070068359375 0.0324935913085938 0.110336303710937
-0.13482666015625 -0.19140625 0.0884017944335937 0.0979385375976562
-0.166671752929688 -0.143356323242188 0.136039733886719 0.0767364501953125
-0.173904418945313 -0.106216430664062 0.168380737304687 0.0305633544921875
-0.193634033203125 -0.163055419921875 -0.111785888671875 0.031341552734375
-0.174697875976563 -0.180938720703125 -0.10333251953125 -0.028961181640625
-0.122756958007813 -0.246719360351562 -0.0420951843261719 -0.0597343444824219
-0.07440185546875 -0.259811401367188 -0.0424880981445312 -0.110389709472656
-0.0189056396484375 -0.257049560546875 0.00443267822265625 -0.094451904296875
-0.00567626953125003 -0.296844482421875 0.00891876220703126 -0.0884628295898438
-0.00238037109375001 -0.294097900390625 0.00569534301757813 -0.0513381958007813
0.031890869140625 -0.273605346679688 -0.00295591354370117 0.00677013397216795
0.01885986328125 -0.29156494140625 -0.010406494140625 0.0429649353027344
-0.01983642578125 -0.2828369140625 -0.022216796875 0.0808944702148437
-0.0473480224609375 -0.26959228515625 0.0118789672851562 0.11126708984375
-0.121627807617188 -0.241226196289063 0.0313720703125 0.108161926269531
-0.108245849609375 -0.248260498046875 0.0638351440429688 0.0801544189453125
-0.160308837890625 -0.19598388671875 0.07598876953125 0.0509872436523437
-0.179519653320313 -0.141647338867188 0.101638793945312 -0.0151596069335938
-0.177642822265625 -0.132354736328125 -0.1768798828125 -0.000152587890625012
-0.172866821289063 -0.13580322265625 -0.154998779296875 -0.0480499267578125
-0.130020141601562 -0.188034057617188 -0.0607414245605469 -0.06488037109375
-0.0960235595703125 -0.204498291015625 -0.0371551513671875 -0.1004638671875
-0.0489349365234375 -0.21148681640625 0.02520751953125 -0.0590629577636719
-0.0322723388671875 -0.255020141601563 0.0377998352050781 -0.0174293518066406
-0.0125885009765625 -0.257919311523438 0.0319366455078125 0.0464668273925781
0.0387725830078125 -0.2457275390625 0.0124435424804687 0.111892700195312
0.051239013671875 -0.270965576171875 -0.0029144287109375 0.143600463867187
0.037200927734375 -0.26739501953125 -0.0195770263671875 0.154739379882812
0.023895263671875 -0.265487670898438 0.0180511474609375 0.145370483398437
-0.054046630859375 -0.255722045898438 0.0319595336914063 0.0989151000976562
-0.04913330078125 -0.257720947265625 0.0473556518554688 0.0438575744628906
-0.118804931640625 -0.213592529296875 0.0259208679199219 -0.00144004821777345
-0.153396606445313 -0.154876708984375 0.0390090942382812 -0.0763473510742188
-0.129959106445313 -0.091949462890625 -0.230621337890625 -0.0164184570312501
-0.133438110351563 -0.086669921875 -0.193695068359375 -0.050994873046875
-0.09893798828125 -0.119659423828125 -0.0767364501953125 -0.0619125366210938
-0.0770187377929688 -0.134223937988281 -0.0285568237304688 -0.091827392578125
-0.044921875 -0.14227294921875 0.0447654724121094 -0.0387229919433594
-0.032196044921875 -0.178878784179688 0.0724105834960938 0.0316238403320312
-0.00910949707031251 -0.187240600585938 0.0641250610351562 0.119857788085937
0.0382232666015625 -0.182266235351562 0.0228271484375 0.197616577148438
0.064422607421875 -0.203903198242188 -0.0140838623046875 0.2318115234375
0.0673370361328125 -0.200546264648438 -0.0395050048828125 0.220718383789063
0.06915283203125 -0.201019287109375 0.007537841796875 0.175262451171875
0.00947570800781251 -0.205764770507813 0.0345077514648438 0.0874099731445312
0.00500488281250002 -0.206924438476563 0.0466690063476563 0.00196456909179686
-0.0673675537109375 -0.17987060546875 -0.000484466552734379 -0.0640678405761719
-0.108001708984375 -0.133781433105469 -0.007720947265625 -0.141647338867188
-0.060760498046875 -0.0487861633300781 -0.26568603515625 -0.026214599609375
-0.0708999633789063 -0.0449981689453125 -0.215713500976563 -0.0507049560546875
-0.0431632995605469 -0.0618858337402344 -0.0895919799804688 -0.0589752197265625
-0.0315208435058594 -0.0697021484375 -0.0222625732421875 -0.0889892578125
-0.0152854919433594 -0.0694541931152344 0.0571975708007813 -0.0294418334960938
-0.00710296630859375 -0.0893783569335938 0.0981216430664063 0.0561676025390625
0.00800323486328125 -0.095123291015625 0.088043212890625 0.162750244140625
0.0294036865234375 -0.0927581787109375 0.0279083251953125 0.250320434570313
0.0506744384765625 -0.105361938476563 -0.031524658203125 0.290283203125
0.0524368286132813 -0.102577209472656 -0.0655364990234375 0.262985229492188
0.0603179931640625 -0.104194641113281 -0.00828552246093748 0.191925048828125
0.0293350219726562 -0.1143798828125 0.0392608642578125 0.07818603515625
0.0229568481445312 -0.112846374511719 0.056427001953125 -0.028533935546875
-0.0291366577148438 -0.100395202636719 -0.00556945800781249 -0.114143371582031
-0.0543289184570312 -0.08148193359375 -0.034912109375 -0.192779541015625
0.000997543334960937 -0.0147190093994141 0.0665740966796875 0.191055297851563
0.000671625137329102 -0.00190389156341553 0.0230636596679687 0.136680603027344
9.25064086914062E-05 -0.0117063522338867 -0.0339012145996094 0.0191192626953125
0.00576353073120117 -0.00680112838745117 -0.0245208740234375 -0.084014892578125
0.00824689865112305 0.000448703765869141 0.0399627685546875 -0.197616577148438
-0.00465202331542969 -8.72611999511719E-05 0.05010986328125 -0.30303955078125
-0.0163784027099609 -0.0179805755615234 -0.000244140625000014 -0.332489013671875
-0.0220127105712891 -0.0120944976806641 -0.0587158203125 -0.272323608398438
-0.0275955200195313 0.00128364562988282 -0.115692138671875 -0.1605224609375
-0.0281982421875 0.01055908203125 -0.113723754882812 -0.0389633178710937
-0.0293025970458984 0.0208511352539063 -0.0592422485351563 0.0613632202148437
-0.0225505828857422 0.0208759307861328 0.0272903442382813 0.0886001586914063
-0.0152101516723633 0.00832843780517578 0.113975524902344 0.0737838745117188
-0.00637149810791016 0.0146589279174805 0.22467041015625 0.037261962890625
0.00163650512695312 0.0184478759765625 0.274932861328125 0.0316162109375
-0.0728912353515625 -0.08599853515625 0.05560302734375 0.171661376953125
-0.041351318359375 -0.0965728759765625 0.0135116577148438 0.115478515625
-0.00395965576171876 -0.129600524902344 -0.0273532867431641 0.0139846801757812
0.0315704345703125 -0.118194580078125 -0.0311355590820313 -0.0951919555664063
0.0516281127929687 -0.100639343261719 0.0247650146484375 -0.190948486328125
0.0350875854492187 -0.117820739746094 0.034149169921875 -0.286865234375
-0.000938415527343737 -0.132476806640625 -0.00619506835937498 -0.311309814453125
-0.0160369873046875 -0.115921020507813 -0.0558929443359375 -0.250717163085937
-0.0456924438476563 -0.100730895996094 -0.10455322265625 -0.149566650390625
-0.071075439453125 -0.0748443603515625 -0.102943420410156 -0.0361328125
-0.08184814453125 -0.0484542846679688 -0.0489501953125 0.062225341796875
-0.0902099609375 -0.0287551879882813 0.0317840576171875 0.0956344604492188
-0.0793380737304687 -0.0451202392578125 0.117141723632813 0.0803298950195313
-0.0803146362304688 -0.0230560302734375 0.219253540039062 0.049407958984375
-0.0760040283203125 -0.01263427734375 0.264816284179688 0.0394287109375
-0.140190124511719 -0.138442993164063 0.0197219848632812 0.130607604980469
-0.0970306396484375 -0.165008544921875 -0.00856018066406251 0.0688819885253906
-0.0395355224609375 -0.224609375 -0.0225276947021484 -0.0108375549316406
0.015045166015625 -0.217605590820313 -0.0405654907226562 -0.107223510742188
0.0543365478515625 -0.196990966796875 0.00347900390625002 -0.17181396484375
0.042510986328125 -0.222808837890625 0.00744628906249998 -0.243698120117188
0.00294494628906249 -0.22894287109375 -0.015380859375 -0.250350952148438
-0.00775146484374999 -0.20416259765625 -0.0449066162109375 -0.189987182617188
-0.0508270263671875 -0.194656372070313 -0.0764312744140625 -0.111579895019531
-0.0952606201171875 -0.162261962890625 -0.0783843994140625 -0.0173797607421875
-0.116706848144531 -0.127792358398438 -0.0281906127929688 0.0682601928710937
-0.146591186523438 -0.092071533203125 0.0375595092773437 0.103256225585938
-0.13238525390625 -0.109962463378906 0.112449645996094 0.0892868041992188
-0.143753051757813 -0.0728607177734375 0.191436767578125 0.0631866455078125
-0.14190673828125 -0.050445556640625 0.229141235351562 0.03570556640625
-0.191268920898438 -0.158065795898437 -0.0377883911132813 0.0822372436523437
-0.155776977539063 -0.188339233398438 -0.0500602722167969 0.0162124633789062
-0.099822998046875 -0.26397705078125 -0.02880859375 -0.0404472351074219
-0.041656494140625 -0.270233154296875 -0.0489730834960938 -0.111717224121094
0.013397216796875 -0.258468627929688 -0.00907135009765625 -0.135833740234375
0.013458251953125 -0.290924072265625 -0.00732421874999999 -0.170745849609375
-0.00927734375 -0.2879638671875 -0.0164794921875 -0.156539916992188
0.00183105468749999 -0.263107299804688 -0.02484130859375 -0.099700927734375
-0.0362091064453125 -0.267074584960938 -0.0391502380371094 -0.0467033386230469
-0.0858154296875 -0.24072265625 -0.0449714660644531 0.0204086303710937
-0.116470336914063 -0.21063232421875 -0.0023345947265625 0.0830841064453125
-0.169784545898438 -0.168136596679688 0.0403823852539062 0.107719421386719
-0.154525756835937 -0.18280029296875 0.0938491821289062 0.091033935546875
-0.181350708007812 -0.132308959960938 0.141189575195313 0.066009521484375
-0.1845703125 -0.092620849609375 0.1710205078125 0.0168609619140625
-0.210220336914063 -0.147781372070312 -0.107421875 0.0410232543945313
-0.191848754882813 -0.1661376953125 -0.104713439941406 -0.0206298828125
-0.146453857421875 -0.24078369140625 -0.0457000732421875 -0.0594520568847656
-0.0980224609375 -0.25714111328125 -0.0510940551757813 -0.105842590332031
-0.0397186279296875 -0.260269165039063 -0.000709533691406248 -0.093994140625
-0.02923583984375 -0.301666259765625 0.0039825439453125 -0.08770751953125
-0.02630615234375 -0.29815673828125 0.00230026245117187 -0.0496864318847656
0.012359619140625 -0.280487060546875 -0.000598907470703125 0.00732564926147459
-0.00463867187499999 -0.300201416015625 -0.00617599487304688 0.0439605712890625
-0.042083740234375 -0.28497314453125 -0.0163650512695313 0.0820159912109375
-0.0701141357421875 -0.269546508789063 0.0200958251953125 0.109893798828125
-0.144134521484375 -0.234512329101563 0.0399627685546875 0.106269836425781
-0.132415771484375 -0.243240356445312 0.068084716796875 0.074920654296875
-0.178741455078125 -0.18621826171875 0.0785980224609375 0.0449447631835937
-0.192962646484375 -0.129135131835938 0.0992431640625 -0.0234451293945313
-0.191070556640625 -0.117584228515625 -0.17559814453125 0.0151214599609375
-0.185760498046875 -0.120254516601563 -0.158538818359375 -0.0346832275390625
-0.1492919921875 -0.1796875 -0.0650367736816406 -0.0622520446777344
-0.115020751953125 -0.198760986328125 -0.0446243286132813 -0.0959320068359375
-0.06622314453125 -0.211181640625 0.0217437744140625 -0.0603599548339844
-0.0542755126953125 -0.25531005859375 0.037506103515625 -0.0176467895507813
-0.0330657958984375 -0.260879516601563 0.0361862182617188 0.0479507446289062
0.020721435546875 -0.2530517578125 0.0223007202148437 0.113746643066406
0.0308074951171875 -0.280929565429688 0.0093231201171875 0.145172119140625
0.0163116455078125 -0.27423095703125 -0.00825500488281251 0.15753173828125
0.00209045410156249 -0.271942138671875 0.0283355712890625 0.144027709960937
-0.0756378173828125 -0.255157470703125 0.0384597778320312 0.0973739624023437
-0.07135009765625 -0.257904052734375 0.0477027893066406 0.0393829345703125
-0.1380615234375 -0.207717895507812 0.0238304138183594 -0.00311470031738283
-0.167633056640625 -0.144088745117188 0.0314178466796875 -0.0797576904296875
-0.139427185058594 -0.0811004638671875 -0.231338500976562 0.00248718261718745
-0.142623901367188 -0.0742645263671875 -0.198333740234375 -0.0347442626953125
-0.111488342285156 -0.11468505859375 -0.08123779296875 -0.0573272705078125
-0.0903244018554688 -0.129875183105469 -0.0352249145507813 -0.0882644653320313
-0.0569915771484375 -0.140869140625 0.0444602966308594 -0.0410614013671875
-0.047454833984375 -0.179046630859375 0.0763397216796875 0.0288925170898437
-0.02471923828125 -0.188507080078125 0.0739517211914063 0.119598388671875
0.0243072509765625 -0.188385009765625 0.0394134521484375 0.200439453125
0.0499267578125 -0.214004516601563 0.00514221191406251 0.23699951171875
0.0534515380859375 -0.208099365234375 -0.024261474609375 0.22686767578125
0.053955078125 -0.208724975585937 0.019989013671875 0.176071166992188
-0.0074005126953125 -0.209869384765625 0.0394668579101563 0.0846176147460938
-0.0117950439453125 -0.210708618164063 0.0441017150878906 -0.00351715087890626
-0.0825347900390625 -0.176727294921875 -0.00869369506835938 -0.0650825500488281
-0.119636535644531 -0.126487731933594 -0.0216827392578125 -0.141311645507813
-0.0646553039550781 -0.0440673828125 -0.267288208007812 -0.00346374511718748
-0.0745468139648438 -0.0383758544921875 -0.220245361328125 -0.0330657958984375
-0.0495491027832031 -0.0595130920410156 -0.0936737060546875 -0.0526123046875
-0.0382499694824219 -0.0679244995117187 -0.0286026000976563 -0.0855026245117187
-0.0200958251953125 -0.0695724487304687 0.0564193725585937 -0.0325736999511719
-0.01434326171875 -0.0906600952148438 0.103904724121094 0.0520248413085938
2.2888183593753E-05 -0.0972747802734375 0.101150512695313 0.160186767578125
0.0221710205078125 -0.0968856811523438 0.04815673828125 0.253219604492188
0.0432891845703125 -0.112091064453125 -0.009033203125 0.297943115234375
0.044586181640625 -0.107856750488281 -0.048004150390625 0.271743774414063
0.0527267456054687 -0.10980224609375 0.00471496582031251 0.194091796875
0.0200881958007813 -0.118667602539063 0.0433197021484375 0.0749282836914062
0.0139923095703125 -0.116691589355469 0.0519676208496094 -0.034271240234375
-0.0362625122070313 -0.0994796752929688 -0.0171432495117187 -0.115135192871094
-0.0617218017578125 -0.0779571533203125 -0.0540008544921875 -0.191192626953125
-3.05175781250006E-05 -0.0142831802368164 0.08331298828125 0.182647705078125
0.000985443592071533 -0.000922739505767822 0.0354385375976562 0.132644653320313
-0.000626564025878906 -0.0111474990844727 -0.0301704406738281 0.0209770202636719
0.0055851936340332 -0.00737857818603516 -0.027587890625 -0.0810623168945313
0.00883579254150391 -0.000432968139648438 0.0280303955078125 -0.197341918945312
-0.0040128231048584 -0.000406026840209961 0.03076171875 -0.30096435546875
-0.0172910690307617 -0.0167579650878906 -0.021636962890625 -0.328765869140625
-0.0224933624267578 -0.0105075836181641 -0.075347900390625 -0.266387939453125
-0.0276527404785156 0.00321197509765626 -0.125930786132812 -0.15313720703125
-0.0266799926757813 0.0109672546386719 -0.113677978515625 -0.0334701538085937
-0.0274734497070313 0.0217647552490234 -0.0546760559082031 0.061676025390625
-0.0214004516601563 0.0223274230957031 0.0307388305664063 0.0841522216796875
-0.0152044296264648 0.00909328460693359 0.114936828613281 0.0647964477539063
-0.00608539581298828 0.0147867202758789 0.2208251953125 0.0213165283203125
0.00339984893798828 0.0168876647949219 0.270309448242188 0.0113983154296875
-0.077789306640625 -0.0808334350585938 0.06982421875 0.164718627929688
-0.04718017578125 -0.0906448364257813 0.0239486694335938 0.11224365234375
-0.0125961303710938 -0.127235412597656 -0.0247020721435547 0.0151424407958984
0.0220718383789063 -0.119346618652344 -0.0353317260742187 -0.089385986328125
0.0446090698242188 -0.103790283203125 0.0135955810546875 -0.188079833984375
0.0268707275390625 -0.118682861328125 0.01593017578125 -0.28399658203125
-0.00966644287109374 -0.1322021484375 -0.0260009765625 -0.307281494140625
-0.02325439453125 -0.113143920898438 -0.071502685546875 -0.2445068359375
-0.0525894165039062 -0.0970611572265625 -0.113571166992188 -0.142471313476563
-0.0745162963867188 -0.069427490234375 -0.104087829589844 -0.030487060546875
-0.0832595825195312 -0.0419235229492188 -0.0441856384277344 0.0617294311523438
-0.0916366577148438 -0.02130126953125 0.0365982055664062 0.0907745361328125
-0.0830535888671875 -0.0377578735351563 0.118125915527344 0.070953369140625
-0.082122802734375 -0.0170516967773437 0.216629028320312 0.0319671630859375
-0.0760345458984375 -0.00732421874999999 0.259445190429688 0.01995849609375
-0.148284912109375 -0.125640869140625 0.0309982299804687 0.127388000488281
-0.106353759765625 -0.154586791992188 -0.00191497802734376 0.0687675476074219
-0.055267333984375 -0.218475341796875 -0.021270751953125 -0.0103092193603516
-3.05175781249798E-05 -0.2158203125 -0.0457992553710938 -0.100845336914063
0.042205810546875 -0.19970703125 -0.00588989257812499 -0.16754150390625
0.0272369384765625 -0.222747802734375 -0.00685119628906248 -0.238372802734375
-0.0117950439453125 -0.227508544921875 -0.0320587158203125 -0.245330810546875
-0.0206756591796875 -0.201019287109375 -0.0569915771484375 -0.185409545898438
-0.0636138916015625 -0.190567016601563 -0.0835952758789063 -0.107070922851563
-0.1046142578125 -0.154464721679688 -0.078094482421875 -0.015380859375
-0.12432861328125 -0.117988586425781 -0.0241165161132813 0.0661849975585937
-0.151657104492188 -0.0794525146484375 0.0430450439453125 0.09783935546875
-0.140281677246094 -0.0988082885742188 0.113433837890625 0.0797653198242187
-0.14825439453125 -0.0612640380859375 0.18939208984375 0.04840087890625
-0.14263916015625 -0.039947509765625 0.22540283203125 0.0189208984375
-0.200393676757813 -0.140945434570312 -0.0290298461914063 0.0828857421875
-0.165618896484375 -0.172225952148437 -0.0456314086914063 0.0200614929199219
-0.1181640625 -0.253448486328125 -0.0287895202636719 -0.039764404296875
-0.0611724853515625 -0.264801025390625 -0.0539474487304687 -0.104995727539063
-0.00370788574218752 -0.25714111328125 -0.0150604248046875 -0.132080078125
-0.00601196289062502 -0.2884521484375 -0.0166168212890625 -0.165771484375
-0.028472900390625 -0.284149169921875 -0.02587890625 -0.15264892578125
-0.014923095703125 -0.26025390625 -0.0310440063476563 -0.0966110229492188
-0.0536651611328125 -0.263351440429688 -0.0416717529296875 -0.0449562072753907
-0.1014404296875 -0.231842041015625 -0.0425682067871094 0.0209541320800781
-0.129547119140625 -0.199737548828125 0.001983642578125 0.0791168212890625
-0.17999267578125 -0.15301513671875 0.0462493896484375 0.101882934570312
-0.16754150390625 -0.169097900390625 0.0954971313476562 0.0824508666992187
-0.188934326171875 -0.1175537109375 0.14080810546875 0.0547332763671875
-0.186416625976563 -0.0789337158203125 0.16766357421875 0.00486755371093749
-0.21826171875 -0.12982177734375 -0.0998077392578125 0.0474014282226563
-0.199661254882813 -0.147674560546875 -0.102287292480469 -0.0117950439453125
-0.163665771484375 -0.227569580078125 -0.0474433898925781 -0.0565185546875
-0.116241455078125 -0.247467041015625 -0.0559463500976563 -0.0984878540039063
-0.0564117431640625 -0.254165649414063 -0.00447845458984375 -0.0913848876953125
-0.04949951171875 -0.295135498046875 0.000144958496093756 -0.0848464965820313
-0.045562744140625 -0.292236328125 -0.000263214111328125 -0.0470085144042969
-0.00581359863281252 -0.27783203125 0.00080108642578125 0.00798654556274412
-0.025390625 -0.298370361328125 -0.00358200073242187 0.0420761108398437
-0.060760498046875 -0.278793334960938 -0.0112762451171875 0.080352783203125
-0.088531494140625 -0.260528564453125 0.0261077880859375 0.104690551757812
-0.159133911132813 -0.220367431640625 0.0456619262695312 0.099884033203125
-0.14874267578125 -0.22998046875 0.06817626953125 0.0684661865234375
-0.189666748046875 -0.171768188476563 0.0777435302734375 0.0387344360351562
-0.198211669921875 -0.113632202148437 0.0931854248046875 -0.0292739868164063
-0.197052001953125 -0.100906372070312 -0.1688232421875 0.02691650390625
-0.19012451171875 -0.102767944335938 -0.156539916992187 -0.021636962890625
-0.161941528320313 -0.167556762695313 -0.0671653747558594 -0.0588951110839844
-0.129150390625 -0.188278198242188 -0.0493545532226563 -0.0888748168945313
-0.0797119140625 -0.203155517578125 0.0196571350097656 -0.0597877502441406
-0.0714569091796875 -0.248748779296875 0.0386009216308594 -0.0171127319335938
-0.0504150390625 -0.25567626953125 0.0395736694335938 0.0470809936523437
0.00395202636718751 -0.251754760742188 0.0313644409179688 0.110862731933594
0.011260986328125 -0.28167724609375 0.01910400390625 0.142059326171875
-0.00207519531250001 -0.2723388671875 0.00160217285156251 0.15521240234375
-0.0164337158203125 -0.2672119140625 0.0371551513671875 0.138267517089844
-0.093505859375 -0.245712280273437 0.0435028076171875 0.0920562744140625
-0.0889434814453125 -0.249298095703125 0.0457687377929687 0.0344009399414062
-0.150482177734375 -0.196182250976562 0.0203285217285156 -0.00461196899414064
-0.174636840820313 -0.130844116210938 0.022979736328125 -0.079498291015625
-0.14263916015625 -0.0684051513671875 -0.224365234375 0.0188751220703125
-0.145492553710938 -0.06085205078125 -0.195480346679688 -0.018218994140625
-0.119720458984375 -0.104377746582031 -0.0821914672851563 -0.051177978515625
-0.0993423461914062 -0.12078857421875 -0.0402603149414063 -0.0819473266601563
-0.065887451171875 -0.134811401367188 0.0424842834472656 -0.041229248046875
-0.0597076416015625 -0.173110961914063 0.079071044921875 0.0267257690429687
-0.0374908447265625 -0.18438720703125 0.0814208984375 0.115684509277344
0.0123748779296875 -0.18780517578125 0.054595947265625 0.19537353515625
0.0344390869140625 -0.216278076171875 0.021728515625 0.232528686523438
0.03826904296875 -0.209716796875 -0.00971984863281249 0.22509765625
0.039642333984375 -0.210220336914063 0.0301361083984375 0.170486450195313
-0.0222930908203125 -0.206405639648438 0.0423507690429688 0.0807342529296875
-0.026397705078125 -0.206863403320313 0.0397109985351562 -0.00714111328125001
-0.0926971435546875 -0.169189453125 -0.0153083801269531 -0.0626220703125
-0.126922607421875 -0.116104125976562 -0.0337905883789063 -0.136238098144531
-0.0671730041503906 -0.0376396179199219 -0.259323120117188 0.0148162841796875
-0.0753173828125 -0.03076171875 -0.216796875 -0.0152130126953125
-0.0531883239746094 -0.0540199279785156 -0.0932083129882813 -0.045013427734375
-0.043548583984375 -0.063201904296875 -0.0335845947265625 -0.0802078247070313
-0.0246849060058594 -0.0675392150878906 0.0550651550292969 -0.0338516235351563
-0.0202178955078125 -0.0882415771484375 0.1065673828125 0.0466995239257812
-0.00685882568359374 -0.0956573486328125 0.11053466796875 0.1546630859375
0.0156326293945313 -0.0969619750976563 0.066192626953125 0.24761962890625
0.0351104736328125 -0.113273620605469 0.011871337890625 0.294952392578125
0.0369415283203125 -0.109306335449219 -0.0307464599609375 0.271499633789062
0.0455245971679688 -0.111495971679688 0.015655517578125 0.190353393554688
0.0113906860351563 -0.118087768554688 0.0454597473144531 0.0702552795410156
0.00603485107421874 -0.116409301757813 0.0451545715332031 -0.0385856628417969
-0.0417098999023437 -0.0954055786132813 -0.0268707275390625 -0.111953735351563
-0.06610107421875 -0.0715408325195313 -0.069366455078125 -0.1827392578125
-0.000975608825683594 -0.015162467956543 0.09161376953125 0.174942016601563
0.00139367580413818 -0.000272631645202637 0.0427703857421875 0.128158569335938
-0.00141429901123047 -0.00972366333007813 -0.0270862579345703 0.0219459533691406
0.0041050910949707 -0.00738954544067383 -0.0268096923828125 -0.0762100219726563
0.00913429260253906 -0.00195598602294922 0.0223846435546875 -0.19219970703125
-0.00375699996948242 -0.000484704971313477 0.0205078125 -0.29486083984375
-0.01837158203125 -0.0174293518066406 -0.03277587890625 -0.320587158203125
-0.0224113464355469 -0.00975227355957031 -0.0844268798828125 -0.25946044921875
-0.0271530151367188 0.00313758850097656 -0.128921508789063 -0.146499633789063
-0.0260467529296875 0.0115890502929687 -0.111763000488281 -0.0320053100585938
-0.0256271362304688 0.0228061676025391 -0.0522270202636719 0.05853271484375
-0.0201950073242188 0.0228710174560547 0.030853271484375 0.0797271728515625
-0.0154914855957031 0.0106105804443359 0.112297058105469 0.0595169067382813
-0.00498771667480469 0.0151185989379883 0.2138671875 0.012176513671875
0.00437641143798828 0.0154390335083008 0.260894775390625 0.0021820068359375
-0.0797958374023438 -0.075225830078125 0.077911376953125 0.156829833984375
-0.048187255859375 -0.0859375 0.0311050415039063 0.108657836914062
-0.0175628662109375 -0.12445068359375 -0.0219745635986328 0.0152797698974609
0.0169601440429688 -0.118400573730469 -0.0354156494140625 -0.0855941772460938
0.041595458984375 -0.104804992675781 0.00967407226562499 -0.182937622070313
0.0219802856445313 -0.117088317871094 0.00750732421875003 -0.276870727539063
-0.0129241943359375 -0.129386901855469 -0.036834716796875 -0.299346923828125
-0.0267257690429688 -0.111076354980469 -0.07952880859375 -0.237396240234375
-0.0550155639648438 -0.0949249267578125 -0.116828918457031 -0.137252807617187
-0.076385498046875 -0.0661773681640625 -0.101654052734375 -0.0296630859375
-0.0837249755859375 -0.0374374389648438 -0.0423622131347656 0.0589370727539062
-0.0910797119140625 -0.0172271728515625 0.036285400390625 0.085723876953125
-0.08428955078125 -0.033355712890625 0.115470886230469 0.064117431640625
-0.0819778442382813 -0.0130538940429687 0.209686279296875 0.0242156982421875
-0.0739593505859375 -0.00506591796875001 0.250579833984375 0.0092926025390625
-0.149749755859375 -0.11700439453125 0.0380020141601562 0.1221923828125
-0.108184814453125 -0.144821166992188 0.00422668457031249 0.0664787292480469
-0.063507080078125 -0.212890625 -0.0190258026123047 -0.0103130340576172
-0.00933837890625 -0.211807250976563 -0.0461883544921875 -0.0953750610351563
0.034576416015625 -0.197921752929688 -0.00964355468750001 -0.161956787109375
0.018951416015625 -0.219818115234375 -0.01348876953125 -0.23150634765625
-0.0201873779296875 -0.222640991210938 -0.0396881103515625 -0.238296508789062
-0.0270843505859375 -0.197128295898438 -0.0626068115234375 -0.178985595703125
-0.07000732421875 -0.1851806640625 -0.0859909057617188 -0.103294372558594
-0.108139038085938 -0.146621704101563 -0.0771713256835938 -0.0145416259765625
-0.125808715820313 -0.110275268554688 -0.0228996276855469 0.0628738403320313
-0.15277099609375 -0.0716552734375 0.0439987182617188 0.0921783447265625
-0.142471313476563 -0.09075927734375 0.11029052734375 0.0738067626953125
-0.1488037109375 -0.0542449951171875 0.184234619140625 0.039520263671875
-0.14080810546875 -0.033935546875 0.217620849609375 0.0099945068359375
-0.201095581054687 -0.129898071289063 -0.0222320556640625 0.08135986328125
-0.167984008789063 -0.15985107421875 -0.0414772033691406 0.02154541015625
-0.127639770507813 -0.24383544921875 -0.0280952453613281 -0.0393943786621094
-0.0717010498046875 -0.257186889648438 -0.054779052734375 -0.0980300903320313
-0.012451171875 -0.252548217773438 -0.0174102783203125 -0.127677917480469
-0.017730712890625 -0.282806396484375 -0.0205535888671875 -0.159713745117188
-0.0374755859375 -0.277618408203125 -0.029937744140625 -0.146240234375
-0.0240325927734375 -0.254562377929688 -0.0341262817382813 -0.0932388305664063
-0.0637359619140625 -0.257156372070313 -0.0432929992675781 -0.043609619140625
-0.108001708984375 -0.22296142578125 -0.0417137145996094 0.0192489624023437
-0.135177612304688 -0.189544677734375 0.0032958984375 0.0744247436523437
-0.1832275390625 -0.1412353515625 0.0476531982421875 0.0962600708007812
-0.171783447265625 -0.1588134765625 0.0930633544921875 0.0760116577148437
-0.1907958984375 -0.108200073242187 0.137519836425781 0.0482330322265625
-0.18536376953125 -0.0698394775390625 0.160079956054688 -0.0017242431640625
-0.218551635742187 -0.116744995117188 -0.0924606323242188 0.0494537353515625
-0.199142456054687 -0.133453369140625 -0.09820556640625 -0.0077362060546875
-0.171798706054687 -0.216461181640625 -0.046661376953125 -0.0556831359863282
-0.1240234375 -0.237701416015625 -0.0561141967773437 -0.0923843383789063
-0.065277099609375 -0.247528076171875 -0.005767822265625 -0.08782958984375
-0.060333251953125 -0.287139892578125 -0.000511169433593761 -0.0802536010742188
-0.0550537109375 -0.285247802734375 -0.00127792358398437 -0.043487548828125
-0.01544189453125 -0.272216796875 0.00126314163208008 0.00740194320678709
-0.03656005859375 -0.29168701171875 -0.00197982788085937 0.0400199890136718
-0.0698394775390625 -0.270889282226563 -0.00843048095703125 0.0771713256835937
-0.096710205078125 -0.251449584960938 0.0275726318359375 0.0985336303710937
-0.166046142578125 -0.208450317382813 0.0467453002929687 0.0952911376953125
-0.155868530273437 -0.21923828125 0.0653762817382812 0.0637245178222656
-0.192840576171875 -0.160873413085938 0.07513427734375 0.034881591796875
-0.197601318359375 -0.103729248046875 0.0876083374023438 -0.0317459106445313
-0.196258544921875 -0.0894927978515625 -0.160354614257812 0.0324859619140625
-0.188735961914063 -0.0903472900390625 -0.150680541992188 -0.0152435302734375
-0.167449951171875 -0.157363891601562 -0.0650367736816406 -0.0557022094726563
-0.135208129882813 -0.178604125976563 -0.0497512817382813 -0.082794189453125
-0.0863037109375 -0.196548461914063 0.0183372497558594 -0.0578155517578125
-0.08050537109375 -0.241104125976562 0.0385704040527344 -0.0156326293945313
-0.0586700439453125 -0.247482299804688 0.0418548583984375 0.0475387573242187
-0.00529479980468748 -0.246932983398438 0.0355072021484375 0.107589721679687
-0.00122070312499998 -0.27801513671875 0.024169921875 0.137092590332031
-0.012237548828125 -0.265350341796875 0.00576782226562499 0.150039672851562
-0.0249481201171875 -0.26104736328125 0.0400238037109375 0.131996154785156
-0.102035522460938 -0.235382080078125 0.0429611206054688 0.0877532958984375
-0.097808837890625 -0.241180419921875 0.0422248840332031 0.0312271118164062
-0.1549072265625 -0.186279296875 0.0166263580322266 -0.00499725341796876
-0.175445556640625 -0.120269775390625 0.0161590576171875 -0.0770645141601563
-0.141799926757813 -0.0602264404296875 -0.214263916015625 0.0269622802734375
-0.142684936523438 -0.052001953125 -0.188262939453125 -0.00920104980468747
-0.122917175292969 -0.0974655151367188 -0.0803146362304688 -0.0475921630859375
-0.102813720703125 -0.113517761230469 -0.040435791015625 -0.076385498046875
-0.0695419311523438 -0.1287841796875 0.0409164428710937 -0.0405120849609375
-0.06573486328125 -0.167282104492188 0.0797348022460938 0.0257720947265625
-0.0439910888671875 -0.178451538085938 0.0848922729492188 0.11376953125
0.00402832031249999 -0.184524536132813 0.061431884765625 0.189254760742188
0.0238189697265625 -0.213287353515625 0.0295867919921875 0.22662353515625
0.029632568359375 -0.206497192382813 -0.00347900390624998 0.219223022460937
0.030731201171875 -0.205963134765625 0.0340118408203125 0.163970947265625
-0.0304107666015625 -0.200424194335938 0.0419998168945313 0.0762481689453125
-0.0342254638671875 -0.20123291015625 0.0345993041992188 -0.00913047790527345
-0.09747314453125 -0.162918090820313 -0.0204887390136719 -0.0610389709472656
-0.127525329589844 -0.108901977539063 -0.041473388671875 -0.129470825195313
-0.066436767578125 -0.0336570739746094 -0.24871826171875 0.0241241455078125
-0.073486328125 -0.026031494140625 -0.20831298828125 -0.00535583496093752
-0.0552291870117187 -0.0513114929199219 -0.09130859375 -0.040802001953125
-0.0454978942871094 -0.0602264404296875 -0.0349197387695312 -0.0744171142578125
-0.0266952514648438 -0.0645561218261719 0.0541725158691406 -0.0339889526367188
-0.023834228515625 -0.0856857299804688 0.107208251953125 0.0443954467773438
-0.0112533569335938 -0.0928497314453125 0.114181518554688 0.14971923828125
0.0108871459960937 -0.0955886840820313 0.075439453125 0.241165161132813
0.02911376953125 -0.113021850585937 0.022613525390625 0.28778076171875
0.0320281982421875 -0.107856750488281 -0.0223541259765625 0.26690673828125
0.0399322509765625 -0.109748840332031 0.021148681640625 0.183349609375
0.00617980957031251 -0.115585327148437 0.0435943603515625 0.0670890808105469
0.00104522705078126 -0.113746643066406 0.039093017578125 -0.0401153564453125
-0.0440444946289063 -0.092437744140625 -0.0338592529296875 -0.108108520507813
-0.0666580200195313 -0.0672721862792968 -0.077789306640625 -0.173416137695313
-0.00143623352050781 -0.0151071548461914 0.0969390869140625 0.169723510742188
0.0030510425567627 0.000518560409545898 0.0470809936523437 0.126411437988281
-0.00135231018066406 -0.00895214080810547 -0.0250873565673828 0.0235195159912109
0.0032191276550293 -0.00771570205688476 -0.0253677368164063 -0.0753555297851563
0.00927066802978516 -0.00359821319580078 0.0213775634765625 -0.1903076171875
-0.00343990325927734 -0.00122189521789551 0.018524169921875 -0.291046142578125
-0.01800537109375 -0.0175933837890625 -0.03558349609375 -0.318511962890625
-0.0217094421386719 -0.00959205627441406 -0.0884552001953125 -0.257919311523438
-0.0276355743408203 0.00275802612304688 -0.130538940429687 -0.146499633789063
-0.0258502960205078 0.0107536315917969 -0.112510681152344 -0.033447265625
-0.0253982543945313 0.0226192474365234 -0.0525321960449219 0.0569229125976563
-0.0199756622314453 0.0226001739501953 0.029937744140625 0.0779571533203125
-0.0162782669067383 0.010711669921875 0.109199523925781 0.05780029296875
-0.00553321838378906 0.0159578323364258 0.210220336914063 0.0089874267578125
0.00488185882568359 0.0143413543701172 0.254669189453125 -0.00152587890625
-0.0812225341796875 -0.0736007690429688 0.082733154296875 0.152816772460938
-0.0479965209960937 -0.0843353271484375 0.034515380859375 0.106590270996094
-0.0204696655273437 -0.123580932617187 -0.0196266174316406 0.0154075622558594
0.0149688720703125 -0.118202209472656 -0.0336990356445313 -0.082611083984375
0.040252685546875 -0.1053466796875 0.00836181640624999 -0.180938720703125
0.0206069946289063 -0.118400573730469 0.00614929199218747 -0.2740478515625
-0.015838623046875 -0.129753112792969 -0.039154052734375 -0.297210693359375
-0.0269775390625 -0.1109619140625 -0.0836181640625 -0.235092163085937
-0.0571136474609375 -0.0938186645507813 -0.119316101074219 -0.136985778808594
-0.076080322265625 -0.065521240234375 -0.102142333984375 -0.0327835083007813
-0.0834503173828125 -0.0364761352539063 -0.0423431396484375 0.0568313598632813
-0.0919113159179688 -0.0152969360351562 0.0358810424804687 0.0834579467773437
-0.0860519409179688 -0.0318069458007812 0.112617492675781 0.062469482421875
-0.0813980102539062 -0.011627197265625 0.206192016601563 0.0201416015625
-0.0722732543945312 -0.00456237792968751 0.245330810546875 0.00567626953125
-0.152114868164063 -0.112686157226563 0.0430374145507812 0.119895935058594
-0.109100341796875 -0.141586303710938 0.00780868530273437 0.0659446716308594
-0.0682373046875 -0.21124267578125 -0.0171175003051758 -0.0107822418212891
-0.01373291015625 -0.211456298828125 -0.0447235107421875 -0.0930099487304688
0.0319366455078125 -0.19818115234375 -0.00979614257812501 -0.15966796875
0.0157623291015625 -0.21990966796875 -0.0142364501953125 -0.228515625
-0.0240478515625 -0.221710205078125 -0.04254150390625 -0.2347412109375
-0.028594970703125 -0.197265625 -0.0658111572265625 -0.177566528320313
-0.073516845703125 -0.184555053710938 -0.088134765625 -0.103416442871094
-0.109832763671875 -0.144683837890625 -0.0772171020507813 -0.0174636840820313
-0.126213073730469 -0.107223510742187 -0.0227012634277344 0.0598640441894531
-0.153549194335938 -0.0675048828125 0.0434036254882813 0.0895233154296875
-0.145828247070313 -0.086822509765625 0.107032775878906 0.0702056884765625
-0.150192260742188 -0.0509033203125 0.181076049804687 0.036224365234375
-0.140113830566406 -0.0319290161132812 0.21331787109375 0.0069427490234375
-0.20263671875 -0.12396240234375 -0.0174713134765625 0.0798492431640625
-0.167526245117187 -0.154983520507813 -0.0385017395019531 0.0213508605957031
-0.133010864257812 -0.241348266601563 -0.026824951171875 -0.0398025512695313
-0.0760955810546875 -0.254974365234375 -0.05377197265625 -0.095367431640625
-0.0157318115234375 -0.251205444335938 -0.0170669555664063 -0.124984741210938
-0.02130126953125 -0.28131103515625 -0.0201568603515625 -0.157272338867188
-0.0415802001953125 -0.276214599609375 -0.0316925048828125 -0.143569946289063
-0.0269775390625 -0.253631591796875 -0.035614013671875 -0.0916061401367188
-0.068756103515625 -0.25640869140625 -0.0448417663574219 -0.0452461242675781
-0.109970092773437 -0.2197265625 -0.0421142578125 0.0166015625
-0.136703491210938 -0.1859130859375 0.00259399414062498 0.071380615234375
-0.186325073242188 -0.136978149414063 0.0467147827148437 0.0933303833007812
-0.175750732421875 -0.1546630859375 0.0895156860351562 0.0741043090820312
-0.19244384765625 -0.10357666015625 0.134170532226563 0.04541015625
-0.1844482421875 -0.0662841796875 0.155914306640625 -0.0036773681640625
-0.21917724609375 -0.110824584960938 -0.08746337890625 0.0497207641601563
-0.199234008789062 -0.128005981445313 -0.0947341918945313 -0.0057373046875
-0.176101684570312 -0.212310791015625 -0.0462837219238281 -0.0553741455078125
-0.129287719726563 -0.23406982421875 -0.05548095703125 -0.0884170532226563
-0.0682220458984375 -0.245574951171875 -0.0059814453125 -0.0861053466796875
-0.064422607421875 -0.284698486328125 0.000709533691406246 -0.078643798828125
-0.0595703125 -0.2825927734375 -0.000808715820312501 -0.0417518615722656
-0.0197906494140625 -0.271591186523438 0.00149822235107422 0.00800180435180662
-0.04296875 -0.291473388671875 -0.00248718261718751 0.0376548767089843
-0.0736236572265625 -0.268539428710938 -0.00836181640625001 0.074859619140625
-0.099395751953125 -0.247817993164063 0.0264816284179687 0.0947189331054687
-0.169677734375 -0.204269409179688 0.0460433959960937 0.0921707153320312
-0.159591674804688 -0.215286254882813 0.0617141723632812 0.0619239807128906
-0.196319580078125 -0.1563720703125 0.0716018676757812 0.0335617065429687
-0.198043823242188 -0.09991455078125 0.08349609375 -0.0320816040039063
-0.195770263671875 -0.0842437744140625 -0.154800415039063 0.03363037109375
-0.187973022460938 -0.0844573974609375 -0.1470947265625 -0.011688232421875
-0.171478271484375 -0.153213500976562 -0.0646324157714844 -0.0562896728515625
-0.13885498046875 -0.175064086914063 -0.0492477416992188 -0.0796737670898438
-0.089111328125 -0.194015502929688 0.0186119079589844 -0.0558128356933594
-0.083465576171875 -0.2379150390625 0.0400962829589844 -0.0141525268554688
-0.0619659423828125 -0.245361328125 0.0436439514160156 0.0488510131835937
-0.00926208496093752 -0.245864868164063 0.0371170043945312 0.106147766113281
-0.00598144531249998 -0.276565551757812 0.0257568359375 0.13409423828125
-0.0159912109375 -0.264495849609375 0.006988525390625 0.147506713867187
-0.029510498046875 -0.259185791015625 0.0387802124023438 0.128631591796875
-0.105133056640625 -0.232467651367188 0.0425949096679688 0.085113525390625
-0.101364135742187 -0.238174438476562 0.0382537841796875 0.0303421020507812
-0.158859252929688 -0.183761596679688 0.0130853652954101 -0.00515460968017579
-0.175521850585938 -0.117218017578125 0.012420654296875 -0.0752410888671875
-0.14190673828125 -0.0570068359375 -0.208526611328125 0.029510498046875
-0.14141845703125 -0.0467987060546875 -0.183822631835938 -0.0052642822265625
-0.126220703125 -0.0942840576171875 -0.0785064697265625 -0.04705810546875
-0.1053466796875 -0.110305786132812 -0.0400772094726563 -0.0731353759765625
-0.0718917846679688 -0.127388000488281 0.0414047241210937 -0.0398063659667969
-0.06817626953125 -0.164764404296875 0.0811080932617188 0.0263519287109375
-0.0458831787109375 -0.1767578125 0.0879287719726563 0.11431884765625
0.001129150390625 -0.1839599609375 0.0652313232421875 0.1876220703125
0.020843505859375 -0.21441650390625 0.0333251953125 0.223953247070312
0.026947021484375 -0.205490112304688 -0.00163269042968752 0.217239379882812
0.0283660888671875 -0.205291748046875 0.0338897705078125 0.160171508789063
-0.0345306396484375 -0.19830322265625 0.0410079956054688 0.07470703125
-0.0370941162109375 -0.200286865234375 0.0302734375 -0.0104007720947266
-0.09991455078125 -0.161544799804687 -0.0241203308105469 -0.0600242614746094
-0.128425598144531 -0.106048583984375 -0.0455322265625 -0.12615966796875
-0.0656814575195312 -0.0332908630371094 -0.241302490234375 0.0279693603515625
-0.0727081298828125 -0.0231552124023438 -0.20458984375 -0.0012359619140625
-0.0569572448730469 -0.0499420166015625 -0.0891571044921875 -0.0391616821289062
-0.0470390319824219 -0.0579109191894531 -0.0337448120117188 -0.0711822509765625
-0.0281219482421875 -0.0635223388671875 0.053955078125 -0.0325927734375
-0.025177001953125 -0.0849685668945313 0.108192443847656 0.0452880859375
-0.0128936767578125 -0.0916976928710938 0.117691040039063 0.15032958984375
0.00896453857421875 -0.0949859619140625 0.0791015625 0.23919677734375
0.0268936157226563 -0.114013671875 0.02630615234375 0.285247802734375
0.0306625366210938 -0.107490539550781 -0.02020263671875 0.264892578125
0.0378494262695313 -0.109687805175781 0.0205230712890625 0.180892944335938
0.0032958984375 -0.113998413085938 0.0416183471679688 0.0656204223632812
-0.000907897949218748 -0.112960815429688 0.0351066589355469 -0.0408134460449219
-0.0448074340820313 -0.0918960571289063 -0.0382308959960938 -0.105918884277344
-0.0671424865722656 -0.065338134765625 -0.082672119140625 -0.168411254882813
-0.00349617004394531 -0.0158529281616211 0.104080200195312 0.171661376953125
0.00325846672058105 -0.000481128692626953 0.0515213012695312 0.127098083496094
-0.00172710418701172 -0.00798368453979492 -0.0246620178222656 0.0248088836669922
0.00315666198730469 -0.00792598724365234 -0.0231094360351562 -0.0764312744140625
0.00902175903320313 -0.00522708892822266 0.02374267578125 -0.193771362304687
-0.00395560264587402 -0.00234556198120117 0.018310546875 -0.296142578125
-0.0194969177246094 -0.0184822082519531 -0.0389404296875 -0.326202392578125
-0.0232982635498047 -0.0108318328857422 -0.0928497314453125 -0.26348876953125
-0.0291423797607422 0.00201225280761719 -0.1353759765625 -0.150375366210938
-0.0270271301269531 0.0104255676269531 -0.114875793457031 -0.0362319946289063
-0.0247116088867188 0.0231170654296875 -0.0550765991210937 0.0565643310546875
-0.0208415985107422 0.0244140625 0.029449462890625 0.0786666870117188
-0.0187129974365234 0.0119209289550781 0.108863830566406 0.0583724975585938
-0.00611305236816406 0.0169010162353516 0.212173461914063 0.0068206787109375
0.00489330291748047 0.0143804550170898 0.256805419921875 -0.002838134765625
-0.0838165283203125 -0.0738601684570313 0.088134765625 0.153839111328125
-0.0487518310546875 -0.0858688354492188 0.03961181640625 0.108139038085937
-0.0231399536132812 -0.126472473144531 -0.0183467864990234 0.0151119232177734
0.0126876831054687 -0.120643615722656 -0.03314208984375 -0.0828399658203125
0.040863037109375 -0.108650207519531 0.01055908203125 -0.183181762695313
0.0207138061523438 -0.122093200683594 0.00668334960937497 -0.279037475585938
-0.017242431640625 -0.134025573730469 -0.0419921875 -0.30328369140625
-0.0276718139648438 -0.113899230957031 -0.0878448486328125 -0.239242553710938
-0.0595779418945313 -0.0967483520507812 -0.12432861328125 -0.139259338378906
-0.0788650512695312 -0.0661849975585938 -0.105484008789063 -0.0352401733398438
-0.0849533081054688 -0.0365982055664063 -0.0444374084472656 0.055999755859375
-0.0959091186523438 -0.0134048461914063 0.03546142578125 0.0834884643554688
-0.0905838012695313 -0.030792236328125 0.111839294433594 0.0627822875976563
-0.0843429565429688 -0.0107192993164062 0.207611083984375 0.018341064453125
-0.0736923217773438 -0.006011962890625 0.247314453125 0.0042572021484375
-0.157073974609375 -0.113357543945313 0.0472564697265625 0.119125366210937
-0.111984252929687 -0.143508911132813 0.0108528137207031 0.0659294128417968
-0.0732879638671875 -0.2154541015625 -0.0165281295776367 -0.0121898651123047
-0.0175323486328125 -0.216766357421875 -0.0437698364257813 -0.0925140380859375
0.032196044921875 -0.205276489257813 -0.00816345214843749 -0.161956787109375
0.0140838623046875 -0.225555419921875 -0.013427734375 -0.23236083984375
-0.026397705078125 -0.227462768554688 -0.045623779296875 -0.23974609375
-0.0310211181640625 -0.2020263671875 -0.06866455078125 -0.18017578125
-0.0778350830078125 -0.188613891601563 -0.0918960571289063 -0.107170104980469
-0.11279296875 -0.147216796875 -0.0807418823242187 -0.0204315185546875
-0.130958557128906 -0.107734680175781 -0.0257377624511719 0.0586700439453125
-0.159317016601562 -0.066802978515625 0.0431289672851562 0.0886077880859375
-0.151947021484375 -0.0856475830078125 0.106269836425781 0.0705718994140625
-0.155059814453125 -0.0502471923828125 0.18206787109375 0.0350799560546875
-0.1436767578125 -0.0323486328125 0.213150024414063 0.0045928955078125
-0.208465576171875 -0.122802734375 -0.0138626098632813 0.0790863037109375
-0.17181396484375 -0.155029296875 -0.0366020202636719 0.022552490234375
-0.141220092773437 -0.245010375976563 -0.0260734558105469 -0.0420150756835938
-0.0821685791015625 -0.260482788085938 -0.05328369140625 -0.0947952270507813
-0.0182647705078125 -0.258193969726563 -0.0166549682617187 -0.125587463378906
-0.02484130859375 -0.288299560546875 -0.0193939208984375 -0.158462524414063
-0.045379638671875 -0.2825927734375 -0.0318756103515625 -0.145584106445313
-0.0289459228515625 -0.260421752929688 -0.03839111328125 -0.09356689453125
-0.0731353759765625 -0.263015747070313 -0.0470008850097656 -0.0477027893066406
-0.1148681640625 -0.222946166992188 -0.0444221496582031 0.0145034790039062
-0.141265869140625 -0.1884765625 0.000434875488281239 0.0701751708984375
-0.192779541015625 -0.136627197265625 0.0472030639648437 0.0928726196289062
-0.184326171875 -0.155441284179688 0.0884246826171875 0.07379150390625
-0.200729370117188 -0.103713989257812 0.133476257324219 0.0454483032226562
-0.189224243164063 -0.067138671875 0.1551513671875 -0.00401306152343751
-0.224960327148438 -0.10955810546875 -0.084014892578125 0.0503692626953125
-0.203857421875 -0.126358032226562 -0.0931930541992188 -0.00406646728515624
-0.186172485351563 -0.215362548828125 -0.0464363098144531 -0.0582466125488281
-0.136856079101563 -0.237350463867188 -0.0547866821289062 -0.0880126953125
-0.07196044921875 -0.250900268554688 -0.00447845458984376 -0.0861053466796875
-0.07025146484375 -0.29071044921875 0.0018310546875 -0.0783462524414063
-0.063995361328125 -0.289306640625 0.000518798828124992 -0.0412445068359375
-0.0220947265625 -0.277816772460938 0.00203800201416016 0.00768280029296873
-0.04736328125 -0.299530029296875 -0.0025177001953125 0.0369377136230469
-0.0779876708984375 -0.272903442382813 -0.0100860595703125 0.0738067626953125
-0.103500366210937 -0.252426147460938 0.025421142578125 0.094390869140625
-0.175552368164063 -0.20526123046875 0.045166015625 0.092437744140625
-0.168365478515625 -0.218338012695313 0.0594024658203125 0.0620956420898437
-0.2044677734375 -0.158218383789062 0.0697059631347656 0.034759521484375
-0.20208740234375 -0.1007080078125 0.0820083618164062 -0.0316543579101563
-0.202194213867188 -0.0833892822265625 -0.153762817382813 0.0339813232421875
-0.191619873046875 -0.0825347900390625 -0.14697265625 -0.00845336914062498
-0.179855346679687 -0.154098510742188 -0.0652351379394531 -0.0582199096679688
-0.145370483398438 -0.1756591796875 -0.0479736328125 -0.07891845703125
-0.0927886962890625 -0.197662353515625 0.018707275390625 -0.0558547973632813
-0.0883941650390625 -0.242416381835938 0.0435371398925781 -0.0133438110351563
-0.0661468505859375 -0.250991821289063 0.0469284057617187 0.0515251159667969
-0.0119476318359375 -0.251205444335938 0.0395660400390625 0.107734680175781
-0.010162353515625 -0.28546142578125 0.0264053344726562 0.135818481445312
-0.0182342529296875 -0.27142333984375 0.0068206787109375 0.149765014648438
-0.03204345703125 -0.264938354492188 0.0382308959960937 0.128616333007812
-0.1116943359375 -0.235504150390625 0.0417633056640625 0.08538818359375
-0.107498168945313 -0.243026733398437 0.0351600646972656 0.029510498046875
-0.165603637695313 -0.186050415039063 0.00933074951171874 -0.00409793853759767
-0.1798095703125 -0.119461059570312 0.00813293457031248 -0.0756454467773438
-0.144424438476563 -0.055206298828125 -0.206939697265625 0.0305938720703125
-0.14306640625 -0.044708251953125 -0.184051513671875 -0.00215148925781253
-0.131622314453125 -0.0944061279296875 -0.079498291015625 -0.0481109619140625
-0.110542297363281 -0.110954284667969 -0.0403366088867188 -0.0712738037109375
-0.0749588012695312 -0.128753662109375 0.0421714782714844 -0.0389022827148438
-0.07232666015625 -0.167495727539063 0.0850906372070313 0.0279922485351562
-0.0499114990234375 -0.180160522460938 0.0922622680664063 0.118667602539062
-0.00123596191406249 -0.187973022460938 0.0696258544921875 0.19146728515625
0.017669677734375 -0.220611572265625 0.0346527099609375 0.227752685546875
0.026702880859375 -0.210006713867188 -0.00186157226562502 0.2216796875
0.0280303955078125 -0.210006713867188 0.0323486328125 0.161773681640625
-0.0374755859375 -0.201370239257813 0.0401229858398438 0.0752410888671875
-0.040435791015625 -0.204925537109375 0.0266666412353516 -0.0111904144287109
-0.103988647460938 -0.163970947265625 -0.028594970703125 -0.0601615905761719
-0.131134033203125 -0.107254028320312 -0.0514068603515625 -0.126686096191406
-0.0672454833984375 -0.0324668884277344 -0.240859985351562 0.0295867919921874
-0.072723388671875 -0.0231094360351562 -0.204727172851563 0.000823974609374998
-0.0599327087402344 -0.0502815246582031 -0.0893020629882813 -0.0393218994140625
-0.0497817993164062 -0.0576896667480469 -0.033233642578125 -0.0700798034667969
-0.0300178527832031 -0.064239501953125 0.0561676025390625 -0.0316658020019531
-0.0277786254882813 -0.0866851806640625 0.112213134765625 0.0474472045898437
-0.0147933959960938 -0.0930862426757813 0.122528076171875 0.156173706054688
0.00753021240234374 -0.0962982177734375 0.085205078125 0.243331909179688
0.0257492065429688 -0.116607666015625 0.02911376953125 0.29150390625
0.0298995971679688 -0.109870910644531 -0.021392822265625 0.269683837890625
0.03887939453125 -0.112953186035156 0.017913818359375 0.18402099609375
0.0012969970703125 -0.115951538085938 0.0395050048828125 0.0656051635742187
-0.0027008056640625 -0.115097045898437 0.0317420959472656 -0.0433082580566406
-0.0468597412109375 -0.0932693481445313 -0.0435562133789063 -0.10638427734375
-0.0692901611328125 -0.0665702819824219 -0.0889434814453125 -0.1688232421875
-0.00444889068603516 -0.0164966583251953 0.116653442382813 0.172943115234375
0.00483417510986328 0.000324726104736328 0.0610275268554688 0.131439208984375
-0.00189447402954102 -0.00836753845214844 -0.0218982696533203 0.0274562835693359
0.0014796257019043 -0.00857400894165039 -0.0233535766601563 -0.0771942138671875
0.00883007049560547 -0.00621414184570312 0.0214385986328125 -0.201873779296875
-0.00384759902954102 -0.00212621688842773 0.013580322265625 -0.3084716796875
-0.0211372375488281 -0.0199623107910156 -0.047698974609375 -0.3408203125
-0.0232906341552734 -0.0114002227783203 -0.105224609375 -0.273513793945313
-0.0303554534912109 0.00273704528808594 -0.14715576171875 -0.155136108398437
-0.0277442932128906 0.0106372833251953 -0.122581481933594 -0.0392532348632813
-0.0250091552734375 0.025146484375 -0.0571823120117188 0.056884765625
-0.0224037170410156 0.0265216827392578 0.0290603637695312 0.0812454223632813
-0.0195407867431641 0.0138950347900391 0.114212036132813 0.05841064453125
-0.00623893737792969 0.0175571441650391 0.217758178710938 0.000915527343750001
0.00429248809814453 0.0124959945678711 0.262344360351563 -0.0092926025390625
-0.0908584594726563 -0.0758743286132813 0.1004638671875 0.155059814453125
-0.0521621704101562 -0.0874786376953125 0.0465087890625 0.110801696777344
-0.0275955200195312 -0.131515502929688 -0.0165996551513672 0.0167942047119141
0.00981140136718751 -0.1268310546875 -0.0336380004882812 -0.0851821899414063
0.040283203125 -0.116851806640625 0.00863647460937501 -0.190719604492188
0.0170059204101562 -0.12799072265625 0.00140380859374998 -0.290771484375
-0.022003173828125 -0.140655517578125 -0.050506591796875 -0.316925048828125
-0.032135009765625 -0.119132995605469 -0.100677490234375 -0.248031616210938
-0.0667266845703125 -0.100578308105469 -0.133941650390625 -0.145339965820313
-0.0850143432617188 -0.067596435546875 -0.112785339355469 -0.038421630859375
-0.089141845703125 -0.0350723266601563 -0.0462646484375 0.0570907592773437
-0.100494384765625 -0.0112838745117188 0.037200927734375 0.084930419921875
-0.0966415405273438 -0.0282440185546875 0.115959167480469 0.0622177124023438
-0.0894012451171875 -0.0077056884765625 0.21417236328125 0.01324462890625
-0.0786056518554688 -0.00475311279296874 0.253662109375 -0.000274658203125
-0.167572021484375 -0.112396240234375 0.0564041137695313 0.121627807617187
-0.118988037109375 -0.145584106445312 0.0160636901855469 0.0691947937011719
-0.08465576171875 -0.223052978515625 -0.0161962509155274 -0.0130405426025391
-0.0258026123046875 -0.226394653320313 -0.0463943481445312 -0.0942153930664063
0.02838134765625 -0.215728759765625 -0.0103302001953125 -0.1671142578125
0.00917053222656249 -0.23675537109375 -0.0176849365234375 -0.242050170898438
-0.0338592529296875 -0.2388916015625 -0.0525054931640625 -0.24884033203125
-0.0385894775390625 -0.210861206054688 -0.078155517578125 -0.186203002929687
-0.0877227783203125 -0.197525024414062 -0.100479125976563 -0.111213684082031
-0.12274169921875 -0.151031494140625 -0.0867996215820313 -0.0223388671875
-0.138969421386719 -0.109733581542969 -0.0277900695800781 0.0588607788085938
-0.169235229492188 -0.0638275146484375 0.0444869995117188 0.091064453125
-0.16290283203125 -0.0846405029296875 0.109901428222656 0.0714492797851563
-0.164840698242188 -0.046173095703125 0.1868896484375 0.031341552734375
-0.151458740234375 -0.0307769775390625 0.2186279296875 0.0013427734375
-0.222335815429687 -0.12164306640625 -0.00823974609375001 0.0813446044921875
-0.182479858398438 -0.155548095703125 -0.0340137481689453 0.023752212524414
-0.157211303710938 -0.251296997070313 -0.0271873474121094 -0.0454063415527344
-0.0955810546875 -0.269989013671875 -0.0559005737304688 -0.0963287353515625
-0.0261993408203125 -0.270309448242188 -0.01788330078125 -0.128692626953125
-0.033416748046875 -0.3009033203125 -0.02227783203125 -0.164352416992188
-0.055755615234375 -0.294891357421875 -0.03778076171875 -0.149566650390625
-0.037567138671875 -0.271240234375 -0.042266845703125 -0.0961837768554688
-0.0862579345703125 -0.273956298828125 -0.0518684387207031 -0.049652099609375
-0.125656127929687 -0.23016357421875 -0.0481491088867188 0.0140838623046875
-0.152496337890625 -0.192779541015625 -0.000610351562500004 0.0714111328125
-0.206573486328125 -0.136581420898437 0.0489273071289062 0.0939712524414062
-0.199264526367188 -0.155288696289063 0.0893173217773438 0.0748367309570312
-0.213088989257813 -0.101043701171875 0.136741638183594 0.0441818237304687
-0.19964599609375 -0.0664215087890625 0.157928466796875 -0.00762939453125001
-0.237945556640625 -0.106826782226563 -0.0837326049804688 0.0524520874023437
-0.213943481445313 -0.124420166015625 -0.09490966796875 -0.00209045410156249
-0.202911376953125 -0.217056274414063 -0.0485153198242188 -0.0619392395019532
-0.151458740234375 -0.244461059570313 -0.0580902099609375 -0.0880203247070313
-0.0823822021484375 -0.260910034179688 -0.00555419921875001 -0.087799072265625
-0.08148193359375 -0.301116943359375 0.002532958984375 -0.0803604125976563
-0.074920654296875 -0.300994873046875 0.000404357910156247 -0.0410308837890625
-0.0313720703125 -0.289764404296875 0.00248861312866211 0.0084714889526367
-0.05938720703125 -0.312957763671875 -0.00393676757812501 0.0370559692382812
-0.08837890625 -0.28326416015625 -0.0104904174804688 0.0745849609375
-0.114852905273438 -0.261672973632813 0.0264816284179688 0.0958404541015625
-0.191268920898438 -0.209121704101563 0.0478439331054687 0.0934677124023438
-0.184356689453125 -0.223037719726562 0.0590057373046875 0.0626373291015625
-0.21990966796875 -0.158309936523438 0.0698509216308594 0.0351142883300781
-0.21417236328125 -0.100723266601562 0.0800704956054688 -0.033905029296875
-0.21319580078125 -0.0792388916015625 -0.154571533203125 0.0367889404296875
-0.200302124023437 -0.0796966552734375 -0.150436401367188 -0.00656127929687498
-0.194976806640625 -0.154525756835938 -0.0688438415527344 -0.0598487854003906
-0.15826416015625 -0.178955078125 -0.0507736206054688 -0.0785293579101563
-0.103607177734375 -0.204025268554687 0.0203971862792969 -0.0569190979003906
-0.100128173828125 -0.2498779296875 0.0474166870117188 -0.0135154724121094
-0.0766143798828125 -0.259857177734375 0.0521812438964844 0.0547370910644531
-0.01934814453125 -0.263015747070313 0.04583740234375 0.112129211425781
-0.01910400390625 -0.299285888671875 0.0305938720703125 0.139152526855469
-0.026519775390625 -0.283050537109375 0.00813293457031249 0.154647827148437
-0.04083251953125 -0.276382446289063 0.0404205322265625 0.131675720214844
-0.122787475585938 -0.242523193359375 0.04461669921875 0.086761474609375
-0.121688842773438 -0.251022338867187 0.0326671600341797 0.0295791625976562
-0.179977416992187 -0.19024658203125 0.00609874725341796 -0.00335597991943361
-0.190841674804687 -0.11962890625 0.00366973876953123 -0.0772476196289063
-0.15203857421875 -0.052978515625 -0.210037231445313 0.0354156494140625
-0.149383544921875 -0.0418243408203125 -0.188247680664063 0.0018768310546875
-0.141677856445312 -0.0939178466796875 -0.0823440551757813 -0.049285888671875
-0.119644165039062 -0.109931945800781 -0.0418777465820313 -0.0713729858398438
-0.0818710327148438 -0.133132934570313 0.0449562072753906 -0.0407257080078125
-0.081085205078125 -0.172332763671875 0.0912933349609375 0.0292510986328125
-0.0571746826171875 -0.18621826171875 0.102081298828125 0.123497009277344
-0.005828857421875 -0.196304321289063 0.0789642333984375 0.198272705078125
0.01214599609375 -0.23150634765625 0.0420074462890625 0.235061645507812
0.02130126953125 -0.219772338867188 0.00134277343750001 0.230438232421875
0.0239715576171875 -0.220596313476563 0.0345001220703125 0.1668701171875
-0.0455474853515625 -0.208633422851563 0.0409927368164063 0.076202392578125
-0.0487518310546875 -0.2130126953125 0.0230255126953125 -0.0136394500732422
-0.1148681640625 -0.168869018554688 -0.0355148315429688 -0.0603981018066406
-0.139892578125 -0.108108520507812 -0.0605087280273438 -0.128005981445313
-0.0706634521484375 -0.0318984985351562 -0.246322631835938 0.035125732421875
-0.0753631591796875 -0.0204925537109375 -0.209930419921875 0.00747680664062497
-0.0640487670898438 -0.0499114990234375 -0.0914764404296875 -0.0390777587890625
-0.0541763305664062 -0.0573806762695312 -0.0352706909179688 -0.07012939453125
-0.0332870483398438 -0.065673828125 0.0586738586425781 -0.0337867736816406
-0.0321502685546875 -0.0901107788085938 0.120353698730469 0.0492935180664062
-0.0181961059570312 -0.0954742431640625 0.134384155273438 0.161544799804688
0.00443267822265626 -0.100929260253906 0.096771240234375 0.251739501953125
0.02276611328125 -0.122917175292969 0.037933349609375 0.302764892578125
0.0291366577148437 -0.114509582519531 -0.0166015625 0.282745361328125
0.0370941162109375 -0.118492126464844 0.0206451416015625 0.189620971679688
-0.00196838378906249 -0.12005615234375 0.0403404235839844 0.06756591796875
-0.0063629150390625 -0.12188720703125 0.0278892517089844 -0.0453834533691406
-0.050933837890625 -0.096405029296875 -0.0519485473632813 -0.108985900878906
-0.0730819702148438 -0.06719970703125 -0.100677490234375 -0.170135498046875
-0.00593185424804687 -0.0181293487548828 0.135162353515625 0.171051025390625
0.00653791427612305 -0.000624179840087891 0.0758590698242188 0.131927490234375
-0.00220823287963867 -0.007904052734375 -0.0199623107910156 0.031097412109375
0.000420093536376954 -0.00802326202392578 -0.0258712768554688 -0.07861328125
0.00832080841064453 -0.0084385871887207 0.0149688720703125 -0.211044311523437
-0.00394368171691895 -0.00308775901794434 -0.00128173828124997 -0.3221435546875
-0.0235404968261719 -0.0203151702880859 -0.068878173828125 -0.35400390625
-0.0248203277587891 -0.0112667083740234 -0.126708984375 -0.280532836914063
-0.0330047607421875 0.00449562072753906 -0.163681030273438 -0.15673828125
-0.0295295715332031 0.0121002197265625 -0.132087707519531 -0.03863525390625
-0.0244274139404297 0.0264244079589844 -0.0594596862792969 0.06024169921875
-0.0214691162109375 0.0299949645996094 0.0332183837890625 0.0823898315429688
-0.018798828125 0.0173187255859375 0.119186401367187 0.0555419921875
-0.00568389892578125 0.0187301635742188 0.224517822265625 -0.0105438232421875
0.00372123718261719 0.0120105743408203 0.26885986328125 -0.021270751953125
-0.100120544433594 -0.07275390625 0.116287231445313 0.1544189453125
-0.05743408203125 -0.0889358520507813 0.0589447021484375 0.11297607421875
-0.03753662109375 -0.134750366210938 -0.0147857666015625 0.0184841156005859
0.00261688232421876 -0.133148193359375 -0.0369949340820313 -0.085784912109375
0.0344772338867188 -0.125808715820313 0.00189208984375002 -0.199050903320312
0.0125503540039063 -0.135330200195313 -0.01190185546875 -0.30267333984375
-0.0311737060546875 -0.145797729492188 -0.071380615234375 -0.3277587890625
-0.0411148071289063 -0.123161315917969 -0.11920166015625 -0.253097534179688
-0.07537841796875 -0.102699279785156 -0.150405883789063 -0.14532470703125
-0.09197998046875 -0.0661087036132813 -0.122001647949219 -0.0374298095703125
-0.094757080078125 -0.0328140258789062 -0.0491294860839844 0.0593986511230469
-0.106575012207031 -0.00458526611328126 0.0414276123046875 0.0858154296875
-0.103179931640625 -0.0219345092773437 0.1212158203125 0.0594863891601562
-0.0947723388671875 -0.00316619873046875 0.220046997070313 0.0023193359375
-0.0830917358398437 -0.00118255615234375 0.260391235351563 -0.012664794921875
-0.181640625 -0.107803344726563 0.0697479248046875 0.120925903320313
-0.132064819335937 -0.145599365234375 0.0243453979492187 0.0696678161621094
-0.102066040039063 -0.227676391601563 -0.0148468017578125 -0.0134344100952149
-0.0411376953125 -0.235092163085937 -0.05010986328125 -0.093963623046875
0.0168914794921875 -0.229034423828125 -0.0174560546875 -0.172836303710938
-0.00340270996093749 -0.249557495117188 -0.02996826171875 -0.2503662109375
-0.0496063232421875 -0.248565673828125 -0.0697021484375 -0.256301879882813
-0.0517425537109375 -0.218673706054688 -0.093231201171875 -0.188812255859375
-0.104339599609375 -0.201492309570313 -0.113876342773437 -0.11151123046875
-0.136962890625 -0.150650024414063 -0.0946426391601563 -0.0221786499023438
-0.150421142578125 -0.106536865234375 -0.0287551879882813 0.0609703063964844
-0.180862426757813 -0.0555419921875 0.0489654541015625 0.0911178588867188
-0.177383422851563 -0.0765228271484375 0.1143798828125 0.0682373046875
-0.1761474609375 -0.0377044677734375 0.19305419921875 0.0228424072265625
-0.161087036132813 -0.02459716796875 0.223159790039063 -0.010040283203125
-0.23931884765625 -0.1136474609375 -0.000663757324218772 0.0832977294921875
-0.19818115234375 -0.151657104492187 -0.0310783386230469 0.0263576507568359
-0.181747436523438 -0.253311157226562 -0.0299339294433594 -0.0466651916503906
-0.117446899414062 -0.275955200195313 -0.0610198974609375 -0.0957870483398438
-0.0419921875 -0.282806396484375 -0.0229415893554688 -0.131729125976563
-0.0528564453125 -0.312744140625 -0.0296478271484375 -0.170211791992188
-0.075408935546875 -0.305938720703125 -0.047210693359375 -0.153045654296875
-0.055450439453125 -0.28228759765625 -0.0499725341796875 -0.0966415405273438
-0.1075439453125 -0.282989501953125 -0.0598335266113281 -0.0506744384765625
-0.144317626953125 -0.233978271484375 -0.0532608032226563 0.0136833190917969
-0.169464111328125 -0.19329833984375 0.000862121582031239 0.0717926025390625
-0.223907470703125 -0.129287719726563 0.05364990234375 0.0932769775390625
-0.2191162109375 -0.148696899414063 0.0931472778320312 0.0734405517578125
-0.23101806640625 -0.091796875 0.141555786132813 0.0396270751953125
-0.213043212890625 -0.0582275390625 0.16015625 -0.0142364501953125
-0.255828857421875 -0.096099853515625 -0.07977294921875 0.0560379028320312
-0.230026245117188 -0.116500854492187 -0.0956497192382813 0.00190734863281247
-0.229080200195312 -0.214752197265625 -0.0531120300292969 -0.0626029968261719
-0.174057006835938 -0.244964599609375 -0.0617141723632813 -0.086822509765625
-0.102005004882813 -0.268798828125 -0.00762176513671876 -0.0893096923828125
-0.10345458984375 -0.30987548828125 0.00128936767578125 -0.0833587646484375
-0.096343994140625 -0.310455322265625 -1.14440917968841E-05 -0.0411262512207031
-0.0489501953125 -0.30218505859375 0.0024118423461914 0.00932025909423826
-0.0823974609375 -0.3250732421875 -0.00357818603515626 0.0369606018066406
-0.1083984375 -0.29248046875 -0.00958251953125 0.0770263671875
-0.134765625 -0.267257690429688 0.0289535522460937 0.096099853515625
-0.2122802734375 -0.205429077148438 0.0520172119140625 0.0925827026367188
-0.207427978515625 -0.221054077148438 0.0606193542480469 0.0626754760742188
-0.240463256835938 -0.151901245117188 0.07037353515625 0.0345840454101563
-0.230026245117188 -0.0937042236328125 0.0774917602539062 -0.0374298095703125
-0.227188110351563 -0.0695953369140625 -0.155105590820313 0.04425048828125
-0.211685180664063 -0.0694122314453125 -0.153457641601562 0.00148010253906247
-0.215484619140625 -0.148040771484375 -0.0738372802734375 -0.0608062744140625
-0.178131103515625 -0.176834106445313 -0.054718017578125 -0.0773696899414063
-0.119766235351563 -0.207351684570313 0.0203361511230469 -0.0583076477050781
-0.119522094726563 -0.255050659179688 0.0521163940429688 -0.014739990234375
-0.095306396484375 -0.2672119140625 0.0602874755859375 0.0555572509765625
-0.0354766845703125 -0.27410888671875 0.0542984008789063 0.114097595214844
-0.039703369140625 -0.312744140625 0.037811279296875 0.142379760742187
-0.043487548828125 -0.293975830078125 0.0157928466796875 0.158905029296875
-0.0576171875 -0.28662109375 0.0457229614257812 0.133583068847656
-0.143417358398437 -0.24444580078125 0.0471954345703125 0.0868148803710937
-0.142837524414063 -0.25494384765625 0.0303936004638672 0.02911376953125
-0.200210571289063 -0.187164306640625 0.00117862224578856 -0.00180816650390626
-0.207244873046875 -0.115127563476562 -0.00460815429687502 -0.0779571533203125
-0.161712646484375 -0.045806884765625 -0.212478637695313 0.0455322265625
-0.156402587890625 -0.0339813232421875 -0.192825317382813 0.0122833251953125
-0.155303955078125 -0.0879058837890625 -0.087066650390625 -0.0480804443359375
-0.131637573242188 -0.1075439453125 -0.044830322265625 -0.07086181640625
-0.093719482421875 -0.133674621582031 0.0465965270996094 -0.0425376892089844
-0.095550537109375 -0.175033569335938 0.100715637207031 0.0273208618164062
-0.0703887939453125 -0.190750122070313 0.116661071777344 0.12530517578125
-0.01751708984375 -0.204421997070312 0.09503173828125 0.201629638671875
-0.00187683105468748 -0.243743896484375 0.057159423828125 0.241958618164062
0.010223388671875 -0.231307983398438 0.0123291015625 0.239639282226562
0.0131072998046875 -0.231887817382813 0.0420684814453125 0.171539306640625
-0.0587310791015625 -0.214218139648438 0.0430374145507812 0.075958251953125
-0.0645751953125 -0.219940185546875 0.0177345275878906 -0.0151729583740234
-0.129730224609375 -0.169967651367188 -0.0456275939941406 -0.0583572387695312
-0.152267456054687 -0.105682373046875 -0.0736618041992188 -0.126556396484375
-0.0744094848632813 -0.0288238525390625 -0.249649047851563 0.0470733642578125
-0.0785369873046875 -0.0175704956054687 -0.213546752929688 0.018402099609375
-0.0710067749023438 -0.0485763549804687 -0.0948486328125 -0.0373992919921875
-0.0599822998046875 -0.0559425354003906 -0.0376815795898438 -0.070159912109375
-0.0389976501464844 -0.0668411254882812 0.0613594055175781 -0.0364456176757813
-0.039581298828125 -0.0908584594726562 0.131622314453125 0.0467147827148437
-0.0250244140625 -0.0982666015625 0.153457641601563 0.1636962890625
-0.00118255615234375 -0.105079650878906 0.117752075195313 0.257705688476563
0.0164947509765625 -0.129241943359375 0.056549072265625 0.313507080078125
0.02435302734375 -0.121002197265625 -0.00430297851562499 0.2955322265625
0.0324325561523438 -0.125373840332031 0.02783203125 0.195526123046875
-0.00894165039062501 -0.124069213867187 0.042449951171875 0.0676841735839844
-0.0139389038085938 -0.125503540039063 0.0215835571289063 -0.0494537353515625
-0.0593338012695313 -0.09844970703125 -0.064422607421875 -0.108680725097656
-0.0790786743164063 -0.0656280517578125 -0.118545532226563 -0.168319702148438
-0.00821304321289062 -0.0186958312988281 0.155303955078125 0.161468505859375
0.00622081756591797 -0.00204801559448242 0.091278076171875 0.126296997070313
-0.00266313552856445 -0.00602006912231445 -0.0147304534912109 0.0336532592773437
0.00167417526245117 -0.00814914703369141 -0.0286483764648437 -0.0788116455078125
0.0072174072265625 -0.00884056091308594 0.00149536132812498 -0.21551513671875
-0.00467252731323242 -0.00216579437255859 -0.022674560546875 -0.32891845703125
-0.025421142578125 -0.0192661285400391 -0.09527587890625 -0.357757568359375
-0.0263710021972656 -0.00974273681640625 -0.151611328125 -0.277175903320312
-0.0328464508056641 0.00603675842285156 -0.180679321289062 -0.15069580078125
-0.0290870666503906 0.0134983062744141 -0.138236999511719 -0.0335006713867188
-0.0213947296142578 0.0292091369628906 -0.0586090087890625 0.0631332397460938
-0.01947021484375 0.0316791534423828 0.0386276245117188 0.0817413330078125
-0.0183868408203125 0.0199737548828125 0.123687744140625 0.048980712890625
-0.004791259765625 0.0200748443603516 0.224151611328125 -0.027435302734375
0.00326824188232422 0.010767936706543 0.269287109375 -0.0379180908203125
-0.108482360839844 -0.0677032470703125 0.133132934570313 0.145492553710937
-0.06500244140625 -0.0864944458007813 0.07177734375 0.108856201171875
-0.0475616455078125 -0.13507080078125 -0.0107269287109375 0.0200252532958984
-0.00896453857421876 -0.136581420898438 -0.0401229858398438 -0.0830154418945313
0.0267257690429687 -0.13336181640625 -0.010528564453125 -0.2012939453125
0.00386047363281249 -0.141647338867188 -0.03106689453125 -0.30889892578125
-0.04296875 -0.147018432617188 -0.098297119140625 -0.329498291015625
-0.0497665405273437 -0.123893737792969 -0.142623901367188 -0.24945068359375
-0.08624267578125 -0.0989913940429687 -0.168228149414063 -0.139236450195312
-0.100189208984375 -0.0615234375 -0.130287170410156 -0.0319900512695313
-0.0997695922851562 -0.0284881591796875 -0.0497322082519531 0.0605354309082031
-0.1104736328125 0.00256347656250002 0.0439682006835938 0.0850677490234375
-0.107276916503906 -0.013275146484375 0.123725891113281 0.0516891479492188
-0.0978469848632813 0.00709533691406248 0.2208251953125 -0.014129638671875
-0.0855789184570313 0.00388336181640624 0.259750366210938 -0.0282745361328125
-0.195693969726563 -0.096343994140625 0.0830230712890625 0.114463806152344
-0.144744873046875 -0.138900756835937 0.032257080078125 0.0684967041015625
-0.124099731445313 -0.224884033203125 -0.0153656005859375 -0.0144367218017578
-0.0610504150390625 -0.237411499023437 -0.0553436279296875 -0.0920791625976563
0.00178527832031251 -0.237762451171875 -0.025360107421875 -0.174789428710938
-0.0215606689453125 -0.255111694335937 -0.04583740234375 -0.253173828125
-0.0673828125 -0.250106811523438 -0.0901031494140625 -0.257675170898437
-0.0682830810546875 -0.220504760742188 -0.109481811523437 -0.18621826171875
-0.123260498046875 -0.200393676757812 -0.127349853515625 -0.106475830078125
-0.151641845703125 -0.144271850585938 -0.103118896484375 -0.0172042846679688
-0.162216186523438 -0.097808837890625 -0.0269584655761719 0.0625686645507813
-0.190399169921875 -0.0420379638671875 0.0533981323242187 0.08905029296875
-0.189071655273438 -0.062744140625 0.117210388183594 0.0616531372070312
-0.1846923828125 -0.0242767333984375 0.1949462890625 0.00946044921875
-0.16796875 -0.0135955810546875 0.223007202148438 -0.0224761962890625
-0.254013061523438 -0.09857177734375 0.00861358642578123 0.0807113647460938
-0.212020874023438 -0.140411376953125 -0.0272769927978516 0.0267143249511719
-0.208297729492187 -0.244125366210938 -0.0332260131835938 -0.0468292236328125
-0.143280029296875 -0.271331787109375 -0.0662460327148438 -0.090789794921875
-0.06439208984375 -0.287811279296875 -0.0285568237304687 -0.13116455078125
-0.07708740234375 -0.317413330078125 -0.040435791015625 -0.169189453125
-0.10076904296875 -0.309173583984375 -0.058990478515625 -0.152618408203125
-0.076995849609375 -0.285308837890625 -0.0584945678710938 -0.09442138671875
-0.130859375 -0.281341552734375 -0.0678787231445313 -0.0482215881347656
-0.164749145507813 -0.229476928710938 -0.0565299987792969 0.0149345397949219
-0.187835693359375 -0.185699462890625 0.00194549560546873 0.0723495483398437
-0.241729736328125 -0.113296508789062 0.059234619140625 0.0904541015625
-0.237228393554688 -0.1341552734375 0.0950927734375 0.0701751708984375
-0.244720458984375 -0.0750885009765625 0.141815185546875 0.03204345703125
-0.224838256835938 -0.0450439453125 0.158111572265625 -0.023101806640625
-0.269256591796875 -0.07843017578125 -0.07440185546875 0.0597991943359375
-0.241073608398438 -0.101776123046875 -0.094207763671875 0.00664520263671873
-0.252334594726563 -0.200729370117187 -0.0583000183105469 -0.0618515014648438
-0.19903564453125 -0.236221313476562 -0.0660476684570313 -0.0820236206054688
-0.123275756835938 -0.267379760742188 -0.0111923217773438 -0.0893783569335938
-0.129058837890625 -0.309814453125 -0.000785827636718755 -0.0841903686523438
-0.122314453125 -0.31158447265625 -0.00144577026367188 -0.0412979125976563
-0.071990966796875 -0.305145263671875 0.00397968292236328 0.0100574493408203
-0.110748291015625 -0.3265380859375 -0.00444793701171876 0.0373649597167969
-0.132080078125 -0.29034423828125 -0.0083465576171875 0.0776138305664062
-0.158172607421875 -0.264083862304688 0.0325088500976562 0.0946731567382812
-0.232635498046875 -0.194381713867188 0.0558929443359375 0.0891494750976562
-0.230743408203125 -0.209793090820312 0.0605087280273437 0.0601882934570312
-0.258636474609375 -0.134475708007812 0.0704803466796875 0.0322952270507812
-0.243194580078125 -0.0794677734375 0.070709228515625 -0.039886474609375
-0.236175537109375 -0.0530548095703125 -0.151779174804688 0.0537109375
-0.220306396484375 -0.0539703369140625 -0.152877807617188 0.0124053955078125
-0.234268188476563 -0.133544921875 -0.0776748657226563 -0.0590972900390625
-0.196243286132813 -0.166183471679688 -0.05743408203125 -0.0743408203125
-0.138031005859375 -0.202621459960938 0.0197677612304687 -0.0586166381835938
-0.142578125 -0.249755859375 0.0556373596191406 -0.0175056457519531
-0.117538452148438 -0.26495361328125 0.0685920715332031 0.054595947265625
-0.055755615234375 -0.27789306640625 0.064483642578125 0.111808776855469
-0.06573486328125 -0.318084716796875 0.0474166870117188 0.1402587890625
-0.066131591796875 -0.29730224609375 0.0242767333984375 0.161087036132812
-0.080413818359375 -0.29022216796875 0.0521316528320312 0.133094787597656
-0.165359497070312 -0.240127563476563 0.0508880615234375 0.0828628540039062
-0.167510986328125 -0.24957275390625 0.0274696350097656 0.0279903411865234
-0.22100830078125 -0.176483154296875 -0.00157940387725831 0.00057697296142577
-0.21990966796875 -0.102737426757812 -0.0143585205078125 -0.0766067504882812
-0.16900634765625 -0.03314208984375 -0.210617065429688 0.0582122802734375
-0.15936279296875 -0.021453857421875 -0.190994262695313 0.0252227783203125
-0.167022705078125 -0.0773773193359375 -0.0907669067382813 -0.0447463989257813
-0.143646240234375 -0.0996551513671875 -0.0478973388671875 -0.0673255920410156
-0.10638427734375 -0.129081726074219 0.0467491149902344 -0.0447959899902344
-0.111160278320312 -0.169723510742188 0.109130859375 0.0220565795898437
-0.08685302734375 -0.1900634765625 0.132339477539063 0.121055603027344
-0.034271240234375 -0.207550048828125 0.114852905273437 0.197463989257813
-0.0221405029296875 -0.250442504882813 0.07452392578125 0.243560791015625
-0.00527954101562502 -0.237884521484375 0.0271453857421875 0.245285034179687
-0.0033721923828125 -0.238327026367188 0.0506744384765625 0.17108154296875
-0.0758819580078125 -0.2152099609375 0.0455398559570312 0.0742340087890625
-0.08392333984375 -0.22021484375 0.0109710693359375 -0.0167198181152344
-0.146957397460937 -0.164352416992188 -0.0554008483886719 -0.0536842346191406
-0.163604736328125 -0.0978851318359375 -0.088623046875 -0.120185852050781
-0.0783920288085937 -0.0239944458007812 -0.24591064453125 0.0614471435546875
-0.0802459716796875 -0.0118789672851563 -0.212722778320313 0.033660888671875
-0.0772857666015625 -0.0438613891601563 -0.097412109375 -0.0327682495117188
-0.0657196044921875 -0.0511398315429687 -0.0392417907714844 -0.0668716430664063
-0.0462493896484375 -0.0640335083007813 0.0610580444335937 -0.0400276184082031
-0.0476608276367187 -0.0893096923828125 0.140548706054688 0.0395355224609375
-0.0327606201171875 -0.0983963012695313 0.171478271484375 0.155899047851563
-0.00739288330078124 -0.105850219726563 0.142135620117188 0.254104614257813
0.00598144531250001 -0.133888244628906 0.078857421875 0.31451416015625
0.01666259765625 -0.125862121582031 0.01544189453125 0.301971435546875
0.0242843627929688 -0.130760192871094 0.0377655029296875 0.197494506835938
-0.0171585083007813 -0.126022338867188 0.0450973510742188 0.0660972595214844
-0.0258712768554688 -0.129341125488281 0.0124282836914063 -0.0530052185058594
-0.0676040649414062 -0.096893310546875 -0.078399658203125 -0.104995727539063
-0.08551025390625 -0.0621871948242187 -0.1365966796875 -0.157272338867188
-0.0128498077392578 -0.0186996459960938 0.170501708984375 0.146286010742188
0.00645112991333008 -0.00300884246826172 0.102142333984375 0.1170654296875
-0.00166988372802734 -0.00445032119750977 -0.00717926025390625 0.035430908203125
0.00104522705078125 -0.0070037841796875 -0.0312652587890625 -0.0767440795898438
0.00490093231201172 -0.0100259780883789 -0.00856018066406251 -0.216278076171875
-0.00386714935302735 -0.00675582885742188 -0.03875732421875 -0.325469970703125
-0.0268688201904297 -0.0197277069091797 -0.119903564453125 -0.350982666015625
-0.0261917114257813 -0.00943756103515625 -0.172760009765625 -0.266357421875
-0.0357017517089844 0.00623321533203126 -0.193511962890625 -0.141799926757812
-0.0276317596435547 0.0133743286132812 -0.145370483398438 -0.0282745361328125
-0.0221290588378906 0.0299949645996094 -0.0613059997558594 0.0636634826660156
-0.0211334228515625 0.0355949401855469 0.040313720703125 0.0791549682617188
-0.0178813934326172 0.0207881927490234 0.12335205078125 0.0420989990234375
-0.005462646484375 0.0166997909545898 0.218978881835938 -0.0402679443359375
0.00423145294189453 0.0107212066650391 0.260299682617188 -0.0475921630859375
-0.114761352539062 -0.0606918334960938 0.14599609375 0.1314697265625
-0.0692291259765625 -0.0859909057617187 0.0818328857421875 0.101799011230469
-0.0559463500976563 -0.132820129394531 -0.00796890258789063 0.0196037292480469
-0.0159072875976562 -0.13427734375 -0.041778564453125 -0.077301025390625
0.0187225341796875 -0.136444091796875 -0.0182037353515625 -0.201339721679687
-0.00804138183593749 -0.141647338867188 -0.048980712890625 -0.3031005859375
-0.05230712890625 -0.14752197265625 -0.121826171875 -0.321319580078125
-0.0565185546875 -0.119560241699219 -0.1585693359375 -0.237991333007813
-0.0973434448242188 -0.0953140258789062 -0.17730712890625 -0.1279296875
-0.101585388183594 -0.0540237426757813 -0.135711669921875 -0.0251083374023437
-0.102874755859375 -0.0185775756835938 -0.0443801879882813 0.0600738525390625
-0.106903076171875 0.0153656005859375 0.04962158203125 0.0833206176757813
-0.10845947265625 -0.00405883789062502 0.124237060546875 0.04315185546875
-0.0973434448242188 0.0142745971679687 0.213150024414063 -0.028533935546875
-0.0863265991210938 0.00921630859375 0.2547607421875 -0.043701171875
-0.206512451171875 -0.0783233642578125 0.0945587158203125 0.106903076171875
-0.152023315429688 -0.128768920898438 0.0437736511230469 0.0632209777832031
-0.138687133789063 -0.213333129882813 -0.015660285949707 -0.0123224258422852
-0.07501220703125 -0.230316162109375 -0.05596923828125 -0.0849685668945313
-0.017791748046875 -0.237274169921875 -0.0346832275390625 -0.171173095703125
-0.0400238037109375 -0.256332397460938 -0.0614166259765625 -0.251541137695313
-0.0873260498046875 -0.248092651367188 -0.104324340820313 -0.248504638671875
-0.0841522216796875 -0.2147216796875 -0.121047973632813 -0.17041015625
-0.13800048828125 -0.194839477539063 -0.139862060546875 -0.0992202758789063
-0.160736083984375 -0.132965087890625 -0.106712341308594 -0.0119552612304688
-0.168243408203125 -0.08441162109375 -0.0293693542480469 0.0660400390625
-0.1937255859375 -0.0233001708984375 0.0562286376953125 0.0861358642578125
-0.19281005859375 -0.04791259765625 0.117424011230469 0.0555038452148438
-0.185302734375 -0.008331298828125 0.188873291015625 -0.000137329101562501
-0.168777465820312 0.000808715820312465 0.218505859375 -0.0343170166015625
-0.259170532226563 -0.0785369873046874 0.0164260864257812 0.0753250122070313
-0.220916748046875 -0.126480102539062 -0.019989013671875 0.0268573760986328
-0.226425170898437 -0.226058959960938 -0.0336227416992188 -0.0454216003417969
-0.1629638671875 -0.261642456054688 -0.0653152465820313 -0.0844802856445313
-0.084228515625 -0.283905029296875 -0.0333938598632813 -0.127479553222656
-0.0992431640625 -0.310394287109375 -0.0469207763671875 -0.16497802734375
-0.124053955078125 -0.302947998046875 -0.065277099609375 -0.145767211914063
-0.095550537109375 -0.278640747070313 -0.0655288696289063 -0.086761474609375
-0.1529541015625 -0.273483276367188 -0.0727081298828125 -0.0450210571289063
-0.17840576171875 -0.217239379882813 -0.0572280883789063 0.0201492309570312
-0.198699951171875 -0.17413330078125 0.00148773193359374 0.0687904357910156
-0.247299194335938 -0.09326171875 0.0576095581054687 0.0868682861328125
-0.24603271484375 -0.115341186523437 0.09466552734375 0.0665740966796875
-0.251083374023438 -0.058929443359375 0.139839172363281 0.0239410400390625
-0.228713989257813 -0.02764892578125 0.151016235351562 -0.0317230224609375
-0.272781372070313 -0.0601959228515626 -0.0647773742675781 0.0599327087402344
-0.246551513671875 -0.084381103515625 -0.0888519287109375 0.0139007568359375
-0.270248413085937 -0.178131103515625 -0.0625877380371094 -0.0608291625976563
-0.216156005859375 -0.218780517578125 -0.0677871704101563 -0.0753021240234375
-0.140975952148438 -0.257080078125 -0.013885498046875 -0.0844192504882813
-0.150909423828125 -0.30084228515625 -0.00423431396484377 -0.0823287963867188
-0.14080810546875 -0.303314208984375 -0.00303649902343751 -0.0375785827636719
-0.092742919921875 -0.30072021484375 0.00387954711914062 0.00709247589111326
-0.13360595703125 -0.317657470703125 -0.00593185424804688 0.0392723083496093
-0.15179443359375 -0.281890869140625 -0.00596618652343751 0.0758056640625
-0.17572021484375 -0.251937866210938 0.0364837646484375 0.0927505493164063
-0.2467041015625 -0.175750732421875 0.0567474365234375 0.0856857299804687
-0.247909545898437 -0.191390991210938 0.0562095642089844 0.0587959289550781
-0.269454956054687 -0.117233276367188 0.0693626403808594 0.0316047668457031
-0.249374389648438 -0.06207275390625 0.0648841857910156 -0.0410079956054688
-0.24200439453125 -0.036163330078125 -0.146194458007813 0.05780029296875
-0.223587036132813 -0.03619384765625 -0.149581909179687 0.01776123046875
-0.244949340820313 -0.114181518554687 -0.084014892578125 -0.0528106689453125
-0.207992553710938 -0.149856567382813 -0.0563621520996094 -0.0663986206054688
-0.151840209960937 -0.190902709960938 0.0210418701171875 -0.0570297241210938
-0.161972045898438 -0.239761352539062 0.0569534301757812 -0.0212974548339844
-0.137359619140625 -0.255813598632813 0.0738372802734375 0.0508193969726562
-0.0765533447265625 -0.273025512695313 0.0739593505859375 0.106834411621094
-0.090118408203125 -0.31231689453125 0.05682373046875 0.136726379394531
-0.08416748046875 -0.292694091796875 0.032196044921875 0.156967163085937
-0.09857177734375 -0.284576416015625 0.0545196533203125 0.129844665527344
-0.181289672851563 -0.226364135742187 0.052764892578125 0.076263427734375
-0.1856689453125 -0.234817504882812 0.0222358703613281 0.0293827056884765
-0.234970092773437 -0.16021728515625 -0.00831699371337892 0.00223875045776366
-0.230209350585937 -0.088623046875 -0.0218734741210938 -0.0677299499511719
-0.173004150390625 -0.02325439453125 -0.200973510742188 0.0658416748046875
-0.160675048828125 -0.010650634765625 -0.186660766601563 0.03753662109375
-0.172439575195313 -0.063568115234375 -0.0898895263671875 -0.0396347045898437
-0.150985717773438 -0.085906982421875 -0.0474624633789063 -0.064910888671875
-0.113243103027344 -0.119918823242188 0.0476875305175781 -0.0478324890136719
-0.124420166015625 -0.1619873046875 0.113021850585937 0.0169601440429687
-0.0999908447265625 -0.181137084960937 0.1448974609375 0.110977172851563
-0.048126220703125 -0.202667236328125 0.129058837890625 0.190017700195313
-0.0413818359375 -0.247329711914063 0.09130859375 0.234527587890625
-0.0217742919921875 -0.236785888671875 0.039154052734375 0.243606567382812
-0.018341064453125 -0.2398681640625 0.05792236328125 0.169326782226562
-0.08905029296875 -0.208480834960938 0.0456466674804688 0.0690078735351562
-0.09979248046875 -0.213546752929688 0.00389671325683593 -0.0154457092285156
-0.156875610351563 -0.155136108398438 -0.0644149780273438 -0.0461578369140625
-0.172409057617188 -0.0870513916015625 -0.097991943359375 -0.107429504394531
-0.0792922973632813 -0.0187530517578125 -0.237503051757813 0.0730438232421875
-0.0780181884765625 -0.00718688964843751 -0.205947875976563 0.0458831787109375
-0.0791473388671875 -0.0385665893554688 -0.0966796875 -0.02471923828125
-0.066253662109375 -0.0463066101074219 -0.0426979064941406 -0.0621871948242187
-0.0455780029296875 -0.0582275390625 0.0613937377929688 -0.0420494079589844
-0.0539016723632813 -0.08331298828125 0.14788818359375 0.03076171875
-0.0399398803710938 -0.09490966796875 0.187515258789062 0.144073486328125
-0.0155410766601563 -0.105827331542969 0.160110473632813 0.241943359375
-0.000839233398437486 -0.134429931640625 0.101715087890625 0.310028076171875
0.00679016113281249 -0.125823974609375 0.032073974609375 0.299163818359375
0.0141067504882812 -0.132247924804688 0.0470123291015625 0.1942138671875
-0.0255584716796875 -0.123184204101563 0.0438270568847656 0.063232421875
-0.0314788818359375 -0.125320434570313 0.00344848632812499 -0.0517692565917969
-0.0732269287109375 -0.0919036865234375 -0.0884552001953125 -0.0946426391601563
-0.0892410278320313 -0.0566558837890625 -0.148147583007813 -0.142501831054688
-0.0157413482666016 -0.0160026550292969 0.176986694335937 0.132095336914062
0.00687646865844727 -0.00669479370117188 0.110641479492188 0.110328674316406
-0.0023350715637207 -0.00599241256713867 -0.00207901000976563 0.0371665954589844
0.000252723693847655 -0.00790739059448242 -0.0286941528320312 -0.072845458984375
0.00399589538574219 -0.0117607116699219 -0.013397216796875 -0.211593627929688
-0.00449991226196289 -0.00583219528198242 -0.051666259765625 -0.320465087890625
-0.0313320159912109 -0.0164241790771484 -0.13763427734375 -0.34112548828125
-0.0287075042724609 -0.00773048400878906 -0.184249877929688 -0.255264282226563
-0.0330219268798828 0.00839424133300781 -0.202911376953125 -0.130218505859375
-0.02911376953125 0.0142421722412109 -0.147109985351562 -0.0244598388671875
-0.0182590484619141 0.0289764404296875 -0.0571403503417969 0.0674095153808594
-0.0166740417480469 0.0364646911621094 0.0421371459960938 0.076873779296875
-0.0167922973632813 0.0237598419189453 0.121940612792969 0.0340423583984375
-0.00470161437988281 0.0196132659912109 0.211502075195313 -0.0503082275390625
0.00212192535400391 0.010554313659668 0.25421142578125 -0.0583343505859375
-0.118209838867188 -0.0534439086914063 0.156387329101563 0.118484497070313
-0.0728225708007813 -0.0807876586914063 0.090789794921875 0.0944061279296875
-0.0610198974609375 -0.124923706054688 -0.00146484375 0.0195636749267578
-0.0240478515625 -0.133209228515625 -0.0414352416992187 -0.0774383544921875
0.0104598999023437 -0.137260437011719 -0.0265960693359375 -0.196640014648437
-0.01104736328125 -0.141632080078125 -0.05889892578125 -0.2996826171875
-0.057952880859375 -0.144012451171875 -0.134979248046875 -0.31219482421875
-0.0646591186523438 -0.118743896484375 -0.171951293945312 -0.226760864257813
-0.0988540649414062 -0.088836669921875 -0.185134887695313 -0.11737060546875
-0.1064453125 -0.0494461059570313 -0.141189575195313 -0.022857666015625
-0.101043701171875 -0.0160751342773438 -0.04681396484375 0.0636672973632813
-0.10870361328125 0.0193252563476562 0.0483169555664062 0.0797805786132813
-0.109619140625 0.0053558349609375 0.122749328613281 0.0390090942382813
-0.0997085571289063 0.0185775756835938 0.205657958984375 -0.0343017578125
-0.0885162353515625 0.0131072998046875 0.242843627929688 -0.0486907958984375
-0.207321166992187 -0.0703277587890625 0.0991744995117187 0.0928268432617187
-0.157272338867187 -0.120101928710938 0.0450935363769531 0.0603446960449219
-0.1480712890625 -0.206069946289062 -0.0130529403686524 -0.0131387710571289
-0.0879058837890625 -0.227142333984375 -0.0563735961914063 -0.0812225341796875
-0.026611328125 -0.235427856445313 -0.0368194580078125 -0.164749145507813
-0.052001953125 -0.253799438476563 -0.0670928955078125 -0.243072509765625
-0.0974273681640625 -0.242156982421875 -0.118942260742187 -0.237396240234375
-0.0922393798828125 -0.212188720703125 -0.130111694335938 -0.165603637695312
-0.148818969726562 -0.184188842773438 -0.142913818359375 -0.0901031494140625
-0.1678466796875 -0.125762939453125 -0.110847473144531 -0.00941467285156252
-0.171173095703125 -0.079071044921875 -0.0277671813964844 0.0626945495605469
-0.193466186523438 -0.0170440673828125 0.0562744140625 0.0794296264648438
-0.195663452148438 -0.03399658203125 0.115760803222656 0.0517120361328125
-0.187789916992188 0.0028533935546875 0.185195922851563 -0.006103515625
-0.169540405273438 0.00614929199218753 0.210525512695313 -0.0376129150390625
-0.264114379882813 -0.0648193359375 0.0233345031738281 0.0699501037597656
-0.224136352539062 -0.1148681640625 -0.0161170959472656 0.0250759124755859
-0.236190795898437 -0.212020874023438 -0.0354042053222656 -0.0448226928710938
-0.175445556640625 -0.25 -0.0659713745117188 -0.0805816650390625
-0.0972442626953125 -0.277847290039062 -0.0324325561523438 -0.124923706054688
-0.11505126953125 -0.304962158203125 -0.0523834228515625 -0.161697387695313
-0.134979248046875 -0.295806884765625 -0.0749130249023438 -0.14019775390625
-0.109283447265625 -0.274169921875 -0.068115234375 -0.0810775756835938
-0.167953491210938 -0.264480590820312 -0.07763671875 -0.04052734375
-0.189620971679688 -0.207305908203125 -0.0606803894042969 0.0192184448242187
-0.206512451171875 -0.162704467773437 0.00189208984374999 0.0696029663085937
-0.251846313476563 -0.0804443359375001 0.05743408203125 0.0818099975585938
-0.252365112304688 -0.099761962890625 0.0922698974609375 0.061431884765625
-0.25299072265625 -0.0410919189453125 0.134429931640625 0.0221405029296875
-0.226165771484375 -0.0165252685546875 0.144790649414063 -0.0310211181640625
-0.275131225585938 -0.0432281494140625 -0.0611610412597656 0.058380126953125
-0.24755859375 -0.0711669921874999 -0.0859298706054688 0.0146636962890625
-0.275970458984375 -0.1602783203125 -0.0636253356933594 -0.0582771301269531
-0.225906372070313 -0.204833984375 -0.0656585693359375 -0.0708847045898437
-0.15350341796875 -0.250900268554688 -0.0127944946289062 -0.0832366943359375
-0.163055419921875 -0.288818359375 -0.0050506591796875 -0.0815048217773438
-0.156951904296875 -0.294281005859375 -0.00266647338867188 -0.0380439758300782
-0.1064453125 -0.294036865234375 0.00613021850585937 0.010676383972168
-0.151580810546875 -0.3115234375 -0.00403213500976563 0.0360832214355468
-0.162841796875 -0.275436401367188 -0.00524139404296876 0.0769119262695312
-0.185501098632812 -0.244384765625 0.0339508056640625 0.08880615234375
-0.254974365234375 -0.161346435546875 0.0548782348632812 0.0824661254882812
-0.255508422851563 -0.175796508789062 0.0553245544433594 0.0573081970214844
-0.274978637695313 -0.100570678710937 0.0650100708007812 0.0307693481445312
-0.25152587890625 -0.0500335693359375 0.0605010986328125 -0.037750244140625
-0.240921020507813 -0.024169921875 -0.138687133789063 0.0596542358398438
-0.220733642578125 -0.027008056640625 -0.14178466796875 0.023712158203125
-0.2501220703125 -0.09747314453125 -0.084564208984375 -0.0510406494140625
-0.213943481445313 -0.1357421875 -0.0579032897949219 -0.0626869201660157
-0.159408569335937 -0.184616088867188 0.0199165344238281 -0.057525634765625
-0.170425415039063 -0.227752685546875 0.0590667724609375 -0.0229301452636719
-0.1478271484375 -0.249282836914062 0.0785980224609375 0.0456390380859375
-0.0870513916015625 -0.26702880859375 0.0787124633789063 0.102043151855469
-0.10382080078125 -0.3074951171875 0.0575790405273437 0.132186889648437
-0.097442626953125 -0.289398193359375 0.03448486328125 0.155441284179687
-0.110626220703125 -0.28167724609375 0.0577011108398438 0.125175476074219
-0.191864013671875 -0.216629028320312 0.0485153198242187 0.07666015625
-0.195770263671875 -0.224868774414063 0.0187301635742187 0.0303554534912109
-0.240646362304687 -0.146514892578125 -0.0122137069702149 0.0100126266479492
-0.230972290039062 -0.0766448974609375 -0.0309333801269531 -0.0620002746582031
-0.17034912109375 -0.015228271484375 -0.194610595703125 0.0690155029296875
-0.157150268554688 -0.00129699707031253 -0.1773681640625 0.0426483154296875
-0.174285888671875 -0.05157470703125 -0.09210205078125 -0.03668212890625
-0.155120849609375 -0.0770721435546875 -0.0481033325195313 -0.0573768615722656
-0.119636535644531 -0.112739562988281 0.0464363098144531 -0.0464134216308594
-0.1312255859375 -0.151290893554688 0.116477966308594 0.00838470458984374
-0.10638427734375 -0.176239013671875 0.152740478515625 0.103622436523437
-0.0560760498046875 -0.198837280273438 0.137161254882813 0.181106567382812
-0.051177978515625 -0.24591064453125 0.097930908203125 0.227706909179687
-0.0327911376953125 -0.234725952148438 0.050201416015625 0.2392578125
-0.0295257568359375 -0.23638916015625 0.0589599609375 0.1636962890625
-0.100051879882813 -0.203155517578125 0.04217529296875 0.0687484741210937
-0.109283447265625 -0.205535888671875 -0.00409603118896485 -0.0148725509643555
-0.166046142578125 -0.145309448242187 -0.0688323974609375 -0.0384979248046875
-0.1739501953125 -0.0784454345703125 -0.106498718261719 -0.0981979370117188
-0.0803070068359375 -0.0155105590820312 -0.228744506835937 0.0785064697265625
-0.0773544311523438 -0.00273132324218749 -0.197372436523438 0.0540618896484375
-0.0819168090820312 -0.0320053100585938 -0.09588623046875 -0.0239334106445313
-0.0702323913574219 -0.0402450561523438 -0.0401573181152344 -0.0582733154296875
-0.0520782470703125 -0.0547027587890625 0.0603523254394531 -0.0439262390136719
-0.057403564453125 -0.0797882080078125 0.150100708007812 0.0228729248046875
-0.04296875 -0.0905303955078125 0.195831298828125 0.136199951171875
-0.0193252563476562 -0.101188659667969 0.171356201171875 0.230316162109375
-0.0100250244140625 -0.132720947265625 0.113494873046875 0.301422119140625
0.00121307373046874 -0.125320434570313 0.043121337890625 0.29681396484375
0.00823974609375001 -0.132652282714844 0.0509796142578125 0.19061279296875
-0.0317764282226563 -0.119590759277344 0.0412178039550781 0.0623741149902344
-0.0388031005859375 -0.123092651367188 -0.0037384033203125 -0.0505638122558594
-0.078582763671875 -0.0865249633789062 -0.0969085693359375 -0.084716796875
-0.0903244018554688 -0.0525894165039062 -0.1571044921875 -0.128814697265625
-0.0168819427490234 -0.0146799087524414 0.18499755859375 0.120315551757813
0.00502824783325195 -0.00551271438598633 0.119789123535156 0.103134155273438
-0.00103092193603516 -0.0053253173828125 0.000869750976562502 0.0375785827636719
-0.0001068115234375 -0.00561285018920899 -0.0263900756835937 -0.0718002319335938
0.00340175628662109 -0.0127429962158203 -0.0158843994140625 -0.211257934570313
-0.00446271896362305 -0.0061192512512207 -0.058441162109375 -0.320068359375
-0.0294628143310547 -0.0156154632568359 -0.14874267578125 -0.337371826171875
-0.0290927886962891 -0.00850486755371093 -0.1959228515625 -0.249420166015625
-0.0331954956054687 0.00965499877929688 -0.208908081054688 -0.125579833984375
-0.0285549163818359 0.0154514312744141 -0.153854370117188 -0.0220489501953125
-0.0186786651611328 0.0285968780517578 -0.0580825805664063 0.0667266845703125
-0.0145606994628906 0.0357437133789063 0.0427017211914063 0.0764694213867188
-0.0165004730224609 0.0249919891357422 0.121177673339844 0.0343780517578125
-0.00413894653320313 0.0218925476074219 0.205474853515625 -0.0539398193359375
0.00120353698730469 0.0109186172485352 0.2489013671875 -0.0596771240234375
-0.124198913574219 -0.0472030639648437 0.160888671875 0.1087646484375
-0.078582763671875 -0.0800628662109375 0.0982589721679688 0.08795166015625
-0.0672378540039063 -0.124916076660156 0.000146865844726561 0.0205020904541016
-0.0279922485351562 -0.133163452148438 -0.038848876953125 -0.075042724609375
0.00746154785156249 -0.139129638671875 -0.0249176025390625 -0.195297241210938
-0.0180511474609375 -0.144546508789063 -0.065216064453125 -0.298187255859375
-0.066375732421875 -0.142669677734375 -0.145751953125 -0.30670166015625
-0.0686111450195313 -0.117752075195313 -0.179763793945313 -0.218841552734375
-0.1026611328125 -0.087310791015625 -0.194259643554688 -0.11297607421875
-0.108642578125 -0.0472183227539062 -0.145339965820313 -0.0204010009765625
-0.101676940917969 -0.0136947631835938 -0.0482521057128906 0.0638961791992188
-0.106407165527344 0.0250473022460938 0.0494155883789062 0.07818603515625
-0.110389709472656 0.00875091552734375 0.120452880859375 0.0405044555664063
-0.099090576171875 0.0249786376953125 0.202972412109375 -0.03741455078125
-0.0891494750976563 0.0177841186523438 0.239761352539063 -0.0488433837890625
-0.213104248046875 -0.06158447265625 0.105964660644531 0.0861587524414062
-0.163177490234375 -0.117507934570313 0.0525550842285156 0.0538978576660156
-0.157928466796875 -0.199325561523437 -0.0102243423461914 -0.0131464004516602
-0.096343994140625 -0.223114013671875 -0.0536117553710938 -0.0799560546875
-0.033905029296875 -0.238433837890625 -0.0374908447265625 -0.163848876953125
-0.060516357421875 -0.252304077148438 -0.0729522705078125 -0.241409301757813
-0.106491088867188 -0.241134643554688 -0.125411987304688 -0.232452392578125
-0.099609375 -0.210494995117188 -0.136276245117188 -0.158493041992188
-0.156646728515625 -0.180023193359375 -0.148818969726563 -0.0855560302734375
-0.170745849609375 -0.12188720703125 -0.115386962890625 -0.007537841796875
-0.174346923828125 -0.0749053955078125 -0.0287055969238281 0.0627937316894531
-0.194183349609375 -0.00682067871093752 0.054473876953125 0.0797119140625
-0.198043823242188 -0.025848388671875 0.112464904785156 0.0514068603515625
-0.18878173828125 0.0113525390625 0.18048095703125 -0.0087432861328125
-0.17071533203125 0.0114288330078125 0.2052001953125 -0.0377197265625
-0.26885986328125 -0.0536651611328125 0.0290870666503906 0.0634346008300781
-0.22918701171875 -0.105728149414063 -0.0125179290771484 0.0232276916503906
-0.245513916015625 -0.20233154296875 -0.0351982116699219 -0.0442962646484375
-0.183883666992188 -0.242584228515625 -0.0640411376953125 -0.0770111083984375
-0.10699462890625 -0.277252197265625 -0.0345077514648437 -0.121391296386719
-0.124725341796875 -0.30230712890625 -0.054931640625 -0.160568237304688
-0.14752197265625 -0.29205322265625 -0.0780105590820313 -0.135185241699219
-0.117584228515625 -0.27105712890625 -0.0710906982421875 -0.0789947509765625
-0.1796875 -0.259567260742188 -0.0818862915039063 -0.0364990234375
-0.19696044921875 -0.204254150390625 -0.0657615661621094 0.0220489501953125
-0.214126586914062 -0.158798217773438 0.00067520141601561 0.0682334899902344
-0.255279541015625 -0.070281982421875 0.0562286376953125 0.0820083618164063
-0.258743286132812 -0.0885162353515625 0.0898513793945312 0.0636672973632813
-0.256637573242187 -0.029693603515625 0.132942199707031 0.0217208862304687
-0.230270385742187 -0.01025390625 0.141082763671875 -0.0286407470703125
-0.278961181640625 -0.03216552734375 -0.0572242736816406 0.0548095703125
-0.249008178710938 -0.0631713867187499 -0.0818405151367188 0.014312744140625
-0.284332275390625 -0.149505615234375 -0.0649642944335938 -0.05548095703125
-0.234298706054687 -0.196273803710938 -0.0645065307617188 -0.0692214965820313
-0.163009643554688 -0.246917724609375 -0.0110702514648438 -0.0814743041992188
-0.17425537109375 -0.2840576171875 -0.00485229492187501 -0.081695556640625
-0.168609619140625 -0.28961181640625 -0.00178146362304688 -0.0363693237304688
-0.116668701171875 -0.291046142578125 0.00662708282470702 0.0127592086791992
-0.164947509765625 -0.307952880859375 -0.00566864013671876 0.0379676818847656
-0.1734619140625 -0.270660400390625 -0.00794219970703127 0.0772857666015625
-0.195480346679688 -0.241439819335938 0.0338287353515625 0.0892868041992188
-0.26031494140625 -0.152313232421875 0.0528793334960937 0.08160400390625
-0.264358520507813 -0.1663818359375 0.0512962341308594 0.0599174499511719
-0.280319213867187 -0.0881042480468751 0.0612640380859375 0.0349655151367187
-0.2550048828125 -0.042816162109375 0.0556488037109375 -0.0320358276367188
-0.242568969726563 -0.013275146484375 -0.1336669921875 0.0594024658203125
-0.220748901367188 -0.0191802978515625 -0.137908935546875 0.0264816284179687
-0.2542724609375 -0.085693359375 -0.0846176147460938 -0.04962158203125
-0.220199584960938 -0.126800537109375 -0.0563507080078125 -0.0614128112792969
-0.166473388671875 -0.177383422851562 0.0211982727050781 -0.0565376281738281
-0.178085327148437 -0.222488403320313 0.0609130859375 -0.0254440307617188
-0.15728759765625 -0.245391845703125 0.08380126953125 0.0442047119140625
-0.096893310546875 -0.264968872070313 0.0819320678710938 0.100997924804687
-0.1187744140625 -0.304046630859375 0.0598526000976563 0.131454467773437
-0.107940673828125 -0.28741455078125 0.0368804931640625 0.156341552734375
-0.121505737304688 -0.2786865234375 0.0567703247070313 0.123886108398438
-0.19964599609375 -0.209747314453125 0.0458908081054687 0.07598876953125
-0.205902099609375 -0.218597412109375 0.0128097534179687 0.0334510803222656
-0.247360229492188 -0.136749267578125 -0.0146188735961914 0.0149650573730469
-0.236129760742188 -0.06927490234375 -0.0335235595703125 -0.0549087524414063
-0.171554565429688 -0.00657653808593746 -0.190338134765625 0.0706787109375
-0.157669067382812 0.0030975341796875 -0.1732177734375 0.0453338623046875
-0.1793212890625 -0.043212890625 -0.0919265747070313 -0.03485107421875
-0.156524658203125 -0.0693511962890625 -0.0452384948730469 -0.0572166442871094
-0.122039794921875 -0.108146667480469 0.0491752624511719 -0.0457763671875
-0.13409423828125 -0.146224975585938 0.119903564453125 0.00549316406249999
-0.113204956054687 -0.172897338867188 0.159530639648438 0.098114013671875
-0.0634002685546875 -0.197784423828125 0.1446533203125 0.174407958984375
-0.0624847412109375 -0.243392944335937 0.103225708007813 0.226577758789062
-0.0394134521484375 -0.235977172851563 0.0535736083984375 0.238800048828125
-0.0383758544921875 -0.238006591796875 0.0604248046875 0.164352416992187
-0.107498168945313 -0.200576782226562 0.0397872924804687 0.06781005859375
-0.117172241210938 -0.203567504882813 -0.00991249084472657 -0.0106048583984375
-0.172576904296875 -0.138153076171875 -0.0742340087890625 -0.03125
-0.177169799804688 -0.072418212890625 -0.111946105957031 -0.0874176025390625
-0.08062744140625 -0.0125885009765625 -0.225372314453125 0.07940673828125
-0.0776214599609375 -0.000427246093750008 -0.193435668945313 0.0565338134765625
-0.0844573974609375 -0.027618408203125 -0.094635009765625 -0.0241928100585938
-0.07086181640625 -0.0373764038085938 -0.0383949279785156 -0.0583724975585938
-0.0523796081542969 -0.053680419921875 0.0634231567382813 -0.0439529418945313
-0.0596847534179688 -0.0768508911132813 0.155181884765625 0.018829345703125
-0.046417236328125 -0.0884552001953125 0.206222534179688 0.12847900390625
-0.0238037109375 -0.100906372070313 0.180465698242187 0.224151611328125
-0.0154037475585938 -0.132438659667969 0.1220703125 0.2969970703125
-0.00215911865234374 -0.125831604003906 0.049346923828125 0.299102783203125
0.00410461425781249 -0.132369995117188 0.051055908203125 0.192352294921875
-0.0360870361328125 -0.118949890136719 0.0380630493164062 0.0616416931152344
-0.0435028076171875 -0.121543884277344 -0.0118598937988281 -0.0469093322753906
-0.0830230712890625 -0.0846939086914062 -0.102699279785156 -0.07830810546875
-0.0931930541992188 -0.049285888671875 -0.163818359375 -0.118667602539063
-0.0198211669921875 -0.0123882293701172 0.19561767578125 0.109329223632813
0.00406742095947266 -0.00591278076171875 0.129753112792969 0.0961074829101563
-0.000209331512451171 -0.00587177276611328 0.00834274291992188 0.03741455078125
0.000141143798828126 -0.00635910034179688 -0.0241470336914062 -0.0739288330078125
0.00318622589111328 -0.0129709243774414 -0.0184173583984375 -0.21563720703125
-0.00678205490112305 -0.00721979141235352 -0.06683349609375 -0.323944091796875
-0.0310382843017578 -0.0154781341552734 -0.164398193359375 -0.3375244140625
-0.0295372009277344 -0.00810623168945312 -0.209823608398437 -0.244094848632813
-0.0334358215332031 0.0104618072509766 -0.221511840820313 -0.120880126953125
-0.0297145843505859 0.0168190002441406 -0.162551879882812 -0.0194549560546875
-0.0178794860839844 0.0293254852294922 -0.0604515075683594 0.0685577392578125
-0.0124320983886719 0.0372047424316406 0.0436630249023438 0.0767822265625
-0.0160140991210937 0.0266437530517578 0.122596740722656 0.0318145751953125
-0.00434112548828125 0.0220375061035156 0.20465087890625 -0.058929443359375
-0.000154495239257814 0.0112972259521484 0.248733520507813 -0.06195068359375
-0.12908935546875 -0.0409164428710937 0.1710205078125 0.0989227294921875
-0.083404541015625 -0.0777816772460937 0.106307983398438 0.082763671875
-0.0735549926757813 -0.124397277832031 0.0060272216796875 0.0202732086181641
-0.0338821411132813 -0.134757995605469 -0.0364990234375 -0.0755386352539063
0.00134277343749999 -0.143569946289063 -0.0264129638671875 -0.1993408203125
-0.0248870849609375 -0.148788452148438 -0.073211669921875 -0.302734375
-0.0736846923828125 -0.144073486328125 -0.159759521484375 -0.305755615234375
-0.0746536254882813 -0.11865234375 -0.191299438476563 -0.213088989257812
-0.109573364257813 -0.0858078002929688 -0.20538330078125 -0.109100341796875
-0.112983703613281 -0.0454635620117188 -0.154373168945313 -0.015655517578125
-0.104728698730469 -0.0105514526367188 -0.0515861511230469 0.0662307739257813
-0.107826232910156 0.0298385620117188 0.0503616333007813 0.0787429809570313
-0.11346435546875 0.0154190063476563 0.121475219726562 0.037811279296875
-0.100784301757813 0.0319290161132812 0.200668334960938 -0.0418243408203125
-0.0921630859375 0.0223312377929687 0.241073608398438 -0.0511322021484375
-0.220809936523437 -0.0524444580078125 0.113273620605469 0.0781784057617188
-0.171173095703125 -0.112930297851562 0.0594406127929687 0.0501060485839844
-0.169692993164062 -0.196624755859375 -0.00810909271240235 -0.013484001159668
-0.106735229492188 -0.223358154296875 -0.0521240234375 -0.0793304443359375
-0.042938232421875 -0.243911743164062 -0.0370941162109375 -0.166152954101563
-0.0718231201171875 -0.257537841796875 -0.079498291015625 -0.244049072265625
-0.120529174804688 -0.2432861328125 -0.13623046875 -0.230575561523438
-0.110076904296875 -0.211334228515625 -0.144134521484375 -0.154388427734375
-0.16851806640625 -0.1778564453125 -0.157974243164063 -0.0812835693359375
-0.179824829101563 -0.118621826171875 -0.122795104980469 -0.00354003906250003
-0.181381225585938 -0.0703125 -0.0315208435058594 0.0644035339355469
-0.199203491210938 0.0016326904296875 0.0556793212890625 0.080963134765625
-0.204238891601563 -0.0165557861328125 0.113441467285156 0.0520095825195313
-0.192672729492188 0.0223541259765625 0.179885864257812 -0.0111236572265625
-0.17572021484375 0.01904296875 0.205551147460938 -0.038177490234375
-0.2779541015625 -0.0410614013671874 0.0326118469238281 0.0584144592285156
-0.237014770507813 -0.09991455078125 -0.00898361206054689 0.0219688415527344
-0.258697509765625 -0.19439697265625 -0.0355224609375 -0.0441360473632813
-0.197265625 -0.240142822265625 -0.0632781982421875 -0.0769195556640625
-0.119338989257812 -0.28057861328125 -0.0338973999023438 -0.122024536132813
-0.1390380859375 -0.304779052734375 -0.0581817626953125 -0.161666870117188
-0.162384033203125 -0.293670654296875 -0.0820693969726562 -0.132034301757813
-0.129837036132813 -0.273330688476562 -0.0738677978515625 -0.0748672485351563
-0.195083618164063 -0.2576904296875 -0.0873031616210938 -0.03399658203125
-0.2093505859375 -0.201766967773438 -0.0702896118164063 0.0255889892578125
-0.224945068359375 -0.15447998046875 -0.00154876708984377 0.0701560974121093
-0.263900756835938 -0.060333251953125 0.0565719604492187 0.0832748413085938
-0.268997192382813 -0.0780029296875 0.0901031494140625 0.0658721923828125
-0.263412475585938 -0.017364501953125 0.133079528808594 0.0230789184570313
-0.2379150390625 -0.00100708007812502 0.140777587890625 -0.02679443359375
-0.286590576171875 -0.0195922851562501 -0.0544052124023438 0.0513801574707031
-0.257003784179688 -0.0540771484375001 -0.0792160034179688 0.0148849487304687
-0.296844482421875 -0.137939453125 -0.066436767578125 -0.0555686950683594
-0.247177124023438 -0.189376831054688 -0.0630340576171875 -0.0690040588378906
-0.175125122070313 -0.246795654296875 -0.00917816162109376 -0.0820999145507813
-0.18780517578125 -0.284088134765625 -0.00432586669921876 -0.0832290649414063
-0.18389892578125 -0.29010009765625 -0.00176620483398439 -0.0353317260742188
-0.12896728515625 -0.292144775390625 0.00847244262695312 0.0130691528320312
-0.18243408203125 -0.30645751953125 -0.00715637207031251 0.0399093627929687
-0.18707275390625 -0.270751953125 -0.00860595703125001 0.080352783203125
-0.209121704101563 -0.239715576171875 0.0332870483398437 0.090484619140625
-0.272903442382813 -0.14385986328125 0.0514297485351562 0.0838394165039062
-0.2774658203125 -0.156951904296875 0.049346923828125 0.0650062561035156
-0.290863037109375 -0.07623291015625 0.0612258911132812 0.0397300720214844
-0.26318359375 -0.033416748046875 0.05322265625 -0.0275650024414063
-0.2484130859375 -0.00254821777343755 -0.132957458496094 0.05902099609375
-0.225112915039063 -0.0109405517578125 -0.136428833007812 0.0297012329101562
-0.26348876953125 -0.0747833251953125 -0.08697509765625 -0.0480804443359375
-0.2294921875 -0.119476318359375 -0.0547904968261719 -0.0609321594238281
-0.176132202148438 -0.175582885742188 0.0243377685546875 -0.057647705078125
-0.188796997070313 -0.2188720703125 0.0644798278808594 -0.0276336669921875
-0.17022705078125 -0.243820190429688 0.0898590087890625 0.04180908203125
-0.108001708984375 -0.266616821289063 0.08819580078125 0.099212646484375
-0.134613037109375 -0.30615234375 0.0635604858398437 0.132461547851562
-0.120758056640625 -0.2906494140625 0.04034423828125 0.160018920898437
-0.134490966796875 -0.281890869140625 0.0583648681640625 0.126541137695312
-0.212356567382812 -0.205673217773438 0.0435867309570312 0.078765869140625
-0.219573974609375 -0.213912963867188 0.00792312622070311 0.0381851196289062
-0.2591552734375 -0.126861572265625 -0.0176925659179688 0.0216617584228516
-0.243911743164063 -0.0623321533203125 -0.0389480590820313 -0.0484695434570313
-0.175613403320313 0.000930786132812514 -0.190719604492188 0.0727081298828125
-0.158889770507813 0.00897216796875002 -0.17144775390625 0.049468994140625
-0.185089111328125 -0.034637451171875 -0.0940628051757813 -0.03436279296875
-0.161636352539063 -0.0636749267578125 -0.0441360473632813 -0.0568733215332031
-0.128738403320313 -0.105300903320313 0.05194091796875 -0.0471115112304688
-0.141845703125 -0.143157958984375 0.125221252441406 0.00131225585937499
-0.122055053710938 -0.1715087890625 0.169357299804688 0.0941314697265625
-0.0714569091796875 -0.19891357421875 0.153839111328125 0.171356201171875
-0.074798583984375 -0.246170043945313 0.111129760742188 0.226776123046875
-0.049072265625 -0.239364624023437 0.06024169921875 0.243789672851562
-0.0478668212890625 -0.241806030273438 0.0628204345703125 0.167373657226562
-0.1165771484375 -0.19915771484375 0.0371475219726562 0.0707168579101563
-0.127639770507813 -0.203628540039063 -0.0174160003662109 -0.00582981109619142
-0.181427001953125 -0.134124755859375 -0.0793075561523438 -0.0230331420898438
-0.18414306640625 -0.06732177734375 -0.118621826171875 -0.0793838500976562
-0.08294677734375 -0.010162353515625 -0.225448608398438 0.081512451171875
-0.0784912109375 0.0026397705078125 -0.19140625 0.0607452392578125
-0.08831787109375 -0.024017333984375 -0.095977783203125 -0.0235366821289063
-0.0729141235351562 -0.0343551635742188 -0.0383224487304688 -0.0588226318359375
-0.054046630859375 -0.0527267456054688 0.0651359558105469 -0.0456924438476563
-0.06292724609375 -0.074310302734375 0.1619873046875 0.0138397216796875
-0.0498123168945313 -0.0878753662109375 0.218597412109375 0.122299194335938
-0.0273971557617187 -0.100845336914063 0.193206787109375 0.219497680664062
-0.0215606689453125 -0.134185791015625 0.13385009765625 0.298614501953125
-0.0058135986328125 -0.127998352050781 0.058258056640625 0.30450439453125
-0.000755310058593755 -0.135520935058594 0.05340576171875 0.1968994140625
-0.041229248046875 -0.120216369628906 0.0347900390625 0.0638961791992187
-0.0495758056640625 -0.122573852539062 -0.0200271606445313 -0.0445556640625
-0.0880355834960938 -0.0832443237304688 -0.111068725585937 -0.0703582763671875
-0.0966033935546875 -0.0462417602539063 -0.172897338867187 -0.108413696289063
-0.0223293304443359 -0.00960731506347656 0.2093505859375 0.0938568115234375
0.00350189208984375 -0.0060114860534668 0.1417236328125 0.0859375
0.000710010528564453 -0.00613498687744141 0.0158119201660156 0.0358848571777344
-0.000148296356201172 -0.00663423538208008 -0.0230865478515625 -0.0764846801757813
0.00105953216552734 -0.0139360427856445 -0.026336669921875 -0.223281860351563
-0.00796175003051758 -0.00818967819213867 -0.082794189453125 -0.331512451171875
-0.032745361328125 -0.0149784088134766 -0.1873779296875 -0.337188720703125
-0.0313644409179688 -0.00778579711914062 -0.229660034179687 -0.237533569335937
-0.0342082977294922 0.0111446380615234 -0.239593505859375 -0.111709594726563
-0.0309600830078125 0.0181388854980469 -0.174819946289062 -0.012908935546875
-0.0169811248779297 0.0295162200927734 -0.06341552734375 0.0721588134765625
-0.0110740661621094 0.038909912109375 0.047515869140625 0.0769119262695313
-0.014892578125 0.0297088623046875 0.125480651855469 0.0281295776367188
-0.00394821166992187 0.0245246887207031 0.203689575195313 -0.0679779052734375
-0.0004425048828125 0.0122823715209961 0.251907348632813 -0.068695068359375
-0.136894226074219 -0.032440185546875 0.182510375976563 0.0850067138671875
-0.091339111328125 -0.0757064819335937 0.116348266601563 0.0739822387695313
-0.0823822021484375 -0.123924255371094 0.0123004913330078 0.0198421478271484
-0.0417251586914062 -0.1361083984375 -0.0361557006835938 -0.0770187377929688
-0.006561279296875 -0.149200439453125 -0.032318115234375 -0.205108642578125
-0.034942626953125 -0.15234375 -0.0888671875 -0.307891845703125
-0.0850372314453125 -0.144699096679688 -0.180145263671875 -0.302734375
-0.0835418701171875 -0.119026184082031 -0.207870483398437 -0.206375122070313
-0.118576049804688 -0.0818405151367188 -0.220123291015625 -0.099822998046875
-0.120162963867188 -0.0406036376953125 -0.165145874023438 -0.0085601806640625
-0.108894348144531 -0.00591278076171875 -0.0535507202148437 0.0691909790039063
-0.108566284179688 0.038543701171875 0.0532913208007812 0.0794219970703125
-0.116180419921875 0.02447509765625 0.124420166015625 0.0350570678710938
-0.102043151855469 0.0401077270507812 0.20147705078125 -0.049560546875
-0.0956192016601563 0.0287322998046875 0.244430541992187 -0.0562286376953125
-0.23162841796875 -0.038299560546875 0.12225341796875 0.0675125122070313
-0.183242797851563 -0.106353759765625 0.0667152404785156 0.043701171875
-0.186050415039063 -0.19171142578125 -0.00446033477783204 -0.01544189453125
-0.123077392578125 -0.223464965820313 -0.051849365234375 -0.07916259765625
-0.058441162109375 -0.250885009765625 -0.04180908203125 -0.169723510742188
-0.0893707275390625 -0.263290405273438 -0.091766357421875 -0.247238159179688
-0.139816284179688 -0.243621826171875 -0.151123046875 -0.225921630859375
-0.125503540039062 -0.2122802734375 -0.154617309570313 -0.146926879882812
-0.1854248046875 -0.173309326171875 -0.169342041015625 -0.074005126953125
-0.19219970703125 -0.113082885742188 -0.131454467773437 0.00290679931640624
-0.190765380859375 -0.06256103515625 -0.0337944030761719 0.0679054260253906
-0.203887939453125 0.0150604248046875 0.0586013793945312 0.0814208984375
-0.211654663085938 -0.00154113769531252 0.116615295410156 0.0511550903320313
-0.19708251953125 0.036773681640625 0.181365966796875 -0.01544189453125
-0.182373046875 0.0307159423828125 0.2083740234375 -0.041168212890625
-0.288299560546875 -0.023468017578125 0.0382537841796875 0.0518074035644531
-0.250350952148438 -0.0885772705078125 -0.00461006164550783 0.0186862945556641
-0.278564453125 -0.182998657226563 -0.0359306335449219 -0.0447502136230469
-0.216720581054688 -0.234375 -0.0631561279296875 -0.0766754150390625
-0.138092041015625 -0.284393310546875 -0.0361709594726563 -0.124427795410156
-0.16021728515625 -0.30706787109375 -0.0660552978515625 -0.163253784179688
-0.185546875 -0.293304443359375 -0.0901336669921875 -0.128425598144531
-0.148651123046875 -0.2745361328125 -0.0778732299804688 -0.0707168579101563
-0.217178344726562 -0.253997802734375 -0.093963623046875 -0.028106689453125
-0.226943969726562 -0.196792602539063 -0.0746612548828125 0.031158447265625
-0.24066162109375 -0.146697998046875 -0.00133514404296877 0.0729446411132812
-0.275100708007813 -0.0447235107421875 0.0589523315429687 0.0853500366210938
-0.28179931640625 -0.0623168945312501 0.0919265747070312 0.0680999755859375
-0.272201538085938 0.00117492675781249 0.135574340820312 0.0230331420898438
-0.246856689453125 0.0124359130859375 0.142318725585938 -0.025421142578125
-0.29669189453125 -0.00146484374999998 -0.0520858764648438 0.0492515563964844
-0.267623901367188 -0.0401000976562501 -0.0777206420898438 0.015838623046875
-0.31292724609375 -0.122100830078125 -0.0696525573730469 -0.0541267395019531
-0.264511108398438 -0.178695678710937 -0.0638427734375 -0.0677070617675781
-0.194320678710938 -0.24456787109375 -0.00833892822265626 -0.0836868286132813
-0.20928955078125 -0.28173828125 -0.00664520263671877 -0.0850830078125
-0.206939697265625 -0.288116455078125 -0.000444412231445329 -0.0343570709228516
-0.149078369140625 -0.293914794921875 0.0109186172485351 0.0142431259155273
-0.2071533203125 -0.305511474609375 -0.00783920288085939 0.0425529479980469
-0.207916259765625 -0.269866943359375 -0.00782012939453126 0.0843582153320312
-0.229873657226563 -0.235931396484375 0.0345687866210937 0.093109130859375
-0.2894287109375 -0.130828857421875 0.0530853271484375 0.0858154296875
-0.295654296875 -0.144256591796875 0.0503311157226562 0.070648193359375
-0.3028564453125 -0.0588378906250001 0.0628776550292969 0.0447158813476562
-0.274810791015625 -0.0193939208984375 0.0516281127929687 -0.0228805541992188
-0.256057739257813 0.01385498046875 -0.132553100585938 0.0615081787109375
-0.23095703125 0.00244140624999998 -0.1353759765625 0.03387451171875
-0.275177001953125 -0.0578460693359375 -0.0906448364257813 -0.0460739135742188
-0.2423095703125 -0.106338500976562 -0.0551300048828125 -0.0597991943359375
-0.190933227539063 -0.171173095703125 0.027099609375 -0.0592231750488281
-0.206161499023437 -0.215484619140625 0.0676002502441406 -0.0314216613769531
-0.190093994140625 -0.240951538085938 0.097808837890625 0.039154052734375
-0.124984741210937 -0.267974853515625 0.09722900390625 0.0973968505859375
-0.15740966796875 -0.306549072265625 0.0702972412109375 0.134056091308594
-0.141204833984375 -0.2940673828125 0.0477447509765625 0.163360595703125
-0.154541015625 -0.28314208984375 0.0623931884765625 0.129768371582031
-0.230728149414063 -0.198837280273437 0.0438385009765625 0.082275390625
-0.24005126953125 -0.206497192382813 0.00540924072265623 0.0452995300292969
-0.273727416992188 -0.113540649414063 -0.0190563201904297 0.0304985046386719
-0.255935668945313 -0.0495452880859375 -0.0441017150878906 -0.0393257141113281
-0.1807861328125 0.0123748779296875 -0.1900634765625 0.0777130126953125
-0.162094116210938 0.01824951171875 -0.1702880859375 0.056854248046875
-0.19189453125 -0.0221405029296875 -0.097412109375 -0.0315628051757812
-0.169448852539063 -0.0548248291015625 -0.0444488525390625 -0.056549072265625
-0.136947631835938 -0.101577758789063 0.0546684265136719 -0.0504264831542969
-0.153030395507812 -0.138916015625 0.131736755371094 -0.00511169433593751
-0.135604858398438 -0.169189453125 0.181732177734375 0.086090087890625
-0.083984375 -0.200302124023437 0.168121337890625 0.165924072265625
-0.092132568359375 -0.247650146484375 0.12548828125 0.227951049804688
-0.063385009765625 -0.245025634765625 0.073333740234375 0.248825073242188
-0.063201904296875 -0.247589111328125 0.068634033203125 0.17193603515625
-0.1309814453125 -0.1978759765625 0.036041259765625 0.0738906860351562
-0.143997192382813 -0.201416015625 -0.0238418579101563 0.00071716308593749
-0.195388793945313 -0.126083374023438 -0.0859909057617188 -0.0122833251953125
-0.194229125976563 -0.060089111328125 -0.12835693359375 -0.0669708251953125
-0.0855712890625 -0.00498199462890626 -0.227005004882812 0.088470458984375
-0.079620361328125 0.00617218017578124 -0.190200805664063 0.068817138671875
-0.0914077758789063 -0.0174713134765625 -0.098846435546875 -0.0211334228515625
-0.0763702392578125 -0.030181884765625 -0.0391807556152344 -0.0585594177246094
-0.0575370788574219 -0.0515289306640625 0.0690803527832031 -0.0495147705078125
-0.0679550170898438 -0.0726699829101562 0.171096801757813 0.0052032470703125
-0.0556106567382812 -0.0879440307617188 0.234359741210937 0.111312866210938
-0.0336074829101563 -0.101402282714844 0.211074829101563 0.21197509765625
-0.0299911499023437 -0.136054992675781 0.153472900390625 0.2994384765625
-0.0122604370117188 -0.131195068359375 0.07464599609375 0.312347412109375
-0.00728607177734374 -0.138160705566406 0.0604705810546875 0.20330810546875
-0.04901123046875 -0.120780944824219 0.0337905883789063 0.0672531127929687
-0.05792236328125 -0.122886657714844 -0.028839111328125 -0.0395469665527344
-0.095550537109375 -0.0804214477539062 -0.119613647460938 -0.0605926513671875
-0.1014404296875 -0.0419158935546875 -0.18463134765625 -0.09423828125
-0.0236701965332031 -0.00585746765136719 0.219573974609375 0.070404052734375
0.00255393981933594 -0.00592613220214844 0.152603149414063 0.0699005126953125
0.000407695770263673 -0.00757503509521484 0.0237636566162109 0.0319881439208984
-0.000508308410644531 -0.00712394714355469 -0.0244140625 -0.0787582397460938
-0.000699996948242187 -0.0153131484985352 -0.038482666015625 -0.226806640625
-0.00980854034423828 -0.00858879089355469 -0.105743408203125 -0.3306884765625
-0.0347919464111328 -0.0132408142089844 -0.214691162109375 -0.3258056640625
-0.0326595306396484 -0.00641059875488281 -0.250991821289063 -0.219863891601563
-0.0351390838623047 0.0134029388427734 -0.255142211914063 -0.0925750732421875
-0.0311470031738281 0.0201129913330078 -0.1842041015625 -0.000381469726562462
-0.0159893035888672 0.0301475524902344 -0.063568115234375 0.0776290893554687
-0.00789642333984375 0.0394363403320313 0.0507888793945313 0.0753326416015625
-0.0130481719970703 0.0317897796630859 0.126678466796875 0.0207366943359375
-0.00356101989746094 0.0257740020751953 0.197311401367187 -0.08050537109375
-0.00160884857177734 0.0132999420166016 0.251876831054687 -0.080108642578125
-0.141036987304688 -0.019775390625 0.192306518554688 0.0646820068359375
-0.0984573364257813 -0.0691986083984375 0.1260986328125 0.0607681274414062
-0.0930023193359375 -0.119468688964844 0.0181827545166016 0.0158176422119141
-0.0533370971679688 -0.135704040527344 -0.0366592407226563 -0.077606201171875
-0.018798828125 -0.152252197265625 -0.043487548828125 -0.2073974609375
-0.0484619140625 -0.154022216796875 -0.11053466796875 -0.30804443359375
-0.0986480712890625 -0.140716552734375 -0.2047119140625 -0.290069580078125
-0.0947265625 -0.115997314453125 -0.225967407226562 -0.189849853515625
-0.128273010253906 -0.075042724609375 -0.233840942382813 -0.0821075439453125
-0.125785827636719 -0.0321044921875 -0.1732177734375 0.00419616699218749
-0.111358642578125 0.00120544433593748 -0.0537872314453125 0.0742950439453125
-0.106361389160156 0.0479278564453125 0.0567474365234375 0.076690673828125
-0.114852905273438 0.036590576171875 0.126091003417969 0.0295562744140625
-0.100471496582031 0.0516281127929688 0.1976318359375 -0.06072998046875
-0.0971832275390625 0.0377960205078125 0.244613647460938 -0.067596435546875
-0.237274169921875 -0.0173797607421875 0.129913330078125 0.051177978515625
-0.194091796875 -0.0935516357421875 0.0727462768554687 0.0342025756835937
-0.20343017578125 -0.17950439453125 -0.00260925292968751 -0.0175552368164063
-0.141983032226562 -0.217025756835938 -0.0527496337890625 -0.0788497924804688
-0.0792999267578125 -0.2523193359375 -0.049346923828125 -0.170913696289063
-0.1124267578125 -0.26068115234375 -0.108749389648437 -0.244705200195313
-0.161483764648437 -0.23651123046875 -0.16802978515625 -0.21484375
-0.144134521484375 -0.206771850585938 -0.165283203125 -0.135040283203125
-0.203048706054688 -0.161041259765625 -0.17999267578125 -0.0596160888671875
-0.2041015625 -0.100082397460938 -0.137199401855469 0.0143966674804688
-0.198577880859375 -0.0493316650390625 -0.0328750610351563 0.0720977783203125
-0.204071044921875 0.0330047607421875 0.0628128051757812 0.079742431640625
-0.214431762695313 0.0172882080078125 0.119377136230469 0.0472488403320313
-0.196640014648438 0.05609130859375 0.180923461914062 -0.0242462158203125
-0.1846923828125 0.0463714599609375 0.208724975585938 -0.04949951171875
-0.2943115234375 0.00271606445312495 0.0438728332519531 0.0424842834472656
-0.260635375976563 -0.069488525390625 -0.000874519348144547 0.0147733688354492
-0.29595947265625 -0.161895751953125 -0.0368423461914063 -0.0446395874023438
-0.237640380859375 -0.220123291015625 -0.064300537109375 -0.074371337890625
-0.163742065429688 -0.279754638671875 -0.0396881103515625 -0.124351501464844
-0.187103271484375 -0.299957275390625 -0.076324462890625 -0.160491943359375
-0.21295166015625 -0.281768798828125 -0.0978546142578125 -0.121185302734375
-0.172714233398438 -0.267471313476563 -0.081634521484375 -0.0636672973632813
-0.24322509765625 -0.239273071289063 -0.099212646484375 -0.0196380615234375
-0.246917724609375 -0.182754516601562 -0.0775527954101563 0.0389480590820312
-0.256805419921875 -0.130661010742188 -7.62939453126676E-06 0.0752944946289062
-0.2816162109375 -0.021759033203125 0.0628890991210938 0.0843963623046875
-0.290618896484375 -0.0374145507812499 0.0962142944335937 0.0679855346679688
-0.27484130859375 0.026123046875 0.138343811035156 0.019256591796875
-0.251876831054688 0.0327606201171875 0.14251708984375 -0.027862548828125
-0.300262451171875 0.0255126953125001 -0.0485954284667969 0.0468482971191406
-0.273193359375 -0.0189819335937501 -0.0746994018554688 0.0175018310546875
-0.326629638671875 -0.095550537109375 -0.0718994140625 -0.051300048828125
-0.281158447265625 -0.15838623046875 -0.0641136169433594 -0.0648078918457031
-0.2171630859375 -0.235458374023437 -0.00856781005859376 -0.0847396850585938
-0.233856201171875 -0.269699096679688 -0.0100250244140625 -0.0850906372070313
-0.233840942382813 -0.27508544921875 -0.000150680541992203 -0.0334949493408203
-0.173614501953125 -0.286376953125 0.0142116546630859 0.0143976211547851
-0.2357177734375 -0.29168701171875 -0.00649642944335939 0.0459861755371093
-0.232635498046875 -0.259292602539063 -0.00449371337890627 0.0882949829101563
-0.251251220703125 -0.222076416015625 0.0392990112304687 0.0936203002929687
-0.3037109375 -0.108001708984375 0.0567550659179687 0.0876388549804687
-0.312042236328125 -0.120025634765625 0.0536651611328125 0.07476806640625
-0.312225341796875 -0.032379150390625 0.0664939880371093 0.0477027893066406
-0.281829833984375 0.00228881835937506 0.0509567260742187 -0.0177955627441406
-0.258743286132813 0.036895751953125 -0.129035949707031 0.0655746459960937
-0.232833862304687 0.0208740234375 -0.131202697753906 0.040191650390625
-0.283355712890625 -0.03375244140625 -0.09381103515625 -0.0411758422851563
-0.253005981445312 -0.0872039794921875 -0.0550041198730469 -0.0574722290039063
-0.206802368164062 -0.15948486328125 0.0285911560058594 -0.0618934631347656
-0.224777221679688 -0.202072143554688 0.0693550109863281 -0.0369300842285156
-0.212753295898438 -0.22869873046875 0.104629516601562 0.0320510864257812
-0.147216796875 -0.261474609375 0.10626220703125 0.0904617309570312
-0.18572998046875 -0.29730224609375 0.0803756713867187 0.131362915039062
-0.16583251953125 -0.28900146484375 0.058563232421875 0.164169311523437
-0.179733276367187 -0.276229858398438 0.0704574584960937 0.129783630371094
-0.248428344726562 -0.181808471679688 0.0467147827148437 0.0844497680664063
-0.260604858398438 -0.188873291015625 0.00498199462890623 0.0532302856445312
-0.2867431640625 -0.0916748046875 -0.0176353454589844 0.0401649475097656
-0.2645263671875 -0.0305023193359375 -0.0480499267578125 -0.027496337890625
-0.182571411132813 0.028717041015625 -0.187942504882813 0.08575439453125
-0.161849975585938 0.0313568115234375 -0.165313720703125 0.0657806396484375
-0.19561767578125 -0.00431823730468754 -0.100021362304688 -0.0260467529296875
-0.174896240234375 -0.0409088134765625 -0.0451011657714844 -0.0547256469726563
-0.146331787109375 -0.09234619140625 0.057037353515625 -0.0549125671386719
-0.164871215820312 -0.128570556640625 0.137252807617187 -0.0155258178710938
-0.150466918945313 -0.160903930664063 0.194046020507813 0.0713043212890625
-0.100555419921875 -0.1962890625 0.182861328125 0.153152465820312
-0.114334106445312 -0.24249267578125 0.144332885742188 0.221832275390625
-0.0829315185546875 -0.245010375976562 0.0913238525390625 0.249053955078125
-0.0836334228515625 -0.24652099609375 0.07989501953125 0.173385620117187
-0.147720336914062 -0.18914794921875 0.03759765625 0.0776824951171875
-0.163116455078125 -0.192245483398437 -0.0289535522460938 0.00967407226562498
-0.20782470703125 -0.111343383789062 -0.0884780883789063 0.00150299072265626
-0.201858520507813 -0.044830322265625 -0.135894775390625 -0.0492706298828125
-0.0876083374023438 0.00195312500000001 -0.22406005859375 0.099578857421875
-0.0793685913085937 0.0124130249023438 -0.18499755859375 0.0801849365234375
-0.0939865112304688 -0.00928497314453125 -0.100845336914062 -0.0161285400390625
-0.078369140625 -0.0242538452148437 -0.0403671264648438 -0.05780029296875
-0.0612449645996094 -0.0477218627929687 0.0701179504394531 -0.0539283752441406
-0.073089599609375 -0.0684738159179688 0.17730712890625 -0.009124755859375
-0.062652587890625 -0.0839309692382813 0.249191284179688 0.092254638671875
-0.0406646728515625 -0.099395751953125 0.230117797851563 0.195892333984375
-0.041900634765625 -0.134201049804688 0.177398681640625 0.291351318359375
-0.022369384765625 -0.132560729980469 0.097137451171875 0.312591552734375
-0.0180511474609375 -0.138778686523438 0.072723388671875 0.205947875976562
-0.0588531494140625 -0.117973327636719 0.0343017578125 0.0704803466796875
-0.0691909790039063 -0.119903564453125 -0.0378227233886719 -0.03155517578125
-0.10284423828125 -0.0731582641601563 -0.12701416015625 -0.0448455810546875
-0.105743408203125 -0.03546142578125 -0.194961547851563 -0.0735015869140625
-0.0231494903564453 -0.0016326904296875 0.2210693359375 0.0436859130859375
0.00145578384399414 -0.00570487976074219 0.156143188476563 0.049652099609375
-4.29153442382814E-05 -0.00877952575683594 0.0303478240966797 0.0250873565673828
-0.00100517272949219 -0.0082402229309082 -0.0245513916015625 -0.07952880859375
-0.00298118591308594 -0.0152263641357422 -0.0518951416015625 -0.224044799804688
-0.0112953186035156 -0.00760555267333984 -0.126861572265625 -0.320526123046875
-0.0354957580566406 -0.0111198425292969 -0.236541748046875 -0.30255126953125
-0.0334987640380859 -0.00589179992675781 -0.264678955078125 -0.1954345703125
-0.0348663330078125 0.0148754119873047 -0.262710571289063 -0.068023681640625
-0.0302581787109375 0.0217952728271484 -0.18817138671875 0.0149688720703125
-0.0152320861816406 0.0296306610107422 -0.0618133544921875 0.08148193359375
-0.004364013671875 0.0388526916503906 0.0530471801757813 0.0704498291015625
-0.00963211059570313 0.0325222015380859 0.124282836914063 0.0126495361328125
-0.00169181823730469 0.0265026092529297 0.185989379882813 -0.0905609130859375
-0.00219154357910156 0.0146331787109375 0.243942260742188 -0.0895538330078125
-0.140251159667969 -0.00497436523437498 0.193572998046875 0.0409088134765625
-0.103347778320313 -0.0599517822265625 0.130088806152344 0.0439071655273437
-0.101005554199219 -0.111625671386719 0.0230026245117187 0.0100002288818359
-0.0631866455078125 -0.129989624023438 -0.0365829467773438 -0.0767364501953125
-0.0320587158203125 -0.150604248046875 -0.0536346435546875 -0.204421997070313
-0.0611572265625 -0.148574829101562 -0.13055419921875 -0.295623779296875
-0.109329223632813 -0.131103515625 -0.221954345703125 -0.267303466796875
-0.102828979492188 -0.107391357421875 -0.234817504882813 -0.166290283203125
-0.134208679199219 -0.063751220703125 -0.2392578125 -0.0590972900390625
-0.127449035644531 -0.0225448608398437 -0.17681884765625 0.01873779296875
-0.110626220703125 0.00939178466796874 -0.0521926879882813 0.0773696899414063
-0.10076904296875 0.0562973022460938 0.0598678588867187 0.072052001953125
-0.110404968261719 0.0472564697265625 0.124649047851563 0.0223464965820313
-0.0946121215820313 0.06060791015625 0.18792724609375 -0.0698699951171875
-0.09454345703125 0.0463333129882813 0.238906860351563 -0.0773773193359375
-0.235107421875 0.00524902343749996 0.131797790527344 0.032440185546875
-0.199859619140625 -0.075469970703125 0.0764236450195312 0.0223007202148437
-0.214080810546875 -0.160202026367188 0.000144958496093738 -0.0212554931640625
-0.157516479492188 -0.20220947265625 -0.0524368286132813 -0.076751708984375
-0.09942626953125 -0.244491577148437 -0.0562896728515625 -0.168106079101563
-0.13311767578125 -0.249725341796875 -0.123275756835937 -0.2333984375
-0.179641723632813 -0.219818115234375 -0.1787109375 -0.19622802734375
-0.159011840820312 -0.19427490234375 -0.170700073242188 -0.117965698242187
-0.215499877929688 -0.142196655273437 -0.183685302734375 -0.041595458984375
-0.210906982421875 -0.083251953125 -0.139183044433594 0.02655029296875
-0.201278686523438 -0.0336761474609375 -0.0313873291015625 0.07415771484375
-0.19842529296875 0.0499725341796875 0.0652236938476562 0.0753555297851563
-0.209014892578125 0.0372161865234375 0.119911193847656 0.0415573120117188
-0.188201904296875 0.07391357421875 0.175308227539063 -0.03192138671875
-0.180557250976562 0.0621185302734375 0.205032348632813 -0.055938720703125
-0.28936767578125 0.0287780761718749 0.0460281372070312 0.0306663513183594
-0.261917114257812 -0.0458374023437501 0.0025968551635742 0.00893115997314453
-0.30450439453125 -0.133544921875 -0.0370025634765625 -0.04473876953125
-0.25164794921875 -0.196533203125 -0.06298828125 -0.0717086791992188
-0.185379028320312 -0.264190673828125 -0.0424957275390625 -0.122665405273438
-0.209808349609375 -0.2816162109375 -0.084930419921875 -0.152801513671875
-0.23388671875 -0.259994506835938 -0.101707458496094 -0.109947204589844
-0.191162109375 -0.250579833984375 -0.0823135375976563 -0.0553207397460938
-0.260421752929688 -0.215179443359375 -0.101264953613281 -0.00837707519531253
-0.259246826171875 -0.16192626953125 -0.0770034790039063 0.046417236328125
-0.263885498046875 -0.108734130859375 0.00258636474609373 0.0757293701171875
-0.278579711914063 0.00311279296875001 0.0662078857421875 0.0809402465820313
-0.288970947265625 -0.0104980468749999 0.099212646484375 0.06439208984375
-0.268600463867188 0.0509796142578126 0.138023376464844 0.0151596069335938
-0.248291015625 0.0549774169921875 0.140388488769531 -0.029754638671875
-0.293243408203125 0.052459716796875 -0.0445518493652344 0.0423126220703125
-0.2698974609375 0.00444030761718752 -0.0702857971191406 0.0181617736816406
-0.328125 -0.06500244140625 -0.0728302001953125 -0.0475387573242188
-0.2899169921875 -0.1318359375 -0.0629653930664063 -0.0614891052246094
-0.233673095703125 -0.215438842773438 -0.00901031494140626 -0.0847244262695313
-0.253204345703125 -0.248336791992188 -0.0125808715820313 -0.0836257934570313
-0.25390625 -0.251022338867188 0.00139999389648436 -0.031850814819336
-0.19287109375 -0.2685546875 0.0171318054199219 0.0135021209716797
-0.257308959960937 -0.267608642578125 -0.00428009033203126 0.0471649169921875
-0.251907348632813 -0.23779296875 0.000305175781249978 0.089263916015625
-0.266891479492188 -0.19964599609375 0.0428390502929687 0.091552734375
-0.307220458984375 -0.080596923828125 0.059600830078125 0.0857772827148438
-0.317230224609375 -0.090118408203125 0.0572509765625 0.0766372680664062
-0.309783935546875 -0.00415039062500001 0.0698890686035156 0.0489311218261719
-0.279617309570313 0.0262603759765625 0.050994873046875 -0.0119209289550781
-0.25048828125 0.05999755859375 -0.122833251953125 0.0672454833984375
-0.226333618164062 0.0398712158203125 -0.123580932617188 0.04498291015625
-0.279434204101563 -0.00692749023437504 -0.0936660766601563 -0.0356292724609375
-0.255096435546875 -0.0640106201171875 -0.0543670654296875 -0.05413818359375
-0.2166748046875 -0.141021728515625 0.0289230346679687 -0.0653152465820313
-0.23748779296875 -0.181198120117188 0.0694427490234375 -0.042022705078125
-0.228790283203125 -0.206634521484375 0.108970642089844 0.0225372314453125
-0.1646728515625 -0.246109008789063 0.113075256347656 0.0797653198242188
-0.207977294921875 -0.276397705078125 0.0875167846679687 0.124198913574219
-0.187942504882812 -0.273269653320313 0.068328857421875 0.159072875976562
-0.200149536132813 -0.258514404296875 0.0772781372070312 0.125465393066406
-0.2591552734375 -0.15887451171875 0.0490341186523437 0.0845947265625
-0.2724609375 -0.163345336914063 0.00675964355468749 0.0595245361328125
-0.290283203125 -0.066131591796875 -0.0135421752929688 0.0485382080078125
-0.2645263671875 -0.00778198242187501 -0.0481834411621094 -0.0135688781738281
-0.176361083984375 0.044708251953125 -0.17913818359375 0.0920562744140625
-0.15545654296875 0.0444488525390625 -0.155166625976563 0.0731658935546875
-0.191375732421875 0.0140838623046875 -0.09881591796875 -0.0205001831054687
-0.174270629882813 -0.0247802734375 -0.0441780090332031 -0.0520782470703125
-0.150955200195313 -0.079833984375 0.0572929382324219 -0.0592842102050781
-0.171310424804687 -0.1136474609375 0.137809753417969 -0.0268325805664063
-0.162307739257813 -0.144744873046875 0.199249267578125 0.052978515625
-0.11328125 -0.184539794921875 0.192169189453125 0.134384155273438
-0.1322021484375 -0.228805541992187 0.157241821289063 0.207626342773437
-0.101333618164063 -0.235748291015625 0.108489990234375 0.23974609375
-0.101669311523438 -0.237136840820313 0.0896148681640625 0.168701171875
-0.160552978515625 -0.174407958984375 0.0389404296875 0.0787429809570312
-0.1768798828125 -0.175323486328125 -0.0308990478515625 0.0196208953857422
-0.213363647460938 -0.0920257568359375 -0.0862197875976563 0.015838623046875
-0.202651977539063 -0.0281982421875 -0.13653564453125 -0.0287628173828125
-0.0853271484375 0.00967407226562499 -0.214553833007813 0.107833862304687
-0.0764617919921875 0.0179824829101563 -0.174163818359375 0.0876007080078125
-0.0925445556640625 -0.000114440917968755 -0.0988998413085938 -0.0105361938476562
-0.0788726806640625 -0.0172958374023437 -0.0409927368164063 -0.0550422668457031
-0.0630950927734375 -0.0423965454101562 0.0697250366210938 -0.0593948364257813
-0.0767822265625 -0.0610809326171875 0.178512573242188 -0.0235443115234375
-0.0679244995117188 -0.076812744140625 0.255172729492188 0.0675506591796875
-0.047454833984375 -0.0942535400390625 0.24139404296875 0.171875
-0.0518646240234375 -0.1278076171875 0.196868896484375 0.27264404296875
-0.0314407348632812 -0.129554748535156 0.118896484375 0.301239013671875
-0.0280990600585938 -0.134857177734375 0.085113525390625 0.201934814453125
-0.0659637451171875 -0.1103515625 0.034637451171875 0.0725631713867188
-0.0780487060546875 -0.112144470214844 -0.0431022644042969 -0.0212860107421875
-0.107452392578125 -0.0638961791992188 -0.128952026367187 -0.026458740234375
-0.106391906738281 -0.0267562866210938 -0.196884155273437 -0.0485992431640625
-0.0214500427246094 0.00125694274902344 0.213790893554688 0.02093505859375
0.00146722793579102 -0.00556707382202148 0.15313720703125 0.03302001953125
-0.000161170959472656 -0.00933551788330078 0.0341262817382813 0.0180835723876953
-0.00167322158813477 -0.0082850456237793 -0.0232925415039062 -0.0796127319335938
-0.00420761108398438 -0.0147342681884766 -0.0589752197265625 -0.21710205078125
-0.0123090744018555 -0.0074615478515625 -0.137908935546875 -0.304779052734375
-0.0362091064453125 -0.00966644287109375 -0.24365234375 -0.277786254882813
-0.0339775085449219 -0.00504112243652344 -0.265640258789063 -0.170059204101563
-0.0338611602783203 0.0150604248046875 -0.259307861328125 -0.0481414794921875
-0.0290145874023437 0.0224666595458984 -0.186050415039063 0.0269775390625
-0.0142116546630859 0.0282649993896484 -0.0599746704101563 0.0829315185546875
-0.002655029296875 0.0371017456054688 0.0521430969238281 0.06561279296875
-0.00655364990234375 0.0324211120605469 0.117912292480469 0.0068206787109375
-0.000419616699218751 0.0266857147216797 0.1727294921875 -0.0925140380859375
-0.00222301483154297 0.0159435272216797 0.234344482421875 -0.0930023193359375
-0.135055541992188 0.00508117675781249 0.18743896484375 0.0201873779296875
-0.103828430175781 -0.051116943359375 0.129249572753906 0.02923583984375
-0.104179382324219 -0.102806091308594 0.0260467529296875 0.00345993041992187
-0.06866455078125 -0.122123718261719 -0.0344467163085938 -0.0768966674804688
-0.040924072265625 -0.144561767578125 -0.0588226318359375 -0.198699951171875
-0.0697021484375 -0.141448974609375 -0.139938354492187 -0.279632568359375
-0.114326477050781 -0.120376586914063 -0.226593017578125 -0.243133544921875
-0.106666564941406 -0.0999221801757813 -0.23358154296875 -0.14520263671875
-0.135711669921875 -0.0530929565429687 -0.2357177734375 -0.0402984619140625
-0.125473022460938 -0.0142745971679688 -0.173370361328125 0.0308380126953125
-0.107864379882813 0.0146713256835938 -0.0503158569335938 0.079071044921875
-0.09320068359375 0.0604934692382813 0.0595321655273437 0.0674362182617188
-0.102203369140625 0.0534439086914062 0.120193481445312 0.0170059204101563
-0.0873260498046875 0.0660934448242188 0.177017211914063 -0.0728912353515625
-0.0894546508789063 0.052947998046875 0.230194091796875 -0.08056640625
-0.225173950195313 0.0216522216796875 0.127967834472656 0.0160903930664063
-0.197052001953125 -0.0602569580078125 0.0764846801757812 0.0114669799804687
-0.216751098632812 -0.141189575195313 0.00159454345703124 -0.0243148803710938
-0.163543701171875 -0.18634033203125 -0.0495071411132813 -0.0750885009765625
-0.112030029296875 -0.232452392578125 -0.0585784912109375 -0.1627197265625
-0.145278930664063 -0.233612060546875 -0.129867553710938 -0.21917724609375
-0.187240600585938 -0.200576782226563 -0.180816650390625 -0.17718505859375
-0.164703369140625 -0.178848266601563 -0.168182373046875 -0.102371215820313
-0.218368530273438 -0.123214721679687 -0.180633544921875 -0.0266265869140625
-0.209579467773438 -0.0678558349609375 -0.136367797851563 0.0366668701171875
-0.197052001953125 -0.0211639404296875 -0.0299606323242188 0.0751190185546875
-0.1873779296875 0.061492919921875 0.0651473999023438 0.0710830688476563
-0.198257446289062 0.0501861572265625 0.11724853515625 0.0366744995117188
-0.176498413085938 0.0849609375 0.167449951171875 -0.0347900390625
-0.172103881835937 0.0738983154296875 0.198348999023437 -0.057525634765625
-0.275848388671875 0.0484619140625 0.0450859069824219 0.0191192626953125
-0.254470825195313 -0.027862548828125 0.00444412231445311 0.00276708602905273
-0.30145263671875 -0.10931396484375 -0.0361518859863282 -0.0448112487792969
-0.254119873046875 -0.1748046875 -0.0597686767578125 -0.0693511962890625
-0.195693969726562 -0.246429443359375 -0.0424652099609375 -0.119430541992187
-0.221603393554688 -0.26043701171875 -0.087493896484375 -0.142868041992188
-0.242080688476563 -0.235626220703125 -0.100349426269531 -0.0984878540039063
-0.198822021484375 -0.23199462890625 -0.0791168212890625 -0.0483779907226563
-0.265869140625 -0.190887451171875 -0.0992889404296875 0.000282287597656226
-0.26116943359375 -0.141372680664062 -0.0741195678710938 0.052032470703125
-0.262405395507813 -0.0899963378906251 0.00293731689453123 0.0749282836914063
-0.26708984375 0.02093505859375 0.0656509399414062 0.0771484375
-0.278976440429688 0.00959777832031245 0.0986785888671875 0.0616912841796875
-0.254241943359375 0.0684661865234375 0.135246276855469 0.0134353637695313
-0.237823486328125 0.0701141357421875 0.137847900390625 -0.0284805297851563
-0.277633666992188 0.0716400146484375 -0.0418052673339844 0.0354804992675781
-0.258544921875 0.0216217041015625 -0.0650405883789063 0.0160675048828125
-0.31976318359375 -0.041259765625 -0.0708999633789063 -0.045013427734375
-0.286529541015625 -0.10931396484375 -0.0592842102050782 -0.0599784851074219
-0.2392578125 -0.19561767578125 -0.00709533691406251 -0.0846939086914063
-0.2596435546875 -0.22503662109375 -0.0130996704101563 -0.0800399780273438
-0.260330200195313 -0.225448608398437 0.00348854064941405 -0.0306167602539063
-0.201629638671875 -0.249130249023438 0.0198917388916015 0.0114269256591797
-0.266448974609375 -0.240402221679688 -0.00241088867187502 0.0480575561523437
-0.259567260742188 -0.216720581054688 0.00328826904296873 0.0886611938476562
-0.271026611328125 -0.178253173828125 0.0438156127929687 0.0882110595703125
-0.300018310546875 -0.0579833984375 0.060028076171875 0.0829086303710938
-0.311492919921875 -0.066162109375 0.0585556030273437 0.0767135620117188
-0.297698974609375 0.016998291015625 0.07177734375 0.0501708984375
-0.270339965820313 0.0439605712890625 0.0520095825195312 -0.00568008422851562
-0.236984252929688 0.075439453125 -0.116195678710938 0.0638198852539063
-0.214752197265625 0.05279541015625 -0.115287780761719 0.0451736450195312
-0.26885986328125 0.01165771484375 -0.090789794921875 -0.0316314697265625
-0.248611450195313 -0.0453643798828125 -0.0508155822753906 -0.0524749755859375
-0.217926025390625 -0.123916625976563 0.0297775268554687 -0.0668678283691407
-0.239700317382813 -0.160354614257813 0.0681343078613281 -0.0460777282714844
-0.233123779296875 -0.18475341796875 0.110443115234375 0.0137786865234375
-0.172683715820312 -0.228134155273438 0.114524841308594 0.0691757202148438
-0.219253540039063 -0.252914428710938 0.0906448364257812 0.116508483886719
-0.199005126953125 -0.253753662109375 0.0740509033203125 0.15142822265625
-0.20953369140625 -0.239181518554687 0.0792770385742187 0.119384765625
-0.25921630859375 -0.137054443359375 0.049346923828125 0.0834732055664062
-0.272811889648438 -0.13995361328125 0.00907516479492186 0.0643081665039062
-0.28326416015625 -0.044586181640625 -0.00890731811523439 0.0550575256347656
-0.257095336914063 0.00958251953124996 -0.0444068908691406 -0.000919342041015621
-0.165756225585938 0.05517578125 -0.1693115234375 0.0911712646484375
-0.145904541015625 0.0516510009765625 -0.144622802734375 0.07330322265625
-0.1824951171875 0.0267486572265625 -0.0952377319335938 -0.0165023803710937
-0.168411254882813 -0.01251220703125 -0.041717529296875 -0.0506019592285156
-0.149627685546875 -0.0689544677734375 0.0575599670410156 -0.0621261596679688
-0.171142578125 -0.09967041015625 0.135086059570312 -0.0354156494140625
-0.164749145507813 -0.12847900390625 0.197906494140625 0.0370025634765625
-0.118682861328125 -0.1717529296875 0.192550659179688 0.117202758789063
-0.1422119140625 -0.211074829101563 0.162704467773438 0.191009521484375
-0.112960815429688 -0.222640991210938 0.116775512695313 0.226638793945312
-0.111984252929687 -0.22344970703125 0.0949554443359375 0.161483764648438
-0.164199829101562 -0.158981323242188 0.039306640625 0.0790863037109375
-0.181259155273438 -0.157882690429687 -0.0306816101074219 0.0283718109130859
-0.211822509765625 -0.0750274658203125 -0.0811996459960938 0.0279541015625
-0.197708129882813 -0.0154571533203125 -0.131385803222656 -0.0101394653320312
-0.0809478759765625 0.0152969360351563 -0.202728271484375 0.10870361328125
-0.0721588134765625 0.0216598510742188 -0.16162109375 0.0891876220703125
-0.0880279541015625 0.00618743896484375 -0.0952224731445313 -0.00774383544921874
-0.076171875 -0.0118637084960938 -0.0392990112304687 -0.0533332824707031
-0.0625381469726562 -0.03778076171875 0.0686759948730469 -0.0625076293945312
-0.0770339965820313 -0.0545501708984375 0.174041748046875 -0.03485107421875
-0.0702476501464844 -0.0692710876464843 0.251861572265625 0.046539306640625
-0.0495071411132813 -0.0874862670898437 0.2412109375 0.1480712890625
-0.0567855834960938 -0.119491577148438 0.204818725585937 0.250503540039063
-0.0383224487304688 -0.123451232910156 0.130889892578125 0.28662109375
-0.03436279296875 -0.128654479980469 0.0919189453125 0.194488525390625
-0.0704116821289063 -0.10198974609375 0.0344696044921875 0.0732498168945313
-0.0819015502929687 -0.102813720703125 -0.0455474853515625 -0.0109596252441406
-0.106376647949219 -0.05474853515625 -0.124702453613281 -0.0117874145507812
-0.103813171386719 -0.0197830200195312 -0.190780639648437 -0.0260467529296875
-0.0202484130859375 0.00258255004882813 0.204559326171875 0.00579833984375
0.000530719757080078 -0.00538825988769531 0.148834228515625 0.0206756591796875
-0.000908851623535156 -0.00987625122070313 0.0364723205566406 0.0109901428222656
-0.00182151794433594 -0.00885868072509766 -0.02069091796875 -0.0817718505859375
-0.00562953948974609 -0.0139942169189453 -0.06011962890625 -0.211776733398438
-0.0127801895141602 -0.00738334655761718 -0.139404296875 -0.292572021484375
-0.0354385375976563 -0.00969696044921875 -0.241973876953125 -0.259262084960938
-0.0344562530517578 -0.00469207763671876 -0.25909423828125 -0.153717041015625
-0.0339794158935547 0.0152778625488281 -0.25238037109375 -0.0345458984375
-0.0281181335449219 0.0222301483154297 -0.184036254882813 0.0347747802734375
-0.0144615173339844 0.0271949768066406 -0.060516357421875 0.0832901000976562
-0.00243949890136719 0.0350704193115234 0.0500106811523437 0.0630836486816406
-0.00530624389648437 0.0320930480957031 0.112571716308594 0.0060882568359375
6.29425048828146E-05 0.0271034240722656 0.1634521484375 -0.0894012451171875
-0.00249767303466797 0.0168724060058594 0.229537963867188 -0.0903167724609375
-0.129341125488281 0.0114822387695312 0.178604125976563 0.0056304931640625
-0.101585388183594 -0.0454635620117187 0.1251220703125 0.018524169921875
-0.104347229003906 -0.095977783203125 0.028228759765625 -0.00209617614746094
-0.06988525390625 -0.116432189941406 -0.0311660766601563 -0.078094482421875
-0.0448455810546875 -0.139694213867188 -0.0582733154296875 -0.19439697265625
-0.0727996826171875 -0.134666442871094 -0.141021728515625 -0.268585205078125
-0.115318298339844 -0.112869262695313 -0.223724365234375 -0.226577758789062
-0.107368469238281 -0.0937881469726563 -0.22601318359375 -0.131195068359375
-0.133628845214844 -0.0463638305664062 -0.228683471679688 -0.0281219482421875
-0.122756958007813 -0.0102996826171875 -0.171051025390625 0.0381927490234375
-0.104942321777344 0.0171737670898438 -0.0511474609375 0.0796356201171875
-0.0878372192382813 0.0612564086914063 0.0570030212402344 0.0647239685058594
-0.0959854125976563 0.0556640625 0.114906311035156 0.0161895751953125
-0.0817184448242188 0.0687255859375 0.168930053710938 -0.069854736328125
-0.085296630859375 0.0563507080078125 0.225433349609375 -0.078125
-0.21551513671875 0.0302581787109375 0.121124267578125 0.00341033935546875
-0.192001342773438 -0.05096435546875 0.0745620727539062 0.00313568115234375
-0.214080810546875 -0.129837036132813 0.0027332305908203 -0.0286903381347656
-0.1636962890625 -0.1748046875 -0.0446014404296875 -0.075897216796875
-0.116790771484375 -0.22222900390625 -0.0565643310546875 -0.159713745117188
-0.149063110351562 -0.222366333007813 -0.128890991210938 -0.208648681640625
-0.188278198242187 -0.187515258789063 -0.175491333007812 -0.16400146484375
-0.16558837890625 -0.168441772460937 -0.161727905273438 -0.093109130859375
-0.215744018554687 -0.110763549804688 -0.1751708984375 -0.0168304443359375
-0.205947875976563 -0.0587158203125 -0.1341552734375 0.04266357421875
-0.192062377929688 -0.01458740234375 -0.0307769775390625 0.0746383666992188
-0.1776123046875 0.066162109375 0.0624542236328125 0.0684700012207031
-0.188491821289063 0.057373046875 0.113456726074219 0.0362319946289063
-0.165695190429687 0.0904541015625 0.162017822265625 -0.032745361328125
-0.16485595703125 0.07958984375 0.1953125 -0.0542449951171875
-0.262969970703125 0.0583953857421875 0.0415306091308594 0.00847244262695313
-0.24627685546875 -0.017669677734375 0.00534915924072264 -0.00299406051635742
-0.29473876953125 -0.0953979492187501 -0.034149169921875 -0.0465507507324219
-0.250274658203125 -0.160202026367187 -0.0547103881835938 -0.0700035095214844
-0.198272705078125 -0.232528686523438 -0.0396728515625 -0.118316650390625
-0.223602294921875 -0.245040893554688 -0.0853195190429688 -0.136238098144531
-0.241165161132813 -0.218551635742187 -0.0951614379882813 -0.0916595458984375
-0.198867797851562 -0.217864990234375 -0.0751724243164063 -0.044708251953125
-0.263717651367188 -0.173248291015625 -0.095855712890625 0.00559997558593751
-0.259307861328125 -0.128097534179688 -0.0727691650390625 0.0552215576171875
-0.2574462890625 -0.0788726806640625 0.00225067138671874 0.0737533569335938
-0.255447387695313 0.0298309326171876 0.0636138916015625 0.0754470825195313
-0.26873779296875 0.0208740234375 0.0971145629882812 0.0622329711914063
-0.242355346679687 0.076904296875 0.132514953613281 0.0148773193359375
-0.228103637695313 0.0783233642578124 0.137504577636719 -0.02337646484375
-0.263763427734375 0.0808258056640625 -0.0417594909667969 0.0272560119628906
-0.247421264648438 0.0295562744140625 -0.0609512329101563 0.0109481811523438
-0.30816650390625 -0.0277099609375 -0.0687332153320313 -0.0451126098632812
-0.279449462890625 -0.0953369140625 -0.0549736022949219 -0.0594558715820313
-0.237564086914063 -0.181900024414063 -0.00473022460937501 -0.0854110717773438
-0.2589111328125 -0.209197998046875 -0.011474609375 -0.0777816772460938
-0.258010864257813 -0.207626342773438 0.0069141387939453 -0.0305366516113281
-0.201324462890625 -0.234466552734375 0.0211238861083984 0.0094013214111328
-0.265625 -0.2210693359375 -0.00138092041015626 0.0485763549804687
-0.259246826171875 -0.20074462890625 0.00415039062499998 0.08807373046875
-0.268386840820313 -0.16448974609375 0.0428390502929687 0.0859375
-0.290985107421875 -0.04608154296875 0.0579986572265625 0.0817337036132812
-0.30230712890625 -0.0513916015625 0.0591888427734375 0.0784683227539063
-0.2861328125 0.027862548828125 0.0734481811523437 0.0535964965820313
-0.260406494140625 0.0535430908203126 0.0549507141113281 0.00164031982421875
-0.224212646484375 0.0825958251953125 -0.11285400390625 0.0578155517578125
-0.20361328125 0.0581207275390625 -0.109031677246094 0.0404205322265625
-0.257095336914063 0.0226898193359375 -0.0877151489257813 -0.030670166015625
-0.240524291992188 -0.0347137451171875 -0.0466995239257813 -0.05230712890625
-0.214553833007813 -0.114089965820313 0.0323066711425781 -0.0686416625976563
-0.236190795898438 -0.147598266601562 0.0688629150390625 -0.047576904296875
-0.230209350585938 -0.1683349609375 0.109939575195312 0.00819396972656249
-0.17236328125 -0.215087890625 0.113227844238281 0.0619354248046875
-0.219680786132813 -0.234893798828125 0.0904769897460937 0.111259460449219
-0.2030029296875 -0.239822387695313 0.074554443359375 0.145660400390625
-0.21026611328125 -0.225738525390625 0.0784683227539062 0.115386962890625
-0.253128051757813 -0.123382568359375 0.0479278564453125 0.0833206176757812
-0.267959594726563 -0.125015258789062 0.0101394653320312 0.0690040588378906
-0.27484130859375 -0.0319366455078126 -0.00455856323242189 0.0601539611816406
-0.24932861328125 0.0184478759765625 -0.0378303527832031 0.00925064086914063
-0.157119750976563 0.0601806640625 -0.164093017578125 0.085784912109375
-0.137596130371094 0.0542221069335938 -0.136238098144531 0.0684356689453125
-0.17279052734375 0.0331268310546875 -0.0916824340820313 -0.0155258178710938
-0.161407470703125 -0.00570678710937503 -0.0386848449707031 -0.0505180358886719
-0.14678955078125 -0.0620574951171875 0.0581588745117187 -0.0641441345214844
-0.167984008789063 -0.09051513671875 0.133651733398438 -0.039794921875
-0.162109375 -0.117340087890625 0.194122314453125 0.0266265869140625
-0.119277954101563 -0.161956787109375 0.18829345703125 0.104751586914063
-0.143936157226563 -0.198394775390625 0.161590576171875 0.179794311523438
-0.117080688476562 -0.2122802734375 0.117950439453125 0.216629028320313
-0.115234375 -0.213043212890625 0.0945281982421875 0.156112670898438
-0.162750244140625 -0.147216796875 0.0377731323242187 0.080657958984375
-0.17987060546875 -0.146194458007813 -0.0293731689453125 0.0356483459472656
-0.206375122070313 -0.0653533935546875 -0.0754852294921875 0.0364532470703125
-0.191848754882813 -0.00796508789062497 -0.123077392578125 0.00304412841796875
-0.0768814086914063 0.0177993774414063 -0.1968994140625 0.103302001953125
-0.0684051513671875 0.0224456787109375 -0.153045654296875 0.08441162109375
-0.0830535888671875 0.00940704345703125 -0.0913619995117188 -0.0068817138671875
-0.0728378295898438 -0.00899505615234376 -0.0363960266113281 -0.0524063110351563
-0.0612258911132813 -0.0351715087890625 0.0682640075683594 -0.0642280578613281
-0.0749740600585938 -0.0507583618164063 0.17034912109375 -0.0413055419921875
-0.0686225891113281 -0.0638809204101563 0.245925903320313 0.03338623046875
-0.0495452880859375 -0.0825729370117187 0.235076904296875 0.133148193359375
-0.0582199096679687 -0.112869262695313 0.203323364257813 0.234634399414063
-0.0405349731445313 -0.11810302734375 0.133804321289063 0.27362060546875
-0.0350494384765625 -0.122573852539063 0.0929107666015625 0.189071655273437
-0.06988525390625 -0.09600830078125 0.032989501953125 0.0758514404296875
-0.0821456909179688 -0.096099853515625 -0.0452499389648438 -0.00165557861328125
-0.104293823242188 -0.0498733520507812 -0.118812561035156 -0.00112915039062501
-0.100532531738281 -0.0163192749023438 -0.181304931640625 -0.0108642578125
-0.0185413360595703 0.0035247802734375 0.197219848632813 -0.0051116943359375
0.00061798095703125 -0.00479364395141601 0.146041870117187 0.0127716064453125
-0.00133037567138672 -0.0108585357666016 0.0387115478515625 0.00476455688476563
-0.00221443176269531 -0.00901985168457031 -0.0174942016601562 -0.0862808227539063
-0.00585746765136719 -0.0142240524291992 -0.0580902099609375 -0.213485717773438
-0.0137319564819336 -0.00754451751708985 -0.13848876953125 -0.289337158203125
-0.0354957580566406 -0.00963592529296874 -0.23919677734375 -0.250885009765625
-0.0352745056152344 -0.00497817993164063 -0.254608154296875 -0.145721435546875
-0.0352287292480469 0.0149269104003906 -0.249237060546875 -0.0281524658203125
-0.0284175872802734 0.0221652984619141 -0.185562133789062 0.0395355224609375
-0.0157337188720703 0.0266094207763672 -0.0634384155273438 0.084869384765625
-0.00239181518554688 0.0342979431152344 0.0476608276367188 0.062713623046875
-0.00412940979003906 0.0310897827148438 0.10882568359375 0.00733184814453125
-0.00010871887207031 0.0279102325439453 0.159896850585938 -0.084503173828125
-0.00243568420410156 0.0182361602783203 0.230926513671875 -0.085540771484375
-0.125518798828125 0.0144271850585937 0.172698974609375 -0.0048065185546875
-0.100395202636719 -0.0430450439453125 0.123565673828125 0.00983428955078125
-0.104393005371094 -0.0941238403320313 0.0293846130371094 -0.00831985473632813
-0.0707626342773438 -0.114479064941406 -0.0266876220703125 -0.0820465087890625
-0.04718017578125 -0.138229370117188 -0.0550537109375 -0.196029663085938
-0.0750579833984375 -0.132102966308594 -0.139694213867187 -0.26470947265625
-0.115745544433594 -0.109519958496094 -0.218902587890625 -0.219436645507813
-0.107940673828125 -0.0912551879882812 -0.220565795898438 -0.124969482421875
-0.134407043457031 -0.0431594848632812 -0.225311279296875 -0.0222625732421875
-0.122428894042969 -0.00817871093750002 -0.171478271484375 0.04351806640625
-0.104316711425781 0.0173721313476562 -0.0536651611328125 0.081146240234375
-0.0850601196289062 0.0623321533203125 0.0540008544921875 0.0641517639160156
-0.0934219360351562 0.057220458984375 0.111717224121094 0.0177459716796875
-0.0782470703125 0.0708160400390625 0.16552734375 -0.065643310546875
-0.0840377807617188 0.0591659545898438 0.227279663085938 -0.07269287109375
-0.21002197265625 0.0350494384765625 0.116004943847656 -0.0061798095703125
-0.18902587890625 -0.04718017578125 0.0732803344726562 -0.00396728515625
-0.2127685546875 -0.124008178710937 0.00451087951660155 -0.0327796936035156
-0.163131713867187 -0.170211791992188 -0.0403366088867188 -0.0795745849609375
-0.12005615234375 -0.2197265625 -0.05291748046875 -0.161834716796875
-0.152267456054688 -0.217056274414063 -0.127029418945312 -0.206024169921875
-0.187713623046875 -0.181365966796875 -0.170120239257813 -0.15899658203125
-0.165969848632812 -0.164871215820313 -0.156890869140625 -0.0896148681640625
-0.2159423828125 -0.10394287109375 -0.172088623046875 -0.0125885009765625
-0.204498291015625 -0.0547943115234375 -0.134712219238281 0.0469894409179688
-0.190475463867188 -0.0125732421875 -0.033447265625 0.0758209228515625
-0.172836303710937 0.0678253173828125 0.0599403381347656 0.0691452026367187
-0.183975219726562 0.0608062744140625 0.111557006835937 0.0381698608398438
-0.160568237304688 0.0936431884765625 0.16082763671875 -0.0282440185546875
-0.161392211914062 0.0839385986328125 0.198165893554688 -0.0484466552734375
-0.256118774414063 0.0638732910156251 0.0373115539550781 -0.000267028808593746
-0.24188232421875 -0.012939453125 0.0055103302001953 -0.00970077514648438
-0.290496826171875 -0.089080810546875 -0.0329132080078125 -0.0495948791503906
-0.249053955078125 -0.153518676757813 -0.0503768920898438 -0.0729827880859375
-0.200302124023438 -0.22796630859375 -0.0350418090820313 -0.121185302734375
-0.2244873046875 -0.2381591796875 -0.0820770263671875 -0.134376525878906
-0.240646362304688 -0.210540771484375 -0.0897369384765625 -0.0894393920898438
-0.199249267578125 -0.212875366210938 -0.0714492797851563 -0.0436325073242188
-0.26348876953125 -0.164047241210937 -0.0940170288085938 0.00980377197265623
-0.258163452148438 -0.122451782226563 -0.0733718872070313 0.0585174560546875
-0.256057739257813 -0.075225830078125 -0.000915527343750018 0.0741500854492188
-0.250152587890625 0.03411865234375 0.0608978271484375 0.0765151977539063
-0.26348876953125 0.02679443359375 0.0963897705078125 0.0647659301757813
-0.235977172851562 0.08209228515625 0.133834838867187 0.01904296875
-0.224044799804688 0.082611083984375 0.14141845703125 -0.016998291015625
-0.2564697265625 0.08551025390625 -0.0444869995117188 0.0192985534667969
-0.242202758789063 0.03338623046875 -0.0600318908691406 0.00531387329101562
-0.302581787109375 -0.0213012695312499 -0.0669593811035157 -0.0471878051757812
-0.274810791015625 -0.0889739990234375 -0.0509452819824219 -0.0627059936523438
-0.237747192382812 -0.17645263671875 -0.000846862792968761 -0.0883941650390625
-0.258544921875 -0.20208740234375 -0.00813293457031251 -0.077545166015625
-0.25628662109375 -0.1990966796875 0.0103721618652344 -0.0317249298095703
-0.201080322265625 -0.229583740234375 0.0226612091064453 0.00812911987304686
-0.265167236328125 -0.21209716796875 -0.00108337402343752 0.0500984191894531
-0.2607421875 -0.193923950195312 0.00307464599609373 0.0891647338867187
-0.267837524414063 -0.159454345703125 0.0400924682617187 0.0862808227539062
-0.285491943359375 -0.0408935546875001 0.05609130859375 0.0843582153320313
-0.298248291015625 -0.044464111328125 0.0599441528320312 0.0827484130859375
-0.2806396484375 0.0341949462890625 0.0765304565429687 0.0584716796875
-0.256744384765625 0.0590820312500001 0.0599937438964844 0.00908279418945313
-0.217330932617188 0.0860595703125 -0.114242553710938 0.0498886108398438
-0.197967529296875 0.060394287109375 -0.10711669921875 0.0349197387695312
-0.251235961914063 0.02691650390625 -0.0859527587890625 -0.0318222045898438
-0.234832763671875 -0.0294952392578125 -0.0432090759277344 -0.0544967651367188
-0.212799072265625 -0.10986328125 0.0361328125 -0.0716476440429687
-0.234664916992187 -0.141754150390625 0.07122802734375 -0.0488739013671875
-0.22784423828125 -0.161346435546875 0.111061096191406 0.00484466552734374
-0.17230224609375 -0.21014404296875 0.112419128417969 0.058258056640625
-0.219467163085938 -0.226165771484375 0.0893783569335937 0.110206604003906
-0.204391479492188 -0.232925415039063 0.0738525390625 0.145095825195312
-0.21124267578125 -0.220138549804687 0.0769424438476562 0.115676879882812
-0.250228881835937 -0.118072509765625 0.045806884765625 0.087066650390625
-0.265762329101563 -0.117904663085938 0.0105743408203125 0.0753707885742187
-0.27032470703125 -0.0259857177734375 -0.000537872314453144 0.0668601989746094
-0.245529174804688 0.0229949951171875 -0.0321865081787109 0.0182476043701172
-0.152206420898438 0.063201904296875 -0.1644287109375 0.0782928466796875
-0.13372802734375 0.0551681518554688 -0.13427734375 0.0625152587890625
-0.167953491210938 0.0357818603515625 -0.0902175903320313 -0.0171585083007812
-0.157272338867188 -0.00300598144531251 -0.0358390808105469 -0.0520553588867188
-0.144683837890625 -0.05963134765625 0.0613517761230469 -0.0673255920410156
-0.165313720703125 -0.087127685546875 0.134384155273438 -0.0434646606445313
-0.15966796875 -0.11224365234375 0.192672729492188 0.02081298828125
-0.118377685546875 -0.157882690429687 0.185379028320313 0.099090576171875
-0.144012451171875 -0.190643310546875 0.159332275390625 0.176361083984375
-0.1197509765625 -0.207321166992188 0.117904663085937 0.214080810546875
-0.115676879882813 -0.209640502929687 0.09326171875 0.156143188476563
-0.16058349609375 -0.143051147460937 0.0360260009765625 0.0844345092773437
-0.179244995117188 -0.140151977539063 -0.0288352966308594 0.0429191589355469
-0.203582763671875 -0.0602264404296875 -0.0709762573242188 0.04351806640625
-0.188522338867188 -0.00477600097656252 -0.116020202636719 0.0130996704101563
-0.07470703125 0.0185394287109375 -0.1976318359375 0.0971527099609375
-0.0665435791015625 0.0222091674804688 -0.150955200195313 0.0789337158203125
-0.0804519653320313 0.0110626220703125 -0.0898361206054688 -0.00887298583984374
-0.070770263671875 -0.00687408447265625 -0.0340347290039063 -0.0537376403808594
-0.0601959228515625 -0.0341072082519531 0.0709304809570313 -0.0662460327148438
-0.0737762451171875 -0.0490036010742188 0.169921875 -0.0457763671875
-0.0671272277832031 -0.0613632202148437 0.242721557617187 0.026031494140625
-0.04833984375 -0.0810546875 0.230270385742188 0.125900268554688
-0.0577545166015625 -0.108917236328125 0.201690673828125 0.2288818359375
-0.0414657592773437 -0.116584777832031 0.133941650390625 0.269256591796875
-0.0361099243164063 -0.120643615722656 0.0918121337890625 0.189163208007813
-0.069000244140625 -0.0929031372070313 0.0307540893554687 0.0799713134765625
-0.0818405151367188 -0.0925064086914062 -0.0459403991699219 0.00563049316406249
-0.103248596191406 -0.046966552734375 -0.114967346191406 0.00717926025390627
-0.0980987548828125 -0.014923095703125 -0.173309326171875 0.000930786132812528
-0.0181808471679688 0.00445175170898437 0.194534301757813 -0.015716552734375
0.000699996948242187 -0.00469350814819336 0.146438598632813 0.0037994384765625
-0.00120735168457031 -0.0111274719238281 0.0406074523925781 -0.00166702270507813
-0.00239372253417969 -0.00932979583740234 -0.0160751342773437 -0.09326171875
-0.00721263885498047 -0.0139379501342773 -0.0595703125 -0.219436645507813
-0.0141458511352539 -0.00749683380126953 -0.142303466796875 -0.292816162109375
-0.0371131896972656 -0.00972366333007813 -0.242507934570313 -0.2484130859375
-0.0373992919921875 -0.00539398193359374 -0.25531005859375 -0.140853881835938
-0.03717041015625 0.0159149169921875 -0.25146484375 -0.021636962890625
-0.0297641754150391 0.0226287841796875 -0.190155029296875 0.0465545654296875
-0.0170383453369141 0.0270252227783203 -0.0672073364257813 0.089324951171875
-0.00265121459960938 0.0342025756835938 0.0461196899414062 0.0645790100097656
-0.0041046142578125 0.0319366455078125 0.108543395996094 0.00926971435546875
0.000406265258789065 0.0294342041015625 0.15972900390625 -0.0825653076171875
-0.00297737121582031 0.0203819274902344 0.238861083984375 -0.084075927734375
-0.125236511230469 0.0178451538085937 0.169631958007813 -0.01544189453125
-0.101654052734375 -0.0405426025390625 0.124046325683594 0.0027313232421875
-0.106216430664063 -0.0933609008789063 0.0316677093505859 -0.0138874053955078
-0.0732650756835938 -0.114326477050781 -0.02496337890625 -0.0891036987304688
-0.0515365600585937 -0.139923095703125 -0.056243896484375 -0.202239990234375
-0.0798873901367187 -0.13299560546875 -0.1427001953125 -0.2672119140625
-0.118942260742187 -0.108856201171875 -0.2205810546875 -0.217742919921875
-0.111526489257813 -0.0905303955078125 -0.21978759765625 -0.122314453125
-0.137481689453125 -0.0399169921875 -0.226150512695313 -0.0162506103515625
-0.12353515625 -0.00624084472656251 -0.175704956054687 0.0501556396484375
-0.106422424316406 0.019439697265625 -0.056884765625 0.085113525390625
-0.084747314453125 0.0635528564453125 0.052520751953125 0.0654945373535156
-0.0918655395507812 0.060272216796875 0.112342834472656 0.0203704833984375
-0.0766525268554687 0.0751113891601563 0.167449951171875 -0.062713623046875
-0.084136962890625 0.0640335083007813 0.234970092773438 -0.071075439453125
-0.209793090820313 0.040557861328125 0.112129211425781 -0.015960693359375
-0.190261840820313 -0.0434722900390625 0.0734481811523438 -0.011016845703125
-0.2159423828125 -0.121475219726562 0.00506210327148437 -0.0381965637207031
-0.167404174804688 -0.169052124023437 -0.0383148193359375 -0.0858230590820313
-0.126022338867187 -0.220596313476563 -0.052337646484375 -0.168502807617188
-0.15875244140625 -0.216888427734375 -0.128585815429687 -0.206756591796875
-0.192962646484375 -0.178955078125 -0.169586181640625 -0.157608032226563
-0.170684814453125 -0.163421630859375 -0.155914306640625 -0.088531494140625
-0.220794677734375 -0.098419189453125 -0.172653198242188 -0.00686645507812503
-0.20843505859375 -0.0512542724609375 -0.13665771484375 0.053466796875
-0.193557739257813 -0.00898742675781253 -0.0366897583007813 0.0799713134765625
-0.17156982421875 0.0716705322265625 0.0586700439453125 0.0708160400390625
-0.18304443359375 0.06695556640625 0.1129150390625 0.0415420532226563
-0.1583251953125 0.100448608398438 0.1641845703125 -0.0257415771484375
-0.161514282226562 0.09014892578125 0.206008911132813 -0.0456695556640625
-0.254074096679688 0.0708465576171876 0.0325794219970703 -0.00885391235351562
-0.242645263671875 -0.00787353515624997 0.00523757934570311 -0.0157842636108398
-0.29400634765625 -0.08367919921875 -0.0331878662109375 -0.0539512634277344
-0.252471923828125 -0.150482177734375 -0.0483627319335938 -0.0782394409179688
-0.20709228515625 -0.228134155273437 -0.03326416015625 -0.127418518066406
-0.23223876953125 -0.236190795898437 -0.0814437866210938 -0.135063171386719
-0.245498657226562 -0.206924438476563 -0.0877532958984375 -0.089324951171875
-0.204330444335937 -0.211883544921875 -0.069671630859375 -0.0442314147949219
-0.268600463867188 -0.158782958984375 -0.0941314697265625 0.0136337280273437
-0.264404296875 -0.11865234375 -0.0746994018554688 0.0632705688476562
-0.260757446289063 -0.071685791015625 -0.00292205810546877 0.0776901245117188
-0.250534057617187 0.0394439697265625 0.060028076171875 0.0801544189453125
-0.263671875 0.0340576171875 0.0994491577148437 0.06951904296875
-0.23419189453125 0.089813232421875 0.138526916503906 0.0232620239257813
-0.224899291992188 0.0904693603515624 0.149749755859375 -0.0125885009765625
-0.254165649414063 0.0935363769531251 -0.0500831604003906 0.0123977661132813
-0.24200439453125 0.03851318359375 -0.0610466003417969 -0.000129699707031259
-0.3045654296875 -0.014556884765625 -0.0679931640625 -0.0497894287109375
-0.277496337890625 -0.0839385986328126 -0.0483055114746094 -0.0668983459472656
-0.244461059570313 -0.1751708984375 0.00260925292968748 -0.0942611694335938
-0.264144897460938 -0.198455810546875 -0.00620269775390627 -0.0795745849609375
-0.261322021484375 -0.1949462890625 0.01397705078125 -0.0333175659179688
-0.206314086914062 -0.228500366210938 0.024332046508789 0.00648498535156249
-0.270462036132813 -0.2064208984375 -9.15527343750144E-05 0.0529365539550781
-0.26800537109375 -0.190689086914063 0.00346374511718748 0.0928573608398437
-0.27471923828125 -0.156585693359375 0.0390853881835937 0.0892791748046875
-0.28741455078125 -0.034942626953125 0.05621337890625 0.0888824462890625
-0.3009033203125 -0.036590576171875 0.062591552734375 0.089111328125
-0.280197143554688 0.042449951171875 0.0826263427734375 0.0641860961914063
-0.257919311523438 0.065643310546875 0.0683517456054687 0.0157394409179688
-0.214462280273438 0.0933227539062499 -0.120399475097656 0.045013427734375
-0.1971435546875 0.0646209716796875 -0.108612060546875 0.0301971435546875
-0.250991821289063 0.03265380859375 -0.0868301391601563 -0.0333023071289063
-0.235427856445312 -0.0252685546875 -0.0411148071289063 -0.0583534240722656
-0.217071533203125 -0.107147216796875 0.0395050048828125 -0.0773086547851563
-0.2384033203125 -0.138595581054688 0.0747833251953125 -0.0529556274414063
-0.230178833007813 -0.157913208007812 0.114295959472656 0.00025177001953124
-0.176162719726562 -0.209259033203125 0.113746643066406 0.05560302734375
-0.224929809570313 -0.221908569335937 0.0911026000976562 0.111091613769531
-0.212753295898437 -0.231491088867187 0.07574462890625 0.147689819335938
-0.217727661132812 -0.219329833984375 0.0771026611328125 0.118438720703125
-0.2530517578125 -0.115142822265625 0.0460662841796875 0.0923995971679688
-0.270156860351563 -0.112472534179688 0.0133590698242187 0.082733154296875
-0.2720947265625 -0.0192718505859376 0.00540161132812499 0.074066162109375
-0.247329711914063 0.028900146484375 -0.0255393981933594 0.0269794464111328
-0.149322509765625 0.0673980712890625 -0.170883178710937 0.0743408203125
-0.1329345703125 0.0577774047851563 -0.136688232421875 0.0591506958007813
-0.1666259765625 0.040496826171875 -0.0904006958007813 -0.018402099609375
-0.1566162109375 0.00106811523437501 -0.0338706970214844 -0.0550956726074219
-0.146942138671875 -0.05718994140625 0.0652618408203125 -0.0716476440429688
-0.168182373046875 -0.0843963623046875 0.138008117675781 -0.0482940673828125
-0.161392211914063 -0.10943603515625 0.195770263671875 0.0145721435546875
-0.120574951171875 -0.157577514648437 0.185348510742188 0.095458984375
-0.146987915039063 -0.188827514648438 0.162246704101563 0.175628662109375
-0.125167846679688 -0.206588745117187 0.121429443359375 0.216033935546875
-0.120468139648438 -0.209854125976562 0.0953826904296875 0.159408569335938
-0.163864135742187 -0.141159057617188 0.0353546142578125 0.0913238525390625
-0.182296752929688 -0.137939453125 -0.0285797119140625 0.0508804321289062
-0.20648193359375 -0.05596923828125 -0.0668296813964844 0.0519676208496094
-0.19024658203125 -0.00135803222656252 -0.11004638671875 0.0238265991210938
-0.0730056762695313 0.0204849243164062 -0.20379638671875 0.0937042236328124
-0.0666732788085938 0.0230827331542969 -0.153030395507813 0.07568359375
-0.079925537109375 0.0127029418945313 -0.0908355712890625 -0.0101089477539062
-0.0697364807128906 -0.00545501708984374 -0.0327033996582031 -0.0562515258789063
-0.0611839294433594 -0.0334663391113281 0.0742568969726563 -0.0709228515625
-0.0742111206054688 -0.0478057861328125 0.173614501953125 -0.051788330078125
-0.067291259765625 -0.0605812072753906 0.244415283203125 0.0183258056640625
-0.0488433837890625 -0.080718994140625 0.2308349609375 0.121490478515625
-0.0591354370117187 -0.108016967773438 0.203948974609375 0.227706909179688
-0.04388427734375 -0.116157531738281 0.1380615234375 0.271148681640625
-0.0367431640625 -0.121467590332031 0.094085693359375 0.19317626953125
-0.0690460205078125 -0.0923385620117188 0.02996826171875 0.0871429443359375
-0.0839385986328125 -0.0911941528320312 -0.0466690063476563 0.0129356384277344
-0.104576110839844 -0.045257568359375 -0.111717224121094 0.0150680541992188
-0.0992507934570313 -0.0141677856445312 -0.168853759765625 0.011871337890625
-0.0176010131835938 0.00556182861328125 0.19232177734375 -0.0308074951171875
0.00101900100708008 -0.00429010391235352 0.147598266601563 -0.007080078125
-0.00202655792236328 -0.012446403503418 0.0421409606933594 -0.009185791015625
-0.00337028503417969 -0.0104198455810547 -0.0177764892578125 -0.101783752441406
-0.00846481323242188 -0.0145177841186523 -0.0666656494140625 -0.226943969726563
-0.0157413482666016 -0.0074148178100586 -0.153106689453125 -0.296051025390625
-0.0389976501464844 -0.00914764404296874 -0.252700805664063 -0.244171142578125
-0.0393218994140625 -0.00375747680664062 -0.261611938476563 -0.1334228515625
-0.0390625 0.0178031921386719 -0.256057739257813 -0.00988769531250001
-0.0304470062255859 0.0241603851318359 -0.194931030273438 0.0585479736328125
-0.0178337097167969 0.0281848907470703 -0.06927490234375 0.0971908569335938
-0.00281333923339844 0.035064697265625 0.0465621948242188 0.0663528442382813
-0.00193405151367187 0.0329456329345703 0.109756469726562 0.00917816162109375
0.0010833740234375 0.0320510864257812 0.162384033203125 -0.0835418701171875
-0.00197410583496094 0.0230579376220703 0.247955322265625 -0.088623046875
-0.125686645507813 0.023406982421875 0.166122436523438 -0.0294647216796875
-0.104522705078125 -0.0373458862304687 0.125205993652344 -0.0074005126953125
-0.112831115722656 -0.0919570922851563 0.0318260192871094 -0.0210285186767578
-0.079071044921875 -0.115188598632812 -0.0258941650390625 -0.0966033935546875
-0.05853271484375 -0.141677856445313 -0.0621490478515625 -0.2100830078125
-0.087646484375 -0.132659912109375 -0.153091430664063 -0.268463134765625
-0.125663757324219 -0.106155395507812 -0.227584838867188 -0.212814331054687
-0.1180419921875 -0.0886383056640625 -0.224273681640625 -0.116607666015625
-0.142913818359375 -0.033935546875 -0.23004150390625 -0.00570678710937504
-0.127388000488281 -0.00125885009765625 -0.1788330078125 0.06207275390625
-0.108734130859375 0.0235824584960937 -0.0592575073242188 0.0923309326171875
-0.0837860107421875 0.068603515625 0.0532608032226562 0.0680427551269531
-0.0900039672851563 0.0662078857421875 0.115440368652344 0.0209884643554688
-0.07421875 0.0810012817382813 0.171401977539062 -0.0645751953125
-0.0825729370117188 0.0711746215820313 0.245513916015625 -0.0755462646484375
-0.209442138671875 0.0506134033203125 0.107772827148437 -0.0277328491210937
-0.19439697265625 -0.036102294921875 0.0734939575195313 -0.0200958251953125
-0.22491455078125 -0.11627197265625 0.00403213500976561 -0.0448837280273438
-0.1766357421875 -0.167160034179688 -0.0390777587890625 -0.0930404663085938
-0.138458251953125 -0.221527099609375 -0.056243896484375 -0.176223754882813
-0.171585083007813 -0.214706420898437 -0.134979248046875 -0.207794189453125
-0.203079223632813 -0.175140380859375 -0.173538208007812 -0.154998779296875
-0.180282592773438 -0.161026000976562 -0.157562255859375 -0.0853576660156251
-0.228042602539063 -0.090423583984375 -0.1751708984375 0.00106811523437503
-0.215179443359375 -0.04364013671875 -0.138931274414063 0.0631484985351563
-0.1986083984375 -0.00254821777343749 -0.0382766723632813 0.0854339599609375
-0.17181396484375 0.079681396484375 0.059539794921875 0.0733795166015625
-0.182327270507813 0.076171875 0.116874694824219 0.042938232421875
-0.155181884765625 0.110366821289062 0.1693115234375 -0.0268096923828125
-0.160537719726562 0.100936889648438 0.216339111328125 -0.04827880859375
-0.25372314453125 0.0834045410156251 0.026336669921875 -0.0175018310546875
-0.245941162109375 0.00186157226562503 0.00307464599609373 -0.0229549407958984
-0.302459716796875 -0.072235107421875 -0.0360031127929688 -0.0588493347167969
-0.261001586914063 -0.144256591796875 -0.0486297607421875 -0.0844802856445313
-0.2215576171875 -0.22552490234375 -0.0354995727539063 -0.134323120117188
-0.246627807617188 -0.231643676757812 -0.0844039916992188 -0.136421203613281
-0.257598876953125 -0.201278686523437 -0.088165283203125 -0.0892181396484375
-0.216018676757813 -0.20904541015625 -0.0704269409179688 -0.0436172485351563
-0.278884887695313 -0.149276733398438 -0.0942611694335938 0.0191268920898437
-0.27490234375 -0.108734130859375 -0.075042724609375 0.07098388671875
-0.269577026367188 -0.0635833740234375 -0.00423431396484377 0.083221435546875
-0.252349853515625 0.049591064453125 0.0627670288085937 0.0834732055664063
-0.265640258789063 0.0466613769531251 0.104385375976562 0.0726318359375
-0.23236083984375 0.103485107421875 0.14666748046875 0.02435302734375
-0.225494384765625 0.1038818359375 0.160308837890625 -0.011749267578125
-0.252273559570313 0.105987548828125 -0.0573272705078125 0.00802612304687501
-0.243087768554688 0.0487213134765625 -0.0645713806152344 -0.00484085083007812
-0.30999755859375 -0.00210571289062505 -0.07086181640625 -0.0523300170898437
-0.284088134765625 -0.075408935546875 -0.0482025146484375 -0.0720901489257813
-0.256927490234375 -0.17034912109375 0.00295257568359373 -0.102249145507813
-0.276962280273438 -0.192337036132812 -0.00488281250000002 -0.0834274291992188
-0.27215576171875 -0.188079833984375 0.0162925720214844 -0.0366249084472656
-0.217376708984375 -0.225555419921875 0.0259075164794922 0.0045948028564453
-0.282501220703125 -0.19781494140625 0.00218582153320311 0.0562705993652344
-0.28094482421875 -0.181976318359375 0.00608825683593748 0.0979080200195312
-0.2872314453125 -0.149078369140625 0.0405120849609375 0.092803955078125
-0.293182373046875 -0.025390625 0.0582275390625 0.0938796997070313
-0.30712890625 -0.02392578125 0.0689849853515625 0.0948410034179687
-0.281494140625 0.056640625 0.0914764404296875 0.0684661865234375
-0.26019287109375 0.0794525146484375 0.078216552734375 0.0207138061523438
-0.21246337890625 0.103927612304687 -0.127975463867188 0.0432891845703125
-0.197067260742188 0.073272705078125 -0.112167358398438 0.0284576416015625
-0.252914428710937 0.0450286865234375 -0.0891036987304688 -0.0342483520507813
-0.2386474609375 -0.0160369873046875 -0.040740966796875 -0.0622062683105469
-0.225051879882813 -0.101913452148438 0.0415878295898437 -0.084503173828125
-0.24725341796875 -0.131744384765625 0.0784149169921875 -0.05914306640625
-0.239395141601563 -0.15142822265625 0.118881225585938 -0.00566864013671876
-0.186019897460938 -0.207550048828125 0.117149353027344 0.051849365234375
-0.236419677734375 -0.215713500976563 0.0961761474609375 0.111946105957031
-0.226547241210937 -0.226837158203125 0.0815887451171875 0.149581909179687
-0.23095703125 -0.21612548828125 0.0806350708007812 0.121177673339844
-0.261444091796875 -0.107696533203125 0.0485687255859375 0.0990676879882813
-0.278518676757813 -0.1026611328125 0.0174636840820312 0.090850830078125
-0.276718139648438 -0.00712585449218755 0.013336181640625 0.0816726684570313
-0.25091552734375 0.0398101806640625 -0.0168495178222656 0.0363311767578125
-0.148025512695313 0.0745697021484375 -0.179000854492188 0.0762939453125
-0.131820678710938 0.0634994506835937 -0.139717102050781 0.0588302612304688
-0.166656494140625 0.0482635498046875 -0.0923843383789063 -0.018341064453125
-0.157974243164062 0.00685119628906249 -0.033111572265625 -0.0587730407714844
-0.151077270507812 -0.053741455078125 0.0675430297851562 -0.0790634155273438
-0.17279052734375 -0.08013916015625 0.142242431640625 -0.0569305419921875
-0.166595458984375 -0.105789184570313 0.199996948242188 0.00575256347656249
-0.12664794921875 -0.15643310546875 0.18988037109375 0.0901336669921875
-0.156112670898437 -0.185394287109375 0.169708251953125 0.1749267578125
-0.1356201171875 -0.205551147460938 0.129730224609375 0.218002319335938
-0.130752563476563 -0.210174560546875 0.101043701171875 0.16326904296875
-0.170272827148438 -0.13861083984375 0.0382614135742187 0.097900390625
-0.190780639648438 -0.132537841796875 -0.0259628295898438 0.0607757568359375
-0.21075439453125 -0.0482177734375 -0.0612983703613281 0.0617752075195312
-0.193954467773437 0.00628662109375003 -0.103691101074219 0.0362930297851563
-0.0721817016601563 0.02325439453125 -0.212173461914063 0.09765625
-0.0669822692871094 0.0259208679199219 -0.156463623046875 0.0771636962890625
-0.0798568725585938 0.0162734985351562 -0.0922088623046875 -0.0102767944335938
-0.0704269409179688 -0.00270843505859375 -0.0327224731445313 -0.0590629577636719
-0.0629158020019531 -0.0320472717285156 0.07684326171875 -0.0778121948242187
-0.0762100219726563 -0.0460205078125 0.177841186523438 -0.0629119873046875
-0.0688552856445313 -0.0588188171386719 0.248321533203125 0.0069732666015625
-0.0509033203125 -0.080780029296875 0.235824584960938 0.114883422851563
-0.0630722045898437 -0.107643127441406 0.21343994140625 0.224822998046875
-0.0484848022460938 -0.115989685058594 0.148544311523438 0.273681640625
-0.0407485961914062 -0.122657775878906 0.1016845703125 0.198440551757813
-0.072906494140625 -0.0912628173828125 0.03240966796875 0.0946884155273438
-0.0882339477539063 -0.088897705078125 -0.0469284057617188 0.0222969055175781
-0.107322692871094 -0.0420455932617188 -0.10906982421875 0.0255966186523438
-0.100967407226562 -0.0112457275390625 -0.16455078125 0.02593994140625
-0.0169763565063477 0.00694561004638672 0.184295654296875 -0.0490570068359375
0.000937938690185547 -0.00404524803161621 0.145553588867187 -0.021636962890625
-0.00342273712158203 -0.0131568908691406 0.0413093566894531 -0.0174369812011719
-0.00432109832763672 -0.0110092163085938 -0.0228118896484375 -0.107887268066406
-0.00951862335205078 -0.0139894485473633 -0.079376220703125 -0.2301025390625
-0.0171279907226562 -0.0072784423828125 -0.16973876953125 -0.29345703125
-0.0409049987792969 -0.007781982421875 -0.265029907226563 -0.232162475585937
-0.0415420532226563 -0.00176620483398437 -0.2669677734375 -0.1195068359375
-0.0393524169921875 0.0215682983398438 -0.257354736328125 0.00624084472656251
-0.0307540893554688 0.0261116027832031 -0.195098876953125 0.074676513671875
-0.0180225372314453 0.0298709869384766 -0.0670394897460938 0.106101989746094
-0.00124359130859375 0.0353431701660156 0.0479774475097656 0.0675392150878906
-0.000434875488281249 0.0334281921386719 0.110702514648437 0.00731658935546875
0.00343132019042968 0.0340099334716797 0.161544799804688 -0.088043212890625
9.15527343749973E-05 0.0247535705566406 0.253890991210938 -0.0989227294921875
-0.124153137207031 0.0323715209960937 0.158248901367188 -0.0450897216796875
-0.106353759765625 -0.0317230224609375 0.123954772949219 -0.0215072631835938
-0.119972229003906 -0.0865707397460938 0.0301227569580078 -0.0285835266113281
-0.0866165161132812 -0.112640380859375 -0.0300750732421875 -0.102798461914063
-0.0682449340820312 -0.139564514160156 -0.073272705078125 -0.214340209960938
-0.097320556640625 -0.128593444824219 -0.168014526367187 -0.264801025390625
-0.133460998535156 -0.100151062011719 -0.237655639648437 -0.203445434570313
-0.125198364257813 -0.082916259765625 -0.228500366210938 -0.105880737304687
-0.145950317382813 -0.02423095703125 -0.230133056640625 0.00909423828125002
-0.129562377929688 0.00682067871093749 -0.177764892578125 0.0767059326171875
-0.110160827636719 0.0305557250976563 -0.057861328125 0.100662231445313
-0.0805892944335938 0.0738677978515625 0.054840087890625 0.0691947937011719
-0.0856857299804688 0.0729141235351562 0.117340087890625 0.0192947387695313
-0.0681838989257812 0.088104248046875 0.171951293945313 -0.0692138671875
-0.0784072875976562 0.0791244506835938 0.252456665039063 -0.0862884521484375
-0.206024169921875 0.0647125244140625 0.098846435546875 -0.0402450561523437
-0.196517944335938 -0.024566650390625 0.0702590942382812 -0.0312690734863281
-0.234451293945312 -0.103927612304688 0.000507354736328113 -0.0510597229003906
-0.188201904296875 -0.15924072265625 -0.0427093505859375 -0.0983123779296875
-0.15472412109375 -0.216506958007812 -0.0654296875 -0.18011474609375
-0.187103271484375 -0.205963134765625 -0.145965576171875 -0.20355224609375
-0.21453857421875 -0.163803100585938 -0.179214477539062 -0.147842407226563
-0.19110107421875 -0.151763916015625 -0.16021728515625 -0.0783081054687501
-0.23486328125 -0.0760040283203125 -0.174636840820313 0.0130157470703125
-0.219940185546875 -0.0302581787109375 -0.137321472167969 0.0760726928710937
-0.202072143554688 0.00942993164062498 -0.037506103515625 0.0927276611328125
-0.16748046875 0.0908966064453125 0.0620193481445312 0.0743408203125
-0.177780151367188 0.0894775390625 0.121131896972656 0.0420379638671875
-0.146621704101562 0.12237548828125 0.173355102539063 -0.0312957763671875
-0.154953002929688 0.114181518554687 0.224334716796875 -0.056549072265625
-0.24847412109375 0.0998382568359375 0.0177078247070312 -0.0252037048339844
-0.245315551757812 0.0164794921875 -0.00120735168457033 -0.0293521881103516
-0.30889892578125 -0.0554809570312501 -0.0401611328125 -0.0615196228027344
-0.27166748046875 -0.130508422851563 -0.0517196655273438 -0.08837890625
-0.23834228515625 -0.215667724609375 -0.041046142578125 -0.13970947265625
-0.263595581054688 -0.218276977539062 -0.0894699096679688 -0.13482666015625
-0.270095825195313 -0.187637329101562 -0.0900344848632813 -0.0866317749023438
-0.2293701171875 -0.198883056640625 -0.0713119506835938 -0.0413589477539063
-0.288909912109375 -0.132720947265625 -0.0928726196289063 0.02728271484375
-0.28338623046875 -0.0931396484375001 -0.0718765258789063 0.0797348022460938
-0.277481079101563 -0.0477142333984375 -0.00236511230468752 0.0876388549804687
-0.250381469726563 0.064727783203125 0.0656204223632812 0.0857009887695313
-0.263381958007813 0.0648651123046875 0.111198425292969 0.0723648071289063
-0.224700927734375 0.119720458984375 0.154327392578125 0.0217742919921875
-0.219802856445313 0.120498657226563 0.170013427734375 -0.016265869140625
-0.244461059570313 0.122390747070313 -0.0661125183105469 0.00550079345703126
-0.24029541015625 0.06365966796875 -0.0679817199707031 -0.00728988647460938
-0.31121826171875 0.01715087890625 -0.0754623413085938 -0.0529098510742187
-0.28912353515625 -0.060302734375 -0.0503616333007813 -0.0757293701171875
-0.270339965820313 -0.156951904296875 -0.000534057617187516 -0.109199523925781
-0.291046142578125 -0.176910400390625 -0.00582122802734377 -0.0859146118164063
-0.283538818359375 -0.1737060546875 0.0169143676757812 -0.0399093627929688
-0.23138427734375 -0.215652465820312 0.0266017913818359 0.00205421447753905
-0.29473876953125 -0.181243896484375 0.00603866577148436 0.0585403442382812
-0.294891357421875 -0.165740966796875 0.0111007690429687 0.101158142089844
-0.29913330078125 -0.133697509765625 0.0434036254882812 0.0952072143554687
-0.2962646484375 -0.00787353515625002 0.063140869140625 0.0972213745117188
-0.309234619140625 -0.00402832031249998 0.0770187377929687 0.0979156494140625
-0.277618408203125 0.0760345458984376 0.102554321289062 0.0689315795898438
-0.257095336914063 0.0975799560546876 0.0900802612304687 0.0225372314453125
-0.20501708984375 0.117340087890625 -0.134956359863281 0.0464096069335938
-0.192276000976563 0.0852813720703125 -0.114974975585938 0.0294723510742187
-0.249893188476563 0.0607604980468751 -0.0916290283203125 -0.0334014892578125
-0.23974609375 -0.00241088867187502 -0.0425529479980469 -0.0651512145996094
-0.233413696289062 -0.0898895263671875 0.0396270751953125 -0.093170166015625
-0.257431030273438 -0.118759155273437 0.0789108276367187 -0.066650390625
-0.248138427734375 -0.138153076171875 0.121025085449219 -0.0152435302734375
-0.19830322265625 -0.199234008789063 0.119415283203125 0.0461578369140625
-0.24871826171875 -0.202423095703125 0.103141784667969 0.110359191894531
-0.241928100585938 -0.21368408203125 0.090057373046875 0.149505615234375
-0.246414184570313 -0.204498291015625 0.0867156982421875 0.121795654296875
-0.269073486328125 -0.0934906005859375 0.0537261962890625 0.10345458984375
-0.28582763671875 -0.0849914550781251 0.02471923828125 0.097503662109375
-0.276138305664063 0.0111999511718751 0.0244064331054687 0.0872268676757812
-0.250457763671875 0.0565338134765625 -0.00486373901367189 0.044525146484375
-0.141815185546875 0.0834197998046875 -0.184722900390625 0.083251953125
-0.128372192382813 0.0718231201171875 -0.141128540039063 0.0620880126953125
-0.1636962890625 0.058837890625 -0.0941162109375 -0.0166778564453125
-0.156402587890625 0.0162353515625 -0.0344619750976563 -0.0614166259765625
-0.155197143554688 -0.0453338623046875 0.0665512084960938 -0.0882415771484375
-0.17767333984375 -0.0707855224609375 0.142730712890625 -0.0691375732421875
-0.172149658203125 -0.096282958984375 0.201431274414062 -0.00854492187500001
-0.135055541992188 -0.151351928710937 0.193832397460937 0.08056640625
-0.1663818359375 -0.1771240234375 0.179641723632813 0.168807983398438
-0.1494140625 -0.198654174804688 0.142135620117188 0.214675903320313
-0.143356323242188 -0.204544067382813 0.109832763671875 0.162918090820313
-0.179534912109375 -0.130416870117188 0.04315185546875 0.104171752929687
-0.199417114257812 -0.120925903320313 -0.0214729309082031 0.0698966979980469
-0.213668823242188 -0.0348968505859375 -0.0523452758789063 0.0710067749023438
-0.195297241210938 0.01739501953125 -0.0935440063476563 0.0494308471679688
-0.0698280334472656 0.0271797180175781 -0.217208862304687 0.107254028320313
-0.0655517578125 0.0300941467285156 -0.158035278320313 0.08245849609375
-0.0785369873046875 0.0220794677734375 -0.094329833984375 -0.00787353515625001
-0.0697746276855469 0.00154495239257811 -0.0341987609863281 -0.06097412109375
-0.0647010803222656 -0.0288772583007812 0.0763473510742188 -0.0859222412109375
-0.07904052734375 -0.0424270629882813 0.176727294921875 -0.07684326171875
-0.071624755859375 -0.0559844970703125 0.249267578125 -0.00967407226562501
-0.0548095703125 -0.0792694091796875 0.239334106445313 0.102035522460938
-0.0685882568359375 -0.104682922363281 0.22625732421875 0.216522216796875
-0.0549697875976563 -0.113998413085937 0.163742065429688 0.268844604492188
-0.0466842651367188 -0.1220703125 0.112350463867188 0.1988525390625
-0.0774002075195313 -0.0879364013671875 0.0376510620117188 0.101119995117188
-0.0932083129882812 -0.083282470703125 -0.0449562072753906 0.0321311950683594
-0.109260559082031 -0.0357513427734375 -0.103599548339844 0.0372695922851563
-0.102142333984375 -0.00654602050781248 -0.1556396484375 0.042755126953125
-0.0156116485595703 0.00810718536376953 0.168792724609375 -0.0642547607421875
0.0014643669128418 -0.0037534236907959 0.137382507324219 -0.03546142578125
-0.00505256652832031 -0.0138616561889648 0.0386238098144531 -0.0245704650878906
-0.00572013854980469 -0.0108432769775391 -0.0286178588867188 -0.111259460449219
-0.0105676651000977 -0.0132598876953125 -0.09149169921875 -0.225997924804688
-0.0181846618652344 -0.00622749328613281 -0.183120727539062 -0.280853271484375
-0.0414886474609375 -0.0056610107421875 -0.27020263671875 -0.21295166015625
-0.0416412353515625 0.000694274902343754 -0.264434814453125 -0.102142333984375
-0.0388336181640625 0.0238800048828125 -0.250564575195313 0.022705078125
-0.0296192169189453 0.0283775329589844 -0.188339233398438 0.0887298583984375
-0.0177898406982422 0.0314159393310547 -0.0630950927734375 0.112762451171875
-0.000328063964843751 0.0355377197265625 0.0493011474609375 0.0665016174316406
0.00193214416503906 0.0325069427490234 0.109390258789063 0.00574493408203125
0.00640869140625 0.0350742340087891 0.156997680664063 -0.0906829833984375
0.00226211547851562 0.0263423919677734 0.252975463867188 -0.109848022460938
-0.1190185546875 0.0392379760742188 0.144439697265625 -0.058685302734375
-0.10540771484375 -0.0240097045898437 0.116539001464844 -0.0335769653320313
-0.123863220214844 -0.0785751342773438 0.0261898040771484 -0.0347251892089844
-0.0921249389648438 -0.106269836425781 -0.0353775024414063 -0.105842590332031
-0.0771026611328125 -0.1346435546875 -0.0844268798828125 -0.2113037109375
-0.105003356933594 -0.119842529296875 -0.178314208984375 -0.252670288085938
-0.137962341308594 -0.0904388427734375 -0.24090576171875 -0.186798095703125
-0.128013610839844 -0.0740585327148437 -0.22589111328125 -0.091888427734375
-0.145309448242188 -0.0138092041015625 -0.223037719726563 0.0233001708984375
-0.127899169921875 0.0156784057617187 -0.170364379882813 0.089599609375
-0.107391357421875 0.0368728637695313 -0.0540695190429688 0.106437683105469
-0.0746917724609375 0.0776824951171875 0.0555839538574219 0.0679244995117188
-0.0782089233398438 0.0765914916992188 0.116737365722656 0.0162429809570313
-0.0594635009765625 0.0923233032226563 0.168685913085938 -0.0731353759765625
-0.07171630859375 0.084014892578125 0.252029418945313 -0.0964813232421875
-0.196807861328125 0.07574462890625 0.08642578125 -0.050018310546875
-0.193450927734375 -0.011810302734375 0.0639305114746094 -0.0412864685058594
-0.237106323242187 -0.0882110595703125 -0.00421905517578127 -0.0549545288085938
-0.193679809570313 -0.145706176757813 -0.04693603515625 -0.100807189941406
-0.166732788085937 -0.203964233398438 -0.0739593505859375 -0.1790771484375
-0.197509765625 -0.190292358398438 -0.152481079101562 -0.19293212890625
-0.220230102539063 -0.148544311523438 -0.179824829101562 -0.136322021484375
-0.196563720703125 -0.138992309570313 -0.158843994140625 -0.0697937011718751
-0.234130859375 -0.059326171875 -0.168624877929688 0.0245513916015625
-0.21783447265625 -0.01544189453125 -0.130271911621094 0.0865478515625
-0.198455810546875 0.0213165283203125 -0.0340423583984375 0.0978851318359375
-0.158615112304688 0.0988616943359375 0.0635528564453125 0.0742721557617188
-0.167007446289063 0.099456787109375 0.122718811035156 0.0386734008789063
-0.13330078125 0.130058288574219 0.172805786132813 -0.036163330078125
-0.144073486328125 0.123184204101563 0.226654052734375 -0.0654144287109375
-0.234725952148438 0.112640380859375 0.00686454772949217 -0.0299072265625
-0.23809814453125 0.031524658203125 -0.00665664672851564 -0.0354995727539063
-0.305938720703125 -0.034576416015625 -0.0453109741210938 -0.0629158020019531
-0.273651123046875 -0.112869262695312 -0.0550384521484375 -0.09063720703125
-0.249481201171875 -0.1983642578125 -0.0472412109375 -0.141082763671875
-0.272445678710937 -0.197982788085938 -0.09271240234375 -0.129295349121094
-0.275833129882813 -0.167587280273438 -0.0895919799804688 -0.0822830200195313
-0.236862182617188 -0.182083129882812 -0.0704574584960938 -0.0379562377929688
-0.29083251953125 -0.11077880859375 -0.0875091552734375 0.0338211059570313
-0.28424072265625 -0.0729064941406249 -0.0658645629882813 0.0854339599609375
-0.276199340820312 -0.031036376953125 0.000450134277343738 0.0915298461914063
-0.24163818359375 0.078521728515625 0.0683135986328125 0.0856857299804688
-0.252151489257812 0.08154296875 0.115882873535156 0.0697174072265625
-0.209854125976563 0.132369995117187 0.158218383789063 0.01605224609375
-0.208053588867187 0.133804321289063 0.176040649414063 -0.021636962890625
-0.2301025390625 0.134674072265625 -0.07330322265625 0.00553894042968752
-0.23004150390625 0.0772857666015625 -0.0711212158203125 -0.00868225097656249
-0.302886962890625 0.037200927734375 -0.0783920288085938 -0.0514907836914062
-0.286712646484375 -0.042205810546875 -0.053314208984375 -0.0772171020507812
-0.276016235351563 -0.137847900390625 -0.00569152832031251 -0.112823486328125
-0.297088623046875 -0.155853271484375 -0.00778961181640626 -0.08721923828125
-0.28741455078125 -0.153564453125 0.0168609619140625 -0.0427818298339844
-0.2398681640625 -0.19891357421875 0.0268783569335937 4.57763671874878E-05
-0.2984619140625 -0.15887451171875 0.0100555419921875 0.0596084594726563
-0.299560546875 -0.1441650390625 0.016510009765625 0.101585388183594
-0.30322265625 -0.11376953125 0.046539306640625 0.0953369140625
-0.2901611328125 0.00936889648437505 0.066558837890625 0.0977554321289063
-0.30194091796875 0.0162048339843749 0.0841751098632812 0.0974807739257813
-0.263916015625 0.0923614501953125 0.110595703125 0.0657958984375
-0.246246337890625 0.1129150390625 0.0997467041015625 0.0210418701171875
-0.19091796875 0.127227783203125 -0.138099670410156 0.050140380859375
-0.18194580078125 0.09552001953125 -0.11553955078125 0.0304641723632813
-0.239959716796875 0.0762481689453124 -0.0935440063476563 -0.0306549072265625
-0.233566284179688 0.0116119384765625 -0.0442085266113281 -0.0671005249023438
-0.235076904296875 -0.074310302734375 0.0354995727539062 -0.0989227294921875
-0.259246826171875 -0.10040283203125 0.0758438110351562 -0.0734481811523438
-0.250823974609375 -0.121185302734375 0.118453979492187 -0.0243911743164063
-0.2054443359375 -0.184600830078125 0.118988037109375 0.0383834838867187
-0.254745483398438 -0.18310546875 0.107368469238281 0.103668212890625
-0.249954223632813 -0.194534301757813 0.0966796875 0.144195556640625
-0.254638671875 -0.186752319335938 0.0903244018554687 0.118782043457031
-0.269241333007812 -0.0767669677734375 0.0586929321289062 0.10516357421875
-0.28466796875 -0.0650939941406249 0.0328598022460937 0.10113525390625
-0.267547607421875 0.0280303955078125 0.0354232788085937 0.0886459350585938
-0.242385864257813 0.0707550048828125 0.00793075561523436 0.0489501953125
-0.132110595703125 0.0901412963867188 -0.185317993164062 0.0897979736328125
-0.120895385742187 0.0781784057617188 -0.139778137207031 0.0650711059570313
-0.154953002929688 0.068359375 -0.09417724609375 -0.0138320922851563
-0.1510009765625 0.0243377685546875 -0.0356941223144531 -0.0627212524414063
-0.1544189453125 -0.0359954833984375 0.0623550415039062 -0.0946884155273438
-0.178466796875 -0.05889892578125 0.137939453125 -0.079559326171875
-0.173538208007813 -0.084228515625 0.196731567382813 -0.0218963623046875
-0.140853881835938 -0.140838623046875 0.192184448242188 0.0697784423828125
-0.1728515625 -0.1632080078125 0.185394287109375 0.157760620117188
-0.157943725585937 -0.1851806640625 0.150527954101562 0.204666137695312
-0.152938842773438 -0.19329833984375 0.116424560546875 0.158370971679688
-0.182586669921875 -0.118316650390625 0.048370361328125 0.107337951660156
-0.201797485351563 -0.10577392578125 -0.0153961181640625 0.0770721435546875
-0.209548950195313 -0.0213623046875 -0.040679931640625 0.077484130859375
-0.19073486328125 0.0286712646484375 -0.078216552734375 0.0596237182617187
-0.0660896301269531 0.0298004150390625 -0.215713500976563 0.11541748046875
-0.0622749328613281 0.0334320068359375 -0.155319213867188 0.0866851806640625
-0.0746917724609375 0.026458740234375 -0.0936126708984375 -0.00564575195312499
-0.0671463012695313 0.00525665283203125 -0.0359535217285156 -0.0617523193359375
-0.06439208984375 -0.0241737365722656 0.0723724365234375 -0.0925216674804688
-0.0796966552734375 -0.0373382568359375 0.17034912109375 -0.0892181396484375
-0.0729293823242188 -0.0508956909179688 0.242202758789063 -0.0258941650390625
-0.0573348999023437 -0.0747146606445313 0.236709594726563 0.088470458984375
-0.0728378295898438 -0.098541259765625 0.2315673828125 0.200286865234375
-0.0600204467773438 -0.108528137207031 0.175308227539063 0.256698608398438
-0.0521926879882813 -0.117782592773438 0.121719360351563 0.193817138671875
-0.0799407958984375 -0.0823135375976563 0.0429840087890625 0.104576110839844
-0.0953140258789063 -0.0755691528320312 -0.0410041809082031 0.0408821105957031
-0.108589172363281 -0.0286788940429688 -0.09375 0.0468673706054687
-0.100830078125 -0.00174713134765623 -0.1395263671875 0.0569229125976563
-0.0140953063964844 0.00907802581787109 0.151962280273438 -0.07196044921875
0.00171256065368652 -0.00392651557922363 0.127540588378906 -0.0439300537109375
-0.00662517547607422 -0.0135507583618164 0.0348625183105469 -0.0289859771728516
-0.00687026977539062 -0.0110359191894531 -0.0317535400390625 -0.111854553222656
-0.0115957260131836 -0.0124101638793945 -0.0966796875 -0.219024658203125
-0.0185432434082031 -0.00525474548339844 -0.186538696289063 -0.26812744140625
-0.0420722961425781 -0.00440597534179687 -0.26593017578125 -0.197860717773438
-0.0414581298828125 0.00225830078125 -0.254791259765625 -0.0912170410156251
-0.0377388000488281 0.0260734558105469 -0.239425659179687 0.03173828125
-0.0294952392578125 0.0289497375488281 -0.179580688476562 0.09686279296875
-0.0174198150634766 0.0316390991210938 -0.0587692260742187 0.115570068359375
-6.48498535156272E-05 0.0352325439453125 0.0477981567382813 0.066009521484375
0.00284576416015625 0.0320472717285156 0.106735229492187 0.00507354736328125
0.00830078125 0.0358924865722656 0.153228759765625 -0.0886688232421875
0.00343513488769531 0.0264244079589844 0.25 -0.113861083984375
-0.112380981445313 0.0428237915039063 0.128814697265625 -0.0653228759765625
-0.101837158203125 -0.0199813842773437 0.107345581054687 -0.042236328125
-0.123832702636719 -0.0719985961914063 0.0224685668945312 -0.0386085510253906
-0.0942459106445312 -0.0999908447265625 -0.0378494262695313 -0.106971740722656
-0.080841064453125 -0.127555847167969 -0.089141845703125 -0.206253051757813
-0.107315063476562 -0.111839294433594 -0.179718017578125 -0.239837646484375
-0.137458801269531 -0.0829315185546875 -0.235260009765625 -0.174285888671875
-0.127449035644531 -0.0677337646484375 -0.218215942382812 -0.08380126953125
-0.141632080078125 -0.006591796875 -0.21282958984375 0.0311279296875
-0.123771667480469 0.0195388793945313 -0.161575317382812 0.096221923828125
-0.103874206542969 0.0393829345703125 -0.0508499145507813 0.109504699707031
-0.0700531005859375 0.078094482421875 0.0545997619628906 0.0677566528320313
-0.0723190307617188 0.0777969360351563 0.11468505859375 0.0153350830078125
-0.0517501831054688 0.092559814453125 0.164962768554688 -0.0731048583984375
-0.0651931762695312 0.0852813720703125 0.248489379882812 -0.10076904296875
-0.1859130859375 0.0811004638671875 0.0728836059570312 -0.0547103881835937
-0.186737060546875 -0.00457763671875003 0.0559120178222656 -0.0475311279296875
-0.232452392578125 -0.0762481689453125 -0.00806808471679689 -0.0568466186523438
-0.1934814453125 -0.135391235351562 -0.0492477416992188 -0.102455139160156
-0.171096801757813 -0.19232177734375 -0.0782623291015625 -0.176361083984375
-0.19903564453125 -0.175704956054688 -0.152252197265625 -0.18353271484375
-0.219589233398438 -0.135513305664062 -0.17529296875 -0.128021240234375
-0.196029663085937 -0.127120971679688 -0.153427124023437 -0.064178466796875
-0.227890014648438 -0.04693603515625 -0.160247802734375 0.03076171875
-0.211456298828125 -0.00653076171875001 -0.122932434082031 0.0913467407226563
-0.192489624023438 0.0279083251953125 -0.031524658203125 0.100715637207031
-0.1494140625 0.101486206054688 0.06329345703125 0.0743637084960938
-0.156234741210937 0.103103637695313 0.121696472167969 0.0368118286132813
-0.121421813964844 0.131584167480469 0.171249389648438 -0.0370941162109375
-0.134033203125 0.126174926757813 0.226043701171875 -0.069580078125
-0.22119140625 0.117828369140625 -0.00287246704101564 -0.0321674346923828
-0.227523803710937 0.038238525390625 -0.0122528076171875 -0.0391921997070313
-0.2974853515625 -0.021820068359375 -0.0483741760253907 -0.06298828125
-0.269363403320312 -0.0997161865234375 -0.0563125610351563 -0.092559814453125
-0.251022338867188 -0.18310546875 -0.0509185791015625 -0.140716552734375
-0.271774291992188 -0.180221557617188 -0.091766357421875 -0.124374389648438
-0.272552490234375 -0.152099609375 -0.0868072509765625 -0.0794754028320313
-0.23583984375 -0.1680908203125 -0.0679817199707031 -0.0359230041503906
-0.2835693359375 -0.095794677734375 -0.0816268920898438 0.037353515625
-0.27752685546875 -0.0595703125 -0.05975341796875 0.0879058837890625
-0.269149780273438 -0.01971435546875 0.00147247314453123 0.0928497314453125
-0.229873657226562 0.0848846435546875 0.068634033203125 0.0855255126953125
-0.239044189453125 0.08880615234375 0.116401672363281 0.067840576171875
-0.194732666015625 0.135894775390625 0.159393310546875 0.0133819580078125
-0.195343017578125 0.138198852539062 0.179367065429688 -0.024810791015625
-0.215286254882813 0.13751220703125 -0.0792007446289063 0.00534820556640626
-0.217910766601563 0.0827178955078125 -0.0747299194335938 -0.0106658935546875
-0.2904052734375 0.04730224609375 -0.080108642578125 -0.0497589111328125
-0.278427124023438 -0.031097412109375 -0.0541534423828125 -0.0790786743164062
-0.273223876953125 -0.124053955078125 -0.00889587402343753 -0.114608764648438
-0.29345703125 -0.13873291015625 -0.00852203369140626 -0.0868453979492188
-0.283294677734375 -0.137542724609375 0.0162582397460937 -0.0447921752929688
-0.238265991210938 -0.185089111328125 0.0261497497558594 -0.00104713439941407
-0.293060302734375 -0.14263916015625 0.013031005859375 0.05938720703125
-0.295074462890625 -0.127716064453125 0.0197830200195312 0.100624084472656
-0.29803466796875 -0.09918212890625 0.0461959838867187 0.0950088500976563
-0.280227661132813 0.01904296875 0.068328857421875 0.0988235473632813
-0.2899169921875 0.02777099609375 0.0880279541015625 0.0965805053710937
-0.248733520507813 0.0987548828125 0.116203308105469 0.06317138671875
-0.232925415039062 0.119308471679688 0.108108520507812 0.0198211669921875
-0.177703857421875 0.129714965820313 -0.1405029296875 0.0514144897460937
-0.171112060546875 0.0990142822265625 -0.1156005859375 0.0296478271484375
-0.227508544921875 0.08270263671875 -0.0930252075195313 -0.0294647216796875
-0.2247314453125 0.018707275390625 -0.0444450378417969 -0.0686988830566406
-0.230941772460938 -0.0631256103515625 0.032318115234375 -0.102035522460938
-0.25439453125 -0.087188720703125 0.0726776123046875 -0.0776596069335938
-0.246353149414063 -0.107940673828125 0.114570617675781 -0.0297088623046875
-0.205047607421875 -0.172012329101563 0.115592956542969 0.0337600708007812
-0.251312255859375 -0.167160034179688 0.107894897460937 0.099365234375
-0.249176025390625 -0.178085327148437 0.0984649658203125 0.13824462890625
-0.253265380859375 -0.172027587890625 0.0907058715820312 0.116416931152344
-0.262603759765625 -0.065155029296875 0.06134033203125 0.1068115234375
-0.275421142578125 -0.0520782470703124 0.0383682250976562 0.102836608886719
-0.254837036132813 0.037200927734375 0.0443878173828125 0.08740234375
-0.232101440429688 0.078521728515625 0.0199012756347656 0.0506401062011719
-0.122825622558594 0.0911331176757812 -0.184112548828125 0.091339111328125
-0.113082885742188 0.0799484252929687 -0.138107299804688 0.0645370483398438
-0.14556884765625 0.0723419189453125 -0.0932998657226563 -0.0133819580078125
-0.143569946289063 0.02880859375 -0.0363960266113281 -0.0637741088867188
-0.150588989257813 -0.028533935546875 0.0590744018554687 -0.0979461669921875
-0.174285888671875 -0.0505218505859375 0.131668090820313 -0.0855865478515625
-0.169647216796875 -0.0755767822265625 0.188720703125 -0.03021240234375
-0.140533447265625 -0.132881164550781 0.186355590820313 0.062530517578125
-0.172012329101563 -0.151824951171875 0.183975219726563 0.147552490234375
-0.15875244140625 -0.172927856445313 0.1522216796875 0.195281982421875
-0.154891967773438 -0.18231201171875 0.1173095703125 0.15362548828125
-0.18011474609375 -0.108673095703125 0.0518722534179687 0.109603881835938
-0.197418212890625 -0.0946197509765625 -0.00910186767578126 0.0819015502929688
-0.201385498046875 -0.0130462646484375 -0.0302047729492188 0.0799179077148437
-0.183624267578125 0.0347137451171875 -0.0627899169921875 0.063720703125
-0.0622062683105469 0.0304412841796875 -0.213363647460938 0.11798095703125
-0.0584907531738281 0.0347328186035156 -0.151870727539063 0.086273193359375
-0.0700874328613281 0.0278663635253906 -0.0923919677734375 -0.00556182861328126
-0.0629806518554688 0.00715255737304688 -0.0352973937988281 -0.0623092651367188
-0.0626564025878906 -0.0215950012207031 0.068572998046875 -0.0957870483398438
-0.0777511596679688 -0.0337905883789062 0.162399291992188 -0.0955657958984375
-0.07147216796875 -0.0471343994140625 0.2310791015625 -0.034942626953125
-0.057586669921875 -0.0707015991210937 0.228927612304688 0.0787811279296875
-0.0730056762695313 -0.09295654296875 0.228851318359375 0.18743896484375
-0.061492919921875 -0.103118896484375 0.176361083984375 0.244583129882813
-0.0535125732421875 -0.112884521484375 0.123855590820312 0.18792724609375
-0.0793533325195313 -0.0771942138671875 0.046295166015625 0.106857299804687
-0.09344482421875 -0.0693817138671875 -0.0362930297851563 0.0482330322265625
-0.104667663574219 -0.02435302734375 -0.0836944580078125 0.051727294921875
-0.0978546142578125 0.000869750976562486 -0.122779846191406 0.0635757446289062
-0.0140295028686523 0.00907421112060547 0.138710021972656 -0.0744705200195313
0.00193142890930176 -0.00393867492675781 0.119049072265625 -0.0485153198242188
-0.00757884979248047 -0.0126457214355469 0.0325984954833984 -0.0328845977783203
-0.00850200653076172 -0.0100526809692383 -0.0325851440429687 -0.114799499511719
-0.0117311477661133 -0.0121030807495117 -0.097137451171875 -0.216766357421875
-0.0197887420654297 -0.00534820556640625 -0.18426513671875 -0.261199951171875
-0.0425071716308594 -0.00360870361328125 -0.257904052734375 -0.192092895507813
-0.0414085388183594 0.002685546875 -0.245834350585938 -0.0891265869140625
-0.0373344421386719 0.0267448425292969 -0.23248291015625 0.03387451171875
-0.0292015075683594 0.0285568237304687 -0.17449951171875 0.0995941162109375
-0.0182647705078125 0.0316810607910156 -0.0577163696289063 0.117744445800781
-0.00101470947265625 0.0354385375976563 0.0456314086914062 0.0681610107421875
0.00292587280273437 0.0313396453857422 0.105125427246094 0.00714111328125
0.00948715209960938 0.0360527038574219 0.152969360351563 -0.084259033203125
0.00416946411132813 0.0270137786865234 0.2518310546875 -0.112258911132813
-0.108688354492187 0.043243408203125 0.115745544433594 -0.0674362182617188
-0.0990371704101563 -0.01837158203125 0.0991363525390625 -0.0469970703125
-0.122581481933594 -0.0681838989257812 0.0190544128417969 -0.0414314270019531
-0.0938949584960938 -0.0966567993164063 -0.0380783081054688 -0.109909057617188
-0.08233642578125 -0.124580383300781 -0.08935546875 -0.205001831054688
-0.107498168945312 -0.107109069824219 -0.176101684570312 -0.233489990234375
-0.136299133300781 -0.0789794921875 -0.227890014648437 -0.169723510742188
-0.126251220703125 -0.0645294189453125 -0.210342407226563 -0.0823822021484375
-0.138092041015625 -0.00382232666015628 -0.205764770507813 0.0325469970703125
-0.1212158203125 0.020965576171875 -0.156295776367188 0.098785400390625
-0.102310180664063 0.03973388671875 -0.0498580932617188 0.11187744140625
-0.0674285888671875 0.0772705078125 0.0527076721191406 0.0695266723632813
-0.0690383911132812 0.0765609741210938 0.113388061523438 0.0174102783203125
-0.0476913452148437 0.0918807983398438 0.165267944335938 -0.0691680908203125
-0.0610885620117188 0.0854721069335937 0.250625610351562 -0.0998077392578125
-0.178848266601562 0.080718994140625 0.0615425109863281 -0.0566749572753906
-0.1800537109375 -0.00308227539062497 0.0490226745605469 -0.0515289306640625
-0.228347778320313 -0.0715179443359374 -0.0106582641601563 -0.0583572387695313
-0.19122314453125 -0.130722045898437 -0.0489730834960938 -0.105270385742188
-0.170684814453125 -0.18597412109375 -0.0786590576171875 -0.17633056640625
-0.197265625 -0.168060302734375 -0.148056030273437 -0.179107666015625
-0.215744018554688 -0.129913330078125 -0.169158935546875 -0.126312255859375
-0.1934814453125 -0.122604370117188 -0.14752197265625 -0.0634613037109375
-0.222015380859375 -0.042724609375 -0.153549194335938 0.0318450927734375
-0.207473754882813 -0.00395202636718751 -0.1180419921875 0.0930328369140625
-0.189346313476563 0.02899169921875 -0.0317230224609375 0.103286743164063
-0.144561767578125 0.100875854492187 0.0611419677734375 0.0759353637695313
-0.149444580078125 0.102340698242188 0.121147155761719 0.0388946533203125
-0.114013671875 0.130081176757812 0.171798706054688 -0.03497314453125
-0.128097534179688 0.12554931640625 0.229034423828125 -0.068695068359375
-0.21282958984375 0.117416381835938 -0.0121040344238281 -0.0333118438720703
-0.220352172851563 0.0391693115234375 -0.0176162719726563 -0.0430526733398438
-0.29022216796875 -0.0169677734375 -0.0507926940917969 -0.0640487670898438
-0.264556884765625 -0.0957794189453124 -0.0567398071289063 -0.0953826904296875
-0.248199462890625 -0.175750732421875 -0.0506439208984375 -0.141891479492188
-0.26763916015625 -0.170928955078125 -0.088623046875 -0.122611999511719
-0.2669677734375 -0.144561767578125 -0.0832901000976563 -0.0795364379882813
-0.23193359375 -0.1622314453125 -0.0658798217773438 -0.0359344482421875
-0.276046752929688 -0.0890655517578124 -0.0783004760742188 0.0382156372070312
-0.27197265625 -0.0545196533203125 -0.0570831298828125 0.0893783569335938
-0.264389038085938 -0.0170745849609375 0.000831604003906223 0.0951766967773437
-0.22314453125 0.085052490234375 0.067718505859375 0.0882034301757813
-0.22998046875 0.089111328125 0.117301940917969 0.0694122314453125
-0.185104370117188 0.134750366210937 0.161880493164063 0.01361083984375
-0.188095092773438 0.137924194335938 0.184738159179688 -0.02490234375
-0.20611572265625 0.135955810546875 -0.0858917236328125 0.00411224365234375
-0.210159301757813 0.0821685791015625 -0.078338623046875 -0.0140533447265625
-0.2816162109375 0.050384521484375 -0.0814208984375 -0.050750732421875
-0.272247314453125 -0.0285491943359375 -0.0540542602539063 -0.0822219848632813
-0.269439697265625 -0.118087768554687 -0.00965881347656253 -0.117156982421875
-0.287872314453125 -0.13092041015625 -0.00737762451171877 -0.0869979858398438
-0.276779174804688 -0.131362915039063 0.0164299011230469 -0.0465927124023438
-0.233978271484375 -0.1773681640625 0.0257797241210937 -0.00198554992675782
-0.28582763671875 -0.1341552734375 0.0143814086914062 0.0592918395996094
-0.28961181640625 -0.119781494140625 0.0204925537109375 0.100532531738281
-0.29339599609375 -0.0942993164062501 0.0449142456054687 0.0974197387695313
-0.272598266601563 0.0213470458984375 0.0681915283203125 0.101699829101563
-0.2806396484375 0.0305328369140625 0.0907516479492188 0.09814453125
-0.238510131835938 0.0985870361328125 0.120246887207031 0.0625991821289063
-0.22601318359375 0.11962890625 0.115753173828125 0.0198135375976563
-0.170150756835938 0.12744140625 -0.144775390625 0.050201416015625
-0.164047241210938 0.097564697265625 -0.117668151855469 0.026275634765625
-0.21881103515625 0.084075927734375 -0.0931930541992188 -0.029937744140625
-0.21807861328125 0.0195770263671875 -0.044647216796875 -0.0714111328125
-0.226165771484375 -0.0592041015625 0.0304794311523437 -0.104896545410156
-0.248855590820313 -0.0817413330078125 0.0714645385742187 -0.0792388916015625
-0.239700317382812 -0.102081298828125 0.11138916015625 -0.0320816040039063
-0.201187133789063 -0.166275024414063 0.112602233886719 0.0327911376953125
-0.24578857421875 -0.159805297851563 0.1064453125 0.0971755981445313
-0.244552612304688 -0.169998168945313 0.0960693359375 0.136604309082031
-0.249954223632813 -0.16650390625 0.0882949829101562 0.116928100585937
-0.256439208984375 -0.0609130859374999 0.0617904663085937 0.110580444335938
-0.267868041992188 -0.0477294921875 0.0425186157226562 0.105758666992188
-0.246292114257813 0.03802490234375 0.0505599975585937 0.087615966796875
-0.225189208984375 0.0796051025390625 0.0304450988769531 0.0511054992675781
-0.117744445800781 0.0898056030273438 -0.187088012695313 0.0899505615234375
-0.107894897460938 0.079315185546875 -0.139305114746094 0.0609817504882812
-0.139427185058594 0.0725631713867187 -0.09326171875 -0.0151596069335938
-0.138519287109375 0.0284576416015625 -0.0361137390136719 -0.0658493041992188
-0.147369384765625 -0.026885986328125 0.057464599609375 -0.100669860839844
-0.169906616210938 -0.047088623046875 0.1285400390625 -0.0878524780273437
-0.165618896484375 -0.071990966796875 0.181716918945313 -0.03167724609375
-0.137908935546875 -0.128311157226563 0.180282592773438 0.060943603515625
-0.168075561523438 -0.146072387695312 0.179702758789063 0.144317626953125
-0.156387329101562 -0.166961669921875 0.148941040039063 0.191696166992188
-0.15234375 -0.177886962890625 0.116226196289062 0.152725219726563
-0.176162719726563 -0.105178833007812 0.05255126953125 0.113037109375
-0.193008422851563 -0.0901641845703125 -0.00501251220703127 0.08636474609375
-0.195205688476562 -0.01141357421875 -0.0231399536132813 0.0813446044921875
-0.178756713867188 0.0358123779296875 -0.0501174926757813 0.0651130676269531
-0.0602340698242187 0.0295867919921875 -0.214340209960938 0.116943359375
-0.0559959411621094 0.0347099304199219 -0.151962280273438 0.08367919921875
-0.0670509338378906 0.0280723571777344 -0.0923080444335938 -0.00732421874999998
-0.0604438781738281 0.00698089599609374 -0.03533935546875 -0.0643386840820313
-0.0600700378417969 -0.0206527709960938 0.0677108764648438 -0.097503662109375
-0.0752792358398438 -0.0318374633789063 0.156936645507813 -0.098541259765625
-0.0694541931152344 -0.0449256896972656 0.222808837890625 -0.037261962890625
-0.0564308166503906 -0.0687103271484375 0.221542358398437 0.0777740478515625
-0.0724868774414062 -0.0897598266601563 0.223464965820313 0.182449340820313
-0.0606613159179688 -0.0998382568359375 0.173355102539063 0.239334106445312
-0.0524826049804688 -0.110588073730469 0.122879028320313 0.1866455078125
-0.0766372680664063 -0.0744857788085938 0.0480728149414062 0.111160278320313
-0.09100341796875 -0.0666351318359375 -0.0325050354003906 0.0537261962890625
-0.101997375488281 -0.023223876953125 -0.0758285522460938 0.0545806884765625
-0.0964813232421875 0.000930786132812517 -0.108680725097656 0.065032958984375
-0.0138158798217773 0.00903511047363281 0.129653930664063 -0.0753402709960938
0.00240921974182129 -0.00382542610168457 0.114089965820313 -0.0525970458984375
-0.00864219665527344 -0.013458251953125 0.0315437316894531 -0.0364608764648438
-0.0088958740234375 -0.00977706909179688 -0.03265380859375 -0.120704650878906
-0.0125808715820313 -0.0124607086181641 -0.09619140625 -0.221084594726563
-0.0202445983886719 -0.00550460815429688 -0.181793212890625 -0.263809204101563
-0.0441627502441406 -0.00400924682617187 -0.253372192382813 -0.19573974609375
-0.042938232421875 0.00228500366210937 -0.241912841796875 -0.093536376953125
-0.0378608703613281 0.0280609130859375 -0.230697631835938 0.0332183837890625
-0.0303821563720703 0.0292701721191406 -0.174819946289063 0.101348876953125
-0.0202770233154297 0.0326728820800781 -0.0594711303710938 0.121978759765625
-0.00145339965820313 0.0359039306640625 0.0445709228515625 0.0713577270507813
0.00295448303222656 0.0315876007080078 0.10626220703125 0.010711669921875
0.0106239318847656 0.0376510620117187 0.15765380859375 -0.08056640625
0.00443458557128906 0.0287609100341797 0.261703491210938 -0.111343383789063
-0.108634948730469 0.0435791015625 0.106651306152344 -0.0682601928710938
-0.098419189453125 -0.0193634033203125 0.094482421875 -0.050445556640625
-0.123382568359375 -0.0686492919921875 0.0179862976074219 -0.044891357421875
-0.0947799682617188 -0.0975418090820313 -0.03802490234375 -0.115409851074219
-0.08306884765625 -0.124565124511719 -0.089111328125 -0.210433959960938
-0.107666015625 -0.106765747070313 -0.173248291015625 -0.236419677734375
-0.136550903320313 -0.0792083740234375 -0.224319458007813 -0.173919677734375
-0.1268310546875 -0.065185546875 -0.207382202148438 -0.0867919921875
-0.137802124023438 -0.00372314453125002 -0.203933715820313 0.031524658203125
-0.122276306152344 0.0212478637695312 -0.156158447265625 0.100875854492187
-0.103927612304688 0.0403823852539063 -0.0519180297851563 0.116317749023438
-0.0681610107421875 0.0770950317382812 0.0513381958007812 0.0734329223632813
-0.0688323974609375 0.0767593383789062 0.114707946777344 0.0214691162109375
-0.045501708984375 0.0929946899414062 0.170486450195313 -0.06597900390625
-0.06201171875 0.0864944458007813 0.259902954101563 -0.0988006591796875
-0.178390502929688 0.0806427001953125 0.0528106689453125 -0.0576057434082031
-0.179168701171875 -0.00439453124999997 0.0433235168457031 -0.0558738708496094
-0.2288818359375 -0.0717926025390625 -0.0129585266113281 -0.0614547729492188
-0.191543579101563 -0.131057739257812 -0.0492477416992188 -0.111175537109375
-0.1727294921875 -0.186782836914063 -0.0779266357421875 -0.181365966796875
-0.19775390625 -0.166793823242188 -0.14508056640625 -0.181610107421875
-0.215408325195313 -0.130142211914063 -0.166061401367188 -0.130645751953125
-0.19305419921875 -0.123611450195312 -0.145401000976563 -0.067352294921875
-0.22125244140625 -0.0426177978515625 -0.152267456054688 0.0315399169921875
-0.207260131835938 -0.00398254394531252 -0.118171691894531 0.0953140258789063
-0.19073486328125 0.029083251953125 -0.0332489013671875 0.108329772949219
-0.145278930664062 0.100479125976563 0.060516357421875 0.081695556640625
-0.148834228515625 0.102279663085937 0.122871398925781 0.042816162109375
-0.111282348632813 0.129608154296875 0.178070068359375 -0.0319671630859375
-0.128387451171875 0.126480102539063 0.238388061523438 -0.0676727294921875
-0.21136474609375 0.116043090820312 -0.0209522247314453 -0.0346927642822266
-0.218780517578125 0.0380706787109375 -0.0234642028808594 -0.0470962524414063
-0.28936767578125 -0.017181396484375 -0.0530662536621094 -0.0659446716308594
-0.264892578125 -0.0970611572265625 -0.0570602416992188 -0.101303100585937
-0.2503662109375 -0.176498413085937 -0.0511322021484375 -0.147323608398438
-0.267898559570313 -0.170623779296875 -0.0859298706054688 -0.125198364257813
-0.266586303710938 -0.145950317382813 -0.0814743041992188 -0.082366943359375
-0.231826782226563 -0.163345336914062 -0.0645904541015625 -0.038055419921875
-0.27490234375 -0.08953857421875 -0.0761337280273438 0.0387039184570313
-0.27178955078125 -0.0546875 -0.057373046875 0.0916366577148438
-0.265533447265625 -0.0178070068359375 -0.000526428222656261 0.100425720214844
-0.22357177734375 0.084320068359375 0.06829833984375 0.0937042236328125
-0.228836059570313 0.0889434814453125 0.119590759277344 0.0737380981445313
-0.182830810546875 0.133087158203125 0.167938232421875 0.0164794921875
-0.18927001953125 0.138412475585938 0.194259643554688 -0.02374267578125
-0.204925537109375 0.135223388671875 -0.0948257446289063 0.00260162353515625
-0.208206176757813 0.0807952880859375 -0.0845565795898438 -0.0180816650390625
-0.28076171875 0.0507049560546874 -0.0841217041015625 -0.0528335571289063
-0.27197265625 -0.0298614501953125 -0.0550308227539063 -0.08746337890625
-0.271713256835938 -0.117950439453125 -0.00957489013671876 -0.121818542480469
-0.286895751953125 -0.1307373046875 -0.00571441650390628 -0.09002685546875
-0.275955200195312 -0.13153076171875 0.0178604125976562 -0.0491485595703125
-0.233810424804688 -0.1795654296875 0.0260848999023437 -0.00214767456054689
-0.284637451171875 -0.134918212890625 0.0156135559082031 0.0604782104492188
-0.288818359375 -0.12103271484375 0.019989013671875 0.103179931640625
-0.29473876953125 -0.0961914062499999 0.0434646606445312 0.102684020996094
-0.272720336914063 0.0208282470703126 0.0694046020507813 0.108467102050781
-0.27899169921875 0.0300140380859375 0.0935211181640625 0.102973937988281
-0.236190795898438 0.0973205566406249 0.126419067382812 0.0650253295898438
-0.226394653320313 0.119949340820312 0.125839233398438 0.0208282470703125
-0.169113159179687 0.126251220703125 -0.153793334960938 0.0481719970703125
-0.162429809570313 0.096343994140625 -0.124099731445313 0.0226974487304688
-0.217269897460938 0.0844573974609375 -0.0955657958984375 -0.0321731567382812
-0.218460083007813 0.018402099609375 -0.0452041625976563 -0.0754318237304687
-0.22784423828125 -0.059967041015625 0.03131103515625 -0.109153747558594
-0.248016357421875 -0.0819854736328125 0.0726318359375 -0.0823822021484375
-0.238937377929687 -0.1031494140625 0.110786437988281 -0.0334320068359375
-0.1995849609375 -0.167221069335938 0.111473083496094 0.0344467163085937
-0.243820190429688 -0.160247802734375 0.106803894042969 0.100311279296875
-0.24395751953125 -0.170455932617188 0.0960693359375 0.140068054199219
-0.250991821289063 -0.168594360351563 0.0875244140625 0.122535705566406
-0.255996704101563 -0.0630340576171875 0.0634231567382812 0.117164611816406
-0.266830444335938 -0.048431396484375 0.0459060668945312 0.111587524414063
-0.244461059570313 0.036102294921875 0.0564727783203125 0.0899658203125
-0.22662353515625 0.078704833984375 0.0404014587402344 0.0517921447753906
-0.116493225097656 0.0882492065429688 -0.195556640625 0.0885162353515625
-0.106796264648438 0.0783157348632812 -0.144638061523438 0.0582427978515625
-0.138511657714844 0.0719375610351562 -0.0955810546875 -0.0173721313476562
-0.137733459472656 0.027191162109375 -0.0363273620605469 -0.0700187683105469
-0.147216796875 -0.0269012451171875 0.05853271484375 -0.104576110839844
-0.168746948242188 -0.0479736328125 0.128631591796875 -0.0904998779296875
-0.1646728515625 -0.0723724365234375 0.180831909179688 -0.032806396484375
-0.136207580566406 -0.1292724609375 0.17852783203125 0.0640716552734375
-0.166748046875 -0.146377563476563 0.17877197265625 0.147201538085938
-0.155899047851563 -0.166458129882812 0.146881103515625 0.195144653320313
-0.152114868164063 -0.179122924804688 0.115142822265625 0.158416748046875
-0.175430297851562 -0.105667114257813 0.0546035766601562 0.12054443359375
-0.191116333007813 -0.0913238525390625 -0.00114440917968751 0.0922164916992188
-0.19403076171875 -0.0131988525390625 -0.01715087890625 0.0830307006835937
-0.179916381835938 0.03460693359375 -0.0394172668457031 0.0659332275390625
-0.0595054626464844 0.0287437438964844 -0.22296142578125 0.115432739257812
-0.0552597045898438 0.0342140197753906 -0.157806396484375 0.081329345703125
-0.0662651062011719 0.0273551940917969 -0.0949783325195312 -0.01031494140625
-0.0597915649414062 0.00556182861328125 -0.0351333618164063 -0.0674476623535156
-0.0599746704101563 -0.02117919921875 0.069549560546875 -0.100776672363281
-0.074615478515625 -0.0320892333984375 0.156982421875 -0.100616455078125
-0.0682220458984375 -0.0451011657714844 0.220001220703125 -0.0366973876953125
-0.05511474609375 -0.0693244934082031 0.218002319335938 0.0814208984375
-0.071075439453125 -0.0907974243164063 0.220321655273437 0.18609619140625
-0.0596847534179687 -0.100082397460938 0.169708251953125 0.243026733398438
-0.051666259765625 -0.112281799316406 0.12237548828125 0.191726684570313
-0.07574462890625 -0.0752182006835937 0.0496139526367187 0.118133544921875
-0.0894775390625 -0.0664443969726563 -0.0291175842285156 0.0598678588867187
-0.101394653320313 -0.0249786376953125 -0.0704421997070313 0.0565338134765625
-0.0974044799804687 0.00017547607421876 -0.0979080200195313 0.0658035278320313
-0.0142440795898437 0.00997734069824219 0.123619079589844 -0.078277587890625
0.00283193588256836 -0.00397825241088867 0.111770629882812 -0.0580902099609375
-0.00994586944580078 -0.0139808654785156 0.030914306640625 -0.0415382385253906
-0.0105037689208984 -0.00973415374755859 -0.0352096557617187 -0.128944396972656
-0.013920783996582 -0.0134086608886719 -0.1002197265625 -0.23046875
-0.0221920013427734 -0.00573921203613281 -0.186599731445313 -0.271774291992188
-0.0469093322753906 -0.00349807739257812 -0.258865356445313 -0.201934814453125
-0.0454597473144531 0.00267791748046875 -0.24652099609375 -0.0981597900390625
-0.0400047302246094 0.0293655395507813 -0.2349853515625 0.03485107421875
-0.0323677062988281 0.0313434600830078 -0.1795654296875 0.108169555664063
-0.0219821929931641 0.0344161987304688 -0.06146240234375 0.130294799804688
-0.00246810913085938 0.0374374389648438 0.045379638671875 0.0769271850585938
0.00272178649902344 0.0327796936035156 0.110694885253906 0.013092041015625
0.0129623413085938 0.0398941040039063 0.167037963867187 -0.08203125
0.00474166870117187 0.0305957794189453 0.277694702148438 -0.1160888671875
-0.110099792480469 0.0461654663085937 0.100509643554688 -0.0713119506835938
-0.10015869140625 -0.0200576782226563 0.0911636352539063 -0.0563125610351563
-0.127967834472656 -0.069793701171875 0.0165176391601562 -0.0495872497558594
-0.0990371704101563 -0.0992279052734375 -0.0414047241210938 -0.124786376953125
-0.0878524780273438 -0.128410339355469 -0.0937347412109375 -0.219497680664062
-0.112228393554688 -0.10821533203125 -0.177261352539062 -0.243118286132813
-0.141937255859375 -0.0803680419921875 -0.228713989257813 -0.180877685546875
-0.131515502929688 -0.0664825439453125 -0.211029052734375 -0.0914764404296875
-0.141799926757813 -0.00260925292968752 -0.207870483398438 0.0333404541015625
-0.126449584960938 0.0230484008789062 -0.159194946289063 0.10723876953125
-0.108627319335938 0.0427474975585937 -0.0535202026367188 0.124710083007813
-0.0699615478515625 0.0806427001953125 0.0528945922851562 0.0801162719726563
-0.0697097778320313 0.0795745849609375 0.120018005371094 0.0243072509765625
-0.0436553955078125 0.0953216552734375 0.179458618164063 -0.066131591796875
-0.0623550415039062 0.0905990600585938 0.27630615234375 -0.103836059570313
-0.182113647460938 0.084014892578125 0.0442428588867187 -0.0598487854003906
-0.182723999023437 -0.00473022460937501 0.0383491516113281 -0.0614356994628906
-0.23590087890625 -0.071807861328125 -0.0161209106445313 -0.0654067993164063
-0.1986083984375 -0.134414672851562 -0.0526199340820313 -0.12017822265625
-0.180816650390625 -0.19073486328125 -0.08197021484375 -0.190902709960938
-0.2039794921875 -0.169403076171875 -0.147232055664063 -0.18756103515625
-0.221923828125 -0.13165283203125 -0.169342041015625 -0.135818481445313
-0.2003173828125 -0.125686645507813 -0.148147583007813 -0.07183837890625
-0.22723388671875 -0.042022705078125 -0.15423583984375 0.033050537109375
-0.21331787109375 -0.00238037109375001 -0.119720458984375 0.101119995117187
-0.1976318359375 0.030731201171875 -0.0345306396484375 0.116279602050781
-0.148345947265625 0.104293823242188 0.0625762939453125 0.0881576538085937
-0.151138305664062 0.1063232421875 0.128829956054687 0.04632568359375
-0.111396789550781 0.133018493652344 0.188232421875 -0.0317230224609375
-0.131103515625 0.131950378417969 0.254196166992188 -0.071533203125
-0.215072631835937 0.119873046875 -0.0311813354492188 -0.0363845825195313
-0.222747802734375 0.038970947265625 -0.0310287475585938 -0.0523338317871094
-0.297454833984375 -0.015106201171875 -0.0573883056640625 -0.0694427490234375
-0.273788452148438 -0.0984191894531249 -0.0605697631835937 -0.109405517578125
-0.26092529296875 -0.179122924804687 -0.054718017578125 -0.155960083007813
-0.275772094726563 -0.17095947265625 -0.08734130859375 -0.129920959472656
-0.274398803710938 -0.14703369140625 -0.0823135375976562 -0.0874481201171875
-0.239120483398437 -0.1671142578125 -0.0657958984375 -0.0405693054199219
-0.28167724609375 -0.09033203125 -0.0764083862304688 0.0409927368164063
-0.279495239257813 -0.0538787841796876 -0.0571670532226563 0.0967636108398437
-0.275924682617188 -0.0167388916015625 3.81469726562404E-05 0.10845947265625
-0.229385375976562 0.0879974365234375 0.0712890625 0.101287841796875
-0.23358154296875 0.093170166015625 0.126075744628906 0.078216552734375
-0.1842041015625 0.1368408203125 0.178619384765625 0.0173187255859375
-0.1937255859375 0.144989013671875 0.209335327148438 -0.02606201171875
-0.208770751953125 0.139022827148437 -0.107139587402344 0.0026092529296875
-0.212203979492188 0.0836029052734375 -0.0934677124023438 -0.0212936401367187
-0.286834716796875 0.0544738769531249 -0.08917236328125 -0.0550384521484375
-0.28057861328125 -0.0287628173828125 -0.0582427978515625 -0.0941925048828125
-0.281051635742187 -0.119171142578125 -0.0112762451171875 -0.13043212890625
-0.29510498046875 -0.13079833984375 -0.00464630126953126 -0.095245361328125
-0.28369140625 -0.13311767578125 0.0180130004882812 -0.0526962280273438
-0.24139404296875 -0.183242797851563 0.0267829895019531 -0.00260162353515626
-0.2919921875 -0.13671875 0.0180282592773437 0.0632438659667969
-0.29766845703125 -0.122039794921875 0.0222396850585937 0.108230590820313
-0.30535888671875 -0.0975341796875 0.0453414916992187 0.109947204589844
-0.280029296875 0.022064208984375 0.0738067626953125 0.116767883300781
-0.285064697265625 0.0317687988281249 0.10028076171875 0.108894348144531
-0.240341186523438 0.099700927734375 0.1368408203125 0.06671142578125
-0.233230590820312 0.125640869140625 0.139411926269531 0.0200424194335938
-0.171783447265625 0.129730224609375 -0.167083740234375 0.050506591796875
-0.164886474609375 0.099639892578125 -0.133857727050781 0.0217819213867188
-0.22137451171875 0.0883941650390625 -0.101089477539063 -0.0338668823242187
-0.22412109375 0.02008056640625 -0.0481414794921875 -0.0819091796875
-0.234527587890625 -0.0588836669921875 0.0317611694335937 -0.117073059082031
-0.255325317382813 -0.0820922851562501 0.0746994018554687 -0.08734130859375
-0.245071411132813 -0.103500366210937 0.112823486328125 -0.0360260009765625
-0.206298828125 -0.171798706054688 0.114364624023437 0.0362472534179687
-0.251190185546875 -0.163497924804687 0.110519409179688 0.103729248046875
-0.25201416015625 -0.173324584960937 0.09912109375 0.145782470703125
-0.259841918945313 -0.172607421875 0.0908355712890625 0.130561828613281
-0.263717651367188 -0.0633087158203125 0.068359375 0.12689208984375
-0.272720336914062 -0.048980712890625 0.0523223876953125 0.1190185546875
-0.249649047851562 0.0368499755859375 0.0652694702148437 0.0932159423828125
-0.232650756835938 0.08319091796875 0.0526885986328125 0.0531387329101563
-0.118118286132812 0.0904998779296875 -0.209548950195313 0.091827392578125
-0.107826232910156 0.0804443359375 -0.154296875 0.059112548828125
-0.139877319335938 0.0747756958007813 -0.101043701171875 -0.0183486938476563
-0.141159057617188 0.0287322998046875 -0.0382156372070313 -0.0754623413085937
-0.151229858398438 -0.027435302734375 0.0602645874023437 -0.112022399902344
-0.173202514648438 -0.047637939453125 0.131263732910156 -0.0966339111328125
-0.168380737304688 -0.072998046875 0.183746337890625 -0.034820556640625
-0.140426635742188 -0.132537841796875 0.182861328125 0.0677490234375
-0.1708984375 -0.149826049804687 0.183609008789063 0.152603149414063
-0.160858154296875 -0.170059204101562 0.151687622070313 0.202484130859375
-0.157791137695313 -0.185516357421875 0.119338989257812 0.167190551757813
-0.180084228515625 -0.108901977539062 0.0592803955078125 0.130470275878906
-0.195205688476563 -0.092742919921875 0.00349426269531248 0.100692749023438
-0.198776245117188 -0.014251708984375 -0.010406494140625 0.0875396728515625
-0.1859130859375 0.0366973876953125 -0.0299453735351563 0.0679054260253906
-0.0606269836425781 0.0289459228515625 -0.236312866210938 0.120147705078125
-0.0554695129394531 0.0354270935058594 -0.167205810546875 0.083099365234375
-0.0668182373046875 0.0284690856933594 -0.0998458862304688 -0.0118026733398437
-0.0610122680664063 0.00574874877929688 -0.0370712280273438 -0.0725479125976563
-0.0612335205078125 -0.02178955078125 0.0720443725585938 -0.107994079589844
-0.076446533203125 -0.032745361328125 0.159698486328125 -0.106674194335938
-0.0700569152832031 -0.0467681884765625 0.223617553710938 -0.0389251708984375
-0.0566177368164063 -0.0715713500976563 0.22247314453125 0.0855865478515625
-0.072967529296875 -0.09259033203125 0.225677490234375 0.191574096679687
-0.0615081787109375 -0.102928161621094 0.174209594726563 0.251510620117188
-0.0533828735351562 -0.116569519042969 0.127288818359375 0.200912475585938
-0.0768508911132813 -0.0774765014648438 0.0542526245117188 0.128303527832031
-0.0908966064453125 -0.0680999755859375 -0.0254325866699219 0.0674896240234375
-0.104118347167969 -0.0262069702148437 -0.0664176940917969 0.0604286193847656
-0.100814819335938 8.39233398437368E-05 -0.0900421142578125 0.0687942504882813
-0.0143823623657227 0.0115413665771484 0.116401672363281 -0.0853271484375
0.00326251983642578 -0.00511312484741211 0.107284545898438 -0.0676193237304688
-0.0115785598754883 -0.0144424438476563 0.0293846130371094 -0.0481414794921875
-0.0117616653442383 -0.00941848754882812 -0.0422439575195313 -0.138114929199219
-0.0158462524414063 -0.0138406753540039 -0.112319946289063 -0.239639282226563
-0.0246810913085938 -0.00556182861328125 -0.201156616210937 -0.278091430664063
-0.0507850646972656 -0.00188446044921875 -0.272796630859375 -0.204559326171875
-0.0489120483398437 0.00441360473632812 -0.256591796875 -0.0984344482421875
-0.0409889221191406 0.0330238342285156 -0.241973876953125 0.0436553955078125
-0.0333213806152344 0.0341835021972656 -0.18218994140625 0.12127685546875
-0.0229225158691406 0.0380516052246094 -0.059814453125 0.141189575195313
-0.00181961059570312 0.0401802062988281 0.0493392944335938 0.0819931030273438
0.00369644165039063 0.0342464447021484 0.116867065429687 0.0125885009765625
0.0164947509765625 0.0413093566894531 0.176010131835938 -0.0889892578125
0.00647163391113281 0.0328178405761719 0.29376220703125 -0.13262939453125
-0.113105773925781 0.0512771606445313 0.0932540893554688 -0.0763931274414063
-0.10369873046875 -0.0180511474609375 0.0858078002929688 -0.0650787353515625
-0.135658264160156 -0.0680389404296875 0.01318359375 -0.0550651550292969
-0.106605529785156 -0.0999526977539063 -0.0482254028320313 -0.1339111328125
-0.0977096557617187 -0.13006591796875 -0.104888916015625 -0.228775024414062
-0.121047973632812 -0.108161926269531 -0.189483642578125 -0.248428344726562
-0.150344848632813 -0.0776824951171875 -0.240951538085938 -0.183624267578125
-0.140106201171875 -0.0638809204101563 -0.2208251953125 -0.0920867919921875
-0.146621704101563 0.00317382812500003 -0.212539672851563 0.040802001953125
-0.131126403808594 0.0289077758789063 -0.160797119140625 0.118621826171875
-0.113113403320312 0.049163818359375 -0.0517501831054688 0.135963439941406
-0.0702285766601563 0.0868148803710938 0.05731201171875 0.0848159790039063
-0.0693206787109375 0.0849761962890625 0.126457214355469 0.0240478515625
-0.0406112670898437 0.10009765625 0.1900634765625 -0.07354736328125
-0.0615234375 0.0986404418945313 0.292083740234375 -0.118560791015625
-0.18524169921875 0.0928802490234375 0.0349617004394531 -0.06298828125
-0.188812255859375 -0.000106811523437495 0.0310020446777344 -0.0681877136230469
-0.2471923828125 -0.0664215087890625 -0.0216903686523438 -0.0698623657226563
-0.211593627929688 -0.133270263671875 -0.060333251953125 -0.128822326660156
-0.19647216796875 -0.190887451171875 -0.09271240234375 -0.199783325195313
-0.217727661132813 -0.167633056640625 -0.15625 -0.192031860351563
-0.23529052734375 -0.128036499023438 -0.17852783203125 -0.13922119140625
-0.212127685546875 -0.123504638671875 -0.155914306640625 -0.0726318359375
-0.23663330078125 -0.03497314453125 -0.15753173828125 0.0391845703125
-0.222183227539062 0.00506591796874999 -0.119766235351563 0.111152648925781
-0.20703125 0.039398193359375 -0.0317459106445313 0.126930236816406
-0.150741577148438 0.11383056640625 0.0687942504882812 0.0936660766601563
-0.152725219726563 0.115585327148438 0.137603759765625 0.0467376708984375
-0.109237670898437 0.14111328125 0.19940185546875 -0.0389556884765625
-0.132400512695312 0.144210815429688 0.271026611328125 -0.0849761962890625
-0.21856689453125 0.131591796875 -0.0430412292480469 -0.0360031127929687
-0.22930908203125 0.0467834472656249 -0.0412178039550782 -0.0557594299316406
-0.30804443359375 -0.00585937499999998 -0.0643234252929688 -0.0713424682617188
-0.288238525390625 -0.0929870605468749 -0.0690689086914063 -0.116996765136719
-0.279312133789063 -0.176681518554688 -0.0631256103515625 -0.164535522460938
-0.29144287109375 -0.167724609375 -0.0921478271484375 -0.134307861328125
-0.289154052734375 -0.14239501953125 -0.0880966186523438 -0.0907440185546875
-0.253921508789063 -0.165420532226563 -0.0687751770019531 -0.0413970947265625
-0.29449462890625 -0.083526611328125 -0.0757598876953125 0.0449905395507812
-0.293060302734375 -0.04638671875 -0.0553665161132813 0.104446411132812
-0.290008544921875 -0.00796508789062502 0.00363159179687497 0.11773681640625
-0.235488891601563 0.0993194580078125 0.0794754028320312 0.107498168945313
-0.238296508789063 0.104598999023438 0.137123107910156 0.079833984375
-0.185226440429688 0.147232055664062 0.192184448242188 0.011962890625
-0.196517944335937 0.159683227539063 0.225906372070312 -0.0361328125
-0.210372924804688 0.15087890625 -0.120475769042969 0.00722503662109374
-0.2158203125 0.092559814453125 -0.105232238769531 -0.0205841064453125
-0.2939453125 0.066558837890625 -0.0962982177734375 -0.0550384521484375
-0.29266357421875 -0.021240234375 -0.0658111572265625 -0.100906372070313
-0.297393798828125 -0.113250732421875 -0.0177993774414063 -0.139053344726562
-0.309967041015625 -0.124969482421875 -0.00679016113281253 -0.100807189941406
-0.297637939453125 -0.127532958984375 0.0171585083007812 -0.0571670532226563
-0.255905151367187 -0.182266235351563 0.0281524658203125 -0.00365257263183595
-0.30645751953125 -0.132110595703125 0.0225906372070312 0.0659065246582031
-0.313140869140625 -0.115997314453125 0.027130126953125 0.1136474609375
-0.322723388671875 -0.0913696289062501 0.0517807006835937 0.11773681640625
-0.291107177734375 0.032135009765625 0.0837554931640625 0.123748779296875
-0.294036865234375 0.042877197265625 0.112266540527344 0.113372802734375
-0.244781494140625 0.110244750976562 0.150924682617187 0.06524658203125
-0.23858642578125 0.140487670898438 0.155227661132813 0.01434326171875
-0.172439575195313 0.139923095703125 -0.1807861328125 0.0582122802734375
-0.1661376953125 0.108016967773438 -0.145095825195313 0.025726318359375
-0.224533081054688 0.09954833984375 -0.10821533203125 -0.0321578979492187
-0.232025146484375 0.0283660888671875 -0.05413818359375 -0.087310791015625
-0.246597290039063 -0.0534820556640624 0.0275497436523437 -0.126350402832031
-0.2664794921875 -0.0760955810546875 0.0749969482421875 -0.09539794921875
-0.256881713867187 -0.0989837646484375 0.115020751953125 -0.0420913696289063
-0.21893310546875 -0.171554565429687 0.120071411132813 0.0355300903320312
-0.2655029296875 -0.160720825195312 0.119384765625 0.105728149414062
-0.267059326171875 -0.171646118164063 0.108062744140625 0.150650024414063
-0.27789306640625 -0.1712646484375 0.0998458862304687 0.137290954589844
-0.276077270507813 -0.0583953857421875 0.078887939453125 0.13555908203125
-0.284515380859375 -0.0418701171875 0.0630264282226563 0.125938415527344
-0.256942749023438 0.04498291015625 0.0780105590820312 0.0953903198242188
-0.2403564453125 0.095123291015625 0.0664176940917969 0.0517692565917969
-0.118766784667969 0.096343994140625 -0.22320556640625 0.10333251953125
-0.10736083984375 0.08636474609375 -0.1646728515625 0.0656280517578125
-0.140342712402344 0.08251953125 -0.107681274414063 -0.0162734985351563
-0.1458740234375 0.0338592529296875 -0.0435409545898437 -0.0807037353515625
-0.158096313476562 -0.0232391357421875 0.05902099609375 -0.122665405273437
-0.180572509765625 -0.0438079833984375 0.132888793945313 -0.106651306152344
-0.176437377929688 -0.0702667236328125 0.188003540039062 -0.042449951171875
-0.149322509765625 -0.133651733398438 0.191635131835938 0.066436767578125
-0.182296752929688 -0.149459838867188 0.195907592773438 0.154327392578125
-0.171707153320313 -0.171783447265625 0.16357421875 0.208358764648438
-0.171188354492188 -0.188629150390625 0.131103515625 0.1744384765625
-0.189926147460938 -0.10845947265625 0.0701751708984375 0.14007568359375
-0.20501708984375 -0.0904541015625 0.011932373046875 0.109489440917969
-0.206146240234375 -0.00933837890625002 -0.00170135498046877 0.091949462890625
-0.193099975585938 0.044769287109375 -0.0178184509277344 0.0699653625488281
-0.0612754821777344 0.0309486389160156 -0.250411987304688 0.134414672851562
-0.0549888610839844 0.0378494262695312 -0.176162719726563 0.0917816162109375
-0.0678672790527344 0.0319175720214844 -0.107307434082031 -0.00958251953125001
-0.0627708435058594 0.00796890258789063 -0.0415802001953125 -0.0775604248046875
-0.0634803771972656 -0.0208168029785156 0.0718917846679688 -0.118965148925781
-0.0794601440429688 -0.0316238403320313 0.161300659179688 -0.118316650390625
-0.0734405517578125 -0.045562744140625 0.228118896484375 -0.0467071533203125
-0.0604324340820313 -0.0726318359375 0.232223510742187 0.0850372314453125
-0.0784454345703125 -0.093719482421875 0.240127563476563 0.193572998046875
-0.066741943359375 -0.104942321777344 0.187698364257813 0.259170532226563
-0.058990478515625 -0.1207275390625 0.140243530273437 0.209060668945313
-0.080780029296875 -0.0787429809570313 0.0651473999023438 0.137222290039063
-0.09515380859375 -0.06817626953125 -0.0200271606445313 0.076263427734375
-0.108451843261719 -0.0248794555664063 -0.0610427856445313 0.0663185119628906
-0.105491638183594 0.00308227539062499 -0.0805816650390625 0.0727615356445313
-0.0143594741821289 0.0136871337890625 0.105049133300781 -0.0932388305664063
0.00304555892944336 -0.00638389587402344 0.0986557006835938 -0.0782852172851563
-0.0142173767089844 -0.0146865844726562 0.0248336791992187 -0.0553817749023438
-0.0140342712402344 -0.0090780258178711 -0.0531158447265625 -0.144927978515625
-0.0188770294189453 -0.0133476257324219 -0.130905151367188 -0.242431640625
-0.0268001556396484 -0.0038299560546875 -0.220916748046875 -0.275634765625
-0.0530509948730469 0.00220108032226561 -0.290283203125 -0.19622802734375
-0.0515518188476563 0.00854110717773439 -0.268325805664063 -0.0898895263671875
-0.0405197143554688 0.0373420715332031 -0.243637084960938 0.0585174560546875
-0.0332717895507812 0.0379753112792969 -0.178619384765625 0.13818359375
-0.0231895446777344 0.0417938232421875 -0.052490234375 0.152603149414063
-0.000160217285156254 0.0427818298339844 0.055267333984375 0.0847244262695313
0.00530624389648437 0.0349617004394531 0.1219482421875 0.0084075927734375
0.0211524963378906 0.0418128967285156 0.179885864257813 -0.100967407226563
0.00877571105957031 0.03472900390625 0.301025390625 -0.15667724609375
-0.111732482910156 0.05999755859375 0.0817031860351563 -0.08245849609375
-0.107345581054688 -0.013916015625 0.0766754150390625 -0.0743560791015625
-0.144515991210938 -0.0614166259765625 0.00817871093749999 -0.0598640441894531
-0.116249084472656 -0.096527099609375 -0.0591812133789062 -0.140243530273438
-0.110008239746094 -0.127128601074219 -0.12237548828125 -0.231887817382812
-0.131172180175781 -0.10272216796875 -0.206573486328125 -0.24542236328125
-0.160018920898438 -0.070098876953125 -0.25714111328125 -0.177017211914063
-0.14862060546875 -0.0566864013671875 -0.231430053710938 -0.0854339599609375
-0.150558471679688 0.0128326416015625 -0.21417236328125 0.05352783203125
-0.13323974609375 0.0385055541992188 -0.1563720703125 0.133834838867188
-0.115036010742188 0.0587005615234375 -0.0437774658203125 0.147109985351563
-0.0672531127929688 0.094085693359375 0.06451416015625 0.0875167846679688
-0.0655746459960937 0.0920791625976562 0.133407592773438 0.019744873046875
-0.033966064453125 0.10455322265625 0.1956787109375 -0.0870361328125
-0.057037353515625 0.106193542480469 0.300628662109375 -0.142364501953125
-0.183578491210938 0.106353759765625 0.0231742858886719 -0.0653114318847656
-0.193649291992188 0.00939941406250003 0.02069091796875 -0.0738677978515625
-0.258056640625 -0.0531768798828125 -0.028167724609375 -0.0720138549804688
-0.225372314453125 -0.1246337890625 -0.0723114013671875 -0.133811950683594
-0.215469360351562 -0.1834716796875 -0.10882568359375 -0.203582763671875
-0.233489990234375 -0.15740966796875 -0.169403076171875 -0.190231323242187
-0.248703002929688 -0.116546630859375 -0.190994262695313 -0.134750366210937
-0.225616455078125 -0.11370849609375 -0.1636962890625 -0.0678863525390625
-0.244125366210938 -0.02154541015625 -0.156784057617188 0.0486907958984375
-0.228668212890625 0.0189056396484375 -0.114616394042969 0.122962951660156
-0.212158203125 0.0537109375 -0.0237350463867188 0.137275695800781
-0.148117065429687 0.126953125 0.0778121948242187 0.09600830078125
-0.148880004882813 0.1278076171875 0.146774291992188 0.0426025390625
-0.102310180664062 0.15045166015625 0.208267211914063 -0.0513916015625
-0.127029418945313 0.1583251953125 0.282135009765625 -0.106201171875
-0.215225219726563 0.148422241210938 -0.0552749633789063 -0.0325050354003906
-0.231521606445313 0.0593719482421875 -0.0528526306152344 -0.0559234619140625
-0.316162109375 0.013153076171875 -0.0724334716796875 -0.0704421997070312
-0.301513671875 -0.07806396484375 -0.0801162719726563 -0.12060546875
-0.298492431640625 -0.16326904296875 -0.07672119140625 -0.168807983398437
-0.30853271484375 -0.15338134765625 -0.100181579589844 -0.13494873046875
-0.303802490234375 -0.12786865234375 -0.094818115234375 -0.090362548828125
-0.269134521484375 -0.154449462890625 -0.0732574462890625 -0.0396041870117188
-0.306793212890625 -0.068145751953125 -0.07379150390625 0.050018310546875
-0.303924560546875 -0.029571533203125 -0.0488815307617188 0.112030029296875
-0.30023193359375 0.010223388671875 0.0123062133789062 0.125175476074219
-0.235397338867188 0.116714477539063 0.0906524658203125 0.110443115234375
-0.23760986328125 0.12176513671875 0.148590087890625 0.076904296875
-0.18060302734375 0.16046142578125 0.203659057617188 0.00073242187500001
-0.192733764648438 0.178329467773437 0.239013671875 -0.0535125732421875
-0.205810546875 0.166580200195312 -0.132675170898438 0.01666259765625
-0.21484375 0.106109619140625 -0.116294860839844 -0.0163116455078125
-0.296051025390625 0.08612060546875 -0.103797912597656 -0.050750732421875
-0.301361083984375 -0.00292968749999999 -0.0762863159179688 -0.103530883789063
-0.3134765625 -0.0968933105468749 -0.028564453125 -0.145660400390625
-0.324493408203125 -0.108551025390625 -0.0109634399414063 -0.105247497558594
-0.311553955078125 -0.112213134765625 0.0140151977539062 -0.0607719421386719
-0.272506713867188 -0.171600341796875 0.0286884307861328 -0.00507545471191407
-0.32159423828125 -0.115966796875 0.0287666320800781 0.0668411254882812
-0.32843017578125 -0.099639892578125 0.0357284545898437 0.117225646972656
-0.340118408203125 -0.0741577148437501 0.0614852905273437 0.122726440429688
-0.29681396484375 0.050567626953125 0.09649658203125 0.127655029296875
-0.299407958984375 0.061004638671875 0.125999450683594 0.112510681152344
-0.244232177734375 0.125808715820313 0.165115356445312 0.05731201171875
-0.237640380859375 0.160995483398438 0.169845581054687 0.00231933593750001
-0.167633056640625 0.152984619140625 -0.191497802734375 0.0724945068359375
-0.162567138671875 0.11932373046875 -0.15350341796875 0.0340576171875
-0.222427368164062 0.115875244140625 -0.114326477050781 -0.0267715454101562
-0.2359619140625 0.04351806640625 -0.0627365112304688 -0.089874267578125
-0.256393432617188 -0.038848876953125 0.0192794799804687 -0.13580322265625
-0.2764892578125 -0.061737060546875 0.0720977783203125 -0.104377746582031
-0.267578125 -0.0853118896484375 0.114936828613281 -0.050628662109375
-0.234268188476562 -0.163681030273437 0.125457763671875 0.0306930541992187
-0.281036376953125 -0.148452758789063 0.130256652832031 0.102005004882812
-0.28466796875 -0.1591796875 0.120376586914063 0.150726318359375
-0.298614501953125 -0.15985107421875 0.1123046875 0.13922119140625
-0.286651611328125 -0.04388427734375 0.093292236328125 0.139724731445312
-0.294097900390625 -0.026947021484375 0.0767669677734375 0.129203796386719
-0.260833740234375 0.059722900390625 0.0919647216796875 0.093353271484375
-0.241836547851563 0.114288330078125 0.0813064575195312 0.0462112426757813
-0.115310668945312 0.105316162109375 -0.231582641601563 0.1220703125
-0.103446960449219 0.0939559936523438 -0.1707763671875 0.07745361328125
-0.137954711914063 0.0930938720703125 -0.113624572753906 -0.0102996826171875
-0.146499633789063 0.0435943603515625 -0.0513534545898437 -0.0829925537109375
-0.163177490234375 -0.0145721435546875 0.0521392822265625 -0.133560180664063
-0.1865234375 -0.0340728759765625 0.129852294921875 -0.119270324707031
-0.183181762695313 -0.0614471435546875 0.188812255859375 -0.0532379150390625
-0.160537719726563 -0.12835693359375 0.199996948242188 0.059783935546875
-0.194839477539063 -0.142471313476562 0.21063232421875 0.14837646484375
-0.186569213867187 -0.165756225585938 0.180145263671875 0.207733154296875
-0.188385009765625 -0.184783935546875 0.146377563476563 0.17529296875
-0.200729370117188 -0.101089477539062 0.084930419921875 0.144790649414063
-0.215087890625 -0.082427978515625 0.0238265991210937 0.115875244140625
-0.21282958984375 0.000686645507812532 0.0106201171875 0.094696044921875
-0.196151733398437 0.05828857421875 -0.00375747680664064 0.069793701171875
-0.0613288879394531 0.0344085693359375 -0.2564697265625 0.154876708984375
-0.0534248352050781 0.0414199829101563 -0.180191040039063 0.104949951171875
-0.0662765502929688 0.037109375 -0.112899780273438 -0.00370025634765623
-0.0631103515625 0.0120048522949219 -0.048492431640625 -0.0791778564453125
-0.0657730102539062 -0.0182876586914063 0.0666580200195313 -0.130294799804688
-0.0819778442382813 -0.0280990600585937 0.157119750976563 -0.132705688476563
-0.0767593383789063 -0.0426406860351562 0.229019165039063 -0.0601043701171875
-0.06573486328125 -0.0710678100585937 0.24267578125 0.0770721435546875
-0.0863265991210937 -0.0915679931640625 0.256271362304688 0.186660766601563
-0.0742340087890625 -0.103492736816406 0.207839965820313 0.257675170898438
-0.0680160522460938 -0.121940612792969 0.158004760742188 0.210418701171875
-0.0864181518554688 -0.0771102905273437 0.079681396484375 0.142959594726563
-0.100257873535156 -0.0653610229492187 -0.0113449096679688 0.084564208984375
-0.113433837890625 -0.0195541381835937 -0.0523529052734375 0.0727767944335937
-0.10931396484375 0.00950622558593751 -0.0675888061523438 0.0759506225585938
-0.0127382278442383 0.0148706436157227 0.089263916015625 -0.0968856811523438
0.00229644775390625 -0.00733566284179688 0.0859146118164063 -0.0859375
-0.0170154571533203 -0.0133190155029297 0.01904296875 -0.0603599548339844
-0.0149755477905273 -0.00834465026855469 -0.0648956298828125 -0.147018432617188
-0.0208187103271484 -0.0120735168457031 -0.146759033203125 -0.235809326171875
-0.0281639099121094 -0.00139617919921874 -0.237197875976563 -0.262420654296875
-0.0544013977050781 0.00699615478515624 -0.301055908203125 -0.1795654296875
-0.0522193908691406 0.0124664306640625 -0.272567749023438 -0.0764923095703125
-0.038299560546875 0.0403556823730469 -0.237350463867188 0.073333740234375
-0.0321121215820312 0.0413818359375 -0.167129516601563 0.151824951171875
-0.0208168029785156 0.0448226928710937 -0.0418701171875 0.159255981445312
0.00192642211914062 0.0434455871582031 0.0604629516601563 0.08428955078125
0.00762176513671875 0.0350818634033203 0.124092102050781 0.00249481201171875
0.0256385803222656 0.0402679443359375 0.17669677734375 -0.112762451171875
0.0115470886230469 0.0354766845703125 0.297760009765625 -0.17974853515625
-0.106712341308594 0.0675506591796875 0.0672683715820313 -0.0847549438476563
-0.108001708984375 -0.00811767578125002 0.0636520385742187 -0.08038330078125
-0.149368286132813 -0.0520477294921875 0.00209045410156249 -0.0624809265136719
-0.1224365234375 -0.0887603759765625 -0.0711669921875 -0.141067504882813
-0.119712829589844 -0.118736267089844 -0.139053344726563 -0.226287841796875
-0.137306213378906 -0.092559814453125 -0.218643188476563 -0.234298706054688
-0.164230346679687 -0.057891845703125 -0.265838623046875 -0.162872314453125
-0.151901245117188 -0.0461273193359375 -0.235626220703125 -0.0736846923828125
-0.148956298828125 0.02362060546875 -0.2083740234375 0.0659027099609375
-0.130828857421875 0.0474090576171875 -0.14569091796875 0.1451416015625
-0.112289428710938 0.0672683715820312 -0.0330657958984375 0.152999877929688
-0.0612335205078125 0.0990219116210938 0.0709075927734375 0.0868072509765625
-0.0591583251953125 0.0961990356445313 0.136421203613281 0.0131607055664063
-0.0249710083007812 0.106208801269531 0.193527221679688 -0.0992584228515625
-0.04901123046875 0.112152099609375 0.298004150390625 -0.165863037109375
-0.17462158203125 0.118438720703125 0.0104560852050781 -0.0635566711425781
-0.191787719726563 0.019989013671875 0.00743865966796874 -0.0755691528320313
-0.260940551757813 -0.035919189453125 -0.0343093872070313 -0.0714187622070313
-0.234359741210938 -0.109512329101562 -0.083587646484375 -0.133628845214844
-0.22833251953125 -0.167984008789062 -0.12384033203125 -0.199081420898438
-0.241592407226563 -0.140762329101563 -0.178024291992188 -0.181365966796875
-0.255325317382812 -0.0991058349609375 -0.197280883789063 -0.124908447265625
-0.231246948242188 -0.0988311767578125 -0.167587280273438 -0.0595703125
-0.24407958984375 -0.00482177734374997 -0.15155029296875 0.057220458984375
-0.226776123046875 0.0348663330078125 -0.104469299316406 0.131050109863281
-0.210189819335938 0.0689239501953125 -0.0131378173828125 0.141937255859375
-0.1390380859375 0.136283874511719 0.085174560546875 0.0947265625
-0.139091491699219 0.137680053710938 0.151046752929687 0.03533935546875
-0.0904998779296875 0.15570068359375 0.208847045898437 -0.0659332275390625
-0.114944458007812 0.168975830078125 0.281524658203125 -0.1282958984375
-0.203506469726563 0.161117553710937 -0.0656318664550781 -0.0258903503417969
-0.226394653320313 0.0716400146484375 -0.0645294189453125 -0.0529594421386719
-0.31451416015625 0.0342407226562499 -0.0776290893554688 -0.0663909912109375
-0.306915283203125 -0.05841064453125 -0.090972900390625 -0.118614196777344
-0.30999755859375 -0.1417236328125 -0.090057373046875 -0.16668701171875
-0.316925048828125 -0.1317138671875 -0.106101989746094 -0.130645751953125
-0.30987548828125 -0.1072998046875 -0.0999526977539063 -0.085845947265625
-0.277908325195313 -0.137054443359375 -0.0750198364257813 -0.0360565185546875
-0.30908203125 -0.0460205078125 -0.0684814453125 0.0537796020507812
-0.305511474609375 -0.00845336914062504 -0.0394821166992188 0.116081237792969
-0.30145263671875 0.031463623046875 0.022430419921875 0.128395080566406
-0.22662353515625 0.131866455078125 0.100234985351563 0.108085632324219
-0.228439331054687 0.13739013671875 0.156021118164063 0.0692138671875
-0.168685913085938 0.170440673828125 0.208221435546875 -0.013702392578125
-0.17999267578125 0.19384765625 0.242416381835938 -0.073272705078125
-0.19305419921875 0.179031372070313 -0.139450073242188 0.028350830078125
-0.205734252929688 0.117691040039062 -0.124259948730469 -0.00836181640624997
-0.28826904296875 0.10540771484375 -0.1082763671875 -0.04425048828125
-0.3006591796875 0.0166931152343749 -0.08514404296875 -0.100433349609375
-0.3194580078125 -0.0749511718750001 -0.03985595703125 -0.146453857421875
-0.3297119140625 -0.086395263671875 -0.0159530639648438 -0.106613159179688
-0.31597900390625 -0.0904235839843749 0.00978469848632811 -0.0626335144042969
-0.281646728515625 -0.15386962890625 0.0293025970458984 -0.00649261474609376
-0.326904296875 -0.0940246582031251 0.0341644287109375 0.0644454956054688
-0.334716796875 -0.0767822265625 0.044647216796875 0.116371154785156
-0.347015380859375 -0.050506591796875 0.0716018676757812 0.121902465820313
-0.292694091796875 0.069549560546875 0.108642578125 0.124229431152344
-0.294036865234375 0.08062744140625 0.136863708496094 0.106643676757813
-0.235641479492188 0.139999389648437 0.17376708984375 0.044891357421875
-0.226425170898438 0.178680419921875 0.177810668945312 -0.0128631591796875
-0.156295776367187 0.162979125976563 -0.194549560546875 0.0882873535156251
-0.152603149414063 0.127853393554688 -0.157852172851563 0.044525146484375
-0.212417602539063 0.129425048828125 -0.117324829101563 -0.0192108154296875
-0.231307983398438 0.05889892578125 -0.0707321166992188 -0.0874862670898437
-0.257980346679688 -0.0209808349609375 0.00909423828125 -0.139556884765625
-0.277862548828125 -0.042633056640625 0.06610107421875 -0.111412048339844
-0.269317626953125 -0.067840576171875 0.110923767089844 -0.0580368041992188
-0.242630004882812 -0.14801025390625 0.127761840820312 0.0240097045898437
-0.2890625 -0.129302978515625 0.137496948242187 0.0935897827148437
-0.294219970703125 -0.139251708984375 0.130813598632812 0.144393920898438
-0.3106689453125 -0.13970947265625 0.123664855957031 0.135299682617188
-0.289093017578125 -0.026214599609375 0.106964111328125 0.137557983398438
-0.2950439453125 -0.00808715820312498 0.0895156860351562 0.127006530761719
-0.257293701171875 0.0758361816406251 0.103843688964844 0.0856552124023438
-0.2342529296875 0.131805419921875 0.0931320190429687 0.0363388061523438
-0.107292175292969 0.111305236816406 -0.231155395507813 0.140167236328125
-0.095703125 0.098968505859375 -0.170700073242187 0.0888671875
-0.129249572753906 0.101333618164063 -0.115203857421875 -0.00312805175781251
-0.142303466796875 0.05364990234375 -0.0583038330078125 -0.0810012817382813
-0.163192749023438 -0.00335693359375002 0.042388916015625 -0.139625549316406
-0.186355590820313 -0.0218658447265625 0.121444702148437 -0.129470825195313
-0.184646606445313 -0.0497283935546875 0.183547973632813 -0.064453125
-0.166976928710937 -0.11785888671875 0.203842163085938 0.049102783203125
-0.20367431640625 -0.127761840820313 0.219268798828125 0.135589599609375
-0.19635009765625 -0.152175903320313 0.193771362304688 0.19769287109375
-0.201400756835938 -0.172256469726563 0.159835815429688 0.168670654296875
-0.20660400390625 -0.0886383056640625 0.0992431640625 0.143478393554687
-0.21923828125 -0.068756103515625 0.0366058349609375 0.117744445800781
-0.212265014648438 0.0137176513671875 0.0224685668945312 0.0929718017578125
-0.19287109375 0.072296142578125 0.00984573364257811 0.0655899047851563
-0.0587043762207031 0.0377426147460937 -0.25323486328125 0.175460815429688
-0.0494613647460938 0.0439300537109375 -0.1771240234375 0.11785888671875
-0.0620536804199219 0.0403594970703125 -0.114402770996094 0.00411987304687501
-0.061309814453125 0.0163078308105469 -0.0544891357421875 -0.0777435302734375
-0.065643310546875 -0.0143508911132813 0.0572967529296875 -0.13787841796875
-0.082977294921875 -0.023162841796875 0.147140502929688 -0.143951416015625
-0.0775833129882813 -0.037628173828125 0.222686767578125 -0.0732421875
-0.0690574645996094 -0.0670661926269531 0.245925903320313 0.064666748046875
-0.0919189453125 -0.0848236083984375 0.2669677734375 0.170562744140625
-0.0809097290039063 -0.098480224609375 0.224166870117188 0.24591064453125
-0.0761642456054688 -0.117835998535156 0.173233032226562 0.202713012695313
-0.0899658203125 -0.072845458984375 0.09356689453125 0.141799926757813
-0.102973937988281 -0.0597000122070312 -0.000495910644531251 0.088623046875
-0.114555358886719 -0.0129547119140625 -0.0410995483398438 0.076141357421875
-0.109344482421875 0.0168304443359375 -0.0529251098632813 0.0759735107421875
-0.0114650726318359 0.0161504745483398 0.0751495361328125 -0.0950927734375
0.00214147567749023 -0.00843286514282227 0.0724945068359375 -0.0874557495117188
-0.0188713073730469 -0.0126628875732422 0.0136375427246094 -0.0634956359863281
-0.0159683227539062 -0.00776004791259766 -0.0732269287109375 -0.146255493164063
-0.0223979949951172 -0.0107479095458984 -0.155609130859375 -0.2276611328125
-0.0290775299072266 7.82012939453085E-05 -0.242019653320312 -0.248504638671875
-0.0539360046386719 0.0106887817382813 -0.302154541015625 -0.164581298828125
-0.0513038635253906 0.0161285400390625 -0.270095825195313 -0.0659790039062499
-0.0365142822265625 0.0424041748046875 -0.227188110351563 0.0811157226562499
-0.0301017761230469 0.0432205200195312 -0.155731201171875 0.15777587890625
-0.01971435546875 0.046478271484375 -0.0326080322265625 0.161285400390625
0.00394821166992187 0.0439376831054688 0.0638351440429688 0.0833740234375
0.00846099853515625 0.0344219207763672 0.123374938964844 -0.001495361328125
0.0281829833984375 0.0381088256835937 0.172042846679688 -0.11846923828125
0.0139541625976563 0.0360183715820313 0.29034423828125 -0.1942138671875
-0.1005859375 0.0708541870117187 0.0546188354492187 -0.082183837890625
-0.106460571289062 -0.00442504882812502 0.0517196655273437 -0.0806427001953125
-0.149673461914063 -0.0439453125 -0.00255966186523439 -0.0639381408691406
-0.125045776367188 -0.0821151733398437 -0.0788803100585938 -0.140007019042969
-0.124519348144531 -0.110015869140625 -0.147628784179688 -0.218368530273438
-0.139045715332031 -0.0835723876953125 -0.222671508789062 -0.221771240234375
-0.1632080078125 -0.0486602783203125 -0.26678466796875 -0.149551391601562
-0.151382446289063 -0.0378875732421875 -0.234161376953125 -0.065185546875
-0.144180297851562 0.0308990478515625 -0.199386596679688 0.072113037109375
-0.127113342285156 0.0539779663085938 -0.13458251953125 0.149566650390625
-0.108108520507812 0.0730438232421875 -0.0242919921875 0.1552734375
-0.05560302734375 0.100738525390625 0.0738449096679687 0.0848312377929688
-0.0533828735351562 0.0972366333007813 0.136016845703125 0.00844573974609376
-0.017852783203125 0.104591369628906 0.189300537109375 -0.10626220703125
-0.0416717529296875 0.114791870117187 0.29180908203125 -0.180206298828125
-0.164596557617188 0.123306274414063 -0.000709533691406264 -0.0591659545898437
-0.187759399414063 0.0258636474609375 -0.00371551513671877 -0.0743331909179688
-0.258941650390625 -0.0234680175781249 -0.0381927490234375 -0.070343017578125
-0.235565185546875 -0.0972137451171875 -0.0906829833984375 -0.131645202636719
-0.23260498046875 -0.152969360351563 -0.13153076171875 -0.192733764648437
-0.242279052734375 -0.126235961914063 -0.180191040039063 -0.172760009765625
-0.253158569335938 -0.0849151611328125 -0.197677612304688 -0.115341186523437
-0.230758666992188 -0.08642578125 -0.16644287109375 -0.0526580810546875
-0.238296508789063 0.0074615478515625 -0.144439697265625 0.061279296875
-0.22174072265625 0.0454864501953125 -0.0948638916015625 0.133834838867188
-0.204666137695313 0.0792083740234375 -0.004669189453125 0.1429443359375
-0.130088806152344 0.140213012695313 0.0896224975585938 0.0918502807617188
-0.129638671875 0.141204833984375 0.152084350585938 0.0299530029296875
-0.08050537109375 0.155792236328125 0.206146240234375 -0.0748748779296875
-0.104385375976563 0.174392700195312 0.27703857421875 -0.142837524414062
-0.190719604492187 0.1661376953125 -0.07342529296875 -0.0189208984375
-0.21905517578125 0.07843017578125 -0.0725021362304688 -0.0484542846679687
-0.30596923828125 0.047332763671875 -0.079986572265625 -0.062774658203125
-0.30426025390625 -0.043365478515625 -0.0968704223632813 -0.115570068359375
-0.311279296875 -0.123321533203125 -0.096923828125 -0.162445068359375
-0.314483642578125 -0.1141357421875 -0.107933044433594 -0.125648498535156
-0.3067626953125 -0.090087890625 -0.101303100585938 -0.0810623168945312
-0.277130126953125 -0.121429443359375 -0.0751190185546875 -0.0330581665039063
-0.30377197265625 -0.0305480957031249 -0.0624961853027344 0.0543479919433594
-0.2998046875 0.00735473632812506 -0.0315093994140625 0.116561889648438
-0.297027587890625 0.046417236328125 0.0296173095703125 0.127601623535156
-0.216384887695313 0.139724731445312 0.105552673339844 0.104225158691406
-0.217056274414062 0.145538330078125 0.15966796875 0.063018798828125
-0.156570434570312 0.174423217773437 0.208175659179688 -0.0243682861328125
-0.16595458984375 0.201446533203125 0.241653442382813 -0.0868682861328125
-0.180282592773438 0.1837158203125 -0.143768310546875 0.0374298095703125
-0.196380615234375 0.122467041015625 -0.129531860351563 -0.001617431640625
-0.276519775390625 0.115768432617188 -0.109130859375 -0.0391311645507812
-0.29315185546875 0.03045654296875 -0.089813232421875 -0.096954345703125
-0.316650390625 -0.057342529296875 -0.04718017578125 -0.144622802734375
-0.32489013671875 -0.06939697265625 -0.0192108154296875 -0.1070556640625
-0.31158447265625 -0.074493408203125 0.00688171386718748 -0.0625648498535156
-0.281524658203125 -0.139404296875 0.0293159484863281 -0.00757026672363282
-0.323699951171875 -0.07611083984375 0.0381088256835937 0.0608024597167969
-0.33154296875 -0.058624267578125 0.0511474609375 0.112823486328125
-0.34539794921875 -0.0317077636718749 0.0783767700195312 0.119171142578125
-0.283599853515625 0.0814514160156249 0.115852355957031 0.120460510253906
-0.28375244140625 0.0928955078125 0.142196655273437 0.100631713867188
-0.2247314453125 0.147872924804688 0.177474975585938 0.034332275390625
-0.212936401367187 0.188705444335938 0.181167602539063 -0.0255126953125
-0.144866943359375 0.16558837890625 -0.19451904296875 0.098968505859375
-0.14263916015625 0.130096435546875 -0.159133911132813 0.0522308349609375
-0.199600219726563 0.13653564453125 -0.116432189941406 -0.0136871337890625
-0.222381591796875 0.0687103271484375 -0.0747833251953125 -0.0836944580078125
-0.253768920898437 -0.00830078125000005 0.00176239013671875 -0.140068054199219
-0.273330688476563 -0.0290374755859375 0.0604019165039062 -0.114463806152344
-0.26556396484375 -0.0543670654296875 0.105659484863281 -0.0618209838867188
-0.243209838867188 -0.134628295898437 0.127334594726562 0.0188217163085937
-0.2880859375 -0.112274169921875 0.139488220214844 0.0862350463867188
-0.2943115234375 -0.121826171875 0.136421203613281 0.137275695800781
-0.31304931640625 -0.121826171875 0.129806518554687 0.129249572753906
-0.284942626953125 -0.01336669921875 0.115234375 0.133018493652344
-0.289276123046875 0.0054931640625 0.0982666015625 0.122764587402344
-0.249420166015625 0.085113525390625 0.111358642578125 0.0778121948242188
-0.224044799804687 0.142898559570312 0.100120544433594 0.0261154174804688
-0.0992507934570312 0.113204956054688 -0.227340698242188 0.151870727539062
-0.087982177734375 0.0997390747070313 -0.168746948242188 0.0962371826171875
-0.1197509765625 0.104545593261719 -0.113471984863281 0.0028228759765625
-0.134796142578125 0.0588531494140625 -0.0617752075195313 -0.0778427124023438
-0.158859252929688 0.00347900390624996 0.034149169921875 -0.14166259765625
-0.182662963867188 -0.014068603515625 0.113128662109375 -0.133689880371094
-0.180862426757813 -0.0406646728515625 0.176528930664063 -0.070648193359375
-0.168014526367187 -0.108612060546875 0.202804565429687 0.041290283203125
-0.204757690429688 -0.11553955078125 0.220779418945313 0.124481201171875
-0.199142456054688 -0.139205932617188 0.199630737304688 0.186813354492188
-0.206588745117188 -0.160079956054688 0.166000366210938 0.161163330078125
-0.206161499023438 -0.079315185546875 0.108924865722656 0.139541625976563
-0.217819213867188 -0.058258056640625 0.0462417602539062 0.116050720214844
-0.20849609375 0.0220489501953125 0.0322799682617187 0.0889816284179688
-0.186386108398438 0.0807342529296875 0.0200424194335937 0.0578651428222656
-0.05584716796875 0.0387954711914063 -0.246475219726563 0.187652587890625
-0.0450057983398438 0.0444259643554688 -0.172210693359375 0.124771118164063
-0.0574913024902344 0.0419158935546875 -0.113624572753906 0.00976562499999999
-0.057220458984375 0.0186004638671875 -0.0579910278320313 -0.0746231079101563
-0.0638275146484375 -0.0124435424804688 0.0490875244140625 -0.140518188476563
-0.0804977416992188 -0.020263671875 0.136322021484375 -0.149078369140625
-0.0766448974609375 -0.0345230102539063 0.213729858398438 -0.080169677734375
-0.0695953369140625 -0.0620689392089844 0.24420166015625 0.0554351806640625
-0.0932769775390625 -0.0773544311523437 0.267807006835938 0.156967163085938
-0.0830841064453125 -0.0918426513671875 0.230911254882813 0.233612060546875
-0.080291748046875 -0.113006591796875 0.181060791015625 0.193817138671875
-0.0900497436523438 -0.0683212280273437 0.10345458984375 0.138053894042969
-0.102638244628906 -0.0547637939453125 0.008758544921875 0.0899810791015625
-0.112846374511719 -0.0083465576171875 -0.0305709838867188 0.0753402709960938
-0.106559753417969 0.0214157104492188 -0.0404586791992188 0.0719375610351563
-0.0112285614013672 0.0167779922485352 0.0641860961914063 -0.0904312133789063
0.00155878067016602 -0.00869941711425781 0.0620193481445313 -0.0866851806640625
-0.0205154418945313 -0.0110282897949219 0.00906753540039062 -0.0659103393554688
-0.0167961120605469 -0.0069122314453125 -0.079345703125 -0.147674560546875
-0.023529052734375 -0.00958442687988282 -0.159469604492188 -0.222885131835938
-0.0291957855224609 0.00135231018066406 -0.24176025390625 -0.241317749023438
-0.0534324645996094 0.0127830505371094 -0.299041748046875 -0.156982421875
-0.0505180358886719 0.01800537109375 -0.267547607421875 -0.0625
-0.0348968505859375 0.0430870056152344 -0.219985961914063 0.08306884765625
-0.0298309326171875 0.044647216796875 -0.146865844726563 0.159210205078125
-0.0187225341796875 0.0483055114746094 -0.02691650390625 0.161758422851563
0.00414276123046875 0.0445938110351562 0.0651779174804688 0.083709716796875
0.00893020629882813 0.0337409973144531 0.12249755859375 -0.002716064453125
0.0301780700683594 0.0361747741699219 0.170364379882813 -0.120559692382813
0.0153083801269531 0.0365333557128906 0.287445068359375 -0.201873779296875
-0.0968780517578125 0.0719528198242188 0.0443878173828125 -0.0772476196289063
-0.105819702148438 -0.00347137451171877 0.0420379638671875 -0.0799560546875
-0.149383544921875 -0.0389404296875 -0.0055389404296875 -0.0654106140136719
-0.125808715820313 -0.0779571533203125 -0.084625244140625 -0.141067504882813
-0.1259765625 -0.104263305664063 -0.151260375976563 -0.21441650390625
-0.138580322265625 -0.0785751342773437 -0.221649169921875 -0.216644287109375
-0.160995483398438 -0.0430450439453125 -0.264114379882812 -0.143173217773438
-0.149063110351563 -0.0335235595703125 -0.23211669921875 -0.061492919921875
-0.140853881835938 0.03466796875 -0.192718505859375 0.073150634765625
-0.124183654785156 0.0574188232421875 -0.126998901367188 0.150772094726563
-0.105964660644531 0.0763473510742188 -0.0186614990234375 0.156021118164062
-0.0519485473632813 0.100868225097656 0.0755844116210938 0.0850067138671875
-0.0497817993164062 0.0976104736328125 0.13580322265625 0.00734710693359376
-0.0142440795898438 0.102836608886719 0.1883544921875 -0.109283447265625
-0.0368576049804687 0.116081237792969 0.28826904296875 -0.18817138671875
-0.158828735351563 0.123931884765625 -0.00944137573242189 -0.0543098449707031
-0.1849365234375 0.0288848876953125 -0.0120620727539063 -0.0717697143554688
-0.255477905273438 -0.0165557861328125 -0.0403671264648438 -0.070587158203125
-0.234298706054687 -0.090179443359375 -0.0953140258789063 -0.131393432617188
-0.233795166015625 -0.143646240234375 -0.135879516601563 -0.188796997070313
-0.240463256835937 -0.117919921875 -0.1787109375 -0.169509887695312
-0.249526977539063 -0.077178955078125 -0.196807861328125 -0.111404418945312
-0.227981567382813 -0.079925537109375 -0.165145874023438 -0.05072021484375
-0.23284912109375 0.013458251953125 -0.139213562011719 0.0617523193359375
-0.216690063476563 0.0513458251953125 -0.0878524780273438 0.133766174316406
-0.201187133789063 0.0850067138671875 0.000427246093749992 0.143630981445312
-0.124313354492188 0.141998291015625 0.0916061401367188 0.0920944213867188
-0.124008178710938 0.142837524414062 0.152130126953125 0.02783203125
-0.0736236572265625 0.154632568359375 0.204696655273437 -0.0797271728515625
-0.0960235595703125 0.176467895507813 0.275558471679688 -0.150726318359375
-0.183135986328125 0.16717529296875 -0.0803680419921875 -0.0131072998046875
-0.21392822265625 0.081024169921875 -0.079833984375 -0.0447463989257813
-0.298736572265625 0.0541687011718749 -0.0813980102539063 -0.0613021850585937
-0.299896240234375 -0.035369873046875 -0.1007080078125 -0.114669799804688
-0.309234619140625 -0.112548828125 -0.100875854492188 -0.159820556640625
-0.3111572265625 -0.1046142578125 -0.107269287109375 -0.125373840332031
-0.3016357421875 -0.081634521484375 -0.100479125976563 -0.079010009765625
-0.27362060546875 -0.114089965820313 -0.073638916015625 -0.0321578979492188
-0.297332763671875 -0.0223388671875 -0.058990478515625 0.0538368225097656
-0.294219970703125 0.015960693359375 -0.0270919799804688 0.115692138671875
-0.292694091796875 0.055633544921875 0.0342254638671875 0.127334594726563
-0.209213256835937 0.142196655273438 0.108932495117187 0.103195190429688
-0.209274291992188 0.148910522460938 0.161148071289063 0.0606689453125
-0.148544311523438 0.17474365234375 0.208694458007813 -0.0301666259765625
-0.15673828125 0.2049560546875 0.242233276367188 -0.095916748046875
-0.171966552734375 0.18341064453125 -0.147796630859375 0.0440673828125
-0.189361572265625 0.122634887695312 -0.134140014648437 0.00325775146484378
-0.267791748046875 0.121047973632812 -0.108413696289063 -0.036590576171875
-0.2872314453125 0.0372314453125 -0.092559814453125 -0.0953598022460938
-0.313201904296875 -0.048187255859375 -0.0510101318359375 -0.143386840820313
-0.31976318359375 -0.060455322265625 -0.02001953125 -0.108085632324219
-0.305938720703125 -0.0663452148437501 0.0057411193847656 -0.0627708435058594
-0.278671264648438 -0.13116455078125 0.0291404724121094 -0.00876808166503907
-0.318145751953125 -0.0665283203125 0.0399398803710937 0.0584602355957031
-0.326995849609375 -0.0478515625 0.0542755126953125 0.109886169433594
-0.34283447265625 -0.021148681640625 0.0812606811523437 0.117324829101563
-0.277694702148438 0.087371826171875 0.1199951171875 0.11810302734375
-0.277664184570313 0.09869384765625 0.146087646484375 0.0982818603515625
-0.216705322265625 0.150726318359375 0.179824829101563 0.0277557373046875
-0.20361328125 0.19366455078125 0.183578491210938 -0.03472900390625
-0.137054443359375 0.164901733398438 -0.196044921875 0.106292724609375
-0.136375427246094 0.128944396972656 -0.160568237304688 0.0565032958984375
-0.19183349609375 0.137710571289063 -0.114715576171875 -0.0110321044921875
-0.2161865234375 0.0730133056640625 -0.0760421752929688 -0.0818099975585938
-0.2489013671875 -0.0018463134765625 -0.00318145751953126 -0.1400146484375
-0.266983032226563 -0.0232696533203125 0.056671142578125 -0.116889953613281
-0.25946044921875 -0.047821044921875 0.102188110351562 -0.0628433227539063
-0.240509033203125 -0.1282958984375 0.12689208984375 0.0164413452148437
-0.284393310546875 -0.10296630859375 0.13983154296875 0.081787109375
-0.29156494140625 -0.11138916015625 0.137886047363281 0.132781982421875
-0.3128662109375 -0.11083984375 0.1324462890625 0.126335144042969
-0.280441284179688 -0.00712585449218745 0.120803833007812 0.131393432617188
-0.284698486328125 0.0123291015625 0.103485107421875 0.120941162109375
-0.242996215820313 0.089385986328125 0.115821838378906 0.0715179443359375
-0.216079711914063 0.14788818359375 0.105857849121094 0.018218994140625
-0.0945892333984375 0.112434387207031 -0.226211547851563 0.15869140625
-0.0833587646484375 0.0978851318359375 -0.168716430664063 0.10040283203125
-0.113395690917969 0.104545593261719 -0.112327575683594 0.00523376464843749
-0.129646301269531 0.0611495971679687 -0.062255859375 -0.075897216796875
-0.156005859375 0.00697326660156252 0.0291900634765625 -0.143020629882813
-0.178482055664063 -0.01007080078125 0.107254028320312 -0.136131286621094
-0.177032470703125 -0.036865234375 0.17132568359375 -0.072601318359375
-0.165634155273438 -0.103363037109375 0.202117919921875 0.038421630859375
-0.201934814453125 -0.107650756835937 0.219741821289062 0.118301391601562
-0.198471069335938 -0.132156372070313 0.200881958007813 0.180496215820312
-0.208419799804688 -0.152679443359375 0.169326782226563 0.157318115234375
-0.204864501953125 -0.0736236572265625 0.114944458007813 0.137710571289063
-0.215744018554688 -0.05279541015625 0.0531234741210937 0.116363525390625
-0.20556640625 0.0265960693359375 0.0391006469726562 0.08514404296875
-0.181671142578125 0.08489990234375 0.0278739929199219 0.0515708923339844
-0.0533103942871094 0.0380439758300781 -0.243820190429687 0.1947021484375
-0.0428237915039062 0.043243408203125 -0.17022705078125 0.127685546875
-0.0543670654296875 0.0420722961425781 -0.111473083496094 0.013153076171875
-0.0544281005859375 0.0196037292480469 -0.0590972900390625 -0.0729904174804688
-0.0622673034667969 -0.0112419128417969 0.044189453125 -0.141815185546875
-0.0794754028320313 -0.0189895629882813 0.129776000976563 -0.14984130859375
-0.0750579833984375 -0.0334091186523437 0.2076416015625 -0.0805206298828125
-0.0680923461914063 -0.0595932006835937 0.241851806640625 0.05255126953125
-0.0925064086914063 -0.0726470947265625 0.26580810546875 0.15118408203125
-0.0829010009765625 -0.0882644653320313 0.231826782226563 0.226364135742188
-0.081756591796875 -0.110061645507813 0.184051513671875 0.18865966796875
-0.0894546508789063 -0.0660858154296875 0.109916687011719 0.136337280273438
-0.101654052734375 -0.052825927734375 0.015960693359375 0.0907821655273438
-0.111610412597656 -0.00534820556640624 -0.023040771484375 0.0737533569335938
-0.104484558105469 0.0238571166992187 -0.0312118530273438 0.0653953552246094
-0.0102615356445312 0.0174713134765625 0.0566558837890625 -0.0858840942382813
0.000187873840332032 -0.00921344757080078 0.0545806884765625 -0.0855331420898438
-0.0226650238037109 -0.00957489013671875 0.00547409057617187 -0.0699234008789063
-0.0185356140136719 -0.00657844543457031 -0.0855712890625 -0.151031494140625
-0.0253582000732422 -0.00874519348144531 -0.163421630859375 -0.22308349609375
-0.0299148559570313 0.00194358825683594 -0.243881225585938 -0.241500854492188
-0.0531005859375 0.014862060546875 -0.300384521484375 -0.155670166015625
-0.0508842468261719 0.0197868347167969 -0.2689208984375 -0.0627593994140625
-0.0342941284179688 0.044647216796875 -0.218276977539063 0.0830535888671875
-0.0294952392578125 0.0466079711914062 -0.144149780273437 0.161788940429688
-0.0185279846191406 0.0500755310058594 -0.0243072509765625 0.165298461914063
0.0047607421875 0.0460433959960938 0.0671768188476563 0.0858688354492188
0.008453369140625 0.0341587066650391 0.123611450195313 -0.00286102294921875
0.0317916870117188 0.0349864959716797 0.172393798828125 -0.123260498046875
0.0168190002441406 0.0383338928222656 0.291229248046875 -0.21038818359375
-0.0953903198242188 0.0728912353515625 0.0370254516601562 -0.0730972290039063
-0.106277465820313 -0.00309753417968752 0.0344085693359375 -0.078338623046875
-0.15155029296875 -0.036712646484375 -0.00862121582031251 -0.0684890747070313
-0.128875732421875 -0.0765609741210938 -0.0904998779296875 -0.143386840820312
-0.127975463867188 -0.101966857910156 -0.156051635742188 -0.214981079101563
-0.139251708984375 -0.0768966674804688 -0.2225341796875 -0.218490600585938
-0.161483764648438 -0.0406951904296875 -0.265304565429688 -0.1427001953125
-0.149505615234375 -0.03155517578125 -0.233810424804688 -0.0616455078125
-0.13970947265625 0.0372695922851562 -0.190902709960938 0.072723388671875
-0.123207092285156 0.0602188110351562 -0.123092651367188 0.15216064453125
-0.105445861816406 0.079803466796875 -0.0154876708984375 0.15838623046875
-0.0504913330078125 0.102607727050781 0.0775299072265625 0.0880661010742187
-0.0484085083007812 0.0981292724609375 0.1375732421875 0.00769042968750001
-0.0105819702148438 0.101829528808594 0.190521240234375 -0.112823486328125
-0.0338821411132813 0.118431091308594 0.293121337890625 -0.196563720703125
-0.157073974609375 0.125411987304688 -0.0171012878417969 -0.0491676330566406
-0.185623168945313 0.0294952392578125 -0.0198745727539063 -0.0698127746582031
-0.256546020507812 -0.013519287109375 -0.043365478515625 -0.0724029541015625
-0.236465454101563 -0.087158203125 -0.100776672363281 -0.134346008300781
-0.236083984375 -0.140106201171875 -0.139541625976563 -0.190963745117188
-0.2412109375 -0.115097045898438 -0.179306030273438 -0.171310424804687
-0.24981689453125 -0.0742187500000001 -0.196823120117188 -0.111297607421875
-0.227859497070313 -0.077850341796875 -0.165252685546875 -0.05047607421875
-0.231903076171875 0.016845703125 -0.137947082519531 0.061370849609375
-0.21600341796875 0.0552215576171875 -0.0851058959960938 0.134544372558594
-0.201141357421875 0.090606689453125 0.00390624999999997 0.146408081054688
-0.122406005859375 0.14422607421875 0.095245361328125 0.0933685302734375
-0.121429443359375 0.145278930664063 0.155288696289063 0.028717041015625
-0.0704193115234375 0.154571533203125 0.208511352539063 -0.083740234375
-0.0918121337890625 0.180587768554687 0.280227661132813 -0.159164428710938
-0.180831909179687 0.168350219726563 -0.0878448486328125 -0.0074462890625
-0.214157104492188 0.08221435546875 -0.0871124267578125 -0.0417022705078125
-0.29852294921875 0.058319091796875 -0.0828399658203125 -0.0620193481445313
-0.301239013671875 -0.031158447265625 -0.104911804199219 -0.116264343261719
-0.311798095703125 -0.108184814453125 -0.104736328125 -0.161956787109375
-0.311248779296875 -0.1016845703125 -0.107490539550781 -0.127899169921875
-0.3018798828125 -0.078826904296875 -0.101188659667969 -0.0790481567382812
-0.274520874023438 -0.111846923828125 -0.0736770629882813 -0.0323104858398438
-0.29620361328125 -0.018280029296875 -0.0576438903808594 0.05255126953125
-0.2943115234375 0.02069091796875 -0.024139404296875 0.115287780761719
-0.29339599609375 0.062225341796875 0.0376129150390625 0.129119873046875
-0.207717895507813 0.145751953125 0.113235473632812 0.105010986328125
-0.207077026367187 0.152725219726563 0.164901733398438 0.0611724853515625
-0.1453857421875 0.177078247070312 0.212249755859375 -0.0349578857421875
-0.152435302734375 0.209762573242188 0.246414184570313 -0.103652954101562
-0.168716430664063 0.184814453125 -0.154632568359375 0.051361083984375
-0.188720703125 0.124176025390625 -0.140571594238281 0.00802612304687498
-0.265304565429687 0.124282836914063 -0.109268188476563 -0.0365371704101563
-0.28643798828125 0.041259765625 -0.09564208984375 -0.096405029296875
-0.31390380859375 -0.04266357421875 -0.0546112060546875 -0.14569091796875
-0.3193359375 -0.056671142578125 -0.0205612182617188 -0.111053466796875
-0.3052978515625 -0.06268310546875 0.00550842285156249 -0.0635719299316406
-0.27947998046875 -0.129013061523438 0.0307044982910156 -0.00946235656738282
-0.31689453125 -0.06195068359375 0.0410614013671875 0.0566635131835937
-0.327606201171875 -0.0422973632812499 0.057159423828125 0.10943603515625
-0.3450927734375 -0.01348876953125 0.085357666015625 0.118476867675781
-0.277206420898438 0.0906982421875 0.125160217285156 0.119705200195312
-0.275436401367188 0.103652954101563 0.151473999023438 0.0987396240234375
-0.214752197265625 0.153472900390625 0.184555053710938 0.0233917236328125
-0.199569702148437 0.199142456054688 0.18988037109375 -0.0414886474609375
-0.13507080078125 0.164657592773437 -0.202117919921875 0.113677978515625
-0.134864807128906 0.128807067871094 -0.166213989257813 0.06158447265625
-0.18768310546875 0.139602661132813 -0.11492919921875 -0.0103530883789063
-0.212844848632812 0.0753936767578125 -0.0773696899414063 -0.08294677734375
-0.248519897460937 0.00234985351562503 -0.00608825683593752 -0.143585205078125
-0.26690673828125 -0.0205841064453125 0.0560760498046875 -0.120162963867188
-0.25885009765625 -0.0454864501953125 0.101638793945312 -0.0641021728515625
-0.240936279296875 -0.126922607421875 0.128585815429687 0.015533447265625
-0.283355712890625 -0.098236083984375 0.140701293945313 0.080596923828125
-0.292633056640625 -0.107086181640625 0.141311645507812 0.131454467773438
-0.316497802734375 -0.106201171875 0.135665893554687 0.126937866210938
-0.281890869140625 -0.00411987304687503 0.126319885253906 0.132301330566406
-0.285552978515625 0.0158691406249999 0.1107177734375 0.12261962890625
-0.242324829101563 0.0928802490234375 0.121223449707031 0.06805419921875
-0.21380615234375 0.15264892578125 0.11199951171875 0.0121002197265625
-0.0928268432617188 0.111976623535156 -0.2310791015625 0.166748046875
-0.0810623168945313 0.0972824096679688 -0.172515869140625 0.104812622070313
-0.110244750976563 0.104957580566406 -0.111885070800781 0.006103515625
-0.126068115234375 0.061492919921875 -0.0628662109375 -0.0762481689453125
-0.1552734375 0.00846862792968749 0.0265045166015625 -0.146194458007813
-0.17840576171875 -0.00924682617187501 0.10516357421875 -0.138870239257813
-0.176254272460938 -0.0352783203125 0.170501708984375 -0.073150634765625
-0.166030883789062 -0.102813720703125 0.203521728515625 0.03778076171875
-0.2020263671875 -0.1041259765625 0.220855712890625 0.116973876953125
-0.198577880859375 -0.129348754882812 0.204055786132813 0.180007934570313
-0.211959838867187 -0.1492919921875 0.173187255859375 0.15655517578125
-0.20623779296875 -0.0729522705078125 0.121337890625 0.139083862304688
-0.216781616210938 -0.050445556640625 0.0600051879882813 0.118019104003906
-0.205322265625 0.0288238525390625 0.04541015625 0.0826797485351563
-0.181060791015625 0.08935546875 0.0343856811523437 0.0456008911132813
-0.0525093078613281 0.0374107360839844 -0.247848510742187 0.201889038085937
-0.0410308837890625 0.0421600341796875 -0.172760009765625 0.13153076171875
-0.0516929626464844 0.0419387817382813 -0.111366271972656 0.0145263671875
-0.0515365600585937 0.0190620422363281 -0.0587921142578125 -0.0734939575195312
-0.0623817443847656 -0.0111083984375 0.0414886474609375 -0.145355224609375
-0.0796585083007813 -0.0190963745117187 0.127609252929688 -0.152740478515625
-0.0740203857421875 -0.0334320068359375 0.2069091796875 -0.081329345703125
-0.0680427551269531 -0.0594635009765625 0.243316650390625 0.052398681640625
-0.0923004150390625 -0.0703277587890625 0.266250610351563 0.150375366210938
-0.0832748413085938 -0.0870513916015625 0.235000610351562 0.22479248046875
-0.0838546752929688 -0.109901428222656 0.18878173828125 0.188751220703125
-0.0898056030273437 -0.067413330078125 0.115913391113281 0.137687683105469
-0.102226257324219 -0.05206298828125 0.02239990234375 0.093505859375
-0.111907958984375 -0.00467681884765625 -0.0168991088867188 0.072418212890625
-0.105331420898438 0.0255126953125 -0.0245704650878906 0.0603294372558594
-0.0100498199462891 0.0184860229492188 0.05059814453125 -0.0829849243164063
-0.000102996826171875 -0.00980567932128906 0.048004150390625 -0.08612060546875
-0.0246086120605469 -0.00762748718261719 0.000701904296875003 -0.0748748779296875
-0.0203914642333984 -0.00596237182617187 -0.095550537109375 -0.156478881835937
-0.0269184112548828 -0.00791358947753906 -0.1734619140625 -0.226898193359375
-0.0317096710205078 0.00248336791992188 -0.252532958984375 -0.244384765625
-0.0536079406738281 0.0173225402832031 -0.30914306640625 -0.154510498046875
-0.051788330078125 0.0218582153320313 -0.27691650390625 -0.061920166015625
-0.0345878601074219 0.0470046997070313 -0.22076416015625 0.087127685546875
-0.0296516418457031 0.0497398376464844 -0.141998291015625 0.168746948242188
-0.0182914733886719 0.0538444519042969 -0.0196990966796875 0.172836303710938
0.00589752197265625 0.0482025146484375 0.0715103149414063 0.0892181396484375
0.00891876220703125 0.0357666015625 0.127265930175781 -0.00400543212890625
0.0344772338867188 0.0340824127197266 0.177719116210938 -0.1302490234375
0.0194168090820312 0.0402755737304688 0.298919677734375 -0.225982666015625
-0.096405029296875 0.07635498046875 0.0307960510253906 -0.0694046020507813
-0.109786987304688 -0.00205993652343751 0.0278701782226563 -0.078369140625
-0.156890869140625 -0.0341949462890625 -0.0127792358398438 -0.0724411010742187
-0.134223937988281 -0.0752639770507812 -0.100112915039062 -0.148483276367188
-0.133941650390625 -0.101219177246094 -0.165191650390625 -0.219085693359375
-0.1444091796875 -0.075408935546875 -0.230911254882813 -0.221649169921875
-0.165664672851563 -0.03826904296875 -0.273483276367188 -0.1431884765625
-0.153335571289063 -0.028778076171875 -0.24005126953125 -0.0610198974609375
-0.141082763671875 0.0406951904296875 -0.193557739257812 0.0757598876953125
-0.124763488769531 0.0656890869140625 -0.121429443359375 0.157485961914062
-0.107208251953125 0.0861282348632812 -0.0110015869140625 0.1649169921875
-0.048828125 0.106674194335937 0.0827713012695313 0.0911712646484375
-0.0468292236328125 0.101936340332031 0.142730712890625 0.00651550292968751
-0.00765228271484374 0.103271484375 0.195541381835937 -0.120147705078125
-0.02972412109375 0.124465942382813 0.3017578125 -0.21197509765625
-0.158294677734375 0.130538940429687 -0.0245590209960938 -0.0448799133300781
-0.190719604492188 0.03289794921875 -0.0277748107910156 -0.0683937072753906
-0.262832641601563 -0.00805664062500001 -0.0470352172851563 -0.0755767822265625
-0.244659423828125 -0.0839996337890625 -0.108917236328125 -0.137580871582031
-0.245376586914063 -0.137603759765625 -0.148941040039063 -0.193984985351563
-0.248138427734375 -0.11370849609375 -0.185836791992188 -0.1751708984375
-0.255859375 -0.0711212158203125 -0.202789306640625 -0.11163330078125
-0.234039306640625 -0.0761718750000001 -0.170562744140625 -0.050689697265625
-0.235061645507813 0.0227508544921875 -0.138763427734375 0.0635299682617188
-0.218246459960938 0.062896728515625 -0.0833892822265625 0.138580322265625
-0.204498291015625 0.0995025634765625 0.00914001464843748 0.151824951171875
-0.12152099609375 0.149826049804688 0.101104736328125 0.0965499877929688
-0.119918823242187 0.151596069335938 0.162628173828125 0.0278472900390625
-0.06707763671875 0.158584594726563 0.2144775390625 -0.0913848876953125
-0.0872039794921875 0.188796997070313 0.28887939453125 -0.17413330078125
-0.181549072265625 0.174850463867188 -0.0971145629882813 -0.000518798828125008
-0.218093872070313 0.0870208740234375 -0.0960922241210938 -0.0377655029296875
-0.30401611328125 0.06549072265625 -0.0871353149414063 -0.0640106201171875
-0.30841064453125 -0.0252685546875 -0.112159729003906 -0.119537353515625
-0.322113037109375 -0.102386474609375 -0.112472534179688 -0.1658935546875
-0.319091796875 -0.0970153808593749 -0.112075805664063 -0.131973266601563
-0.308441162109375 -0.0747070312499999 -0.104469299316406 -0.0804519653320313
-0.282135009765625 -0.110626220703125 -0.0755844116210938 -0.0327377319335938
-0.30120849609375 -0.012359619140625 -0.0573844909667969 0.0541343688964844
-0.298614501953125 0.028656005859375 -0.0210418701171875 0.117706298828125
-0.29962158203125 0.0724182128906249 0.043243408203125 0.133674621582031
-0.209259033203125 0.154006958007813 0.120903015136719 0.107803344726563
-0.207275390625 0.16156005859375 0.173828125 0.061187744140625
-0.143661499023437 0.182937622070313 0.220382690429688 -0.0424652099609375
-0.149246215820313 0.220840454101563 0.256057739257813 -0.116836547851563
-0.168991088867187 0.191116333007812 -0.163726806640625 0.0612335205078125
-0.190994262695313 0.1292724609375 -0.149658203125 0.0138092041015625
-0.267364501953125 0.131317138671875 -0.113197326660156 -0.036834716796875
-0.289764404296875 0.0482177734375001 -0.100860595703125 -0.098846435546875
-0.321746826171875 -0.036529541015625 -0.06060791015625 -0.149917602539063
-0.326446533203125 -0.0523681640625 -0.0235137939453125 -0.1160888671875
-0.311370849609375 -0.058563232421875 0.00397872924804686 -0.0649604797363281
-0.287017822265625 -0.128204345703125 0.0314006805419922 -0.0109977722167969
-0.323516845703125 -0.056671142578125 0.0436515808105469 0.0577125549316406
-0.333648681640625 -0.0349426269531249 0.0619888305664062 0.110343933105469
-0.35430908203125 -0.00344848632812494 0.0909194946289062 0.121360778808594
-0.28167724609375 0.098236083984375 0.133819580078125 0.122207641601562
-0.279022216796875 0.112518310546875 0.161605834960937 0.09979248046875
-0.215591430664063 0.161117553710938 0.193511962890625 0.0175628662109375
-0.197967529296875 0.210739135742188 0.198593139648437 -0.052093505859375
-0.134963989257813 0.169952392578125 -0.210784912109375 0.126068115234375
-0.134727478027344 0.13275146484375 -0.174346923828125 0.06976318359375
-0.186859130859375 0.145278930664063 -0.118118286132813 -0.00961303710937498
-0.213653564453125 0.0807952880859375 -0.0807342529296875 -0.0858917236328125
-0.253692626953125 0.00755310058593747 -0.0113372802734375 -0.148651123046875
-0.271957397460938 -0.01678466796875 0.0538101196289063 -0.126182556152344
-0.264007568359375 -0.0419769287109375 0.102424621582031 -0.0668411254882812
-0.247879028320313 -0.125946044921875 0.132705688476563 0.0133514404296875
-0.289794921875 -0.0935668945312501 0.14544677734375 0.079559326171875
-0.30072021484375 -0.10321044921875 0.148086547851562 0.131439208984375
-0.327728271484375 -0.0992431640624999 0.143157958984375 0.129684448242188
-0.2891845703125 0.000976562500000042 0.136703491210937 0.135398864746094
-0.2916259765625 0.02349853515625 0.120399475097656 0.125228881835938
-0.246170043945313 0.100189208984375 0.13043212890625 0.0648956298828125
-0.213958740234375 0.163192749023437 0.1201171875 0.00421905517578126
-0.0930099487304687 0.11474609375 -0.238571166992187 0.180984497070313
-0.0798873901367188 0.0991439819335938 -0.17877197265625 0.113479614257813
-0.108100891113281 0.108207702636719 -0.113815307617188 0.00785064697265627
-0.1251220703125 0.0646514892578125 -0.0649337768554688 -0.07904052734375
-0.157394409179687 0.01214599609375 0.022186279296875 -0.153030395507813
-0.181930541992188 -0.00645446777343751 0.103790283203125 -0.145706176757813
-0.180267333984375 -0.0338134765625 0.1732177734375 -0.0769500732421875
-0.1702880859375 -0.102783203125 0.210281372070312 0.0355072021484375
-0.206222534179688 -0.101638793945312 0.22808837890625 0.116470336914063
-0.204940795898437 -0.127487182617188 0.212661743164063 0.180007934570313
-0.220626831054687 -0.147552490234375 0.181854248046875 0.158279418945313
-0.212417602539063 -0.0719757080078125 0.13079833984375 0.141815185546875
-0.2225341796875 -0.046875 0.0689163208007813 0.121879577636719
-0.209869384765625 0.03387451171875 0.0524444580078125 0.08135986328125
-0.183502197265625 0.095916748046875 0.04119873046875 0.0400123596191406
-0.0532150268554688 0.0380935668945313 -0.253204345703125 0.2176513671875
-0.0407218933105469 0.0423927307128906 -0.17657470703125 0.14019775390625
-0.0503883361816406 0.04254150390625 -0.112785339355469 0.0174179077148438
-0.0499191284179688 0.0192527770996094 -0.0606460571289063 -0.07525634765625
-0.0629463195800781 -0.0111274719238281 0.038299560546875 -0.152374267578125
-0.0811996459960938 -0.0185089111328125 0.1258544921875 -0.159164428710938
-0.0764007568359375 -0.0334320068359375 0.210189819335937 -0.085113525390625
-0.0690727233886719 -0.0603523254394531 0.250900268554688 0.0514678955078125
-0.0936355590820313 -0.0687942504882813 0.273941040039063 0.149917602539063
-0.0857315063476563 -0.087371826171875 0.244857788085938 0.226699829101563
-0.0883712768554688 -0.110305786132813 0.197998046875 0.190567016601563
-0.0923080444335938 -0.0685195922851563 0.126235961914063 0.140190124511719
-0.105316162109375 -0.0521621704101563 0.0299530029296875 0.0968551635742188
-0.114669799804688 -0.00219726562499999 -0.0111312866210938 0.0724334716796875
-0.107498168945312 0.028717041015625 -0.018585205078125 0.0563583374023438
-0.008819580078125 0.0199909210205078 0.0444183349609375 -0.0806350708007813
-0.00111198425292969 -0.0107240676879883 0.0400390625 -0.0870819091796875
-0.0267429351806641 -0.00547981262207032 -0.0058135986328125 -0.0800399780273438
-0.0221767425537109 -0.00405693054199219 -0.109420776367188 -0.158599853515625
-0.0287609100341797 -0.00635719299316406 -0.1885986328125 -0.226715087890625
-0.0335350036621094 0.00422286987304687 -0.2681884765625 -0.242843627929688
-0.0538558959960938 0.0205650329589844 -0.32177734375 -0.147918701171875
-0.052215576171875 0.0255165100097656 -0.287811279296875 -0.05401611328125
-0.0334243774414062 0.0509605407714844 -0.221832275390625 0.0955047607421875
-0.0280876159667969 0.0533447265625 -0.13665771484375 0.178390502929688
-0.0165252685546875 0.0575103759765625 -0.010650634765625 0.17950439453125
0.00871658325195313 0.0504226684570313 0.0787811279296875 0.0911712646484375
0.0103683471679688 0.0367584228515625 0.13128662109375 -0.0081939697265625
0.0373458862304688 0.0323371887207031 0.180023193359375 -0.142166137695313
0.02325439453125 0.04205322265625 0.302825927734375 -0.25048828125
-0.0959243774414062 0.0817642211914063 0.0245094299316406 -0.0668144226074219
-0.114082336425781 0.00170898437499998 0.0186920166015625 -0.0783157348632813
-0.16326904296875 -0.0270538330078125 -0.018707275390625 -0.0765762329101563
-0.141342163085937 -0.0707244873046875 -0.112442016601563 -0.150421142578125
-0.142364501953125 -0.0972747802734375 -0.180526733398437 -0.219192504882812
-0.151229858398438 -0.071807861328125 -0.24468994140625 -0.220077514648438
-0.170578002929688 -0.03204345703125 -0.285125732421875 -0.1368408203125
-0.157745361328125 -0.0237579345703125 -0.250106811523438 -0.0547943115234375
-0.14239501953125 0.0486907958984375 -0.194198608398438 0.083465576171875
-0.123664855957031 0.0735397338867188 -0.116317749023437 0.16595458984375
-0.105728149414063 0.09552001953125 -0.00187683105468751 0.171539306640625
-0.045654296875 0.112449645996094 0.0910491943359375 0.0921249389648437
-0.0430450439453125 0.107437133789062 0.14874267578125 0.00230407714843751
-0.00226593017578126 0.1051025390625 0.199417114257812 -0.134063720703125
-0.022216796875 0.130859375 0.30517578125 -0.236724853515625
-0.157485961914063 0.139755249023438 -0.0316162109375 -0.0385856628417969
-0.1953125 0.040618896484375 -0.0372161865234375 -0.0655364990234375
-0.270462036132813 0.00379943847656246 -0.0534439086914063 -0.0782394409179687
-0.255264282226562 -0.0755615234375 -0.120979309082031 -0.139892578125
-0.258041381835938 -0.129684448242187 -0.162704467773438 -0.1944580078125
-0.260025024414063 -0.10601806640625 -0.197021484375 -0.174346923828125
-0.2647705078125 -0.062347412109375 -0.212158203125 -0.10784912109375
-0.242568969726563 -0.06854248046875 -0.17718505859375 -0.0463714599609375
-0.238128662109375 0.0333099365234374 -0.139244079589844 0.0690841674804687
-0.220489501953125 0.0741729736328125 -0.0788116455078125 0.145187377929688
-0.20501708984375 0.113296508789062 0.0177764892578125 0.157684326171875
-0.11749267578125 0.16021728515625 0.110710144042969 0.0973892211914063
-0.115447998046875 0.1619873046875 0.171218872070313 0.0230865478515625
-0.060546875 0.164276123046875 0.220733642578125 -0.105010986328125
-0.0787200927734375 0.200149536132813 0.2945556640625 -0.197296142578125
-0.179611206054688 0.186660766601562 -0.105278015136719 0.0103302001953125
-0.22125244140625 0.0976715087890625 -0.105758666992188 -0.0304412841796875
-0.308868408203125 0.08074951171875 -0.093292236328125 -0.0646286010742188
-0.317230224609375 -0.0126953125 -0.122154235839844 -0.120185852050781
-0.334228515625 -0.0901489257812501 -0.124923706054688 -0.166748046875
-0.330963134765625 -0.087554931640625 -0.119644165039063 -0.1329345703125
-0.318511962890625 -0.0636596679687499 -0.110488891601563 -0.0789566040039062
-0.29345703125 -0.10302734375 -0.0784683227539063 -0.0311050415039063
-0.307037353515625 0.000579833984374981 -0.0553665161132813 0.0562667846679687
-0.30401611328125 0.04351806640625 -0.0164337158203125 0.120964050292969
-0.303955078125 0.09112548828125 0.0518569946289062 0.136619567871094
-0.207656860351562 0.167388916015625 0.131874084472656 0.107421875
-0.204544067382813 0.176681518554688 0.185028076171875 0.056427001953125
-0.13812255859375 0.192840576171875 0.227569580078125 -0.0558013916015625
-0.139663696289063 0.235397338867187 0.262069702148438 -0.137405395507812
-0.166107177734375 0.202957153320313 -0.172119140625 0.07672119140625
-0.190673828125 0.139556884765625 -0.158126831054688 0.025299072265625
-0.267593383789063 0.1458740234375 -0.118339538574219 -0.0346755981445313
-0.294219970703125 0.0619201660156249 -0.1083984375 -0.0997543334960937
-0.33111572265625 -0.022308349609375 -0.0712432861328125 -0.153610229492188
-0.3363037109375 -0.039703369140625 -0.0289154052734375 -0.120124816894531
-0.32073974609375 -0.04754638671875 0.00224685668945311 -0.0674591064453125
-0.29901123046875 -0.120513916015625 0.0329513549804687 -0.0126609802246094
-0.331268310546875 -0.04376220703125 0.0481986999511719 0.0558090209960938
-0.342742919921875 -0.0213012695312499 0.06829833984375 0.109771728515625
-0.364349365234375 0.0147705078125 0.100837707519531 0.122322082519531
-0.28466796875 0.113525390625 0.146438598632812 0.12249755859375
-0.280242919921875 0.12945556640625 0.17498779296875 0.097381591796875
-0.213363647460938 0.174514770507812 0.203048706054687 0.00686645507812501
-0.191421508789062 0.2269287109375 0.20562744140625 -0.0679931640625
-0.131805419921875 0.178680419921875 -0.215957641601562 0.1455078125
-0.132293701171875 0.139488220214844 -0.180465698242188 0.08392333984375
-0.183761596679688 0.156112670898438 -0.121284484863281 -0.00638580322265623
-0.213302612304687 0.0904541015625 -0.08648681640625 -0.08660888671875
-0.259231567382813 0.0183868408203125 -0.0201416015625 -0.154022216796875
-0.279541015625 -0.00547790527343753 0.0499954223632812 -0.133453369140625
-0.271575927734375 -0.0327301025390625 0.102752685546875 -0.0724411010742188
-0.258697509765625 -0.12005615234375 0.138313293457031 0.00850677490234374
-0.2982177734375 -0.08343505859375 0.153961181640625 0.07586669921875
-0.31072998046875 -0.091888427734375 0.157485961914062 0.128982543945313
-0.341064453125 -0.0856933593750001 0.154464721679687 0.127212524414063
-0.29656982421875 0.013153076171875 0.150054931640625 0.13525390625
-0.297332763671875 0.037506103515625 0.134269714355469 0.124916076660156
-0.247512817382812 0.113250732421875 0.140792846679687 0.058319091796875
-0.211685180664063 0.178817749023437 0.127975463867188 -0.00666809082031249
-0.09112548828125 0.120529174804688 -0.242904663085937 0.20269775390625
-0.0779953002929688 0.1029052734375 -0.182373046875 0.127090454101562
-0.104415893554687 0.113296508789063 -0.116195678710937 0.0117034912109375
-0.1224365234375 0.0693588256835938 -0.0699310302734375 -0.0812301635742187
-0.159835815429688 0.0184478759765625 0.0148162841796875 -0.15966796875
-0.186538696289062 0.000534057617187493 0.098876953125 -0.154144287109375
-0.185699462890625 -0.0279693603515625 0.174392700195313 -0.0850677490234375
-0.178543090820312 -0.0992584228515625 0.21923828125 0.0288543701171875
-0.213134765625 -0.0948944091796875 0.239395141601562 0.111785888671875
-0.213592529296875 -0.12164306640625 0.2261962890625 0.176620483398438
-0.2335205078125 -0.141159057617187 0.195220947265625 0.15673828125
-0.22119140625 -0.065826416015625 0.144943237304688 0.141693115234375
-0.230438232421875 -0.0381011962890625 0.0814437866210938 0.123832702636719
-0.213516235351563 0.0441741943359375 0.0618209838867187 0.0787429809570313
-0.183212280273438 0.10833740234375 0.0481452941894531 0.0334396362304688
-0.0539932250976563 0.0398101806640625 -0.255111694335937 0.239639282226563
-0.0390625 0.0430984497070312 -0.178375244140625 0.153976440429688
-0.0484466552734375 0.0434036254882813 -0.11468505859375 0.020904541015625
-0.0478439331054688 0.019622802734375 -0.0646896362304688 -0.0769195556640625
-0.0646476745605469 -0.00995635986328126 0.0320281982421875 -0.159942626953125
-0.0839385986328125 -0.0164108276367188 0.120986938476562 -0.168701171875
-0.0796356201171875 -0.0318984985351563 0.21209716796875 -0.0943756103515625
-0.0723876953125 -0.05950927734375 0.26171875 0.0447235107421875
-0.0965194702148438 -0.066009521484375 0.2872314453125 0.146026611328125
-0.0905990600585938 -0.0855712890625 0.26025390625 0.223007202148437
-0.0955429077148438 -0.109687805175781 0.212615966796875 0.189071655273437
-0.0972518920898438 -0.0679244995117188 0.139572143554688 0.140945434570313
-0.109901428222656 -0.0493392944335938 0.0403289794921875 0.0997695922851563
-0.1177978515625 0.00237274169921873 -0.00370025634765626 0.072601318359375
-0.110588073730469 0.0347442626953125 -0.0122451782226563 0.052459716796875
-0.00748062133789063 0.0208969116210938 0.0374374389648437 -0.0784835815429687
-0.00253582000732422 -0.011317253112793 0.03057861328125 -0.0867538452148438
-0.02813720703125 -0.00252532958984375 -0.0153274536132813 -0.08233642578125
-0.0236473083496094 -0.00152206420898438 -0.123443603515625 -0.155502319335938
-0.0304698944091797 -0.00427246093749999 -0.204620361328125 -0.219314575195312
-0.0346107482910156 0.00639915466308593 -0.284423828125 -0.231201171875
-0.0525016784667969 0.0242042541503906 -0.332611083984375 -0.132110595703125
-0.0508995056152344 0.0295181274414062 -0.2943115234375 -0.039459228515625
-0.02996826171875 0.0541343688964844 -0.21875 0.10693359375
-0.0242500305175781 0.0568809509277344 -0.125732421875 0.18792724609375
-0.0122756958007813 0.0609321594238281 0.00230407714843751 0.183746337890625
0.0121536254882812 0.0510025024414063 0.0867080688476563 0.0890731811523438
0.0125579833984375 0.0370254516601563 0.132858276367188 -0.0153045654296875
0.0402259826660156 0.0291099548339844 0.176513671875 -0.156082153320313
0.0279617309570313 0.0425796508789063 0.295318603515625 -0.278228759765625
-0.0924224853515625 0.0885467529296875 0.0177497863769531 -0.0635147094726563
-0.116439819335938 0.00827789306640624 0.00979614257812499 -0.0765762329101563
-0.16705322265625 -0.016632080078125 -0.0273971557617188 -0.0787506103515625
-0.147430419921875 -0.0618896484375 -0.12664794921875 -0.1468505859375
-0.150588989257813 -0.0886383056640625 -0.196395874023437 -0.211669921875
-0.157806396484375 -0.063232421875 -0.25897216796875 -0.210678100585938
-0.173553466796875 -0.0221405029296875 -0.294830322265625 -0.12353515625
-0.159912109375 -0.015380859375 -0.256546020507813 -0.04217529296875
-0.138946533203125 0.0580596923828125 -0.191497802734375 0.0934295654296875
-0.11968994140625 0.08331298828125 -0.1070556640625 0.173263549804687
-0.100181579589844 0.104576110839844 0.0103302001953125 0.174835205078125
-0.0384445190429688 0.117301940917969 0.0990829467773438 0.08935546875
-0.03662109375 0.112396240234375 0.152328491210938 -0.00546264648437499
0.00528717041015625 0.104415893554687 0.196060180664063 -0.148727416992188
-0.0116653442382812 0.134902954101563 0.298095703125 -0.264404296875
-0.151504516601562 0.151809692382813 -0.0383415222167969 -0.0313606262207031
-0.196243286132813 0.052337646484375 -0.0466575622558594 -0.0595779418945312
-0.27410888671875 0.02008056640625 -0.0612335205078125 -0.0782012939453125
-0.262832641601563 -0.06072998046875 -0.133522033691406 -0.135597229003906
-0.26861572265625 -0.114273071289063 -0.177474975585938 -0.188079833984375
-0.269058227539063 -0.0912628173828126 -0.208282470703125 -0.16748046875
-0.270126342773438 -0.0469512939453125 -0.220382690429688 -0.09722900390625
-0.248855590820313 -0.057037353515625 -0.182083129882813 -0.037384033203125
-0.23626708984375 0.048248291015625 -0.13543701171875 0.0756301879882812
-0.21636962890625 0.08966064453125 -0.0693817138671875 0.150070190429688
-0.199066162109375 0.129791259765625 0.02978515625 0.159072875976563
-0.108612060546875 0.169021606445313 0.120002746582031 0.0931549072265625
-0.105026245117187 0.17169189453125 0.1773681640625 0.0139007568359375
-0.0495452880859375 0.167617797851563 0.21832275390625 -0.12176513671875
-0.06317138671875 0.20855712890625 0.2890625 -0.22357177734375
-0.171524047851563 0.19952392578125 -0.110122680664063 0.0234146118164063
-0.218307495117188 0.111221313476563 -0.113960266113281 -0.0197830200195312
-0.30670166015625 0.100250244140625 -0.100250244140625 -0.0614547729492187
-0.320465087890625 0.00625610351562503 -0.132476806640625 -0.116668701171875
-0.343475341796875 -0.0693664550781251 -0.137222290039063 -0.162384033203125
-0.33929443359375 -0.0674438476562501 -0.128211975097656 -0.130172729492188
-0.324310302734375 -0.04473876953125 -0.115516662597656 -0.0737457275390625
-0.301513671875 -0.08807373046875 -0.0803985595703125 -0.027557373046875
-0.306976318359375 0.0191650390625 -0.0517654418945313 0.0585556030273438
-0.301849365234375 0.0634765625 -0.00855255126953128 0.121452331542969
-0.30084228515625 0.11383056640625 0.0632247924804687 0.136604309082031
-0.198455810546875 0.182205200195313 0.142959594726563 0.102401733398438
-0.19305419921875 0.19183349609375 0.194503784179688 0.04669189453125
-0.126480102539062 0.2020263671875 0.229629516601563 -0.073455810546875
-0.122512817382813 0.248367309570312 0.260208129882813 -0.160537719726562
-0.1556396484375 0.215011596679687 -0.17352294921875 0.095672607421875
-0.184234619140625 0.15045166015625 -0.163253784179688 0.0401763916015625
-0.260543823242187 0.163238525390625 -0.122512817382813 -0.0295486450195312
-0.29241943359375 0.078643798828125 -0.116714477539063 -0.096771240234375
-0.335601806640625 -0.00201416015625007 -0.0828094482421875 -0.15228271484375
-0.342010498046875 -0.0196533203125 -0.0364608764648438 -0.122146606445313
-0.325469970703125 -0.0286254882812499 -0.00140762329101564 -0.0680351257324219
-0.308074951171875 -0.105316162109375 0.0339794158935547 -0.0150775909423828
-0.33380126953125 -0.023956298828125 0.052886962890625 0.0526504516601563
-0.34576416015625 0.000701904296875032 0.0758132934570312 0.106109619140625
-0.366455078125 0.039886474609375 0.111099243164062 0.118927001953125
-0.280532836914063 0.131881713867187 0.159759521484375 0.115554809570313
-0.2728271484375 0.14947509765625 0.188018798828125 0.087982177734375
-0.2034912109375 0.18829345703125 0.208648681640625 -0.00891113281249999
-0.17535400390625 0.24395751953125 0.20758056640625 -0.087249755859375
-0.122665405273437 0.188491821289063 -0.21368408203125 0.167648315429687
-0.124771118164062 0.147430419921875 -0.180679321289062 0.09967041015625
-0.174087524414062 0.1658935546875 -0.123634338378906 -0.00057220458984375
-0.207962036132813 0.102401733398438 -0.0929946899414063 -0.08551025390625
-0.259414672851563 0.0352935791015625 -0.03076171875 -0.156204223632813
-0.28143310546875 0.011383056640625 0.0418014526367187 -0.139122009277344
-0.27496337890625 -0.016571044921875 0.0999984741210937 -0.07818603515625
-0.267410278320312 -0.107391357421875 0.14154052734375 0.000244140624999993
-0.3028564453125 -0.06640625 0.1605224609375 0.0673675537109375
-0.317291259765625 -0.073516845703125 0.167068481445313 0.120071411132813
-0.349700927734375 -0.063568115234375 0.16497802734375 0.121063232421875
-0.29901123046875 0.0307312011718749 0.1644287109375 0.128997802734375
-0.2965087890625 0.0578613281250001 0.148895263671875 0.119140625
-0.242584228515625 0.12994384765625 0.149139404296875 0.0470733642578125
-0.2003173828125 0.195755004882812 0.132240295410156 -0.01995849609375
-0.085693359375 0.126556396484375 -0.23614501953125 0.225967407226562
-0.0717620849609375 0.105812072753906 -0.179656982421875 0.143905639648437
-0.097564697265625 0.118095397949219 -0.116432189941406 0.0177001953125
-0.117324829101563 0.0746307373046875 -0.0750961303710938 -0.080078125
-0.160079956054688 0.027587890625 0.00372314453125 -0.163528442382813
-0.187515258789063 0.01165771484375 0.0904998779296875 -0.162353515625
-0.188064575195312 -0.0168914794921875 0.17236328125 -0.0947418212890625
-0.185043334960938 -0.09063720703125 0.224884033203125 0.017425537109375
-0.217941284179688 -0.082733154296875 0.248397827148438 0.100250244140625
-0.222030639648438 -0.109329223632813 0.238861083984375 0.164794921875
-0.244583129882813 -0.127426147460938 0.208023071289062 0.148117065429688
-0.227569580078125 -0.0546722412109375 0.159378051757812 0.136138916015625
-0.234115600585938 -0.024017333984375 0.0953292846679687 0.12103271484375
-0.212921142578125 0.057159423828125 0.0710601806640625 0.0728378295898438
-0.178115844726563 0.121795654296875 0.0541496276855469 0.024993896484375
-0.0526351928710938 0.0429649353027344 -0.2467041015625 0.2635498046875
-0.0372505187988281 0.043426513671875 -0.174179077148437 0.168838500976563
-0.0453109741210937 0.044219970703125 -0.113845825195313 0.0273208618164062
-0.0454483032226563 0.0194969177246094 -0.0694732666015625 -0.0759201049804688
-0.065185546875 -0.00704956054687499 0.020599365234375 -0.164764404296875
-0.0861663818359375 -0.0113906860351563 0.11151123046875 -0.177352905273438
-0.0815658569335938 -0.027313232421875 0.209747314453125 -0.105422973632813
-0.0750961303710938 -0.0567855834960937 0.269088745117187 0.0310821533203125
-0.0992202758789063 -0.060638427734375 0.298583984375 0.131927490234375
-0.0956268310546875 -0.0811538696289063 0.27545166015625 0.21160888671875
-0.103324890136719 -0.105545043945312 0.227508544921875 0.179519653320312
-0.102157592773438 -0.0648956298828125 0.15362548828125 0.13494873046875
-0.113082885742188 -0.0438613891601562 0.0518569946289063 0.0991973876953125
-0.118560791015625 0.00927734375000002 0.00539398193359374 0.0706024169921875
-0.109100341796875 0.0429611206054687 -0.00560760498046876 0.0476760864257812
-0.006103515625 0.0215911865234375 0.0307159423828125 -0.0741119384765625
-0.00368976593017578 -0.0116634368896484 0.0212631225585937 -0.0826568603515625
-0.0280685424804688 0.000925064086914067 -0.02325439453125 -0.081634521484375
-0.0239200592041016 0.00064277648925781 -0.134201049804687 -0.14788818359375
-0.0310821533203125 -0.002227783203125 -0.21417236328125 -0.204833984375
-0.0350799560546875 0.00849723815917969 -0.29119873046875 -0.21337890625
-0.0500717163085937 0.0271682739257812 -0.33221435546875 -0.11358642578125
-0.0480155944824219 0.0321235656738281 -0.29278564453125 -0.0242919921875
-0.0255813598632813 0.0554428100585938 -0.20941162109375 0.114730834960938
-0.0202865600585938 0.0579795837402344 -0.112396240234375 0.19024658203125
-0.00850677490234375 0.0620574951171875 0.0142059326171875 0.181365966796875
0.0154075622558594 0.0501899719238281 0.0911331176757813 0.0842361450195312
0.0142021179199219 0.037322998046875 0.130989074707031 -0.0211639404296875
0.0412330627441406 0.0254783630371094 0.167755126953125 -0.165054321289062
0.0326423645019531 0.0417366027832031 0.278411865234375 -0.297119140625
-0.08612060546875 0.0930938720703125 0.0114097595214844 -0.05810546875
-0.114959716796875 0.0135421752929687 0.00182342529296875 -0.0716629028320313
-0.165756225585938 -0.00566101074218752 -0.034210205078125 -0.0776901245117187
-0.149581909179687 -0.052886962890625 -0.135787963867187 -0.139633178710938
-0.15350341796875 -0.077911376953125 -0.205825805664062 -0.198776245117188
-0.159744262695313 -0.0531005859375 -0.265945434570313 -0.195068359375
-0.171661376953125 -0.0112457275390625 -0.296112060546875 -0.106781005859375
-0.158462524414063 -0.00663757324218749 -0.2552490234375 -0.0287628173828125
-0.132316589355469 0.0648345947265625 -0.18377685546875 0.09979248046875
-0.111724853515625 0.0894699096679688 -0.09478759765625 0.175247192382813
-0.0915145874023438 0.110816955566406 0.0226287841796875 0.172149658203125
-0.0303573608398438 0.117706298828125 0.104530334472656 0.0842666625976563
-0.0283432006835937 0.113029479980469 0.151779174804688 -0.0128631591796875
0.0114669799804688 0.100502014160156 0.187835693359375 -0.159866333007813
-0.00016021728515626 0.134963989257813 0.28118896484375 -0.28314208984375
-0.14166259765625 0.158737182617188 -0.0424880981445313 -0.0222129821777344
-0.190887451171875 0.0624847412109375 -0.0533294677734375 -0.0512428283691406
-0.26910400390625 0.03656005859375 -0.067596435546875 -0.0754318237304688
-0.262115478515625 -0.0442657470703125 -0.142181396484375 -0.128005981445313
-0.2718505859375 -0.0962982177734375 -0.18646240234375 -0.176437377929688
-0.269485473632812 -0.0747528076171875 -0.213363647460938 -0.155776977539062
-0.267349243164062 -0.03131103515625 -0.221725463867188 -0.0842437744140625
-0.247650146484375 -0.043121337890625 -0.180633544921875 -0.027313232421875
-0.227188110351563 0.059814453125 -0.129478454589844 0.0794219970703125
-0.207183837890625 0.101242065429687 -0.059814453125 0.150131225585938
-0.187835693359375 0.14178466796875 0.04083251953125 0.156173706054688
-0.0956573486328125 0.172821044921875 0.125953674316406 0.08685302734375
-0.0909271240234375 0.175521850585938 0.178543090820312 0.00431823730468751
-0.03875732421875 0.166091918945312 0.2108154296875 -0.134750366210938
-0.0462493896484375 0.210205078125 0.27532958984375 -0.243026733398437
-0.157974243164063 0.206893920898437 -0.109756469726563 0.0365066528320313
-0.209274291992188 0.121734619140625 -0.116256713867188 -0.00769805908203125
-0.296722412109375 0.116851806640625 -0.104034423828125 -0.0565643310546875
-0.3150634765625 0.0237731933593749 -0.139572143554688 -0.10906982421875
-0.34228515625 -0.047637939453125 -0.146194458007813 -0.152969360351563
-0.337432861328125 -0.04638671875 -0.13232421875 -0.123435974121094
-0.31988525390625 -0.025543212890625 -0.116569519042969 -0.0662765502929687
-0.301483154296875 -0.07122802734375 -0.079620361328125 -0.0235214233398438
-0.29827880859375 0.034942626953125 -0.0471725463867188 0.0583457946777344
-0.29193115234375 0.07989501953125 -0.00138854980468751 0.119560241699219
-0.28802490234375 0.131683349609375 0.0715103149414062 0.131645202636719
-0.18438720703125 0.19091796875 0.14990234375 0.0934906005859375
-0.176437377929687 0.200286865234375 0.198410034179687 0.0347900390625
-0.11212158203125 0.204483032226563 0.223983764648438 -0.0878143310546875
-0.102294921875 0.253463745117188 0.249969482421875 -0.178741455078125
-0.141448974609375 0.221328735351562 -0.16827392578125 0.111526489257813
-0.173431396484375 0.158096313476563 -0.160934448242188 0.05462646484375
-0.246688842773438 0.175216674804688 -0.123672485351563 -0.0240097045898437
-0.28192138671875 0.09246826171875 -0.122146606445313 -0.09136962890625
-0.329742431640625 0.0180969238281249 -0.0916290283203125 -0.146072387695313
-0.3365478515625 0.000640869140625054 -0.0421905517578125 -0.120414733886719
-0.320220947265625 -0.00936889648437497 -0.00392150878906252 -0.0660438537597656
-0.309539794921875 -0.087799072265625 0.0339794158935547 -0.0175056457519531
-0.326568603515625 -0.00567626953125001 0.0558280944824218 0.0475959777832031
-0.33819580078125 0.02056884765625 0.0803451538085938 0.0997161865234375
-0.357147216796875 0.063079833984375 0.117897033691406 0.111854553222656
-0.2686767578125 0.146713256835937 0.168167114257812 0.105972290039063
-0.258010864257813 0.163284301757812 0.195083618164062 0.075927734375
-0.187896728515625 0.196136474609375 0.207199096679688 -0.0242767333984375
-0.154937744140625 0.251983642578125 0.20208740234375 -0.103240966796875
-0.110397338867188 0.193603515625 -0.203109741210938 0.1849365234375
-0.115097045898437 0.150390625 -0.174697875976563 0.114013671875
-0.16156005859375 0.171875 -0.122367858886719 0.00474548339843754
-0.197555541992188 0.109466552734375 -0.097320556640625 -0.0812530517578125
-0.252243041992188 0.0493316650390625 -0.0406036376953125 -0.153152465820313
-0.275054931640625 0.0273895263671875 0.0340118408203125 -0.141036987304688
-0.269821166992188 -0.000595092773437472 0.0950927734375 -0.081451416015625
-0.268600463867188 -0.0922698974609375 0.141571044921875 -0.00820922851562501
-0.2987060546875 -0.048858642578125 0.162643432617187 0.057586669921875
-0.31500244140625 -0.053131103515625 0.170745849609375 0.108718872070312
-0.34759521484375 -0.04046630859375 0.171188354492187 0.111343383789063
-0.2935791015625 0.04705810546875 0.172897338867187 0.119003295898438
-0.286651611328125 0.0746459960937501 0.159393310546875 0.109115600585937
-0.230728149414063 0.14093017578125 0.152603149414062 0.03466796875
-0.183181762695313 0.206085205078125 0.132034301757813 -0.0328521728515625
-0.0775985717773438 0.129608154296875 -0.221817016601562 0.243682861328125
-0.065399169921875 0.106208801269531 -0.171096801757813 0.1563720703125
-0.088714599609375 0.119422912597656 -0.113998413085937 0.0225143432617188
-0.109886169433594 0.0766067504882812 -0.0788192749023438 -0.0782546997070313
-0.154876708984375 0.0357818603515625 -0.00665283203125003 -0.162384033203125
-0.183700561523438 0.0225372314453125 0.0798492431640625 -0.165664672851563
-0.184768676757813 -0.00610351562500002 0.166107177734375 -0.1015625
-0.18603515625 -0.0801849365234375 0.224822998046875 0.00415039062499999
-0.216537475585938 -0.0698394775390626 0.25091552734375 0.085357666015625
-0.223495483398438 -0.09521484375 0.243438720703125 0.149826049804688
-0.248092651367187 -0.11016845703125 0.214385986328125 0.135238647460938
-0.22802734375 -0.041748046875 0.16888427734375 0.126419067382813
-0.230606079101562 -0.0100860595703125 0.107040405273437 0.114814758300781
-0.206039428710938 0.0684051513671875 0.0779953002929687 0.0644454956054688
-0.166702270507813 0.132186889648437 0.0578689575195312 0.016387939453125
-0.0508918762207031 0.0447235107421875 -0.23004150390625 0.279693603515625
-0.0345726013183594 0.0430564880371094 -0.16387939453125 0.179855346679688
-0.0425300598144531 0.0437965393066406 -0.110557556152344 0.0323410034179687
-0.0422477722167969 0.0183029174804688 -0.0718612670898438 -0.0742111206054687
-0.0641708374023438 -0.004608154296875 0.010223388671875 -0.164657592773438
-0.084930419921875 -0.00596618652343751 0.100051879882813 -0.17999267578125
-0.0821456909179688 -0.0222091674804687 0.201950073242188 -0.114105224609375
-0.0762557983398438 -0.0525054931640625 0.2685546875 0.0166168212890625
-0.0986785888671875 -0.05389404296875 0.301177978515625 0.115386962890625
-0.0976715087890625 -0.07489013671875 0.28204345703125 0.19366455078125
-0.107627868652344 -0.0974807739257813 0.23516845703125 0.16583251953125
-0.104446411132813 -0.059783935546875 0.162368774414062 0.125808715820312
-0.112503051757813 -0.036285400390625 0.0615768432617187 0.0950546264648437
-0.115760803222656 0.0156707763671875 0.0124893188476562 0.0665931701660156
-0.104904174804687 0.0502395629882812 0.00029754638671874 0.0417556762695312
-0.00490379333496094 0.0215625762939453 0.02581787109375 -0.0691795349121094
-0.00555324554443359 -0.0114097595214844 0.0151214599609375 -0.0776443481445313
-0.0273895263671875 0.00307655334472657 -0.0296707153320313 -0.0799560546875
-0.0231094360351563 0.00197219848632812 -0.139030456542969 -0.140144348144531
-0.0315494537353516 -0.000865936279296872 -0.215744018554688 -0.19378662109375
-0.0349884033203125 0.00980949401855469 -0.2890625 -0.19927978515625
-0.0476646423339844 0.028045654296875 -0.326080322265625 -0.100677490234375
-0.0454788208007813 0.0330924987792969 -0.28619384765625 -0.015594482421875
-0.0223617553710938 0.0546684265136719 -0.20025634765625 0.115402221679688
-0.0175514221191406 0.0582160949707031 -0.102554321289062 0.187774658203125
-0.00548553466796875 0.0621528625488281 0.0223236083984375 0.176849365234375
0.0173187255859375 0.0492973327636719 0.0921630859375 0.0810623168945313
0.0148887634277344 0.0368766784667969 0.127128601074219 -0.0231552124023437
0.0407142639160156 0.0224723815917969 0.160064697265625 -0.167831420898438
0.0355949401855469 0.0402946472167969 0.2635498046875 -0.305023193359375
-0.0811309814453125 0.0949172973632812 0.00758361816406249 -0.0524635314941406
-0.112869262695313 0.0179061889648438 -0.00290679931640626 -0.0655784606933594
-0.162246704101563 0.000991821289062469 -0.0390777587890625 -0.0756454467773438
-0.14678955078125 -0.0461578369140625 -0.139694213867187 -0.132522583007813
-0.152862548828125 -0.07025146484375 -0.20721435546875 -0.18817138671875
-0.15716552734375 -0.045562744140625 -0.26348876953125 -0.18359375
-0.1661376953125 -0.00537109374999998 -0.290435791015625 -0.0945434570312501
-0.153945922851563 -0.001495361328125 -0.248825073242188 -0.0208892822265625
-0.125038146972656 0.0671234130859375 -0.175918579101563 0.0998077392578125
-0.105148315429688 0.0904998779296875 -0.0863037109375 0.172088623046875
-0.084686279296875 0.112594604492188 0.0302734375 0.167434692382813
-0.0246429443359375 0.116035461425781 0.105667114257813 0.0801773071289063
-0.022064208984375 0.111770629882813 0.14837646484375 -0.016448974609375
0.0151138305664063 0.0960769653320313 0.179290771484375 -0.1641845703125
0.0078887939453125 0.132049560546875 0.266387939453125 -0.29156494140625
-0.132568359375 0.160659790039063 -0.0439949035644531 -0.0153656005859375
-0.185440063476563 0.067657470703125 -0.0561904907226563 -0.0432472229003906
-0.261001586914063 0.0465240478515625 -0.070953369140625 -0.0725250244140625
-0.257003784179688 -0.03533935546875 -0.145492553710938 -0.121994018554688
-0.268310546875 -0.0838470458984375 -0.188323974609375 -0.166793823242188
-0.26483154296875 -0.0631866455078125 -0.211929321289063 -0.147232055664063
-0.259750366210938 -0.0202789306640625 -0.216796875 -0.0744476318359375
-0.24200439453125 -0.034332275390625 -0.1763916015625 -0.0219879150390625
-0.216888427734375 0.064971923828125 -0.123123168945312 0.0790252685546875
-0.196304321289063 0.106033325195313 -0.053070068359375 0.146759033203125
-0.176025390625 0.145950317382813 0.046539306640625 0.15118408203125
-0.08660888671875 0.17138671875 0.127754211425781 0.0814743041992188
-0.08001708984375 0.17388916015625 0.17724609375 -0.00109863281249999
-0.031524658203125 0.1612548828125 0.202301025390625 -0.141021728515625
-0.033721923828125 0.206680297851563 0.261459350585937 -0.251129150390625
-0.146224975585938 0.208694458007812 -0.107955932617188 0.0454330444335938
-0.20050048828125 0.125732421875 -0.115882873535156 0.00196075439453124
-0.284576416015625 0.124267578125 -0.105499267578125 -0.0527877807617187
-0.3056640625 0.0330810546875001 -0.1422119140625 -0.104278564453125
-0.334259033203125 -0.0336303710937499 -0.148590087890625 -0.1448974609375
-0.3289794921875 -0.0328369140624999 -0.1324462890625 -0.118057250976563
-0.31048583984375 -0.013397216796875 -0.114761352539063 -0.06011962890625
-0.29541015625 -0.06036376953125 -0.0774459838867188 -0.0208663940429687
-0.286224365234375 0.043670654296875 -0.0435256958007813 0.0559806823730469
-0.279083251953125 0.0881347656249999 0.00254058837890623 0.115791320800781
-0.27471923828125 0.14068603515625 0.0764312744140625 0.126556396484375
-0.171737670898437 0.192657470703125 0.151824951171875 0.0872039794921875
-0.161911010742188 0.201019287109375 0.198043823242188 0.0270233154296875
-0.101089477539062 0.201812744140625 0.216262817382812 -0.096160888671875
-0.0861663818359375 0.250778198242188 0.239288330078125 -0.188095092773437
-0.12945556640625 0.221282958984375 -0.161376953125 0.12139892578125
-0.163589477539062 0.15936279296875 -0.156509399414063 0.06396484375
-0.232467651367187 0.178314208984375 -0.122611999511719 -0.0201950073242187
-0.270523071289063 0.0980682373046875 -0.1234130859375 -0.0872344970703125
-0.319488525390625 0.030059814453125 -0.0951385498046875 -0.139747619628906
-0.32611083984375 0.012481689453125 -0.04412841796875 -0.117698669433594
-0.30889892578125 0.00238037109375004 -0.00466537475585939 -0.0636520385742188
-0.303314208984375 -0.076324462890625 0.0333747863769531 -0.0189094543457031
-0.31536865234375 0.00457763671875003 0.0565681457519531 0.0427398681640625
-0.32598876953125 0.0314025878906251 0.0812225341796875 0.0936355590820313
-0.344146728515625 0.076568603515625 0.119781494140625 0.105751037597656
-0.255401611328125 0.15185546875 0.170013427734375 0.0985107421875
-0.24200439453125 0.168136596679687 0.197463989257813 0.0664520263671875
-0.17498779296875 0.196701049804688 0.20257568359375 -0.033294677734375
-0.138626098632813 0.251708984375 0.195602416992188 -0.112213134765625
-0.100051879882813 0.192794799804688 -0.1925048828125 0.194290161132813
-0.107620239257813 0.148956298828125 -0.167236328125 0.12152099609375
-0.1505126953125 0.17138671875 -0.119621276855469 0.00792694091796878
-0.187667846679688 0.110458374023438 -0.0984420776367188 -0.0787353515625
-0.242721557617188 0.0570831298828125 -0.0460205078125 -0.148529052734375
-0.26507568359375 0.0366973876953125 0.0279769897460937 -0.139869689941406
-0.260116577148438 0.00869750976562502 0.0919647216796875 -0.0816802978515625
-0.263748168945313 -0.0816955566406249 0.139289855957031 -0.0131301879882813
-0.28887939453125 -0.038787841796875 0.16064453125 0.0492095947265625
-0.30584716796875 -0.0408935546875 0.1693115234375 0.100753784179688
-0.339202880859375 -0.0247802734375001 0.172576904296875 0.103515625
-0.2838134765625 0.05584716796875 0.176544189453125 0.111236572265625
-0.274078369140625 0.08245849609375 0.163497924804687 0.0995635986328125
-0.218368530273437 0.144973754882813 0.152252197265625 0.025421142578125
-0.168182373046875 0.208328247070313 0.130332946777344 -0.0413360595703125
-0.07147216796875 0.129684448242188 -0.20831298828125 0.251113891601563
-0.0607147216796875 0.103927612304688 -0.161758422851563 0.162307739257813
-0.081329345703125 0.117607116699219 -0.11053466796875 0.0245361328125
-0.104087829589844 0.074981689453125 -0.0800933837890625 -0.0759658813476562
-0.148056030273438 0.0397491455078125 -0.0128631591796875 -0.159072875976563
-0.17620849609375 0.028533935546875 0.0723724365234375 -0.165267944335937
-0.178558349609375 0.000732421875000027 0.1600341796875 -0.10284423828125
-0.18304443359375 -0.073089599609375 0.220809936523438 -0.0028839111328125
-0.209869384765625 -0.0609893798828125 0.24761962890625 0.075408935546875
-0.218505859375 -0.085205078125 0.241485595703125 0.138565063476563
-0.24517822265625 -0.0974578857421874 0.21466064453125 0.125244140625
-0.22412109375 -0.033721923828125 0.172637939453125 0.118988037109375
-0.22296142578125 -0.00202941894531252 0.113052368164062 0.107444763183594
-0.19732666015625 0.0738525390625 0.0807723999023437 0.0572509765625
-0.156051635742188 0.135894775390625 0.0592765808105469 0.00886154174804688
-0.0484962463378906 0.0453567504882813 -0.21490478515625 0.286041259765625
-0.0325775146484375 0.0415229797363281 -0.154617309570313 0.183868408203125
-0.040008544921875 0.0428695678710938 -0.106147766113281 0.0334396362304688
-0.0409431457519531 0.0157966613769531 -0.0725173950195313 -0.0723800659179688
-0.0618362426757813 -0.00318908691406249 0.00376892089843751 -0.16119384765625
-0.0822525024414062 -0.002471923828125 0.0910491943359375 -0.178924560546875
-0.0795440673828125 -0.01837158203125 0.194046020507812 -0.116439819335938
-0.074615478515625 -0.0491790771484375 0.264617919921875 0.0077972412109375
-0.0950164794921875 -0.0494155883789063 0.29718017578125 0.104461669921875
-0.0961837768554687 -0.0693359375 0.279693603515625 0.180511474609375
-0.107963562011719 -0.0911178588867188 0.235748291015625 0.154815673828125
-0.103729248046875 -0.055999755859375 0.166000366210938 0.11834716796875
-0.109970092773438 -0.0323257446289063 0.0683364868164063 0.0905303955078125
-0.112052917480469 0.0194244384765625 0.01812744140625 0.061676025390625
-0.0995407104492187 0.053558349609375 0.00424575805664062 0.0358924865722656
-0.00434494018554688 0.0222454071044922 0.0231895446777344 -0.06390380859375
-0.00633811950683594 -0.0112361907958984 0.0114974975585937 -0.0726776123046875
-0.0272502899169922 0.00513458251953125 -0.0336227416992188 -0.0791854858398438
-0.02294921875 0.00302505493164063 -0.141036987304687 -0.137344360351563
-0.0324115753173828 0.000316619873046881 -0.214263916015625 -0.188308715820313
-0.0357284545898437 0.0108184814453125 -0.2843017578125 -0.1937255859375
-0.0456771850585938 0.0280685424804688 -0.319244384765625 -0.097015380859375
-0.0441360473632813 0.0330657958984375 -0.281646728515625 -0.01361083984375
-0.0207366943359375 0.0540618896484375 -0.1971435546875 0.11285400390625
-0.0163078308105469 0.0573844909667969 -0.098602294921875 0.183822631835937
-0.00439453125 0.0624160766601563 0.025421142578125 0.17303466796875
0.0184288024902344 0.049041748046875 0.0922317504882813 0.0801773071289063
0.0156135559082031 0.0371055603027344 0.125862121582031 -0.0227584838867187
0.0402755737304688 0.021148681640625 0.1571044921875 -0.169387817382813
0.0377960205078125 0.0395469665527344 0.25775146484375 -0.309722900390625
-0.0789337158203125 0.0953140258789063 0.00484085083007812 -0.0475082397460937
-0.112083435058594 0.0186233520507812 -0.00635528564453126 -0.0601882934570313
-0.15948486328125 0.0046539306640625 -0.042266845703125 -0.0749053955078125
-0.145919799804688 -0.0433349609375 -0.141464233398438 -0.12982177734375
-0.152374267578125 -0.066497802734375 -0.206436157226563 -0.183578491210937
-0.15533447265625 -0.042510986328125 -0.258865356445312 -0.179183959960938
-0.161880493164063 -0.00346374511718752 -0.28424072265625 -0.0910644531250001
-0.151031494140625 -0.000183105468749985 -0.244979858398438 -0.0189971923828125
-0.120323181152344 0.0665359497070313 -0.1728515625 0.0976715087890625
-0.100837707519531 0.0904693603515625 -0.083160400390625 0.1690673828125
-0.0804214477539062 0.113197326660156 0.033172607421875 0.163726806640625
-0.021728515625 0.115074157714844 0.1064453125 0.0784988403320313
-0.0189971923828125 0.110275268554688 0.14776611328125 -0.016693115234375
0.0159378051757812 0.093170166015625 0.175827026367188 -0.164764404296875
0.0129852294921875 0.129165649414063 0.25994873046875 -0.29541015625
-0.128036499023437 0.1611328125 -0.045867919921875 -0.00926971435546874
-0.182159423828125 0.0689849853515625 -0.0571365356445313 -0.03729248046875
-0.256195068359375 0.05029296875 -0.073089599609375 -0.0718612670898438
-0.252700805664062 -0.031768798828125 -0.146499633789063 -0.119400024414062
-0.264999389648437 -0.07794189453125 -0.18780517578125 -0.162734985351562
-0.260055541992188 -0.0577239990234375 -0.208389282226563 -0.144256591796875
-0.2532958984375 -0.01641845703125 -0.211563110351563 -0.0714263916015625
-0.238052368164063 -0.0317840576171875 -0.172470092773438 -0.02105712890625
-0.210601806640625 0.0652313232421875 -0.121086120605469 0.0764312744140625
-0.189926147460938 0.105758666992188 -0.051239013671875 0.144027709960938
-0.169158935546875 0.147552490234375 0.0492706298828125 0.148178100585938
-0.082122802734375 0.16949462890625 0.128387451171875 0.0797348022460938
-0.07440185546875 0.171600341796875 0.176406860351563 -0.00318908691406249
-0.02838134765625 0.157272338867187 0.1983642578125 -0.14276123046875
-0.0260772705078125 0.203933715820313 0.255355834960938 -0.255386352539063
-0.141387939453125 0.207855224609375 -0.107452392578125 0.0522537231445313
-0.195587158203125 0.12628173828125 -0.115249633789063 0.00778198242187498
-0.276931762695313 0.126937866210938 -0.106040954589844 -0.051788330078125
-0.3001708984375 0.035186767578125 -0.142471313476563 -0.10211181640625
-0.328094482421875 -0.02789306640625 -0.148696899414063 -0.141494750976563
-0.321563720703125 -0.0284423828125 -0.130592346191406 -0.116996765136719
-0.301849365234375 -0.00866699218749999 -0.111404418945313 -0.0579299926757813
-0.2899169921875 -0.0565795898437501 -0.0750503540039063 -0.0208816528320313
-0.278106689453125 0.044677734375 -0.0425186157226563 0.0531730651855469
-0.271514892578125 0.0893707275390625 0.00259399414062497 0.112808227539063
-0.266128540039063 0.143218994140625 0.078216552734375 0.124183654785156
-0.165695190429688 0.19140625 0.152664184570313 0.0849761962890625
-0.153427124023438 0.198974609375 0.198379516601562 0.023406982421875
-0.0958099365234375 0.197891235351563 0.212493896484375 -0.0992584228515625
-0.077178955078125 0.247512817382813 0.23480224609375 -0.192108154296875
-0.123947143554688 0.220046997070313 -0.158126831054688 0.127853393554687
-0.158447265625 0.157791137695313 -0.153640747070313 0.069976806640625
-0.225265502929688 0.178741455078125 -0.121345520019531 -0.0194473266601563
-0.264617919921875 0.0979766845703125 -0.123748779296875 -0.0859832763671875
-0.311767578125 0.03424072265625 -0.0966033935546875 -0.137046813964844
-0.31817626953125 0.016998291015625 -0.0447769165039063 -0.117660522460937
-0.30035400390625 0.00604248046874999 -0.00332641601562502 -0.0623321533203125
-0.29736328125 -0.072265625 0.0342292785644531 -0.0199489593505859
-0.3060302734375 0.00680541992187497 0.0560340881347656 0.0402755737304688
-0.317596435546875 0.0360107421875 0.079925537109375 0.0912628173828125
-0.335296630859375 0.081787109375 0.120353698730469 0.103736877441406
-0.248611450195312 0.15203857421875 0.1717529296875 0.0956878662109375
-0.232772827148438 0.168045043945313 0.198776245117187 0.061981201171875
-0.168746948242187 0.1944580078125 0.200042724609375 -0.0381011962890625
-0.128936767578125 0.24908447265625 0.192657470703125 -0.117538452148438
-0.0956878662109375 0.191390991210938 -0.1876220703125 0.199478149414063
-0.103759765625 0.146560668945312 -0.163223266601563 0.126419067382812
-0.144485473632812 0.17010498046875 -0.117851257324219 0.00789642333984378
-0.182525634765625 0.108627319335938 -0.0991134643554688 -0.0788116455078125
-0.23638916015625 0.0582275390625 -0.048004150390625 -0.146194458007813
-0.25811767578125 0.039764404296875 0.0255355834960938 -0.13916015625
-0.2520751953125 0.0120391845703125 0.091217041015625 -0.0810165405273438
-0.2587890625 -0.077392578125 0.138404846191406 -0.015838623046875
-0.281112670898438 -0.0352935791015625 0.1590576171875 0.046417236328125
-0.299530029296875 -0.036895751953125 0.166885375976562 0.0971221923828125
-0.33221435546875 -0.0187683105468751 0.171661376953125 0.100692749023437
-0.278701782226563 0.058380126953125 0.178207397460938 0.108200073242188
-0.265670776367188 0.0840301513671875 0.166900634765625 0.095306396484375
-0.212020874023438 0.144989013671875 0.1514892578125 0.0201416015625
-0.159683227539062 0.207046508789063 0.129470825195313 -0.0467758178710937
-0.06787109375 0.128448486328125 -0.202667236328125 0.25543212890625
-0.0583648681640625 0.101455688476562 -0.15740966796875 0.16497802734375
-0.0783615112304688 0.1153564453125 -0.10809326171875 0.0243759155273438
-0.100936889648438 0.07122802734375 -0.0793991088867188 -0.0766372680664063
-0.144088745117188 0.0396575927734375 -0.0153350830078125 -0.156936645507813
-0.171112060546875 0.0304412841796875 0.0689239501953125 -0.164016723632813
-0.173370361328125 0.00325012207031252 0.157943725585938 -0.102005004882813
-0.179397583007813 -0.0706787109375 0.219314575195313 -0.0061492919921875
-0.20416259765625 -0.05792236328125 0.244308471679688 0.071990966796875
-0.2149658203125 -0.08074951171875 0.238128662109375 0.134536743164063
-0.241256713867188 -0.09185791015625 0.213516235351562 0.12213134765625
-0.220672607421875 -0.0310821533203125 0.174468994140625 0.116058349609375
-0.21685791015625 0.000686645507812485 0.116867065429687 0.103317260742188
-0.191925048828125 0.0738372802734375 0.0825347900390625 0.0523452758789063
-0.148956298828125 0.135940551757813 0.0607070922851562 0.00373077392578126
-0.047088623046875 0.0456275939941406 -0.208404541015625 0.289215087890625
-0.0324554443359375 0.04010009765625 -0.150192260742187 0.186309814453125
-0.0388717651367188 0.0415229797363281 -0.103195190429688 0.0327529907226563
-0.0398025512695313 0.0131874084472656 -0.0724716186523437 -0.073150634765625
-0.0602455139160156 -0.00316238403320313 0.00128173828125 -0.159194946289063
-0.0790252685546875 -0.00104522705078125 0.087249755859375 -0.176834106445313
-0.0769882202148438 -0.01654052734375 0.191375732421875 -0.115158081054688
-0.0728225708007812 -0.0480117797851563 0.262466430664063 0.0050506591796875
-0.0909805297851563 -0.0480270385742187 0.29364013671875 0.1007080078125
-0.0943679809570312 -0.0667495727539063 0.275344848632812 0.17584228515625
-0.107048034667969 -0.088287353515625 0.23406982421875 0.150588989257813
-0.103767395019531 -0.0550689697265625 0.167465209960938 0.115142822265625
-0.106979370117188 -0.0312728881835937 0.07177734375 0.0877456665039063
-0.109237670898438 0.0194244384765625 0.0212287902832031 0.0569610595703125
-0.0962677001953125 0.0544815063476562 0.00705909729003906 0.0304031372070313
-0.00421333312988281 0.0230007171630859 0.0215911865234375 -0.0601234436035156
-0.00782871246337891 -0.010859489440918 0.00955581665039062 -0.0689544677734375
-0.0274410247802734 0.00660324096679687 -0.036865234375 -0.0799331665039063
-0.023284912109375 0.00418472290039062 -0.144363403320313 -0.138748168945313
-0.0341300964355469 0.00157737731933594 -0.215042114257813 -0.19012451171875
-0.0371818542480469 0.0127830505371094 -0.28302001953125 -0.195892333984375
-0.0454978942871094 0.028350830078125 -0.31817626953125 -0.09881591796875
-0.0436592102050781 0.0331840515136719 -0.28326416015625 -0.0146484375
-0.0200386047363281 0.0542259216308594 -0.199569702148438 0.110671997070312
-0.0159683227539063 0.0579452514648438 -0.0988311767578125 0.183868408203125
-0.00284576416015625 0.0638008117675781 0.0273590087890625 0.173507690429688
0.0189704895019531 0.0503120422363281 0.0936813354492188 0.0821533203125
0.0160179138183594 0.03802490234375 0.126701354980469 -0.0209503173828125
0.0401191711425781 0.020904541015625 0.159835815429688 -0.171127319335938
0.0410118103027344 0.0399818420410156 0.259124755859375 -0.317596435546875
-0.0783920288085938 0.0974807739257813 0.00282669067382812 -0.0434074401855469
-0.113655090332031 0.0198211669921875 -0.00852584838867188 -0.0561370849609375
-0.15985107421875 0.00715637207031251 -0.0453948974609375 -0.0762557983398438
-0.146514892578125 -0.04296875 -0.144271850585938 -0.131439208984375
-0.154312133789063 -0.065093994140625 -0.208099365234375 -0.184494018554687
-0.1563720703125 -0.041259765625 -0.258346557617188 -0.18072509765625
-0.161224365234375 -0.002777099609375 -0.2835693359375 -0.09161376953125
-0.151077270507813 -0.00041198730468752 -0.246047973632813 -0.019866943359375
-0.120094299316406 0.06646728515625 -0.175506591796875 0.0958251953125
-0.100265502929688 0.0905075073242188 -0.08349609375 0.168685913085938
-0.078826904296875 0.115043640136719 0.0347137451171875 0.164596557617188
-0.02081298828125 0.115646362304688 0.108161926269531 0.0810165405273438
-0.017852783203125 0.110740661621094 0.1495361328125 -0.0159149169921875
0.0157546997070313 0.0926895141601563 0.177200317382813 -0.167251586914063
0.0168914794921875 0.12969970703125 0.262603759765625 -0.302886962890625
-0.12835693359375 0.16412353515625 -0.0481834411621094 -0.00437545776367186
-0.184127807617187 0.0703887939453125 -0.0596961975097656 -0.0332756042480469
-0.256423950195313 0.0525360107421875 -0.075714111328125 -0.07318115234375
-0.254364013671875 -0.0314178466796875 -0.149978637695313 -0.120773315429688
-0.2667236328125 -0.07623291015625 -0.189926147460937 -0.16387939453125
-0.26055908203125 -0.0569305419921875 -0.208251953125 -0.1466064453125
-0.251937866210938 -0.0164489746093749 -0.210891723632813 -0.071624755859375
-0.2384033203125 -0.0321502685546875 -0.172927856445313 -0.021240234375
-0.209274291992187 0.064666748046875 -0.122695922851563 0.0742721557617187
-0.188491821289063 0.106246948242187 -0.0513153076171875 0.14404296875
-0.168014526367188 0.150161743164063 0.051300048828125 0.148483276367188
-0.0808868408203125 0.170806884765625 0.131118774414063 0.0813140869140625
-0.071929931640625 0.17138671875 0.179367065429688 -0.00334167480468749
-0.02777099609375 0.156509399414063 0.199783325195312 -0.145767211914063
-0.0223846435546875 0.204238891601562 0.257415771484375 -0.261917114257813
-0.1402587890625 0.210494995117187 -0.109153747558594 0.057769775390625
-0.196395874023437 0.127151489257813 -0.1165771484375 0.0127792358398437
-0.276321411132813 0.129180908203125 -0.108139038085938 -0.052581787109375
-0.301513671875 0.035980224609375 -0.145675659179688 -0.103775024414062
-0.329315185546875 -0.025665283203125 -0.150558471679688 -0.142669677734375
-0.32147216796875 -0.0269775390625 -0.130348205566406 -0.119186401367187
-0.2999267578125 -0.00823974609375 -0.109176635742188 -0.057373046875
-0.290435791015625 -0.0571594238281249 -0.0747146606445313 -0.0222625732421875
-0.2764892578125 0.0436096191406251 -0.0432319641113281 0.0508079528808594
-0.27032470703125 0.090606689453125 0.00296783447265624 0.113052368164063
-0.264297485351563 0.147003173828125 0.0800094604492187 0.124656677246094
-0.165008544921875 0.192489624023437 0.15643310546875 0.0860595703125
-0.149826049804687 0.199234008789063 0.201828002929687 0.02294921875
-0.0954132080078125 0.197463989257812 0.214324951171875 -0.101730346679687
-0.07275390625 0.248428344726562 0.237380981445313 -0.1986083984375
-0.122726440429688 0.222381591796875 -0.158599853515625 0.13397216796875
-0.158599853515625 0.15869140625 -0.154296875 0.074188232421875
-0.223358154296875 0.180023193359375 -0.123489379882813 -0.0202560424804687
-0.264450073242188 0.0979156494140626 -0.126663208007813 -0.087249755859375
-0.31231689453125 0.03643798828125 -0.0984344482421875 -0.137283325195313
-0.316925048828125 0.017913818359375 -0.0451202392578125 -0.118873596191406
-0.29742431640625 0.00631713867187505 -0.000850677490234397 -0.0618019104003906
-0.29803466796875 -0.073150634765625 0.0360870361328125 -0.0215301513671875
-0.3046875 0.00570678710937496 0.0562057495117187 0.0382080078125
-0.3162841796875 0.0361328125 0.0806350708007812 0.091522216796875
-0.334930419921875 0.0851440429687501 0.122764587402344 0.104049682617188
-0.248703002929687 0.153823852539062 0.176467895507812 0.0963287353515625
-0.230484008789063 0.168716430664062 0.202835083007812 0.06072998046875
-0.167877197265625 0.195144653320313 0.20172119140625 -0.040771484375
-0.124313354492187 0.250350952148438 0.19512939453125 -0.122695922851563
-0.0937347412109375 0.193283081054688 -0.187759399414063 0.206771850585938
-0.104202270507813 0.146102905273438 -0.1634521484375 0.131317138671875
-0.142364501953125 0.169921875 -0.11871337890625 0.00693511962890626
-0.183456420898438 0.10675048828125 -0.100936889648438 -0.080596923828125
-0.235549926757813 0.0589599609375 -0.04962158203125 -0.14703369140625
-0.255889892578125 0.0403289794921875 0.0250701904296875 -0.140975952148438
-0.249862670898438 0.0121612548828125 0.0942230224609375 -0.0813369750976563
-0.258346557617188 -0.0785675048828125 0.140083312988281 -0.0170211791992188
-0.279693603515625 -0.036041259765625 0.159652709960937 0.0455322265625
-0.298492431640625 -0.035888671875 0.167404174804687 0.0977783203125
-0.33221435546875 -0.015625 0.173233032226562 0.101333618164063
-0.27947998046875 0.0589752197265626 0.183151245117187 0.109375
-0.263900756835938 0.0848236083984375 0.17193603515625 0.094635009765625
-0.211349487304688 0.14501953125 0.153778076171875 0.017425537109375
-0.156875610351562 0.20867919921875 0.132469177246094 -0.05145263671875
-0.0667343139648438 0.129020690917969 -0.202438354492188 0.262832641601562
-0.0592269897460938 0.100433349609375 -0.156875610351562 0.169464111328125
-0.0774307250976562 0.114395141601563 -0.108238220214844 0.0226669311523438
-0.101974487304688 0.0691299438476563 -0.0814895629882813 -0.0787353515625
-0.142929077148438 0.03936767578125 -0.01654052734375 -0.158096313476563
-0.169219970703125 0.0306243896484375 0.0684661865234375 -0.165420532226562
-0.170455932617188 0.00349426269531247 0.160552978515625 -0.101943969726562
-0.1788330078125 -0.0708770751953125 0.221450805664062 -0.00851440429687501
-0.201873779296875 -0.0590667724609375 0.245193481445313 0.0726165771484375
-0.213699340820313 -0.0810852050781251 0.238449096679688 0.136123657226563
-0.242095947265625 -0.0908050537109375 0.215255737304688 0.123489379882813
-0.222183227539063 -0.031280517578125 0.1793212890625 0.11773681640625
-0.215774536132813 0.000167846679687497 0.1220703125 0.103065490722656
-0.19171142578125 0.0749969482421875 0.0847015380859375 0.049285888671875
-0.147720336914063 0.1380615234375 0.0631752014160156 -0.000835418701171867
-0.0471076965332031 0.0457725524902344 -0.208648681640625 0.295623779296875
-0.0333633422851563 0.0388145446777344 -0.150650024414062 0.189773559570312
-0.0390129089355469 0.0409164428710938 -0.103286743164063 0.0306930541992187
-0.0403709411621094 0.0104179382324219 -0.0734329223632812 -0.0756912231445313
-0.05926513671875 -0.0039825439453125 0.000350952148437494 -0.160812377929688
-0.0774688720703125 -0.000946044921874999 0.0873260498046875 -0.177413940429688
-0.0752410888671875 -0.0162353515625 0.193374633789062 -0.115005493164062
-0.0711746215820312 -0.0489425659179688 0.264999389648437 0.0042877197265625
-0.0888824462890625 -0.0483322143554688 0.29425048828125 0.102783203125
-0.0933837890625 -0.0671844482421875 0.275482177734375 0.17828369140625
-0.107078552246094 -0.0880813598632813 0.23602294921875 0.15228271484375
-0.104110717773437 -0.0562286376953125 0.1717529296875 0.116775512695313
-0.106948852539063 -0.0312118530273437 0.076385498046875 0.0876922607421875
-0.109207153320312 0.0192947387695313 0.0241737365722656 0.0545768737792969
-0.0950851440429688 0.055908203125 0.00930976867675781 0.0259552001953125
-0.00397872924804687 0.0253486633300781 0.0195350646972656 -0.0583000183105469
-0.00894355773925781 -0.0106706619262695 0.00751495361328124 -0.067047119140625
-0.0279674530029297 0.00847625732421875 -0.0420989990234375 -0.08209228515625
-0.0244903564453125 0.00555992126464844 -0.151809692382813 -0.141769409179687
-0.0360145568847656 0.00334167480468751 -0.222259521484375 -0.192413330078125
-0.0390167236328125 0.0149345397949219 -0.2886962890625 -0.19891357421875
-0.0458641052246094 0.0287284851074219 -0.3243408203125 -0.0992126464843751
-0.043792724609375 0.0345458984375 -0.29083251953125 -0.012725830078125
-0.0201492309570313 0.0560493469238281 -0.205535888671875 0.113906860351562
-0.0151557922363281 0.0599555969238281 -0.099517822265625 0.188385009765625
-0.00183486938476562 0.0666465759277344 0.0300445556640625 0.17718505859375
0.0205459594726562 0.05230712890625 0.097381591796875 0.0850677490234375
0.0172767639160156 0.0407905578613281 0.13037109375 -0.0205917358398437
0.04083251953125 0.0206832885742188 0.162429809570313 -0.178909301757813
0.0448379516601563 0.0403518676757812 0.2615966796875 -0.33428955078125
-0.079254150390625 0.102737426757813 0.000125885009765624 -0.0398521423339844
-0.116531372070313 0.0223770141601562 -0.0104408264160156 -0.0533523559570313
-0.163314819335938 0.0110321044921875 -0.0504989624023438 -0.0779953002929688
-0.151443481445313 -0.0414886474609375 -0.152145385742187 -0.133895874023438
-0.159011840820313 -0.063232421875 -0.215652465820313 -0.186874389648438
-0.160232543945313 -0.0392303466796875 -0.264877319335938 -0.184600830078125
-0.16339111328125 -0.00126647949218749 -0.288299560546875 -0.091766357421875
-0.154388427734375 0.00114440917968749 -0.25225830078125 -0.0184173583984375
-0.121086120605469 0.0685653686523437 -0.18060302734375 0.097808837890625
-0.100753784179688 0.094696044921875 -0.08416748046875 0.172210693359375
-0.078216552734375 0.120063781738281 0.0381317138671875 0.168045043945313
-0.0189056396484375 0.119247436523437 0.112930297851563 0.0831756591796875
-0.0149993896484375 0.113784790039063 0.15484619140625 -0.016815185546875
0.01702880859375 0.09375 0.180755615234375 -0.174652099609375
0.0221939086914063 0.132492065429687 0.265411376953125 -0.31866455078125
-0.1279296875 0.172042846679688 -0.0515213012695313 0.00113677978515626
-0.187957763671875 0.0745086669921875 -0.0627212524414063 -0.0291175842285156
-0.260177612304688 0.0585174560546876 -0.080841064453125 -0.074462890625
-0.261764526367188 -0.0284271240234375 -0.156753540039063 -0.12298583984375
-0.274368286132813 -0.07275390625 -0.197189331054688 -0.165557861328125
-0.266571044921875 -0.0543670654296875 -0.21343994140625 -0.149032592773438
-0.255859375 -0.0141448974609375 -0.213531494140625 -0.0710296630859375
-0.243148803710938 -0.0308074951171875 -0.1766357421875 -0.0210723876953125
-0.212142944335938 0.0668487548828125 -0.12689208984375 0.0753326416015625
-0.190704345703125 0.11114501953125 -0.0516815185546875 0.147140502929687
-0.168258666992188 0.157440185546875 0.055206298828125 0.151626586914063
-0.0792694091796875 0.17633056640625 0.136543273925781 0.0826644897460938
-0.0692291259765625 0.176025390625 0.18524169921875 -0.00553894042968749
-0.0269622802734375 0.159393310546875 0.20391845703125 -0.152801513671875
-0.015594482421875 0.209442138671875 0.261764526367188 -0.276092529296875
-0.138870239257813 0.2197265625 -0.112335205078125 0.06646728515625
-0.199691772460938 0.133056640625 -0.12042236328125 0.018951416015625
-0.279693603515625 0.137527465820313 -0.113494873046875 -0.053253173828125
-0.3084716796875 0.0404663085937499 -0.152252197265625 -0.105880737304687
-0.3375244140625 -0.019805908203125 -0.157119750976563 -0.1439208984375
-0.32781982421875 -0.023681640625 -0.134437561035156 -0.120933532714844
-0.30352783203125 -0.00680541992187501 -0.109207153320313 -0.0571670532226563
-0.29638671875 -0.0553894042968751 -0.0755462646484375 -0.0227279663085938
-0.280776977539062 0.04644775390625 -0.0447883605957031 0.0509796142578125
-0.273941040039063 0.0958404541015625 0.00376129150390622 0.115776062011719
-0.266387939453125 0.155075073242187 0.0851821899414062 0.127449035644531
-0.165664672851562 0.19921875 0.163345336914063 0.086639404296875
-0.148605346679688 0.204483032226563 0.2091064453125 0.02020263671875
-0.09417724609375 0.201995849609375 0.219100952148438 -0.10845947265625
-0.067535400390625 0.254486083984375 0.241806030273438 -0.2100830078125
-0.120941162109375 0.230010986328125 -0.16162109375 0.145614624023438
-0.160400390625 0.163986206054688 -0.157272338867188 0.082305908203125
-0.223907470703125 0.186386108398438 -0.127288818359375 -0.0201492309570312
-0.270599365234375 0.101791381835938 -0.132347106933594 -0.089599609375
-0.3177490234375 0.0419311523437501 -0.102745056152344 -0.138992309570313
-0.322265625 0.021697998046875 -0.0481719970703125 -0.1217041015625
-0.299957275390625 0.00946044921875005 0.00149536132812499 -0.0629615783691406
-0.304107666015625 -0.07220458984375 0.0368232727050781 -0.0240364074707031
-0.309112548828125 0.00753784179687502 0.0569000244140625 0.0373268127441406
-0.32269287109375 0.041473388671875 0.0823211669921875 0.0927047729492188
-0.33935546875 0.092742919921875 0.128189086914062 0.105728149414063
-0.252593994140625 0.1605224609375 0.18487548828125 0.09710693359375
-0.231094360351563 0.174026489257812 0.211883544921875 0.0589141845703125
-0.168624877929688 0.200836181640625 0.206893920898437 -0.046630859375
-0.12054443359375 0.257965087890625 0.200363159179688 -0.132492065429687
-0.0924224853515625 0.199111938476563 -0.1900634765625 0.219467163085938
-0.104339599609375 0.149398803710938 -0.16552734375 0.139968872070313
-0.141998291015625 0.17425537109375 -0.121780395507813 0.00705718994140624
-0.186126708984375 0.108932495117188 -0.105560302734375 -0.082794189453125
-0.238723754882813 0.063079833984375 -0.053466796875 -0.149826049804687
-0.258712768554688 0.0436859130859375 0.0229949951171875 -0.144775390625
-0.251022338867188 0.0147552490234375 0.0977249145507812 -0.0836563110351563
-0.263992309570313 -0.0787200927734375 0.144027709960937 -0.021392822265625
-0.283721923828125 -0.035614013671875 0.163787841796875 0.044036865234375
-0.3040771484375 -0.032989501953125 0.171585083007812 0.0986785888671875
-0.338348388671875 -0.0108337402343751 0.18035888671875 0.102630615234375
-0.2855224609375 0.0641174316406249 0.192611694335937 0.110641479492188
-0.266586303710938 0.0891571044921875 0.180862426757812 0.0933837890625
-0.213394165039063 0.150787353515625 0.158859252929688 0.0136260986328125
-0.154541015625 0.216079711914062 0.136970520019531 -0.0582504272460937
-0.0666046142578125 0.13311767578125 -0.203460693359375 0.2767333984375
-0.0596084594726562 0.102409362792969 -0.158798217773437 0.178573608398437
-0.0767898559570313 0.116279602050781 -0.110748291015625 0.0223541259765625
-0.103652954101563 0.0695419311523438 -0.0849761962890625 -0.081573486328125
-0.1451416015625 0.04095458984375 -0.019744873046875 -0.162002563476563
-0.170028686523438 0.032958984375 0.0670623779296875 -0.169723510742188
-0.171890258789063 0.00430297851562501 0.165328979492187 -0.106201171875
-0.182159423828125 -0.071563720703125 0.22747802734375 -0.0126495361328125
-0.20477294921875 -0.0596771240234375 0.252365112304688 0.0713653564453125
-0.218048095703125 -0.0802459716796875 0.24517822265625 0.137481689453125
-0.247421264648438 -0.0889129638671875 0.222732543945312 0.125045776367188
-0.228164672851563 -0.0295562744140625 0.188629150390625 0.119583129882813
-0.219284057617188 0.00210571289062499 0.130439758300781 0.103408813476563
-0.1944580078125 0.078125 0.089202880859375 0.0468292236328125
-0.147308349609375 0.143569946289063 0.066986083984375 -0.00544738769531249
-0.0474662780761719 0.0474395751953125 -0.209686279296875 0.309844970703125
-0.0336265563964844 0.0389442443847656 -0.151519775390625 0.198165893554688
-0.0389785766601563 0.0411148071289062 -0.105865478515625 0.0307235717773437
-0.0425643920898438 0.0086212158203125 -0.07647705078125 -0.079254150390625
-0.0603218078613281 -0.00525665283203124 -0.00256347656250001 -0.165206909179688
-0.0772552490234375 -6.86645507812476E-05 0.0859375 -0.182449340820313
-0.07525634765625 -0.0153427124023438 0.197921752929688 -0.119476318359375
-0.072540283203125 -0.0500259399414063 0.271942138671875 -0.000518798828125003
-0.089263916015625 -0.0496749877929687 0.302215576171875 0.103240966796875
-0.0954132080078125 -0.0671234130859375 0.28369140625 0.18060302734375
-0.110321044921875 -0.0883941650390625 0.244140625 0.153854370117188
-0.107864379882813 -0.0569381713867187 0.180953979492188 0.118804931640625
-0.108757019042969 -0.0320892333984375 0.0826416015625 0.0887451171875
-0.110816955566406 0.0206222534179687 0.0270919799804687 0.0527076721191406
-0.0962142944335938 0.0586929321289062 0.0121841430664062 0.0221824645996094
0.0225833989358251 -0.004682310249992 0.0551644900361434 -0.0183069015721152
-0.00051826990184102 0.02128884114254 0.0673686972942696 -0.0259435534207195
0.0320081628408045 0.0237410785941403 0.0556592450105308 -0.0953806349718936
0.0386046369610057 0.0279170936578202 0.0542748133900191 -0.221881278919268
0.0564320097772704 0.0402139845051637 0.0576235876278516 -0.323278734716739
0.0650797558029956 0.0457154980630393 0.0562365350189335 -0.358027458676669
0.0692386123414952 0.0329177510565708 -0.0108309557763231 -0.353926351799733
0.0736000109827882 0.00940699280093057 -0.126820610997854 -0.299249212050824
0.0772869837223737 -0.0176093544643006 -0.196308815688937 -0.158536966259404
0.0614380729630209 -0.0396141396931947 -0.213596834271553 -0.00663080325082818
0.0515867474069055 -0.0546230889431929 -0.159892025992728 0.108880713443357
0.0274009262545459 -0.0565582377296352 -0.0417085832064085 0.131060869191196
0.00589195815754102 -0.0435053910096733 0.0841025145871178 0.098896248747323
-0.0179405592721937 -0.0345960131799189 0.235408608625882 0.0549567464728987
-0.00257077877225475 -0.0386461114632845 0.416529904161987 -0.00268777449881448
0.128813689863604 0.0133109291796601 0.023383041513241 -0.0415864277932421
0.0979183077363537 0.0877998605038911 0.0540460037249631 -0.0579606838017566
0.113972015240408 0.137795350586218 0.0632108868454026 -0.13203671809908
0.0874855078045754 0.172622668632652 0.0763352063455987 -0.245344853576629
0.0964106595954894 0.180251899199656 0.0698632118719126 -0.331124907506352
0.0966538341888415 0.173277534894793 0.070093999015968 -0.343627926579772
0.101624979258575 0.154535383641354 0.0123948474417487 -0.323371511699681
0.115983177892275 0.113466899572243 -0.0937967429359919 -0.271363354220145
0.143783680523625 0.0641852461645666 -0.162091318111917 -0.149895845760119
0.142929330597447 0.00809469910274427 -0.186300118633453 -0.0131862882205882
0.142956966335036 -0.0333932824640049 -0.144320102900408 0.0986336987562578
0.109436083749178 -0.0632670742691233 -0.0337190738122702 0.132340470794982
0.0764068024783922 -0.0752009109483678 0.0922474291999604 0.113587696423585
0.0506965053133449 -0.0600949074423431 0.239861891175853 0.0638329681087978
0.0806754367046129 -0.0676640247486799 0.408065261621299 6.74550156962172E-05
0.216398341199563 0.011007810004789 -0.0465406311032119 -0.0748175952160241
0.191286780237924 0.108829003224461 0.00587879759449902 -0.113375456160595
0.21530575683382 0.190511098579 0.0435709575770017 -0.186744833329677
0.177771847146482 0.259061233599053 0.0747483024946327 -0.275209077135169
0.172561587383149 0.270966746171188 0.0647445099507831 -0.318896607932842
0.146369930831642 0.260366556380905 0.0684771693815839 -0.295698803032522
0.133159733939669 0.242484091695252 0.0306792700257107 -0.250792258487331
0.143854866586551 0.201052230382466 -0.0485814569285582 -0.204848442944624
0.190548869827703 0.145299043181122 -0.109744216062305 -0.115171517483564
0.213086788126829 0.0703100827193569 -0.139896836056537 -0.00650044476505832
0.231142446156515 0.00914121463838483 -0.114075327943691 0.0946472395080966
0.194754932229375 -0.0458398247679899 -0.0187569153773224 0.14124232305985
0.155273587243094 -0.0841250244981577 0.0998532808654011 0.136720750497252
0.125748785733678 -0.0662144710562125 0.232886755819672 0.086324317847042
0.159105619899083 -0.0783234835654322 0.37585243791983 0.0144407051279876
0.266849252897845 -0.0142630304550067 -0.144415880464975 -0.0962685017279948
0.25132089727199 0.0749489583782025 -0.0767905566497731 -0.15378440886309
0.294881797002242 0.15715260409337 -0.00936791607011363 -0.21956223809722
0.270823362287036 0.250565352609587 0.0491831207401429 -0.283172478130801
0.25266547673627 0.27672940716136 0.0602110517604903 -0.280294124893347
0.200693849371128 0.284110363491634 0.0769744727343924 -0.221887261921573
0.158548615830417 0.279869931143651 0.0593632851132694 -0.150705422761448
0.152492324476921 0.257203378812054 0.0065441406787454 -0.109244402687862
0.205407813202148 0.21721831973955 -0.0452807590962071 -0.0510948392833509
0.25228429717587 0.148843586901497 -0.0751679268781452 0.0210497743210602
0.295326655517031 0.0849845645956977 -0.0655213103264873 0.10134718299676
0.267065965781178 0.0146539267614195 -0.000769417840846117 0.156413721360942
0.231009855018557 -0.0529817473748239 0.0958053715760863 0.162639500234778
0.19799007319819 -0.0427135566642799 0.206152280261114 0.113501399128542
0.220929811860914 -0.0635679173830293 0.318163993093 0.0341858150330382
0.269611477950327 -0.0449779329076343 -0.243448713282773 -0.0921030314748738
0.252460841691289 0.0158497864626435 -0.16528225264314 -0.154858100501137
0.303723868181063 0.0775200926223396 -0.0663451365073794 -0.20770780698934
0.29421559301453 0.171737371529618 0.0242324610775517 -0.252966359645939
0.277905774549182 0.217191659578015 0.0763651813329939 -0.225364348014586
0.223304461458736 0.248646170951624 0.108694557477754 -0.145279288998515
0.163618025975847 0.268986307199554 0.101005266419751 -0.0474400854298753
0.136618650664254 0.27383421993475 0.0639449905862316 0.00126507885400551
0.180317919056443 0.263327595155975 0.0171623942676378 0.0416035711922488
0.234715561571933 0.224874237015101 -0.00803791555404314 0.0808800791315192
0.296706915740454 0.183366989433653 -0.010199484020161 0.131518124204931
0.286749820152184 0.114207262229896 0.0156162998160978 0.17813843139815
0.269502893578214 0.0224138214379663 0.0738777505786985 0.18209664952343
0.241221951755193 0.0117913978000312 0.153089681712033 0.130988155181137
0.251724221331911 -0.0272462289544788 0.238785782315948 0.0486373629630995
0.230019586640661 -0.0595241692386779 -0.321029880907943 -0.0677968549258076
0.203684345368908 -0.0269127628023337 -0.229536595954023 -0.123377536083825
0.241787907929849 0.0137396818863826 -0.0951045050409065 -0.166590979419648
0.237201395082761 0.0937561526744641 0.0190415056171621 -0.203627913502524
0.229587200832436 0.144905974010597 0.108990267118536 -0.173646905285059
0.191626362044406 0.18749484521349 0.153445882155088 -0.0837835165238885
0.13675914333479 0.223488312879006 0.147989741252857 0.0413918320036005
0.0993702090802506 0.248654001854329 0.111086483803599 0.111355407982746
0.120597573550575 0.262467154473302 0.0552755742768455 0.152630566118093
0.159566036349655 0.260649499659378 0.0335958128421864 0.171722059591577
0.214900056176594 0.254323098687959 0.0281302098969561 0.190664770699905
0.222324854812084 0.203022505473035 0.0221185358516516 0.201428194115059
0.240538082094713 0.106814928378326 0.0371356555481778 0.179415498486839
0.233104696030656 0.0729488555363892 0.0835486123246645 0.121551836230486
0.238591416623311 0.0163900928627863 0.147293007694865 0.0477480393854649
0.163169360016815 -0.0524262959715089 -0.372027329377379 -0.037707156976976
0.133621413126905 -0.0369484870754566 -0.260679455732012 -0.0844325867321213
0.152308035540106 -0.00869733365302654 -0.0975758908688899 -0.125763872347425
0.14157467027998 0.0502271482362213 0.029055252504836 -0.157214023138003
0.139622245652662 0.0943880935485423 0.13982197515196 -0.133721712697238
0.121807412837125 0.127608371626121 0.190349728293567 -0.0413787850237421
0.0825684709344773 0.15736111732235 0.183084774309082 0.106759657845459
0.0459409181095547 0.183704093506578 0.13833314107541 0.204194449860577
0.0483164773239051 0.203614497305541 0.0603020804047994 0.257461444682187
0.0612878574702987 0.221566253602277 0.0285735839640802 0.267338951070664
0.0919218879326979 0.237967392585715 0.0254573495320856 0.258928205147418
0.104711160311379 0.211336739371124 0.0142053452675058 0.22090000330296
0.150615987119913 0.137999271407184 0.00368682310087193 0.152328282433558
0.170338021270129 0.100214213066053 0.0218494497387572 0.085256802360432
0.181557223504945 0.0441369276643176 0.0638415772652016 0.0330806779978131
0.0829622435008939 -0.0251373259975695 -0.395401880054551 -0.0149008149830908
0.0638562382914541 -0.0187237074680385 -0.26878372739695 -0.0568852673409103
0.0662387551261723 0.00378121044968258 -0.0892120759711777 -0.100202600418343
0.044340358631908 0.0396640387245992 0.0396377418341961 -0.124284914679753
0.0420580291468215 0.0665400867140648 0.158147793661913 -0.105625406927665
0.0353674798115451 0.0768593248405685 0.209134030870713 -0.0134812102724695
0.0120909560783474 0.0825268609743252 0.196590130527459 0.145945693697939
-0.0110505099958736 0.0877263920645649 0.140373340608844 0.263723819307901
-0.0123377179268351 0.0925058225426402 0.038599931649637 0.3276633872412
-0.0112993741932346 0.113469174264774 -0.00741207116246461 0.330695440002949
-0.00154993075046047 0.134130285915309 -0.00716795893456508 0.306560114771366
0.00603722543696636 0.123117872233177 -0.00277364289085864 0.22896545999234
0.0515118214005925 0.0891013307470586 -0.0167679012819625 0.115570446749931
0.0800028598510106 0.0700530860130606 -0.0195350252072486 0.04325824656987
0.0924998673672848 0.0450047783901384 0.00459976203870735 0.0158995364206114
0.0238424419431952 -0.00775237410016021 0.0509788161451963 -0.0212376149834342
0.00150354563591153 0.0209522995208706 0.063623887768572 -0.0288251717691823
0.0351668319750749 0.0217210368834216 0.0503412036508719 -0.102216257441197
0.0415697120424363 0.0267080708685273 0.0446449999734362 -0.230583513685019
0.0606985049377106 0.0377224032742299 0.0449039576574175 -0.3315542727318
0.0692568588009858 0.0428746115732203 0.0445863135323053 -0.364136654461768
0.0711805838719277 0.0310405322894255 -0.0234698856665657 -0.357312365698268
0.0742492027276924 0.00689278521095023 -0.142443922612702 -0.298838166869256
0.0775420832744489 -0.0214503956179603 -0.207740613532244 -0.15499124421938
0.0611371617900671 -0.0438681399923457 -0.217532946048791 0.00175888410136803
0.0503774994106956 -0.0591241996489326 -0.157387640883468 0.118004203630024
0.0253099641123589 -0.0598640621390198 -0.0381999266936257 0.136752919552553
0.00455741070570491 -0.0461914647866869 0.0880835896178739 0.0983653525248819
-0.0198671284657031 -0.0341359231756531 0.243960182680995 0.0454462802167871
-0.0052830018426149 -0.0399570342164975 0.427073711986121 -0.0260398447020101
0.132675067133012 0.00471972541111346 0.0170388892503733 -0.0426461941735798
0.104211413191276 0.0841305416987047 0.0487856851179098 -0.060033974286859
0.124180693714838 0.133389501880875 0.0570582344191774 -0.13936440332474
0.0984748704254505 0.172147378814443 0.0659703949364707 -0.255271030078478
0.10776688085348 0.177656320758221 0.0562450180746058 -0.339570038622585
0.106182707783789 0.17014872418859 0.0586282563365513 -0.350910683445736
0.108192154399081 0.152713021214961 0.000643494468148955 -0.326308653019516
0.121948033991266 0.111026973014461 -0.107781455892495 -0.271421677069327
0.148238017826865 0.0583722372151516 -0.172550065470069 -0.147546467469564
0.145981069975656 0.000482694585205445 -0.190390183488432 -0.00627089097248451
0.143386923548399 -0.0420843349757142 -0.142448721556152 0.107660154221721
0.107442846917849 -0.0707436645665122 -0.0295206554597904 0.137711288948304
0.0733504965766716 -0.0807748907157425 0.0986686437012322 0.113134551440155
0.048688494205189 -0.0625017921830596 0.248258695152918 0.0538258597302228
0.0769456336363858 -0.0735066781155978 0.417487776508465 -0.0222428502099593
0.22151719523989 -0.00226459994354656 -0.056735107752545 -0.0729425438969608
0.200118983521303 0.101300581507998 -0.00351530460552475 -0.113814926149896
0.228779840463459 0.182442406868599 0.0350571546244611 -0.194422999867946
0.194280136291692 0.256530140772219 0.063726583149724 -0.285742709037904
0.188607055345038 0.26583286563078 0.0506817266161781 -0.326089133229988
0.161509171479828 0.256554982356384 0.0589023103684833 -0.302151673030289
0.14370022347115 0.239429189086655 0.0227661486036248 -0.252159651171532
0.153746002059368 0.198231164653522 -0.0575020869626929 -0.204668902076363
0.199382786795577 0.138884858641182 -0.117418630568557 -0.114671311688558
0.218887495920995 0.0607907424156183 -0.142743818380171 -0.000970781314629059
0.235087473917799 -0.00318334744803465 -0.111959026194125 0.102101464041563
0.195303197284727 -0.0567453319060929 -0.0132488097494186 0.14645568093015
0.151542252661111 -0.0935387650289944 0.108720820823377 0.136099865732308
0.124306676527059 -0.0726658452932774 0.241777305232223 0.0770377284773348
0.156198519254866 -0.0890713029253539 0.385821740740554 -0.00517441608704454
0.270251013480784 -0.029623774466393 -0.156510251712159 -0.0882068070409866
0.258368553221308 0.0634162114829239 -0.0892494936298567 -0.150655290973632
0.306595750786003 0.145116696688038 -0.0201907967782716 -0.223951704034251
0.286757949581122 0.242545517160228 0.0374214494660582 -0.291292696250848
0.270918592255366 0.267487166186771 0.0481942791717748 -0.286046393802441
0.217200625988767 0.277368748081046 0.069761195461722 -0.228362395088486
0.171394834972282 0.275977261533045 0.0557239994843555 -0.151418492322546
0.164543455686929 0.255080634356195 0.00322294774153137 -0.110613576321572
0.21712564683807 0.211067358721863 -0.0480980896617679 -0.0521424188146827
0.262564478377696 0.138183458243904 -0.0765139747803859 0.0239443879427204
0.303211956956067 0.0706370175891702 -0.0626505268198169 0.107060817090127
0.271512779720269 0.00116455491858882 0.00689224763644798 0.162253113174317
0.228922526446718 -0.0652420355039882 0.106121529240335 0.162735256841679
0.198495767013652 -0.0520754921277846 0.2159445774018 0.10599848799624
0.21928891534793 -0.0771730786290006 0.32834844023072 0.0184803661073012
0.271204032853896 -0.0606828943989442 -0.256352112466409 -0.0793508368293819
0.256508420176419 0.00478603298799964 -0.178789900915881 -0.146346197737327
0.310358024827652 0.0636706727211947 -0.0766490143084404 -0.208682238540689
0.307249630524015 0.162534097799679 0.0138126692312751 -0.260614646358185
0.292155380858238 0.20622958634725 0.0669515093172023 -0.231526326779144
0.236312627107129 0.240769326587982 0.10483255359939 -0.151817725346048
0.174922355337643 0.263416396729778 0.102591082254692 -0.0487723458041904
0.149806542391814 0.272013110620116 0.066325602923304 -0.00241092166401196
0.193395394130405 0.258977088950525 0.0195046348486318 0.0400343630560818
0.24894580434681 0.215947773883753 -0.00523708218942461 0.0822742116079281
0.309476436016908 0.170527362181094 -0.00464101132479874 0.135131250940609
0.29637603033791 0.101859070523394 0.02552328466556 0.183585512896716
0.272369819067255 0.0105042491293795 0.0856115974860917 0.183101817863231
0.244941651245863 0.000817498632866038 0.163488461088387 0.126527119030027
0.252197770859876 -0.0415622082838051 0.248382762982321 0.0374033492757712
0.229930202833145 -0.0733553064485943 -0.3336400698053 -0.0500591757378873
0.204908980723096 -0.0358496879442209 -0.241590037287404 -0.112151375741908
0.244156506631851 0.00245844052864959 -0.103324345949111 -0.165599304924087
0.24491473997718 0.0862295912267456 0.0121452206718706 -0.20952247510884
0.238295684543944 0.136227350772334 0.103222438166835 -0.180343076993241
0.201778188657154 0.180600087987919 0.151807053937821 -0.090615533569864
0.14627569061568 0.218069788561368 0.15398505068317 0.0386447107366827
0.109628636731636 0.248143675118685 0.119831536473279 0.106609458005171
0.132537592188892 0.260574632279414 0.0636130111230068 0.151517994111074
0.173000721373994 0.255334904726867 0.0409473876372422 0.172539144653263
0.229934096107304 0.246088589789432 0.0364092706763964 0.193231592337817
0.235314228168178 0.195947373500082 0.0331474513133598 0.208309483094667
0.246808837858895 0.0973117559462843 0.0486587350818126 0.182770074924931
0.239467089422262 0.0635406186949913 0.0931085516699975 0.119638219963177
0.242238625430046 0.00407521245460336 0.155987771078786 0.0411283711057913
0.16244522868571 -0.0615026761185768 -0.382937783875541 -0.0179563710677002
0.133180929207655 -0.0423298352541445 -0.270985400680933 -0.0716938546085058
0.152460011910458 -0.0151252252164186 -0.103424818263277 -0.124881563814641
0.145728132864332 0.0478307956781526 0.0248907322233681 -0.163243230973928
0.145011177145476 0.0898423819155764 0.136893914492751 -0.142517623294678
0.127793752013114 0.122611171584852 0.191216455561395 -0.049504256409577
0.0883394963075897 0.154582548380594 0.192401577887596 0.102789213170227
0.0533049881688622 0.185015426017882 0.151822886559509 0.20032673895439
0.055926832397422 0.203868802324361 0.0728164439187924 0.259512283744262
0.0714375170400513 0.220237722106523 0.0396266467248456 0.269898395817117
0.104474418434535 0.236251512664268 0.0371627554013794 0.263041063010801
0.116524309206217 0.210383005899003 0.0260327924997489 0.227854104465567
0.157230383325938 0.133685702445446 0.0135331680884094 0.157611745756244
0.176886038784978 0.0942776950956291 0.0285052344778679 0.085865385300949
0.18595942356867 0.0354011779361295 0.0709754255413345 0.0293935096227754
0.0827469839108005 -0.0299875467993514 -0.405366325266103 0.00608045526524078
0.0636031661718457 -0.0207026006848148 -0.277514227275094 -0.0436689185223174
0.0667729663435133 0.00152652335346599 -0.0934046099685687 -0.0997509443263921
0.0466089366626237 0.0415411289994058 0.0371233261576219 -0.130429778839346
0.0440749848787798 0.066574040786961 0.156363112415468 -0.114219878552698
0.0375283710766096 0.0762110024726194 0.211202176660223 -0.0229671957885333
0.0144281402426665 0.0818330459652896 0.20723462444599 0.140705408146895
-0.00861375261710114 0.0900076587673652 0.156035929503151 0.260593183214117
-0.0110993938080594 0.0941577437004544 0.0537878306750137 0.331937665765303
-0.00694046016151964 0.114100942166394 0.00539146154612408 0.337140750435128
0.00423776595316019 0.135841529840373 0.00550194403760226 0.312526933420145
0.0115832438781856 0.126078347013203 0.00813811871756274 0.236807304090526
0.0545767549714382 0.0885493748332484 -0.0100876391486856 0.120614832226553
0.083829122582152 0.0679319255137026 -0.0151287839190364 0.0454104058097723
0.0957454115958449 0.040908165938675 0.0103172817099725 0.0154054117841336
0.0244745589274485 -0.0109530919439419 0.0456259665936291 -0.0224755654175367
0.00339222085354358 0.0205932503064161 0.059725861121205 -0.0310226230772156
0.0372691778376842 0.0187213442569634 0.0441336539697558 -0.107276627303752
0.0443951886765781 0.025116327203978 0.0349481986837661 -0.235280265766766
0.0637019454359604 0.0350771022594224 0.0331701896024944 -0.331894342651212
0.0720389588624355 0.0391796449182708 0.0338495511421798 -0.364345427383222
0.0722754067461938 0.0293572675754106 -0.0342919585009327 -0.35568843192205
0.0742973993389531 0.00452669525130421 -0.154192705833592 -0.293127825064287
0.077095776733245 -0.0245922649055679 -0.215368357253049 -0.14873184455663
0.0596896650277465 -0.0469757157892404 -0.217261437714383 0.00963848822549241
0.0480021636770631 -0.062290571822829 -0.153105604616804 0.124758955795949
0.0225309411809331 -0.0619221992339482 -0.0342962977269999 0.14023670685844
0.00280368239797712 -0.0480146370601193 0.0911214627878633 0.0969562129792027
-0.0213233059590048 -0.0327997775080593 0.247207439391371 0.035400537016774
-0.0083942171361677 -0.0407768621315562 0.427238220208949 -0.0469644981949361
0.133599603321015 -0.00397882061572037 0.0105599599380439 -0.0423321920961677
0.108406399338005 0.0788717384403821 0.0430675301473703 -0.0607211184656867
0.130462534474014 0.127120833654658 0.0503999729803975 -0.143952800526853
0.106712545539844 0.168457658019346 0.0561370670469657 -0.260568722255522
0.116658230267673 0.171984148103876 0.0432244654570155 -0.339933507420716
0.114100870461399 0.164424189748731 0.0478264596369968 -0.351642526304104
0.113405082514795 0.147756958104009 -0.00947075838958254 -0.324048898307325
0.125053461806407 0.106881087703762 -0.117725899673594 -0.266271218616795
0.150019981768918 0.0521858044971171 -0.18033796527836 -0.142784170653211
0.145306316120722 -0.00610256561404514 -0.191013624348532 0.000706889574409838
0.141162466747878 -0.0496606238055372 -0.138601621098059 0.114103255666415
0.103904469985406 -0.0757727229206569 -0.024692833262473 0.140825755059882
0.068835993222931 -0.084662414440019 0.103491704422682 0.111175067116491
0.0455412009931788 -0.0635236446344902 0.250777884472053 0.0442859933138783
0.0714631061456487 -0.0784997062733476 0.418838808866925 -0.0429315068254573
0.221464872477025 -0.0151262128622511 -0.0655349582517837 -0.0684228391237924
0.204008038990995 0.0912055217634174 -0.011416057061297 -0.111316072390181
0.236605212570324 0.170751120098467 0.0263013767021211 -0.197458516698525
0.206383246856061 0.248935105736444 0.0524224932680056 -0.290375268232197
0.200194592597942 0.256065130107267 0.037863858150292 -0.32644452452548
0.171902175891728 0.248129452648402 0.0486075948113167 -0.303397300157228
0.151472899060407 0.232201839046816 0.0159026937826886 -0.249593806832367
0.160943133023748 0.192727751339409 -0.0641853751476558 -0.202190583532189
0.202850964441719 0.129935508377533 -0.123111928700893 -0.111439718307485
0.221281748603711 0.0503472725479727 -0.143581330040464 0.00382988649229167
0.234061105899037 -0.0153532691316461 -0.107647922404642 0.107390908132259
0.191646216470615 -0.0658833355960016 -0.00772401549300135 0.149449635704414
0.145254496142248 -0.0998371264901141 0.114897699578425 0.132831215106569
0.121043318011267 -0.0771065120584941 0.245845917502866 0.067003513987285
0.148952847039595 -0.0972243451718988 0.387392676417277 -0.0231423765492435
0.268065768724833 -0.044456424563442 -0.165407382764869 -0.0787508231866624
0.26088500734085 0.0520604136412416 -0.0983263967753183 -0.144186335872099
0.311712967908167 0.130674508979346 -0.0290526730599337 -0.224349856694793
0.298335922811568 0.231566460860009 0.0266310390508825 -0.295016555443791
0.280976380070847 0.253196117161356 0.0367660465371602 -0.285804646257839
0.227710312008427 0.266077090577825 0.062442451116329 -0.229073332404129
0.179202905861566 0.26665975806378 0.0522174373363915 -0.149856431189306
0.172710710266566 0.248419711427916 0.000207210630330756 -0.110458539095606
0.223400582928728 0.201466242754237 -0.0504496232259782 -0.0517176457333932
0.267097234406 0.125424370878446 -0.0764855307810543 0.0266515067314186
0.305218105841214 0.0550903074456103 -0.0580876097719663 0.110100237417286
0.270153791081589 -0.0108289472185933 0.014378240948051 0.164078709376836
0.222511240197748 -0.074789692001463 0.114550666188656 0.159225247792209
0.195153346357614 -0.0600473276450278 0.221194925633657 0.0971590385831295
0.213176642993649 -0.0889080276803551 0.331275414417494 0.00325641965001767
0.266900054230186 -0.0746961533140902 -0.264351472009729 -0.064169799718434
0.255461365471121 -0.0062999248436188 -0.187160827042184 -0.135784582921191
0.310901406770243 0.0504057365164638 -0.0834572987973033 -0.205790929631787
0.313722020571544 0.149971561205457 0.00374503431739117 -0.262460407641994
0.299221883341729 0.191717452236696 0.0584090841364148 -0.232355818394233
0.244630718081338 0.229068545930569 0.0994794090821645 -0.154158254997522
0.181604359978094 0.254038433544267 0.103346992550977 -0.0489140257435653
0.158693929949743 0.265908181733017 0.0679213709529918 -0.00562632302656654
0.201311949055928 0.249712437489313 0.0209172388385585 0.0372273258611625
0.25610619128987 0.203474444395392 -0.00310152039747191 0.0820260935733533
0.315807607971375 0.153875230936345 0.000725395248024846 0.136748211358175
0.30020852521186 0.0882417874402948 0.0344469537183919 0.185337991958502
0.269298071761696 -0.00132875340325646 0.095288913794659 0.18078302818931
0.243914129917087 -0.00919937604018691 0.169657749829823 0.119533689689594
0.247962720285829 -0.0540193638363244 0.252816821770587 0.0254807000056869
0.225417604481407 -0.084457648269835 -0.338582712798288 -0.0319586396183373
0.202065855125786 -0.0441042059450451 -0.247425092835511 -0.098933464587575
0.242099905491752 -0.00764049623054837 -0.108108174185068 -0.161999625988996
0.24803139006773 0.0786205585511438 0.00552125198067557 -0.211856115846222
0.242372834672679 0.125478788886743 0.0963134609090241 -0.183455299962824
0.206663986689682 0.170264092312199 0.148515038035844 -0.0955336597431624
0.150535843378024 0.210632816114108 0.157816102098439 0.0352388117711797
0.118405579934831 0.243663855988053 0.125165738760393 0.100238662419919
0.140587872797722 0.25451944365225 0.0695816937047992 0.147722331762691
0.182385918319599 0.246146498213287 0.0465347688034798 0.170187719813803
0.239945993822407 0.233642438275018 0.0438236906070867 0.19254289611825
0.24388463826334 0.185361475376695 0.0437643061728649 0.210047527554628
0.247511542509677 0.0868644929679106 0.058904070755928 0.182330116718745
0.24070640286243 0.0536807597596585 0.0998100933028091 0.116161635506202
0.240001606479472 -0.00787009957698248 0.161140687477979 0.0334195567808131
0.158380368164052 -0.0693177730137762 -0.385697650905692 0.0016544412254357
0.13035693646698 -0.0470762385056916 -0.274994599148156 -0.0578682169095006
0.149923122154681 -0.0203980857437487 -0.107120482904695 -0.121631169613228
0.146552375604543 0.0439402195464131 0.0205841770609805 -0.165805258217525
0.146834274094494 0.0842588513482455 0.13186461842308 -0.147339196412734
0.130272080586113 0.11636496029382 0.188831139163222 -0.055991086451431
0.0914224222730255 0.149464325272519 0.197870395314557 0.096586983953342
0.0595772488626775 0.182831208952152 0.160645661073098 0.191552915550761
0.0618581065659725 0.200597874788946 0.0838646640178875 0.255805388774081
0.0797775920887753 0.215699055660284 0.0502007428648759 0.267892075163687
0.114436911614868 0.230341913539023 0.0471744906167417 0.261541141356041
0.124799889627471 0.205464473279854 0.0369941884818084 0.231007667767734
0.160352167753202 0.126768800481234 0.0225697979518018 0.158709773675468
0.180034973965271 0.086416691971679 0.0343967672700574 0.0849312825771376
0.18552482205801 0.0261666647914605 0.0762273091042451 0.025744662351866
0.0808305006053755 -0.0334051749657627 -0.407618657210871 0.0258934831112134
0.0620483059118839 -0.0222857296425917 -0.279131055366208 -0.0301409413315989
0.0657021944973129 -4.59711788307728E-05 -0.0955255045666512 -0.0978995493562773
0.0478869789081929 0.0420082344772809 0.0345657994527808 -0.133470524149176
0.0461993570561521 0.0662199326904469 0.152317451264314 -0.121668069184339
0.0382093471213171 0.073900029881363 0.209519383206219 -0.0296479482898789
0.0154354374910579 0.0798754407809374 0.213773255194385 0.133801498781005
-0.00625537120659866 0.0907381098897436 0.167684476733463 0.252527482992303
-0.00927742543201093 0.093881116296077 0.0681838160114868 0.330014087456457
-0.00319557776804859 0.113443590398897 0.0180932935844688 0.335719042299164
0.00995167210570821 0.134868194148218 0.0171600944109027 0.31254345177884
0.0165301936088312 0.126342766521873 0.0194912557824683 0.240080659289766
0.0559636158086515 0.0865018956509294 -0.00406043990853991 0.123378090840366
0.08548025032115 0.0649478174201732 -0.01064025167046 0.0469750088101322
0.0965434559987975 0.0364308053504938 0.0157549170206901 0.0134959118342754
0.0192700813556896 -0.0218829455327166 0.032198135126062 -0.0338195329290261
0.0109733618254892 0.0170339027824281 0.0433275137634053 -0.0479170004243178
0.0424140511259073 0.00253862327678352 0.00301292427685338 -0.116475569778843
0.0523124220802911 0.00574787746019816 -0.0466299938950055 -0.23534502024285
0.0724048690292916 0.00707185931492218 -0.0761283543113361 -0.32287836469102
0.0808128456296912 0.00732951267004997 -0.0873051875020221 -0.352415588984881
0.0786754241245183 0.00254479501945939 -0.152007818666438 -0.32337825562418
0.0692124960276814 -0.0193638331301954 -0.242734657714142 -0.220324450193442
0.0634376671831493 -0.0482073113031109 -0.251982557664054 -0.0690415904031795
0.0411552366951379 -0.0629739613302734 -0.202188195137211 0.0784751462682954
0.0242378863386954 -0.075318629927322 -0.102623683825574 0.168535172655784
0.00132647750116757 -0.0662552033229882 0.0108802093927373 0.145870986606818
-0.0132730050121455 -0.0475182313194347 0.116691029728861 0.0655105888795437
-0.0321023669677529 -0.0238908315006088 0.245596242612049 -0.0442871813287372
-0.0241772288545199 -0.0349103349955547 0.385659767083309 -0.175502466430206
0.126329028306846 -0.0537529104009878 -0.0111879971688627 -0.0367672261824254
0.131066573823937 0.0349697318342761 0.0125704755573845 -0.0674481672296341
0.166721392445486 0.0712764681089547 -0.0109176091271411 -0.149612395119377
0.16208330958821 0.117079300444112 -0.0436565307298676 -0.265663497339437
0.166809121294852 0.117844432211796 -0.0758155255773837 -0.332775997229405
0.160066155119124 0.110426517475125 -0.0756398021251265 -0.344563369631384
0.156655027308474 0.101896967753146 -0.119759349419479 -0.304971976216624
0.149194296218156 0.0600433741353216 -0.201371746664789 -0.206821443235502
0.156324965838016 3.6968400220069E-05 -0.217533195039924 -0.0749288571225251
0.134511650285578 -0.053582016574937 -0.182077970279954 0.0623658235362748
0.114823078107434 -0.0940106635517624 -0.0938898990966111 0.154981008663012
0.0720927538546015 -0.105604073107507 0.0196318319159425 0.144327728376503
0.0358714020483091 -0.102319606463983 0.130705629528373 0.0742952148714471
0.0200368810538984 -0.0750049659920525 0.25038127606749 -0.0379759523776268
0.0390110460824003 -0.0961651329247879 0.376415841994867 -0.169912373193205
0.205470337856787 -0.0951378192512395 -0.0929710024648477 -0.0320687388346328
0.225495942054971 0.0129834394979812 -0.0587447758155905 -0.0931666392540596
0.281393563167006 0.0766565420076361 -0.0544925439503085 -0.18717623117411
0.284157119694997 0.155650955008178 -0.0629609462903913 -0.288290824506984
0.272259815012025 0.167746846668313 -0.0805005119994161 -0.314671965643427
0.240061446118206 0.169152995887816 -0.0625208889402884 -0.297187185308426
0.22037911240303 0.169364933577798 -0.0725921538532692 -0.24450942873223
0.208910995850229 0.128411136171852 -0.132326311788805 -0.165139525751992
0.230384262314097 0.054797004890705 -0.155349110038084 -0.0637871866153227
0.222780705742859 -0.0252409860504285 -0.139414209060635 0.05095464427436
0.212123946583982 -0.0924332175010388 -0.0700534568479994 0.139708295424886
0.157308047162015 -0.124464747569182 0.0373255621238658 0.146753158982305
0.101398516994114 -0.139681434199819 0.147472399020924 0.0893355295602292
0.0857500550109479 -0.112930940141026 0.250550558542425 -0.015136754215601
0.106200303783005 -0.139207332703518 0.350881615506077 -0.142195890064893
0.238768130060561 -0.138740842430047 -0.191233704175046 -0.00607905223231632
0.263512900226738 -0.0437022435709787 -0.151007852444995 -0.0911934639551713
0.33637950665119 0.0131194397489465 -0.114078850095606 -0.188877675050936
0.363162370652938 0.106576727525115 -0.0902263408528995 -0.27837268645605
0.345630879549803 0.139159083697312 -0.0701549657143486 -0.272792048205544
0.297445562175927 0.169245986378791 -0.0272564774167274 -0.230665827393896
0.256634136387361 0.193582164876949 -0.00562451933060939 -0.163148017696597
0.238424062007411 0.176594155150122 -0.0418679472255214 -0.102202553146831
0.271355950055476 0.115143164190177 -0.0686766856387288 -0.0316738756556073
0.289148256536964 0.0295155953990431 -0.0709307932434159 0.0499057968971048
0.301614795363578 -0.0502719076564791 -0.0252771035989594 0.126936135277906
0.248796056426413 -0.098877057443595 0.0611786378990748 0.153281355708825
0.182772255032146 -0.140211921159505 0.154446994188061 0.113382910776991
0.161131945276031 -0.121155810308044 0.23709458293442 0.0197428411338384
0.169631143631869 -0.151325632597681 0.306225369923554 -0.102541974224656
0.226278244171124 -0.165110396049898 -0.277235896375216 0.0412258353056099
0.236721379470532 -0.096031499199144 -0.229434166718521 -0.052160012215515
0.306729644433417 -0.060477570174221 -0.153951832709591 -0.151797913707241
0.347498878540748 0.0266051309477092 -0.0952146904294244 -0.238064829546926
0.341670893766308 0.0769354484656015 -0.0296438601136451 -0.227495806890082
0.300976259219787 0.130132930172355 0.0329579272104033 -0.170781971939297
0.254695099677579 0.181663234830751 0.0766849342053325 -0.0861311486578984
0.230788807568618 0.197428275839217 0.0555700928242219 -0.0281922042570605
0.26620328588662 0.167004776783169 0.026661843501453 0.0285790207341616
0.304802060677648 0.105570543951652 0.0142971908106674 0.0769988229029202
0.343476989814561 0.0385745207834587 0.035832411631919 0.130506785334052
0.309860789915989 -0.0153419178962995 0.0865747888884721 0.164804095754235
0.249326130162993 -0.086924799118623 0.143638699236091 0.137490841366459
0.224472563068224 -0.0894866427630682 0.196213823918484 0.0554470023892469
0.214186782194666 -0.130052782114099 0.240595780303576 -0.0598147504866741
0.183003978176071 -0.158628279253094 -0.335608110602931 0.0944975039562057
0.173063120254956 -0.111060903255875 -0.270515537265948 0.000645496937943611
0.221836990979268 -0.089677597173448 -0.157618934810146 -0.10611697106307
0.259633854882197 -0.0161299606612008 -0.071623277149161 -0.19225697225967
0.26739461273351 0.0353420730798438 0.0249229249960132 -0.196230513508092
0.247239340083332 0.0894752169382839 0.100499944841151 -0.132549601684179
0.211030055790925 0.150429580742912 0.15664274027619 -0.0242565649598415
0.186250762948479 0.189986565124219 0.145508264251421 0.0499861862470465
0.210940011408856 0.191801397215856 0.108907725575468 0.115030904184437
0.249323716095763 0.168891492563727 0.0899000343351974 0.142230701843466
0.29914241282009 0.138303844684838 0.0939568482491099 0.165738196714496
0.289372057532038 0.094150724225583 0.103798368363465 0.182987082051458
0.257802870779657 0.00299382804697805 0.111733621737904 0.148820460606579
0.242702609613263 -0.0293944371057056 0.130553890652543 0.073644421657884
0.222444073063914 -0.0842158423308582 0.15906415907148 -0.0255497293028597
0.124949259166401 -0.118633158971997 -0.366918610140921 0.138090297342626
0.104666192164314 -0.0872872838165911 -0.280764368907495 0.0443046575564181
0.131292439996107 -0.0696969274756314 -0.140942434829065 -0.0733569417589864
0.153103171755717 -0.0102653139457665 -0.0382196887205726 -0.159907484458037
0.165255261289352 0.0295523645474311 0.0728148883025646 -0.17755831939676
0.159070452407787 0.0655188721456872 0.153706280108299 -0.110891795976519
0.134904252464747 0.111852185489585 0.217324443957612 0.0201953619133386
0.112688144426917 0.151772243287133 0.210605450621057 0.122416335216131
0.120350290853778 0.167607784323688 0.157731939333816 0.21098783081044
0.143095664925175 0.174625462367771 0.125842886448274 0.232856630838043
0.181372826390118 0.17688961672189 0.121471419922179 0.226389023521218
0.184527707297727 0.152131675406071 0.106164164102783 0.204272933766868
0.189422391636788 0.0684646756213086 0.0726262071834535 0.139222940300772
0.197182982260345 0.022366489758452 0.0609459323780708 0.0652652571446744
0.183541429318593 -0.0338925493074986 0.0796777107761752 -0.00698284744119323
0.0638968382336266 -0.0561231945476556 -0.378636534418883 0.163558850775949
0.049450340496203 -0.0392718029172919 -0.275766312220827 0.0666351419000579
0.0596873183181445 -0.0213148094255585 -0.122352633798952 -0.0601233124645339
0.0608462613256565 0.0234376632341958 -0.0123507163790029 -0.140013974382342
0.0660755393454267 0.0467193421241863 0.102422159283806 -0.1642361027793
0.0606255614583328 0.0566468024544959 0.18354331959509 -0.0958790891763866
0.0409999229510287 0.0711325796695527 0.246054809415192 0.0511514802939897
0.0227464942305283 0.0873434537941709 0.239518477118167 0.176265504849245
0.0199863988232825 0.0918753311771279 0.167927068818906 0.285942196866156
0.0332385635701318 0.105639807838533 0.119839815725107 0.306833840132449
0.0532991946374739 0.12264432255512 0.113825663598246 0.282856017154831
0.0564719649158446 0.114023094406546 0.0952663981951473 0.219477625665993
0.0794115259725251 0.0639933372111132 0.0374149639602737 0.117216614866943
0.101764107343131 0.0329239564919694 0.00682216162409699 0.0450922496136305
0.102172656418405 0.0039594352861627 0.0215953847682167 0.00202878533249138
0.018317754219089 -0.0248399196732862 0.0279724701570106 -0.032954087483577
0.0116586718703142 0.0165764885389127 0.0411853887963706 -0.048569966645493
0.0433413311651493 0.000134819182096357 -0.00067881782695775 -0.118991749942659
0.0541508787914133 0.00374147938556274 -0.0510065311333065 -0.239684977801197
0.0745005466158948 0.00509936844380757 -0.0789224227557995 -0.324798006277129
0.0813232732982363 0.00553534138099921 -0.08775205440661 -0.355427244178289
0.0800353739336357 0.00259459400824981 -0.153779875791529 -0.323907697519694
0.0697180968483577 -0.0189509395462343 -0.246491373138327 -0.218206533691236
0.0632199658374912 -0.0493862239986623 -0.257081560941927 -0.066668167899269
0.040909246400784 -0.0648783024461421 -0.203177361770468 0.0812568225091099
0.0226828123199577 -0.0774888208360011 -0.100824823037144 0.171575523839358
0.000428429883370772 -0.0674112946871512 0.0117964906053754 0.149155775261449
-0.0151921986499389 -0.0493804290316619 0.118467590080106 0.0673112248080951
-0.0324958778630868 -0.0239130767757812 0.247954232445351 -0.048201660284719
-0.0262461078267407 -0.0350906852359176 0.387622971487291 -0.185057293886938
0.125506778703573 -0.059077747743966 -0.0159130745539394 -0.0342061740030691
0.132105582289777 0.0326722936342521 0.0104112931902369 -0.0668462091010161
0.169064409748988 0.068005868296007 -0.0140947543057465 -0.152445455039549
0.167321899529821 0.11425068935347 -0.0480375714508528 -0.27006680089388
0.170405753229844 0.114899460553837 -0.0787912464463474 -0.334946934234792
0.162082919117605 0.108082126175767 -0.0759199381051933 -0.346138046555564
0.159194040211224 0.100439968946644 -0.120722541148577 -0.304881314636176
0.151205417534746 0.0598243670553999 -0.203566287681151 -0.205861257488342
0.15594698108334 -0.00197340862489001 -0.222536103906365 -0.0724678215336524
0.13373427601096 -0.0562572966389848 -0.183558435656761 0.0656388476011869
0.113259483915652 -0.0977552813260812 -0.0922829355343228 0.157851157797761
0.0701235339185891 -0.107667406237093 0.0212492035828708 0.147384550544326
0.0330170859700976 -0.103404903982956 0.133478142186984 0.0746245373742167
0.0194129107181426 -0.0756155636283083 0.252983305981992 -0.0411862362812836
0.0353249622214219 -0.0978050551026774 0.378016364355557 -0.177980668992777
0.204384470639095 -0.101741466277861 -0.0983604347753761 -0.0270658447582513
0.226585766865084 0.00935781200326188 -0.0611423073915278 -0.0906098200877652
0.284227148140627 0.0720733112881209 -0.0584084275901939 -0.189855713162683
0.290726803652299 0.152015721206723 -0.0680482194807093 -0.292591249248642
0.27605599500415 0.163480787739682 -0.0833239433777072 -0.315605982390279
0.242979144057248 0.166343582655488 -0.0630047923294099 -0.299000798351129
0.221480643563424 0.167575709762747 -0.0718175850785241 -0.243753171851717
0.211728718615165 0.129098420817302 -0.132951549095182 -0.164727697202296
0.231685747346375 0.05293469207521 -0.158713570663479 -0.0630868992102105
0.22249814184868 -0.0299015133166538 -0.140754628332656 0.0531755236560199
0.211012082322775 -0.0978134819076792 -0.0683785949705222 0.142664188546293
0.155395265892813 -0.128335847546401 0.0398798734133713 0.149518925998119
0.0986151878294493 -0.141881630048294 0.150150235648571 0.0897877830666897
0.0850231405383866 -0.114452101342852 0.253473827759433 -0.0182468997155627
0.10181120867175 -0.142169246891478 0.35410134545537 -0.150826679677863
0.235941584094437 -0.14597214196972 -0.195605969566135 0.0011796343649079
0.26415513465104 -0.0484372758612967 -0.154074500157623 -0.0863133989942968
0.338657454276384 0.00735819276344821 -0.11778368749691 -0.191301966954475
0.368663950572303 0.101230116742368 -0.0940838140735776 -0.281814681186025
0.349553819540674 0.134258490343682 -0.0709723331082949 -0.273394882677735
0.299292440344362 0.165049449631806 -0.026189285916028 -0.230690959180383
0.257677343568817 0.191079379714022 -0.00223746336187355 -0.162369750450072
0.241190567286973 0.176352525251868 -0.0421411528532276 -0.102404122885503
0.272737547772551 0.112044067821539 -0.0710046278333094 -0.0314205371444785
0.289918784111994 0.0236535583588389 -0.0720164179484191 0.0521103947882885
0.300723900917056 -0.0570358044325324 -0.023581365796339 0.128997276297844
0.248290301484924 -0.104105604413948 0.0652029424323374 0.155164434709568
0.179656713332614 -0.142773914278776 0.158376433220614 0.112762989512811
0.16046022988596 -0.124003075055675 0.240234835217051 0.0168825064995308
0.164367965812828 -0.155589340074269 0.309807726518874 -0.109471954486433
0.222783358652082 -0.171781441393652 -0.281015563096893 0.0500980049054151
0.23654819300579 -0.099283488115894 -0.231466452952145 -0.0463766124578549
0.306529121564158 -0.0653931405528396 -0.156418478075593 -0.153545565235881
0.35123068114679 0.0225173739591457 -0.0982228774223372 -0.241110595576673
0.3437479844645 0.0715047640825579 -0.0294080319768395 -0.228935381110639
0.301721686406043 0.125486797099841 0.0344270406661051 -0.171693355422349
0.254038877637722 0.17881673973236 0.0808920975537604 -0.0862484018174357
0.233516563680441 0.197384357533538 0.0566329103551651 -0.0302483329380536
0.268280341033619 0.164130296371243 0.0263520580339501 0.026816342648629
0.305877330137704 0.0998512444082113 0.0143118657434727 0.0779080955204465
0.344331061065272 0.031753756814637 0.0378755017889794 0.131433427904677
0.310429723601434 -0.0208543259531772 0.0917046778427519 0.167399073095351
0.247699393875155 -0.0895875177377204 0.148611662043405 0.137230258311089
0.224207154643201 -0.0938473390189201 0.199637751096948 0.0532930474582934
0.210409707471782 -0.13456521595687 0.24437145502101 -0.0649345168972166
0.180059476314086 -0.163221119472911 -0.338470651830633 0.103671408759168
0.171795251963261 -0.113264701129638 -0.272506090985002 0.00754696924207452
0.219759241983264 -0.0916017328184724 -0.158570608928332 -0.106297709914299
0.2620341811394 -0.0182219913830977 -0.073865171743428 -0.195516306363287
0.267974277691351 0.0328403867245868 0.0257740063779343 -0.198654405848079
0.24697593641888 0.0864771694347558 0.102083589836455 -0.133885984082546
0.209407375738569 0.148909280208318 0.161908391904419 -0.0258433396808187
0.188772775906614 0.190340142333093 0.14685876738567 0.0472028768263016
0.21239388200547 0.190265523379519 0.110501352437048 0.112918415229309
0.250883313322457 0.164880726703642 0.090948299458545 0.142034707150118
0.302059873570734 0.132867526227749 0.0966971466301802 0.165843515835278
0.29244502031566 0.0902794382594396 0.110863610466246 0.185449550919769
0.257744921100444 0.00112630683634696 0.116940946454074 0.149689587728461
0.243708722647725 -0.032361837115118 0.134546032545732 0.0722401965491333
0.220304131951228 -0.0884637536211852 0.163475152217196 -0.0301236233877788
0.122269242868713 -0.121324386524006 -0.368812776692293 0.147679328675885
0.104138981239849 -0.0878945691045277 -0.28242723267695 0.0505640225197591
0.129398099281176 -0.0694445852255228 -0.141052841574706 -0.0749666446765704
0.154349401233642 -0.0103630797037433 -0.0396318258413965 -0.163554632113099
0.16558217537415 0.0294490838288799 0.0729310588614421 -0.181078528842967
0.158125491537263 0.063800398588748 0.154842107826802 -0.112418915240949
0.133857393558441 0.111841984627929 0.221876201983378 0.0178768366634571
0.113949898649299 0.152263050999231 0.214006525333519 0.118443779570832
0.121101937271316 0.167215064709835 0.161611691242547 0.209010200909539
0.144599559297602 0.171953998342979 0.127840457811752 0.232183589082831
0.184811840206382 0.17392060243858 0.124391254773754 0.226903103702428
0.188484924487116 0.150692934355898 0.113284483401668 0.207163759871832
0.189986618825368 0.0678227125991881 0.0773134277870158 0.141559417982037
0.198374740122082 0.0201246240905481 0.0644288701261751 0.0651760675795189
0.182619784199853 -0.0370682197047937 0.0842300471623443 -0.0101376750311548
0.063742621435955 -0.0567905560026071 -0.379938447093087 0.172092549406496
0.048795546091999 -0.0389636474075219 -0.277441452145649 0.0726151089127513
0.0590543167798532 -0.0209166593773 -0.123310735165585 -0.0621922764079955
0.0617253045836991 0.0253384426366483 -0.0128769038694168 -0.144063167219396
0.0668034475824948 0.0476941452035906 0.102829830284657 -0.168111620533376
0.0598025255098038 0.0573225965385022 0.184703813740176 -0.0976166681595051
0.039568231854103 0.0710148835443189 0.249990822153083 0.0483211693810801
0.0230552823490933 0.0882240448370939 0.243030072955587 0.171754657561097
0.0194417659933286 0.0920575529974948 0.172705148266041 0.285529010719405
0.0333052383130046 0.104991494569855 0.123182944761304 0.307371114725782
0.0545338311724668 0.122877159526619 0.11766761648842 0.283827193978957
0.0587930975379943 0.114882794494999 0.10136706875914 0.223573848650622
0.0792461425877603 0.0644597805053792 0.0413137526100105 0.120108536668707
0.102699300736221 0.0327282235486459 0.0105183589932268 0.0452151492331434
0.102505688884623 0.00282622846693765 0.0259323251058885 -0.000788812542176739
0.0183472724812122 -0.0280712239823143 0.0242296408396752 -0.0328323048346284
0.0129107000817904 0.0169951027040675 0.0405121367537833 -0.0505659319986383
0.0444756904734117 -0.00319182612052331 -0.00487497639686408 -0.124309889629079
0.0575396300843162 0.00187404385055339 -0.0566432114841169 -0.248371421308208
0.0780679301156723 0.00323435375471711 -0.0834498376479063 -0.333975268032881
0.0833764263520422 0.00406419251815548 -0.0912280072970673 -0.364923378148022
0.0829102042653374 0.00168368730577922 -0.160310977241973 -0.331714728789278
0.07200546424601 -0.0190901941091444 -0.255132538540742 -0.220273484309807
0.0637640540365375 -0.0521694516526534 -0.266531256205681 -0.064093129770591
0.040286179465481 -0.0683073523472244 -0.207680191585614 0.0859284746300557
0.021913246034652 -0.0808485002650518 -0.101026084718875 0.177956847249796
-0.000886138162312859 -0.0695377255963917 0.0142394339550376 0.156085538140225
-0.0178650765671872 -0.0518344567023578 0.122837068918364 0.0700892122155872
-0.0334920043061663 -0.0240041909883836 0.255212797680069 -0.0550931626913867
-0.0281849409902446 -0.0359263518188979 0.397528049420818 -0.199768555736757
0.126524629458625 -0.065855810093171 -0.0209666976547203 -0.0322546599190304
0.13725107816341 0.031062307956069 0.00862464055473543 -0.0677869216964674
0.174552302260826 0.0650668481903907 -0.018735139872841 -0.15890805947463
0.175719293448169 0.113772136468562 -0.0546344004733738 -0.280162114306364
0.177473211385967 0.113759447488594 -0.0829181259609097 -0.341904585301862
0.167085792479798 0.107358271853352 -0.0794651959027029 -0.356073660554779
0.163882925463274 0.10111502733431 -0.12472751381683 -0.310781987225472
0.156494987830274 0.061207690013441 -0.210131971562279 -0.208214373356345
0.159163342697173 -0.00534486240601917 -0.231060004130319 -0.0712121823590413
0.135147681339541 -0.0607648256419578 -0.187960739886454 0.0693864942254423
0.113151574628374 -0.103477190073386 -0.0925221994695001 0.164506114178879
0.069758870207598 -0.112330251608441 0.0235515975883035 0.153874739061101
0.0307451949598145 -0.106816825128124 0.138846616353621 0.0762446531365064
0.0184904003969055 -0.0783039997983277 0.259762920794149 -0.0467394061658933
0.0324570719518255 -0.101542523528614 0.388862066258903 -0.191183925002546
0.205831087964632 -0.110993405707573 -0.105089482524142 -0.0223600868545222
0.232918850233785 0.00545610636796733 -0.0648093291913686 -0.0901949388318855
0.292399215167957 0.0680162103918554 -0.0635829856797039 -0.19685969773816
0.303296100974254 0.150475196334941 -0.0748784851652567 -0.303072460539304
0.286947467656271 0.161795090330997 -0.08718980729047 -0.323674971466907
0.250048230911057 0.165934066987337 -0.0649515864126285 -0.305729379931652
0.227360022692741 0.168906338490278 -0.0718676869059697 -0.248220181788997
0.219257696213749 0.130554715070093 -0.136426249773458 -0.166539960295531
0.23685832720524 0.0499805491842962 -0.165444778158741 -0.0622192184145755
0.226222286076353 -0.0352643071929031 -0.144160613598751 0.0568081363544197
0.212600937555729 -0.105211028336307 -0.0675465660617586 0.148682262963532
0.155902498455208 -0.134741044587455 0.0437680491073348 0.155796322959118
0.0963106423202946 -0.14654226938172 0.156697694908053 0.0912255564842888
0.0844650298917384 -0.119421109155176 0.261617914649575 -0.0234197793547243
0.0983692250248485 -0.148105695015805 0.36398614161723 -0.162918525380809
0.23731535733142 -0.156122633639096 -0.203524121363102 0.00972290698991452
0.269011720849077 -0.0532192615256193 -0.158921308134704 -0.0837905940134871
0.346351015275148 0.00114144751806054 -0.12421736557362 -0.196729002146641
0.381888465934101 0.0970779229722202 -0.101272331596857 -0.291146539874887
0.360399166160752 0.131100390434189 -0.0731092117780888 -0.280050928955536
0.30747495227631 0.16318597831261 -0.0264466427136403 -0.236254573873524
0.263455972000082 0.192219164674717 0.000651206392169804 -0.166345717631248
0.250369218225612 0.179064912288663 -0.0424310389314073 -0.105433951152868
0.2791573415408 0.11073624077837 -0.0743393692736621 -0.0318961126750541
0.295046949022275 0.018313354579254 -0.0732007381905084 0.0542923794079433
0.305096910053947 -0.0653487223899605 -0.0213618316100544 0.133792531165231
0.252049928565708 -0.111891291863039 0.0709293543401212 0.161023266577557
0.179359338055216 -0.148354943535365 0.165495633531892 0.114141071395855
0.161960833325467 -0.130572590385683 0.24787240795814 0.013304116844489
0.162792883634908 -0.163008595212442 0.319722349224429 -0.119468818402299
0.222886670316868 -0.181440240648089 -0.289462519157257 0.061078996519478
0.239805441223359 -0.1058807559049 -0.238174945828752 -0.0409118077265662
0.311362805230618 -0.0715388540885848 -0.163212393438164 -0.157711207228143
0.361783251224335 0.0170880448015434 -0.104799726615764 -0.248173598572194
0.352502231018019 0.0681856965686257 -0.0306116854471042 -0.23538244086469
0.308526677540775 0.123704242902854 0.036229322859269 -0.17635480983745
0.259256618143872 0.181031595651082 0.0870315870084953 -0.0894176112877888
0.240962949405337 0.200882922605668 0.0591792146655457 -0.0321656356782109
0.27468005540052 0.163989911737468 0.0263346340029632 0.0263094561690999
0.312681314079061 0.0954987169333486 0.0147498603507935 0.079446213829467
0.352626526114223 0.0250662067648857 0.0405539106931422 0.134918867670762
0.318285770454227 -0.0280462874075706 0.0985869131843023 0.172104578787157
0.250898436324734 -0.094803949090313 0.156052682998019 0.139973596889462
0.227866379606777 -0.100242204757542 0.20761678976324 0.0511659305315637
0.210594427418332 -0.142965673979349 0.253312640449567 -0.0729645578412776
0.179081365729745 -0.171458841314829 -0.347175301012118 0.116565277919619
0.173462767723147 -0.118088293862728 -0.278929121804044 0.0148725722094364
0.22315674121345 -0.096358758220466 -0.164407839546665 -0.110039442843906
0.268867658686253 -0.0212410881575378 -0.078208396046583 -0.203606383021224
0.274564144132428 0.0305695585050523 0.0263860399486098 -0.205628226141913
0.251459001145694 0.0847451500267519 0.105286972428926 -0.137822348141311
0.213505908815876 0.149894499917134 0.169162669706221 -0.0290505153387062
0.194982910546542 0.193145203763667 0.152163935845175 0.0445169662343903
0.218851096060681 0.191517794199499 0.114227284405634 0.112538520851628
0.258334049912547 0.16397003994387 0.0938733076991295 0.144534570994757
0.310830965211845 0.129397539196002 0.101569845205755 0.170312224477477
0.301807335842829 0.08706474242825 0.119884893511942 0.191625652572083
0.26317309595775 -0.00251043313066466 0.124524014958648 0.153378595421161
0.248332126775943 -0.0376786190974595 0.141670878906288 0.072646893390981
0.222660809759288 -0.0948087472548045 0.170782507595868 -0.0357496100100494
0.123330512465415 -0.126772329137475 -0.377440498026897 0.161369925473571
0.104805803666309 -0.0907055365381347 -0.288506016586681 0.0583641307876315
0.130656851727095 -0.0717230887949035 -0.145827055469924 -0.0779734829252146
0.159234881027644 -0.0100726613054944 -0.0422952099859012 -0.1708192326709
0.169709177557049 0.029401555729544 0.0742061662144364 -0.189050911538534
0.160819783225228 0.0638322419134782 0.159816087674703 -0.116817272185055
0.135392887394947 0.113195667397329 0.230382592920956 0.0150644559687424
0.117931385727443 0.155850397941177 0.220816708385006 0.116491741559891
0.125237830739599 0.169948192077405 0.168489908588575 0.210540658681438
0.149477713661023 0.173291489090675 0.133446731511001 0.235663423573547
0.191741780436225 0.174301171306517 0.130431383547651 0.232100056067629
0.196531822819562 0.151848417122864 0.123010350010977 0.214122516986067
0.194891447433308 0.0677660645299509 0.0840789851232033 0.146260611506086
0.203745340426703 0.0181045090193209 0.0703240882943812 0.0662496624306985
0.185548410321812 -0.0418687650373196 0.0899281670517186 -0.0147963822652926
0.0638945752046249 -0.0587626867082725 -0.388389281178911 0.186339819563757
0.049695742053688 -0.0393315204309325 -0.28397762911847 0.0804728819645751
0.0589805832657028 -0.02028062006169 -0.127410759973574 -0.064637829402117
0.0647417841272607 0.0274461254791401 -0.0150863440481353 -0.151786869634622
0.0693494640071289 0.0501194251788674 0.104143424074033 -0.17685007692988
0.0596174428254769 0.0585564460010698 0.190344210090475 -0.101657334971172
0.038881725550797 0.0725646303574625 0.258794827701607 0.0465277137974223
0.0230859317613545 0.0912905666884676 0.252145321559155 0.171099369592128
0.0187333040436534 0.0945942453911383 0.181423038768777 0.289467895909048
0.0342717560905197 0.10595787007433 0.128857122218603 0.313046214525044
0.057869472661702 0.123556838540233 0.122850096549337 0.289589673120711
0.0625477804944801 0.117256095379659 0.11077741172708 0.230710832508896
0.0808243895797398 0.0660881007039121 0.0467733352978793 0.126266680829511
0.105076731130009 0.0331455248412185 0.0144636601863189 0.0469587168760356
0.104316001642619 0.00141662808178909 0.0306771830485846 -0.00487198195920946
0.0169363619583693 -0.0318645754024435 0.0195289414725461 -0.0338426726828739
0.0150313494240976 0.0177245870218016 0.0380785833725075 -0.0542924929643573
0.0453818757638264 -0.00696233764988576 -0.0108577473435834 -0.13008632113671
0.0609117344078664 -0.00190736168351024 -0.0692165604226389 -0.259273889112389
0.0824563453855964 -0.00140809246998682 -0.0968964656838869 -0.344032411960419
0.0868006501918695 0.000759323719678183 -0.10291480702561 -0.376311296105287
0.086241686185539 -0.00115131640464537 -0.175133379063495 -0.338164707637811
0.0747399490296786 -0.0205168848082391 -0.270167781907123 -0.219524671042855
0.0638234045628844 -0.0556271362444693 -0.279725068698754 -0.0562385331434223
0.0389193295070614 -0.0727012417525984 -0.212393277492665 0.0953979566170038
0.0193459017356797 -0.0855805414943401 -0.0982488206273341 0.188783983384576
-0.00377490264147243 -0.0736461911441875 0.0200530057958689 0.164078300845242
-0.0218154399438296 -0.0542312760270762 0.130968381044024 0.0702318035552772
-0.035343390097172 -0.023747467577846 0.263782024516457 -0.0666868303882575
-0.0322247498715781 -0.0364896092601101 0.407707475392266 -0.225956691223334
0.127562226948863 -0.0756418609281394 -0.02662675527114 -0.0302112332209306
0.143328941566645 0.0266792614178189 0.00563336344510151 -0.0703253847179114
0.183038918253534 0.0593277704026745 -0.0265199954106803 -0.166419252088552
0.187894560185258 0.109709352292777 -0.0672860762896371 -0.291379650947352
0.188901070375981 0.109462981650062 -0.0948082205242767 -0.353199355484455
0.175840359639124 0.105260840575851 -0.09076149891449 -0.366415353844653
0.17238140218207 0.0989024570040609 -0.13575693356969 -0.318120368366338
0.1650380876244 0.059467048221867 -0.223348939958802 -0.207887866551919
0.163752591995632 -0.0104444707107427 -0.243023338630635 -0.0643797620870739
0.136517555554725 -0.0692485996889246 -0.19176641508718 0.078241616706804
0.112404174892238 -0.112721956573042 -0.0897520079973139 0.173628929188314
0.0672121206339748 -0.119852093491931 0.029910706013608 0.160940750636076
0.0258349408867073 -0.11206068121732 0.147303258287973 0.0758601268292959
0.0157935491419698 -0.0819340563339881 0.268372986268911 -0.0583677808023646
0.0273915953555423 -0.106431934955863 0.398446399469069 -0.216168662804135
0.206702816925633 -0.125651887537667 -0.112996843112393 -0.015455093286019
0.24072755213728 -0.00359966620051994 -0.0710127962374454 -0.0904603402454354
0.30418005773407 0.0577870934992274 -0.0745700014315735 -0.204347731088046
0.3211004640405 0.142766521959147 -0.0893701168637208 -0.3138415486665
0.303546337057279 0.154916045682834 -0.0984908894609094 -0.333627583974067
0.262668244492372 0.162234096660836 -0.0733372281104786 -0.314618128314914
0.24023430841398 0.166327960079833 -0.0791815309502375 -0.253916760864535
0.231995053715099 0.129105574095519 -0.144911371501897 -0.167777400605059
0.244687298818255 0.0431053634154431 -0.17477448168241 -0.0582179724170459
0.230166536736942 -0.0465827555445924 -0.147494800119952 0.064048330483056
0.213932567500874 -0.118299092476386 -0.0647182031152899 0.156755399725167
0.155009215837179 -0.145491108435009 0.052012396157127 0.162074563348196
0.0923290432344205 -0.153947410337045 0.166814546422234 0.0903966394246685
0.0826123189000371 -0.12669330226936 0.271252359088121 -0.032818189357615
0.093300933353138 -0.156815600813913 0.374588013249725 -0.184679535540494
0.237285078524526 -0.173103764776433 -0.21317438009528 0.0217986766997564
0.275813107730615 -0.0656161205926544 -0.167512976174033 -0.0790966386836034
0.357421824364894 -0.0121561858014808 -0.136539488429895 -0.202460826997272
0.400346419687292 0.0844051023204799 -0.115796297009743 -0.300977382242358
0.377088267458431 0.120640672991512 -0.0820999631914472 -0.289573123100098
0.32031741681506 0.157221727529657 -0.0309004016367322 -0.243699681478715
0.276136182954239 0.190093175625772 4.58021809594767E-06 -0.171842750493683
0.264762387720012 0.178029955803811 -0.0450847554474125 -0.108190022377333
0.29060413310845 0.10440212797444 -0.0796563596167022 -0.0307524897126629
0.303452615360679 0.00586933716194073 -0.0753356760146423 0.0594088814360219
0.311995368347431 -0.0812549806766793 -0.0183150943985626 0.139506325298307
0.255433910249939 -0.126132376834125 0.080499642021444 0.165719842968654
0.178022951224629 -0.15944857895257 0.177192360198824 0.113853992573709
0.16145736545184 -0.141255853270073 0.258880144682814 0.00479741751256804
0.158975746439458 -0.174985309538348 0.329498088354386 -0.138423091650943
0.221178058292516 -0.197768987293483 -0.298975348606367 0.0786060264096541
0.242306694143104 -0.118356037792213 -0.246526531738325 -0.0310161224862877
0.319080423913932 -0.0851519910925325 -0.174514010423381 -0.15965772021171
0.375574383850066 0.00351712550385677 -0.117252176606393 -0.255835929563909
0.366225272638091 0.0567807304554331 -0.0359934825980022 -0.244608634566067
0.320131356245876 0.115999496263875 0.0357664744940598 -0.184180264360699
0.270626414922096 0.178089049835438 0.0913700763251611 -0.0961765558045819
0.256174191886126 0.200806580316186 0.061184718471211 -0.0370810445279714
0.287765701569493 0.159973835144672 0.0266315035812487 0.0250545470196673
0.324111557446266 0.0853541578853508 0.0168244891160047 0.0814521981108903
0.363313604080179 0.0102611262482771 0.0470610180542149 0.139195946907565
0.327419858763679 -0.0422830018169938 0.111231339343371 0.176305436435798
0.253726919560061 -0.106001539059039 0.168954194858348 0.140234165441742
0.230618300630494 -0.111977969010028 0.218572538922076 0.0457340420988433
0.208418896718597 -0.155957176800811 0.263263526885374 -0.0874867713529692
0.177128627674946 -0.184979431596678 -0.354960777339549 0.138137232307974
0.173771146881307 -0.12765568222317 -0.286834104578208 0.0280454039048822
0.224950996795052 -0.106251141151454 -0.173510353168392 -0.110133645163869
0.278555172040656 -0.0311612095894812 -0.087909789768895 -0.210382012611187
0.284205087641765 0.0218506550698937 0.0228718402156595 -0.216138758121692
0.259220877226584 0.0786934330129991 0.107700949903882 -0.147305940373284
0.222143006902326 0.148743819466271 0.178245550367064 -0.036703176142146
0.207591170396512 0.194586752076938 0.15911349889176 0.0390976581917685
0.230595927202875 0.190109074479376 0.121195202654015 0.111401217098194
0.270766767104162 0.158505659105964 0.100625703970072 0.145921390791415
0.32544911180382 0.120162614905075 0.110349387391129 0.173071970064213
0.315702676610059 0.0768957288172748 0.134058984685145 0.195558121093361
0.271161744084667 -0.0103108829541676 0.138029716561541 0.155565876805508
0.255769910460417 -0.0478715799637189 0.151786511821352 0.0693536620055575
0.223954017729665 -0.107668812154604 0.179065186625832 -0.046285745204181
0.121000431964309 -0.136577626460524 -0.385736693601475 0.185704912655494
0.104322449448012 -0.0961222452621465 -0.29564636765199 0.0734805239644376
0.130896429728557 -0.0761242384549924 -0.153045297009498 -0.0777505551561517
0.165367321508417 -0.0149593887415876 -0.0494737662496123 -0.178782784294725
0.176346354045683 0.0254857129509942 0.0721430584665744 -0.20144269007299
0.165516255600056 0.0611303826700004 0.164037330543746 -0.126529677834117
0.140188439260131 0.112782260064079 0.241483327154022 0.00664051090661822
0.126281653567338 0.157887486356248 0.232054539491108 0.110499230978086
0.133374449044153 0.170906125122251 0.180637464662485 0.210695540809351
0.158732565074868 0.17244118080044 0.144205323853278 0.238484250246827
0.203277794396019 0.172279750362866 0.142230640034041 0.237479389868978
0.208578319525762 0.148916928121808 0.138719513309029 0.219633634082406
0.202994057632985 0.0645093724032283 0.0956388205129877 0.150806593875854
0.211285620880014 0.0115368334545662 0.0781183109510884 0.0655714386602752
0.188617870057182 -0.0507049116721482 0.09598713345715 -0.0218538856416419
0.0646114131141808 -0.0632499298737059 -0.396260971881525 0.210373155444157
0.0500903602139765 -0.0417165208502282 -0.29029609256509 0.095381883400331
0.060403472373048 -0.0209121754797407 -0.134293606428969 -0.0656165491129189
0.0688824848009832 0.0283327870651799 -0.0206656507602721 -0.159952585204474
0.0735793009763803 0.0510120332416692 0.102789186225457 -0.188817746317118
0.062209084953446 0.0598415361797775 0.195936608794478 -0.112112500028064
0.0398064001325538 0.0740426019786913 0.271029986594987 0.0383437154889264
0.0256090873401872 0.0941483252940182 0.26611455521485 0.165994172443093
0.0207767576201656 0.0975741299623099 0.1976030033503 0.291430369055989
0.0376560603676809 0.108573508569938 0.141706302701685 0.319471779634265
0.0638332152322981 0.125192383045632 0.135848997416389 0.297494943144051
0.0689162021935788 0.120093379963565 0.126677388199434 0.238235475155629
0.0846156435791673 0.066913503558159 0.0567067615000936 0.132825525425656
0.109990920452138 0.0312265609608266 0.0203020450068682 0.0478279027260192
0.108158000241016 -0.00236130459605094 0.0356119365701887 -0.0099925486758296
0.014294225220591 -0.0360777355931274 0.0133732687237815 -0.0339684641907899
0.0177727502071098 0.0171840343370925 0.0338292861811702 -0.0584603368373174
0.0455743765040325 -0.0114646147947081 -0.0201544632085142 -0.134657905121742
0.0627981864121305 -0.00680097840465187 -0.0871859641523266 -0.265017122933202
0.0858984673124729 -0.00771311104088761 -0.116807827061681 -0.349677225108258
0.0888725745721362 -0.00400564044149112 -0.122463239115657 -0.38194793863725
0.088549085769284 -0.00547297106468808 -0.194227623719656 -0.337395865694433
0.0769418427954097 -0.0242652887154038 -0.287949776788831 -0.209722607421318
0.0622244406005861 -0.0608736822907566 -0.290359304679915 -0.0412700837640647
0.0359147279065657 -0.0773462462286283 -0.213323217840865 0.109088146831477
0.0136203240747587 -0.0900468250775191 -0.0905763169130739 0.199961914226123
-0.00807001890871582 -0.0763925120476288 0.0293616121437924 0.169892999471162
-0.0272462881500416 -0.0547343417631644 0.13949855635624 0.0665702924910388
-0.0374267909436796 -0.0224395381640101 0.267056267866551 -0.0843035087199412
-0.0361606898525039 -0.0364105822889979 0.406524464451934 -0.260507108807278
0.124382761886224 -0.0880908765024782 -0.0336665271868269 -0.0259555193945103
0.148842952266429 0.0187939549508042 -0.000111281140206779 -0.0731551596122955
0.190299459461088 0.0482595530973747 -0.0376652936067634 -0.171680429487039
0.199753511337769 0.0995974036425613 -0.0869756968586292 -0.298472452529746
0.201188516027962 0.0994394600792372 -0.114374444949386 -0.357977101215293
0.18524380687167 0.0976612828293865 -0.108855906004534 -0.372326744942438
0.180851136448192 0.0917806868674482 -0.15320521578702 -0.317467709699632
0.173585092282168 0.0527626951895605 -0.238073033190215 -0.200953479606337
0.166147312455839 -0.0194950990041451 -0.253458894485344 -0.0515935180467258
0.133939455438642 -0.0792611133614549 -0.193333690621208 0.0905244147783271
0.107348809735654 -0.122825777902948 -0.0830625724958577 0.183536303533513
0.0605612320872257 -0.127116495971615 0.0399814879057963 0.16637547037183
0.0177236078129908 -0.11567409637456 0.156148467132772 0.0716413480580606
0.0112363239716631 -0.0848666763762049 0.273061992663573 -0.0747974929275703
0.0192412196101694 -0.111118802869194 0.398530832347142 -0.248888333386053
0.202663205263606 -0.144454828774812 -0.120346804815691 -0.00517587419054714
0.246354907502394 -0.0175539451914056 -0.0788196283757741 -0.0888374807138424
0.31476314355579 0.0399104686448574 -0.0895864403460327 -0.207517712701747
0.338646434001747 0.125135812228555 -0.109433172847594 -0.32015882862599
0.319096792973056 0.139859620622892 -0.116292449692333 -0.337722971139131
0.275781622308721 0.151359958190584 -0.0874027210880352 -0.319757506351252
0.252093319180531 0.157424804929231 -0.0901716356948889 -0.255244220333441
0.245431165611338 0.120632017175697 -0.155277333802523 -0.164650985975385
0.250410255892922 0.030859960136697 -0.183110131667754 -0.0492192339048965
0.230974278864421 -0.061482392076028 -0.148485821329935 0.0736212921403148
0.210784419106696 -0.134441106110789 -0.0581010637799225 0.16472227516818
0.149202928067913 -0.158792352923415 0.0634318451661675 0.165303554981459
0.0829686901045926 -0.162101023478011 0.176740576119348 0.0841915123577506
0.076449404698475 -0.134524631181271 0.277089135722385 -0.0493821753924389
0.082911203452511 -0.166883709760459 0.375932195086711 -0.214962270611925
0.230395427188136 -0.193830494120861 -0.219708020661666 0.0394363919220447
0.276924744603042 -0.082486574211337 -0.175910040697349 -0.0707060411001692
0.364188945657914 -0.0345919292220064 -0.153196352190011 -0.201825161438389
0.416026509453964 0.0620562336485029 -0.1359040528521 -0.304833886353726
0.392570188839675 0.100652110734824 -0.0968872157914718 -0.294436399931113
0.333706555810094 0.142759158680552 -0.0403449124043211 -0.248932329534692
0.289607079006717 0.179447804861426 -0.00423842608146141 -0.176130016412203
0.281133482366589 0.169221756106777 -0.0506308369132341 -0.109040141115439
0.300526157057093 0.090967546329972 -0.0844214494129761 -0.026884178496904
0.307756411687634 -0.012414329681318 -0.074654795245004 0.0650694050580478
0.311791047492407 -0.102440243343627 -0.0114024699449783 0.14483261143293
0.252144133789794 -0.144766762689839 0.0940550752236985 0.167033956687435
0.171039742494217 -0.172122343289549 0.189513545338006 0.107515660028713
0.156122171939292 -0.154275407761116 0.26646619900579 -0.00933418596981446
0.148543743953478 -0.188627561901073 0.33353164071391 -0.163809954866897
0.211619881094083 -0.217110117468173 -0.302753247028268 0.103104110615455
0.239784432796288 -0.134456249923384 -0.254011805834566 -0.016890575387433
0.320646784800523 -0.105895957417975 -0.189164468234927 -0.156153928975038
0.386976771839574 -0.0189255055672057 -0.134729180136757 -0.258718425191149
0.377486388601605 0.0376576566730107 -0.0477532517217562 -0.251870207348498
0.330136689157207 0.102124213074051 0.0307410852500074 -0.191612874851146
0.282524899549924 0.168381934913488 0.0929616506597855 -0.104028629397091
0.272846705647487 0.193360333201559 0.0623386456032938 -0.0422092136689782
0.300770648542943 0.147345523724494 0.0278388535667596 0.023836327196665
0.333497067325993 0.0675675388173798 0.0202621215833614 0.0826138717404471
0.370324653971264 -0.0120802565081477 0.0556092268175349 0.140662178111966
0.331754701543379 -0.0632449601257989 0.126455884118326 0.176898957615593
0.252272171232925 -0.122229781685342 0.183622193583465 0.135067583141851
0.229148392970218 -0.128656369000685 0.228827599209202 0.0343656150399738
0.201749672443798 -0.17254354618843 0.267693291137087 -0.10801774381921
0.167340363738493 -0.200803538558863 -0.356331184113464 0.166423373455426
0.169263985001872 -0.140360331681836 -0.290816893765021 0.0464504198920649
0.224239439891643 -0.120095741041137 -0.184932432637856 -0.105904312863898
0.285166526674913 -0.0471205286775728 -0.101801103508894 -0.213519384732263
0.291752882875259 0.00690033020472875 0.013180043824087 -0.226457567011132
0.267038573406282 0.0671482904821848 0.105868771965688 -0.157656134215156
0.231505078061044 0.14108474167395 0.184113699924307 -0.0482397710174397
0.222603294867017 0.188730250969478 0.164493263494996 0.0293715970835624
0.244605079643938 0.181172452054391 0.12882202726175 0.105858039222189
0.282802670067669 0.144566586029313 0.109391880757227 0.143363425283169
0.337705003904415 0.10206021137676 0.121670083374359 0.17233407806476
0.327993518198148 0.0601479068051237 0.151619419477681 0.194533348460842
0.275393194771605 -0.0250145619010769 0.152652791740175 0.153303618455474
0.258029428068565 -0.0642187938148066 0.161873693224798 0.0625363523504807
0.220572950290936 -0.12369100902697 0.18376349958422 -0.060635864183714
0.114647447902975 -0.147289330258618 -0.384288336999505 0.215767596423749
0.10039309681398 -0.103272451367569 -0.297371336632245 0.0939465871311163
0.129356122183527 -0.0831075293848089 -0.161626409982927 -0.0740566273277286
0.169565592262856 -0.0229152536375516 -0.0605043061048959 -0.183140707987687
0.181395822261166 0.0176822274428289 0.0642474843410139 -0.21295008169959
0.170017947650993 0.0550827625862541 0.164125007393486 -0.139503280917441
0.146108133826738 0.108967418323705 0.251183597016629 -0.00742914560984783
0.136610662996047 0.156447517497093 0.243106423242366 0.0981496899506087
0.143297074394086 0.168118935292557 0.195945298456112 0.203591450727205
0.170017189656967 0.166646861707802 0.158695958782288 0.236652382393838
0.216674276207173 0.162384497549109 0.157950013620816 0.235880056931609
0.22322324163458 0.140376542074189 0.15853424238547 0.218915003791076
0.209866841211866 0.0560842593738411 0.110649279644246 0.151589633320845
0.216543865107256 1.81324050769683E-05 0.0864717889762535 0.0625977996223896
0.188940647247411 -0.0630875023135435 0.100753758170721 -0.0310693814090402
0.0626008081617774 -0.0686685479838808 -0.394227244902389 0.241275779935325
0.0487851392407157 -0.0443255426472371 -0.291315002630669 0.115321493397969
0.0603365574051825 -0.0227682198607739 -0.141152207351405 -0.0622859506301327
0.0737503174145743 0.0270949119414724 -0.0295176098535082 -0.165698884320159
0.0784750429472388 0.0498848628928347 0.0951134267859264 -0.202097391201953
0.0650426663297797 0.0595329870302954 0.196324819777725 -0.126173971258518
0.0423497999400671 0.0745153758528988 0.280683639481881 0.0240324661635386
0.0299476596910875 0.09638280103147 0.280201035180364 0.153030828447456
0.0248732359044456 0.0994610593947124 0.217920995823063 0.286080184866628
0.0422134469403457 0.108036842631252 0.160479186324693 0.318560597445481
0.0717029654230811 0.123532883588017 0.154567872855085 0.298544299278633
0.0775246496291725 0.119249682247328 0.147276461282497 0.238788483164221
0.0893371420488179 0.0649132107284625 0.0690412782715519 0.135842432009919
0.114237483334894 0.0268541034125234 0.0274565829720795 0.0477738803189376
0.109716729272735 -0.00919950228073674 0.0386968911887835 -0.0158376544064211
0.00567138962592877 -0.0415758324057287 0.00367610557189919 -0.0313105540512855
0.022776900695905 0.0116426826744662 0.0188677853861178 -0.0635910878496087
0.039827859361594 -0.022639725491201 -0.0437206323737095 -0.129437951509022
0.0571880161803913 -0.0245482631269021 -0.134284789918021 -0.247432717152564
0.0775611594777719 -0.031210410236622 -0.17347615512028 -0.324451754381214
0.0787697822619515 -0.0256979665879446 -0.179612913993568 -0.353767017771876
0.0819129184280075 -0.0229394425340595 -0.247470262448226 -0.299941530093677
0.0676224817065886 -0.0338804682206545 -0.314319544675794 -0.159700239944
0.0489562283438062 -0.0677663600739038 -0.295087106669809 0.00199595450219265
0.0235384953003521 -0.0806198157078095 -0.1992177161837 0.139395792565516
0.000431524432431495 -0.0907759243338059 -0.0620468181851626 0.212561254887578
-0.0200316945443561 -0.0772323555366145 0.0527457734392352 0.170493247854794
-0.0376234452738636 -0.0522079802251422 0.148456274150849 0.0506392009837301
-0.0436376494077888 -0.018204863718716 0.255910121351951 -0.121298285223009
-0.0468186955947239 -0.0342398185796567 0.368346536556658 -0.314207551148426
0.102887828187617 -0.112969521311102 -0.0405960517617105 -0.00981792716712436
0.149150094746435 -0.0117076473214287 -0.0176185296966686 -0.0663198312118799
0.193531531530701 0.00856343234011108 -0.074408564349248 -0.156224611647791
0.212019243948711 0.0531095909979097 -0.148267666759413 -0.276378748941309
0.208827661161643 0.0546093921339576 -0.177930284711204 -0.330750501339236
0.189107997785892 0.0583275219530418 -0.167879541063146 -0.343328101718319
0.191229499842815 0.0574294835681241 -0.20725045204137 -0.288580062529864
0.174786738758411 0.0266424104931173 -0.264732890452667 -0.157795101852378
0.158247372318478 -0.0454424287877683 -0.260285893441991 -0.0131671429603819
0.120158862358611 -0.0995186475533768 -0.183302553143309 0.119511352382201
0.0859806608090362 -0.138596175353533 -0.0570859168578732 0.196644225728292
0.0397956518085801 -0.138816275119704 0.0626293930326882 0.166994701231972
-0.00345049189159272 -0.118813931181651 0.164950067388202 0.0538894261813091
-0.00611784271359318 -0.0879595326434869 0.260909467001408 -0.113091579687291
-0.00372810181895009 -0.117318127059032 0.358348590771805 -0.300755858671185
0.166904805782819 -0.181836810191666 -0.120141748841723 0.0308285689238025
0.234419953877454 -0.0648765405917016 -0.0972520455747712 -0.0627816710133597
0.313337394577085 -0.0228200769002841 -0.133678651111874 -0.175732640932556
0.352770095292013 0.0508214095374252 -0.179231339988833 -0.287649410548624
0.331405405523289 0.0743318962268389 -0.178207208748529 -0.3055596098276
0.287287631919114 0.097134876111582 -0.14167255069029 -0.293057788069541
0.274742839215384 0.111240102684735 -0.136889083216343 -0.240843059764287
0.256721331530887 0.0819782461801156 -0.178957959170148 -0.134698601078654
0.250974532193103 -0.00907052444905695 -0.190496671369872 -0.0203675744361651
0.217197635429182 -0.0985128565969467 -0.142177677961617 0.096885777297894
0.184051909106019 -0.168040620260233 -0.03640207078251 0.175691243965605
0.121554990311282 -0.186027670028483 0.0832569424397678 0.163202460916658
0.0539522379160981 -0.175308076988814 0.185706796975729 0.0639674847523035
0.0501640589990233 -0.147556883106154 0.266908317696511 -0.0892411566698823
0.0508072993363646 -0.181645095749425 0.340142952775787 -0.265082028177473
0.182864501896895 -0.233501382174366 -0.207215515570861 0.0928751285374624
0.250493627037565 -0.131915756560501 -0.187321045135743 -0.0262895033185641
0.347399983414557 -0.103644205438714 -0.192351094931926 -0.155696954459694
0.416157260497297 -0.0258513473326 -0.200726445381306 -0.262256151020157
0.397242832812905 0.0248625420594683 -0.150979358702138 -0.263419840280795
0.344374650345046 0.0802617215430591 -0.0847920723354194 -0.229942743647011
0.317862173083148 0.12709832954853 -0.0409542168502378 -0.176751025509313
0.299990740504823 0.123688537976367 -0.0683622707298683 -0.0965389755745521
0.31080161771809 0.0406219181422493 -0.0902456264666272 -0.0127010731667345
0.300998262073209 -0.0636074354376003 -0.0722388693952384 0.0781852599567916
0.288608790031972 -0.154038353370004 0.00507052082397065 0.149235451095877
0.227055771112914 -0.18972089873547 0.111697963412397 0.160065157965184
0.139303133677018 -0.199115121387108 0.199247239602771 0.0844552921406671
0.126282300788473 -0.17949813927131 0.261291961836917 -0.0495433751849186
0.113186155956843 -0.213276461190979 0.303522170493256 -0.209491302393949
0.160032090143762 -0.249785923815432 -0.276664375363634 0.168164226176855
0.20327066022603 -0.172078431360092 -0.251248987009879 0.0390242884676177
0.290638304326325 -0.163548202861414 -0.214443811979977 -0.105197721511826
0.372673108344223 -0.0970891721093301 -0.185733758910008 -0.216460290718181
0.372523877266998 -0.0340815933407289 -0.0935803349606362 -0.229804485432395
0.335475251668513 0.041387409487795 -0.00461450576961442 -0.184608810370704
0.309754208387886 0.117836817163166 0.0666197475021524 -0.122059943908183
0.29732647875381 0.148154946299404 0.0507503212823987 -0.0490142779608473
0.321806377527003 0.0965636114349305 0.0275636362432862 0.0208019694241939
0.340096615637605 0.0103972084304886 0.0236558919858498 0.0810131018887778
0.36193071377473 -0.0755846299286602 0.0685957969591806 0.13577618280383
0.320400419557292 -0.124090401545391 0.144403630616134 0.161843668886199
0.228308752402852 -0.162965899583143 0.196211873262275 0.110617946568472
0.202780816994187 -0.165319794212988 0.229933897396858 -0.0030959485541798
0.17017107867372 -0.204931140554375 0.246261027447938 -0.147364276958258
0.120721065040626 -0.223208060922932 -0.317347803339398 0.235615530212749
0.132162241128838 -0.162083080949246 -0.274517769812181 0.105384318794383
0.193451274112505 -0.15835789805889 -0.198405192451178 -0.060417726733085
0.268655576721472 -0.104015474546093 -0.141445143628664 -0.181222272142437
0.284556416336908 -0.047827380332559 -0.027130497425437 -0.217883559024305
0.269493166726029 0.0186046619615593 0.0755724811755129 -0.165387719134764
0.255920799774853 0.0990289161771929 0.166799465057371 -0.0819141792992739
0.248462765157698 0.15091488040033 0.162310192427398 0.00397996191721599
0.272494797698626 0.139608821610714 0.139503317268731 0.0870527240232622
0.304104204112572 0.0939038352293618 0.120820872078577 0.12822865961222
0.350211935655281 0.0413674269820035 0.138499405537653 0.155808763712851
0.337369368568124 -0.000210105235568294 0.172536478760795 0.173988896665205
0.267986063552521 -0.0705992968628789 0.169563193482488 0.130201040518469
0.243183205361188 -0.106333219268086 0.168815531823115 0.0327113060289052
0.197344328424517 -0.158964080597672 0.170349706873054 -0.0908203653689977
0.0800229840577438 -0.1587936356895 -0.338019330077825 0.285222959948073
0.0734909770851955 -0.112849111969199 -0.272692984657559 0.149177307920422
0.109046251248073 -0.103728298233484 -0.170687545688415 -0.0392670274397013
0.161984507403265 -0.0565438610585089 -0.0935420081699556 -0.164939762154418
0.180788389252458 -0.0176923109310371 0.0251864283330219 -0.217270152950529
0.174458352935798 0.0226290929005818 0.136349675052235 -0.159312045138387
0.16636745885791 0.0822663502658305 0.241646805588764 -0.051926032549077
0.160380552424467 0.132108491544371 0.249685239295253 0.0581062161169483
0.17202930851616 0.142608814895692 0.220360069922868 0.173797454319413
0.196949074306481 0.134055325265086 0.183851957161387 0.213116477293706
0.241887018026637 0.121096797464378 0.183007988822264 0.212746207240773
0.248554370866471 0.0982559270697941 0.1853263539077 0.194851781819732
0.216994822143213 0.0206051775597946 0.130384267780812 0.132808763970867
0.214267709473436 -0.0349726086034784 0.0964883246270461 0.0432354407502205
0.176845897114278 -0.0931823226364093 0.0935984309954977 -0.0512588124680988
0.0451137042557704 -0.0713361757815155 -0.345078495967088 0.308101887548612
0.0359562891408962 -0.0453737222364133 -0.265729744269921 0.166769140498812
0.0526817255633724 -0.0314938441796206 -0.150296025991451 -0.0367323650756419
0.077940164752283 0.0113696693648376 -0.0606920957207831 -0.159431093357399
0.0858035165332176 0.0313833912149024 0.0575149181931812 -0.215811254348874
0.0744310804683695 0.044342358470392 0.170677835142095 -0.155065636742768
0.0570730215329662 0.0662612562013999 0.28046708389409 -0.0255951931902817
0.0474555343275094 0.0899458369923542 0.295765093113585 0.103579246743268
0.0445674720799492 0.0951951953618381 0.254269130892379 0.25133194366544
0.0625749836509496 0.0980908085013734 0.199214150733897 0.295892354989386
0.0939112818387574 0.106871592433937 0.190721905397433 0.274849435519805
0.100821855822332 0.102802440011515 0.179901019906555 0.217199237643858
0.0990495776740384 0.0494934341728169 0.0907431809335607 0.125403335787004
0.117051363866343 0.00847879522565674 0.0372098162467875 0.0392785661405883
0.107415093430918 -0.0261418536019931 0.0374914918463741 -0.0275247930346086
0.00184374859118046 -0.0435135695664424 -0.00225781792664231 -0.0272165087938739
0.02396421498928 0.0090673040413191 0.0126009733766898 -0.0638561330955335
0.0377383372426351 -0.0247288237483628 -0.0510268877373359 -0.128750190658528
0.0556411411008187 -0.0277341242199374 -0.146160126830953 -0.24173178889985
0.0752200875351275 -0.0362107884774919 -0.182831033874493 -0.314440796653347
0.0764646214646718 -0.0291808299842473 -0.187820034956865 -0.342826267987082
0.0796138519990102 -0.0257344847435325 -0.252403258859793 -0.283995847825426
0.0676781423636276 -0.0355606484084783 -0.314630057082774 -0.143660920879475
0.0454718935464462 -0.0685762858207665 -0.291198988283662 0.0155026456276601
0.0190700352195774 -0.0807538028616194 -0.191497847207809 0.145479836634653
-0.00486476606725195 -0.0902409448900516 -0.0524204718685553 0.212933980261176
-0.0234034620135089 -0.0762290469020922 0.0608950617038038 0.168159541050955
-0.0404275567469014 -0.0494598797332653 0.148989435835197 0.0451572410207869
-0.0434933567677745 -0.0167008720917264 0.246308991555982 -0.131167361409893
-0.0493040435107071 -0.0322508104287448 0.348632356891763 -0.329637796602739
0.092712341889867 -0.118511214738061 -0.0443183501700156 -0.00335410895689822
0.146646045721481 -0.0185487079196907 -0.0235554135370628 -0.0644653592882558
0.189489120293245 -0.000862981546323999 -0.0825531246198452 -0.153584977611459
0.211980137892523 0.0409280051507177 -0.160241010959113 -0.269400633909102
0.207624072652579 0.0416333191106391 -0.187060089037987 -0.32053654957318
0.188089142516479 0.0489637884060423 -0.175851992605492 -0.334082011321112
0.189367430009655 0.0496309585075062 -0.210336190863289 -0.275873872753577
0.175005832492473 0.0198625081378205 -0.265330970966342 -0.144961786864582
0.152553499171831 -0.049991332466227 -0.256913482920093 -0.00112332901346778
0.111560775080024 -0.102535676890419 -0.176196743803741 0.125187384767441
0.0766699394294796 -0.14069977302668 -0.0485641716709631 0.197410078357284
0.0318961406697051 -0.138424662945223 0.0699610556113626 0.163259280813427
-0.00987818059923566 -0.11555531900033 0.165512060273107 0.0475232919926028
-0.0107268398110153 -0.0857235300036677 0.252441666164892 -0.123000090694244
-0.0122786341741718 -0.114787109307692 0.340010282036823 -0.316200475411131
0.151819047886773 -0.189211601965779 -0.120134693216258 0.0406473763245055
0.228003656281784 -0.0735006226994641 -0.100490290592857 -0.0573061587503287
0.305743621782285 -0.0375670028682601 -0.141454099956204 -0.16992920010182
0.349353695952113 0.0319595980490621 -0.190252138034937 -0.278953749245716
0.328637221750552 0.0556978491659347 -0.18665126870937 -0.29649704536411
0.28497527532176 0.0825509786525956 -0.147088588681713 -0.284819129328525
0.271837316703018 0.0990714496895495 -0.138346346245529 -0.230821796166678
0.257507780837107 0.070171398868998 -0.17942485570273 -0.126550709687471
0.243751325921848 -0.0194774362605995 -0.189590236710319 -0.0111801121594268
0.206407831481434 -0.106501884471749 -0.136476970761311 0.101874301756536
0.170811833534489 -0.173909638524564 -0.0292504026895801 0.174746665258604
0.108954630046738 -0.187567665421423 0.0908659270669721 0.158664933000271
0.0439044608054239 -0.172983807123418 0.186474216506161 0.0563425738394406
0.0415060123311768 -0.146955253773222 0.259506419453074 -0.0986991636919376
0.0375220626319454 -0.179865126928773 0.323955655525397 -0.278921451579087
0.165820967688233 -0.238912222054741 -0.202179185090064 0.105514347679867
0.239558790007267 -0.13943831097902 -0.186542402866344 -0.0176205961330584
0.33481831890305 -0.118452084695676 -0.197215792913336 -0.146812879896673
0.407755675703994 -0.0465265514957656 -0.209600351742746 -0.252785729171081
0.39079028087675 0.00495959738387608 -0.15808825572075 -0.256779060611659
0.340015712295409 0.0647763458890476 -0.0889250873271922 -0.225420737809079
0.314398512251233 0.113709528815431 -0.0423589301228975 -0.17299949727305
0.300531107728039 0.110233691931458 -0.0701922810728645 -0.0943416573548719
0.304296177955144 0.0276856754884012 -0.0912765691780544 -0.00865820995871822
0.289211834833574 -0.0756668897694905 -0.0687528705333625 0.0801318158729159
0.274166297241621 -0.165136499668531 0.0106416378557275 0.147442239377419
0.211891933130869 -0.197021935137697 0.118925707618965 0.154026777055418
0.126809054812977 -0.199951289599922 0.201226705512256 0.075343258615764
0.113940401248212 -0.181420422154458 0.25561328272807 -0.0606438865374378
0.0977650780028598 -0.213804781101862 0.290767422034719 -0.223214532861608
0.142444344708681 -0.252831148467464 -0.264756244035865 0.181777071325868
0.191060287426844 -0.176426732616104 -0.244816440807073 0.0500236077203725
0.276415228004841 -0.173471512490333 -0.216694357133146 -0.096048718515475
0.361391540285296 -0.11416672353762 -0.192904540131958 -0.20797661771602
0.364025770833868 -0.0504860749205937 -0.100670608375823 -0.226095744252473
0.328983116027664 0.0281360093986387 -0.00876390587379677 -0.184081415149344
0.30556399451348 0.105066142087038 0.0651221527821227 -0.124273214469053
0.298061008748839 0.133718463520071 0.0482916173415489 -0.052385435754626
0.316488650567237 0.0822042839061656 0.0256377860404943 0.0193286710240226
0.33043467415081 -0.00522630701534521 0.0255008647617985 0.0798684004272359
0.348751333262116 -0.0918635080917386 0.0718543362703131 0.131299657876381
0.306676193741687 -0.136665940013897 0.151567558381645 0.154339282516307
0.215700593675481 -0.169149171748114 0.199720257664153 0.101717762052806
0.190824333701931 -0.171300583132876 0.227178512720738 -0.01329440538034
0.153064688402191 -0.209074775902537 0.237549363876035 -0.158540316799415
0.106298269690046 -0.224989590754214 -0.301341830082146 0.249745011617032
0.122242645329357 -0.163003668145667 -0.264244203663225 0.11591950376371
0.181847557499845 -0.162812217594128 -0.1984336288868 -0.0534293768776816
0.259738538035135 -0.114734300824517 -0.146437549005291 -0.175496221166898
0.277508245414078 -0.0591050018452677 -0.0361307951315567 -0.21654449511567
0.263372696513513 0.00827799610641669 0.0696931952045626 -0.167925799611082
0.252213449314481 0.0889144749539527 0.16338158921448 -0.0896396839086836
0.250532058868776 0.139961945842785 0.159001211002267 -0.0051949373667363
0.270662101897282 0.125980364147659 0.13775647393868 0.0782611565779804
0.298594691078507 0.078419330413004 0.1217086043123 0.121375947327647
0.343527601356134 0.0239093607912794 0.140916851493168 0.148368855040781
0.330141473966757 -0.0171341901233965 0.180375309201708 0.164372624405215
0.259088525317948 -0.0800931996954088 0.175679297174194 0.121806706514903
0.233364620260588 -0.11523125057419 0.169354269771675 0.0241602519690598
0.18298934244708 -0.165029596939179 0.166288567122788 -0.0992824900869274
0.0696109748439628 -0.159587829294295 -0.31923822232371 0.298236156304644
0.0668785797208398 -0.111113918526356 -0.260008318869226 0.159511002756863
0.101811998887238 -0.10459685617096 -0.169581590709705 -0.0336439825703664
0.157579811962126 -0.062869376189482 -0.099570782873836 -0.161413521637935
0.177030071231819 -0.0239480650362395 0.0147651313220663 -0.218064410459996
0.170270188271229 0.0163006359510099 0.128912618920933 -0.164386080253471
0.163810274840558 0.0757435376631232 0.237628638191961 -0.0624561778809069
0.162909064233244 0.124255506091354 0.245835339765133 0.0440339999488674
0.172883580553222 0.133488096168304 0.220773234740708 0.159149632382351
0.196085952999532 0.122777260755044 0.186627864929393 0.202292213561664
0.241256309524851 0.107298934607128 0.188189994654591 0.203125560912844
0.247374876044105 0.0839329023099391 0.193930036076618 0.184432804661994
0.213762225900552 0.012426972286059 0.13778597950882 0.126253496956045
0.2081777308749 -0.0435418407234146 0.0999218414732877 0.038192917004971
0.167019406543278 -0.099574571565295 0.0921785262947499 -0.0575608984808941
0.0406458343671199 -0.0720009192608535 -0.325698864457383 0.320418127388076
0.0334267618110377 -0.0438421813141599 -0.25297329983491 0.17583749299251
0.0509708895107704 -0.0316660967209194 -0.150559399073254 -0.0318019104443263
0.0790682444412419 0.00831501540270432 -0.0672702595105432 -0.157120335107181
0.0863897811156241 0.0292411577862076 0.0477256872988168 -0.217417476636484
0.0741107931043571 0.0424248351564202 0.162915188200738 -0.160887792300032
0.0562685860960448 0.0644436370041416 0.275973233892884 -0.038100948455067
0.0496446541407065 0.0881030536051527 0.29356993165931 0.0877420377488538
0.0455473614852964 0.0924658804580347 0.258349279956492 0.234383929648835
0.0632263495804024 0.0934130764288259 0.204766519187802 0.282631744573574
0.0957613451624982 0.100428333449974 0.197872770338876 0.264647070678653
0.103395144939335 0.096153073259432 0.190423521393526 0.207008805065114
0.0990456902894639 0.0467343188736334 0.0993777115477887 0.120511642900059
0.115826843014891 0.00360704141321533 0.0420833089530869 0.0360366131976015
0.103179133114656 -0.030802680464146 0.0380471131571167 -0.0325791580343601
-0.00198733405460195 -0.0452451490973404 -0.00671089489933265 -0.0226251541871395
0.0257831891436901 0.00688232844200636 0.00720854621504142 -0.0625918125005124
0.0363387639755527 -0.0257561869425727 -0.0559068033934042 -0.129913910177933
0.0553637130979505 -0.0297661693923007 -0.152943086139592 -0.239255293456139
0.0736915940262652 -0.0392480746269953 -0.185633864756081 -0.308545237399844
0.0754771539423856 -0.0309617873745683 -0.188400177317504 -0.33832732712587
0.0784373903512215 -0.0259765694108573 -0.249720305715991 -0.27621158792647
0.0682186017878354 -0.0364608336484651 -0.313294399493494 -0.136274548848221
0.0432626072248563 -0.0675289834773484 -0.287419084958431 0.0222508102300378
0.0171292701128916 -0.0800842792037016 -0.187948191255607 0.14713568973318
-0.00742682251342281 -0.0897257948129199 -0.0481978602392132 0.211898982294889
-0.0260350969580437 -0.0750902326274342 0.0641889358720919 0.167767647856042
-0.0422059009331378 -0.0481175593240754 0.149657242945922 0.0438263413200228
-0.0428786953010261 -0.0157976133600811 0.240553271671157 -0.134852735557216
-0.0515165298465078 -0.0314832695141554 0.336406714479186 -0.337870329287752
0.0855452151189438 -0.121956992255908 -0.0474943330128409 0.0026166606765606
0.145664803509361 -0.0220567865779307 -0.0276791687000393 -0.0629787742632317
0.186682929944333 -0.0059325781092058 -0.0874131533977066 -0.154227869840035
0.211118625759598 0.0337304791525945 -0.166672185139485 -0.266349681159095
0.205496243518602 0.0351780683289773 -0.189035561311209 -0.315530757035281
0.186410263805621 0.0444503403031982 -0.176073867804673 -0.329251304039092
0.186743983283676 0.0466698497887928 -0.207186708480105 -0.268071757981846
0.175187261617898 0.0160470162358063 -0.263217869764306 -0.13882213492336
0.14841539497711 -0.0515734994001574 -0.254065093415293 0.00510061265545908
0.106708228185385 -0.103272559426875 -0.172516208260839 0.127129016224848
0.0712309301931035 -0.140886205155017 -0.0445758203392365 0.196228517062408
0.0263149028723498 -0.137033008638346 0.0732296588486522 0.162629741663628
-0.0132758863050509 -0.112725311298054 0.164977626245385 0.0451753250898498
-0.0124796362925559 -0.0844412913140272 0.247317189596636 -0.126049041884055
-0.0178403587228978 -0.112472156466041 0.329827307973268 -0.324193419754988
0.141836393314984 -0.192125856109958 -0.120117822720941 0.0477579713605017
0.224147545803157 -0.0774824068209611 -0.102976857776739 -0.0543859791793145
0.299921625678204 -0.0451066623663696 -0.145820672207587 -0.167872098291183
0.346267871464378 0.0212831315822504 -0.196637888216032 -0.275815975795443
0.325555830133968 0.04609730395379 -0.188314442799798 -0.293558717063979
0.282254959967144 0.076272388142727 -0.145963751754162 -0.281651675546396
0.268409853592838 0.0938790362065121 -0.134798350516047 -0.225715617462179
0.257023111392073 0.064879190383223 -0.178205518991733 -0.122637782051294
0.238128767566225 -0.0223506218885189 -0.188130992460596 -0.00681564815930753
0.198364762667132 -0.108679921475135 -0.13382923993479 0.103501397938496
0.163237728639145 -0.176093559122759 -0.0263163737763643 0.174471840084554
0.101816428130778 -0.186794778608966 0.0944204157114612 0.156454352231021
0.0379995957745612 -0.170129021098117 0.186341535399403 0.0533311212290083
0.0368202571418998 -0.145343161716013 0.255217560628363 -0.103208179579464
0.029755629698062 -0.177621768802354 0.315712758662861 -0.285755724625144
0.153779194328484 -0.241649741646731 -0.198562230175323 0.114206733482986
0.233567015681706 -0.141822886368017 -0.185967668753984 -0.0130414586421833
0.325367620248188 -0.124501639997323 -0.200186659900364 -0.143354524802991
0.4012838554826 -0.0567758743970915 -0.213788131020709 -0.24944206425986
0.385074801257043 -0.00435530411667072 -0.159839226521074 -0.254510313360638
0.335017852883806 0.0577897365122016 -0.0880064622652115 -0.224050592673434
0.309117869167045 0.107977626169275 -0.0384267254393184 -0.171544415053755
0.300129525282294 0.103126241722196 -0.0696376080773492 -0.0933251154886683
0.297840856893267 0.0227856039520434 -0.0915303256556474 -0.00597992853172704
0.280006953157135 -0.0807059645767403 -0.0672610302430845 0.0814874895265426
0.264167956049016 -0.16925000099458 0.0121149398167868 0.147205230939706
0.202170612558404 -0.198373136406731 0.122454851214795 0.151495282174332
0.119541472772593 -0.198398688044689 0.201651407954624 0.072466977452935
0.107837054949942 -0.18043867869497 0.252552841902666 -0.0649280611027001
0.0879091823211727 -0.2119801658036 0.284179007402754 -0.229692829613306
0.130600008134703 -0.253753430241554 -0.258142030508764 0.189507184047042
0.184560159164751 -0.17542617270677 -0.241925517708837 0.0546386855832081
0.266882178874135 -0.176263115519127 -0.216838241816021 -0.0930415904073565
0.354170823116575 -0.121787475282643 -0.195456904359219 -0.20562398174778
0.35805857195428 -0.0577733997895847 -0.104028976303878 -0.225838225992577
0.32263861276763 0.0223070182364706 -0.00906849356819486 -0.184352640749022
0.300143842689513 0.0998168595473967 0.0667583984998146 -0.125821294191415
0.297279550097846 0.127132075089428 0.0461768172260479 -0.0542411560649613
0.310927441699123 0.075818781542964 0.0227489259443644 0.0185852805275904
0.321189211586399 -0.0120228169343225 0.0247356873413235 0.0789996428629622
0.339193907613908 -0.0988673940888679 0.0721341546285872 0.129844838237712
0.297969348114789 -0.141781921877919 0.154818352423394 0.150130213926288
0.208386747522264 -0.16965767198695 0.201421609692882 0.0966719232445901
0.18282959928132 -0.172319094904077 0.225125344322685 -0.0178933547628501
0.142849837343022 -0.207870876080391 0.233364451276364 -0.164659230753064
0.0965113768083641 -0.224741246965355 -0.292599248567921 0.2567039684326
0.116889002111794 -0.159432072308069 -0.258017975609119 0.120022037608502
0.174539744891161 -0.162201460235985 -0.197425339473346 -0.0517133139470779
0.253335266298814 -0.119663778830961 -0.149130216555803 -0.173699516319725
0.272522557909013 -0.0632324070705002 -0.0405829430095132 -0.217239625152956
0.257120997969718 0.00515245962098133 0.0685510937781253 -0.1697122420536
0.24685169500523 0.0856307964978868 0.16335285710808 -0.0936537030587797
0.249691359262795 0.134721224299946 0.155638844555788 -0.0098011032446262
0.266396183948716 0.120154385557819 0.13428747734329 0.0744064482419791
0.29225142042387 0.0711060968365544 0.119663685574768 0.11790507126226
0.336784056548317 0.0145097477991914 0.140750190985426 0.145355642276791
0.323203019789352 -0.024925837889802 0.184234664237656 0.159402154780081
0.253356227717433 -0.0828017857697042 0.178941363784449 0.11777135521053
0.226838110386539 -0.117584046379854 0.169675843063183 0.0197826909464389
0.173932744282068 -0.166662585757221 0.164267139410836 -0.104567749284148
0.0637936046727965 -0.159416871440566 -0.309263173932393 0.303369970298979
0.0629044529088014 -0.108184128091173 -0.252521929389701 0.162715591257956
0.097605607818999 -0.103126530387018 -0.169334290103787 -0.0326874553142636
0.154788631211313 -0.065194636887643 -0.101982245670353 -0.1610452193958
0.174121979002249 -0.0255771010942372 0.0102750088999882 -0.218342605799139
0.167011780269762 0.0153444781732757 0.125631505006781 -0.167188684634374
0.159816657281946 0.0740832867634895 0.235529879738253 -0.0686680604676462
0.162378381065576 0.121169402292036 0.242217233413362 0.0373749899395402
0.170372695758494 0.129444022542775 0.217904441808408 0.151612187785314
0.192338977420204 0.116646782440912 0.185216180926808 0.196456655888053
0.238089877374685 0.0997649470443693 0.187735080154721 0.198463895075149
0.244976823020059 0.0774116849721523 0.19888387846113 0.179340980109966
0.210750145905964 0.00926671010242315 0.142417546188023 0.122771101392005
0.203914262582322 -0.046448540670058 0.101761640039056 0.0340142833659815
0.160089261125829 -0.101578665041924 0.0920883120164654 -0.0620932730443189
0.0382280993930274 -0.0727307302696723 -0.315594028408609 0.325477988153794
0.0313485524726349 -0.0417444500640775 -0.244959144369705 0.178929994168908
0.0494915139671275 -0.030927371058533 -0.14969650512928 -0.031434045419089
0.0789462980472096 0.00692184737783027 -0.0697976927376818 -0.157595882606389
0.0859857193952979 0.0292478411399942 0.0428526074121027 -0.218278036138834
0.0728783733641143 0.0428895085917467 0.15945925269552 -0.163296692594079
0.0545682617412846 0.0641313161817961 0.272962482583352 -0.0444934169903546
0.0504002158607974 0.0873832983535522 0.288849570458089 0.078948938774854
0.0453352938616075 0.0911629752094422 0.255299670560545 0.224905790392407
0.0622780181680807 0.0909360059230664 0.20391938459453 0.276254434683861
0.0956117986560948 0.0968245717719693 0.198759636630981 0.259139861546703
0.103576654299131 0.0924346390949022 0.19471850731855 0.202051597447178
0.098473176240399 0.0451014353771677 0.104669824094514 0.118665763753621
0.114240158182311 0.00198205179314066 0.0453473824110871 0.0333829192507474
0.0999463744644198 -0.032204693811323 0.0389033389999869 -0.0368146853420381
-0.00542944814353919 -0.0478197239724227 -0.011113172451119 -0.0180894306092644
0.0273198843182611 0.00448168875425702 0.0023848212371192 -0.0626865824887532
0.0366115092862589 -0.0268083276964493 -0.061592321304477 -0.133812562971393
0.0561830453756785 -0.0323484267907854 -0.160785164668513 -0.242132685314328
0.0735516859090702 -0.0427127427755188 -0.187374723965294 -0.311718253745497
0.0765812068973956 -0.0316642175371062 -0.189049348075238 -0.343105326203753
0.0791599735190009 -0.0248040258970611 -0.247986138043541 -0.277297998812859
0.070372970878905 -0.0377420011912144 -0.314705639766918 -0.134610540374838
0.0437126661517536 -0.0676700458412537 -0.289294362418117 0.0265938673721062
0.0163066427998294 -0.080341112274004 -0.18952411652226 0.149101525857688
-0.00883641963852093 -0.0911256309702567 -0.0474790961018945 0.214807827892895
-0.0268415222660683 -0.0763154820677392 0.0661730103657579 0.170684781348188
-0.0435736068251247 -0.048200759305317 0.15069931044811 0.04541712876799
-0.0428254229188528 -0.016159706881016 0.240825978352814 -0.138152171100598
-0.0545542089962393 -0.0313951788995303 0.335292260822965 -0.346714836256071
0.0808289446945346 -0.12536919623706 -0.0503753854411421 0.0080471997479848
0.147168420941278 -0.0246378248190178 -0.0315473916530063 -0.0626986476942431
0.186967663983672 -0.00859423494461477 -0.0928860465118018 -0.157410745420195
0.21290285044138 0.0295506187640488 -0.173232418246944 -0.270294398706167
0.206673581352823 0.0317683244650504 -0.190968796006056 -0.320232914451702
0.187115209336313 0.0436581328843653 -0.174498153528615 -0.333822766913213
0.187555707145555 0.0477096716532643 -0.203125235066743 -0.269639023041995
0.178131106447103 0.0148381432956077 -0.263827140958941 -0.138039600506709
0.147652711122605 -0.0515558891577523 -0.255473963847125 0.00874531415073466
0.104525404263854 -0.104016035273523 -0.174516113701093 0.129969603649591
0.0690655937979061 -0.142624499213069 -0.0440587037003189 0.199267225371786
0.0245488760142406 -0.137382822060048 0.0763454412098542 0.165078026152745
-0.0154242915103319 -0.112381386602235 0.167737420180611 0.046328692700539
-0.0137993975833558 -0.0844750527434801 0.248248769652426 -0.128125530618717
-0.0221688100809378 -0.11249386454416 0.330096570292032 -0.33298328492102
0.135276062911903 -0.196585338590581 -0.122139985365295 0.0550413234588799
0.22507531642547 -0.0797278146755448 -0.106379746474277 -0.0536512223737758
0.299658516451983 -0.0475527815541842 -0.150841813850021 -0.170749715507814
0.347971496966707 0.0163007155804235 -0.202357595954171 -0.279160059289343
0.327155243489715 0.0421334398362904 -0.190089368782597 -0.298658184936864
0.283393495440114 0.0749839873131702 -0.145144256692232 -0.286519204320358
0.268511026844259 0.0947461960592374 -0.13012937013294 -0.227993756123708
0.260471537566414 0.0635392790740495 -0.178295515875787 -0.123821001206703
0.237069660079665 -0.0222211790916532 -0.188964918443203 -0.00373061531540448
0.195862986834788 -0.109756729012646 -0.135138720782879 0.105769922798983
0.160709613181011 -0.178361704522444 -0.0260867743126191 0.177346353433134
0.0990328810664352 -0.18777068799599 0.0973892018397966 0.158304505033243
0.0355178283343924 -0.16956334296252 0.188682459120667 0.0542949819752103
0.0351785243381271 -0.145792035747711 0.256520588507171 -0.105297743429481
0.0246970932145105 -0.177279542601663 0.315661496072168 -0.293902293123065
0.14691933217694 -0.245560648238847 -0.199665608959824 0.121902307416028
0.23377614761666 -0.143290220023062 -0.189030436248706 -0.0112370337792599
0.32491318480143 -0.12720843472936 -0.204343288020135 -0.145975045902881
0.402130838223452 -0.0631026424475601 -0.2199653064414 -0.252952710845455
0.385573235147839 -0.00992807450494446 -0.162359334367186 -0.260104616597592
0.335419077791484 0.0566245767342203 -0.0860610057294768 -0.228922952566462
0.308265418358732 0.10909599421876 -0.0330909877051126 -0.174428390779
0.303917318657561 0.102396713836223 -0.0700071641334698 -0.095422836145218
0.296426434779303 0.0231511033959512 -0.0926391852999851 -0.00420521598359436
0.276730971306247 -0.0824699053223047 -0.0685431934844051 0.082458899501291
0.261171988520539 -0.172809287112681 0.0117664782343467 0.148985775421927
0.199694561855228 -0.200264985351795 0.12642364003689 0.153115618516507
0.117310862519496 -0.198517024713292 0.205400865067463 0.072334123435067
0.105643284415192 -0.181594334973058 0.254636012082482 -0.0664483965530815
0.0827859708686824 -0.212357369726727 0.286687585689163 -0.237046626192914
0.125321832065217 -0.257338445398874 -0.258410522528401 0.197587499226659
0.184578385267394 -0.175415924432977 -0.243548559347718 0.0576197829327105
0.264671723275251 -0.177441618818172 -0.220286464591387 -0.0947098513447298
0.353365947066452 -0.126969756883958 -0.1997537613069 -0.209385479903952
0.358103057567441 -0.0613490865980367 -0.106166749110184 -0.231602908007982
0.322536319918809 0.0211740998496309 -0.00721636887643399 -0.189728806940838
0.299252253262444 0.102669484843713 0.0722854087195638 -0.12992686205048
0.300392228026387 0.126960605198091 0.0459309025891088 -0.0570358274633488
0.309673514200693 0.0754264379215751 0.0212667876793693 0.0195072337571698
0.31795027683673 -0.0137683763479903 0.0229603668781025 0.0803176013904613
0.33734375252315 -0.103605150315098 0.0722050673656719 0.131400677635551
0.295480502998762 -0.144535122513889 0.159325295701145 0.151292296845075
0.206333240471497 -0.170581498219245 0.206251248575472 0.0974331460338294
0.181301411491666 -0.174059787151942 0.227677648031184 -0.0192010170772857
0.138790613011179 -0.208951697060198 0.23599721994898 -0.170829512106011
0.0910016330182802 -0.226818134457156 -0.292555215116736 0.265289021956342
0.117087151361608 -0.15838350184247 -0.258889284526498 0.122741488059368
0.172955049817428 -0.161732648744686 -0.200002345147882 -0.0529849523471457
0.253567174315303 -0.122555918996722 -0.152271728481079 -0.177923806856637
0.273537933829189 -0.0648828901756271 -0.0426817835717606 -0.222645036038482
0.256991574332056 0.00470530129252153 0.06923888650051 -0.173787409662589
0.244737112892145 0.0880278122188087 0.1670994065212 -0.0978047955220027
0.252094640399708 0.134503017591417 0.155385239256737 -0.012019677600127
0.265373184376806 0.120775871202009 0.132551285065635 0.0739311897003743
0.290480381161079 0.0695151945287374 0.118278488627161 0.119211819842875
0.336168479913674 0.0112912878196564 0.141412601834903 0.147137576573255
0.322809561425374 -0.0277635605287525 0.189712156038486 0.159297448217049
0.252171750619907 -0.0842994055900474 0.184323241488834 0.118388308742456
0.2261628034745 -0.119619374231608 0.172888239983665 0.0178727511795427
0.170285520763098 -0.16814145169976 0.166468156018028 -0.109298858364622
0.0601908041598354 -0.161483668707737 -0.308638700016656 0.311639640235647
0.063429910919101 -0.105990037556569 -0.252225583579929 0.165338329220204
0.0971183360517473 -0.101635018622093 -0.171152084347408 -0.0343241512781906
0.155052561065601 -0.0663821234716803 -0.103989223159227 -0.164721592861729
0.17631040238333 -0.0260408945545088 0.00769444026721992 -0.223880272570789
0.16630565638709 0.0166839804160849 0.12707139278935 -0.171072360812549
0.158072377455442 0.0757893165070369 0.238543562698896 -0.0731493818133225
0.164181183876148 0.121668714677984 0.2406571276028 0.0338513243256749
0.169493879342327 0.130223813398282 0.216213473056855 0.151021985324707
0.191289305815996 0.116689673237145 0.184357553399577 0.198411100586251
0.238556165890466 0.0968953928589638 0.188883360393331 0.201006688229679
0.245686116995904 0.0753494549209175 0.205098008385282 0.18022850963317
0.211317470151549 0.00891882212274309 0.148380651602788 0.123766485447933
0.204473094289171 -0.0481576278360945 0.105230035246773 0.0331759623688477
0.158172112818709 -0.102868882520028 0.0943098945835596 -0.0659532580155312
0.0368205312022773 -0.074465641038248 -0.315727445005933 0.332946002878847
0.0326886577900911 -0.0397763980755014 -0.244777073326427 0.181406635373459
0.0496401388330631 -0.0289588455493066 -0.151444758897602 -0.0331372046828866
0.0798778526847103 0.0066959478597341 -0.0718130902900449 -0.160794199174652
0.0877373095668697 0.0296298913097867 0.0413272797701054 -0.222408218138377
0.0730995795251576 0.0443810997227248 0.159896843335771 -0.167092738585188
0.0524434014103848 0.0661984335033848 0.276315569008947 -0.0485640538575088
0.0505402957071082 0.0891049575054909 0.287727866932307 0.075788153525414
0.043911040718651 0.0927194297397131 0.25444611030479 0.224066670435157
0.0602463998626059 0.0914199785655405 0.202616140074387 0.278050773111746
0.0952004984588839 0.0961127768108055 0.199001802474803 0.26213577687411
0.104230630731665 0.0922025082538452 0.200660071379398 0.203606090197536
0.0989575285970472 0.046443412217537 0.110933658827867 0.120541476373853
0.114747530719993 0.00240309984467083 0.049212530205725 0.0319658857697997
0.0994949954384278 -0.0326911303106419 0.0412882385064007 -0.0407816643930433
-0.0100688922127307 -0.0502008506837623 -0.0156175489835255 -0.0144283707787002
0.0289036188182543 0.00193264165666311 -0.00244921352582031 -0.0632158394206028
0.0372929485401986 -0.0293786769982025 -0.0694203514114821 -0.139923876215835
0.0587041848393548 -0.0359994431124245 -0.173796035595498 -0.249478751505099
0.0749599368829054 -0.0466653244311614 -0.19635551411162 -0.321723506270275
0.0783484709012389 -0.0342206624601794 -0.195529644424228 -0.355126162666468
0.0830362609220573 -0.0251324397020631 -0.253902752068564 -0.28502416836137
0.0739751097879306 -0.040411783053252 -0.324351515220208 -0.133814078172809
0.0446657680947276 -0.0697478208779475 -0.297020899867065 0.0321547728919334
0.0154251134764561 -0.0830634699671135 -0.195498044876731 0.156726761072542
-0.0106068134212445 -0.0948442741723603 -0.0469813920610592 0.222876159346644
-0.0292589991055153 -0.0789964643129758 0.0712895832212926 0.177023744565791
-0.0465279825152442 -0.0488065793940832 0.157150115238172 0.047498997805084
-0.0444618890387826 -0.0171210582945923 0.246610493977236 -0.144574068811682
-0.0592047293254261 -0.0316082449010648 0.339499674470648 -0.36636867441403
0.0757693665545224 -0.131955277775577 -0.0545253766246436 0.0147071295202299
0.152225026463162 -0.0288654767481514 -0.0371672850588571 -0.0635366538240555
0.192459495004083 -0.0122693836723736 -0.101944292655138 -0.163746587121969
0.220116768630955 0.0249604673962738 -0.186815309953829 -0.27943976367996
0.21295072627451 0.0272590875257288 -0.200380208231937 -0.330780356627623
0.193204151326524 0.0420105805696363 -0.180593201118901 -0.345942006998941
0.19354638898891 0.0484279637042708 -0.20643516262133 -0.277814144582097
0.185517881714778 0.0125597674710136 -0.272085203787717 -0.139584647964372
0.15117252171333 -0.0534468226056537 -0.262861997246103 0.0140312302186751
0.104735636988787 -0.107998076707074 -0.179836248342462 0.136823104392684
0.0675144450860105 -0.148709388419467 -0.0437938883405021 0.207169628938549
0.0224042952995987 -0.141670611408932 0.0821025576057357 0.170997549109728
-0.0185340936656679 -0.114092510880853 0.174561397441089 0.0480207034355144
-0.0157445187281396 -0.086745272580076 0.255224810591841 -0.135243535844279
-0.0273123598193396 -0.114226432415265 0.335693033896163 -0.350350534975254
0.130614867521527 -0.20568795394832 -0.126307788140921 0.0641688528002244
0.231052230167103 -0.0861297906460761 -0.113400011330531 -0.0529965846425357
0.307161407918468 -0.0544088457409684 -0.161239092235535 -0.176853305440747
0.358222657308683 0.0086559813418116 -0.215895682055228 -0.288677471760988
0.336956261773195 0.0360159686766705 -0.199714699805256 -0.309851624342434
0.291288137638855 0.0734280881194157 -0.149315096039211 -0.297484338310108
0.276340421458781 0.0970410386951302 -0.129695294928494 -0.236237025457343
0.270569226408664 0.0615455550500654 -0.184070079803995 -0.126729515953434
0.242307872373897 -0.0239372366431625 -0.195440772824998 0.000164355630202761
0.197443984126996 -0.114249851068623 -0.139218703976363 0.111118164846757
0.160320973736586 -0.185830506429591 -0.0260459696844176 0.183965949861338
0.0976429370270474 -0.194119875727236 0.104044226982377 0.164244501127268
0.0327822454069937 -0.173233091715278 0.197553348598755 0.0549443996260576
0.0335660041527097 -0.149641508135139 0.264338078930866 -0.110898109021485
0.0188227469393712 -0.180889989168122 0.322422369081052 -0.310467850195168
0.141605837481903 -0.25515044003998 -0.20393784225246 0.134296628665993
0.239258489834722 -0.149789768740795 -0.196786721901244 -0.00841091653424794
0.33187918784127 -0.135199138110457 -0.2155745261562 -0.150023968358762
0.412105834506947 -0.0726877801612075 -0.23295983367165 -0.26155040372772
0.396606136715992 -0.0171114748609426 -0.171669624762555 -0.271755615527677
0.344080623124954 0.0542297362512931 -0.0885216912001556 -0.238971016260001
0.316152441874765 0.112196790979826 -0.029254458794681 -0.182966632006839
0.314618569645722 0.102142514032504 -0.0725586324904859 -0.0990447851531453
0.30361555361388 0.0219444247072583 -0.0968144377484129 -0.00165793271385808
0.280049210586855 -0.0864592855398807 -0.071084158141714 0.0867629064361116
0.263234982610546 -0.182246920154465 0.0134586657892437 0.155359810338612
0.201093687529054 -0.207654569419515 0.134133011743389 0.156625675660184
0.115610431804881 -0.203802917722838 0.214968063920187 0.0732700603128376
0.104998504537627 -0.187308352560946 0.263035900015659 -0.0710691590894337
0.0777449524006166 -0.218080054071876 0.29300623257202 -0.250994027575517
0.118612878398001 -0.266220657047152 -0.26234025282342 0.212389323930283
0.187627632863062 -0.181108488045531 -0.250861155086275 0.063076207744723
0.269176821488966 -0.18453407530183 -0.23016093756683 -0.0971960475040956
0.360476707017972 -0.136864537073858 -0.210253783001543 -0.216812368953189
0.367565054787734 -0.0699549107708566 -0.11394675039132 -0.24167531801719
0.329453453910516 0.0188445611236065 -0.0076819952171908 -0.198681500372268
0.305606690196725 0.104878355656221 0.0775190237446647 -0.138102713902951
0.310814384379572 0.127149350179273 0.0462992603559976 -0.0610484465405383
0.316504645983747 0.0767594717091779 0.0200652957164702 0.0204143183002989
0.322971055476396 -0.0174526935017901 0.0225933936361235 0.0834892002898752
0.341670858388964 -0.112310881452883 0.0750190994062632 0.136427073941348
0.300176171613482 -0.151914509623371 0.16926399604928 0.154408640392845
0.208053970757239 -0.176143132494745 0.217058148920205 0.0989698643906791
0.183130335651199 -0.180777389830766 0.236382103223424 -0.0227529793621306
0.135568171656474 -0.215428858166442 0.243348693963839 -0.182727383872638
0.0861335364458613 -0.234409524809794 -0.296420813958999 0.28101488661242
0.119084457608662 -0.161599694754719 -0.265012876056262 0.130132666281972
0.175035243191626 -0.166181800159544 -0.208608413632555 -0.0544159171925223
0.257946134095075 -0.129770029116379 -0.160349744373524 -0.185144100797207
0.280414661354099 -0.0713788856521849 -0.0483784427131061 -0.232981021478524
0.26187823992872 0.003806166299673 0.071061067596603 -0.183479441794902
0.249922067786717 0.0906277519107993 0.174065091053528 -0.106367962028404
0.26105171746039 0.136094575722457 0.157312085478748 -0.0163775349519115
0.271213099566329 0.122535991197328 0.134419012112304 0.075506072490438
0.294954271086087 0.0682854958612183 0.12055907933222 0.122713612751763
0.342114391691656 0.00534858703451048 0.146120138724177 0.152286089706832
0.33019452920807 -0.0329370221647535 0.200576285521495 0.162452229516167
0.257062626203539 -0.088574695399664 0.195826934428293 0.120203017967754
0.230424016020409 -0.125397600104186 0.180368788457147 0.0161027030208407
0.169615418127942 -0.174555019241933 0.172757663996861 -0.118099768571523
0.0562385081046922 -0.166680383327368 -0.312496591232802 0.329411668661275
0.0641532238749012 -0.106602196744765 -0.257281916561368 0.173391333273322
0.0981940486451026 -0.102680098475044 -0.17736806478965 -0.035909045271797
0.158543045089539 -0.0695650501900787 -0.110491700457955 -0.171901614263083
0.181617302978194 -0.0278824271004284 0.00431125714056206 -0.234547569214243
0.170638131892524 0.017228623135066 0.129943303062133 -0.180660361291193
0.161140601099842 0.0794301249140323 0.246701056126454 -0.0817937721150064
0.169971892047669 0.124625269197997 0.245789705404006 0.0306420156269472
0.17311514978803 0.133526047897752 0.220417724818412 0.152422471604685
0.194526475140348 0.118016124209291 0.188603058634529 0.203314000252337
0.244924775845419 0.0959846838901361 0.195812383538688 0.206864838180072
0.252575046663017 0.0743565310737991 0.21760035117496 0.183948578232268
0.216643437937005 0.00731899035030668 0.159456153504293 0.126902136492659
0.209463760550694 -0.0516674952406429 0.111089549957517 0.0315983098339674
0.158846381183719 -0.107676609035288 0.0991910255827373 -0.0724147948970872
0.0352631082027006 -0.0775516466012547 -0.32003500183414 0.350661428737009
0.034108995143068 -0.0382198241760677 -0.248515788639479 0.189412108912536
0.0514476417802429 -0.0277957523083697 -0.15727903846628 -0.0348302778262195
0.0828088165197613 0.00716521190381332 -0.0761544429957167 -0.168268091183649
0.0920368099158515 0.0315039583611055 0.0389030410124453 -0.233734591084829
0.0750927274653779 0.0470798436271101 0.164628909110132 -0.176712611527691
0.053316548577389 0.0698493978299412 0.283694253623319 -0.0556140773666397
0.0527715615892822 0.0927375796067083 0.294101757533837 0.0733721792436507
0.0443252366543513 0.0967755365874452 0.260846988165326 0.227456395548528
0.0611894775744472 0.094170816815406 0.207923135112681 0.285357686550823
0.0975292620792519 0.0967788533423711 0.20730421475253 0.270201657028638
0.108337865828372 0.0936823584891741 0.21285556995726 0.208596701880738
0.101670937128462 0.0478516884999169 0.120981111369929 0.124062251974642
0.118886101148725 0.00154231458431134 0.0544327666368902 0.0304216564282736
0.100380945594432 -0.0347017707060216 0.0439873471037964 -0.0466146756358917
-0.0206921875377501 -0.0493094837107766 -0.015757966036006 -0.00932532840186277
0.0283759618760846 -0.0044781007358059 -0.0115501220120532 -0.0611938656218178
0.0312567008665766 -0.0361118258955751 -0.0876486230206592 -0.136488983795064
0.0500857645735375 -0.0482419643875614 -0.203276893351298 -0.237845892284685
0.0634431760484788 -0.0601398074914568 -0.22786049738613 -0.312190971090128
0.0692711892536936 -0.0441523810252174 -0.227636468142844 -0.349101787772206
0.0810465559619303 -0.0362545766117355 -0.287453698257155 -0.266467972773931
0.0717323639351895 -0.0475442869337757 -0.344909427522646 -0.10616766974167
0.0375734448583985 -0.0766415319073133 -0.310023586023279 0.0640294421628621
0.00682541213320797 -0.0901191898588991 -0.195166394751004 0.187631289938941
-0.0255000551086302 -0.0976281349169374 -0.0276319465983355 0.24352219928466
-0.0436619771167396 -0.0784524303349232 0.0965431026153643 0.186395522492589
-0.0562122660535135 -0.042493249125837 0.176131739392835 0.0403237603516858
-0.047327080074858 -0.00830990202031131 0.251841077937354 -0.175177155708756
-0.0637095298423669 -0.0218415212386267 0.332219498638889 -0.413148400467256
0.0542400867703044 -0.142378026706589 -0.0479929526549099 0.0305341803539253
0.149669806820015 -0.049580974816049 -0.0459115028971148 -0.0515617559311436
0.191785607723401 -0.0381329953349607 -0.125229316632409 -0.144995067361205
0.221721094508864 -0.00859715416738106 -0.227144607677094 -0.255669984709449
0.212230886783126 -0.00093049048408099 -0.238564070336144 -0.313382410128821
0.19388816685193 0.022748608284271 -0.216877488352975 -0.336423968969157
0.204234037582367 0.0260751407316856 -0.246056754001081 -0.263665207556759
0.19020160167855 -0.00444789367112445 -0.290714535708577 -0.115264381905921
0.147487856970423 -0.0716355805909409 -0.275595951387543 0.041464806056827
0.0944555016023632 -0.124389389130498 -0.180722583391345 0.165326345826027
0.047519725742909 -0.160693909598053 -0.0259963275241616 0.229554973130904
0.00136910323910911 -0.147172095360272 0.106895442369014 0.180924008567403
-0.0338863358547097 -0.111918254830773 0.194018667581009 0.041396131753469
-0.0255719655426044 -0.0837786363071917 0.259196834604476 -0.161621207767509
-0.0385882107637353 -0.111971727396249 0.324498731682327 -0.393310271656467
0.0985957241983398 -0.221908607686008 -0.111591557626629 0.0911586421345136
0.222559287015388 -0.115177642889305 -0.120324359902067 -0.0300947632012314
0.301654609541874 -0.095414973774874 -0.183943020586191 -0.142787718661336
0.359068709656139 -0.0439069757198007 -0.258878559121306 -0.252295546407456
0.338798650226278 -0.00666235619949554 -0.238029557622552 -0.283284128886985
0.298056922574532 0.0447837028430423 -0.181456776148623 -0.283865620360041
0.294322679538406 0.0652972156291277 -0.16872040711926 -0.226714494185232
0.281742166153311 0.0386406723429667 -0.199505399364601 -0.109794502611365
0.243045860428903 -0.0516260378278171 -0.206138753209276 0.0198933825777862
0.18645668048514 -0.140059545830698 -0.141734148163385 0.136218268174761
0.137481315774932 -0.208760955210016 -0.0103381265321633 0.205800809626983
0.0723428444755163 -0.209087438563957 0.12879720330643 0.17412641554296
0.0118051147798622 -0.177110032405761 0.216784774014048 0.0497739472702418
0.01868970057173 -0.153952838232214 0.267445913658302 -0.134998933207075
0.00340373113237927 -0.186642663962614 0.311468880471562 -0.348065708529988
0.104784275470931 -0.271707304712629 -0.182276619876086 0.169834134832276
0.222696278801584 -0.179290678097079 -0.198146927931933 0.0241667532446235
0.31455823769257 -0.179522868168099 -0.229548976551046 -0.107867707024612
0.402306329482104 -0.133268065079269 -0.268027307732033 -0.216965100286016
0.394901097809248 -0.0669480383885371 -0.202707669712279 -0.241679225412701
0.350358923397305 0.0197921480807492 -0.112718301502332 -0.226245144459868
0.337993206884887 0.0782847758801187 -0.0638631186934042 -0.180733073623077
0.330340767952454 0.0754207062181101 -0.0828164982812217 -0.0914096755128437
0.31080702944241 -0.0104633006540639 -0.102945894347883 0.0089228094995297
0.273839026491986 -0.120393778651096 -0.0737914434639667 0.104467188634719
0.242521364165714 -0.215930285993696 0.0260859784171068 0.173119005810632
0.176204041810202 -0.235352024199094 0.158324780962173 0.165835970078255
0.0930296921075945 -0.21750422852831 0.235213334473967 0.0696992534569606
0.0890494147823204 -0.201990181842754 0.264121910256352 -0.0926053635219348
0.0615442959836324 -0.230895000373998 0.279986952479683 -0.282740151641327
0.0816627793318004 -0.27731827853696 -0.235451729170701 0.253144331523967
0.168636604943826 -0.20057252724251 -0.245029361831223 0.0988254368260404
0.245650146678932 -0.219099711180523 -0.233861333202733 -0.0570519709513585
0.342067449418081 -0.189217239359877 -0.234071772262761 -0.176204130873961
0.359889729289448 -0.116401653044685 -0.13770420662538 -0.218598997629943
0.33276393626242 -0.0149246767991723 -0.0249365489683934 -0.191222206050656
0.327322540778357 0.0719574889476728 0.0498003232565572 -0.144337275762434
0.328704744163664 0.101803077974137 0.0423394941635682 -0.0627146879489157
0.330600656046594 0.0439660411756595 0.0206950994448937 0.0210293022949405
0.324730088110877 -0.0525561031913039 0.0238968394564033 0.0915919253442158
0.330643405433111 -0.152643353544708 0.086892049737671 0.148414030870747
0.284237902722101 -0.18984959254324 0.191839679774852 0.160508650820178
0.191626758065542 -0.199249472348357 0.236055462565538 0.0952358103549752
0.17181743301028 -0.203325862446071 0.236477744985065 -0.0419245827343466
0.121147556159914 -0.235092225115749 0.23059241876243 -0.207941452838024
0.0535552913831748 -0.239913308958388 -0.267412725996961 0.323122777812491
0.101943337458494 -0.170968222793289 -0.254358136160189 0.164532107297516
0.154469000362557 -0.186763263505906 -0.208163305131296 -0.0236728912052651
0.239094933788832 -0.167310977610338 -0.176484200367568 -0.156906258301058
0.273431339715528 -0.107459058493492 -0.0684431545828333 -0.220334482367928
0.264028277952875 -0.0233160430556154 0.0573834356021752 -0.185352103595923
0.268300248647842 0.0640956937491882 0.154037756354928 -0.122280546482142
0.278617619123599 0.115806563566816 0.15935260782219 -0.0277669318287286
0.288641574724746 0.0956007090452271 0.145288171947728 0.0682346265563965
0.304727739419263 0.039083179068279 0.13044743214191 0.122902764508599
0.344365384610752 -0.0324399822313531 0.161641657406028 0.155973950833223
0.329105074508946 -0.0707026822063924 0.223560224549613 0.16271687109227
0.25132929265822 -0.11470918780151 0.213448707014012 0.116406061810678
0.227172005945338 -0.152128919989098 0.179474100305305 -0.000145930292176649
0.161117333405404 -0.196638986660721 0.16093355619043 -0.13815574775657
0.0348426734504821 -0.16803671519926 -0.285857734689754 0.371946526385445
0.0551392007586765 -0.107484132205891 -0.245759815732097 0.204327415236305
0.0860791455239187 -0.112334503666417 -0.179499521459397 -0.0151536456046237
0.148113459583919 -0.0915597822145544 -0.127161213418527 -0.157561256182762
0.179625388801061 -0.0515940741730677 -0.0169732732348697 -0.233355992802896
0.172773203250404 -0.000855325050580688 0.117043504907506 -0.191304668663332
0.175836785172699 0.0630808864308759 0.234391212652932 -0.106945824858389
0.184957125002725 0.112200335575452 0.254171682806363 0.0104097449660352
0.190447599317026 0.118563452947828 0.243383577641817 0.141246593791796
0.206812147903114 0.101148482539593 0.211173836811774 0.201035501498892
0.253788024133014 0.0713851301476901 0.220058914016919 0.206694941012302
0.262068753618234 0.0487814093728437 0.243799347502061 0.178894954009765
0.220657347735552 -0.0110387427635106 0.177404270064829 0.1216272192624
0.213645721601573 -0.0738052697363583 0.110883536516875 0.018002145646072
0.156578134279064 -0.126635086145374 0.0891338684744573 -0.0881252219246329
0.0268132741273402 -0.0767264039332512 -0.299066424854947 0.391980226910632
0.0330038256653183 -0.0343191288805286 -0.239196278778071 0.217622126072281
0.047764985135787 -0.0305712026904912 -0.164694678164858 -0.0199203307317037
0.0825031056367999 -0.00414875637266037 -0.0963184090351182 -0.164460819449541
0.0961774588041241 0.0191817676018292 0.0154284369804214 -0.242638837374329
0.0808410514074926 0.0387123623815198 0.151800458846724 -0.19455680027241
0.0640944106803668 0.0668664943802654 0.280992255552062 -0.0880774595998931
0.0630693372716646 0.0903934295723108 0.306550338132093 0.0474180727964909
0.0543306825882699 0.0953688678740575 0.292182743211811 0.214310082141394
0.0671922191387558 0.0912077198842994 0.240819030211053 0.286212945498201
0.104397499648694 0.0893025000012414 0.241000509492689 0.271117318676803
0.116470699713734 0.0864517678128399 0.245552877474575 0.202214009787892
0.106912441312588 0.0419548169418029 0.140996926503542 0.119447577482057
0.124321270987626 -0.0089530634358039 0.0578067603882433 0.0216183556635203
0.102308218648314 -0.0444592791059154 0.0388052766297037 -0.059060703576386
-0.0276055359533165 -0.0492042442917742 -0.0198314106451391 -0.00386407763214677
0.0292564459544561 -0.00833026772708054 -0.0196719591981761 -0.06038737865837
0.0302446554901697 -0.040487649765411 -0.104262121655913 -0.135826888483506
0.0482905020133588 -0.0548852598210349 -0.229755971659452 -0.232793248338447
0.0604865283689267 -0.0677404586701571 -0.254110202863704 -0.309569705541742
0.0690196456598854 -0.0498315702407872 -0.253891116587339 -0.350234134450345
0.0826836837425312 -0.0423477750589291 -0.307752445964523 -0.261391565251829
0.0724063072488467 -0.0545785491663813 -0.357835696756429 -0.0865276644137789
0.0344618488527411 -0.080674248320161 -0.31370484251081 0.0869433615511424
0.000601149541008962 -0.093053999912694 -0.189773005472861 0.20745330063676
-0.0338878144525643 -0.0987076496998236 -0.0128504033218774 0.254326348953576
-0.0513499037356788 -0.0786479393789744 0.111958979093937 0.188440822331654
-0.0616068591794014 -0.0390510828341547 0.185950686413587 0.0326936521485855
-0.0498728917632264 -0.00696104345761541 0.249096058518546 -0.195113806184736
-0.0696957854157842 -0.0172679958119453 0.31402797621838 -0.451075065121513
0.0416356328724833 -0.149129858420201 -0.0483036809293799 0.0394115616581033
0.150181415342612 -0.0621972919923409 -0.0542362288106314 -0.0490366146617184
0.193453266427073 -0.0528444445829414 -0.142768745796658 -0.142134620846695
0.22641274284211 -0.0260041570362831 -0.254377196384123 -0.251026051440458
0.216634974337841 -0.0165212566875872 -0.265371201589058 -0.309776612654049
0.200214216458799 0.0108266994847102 -0.240157816100379 -0.337722702031276
0.211479077318169 0.015404627968547 -0.263516466335942 -0.261361243917354
0.196235118097539 -0.0179191335441854 -0.303869966954617 -0.101572037071418
0.147037346822897 -0.0812783179338162 -0.278970622663005 0.0615047504922549
0.087865703304576 -0.132815461363045 -0.176060432886835 0.183071721572528
0.0363868478334268 -0.167878114460171 -0.0120531951203384 0.239344780393651
-0.00868639670032739 -0.15125326191569 0.122347355024499 0.181802385288438
-0.0439046446295854 -0.110755600716782 0.205172984592282 0.0323868764285064
-0.0322354928119009 -0.0846410392513889 0.257244264455447 -0.181736172475748
-0.0498590577320271 -0.109787982428742 0.307842024275569 -0.429663907296293
0.0815819105813038 -0.232287631343206 -0.109098915848667 0.105808244296951
0.221849430363069 -0.133640707959079 -0.129346877478377 -0.0214058335106752
0.302060846184218 -0.117900426319448 -0.202475624077208 -0.136965346848722
0.364591115352807 -0.0703196540554454 -0.286753064532868 -0.245565113620548
0.346200863128884 -0.030622794367264 -0.263925086928214 -0.280406864229874
0.307123663315272 0.027432536479849 -0.202185346253681 -0.285771363726238
0.306933476074149 0.0528895432664119 -0.181835122087077 -0.229828648535124
0.292453381361589 0.0217044056601234 -0.210219498769573 -0.101882123110589
0.245772711331 -0.0647820531877397 -0.209620484315511 0.0353554863861803
0.180579437681025 -0.153936367003474 -0.138341145644908 0.150055073478175
0.125032485296238 -0.222204688892618 0.00274840315820384 0.214295431012415
0.0600312002973168 -0.21715093968588 0.145444139931674 0.172115714003056
0.000219032878875494 -0.179005435365588 0.229401248315847 0.0384552575252692
0.00803820197859281 -0.15920263121967 0.268003243368347 -0.154813514837709
-0.0120361905917446 -0.188192901669236 0.296851372251091 -0.382408580627936
0.0834179941138549 -0.281711385398193 -0.175146404689769 0.190271770339919
0.218404650770051 -0.196993113188945 -0.204701842573733 0.0391014339600719
0.310764224103418 -0.20519202620102 -0.246338946411297 -0.0979181929348028
0.403006722724721 -0.163604947711637 -0.292825058651294 -0.209425377044349
0.398775141008171 -0.0970477332847254 -0.226347857244775 -0.239142445703856
0.358815117139262 -0.000917497055545768 -0.127851981762964 -0.229776523695266
0.350932068186897 0.0622909958433311 -0.0723977116926437 -0.188506380572472
0.344338012893601 0.0561118209536435 -0.0901339206833639 -0.0901070246379301
0.316553606002282 -0.027208702335366 -0.105164040923274 0.0172904610664842
0.269960626634608 -0.137474641858279 -0.0702474585330983 0.112875672958118
0.23264184304102 -0.235982474597692 0.0377086575858223 0.178573816754294
0.164293121594193 -0.250812241119203 0.17550425030108 0.161388119802098
0.081061348779314 -0.226029907504584 0.248601122672937 0.0562344627762211
0.0768217431248523 -0.211801057624696 0.268481524756581 -0.111461499207835
0.0440762244402529 -0.237848547498325 0.271608394318512 -0.313461330836534
0.0600627887938364 -0.286545204493673 -0.224508348998067 0.278563642826181
0.161146719690677 -0.215334660524542 -0.247173165510794 0.118819399822211
0.23752274597177 -0.239326831025127 -0.247434898276152 -0.0458753287801502
0.336936980113718 -0.216395159218971 -0.25556543126175 -0.170087041811781
0.360219870616905 -0.144348743735676 -0.158247978139674 -0.219134720163044
0.33864034505836 -0.0339519046188401 -0.0366014717890058 -0.199043589460612
0.338830306447833 0.0575890737075932 0.0460281115725951 -0.157749961148749
0.343588948743991 0.0848773834619642 0.0382849599076288 -0.0683870266752848
0.339327392614696 0.0278658636774805 0.0215775469762205 0.0223933633336952
0.326592617742926 -0.0721787990347019 0.0281169909685321 0.0946752158311291
0.326041348725175 -0.176890086528475 0.0983274271085621 0.149624115196443
0.278940161171009 -0.212582225504598 0.209702119291255 0.152528276883028
0.182785674060665 -0.213695876906089 0.252518810893111 0.0820818098596035
0.161904843115201 -0.219599986090718 0.243020366214369 -0.0576374212823396
0.105925866219921 -0.246036142906422 0.225418198079922 -0.233651895599534
0.0352567741597908 -0.246380133871876 -0.252103251017614 0.351493140762252
0.0958525225999487 -0.179217664298413 -0.251363419005768 0.185634122896359
0.146395137065651 -0.198773873367161 -0.216905541938983 -0.0136955240021235
0.23442503152659 -0.185279148510528 -0.194121351496869 -0.154447812722858
0.272955850800518 -0.127605607142212 -0.0879831096946681 -0.225611451951187
0.267905075410327 -0.0378749516123035 0.0481776343993517 -0.19688766908702
0.278378286344998 0.0540130198320911 0.153060926319808 -0.14092419874699
0.293089690275007 0.102033170372703 0.160056230758203 -0.039328196630662
0.299972881580206 0.0830225024744981 0.150854214812279 0.062609887891748
0.31195391925603 0.0235167619482158 0.139013935196278 0.121221156404575
0.348218116937729 -0.054618194497097 0.17564048580744 0.153110752546287
0.332666821526822 -0.0925989715896482 0.243648952732493 0.152846193344128
0.249887289654599 -0.130733763702419 0.23126031580235 0.104766725162613
0.222628745755134 -0.170845577039581 0.187561451061038 -0.0114433168740189
0.149833334149058 -0.209881610997636 0.158969046696094 -0.157704120311905
0.0213134742729409 -0.172704451784041 -0.267938981983401 0.40266677754024
0.0525064087504855 -0.110907748473626 -0.239739463841605 0.224947535098545
0.0824273399145703 -0.11763533125401 -0.186385314735223 -0.00727989417457973
0.146449731105146 -0.101065149670087 -0.142204452855178 -0.15862382444036
0.181601506414523 -0.0638066780189341 -0.0356183675848814 -0.24190785084454
0.176125678386431 -0.00878163769355785 0.10917818043571 -0.207107393566388
0.182810962824606 0.0579789208917158 0.234846413408365 -0.128284760917655
0.197580459792669 0.10505781887067 0.257520467184784 -0.00579986192133584
0.200781989836338 0.113229850426614 0.255049986378489 0.13095112245124
0.215583164066532 0.0935666465445602 0.225621174788986 0.196288324630232
0.262547057180757 0.05758618462813 0.239040747400947 0.200928294836523
0.272072290369465 0.0340912450031476 0.265947073592699 0.168544404451225
0.22519241179273 -0.0231230739723395 0.195055372439593 0.113220665781395
0.214130952439404 -0.089524534874829 0.117631686813308 0.0104364026842676
0.150215569472841 -0.138204128087504 0.0891466111375391 -0.100301250043341
0.0208148518767425 -0.0789394073801986 -0.28007724241718 0.424351681608038
0.0345712941920169 -0.0349812695748873 -0.231929489291603 0.238389469988563
0.0489904587816066 -0.0318538894300181 -0.171545964052005 -0.0130879789673295
0.085196155017326 -0.00757612818252334 -0.110998980119925 -0.167320105247965
0.10154595661123 0.0150980803127526 -0.00282599486170248 -0.25322705542153
0.0851718260353403 0.03744301145786 0.143242479745216 -0.212088451242913
0.0686607076879754 0.067368371036839 0.283703220307735 -0.110857222492877
0.0710143871839834 0.0904050822149786 0.313559764741803 0.0292292914161526
0.0600666407176585 0.0975473516163399 0.310024403810612 0.203872647062453
0.0719933540072247 0.0913588489767388 0.262385408225769 0.282148562032213
0.110516275432085 0.0855698748677603 0.263920199656103 0.266484805536599
0.124811843625047 0.0819716095368822 0.269900241960224 0.192690041137684
0.11277034480322 0.038964417779016 0.158484083896003 0.113280111927719
0.128443123582491 -0.0164054159191795 0.0633878715429458 0.0150030483183776
0.100901216583138 -0.0511149951888837 0.038099419717732 -0.0676010554089222
-0.0339963961566085 -0.0465939729893028 -0.0229441596629485 0.0027212199004081
0.0284135929266773 -0.0122834390121241 -0.0272480587698128 -0.0566867740354552
0.0265210965962231 -0.0436461335906901 -0.11861152003844 -0.128704799846089
0.0436990102110899 -0.0604046052714772 -0.25014911628021 -0.216752239120731
0.054340860328107 -0.0734581445059943 -0.274345983316133 -0.295521553471355
0.0651154857831446 -0.0545211661456097 -0.274087952774953 -0.338156633472254
0.0820676776361202 -0.0473918468862091 -0.321591721924252 -0.245049325961545
0.0698734986597936 -0.0608474561263222 -0.359600720722425 -0.0635626675153472
0.0295684352673271 -0.0820320522812561 -0.305136587926425 0.109517204518302
-0.00568408498264802 -0.0933375629362421 -0.176760701697007 0.221685114557755
-0.0417244312993141 -0.097046553983992 0.00430387948009791 0.256426077935758
-0.0573454906406656 -0.0753837409303907 0.126468912422189 0.182812034819713
-0.0653908219199751 -0.034356078073079 0.190607356542923 0.021101431466278
-0.0502491040004013 -0.00426564895290599 0.237414122047482 -0.211525533553179
-0.0730975082647469 -0.0101471785787493 0.280707367065554 -0.47532504133777
0.0258446109606942 -0.149729157409038 -0.0470492578834324 0.0473279548191912
0.145903640666458 -0.0737344950126647 -0.0604316294145918 -0.0436035137935428
0.188383118615716 -0.0673531792640603 -0.157115396600761 -0.133336790646634
0.223463736581822 -0.0431016286174552 -0.276583244422409 -0.234629443444985
0.213439251493981 -0.0337755660032483 -0.288135121918408 -0.295594668570096
0.200298276054979 -0.0023264256167645 -0.261097130748872 -0.326600706181741
0.21360225661644 0.00311098263627426 -0.276673111627658 -0.250573333142188
0.196146822196353 -0.0321125167771597 -0.307755305109094 -0.0826247551443344
0.141251031760332 -0.0890865882408119 -0.272637637069127 0.0814765277877255
0.0766504215133337 -0.137335956137646 -0.164231819795474 0.196530912306604
0.0228986126747247 -0.169294775751005 0.00421838629967823 0.241628861998526
-0.0200915533473107 -0.149212736593257 0.136701140974464 0.174736923406985
-0.0520289055757159 -0.10545111384773 0.209439713295052 0.0190516696606081
-0.0391708744971672 -0.0823463363953468 0.24692907174051 -0.199256403961152
-0.0605012979422918 -0.103329801486113 0.276530876471255 -0.454539478342851
0.0599428973780707 -0.235294357145584 -0.102208898630881 0.117415587848048
0.212407297745312 -0.149333799822443 -0.133335878886022 -0.0112123965576645
0.292326146922296 -0.139663228573151 -0.216494738130924 -0.124577435740729
0.358441505468817 -0.0973967008600032 -0.308355175266829 -0.228681615991604
0.341492196049908 -0.0570634971818072 -0.284973951389166 -0.265154930259957
0.308070448925037 0.00741091943911975 -0.218033698922938 -0.27796107528497
0.309953220934528 0.0352877721149689 -0.191838088184083 -0.225462808280267
0.293600761272328 0.000786787772811479 -0.21454115938921 -0.089416469951508
0.240465882708428 -0.0791789328716756 -0.205499879821196 0.0509082482562011
0.167809595801824 -0.163589742279818 -0.129121656190133 0.160707200600272
0.107580634584005 -0.229482136087447 0.0171108495324079 0.215899901285813
0.0444115127411215 -0.219541994874502 0.158946998646667 0.163906211475572
-0.0130026688833342 -0.175639368141811 0.233741889574256 0.0226422749544749
-0.00387052232005624 -0.158937893473095 0.259339039788099 -0.173135128376461
-0.0282807866626902 -0.183612533127789 0.270010915736524 -0.406483443965361
0.0584950406906699 -0.283754904610486 -0.161508464349931 0.206246756651824
0.204801955135526 -0.212201075721153 -0.204924018361905 0.0545966762716153
0.294178085831966 -0.224602839197314 -0.256437532621574 -0.082443969035281
0.38906780840776 -0.19346950242118 -0.31127929488534 -0.192395426000598
0.388801480890761 -0.126383923427179 -0.244748076643666 -0.226878558105412
0.356316338704085 -0.022890432202144 -0.141697457468292 -0.226827199682739
0.353179387127478 0.0424473967007395 -0.080632359103903 -0.192418669318639
0.34757978390075 0.0330499658870327 -0.0956098231875256 -0.0854122904436883
0.31280437621215 -0.045438903608868 -0.103685078373384 0.0263198443515165
0.257149763161486 -0.152939420495975 -0.0637515725821978 0.119810224480095
0.212167883535896 -0.250338821720421 0.0497738570792526 0.178807808466951
0.145874477878295 -0.260866869877974 0.189063532611071 0.149644478308543
0.0652882524770654 -0.226725883346715 0.255689357633859 0.0389969572547744
0.0611957293243158 -0.21572670167063 0.262992189057431 -0.129579865950325
0.024004900701054 -0.236501142757377 0.250639179710212 -0.336237926921526
0.0354575945364922 -0.285536608094691 -0.203590409774832 0.296552179736358
0.147575075086337 -0.224932701007619 -0.240635329010815 0.136797280000321
0.219871317938538 -0.253201413265531 -0.253388945783817 -0.0309633489426853
0.320404296391616 -0.239162539185512 -0.270117422490097 -0.156223745333345
0.347253491647795 -0.170448401221796 -0.176574257144912 -0.210301096011719
0.333166635187894 -0.0549545895653243 -0.0487423625239186 -0.201326435037112
0.340889415284281 0.0391212835990669 0.0380519832779285 -0.16842320530082
0.349271575356441 0.0622001910825581 0.0330857260756191 -0.0714241376139416
0.338761164833223 0.00820086991216357 0.0222495730631666 0.0229835128785562
0.317417418612785 -0.0909968198132852 0.032316564486292 0.0952532266043207
0.310082967609947 -0.197733964842546 0.107292086785275 0.144522115027036
0.261887804628416 -0.229703039954845 0.223122651811098 0.138003408962817
0.167705738438034 -0.221862355336235 0.261441700805757 0.0638311887849263
0.145287735869244 -0.229167802004525 0.241809647823526 -0.0742051472380778
0.0852122144061264 -0.249155898000015 0.21132960046502 -0.253958524200817
0.0137081983184159 -0.243961463067565 -0.226532737341231 0.371830815536442
0.0863780030109196 -0.183389111817609 -0.239642882224063 0.202878752040783
0.133564645634001 -0.206069189472437 -0.220276040113883 -0.00183006139538647
0.220976193495399 -0.199723042819136 -0.207884092246238 -0.145402193257406
0.262965015409707 -0.146887535423833 -0.106201391431366 -0.220749786003464
0.262610496562149 -0.0526440647904085 0.035557597909801 -0.20432386041551
0.280087629002268 0.0390358284373266 0.1446006027683 -0.156541905704546
0.299503949564717 0.0832814055001396 0.154653394432734 -0.049880341449995
0.303273803528807 0.0660852303341226 0.152692200633641 0.0543918705647842
0.309263361982408 0.00522492581868098 0.144485770508373 0.11507392751443
0.340580042204262 -0.0770743682467437 0.185673488374021 0.143349995075754
0.323694403026106 -0.115498129486128 0.25728911555363 0.136014500740581
0.240768232014198 -0.144165489678976 0.241840106125677 0.0867127237203195
0.209439909102984 -0.185390132218321 0.189384090284146 -0.0249280766761335
0.131970225102054 -0.216908037270586 0.150072795937452 -0.172339581463814
0.00633849901385037 -0.170840759746168 -0.239040945400677 0.422442309419636
0.0483788408780156 -0.111790073263992 -0.223571397629735 0.240742230807999
0.0762888803047434 -0.120170117892174 -0.189404865535321 0.00254302514832198
0.140157195196969 -0.108817268595194 -0.155461748072917 -0.153231947140246
0.178109261628416 -0.075352890154016 -0.0556499735390578 -0.240540291246019
0.17425814282691 -0.0174701269586327 0.0948683264620547 -0.21651092293514
0.185101569445374 0.049738534033753 0.226474979766086 -0.147691048835842
0.203903727538755 0.0929263697910032 0.252978186640734 -0.0218893022114169
0.205118559114595 0.101882109854956 0.259980149257321 0.116533586908327
0.21828415651882 0.0810849230645113 0.235696597358531 0.184374756567185
0.263546179624266 0.0405938795208691 0.251572814041841 0.188034846819189
0.272932205842568 0.0159040891891096 0.281504190232467 0.149327198673094
0.223588252934895 -0.0349748975746412 0.207535409095668 0.0978462618606354
0.207766554198033 -0.103219310656034 0.121510820976814 0.00117049514215081
0.138140215651996 -0.146467931911903 0.0835798060303753 -0.111333692596196
0.0130873406558729 -0.0788184946502171 -0.251322693278491 0.446780049349096
0.0354540492195491 -0.0361739181912082 -0.216268993748473 0.252774359346819
0.0485783233401165 -0.0332411145219193 -0.175377624825045 -0.00507247675368309
0.0863210586445144 -0.0106810969416345 -0.125331880492982 -0.163680494740441
0.105006274836688 0.00869275719540319 -0.0236059237269249 -0.254708770048079
0.087443002342044 0.0342015202010827 0.128886618283054 -0.223492248708898
0.0718431041738582 0.0660797315723276 0.274938996876265 -0.132250779373278
0.0771591072362273 0.0866230148113368 0.310722101319671 0.00864909456864827
0.0648187771963515 0.0961554292197009 0.318715649251082 0.184216832806048
0.0760991863323978 0.0892717697894737 0.276104072374139 0.267938476612737
0.114131302946281 0.0788811860700619 0.281944918366154 0.251389526579477
0.129774371827085 0.0741167526213448 0.287557567717533 0.174522042038155
0.115154111167355 0.033434067431155 0.171150708600511 0.101537969657707
0.127548556003467 -0.0247291285825976 0.0666146516479294 0.00834726378801458
0.096138895351484 -0.0563882215880866 0.0349183004022838 -0.075258577961923
-0.038749130412155 -0.043387408033687 -0.0244900888292473 0.0093795832736369
0.0267770472178047 -0.0151319858205328 -0.0324555682462056 -0.0518449500102546
0.0233980024399308 -0.045236089586386 -0.12694049251898 -0.120930834807513
0.0400438444316992 -0.063222509355868 -0.25994402888609 -0.201348639276672
0.0481947914887804 -0.0754570249381117 -0.28267062671434 -0.279992374251407
0.0614969605595588 -0.0564809414583274 -0.283762293534956 -0.324123856147955
0.0801843100042325 -0.0503196196419115 -0.323363449680214 -0.23102327272101
0.0669843173089806 -0.0640227804409491 -0.351677733900837 -0.0471067700547016
0.0257874043192269 -0.0813042542926091 -0.291539975718323 0.122151607700053
-0.0106576837768459 -0.0917329347277303 -0.162895061996343 0.227459627592033
-0.0471101735240973 -0.0933556500440709 0.0176146827937413 0.252865785942329
-0.061250248469464 -0.0718767100782503 0.13401042662882 0.176196324181677
-0.0656112201629656 -0.0303289941875839 0.190212639268786 0.0137496415797859
-0.050695323139096 -0.00308837619859985 0.223798976872396 -0.218313530821315
-0.0742860180583593 -0.00480481617181782 0.249505814868606 -0.483592615779795
0.0139338279928042 -0.146278128407374 -0.0452309118535135 0.0541895104664442
0.139319584543891 -0.0811045843239769 -0.0649178780496817 -0.0374575144621418
0.18067537126263 -0.0762619061550836 -0.165374979741614 -0.124393813767284
0.215840626833899 -0.0557387795329692 -0.286680086226811 -0.217126959719471
0.205280442996461 -0.0452597655747859 -0.295901374275709 -0.279059727354513
0.194936828084044 -0.0111712466786343 -0.268368857146589 -0.314314879027637
0.209670706624786 -0.00562888704172579 -0.279534741279575 -0.240236629764601
0.19116948216341 -0.0413434664598192 -0.301700036164529 -0.0691112040253301
0.133694912955509 -0.0922988104067759 -0.260852984325396 0.0928966550471337
0.067378512887628 -0.137321878553674 -0.152110840190222 0.202858423238563
0.0131688152336266 -0.166305426323139 0.0156721209865734 0.238120937701523
-0.0273130243291606 -0.144585183364837 0.144256131087416 0.167093626363644
-0.0556692556323493 -0.0989077662158396 0.207771749281537 0.0100226547576504
-0.0427186519632173 -0.078555376039645 0.234909184047766 -0.207306424612597
-0.0660351916250294 -0.0949393242588272 0.249155057877608 -0.462339825986168
0.0420594553276962 -0.230067510323951 -0.0947272748469063 0.12497979899279
0.200794632949953 -0.157866705056126 -0.134614322491576 -0.00197894594245823
0.278091243129511 -0.151429134812662 -0.222703415478989 -0.112681533182281
0.344093467609638 -0.11485011630396 -0.317845327094897 -0.211075621205031
0.32799956461983 -0.074066849194722 -0.294112380251343 -0.249410943454034
0.300280942706889 -0.00582711573554138 -0.225083100379083 -0.268825947544037
0.304720905356956 0.022980044148023 -0.195718571762145 -0.221099656160838
0.28826343960378 -0.0132439594380614 -0.212611308215971 -0.079515469026793
0.231643645077928 -0.0859026545922015 -0.196908006030355 0.0597850158997316
0.1538737973286 -0.165788749135376 -0.119653174089628 0.165868635562858
0.0920213664667625 -0.228532571971156 0.0272606945325312 0.212973827007048
0.031981127415154 -0.21636772993694 0.165871587195358 0.154301426870024
-0.0201146737584187 -0.168825723780887 0.2324147729974 0.0117933560359527
-0.0123279087296463 -0.154367599391138 0.249770229960883 -0.18168817928617
-0.038992369791535 -0.1744319927385 0.244733527256756 -0.415029488576288
0.0386146505852425 -0.277021624115413 -0.148488705142968 0.213975583110054
0.191471156218364 -0.217731383443262 -0.20029130129791 0.0652916682939827
0.276714556624219 -0.233789316773885 -0.259973536866364 -0.0698137914021326
0.369596645725363 -0.208350399271714 -0.319195136914089 -0.17618027268204
0.371085423291906 -0.144132414584456 -0.253337286524538 -0.212908980630151
0.345432808591011 -0.0385572350784151 -0.148020439841033 -0.221107120095945
0.347290928774825 0.0290352602114571 -0.0849521531339354 -0.193304181527896
0.341636719211073 0.0163668676378326 -0.096828575748185 -0.0809360269658706
0.303269445943271 -0.0559015155277316 -0.0995448530414581 0.0320998359172871
0.241784554919757 -0.15886050494082 -0.0582056716187972 0.123309142781817
0.193781874906179 -0.253402687646314 0.0571480304436221 0.175350275373933
0.129271232660961 -0.261004960643507 0.194759123573293 0.138623690662497
0.0534162800476981 -0.221871445067871 0.254314991619921 0.0258222491487906
0.0482879519177099 -0.213338713132527 0.254975823356337 -0.139114178397583
0.00981092801205097 -0.228477608387308 0.230725219243421 -0.345696145585266
0.0167843472878603 -0.276571237908055 -0.184533969027414 0.303341028972294
0.135402426817242 -0.226721998401975 -0.23054059295207 0.146715445091762
0.202533134958738 -0.256594319987045 -0.252924814078334 -0.0200589431648338
0.300936535771523 -0.248575017905899 -0.277344698294425 -0.142790159976396
0.329076013778285 -0.184140059834582 -0.18592577870195 -0.199118389641457
0.32193496960014 -0.0671417312703601 -0.0558954860256402 -0.199559846312006
0.334582750076439 0.0269041777894767 0.0310067592539112 -0.174236688376325
0.344031807274509 0.044763905485439 0.028561423033191 -0.0721957044554341
0.330301037595696 -0.00369679463775551 0.0224373601378031 0.0235889925414519
0.303461459500623 -0.099766670332862 0.0340813881188459 0.0948104334261003
0.291190393068088 -0.206981417307178 0.112593314662075 0.14025006989094
0.243725250674171 -0.237210415969338 0.227899249596266 0.124885507893486
0.154501231825266 -0.222344907394056 0.262152896460915 0.0487550380821609
0.128903402404775 -0.229457031492865 0.237175083776709 -0.0840202330514065
0.0693812707645273 -0.244149818933324 0.195565180953606 -0.263257317827806
-0.00142864886448613 -0.234846566408181 -0.202851446066268 0.376974783128063
0.0781069498654701 -0.181965103700587 -0.225893936974911 0.211837577134857
0.121890841549583 -0.205443125446851 -0.218928903833124 0.00591814511550713
0.206933276354272 -0.205027772103434 -0.214671112481302 -0.135737088449336
0.2492362449775 -0.156980476535999 -0.11797175602354 -0.211940727113711
0.252738273794841 -0.0612338337622695 0.0255536461667662 -0.204925897383624
0.274396466170646 0.0299280632029439 0.134876450295225 -0.165416310860366
0.296935259376583 0.0683109250527283 0.147102296082116 -0.0552539303115064
0.298265084443001 0.0544333201943948 0.150090685422349 0.0487580762408518
0.299864922476801 -0.00575934514772396 0.144275963802289 0.109855721301346
0.326942700044264 -0.0909507262232554 0.188211665324726 0.135765155602364
0.310464706520089 -0.129003741872506 0.262065739288014 0.121157149249528
0.229748236606092 -0.149826702558436 0.245126470631904 0.0723488795669543
0.194901849058906 -0.191273696415024 0.186953444246483 -0.0333697023475708
0.116323847082522 -0.214733211778088 0.140930351154723 -0.181209832025072
-0.00476720503653814 -0.163034394447303 -0.212519004725506 0.426858826353274
0.04536645203668 -0.110137764448464 -0.209166472758371 0.246051244221899
0.0708625232728613 -0.119072251875182 -0.187338343214533 0.00856586141096726
0.133632632251649 -0.110722576936192 -0.163245612802077 -0.147194602716264
0.170687818562809 -0.0822639263400435 -0.0685241792828438 -0.234188247421183
0.169274523866581 -0.0222236740433063 0.0831924160368773 -0.219399745725118
0.182566962289507 0.0445937563172904 0.21419034503547 -0.159265749109463
0.203850821947985 0.0828745977896844 0.243779528946163 -0.0321895447881048
0.204356837658871 0.0946284919751975 0.257124744083202 0.104522697630887
0.214918788004698 0.0724794593051838 0.236377679339386 0.174703568979902
0.257462872691145 0.0288130826350316 0.255374818053468 0.17590304947793
0.266644488066461 0.00299274445991813 0.287041887677884 0.133352043983721
0.218851032215614 -0.0420255014983257 0.21215919972685 0.0836850263338333
0.197954915979078 -0.111108558899618 0.121547002778844 -0.00557726250428335
0.126247330066763 -0.147488086561973 0.0785294897164411 -0.117128444973831
0.00716171403529399 -0.0752455571191172 -0.223686873767826 0.449726492893262
0.0370713659273255 -0.0355702222560849 -0.201094368272393 0.256675798644868
0.048552547170097 -0.0330862151101185 -0.174275296097007 1.71170757540812E-05
0.0857436969272123 -0.0126227635849687 -0.133388807620955 -0.158636155907154
0.104673549126031 0.00386118828566844 -0.0376183683479995 -0.249631108252225
0.087555509285484 0.0321514908132705 0.115606498081064 -0.227547434493888
0.072604340290798 0.0647402977296757 0.262453348487805 -0.144892085737829
0.0799634666049099 0.0826260690748937 0.300474177818856 -0.00404070423413332
0.0669918020035351 0.094524221993181 0.315967854531151 0.168159161949189
0.0766554214697549 0.0859717136780287 0.279526099865244 0.254155246838383
0.113328601926284 0.0725991387031815 0.287412047586407 0.237023058166055
0.129910885362111 0.0663103829508504 0.29469423067771 0.157825633254205
0.115296617541957 0.0300867553609378 0.178243390354404 0.089225139356711
0.12423568135132 -0.0303654014641308 0.0683859318809035 0.00343101872201317
0.0905756548668028 -0.0583539776826703 0.0317835755364207 -0.0800974607211212
-0.0426087375277926 -0.0406626659080379 -0.026002263322152 0.0152275829180206
0.0252777485808743 -0.0182227327951886 -0.0369106734601247 -0.0480343135275101
0.0214666972661463 -0.0467175645218605 -0.132811840305412 -0.116316700341489
0.0371033241257294 -0.0653529193481707 -0.265088242133617 -0.191464123522231
0.0447417672305667 -0.0768083210272798 -0.284613241015464 -0.27255879963191
0.0593458076283933 -0.0564380234726101 -0.284550898157767 -0.319464249581378
0.0798026635876875 -0.0514192479391433 -0.321196676618311 -0.22757622646965
0.0653826397845197 -0.066196918030013 -0.344387130030903 -0.0421346824157937
0.0242482151521955 -0.0801572329417747 -0.282398603632422 0.127430063251225
-0.0132362816139839 -0.0905246021767611 -0.155577378270415 0.230083751573845
-0.049123798533 -0.0913311188867995 0.0220654837815545 0.250152326753511
-0.0631172431611631 -0.0701965381745759 0.137648923222532 0.173975865747686
-0.0663044947030496 -0.0273961341796166 0.189934720409127 0.0114264365944953
-0.050757428675894 -0.00317790768303765 0.217829452978034 -0.220736677728159
-0.074625137473143 -0.000861858503020764 0.232909527757702 -0.485392147067864
0.00580898420967761 -0.142184188359958 -0.044030908513008 0.0595630184181877
0.135180185318443 -0.0845548396922676 -0.0682850194210123 -0.0331332520172082
0.175039229139254 -0.0804128007796367 -0.170150157347069 -0.119127943054039
0.210485879274411 -0.0615520229135282 -0.291979096185325 -0.208236722755801
0.198982824717809 -0.0504566972581939 -0.299050573084108 -0.272180146693313
0.191506508849941 -0.0145813209455152 -0.269829293008027 -0.310566516587102
0.207655459592055 -0.00847509619793421 -0.278079026622376 -0.238193033032373
0.1879562532567 -0.045698649679295 -0.296054180185044 -0.0653760333879155
0.130510298986315 -0.0920587979965764 -0.252609823874219 0.0980074644673474
0.0621192341318152 -0.13483334231019 -0.144928231567914 0.20477905991315
0.00737888742134359 -0.16358334070675 0.0208459586468918 0.236715908493014
-0.0306610879107717 -0.141900051059812 0.148154522267592 0.164339669555352
-0.0569518657019196 -0.094368819639213 0.207659722253486 0.0062610817381468
-0.0441836101953917 -0.0761300967793055 0.230029594021666 -0.209637045459444
-0.0690325670330592 -0.0886905086687927 0.23421268583499 -0.46420561781517
0.0316266729418042 -0.224140381513118 -0.0907022387759381 0.130209873930193
0.194567597796857 -0.161453677188881 -0.136054443251222 0.00319786955615765
0.269446604433336 -0.155727531326431 -0.22658878480631 -0.106889643218008
0.335187458852588 -0.122171772338789 -0.322976058911684 -0.201810360313354
0.318210843872998 -0.0821497439984534 -0.296175380401201 -0.241932470641717
0.294129547802785 -0.0117372411002448 -0.225604770410668 -0.266021940192865
0.301138330988176 0.0181767871292729 -0.195572177898943 -0.221804629878939
0.283118364548633 -0.0197739023559546 -0.208942116367384 -0.0772801900586884
0.225887677023921 -0.0865802248726861 -0.191197149167831 0.0645193902034975
0.146481334290916 -0.164076820947768 -0.114124476615978 0.168051297624293
0.0838524590367598 -0.225807753967072 0.032234099376705 0.211623401852112
0.0263237692466262 -0.212086001522363 0.169645514007302 0.150561070777356
-0.0233020331185739 -0.163269343542734 0.231798940358087 0.00666447245351043
-0.0166052372614014 -0.150597863995156 0.245750075217756 -0.18508746925986
-0.0436695766382616 -0.166654858450894 0.233148001637414 -0.418670843364761
0.0272788884876967 -0.268764965868965 -0.140160975433223 0.218320877828427
0.183859938603647 -0.219014158688714 -0.198396449960094 0.071405919248123
0.265768443103416 -0.23624346674381 -0.261797518763841 -0.0640894554871165
0.357821570834224 -0.214153044975616 -0.324056610596677 -0.167984327943548
0.358968290976179 -0.151818886429581 -0.257216047578774 -0.205954850401805
0.336846976985338 -0.0430323009806459 -0.149156934843716 -0.221088830194689
0.343033154835675 0.0251142965492037 -0.0871809047237476 -0.196859304045519
0.336914997230671 0.00889224802222608 -0.0958717485475218 -0.0791636713414505
0.296660317556928 -0.0581212190181725 -0.096315674905073 0.0344555180779503
0.232243113380826 -0.157663228413389 -0.0551342748468534 0.125248685251757
0.183022334770962 -0.252219810899308 0.0602569942492889 0.174674705343743
0.120230043812192 -0.258765604037979 0.198013076523839 0.134392479084423
0.0492594910032694 -0.216836408816511 0.253308297772733 0.0197299899405915
0.0418959674384183 -0.209748402086047 0.252222860862714 -0.143003134200101
0.00313182924946518 -0.221147760918602 0.21998887552158 -0.350463338564958
0.00734416552879779 -0.267716551694806 -0.174826460191294 0.306671680453867
0.130600838815297 -0.226324737970124 -0.226013216632506 0.151559914052202
0.194068435898926 -0.255711242020285 -0.25346641701024 -0.0154144603295706
0.289390940123996 -0.251875549027298 -0.280363138264712 -0.13684909802602
0.316993115947922 -0.189254396066508 -0.188920028272506 -0.193160147485307
0.313305817017239 -0.0707977889907113 -0.0583066600540719 -0.200574469354871
0.328958448905289 0.0248418122296957 0.0276931553507022 -0.179378711685259
0.339546570461527 0.0381196648359909 0.0264484811400479 -0.0720909366917998
0.32449814988402 -0.00696329051625918 0.0220462041155734 0.0246809668514063
0.293059825917282 -0.101747711415742 0.0347923362931788 0.0967277656844849
0.280373592925157 -0.208715600271917 0.11373677755011 0.138817629968513
0.232942429141719 -0.238126011974436 0.230438335926237 0.119085742414436
0.148325029585079 -0.219338366751047 0.262015717894524 0.0414424572611588
0.120847105160015 -0.227941908546526 0.236205471432645 -0.0876849640716472
0.0604727390251486 -0.237761702860351 0.189032649227533 -0.268108531535575
-0.00894859865144159 -0.226291766678387 -0.190970375551946 0.378228294309115
0.0760121088363215 -0.179767881684863 -0.219853951888263 0.214383229359656
0.116521373639424 -0.203035834856313 -0.218786765006422 0.00865748895598712
0.199933513148974 -0.204776154598763 -0.218357095144934 -0.131942811853295
0.240129296248918 -0.160136200107814 -0.122490385643252 -0.207190812744112
0.246376547805314 -0.0628641623205887 0.0219274525063821 -0.205801141664477
0.270020407820701 0.0286879892532491 0.129252488694785 -0.170920642207714
0.293666805011308 0.0620322829244285 0.141817332503645 -0.0567546361431728
0.293233775712964 0.0513540222481328 0.147063242236362 0.0476836417957122
0.292294893396933 -0.00850336754038285 0.14304651446076 0.109197181139876
0.317226662984636 -0.0946649907801635 0.187651372648595 0.132336906086802
0.301158908323984 -0.13236738181709 0.264918657693819 0.11347284577708
0.224228145507379 -0.149742333374571 0.246128391330595 0.0639162362010738
0.186466208916249 -0.190968780486128 0.18742800021686 -0.0373546326165575
0.108086840135924 -0.211516248237869 0.13605610932086 -0.186137715638242
-0.00996124179641782 -0.156415646126607 -0.200447782838801 0.426518934184867
0.0456408848984082 -0.108555010362415 -0.202847491454946 0.2473824288294
0.0695505297858644 -0.116262045846499 -0.188534633965623 0.00961766812977501
0.130991306657227 -0.111174376060498 -0.168351126740029 -0.144508058590899
0.167017116942109 -0.084868301074287 -0.0749120994505618 -0.230307955642449
0.165736881639561 -0.0222409342885692 0.0777362499775126 -0.220495820345926
0.179815281323461 0.044392503584409 0.207197631188589 -0.165186681969752
0.202543928280636 0.0783241601230867 0.236362821616614 -0.0345197890621624
0.201581159386378 0.0924583708646779 0.25215803608838 0.0997574824160517
0.211433865922522 0.0695426301353386 0.234447085041883 0.172222159447379
0.252268885960389 0.0241097144578466 0.255101458813305 0.171294247151795
0.26160229190771 -0.00257348770107499 0.289424713472909 0.124728002972712
0.21570282571441 -0.0443173806938519 0.215066445815472 0.0763307037984744
0.192009128769587 -0.11361986575186 0.122887366939927 -0.00899909216480393
0.119842067147425 -0.145042581720832 0.0768522746146582 -0.122260891203917
0.00437013896796851 -0.0715262865991367 -0.210114503498105 0.44966251117941
0.0395843205766563 -0.035190459630782 -0.194785334022674 0.257422782661297
0.0493777685407407 -0.0326647357211991 -0.175995330295619 0.000940792623005021
0.0869088257753385 -0.0127274959303523 -0.13806461376929 -0.157111216136782
0.105307851888181 0.00131674813091504 -0.0450119408251396 -0.24596221334924
0.0874247062116299 0.0321211922948302 0.109627379339826 -0.228351600207793
0.0725118834667994 0.0657929929177009 0.255140848908691 -0.150844775282579
0.0804840212920056 0.081277097116404 0.291504960802268 -0.00839835971134801
0.0672718312652792 0.0951860014825262 0.310735509631314 0.162107279017992
0.0761543196647634 0.0858677861841961 0.278516230004471 0.250512800602814
0.111426688124095 0.070778399306842 0.288864557959901 0.231499198189545
0.128347465881064 0.0633423730835913 0.297244003971949 0.148744946654266
0.115261711096205 0.0293548074237544 0.182655748917324 0.0824789762801016
0.122088425242613 -0.0327957633635865 0.0695707627594846 -0.000941156742441654
0.0873807747725616 -0.057412446233258 0.0311919817204092 -0.084211968876597
-0.0518636932107367 -0.0290822887307154 -0.0245272429458654 0.0237889353188693
0.0187006748120413 -0.0245803687041461 -0.0489636521441043 -0.037254410402997
0.00830198856003745 -0.0503854392754354 -0.157775932098099 -0.0907541866567138
0.0156955336001328 -0.0720279041456767 -0.30325637986904 -0.139633920452738
0.0206369391056468 -0.0819731666545776 -0.336421519982508 -0.22254895732235
0.0424828712616137 -0.0632498255900956 -0.343359181767176 -0.271754708407259
0.064715832462716 -0.0663423449386301 -0.3561765226109 -0.167268490643567
0.050829843110147 -0.0763843374185983 -0.34762897759413 0.0221614396538515
0.00762730189026693 -0.0804330079441366 -0.258126578543383 0.186018183739866
-0.0328711790972537 -0.0835355238281946 -0.107757849404965 0.269874681795664
-0.0658122095546122 -0.0752437401944638 0.0778895167969788 0.250282730397613
-0.0760204570054646 -0.0520746196543266 0.181980546576934 0.148165668710441
-0.0676667076314575 -0.0116408059980269 0.200325072723221 -0.0304709119133557
-0.0466928480122237 0.00675557554149691 0.176495089583833 -0.274825130288338
-0.0691596423083284 0.0108082253525812 0.14040476843137 -0.544696338147284
-0.0250056693625866 -0.133249869061149 -0.0265491932886111 0.0702754470219656
0.111394400374438 -0.110606620025328 -0.0721732183856685 -0.013862807361574
0.147991607859427 -0.112538456183792 -0.186481086045042 -0.0783921410665751
0.181583025150212 -0.105314080082128 -0.328484713991084 -0.139177049630153
0.173488224860681 -0.0873535880786611 -0.345144228997115 -0.209956362959751
0.178473835507585 -0.0473602242764674 -0.324658294352023 -0.258344854511816
0.196664565064398 -0.0513212358431437 -0.316111052278503 -0.176754181526159
0.173630807571038 -0.0784458278848885 -0.304732698468902 -0.00859458301818568
0.108176752930089 -0.110841089619175 -0.235519974112618 0.150243734399758
0.0322879161584352 -0.140038059298007 -0.103673079765955 0.244599009508551
-0.0244893477907869 -0.153973752884278 0.0753184031836192 0.237853823799434
-0.0575691486808372 -0.126468829908765 0.19127776680108 0.136370835744798
-0.070658833424985 -0.0762306672523718 0.219557856414471 -0.0388769465599523
-0.0557039915569165 -0.0650929130549977 0.194280378853062 -0.262523873416973
-0.0813237440421292 -0.0759029058888212 0.147620030497596 -0.519129815344753
-0.0161172445413691 -0.214533699993894 -0.0542226189316001 0.149074553870456
0.154238338608839 -0.194823189830768 -0.128960384236309 0.037278213126065
0.222487148495658 -0.203378488352028 -0.23157631481765 -0.0528349894436803
0.286255198112323 -0.189692731251335 -0.350841411044555 -0.119658102764252
0.281499467796742 -0.141800660600666 -0.328847497681943 -0.174176062520275
0.278279255229729 -0.0633920519416562 -0.268028921065262 -0.217003004201119
0.292786560538861 -0.0441543258295682 -0.232671811002814 -0.168016328133038
0.27110538924023 -0.0698209251658442 -0.220901899759943 -0.0369780099107229
0.201397155721769 -0.122738306708873 -0.181327031021428 0.104036884111678
0.10843264435189 -0.183049862518564 -0.0803074074097766 0.203111434431619
0.0365903187137146 -0.227570952975528 0.0816176330715243 0.212125441759376
-0.0151194364818579 -0.205170334698855 0.211306299543306 0.119274914873058
-0.0503269020412969 -0.148375570242559 0.246066790304104 -0.0413453907985698
-0.043477620377048 -0.141934434338402 0.216920938079829 -0.238223022431749
-0.0724625238976715 -0.157160863723544 0.158109923635898 -0.467942329101517
-0.0274485341768116 -0.255308773973659 -0.0847036021769747 0.246656774318975
0.133601496585622 -0.248219062258757 -0.17671070152189 0.116899784537874
0.203469532098374 -0.27784089939327 -0.253550014160437 -0.00644378884967355
0.28930855483147 -0.2811032256926 -0.336892571545875 -0.086973740757965
0.306339916058765 -0.21609615681474 -0.276123624612939 -0.146902195488848
0.31412922709611 -0.102460421456896 -0.178886742395476 -0.184481974134931
0.334034241170378 -0.044816989414971 -0.119477046785011 -0.159901335058007
0.328333390022906 -0.0510004543967668 -0.109763133338331 -0.0599766984894976
0.275033254434219 -0.107522021072935 -0.0933464267585722 0.0555377947657085
0.193439343565477 -0.192495398589642 -0.0310853392708433 0.149078054313009
0.127358111853078 -0.270706817309857 0.102430734461073 0.170480141804772
0.0679725916310761 -0.267702885224799 0.237046637575952 0.0983276479006855
0.00894678996843046 -0.213690143661033 0.272327040868465 -0.0305092178525341
0.000936562819808175 -0.210629041158381 0.233394862936859 -0.19134001376852
-0.0377614275663815 -0.218997891421781 0.159453140792873 -0.393644079937417
-0.0462712015243686 -0.249272972304891 -0.102438899518686 0.342120293337046
0.0823159113969785 -0.241795790295455 -0.189390039467241 0.201604782710999
0.131903782895013 -0.280808700161788 -0.23689085033445 0.034401167659389
0.217042004590678 -0.300780569028735 -0.286266407159959 -0.0707072464756217
0.260393429036839 -0.244393624678739 -0.205581753474457 -0.151107622925306
0.285974687539883 -0.124412932959161 -0.0832192322210921 -0.183583791648613
0.32175374470724 -0.0428731850372776 -0.00308768386846694 -0.163380187806904
0.33713955603009 -0.0227483646750017 0.0122171533000073 -0.0748130551209197
0.311956055114618 -0.0625113650140324 0.0226805861424674 0.0223004702186691
0.264627111847709 -0.148715090944165 0.0516004990442708 0.101976599858201
0.229042882239525 -0.246490914374548 0.148356357782169 0.126027060576185
0.180351699060373 -0.269222186640713 0.26628096814187 0.0781115920337902
0.103913596626068 -0.235262022041897 0.284335337083752 -0.00586523926069212
0.0742529742212169 -0.2452047804333 0.225534495648295 -0.128660535463798
0.0152246181974163 -0.246254522062794 0.142354852658639 -0.301946078382794
-0.0526915122948471 -0.207254504913465 -0.108278277062097 0.419045749904091
0.0413302772946846 -0.186803434839708 -0.174333611295531 0.262886421635449
0.0708727171734505 -0.214525341859772 -0.20439304527717 0.0492695721436598
0.142949702953061 -0.237124748957533 -0.228830131304178 -0.0837882457339324
0.193585936614434 -0.202127826301342 -0.146187618701792 -0.180815188839549
0.223595840539317 -0.10547849093354 -0.00618260280277922 -0.206739234328122
0.266335732027909 -0.0264353822487177 0.0976965030830595 -0.177428139053841
0.296499701035112 0.00897388716741782 0.12879240847151 -0.0811042703595721
0.29390726050949 -0.000336928426857993 0.15277814560891 0.0202503978257132
0.282514500010654 -0.0583961272815907 0.162150462761413 0.0922045383304504
0.285534148108119 -0.143821114327928 0.220204837405385 0.104323159777575
0.266624469051953 -0.179949976470566 0.296473882806291 0.0656558045053324
0.189784756522326 -0.182714056619269 0.270395265786064 0.0223413429807578
0.144642763195112 -0.223205519190658 0.183738495024002 -0.0664673183879337
0.0664261110683039 -0.228905304613715 0.103724729117168 -0.207677794366114
-0.040311799325241 -0.141311071545634 -0.110211124601132 0.473810706770643
0.0276267622203959 -0.112046954406927 -0.153347502949313 0.294171934129329
0.0447068544856904 -0.123088658607568 -0.182312622482311 0.0449372879670141
0.100342302139912 -0.132708989412988 -0.189419883977996 -0.109332771771375
0.139980314526081 -0.116204146737391 -0.110072037679064 -0.212211806230646
0.15407044983293 -0.0520257896748635 0.0423142103264203 -0.232808688515253
0.182995249670279 0.00660646783048749 0.172928420978767 -0.190995437042046
0.211687217684128 0.0410182950886505 0.225167078892843 -0.0772273078528875
0.214654258353463 0.0557573270472115 0.26909377790112 0.0530297352475462
0.218889855248816 0.033532970245809 0.267180376445099 0.134810082017777
0.246104715920569 -0.0174341240988889 0.294355869598236 0.128313793184348
0.252925516839919 -0.0465702992327745 0.321338876965987 0.0691471908581844
0.201687984470918 -0.0796248700013166 0.237251446344962 0.0381724072753746
0.165567514329099 -0.149361534346264 0.120780265349645 -0.026917927089527
0.0907184282504361 -0.166639177823179 0.053218389208826 -0.1334267059514
-0.0105697387217166 -0.0648479267830672 -0.119177576717355 0.504154518866511
0.0362760891485363 -0.0407153119641538 -0.147597337418023 0.303613527447978
0.042027620117297 -0.0394234001700413 -0.177051335996044 0.0362222939162791
0.0801832875528264 -0.0304467285911646 -0.171303533364247 -0.12858666387931
0.0993592284738721 -0.0214990964866752 -0.0911136402179983 -0.23383246426275
0.0891739950813579 0.0145160720499011 0.0674643586796078 -0.247999641306729
0.0852288500287406 0.0491558875119218 0.220098423440763 -0.192490629584964
0.0939312379539291 0.0648003833568072 0.284417232442237 -0.0603817325278164
0.0858685216838434 0.0832218997000601 0.342230134967872 0.104624856111777
0.0912321339337172 0.0746699104866852 0.330753955583921 0.203584519523497
0.121103798759661 0.0535840837673276 0.339921723819089 0.178786282184592
0.137270284530205 0.0434569579399497 0.335083598375498 0.0890584518293522
0.119100833864564 0.0101193098738716 0.204718183795088 0.0469185347496462
0.113844163173084 -0.0566374052494942 0.0678086169089328 -0.0123841614697251
0.0757040983696607 -0.0741621643092412 0.0126620571147617 -0.0905853808733551
-0.0571225989497104 -0.0265246439261509 -0.0256245201313546 0.0316201385097657
0.01679603805537 -0.0276646128477592 -0.0545262733726 -0.0331597553316222
0.00554668471454107 -0.0531371854862482 -0.169830708251352 -0.0896248594558515
0.0129578478180913 -0.0763829150054963 -0.318993112072547 -0.136208018594574
0.0180407311614303 -0.0860467174328429 -0.352784471947707 -0.225142756444714
0.0427551344947772 -0.0660865432800937 -0.362129117999255 -0.279546812679519
0.0676791692263938 -0.0713880814814171 -0.372186252720907 -0.171597772283586
0.0516348691967841 -0.0814960832043731 -0.356538065764811 0.0273927307411141
0.0074849216725578 -0.0833290252653389 -0.259979909805957 0.197526977586804
-0.0364399105400673 -0.0855406030819479 -0.103669975702716 0.283534589888299
-0.0708801344773442 -0.0765495606216247 0.0872612201212241 0.258350450054132
-0.0814334580304125 -0.0528435315049366 0.194131395346691 0.151203129153184
-0.0704697974429473 -0.00992230319343191 0.20950144339816 -0.0354587653139843
-0.0497302048239348 0.00676717075185641 0.178688676189766 -0.288649846191443
-0.0726061720791375 0.0144635820465586 0.130670043176359 -0.569892022849861
-0.0321275795946574 -0.132615220880417 -0.0257978663454417 0.0790724701540686
0.111382518643943 -0.118113068164915 -0.0787219932154694 -0.00788644917563066
0.148413965071444 -0.120320710866357 -0.200174069045617 -0.0758308434222202
0.182759548191862 -0.114901057825581 -0.346983396359403 -0.136387767771499
0.174285806155824 -0.0945640542415189 -0.362179654295743 -0.211795015662004
0.182740726744879 -0.0521232929734063 -0.341690950832212 -0.265902317551651
0.203991229936208 -0.0568513905197202 -0.331248642314707 -0.183475074349475
0.177810592566124 -0.0856570575998678 -0.313693163540127 -0.00637414396077077
0.109629142768379 -0.115250861467962 -0.236572754524949 0.159770757461504
0.0292896614553813 -0.143467740017302 -0.100330996851033 0.256476580799803
-0.0298949586277988 -0.158304308003172 0.08397212636749 0.246172766067617
-0.0632869020800903 -0.128846432014754 0.203907403213214 0.138518110695747
-0.0739163729437909 -0.0761579263536374 0.228088734932092 -0.0436919118396922
-0.0605142948191388 -0.0662657376862108 0.197495468577535 -0.277162767638476
-0.0864849405056599 -0.0735517743723447 0.139568226831447 -0.543718061230955
-0.0247776282429545 -0.215913132604924 -0.0520862689694135 0.161144891368251
0.15370418876547 -0.206285438626138 -0.135038273240221 0.0459153702089975
0.222483724171926 -0.214779563663999 -0.245424937554363 -0.0476900424750828
0.288609044772272 -0.203654248630324 -0.369954307217354 -0.114326151202646
0.282928581930874 -0.152636056332616 -0.345334130897843 -0.174759486989151
0.284828583337689 -0.069821070778279 -0.283210139849358 -0.224612713130892
0.302257990871775 -0.049277089598174 -0.24526828574193 -0.176177524933216
0.278243756114652 -0.0778646775911813 -0.228254315971813 -0.0369747518151652
0.205799843255985 -0.128810025910619 -0.182655744266367 0.110831788907888
0.106476962673153 -0.18754578784912 -0.0770412725131422 0.213518297454335
0.0315416977647403 -0.234164495728939 0.090888311173148 0.219854561401272
-0.0209994997927119 -0.21027238282964 0.224712726228104 0.118905617400663
-0.0536442455756702 -0.149956621880328 0.25579502453211 -0.0478224760087574
-0.0492061915254205 -0.145436122714559 0.222307327620212 -0.251738501607444
-0.0800065690913077 -0.157123955170941 0.151887130347413 -0.492058258724897
-0.0367959766827742 -0.256730356847001 -0.0810550992873664 0.261439604667955
0.131866047918011 -0.259834314746852 -0.182270208830948 0.129337656532566
0.202267678220461 -0.29073094850468 -0.266558597955494 -0.000450036283219224
0.289288974121308 -0.297915568423386 -0.354763144307403 -0.0821718950008106
0.307185855684086 -0.23038462201874 -0.290342492461343 -0.147286986881493
0.320420727872997 -0.110446503962444 -0.190347535449398 -0.192888059532633
0.345208936973533 -0.050377547321351 -0.129204823096261 -0.169779452764052
0.337318294077605 -0.0589268754898197 -0.114440669350568 -0.0617030995855732
0.28284856878638 -0.112955454869741 -0.0938135938676335 0.0601254068182852
0.193441580093372 -0.198814500156862 -0.0283354296998038 0.157710252888038
0.123166727217052 -0.281207489611836 0.112029635287226 0.177334426987031
0.0623408711648871 -0.276551508134873 0.250784561984355 0.095679814148324
0.00609538746414066 -0.218908439370038 0.283935760115389 -0.0373700567121869
-0.00438943112171966 -0.216706077870351 0.240787918898594 -0.205159878703446
-0.0448573268165776 -0.221040048514461 0.154766888461766 -0.415688939394933
-0.0551588057844023 -0.250196388211164 -0.0960021418954864 0.359799307590549
0.0803687917759979 -0.253125279028287 -0.192155443211901 0.217090725367212
0.129595439834695 -0.291622124556089 -0.247982451090042 0.0413169941718818
0.215382669032034 -0.315427049971955 -0.302125322837206 -0.0664775677225894
0.258529245013836 -0.258157825823545 -0.217303039310888 -0.152370662662965
0.291010078110578 -0.131856815601338 -0.0917777053429301 -0.193055724035184
0.331673167366108 -0.0475605012932248 -0.00976765524346734 -0.174773285108982
0.347291163225195 -0.0295971942222922 0.0101310615336466 -0.0781160825112578
0.321173064048162 -0.067617470504416 0.0242393154374789 0.0242263085369138
0.267566029911761 -0.155289587015713 0.0561162142635325 0.108524322957532
0.228016945132388 -0.258347184247725 0.157742666669351 0.130233047263649
0.17855006746107 -0.28027986027022 0.280430348873754 0.0734633658211089
0.103902311796233 -0.24318658763249 0.296859169064909 -0.0136259002017911
0.0696177286918584 -0.253432949162058 0.234682520216638 -0.139630601770389
0.00915602212471946 -0.250593057976382 0.14041417977713 -0.321387638296294
-0.0598519991974334 -0.206922301664143 -0.101291313975321 0.438098699173093
0.0407047587738047 -0.194478969926072 -0.174826980054178 0.278357263670006
0.0699412987150969 -0.221384456664575 -0.214056430518261 0.0554615411953604
0.142620193963334 -0.247033270315803 -0.243333135243427 -0.0819133531978232
0.192781382648833 -0.212587526479714 -0.156358730213956 -0.18415469981914
0.228284167195495 -0.110089734378758 -0.0119730618760311 -0.2171935743286
0.275608173540917 -0.0285872983779125 0.0942133972141325 -0.189986466198426
0.305887614044974 0.00439961696331418 0.130312126788471 -0.0851456130205896
0.303890593015243 -0.002593490811821 0.157392427253928 0.0210368944273451
0.288295595641509 -0.0623285191635948 0.169972659137254 0.0964140788968948
0.289804613586104 -0.153941716048869 0.231025283089345 0.106825562879048
0.269504773218417 -0.190591690531326 0.312621591268923 0.0588229839862122
0.193862728650484 -0.192029345500153 0.282712216125138 0.0148888069613883
0.14340278557159 -0.232570959166125 0.192868592621453 -0.0744905206238023
0.0619364514647465 -0.234803201430568 0.103142740311076 -0.222234043626166
-0.0445644003149495 -0.140488596943005 -0.102808786471382 0.494498759499768
0.0292464307126986 -0.116744520280311 -0.15429309256367 0.309732371339057
0.0457755913643028 -0.126802921411205 -0.19066444201698 0.0505879378899365
0.101744077640917 -0.138966844917516 -0.203177193518874 -0.109591028866017
0.141259450022599 -0.124026900229188 -0.119366147429413 -0.217558507021072
0.158866826922725 -0.0539395448247331 0.0372990055758628 -0.244665358255906
0.190498390117159 0.00698531940068329 0.171696445765227 -0.204107810153283
0.219473251642599 0.0391222756204033 0.228231318715725 -0.0815614405091768
0.222434260565394 0.0565174192762658 0.277543292616106 0.0534637227193166
0.224986072997102 0.0335894379994939 0.279976599886931 0.140089422871781
0.252043798042302 -0.0225570668284964 0.308071435442181 0.130913337971606
0.258247277754491 -0.0522903539264118 0.33843543596895 0.0624193703229744
0.208331426792633 -0.0858315869170363 0.249667209985472 0.0321217628819377
0.166676098756446 -0.156795810346807 0.127783692337042 -0.0325077868610244
0.0889702326972965 -0.172280817571419 0.052852516366948 -0.144254579052758
-0.0121432208059183 -0.0637826370368052 -0.112295433579811 0.525625645874189
0.0397670785664795 -0.0444252701446706 -0.148116039432976 0.318441950495279
0.0454517580840071 -0.0413709408747034 -0.186474918493814 0.0416070470221258
0.0844062800395353 -0.0335630238780109 -0.184161110633306 -0.130255371866229
0.102532553472395 -0.0251741180357143 -0.101102876329462 -0.239825611394099
0.0936843919498157 0.0152569932970955 0.0629823358872954 -0.260395232733837
0.089684231326442 0.0527112552853581 0.220692503028536 -0.205473489377248
0.0982717674044096 0.0665971685099164 0.289374030588065 -0.0648154335519068
0.0912400598351016 0.0870953446417325 0.35353696725577 0.105426417865199
0.0950636240602778 0.07756621055575 0.345288117239385 0.211054183724868
0.125160519384789 0.0538302656852507 0.35687145271151 0.182649924555899
0.141258259825346 0.0428511101439483 0.352086506815876 0.0833997244495932
0.124436271193199 0.00891152560057577 0.21653521532915 0.040351276275504
0.115659118682555 -0.0612855552091002 0.072585417746447 -0.0170882455210336
0.0767700256128209 -0.0763487345385632 0.0116012211150261 -0.0999410408017638
-0.062982628047384 -0.0211834074136594 -0.0249131009825508 0.0419174554763032
0.0137909685399413 -0.0306130932387479 -0.061476878493121 -0.0262836691507177
0.00100830043776812 -0.0561230480374785 -0.186061023541511 -0.0817946570887998
0.0075648612506081 -0.0816907785941395 -0.341878554149664 -0.122839535393231
0.0120513972499651 -0.0904569944565865 -0.379448345040884 -0.218257540475561
0.0413438658156786 -0.070605481760458 -0.392202767389472 -0.276404401599799
0.0681886900778182 -0.0799887847981017 -0.395648409232917 -0.163663597021905
0.0497297223470749 -0.0893170937343111 -0.367604014053092 0.043935497664959
0.00475810969912643 -0.0871196552424304 -0.256454228187466 0.21880986162629
-0.0430736190986814 -0.0863071642115517 -0.089965675870627 0.301085150661
-0.079020286406323 -0.0760264476928287 0.106384335334403 0.265854863050538
-0.0890420124048956 -0.0499189221008709 0.213395316022979 0.148248042328358
-0.0739296625203372 -0.00633680303000834 0.21866350156093 -0.0468171533490374
-0.0534632487938688 0.00822392527381158 0.17103108633528 -0.310661647900679
-0.075685054564742 0.0213083902297214 0.101610907009757 -0.601724664623421
-0.043541193674518 -0.130869467464972 -0.0216856122890443 0.0905214267635198
0.107093997391374 -0.130308745698931 -0.0850935114887677 0.00170903302179245
0.145312298837277 -0.133984492824669 -0.2165369680284 -0.0657219424776772
0.180063906563205 -0.130557278219548 -0.372464064776006 -0.12021136142002
0.172372481372233 -0.107757098010137 -0.388732843338515 -0.203476899617961
0.186742832240469 -0.0629797699784282 -0.370946416954634 -0.26342190413267
0.210537116528543 -0.070106472811367 -0.356323102877405 -0.178433190840988
0.179762228182703 -0.0997369017693966 -0.324866878822262 0.00628089568043302
0.109330983060497 -0.124652376318755 -0.234610398010131 0.17785600897847
0.0217813065171958 -0.147584417128352 -0.0880248837831198 0.272710375128785
-0.0412056828587426 -0.161718994393498 0.103089568902474 0.253164929239303
-0.0737762331561871 -0.128843243651622 0.222857693793181 0.134154490282378
-0.0799466809702425 -0.0736745957075042 0.23726620428336 -0.0573894950055212
-0.0676345235710285 -0.0655549980878726 0.192078981588131 -0.299627144805607
-0.0957734786776407 -0.06844380113848 0.113475445235741 -0.576531027372832
-0.0403277097231594 -0.217085300646275 -0.0428590727656782 0.175615914108782
0.145948503523417 -0.224199404295602 -0.140687961606034 0.0606725153012936
0.21719994981523 -0.23490934890543 -0.26170198654404 -0.0345416152277847
0.284480527477661 -0.228163574418522 -0.393868692504952 -0.0979384975206224
0.281264197971088 -0.1737140115052 -0.370159338762646 -0.165853950943966
0.290181400561501 -0.0859957365181851 -0.307891831456249 -0.224269493304892
0.313043556650168 -0.0660436816845231 -0.266763214593172 -0.177159183443431
0.284392657707678 -0.0961659607721023 -0.237990392705404 -0.0291573283312025
0.208121969239116 -0.142001381581146 -0.181039148240648 0.124486978199322
0.0989221094103845 -0.196533735882174 -0.0668858116061683 0.227648562552593
0.017622890201174 -0.243363174544147 0.108353639648856 0.225926874045993
-0.0339782066758589 -0.215193055114772 0.242630745113876 0.110704006946627
-0.0629378867237386 -0.151328655064419 0.26546716523687 -0.0634454428119625
-0.0606315201975214 -0.147372253035088 0.219920633263034 -0.276007526877298
-0.0930347082807833 -0.154938661589927 0.128676280686083 -0.524389686354938
-0.0540905585395791 -0.25799452714143 -0.0673981962447621 0.280975059311051
0.121780593145463 -0.278209340062405 -0.183049333356906 0.150174007934967
0.191894830040187 -0.311413113857413 -0.280440104149058 0.0160652216115352
0.279774207091498 -0.32441828474503 -0.37713587042593 -0.0639752091462317
0.300324939321775 -0.254048282393071 -0.311022535791134 -0.139075930852026
0.324180417670883 -0.128370918620308 -0.209794836634426 -0.195845275748562
0.357145493824974 -0.0679932551088709 -0.147116161114849 -0.176118641122372
0.347157813204903 -0.0789264195159806 -0.121557974073234 -0.0599949329886986
0.28744980260448 -0.128789364817247 -0.0926542925470361 0.0674740191896421
0.188994949255301 -0.211619361596499 -0.0192032076631945 0.16692846468495
0.109734485739856 -0.296332242699708 0.12817734413293 0.18136647629485
0.04850281542658 -0.287994902887894 0.269179174536089 0.0846717014361259
-0.00439645112911907 -0.22588432143203 0.294857763241 -0.0540127591884768
-0.0187335922760281 -0.222651248981903 0.243042963213423 -0.228898376684178
-0.0609306587707579 -0.223109032433031 0.137355953119103 -0.445412859076281
-0.0710411084960634 -0.249881136009483 -0.0791899321946887 0.382851274765495
0.0695545582432087 -0.26741866103066 -0.188541290250381 0.240648265964728
0.118957594135069 -0.308189448875205 -0.258697356837706 0.0572080570671405
0.203794146906017 -0.338446518687386 -0.320819566394876 -0.0512857528393956
0.249356181679439 -0.279327365268956 -0.236006173105964 -0.148295876684809
0.293338610836963 -0.14744825294161 -0.106922069139485 -0.200513064983342
0.343328836897214 -0.0626281110078086 -0.0234348479430743 -0.186125231586321
0.357381693036166 -0.0480546387085141 0.00655337923964755 -0.0819860258860078
0.329386021473555 -0.0835143435678197 0.0271854769664905 0.0259926884861879
0.267937898785793 -0.170198439218902 0.0656061596404811 0.112994887113305
0.219453622291003 -0.278318085650124 0.173199886745691 0.131053564045177
0.168001656590724 -0.298687040723283 0.299033841267444 0.0587921093012731
0.0959812507225313 -0.257320575354906 0.309443653812804 -0.0312113913260023
0.0570908640134371 -0.264712417658636 0.24174763433224 -0.161232174912394
-0.00564918039517989 -0.256986935744076 0.128286476762104 -0.347071822734612
-0.0725801729310089 -0.204762566237566 -0.0805150852539689 0.463050585371673
0.0333873156136117 -0.205262565638128 -0.167326452759061 0.303047731187734
0.0619933977231683 -0.232360728931127 -0.2225887232039 0.0700419577273853
0.134348378342427 -0.262779648728101 -0.261382024446462 -0.0722258999452371
0.185392962340974 -0.229734494139242 -0.174263832246213 -0.183335548420959
0.229712712469933 -0.121954045179683 -0.0262399609833835 -0.230181911365645
0.285628968002102 -0.0395276077821695 0.0843818657355293 -0.206522973685163
0.317258812139861 -0.0104578428457509 0.129702749777541 -0.0935217799061813
0.315215029825344 -0.0144867432143849 0.16408480484486 0.0164812232585778
0.293867248707619 -0.0754812619264262 0.182719763496583 0.0960176284731281
0.289704392770244 -0.173845667131839 0.247756098347991 0.103046044726212
0.267235067523056 -0.210156980721902 0.331208206829308 0.0420607817288723
0.192556456549091 -0.208695535287007 0.297045868325722 -0.00183565779951024
0.134511575942404 -0.247279122004675 0.201204306375681 -0.0909991524066685
0.050276769574392 -0.244298049845005 0.0948912923732945 -0.243021328652308
-0.0531089802743106 -0.137604072612906 -0.0782757065567307 0.521299863457942
0.0270352837772313 -0.12432379812485 -0.144229115769355 0.333313027631226
0.0431342587496847 -0.133653394804366 -0.198997573172907 0.0635696756077466
0.0992637808700113 -0.148841473572393 -0.220642387475293 -0.102992953277615
0.138379994523061 -0.134981420311915 -0.137379635428872 -0.221038279673001
0.162132462804712 -0.0609760585317114 0.0237652869058791 -0.260700651879449
0.199678192059147 0.00220110539858555 0.163443887893186 -0.223449010555575
0.229040375980275 0.0304071993578731 0.231074110353122 -0.0928755768949565
0.235110587119784 0.0501944721275008 0.289082472245072 0.0449651302501692
0.234160943065107 0.0257177484564853 0.298769982883504 0.136561764727128
0.258368061356255 -0.0354135827042995 0.328892279757312 0.123451034676901
0.263574303761977 -0.0660287089010332 0.360004947580586 0.0443292602970986
0.213657721347831 -0.0992830243610919 0.26331970124854 0.0171465281737047
0.163594780879209 -0.17108534459118 0.135065287669851 -0.0433074847240843
0.0819454922375125 -0.180970479954565 0.0476781233480249 -0.159169219631627
-0.0154967578431749 -0.0618573556038194 -0.0869106077694869 0.555676944082899
0.0419647541352312 -0.0495581324948916 -0.137871457449766 0.341749671621467
0.0473940037420482 -0.0455545033944546 -0.195190550413295 0.0533189709747807
0.088411368496774 -0.0396589372944062 -0.203099985663513 -0.126288883760192
0.105378518561133 -0.0324034881418857 -0.119069989234773 -0.244337165480196
0.099540851815812 0.0123615663864551 0.0492471468076603 -0.275981503909723
0.0976234806294734 0.0533885487085445 0.215133524909999 -0.226125828129256
0.10571420852239 0.0647348030550176 0.294733073824506 -0.0776565470816754
0.101030751032613 0.087673772366084 0.369511942185757 0.0961979601572816
0.101844581465117 0.0779261768319297 0.371336343793183 0.206952064441958
0.131819260553084 0.0508025398301955 0.383031312141135 0.174942665115853
0.148076938857741 0.0381417620265275 0.3749379855757 0.0650744439196216
0.131627178226565 0.00341197114580084 0.230976501804812 0.0280843042345753
0.116320533654789 -0.0699040309852459 0.0772774082824243 -0.023961852172387
0.0753097416702609 -0.0821945588626715 0.00712923529853411 -0.110431632114582
-0.0667031292987129 -0.0129110291344254 -0.0215469381016785 0.0519157447696493
0.00949650892326062 -0.0328740574852982 -0.0664476252275276 -0.0152251976859662
-0.00516246883847955 -0.0571870421417646 -0.199252022655359 -0.0654667192073642
-0.00155303654346666 -0.0848789920085494 -0.358256674056546 -0.0956115754150417
0.00316483401411417 -0.0923717420848633 -0.402363834553609 -0.194924779572137
0.0371005298094328 -0.0745734986597509 -0.420286718851682 -0.254547148619975
0.0643946444077969 -0.0885788696795488 -0.414158315864954 -0.139939283619658
0.0430757354853247 -0.095688612581346 -0.36729868551976 0.0693519116795707
-0.000390146878003391 -0.089167992668819 -0.23852057117614 0.2394331563094
-0.0508657577888992 -0.0832026835609223 -0.0668759405874186 0.313008592351162
-0.0878164764083265 -0.0704452541463906 0.130313297288341 0.261877420198162
-0.0953144055098482 -0.0429331911971856 0.231050372460579 0.133737934614235
-0.0757670232661531 -0.000190706795952525 0.220975221558246 -0.0640228549661394
-0.0566032861357469 0.0118690369853341 0.150486462289461 -0.329336083868213
-0.0766160093170631 0.0304211714333255 0.0523065359227237 -0.620558546776861
-0.0556251539570184 -0.124296808441393 -0.0133764012654717 0.100184870441977
0.0960682083035817 -0.141123587220303 -0.0873090876779441 0.0148437035047053
0.134849855535989 -0.146088101970201 -0.22913156846219 -0.0475315531159463
0.168335842113563 -0.147354525935626 -0.389617947993731 -0.0904365567307543
0.162604201913136 -0.122279717683174 -0.41081753031716 -0.177552103805951
0.184219942908079 -0.0771069217227469 -0.397255827777063 -0.243783563194674
0.20908597467223 -0.0872552812191107 -0.376715720563967 -0.159442745916582
0.173095739980909 -0.11458279140097 -0.326967380251015 0.0278349301245022
0.102577192174679 -0.133568804762444 -0.220725528178715 0.196205154681857
0.0100952474711065 -0.149022508102926 -0.0658491535333067 0.284472448899478
-0.056313265346524 -0.158725292965091 0.126014730263457 0.249765308295341
-0.085043143503431 -0.123745846137911 0.238059768760413 0.117483037505247
-0.0856517074613345 -0.0673082239431797 0.23875980167274 -0.0763519196389217
-0.0757395675371486 -0.0608934124507464 0.173626320129444 -0.321371392161513
-0.103515042297457 -0.057835241070818 0.0656138175260809 -0.59673169576002
-0.0587671315204437 -0.209807127409495 -0.027872305953278 0.186733868228041
0.127877685685671 -0.238604113479884 -0.13866374929184 0.0796662639182364
0.198805291991044 -0.253712639863698 -0.272207718782917 -0.0122921788041519
0.265796316985893 -0.252977454756554 -0.410499129519258 -0.0662385225716412
0.266426925552864 -0.196118880882821 -0.388968815160669 -0.141518533329721
0.28595409227365 -0.107277815610489 -0.330377824457474 -0.208421209687348
0.313242935031125 -0.0893886895176229 -0.286298602415485 -0.164259076482465
0.279759168425926 -0.118928572498173 -0.242887424112046 -0.0147108139469458
0.200610627151573 -0.15841078137021 -0.171962197699148 0.138762950654963
0.0847217797128959 -0.202855673862341 -0.0481340625849891 0.237076756407826
-0.0030807040039468 -0.246022591797628 0.131146636017463 0.223308894172131
-0.051249181258414 -0.21291391515429 0.257798639435435 0.0924256403011854
-0.0737253840020645 -0.146539206409132 0.266450890877818 -0.0848072177596759
-0.0745551950702225 -0.142749170254032 0.204646390921482 -0.299003414672914
-0.1078153936063 -0.144264548295265 0.0864310936415327 -0.545288747864729
-0.075169578630375 -0.249489376316782 -0.0432817198681616 0.294602369646327
0.0997139208364738 -0.291450117312771 -0.17385310365524 0.172295466388016
0.167948672840403 -0.328574474711915 -0.285890395021339 0.0393713915735539
0.253363352002159 -0.348893445566705 -0.390572463275415 -0.0337349776755481
0.278532863913446 -0.277955242055676 -0.327376566811713 -0.11782892864718
0.317098374922848 -0.151424357331908 -0.22957153433453 -0.187379144964518
0.35741552729737 -0.0931940790124409 -0.165684218485345 -0.171706868282002
0.34366470671272 -0.104992291807527 -0.127536812274661 -0.0533764995265124
0.281692301611946 -0.149875238561802 -0.0868624176414071 0.0761794663060142
0.173718568071421 -0.223801877315612 -0.0042904728451695 0.173328496666966
0.0851078745951711 -0.306023166155767 0.146979118445308 0.177325064507205
0.0262221452881405 -0.292446211940666 0.281372229029446 0.0622231931602854
-0.0200126548803147 -0.227114062754235 0.296564831272729 -0.0786261819077075
-0.0369143937879522 -0.221458269578371 0.231445890597754 -0.253752404583385
-0.0805226080427711 -0.2155978547244 0.101835011896023 -0.467868862415779
-0.0906554368769556 -0.239846697464572 -0.0474456969737833 0.398485044009725
0.0490260899879412 -0.276300109749663 -0.171233059990267 0.263743720840651
0.0953555642095256 -0.319022434286221 -0.260383635676555 0.0797875632062717
0.176497344841214 -0.355944098757851 -0.332764767300765 -0.0268002757090824
0.226012609302829 -0.299210667247607 -0.2516321265453 -0.133013960240654
0.284084717984176 -0.168273178111757 -0.126729782701697 -0.199896864545438
0.344144284270547 -0.0858026175173027 -0.0417219450867536 -0.191287464014775
0.357295588037183 -0.0750385388917866 -1.49121034949361E-05 -0.0837423468600869
0.32821292858888 -0.106499958502853 0.0307347593674353 0.0257227368218597
0.256625579855991 -0.187533498054193 0.0773079718863522 0.11235645943393
0.197689792922112 -0.296963577722916 0.188457493750411 0.123440258261857
0.14556711485889 -0.311907846811791 0.31118581766824 0.0335336745095004
0.0785093614981209 -0.266786774508725 0.313693001311298 -0.0562739304021176
0.0363928345120295 -0.269958567731662 0.235871724673675 -0.185435292900587
-0.0278702229948835 -0.254935682153831 0.101238718539509 -0.367482345002731
-0.0877681655489774 -0.194745980117084 -0.0423596447289855 0.480082488289799
0.0190647593371273 -0.210776084295683 -0.144519057095425 0.324449317970744
0.0451690808301819 -0.238310388161495 -0.222518565383546 0.0887732549650837
0.114516621135049 -0.275078013026708 -0.273019462292471 -0.0523002185423579
0.165956016682144 -0.243996609411369 -0.191958049672486 -0.173712397435883
0.222959057467869 -0.136756591661846 -0.0469593693023832 -0.234421536516895
0.287817683372328 -0.0585986589030328 0.0647137213330564 -0.217899576095482
0.319796059788562 -0.0332995677468477 0.123737983363557 -0.1025463754166
0.319469985683385 -0.0363069535250794 0.167675571499331 0.00763119104740809
0.289920505007315 -0.0947219032080501 0.194271669990212 0.0878881855252097
0.276699914331098 -0.196869474797324 0.262213586739834 0.0894648343837403
0.252037231941352 -0.231386194037572 0.342277126842606 0.0140968365656716
0.179297587160355 -0.225789737612129 0.303408928635048 -0.0270711424044154
0.115298091905216 -0.258800355750969 0.200620696913763 -0.111423160290085
0.0298122648806888 -0.246664210270812 0.0775438551463929 -0.260158901514177
-0.0624590048341952 -0.129981220935541 -0.0380671396469484 0.53709311698771
0.0203122398398953 -0.130184632611558 -0.119867174705596 0.352685470165078
0.0353738459238768 -0.138292431359062 -0.199118239369616 0.0801892022684342
0.0898359882477267 -0.157929402854918 -0.235690648417515 -0.0871673010704221
0.127745796718637 -0.14673157785464 -0.158472582012186 -0.213839432184743
0.160925034724476 -0.0711501387655395 0.000411808267539014 -0.268605204916718
0.203969274097552 -0.00967700218170522 0.144513506762385 -0.240462698095208
0.233976771601181 0.0142166295050365 0.225668946127518 -0.107588357978207
0.243180263565618 0.0355371363596472 0.296095498407698 0.0279506038347126
0.237985997644962 0.012390939125566 0.314690949500862 0.120104097730077
0.257344006459485 -0.0538693230850065 0.344932434464273 0.10411684902083
0.260636150547616 -0.0849173874702168 0.370988787131282 0.01336302045047
0.20979759911395 -0.116826018574529 0.270646285301056 -0.00572433611772082
0.150975626928047 -0.184357398097779 0.137575152204449 -0.0581325079590513
0.0683025030904205 -0.186882667248649 0.0354458109508984 -0.171740388885937
-0.018846833435003 -0.0582620046149588 -0.0443192185830268 0.571955658356134
0.0413765489522913 -0.0558092972681224 -0.113272935707028 0.360697811825722
0.0468045496060535 -0.0501861844786714 -0.196817024335208 0.0703740408563163
0.0879728767999249 -0.0469639437468087 -0.219106386043929 -0.112700572545831
0.103368738112061 -0.0416408892672958 -0.14191199173919 -0.239146973405691
0.103593362431463 0.00647339805594528 0.0251433025286045 -0.286169078732418
0.105432654904472 0.0495586931116326 0.195191627717217 -0.245720095822579
0.111971923562109 0.058756142438129 0.290615512456362 -0.0954673008551019
0.110707845913896 0.0831570656828003 0.379557271713295 0.0741137675970739
0.109268099239956 0.0738472125700612 0.393191771044506 0.187412161111805
0.137096503365066 0.0426271972724751 0.402735279581478 0.1517082052507
0.152563661391202 0.0295138212569121 0.388244183566864 0.0345726446498175
0.134948560179499 -0.00594494351431444 0.238885303053411 0.00711952936851013
0.111195137210045 -0.0784651924811228 0.0794571654786906 -0.0344530147096014
0.0699528639613231 -0.0876339507979476 -0.00230881696546794 -0.118628910521523
-0.0668003888677924 -0.00476928339215003 -0.0158508629420617 0.0605552213905957
0.00468981317076725 -0.0333592255936336 -0.0667509891570161 -0.00368154353760376
-0.0104441755988168 -0.0555146097759628 -0.203862391487402 -0.0474321452583897
-0.00970250043317909 -0.0826746478987291 -0.359547568798086 -0.0661839056371482
-0.00520249021668494 -0.0897944327754972 -0.407433716692864 -0.165015631073328
0.031992623791209 -0.0755385347091627 -0.429509615456385 -0.225686116935773
0.057648027731218 -0.0931874933501247 -0.415890546563373 -0.112223602263593
0.035584066386594 -0.098209885703113 -0.352311406025861 0.088364056225283
-0.00499945695355183 -0.0878667530884682 -0.213251586759279 0.248659060298924
-0.0552885325609933 -0.0770954130306647 -0.040330315555273 0.310267756376564
-0.0921306347683812 -0.0619275306592366 0.147559374865996 0.24703933956386
-0.0975605461056424 -0.0344587846364434 0.237598050454202 0.115900934345442
-0.0741391668101861 0.00511486245782179 0.213828732009881 -0.0777126922915798
-0.0580240674060602 0.0157802237256874 0.125523842057396 -0.332266527370719
-0.0732201448295352 0.0387574162847771 0.00320260537777566 -0.611570064484349
-0.0637119839878905 -0.112241311414346 -0.00399076058178535 0.105538724245978
0.0810780896059403 -0.144767070074125 -0.0846176674414857 0.0276405298300038
0.118521007543737 -0.151525857464115 -0.2305645335934 -0.0277454083533581
0.150428322641167 -0.155139900501387 -0.389065468335712 -0.0603090349575746
0.147090000998088 -0.129395467439404 -0.415731884995158 -0.148123976364574
0.174412574656641 -0.0871943804509401 -0.405773058629529 -0.214837372737629
0.198446308712415 -0.100936531515133 -0.380173743436946 -0.133921290398681
0.160584920389921 -0.124836457964746 -0.31678031067897 0.0459407767860569
0.0921405840242596 -0.137182308522155 -0.199396428736221 0.204124029571624
-0.000397893809518539 -0.143197524218239 -0.0426909275027703 0.282248170223734
-0.0677750851417927 -0.150083670692311 0.143305582962645 0.236637917561105
-0.0915191745799045 -0.113269470746379 0.244005076625666 0.0984379100216037
-0.0876961720261915 -0.0590580902469397 0.230057447175143 -0.0903504940354471
-0.0809782798531351 -0.0528013605409177 0.149245949617814 -0.327076311916521
-0.105702320014316 -0.0444010236824686 0.0192428593532204 -0.590368107931968
-0.0722254383387591 -0.194415604985886 -0.0108895544681671 0.190615946729718
0.105540468054081 -0.24248373199235 -0.129553389906801 0.0943517025153309
0.174308075609481 -0.260588222996715 -0.269859925575193 0.00960698033867255
0.237537110235535 -0.264745136742447 -0.408843574443444 -0.0340464218307188
0.241753907788246 -0.207885112289246 -0.391092673099075 -0.112617088275099
0.270768191532084 -0.122410324144858 -0.338883650704553 -0.185392890505077
0.300228824151341 -0.108919503899399 -0.293441416105485 -0.144825036913371
0.263298790615434 -0.134662832407119 -0.237137258391646 -0.000902997908580021
0.185823232196693 -0.166186666435603 -0.155401627900011 0.145880183649991
0.0690975902061705 -0.198558166619801 -0.0283819033358799 0.23545482261847
-0.0217069992022412 -0.236314123416988 0.146011964321164 0.20954258794597
-0.0650382676656024 -0.201993372816639 0.260705028473899 0.0718360093155663
-0.0808711110667794 -0.136584619345937 0.256360249875651 -0.100927553572763
-0.0840183403048046 -0.132008286547476 0.181376635662364 -0.309167814103079
-0.115984960040618 -0.127596401633902 0.0421170887667035 -0.541839430003704
-0.0898474314878233 -0.231557497158938 -0.0187017058533534 0.296359976437906
0.0744741706826156 -0.290491641408778 -0.156036168969873 0.187106155797887
0.139115263232004 -0.329741436809247 -0.279242874624093 0.0607596820710513
0.21942644837873 -0.356165520694692 -0.386353601875884 -0.00427763982902507
0.247453104177032 -0.287447937387379 -0.329776788110956 -0.094355196572501
0.297521274193562 -0.166444289100347 -0.239502187206118 -0.172097023936535
0.343059935945214 -0.113597121263371 -0.176640997408558 -0.160454061754636
0.327358179525455 -0.124942305696971 -0.127941091534934 -0.0456505850932633
0.265934770830449 -0.162568634811351 -0.0778136633111105 0.0795021763214816
0.154053718073031 -0.224941737819937 0.00902069327061819 0.17125271104899
0.0597411371804346 -0.301251977024951 0.159680612493869 0.16446774062409
0.00520121761023494 -0.284481053504785 0.282261221255379 0.0396004922554099
-0.0337258250626807 -0.218706816652153 0.286125198933641 -0.0974613662034759
-0.0528301636508639 -0.210423533816334 0.211163259556573 -0.26815788071121
-0.0943591595797244 -0.198910736639566 0.0642003429609116 -0.467773832453418
-0.102519117625245 -0.22118874580576 -0.0159682113091364 0.395847699100253
0.0274884945333184 -0.272759046901978 -0.145871429016496 0.275271522267451
0.0705601332676578 -0.316079748982896 -0.250713819963487 0.0972433038088684
0.145785757207922 -0.357769624343132 -0.329904617153393 -0.00198657237589656
0.195114517853848 -0.303320393328198 -0.257283107204289 -0.113651112217825
0.264931850293183 -0.178996174352999 -0.139588613751818 -0.190269429983134
0.330771133429131 -0.103943187386386 -0.0575184464444031 -0.186825590693338
0.343054727431271 -0.0965528554468467 -0.00536765688523673 -0.0820469339098164
0.312768313541821 -0.123395819858222 0.0323901081402397 0.0247919104266248
0.236662938534712 -0.19584946441343 0.0847119365597287 0.108021999072712
0.169123939201713 -0.299840478592125 0.196117103695893 0.109715449481486
0.119756194344179 -0.311460959916607 0.308406579914354 0.00867577320153236
0.0589349709816745 -0.264151450406505 0.30479008902307 -0.0783848163526651
0.0153372504044003 -0.263101528184607 0.220148858180821 -0.201828665646516
-0.0461520970287155 -0.241129250788819 0.0706504898238473 -0.371116681797129
-0.096422452281999 -0.178237095307455 -0.00546369684722658 0.474855931515591
0.00467155329799064 -0.208092230344389 -0.11574988144782 0.330973177429714
0.0286887507252106 -0.235118149106714 -0.213099977460266 0.10328198958936
0.0919129601936796 -0.273550660568469 -0.273493496966197 -0.0311833264910398
0.141945050391076 -0.245403679006216 -0.201606304570186 -0.157328479080459
0.208750244642843 -0.145145243830948 -0.0656239381065428 -0.228283971977738
0.278648605494818 -0.072773913247651 0.0443744063577937 -0.218762200028704
0.308888692129479 -0.0527781860254163 0.113266352897478 -0.106559515147606
0.308712615257203 -0.0545902314373004 0.164814804035205 -0.000226101540019421
0.276023614443815 -0.107753916807402 0.198207177590941 0.0764668538505052
0.2539402057303 -0.208845857807114 0.265104053987664 0.0732788836074301
0.228581617045179 -0.240067797822597 0.337235399213487 -0.01367437962865
0.160680713072316 -0.231942605352284 0.296345760134579 -0.0491069595235672
0.0933433137516475 -0.257148191599676 0.192234323380938 -0.127420518013236
0.0107027094216328 -0.237666090477709 0.0556006440619415 -0.265743359519945
-0.066928903125687 -0.118621547141783 0.0018317104212786 0.531102512274435
0.0125647534128652 -0.12987466238725 -0.0900286493439783 0.356128279992102
0.0269853011815806 -0.13682389783701 -0.191628458923562 0.0928544226408814
0.0778244989261061 -0.159367784311062 -0.23963250306086 -0.0695213893420851
0.112119430788657 -0.150199089142542 -0.170743949415393 -0.198761134624678
0.153106913354485 -0.0775166864279316 -0.0218066223812868 -0.264595265452652
0.200480757243962 -0.0204461447764768 0.119822364271004 -0.244565507053521
0.229141384913084 -0.000113550922534508 0.213078410678272 -0.116686577602311
0.241450059425816 0.0208347074081065 0.290061045224248 0.010947353448675
0.232496144457194 -0.000721188390097476 0.317986282012933 0.101012163485061
0.245673851129689 -0.0686331893772119 0.346077877096372 0.0813806272244225
0.247427228908228 -0.0993410857062453 0.366085973620054 -0.015114964989802
0.197996398961874 -0.128266231062387 0.266338346943668 -0.027615798043887
0.133402203098318 -0.187836647539824 0.133787421144913 -0.0707226167676175
0.0524582014289151 -0.183781750015747 0.0221708809011562 -0.176596729403212
-0.0197531490553231 -0.053063398466401 -0.00228602291832305 0.565135564744648
0.0385147006460094 -0.0603322907104027 -0.0841851249760345 0.364312644962687
0.0438715189536256 -0.0528620585641218 -0.190377158893713 0.0827575837378753
0.0839389683434496 -0.0523605707040032 -0.226483720163535 -0.0951524139844578
0.0976828838036759 -0.0475890081543332 -0.156726229832014 -0.224136380646167
0.103084933903105 1.55530056339297E-05 0.00143319820519232 -0.282501774934092
0.108367000134676 0.0428525311024498 0.169747809235317 -0.253864547627155
0.113744547034909 0.0504397984600323 0.276588339143592 -0.108342899952477
0.114758875943471 0.0750885995155108 0.374941566629773 0.0517304421277621
0.111622177598486 0.0672005666469563 0.398935779239972 0.161548360091576
0.135791990786898 0.0334034240128741 0.406255791103833 0.12326811708944
0.150496004291458 0.0208928993442445 0.384567355101459 0.00406933550751904
0.133203507983392 -0.0144143473709507 0.236758671001923 -0.0129227020155756
0.102744707968253 -0.0832433349092631 0.077885747569952 -0.0431831177977754
0.0625523320051124 -0.0882029283976165 -0.0121359366407788 -0.122093650016317
-0.0627426509661386 0.00866082311108275 -0.00329499330823703 0.0663799063436635
-0.00293327084985855 -0.0310842240976474 -0.06318041825637 0.0143344557311558
-0.0214116427514959 -0.0464049938918336 -0.204925995404877 -0.0103019623851192
-0.0271911282747039 -0.0684694791883957 -0.356614224835241 -0.00559439625051117
-0.0247407925181609 -0.0751752780863655 -0.420281719673024 -0.0957985118894063
0.0168469002189957 -0.0713821080733196 -0.452740869030857 -0.154410954270956
0.0382337160413998 -0.0945485324335456 -0.41888253301831 -0.0504335429952083
0.0200544740209672 -0.0965117888077903 -0.321147298466375 0.137267191222019
-0.0149551138420871 -0.0826337352701193 -0.160090169766961 0.274401503129698
-0.0630356118877327 -0.0629837853082562 0.0213800898930104 0.304348865398889
-0.0940181363298103 -0.0457164284747216 0.187690168583187 0.210242781255441
-0.0961049683153771 -0.0167139524133942 0.251519083564246 0.0695731954000578
-0.0672789373319534 0.01386708720402 0.192343767722226 -0.112013248581947
-0.0522112233933551 0.0208823286245594 0.0614911174434833 -0.339489232489891
-0.068328664754887 0.0420588299208104 -0.0978615276473518 -0.580403706722393
-0.0726765321170332 -0.0908448914732923 0.0170835453536641 0.101278974428073
0.0518208503574255 -0.145279281642132 -0.0701780575639003 0.0438272942831073
0.0843468243074126 -0.15352832994636 -0.21651452862541 0.00897439197791067
0.108087351963698 -0.158651526408116 -0.370909269444744 0.00697889775682742
0.110073795878207 -0.132086780883471 -0.413936727511201 -0.0783047202387683
0.148994440744831 -0.100436816857809 -0.421582037910789 -0.148727461615635
0.170309487555128 -0.121673192623759 -0.382168775993072 -0.074724176824533
0.134578442830513 -0.138102572646539 -0.29326870016441 0.0913139807364833
0.0700416441758573 -0.142198787996604 -0.15492534692098 0.231572075362515
-0.0200076697038834 -0.132012383766429 0.0159028424213081 0.279684292040437
-0.081555250180066 -0.130400152787682 0.182629773016906 0.201223231975718
-0.100173805809521 -0.0915714309013069 0.255275530649041 0.0530340544374679
-0.0866440093240863 -0.044074289053346 0.205760183896344 -0.128338196161968
-0.0832100176270756 -0.0398093267080893 0.08565676961885 -0.338614074629013
-0.109987340522684 -0.0319275723807661 -0.0769123467535155 -0.56360913689587
-0.0892874196899232 -0.163655519237095 0.0266475936726449 0.17844147914946
0.0611536314173465 -0.238351507854392 -0.0984792633339 0.111814211644013
0.120648628864919 -0.259898650907038 -0.24203365858489 0.0445008847461483
0.17111576515303 -0.272360393279457 -0.376451436626975 0.0325124743086596
0.18641459829617 -0.217958579709606 -0.379261702682065 -0.0529391861850067
0.235855522305015 -0.147044283663922 -0.347461392029615 -0.132169533726475
0.264303041753818 -0.143847331452031 -0.295194335124095 -0.0968301808879847
0.230650344146842 -0.160427271559574 -0.224488123965693 0.0360937851203919
0.154508447254388 -0.181478271523574 -0.124388003083027 0.170580976937513
0.0382351358518998 -0.194285168894955 0.0216075231009706 0.235011785630298
-0.0491606128659988 -0.218023404175232 0.180690913589834 0.176098976686754
-0.0867948349054603 -0.180156906598078 0.264681869256347 0.0258527381833528
-0.0895496667573474 -0.117902713112653 0.230429860728303 -0.143891492612493
-0.0969035989937339 -0.112850323658432 0.121736971582861 -0.327086341687036
-0.129836730353909 -0.108646225075636 -0.0462915069859749 -0.524554686873896
-0.108433088187637 -0.193896369428503 0.0382146947481176 0.276504586851324
0.0268101664931744 -0.278112413399204 -0.107314285447252 0.202426000159178
0.0789280646433814 -0.319070730670914 -0.242333558227181 0.0892592450172979
0.140762376580597 -0.352934507491338 -0.346518852663501 0.0503387216490743
0.181545848707287 -0.292546366830688 -0.315507182700608 -0.0507669409184084
0.254639483332534 -0.192471944414488 -0.24865203893763 -0.13661831569195
0.304773850930275 -0.154809005601957 -0.183082675346357 -0.128051600088123
0.291870792646779 -0.159669132951336 -0.126762166404476 -0.022341915076668
0.230893392958468 -0.190578213490614 -0.0625993444456626 0.0965525836097237
0.114960966083317 -0.230844047420609 0.0469080537404245 0.170670100347457
0.0190396892649892 -0.288546025343311 0.186054487433523 0.131392056360833
-0.0321654657996696 -0.268935935186906 0.278852108933241 -0.00641866589419969
-0.0562632930672111 -0.19991719866064 0.260835092225422 -0.147345887160991
-0.0777672356862349 -0.191446681066509 0.158044724745372 -0.292922738581189
-0.118231065284263 -0.177768709151556 -0.0138881739258146 -0.45832476739145
-0.116504385813182 -0.181839969153023 0.0581686535614852 0.369549707028156
-0.0112281688752389 -0.254588237909061 -0.0835174218856043 0.283502564068066
0.019140269771835 -0.295499034542194 -0.213595744855787 0.118091112316848
0.0744758506509782 -0.343026544540938 -0.29636965099325 0.0392509908291366
0.130755966525904 -0.301411757129969 -0.252838129519998 -0.0835089574565195
0.222933991446674 -0.200532922657539 -0.158045446866851 -0.170584845718489
0.295612989758588 -0.144500798835479 -0.0727058136188594 -0.171245243794642
0.310960980757305 -0.134326470364723 -0.0155583518685332 -0.0748505322598122
0.282551763203258 -0.159844879139757 0.0328143436151831 0.0257156022556846
0.198252392939454 -0.215462477117294 0.106897737362966 0.0986592383286019
0.122828970465931 -0.301506803941539 0.211423849914357 0.0737688290025194
0.0730705379872343 -0.311370755460926 0.296074160907195 -0.0410126249845561
0.0254126410605507 -0.25488870677487 0.282911384731461 -0.131980732371192
-0.0211292524463743 -0.249442256919278 0.178662138900325 -0.231618442450444
-0.077906390833137 -0.224025536460143 0.00915990991382071 -0.368078426167786
-0.103121106583916 -0.142875239385899 0.0807627338660458 0.443703667502265
-0.0214038657325422 -0.191866382852258 -0.0460177865262146 0.333046468904192
-0.00528281961318884 -0.216191983415761 -0.180992393342328 0.120758728416804
0.0395284374285786 -0.259864718905064 -0.254667211289233 0.00390566308610435
0.0896979818137855 -0.24174436778825 -0.211985324054774 -0.131714343474382
0.174657093792448 -0.161764182200957 -0.0951006962237418 -0.216713213859452
0.251291759783865 -0.108133678452887 0.0176015750785738 -0.216978743741066
0.28485698123937 -0.0895491632593419 0.094144163019794 -0.116658758388729
0.287820494986333 -0.0952668398393263 0.154899476987428 -0.0204392736177229
0.248868052790149 -0.138420010373791 0.207217779451166 0.0495562576102985
0.214820759225553 -0.226414909671758 0.270059148005923 0.0267953625234009
0.187850289827138 -0.258915430824453 0.318441280775165 -0.0681223412636484
0.124326866775198 -0.237599318848018 0.281202491138758 -0.101888405065312
0.052401519969881 -0.256100732150562 0.163704305254047 -0.154436529132703
-0.0225553810342531 -0.22859033058139 0.0109971184534492 -0.265881530300876
-0.0671690947394958 -0.0905750001993596 0.0996702847605441 0.49754528184661
-0.00185358337114635 -0.12185389729341 -0.0179791644620888 0.355204576930911
0.00684057587833926 -0.126651899979042 -0.165109144283244 0.113323707984045
0.0451814349188044 -0.153470860841331 -0.234558405962887 -0.0312211970340161
0.0766126873878512 -0.150522832750704 -0.192584150856972 -0.169735373662385
0.131485570265576 -0.0924297633921159 -0.0619113186490132 -0.25460604177665
0.18599557665128 -0.0479815680578411 0.0836140120976072 -0.251545741979464
0.21679116741188 -0.0306943442878809 0.1869419391093 -0.139921123946355
0.234155817901226 -0.0154646617232154 0.278361191460669 -0.030592779814673
0.224002531682538 -0.0318332334868681 0.325186975128007 0.0514163530051816
0.22495156890153 -0.094240229166533 0.348866106631226 0.0200813459113211
0.226484472724443 -0.127300668362319 0.343680939486048 -0.076817427219887
0.172337700369041 -0.144886254476706 0.255407376091367 -0.0736257165628531
0.0995159204313697 -0.196082721644298 0.117216236975362 -0.0911692385889517
0.0246058452281021 -0.1816229122077 -0.00753411812381324 -0.175673182678056
-0.0148994291125234 -0.0367811540263722 0.103642309380391 0.533760586264169
0.0334327857706646 -0.0616674851495271 -0.0105020422804516 0.365108521992193
0.0341989520914799 -0.0525141519963753 -0.164705588001564 0.109617467791186
0.0676869563078397 -0.0576140585919875 -0.230072163773932 -0.0521757496491817
0.0787858816257332 -0.0553010977240889 -0.185317041514364 -0.190102324629508
0.0954244107121493 -0.0135118305527995 -0.044694685251652 -0.271950747230535
0.108798487825806 0.0237414210326454 0.125075241619348 -0.266554103850116
0.115135213221052 0.0316134509187597 0.247684891674462 -0.141547870481
0.123251385744005 0.0529061258558992 0.367514157335995 -0.00794975293880356
0.119512742556452 0.0491305742105013 0.413119855519753 0.0917450161262336
0.13562049309257 0.0157589774418493 0.412619883344067 0.049350717580688
0.152560313799507 0.000901828699630809 0.365508741205517 -0.0653535519362929
0.126411780207109 -0.0303573491675691 0.226917757503986 -0.0559842080005662
0.0851816722231191 -0.0927712044680025 0.0674639670870896 -0.0562551604226387
0.0472428220163744 -0.0927493553518188 -0.0318652635160073 -0.119137241975847
-0.0610561949942581 0.0106641335558027 0.000873484871913008 0.0723212673867445
-0.00481606379429404 -0.0305647501334714 -0.0590110258119469 0.0197586607100254
-0.0224050663261185 -0.0448305162252016 -0.202990544877091 -0.00690639551513093
-0.0287620147655018 -0.0664696497691456 -0.35040953356255 -0.00254049668597221
-0.0247263785366716 -0.0720440186589997 -0.412200912288845 -0.0960902189037858
0.0170521837755169 -0.0697001896201352 -0.44439747279036 -0.154515777236792
0.0373719089136012 -0.0941115480149862 -0.409705345055879 -0.0538778832320281
0.0192014551431974 -0.0952897135605761 -0.31284796492294 0.129594790198524
-0.0137016426591805 -0.0824513102638093 -0.154242694713243 0.264514144835248
-0.0613334750697196 -0.0608398245516759 0.0237274437782721 0.296707297784136
-0.0931902519688859 -0.0439486741087237 0.184254094273064 0.205141247578027
-0.0946767039740107 -0.0159295213287951 0.248586287776394 0.0674656201577578
-0.0661200604373188 0.0130039141019202 0.19084798203638 -0.108671830348092
-0.0541006130453105 0.0222420708220692 0.0611438530211061 -0.333707442119196
-0.0654701152524859 0.0443783292646642 -0.0996632309486937 -0.568049916300549
-0.070253474214935 -0.0842043120646978 0.0216663640693644 0.105511262701937
0.048614734458703 -0.141775826947902 -0.0660212898101797 0.0487323901917136
0.0808241895120886 -0.148210068102865 -0.214837863249718 0.01146069339059
0.102475038344265 -0.154407949567643 -0.364328673893805 0.0105354285830271
0.105057973036983 -0.126902015988634 -0.406157666180111 -0.0792636034173435
0.145235957720551 -0.0971964987455793 -0.41416094819451 -0.149763372851519
0.165996796522428 -0.119200714817824 -0.374365936000481 -0.0770938238553587
0.130792299649131 -0.134687296663096 -0.286159131665224 0.085069311079148
0.0691204604411671 -0.138543563502699 -0.149200210133022 0.22344983732302
-0.0184960285342436 -0.126758147949614 0.0179509103376835 0.272654353635236
-0.0812307199031604 -0.125441486391731 0.180057013193078 0.196522693164288
-0.0980494428098542 -0.0886969468325458 0.251345121647151 0.0512864098752246
-0.0839189279183349 -0.0431354856131386 0.204744565482934 -0.12497691328124
-0.0827208344580078 -0.0360923833291113 0.0859635278031912 -0.333602086339405
-0.105953998050375 -0.0262638400323268 -0.0790272011289012 -0.552174808655173
-0.0857433639171545 -0.154989903017832 0.0310655182195335 0.179739942080925
0.0572546246014929 -0.232456285114272 -0.0921112706445831 0.114878073482123
0.115841125064765 -0.252004603891839 -0.238997681585277 0.0462552383473455
0.16406961880336 -0.264091045338621 -0.370546409351331 0.03454617479904
0.179052995255554 -0.209828659315974 -0.371779338134052 -0.0532504094572601
0.229158476744453 -0.140966914191371 -0.342329971126034 -0.133194350994969
0.258083046519968 -0.139150519932407 -0.290691198390602 -0.0981609370922569
0.224241833713314 -0.15592060958911 -0.21927875861838 0.0322777461619116
0.152205488882509 -0.176299753577753 -0.120189993715453 0.165046933447784
0.0388878067795806 -0.18582645737132 0.02392386570814 0.229467409567113
-0.0498107484677183 -0.209622707348302 0.179789069356163 0.17189765266249
-0.083461839170458 -0.17445510363273 0.260357517235342 0.0241687145378881
-0.0860669930899677 -0.114846141311232 0.228244998503112 -0.140029884362709
-0.0959668155550616 -0.106805555681393 0.12046293407204 -0.323052646831547
-0.125711240478787 -0.100546998183188 -0.0483862366306877 -0.514593390548863
-0.103319371076871 -0.184352200807633 0.0422822213608234 0.273431606017962
0.0245750155332573 -0.270695404823091 -0.0998406411645134 0.202489069168241
0.0760600961227245 -0.308639935030409 -0.23860560705916 0.0893924095494262
0.135054430187255 -0.342162009730951 -0.341457443580768 0.0517292104197314
0.173181588255327 -0.280927315625688 -0.310354121201041 -0.0499533380570141
0.247781302959157 -0.183804936185369 -0.245323375740499 -0.137350647902897
0.297986215950603 -0.14881736759863 -0.181821212397869 -0.128356693982173
0.284812481650654 -0.154587701603477 -0.123958282984765 -0.0235967331589684
0.226278972927673 -0.183492666686021 -0.0595087514894226 0.0941262525695311
0.113547565983405 -0.220694166988135 0.0486208919747822 0.167250690932191
0.0164962663239206 -0.278258438277732 0.18557135772246 0.129072333799334
-0.030663044528048 -0.260140108498634 0.273657391363967 -0.00812542459451714
-0.0538706249461933 -0.194635003768724 0.257749864801139 -0.143934347766043
-0.0766512553507063 -0.18338316763626 0.156311438503984 -0.290263502776913
-0.114373519967985 -0.16757771063241 -0.0162567401212808 -0.449792209365141
-0.109718517809136 -0.172978329493654 0.0620376316613808 0.363268093858309
-0.0113277020759338 -0.248166821135945 -0.0761072631073681 0.279620457972815
0.0192831765572775 -0.286127552755528 -0.210740032761909 0.117173826574458
0.0720070918238607 -0.331910011347525 -0.292178719404108 0.0406422053728307
0.125372125335279 -0.288037811552271 -0.249047371780058 -0.0810239950791697
0.217174911493206 -0.190875422652261 -0.157611065115916 -0.168695863809995
0.289507161725562 -0.137554864353039 -0.0749218933159511 -0.169201965076991
0.303293331742843 -0.129567142167605 -0.0153728750616332 -0.0737225442509942
0.276814225652068 -0.152610538403117 0.0332359102139906 0.0272865043709933
0.194292776527256 -0.2052857378857 0.106884082193018 0.0985106053352627
0.117194641712666 -0.290962119496608 0.21072623255438 0.0733158573707933
0.0712243570765823 -0.300856438612005 0.290547732660416 -0.0425049227902244
0.025206420402633 -0.248236984903756 0.279475811323358 -0.129978828394448
-0.0207675437205328 -0.240026292802136 0.17663252914822 -0.231419575259769
-0.0747028632224604 -0.212321107745448 0.00571347094702157 -0.36393689649917
-0.0970162276794266 -0.135312512269642 0.0838274989805107 0.435512796657601
-0.0210823881686302 -0.188156867232188 -0.0393228964492743 0.327908400474648
-0.00392178115262271 -0.208967279731488 -0.17871824337716 0.118619059085017
0.0400694541462707 -0.251018244661439 -0.251949213610833 0.00560459873272063
0.0860927514903014 -0.231389312268367 -0.208756895777133 -0.128530513271631
0.171054883729207 -0.153951502961836 -0.097396317363243 -0.212861557226153
0.247432328499876 -0.101962724038631 0.0129831890655211 -0.211089659885341
0.27729577420532 -0.0854821226682533 0.0920328288307388 -0.111206687726413
0.281882567315246 -0.0898164532567302 0.151784751881721 -0.0163367035919478
0.242748550024831 -0.130759393769257 0.205513378554119 0.0518336798548822
0.206503316131921 -0.218101067834196 0.267659537811893 0.0284798755769885
0.183145838821996 -0.249048263256795 0.312743694747738 -0.0685185000208615
0.122243949928549 -0.231440144941503 0.276590442000261 -0.101335864537822
0.0513078139050299 -0.246654955489188 0.162936998684463 -0.156478648796131
-0.0212532903290062 -0.2170756607739 0.00771137109584032 -0.264934027366609
-0.0615552007793505 -0.0861365503686271 0.101909454494809 0.488696308729436
-0.000761626208563725 -0.120705291968375 -0.0132457369221685 0.348455734105594
0.00940196509235145 -0.123041428764977 -0.162664154400802 0.111364792374134
0.0465791880058035 -0.149029341122377 -0.233014275263648 -0.0295080166590408
0.0746275000840328 -0.143842414209466 -0.190478220879097 -0.165758625438234
0.129368934415348 -0.087327566623084 -0.0640238124863369 -0.248764485521697
0.184295065624322 -0.0446841841212834 0.0772378586542379 -0.244443713932454
0.211636351661424 -0.028285398223963 0.182620841876687 -0.133285686588801
0.229936905611811 -0.013637185592741 0.271835144592837 -0.025346147727858
0.218584800055956 -0.0272509967520792 0.320294750420782 0.054410156796511
0.217981506357252 -0.0901951705440396 0.344374756975861 0.0229673289980848
0.221307187633523 -0.121964459091679 0.337416861121336 -0.0784270226195986
0.16915554297625 -0.141437201777825 0.251637611010421 -0.0743213462165964
0.0967715800737121 -0.188705262083161 0.116866939203137 -0.0943977328224428
0.0242008813392498 -0.173218585423132 -0.0103335677008073 -0.177579665452138
-0.0115255589630343 -0.0345929473126349 0.105133015217348 0.523271773889258
0.0325458640122304 -0.0635454757338136 -0.00707522072242473 0.357765333970728
0.0345587048537851 -0.051743487534989 -0.163908439919405 0.107408201443795
0.0682869502985879 -0.0570401794004162 -0.228615817312932 -0.0491886972756192
0.0764328466694706 -0.0535401235416058 -0.18308008608956 -0.185515878541557
0.0933299940210349 -0.0123238375341321 -0.0471966927784663 -0.263999285315828
0.108846996907359 0.0244910119377533 0.118545039942273 -0.257261187046693
0.112475205531524 0.0317584430352387 0.242008906499311 -0.133901126584555
0.121265310652046 0.0518910470787112 0.35907297269787 -0.0019871570153847
0.117010597045046 0.0504451899849961 0.406087867603872 0.0945528943901262
0.131351713203154 0.0169420249889993 0.406396402976165 0.0511846686744642
0.149529798606636 0.00270490279227445 0.358799509402961 -0.0662677053694198
0.124406226966727 -0.0298639434998596 0.224691650419474 -0.0574939888104186
0.0836277868483378 -0.0888924582186248 0.06732884908121 -0.060051386841524
0.0469126476756648 -0.0886558385733581 -0.0344209023528996 -0.122290834697271
-0.0625703432043179 0.0123721956288583 0.00530559171546955 0.0805833784556191
-0.00652851857124735 -0.0314332695831082 -0.0572851002534535 0.024380897041285
-0.0229201898221365 -0.0453931494450335 -0.209003780433426 -0.00734206844623117
-0.0302240439816457 -0.0685621852507208 -0.357078370493644 -0.0044540450664024
-0.0256057404107957 -0.0723512075439104 -0.416939469937327 -0.104986155785518
0.0189529260526536 -0.0703496668006741 -0.450636797183879 -0.167207374105801
0.0389223882804703 -0.0968448371240459 -0.416456294957529 -0.0634557922216086
0.0200986431938628 -0.0983760844963571 -0.318535664432856 0.122103494718327
-0.0129260631801083 -0.0858914896360546 -0.157179993361611 0.2621186657939
-0.0610530707436081 -0.0624394937156214 0.0223041199494702 0.299514774073675
-0.0952457286381359 -0.0446395299736392 0.185103297589853 0.210274032553522
-0.0964765649630469 -0.0172914913418835 0.254323059584152 0.0724432906848525
-0.067946717093454 0.0121150636884399 0.199018187861977 -0.106852372559002
-0.0576481915629996 0.0244209763620693 0.0676063508423984 -0.339155508954695
-0.0657795117931102 0.0463108752988824 -0.0978541215016758 -0.576982547672895
-0.0689247572578657 -0.0828049525072855 0.0257642137795272 0.113673438862707
0.0487512364845432 -0.142575676860928 -0.0635413078352375 0.0544214338328731
0.0827854590115827 -0.148290993706416 -0.220780528710056 0.0118341186558213
0.103669133378266 -0.153980967696209 -0.371387459959032 0.00844390291451813
0.105970942235504 -0.12490053792415 -0.411370530048678 -0.0882584981043706
0.148339127178641 -0.0951778404089275 -0.420631274277698 -0.162237864040687
0.169423721636187 -0.118778271126246 -0.379588220259607 -0.0877273857016704
0.13368761990171 -0.135692834213388 -0.290488082611002 0.0782659581899108
0.0727882262744014 -0.139570143068314 -0.152604005862218 0.221452184268007
-0.0159386546565901 -0.126118642774763 0.0172280641360704 0.275522050372504
-0.0817959461811254 -0.125587071131699 0.181508384225902 0.201374286831446
-0.0973104531263848 -0.0912129325520916 0.255695258960545 0.055790645067263
-0.0840609893224 -0.0449483589366221 0.212921846128225 -0.122710615112656
-0.085497582328074 -0.034716849853298 0.0929596307676611 -0.3395595217237
-0.105177204706 -0.0242167059687399 -0.0761875165084806 -0.561503976533311
-0.082932701341038 -0.153708683401525 0.0350255473789214 0.186964575797814
0.059414303036666 -0.233415021707354 -0.0903988722029275 0.120321272955205
0.120027345739101 -0.251761932578878 -0.244561251594213 0.0464422421572594
0.167287322875945 -0.263475234504228 -0.37763929307491 0.0332687844010893
0.181155105878932 -0.20611549601028 -0.37747732362311 -0.060297025293856
0.232803680643434 -0.136659266039081 -0.347028411090669 -0.144619176726239
0.263240642772304 -0.136079600109949 -0.295445206077204 -0.107659238016805
0.228608299476969 -0.154523635689811 -0.222544370649882 0.0260368254602814
0.156442873128965 -0.175088555094214 -0.122360323665016 0.163469666656964
0.0428703933934604 -0.183711516269217 0.0239365639802006 0.232940206694939
-0.0489261176093587 -0.209300362485061 0.182369057344375 0.176908733974961
-0.0804444564533147 -0.176445915706935 0.265136380157473 0.0275974081814255
-0.0845664402499797 -0.116977614879995 0.237162925775475 -0.1388630396351
-0.0958836226905727 -0.106255278071701 0.127597360745991 -0.328653522971059
-0.123253113044219 -0.0983306011300245 -0.0459604096607431 -0.523091823199749
-0.0987891919036167 -0.18303014611906 0.044879491197436 0.280884264903804
0.0270581780672442 -0.27213705070974 -0.0982914554435276 0.207520784461435
0.0811712697778889 -0.308135425349621 -0.244980969255273 0.0892472264614615
0.13990563550351 -0.341310343694909 -0.348987548532652 0.0504868354949825
0.176591812531273 -0.276231752795257 -0.316135334587879 -0.0562360379294389
0.252920311784761 -0.177428413768131 -0.249528704387903 -0.146253481981322
0.304358133092393 -0.143692898702671 -0.18511018993534 -0.135523395695608
0.289471324781556 -0.150793153515198 -0.125691111331297 -0.0275455751486384
0.232836678530781 -0.179967449991172 -0.060368927588964 0.0943190895587142
0.11927251958303 -0.216354778628175 0.04983904406948 0.170953246885633
0.0185117691191851 -0.27742731271946 0.189851353088465 0.133920713591015
-0.025693084876772 -0.261089593244166 0.278920713775692 -0.00551719706071649
-0.0505065336237165 -0.19759415255351 0.266488452288564 -0.142759168704168
-0.07518367228495 -0.182301172023067 0.164404990692855 -0.296725429538057
-0.110432214827432 -0.165515982412946 -0.0147385942779564 -0.460884119299873
-0.10435913068792 -0.172141697801825 0.0624850861131994 0.372096778416611
-0.00894674663684633 -0.25018660385435 -0.0753712280080634 0.284648504407745
0.0248279768235295 -0.286148704913248 -0.216519883473139 0.116454063049007
0.077135690530707 -0.332057057345078 -0.29905482178023 0.0396140981234754
0.128523312267115 -0.284547093180268 -0.252994223518376 -0.0869056319035971
0.223070140524712 -0.184704916884506 -0.160876112567702 -0.175757316635976
0.297138324476324 -0.131917012169131 -0.0765488163852826 -0.173099011931454
0.307565196901286 -0.124116337661366 -0.0139850191610202 -0.0738535132489586
0.283040545254923 -0.147730271674149 0.0349113686257918 0.0305129832725387
0.200218825619215 -0.199179537364653 0.109981311877297 0.103943810934734
0.120282997887294 -0.289046289139244 0.216875301257163 0.0786647120712817
0.0767770138889209 -0.300095967465973 0.296383551411616 -0.0409373188024915
0.0295976255326668 -0.249795101397012 0.287603680953571 -0.128903585071974
-0.0175169923118307 -0.239559934603562 0.184039608090673 -0.237141602036668
-0.0703339789199696 -0.209275300336504 0.00687067581193503 -0.372670962625125
-0.0917097096788785 -0.135247878527328 0.0822798109525456 0.445029099232319
-0.0184897273345731 -0.190390709016741 -0.0400007400564365 0.331634430677084
0.00179032915655016 -0.209347900321935 -0.184307318433647 0.118056426900943
0.0452382113197767 -0.25108969783225 -0.258218847925666 0.00403204756238279
0.0900241404748268 -0.22762595204412 -0.211907251457999 -0.132660849954929
0.176236826609055 -0.148498875713797 -0.0986585246336443 -0.218090196783806
0.253776147169979 -0.0975786670560129 0.0132791477381455 -0.21274096691907
0.282111640544607 -0.0804438144074899 0.0949595034725352 -0.109353801861963
0.287704574484195 -0.0841129203838127 0.154938256783851 -0.0103068009250362
0.247990501473476 -0.123580398251423 0.210445288970225 0.059317810146169
0.21006556245874 -0.214088251848462 0.275101542685046 0.0351443099367401
0.188998030358866 -0.247569281242762 0.318413069012703 -0.068349514485842
0.127435733561087 -0.232021665948286 0.284941681713784 -0.100240719762696
0.0557138723826001 -0.245379449392355 0.169237211198404 -0.162126813760247
-0.0167813274295372 -0.214935949642478 0.00838693708264552 -0.274615216046236
-0.0566951862899916 -0.0853932340177342 0.0990750105344338 0.498271861381077
0.000942308042618339 -0.123778938116962 -0.0139278040284668 0.353663552978821
0.0131014139069345 -0.123857122312704 -0.168312843595815 0.110031889163885
0.0513510087131366 -0.149955508245085 -0.238714573138176 -0.0311560614174418
0.0775519504691616 -0.141576146090607 -0.192909051193897 -0.169698293130433
0.133074375731198 -0.0836937753608491 -0.0649384618985863 -0.251881728428922
0.189521006316417 -0.0410283851827331 0.0787490529894628 -0.243432165565395
0.214312781045942 -0.0238935787649498 0.187290721078265 -0.127774768934364
0.233041540286028 -0.00850047135917635 0.277025855690084 -0.016087480360162
0.22207505476387 -0.0209708519294019 0.326748662079878 0.0634754509183691
0.219599060759017 -0.0854243705146156 0.352317127879758 0.031096041378097
0.226349860208813 -0.117279174270336 0.344717642308644 -0.0769574070430854
0.173718704963334 -0.140830369279788 0.259689073497346 -0.074754788231652
0.100721686036085 -0.187540537545314 0.121109029918021 -0.0988445095268157
0.0282109374053869 -0.171174636216704 -0.0112372026276625 -0.186298300420395
-0.00830028475913516 -0.0341311311260545 0.102282630519296 0.53329087997246
0.0336822298189652 -0.0660640102100937 -0.00800028476563672 0.363762907695285
0.037762213387537 -0.0517376447384452 -0.169872833715307 0.106626648015588
0.0720904982055543 -0.0575683601199239 -0.23446142348548 -0.051102948258545
0.0785512801607007 -0.0516968846115867 -0.185741333419081 -0.189686982373992
0.0959212304623123 -0.0101450624307045 -0.0476936983793533 -0.266402505018169
0.112301074542099 0.0271034988352076 0.120085295671764 -0.255352096046324
0.113732852765796 0.0346641650396129 0.247747339828878 -0.126381597545862
0.123183683482083 0.0545371731843267 0.363435469243827 0.00966419692458249
0.118396434727468 0.0551890368411961 0.41270471916223 0.106888546702924
0.131970418441824 0.0201655609697953 0.412943899752698 0.0605812814656951
0.152140449285553 0.00569701813450345 0.366014210343625 -0.0648381720528065
0.126975552813455 -0.0289137737201626 0.231403795380331 -0.0577170349015791
0.0866012640366112 -0.0875344905634191 0.0694597720247865 -0.0651023951521565
0.0497974394643343 -0.0870172812744081 -0.0364766061242119 -0.130667584899406
-0.0659937272567102 0.0153538792846273 0.0117837588410912 0.0919788897082728
-0.00921875688531573 -0.033211478027617 -0.0568512039054876 0.0310815102874836
-0.0255603394951577 -0.047554913928444 -0.223847775633465 -0.00422468019984502
-0.0333165318401233 -0.0724822447153522 -0.375907925815613 -0.00197961548113105
-0.0273689617319352 -0.0756503859374179 -0.439582499543577 -0.113723658073128
0.0204396240250476 -0.0739855552524906 -0.47625567517942 -0.179127928460335
0.0402341028359863 -0.103489147070341 -0.437420938228279 -0.0710949018208994
0.0205831669785526 -0.105076743509789 -0.333225731187541 0.123285611446434
-0.013404270161694 -0.0924994261362517 -0.163093138412124 0.271253858057499
-0.0639503507853337 -0.064810870535842 0.0254856622821189 0.312850132986651
-0.101331410742813 -0.0455928339968893 0.195578407017824 0.221474364279789
-0.101981776963877 -0.0183403644845609 0.269565936504663 0.0764591754604859
-0.073176476447347 0.0118731220501846 0.213632411266209 -0.111825445405098
-0.0621714999199373 0.0285539587397279 0.072438769577738 -0.358977760557656
-0.0675481855562903 0.0506914750885853 -0.10658702118399 -0.606208381036882
-0.0718380717132358 -0.0828529566050045 0.0335857039409446 0.125425661421479
0.0484219110361087 -0.149747106971931 -0.0630278939615067 0.0618849214620662
0.0858645026006217 -0.155148191584977 -0.235396331665385 0.0145077393642816
0.106479986434799 -0.161676105835549 -0.392925419770133 0.0119781988632982
0.109369474992333 -0.128940051729293 -0.434001880016127 -0.0944007666491987
0.155728937564269 -0.0983575493425278 -0.443635330299801 -0.174331335883285
0.178000052972318 -0.124801247660709 -0.401190615607105 -0.0957130393349546
0.139956889354871 -0.142311815534162 -0.305443268795755 0.0772885246377793
0.0766785388847545 -0.146767688786587 -0.157804949766304 0.229317091291138
-0.015286413956646 -0.130717608401772 0.0207331688335336 0.287741876901106
-0.0868549399200436 -0.129275056349063 0.19294867795663 0.21107719522904
-0.101573814916552 -0.0952614262020812 0.270648921528629 0.0586996780544652
-0.0881975455657879 -0.0475259979266832 0.228428287755912 -0.128904937600207
-0.090120762620078 -0.0327708897410427 0.0991285409959441 -0.360807604816458
-0.10784827535556 -0.0221341120275597 -0.084634277194185 -0.592206523518163
-0.0851597196814994 -0.156374365666313 0.0427897161929001 0.201239779037228
0.0595650374909919 -0.2443254407246 -0.0899503511911617 0.130175306218156
0.125211897433277 -0.262446407354783 -0.259908194583878 0.0511531118418816
0.172547781272768 -0.274545514906356 -0.398729063553793 0.0385606340472361
0.187387913553646 -0.212131132418016 -0.398595731052075 -0.0653607253978352
0.244388909058972 -0.139715394185802 -0.368148758139592 -0.156257763372587
0.276874575209004 -0.141335178186609 -0.312074831386673 -0.116677290103771
0.238784164325846 -0.161133919765972 -0.232901313359322 0.0238669986737585
0.165847225636059 -0.182016060189276 -0.126235566520646 0.170284731331134
0.0474899232251251 -0.188843860784813 0.0278272400262145 0.243792375115149
-0.0524649278946283 -0.216766744332982 0.194525717408708 0.18608576725789
-0.0838723405576647 -0.184844150666976 0.28057312226128 0.0289125286997674
-0.0882759548467631 -0.122724520946006 0.252801436041533 -0.145853980454765
-0.100684468839408 -0.107274925434112 0.135925577499598 -0.35010886797164
-0.126613383645574 -0.0980705519034293 -0.0506212193562846 -0.552284412478707
-0.100448429326383 -0.188264269713521 0.0530440766424141 0.298517783863179
0.0266867491068662 -0.285124085239889 -0.0975269371522978 0.220900645403584
0.0857679207982807 -0.321095111105746 -0.259918795237311 0.095890112894057
0.145313290339541 -0.35630575205558 -0.368684043085456 0.056406249387247
0.182573736181255 -0.284896186682905 -0.334018213212714 -0.0593418687516841
0.26562659238072 -0.181881988177865 -0.266142444134986 -0.157577388464973
0.32091690865759 -0.148268553969912 -0.197916749619954 -0.145577905835877
0.302932381094905 -0.15721428004485 -0.131032599282517 -0.0303287906736639
0.245369871194921 -0.186550767850254 -0.0605109487484063 0.0999217822668258
0.127480305029427 -0.222718167202401 0.0555042409559665 0.180093213718078
0.0180553456094796 -0.286715176843758 0.203395387975141 0.141433220682691
-0.0263248490627467 -0.273125607239036 0.294711324564637 -0.0075029970086109
-0.0519771811739467 -0.206615640036934 0.284457674591131 -0.150618368370266
-0.078285139877727 -0.187097543056866 0.173863013015988 -0.31710677939004
-0.113290316296873 -0.168131773686414 -0.0185073278841753 -0.48662963995604
-0.105452622877923 -0.176894753988987 0.07106899229343 0.394195002644289
-0.00982429566024921 -0.262592422761719 -0.0736042994950936 0.301562014596767
0.0281150163586677 -0.298169573027427 -0.229474691173167 0.123872173468268
0.0812292632579009 -0.345552647070378 -0.315993854897547 0.0437097295573515
0.133901810444758 -0.292589056634392 -0.267725376495031 -0.0911324254121533
0.23409539848388 -0.188783917355242 -0.172096677093557 -0.186500246282675
0.313077033818786 -0.136049368317376 -0.0844675707373712 -0.182861222942011
0.322992241559955 -0.129107122447266 -0.0146960863495608 -0.0773636818352616
0.298174579859299 -0.15220838668128 0.0387673603388763 0.0345020645110295
0.211729451769136 -0.203780368545929 0.119762774469585 0.111258239478297
0.124153975392166 -0.298298649296991 0.23265846725143 0.0841375317496647
0.0823223874247623 -0.31375239580317 0.312817201544195 -0.0447688372057914
0.0319361984310203 -0.262153236726568 0.30632760342357 -0.137617477625164
-0.0178187977785187 -0.247340383670855 0.194671795916654 -0.254674770264552
-0.0707739646463708 -0.213903860720866 0.00399529398655853 -0.396294422257471
-0.0910326542682152 -0.13845021181641 0.0915547306284824 0.469924487839314
-0.0188879445049639 -0.200782669594875 -0.0360967955049369 0.349242524802736
0.00363929969442708 -0.21866909802734 -0.196844057438957 0.125184949718409
0.0486828488648262 -0.26270873210656 -0.273844955963195 0.00655836063847412
0.0943467378729207 -0.233800925307331 -0.225370629682297 -0.138913766835325
0.185789579143788 -0.151455493033951 -0.107942522269143 -0.229311641850972
0.268874608679828 -0.0995956487710319 0.0105737062030168 -0.221986466686187
0.29600579277933 -0.0822036219828132 0.100901136882395 -0.111648080169724
0.303293268153113 -0.0861486535062713 0.164729452907375 -0.00645940173221846
0.261459118783724 -0.124574221411245 0.224740662642147 0.0656696083608452
0.217965352995749 -0.220982892556732 0.293526864979424 0.0396863815157465
0.199004953102313 -0.25774468506442 0.335641430702211 -0.0739768336355395
0.13392776079821 -0.243503638544838 0.303858924100867 -0.10732831731102
0.0589085755458945 -0.254654044593836 0.178926140778795 -0.175918794760898
-0.015165362457058 -0.219402632563835 0.00526773907362071 -0.293416097734518
-0.0549897789649562 -0.0876628119645723 0.109180597938218 0.525246360100023
0.00125816528605842 -0.131206809975209 -0.0104299659575521 0.370672508179311
0.0165128249844333 -0.130213092772233 -0.179978545819613 0.116735746538004
0.0557978282903008 -0.157238331850532 -0.253962316599352 -0.0299653304839766
0.081509786593614 -0.145562763083101 -0.205293138676429 -0.177751400587601
0.140776799574931 -0.0848874412082763 -0.0717699932119665 -0.262752785483065
0.201092590753817 -0.0416661317918144 0.079594945794625 -0.252072453796442
0.225120577855636 -0.023440833672566 0.197659311045823 -0.130078182976529
0.245443931849475 -0.00762447464767969 0.291852697211613 -0.0103942949670543
0.233606642997375 -0.0176775754007295 0.346377258202535 0.0713044197847498
0.22846145690585 -0.0869473977994418 0.374335842233139 0.0368439966915633
0.238487350594645 -0.121146589908477 0.363425195134273 -0.0837844608496012
0.1823817121907 -0.148135497946776 0.276206738365915 -0.0808032378908768
0.106592907881872 -0.194665059771684 0.128392389728216 -0.109712643282557
0.031493093640301 -0.175836096570095 -0.0153983195514901 -0.202077629797102
-0.00538130051822742 -0.0348325985683763 0.110806377224179 0.562136981765333
0.0350353803980055 -0.0718604497809479 -0.00516252287671567 0.381461974052924
0.0420143932710671 -0.0553357590097978 -0.181882703362161 0.112737816353255
0.0781145943784912 -0.0615746742384088 -0.249754410322549 -0.0504161371012513
0.0823410595599788 -0.0539641297473387 -0.197615089085991 -0.197926073286062
0.101439177888993 -0.00937656548332445 -0.0526022142029387 -0.277876106665188
0.119936055558308 0.0280810169254058 0.123231548703799 -0.26354039656725
0.119560412094037 0.0375913181496977 0.260813885437581 -0.127258780021188
0.129699432925101 0.0568875846850632 0.382910787164324 0.0170457070150748
0.124371484834045 0.0602989836293397 0.437540810326485 0.116979748763954
0.137917426982392 0.0236418665173546 0.437122477460919 0.0679011238693173
0.160752842572606 0.00780616166182238 0.386599447859482 -0.070221585506436
0.133820661673817 -0.0297925031716618 0.246674082422186 -0.0634203632830425
0.0910784958971119 -0.0906547983610031 0.074343896200489 -0.0738456227753471
0.0540335744665105 -0.0894028721393017 -0.0424897856172113 -0.142900971300125
-0.0695548254238351 0.0222759007136839 0.0237783038617804 0.104112330686252
-0.014011764716602 -0.0350001583736237 -0.0562351026247727 0.0404381106362106
-0.0298224622217182 -0.049911193603087 -0.243654131948002 0.00816216684549556
-0.0408387027419817 -0.0767800880854047 -0.403719546026349 0.0184632298717852
-0.0332255692380558 -0.0793873291946806 -0.478282782426557 -0.105768781613505
0.0204856151120047 -0.0807736388194702 -0.521412613299696 -0.17780349900557
0.0384461113517809 -0.114548166878728 -0.473494918496992 -0.0618568562382306
0.0169387891983135 -0.115826236927076 -0.352007492642908 0.140729081335561
-0.01848403143485 -0.100391439703517 -0.160770055148465 0.292701152809587
-0.070693110463164 -0.0668258390776098 0.0426971421737558 0.330653168077532
-0.111272906247325 -0.0437335943191179 0.220128984928722 0.230040822913563
-0.111101900636473 -0.0153431271744118 0.294881958951495 0.0718749881209005
-0.0800647590059606 0.0156430496669977 0.229484993846327 -0.128865159032918
-0.0668110301293053 0.0359849125662911 0.0626970995302516 -0.390010107749625
-0.068415843266711 0.0589568651085972 -0.143748615324495 -0.645706352237337
-0.078972620952276 -0.0821518332871056 0.0488074659729265 0.138419866373081
0.0429066834897055 -0.16146475276038 -0.0601093598207008 0.0733715934689736
0.0845410468977612 -0.16820243637917 -0.254674357919706 0.0291861557960958
0.103634168911756 -0.1763501163581 -0.420824897176829 0.0330476032931273
0.109736908459659 -0.139730038294089 -0.471268948254028 -0.085367556752252
0.163642974407947 -0.110110354866231 -0.485287396449432 -0.173591070440828
0.185221390033705 -0.141768010724849 -0.43469804144461 -0.0904346822477282
0.14272987402444 -0.158793924735728 -0.322273603668823 0.0908887687855559
0.0757506070323251 -0.160443727276675 -0.157834207552154 0.247747738194706
-0.019951592823378 -0.136822754278845 0.0363297722722456 0.304372405957731
-0.0986968055337002 -0.131985778917203 0.217316902085736 0.218213708969387
-0.112369434556289 -0.097456064483015 0.295790420672537 0.0518698708485251
-0.0972640897548886 -0.0470088319287274 0.244167334684747 -0.148366448938955
-0.0983039577406847 -0.0279424534228042 0.0915038587885866 -0.393399086656961
-0.113819582050131 -0.0154802806163372 -0.117097463724907 -0.629078724064258
-0.0945141257240643 -0.159236024564143 0.061735643873744 0.216893701220558
0.0510168564314303 -0.262366626575359 -0.0850960273815701 0.146587588573967
0.122581956845876 -0.28420703077023 -0.279805419708394 0.0684647404646901
0.170702019716114 -0.298997042178483 -0.426454311219847 0.060991557402758
0.189005120317 -0.229615777100385 -0.431848074985079 -0.0546879688909402
0.256469395806952 -0.155834699136229 -0.404159926705644 -0.157225209758237
0.290988532076931 -0.161286817086673 -0.341005199264561 -0.116534237021781
0.248068619906174 -0.181395923636584 -0.247820237322663 0.0318887816539194
0.170551394226252 -0.199929159653897 -0.125056338710998 0.184800023523288
0.0449487083396981 -0.200353634584236 0.0429588114929865 0.25810256850949
-0.0659050813702176 -0.224830312310722 0.219275098571679 0.191109874358021
-0.0960023132168925 -0.193396145745496 0.303644380552115 0.0192470169537289
-0.0991728392310839 -0.12759732315805 0.2701157635331 -0.167473181547984
-0.111210939136417 -0.10663191996836 0.131896302093677 -0.385140975942715
-0.136375177991216 -0.0949946712173466 -0.0816842026257112 -0.590101495728641
-0.111002438426665 -0.192645414531226 0.0764622482593843 0.320413021629444
0.0155475387130247 -0.304541295249773 -0.0893511658691409 0.241836158002971
0.0795424727862575 -0.345222466161235 -0.276704107344752 0.115751815127781
0.137794368976344 -0.383951452024757 -0.392929720830679 0.0794250999983935
0.182269022243057 -0.305731805752287 -0.361507915131845 -0.0499206226309007
0.277209345562063 -0.20015630273132 -0.295595014344635 -0.161170649738679
0.337939134644912 -0.16950333424173 -0.220618763737639 -0.150003619871259
0.316804221529677 -0.178867418836122 -0.140781070755444 -0.0281659260242006
0.256051271720714 -0.207142417912817 -0.0581855636446508 0.109158130968381
0.12978772757874 -0.238481218840049 0.0711048445566072 0.190185397898215
0.00677014667773158 -0.3026132536247 0.228463001658472 0.142965148618367
-0.037567099788693 -0.289213535022415 0.316652652392896 -0.0209985007067649
-0.0638176837487949 -0.218269126569628 0.302597864420403 -0.174532070916627
-0.0900765900658637 -0.193038651101229 0.173612699495457 -0.351405593893898
-0.124199355198331 -0.169477874827513 -0.0449805778718391 -0.523165779111275
-0.114812428128144 -0.181653408544013 0.0983403549861806 0.419684943929279
-0.022660239386454 -0.279220017993677 -0.0597275724789079 0.325342183334519
0.019056685220869 -0.318251185288196 -0.242675165527979 0.144196205560895
0.072279654073789 -0.369899509597165 -0.337616619973297 0.0639702583893369
0.130083863617593 -0.311337604262388 -0.293511868216994 -0.0863339278692088
0.243878527882363 -0.205429751553244 -0.196385441841998 -0.194535585340109
0.330606585310757 -0.155854755971172 -0.100417408556405 -0.192798231976813
0.339414097247682 -0.148781529337699 -0.0174323708154218 -0.0812447768630731
0.313707601806873 -0.172375665635975 0.0457436481166702 0.0381847547249104
0.221118304548145 -0.221061136326109 0.136375036901514 0.115935056311706
0.117893748017136 -0.318724992678149 0.257411234563875 0.0817457081429946
0.0753275685806353 -0.336500348182079 0.333676310883114 -0.0616505960415222
0.0225978151761493 -0.280009549420933 0.327167193160084 -0.16162295156441
-0.0279780155439881 -0.259973614932118 0.198203606258095 -0.286744850582776
-0.0807048468980177 -0.220937722434449 -0.0171890422407846 -0.42832941887328
-0.0971403066711584 -0.141845288367322 0.123777680393655 0.499729741496508
-0.0286501773989357 -0.213194060328861 -0.0189478672015693 0.373901635120448
-0.0011222117121601 -0.23332267778616 -0.207561584566347 0.142608883554019
0.042945960703594 -0.281197532860361 -0.294422015508552 0.0215375425674774
0.0908280146616216 -0.248332610129038 -0.24930559515761 -0.138329521112317
0.194216630266286 -0.164098507735791 -0.129045480214995 -0.240551084439823
0.285831743186625 -0.115449534377289 -0.0013424538631173 -0.236194420387039
0.312445781387351 -0.0983406613434963 0.1048048693621 -0.121117886797495
0.3215302122658 -0.101935454167862 0.178498613036187 -0.00828845002522725
0.276160389385692 -0.139173509606638 0.247887927130534 0.0637145637043215
0.221915476801449 -0.24088886287915 0.321817465593872 0.0328026522986529
0.20298009412614 -0.280729000691731 0.358436571409542 -0.0960853770529226
0.132376946494324 -0.264880448198175 0.324651688766101 -0.131211658675762
0.0531034415518026 -0.271317246603106 0.1855063173516 -0.202039069418397
-0.0218052712154818 -0.230305691019366 -0.0116721585474638 -0.31934914068635
-0.0570568694626602 -0.0900071960716733 0.142449200217206 0.558328886294372
-0.00423589704468501 -0.141929171063846 0.00916300715938499 0.395292142463352
0.0155135151303815 -0.140398967304771 -0.191156795615607 0.132697973054769
0.0554261985272992 -0.170310050467515 -0.275361313640436 -0.0189804883549584
0.0818502994827409 -0.155468063831296 -0.229479525017286 -0.180100244467512
0.149225194383894 -0.0927952021732118 -0.0914054280156389 -0.275632486205816
0.215658176157247 -0.0510351349406508 0.0723648280920791 -0.268908593678464
0.240034211571695 -0.032142552712769 0.207922055982121 -0.14244791207862
0.26265892999624 -0.0169508042018266 0.314063849670147 -0.0162951232239645
0.250368627107741 -0.0250171606415968 0.378295827915401 0.0663072276068251
0.239148497938447 -0.098647676051738 0.406704625621949 0.0272464314645316
0.250466098507514 -0.13746470361534 0.387673573416275 -0.106924605423293
0.188728784584352 -0.16494056341386 0.296397436835025 -0.100526390771952
0.107020251005933 -0.210093531396564 0.13354499754516 -0.129833270521587
0.0291874231871605 -0.185790282055821 -0.0294131589183865 -0.221722427528342
-0.00292109152979461 -0.0360546077623644 0.146842944489284 0.597798359391526
0.0333799911310407 -0.0806106316432964 0.0135102063109234 0.407126234337808
0.0448821616288386 -0.0617324930513487 -0.194013591269375 0.129048583830427
0.0822080393661907 -0.0710510121723253 -0.272419010707155 -0.0406163048638085
0.0858706241781153 -0.0599089563238074 -0.222554068219665 -0.202114590311021
0.109606042797796 -0.0126795043728581 -0.0714111101526306 -0.291803361964209
0.131836904847726 0.0250428409711317 0.119621921805908 -0.282060226746349
0.129977557900407 0.0358982274772458 0.275521661618123 -0.139732253063749
0.141449004632728 0.0558645616195166 0.412104882291851 0.00996195681055706
0.136829959740749 0.0618041606681151 0.477096477731243 0.112493252644399
0.147900023107489 0.0214661084333175 0.474674268668871 0.0596215952179144
0.172764952237715 0.00332862116207027 0.413757636474313 -0.0927568788385156
0.14178057989664 -0.0373270606022164 0.265423436973425 -0.0812435795694828
0.0948582996313475 -0.0994878726825583 0.0763347047787746 -0.0872728830170774
0.0557828396844077 -0.0960090287662637 -0.0559148651675047 -0.15750630905152
-0.0730238295133774 0.0154229249517348 0.0138248691254045 0.119321400595315
-0.0116946907881487 -0.0370310345354795 -0.0614741881650531 0.0378998605570345
-0.0255397841259539 -0.0526586614053589 -0.263098853678851 -0.0239249689740418
-0.0351204024371237 -0.0774617188193932 -0.431066274502166 -0.0395761734230423
-0.026861218856466 -0.0772767059885494 -0.494026334312618 -0.18265281812236
0.0304732167579821 -0.0772421962414842 -0.526664441148191 -0.263291862366358
0.0544656489310668 -0.114901180951862 -0.490990975428602 -0.138249386045358
0.0358449683462012 -0.117913176399194 -0.389811283808742 0.0919996614353638
-0.00344448360196883 -0.110054897943414 -0.204950309035167 0.284047574311214
-0.0622830453201308 -0.0789904411751621 0.0065660134749871 0.351782351958324
-0.110275109285544 -0.0630642709741097 0.205402326057588 0.272401383822436
-0.112346606190197 -0.0301903489408485 0.309614890733365 0.116121370745274
-0.0857064115841345 0.00223402147401491 0.266414270577457 -0.104814452981248
-0.0737357951074751 0.0248159559743935 0.123026347751471 -0.401104864489968
-0.0860728849171031 0.0466996043132411 -0.0472484905938204 -0.700517572355019
-0.0634463129128996 -0.0914109617867066 0.0352629168351231 0.152343314514656
0.0662112758267334 -0.156514171216311 -0.0676826490433898 0.0674854975644425
0.111101715568059 -0.154722783359863 -0.270210442766752 -0.0111138614914662
0.126925552233363 -0.156149084299546 -0.439326012624531 -0.0292800160973815
0.128936425896868 -0.115056546468011 -0.481776113359129 -0.164022344530584
0.183651245646014 -0.0830666284920191 -0.487221913793674 -0.256395401160701
0.21035208970141 -0.119514931611949 -0.441132105844453 -0.159225635852466
0.1743931850822 -0.138580929919234 -0.35163279234497 0.044329549865076
0.105232248411126 -0.154906779553956 -0.1962717067678 0.240794009894364
0.00340890384984207 -0.142279374670816 0.00297810070479431 0.325270980623438
-0.0795583812384955 -0.152343526066118 0.204730826335732 0.262959182919225
-0.0998093703928195 -0.116955292307755 0.31393992840015 0.0999352922644128
-0.0905641925499338 -0.0664098794484301 0.284257996958278 -0.121485472372991
-0.0945021363633328 -0.047186808829024 0.154949500109482 -0.397931026356509
-0.121077111697399 -0.0399625352582644 -0.0218659633392066 -0.676127217331951
-0.0639182363887985 -0.173310655709375 0.0374072911815119 0.230531389177848
0.0908689110657804 -0.257285164848496 -0.102634160938604 0.137361793599339
0.169082644711987 -0.265529205590545 -0.298592110496485 0.0183586645225964
0.21237242182247 -0.270996906345668 -0.44109524474458 -0.00713473995462935
0.224322183193573 -0.193345152031876 -0.44059560067649 -0.131606501617006
0.287269885655984 -0.114975518515384 -0.400650784521619 -0.227948536486683
0.323317259819003 -0.122910798657575 -0.336782182884681 -0.171442489526278
0.289408764118935 -0.142668807055036 -0.26445581632412 -0.00583233899614586
0.210433770449252 -0.178838769799006 -0.154109629731761 0.1820392199336
0.0825767506923477 -0.197357969893631 0.0170908961767884 0.280552299410382
-0.0271308469092393 -0.243420595357754 0.210418010708893 0.237366959797261
-0.0664932768564345 -0.215129032180908 0.327419370979046 0.0717245958899021
-0.0758994491185256 -0.150418224441505 0.312621679071657 -0.136639172296411
-0.0934488425416357 -0.131288545003189 0.196597836205161 -0.381697564089601
-0.129393345031697 -0.12897302304534 0.00740966111372288 -0.626381915364813
-0.0723952608026154 -0.207981069668055 0.036810925655126 0.335954046873402
0.062648623433615 -0.304556939954678 -0.119898739450399 0.2335554230751
0.13554992633943 -0.333858030214086 -0.303426308303054 0.0646177254819741
0.192455851216166 -0.360596172382584 -0.40884062164033 0.00996935514058861
0.230193930904071 -0.271780914805053 -0.368163307708485 -0.121041716669139
0.316514894301217 -0.156951046488506 -0.28520505863858 -0.217338834113573
0.37382897304656 -0.122217294108641 -0.202819233070151 -0.188092421909222
0.360826756883339 -0.126198809883027 -0.141560759443413 -0.05184395615527
0.300783612476318 -0.170914783995301 -0.0739907537912309 0.114587333169022
0.177387579803366 -0.223012126361876 0.0551986881196656 0.216761720874347
0.0621821818011612 -0.310085035994711 0.223892191819258 0.191166583959677
0.00932310957049381 -0.306985170715024 0.345497928367059 0.0379879907891393
-0.0218326751768385 -0.239299195388278 0.347251944962811 -0.139142317200129
-0.0554610181374206 -0.21767434897681 0.235559224544239 -0.338009323072377
-0.101188667521827 -0.205442124321465 0.0345534744310206 -0.548127541580069
-0.0747783460649953 -0.197835154218499 0.0439796432774349 0.442310608490413
0.0233806691309978 -0.284742298976479 -0.102266008261815 0.323682537989925
0.0732965781299709 -0.316572217638187 -0.275225082054556 0.0985640545588749
0.125337690949235 -0.357266834709518 -0.353268284143678 0.000257326668975383
0.178017786974596 -0.287620683515566 -0.294432933821333 -0.14758791318048
0.284145676645942 -0.168327627832056 -0.178521681661974 -0.236894694864476
0.365641109981049 -0.108673659690006 -0.0707592721191124 -0.214392322736635
0.379735270852976 -0.0917749648005062 -0.00408100272523742 -0.0872132513537951
0.355393196827858 -0.124093310803398 0.0447861430831226 0.0558775198497153
0.269731335021236 -0.190193330799121 0.133503030611892 0.149852701710647
0.183509412496624 -0.307613814988081 0.25992965382585 0.132659310077024
0.136488470340919 -0.338535569118993 0.364032960695675 0.00109202175150337
0.0814084662317509 -0.288072762512297 0.36685820743843 -0.120781490683261
0.0202775621734175 -0.276862075541239 0.249267465061492 -0.26512580209903
-0.0454765779741781 -0.251659045599927 0.0447223569828137 -0.444105430844573
-0.0606263878451414 -0.154579580449127 0.0583325305057938 0.529090349828693
0.00834833828752149 -0.220039632005485 -0.0668542866377867 0.381295263462501
0.0392226457787279 -0.234327335084187 -0.239795358470973 0.106642440248792
0.0834896539356152 -0.272884489266936 -0.305638766472522 -0.0339900083057734
0.128713886376522 -0.230708919107642 -0.243836506259342 -0.192785605266851
0.226707477474687 -0.134675420397045 -0.101796010311664 -0.273683470087467
0.313486368903997 -0.0755976491321823 0.0387420192683427 -0.244362158716685
0.343443584384636 -0.0441279266495204 0.1305743236061 -0.108806704408315
0.351126194543549 -0.0510360361384362 0.190574498526405 0.026674628625016
0.314232345209744 -0.0960307968979714 0.254034653918287 0.11143330868873
0.277538625445099 -0.207917549014971 0.330552864222103 0.0881186272239574
0.26207641640013 -0.26070731253988 0.384957509248527 -0.031637360180251
0.192404125172707 -0.251072510217965 0.357621172371088 -0.0899093379216361
0.107099520324693 -0.274212768606892 0.219904629916892 -0.178947609751066
0.0193727150072299 -0.250661846280281 0.0307254304551738 -0.331615395828183
-0.0271426693157025 -0.0948925760583366 0.0702518923051976 0.594759660929285
0.0229504620707063 -0.145332208927937 -0.0406137410488924 0.408762905223387
0.0419131028776081 -0.137950586449208 -0.220235065299324 0.104409580105118
0.0809991635349779 -0.160968844010151 -0.281972257238444 -0.0659826377654461
0.103816613535314 -0.139069681742219 -0.217804779286976 -0.228200236392604
0.16798993632905 -0.0698180142725856 -0.0584068961524852 -0.302140157254416
0.232454053544378 -0.021260767540146 0.118899536974903 -0.26655590066133
0.256838460316296 0.00961309085102331 0.242170799637639 -0.114928996231269
0.27591838107629 0.027337333754835 0.334501470690069 0.0366907012598356
0.268979829265257 0.0185293940331174 0.390144689563722 0.130302367733551
0.271353021207446 -0.0551651437290076 0.420259411585546 0.0896854332296928
0.290626595474778 -0.10310701767464 0.412366184086502 -0.0464933863909543
0.232580998704913 -0.135541689964709 0.324127769571059 -0.0658268496252735
0.151531944061094 -0.201788179547563 0.15261905912538 -0.112570127528956
0.0661601338537046 -0.193478960976647 -0.005361637291926 -0.235217421535239
0.0194922499072301 -0.0309205907965875 0.0710423194974608 0.637654763416092
0.0520712553450883 -0.0775377865449262 -0.0372846326575272 0.423424255469202
0.058720645516001 -0.0536871406092958 -0.221789838812717 0.105452947628845
0.0936484592639633 -0.057415798138604 -0.276342911445921 -0.0811624212976276
0.0927096605598634 -0.0430916664701551 -0.205886483929883 -0.245246759723793
0.114226116590805 0.00500767172692384 -0.035913293718856 -0.313656542726026
0.134407192367633 0.0436750472225404 0.16667227486068 -0.27243578375183
0.129976441508925 0.0591235294908599 0.312102850116581 -0.101776382452349
0.137780305584934 0.0811934353063419 0.434555920481668 0.0755928144014275
0.13775490251478 0.0901224703517126 0.48836086846936 0.188413936867558
0.154617531076396 0.0533499151860207 0.488617523174566 0.129941234026023
0.188223662429393 0.0329053370043144 0.43886768313203 -0.0366279093337899
0.158916681167241 -0.0112251755243378 0.290257156789195 -0.0533547622883318
0.119335705985855 -0.0882849268055079 0.0871739503199963 -0.0817852222630944
0.0782415375110329 -0.0938464136002001 -0.0434592784177088 -0.176631507798229
-0.0708280233121909 0.0263569379191611 0.03386783542752 0.12457737526795
-0.0179859445531665 -0.0351581685251293 -0.055981735526202 0.0488337570786893
-0.0320838990201709 -0.0507185886258469 -0.273080833778336 0.00929446688758445
-0.0460329817519768 -0.0742724730749772 -0.438531408493245 0.00803265265328881
-0.0355974140484343 -0.0740625729331289 -0.519162722088838 -0.133590547184076
0.0247175559846186 -0.0821112522556077 -0.561719181343217 -0.214126311245111
0.0413395118734981 -0.123493211384164 -0.508283691109464 -0.092543299689376
0.0222155141908071 -0.125104187665063 -0.382038627321927 0.126716574758452
-0.0162717800704854 -0.112083110273858 -0.174190217584718 0.300982655391711
-0.0701233185402477 -0.0736823952787742 0.0446912830153714 0.34926227984113
-0.11815511998741 -0.050787293184074 0.238414165488808 0.253335383188426
-0.117838057286521 -0.0191939714983415 0.327359681716677 0.0847144752068693
-0.088370682343444 0.0122983395840801 0.262601112508684 -0.135219668867333
-0.0723973121554009 0.0354239047401982 0.0810720295615135 -0.41957642253518
-0.0798660811077039 0.0572355438732257 -0.125106992768176 -0.699357678521471
-0.0719314821386435 -0.082786908987869 0.0596245301579008 0.15384222358348
0.0480039482907486 -0.162649054295648 -0.0576639600926329 0.0785576771034135
0.0940630731779669 -0.167040001719426 -0.279305534216402 0.0221650699390128
0.108805785060656 -0.169469206193442 -0.445652488055724 0.0185273475309567
0.116274821509856 -0.126271626908383 -0.504356794005446 -0.115738840616669
0.17777230031201 -0.102241481818125 -0.520996261082591 -0.211071708341884
0.198742886305161 -0.142630029161588 -0.462071815959644 -0.11916611610315
0.159866697297594 -0.158668572068213 -0.348762831872852 0.0755036202953111
0.0892548859326433 -0.166106599156303 -0.169410964556868 0.256494213800724
-0.00919474214896792 -0.142057353648556 0.0394970460525912 0.322922959403667
-0.0964755264902944 -0.142243611661187 0.236637990482321 0.242813713405839
-0.112300780066385 -0.10776086299453 0.329654313199282 0.0676592259149961
-0.0986010817247359 -0.056421727571203 0.278519170664473 -0.154118034165999
-0.0988133654120737 -0.0339264808823654 0.11391552653568 -0.420734285912664
-0.122742486736131 -0.0247567159802536 -0.0971353540164999 -0.6800859160764
-0.0796398129651572 -0.163283790338018 0.0690588645416564 0.231300494200077
0.063144827160164 -0.265807637788046 -0.0853556253757217 0.150832257155515
0.141533882993415 -0.283661099416941 -0.303359523613117 0.0547138446349443
0.18210249409088 -0.291280353286455 -0.446205068479124 0.0417169018910779
0.204083952319831 -0.212935233415901 -0.46022395891447 -0.0864217176970162
0.27816097098764 -0.141899819555636 -0.430985515365344 -0.191595657085107
0.311707810863482 -0.155505546429767 -0.359342773637589 -0.141924945117198
0.274168754826683 -0.17248908940378 -0.265809110242933 0.0175634499158586
0.194111741782443 -0.200294361932961 -0.132620211835116 0.194692980756452
0.0654866878152247 -0.203476623943056 0.0490497759060747 0.277568631263204
-0.0532139050587995 -0.23713470060578 0.240128966352042 0.216728825314078
-0.0884010301206651 -0.209375878453092 0.339644618828563 0.038047445908522
-0.0921071297564943 -0.14225408179735 0.305530427702134 -0.173421472391597
-0.105896289887827 -0.117840772084111 0.156731502864206 -0.40935942011625
-0.139016461448851 -0.111096009309452 -0.0603238938001792 -0.633258529375934
-0.0901651307218654 -0.198620468495169 0.0786649056200857 0.336211303398483
0.0302585564485893 -0.310498859495672 -0.091420235770112 0.247844552445261
0.102039659485534 -0.348475114460283 -0.303155540742999 0.099095216416885
0.154538952001856 -0.379174144074847 -0.411308524292023 0.0549347103381397
0.201163237537562 -0.289814987269568 -0.385754383546104 -0.0832009939391794
0.304256968110802 -0.185348299995505 -0.315150520277929 -0.191274086678223
0.363979699978669 -0.159931511488973 -0.227311304607792 -0.170622929916395
0.348163784491113 -0.163079867229197 -0.146773210660538 -0.0399513077788654
0.285788282694109 -0.200195697471108 -0.0580176029101754 0.121611275752816
0.158215899389063 -0.237419188441467 0.0817715371406453 0.211011909367031
0.0300322691063061 -0.313486876677962 0.250518181956258 0.168235779293718
-0.021159285768278 -0.309146491064425 0.353413400438211 0.000960824267293799
-0.0465652036429214 -0.236064743620243 0.340038096470519 -0.179222500206368
-0.0763569576650234 -0.208841933079234 0.200718382340012 -0.371154376414315
-0.119111062093522 -0.190525967319986 -0.026866164605858 -0.557963700577366
-0.0904265828538126 -0.188470247970568 0.0974170574479197 0.44134671897291
-0.00667834364255254 -0.286608315545389 -0.0641667714247616 0.335009186708275
0.0418950088289864 -0.325091563942308 -0.270562814650695 0.129577484147542
0.0883201829687567 -0.369964137684113 -0.355614114025993 0.0388233003321685
0.149208554543668 -0.299713564786157 -0.3143600765438 -0.117055415334464
0.270743370418583 -0.192649872055338 -0.208452999243802 -0.220475625818655
0.357314331151901 -0.144743607155006 -0.0967896540978208 -0.208925125902451
0.371466835522594 -0.129192992773293 -0.0110842668403028 -0.0875430292681873
0.344702358266522 -0.159436969842685 0.0559156132358753 0.0534208942359984
0.253477904022298 -0.214076242443215 0.154721893622144 0.137791869688481
0.151070146025169 -0.32305643454543 0.282092906546464 0.106385170153537
0.103300487931256 -0.353739618608298 0.368583671543644 -0.039756577334882
0.0517497830458334 -0.295200181721862 0.362937582775621 -0.164662026107634
-0.00625057436064842 -0.276227518659959 0.222759414405219 -0.299515253858603
-0.0674611220966603 -0.242896946380156 -0.00641150046384526 -0.456138918621959
-0.0707459523336655 -0.148290330387676 0.119594989212228 0.526490099548402
-0.0142516544653137 -0.221788545137191 -0.0234339310267189 0.387489770801966
0.0177631367921751 -0.239778061723558 -0.232802003561541 0.133234323375306
0.0569070342832226 -0.281630886166117 -0.312136255887873 -0.000230775591899577
0.107070692816777 -0.239221600228536 -0.267365063826222 -0.166778362978805
0.216764184535949 -0.154106830500725 -0.13454487643882 -0.262474878884188
0.30900181912689 -0.106300655504987 0.0115379474758309 -0.247993933145322
0.340634456065989 -0.0781610626666548 0.122471569496033 -0.120946718536574
0.348373566524768 -0.0851175684987206 0.198714976375808 0.0107380281898845
0.308656936843773 -0.12380788073928 0.273747670408638 0.0880779993913642
0.256119831603775 -0.232089031984632 0.349302735454089 0.0552579659254047
0.237781622990054 -0.287351106799673 0.38667114898105 -0.074660481846371
0.16713992340551 -0.270508543758753 0.356776452830855 -0.13235033387885
0.0808285052615321 -0.283434523934546 0.201940604650892 -0.21061097541645
-0.00245657149041354 -0.249232047561511 -0.00910283430401663 -0.341828577608518
-0.0307607522657794 -0.0929918602401414 0.135444860874671 0.590655669231495
0.00852883171130148 -0.148941503003689 0.00461548404864067 0.412866951963158
0.0307478999890926 -0.144151528917377 -0.214781148676552 0.128816315939797
0.0664878215136952 -0.170485212149606 -0.291535939353696 -0.0352322745450128
0.090791458889206 -0.146735577598811 -0.245554976900424 -0.204469011428056
0.164765594849833 -0.0839824965608837 -0.0932069563295297 -0.293991225728376
0.233575108387134 -0.0442794448254145 0.0901393871630832 -0.27674864255476
0.258677387341515 -0.0149037348875114 0.234635638925218 -0.136163337105905
0.280642938960297 -2.53280998084877E-05 0.344325960873375 0.00782255923649071
0.274588744382201 -0.00594632410356624 0.410997965356136 0.09350757339385
0.265901511047085 -0.080025495207668 0.439091643908359 0.0490369526375585
0.283073933457089 -0.132102123714779 0.412430393578862 -0.0931260678873453
0.219909690947616 -0.159266480659968 0.324360023334515 -0.104906744588995
0.132877231478136 -0.215550906048337 0.143010371093737 -0.136742029997452
0.0497184689712604 -0.1982170793275 -0.035791775135864 -0.242256256570196
0.0212569044401863 -0.0340377904863194 0.140298394072313 0.634573148994859
0.0432213464870184 -0.0847399940533461 0.00871003969777111 0.427117508815725
0.0552093076238856 -0.0618692745707237 -0.217026474450989 0.13014124577202
0.0893455373830754 -0.0689708501580401 -0.2877445609789 -0.0508511454188462
0.0892955350571107 -0.0506116425563516 -0.235993499121323 -0.222059980748775
0.117017044027836 -0.00536206726162585 -0.0713517858828272 -0.306325231408778
0.141101527239601 0.029678485406054 0.13901525732398 -0.285651662501543
0.136740418300298 0.0467249903354982 0.306598935081642 -0.127741089441773
0.147181516663824 0.0670376907846335 0.448842742912383 0.0391230197754777
0.149046805891743 0.0778635169066983 0.516050530909508 0.144241304027745
0.16052425010739 0.039986740775208 0.511286929716085 0.0829423782713857
0.194012117885445 0.0150685145753516 0.4409914483477 -0.0862014935138387
0.15915230027944 -0.0260879687038141 0.291310996451681 -0.0893581651359343
0.112180315495733 -0.100636299676799 0.0785334290422529 -0.0973555029317742
0.0716898039353017 -0.100685673037023 -0.0678746032089632 -0.180079359259935
-0.064592522767356 0.033381628121204 0.0509920511771466 0.122618315343463
-0.0220516355385538 -0.031656264708909 -0.0479749659793676 0.0550659509503865
-0.0359501852568485 -0.0470659888614338 -0.269150461369047 0.038025809344924
-0.0527777892791901 -0.067554432008734 -0.424552377050237 0.0463189278850618
-0.0406064038077304 -0.0680012184059431 -0.515293998075742 -0.0875674579385381
0.0184692235864903 -0.082764142592018 -0.565878707710286 -0.164423323336471
0.0289621545902525 -0.124043007333818 -0.50122327388596 -0.0536238239938573
0.00939691403886226 -0.12449891550349 -0.360658345762946 0.146964756898812
-0.025742114545565 -0.108506743767882 -0.14328187337037 0.298228025913862
-0.0723942912888928 -0.065761032636253 0.0719401965527602 0.329499312861165
-0.119760447183036 -0.037934979111114 0.253082913314821 0.225554348851365
-0.117279217870219 -0.00886056031869395 0.328022735458821 0.0552683145222349
-0.0856546980479374 0.0208645770899928 0.247135083829094 -0.156609161802641
-0.0662152893928028 0.0425739671828281 0.0427808809003954 -0.415262890160842
-0.0714615611434168 0.0623399536545235 -0.180654827854817 -0.66523062480293
-0.0733947352871226 -0.0708595604682747 0.0777228124633955 0.147117928738379
0.031794559820628 -0.159375838144837 -0.0469517718989468 0.0839200808613921
0.0770416591052903 -0.168796144851384 -0.273340854537127 0.0504897824291545
0.0888765681915583 -0.170496093385405 -0.431026243651616 0.0570750710775267
0.101537160405012 -0.128322172999772 -0.499714514385888 -0.072316249801421
0.164813979759915 -0.112472650705398 -0.526506997862175 -0.165558559749006
0.179783678476357 -0.15407184996907 -0.459092365019715 -0.0828952770388335
0.140286962511588 -0.166199724563265 -0.332583159996758 0.0941449287348562
0.0732890726389306 -0.16778784983169 -0.141976859573525 0.254713654365351
-0.0179506803521616 -0.135679742848523 0.065426345468037 0.305417204757902
-0.10534430131124 -0.127101935314038 0.251198850676133 0.214809088158203
-0.1177630116978 -0.0955488577013018 0.328619599004142 0.0383057348133456
-0.100262766829103 -0.0446856718925861 0.262292202902245 -0.175247998490734
-0.0973131638088194 -0.0217072722427189 0.0736222373611085 -0.420090322377922
-0.117721197548146 -0.0116905012330809 -0.152660244919844 -0.651237188310744
-0.0867818786448243 -0.148582087468786 0.0926781236560805 0.220317700933446
0.0381471426702161 -0.259723372066349 -0.0663615286742485 0.154950872249931
0.113024953037074 -0.284711135808365 -0.294536064460863 0.0830619453909552
0.150448212785796 -0.294086217227936 -0.42954691788689 0.07862449437285
0.179556731138732 -0.216871498017752 -0.454571164964985 -0.047357732250602
0.259652577118409 -0.157415573714646 -0.4379477795587 -0.152382098877909
0.290011503072305 -0.174330048540636 -0.362404885714665 -0.11258980483936
0.250719104314271 -0.188121447434893 -0.255883286718648 0.0333428023523777
0.172431135451245 -0.2073633400699 -0.110318736295051 0.194372769925147
0.0502175681764061 -0.199323144197847 0.0720371581473473 0.26143478281314
-0.0695649503589308 -0.220448459333842 0.253903116569907 0.186909589142718
-0.101653273062118 -0.19514568482021 0.334983765513973 0.00805417830103475
-0.0996818641429982 -0.12788848724655 0.286781925033667 -0.196500472449888
-0.109511368266717 -0.102506969986076 0.116982984938275 -0.413883522015431
-0.139164981750782 -0.0929415631682227 -0.113864676157499 -0.611130256603788
-0.0991454155901767 -0.182613263481968 0.11010058407119 0.319548551198671
0.00416871806291699 -0.300429792618884 -0.0650364955381336 0.247416848300195
0.0704068235001838 -0.344074330594193 -0.289285556920756 0.125080450477938
0.116705440777851 -0.376153444824493 -0.394854661879536 0.0892312358892276
0.172215528011454 -0.289867333040429 -0.382599561563007 -0.0487894915413067
0.281333544315811 -0.19857130125184 -0.32422270166714 -0.161545677571727
0.33935922773467 -0.18097486336824 -0.237426666599149 -0.14892927221477
0.323138896094949 -0.182668179461777 -0.144343736233021 -0.0305373950679174
0.261641981195572 -0.213669912756274 -0.0431762985824444 0.11892633279811
0.137927267480681 -0.238093797451162 0.0996946222694648 0.195126175998146
0.0043027131893495 -0.299945425102993 0.261131613081355 0.140242521112888
-0.0441266972565561 -0.296801149243956 0.345083815672661 -0.0294772213445381
-0.0634900384880827 -0.222242350808786 0.319599949793807 -0.206223642513321
-0.0880430609369236 -0.192391174156528 0.162312044955594 -0.381133125052008
-0.125601155943424 -0.170323268711484 -0.0763531496586623 -0.541941519098994
-0.0970471036147376 -0.173849175178539 0.136142066267793 0.419383520792644
-0.0291016115016688 -0.274783208301627 -0.0316795236512117 0.327934714232362
0.0155440012796419 -0.316613787681412 -0.255112879425654 0.150594488056321
0.0559168821802608 -0.361878424805244 -0.342200267286182 0.0683727470900992
0.121785332620691 -0.294279248466723 -0.315566167531925 -0.0863467372154124
0.250147628651756 -0.203040294977628 -0.223666183192784 -0.196222985465107
0.335612534589304 -0.166309060579696 -0.113749356850421 -0.19422592446185
0.348417067161349 -0.152160098968635 -0.0159241937906337 -0.08535406179344
0.322645515340348 -0.178974488936444 0.0628390385717828 0.0466144785652638
0.231714501928771 -0.222993130728303 0.165660973269134 0.119564650506362
0.119326272052912 -0.318834571029625 0.287449340298659 0.0782518447119634
0.0718983238566898 -0.348685235239726 0.35499986132652 -0.071402546429643
0.0268563862271902 -0.287393418261459 0.342253227364662 -0.194371863285054
-0.0251758074086407 -0.263522218202326 0.189640601271322 -0.315441418328355
-0.0797175372192244 -0.225566427961312 -0.0487666587708847 -0.44440082676193
-0.0747603301781737 -0.138456931600695 0.164008765581449 0.500079771184427
-0.0309712086755764 -0.212515915581946 0.0105186990343829 0.373965823289662
0.000123479078959862 -0.233717599585094 -0.219684055265064 0.150152397029221
0.0341160887033031 -0.27566847559271 -0.303722764966196 0.0260166089501752
0.0858864593344609 -0.233620210379276 -0.274866517272633 -0.136135534127971
0.200015853533673 -0.161342223429442 -0.154689588418879 -0.240514932450569
0.291576940445529 -0.125828018262726 -0.0111420668616924 -0.238688949463785
0.32258700662285 -0.100307800243283 0.111746491367515 -0.12557478837799
0.330949719791366 -0.107052606788943 0.199415748349488 -0.00281406441703882
0.289725463643582 -0.140467883444515 0.277082791404317 0.0641278609476811
0.227701952642293 -0.239994314685916 0.350283786470315 0.0247176711283898
0.207653696473641 -0.295878648105403 0.370901523624941 -0.108447864722745
0.140135505258217 -0.272540790079703 0.338998025359186 -0.163189764393935
0.0577117539879259 -0.277606071947787 0.177373644894165 -0.226825994902775
-0.0178420192833648 -0.236214884473169 -0.0422826052756031 -0.335513137088095
-0.0320571988636198 -0.0889404364161449 0.183656468996081 0.561010723088414
-0.00353753576540863 -0.145283721993547 0.0384701416907226 0.396085052522077
0.0200675880325129 -0.143398895172498 -0.202201291300676 0.143873036914415
0.0521370541046698 -0.170361725851224 -0.287103863035224 -0.00917939754638587
0.0785559602160033 -0.144955934270325 -0.256306065605562 -0.174391363758506
0.155814667370651 -0.0915893632510719 -0.116492193285358 -0.272861314509422
0.223160966739198 -0.0609239449274235 0.0640314090124586 -0.270949565839332
0.249424876807262 -0.0332972730769186 0.219342751719481 -0.147082106768498
0.271431212833552 -0.020590794960649 0.33890775650596 -0.0167710521161094
0.267199440826849 -0.0240399927596761 0.411040086509301 0.0595933532190339
0.249927378474257 -0.0946654476162471 0.436319633239877 0.0129861333309301
0.264940839738702 -0.148830368898972 0.394663769858375 -0.12675827312959
0.200301431238705 -0.169338273198186 0.309716438628174 -0.134198675513222
0.113280643194363 -0.217275655120602 0.12531448929248 -0.150598374988804
0.0358808771196355 -0.192989333514782 -0.0604562347531963 -0.237597536766751
0.0221437311825403 -0.036408035557011 0.191455535444986 0.601662164246126
0.0343358823057648 -0.0861303582444872 0.0439006886250651 0.409326580177444
0.0499342710972948 -0.0661357526540887 -0.204055236636343 0.145482054319784
0.0816573596283614 -0.0749111685107948 -0.285081090227834 -0.0242101371404092
0.08378497962033 -0.0543264036830581 -0.24779808369519 -0.19245875599653
0.114935399659433 -0.0134653943376169 -0.0949980705750666 -0.285139979673153
0.139270125206032 0.0171508190134451 0.111576513246093 -0.282314780673998
0.136195323367324 0.0353290336059438 0.290213673360083 -0.14380839090232
0.146701960231764 0.0535967579414755 0.442839871735869 0.00614696493508619
0.152024901419633 0.0653695829026422 0.515601316428654 0.0998617111987016
0.157956820663599 0.0289016330864009 0.509281560189581 0.0409858146829874
0.19083247285233 -0.000190978423805992 0.422610042847568 -0.122314998954596
0.152672087440092 -0.0367631022895835 0.278382658008864 -0.116337862258686
0.101111330909413 -0.104856284955826 0.0663363542158065 -0.106627020896501
0.06344670806444 -0.102359433473599 -0.0873747187386387 -0.174320300932537
-0.0589261593638519 0.0369897777131004 0.0622576456156901 0.119189409788122
-0.0239328615357558 -0.0284900159596616 -0.0417794963300694 0.0596314529101302
-0.037544900378928 -0.0443382327262946 -0.260888743001831 0.0566361936913485
-0.0551702774605571 -0.0617990152862597 -0.407725864292251 0.0658307800551662
-0.0416779368432934 -0.0628016922311862 -0.501914635724299 -0.0631707750714424
0.0158221103771663 -0.0823554876600835 -0.556043209509985 -0.136013119339047
0.0212419263539295 -0.12237823977857 -0.486650537819143 -0.0343873851605711
0.00120442280142091 -0.120863312410651 -0.342686144597508 0.150134694899045
-0.0303277710851285 -0.104517872728489 -0.125747293189142 0.284860905092662
-0.0716692244021511 -0.0608169303250032 0.0824024390023323 0.308920553651566
-0.116775549546556 -0.0289867165955695 0.256030796849941 0.204883844442619
-0.114737322339019 -0.00320352461622443 0.322165560273565 0.0377023662588417
-0.0822239718000319 0.025903712906685 0.234852069631334 -0.164865966006578
-0.0617439619779136 0.0461571687737784 0.0208673184764425 -0.403399355325647
-0.0647694439344948 0.0639023081180062 -0.208331148702003 -0.633758755417875
-0.0709796325742323 -0.063061066909595 0.0881198589365177 0.140831440018127
0.0220882966191715 -0.1528706313814 -0.0393304442546161 0.0860325092873659
0.0654101655964968 -0.165830550047183 -0.264703007766818 0.0675660752043075
0.076721537680277 -0.165925304731945 -0.414128062867349 0.0766877865200776
0.0923648603511652 -0.124555047748289 -0.486561591566148 -0.0478788233909887
0.155274888951446 -0.114837649106076 -0.517749710531794 -0.138551217152396
0.165753878043141 -0.155520520178204 -0.449078320071198 -0.0650984502906856
0.126237561769764 -0.165655138420736 -0.31760106989439 0.0981095246471418
0.0639791979500568 -0.163803600444555 -0.125774549110211 0.244085526572801
-0.0201104915606427 -0.128237239229803 0.0752898364269746 0.285924117786617
-0.106283179649304 -0.113482356129345 0.253989094126645 0.193543493874594
-0.117353546765577 -0.0866631841394417 0.321638022178525 0.0210521511960054
-0.0973535351128912 -0.0373735991597731 0.247358700494381 -0.184490120461577
-0.092146549834926 -0.0135295248187125 0.0509420385941513 -0.410419051845498
-0.110083754079094 -0.00440052291854204 -0.179984139212687 -0.620582108154237
-0.086037825484416 -0.136600068020287 0.105223405032159 0.20949510350869
0.02488783053411 -0.248875930656503 -0.0541875147453467 0.153786365025071
0.0960249465845307 -0.277705800160515 -0.28320548913226 0.0993026620590965
0.13029850453499 -0.285903544212162 -0.41154732056875 0.0972792355052522
0.16455197676469 -0.211357386629419 -0.441108302138919 -0.0258940953024879
0.244497725489448 -0.159479123689064 -0.432108719799388 -0.130094428603549
0.270829303006861 -0.178195552868013 -0.356116356777443 -0.0958674738987062
0.232011722049498 -0.189417211581237 -0.245965687678018 0.0370395302779596
0.158658843252032 -0.204805621843894 -0.0965079479945072 0.185649333372657
0.0439189752225416 -0.191338752097219 0.0814057302596777 0.2438479937223
-0.0757655427362025 -0.204628866918335 0.255287553903168 0.166198150879475
-0.105453200007399 -0.183618848804435 0.325138226585965 -0.00892279352680861
-0.099663522844533 -0.116707538140202 0.270612422207153 -0.207290727783618
-0.106288811067341 -0.0907602837233489 0.0917279968123406 -0.40742829194462
-0.133494493679567 -0.0802145825870857 -0.140087130648072 -0.584814758837159
-0.0989703139404079 -0.169672553775463 0.12627123548573 0.303481447160881
-0.00941648141899464 -0.286592894824273 -0.0491300203910481 0.241844180219361
0.052885427415184 -0.33251920697247 -0.276455125010007 0.138437483124016
0.0952415090538169 -0.362393666912369 -0.377531167096483 0.104310211119731
0.154403871445513 -0.280000254941578 -0.371139729419356 -0.0305601850799363
0.264790687184906 -0.1989046932446 -0.323747185343475 -0.142307105810003
0.319093885928529 -0.186322310843542 -0.237553642449527 -0.135278313509282
0.301885856839627 -0.187169539195405 -0.1399291971339 -0.0270981642753485
0.244668363419985 -0.213705481213084 -0.033292466366151 0.112044253911909
0.126422516730307 -0.231446696306469 0.106595273126772 0.180219786425324
-0.00813129837089363 -0.282438245869843 0.261165324051553 0.120309251608055
-0.054592214691986 -0.282361082731193 0.331878894430431 -0.0469769078353154
-0.0686347338054641 -0.208396456274323 0.302125556640613 -0.218775347047578
-0.0892537755523849 -0.178337430391235 0.137199877606993 -0.379461431886553
-0.122544558970666 -0.15543434541959 -0.101386529345068 -0.52080485351261
-0.0962064806868968 -0.162668993520619 0.154002037940974 0.396983060717455
-0.0392276124560122 -0.26107669225718 -0.0145032435467394 0.315239444665533
0.00313195234510296 -0.304428351225108 -0.242448604806016 0.159981953413599
0.0390688094867957 -0.346479449385823 -0.328248839628874 0.0816527612685191
0.107612110871835 -0.282411843130731 -0.308926779378324 -0.068394533385473
0.234975497155303 -0.20123509532234 -0.227184076869409 -0.178227012243483
0.316205263884633 -0.170769914438268 -0.120547007247565 -0.181660944921757
0.328714737944925 -0.158175799168248 -0.0172424157489619 -0.0834250890097277
0.304193202642327 -0.182019931569688 0.0667420317769999 0.0401068532092845
0.217094715421708 -0.219608470102931 0.167887748926421 0.10654907866772
0.101817226738729 -0.305175835237202 0.285749126813525 0.0596049262862931
0.0556030231230505 -0.337576312842591 0.339938889751282 -0.0875572206050841
0.0146703463319937 -0.274894504333847 0.324384257011752 -0.209271033373853
-0.0320543685103936 -0.249335497193114 0.165716756524265 -0.318226452102089
-0.0806432837424988 -0.20992642905087 -0.0706170641151232 -0.430533642848364
-0.0726399573179051 -0.130369530065877 0.182602343745511 0.473745952058209
-0.0375274117994847 -0.202092035720844 0.0273872839090315 0.357796792248837
-0.00787839379229387 -0.224855376342575 -0.208890758365931 0.157652985979714
0.0226000184858161 -0.263743688599085 -0.293131333353705 0.0395722056141247
0.0765194992137934 -0.223264180085354 -0.271092441091139 -0.117688484429052
0.190075867469674 -0.159688651615466 -0.161267401943107 -0.222410743131881
0.275801883480462 -0.131106757580751 -0.0218141451903285 -0.226685245299503
0.306997185375743 -0.10747920461237 0.104265860775094 -0.126095262079182
0.314796468916621 -0.114384197420439 0.196702255957196 -0.0109437666259222
0.276097225989914 -0.143860894642424 0.273995349072561 0.049389265632562
0.20914752820477 -0.234117734551701 0.344185590694305 0.00592085285098049
0.188373136613723 -0.291804092425476 0.352869023342605 -0.125479537623803
0.124613059955923 -0.26545884000953 0.323793436197765 -0.179226189711352
0.0461333610430963 -0.267255356999515 0.158293387811108 -0.233126229674456
-0.0224492043067689 -0.223205190814201 -0.0614668791110684 -0.325378322958246
-0.0296660285654284 -0.0860655604951438 0.205593705058912 0.531312653742156
-0.00911217450653789 -0.138799912444086 0.0539899361193963 0.376533659950597
0.0151079866235899 -0.139760461340034 -0.192709197894682 0.150048354566134
0.0448007863783275 -0.165472854640532 -0.278515598488065 0.0046688599063726
0.0721779375900868 -0.139170068903813 -0.254897034627184 -0.153813632274833
0.148723209170533 -0.091715186537917 -0.124006730253757 -0.253735116774959
0.213501690037841 -0.0664920053643356 0.0505145677251335 -0.259589217410788
0.238738567493552 -0.0408643191897599 0.208220202195953 -0.149248284310893
0.260458603592184 -0.0291721666242681 0.331200314157783 -0.0277774901577777
0.258303532781973 -0.0322175134115919 0.403651898605138 0.0412759610359988
0.236076742579796 -0.0967468216208496 0.427801522600974 -0.00712504248767494
0.249040938107147 -0.153087028945185 0.375789122541941 -0.144204871859266
0.186383331114138 -0.169501965678814 0.296608010237375 -0.149181572086332
0.101442755594632 -0.211660257890841 0.112153176660947 -0.156532973393833
0.0297383333155315 -0.184096311753544 -0.0743747889552771 -0.231090948850962
0.0240191056137435 -0.0382611075142179 0.212297405254953 0.569939504826221
0.0291607270997035 -0.0849117853814799 0.0583017218435564 0.389855895089927
0.0462556557947133 -0.0675086343786402 -0.194896978451184 0.151359118389968
0.0762290494873084 -0.0763524146429216 -0.27718563227186 -0.00987422830698299
0.0801719296421682 -0.0540519731671607 -0.247823644844335 -0.171147217941826
0.111788043842191 -0.0169287647394381 -0.103353670531589 -0.265460826414812
0.135251738827102 0.00991770227806477 0.0964038134684964 -0.27201592571532
0.132395023158668 0.0291294293957103 0.277173573585223 -0.146079742432856
0.142897972754394 0.0458274827174794 0.430778374856809 -0.00882708485104973
0.150503858427966 0.0576414605885725 0.505720598860576 0.0749743615248364
0.153839794579052 0.0238534124693118 0.498158548735762 0.0187321502977235
0.184717897240249 -0.0070617576895701 0.403831350601065 -0.140766948258944
0.146642138604094 -0.0399218384676947 0.265922437681643 -0.130821093735224
0.0938797235915767 -0.104419008974883 0.0569690373101778 -0.110539391199107
0.0592500537953242 -0.0996296106103517 -0.0974870900787834 -0.168977349664343
-0.055446070099563 0.0387699008167763 0.0716177613629997 0.118896602901256
-0.0254402478225241 -0.0268534378038195 -0.0377565673333312 0.0635346926031827
-0.0389042917814385 -0.043127350760931 -0.257917507432918 0.068817650314679
-0.0563527240315828 -0.0589450461174869 -0.400530135838041 0.0755965387865869
-0.0416831743592194 -0.0604901978944119 -0.496012714466043 -0.0533374986808452
0.015254792923269 -0.0832462614432727 -0.552685982100807 -0.124500033979299
0.0172036756385621 -0.121261321063727 -0.481747481365232 -0.0291065779247126
-0.00316580157753305 -0.119169104955766 -0.336818030563286 0.147026420481935
-0.0324407533601938 -0.102504514049888 -0.119409862118596 0.274055073144015
-0.0703456609563741 -0.0593513145350905 0.0852431213491911 0.298289865445855
-0.115407227342235 -0.0242006440327459 0.256967829327868 0.19455946366622
-0.114337427989775 -6.86852273139998E-05 0.321737283460313 0.0288645635399373
-0.0802270398151434 0.0283526621774609 0.229903781492284 -0.171214927369171
-0.0588070653075241 0.0484947786920808 0.0108643762395509 -0.397038028159755
-0.0615060202663624 0.0652354362972231 -0.220734345126072 -0.619221291742557
-0.0677380769432608 -0.0579310019894656 0.096765339690444 0.138594224013921
0.0183962745340271 -0.149211302733219 -0.0342370363185774 0.0891889622467596
0.0604399921575376 -0.162861471641197 -0.261192427805794 0.0787667079634419
0.0709656942380607 -0.162971797497007 -0.406454976205611 0.0851428067573893
0.0890111319244351 -0.122062012437354 -0.481407305055744 -0.0384753184132845
0.152346384517112 -0.11597102413077 -0.516809958344713 -0.128302337295126
0.159182222809448 -0.154874035399343 -0.444776007695326 -0.0600446556930859
0.119007297249002 -0.164385127877404 -0.311910390644608 0.096542573818689
0.0605805018836037 -0.161464075510199 -0.120040853086265 0.234680610327023
-0.01940563017009 -0.125611452452293 0.0782787072009751 0.274951713629949
-0.10505414903959 -0.106691488059689 0.254842866340109 0.181922831220643
-0.117912095172094 -0.0827574678809128 0.319643941571328 0.0128881001435093
-0.0947140627197924 -0.0326750545902155 0.242334884665237 -0.191519670673056
-0.0880457111868303 -0.00965481264372185 0.039132111911957 -0.40783991877391
-0.105913757312691 -0.000116470277210222 -0.192581089091604 -0.606987005867885
-0.0840103600334458 -0.130124475354997 0.114312169862399 0.204966240761512
0.0193684462982909 -0.242717009738945 -0.0473311312022298 0.154635111367292
0.0884517963189215 -0.273508630597407 -0.27867692128516 0.110103292361815
0.121613241987877 -0.280133104877028 -0.40357106504846 0.105641393940914
0.157793520829194 -0.206263473139487 -0.435506389573072 -0.0171712145929491
0.239987867905117 -0.158832197952016 -0.43198302028735 -0.122307658258597
0.263055001462019 -0.177627219844839 -0.355604348992941 -0.0911339602660671
0.22260062564126 -0.188604540171541 -0.242069760805869 0.0350133879699314
0.153600296313204 -0.20233183628475 -0.0909536909698475 0.177406368020045
0.043628275707813 -0.187490510265346 0.0842645383692742 0.233096554162532
-0.0764300930315686 -0.19491221032985 0.256320804501428 0.155453557845032
-0.106915341453706 -0.178198654755182 0.321796873103833 -0.0186940273345
-0.0980016776221915 -0.110869665939599 0.264892626641858 -0.214836796767124
-0.102611651545859 -0.0845834078864419 0.0794726589186766 -0.405838315914964
-0.128254581767577 -0.073706630891594 -0.153492485437401 -0.574946503142296
-0.0961827170972967 -0.163063014823774 0.135483950346811 0.295913104268851
-0.0140564031795758 -0.278901244055203 -0.0402667532788442 0.239240830878171
0.0471181728380132 -0.325615444123129 -0.270881355624455 0.147514635574024
0.0867985271225207 -0.354112574912053 -0.369946317134346 0.111871904139087
0.148388247659504 -0.271938093976292 -0.368173522745746 -0.022520271354143
0.259010517473412 -0.195889485246214 -0.325050620159864 -0.134432380089128
0.311181717247894 -0.18495373161023 -0.240155639435382 -0.130543634590196
0.29336473421217 -0.186287073191737 -0.139042079473833 -0.0284236674217912
0.23872281224328 -0.211787206873354 -0.0289894403061718 0.105997066948552
0.124371095880214 -0.227361019025656 0.109343568256984 0.171461066958778
-0.0119451441405913 -0.272365668509221 0.262456093271564 0.10899113145851
-0.0584090738134884 -0.276219589064502 0.326750588700085 -0.0558208566425486
-0.0681569365337727 -0.201301398923132 0.294075798071149 -0.228234312940478
-0.0867024788012825 -0.170636514427839 0.124303735984128 -0.380345336676004
-0.117766326644152 -0.147104441299294 -0.11302262046226 -0.512875734018212
-0.0927613528832432 -0.158158576699774 0.164193734167636 0.386885262430988
-0.0423411980511337 -0.253973252033288 -0.00602498394174133 0.310060104985835
-0.000832021024458195 -0.297966659321961 -0.237530009173755 0.167371190540225
0.0327973513743004 -0.337645019751736 -0.322259879239295 0.0882818110516394
0.103503030695615 -0.272906506825982 -0.306122957832937 -0.059799608183622
0.230595313963159 -0.196503138360065 -0.230214209423617 -0.16995618716444
0.308700639836908 -0.170812889225867 -0.124289951312916 -0.176394422283204
0.319908014281167 -0.158248989672708 -0.0179842880778129 -0.0841481787195577
0.297832725232008 -0.181614466319995 0.0697024612557343 0.0355891802970429
0.213389935157804 -0.21654951119043 0.169908663091833 0.0987076965135095
0.095153791355499 -0.295580966713845 0.286965839740916 0.0498281452817484
0.0488842922704423 -0.331808624855325 0.333244774180938 -0.0973883788815876
0.0122825217654428 -0.26787932324002 0.316559349863391 -0.219945849582852
-0.0323601717988529 -0.241968505122769 0.153710190079008 -0.321163101806403
-0.0777220362137228 -0.201519532423776 -0.0839294517598939 -0.426016621344876
-0.0698123561370048 -0.127948335607901 0.192331299738399 0.461765195255357
-0.0393752441471598 -0.197264262580907 0.0346491490138031 0.350083524804956
-0.00946012613265079 -0.221130674284256 -0.20502822515732 0.162811095055805
0.019547375083547 -0.257916327422303 -0.289054473789863 0.0454915671193892
0.0744277516066488 -0.215523552709476 -0.269915723117161 -0.108378039959569
0.187427737413443 -0.155433538922607 -0.164861969586791 -0.212963591455453
0.269698131486771 -0.130652538987572 -0.0273497870008884 -0.220225100529091
0.299593378708784 -0.10838061802923 0.10235241516025 -0.125926323042221
0.308764983567009 -0.114903738510092 0.197857631277489 -0.0145730863207448
0.271677860128931 -0.143083453542706 0.273784849779332 0.0428688213118272
0.20152334524944 -0.229196408520658 0.344316174391127 -0.00467506851927876
0.180384531339989 -0.289550755324908 0.344844012231069 -0.134728876195681
0.119309772227912 -0.260302927977442 0.315962063662365 -0.190650070311882
0.0442216321692269 -0.259988980751821 0.148314231716928 -0.238800792933778
-0.0210791717890493 -0.215848518981068 -0.0729787634980193 -0.323602883165581
-0.0267184689706367 -0.0859190199155095 0.214670824117595 0.515184585097255
-0.0106306078710861 -0.135716933839373 0.0597234255001132 0.366890187032753
0.0141002254386969 -0.138671910121922 -0.189871979446226 0.155051830915165
0.0428981578375013 -0.163086735180829 -0.27564358127576 0.0116534404407538
0.0716047927449844 -0.134587366808338 -0.25384968665864 -0.143168071074619
0.147418925705515 -0.0901952354531013 -0.127100519769439 -0.242645674407984
0.209382912809372 -0.0675812438303292 0.0449823982293563 -0.252787276069478
0.233866692541936 -0.0423972264619748 0.204618375132775 -0.149144529114133
0.255984721067152 -0.0310266611512721 0.330019249657573 -0.0324289092564065
0.255701357097079 -0.0338662892324383 0.400315972160409 0.0332012794032658
0.230454093819774 -0.0954438880617818 0.425992996592111 -0.0179840782224574
0.244226719807678 -0.154125345279323 0.367191663757345 -0.155713335365721
0.182026615519173 -0.167912104791967 0.291095199867791 -0.161609928377776
0.098012520557122 -0.207766307230072 0.104867119588482 -0.162047248036389
0.0300896068884805 -0.179200886250511 -0.0855972189411968 -0.229558366075512
0.0263814526743774 -0.0411155737948039 0.221923223442564 0.554525113235837
0.0270396640266069 -0.0841738647259851 0.06373269982165 0.380041744414524
0.0448734743380134 -0.068533367010492 -0.192291374242595 0.157303404524708
0.0743583722801825 -0.0770043863001777 -0.274420767675032 -0.00259485004120748
0.0799272403686094 -0.0521253074414986 -0.246976280168624 -0.15974729195315
0.111779051555714 -0.0174414538460893 -0.105653775974552 -0.254143766066602
0.133338243634188 0.00760902432560142 0.0908353929482441 -0.265450186269261
0.131030359258613 0.0271883770557595 0.273437685965765 -0.146428719011838
0.140833389785795 0.0439654357304875 0.428773166215204 -0.0143188925583257
0.15139196388838 0.0545335813823644 0.501734724720685 0.0668085605499442
0.151840894658157 0.0235963165663022 0.496479036937535 0.00727139633387203
0.18263640902334 -0.0100575395539866 0.396007708765372 -0.151382383757855
0.145112248938884 -0.0407997897464552 0.261605050805542 -0.141169024407709
0.0924233357186217 -0.103248461317634 0.0514539968606494 -0.115234237262788
0.0583175330159127 -0.0979994657071368 -0.106914519575065 -0.168346607902743
-0.0321617765681073 0.0560659461922675 0.12617633322504 0.0788117411419589
-0.0338283941609772 -0.0127081375212878 -0.00203529558837352 0.0781340261805241
-0.0507414594321059 -0.020293589302156 -0.2018399984226 0.186746706876468
-0.0703261018182583 -0.0241378448306392 -0.332350836998722 0.252761504791517
-0.0565591970276688 -0.0301522907902142 -0.47623600263172 0.1782967669091
-0.0203555989887725 -0.0801326959860801 -0.56149786504303 0.136071213914712
-0.0382662065042595 -0.116834027878234 -0.457689584497047 0.184047982197819
-0.0535123857422594 -0.108582136855141 -0.243567423825673 0.28112869846406
-0.0760929131422388 -0.0798976582102063 0.0108942898767699 0.295825438958998
-0.0894475121639576 -0.0247040977340643 0.208148174807937 0.22544293892252
-0.114813089543186 0.0290975158242349 0.319377054649196 0.0527332462843653
-0.09989423791724 0.0518731668754659 0.301858137040221 -0.127873917139914
-0.057335093941137 0.0617484672783314 0.127594869725492 -0.263781308262785
-0.0294397079689592 0.0670872972008608 -0.170058475610465 -0.367506476750995
-0.0278226705427139 0.0860219755226334 -0.479835798444299 -0.470095202828799
-0.0825468855282551 -0.0274654920561567 0.153102525546199 0.0839189263002371
-0.0449769320913665 -0.140995063938775 0.00941137438603107 0.0966437850371761
-0.0100507800496274 -0.170234766005806 -0.205059370479186 0.190879131298436
-0.000555982350120983 -0.169116734927382 -0.333703834390478 0.257077964123238
0.035613305766724 -0.140091767980579 -0.456648024397633 0.177753791519054
0.0914222543841309 -0.167628600948849 -0.52921050802976 0.112670275705384
0.0769044910186384 -0.207428738742894 -0.434855579819313 0.136021604599405
0.0423966188927701 -0.201559445560822 -0.244185495435028 0.224375705246708
-0.01349542419018 -0.173177025005656 -0.00517071997814909 0.260388146759409
-0.0692598805708413 -0.107368812235376 0.194457008860463 0.207336725414486
-0.139557271309956 -0.0509401026080877 0.315116563176915 0.0417019966846126
-0.138984956067538 -0.0223398372525854 0.296729318406693 -0.143414597819277
-0.0964426856845846 0.0102690494923001 0.130974530477127 -0.28928585831553
-0.0804098362263222 0.0264517660342632 -0.146034838675577 -0.391720993656458
-0.0976243472574862 0.0459062376657133 -0.44504021542885 -0.47600554007194
-0.125103836253903 -0.0883025826720339 0.194226819557935 0.135695672576756
-0.081114325038434 -0.226165700777511 0.0242815002970129 0.160817436916427
-0.0292361080562393 -0.281321302830448 -0.212486315430502 0.222043412520923
-0.00409185281895641 -0.294544588475834 -0.32536979051973 0.268068707638716
0.0633239222847225 -0.244123726664315 -0.408828926528933 0.173122679345812
0.152822964237086 -0.244045237798314 -0.449590778835728 0.0777984077337877
0.162703794937562 -0.271197503549242 -0.364428322798297 0.0648267095784262
0.128924204890717 -0.2673397922894 -0.206137680843019 0.137523287175309
0.0561849595746907 -0.250889294859405 -0.00241480733021767 0.196749003658915
-0.036853305471832 -0.191528460229342 0.18435642267227 0.167866494024922
-0.151302401291508 -0.145144460396591 0.307925415798599 0.0160039935649102
-0.170741615685211 -0.114155940302966 0.290878172352334 -0.175431305605287
-0.132553477726129 -0.0612813435024359 0.142733792887118 -0.322185546257431
-0.126094229402013 -0.0363754945541249 -0.105317161222538 -0.409423164538438
-0.151729609942174 -0.0121660410343636 -0.391220261545735 -0.462938503878876
-0.148528758998541 -0.115616052333501 0.250277586772452 0.208858836045458
-0.124349104887047 -0.246478607984199 0.0660747366270723 0.233829646188254
-0.0868676782903444 -0.312055073104155 -0.192462829856614 0.252554625940408
-0.0646914547282183 -0.345373851094014 -0.296307659863275 0.257762956977874
0.0267759567695632 -0.298923196952165 -0.35092095051798 0.137598764386271
0.156432791412728 -0.285242383025131 -0.358954837938438 0.0183009953752133
0.203724648227995 -0.298206957231134 -0.273447921787864 -0.0224471101398694
0.195026093322726 -0.29483483745407 -0.138799964085488 0.0338955083995495
0.131809960938834 -0.29621845177654 0.024792597212634 0.106017510224188
0.021095980751772 -0.262737769835358 0.183225373164297 0.1010266077183
-0.124737671384199 -0.24460957177494 0.297090864513454 -0.0267851408705032
-0.170549001390972 -0.224550851890269 0.285208050146326 -0.212546245276426
-0.143652025829978 -0.158566419577573 0.166589663898572 -0.347288730800336
-0.14918515589054 -0.121939797314421 -0.0516854490783036 -0.405708532246156
-0.175578228186009 -0.085183809846094 -0.324758002856306 -0.42350307333518
-0.143207402981779 -0.114411307720254 0.315924383876422 0.279638480023197
-0.139146043175053 -0.214151284910937 0.128163689849176 0.282898020026671
-0.118318839617609 -0.26782664400321 -0.15368321304721 0.256826839226824
-0.105835451109081 -0.309623511535672 -0.265872923819396 0.216514080174053
-0.0142000385799776 -0.282070976354428 -0.313306984248733 0.0782406176864029
0.129864767763937 -0.273584137231489 -0.287234689490508 -0.0559332427519391
0.208785500404688 -0.283081442078062 -0.187082172623457 -0.114986700338391
0.231647548326013 -0.279898052995261 -0.0527080313570496 -0.0704071528685113
0.19969042263676 -0.29341258904498 0.0849240767138174 -0.000847601153899286
0.107007256956447 -0.291358177475335 0.207966198027962 0.0102303101664711
-0.0363531462343044 -0.313381289582325 0.294553382144284 -0.0873581437440425
-0.0977520867123537 -0.322628122497868 0.278604879168403 -0.248620075100503
-0.0987034945952762 -0.254252862560414 0.192781842839917 -0.34823968379655
-0.130599630265263 -0.211162147103799 0.00449811253038813 -0.364342591004109
-0.162998740193563 -0.154468511060312 -0.257106024119943 -0.353714707316108
-0.10900435949328 -0.0993574912820432 0.375815706065684 0.334900045055168
-0.112617893963537 -0.165754566533538 0.182498851905152 0.301309758829694
-0.0945409806215393 -0.196224675832024 -0.123605804207559 0.239539097283081
-0.0845771016018512 -0.233848359640613 -0.252027188214972 0.165095875006791
-0.0168036047450366 -0.219302215861518 -0.299017982815915 0.0199672625507741
0.107531437619795 -0.218321992174063 -0.245436245182258 -0.121731841132887
0.190779828248254 -0.230947792529791 -0.117656831047846 -0.195714559728069
0.23299213316814 -0.224628467131657 0.0390643290616171 -0.161717162654215
0.237925851268937 -0.236889774957019 0.178839038411424 -0.103012909858352
0.192652540794032 -0.250162241252279 0.276967326795182 -0.0842298974212961
0.0917740304014919 -0.298076033231803 0.322426927584704 -0.156794519873199
0.0405110155502975 -0.343252027096973 0.274375880287089 -0.279083424306722
0.00363397746006171 -0.294148975794672 0.207603434251889 -0.31919588283513
-0.0695861284773536 -0.261728204302623 0.0368363800644633 -0.282939603825937
-0.117137273255573 -0.194082260053009 -0.203494219991279 -0.262456811469619
-0.0535938538242121 -0.080425982768502 0.419527928660469 0.376033769827562
-0.0620618884025324 -0.124292940542173 0.213813085963497 0.305838436076497
-0.0397064146874975 -0.132834037330155 -0.109344114607194 0.226521250533493
-0.0246049128972036 -0.161066572669262 -0.251512597919838 0.130554620641462
0.0138537291560817 -0.145610729774605 -0.297543008824513 -0.0163611800008266
0.0985787471836853 -0.142889893206598 -0.222165974338019 -0.16369004687107
0.161097548008297 -0.149103154607897 -0.0662927766761002 -0.253875750159625
0.19946278061452 -0.137022691505044 0.123109917740394 -0.227448090977026
0.225361006040954 -0.13639649348879 0.291019427081366 -0.1776755264223
0.223983085314759 -0.143075849915434 0.385561911920734 -0.148073495905403
0.177028131441942 -0.187872452581619 0.386247416431064 -0.203300963978422
0.157859701310999 -0.250490806567993 0.279627871408277 -0.298467563421216
0.101639513655452 -0.235670312097576 0.194620874208449 -0.277891757767873
0.00185288288955765 -0.236794129155254 0.0292316373727156 -0.192681255511971
-0.053257715898605 -0.183165374339935 -0.177266578179454 -0.170194962958093
0.0127027640658657 -0.0620062803516575 0.444199606826487 0.407210192266289
-0.00713449206712856 -0.0933244233931797 0.224229066732749 0.315811736557834
0.0161401234386184 -0.0817411186523415 -0.107094815298485 0.229148521585191
0.0381463740062714 -0.0980899015657388 -0.252231264441666 0.118333764827539
0.0537545931596966 -0.0762030215349305 -0.294292501445829 -0.0339059083949448
0.0950140206987674 -0.0625554812772872 -0.205311724175385 -0.181561564535683
0.123418820886807 -0.049629074114724 -0.0292925809285233 -0.281042065217057
0.131942733300013 -0.0285967196596449 0.186853999375979 -0.255355424882719
0.151061527282275 -0.0186226197628359 0.387017790476341 -0.206041052764757
0.165611724984456 -0.0169750615500573 0.488942794132848 -0.16267021577486
0.155874066554372 -0.0445678912166437 0.45528562917683 -0.213012020982674
0.167943223700734 -0.0931095116042104 0.296481990912997 -0.307288347074163
0.122543323916591 -0.1026368397475 0.172212992026783 -0.245877285134647
0.0415580197146605 -0.138187613145377 -0.00351836088711032 -0.125712824586895
0.010397176520367 -0.120577348420333 -0.175827203932503 -0.103241156544843
-0.0283714621364263 0.0592171871365013 0.142052511060901 0.0724845686209659
-0.0357442240868175 -0.00988858013677022 0.00658564007638859 0.0824898907801441
-0.0545885191139348 -0.0182046781436287 -0.194755998432884 0.207942774842509
-0.0734517897550477 -0.0213101007344006 -0.328694962553343 0.27806364186319
-0.058810453554282 -0.0282689382330174 -0.482873216440166 0.202770619154829
-0.0248819754547678 -0.0840181882947699 -0.574059849734963 0.163892969716134
-0.0447424131427378 -0.117852791281559 -0.466831363029501 0.206270177428587
-0.0607791389643017 -0.107783717586867 -0.244930766006966 0.295618021768581
-0.0821356752593105 -0.078835278168258 0.0165496779387548 0.297912502177526
-0.093050271873576 -0.0225656009716611 0.218961988978017 0.219984454818718
-0.114595184854257 0.0363559731685974 0.329709094367334 0.0373116758970183
-0.101127106193068 0.0597935152216236 0.304627323664155 -0.147556167715945
-0.0551585083436503 0.0663089033182626 0.117269881610386 -0.280031984561994
-0.0259443779279235 0.0708133427219404 -0.192775265215843 -0.368263507266398
-0.023000385821998 0.0901941826414394 -0.51621750086991 -0.458478804677166
-0.0832066435288799 -0.0242405116243018 0.168228357972276 0.0765813384047484
-0.0519994291981222 -0.140594975813597 0.0188334509335032 0.100393254704497
-0.0184462981570587 -0.173069296146874 -0.19920203464645 0.211376414368977
-0.00790277628920908 -0.171430166071849 -0.330747711150043 0.281698968469205
0.0323742820453429 -0.142962771447177 -0.463077329863555 0.201757061165476
0.0884420871820945 -0.176498130513635 -0.542135525472576 0.138483555724799
0.071239582104446 -0.21467919183314 -0.445314275083339 0.156854443957643
0.0348098963598021 -0.205869428209244 -0.24697273930674 0.237043559016591
-0.0198935840045351 -0.176829671254008 -0.000458449418474322 0.262573878935976
-0.0732223611691183 -0.107957731901775 0.204501380904744 0.202004817703908
-0.141478386095852 -0.0448783777931106 0.32371387161622 0.0259234355611714
-0.143731264608704 -0.0158838469360387 0.29736409385741 -0.16397690136937
-0.0963675712521784 0.014539896103139 0.119306568007958 -0.306821494932078
-0.0784886607801186 0.0308234578354177 -0.170063751137552 -0.395446389242286
-0.094466337699352 0.0517149365074726 -0.482362260585493 -0.467020393184982
-0.128009086373551 -0.0847384751669125 0.211200422106995 0.127241495841813
-0.0921795797232671 -0.227003981702831 0.0364037420737104 0.163831294541365
-0.0413507128962885 -0.285736161718169 -0.20516439934863 0.243584866174125
-0.0164226082836987 -0.299076993550777 -0.321175470375581 0.293043038292225
0.0569682048891759 -0.25016447646681 -0.412356538061365 0.195017676932963
0.150156458181614 -0.255401404342414 -0.461208255379567 0.100651520503209
0.156506002891354 -0.283104686235693 -0.375361140249094 0.0822320872115699
0.121548586866248 -0.276315488876507 -0.210621628023749 0.147068274609533
0.0495466549948257 -0.258669769723167 0.00139715270958567 0.197016687859794
-0.0420280470741595 -0.194499940257998 0.193347084148278 0.16056662032157
-0.155902241861018 -0.13981705524173 0.314550798913279 -0.000839769180727085
-0.179951782939248 -0.108457568168163 0.29007882050477 -0.196026811139142
-0.134770217913625 -0.0580953925215148 0.128779988578402 -0.341801864249483
-0.1268802120412 -0.0320654020621379 -0.131685249564741 -0.416210045021624
-0.150729172926269 -0.00598702979210016 -0.427896586345988 -0.456924677588962
-0.153180919661711 -0.112346108349859 0.272013574420035 0.19937433295471
-0.13651446842752 -0.245187011005987 0.0818795460354989 0.236234996502905
-0.101769688038067 -0.314190216695165 -0.183578151606225 0.273163519069972
-0.0800878300085343 -0.348289915184491 -0.292355900398164 0.279593974325298
0.0191851617698688 -0.305018027606529 -0.355293230264213 0.156828120356555
0.153367402178103 -0.297650059088651 -0.369371104608698 0.0361395877785024
0.199516085507528 -0.311695400909523 -0.285299510842151 -0.0111508522795598
0.188963542781408 -0.307418223200746 -0.145272463301637 0.0377950043414351
0.125767067378887 -0.30825540141988 0.0273019549701531 0.102540930973424
0.0145622411372405 -0.26929668584663 0.190097914077586 0.0921597884632128
-0.133040532873939 -0.242079590911507 0.302754109284506 -0.0453116936098694
-0.183715249730178 -0.221440500486218 0.281278026863386 -0.233542820903042
-0.15023483999716 -0.155692465134307 0.149761015753371 -0.369384448991432
-0.153722559831192 -0.119945675913322 -0.0764415776375657 -0.415168287612274
-0.177437167343587 -0.0805011691506169 -0.359794292930034 -0.419080600805602
-0.148234756354057 -0.112777766247821 0.340633890764934 0.268799799541573
-0.149514709099217 -0.213082734521351 0.146651361231805 0.282948083843198
-0.131124759858035 -0.269264769021617 -0.144615466275745 0.275295541502843
-0.118831473003043 -0.310711226078567 -0.262406090610602 0.236409016523729
-0.020802071473564 -0.285859241410539 -0.317877251358428 0.0944018817003241
0.128390807157935 -0.284966111144197 -0.298651687961578 -0.0427665042086079
0.205733679326854 -0.296631443886379 -0.199121323502239 -0.107991413066727
0.227056394428437 -0.29325791905911 -0.059338308712274 -0.0721731626975038
0.195035516777725 -0.308298403544821 0.0868477478549842 -0.00895226955608214
0.101577783442768 -0.301751692302301 0.213986945935507 -0.00127260810978951
-0.0457399183888752 -0.315395125428935 0.29780692745117 -0.108500747701845
-0.112487254377785 -0.325959874072394 0.271008894650396 -0.270087727530236
-0.108062373767615 -0.256497799782491 0.177031870156552 -0.372871136774592
-0.138864177074704 -0.212147171092288 -0.0178619662808317 -0.376098087910521
-0.167668885560925 -0.151901634415778 -0.286002496463491 -0.351360921984081
-0.113895515636537 -0.0993804011048779 0.4027512201999 0.324132690835286
-0.120467063440479 -0.165358006708969 0.200744475787508 0.299431615016831
-0.103448567049149 -0.198057817720828 -0.115754627210954 0.25588541911714
-0.0929415222450034 -0.236454869384571 -0.251429397054422 0.18239338147407
-0.020039640539277 -0.222055298206151 -0.305651006743297 0.0347888206434341
0.107371833411105 -0.227478936066854 -0.256248660258333 -0.111644756465714
0.188682131364257 -0.24249155610898 -0.128964128342205 -0.192758886617054
0.231153444151297 -0.237719704758756 0.0329407628184615 -0.169240582791479
0.236960159108728 -0.251304776866982 0.180923653232303 -0.11746823688465
0.190122882278511 -0.263188088121689 0.282925365569068 -0.10112277279265
0.0856524495038718 -0.305403432473118 0.324370385365927 -0.180721036988429
0.0273490371170703 -0.352713270572936 0.265417111405836 -0.3017770874242
-0.00561035369810207 -0.302166418471068 0.191994136950725 -0.34476535744749
-0.078895550719604 -0.265854068388732 0.018605890351703 -0.296030476920397
-0.12270184226947 -0.194549625239738 -0.228603837213386 -0.260125363881532
-0.0570534514917169 -0.0836912268637401 0.450352679119053 0.364232089598031
-0.0674642685214107 -0.125872809692558 0.232739961634513 0.303807078580138
-0.0449600854955265 -0.135391235462834 -0.102648713505369 0.241583378440698
-0.0295320784401585 -0.165155157349494 -0.253356978827798 0.148171036559552
0.0130891179797024 -0.149706125735293 -0.304081423122222 -0.00276713055386042
0.100062570805613 -0.150114138977788 -0.232050538852689 -0.155668497892631
0.161130748153937 -0.157755367558341 -0.0765223061952806 -0.254510261797727
0.199684526106804 -0.146928948534095 0.118631562559454 -0.238949504264041
0.226708274360318 -0.14799384953666 0.293754028014539 -0.197323743343482
0.226168128103284 -0.155648097830537 0.39322382384611 -0.170829784324819
0.177385916726349 -0.196345413020232 0.3892796967296 -0.231215564384208
0.152896816725455 -0.262821902437424 0.269499524767492 -0.32265561829608
0.0970660412929854 -0.246246291483252 0.18214018720424 -0.301333670172803
-0.00550371379607818 -0.243590679540291 0.0149321380733935 -0.202079169855104
-0.0575535210226452 -0.185666991290713 -0.197744916419649 -0.166222307264117
0.0106492942075322 -0.0678835036392904 0.476187614712108 0.39399076741133
-0.0110504071576186 -0.0961008780690776 0.242349112095659 0.314105113823274
0.0138162119535687 -0.0859509772475635 -0.0999497432318167 0.244711640968449
0.0367138945286585 -0.103536841870669 -0.254800280224439 0.135115632566994
0.0551327283950488 -0.0808121793044111 -0.302054245146427 -0.0198686225991489
0.0972908503203161 -0.0683497174430524 -0.214715953667915 -0.175139701440983
0.125908157054199 -0.0553101888259494 -0.0395014808695973 -0.284781661909892
0.134736721740321 -0.0340661800164111 0.184195301557179 -0.269315520852473
0.154803417295112 -0.0239462146409814 0.391727473630342 -0.22902887783236
0.170294072664411 -0.0252180365067915 0.49776961416674 -0.189589054389381
0.160703630886012 -0.0508477560286178 0.460547476554126 -0.243265066962934
0.169855666600463 -0.103302501008456 0.287525593352481 -0.333176536908146
0.124093264972705 -0.110606114598906 0.161959976020228 -0.267499047883089
0.0384863195862797 -0.143652678877772 -0.0143163045564127 -0.132160332490202
0.00913195068155813 -0.124821608853732 -0.1937702314234 -0.0971135006137626
-0.022963578909339 0.0619317228826412 0.156244411153919 0.0596959962683681
-0.0377427724069369 -0.00559822592671038 0.0180414782351047 0.0844508719510967
-0.0575190154493589 -0.0137812368871404 -0.178858211005687 0.230330926481481
-0.0765842752138795 -0.0157081940560667 -0.311990986962437 0.306237097544091
-0.0610170881564704 -0.0249790351474104 -0.476740202045862 0.23675962309971
-0.0315547803277862 -0.0860849063261026 -0.572976912940696 0.205328328328624
-0.0538829165488251 -0.115923358552124 -0.463127702078636 0.239701168125772
-0.0698734346932141 -0.102906584030015 -0.235306426863762 0.314428668120203
-0.0892634914767984 -0.0734664366516076 0.0288865285220022 0.296569083870269
-0.0959308663142459 -0.0180132299004141 0.232730806767855 0.206301831859996
-0.1115026755511 0.0451719642557602 0.334889452751382 0.0117253620147537
-0.097954581888211 0.0703446526279998 0.298749887111139 -0.174352745148418
-0.050104077112996 0.0717093074674646 0.0978745425051722 -0.294173992377727
-0.0197185425768544 0.0744134832771676 -0.222956684400198 -0.359407463723251
-0.0145922140282697 0.0936722778698874 -0.558104715626089 -0.423488336725008
-0.082320318450727 -0.0185095028553995 0.182958814074236 0.0612566042806342
-0.0622964143618568 -0.136403459836299 0.0319530939797143 0.100584755140525
-0.031699043083553 -0.172480211473944 -0.183426648994778 0.234950637140339
-0.0197571021095937 -0.171387728644155 -0.313275763064218 0.310991732727694
0.0249807255932373 -0.14632164086711 -0.45674303022441 0.235555400794336
0.0780819118571334 -0.186366973908742 -0.542727245579821 0.177558896180083
0.058306463379175 -0.221556561993125 -0.445202410542512 0.188091714744404
0.0210821765121897 -0.208432004985489 -0.240682895444764 0.254173846617175
-0.0317435462041585 -0.177394269165637 0.00996579180981476 0.260861516710075
-0.0800945748534087 -0.105349985502313 0.215910842508745 0.187775072854008
-0.142352752425636 -0.0347026543144742 0.327494138982722 0.000433435434024872
-0.145759128448837 -0.00447946734643636 0.290144561555512 -0.189800778026771
-0.0941093971139657 0.0209736907296169 0.0962770764150571 -0.321651119696659
-0.0745969119914119 0.0361713695620907 -0.202718236575706 -0.388528353182284
-0.0881658702796237 0.0587671126957795 -0.524099633462212 -0.436125971875971
-0.131667703851699 -0.0770491038261673 0.22848487988628 0.109361182633714
-0.107840557497746 -0.220952953882252 0.0533588051871327 0.162967648003526
-0.0623583773252517 -0.284644957715345 -0.187259464100645 0.267322751498982
-0.0355579800748518 -0.299344469950651 -0.304425051015413 0.322356949907316
0.0446883226123832 -0.254093969701752 -0.406010191389544 0.226328615438009
0.137734082982077 -0.269275125495211 -0.463449525811904 0.134387900976988
0.141717796979777 -0.295465610959634 -0.379009045814125 0.108032190132017
0.105568382306445 -0.284447598591172 -0.20976040913541 0.160200396769681
0.0350193446996592 -0.264744007380313 0.00869827143411203 0.195230118573241
-0.0524061961750836 -0.195123307410039 0.202945336476059 0.146994336691771
-0.162649766334434 -0.129234252483864 0.317395584271128 -0.0264706186255395
-0.189038963913666 -0.0962614755351346 0.279103766904364 -0.220992641869666
-0.136690495552029 -0.05013704034944 0.101111905380623 -0.358075669596855
-0.12652761098911 -0.0246268042745413 -0.166919150611822 -0.41289593317201
-0.147522481336652 0.00342099240939141 -0.471217052679686 -0.430366323131517
-0.159209304309351 -0.10359763262678 0.294432941599833 0.178429769193836
-0.152640798468847 -0.237415919817305 0.103315011056967 0.231783776717611
-0.123418053396488 -0.309595935675687 -0.164390366016456 0.294930620053982
-0.102305485124159 -0.346158794380564 -0.275500172292019 0.306550514775663
0.00439953084498252 -0.307053288990818 -0.349931336707401 0.183539400324806
0.139724996102611 -0.310794602124897 -0.374075853985026 0.0632184734735912
0.184053517788208 -0.326482214211551 -0.292883058754661 0.00944879308186257
0.172422744535493 -0.320977719070306 -0.149363953183883 0.0460560470372912
0.108276909509759 -0.319292646843483 0.0306819954528023 0.0974269519301794
0.000843903412327201 -0.273069783416823 0.197121390830474 0.0777629631700311
-0.14532521046698 -0.233528714834142 0.300390899280607 -0.0715363569570849
-0.200148590674173 -0.210003686010836 0.265968337622941 -0.258136268102631
-0.158643127501168 -0.149000963979833 0.120770801126783 -0.387994229275104
-0.159761834313734 -0.111223680407393 -0.111873850073315 -0.417453960151139
-0.179044807514852 -0.0701794244115867 -0.399346174121033 -0.39855774976093
-0.154463280182108 -0.105447415780023 0.367672589344176 0.244419902055757
-0.16374084252422 -0.20467450243836 0.169652782056253 0.274451836104017
-0.149253731940203 -0.262711734590213 -0.126065521044798 0.292480591599726
-0.137519319454422 -0.305885161584881 -0.249160829606512 0.259482113628631
-0.033405425413148 -0.2857376898836 -0.315213677761551 0.118116360536828
0.116951325442715 -0.296159708157087 -0.305520896239602 -0.0205254579222024
0.190814999404217 -0.311802466573794 -0.210075431990254 -0.093818177815743
0.212292954829105 -0.30920030859207 -0.0680841890043973 -0.0704490795508034
0.179587960730549 -0.323984415504338 0.0853390878119862 -0.0200318422722257
0.0863637540967914 -0.312132865856562 0.216383948505435 -0.0193900805137256
-0.0620487335013498 -0.312721060896398 0.292566765810699 -0.136048598945027
-0.136022516259517 -0.319618519132502 0.251959539805841 -0.293799398318993
-0.122742312287394 -0.252976185364366 0.144646807807767 -0.395382463497244
-0.151446990422122 -0.206108031481326 -0.0504639714746376 -0.38081315953674
-0.173078108464474 -0.143628973423528 -0.323091161592976 -0.33500321397206
-0.119401807786154 -0.0953214628310594 0.433287753167065 0.294944116289358
-0.131157407443901 -0.16016531103198 0.224883041620236 0.288128896868959
-0.116227955594768 -0.193552510809186 -0.098043290021619 0.271147623959775
-0.107432382584967 -0.234013481115272 -0.242593244853366 0.20606645652019
-0.0293313260977443 -0.222869414610031 -0.306470360978785 0.0576741507325189
0.0994985522398423 -0.23758696126934 -0.265823154399342 -0.0925023397111768
0.177452885284286 -0.25553890260719 -0.143068737419118 -0.184046930841294
0.21977708326765 -0.25333503835154 0.0219080248623439 -0.175153576639049
0.225309824445034 -0.26885781833232 0.175366453019841 -0.135190782779686
0.177642139842916 -0.27853317932231 0.280998699552752 -0.124707809125654
0.0703725448366822 -0.311114778941272 0.315196676929213 -0.211537763893771
0.00498019704465654 -0.357802008711515 0.243360752860035 -0.326965804870408
-0.0227698009814846 -0.305456033719041 0.16337138640342 -0.368687177155008
-0.0949876003189253 -0.264531175055272 -0.00801662140436141 -0.302923639985496
-0.131660699704059 -0.189706645594748 -0.257674412535362 -0.246039564492425
-0.0623868322307937 -0.0838035514417548 0.481952500384662 0.333854183884016
-0.0755018550354774 -0.124132628943905 0.256359614378338 0.291954386185023
-0.0533837181675179 -0.135434431785759 -0.086311383362877 0.256178831808372
-0.0382621618470516 -0.167107823199635 -0.246208874030754 0.170229098754752
0.00822358617139174 -0.153033261624219 -0.306755037593454 0.0197819138798933
0.0957256114844274 -0.159029254382968 -0.242316158791234 -0.139418920320977
0.154884921783208 -0.169116665001283 -0.0928326464751363 -0.249626794274244
0.194399203369312 -0.15953642453909 0.10505750477207 -0.251263808673379
0.221143388922803 -0.163610750747895 0.285637567050358 -0.222721870052849
0.220018558227726 -0.172444074611191 0.38867896652916 -0.201772985510647
0.169520800546209 -0.209095921699014 0.378835142418178 -0.266996645894856
0.13746964227917 -0.276046218090277 0.245531918605098 -0.349012749601241
0.0842951406304469 -0.256521077896592 0.157326588561485 -0.325209457723229
-0.0195643013181221 -0.246766481581019 -0.00561862190464769 -0.20858688983459
-0.066036181584965 -0.186075130921072 -0.22075389414018 -0.152412349255405
0.00569611200387473 -0.0726100934482036 0.512270176075247 0.363454745008852
-0.0173373347204239 -0.0968679082857658 0.266335014223063 0.30261731076532
0.00866424235506246 -0.0888757633242948 -0.0837030499818885 0.259757559056667
0.0314998054382852 -0.109762981866495 -0.249083249235463 0.157441473831186
0.0538353927632676 -0.0866525930818519 -0.305279032137396 0.0019086529237615
0.0961927056690425 -0.0765024970963537 -0.225908019859069 -0.160819702765373
0.124646247158724 -0.0629260335296316 -0.0555824305935148 -0.28296350778308
0.134561052529849 -0.0419758619269999 0.171232223214441 -0.285369574372017
0.155679136194294 -0.0339973627753862 0.383537786933815 -0.26104668153022
0.17150122561367 -0.0374762069356552 0.49591747454681 -0.22658947960435
0.16217563221469 -0.0616465597107899 0.451700848706725 -0.28269427299282
0.166448914810695 -0.115628976899737 0.263262255718206 -0.360470725238434
0.119999634249429 -0.121345045753454 0.140328842032733 -0.288905125647462
0.0306476591922783 -0.148709168293318 -0.0294796338326432 -0.135250574782693
0.00446987564819945 -0.128545301859409 -0.211952213486822 -0.0825629523687963
-0.0160217691220182 0.0625665613150998 0.164241106940953 0.0421880131780999
-0.0375016192927302 -0.00031631416616299 0.029370039170166 0.082537813278396
-0.0588422976291531 -0.00764452977269802 -0.153544750733614 0.245845352857053
-0.077570019619951 -0.00897885785597599 -0.281444344955467 0.326651736794857
-0.0610625912208681 -0.0204237141069517 -0.454161418910412 0.266697961328944
-0.0391400719453552 -0.0848233284789163 -0.551623822542198 0.244771262320913
-0.061830401959916 -0.109836506954548 -0.442825150551005 0.269288427534703
-0.0765907283443795 -0.0943355241100484 -0.214519281744165 0.324648280557564
-0.0938476339839259 -0.0651240778050206 0.0411658364171485 0.286316665230408
-0.0960875473480352 -0.0112525732472392 0.238500903345165 0.183995990799799
-0.104126000932697 0.0524868466211185 0.327991356320928 -0.0158330762022265
-0.0905528099606281 0.0782775895553132 0.279861029224175 -0.196602233050899
-0.0433917836949424 0.0741824815153281 0.0719478538478173 -0.298294165980216
-0.0125554496349702 0.0754157910842458 -0.247016921181176 -0.335421386455337
-0.005431445662708 0.0936759882636016 -0.581942426168401 -0.373954485848467
-0.0797109556387199 -0.0126184767797511 0.189774202448834 0.0422266427533269
-0.0707939708574361 -0.127012971465208 0.0440738441032721 0.0969104735071082
-0.0442092866060616 -0.16538750007962 -0.157901856689077 0.249982145589453
-0.0323255946250724 -0.165565441086931 -0.284602508127486 0.331123046946608
0.0155934204458937 -0.144594434144611 -0.43306333118199 0.263623206270759
0.0633448203453853 -0.19003113540504 -0.524201006440725 0.213386548920398
0.0421711782129059 -0.220692481107242 -0.429454414959096 0.21717726878131
0.00678616636790662 -0.203957015262647 -0.225507510034889 0.266441118386383
-0.0425533594678228 -0.171072117195099 0.0198914357430902 0.253966734839517
-0.0845342484045798 -0.098432981580347 0.22099153641883 0.168206620241116
-0.138911934007459 -0.0236059760553822 0.319831781547572 -0.0267298871144956
-0.142602689252484 0.00768171569986757 0.270241627610894 -0.210861428911882
-0.0891927782237685 0.0261749762229654 0.0683223093752678 -0.325948627543601
-0.0686039153138764 0.0412022087946662 -0.230628840705961 -0.365565602332308
-0.0782492740146355 0.0639267389759307 -0.551866453592291 -0.387022060078085
-0.132202896270727 -0.0664103103408231 0.237877594177716 0.0860357875182099
-0.120455412754347 -0.206439139620181 0.068728496903612 0.154955018894843
-0.0820236455417235 -0.273308619828775 -0.160504913297119 0.282228453704254
-0.0558433060976704 -0.289288662718608 -0.273583395813965 0.341496125046232
0.0286221187805641 -0.251534863375059 -0.384460273974855 0.251955536678711
0.118365214276451 -0.27597715532768 -0.448087264500686 0.167033192667135
0.120428377474491 -0.298794127470541 -0.369284802291432 0.134470056296129
0.0854178528075413 -0.285043855698854 -0.201346744219705 0.171432745860301
0.0171766423948124 -0.261674748819058 0.0159541485046588 0.188170152974877
-0.0621732523485507 -0.188202297151064 0.206035291391652 0.127954853829137
-0.163623719487801 -0.11477604889905 0.307122264994469 -0.0523644440254975
-0.190512281652336 -0.0796557248850701 0.256262877965343 -0.23999720424768
-0.135399033760036 -0.0412614241950734 0.0693197277160879 -0.360411272384532
-0.123183683981143 -0.015898604260661 -0.197962284816529 -0.393128468788024
-0.139252376752052 0.0125794611903843 -0.498837441495113 -0.385739485688936
-0.160644535078311 -0.0912986194838414 0.306426897374279 0.148878815927846
-0.165587307607772 -0.220682726923553 0.122028698772239 0.218463397044069
-0.142546818620941 -0.293805943446915 -0.136117433457321 0.306480962323954
-0.123460997127285 -0.330510283173937 -0.246674352133144 0.324532190879876
-0.0133068494247156 -0.300042556675123 -0.332061473113129 0.205763820641416
0.119152198984152 -0.316768585029641 -0.36487360000088 0.0910153984581409
0.16132170697096 -0.331543768533452 -0.289863433610666 0.0313226426395054
0.148922184754679 -0.324310552551517 -0.148529703027399 0.0555233643046147
0.0870385999682008 -0.320654235224399 0.0319305773255032 0.0902002193233996
-0.0149469378965975 -0.268276257345231 0.196773535926299 0.0597858634047701
-0.153804831530954 -0.216999627245 0.287461517099032 -0.0961965977447205
-0.210124269436318 -0.189809732327879 0.240207193643422 -0.274458172676705
-0.163388064013466 -0.136289271101439 0.0825770683187372 -0.392279522718904
-0.16147944993362 -0.0990082640438822 -0.146152659217431 -0.401899571729045
-0.175357922227785 -0.0576356385533099 -0.427339005385352 -0.359239774728944
-0.156527331969498 -0.0937806086530765 0.382950655563939 0.207881809166948
-0.173267609206427 -0.188685242960019 0.188812055127537 0.255479793106652
-0.163723069613236 -0.247124068654245 -0.0998044439002709 0.301221190498561
-0.154504697345497 -0.290252534243745 -0.225068502568997 0.276460937499103
-0.047649132714523 -0.277690830791649 -0.301740506918039 0.139062653219107
0.099116083739562 -0.30044046946983 -0.301851266752704 0.0033726059494965
0.169686231820482 -0.317617250393608 -0.214498520031702 -0.0758085507662564
0.189373032612048 -0.316202554989315 -0.0750494076378158 -0.0653820037125109
0.155807488748411 -0.330366578919917 0.0800204095904254 -0.0282894175553979
0.0659657386784968 -0.312442411727457 0.210481650403536 -0.0368181273462451
-0.0785397787787675 -0.300460576185889 0.274679289396741 -0.160019539638594
-0.154811513177993 -0.301890654963357 0.223107976436257 -0.309153671799399
-0.135393055444197 -0.241095700441018 0.105465596914598 -0.401647749585442
-0.16067970548238 -0.192680470178341 -0.0843670025287225 -0.371258158155302
-0.174642902409456 -0.131199923363664 -0.347807013383858 -0.303061988558714
-0.122286974957332 -0.0873368072397421 0.450315376416329 0.25425633924417
-0.138062238817757 -0.14886531226572 0.243019946564177 0.265609146798766
-0.126910838414783 -0.18284198154201 -0.0752580336212692 0.277548065026364
-0.118771161614278 -0.223724413112811 -0.223642882706764 0.222509360605444
-0.0387385625602207 -0.217249030860431 -0.295920049366397 0.0798440774305027
0.0859616019098073 -0.242002387221449 -0.266823201553241 -0.0706755945384409
0.160047066153501 -0.261961638828492 -0.152531171389149 -0.168772556995488
0.200986458031366 -0.262487112455028 0.00713603103391546 -0.173563431389926
0.204694017858653 -0.278725279389268 0.162122196061081 -0.148490829061485
0.157640907239515 -0.285519343221344 0.267414716794457 -0.145428288445674
0.0517410228107752 -0.308898206060912 0.292063951874976 -0.236181672297215
-0.0197157073371947 -0.350089785625969 0.209857328726774 -0.33982982465517
-0.0414485497195315 -0.299573992446998 0.123866404078828 -0.37850170520814
-0.109916800358941 -0.254418040424335 -0.0372236426957265 -0.298967147705061
-0.137554280644968 -0.179583153768385 -0.279002479740798 -0.221070404781767
-0.0667079866182397 -0.0805117395492683 0.50018253131688 0.289777682767306
-0.0815742677106624 -0.117473792901239 0.272664267046152 0.269182116449261
-0.0609275975121149 -0.130949802070573 -0.0656711460050541 0.262941332554946
-0.0479849489243379 -0.16392620411861 -0.230276155793666 0.188135946329148
0.0017561812881073 -0.152419702969178 -0.298580799854397 0.0416858005261427
0.0866778599695274 -0.164602140506632 -0.245899470545144 -0.117908314176689
0.142407816956938 -0.176059544452832 -0.106052627544455 -0.236776316124927
0.181308179372528 -0.16918033511297 0.0866923005150207 -0.255704781585784
0.207885288600207 -0.175798057747272 0.265214158519628 -0.24232827792876
0.205737302139204 -0.184331138371209 0.369689561997676 -0.228320825379094
0.155059318866332 -0.215745728904671 0.351546943557138 -0.296047796315261
0.117078987907314 -0.280694139885067 0.211349466533754 -0.362775052763116
0.0663509900421756 -0.259083348892633 0.122181896409517 -0.336915282320685
-0.0345343762893473 -0.24254394175344 -0.0276820184669583 -0.205750284303478
-0.0739011290630115 -0.180434768182644 -0.23638583178693 -0.130764324601349
-0.00021795522660917 -0.0741174816282426 0.529537710784366 0.318769902146599
-0.0233704504842668 -0.0946512914599133 0.283173359914469 0.279477984715983
0.0024925047415253 -0.0888798143699987 -0.0620972297346942 0.266556051585793
0.0238357024921581 -0.11225956599813 -0.232848040717111 0.176336135717417
0.0494670458894103 -0.090459612430226 -0.298207230534779 0.0246286732614119
0.091409445614922 -0.0828369886693114 -0.229497672053283 -0.141010869428302
0.119637288338492 -0.0701892127090013 -0.0713673119350401 -0.271915769274213
0.131037230036221 -0.0492080173087745 0.150879354519048 -0.293322369539489
0.151084637933297 -0.0433360967987415 0.35974953987634 -0.286587132713632
0.166107946957265 -0.048980504437874 0.474042949588287 -0.261257006125375
0.15788487325248 -0.0720919335838092 0.422775334703515 -0.315714145059077
0.156774618447093 -0.12661734503592 0.228443480132539 -0.375772210659622
0.110823445778604 -0.128948746878476 0.109924735898954 -0.29979927096372
0.0208364710908379 -0.149792992280217 -0.0450665630495194 -0.132307137609175
-0.00188133755219672 -0.128934648784456 -0.222492014026425 -0.0624107494927547
-0.0107191405787065 0.0609080753452741 0.166115353511377 0.0267783512004895
-0.0356571615002356 0.00352067602919972 0.038772502539139 0.0778161690949872
-0.0578736269408053 -0.00240862330767349 -0.129196945526467 0.249238479659615
-0.0762062959366561 -0.00377459721736594 -0.251796110958778 0.330459873228085
-0.0592760378618435 -0.0175327039422976 -0.425847407386935 0.279234460217863
-0.0441507950762563 -0.0811310207211631 -0.520864023513899 0.262440707235015
-0.0657161537215098 -0.101652235450434 -0.416438037353698 0.281564135502148
-0.0779555127938809 -0.0853308315731315 -0.196699446578625 0.323157001153586
-0.0936287128710541 -0.0572320158470592 0.0462670963794191 0.272686713287539
-0.0941039601673695 -0.00596744775568994 0.234639756091421 0.16529060669914
-0.0962060411199555 0.0553561915533312 0.312072441803218 -0.0345252949456877
-0.082015902898747 0.0821364637997354 0.257893064379796 -0.206625583823712
-0.037346081008542 0.0736658801453851 0.0528019333954758 -0.292485598640787
-0.00700814455593137 0.0742101197361719 -0.256312215004405 -0.309752984802363
0.0023002461711042 0.0900671975760964 -0.583046156156663 -0.325882663886732
-0.0750648159377494 -0.00784390379881642 0.189454235104358 0.0256191545123209
-0.0730568369130563 -0.116466130557758 0.0520720488305789 0.0901433649746931
-0.0513829878957875 -0.154474824976128 -0.133813241674357 0.255034240812736
-0.0399139269825382 -0.155628330404442 -0.25416011185935 0.335655176650319
0.0100963614701392 -0.139254355196676 -0.406596727554595 0.275788285886911
0.0514271342095376 -0.187441220949794 -0.496922924881248 0.234545128296598
0.0304813408646758 -0.213714792321662 -0.405694888249849 0.231313342797628
-0.00222176199755736 -0.194585468527053 -0.209664956536529 0.26736797211857
-0.0482426943736757 -0.162042124168465 0.0238390869517092 0.242148965454095
-0.0852495389069736 -0.0913770013560295 0.21668765759391 0.149586805358446
-0.131923472271182 -0.0162481749567873 0.303578395758297 -0.0446582791055536
-0.135395587825437 0.015891921454825 0.248498020687573 -0.219132170293776
-0.0827417426879208 0.0287111734731846 0.0459814200444273 -0.31737109297003
-0.0608173199930178 0.0425202501543097 -0.243140303679867 -0.338981402924292
-0.0684968593197426 0.0642207692391015 -0.55577900030175 -0.342257732983048
-0.126876744558491 -0.0573644964579196 0.2370984350536 0.0651173588433861
-0.124920975896077 -0.190825134309033 0.0792010460433866 0.144674787016566
-0.0920646132765843 -0.256524388085802 -0.134708449115439 0.285312064258975
-0.0684375961768442 -0.273092757513956 -0.242988605299689 0.344778871217535
0.01874171720518 -0.242024964988993 -0.359932126545412 0.261519601793595
0.101299902566034 -0.27183260821373 -0.426379063782218 0.184418042711252
0.103463508416591 -0.292218880537337 -0.352345433303523 0.149055057459159
0.070168373248452 -0.275843979486188 -0.190762240525643 0.175287841764045
0.00632110166479571 -0.252010919917125 0.0181856523583113 0.178611150020331
-0.0664108236517731 -0.178705630304191 0.200904082436178 0.11118065360603
-0.159068285458926 -0.102226585631404 0.289531937596476 -0.0693843889397409
-0.186041788045685 -0.065359724054747 0.233664519075501 -0.245804421483059
-0.130478125011908 -0.0350906983915945 0.0432296464203989 -0.351205924857886
-0.116057217835879 -0.00976453473338105 -0.214636805228141 -0.367117179440293
-0.128593285140896 0.01768779923509 -0.505637175951989 -0.342691392291844
-0.15547761625983 -0.0806837141692353 0.306021459730348 0.122077845122388
-0.168604112010464 -0.202355946478026 0.131954116222395 0.201790735778611
-0.150414353786221 -0.273314747159522 -0.110921065566245 0.306657357416801
-0.133564656106198 -0.309816530564105 -0.218885549061242 0.326628958760077
-0.0231937001367076 -0.286386505916882 -0.311524331881854 0.215421997096152
0.102665652973506 -0.311118732562794 -0.34795580699574 0.10744077041921
0.141341778991408 -0.326023894499405 -0.279498915802392 0.0457926241647389
0.13057572946632 -0.316890502315665 -0.144557523459385 0.0606623030291526
0.0708632861653897 -0.312025958091543 0.030618235226739 0.0832921415119885
-0.0237561299324192 -0.257596561375788 0.18934695274911 0.0451795698635013
-0.155063783861873 -0.200370292982812 0.268948529373857 -0.110754392645073
-0.209703765226467 -0.170518501303976 0.214952061941442 -0.27785253919461
-0.161712144048197 -0.125051916174842 0.0536107693662973 -0.382031089348628
-0.157195923932606 -0.0885015179867499 -0.166565600805949 -0.3783566089512
-0.166273174040575 -0.0491114859247617 -0.435481583779418 -0.32095812981578
-0.151634081308794 -0.0835328580793462 0.38044885583172 0.175734567130084
-0.173975793190054 -0.173384835323558 0.196974602418517 0.234745896349078
-0.168185071220047 -0.228585724474707 -0.0766230303437961 0.299624152652565
-0.161066052640409 -0.271155318111666 -0.201212277348697 0.279442760934175
-0.0536853296882918 -0.264244869326136 -0.284162249792125 0.150480539640678
0.0852967419232213 -0.295110159025627 -0.290324941486688 0.0202159764588644
0.151978960767654 -0.312373503387536 -0.210757016577402 -0.0607217389190316
0.170026718160624 -0.311719986499762 -0.0782945519682277 -0.0588962469153957
0.13733556188398 -0.324070092883295 0.0721205402022979 -0.0335813703928484
0.0518861225397976 -0.303251729997149 0.199774206340993 -0.0487793002569195
-0.085519140038855 -0.283554595273681 0.252969174861617 -0.171616115634048
-0.162540918936927 -0.281610527340391 0.195314800167674 -0.309921576160425
-0.140092761170647 -0.226532259901853 0.0732529097193556 -0.392869196774802
-0.161174313219445 -0.178485465564045 -0.106896056666298 -0.353398441975991
-0.169768823747414 -0.11991248506006 -0.35752208485481 -0.270600556917332
-0.120099783404689 -0.0799472834253694 0.447920068477311 0.217430649127809
-0.138673022023954 -0.136962149183212 0.248869655934726 0.241795541965841
-0.128978794940508 -0.170275980152661 -0.0557842925258561 0.27501130778833
-0.123524414391102 -0.210875371616444 -0.202011405743642 0.228080039772535
-0.0430892474000035 -0.207773735304006 -0.280757489819783 0.0920378757055559
0.0757139506579768 -0.238069700396161 -0.258266169077901 -0.0534766842926312
0.144866675785823 -0.258478038432375 -0.15475550987596 -0.15381390131343
0.182618847494923 -0.260418348268962 -0.00230646424782091 -0.167540878439368
0.186197530667654 -0.277420504037941 0.146528159079124 -0.152718993060053
0.140573191464758 -0.28207981121173 0.250421590663642 -0.156247379453974
0.0379521634231692 -0.298345383649846 0.266482424435695 -0.247383391484773
-0.0348325986989475 -0.334349794826379 0.180390780122102 -0.338908487075506
-0.0524703353225707 -0.287301367410148 0.0907558271217956 -0.373103810558184
-0.116186132021727 -0.24013583551125 -0.0576541711121547 -0.285231384122285
-0.136158542747572 -0.169431719015725 -0.286973490198667 -0.19535790337753
-0.0675681996375299 -0.0761422816317714 0.496433547017563 0.249243034679572
-0.0831342707829032 -0.110664072360762 0.277355511355114 0.244250013452907
-0.0641781644550787 -0.123986323604251 -0.0475320482117296 0.260664077951813
-0.0531518751302056 -0.158088178218338 -0.210352449568589 0.196108434984553
-0.00211470175339352 -0.14834540089917 -0.284688766812434 0.056122047373829
0.0788696077827889 -0.163806375598574 -0.239373229398244 -0.100716413858327
0.131555543995674 -0.174843529835284 -0.111045062797544 -0.220744440800303
0.168410359207709 -0.169923189277732 0.0707851802267279 -0.249509850249108
0.193191916149696 -0.178198346297296 0.241974355326456 -0.247343882600837
0.19031363955424 -0.186745360039083 0.346193967239181 -0.241092697962584
0.142060569435683 -0.214794011427313 0.321203800677879 -0.30663516737086
0.0992018040054465 -0.275873788792496 0.180149098351055 -0.360735799265237
0.0532944503599506 -0.254249274291027 0.0921977665018481 -0.333887933257187
-0.0439089339093257 -0.232277787259737 -0.0432950711811901 -0.197319855814877
-0.0764645718109649 -0.173075570646721 -0.240770354115536 -0.11094214397452
-0.00452281144363303 -0.0736031199722692 0.527889459335583 0.277247318162483
-0.0267820697730369 -0.0918915719983083 0.287820696503209 0.255481705172261
-0.00123586055107288 -0.086476634528789 -0.0437733898861389 0.263974291248055
0.0176647090136296 -0.111747737722573 -0.214270909319383 0.185004346544501
0.0456613784710719 -0.0913839499903341 -0.284377319445395 0.039795204664782
0.0853680650623892 -0.0853204134768788 -0.224358904081427 -0.123788429447464
0.112416386250953 -0.0725997250826653 -0.0786479051388764 -0.256868716838525
0.12477350530444 -0.0529349677713604 0.132926071363215 -0.289506623825552
0.144442379577233 -0.0480845852556532 0.331521670245806 -0.294028831332934
0.157770343089529 -0.0552505827312313 0.445905969331576 -0.277188862723781
0.15037605505859 -0.0773902924502028 0.390429454869955 -0.329815176698704
0.145922651234406 -0.12992552015637 0.196474534247139 -0.374617672742872
0.102034377226858 -0.130849299859931 0.0832585541149674 -0.298886597744967
0.013365000250269 -0.145865553659343 -0.0556829477210092 -0.125662582421862
-0.00578109523574593 -0.12717543035936 -0.224284709816185 -0.0445915917115332
-0.0127583217823986 0.0575724499114203 0.166340399423645 0.0276363959486716
-0.0338377317820183 0.00308905870353718 0.0419543060237927 0.0772040491080887
-0.0531335820075944 -0.00212353512583532 -0.12565998229593 0.240607523412311
-0.0698423813148744 -0.00366332313711156 -0.250872997828367 0.315032588599426
-0.0500459156955079 -0.0175112658989983 -0.419216428279506 0.260181862454947
-0.039536502801684 -0.0780870788849092 -0.509929017449432 0.239468546335908
-0.0636855644700358 -0.0983258024667414 -0.413902663902373 0.263170554500442
-0.0739432280763247 -0.0846251398832231 -0.200673425023057 0.307341615644228
-0.0899863225421878 -0.0550149289015383 0.0325281419865802 0.262546701794459
-0.0905237841278589 -0.0069382440369522 0.218885987742597 0.159365966930026
-0.0931552495525509 0.0512726477463989 0.294287504758279 -0.0320906205881075
-0.076277546899941 0.0741410735053862 0.245906300495359 -0.193538453398052
-0.0365590636395778 0.0669183351459244 0.0551067851801215 -0.279498906563996
-0.0102254300737242 0.0674279704924806 -0.240507583872813 -0.303802063397286
-0.00316420493198928 0.0883225807244185 -0.548488369264461 -0.332614170234385
-0.0714495317099395 -0.0137625624905767 0.185066069566265 0.0291911194973879
-0.064212009140129 -0.115842598661652 0.0505619913693723 0.0905201046120688
-0.0400222562976529 -0.14947715249598 -0.136701180607992 0.245386134008308
-0.0293074599375171 -0.146979013116626 -0.257256659910353 0.315231236933159
0.0222970048934177 -0.131244007123686 -0.403374635124032 0.251661453380026
0.0578131547886557 -0.177412153815127 -0.485212607346768 0.208148489943296
0.0336398069294634 -0.202796250370535 -0.402660384225423 0.210497240421896
0.0057923482337521 -0.189361275744812 -0.210696821282807 0.252600055726501
-0.0413883636380486 -0.157097116454073 0.0141556397636747 0.232560749417579
-0.0785975404484106 -0.0911851302420841 0.203358847194942 0.143810835741646
-0.124495656267393 -0.0203934063929429 0.287063303267329 -0.0434313081909909
-0.125935598539712 0.00838810078931978 0.237024820470875 -0.210085816911292
-0.0790212385916274 0.0199613232940609 0.0489132120518956 -0.304619360916885
-0.0607613804202308 0.0344932819751267 -0.22725581997473 -0.333032142309924
-0.0699291781728728 0.0615382189160973 -0.521972476744393 -0.347697819432359
-0.119180226219354 -0.065951128262721 0.226500538608119 0.0707077881791597
-0.10994347476485 -0.190044223211111 0.0719576204769811 0.144659359801641
-0.0730063558506486 -0.250098456649011 -0.143058818757328 0.275642174825238
-0.0511679147839303 -0.259804988033129 -0.252043444583485 0.322054327381281
0.035254924414891 -0.228897554879386 -0.362028412213432 0.236121964012946
0.110814510609529 -0.256840771562204 -0.417456624103239 0.160090241006085
0.109826732681184 -0.276994495861428 -0.348319318587026 0.130062868358052
0.0814634317928028 -0.267168238478261 -0.190007644807332 0.163600670982699
0.0146178813898261 -0.244675174743298 0.011357284583276 0.171467172794324
-0.0572132606594237 -0.176491599543515 0.190971817068963 0.105911498214645
-0.148838937636584 -0.105227996768698 0.276866349213312 -0.069480580611893
-0.173011062145106 -0.0715785866753124 0.223253146642519 -0.23959851337685
-0.122911731827771 -0.04445533748031 0.0466470959589363 -0.338833624691604
-0.111956574473304 -0.0188213172046699 -0.197988180331159 -0.361379515058318
-0.127035392772035 0.0142628245090555 -0.473682632922363 -0.348503571912416
-0.145784539068672 -0.0911658206589557 0.288641222981802 0.128911963018997
-0.151033986853003 -0.205744825584378 0.119713546685677 0.202407290201484
-0.128141697665428 -0.270790320657774 -0.121975018782221 0.298820743587641
-0.111986193409841 -0.297685832284368 -0.230969906091071 0.306621943931596
-0.00156332450927346 -0.273871922910819 -0.31558529652499 0.193208000751358
0.113806811997515 -0.295248183148261 -0.342051213888787 0.0873118794669527
0.149673787440161 -0.308981852981003 -0.275902264895833 0.0307349760382184
0.142296786536427 -0.304646690252919 -0.142275545888857 0.0531189771762868
0.0798250287503003 -0.302336370875892 0.0279834240370884 0.0798480617614776
-0.0131326567049799 -0.25344587100101 0.183400064570925 0.0412587494026686
-0.141307122091372 -0.200469848915378 0.260247888280343 -0.111502826030893
-0.193410581747487 -0.173427047553734 0.207662663257737 -0.274901235309657
-0.150316146204667 -0.133161712576357 0.0578210725506127 -0.369646221988818
-0.149467820731952 -0.0956329052572193 -0.150380787374098 -0.371280182062313
-0.162125177081005 -0.0508271219563462 -0.40746450611202 -0.325523334351041
-0.142444711200329 -0.0962919717938717 0.358677346985594 0.183586323737863
-0.158443938285812 -0.179128242581717 0.18144599491607 0.235245599128949
-0.147406242284833 -0.22938578187202 -0.0885555654316768 0.29285285766887
-0.138713596902365 -0.263030963936837 -0.21250536962706 0.263131018646526
-0.0324073150035535 -0.254159318346814 -0.287975843706714 0.133711395942237
0.0971203731637735 -0.280422410569942 -0.283742524868907 0.00649366497038844
0.160381447540291 -0.296078698105484 -0.204980293840712 -0.070311771443203
0.181885850986152 -0.297646764339704 -0.0742748094021804 -0.0609042446596063
0.145832878432136 -0.313025847766176 0.0715295291896741 -0.0320128536854202
0.0617538159483655 -0.296343318061046 0.197329461913705 -0.0486809861130701
-0.0721609185785512 -0.280868748908225 0.250599132285471 -0.170074492499952
-0.145861836091893 -0.279586674149841 0.193826299807989 -0.308426695284092
-0.127024982697896 -0.231367618679272 0.0779079462698604 -0.381275641600266
-0.150691756638037 -0.182506487639133 -0.0922963605402045 -0.347097577185997
-0.164003167062071 -0.120028294394914 -0.333590535453712 -0.275913878979156
-0.112369966074573 -0.0922419308664122 0.42068597045786 0.226146783917763
-0.126510883309885 -0.144564569037668 0.230722369201021 0.244293859728917
-0.112268055945524 -0.17272700586455 -0.0660368858636529 0.269700993468965
-0.106396236507324 -0.205643139636917 -0.209335782637332 0.214024423975113
-0.0248340431417041 -0.200365097849723 -0.27982160231609 0.0786619629802958
0.0850681068132658 -0.225648596042125 -0.248393611020521 -0.061857050837874
0.15194615212772 -0.245213217977621 -0.146305896652443 -0.157037642356173
0.191853984607184 -0.247722652156071 0.00192258652049266 -0.16409733193127
0.191916136171089 -0.267320836959404 0.14646893364705 -0.145162602627954
0.146923888546453 -0.274482242284137 0.249860105450228 -0.149362901000592
0.0486933193884763 -0.292930148187055 0.267011505710663 -0.238275269882658
-0.0238082303071199 -0.32772290065754 0.187154650075705 -0.334177264097918
-0.0403372865464685 -0.287522643695585 0.0967249850753137 -0.361470444499615
-0.106596239147514 -0.240745523525384 -0.0465033518352574 -0.27996024504299
-0.130886486568601 -0.166804576740453 -0.268439373139074 -0.199846835765386
-0.061896060862571 -0.087141277958837 0.469324287455411 0.257190665229046
-0.0749804659987982 -0.117363023206982 0.258181941836547 0.247539248309214
-0.0519233317772159 -0.125579582141329 -0.0562170246308079 0.25377582524726
-0.0415848597206589 -0.153563682933633 -0.212211636303097 0.181881034070949
0.0104228566439544 -0.141684618422818 -0.278449879027441 0.0441963336799555
0.084525834419606 -0.154594401572929 -0.226091734040559 -0.105771915677173
0.135115683179453 -0.165651431688188 -0.100685164509935 -0.219016762076916
0.173971913191719 -0.159726122689732 0.0742743793565147 -0.240633473327709
0.197102289505892 -0.171332389742915 0.239318537187635 -0.234791282219116
0.193264729696371 -0.182140603339022 0.341568919682188 -0.228479388913971
0.147567232287038 -0.209964923568613 0.321037883776063 -0.290896546875008
0.104092641984644 -0.269887108507451 0.189216469406418 -0.34950820720079
0.0614151670439609 -0.251374568611195 0.0982024052788507 -0.321594553725077
-0.037302754671775 -0.230258148726694 -0.0353777503197667 -0.19333489662084
-0.0727895957017239 -0.17095734977335 -0.227965209160763 -0.115064057334269
-0.00109752091235242 -0.0817389863091792 0.497127901123111 0.283312189422746
-0.0211003134636894 -0.0962813457371068 0.268372320249719 0.25722390872796
0.00683049301721955 -0.085608449505102 -0.05077148868332 0.255529971893834
0.0231942849787395 -0.106980609520819 -0.212402943769381 0.17037547967535
0.0521468721664431 -0.084913043123706 -0.274333051413163 0.0278299857644634
0.0865692931829541 -0.0784270307971827 -0.208357627636596 -0.126826727415176
0.112354310371345 -0.067726784554974 -0.0656477225592657 -0.250945834538975
0.126027761777102 -0.0471120315882732 0.13521810960241 -0.276414066825363
0.14638509804252 -0.0452685871492029 0.32617892174586 -0.277788033885595
0.158133411926997 -0.0537245701005028 0.437278788552186 -0.260120544730894
0.153208946350302 -0.0765043425369747 0.382890596913323 -0.310439387668811
0.14541767895105 -0.129757993312935 0.203078281870412 -0.356778352890604
0.105411545131071 -0.130016340976488 0.0863608756854835 -0.285674346759363
0.0161480150904579 -0.144069121487135 -0.0504311910927607 -0.122276478861162
-0.00524482016425608 -0.124851899938714 -0.215173397991004 -0.0485692319155555
-0.0107906398002473 0.0572768061931554 0.168814176666018 0.0221737692446848
-0.032190905920628 0.00410840053459859 0.0483390759113395 0.0752401178034245
-0.0523901998977599 -0.000345933575519157 -0.116265716778633 0.242438417084614
-0.0698287121780518 -0.00173920284787501 -0.244342690402562 0.314367970137546
-0.0499138283867785 -0.017768518335284 -0.415551954822963 0.259688508880193
-0.0417032190743448 -0.077686256411893 -0.506049782992463 0.238791029748482
-0.0633657399882183 -0.0964140122848373 -0.411317077601282 0.261845178975285
-0.0726842233984261 -0.0821704523270177 -0.201368902279696 0.305336849948694
-0.0889853273516517 -0.0542937553256565 0.025641749250271 0.260145379956469
-0.0899771621106939 -0.00650203670517755 0.212440979208235 0.156507357929541
-0.090532086533547 0.0510859384924948 0.287103326002027 -0.0340017704745949
-0.074190324225385 0.0743425045138077 0.241685891522474 -0.195070081514884
-0.035594763203489 0.0665574843519853 0.0522538279234694 -0.278021149481544
-0.00803148082103731 0.0679288321220286 -0.239776144259774 -0.296993124912305
-0.00120316002215873 0.0868556354955154 -0.54629907418648 -0.321649780432359
-0.0679134656272241 -0.0127998476616094 0.18699182692501 0.0237458457062043
-0.0621700400564209 -0.112726650953998 0.0562893286715898 0.0878092653948668
-0.0389050665571245 -0.14572724098991 -0.127105446432178 0.247080727283664
-0.0299124839572317 -0.142434743587662 -0.250153350954295 0.315020360443255
0.0226927158771511 -0.129442790373387 -0.399830497637696 0.251987289970608
0.0553635871381146 -0.175644047856799 -0.481688113044122 0.209927344726791
0.0343262107876247 -0.199734312758157 -0.399461205111277 0.210410274630344
0.00679144714107165 -0.186132178376611 -0.212879607347448 0.251318776429337
-0.0402419805607208 -0.155109773284026 0.00798677558518531 0.230617542474395
-0.0764544535127088 -0.0906471273760843 0.196878019671286 0.140673804568205
-0.120980131208705 -0.0204084411871056 0.279763616218107 -0.0449830743475287
-0.122727925523296 0.00939505400993111 0.233132352020687 -0.210528301672754
-0.0772073438424733 0.0188874964171229 0.0458436183359264 -0.302427807548247
-0.0571271094598811 0.0339541821932165 -0.228575096752227 -0.326154555371488
-0.0662012092733733 0.059769678909788 -0.520975761534986 -0.336960036120245
-0.114599665513194 -0.0647546836254573 0.227300498719173 0.0651680064084881
-0.107527178131076 -0.186253438966079 0.0769079435641766 0.141018310188779
-0.0718001727420274 -0.245007568947937 -0.133328767552933 0.277358556860837
-0.0518033034135131 -0.254250775746145 -0.245533710510188 0.321429434120806
0.0367653555297027 -0.226090311327733 -0.358385126383356 0.236674181704739
0.109818408643357 -0.254766960868077 -0.413420314446204 0.161307466850191
0.110035429147474 -0.273459080381055 -0.346968766878966 0.130385836518563
0.0828633559301578 -0.262463039811345 -0.191992288517833 0.163330513530732
0.0159758380430411 -0.241451546918858 0.00617585153636395 0.169866479064723
-0.0540613379466028 -0.174820059792664 0.185073937798128 0.102946623115915
-0.143724597120144 -0.103292361481347 0.269507209464929 -0.0715709781380816
-0.169046290650919 -0.0697172908377502 0.21847620265223 -0.238988885521784
-0.120162161405373 -0.045561676323906 0.0423918740891559 -0.334747933430033
-0.107584975330537 -0.0188954491652497 -0.201240503179109 -0.354407402116602
-0.121881743050405 0.0129767462726207 -0.474523826555821 -0.33841370141883
-0.141381139442744 -0.0903172177201394 0.288122429547374 0.121783065922313
-0.147917921691398 -0.201891220052768 0.124353697280898 0.197327500059784
-0.125931260592069 -0.265024898296668 -0.113342096841752 0.29863025858086
-0.110221259468767 -0.291232227281245 -0.224908656562568 0.305616556396424
0.00172761725378059 -0.269827637459743 -0.313225723393596 0.194313761871391
0.114758396658413 -0.291925890363242 -0.338801941857711 0.0899135805184249
0.151130408266443 -0.304279243189159 -0.274513083004353 0.0323026308194057
0.143022427019955 -0.299826998760581 -0.143375939087839 0.0550170914113225
0.0804741026618046 -0.298363072257541 0.023660190834132 0.0788475269508451
-0.00992969780848113 -0.250697589293216 0.179164594838823 0.0390536249723933
-0.135977985420747 -0.196680899768828 0.253434310669479 -0.113039576825233
-0.188980702780802 -0.170210914812115 0.202509508847386 -0.273074273341439
-0.147290246021508 -0.133214758209346 0.0512794602063338 -0.364299984864069
-0.145191021760081 -0.095345289582193 -0.155728180043898 -0.364871611592914
-0.155801748718553 -0.0524141697158642 -0.409743152096643 -0.316708118546662
-0.138364483413387 -0.0961312649779345 0.355740944162071 0.174981407989775
-0.155104300555171 -0.176660536195204 0.183735500841107 0.229492423971998
-0.143300176735011 -0.226270607853233 -0.0805634464518207 0.292440748285348
-0.136463830077397 -0.25868869579942 -0.20720432948212 0.262402960875694
-0.0282257943536922 -0.251426685102008 -0.284814144496371 0.134249817658052
0.0992737859181421 -0.278068806057634 -0.280258523978537 0.00908440925470344
0.162043917435109 -0.2912224656902 -0.203378817408503 -0.0675542848908206
0.181457691918568 -0.29309554276443 -0.0755104531965868 -0.0583872458302667
0.145242343448977 -0.309467466225722 0.0682937670826825 -0.0320199251599154
0.0635665833903343 -0.293047580838709 0.193523980051144 -0.0507814925457904
-0.0678986261665731 -0.275845806093612 0.243214364925802 -0.170949607782482
-0.143420375297502 -0.273188487830393 0.187505577298167 -0.305166625924161
-0.123955828576778 -0.229816185260709 0.0689469706506321 -0.376202175502828
-0.147066544029989 -0.180961872622815 -0.0985986913965437 -0.341357201493449
-0.158053359734426 -0.121242913437863 -0.33693508948555 -0.268514352138758
-0.109219846486625 -0.0932053906899361 0.417798338019603 0.216732338426591
-0.123966894592761 -0.14354199427403 0.231691066544252 0.239009540084364
-0.109135063135047 -0.170853185027065 -0.0596302022420214 0.269720478703785
-0.10472421616625 -0.203409794413324 -0.204496321840225 0.213789102349432
-0.0210474967486627 -0.199039885939892 -0.276833316662298 0.0802493247599073
0.0884251989466026 -0.224748664904079 -0.244438207899224 -0.0593482304195871
0.153434316060386 -0.241730434739865 -0.144139387740814 -0.153800315119516
0.192199031945592 -0.244119286798667 0.000939365684591263 -0.160749265503766
0.191223565344485 -0.264090309918861 0.143158274846493 -0.144089101947212
0.147631072734589 -0.270673868373399 0.246543926747771 -0.15154307424996
0.0508231943611274 -0.288023627579186 0.260064547218833 -0.239086603879754
-0.0226124678252016 -0.322776248197644 0.179490314604055 -0.330775644890834
-0.0382293144250597 -0.285065067347327 0.0870468549813243 -0.357639838213084
-0.104000438237211 -0.237986314118942 -0.0527198874809443 -0.276126983794506
-0.126760896770826 -0.168076453243993 -0.272529287861251 -0.193092664344004
-0.0607739945097223 -0.0884352553841963 0.465023771695624 0.248568149759563
-0.073891160632025 -0.117524291625115 0.258330385956735 0.241837315103399
-0.0500971454425157 -0.124919896525658 -0.0500779500716066 0.25413224910859
-0.0413612488730738 -0.153543143967933 -0.207572041460483 0.182609205027541
0.0131907279956914 -0.142161396154578 -0.274887379424472 0.045365047938781
0.0867214824033617 -0.153799141951746 -0.221121585050329 -0.103123995475475
0.135957596527811 -0.162874853829919 -0.097476860770453 -0.215638019936001
0.173613858962091 -0.157484592447744 0.0740841987321716 -0.237394945139738
0.195897009584446 -0.168178920596391 0.236294532297446 -0.232171343684298
0.191793902598794 -0.179702625462508 0.338862672075978 -0.229256203312654
0.147642312883081 -0.207017650934409 0.31308162058476 -0.291436731066139
0.103236889798 -0.266408925268772 0.182414814410698 -0.346525479721074
0.0613909430975705 -0.249894935565674 0.0879590066235922 -0.319525211148749
-0.0363579686759313 -0.228824896854875 -0.041020468784174 -0.190478611229704
-0.0701420919298524 -0.17183248969836 -0.232091437943715 -0.109588762947456
-0.00186837496792556 -0.0832743711123717 0.492480022656253 0.275140978651399
-0.0209322905744599 -0.0964128194978059 0.268885722070517 0.252345606494296
0.00790232767647219 -0.0858948490818373 -0.0455688406472513 0.256357609880596
0.0221695028635841 -0.107558691269046 -0.207486057997285 0.17126961388431
0.0529053267144209 -0.0865628365849603 -0.270662671236313 0.0290360041034382
0.0866098261335917 -0.0781482104564602 -0.204013306098462 -0.124334267129795
0.112175618609492 -0.066756841564327 -0.0621537130434777 -0.246789001666415
0.12599657585089 -0.0458832043779051 0.135410931468385 -0.274150889866802
0.14496680319504 -0.0441918436347067 0.321608654889846 -0.273958490251612
0.156531493035689 -0.0529469309121491 0.432627787222881 -0.259460559490046
0.152477144560582 -0.0759239308256049 0.375921973460721 -0.309916739847965
0.144903607200984 -0.129295229513607 0.195698304997581 -0.354155058392425
0.105115401712919 -0.129849926642723 0.0776979607517736 -0.28549688103283
0.0165312760855611 -0.143521619461031 -0.0557642943658542 -0.120586933748963
-0.00423572658589718 -0.126779486556013 -0.21972576622004 -0.0434016928344936
-0.00878336680704185 0.0577262003127262 0.175876567296153 0.017553032736703
-0.0317348090255311 0.00601774322597799 0.0566894098631566 0.0739547013126255
-0.0526664907306767 0.00136483285856057 -0.108640225582286 0.249265401319911
-0.0717957048506184 0.000248691342085735 -0.242593140986889 0.323212688110228
-0.0516609608520092 -0.0183524995279283 -0.423175689906826 0.268447260579608
-0.0443665068435518 -0.0787767694674042 -0.515040420873305 0.248409331219902
-0.0654499418383517 -0.0972497674250601 -0.417722501775048 0.269975422070798
-0.0737446427912423 -0.0822597190612697 -0.20727463621236 0.312296062597007
-0.0908303747940264 -0.0539477165311476 0.0202470213539773 0.266235490618076
-0.0922292877183255 -0.00589131716079469 0.211966846798911 0.157504924035202
-0.0910818057602 0.0522770934248722 0.287567403539324 -0.037253374283829
-0.0730881975386105 0.0772172894516437 0.243606342805066 -0.201262421039436
-0.0357025939998125 0.0685012034328011 0.0501213199132863 -0.284166331013878
-0.00578142983452552 0.0697497931586229 -0.246508401555375 -0.298792931436064
0.00135577141978587 0.0879272760108061 -0.560230953411988 -0.319276091189295
-0.066605929790705 -0.0131561839024093 0.194331140486968 0.0188837152155673
-0.0627170080331697 -0.113003925373842 0.0644824123508083 0.0861856802368578
-0.0395817901481847 -0.146311344129242 -0.120064663454075 0.254796326118061
-0.0314654842382354 -0.142844733407947 -0.249398267120848 0.323187042281683
0.0227579591194667 -0.131852416336907 -0.407637415575978 0.260396182784728
0.0549722194479542 -0.17916900236247 -0.48924476287422 0.216911368377094
0.0353033689887145 -0.202679515612734 -0.407395193924354 0.217216351581449
0.0074912204751879 -0.188342248163759 -0.218952461968767 0.25825248505821
-0.04058364800753 -0.156992157104385 0.00247011351685273 0.235606304668039
-0.0764623260739786 -0.0916107042442498 0.196562514205223 0.141535531769408
-0.12008108109505 -0.0205367079589144 0.280200984689541 -0.0483623281885735
-0.122877933134942 0.0108348997264903 0.234472446817896 -0.217210156500004
-0.0774845316944021 0.0187832441122731 0.0425498673666857 -0.308041863242548
-0.0551838846859627 0.0345585580445673 -0.235578301357235 -0.328566197849328
-0.0638475232286576 0.0595428645341739 -0.534596733719455 -0.336962813289271
-0.113393980685348 -0.0657455732792552 0.234606819504415 0.0597591259335077
-0.107995462753676 -0.187749713769125 0.0848444879269471 0.139602963897058
-0.0727747549615304 -0.246644957377444 -0.126490492134618 0.284427789079595
-0.0532640177696415 -0.255517631342027 -0.244181563348888 0.329524330245583
0.0383853570978134 -0.229261475684299 -0.364582431175839 0.244792466746018
0.110398369473113 -0.259191353425608 -0.421997771620461 0.168035624096985
0.112656142340375 -0.27714550928341 -0.353434835783715 0.135868203412579
0.0842863582930835 -0.26530526988661 -0.197547215133763 0.168581528831032
0.0176012385018988 -0.2449140311212 0.00133687933597858 0.173462457277102
-0.0527020877519712 -0.178403067986128 0.184490405657704 0.102811007311734
-0.142880143925892 -0.104746527500059 0.268923721606434 -0.0754152127866245
-0.169813311074059 -0.0696237126430624 0.219579005105394 -0.245589312914648
-0.121535777602057 -0.0471453862583762 0.0391933152143893 -0.339597538722867
-0.106722830839209 -0.0199769313392471 -0.208989028163683 -0.356020043759717
-0.119813084833333 0.0115902812558107 -0.487931093554059 -0.338920384933078
-0.140080043326831 -0.0919647686032257 0.295699620777897 0.118186288193899
-0.149333262556907 -0.203607050578056 0.132682326860454 0.195803907447095
-0.126458889892535 -0.267884731426613 -0.10592251339775 0.30586559101675
-0.112539347756144 -0.293224536501024 -0.224351056590556 0.313888959511173
0.00345864659507494 -0.274198493345646 -0.317989634188328 0.201471903984985
0.117757877082629 -0.297434841001486 -0.344869519764781 0.094389612929385
0.155153111936068 -0.30927507586646 -0.280615427538401 0.0355974216175589
0.147041981283233 -0.304016553701775 -0.147979702118701 0.0582698327683006
0.0829756994189681 -0.302740728227041 0.0211995044047678 0.0803012467004311
-0.00783833773725848 -0.255206765714745 0.17988457651722 0.0376206367762539
-0.134876460139396 -0.199394661568766 0.25255642934914 -0.117004301985241
-0.190938473346012 -0.170682987922983 0.202635561201228 -0.277983994366908
-0.149527437487406 -0.136773732910468 0.0455842576626114 -0.369036729307549
-0.144976514844916 -0.0971575255208929 -0.164261237195713 -0.367331761198931
-0.154506931587361 -0.0554157165201999 -0.423455052737923 -0.316756476574569
-0.137736418937758 -0.0990142309236933 0.36437993727141 0.171810314407689
-0.156490785844642 -0.179302740392565 0.192638273912836 0.228474174132494
-0.144340855350873 -0.22804937957426 -0.0742431673901873 0.298976661016458
-0.138321652655154 -0.260737630157406 -0.206379511648865 0.269015763179357
-0.0254459475506632 -0.25587448535001 -0.288333940672539 0.140361484744106
0.102531287118441 -0.283081836437168 -0.284815327280307 0.0123609791814135
0.167345900504396 -0.296108538072843 -0.207616967511718 -0.0665696389248978
0.186961031195227 -0.297627915469025 -0.0777288445640655 -0.0573730144979374
0.14823002800887 -0.314053595685705 0.0669652692249696 -0.0327088047059256
0.0663940172313592 -0.297135551637306 0.195028988850817 -0.0547548692414781
-0.0665603933382405 -0.278501892964837 0.241981120093181 -0.176988561381394
-0.144934663832231 -0.275588747711599 0.186916956559787 -0.311067058912323
-0.125532611818056 -0.234860021307845 0.0623354029579235 -0.380253349384568
-0.148019085336211 -0.183375053621333 -0.107308422135023 -0.344502394321039
-0.157538245309465 -0.12515870961609 -0.349985694793451 -0.266168162436309
-0.109354949121705 -0.0960628727978671 0.426567634555553 0.213969151648959
-0.125566765243687 -0.146863373989758 0.240438118495109 0.238603906648267
-0.10902973261309 -0.173926984410221 -0.054094412379092 0.275948671637278
-0.106255956775377 -0.207064257756186 -0.205006573819118 0.220043145715889
-0.017967290047572 -0.20417694907258 -0.280138778071922 0.0848325164406231
0.0922429444529796 -0.229695851280618 -0.247583322188068 -0.0579359614339466
0.15956249517171 -0.24546157900342 -0.145914363827294 -0.15435482990275
0.195997030722241 -0.247338828291617 0.000111975040628926 -0.161748719690644
0.195523710602736 -0.268019221138118 0.143743254238451 -0.146469711995459
0.151549042785764 -0.27513153876504 0.249271255085673 -0.157121346824085
0.0530930980437538 -0.291850422974609 0.260027410389296 -0.246811232399278
-0.0236995766769227 -0.327361173370245 0.178344034625698 -0.336073173767192
-0.0399507810771966 -0.291346157117792 0.0791029683917452 -0.362336947177442
-0.104743769614491 -0.241485511562671 -0.0613948841319048 -0.278874671902975
-0.126852045577588 -0.173068617756293 -0.285391847376583 -0.190825201753849
-0.0609425771896304 -0.0916739625583126 0.475203998609084 0.24660996942101
-0.0749263998131264 -0.121433110997591 0.267624644912176 0.24275650190551
-0.0496088296533408 -0.128697972748914 -0.0452897136602419 0.260394520109957
-0.0431565991281198 -0.157863024628376 -0.20780824086811 0.188110999725652
0.0158919968901864 -0.146682261974393 -0.277647497546738 0.0497567007928786
0.0907946249381366 -0.157600754324564 -0.223201861590398 -0.102767930915202
0.140167254268065 -0.165455209491712 -0.0973880565364931 -0.217580361813313
0.177408253562862 -0.159438687108874 0.0762863173105135 -0.240715207530484
0.19995994362671 -0.170850462970837 0.239430569083553 -0.236687712494522
0.195827169227372 -0.182274514507126 0.343780884169133 -0.236292872403974
0.150894208972852 -0.211490692395589 0.313489369119621 -0.300020717388855
0.10448736861216 -0.271474085455849 0.180133750247597 -0.352883947288243
0.062517395003973 -0.255653630407912 0.0791142006069436 -0.325281156274193
-0.0370896217696495 -0.23198590698876 -0.0482783113068164 -0.193274279338043
-0.0697406964925584 -0.177265912397429 -0.242742103194646 -0.105881660224072
-0.00242326884569627 -0.0864090349073561 0.502629230733041 0.273442867780921
-0.022352760995033 -0.100385464590705 0.278000993100545 0.254820254543437
0.00885999286144486 -0.0883670140084073 -0.0398633565742613 0.262797345471665
0.0212022461960839 -0.11128380285713 -0.207595784843732 0.176855320481325
0.0546844833533464 -0.0904051957179137 -0.273708294278344 0.0333385661846145
0.089674227716569 -0.0798876720870368 -0.204795630890407 -0.12456130901894
0.114893890890827 -0.0676674058404745 -0.061028319725612 -0.249558712689495
0.129511870866896 -0.0467167698579894 0.138281784622842 -0.277900641622529
0.148369543260779 -0.0446777813649256 0.32590458457712 -0.278475838897195
0.158759263895677 -0.0536768747907084 0.439849416833903 -0.269271572051974
0.15588027138872 -0.0788489015291213 0.377718374568846 -0.31744534326459
0.147501187845752 -0.132760641212588 0.193429014729309 -0.360944215119861
0.107204715836665 -0.133915156091699 0.0706723673525267 -0.291619809356905
0.0165703531317873 -0.146650607243859 -0.0624835123504642 -0.121409229262577
-0.00454856231454931 -0.131954230879518 -0.229076457840814 -0.0377828553132399
-0.00643748325137401 0.0591331891749607 0.186782820686344 0.00773571983309648
-0.0318844501118962 0.00793950880370869 0.0677067159201398 0.0715751697055857
-0.0538775956651363 0.00459824918861792 -0.0974692628254558 0.262396278823935
-0.0748201785034371 0.00434218385973613 -0.23731311109058 0.342682575346582
-0.0550187666716302 -0.0177315445181453 -0.4306573614112 0.290931214853618
-0.0504978276973203 -0.0799195388088691 -0.526079083362343 0.274232572202807
-0.0706921607958446 -0.0987515058574964 -0.42535821823146 0.293075528392859
-0.0781391874493891 -0.082685153709467 -0.209956874745626 0.32936894089025
-0.0956172943911225 -0.0529740619395645 0.0216338926192896 0.277113047896566
-0.0960137850348742 -0.00291886987498212 0.218344829047641 0.156779020628694
-0.0921626100732438 0.0561037277343149 0.293166983688998 -0.0466963017838171
-0.0721851137485548 0.0821589855421857 0.245763660741316 -0.217433746473731
-0.034199813202857 0.0727324717504277 0.0428504265368067 -0.297393928640389
-0.00202204249940171 0.072314790675709 -0.264039296142117 -0.298957316245649
0.00563411535093187 0.0899994350229253 -0.5911602167864 -0.308334357050976
-0.0674183035840025 -0.012700313465216 0.204905839334275 0.00927091885745723
-0.0669450659810774 -0.114415452137077 0.0755780412062391 0.0838535318335963
-0.044380031877184 -0.148526400566576 -0.107977138889754 0.26796839121793
-0.0370947777759009 -0.144005082857541 -0.244593374378857 0.343315793637523
0.0199301777129979 -0.136990771240788 -0.413101993703995 0.283013297281032
0.0512972754522177 -0.186519718033138 -0.50177905799442 0.239399205125132
0.0310365096346985 -0.210250185230406 -0.416765832765853 0.237317968797548
0.00365928328966546 -0.193804790198989 -0.22303169624995 0.274549895812054
-0.0453630874112982 -0.161486604406688 0.00334571388512629 0.245643315162155
-0.080965319677002 -0.0933584386542008 0.201918015646423 0.140919076233661
-0.122762507303922 -0.0187884551661494 0.284889214625157 -0.0578716224562557
-0.125793851971853 0.0137436265318738 0.234737450411118 -0.232815545349791
-0.0793087833154662 0.0203277557495444 0.0336945250690628 -0.319994441052777
-0.0536564995083313 0.0364969647928941 -0.254539906819939 -0.330208031395898
-0.061304221667286 0.0620652872669937 -0.566067457277202 -0.328262333906292
-0.116954290935334 -0.0661960199197951 0.247646007928537 0.0504083329123586
-0.115687872150676 -0.19059763598504 0.0978154330035613 0.137845853873067
-0.0808259922524575 -0.251553402572101 -0.114396196526936 0.298628699604353
-0.0614398222814861 -0.259072828590287 -0.239419839848227 0.349905636891619
0.0347196468354557 -0.237297628119753 -0.370324938521108 0.26648907882045
0.108664394826672 -0.271065434827017 -0.431440047559482 0.188400733669212
0.111062048769613 -0.289696228298532 -0.364030124310166 0.151505121479712
0.0826117186597619 -0.276090962320118 -0.202263970861332 0.181958986668025
0.0133680216119716 -0.25369003455185 0.00246219136494294 0.181126291662594
-0.0570423386814006 -0.183218769749615 0.189641118698294 0.101172387776013
-0.147082365323355 -0.104986428349861 0.271952052510093 -0.0860505939226123
-0.17656290717415 -0.067425642491434 0.218733984889857 -0.260030785077994
-0.125748786998305 -0.0477737806675997 0.0277556918035933 -0.351087519625356
-0.107430492296065 -0.0187441987641634 -0.229404752951782 -0.35963607092137
-0.120022222474427 0.0129373914449551 -0.518220346048783 -0.331550030198738
-0.144483138452037 -0.0929111660608133 0.311577728233975 0.108917686336894
-0.15798142807953 -0.205974506101159 0.147264620034986 0.193681012220831
-0.136479037168327 -0.272226084940069 -0.0930189597331876 0.319881100223989
-0.123023579091395 -0.296652683668529 -0.219200339990576 0.332078762020111
-0.000914343345256081 -0.282747219124901 -0.322641265066734 0.221055093481493
0.116039422021275 -0.310527135773695 -0.353672940760964 0.109942311421757
0.156115057674678 -0.323468768510301 -0.289929288156033 0.0464570487006925
0.146899151926725 -0.317371855782836 -0.153333302132249 0.0654439474403583
0.0815000069171215 -0.315455818017974 0.0211713447882952 0.0834992963508667
-0.0121185380461433 -0.264320205962927 0.183404695768088 0.0321178228588323
-0.140656622778364 -0.202121748308478 0.254059070909875 -0.129088611115204
-0.200375894792767 -0.170590643337762 0.199441596507441 -0.293842196416264
-0.156381948384304 -0.13900561680773 0.0337061745967406 -0.380161698409865
-0.149268370544071 -0.0974716680546777 -0.18475583908889 -0.372244496427757
-0.157341876573001 -0.0559955867718122 -0.452277071735761 -0.309700529737014
-0.142662560816978 -0.100485469839881 0.383713691097986 0.162950846795335
-0.164771107578552 -0.181891662899092 0.209840711275326 0.225622266344091
-0.152492212283312 -0.232706111204004 -0.0612003705568474 0.311075868136184
-0.148628104299539 -0.265192866448341 -0.20302803874043 0.285772766204777
-0.0299854687511567 -0.264227333790994 -0.294235838087429 0.156910200484795
0.103183102907281 -0.29619950737744 -0.293115191838562 0.0228559945982677
0.169183058468135 -0.310626617718145 -0.216527692735642 -0.0615289137925072
0.187250485059136 -0.311645057823609 -0.0823799926016507 -0.0561853882285057
0.148274222283244 -0.328481858038495 0.0674665357282093 -0.0352600837837567
0.0638964695841244 -0.309113155579683 0.19866303503773 -0.0638416213425886
-0.072262043402263 -0.285177803138932 0.243047426519853 -0.190754840499285
-0.155480128931083 -0.280072857886783 0.182382451981615 -0.326131720380249
-0.135320376131064 -0.24038099724094 0.0487404001235269 -0.392254883891728
-0.155553782332446 -0.186211744211255 -0.125883759057333 -0.350421946923694
-0.163421265026522 -0.128517327971657 -0.374101686450715 -0.26090120170431
-0.113962636286549 -0.0987993163995473 0.448581418800567 0.205155623684047
-0.132943515688653 -0.150274112591379 0.259597730748743 0.235248955337747
-0.115677971204349 -0.178910180534624 -0.0426023098630235 0.286572418204863
-0.114678999447266 -0.211583109488962 -0.202806320643016 0.234702334055938
-0.0202820862141586 -0.212320771717881 -0.286042425724276 0.0981766251691337
0.0941060503278124 -0.240954176745313 -0.255741276220806 -0.0516158856121949
0.161894641852482 -0.25765333883984 -0.153112081122975 -0.154204048261512
0.199149647985482 -0.259966119267558 -0.00234939383110961 -0.166617267099368
0.196708419474204 -0.281983573291641 0.144449909561906 -0.15539074624537
0.15113296342733 -0.288310062819571 0.253313971759147 -0.171490193007971
0.0505303500980312 -0.302011974064408 0.257969951519168 -0.264041868847973
-0.0315500302169614 -0.335989179807739 0.171670761443851 -0.35341434201734
-0.0479524028529744 -0.300606377521433 0.0640878552439483 -0.375019608772098
-0.113313876698797 -0.247750441556726 -0.0771782615933924 -0.285764881888392
-0.133442614344346 -0.178430185509747 -0.306392623610641 -0.185293556392214
-0.0652864737480938 -0.0957266847678452 0.496846331299529 0.237782645740795
-0.080673557888519 -0.125477472918872 0.286553157741842 0.240864011210596
-0.0532272357016705 -0.134100889015514 -0.0337002562700841 0.271350937715334
-0.0485214778539283 -0.163564638609926 -0.207466249087414 0.202332097989596
0.0145092933386421 -0.154802435619525 -0.284248801412343 0.0613284307738032
0.0932609094625155 -0.166647253443907 -0.230232071131048 -0.0990249857156594
0.143990859790299 -0.174098764479347 -0.102898758416644 -0.221063500467929
0.181054861152353 -0.16874520994878 0.0736672742879347 -0.249561340334721
0.203004077390683 -0.18185583511571 0.24042047111857 -0.249733790071647
0.198457299086184 -0.192692683589284 0.349392440640699 -0.256665944504971
0.152756685573864 -0.221893871601258 0.313129196765312 -0.319998495194836
0.101256749026864 -0.283454063109464 0.17437302141777 -0.370294105010582
0.0578462076775325 -0.267500105750603 0.0667431939643399 -0.338220881711083
-0.0433787538894614 -0.239711155239141 -0.0608175441783038 -0.197573653911346
-0.0760955328617389 -0.184772191608871 -0.260903792718416 -0.0976797401049209
-0.00618326833574302 -0.0914807797190803 0.527422888787747 0.267508247557516
-0.0267610026691721 -0.105119976085729 0.297443923401695 0.253545474883146
0.00795354498903165 -0.0938590173207773 -0.0288890532680258 0.2735753445195
0.0182799190739848 -0.116726629091567 -0.208051232890879 0.190779195222632
0.0548766293374653 -0.0971233670736478 -0.281153745773957 0.0434551236381316
0.0934791750515134 -0.0855800633546531 -0.211417126698139 -0.122660437574545
0.118740632307208 -0.0730474592769287 -0.0650332962451151 -0.255767361685694
0.132981989192179 -0.0510953264435851 0.138467900992592 -0.291014429455117
0.152453718121008 -0.050190598279977 0.330765248074761 -0.295369177263662
0.163719676853512 -0.058491670589429 0.449054082592952 -0.293442836957332
0.159661796364298 -0.0861284122613173 0.380006448720585 -0.341155006901029
0.149148705771324 -0.142462068825245 0.186701986119809 -0.378665486524991
0.108127440256882 -0.142329204466044 0.0583721479067223 -0.304835110207019
0.0135224145643489 -0.152848972992058 -0.0725341622877957 -0.122654301469589
-0.00787081424151092 -0.1394517842011 -0.244423636930599 -0.0273698142487953
-0.00253411552179421 0.0606352051064745 0.197382280901199 -0.00849250819632558
-0.0318595418910682 0.0104580169412041 0.0796891060568001 0.0650291729047213
-0.0547986829696029 0.00850152856089896 -0.0759721399997383 0.275112326681172
-0.0771560388153438 0.0110621303536708 -0.21889349363418 0.367321738013138
-0.0584715891740806 -0.015059193227522 -0.425591254243879 0.326436984883517
-0.058370770635295 -0.0784571728087261 -0.525449917578258 0.314255085160914
-0.0783332703608503 -0.0969035944981098 -0.421794395411048 0.326239923637495
-0.0844943085169792 -0.0793162359093575 -0.200204154179613 0.352610885441684
-0.101963704837557 -0.048930204121125 0.032692593809304 0.286531658163634
-0.0991620976040717 0.00279800502596465 0.227995792089567 0.1500689741087
-0.0913553361618035 0.0629032125493336 0.295578277537805 -0.0644292274959882
-0.0688545850744083 0.0891042541974926 0.238370051840534 -0.241451642338248
-0.0312817126705727 0.0773451241621072 0.0256455494911848 -0.309742816556178
0.00422311426693218 0.0747556358833574 -0.290020536134107 -0.289216968817278
0.0124583022472256 0.0917280327206991 -0.629102826191299 -0.276628012317962
-0.0686527558547493 -0.0106211199894746 0.215608274152703 -0.00837795703446936
-0.074599758695462 -0.113239558765988 0.0883871925329786 0.0764775965866583
-0.0536984593806934 -0.149005177498534 -0.0877450357017893 0.282355578962864
-0.0467851478747096 -0.143180531878098 -0.226265023114373 0.368388945228433
0.0120723687678336 -0.141700319383787 -0.409133236655735 0.318782476371932
0.041206858940673 -0.194792471555965 -0.501393681873611 0.279661755837687
0.0210989117514998 -0.218247773799718 -0.416462233135114 0.270040101482816
-0.00557095472516754 -0.199096159880205 -0.217013468135135 0.296367386987529
-0.054664694079281 -0.164109693820051 0.012819954292329 0.255621307533461
-0.0871161377019145 -0.0906081704992561 0.211308459434242 0.134634809482107
-0.126083368441459 -0.0126246055246414 0.286167544908551 -0.0757553399349474
-0.127425736007219 0.0216788095215267 0.227530359245863 -0.254034222741911
-0.0802419409817546 0.0251584953149476 0.0148608776826028 -0.331157348182008
-0.0498330934965302 0.0396609141835753 -0.282067221891616 -0.322780130974726
-0.0568821690780248 0.0657035505391111 -0.6050603636209 -0.29770180715794
-0.121717656607109 -0.062960019855203 0.261475177950317 0.032488350347596
-0.127962537239519 -0.188820669306171 0.113708949116546 0.129926001202926
-0.096301969811512 -0.253208362773999 -0.091320175393463 0.313728349134565
-0.0781366312425889 -0.259686807104225 -0.221729498694024 0.375442885577277
0.0232259009161028 -0.246030271032629 -0.364125853198187 0.299143997154369
0.0975155738992009 -0.285619639228228 -0.433737272761565 0.220334873726594
0.100148288736295 -0.304652549857928 -0.365673791041307 0.178449471082312
0.0710050521302408 -0.288721107633428 -0.200200752012876 0.200392758824778
0.00160372884163418 -0.262712968236947 0.00912065689256215 0.187846998805617
-0.0663286659418856 -0.185702026194169 0.196201592344305 0.0932352287473615
-0.154832653052417 -0.100264530509988 0.271013768512008 -0.103573988361191
-0.183796264759247 -0.0598709758587359 0.208508656187345 -0.282030815529763
-0.131912667015872 -0.0437078955596769 0.00645213780459184 -0.361781736643762
-0.108727537764428 -0.0152139742605984 -0.258508253922891 -0.353556805020268
-0.119075238873086 0.0171269197109394 -0.556616452337178 -0.302687969143057
-0.151136678288294 -0.0896544670358722 0.329705699243543 0.0892770788289392
-0.172334361039121 -0.203444734156695 0.167484211244077 0.1846245309236
-0.153718518670394 -0.270906689109717 -0.0691247369431417 0.333397538675151
-0.141912600939336 -0.294794147216724 -0.20293169205121 0.35531634928968
-0.0145293055297357 -0.290520377147375 -0.317250701108346 0.248722462513446
0.104545578054761 -0.326777377997522 -0.357617295291398 0.134013556051817
0.144626314931304 -0.342979166566086 -0.296083020513357 0.0657208432812437
0.135541817742313 -0.335585980146188 -0.155430998476265 0.0778975835728032
0.0672244876355716 -0.329104134895615 0.0242522238359198 0.0863410151757685
-0.0236415368728638 -0.270933287156191 0.187668268853427 0.0221741467884518
-0.152516602335791 -0.199240019473122 0.249450561410707 -0.147194835067644
-0.213914553179004 -0.164008695827863 0.186491144141509 -0.314384737485769
-0.169151168677278 -0.135936183058612 0.00932556821303543 -0.390435690415879
-0.15625679871644 -0.0931430293650049 -0.215867417340285 -0.36888701264575
-0.162185247710026 -0.0512568270913238 -0.488460669052619 -0.288846300861387
-0.150162260188645 -0.097961597925138 0.406207983176887 0.139723455133988
-0.178606561886236 -0.179232191223855 0.232268908625775 0.213857221207604
-0.168075679502923 -0.23081358404152 -0.0394908893200014 0.322817846245443
-0.167061587277941 -0.262268798978388 -0.189596143675685 0.306820791910262
-0.0417463497999563 -0.270738708824599 -0.291137802204725 0.180760535571676
0.0930361768216278 -0.311858685222485 -0.298507834382861 0.0414866081482802
0.160360902398431 -0.329274086895494 -0.225277508233661 -0.0491445177972833
0.178173393075007 -0.330716715628366 -0.0885104656067158 -0.0518125649685908
0.135950287354887 -0.345889896527445 0.0659989260924469 -0.0390037646625742
0.0522773965970298 -0.321114669646379 0.197936731982389 -0.0789722670387088
-0.0865436487571602 -0.288555351538146 0.234097102081493 -0.21094668948297
-0.173843224369536 -0.278106625244103 0.167184977989228 -0.346430284702789
-0.152445320530135 -0.240855655925675 0.0230301277228209 -0.402337590991975
-0.167321235059306 -0.184002749623575 -0.154685020467575 -0.351097903523046
-0.172794734604203 -0.126054059341112 -0.406509323204758 -0.240591231850047
-0.122396775903112 -0.0987261257646727 0.474291128302211 0.180499641962358
-0.14532641338582 -0.149085546929689 0.282487477956627 0.221514977800285
-0.127188712876659 -0.179330364438005 -0.0217598498912044 0.29597719493186
-0.129154434438975 -0.210807033757816 -0.192875362791759 0.254342371959228
-0.0296821161090324 -0.21886408865866 -0.285653420371066 0.119883259658231
0.0873234422961561 -0.255187996629317 -0.263028208198414 -0.037002706428043
0.155372871211675 -0.274189612180661 -0.164110178119152 -0.149182333105077
0.193108128099477 -0.277713512018344 -0.0105112844738912 -0.170450673321208
0.188104788719873 -0.30073028496756 0.140392174639348 -0.167234471059335
0.141285663809651 -0.304460837378482 0.24929301794605 -0.193264465431684
0.0371403887112622 -0.312027593162683 0.246482214698254 -0.287017390080694
-0.0511594090733044 -0.343736428254488 0.154029399076087 -0.372942062510111
-0.0667871668634206 -0.308223246310336 0.0391612442385146 -0.386758627524183
-0.12879144803291 -0.24869940425601 -0.101221048700894 -0.286884260066501
-0.145242729142948 -0.179751766039035 -0.331836907083343 -0.166696338991425
-0.0729085828824736 -0.0974410494891923 0.527201067126784 0.213136999740328
-0.091139838100411 -0.127557980873343 0.311052922292984 0.225807991340488
-0.0615275298429374 -0.13811285273425 -0.0138542160157388 0.28010795691493
-0.0596638938331538 -0.16595719441137 -0.199760904769839 0.221217997336671
0.00830875819712709 -0.163259619308161 -0.287028502729964 0.0805434139675231
0.0898218675717721 -0.178612180656163 -0.238744056485788 -0.0882890493523475
0.140662182714194 -0.187026809077873 -0.115100957554445 -0.222340154375104
0.178916591008201 -0.183176191113867 0.0633818415283195 -0.260462940448848
0.200073941250096 -0.198120040804157 0.234978007123501 -0.270538161684061
0.194928720289052 -0.208045065720623 0.344988010411255 -0.287148051637751
0.146523269591353 -0.236433087296488 0.301471836734512 -0.347975021613155
0.0883958578773409 -0.29737645078196 0.153960486479358 -0.390074848315598
0.0444047893411102 -0.278979074243284 0.0417370679411333 -0.350150783394167
-0.0579902371564275 -0.244582411904189 -0.0793664800581682 -0.197945424557903
-0.087953185518276 -0.188435184044943 -0.279483952387309 -0.0804047841162838
-0.0124271215883404 -0.095511450062219 0.560655888905245 0.240375944841894
-0.0354217186687129 -0.108958712897875 0.324936544159344 0.238776356125804
0.00325137555466336 -0.0998561432745707 -0.00843292115235537 0.282760040079168
0.0108194829978484 -0.121861834193734 -0.200664125684702 0.208454083214519
0.0519200086418051 -0.105775245797982 -0.284885251346303 0.0624799355338478
0.0930524255956786 -0.0951943571478109 -0.220663421627574 -0.113807014642815
0.119550648185656 -0.0813472094543499 -0.0767111310390548 -0.260074930531413
0.134860008878005 -0.0595931047464248 0.128497508507606 -0.306976779036908
0.154383429490957 -0.0595535992469825 0.325028579176655 -0.322365735566515
0.16507328551475 -0.0691708211411362 0.444526765372264 -0.330246505654159
0.159768968752544 -0.0982970930985116 0.36815759290489 -0.372108638568334
0.145588743778882 -0.156221521403816 0.167371421521558 -0.401523183273904
0.103661101909025 -0.153900208457186 0.0356755956677932 -0.316216656678055
0.00573472492002393 -0.159378402458612 -0.0861828694315914 -0.120946973890037
-0.016559126121529 -0.146317056886405 -0.257557026027951 -0.00703602224313694
-0.0300169070761238 0.0520774495452979 0.194028537179283 0.0730618383217709
-0.0340814648250347 -0.00553891813930642 0.0541390065542292 0.0910060234774995
-0.0505533703493436 -0.016625756141253 -0.179029190690094 0.221349060820355
-0.0704005664446784 -0.0223759951884259 -0.352741563306915 0.248348470526628
-0.0407316607577365 -0.0359276401483855 -0.530427609713354 0.120517964809603
-0.0183269024391256 -0.093143236707245 -0.617214855486113 0.0597517813083533
-0.0346177946543435 -0.118481986798169 -0.525009466397709 0.114931990958057
-0.0439070604874705 -0.107964972163266 -0.332832289706706 0.235062172578089
-0.070893430502579 -0.0864549154834223 -0.0955794335776544 0.273259914118075
-0.090653708202615 -0.0384123883333818 0.137180825472448 0.228337474902986
-0.109224403054473 0.0187318760415864 0.289361111235496 0.0641167358848483
-0.0975276885311948 0.0470338442389608 0.316023891469031 -0.116562758926474
-0.060987173328369 0.0549672364188684 0.156464589422856 -0.273919022944977
-0.0302939772199707 0.0660858850765425 -0.139406511332987 -0.393839149280032
-0.0271203036913422 0.0891660135902523 -0.450659664513142 -0.540060105569284
-0.0580361060839 -0.0414089767349611 0.207192516523699 0.0840967595817071
-0.0200280202743586 -0.137228319207069 0.0549105560431904 0.107987454965648
0.0187013702968825 -0.161391388601874 -0.197032147075444 0.224840866392337
0.0237192860626778 -0.147212417261589 -0.365440429142397 0.245191485023753
0.0800290131385151 -0.119538237483758 -0.516691419914336 0.115850860140007
0.122979211535104 -0.157304954916406 -0.583209243583763 0.0366200836942346
0.109477673786837 -0.188092032973336 -0.496763935364636 0.0647589386900204
0.0824099452121266 -0.184150769425649 -0.324833959801185 0.176578923705673
0.0213725092560476 -0.171123903676005 -0.0994904579168305 0.237452955036975
-0.038963198460697 -0.119708199178106 0.129124967267297 0.206023155904496
-0.107449390942701 -0.0659220691038437 0.286957550864635 0.0470780897968518
-0.123063072781035 -0.0392233670371982 0.312122166464924 -0.137041666521631
-0.0830663690731647 -0.0160862009159113 0.157613420285312 -0.298126880300865
-0.0635533301243031 0.0103774065166398 -0.117599384198773 -0.421289662430179
-0.078721540490156 0.0353398352805217 -0.41940913270695 -0.549807169137827
-0.0835209333898292 -0.114126528201092 0.229809516048134 0.142450101270818
-0.0368780675538418 -0.230090926660561 0.055272160263693 0.171947914965466
0.0255429760975989 -0.276356408231422 -0.216100081760632 0.255392080290497
0.0440417573703124 -0.26566702073581 -0.36713322062456 0.255639825400001
0.135017684825866 -0.20935179862623 -0.472334480942233 0.11706918032529
0.213506564547627 -0.216178613500589 -0.498074881643062 0.0101775254656386
0.219979643992135 -0.23306686302653 -0.413338024613089 0.00247728268237575
0.193086640117921 -0.233806797954168 -0.267869719465531 0.0954907219792497
0.114157665970598 -0.238026117758339 -0.0731587163753109 0.174908391572175
0.0206339667134839 -0.198006292926756 0.135918641443701 0.163147890462498
-0.0952388864489469 -0.157903158088331 0.286499022550567 0.014678123055648
-0.138510116543976 -0.137316359006127 0.307108713689141 -0.171987457387622
-0.100488285578059 -0.102000627610063 0.163369103872848 -0.329834866238533
-0.0929757448482955 -0.065425670166825 -0.0824081223334943 -0.440128989324067
-0.113677898165267 -0.0359274454178787 -0.371376130095934 -0.532904273022164
-0.0994264964206412 -0.153588688380283 0.26769546913212 0.225487083972963
-0.0701283597525396 -0.263128965112301 0.0805440926631526 0.244528184850884
-0.018933682874889 -0.318781804743883 -0.204745336244101 0.284488315528274
0.00241153657144038 -0.324059329695737 -0.342143596172635 0.246146951799491
0.121257709576655 -0.26569511161102 -0.40942530842434 0.0933164963880329
0.239467119049118 -0.251933221697937 -0.392617041167911 -0.0342670384253812
0.279446345642754 -0.249076331429382 -0.300775952890055 -0.0703726659402109
0.272772558243724 -0.248604353554531 -0.175075576998254 0.00302532171078011
0.203781125051548 -0.270792711844922 -0.0151202984440368 0.0885854850470511
0.0951923228205705 -0.258908559490483 0.159843891953076 0.0948216188503425
-0.052272213035304 -0.247966699115272 0.289532894179359 -0.0365606257101145
-0.122321624527821 -0.243249228108491 0.303299822693127 -0.213292708250141
-0.0936574558407884 -0.202552748633454 0.179112292854708 -0.356690032342391
-0.101860792161601 -0.157916971959436 -0.0339995719325564 -0.436086435398025
-0.123244509020228 -0.117043512490582 -0.317196747496399 -0.485347019736073
-0.0952041122641359 -0.162137605964614 0.314115056279991 0.305248941618863
-0.0876146903147433 -0.246228539738518 0.127175737862885 0.299138139351869
-0.0477068528218307 -0.288411398888341 -0.171679820893133 0.285320015556268
-0.0344571116868609 -0.30595437218246 -0.309222627311568 0.207162366155656
0.0871939593742579 -0.261445429879158 -0.355508316036504 0.0433634045752949
0.223378498079207 -0.24348743488454 -0.297624368021109 -0.0919228796307421
0.289422951306245 -0.23294959788086 -0.185416935621021 -0.144040442656367
0.310545731518217 -0.226891721165445 -0.0593342566878528 -0.086085616152434
0.271971095390964 -0.25931166624127 0.0775698728364733 -0.00672752937698608
0.184807732598054 -0.273684020776032 0.214327014603504 0.00904460478380466
0.045275090916578 -0.301107350562869 0.304829827573144 -0.0992552380501711
-0.038400403407904 -0.329002652204616 0.301564045886646 -0.252285906684726
-0.0331418052556545 -0.290657566732751 0.197014733696758 -0.361678385016979
-0.073586436398725 -0.243904630764374 0.0145175824624955 -0.392185721195391
-0.101914840585527 -0.189837066998761 -0.262885398795625 -0.407256996921613
-0.0705779627055257 -0.15182375961013 0.359326930018219 0.371930720421372
-0.0697798651510678 -0.205265220853102 0.169975759668307 0.325833660852859
-0.0335263274061745 -0.224111934573817 -0.144554370298066 0.268002285436027
-0.021646425832506 -0.245787276408291 -0.289591590095753 0.156024017374963
0.0745921971113585 -0.209726205174635 -0.32209105665831 -0.0117291566179455
0.193975089825913 -0.19435375804046 -0.22753993777849 -0.147012548396245
0.260939452484734 -0.184231683651273 -0.0849727860701249 -0.207986937959825
0.301311648354192 -0.172146019231545 0.0620473270625517 -0.161681068817959
0.299874834430529 -0.196013114215984 0.198809561142288 -0.0904788733621904
0.257916902061811 -0.220478062995857 0.309713832218981 -0.0724539201011031
0.168970688465872 -0.271790373378394 0.351726312112641 -0.160397316907504
0.0984156416151555 -0.337418686039784 0.304617716611095 -0.279695655740645
0.0748664757849167 -0.314013472000377 0.206437966600667 -0.339667715270214
-0.0115865975159897 -0.285172119166435 0.0364480895459112 -0.308673724965521
-0.0541688199789988 -0.227314763524274 -0.229084147929325 -0.302183326431333
-0.0265803848764403 -0.131495344980262 0.393396313109616 0.424153655474452
-0.0315463735477448 -0.163444475807527 0.192611802841074 0.342270504199804
0.00879256260305114 -0.158834065743509 -0.131913231218593 0.253886446012086
0.0215999881436872 -0.176497321735871 -0.281065526192615 0.119476070014277
0.0835295651749942 -0.142718576456677 -0.303516486186909 -0.0478357658395976
0.162839851810624 -0.124710322286712 -0.180297428635159 -0.185128183513859
0.211133517276722 -0.11299157593056 -0.0071931205088001 -0.251729593291712
0.24625370480101 -0.0906309653810299 0.169666333108496 -0.210944729246832
0.265622527272 -0.0988572759355915 0.328205101844558 -0.144661273466813
0.26630620052103 -0.11162507326823 0.432909713064444 -0.115539066673256
0.235933023833735 -0.157338337129353 0.426056277880054 -0.189372669636088
0.205679658875562 -0.237896430136501 0.314273076426025 -0.292219822631004
0.163690257531683 -0.239909819844447 0.193462116525489 -0.303949014559733
0.0510164100700997 -0.250389732388561 0.0175456768179251 -0.216626964860321
0.000314584357896056 -0.211833480872407 -0.222033056065692 -0.199152364528849
0.0269834964618874 -0.103386492230215 0.409591503971243 0.463481148288475
0.011223164149991 -0.122959854170294 0.197409703133709 0.358447975103728
0.0507622540686961 -0.0961705694188698 -0.128449420792654 0.25598632410219
0.0646993799902899 -0.107102663166856 -0.274487302254581 0.106593150471398
0.0965664570877909 -0.072318489338854 -0.290195138399229 -0.0657857782179587
0.128033089196903 -0.045471868291463 -0.149795472849452 -0.201342550496984
0.144665209411893 -0.025101983416871 0.0466373372367773 -0.270351384036962
0.151614071245713 0.00441222102188571 0.248655313157045 -0.224356354128164
0.165276086690636 0.00822448366821625 0.431374373507114 -0.153731086173032
0.181046201686823 0.00233152069049576 0.539823376939612 -0.112362944318752
0.190025874605929 -0.0251006346418771 0.494187993704109 -0.180980671956091
0.197193027064894 -0.0877999208639319 0.328956342684374 -0.29211533322123
0.163032880940287 -0.0992727685294948 0.169452086423561 -0.274494377053585
0.0719640107147957 -0.144578304078092 -0.0261641692271315 -0.148705935329669
0.046560825399395 -0.143225958707069 -0.236843627257906 -0.121131952613096
-0.0261901992481372 0.0534797950776557 0.200388784577765 0.0553627107128257
-0.0344558816199327 -0.00219350804889683 0.0650839549727931 0.080570178769002
-0.0505342888008809 -0.0125750304355063 -0.154088187247828 0.230400601046049
-0.0710917309486011 -0.01446988665339 -0.325548545733469 0.268365819965628
-0.0431822688300767 -0.0324952117008418 -0.51247908100793 0.15364786889339
-0.0254063255901029 -0.0910495111816301 -0.601484965537135 0.100707290685054
-0.0422583893631485 -0.114062259792851 -0.508187099590511 0.14599856294168
-0.0498769191189699 -0.103540290278548 -0.315173801642437 0.252722238138311
-0.0761189047446219 -0.0806423139086647 -0.0810847561868294 0.27567132248175
-0.0915411510565973 -0.0311156541091476 0.143727244005252 0.215196682060118
-0.10617686581027 0.0256127846428035 0.28439169825905 0.0448493360577103
-0.0933998518513769 0.053662414266955 0.303175859237499 -0.138133564561632
-0.0567099990262559 0.0593326442871345 0.135502907861915 -0.280691438740957
-0.0238799313444504 0.067707572783233 -0.163394197669759 -0.374916997587879
-0.0199984354288243 0.0889449253419856 -0.481257754946782 -0.495318773411935
-0.0588911444885312 -0.036735082928832 0.214065256807375 0.065138794819606
-0.028632611807077 -0.132092133306115 0.0668334077716129 0.0985724591618388
0.00806251077897901 -0.159307294201474 -0.171214883448237 0.236007749257527
0.0128041621575587 -0.143379833130124 -0.339277374432621 0.267089945692981
0.0700906744364106 -0.121729492259415 -0.498790394437846 0.14947852681477
0.110244224321512 -0.16267940221243 -0.571895202140709 0.0743036437766562
0.0967713229399156 -0.191142862953901 -0.484158228721476 0.0954587953474036
0.06979918139184 -0.186128334200009 -0.310225817906292 0.195223470182972
0.0105517050203705 -0.169746194174297 -0.0866656193782239 0.241329935088454
-0.0438284626445893 -0.115501936563212 0.135138557357823 0.195461303237006
-0.108319719909411 -0.0585990319238292 0.281266323403997 0.0289535345191949
-0.122655450182553 -0.0306503233648218 0.297523300583875 -0.157016042473718
-0.0818774916084431 -0.0109762090796195 0.134802817311959 -0.303790417732858
-0.0594685323386527 0.0126152880406439 -0.145242714559964 -0.404081310214615
-0.0720759444655195 0.0385599822084943 -0.453241835443371 -0.505814998634031
-0.0874896397182457 -0.106772720017767 0.240274100613828 0.121847594769481
-0.0500842580091292 -0.223290684335505 0.0699635945031123 0.159254088817692
0.00733909380300333 -0.271862605829748 -0.188664107998193 0.266059237777078
0.0264983916683792 -0.259727460797402 -0.340481650734429 0.276161922260359
0.119977737963206 -0.21319794459427 -0.455373735632126 0.148259903001573
0.19711728463928 -0.226438202046948 -0.489691395634368 0.0439323055062059
0.202759559975981 -0.242766330682265 -0.406961987611949 0.0289489490061469
0.176360580662466 -0.241289748061334 -0.259887013684665 0.112322397579733
0.0988574469173128 -0.241803091094668 -0.0633012187655931 0.177516801981036
0.0101342064215319 -0.195920427827996 0.139327615612678 0.151397569094879
-0.101233648986301 -0.149503230901021 0.278682301740114 -0.00437581364319049
-0.144275337218794 -0.125049324386609 0.290020058379446 -0.191657004392857
-0.104662103052 -0.0945729988894186 0.138165856664088 -0.334183151203086
-0.0922901407768508 -0.0596191364501465 -0.112472095554282 -0.425090370868263
-0.110991907696984 -0.0292899468678636 -0.406252849874681 -0.495270245090103
-0.105032389372181 -0.144703112287997 0.28228169743668 0.200009942885913
-0.0858608140051179 -0.254365488202325 0.100187519219545 0.229364605355783
-0.0380206785896884 -0.311300543280147 -0.175724916878904 0.291700780768841
-0.0179707817507355 -0.315243309342051 -0.316410450410149 0.266342702438136
0.103496754929409 -0.2682767831918 -0.395475693739806 0.120536519633482
0.221848980201938 -0.262859145812504 -0.387705644977976 -0.00628575343627334
0.260927920115192 -0.262575168040864 -0.300554146500954 -0.0491284778575631
0.254122887056238 -0.260162335758302 -0.172277688472422 0.0153553345056152
0.184012256646899 -0.278863652997692 -0.0104319856639667 0.0888604256239992
0.0807767160821732 -0.259530049213775 0.159265089295725 0.0823261170114669
-0.0628254727649486 -0.240166015188283 0.277605677501868 -0.0549258140518991
-0.135097188460914 -0.230150151370188 0.28310494136423 -0.230814958143977
-0.104044244595959 -0.194281351305417 0.150454601229438 -0.359275896749253
-0.107077227943566 -0.149029903535276 -0.0652678263693014 -0.424108349723085
-0.125232303624759 -0.109335792701833 -0.348939375824492 -0.452308004866118
-0.102198613092209 -0.15473521980594 0.333304070549083 0.27497506829477
-0.101092743688172 -0.236194686182465 0.149114055535428 0.278689251844051
-0.0636618719435199 -0.280593859921438 -0.144500938534823 0.291073307864445
-0.0517975813610648 -0.296014945006122 -0.287010652221332 0.225060369211058
0.0717788269222828 -0.2615233418769 -0.345276292959742 0.067797372263178
0.208110398662875 -0.254247801279612 -0.29691753400444 -0.0711012926346705
0.272751495439016 -0.245769813355869 -0.190831522707391 -0.128331608657873
0.29301123562409 -0.241420521566042 -0.0630017910984406 -0.0796451923469779
0.25215747624004 -0.270513050031437 0.0756862588599726 -0.0111942151760737
0.167337721517239 -0.278893591567038 0.208111084008407 -0.00578230682941445
0.0288108901324873 -0.298232777990619 0.289585872381051 -0.118406915520388
-0.0586472143353531 -0.320269347454245 0.277836968763051 -0.268824218627773
-0.0504592324784881 -0.28401660533335 0.167558337228111 -0.366257107131935
-0.0850730612880476 -0.235253888612169 -0.0163898191637914 -0.384787515654196
-0.108978648181068 -0.182276531351298 -0.293461993192223 -0.377979944066853
-0.0773408393039077 -0.146094459154595 0.380750490596197 0.337038009936449
-0.0826196373385143 -0.198912143760618 0.190743908085116 0.303882117457596
-0.0450842203910364 -0.219652359688997 -0.120043254299034 0.271949733676746
-0.0355211260425572 -0.238829780891251 -0.271857674102218 0.173824073312362
0.063181970424851 -0.212167199199248 -0.31564384776774 0.0121924020399253
0.182403310807357 -0.204999310549368 -0.230667380772011 -0.130216470963993
0.248759725386507 -0.19714507214627 -0.0947821293835691 -0.198463554851664
0.286632722608696 -0.187488183517464 0.0525966870829361 -0.161333257074969
0.282855371555028 -0.211119736695279 0.190167852961611 -0.101941346225083
0.242834175132445 -0.231438305697711 0.297530894130783 -0.0929543036104549
0.150345621485492 -0.276261326413531 0.331924874606415 -0.181903665597027
0.0759073681270493 -0.336598230608287 0.279007306863561 -0.29749546831001
0.0537323919726054 -0.313994887128838 0.175485196580194 -0.345427545098467
-0.0275364271640646 -0.280168841119754 0.0105502027212315 -0.305360615073511
-0.0667310684561283 -0.222671431631478 -0.25157359667403 -0.278552940561625
-0.034011778666747 -0.12866124241773 0.415950931239556 0.388260143296468
-0.0426040698793472 -0.161145226953899 0.214058634957207 0.317379433686593
-0.000536317348315819 -0.159462504730628 -0.109446803597021 0.257693204394295
0.0101259999692021 -0.174880722878435 -0.265615960447165 0.137340835867494
0.0761079808853571 -0.147810929186034 -0.29898294513969 -0.0250589776345413
0.156401397734669 -0.133900803098678 -0.185477690522937 -0.169193159937484
0.2026236600188 -0.123037463342651 -0.0190938039319523 -0.247783205275282
0.237998255080498 -0.104153477572113 0.155667306740408 -0.217924001181696
0.255626121103305 -0.113054248798009 0.314218718244113 -0.162802929335694
0.256589741177302 -0.125455412617631 0.417377944022641 -0.142849275002767
0.223104442868086 -0.168987901293835 0.404761797466617 -0.215098227035013
0.186449287617254 -0.24664343753159 0.287948882808808 -0.30935011152325
0.145859583284233 -0.247204882856476 0.16308209919132 -0.310966557531988
0.0349450923178058 -0.249903993331058 -0.0027811047645232 -0.213841820402912
-0.012519941440436 -0.211613957320282 -0.238192592317612 -0.17629023669775
0.0185537317582312 -0.104385830872192 0.435403755304011 0.425191300903918
0.00116278281685392 -0.123394447413793 0.220094476878437 0.335691007027512
0.0455059319180481 -0.0997122192706019 -0.105573313098637 0.25998280344168
0.0563639072264982 -0.110164809180098 -0.260518908886459 0.123971340993506
0.0916210641839122 -0.0800843291140158 -0.287651359186667 -0.0433285729501573
0.126915820542523 -0.0551450294878216 -0.155710805319667 -0.186919437916878
0.141860365712101 -0.0328073330315797 0.0329119921174767 -0.26879827476637
0.150811597312261 -0.00427671392786454 0.23322847816775 -0.235523232606062
0.163239222339219 -0.00173838429649513 0.414733091274522 -0.178334360249583
0.178931248877358 -0.00757139359813715 0.52269559208916 -0.14611542290039
0.18599345842786 -0.0375266943403848 0.474348282064739 -0.209868638422074
0.188974280734525 -0.0990244429960328 0.300905208829516 -0.311264408889139
0.154827156025658 -0.108816401728341 0.143648462757218 -0.281756870670741
0.0617448507212937 -0.14798423909169 -0.0393973889118972 -0.144083802118828
0.0362671796336365 -0.147003616911832 -0.247593565444371 -0.0997950725704117
-0.0224881375442706 0.0541642641383952 0.202890757754383 0.0395017312479305
-0.0342722727931523 -0.00015175063694408 0.0717728857831688 0.0713317141220591
-0.0498588783963768 -0.00970154732987749 -0.132302010154964 0.231344293259198
-0.0702942666967983 -0.00802023413298017 -0.299360623712359 0.277597941158556
-0.0446007030023957 -0.0285873638008776 -0.492219318836711 0.176873087603462
-0.0308980993170842 -0.0878852083602533 -0.582257816644067 0.128390310573282
-0.0463706856398343 -0.108560228147729 -0.487662790245985 0.165739043544105
-0.0534131947014964 -0.0976191665906112 -0.297305787389304 0.262522471341972
-0.0788580517703027 -0.0738717257664422 -0.0702416920603364 0.274707476180422
-0.0906420408694561 -0.025356356326031 0.145046827913911 0.204915322288517
-0.101951997449106 0.0304792860182404 0.27686225700621 0.0300904106011208
-0.088624424542364 0.0579117207394287 0.287813893240741 -0.151513676874724
-0.0517246023431569 0.0614058749888288 0.117943806317476 -0.282064310312472
-0.0189523134325393 0.0670568091474324 -0.178217152341634 -0.354146213951063
-0.0144470067976355 0.0871019405713812 -0.49628418590386 -0.453953783964242
-0.0578618982739479 -0.0324824909515381 0.217196779391417 0.0490188682322666
-0.0340882248158585 -0.127507512522456 0.0738380146513133 0.0880347927627965
0.000352232301757292 -0.154923556269049 -0.14921033430253 0.237877778321543
0.00577202318716198 -0.136749298649993 -0.312145340977258 0.277834448382622
0.0619681730898222 -0.12127958439314 -0.479209736259198 0.171889324153936
0.0994294387005124 -0.164230106375064 -0.554016082583076 0.0997926269707909
0.0855047668002471 -0.190697604093922 -0.468633230604883 0.115324450322626
0.0599046165010852 -0.183870937208157 -0.295632769117593 0.206476864120832
0.00230903915524937 -0.165902527686836 -0.0770544012808053 0.240399313866956
-0.0466607653205254 -0.110811332313445 0.135088704841346 0.185546237551491
-0.106954301445322 -0.0517812137548391 0.273265705499798 0.0154117717737538
-0.120910149533513 -0.0234362209408268 0.28183384610986 -0.16929008050693
-0.0801527292496959 -0.00684101564723093 0.116439818442134 -0.30368958325944
-0.0549361679022023 0.0142618964286712 -0.162419338532062 -0.383370902034503
-0.0665257568468432 0.0390351147964539 -0.469390134933019 -0.465988833990102
-0.0884262346870498 -0.09933895147809 0.244606954131267 0.102512100105059
-0.0593855361824714 -0.214819646188786 0.0807498310774851 0.147041681365481
-0.00513049617794823 -0.264310031454259 -0.164715726247984 0.268028288012152
0.0143150368491817 -0.249921397339451 -0.313672231297461 0.287448094777389
0.107675906430482 -0.212830751743495 -0.435276347949893 0.169872661763675
0.181732616309305 -0.231036403317522 -0.474290574494745 0.0662634454593402
0.188576894512947 -0.245557787981677 -0.395790429181383 0.047759173841826
0.161904811906134 -0.243177217388538 -0.24938266703349 0.122841098324072
0.0857080115613778 -0.23963893532127 -0.0559760296882155 0.176701423286102
0.00422251779974126 -0.192131808543117 0.137886841500443 0.142363459615431
-0.103371885263806 -0.141485074308988 0.268360099145185 -0.0177003127706239
-0.14588462970059 -0.114777164015424 0.272019688188833 -0.202713066384232
-0.105705090657077 -0.0882882287059604 0.118094120076077 -0.332386509818032
-0.0896241003081416 -0.0554073154431891 -0.133386527889489 -0.405667290111464
-0.106559295593122 -0.0258951242696394 -0.42412141138368 -0.457503362767309
-0.10694754806182 -0.136006327003504 0.288440513675379 0.176163992924194
-0.0950353684004783 -0.243394873140541 0.111492344399585 0.212985067320662
-0.0492743718088044 -0.300549303088475 -0.151023568347305 0.292232094722114
-0.0306950700675378 -0.303230996080457 -0.291737435343826 0.275813539881636
0.0905241738756335 -0.265238151024165 -0.377664101933175 0.139232589340268
0.206606182132038 -0.268307502081922 -0.3779396267595 0.0129544101516176
0.244740428296967 -0.267545239198919 -0.296086563395198 -0.0329585660865884
0.237609359177818 -0.264736969822554 -0.168221572142033 0.0240355637214617
0.167563695699428 -0.281333110597281 -0.00764972428077443 0.0873786145533767
0.0705664559532793 -0.257133405156006 0.155180683697683 0.0733111881307929
-0.0700903811673038 -0.230394176989889 0.264950394477774 -0.0664167775369706
-0.140457302322642 -0.217495762784543 0.261737236320664 -0.240578777329632
-0.109973129152529 -0.184699700669257 0.127983185250357 -0.356627322311381
-0.108089628268206 -0.142029719274016 -0.0888400261282739 -0.407640095591962
-0.123967706289949 -0.103456574191933 -0.367850257294498 -0.420098770801731
-0.104726755068713 -0.146662189409213 0.341194938809269 0.248294027874036
-0.108593081028892 -0.226357266805883 0.161070687358281 0.257572259576629
-0.074249678420888 -0.271706429840553 -0.121684626888933 0.289665816576747
-0.0618149083820825 -0.283714247814224 -0.26533742579961 0.234317934842416
0.0608574572011589 -0.258216782574923 -0.331177899301352 0.0844596580210825
0.194532359711978 -0.259906896531868 -0.291993778167044 -0.0546494223656034
0.257390730945222 -0.251625658120899 -0.192104267710234 -0.116333787047825
0.276047019976059 -0.247839093748848 -0.0645965051873111 -0.0745537669150559
0.234580508976204 -0.274911912911815 0.0725857916673007 -0.0144490822654212
0.15386428800914 -0.279045599438803 0.199832112754123 -0.0161420584061815
0.0165212232801174 -0.290908127268928 0.273293845792909 -0.129788431175857
-0.0713997418987594 -0.308359640137378 0.254879064456543 -0.276946434804041
-0.0622848557217691 -0.27485923947491 0.14256904934165 -0.363102155387124
-0.0916595893811502 -0.225915291720051 -0.0400503544134754 -0.373245133434221
-0.112479394444947 -0.175442390943402 -0.310554047879571 -0.349506820702221
-0.0807234339755607 -0.140159362368591 0.391312463225898 0.308130664019169
-0.0895435595259689 -0.191061764739491 0.202514227167414 0.280186186435389
-0.0522493238328151 -0.215023327020927 -0.100160554931903 0.268424023237609
-0.0446986014096099 -0.230948953564938 -0.253269937577517 0.182662113086155
0.0541093027680218 -0.211520725042883 -0.305031004445083 0.0290402696762876
0.172628327670215 -0.2107120071445 -0.229059600627948 -0.115549031399044
0.236480052351298 -0.20274162485276 -0.100448108659933 -0.189159233604192
0.272671621623375 -0.194934895158775 0.0446894968638945 -0.159651872725745
0.26740384171704 -0.217822617312917 0.181209266916153 -0.108694151293225
0.228036369460692 -0.236042820210373 0.283716642778333 -0.104858158230727
0.135987801293911 -0.275733592264174 0.311863328659616 -0.193917483710547
0.0589977261639867 -0.331173907874988 0.254749989338791 -0.304138720432547
0.0378625348977676 -0.309134227711318 0.15001372429491 -0.343502831843311
-0.038203553484887 -0.272014037200842 -0.0105899784229809 -0.297828252769063
-0.0737282621642771 -0.216765577745244 -0.266267146808182 -0.254411465986242
-0.03865755135225 -0.12524097081925 0.427683031867861 0.353916005021567
-0.0500871532899859 -0.156666024881951 0.226295056610732 0.294143855686272
-0.00651351647638001 -0.158333710513739 -0.0915474314386194 0.255028591444412
0.00250219044892112 -0.171922049135709 -0.249548309008829 0.147795063624965
0.0689969115794028 -0.149990675904525 -0.290385207612782 -0.00803508635772552
0.149229243674363 -0.140606191561386 -0.18620300444549 -0.156685341651711
0.194554740064038 -0.128610986065582 -0.0282137395372524 -0.241112916911746
0.22854135401989 -0.111506392368821 0.143290371784782 -0.219224114717745
0.24441147589687 -0.121337733324546 0.299650369343356 -0.173038271262853
0.245559478713561 -0.133222411367587 0.398052656940484 -0.160299032768471
0.210712188124759 -0.174507469343679 0.381105881129212 -0.22943303756316
0.17065897647282 -0.249275520805239 0.262010733979363 -0.317133660819836
0.130689552241911 -0.248180770143133 0.139257534364904 -0.309833851025125
0.0233070403008898 -0.245497966442527 -0.0184996406710916 -0.208660050722167
-0.0218075169721326 -0.208067519963064 -0.246831370256872 -0.155826851304392
0.0131848451212668 -0.103623315120468 0.448533765712654 0.391362359302987
-0.00641636665308811 -0.12216396042696 0.231591671432963 0.311972666357145
0.0398234252261784 -0.102804692585005 -0.0876159007518222 0.258214684948318
0.0508337039761772 -0.110759422524596 -0.24555340859111 0.133874358265568
0.0868472830990231 -0.0848921124251402 -0.280214947600583 -0.0269142689399346
0.122773816434237 -0.0621643280541513 -0.157495142036831 -0.175395415977596
0.13884452165654 -0.0381604248778127 0.0221646045000647 -0.264690199879658
0.147758856279987 -0.0108935048572487 0.218435265947657 -0.241134551374687
0.15886171090478 -0.00889485657582928 0.3977697490865 -0.191955021746088
0.175224038783952 -0.0148436322937675 0.501516934595429 -0.168000677021522
0.179950152649815 -0.0456877130281234 0.450194995655659 -0.228080219084791
0.180067743271679 -0.105994490669224 0.275938120031723 -0.318464106852981
0.146819045906383 -0.11475555441913 0.12124949993951 -0.282593712030538
0.0528634986298943 -0.148182933882405 -0.0498734139991405 -0.137418574392766
0.0272516736062545 -0.147793019469516 -0.251076657822101 -0.0791992416606836
-0.0192536185655411 0.0548433769183487 0.204080523784569 0.0268028611468462
-0.0344813831132143 0.00172061332929371 0.0767047043844866 0.0625652955940502
-0.0491988776552296 -0.00736993244405758 -0.11599131294418 0.230497085703192
-0.0682125969593123 -0.00352896756001795 -0.278823403504113 0.282271880152654
-0.0450998854675983 -0.0256106621378445 -0.475052246991318 0.19203244060685
-0.03527747121221 -0.0857965977938858 -0.565947695428149 0.14735889287757
-0.0495400393159414 -0.104046206599808 -0.473154683631572 0.179529114673428
-0.0559871165036186 -0.0933324458372057 -0.284302259711235 0.267692682504784
-0.0816213723915528 -0.0686247207252121 -0.0639311020972024 0.272705559615102
-0.0894832936832697 -0.0217179640548586 0.143621965424534 0.198297506603865
-0.0982333807181521 0.0339492288603088 0.270786305143198 0.0205332913556895
-0.085031460824099 0.0610035021889572 0.275191200827436 -0.16007216976747
-0.0480122939346498 0.0626191057769511 0.104523962167196 -0.281684140796045
-0.0143619148300511 0.0657744908020303 -0.18682855666378 -0.338635702236757
-0.0106273980538781 0.0848635241528495 -0.506131884634837 -0.420474923713706
-0.0559943406265189 -0.0298246727940815 0.218779075798809 0.0359572385851888
-0.0387992361708508 -0.123075166693874 0.0787950506175932 0.0795294085370435
-0.00550441524662273 -0.151450752601587 -0.132062568134871 0.237916709286092
0.00162782697421842 -0.13193417896373 -0.291056601334858 0.284146724218821
0.0568186715554559 -0.120603494891849 -0.461776509854107 0.18877804326378
0.0906756448526113 -0.165370531613678 -0.539254237397554 0.118474438907519
0.0775598914633666 -0.189678716499302 -0.455281632035397 0.129953630964906
0.0528915291922498 -0.181800885690501 -0.283981389106206 0.213556091348638
-0.00380131807488457 -0.162031877723054 -0.0711328024291758 0.239916922182065
-0.0480357799917079 -0.107965153113492 0.134210884756856 0.179814937694765
-0.105664821430285 -0.0472099745889777 0.264853904268903 0.00619868047519043
-0.119341316359128 -0.0185315603543639 0.268048878356745 -0.177817625042077
-0.0777356427205344 -0.00459942483071391 0.102473130014021 -0.302937326826277
-0.0514952695975714 0.014484925993608 -0.17449300612089 -0.367398118330917
-0.0625253153424143 0.0393484692091129 -0.479618057782348 -0.43457776223167
-0.0874182729595318 -0.0944124241447127 0.247905596099091 0.0873165353242897
-0.0655052945660855 -0.208169781069043 0.086412909556547 0.13630878281062
-0.0138373668239738 -0.258579457239897 -0.145779578618567 0.267668538869869
0.00701011021388107 -0.242812367150978 -0.291565092437446 0.293231580104489
0.0985120140917513 -0.211024489587644 -0.418537585698585 0.183996633410578
0.170210961372861 -0.234207746785046 -0.463030183238012 0.0835132333973266
0.177527820455952 -0.247781713305436 -0.387605396094151 0.0608163513528795
0.1519629731139 -0.24276439923096 -0.240991382924732 0.129900880179406
0.0772048297203005 -0.238096220822921 -0.0523921333265522 0.176031499052437
0.000617634631662583 -0.189868438051272 0.135520664814682 0.137255397994728
-0.10394595185035 -0.134935875837603 0.259996242259742 -0.0257905599592328
-0.147005201242752 -0.107397099846111 0.257488859852916 -0.209043097116972
-0.106119243177993 -0.0839734833560714 0.103389462262204 -0.329412552558328
-0.0876103858137031 -0.0539363654636826 -0.14791990345663 -0.389576163173543
-0.103092514369357 -0.0237634929412192 -0.43629849139335 -0.425615793943604
-0.106656562577103 -0.130022462658219 0.293105850632351 0.158014046471704
-0.100840714593102 -0.235189123716359 0.119409300254401 0.199355853126883
-0.0575500397792593 -0.293267440299777 -0.132985487264904 0.29016469066191
-0.038513378800117 -0.292413629246003 -0.271028384753555 0.281380399955018
0.0809570603997806 -0.262764722404809 -0.363176237133128 0.152311443060852
0.194239596296982 -0.271098874467494 -0.369490780503062 0.026433938665013
0.233561638483619 -0.270128798945103 -0.292611427560621 -0.0222679281618822
0.225377574859672 -0.267374336268202 -0.164184046975599 0.03014611714596
0.156275081197593 -0.281536603814524 -0.00634041729845072 0.0860890939776308
0.0637408913126494 -0.255209296229017 0.150892632378444 0.0678498297392805
-0.0737765454692096 -0.223690713929072 0.254131563992398 -0.0734252642606133
-0.144590681107772 -0.207434389067875 0.245815595585694 -0.24515226532245
-0.113572379592016 -0.178008003435788 0.112719589397804 -0.352376554592771
-0.108187637672689 -0.137025718984587 -0.106252625444628 -0.393216194529526
-0.123339415288222 -0.0996525622182402 -0.380760860276815 -0.390204932206509
-0.104399520420658 -0.140721864005708 0.346172470473702 0.225978302328245
-0.113775564019471 -0.21810345841518 0.168049387145814 0.241328341430502
-0.0799162794089348 -0.264123510105571 -0.105216580180642 0.286233711853538
-0.0680574339894133 -0.27367276951543 -0.247880766044309 0.239244825398619
0.0526157903187769 -0.255766648956255 -0.31949733460258 0.0968719055849061
0.184597020709917 -0.263559418643032 -0.287000568616725 -0.0426197025125181
0.246866438702896 -0.25547663149548 -0.192126827032991 -0.107252767157866
0.264776769017295 -0.252165026834805 -0.0657206382820412 -0.0704426677681479
0.222129627450659 -0.27820270962276 0.0701789980172544 -0.0169551792713289
0.144956316229244 -0.279804843709588 0.192363395584336 -0.022376436245668
0.00954873178956398 -0.284624247804132 0.260593758156508 -0.136242137148637
-0.0787618327428326 -0.29824811188667 0.236622612497807 -0.280969314029902
-0.0703358780439001 -0.268080955008017 0.12442875805744 -0.357947999609584
-0.0947908245827688 -0.219959051261919 -0.0587543893011577 -0.360995203448971
-0.114526510450215 -0.170943297793479 -0.321937571759321 -0.324086840648306
-0.0813786529585533 -0.13576919084835 0.395406213302503 0.2827782548886
-0.0944912759888654 -0.185570407330076 0.208769444937529 0.261839263799329
-0.0579482787336616 -0.21151411277373 -0.0864905288530022 0.265930975428873
-0.0492324413477316 -0.224360874663646 -0.238960393128491 0.188898509826862
0.0481421589774204 -0.209999940154494 -0.295418193352773 0.0415056133638402
0.16416380627468 -0.215917643103836 -0.226301511355733 -0.104830845110957
0.228270761884941 -0.207244717552572 -0.103774079608011 -0.181980227416014
0.26262624950453 -0.199442046950873 0.0392040846436818 -0.157602159673282
0.255455712801506 -0.223000893732251 0.173401957864243 -0.112946015495323
0.218990775162146 -0.239639546456982 0.272123087808714 -0.112919837371023
0.125695454058603 -0.274111283722688 0.295750421451283 -0.200231154670774
0.04684915164212 -0.325680113318982 0.234567447474976 -0.308246881238071
0.026274566598963 -0.305353423950657 0.13055473529361 -0.34012802247499
-0.0451094544984374 -0.265681822176823 -0.0267943716497114 -0.290104182512765
-0.0788047121331637 -0.212021169608331 -0.275353690798386 -0.234714289136918
-0.0412513842060925 -0.122684575984278 0.434778759817075 0.327845168974083
-0.0557266312033838 -0.152874589255689 0.231572639862307 0.275231702811281
-0.0110740596623613 -0.158227019011611 -0.0783268435985256 0.253153329105251
-0.00246830449889303 -0.169209952012087 -0.237508494925643 0.154305401441055
0.0635208516333036 -0.15139660015075 -0.283266959155487 0.00376261869954344
0.144618424044792 -0.146145012430651 -0.185034664705282 -0.147234956134066
0.189685554147292 -0.13246995901014 -0.0342377306355234 -0.236433629912601
0.221964033447377 -0.116361980503985 0.135005791892778 -0.21952527715475
0.235666543875061 -0.126467816778576 0.288205874627082 -0.179774105929943
0.238491988905932 -0.138614323249539 0.383774807165658 -0.172046970416217
0.201899625502558 -0.178891580268733 0.36322848899475 -0.238871000801149
0.158488710145629 -0.250042742440186 0.242442483164817 -0.321524285952834
0.12019438929758 -0.249486836842563 0.120249599094383 -0.307734633104467
0.0147515417500825 -0.242444726179541 -0.0306342940007174 -0.202639528503414
-0.02913763604205 -0.205438550077389 -0.252934168390655 -0.138516236566603
0.0099953421292064 -0.103359375390154 0.454938582115792 0.36367026765746
-0.0125984672428342 -0.120387491110867 0.23922497696298 0.293387461229683
0.0357754453666489 -0.105400542008205 -0.0742986769280129 0.255533385772074
0.0460209770741128 -0.111859078353688 -0.233586090550513 0.140238897016873
0.0819052948560179 -0.0885302979828268 -0.273065947829454 -0.0147111572906583
0.120115406096637 -0.0681268609694636 -0.157096434094217 -0.166677654941204
0.136526527716325 -0.0421035076847376 0.015347346652615 -0.261948672259004
0.14596561694464 -0.015226324705604 0.208251896963743 -0.243817868695143
0.155709390955034 -0.0131748057333076 0.383708639350376 -0.201746724799154
0.172234823686726 -0.0205788797775092 0.484034827263049 -0.183498217135052
0.175706703203342 -0.0515163429491986 0.431488935689536 -0.23920765318323
0.173034764612006 -0.110894666226789 0.255892506325525 -0.322917481190622
0.140652365177225 -0.118799845271504 0.104002213842463 -0.280819311046109
0.046319988023609 -0.148073531110316 -0.0585100168580874 -0.132468420287756
0.0198838586473841 -0.147606396737059 -0.253415141146952 -0.0638377871817672
-0.0164835382887598 0.0548378355006466 0.207357294733807 0.0151986847542073
-0.0345352230526477 0.00332134183930273 0.0802925408872566 0.0549927481623675
-0.0492388745605641 -0.00592390558980893 -0.101606514928006 0.230156576896784
-0.0663600689792755 0.00026555610873789 -0.260852842468314 0.288093299628347
-0.0456992414995439 -0.0238458801430711 -0.460498339328208 0.208034031827355
-0.0395436275592429 -0.084227490545153 -0.553740869355415 0.165757283280558
-0.0519491432822836 -0.101865263151308 -0.461945901789254 0.190622844345537
-0.0578436500858056 -0.0893236858735468 -0.274367758181099 0.27490362457735
-0.0834865506329637 -0.0644829746343716 -0.059043665359402 0.274587947733197
-0.0893861635602744 -0.0183140021744875 0.144644074750664 0.19384703436889
-0.0958630551020713 0.0375057576084133 0.266278702273094 0.0123205064833179
-0.0819167340636869 0.0637086047527329 0.265217317991472 -0.16903462165727
-0.044692449692734 0.0642166653347254 0.0927616953083798 -0.282947687597514
-0.0113568279354896 0.0649746094891987 -0.197443835244904 -0.324534439199892
-0.00752740824620084 0.0843152300845917 -0.513693562655038 -0.391312624061766
-0.0538384453712963 -0.0275681589376666 0.22138067253906 0.0232810844277813
-0.0421454909473605 -0.119450258459768 0.0833269877566969 0.071563464639373
-0.0105476748533425 -0.149972028951127 -0.116920875182509 0.239509820111306
-0.00158283777706909 -0.128678350563284 -0.274017469699734 0.290782119214629
0.051992885796029 -0.120617558417456 -0.447386798819857 0.205213924856707
0.082557388562687 -0.167600811766591 -0.527867648383354 0.136138681652826
0.0716773455972969 -0.189799107834842 -0.446392351315131 0.143238196700782
0.046582134445294 -0.181244328929449 -0.275015120266111 0.220987181124114
-0.00879219226345769 -0.159645871603826 -0.0665519288800852 0.241607391545607
-0.0502141541436356 -0.106567681123039 0.134575010330245 0.17643797199293
-0.104303209090779 -0.042977097896576 0.259858447381561 -0.00225963756821458
-0.118243411884865 -0.0135973538860479 0.25707552467899 -0.185059272866505
-0.0769669655169772 -0.00224611933426045 0.0900039201294281 -0.303063662604245
-0.0482084765567279 0.0146945498981288 -0.185814383487152 -0.353641682289102
-0.0588106050183091 0.0399367904374763 -0.492052342748476 -0.406119531546955
-0.0862628844996109 -0.0908320599984264 0.252094713441961 0.0726127138824329
-0.0718075973929086 -0.202957677424772 0.0927950684937752 0.127061471574525
-0.0221185845566212 -0.254204823105674 -0.129750210036237 0.268485051404322
0.000277807862071715 -0.237779063410883 -0.27436565182882 0.298829198969042
0.0912522122641212 -0.210945357367401 -0.404796828867051 0.198525445691775
0.16039701049845 -0.23792488230701 -0.453258395539222 0.0985707531689147
0.168331740305114 -0.250341135212023 -0.383272408128799 0.0726300256131867
0.142661939970774 -0.244810995074123 -0.234180466114058 0.137035238997748
0.0696361492041638 -0.237737936541523 -0.0484326889858862 0.177243697557385
-0.00379480002219914 -0.189693043982621 0.134440963450549 0.133556805005115
-0.104785112477006 -0.13023727833977 0.253203627352965 -0.032654528467268
-0.147890326820278 -0.101118047049865 0.244788715466191 -0.215211934781542
-0.107734854672108 -0.0802364644227641 0.0896442350902242 -0.329766965826569
-0.0857769536017934 -0.0518442947615012 -0.161516891967919 -0.375724895944595
-0.101022592955742 -0.0221828331266181 -0.450501101801269 -0.400843308213273
-0.106174460840689 -0.126077889233605 0.298324095808692 0.140036616688709
-0.106762339109447 -0.228715446985208 0.126921348169457 0.187992881682495
-0.065709253709107 -0.287995077899613 -0.117300431994354 0.28978590131506
-0.0460318153326586 -0.285221658727266 -0.253791477405436 0.286938679236295
0.0729011249381931 -0.260680011586348 -0.350588055714193 0.164941637916372
0.18501510105788 -0.275853713226634 -0.364020305300048 0.0390275854558525
0.223178846019927 -0.275750088795177 -0.290162012193939 -0.0122499074555119
0.215822483030636 -0.270679052672181 -0.160664342660205 0.0353376196849827
0.146198550940333 -0.28202442984448 -0.00487624744504041 0.0850923939440763
0.0576761766338271 -0.256478778487301 0.148278582985524 0.0634438889647903
-0.0773590093088592 -0.21732731395709 0.245553814304169 -0.0804686288816567
-0.148713535599496 -0.199601578830436 0.231191529899152 -0.250948212501702
-0.117418082729502 -0.173730139669795 0.0971954735578539 -0.350741915255777
-0.108554975927195 -0.133837130794594 -0.12188582577605 -0.380682033221058
-0.122882867936875 -0.0963673135652682 -0.393744219984724 -0.367045269799251
-0.105603317956911 -0.137582265429635 0.352518408240953 0.207712523798661
-0.118576090226399 -0.21292462790157 0.1753352528872 0.226751471266885
-0.0860874335130897 -0.260747297049393 -0.0912271759320734 0.284460527935204
-0.0731680298703496 -0.267285506382796 -0.233140938347654 0.244406617709029
0.0456201744808496 -0.254448112502295 -0.309760785164524 0.108856803011453
0.174424126663841 -0.26789222851121 -0.283152768299564 -0.0324240491672395
0.239296811104466 -0.260697415076422 -0.193212901363531 -0.0994435599483658
0.255565604336487 -0.2569390271416 -0.0662785198732092 -0.0675622088939172
0.21171337097811 -0.280970864346598 0.0678985671789223 -0.0192179544283925
0.137108810869984 -0.282779704529849 0.187174545470107 -0.0272695766634632
0.00242878212441617 -0.280898056052008 0.249521257371606 -0.143400083161416
-0.0875960720742738 -0.291994542318792 0.220856412738146 -0.285744825326233
-0.0774154379561117 -0.263389010829844 0.109408008534019 -0.356289277037639
-0.0983078804647273 -0.215538932162708 -0.0743873349326562 -0.351578231712161
-0.117426587082009 -0.166708281234691 -0.334480587451937 -0.303960667474014
-0.0831477594566612 -0.133421636938235 0.402368967341978 0.260681185471053
-0.0995391324300124 -0.180968940917689 0.216049657639001 0.245380300971986
-0.0632258400792598 -0.210047986880319 -0.0731663868221221 0.264077362160101
-0.0547311251172755 -0.220229469435053 -0.226528883736407 0.194429757007873
0.0422794680692382 -0.210573608618328 -0.287417329420711 0.0528024102798388
0.158392532828593 -0.221148951040724 -0.225273018485093 -0.0959612565427256
0.222542880062419 -0.211725698648771 -0.107865008155909 -0.177140234937786
0.255186557115033 -0.204836189987638 0.0346645922777982 -0.157549300369282
0.245786770341484 -0.228014854702184 0.167841081038637 -0.117612161681035
0.210676863259167 -0.244311280872925 0.264331579547332 -0.119879939924806
0.117028468030713 -0.274318148921069 0.28297147627092 -0.207304133823916
0.0356421642336305 -0.322721834033036 0.219223010420674 -0.311822553729438
0.0151403667461447 -0.303081698579676 0.114998587883742 -0.338490295606088
-0.0513292967509416 -0.261749947192658 -0.0432394974721681 -0.282833648920938
-0.0845343993850669 -0.20880857508999 -0.285888175588272 -0.217644375864147
-0.0429833118567704 -0.121681316363256 0.441802485722625 0.305428225736115
-0.0608829139490144 -0.150367275185852 0.238638578225303 0.258750269493722
-0.0160683858764798 -0.159503674366256 -0.0665181306952175 0.25178334325476
-0.00682362451565031 -0.168393816917046 -0.227445594823853 0.16012207744097
0.0588668746855805 -0.15399901956864 -0.276244759584258 0.015282934261689
0.139754064672108 -0.152739239202618 -0.184648936863397 -0.139385423932503
0.185530978261024 -0.137441663516672 -0.0391022342216455 -0.232547751310299
0.217137401311443 -0.121756476642994 0.127741394266356 -0.221682128671451
0.229949033903513 -0.132692480693856 0.279532855556938 -0.186167960859244
0.233218649481883 -0.145723916182089 0.37294877765455 -0.182498067153275
0.194753322938952 -0.183219570257814 0.349832272978096 -0.247897927888635
0.148708513781193 -0.252322288322901 0.225958606946245 -0.325503355958202
0.109900037925374 -0.252408757263596 0.104852158073333 -0.306309363559174
0.00750652020668803 -0.240619304633044 -0.0430953991121495 -0.197376909415044
-0.036270271182399 -0.202958628700983 -0.258976872765067 -0.122708224210929
0.00660178495096701 -0.104510098936546 0.463358360749718 0.341892975385162
-0.0186755198709836 -0.11908223332958 0.246379477034671 0.277775679257375
0.0316084520902967 -0.108848236823986 -0.0628849307886494 0.255894438709181
0.0429082944337024 -0.113126174605993 -0.223810229000408 0.147494047292702
0.0783649348094245 -0.0920166358640761 -0.267661131781415 -0.00393692108643766
0.117299422708854 -0.0741906191298094 -0.157558948796704 -0.160688824027335
0.1352641918737 -0.0460165296913984 0.00954215464514379 -0.260607034332259
0.144467923565988 -0.0190513451025814 0.1997780587658 -0.248180132674301
0.15352164974429 -0.0177038721245489 0.373660141577363 -0.211761365765887
0.170787529586447 -0.0262137794550841 0.470828501946346 -0.196741412139372
0.172201186288524 -0.0572968634802235 0.416345616008035 -0.251618526622912
0.168378676418832 -0.116885551788273 0.236744596424092 -0.329028408081264
0.13518272355236 -0.123852174298993 0.087431188576373 -0.280500681924947
0.0408717388622778 -0.148847516433379 -0.0667713933673127 -0.127247186763823
0.0128037909367874 -0.147095301372534 -0.256331680293117 -0.048638461649219
-0.0260518485278252 0.0514146687760689 0.203351011351014 0.0454530044789908
-0.0358881576081339 -0.000820972454340356 0.0724793863207161 0.0623512602498476
-0.0483251477798106 -0.0172843826134318 -0.133286760123918 0.203325163513714
-0.0614306317485962 -0.0155241135731282 -0.298085104137456 0.233245445072904
-0.0348951160222479 -0.0351263076010343 -0.480573902644294 0.12617240402189
-0.0206085888160348 -0.0891387094788226 -0.568656447080792 0.0673282240870072
-0.0309450117075579 -0.104982995691813 -0.488261562676183 0.0994385363357023
-0.0398530635015778 -0.0985995424330963 -0.316523622929093 0.217004992836379
-0.0688091736017813 -0.0774619416814982 -0.111734135577947 0.256225572628265
-0.0823474164447423 -0.035249274051209 0.0974911046118635 0.215614125682011
-0.0996792962906209 0.0185071420809988 0.250746349724257 0.0620507970228508
-0.0919904349099726 0.043292137483505 0.287066960250037 -0.113811080910916
-0.0568759529504024 0.051975574092775 0.139632390753064 -0.261564439930675
-0.0250781314975019 0.0603106725471228 -0.137882945086202 -0.354089638095733
-0.0230719587810986 0.0822268160908252 -0.442134519028885 -0.487959198805782
-0.0470433860804457 -0.0341338850407951 0.216814428543004 0.0538986488340594
-0.023615757817052 -0.119687179258579 0.0772614034686515 0.0792472606696529
0.0123790842022715 -0.148601982401235 -0.144665627880495 0.211759287105587
0.0212475619404041 -0.12510709904202 -0.308847599307123 0.236057340588612
0.0753081110923837 -0.110433497923178 -0.467618901027246 0.127310574024279
0.111768231069245 -0.148035029691033 -0.537542733530523 0.0444205057949971
0.104004525078552 -0.169528978069627 -0.464861820666095 0.0555419359932335
0.08069993241009 -0.168808867335375 -0.307204049290624 0.164187633277187
0.0220186543882895 -0.15645381530227 -0.111055297457007 0.222678895211368
-0.0270858383147253 -0.113625932772736 0.0924997961428854 0.195976633779554
-0.091281486983671 -0.0616189137097713 0.246487641812918 0.0444635954832464
-0.110838394174134 -0.0381873840412267 0.280471171062885 -0.133287595347209
-0.0747940857848726 -0.0211916750753094 0.13972357989573 -0.283855181933234
-0.0512650220458961 0.00299332146932657 -0.122917357681176 -0.381729596242648
-0.0633741087758625 0.0278189113853983 -0.416719109078103 -0.499817135641819
-0.0671985923281813 -0.100850701486962 0.238303131147281 0.107048016726817
-0.037639734674121 -0.203585076193787 0.0805840767014559 0.134488081374552
0.0195424506922787 -0.251460945138567 -0.159147395477248 0.237131289814851
0.0414557991316892 -0.226972073201218 -0.307644247438264 0.245691365020273
0.12968263970509 -0.190000324092416 -0.425755105339633 0.130469352591428
0.199231981378992 -0.202120873014737 -0.457863789414839 0.0224591032381142
0.208393005803702 -0.211793381309901 -0.385579235654426 0.00136660788783906
0.186170026586775 -0.213876933613045 -0.253636757151637 0.0893970758045593
0.1132082839165 -0.216780947109499 -0.0802329333831547 0.163050940344767
0.0335826719050978 -0.186063969569789 0.102442051379618 0.153241888360996
-0.074539109423131 -0.145663211418276 0.244999342695146 0.010383085506051
-0.121511135056761 -0.127796912087079 0.272788633021038 -0.166873549313709
-0.0883657168774063 -0.104149284676111 0.143068378114067 -0.31081514581408
-0.0739381071555583 -0.0700498223184676 -0.0958311887650904 -0.401876975581522
-0.0916775488660534 -0.0417548843217857 -0.377189711556427 -0.486263842379104
-0.0799279328568735 -0.13806713297963 0.272167178975388 0.179844665711324
-0.0675063925760507 -0.234518838098388 0.10403236699947 0.19696272501631
-0.0165026796986769 -0.290944077219405 -0.150402240288912 0.258869782447857
0.0077699641032223 -0.279375665932125 -0.285276669804191 0.235721605861434
0.121257850310412 -0.239555518407386 -0.367269158387891 0.108626192037463
0.230009452254121 -0.234506085368496 -0.359539601945394 -0.0183112817642066
0.266430528705968 -0.227047388980661 -0.279702379398207 -0.0649105575691262
0.262780862721524 -0.225603912090038 -0.1637104462566 0.00388023757262241
0.196117065114817 -0.244981558571309 -0.0198181050440619 0.0822671897871174
0.105202764111058 -0.238173589943314 0.130301124538003 0.0877130392350722
-0.0303751316224794 -0.224331807269204 0.247188533134079 -0.0397823054865363
-0.103109142279665 -0.222101095970506 0.264969323737846 -0.207136913182455
-0.079266766883708 -0.196347000802725 0.153732383535462 -0.332594788983991
-0.0800852595001565 -0.153611244553811 -0.0563163703595232 -0.399145557603282
-0.0987772399495649 -0.119421302374167 -0.328095702025169 -0.441361698829614
-0.0786720942977231 -0.149894441274477 0.313111614150414 0.253334128538098
-0.0822014412811515 -0.221101022760734 0.143553719744179 0.242145346137933
-0.0399896819965527 -0.268743597745475 -0.125448312741249 0.256756067108851
-0.0211138326056572 -0.267876177535149 -0.258637746265688 0.196078943741518
0.0946569398868032 -0.238123426045879 -0.316598764301992 0.0596873811172672
0.21965830836227 -0.22803332495532 -0.267719996972337 -0.0743749557821317
0.278983156696854 -0.210367575013256 -0.167710840431322 -0.133157938485109
0.300001776385823 -0.20445358061724 -0.0528341380940838 -0.0782249709031771
0.258539886937544 -0.230602363701927 0.0714671878543831 -0.00585680314293612
0.186050454253594 -0.249256761024882 0.186887099567893 0.00588098918055855
0.0577304227868157 -0.270132816585373 0.265238632236576 -0.101838694472045
-0.0263383688701516 -0.297299448970797 0.262122887080816 -0.245969186772619
-0.0218385020893728 -0.276338059440518 0.166334840257385 -0.337908009148524
-0.0538646980373714 -0.230671728372189 -0.0137082295983925 -0.364038646170466
-0.0796301435359482 -0.186821761205128 -0.281655419737786 -0.367409866808466
-0.0598064763527671 -0.142443743408619 0.353651503688887 0.315190907154145
-0.0700089950359717 -0.18891097025269 0.17773701292862 0.267352032125643
-0.0266641788778485 -0.217804532435473 -0.107162232773084 0.241030840082393
-0.0111643381709074 -0.220952898574926 -0.245458073718838 0.148636679448831
0.0835008062653077 -0.196563765905264 -0.286056573406145 0.008892866272126
0.194972276431688 -0.187158215640442 -0.199045297058625 -0.128335266932327
0.253906721340574 -0.166766051081565 -0.0687476301142043 -0.192267126436801
0.289165315553782 -0.153485133364569 0.0621300507419697 -0.147073405248055
0.281436748700623 -0.172781392274775 0.186213250838126 -0.0828284961796755
0.250038936313591 -0.198139328548606 0.280485960032385 -0.0682483522673055
0.166689764490688 -0.242717640404182 0.313561830808708 -0.158884239126189
0.0950885967381832 -0.303528188965314 0.268609009996091 -0.273576203038611
0.0777653917635303 -0.295930690313083 0.169180286252969 -0.321119838289845
0.000723428637134087 -0.266085571464001 0.00577581224300067 -0.28985109567352
-0.0403948375071978 -0.220894155148087 -0.250363918793242 -0.270146304466408
-0.0254193967354085 -0.124886951817281 0.385054352435406 0.364712448752873
-0.040349821630406 -0.153563357636991 0.196186519488861 0.285693814342418
0.00946984626672113 -0.162081368548723 -0.100333098751337 0.231603292196085
0.0241731414819637 -0.165000878161214 -0.241917247186494 0.116428067319394
0.0884720452252552 -0.140311071102259 -0.269376081456957 -0.0272277094947662
0.164241993258558 -0.124179006503522 -0.152531150162831 -0.164299179794627
0.205013389788688 -0.100947077660887 0.00762563961889412 -0.235255491226466
0.23549341589583 -0.0790335986202038 0.16419471274837 -0.191698052282534
0.245846769449376 -0.0830345714621974 0.307367368178 -0.129107389761896
0.251607989786703 -0.0986931717753388 0.396203882923922 -0.105764682030949
0.223313122935043 -0.139864749500138 0.388283151421067 -0.181601057713983
0.189768768058346 -0.215219562058156 0.280298921573777 -0.282882997593783
0.15919193898204 -0.22578476719624 0.156175314308732 -0.290259839619958
0.0531367961968744 -0.233306575055654 -0.0091594621504852 -0.204821217114941
0.00442593113132344 -0.205590896675414 -0.241259603568124 -0.170674863985724
0.0181185716958236 -0.0989093325571482 0.398712737310047 0.40607221519156
-0.005163994976004 -0.116413842755887 0.198772131739772 0.307656404415446
0.0453199658344079 -0.104988286917844 -0.0994057392457399 0.237950792099097
0.0610705404016296 -0.104593271446099 -0.238287137593554 0.105002457265381
0.0940776091594789 -0.0774454438057985 -0.258069133643845 -0.0459606225486405
0.127144552605847 -0.0522675067222154 -0.122143297777288 -0.181735842673787
0.139632296314872 -0.021662211837985 0.0604014217139829 -0.253813058858945
0.145556506775233 0.00818706154197344 0.239662393251394 -0.204505334842768
0.149977268905084 0.0139568916004244 0.4039893684032 -0.134953010028305
0.168013426391787 0.00456004457373554 0.494100323514806 -0.100095761003166
0.177858977497232 -0.0231454644185239 0.454453182859909 -0.169334159572866
0.182377105459101 -0.0820829694895947 0.295345970690621 -0.281443016944033
0.158360901448837 -0.0966688039164715 0.135694984357796 -0.264547676767147
0.0667548753886505 -0.136948094772388 -0.0448925977488095 -0.139300777848224
0.0405374864844899 -0.14193485930426 -0.252758011517409 -0.0950999486544458
-0.0226286606401412 0.0517567877964943 0.205010493351494 0.0320653388926202
-0.0355590685278226 0.00142205937810752 0.0758257513357599 0.0545219684130938
-0.0485816978701558 -0.0154713385690312 -0.119291883280894 0.203999398909836
-0.0603897348119234 -0.0126435226137803 -0.278746711298012 0.238548040861671
-0.0354294185510459 -0.0337326056600152 -0.463474630642964 0.141406324237065
-0.0248965168884696 -0.0866995585586167 -0.552971364607317 0.0861964285919003
-0.0338191414379658 -0.102767639019254 -0.476583633773821 0.113312824154777
-0.0420177530813175 -0.0950457718316189 -0.303510999799868 0.222532669390432
-0.0704395461434389 -0.0719979752856655 -0.103964466472731 0.256807964760878
-0.0825050349831211 -0.0315451706545243 0.0987542926377132 0.210860667297592
-0.0960891934403363 0.0221491754915869 0.246226622428515 0.0528884636753229
-0.0886008073317335 0.047334504729956 0.276898889487514 -0.122733897667192
-0.0536847394246592 0.0531107986258827 0.125768853794338 -0.262492949669896
-0.0222671872346166 0.059414411980572 -0.147404489793953 -0.337152970599754
-0.0179567818327443 0.0810699274561667 -0.450510601992824 -0.457367706053799
-0.0455066155704777 -0.0321126651262207 0.218044133537596 0.0406411884970644
-0.0275037450214604 -0.115500081016379 0.0806943561319886 0.0717653903322756
0.00588153308689133 -0.145599267859712 -0.129475611264604 0.212037749011168
0.0174480468204542 -0.121853877714973 -0.289004629580206 0.241126659162182
0.0700431464618433 -0.110727500541305 -0.450993984099333 0.14323934925108
0.103239170804457 -0.149837316858783 -0.5253312810906 0.063147915012674
0.0968364081603829 -0.170475947522489 -0.453529026680752 0.070610880541202
0.0743942612092076 -0.168021161911852 -0.297399112866711 0.171537615906167
0.0168613108719296 -0.152893546781791 -0.104027647471759 0.223810992634644
-0.0295319554523265 -0.110707761592075 0.0937449807949036 0.191766599437158
-0.0904976971232007 -0.0571459116514411 0.240534630193951 0.0359137766813986
-0.109616304813552 -0.0333092214594057 0.268304426477297 -0.141856420009981
-0.0736237333573371 -0.0184839264369609 0.125800969276164 -0.284384593539964
-0.0486511519179558 0.00283261281431092 -0.134867503525353 -0.365653388639959
-0.0595494387043691 0.0288236786062509 -0.42868837747316 -0.467290683602772
-0.0667221899912988 -0.0972628205032926 0.241255333180604 0.0909941903380844
-0.0444117527448233 -0.197401981891869 0.0858425896773084 0.12424197587807
0.00935497411791618 -0.246551064721669 -0.142575006554924 0.237408862166929
0.0344061531110706 -0.223101069482076 -0.288866860616065 0.249557534293595
0.120387089963828 -0.189446627430208 -0.408436699481798 0.143758095143673
0.187252832893346 -0.204900572088192 -0.446787611984497 0.0385952352071714
0.198738215771025 -0.21517846374 -0.380554792653807 0.0134244962359876
0.17684346400636 -0.215265879223685 -0.246126986186312 0.0959766028415387
0.104175244830029 -0.215654228155181 -0.0748854650823171 0.163236289718501
0.0284779730550639 -0.184446800774915 0.10256137341422 0.149137007464082
-0.0755882956362447 -0.140052223234843 0.238000614242831 0.00271844657650783
-0.123703597549295 -0.120417352068779 0.259457811879281 -0.173041822663536
-0.0904395984144819 -0.100066789614735 0.129111293091385 -0.310264570967891
-0.0719991336529021 -0.0681876817661689 -0.110191547744776 -0.384571784207785
-0.0883497434928839 -0.0386683504696511 -0.389848881998419 -0.456400402783416
-0.0803824162746309 -0.133901076357981 0.276446062354095 0.161818792300266
-0.0738187857593127 -0.226736927528213 0.111008081702252 0.184852146872498
-0.0259332845448727 -0.284575364610729 -0.133307309722865 0.257478529570914
-0.000470055459453838 -0.272117718595804 -0.267072187744158 0.238740456768814
0.112071108469336 -0.238242679992309 -0.352656507851461 0.119855662999544
0.216989486203249 -0.23819348218101 -0.353018115021468 -0.00621973848297321
0.25625142254497 -0.232006340580228 -0.277413620265212 -0.0542609128938718
0.252518681678728 -0.229115959436605 -0.16147853765523 0.00850443344849102
0.18477658302884 -0.24567012831587 -0.0180346497852587 0.081451817694977
0.0965414699634414 -0.238372475672627 0.128753069714745 0.0827424638929152
-0.0355407167170127 -0.219046395757867 0.239091829510296 -0.0471515591659386
-0.108312405149429 -0.212871705546785 0.24935352183485 -0.211831932960914
-0.0842865523701967 -0.191026443059924 0.137610696971493 -0.330967804681837
-0.0808894342994567 -0.150332279682358 -0.0725893772447738 -0.385368475281744
-0.0979792895813398 -0.114633225416656 -0.341952636732664 -0.414401313769594
-0.0800174850024022 -0.145563141689468 0.319435463645078 0.232858346723024
-0.0873885016885278 -0.213993468576711 0.150106376696459 0.227302326030681
-0.0477293974900166 -0.263074048971356 -0.11029197818703 0.254385322355163
-0.0268877671711682 -0.260562800349765 -0.243314100190961 0.199580806912147
0.0862449512156307 -0.235450903827633 -0.304831826849538 0.070322535700903
0.208890289008146 -0.232259999816063 -0.263976854234088 -0.0641518779529128
0.269934017133404 -0.216210722654023 -0.169472138292883 -0.124534702976704
0.2879328817855 -0.209040353889279 -0.0549210734941922 -0.0758089573296844
0.246422249566145 -0.234230916278146 0.0688122830317343 -0.00879278032912774
0.175233719796988 -0.251736810502423 0.181969056433607 0.00046037234353309
0.0505260024661564 -0.265503134181182 0.253932904084652 -0.108825912629641
-0.0364747442284464 -0.28899206067882 0.244073543579162 -0.250188834965921
-0.0310428318079366 -0.2703301800249 0.147991631729882 -0.335560757001051
-0.057794260783655 -0.226173811849098 -0.0319524914003025 -0.350231711297281
-0.0821174633983427 -0.180817052048933 -0.293187555703863 -0.345246238442122
-0.0611827602670483 -0.139872535735143 0.359659730402299 0.290303134964794
-0.0757201938076678 -0.183067703565141 0.183902730398184 0.250670006662362
-0.033657040169013 -0.214340256642976 -0.0930580396289045 0.238485192376394
-0.0160528801058513 -0.216330061086695 -0.23204226216399 0.153140252791799
0.0771807258041254 -0.195819454571436 -0.277506773100806 0.0187887546297154
0.186126705205137 -0.191330790495316 -0.197774811801171 -0.119046498060243
0.246974334940593 -0.172807838741422 -0.0743847533622342 -0.186860378122069
0.279768576669392 -0.159053109705374 0.0560287592532459 -0.146958352396986
0.270231070342892 -0.178519090647441 0.180320405193156 -0.0880130241962374
0.238776554135406 -0.203204939995493 0.271611461121037 -0.0757345838470931
0.156095505936236 -0.242329362821071 0.299121180451982 -0.166318550854307
0.0831966123842498 -0.298933219357631 0.249920115580234 -0.277894245366513
0.0650737991705822 -0.292949125626018 0.150938186205565 -0.318419210103739
-0.00646651557021813 -0.261661697875559 -0.0101738670960747 -0.281754510109369
-0.0468185195459538 -0.21573074180208 -0.260235338471398 -0.250985442653174
-0.0280528674710763 -0.124765274834966 0.391025057133432 0.340609480699189
-0.0451347272163121 -0.150438637820538 0.202363697907451 0.269285201832476
0.00266392832765831 -0.161792201213392 -0.0869004652709139 0.230129770255794
0.0189292795284948 -0.164167538617295 -0.230314952914714 0.121674592668189
0.0824793154940674 -0.140989549706604 -0.26175155317382 -0.0163082470024238
0.157446657689738 -0.128947525183938 -0.152397683741827 -0.157062573071848
0.200420865094228 -0.107026003897589 0.00183259838826418 -0.231470769291246
0.229789844063536 -0.0853186847969485 0.155815773582911 -0.193942507306135
0.238856856148432 -0.0885999266292212 0.296600528426823 -0.137104462817792
0.243116356660452 -0.105626901555462 0.384393614872562 -0.117234359405017
0.21514097866681 -0.144102873558105 0.37267091935869 -0.192471000922274
0.178149519659493 -0.21803098075894 0.262270792638664 -0.289303050780373
0.1472506564999 -0.228299577075205 0.139198502131889 -0.289398312688646
0.0454631845465248 -0.230772299171484 -0.0215800857035389 -0.198364619050996
-0.00151322258148475 -0.202577630173535 -0.247278661910981 -0.154860647149932
0.0148135606326497 -0.0999231209512537 0.408220511041709 0.380217225366589
-0.0108543362988875 -0.115101169436051 0.205984560558689 0.290929142018775
0.0400963837219168 -0.106917156329997 -0.0863744776463825 0.236349456581964
0.0560289278148486 -0.105926543160404 -0.228241110081417 0.110529043478454
0.0899974993756414 -0.0802104479827004 -0.251750879778573 -0.0342382307995098
0.123166097264222 -0.057163027767308 -0.122987108977189 -0.174511146244952
0.137913347799465 -0.0269265395912965 0.0522518064767992 -0.251493655694502
0.144654293993009 0.00400076971104332 0.229528168350603 -0.209058320928999
0.147901223397186 0.00970844684169481 0.390834763907305 -0.145778588591569
0.165842347063032 -0.00154321582124816 0.480271547416864 -0.114916954574864
0.173680259006835 -0.029544585573621 0.439873044237627 -0.182670507048394
0.175478386811255 -0.0886286977169729 0.276093467470208 -0.287830385160227
0.152490814612191 -0.102242018957841 0.119646494875724 -0.264120435570183
0.0609388081477718 -0.137114266619125 -0.0533123524026661 -0.132801312757338
0.0338243351005175 -0.140483767403788 -0.255354898947694 -0.0796696570754588
-0.019757348693416 0.0509748170550901 0.205137880828849 0.0216119651403325
-0.0353678596305796 0.00342893459270563 0.0771508309994741 0.047793949572417
-0.048395013084762 -0.0132725799541789 -0.107226385320996 0.200437852510724
-0.0589262793084426 -0.0105526465401745 -0.264263582461142 0.238908002098601
-0.0352915519014495 -0.031741775433132 -0.445707335999137 0.149887802713656
-0.0282225457292322 -0.083923628171618 -0.538913826726387 0.0971390590585423
-0.0358695939337273 -0.100522850497092 -0.464167593250545 0.121538210442228
-0.0432256673088217 -0.0919713044740777 -0.294437336531691 0.224543512927785
-0.0700124317272589 -0.0679422769704414 -0.0997000749639152 0.256259208767684
-0.0816890867678376 -0.0286133553181686 0.0983053845804115 0.207432622113453
-0.0934281795453509 0.0245985076691146 0.239918194957586 0.0465715294740355
-0.0853534297280576 0.0493553679352641 0.266450499978054 -0.127674225824214
-0.0505454668344752 0.0541624830820547 0.114689176354937 -0.260766361646725
-0.0199997321262623 0.0586572706560451 -0.150189677406183 -0.321872136215128
-0.0153592624052658 0.080100162039311 -0.453802988034712 -0.429794555544267
-0.0436272614388212 -0.030668448056493 0.217843254106482 0.0296820661553651
-0.0299014397795472 -0.111044027647602 0.0834347700710762 0.0640199530133826
0.00146176735646679 -0.141670601034323 -0.116863705622758 0.209398498011405
0.013913074507375 -0.11892444662934 -0.272900201990831 0.241308488592392
0.0661466963291944 -0.109374748137648 -0.433432064019978 0.149329632837367
0.0958821455200879 -0.148907689423529 -0.510248462244766 0.0742837748245884
0.0914593777073084 -0.169898981444044 -0.443251063356716 0.0791209405941964
0.0697933492267021 -0.165793404619486 -0.288313256601901 0.173763806356345
0.0138231153614786 -0.148796511208879 -0.0992914911065634 0.223280036896396
-0.0310362277796244 -0.108612284425177 0.0922624029002972 0.189029199319781
-0.0880772481676311 -0.0542059989738877 0.234104435079582 0.0300676001998841
-0.108042554233595 -0.0288820354891798 0.25781198538772 -0.145487615921194
-0.072344087802974 -0.0168910147289914 0.114349230168931 -0.2821653955035
-0.046159585751242 0.00207901705989482 -0.140372200409174 -0.349773217662012
-0.0554726479578576 0.0289407729971633 -0.430945910513416 -0.440759720061774
-0.0650286053126575 -0.0944559549308704 0.241527185747934 0.078010647477991
-0.0475505655674843 -0.191178851023851 0.0890836006023335 0.114957931744867
0.00274206611945885 -0.24076527623972 -0.128772094375417 0.233860219773932
0.029236041646577 -0.216785297500096 -0.271521090819149 0.249122076962279
0.114140929097515 -0.186363764194576 -0.392239442445035 0.150511919960379
0.178164897545413 -0.205158667098905 -0.437020331756368 0.0477581927324062
0.19025834836955 -0.216639275912222 -0.372134654533356 0.0205581507728059
0.169679450010554 -0.214029560700354 -0.240624471195354 0.0985874048864715
0.097908178585695 -0.211607313128176 -0.0729428062209232 0.162319109561547
0.0247093439928069 -0.182316037306466 0.100616397024621 0.146385580997181
-0.0753226862125784 -0.135794335877904 0.230972376795107 -0.00231610020994202
-0.12269087796038 -0.11351350966944 0.247650162747483 -0.176047120845022
-0.0901299825160983 -0.0967814020386061 0.117052209382891 -0.306566184128174
-0.0708782464096922 -0.0667073502847835 -0.118723730124618 -0.368841889046911
-0.0850413812824404 -0.0373366810108333 -0.39534009375879 -0.429872656807204
-0.0793494644156531 -0.130779611603917 0.276993896738734 0.14581394295553
-0.0762988355784782 -0.219551944094125 0.114045243378752 0.172474214544568
-0.0321491677539331 -0.27679305718101 -0.11964714288812 0.253303979556012
-0.00442598216027241 -0.264313477943226 -0.252382538591576 0.237621442115046
0.106213234087709 -0.233977594085165 -0.337604918789846 0.125654137015989
0.20811077555107 -0.237984395083209 -0.344780962772038 0.00180821874945116
0.247343391427807 -0.233292077530301 -0.273733649064568 -0.0462888223404002
0.24460985859742 -0.230432069518439 -0.158901301694258 0.011670922146775
0.176107276487461 -0.243532529225696 -0.0178921500481273 0.0796048259072901
0.090393652750866 -0.236089248384488 0.125301802939266 0.0800846121459281
-0.0366532102319148 -0.2124019609066 0.229812906818266 -0.0508123467250302
-0.109636565179909 -0.205283426861691 0.236609705017621 -0.213391773878884
-0.0865475341943462 -0.185274052027822 0.125021723175853 -0.326276725580964
-0.0797768787959383 -0.147373144503478 -0.0823585030484332 -0.36960662186698
-0.0955815688744488 -0.111720011456024 -0.348489630579915 -0.392892610142215
-0.0791537573336751 -0.142221801337294 0.319932540343532 0.213475226132673
-0.0902612957433456 -0.207773005317772 0.152067870407063 0.212126979020221
-0.0522691775881834 -0.256085507381863 -0.0976472740088317 0.24869269474143
-0.0301611518139664 -0.253547339878097 -0.230898146297543 0.198208746702573
0.0819144583836533 -0.231788538539756 -0.293419500901763 0.0763126471513861
0.200207528692281 -0.232998865578289 -0.258890565413489 -0.057399468293807
0.261096730704922 -0.218628760797326 -0.169245792455258 -0.118158229291669
0.279673724923507 -0.211775042805222 -0.0560953972066264 -0.0732547586938854
0.236663902121805 -0.233073284115222 0.0657493597378023 -0.0100935670668945
0.167218254817702 -0.249713940495765 0.176561332351821 -0.00303403250421868
0.0459428962676556 -0.260577930763345 0.24274970216044 -0.111605729230793
-0.0413407490404955 -0.280571729656114 0.229979077051983 -0.249963463939308
-0.0363421685770211 -0.263537949778045 0.135617400839474 -0.330016956371908
-0.0603981356434357 -0.220808008768401 -0.04336970847219 -0.337746518209575
-0.0819040340246061 -0.176865328793522 -0.299716879290131 -0.325612967306082
-0.0614797157902391 -0.138139312001591 0.361902525082514 0.270718972421635
-0.0777227991453822 -0.177563132263672 0.184922997929652 0.235832055768166
-0.0376658578494079 -0.210462210664507 -0.0819226952447236 0.233363257060624
-0.0187513859056276 -0.212136449606921 -0.222020900248835 0.15368203495577
0.0732654442623648 -0.19399086649632 -0.26759422436006 0.0249663082077632
0.178404061294587 -0.193640356833145 -0.19416782048076 -0.113391957905504
0.240406358057657 -0.175731329961697 -0.076301076487916 -0.181233132227775
0.27342364285408 -0.162633243147713 0.0512997936383269 -0.145486348137871
0.260412742248253 -0.178989571388941 0.173203973570593 -0.0895909560875687
0.229930744460893 -0.204629872978989 0.262932392005922 -0.0799801676650531
0.148369524306825 -0.239157545737998 0.285773696337383 -0.169767522771825
0.0743760008024858 -0.294880848447267 0.233238228255935 -0.276249133201835
0.0564040424051223 -0.288564423368986 0.137298602104324 -0.313409012905335
-0.0105775129655883 -0.256267496786331 -0.0214607874093849 -0.271409016024102
-0.0484623122313844 -0.211777291110549 -0.265440852196586 -0.234622524183679
-0.0302890747960562 -0.12357265865279 0.393400121571603 0.317397679972352
-0.0484979677538765 -0.145770549044292 0.203280933061437 0.253512659500994
-0.001494236950549 -0.160979782160556 -0.0766850089780763 0.226288617544959
0.0158363085555644 -0.16265833750541 -0.220508999681912 0.12297249315602
0.0787457564897657 -0.140942968081073 -0.253503551020012 -0.00961841947751547
0.151651439733007 -0.132176706149671 -0.150261494321266 -0.151006195336361
0.195499296903229 -0.109889811305394 -0.00360699795874676 -0.226980900945551
0.225384692056593 -0.0876223728304945 0.148156391829687 -0.194485333427328
0.232007580954118 -0.090772174011114 0.286391240272372 -0.140504356953653
0.236178143609599 -0.109353756752643 0.372563495451993 -0.124359315419271
0.207287458227835 -0.14639082755113 0.35687696650209 -0.196737641570245
0.168905708202475 -0.216979666881987 0.245176728330501 -0.288220077779501
0.138348353760081 -0.22772647117109 0.124439795080114 -0.284558861127553
0.0392070514390156 -0.226741322231386 -0.030142698666243 -0.191811194456498
-0.00559656227563466 -0.19900039786263 -0.250568031412342 -0.139914331218896
0.0116929758773232 -0.101256927174424 0.409253246064572 0.357628707516771
-0.0146744266448586 -0.111791214765373 0.207129923871151 0.275031023420994
0.0360627707465587 -0.107970336686673 -0.0761560108298255 0.2321465686694
0.0530338915292407 -0.106829220125133 -0.21817435825169 0.112374735718814
0.0862786713374484 -0.081735005293986 -0.243726362654013 -0.0272028325797947
0.119504506155544 -0.0607909801238616 -0.121129628811322 -0.168898068202009
0.135609347578803 -0.0307104349235821 0.0469723735429613 -0.248304192272316
0.143441060114412 0.000633487221512672 0.219725966781989 -0.21009989552766
0.14519686209695 0.0080774887967765 0.379228609204424 -0.150256621427525
0.161509424926841 -0.00495193023527777 0.465942309905254 -0.124242654110514
0.169455041487142 -0.0329509742624736 0.424012272552284 -0.189528758190352
0.169852958313793 -0.0924758782307691 0.26004513556056 -0.287252456381184
0.146502354942119 -0.104897286063172 0.106218325452764 -0.260327685779174
0.0560211281228701 -0.135319309926877 -0.0583243658596005 -0.127441569330508
0.0304958830636182 -0.138647844656393 -0.255865898918664 -0.0676523143259474
-0.0175792633771261 0.0505326229306079 0.20551723449333 0.0144875446740941
-0.0346760949265701 0.00510224629335362 0.0786820990744999 0.042321210967508
-0.0489650281660223 -0.012215586098536 -0.0994341726075573 0.19891982562364
-0.058298811264063 -0.00956312751954322 -0.255005958414564 0.236744743886994
-0.0348107683367197 -0.0310027157101231 -0.435851575919278 0.151842915915766
-0.0296591079670848 -0.0820481371625406 -0.528550246316723 0.102028494647675
-0.0367383661890109 -0.100199492915187 -0.456168428770649 0.123536531161849
-0.0434419543372823 -0.0903229562917417 -0.288816556857313 0.223897887098233
-0.0689588378111719 -0.0651975348561119 -0.0982681851652071 0.256042134045308
-0.0814489524733085 -0.0266534876786418 0.09656599601187 0.207041454290722
-0.0910874087877323 0.0252427118618398 0.235109421156893 0.0442122035064208
-0.0832759453147322 0.0513081597644871 0.260165299969221 -0.130246828321983
-0.0486227399007974 0.0540066659289881 0.108122360330758 -0.259098907741843
-0.0186594668529958 0.0574112156445858 -0.149589480902536 -0.31240224116523
-0.0127958719336536 0.0795207252006888 -0.45334216250639 -0.411934118743827
-0.0418293358762817 -0.029930385128481 0.217954711360092 0.0215347886015086
-0.0310405507330492 -0.107605313451829 0.0850037782637105 0.0581301730124733
-0.00139132384401851 -0.139180891642599 -0.108463340522067 0.20715161791676
0.0130938478286438 -0.116593400371677 -0.263096153322627 0.239784071132289
0.0643384587087864 -0.107983760859023 -0.423622258400917 0.152192212548972
0.0922159096798433 -0.147043685739259 -0.501596371945425 0.0785298137006725
0.0882818228611342 -0.170087722611391 -0.436136520843957 0.0823619067935557
0.0678764721684367 -0.16417602010174 -0.284425393106871 0.173869105643989
0.013011815280945 -0.145787134728685 -0.0988291898954059 0.222405329633285
-0.0316632158378417 -0.10664668973569 0.0909502118599886 0.188513819961515
-0.0857167622881528 -0.0525516094995698 0.229295738622879 0.0282102080062855
-0.106624678533363 -0.0260617292904665 0.25173355851104 -0.146940265736098
-0.071064798613853 -0.0160552603397585 0.107896322915305 -0.279793008070736
-0.044522322806257 0.000996527632131462 -0.141170279991947 -0.338496136053089
-0.052747691858345 0.0283827151142288 -0.432325129283387 -0.424070694301753
-0.0629858400407154 -0.0929515702719811 0.242159757707511 0.0689841230694691
-0.0484207703912423 -0.186850912613754 0.0910099328196566 0.108104196549555
-0.0012276037165801 -0.236220971315766 -0.119753457266314 0.230499343273047
0.0277308043412807 -0.212966771668926 -0.261489324567375 0.247775339557583
0.111746632932849 -0.184041305115267 -0.382134116377396 0.152646246240858
0.17272720881816 -0.203732747486393 -0.429371833398015 0.0519901376741833
0.185957580761616 -0.216754038631457 -0.368080376434312 0.0248645177483255
0.167323636084734 -0.213411020541107 -0.237726607869899 0.0992649375889895
0.0962994814660262 -0.208701670442881 -0.0719383204464037 0.160899745516738
0.0231570591385731 -0.180167464495744 0.09882722194039 0.146805611851586
-0.073383099204146 -0.133085676807319 0.225138022402321 -0.00431592129548793
-0.121856686814246 -0.110144493442744 0.240700125794361 -0.17663044957225
-0.0897480891629853 -0.0944940182101168 0.109941121218302 -0.303266797414663
-0.0685213526713048 -0.0674479583961129 -0.120241705996778 -0.358898019247449
-0.0815792195648272 -0.0371433980734968 -0.397877098496053 -0.414829447990457
-0.0779367595276363 -0.129363029041677 0.278232482594762 0.133681698361043
-0.0775402101677692 -0.214400232226092 0.116153449940683 0.164098040657504
-0.0348761780406215 -0.272159645642039 -0.110863253354273 0.248428783157041
-0.00541063769920744 -0.259304028499968 -0.243138111567167 0.234849542251787
0.103645529216107 -0.230555683289371 -0.328469926122109 0.127389729030985
0.202439944592564 -0.237120221286133 -0.338852437391235 0.00451661999688785
0.242948996053137 -0.233913003568162 -0.271525103624454 -0.0436776277908468
0.240351745048382 -0.230167856643282 -0.15777995524746 0.0114062366299104
0.172263435782147 -0.240475502797315 -0.0183405612446416 0.0789037064526227
0.0880028073176252 -0.233373541591881 0.123244716719628 0.0796245549288457
-0.0358140068580506 -0.2095128231302 0.223796106343611 -0.0518147536056144
-0.109932177656236 -0.199432448780416 0.228912874159108 -0.213072921672856
-0.0869860891044443 -0.181812095985858 0.117034674096653 -0.322635601448455
-0.0788316690146671 -0.14653207957615 -0.086872962417686 -0.358085767018918
-0.0930592040012192 -0.110881761708653 -0.351255461677383 -0.376836289770235
-0.077569097747499 -0.141400892555692 0.320120095275691 0.199506947223101
-0.0905261123168587 -0.202933554754316 0.152204383085499 0.202916239349898
-0.0547361695456016 -0.252632252507417 -0.0904897220536292 0.243947760741358
-0.0304404530038055 -0.249169676457459 -0.222650050912635 0.19563207012494
0.0814938116129584 -0.228936810171548 -0.285611542262766 0.0781870854928988
0.196055250309979 -0.232431150441019 -0.25462728573661 -0.0553226890580235
0.257632097209084 -0.220040700073092 -0.169205780933114 -0.114696698689474
0.27667360738426 -0.21230254787452 -0.0573843174387794 -0.0730832459940853
0.232240256931378 -0.231023389800716 0.0638394554473479 -0.0113434382878508
0.163399441821948 -0.247305324840935 0.172305375522269 -0.00374279495759092
0.0441495302650368 -0.256240007900218 0.235604941204623 -0.112436304616192
-0.0435335421297562 -0.275206316787058 0.220779039903622 -0.248658287892056
-0.0389481353058025 -0.259700821379968 0.126588060186651 -0.325749929135096
-0.0597627738152247 -0.219112227069015 -0.0503780472231683 -0.327572116259009
-0.0808375146899922 -0.175526380170924 -0.304524771456603 -0.311751375783938
-0.0611956376773476 -0.137953545373036 0.360057500301424 0.256699874928514
-0.0784112213547976 -0.174612084759665 0.183947037187186 0.225065412314445
-0.0392978227135141 -0.20857366756252 -0.0760943227901233 0.228597158038372
-0.0194282220916613 -0.209721377601192 -0.21585984967206 0.151593725879023
0.0726780329620244 -0.192122728487127 -0.260486646021576 0.0280453431446803
0.175718140835262 -0.193541635149682 -0.191745505456716 -0.110693839032038
0.237268050263832 -0.176878050119772 -0.0770240543457761 -0.178523452993532
0.269729655164683 -0.163308124096506 0.0482235757639427 -0.144963491069014
0.256689948988124 -0.178726525830333 0.169332865103767 -0.0904155935976915
0.225071126952516 -0.203222996742946 0.256983804655427 -0.0817115856016753
0.146136270528251 -0.237175366252926 0.277302337337827 -0.170011467585912
0.0702550988752567 -0.2896432201881 0.223835424323817 -0.276128852872372
0.0521904911495618 -0.285248625216493 0.128072884349099 -0.308814125294594
-0.0121959129485302 -0.252876242458747 -0.0280386026695928 -0.263808523065741
-0.0481981950175423 -0.209414102041408 -0.26993361209439 -0.222839796746679
-0.0306025672210374 -0.12404497565757 0.392343792775119 0.30284632468659
-0.0493113182911515 -0.14403600718007 0.201521069360344 0.243713445166593
-0.00399884707343618 -0.16017422123835 -0.0711760050429534 0.221832149509255
0.0144106628817334 -0.161688786927469 -0.215382699204317 0.122015370061833
0.0776470347185681 -0.140798195654661 -0.247460070406082 -0.00691708809582403
0.149692608007029 -0.133599225231144 -0.147268895475329 -0.149218123929309
0.193555267005008 -0.111946532894737 -0.00503559283598191 -0.2248603242474
0.222855928726115 -0.0890899742011137 0.144085475371171 -0.193802727123072
0.228563630242126 -0.0900406802734662 0.281382956248317 -0.14175281644819
0.231776367456669 -0.109431199608414 0.364252252197581 -0.126697696969444
0.203999140894807 -0.146267657387146 0.34673826008477 -0.198071390984982
0.163227744396308 -0.215728090783467 0.234992558536553 -0.288942674918473
0.134018093389426 -0.22724332638235 0.115565542784688 -0.281389652190791
0.0370474408134719 -0.224263285718755 -0.0351888299453829 -0.185916428703066
-0.0063537924494071 -0.196736373314278 -0.253579719175023 -0.131269723414151
0.00951736695725748 -0.101749182037021 0.410445122867592 0.342702265494715
-0.0165550942689982 -0.109867316460292 0.205590261573982 0.264827992433368
0.0330618547165917 -0.109311584451167 -0.0704924967481105 0.228336405851288
0.0511677558130332 -0.107516503795186 -0.213356625662454 0.111181232829472
0.0838209295024349 -0.0831885511712733 -0.238097523449716 -0.024332400180805
0.116855136504519 -0.0630252953440221 -0.119075992939033 -0.166256755018355
0.1341446681457 -0.032820699718441 0.0451580283499422 -0.246920593681934
0.142144670416245 -0.000479840449623501 0.21589266319984 -0.211089389313632
0.143760927864142 0.00745863904210293 0.37193993541063 -0.152420884096557
0.159080297659742 -0.00648186703040323 0.457440279246384 -0.127131904168216
0.166825555391307 -0.0344422207892175 0.412106623540551 -0.19178744657274
0.165483353030057 -0.093020135110362 0.249875408203805 -0.28801816490544
0.143329555917503 -0.106590479236067 0.0976459073018341 -0.257209120634952
0.0537108925331212 -0.134211159148639 -0.062172459211626 -0.123194942125134
0.0285131103035086 -0.137559877450699 -0.257055718713452 -0.0587604224690808
-0.0162814058233454 0.0502139325792417 0.209276832571864 0.00692831153814555
-0.0350627679468049 0.00683802157626782 0.0803608476024496 0.0376443326482432
-0.0489762693920197 -0.011378058131379 -0.0939292397912351 0.199282693902505
-0.058011703396756 -0.00880255480612636 -0.250164393041097 0.238423803103387
-0.0354916057631748 -0.0308518337776418 -0.434485099908161 0.154908983288369
-0.0318890824454937 -0.0817366218545904 -0.527809118340404 0.10775464608327
-0.0383514377005018 -0.100756695479268 -0.458848090124282 0.128563162110445
-0.043831283439395 -0.0904321333310826 -0.291080409597253 0.227132475331376
-0.0688866467737724 -0.0636949198345242 -0.100143931286887 0.259951042866199
-0.081775900318983 -0.0258335356200142 0.0960337152155545 0.211086228922638
-0.0904224213302599 0.0264010376492241 0.234620206059091 0.0429742394247962
-0.0829224759566415 0.053517814258273 0.259259598885531 -0.134448628395981
-0.0475887210070912 0.0550160728872597 0.104206492224765 -0.260806760680741
-0.0185799937620138 0.0579177151532121 -0.150403972884818 -0.309186817305239
-0.0116704470282676 0.0803357428308161 -0.459226154485464 -0.404850379603058
-0.0405571476778088 -0.0307466932690039 0.222488922098163 0.0141800167458172
-0.0320931483089977 -0.106461086429589 0.0865893621620857 0.0532392853615584
-0.00307516491733382 -0.139055520213286 -0.102753330676785 0.206964627891079
0.0128516339719268 -0.116172355079863 -0.258599396998749 0.241899258177531
0.0643634129533309 -0.10909032969491 -0.421013475547992 0.153995486111589
0.0898796878283627 -0.149115030423577 -0.502215926433213 0.0827332661917711
0.0867891439224356 -0.171975486814969 -0.439536673744417 0.0863578371476933
0.0680322152077548 -0.165836337857755 -0.286188885845467 0.176855513294521
0.0140248322672517 -0.14533989675615 -0.100610001232697 0.2258648377233
-0.0317335590707975 -0.106780842238643 0.0910061872863762 0.192531008834266
-0.0852784647672815 -0.0520322454194557 0.228651389964397 0.0269096043292553
-0.106848201612847 -0.0244371729905372 0.249765702277046 -0.150504793106884
-0.0708925059911568 -0.0156798373261505 0.10403670911408 -0.281387207121647
-0.0437540742860566 0.000326913463885508 -0.141689593918669 -0.334576765033716
-0.0508803972986668 0.0282770599534349 -0.439642468377846 -0.416309237101844
-0.0625260826067647 -0.0942243506629591 0.246965265656297 0.0609117348465059
-0.0498289185004447 -0.185986655183363 0.0937536698148852 0.103063568172886
-0.00335789485421813 -0.235762689247001 -0.114041978357529 0.230474946320602
0.0271788963443434 -0.212304184183903 -0.257696309995862 0.248716011326957
0.112248467693256 -0.184967696366835 -0.378541339250703 0.154803037714405
0.171955705788278 -0.20568068571683 -0.430005798605124 0.0539792593744767
0.185165475942848 -0.219369087656025 -0.371180750876451 0.0276742601049931
0.16749495946114 -0.215768803219091 -0.240065517709944 0.100798541902804
0.0963400154215313 -0.209654006350669 -0.0737156238168619 0.163268023527019
0.0235034655036459 -0.181535225539808 0.0988013742598318 0.149766974392365
-0.072635664303386 -0.133869958877545 0.224181971277103 -0.00484295681943938
-0.122685580339275 -0.10852474951657 0.23867653861576 -0.179277359092508
-0.0900612254852427 -0.0942403262509709 0.106660741217643 -0.305408901077789
-0.0683430288873803 -0.0697342350257432 -0.122726609101325 -0.353330589835143
-0.0800469337107891 -0.0387138530149376 -0.405811001899528 -0.4076897023947
-0.0768788670536618 -0.130640054095452 0.282438244383141 0.125321974013786
-0.0790786738588794 -0.2140683457454 0.118571080773659 0.158765591406838
-0.0370603157654873 -0.271990615820082 -0.105144605517727 0.247670650731641
-0.00550380078595348 -0.258855316027934 -0.239743725288011 0.235534375556575
0.104822327922175 -0.230976777072708 -0.325684793612222 0.128764096644064
0.202283758362473 -0.239340458776393 -0.339792295461871 0.00669421688611986
0.243535116373211 -0.238001814081093 -0.274509815541719 -0.0417483242209439
0.240470159574399 -0.232915245262762 -0.160157111355278 0.0127506549903477
0.173114249490882 -0.241940018833625 -0.0197308790602225 0.079497498122485
0.0887842997493842 -0.235952294290612 0.122550970637869 0.0819718103832698
-0.0350096921637694 -0.209326927725224 0.222001437178606 -0.0533141414011096
-0.111522231386493 -0.198484466212909 0.226294590492619 -0.215297180442274
-0.0883066118240843 -0.181531575187765 0.113053041280202 -0.323773575403056
-0.0792642673053657 -0.149040676596737 -0.0914403409153458 -0.352811789051184
-0.0919156524954815 -0.112869909403215 -0.360033062290141 -0.368746616426966
-0.0773095836696608 -0.143777486112051 0.325213527762056 0.191929435092811
-0.0908860116149106 -0.203389567693463 0.154184698099068 0.197370722548823
-0.055682292933676 -0.253026091119065 -0.0849478209934218 0.242127586305781
-0.030348933357369 -0.249301898041561 -0.221805816386644 0.195606991197516
0.0822704979540747 -0.229706958424068 -0.283400694727519 0.0799977757076167
0.196283034754392 -0.235042237595313 -0.255936892895567 -0.0547805760510055
0.258980480590784 -0.223518133400009 -0.171835280622647 -0.114214757843577
0.278277806370641 -0.214662267850253 -0.0596390165994628 -0.0736521431129561
0.233361466324542 -0.232779176394314 0.0619678367216435 -0.0120847423649754
0.163588966031032 -0.249379017270825 0.172115936967096 -0.00340368205323582
0.0452202703682039 -0.256649786041018 0.233542120091569 -0.113906382762881
-0.0457271297065156 -0.274134632062567 0.21749818943189 -0.250690985271231
-0.0405405438550077 -0.260051032908435 0.122476776356462 -0.326870344837044
-0.059747652060203 -0.221684125199365 -0.0561364584610629 -0.32370618230882
-0.0801545836799379 -0.177459969849823 -0.312434848035379 -0.304361110460016
-0.0623579184810383 -0.139947851546247 0.365113418174418 0.249601300547821
-0.0793372320244773 -0.175931026330703 0.185127391592266 0.219512294407405
-0.0412299895351326 -0.210599168960015 -0.0719292893644929 0.227237566027321
-0.0200443900710609 -0.211159288213564 -0.214756539818875 0.150229908793469
0.0738803965113772 -0.194056931283629 -0.258566404112528 0.0287772973437805
0.17648859559109 -0.19642496151195 -0.192145407158513 -0.110642876555435
0.239001448781754 -0.180845197156477 -0.0791682460971051 -0.17887607814312
0.271923781586778 -0.165410461161142 0.0465686605652366 -0.146292940178496
0.257440017215073 -0.178784739184139 0.168696517488185 -0.092123701972846
0.224805953289531 -0.204697741612123 0.256217591506269 -0.0834408229676246
0.14595668306013 -0.238564210656262 0.274639426456711 -0.172314748906151
0.0678763085178348 -0.289881533879516 0.219548763974237 -0.278554534281668
0.0497060760514816 -0.286457825584909 0.123299265556242 -0.310004550427699
-0.0122153585083966 -0.25514971581874 -0.0339126924961808 -0.260985316059231
-0.0478016077819532 -0.211947035660809 -0.275967211231327 -0.216406863138256
-0.0321044560361624 -0.126550435434207 0.397406973083769 0.296841251295536
-0.0519110334406091 -0.144286361573905 0.202222445268687 0.238585244597624
-0.00552131838524504 -0.163212319999564 -0.0677517902772143 0.221135043163788
0.0135941204154523 -0.164465987882318 -0.214884983964339 0.121128543868449
0.0782623123357472 -0.143056918696871 -0.24615318019512 -0.00608076178254029
0.149686753192766 -0.1365688082602 -0.147366310528194 -0.150382138267336
0.195412940444047 -0.115253297917628 -0.00669157440303792 -0.226886586234905
0.225112975030789 -0.0908448090725593 0.143369041193217 -0.196319408583008
0.230099755273555 -0.0909646474492767 0.281825745740491 -0.143857003176403
0.232351757156533 -0.110405571488148 0.364837165763652 -0.129921443367511
0.204448144963362 -0.148055462505126 0.343253724111319 -0.203162990879005
0.161726949055254 -0.217496459579907 0.230753017431497 -0.291108372467019
0.13201419467713 -0.228612591314062 0.110117135892698 -0.281276411303585
0.0365399063625712 -0.225853379147552 -0.0415158988522741 -0.183500965392164
-0.00734709162651373 -0.199584292555824 -0.259696807601922 -0.124254822732131
0.00756249804006195 -0.103889912570999 0.414717869752966 0.336265069891589
-0.0185452228730446 -0.11022309881644 0.206378365911701 0.260922034388134
0.031455228020876 -0.111443096387748 -0.0664674417681911 0.228030915282806
0.0504710170340083 -0.109870074939806 -0.212099723675929 0.111542890617958
0.0838351332612506 -0.0845533952947958 -0.236695052623182 -0.0232916810844054
0.116639831573572 -0.0648313078752385 -0.117908375735935 -0.168491388100674
0.134667208099095 -0.0344757649453656 0.0439191055826445 -0.249814982286678
0.143978114124147 -0.00148507079721731 0.216388074751815 -0.213191123924111
0.14562120187506 0.00795265682145178 0.37263568531576 -0.155442542470954
0.159407099866291 -0.00613220798232979 0.457752034486172 -0.131882409417808
0.166565456896621 -0.0361385964692033 0.412015221817045 -0.196357319672242
0.164704168766892 -0.0956919801779924 0.245054103505194 -0.289451866044498
0.142636200713888 -0.109502730409051 0.0916521005235871 -0.257815089469588
0.0530328367399473 -0.135197154645727 -0.0663880518683283 -0.120091244169114
0.0281063747071751 -0.139887711860424 -0.26266574294867 -0.0514269684559754
0.0167496865056768 0.0493367368696917 0.173440931767482 -0.130012187432238
-0.0229785794122245 0.0263575575821512 0.084851323237992 -0.0227388144263239
-0.0457952894157335 0.0216536337275055 0.0466149616077717 0.216111235275426
-0.049743458157619 0.0282181399009069 -0.0552382616669849 0.347923527096947
-0.0448611557296299 -0.00291990049010978 -0.251514865843848 0.389365623499359
-0.0735240497520954 -0.0438846370291606 -0.357131130219864 0.412150417916877
-0.091254697342389 -0.0542886067533782 -0.294129608001301 0.393207125913732
-0.092290988477472 -0.0445037986076603 -0.0939377384516381 0.36531995286467
-0.094325473038638 -0.00709953816264484 0.0841101979403797 0.275988705548101
-0.0805948352111942 0.0309105948732135 0.212219462597751 0.115280379698048
-0.055502731041 0.0773420488563058 0.214285150459572 -0.110671211409867
-0.0340756753175102 0.0940120504675433 0.123494747023339 -0.272383214021686
-0.00564749900594327 0.0729033412415927 -0.0840618951520414 -0.274383644355647
0.0177391699909476 0.0577521146398207 -0.319094507826807 -0.150593199744147
0.037315700006394 0.0695700126661559 -0.638447110490314 -0.0287449143358571
-0.0500168350220798 -0.00396452716575588 0.183169993287785 -0.129839165460972
-0.0865096352114681 -0.0653432754699048 0.0966178931082364 -0.01735566822704
-0.0838100376509454 -0.107834981817216 0.0397588894118675 0.222953904127377
-0.0555176957979775 -0.0975807230730118 -0.0623330471171792 0.35012869473315
-0.0107096624241842 -0.123903776462483 -0.239971976095926 0.377594307633562
-0.0161006763532274 -0.170844771466046 -0.350833717471342 0.373313713123323
-0.0346875227928269 -0.187610334345734 -0.304580911353361 0.343726573409884
-0.0485828500181718 -0.17539915744422 -0.12185624989555 0.322274722594181
-0.0779759020346357 -0.126920994562373 0.0615945360328942 0.248723054440692
-0.0916474046382938 -0.0679743452450838 0.196961338387533 0.104178648334327
-0.101090608577612 0.008418013070659 0.198896160234447 -0.118320731144187
-0.103104622916858 0.0443497893673099 0.105772708290414 -0.278996693620781
-0.0718773466300089 0.0280636560260485 -0.0975256797963334 -0.289862536995156
-0.0414627360981567 0.0254462144925149 -0.327647709145773 -0.176484814109309
-0.0292234495973239 0.0499740098929141 -0.627751874471949 -0.0516422736415784
-0.10427246380608 -0.0441246953242883 0.227788441937564 -0.105909377661033
-0.1464252580476 -0.118371588984338 0.129635078298598 0.0159153504354475
-0.141431936720561 -0.185500709794901 0.0417279916758007 0.245978245876339
-0.0990417531651235 -0.181646605138219 -0.0604796853308348 0.351721776916102
-0.0170022284222017 -0.213144907847902 -0.208090656647729 0.350656169268022
0.0147054574151647 -0.26656560332996 -0.309073166085097 0.302743383893627
0.0143923255067304 -0.286341094707644 -0.285242387897707 0.252172307803014
0.000896812868327301 -0.279489634565994 -0.131487577474057 0.23343246409686
-0.0493342848138738 -0.231401830384775 0.0437607442737926 0.181752943560652
-0.0940184201615885 -0.164363307781551 0.175721859812251 0.063778572769843
-0.142114062130204 -0.0665931210493813 0.174918591999908 -0.140224836754239
-0.169090637155907 -0.0152478608829765 0.0787383930557627 -0.293801478921146
-0.140060902023025 -0.0259481911331497 -0.109999458277226 -0.309151436593939
-0.106868942572976 -0.0181800509745942 -0.322534609191283 -0.203413367170286
-0.0973494992276473 0.0134231329149885 -0.590709673312499 -0.0638469390706705
-0.137005842350278 -0.0665655738722131 0.29347833973565 -0.0748662977168365
-0.184596674846553 -0.124760880138422 0.181477534071026 0.0452196297183938
-0.189081659274565 -0.195313351220105 0.0558360595945667 0.255057685225847
-0.151460703464166 -0.201073794644749 -0.0581256264102751 0.330722228862966
-0.0494570097075487 -0.246625330207951 -0.182055222613166 0.296288334281032
0.019298589912741 -0.312125507274065 -0.266728457705168 0.206865631623273
0.0502439929018808 -0.337116420451174 -0.250326327901069 0.134187068340923
0.050185098416657 -0.339998279208338 -0.122144469187345 0.113053671593341
-0.00703599938342304 -0.306536388209071 0.0346831602314768 0.0809870984550234
-0.0747719709276437 -0.249242533452529 0.152056547326964 -0.00638451946419015
-0.158910478220469 -0.153452123400904 0.141415283060977 -0.176626809901667
-0.215378674907192 -0.0969314162002482 0.0472791316762016 -0.312935604715437
-0.194372366742473 -0.100873833957294 -0.114791496462632 -0.327550363476787
-0.166241970824782 -0.0774423149157553 -0.295947347078519 -0.223423145109918
-0.154956278486558 -0.0402155321557642 -0.525209029954247 -0.0615423392200204
-0.144963037293421 -0.0767195565761994 0.366975166414612 -0.0478896564207956
-0.188392273988478 -0.109352218164665 0.233609638081457 0.0552797067568266
-0.193541524882941 -0.169566633756313 0.0679085539805586 0.240909005817359
-0.165177659475519 -0.179947505952085 -0.0690165184293976 0.288917634469211
-0.0667861278513974 -0.233754194645963 -0.178942299638993 0.23060683053467
0.0173337170056388 -0.306949031974184 -0.236810305052393 0.106264146504963
0.0698382905094019 -0.33599628330279 -0.211736583860283 0.01004349084703
0.0909693074919648 -0.348675677527961 -0.094089572167243 -0.0195279939338477
0.0479746226744999 -0.337550111555366 0.0439548827756832 -0.0444917526157713
-0.0226721241782477 -0.306901222502398 0.139100944660823 -0.106149483504258
-0.123552663362892 -0.243382595683574 0.111342492391235 -0.233140262545888
-0.2086939125086 -0.200323521265582 0.0159562653065176 -0.334865299232367
-0.20428274811684 -0.197155826775266 -0.109914027174322 -0.334231371547129
-0.196682940262856 -0.148466623437373 -0.247490835772844 -0.221605303334644
-0.187250442921969 -0.100923003240782 -0.443505457685966 -0.036457137638581
-0.129169642407626 -0.0820800192268656 0.433586656543619 -0.0274594577723893
-0.163443740308579 -0.0945252823550382 0.272439797266346 0.0560326583561953
-0.156856232822991 -0.14499067964764 0.0715397849761993 0.221298595817993
-0.136621482393857 -0.156865205457685 -0.0911230112002696 0.249487381429348
-0.0534858414811894 -0.200521977202946 -0.190502071918476 0.176735697563662
0.0233233840714261 -0.26439308139152 -0.22064649014368 0.0222162305125383
0.0808502103011596 -0.290163798720933 -0.177395068669301 -0.100725618879442
0.117301711648589 -0.305332376142777 -0.053997176413526 -0.145196114568473
0.100841813265803 -0.309215049388403 0.0785804910172311 -0.176086356353065
0.0544030362818451 -0.310028166858318 0.156316727875672 -0.224479379894758
-0.0294604342745491 -0.292024126255991 0.106009788648945 -0.306646233205821
-0.126125425126684 -0.284044066512602 -0.00175310352966232 -0.358016471235608
-0.14616165235282 -0.276758836339015 -0.0991362781656536 -0.319836399950542
-0.178981034011903 -0.206694159415007 -0.188991863889585 -0.184075676741152
-0.182466321023089 -0.148705924849889 -0.356498893955958 0.0136173882707883
-0.097229493473411 -0.0874647847345538 0.488904282860978 -0.0102202759902552
-0.124058176876459 -0.086323131616601 0.300275869497622 0.0618471729464741
-0.101688642526996 -0.128002421074022 0.0735372199482504 0.213094125512126
-0.0844006548890609 -0.138685152737865 -0.106709291927503 0.225749822113552
-0.020806206415862 -0.161873910718254 -0.201018339187125 0.141104354736707
0.0376089789031702 -0.200217069659889 -0.208466932697699 -0.0360956302135201
0.0848431146479392 -0.21070973823805 -0.14844766439818 -0.18503928581774
0.126078415350454 -0.216388222008587 -0.00728897103849946 -0.245630302540748
0.133135030177303 -0.220836977807603 0.137024746161568 -0.289492435560625
0.119635651436685 -0.237863404742829 0.214865494736934 -0.330048776232115
0.0749115661503848 -0.254696733007073 0.144293809440444 -0.377602511407533
-0.0047330308258593 -0.283586667722364 -0.00124355547172038 -0.375529250477557
-0.0409542766616813 -0.28162962166946 -0.0938402259908561 -0.288502887477507
-0.117960247500533 -0.212904830547271 -0.145831683041869 -0.116565846154816
-0.140275641137414 -0.163406456600558 -0.283855929486494 0.0792189595538678
-0.052617274689432 -0.0908167712008369 0.530475149609837 0.00841343980607792
-0.0774671773392208 -0.0771680392219092 0.319639850998285 0.0771105844950433
-0.0416387268702055 -0.107680316085226 0.0829652814568525 0.2186462831512
-0.0245771980646422 -0.116048737095582 -0.108328970828828 0.216115848788267
0.0172570388916676 -0.117329439404875 -0.203294882305093 0.123138348586005
0.0530745073372383 -0.122362025446236 -0.196261714796053 -0.0664504829995259
0.0843180858115711 -0.1092124332684 -0.121225856546495 -0.23412821558775
0.116993580311682 -0.0928109503055137 0.0398304438651034 -0.306246621190314
0.126802329443037 -0.0871445768888234 0.203988408688783 -0.357826520313285
0.126498102814081 -0.108026029855555 0.288989870167198 -0.391003235745019
0.114854335215938 -0.140067541562122 0.202519044591929 -0.416145090280705
0.0738106024838563 -0.185320933656832 0.0105516912583644 -0.384519259165502
0.0458111862017221 -0.188306852424041 -0.0941276599943088 -0.259392421594251
-0.0454124599748234 -0.146123517967913 -0.128894355190075 -0.0497527796536687
-0.071888193270385 -0.135270973740596 -0.240278080288726 0.139797184022309
0.0187506290385114 0.0494437434941459 0.169654090818118 -0.146511054994455
-0.0211954139391035 0.0290429854841051 0.0836045529648604 -0.0300634814904889
-0.0465760425594769 0.024398629921512 0.0577161023857882 0.215983444129659
-0.0494853861969367 0.0310861936975024 -0.0397742960427714 0.355452869636676
-0.0458228737329419 -0.000866373226465301 -0.241477954245565 0.408447513629131
-0.077841154622523 -0.0408808413425 -0.346730803284919 0.438860084018617
-0.0968725359116345 -0.0505738789073304 -0.283652248022076 0.416114667828832
-0.0964518061012431 -0.0412974348101554 -0.0811399351125482 0.381272761360656
-0.0954137700291992 -0.00393291873095825 0.0981432876910635 0.283556378831685
-0.0803124519916026 0.0352272966646107 0.223847755486553 0.112136661350093
-0.0528832545144758 0.0816458602804868 0.213737863663839 -0.12017002385788
-0.0287745975919051 0.0983081983979735 0.112124392022236 -0.284168256168394
-0.00177297525206792 0.0747663529986763 -0.0991879385817247 -0.276597245498619
0.0209009491770859 0.0581883728468877 -0.329475093283892 -0.141341282667307
0.0431053177267289 0.0696399351702874 -0.651938851460642 0.00480489372379697
-0.0518480783620856 -0.00284105153623636 0.179363467363961 -0.147918373698838
-0.0908795183619463 -0.0623346045902648 0.0956886937335437 -0.0264165429585087
-0.0911494558571688 -0.10644219897375 0.0519311899798186 0.222150893055338
-0.0604281549256253 -0.0968865949712298 -0.0470610031612015 0.357563959231301
-0.015748016223139 -0.125986911166432 -0.228836233941513 0.394486590599802
-0.0247583034136742 -0.173556909097392 -0.343084570464581 0.396339762887733
-0.0450224698801443 -0.189675757260175 -0.29738615564899 0.368133251823507
-0.0573218849238806 -0.17804439120895 -0.111933266372978 0.338035761980651
-0.0841213495821218 -0.127355552334489 0.0738266074381322 0.255679489226902
-0.0960546654889875 -0.0664169283870378 0.208058755968586 0.101070129732099
-0.102886716288869 0.0123975739003162 0.197543987495061 -0.127690637021211
-0.102287013141972 0.0510173942762607 0.0953842442811598 -0.290263391472167
-0.0722375494726923 0.0312402166778709 -0.11338189219056 -0.291588869224
-0.0422048560645503 0.0263623720699914 -0.339041597914587 -0.167169401656202
-0.0269061139209805 0.0508481818877681 -0.642703687451169 -0.018109714581222
-0.108606249118303 -0.0424300789233414 0.225323738351681 -0.124991127781504
-0.15489395993032 -0.113456662628314 0.130470482820466 0.00606110797105822
-0.152314857679217 -0.182640849022068 0.0540039862622488 0.245151720903565
-0.107950148090533 -0.181171683751282 -0.0458712116222702 0.360160387162414
-0.0253614561087286 -0.218050329464487 -0.196577000042056 0.366471453267905
0.0032952375336027 -0.273200407354105 -0.303729404499876 0.32253578386071
0.00140454400982007 -0.293847590416392 -0.28223345027606 0.272472279282956
-0.011197233837916 -0.287418564069329 -0.125616027181931 0.247275701711382
-0.0593114114569161 -0.236314002597858 0.052722826438402 0.187808373774865
-0.102527068238156 -0.164825932114835 0.184781520405207 0.0600108490979528
-0.146914291734102 -0.0635509683801677 0.172157238690225 -0.14919654205867
-0.171752186313255 -0.0082897927962515 0.0668164306222181 -0.303855600269803
-0.143207319171673 -0.0211133646467222 -0.126866139836461 -0.310602908325697
-0.11145253283738 -0.0158250749693324 -0.336467084418705 -0.194758368482102
-0.0991651137565722 0.015818800762242 -0.605334034736886 -0.0325647746617899
-0.143131427465462 -0.0638316210764567 0.294615131585339 -0.0963600188528025
-0.1941316250252 -0.119812123186235 0.184864107271425 0.0338171346031924
-0.201545544819269 -0.191483585775043 0.0684461528262141 0.252920903285153
-0.161340621254569 -0.199039439734779 -0.0445597168155884 0.338454227442467
-0.0598641676829795 -0.251918515580419 -0.172368042515364 0.309154743674644
0.00631529586761206 -0.321483428569132 -0.264447222370044 0.223561978147566
0.0356688437817426 -0.347593921052471 -0.251242861170172 0.150017542419069
0.0355858663686763 -0.350877678219986 -0.121427649593624 0.123441763160425
-0.0183000653725229 -0.315757163099919 0.037902966264322 0.0838216333680258
-0.0859793609410003 -0.253471309972921 0.157147854951366 -0.0113705202340485
-0.167426930646823 -0.152027357959561 0.136255926527817 -0.185141300713604
-0.223219259943683 -0.0896530095995341 0.0332738460834075 -0.32138970935133
-0.202920992918798 -0.0954208513734751 -0.133200823825709 -0.328251040913148
-0.175005275908415 -0.0743942103139913 -0.309371056750973 -0.213364420187671
-0.161673922434342 -0.0374242891032629 -0.540943321932072 -0.0325526880654216
-0.151795503728656 -0.0744924689653507 0.370603375503148 -0.0711309780198137
-0.197375073657911 -0.104397751968607 0.237923311672914 0.042737486685535
-0.205446481142486 -0.165547157455244 0.0788051284237721 0.239387225727901
-0.176096718751591 -0.178421501960853 -0.059038427117977 0.296563932989016
-0.0767001938369842 -0.238431306997024 -0.172497555030352 0.241869602793602
0.0045868448860351 -0.316850339297425 -0.238621080287093 0.118101089454724
0.0575298320783159 -0.349223982080714 -0.217175150287388 0.0205816991687591
0.0786537009304298 -0.362902340035136 -0.0986298869351448 -0.0143434323078244
0.0357743258872219 -0.34892538952202 0.0425802134175605 -0.0461790497929837
-0.0348896289124834 -0.315140659845157 0.138121192836583 -0.114123658778625
-0.135013577525212 -0.244942181974137 0.101787867241025 -0.240859540720639
-0.220531695245332 -0.195803563553142 0.000307518155417835 -0.341586499503516
-0.217449760932907 -0.193512910904753 -0.127916804066719 -0.334127499101642
-0.208781109652188 -0.146923649569321 -0.260905613608068 -0.21140842879324
-0.19673207164698 -0.0981227445246191 -0.454844895535913 -0.00960127977800441
-0.13698818289969 -0.0807853068418538 0.438090154121601 -0.0515183749342854
-0.172073043570077 -0.0903494040152865 0.27760336902174 0.0425456745726201
-0.168059034062783 -0.142517119727455 0.0813657528105276 0.219466006683649
-0.14636446057233 -0.156001306249227 -0.0842392474822242 0.258488578447089
-0.0619376745240413 -0.204955666979068 -0.186337778445757 0.187134060959548
0.0133699299452144 -0.273883618858592 -0.225588041811706 0.0311482229742843
0.0692797256823745 -0.302614470835198 -0.187256194215255 -0.0955657071447048
0.107368265327413 -0.319393693782267 -0.0623727606405677 -0.145185666100974
0.0914552527105123 -0.321756391512726 0.0725268367033571 -0.182852610466961
0.0443472958046853 -0.31944472798235 0.150680918689604 -0.236477276493121
-0.0415104355359739 -0.298248602904944 0.094627427728956 -0.316789538936839
-0.140472701966773 -0.283590673553347 -0.0198836731856552 -0.364457023364306
-0.1613374993507 -0.277219621674193 -0.117670290483585 -0.319694493899096
-0.192400408270308 -0.206625856816199 -0.200836463041896 -0.175772904048313
-0.194774591267075 -0.146502642799289 -0.36408805594654 0.0385636303319805
-0.104910723017548 -0.0864042538275873 0.497111944474777 -0.0373530804424717
-0.131482019711082 -0.0826783539648825 0.307791677273028 0.0488078618340228
-0.112132294584675 -0.127495848634311 0.0846189919224268 0.211881785620927
-0.0933408491525141 -0.139430753563027 -0.101365532152429 0.235096410100529
-0.0279779817964895 -0.167167903892728 -0.199081390516661 0.151503378955445
0.0296470897058633 -0.208072335511163 -0.215377774924832 -0.0297659249024613
0.0783576584719834 -0.220945576052853 -0.160526124664856 -0.184140171828711
0.120118324857605 -0.228171661213414 -0.0183122894407786 -0.250974300659064
0.128794135753513 -0.232299915757811 0.127513286072091 -0.302108461740269
0.111975421534591 -0.248605315732859 0.205392942149731 -0.346889354623393
0.065788719491953 -0.264564562859794 0.129205485601906 -0.390373312713035
-0.0172653101163529 -0.289274432559536 -0.0219548395261231 -0.381437712652931
-0.0541640490130192 -0.28717650635234 -0.110064818226174 -0.288057039037971
-0.130448039175556 -0.213051928374495 -0.155190153942056 -0.108411951684026
-0.152178618959581 -0.163074757863913 -0.285227683231906 0.1014697871434
-0.059619710604109 -0.0908274312455483 0.541767107188931 -0.0174945835919945
-0.0842532820236474 -0.0747721327209873 0.329263981375237 0.0650274636240745
-0.0493416255730459 -0.109303935128521 0.0937708715362252 0.217226042695035
-0.0318816550917574 -0.118913781109589 -0.103666625241142 0.225195296219384
0.0118649301939682 -0.121883611934239 -0.202941962576871 0.132861784122128
0.0482688453164447 -0.128173116819687 -0.203565918861339 -0.0633695443296186
0.0811729808716357 -0.116400544286967 -0.135736006266509 -0.235257069395183
0.115897822770276 -0.101687224260259 0.0276289667430832 -0.315230748513106
0.128162022532818 -0.0955557022203769 0.19239097505149 -0.375506018992705
0.125786562621802 -0.115787537699279 0.277863450534403 -0.41165179851241
0.110692372992813 -0.148160810268066 0.1866907271068 -0.43443721065761
0.0670690551658524 -0.192853777626169 -0.00876012046088463 -0.393737086329466
0.0376992084029998 -0.195292093292102 -0.110042457004605 -0.259290846653254
-0.0526933902274664 -0.14774307836512 -0.134633548591783 -0.0419600791862249
-0.0802385739084735 -0.13622459866836 -0.238254256565085 0.161754408381513
0.0223351370174296 0.047979733970485 0.157999063573095 -0.16436594122319
-0.0189724337580688 0.0316560077130792 0.0785641098625407 -0.0379520345741708
-0.045881239568828 0.0278089992105579 0.0723631487537165 0.20948115396907
-0.0475314156278727 0.0340577282705914 -0.0172797870408107 0.355903232479356
-0.0467602843146268 0.00177104967709888 -0.216139169791864 0.424704688431905
-0.0817900745236485 -0.0351349361753672 -0.319419585622019 0.460713872354751
-0.101169183011555 -0.0435234270680015 -0.258877712350676 0.438121734364823
-0.0996231840778603 -0.0340596425732127 -0.0581815998593743 0.390430164466389
-0.0955406998077827 0.00157428677757058 0.117890765771013 0.28296832280268
-0.0777408025507448 0.0400371509882657 0.234596194973681 0.101892816107573
-0.0478767111778747 0.0854932430372327 0.20744723292961 -0.132986305119475
-0.020412088177809 0.101050853755582 0.0924880929033139 -0.292722881568425
0.00412708547802545 0.0745801190109267 -0.117845856941549 -0.270742871265362
0.0257794230292906 0.0579622975239361 -0.336600356452291 -0.124198971746647
0.0490458618700967 0.0661026128237182 -0.652395455700872 0.0522567393192108
-0.0518607365607353 8.90256696371126E-05 0.168155555295231 -0.165895502925288
-0.0946105901407175 -0.0558090789383695 0.0915670744373127 -0.0352870405815462
-0.0988276842679696 -0.0998330945033902 0.0667527341584473 0.215916449684535
-0.066816836838675 -0.0933712524474156 -0.0236782435829946 0.358945200985097
-0.0236746957644336 -0.125500599680073 -0.204666716703628 0.409933887728714
-0.0366581856108423 -0.171786271371365 -0.318520449322329 0.420810584453785
-0.0584266861913067 -0.187261976063831 -0.276252028395292 0.3897612974313
-0.0692121340402236 -0.175356849211454 -0.0904729480124098 0.349365084765476
-0.0914487442667853 -0.124229695658477 0.0913068871037056 0.256138801724255
-0.100279890606761 -0.0616679079345239 0.218075874785274 0.0910576009363707
-0.10208575404547 0.0176480910744791 0.190501174142448 -0.139266047594897
-0.0976545681999202 0.0573149981796378 0.0756103610692557 -0.29713376387224
-0.0705565106388075 0.0349855950406211 -0.133255165846212 -0.285599038313431
-0.0413840649635753 0.0281363087018411 -0.3487804155494 -0.146997521491334
-0.0231496567779763 0.0511436362029282 -0.644672516724296 0.0296753989409384
-0.112476729869406 -0.0369069050208056 0.214626869511486 -0.146562996239656
-0.161669649528805 -0.104222109862571 0.128956925470187 -0.0059069999229344
-0.165028976567034 -0.172949490483979 0.0703405313929467 0.237958802840326
-0.118913167644471 -0.174739585476133 -0.0226753863225934 0.361918902188416
-0.0387338826388916 -0.217483280262476 -0.175980939182587 0.377818691674488
-0.0140476584153257 -0.274807436259544 -0.285639516329964 0.344333388601715
-0.0175696040224312 -0.295448672473348 -0.266672953728006 0.293316992360858
-0.0299041687739989 -0.288121222828773 -0.111798791624538 0.258815592511308
-0.0730130979571243 -0.235946942223192 0.0645916316526249 0.1887659665321
-0.11209882192085 -0.160566162233422 0.191968446821068 0.0508380543825787
-0.151888178971172 -0.0562254197456735 0.16345822621394 -0.158328685980649
-0.171824267491086 0.00301775311839646 0.0474418421477441 -0.309232421074376
-0.146169838369531 -0.0130964927641496 -0.148155235866711 -0.304461817490956
-0.114554407935492 -0.0103922478792085 -0.345466195750533 -0.172625619119329
-0.0987348438370743 0.0193801529598193 -0.60762834069613 0.0138917274235663
-0.148397001912132 -0.0578779967731064 0.285101390733575 -0.121652678653223
-0.202127468135551 -0.108066356135649 0.18408261466197 0.0185756983183577
-0.214845867588425 -0.179276036559208 0.0836521230222006 0.24548359978844
-0.173540022820342 -0.190844907727536 -0.0231654644452207 0.340929214287967
-0.0743356465063414 -0.250359240674434 -0.153668579300179 0.319458607103225
-0.0132271953977537 -0.32485895485644 -0.2525522463273 0.241017272034462
0.0136963708084593 -0.352826316625787 -0.24285205020936 0.16777942196923
0.0139841363094649 -0.356845072998011 -0.11444899654174 0.133259607980584
-0.0372757376188089 -0.317681476536744 0.0433371370908671 0.084307431701824
-0.101682386066884 -0.251135601864914 0.158861628345204 -0.0196753117512041
-0.177241503245146 -0.143671817041329 0.125469848325977 -0.191346722812283
-0.228068610383421 -0.0759170790742097 0.0108524753231233 -0.323702950643994
-0.209214247604991 -0.0842475464080503 -0.154813133219835 -0.321207616851763
-0.182738465484869 -0.0661870565601675 -0.32063108299801 -0.192642422815202
-0.164772799579661 -0.0302886705096927 -0.542435960453157 0.00901185902618329
-0.158240474324301 -0.067860019776821 0.363215801523725 -0.10042759923306
-0.205401071227136 -0.0929596578830753 0.238461894655009 0.0238363599745917
-0.218118275822895 -0.15446929297929 0.0924340876798126 0.23047136077697
-0.186821327068644 -0.168984596755763 -0.0416089864291621 0.300330068867833
-0.0902356595015052 -0.236928978042572 -0.157720616004465 0.252467581066771
-0.0146714650029756 -0.320888566766332 -0.233694876319769 0.133195182797179
0.0352652105908805 -0.355945063347468 -0.218207476928277 0.0353727557837786
0.055838307705485 -0.370582762040827 -0.100208923994931 -0.0064745045274191
0.0151876123671674 -0.354165316571675 0.0402141880307704 -0.0473654161510507
-0.0529076109159137 -0.315905928942533 0.13299548427312 -0.121645253792605
-0.150321871870916 -0.238737574603318 0.08736889763496 -0.245664995391989
-0.231987172321029 -0.181954057778231 -0.023218171517029 -0.341311408603725
-0.229793800551255 -0.180768335116779 -0.149813227301866 -0.32609501251384
-0.220287328590701 -0.136333412631686 -0.273416386797844 -0.192757221607587
-0.205396606013096 -0.0884763553845443 -0.455221814809441 0.0282198571905118
-0.143845707214147 -0.0743692758717129 0.433778140769833 -0.0862761935896559
-0.179311162716281 -0.0799637793800639 0.279661359845782 0.0225785907863385
-0.180029827772512 -0.133739297781802 0.0937660206449516 0.212023767164407
-0.156695709798757 -0.148700807220552 -0.0700033328675767 0.264364945084208
-0.0738547043275176 -0.205003714886842 -0.17642251047543 0.198229344727064
-0.00421108361158748 -0.278675349908407 -0.225059124141034 0.0437490118807509
0.0508131226553674 -0.310222561965918 -0.19422895548733 -0.0842052391315871
0.087913107532975 -0.329620744978251 -0.07229290531829 -0.141085541879445
0.0732698972728911 -0.330520252417273 0.0614329545766875 -0.187534828804367
0.0256247748126066 -0.324694656900659 0.137447067179799 -0.244984000473171
-0.0607130540929843 -0.298146485446348 0.0734974137336597 -0.321578780176256
-0.157644083100102 -0.276713224934034 -0.0448290525534376 -0.362733516730952
-0.17933136998035 -0.269071345251524 -0.138352914656294 -0.311282877200492
-0.206975543338166 -0.196907547996728 -0.212181077886831 -0.159235512884237
-0.206056116329616 -0.137220830657471 -0.359981201271886 0.0700390520823604
-0.112140001233719 -0.081970013693631 0.493019770501476 -0.0726491728371533
-0.138456262418576 -0.0745118811910999 0.308931229942504 0.0282838114437269
-0.122649406363538 -0.121520818881797 0.0957663014398248 0.205003377666937
-0.10376595948939 -0.135260338306885 -0.0897975557623035 0.243077424393255
-0.0391437341557052 -0.168555476966972 -0.19082055963142 0.163521339456979
0.0159469055502179 -0.21339024890028 -0.218514394498653 -0.0191730120218996
0.064330600667754 -0.227959654151954 -0.173808500418979 -0.175478908037297
0.107258101459332 -0.238811894369506 -0.0345435501668601 -0.251648197172108
0.115589380179784 -0.242720104907571 0.109328000003423 -0.311957470298441
0.0993295424431798 -0.257208342168303 0.184172219288178 -0.361573937139586
0.0496783501881173 -0.269691397060049 0.103814622521938 -0.398463607392862
-0.0359089488503109 -0.288911620122404 -0.0489853878571717 -0.380623447993987
-0.0732665426638755 -0.285062949412965 -0.130209291249324 -0.27968459895954
-0.145168905222597 -0.207189274125959 -0.162892229578531 -0.0958446804495516
-0.164575790011794 -0.155045740282749 -0.278459414437754 0.128149903583735
-0.0668130026163037 -0.0887133861791577 0.538456008929172 -0.0558330737540535
-0.0905536849576893 -0.0689745844738186 0.33222731999187 0.0441924771291525
-0.0594541354183269 -0.106946990490158 0.106140665545156 0.209833816039937
-0.0413003092827983 -0.117936086444194 -0.0923662478574502 0.233292719244807
0.00361154491176476 -0.12463607896648 -0.196473972667011 0.145903970914598
0.0396644877052233 -0.132823031232061 -0.208852972763366 -0.053649717625285
0.0753849493746041 -0.122894682058368 -0.151883511948921 -0.229493996252848
0.110788078359422 -0.110247597773686 0.00747148679337993 -0.320177586075332
0.123641230193848 -0.10500128626641 0.170263725819115 -0.389940250249991
0.119434949848509 -0.124503689772706 0.253855671120058 -0.43147858492903
0.100799082080402 -0.156035364755827 0.159050233038746 -0.446469178955637
0.0544651870904602 -0.198990481819735 -0.0370089342843967 -0.391769840079232
0.0249087631287722 -0.199441174911105 -0.128653863061389 -0.249936613591488
-0.0624692988896287 -0.145371336067846 -0.138257088325201 -0.0304815129944769
-0.0903773236561878 -0.132489122492921 -0.226788919200413 0.18386616597312
0.0254627951548437 0.0460757498628681 0.140613889945173 -0.176088007458566
-0.015065910762831 0.0330281441893235 0.0717456603222786 -0.0436826667731868
-0.0435935899532162 0.031055562744726 0.0829897372987026 0.197932490726866
-0.0449730165050756 0.0365644796972639 0.00549972253057224 0.346675681605683
-0.0456974543106607 0.00461850766436371 -0.187111183126294 0.428854608133427
-0.0823699421338056 -0.0276497346986145 -0.284268392698296 0.471567171847537
-0.101517873156569 -0.0353314610287076 -0.227171683739343 0.446705486222353
-0.0991203055212571 -0.0269768684261471 -0.0329388281648496 0.388260515103756
-0.0932376447010799 0.00651017203087094 0.135386559591666 0.273537594772897
-0.0731161010399987 0.0436820149810507 0.239646630676183 0.0877058374893852
-0.0402325554012244 0.087212532083007 0.195266577710781 -0.1412591821093
-0.0118301749856009 0.100622505502761 0.0711353773559871 -0.292843367165407
0.00873476169404791 0.0718782239232226 -0.133825844131268 -0.257684596015874
0.0288361342622042 0.0551420568804613 -0.336937354861357 -0.1030838289806
0.0539868456038247 0.0614167461288448 -0.632518251784798 0.0979094391992105
-0.0515838182496064 0.00243790209575669 0.150210217130529 -0.179100588913117
-0.0945696652208898 -0.0473318489644413 0.0847033128518278 -0.0428079371381893
-0.104004224016369 -0.0902944798608183 0.0780974023214175 0.203958123660054
-0.0705911179098781 -0.087044930817558 -0.0010795182130178 0.35056037448529
-0.0311706459456236 -0.122024709834861 -0.176960442053109 0.413603084279897
-0.0474393317522169 -0.165386918741291 -0.287447263119536 0.43069055610204
-0.0693295386282098 -0.178773138216401 -0.246582910872734 0.399444453078413
-0.0790225831414324 -0.167665700245202 -0.0678594489821537 0.351098403981148
-0.0970006427605528 -0.116846787864951 0.107267896524088 0.249450728720213
-0.101693737250498 -0.05502713895322 0.223012620034173 0.0777353421996471
-0.0987682384321818 0.0233769523913741 0.178549478104516 -0.146243819322436
-0.0904598204358384 0.0616432939810958 0.0547411111037657 -0.296175867387095
-0.0663143253405386 0.0381319928115878 -0.149518046181338 -0.271682088399086
-0.0394049690320462 0.0300590754957647 -0.348785419843472 -0.124572381228162
-0.0184733607713438 0.0500064163620434 -0.626231156041416 0.0756816456353227
-0.112937417784377 -0.03040563056286 0.197255713217595 -0.162726165604681
-0.163850342682996 -0.090760953862089 0.122019937443832 -0.0172805101157755
-0.17290780136989 -0.158206310351681 0.082169862689139 0.224438986086274
-0.126201306936658 -0.163971795410184 0.000679641563323574 0.352683698726331
-0.0509240549333625 -0.211406370780548 -0.148386890807675 0.378478015992121
-0.0312440625040415 -0.268518108112929 -0.25970467499779 0.354776348049583
-0.0361301321087924 -0.287976777791384 -0.242649304612379 0.305544965381641
-0.0473951917281646 -0.281443909597887 -0.0927171898135387 0.262472701222411
-0.0864274935549704 -0.228142218609985 0.0767660111204203 0.184246218802298
-0.119198189109615 -0.152280354024674 0.194130255162749 0.0388939424018912
-0.151660325561968 -0.0473069819998249 0.150648736159409 -0.162980083713956
-0.167352597776786 0.0126514929070554 0.0251537723739666 -0.305236067625087
-0.144345290139322 -0.00553462468931686 -0.164231910407865 -0.28852794711161
-0.114637372941027 -0.00477826949691303 -0.348774968678904 -0.148247007980058
-0.0959178271561619 0.0225770029076027 -0.591717019660792 0.058970923254422
-0.149908669207296 -0.0488561554045141 0.268038048625543 -0.143131915315149
-0.204554840546001 -0.0927658430005099 0.177042860351406 0.00229790690001812
-0.221637235530949 -0.16253897885035 0.0956560258197462 0.230731688412285
-0.180742208989511 -0.176757362166179 -0.00268572124542399 0.333223334612762
-0.0871954019078196 -0.242374445202087 -0.130441393397618 0.319670645404677
-0.0335882858338268 -0.318241428061663 -0.233128681408526 0.251821696361037
-0.00909785652073815 -0.346675448265451 -0.228602078045596 0.180723226465707
-0.00861751855031026 -0.351349502156857 -0.104040619267964 0.140271062524236
-0.0558918593373672 -0.311058797572701 0.0490802156717206 0.0826580205855116
-0.113414985199611 -0.241781090976524 0.156672624713524 -0.0287273341006845
-0.181770347042226 -0.131843941455716 0.111363780520407 -0.193254982085927
-0.226210822485747 -0.0600516429373282 -0.0103572277283318 -0.316959488226174
-0.210504437529903 -0.0708185946218122 -0.17331090038835 -0.304303496311722
-0.184834784844792 -0.0552519264209192 -0.325340531864956 -0.168503205725042
-0.164278915289328 -0.022075515664947 -0.52815414861881 0.0512088541021684
-0.160603529363367 -0.0587892074143161 0.345032582724057 -0.127511785520689
-0.207516899160767 -0.0781647368807806 0.231044651197853 0.00522373347921232
-0.223179441047193 -0.138818606221155 0.102440372012204 0.216581482783533
-0.192736771184915 -0.155676497297141 -0.0229781807879335 0.296458529309916
-0.101846457380533 -0.228847201158918 -0.139565970812588 0.254637297789658
-0.0342638554808906 -0.315492474284867 -0.220877022628754 0.144250942067251
0.0125231342303408 -0.352482034647078 -0.21143466051406 0.0487175885606382
0.0306611815466937 -0.368646635046786 -0.0986175233801949 0.00107990476546154
-0.00625540945936963 -0.350126058794356 0.0367651514433694 -0.0469381349963855
-0.0699799949312964 -0.307772118650066 0.123625183631587 -0.127312434327036
-0.161260781267134 -0.225883273676466 0.0703271575142223 -0.244124280144476
-0.237349693144196 -0.164331722765826 -0.0458382823827222 -0.331265319880298
-0.236871493720556 -0.16382685470032 -0.16778773424344 -0.309124890512778
-0.226617772250271 -0.121996373004604 -0.277829387424428 -0.16954778114369
-0.207827439632281 -0.0764670162874631 -0.441413273691477 0.0638579606386254
-0.147482690910295 -0.0662979513884474 0.41614209280341 -0.114043586548762
-0.181650809064918 -0.06741544537816 0.271687337111586 0.00294185305827597
-0.185803665713313 -0.120481384294923 0.101485810028554 0.199443161074488
-0.163259476411042 -0.137741819741408 -0.0535375735281808 0.265176425201304
-0.0852330751047048 -0.198718896954015 -0.159539401870913 0.203755342018441
-0.0216386376890954 -0.275262468711172 -0.219281733497048 0.0555446453896238
0.0305387575587632 -0.308450636639586 -0.196383344357537 -0.0706487853676739
0.0658394755013396 -0.329668936847986 -0.0792987119258571 -0.133675287838727
0.052446926806054 -0.330167962544132 0.0488308146639057 -0.186415446460652
0.0069977850165636 -0.321000682685214 0.1195812398234 -0.249158642352806
-0.0765002235483148 -0.28839225265042 0.0512927760807988 -0.317203069823904
-0.17044789992935 -0.260553349852734 -0.0696752823054183 -0.349830364961311
-0.1919685781089 -0.252771937005476 -0.156192240831461 -0.294728488977392
-0.216267166922096 -0.18136591250458 -0.216732411387905 -0.139860939389103
-0.211897586539006 -0.123560891865035 -0.345907947970803 0.0982196452197092
-0.116745524756033 -0.0748656384416347 0.47515246353278 -0.105929427750702
-0.141551400702796 -0.0637806566606642 0.302613873552014 0.00674925472786937
-0.130676336441763 -0.112335384983699 0.103887522565548 0.19212953789586
-0.11135193241113 -0.127354914183766 -0.0740997259784185 0.245119325265822
-0.04888111526011 -0.164666950846535 -0.177422383273536 0.171005957719611
0.0020560942214093 -0.21166255134065 -0.216596602361641 -0.00728422327421653
0.0477199790356089 -0.229730654943197 -0.181787583488162 -0.161209635151221
0.0904244437478067 -0.242072869924776 -0.0495806474704632 -0.244065799184337
0.0992766699615279 -0.24595655141758 0.0888572621339281 -0.31252037154714
0.0824016639229018 -0.258098757528081 0.158076896226457 -0.364794556078729
0.0318267285786697 -0.267860135512025 0.0752590844868976 -0.394792202036048
-0.0524147687215738 -0.280916929496807 -0.0739240440741871 -0.36754722791293
-0.0898064587538236 -0.274279461881664 -0.145510569796528 -0.262979653220264
-0.156107103832088 -0.19531502782887 -0.165665183278021 -0.0797953209000123
-0.172165533867663 -0.143861844913577 -0.262316835851558 0.149608598922178
-0.0723461218318218 -0.0831965496540223 0.522095552627994 -0.0916648232599971
-0.0931244152786198 -0.0612147053107442 0.32752842157004 0.0212140356263404
-0.0669515200675089 -0.100966888234549 0.115813616680846 0.19690659180538
-0.0488420782603459 -0.113804583773945 -0.0777471011126044 0.236150861479121
-0.00526581603025137 -0.123512234938292 -0.18367094952148 0.154472876462717
0.0303286324218724 -0.133402183109907 -0.209406153330218 -0.04296652191584
0.0654949957195248 -0.125773595162204 -0.163197727293454 -0.216444456240194
0.102036821647751 -0.115800904782482 -0.0126370854377721 -0.31464852265802
0.115617318357735 -0.110919956131008 0.143748303614302 -0.392419467934861
0.110204474132867 -0.129104108006571 0.220822434468507 -0.440418540473725
0.0890719703217658 -0.158661350105775 0.126858024880549 -0.445476484194253
0.0400397911897959 -0.198352427732778 -0.0629083306095285 -0.3795788331473
0.0111848706166517 -0.197892935933808 -0.143487479817381 -0.233750482457078
-0.07067379372404 -0.138969647774527 -0.138248558831153 -0.0177633700668574
-0.0979304431768667 -0.124555673850414 -0.207603368545627 0.200645670017779
0.0272919751387794 0.0435834804212428 0.123855398293745 -0.180484075497453
-0.0116330811964995 0.0330235531565409 0.0654484858003098 -0.0459355340754072
-0.0411678514433762 0.0329705291112807 0.0884847925974397 0.185355857378828
-0.0420068826856104 0.0373370454757556 0.019576496470313 0.331323129928926
-0.0437128920774115 0.00683315168825495 -0.160852089937347 0.422031383936383
-0.0808304236228996 -0.0220685151343337 -0.255180009467177 0.466911678979627
-0.0993698591373381 -0.0281358691272099 -0.199250349549516 0.441573052277123
-0.0964791966029799 -0.0207803753337 -0.0139370687241014 0.377974818871103
-0.0889501769076007 0.0100959505941477 0.14449513934882 0.260276184482729
-0.0683273442281096 0.04538048070085 0.237316916234281 0.0762297968823207
-0.0344354187430227 0.0864048985165716 0.182259907113155 -0.142918362876996
-0.00562435914498669 0.0970356350976381 0.0541427289772455 -0.285578124302785
0.011568608160082 0.0683563088063286 -0.141793651573541 -0.242692508238366
0.0313250455497418 0.0524319859489289 -0.329047097730854 -0.0873116916622243
0.0562520044692911 0.0556983053141007 -0.600991555627566 0.127655639755792
-0.0487554653540994 0.00440507731885658 0.132469326334728 -0.184409796854511
-0.092130705577481 -0.0410955039869544 0.0770071372755454 -0.0467600983355627
-0.10437489327143 -0.0812484306417463 0.0827595967349485 0.190450795362804
-0.0713419768739096 -0.0796707669965882 0.0130271244640443 0.335436781870647
-0.0347016613282668 -0.116286368238693 -0.151877451911807 0.405060406846157
-0.0524728507560208 -0.15697340205423 -0.258897312057067 0.429533931772757
-0.0741814609319254 -0.168341679559016 -0.219862699547523 0.398557842052192
-0.0831708053342121 -0.158499936136205 -0.0500508315516776 0.343017827664276
-0.0981692871530931 -0.110290854293327 0.11648296938103 0.238751756044022
-0.0995803325214334 -0.0504487467116632 0.220743125682702 0.0668168545600811
-0.093916059611531 0.0265463618303888 0.166789162891079 -0.147277998753464
-0.0835243690748261 0.06252784220023 0.0387163710132585 -0.287482837828168
-0.0630285351520056 0.0384553201472263 -0.157295970426268 -0.254600022101972
-0.0372326557155155 0.0297737541272389 -0.341400538602088 -0.106983603633889
-0.0152684392517574 0.0477446568906923 -0.596749099056339 0.105718349896744
-0.110500579124882 -0.0253311618315394 0.178139720993714 -0.171092495190121
-0.161031342886268 -0.0795009291079269 0.113914749427452 -0.0244542958867308
-0.173429164443832 -0.1433642316486 0.0870279698454868 0.209998875769413
-0.128385436794377 -0.152245700441363 0.0151101644484114 0.337644324786677
-0.0573450198281598 -0.201706431553407 -0.12801938318815 0.368885176891232
-0.0418079696594784 -0.256756776870919 -0.235642005293632 0.352927149347636
-0.0471028928942958 -0.27540995713161 -0.221912051150944 0.306446608395559
-0.0577978354064475 -0.269634817335317 -0.0781881876563548 0.259181999980192
-0.0934531476613109 -0.218348182652889 0.0838424528863696 0.176902487329701
-0.120675448403404 -0.143129543307485 0.190883411845696 0.0302355256690965
-0.147906149890731 -0.0398164967128633 0.138860352254789 -0.16156393307286
-0.158966982283628 0.0188635861434292 0.00994519912169974 -0.294470691916308
-0.140094944260972 0.000600274111969029 -0.172206767748836 -0.270559923734104
-0.112530043523223 -0.0010768075591566 -0.340289642505665 -0.129492349456894
-0.0917537514888871 0.0239645427380888 -0.564657056520759 0.0874763345711852
-0.147687847432499 -0.0423322681338496 0.246822674133774 -0.154497992181577
-0.199955382371925 -0.0806487400480714 0.166969163294266 -0.0084159565664589
-0.220849711284056 -0.146361747418682 0.099141834515112 0.215818690594972
-0.180169930128157 -0.162613632263705 0.0114528440598952 0.319292660004033
-0.0935184966905804 -0.230731321304675 -0.11315055005357 0.311187035984127
-0.0458656225591041 -0.306243757670683 -0.215643787365633 0.253139958295043
-0.0242031058418648 -0.334869362016673 -0.213907016659164 0.185357694372474
-0.0241842183620687 -0.339442364129619 -0.0937649296127059 0.140476307722626
-0.0670952653414372 -0.299463904851791 0.0519025446443789 0.0796789115248565
-0.118966543191176 -0.229945084570125 0.151807642131489 -0.0336902725869425
-0.180953449654055 -0.119839698668001 0.0989850500471684 -0.188677020746712
-0.219242601287173 -0.0497299157621953 -0.0246242836487546 -0.303267429288313
-0.206632712151982 -0.0604995572313788 -0.18008456628609 -0.28465475366052
-0.182914383213206 -0.0476061915936467 -0.318990997020645 -0.147888342388881
-0.160259118569807 -0.0165850620276082 -0.502803040576699 0.0779058265004444
-0.158608941108613 -0.0515886380173992 0.322310673116924 -0.14255229473763
-0.202935028328748 -0.0663941304856945 0.218291449621663 -0.00730540034367454
-0.221806390492091 -0.124807208206818 0.104354148168979 0.202001746756055
-0.191752444420596 -0.143092980563349 -0.0102495019425415 0.286500568886184
-0.10725444501213 -0.218036214717239 -0.124175571776849 0.250620773058369
-0.047529752571459 -0.304145121687523 -0.208259953739512 0.148583094725693
-0.00301430988989819 -0.341142413752818 -0.203409841145001 0.0569051615925694
0.014010700692006 -0.357870760474887 -0.0943465802476783 0.00589792061650279
-0.0204462346714339 -0.338903991509558 0.0348076669710893 -0.0459416445402054
-0.0795126792517688 -0.295242983490928 0.115744126729519 -0.128226845757834
-0.164447379514392 -0.212146663501202 0.0579985883800623 -0.23608325273214
-0.23377047114878 -0.148079139795302 -0.0605538677514927 -0.315585428667783
-0.235433114847176 -0.148767504823533 -0.17525986443896 -0.289786483772139
-0.225655932576347 -0.110071212810216 -0.272682043903519 -0.149064328396223
-0.204769542313206 -0.0668523731910286 -0.418680000338243 0.0865274214707696
-0.146737696762906 -0.0591950122431909 0.391784556098631 -0.132325011970738
-0.178288254636953 -0.0565897951794512 0.257391689610708 -0.0116022619809385
-0.18653916428966 -0.109191098800159 0.103174417796222 0.185902025095093
-0.163499296109903 -0.12690388487929 -0.0414387019660998 0.258269045018514
-0.0910842487201659 -0.19040346573045 -0.145601603530123 0.202069073560253
-0.0334661129306208 -0.266223136001616 -0.210272215426008 0.0613517554012016
0.0162920290864136 -0.300833087384992 -0.193743676253874 -0.0599608260034205
0.048575691929539 -0.322118383127041 -0.0817156567591961 -0.124211604518503
0.0367712144383856 -0.321680704485415 0.0400285308573757 -0.182150076497423
-0.00516302167498715 -0.310860312002363 0.105203267256304 -0.24551969634065
-0.0854950231887622 -0.27568410046463 0.0364378922309731 -0.305576552050129
-0.174772445381302 -0.243982006407772 -0.0842686748386601 -0.331649366759138
-0.196037010814286 -0.236057880024528 -0.163187905258455 -0.274989615771288
-0.217594284375632 -0.167084919257625 -0.213779263680483 -0.122007419153625
-0.211369125387235 -0.111832763578059 -0.32586511290289 0.11655481989156
-0.117898924011112 -0.0683833652879924 0.451337919732557 -0.125311947900789
-0.140097861165711 -0.0553971323272182 0.289406596701524 -0.00777960810618
-0.132413816122606 -0.102976247875949 0.105412217188253 0.18053763336387
-0.113557718495427 -0.119055264265329 -0.0624813234523615 0.241594723315249
-0.0551113547124851 -0.157826754639381 -0.163492442820362 0.172434694595054
-0.00761098318367487 -0.205999174021145 -0.210815523227973 -0.000131498642880359
0.0368349497532695 -0.22394560034548 -0.183203097590565 -0.149170512156828
0.0767625214613114 -0.237582038525353 -0.057880009165354 -0.233011331126889
0.0855715769877021 -0.242259880506905 0.0717396630219411 -0.304163808047413
0.0697864051009058 -0.253510509386758 0.136972124259971 -0.360384943725358
0.0193224961488798 -0.260203072901206 0.0544956965758861 -0.382822847807162
-0.0621412871583088 -0.268267830696695 -0.0903574490408876 -0.348080911077106
-0.0995062440921068 -0.260836588068587 -0.152542775384957 -0.243927401030785
-0.159386109088927 -0.182340727550529 -0.16249031250207 -0.0668838529898391
-0.173535891251417 -0.131507959251622 -0.242657770127421 0.161463473047536
-0.075108049805175 -0.0777149054208011 0.495733608475994 -0.114310680961218
-0.0927326910109369 -0.0537305773477443 0.3146010617448 0.00561545003546898
-0.0712126678592182 -0.094036163026425 0.117712838663158 0.184858266057917
-0.0540311860362011 -0.107793048232484 -0.0660433411209303 0.232833974766488
-0.0110771386147867 -0.119965001268603 -0.170620232200234 0.156752145345975
0.0226017723088363 -0.130957335305896 -0.205039137573981 -0.0343906041641698
0.0581547963880987 -0.124646889189879 -0.168862665994683 -0.203463884611534
0.094200502830499 -0.117234764640875 -0.026417489272172 -0.303189479223004
0.107914271733016 -0.113259537087128 0.120948498455796 -0.386433127027427
0.102170075322183 -0.129654272163899 0.194791764342001 -0.433179618211575
0.0795652295574994 -0.157857709042071 0.100192942635202 -0.43315564217931
0.0297867884349788 -0.193581550315426 -0.0805663458633372 -0.361282820478389
0.00161852765388464 -0.191523195387421 -0.149190343707349 -0.215747790545095
-0.073949968043012 -0.131470912557279 -0.132935448401283 -0.00901155583188822
-0.100305327475634 -0.116974432542919 -0.1870880678464 0.206657025966072
0.00670655787509033 0.0518076117738405 0.18462316713887 -0.120809899841169
-0.0226323692843418 0.0250663349899766 0.0766005666674586 -0.0155747218867175
-0.0504513174322728 0.0133036792969003 0.00654822902565201 0.202287289760239
-0.0513192460803342 0.0142849593200151 -0.112779941801831 0.306198260191547
-0.0382296239766206 -0.015163512338056 -0.313333497313738 0.310206331539209
-0.0610143249596857 -0.0523105041075903 -0.414586010050032 0.310776734750993
-0.0754526200568211 -0.0625462008263471 -0.355049941521777 0.313472261608067
-0.0773462371160527 -0.0558186569596853 -0.162099448964455 0.330820639003309
-0.0812464161168023 -0.0252812632835985 0.0253120419971604 0.288494863608017
-0.0760831345663791 0.0121968500122491 0.181365915813772 0.163948013808829
-0.0621224063933147 0.0615337340173329 0.215588244593646 -0.0516100699979538
-0.0430275941682909 0.0816321535086464 0.159234858622394 -0.23053192581627
-0.0188169856327823 0.0654165196589887 -0.0318014376268807 -0.268474921863534
0.00466386286944036 0.0611885486180582 -0.259895251107826 -0.204432212695008
0.0248924984726062 0.0743291212484138 -0.589272287262163 -0.117123255478855
-0.0456464288028477 -0.0178178716396974 0.190220888165496 -0.111349849243249
-0.0622340194837908 -0.0735582955146564 0.0819606300484744 -0.0088881304983491
-0.0591015774349424 -0.112934121466755 -0.00813771234196463 0.20722093547172
-0.028246482980101 -0.0994711612351507 -0.127438820346085 0.306503989886311
0.020212695062117 -0.118514662404462 -0.30507590646528 0.297261293493018
0.017270405644479 -0.158001693058827 -0.406807813887699 0.27157589929188
0.00134318976399821 -0.175810949709754 -0.358870369580615 0.264290930853303
-0.01189536231632 -0.172697375253591 -0.18067457369853 0.284793208935357
-0.0430520206589882 -0.136312550440569 0.0113098971210125 0.257601843982923
-0.0680808618846307 -0.0848398431230648 0.172121454885328 0.146742150883788
-0.093482143107549 -0.0145639719570023 0.203136970351334 -0.0611722419897187
-0.10028275580005 0.0221276847554722 0.146035081749197 -0.240330047978515
-0.076610244833465 0.00999189848006751 -0.0395707390558829 -0.287417131560611
-0.0496478438135926 0.0152201315474176 -0.262839691797719 -0.229370453931769
-0.0376237357364704 0.0396168303523576 -0.57379631220959 -0.137441138247244
-0.088595913305985 -0.0727725329790154 0.224225750881275 -0.0744935564988945
-0.105925380325375 -0.137268956638279 0.103693204514459 0.0287841912428656
-0.0935758975246934 -0.196988775218237 -0.0180594379547164 0.2299708921378
-0.0459519576028055 -0.185634631035958 -0.132678720116023 0.312171939759138
0.0357226146530231 -0.201836977784883 -0.273336132249226 0.274635618722726
0.0675188232677285 -0.242232621578648 -0.360762375663874 0.211968887670218
0.0677432081505587 -0.2587876971654 -0.324354318897085 0.180806286813531
0.0541650302989294 -0.262820972171275 -0.172007127948505 0.199742490762386
0.00316103887913043 -0.229764740259757 0.00877197324161053 0.189695453814306
-0.0516864202633286 -0.176148881480846 0.161693785685805 0.102345661832252
-0.117198254058985 -0.0941490443799447 0.18549869466793 -0.0853520329763225
-0.150699687337224 -0.0453978515477811 0.124369578499148 -0.258125978993992
-0.133329549924261 -0.0535392721576254 -0.04682124267134 -0.308203980220367
-0.106666311974234 -0.0408403534890563 -0.252324910295058 -0.252168060800049
-0.099798795466677 -0.0092104903357157 -0.536498676027304 -0.14198388788374
-0.114369356644476 -0.105295670945769 0.277243565721657 -0.0282577859560582
-0.140064221266892 -0.154044072524135 0.143568040123735 0.0656278523031213
-0.133565097757356 -0.219745433301785 -0.0109084995541301 0.242980310817377
-0.0860122731059075 -0.216961204440917 -0.130208699762702 0.297881655676294
0.0168740120273849 -0.242698989336803 -0.239106894446542 0.231333009327226
0.0845989928627705 -0.287001363613596 -0.303959777574119 0.129709588342024
0.112585083169784 -0.301876297262753 -0.268772110986304 0.0753627554882786
0.111545848447137 -0.311492293946115 -0.139264873588899 0.0892591187342237
0.0578980929790587 -0.29340690424016 0.0204417029854652 0.0912574049515159
-0.0174411868021211 -0.251800600251153 0.153054687100734 0.0289663498766401
-0.115610990549358 -0.177865968353721 0.161556181078152 -0.125464714630107
-0.179192784609907 -0.129253507380979 0.0970496912283489 -0.281498434212568
-0.170571632336191 -0.133085834351876 -0.0462003997859207 -0.326076166263347
-0.153213257836762 -0.1084328221154 -0.224601010790634 -0.261982096182195
-0.147130325024209 -0.0716808942138268 -0.474136038921785 -0.129005460330435
-0.121245771365077 -0.11897174520963 0.337160111387499 0.0152613007547393
-0.148261992056393 -0.144099192971781 0.18949252471835 0.0875821687386749
-0.144386236314524 -0.201428194508742 -0.000533143129291982 0.233657435334695
-0.104258152348662 -0.205283379547383 -0.136359344791263 0.261438052839571
-0.000466033598208272 -0.237758151470977 -0.22334393789102 0.172527066645873
0.0824023487338064 -0.286366387144308 -0.255454444611284 0.0407503772472832
0.132537272609253 -0.299313469208933 -0.207658725294306 -0.0359762013190257
0.15311984258228 -0.313995697874314 -0.0864928956649264 -0.0306774538449293
0.113903391482283 -0.309992516759102 0.054958021654877 -0.025712762880011
0.0417208124416655 -0.294890228889468 0.158747083901055 -0.0702288857025602
-0.0675124561834941 -0.253598210278959 0.14309258702587 -0.183774894344117
-0.154080578670521 -0.222687254991752 0.0715737050986682 -0.305914726683978
-0.164539225376135 -0.22369447096451 -0.0393897666114044 -0.328691096513825
-0.168077846105249 -0.180507442421337 -0.182654473674644 -0.2479901379063
-0.168253785714481 -0.132658003731134 -0.400226526654268 -0.0893415449686584
-0.106718947940831 -0.120623139762873 0.394850656882812 0.0516205007304282
-0.132340766720364 -0.125496553497685 0.226887523167311 0.0993511407279427
-0.119290889905824 -0.173294214909664 0.0048061074274372 0.217919834819587
-0.0874320799030814 -0.179949229144598 -0.151654201976123 0.223610013140836
0.00220288852203615 -0.206064565341807 -0.221820908134647 0.121413545627803
0.0789085093731038 -0.247586143992608 -0.220274695066086 -0.0366717867413262
0.134125461553758 -0.255741351313681 -0.152799143289139 -0.135802646244973
0.169552520150274 -0.268253972776532 -0.0236666174460348 -0.141433672347472
0.157579081664406 -0.273675448531208 0.113661897385355 -0.14371979559588
0.112979879432907 -0.279640236423239 0.197218307353044 -0.177407183194849
0.0253389457800423 -0.280261136319283 0.152682782496796 -0.253220718531207
-0.0656824895053186 -0.284218941612822 0.058333530709797 -0.329186782780006
-0.0969398832850807 -0.287516811711618 -0.0325126045022298 -0.310595935554337
-0.139092178242267 -0.229381230895507 -0.138614761680568 -0.200153691977103
-0.15725832221114 -0.174475364893497 -0.327349032750084 -0.0256480572632521
-0.0767687206752948 -0.116147924738681 0.442888727648592 0.0796152296391027
-0.099588942536478 -0.107359975021614 0.254281498455267 0.11298204352652
-0.0757833608200014 -0.145631580113811 0.0111723058068257 0.21080627425497
-0.0485244605776938 -0.151999878476955 -0.163281081097148 0.198092498469457
0.0194259619398502 -0.163891377711816 -0.223293115867463 0.0876866717051665
0.0766608173099295 -0.184593786569916 -0.193396266317979 -0.0913659582553211
0.121356991053282 -0.181777337454429 -0.10602040321007 -0.210271755398488
0.16251228210967 -0.182840493640842 0.0403536340036259 -0.229163755727221
0.170744987787417 -0.184499372776564 0.188887404537514 -0.238688065544885
0.156269090682303 -0.200400053571592 0.268495661972608 -0.264576103238302
0.111777428675776 -0.226735024926115 0.19966752360363 -0.312351842817203
0.0419503104172695 -0.263987444488026 0.0605392816576124 -0.345015809499211
0.00106298562126788 -0.275787562654549 -0.0349253711419648 -0.277715640245821
-0.079957614132083 -0.221462537582025 -0.112880738755441 -0.128078999135821
-0.11379462793868 -0.179383186051008 -0.270085484303691 0.0480947787803733
-0.034232023168089 -0.105589208481592 0.479172329913675 0.103881550635779
-0.059229971538124 -0.0864641776182375 0.27381610670588 0.133235151918883
-0.0254436066112498 -0.112518756085613 0.0220763841827217 0.21642603056607
-0.00145098073187383 -0.117057799057025 -0.161565635078145 0.186135571071749
0.040838781976896 -0.110415894881924 -0.220382012346093 0.0706622579770065
0.0728054142273605 -0.105770894069633 -0.172155003507416 -0.119706962520458
0.099237370126871 -0.0858680309326783 -0.0686442785402819 -0.25145432717347
0.129914010614189 -0.068502722674971 0.0965905329198927 -0.278543389516048
0.139833020615523 -0.0617892786629069 0.262606648519715 -0.292277112497122
0.137822043772514 -0.078659469189161 0.348209572179626 -0.305812994708241
0.126170241234367 -0.114022497551358 0.259746994486709 -0.339873971716696
0.095084937684907 -0.16188658012112 0.073680686466456 -0.349712074738845
0.0667595126846203 -0.174745212613486 -0.0436530281753111 -0.248492466268462
-0.020815448178764 -0.143778643215686 -0.109873530108154 -0.0614759896671905
-0.0521380129035303 -0.139316461601361 -0.240411720864736 0.113705877700807
0.00835699337430936 0.0510217185036619 0.176484557612622 -0.127471295154099
-0.0210557318200813 0.0255934733972885 0.075022115783277 -0.0182213356441125
-0.0501907857822285 0.0153567997333219 0.0102966057898856 0.198041026828837
-0.0508743386200102 0.0160155696319596 -0.107034488928839 0.301506124799253
-0.0379647412088378 -0.0145008154208742 -0.304415861123694 0.312634692009767
-0.0609185882395817 -0.0496506715266371 -0.405030510490393 0.314233516185912
-0.0757590454270628 -0.0599831946059757 -0.346319785706928 0.315193044477403
-0.0758885303945462 -0.0530424058888044 -0.154881519160551 0.330429648453363
-0.0807071845995677 -0.0234644489351997 0.0318778403823418 0.286376937773478
-0.0749777111574221 0.0131827719139311 0.183747350914233 0.160222397646401
-0.0595046182498335 0.0622243983959502 0.211574848132084 -0.0535004114460498
-0.0401713065065848 0.0824658213510122 0.152080716921861 -0.230402901247154
-0.0173276894801111 0.064634368091384 -0.036846714988879 -0.264656972203789
0.00752078915732355 0.0613425528780004 -0.25978684832399 -0.19944571589171
0.0288622166797718 0.0723324541094879 -0.580876909964367 -0.102236278679915
-0.0446771410298747 -0.01688139094637 0.183151752310718 -0.119058845414388
-0.0611137966676107 -0.0707200591603604 0.0805637004389013 -0.0118895007313995
-0.0607981472289602 -0.108924363956289 -0.0047627434271008 0.203095743341614
-0.0292793222447972 -0.0969528315434766 -0.121413306399065 0.302330886019395
0.0177647624192776 -0.116544884298334 -0.294840069971036 0.297250058483298
0.0146004178022904 -0.156229209454753 -0.397275915029829 0.275001267477744
-0.000988613422373632 -0.172625421035525 -0.349907907941824 0.267888629597996
-0.0141386574140795 -0.170387226061839 -0.172983583593957 0.286197886748362
-0.0445672088041097 -0.134711966837886 0.0172412374029248 0.256570784940534
-0.0678010816073854 -0.0839290762446778 0.174247486333042 0.143157500601027
-0.0920648279709389 -0.0133679703689762 0.199551145820788 -0.0618864854382446
-0.0976998364483447 0.0238249595072211 0.138692897581626 -0.239626217889523
-0.0762462626085543 0.0102267452386372 -0.0454005979148247 -0.282864196411828
-0.0489890482206445 0.0154559654150395 -0.262806339103915 -0.224136890296928
-0.0363162410973455 0.0384561473298608 -0.567412519409603 -0.118082829131326
-0.088326652127809 -0.071289035182412 0.216578406525223 -0.0834055636288331
-0.105306207865722 -0.132531859321871 0.100228831852721 0.0228264802824925
-0.0962106604276965 -0.191430343156864 -0.0141826350557922 0.225274473902853
-0.0479270915338415 -0.181483449095815 -0.126058746688006 0.308194082292394
0.0331731091207532 -0.200369376308598 -0.264637555724674 0.274377943773886
0.0621299083966064 -0.240462297149796 -0.352922866832767 0.215562680143588
0.0627132468083143 -0.256506188802064 -0.3185323766768 0.185507627709603
0.0488950799278112 -0.260568649670975 -0.166564045885094 0.201522691807187
-0.000259264481839563 -0.228813360071266 0.0129773790160291 0.189505379703339
-0.0530495057402065 -0.174816736425267 0.162932936690619 0.0987333780981875
-0.117115666677606 -0.0916530250109029 0.181718250156303 -0.0856585287769098
-0.148879894334517 -0.0429189397412959 0.116986454077829 -0.256774145276221
-0.133209130605855 -0.0514043390282034 -0.0519497422377237 -0.303872720061476
-0.107684894096631 -0.0394161816974816 -0.252738525051918 -0.244695596345665
-0.0979964811692826 -0.00945367636395696 -0.530317016139126 -0.125481594741857
-0.115123190034001 -0.103485177752206 0.269905375819499 -0.0375765170778194
-0.139797300784711 -0.149856207677723 0.140460871714464 0.0592049332067901
-0.136227984479467 -0.214288051886233 -0.00782682221825191 0.238085728630509
-0.0876566533803174 -0.212291929165389 -0.124765614927768 0.29441856361679
0.0147696634230048 -0.240283487825718 -0.232447469656717 0.230222301525669
0.0780739108428569 -0.286358100140896 -0.298840101870246 0.133172190001236
0.105754204522933 -0.299532127101455 -0.265982846330776 0.080086028676259
0.105025398801191 -0.309814709756655 -0.136441114713121 0.0909558537745791
0.0521133972900645 -0.291479531778734 0.0233638741208492 0.0914059898895049
-0.0201532258802537 -0.25137486544941 0.153765489969177 0.026886046916269
-0.116899881742311 -0.174827710970166 0.158270953730209 -0.124566421953992
-0.177274255582477 -0.124348862862708 0.0900189272325798 -0.278583900818871
-0.172546837113323 -0.129540722944135 -0.0529730484763164 -0.319832817111427
-0.155243516141231 -0.105877291139386 -0.226180255402826 -0.25395905197815
-0.146938500437144 -0.0704359086107614 -0.469324279103796 -0.112347228542535
-0.122425765764026 -0.117939844361502 0.329659989625057 0.00504484582228115
-0.148323313502483 -0.140240594201502 0.18461901904529 0.0801130044613054
-0.146493115581358 -0.197110033690524 0.0015211197168166 0.230403538569384
-0.104614402004539 -0.201646757233486 -0.131195727600752 0.259314270480048
-0.00159300719389915 -0.236105947408354 -0.21773500166547 0.173818602267887
0.0768897485458204 -0.285399201793206 -0.252751328799088 0.0438894774749148
0.126704075851465 -0.298657546229831 -0.207725542900361 -0.031429409100762
0.145675401443539 -0.312812514284505 -0.0859126613370095 -0.028102450304756
0.107765050601642 -0.309354759431741 0.0553191148067699 -0.0250950129641796
0.0376901312034796 -0.293306010940336 0.156605457948941 -0.0709086373638223
-0.0697983789917153 -0.24954531236607 0.139244249466806 -0.180896831424269
-0.154931747830901 -0.217081250554368 0.0636410484691197 -0.30151060258046
-0.166704797765723 -0.219328377239275 -0.0459028805206928 -0.322362865193107
-0.171419717195437 -0.177093586033946 -0.182872882592108 -0.239666663328702
-0.170223047019367 -0.130914401128275 -0.395929096867528 -0.0738390331665159
-0.10906649621471 -0.119624598125195 0.388004278958226 0.0388605370122584
-0.132281395713287 -0.12181946847759 0.222299448510095 0.0922334109760835
-0.122146828633411 -0.170755135588145 0.00606198417482089 0.214464085126374
-0.0883455853311462 -0.177738188639618 -0.147201537650199 0.224227565594407
-7.31574282099232E-05 -0.205641105699122 -0.21727298771206 0.123547192015364
0.0739730037962638 -0.248070220622636 -0.219404967655164 -0.033710169723442
0.128644258086095 -0.255758458113741 -0.154093617573651 -0.131194713466412
0.163616232462153 -0.268517954264544 -0.0255371767631865 -0.138904555575309
0.151175936397464 -0.273511198999643 0.111480123447141 -0.142967554543447
0.108268354743339 -0.27956888394154 0.192367209060526 -0.177313051066595
0.0201720147714138 -0.277245552788177 0.145855482374927 -0.249786681358338
-0.0686656110455062 -0.279782616548519 0.049002248145158 -0.325066669118273
-0.100799171682541 -0.283512005779843 -0.0386828030497106 -0.304372808747501
-0.142705381118286 -0.226289033121747 -0.139613250755815 -0.19275086591764
-0.159508239914219 -0.172518901555677 -0.322127322888313 -0.0129510536093735
-0.0805877067480082 -0.11543526620415 0.437508540663873 0.0679018131045441
-0.100416027276752 -0.104580149468588 0.250464664006963 0.105826805477073
-0.0785106710403755 -0.143196896577835 0.0126585102036485 0.207930964273571
-0.0505857570723941 -0.150648280707524 -0.158651390025409 0.199606259253727
0.0167163931481944 -0.163276102010656 -0.21869459149246 0.0903135225548284
0.0722573587042437 -0.184821556161393 -0.193989261617697 -0.0887011967474473
0.116985538655914 -0.182154897710378 -0.109875346534714 -0.206552920997986
0.157519946968902 -0.183698623665091 0.0359975201097942 -0.22667037620462
0.1659804329258 -0.184810521057886 0.183233660338173 -0.238746805382802
0.15249726148982 -0.200750513852902 0.261724757811366 -0.265151746829503
0.106256039371785 -0.225709292275858 0.191342735405571 -0.311491274654901
0.0367923440595118 -0.261201215726036 0.0508977103566415 -0.340720416144906
-0.00476463129083563 -0.272008153218112 -0.0405258902262791 -0.271111101586266
-0.0837885427777991 -0.218091354022196 -0.114423541511487 -0.122376011507899
-0.116819088092388 -0.176950383221373 -0.26443568441665 0.0587913286143955
-0.0373368966329001 -0.104922238533922 0.472667827888522 0.091362938019844
-0.0606623792447346 -0.0836984304746887 0.271879660219722 0.125326848824227
-0.0284245019608434 -0.110857189605468 0.0247286394672556 0.213535213398433
-0.00486888570950543 -0.116362405211063 -0.157839561358446 0.188955399517043
0.0386392151020127 -0.111287711472005 -0.216014182607041 0.0737983468379913
0.0695673936391303 -0.106431021555502 -0.172648261300347 -0.117597769800951
0.0972329941387721 -0.0861513562325724 -0.074196310789085 -0.248849949753681
0.127561278536491 -0.0701783758308433 0.0900342928228606 -0.276246799240079
0.138496715229488 -0.0640338473868454 0.253850786572925 -0.291517194540116
0.135696200503561 -0.0791794245394001 0.338633743528416 -0.308664630665564
0.122416389221118 -0.11448880640665 0.249120067766378 -0.338324584664022
0.0911506969443907 -0.163037411386787 0.0629545261105509 -0.344832133522797
0.0619010586006395 -0.174899964686486 -0.0495503200938938 -0.242499878921593
-0.0237141450179598 -0.1419322797461 -0.11095875622578 -0.0562551178617991
-0.0543151317908568 -0.137759350910579 -0.232798007820034 0.12206783433981
0.0112268903557175 0.0510546795893373 0.169749195190328 -0.138071991151211
-0.0188816535424616 0.0267382381180324 0.0740960422922058 -0.022778350617536
-0.0502010140270568 0.0179576153717629 0.0162888724933758 0.196137201707805
-0.0507515774024849 0.0179626407423428 -0.0991022530500213 0.30339084470268
-0.0386275406346531 -0.0130372182168576 -0.294673316148455 0.319353137436292
-0.0627069394866504 -0.0470560061733605 -0.395863789564884 0.326570887725294
-0.0767343566357568 -0.0569814808391298 -0.337051902429123 0.328156075805668
-0.0772094008495052 -0.0503216976423855 -0.145812032448887 0.336108284960101
-0.0810192857773416 -0.0214060276140108 0.0414852539405099 0.287407915992775
-0.0744810780319351 0.0149525366573979 0.191315468035306 0.156053923687317
-0.0566444900098434 0.0644841416599464 0.210147153817232 -0.0581602789133783
-0.0363838649961191 0.0835004153588196 0.14327878865975 -0.234639775777192
-0.0158140112233861 0.0651828917819233 -0.0459019211470482 -0.263353464283865
0.0106812517121973 0.062066861771456 -0.265807083682349 -0.194043538725578
0.0326133719882846 0.0700822293765727 -0.581819401331844 -0.0772637342201294
-0.0447982778577187 -0.0157872672706309 0.176875373702752 -0.129910149659278
-0.0624512892480204 -0.0687707664616973 0.0786279679642707 -0.0165919817542821
-0.0645600485516251 -0.105393745375304 0.00157010273918406 0.201102057730642
-0.0317722163316924 -0.0947780655379374 -0.113469150715058 0.304436113196419
0.0148785147170781 -0.117693531713914 -0.287389141242007 0.304367264027559
0.00918613651725938 -0.156011493213968 -0.390217152838388 0.286962450765723
-0.00499718890799889 -0.171477440020855 -0.34326841967955 0.280448130772354
-0.0191408611698684 -0.169438903780725 -0.16603689903323 0.2932160117953
-0.0482271930510608 -0.133479126707815 0.0259637125809039 0.257614091621109
-0.0704529521403452 -0.0828333819094669 0.180647699767593 0.139724113698501
-0.0914849600972745 -0.0104829956259745 0.197984604639366 -0.0660533825349196
-0.0965866599731082 0.0265596703408564 0.129874623724203 -0.244393710419656
-0.0767249368031978 0.0121398900497471 -0.0551712208314248 -0.282171404136
-0.0486201167776369 0.0165515773413545 -0.269737725105444 -0.217698032918064
-0.0327504253977559 0.0375411656730085 -0.569960504615193 -0.0975296377957829
-0.0906453151089192 -0.0691844026555899 0.210974423575707 -0.0943647955941641
-0.108260278300648 -0.129178025522321 0.0994774535150684 0.0172357455288604
-0.10275421544717 -0.187092446432574 -0.00763094389809219 0.223812765742183
-0.0525096278578026 -0.178937631661185 -0.117608383613797 0.31014199797804
0.0284474198858231 -0.201151525048973 -0.256393996858395 0.281099960948661
0.0552265009414978 -0.241968909346264 -0.348703650732414 0.224936099679952
0.056353715814068 -0.257341027643705 -0.313494010016821 0.196529144996822
0.0411062314487738 -0.262176961900153 -0.161190221517578 0.207508741430379
-0.00676152549643071 -0.229318267206399 0.0204426827459202 0.190860253018902
-0.057253130430255 -0.175080119122375 0.167758727118179 0.0951390332400307
-0.118761014600785 -0.0886579729337926 0.18038512188646 -0.0888419535485328
-0.148961952784503 -0.0388562866330812 0.108441022356767 -0.260199254922342
-0.135583804077925 -0.0485618107555825 -0.0623246604425769 -0.302764911394118
-0.109542788996564 -0.0374313968542668 -0.259731761632504 -0.238096171287791
-0.0985638760746248 -0.00915913469078462 -0.531970727150786 -0.104660775251149
-0.118778460347511 -0.101855307969497 0.264961806614156 -0.0507074776881894
-0.14279998883679 -0.146226618401462 0.139125681892121 0.0523934890532453
-0.142739781557338 -0.209767943830253 -0.00206473817612781 0.236974109289989
-0.092514586694947 -0.209741224182661 -0.116780445832708 0.296049761099868
0.00920047344144879 -0.241234481428606 -0.226234368351384 0.236454979047463
0.0694078233327885 -0.288759222829524 -0.296441188814786 0.141682902570983
0.0992497722188701 -0.301918564205152 -0.264358185487229 0.0900827542910327
0.0965011642419138 -0.313111495728286 -0.134133761513027 0.0958219423140489
0.0444213333993555 -0.293490070147723 0.0278959800014934 0.0925035028947767
-0.0267807102501291 -0.251893726912479 0.155332369453423 0.022599469124929
-0.120933791655152 -0.171634553151708 0.155776311866081 -0.126884917771496
-0.179847003183308 -0.12037815163582 0.0803344464386294 -0.279624718346752
-0.176505966014545 -0.125671133723538 -0.0624330154512322 -0.318072678824563
-0.15975828634101 -0.102761568425735 -0.232611786849622 -0.246792408865209
-0.149142193116835 -0.0687486585824237 -0.471260368970789 -0.0930184734488093
-0.126932934386635 -0.115814086570171 0.326637701946111 -0.00929818348995499
-0.15149989143645 -0.135840728144505 0.183900516613492 0.0714715656586222
-0.153313421301932 -0.193061398095025 0.00674081719774791 0.228451353600296
-0.10990087329074 -0.199761175392839 -0.125207407975156 0.263377590372842
-0.00849478364218288 -0.236870966755219 -0.212802712352847 0.179226757299295
0.0684543377581667 -0.28943860833286 -0.252790814210635 0.050787268955984
0.119633704639671 -0.302049436944174 -0.209905071607505 -0.0239340394543834
0.135713794253294 -0.318088657767932 -0.0867960870358462 -0.0250802223096783
0.0986515164059723 -0.313073354297484 0.0563780175690039 -0.02625752151198
0.030542269378073 -0.296842169674801 0.156014615226951 -0.0745322298296457
-0.0760945689120736 -0.248012061737469 0.135415992760428 -0.182488493382548
-0.160049452233886 -0.21314108476213 0.0532451143191809 -0.301822403920084
-0.173491304026388 -0.214384431950067 -0.0560085555809145 -0.320242780727525
-0.177552899990984 -0.173483566908471 -0.190102805350334 -0.232710962508549
-0.174471037905143 -0.128171719563413 -0.395594692381457 -0.0561894598411962
-0.114956565668478 -0.118204230774358 0.38567834253664 0.0256249528229304
-0.136147212084807 -0.118460864299757 0.221981587994085 0.0824195011294821
-0.128417459682048 -0.167805246415394 0.0106207914511824 0.213960477217697
-0.0932338830013379 -0.176782414922699 -0.141575092732397 0.229006565652637
-0.00437673018658688 -0.207951104553022 -0.213475944951713 0.129502638278995
0.0667227404132845 -0.252145697434255 -0.22150970059495 -0.0283452428724598
0.121914678146009 -0.260123515386773 -0.160316836656974 -0.126160449231512
0.155835891760815 -0.273789417032019 -0.0289020553196554 -0.13773093577523
0.144300802200236 -0.27815984782307 0.108871139338153 -0.145523036289288
0.101095224963554 -0.284621578509363 0.188032914466529 -0.182465433215873
0.0132987094880248 -0.277633880442667 0.139764746481676 -0.252007838211381
-0.0767555196899453 -0.277440833880964 0.0371474167010894 -0.322412196809024
-0.109344695061148 -0.280127067747972 -0.0482337900759492 -0.301654082928339
-0.151284111486501 -0.222235429971666 -0.145110274578665 -0.186594636059637
-0.165484127246075 -0.170109865849226 -0.321224579018081 0.00314548060853556
-0.0856138227927747 -0.114609785669518 0.437324951241655 0.0504113363950984
-0.103991234795754 -0.101061085752557 0.25138822379716 0.0952515676938143
-0.0845242335278573 -0.14157646457215 0.016502067028522 0.209034918679423
-0.055923012469736 -0.149968832872191 -0.153762815539612 0.20619018914126
0.0122279810543313 -0.164898575342592 -0.215875197529251 0.0962656677913637
0.0666652330131174 -0.188973125176644 -0.197814889314407 -0.0843402830065761
0.112919139434762 -0.185655807082929 -0.11773388671148 -0.204285929859741
0.152704850767197 -0.188971640403435 0.0292934749009114 -0.227540481698194
0.160863669967963 -0.189928783049107 0.177873088042484 -0.243790903477933
0.147177562745386 -0.206254124855009 0.254706456601127 -0.271175047928306
0.0999684622111339 -0.227887813260805 0.1812581376522 -0.312822555277927
0.028655014237912 -0.262070306141393 0.0375123423822112 -0.337779966407361
-0.0128079449643451 -0.272260423051264 -0.0490462649864102 -0.268273893556852
-0.0913519355848144 -0.21636707552743 -0.117806936311607 -0.116267162924168
-0.122835833100812 -0.175838793246803 -0.260812407270706 0.0721597080646842
-0.042418088525717 -0.105187831589375 0.473918560585474 0.0745571190650524
-0.0631415547079984 -0.0810160643193732 0.274104847183767 0.115077700725045
-0.032738978458523 -0.110322794595221 0.0288166471109619 0.213421594157416
-0.00919472405243129 -0.116719820912505 -0.152616903719329 0.195768195102196
0.0350413090910324 -0.112418975212558 -0.21296184095642 0.0810790633606347
0.0657122259947789 -0.109451217961417 -0.177548089191736 -0.114715857390351
0.0953104389251109 -0.0899278899138834 -0.0842001932210462 -0.248123913123044
0.127064880274903 -0.0744681989899652 0.0828242201430791 -0.279171748528018
0.137204747369049 -0.0673570508846937 0.246053073525433 -0.300520600781929
0.134305178669226 -0.0837879352652649 0.331602552693178 -0.317888247324383
0.118681141099577 -0.117445015246061 0.240148439176979 -0.344791164484364
0.0847520514008843 -0.1654436091501 0.0492581916768174 -0.344378078591252
0.0567894998052725 -0.176967239827671 -0.0581741874561977 -0.238782943272613
-0.0270970829354784 -0.141757040352545 -0.112837786801282 -0.0498982315945358
-0.0592282800352717 -0.137786296014776 -0.226496103837786 0.133996856755763
0.0147556571093922 0.0502671973105998 0.157513505475578 -0.149302367583208
-0.0164446256180744 0.0277591591893225 0.0715902735040893 -0.0287730412328862
-0.0493826581228274 0.021583752384705 0.0249753545113479 0.191810290954941
-0.0498221991409917 0.0214928013810362 -0.0849331632038889 0.30446978873733
-0.0388717421247396 -0.0113248660434243 -0.275674412604328 0.330918459834352
-0.0644080358197969 -0.0432617038238349 -0.377604949266974 0.34270114934481
-0.0778325540147674 -0.0520046422938581 -0.318694754287078 0.340956871831857
-0.0776700238599483 -0.0456999849047861 -0.127155936594197 0.342490143499925
-0.0810110448569399 -0.0164528805743098 0.0572229167623046 0.284062633638374
-0.0724342454895981 0.0187740322129919 0.198722203581247 0.146750475660996
-0.0506628236568397 0.0670867674754324 0.205042418074766 -0.0664648136162719
-0.0312499465022399 0.084648479817729 0.129306153128407 -0.239428783424409
-0.0124419689226294 0.0656549384706391 -0.060013488244387 -0.258872587672292
0.0154163481640841 0.0612611566802032 -0.273999700539453 -0.181086896468898
0.0381427530198474 0.0666016552189856 -0.579745248664734 -0.0438501598418615
-0.0447553956115382 -0.0132599257266916 0.164981163339376 -0.141851984984485
-0.0642711896939947 -0.0642116066941544 0.0761631459006473 -0.0232076616887034
-0.0699847707851884 -0.0998829877530404 0.0109832996944966 0.198006445292223
-0.0362269649940586 -0.0916192589326378 -0.0989332061041821 0.306507080188384
0.00933034223985831 -0.116938951769988 -0.269002821811129 0.314428960949361
0.000826482518631599 -0.154829652114648 -0.375401863662328 0.302463824093399
-0.0136171591209431 -0.169262822924492 -0.325381492134192 0.295579829370027
-0.0268191004866416 -0.167241319822619 -0.148637683681963 0.300045473805789
-0.053520300628547 -0.130413143639524 0.0409752805579084 0.255781121068747
-0.0741113182310719 -0.0796079369685652 0.188036140284199 0.130988605968688
-0.0902953584857746 -0.00566881432484874 0.194307495543089 -0.0743808042930411
-0.0938313262016818 0.030880778697569 0.115719161732227 -0.247788484762343
-0.0759938099675737 0.0159470656901154 -0.0696235234487667 -0.276712586194719
-0.0470672258904433 0.0181353685310335 -0.277725300712414 -0.204160604557804
-0.0300628172274476 0.037394124849644 -0.567626527286819 -0.0627404833690399
-0.0928561535146748 -0.0643231195859457 0.201218913900607 -0.109355640145758
-0.112594465499808 -0.122221632349695 0.0982070693725783 0.00952228284317401
-0.111571164225652 -0.179126142177386 0.00332293333944957 0.220500302326777
-0.0603401412876797 -0.174485953048423 -0.103047536360841 0.312201102080888
0.0190580910570347 -0.200411240973988 -0.239455015914004 0.290617655617185
0.0426218730415271 -0.242051221829236 -0.334831120182494 0.239864175495179
0.0430601369896052 -0.257680373483202 -0.301376505225455 0.211659738121543
0.028338258743532 -0.262203572221256 -0.149349093405148 0.215500978564282
-0.0171239049924714 -0.227667291253297 0.0320381576582515 0.189484132219743
-0.0656459635594894 -0.172660501879812 0.172852367489057 0.0864643736540726
-0.120438689478513 -0.0827434045900365 0.175472917150301 -0.0961739593213663
-0.149456929606194 -0.031390882437332 0.0931459534223119 -0.262674825677355
-0.137344179135209 -0.0418715399431117 -0.077612356874407 -0.297307401821756
-0.112041009835021 -0.0320150934871201 -0.269030730814991 -0.224013402447688
-0.0985117807170781 -0.00680518475405732 -0.530671084222446 -0.0713082186116344
-0.123461384015529 -0.0958120359570203 0.256945329303587 -0.068142687757895
-0.147776112129483 -0.138144484068679 0.137229272767288 0.0419916854003006
-0.152701827800083 -0.199495918365004 0.00876455445749895 0.23374789548722
-0.100249554937771 -0.203638947701085 -0.1028787978177 0.299790443671017
-0.000790748920849098 -0.240513785656464 -0.212785670036071 0.243753608061007
0.0545982753659685 -0.290320609619223 -0.287970709909218 0.155172543609073
0.0831946952638542 -0.304831940493098 -0.258549421855674 0.104207987559507
0.0800840482110774 -0.3158017635766 -0.12779525649422 0.103123537584895
0.0298832039983579 -0.293857787190867 0.0344620518348954 0.0907242356763088
-0.0386863583030685 -0.250966354119878 0.156952332328472 0.0158227793237502
-0.126033595028999 -0.164597081625309 0.149022002454974 -0.132015693225606
-0.183396871502722 -0.111268258372238 0.0648729979584167 -0.280215388697629
-0.181912216221232 -0.116159244842758 -0.07909305101076 -0.31257273253103
-0.16483025774666 -0.0952283535094197 -0.241929811378983 -0.233496335258988
-0.153111150649469 -0.0630686624713374 -0.468289897060138 -0.06207170419326
-0.133232590964422 -0.110126198178526 0.32004509405041 -0.0290240357305373
-0.15708648605193 -0.127891773171156 0.182018025816726 0.059879105722539
-0.162251562642551 -0.184045653941098 0.016832971669463 0.226766241000443
-0.118060571117571 -0.194071615069769 -0.112522836456173 0.267450421247845
-0.0179274009462013 -0.236889718197047 -0.201976013146236 0.187634950686653
0.0532459687247403 -0.291485146216705 -0.249136404443759 0.0631395243891588
0.104321505107127 -0.307032602324079 -0.210356318337694 -0.0113960777796002
0.118687268164221 -0.322598638024173 -0.0870598651977092 -0.0187392383586745
0.0839418594098797 -0.315695922013853 0.0570583648799711 -0.028744328824548
0.0168620383017211 -0.297658770725468 0.152073450483541 -0.0810942516118761
-0.0858276062507602 -0.241707421682119 0.126234871698767 -0.185847710188649
-0.168453882639993 -0.204570551352766 0.0368790113561978 -0.299546515594216
-0.18285516154515 -0.205195539087284 -0.0716745053252602 -0.313801331244683
-0.186144042952619 -0.164905961253658 -0.198983510228386 -0.219083295023537
-0.181258089847772 -0.12056243374935 -0.392522086206882 -0.0293579405946097
-0.121267369195062 -0.113098356631684 0.380194815679812 0.00261730626822005
-0.14060601291666 -0.111074584361824 0.22074058260787 0.0689121004837359
-0.137377380999522 -0.160176232531505 0.0193713906608156 0.212597029776381
-0.101428080145894 -0.171929504270028 -0.130484711916705 0.235297266750094
-0.0139993830217538 -0.20792569844426 -0.204452412871973 0.138303807918582
0.0529600487346853 -0.254432211471965 -0.222920812991782 -0.0167915644044598
0.10866678707569 -0.265420268619758 -0.166765070644489 -0.116216218811857
0.14277220443112 -0.280380257130179 -0.0355017203609403 -0.134655235507736
0.129697586925173 -0.28343222132674 0.102458548679562 -0.15001999495936
0.086450795903707 -0.288164147990886 0.178502927658328 -0.189824626066896
0.000417018733804077 -0.275337166773016 0.127366196751951 -0.254354450138498
-0.0889376449205591 -0.271382853086141 0.0194718013333012 -0.319316653348882
-0.12281966118042 -0.273518321481543 -0.0634305881592723 -0.29467560185336
-0.162605324254533 -0.214135069673052 -0.153007790589817 -0.174763326994442
-0.174106039238818 -0.162704069824884 -0.315445502384111 0.0253982919533733
-0.0924048496872946 -0.110774773033099 0.433303555244902 0.0275999297580341
-0.108290057431397 -0.0957953010220395 0.251556057867129 0.0800626142367924
-0.0929796145132733 -0.137018095375237 0.0248887792122644 0.20679465942629
-0.0633945768659287 -0.147818010927101 -0.14304776915046 0.213920313139489
0.00453314705620641 -0.166546130495579 -0.207203794712957 0.107093864996191
0.0555183171706327 -0.192143055748689 -0.201695179640764 -0.0746278298251965
0.103614782632613 -0.190574595353735 -0.129139626266265 -0.195965362201907
0.142611416873401 -0.196084104689935 0.0183290825758292 -0.226052808524262
0.151712827202809 -0.197109225520007 0.165474198168317 -0.250986205747968
0.136706133485672 -0.212274190655946 0.240090450333062 -0.281834630356392
0.0877428386936698 -0.231118936514149 0.165038807711229 -0.316727561603451
0.0156380416960821 -0.261109482135054 0.018594991675831 -0.334050952809092
-0.0266430117302103 -0.270365931949275 -0.0628399998156901 -0.261402869234192
-0.102432928330984 -0.210950514935326 -0.122517278451022 -0.106756887645977
-0.132339494194743 -0.169746986261858 -0.252847438596727 0.0905131305193416
-0.0491025913271078 -0.102837025744737 0.471252688170047 0.0483657714720701
-0.066559298083065 -0.0767207261949728 0.275019979828921 0.0986813791597881
-0.0393237226763113 -0.107255746267217 0.0384553202248279 0.210531732147848
-0.0158776594433437 -0.115899125468335 -0.142911456673336 0.203456537188236
0.0294144988258969 -0.114383989656724 -0.205795239538396 0.0901957265385913
0.0591880675920015 -0.112639278502864 -0.183082217938315 -0.106294962158319
0.0906450543938602 -0.0931758945568485 -0.0964425302929822 -0.242468293020007
0.122752431636306 -0.0816212815139293 0.0671640760111299 -0.280751534872055
0.1334425338866 -0.0742951984042426 0.231396858803255 -0.30893007712517
0.129887777853595 -0.0902867126961556 0.31298996352328 -0.33007706886576
0.113077147408274 -0.122443316485217 0.219812124255395 -0.350878710067549
0.0753795772824166 -0.168727893990002 0.0303267631238364 -0.339915543943421
0.0469703746317516 -0.179016132806673 -0.0703031364268389 -0.231550542484636
-0.0347142244278943 -0.139411360964764 -0.11445617964042 -0.0422255791410447
-0.0667674629957586 -0.135424904237889 -0.21516107595373 0.148666464963092
0.0184357062855218 0.0475252097124717 0.141319050552698 -0.155254027412816
-0.0133372594363163 0.0276626243209952 0.0661063346811187 -0.0336991975238871
-0.0465297026590611 0.0254405750574985 0.0338315833439443 0.183247506337243
-0.0470743485045746 0.0241580307438254 -0.0675321786326847 0.298035232687668
-0.0375344676600983 -0.009285874827164 -0.24735796748273 0.333015407484689
-0.0644323255201988 -0.0385164604918842 -0.347847284567746 0.349443277563203
-0.0769570404221679 -0.0459047395695793 -0.28929739383656 0.34750524816192
-0.0762484679000411 -0.0402003736206601 -0.105655436555379 0.338884468732476
-0.0785195753898152 -0.012094621282597 0.0711422120499694 0.272382652447976
-0.0687944577284483 0.022431220914746 0.201087579077115 0.131989051149989
-0.0444728429481562 0.0671348688311043 0.194721839660713 -0.0730792205377953
-0.0241178665710258 0.0840828942973268 0.110931415432245 -0.237500192245613
-0.00829556476994018 0.0641555641210991 -0.0723710959765002 -0.247113623101666
0.0196761313154536 0.0578766321835728 -0.275028080407466 -0.161491903690463
0.0412422921339219 0.0605491397394975 -0.557061929377638 -0.00803983856534446
-0.0429578741310571 -0.0110622680752694 0.149361477580423 -0.148723429909938
-0.0646446313049363 -0.058702681657825 0.070948540562253 -0.0294669070632589
-0.073379824421214 -0.090328408957196 0.0208237117805743 0.189423876900621
-0.0396146186919819 -0.0854438288192202 -0.0803903617686952 0.300115693486269
0.00373218522897762 -0.113813508022058 -0.243091498720032 0.317015809280794
-0.00687728913263516 -0.149239131666168 -0.347228752714153 0.311275784057185
-0.0210985860329639 -0.163278002888245 -0.298457872373641 0.303386030526634
-0.0332736400975112 -0.160099404113421 -0.128773678369971 0.298652132774185
-0.058301870836638 -0.123001881218964 0.0533461621852556 0.245163254484941
-0.0751138260055238 -0.0742728961234683 0.190045742913869 0.117311875598567
-0.0859010600252444 -0.00180592304172299 0.18390600040882 -0.0809062789394709
-0.0875240861810154 0.0342808803310207 0.0984045279922936 -0.244828273666037
-0.0731473321335469 0.019282859944838 -0.0824406978444973 -0.264287572608915
-0.04460050644633 0.0199269833981138 -0.279789549592862 -0.18347179660495
-0.0275424055403991 0.0346319351589247 -0.547136427980031 -0.0274182829012617
-0.0929300161965178 -0.0587517433070771 0.184945560728847 -0.120299247577895
-0.114221278093971 -0.112902616064744 0.09278015484593 0.00121811312732724
-0.116541615572688 -0.164555381701857 0.0135017038515643 0.211732721401917
-0.0661645954608668 -0.164424435398098 -0.0850241069501616 0.305551466405249
0.0094689663768324 -0.19520273494459 -0.216755440151145 0.290506126532031
0.0282257121543399 -0.235605409675743 -0.311994079098757 0.249605402934966
0.0297395948786077 -0.251150231399342 -0.279192770555071 0.221726788918654
0.0149197833055036 -0.255034725833613 -0.133444927370362 0.216902161907471
-0.0277109846519897 -0.218775008540119 0.0416770732057982 0.181603516387159
-0.0723799781409145 -0.165532035760894 0.173137934058414 0.0752876437305571
-0.119526082188691 -0.074661438594378 0.165198911913082 -0.100279631624969
-0.144988218821166 -0.0238613804928724 0.0757411276626977 -0.257877092034399
-0.135902077280909 -0.0338917935913175 -0.0912112707835475 -0.282409548196006
-0.11052635472785 -0.0259957473373732 -0.271671085286874 -0.20354320175262
-0.0961549479312763 -0.00419746851802887 -0.511808627746489 -0.0362934124363354
-0.124615603276182 -0.0874627863870336 0.240756639073604 -0.0830059895620682
-0.149328718046152 -0.126370227944738 0.132111354739922 0.0312514226945048
-0.157510310445275 -0.183760392355255 0.0196594246958645 0.224370172777684
-0.106227950521778 -0.192844320077443 -0.0850629990031119 0.293852623682424
-0.0116654316788166 -0.23361333236834 -0.192731936718799 0.245519124277312
0.0383336010365477 -0.283145755989815 -0.270742251765843 0.16546425197679
0.0660574228599972 -0.29965122963704 -0.244555084959223 0.114903449167415
0.0613051562462637 -0.309277644192271 -0.117971359971603 0.10698461571541
0.0150729698746523 -0.285630495248627 0.0393822698913112 0.0854554867517054
-0.0496563472804976 -0.241903910985916 0.154366780143198 0.00702607468645457
-0.129615377308367 -0.153508542276672 0.138235243670372 -0.134370922409104
-0.182136022300431 -0.0981580484914824 0.0477471733068661 -0.271997858630786
-0.182210826476852 -0.103697073710313 -0.092803597044027 -0.296843839824876
-0.165666571392876 -0.084319960274233 -0.24494976288468 -0.21334015259898
-0.152247695580107 -0.0553168955638334 -0.451462584848705 -0.0306947798764159
-0.135576434947862 -0.101018764537716 0.304165490442084 -0.0473070309452277
-0.157426908312774 -0.117129493379135 0.176210083304956 0.0466649483555792
-0.166139871861572 -0.169473397678661 0.0261087266087899 0.217364827495731
-0.122835857141607 -0.182410348307198 -0.0963568705595949 0.264688340197708
-0.0275191971507839 -0.230604580170748 -0.185215821177363 0.190479555792217
0.036578465199815 -0.284628818060092 -0.23859688500725 0.0741388665317082
0.0858546467862177 -0.302071963240966 -0.204730801159109 0.00199036091542446
0.0985400785703828 -0.317881745494009 -0.0848209258051416 -0.0139347531481601
0.0659515273228488 -0.309983062440182 0.0548339159768376 -0.0314788039983181
0.00132157381796019 -0.289883971546439 0.144466627304143 -0.0859423910906843
-0.0940209429568027 -0.229075071513239 0.114612013616385 -0.184829831890088
-0.172852743973295 -0.189502150009237 0.0193939420686091 -0.288457792569463
-0.187450690260703 -0.189774849330939 -0.085270380966497 -0.298442549589877
-0.19068358476381 -0.149372952685113 -0.202773245382539 -0.201232876532518
-0.182973078798474 -0.109363728903768 -0.377099740335417 -0.0024216161500458
-0.124972667924458 -0.104133721009896 0.365936759110999 -0.0200886806343774
-0.141604517946881 -0.100750948061956 0.213707197375534 0.0535781472016654
-0.142757360672546 -0.148291076399232 0.0283082657231207 0.205300650689627
-0.10697417391494 -0.162363648286069 -0.114970714921292 0.235022092489955
-0.0238748637975502 -0.202527641616877 -0.190114773237539 0.143656689739616
0.0378641260067946 -0.249520279955138 -0.216744233714171 -0.00558252142728221
0.0928896153513242 -0.263176081013173 -0.168366413952398 -0.101788428158769
0.122971772811703 -0.278079589042767 -0.04003820617153 -0.128021683727574
0.111325932989967 -0.279698909171464 0.0927640405861354 -0.151292304116446
0.069576629842058 -0.283961954779096 0.164608227663903 -0.191838409882353
-0.0123872201607083 -0.265764485336979 0.111675780604686 -0.250414137892479
-0.0997038696798102 -0.257715964226546 0.00128466301390329 -0.306156480263672
-0.132487233836633 -0.258486612790271 -0.0765306205019188 -0.280114929278135
-0.169401370036089 -0.199889805898978 -0.155943168920391 -0.158888356602824
-0.178149101503204 -0.149765521905501 -0.300327268386305 0.0464129613436557
-0.0973466648611559 -0.10302930810184 0.417544943830162 0.0023488121607343
-0.10985173127794 -0.0868800252582816 0.244189770258284 0.0639323321617461
-0.0987915791462902 -0.127570038610766 0.0337704159896669 0.200171520585877
-0.069906318395515 -0.140379967811905 -0.128431151179678 0.216002139154592
-0.00376644653280286 -0.163102973774118 -0.193541288126443 0.113363583151913
0.04326564481292 -0.188888527780368 -0.200204835455891 -0.0622237393482447
0.0908770603562219 -0.189632843449064 -0.136130731187247 -0.181430719080573
0.128235560444586 -0.197349134934067 0.00724283637994811 -0.219095778924967
0.137051571736279 -0.197644835493041 0.148913813330653 -0.250583799967584
0.121878753369571 -0.212580314702855 0.219315110324703 -0.283302124671929
0.0745091016737817 -0.227146395166359 0.144078146465931 -0.312279693144694
0.00168052381040982 -0.252971788614777 -1.64670381965943E-05 -0.320162310303387
-0.039903769566479 -0.259440520530398 -0.074485297773066 -0.247334971450176
-0.110297085420251 -0.19899791868742 -0.123428496068032 -0.0949057869194285
-0.138037931423949 -0.15851057815439 -0.237477454651802 0.10556052886935
-0.0548877061204292 -0.0975752251627336 0.45702401095249 0.0214938088316165
-0.0682261141715419 -0.0704235205951169 0.269422620431589 0.0803408081843706
-0.0454533422562113 -0.101740329682619 0.0473086897161285 0.203213956217667
-0.0227837546127802 -0.111592215976364 -0.127782985670438 0.205936930817041
0.0224765493126448 -0.113171958418904 -0.192749929660727 0.0984562069996746
0.0506166083619731 -0.111293510542775 -0.18324898507849 -0.0937447662489664
0.0830556739211827 -0.0951588806020842 -0.108414054048703 -0.228318184934997
0.11466808275482 -0.0856424080611203 0.0518492637735366 -0.273578665299732
0.126381768099958 -0.0784665100865357 0.2091784582795 -0.310667327782093
0.121822203676071 -0.094349210267431 0.285397318923142 -0.334824578103696
0.102336625191642 -0.123667583080901 0.193679822466204 -0.347456614718734
0.0629134026038077 -0.166665567495773 0.0105541428689751 -0.326770448381553
0.0366196299852859 -0.176151290276645 -0.0801263498153756 -0.217909601582327
-0.0403474072811349 -0.133468738205212 -0.111779548032673 -0.0331242434867919
-0.0726695997601754 -0.128636111704532 -0.197977159772812 0.158866655936474
0.0256057973992685 0.0414892554537286 0.108688607093079 -0.169829634751796
-0.00814491509194041 0.0270126513934924 0.0563590981140527 -0.0437758264897481
-0.0389823810954731 0.0315516612548699 0.0570832113056891 0.167404763838628
-0.0408916464027676 0.0292713537164066 -0.0207445069933473 0.290231237615125
-0.0383890724403628 -0.00525760770964831 -0.190822520437668 0.346595774967441
-0.06448014783637 -0.027048372467357 -0.287895315211722 0.374218742657098
-0.0762378492193917 -0.0323891426883233 -0.236650471707008 0.368140236780929
-0.0752811861663754 -0.0293359947681341 -0.0570352029321488 0.330452268859989
-0.0739714339885888 -0.00298951851600719 0.0980913184487862 0.249075443664389
-0.0621812941013638 0.0274163270248832 0.206599690827073 0.101280171144725
-0.0340566317825441 0.0671022993115791 0.177500579061162 -0.0884097942882563
-0.0143164002255193 0.0815245627655998 0.0793737063755465 -0.235971205757967
-0.000781131910855121 0.0634564072563399 -0.0970661979949326 -0.223046408979468
0.025957792016749 0.0543526700151807 -0.277574466298295 -0.11678261251057
0.0459946800144289 0.0549243679570985 -0.52555420452181 0.0648267630943034
-0.0415551449468292 -0.00668850392325335 0.122423305326005 -0.161607240014069
-0.0664377157212322 -0.0488668257534649 0.0629671170731473 -0.0373301863989524
-0.0778410476797096 -0.0743544255549453 0.0451410812524516 0.18034090992063
-0.0455466081710551 -0.0741783201943511 -0.0358532480522557 0.298515277042819
-0.0102113434756115 -0.108196809563522 -0.191876974100146 0.332239786201865
-0.0228785888510902 -0.137360767940977 -0.29637076576823 0.339060353881406
-0.0372174973447618 -0.147359868355702 -0.255744406180096 0.325495095933972
-0.0489150844409566 -0.146450207573696 -0.084361618124782 0.295548176578182
-0.0689024019649645 -0.109620115356192 0.0781434539994288 0.223944203663639
-0.0795534491530331 -0.0625484418232161 0.192299490956986 0.0866465790587346
-0.0812632277884144 0.00810853824359314 0.164329393207488 -0.0931788024225835
-0.0794545994471785 0.0429335215098824 0.0638606498227304 -0.240736770372622
-0.0678429333567751 0.0293066613613664 -0.112031151884164 -0.237408371203303
-0.0392109961488999 0.0276032758506254 -0.288742725604807 -0.136514286968891
-0.0217854656962259 0.0403835973719872 -0.520618979662884 0.0469221057474292
-0.0973337121392765 -0.0460282461798159 0.165175710463426 -0.135402296114379
-0.118686262185537 -0.0948607219219269 0.0886821307481669 -0.0089727744503609
-0.127870089425638 -0.138968661174928 0.0427976564785194 0.206131467132555
-0.0774666507967443 -0.146446898219793 -0.0394628826674372 0.307892042141522
-0.0132286723004282 -0.185514385878721 -0.173370260852068 0.307517559301602
0.000956066066378818 -0.223001769789293 -0.274768340990287 0.277722401324513
0.000686358388925248 -0.236151884956845 -0.249197456171409 0.242968942377641
-0.015042541406183 -0.24035937270325 -0.0990138032009427 0.218697436411963
-0.0511295137702881 -0.203964583020587 0.0585298279970249 0.162730373053653
-0.0877939628725945 -0.147376387585986 0.169334276849457 0.0474309604813234
-0.121160129631598 -0.0561529572848299 0.143354861071698 -0.110052423013724
-0.139993144987882 -0.00511893721308059 0.0379029770977279 -0.248934982563103
-0.13338842317046 -0.0120636062457441 -0.123915623628728 -0.254214146947185
-0.106554562584724 -0.00681969873552981 -0.286612381602958 -0.155522483302608
-0.0905514028034288 0.0137187255834868 -0.489186431108259 0.0314863686114602
-0.132363648592806 -0.0703467401209444 0.226062767354321 -0.1047057111829
-0.153102845136624 -0.104012369928917 0.1301658630899 0.0146391737941891
-0.168329202059642 -0.153102216269449 0.0511145729352713 0.218207299582528
-0.118789143650048 -0.168812248750082 -0.0411328410006942 0.298055590732177
-0.0371210603761203 -0.220067470545909 -0.155240207921748 0.263665128138343
0.00495708818724057 -0.268852559167746 -0.246883992887217 0.194100506694404
0.0292687590749259 -0.285481105493909 -0.228836554211398 0.137447803814825
0.0222903432390076 -0.298126633440238 -0.0979288666076762 0.113686315440095
-0.0196930763484272 -0.270721065069711 0.0445903044673934 0.0710734399382539
-0.0761866466486356 -0.220666995470577 0.142363006971733 -0.0158409888904662
-0.139173381797046 -0.127985491835084 0.112390334583322 -0.138831960150151
-0.182009129309493 -0.0707719362447531 0.00779244262098483 -0.259142019712845
-0.185616252493076 -0.0709404729869609 -0.129920981618324 -0.267112964396149
-0.165409415025466 -0.0547555006836529 -0.266225359564501 -0.168266114103001
-0.149259040645252 -0.0266586808135562 -0.432968627758735 0.0285191923878108
-0.144171017169978 -0.0825155760644637 0.291829856822168 -0.0783855119318002
-0.160303651850635 -0.0940537308588291 0.173670118980753 0.0242511080794478
-0.175997588906202 -0.139481147059546 0.057510048817085 0.211898514879383
-0.133930346899126 -0.1583409826482 -0.0547082222026232 0.272675516487944
-0.051376369736403 -0.216015794625118 -0.154641433930187 0.211241830166907
0.00345510929376352 -0.271510086545999 -0.227116497591184 0.103613166969438
0.0474221760407063 -0.292427433978547 -0.204155919533453 0.0240958567126186
0.0570529681264815 -0.310497033190862 -0.0814442098023643 -0.00443690176654763
0.0251444852009678 -0.298315890962969 0.046913919429434 -0.0416518783646777
-0.0340782319537452 -0.271034489468312 0.121785460540201 -0.103643050391677
-0.116310537788308 -0.201859215260198 0.0822552011323325 -0.184982909952162
-0.182994947452662 -0.154960665931118 -0.0230509477229566 -0.271930299243838
-0.201441098371609 -0.15005893979437 -0.125862322500805 -0.27022410623639
-0.195781465110057 -0.112650304789352 -0.226823925069533 -0.163319478971429
-0.184974905349039 -0.0736365126048404 -0.358633485194724 0.0446324731246929
-0.134849221754255 -0.0880497168333767 0.352442311807352 -0.0587168727537132
-0.143563755631663 -0.0814396621802059 0.20927698301636 0.0270913328938151
-0.151270383062036 -0.122740750049684 0.0573929296100496 0.199380578409949
-0.117707709252796 -0.142178908007464 -0.0771034196363414 0.246699510024518
-0.0449026553457288 -0.191239993324292 -0.164233710767011 0.16685287689726
0.00819763581508794 -0.238819227864465 -0.214225759560435 0.0249795913256969
0.0573411286242862 -0.256520844283725 -0.180606253575419 -0.0799980837523048
0.0826110120906962 -0.27629332025003 -0.0536126059574569 -0.116171034694962
0.0713770976824895 -0.276306988301382 0.0689991697154686 -0.159358942129301
0.0300285941516591 -0.272620032604653 0.127727135499899 -0.207023961466546
-0.0444403024497615 -0.244828221930578 0.0711557925028668 -0.249218928796704
-0.125124399882138 -0.226385249082822 -0.0430067453058812 -0.288635985289833
-0.159007666777938 -0.221390909976628 -0.115181654984691 -0.256272057382102
-0.181855642094016 -0.160614432285762 -0.177838706384302 -0.130880684945177
-0.1847335300799 -0.111479527624276 -0.279957752053988 0.0802306036133882
-0.107187711587257 -0.0891043699880331 0.403660465045816 -0.0433908285312933
-0.111893602337786 -0.0706813696882287 0.239195885003942 0.032036800158929
-0.107768107112523 -0.10861149082847 0.0601786144640999 0.192631043076332
-0.0809520373410475 -0.124608855669297 -0.0920504925413084 0.229245656566887
-0.022511422148259 -0.156077692469351 -0.170742445699444 0.137432489541652
0.0192713234514944 -0.18172897557912 -0.203547227671504 -0.0325267857057942
0.0632148115885356 -0.188581269957687 -0.157993805566573 -0.159383602464926
0.097713346305155 -0.201129077638013 -0.0195175605003334 -0.206829663825806
0.104923634481676 -0.202289496362639 0.110321366824436 -0.25867393895674
0.0864484868204022 -0.212180351006296 0.16963807190536 -0.30028591337542
0.0395876532534921 -0.218278996578042 0.0967045306847197 -0.31231857715055
-0.0306930083170493 -0.232975937831326 -0.0444513117007483 -0.304016371389752
-0.0726981689652578 -0.235536764427126 -0.107623026351316 -0.227702257064169
-0.126597485840028 -0.168113246384235 -0.137624251282022 -0.0764222337506421
-0.148110766199444 -0.125902396871878 -0.212452758909049 0.127897108751234
-0.0654371139717444 -0.0889546333602776 0.439621196686628 -0.0301069614359951
-0.0707134193236451 -0.0593670096925833 0.264778544541623 0.0443118111033911
-0.0540048350328294 -0.0902209728601135 0.0714991498797658 0.192679644414993
-0.0334335332741224 -0.102467634932262 -0.0945497804328464 0.218540740127184
0.00780946234230277 -0.110695043611578 -0.17069030409492 0.119962152802445
0.0341494567083604 -0.109889351614624 -0.188861795137618 -0.0660111934453664
0.0662082280371511 -0.0983749969232189 -0.13429761730823 -0.207474092205993
0.0984675804402291 -0.095692211155685 0.0159383577614133 -0.263586711322071
0.107976590857391 -0.0895059588994422 0.160359825886609 -0.319717977807385
0.100062682691052 -0.101280146960164 0.227646808924368 -0.353915159709184
0.0783388552476742 -0.125516659468039 0.141745621746943 -0.351068366400774
0.0359812870242022 -0.1604406844689 -0.032744415367446 -0.311394417614349
0.00855276122062346 -0.167389444349098 -0.105595264731154 -0.199887950481111
-0.0530632088720987 -0.116610592235098 -0.113946772370295 -0.0191547293200773
-0.0831874874899848 -0.107292296051799 -0.166990791533613 0.174542012988896
0.0254990605509449 0.038419299786808 0.0997540367318937 -0.163287765407764
-0.00745119438412384 0.0257918154193078 0.0519489270351873 -0.043797974538932
-0.0366127629912791 0.0312922741128448 0.0526601468340443 0.159288830207725
-0.0388590502734159 0.0286216759655766 -0.0218431930222589 0.275866591660198
-0.0366494947870425 -0.00582113282712593 -0.184240106308354 0.325834886912272
-0.061215877419354 -0.0253886919077584 -0.276798836967703 0.35443059198719
-0.0725014965459919 -0.0312063556175645 -0.227867871905156 0.349345628307683
-0.0700995897074498 -0.0291137582551169 -0.0556713081141887 0.314962469963519
-0.0702202430298188 -0.00274239563879099 0.0930251096132019 0.238683656076501
-0.0596075765322113 0.0257757227132605 0.196889915928497 0.0986841989868129
-0.0321440118655538 0.0628822949886307 0.169574607590778 -0.0814087239170789
-0.0123718088323696 0.0776803157231894 0.0768960280467756 -0.224109708381569
-0.000928361962593815 0.0605614816983127 -0.0924839643445416 -0.212930038024605
0.0257726279467689 0.0512931820864503 -0.263799075160828 -0.113394968208901
0.0437154522659614 0.0507622472633449 -0.496418867417629 0.0630674914963914
-0.0394900366431182 -0.00733430711822306 0.113189827706437 -0.155911769084683
-0.06257995556298 -0.0469840971901365 0.057702182094469 -0.0369643557488069
-0.0730376183462495 -0.0695888215561788 0.0420979165059401 0.171078717266617
-0.0421799200225228 -0.0702973294691459 -0.0349370953866597 0.283799429685378
-0.00913340969515646 -0.103555746408939 -0.184887956389625 0.313862628905947
-0.0212621624965931 -0.129801955023014 -0.284449808251116 0.32178932205065
-0.0339507962677787 -0.140898931034629 -0.242661438317944 0.308667445142601
-0.0452881972094969 -0.140339393754863 -0.0816082472728186 0.28126875768542
-0.0643297179892507 -0.10493896496187 0.0751906495559932 0.213967552422149
-0.0755927727533863 -0.0603120809981833 0.183726152375225 0.0841248953482569
-0.077035724058687 0.00527792365812288 0.157683693553944 -0.0865075930325472
-0.0746056740363881 0.0407134881121408 0.062072710101302 -0.228256566217433
-0.0650999692043156 0.0276994521211246 -0.106616463776059 -0.226387409273114
-0.0373663773940258 0.0248804562140745 -0.274393773923361 -0.132648718367685
-0.0213791670077743 0.0369370777459504 -0.491564371006692 0.0443066440635702
-0.0919960551504544 -0.0452553486802024 0.154124141327335 -0.130973892626647
-0.111981863865668 -0.0910523227368349 0.0818250830650989 -0.010301752254654
-0.119659087183446 -0.13217734483062 0.0395099346568076 0.195027287754315
-0.0721546598550747 -0.139156788214368 -0.039582564472823 0.292972514139141
-0.0113188862097642 -0.17811683970876 -0.166496621785415 0.289984679594777
0.00237031646695887 -0.211620090980392 -0.263366050767289 0.26326812541219
0.0024297592382923 -0.225330255387315 -0.2374359473993 0.231589529580214
-0.0128652389785814 -0.229803782476484 -0.0949318428996747 0.207865989958856
-0.0464293699286849 -0.194562495513193 0.0559870597154316 0.155148999212163
-0.0829289534533089 -0.141531469279069 0.162499483340754 0.0461092635903288
-0.1147219680783 -0.0550589336076845 0.137723278585863 -0.103212293414348
-0.132450917351938 -0.00551205642827705 0.0380124200347373 -0.235676539110978
-0.127505003034955 -0.0122816935806186 -0.117996216047753 -0.241335854230472
-0.102515860037197 -0.00816311542532377 -0.271931407099094 -0.149817151563033
-0.0872260611248382 0.0110188497130217 -0.460920763648714 0.0296412786155417
-0.126098393142952 -0.0690682553902014 0.211476257627013 -0.101404430551243
-0.145569246062429 -0.100186176025567 0.121273094496219 0.0121152541828544
-0.158194373415266 -0.146222443473686 0.0477810353794858 0.206961945369727
-0.110747926803529 -0.161574415478289 -0.0403861731224364 0.283932326315528
-0.0331351107244814 -0.211614797040359 -0.150019289629897 0.24856962518231
0.0069333446115866 -0.255748853747889 -0.236876304709482 0.182909774738235
0.0298819776468544 -0.272246199021005 -0.218157973118154 0.130980067811924
0.0229373881560149 -0.284110209700827 -0.0932433807381922 0.107793271313013
-0.0163698069934446 -0.258166690262934 0.0438961214145731 0.0672008435170973
-0.0704334274383389 -0.211677081844083 0.13690151896733 -0.0148831420915018
-0.131319182792842 -0.124018065270937 0.109601874594902 -0.130361135564393
-0.172779619761326 -0.0688215828258419 0.00974045948422984 -0.245440786261767
-0.176772882817609 -0.0689531185804226 -0.123057054272274 -0.253932822122866
-0.15839125009045 -0.0528039058137608 -0.252049712074465 -0.160904866966694
-0.143987565198876 -0.0282119607858072 -0.408862204445745 0.0288148550670274
-0.138999503571934 -0.080249113994157 0.275055960440195 -0.0752773892114457
-0.152634564354597 -0.0914993866235904 0.161731868534276 0.0222862371432687
-0.166710343353117 -0.13350244415249 0.0531405181523737 0.201678544656791
-0.125877511544868 -0.152905749666186 -0.0534325116631463 0.260410146959845
-0.0475152261072941 -0.208821537610976 -0.148811732322863 0.198673216938148
0.00517157894403161 -0.259043886551487 -0.217200231625245 0.0968075039055436
0.047499385922948 -0.278175425516455 -0.194420573601028 0.0229611067648445
0.055518351144123 -0.296110384651019 -0.0769171047886109 -0.00406196238556693
0.0266630865297274 -0.28467868621436 0.0461039091029823 -0.0406256639076852
-0.031123178062986 -0.258796245833038 0.117740853005838 -0.0986682712579333
-0.10769816048314 -0.194019927101148 0.0800663338109238 -0.175465922918269
-0.173376596141075 -0.148750855213312 -0.0201206981796905 -0.256866569580236
-0.190895693899591 -0.144974893129582 -0.118589692433151 -0.256976348607798
-0.187226653649213 -0.10778379079814 -0.213638770075973 -0.155312294578546
-0.176695849913104 -0.0716173009315139 -0.336979653283551 0.0448480927432891
-0.130140457081237 -0.0846403557156852 0.333235405260111 -0.0555298940000073
-0.13658863310577 -0.0784945357893796 0.196679403846305 0.0254875477924827
-0.144627488877328 -0.117580844218896 0.0536659695638129 0.190805893421732
-0.111659008688224 -0.137008682079102 -0.0744134947298503 0.236567286003766
-0.0419587870581643 -0.184821549972269 -0.156585879667633 0.156111092706464
0.00851780931523085 -0.227969458297329 -0.204737236694908 0.0226446532834062
0.0568771263720405 -0.244542421795857 -0.171225842968105 -0.0756538049784944
0.0808180434281228 -0.26359274805035 -0.0490917615146788 -0.110776301325791
0.0711199074847287 -0.263060141655043 0.0678158071520628 -0.152662513884548
0.0302357991119393 -0.259649333786203 0.124746007206749 -0.196454429452686
-0.0399232200849331 -0.233719814202082 0.0711177551773275 -0.235333726819588
-0.117271613628343 -0.216181368731771 -0.0385096604603472 -0.271427247073717
-0.150530485244422 -0.212128200137624 -0.108584580631157 -0.243457626565728
-0.173106384164071 -0.154272447342769 -0.167784996218378 -0.124465874966098
-0.177382267272425 -0.108320719448748 -0.262671909763372 0.0796163871245561
-0.104611820748539 -0.0868174624094962 0.382682431701994 -0.0416604565626825
-0.106749035566091 -0.068726779163156 0.225379295518126 0.031268182366217
-0.103684945138966 -0.103643448619642 0.0568536202014266 0.185243475633158
-0.077483273866863 -0.120134166268468 -0.0883183249737115 0.219685576735237
-0.0213717316500509 -0.150334524553729 -0.162487455409132 0.128670957520437
0.0192842253386065 -0.173311980124004 -0.19379573834267 -0.0328504962357864
0.0621366117773649 -0.180603328783691 -0.150085672605707 -0.151195500165316
0.093659423024042 -0.192283207944758 -0.0164282133776481 -0.196951623043537
0.100842825408614 -0.192220709818584 0.10797434047216 -0.246807596758862
0.0836400601072586 -0.202003900317966 0.163648010309237 -0.284387270872514
0.0399401326274595 -0.207697101615093 0.0951457142278771 -0.295120460656458
-0.0284597978040801 -0.220844183988743 -0.041007602104064 -0.286257917842303
-0.068443025009258 -0.224717308512208 -0.10094796862647 -0.215361223308617
-0.120060177001934 -0.160811237627414 -0.129424761223742 -0.0716060308220194
-0.142490552313785 -0.120748895842127 -0.198910294466138 0.125146218304961
-0.0638050798850882 -0.0857939299787847 0.41773824869816 -0.0277101252343754
-0.0664452671338319 -0.0569438320476144 0.249057191101523 0.042873677282226
-0.0520105288517071 -0.0859075431727769 0.0667869928971131 0.184913649383662
-0.0329844112333864 -0.0980929053120577 -0.0899428526901054 0.209543059296226
0.00795686977852491 -0.107119488156491 -0.16287331255724 0.112494387420185
0.0333493314278571 -0.104148965764717 -0.180604756423719 -0.0651753101556636
0.0641887711142035 -0.094180300190122 -0.128445962340718 -0.197087332414865
0.094090744458854 -0.0920999543734013 0.0179650787229564 -0.251176701351779
0.104178583178797 -0.0847565135797601 0.155143527625517 -0.304398753825532
0.096611318396482 -0.0962187464264851 0.220176716856508 -0.335903634937774
0.0754941907049211 -0.1195525095289 0.137140559227528 -0.332028100632812
0.034243921754884 -0.151733098727762 -0.0287171833913691 -0.292775344118062
0.00823753041568833 -0.160713761887107 -0.0991673719245731 -0.188673991250841
-0.0503358542747202 -0.111215533877743 -0.10814926810213 -0.0176210016006993
-0.0805289359606139 -0.103108079331859 -0.157192066220733 0.168984070742584
0.0247649927236176 0.0376589290248403 0.0989469075873672 -0.158805488201887
-0.00732572849501003 0.0247367373341423 0.0487272966824035 -0.0429351648617603
-0.0363962323784577 0.0303376120462866 0.0477259275136322 0.15755389711391
-0.0380170975785185 0.0274339586642658 -0.0289346444389014 0.270571589817204
-0.0361631195261635 -0.00710906635009995 -0.190269972575689 0.312954165023316
-0.0589652664834043 -0.0265340128028168 -0.282396078393451 0.339964762330816
-0.0701282960619812 -0.0328891967386665 -0.231514408107934 0.334620990631635
-0.0680749951902075 -0.0312056514428537 -0.0630089336926748 0.307541918798442
-0.0679527832729664 -0.00498007966695521 0.085564208494567 0.236356823367088
-0.0585859801328906 0.0231752070902693 0.191364833877726 0.102373669969305
-0.0323054086494925 0.0596133435199307 0.168380590662699 -0.0732264785965671
-0.0131852335102411 0.0753178463232495 0.0811330471798341 -0.21643624136622
-0.00238177042793471 0.0591874107988261 -0.0862675315251886 -0.209813251278272
0.0243547079081729 0.0505574232868742 -0.256687890718337 -0.119082688741948
0.0410211348510992 0.0491893555673996 -0.484889144953024 0.0507772038664458
-0.037491036331885 -0.00901397490679261 0.111553509641395 -0.152164053616629
-0.0593453247143724 -0.0476525944656083 0.0548789651260359 -0.0368187987183501
-0.0675620035199602 -0.0683753660237812 0.0362185954102675 0.168069007191438
-0.0386210298861287 -0.0690642435400603 -0.0426033499616296 0.277311981357008
-0.00620249156545724 -0.101850961078458 -0.190247641320165 0.300508963479315
-0.0169854234131467 -0.127541891725116 -0.288723408682458 0.30704009732646
-0.0288199724761275 -0.139695881712062 -0.246519487792386 0.295715222664153
-0.0403074134630151 -0.139343216136142 -0.0875423914321028 0.273808952459044
-0.0595260569319712 -0.105513714691152 0.0672348935934397 0.211413797685882
-0.0726660134371859 -0.0622734692174997 0.177801172584273 0.0880235894015961
-0.0752002277882386 0.00268296542233455 0.157953108862765 -0.078752777067076
-0.0737365942470274 0.0368929747255157 0.0670290582077313 -0.221001540923021
-0.0642503396223483 0.0260577881664813 -0.0980323648318661 -0.22426491305994
-0.0375518958577306 0.0223448917510137 -0.266322321875194 -0.137431395958248
-0.0233763402363164 0.0337781262741353 -0.480795330516447 0.0343233473741667
-0.0891229097573147 -0.0478851206242676 0.1498360911238 -0.126582152700441
-0.107154796919185 -0.0921898354466901 0.0773779778013925 -0.0100067219782313
-0.112830974499513 -0.131362303547726 0.0333829398829074 0.191068566695077
-0.0658770168007514 -0.138207086492543 -0.0463145339431684 0.286629280913848
-0.00560916440321479 -0.175350833973963 -0.172674058652025 0.277240917377483
0.00825728979175451 -0.206922206840406 -0.266840804038845 0.250504123825367
0.00929588091694607 -0.220438445162819 -0.237753476697526 0.220673380925119
-0.00581709280412693 -0.225596113771575 -0.0984856011799879 0.20163523306526
-0.0386849414422012 -0.192219993669173 0.0514798591252715 0.152487903475025
-0.0776740514997551 -0.142354305917142 0.158880013593768 0.0497364733451149
-0.109765498661212 -0.0584349186965934 0.139204021229693 -0.0961221867534947
-0.128551842596276 -0.00985897313341917 0.0439997790339291 -0.230191619647329
-0.125512458626371 -0.0159317379249487 -0.109810608342389 -0.239404321032127
-0.100854765309073 -0.0114365528852024 -0.262144311745999 -0.154334547732785
-0.0877961786658085 0.00710248581851643 -0.449621885847022 0.0206470730737004
-0.122056038334796 -0.0715689992470964 0.206232637230749 -0.0974825150413938
-0.139886241542848 -0.103035427017798 0.11457489793231 0.0133007574175697
-0.1505518857904 -0.14658911755909 0.0402685128686429 0.203545945671826
-0.103135423962959 -0.161829260079333 -0.0480682138625937 0.277817838207822
-0.0259640585532399 -0.209737551019863 -0.154727483290473 0.236489409904308
0.0140118893216797 -0.250016291425423 -0.238822199053714 0.172778904504797
0.0371573519960244 -0.266976316639057 -0.217000476556097 0.123233312827599
0.0304863506359683 -0.27846384402875 -0.0936358724134927 0.102976793262895
-0.00692941647347931 -0.254266754332291 0.0415894788814912 0.0659517018771488
-0.0638489188128647 -0.211504197371858 0.135795314891936 -0.010799804094816
-0.123980293111577 -0.126161442675488 0.111767170450797 -0.124370442982899
-0.166599025084523 -0.0721373148316786 0.0164711441603278 -0.238622563032775
-0.172302441551922 -0.0732182508594681 -0.113854580709328 -0.252057562334601
-0.154702164021706 -0.057178788436927 -0.241595810710729 -0.164563833900944
-0.141969750489791 -0.0322617940313925 -0.396871944054877 0.0203222549308493
-0.134478242831015 -0.0835488918857695 0.267138655772308 -0.0695035595844108
-0.146594026542533 -0.0946129921722991 0.154667280953218 0.0246707364336966
-0.16009208407574 -0.134594621206468 0.0459904677703691 0.198645061086297
-0.118731958782566 -0.154322353454184 -0.060172384678576 0.25460969198543
-0.0405882732274549 -0.208492213357809 -0.151850115358167 0.188942434960257
0.0128126133818907 -0.253700715742925 -0.216266023729553 0.0889724213857756
0.0546136555623435 -0.27195139009702 -0.189892026088074 0.0188517928899375
0.0630857373607371 -0.289026698013875 -0.0740806401893672 -0.00680745008205052
0.034991564960247 -0.278745881591413 0.0472418355966151 -0.0400721287415045
-0.023313029620098 -0.256162354750297 0.119725031535012 -0.0941516574409333
-0.0994494813361322 -0.194042611438371 0.0847546431441866 -0.16894062181306
-0.165296544875299 -0.15062520875971 -0.0119444152603097 -0.249580250196724
-0.183268895547868 -0.147849463170842 -0.109143068817858 -0.25489069570307
-0.18149902405539 -0.112367443227913 -0.204840593926419 -0.156626425330079
-0.173769433281099 -0.0764810698442107 -0.328223709516457 0.0384315230746326
-0.126937906612694 -0.0872357009755194 0.3251039691432 -0.0481947715879533
-0.132225833001583 -0.0821257672619136 0.189109683914306 0.0297829685861233
-0.138993494145626 -0.119642512518558 0.0469766382734472 0.189326429491004
-0.106003726033252 -0.13828329544239 -0.0789765059208057 0.231275789127237
-0.0364757436324496 -0.184458122887696 -0.158068073664593 0.147191852822159
0.0147355455497321 -0.224085266361067 -0.201022824435236 0.0154090044225859
0.0626505760011331 -0.238469443209299 -0.16482974576779 -0.0774690919665194
0.0856708259624794 -0.25703209353544 -0.0443625285545487 -0.110008258822828
0.0779698311714711 -0.256742791238499 0.0716409657379306 -0.147995635805793
0.036900733753513 -0.254810369247215 0.128029467066196 -0.189307188575234
-0.0311936136334992 -0.229872408204442 0.0779078231132754 -0.228206717025515
-0.108204922360003 -0.213857917090542 -0.0302900218640035 -0.265269713207233
-0.142234766614586 -0.212832793121694 -0.099212781196608 -0.240107919650237
-0.166395484754161 -0.156156706507742 -0.160268218925225 -0.124976471249884
-0.172931834556331 -0.110956636734422 -0.256250802803248 0.0742255354055218
-0.101783739680818 -0.0877431805798127 0.37468549116834 -0.0324713312825137
-0.103593683573011 -0.0706836649008198 0.217163697153249 0.0364580971282439
-0.0995327587971077 -0.104662819692094 0.0507130933030444 0.18424523972009
-0.0737899798453048 -0.120396972543761 -0.0921167842982684 0.215905557787323
-0.0172934343920337 -0.150371699051398 -0.162442408251637 0.120225192467326
0.0238283403368066 -0.170400091505434 -0.1885484406293 -0.0388639214468227
0.0657402848461845 -0.175462799956363 -0.142243192821397 -0.150608077655477
0.0969009889063249 -0.186445498974195 -0.0101121284739225 -0.19389186353828
0.10507331703428 -0.186052703335055 0.113799512173259 -0.239373060109469
0.087434632778131 -0.196085575474688 0.169383132978701 -0.273893659645001
0.0452656274869705 -0.202173444125273 0.102492820711864 -0.284998921363004
-0.0219632083084377 -0.217407105244517 -0.0316495514258302 -0.278295955200966
-0.0616791977300436 -0.222113657196636 -0.0924437682033924 -0.213169992296602
-0.113922684847504 -0.16148746115131 -0.124255116877501 -0.0723407117527464
-0.13815875239132 -0.122648266554937 -0.194780262389958 0.12125595158997
-0.0629391883116567 -0.0863173037652166 0.409771970421465 -0.0179633812058201
-0.0638982579902836 -0.0584152045427457 0.24163456445039 0.0480582827569686
-0.0492725148046861 -0.0854683465970758 0.0622654078288937 0.184135099532003
-0.0305114397397303 -0.0971045483249517 -0.0939029270414824 0.205956702540159
0.0091674128525941 -0.106639208286192 -0.160860264250983 0.10505561606922
0.0349605416080804 -0.101651021300869 -0.175462374731272 -0.0696224916320907
0.065433901675444 -0.0902784161542767 -0.120855977888098 -0.195182587944031
0.094454609352159 -0.0882593139128409 0.0255334767425388 -0.244184716832902
0.104999312849891 -0.0800933273111792 0.160640813050716 -0.293211011053705
0.096739027826856 -0.0921038534362376 0.22508415974358 -0.322968281039205
0.0773106562221347 -0.114893292148295 0.145197636084678 -0.319307486200868
0.03624776902919 -0.14817233869887 -0.0208617193741537 -0.284850086186742
0.0123699103805092 -0.157766155067118 -0.0919255243288104 -0.185653453407778
-0.0462658879432347 -0.111471750413646 -0.105279762656392 -0.0184836144589746
-0.0771941494698535 -0.104161100376597 -0.154155501906436 0.164236609412008
0.0248307779732064 0.0374620161600716 0.101053176212559 -0.160247596211257
-0.00733866611089206 0.0250772899707728 0.0471008821841415 -0.0439436478270603
-0.0366775907275134 0.0307127784839399 0.044329938027739 0.160627060733496
-0.0387182153407455 0.0277401185978549 -0.0370457733235063 0.272845357533048
-0.0366681455974731 -0.00840847812468743 -0.202530605990817 0.311455164548366
-0.0595591743977199 -0.0286472228262684 -0.296945984106028 0.338699741897728
-0.0698356436556778 -0.0352859230413501 -0.243596770816506 0.334875225904813
-0.0674671778950307 -0.0343408747005695 -0.0718080884751342 0.311351260016805
-0.0682332301854463 -0.00740528218908237 0.0807553304984377 0.243070417501131
-0.0608231207588276 0.0217286105851094 0.192431043581145 0.110162859214634
-0.0336608609599352 0.0583938146922617 0.174577017428834 -0.0681102451561415
-0.0139550533857209 0.0756957995185221 0.0883346043204657 -0.217911032849215
-0.00318609483903924 0.0603440810765863 -0.0829963996807111 -0.214886441377249
0.0243693615293887 0.0501959525666936 -0.25861603238348 -0.128141150894322
0.0405754812088517 0.0502676251367019 -0.492257371144908 0.0420427724499862
-0.0379769790544938 -0.0117727181517462 0.113982888333182 -0.153804091815074
-0.058193330764247 -0.0502725185174721 0.0532806179251872 -0.0379450917512188
-0.0665322517128328 -0.0711043794400136 0.0330527774444743 0.170748863379825
-0.035929371963049 -0.0706565534825061 -0.0507776407117951 0.281283996914128
-0.00395419844397527 -0.104095853177815 -0.203038530103054 0.298716885972853
-0.0141062839643065 -0.129851004463921 -0.303349588525359 0.304459419812415
-0.0253420104649469 -0.142117973845285 -0.25637029187069 0.293785366111695
-0.0366189380363493 -0.14344605535785 -0.0962609973047864 0.276766593164752
-0.0560011895716979 -0.108891960631807 0.0635396831452698 0.217031215097599
-0.0728213018502733 -0.0654279792120747 0.180460924527198 0.0941668045652212
-0.075946726197134 -3.66053124823504E-05 0.164298487491178 -0.0749599920532568
-0.0754372583076811 0.0350743025946585 0.07453475281336 -0.223277974379334
-0.0672729340771392 0.0243772793989034 -0.0964259771998646 -0.229939032723738
-0.0381955750932535 0.0208827605002437 -0.267691250312601 -0.146448046660082
-0.0247230770339338 0.032797584269282 -0.485602896817517 0.0225582129425534
-0.0896632081004589 -0.0517313753073992 0.151783901886551 -0.128119768291618
-0.105989383164155 -0.0965129037782042 0.0755881576533449 -0.0107947370391001
-0.109529146577895 -0.135298574133998 0.0280433316853153 0.193825490414223
-0.0625425397361072 -0.141255793189496 -0.0548749295616051 0.290147908838384
-0.000797237425299508 -0.179466586734242 -0.18369987559257 0.276451822283043
0.0139110580141443 -0.209314109509157 -0.278802799502153 0.247094170860596
0.0154597975605827 -0.224406065297468 -0.24820944074401 0.2188266396155
0.000221269729917703 -0.230125912733483 -0.104746815664599 0.202746482759653
-0.0340032905734203 -0.197287581678442 0.0486875644387689 0.15567513547269
-0.0754495345136473 -0.147893999927182 0.16162493914782 0.0547142971872451
-0.109498550438735 -0.0629170932421515 0.144998429617553 -0.092492716353132
-0.130081727729008 -0.0132231694610737 0.0508703814036532 -0.23142699602101
-0.127781137803078 -0.0200990437526807 -0.106311092495805 -0.246118811781581
-0.103390768891427 -0.0146551964099454 -0.263809605136411 -0.164106411887569
-0.0903976971905103 0.00386935630547856 -0.454446360398984 0.012672707327915
-0.123738288951686 -0.0769103231342789 0.208102172573353 -0.0959717748496806
-0.138735719880979 -0.108747907429489 0.112500222771467 0.0147729300242183
-0.148089094855087 -0.152559849440655 0.0352170536518072 0.206301904059228
-0.0992201211841951 -0.167894006444993 -0.0563496310595665 0.282002054155921
-0.0203120186047524 -0.215490737497257 -0.165174662624694 0.2363413110399
0.0214996307242947 -0.25458323239146 -0.248313643127307 0.169198205010477
0.0459297547278193 -0.270795857094692 -0.223046689086451 0.120887759118102
0.0385883794266852 -0.282793683050595 -0.0979470122907821 0.102396632045503
0.000702010213973111 -0.259556327101445 0.0411672269816795 0.067021194050038
-0.0594232278583339 -0.217820760476203 0.139901392776359 -0.00731171500348415
-0.121666436535099 -0.131934757266976 0.117902810485495 -0.122539953259145
-0.167094198306307 -0.0783655401382889 0.0231659156924888 -0.241950819784895
-0.173120534653472 -0.0799245515170571 -0.110135015613558 -0.25862210799115
-0.157273816326953 -0.0621239736049701 -0.241877726434885 -0.172968685323559
-0.145357648215832 -0.037623686004455 -0.399402360731644 0.0140394475412173
-0.136525827691562 -0.0883302583347186 0.270223284909619 -0.0663516433910562
-0.147079140804233 -0.100407157271207 0.153182290483965 0.0274677820585338
-0.158446550262664 -0.141657672641027 0.0407520812204513 0.202845814612751
-0.116620977906688 -0.160876994254055 -0.0680175752815733 0.25899561062327
-0.0351914505398247 -0.215356741837974 -0.160072177078441 0.186604100659698
0.0197317614838657 -0.257635778743516 -0.223086922612202 0.0843620305042406
0.0635533933972786 -0.275885402732012 -0.193170661529411 0.0148001998441697
0.0726671563824425 -0.2921354270415 -0.074888578595086 -0.00811397145174894
0.0439277271857729 -0.28323878335464 0.0497295674646132 -0.0410667293454917
-0.0171723812843938 -0.261764688086841 0.125751135338907 -0.0932220109058682
-0.0945132231392068 -0.200749915995491 0.0923790704936668 -0.168474923757603
-0.163343538811762 -0.158062052159927 -0.00473631000722001 -0.252726490059098
-0.183533367209351 -0.156072509978898 -0.104507212898123 -0.261359650197925
-0.183108470708406 -0.119390469566571 -0.203788879577714 -0.163726919801437
-0.17574382569712 -0.0820180411960779 -0.330101962001397 0.0340441410977171
-0.129074407196579 -0.0926318174917297 0.32859873305425 -0.043381674196585
-0.132531978205636 -0.0880322657668728 0.187819383989094 0.0337800718985475
-0.138833365009203 -0.124945904407564 0.0425147223415002 0.193705566330539
-0.10471783277838 -0.144460802931093 -0.086064496987407 0.234597430468946
-0.0322276869066641 -0.190687862710958 -0.165034871981289 0.1446922933663
0.0211524791451636 -0.228949182280402 -0.206138010451198 0.00910168597884524
0.0701404490904249 -0.241944004119278 -0.164638937180725 -0.0811303330925201
0.094410535654336 -0.258494769023492 -0.0411831195752664 -0.114388672306722
0.0862507786808837 -0.259432974694605 0.0776959407436336 -0.149972929755136
0.0443117699610559 -0.25862231121362 0.136788392468372 -0.189597806443635
-0.0251503620494778 -0.235156623030906 0.0866650311919476 -0.229162271709345
-0.103585867394677 -0.221511664002636 -0.0229982844453407 -0.268273328071846
-0.139042004028508 -0.219760539286814 -0.0945172247121292 -0.246942207718864
-0.165514477109802 -0.164109903191196 -0.158669437450946 -0.130173774462872
-0.174488698133217 -0.117075746291256 -0.257210371766752 0.0725328166377451
-0.103502644155312 -0.0926584049705334 0.379425931721423 -0.0256690944491418
-0.103743552004562 -0.0751022796183156 0.21777638864892 0.0421773935909099
-0.0994936554595147 -0.108100113801938 0.0478604570606704 0.189099305063489
-0.0730780594724091 -0.125121943037871 -0.0995462878360253 0.219189842859758
-0.0142224082352885 -0.155162518830989 -0.16831042860266 0.116480092406717
0.0284146666663124 -0.172898079762116 -0.192027249214747 -0.0446532137833307
0.0720220401671951 -0.176643061429738 -0.140538459252135 -0.15524495936085
0.10308443386502 -0.186951735822011 -0.00305917937172681 -0.198454629467076
0.112214996536187 -0.186784851649798 0.121677828295193 -0.240866879524438
0.0943693589774088 -0.197478380079329 0.180844035310997 -0.27394479112381
0.0512585551085585 -0.204872487929972 0.113058401696008 -0.285456117765072
-0.0170378027235019 -0.220575366898947 -0.0239689507237615 -0.281188749246939
-0.0565710249638985 -0.227373476937543 -0.0882560292950731 -0.217483514533025
-0.112526518595001 -0.166772622427349 -0.123452603690669 -0.0753243840981783
-0.139335927257579 -0.128399828207736 -0.196855016574757 0.121478168443451
-0.0635153845417915 -0.0892185560567557 0.417134873417879 -0.00958191348420015
-0.0633338350234567 -0.0610934062771836 0.242311458242139 0.0556555551363236
-0.0497312575298106 -0.0882299129236611 0.0585773959737708 0.190600222870796
-0.0293912160636892 -0.100225615706055 -0.099397882413696 0.208845432260485
0.0118868199802785 -0.109560173784228 -0.166500053873153 0.100861238092472
0.0384744692613802 -0.102600888168953 -0.176937718963278 -0.0766684595134022
0.0687022063888803 -0.0902067354466737 -0.118322192277627 -0.200021235739131
0.0973449466646766 -0.0882098353206839 0.0334992636328624 -0.248106211489243
0.109116767559087 -0.0801443137875542 0.172303930200737 -0.293998554783001
0.101774612967837 -0.0911001730475811 0.238221033949595 -0.322060735220681
0.0809202631101821 -0.114863138544448 0.157862443031327 -0.320069307337764
0.0405367339075915 -0.148544081070091 -0.0119342721992255 -0.287548718181435
0.0154485544618221 -0.160292327215108 -0.0881152419076174 -0.190020321290898
-0.0441321014781548 -0.114782533545683 -0.105500815879167 -0.0199355305672603
-0.0785572813167745 -0.107957497346048 -0.158014143472447 0.166510060548846
0.026576121045344 0.0373758004488618 0.101571011267188 -0.170122964437122
-0.00697235920664994 0.0262993658239627 0.0462816159659629 -0.046680960416291
-0.0372194563625568 0.0327074086270143 0.0469537410632063 0.168203009132558
-0.0397593734486575 0.0295958057030469 -0.0379324315187211 0.286836595583312
-0.0391130831326867 -0.00897880585704445 -0.213479042705908 0.325797349460119
-0.0632067551911564 -0.0297765114124465 -0.312245635745502 0.354334401448386
-0.0728987071199076 -0.0370138955330497 -0.255749997782933 0.350565944024544
-0.0701794807786509 -0.0377429970421609 -0.0750335052748872 0.325856981990932
-0.0714371458689438 -0.00806416164495989 0.0858441742652993 0.255950528554534
-0.0637999394728072 0.0229529795285634 0.203385759885588 0.116818325914215
-0.034939464174449 0.0608820596294586 0.184504593708681 -0.0710650952417792
-0.0139599407833532 0.0794689827071846 0.0923660474296415 -0.228963509353595
-0.00335697936643593 0.0638579126824719 -0.0881270620375639 -0.2248432327308
0.0269300899193226 0.0518893793657214 -0.272625491129857 -0.134267769732898
0.0421397408603399 0.0517759525747996 -0.511894390457809 0.0477491694193898
-0.0392995465856544 -0.0134508728205359 0.114010550698693 -0.163388532288799
-0.0606127964067828 -0.0521384841009879 0.0520815959196788 -0.0408172554874624
-0.0691022519714912 -0.0731154779305857 0.0340320713198119 0.17782538818849
-0.0369234251679426 -0.0732793294451773 -0.0531336430348965 0.294812502346822
-0.00441563527174345 -0.110273736548127 -0.214594807189594 0.313149186151234
-0.0151698088714721 -0.135475978106167 -0.318773152028408 0.320675403513215
-0.026456900322222 -0.149541211509418 -0.268931247632311 0.307741163720211
-0.0382195933821169 -0.151505406513103 -0.0997985764852077 0.288788684966596
-0.0582649506601 -0.114973458212203 0.0670558573060971 0.227575879548753
-0.0761378873059765 -0.0694914497108896 0.190298157021275 0.0991120760130598
-0.0788374154627944 -0.000904658399824934 0.172683853483611 -0.0780188320257402
-0.0780842489732458 0.036762768151245 0.0769528338757324 -0.233484426330638
-0.0701478048375711 0.0260879171364206 -0.101950452420946 -0.23951852397629
-0.0415811237627126 0.0211785729449787 -0.282349541698454 -0.153996744478049
-0.02621344754399 0.0339317513630659 -0.505545117336256 0.0277533765126276
-0.0938600691699707 -0.055494115476614 0.154341565483215 -0.136965834310138
-0.110394539422746 -0.101088283850044 0.0751562567723551 -0.0124959713028108
-0.11310007739492 -0.1409083994801 0.0295503496885303 0.202225758673467
-0.063921365731267 -0.148432906271609 -0.0572118613306443 0.304040163875651
-0.00069380976690188 -0.188927770090913 -0.194063096292127 0.28842540912754
0.0149637930945708 -0.219475137605603 -0.293647236616615 0.259980758770664
0.0164548738756761 -0.235864122292409 -0.258944012726823 0.228788158153167
0.000490325409723241 -0.241946812023286 -0.109813823376823 0.212105835701875
-0.0350575874569899 -0.207996940074355 0.0516282195791174 0.162980779105488
-0.0795893598100285 -0.155884441104873 0.170689370151442 0.0573954241935592
-0.11407081236599 -0.0681078721045305 0.153222102492271 -0.096433684530148
-0.136133022811514 -0.0143894862847419 0.0537253282949205 -0.242625683412321
-0.134420661279823 -0.0207448038742717 -0.112638881718083 -0.256664674967376
-0.10928442188325 -0.0162628213673418 -0.276530301848024 -0.171617397368301
-0.0961062201118629 0.00344216286897889 -0.472650194227972 0.0172879524768973
-0.130231485520553 -0.081605136385211 0.212934398712384 -0.104338115551188
-0.145438677886295 -0.114294680843719 0.113780052776798 0.0131974919277599
-0.1541802148029 -0.159304653957482 0.0360556659804145 0.215088123808087
-0.103047237829561 -0.176008889117811 -0.0585090496253898 0.295962614967031
-0.0206768882468801 -0.228057064697248 -0.174154329150113 0.245721092722124
0.0226720910398477 -0.266354643440736 -0.262146321385706 0.177449840715674
0.0490014415812544 -0.284054539717446 -0.232907300061117 0.126783408772757
0.0404891703476812 -0.296657378906112 -0.102489767447532 0.106868590153218
0.00121121912649432 -0.273403987294433 0.0442832994917414 0.0686426977725279
-0.0627527596956638 -0.229126226734043 0.147837256217576 -0.00823072235474964
-0.126543152460762 -0.139675758310232 0.125143362210536 -0.12837078466102
-0.174933247691083 -0.0825477671602297 0.0251967379974256 -0.251723651091351
-0.182120121415929 -0.0842084965144613 -0.116408230368815 -0.270498098228801
-0.166160377652215 -0.0657435648861547 -0.253545612431743 -0.180194341164273
-0.154128825418521 -0.0388187506375066 -0.415954795990037 0.0173605693962136
-0.144704291508139 -0.093516567359158 0.280125133431642 -0.0727849494775548
-0.153890582629297 -0.106406806153211 0.156229199640831 0.0275944474905514
-0.165517308400603 -0.147845631912281 0.0427647770065242 0.212164955002046
-0.121518621223014 -0.170101585263747 -0.070581059138569 0.273101138433725
-0.037330608348556 -0.227788280891444 -0.168358007793085 0.195195928156157
0.0215007203878709 -0.271810235723769 -0.235915675135909 0.0887760085458523
0.0664097880907931 -0.289692906031069 -0.201657692030725 0.0176689987867308
0.0758130354493247 -0.306987111534301 -0.0782197668975979 -0.00937076424987597
0.0472466845000674 -0.297517335357071 0.0523589060187579 -0.0443261213876617
-0.0179151953212175 -0.275305304412991 0.133457956281221 -0.0985357171519324
-0.0982309575663666 -0.210903137931907 0.0988102043228992 -0.176006738062917
-0.170430216173496 -0.165609910200844 -0.00460306704436877 -0.263847431018319
-0.192254622794751 -0.16367969255786 -0.111045690932133 -0.27347617284375
-0.193226885719643 -0.125236762083172 -0.214072979927913 -0.170618236186364
-0.187284757113364 -0.0863915699545681 -0.341216210808376 0.0392545162338392
-0.137069202329082 -0.0973411010470675 0.341864085485451 -0.0490070581448082
-0.140108938818447 -0.0924582423531241 0.192732219527933 0.0348996733549538
-0.145786993712308 -0.130883926702734 0.0448002367372492 0.202918008948525
-0.110365957679684 -0.15239036996456 -0.0897089698657511 0.248957214830784
-0.0349468396421478 -0.20302029003927 -0.173630854804151 0.151834559883099
0.0225776672925157 -0.239863757662075 -0.217242034616006 0.0094075201779758
0.0738125533261976 -0.253987435246461 -0.173077820150616 -0.0832892692488221
0.0988030499471185 -0.271661681974904 -0.0426824055060588 -0.119879797630526
0.0912777465434216 -0.271652684480738 0.0811998952205617 -0.159707672724773
0.0471740049613881 -0.272051893605497 0.145695125092516 -0.199367849761801
-0.0251112345217626 -0.246888794531424 0.0923408445061647 -0.238718148698878
-0.109016587842938 -0.23058873359163 -0.0233746279623507 -0.278769215773802
-0.14627052070395 -0.231510742824818 -0.099990233005971 -0.258209417250574
-0.174749019139113 -0.171220206400612 -0.16606610983678 -0.134320100144488
-0.184848108300646 -0.123372531739086 -0.26544351176834 0.0798275311305157
-0.110617220914949 -0.0966852502585174 0.396632786564787 -0.029565692769329
-0.108935143371034 -0.0797915320419484 0.224643079640871 0.0428443000814428
-0.105442047869704 -0.113447803266782 0.0504099442697895 0.19846835283949
-0.0780727102889089 -0.131594469267184 -0.102444610861397 0.232297743478433
-0.0161238771613818 -0.165197773254117 -0.176439943857008 0.121570941341017
0.0296709588548229 -0.182171902525219 -0.203135752495875 -0.0479123466920673
0.075112249799879 -0.185902614400743 -0.14738633616674 -0.161351775764203
0.10789978135998 -0.196559421182439 -0.00218236213821568 -0.207912269583129
0.118317694601283 -0.196344533863019 0.129014281035906 -0.254374715639025
0.0985328393494898 -0.207650155429802 0.191023369497641 -0.287330062020806
0.0545594143768363 -0.214015506075296 0.120288002674157 -0.298658726441419
-0.0180135011830682 -0.230976590134612 -0.0244516080528172 -0.292517686840718
-0.0606807536548699 -0.239401517085156 -0.0919475520468581 -0.227287110100867
-0.118446234259493 -0.175911768971165 -0.129531149048409 -0.0764562912987896
-0.148345603336608 -0.133745515799429 -0.201784162606056 0.130702322026056
-0.0692066073855605 -0.0929515635032516 0.43541039108195 -0.0131198750186387
-0.0670867219510574 -0.065204160191351 0.2515360825367 0.0566766731838654
-0.0525014182839691 -0.092806629409849 0.063742081126187 0.199295148883048
-0.0324276988087925 -0.104627980865278 -0.104127586641057 0.222257341039219
0.0100431020904557 -0.11582091999201 -0.173950621873975 0.105649950492457
0.0397379051701806 -0.107440751663528 -0.186670489702506 -0.0816299016801557
0.0721959237502674 -0.094142099177141 -0.124281913805324 -0.208055130574861
0.101891878427525 -0.092635406814149 0.0364423254630973 -0.260659944841595
0.114535801066264 -0.0841391356552555 0.18089058272481 -0.308705374850065
0.106848461546797 -0.0958009942417211 0.250508843253931 -0.337066913914089
0.0848769087601461 -0.119591417539566 0.166247079139874 -0.332486082283271
0.0420099191123218 -0.155227711205268 -0.0119826076518963 -0.298840127518811
0.0155192313434681 -0.168536417128301 -0.0918575924825284 -0.198472053319507
-0.0466158189444513 -0.120788802288607 -0.110541339457345 -0.0201397955796971
-0.0848003103988694 -0.112471087757973 -0.161229075634876 0.177677383688878
0.0351402053010359 0.0351848440103639 0.0686114483276954 -0.197445669135161
-0.00194002086341793 0.0284803982722704 0.0353025697258842 -0.0569495601606315
-0.0349335967185233 0.0402097201690197 0.0805059506750298 0.1649904550625
-0.0390700073987306 0.0354467862796278 0.0165812617619122 0.302239459891812
-0.0473520227572007 -0.00702872513052242 -0.162143171417282 0.377871642784137
-0.0716040743392966 -0.0246376701946721 -0.263299689434241 0.426705522866397
-0.0814605858483744 -0.0295962119673476 -0.2056565022251 0.416376640925894
-0.0815251919857096 -0.0301279135308896 -0.023878701832807 0.349819283603913
-0.0760857085831883 0.00379351773909543 0.132020929664403 0.254055755805779
-0.0634460956613115 0.0351334631698982 0.232950381551882 0.0895338263729446
-0.0268225843446699 0.0693787715426675 0.184827922662094 -0.10266621556515
-0.00182031033687176 0.0841257870716064 0.0608070735726531 -0.256127602085955
0.00875917710385965 0.0665516458270694 -0.128082667434978 -0.219289748711716
0.0374901195032758 0.0485569517743743 -0.305219024935839 -0.0962628039907266
0.0544859801842736 0.0469157164270052 -0.523612710887935 0.131676197165524
-0.043451217353195 -0.00662792784070207 0.0885810674427533 -0.194568199179789
-0.0703911747334929 -0.0449501867571207 0.0462524579727187 -0.0507091611458854
-0.0843837474912715 -0.0656444678014267 0.0729672957414685 0.182659921813148
-0.0513508161550369 -0.0731026742548066 0.00298073349443245 0.318836228795557
-0.0255471389961812 -0.116847060508858 -0.166771253384995 0.368238085228271
-0.036762907649464 -0.142025555270574 -0.277863278049357 0.397273603486592
-0.0493112398326975 -0.152769064409585 -0.22965435597795 0.378638121810533
-0.0646590565604008 -0.153181566678367 -0.0557165328251864 0.315524564467598
-0.0798065589570763 -0.110012581297711 0.108223111131238 0.22731978476483
-0.0907968524483557 -0.0583660333740985 0.215233806776837 0.0730587646492835
-0.0813795580176004 0.0117169535098339 0.171269464232618 -0.107541150630865
-0.0746044539537577 0.050450685782552 0.044399522338756 -0.257539150999665
-0.0674637436934495 0.0387100463960379 -0.145630082048679 -0.231972072629232
-0.0379943072705638 0.0286475954130169 -0.318609385943429 -0.111961913164999
-0.0194723762688045 0.0401006829943809 -0.520679300577951 0.111498571331069
-0.109801097051967 -0.0407064684130991 0.141986296822389 -0.175064620405213
-0.131273352359091 -0.0887348211334193 0.0781689219953839 -0.0251738415396878
-0.142478024268451 -0.129818466501021 0.0767656081816836 0.210198117873944
-0.0906965295115035 -0.147293988109849 0.00203797589563975 0.333475338032914
-0.0325618322867567 -0.199131836279981 -0.149648500414522 0.344077800281802
-0.0169665909422269 -0.233040731051834 -0.26273494040393 0.332329028668785
-0.0169091280607046 -0.248835538740768 -0.234840758127795 0.295789911367655
-0.0377512146611507 -0.253825927363385 -0.0786590877776256 0.23905685239483
-0.0705510871745774 -0.209633319403085 0.0803547327341435 0.162082009258867
-0.107814910999242 -0.147244171020824 0.18756095975493 0.0321971462596263
-0.127349258182218 -0.0515770380419501 0.147639719166651 -0.123321609384899
-0.142232915414258 0.00706489197070099 0.0183568969315949 -0.260797398630148
-0.140902294617703 0.00143432257792331 -0.160361157822163 -0.246682439564321
-0.11410730586337 0.00124507786843782 -0.316865047302081 -0.130427120709397
-0.095922879797093 0.0202836882889958 -0.489320882613451 0.0944907014638735
-0.15447552828435 -0.0611111045346424 0.213380433158767 -0.152375779765323
-0.170666210181927 -0.0979870413897372 0.124738327956286 -0.00441620661285027
-0.187841439260533 -0.143511418098019 0.0878576171686012 0.223282886976234
-0.135096854958799 -0.171189514272664 0.00115654284121134 0.327307884568719
-0.0590922007139911 -0.236537615337802 -0.135615225594652 0.298506596971593
-0.0164736048033728 -0.283591200204587 -0.244093178387843 0.244239416597749
0.00972391609611769 -0.304172311733424 -0.22784707318731 0.184852879275346
-0.00426614396665082 -0.315664271534334 -0.088412231177754 0.129273140276739
-0.0434823581409945 -0.282628440991187 0.0566717745003962 0.064351826480951
-0.100962210195845 -0.225507979808979 0.152419170187672 -0.0332625218693371
-0.151303942582153 -0.123214104023555 0.113865918778637 -0.151579982185947
-0.192101327731423 -0.0577464402267854 -0.0130743211318728 -0.265385048839869
-0.201745172961833 -0.0564708042185507 -0.166760104388904 -0.259067757878431
-0.180747960646705 -0.0405336110303168 -0.294597240669812 -0.141319614593517
-0.163429307287571 -0.014223484025047 -0.428743430850557 0.0869520986768175
-0.172903103141735 -0.0711712067704291 0.290251922173563 -0.13227192862446
-0.180221879060003 -0.0880283978651792 0.171653900689312 0.00306139804597227
-0.199231763220636 -0.130460117168629 0.0939213040818393 0.218137873719064
-0.153605175563738 -0.162056553405001 -0.0138195837563107 0.305452521031865
-0.0755539354744213 -0.235820928020813 -0.137086431676013 0.245024636358224
-0.0181340650669163 -0.288128077586363 -0.232011298091544 0.146052657382925
0.0275854968252944 -0.312531777100534 -0.215234127403351 0.0630642349578879
0.0308071134256273 -0.331739702966663 -0.0821150990086557 0.00446807688127037
0.000541931202746738 -0.316375238806297 0.046250064029533 -0.0554471038842008
-0.0612777092599289 -0.280059947746515 0.121701389336996 -0.12495492114807
-0.131835274349324 -0.200156164970566 0.0775795468111814 -0.196273523661395
-0.199995436773375 -0.143160272391772 -0.0466207857750673 -0.271384212124062
-0.225194997612002 -0.136908070395914 -0.162654844745781 -0.261491348265198
-0.217909492697708 -0.0979343069196943 -0.252025970553795 -0.136922384524458
-0.204773573836958 -0.0568721807678452 -0.346541224192046 0.0963404947013248
-0.166776059248789 -0.0744693233380753 0.360463339461803 -0.117162132142551
-0.1637767802 -0.0753958621441878 0.211792738435317 0.00410890859770975
-0.176077844451963 -0.114653604326118 0.0945798078013711 0.208394429453326
-0.140490877501668 -0.145889074337434 -0.0390923043119472 0.283301075453523
-0.0695021604882432 -0.209815888677941 -0.149882563294627 0.197906175349192
-0.0118021143067479 -0.255813214962242 -0.227086259564432 0.0582800853747523
0.0406901165332696 -0.276602179511274 -0.202546500019315 -0.0490963975742852
0.0610489125784904 -0.297540234838997 -0.0636107539395825 -0.115892256955546
0.0519626784436471 -0.29656449780216 0.0584534980605966 -0.180978119831387
0.00640582339441107 -0.286478857107724 0.117521545152139 -0.232607330867665
-0.0625372106409311 -0.248316016392707 0.0597350671566977 -0.261250566836671
-0.146535775354126 -0.220073908544152 -0.0695361407979565 -0.282147672454647
-0.189269947989481 -0.213994920032786 -0.15009366400995 -0.246978133133743
-0.206963793754753 -0.148836801033798 -0.198560701549772 -0.105726377283611
-0.209220000607257 -0.095617141073103 -0.260648921683677 0.126924121156268
-0.139553866606441 -0.0780727739296329 0.421256296197998 -0.106743587879295
-0.129733834905037 -0.0661561840877343 0.246245156564933 0.00751852031352976
-0.130838195807326 -0.103059187667889 0.0972864513324466 0.202390306941573
-0.103252833087194 -0.128440918919464 -0.0562132731154473 0.26795477194873
-0.045014399197231 -0.172349776883041 -0.159579403734275 0.166294448264362
0.00433549340895869 -0.19570024839619 -0.221261818944346 -0.00741410291305687
0.0522115142338155 -0.204728228150358 -0.188944347899187 -0.137530119046709
0.0828346993952612 -0.221387930506941 -0.0363385396025633 -0.213796036762363
0.0929349234457678 -0.221677149999138 0.0928455943848512 -0.286927168075864
0.0709781571367888 -0.226618987891944 0.150397543538248 -0.332264150969045
0.0245740350542673 -0.226490332584738 0.0781256646863761 -0.329011033585756
-0.0531176765793392 -0.232975089595614 -0.0745564701484203 -0.295705888583643
-0.102977042146836 -0.235718153704549 -0.13860304517134 -0.218228761424608
-0.148282583383929 -0.161416006383634 -0.150364238913898 -0.0531287560993193
-0.173385650325643 -0.112458885983571 -0.186261596274828 0.170311900274032
-0.0946584315054692 -0.0799513853659636 0.462916376127947 -0.0957980809861375
-0.0823162246362997 -0.0568948280532276 0.276456497230577 0.0175253075468968
-0.0727453262913992 -0.0888694556205105 0.108303162603891 0.202567942798618
-0.0520153054332531 -0.106351816889138 -0.062199565041498 0.257031871893476
-0.0091850718479129 -0.125724515573353 -0.159581477361818 0.147113595331078
0.0262970546299316 -0.118754743250711 -0.211717496356918 -0.0494437033926152
0.062124219343347 -0.108707974355306 -0.171549785101611 -0.1934311026997
0.0922650386361073 -0.112492468799583 -0.00522563012161328 -0.274800071317129
0.10769667925148 -0.105364141099246 0.138959578374223 -0.353486410874559
0.0962471966921973 -0.113290280058954 0.206150033680821 -0.393365812215048
0.0703581811887229 -0.133937460044595 0.121727631074477 -0.372091718867171
0.0206741987298024 -0.163934239588396 -0.0616634652985243 -0.307728336815066
-0.0135801115592689 -0.175955092426617 -0.13168409744613 -0.188496432567448
-0.0657540278829568 -0.117319446582568 -0.120698752790203 0.00011918442935511
-0.104692703016758 -0.101555986034158 -0.135509062365118 0.212570989769755
0.0387570591463777 0.0309285668383841 0.0463358897616718 -0.205757829885323
0.00167228514556483 0.0280279798561834 0.0268214121875271 -0.058485683824581
-0.0306834498850404 0.0437399783553146 0.0974789317801623 0.159587889094815
-0.0353677401185534 0.0383739180927 0.0442593284181737 0.304120020286212
-0.0489090853631849 -0.00304885857427603 -0.13016263596374 0.395095524684375
-0.0746876278489596 -0.0172894617884482 -0.228047478910866 0.455625306718738
-0.085364621640728 -0.0236352088766348 -0.16976173191637 0.440101039028539
-0.0853747921108017 -0.024753190798214 0.00730286761571964 0.354656918585427
-0.0760942989852894 0.0090772367579422 0.157564655973194 0.245498860600926
-0.0603987836500758 0.0408877626651488 0.245434742128053 0.0694313018368872
-0.0206697180179664 0.0716182709927797 0.178698814490755 -0.11985655860426
0.0074557830512371 0.084600817033284 0.038704747211973 -0.264224497451181
0.0149609741030119 0.0657307433607261 -0.149867910425291 -0.207979051134043
0.0418878728465894 0.0443745497807769 -0.318640511352413 -0.0694887418106135
0.059114752030133 0.0412357341980873 -0.511646727868812 0.182999715020162
-0.0452894933118443 -0.00306947057401981 0.0671704379876484 -0.204522795652023
-0.0747316357610889 -0.0397912659027542 0.0384780938291869 -0.0541840257150505
-0.0896055692312439 -0.0580579476836071 0.0905633315065748 0.177412400360982
-0.0574106862980975 -0.0695402147055249 0.0320978024261908 0.322314715069099
-0.0368476016622162 -0.1159104618706 -0.136140352399851 0.386629676298008
-0.050443135984808 -0.138799545860938 -0.245967427491234 0.42485947664975
-0.0633247685934159 -0.150783708666673 -0.197579359086159 0.402087277852669
-0.0792260235301707 -0.150443475570626 -0.0283481825470572 0.324307648511833
-0.0902288069168187 -0.104738892299115 0.129786140428957 0.219880268904901
-0.0973890444911951 -0.0517525321610813 0.226270129460184 0.0548354115883627
-0.0813062605762303 0.0186774487052142 0.165338224106889 -0.124079074331574
-0.0702678584757205 0.0574783141529347 0.0214346260644759 -0.263848744771098
-0.0655044002698533 0.0446095508496692 -0.168543202146428 -0.219464818727732
-0.035926685215706 0.0322916934380192 -0.332756402629987 -0.0857041544934391
-0.0167983206859471 0.041294072166685 -0.510178629129651 0.162489003148826
-0.115313007711739 -0.0311869596065034 0.122098541682316 -0.191037721426964
-0.140302565483831 -0.0790648828174448 0.0727311079118222 -0.0307406399572932
-0.153476183385822 -0.11803673486678 0.0960278705024351 0.204992066009948
-0.103535132859696 -0.140947715087555 0.032698374615336 0.336630692104848
-0.0512952981540615 -0.19957168214216 -0.121847263001136 0.360208330698363
-0.0379939610677891 -0.233566927960351 -0.237762040698206 0.360453575737456
-0.0387852809527375 -0.250611359007287 -0.210159047940943 0.319816481041865
-0.0605244586741202 -0.253416319124624 -0.0583046413525306 0.247976842305755
-0.089055548439799 -0.207309338931026 0.0960132621133859 0.155604805827454
-0.122146369739382 -0.139675835473311 0.193663015953252 0.0150571314713127
-0.132859664440305 -0.0414102259820728 0.140452486269479 -0.137996258894549
-0.142392222506737 0.0188341576547846 -0.00446513716176807 -0.265815529723762
-0.143224655775459 0.0132840906985695 -0.184686573299962 -0.232915510155134
-0.116443401937893 0.0115976762561424 -0.333163163982437 -0.102410471545838
-0.0961142485404331 0.0291515776810281 -0.479614084982695 0.140995153290161
-0.162638401090942 -0.0475891240604502 0.195133124193644 -0.174033816887257
-0.18112361261188 -0.0841846263155032 0.120535448721779 -0.0149562142963792
-0.201284164666836 -0.128022687541406 0.107865886702092 0.217063328693625
-0.150909281012184 -0.161847632918904 0.0317709430857745 0.330672410254592
-0.081291139063216 -0.235894790509717 -0.11068559728105 0.313528094927911
-0.0408728511368568 -0.285603695826986 -0.225805328730058 0.270059808467392
-0.0173565826875486 -0.309089255098148 -0.212538346263759 0.207605935674499
-0.0318886075552123 -0.319915062572806 -0.0781727160790054 0.13788216910137
-0.068219704611352 -0.283522246562436 0.0627221455947407 0.0582757389569338
-0.122463906614509 -0.219687920754389 0.152005118617681 -0.0483632577306485
-0.162370482337138 -0.113190921885056 0.103075234015152 -0.163135786174684
-0.198410311601106 -0.0418676586985539 -0.0370299329732428 -0.266409226604337
-0.209747159162107 -0.0391951683893495 -0.192857248190054 -0.245075969611764
-0.187642451750903 -0.0250412283723895 -0.310163296726955 -0.116036263213454
-0.166899770909567 0.000369624026211601 -0.419489955397743 0.128341083991742
-0.182446783794254 -0.0558996784313246 0.275035988550467 -0.161498362688405
-0.189997540272049 -0.073424633883358 0.168825529651481 -0.0117278166984732
-0.211796335438989 -0.113943150947041 0.114210451899118 0.212020649402925
-0.1697601727356 -0.151812562844875 0.0136507645979507 0.310107192686902
-0.0983697245317804 -0.233218214166746 -0.117350948635328 0.259056652632904
-0.0437765023297971 -0.290728263452231 -0.222093718720968 0.169255863214423
0.00077097521013514 -0.318651960613253 -0.210181657302373 0.084585021964593
0.00181633622086991 -0.337240115816472 -0.0829774922500346 0.0115093437059939
-0.0260091643970498 -0.320551851622185 0.0412511617287837 -0.0631815052008778
-0.0865590461253397 -0.278678948432987 0.112620493344894 -0.138726203616749
-0.149866978575939 -0.192043676197339 0.0626575292191141 -0.205580771706338
-0.214091145129615 -0.127319203275538 -0.0701279512664809 -0.26858226357762
-0.240685503686072 -0.118397151663671 -0.18780273888886 -0.248218005425268
-0.230391196949613 -0.0784570224146 -0.266326249232807 -0.114310536340676
-0.212964378573623 -0.0392722097221006 -0.336643552283509 0.130297941968696
-0.176776709167033 -0.060308372519268 0.348128446958639 -0.1541494062395
-0.17311984145915 -0.0625544584497616 0.210660589373587 -0.0140092040145168
-0.189071429894112 -0.100996589035299 0.114237976564614 0.202469020273656
-0.154779926599663 -0.135413910043511 -0.0121693843663792 0.291361961907689
-0.0905108165426878 -0.208446024664831 -0.133465700393258 0.213300039509838
-0.0349031351337364 -0.257637150199882 -0.225158549514422 0.0789857685950272
0.0173840697232669 -0.283318869172264 -0.208025157911539 -0.0308249436460959
0.0349222685876918 -0.306046102136478 -0.0744663892974966 -0.111695250928799
0.0266997230960436 -0.304444471678821 0.042423477897497 -0.189955894223684
-0.0189918507903939 -0.29007321536306 0.0983523201551167 -0.246382421934913
-0.0838746366760159 -0.246185869842833 0.0390079769921605 -0.268893910051664
-0.166806613526142 -0.208767929906038 -0.0947407716620887 -0.27772461044686
-0.211643034981291 -0.199354047981501 -0.173982183032766 -0.234533889812063
-0.223124120850939 -0.131663904524891 -0.208679599474246 -0.0877935629165861
-0.220984384773616 -0.0773232396519133 -0.245979941093126 0.154135956085886
-0.149656250756521 -0.0653220618018253 0.410086077135985 -0.147984964822413
-0.13815308669792 -0.0557985727034734 0.247227977309306 -0.0135739329951384
-0.143054835847939 -0.0920233920714812 0.118494847386347 0.196054019585767
-0.117299339130621 -0.12043341846 -0.0305628493394587 0.277938299426897
-0.0630069159070299 -0.172405280399138 -0.145340525100424 0.181792807194432
-0.013074327652695 -0.199237081283623 -0.225833045614331 0.0110908569882289
0.0346704711836457 -0.211493410927739 -0.202501529693767 -0.120276180188312
0.0627371632889622 -0.230942911377458 -0.0556757324499759 -0.21326947337783
0.0741227789358892 -0.232902366380274 0.0676953247233121 -0.300800977538863
0.0516434577568087 -0.236481683065831 0.123915057141197 -0.349652256894379
0.00544928128492296 -0.230638194461711 0.0519050122817607 -0.338574247005668
-0.0740405249404855 -0.229978487178376 -0.10038263279049 -0.291873315677181
-0.12598173528213 -0.229082006924675 -0.159410373942423 -0.207062840354247
-0.165566796808346 -0.150323550092924 -0.155799889375289 -0.038419831466593
-0.187191130468398 -0.0978974813137737 -0.165867584056697 0.19036942993761
-0.104525874732972 -0.071593204019066 0.456554535518558 -0.13878164711365
-0.0893936081166459 -0.0506563167162464 0.27844437184858 -0.00613222876190983
-0.0824106007359692 -0.0834794076764116 0.12965019823096 0.194035492906415
-0.0628788542951894 -0.102799802325112 -0.0366786775779806 0.267236399165721
-0.0221486361411379 -0.125742228093078 -0.147728534445318 0.161592297575143
0.0163662049700665 -0.122027410230197 -0.219108677068494 -0.0317758873582952
0.0539112131231213 -0.115464660523625 -0.190210274777245 -0.177481167962378
0.082273286143676 -0.121590499531216 -0.029356148135411 -0.278095727190756
0.0993639151052269 -0.116536764021623 0.109188819217947 -0.369660344339071
0.0871928827952952 -0.123172770188161 0.174382554337074 -0.415630729001307
0.0595402447601928 -0.141205337785344 0.0910442962210788 -0.387251753965853
0.00461850111900743 -0.167046075254212 -0.0893233183163475 -0.30310257325508
-0.0308454717020136 -0.176376352138346 -0.149884005281543 -0.178750992639207
-0.0777224645064315 -0.112883963556341 -0.120773547185139 0.0128706095329554
-0.116698854106537 -0.0926097055596742 -0.112448445107686 0.227428950209669
0.0394151067255989 0.0255772970433605 0.0244421244568396 -0.199653278471614
0.00411826770771833 0.025260057589 0.0187001936796385 -0.0552354831151499
-0.0244960917869316 0.0442813369954725 0.106409809968853 0.143897194754159
-0.0307985197542203 0.0398192325821119 0.0674963873292423 0.287719738830512
-0.0480678939234865 0.00131282306208799 -0.0949769953296361 0.387536316300173
-0.0734681795969985 -0.00942732631038013 -0.181706982292295 0.455887519476258
-0.0837129131675633 -0.0161776704755625 -0.128537665922646 0.434385484470309
-0.084895293366561 -0.0180171539318499 0.0354099914451228 0.339063161358574
-0.0719349703571215 0.0141377301569089 0.17111236716081 0.223168811490026
-0.054306046658374 0.0440421470752116 0.24258256693793 0.0467887337637467
-0.0140927827584176 0.0690058041025821 0.16389694016462 -0.129122595558574
0.0144253028484309 0.0792987187156988 0.0157873682069892 -0.25738677590931
0.0191777941298336 0.061879139364039 -0.160020979785091 -0.186453947233789
0.0434051030893963 0.03843854632821 -0.311668778118356 -0.0417308608570686
0.0599210749037516 0.0342771878633309 -0.471457304636927 0.21922817130974
-0.0435895073141517 -0.000722126166544836 0.0431068264372342 -0.200946356111552
-0.074340437005826 -0.0331603445280191 0.0294246414318062 -0.0525301921765653
-0.0885048546844212 -0.0483216478688604 0.101254069989346 0.161633742314498
-0.0598324744061686 -0.0622705858994773 0.0578099764919762 0.306057404038733
-0.0454845101418521 -0.108620244821198 -0.100676021376975 0.380025591575815
-0.0589037905320177 -0.128462551013157 -0.202162710494018 0.428331706982467
-0.0726683116401758 -0.139506376100535 -0.156319278024618 0.401243574227776
-0.0893051334096724 -0.13851138366817 -0.000939574850131467 0.312954845671925
-0.0939374637703762 -0.0947681425643855 0.142326460521411 0.199744047183361
-0.0974713809188879 -0.0420003932948209 0.2225629106963 0.034039430274735
-0.0766197385305705 0.0227548285976043 0.151018173947874 -0.131768278478152
-0.0621176146488991 0.0596431784657527 -0.000808722959962463 -0.255050750104894
-0.059270312974092 0.0480818159828656 -0.17946693210007 -0.195431300404259
-0.0334628585242759 0.0337146432056137 -0.327261716982799 -0.0550012544655403
-0.0127023392574467 0.0399510609712711 -0.470529511945413 0.198920326831287
-0.113229787708255 -0.0215775729707544 0.0951249123925592 -0.191524497385557
-0.139693152382797 -0.0655106877529018 0.0628310277791755 -0.0342237799353877
-0.155278426543515 -0.101103054756338 0.107676684155441 0.187749009507109
-0.109180754312836 -0.127257752816613 0.0605141259307142 0.319573635728189
-0.0658429779743284 -0.187768765378331 -0.0880869268226053 0.354241156974913
-0.0553104819932054 -0.220501472145915 -0.199386694907629 0.365494321804588
-0.0562109640135525 -0.237293140735228 -0.174381392349554 0.323110204915377
-0.0784786427474063 -0.239092907341701 -0.0367246355625926 0.243210671197882
-0.101630422566329 -0.193236736946462 0.103790907784347 0.140508054909681
-0.128445702138605 -0.125130072231996 0.18767725335894 -0.0019668587374616
-0.130413010476285 -0.0302291068763353 0.124736199694006 -0.144199420322762
-0.134374124431785 0.0281430051936087 -0.0263817397432232 -0.254389380271419
-0.137299596555001 0.0241930382471193 -0.196638382845036 -0.206729238373041
-0.11211360049422 0.0202961109539548 -0.327799825487382 -0.0719489819673188
-0.0907275457316399 0.0340839995498735 -0.443451371419316 0.175985958368194
-0.161196720286789 -0.0332556172173291 0.166000481022396 -0.181916438634624
-0.180567422165812 -0.0674789292828161 0.110441938961232 -0.0220675630459103
-0.201892965108466 -0.106894762266462 0.120660719538967 0.198922285212711
-0.157232694377638 -0.143923500113444 0.0583900632529502 0.314111657185118
-0.0976577907122618 -0.22106195841027 -0.0825931432692467 0.309051491301488
-0.0609315162098777 -0.270434085074039 -0.196005129081833 0.277361748429877
-0.039775947376671 -0.295453051716444 -0.185990133484385 0.215991106863305
-0.0556871713560824 -0.304927271311341 -0.063837831212472 0.138589559973611
-0.0874379305707153 -0.267289319133736 0.063759996064808 0.0499155157078541
-0.134681014471322 -0.20170820048403 0.142734664648724 -0.0604110922579306
-0.164622464552551 -0.0967605853218264 0.0880168873607548 -0.165725315057093
-0.192448738636465 -0.0252416051379086 -0.0570435878567869 -0.251364135146365
-0.204641828363005 -0.0213111616380966 -0.205145320596053 -0.217949621184625
-0.183063136181 -0.00848079414198847 -0.307392893071632 -0.0853405530564371
-0.161091531499881 0.0134723100919586 -0.387637912296443 0.157345979003406
-0.180350091160308 -0.0386830401188089 0.243546659894015 -0.177382599287292
-0.189600606801815 -0.0568379223932787 0.156977110812913 -0.0227388718346514
-0.211545295275578 -0.0936263690749959 0.125289356569706 0.193900297939256
-0.175180171353947 -0.132936490903752 0.0406818998778612 0.296875918750137
-0.114264482052249 -0.217820294384958 -0.0924699189075987 0.256898241772527
-0.063666917303878 -0.276537769604849 -0.200827285631492 0.180299754431505
-0.0238008404166584 -0.306894484910311 -0.193676200198041 0.0982938817997852
-0.0247688611843388 -0.324989396521894 -0.0790929959656997 0.0184256431461342
-0.0497741803874371 -0.306999109190324 0.0337677592395288 -0.0650285402383625
-0.104701179683077 -0.260299653147685 0.0985535327648999 -0.143781547817455
-0.157927603418252 -0.174261698971083 0.0450147990501826 -0.202987459445161
-0.214253046732724 -0.105613236854494 -0.0882543794515388 -0.250758584749586
-0.241263700753607 -0.0948716187602994 -0.199876929562873 -0.220906358448909
-0.227902675019058 -0.0567913353154433 -0.264039229665205 -0.0872179477863772
-0.208695793630476 -0.020530520822655 -0.306592327043974 0.152887834243424
-0.17624200495204 -0.0422120061174395 0.316108571726881 -0.175763034723563
-0.172011834077742 -0.0469014952448194 0.197905023897703 -0.0283267198564117
-0.189117992684064 -0.0816822435867825 0.125189397956042 0.184613164383118
-0.159925590450788 -0.118091436310347 0.0143450157981585 0.281220288802058
-0.105419163321375 -0.194353449096895 -0.11133775964809 0.214096906762411
-0.0538887479605894 -0.245535808185927 -0.210675125285017 0.0935223926350141
-0.00488524898091309 -0.273730493982943 -0.200170061980095 -0.0113075729938059
0.00959117502513028 -0.296403469799546 -0.0801709621256385 -0.101559462820719
0.00147869859732911 -0.294825395641865 0.0248124842973548 -0.187961117984088
-0.0410104663201104 -0.276506960244391 0.0763387079347222 -0.246371806078431
-0.0987211435112928 -0.230487218881993 0.0185321923784339 -0.261696251296149
-0.175206450933665 -0.187030511156714 -0.112081758056193 -0.257598072300227
-0.219005288335449 -0.173834344909979 -0.185324994988935 -0.210299718817218
-0.225337795963521 -0.107901325661455 -0.205862985244494 -0.0657777275808295
-0.219166642572264 -0.0553017128600055 -0.218287745158823 0.166915156499444
-0.150174165419932 -0.0485504321530795 0.376274347604478 -0.177318645179567
-0.137937485462054 -0.0426127654641695 0.232882678854265 -0.0309590342072414
-0.145271617331813 -0.0771733320219877 0.129458400552228 0.17885835325289
-0.123398683023113 -0.105962614533118 -0.00362206068044313 0.269452773863084
-0.0766571827882313 -0.160921884720815 -0.124502198708521 0.184462634277476
-0.0280514576836839 -0.19076790061152 -0.216723305529935 0.0286308654854495
0.0180008836779313 -0.206002743176255 -0.200976680063619 -0.0981641524801646
0.0419079163849929 -0.226218088163388 -0.0701628049978433 -0.199947631786815
0.0527842340328705 -0.229580904537627 0.040977705286086 -0.29512668781524
0.0304595700347757 -0.229813108677818 0.0916499997367157 -0.347220547830438
-0.0122111513987374 -0.222069372901551 0.0252216339920143 -0.329906655641272
-0.0879431931482571 -0.214153881176592 -0.118251068907782 -0.2702865202378
-0.13979385022708 -0.209317307237021 -0.169444403545835 -0.184238422428872
-0.171719765590843 -0.131074543811606 -0.1516207803111 -0.0229493752650437
-0.187461704428446 -0.0777662259643165 -0.139185723132948 0.196062026839777
-0.107566930264765 -0.0588957043665866 0.420374470952266 -0.173801361001591
-0.0910644251327141 -0.0415832370725882 0.264352062795721 -0.027925845881875
-0.0863670597346212 -0.0735086444091821 0.14090875907276 0.175822184857182
-0.0694761469120272 -0.0935276044654705 -0.0111014465462765 0.260357476761369
-0.0330135270387401 -0.119879971444366 -0.127903058435966 0.166089027286972
0.00583214908852731 -0.119115508522171 -0.21442995522947 -0.0142032647704231
0.0432743509314685 -0.114421367165276 -0.194677825628674 -0.153644911484472
0.0689410319229635 -0.123332480800573 -0.0493798282520354 -0.264995196188843
0.0854628819168529 -0.120854465253556 0.0747315768080247 -0.363904285967427
0.0740148017352577 -0.125166683474105 0.135393142632377 -0.413668491223801
0.0460108216980117 -0.139715934691398 0.0579930685265439 -0.377429031187797
-0.00801867345829094 -0.160013252410921 -0.108077464406588 -0.282041458246406
-0.044375835964851 -0.166651976304927 -0.158537505654779 -0.158511589869761
-0.0837185110021359 -0.102877031845426 -0.113375039508904 0.0232167844076918
-0.120937574213068 -0.0787601462816084 -0.0847440888836899 0.226621348869893
0.0367835279270232 0.0211225173955334 0.0118894520131746 -0.185523271181802
0.00493359723595273 0.0222989850116887 0.0146437511574738 -0.0493046472752398
-0.020467952817793 0.0418767882367282 0.105776803315591 0.130056406417012
-0.026253191918731 0.0374758678486081 0.0747914164100449 0.26539522221384
-0.0459331147223239 0.00323032543436895 -0.0752697218494909 0.365280141901773
-0.0691267887997717 -0.00511113259213988 -0.152753791466319 0.432637864650547
-0.0785953764037139 -0.0125192588868587 -0.102840306877158 0.409380776824125
-0.0804049732032277 -0.0143964097212198 0.045235507983857 0.316140099689004
-0.0668518660718394 0.0146445038598831 0.169356138763091 0.202181612475382
-0.0492783811729439 0.0427940345287745 0.230161844950843 0.0341463929923885
-0.0112487791448287 0.0648384945609878 0.149612499574611 -0.127364319185485
0.0171043106054588 0.0722993286596823 0.00523901259649688 -0.240346252115128
0.0204817523795588 0.0577969940884939 -0.155224539347627 -0.166617385678795
0.0420070645352071 0.0342717768718092 -0.293966499496315 -0.0267650155012363
0.0568795141747951 0.028679073856087 -0.426208958781004 0.222422605677795
-0.04158772337184 -0.000233512263011375 0.027843947810891 -0.187555182962785
-0.0706849572132607 -0.0290294443359084 0.0232083893234356 -0.0482074913216247
-0.0834383581436244 -0.0419734537028333 0.100981711068555 0.146076812315483
-0.0577777426459005 -0.0562211215580219 0.0657840456857385 0.28215438695993
-0.0474151200105395 -0.0994189780833512 -0.0814391926013261 0.358156828915849
-0.059728313713935 -0.117033012271353 -0.174137784739342 0.408298395815608
-0.0726370625789599 -0.128040104792888 -0.131863663480889 0.379664264400176
-0.0885556879470137 -0.127133023863538 0.00964595914126248 0.292168505568631
-0.0913778328449325 -0.0867002572190031 0.14006132349669 0.180854629855348
-0.0928480745929777 -0.0357785665169966 0.210307143473877 0.022002643968106
-0.0704647144230689 0.0234005139562977 0.137315866128015 -0.129767911659897
-0.0551626039923339 0.0565291019512217 -0.0110381234698309 -0.238288100129293
-0.0543482598557764 0.0467397480866552 -0.174507074159273 -0.174516257459717
-0.0300386176671879 0.0325198938629103 -0.308893278641052 -0.0383984011979922
-0.0119252292297492 0.0371485078652732 -0.427986099511067 0.204948882905063
-0.107551371851954 -0.0167861821156402 0.0764222851799284 -0.181045723681836
-0.133950092065973 -0.0560741482525297 0.0553332041489784 -0.0321118441270768
-0.14766802148785 -0.0885512351387479 0.107398685255981 0.171340996637888
-0.105973354049409 -0.115268790578173 0.0690278702870541 0.295715828871406
-0.068824508680138 -0.173241052148268 -0.0715067289523124 0.3334407053831
-0.0590417330605024 -0.204029465275309 -0.174736462313995 0.350087973506065
-0.0613149361812142 -0.220222712061247 -0.150893626953355 0.308223007730643
-0.0824598523231651 -0.221594084189965 -0.0254129228724495 0.227692169555744
-0.101944163174797 -0.177914548446741 0.101924721720021 0.126586220050159
-0.124310007245717 -0.113037043322836 0.176131973546386 -0.0101851500909964
-0.12340850258894 -0.0249534807854872 0.112931412716386 -0.140554422880867
-0.123968999487081 0.0301031708409698 -0.0337648716271729 -0.236346750813057
-0.12778709993505 0.0279025362302629 -0.190820964373642 -0.184943290339991
-0.105276228018307 0.0231902738247731 -0.30979308154832 -0.053118177958415
-0.0843783133790172 0.0347013023503045 -0.40361191336757 0.181131071020512
-0.152444494670736 -0.0249726391239997 0.143052508509568 -0.174794204246569
-0.171712872603899 -0.0567110948016614 0.0988406401463731 -0.0228845299060373
-0.191852745643852 -0.0931646415397945 0.118907474394169 0.18104330109471
-0.151373993303728 -0.129828581150855 0.0677194929162779 0.291364273422018
-0.100106630383651 -0.204742455434969 -0.0662909762663007 0.290754393537211
-0.0663321683799264 -0.251878879892623 -0.174864894621475 0.266913039557954
-0.0474980019787824 -0.274317909586891 -0.164636325926944 0.208074519643176
-0.0630417775238148 -0.282404333445453 -0.0554249112212824 0.132440202524008
-0.0910762525577566 -0.248502335672434 0.0601406132609714 0.0427827470652564
-0.133783993694517 -0.184451239207984 0.131497481626052 -0.0633526902193543
-0.156874334077399 -0.0865467640196602 0.0768001541868968 -0.158902807146191
-0.180305319271345 -0.0181051737540326 -0.0628086132347522 -0.232585289836985
-0.193337790361046 -0.0123233913597307 -0.199700606024 -0.194081305659434
-0.172934824574465 -0.000892315945762839 -0.289919672493361 -0.0672484533580376
-0.151995743748301 0.0187130071852507 -0.351244241517638 0.162386046585924
-0.171543007659366 -0.0291817369356456 0.214723163229325 -0.173515474371434
-0.179781164935294 -0.0463762781185195 0.142590720155024 -0.0255298648721621
-0.201197338650329 -0.079821264119456 0.124224882956401 0.176364399740234
-0.167771120202301 -0.119026549672937 0.0509580616307587 0.275685818296137
-0.115964059205828 -0.200603944178193 -0.0778617250107735 0.24304733592288
-0.0693051578322005 -0.257219807717282 -0.183135381817066 0.175562172303358
-0.0314877464572536 -0.286678159863941 -0.176175146689914 0.0985440512735483
-0.034708326839167 -0.302239588455254 -0.0731422071124944 0.0203562044800889
-0.0578220020459292 -0.285634368476421 0.0274829053734755 -0.0634161304919404
-0.107835211775449 -0.240391262511779 0.0868707977489829 -0.139929291978709
-0.153984606652074 -0.15847125461841 0.0360672614710141 -0.19215995628558
-0.202749153076248 -0.0920394100843125 -0.091563698674486 -0.230858092778101
-0.229282701382007 -0.0799771042291292 -0.195624916575059 -0.197903188835098
-0.216598975695362 -0.0441716239178256 -0.249655630762907 -0.0699503557423015
-0.196873128531273 -0.0116233061582545 -0.276673927443204 0.154582190179375
-0.16695238422484 -0.0327559352131832 0.2809456540851 -0.175593195801006
-0.16405497678153 -0.0375651248798365 0.180341280053213 -0.0322146416501362
-0.180089519676675 -0.0691756881948761 0.12409217968447 0.167925747216436
-0.154435443712814 -0.10518842556821 0.0262770874757452 0.262502282534688
-0.107640817106213 -0.178532400913748 -0.0955212279352342 0.20302751720324
-0.0586105991291061 -0.229229491595039 -0.195748524822886 0.0948208771663942
-0.0135672455781087 -0.255992531238756 -0.185079742461525 -0.00335725635368257
-0.00171342712801458 -0.277461873234797 -0.0787530251633437 -0.0915839228666113
-0.00927061311743252 -0.275604792847764 0.014837443179073 -0.177518086361445
-0.0483654658784038 -0.257159366927084 0.0629057384303187 -0.234922565215134
-0.100101717395163 -0.212204314157569 0.00852340199733572 -0.246315285027658
-0.169250065790044 -0.168673850137554 -0.114011175031003 -0.235117091164272
-0.211448690896095 -0.154810166316811 -0.181309532583441 -0.188040600723292
-0.215304087358019 -0.0922664481910445 -0.194344433431066 -0.0528800464979286
-0.208493616527802 -0.0431171064096514 -0.192761202970703 0.164273326906999
-0.143504234801315 -0.0394203954095301 0.340199854710989 -0.179182603276457
-0.131522589977901 -0.0343846968201052 0.214368960349219 -0.0368210774225325
-0.139350465823387 -0.0660535085388622 0.128815428806914 0.161321458291434
-0.119744223064596 -0.0956342859218405 0.00873692685363024 0.253188534202626
-0.0793683509200049 -0.147306812900159 -0.109232109510052 0.175682929202518
-0.0336806842983856 -0.17843465475254 -0.20410233142404 0.033937644560309
0.0104122894554672 -0.19402077464824 -0.189850132622075 -0.0835383933162639
0.0311127617267352 -0.213263172790147 -0.072690160882655 -0.185212295022073
0.0410991283564756 -0.216275509505168 0.0266439047900875 -0.278432389505579
0.0205157087693323 -0.21612974570212 0.0736377321771295 -0.328611964293118
-0.0195023742661684 -0.207014383499803 0.0126876872029923 -0.30884741858197
-0.0901122534452717 -0.196066059315541 -0.119769475724559 -0.246833329216962
-0.138973158649438 -0.189543481170557 -0.165026493380653 -0.164986344940592
-0.165163189878175 -0.115572108637635 -0.14174721467238 -0.0147385066710728
-0.179331559272229 -0.065020006290847 -0.118650425976676 0.186553399779258
-0.103541828689799 -0.0498129492368919 0.382374087128986 -0.177737642491814
-0.087970383158257 -0.0351192231447568 0.245408240653708 -0.035194254980174
-0.0844162293020852 -0.0656064198317137 0.138591247023229 0.157364607744782
-0.068609505291659 -0.0845798812924987 0.0024012497413469 0.243518164787745
-0.0378783399329765 -0.11053622922806 -0.11381409257028 0.158652429140069
0.0014186522477901 -0.112562596479515 -0.202461104156954 -0.00596529613591985
0.0377383664866615 -0.109043347222356 -0.185333126401289 -0.135653279990619
0.0596126387504024 -0.116911788649324 -0.0551140349694089 -0.245748498466431
0.0757965078297225 -0.115777500286447 0.0570712401249451 -0.343321942260034
0.0646027164906151 -0.11955495334915 0.110424278171405 -0.394315096586237
0.0383365600443525 -0.132634633477138 0.0421000637045578 -0.356218896307243
-0.0137625262886288 -0.148648049208533 -0.110078506031626 -0.25828862684781
-0.0482225349028911 -0.153365956300382 -0.152948794251149 -0.141208380814926
-0.0823790287768507 -0.0930793707293815 -0.103566648784977 0.0268122678320522
-0.117024789150184 -0.0684717748628324 -0.0667429712205364 0.213952188161587
0.0332144485947216 0.0196015464771854 0.00988812279328321 -0.17320115827596
0.00337157554078776 0.0201391137131775 0.0137625574381352 -0.044749469421229
-0.0184216706601705 0.0392016158281184 0.100105900568775 0.122564585751959
-0.024862359372626 0.0351230287962569 0.0703661931344224 0.25068560727426
-0.0438231527996206 0.00364543763644082 -0.0754782701873682 0.345469773041836
-0.0655304601864741 -0.00381627816542024 -0.14631931880021 0.410032059543361
-0.0744643574624382 -0.0122267190244384 -0.1008934941968 0.387948931480765
-0.0778441377914117 -0.0148353095812889 0.0412540368674818 0.299250584324885
-0.0637274515294374 0.0122775461200555 0.160043303377114 0.192576741326675
-0.0464767322243184 0.0400373249706527 0.219438260737206 0.0333489165316247
-0.011262245536521 0.0607443716736437 0.143651965199972 -0.120359347771214
0.0161242249749968 0.0667420930246277 0.00529151963196779 -0.228749144821079
0.0195914217100905 0.0546570990003776 -0.146223645561436 -0.158196044441263
0.0390844053105737 0.0324086677387038 -0.280605915158941 -0.0253544645378275
0.0532508764073362 0.0256859645262438 -0.400281415047664 0.210209429445745
-0.0403258135646145 -0.000915523681587145 0.0239562040630818 -0.174472448542081
-0.0669748512794734 -0.0287840527599359 0.021607508303658 -0.0439058700945947
-0.0780620302030502 -0.0411643552097302 0.0954905318777227 0.138068096142196
-0.0540102041882527 -0.0541113254427086 0.0623398640970533 0.266440479123375
-0.0448899853238816 -0.0939648013426573 -0.080055441747941 0.338181256800716
-0.0558560315714365 -0.11003187144585 -0.167007398716095 0.386427652212289
-0.0681157362006193 -0.12205548280202 -0.126632702378454 0.358380239452904
-0.0841541472657414 -0.121301453743727 0.00763055964655366 0.277330624167965
-0.0869320694547908 -0.0840182960531517 0.131647817817153 0.172441189437418
-0.0876666627642057 -0.0346304545934282 0.200632417035723 0.0212925029795367
-0.0678140688733285 0.020750880456228 0.131875393459224 -0.123779178039322
-0.0522195689013995 0.0521812541545315 -0.00890532441443722 -0.22681791412606
-0.0522695359055163 0.0446030307680915 -0.164077206720848 -0.165410904194149
-0.0297136265454144 0.0305500702757711 -0.294486155038485 -0.0369767767540044
-0.0123610689374251 0.0342662536684768 -0.401078362396611 0.191818350450787
-0.103293419440988 -0.0166351431908393 0.0688233400834296 -0.168380099328035
-0.127252696708345 -0.0554482011293185 0.0504232848349134 -0.029069582222701
-0.138030046978608 -0.0854263060451721 0.100908704845141 0.161505293170981
-0.0989084869875213 -0.110500653428384 0.0651481393743692 0.279986292193434
-0.0651514012077632 -0.164948852136581 -0.0706547806656564 0.315491069776119
-0.0541989039770308 -0.19316155331597 -0.16764009725015 0.331726361494682
-0.0561179733122429 -0.209863681849373 -0.144444243036239 0.290753964242195
-0.0775110431224804 -0.210787265971943 -0.0256502314364685 0.216294878717396
-0.0952554004847894 -0.171283205438665 0.0950288120603031 0.120593531451795
-0.117922747256156 -0.108760214425768 0.168268289310228 -0.0111300779814988
-0.117702373367901 -0.025885251866507 0.108473614849359 -0.132918736935922
-0.117027757001462 0.0268187418487909 -0.0309915866656781 -0.224158809015558
-0.122733110668688 0.0253379303058367 -0.180248237310847 -0.17529277573811
-0.100772620756266 0.0223017526816788 -0.294283700521838 -0.0513199468864875
-0.0821698172443658 0.0321801616023738 -0.378872390647202 0.172016198417821
-0.145212844430833 -0.0248623920182798 0.130718538041556 -0.16336706534832
-0.16361194276016 -0.0557095486099936 0.0906713801084195 -0.0193741142933597
-0.180087383076418 -0.0908003984319493 0.111013208987898 0.17182470912854
-0.142599443369154 -0.124780962807022 0.0648915986948521 0.27503183955191
-0.0953139616616872 -0.194800374741565 -0.065521961271231 0.274918601724439
-0.0609506244397679 -0.240256281580735 -0.168665935219797 0.252641457511704
-0.0432044217050653 -0.262474647313346 -0.156838270409421 0.197530432003503
-0.0584975686403409 -0.269151707114913 -0.0533266732457404 0.125462021017265
-0.0841615978480012 -0.237749882393003 0.0553331405157673 0.0403764550740004
-0.125188722185007 -0.176386500721302 0.126058412942846 -0.0611434349378633
-0.148887580160938 -0.0847688751423658 0.0745999522275652 -0.151278112005331
-0.170330072635319 -0.0187127375580775 -0.0585265185091647 -0.220667821840422
-0.184724653748779 -0.0129793139258979 -0.188214598670829 -0.184814383554333
-0.16494906954548 -0.00150643489214132 -0.275022827162932 -0.0639697506630547
-0.145700129754062 0.0166114751134987 -0.329071250125021 0.152656357329243
-0.163688151961264 -0.0284737069821334 0.197798201575632 -0.160912743859362
-0.171199543979512 -0.0454457874917228 0.132712169022587 -0.021121588487649
-0.190191003839633 -0.0774242812868139 0.115976032743043 0.168151238244502
-0.159229495965816 -0.114561312107391 0.0487322746698192 0.261417639044512
-0.110359866647341 -0.192389865041368 -0.0752202221726418 0.229237165170723
-0.064690219843484 -0.24536409339228 -0.176315322818867 0.166582966306917
-0.027520024669356 -0.273271899683694 -0.166316639773521 0.0922781703065728
-0.0317517845296446 -0.288123914663623 -0.0694900428895197 0.0184499355839447
-0.0520754514113891 -0.272705595359466 0.0255658780902153 -0.0608946369762467
-0.100669645156361 -0.229031588258995 0.0835591181617618 -0.134543752046787
-0.145412184716586 -0.152536781725261 0.0370266761348547 -0.183208599124892
-0.191142631958222 -0.089370424882653 -0.0860808137146016 -0.218231783349803
-0.218412796214936 -0.0774237125002125 -0.184438693449569 -0.187115056433501
-0.206868711451164 -0.0434164940734961 -0.235809544611978 -0.0669556510857438
-0.188778589592539 -0.0111407650197357 -0.259160002527411 0.145016400268471
-0.159180439068302 -0.0313223049200573 0.262207294968927 -0.16341034886898
-0.157077893684261 -0.0369670433376768 0.169299913936214 -0.027214679852411
-0.171085401710356 -0.0670539555850862 0.117111138495943 0.159066537093678
-0.147199702322679 -0.1009582090627 0.0262172788891388 0.248024757012396
-0.103384529925655 -0.170850872796405 -0.0918746543051283 0.191782392809124
-0.0543272437311613 -0.219310353305635 -0.188354218555084 0.0901671481367606
-0.0099315907124484 -0.244249954117026 -0.174388274319325 -0.00347229958067811
0.000305402150576532 -0.264232125205235 -0.073887348685402 -0.0880258683294952
-0.00650665845896527 -0.263610091144646 0.0137046182610975 -0.169427538045688
-0.0434313326621338 -0.244811108971139 0.0617579964555236 -0.224491602431903
-0.0937169245589803 -0.202537538812889 0.0109509937494559 -0.234830821078319
-0.159060364129726 -0.160829255220007 -0.105828456770475 -0.223035794305993
-0.200324726639895 -0.147357409841805 -0.1712096020727 -0.177161106783294
-0.205297129543948 -0.0887932629202766 -0.182549622120409 -0.0494428226241129
-0.199045526475182 -0.0418023934254465 -0.179713891194755 0.154060572562817
-0.136364826816403 -0.0374559995859136 0.317638354911061 -0.167233202473216
-0.125829427245704 -0.0331732520991802 0.201150850863784 -0.0323857057674041
-0.133387156758219 -0.0630200438734125 0.121626704332528 0.153141989543367
-0.114353143650862 -0.0908347308909394 0.0100311453469511 0.239477026359035
-0.0762752632925544 -0.141412461136369 -0.104892244065268 0.165539421295414
-0.031751107010531 -0.170481374080821 -0.195463381071004 0.0315399230919335
0.0119126850489062 -0.184815270638285 -0.17813640274077 -0.0803944135296693
0.0301225201401797 -0.201674797858151 -0.0670723101494576 -0.175639648838049
0.0409879182994968 -0.206290119250531 0.0253494745034637 -0.264482883390909
0.0208047334183721 -0.205025113557753 0.0720096129153881 -0.313091543120723
-0.0170368589961308 -0.197144402424997 0.0151000957293792 -0.294297981951162
-0.0835865926599917 -0.186210202459499 -0.111516402323075 -0.233217976515675
-0.131977488921784 -0.181082494078698 -0.155923308506995 -0.155248807416872
-0.156928545569343 -0.111159563511044 -0.132797453380904 -0.0136414659017953
-0.171317735163431 -0.0614266203015599 -0.109628230530462 0.176043363973478
-0.0986949139521406 -0.047007100012514 0.359164153707349 -0.168307827007799
-0.0841707451806963 -0.0328815674074372 0.231815012102225 -0.0314808372617866
-0.0809138512682687 -0.0622471975512028 0.132993021149397 0.149613717090216
-0.0662932145845429 -0.0799970431650932 0.00454288030314001 0.230987507391503
-0.0366832525390072 -0.104906432965767 -0.107718885478331 0.148318118614299
0.00174202647788938 -0.106264088273689 -0.194466779620799 -0.00725990877404481
0.0370493847666595 -0.103696608495683 -0.174404397367834 -0.128607907194608
0.0564867073497462 -0.11095556572171 -0.0510829295405873 -0.233823523477253
0.0718395231481147 -0.110204503476253 0.0554568811625127 -0.326621522517017
0.0624571127592984 -0.113318297177868 0.107840484936612 -0.373759512293489
0.0363647799882369 -0.125813987490771 0.0431460498216222 -0.338202758129936
-0.0120446990422862 -0.140495952059455 -0.102398655674612 -0.244329734532626
-0.046057865043879 -0.145323710265262 -0.144376349498857 -0.134223238463647
-0.0786226524782436 -0.0889294422445526 -0.097575965457751 0.0258212887036533
-0.112357693168664 -0.0640008860464929 -0.0613145242311793 0.201328185946189
0.0296938646459864 0.023282105556251 0.029867644318632 -0.16503991251337
0.000118920006294023 0.0195615767587245 0.0189542085946656 -0.0402115261200317
-0.0239621417108978 0.0336633283871099 0.0795764993765287 0.130939408553613
-0.0305954733573346 0.0290990250477789 0.0334883651325058 0.248146817527628
-0.0448801870885195 -0.0032509582928658 -0.122692472113528 0.321810688166796
-0.060196800110719 -0.0146636469157982 -0.203085230428251 0.376764969157144
-0.0692162408861371 -0.0235786662728751 -0.15320901592087 0.364116984409742
-0.0728913924819064 -0.0263144740254458 -0.00989509985686778 0.295222839138388
-0.0603693538502549 0.00118378467545489 0.124481815842626 0.213877439930273
-0.049390294326817 0.029525911131244 0.209673203603586 0.0692556910129412
-0.021278229542946 0.053258816246015 0.161516190100333 -0.0931614880868946
0.000794751623471517 0.0648821495675432 0.043218852621708 -0.225279494291661
0.00603096103916231 0.0565141602877393 -0.114395542388545 -0.178501020727333
0.0306305233107961 0.0407767368833854 -0.269834241300246 -0.0728808393968002
0.047422774304621 0.0389409782611265 -0.425704198310349 0.13667363004228
-0.0392692620694439 -0.00653800256525249 0.0467414237196495 -0.167876951835702
-0.0609137866727356 -0.0387608613294196 0.0296772288614631 -0.0398344574693489
-0.0682774263742779 -0.052562375612522 0.0776186100462312 0.145456680449119
-0.04333724090011 -0.061558528200324 0.0282893304030463 0.265570653175329
-0.028781515438552 -0.0968058966270861 -0.125872401939676 0.318297659258205
-0.0332512570466046 -0.115459020373397 -0.218285703187586 0.355093883617141
-0.0443878179541883 -0.129808288216005 -0.174929776118345 0.334558310224729
-0.0608801118189282 -0.13035570070502 -0.0384689229316718 0.269261008408085
-0.0664605635108679 -0.0957810732166742 0.0990305970778663 0.190192454990043
-0.0770590948078354 -0.0495722082203402 0.191875197800464 0.0541726045886701
-0.0684118839295544 0.00528119667772269 0.149957727285165 -0.0967779939679466
-0.0624585437509229 0.039304821378495 0.0291641114962154 -0.223663669218527
-0.0622126977093114 0.0356128436675971 -0.130491524812056 -0.186841521724238
-0.0362294264356859 0.028627190896943 -0.279803762275656 -0.0838903893494794
-0.0173562868893265 0.0360256588855675 -0.424202028161156 0.118831320537495
-0.0981536869957659 -0.0305569257784921 0.0919134339738705 -0.159053465712227
-0.114852197340142 -0.0729807210427865 0.0581065368089442 -0.0226696047492744
-0.119544743766211 -0.105247500924098 0.0833502497661536 0.167651561258927
-0.077234079326127 -0.124282272658454 0.0322448906729904 0.280067069237793
-0.0358399758867942 -0.168723139753039 -0.109996576074412 0.300168185976852
-0.0180382246630279 -0.19584400859214 -0.209281045756056 0.304271089749828
-0.0190082511932376 -0.213068472165306 -0.182627165542308 0.267748944435764
-0.0398264695718268 -0.216567192567084 -0.0600322947514344 0.204411687956564
-0.0614752990078095 -0.180467052250628 0.0704816782454291 0.13299810479449
-0.0940238029496272 -0.125291278333334 0.163537950832297 0.0183099494453893
-0.108650108234678 -0.0473690522547633 0.129762642281857 -0.109520335460729
-0.1213370418946 0.00372942974926229 0.00908738548384985 -0.223776055273475
-0.12768521291784 0.00588670743937642 -0.144352837151782 -0.197221559398991
-0.103744231621956 0.00774625295368678 -0.276843897551156 -0.0957747956553518
-0.0852997213863176 0.0222116814843162 -0.397175427145424 0.102863840275637
-0.138976659208579 -0.0438846554764531 0.153384410786086 -0.147194037210439
-0.14994202125291 -0.0797462850959413 0.0974197496333182 -0.00898783831148928
-0.160679256138507 -0.1167423505873 0.0940666662088716 0.177899303444804
-0.116028378699786 -0.144971832695519 0.0336408448562728 0.275589640143716
-0.0586810193306685 -0.20290632106833 -0.0976856997678344 0.262260889353629
-0.0173515807489066 -0.241869574409887 -0.196647831567794 0.229209812876085
0.00271770848214042 -0.262933729228647 -0.181357394268035 0.175651862903288
-0.0112813125731855 -0.270840226341769 -0.0715173255470704 0.112106879343607
-0.0406273637407154 -0.24300831368328 0.0446980249288573 0.0479908294687511
-0.0912018426076716 -0.191963609196451 0.128449204990372 -0.0380426892489718
-0.128751569558177 -0.109266545779439 0.0991496064163527 -0.132837303367882
-0.163504799047118 -0.0492023198031692 -0.0171276429906235 -0.222762438150101
-0.180642304137964 -0.0415569352179178 -0.150778317230682 -0.2053133776384
-0.161862298107918 -0.0253937940778283 -0.254863722478775 -0.103528953393956
-0.143559447475008 -0.00490607990103502 -0.344154301001256 0.0941389558210582
-0.156932406647618 -0.0504032041651428 0.220647258092377 -0.136458093630999
-0.159830362508709 -0.0707272124325968 0.137943998283144 -0.00548902413670618
-0.171762162865173 -0.105648561396961 0.0993509841705766 0.1735485322213
-0.133999313078544 -0.13876133110574 0.0210839754939734 0.259634117959989
-0.0736058898755711 -0.203442682963701 -0.0993154271938436 0.216945492845528
-0.0191991916546786 -0.249155897206358 -0.19139038522395 0.143809467574261
0.0193877491794617 -0.271890070207266 -0.176295098489687 0.0720042093813963
0.0181110154160835 -0.284074403554382 -0.0690143485203593 0.00533838868787631
-0.00524465734972752 -0.271702783220796 0.0308718021976785 -0.0564062491774891
-0.0595250142817209 -0.238273196745419 0.0983390559616154 -0.116834502739173
-0.1135425203172 -0.172811438207803 0.0651669614164533 -0.169777375804174
-0.171737505942831 -0.119805625759159 -0.0450573450038776 -0.223260846530774
-0.202886450293427 -0.108956985376171 -0.147936199696069 -0.206510467240745
-0.193956925434006 -0.073208641859348 -0.216283804065485 -0.096869998964277
-0.180064339229496 -0.0391251212723842 -0.274076062642391 0.0992151122068483
-0.152330277825314 -0.0515188975500817 0.283185897936402 -0.129905029347493
-0.147225617127021 -0.0601126358339676 0.173165114393008 -0.00561769559201225
-0.155997952041451 -0.0928859823546476 0.100316111944597 0.167011866488064
-0.124963863505193 -0.123523380082225 0.000983039019051829 0.244329265788746
-0.070873870918221 -0.182488973792275 -0.110506335663621 0.176983133750471
-0.015560241591819 -0.221014488083685 -0.192648819221393 0.0656603362499153
0.0318372240685837 -0.240643374481709 -0.170368169121033 -0.0238243628421923
0.0444386668431555 -0.256879023366427 -0.0564401041660501 -0.0974712680787702
0.0372298159135629 -0.255175012729241 0.038088873510791 -0.164347189201467
-0.00266310319748171 -0.243777670170097 0.0925245164073376 -0.209846531561233
-0.05745603186126 -0.212279647705151 0.0488906611864789 -0.224233375365976
-0.128071643751072 -0.182732123438945 -0.0655722120489385 -0.230664445430041
-0.173664746273269 -0.173322462256018 -0.13790197457541 -0.195120923346105
-0.184414861181094 -0.117949478612793 -0.16819121400317 -0.0708138394594183
-0.184744989963191 -0.0705678233721184 -0.198804460744974 0.121996750469531
-0.129631452797386 -0.0543615821597316 0.336900203042824 -0.125722859811104
-0.118122039208506 -0.0508855962564083 0.205968561447432 -0.00577918013921235
-0.120300633976717 -0.0826632786467191 0.104835395575303 0.163315581152948
-0.09516578573249 -0.106688972078539 -0.0139389326554173 0.233601467521025
-0.0509768946766467 -0.148845145709143 -0.119663182352534 0.149823171889921
-0.00100185483498993 -0.170482148012799 -0.192835423994815 0.00624177768540352
0.0424935586351991 -0.179192591430226 -0.162973045783554 -0.0995817982815979
0.0624463833665829 -0.191500939163905 -0.0351360111091769 -0.18226882130333
0.0712453710956541 -0.193667614652036 0.0667610065367829 -0.254588134956238
0.0522231349442642 -0.195943665132998 0.11747461592654 -0.29416447008845
0.013973991315318 -0.193495464466485 0.0625216797007476 -0.282933915835503
-0.0514844986909668 -0.19336230573601 -0.0705919181328046 -0.242358830840711
-0.101691313157202 -0.193446897972469 -0.127050373503615 -0.173039670764999
-0.133986653777934 -0.13163743897953 -0.126718984263906 -0.028725673587937
-0.155022075962941 -0.0862275641021008 -0.13405867979919 0.155655175884027
-0.0909352011331273 -0.0577286756221415 0.377659850660226 -0.117156095376481
-0.0771951372119052 -0.0440757591566736 0.234793299562592 0.00141934967738156
-0.0702766016640497 -0.0729895520353972 0.11399809368095 0.162941209547723
-0.0508141024336026 -0.0888016284390941 -0.0208221411055939 0.224815153132558
-0.0189386774010374 -0.106432895574874 -0.122030552545217 0.130281195946034
0.0198864488328379 -0.101928386176991 -0.188432839920035 -0.0332090672771722
0.0541008378792314 -0.0956641093451574 -0.152587220983381 -0.147646627554396
0.0721793979212257 -0.0983839258361048 -0.00884409361356839 -0.234731793098237
0.0855405500486029 -0.0958713724380807 0.106271066315594 -0.310280913857337
0.0765951685444635 -0.101924551745132 0.164267356394384 -0.347721189219394
0.0534575069975527 -0.116392213873259 0.0987239853221444 -0.321328371083253
0.00873302322567492 -0.136216036951806 -0.0592436472236212 -0.252396259574316
-0.0251535520318003 -0.145685495873875 -0.120055217591268 -0.150481634201862
-0.0611275011104369 -0.0982571581780585 -0.100308908047416 0.0123342993928927
-0.0966758230779199 -0.0781893063262327 -0.0910805439928432 0.188136646196981
0.0282836726341463 0.023647000495279 0.030080933193648 -0.165177407264395
-0.000471491320174414 0.0187524442202969 0.0202123345897234 -0.0391622767258072
-0.0249341564073597 0.0332331583651358 0.0801521193144221 0.132048823100911
-0.0309849397750327 0.0285551350838869 0.0319907588368832 0.250644909488515
-0.0463698097889337 -0.00356261700371141 -0.129973051460144 0.324923940242277
-0.060173973679626 -0.0142099313329777 -0.210203078727632 0.379430231927628
-0.0703539985058822 -0.0242514528339515 -0.15934885573932 0.367656046121909
-0.0747523748450062 -0.0270962430107655 -0.0137904323122375 0.29961644969814
-0.0612916686611948 -0.000727763538137481 0.12491412767944 0.218834948818198
-0.0502236882733722 0.0295600002094097 0.212997269071964 0.0713689697542484
-0.0223811877574646 0.0535205987956647 0.165708810157705 -0.092713798668671
0.000592218826804511 0.0649451340665431 0.0454991272377396 -0.228068703733463
0.00548856076204792 0.0577064113762306 -0.113217556448422 -0.181820657932092
0.031010261900357 0.0416928150322566 -0.273927357558324 -0.0747360283395474
0.04788535511213 0.0391606584466655 -0.428840602949562 0.13496759797785
-0.0410002011007611 -0.00703016058746059 0.0467678188516078 -0.167748021389662
-0.0614398293592885 -0.039806118733853 0.0299716364349351 -0.0380581039923619
-0.0685926639929036 -0.0539363712039773 0.0775740879120903 0.147027701095322
-0.0431661040609796 -0.0627565101310659 0.0269426037181941 0.268288958682073
-0.0288699566051856 -0.0981451088964125 -0.131595545442116 0.321458351410794
-0.0318280038741905 -0.117161064821241 -0.22654570016889 0.359374883785031
-0.0444014407400641 -0.132422752227577 -0.181466166414357 0.337457405629092
-0.0618543462135835 -0.133665868289248 -0.0416350112399036 0.272228607018262
-0.0671898602891069 -0.0982533615642933 0.0989367110643276 0.193799555679304
-0.0777634917006919 -0.0515990143405968 0.194986453439225 0.0559304159601517
-0.0705280830889197 0.00426665670566764 0.154556921279119 -0.0973980958544907
-0.0634738977475133 0.0378590826727793 0.0315320674892513 -0.226232080683356
-0.0639250264774704 0.0357719938774162 -0.13000129412045 -0.190107125000167
-0.0376254168906083 0.0279582453675487 -0.284721402896392 -0.0860949413296353
-0.0191611578989862 0.0358766919224343 -0.427869261586572 0.117794013384349
-0.100920022729126 -0.0321500521751452 0.0917315031058734 -0.158884507421416
-0.116154914779242 -0.0758162955889458 0.0568238544664037 -0.0210911300591386
-0.120051322130661 -0.108514880718083 0.0832903418534768 0.169540219685931
-0.0765052995465689 -0.126708372803136 0.0301633469251013 0.282691521229904
-0.0353033643795911 -0.171080862249602 -0.116515465791558 0.30281659670656
-0.0158805271935758 -0.198866667501981 -0.216617760801833 0.308409066231321
-0.0170038276807839 -0.216663159974373 -0.188042237274268 0.270159969612917
-0.0389536590756598 -0.22041976677204 -0.063100770467274 0.207034366983403
-0.060678315378587 -0.18535348063577 0.0697271290651175 0.135275340253847
-0.0945252645152561 -0.128773502845367 0.165913397612081 0.0182914568603167
-0.11006190748731 -0.0500509364991207 0.133352914064966 -0.11126260798063
-0.123020556780916 0.000967143091125796 0.0102168789689355 -0.226608609453874
-0.130136092867638 0.00474718299399555 -0.144382090596314 -0.200871108787047
-0.106426547503779 0.00733777570595292 -0.28104196271267 -0.0983984005656587
-0.0873602215704845 0.0220739272375515 -0.400576535446054 0.0998397812322115
-0.142156239236806 -0.0461278461168912 0.153592892200446 -0.144724285220467
-0.152084117772953 -0.082220731532755 0.0960174237098149 -0.00610538638983059
-0.161183435517776 -0.121128848891312 0.0933431382423309 0.181343355605588
-0.116117890918908 -0.149244333171076 0.0327938737783764 0.278533494573652
-0.0583643234645241 -0.207343343784736 -0.102559117582602 0.265790530957033
-0.0146374169163855 -0.246773228494962 -0.20327037452087 0.232630474972655
0.00666442214058946 -0.267143317287483 -0.185077794241811 0.176171340618592
-0.00946100433071427 -0.275097120724522 -0.0732369526244105 0.112724363451719
-0.0384716493263341 -0.248500773452992 0.0435737284547981 0.0490453687727978
-0.0906969080570568 -0.196540872360482 0.131024023714141 -0.0398569776724684
-0.129792804904753 -0.112893996363055 0.102058731591538 -0.134505412794434
-0.165571952019855 -0.0530253892095424 -0.0157417550113304 -0.225724571155482
-0.184452173131301 -0.0441289537596134 -0.151172660022749 -0.208590283845864
-0.165501719995857 -0.0271817139324167 -0.257917160010524 -0.105643984292141
-0.147499100095712 -0.0057000289129831 -0.347523574972305 0.0929074361685371
-0.160525670021584 -0.0527090021016903 0.221078667465303 -0.134103629371786
-0.162640260873964 -0.0740838267362246 0.137091830107679 -0.0016885062873637
-0.174459695003703 -0.110581806201372 0.0988271530217418 0.17723813623466
-0.13498903661368 -0.143346370383922 0.0206109289843503 0.262714613439665
-0.0750918710989213 -0.208221688721428 -0.103482882845501 0.218905251364544
-0.0181720636340425 -0.253730722372792 -0.197410146555361 0.145293247530369
0.0232829542956939 -0.276947319965686 -0.178917638527641 0.0717742495648806
0.0210796277517733 -0.289322052633989 -0.0705177933187361 0.00554789449608147
-0.0020933178129773 -0.276650766360903 0.0304988142283406 -0.0574077471197757
-0.0573676250752722 -0.243244343586928 0.101172913708968 -0.120076948153636
-0.113936437783216 -0.178511788118553 0.0692478802415589 -0.173364124856041
-0.172424756757623 -0.124543534205482 -0.0432567801584951 -0.226122119571579
-0.206761228025085 -0.112698213655203 -0.148379895302648 -0.210240942674406
-0.198518605548333 -0.0757552562199336 -0.217283113831232 -0.0985415015594519
-0.184653471331842 -0.0404230685304113 -0.274602807204665 0.0985764766537553
-0.155818434212297 -0.0538372540255837 0.283473513601691 -0.126702019162309
-0.149401614184565 -0.0621093275136643 0.174093797663305 -0.00148951054881361
-0.157884264585455 -0.096053628624523 0.0998111223968914 0.170285101880901
-0.126408328743082 -0.127347147642459 0.000283630985778754 0.247259022155633
-0.0718688676901566 -0.186177785056452 -0.113732608885101 0.178582744883182
-0.0139338152563815 -0.226118042009221 -0.198424044109704 0.0666128060376629
0.035514080401108 -0.246035503910344 -0.171299943580373 -0.0252757861553168
0.0472793979033949 -0.260276908150554 -0.0557191297808187 -0.0993314188694542
0.0402530107960732 -0.258646446106035 0.0392521391171043 -0.166754796002081
0.000159409625932205 -0.247529411335153 0.0949532588345573 -0.213810413271444
-0.0558096983426408 -0.216026417568843 0.0529173356761097 -0.228763039913273
-0.128068534146201 -0.187210901431317 -0.0642066147584208 -0.232679770686269
-0.176117975130609 -0.177410122246233 -0.137460432416985 -0.197640654140086
-0.187373338971941 -0.121181250141485 -0.169574942952761 -0.0725748336492644
-0.188152119587381 -0.0723327944560701 -0.199153583258812 0.122302647266414
-0.132220149884576 -0.0557107024251209 0.339026801172733 -0.122149405914809
-0.119627869740695 -0.0530786585918311 0.206612366767234 -0.00237061720993727
-0.122406638219004 -0.0853452319621702 0.104842755871714 0.165059860160234
-0.0964599065987443 -0.109921780075649 -0.0145357800080059 0.236119249455816
-0.0516902630444225 -0.151359876779814 -0.122514203103699 0.149259635686252
0.000473086104360572 -0.173553963491893 -0.198148577030101 0.00462462593170808
0.0453323025631854 -0.182489934907797 -0.163126495052448 -0.101946409914092
0.066113196404902 -0.19327501136685 -0.0334761276343579 -0.184622258068602
0.0743366931119203 -0.195789804297836 0.0690826529014111 -0.258066185542744
0.0551413376048694 -0.197791619420958 0.122231353611887 -0.299053815945546
0.0162145525201413 -0.196353894884525 0.0678763342702621 -0.287629447677529
-0.0498229080502906 -0.196515590637063 -0.0690277845968841 -0.245197274182204
-0.102331830028057 -0.197447228818178 -0.127766918082997 -0.175010658026742
-0.135980558389815 -0.134873547424605 -0.127976563783509 -0.0288979183205726
-0.156811934070332 -0.087187589090071 -0.134128769644156 0.156704219544501
-0.0923764450954529 -0.0593722087423363 0.379532358329087 -0.116157426135445
-0.0777137064099379 -0.0457559381691528 0.236175345319459 0.00340562734127882
-0.0727782454333729 -0.0752348250155892 0.114727337547838 0.164907342216231
-0.0522628411608207 -0.0904300097028506 -0.0210445721464151 0.227868147335262
-0.0194132964971706 -0.108064160919836 -0.124749965008105 0.130783339507226
0.0210052080513093 -0.103843206224112 -0.193301777518698 -0.0349316617511057
0.0567323925897997 -0.0973343221284929 -0.152484221396048 -0.151249994143403
0.0739806625310218 -0.099895288786275 -0.00649069686486751 -0.238663406777163
0.0881863418423817 -0.0970211806839161 0.110405169131771 -0.314767089424455
0.0788526308120443 -0.102565824139981 0.16957923218923 -0.352383181792062
0.0549860898034906 -0.117366595117351 0.105085546218523 -0.32590925223071
0.00998049820637656 -0.13877049037162 -0.0588104729688392 -0.256563706268696
-0.0241628908259886 -0.147864845938689 -0.120330411913052 -0.153202657453628
-0.0618910482473364 -0.100101778256198 -0.100875288326298 0.0123530162434686
-0.0976724118272619 -0.0789335400148392 -0.0916698901138191 0.189061097042603
0.0289258240416807 0.0231791099679959 0.0252657369951353 -0.168014991533091
-0.00103290641420845 0.018580349566985 0.0200100967801972 -0.039731837871568
-0.0245546282809038 0.034480290671126 0.0855142739543911 0.132272825555626
-0.0315879872592387 0.0302163889650398 0.0398332127984307 0.253274971314355
-0.0469787652191763 -0.0017476622590187 -0.12596009120084 0.335924952034844
-0.0611980437287969 -0.0119875452954537 -0.205563128375441 0.395233862462175
-0.0723568162875308 -0.0233345218355323 -0.154006753069663 0.380151924019568
-0.0787319150183523 -0.0259369295553153 -0.00650287037382738 0.306027411060845
-0.0630373488583348 0.000266031819876732 0.133894181898593 0.219957693983731
-0.0507944646265539 0.0312792574817156 0.220776345599599 0.0669494456934999
-0.021988829454793 0.055285922116849 0.167435733733032 -0.0996206035064819
0.00184491909106428 0.0655640256391931 0.0395693681456126 -0.234721495348922
0.00772973715792631 0.0587683786608522 -0.119616637848508 -0.18219554255845
0.0332070989176101 0.0415254169334384 -0.283058957502222 -0.0688883772794211
0.0496049219562882 0.0376279561754194 -0.430023172959783 0.15048030028328
-0.0430366642015853 -0.00574068329050738 0.0416988707265865 -0.170843790708657
-0.0648938990727917 -0.0395377709651707 0.0286957873624725 -0.0392323953942707
-0.0719537845746873 -0.054020366257018 0.08335189591137 0.147615023166169
-0.0460067484343716 -0.062662459443228 0.0351300461701886 0.2717860575166
-0.032943286269765 -0.0989956668086831 -0.128862928087517 0.332051840746003
-0.0348087653618547 -0.118317455399234 -0.220697285191718 0.374787475996203
-0.0487324634417377 -0.13452874038804 -0.176715078138269 0.348927796153515
-0.0676460284056149 -0.1349557251692 -0.0366624267401182 0.279616366105526
-0.0713622265297838 -0.100683116047327 0.105849604051612 0.195436786271962
-0.080998457175579 -0.0516412494519401 0.200952901282086 0.0514747949515144
-0.0719285065464076 0.00538184550322232 0.156062806798646 -0.104127216270349
-0.0647257585997442 0.0397028463440761 0.0257115777087297 -0.232609106982081
-0.0651754923889143 0.0380033625208442 -0.137877848726307 -0.19059343492713
-0.038120067712919 0.030348687795143 -0.293511014898856 -0.0793857023361442
-0.0191241299072337 0.0369312477559446 -0.429359539816653 0.132390074852226
-0.103949949747993 -0.0295797437474818 0.0867645572232333 -0.162584175132116
-0.120894900245444 -0.0741035245640725 0.0566375938100777 -0.0218135583043177
-0.125658691132027 -0.108671200116044 0.0901350970082682 0.17059187187833
-0.0813981229050922 -0.127672382465286 0.0399770366884401 0.286320803081497
-0.0408197199654825 -0.173707030134703 -0.111837401781421 0.312536008913672
-0.0214280363905698 -0.203329249278572 -0.213734994737994 0.323337269396308
-0.0223331456599293 -0.222131704465592 -0.186083166946901 0.28073994222345
-0.0454231392211544 -0.22495610790091 -0.0591357121217837 0.213639310816229
-0.0669835815933683 -0.188708877847323 0.0739508034164462 0.136442984457663
-0.0998828271424714 -0.13053859971238 0.170568324700759 0.0134140418549736
-0.1139528929135 -0.0497463964389557 0.133485563340893 -0.117874380870613
-0.126068164245004 0.0028505443510749 0.00426771824398395 -0.231245553002677
-0.13478354705143 0.00806976128807022 -0.152908709763011 -0.199728658264844
-0.109655758552213 0.0116589712233761 -0.290505004653562 -0.09107575031753
-0.0903967632142634 0.0248539110445442 -0.403035698835928 0.116169241189794
-0.147207357493304 -0.0433843155473918 0.14950746992376 -0.149839313624015
-0.15807401108926 -0.0807996086087993 0.0963565416681178 -0.00708834011697992
-0.168089911457442 -0.120804763542425 0.099313220800096 0.181318834295966
-0.122722849612651 -0.150982348365721 0.0422500899733457 0.283198433582792
-0.0656020337590739 -0.210827839388912 -0.0992820207123194 0.273438527538416
-0.0213291982038752 -0.252030854423531 -0.20271483330232 0.245503977635737
-0.000157329415216186 -0.275367492082406 -0.183983156745656 0.185184319601461
-0.0168284988001955 -0.281435943133671 -0.0726698180304103 0.117808610488967
-0.0466925958617937 -0.254183839282992 0.0452330665438405 0.0491340356575731
-0.0976575813805297 -0.199028595680962 0.132632125778966 -0.0458478784751717
-0.136075019836992 -0.113279927189493 0.101714941217451 -0.141827309089449
-0.17114571724984 -0.0514345567859053 -0.0220811793580218 -0.229452466861483
-0.191034112204554 -0.0407611239955932 -0.159353646974712 -0.208823779205064
-0.171489481124265 -0.0225719469675021 -0.266555089386047 -0.0993916898401382
-0.151939215357679 -0.00130590805675614 -0.348329939359735 0.105325328234897
-0.166980962634093 -0.0485738110306052 0.218862787140737 -0.140068179522068
-0.168186894714234 -0.072119181785806 0.138069692865035 -0.00381175674606314
-0.181205720185188 -0.109319830943173 0.105204815964597 0.178726220673795
-0.142055477554491 -0.144100358522489 0.0286917564026379 0.266995292869278
-0.0823019521461378 -0.211367676695604 -0.101335660086506 0.225328363775745
-0.0246861764407681 -0.260277285393449 -0.200246259451485 0.156609548558303
0.0160219643437475 -0.285275052113395 -0.180040962874228 0.0773998550712366
0.0144189537776837 -0.297350792752875 -0.0721856156156944 0.00696948854872895
-0.0089646476009508 -0.283780215976055 0.028081517843189 -0.0599382952474254
-0.0645375890219696 -0.247831905653505 0.0995689822376281 -0.127630995888849
-0.120796280511905 -0.180235816833097 0.0674333988332511 -0.180095777370877
-0.180176772436053 -0.124522170046162 -0.0497314574688238 -0.228994303263792
-0.215766621136459 -0.111178447799541 -0.156816097825731 -0.209400955660143
-0.206246119083375 -0.0720281879354886 -0.224422748972432 -0.095004677427133
-0.19068752284946 -0.0358871571503953 -0.275096453619395 0.1082530878169
-0.16193947868986 -0.0505592380060203 0.284054571702153 -0.135252013601715
-0.155087174145385 -0.0595341777075127 0.175914646349859 -0.00582832381593928
-0.16593426564558 -0.0945895546054845 0.106284959154221 0.172104668254108
-0.133314593721842 -0.127981874916362 0.00822168452220031 0.251927561302279
-0.0799080178430805 -0.189804449638422 -0.112037693538415 0.183764203827593
-0.0199028960073655 -0.232753468675676 -0.202220419223801 0.0751868595113724
0.0305094860590451 -0.253880463806788 -0.17491695239245 -0.0219318071732481
0.0414064608689391 -0.267939043325851 -0.0590934411035835 -0.100354403835436
0.0343244508976285 -0.266977702254477 0.0341444852668227 -0.171865956854859
-0.0063721516713927 -0.25381110132813 0.0907758787150045 -0.222795622211059
-0.0616529866125142 -0.221046065176849 0.0494541333565641 -0.236258914025391
-0.135280488954526 -0.188597111042558 -0.0717441845083994 -0.23524581428267
-0.185230033766263 -0.177870496683916 -0.145870784356948 -0.19719931768673
-0.195696892458485 -0.119342903767514 -0.174571176497756 -0.0676052737541104
-0.195650246189116 -0.0677183227406901 -0.198100946775798 0.129951871619417
-0.137990265380898 -0.0531919589582386 0.339939859539332 -0.132067153988923
-0.124776936884215 -0.0517961299618867 0.209978515592029 -0.00590872150606025
-0.1292849815253 -0.0833974677503933 0.112086586230368 0.166811267438802
-0.102845294995675 -0.110301843791911 -0.00675779465893574 0.240738503533113
-0.0584194360014533 -0.15466519601284 -0.121713836758038 0.154130864897752
-0.00449696339704384 -0.179070269446005 -0.204926592809351 0.0120956595123545
0.0430169481933358 -0.189058579386399 -0.168550897697222 -0.100047086314429
0.0623815542006637 -0.199851401327763 -0.0383556043287961 -0.18919551595465
0.0715650110678112 -0.202661732821471 0.0619676173482986 -0.266878965991194
0.0518555810213877 -0.204219247421395 0.11631614772603 -0.3104891893408
0.0125112319074375 -0.201007760567669 0.0627973446512501 -0.29603875800982
-0.0560222173404162 -0.200095177784478 -0.0773278062156087 -0.247176518087096
-0.110129646046643 -0.199024067362143 -0.134486526756527 -0.174613809353686
-0.14368404438042 -0.135058511412 -0.130237563044669 -0.0259334826462695
-0.163469829115948 -0.0837385831993633 -0.130414205201717 0.163414362152959
-0.0969138486602831 -0.0566684823733807 0.382614105729518 -0.127604416296173
-0.081371564460885 -0.0447054867873096 0.239870062082024 -0.00179737436788133
-0.0770577437730432 -0.0737591411073605 0.123021337573353 0.164985370770303
-0.0562389655802117 -0.0907720814897627 -0.0128172518235407 0.233055767276892
-0.0238926829613219 -0.110391998410253 -0.12390522477662 0.136315226749837
0.0180430830004301 -0.10798371951821 -0.200482851983368 -0.0297152737794715
0.056700015037684 -0.101347509731518 -0.157991015863829 -0.149471931777822
0.0733279218531296 -0.103427934921853 -0.0124521975574859 -0.244776542257506
0.0880777139939769 -0.101837492757479 0.10502038994716 -0.324158251630992
0.0779812909726843 -0.10719961924903 0.163907958120307 -0.365602124855424
0.0535667659958123 -0.120704964543703 0.0992258609818135 -0.336252612073788
0.007090134030702 -0.141464858732221 -0.0660579732643182 -0.258955994965509
-0.0295953861306379 -0.150422766643613 -0.126372688239927 -0.152565174537174
-0.0660228821327918 -0.101043655954427 -0.102800545344312 0.0157792611876295
-0.102891972044605 -0.076834099431146 -0.085806254575399 0.195439324970643
0.0296872908954386 0.0214900038944452 0.0160564367524564 -0.167509353233104
-0.00151803926455426 0.0185680966930949 0.0181903358975456 -0.0403547528695971
-0.023445558730528 0.0351442913082257 0.0925680490434114 0.12538369598322
-0.0292568154099941 0.0318544928399947 0.0526460801243492 0.249647333680964
-0.0475491829590926 0.00129858789585767 -0.11033740145381 0.342001516267003
-0.0605639812486437 -0.0084125655107295 -0.184915419890178 0.404979930863071
-0.0736124073381093 -0.0201641674932162 -0.135689612820376 0.386508236777835
-0.0803572962311824 -0.0219167587404669 0.00748667294894869 0.305367416887385
-0.0625676821373864 0.00265435019957281 0.144597252676816 0.211878393220547
-0.048559157650579 0.0330666173526874 0.224300427967579 0.054960961940715
-0.0190819168170257 0.0562556774588842 0.162642177904113 -0.107309275840671
0.00442069312684496 0.0650777334686393 0.0270141948566377 -0.235992156320518
0.0105277286752776 0.0583677427783934 -0.128477441355579 -0.176416308375766
0.0362116182129539 0.0402029485274825 -0.28655321211441 -0.0536300690666768
0.0506203713665909 0.0342314272561612 -0.418066351474862 0.171042405391614
-0.0438969615976143 -0.00389097265266748 0.0314089461525544 -0.171338077818167
-0.0667665352420353 -0.036447892600358 0.0259451121407626 -0.0398423286471336
-0.0749463172643672 -0.0502913521680309 0.0910514033120451 0.142008958760618
-0.0480862844339996 -0.0609178092411066 0.0486679377700544 0.267797062616166
-0.0376444503954735 -0.0968487935552688 -0.113257240300823 0.337731149064012
-0.0399110800923599 -0.115605392308808 -0.202624604567602 0.386236657758462
-0.0552865699572896 -0.131492143932888 -0.159974865191756 0.357575773384355
-0.0743715443430148 -0.131338435800703 -0.0227314408192708 0.281093284239431
-0.0764178452536008 -0.0978192866180939 0.115357069289681 0.189170723154381
-0.083197244526753 -0.0481566822758931 0.203020118939447 0.0403559423738488
-0.0716003904684422 0.00874428263934957 0.150688789106862 -0.111935311423671
-0.063219189183675 0.0416764168566469 0.0136928648100914 -0.233617815486548
-0.0633472879754882 0.041515850404852 -0.146660748110559 -0.182332124137196
-0.0372955133733171 0.032682375376779 -0.298206948322492 -0.0622701600477346
-0.0185346508581783 0.03751285490461 -0.417502087684092 0.154075329334338
-0.106662570919934 -0.0248808761703422 0.0763025926341966 -0.164897762090583
-0.124772964430547 -0.0685026323494955 0.0540717919648631 -0.023598983106062
-0.130519860534453 -0.10300938722585 0.0975996079690143 0.165453868232041
-0.0872938590757236 -0.124296347153676 0.0545157910243747 0.282350549036892
-0.0502075832059227 -0.171493729141622 -0.0980072467121427 0.317912209226393
-0.0302426039235467 -0.201492909979698 -0.198702024141308 0.33396089479144
-0.0336017499127427 -0.220978548421042 -0.171420618245416 0.28848021470298
-0.0569855421410013 -0.221929322329797 -0.0496361471223055 0.216279171857426
-0.075914768410786 -0.186651963046267 0.0802418489160653 0.132465332104631
-0.106222401374021 -0.126073299376211 0.169884292130009 0.00419717560160052
-0.116367771389222 -0.0447511198784547 0.128319279057696 -0.124822581721138
-0.125843967869402 0.00859333989487485 -0.00812823330203878 -0.230967573698918
-0.134778729787095 0.0152857518684407 -0.162117578334609 -0.191263274160393
-0.109119237145729 0.0171189932353466 -0.293993533163125 -0.0747779683323933
-0.0896098169356389 0.0296753224909369 -0.390998122237886 0.135321373114282
-0.150289159740309 -0.0358775194544245 0.138582284658892 -0.154876959595128
-0.161823477392453 -0.0737191010985483 0.0931596839012817 -0.0109665086200811
-0.174202589206615 -0.112916189985458 0.108341792755823 0.176250624106584
-0.129588557465137 -0.145390936772703 0.0556866832187246 0.278428897323681
-0.0766490926049268 -0.207683682963524 -0.0862049993372838 0.277849376138257
-0.0336205577597155 -0.251243684043317 -0.191644041124238 0.257265510996411
-0.0139730910456555 -0.275235061883468 -0.174655388120558 0.193629218159574
-0.0302324828098664 -0.280580045141624 -0.0661565319007929 0.121232960129999
-0.0586745834667707 -0.252415499304048 0.0464022402298408 0.0464367785646968
-0.107334486075025 -0.195512869969443 0.129380331541871 -0.0534070418687172
-0.141447482519283 -0.107160675495038 0.094926976886448 -0.147101338626425
-0.173978069373888 -0.0431046077623137 -0.0325683620859337 -0.227814319225037
-0.193975665010933 -0.0311339138940768 -0.169917983211113 -0.198926262833035
-0.173131130369687 -0.0138205331905433 -0.269869918251668 -0.084728943317284
-0.152692464688947 0.00696742972464953 -0.338725410758825 0.121671114151904
-0.1696134459621 -0.0404838321715764 0.207687589258642 -0.148878560448646
-0.172363785531295 -0.0633511450947112 0.136225236410386 -0.00812779306532852
-0.18765713405807 -0.100067966145724 0.114192872757505 0.173459535750575
-0.149544340757978 -0.138010903622987 0.0435414323277259 0.263966211151877
-0.0943175948274594 -0.208268917442719 -0.0903674169417351 0.229222841254391
-0.0375871351974157 -0.259969317766612 -0.191999673752542 0.168778008195858
0.00249000060213456 -0.287007176034501 -0.175413931871493 0.0868483483448403
-0.000548943149224391 -0.296864823594218 -0.0712894234335748 0.0110599410343573
-0.0237647661669375 -0.283700504821591 0.0240250770709411 -0.0607914298709231
-0.076876451747508 -0.244224283815364 0.0917166997336145 -0.133657693100137
-0.12953911348214 -0.175132925293502 0.0590806274844465 -0.184402542960434
-0.186179362576452 -0.11580962214331 -0.0606756743780497 -0.225196086493805
-0.221099677692066 -0.0997349616688492 -0.166529070464712 -0.2010508818394
-0.21045065744982 -0.0608866876484516 -0.227104544369357 -0.0816278249275835
-0.19276279813577 -0.0246970653646563 -0.265530396470364 0.122200916463115
-0.165438163147211 -0.0420497078832931 0.272784558628084 -0.147100364432649
-0.159197519876157 -0.0520038863906151 0.173862167882328 -0.0121785216624466
-0.171440255769433 -0.0861501120237699 0.11509250992777 0.165999801731335
-0.140265839329101 -0.122469846778681 0.0226337656622681 0.249627572736393
-0.0906621731685147 -0.185356456293608 -0.102796215347778 0.187896062170707
-0.0321415237802899 -0.231788133333482 -0.199528420954579 0.086868754130508
0.0176140272865755 -0.256457200283166 -0.175257336370546 -0.0123079772951415
0.0291567839222066 -0.269908924708427 -0.064521875304551 -0.0973142228366457
0.0208744326845798 -0.26793882662958 0.0241599811504862 -0.173491571136601
-0.0184940674957148 -0.253120114242937 0.0787410165349333 -0.228726325695469
-0.0722137985470806 -0.217735362327894 0.0387196143184848 -0.239693884587153
-0.144409261421406 -0.182876264455297 -0.0826450300916013 -0.229492074335798
-0.194639028914621 -0.168164854887751 -0.155430039507277 -0.188361609477715
-0.203197152766505 -0.108453661461405 -0.175410911138988 -0.0582411223128716
-0.198494139720865 -0.0567026613057364 -0.187347839034518 0.140008178474899
-0.141321368818365 -0.0459730749800492 0.329322765717104 -0.147936189097773
-0.127718519376494 -0.0454401542542039 0.207267509709184 -0.0148786219258839
-0.134236659208398 -0.0766613008266184 0.120297129928241 0.161006576282299
-0.109161564631877 -0.105277554003164 0.00662443885491689 0.239841588015911
-0.0672896938554264 -0.151178986010123 -0.113808970976671 0.158413267786426
-0.0139317330238638 -0.179065658502992 -0.204832940399156 0.0240768795137436
0.0340826849197318 -0.192506717810725 -0.171952295795874 -0.0913118528812557
0.0526104444028437 -0.202475774842755 -0.0471865147242983 -0.186271082504401
0.0612095200834978 -0.206242075294375 0.0480061728459119 -0.268890842940132
0.0416137531316978 -0.206491064139819 0.0998257714561406 -0.316685690130636
0.00229457056942481 -0.201876092021902 0.048438888816435 -0.299337456161526
-0.0660259447685411 -0.196482583659167 -0.0881231885603321 -0.240584117946636
-0.120286134771549 -0.192852265025854 -0.142879589580655 -0.166032317580012
-0.150982473229257 -0.127351859004246 -0.129810172459317 -0.0178618271645618
-0.167613973817716 -0.074041318674684 -0.119318789759089 0.168823487430568
-0.100608254292827 -0.051166634442937 0.371774481265786 -0.144632389320842
-0.0838601212287118 -0.0409575943890618 0.238319917266074 -0.0128122588054108
-0.0810979563909131 -0.0698260031934503 0.13073168183642 0.157216804042776
-0.0612831731519134 -0.0882092660465149 0.000234636485099007 0.23140119295495
-0.0300364936490229 -0.108230156100107 -0.116092430369465 0.139849322092441
0.012843676912829 -0.109227904762533 -0.203194200555985 -0.017822281175264
0.0520424598357218 -0.105540008734992 -0.163864679212105 -0.139884515505286
0.0679595008897713 -0.106062020089546 -0.0237447531580496 -0.243824511319792
0.0821212380781862 -0.106210430510496 0.0868301063454399 -0.329032242308809
0.0721405765149175 -0.110606407104668 0.143710019741461 -0.374452127082999
0.0479786001495024 -0.123098708859277 0.0829987309861596 -0.341484023601278
-0.000699988076689727 -0.141805516269209 -0.0780696942507793 -0.254185677953392
-0.0372445929660013 -0.148727702145311 -0.134208032994645 -0.145850506085827
-0.0723385333161388 -0.0985168197175051 -0.100652424488981 0.0219570078007196
-0.107122021670359 -0.0704162640872363 -0.0739148581321277 0.198250169365623
0.028671696569376 0.0199010117613197 0.0082348519527274 -0.160718658325334
-0.00102552372792081 0.0177881270506541 0.015696423127508 -0.0391804889547045
-0.0216821914111291 0.0349092432707503 0.0944254779811064 0.115394658553631
-0.0264285499945806 0.031246196016548 0.0602379253424368 0.236953354159227
-0.0456352339730325 0.00386141746971446 -0.092972173715851 0.33415440895025
-0.0576369156771656 -0.00524373876985854 -0.1618954855578 0.396976604003596
-0.0712562952380681 -0.0164480478862272 -0.11561376847836 0.377507718490213
-0.0786014775024334 -0.017248391436815 0.0188082874445546 0.294371048861336
-0.0603903883096654 0.00452704266429291 0.148232469901916 0.197789543940596
-0.0451967485885835 0.0333902729598445 0.218044104906665 0.0431224095002561
-0.0163734352749369 0.0546031774904899 0.153167152830785 -0.109717430419111
0.00687697549188145 0.0614510510210636 0.0160433666811985 -0.22954236346572
0.0135882121942547 0.0562478035210842 -0.131291175881849 -0.165008515551535
0.0371748694984611 0.0371090798757963 -0.279010939882855 -0.038037729347818
0.0496558451321869 0.0301551964837986 -0.390165695067713 0.180181197782206
-0.0427845342428975 -0.00133836615426806 0.0227979205806198 -0.165032416232028
-0.0664960616354115 -0.0319499920490623 0.023068370566855 -0.0388927494642679
-0.0744873458678001 -0.0453527980009917 0.0933394533232493 0.130759667734066
-0.0490082374238623 -0.0566610549135358 0.0576083964948592 0.254587641016928
-0.0406066101058944 -0.0907637770130815 -0.095940565634848 0.330335421823038
-0.0429629638307558 -0.109206199394001 -0.180254772361807 0.381495277567456
-0.058589082146195 -0.125118695475704 -0.139442002985581 0.349713356448282
-0.0771091716650555 -0.122715023757238 -0.0114899394668625 0.271559140133769
-0.0780253735492242 -0.0915053442916662 0.118856826860036 0.177521242275314
-0.0818744652618595 -0.0431399003045515 0.196926505739617 0.0299792541637866
-0.0686907950595008 0.0113034671087512 0.141332278516653 -0.114181173227198
-0.0595860255933645 0.0424901865282959 0.00333574649360533 -0.22497258435023
-0.0598290898685052 0.043329956502709 -0.148593330771612 -0.16933038364209
-0.0340913478135415 0.0328797730283944 -0.289732190729751 -0.0463175779790822
-0.0167648681592739 0.0367319423023957 -0.391171141896903 0.164476788109752
-0.104031597065216 -0.0196592796936798 0.0645728184920803 -0.159366609515231
-0.122925734985694 -0.0610171435592962 0.0498842853061599 -0.0243757571177319
-0.130710038115682 -0.0930179007455938 0.0999095399392678 0.153182234663884
-0.0889364868323023 -0.116632893044319 0.0639655314458961 0.268386505633891
-0.0560155099132777 -0.162294304904129 -0.0821048403736524 0.309335592352279
-0.0367536598915482 -0.192894473002456 -0.177639114594619 0.331225664430917
-0.040628554178975 -0.211528337270131 -0.152537422226057 0.285158763297015
-0.0639432802362088 -0.211319875375499 -0.0386147647685217 0.210422319126757
-0.081266062339597 -0.178001562883905 0.081890046897677 0.124665742645128
-0.107553105859064 -0.11747704675784 0.163237497088781 -0.00383042439606706
-0.114002966939588 -0.0396889568900224 0.118184048674302 -0.126376678826285
-0.122001194807261 0.0124200887174499 -0.0173000067724804 -0.220770129235515
-0.130214840555254 0.0204995828173373 -0.163475694089819 -0.1776090134659
-0.10587143428191 0.0211566883182139 -0.285474958033097 -0.0580368344618179
-0.0857663708691927 0.0322516497110017 -0.367294769872524 0.146638908268859
-0.146938319891904 -0.0282204179001943 0.12417841484319 -0.152596937083518
-0.159437744852457 -0.0639230266735905 0.0882688733942931 -0.0127809537454066
-0.173335114598005 -0.102065409921851 0.111641614891042 0.164646385530297
-0.131072373356503 -0.1363100775708 0.0658651528710583 0.265085347676919
-0.0835706617264428 -0.197050179302567 -0.0733114986018983 0.270454923034985
-0.0425456932261799 -0.241735021603582 -0.174387515464759 0.257911369607508
-0.0244972825759736 -0.264824752303688 -0.160359865675135 0.193666575210466
-0.0402200434443294 -0.26941897181261 -0.0584558131164795 0.119812579610219
-0.0670173209012138 -0.24187619717553 0.0456171527059203 0.0428637680317031
-0.111167235960954 -0.184221765462068 0.12108447751134 -0.0579584658863033
-0.140009347594353 -0.0995770540539981 0.0859169198119044 -0.14682912584021
-0.170277407448048 -0.036284713777328 -0.0407855306765605 -0.216758942825553
-0.189177906056302 -0.0215460221418356 -0.171188020179258 -0.184239633066986
-0.168731209608823 -0.00522761239034539 -0.262835708063566 -0.068740030963107
-0.14740400599542 0.0143926835808319 -0.315880028921415 0.131447389441266
-0.165811425095907 -0.0311008470976355 0.191210425822519 -0.149476209716839
-0.169888288538591 -0.0541800419361716 0.129312616372916 -0.012132792635086
-0.185554660584293 -0.0894247832327958 0.116780346166376 0.162133299213187
-0.150351159916629 -0.127921330401956 0.0530859419072553 0.250739992679915
-0.100189202524906 -0.196728641506761 -0.0788611560767202 0.224066667016992
-0.0464752926156538 -0.250114191261165 -0.179494339582558 0.1733595990603
-0.00895313819070056 -0.277669789013503 -0.164885719942875 0.0907921176742976
-0.0125622848942163 -0.286556339377106 -0.0676587962444049 0.013487628640561
-0.0336650152160416 -0.273134589461251 0.0197385108144101 -0.0590586347621668
-0.0834075028966267 -0.233059804949628 0.0820528747320519 -0.133890216530181
-0.131566743046903 -0.164369351828421 0.0494648304976811 -0.181053794410728
-0.184036986868071 -0.105119884496922 -0.067085398664035 -0.212113686834566
-0.218421028284213 -0.0865387516375991 -0.167850995771394 -0.184166406350053
-0.206257357971589 -0.0491912781201038 -0.220883216370078 -0.0679560750075906
-0.187467449494553 -0.0153931210326007 -0.247065348797589 0.128764935904797
-0.162392825640888 -0.0332038650216699 0.254464771104067 -0.150014308891636
-0.15606702770569 -0.0448444584233239 0.165440363639413 -0.0164167333436111
-0.168804620911881 -0.07643064478474 0.118353183588395 0.154481396720565
-0.140892954122066 -0.112383700875714 0.0323630719172184 0.238948140751121
-0.0967629269918827 -0.175225935120901 -0.0922652598107355 0.184277887044135
-0.0408690384484801 -0.223218991257436 -0.189419080026883 0.0947010229902606
0.00642841352388731 -0.248647832021764 -0.167694704682537 -0.00424878575370595
0.017162650683881 -0.26131562752336 -0.0651196545722501 -0.0908187209562762
0.0099913472125267 -0.259671113703718 0.0144172446925591 -0.166675330063208
-0.0282492507235107 -0.242705655028067 0.065327658514657 -0.224427666494927
-0.0781756114971284 -0.207483146182623 0.0273457818480402 -0.234130501721101
-0.146680972177931 -0.16979697709195 -0.0881749549344189 -0.215407901814839
-0.195323089810716 -0.1536880713177 -0.157734573187385 -0.173991507015167
-0.201326400115383 -0.095440462613094 -0.170433499496927 -0.0478521114824549
-0.194585587563973 -0.0453212679780954 -0.171343060143847 0.142299774441828
-0.139605120357189 -0.0374682977969391 0.30829081458594 -0.153296095911075
-0.125200098747113 -0.0385808104022421 0.198530147600038 -0.0219564986674801
-0.133533329807914 -0.0682958709187851 0.123382872582995 0.148764392472748
-0.110302473577238 -0.0973974172440859 0.0176530959122168 0.229570764829186
-0.0729596648141336 -0.143165583305796 -0.102985237764316 0.156413550071947
-0.021789239958439 -0.173129537234743 -0.197099732188867 0.0335032168402944
0.0252385805716736 -0.188152772104847 -0.168438280018881 -0.0798640832251526
0.0426737165868696 -0.197500994503401 -0.0523852509645874 -0.177714403483684
0.0511568976033482 -0.200869267021008 0.0337567469737802 -0.260738977658176
0.0311765445671455 -0.199910894836483 0.082573624156301 -0.310569469627514
-0.00450417051801898 -0.194353071224076 0.0355256175108617 -0.292499109118662
-0.0720452021691575 -0.186589431903875 -0.093342473522018 -0.226933967568493
-0.12414425827256 -0.181273942322357 -0.14514535287429 -0.153640623792643
-0.15190805144342 -0.115653806392199 -0.125515192463544 -0.0106226761588519
-0.164692141002312 -0.0626372621551441 -0.104935525851192 0.16736942775151
-0.100691138026287 -0.0445685586567757 0.350737679404255 -0.154000636492709
-0.0827343669295226 -0.0365257012492176 0.226880480764824 -0.021079477072743
-0.08192261221559 -0.0631827549623505 0.133783010132862 0.146202401378552
-0.0634917011960799 -0.0819140600049578 0.0111443089764165 0.222404714655351
-0.0345486005807586 -0.102781031982362 -0.10690087911193 0.137976713596391
0.00769700532056246 -0.10536223754459 -0.197412822856791 -0.00678534738275003
0.0456634344485562 -0.105097174974933 -0.161512462163409 -0.127537486127241
0.061011184175031 -0.105089784597722 -0.0325757613716345 -0.234061469714996
0.0746513169853451 -0.106657280639972 0.0693079736167209 -0.319465699289422
0.0652629708608655 -0.109524460843402 0.123362959365524 -0.365453403628651
0.0411641504119473 -0.120849872338588 0.0669796130739637 -0.332923532418992
-0.00608883381646535 -0.135641339044348 -0.0851714560622807 -0.239736061566756
-0.0421517731316392 -0.141381478153776 -0.134865413790148 -0.134208448900752
-0.0747917846898136 -0.0919069203672208 -0.0955230450347399 0.0255753462859501
-0.106147502110878 -0.0617858425324035 -0.0604328688259984 0.193550682268224
0.0235973275753802 0.0219991339654534 0.0254632724087209 -0.145384399024199
-0.00466887626864919 0.0169640135099302 0.0182801783003751 -0.0350470028839815
-0.0258316111405489 0.0297090213884971 0.0710067549813865 0.115967138582673
-0.0304486513943047 0.0251913278497261 0.025036345599905 0.222171873454933
-0.0437957558274805 -0.00394188469044252 -0.127387097927982 0.295289753319702
-0.0519788242606036 -0.0168496490756267 -0.199555878957977 0.350439137087525
-0.0640850510562251 -0.0256924428344968 -0.152986570851115 0.339819897910352
-0.0723397769228472 -0.0262917619868 -0.0219415296689543 0.27982520465457
-0.0571486192946782 -0.00632810284022115 0.115822565526343 0.207929486367101
-0.0474436260263958 0.024335415901929 0.204134884753535 0.0683126151431564
-0.0245472251278152 0.0497369796240582 0.16159651681415 -0.086198383172472
-0.00416668894058323 0.0624035838031661 0.0430051282776981 -0.220235169227535
0.00582942618763589 0.0584013532508086 -0.104470297019668 -0.178052995335512
0.0326691856742932 0.0404107090212266 -0.265713227988093 -0.0704029419260968
0.0461279735444307 0.0347953938242853 -0.400014930826538 0.124384975910194
-0.0389915025814159 -0.00702580480515902 0.0375257880343859 -0.151437555637446
-0.0573255129363965 -0.0382698661576477 0.0254668406382137 -0.0376850957154709
-0.0632044510710656 -0.0516740940618404 0.0711386569240551 0.126652422092494
-0.037489681140885 -0.0602028668620663 0.0242027696791161 0.237652342489589
-0.0248422312433367 -0.0914659038238942 -0.125764906429556 0.293691995642102
-0.0230212072438357 -0.111669330703025 -0.210577873372957 0.333360173817897
-0.0376214306461568 -0.126121049451159 -0.171233596212064 0.312575893634285
-0.0571876829267104 -0.12734371612484 -0.0477179392041163 0.25422404875022
-0.0597475918812764 -0.0996342159962343 0.0892721444339472 0.1857492328172
-0.0722878500173567 -0.0530938372163588 0.185544643698344 0.0555517816693541
-0.0685939396982843 0.000551895193916997 0.15253460967011 -0.0904693991823794
-0.0648728859321066 0.0348149583000153 0.0330231460612305 -0.217315832975299
-0.062809632174979 0.0370677351763653 -0.118578304331531 -0.182716709662942
-0.0347235812097247 0.0285997761115607 -0.271473793533229 -0.0800079364465384
-0.0181007287636653 0.0327331168159364 -0.397064915668213 0.107969853222064
-0.0936207698056698 -0.0312381387185138 0.0751673873908965 -0.145727995194034
-0.105139095984056 -0.0725814511741765 0.0470384523823384 -0.0233498893645402
-0.108364297825149 -0.103984466966452 0.0765463418846807 0.145409545378616
-0.0658556027611063 -0.122096484534738 0.0309616306180833 0.248926118022304
-0.0273911241866039 -0.160941911215141 -0.107652519544904 0.276580856579725
-0.00611684498140732 -0.188394613194842 -0.198675564860216 0.287187689760143
-0.00946643215522351 -0.206482688411943 -0.175803474299581 0.251400916819697
-0.0328877122945253 -0.209701263289264 -0.0663771608443658 0.19379798495257
-0.0517902835037073 -0.181318260336116 0.0601552234749436 0.131551919698399
-0.0863741972505679 -0.127148881327027 0.155730919100921 0.0212295922049911
-0.103974857219534 -0.0533505163699636 0.132914040716604 -0.102582515879618
-0.119908065240816 -0.00217949881812681 0.0152167559272778 -0.215304812164445
-0.127449908621983 0.00772881829575389 -0.129175769861862 -0.190150385751028
-0.102449868986723 0.00920942046434493 -0.262592246627213 -0.0913580778193312
-0.0842245579753577 0.0213548442100006 -0.367155598447799 0.0918410201029303
-0.132608492475773 -0.0445568958022766 0.129279424292799 -0.134979636248392
-0.138713268894484 -0.0811958048997965 0.0812910736318825 -0.0093036505830038
-0.146092078910333 -0.11902162962228 0.0848031064939873 0.15485042253034
-0.101883669692262 -0.146684665190446 0.0343178576099193 0.245195391304355
-0.0479528500287714 -0.197744510574596 -0.0925730658671692 0.240752550282656
-0.00379165067422872 -0.234884991568893 -0.18619317346385 0.218378750141432
0.0127834338736283 -0.254376908552333 -0.171188100160167 0.165907675572369
-0.00304241741728197 -0.26166407027134 -0.0725115656842547 0.104728139878592
-0.0300947434637605 -0.239618241478234 0.0348905373605899 0.0506129527323211
-0.080405943979593 -0.190254509264111 0.121527590389762 -0.0341191212773848
-0.120252241333173 -0.113651854559554 0.104139189026911 -0.124646336737092
-0.15893484356642 -0.0546061312849435 -0.006737718511155 -0.212145563903574
-0.179277767406044 -0.0399842308439152 -0.13424228788566 -0.195984825417972
-0.159065664253938 -0.0236111952682459 -0.235902731152508 -0.096993835795997
-0.140835525863849 -0.00401065400107607 -0.314589377583025 0.0839727673767578
-0.14961862700767 -0.0496840286528457 0.190095123090061 -0.124386525632341
-0.150023122856276 -0.0741225416996532 0.119218240959975 -0.003756503312924
-0.160002004889612 -0.109442019293015 0.0895613844044771 0.152423802545905
-0.121340691924259 -0.142890428599286 0.0246134066715814 0.229900724415125
-0.0639071811225345 -0.200153278677146 -0.0909127816001954 0.19640047146945
-0.00786147522111685 -0.242597044570245 -0.179004288488863 0.138899257068371
0.0288661773545488 -0.264053084327446 -0.162563009291492 0.0694219863592256
0.0264562076801746 -0.275159672840273 -0.0671409587483329 0.00296576245427059
0.00414392509599443 -0.263543748668784 0.0224912255595402 -0.0500527028932466
-0.0478346864081407 -0.231950770141307 0.0919155594471271 -0.110319533018769
-0.102458178311849 -0.174294122029446 0.0729712541369989 -0.160474381119505
-0.162561323264975 -0.12233060193754 -0.0318162158914265 -0.208940415103149
-0.198750134197392 -0.105298851412019 -0.130767533774481 -0.193559415994214
-0.189781075280195 -0.0705278847703457 -0.194251413357477 -0.09004591294166
-0.17594197430774 -0.0365612364324762 -0.245465121902311 0.0893379091055288
-0.146383966076188 -0.0510874580863841 0.248202229546675 -0.118778845033965
-0.138418985930289 -0.0634180110648134 0.153335245786938 -0.00255411197844208
-0.147270189716721 -0.0940184699562554 0.0925719195307764 0.147942395000897
-0.116151472954778 -0.126974377222436 0.00679924730486243 0.21683444463318
-0.0639195098976027 -0.179879369959621 -0.0996948506580191 0.15757444175906
-0.00541451401735339 -0.216759104663807 -0.1798321989581 0.0642532577110893
0.0401620552712532 -0.235146470967391 -0.154106534176433 -0.0209001862909168
0.0505779897135958 -0.246603009023913 -0.0506647388390938 -0.0957700652051029
0.0444199134529881 -0.244992398903494 0.0315867747109349 -0.153765494980076
0.00596286997720948 -0.232996675169431 0.0856829532359288 -0.198976144432849
-0.0466758140065232 -0.206564453933193 0.0563522932055473 -0.212987618410011
-0.117407201876072 -0.179481293821169 -0.0519141923479081 -0.212358829946949
-0.168473055313565 -0.167282311958039 -0.123608288261258 -0.17990715466432
-0.180275023314608 -0.114191513385375 -0.147481545284432 -0.0618176250067686
-0.178906291702174 -0.0662413581857099 -0.172465195042081 0.113148334508305
-0.124328014551494 -0.0510259974527619 0.300335414786948 -0.115329637924507
-0.111227823052331 -0.0529756608066517 0.184603793229501 -0.00213556184823522
-0.115037627785549 -0.0814726056058121 0.097284077500662 0.144920280299856
-0.0897403245970336 -0.107427811772078 -0.00681751129341396 0.207662943115064
-0.0465590279352529 -0.145385661864592 -0.107739281922889 0.130382863866505
0.0056079962455043 -0.165744810160163 -0.182578686231329 0.00726056468940959
0.0490537363750583 -0.175257910739593 -0.145630694257182 -0.0928605317903022
0.0669160016714531 -0.182449055721922 -0.0269893184540235 -0.175723584229592
0.0741857986975313 -0.182899193287409 0.0624040860548228 -0.241968766802945
0.0566049535642862 -0.183764212228971 0.112735392978497 -0.280406016553779
0.0212611899756085 -0.183102609037419 0.0698326798119299 -0.268675909632513
-0.0426593429586523 -0.184348963051058 -0.0580416654103783 -0.223033074533602
-0.097223351846982 -0.184935646314849 -0.115899109703759 -0.157560957109598
-0.130216909803175 -0.127805111071407 -0.111725068017379 -0.019997626063972
-0.149219665774776 -0.080377937652881 -0.113692115151149 0.147540148139418
-0.0877121055923132 -0.0536052071048709 0.340225335151209 -0.108563836261357
-0.0722727348047055 -0.0447881950773403 0.214297722539227 0.00277571877408576
-0.068569025748462 -0.069130527520362 0.108943280675596 0.144501804321583
-0.0474811552191415 -0.0858172899662722 -0.0119621083673313 0.202227788960622
-0.0171591691747592 -0.101711719499103 -0.110419106561575 0.114583482938765
0.0236218983287668 -0.0981415022688241 -0.179917523623513 -0.0296707055228345
0.0569728249413264 -0.09375188590692 -0.135188241612404 -0.136914710340251
0.0718291898292441 -0.0922914958959863 0.000439411905844186 -0.225237519462455
0.0836398521719725 -0.090320903420151 0.103801092179035 -0.294684795353666
0.0745814410622041 -0.0934344009828672 0.159927261132351 -0.33124848215553
0.0545532618716739 -0.106863427129869 0.104176963012682 -0.306534799468409
0.0119485956038141 -0.127274649412942 -0.0504603424043944 -0.23578899016172
-0.0241286206902218 -0.13748450591467 -0.112213817183802 -0.14008958780813
-0.0598629788456613 -0.096024075031117 -0.0907988628505059 0.0173848867838988
-0.0931926481419917 -0.0723631381449052 -0.0757547713925019 0.179935027540397
0.0223298070204231 0.0219767926462364 0.0286026674188261 -0.141452013482473
-0.00564415508739949 0.0172466391019287 0.0183717215351497 -0.0343223630637123
-0.0261930565816665 0.0287420555419642 0.0655601859428611 0.113345598267132
-0.0305077466305094 0.0227102368977422 0.0180340710704104 0.215831538618705
-0.0422460661550024 -0.00424666269074383 -0.132447227072353 0.283714076191125
-0.0494366927940714 -0.0174467061417914 -0.204370221353379 0.335071054873012
-0.0619219870966836 -0.0269477330177134 -0.1597525608108 0.32606378826638
-0.0701990856290155 -0.0272372536651284 -0.0304580420186506 0.271449178315789
-0.0557503342696185 -0.00914736984255147 0.106267920633268 0.204723422869622
-0.0469002978387491 0.0225084901032818 0.197813795046515 0.0716426980885592
-0.0245070312038411 0.047076512009661 0.161539787359457 -0.0789747707508961
-0.00542045409929216 0.0605639969139929 0.0475244284276274 -0.213823907282902
0.00427293924997956 0.0575927229827051 -0.0967823365354978 -0.176058601227479
0.0313300057939922 0.0400261401321864 -0.257017105527051 -0.0750134903296512
0.0436737876536281 0.0345538560185117 -0.389748110895357 0.10922728858585
-0.0381673529506331 -0.00813852784637965 0.039951726943546 -0.146202649020852
-0.0552325312078743 -0.0384442398877355 0.0246558149950024 -0.0359180476588089
-0.0597900313870964 -0.0516816880382032 0.0651508841298766 0.123787559182164
-0.0344526305578799 -0.0601111875565483 0.0170883402533615 0.230537777931415
-0.0217978610354599 -0.0893438843855923 -0.131399856384325 0.281172320934695
-0.0188651136978231 -0.109495679976432 -0.215123605872569 0.318212278836812
-0.0327186074065541 -0.123524565569253 -0.176648141616147 0.298210024696679
-0.0520476540073433 -0.12543108902433 -0.0539180854284083 0.245366087328744
-0.0555967249712227 -0.100361636789914 0.0806733005189325 0.183423616947431
-0.0689747701244009 -0.0541903351957539 0.178475979551211 0.0589357870198197
-0.0664632153751843 -0.00206495928323922 0.151143483290925 -0.0829854714291355
-0.0640919278517414 0.0319953991616453 0.0376356972795493 -0.210906409356718
-0.0618352221297401 0.0348532636075695 -0.109758541232343 -0.181538341218895
-0.0347257231439533 0.0276461482541055 -0.261691389031089 -0.0844745297512715
-0.0188860654874738 0.0317081160222777 -0.38528766888869 0.0927950648469825
-0.0909982931669403 -0.0327769556416413 0.0759020179265372 -0.138235071028724
-0.101055114084717 -0.0737495912877701 0.0457680027330619 -0.0210392215733015
-0.102424256796333 -0.10368149520978 0.0693257016011916 0.142150966813041
-0.0604494415937172 -0.121312132401046 0.023424566090523 0.24180802854749
-0.0222972628436372 -0.157155157160906 -0.114089015845166 0.265018728417329
-8.05030002017197E-05 -0.183930416105065 -0.202531447544505 0.275939081478246
-0.00355925449380134 -0.201327474644278 -0.178573178499902 0.239441965611912
-0.0258123575765345 -0.204637195481465 -0.0698315226417105 0.185896397826712
-0.0457449690856654 -0.17918900416367 0.0545494734255077 0.130290035602258
-0.0803219142470841 -0.126847202817135 0.150413592621659 0.0243681237701424
-0.0994261316596093 -0.0556356470115068 0.132711189102457 -0.0970355689887491
-0.117420487294641 -0.00607760024839954 0.0209714912434202 -0.209144143017494
-0.124989451665592 0.00425048559642081 -0.120973566599165 -0.188580709452401
-0.100136525012158 0.00633127562445545 -0.252469133163464 -0.0954617841564178
-0.0827187944602694 0.0183463691033147 -0.358101221840981 0.0793233872237117
-0.128092735062238 -0.0469734650122307 0.12770447768223 -0.125376804032066
-0.133123804146977 -0.0836651735015018 0.0776504567445375 -0.00652574981411494
-0.139355900505286 -0.119683161562223 0.0777611368560537 0.151487265595788
-0.0954805428893445 -0.146206386224718 0.0272703085411725 0.23748471142386
-0.0411178457300471 -0.193908451910604 -0.0977962013962555 0.231361255408241
0.00245062179360337 -0.228873791461924 -0.187515639543793 0.209505662948068
0.0199778120626721 -0.248393529392079 -0.171490066884008 0.155727590019942
0.0047922839370545 -0.254976290604081 -0.0735355836061674 0.09898336225608
-0.0220964736430184 -0.234837701506814 0.0315670936063523 0.0507937086949346
-0.0730407342955264 -0.188714231354001 0.118829584502795 -0.0303581936749192
-0.11401646755922 -0.115437998806835 0.105072088258133 -0.119274116181928
-0.154038422114159 -0.058277229149351 9.71127683229062E-05 -0.20561061540222
-0.174491355838117 -0.043205740176612 -0.124851563857379 -0.192916358312477
-0.155247672070939 -0.0269502379132781 -0.225907979420073 -0.0995980154800042
-0.137626718667526 -0.00638622667523491 -0.305627295909357 0.0722526038292878
-0.145626371012589 -0.053056340199145 0.186823684418414 -0.114106201602561
-0.144200528543975 -0.077412428289856 0.114102016192378 0.00101561002435067
-0.153182099309079 -0.110783900640362 0.0823755411386943 0.150370432643371
-0.114697955980094 -0.143206597788936 0.0181783240756019 0.223761507925969
-0.0574345926544048 -0.197830486219293 -0.095133369890562 0.187669935780847
-0.000807823679327154 -0.237657553252532 -0.177990297389096 0.132271764628315
0.0356585115778091 -0.257535293681055 -0.160140369545516 0.0625340730444825
0.033685770425832 -0.267599278136788 -0.0651118923988861 0.000562164250202188
0.0120313722685698 -0.257457755526087 0.0233627649925516 -0.0471576911925164
-0.0396791256325426 -0.228230965548101 0.0914474160969396 -0.106086269570096
-0.0945230176456434 -0.173493707877401 0.0762281990914561 -0.155803489410068
-0.154997312087145 -0.124518390047422 -0.0241225755552258 -0.202660193286888
-0.192072135132888 -0.108351917101497 -0.12124092445769 -0.190375148515426
-0.184410261044127 -0.0733843510957867 -0.18517436655875 -0.0916209510459637
-0.170683621356913 -0.0405485365684194 -0.238928638668951 0.0800897840519502
-0.142776866777722 -0.0533941982516871 0.243706974614648 -0.106435479440956
-0.134394909049022 -0.0658361674151577 0.147692201206319 0.00265601272497423
-0.142012722659926 -0.096142062151972 0.0854015376680737 0.145865412945159
-0.110635666222954 -0.127390861912368 0.00124361928791523 0.210954988234916
-0.0583249317932653 -0.177263473738034 -0.102425003949113 0.14971118829568
0.000151469021034574 -0.211741057834392 -0.177307358098151 0.0593090541759084
0.045906947212417 -0.228833796293598 -0.148753937940848 -0.0248596833214111
0.0570377396801954 -0.239530690793384 -0.0460427573913288 -0.0950530321875102
0.0510237343048254 -0.237390370455098 0.0347650492523942 -0.147934849215301
0.0124829548442315 -0.226381434236101 0.0891856760580256 -0.192061757143863
-0.0388452635825547 -0.203313232010164 0.0616491128089137 -0.20614051327016
-0.109357985311729 -0.177597697330737 -0.0434052747944843 -0.20709339924551
-0.159688008288803 -0.166760398057422 -0.114985437071731 -0.177085953967153
-0.173400283277194 -0.115368994250339 -0.140251111908504 -0.0641502570015603
-0.172287755140874 -0.0689747424074934 -0.168611634226063 0.105454587150238
-0.121093834305776 -0.0525341962859642 0.294225874934595 -0.101511024723878
-0.108209152790906 -0.0555013681678106 0.179195731996285 0.0036799951681655
-0.111101116387749 -0.0819494572249545 0.091115081501629 0.142750926259548
-0.085711858393424 -0.107849766291103 -0.0113998523061648 0.201476204833116
-0.0431968320680432 -0.142995583412045 -0.108653262046635 0.122541970911585
0.00952794579065649 -0.161833756171203 -0.177811484105911 0.00323142674254829
0.0527585063896353 -0.170258935923389 -0.137353834664724 -0.0933505947720078
0.0701132234137178 -0.17559113085348 -0.019638842407167 -0.172132159987212
0.0779241068645087 -0.176401089084717 0.0671586018038587 -0.231978267784962
0.0597820219651445 -0.17692168098021 0.117381660433284 -0.270347969764524
0.0262639620703985 -0.17779310508061 0.0756161671725036 -0.260072702181454
-0.036961092300296 -0.18031602304743 -0.0497437308141323 -0.216939081017571
-0.0902441632038934 -0.182933001373435 -0.10864777019941 -0.15651280360071
-0.12429703139926 -0.127970770430575 -0.106305945748612 -0.0218315917354052
-0.142380724192648 -0.0814791041915089 -0.111961943004271 0.140342347449605
-0.0850828831000795 -0.0533246305768168 0.331821828290774 -0.0944543780051235
-0.0701905913726356 -0.0454538434495825 0.207273472818803 0.00904207616786382
-0.0657890355825425 -0.0683997773098558 0.101768191240173 0.143312535124526
-0.045052183404926 -0.0851427944179193 -0.0162330296097041 0.196169984602704
-0.0153162332719653 -0.0993892937969425 -0.111047507005303 0.105842507420639
0.0261005027280346 -0.095455775778125 -0.174993853467765 -0.0328225781965394
0.0583401151721631 -0.0902595122013452 -0.126039482955339 -0.136589956840604
0.0731106919527035 -0.0875862785214409 0.00790135921864661 -0.219184846549755
0.0835181707690334 -0.0849814828559118 0.109710472603736 -0.283166689889026
0.0759105744339672 -0.0887181619579101 0.164322397583969 -0.316734195284583
0.0564533085902932 -0.102704312678511 0.110619025615651 -0.295908117665093
0.0153085295728025 -0.122726543119589 -0.0412042338346536 -0.229634431179407
-0.0205011808811508 -0.134466215245625 -0.105217780598258 -0.139174122123204
-0.0563006121042862 -0.0955966694931216 -0.0890299746864154 0.0151267478254575
-0.0885058998053853 -0.0718285580621127 -0.0765623557872283 0.172078080796413
0.0212569614649228 0.0231236420443768 0.0339571027225898 -0.142686290091864
-0.00730135285894735 0.0176596363677814 0.0188806063353247 -0.0343449473933146
-0.0274003364446426 0.0291857676990689 0.0605139422207851 0.115508425338152
-0.031891970641546 0.0220529903951694 0.0105001526926225 0.218139216141374
-0.0428079378121188 -0.00558314633841312 -0.146257827302577 0.283187367138073
-0.0480643284534169 -0.0198561844063394 -0.221608561608726 0.333800792141772
-0.0620352817361052 -0.030083949177909 -0.174015238946558 0.324322545099422
-0.0705804982423588 -0.0296952191045308 -0.0420819418689216 0.273686754793466
-0.0565320397838932 -0.0123117585360606 0.0991986486130763 0.211072034961365
-0.0480051333301328 0.0200806759472045 0.198212254842445 0.0798481371594041
-0.0269022213329393 0.0474543235692738 0.166913247078828 -0.0741023623733954
-0.00798110162602226 0.0608403243817817 0.0568960893807425 -0.215492313836576
0.00196353024245625 0.0578320400049147 -0.0915470017904399 -0.182200399140699
0.0308980639414597 0.0408009342020176 -0.258514554155437 -0.0839209217141212
0.0422928639719001 0.0363462271890382 -0.396122579509313 0.0948228619757578
-0.0393099776913384 -0.00975857437693454 0.0454911224900452 -0.146589433855708
-0.0546539320798756 -0.0408360301281246 0.024729428464948 -0.0365597779794893
-0.0588436329926754 -0.0531434294850769 0.060943423449526 0.126718949407798
-0.0328624550018466 -0.0617778340596699 0.00904736888981787 0.233209736764658
-0.0189582797351713 -0.0905622060927573 -0.144740761271268 0.280021659945535
-0.0146877219327563 -0.111496247790551 -0.230064849466158 0.316844076977333
-0.028328156567649 -0.127195997076768 -0.190558948281932 0.294798150480457
-0.0478956148402581 -0.128446038119503 -0.0658820607009424 0.247324087477471
-0.0535941220032994 -0.104479217975168 0.0750971793647601 0.188544085018759
-0.067907051997707 -0.0591418304185348 0.17891307556428 0.0659590197417089
-0.0668825390194303 -0.00517653601574554 0.15692065458829 -0.0787561686073799
-0.0667460140944899 0.0297308833013994 0.046503237374135 -0.212804428536098
-0.0642822602785796 0.0334953178578624 -0.105675206775098 -0.187592110790689
-0.036250693015177 0.0260740636390019 -0.262107830120118 -0.094284663726381
-0.0209558433992157 0.0310438832897947 -0.390526264981207 0.0791359812732303
-0.0911761165125279 -0.0366904507028979 0.0806454631325238 -0.136282835013454
-0.0996274996975887 -0.0785286060912905 0.0454246859245672 -0.0200540842314238
-0.0998978371124958 -0.108465859073352 0.0636620581689193 0.145225527514527
-0.0571965674536158 -0.125092079118735 0.0157170703828004 0.244642367995601
-0.0172624949876618 -0.15940929096208 -0.126181361932254 0.263658494688718
0.00747590132038182 -0.186182463770961 -0.215332457556614 0.273255127758643
0.00399382016922645 -0.204457242692444 -0.190105011977079 0.23533903361807
-0.0181821327364744 -0.209036241597359 -0.0780620010824234 0.185883364875596
-0.0395686149138515 -0.184565769497658 0.049707537392206 0.133585386903799
-0.0771954218594018 -0.132584946467004 0.151858706687785 0.0296399760313178
-0.0987793522468844 -0.0613116202093407 0.137480448204112 -0.0934505740564274
-0.119988320261849 -0.0110968283085987 0.0297455542349798 -0.210832087194575
-0.128056207438844 -0.000128857880174215 -0.11439178475109 -0.19512083624514
-0.102717761571393 0.003328337414126 -0.251469518627411 -0.105062770751488
-0.0847852032144088 0.0156764161681722 -0.361414551929191 0.0653516279200481
-0.128927969747571 -0.0521524814899057 0.13249773169445 -0.121617484028285
-0.132536504758117 -0.0899532285209156 0.0775472336305674 -0.00364165301641031
-0.136620437335884 -0.125983288695163 0.0726118586499808 0.155571029717513
-0.0912103155090625 -0.152590524228318 0.0182487665965083 0.240358502168477
-0.0349676739742762 -0.198049785929147 -0.109059053828207 0.229810318854224
0.0118578559223859 -0.231707397119192 -0.197819975132224 0.206927300717727
0.0301509861661836 -0.251294978193455 -0.179302666022009 0.15145549990086
0.014236458260343 -0.258872786797429 -0.0783891691110932 0.0979484551014547
-0.013671588708101 -0.240447863713288 0.0300429926951722 0.0530353294214519
-0.0658846238117437 -0.194826487237459 0.120870755639759 -0.0270600341430585
-0.11073714346388 -0.121551734943614 0.111230069268252 -0.117505927840202
-0.154159272602021 -0.0657830051638488 0.00773287075637739 -0.207720609616894
-0.17663064123288 -0.0499015180284343 -0.118843648648599 -0.200858804510829
-0.157211205224269 -0.0327463376291664 -0.223430842137002 -0.109633797434722
-0.139077843356943 -0.0122876179701312 -0.308441094720731 0.0608684118023901
-0.146946473854152 -0.0577725352495609 0.192580205321426 -0.106864243399261
-0.144417687825969 -0.0841944041651116 0.114362485723346 0.0056976200555286
-0.151837337605532 -0.118531610139864 0.0776804142211543 0.154830813227746
-0.112076260591515 -0.149962610306531 0.00994509882225519 0.226278396703193
-0.0515697218229653 -0.202554397453059 -0.105197260857012 0.185766020913438
0.00888954770005008 -0.241758581042049 -0.185854896235108 0.129121773543636
0.0466112841066172 -0.260583585671391 -0.163833297829193 0.0576337000947466
0.0441127004201387 -0.270196548283258 -0.0651192677109911 -0.00241656855109719
0.022914478216354 -0.260954242229143 0.0246977556915635 -0.047025079178296
-0.0312941506795629 -0.232910131355224 0.0958569640604632 -0.103858799544287
-0.0881422621777127 -0.180322204062991 0.0820618998831022 -0.155079674576332
-0.152686414718508 -0.13206977798623 -0.0168326177384574 -0.205668366694931
-0.191274339804382 -0.116765919710299 -0.115691354505719 -0.197515516820389
-0.185412222191162 -0.0807774097707677 -0.18279948017407 -0.0988418879467041
-0.171294816830215 -0.0465600554640606 -0.241103348582393 0.0718282270562992
-0.143118058838603 -0.0588511231618834 0.249016502879937 -0.0976141017451433
-0.134637618824131 -0.0722351664993771 0.148510799875934 0.00873441997464137
-0.140988307913312 -0.102256060042018 0.0812497119544581 0.150274527878669
-0.10800804869648 -0.133570339466313 -0.00557806085945157 0.212624479764687
-0.0531786612924927 -0.182515030258013 -0.110960887416163 0.146639557043483
0.00853792881811624 -0.215941944426281 -0.18116927545168 0.0548505798164166
0.0553822363146746 -0.231890663025954 -0.149032727521852 -0.0311865071181369
0.0675641138368909 -0.240381623912166 -0.0418638102220666 -0.0984834978966126
0.0604191912815384 -0.239884158711214 0.040409173781198 -0.148690969734757
0.0216389857572181 -0.230252821770668 0.0961583607896794 -0.192141997089933
-0.0315748762142444 -0.206845187328112 0.0693865834724312 -0.207088167064565
-0.104085312401954 -0.184751248299371 -0.0347835988480013 -0.209904541480265
-0.157189574292482 -0.174262288810861 -0.10883639593957 -0.183259035678074
-0.172514448827674 -0.122731788440558 -0.138457669790967 -0.0683124747234009
-0.172190443893797 -0.0760642914352111 -0.172620792296856 0.100252811061297
-0.121421531489709 -0.0575160498142353 0.299934029023011 -0.0900531259882681
-0.108980209721403 -0.059726994135755 0.181054470096911 0.0111641422144328
-0.110304848874716 -0.0868414566410323 0.0874264627622035 0.147917026655403
-0.0841082507071727 -0.111996257745421 -0.0185837246310393 0.203248525215375
-0.0394132384432822 -0.146675894231935 -0.115446715284681 0.119472968181832
0.0154799446925454 -0.164172815842927 -0.180219402101255 -0.00244331384304694
0.0602433799782366 -0.171655666982719 -0.134715341917784 -0.10124367442585
0.0780419499459559 -0.176557071174839 -0.0126327893082802 -0.175830958652907
0.0862324927352683 -0.176838781959103 0.0759404648721403 -0.233070279496958
0.0676702193259776 -0.177262885041374 0.128837697598536 -0.269805171072325
0.0327858671780878 -0.179823787539114 0.0871726888326173 -0.260559775992214
-0.0304092442536116 -0.184143101886104 -0.0408306366285314 -0.219554442317935
-0.0860775632947944 -0.187267985758485 -0.104280259063743 -0.161637041260547
-0.121139848346461 -0.133136148898593 -0.1066180248848 -0.0243159663303914
-0.141594715320625 -0.0874038313177255 -0.115794217344267 0.137751601219301
-0.084256703954246 -0.0569284925624901 0.338454067471062 -0.0827355520669164
-0.0695145720340476 -0.0488152349458333 0.208613436670416 0.0177868973925682
-0.0645462726994119 -0.0711103665508221 0.0977757405923122 0.148072394490677
-0.043631452879241 -0.0876918526728152 -0.0231937536472331 0.197518590021285
-0.0124109684576238 -0.101163303508364 -0.116761499958962 0.102487796932191
0.0301303236254015 -0.0959845925274614 -0.176545647247876 -0.038403134830037
0.0627595296308956 -0.0898976602926366 -0.119588010027185 -0.142702168505254
0.0773598530263325 -0.0861781937197393 0.0177131455250486 -0.222730327673117
0.088086237065409 -0.0833392748608899 0.122316873996499 -0.281115202964095
0.0800893799176878 -0.086813850392661 0.177669929548565 -0.315156786155394
0.0605780482780871 -0.102014443765064 0.123462202817019 -0.296164546288627
0.0202354232514299 -0.123329743638632 -0.0317225907124641 -0.231704520663379
-0.0167848286004342 -0.136423141950476 -0.101149890589682 -0.144317687309066
-0.0534360914257284 -0.0984800453910095 -0.0901121377684801 0.0132884208083551
-0.08692356542992 -0.0761468570211419 -0.0830798892193526 0.171731894442538
