TRXV5
3
4
4
9
string Extension=J
integer IsArchMeasurement=1
integer IsSpherical=1
string Generator=SPM
string GeneratorVersion=1.3.1 Dev
double ArchRadius=0.449999988079071
integer FrequencyAxisIndex=0
integer AzimuthAxisIndex=1
integer ElevationAxisIndex=2
Frequency
5 136 690000000 960000000 LIN
Azimuth
7 8 0 2.74889357189107 LIN
Elevation
7 15 -2.74889357189107 2.74889357189107 LIN
Polar H Real Part
13
Polar H Imaginary Part
14
Polar V Real Part
13
Polar V Imaginary Part
14
Polar H Magnitude (dB)
12 0xC0000002 0 1
Polar H Phase
7 0xC0000003 0 1
Polar V Magnitude (dB)
12 0xC0000002 2 3
Polar V Phase
7 0xC0000003 2 3
-0.00885009765625 0.00190258026123047 -0.131950378417969 -0.0361557006835938
-0.00637674331665039 0.00435495376586914 -0.133308410644531 0.09564208984375
0.00624465942382813 0.011052131652832 -0.016143798828125 0.155059814453125
0.00586938858032227 0.000481128692626953 0.0510940551757813 0.088958740234375
0.000119805335998535 0.00124573707580566 0.0389213562011719 0.0221977233886719
0.00450801849365234 0.0107755661010742 -0.00249958038330078 -0.000590324401855468
0.00854206085205078 0.013340950012207 -0.0522727966308594 0.00807952880859375
0.00684452056884766 0.00825738906860352 -0.098541259765625 0.020172119140625
0.00767660140991211 0.00504398345947266 -0.142318725585938 0.010955810546875
0.00482177734375 0.00427627563476562 -0.172821044921875 -0.0489959716796875
0.00266456604003906 0.00773096084594726 -0.163909912109375 -0.123550415039063
-0.00498867034912109 0.00449085235595703 -0.084014892578125 -0.199127197265625
-0.0153617858886719 -0.000509262084960939 0.0583953857421875 -0.2266845703125
-0.0135250091552734 -0.0198307037353516 0.102447509765625 -0.1572265625
-0.00748825073242187 -0.0298671722412109 0.102043151855469 -0.0912017822265625
0.0026092529296875 0.0447158813476563 -0.126541137695312 -0.0410079956054687
0.0271263122558594 0.0396995544433594 -0.136337280273438 0.0822677612304688
0.0488510131835938 0.0132102966308594 -0.0350341796875 0.149154663085937
0.0358085632324219 -0.0330772399902344 0.0363693237304687 0.0953750610351563
-0.00168991088867188 -0.0405807495117188 0.0368003845214844 0.0325469970703125
-0.0310459136962891 -0.0215988159179688 -0.00117349624633789 0.00265049934387207
-0.0319480895996094 0.00489425659179688 -0.0477790832519531 0.00680923461914064
-0.0259113311767578 0.00555419921874999 -0.0944061279296875 0.0176620483398438
-0.0288677215576172 -0.000995635986328127 -0.1416015625 0.0106201171875
-0.0279998779296875 -0.0141944885253906 -0.172119140625 -0.0460205078125
-0.0125370025634766 -0.0235309600830078 -0.166107177734375 -0.116455078125
0.00243568420410156 -0.0309295654296875 -0.093353271484375 -0.191864013671875
0.0234203338623047 -0.0115184783935547 0.0425872802734375 -0.227828979492188
0.0234050750732422 0.00810813903808594 0.09454345703125 -0.162506103515625
0.00860595703125 0.0158672332763672 0.101966857910156 -0.0930252075195313
0.0135879516601562 0.0854873657226562 -0.122467041015625 -0.042266845703125
0.0631027221679688 0.0703964233398438 -0.139640808105469 0.067596435546875
0.09051513671875 0.00875091552734375 -0.059600830078125 0.14337158203125
0.0589828491210938 -0.0667076110839844 0.0162811279296875 0.11187744140625
-0.0074615478515625 -0.07781982421875 0.04058837890625 0.0551986694335938
-0.0641593933105469 -0.0484771728515625 0.0145263671875 0.0134830474853516
-0.0678176879882813 -0.00185394287109375 -0.0275859832763672 0.00637245178222656
-0.0556259155273438 0.00204849243164064 -0.0778732299804688 0.0131912231445313
-0.0636062622070313 -0.00760269165039063 -0.128929138183594 0.00756072998046875
-0.0599174499511719 -0.0327262878417969 -0.163009643554688 -0.0438232421875
-0.0282669067382812 -0.0536460876464844 -0.159759521484375 -0.109542846679687
0.00964736938476563 -0.0663185119628906 -0.0943603515625 -0.181854248046875
0.0610466003417969 -0.0240478515625 0.03399658203125 -0.220489501953125
0.0596961975097656 0.0340843200683594 0.0906219482421875 -0.157012939453125
0.0250625610351562 0.0570487976074219 0.102989196777344 -0.084564208984375
0.0241928100585938 0.114479064941406 -0.118881225585938 -0.0301513671875
0.09405517578125 0.0863723754882813 -0.145782470703125 0.0608062744140625
0.1181640625 -0.00304412841796875 -0.08349609375 0.149993896484375
0.0681610107421875 -0.0914459228515625 0.0046234130859375 0.140762329101563
-0.0157623291015625 -0.1005859375 0.0552978515625 0.0845260620117188
-0.0876235961914063 -0.0641326904296875 0.0450706481933594 0.0263900756835937
-0.0916213989257813 -0.00722503662109374 0.00528812408447265 0.00422143936157226
-0.0771408081054688 -0.00213623046875001 -0.0485076904296875 0.00476837158203126
-0.0902557373046875 -0.0135879516601563 -0.104095458984375 0.00114440917968749
-0.0842742919921875 -0.0500335693359375 -0.138969421386719 -0.0431289672851563
-0.0385360717773437 -0.0809402465820313 -0.141403198242188 -0.101348876953125
0.0194168090820313 -0.0955734252929688 -0.0855712890625 -0.167129516601563
0.0926361083984375 -0.0306320190429688 0.0326995849609375 -0.204910278320312
0.086883544921875 0.0561676025390625 0.09356689453125 -0.141586303710938
0.0360260009765625 0.0895004272460938 0.104042053222656 -0.062347412109375
0.0320587158203125 0.128219604492188 -0.11614990234375 -0.00675964355468748
0.109176635742188 0.0874176025390625 -0.150131225585938 0.070098876953125
0.125381469726563 -0.0142669677734375 -0.093597412109375 0.1693115234375
0.0642929077148438 -0.101249694824219 0.0077972412109375 0.17401123046875
-0.0226974487304687 -0.104759216308594 0.0807647705078125 0.112014770507813
-0.0980911254882812 -0.0675277709960938 0.0835037231445313 0.0359344482421875
-0.101150512695313 -0.0102920532226563 0.0442733764648437 -0.00119781494140625
-0.0876007080078125 -0.00543975830078125 -0.0136241912841797 -0.0049591064453125
-0.10498046875 -0.0200881958007812 -0.0704116821289063 -0.00610351562500002
-0.0961685180664063 -0.064453125 -0.104667663574219 -0.0402145385742187
-0.0387115478515625 -0.0996627807617188 -0.113571166992188 -0.0881118774414062
0.0325393676757813 -0.110557556152344 -0.0720977783203125 -0.146148681640625
0.11175537109375 -0.0263824462890625 0.03265380859375 -0.184005737304687
0.0962600708007813 0.072357177734375 0.098602294921875 -0.123397827148437
0.0388717651367187 0.106239318847656 0.107330322265625 -0.0326766967773437
0.03448486328125 0.121536254882812 -0.112632751464844 0.0231475830078125
0.10491943359375 0.0755767822265625 -0.148284912109375 0.0915069580078125
0.110702514648438 -0.0169296264648438 -0.0873565673828125 0.19189453125
0.0527114868164063 -0.0901718139648438 0.0238037109375 0.200164794921875
-0.0240020751953125 -0.0914688110351562 0.108634948730469 0.128776550292969
-0.0910263061523438 -0.0600509643554687 0.120559692382813 0.0403594970703125
-0.0940170288085937 -0.01214599609375 0.081787109375 -0.008209228515625
-0.0838775634765625 -0.00821685791015627 0.0220603942871094 -0.0147304534912109
-0.102828979492188 -0.0252227783203125 -0.0315608978271484 -0.0107955932617187
-0.089080810546875 -0.070556640625 -0.0650787353515625 -0.0325965881347656
-0.0282669067382813 -0.102401733398438 -0.0838546752929688 -0.0688552856445313
0.043701171875 -0.102432250976563 -0.0606155395507813 -0.120513916015625
0.108619689941406 -0.0110549926757813 0.030120849609375 -0.164871215820313
0.08551025390625 0.0774612426757813 0.10455322265625 -0.108985900878906
0.0328826904296875 0.10406494140625 0.106658935546875 -0.00208282470703124
0.0317153930664062 0.0986785888671875 -0.108543395996094 0.0556259155273438
0.0835952758789063 0.0572509765625 -0.13836669921875 0.116630554199219
0.084320068359375 -0.0122451782226563 -0.0684814453125 0.20977783203125
0.0395622253417969 -0.0665245056152344 0.0475311279296875 0.213485717773438
-0.0193328857421875 -0.0695533752441406 0.132919311523438 0.134658813476563
-0.072174072265625 -0.04754638671875 0.151870727539063 0.0396270751953125
-0.074005126953125 -0.0126571655273438 0.113128662109375 -0.0156326293945313
-0.0679206848144531 -0.00935363769531251 0.0546836853027344 -0.02252197265625
-0.0845794677734375 -0.026214599609375 0.00373363494873046 -0.0130681991577148
-0.0677871704101562 -0.0633125305175781 -0.02880859375 -0.0195331573486328
-0.0135650634765625 -0.0862350463867188 -0.0604438781738281 -0.0480384826660156
0.0446853637695313 -0.07562255859375 -0.0553436279296875 -0.099853515625
0.0844039916992188 0.003997802734375 0.0268707275390625 -0.154922485351563
0.0607833862304687 0.0678062438964844 0.112045288085938 -0.101097106933594
0.0220794677734375 0.0851058959960938 0.1051025390625 0.0239715576171875
0.0215682983398438 0.0621719360351563 -0.104454040527344 0.08123779296875
0.0501327514648438 0.03448486328125 -0.123619079589844 0.137481689453125
0.0507125854492188 -0.00217819213867188 -0.045989990234375 0.219192504882813
0.0267829895019531 -0.0355949401855469 0.0688323974609375 0.216201782226563
-0.0103416442871094 -0.0410957336425781 0.150375366210938 0.133651733398438
-0.0438423156738281 -0.0310897827148437 0.173492431640625 0.036041259765625
-0.0437202453613281 -0.0122947692871094 0.135353088378906 -0.0223312377929688
-0.0429229736328125 -0.00944519042968749 0.0777816772460938 -0.02777099609375
-0.0526657104492187 -0.0214767456054687 0.0314311981201172 -0.0124912261962891
-0.0386772155761719 -0.042877197265625 -0.00418806076049805 -0.00871944427490235
-0.00177764892578125 -0.0521621704101563 -0.0468978881835937 -0.032562255859375
0.0299720764160156 -0.0410079956054688 -0.0528945922851563 -0.0886154174804688
0.0451316833496094 0.00890731811523438 0.031341552734375 -0.152389526367188
0.0306472778320313 0.0418167114257813 0.122756958007813 -0.0953750610351563
0.0105056762695313 0.0522270202636719 0.103530883789063 0.0446090698242188
-0.00722503662109375 0.00164031982421875 -0.137184143066406 -0.0288314819335937
-0.00550365447998047 0.00431013107299805 -0.129859924316406 0.10693359375
0.00763225555419922 0.0107498168945313 -0.00494384765625 0.159271240234375
0.00582647323608398 -0.000471115112304688 0.0591583251953125 0.0861358642578125
-0.000527501106262207 0.00149023532867432 0.0412673950195313 0.0179519653320313
0.00541877746582031 0.00969028472900391 -0.00385832786560059 -0.00136470794677734
0.0108604431152344 0.012542724609375 -0.0548896789550781 0.0111579895019531
0.00793695449829102 0.00820207595825195 -0.099700927734375 0.0284881591796875
0.00827503204345703 0.00503063201904297 -0.144317626953125 0.0220489501953125
0.00507783889770508 0.00397491455078125 -0.179275512695312 -0.036895751953125
0.0033268928527832 0.00734615325927734 -0.17730712890625 -0.113937377929688
-0.00534725189208984 0.00571632385253906 -0.101226806640625 -0.197784423828125
-0.0154991149902344 -3.33786010742175E-05 0.042449951171875 -0.2364501953125
-0.0161342620849609 -0.0192718505859375 0.094635009765625 -0.168716430664063
-0.0103569030761719 -0.0298042297363281 0.101165771484375 -0.101219177246094
0.00637054443359376 0.045501708984375 -0.131881713867188 -0.0347976684570312
0.0312881469726563 0.0391082763671875 -0.132987976074219 0.0939483642578125
0.0526199340820313 0.0110435485839844 -0.02410888671875 0.15435791015625
0.0343132019042969 -0.0367507934570313 0.044464111328125 0.093963623046875
-0.00547027587890625 -0.0422134399414063 0.039703369140625 0.0288925170898437
-0.0339069366455078 -0.0199642181396484 -0.00162696838378906 0.0011909008026123
-0.0319347381591797 0.00742721557617187 -0.050048828125 0.0100517272949219
-0.0251216888427734 0.00790977478027344 -0.0968856811523438 0.0261611938476562
-0.030120849609375 0.00199699401855469 -0.143829345703125 0.0208740234375
-0.0300273895263672 -0.0125617980957031 -0.179306030273438 -0.0338592529296875
-0.0143165588378906 -0.0225791931152344 -0.179031372070313 -0.106735229492187
-0.000183105468749999 -0.0316486358642578 -0.109710693359375 -0.189208984375
0.0226898193359375 -0.0143604278564453 0.026123046875 -0.2376708984375
0.0239906311035156 0.00656700134277344 0.0861663818359375 -0.174118041992188
0.00968170166015625 0.0164260864257813 0.100296020507813 -0.103469848632813
0.0202865600585937 0.0863113403320312 -0.127906799316406 -0.0355606079101563
0.071441650390625 0.0680923461914063 -0.137535095214844 0.0782012939453125
0.0953216552734375 0.002471923828125 -0.0507659912109375 0.149703979492188
0.0558853149414063 -0.0726699829101563 0.0246810913085937 0.112373352050781
-0.013214111328125 -0.0799179077148438 0.0446662902832031 0.0527191162109375
-0.069366455078125 -0.0454826354980469 0.0153770446777344 0.0114307403564453
-0.069305419921875 0.00299453735351563 -0.0289287567138672 0.00790977478027344
-0.05633544921875 0.00642013549804686 -0.0792312622070313 0.0199813842773438
-0.0653839111328125 -0.00137329101562499 -0.130683898925781 0.0187606811523437
-0.0643882751464844 -0.0289993286132813 -0.169113159179688 -0.0325469970703125
-0.0321083068847656 -0.0530166625976563 -0.172256469726563 -0.100082397460937
0.00494003295898437 -0.06854248046875 -0.11065673828125 -0.1790771484375
0.0608787536621094 -0.0291481018066406 0.0178070068359375 -0.228103637695313
0.06439208984375 0.0317764282226563 0.0825653076171875 -0.1669921875
0.0290184020996094 0.0589828491210938 0.102821350097656 -0.09454345703125
0.0336380004882813 0.116378784179688 -0.123565673828125 -0.0234832763671875
0.103416442871094 0.0822982788085938 -0.144500732421875 0.0720977783203125
0.122726440429688 -0.011749267578125 -0.073760986328125 0.15869140625
0.06427001953125 -0.100334167480469 0.0144195556640625 0.142990112304688
-0.0240478515625 -0.1025390625 0.0622024536132813 0.0820541381835938
-0.0946884155273438 -0.0591964721679688 0.0477523803710937 0.0223960876464844
-0.094207763671875 -0.000602722167968753 0.00518608093261718 0.00284433364868164
-0.0776138305664063 0.00495910644531249 -0.0506744384765625 0.00925064086914063
-0.0947036743164063 -0.006256103515625 -0.106117248535156 0.00988769531250002
-0.0906524658203125 -0.0453109741210937 -0.145416259765625 -0.0338592529296875
-0.045196533203125 -0.08056640625 -0.153274536132813 -0.0922088623046875
0.0126113891601563 -0.099884033203125 -0.1007080078125 -0.164382934570313
0.0928878784179688 -0.0375518798828125 0.0172271728515625 -0.212539672851563
0.0931015014648438 0.0526962280273438 0.0861663818359375 -0.152420043945312
0.0427932739257812 0.0910263061523438 0.106056213378906 -0.0717620849609375
0.04205322265625 0.129776000976563 -0.118873596191406 0.00033569335937502
0.1202392578125 0.0826187133789062 -0.149063110351562 0.0815582275390625
0.128578186035156 -0.0218582153320313 -0.084930419921875 0.179428100585938
0.0594711303710938 -0.109375 0.0208282470703125 0.177536010742188
-0.0309906005859375 -0.106338500976563 0.0892562866210938 0.107467651367188
-0.10540771484375 -0.0610122680664063 0.0872116088867188 0.0296249389648437
-0.104225158691406 -0.00243377685546874 0.0446090698242187 -0.00545501708984375
-0.089508056640625 0.00109100341796875 -0.0149440765380859 -0.00343704223632813
-0.110099792480469 -0.0112762451171875 -0.071319580078125 -0.000251770019531252
-0.103401184082031 -0.0586471557617187 -0.11004638671875 -0.0336761474609375
-0.0474319458007812 -0.100151062011719 -0.123344421386719 -0.0807418823242188
0.0257186889648438 -0.116065979003906 -0.0850830078125 -0.143875122070312
0.112777709960938 -0.033843994140625 0.0188751220703125 -0.190460205078125
0.104278564453125 0.0696563720703125 0.09234619140625 -0.134483337402344
0.0473480224609375 0.108863830566406 0.109634399414063 -0.0415267944335937
0.0436630249023437 0.122955322265625 -0.113761901855469 0.0317764282226562
0.113670349121094 0.0702285766601563 -0.145828247070313 0.103286743164062
0.114410400390625 -0.02447509765625 -0.0760040283203125 0.20257568359375
0.04827880859375 -0.0964279174804687 0.039520263671875 0.202407836914063
-0.0313873291015625 -0.092926025390625 0.120040893554688 0.12255859375
-0.0976791381835937 -0.0538558959960938 0.126441955566406 0.0311431884765625
-0.097198486328125 -0.00521850585937499 0.08306884765625 -0.0159835815429688
-0.086395263671875 -0.00170898437500001 0.0213813781738281 -0.0170078277587891
-0.107002258300781 -0.0168228149414062 -0.0330219268798828 -0.00880241394042969
-0.0972518920898438 -0.066070556640625 -0.0674552917480469 -0.0283584594726563
-0.0362091064453125 -0.104629516601562 -0.0904388427734375 -0.0626373291015625
0.037841796875 -0.108230590820313 -0.0708847045898438 -0.1182861328125
0.11163330078125 -0.0187835693359375 0.01812744140625 -0.170440673828125
0.0939865112304688 0.0752105712890625 0.0997695922851563 -0.119590759277344
0.0411453247070313 0.106819152832031 0.111061096191406 -0.00991058349609374
0.0386581420898437 0.09918212890625 -0.108085632324219 0.0639801025390625
0.089599609375 0.052825927734375 -0.132835388183594 0.128684997558594
0.0863876342773438 -0.0175094604492188 -0.0552978515625 0.219436645507812
0.0361480712890625 -0.0705184936523438 0.06378173828125 0.214797973632813
-0.02484130859375 -0.0696678161621094 0.14630126953125 0.12835693359375
-0.0763931274414063 -0.04248046875 0.158035278320313 0.0289459228515625
-0.076690673828125 -0.00727081298828126 0.114730834960937 -0.02593994140625
-0.0705337524414062 -0.00459289550781251 0.0539283752441406 -0.02752685546875
-0.0890426635742188 -0.0195846557617187 0.00404167175292968 -0.0135269165039063
-0.0755462646484375 -0.0606460571289063 -0.0303916931152344 -0.0186119079589844
-0.0198135375976562 -0.087615966796875 -0.0653724670410156 -0.0429534912109375
0.040496826171875 -0.0816650390625 -0.0634689331054688 -0.096588134765625
0.0879058837890625 -0.00235748291015625 0.0151214599609375 -0.160110473632813
0.0672721862792969 0.067291259765625 0.107894897460937 -0.112037658691406
0.029388427734375 0.08709716796875 0.110984802246094 0.0177154541015625
0.0263404846191406 0.06268310546875 -0.102569580078125 0.0906906127929688
0.0537910461425781 0.0316200256347656 -0.118408203125 0.1490478515625
0.0529518127441406 -0.00555038452148438 -0.0317230224609375 0.227645874023438
0.0253448486328125 -0.0382308959960938 0.0865020751953125 0.216659545898438
-0.013336181640625 -0.0414772033691406 0.164077758789063 0.125198364257813
-0.046417236328125 -0.0286979675292969 0.179367065429688 0.0232696533203125
-0.0459480285644531 -0.00912094116210939 0.1368408203125 -0.0333480834960938
-0.0438270568847656 -0.00638961791992187 0.0774765014648438 -0.0337905883789063
-0.0546417236328125 -0.0181884765625 0.0321941375732422 -0.01507568359375
-0.0424156188964844 -0.0406455993652344 -0.00332117080688477 -0.00774478912353516
-0.00494384765625 -0.0533523559570313 -0.0489082336425781 -0.0287818908691406
0.0287055969238281 -0.0447349548339844 -0.0607681274414063 -0.0854263305664063
0.0472030639648437 0.00661849975585937 0.019195556640625 -0.158050537109375
0.0341072082519531 0.0417976379394531 0.118209838867187 -0.107559204101562
0.0142860412597656 0.0533790588378906 0.110015869140625 0.03759765625
-0.00589609146118164 0.000712394714355469 -0.136024475097656 -0.0208587646484375
-0.00495624542236328 0.00373125076293945 -0.121208190917969 0.114456176757813
0.00941848754882812 0.0104751586914062 0.00639343261718748 0.156768798828125
0.00513887405395508 -0.000926017761230469 0.0633544921875 0.0800704956054688
-0.000826001167297363 0.00197041034698486 0.0412979125976563 0.0130882263183594
0.00612545013427734 0.00976848602294922 -0.00501585006713867 -0.003875732421875
0.0118484497070313 0.011444091796875 -0.0548019409179687 0.0149116516113281
0.00927352905273438 0.00825119018554688 -0.0972366333007813 0.0363922119140625
0.00857448577880859 0.00528335571289062 -0.141250610351563 0.03167724609375
0.00562381744384766 0.00395584106445313 -0.179092407226563 -0.0242156982421875
0.00408411026000977 0.0072941780090332 -0.1824951171875 -0.1009521484375
-0.00494766235351563 0.0064544677734375 -0.113479614257813 -0.188461303710938
-0.0158367156982422 0.000844001770019533 0.026336669921875 -0.237442016601563
-0.0180339813232422 -0.0180110931396484 0.084442138671875 -0.174362182617187
-0.0117549896240234 -0.0285911560058594 0.0961532592773438 -0.107246398925781
0.0102767944335938 0.0442771911621094 -0.130279541015625 -0.0277557373046875
0.0348243713378906 0.0362205505371094 -0.125831604003906 0.101799011230469
0.0547370910644531 0.007080078125 -0.012847900390625 0.153701782226563
0.0320358276367188 -0.039093017578125 0.049102783203125 0.0880126953125
-0.00952529907226563 -0.0420074462890625 0.0403327941894531 0.0245513916015625
-0.0353431701660156 -0.0176162719726563 -0.00307679176330567 0.000125646591186522
-0.0310287475585938 0.00876808166503906 -0.0501022338867188 0.0132331848144531
-0.02386474609375 0.0100498199462891 -0.0937118530273438 0.03350830078125
-0.0299720764160156 0.00457191467285157 -0.140480041503906 0.032440185546875
-0.0297279357910156 -0.010650634765625 -0.178695678710937 -0.0213165283203125
-0.0146636962890625 -0.0218048095703125 -0.183944702148438 -0.0925445556640625
-0.00157928466796875 -0.0308132171630859 -0.12255859375 -0.179718017578125
0.0216350555419922 -0.0148696899414063 0.01007080078125 -0.235855102539063
0.0244598388671875 0.00572967529296875 0.0755615234375 -0.177703857421875
0.0107107162475586 0.0166816711425781 0.096282958984375 -0.110404968261719
0.025787353515625 0.0845794677734375 -0.127616882324219 -0.0281143188476562
0.0759735107421875 0.0633163452148438 -0.131568908691406 0.0860824584960938
0.096923828125 -0.00292205810546875 -0.0398406982421875 0.150909423828125
0.0514755249023438 -0.0767593383789063 0.0311355590820312 0.108070373535156
-0.0193939208984375 -0.0789718627929688 0.046478271484375 0.048004150390625
-0.0722503662109375 -0.0395278930664062 0.0147342681884766 0.00999069213867187
-0.0680656433105469 0.00733566284179687 -0.0291576385498047 0.0101947784423828
-0.0546417236328125 0.0110435485839844 -0.077392578125 0.0267715454101563
-0.0652313232421875 0.00375366210937501 -0.127464294433594 0.027252197265625
-0.0658187866210937 -0.0241966247558594 -0.169219970703125 -0.02117919921875
-0.0353584289550781 -0.0514411926269531 -0.177780151367187 -0.0867767333984375
8.01086425781271E-05 -0.0679092407226562 -0.1219482421875 -0.16986083984375
0.0584259033203125 -0.0321578979492188 0.00170898437500001 -0.227752685546875
0.0647354125976563 0.0282669067382813 0.0713043212890625 -0.172439575195313
0.0330848693847656 0.057708740234375 0.0985183715820313 -0.101333618164063
0.0400390625 0.113128662109375 -0.123176574707031 -0.0166778564453125
0.109771728515625 0.0750350952148437 -0.138572692871094 0.0797042846679687
0.122909545898438 -0.0177841186523438 -0.0630950927734375 0.161483764648438
0.0575408935546875 -0.103736877441406 0.023345947265625 0.14093017578125
-0.03082275390625 -0.100395202636719 0.0661697387695313 0.0765380859375
-0.09759521484375 -0.0511550903320312 0.0471343994140625 0.019134521484375
-0.0929031372070313 0.00605010986328125 0.00428271293640136 0.00185418128967285
-0.076751708984375 0.00970458984375 -0.0496482849121094 0.0133781433105469
-0.0945205688476563 0.00131988525390625 -0.103813171386719 0.0172653198242187
-0.09344482421875 -0.0384521484375 -0.145462036132813 -0.024322509765625
-0.049407958984375 -0.0778274536132812 -0.157501220703125 -0.0807952880859375
0.00658416748046876 -0.099365234375 -0.111419677734375 -0.155960083007813
0.09014892578125 -0.04290771484375 0.00181579589843751 -0.211441040039063
0.0959396362304688 0.0482406616210938 0.076324462890625 -0.1572265625
0.0484237670898438 0.0894699096679688 0.10296630859375 -0.0785980224609375
0.0494537353515625 0.126449584960938 -0.118278503417969 0.0068511962890625
0.125617980957031 0.0745697021484375 -0.142318725585938 0.089752197265625
0.12774658203125 -0.0295333862304688 -0.0723724365234375 0.181961059570312
0.052459716796875 -0.111923217773438 0.0308074951171875 0.174041748046875
-0.0378341674804688 -0.103279113769531 0.0959625244140625 0.100379943847656
-0.107757568359375 -0.0527572631835938 0.08795166015625 0.0233993530273437
-0.102676391601562 0.0044097900390625 0.0433311462402344 -0.00928497314453125
-0.0878067016601563 0.00709533691406248 -0.0155754089355469 -0.00156497955322265
-0.10968017578125 -0.00335693359375002 -0.0702896118164062 0.00528717041015625
-0.106712341308594 -0.0511474609375 -0.109893798828125 -0.0254974365234375
-0.052581787109375 -0.0976028442382813 -0.127006530761719 -0.0709381103515625
0.0176315307617187 -0.117591857910156 -0.093658447265625 -0.135704040527344
0.110824584960938 -0.040130615234375 0.00526428222656253 -0.189926147460938
0.108657836914062 0.0641860961914063 0.0835113525390625 -0.140327453613281
0.0539703369140625 0.10693359375 0.108230590820313 -0.0493316650390625
0.050323486328125 0.118919372558594 -0.111274719238281 0.03765869140625
0.117866516113281 0.0629653930664063 -0.137588500976562 0.110221862792969
0.112037658691406 -0.030792236328125 -0.0628204345703125 0.205230712890625
0.0430221557617187 -0.0983047485351563 0.0526885986328125 0.197860717773438
-0.0364837646484375 -0.09027099609375 0.126380920410156 0.1134033203125
-0.0994720458984375 -0.0466690063476563 0.126754760742188 0.0218353271484375
-0.0955047607421875 0.00151824951171873 0.0801239013671875 -0.0220260620117188
-0.0844497680664062 0.00363159179687499 0.0201358795166016 -0.0178909301757813
-0.108062744140625 -0.00852203369140624 -0.0317974090576172 -0.00621223449707031
-0.101783752441406 -0.0589141845703125 -0.0700759887695313 -0.0233078002929687
-0.0422134399414063 -0.101799011230469 -0.0938262939453125 -0.0548095703125
0.030731201171875 -0.110809326171875 -0.0782012939453125 -0.111747741699219
0.110580444335938 -0.0248031616210938 0.00595092773437499 -0.169143676757813
0.0988540649414063 0.0711135864257813 0.0907516479492188 -0.126174926757812
0.0481719970703125 0.105491638183594 0.111366271972656 -0.0169448852539062
0.0439376831054688 0.0959320068359375 -0.103919982910156 0.0706405639648438
0.0932235717773437 0.0462570190429687 -0.125411987304688 0.135360717773438
0.085418701171875 -0.0233612060546875 -0.0414276123046875 0.219573974609375
0.0317764282226563 -0.0716781616210938 0.07794189453125 0.209091186523438
-0.0281486511230469 -0.0679550170898438 0.1531982421875 0.116744995117187
-0.0783233642578125 -0.0368881225585938 0.157821655273437 0.017120361328125
-0.0754776000976563 -0.00184631347656248 0.11187744140625 -0.0338973999023438
-0.0697135925292969 7.62939453124907E-05 0.0517234802246094 -0.0298347473144531
-0.0903244018554688 -0.0125656127929687 0.00396442413330078 -0.0138893127441406
-0.078643798828125 -0.0546951293945313 -0.0306777954101563 -0.0167484283447266
-0.0248794555664063 -0.086883544921875 -0.0667686462402344 -0.0370826721191406
0.0354766845703125 -0.083984375 -0.0697708129882813 -0.089874267578125
0.08721923828125 -0.0055389404296875 0.00297546386718749 -0.1593017578125
0.07147216796875 0.064300537109375 0.099365234375 -0.119583129882812
0.0354461669921875 0.0857772827148438 0.112083435058594 0.0100173950195313
0.0301246643066406 0.0602874755859375 -0.09637451171875 0.0965423583984375
0.0555763244628906 0.027313232421875 -0.108444213867188 0.154052734375
0.052947998046875 -0.00820159912109375 -0.0168609619140625 0.22662353515625
0.0234527587890625 -0.0391998291015625 0.0998687744140625 0.209060668945312
-0.015350341796875 -0.0404510498046875 0.170455932617188 0.11260986328125
-0.0470466613769531 -0.0253677368164063 0.179489135742188 0.010772705078125
-0.045562744140625 -0.00597381591796874 0.132339477539063 -0.0432586669921875
-0.0434074401855469 -0.00348281860351563 0.074859619140625 -0.0390472412109375
-0.0564422607421875 -0.013214111328125 0.0322303771972656 -0.0172328948974609
-0.045074462890625 -0.0381050109863281 -0.00241994857788086 -0.00798320770263672
-0.00808334350585937 -0.0536041259765625 -0.0501060485839844 -0.0233917236328125
0.0264816284179688 -0.0460624694824219 -0.0660629272460937 -0.0786666870117188
0.0474090576171875 0.00468826293945313 0.00733947753906252 -0.157623291015625
0.0361785888671875 0.0413627624511719 0.11138916015625 -0.115509033203125
0.018646240234375 0.0533561706542969 0.111808776855469 0.0309677124023438
-0.00563859939575195 -0.000405311584472657 -0.132606506347656 -0.016693115234375
-0.00448703765869141 0.00342369079589844 -0.1138916015625 0.116294860839844
0.010432243347168 0.00879669189453125 0.0124969482421875 0.151031494140625
0.0047149658203125 -0.00155878067016602 0.0645599365234375 0.0746688842773438
-0.000789523124694824 0.00211060047149658 0.0397758483886719 0.00976181030273438
0.00622177124023438 0.00900459289550781 -0.00634288787841797 -0.00467681884765625
0.0124902725219727 0.0102729797363281 -0.0535087585449219 0.0173530578613281
0.0102195739746094 0.00788974761962891 -0.0936279296875 0.0411376953125
0.00879955291748047 0.00597286224365234 -0.135993957519531 0.0369110107421875
0.00559663772583008 0.00375223159790039 -0.175537109375 -0.0168304443359375
0.00409841537475586 0.00691413879394531 -0.18292236328125 -0.09112548828125
-0.0047144889831543 0.00667715072631836 -0.118194580078125 -0.179458618164063
-0.015599250793457 0.00168895721435547 0.0165252685546875 -0.232742309570313
-0.0182380676269531 -0.0166053771972656 0.076934814453125 -0.173797607421875
-0.0124549865722656 -0.0274810791015625 0.0930252075195313 -0.109146118164063
0.011322021484375 0.04241943359375 -0.128265380859375 -0.023895263671875
0.0355911254882813 0.034332275390625 -0.118331909179688 0.102798461914062
0.0550308227539063 0.0047149658203125 -0.00689697265625001 0.149154663085938
0.0301933288574219 -0.0401191711425781 0.0511856079101563 0.0823898315429688
-0.0107994079589844 -0.0401229858398438 0.0384941101074219 0.0203361511230469
-0.0351982116699219 -0.0155448913574219 -0.00405073165893555 -0.000898599624633789
-0.0294094085693359 0.0100326538085938 -0.0490188598632813 0.0149459838867187
-0.0223159790039063 0.0108699798583984 -0.0905532836914063 0.0379104614257812
-0.0284709930419922 0.00627517700195313 -0.134849548339844 0.0368576049804687
-0.0306873321533203 -0.00897979736328125 -0.174942016601563 -0.0139923095703125
-0.0152683258056641 -0.0218105316162109 -0.183700561523438 -0.0828704833984375
-0.00277519226074219 -0.0299167633056641 -0.126708984375 -0.1708984375
0.0207633972167969 -0.0155277252197266 0.000488281250000001 -0.232040405273438
0.0241470336914063 0.00586318969726563 0.06793212890625 -0.176971435546875
0.0114126205444336 0.0164165496826172 0.0931015014648437 -0.111930847167969
0.02789306640625 0.081787109375 -0.125022888183594 -0.024932861328125
0.0771942138671875 0.0595321655273438 -0.124992370605469 0.0873870849609375
0.0973968505859375 -0.0054473876953125 -0.033599853515625 0.147735595703125
0.04840087890625 -0.076904296875 0.0340576171875 0.104141235351563
-0.021942138671875 -0.076873779296875 0.0463218688964844 0.0440254211425781
-0.0721435546875 -0.0356979370117187 0.0135002136230469 0.00853157043457031
-0.0657615661621094 0.00976562500000001 -0.0291824340820313 0.0111293792724609
-0.0518264770507812 0.0122413635253906 -0.07470703125 0.030364990234375
-0.0641288757324219 0.00674057006835938 -0.12322998046875 0.0319061279296875
-0.0658111572265625 -0.0207290649414062 -0.166244506835938 -0.0140228271484375
-0.0359420776367188 -0.0490303039550781 -0.176239013671875 -0.0779876708984375
-0.00240325927734375 -0.0664138793945313 -0.125228881835938 -0.16046142578125
0.0559921264648438 -0.0331916809082031 -0.00746154785156249 -0.222244262695312
0.0650978088378906 0.0269966125488281 0.0644683837890625 -0.171768188476563
0.0355186462402344 0.0568084716796875 0.0953445434570312 -0.104118347167969
0.0426483154296875 0.109451293945313 -0.120712280273438 -0.0130691528320312
0.111030578613281 0.0698776245117187 -0.132614135742188 0.0818634033203125
0.122512817382812 -0.0217361450195312 -0.056121826171875 0.1588134765625
0.0533828735351562 -0.103569030761719 0.027252197265625 0.135063171386719
-0.0336761474609375 -0.0974044799804688 0.0662002563476563 0.0716705322265625
-0.0976333618164063 -0.046722412109375 0.0464401245117187 0.0165252685546875
-0.0902633666992188 0.00918579101562501 0.00388288497924804 0.0019528865814209
-0.073944091796875 0.0123443603515625 -0.0478935241699219 0.01666259765625
-0.0916595458984375 0.00562286376953127 -0.0994949340820313 0.0214996337890625
-0.0934371948242187 -0.0341415405273438 -0.143234252929688 -0.0176239013671875
-0.0505142211914062 -0.07501220703125 -0.157196044921875 -0.07183837890625
0.0028228759765625 -0.0971603393554688 -0.113357543945312 -0.148040771484375
0.0872116088867188 -0.0446701049804688 -0.00627136230468747 -0.206436157226563
0.0967636108398438 0.0449371337890625 0.06939697265625 -0.157730102539063
0.0517807006835937 0.0870208740234375 0.100143432617188 -0.0828475952148438
0.0523223876953125 0.121757507324219 -0.114479064941406 0.0099334716796875
0.126251220703125 0.0678787231445313 -0.136360168457031 0.09161376953125
0.126045227050781 -0.0330657958984375 -0.0648193359375 0.1802978515625
0.0476837158203125 -0.111526489257813 0.036468505859375 0.168258666992188
-0.0405426025390625 -0.0999221801757813 0.0967025756835938 0.0946273803710938
-0.107185363769531 -0.0467529296875 0.0867843627929688 0.0193710327148437
-0.099609375 0.00731658935546875 0.0415992736816406 -0.0108375549316406
-0.0847396850585938 0.00994873046875 -0.0145254135131836 -0.000321388244628906
-0.107398986816406 0.00206756591796873 -0.0680809020996094 0.00812530517578124
-0.107559204101563 -0.0456695556640625 -0.108802795410156 -0.020904541015625
-0.054901123046875 -0.0949325561523438 -0.126052856445313 -0.063507080078125
0.0136947631835938 -0.115089416503906 -0.0963668823242188 -0.128860473632813
0.107841491699219 -0.0419540405273438 -0.00238037109374999 -0.184646606445313
0.110572814941406 0.0611190795898438 0.07733154296875 -0.14111328125
0.0579071044921875 0.103630065917969 0.106590270996094 -0.0533599853515625
0.0535964965820313 0.115180969238281 -0.107208251953125 0.0407562255859375
0.118064880371094 0.0564727783203125 -0.131599426269531 0.112075805664063
0.110000610351563 -0.0332794189453125 -0.0545501708984375 0.202377319335938
0.03839111328125 -0.0974349975585938 0.05804443359375 0.191314697265625
-0.0392303466796875 -0.0865097045898437 0.127593994140625 0.106536865234375
-0.0988616943359375 -0.0416793823242188 0.124343872070312 0.016754150390625
-0.0928802490234375 0.00506591796875002 0.0774154663085938 -0.025177001953125
-0.0818634033203125 0.007080078125 0.0181655883789063 -0.0168838500976563
-0.105384826660156 -0.00309753417968749 -0.0308074951171875 -0.00507736206054688
-0.102973937988281 -0.0536041259765625 -0.0681304931640625 -0.0204238891601562
-0.0449371337890625 -0.100143432617188 -0.0929641723632812 -0.0491867065429688
0.026519775390625 -0.110130310058594 -0.0800552368164063 -0.105316162109375
0.108261108398438 -0.0261383056640625 -0.00177001953124998 -0.164825439453125
0.100738525390625 0.0684356689453125 0.0840988159179688 -0.126991271972656
0.051971435546875 0.10260009765625 0.109703063964844 -0.0217056274414062
0.0461807250976563 0.0923385620117188 -0.10003662109375 0.0724105834960937
0.093231201171875 0.0424880981445313 -0.118423461914063 0.135299682617188
0.083831787109375 -0.0240707397460938 -0.0333099365234375 0.215499877929687
0.0292892456054687 -0.0712432861328125 0.08367919921875 0.200668334960938
-0.0302467346191406 -0.0647125244140625 0.153656005859375 0.108322143554687
-0.0766677856445313 -0.0325241088867187 0.155364990234375 0.010772705078125
-0.0735244750976563 0.00107574462890623 0.1070556640625 -0.0373458862304688
-0.0672225952148438 0.00254821777343749 0.0492973327636719 -0.0310554504394531
-0.0877456665039063 -0.008392333984375 0.00510787963867187 -0.0139122009277344
-0.0801010131835937 -0.0507354736328125 -0.0292472839355469 -0.0154457092285156
-0.0269699096679687 -0.08563232421875 -0.0658645629882813 -0.031646728515625
0.0328903198242188 -0.0842361450195313 -0.0707321166992188 -0.0839691162109375
0.086212158203125 -0.00772857666015625 -0.00375366210937501 -0.154541015625
0.0731124877929688 0.062835693359375 0.092193603515625 -0.121253967285156
0.038177490234375 0.08428955078125 0.111404418945313 0.00575256347656251
0.0318031311035156 0.0580024719238281 -0.0917892456054687 0.0979461669921875
0.0548667907714844 0.0245323181152344 -0.101943969726563 0.153823852539063
0.0520896911621094 -0.0098876953125 -0.008453369140625 0.221206665039063
0.0216636657714844 -0.0389022827148438 0.10528564453125 0.19989013671875
-0.0157890319824219 -0.0387039184570313 0.171035766601563 0.10345458984375
-0.0465927124023438 -0.0233840942382813 0.175460815429688 0.003662109375
-0.0438728332519531 -0.00448989868164062 0.127243041992188 -0.0479278564453125
-0.0415840148925781 -0.0014190673828125 0.0717391967773438 -0.0408096313476563
-0.0552635192871094 -0.00997161865234376 0.0322666168212891 -0.0183506011962891
-0.0453567504882812 -0.0356864929199219 -0.00109672546386719 -0.00716400146484375
-0.0098876953125 -0.0528831481933594 -0.0488967895507813 -0.0186767578125
0.0247230529785156 -0.0456466674804688 -0.0665283203125 -0.0728225708007813
0.0470924377441406 0.00336456298828125 0.000183105468750003 -0.153289794921875
0.03717041015625 0.0405769348144531 0.103248596191406 -0.11798095703125
0.0213279724121094 0.0515365600585938 0.111106872558594 0.026123046875
-0.0060124397277832 -0.0015716552734375 -0.130577087402344 -0.0175704956054687
-0.00501441955566406 0.00237846374511719 -0.112037658691406 0.115646362304687
0.0120105743408203 0.00759315490722656 0.0132598876953125 0.149703979492188
0.00475978851318359 -0.000753879547119141 0.0640182495117188 0.072235107421875
-0.00116229057312012 0.00253796577453613 0.0376701354980469 0.00777053833007812
0.00682735443115234 0.0100021362304688 -0.008880615234375 -0.00471973419189453
0.0125484466552734 0.00983905792236328 -0.0541191101074219 0.0177230834960937
0.0119972229003906 0.00762271881103516 -0.0920028686523438 0.0427932739257813
0.00907325744628906 0.00636196136474609 -0.134757995605469 0.0389175415039062
0.00494050979614258 0.00362205505371094 -0.173248291015625 -0.01513671875
0.00425148010253906 0.00613737106323242 -0.181671142578125 -0.0872650146484375
-0.00456714630126953 0.00616836547851562 -0.118270874023437 -0.17645263671875
-0.0146780014038086 0.00138950347900391 0.0141448974609375 -0.231460571289063
-0.0181388854980469 -0.0155296325683594 0.076385498046875 -0.173187255859375
-0.0118408203125 -0.0272808074951172 0.0943679809570312 -0.109825134277344
0.01031494140625 0.0414505004882812 -0.1259765625 -0.0246047973632812
0.0353164672851563 0.0333480834960938 -0.117156982421875 0.102371215820313
0.0562705993652344 0.003936767578125 -0.0061187744140625 0.1473388671875
0.030426025390625 -0.0401153564453125 0.050506591796875 0.0812225341796875
-0.0108642578125 -0.0394783020019531 0.0367355346679688 0.0195121765136719
-0.0351905822753906 -0.014617919921875 -0.0067901611328125 -0.00136232376098633
-0.0285224914550781 0.00996017456054688 -0.0494117736816406 0.0160408020019531
-0.0204944610595703 0.0112266540527344 -0.0883026123046875 0.0403671264648437
-0.0277919769287109 0.00815010070800781 -0.132965087890625 0.0381317138671875
-0.0307559967041016 -0.00910758972167969 -0.17364501953125 -0.012359619140625
-0.0159740447998047 -0.0214824676513672 -0.181808471679688 -0.0792083740234375
-0.00204658508300782 -0.0293445587158203 -0.127044677734375 -0.167221069335938
0.0206260681152344 -0.0147018432617188 -0.0014190673828125 -0.228317260742188
0.0247306823730469 0.00633621215820312 0.0673675537109375 -0.176803588867188
0.0119724273681641 0.0176486968994141 0.0942001342773438 -0.111991882324219
0.027496337890625 0.0803604125976562 -0.122756958007813 -0.0245513916015625
0.0780105590820312 0.057952880859375 -0.12359619140625 0.0865936279296875
0.09881591796875 -0.00679779052734375 -0.0322418212890625 0.146011352539063
0.04901123046875 -0.0777053833007813 0.0335006713867188 0.101455688476563
-0.0220108032226562 -0.0759963989257813 0.0452423095703125 0.0427360534667969
-0.07135009765625 -0.0348434448242187 0.012547492980957 0.00797462463378906
-0.0649070739746094 0.0106544494628906 -0.0290584564208984 0.0117321014404297
-0.0507888793945313 0.0122146606445312 -0.07269287109375 0.0329666137695313
-0.062469482421875 0.00877761840820312 -0.120979309082031 0.0331954956054687
-0.0656089782714844 -0.0201683044433594 -0.163955688476563 -0.0120086669921875
-0.036163330078125 -0.0496978759765625 -0.175201416015625 -0.0739288330078125
-0.00176620483398437 -0.0652198791503906 -0.125473022460938 -0.157638549804687
0.0560798645019531 -0.0330085754394531 -0.00865173339843751 -0.220062255859375
0.0662651062011719 0.0276718139648438 0.064208984375 -0.171875
0.0359153747558594 0.0569229125976563 0.0969390869140625 -0.105369567871094
0.0418624877929688 0.108757019042969 -0.118019104003906 -0.0135574340820313
0.11181640625 0.0686721801757812 -0.131454467773437 0.0803604125976563
0.123176574707031 -0.0223541259765625 -0.055694580078125 0.156906127929688
0.0541152954101563 -0.104560852050781 0.0265655517578125 0.133682250976563
-0.0335006713867188 -0.0965805053710938 0.06573486328125 0.0704803466796875
-0.0972976684570313 -0.0443954467773438 0.0450477600097656 0.0160865783691406
-0.0887908935546875 0.0101318359375 0.00356030464172363 0.00202846527099609
-0.0718994140625 0.012786865234375 -0.0463447570800781 0.0188636779785156
-0.0905227661132812 0.00807952880859377 -0.0983352661132813 0.0220718383789063
-0.09344482421875 -0.0323410034179687 -0.141860961914062 -0.0167083740234375
-0.0510025024414063 -0.0749664306640625 -0.155563354492188 -0.069061279296875
0.00198364257812501 -0.0963211059570313 -0.113815307617188 -0.145370483398438
0.0873184204101563 -0.04376220703125 -0.00709533691406247 -0.20404052734375
0.0977935791015625 0.0457916259765625 0.0685577392578125 -0.157546997070313
0.0531539916992187 0.0869369506835938 0.101966857910156 -0.0838699340820313
0.051666259765625 0.121009826660156 -0.113983154296875 0.00883483886718749
0.126411437988281 0.0668716430664063 -0.135520935058594 0.0898284912109375
0.126388549804688 -0.0331344604492188 -0.0644073486328125 0.17864990234375
0.0477523803710937 -0.111610412597656 0.0359649658203125 0.167098999023438
-0.0408096313476563 -0.099456787109375 0.0960235595703125 0.0929031372070313
-0.10638427734375 -0.0459136962890625 0.0858230590820313 0.01873779296875
-0.097686767578125 0.00904083251953125 0.0402450561523437 -0.0107192993164063
-0.0831069946289063 0.0106048583984375 -0.0148773193359375 0.000682830810546878
-0.106201171875 0.00407409667968749 -0.0658226013183594 0.00811767578125001
-0.107872009277344 -0.0439910888671875 -0.107818603515625 -0.0201263427734375
-0.0554733276367188 -0.0948257446289063 -0.124794006347656 -0.0609283447265625
0.0130538940429688 -0.114723205566406 -0.0963592529296875 -0.125900268554687
0.108078002929688 -0.042083740234375 -0.00354003906249998 -0.182540893554688
0.112083435058594 0.0621337890625 0.0750579833984375 -0.14111328125
0.0595932006835938 0.103492736816406 0.10736083984375 -0.0548095703125
0.0514984130859375 0.114494323730469 -0.105911254882813 0.0401153564453125
0.117835998535156 0.0552978515625 -0.13128662109375 0.11065673828125
0.11016845703125 -0.0336227416992188 -0.0539703369140625 0.201278686523438
0.0383071899414063 -0.0970306396484375 0.058685302734375 0.1890869140625
-0.0401077270507812 -0.08642578125 0.127494812011719 0.103996276855469
-0.09808349609375 -0.0403594970703125 0.1236572265625 0.0158233642578125
-0.09161376953125 0.00580596923828124 0.0757522583007813 -0.026397705078125
-0.0801315307617188 0.00712585449218752 0.0195903778076172 -0.01580810546875
-0.105796813964844 -0.00166320800781248 -0.0292396545410156 -0.00398445129394531
-0.103790283203125 -0.0515975952148438 -0.0670013427734375 -0.0199966430664063
-0.044677734375 -0.0998458862304688 -0.09197998046875 -0.0466690063476563
0.0260696411132812 -0.109970092773438 -0.07891845703125 -0.101539611816406
0.109161376953125 -0.0261688232421875 -0.00302124023437501 -0.162521362304688
0.101615905761719 0.0688400268554688 0.0822830200195313 -0.128189086914063
0.052825927734375 0.102523803710938 0.11029052734375 -0.0232925415039062
0.0450515747070313 0.0917739868164062 -0.0993881225585937 0.0718231201171875
0.0918655395507813 0.0407562255859375 -0.118537902832031 0.133872985839844
0.0834274291992187 -0.0242538452148438 -0.032196044921875 0.214447021484375
0.0287322998046875 -0.070831298828125 0.0836639404296875 0.198715209960937
-0.029815673828125 -0.06402587890625 0.152725219726563 0.105926513671875
-0.0762481689453125 -0.0324249267578125 0.153762817382813 0.0088958740234375
-0.0726394653320313 0.00166320800781251 0.105712890625 -0.0384368896484375
-0.0655708312988281 0.00254821777343751 0.048309326171875 -0.0311012268066406
-0.0868606567382813 -0.00701141357421874 0.00598716735839843 -0.0140285491943359
-0.0803909301757813 -0.0500411987304687 -0.0282135009765625 -0.0150070190429688
-0.0270233154296875 -0.0856246948242188 -0.0642967224121094 -0.029632568359375
0.03253173828125 -0.0839614868164062 -0.0699234008789063 -0.0810165405273437
0.0872802734375 -0.00695037841796875 -0.00563049316406251 -0.152664184570313
0.0745162963867188 0.0636978149414063 0.090301513671875 -0.122146606445313
0.039459228515625 0.0844192504882813 0.112037658691406 0.00437164306640626
0.0307846069335937 0.057159423828125 -0.092132568359375 0.0975265502929688
0.0551719665527344 0.0241546630859375 -0.101119995117187 0.152618408203125
0.0526580810546875 -0.00951385498046875 -0.00839233398437499 0.218597412109375
0.0218048095703125 -0.038299560546875 0.1051025390625 0.19769287109375
-0.0162887573242188 -0.0383262634277344 0.169906616210938 0.100860595703125
-0.0459861755371094 -0.0224685668945312 0.173355102539062 0.000427246093749999
-0.0433502197265625 -0.00397491455078125 0.125495910644531 -0.0490646362304688
-0.0406074523925781 -0.000503540039062497 0.0710678100585938 -0.0405044555664062
-0.0550308227539062 -0.00988769531250001 0.0330142974853516 -0.01898193359375
-0.0458221435546875 -0.0348968505859375 -0.000279426574707034 -0.00764942169189453
-0.00995254516601563 -0.0531692504882813 -0.047027587890625 -0.0164871215820313
0.0244102478027344 -0.0454597473144531 -0.0661239624023438 -0.0701255798339844
0.04791259765625 0.00504684448242188 -0.00163269042968748 -0.1517333984375
0.0384483337402344 0.0416259765625 0.101158142089844 -0.119430541992188
0.0221366882324219 0.0520133972167969 0.111274719238281 0.025390625
-0.00712299346923828 -0.00204896926879883 -0.1322021484375 -0.0191268920898437
-0.00550508499145508 0.00224113464355469 -0.114364624023438 0.118415832519531
0.0121431350708008 0.00718593597412109 0.0127105712890625 0.152267456054688
0.0049748420715332 -0.00188970565795898 0.065093994140625 0.0733413696289063
-0.00172972679138184 0.00364422798156738 0.0377540588378906 0.0073089599609375
0.00702667236328125 0.0102949142456055 -0.0103263854980469 -0.00515651702880859
0.0131664276123047 0.00935554504394531 -0.0553550720214844 0.0191421508789063
0.0122737884521484 0.00721931457519531 -0.0926513671875 0.0454635620117188
0.00979042053222656 0.00711536407470703 -0.136672973632812 0.0397415161132812
0.00488042831420898 0.00360441207885742 -0.176437377929688 -0.015228271484375
0.00347042083740234 0.00536251068115234 -0.184600830078125 -0.08892822265625
-0.00451421737670899 0.0075373649597168 -0.121337890625 -0.179214477539063
-0.015716552734375 0.00137519836425782 0.0142669677734375 -0.23583984375
-0.0186233520507813 -0.0154571533203125 0.079681396484375 -0.177352905273438
-0.0110969543457031 -0.0277881622314453 0.0990066528320313 -0.112968444824219
0.00886917114257812 0.0419387817382813 -0.127586364746094 -0.0260162353515625
0.0364418029785156 0.03363037109375 -0.119010925292969 0.104110717773438
0.0598297119140625 0.00347137451171875 -0.0066986083984375 0.150146484375
0.0317153930664063 -0.0418205261230469 0.0500411987304688 0.0815887451171875
-0.0119361877441406 -0.0405349731445313 0.0361251831054688 0.0190811157226562
-0.0354423522949219 -0.0147552490234375 -0.00742387771606446 -0.00188064575195313
-0.0291519165039063 0.0103721618652344 -0.05072021484375 0.0168075561523438
-0.0202140808105469 0.00958061218261719 -0.0895919799804687 0.042877197265625
-0.0273189544677734 0.00912284851074219 -0.134849548339844 0.0391998291015625
-0.0317955017089844 -0.00808906555175782 -0.1761474609375 -0.012115478515625
-0.0166263580322266 -0.0228729248046875 -0.185531616210938 -0.0808563232421875
-0.00296592712402344 -0.029754638671875 -0.129074096679688 -0.170318603515625
0.0214729309082031 -0.0145969390869141 -0.00126647949218748 -0.23309326171875
0.0260467529296875 0.00741958618164063 0.0698089599609375 -0.181365966796875
0.0128307342529297 0.0179004669189453 0.0991897583007813 -0.11651611328125
0.026275634765625 0.0834274291992188 -0.124305725097656 -0.0273208618164062
0.0796966552734375 0.059539794921875 -0.125839233398438 0.0876846313476563
0.103004455566406 -0.0070343017578125 -0.0335235595703125 0.148880004882813
0.0509033203125 -0.0807037353515625 0.032867431640625 0.103157043457031
-0.0228347778320313 -0.078094482421875 0.0446395874023438 0.0438804626464844
-0.0734100341796875 -0.0349044799804688 0.0110950469970703 0.0081024169921875
-0.0658798217773438 0.0105171203613281 -0.0300998687744141 0.0126190185546875
-0.0508384704589844 0.011871337890625 -0.0726470947265625 0.0344085693359375
-0.0634994506835938 0.00956344604492187 -0.12249755859375 0.033966064453125
-0.0681381225585938 -0.0195083618164062 -0.166900634765625 -0.012176513671875
-0.0373497009277344 -0.0518684387207031 -0.178009033203125 -0.074615478515625
-0.0020294189453125 -0.0667915344238281 -0.128067016601562 -0.16021728515625
0.0577468872070312 -0.033172607421875 -0.00952148437500001 -0.223587036132813
0.0687065124511719 0.0287666320800781 0.0662384033203125 -0.175399780273438
0.0374221801757813 0.0584716796875 0.101448059082031 -0.109138488769531
0.040863037109375 0.112113952636719 -0.120582580566406 -0.014984130859375
0.114021301269531 0.0700912475585938 -0.134437561035156 0.081512451171875
0.128334045410156 -0.0228195190429688 -0.0578765869140625 0.1605224609375
0.0554122924804688 -0.107765197753906 0.025665283203125 0.135490417480469
-0.03485107421875 -0.0996475219726562 0.0661163330078125 0.0718612670898438
-0.0996780395507813 -0.0450592041015625 0.0458564758300781 0.0157852172851562
-0.09051513671875 0.0109100341796875 0.00374984741210937 0.00253176689147949
-0.072601318359375 0.01220703125 -0.0467910766601563 0.0201377868652344
-0.09149169921875 0.00906372070312501 -0.09906005859375 0.0221939086914062
-0.09649658203125 -0.0318374633789062 -0.144119262695313 -0.016204833984375
-0.0530319213867188 -0.0778427124023438 -0.157806396484375 -0.0695037841796875
0.00279998779296875 -0.09906005859375 -0.115707397460938 -0.147445678710938
0.0894546508789063 -0.0438079833984375 -0.00724792480468749 -0.207290649414063
0.101387023925781 0.0482406616210938 0.070953369140625 -0.161941528320312
0.0549240112304688 0.0889816284179688 0.105552673339844 -0.0867767333984375
0.0507888793945313 0.125129699707031 -0.1163330078125 0.00839996337890627
0.128631591796875 0.0677337646484375 -0.139633178710938 0.09039306640625
0.131309509277344 -0.0341262817382812 -0.0665130615234375 0.182449340820313
0.0492401123046875 -0.114814758300781 0.0354156494140625 0.169769287109375
-0.0418853759765625 -0.101593017578125 0.0980682373046875 0.0950393676757813
-0.108695983886719 -0.0465087890625 0.087310791015625 0.019134521484375
-0.0999832153320313 0.00960540771484374 0.0416336059570312 -0.0115127563476562
-0.0841445922851563 0.0104904174804688 -0.01373291015625 0.00192451477050781
-0.107704162597656 0.00518035888671876 -0.0672149658203125 0.0084228515625
-0.111343383789063 -0.0447006225585937 -0.110145568847656 -0.0209732055664063
-0.0574111938476562 -0.0986480712890625 -0.126823425292969 -0.0608139038085938
0.0136032104492187 -0.117988586425781 -0.097564697265625 -0.127761840820312
0.111747741699219 -0.0413055419921875 -0.00456237792968749 -0.186309814453125
0.116256713867188 0.0644073486328125 0.0775909423828125 -0.144683837890625
0.0607376098632813 0.107177734375 0.111923217773438 -0.05706787109375
0.0499954223632813 0.117523193359375 -0.110481262207031 0.0400009155273438
0.119178771972656 0.0562515258789063 -0.13470458984375 0.111190795898438
0.113815307617187 -0.0341567993164062 -0.056396484375 0.204742431640625
0.0399093627929688 -0.100257873535156 0.0589752197265625 0.19354248046875
-0.0400009155273438 -0.0872116088867188 0.130172729492188 0.107528686523438
-0.099853515625 -0.0405426025390625 0.125900268554688 0.0155792236328125
-0.0925369262695313 0.00607299804687501 0.07781982421875 -0.0261383056640625
-0.0810775756835938 0.00656890869140624 0.0199356079101562 -0.0164451599121094
-0.106513977050781 -0.00119781494140626 -0.0294609069824219 -0.00516700744628906
-0.106277465820313 -0.0524063110351563 -0.0671272277832031 -0.0209541320800781
-0.047149658203125 -0.10418701171875 -0.092529296875 -0.0473785400390625
0.0276718139648438 -0.113021850585938 -0.0800628662109375 -0.103401184082031
0.1126708984375 -0.0250396728515625 -0.00392150878906249 -0.1654052734375
0.106407165527344 0.072784423828125 0.0848922729492188 -0.131179809570313
0.0546035766601563 0.105552673339844 0.11456298828125 -0.0250396728515625
0.0443496704101563 0.0948257446289063 -0.103286743164063 0.0725631713867187
0.0928268432617188 0.041229248046875 -0.122154235839844 0.136123657226563
0.0861053466796875 -0.02423095703125 -0.03466796875 0.218719482421875
0.030914306640625 -0.072509765625 0.08453369140625 0.202545166015625
-0.0305061340332031 -0.0659828186035156 0.156234741210938 0.107635498046875
-0.0775833129882812 -0.0332260131835938 0.156967163085938 0.007904052734375
-0.072784423828125 0.00183105468750001 0.107826232910156 -0.0399322509765625
-0.0663642883300781 0.00296783447265626 0.0505714416503906 -0.0309257507324219
-0.0886383056640625 -0.00646209716796877 0.00681304931640625 -0.0145587921142578
-0.0833282470703125 -0.0505218505859375 -0.0272903442382813 -0.0156078338623047
-0.0288848876953125 -0.0900421142578125 -0.0638618469238281 -0.0281143188476563
0.034576416015625 -0.08673095703125 -0.070648193359375 -0.0811920166015625
0.089996337890625 -0.0053253173828125 -0.00627136230468751 -0.15496826171875
0.0778656005859375 0.0663223266601563 0.0918350219726563 -0.125617980957031
0.0400543212890625 0.0861282348632813 0.114944458007813 0.00372314453125001
0.0299148559570312 0.0587539672851562 -0.0955886840820313 0.099212646484375
0.0552291870117188 0.023773193359375 -0.106475830078125 0.1558837890625
0.0543403625488281 -0.00870895385742188 -0.00950622558593752 0.224258422851563
0.02337646484375 -0.0392951965332031 0.107101440429688 0.201004028320313
-0.0156059265136719 -0.0396499633789063 0.17315673828125 0.10333251953125
-0.0473251342773438 -0.0229682922363281 0.176605224609375 -4.57763671875014E-05
-0.0436935424804688 -0.00402069091796875 0.127616882324219 -0.0500564575195313
-0.0406150817871094 -0.00144958496093749 0.0734024047851563 -0.0414886474609375
-0.0549964904785156 -0.00928115844726562 0.0345878601074219 -0.0210647583007813
-0.0470161437988281 -0.0357894897460937 0.00125455856323242 -0.00743722915649414
-0.00943374633789062 -0.0554962158203125 -0.0466995239257813 -0.01611328125
0.0263404846191406 -0.0469284057617188 -0.0670509338378906 -0.0702171325683594
0.0494537353515625 0.00579071044921875 -0.00352478027343751 -0.15435791015625
0.0411186218261719 0.0434684753417969 0.102622985839844 -0.123069763183594
0.0227394104003906 0.0525054931640625 0.113853454589844 0.026153564453125
-0.00745773315429688 -0.00238800048828125 -0.13751220703125 -0.01959228515625
-0.0059046745300293 0.00167512893676758 -0.117401123046875 0.125343322753906
0.0130596160888672 0.00549030303955078 0.0159149169921875 0.15948486328125
0.00526332855224609 -0.00266218185424805 0.0687637329101563 0.0754852294921875
-0.000947475433349609 0.00442028045654297 0.0376434326171875 0.00606918334960938
0.00792789459228516 0.0101957321166992 -0.0132532119750977 -0.00600910186767578
0.0147037506103516 0.0103616714477539 -0.0582466125488281 0.0224037170410156
0.0140895843505859 0.00713634490966797 -0.0949554443359375 0.0499267578125
0.0111360549926758 0.00745677947998047 -0.1414794921875 0.044158935546875
0.00494527816772461 0.00378274917602539 -0.184844970703125 -0.012176513671875
0.00348377227783203 0.00543737411499023 -0.194595336914063 -0.089752197265625
-0.00434494018554688 0.00798845291137695 -0.130203247070313 -0.185165405273437
-0.0163459777832031 0.00247097015380859 0.0114898681640625 -0.247116088867188
-0.0193595886230469 -0.0157470703125 0.0816192626953125 -0.188095092773438
-0.0118503570556641 -0.0289745330810547 0.104942321777344 -0.121345520019531
0.00921630859375001 0.0450782775878906 -0.133033752441406 -0.0273666381835937
0.0380744934082031 0.0353851318359375 -0.123497009277344 0.110000610351562
0.0638427734375 0.00159835815429687 -0.00442504882812498 0.157470703125
0.0329017639160156 -0.0452499389648438 0.0532989501953125 0.083709716796875
-0.0123825073242187 -0.0426063537597656 0.0372200012207031 0.0188446044921875
-0.0375251770019531 -0.01556396484375 -0.0100116729736328 -0.000604629516601562
-0.0297775268554688 0.0110912322998047 -0.0533866882324219 0.0193862915039062
-0.0198116302490234 0.0109443664550781 -0.091094970703125 0.0478744506835937
-0.0283374786376953 0.00989151000976562 -0.139556884765625 0.043701171875
-0.0342082977294922 -0.00794601440429687 -0.184829711914063 -0.00912475585937498
-0.0184135437011719 -0.0250720977783203 -0.195510864257813 -0.08074951171875
-0.00277900695800781 -0.031402587890625 -0.138809204101563 -0.175537109375
0.0226173400878906 -0.0152721405029297 -0.00596618652343749 -0.243484497070313
0.028411865234375 0.00748825073242188 0.0710906982421875 -0.192092895507812
0.0151157379150391 0.0180397033691406 0.105110168457031 -0.125297546386719
0.0272064208984375 0.0887985229492188 -0.130203247070313 -0.0283737182617187
0.084136962890625 0.061737060546875 -0.130447387695313 0.0928802490234375
0.109024047851562 -0.00998687744140625 -0.033172607421875 0.157028198242188
0.0526199340820313 -0.0863571166992188 0.0353317260742188 0.107124328613281
-0.0246429443359375 -0.0822906494140625 0.046234130859375 0.0444793701171875
-0.0775909423828125 -0.035552978515625 0.0107192993164062 0.00828456878662109
-0.0683441162109375 0.0119743347167969 -0.0308074951171875 0.0138130187988281
-0.0519065856933594 0.0134162902832031 -0.0741806030273438 0.0380859375
-0.0654983520507813 0.0118293762207031 -0.126708984375 0.0380783081054687
-0.0721206665039063 -0.0190048217773438 -0.17425537109375 -0.00961303710937496
-0.0407562255859375 -0.0544967651367188 -0.187332153320313 -0.0750274658203125
-0.00292968750000001 -0.0703277587890625 -0.13604736328125 -0.164840698242187
0.0610923767089844 -0.034454345703125 -0.013458251953125 -0.234268188476563
0.074554443359375 0.0296478271484375 0.067535400390625 -0.185943603515625
0.0405464172363281 0.0603103637695312 0.107467651367188 -0.117385864257813
0.04345703125 0.118942260742188 -0.126533508300781 -0.016265869140625
0.120262145996094 0.07220458984375 -0.139999389648438 0.0860214233398438
0.13623046875 -0.0264663696289063 -0.0585784912109375 0.169174194335938
0.0570068359375 -0.114898681640625 0.0284576416015625 0.141998291015625
-0.0379867553710937 -0.104660034179687 0.0691375732421875 0.0746307373046875
-0.105148315429687 -0.0457763671875 0.0477218627929687 0.01556396484375
-0.09423828125 0.01251220703125 0.00348067283630371 0.00302410125732422
-0.0753097534179688 0.0130386352539062 -0.0467872619628906 0.0225372314453125
-0.0953292846679688 0.011688232421875 -0.102798461914063 0.0254440307617188
-0.101669311523438 -0.0307998657226563 -0.150619506835938 -0.0145416259765625
-0.0578384399414062 -0.082550048828125 -0.166000366210938 -0.069183349609375
0.0017852783203125 -0.104225158691406 -0.122909545898438 -0.152236938476562
0.0950546264648437 -0.0463485717773438 -0.0119476318359375 -0.2174072265625
0.109474182128906 0.049224853515625 0.0723724365234375 -0.171173095703125
0.0593185424804687 0.0935287475585938 0.112022399902344 -0.0950393676757813
0.05340576171875 0.132614135742188 -0.12249755859375 0.00955200195312499
0.135261535644531 0.0689926147460938 -0.146148681640625 0.0971527099609375
0.139053344726563 -0.0386505126953125 -0.067291259765625 0.19287109375
0.0510940551757812 -0.121688842773437 0.039581298828125 0.177352905273437
-0.0452423095703125 -0.106864929199219 0.103355407714844 0.0979766845703125
-0.114646911621094 -0.0466995239257813 0.091400146484375 0.0177841186523437
-0.104049682617188 0.0112228393554687 0.0438156127929687 -0.012664794921875
-0.0867767333984375 0.01129150390625 -0.0130777359008789 0.00255870819091797
-0.112098693847656 0.00823211669921873 -0.0689277648925781 0.00920867919921876
-0.118606567382812 -0.04345703125 -0.114356994628906 -0.020172119140625
-0.0623626708984375 -0.104377746582031 -0.133857727050781 -0.0617446899414062
0.0129776000976563 -0.1243896484375 -0.103477478027344 -0.1314697265625
0.118568420410156 -0.0443878173828125 -0.00747680664062498 -0.19390869140625
0.125541687011719 0.06671142578125 0.079437255859375 -0.154251098632813
0.0663986206054688 0.11138916015625 0.117698669433594 -0.0632476806640625
0.0533981323242188 0.124580383300781 -0.115501403808594 0.0428619384765625
0.1259765625 0.0569305419921875 -0.141433715820313 0.119049072265625
0.121307373046875 -0.0378875732421875 -0.05657958984375 0.216323852539063
0.0407028198242188 -0.105918884277344 0.064208984375 0.201034545898438
-0.0430679321289063 -0.0918121337890625 0.137855529785156 0.109481811523438
-0.105499267578125 -0.0405960083007813 0.132133483886719 0.0126724243164063
-0.0970840454101563 0.00804901123046876 0.0804672241210938 -0.0291519165039063
-0.0837478637695313 0.00739288330078126 0.0223369598388672 -0.0163440704345703
-0.111602783203125 0.00145721435546877 -0.0288448333740234 -0.00549888610839844
-0.112953186035156 -0.0530776977539063 -0.0702667236328125 -0.021240234375
-0.0514678955078125 -0.110755920410156 -0.0962753295898438 -0.0467605590820313
0.0284881591796875 -0.120414733886719 -0.0843429565429688 -0.105430603027344
0.12017822265625 -0.0269088745117188 -0.00706481933593749 -0.172836303710938
0.114974975585938 0.0750961303710938 0.0858383178710938 -0.140266418457031
0.0595016479492187 0.109703063964844 0.120857238769531 -0.0284805297851562
0.0463104248046875 0.100479125976562 -0.108200073242188 0.0773696899414063
0.0973663330078125 0.0420684814453125 -0.127761840820313 0.145370483398438
0.0917739868164063 -0.0271835327148438 -0.03375244140625 0.23101806640625
0.0313339233398437 -0.0766220092773438 0.091644287109375 0.210220336914063
-0.0331802368164063 -0.069061279296875 0.165252685546875 0.110214233398438
-0.0815658569335938 -0.0336074829101562 0.163711547851563 0.0040130615234375
-0.07635498046875 0.00308990478515624 0.111953735351563 -0.0439453125
-0.0686798095703125 0.00317001342773439 0.0529327392578125 -0.0336036682128906
-0.0929718017578125 -0.00473022460937499 0.00828361511230468 -0.0168447494506836
-0.0886154174804688 -0.051971435546875 -0.0281696319580078 -0.0169849395751953
-0.0311355590820312 -0.0955123901367188 -0.065399169921875 -0.0284156799316406
0.035858154296875 -0.0917510986328125 -0.074981689453125 -0.0824737548828125
0.0970840454101562 -0.005859375 -0.01031494140625 -0.161697387695313
0.0841293334960938 0.06964111328125 0.0937042236328125 -0.133934020996094
0.0440826416015625 0.090118408203125 0.121772766113281 0.00189208984375001
0.0313072204589844 0.0625381469726563 -0.100006103515625 0.105873107910156
0.0568504333496094 0.0243721008300781 -0.110931396484375 0.165054321289063
0.0571365356445312 -0.0101509094238281 -0.00796508789062501 0.234939575195313
0.0238075256347656 -0.0412826538085937 0.115005493164062 0.208206176757813
-0.0169525146484375 -0.04119873046875 0.182937622070312 0.104095458984375
-0.049560546875 -0.0231399536132813 0.184890747070313 -0.004547119140625
-0.0459251403808594 -0.00336456298828125 0.133255004882813 -0.0562667846679688
-0.0416984558105469 -0.00143814086914063 0.0776290893554688 -0.0452041625976562
-0.05706787109375 -0.00846481323242187 0.0369224548339844 -0.0225067138671875
-0.0504150390625 -0.0369682312011719 0.00284194946289062 -0.00896453857421875
-0.0117721557617187 -0.0596961975097656 -0.0464057922363281 -0.0147552490234375
0.0277938842773438 -0.0496444702148438 -0.0703811645507812 -0.0701217651367188
0.0531425476074219 0.00701522827148438 -0.00755310058593749 -0.16131591796875
0.0444107055664063 0.0448989868164063 0.10430908203125 -0.131355285644531
0.0255355834960938 0.0543098449707031 0.119972229003906 0.0253372192382813
-0.00880622863769531 -0.00248622894287109 -0.144546508789063 -0.0151214599609375
-0.00733089447021484 0.00189208984375 -0.117637634277344 0.138084411621094
0.0142393112182617 0.00368499755859375 0.024688720703125 0.168014526367188
0.00465917587280273 -0.00336933135986328 0.0767364501953125 0.0743560791015625
-0.000171899795532227 0.00357365608215332 0.0387725830078125 0.0032196044921875
0.00966835021972656 0.0101480484008789 -0.0163106918334961 -0.00576972961425781
0.0167951583862305 0.00970172882080078 -0.0612983703613281 0.0269432067871094
0.0165500640869141 0.00606250762939453 -0.0958099365234375 0.0575637817382813
0.0126724243164062 0.00825881958007813 -0.146347045898438 0.053741455078125
0.00528478622436523 0.00511980056762695 -0.194915771484375 -0.00410461425781251
0.00388860702514648 0.00577592849731445 -0.208297729492188 -0.085052490234375
-0.00343608856201172 0.00847053527832031 -0.145675659179688 -0.188385009765625
-0.0165529251098633 0.00290393829345703 -0.00073242187499998 -0.261215209960938
-0.020751953125 -0.0159358978271484 0.07708740234375 -0.203155517578125
-0.0131301879882812 -0.0302715301513672 0.108230590820313 -0.134391784667969
0.01165771484375 0.0480728149414063 -0.139152526855469 -0.0245361328125
0.041473388671875 0.0340080261230469 -0.125930786132812 0.122703552246094
0.0675811767578125 -0.00226974487304687 0.00375366210937502 0.166397094726563
0.0327072143554688 -0.0514144897460938 0.0599899291992188 0.0851898193359375
-0.0132369995117188 -0.0454978942871094 0.0393638610839844 0.0165214538574219
-0.0398445129394531 -0.0137596130371094 -0.0132780075073242 0.000159263610839843
-0.0306930541992188 0.0139884948730469 -0.0560989379882813 0.0238456726074219
-0.0196666717529297 0.0123672485351562 -0.09271240234375 0.0556411743164062
-0.0294342041015625 0.0122451782226562 -0.144088745117188 0.0521240234375
-0.0364646911621094 -0.00509262084960937 -0.193634033203125 -0.000488281250000035
-0.0220985412597656 -0.0244503021240234 -0.207855224609375 -0.0750274658203125
-0.00392913818359375 -0.0333480834960938 -0.154266357421875 -0.178115844726562
0.0235939025878906 -0.0172348022460938 -0.01861572265625 -0.255783081054688
0.031097412109375 0.00719451904296875 0.066253662109375 -0.20697021484375
0.0177421569824219 0.0182323455810547 0.106956481933594 -0.139503479003906
0.0320510864257812 0.0937423706054688 -0.137893676757813 -0.0248184204101562
0.0911712646484375 0.0612564086914062 -0.13311767578125 0.104217529296875
0.115921020507813 -0.0163345336914063 -0.0274200439453125 0.1678466796875
0.0518875122070313 -0.0951080322265625 0.0415802001953125 0.110031127929688
-0.0299224853515625 -0.0860748291015625 0.0495872497558594 0.044464111328125
-0.08416748046875 -0.0336685180664063 0.0109338760375977 0.00884437561035156
-0.0721435546875 0.0157012939453125 -0.0312957763671875 0.0158958435058594
-0.0532989501953125 0.014739990234375 -0.07415771484375 0.0436553955078125
-0.0678024291992188 0.0166168212890625 -0.13134765625 0.0459213256835937
-0.0789260864257813 -0.014923095703125 -0.184249877929688 -0.00205993652343747
-0.047821044921875 -0.0566482543945313 -0.200363159179688 -0.06903076171875
-0.00614166259765625 -0.0735702514648438 -0.1514892578125 -0.16644287109375
0.0646553039550781 -0.0383872985839844 -0.0252532958984375 -0.245254516601562
0.081085205078125 0.0274658203125 0.0622100830078125 -0.200653076171875
0.0463027954101562 0.0626182556152344 0.110038757324219 -0.130851745605469
0.0496826171875 0.12530517578125 -0.133277893066406 -0.012237548828125
0.130729675292969 0.0698394775390625 -0.144195556640625 0.0966644287109375
0.144760131835938 -0.0362548828125 -0.05389404296875 0.182098388671875
0.0554733276367188 -0.12530517578125 0.03515625 0.147674560546875
-0.0460205078125 -0.108345031738281 0.0762939453125 0.0751876831054688
-0.112213134765625 -0.0429534912109375 0.0496406555175781 0.0154342651367187
-0.0971603393554687 0.0177841186523437 0.00338101387023925 0.00187301635742188
-0.0772323608398437 0.0164413452148438 -0.0462913513183594 0.0261573791503906
-0.0999526977539063 0.0168533325195313 -0.106292724609375 0.0314102172851562
-0.10931396484375 -0.0264358520507813 -0.1590576171875 -0.00830078124999999
-0.0671234130859375 -0.0845260620117188 -0.17822265625 -0.064208984375
-0.0030364990234375 -0.110595703125 -0.136581420898438 -0.153732299804688
0.0999908447265625 -0.0531234741210938 -0.0230712890625 -0.226959228515625
0.120895385742188 0.046112060546875 0.0687713623046875 -0.185592651367188
0.0660018920898437 0.095703125 0.115188598632813 -0.108070373535156
0.0605392456054687 0.139266967773438 -0.12835693359375 0.0149765014648438
0.145675659179688 0.0665130615234375 -0.149642944335938 0.108856201171875
0.14630126953125 -0.0475616455078125 -0.062255859375 0.207168579101563
0.0491180419921875 -0.131492614746094 0.0491790771484375 0.185348510742188
-0.0531234741210938 -0.110542297363281 0.11297607421875 0.0984344482421875
-0.123489379882813 -0.043670654296875 0.0961456298828125 0.0138778686523437
-0.108024597167969 0.0159378051757813 0.045867919921875 -0.0159416198730469
-0.0901947021484375 0.0153656005859375 -0.0127058029174805 0.00295448303222656
-0.116859436035156 0.0137786865234375 -0.0714111328125 0.0134353637695313
-0.128311157226563 -0.0384750366210938 -0.120307922363281 -0.015411376953125
-0.0725173950195312 -0.108383178710938 -0.142608642578125 -0.0574493408203125
0.00794982910156251 -0.132965087890625 -0.113304138183594 -0.132713317871094
0.124900817871094 -0.0524520874023437 -0.0174713134765625 -0.20318603515625
0.137237548828125 0.0638885498046875 0.074859619140625 -0.166763305664063
0.075164794921875 0.114662170410156 0.12176513671875 -0.0755996704101562
0.0616531372070313 0.131027221679688 -0.120368957519531 0.0499267578125
0.134536743164063 0.0548858642578125 -0.144912719726563 0.132949829101562
0.126129150390625 -0.045806884765625 -0.049468994140625 0.230789184570313
0.03778076171875 -0.114860534667969 0.076904296875 0.209609985351563
-0.0493850708007813 -0.0950088500976562 0.149612426757813 0.107757568359375
-0.113174438476562 -0.0378494262695313 0.139312744140625 0.00653076171875
-0.10107421875 0.0133743286132813 0.0838088989257813 -0.0361328125
-0.0875244140625 0.0105438232421875 0.0240325927734375 -0.0198001861572266
-0.117073059082031 0.00711822509765624 -0.0309524536132813 -0.00573539733886718
-0.123275756835938 -0.0488204956054687 -0.075103759765625 -0.018096923828125
-0.061920166015625 -0.115585327148438 -0.101875305175781 -0.0450820922851563
0.0232009887695313 -0.12969970703125 -0.0922775268554688 -0.106010437011719
0.128097534179688 -0.0338821411132813 -0.017059326171875 -0.180267333984375
0.127601623535156 0.0743789672851563 0.083648681640625 -0.153488159179688
0.0674209594726562 0.112403869628906 0.127265930175781 -0.0387725830078125
0.0521163940429688 0.105728149414063 -0.111946105957031 0.0867691040039063
0.104133605957031 0.0394668579101563 -0.130661010742188 0.160049438476563
0.0962371826171875 -0.032379150390625 -0.0243072509765625 0.245132446289063
0.0309371948242187 -0.0833892822265625 0.1075439453125 0.217239379882812
-0.0371856689453125 -0.0721359252929688 0.17987060546875 0.107833862304688
-0.0876007080078125 -0.0305328369140625 0.17132568359375 -0.00433349609375
-0.080230712890625 0.0059967041015625 0.11431884765625 -0.0542831420898437
-0.0721054077148438 0.0048370361328125 0.0562515258789062 -0.0401878356933594
-0.0970993041992188 -4.57763671874902E-05 0.00882148742675781 -0.0185985565185547
-0.0960159301757813 -0.04913330078125 -0.0303153991699219 -0.0171928405761719
-0.0383224487304687 -0.10113525390625 -0.0688972473144531 -0.0260162353515625
0.0337371826171875 -0.0992279052734375 -0.0815582275390625 -0.0826568603515625
0.104049682617188 -0.0100936889648438 -0.020294189453125 -0.168899536132813
0.0945968627929688 0.0701522827148438 0.0907135009765625 -0.146499633789063
0.0497970581054688 0.0923995971679688 0.128837585449219 -0.00529479980468749
0.0346336364746094 0.0664253234863281 -0.102218627929688 0.116561889648437
0.0602684020996094 0.0235481262207031 -0.1104736328125 0.18096923828125
0.060821533203125 -0.0131568908691406 0.00254821777343749 0.248397827148438
0.0238761901855469 -0.0457725524902344 0.130081176757812 0.21392822265625
-0.0201301574707031 -0.0427322387695313 0.198165893554688 0.100616455078125
-0.053497314453125 -0.0220718383789063 0.193252563476562 -0.0152130126953125
-0.0483245849609375 -0.000980377197265629 0.136322021484375 -0.0677261352539063
-0.0431671142578125 -0.00160980224609376 0.079193115234375 -0.0522232055664062
-0.0600929260253906 -0.006134033203125 0.0382003784179687 -0.0277557373046875
-0.0555496215820313 -0.0360832214355469 0.00307559967041015 -0.0106058120727539
-0.0156707763671875 -0.0638389587402344 -0.0485572814941406 -0.0119514465332031
0.0273590087890625 -0.0543594360351563 -0.0761871337890625 -0.0683746337890625
0.0581855773925781 0.00491714477539063 -0.0175933837890625 -0.1685791015625
0.0496368408203125 0.0456123352050781 0.102035522460938 -0.144943237304688
0.0279083251953125 0.0555648803710938 0.12738037109375 0.0208816528320313
-0.00989055633544922 -0.00116157531738281 -0.146728515625 -0.00601196289062499
-0.0104789733886719 0.00191593170166016 -0.110595703125 0.1494140625
0.0138387680053711 0.00287151336669922 0.03997802734375 0.172088623046875
0.00610256195068359 -0.00444412231445313 0.08148193359375 0.0699310302734375
-0.000687599182128906 0.00271129608154297 0.0369033813476563 -0.00048065185546875
0.010350227355957 0.00821113586425781 -0.0201225280761719 -0.00294876098632813
0.0177764892578125 0.00741195678710938 -0.0596809387207031 0.0341033935546875
0.0180091857910156 0.00291061401367188 -0.093536376953125 0.0687789916992187
0.0138998031616211 0.00446414947509766 -0.145553588867188 0.0657501220703125
0.00566339492797852 0.00376319885253906 -0.1982421875 0.00993347167968747
0.00177955627441406 0.00677633285522461 -0.221023559570313 -0.068145751953125
-0.00497293472290039 0.00742530822753906 -0.16400146484375 -0.182403564453125
-0.0168056488037109 0.00592327117919922 -0.021636962890625 -0.267684936523438
-0.0229930877685547 -0.0159358978271484 0.06494140625 -0.215667724609375
-0.0151576995849609 -0.0301666259765625 0.104202270507812 -0.14874267578125
0.0125694274902344 0.0492515563964844 -0.143569946289063 -0.0173492431640625
0.0441513061523438 0.0325813293457031 -0.117607116699219 0.134696960449219
0.0698623657226563 -0.0104293823242188 0.0185546875 0.170333862304688
0.0311698913574219 -0.0551338195800781 0.067138671875 0.0811386108398438
-0.0168190002441406 -0.0456352233886719 0.0374984741210938 0.015228271484375
-0.0427436828613281 -0.01068115234375 -0.0147037506103516 0.00326156616210937
-0.0298786163330078 0.01611328125 -0.0546340942382812 0.0306396484375
-0.0197715759277344 0.0122947692871094 -0.088348388671875 0.0632171630859375
-0.0285377502441406 0.0142707824707031 -0.144821166992188 0.06488037109375
-0.0399589538574219 -0.00052261352539063 -0.198944091796875 0.0135650634765625
-0.0271072387695313 -0.0240955352783203 -0.220458984375 -0.06121826171875
-0.00676918029785156 -0.0348472595214844 -0.173141479492187 -0.171630859375
0.025421142578125 -0.0211277008056641 -0.0372772216796875 -0.264129638671875
0.0321083068847656 0.00474739074707031 0.0530242919921875 -0.220565795898437
0.0206546783447266 0.0170135498046875 0.10223388671875 -0.154067993164063
0.0407333374023437 0.095977783203125 -0.143844604492188 -0.0158538818359375
0.0962142944335938 0.0573272705078125 -0.13043212890625 0.117591857910156
0.120285034179688 -0.0262603759765625 -0.0149688720703125 0.174224853515625
0.0469131469726563 -0.102294921875 0.0493850708007812 0.109214782714844
-0.037689208984375 -0.087249755859375 0.0524864196777344 0.0432281494140625
-0.089447021484375 -0.028167724609375 0.00988483428955078 0.0102319717407227
-0.0721359252929688 0.0213546752929688 -0.0318679809570313 0.0207843780517578
-0.0545082092285156 0.01788330078125 -0.073028564453125 0.0516586303710937
-0.0677642822265625 0.0213203430175781 -0.132247924804688 0.0573806762695313
-0.080108642578125 -0.00769042968750001 -0.190383911132813 0.01239013671875
-0.0554466247558594 -0.0553817749023438 -0.212173461914063 -0.054229736328125
-0.0126571655273438 -0.0771255493164063 -0.16802978515625 -0.161712646484375
0.063873291015625 -0.0453224182128906 -0.045562744140625 -0.249282836914063
0.0872879028320313 0.0231399536132813 0.0483245849609375 -0.212326049804688
0.0518569946289063 0.0599746704101563 0.105148315429688 -0.14752197265625
0.0595550537109375 0.127212524414063 -0.139144897460938 -0.00163269042968752
0.137725830078125 0.0628814697265625 -0.141265869140625 0.113723754882813
0.1470947265625 -0.0474090576171875 -0.0409088134765625 0.191497802734375
0.0473785400390625 -0.135772705078125 0.0467376708984375 0.149002075195313
-0.0552215576171875 -0.110061645507813 0.0834121704101562 0.0709152221679688
-0.121421813964844 -0.0345611572265625 0.051483154296875 0.0117607116699219
-0.101165771484375 0.025482177734375 0.00392365455627441 0.00107216835021973
-0.0789413452148438 0.0210494995117188 -0.0440597534179688 0.0287208557128906
-0.100692749023438 0.0245132446289062 -0.107894897460938 0.04071044921875
-0.115379333496094 -0.017547607421875 -0.163986206054688 0.00503540039062499
-0.0767059326171875 -0.0820159912109375 -0.188720703125 -0.0544891357421875
-0.0132293701171875 -0.115798950195313 -0.153717041015625 -0.1480712890625
0.102256774902344 -0.0635910034179688 -0.04150390625 -0.232406616210938
0.128860473632812 0.0371475219726563 0.055999755859375 -0.19818115234375
0.0760421752929688 0.0943756103515625 0.111549377441406 -0.122467041015625
0.0740203857421875 0.141647338867188 -0.132614135742188 0.0249786376953125
0.153976440429688 0.0572357177734375 -0.145492553710937 0.122116088867188
0.147369384765625 -0.0608978271484375 -0.04559326171875 0.218856811523437
0.04058837890625 -0.139503479003906 0.06231689453125 0.188735961914063
-0.0629501342773438 -0.111419677734375 0.123153686523438 0.0912322998046875
-0.130538940429688 -0.0339889526367187 0.100296020507812 0.0074920654296875
-0.109291076660156 0.0237274169921875 0.0442161560058594 -0.0213508605957031
-0.0904693603515625 0.020538330078125 -0.0112466812133789 0.00203227996826172
-0.118850708007813 0.024139404296875 -0.0716171264648438 0.0188980102539063
-0.133720397949219 -0.0312423706054688 -0.125770568847656 -0.00769805908203123
-0.0850448608398438 -0.105743408203125 -0.150527954101563 -0.0482330322265625
-0.000816345214843742 -0.139778137207031 -0.126029968261719 -0.129264831542969
0.128669738769531 -0.0634307861328125 -0.035675048828125 -0.206924438476562
0.145553588867187 0.0544891357421875 0.064056396484375 -0.178359985351563
0.0852737426757812 0.113021850585937 0.121086120605469 -0.08770751953125
0.072021484375 0.133956909179688 -0.122329711914063 0.0578231811523438
0.141983032226563 0.0476531982421875 -0.141799926757813 0.146820068359375
0.130599975585938 -0.0562820434570313 -0.03070068359375 0.243240356445313
0.0303726196289063 -0.122108459472656 0.0924835205078125 0.210098266601563
-0.0589447021484375 -0.093963623046875 0.164520263671875 0.100997924804687
-0.119758605957031 -0.0301361083984375 0.142013549804688 -0.004150390625
-0.100944519042969 0.0220870971679688 0.0818710327148438 -0.0446701049804687
-0.0896759033203125 0.0160140991210938 0.0241413116455078 -0.0228462219238281
-0.117294311523438 0.0167388916015625 -0.0344200134277344 -0.00403213500976563
-0.131072998046875 -0.038299560546875 -0.0772247314453125 -0.0159835815429688
-0.0754470825195313 -0.116264343261719 -0.107597351074219 -0.0398788452148437
0.0161361694335937 -0.137214660644531 -0.101348876953125 -0.101730346679687
0.132362365722656 -0.0441436767578125 -0.0332489013671875 -0.182662963867187
0.137351989746094 0.0675506591796875 0.0723724365234375 -0.162322998046875
0.0772628784179688 0.111976623535156 0.129379272460938 -0.0528411865234375
0.062713623046875 0.107757568359375 -0.112091064453125 0.0959091186523438
0.109306335449219 0.0339813232421875 -0.12322998046875 0.174667358398437
0.0965347290039063 -0.042449951171875 -0.00553894042968749 0.255859375
0.0269241333007813 -0.0901107788085937 0.125076293945313 0.213714599609375
-0.0428619384765625 -0.07037353515625 0.191436767578125 0.095733642578125
-0.09124755859375 -0.0232162475585937 0.175369262695313 -0.0173187255859375
-0.0827407836914063 0.0131683349609375 0.115898132324219 -0.0657272338867188
-0.0732650756835937 0.0102386474609375 0.0563774108886719 -0.0452880859375
-0.098114013671875 0.00654602050781252 0.00640296936035156 -0.0209579467773438
-0.1031494140625 -0.0426101684570313 -0.0323276519775391 -0.0160350799560547
-0.0487594604492188 -0.10211181640625 -0.0713119506835938 -0.0217819213867188
0.0287246704101562 -0.105926513671875 -0.0890579223632813 -0.0784683227539063
0.107795715332031 -0.019439697265625 -0.03533935546875 -0.170272827148438
0.103111267089844 0.0652618408203125 0.079864501953125 -0.15911865234375
0.0584869384765625 0.0889892578125 0.13262939453125 -0.0173263549804687
0.0409278869628906 0.0685806274414063 -0.0975189208984375 0.128715515136719
0.0627212524414063 0.0205535888671875 -0.100967407226562 0.195755004882813
0.0616073608398438 -0.0169334411621094 0.02178955078125 0.2572021484375
0.0214385986328125 -0.0485458374023437 0.1494140625 0.209854125976562
-0.023223876953125 -0.0431365966796875 0.210830688476563 0.08709716796875
-0.0562515258789063 -0.0189781188964844 0.193984985351563 -0.03106689453125
-0.0496406555175781 0.00197982788085938 0.135597229003906 -0.0794296264648438
-0.0436286926269531 3.05175781249916E-05 0.0774383544921875 -0.0615692138671875
-0.0627326965332031 -0.00248718261718749 0.0370292663574219 -0.0313377380371094
-0.0600242614746094 -0.0347747802734375 0.00382137298583984 -0.011744499206543
-0.0226325988769531 -0.0641555786132812 -0.0494003295898437 -0.00939559936523438
0.0248222351074219 -0.0596656799316406 -0.0840682983398437 -0.0629653930664063
0.061431884765625 0.00326156616210937 -0.0317535400390625 -0.171585083007813
0.0554389953613281 0.0427436828613281 0.09326171875 -0.1572265625
0.0327606201171875 0.0551567077636719 0.131820678710937 0.0111465454101563
-0.00982856750488281 -0.000795364379882813 -0.146011352539062 0.000732421875000006
-0.00908851623535156 0.00281429290771484 -0.0970611572265625 0.15936279296875
0.0128211975097656 -0.000214576721191406 0.05303955078125 0.1658935546875
0.00308609008789063 -0.00579452514648438 0.0860824584960937 0.061798095703125
-0.000701427459716796 0.00420713424682617 0.0341415405273438 -0.00297927856445313
0.00997447967529297 0.00719261169433594 -0.0200634002685547 -0.000753402709960942
0.017822265625 0.00387763977050781 -0.0576858520507813 0.0391502380371094
0.0173120498657227 0.00126934051513672 -0.08563232421875 0.0748672485351562
0.0159788131713867 0.00480365753173828 -0.140556335449219 0.0781173706054688
0.00551319122314453 0.00529098510742188 -0.196365356445313 0.0254364013671875
0.00333833694458008 0.00541353225708008 -0.22332763671875 -0.0538787841796875
-0.00139713287353516 0.00807523727416992 -0.177719116210937 -0.168441772460938
-0.0161819458007812 0.00500679016113281 -0.040435791015625 -0.264801025390625
-0.0230140686035156 -0.0136699676513672 0.04937744140625 -0.220199584960938
-0.0164928436279297 -0.0308647155761719 0.09466552734375 -0.156951904296875
0.0180740356445313 0.0483474731445313 -0.143051147460937 -0.00946044921874998
0.0457344055175781 0.0318412780761719 -0.106597900390625 0.14251708984375
0.0707855224609375 -0.0145263671875 0.03167724609375 0.169647216796875
0.0238571166992187 -0.0584716796875 0.0710220336914063 0.0751724243164063
-0.0228805541992187 -0.0449943542480469 0.0370254516601563 0.0112648010253906
-0.0466041564941406 -0.00852584838867187 -0.0174112319946289 0.0049591064453125
-0.0291633605957031 0.0177993774414063 -0.0508613586425781 0.0343208312988281
-0.0186538696289063 0.0118274688720703 -0.0834579467773438 0.0697250366210938
-0.0252399444580078 0.01513671875 -0.137115478515625 0.076568603515625
-0.0382080078125 0.00103759765625 -0.198226928710938 0.027984619140625
-0.0287857055664063 -0.0215625762939453 -0.223388671875 -0.043914794921875
-0.0103473663330078 -0.0347347259521484 -0.183441162109375 -0.156890869140625
0.0235595703125 -0.0222644805908203 -0.0567626953125 -0.258316040039063
0.0339336395263672 0.00199699401855469 0.037689208984375 -0.222976684570313
0.0187568664550781 0.0160255432128906 0.0929718017578125 -0.162704467773438
0.0444869995117187 0.0948410034179688 -0.14337158203125 -0.00892639160156251
0.101325988769531 0.049346923828125 -0.119346618652344 0.124595642089844
0.118263244628906 -0.0354156494140625 -0.000228881835937509 0.174514770507813
0.0380172729492187 -0.108413696289063 0.0555267333984375 0.105628967285156
-0.0449905395507813 -0.0846939086914063 0.0551986694335938 0.0386810302734375
-0.0918197631835938 -0.0209579467773438 0.0101909637451172 0.00964546203613281
-0.0692825317382813 0.0253219604492188 -0.0298328399658203 0.0224456787109375
-0.0524940490722656 0.0203666687011719 -0.0654678344726563 0.0551071166992188
-0.0647850036621094 0.0260086059570312 -0.126861572265625 0.0667495727539063
-0.0811309814453125 -0.001190185546875 -0.18731689453125 0.026458740234375
-0.0597991943359375 -0.0499725341796875 -0.213485717773438 -0.0390777587890625
-0.017181396484375 -0.0757217407226563 -0.178817749023437 -0.14697265625
0.0616950988769531 -0.0500068664550781 -0.0635223388671875 -0.24609375
0.0887069702148438 0.0143280029296875 0.0347900390625 -0.21624755859375
0.055938720703125 0.0561981201171875 0.0956268310546875 -0.156723022460938
0.0681915283203125 0.126960754394531 -0.137489318847656 0.00525665283203128
0.142303466796875 0.0528411865234375 -0.132774353027344 0.121353149414063
0.14453125 -0.0590667724609375 -0.02557373046875 0.193069458007813
0.0371780395507812 -0.139015197753906 0.0553741455078125 0.1448974609375
-0.0642242431640625 -0.10772705078125 0.0867691040039063 0.0668792724609375
-0.123916625976563 -0.0264663696289062 0.0510368347167969 0.0108261108398438
-0.095916748046875 0.0308685302734375 0.00410389900207519 0.00185942649841309
-0.07696533203125 0.0243148803710937 -0.0410575866699219 0.0319633483886719
-0.0972671508789062 0.032012939453125 -0.10235595703125 0.0474395751953125
-0.116676330566406 -0.00789642333984375 -0.164810180664063 0.0144805908203125
-0.084747314453125 -0.076324462890625 -0.189544677734375 -0.0394287109375
-0.0191574096679687 -0.1143798828125 -0.161331176757813 -0.13458251953125
0.0973587036132813 -0.0710296630859375 -0.05859375 -0.227584838867188
0.132904052734375 0.0266189575195312 0.041595458984375 -0.200942993164063
0.0818099975585938 0.0875778198242188 0.104461669921875 -0.132164001464844
0.0823974609375 0.138999938964844 -0.129440307617188 0.0318832397460938
0.15582275390625 0.047821044921875 -0.138092041015625 0.133773803710937
0.144378662109375 -0.0706024169921875 -0.0290374755859375 0.22149658203125
0.027984619140625 -0.1455078125 0.075103759765625 0.181961059570313
-0.0721969604492188 -0.10595703125 0.128898620605469 0.0843048095703125
-0.132949829101562 -0.0236282348632812 0.0984649658203125 0.000282287597656249
-0.106582641601562 0.0323867797851563 0.0425491333007813 -0.0248527526855469
-0.0894393920898438 0.0250473022460938 -0.00931262969970704 0.0018463134765625
-0.115425109863281 0.033477783203125 -0.0715255737304688 0.0231552124023438
-0.137092590332031 -0.0166549682617188 -0.126564025878906 0.00135040283203124
-0.0946578979492188 -0.0988922119140625 -0.15191650390625 -0.037078857421875
-0.0119094848632812 -0.138236999511719 -0.134658813476563 -0.117446899414063
0.123626708984375 -0.07281494140625 -0.049163818359375 -0.20233154296875
0.153915405273437 0.043731689453125 0.050689697265625 -0.1826171875
0.091888427734375 0.105606079101563 0.115325927734375 -0.0994415283203125
0.0800933837890625 0.1300048828125 -0.116134643554688 0.0680160522460938
0.14471435546875 0.0379486083984375 -0.129791259765625 0.158599853515625
0.123992919921875 -0.0659866333007813 -0.0128326416015625 0.244308471679687
0.0209503173828125 -0.125373840332031 0.106674194335938 0.202163696289062
-0.0657196044921875 -0.0917587280273437 0.167709350585938 0.086151123046875
-0.121391296386719 -0.0200119018554687 0.141220092773438 -0.0138397216796875
-0.0993499755859375 0.0270614624023438 0.0779800415039063 -0.0495452880859375
-0.0872039794921875 0.0212936401367188 0.0226116180419922 -0.0248088836669922
-0.116447448730469 0.0247421264648438 -0.0335006713867188 -0.000160217285156255
-0.133377075195312 -0.0304946899414062 -0.0791091918945313 -0.01068115234375
-0.0844879150390625 -0.1104736328125 -0.108543395996094 -0.03045654296875
0.00602722167968751 -0.1375732421875 -0.108695983886719 -0.0929641723632813
0.129508972167969 -0.0532455444335938 -0.0458831787109375 -0.178268432617188
0.143707275390625 0.05474853515625 0.060150146484375 -0.1702880859375
0.0846176147460938 0.105941772460938 0.122993469238281 -0.0626068115234375
0.0692825317382813 0.106376647949219 -0.102821350097656 0.105316162109375
0.110313415527344 0.028778076171875 -0.110244750976563 0.185333251953125
0.0947265625 -0.04833984375 0.0143585205078125 0.255844116210938
0.0197525024414063 -0.091094970703125 0.140121459960938 0.20672607421875
-0.0491943359375 -0.0680770874023437 0.199661254882813 0.08197021484375
-0.0944595336914063 -0.0179214477539063 0.171463012695313 -0.030029296875
-0.0800628662109375 0.0185470581054688 0.106605529785156 -0.0737075805664063
-0.0718765258789063 0.013427734375 0.0515022277832031 -0.0511856079101562
-0.0987014770507813 0.0140609741210938 0.00506973266601562 -0.0220394134521484
-0.106544494628906 -0.0341033935546875 -0.031494140625 -0.0143508911132813
-0.0594711303710937 -0.0990524291992187 -0.0715179443359375 -0.0158767700195313
0.020477294921875 -0.108612060546875 -0.0922622680664063 -0.0697250366210938
0.109886169433594 -0.0249481201171875 -0.047882080078125 -0.166702270507813
0.108741760253906 0.0575408935546875 0.0673065185546875 -0.1644287109375
0.0618438720703125 0.0876007080078125 0.130241394042969 -0.0272445678710937
0.0443191528320313 0.0669326782226563 -0.0916061401367188 0.135406494140625
0.0622482299804688 0.0180816650390625 -0.088134765625 0.203384399414063
0.0606269836425781 -0.0230789184570313 0.04144287109375 0.254364013671875
0.0179862976074219 -0.0509414672851563 0.163330078125 0.19879150390625
-0.0262908935546875 -0.0421714782714844 0.215530395507812 0.0708465576171875
-0.0585479736328125 -0.0143661499023438 0.191375732421875 -0.0453033447265625
-0.0491905212402344 0.00397491455078124 0.123886108398438 -0.0916213989257812
-0.0441932678222656 0.00296783447265626 0.0733642578125 -0.0675811767578125
-0.0629119873046875 0.00171661376953125 0.0349788665771484 -0.0345840454101563
-0.0629501342773438 -0.0282974243164063 0.00311088562011718 -0.0129270553588867
-0.0283622741699219 -0.0638275146484375 -0.0476150512695313 -0.00532150268554687
0.0201606750488281 -0.0611686706542969 -0.0863189697265625 -0.0559463500976563
0.0631217956542969 -0.00254440307617188 -0.044921875 -0.165267944335938
0.0580787658691406 0.0388412475585938 0.07720947265625 -0.164215087890625
0.0352249145507813 0.051300048828125 0.13189697265625 8.39233398437532E-05
-0.00955963134765625 -0.000535964965820311 -0.143035888671875 0.00469970703124999
-0.0097188949584961 0.00407791137695313 -0.0865478515625 0.160980224609375
0.0126228332519531 -0.00133991241455078 0.0603790283203125 0.159835815429688
0.00150871276855469 -0.00629138946533203 0.0863418579101563 0.0564956665039062
-0.000979185104370117 0.00315642356872559 0.0319347381591797 -0.00510025024414063
0.00958824157714844 0.00720310211181641 -0.0214099884033203 0.000753402709960938
0.0178852081298828 0.00229454040527344 -0.0532798767089844 0.0410003662109375
0.0176715850830078 -0.00089263916015625 -0.0795135498046875 0.0768508911132812
0.0154628753662109 0.00424385070800781 -0.13360595703125 0.0828704833984375
0.00578212738037109 0.00504159927368164 -0.191497802734375 0.0340423583984375
0.00146818161010742 0.00534343719482422 -0.220535278320313 -0.041534423828125
-0.00249195098876953 0.0073552131652832 -0.181243896484375 -0.156143188476563
-0.0146684646606445 0.00469493865966797 -0.05133056640625 -0.257217407226563
-0.0229473114013672 -0.0129642486572266 0.0400238037109375 -0.219085693359375
-0.0178375244140625 -0.0298995971679688 0.0876617431640625 -0.161361694335938
0.01959228515625 0.0490951538085938 -0.1405029296875 -0.004547119140625
0.0466499328613281 0.0291976928710938 -0.0980224609375 0.145858764648438
0.0687103271484375 -0.0179100036621094 0.039337158203125 0.163192749023438
0.0215377807617187 -0.0601844787597656 0.0716323852539063 0.07086181640625
-0.0252609252929688 -0.0441970825195312 0.0358428955078125 0.00954818725585937
-0.0454940795898438 -0.00699615478515625 -0.0157871246337891 0.00570869445800781
-0.0275344848632813 0.0173759460449219 -0.0488204956054687 0.0358734130859375
-0.0178241729736328 0.0107021331787109 -0.0761871337890625 0.071380615234375
-0.0242137908935547 0.0163497924804687 -0.131507873535156 0.0816116333007813
-0.0371856689453125 0.00434494018554687 -0.191574096679688 0.036712646484375
-0.0295352935791016 -0.0199699401855469 -0.219467163085937 -0.0329437255859375
-0.0106887817382813 -0.033203125 -0.186050415039063 -0.14471435546875
0.02252197265625 -0.0230693817138672 -0.0681915283203125 -0.249114990234375
0.0337791442871094 -0.00123405456542969 0.0271148681640625 -0.22088623046875
0.0197162628173828 0.0140933990478516 0.085968017578125 -0.166748046875
0.0491867065429688 0.0934982299804688 -0.139076232910156 -0.00475311279296873
0.101593017578125 0.0461654663085938 -0.1102294921875 0.128799438476563
0.11627197265625 -0.0413360595703125 0.00949096679687499 0.170166015625
0.0314254760742187 -0.108314514160156 0.0585403442382813 0.100914001464844
-0.0489501953125 -0.0821990966796875 0.05401611328125 0.0358238220214844
-0.0927581787109375 -0.0157623291015625 0.010401725769043 0.0112504959106445
-0.0679435729980469 0.0277023315429688 -0.0274906158447266 0.0225830078125
-0.0509872436523438 0.020538330078125 -0.0610122680664063 0.0566215515136719
-0.0616226196289063 0.0288047790527344 -0.120094299316406 0.0717544555664063
-0.0788040161132813 0.00329589843749999 -0.182174682617188 0.033905029296875
-0.061614990234375 -0.045318603515625 -0.210342407226563 -0.028411865234375
-0.0211868286132813 -0.0738754272460938 -0.181854248046875 -0.1351318359375
0.05859375 -0.0525360107421875 -0.072601318359375 -0.237228393554687
0.0885086059570313 0.009521484375 0.0241546630859375 -0.21368408203125
0.0565643310546875 0.0532302856445312 0.0884552001953125 -0.1605224609375
0.0731277465820313 0.123207092285156 -0.133644104003906 0.00971221923828124
0.141372680664062 0.0469970703125 -0.123359680175781 0.124267578125
0.140411376953125 -0.0651473999023438 -0.01434326171875 0.190322875976563
0.0285491943359375 -0.139335632324219 0.0602951049804687 0.140449523925781
-0.0682144165039063 -0.101943969726563 0.0884170532226562 0.0614089965820312
-0.122787475585938 -0.0190505981445312 0.0514907836914062 0.00814437866210937
-0.0935440063476562 0.0352401733398438 0.00419211387634277 0.000598907470703127
-0.0754852294921875 0.0265274047851563 -0.0371208190917969 0.0313606262207031
-0.09246826171875 0.0360183715820313 -0.098907470703125 0.0521469116210938
-0.113746643066406 -3.0517578124989E-05 -0.159988403320312 0.0225677490234375
-0.0877838134765625 -0.0709228515625 -0.1875 -0.0292816162109375
-0.0250015258789063 -0.111541748046875 -0.163681030273438 -0.125198364257813
0.0927810668945313 -0.074249267578125 -0.0667266845703125 -0.21923828125
0.131202697753906 0.0200958251953125 0.0306396484375 -0.199615478515625
0.0829925537109375 0.0828933715820313 0.096466064453125 -0.136886596679687
0.0871124267578125 0.134849548339844 -0.12628173828125 0.0373916625976562
0.156021118164063 0.040374755859375 -0.128433227539063 0.137481689453125
0.140213012695313 -0.0774765014648438 -0.0178680419921875 0.21771240234375
0.02117919921875 -0.144744873046875 0.081939697265625 0.175216674804688
-0.076202392578125 -0.101783752441406 0.13067626953125 0.0760650634765625
-0.131782531738281 -0.01605224609375 0.0972671508789062 -0.00262451171875
-0.103347778320313 0.0361785888671875 0.0401573181152344 -0.0266227722167969
-0.0880661010742188 0.0275421142578125 -0.00979900360107422 0.00172138214111328
-0.111381530761719 0.0369796752929687 -0.0681953430175781 0.02667236328125
-0.134597778320313 -0.00994873046874997 -0.124671936035156 0.00659942626953127
-0.099517822265625 -0.0936050415039063 -0.15032958984375 -0.0299835205078125
-0.0180892944335937 -0.136566162109375 -0.136482238769531 -0.108970642089844
0.120399475097656 -0.0785675048828125 -0.05706787109375 -0.196197509765625
0.152679443359375 0.0348052978515625 0.0406646728515625 -0.182159423828125
0.0934906005859375 0.100593566894531 0.107902526855469 -0.105209350585938
0.08709716796875 0.126922607421875 -0.112159729003906 0.0728530883789063
0.142242431640625 0.031402587890625 -0.119674682617187 0.161865234375
0.119705200195313 -0.0704574584960938 -0.000976562500000012 0.23907470703125
0.0153045654296875 -0.123382568359375 0.114273071289063 0.193801879882813
-0.0683822631835937 -0.086822509765625 0.169113159179688 0.077362060546875
-0.119430541992188 -0.0134353637695313 0.136924743652344 -0.0190277099609375
-0.0964889526367188 0.030853271484375 0.0732574462890625 -0.0537185668945313
-0.0862808227539062 0.0225677490234375 0.0209178924560547 -0.0276088714599609
-0.113380432128906 0.02947998046875 -0.0324611663818359 -0.000175476074218749
-0.132179260253906 -0.022247314453125 -0.0789031982421875 -0.00663757324218749
-0.0896453857421875 -0.103965759277344 -0.107017517089844 -0.0245132446289062
-0.000839233398437495 -0.136833190917969 -0.10919189453125 -0.0855941772460938
0.127273559570312 -0.0598068237304687 -0.0531005859375 -0.171005249023438
0.145004272460938 0.0476226806640625 0.0498046875 -0.16827392578125
0.0864791870117188 0.102249145507813 0.119049072265625 -0.0684051513671875
0.0728912353515625 0.102149963378906 -0.0977020263671875 0.1080322265625
0.10931396484375 0.0228958129882813 -0.100799560546875 0.186431884765625
0.0919570922851563 -0.0517425537109375 0.026397705078125 0.248428344726563
0.01361083984375 -0.0910415649414063 0.1455078125 0.195465087890625
-0.051361083984375 -0.0643806457519531 0.197540283203125 0.0699462890625
-0.093109130859375 -0.0121688842773437 0.166091918945313 -0.0382537841796875
-0.0770339965820313 0.0200042724609375 0.0996246337890625 -0.078125
-0.0712509155273437 0.014434814453125 0.0471458435058594 -0.0539779663085937
-0.09619140625 0.0172271728515625 0.00300979614257812 -0.0232753753662109
-0.106674194335938 -0.0283279418945313 -0.0331878662109375 -0.0142555236816406
-0.0629196166992187 -0.0939178466796875 -0.069122314453125 -0.0130271911621094
0.014801025390625 -0.108757019042969 -0.0932998657226563 -0.0635528564453125
0.107925415039063 -0.0302047729492188 -0.054168701171875 -0.159088134765625
0.110267639160156 0.0507354736328125 0.0565338134765625 -0.164810180664063
0.06427001953125 0.0840606689453125 0.126121520996094 -0.034027099609375
0.0477828979492187 0.0651588439941406 -0.0845870971679688 0.137702941894531
0.0616111755371094 0.0153961181640625 -0.07708740234375 0.204681396484375
0.0593719482421875 -0.0256233215332031 0.052337646484375 0.245864868164063
0.0153427124023437 -0.0514068603515625 0.169830322265625 0.186813354492187
-0.0276603698730469 -0.0395050048828125 0.213363647460938 0.0587921142578125
-0.0578536987304687 -0.0108146667480469 0.184036254882813 -0.0538177490234375
-0.0474205017089844 0.00546646118164062 0.117576599121094 -0.0958251953125
-0.0449104309082031 0.00317382812499999 0.0665283203125 -0.0714035034179688
-0.0611076354980469 0.00375747680664064 0.0313453674316406 -0.0370979309082031
-0.0626144409179688 -0.0247535705566406 0.00227928161621093 -0.014012336730957
-0.0310821533203125 -0.06134033203125 -0.0456695556640625 -0.00252151489257813
0.0167694091796875 -0.0609169006347656 -0.0864791870117188 -0.049774169921875
0.0629348754882813 -0.00458145141601563 -0.0531768798828125 -0.159149169921875
0.0604400634765625 0.0352363586425781 0.06646728515625 -0.1646728515625
0.0364608764648438 0.0500640869140625 0.128570556640625 -0.00531768798828125
-0.00953006744384766 -0.000264167785644531 -0.140342712402344 0.00413513183593748
-0.00979709625244141 0.0043182373046875 -0.081207275390625 0.160614013671875
0.0123462677001953 -0.00207424163818359 0.064239501953125 0.156341552734375
0.000811100006103515 -0.00606489181518555 0.0858917236328125 0.0530471801757812
-0.00151705741882324 0.00355863571166992 0.0293045043945313 -0.00489616394042969
0.00883865356445313 0.00732231140136719 -0.0227413177490234 0.00206565856933594
0.0171232223510742 0.00119400024414063 -0.0517196655273438 0.0422821044921875
0.0170688629150391 -0.00259304046630859 -0.0756378173828125 0.0769805908203125
0.0158491134643555 0.00341796875 -0.129135131835938 0.0853958129882813
0.00572633743286133 0.00571727752685547 -0.188491821289063 0.03765869140625
0.00143814086914063 0.00592565536499023 -0.218551635742187 -0.0368194580078125
-0.00254917144775391 0.0062861442565918 -0.181396484375 -0.150405883789063
-0.0145301818847656 0.003997802734375 -0.0551605224609375 -0.25299072265625
-0.0230007171630859 -0.0132637023925781 0.03570556640625 -0.21832275390625
-0.0184879302978516 -0.029327392578125 0.085479736328125 -0.163497924804688
0.0207138061523437 0.0496368408203125 -0.138587951660156 -0.00479125976562502
0.0466270446777344 0.0290298461914063 -0.092041015625 0.144973754882812
0.0690383911132813 -0.0195121765136719 0.0433807373046875 0.158828735351563
0.0181922912597656 -0.0598526000976563 0.071563720703125 0.0686874389648438
-0.026397705078125 -0.043243408203125 0.0339183807373047 0.00989913940429687
-0.0456199645996094 -0.00466537475585937 -0.0163536071777344 0.00732803344726563
-0.0284786224365234 0.0166549682617188 -0.0477333068847656 0.0366554260253906
-0.0184173583984375 0.00984573364257812 -0.0725784301757812 0.0717315673828125
-0.0224857330322266 0.0165233612060547 -0.127708435058594 0.0843734741210937
-0.0363311767578125 0.0061798095703125 -0.18817138671875 0.040771484375
-0.0304660797119141 -0.0186882019042969 -0.2171630859375 -0.028076171875
-0.0119915008544922 -0.0336189270019531 -0.187454223632812 -0.138839721679688
0.0220069885253906 -0.0244827270507812 -0.0719451904296875 -0.24530029296875
0.0334033966064453 -0.00252151489257813 0.02362060546875 -0.22021484375
0.0203266143798828 0.0135669708251953 0.0832366943359375 -0.169174194335938
0.0509033203125 0.09356689453125 -0.13714599609375 -0.00361633300781247
0.101638793945313 0.0449066162109375 -0.10565185546875 0.129241943359375
0.115486145019531 -0.0435256958007813 0.013519287109375 0.166168212890625
0.0279159545898437 -0.108840942382813 0.05853271484375 0.09912109375
-0.0508651733398438 -0.0807342529296875 0.0531768798828125 0.0349655151367187
-0.0925445556640625 -0.012451171875 0.0105438232421875 0.0115518569946289
-0.0672798156738281 0.0287666320800781 -0.0269298553466797 0.0229339599609375
-0.0504913330078125 0.0198860168457031 -0.0587005615234375 0.0562324523925781
-0.0601692199707031 0.0291900634765625 -0.116981506347656 0.0746383666992187
-0.0769195556640625 0.00650787353515626 -0.179519653320312 0.0369873046875
-0.0625343322753906 -0.042999267578125 -0.208206176757813 -0.0237884521484375
-0.0226287841796875 -0.073272705078125 -0.181320190429687 -0.129425048828125
0.0578536987304687 -0.0538101196289062 -0.076324462890625 -0.2327880859375
0.0877532958984375 0.0069427490234375 0.020477294921875 -0.21234130859375
0.0566444396972656 0.0518341064453125 0.08489990234375 -0.162277221679688
0.07611083984375 0.122474670410156 -0.132003784179688 0.0108871459960938
0.141433715820313 0.0453948974609375 -0.118698120117188 0.124526977539063
0.139572143554688 -0.0679168701171875 -0.00982666015624999 0.1864013671875
0.0249786376953125 -0.138526916503906 0.061065673828125 0.138359069824219
-0.0710067749023438 -0.099945068359375 0.0879745483398438 0.0591812133789062
-0.121658325195313 -0.014312744140625 0.0514640808105469 0.00793075561523437
-0.0923385620117188 0.0363922119140625 0.00462865829467773 -0.000240802764892576
-0.0753402709960938 0.0262374877929688 -0.0367050170898438 0.0309410095214844
-0.0905380249023438 0.0368804931640625 -0.0961074829101563 0.054168701171875
-0.111846923828125 0.00302124023437502 -0.158218383789063 0.0258331298828125
-0.0896682739257813 -0.067108154296875 -0.185150146484375 -0.0252532958984375
-0.0278701782226562 -0.110725402832031 -0.16375732421875 -0.120010375976563
0.091339111328125 -0.0760421752929688 -0.0701904296875 -0.215713500976562
0.130889892578125 0.0172195434570313 0.0273895263671875 -0.198394775390625
0.083343505859375 0.0816726684570313 0.0935440063476563 -0.140205383300781
0.0898361206054688 0.133872985839844 -0.123115539550781 0.038665771484375
0.155136108398438 0.0377655029296875 -0.123825073242187 0.138031005859375
0.138221740722656 -0.0798492431640625 -0.01226806640625 0.214065551757813
0.016754150390625 -0.14312744140625 0.083282470703125 0.17242431640625
-0.0774993896484375 -0.0989303588867188 0.130142211914063 0.0727005004882813
-0.130767822265625 -0.011932373046875 0.0970077514648438 -0.0041046142578125
-0.101890563964844 0.0375518798828125 0.0385665893554687 -0.0275726318359375
-0.087799072265625 0.0272140502929688 -0.00945186614990235 0.000659942626953127
-0.109176635742188 0.0383453369140625 -0.0674324035644531 0.0277328491210938
-0.133209228515625 -0.00629425048828128 -0.12359619140625 0.00889587402343751
-0.101615905761719 -0.0899581909179687 -0.148605346679688 -0.026611328125
-0.0208740234375 -0.136001586914063 -0.136070251464844 -0.105323791503906
0.118606567382813 -0.0805282592773438 -0.0596923828125 -0.19097900390625
0.152450561523438 0.0312347412109375 0.0362548828125 -0.181320190429688
0.094268798828125 0.09869384765625 0.105308532714844 -0.107208251953125
0.0892105102539063 0.126136779785156 -0.109580993652344 0.0735244750976563
0.140960693359375 0.0295867919921875 -0.11553955078125 0.162094116210938
0.119087219238281 -0.0727920532226563 0.00430297851562501 0.235458374023438
0.0118331909179687 -0.122283935546875 0.115707397460938 0.188873291015625
-0.0704803466796875 -0.0844192504882813 0.168624877929687 0.073333740234375
-0.118293762207031 -0.00999450683593752 0.135177612304688 -0.022430419921875
-0.0952377319335938 0.0321426391601562 0.0698204040527344 -0.0563011169433594
-0.0859375 0.0227279663085938 0.0187034606933594 -0.0291690826416016
-0.111007690429688 0.031097412109375 -0.0325088500976563 0.000408172607421883
-0.131416320800781 -0.0177383422851563 -0.0787429809570313 -0.00556945800781251
-0.0926589965820312 -0.100601196289063 -0.105377197265625 -0.0221481323242188
-0.00390624999999999 -0.136222839355469 -0.108688354492187 -0.0825653076171875
0.126708984375 -0.0622634887695313 -0.0552825927734375 -0.167190551757813
0.144943237304688 0.0444488525390625 0.0443878173828125 -0.167861938476563
0.0857467651367187 0.100051879882812 0.114982604980469 -0.0710296630859375
0.0754318237304688 0.102340698242188 -0.0952606201171875 0.10986328125
0.107933044433594 0.0218963623046875 -0.09564208984375 0.18731689453125
0.0906906127929688 -0.0526504516601563 0.0308685302734375 0.243148803710938
0.0115509033203125 -0.0894393920898437 0.14727783203125 0.190231323242188
-0.0521011352539063 -0.0624732971191406 0.195770263671875 0.064605712890625
-0.0928268432617188 -0.00899505615234373 0.163101196289062 -0.040679931640625
-0.0763320922851563 0.0211181640625 0.0955581665039062 -0.080413818359375
-0.0715713500976563 0.0143661499023438 0.0448036193847656 -0.0552024841308594
-0.0945892333984375 0.0188140869140625 0.00275230407714843 -0.0229206085205078
-0.105880737304688 -0.0258255004882813 -0.0330982208251953 -0.0132064819335938
-0.06585693359375 -0.0913772583007813 -0.067291259765625 -0.0109481811523438
0.0125350952148437 -0.108390808105469 -0.0922775268554687 -0.0597991943359375
0.107963562011719 -0.0323410034179687 -0.0572509765625 -0.153732299804688
0.11029052734375 0.0473556518554688 0.051513671875 -0.163375854492188
0.0640487670898438 0.0826187133789063 0.122772216796875 -0.0360565185546875
0.0493965148925781 0.0649490356445313 -0.0822296142578125 0.139335632324219
0.0611610412597656 0.0150985717773438 -0.0726470947265625 0.204681396484375
0.0587997436523438 -0.0255241394042969 0.056915283203125 0.241226196289063
0.0137596130371094 -0.0511741638183594 0.17041015625 0.1806640625
-0.0281562805175781 -0.0380325317382813 0.211502075195313 0.0531158447265625
-0.0573959350585938 -0.00897598266601562 0.17987060546875 -0.0565643310546875
-0.0475006103515625 0.00634384155273437 0.112716674804688 -0.0981597900390625
-0.0456199645996094 0.00334548950195312 0.0630722045898438 -0.0737380981445313
-0.0605812072753906 0.00457000732421876 0.0308265686035156 -0.0377235412597656
-0.0622444152832031 -0.0231437683105469 0.00232696533203125 -0.0146875381469727
-0.0324363708496094 -0.0600013732910156 -0.04339599609375 -0.00127792358398438
0.0152473449707031 -0.0612106323242188 -0.0855712890625 -0.046875
0.0634918212890625 -0.00628662109375 -0.0561676025390625 -0.154312133789063
0.0601387023925781 0.033935546875 0.0608367919921875 -0.163818359375
0.0355300903320313 0.0486564636230469 0.126075744628906 -0.0075836181640625
-0.00944137573242188 0.000240325927734375 -0.141494750976562 0.00288391113281251
-0.0100412368774414 0.00499534606933594 -0.0785369873046875 0.162582397460938
0.0121612548828125 -0.00260162353515625 0.0686798095703125 0.155746459960938
0.000343799591064452 -0.00613689422607422 0.0869598388671875 0.0532760620117188
-0.00163578987121582 0.00416207313537598 0.0277385711669922 -0.00430488586425781
0.00871086120605469 0.00854873657226563 -0.0242900848388672 0.00407218933105468
0.0166406631469727 0.00147628784179688 -0.0519371032714844 0.0435562133789063
0.0155553817749023 -0.00315284729003906 -0.074249267578125 0.078399658203125
0.0169029235839844 0.00240325927734375 -0.129005432128906 0.0885391235351563
0.00603771209716797 0.00572109222412109 -0.190216064453125 0.0405120849609375
0.000741004943847657 0.00739574432373047 -0.221969604492188 -0.034088134765625
-0.00277853012084961 0.00581979751586914 -0.185623168945312 -0.149520874023438
-0.0148429870605469 0.00336742401123047 -0.0588531494140625 -0.255050659179688
-0.023345947265625 -0.0134067535400391 0.0351409912109375 -0.222396850585938
-0.0186862945556641 -0.0296592712402344 0.086395263671875 -0.168670654296875
0.0220451354980469 0.0512466430664063 -0.138877868652344 -0.00638580322265626
0.0480422973632812 0.03009033203125 -0.0899658203125 0.1473388671875
0.0701637268066406 -0.0209159851074219 0.0470733642578125 0.159194946289062
0.0178604125976563 -0.0608863830566406 0.072845458984375 0.0686111450195313
-0.0278091430664062 -0.0430679321289062 0.0331211090087891 0.0104904174804687
-0.0464439392089844 -0.00268173217773437 -0.0167913436889648 0.00898933410644531
-0.028900146484375 0.0173130035400391 -0.0475578308105469 0.0375289916992187
-0.0197200775146484 0.00963020324707032 -0.0717086791992188 0.0733718872070312
-0.0229282379150391 0.0169639587402344 -0.127204895019531 0.0875244140625
-0.0361404418945313 0.00716400146484375 -0.190719604492188 0.0433502197265625
-0.0321025848388672 -0.0177860260009766 -0.2200927734375 -0.02508544921875
-0.0126018524169922 -0.0338058471679688 -0.189788818359375 -0.138351440429688
0.0223579406738281 -0.0256767272949219 -0.075347900390625 -0.24725341796875
0.0340194702148438 -0.00260162353515625 0.0225372314453125 -0.223831176757813
0.0201129913330078 0.0135002136230469 0.084014892578125 -0.175125122070312
0.0528488159179688 0.0959014892578125 -0.138175964355469 -0.00510406494140625
0.103729248046875 0.0448532104492188 -0.103813171386719 0.130714416503906
0.1180419921875 -0.0466995239257813 0.0164337158203125 0.166152954101563
0.02685546875 -0.110794067382813 0.0595550537109375 0.100425720214844
-0.0530929565429688 -0.081634521484375 0.0536880493164063 0.0360183715820312
-0.093841552734375 -0.00992584228515624 0.0115518569946289 0.0126771926879883
-0.0686302185058594 0.0302314758300781 -0.0271167755126953 0.0231666564941406
-0.0528297424316406 0.0205726623535156 -0.0584678649902344 0.0567893981933594
-0.0603179931640625 0.0296249389648437 -0.11614990234375 0.0775527954101562
-0.0772552490234375 0.00823974609375 -0.181991577148438 0.03985595703125
-0.0651054382324219 -0.0414237976074219 -0.2108154296875 -0.021881103515625
-0.0243453979492188 -0.0746307373046875 -0.184921264648437 -0.12884521484375
0.0585517883300781 -0.0564651489257813 -0.079986572265625 -0.23406982421875
0.089599609375 0.00519561767578125 0.0186309814453125 -0.216812133789063
0.0578346252441406 0.0526046752929687 0.0858917236328125 -0.1678466796875
0.0794601440429688 0.124732971191406 -0.13287353515625 0.0102310180664063
0.144271850585938 0.045196533203125 -0.118362426757812 0.1265869140625
0.142364501953125 -0.07135009765625 -0.00624084472656251 0.186599731445313
0.0231475830078125 -0.141433715820313 0.0631256103515625 0.14056396484375
-0.0733871459960938 -0.100654602050781 0.0888671875 0.0590896606445312
-0.123291015625 -0.0115890502929687 0.0530929565429687 0.00809097290039063
-0.093536376953125 0.0386810302734375 0.00347208976745605 -0.000544071197509763
-0.0776443481445312 0.0268630981445313 -0.0362472534179688 0.0312080383300781
-0.0908966064453125 0.0385208129882813 -0.0960769653320313 0.0562896728515625
-0.112548828125 0.00503540039062498 -0.160873413085938 0.0275726318359375
-0.0926589965820313 -0.06634521484375 -0.1873779296875 -0.02294921875
-0.0299758911132813 -0.112541198730469 -0.166915893554688 -0.1197509765625
0.0929641723632813 -0.0788726806640625 -0.0728302001953125 -0.216064453125
0.132965087890625 0.0150985717773438 0.0259246826171875 -0.202468872070313
0.08416748046875 0.0832138061523437 0.0945281982421875 -0.144500732421875
0.0934906005859375 0.136390686035156 -0.124427795410156 0.0390243530273438
0.15789794921875 0.0374755859375 -0.124053955078125 0.1409912109375
0.140975952148438 -0.083587646484375 -0.009765625 0.2154541015625
0.015167236328125 -0.145294189453125 0.0856475830078125 0.17529296875
-0.0803680419921875 -0.0998001098632813 0.132545471191406 0.0727920532226563
-0.131690979003906 -0.00910186767578124 0.0986709594726562 -0.00476837158203125
-0.103324890136719 0.0398101806640625 0.0381507873535156 -0.0284538269042969
-0.09027099609375 0.0281143188476563 -0.00992870330810547 0.000287055969238283
-0.109832763671875 0.0401382446289062 -0.0678749084472656 0.0291328430175781
-0.134346008300781 -0.00299072265625001 -0.125869750976563 0.0107803344726563
-0.105583190917969 -0.0881881713867187 -0.150192260742187 -0.02490234375
-0.023040771484375 -0.138534545898438 -0.138290405273438 -0.104759216308594
0.120582580566406 -0.0839080810546875 -0.062713623046875 -0.191986083984375
0.155471801757812 0.0298919677734375 0.0349273681640625 -0.184677124023438
0.095123291015625 0.101036071777344 0.105415344238281 -0.111785888671875
0.0930328369140625 0.128623962402344 -0.110725402832031 0.074920654296875
0.143951416015625 0.028778076171875 -0.115386962890625 0.165756225585937
0.120697021484375 -0.0756149291992188 0.00717163085937499 0.235977172851563
0.0104141235351563 -0.124259948730469 0.119171142578125 0.191314697265625
-0.072052001953125 -0.0836257934570313 0.171096801757813 0.072174072265625
-0.119613647460937 -0.00687408447265627 0.136978149414063 -0.0237503051757813
-0.0964508056640625 0.0335922241210937 0.068603515625 -0.0573921203613281
-0.088592529296875 0.02410888671875 0.0175743103027344 -0.0307025909423828
-0.112220764160156 0.0327224731445313 -0.0327949523925781 0.00103569030761718
-0.133064270019531 -0.016387939453125 -0.080291748046875 -0.00455474853515625
-0.0962677001953125 -0.10015869140625 -0.105667114257813 -0.0211639404296875
-0.0053253173828125 -0.139259338378906 -0.109687805175781 -0.0820236206054687
0.129440307617188 -0.0650405883789063 -0.0576629638671875 -0.16754150390625
0.14794921875 0.043243408203125 0.0428009033203125 -0.17041015625
0.0877456665039063 0.101448059082031 0.116195678710938 -0.0739364624023438
0.078369140625 0.104476928710938 -0.09625244140625 0.1124267578125
0.10919189453125 0.0219802856445313 -0.0953369140625 0.190841674804687
0.0927200317382813 -0.0546646118164062 0.0343170166015625 0.244918823242188
0.0107574462890625 -0.09051513671875 0.15069580078125 0.191162109375
-0.0535011291503906 -0.0625076293945313 0.199066162109375 0.06298828125
-0.093353271484375 -0.00670623779296876 0.163909912109375 -0.043548583984375
-0.0773086547851562 0.0223770141601563 0.0935440063476562 -0.0821151733398438
-0.0738296508789063 0.0150909423828125 0.0431404113769531 -0.0571022033691406
-0.0959930419921875 0.0200271606445312 0.00220489501953125 -0.0238704681396484
-0.107894897460938 -0.024261474609375 -0.0336475372314453 -0.0129966735839844
-0.0698699951171875 -0.0914840698242187 -0.0671157836914062 -0.0100250244140625
0.0115814208984375 -0.111091613769531 -0.0922088623046875 -0.0594635009765625
0.110603332519531 -0.0336074829101563 -0.0595550537109375 -0.153701782226563
0.11260986328125 0.0478668212890625 0.048675537109375 -0.16571044921875
0.06512451171875 0.0839920043945313 0.122955322265625 -0.0374832153320312
0.0523910522460938 0.0666618347167969 -0.0828704833984375 0.142852783203125
0.0625495910644531 0.0164413452148438 -0.0716400146484375 0.208786010742187
0.0607566833496094 -0.0274658203125 0.0603485107421875 0.242507934570313
0.0136604309082031 -0.0517730712890625 0.173995971679688 0.181350708007813
-0.0292739868164062 -0.0382575988769531 0.213973999023438 0.0511322021484375
-0.0579986572265625 -0.00771713256835939 0.179962158203125 -0.0595855712890625
-0.0478248596191406 0.00672531127929687 0.110664367675781 -0.100059509277344
-0.0476150512695313 0.00246810913085937 0.0623245239257813 -0.0756683349609375
-0.0615196228027344 0.00452423095703124 0.0306510925292969 -0.03924560546875
-0.0628242492675781 -0.0226783752441406 0.00161266326904296 -0.0156412124633789
-0.0348968505859375 -0.0599021911621094 -0.0422630310058594 -0.000610351562499998
0.0149993896484375 -0.0631217956542969 -0.0856552124023437 -0.0451507568359375
0.0652580261230469 -0.00665664672851562 -0.059326171875 -0.154281616210938
0.0611228942871094 0.0338630676269531 0.0582427978515625 -0.166000366210938
0.0360755920410156 0.0493202209472656 0.1270751953125 -0.00851440429687499
-0.00904273986816406 0.000670433044433595 -0.145492553710937 0.00315856933593748
-0.0101261138916016 0.00617122650146484 -0.074981689453125 0.168441772460938
0.0126438140869141 -0.00354576110839844 0.07635498046875 0.157608032226563
-0.000420570373535156 -0.00637102127075195 0.0906524658203125 0.0521316528320313
-0.00177407264709473 0.00410199165344238 0.0269279479980469 -0.00402069091796875
0.00932884216308594 0.00975704193115234 -0.0252285003662109 0.00597000122070313
0.0168485641479492 0.00107288360595703 -0.0517539978027344 0.0461921691894531
0.0154275894165039 -0.00408458709716797 -0.073577880859375 0.0834579467773437
0.0173673629760742 0.00152587890625 -0.129714965820313 0.09619140625
0.00723886489868164 0.00695657730102539 -0.19561767578125 0.0471649169921875
0.000443458557128906 0.00823020935058594 -0.229354858398438 -0.0293731689453125
-0.00360107421875 0.00611066818237305 -0.194671630859375 -0.148880004882813
-0.0151433944702148 0.00295448303222656 -0.0663909912109375 -0.261978149414063
-0.0246410369873047 -0.0134773254394531 0.0312957763671875 -0.232254028320312
-0.0197029113769531 -0.0309009552001953 0.0872039794921875 -0.17950439453125
0.0239295959472656 0.0531196594238281 -0.14385986328125 -0.00625610351562499
0.0510406494140625 0.0306243896484375 -0.0873870849609375 0.1527099609375
0.0727157592773438 -0.024993896484375 0.0540771484375 0.160736083984375
0.016632080078125 -0.0642585754394531 0.0765533447265625 0.06927490234375
-0.0301628112792969 -0.0438919067382813 0.0331764221191406 0.0114917755126953
-0.0478706359863281 -0.00017929077148437 -0.0168094635009766 0.0106420516967773
-0.0300884246826172 0.01922607421875 -0.0479621887207031 0.0408782958984375
-0.0213642120361328 0.0105209350585938 -0.0718307495117188 0.0776138305664063
-0.0234127044677734 0.0173568725585938 -0.127510070800781 0.0946121215820312
-0.0363960266113281 0.00903701782226563 -0.195571899414063 0.049713134765625
-0.0336589813232422 -0.0160446166992188 -0.22747802734375 -0.0203399658203125
-0.0149688720703125 -0.0349178314208984 -0.198837280273438 -0.137008666992187
0.0223369598388672 -0.0276241302490234 -0.0831451416015625 -0.253005981445313
0.0348796844482422 -0.00468063354492188 0.018798828125 -0.234085083007812
0.0210914611816406 0.0137004852294922 0.0837554931640625 -0.1859130859375
0.0579833984375 0.0993423461914063 -0.142852783203125 -0.0040130615234375
0.109405517578125 0.0451583862304688 -0.102745056152344 0.136390686035156
0.122611999511719 -0.0525894165039063 0.022735595703125 0.16876220703125
0.0245819091796875 -0.115219116210938 0.0638656616210938 0.102729797363281
-0.0577468872070313 -0.0827102661132812 0.0559539794921875 0.0364570617675781
-0.09588623046875 -0.00645446777343752 0.0131282806396484 0.0131902694702148
-0.0699615478515625 0.0339431762695312 -0.0273094177246094 0.0252418518066406
-0.0553131103515625 0.0227622985839844 -0.05804443359375 0.0604324340820313
-0.0609855651855469 0.0317497253417969 -0.116950988769531 0.0835113525390625
-0.0789413452148438 0.0115280151367187 -0.187591552734375 0.0464019775390625
-0.068878173828125 -0.039825439453125 -0.217971801757812 -0.016265869140625
-0.027679443359375 -0.076507568359375 -0.193954467773438 -0.128433227539063
0.0595169067382813 -0.0600128173828125 -0.0877227783203125 -0.240325927734375
0.0930404663085938 0.0034332275390625 0.01470947265625 -0.225875854492188
0.0608406066894531 0.05389404296875 0.0858612060546875 -0.177810668945313
0.085693359375 0.129104614257813 -0.137123107910156 0.0124053955078125
0.15045166015625 0.0439453125 -0.118217468261719 0.1331787109375
0.146591186523438 -0.07940673828125 -0.00262451171874999 0.191802978515625
0.0199737548828125 -0.146408081054687 0.0682220458984375 0.144638061523438
-0.078582763671875 -0.101936340332031 0.0942001342773438 0.0600814819335937
-0.12640380859375 -0.00733184814453123 0.0560073852539062 0.00782012939453125
-0.0958404541015625 0.0423965454101563 0.0036776065826416 -3.24249267578099E-05
-0.0809097290039062 0.0305023193359375 -0.0375289916992188 0.0323448181152344
-0.0926132202148438 0.04205322265625 -0.0971755981445313 0.0613555908203125
-0.11578369140625 0.00965118408203123 -0.166229248046875 0.033905029296875
-0.098297119140625 -0.0648040771484375 -0.194229125976563 -0.0180206298828125
-0.0342330932617187 -0.115127563476563 -0.174835205078125 -0.119338989257813
0.0947341918945313 -0.0844268798828125 -0.0802459716796875 -0.221527099609375
0.137893676757813 0.0130615234375 0.022064208984375 -0.210464477539063
0.0892562866210938 0.08514404296875 0.09429931640625 -0.154022216796875
0.101066589355469 0.140350341796875 -0.127876281738281 0.0423736572265625
0.16485595703125 0.0360870361328125 -0.123886108398437 0.147842407226563
0.144882202148438 -0.0912017822265625 -0.00508117675781247 0.220535278320313
0.0124053955078125 -0.1497802734375 0.09271240234375 0.17987060546875
-0.0861434936523438 -0.100433349609375 0.138969421386719 0.0723037719726563
-0.135086059570313 -0.00469970703125002 0.102424621582031 -0.00772857666015625
-0.105201721191406 0.0447540283203125 0.0372352600097656 -0.0307693481445312
-0.09429931640625 0.0322799682617188 -0.0112991333007813 0.000385284423828125
-0.113029479980469 0.04437255859375 -0.0684661865234375 0.0326156616210937
-0.138130187988281 0.00109100341796873 -0.131004333496094 0.0149765014648438
-0.112617492675781 -0.0880355834960938 -0.155487060546875 -0.0214996337890625
-0.0283966064453125 -0.142623901367188 -0.144638061523438 -0.104522705078125
0.123771667480469 -0.0906448364257813 -0.0683441162109375 -0.19580078125
0.162353515625 0.0269012451171875 0.0309600830078125 -0.19256591796875
0.100532531738281 0.103302001953125 0.106521606445313 -0.119415283203125
0.100082397460937 0.131980895996094 -0.113784790039063 0.0807571411132812
0.149490356445313 0.027374267578125 -0.11566162109375 0.173263549804688
0.124755859375 -0.0822906494140625 0.0126495361328125 0.242691040039062
0.00740814208984375 -0.127655029296875 0.127944946289063 0.196014404296875
-0.0771560668945312 -0.0850143432617188 0.178512573242188 0.0703582763671875
-0.122535705566406 -0.00290679931640626 0.14111328125 -0.028533935546875
-0.098785400390625 0.0381927490234375 0.0681190490722656 -0.0604591369628906
-0.0926055908203125 0.0273056030273438 0.0160732269287109 -0.0319881439208984
-0.115653991699219 0.0369338989257813 -0.0339469909667969 0.00182914733886718
-0.13848876953125 -0.0119171142578125 -0.0840377807617188 -0.00239562988281252
-0.103073120117188 -0.100013732910156 -0.109458923339844 -0.018707275390625
-0.00990295410156249 -0.143890380859375 -0.114486694335938 -0.081939697265625
0.134353637695313 -0.0709304809570313 -0.0630340576171875 -0.170486450195313
0.154296875 0.0420989990234375 0.0397796630859375 -0.177200317382812
0.0920257568359375 0.104843139648437 0.11785888671875 -0.0799560546875
0.0852203369140625 0.107025146484375 -0.09832763671875 0.120262145996094
0.113815307617188 0.0202102661132813 -0.09429931640625 0.1998291015625
0.0957412719726563 -0.0594100952148438 0.0412445068359375 0.250900268554688
0.00834655761718751 -0.09332275390625 0.159957885742188 0.194915771484375
-0.0568885803222656 -0.0630111694335938 0.206695556640625 0.059478759765625
-0.0952301025390625 -0.00285339355468748 0.168258666992188 -0.0491180419921875
-0.079132080078125 0.0254287719726562 0.09320068359375 -0.0876541137695312
-0.0774078369140625 0.0174102783203125 0.0414619445800781 -0.0604782104492188
-0.0986862182617188 0.0232620239257812 0.00179862976074218 -0.0239543914794922
-0.111763000488281 -0.0219879150390625 -0.0361404418945313 -0.0136222839355469
-0.0745010375976563 -0.091796875 -0.06842041015625 -0.00864410400390626
0.00875854492187501 -0.11553955078125 -0.0962982177734375 -0.0580825805664063
0.114944458007813 -0.0377349853515625 -0.0659332275390625 -0.155624389648438
0.117347717285156 0.046966552734375 0.04498291015625 -0.172134399414062
0.06915283203125 0.0865631103515625 0.126449584960938 -0.0419998168945312
0.0571250915527344 0.0677871704101563 -0.0840301513671875 0.151275634765625
0.0644569396972656 0.0152549743652344 -0.0692138671875 0.218551635742187
0.0623130798339844 -0.0300445556640625 0.0684967041015625 0.247955322265625
0.0127449035644531 -0.0538368225097656 0.184829711914063 0.183502197265625
-0.0306472778320312 -0.0386734008789063 0.221405029296875 0.047210693359375
-0.0589256286621094 -0.00550079345703126 0.183929443359375 -0.0661773681640625
-0.0496177673339844 0.00864028930664062 0.109710693359375 -0.106002807617188
-0.0498046875 0.00405502319335937 0.0604019165039063 -0.079986572265625
-0.0638160705566406 0.00611114501953124 0.0305976867675781 -0.0418701171875
-0.0655937194824219 -0.0213241577148438 0.00133514404296874 -0.0166835784912109
-0.0379295349121094 -0.0607986450195312 -0.042724609375 0.000576019287109368
0.0137405395507812 -0.0656051635742188 -0.0883331298828125 -0.04351806640625
0.0683670043945313 -0.0082550048828125 -0.0658416748046875 -0.156814575195313
0.0640640258789063 0.0329666137695313 0.0547027587890625 -0.17181396484375
0.037750244140625 0.0509452819824219 0.130355834960938 -0.010986328125
-0.00917625427246094 0.0015707015991211 -0.15093994140625 0.00743103027343751
-0.0101127624511719 0.00741386413574219 -0.067718505859375 0.176559448242188
0.0128011703491211 -0.00519180297851562 0.08856201171875 0.156143188476563
-0.00172519683837891 -0.00590229034423828 0.0960159301757813 0.0484390258789063
-0.00159597396850586 0.00491094589233398 0.0266284942626953 -0.00389862060546875
0.0108098983764648 0.0106620788574219 -0.0259666442871094 0.00909233093261718
0.0168552398681641 0.00045013427734375 -0.0505027770996094 0.0511093139648437
0.0148334503173828 -0.00543212890625 -0.0703125 0.0896759033203125
0.018585205078125 0.000396728515625 -0.127166748046875 0.106689453125
0.00851535797119141 0.00681018829345703 -0.19915771484375 0.0600128173828125
0.00100612640380859 0.00940704345703125 -0.238540649414063 -0.0172119140625
-0.00422000885009766 0.0066380500793457 -0.208465576171875 -0.143295288085938
-0.0156240463256836 0.00331783294677734 -0.0825042724609375 -0.26727294921875
-0.0259151458740234 -0.0131816864013672 0.021331787109375 -0.242782592773438
-0.0214347839355469 -0.0305423736572266 0.082305908203125 -0.193267822265625
0.0287628173828125 0.05523681640625 -0.149627685546875 -0.00173950195312503
0.05499267578125 0.0305671691894531 -0.081390380859375 0.160369873046875
0.0750808715820312 -0.0304107666015625 0.0648345947265625 0.160842895507812
0.0134315490722656 -0.0674781799316406 0.0818023681640625 0.067352294921875
-0.0338516235351563 -0.0440940856933594 0.0346851348876953 0.0108489990234375
-0.0485267639160156 0.00304031372070312 -0.0161457061767578 0.013585090637207
-0.0302257537841797 0.0220413208007813 -0.0472145080566406 0.0452194213867188
-0.0221462249755859 0.0119228363037109 -0.068359375 0.0836563110351563
-0.0225658416748047 0.0189380645751953 -0.1246337890625 0.104881286621094
-0.0360183715820312 0.0117912292480469 -0.199783325195313 0.0637054443359375
-0.0358810424804688 -0.0132293701171875 -0.236465454101563 -0.008087158203125
-0.0175609588623047 -0.0348320007324219 -0.212982177734375 -0.130157470703125
0.0217361450195313 -0.0301914215087891 -0.0990753173828125 -0.256607055664063
0.0363349914550781 -0.00653839111328125 0.00767517089843748 -0.244308471679688
0.0236549377441406 0.0133934020996094 0.078521728515625 -0.199417114257813
0.0656890869140625 0.101531982421875 -0.147445678710937 0.000946044921875003
0.115745544433594 0.0420150756835938 -0.0978851318359374 0.144943237304688
0.124755859375 -0.0622482299804688 0.0316619873046875 0.171218872070313
0.0193252563476563 -0.120658874511719 0.070831298828125 0.103446960449219
-0.0645217895507813 -0.0824127197265625 0.0594978332519531 0.0362930297851562
-0.0987014770507813 -0.000198364257812522 0.0145177841186523 0.0142698287963867
-0.0702972412109375 0.039947509765625 -0.0269870758056641 0.0283718109130859
-0.0567588806152344 0.0270233154296875 -0.0567169189453125 0.0654983520507813
-0.0611610412597656 0.0364799499511719 -0.114875793457031 0.09344482421875
-0.0795135498046875 0.01715087890625 -0.191757202148438 0.0589599609375
-0.0731964111328125 -0.0358505249023438 -0.226364135742188 -0.00444030761718749
-0.0333404541015625 -0.0771713256835938 -0.206680297851563 -0.121597290039063
0.05889892578125 -0.0660629272460938 -0.10296630859375 -0.243255615234375
0.096160888671875 -0.00179290771484375 0.00450134277343748 -0.235855102539063
0.0656890869140625 0.0538558959960938 0.0800018310546875 -0.190872192382813
0.0963211059570313 0.130622863769531 -0.141082763671875 0.0184173583984375
0.158706665039063 0.03851318359375 -0.11468505859375 0.142120361328125
0.148651123046875 -0.091278076171875 0.0070953369140625 0.19580078125
0.013458251953125 -0.153060913085938 0.077667236328125 0.147171020507813
-0.0874176025390625 -0.100471496582031 0.0997085571289062 0.0581817626953125
-0.129768371582031 0.000633239746093752 0.0595779418945313 0.00494766235351563
-0.09625244140625 0.0500411987304688 0.00349712371826171 -2.33650207519501E-05
-0.0828475952148438 0.0364608764648437 -0.0363960266113281 0.0362014770507812
-0.0934829711914063 0.0486602783203125 -0.096221923828125 0.0691070556640625
-0.117431640625 0.01715087890625 -0.171096801757812 0.0452117919921875
-0.104774475097656 -0.0597152709960937 -0.201309204101563 -0.00773620605468747
-0.0416336059570313 -0.117286682128906 -0.18621826171875 -0.113494873046875
0.0946578979492187 -0.092864990234375 -0.09454345703125 -0.224014282226563
0.143997192382813 0.006134033203125 0.0117340087890625 -0.219879150390625
0.0958480834960938 0.0850601196289063 0.08966064453125 -0.166702270507813
0.112686157226563 0.141983032226563 -0.129776000976563 0.0491409301757813
0.17218017578125 0.0293731689453125 -0.121017456054687 0.15863037109375
0.14642333984375 -0.103485107421875 0.00564575195312502 0.227157592773438
0.00442504882812498 -0.15545654296875 0.105133056640625 0.182540893554687
-0.094573974609375 -0.0988235473632813 0.147354125976562 0.06817626953125
-0.138359069824219 0.00350189208984373 0.105804443359375 -0.0138931274414062
-0.106063842773438 0.0521774291992188 0.0367813110351562 -0.0325584411621094
-0.0966873168945313 0.0389404296875 -0.0121564865112305 0.000984191894531251
-0.114067077636719 0.0517807006835937 -0.0686187744140625 0.0374259948730469
-0.141952514648438 0.00987243652343752 -0.136009216308594 0.0234527587890625
-0.121253967285156 -0.0830230712890625 -0.161346435546875 -0.013519287109375
-0.0373382568359375 -0.145965576171875 -0.15435791015625 -0.100296020507813
0.124992370605469 -0.100418090820313 -0.080474853515625 -0.197906494140625
0.16912841796875 0.0198516845703125 0.0226287841796875 -0.201370239257813
0.109100341796875 0.103530883789063 0.104400634765625 -0.130363464355469
0.111434936523437 0.132469177246094 -0.113578796386719 0.0885772705078125
0.155838012695313 0.0207061767578125 -0.109634399414063 0.1849365234375
0.125144958496094 -0.0934982299804688 0.0254669189453125 0.249557495117188
0.00191497802734374 -0.132057189941406 0.141799926757813 0.196762084960938
-0.0841522216796875 -0.0830764770507813 0.187591552734375 0.0641632080078125
-0.124176025390625 0.00494384765625002 0.144302368164062 -0.037322998046875
-0.0996932983398437 0.0451278686523438 0.0669364929199219 -0.0650672912597656
-0.09521484375 0.033599853515625 0.0140724182128906 -0.0338783264160156
-0.117820739746094 0.0444488525390625 -0.0343475341796875 0.00377464294433594
-0.142623901367188 -0.00418090820312499 -0.08843994140625 0.00238800048828126
-0.112335205078125 -0.09765625 -0.113197326660156 -0.0132827758789063
-0.0181427001953125 -0.148834228515625 -0.121261596679688 -0.0783920288085938
0.136192321777344 -0.0811996459960938 -0.073760986328125 -0.171371459960938
0.162017822265625 0.0351715087890625 0.0306396484375 -0.185150146484375
0.099822998046875 0.104743957519531 0.117507934570313 -0.0890045166015625
0.0947036743164063 0.107505798339844 -0.0961151123046875 0.129592895507813
0.118583679199219 0.0165023803710938 -0.0870208740234375 0.212295532226563
0.0966262817382813 -0.0678939819335938 0.05438232421875 0.25640869140625
0.004669189453125 -0.0965728759765625 0.175384521484375 0.193710327148437
-0.062103271484375 -0.0610389709472656 0.215713500976563 0.0509033203125
-0.097015380859375 0.00308227539062502 0.170455932617188 -0.0592498779296875
-0.0801239013671875 0.031097412109375 0.090789794921875 -0.0938949584960938
-0.0795745849609375 0.0226593017578125 0.0385017395019531 -0.0644340515136719
-0.101112365722656 0.0289688110351562 0.000921249389648431 -0.0249767303466797
-0.116287231445312 -0.0158309936523438 -0.0390663146972656 -0.0118484497070313
-0.0825271606445313 -0.0903472900390625 -0.0694656372070313 -0.00518035888671877
0.00294494628906249 -0.119743347167969 -0.100639343261719 -0.0539016723632813
0.119132995605469 -0.0447463989257812 -0.0760955810546875 -0.155685424804687
0.124855041503906 0.04327392578125 0.036529541015625 -0.179367065429688
0.0741806030273438 0.0873260498046875 0.127662658691406 -0.0499038696289062
0.0630836486816406 0.0682830810546875 -0.079986572265625 0.162338256835937
0.0679740905761719 0.01312255859375 -0.0612030029296875 0.230880737304688
0.0636367797851563 -0.0354423522949219 0.0821685791015625 0.251907348632813
0.010589599609375 -0.0555686950683594 0.199630737304688 0.180877685546875
-0.0336532592773438 -0.0376358032226562 0.230194091796875 0.0373382568359375
-0.0600929260253906 -0.00155639648437501 0.184646606445313 -0.0783233642578125
-0.0508308410644531 0.0121688842773437 0.10595703125 -0.114616394042969
-0.0524482727050781 0.00749588012695311 0.0569381713867187 -0.08551025390625
-0.0658493041992187 0.00972747802734376 0.0292434692382812 -0.0448112487792969
-0.0687179565429688 -0.0186576843261719 3.05175781249951E-05 -0.0181293487548828
-0.0426368713378906 -0.0599555969238281 -0.0423660278320313 0.00315093994140624
0.0107460021972656 -0.0681114196777344 -0.0928115844726563 -0.039398193359375
0.0719680786132813 -0.0125885009765625 -0.076416015625 -0.155914306640625
0.0676116943359375 0.0317001342773438 0.0458526611328125 -0.180526733398438
0.0401535034179688 0.0509452819824219 0.1336669921875 -0.0169143676757812
-0.00845670700073242 0.00274229049682617 -0.152740478515625 0.01513671875
-0.00927162170410156 0.00901699066162109 -0.054656982421875 0.180801391601563
0.0118093490600586 -0.00698757171630859 0.100387573242188 0.149337768554688
-0.00263309478759766 -0.00581932067871094 0.0994415283203125 0.04241943359375
-0.00157260894775391 0.00577259063720703 0.0261096954345703 -0.0048065185546875
0.0127105712890625 0.0102720260620117 -0.0256061553955078 0.0125522613525391
0.0176105499267578 -0.000316619873046875 -0.0465545654296875 0.0553779602050781
0.0139312744140625 -0.00604057312011719 -0.0624771118164062 0.0952835083007813
0.018829345703125 -0.00110054016113281 -0.118820190429687 0.117088317871094
0.00939369201660156 0.00628852844238281 -0.196517944335938 0.0759429931640625
0.00162887573242188 0.0107889175415039 -0.240875244140625 -0.000396728515625051
-0.00452947616577149 0.00696897506713867 -0.219451904296875 -0.128555297851563
-0.0159540176391602 0.00347232818603515 -0.101181030273438 -0.263214111328125
-0.0272464752197266 -0.0118846893310547 0.00509643554687501 -0.247222900390625
-0.023162841796875 -0.0296688079833984 0.07080078125 -0.20355224609375
0.0335540771484375 0.0549736022949219 -0.151458740234375 0.00538635253906248
0.0574226379394531 0.0277214050292969 -0.0697021484375 0.164993286132813
0.0731201171875 -0.0371932983398437 0.07586669921875 0.155746459960938
0.00892257690429687 -0.0688858032226563 0.086639404296875 0.0624923706054687
-0.037445068359375 -0.0413627624511719 0.0349235534667969 0.009735107421875
-0.0476303100585937 0.00784683227539062 -0.0151338577270508 0.0154561996459961
-0.0285835266113281 0.0249271392822266 -0.0438690185546875 0.0493507385253906
-0.0225334167480469 0.0141735076904297 -0.0620803833007813 0.0892791748046875
-0.0210990905761719 0.0203189849853516 -0.116973876953125 0.115158081054688
-0.0349292755126953 0.0148582458496094 -0.19696044921875 0.0792083740234375
-0.0366477966308594 -0.0100479125976563 -0.238235473632813 0.00965881347656252
-0.0205974578857422 -0.0334148406982422 -0.222579956054688 -0.115814208984375
0.0198726654052734 -0.0326309204101563 -0.1173095703125 -0.252059936523438
0.0359344482421875 -0.00926971435546875 -0.00955200195312501 -0.248519897460938
0.0248680114746094 0.0127544403076172 0.0660552978515625 -0.209457397460938
0.07452392578125 0.0997390747070313 -0.149551391601562 0.00822448730468752
0.11993408203125 0.0362396240234375 -0.0889434814453125 0.151168823242187
0.122383117675781 -0.0728378295898438 0.042724609375 0.169479370117188
0.0115585327148438 -0.123634338378906 0.0779495239257813 0.100265502929688
-0.0712738037109375 -0.0787734985351562 0.06201171875 0.0335502624511719
-0.0984115600585938 0.00736236572265625 0.0162696838378906 0.0131263732910156
-0.0678901672363281 0.0454559326171875 -0.0246353149414063 0.0299949645996094
-0.0560073852539063 0.0319595336914063 -0.0513687133789062 0.0704116821289063
-0.0591697692871094 0.0405006408691406 -0.107589721679688 0.101722717285156
-0.07818603515625 0.0227584838867188 -0.18963623046875 0.0752410888671875
-0.076690673828125 -0.0293121337890625 -0.22784423828125 0.01226806640625
-0.039215087890625 -0.0750961303710937 -0.216262817382813 -0.107635498046875
0.0549468994140625 -0.0707855224609375 -0.120330810546875 -0.237869262695313
0.0970535278320313 -0.0086669921875 -0.0117950439453125 -0.23968505859375
0.0695610046386719 0.0505218505859375 0.067657470703125 -0.200653076171875
0.10723876953125 0.127578735351562 -0.141448974609375 0.0261688232421875
0.162567138671875 0.0293426513671875 -0.10589599609375 0.150375366210938
0.144119262695313 -0.10418701171875 0.0194244384765625 0.19580078125
0.0032196044921875 -0.1556396484375 0.0879974365234375 0.143905639648438
-0.0958099365234375 -0.094879150390625 0.104751586914063 0.0532302856445312
-0.129386901855469 0.0105743408203125 0.060943603515625 0.000469207763671876
-0.0932083129882813 0.0576095581054688 0.00354409217834472 0.000339269638061527
-0.08148193359375 0.0429840087890625 -0.0344200134277344 0.0392303466796875
-0.0913162231445313 0.055145263671875 -0.0913467407226563 0.0766372680664063
-0.116043090820313 0.0259552001953125 -0.17034912109375 0.0594635009765625
-0.110107421875 -0.051666259765625 -0.203262329101563 0.00700378417968746
-0.050872802734375 -0.114402770996094 -0.194869995117188 -0.101089477539063
0.08953857421875 -0.101020812988281 -0.109664916992187 -0.21893310546875
0.145919799804688 -0.0043792724609375 -0.00335693359374998 -0.224517822265625
0.1026611328125 0.0800399780273438 0.0790252685546875 -0.176101684570313
0.124130249023438 0.138015747070313 -0.12835693359375 0.0585174560546875
0.175506591796875 0.0185546875 -0.111083984375 0.16790771484375
0.140121459960937 -0.116371154785156 0.0195770263671875 0.227615356445313
-0.00559997558593751 -0.157821655273438 0.118560791015625 0.178695678710938
-0.102333068847656 -0.09246826171875 0.153060913085938 0.0594482421875
-0.136993408203125 0.0144729614257812 0.106094360351562 -0.0217742919921875
-0.10235595703125 0.0610580444335938 0.0349159240722656 -0.03533935546875
-0.0955734252929688 0.0467910766601563 -0.0119085311889649 0.00256538391113281
-0.111427307128906 0.0604248046875 -0.0663948059082031 0.0425567626953125
-0.141342163085938 0.0208282470703125 -0.136489868164063 0.0353469848632813
-0.128372192382813 -0.0741729736328125 -0.162872314453125 -0.00132751464843749
-0.048095703125 -0.144393920898437 -0.161758422851563 -0.09027099609375
0.119804382324219 -0.111007690429688 -0.0941009521484375 -0.193283081054687
0.172836303710938 0.008575439453125 0.00801086425781253 -0.205078125
0.1162109375 0.098602294921875 0.095703125 -0.140640258789063
0.122566223144531 0.127685546875 -0.10943603515625 0.0977249145507813
0.158050537109375 0.0113372802734375 -0.098541259765625 0.19500732421875
0.119430541992188 -0.103218078613281 0.040863037109375 0.249679565429688
-0.00710296630859374 -0.133644104003906 0.156875610351563 0.189971923828125
-0.0911483764648438 -0.0768051147460938 0.19329833984375 0.0516510009765625
-0.123123168945313 0.0139694213867187 0.142578125 -0.0477294921875
-0.0961380004882813 0.0532989501953125 0.0622520446777344 -0.0698585510253906
-0.0952072143554688 0.0416030883789062 0.0114727020263672 -0.0341625213623047
-0.116195678710938 0.0531463623046875 -0.0346088409423828 0.00624084472656251
-0.14398193359375 0.00640869140624999 -0.0904693603515625 0.0100326538085937
-0.1207275390625 -0.0889358520507813 -0.113868713378906 -0.00521087646484378
-0.0284271240234375 -0.149276733398438 -0.126861572265625 -0.0706253051757812
0.134071350097656 -0.0918426513671875 -0.0848541259765625 -0.16619873046875
0.166748046875 0.025482177734375 0.017303466796875 -0.18963623046875
0.106887817382813 0.101242065429688 0.112472534179687 -0.09930419921875
0.103897094726563 0.102798461914063 -0.0886993408203125 0.138351440429688
0.120071411132813 0.00868988037109375 -0.0739288330078125 0.220687866210938
0.0922012329101563 -0.0759658813476563 0.0709228515625 0.254852294921875
-0.001922607421875 -0.0973663330078125 0.189971923828125 0.184738159179688
-0.0671653747558594 -0.0567855834960938 0.220458984375 0.036773681640625
-0.0955734252929688 0.0100250244140625 0.167556762695313 -0.0720672607421875
-0.0780258178710937 0.0373458862304688 0.0833969116210938 -0.100044250488281
-0.0799407958984375 0.0289154052734375 0.0331954956054687 -0.0665283203125
-0.100822448730469 0.0360260009765625 -0.00128555297851563 -0.0262718200683594
-0.118942260742188 -0.00749969482421874 -0.0410118103027344 -0.00830078124999999
-0.0900039672851563 -0.0848770141601562 -0.06890869140625 2.28881835937576E-05
-0.00495147705078126 -0.121330261230469 -0.103630065917969 -0.046875
0.11932373046875 -0.0542755126953125 -0.0873565673828125 -0.14990234375
0.129173278808594 0.036285400390625 0.022735595703125 -0.1837158203125
0.0799102783203125 0.08489990234375 0.125053405761719 -0.0590896606445312
0.0699920654296875 0.06549072265625 -0.070281982421875 0.1708984375
0.0689506530761719 0.00958633422851563 -0.0456390380859375 0.238067626953125
0.0619010925292969 -0.0410003662109375 0.098876953125 0.248092651367188
0.007720947265625 -0.0575485229492188 0.213287353515625 0.169158935546875
-0.0362358093261719 -0.0352020263671875 0.23370361328125 0.0221405029296875
-0.0592384338378906 0.00279617309570311 0.180084228515625 -0.09130859375
-0.0500373840332031 0.0157432556152344 0.0974197387695313 -0.121719360351563
-0.0532379150390625 0.011627197265625 0.0501251220703125 -0.0890121459960938
-0.0664176940917969 0.0141220092773438 0.0256309509277344 -0.047607421875
-0.0703201293945313 -0.0142593383789063 -0.00127983093261719 -0.0172348022460938
-0.0467376708984375 -0.0570068359375 -0.0406951904296875 0.00614547729492186
0.0065765380859375 -0.0693550109863281 -0.09423828125 -0.032196044921875
0.0733795166015625 -0.0164794921875 -0.0881500244140625 -0.15020751953125
0.0700149536132813 0.0282821655273438 0.0316925048828125 -0.184051513671875
0.0427398681640625 0.0500221252441406 0.133331298828125 -0.0258636474609375
-0.00681257247924805 0.00353670120239258 -0.149978637695313 0.0208282470703125
-0.00800228118896484 0.0100545883178711 -0.0433502197265625 0.178176879882813
0.0106058120727539 -0.00755691528320313 0.106330871582031 0.138702392578125
-0.00347518920898438 -0.00551462173461914 0.0992355346679688 0.0350799560546875
-0.00159597396850586 0.00679731369018555 0.0240898132324219 -0.00393486022949219
0.0149707794189453 0.0101194381713867 -0.0236759185791016 0.0154266357421875
0.0169620513916016 -0.00110816955566406 -0.0421905517578125 0.0571823120117188
0.0127220153808594 -0.00703239440917969 -0.0545806884765625 0.0966873168945313
0.0176105499267578 -0.00238990783691406 -0.108177185058594 0.1217041015625
0.0102214813232422 0.006317138671875 -0.187728881835938 0.0869293212890625
0.002288818359375 0.0116138458251953 -0.235122680664062 0.0151824951171875
-0.00455570220947265 0.00754404067993164 -0.22119140625 -0.112960815429688
-0.0157928466796875 0.00376605987548828 -0.113418579101563 -0.2528076171875
-0.0274505615234375 -0.0102462768554687 -0.00929260253906252 -0.244857788085938
-0.0238075256347656 -0.0279102325439453 0.0585479736328125 -0.205764770507813
0.0375404357910156 0.0531768798828125 -0.149124145507812 0.011260986328125
0.0587081909179687 0.0256309509277344 -0.0589752197265625 0.164260864257813
0.0694389343261719 -0.0411529541015625 0.0825042724609375 0.146270751953125
0.0042877197265625 -0.0690574645996094 0.0883255004882813 0.0565109252929688
-0.0389976501464844 -0.0378303527832031 0.0345573425292969 0.00945281982421875
-0.0453567504882812 0.0103492736816406 -0.0136346817016602 0.0166435241699219
-0.0263881683349609 0.0270214080810547 -0.0396881103515625 0.0505638122558594
-0.0216560363769531 0.0157337188720703 -0.0541763305664062 0.0907135009765625
-0.0197868347167969 0.0204734802246094 -0.106636047363281 0.119743347167969
-0.0317897796630859 0.0169963836669922 -0.188629150390625 0.0910491943359375
-0.03668212890625 -0.00646209716796875 -0.232757568359375 0.0235137939453125
-0.0226516723632812 -0.0308704376220703 -0.223602294921875 -0.099884033203125
0.0177440643310547 -0.0331802368164063 -0.12921142578125 -0.240188598632813
0.0347614288330078 -0.0118217468261719 -0.023040771484375 -0.243911743164063
0.0252952575683594 0.0118350982666016 0.05242919921875 -0.21142578125
0.0800552368164063 0.0951461791992188 -0.14715576171875 0.014373779296875
0.12066650390625 0.029754638671875 -0.0781097412109375 0.151473999023438
0.115631103515625 -0.0793991088867188 0.05072021484375 0.161300659179688
0.0037384033203125 -0.122543334960937 0.0822601318359375 0.0947113037109375
-0.07476806640625 -0.0727920532226563 0.0630531311035156 0.0308990478515625
-0.0945892333984375 0.0133285522460937 0.0173826217651367 0.0118093490600586
-0.0627822875976563 0.0490074157714844 -0.0217399597167969 0.0310840606689453
-0.0535087585449219 0.0353927612304688 -0.0447921752929687 0.0718536376953125
-0.0558815002441406 0.0430908203125 -0.0986251831054688 0.106483459472656
-0.0743255615234375 0.0275421142578125 -0.181594848632812 0.0869598388671875
-0.0761871337890625 -0.0236358642578125 -0.2218017578125 0.0266876220703125
-0.0426712036132813 -0.0707473754882812 -0.217041015625 -0.0927276611328125
0.0504913330078125 -0.0737075805664063 -0.130996704101563 -0.225692749023437
0.095184326171875 -0.0137100219726563 -0.025970458984375 -0.23541259765625
0.0713958740234375 0.0466842651367187 0.0546875 -0.202743530273437
0.113235473632813 0.120140075683594 -0.137794494628906 0.032958984375
0.16131591796875 0.0205841064453125 -0.095672607421875 0.152084350585937
0.135391235351563 -0.111228942871094 0.0284881591796875 0.190536499023438
-0.00494384765625001 -0.153335571289063 0.095611572265625 0.138175964355469
-0.0994186401367188 -0.0865554809570313 0.106147766113281 0.0470657348632813
-0.124237060546875 0.0178451538085938 0.0597915649414063 -0.00358963012695312
-0.0872573852539062 0.0628280639648438 0.00348997116088867 0.000184297561645512
-0.0776519775390625 0.0479583740234375 -0.0304145812988281 0.0407676696777344
-0.085784912109375 0.0594482421875 -0.084197998046875 0.0801467895507812
-0.11151123046875 0.033050537109375 -0.164031982421875 0.07080078125
-0.110572814941406 -0.0430450439453125 -0.1981201171875 0.0201873779296875
-0.0573043823242188 -0.108978271484375 -0.195968627929688 -0.088226318359375
0.0825958251953125 -0.10491943359375 -0.119598388671875 -0.208816528320312
0.143508911132813 -0.011688232421875 -0.0170135498046875 -0.221084594726563
0.10479736328125 0.0741653442382813 0.0668487548828125 -0.178924560546875
0.130889892578125 0.129547119140625 -0.123359680175781 0.0632781982421875
0.173599243164063 0.0093231201171875 -0.0994415283203125 0.170562744140625
0.130699157714844 -0.123054504394531 0.0304412841796875 0.222427368164063
-0.0147552490234375 -0.153976440429688 0.126953125 0.16949462890625
-0.105964660644531 -0.0835647583007813 0.153839111328125 0.0498504638671875
-0.132087707519531 0.0221481323242188 0.102333068847656 -0.0278396606445313
-0.095916748046875 0.066070556640625 0.0319023132324219 -0.0362968444824219
-0.0913009643554687 0.052581787109375 -0.011509895324707 0.00369930267333985
-0.10614013671875 0.065765380859375 -0.0620880126953125 0.0458526611328125
-0.136650085449219 0.0290298461914063 -0.132225036621094 0.0451812744140625
-0.130630493164062 -0.0639877319335938 -0.159210205078125 0.00857543945312501
-0.0560302734375 -0.138671875 -0.162322998046875 -0.0795440673828125
0.112663269042969 -0.116485595703125 -0.102828979492187 -0.183761596679688
0.170669555664062 -0.0009307861328125 -0.00450134277343751 -0.20196533203125
0.119575500488281 0.0924606323242187 0.0854034423828125 -0.144744873046875
0.128868103027344 0.120109558105469 -0.101844787597656 0.101249694824219
0.15484619140625 0.0034637451171875 -0.08624267578125 0.1966552734375
0.110321044921875 -0.109603881835938 0.052734375 0.242767333984375
-0.014404296875 -0.130577087402344 0.165176391601563 0.179534912109375
-0.0929718017578125 -0.0693740844726562 0.19244384765625 0.03985595703125
-0.118385314941406 0.0211563110351562 0.136543273925781 -0.05548095703125
-0.0908279418945313 0.0578994750976562 0.0558700561523437 -0.07147216796875
-0.0910110473632813 0.0472259521484375 0.00849914550781249 -0.0334815979003906
-0.110687255859375 0.059600830078125 -0.0333595275878906 0.00788688659667969
-0.140144348144531 0.015350341796875 -0.0885238647460938 0.0174636840820312
-0.123588562011719 -0.0795059204101563 -0.110519409179688 0.00110626220703122
-0.0362396240234375 -0.144821166992188 -0.126312255859375 -0.061431884765625
0.128135681152344 -0.0985336303710937 -0.0927124023437499 -0.157073974609375
0.16510009765625 0.0163726806640625 0.00498962402343753 -0.186553955078125
0.109687805175781 0.095367431640625 0.103317260742187 -0.104164123535156
0.108535766601563 0.0959930419921875 -0.079986572265625 0.140655517578125
0.117698669433594 0.00295257568359375 -0.060028076171875 0.220565795898438
0.084869384765625 -0.080230712890625 0.0831298828125 0.24566650390625
-0.00683593750000001 -0.0956573486328125 0.197219848632813 0.171646118164063
-0.0684547424316406 -0.0504913330078125 0.217208862304688 0.024078369140625
-0.0917816162109375 0.0153579711914062 0.15850830078125 -0.0809326171875
-0.073638916015625 0.041229248046875 0.0758895874023438 -0.101806640625
-0.0771636962890625 0.033782958984375 0.027618408203125 -0.06597900390625
-0.0966110229492188 0.0418014526367187 -0.00311470031738282 -0.0247058868408203
-0.116432189941406 -6.86645507812544E-05 -0.0418052673339844 -0.00396728515625
-0.0930557250976563 -0.0775299072265625 -0.0657272338867188 0.00356674194335936
-0.0115509033203125 -0.119338989257813 -0.102676391601563 -0.039886474609375
0.116020202636719 -0.0605087280273438 -0.0933685302734375 -0.141098022460938
0.129013061523438 0.028076171875 0.0107269287109375 -0.180267333984375
0.0822906494140625 0.081207275390625 0.118453979492187 -0.0645599365234375
0.0736083984375 0.0605316162109375 -0.05987548828125 0.172714233398438
0.06756591796875 0.00619125366210938 -0.0312042236328125 0.237319946289063
0.0574111938476563 -0.0444793701171875 0.108963012695313 0.238052368164063
0.00453567504882813 -0.0568618774414063 0.2188720703125 0.153854370117187
-0.0373764038085937 -0.0318489074707031 0.22967529296875 0.0078125
-0.0566139221191406 0.00564575195312499 0.169921875 -0.099456787109375
-0.0481719970703125 0.0185585021972656 0.0871353149414063 -0.123710632324219
-0.0518302917480469 0.0149154663085938 0.0425033569335938 -0.0895767211914063
-0.0643501281738281 0.0178756713867187 0.0218467712402344 -0.0481109619140625
-0.069976806640625 -0.00997543334960938 -0.00310802459716797 -0.0163745880126953
-0.0488395690917969 -0.0525779724121094 -0.0381050109863281 0.00802993774414063
0.00329208374023437 -0.0682830810546875 -0.0928802490234375 -0.0256423950195313
0.0725784301757813 -0.02069091796875 -0.094482421875 -0.140640258789062
0.0702285766601563 0.02471923828125 0.019195556640625 -0.1812744140625
0.0431938171386719 0.0480422973632813 0.128471374511719 -0.0314407348632813
-0.00557279586791992 0.00372219085693359 -0.147003173828125 0.0226898193359375
-0.00715541839599609 0.0103702545166016 -0.0372772216796875 0.172622680664063
0.00948905944824219 -0.00825977325439453 0.106521606445312 0.129981994628906
-0.004486083984375 -0.00532913208007813 0.0970611572265625 0.031463623046875
-0.0015110969543457 0.00702857971191406 0.0236492156982422 -0.00308799743652344
0.0157194137573242 0.00909328460693359 -0.0230159759521484 0.0167484283447266
0.0162620544433594 -0.000983238220214844 -0.0390777587890625 0.0560569763183594
0.0113906860351563 -0.00602531433105469 -0.048583984375 0.0942535400390625
0.0167570114135742 -0.00323390960693359 -0.0991897583007813 0.121055603027344
0.00982761383056641 0.00574111938476563 -0.178634643554687 0.090850830078125
0.00294113159179687 0.0118293762207031 -0.227066040039063 0.0207366943359375
-0.00454425811767578 0.00758790969848633 -0.216888427734375 -0.103073120117188
-0.0155754089355469 0.00373172760009766 -0.1160888671875 -0.242385864257812
-0.0275039672851562 -0.00942611694335938 -0.015228271484375 -0.239456176757813
-0.0228137969970703 -0.0269927978515625 0.0511322021484375 -0.203628540039062
0.0397300720214844 0.0523109436035156 -0.145660400390625 0.0127410888671875
0.0590095520019531 0.0243301391601562 -0.05322265625 0.159774780273438
0.0666580200195313 -0.0420989990234375 0.083221435546875 0.138389587402344
0.00236129760742188 -0.0670433044433594 0.087005615234375 0.0528640747070313
-0.0394134521484375 -0.0358047485351563 0.0336494445800781 0.00992774963378906
-0.0421485900878906 0.01190185546875 -0.0125980377197266 0.0175991058349609
-0.0246620178222656 0.0274868011474609 -0.036590576171875 0.0501136779785156
-0.0215873718261719 0.0163059234619141 -0.0487213134765625 0.0887222290039062
-0.0191612243652344 0.0199127197265625 -0.0986709594726562 0.118934631347656
-0.0302963256835937 0.0175247192382813 -0.179824829101563 0.0957489013671875
-0.0349884033203125 -0.00388336181640626 -0.223968505859375 0.0300140380859375
-0.0224971771240234 -0.0293025970458984 -0.219039916992187 -0.0914459228515625
0.0158271789550781 -0.0340633392333984 -0.130523681640625 -0.229782104492188
0.0329570770263672 -0.0124588012695313 -0.02935791015625 -0.238265991210938
0.0248947143554687 0.0111198425292969 0.0454254150390625 -0.209442138671875
0.082000732421875 0.0918502807617188 -0.14300537109375 0.01641845703125
0.11871337890625 0.026763916015625 -0.072113037109375 0.147613525390625
0.110549926757813 -0.0805282592773438 0.0521697998046875 0.155227661132812
0.000205993652343744 -0.120018005371094 0.0819320678710937 0.0902328491210937
-0.0749282836914063 -0.0683135986328125 0.0619125366210937 0.0293617248535156
-0.0903854370117188 0.0159149169921875 0.0174760818481445 0.0109672546386719
-0.0595321655273438 0.049285888671875 -0.0204811096191406 0.0309371948242188
-0.0516204833984375 0.0358734130859375 -0.0407180786132813 0.0704345703125
-0.0534782409667969 0.0437164306640625 -0.0920333862304688 0.105865478515625
-0.0704269409179688 0.0292587280273437 -0.172927856445312 0.091644287109375
-0.0744476318359375 -0.0197372436523437 -0.214004516601562 0.032501220703125
-0.0437049865722656 -0.0676498413085938 -0.212356567382813 -0.084075927734375
0.0467605590820313 -0.0728530883789063 -0.1322021484375 -0.216506958007813
0.0917434692382813 -0.0157546997070313 -0.0321044921875 -0.228988647460938
0.070556640625 0.0446701049804688 0.047271728515625 -0.201004028320313
0.114334106445313 0.115516662597656 -0.134025573730469 0.0349502563476563
0.15850830078125 0.017669677734375 -0.0894927978515625 0.149337768554688
0.128509521484375 -0.112876892089844 0.0313568115234375 0.183929443359375
-0.00971984863281252 -0.149154663085938 0.096160888671875 0.13287353515625
-0.0990219116210938 -0.0819015502929688 0.104881286621094 0.0436019897460937
-0.119163513183594 0.0204696655273437 0.0578117370605469 -0.00520706176757813
-0.082244873046875 0.0638580322265625 0.00376629829406738 -0.000488758087158199
-0.07525634765625 0.0489730834960937 -0.0276870727539063 0.0398216247558594
-0.0820236206054688 0.060028076171875 -0.0782699584960938 0.0806350708007812
-0.106735229492188 0.0355072021484375 -0.155746459960938 0.07586669921875
-0.108253479003906 -0.0378265380859375 -0.19091796875 0.0246734619140625
-0.0573654174804687 -0.10418701171875 -0.192413330078125 -0.0806121826171875
0.0787429809570313 -0.105079650878906 -0.12127685546875 -0.1990966796875
0.138458251953125 -0.015655517578125 -0.022796630859375 -0.214706420898438
0.104118347167969 0.0712356567382813 0.0595245361328125 -0.177337646484375
0.132232666015625 0.1226806640625 -0.118850708007813 0.064453125
0.169052124023438 0.006561279296875 -0.0935211181640625 0.167617797851563
0.123130798339844 -0.123115539550781 0.0345001220703125 0.215225219726563
-0.0186309814453125 -0.15008544921875 0.128829956054688 0.16241455078125
-0.104774475097656 -0.0772247314453125 0.150665283203125 0.0450286865234375
-0.125831604003906 0.0245819091796875 0.0983123779296875 -0.0304489135742188
-0.0907745361328125 0.0666275024414063 0.029571533203125 -0.035736083984375
-0.0875167846679687 0.0535736083984375 -0.011387825012207 0.00409507751464844
-0.101356506347656 0.06732177734375 -0.0594635009765625 0.0465812683105469
-0.131706237792969 0.0322341918945313 -0.127090454101563 0.050445556640625
-0.128265380859375 -0.0571975708007813 -0.153671264648438 0.0121307373046875
-0.0575790405273438 -0.133697509765625 -0.1593017578125 -0.0733642578125
0.107704162597656 -0.117172241210938 -0.104293823242188 -0.17572021484375
0.165496826171875 -0.005279541015625 -0.0110015869140625 -0.196685791015625
0.117630004882813 0.0889205932617188 0.078094482421875 -0.143569946289063
0.129226684570313 0.114212036132813 -0.0982208251953125 0.10113525390625
0.150344848632813 0.0001220703125 -0.0795135498046875 0.193618774414062
0.103904724121094 -0.108978271484375 0.0562896728515625 0.234649658203125
-0.017242431640625 -0.126350402832031 0.165924072265625 0.170394897460938
-0.0915374755859375 -0.063751220703125 0.187423706054688 0.034088134765625
-0.112564086914062 0.0231857299804688 0.130134582519531 -0.058074951171875
-0.0857315063476563 0.0581207275390625 0.0523300170898437 -0.0706863403320313
-0.0878067016601563 0.048736572265625 0.00797271728515624 -0.0322093963623047
-0.106269836425781 0.0609054565429687 -0.0330295562744141 0.00930404663085938
-0.136054992675781 0.019256591796875 -0.0850677490234375 0.0217514038085937
-0.122932434082031 -0.0731735229492188 -0.105674743652344 0.00357055664062499
-0.0388107299804687 -0.140228271484375 -0.12384033203125 -0.056396484375
0.12408447265625 -0.100540161132813 -0.093414306640625 -0.14990234375
0.16241455078125 0.012359619140625 -0.0010528564453125 -0.1810302734375
0.108772277832031 0.0924606323242188 0.0969009399414063 -0.104255676269531
0.109130859375 0.09124755859375 -0.0747909545898438 0.139717102050781
0.1141357421875 0.0007476806640625 -0.0535430908203125 0.21746826171875
0.0800704956054688 -0.0806427001953125 0.085784912109375 0.236984252929688
-0.00920104980468751 -0.0930404663085938 0.196456909179687 0.162139892578125
-0.0665473937988281 -0.0461769104003906 0.210739135742188 0.0183258056640625
-0.0869674682617187 0.017303466796875 0.150924682617188 -0.0825042724609375
-0.0696144104003906 0.0422554016113281 0.0695953369140625 -0.1005859375
-0.0751800537109375 0.0353775024414063 0.0250473022460938 -0.064300537109375
-0.0939712524414063 0.04351806640625 -0.00439643859863282 -0.0247516632080078
-0.113487243652344 0.00320434570312501 -0.0407676696777344 -0.000782012939453117
-0.0932388305664062 -0.0724868774414063 -0.0628662109375 0.00457763671875001
-0.0140457153320313 -0.116569519042969 -0.099334716796875 -0.0360794067382813
0.112983703613281 -0.0632553100585938 -0.0939712524414063 -0.133857727050781
0.127120971679687 0.0257034301757812 0.00404357910156251 -0.1751708984375
0.080902099609375 0.0786514282226562 0.112594604492188 -0.0653610229492188
0.07440185546875 0.0565261840820313 -0.05438232421875 0.170989990234375
0.0655403137207031 0.00506210327148438 -0.0253753662109375 0.232162475585938
0.0546531677246094 -0.0442047119140625 0.112045288085937 0.229537963867187
0.00305557250976563 -0.055633544921875 0.21710205078125 0.1444091796875
-0.0369834899902344 -0.0298347473144531 0.222381591796875 0.0023193359375
-0.0537834167480469 0.00729751586914063 0.160369873046875 -0.100494384765625
-0.0451240539550781 0.0189056396484375 0.079986572265625 -0.121299743652344
-0.0508079528808594 0.0166130065917969 0.0379104614257813 -0.0874862670898438
-0.0638351440429688 0.0187225341796875 0.0187301635742187 -0.0480880737304688
-0.0685386657714844 -0.00791931152343751 -0.00335979461669922 -0.0148849487304688
-0.0487060546875 -0.0494766235351562 -0.0356063842773438 0.00785827636718751
0.00136566162109374 -0.0668678283691406 -0.0892410278320312 -0.0221786499023438
0.0715866088867188 -0.0228424072265625 -0.0955734252929688 -0.132972717285156
0.0692329406738281 0.0228080749511719 0.012115478515625 -0.176681518554688
0.0422897338867188 0.0471153259277344 0.124198913574219 -0.0324935913085937
-0.0044102668762207 0.00326156616210938 -0.146942138671875 0.0203857421875
-0.00627708435058594 0.0102558135986328 -0.0370635986328125 0.168991088867188
0.00844049453735352 -0.00863313674926758 0.104354858398438 0.127693176269531
-0.00481033325195313 -0.00472450256347656 0.095489501953125 0.030242919921875
-0.00119590759277344 0.00734615325927734 0.0229911804199219 -0.00215721130371094
0.0160818099975586 0.00893402099609375 -0.0218772888183594 0.0179195404052734
0.0166788101196289 -0.00066375732421875 -0.0384140014648437 0.0560035705566406
0.0104875564575195 -0.00539016723632813 -0.0466995239257812 0.0921707153320313
0.0158157348632813 -0.00389194488525391 -0.0966796875 0.1199951171875
0.010462760925293 0.00585079193115234 -0.174789428710938 0.091583251953125
0.00377559661865234 0.0125885009765625 -0.223983764648438 0.022247314453125
-0.00485086441040039 0.00757408142089844 -0.214035034179687 -0.101577758789062
-0.015681266784668 0.00297641754150391 -0.11480712890625 -0.240402221679688
-0.0272712707519531 -0.00968551635742188 -0.01593017578125 -0.238189697265625
-0.0221748352050781 -0.0269412994384766 0.049560546875 -0.204025268554688
0.0404586791992188 0.0513076782226563 -0.145965576171875 0.011260986328125
0.0592689514160156 0.0244064331054688 -0.052947998046875 0.156723022460937
0.0655746459960938 -0.0431480407714844 0.081878662109375 0.135597229003906
0.00140762329101562 -0.0672569274902344 0.0853500366210938 0.0514907836914062
-0.0392227172851563 -0.034881591796875 0.0332832336425781 0.0102863311767578
-0.0406837463378906 0.0110244750976563 -0.0121650695800781 0.0181617736816406
-0.0239009857177734 0.0268363952636719 -0.0362396240234375 0.0497627258300781
-0.021942138671875 0.0167331695556641 -0.0462112426757812 0.0872116088867188
-0.0192012786865234 0.0201606750488281 -0.0954666137695313 0.117393493652344
-0.0289020538330078 0.0174217224121094 -0.17498779296875 0.0966796875
-0.0344123840332031 -0.00330734252929687 -0.220352172851563 0.0309906005859375
-0.0230255126953125 -0.0290317535400391 -0.215911865234375 -0.0908660888671875
0.0152359008789062 -0.0339527130126953 -0.1292724609375 -0.227554321289063
0.0326251983642578 -0.0123329162597656 -0.0302581787109375 -0.236740112304688
0.0252513885498047 0.0109329223632813 0.043914794921875 -0.208709716796875
0.0828018188476563 0.0911712646484375 -0.1429443359375 0.01519775390625
0.118934631347656 0.0277862548828125 -0.071868896484375 0.145294189453125
0.109382629394531 -0.0807647705078125 0.0502166748046875 0.1524658203125
-0.000656127929687504 -0.119682312011719 0.0813980102539063 0.0894699096679687
-0.0744247436523438 -0.067138671875 0.0616111755371094 0.0298576354980469
-0.088531494140625 0.0152435302734375 0.0174083709716797 0.0109844207763672
-0.0581283569335937 0.0496368408203125 -0.0203056335449219 0.0305957794189453
-0.0516586303710938 0.0365066528320312 -0.0391349792480469 0.0687141418457031
-0.053192138671875 0.0429534912109375 -0.0892791748046875 0.105209350585937
-0.0689163208007813 0.0292816162109375 -0.169692993164063 0.09295654296875
-0.0730361938476563 -0.01861572265625 -0.210525512695312 0.0331573486328125
-0.0435638427734375 -0.0661239624023438 -0.20947265625 -0.083648681640625
0.0468215942382813 -0.0727157592773438 -0.130828857421875 -0.214218139648438
0.09051513671875 -0.016265869140625 -0.0330810546875 -0.228317260742188
0.0699234008789063 0.0448570251464844 0.045562744140625 -0.200088500976563
0.115310668945313 0.114730834960938 -0.133506774902344 0.0327911376953125
0.157302856445313 0.0180206298828125 -0.08837890625 0.147552490234375
0.126655578613281 -0.112007141113281 0.0304412841796875 0.181442260742188
-0.0106658935546875 -0.148269653320313 0.0959320068359375 0.130821228027344
-0.0981521606445313 -0.0796737670898437 0.103965759277344 0.0434646606445313
-0.116996765136719 0.0200347900390625 0.0576248168945312 -0.00560760498046875
-0.0805587768554688 0.0634307861328125 0.00309944152832031 -0.000758171081542965
-0.0747451782226562 0.0496826171875 -0.0266227722167969 0.0392074584960938
-0.081390380859375 0.0600204467773438 -0.0770645141601563 0.0801162719726562
-0.104072570800781 0.0356674194335938 -0.153076171875 0.0778656005859375
-0.107414245605469 -0.0351715087890625 -0.188690185546875 0.0252532958984375
-0.057708740234375 -0.103309631347656 -0.189697265625 -0.0798797607421875
0.0768051147460938 -0.104812622070313 -0.11962890625 -0.197494506835938
0.137054443359375 -0.0153884887695313 -0.0243377685546875 -0.212890625
0.10223388671875 0.0717086791992187 0.058074951171875 -0.176528930664063
0.132148742675781 0.1217041015625 -0.118614196777344 0.0632858276367188
0.167022705078125 0.0069580078125 -0.092193603515625 0.166351318359375
0.120986938476563 -0.122482299804688 0.0337982177734375 0.213027954101563
-0.018798828125 -0.148788452148438 0.128921508789062 0.160751342773438
-0.103324890136719 -0.0765380859375 0.150039672851563 0.045166015625
-0.123405456542969 0.024566650390625 0.0970535278320312 -0.0304946899414063
-0.0882949829101563 0.0663070678710938 0.0282020568847656 -0.0355377197265625
-0.0874557495117188 0.0540237426757812 -0.0102825164794922 0.00392150878906251
-0.101036071777344 0.0675582885742188 -0.0579833984375 0.0467605590820313
-0.129615783691406 0.0329208374023438 -0.124382019042969 0.0527496337890625
-0.128028869628906 -0.055816650390625 -0.151016235351563 0.0126190185546875
-0.0582199096679687 -0.132713317871094 -0.156494140625 -0.072845458984375
0.107467651367187 -0.117584228515625 -0.103179931640625 -0.174209594726562
0.164901733398438 -0.0053253173828125 -0.012481689453125 -0.194900512695313
0.116752624511719 0.0898590087890625 0.0756378173828125 -0.142608642578125
0.12939453125 0.112701416015625 -0.097747802734375 0.100326538085937
0.149398803710937 0.0008087158203125 -0.0786895751953125 0.19140625
0.102012634277344 -0.108070373535156 0.0550537109375 0.232086181640625
-0.0178070068359375 -0.125274658203125 0.165328979492188 0.168258666992188
-0.0902252197265625 -0.0623016357421875 0.185745239257813 0.034027099609375
-0.11041259765625 0.0224685668945312 0.127372741699219 -0.05743408203125
-0.0838088989257812 0.0579910278320313 0.0510215759277344 -0.0697860717773438
-0.08734130859375 0.049041748046875 0.00689315795898437 -0.0316886901855469
-0.105255126953125 0.0601730346679688 -0.0323715209960938 0.00991249084472656
-0.133621215820313 0.020172119140625 -0.084228515625 0.0242462158203125
-0.122200012207031 -0.0716629028320313 -0.1046142578125 0.00388336181640626
-0.0393218994140625 -0.139289855957031 -0.121627807617187 -0.0565643310546875
0.123542785644531 -0.100883483886719 -0.0921173095703125 -0.147567749023437
0.160934448242188 0.01220703125 -0.00357055664062499 -0.178512573242187
0.107215881347656 0.0937271118164063 0.0946044921875 -0.102592468261719
0.109329223632813 0.090057373046875 -0.0743484497070312 0.138870239257813
0.112113952636719 0.00183868408203125 -0.05242919921875 0.216598510742188
0.0785446166992188 -0.0796356201171875 0.0849761962890625 0.235183715820313
-0.00920104980468751 -0.0917205810546875 0.195358276367188 0.1597900390625
-0.0659065246582031 -0.0461692810058594 0.207855224609375 0.017120361328125
-0.0849456787109375 0.0164947509765625 0.147308349609375 -0.08203125
-0.0679702758789062 0.0411911010742188 0.067657470703125 -0.0991973876953125
-0.0748443603515625 0.0359725952148437 0.0237274169921875 -0.0637397766113281
-0.0934295654296875 0.04327392578125 -0.00490379333496095 -0.0234870910644531
-0.112167358398438 0.00415039062500001 -0.0391578674316406 0.000396728515625002
-0.0918960571289063 -0.0712509155273437 -0.061431884765625 0.0037078857421875
-0.0140762329101562 -0.115730285644531 -0.0970535278320313 -0.0356826782226563
0.112701416015625 -0.0636520385742188 -0.0929031372070312 -0.131576538085938
0.125640869140625 0.0262527465820312 0.00160217285156252 -0.172622680664063
0.080047607421875 0.079986572265625 0.111160278320313 -0.0642166137695313
0.0736465454101563 0.0562896728515625 -0.0538330078125 0.170211791992188
0.0644302368164063 0.00682449340820312 -0.02532958984375 0.23089599609375
0.053253173828125 -0.0439682006835938 0.110214233398438 0.227401733398437
0.00226593017578125 -0.0550537109375 0.215042114257813 0.142974853515625
-0.03564453125 -0.0288429260253906 0.218841552734375 0.0021209716796875
-0.0521697998046875 0.00625228881835938 0.158065795898438 -0.0991058349609375
-0.0447921752929688 0.0187034606933594 0.0782241821289063 -0.119361877441406
-0.0511016845703125 0.0169906616210938 0.0360565185546875 -0.0858306884765625
-0.063262939453125 0.0187187194824219 0.017913818359375 -0.0464935302734375
-0.0678977966308594 -0.00791549682617189 -0.00319480895996094 -0.0138645172119141
-0.0483436584472656 -0.0494155883789063 -0.0340480804443359 0.00681686401367188
0.00156021118164063 -0.0664291381835938 -0.0869293212890625 -0.0215301513671875
0.0712509155273438 -0.0229721069335938 -0.0944900512695312 -0.131309509277344
0.0683555603027344 0.0231590270996094 0.00994873046874999 -0.172927856445313
0.04071044921875 0.0482444763183594 0.122360229492188 -0.0308303833007812
-0.00222158432006836 0.0022284984588623 -0.150726318359375 0.01861572265625
-0.00552558898925782 0.0108270645141602 -0.0393524169921875 0.171051025390625
0.00833320617675781 -0.00930404663085938 0.104286193847656 0.129417419433594
-0.00610542297363281 -0.00445699691772461 0.09588623046875 0.03082275390625
-0.002044677734375 0.00754070281982422 0.0232009887695313 -0.000858306884765625
0.0175685882568359 0.00826358795166016 -0.0227260589599609 0.0186939239501953
0.0169286727905273 -0.000519752502441406 -0.0390586853027344 0.0564422607421875
0.0107011795043945 -0.00452709197998047 -0.046478271484375 0.0925445556640625
0.0155305862426758 -0.00357818603515625 -0.0964126586914062 0.1207275390625
0.0112590789794922 0.00572490692138672 -0.176345825195313 0.093841552734375
0.00417518615722656 0.0129785537719727 -0.227081298828125 0.0218353271484376
-0.00623798370361328 0.0071868896484375 -0.215988159179688 -0.105926513671875
-0.0173406600952148 0.00225257873535156 -0.116317749023438 -0.246200561523437
-0.0276832580566406 -0.0102806091308594 -0.01629638671875 -0.243545532226563
-0.0226402282714844 -0.0279464721679688 0.0522003173828125 -0.208847045898437
0.0417976379394531 0.0528373718261719 -0.150482177734375 0.00889587402343748
0.0616111755371094 0.0265083312988281 -0.0551605224609375 0.157546997070313
0.0676841735839844 -0.04364013671875 0.0807876586914063 0.137977600097656
0.000831604003906251 -0.068145751953125 0.0863113403320313 0.0524673461914062
-0.0403900146484375 -0.0363121032714844 0.0343742370605469 0.0114974975585937
-0.0406837463378906 0.0110092163085938 -0.0126190185546875 0.0184555053710938
-0.0235671997070313 0.0276699066162109 -0.0369300842285156 0.0504493713378906
-0.0223522186279297 0.018035888671875 -0.0472946166992188 0.0864791870117188
-0.0210952758789063 0.0209064483642578 -0.0958023071289063 0.118034362792969
-0.0292491912841797 0.017547607421875 -0.177230834960938 0.0984649658203125
-0.0342159271240234 -0.00268936157226562 -0.22332763671875 0.0311431884765625
-0.0244770050048828 -0.0290145874023438 -0.219375610351563 -0.093505859375
0.01513671875 -0.0358428955078125 -0.130966186523438 -0.232696533203125
0.0326251983642578 -0.0126132965087891 -0.03094482421875 -0.242141723632812
0.0254764556884766 0.0112953186035156 0.0451812744140625 -0.214401245117188
0.08544921875 0.0943145751953125 -0.145492553710938 0.01318359375
0.122062683105469 0.0302886962890625 -0.074371337890625 0.14605712890625
0.111610412597656 -0.0822982788085937 0.0496063232421875 0.155227661132813
-0.000541687011718749 -0.122390747070312 0.0814437866210938 0.091796875
-0.0757522583007813 -0.0689544677734375 0.0631256103515625 0.0322418212890625
-0.0896682739257813 0.0144424438476563 0.0166912078857422 0.0114278793334961
-0.0582847595214844 0.0499076843261719 -0.0209159851074219 0.0305404663085938
-0.0532608032226563 0.0371856689453125 -0.0389442443847656 0.0684967041015625
-0.0550498962402344 0.0438499450683594 -0.0898590087890625 0.105873107910156
-0.0690650939941406 0.0288238525390625 -0.170928955078125 0.095489501953125
-0.074371337890625 -0.0182952880859375 -0.213623046875 0.033172607421875
-0.04412841796875 -0.06768798828125 -0.212646484375 -0.0864410400390625
0.0469589233398438 -0.0751953125 -0.132080078125 -0.218093872070312
0.0917129516601562 -0.0163650512695312 -0.0337066650390625 -0.23321533203125
0.0712432861328125 0.0469512939453125 0.0473175048828125 -0.204605102539063
0.118553161621094 0.117362976074219 -0.136428833007813 0.0325088500976562
0.160308837890625 0.019866943359375 -0.0914306640625 0.14862060546875
0.129348754882813 -0.113235473632813 0.0288543701171875 0.183929443359375
-0.0106201171875 -0.151397705078125 0.0971450805664063 0.134658813476563
-0.0994949340820312 -0.0816268920898438 0.106521606445312 0.046173095703125
-0.117996215820312 0.01971435546875 0.0583419799804688 -0.00553131103515625
-0.0804672241210938 0.0629348754882813 0.00224137306213378 -0.000835657119750973
-0.0766830444335937 0.0510177612304688 -0.0273475646972656 0.0388450622558594
-0.0840225219726563 0.061126708984375 -0.077850341796875 0.08160400390625
-0.10528564453125 0.0361785888671875 -0.154464721679688 0.0807952880859375
-0.109344482421875 -0.0361785888671875 -0.191085815429688 0.0251617431640625
-0.0587387084960937 -0.105766296386719 -0.191909790039063 -0.0833587646484375
0.079071044921875 -0.107208251953125 -0.120132446289063 -0.201873779296875
0.140129089355469 -0.015777587890625 -0.0251007080078125 -0.217803955078125
0.103462219238281 0.0752105712890625 0.0587921142578125 -0.180221557617188
0.133956909179688 0.125198364257812 -0.1219482421875 0.0626068115234375
0.169662475585938 0.0084991455078125 -0.0957183837890625 0.167709350585937
0.123023986816406 -0.123519897460938 0.0313873291015625 0.217239379882813
-0.01898193359375 -0.151763916015625 0.130569458007813 0.165206909179688
-0.104110717773438 -0.0778427124023438 0.15301513671875 0.04766845703125
-0.124534606933594 0.02325439453125 0.0977630615234375 -0.0308609008789063
-0.0889434814453125 0.06573486328125 0.0282630920410156 -0.0360107421875
-0.0900192260742188 0.0554275512695313 -0.0111932754516602 0.00326824188232422
-0.103591918945312 0.0684738159179688 -0.0591201782226563 0.0479049682617188
-0.131866455078125 0.0339584350585938 -0.125556945800781 0.05535888671875
-0.129508972167969 -0.0566482543945313 -0.1536865234375 0.0121917724609375
-0.059356689453125 -0.135704040527344 -0.158523559570312 -0.076019287109375
0.110305786132813 -0.120193481445313 -0.103836059570313 -0.177581787109375
0.1680908203125 -0.00494384765625 -0.01275634765625 -0.199081420898438
0.117637634277344 0.0931015014648437 0.07733154296875 -0.145172119140625
0.131378173828125 0.115768432617188 -0.101005554199219 0.101127624511719
0.151077270507813 0.0038604736328125 -0.0816497802734375 0.195114135742188
0.103805541992188 -0.109344482421875 0.0548248291015625 0.238235473632813
-0.0182571411132813 -0.128067016601563 0.167739868164063 0.172744750976563
-0.0898513793945313 -0.063812255859375 0.1888427734375 0.0361328125
-0.11114501953125 0.0220870971679687 0.1292724609375 -0.057342529296875
-0.084686279296875 0.0576400756835938 0.0512313842773437 -0.0710067749023438
-0.0901641845703125 0.0500411987304687 0.00589561462402343 -0.0323524475097656
-0.10821533203125 0.0614547729492187 -0.0338401794433594 0.0102958679199219
-0.136573791503906 0.0211563110351563 -0.0842742919921875 0.0254669189453125
-0.123779296875 -0.0726242065429688 -0.106361389160156 0.00289916992187501
-0.0394287109375 -0.143081665039063 -0.122726440429688 -0.05987548828125
0.127029418945313 -0.104537963867188 -0.0929412841796875 -0.150833129882812
0.164520263671875 0.01312255859375 -0.00411987304687499 -0.18212890625
0.107925415039063 0.0976943969726563 0.095947265625 -0.104072570800781
0.111747741699219 0.091644287109375 -0.077239990234375 0.14080810546875
0.114028930664063 0.00423431396484375 -0.054840087890625 0.219512939453125
0.0796279907226563 -0.0800933837890625 0.0843658447265625 0.240707397460938
-0.0095672607421875 -0.0938034057617188 0.198257446289063 0.1632080078125
-0.0660743713378906 -0.0463790893554687 0.211380004882813 0.0195770263671875
-0.0858306884765625 0.0144424438476563 0.149017333984375 -0.08209228515625
-0.0682640075683594 0.0405426025390625 0.0680007934570313 -0.0998916625976562
-0.0762786865234375 0.037353515625 0.022430419921875 -0.0644760131835938
-0.096649169921875 0.044921875 -0.00541305541992188 -0.0227584838867187
-0.115478515625 0.00336456298828124 -0.0395088195800781 0.00210952758789062
-0.09295654296875 -0.0733795166015625 -0.0628700256347656 0.00358200073242187
-0.0138626098632813 -0.118675231933594 -0.0982284545898438 -0.0376129150390625
0.116226196289063 -0.0652313232421875 -0.0946197509765625 -0.134292602539063
0.128120422363281 0.0282211303710937 0.0012664794921875 -0.174850463867187
0.0797119140625 0.0843887329101563 0.112457275390625 -0.0641708374023438
0.0752716064453125 0.056610107421875 -0.0566558837890625 0.173080444335938
0.06475830078125 0.00823593139648438 -0.026123046875 0.236312866210937
0.0540618896484375 -0.04400634765625 0.1102294921875 0.232559204101563
0.00205230712890625 -0.0567855834960938 0.218231201171875 0.147018432617188
-0.0355987548828125 -0.0300445556640625 0.222137451171875 0.0040435791015625
-0.0522499084472656 0.00580596923828125 0.159530639648437 -0.100006103515625
-0.04461669921875 0.0180244445800781 0.0786819458007813 -0.120231628417969
-0.0530586242675781 0.0173873901367188 0.03607177734375 -0.0861740112304688
-0.06634521484375 0.0187149047851562 0.0179443359375 -0.0468063354492188
-0.0695381164550781 -0.00842666625976564 -0.00289440155029297 -0.0135555267333984
-0.0490608215332031 -0.050506591796875 -0.033905029296875 0.00667381286621093
0.00196456909179687 -0.0676040649414063 -0.0872116088867188 -0.0228195190429688
0.0741500854492188 -0.0243911743164063 -0.0968093872070313 -0.133193969726563
0.068939208984375 0.0251541137695313 0.00926208496093749 -0.175201416015625
0.0404510498046875 0.0516128540039063 0.12408447265625 -0.0298385620117188
-0.00199878215789795 0.00166630744934082 -0.158966064453125 0.0195159912109375
-0.00529766082763672 0.0104761123657227 -0.0394744873046875 0.177017211914062
0.00789451599121094 -0.0101308822631836 0.110031127929688 0.133094787597656
-0.0080409049987793 -0.00408935546875 0.0999374389648438 0.0306015014648438
-0.000958442687988281 0.00812339782714844 0.0245094299316406 -0.000213623046875
0.0191211700439453 0.00677299499511719 -0.0228328704833984 0.0210590362548828
0.0182781219482422 -0.00174140930175781 -0.0409965515136719 0.0590629577636719
0.0106906890869141 -0.00459766387939453 -0.0462570190429687 0.0955657958984375
0.0151338577270508 -0.00420093536376953 -0.0966033935546875 0.126167297363281
0.0116548538208008 0.00550556182861328 -0.179901123046875 0.100173950195313
0.00466537475585938 0.0138702392578125 -0.23516845703125 0.0257720947265625
-0.00653982162475586 0.0080265998840332 -0.22674560546875 -0.10723876953125
-0.0185089111328125 0.00246238708496093 -0.123733520507813 -0.25543212890625
-0.0299205780029297 -0.0100975036621094 -0.019989013671875 -0.253875732421875
-0.0223789215087891 -0.0304832458496094 0.0509796142578125 -0.219284057617188
0.0460929870605469 0.0543861389160156 -0.157684326171875 0.00949096679687502
0.0653800964355469 0.02642822265625 -0.056610107421875 0.16412353515625
0.0697975158691406 -0.04705810546875 0.08538818359375 0.142196655273437
-0.00142669677734375 -0.0711135864257813 0.089874267578125 0.0537338256835938
-0.0425262451171875 -0.0374259948730469 0.03594970703125 0.0134315490722656
-0.0422744750976563 0.0100669860839844 -0.0129852294921875 0.020111083984375
-0.0242710113525391 0.0284252166748047 -0.0391654968261719 0.0532608032226563
-0.0228042602539062 0.0197906494140625 -0.0468978881835938 0.0892333984375
-0.0223159790039063 0.02197265625 -0.0962600708007813 0.123626708984375
-0.0296611785888672 0.0182456970214844 -0.180557250976563 0.106353759765625
-0.0351028442382813 -0.00131225585937501 -0.23193359375 0.035125732421875
-0.0261383056640625 -0.0300197601318359 -0.229827880859375 -0.0948486328125001
0.015289306640625 -0.0380630493164063 -0.139694213867187 -0.241500854492188
0.034149169921875 -0.0146751403808594 -0.0357513427734375 -0.252593994140625
0.0274486541748047 0.0112247467041016 0.044281005859375 -0.224517822265625
0.090972900390625 0.0963592529296875 -0.153305053710938 0.0141448974609375
0.128547668457031 0.0297470092773438 -0.07537841796875 0.152236938476563
0.115814208984375 -0.08734130859375 0.0520172119140625 0.160491943359375
-0.00333404541015624 -0.1273193359375 0.086639404296875 0.0941696166992187
-0.080108642578125 -0.0713119506835938 0.0663566589355469 0.0332221984863281
-0.092742919921875 0.0148544311523438 0.0181026458740234 0.0119876861572266
-0.0595512390136719 0.05230712890625 -0.0224113464355469 0.0319614410400391
-0.0548095703125 0.0406379699707031 -0.039825439453125 0.0704803466796875
-0.0574150085449219 0.0468368530273437 -0.0909881591796875 0.110641479492187
-0.0711135864257813 0.031463623046875 -0.174224853515625 0.10345458984375
-0.0769424438476562 -0.0177078247070313 -0.221786499023438 0.0374603271484375
-0.0474205017089844 -0.0696258544921875 -0.22357177734375 -0.0883636474609375
0.0476226806640625 -0.0799713134765625 -0.141387939453125 -0.226806640625
0.094635009765625 -0.0186080932617188 -0.0389404296875 -0.243255615234375
0.0746383666992188 0.048553466796875 0.045684814453125 -0.214218139648438
0.125167846679688 0.120933532714844 -0.143310546875 0.03314208984375
0.168487548828125 0.019317626953125 -0.0936279296875 0.155502319335937
0.134162902832031 -0.120208740234375 0.0307159423828125 0.192459106445312
-0.0145111083984375 -0.157943725585938 0.10333251953125 0.139244079589844
-0.10516357421875 -0.0845870971679688 0.112045288085937 0.0474700927734375
-0.12286376953125 0.0212020874023438 0.0598068237304687 -0.00626754760742187
-0.0823516845703125 0.0662918090820313 0.00192368030548095 -0.000267267227172847
-0.0792083740234375 0.0547561645507813 -0.0278282165527344 0.0402336120605469
-0.0866317749023438 0.0653076171875 -0.0784454345703125 0.0855484008789063
-0.1090087890625 0.0387420654296875 -0.157608032226563 0.08734130859375
-0.1138916015625 -0.0356826782226563 -0.198440551757813 0.0296173095703125
-0.0636672973632812 -0.109031677246094 -0.201812744140625 -0.0847015380859375
0.0809478759765625 -0.114486694335938 -0.129180908203125 -0.209274291992188
0.14508056640625 -0.0181732177734375 -0.029754638671875 -0.22662353515625
0.108894348144531 0.0785980224609375 0.059326171875 -0.189041137695312
0.142074584960938 0.128829956054688 -0.127311706542969 0.066436767578125
0.177780151367188 0.007720947265625 -0.0983428955078124 0.176055908203125
0.127326965332031 -0.130836486816406 0.0348052978515625 0.226593017578125
-0.0226898193359375 -0.15802001953125 0.138214111328125 0.170806884765625
-0.110321044921875 -0.0801162719726563 0.1602783203125 0.0476226806640625
-0.12872314453125 0.024871826171875 0.101188659667969 -0.033538818359375
-0.0909881591796875 0.0688629150390625 0.02801513671875 -0.0380096435546875
-0.0924911499023438 0.0598220825195313 -0.0118703842163086 0.00335693359375001
-0.107147216796875 0.0735397338867188 -0.0595932006835938 0.0508460998535156
-0.135917663574219 0.036834716796875 -0.127555847167969 0.060577392578125
-0.136383056640625 -0.05682373046875 -0.15948486328125 0.014984130859375
-0.063232421875 -0.141250610351563 -0.166366577148437 -0.0780487060546875
0.112838745117188 -0.128776550292969 -0.110397338867187 -0.18402099609375
0.173690795898438 -0.006927490234375 -0.017547607421875 -0.206939697265625
0.123214721679687 0.0982284545898437 0.07843017578125 -0.152267456054688
0.139053344726563 0.11810302734375 -0.104942321777344 0.106170654296875
0.157455444335938 0.00250244140625 -0.0835418701171875 0.204330444335937
0.107009887695313 -0.114570617675781 0.0581512451171875 0.247116088867188
-0.0214996337890625 -0.132225036621094 0.178054809570313 0.178543090820313
-0.0950393676757813 -0.0651397705078125 0.197723388671875 0.03564453125
-0.114334106445313 0.0225067138671875 0.13275146484375 -0.0619277954101563
-0.0860671997070312 0.0601043701171875 0.0513153076171875 -0.073883056640625
-0.0926895141601563 0.0546112060546875 0.00536918640136718 -0.0331630706787109
-0.112991333007813 0.0671463012695312 -0.0339851379394531 0.0121059417724609
-0.141738891601563 0.02313232421875 -0.0859756469726563 0.0299530029296875
-0.130897521972656 -0.0740737915039063 -0.109580993652344 0.00521087646484375
-0.044097900390625 -0.149032592773438 -0.128150939941406 -0.0619049072265625
0.131256103515625 -0.111244201660156 -0.09918212890625 -0.15625
0.17095947265625 0.011932373046875 -0.007537841796875 -0.1885986328125
0.113334655761719 0.102973937988281 0.0984954833984375 -0.109451293945313
0.118034362792969 0.094329833984375 -0.0805511474609375 0.147445678710938
0.119003295898438 0.0035400390625 -0.0548248291015625 0.23004150390625
0.0815277099609375 -0.0837478637695313 0.089263916015625 0.24993896484375
-0.011566162109375 -0.097564697265625 0.209259033203125 0.167526245117187
-0.0690460205078125 -0.0472793579101562 0.220748901367187 0.017578125
-0.08782958984375 0.0162200927734375 0.1529541015625 -0.0871734619140625
-0.0708999633789063 0.0422439575195312 0.0687026977539063 -0.103828430175781
-0.07977294921875 0.0400161743164063 0.0215339660644531 -0.0658912658691406
-0.0998382568359375 0.0486831665039062 -0.00583839416503907 -0.0231609344482422
-0.119667053222656 0.00608062744140623 -0.0398406982421875 0.00368881225585938
-0.0992202758789062 -0.0747146606445313 -0.0636672973632813 0.00416183471679687
-0.0163421630859375 -0.124610900878906 -0.102027893066406 -0.0380096435546875
0.120994567871094 -0.0712356567382813 -0.101280212402344 -0.137214660644531
0.134040832519531 0.0274734497070313 -0.002532958984375 -0.18060302734375
0.0837249755859375 0.0895004272460938 0.116386413574219 -0.0675125122070313
0.0802383422851563 0.0581207275390625 -0.0581207275390625 0.182449340820313
0.0680198669433594 0.00890731811523437 -0.0245513916015625 0.246932983398437
0.0550003051757813 -0.0457420349121094 0.11749267578125 0.24066162109375
0.00116348266601563 -0.0588874816894531 0.22930908203125 0.14971923828125
-0.0364303588867188 -0.0303306579589844 0.231094360351563 0.000854492187499998
-0.054443359375 0.0048828125 0.163543701171875 -0.105743408203125
-0.0465011596679688 0.018463134765625 0.0786209106445313 -0.125343322753906
-0.0545120239257813 0.0193977355957031 0.0353240966796875 -0.0900039672851563
-0.0693588256835937 0.020782470703125 0.017578125 -0.0483512878417969
-0.0732040405273438 -0.00839996337890626 -0.00208854675292969 -0.0131368637084961
-0.0523796081542969 -0.0514869689941406 -0.0342445373535156 0.00708389282226563
0.00139617919921875 -0.0718841552734375 -0.0905075073242188 -0.0229644775390625
0.0773849487304687 -0.0273818969726562 -0.103485107421875 -0.136444091796875
0.0719833374023438 0.0257186889648438 0.00622558593749999 -0.180435180664063
0.0417747497558594 0.0553131103515625 0.129669189453125 -0.0313339233398438
-0.00013597309589386 8.30218195915222E-05 -0.166488647460938 0.02606201171875
-0.00387096405029297 0.0107297897338867 -0.034576416015625 0.186569213867188
0.00810432434082031 -0.0109949111938477 0.119400024414062 0.1336669921875
-0.00918197631835938 -0.00312423706054687 0.104446411132813 0.0272445678710938
-0.0010528564453125 0.00911998748779297 0.0263404846191406 -0.000728607177734374
0.0197544097900391 0.00523948669433594 -0.022979736328125 0.0234642028808594
0.0193576812744141 -0.00343704223632813 -0.0399703979492187 0.0642662048339844
0.0104217529296875 -0.00461864471435547 -0.0434494018554687 0.0996170043945313
0.015263557434082 -0.00412368774414063 -0.09423828125 0.133895874023438
0.0124406814575195 0.00450515747070313 -0.181243896484375 0.112564086914062
0.00600433349609375 0.0144767761230469 -0.243209838867188 0.03802490234375
-0.00751399993896484 0.00861644744873047 -0.240997314453125 -0.103363037109375
-0.0201129913330078 0.00284385681152344 -0.140533447265625 -0.261322021484375
-0.0318870544433594 -0.00942993164062499 -0.0318756103515625 -0.26531982421875
-0.0238380432128906 -0.0312614440917969 0.04425048828125 -0.232666015625
0.0519485473632812 0.0538063049316406 -0.166091918945313 0.01458740234375
0.0701065063476563 0.0242118835449219 -0.0521087646484375 0.17303466796875
0.0711135864257813 -0.05255126953125 0.0940093994140625 0.144805908203125
-0.005157470703125 -0.0740203857421875 0.09521484375 0.052642822265625
-0.0470123291015625 -0.037353515625 0.0391578674316406 0.0133171081542969
-0.0436897277832031 0.0113525390625 -0.0122509002685547 0.0222263336181641
-0.0231380462646484 0.0298328399658203 -0.0385589599609375 0.0571441650390625
-0.0235157012939453 0.0219497680664062 -0.0447616577148437 0.0946807861328125
-0.0223388671875 0.0249156951904297 -0.0936660766601563 0.131973266601562
-0.0297145843505859 0.020416259765625 -0.181777954101563 0.118255615234375
-0.0367088317871094 -0.000671386718750001 -0.239608764648437 0.0474700927734375
-0.0292797088623047 -0.0305519104003906 -0.2440185546875 -0.08978271484375
0.0126724243164062 -0.0401382446289063 -0.156326293945313 -0.246932983398437
0.0339527130126953 -0.0165557861328125 -0.04833984375 -0.263412475585938
0.0295600891113281 0.00996017456054688 0.036834716796875 -0.237411499023438
0.100234985351563 0.096160888671875 -0.160690307617188 0.019622802734375
0.136985778808594 0.0259628295898438 -0.073883056640625 0.161865234375
0.118057250976563 -0.0973892211914063 0.06036376953125 0.164535522460938
-0.00966644287109375 -0.132606506347656 0.0935745239257813 0.0954360961914062
-0.0871124267578125 -0.0712356567382812 0.072265625 0.0329055786132812
-0.09625244140625 0.0191116333007813 0.0193595886230469 0.0123233795166016
-0.0598983764648438 0.0556488037109375 -0.0223121643066406 0.0353889465332031
-0.0557823181152344 0.0449447631835938 -0.0381011962890625 0.0743331909179687
-0.0582122802734375 0.0515823364257812 -0.0884780883789063 0.118553161621094
-0.0725860595703125 0.0348358154296875 -0.175064086914063 0.116119384765625
-0.0809326171875 -0.0143814086914062 -0.22906494140625 0.049224853515625
-0.0535736083984375 -0.0707244873046875 -0.23712158203125 -0.082794189453125
0.0455322265625 -0.0856552124023438 -0.157669067382813 -0.231353759765625
0.0974273681640625 -0.023193359375 -0.05133056640625 -0.253082275390625
0.0803070068359375 0.0481414794921875 0.0394439697265625 -0.226486206054688
0.13629150390625 0.120857238769531 -0.148529052734375 0.0401611328125
0.17730712890625 0.0138092041015625 -0.092315673828125 0.165023803710938
0.135261535644531 -0.132087707519531 0.039154052734375 0.199691772460938
-0.0223388671875 -0.164627075195313 0.112472534179688 0.141677856445313
-0.113670349121094 -0.0839080810546875 0.119598388671875 0.04559326171875
-0.126853942871094 0.0261917114257813 0.0619468688964844 -0.00889205932617187
-0.083221435546875 0.0714263916015625 0.00110840797424316 -0.00055766105651855
-0.0809173583984375 0.0606613159179687 -0.0273284912109375 0.0429878234863281
-0.0880126953125 0.072540283203125 -0.0778121948242188 0.0919418334960938
-0.111366271972656 0.0451736450195312 -0.158187866210938 0.0991058349609375
-0.120368957519531 -0.0324783325195313 -0.20489501953125 0.0393829345703125
-0.0715866088867187 -0.111076354980469 -0.214584350585938 -0.08160400390625
0.07855224609375 -0.123298645019531 -0.144134521484375 -0.212814331054687
0.14984130859375 -0.0243988037109375 -0.0417022705078125 -0.2354736328125
0.116851806640625 0.0788803100585938 0.0539398193359375 -0.198989868164063
0.153671264648438 0.127960205078125 -0.130622863769531 0.0741500854492188
0.185638427734375 0.0015106201171875 -0.0960235595703125 0.18743896484375
0.127334594726563 -0.14111328125 0.0439300537109375 0.235336303710938
-0.031280517578125 -0.163681030273438 0.151702880859375 0.1727294921875
-0.118217468261719 -0.0793685913085938 0.169815063476563 0.0431671142578125
-0.133018493652344 0.0304031372070313 0.103775024414063 -0.0397491455078125
-0.0918121337890625 0.0734786987304688 0.0269851684570312 -0.0407791137695313
-0.0945510864257813 0.06683349609375 -0.0132522583007813 0.00443363189697266
-0.108970642089844 0.0817184448242188 -0.059783935546875 0.0549545288085938
-0.140045166015625 0.04437255859375 -0.1297607421875 0.0703201293945313
-0.144134521484375 -0.0532989501953125 -0.165130615234375 0.0235137939453125
-0.073760986328125 -0.144638061523438 -0.17816162109375 -0.07574462890625
0.112548828125 -0.140266418457031 -0.123809814453125 -0.187057495117188
0.181625366210938 -0.01446533203125 -0.0271453857421875 -0.21441650390625
0.13250732421875 0.0994415283203125 0.0749969482421875 -0.161880493164063
0.150924682617188 0.117630004882813 -0.10614013671875 0.115501403808594
0.164627075195313 -0.001922607421875 -0.0792388916015625 0.216812133789063
0.105964660644531 -0.123367309570313 0.071258544921875 0.255844116210938
-0.0279693603515625 -0.137474060058594 0.193313598632813 0.178680419921875
-0.101524353027344 -0.0647125244140625 0.20867919921875 0.0294189453125
-0.117767333984375 0.0276336669921875 0.135055541992188 -0.0697174072265625
-0.0877685546875 0.0649642944335938 0.0491104125976563 -0.0790481567382813
-0.0945205688476563 0.06103515625 0.00324058532714843 -0.0346832275390625
-0.11566162109375 0.0754241943359375 -0.034505844116211 0.0137405395507813
-0.145965576171875 0.0303802490234375 -0.0866928100585938 0.036041259765625
-0.139747619628906 -0.0712203979492188 -0.113021850585938 0.00901031494140623
-0.0526580810546875 -0.154739379882813 -0.136749267578125 -0.0590057373046875
0.133140563964844 -0.123069763183594 -0.110641479492187 -0.15777587890625
0.179351806640625 0.0067138671875 -0.017181396484375 -0.1953125
0.121673583984375 0.105293273925781 0.0983810424804688 -0.117752075195313
0.128082275390625 0.0928268432617188 -0.0799560546875 0.157699584960938
0.124847412109375 0.00023651123046875 -0.0476837158203125 0.243438720703125
0.0812911987304688 -0.09014892578125 0.103836059570313 0.257568359375
-0.0168228149414063 -0.101318359375 0.22515869140625 0.166213989257813
-0.0728607177734375 -0.0472564697265625 0.230987548828125 0.0093841552734375
-0.0907821655273437 0.0188827514648437 0.155044555664063 -0.0964813232421875
-0.0719146728515625 0.0453872680664063 0.06610107421875 -0.110610961914063
-0.082000732421875 0.0456390380859375 0.0194358825683594 -0.0686988830566406
-0.102867126464844 0.055267333984375 -0.00748062133789063 -0.0242767333984375
-0.124588012695312 0.0107498168945313 -0.0398597717285156 0.00562667846679687
-0.106658935546875 -0.073394775390625 -0.06561279296875 0.0062103271484375
-0.022613525390625 -0.129859924316406 -0.107353210449219 -0.036773681640625
0.124397277832031 -0.0805740356445313 -0.1116943359375 -0.138153076171875
0.14117431640625 0.02496337890625 -0.011505126953125 -0.18707275390625
0.090850830078125 0.093536376953125 0.119163513183594 -0.0741806030273438
0.086883544921875 0.0571441650390625 -0.0539093017578125 0.193679809570312
0.0714111328125 0.00803375244140625 -0.014801025390625 0.26031494140625
0.0557365417480469 -0.0500373840332031 0.132125854492188 0.246902465820313
-0.00146865844726562 -0.0615959167480469 0.246475219726562 0.1463623046875
-0.0394248962402344 -0.0309181213378906 0.2410888671875 -0.00811767578125
-0.0560340881347656 0.00672149658203124 0.164581298828125 -0.1158447265625
-0.047698974609375 0.0190544128417969 0.0763397216796875 -0.132720947265625
-0.0569305419921875 0.022308349609375 0.0317535400390625 -0.0933837890625
-0.0719070434570313 0.02642822265625 0.0164756774902344 -0.0510368347167969
-0.0767898559570313 -0.00567626953124999 -0.00176239013671876 -0.0132255554199219
-0.0562477111816406 -0.0518646240234375 -0.0348930358886719 0.00832176208496093
-0.00151062011718749 -0.0756149291992188 -0.0946426391601563 -0.0207748413085938
0.0802001953125 -0.0324478149414063 -0.113922119140625 -0.13714599609375
0.0755386352539063 0.0247650146484375 -0.00289916992187501 -0.1871337890625
0.0461158752441406 0.058197021484375 0.134490966796875 -0.0368423461914062
2.40802764892576E-05 -0.00223994255065918 -0.170379638671875 0.035247802734375
-0.00372695922851563 0.0101766586303711 -0.0252532958984375 0.191818237304687
0.0061492919921875 -0.0117130279541016 0.129722595214844 0.130149841308594
-0.00974941253662109 -0.00148105621337891 0.107688903808594 0.0212631225585938
-0.000811576843261718 0.00982475280761719 0.0269584655761719 -0.00253868103027344
0.0206661224365234 0.003814697265625 -0.0210208892822266 0.0262241363525391
0.0189094543457031 -0.00663375854492188 -0.03741455078125 0.0683441162109375
0.0107717514038086 -0.00591564178466797 -0.0385208129882813 0.102973937988281
0.014552116394043 -0.00406360626220703 -0.0858917236328125 0.14111328125
0.0131044387817383 0.004302978515625 -0.176651000976563 0.125411987304687
0.00704669952392578 0.0147418975830078 -0.2454833984375 0.0526123046875
-0.00858497619628906 0.0102472305297852 -0.252487182617188 -0.09088134765625
-0.0215835571289063 0.004119873046875 -0.160552978515625 -0.259429931640625
-0.0329551696777344 -0.0077362060546875 -0.048858642578125 -0.271377563476563
-0.0256862640380859 -0.0316543579101563 0.0325164794921875 -0.240524291992188
0.0578155517578125 0.0517921447753906 -0.170089721679688 0.0234527587890625
0.0753402709960938 0.0191192626953125 -0.0435028076171875 0.179656982421875
0.0692672729492188 -0.0584869384765625 0.103927612304688 0.142715454101563
-0.0107574462890625 -0.0754013061523438 0.10003662109375 0.0488357543945313
-0.0509567260742188 -0.0352630615234375 0.0415687561035156 0.0113525390625
-0.0462684631347656 0.0131874084472656 -0.0114173889160156 0.0241470336914063
-0.0222072601318359 0.0303955078125 -0.0358619689941406 0.0618095397949219
-0.0224132537841797 0.0237693786621094 -0.0376663208007812 0.0988311767578125
-0.0217628479003906 0.0279369354248047 -0.0872421264648438 0.138427734375
-0.0281639099121094 0.0223407745361328 -0.176055908203125 0.131378173828125
-0.0369224548339844 0.00196456909179688 -0.24053955078125 0.0637054443359375
-0.0328121185302734 -0.0277595520019531 -0.25531005859375 -0.0777435302734375
0.00939178466796875 -0.0423088073730469 -0.174835205078125 -0.243972778320313
0.0330238342285156 -0.0188770294189453 -0.0649566650390625 -0.265579223632813
0.0305709838867188 0.0079803466796875 0.0231781005859375 -0.246978759765625
0.108734130859375 0.0913314819335937 -0.164718627929688 0.0288848876953125
0.142333984375 0.0182647705078125 -0.0649566650390625 0.169235229492187
0.115257263183594 -0.106788635253906 0.070098876953125 0.165878295898437
-0.0181732177734375 -0.13604736328125 0.10186767578125 0.0922164916992187
-0.0943450927734375 -0.0679092407226562 0.076629638671875 0.0283966064453125
-0.098907470703125 0.0242156982421875 0.0198516845703125 0.0120697021484375
-0.0579071044921875 0.0591163635253906 -0.0210609436035156 0.0378189086914063
-0.0546989440917969 0.0500946044921875 -0.0351638793945312 0.0771942138671875
-0.0561904907226562 0.0583152770996094 -0.082763671875 0.125007629394531
-0.0720596313476563 0.0395126342773438 -0.169723510742187 0.129806518554688
-0.0828857421875 -0.0101165771484375 -0.2301025390625 0.0644683837890625
-0.0602684020996094 -0.0687370300292969 -0.248641967773438 -0.07122802734375
0.0402297973632813 -0.0907745361328125 -0.17529296875 -0.227142333984375
0.0985488891601563 -0.0291824340820313 -0.06793212890625 -0.255340576171875
0.084869384765625 0.0448532104492188 0.0269317626953125 -0.2347412109375
0.14727783203125 0.11468505859375 -0.150299072265625 0.049102783203125
0.182571411132813 0.0034332275390625 -0.0846405029296875 0.1744384765625
0.131179809570313 -0.142745971679688 0.0502777099609375 0.201828002929687
-0.0335540771484375 -0.16705322265625 0.124305725097656 0.138198852539062
-0.122154235839844 -0.0795745849609375 0.128288269042969 0.0389175415039063
-0.129180908203125 0.0330963134765625 0.0625190734863281 -0.0124740600585937
-0.0808029174804688 0.075958251953125 0.00140035152435302 0.000613331794738774
-0.07904052734375 0.0672454833984375 -0.0253982543945313 0.0442085266113281
-0.0863800048828125 0.08074951171875 -0.0744781494140625 0.0986557006835938
-0.110588073730469 0.053436279296875 -0.15350341796875 0.11236572265625
-0.125312805175781 -0.0254135131835938 -0.206283569335938 0.052947998046875
-0.0815277099609375 -0.108779907226563 -0.225936889648438 -0.0704193115234375
0.0722732543945313 -0.132316589355469 -0.160385131835938 -0.20928955078125
0.15167236328125 -0.0335235595703125 -0.0573577880859375 -0.239395141601563
0.123802185058594 0.0753326416015625 0.0428314208984375 -0.208786010742188
0.16455078125 0.121749877929688 -0.130607604980469 0.0831832885742188
0.189544677734375 -0.0086669921875 -0.0876617431640625 0.19677734375
0.12158203125 -0.151809692382812 0.05950927734375 0.238662719726563
-0.0426788330078125 -0.163970947265625 0.16607666015625 0.168624877929687
-0.126152038574219 -0.07354736328125 0.177352905273438 0.034515380859375
-0.135757446289062 0.0381927490234375 0.103256225585937 -0.0465469360351563
-0.0906524658203125 0.0789794921875 0.0239639282226562 -0.0423393249511719
-0.0927047729492187 0.0742874145507813 -0.0133628845214844 0.00586223602294922
-0.107131958007812 0.0919876098632813 -0.0577163696289063 0.0599555969238281
-0.139816284179688 0.0540847778320312 -0.125106811523438 0.0800857543945313
-0.150894165039062 -0.0439910888671875 -0.166152954101563 0.0333251953125
-0.084716796875 -0.14385986328125 -0.187545776367188 -0.0661468505859375
0.106399536132813 -0.150543212890625 -0.1370849609375 -0.184280395507813
0.185028076171875 -0.0250396728515625 -0.0422210693359375 -0.216888427734375
0.140823364257813 0.0966796875 0.0665130615234375 -0.169830322265625
0.160858154296875 0.110305786132813 -0.10467529296875 0.125167846679688
0.168289184570313 -0.0118408203125 -0.0685577392578125 0.22686767578125
0.102874755859375 -0.131637573242188 0.0861968994140625 0.258758544921875
-0.03765869140625 -0.138076782226563 0.2086181640625 0.171493530273438
-0.10748291015625 -0.0601654052734375 0.216461181640625 0.0182037353515625
-0.120330810546875 0.0345001220703125 0.132255554199219 -0.08050537109375
-0.0873565673828125 0.0689315795898438 0.0440292358398437 -0.0827178955078125
-0.0931320190429687 0.0681686401367188 0.000608444213867184 -0.0346145629882812
-0.113540649414062 0.0863037109375 -0.03466796875 0.0167427062988281
-0.147979736328125 0.03973388671875 -0.0847244262695313 0.0430984497070313
-0.147247314453125 -0.0643463134765625 -0.114509582519531 0.0154571533203125
-0.064117431640625 -0.154953002929688 -0.143890380859375 -0.0534820556640625
0.128746032714844 -0.135322570800781 -0.122879028320313 -0.154190063476562
0.1842041015625 -0.0031280517578125 -0.0309295654296875 -0.196914672851563
0.130897521972656 0.103713989257813 0.0937118530273438 -0.125984191894531
0.136787414550781 0.0862655639648438 -0.0736846923828125 0.167236328125
0.127143859863281 -0.00525665283203125 -0.034881591796875 0.252426147460938
0.0782852172851563 -0.096435546875 0.122085571289063 0.2578125
-0.02435302734375 -0.101539611816406 0.240325927734375 0.156692504882813
-0.0764389038085938 -0.0452423095703125 0.237030029296875 -0.0041351318359375
-0.092193603515625 0.0231857299804687 0.150894165039063 -0.107925415039063
-0.0717697143554688 0.0490188598632813 0.0592727661132812 -0.115501403808594
-0.0805282592773437 0.0518798828125 0.0144004821777344 -0.0695953369140625
-0.102119445800781 0.0635986328125 -0.00783729553222657 -0.0241413116455078
-0.127212524414063 0.0190200805664063 -0.0386199951171875 0.00900650024414062
-0.113471984863281 -0.0686721801757812 -0.0659675598144531 0.00962066650390626
-0.0313568115234375 -0.132759094238281 -0.11309814453125 -0.0315704345703125
0.12359619140625 -0.0909423828125 -0.12237548828125 -0.134414672851563
0.146377563476563 0.0176544189453125 -0.0242919921875 -0.1903076171875
0.0983657836914063 0.0928573608398438 0.117874145507812 -0.0825347900390625
0.0935745239257813 0.0522003173828125 -0.045654296875 0.202560424804688
0.0737762451171875 0.00600433349609375 0.000183105468750025 0.268325805664062
0.0555152893066406 -0.0536537170410156 0.14984130859375 0.24481201171875
-0.006072998046875 -0.0637397766113281 0.260086059570313 0.135879516601563
-0.0422630310058594 -0.0294265747070312 0.24560546875 -0.0220489501953125
-0.0569915771484375 0.00841140747070312 0.159149169921875 -0.12664794921875
-0.0485801696777344 0.0225296020507812 0.0688705444335938 -0.139434814453125
-0.0569648742675781 0.02655029296875 0.0254135131835937 -0.0963897705078125
-0.07305908203125 0.031707763671875 0.0125656127929687 -0.0528526306152344
-0.0797882080078125 -0.00135803222656251 -0.00200462341308594 -0.0136079788208008
-0.0609054565429688 -0.0497398376464844 -0.0333881378173828 0.00923919677734374
-0.00555419921875 -0.0774002075195313 -0.0980148315429688 -0.0155792236328125
0.0808258056640625 -0.0391998291015625 -0.125907897949219 -0.132255554199219
0.0783004760742188 0.0229644775390625 -0.01519775390625 -0.189910888671875
0.0498695373535156 0.0590057373046875 0.136360168457031 -0.04498291015625
0.00110220909118652 -0.0034325122833252 -0.170303344726563 0.0432586669921875
-0.00131511688232422 0.0101213455200195 -0.0138702392578125 0.195388793945313
0.00455188751220703 -0.0132732391357422 0.134735107421875 0.121429443359375
-0.0105447769165039 -0.000517845153808593 0.108177185058594 0.0165176391601563
0.000890731811523437 0.00953388214111328 0.0292263031005859 -0.00248336791992187
0.0193271636962891 -0.00079345703125 -0.0188255310058594 0.0296554565429688
0.0173330307006836 -0.00617313385009766 -0.0335769653320313 0.0705337524414063
0.0127506256103516 -0.00482940673828125 -0.0305099487304687 0.105140686035156
0.0159378051757813 -0.00499629974365234 -0.0794830322265625 0.144271850585938
0.0142602920532227 0.00177669525146484 -0.168060302734375 0.132736206054688
0.00801658630371094 0.0161008834838867 -0.241790771484375 0.0670013427734375
-0.00833892822265625 0.0114498138427734 -0.257537841796875 -0.0782012939453124
-0.0222492218017578 0.00557327270507813 -0.17279052734375 -0.250503540039063
-0.0322952270507813 -0.00519371032714844 -0.06170654296875 -0.268234252929688
-0.0293045043945313 -0.0301151275634766 0.02032470703125 -0.24298095703125
0.0619583129882813 0.0459632873535156 -0.167800903320313 0.031097412109375
0.0750350952148438 0.0172348022460938 -0.0336761474609375 0.180419921875
0.0677375793457031 -0.064239501953125 0.111434936523437 0.135986328125
-0.0149993896484375 -0.0749359130859375 0.104042053222656 0.0437240600585937
-0.054656982421875 -0.0314674377441406 0.0414848327636719 0.010284423828125
-0.0448570251464844 0.0162086486816406 -0.00960350036621094 0.0249824523925781
-0.0215358734130859 0.0301723480224609 -0.0315933227539063 0.063446044921875
-0.0222358703613281 0.0252609252929688 -0.0340042114257812 0.0979766845703125
-0.0181427001953125 0.0302009582519531 -0.077484130859375 0.142623901367188
-0.027587890625 0.0249423980712891 -0.1683349609375 0.14068603515625
-0.0370330810546875 0.00573348999023438 -0.23480224609375 0.074462890625
-0.0342884063720703 -0.0267791748046875 -0.257110595703125 -0.062835693359375
0.00665664672851562 -0.0419082641601563 -0.188201904296875 -0.235321044921875
0.0320701599121094 -0.0199394226074219 -0.0793304443359375 -0.262863159179687
0.0321292877197266 0.00621223449707031 0.012939453125 -0.24774169921875
0.112892150878906 0.0838088989257813 -0.16522216796875 0.0377655029296875
0.14398193359375 0.0111846923828125 -0.057373046875 0.173141479492188
0.110183715820313 -0.11553955078125 0.078765869140625 0.162918090820313
-0.0276947021484375 -0.135307312011719 0.106544494628906 0.0881423950195312
-0.0995635986328125 -0.0626983642578125 0.0792160034179688 0.0263824462890625
-0.09930419921875 0.0293502807617187 0.0209102630615234 0.0109329223632813
-0.0569648742675781 0.0614471435546875 -0.0196762084960938 0.040771484375
-0.0511589050292969 0.0531425476074219 -0.0304794311523438 0.0793304443359375
-0.0531883239746094 0.0628929138183594 -0.0752639770507812 0.129547119140625
-0.0709762573242188 0.0436325073242187 -0.1580810546875 0.138534545898437
-0.0823287963867188 -0.00422668457031251 -0.225418090820313 0.0777130126953125
-0.06304931640625 -0.0638504028320313 -0.251693725585938 -0.0576171875
0.0358657836914063 -0.0929489135742187 -0.186599731445313 -0.217483520507813
0.0948486328125 -0.0356674194335938 -0.0818939208984375 -0.253524780273438
0.0872039794921875 0.040283203125 0.0174407958984375 -0.236648559570313
0.153091430664063 0.1041259765625 -0.14984130859375 0.058074951171875
0.184097290039063 -0.0054168701171875 -0.0758514404296875 0.179351806640625
0.12469482421875 -0.151046752929688 0.060943603515625 0.199798583984375
-0.0441741943359375 -0.1630859375 0.133163452148438 0.132888793945313
-0.128684997558594 -0.0731048583984375 0.128921508789063 0.0339202880859375
-0.128082275390625 0.0416259765625 0.061553955078125 -0.0168533325195312
-0.0778121948242188 0.0796356201171875 0.00116467475891113 0.00211751461029053
-0.0760421752929688 0.071929931640625 -0.0227012634277344 0.0462989807128906
-0.081390380859375 0.0869369506835938 -0.0693511962890625 0.103515625
-0.106338500976563 0.0584945678710938 -0.14410400390625 0.119659423828125
-0.126022338867188 -0.0180587768554687 -0.20361328125 0.0659637451171875
-0.0865859985351562 -0.105209350585937 -0.230682373046875 -0.0587615966796875
0.0659332275390625 -0.137741088867188 -0.170150756835938 -0.201065063476562
0.151138305664063 -0.0425262451171875 -0.0699005126953125 -0.236312866210937
0.128059387207031 0.0717926025390625 0.031707763671875 -0.210189819335937
0.170166015625 0.111358642578125 -0.127494812011719 0.0917892456054687
0.191421508789063 -0.01904296875 -0.0772247314453125 0.200942993164063
0.11383056640625 -0.157623291015625 0.0691680908203125 0.236160278320313
-0.0522613525390625 -0.161346435546875 0.173553466796875 0.16009521484375
-0.131111145019531 -0.0670242309570313 0.181106567382812 0.024261474609375
-0.132713317871094 0.04400634765625 0.0988540649414062 -0.0506057739257813
-0.0869216918945312 0.0825729370117188 0.0227317810058594 -0.0438690185546875
-0.0893936157226563 0.0791091918945313 -0.0132389068603516 0.00774669647216798
-0.103416442871094 0.0979156494140625 -0.0551490783691406 0.0640144348144531
-0.137252807617188 0.0613937377929687 -0.119155883789063 0.0877532958984375
-0.154434204101563 -0.03668212890625 -0.162918090820313 0.0410308837890625
-0.0924072265625 -0.139610290527344 -0.190521240234375 -0.0573577880859375
0.0983428955078125 -0.159774780273438 -0.146530151367188 -0.17401123046875
0.184463500976562 -0.0338592529296875 -0.05413818359375 -0.215087890625
0.146514892578125 0.09228515625 0.0590362548828125 -0.172882080078125
0.166732788085938 0.101104736328125 -0.0992889404296875 0.132614135742188
0.166854858398438 -0.02008056640625 -0.0577392578125 0.2301025390625
0.09381103515625 -0.138252258300781 0.09881591796875 0.256393432617188
-0.0439376831054687 -0.13592529296875 0.21868896484375 0.162277221679688
-0.111526489257813 -0.0540542602539062 0.216583251953125 0.005584716796875
-0.116859436035156 0.03887939453125 0.1273193359375 -0.0854644775390625
-0.0858612060546875 0.0725021362304688 0.0372543334960937 -0.0828857421875
-0.0913314819335938 0.07208251953125 -0.00236320495605469 -0.0339794158935547
-0.109596252441406 0.0912399291992188 -0.0346469879150391 0.0187110900878906
-0.14752197265625 0.0490570068359375 -0.0803146362304688 0.0459136962890625
-0.150802612304687 -0.0550384521484375 -0.113822937011719 0.0201568603515625
-0.07073974609375 -0.153701782226563 -0.149917602539062 -0.045501708984375
0.123382568359375 -0.143630981445313 -0.12969970703125 -0.144622802734375
0.1837158203125 -0.0112457275390625 -0.0430755615234375 -0.194259643554687
0.136329650878906 0.0983352661132812 0.0880889892578125 -0.130256652832031
0.140701293945312 0.0751495361328125 -0.065460205078125 0.172225952148437
0.126724243164063 -0.0134963989257813 -0.020721435546875 0.256393432617188
0.07525634765625 -0.0988006591796875 0.133941650390625 0.251419067382813
-0.0277023315429687 -0.100532531738281 0.250411987304688 0.1422119140625
-0.0803070068359375 -0.0404434204101563 0.237579345703125 -0.016815185546875
-0.0928802490234375 0.0273208618164063 0.142807006835938 -0.11480712890625
-0.0699806213378906 0.0524215698242187 0.05316162109375 -0.119415283203125
-0.0787200927734375 0.058502197265625 0.00999450683593749 -0.071197509765625
-0.09893798828125 0.0697555541992188 -0.0114059448242188 -0.0204505920410156
-0.127914428710938 0.0274124145507813 -0.0383033752441406 0.0133514404296875
-0.119781494140625 -0.0633010864257813 -0.0643157958984375 0.011260986328125
-0.0374984741210937 -0.132759094238281 -0.111946105957031 -0.0239334106445312
0.12042236328125 -0.0975875854492188 -0.130149841308594 -0.124305725097656
0.148651123046875 0.01129150390625 -0.0342864990234375 -0.186264038085938
0.104545593261719 0.0904541015625 0.114036560058594 -0.0874099731445313
0.0943222045898438 0.0443649291992188 -0.0370635986328125 0.2056884765625
0.0751113891601563 0.00095367431640625 0.01324462890625 0.268722534179688
0.0497817993164063 -0.0560455322265625 0.16156005859375 0.2379150390625
-0.0112190246582031 -0.0616493225097656 0.267730712890625 0.119964599609375
-0.0416908264160156 -0.0248870849609375 0.245101928710938 -0.0355682373046875
-0.0583915710449219 0.00978469848632814 0.151779174804687 -0.13507080078125
-0.0504684448242187 0.0230941772460938 0.0584869384765625 -0.141128540039063
-0.057281494140625 0.0287094116210938 0.020233154296875 -0.0934066772460938
-0.0718002319335938 0.0365982055664063 0.0100822448730469 -0.0513114929199219
-0.0806808471679688 0.00272369384765624 -0.00295352935791016 -0.0134944915771484
-0.0622291564941406 -0.0474777221679687 -0.0323543548583984 0.0127353668212891
-0.00997924804687499 -0.0789566040039062 -0.09698486328125 -0.00872039794921876
0.0773696899414063 -0.0434951782226563 -0.133064270019531 -0.122726440429687
0.0811691284179688 0.0183258056640625 -0.026123046875 -0.1865234375
0.05438232421875 0.0584068298339844 0.133781433105469 -0.0514602661132812
0.00067138671875 -0.00639009475708008 -0.168289184570313 0.050201416015625
-0.00257635116577148 0.00700044631958008 -0.00918579101562502 0.193252563476563
0.00385189056396485 -0.0137939453125 0.138938903808594 0.117530822753906
-0.0109796524047852 0.00196647644042969 0.108039855957031 0.0122756958007813
-0.000704765319824218 0.0100975036621094 0.0277729034423828 -0.00543212890625
0.0197067260742188 -0.000310897827148438 -0.0161285400390625 0.0304622650146484
0.0174236297607422 -0.00821495056152344 -0.0283050537109375 0.072357177734375
0.0100736618041992 -0.00568294525146484 -0.027069091796875 0.102935791015625
0.0149526596069336 -0.004730224609375 -0.071868896484375 0.145095825195313
0.0128078460693359 0.00228500366210938 -0.161300659179688 0.137252807617187
0.00886249542236328 0.0144882202148438 -0.23602294921875 0.0739898681640625
-0.00845050811767578 0.0114965438842773 -0.258346557617187 -0.0690307617187501
-0.0218048095703125 0.00583839416503906 -0.181243896484375 -0.244094848632813
-0.0327472686767578 -0.00530433654785157 -0.071685791015625 -0.265899658203125
-0.0286159515380859 -0.0326881408691406 0.012664794921875 -0.243392944335938
0.0611228942871094 0.0431251525878906 -0.169296264648438 0.0391082763671875
0.0772323608398438 0.0121994018554688 -0.0279693603515625 0.182296752929688
0.0655746459960938 -0.0665321350097656 0.115425109863281 0.131820678710938
-0.0174484252929688 -0.0727310180664063 0.102569580078125 0.0398330688476562
-0.0549507141113281 -0.0303611755371094 0.0427398681640625 0.00748825073242187
-0.0452346801757812 0.0164070129394531 -0.00758552551269532 0.0277061462402344
-0.0235233306884766 0.0324420928955078 -0.0284271240234375 0.0654144287109375
-0.0209140777587891 0.0257949829101563 -0.0291519165039063 0.099365234375
-0.0183200836181641 0.0292282104492188 -0.0717926025390625 0.142105102539063
-0.0285530090332031 0.0232048034667969 -0.158905029296875 0.144821166992187
-0.0364341735839844 0.00618362426757813 -0.231857299804688 0.0831298828125
-0.0361709594726563 -0.0247459411621094 -0.259506225585938 -0.0546875
0.0045166015625 -0.0427169799804688 -0.194244384765625 -0.22637939453125
0.0318374633789063 -0.0209770202636719 -0.0911865234375 -0.261276245117188
0.0320892333984375 0.00496101379394531 0.00558471679687502 -0.248153686523437
0.115577697753906 0.0801849365234375 -0.163421630859375 0.0419158935546875
0.144180297851563 0.00531005859375 -0.0507049560546875 0.172775268554688
0.107620239257813 -0.119773864746094 0.083221435546875 0.160430908203125
-0.0308380126953125 -0.132087707519531 0.108383178710937 0.084930419921875
-0.101455688476563 -0.0596847534179687 0.0804519653320312 0.021514892578125
-0.0976181030273437 0.0331268310546875 0.0215682983398437 0.011505126953125
-0.0554161071777344 0.0636863708496094 -0.0168495178222656 0.0406417846679688
-0.0501174926757812 0.0545158386230469 -0.0267410278320313 0.0780868530273438
-0.0514411926269531 0.0639114379882812 -0.070281982421875 0.12933349609375
-0.0665969848632813 0.0463752746582031 -0.152816772460937 0.142730712890625
-0.082977294921875 -0.000923156738281248 -0.22076416015625 0.08392333984375
-0.0668373107910156 -0.0606498718261719 -0.253585815429688 -0.0485382080078125
0.0304641723632813 -0.0937652587890625 -0.192352294921875 -0.210281372070313
0.0945968627929688 -0.0378799438476563 -0.09063720703125 -0.248916625976563
0.088623046875 0.0388412475585938 0.0077362060546875 -0.237594604492188
0.1541748046875 0.100387573242188 -0.148712158203125 0.061920166015625
0.181655883789062 -0.01116943359375 -0.069732666015625 0.178939819335938
0.118392944335937 -0.155853271484375 0.0667724609375 0.199127197265625
-0.0482177734375 -0.161178588867188 0.136520385742188 0.128898620605469
-0.128761291503906 -0.06842041015625 0.131263732910156 0.0281143188476562
-0.12750244140625 0.0455551147460938 0.0594749450683594 -0.0178947448730469
-0.0767440795898438 0.082000732421875 0.000106990337371822 0.000579059123992925
-0.0730209350585937 0.0739517211914063 -0.0214767456054688 0.0461082458496094
-0.0781326293945312 0.0893402099609375 -0.06365966796875 0.103225708007813
-0.105278015136719 0.0623931884765625 -0.138069152832031 0.125411987304688
-0.125694274902344 -0.012542724609375 -0.197723388671875 0.068756103515625
-0.0918655395507812 -0.100631713867188 -0.232742309570313 -0.0496673583984375
0.059661865234375 -0.137229919433594 -0.176284790039063 -0.193954467773437
0.147689819335938 -0.0462646484375 -0.0782470703125 -0.23223876953125
0.130035400390625 0.0672607421875 0.025299072265625 -0.210922241210938
0.171371459960938 0.1046142578125 -0.1258544921875 0.094146728515625
0.188583374023437 -0.023193359375 -0.0714874267578125 0.2047119140625
0.109405517578125 -0.16192626953125 0.0775604248046875 0.235183715820313
-0.0585784912109375 -0.15771484375 0.178604125976563 0.154296875
-0.132110595703125 -0.062713623046875 0.180877685546875 0.0180816650390625
-0.132095336914063 0.0486526489257813 0.0973587036132812 -0.052947998046875
-0.0864639282226563 0.0852508544921875 0.0186691284179687 -0.0435371398925781
-0.0867080688476563 0.0831222534179687 -0.0134258270263672 0.00851726531982422
-0.0974655151367187 0.103233337402344 -0.0514068603515625 0.0651283264160156
-0.134346008300781 0.0670547485351562 -0.111610412597656 0.0908279418945313
-0.154525756835938 -0.0298004150390625 -0.160751342773438 0.04571533203125
-0.0982894897460938 -0.134819030761719 -0.193008422851563 -0.050537109375
0.0935211181640625 -0.161849975585938 -0.152679443359375 -0.170074462890625
0.182464599609375 -0.0396270751953125 -0.060943603515625 -0.211227416992188
0.148956298828125 0.0885772705078125 0.052886962890625 -0.173248291015625
0.166412353515625 0.09344482421875 -0.095367431640625 0.134666442871094
0.166091918945312 -0.02545166015625 -0.048309326171875 0.231796264648437
0.0913009643554688 -0.138252258300781 0.10760498046875 0.252288818359375
-0.04937744140625 -0.131744384765625 0.2220458984375 0.152542114257813
-0.111648559570313 -0.0502548217773438 0.216140747070313 -0.0019683837890625
-0.116950988769531 0.044097900390625 0.124336242675781 -0.0881118774414063
-0.0848617553710938 0.0743942260742188 0.0345611572265625 -0.0826263427734375
-0.0868377685546875 0.0764617919921875 -0.00318145751953126 -0.0308551788330078
-0.103599548339844 0.0971450805664063 -0.0329608917236328 0.0191249847412109
-0.144256591796875 0.0552825927734375 -0.0759429931640625 0.0499343872070312
-0.153472900390625 -0.0499420166015625 -0.111518859863281 0.0249557495117188
-0.07916259765625 -0.149642944335938 -0.150070190429687 -0.040802001953125
0.116943359375 -0.146743774414063 -0.134979248046875 -0.14208984375
0.183425903320313 -0.0157928466796875 -0.04791259765625 -0.19244384765625
0.14111328125 0.09588623046875 0.083282470703125 -0.133674621582031
0.139205932617188 0.0701141357421875 -0.0618896484375 0.173355102539063
0.126922607421875 -0.0139999389648438 -0.0141448974609375 0.255859375
0.0710067749023438 -0.1005859375 0.140869140625 0.248977661132813
-0.0329818725585938 -0.0972671508789063 0.254409790039063 0.136398315429688
-0.0813140869140625 -0.0385360717773438 0.235565185546875 -0.025177001953125
-0.0896759033203125 0.0311965942382812 0.137420654296875 -0.117660522460938
-0.0707168579101563 0.0537567138671875 0.0473709106445312 -0.117782592773437
-0.0769805908203125 0.0604019165039062 0.0069122314453125 -0.0669746398925781
-0.097412109375 0.0738449096679688 -0.010772705078125 -0.0227775573730469
-0.126876831054688 0.0314102172851562 -0.0363426208496094 0.0137786865234375
-0.120613098144531 -0.0582733154296875 -0.0623855590820313 0.0136184692382812
-0.0431747436523438 -0.129730224609375 -0.1141357421875 -0.0210494995117188
0.1143798828125 -0.1025390625 -0.133430480957031 -0.11920166015625
0.148223876953125 0.0067138671875 -0.040618896484375 -0.183700561523438
0.108306884765625 0.089019775390625 0.111053466796875 -0.0915069580078125
0.0950546264648438 0.0401077270507813 -0.0308990478515625 0.207717895507813
0.074951171875 0.000640869140625 0.0234527587890625 0.267486572265625
0.0498123168945313 -0.0573043823242188 0.168777465820313 0.234222412109375
-0.0127983093261719 -0.061309814453125 0.270034790039063 0.11279296875
-0.0449028015136719 -0.0258102416992187 0.240982055664063 -0.0430908203125
-0.0582046508789062 0.013702392578125 0.14520263671875 -0.136428833007813
-0.0483169555664062 0.0248603820800781 0.0554046630859375 -0.14154052734375
-0.0548629760742187 0.0323448181152344 0.01708984375 -0.0938491821289062
-0.07037353515625 0.0394363403320313 0.00917816162109375 -0.053375244140625
-0.0824356079101563 0.00638580322265627 -0.000847816467285161 -0.0132513046264648
-0.0642547607421875 -0.0444107055664062 -0.0309581756591797 0.0110187530517578
-0.0136489868164062 -0.07598876953125 -0.0974578857421875 -0.00700378417968752
0.07720947265625 -0.0449066162109375 -0.137176513671875 -0.116912841796875
0.0810317993164062 0.0172119140625 -0.0327301025390625 -0.183547973632813
0.0572128295898438 0.0586433410644531 0.132545471191406 -0.0550537109375
-0.00125312805175781 -0.00856590270996094 -0.169204711914063 0.053253173828125
-0.00172662734985352 0.0071558952331543 -0.00392150878906248 0.196395874023438
0.00342464447021485 -0.0161247253417969 0.143798828125 0.116485595703125
-0.0102005004882813 0.00217342376708985 0.108428955078125 0.0108642578125
0.000700950622558595 0.0114603042602539 0.0287017822265625 -0.00431251525878906
0.0183753967285156 0.000112533569335937 -0.0150794982910156 0.0308341979980469
0.0154314041137695 -0.00853157043457031 -0.0264816284179688 0.0736770629882813
0.0101203918457031 -0.0052947998046875 -0.0258636474609375 0.102821350097656
0.0151300430297852 -0.00487232208251953 -0.067901611328125 0.145431518554688
0.0130453109741211 0.00269985198974609 -0.158035278320313 0.141189575195312
0.0100326538085938 0.0144319534301758 -0.236175537109375 0.07904052734375
-0.00861835479736328 0.0131244659423828 -0.261215209960938 -0.0642547607421875
-0.0221424102783203 0.00621986389160157 -0.186767578125 -0.244277954101563
-0.0326614379882813 -0.00458335876464845 -0.07763671875 -0.268264770507813
-0.0287094116210937 -0.0322780609130859 0.010009765625 -0.24664306640625
0.0608863830566406 0.0402755737304687 -0.169677734375 0.04132080078125
0.078216552734375 0.0105438232421875 -0.0244598388671875 0.183914184570312
0.0642318725585938 -0.0711288452148437 0.11822509765625 0.132347106933594
-0.01898193359375 -0.0726547241210938 0.104232788085938 0.0391464233398437
-0.0561866760253906 -0.0288887023925781 0.044189453125 0.0068359375
-0.0463829040527344 0.0182113647460938 -0.00573348999023438 0.0271472930908203
-0.0227241516113281 0.0321331024169922 -0.0265312194824219 0.0672378540039063
-0.0209178924560547 0.0273017883300781 -0.02764892578125 0.0986862182617188
-0.0178337097167969 0.0313835144042969 -0.06951904296875 0.14404296875
-0.0271282196044922 0.0254497528076172 -0.15533447265625 0.14886474609375
-0.0359115600585938 0.00750732421875001 -0.231399536132812 0.0879669189453125
-0.0376853942871094 -0.021575927734375 -0.263351440429688 -0.050811767578125
0.00337982177734375 -0.0430068969726563 -0.199295043945313 -0.225006103515625
0.03143310546875 -0.0222606658935547 -0.0947113037109375 -0.262802124023438
0.0320453643798828 0.00392913818359375 0.00169372558593752 -0.2509765625
0.116104125976563 0.0781097412109375 -0.163314819335938 0.0449371337890625
0.145004272460938 0.0027008056640625 -0.0489044189453125 0.175338745117188
0.106491088867188 -0.123664855957031 0.087158203125 0.160903930664063
-0.0341796875 -0.13323974609375 0.110130310058594 0.0843887329101562
-0.10369873046875 -0.0567169189453125 0.0821533203125 0.0211715698242187
-0.0985336303710937 0.03564453125 0.0223770141601562 0.0112819671630859
-0.056304931640625 0.0648231506347656 -0.0151176452636719 0.0416374206542969
-0.0495223999023438 0.0562858581542969 -0.0258636474609375 0.0784149169921875
-0.0492019653320313 0.0660591125488281 -0.0679550170898438 0.130943298339844
-0.0663871765136719 0.0487823486328125 -0.149200439453125 0.14581298828125
-0.0839996337890625 0.001434326171875 -0.220550537109375 0.0878448486328125
-0.0689926147460937 -0.0588264465332031 -0.257003784179688 -0.0438690185546875
0.029144287109375 -0.0955429077148438 -0.198776245117187 -0.209304809570313
0.0944900512695313 -0.0391693115234375 -0.096710205078125 -0.250732421875
0.0894393920898438 0.0376663208007813 0.00553894042968751 -0.240234375
0.154556274414063 0.0980224609375 -0.148178100585937 0.064666748046875
0.183135986328125 -0.01495361328125 -0.066741943359375 0.182708740234375
0.117843627929688 -0.160491943359375 0.0712127685546875 0.201034545898438
-0.0525360107421875 -0.162948608398437 0.138916015625 0.12860107421875
-0.132026672363281 -0.0648727416992188 0.133125305175781 0.0247879028320312
-0.127372741699219 0.0472335815429688 0.0605316162109375 -0.0180511474609375
-0.0777053833007813 0.0837860107421875 0.00106513500213623 0.00167715549468995
-0.0719375610351563 0.07708740234375 -0.021209716796875 0.0464401245117188
-0.0766677856445313 0.092529296875 -0.0622787475585938 0.10430908203125
-0.103988647460938 0.0654525756835938 -0.1351318359375 0.127433776855469
-0.128021240234375 -0.00904083251953127 -0.198974609375 0.074188232421875
-0.0942459106445312 -0.0980987548828125 -0.23486328125 -0.0459442138671875
0.0572052001953125 -0.141021728515625 -0.181167602539063 -0.1925048828125
0.14849853515625 -0.048004150390625 -0.0832061767578125 -0.232803344726563
0.131927490234375 0.0662994384765625 0.023895263671875 -0.214889526367188
0.173110961914063 0.102554321289063 -0.126007080078125 0.097930908203125
0.1883544921875 -0.0273284912109375 -0.06854248046875 0.207199096679688
0.108169555664063 -0.166839599609375 0.0821685791015625 0.238052368164063
-0.061859130859375 -0.15875244140625 0.185089111328125 0.152618408203125
-0.134407043457031 -0.0594406127929687 0.183380126953125 0.0144805908203125
-0.132041931152344 0.052825927734375 0.0964202880859375 -0.0546035766601563
-0.0869598388671875 0.0888748168945313 0.0181846618652344 -0.0421371459960937
-0.085906982421875 0.085357666015625 -0.0133285522460938 0.00899314880371094
-0.0963287353515625 0.105506896972656 -0.0505104064941406 0.0659141540527344
-0.133537292480469 0.0705032348632813 -0.109977722167969 0.0941314697265625
-0.157379150390625 -0.027862548828125 -0.16143798828125 0.0493011474609375
-0.102699279785156 -0.133338928222656 -0.196533203125 -0.047149658203125
0.0907135009765625 -0.164535522460938 -0.15643310546875 -0.168243408203125
0.183914184570312 -0.0416717529296875 -0.0658111572265625 -0.2120361328125
0.151458740234375 0.087890625 0.051116943359375 -0.178070068359375
0.166641235351563 0.0917816162109375 -0.0949325561523437 0.138916015625
0.165985107421875 -0.027099609375 -0.046478271484375 0.236724853515625
0.0904998779296875 -0.142684936523437 0.112106323242188 0.2545166015625
-0.0530242919921875 -0.131729125976563 0.228286743164063 0.151077270507813
-0.113143920898438 -0.047210693359375 0.218109130859375 -0.006591796875
-0.116874694824219 0.0468292236328125 0.121894836425781 -0.0908355712890625
-0.0842971801757813 0.077545166015625 0.03326416015625 -0.0841064453125
-0.08721923828125 0.080078125 -0.00425910949707032 -0.0312252044677734
-0.104400634765625 0.100364685058594 -0.0322437286376953 0.0211544036865234
-0.143997192382812 0.058349609375 -0.0743789672851563 0.0518264770507813
-0.156784057617188 -0.047393798828125 -0.11126708984375 0.0256805419921875
-0.0819549560546875 -0.149322509765625 -0.15130615234375 -0.0378875732421875
0.114974975585938 -0.151397705078125 -0.1376953125 -0.138885498046875
0.185745239257813 -0.01904296875 -0.05206298828125 -0.192123413085937
0.143600463867187 0.0966644287109375 0.0820693969726563 -0.135787963867188
0.140533447265625 0.0682373046875 -0.0614166259765625 0.177627563476562
0.127151489257813 -0.0170211791992188 -0.00939941406249996 0.259429931640625
0.0703048706054688 -0.102897644042969 0.145965576171875 0.249252319335938
-0.0348587036132813 -0.09637451171875 0.258102416992188 0.132034301757813
-0.080657958984375 -0.0361480712890625 0.235946655273437 -0.02862548828125
-0.0906982421875 0.0334930419921875 0.135818481445313 -0.119338989257813
-0.0719528198242188 0.0566329956054688 0.0449981689453125 -0.118339538574219
-0.0772018432617188 0.0617828369140625 0.00590133666992186 -0.0669670104980469
-0.0961380004882812 0.0782089233398438 -0.0107803344726563 -0.0220851898193359
-0.1268310546875 0.0342559814453125 -0.0334281921386719 0.0132656097412109
-0.122894287109375 -0.0568695068359375 -0.0622062683105469 0.0137100219726562
-0.046844482421875 -0.129875183105469 -0.115966796875 -0.0196304321289063
0.114097595214844 -0.106147766113281 -0.13751220703125 -0.117195129394531
0.150192260742188 0.006317138671875 -0.04449462890625 -0.183624267578125
0.110588073730469 0.0886688232421875 0.110572814941406 -0.094024658203125
0.0942153930664063 0.0373382568359375 -0.02862548828125 0.211639404296875
0.0768356323242188 -0.0004119873046875 0.0285491943359375 0.270675659179688
0.0497322082519531 -0.0585403442382813 0.17425537109375 0.2333984375
-0.0132293701171875 -0.060028076171875 0.275283813476563 0.107986450195313
-0.0439491271972656 -0.0254440307617187 0.2423095703125 -0.0482635498046875
-0.05755615234375 0.0143280029296875 0.142242431640625 -0.14007568359375
-0.0504951477050781 0.0270652770996094 0.051239013671875 -0.141891479492188
-0.0558433532714844 0.0340118408203125 0.014495849609375 -0.0934982299804688
-0.0713958740234375 0.0417709350585937 0.00816726684570312 -0.0526771545410156
-0.0820541381835938 0.00817108154296875 0.000220298767089837 -0.0142316818237305
-0.0654983520507813 -0.0440864562988281 -0.0297966003417969 0.0112075805664063
-0.013946533203125 -0.0764236450195313 -0.098602294921875 -0.00469970703125001
0.0764007568359375 -0.04901123046875 -0.141189575195313 -0.114120483398437
0.0826873779296875 0.0179901123046875 -0.0351409912109375 -0.182907104492188
0.0590858459472656 0.0593338012695313 0.133377075195313 -0.0571517944335938
-0.00238037109375 -0.00985240936279297 -0.172958374023438 0.0583953857421875
-0.00235605239868164 0.00626897811889648 0.00141906738281252 0.201431274414063
0.00134849548339844 -0.0181808471679688 0.150802612304687 0.116943359375
-0.00992107391357422 0.00329494476318359 0.111427307128906 0.00945281982421875
0.000766754150390626 0.0118894577026367 0.0290794372558594 -0.00514793395996094
0.0182666778564453 -0.000635147094726563 -0.0134601593017578 0.0322761535644531
0.0137510299682617 -0.00915813446044922 -0.024383544921875 0.0753631591796875
0.010127067565918 -0.00525093078613281 -0.023834228515625 0.104248046875
0.0155820846557617 -0.00489711761474609 -0.0652923583984375 0.149368286132813
0.0131616592407227 0.00293064117431641 -0.156829833984375 0.14715576171875
0.0104484558105469 0.0146646499633789 -0.240081787109375 0.086578369140625
-0.00945949554443359 0.0149869918823242 -0.269485473632813 -0.0608062744140625
-0.0231704711914063 0.00629615783691406 -0.19708251953125 -0.247283935546875
-0.0337429046630859 -0.00419425964355468 -0.0863800048828125 -0.274765014648438
-0.030517578125 -0.0340023040771484 0.0072479248046875 -0.254653930664063
0.0625648498535156 0.0392608642578125 -0.174331665039062 0.0453033447265625
0.0799407958984375 0.00829315185546875 -0.020843505859375 0.18914794921875
0.0635299682617188 -0.0759963989257812 0.126022338867188 0.134574890136719
-0.021240234375 -0.0743942260742187 0.107719421386719 0.039031982421875
-0.0585289001464844 -0.0273246765136719 0.0463447570800781 0.00608444213867187
-0.0474090576171875 0.0206031799316406 -0.00495147705078125 0.0284290313720703
-0.0237064361572266 0.0344753265380859 -0.0245628356933594 0.0692977905273438
-0.0208911895751953 0.0289421081542969 -0.02587890625 0.100067138671875
-0.0169315338134766 0.0333156585693359 -0.067108154296875 0.147628784179688
-0.0263214111328125 0.0265541076660156 -0.154678344726563 0.15509033203125
-0.0364570617675781 0.00921249389648437 -0.234817504882813 0.09552001953125
-0.0395584106445313 -0.02020263671875 -0.271133422851563 -0.0460815429687499
0.00206756591796875 -0.0452041625976563 -0.210098266601563 -0.228286743164062
0.0320606231689453 -0.0235042572021484 -0.103439331054688 -0.268386840820313
0.0324764251708984 0.00245285034179688 -0.0023651123046875 -0.259719848632813
0.119796752929688 0.0775985717773438 -0.167449951171875 0.0488128662109375
0.14874267578125 -0.0009307861328125 -0.0456390380859375 0.180648803710937
0.105445861816406 -0.132026672363281 0.0941619873046875 0.163589477539063
-0.0384597778320312 -0.136131286621094 0.116317749023438 0.0853347778320312
-0.108390808105469 -0.0552749633789063 0.085540771484375 0.0190811157226562
-0.101112365722656 0.0398483276367187 0.0241107940673828 0.0112686157226563
-0.0568733215332031 0.0686988830566406 -0.0142974853515625 0.0427284240722656
-0.0500144958496094 0.0596466064453125 -0.0242538452148438 0.0803756713867188
-0.0487251281738281 0.069244384765625 -0.06597900390625 0.134979248046875
-0.0663528442382812 0.0510520935058594 -0.147781372070312 0.152694702148438
-0.0855636596679687 0.00384521484375 -0.223480224609375 0.0952301025390625
-0.0726394653320313 -0.0573959350585938 -0.2652587890625 -0.0395660400390625
0.02703857421875 -0.0986557006835938 -0.208419799804687 -0.211135864257813
0.0956954956054687 -0.0427703857421875 -0.105484008789063 -0.25640869140625
0.09210205078125 0.0366134643554688 0.002288818359375 -0.248367309570312
0.158645629882813 0.098175048828125 -0.150833129882812 0.068939208984375
0.18743896484375 -0.0190277099609375 -0.0648040771484375 0.1888427734375
0.11761474609375 -0.169342041015625 0.07830810546875 0.206024169921875
-0.058197021484375 -0.164993286132812 0.147201538085938 0.129974365234375
-0.137336730957031 -0.0632171630859375 0.137588500976563 0.02252197265625
-0.130020141601563 0.0531768798828125 0.0621070861816406 -0.0195198059082031
-0.0794754028320312 0.0895843505859375 0.0010995864868164 0.00258469581604004
-0.07281494140625 0.0813522338867188 -0.0204811096191406 0.0484428405761719
-0.0760269165039063 0.0976638793945313 -0.0611495971679688 0.108535766601563
-0.104988098144531 0.0701370239257813 -0.133544921875 0.13330078125
-0.131683349609375 -0.00583648681640624 -0.202133178710938 0.0794677734375
-0.1005859375 -0.09710693359375 -0.242950439453125 -0.041717529296875
0.0556488037109375 -0.14617919921875 -0.191192626953125 -0.194168090820313
0.151046752929688 -0.0527496337890625 -0.0916748046875 -0.2391357421875
0.136489868164063 0.0661163330078125 0.0210113525390625 -0.22235107421875
0.176055908203125 0.102493286132812 -0.127754211425781 0.103034973144531
0.192031860351562 -0.0305938720703125 -0.065399169921875 0.214797973632813
0.108169555664063 -0.174758911132813 0.09063720703125 0.244155883789063
-0.0664825439453125 -0.1607666015625 0.194122314453125 0.154037475585937
-0.139190673828125 -0.0571670532226562 0.188720703125 0.010284423828125
-0.134193420410156 0.0578079223632812 0.0979080200195312 -0.0574264526367187
-0.0882797241210937 0.0941085815429688 0.0176620483398437 -0.0433616638183594
-0.0862503051757813 0.0900344848632813 -0.0139837265014648 0.0101213455200195
-0.096405029296875 0.111869812011719 -0.050506591796875 0.068450927734375
-0.135101318359375 0.0760574340820313 -0.108619689941406 0.098052978515625
-0.163360595703125 -0.0240020751953125 -0.164535522460938 0.0530242919921875
-0.108695983886719 -0.133903503417969 -0.2034912109375 -0.043853759765625
0.0890655517578125 -0.171875 -0.1644287109375 -0.169708251953125
0.187576293945313 -0.046173095703125 -0.0729522705078125 -0.2161865234375
0.15814208984375 0.0886383056640625 0.0494537353515625 -0.18511962890625
0.169937133789063 0.0912628173828125 -0.0964202880859375 0.144332885742187
0.169357299804688 -0.031005859375 -0.0423736572265625 0.244903564453125
0.0894622802734375 -0.148849487304688 0.121963500976563 0.26055908203125
-0.05755615234375 -0.132888793945313 0.238784790039063 0.150283813476563
-0.117462158203125 -0.046173095703125 0.224761962890625 -0.01171875
-0.118453979492188 0.0508041381835937 0.123016357421875 -0.0942230224609375
-0.0859375 0.0827255249023438 0.0319442749023438 -0.0865859985351563
-0.088043212890625 0.0846176147460938 -0.0048961639404297 -0.0309467315673828
-0.104736328125 0.107070922851563 -0.0332565307617188 0.0223102569580078
-0.146469116210938 0.06317138671875 -0.0723800659179688 0.0543060302734375
-0.162246704101563 -0.0448760986328125 -0.113182067871094 0.027587890625
-0.088958740234375 -0.15106201171875 -0.15679931640625 -0.0355072021484375
0.1160888671875 -0.159576416015625 -0.1446533203125 -0.139434814453125
0.19097900390625 -0.02362060546875 -0.0583343505859375 -0.195877075195313
0.149887084960938 0.0984649658203125 0.0815277099609375 -0.142440795898437
0.142257690429688 0.0673065185546875 -0.0604095458984375 0.186370849609375
0.128776550292969 -0.0194244384765625 -0.00415039062500001 0.268051147460938
0.0697479248046875 -0.107162475585938 0.156768798828125 0.254745483398438
-0.0382843017578125 -0.0974044799804688 0.26934814453125 0.130340576171875
-0.08331298828125 -0.0350265502929688 0.242324829101563 -0.0356597900390625
-0.0916290283203125 0.03656005859375 0.136054992675781 -0.123725891113281
-0.0727386474609375 0.0600357055664062 0.0425643920898437 -0.121017456054687
-0.0781173706054688 0.0661544799804688 0.0041351318359375 -0.0670051574707031
-0.0970306396484375 0.0837936401367187 -0.0122509002685547 -0.0220279693603516
-0.129829406738281 0.0392074584960938 -0.0320549011230469 0.014251708984375
-0.128135681152344 -0.0552749633789063 -0.06317138671875 0.0143203735351562
-0.0506134033203125 -0.132377624511719 -0.119148254394531 -0.0168991088867188
0.115837097167969 -0.112480163574219 -0.1431884765625 -0.1160888671875
0.155563354492187 0.004638671875 -0.049896240234375 -0.18695068359375
0.116195678710938 0.0904006958007813 0.112129211425781 -0.0997390747070313
0.0949478149414063 0.0360946655273438 -0.0259246826171875 0.219451904296875
0.0777664184570313 -0.00200653076171875 0.0356292724609375 0.279251098632812
0.0501213073730469 -0.0606727600097656 0.184616088867188 0.237258911132813
-0.0158042907714844 -0.0609321594238281 0.285400390625 0.104644775390625
-0.0452156066894531 -0.0251045227050781 0.24658203125 -0.054931640625
-0.0590744018554688 0.0162467956542969 0.142074584960938 -0.14501953125
-0.0529594421386719 0.0290985107421875 0.048980712890625 -0.144439697265625
-0.0569190979003906 0.0371131896972656 0.012451171875 -0.0939483642578125
-0.072235107421875 0.0454177856445313 0.00701522827148437 -0.0540771484375
-0.084869384765625 0.011260986328125 0.000735282897949212 -0.0147619247436523
-0.0685691833496094 -0.0434913635253906 -0.0303077697753906 0.0111503601074219
-0.0154342651367188 -0.0782546997070312 -0.101325988769531 -0.00230407714843751
0.0775985717773438 -0.0520782470703125 -0.146987915039063 -0.112747192382813
0.0852737426757813 0.01715087890625 -0.0399627685546875 -0.186416625976562
0.062347412109375 0.0603904724121094 0.13653564453125 -0.0624313354492187
-0.00476932525634765 -0.0114221572875977 -0.1773681640625 0.06671142578125
-0.00306320190429688 0.00611686706542969 0.0106201171875 0.207717895507813
-0.00168228149414063 -0.0197887420654297 0.163192749023438 0.114974975585938
-0.0101442337036133 0.00461292266845703 0.116714477539063 0.00550079345703125
0.00228691101074219 0.0128450393676758 0.0300273895263672 -0.0069427490234375
0.0184440612792969 -0.00172996520996094 -0.0122833251953125 0.0336570739746094
0.0132560729980469 -0.00942134857177734 -0.0207672119140625 0.07928466796875
0.0101709365844727 -0.00550270080566406 -0.0196304321289062 0.107513427734375
0.0160398483276367 -0.00575923919677734 -0.0601654052734375 0.154998779296875
0.0134611129760742 0.00266075134277344 -0.155166625976562 0.157760620117188
0.0119190216064453 0.0148868560791016 -0.244537353515625 0.100830078125
-0.00903129577636719 0.0165843963623047 -0.282196044921875 -0.051666259765625
-0.0243988037109375 0.00716972351074219 -0.216201782226562 -0.249221801757812
-0.0353202819824219 -0.00411224365234374 -0.1021728515625 -0.28253173828125
-0.0341682434082031 -0.0358238220214844 -0.001739501953125 -0.266464233398437
0.0649986267089844 0.0384063720703125 -0.179046630859375 0.0530548095703125
0.0829391479492188 0.0052490234375 -0.0119781494140625 0.19622802734375
0.0607757568359375 -0.0826034545898438 0.138198852539063 0.134490966796875
-0.0248184204101563 -0.0760726928710938 0.115432739257812 0.0357666015625
-0.06195068359375 -0.0264129638671875 0.0483512878417969 0.0037841796875
-0.0489273071289062 0.0239028930664063 -0.00327491760253907 0.0298728942871094
-0.0242271423339844 0.0375518798828125 -0.0214920043945312 0.072357177734375
-0.0204410552978516 0.0315284729003906 -0.0215606689453125 0.102851867675781
-0.0161361694335938 0.0353240966796875 -0.062713623046875 0.154327392578125
-0.0257606506347656 0.0292148590087891 -0.151840209960938 0.165573120117188
-0.036590576171875 0.0123100280761719 -0.238372802734375 0.10955810546875
-0.0413856506347656 -0.0184402465820313 -0.284088134765625 -0.036163330078125
-0.000938415527343745 -0.0474891662597656 -0.228469848632812 -0.229278564453125
0.0310688018798828 -0.0271415710449219 -0.1190185546875 -0.275299072265625
0.0339508056640625 0.000417709350585938 -0.011138916015625 -0.272109985351563
0.125778198242187 0.0770721435546875 -0.171279907226563 0.05621337890625
0.153640747070313 -0.0062408447265625 -0.0384674072265625 0.188507080078125
0.103302001953125 -0.142578125 0.106475830078125 0.166427612304688
-0.046051025390625 -0.139945983886719 0.125228881835938 0.084197998046875
-0.115234375 -0.0523452758789063 0.0902786254882812 0.0160751342773437
-0.103134155273438 0.0457992553710938 0.0258140563964844 0.0109081268310547
-0.0572433471679687 0.0751419067382813 -0.01239013671875 0.0451736450195313
-0.0490837097167969 0.065185546875 -0.0217742919921875 0.0833663940429688
-0.0469284057617188 0.0743560791015625 -0.0625457763671875 0.141510009765625
-0.0658416748046875 0.0562820434570312 -0.144561767578125 0.162887573242187
-0.0883865356445313 0.00848388671875001 -0.22796630859375 0.107940673828125
-0.0772857666015625 -0.0548553466796875 -0.277542114257813 -0.0299682617187499
0.0230484008789063 -0.104347229003906 -0.226150512695312 -0.211639404296875
0.0970001220703125 -0.048309326171875 -0.120849609375 -0.26275634765625
0.0963211059570312 0.03424072265625 -0.007080078125 -0.260086059570313
0.166549682617188 0.0968170166015625 -0.154205322265625 0.0771331787109375
0.192428588867187 -0.0260009765625 -0.0583038330078125 0.197906494140625
0.114166259765625 -0.182113647460938 0.091400146484375 0.210922241210938
-0.0675506591796875 -0.169036865234375 0.16021728515625 0.1295166015625
-0.145614624023438 -0.0593719482421875 0.145233154296875 0.016937255859375
-0.132110595703125 0.0613784790039063 0.0641746520996094 -0.0223617553710938
-0.0793304443359375 0.0975494384765625 0.00171685218811035 0.00258398056030274
-0.071929931640625 0.0881195068359375 -0.0185737609863281 0.0510826110839844
-0.073638916015625 0.1048583984375 -0.0586013793945312 0.113876342773438
-0.10504150390625 0.0775070190429688 -0.1309814453125 0.142669677734375
-0.137115478515625 0.00142669677734373 -0.206222534179687 0.0913848876953125
-0.107719421386719 -0.095184326171875 -0.25439453125 -0.032928466796875
0.050689697265625 -0.154678344726563 -0.207000732421875 -0.194839477539063
0.154403686523438 -0.0611724853515625 -0.105712890625 -0.244781494140625
0.144241333007813 0.0641326904296875 0.0125579833984375 -0.233169555664063
0.184036254882812 0.10113525390625 -0.128761291503906 0.112197875976563
0.197036743164063 -0.0389556884765625 -0.0582122802734375 0.225479125976563
0.103836059570312 -0.18707275390625 0.106216430664062 0.25079345703125
-0.075897216796875 -0.162841796875 0.209945678710938 0.15216064453125
-0.1466064453125 -0.0532073974609375 0.197830200195313 0.0017242431640625
-0.136466979980469 0.0659332275390625 0.0991668701171875 -0.0632858276367188
-0.0881500244140625 0.101890563964844 0.0164222717285156 -0.0451164245605469
-0.0856094360351563 0.097869873046875 -0.013392448425293 0.011134147644043
-0.0946502685546875 0.1209716796875 -0.04888916015625 0.0735626220703125
-0.1365966796875 0.0849380493164063 -0.106414794921875 0.104896545410156
-0.170440673828125 -0.0160369873046875 -0.16864013671875 0.061431884765625
-0.118431091308594 -0.133636474609375 -0.213226318359375 -0.0364227294921875
0.084625244140625 -0.18365478515625 -0.177658081054687 -0.169586181640625
0.193695068359375 -0.055755615234375 -0.085540771484375 -0.2220458984375
0.1673583984375 0.0870208740234375 0.04400634765625 -0.195465087890625
0.1768798828125 0.0893707275390625 -0.0947113037109375 0.155227661132813
0.172805786132812 -0.0379791259765625 -0.033172607421875 0.25616455078125
0.0860595703125 -0.1583251953125 0.139846801757812 0.266433715820313
-0.0648956298828125 -0.133918762207031 0.256484985351563 0.146591186523438
-0.122779846191406 -0.0424728393554687 0.232650756835937 -0.0227508544921875
-0.120719909667969 0.0581588745117188 0.122421264648438 -0.101982116699219
-0.0863571166992187 0.0906295776367188 0.0285415649414062 -0.089935302734375
-0.0878219604492188 0.092071533203125 -0.00612640380859375 -0.0302314758300781
-0.104499816894531 0.11676025390625 -0.0325546264648438 0.0244617462158203
-0.1492919921875 0.072845458984375 -0.0711288452148438 0.057861328125
-0.171401977539062 -0.039093017578125 -0.117156982421875 0.032684326171875
-0.0986785888671875 -0.153106689453125 -0.16400146484375 -0.0299835205078125
0.113311767578125 -0.171188354492188 -0.156036376953125 -0.138031005859375
0.198699951171875 -0.031646728515625 -0.0694580078125 -0.201141357421875
0.160552978515625 0.0982513427734375 0.07879638671875 -0.152267456054688
0.146713256835938 0.065948486328125 -0.0561065673828125 0.196990966796875
0.131904602050781 -0.0240707397460937 0.00753784179687501 0.279098510742188
0.0686111450195313 -0.114608764648437 0.17498779296875 0.25860595703125
-0.0435943603515625 -0.0980606079101563 0.28594970703125 0.123321533203125
-0.0869216918945313 -0.0330352783203125 0.250152587890625 -0.04754638671875
-0.0935897827148438 0.04150390625 0.136207580566406 -0.131996154785156
-0.074005126953125 0.0659637451171875 0.0385665893554687 -0.125534057617188
-0.0778579711914063 0.0724334716796875 0.00149154663085936 -0.0683135986328125
-0.0972137451171875 0.0924530029296875 -0.0130996704101563 -0.0218582153320312
-0.133277893066406 0.0465927124023437 -0.0311813354492188 0.0139636993408203
-0.13555908203125 -0.0515289306640625 -0.0650520324707031 0.0163383483886719
-0.05841064453125 -0.135299682617188 -0.124771118164063 -0.01214599609375
0.115196228027344 -0.122039794921875 -0.15350341796875 -0.112945556640625
0.162353515625 -0.00091552734375 -0.060546875 -0.191482543945313
0.124794006347656 0.0901718139648437 0.112258911132813 -0.109092712402344
0.096710205078125 0.0340499877929688 -0.0193023681640625 0.230560302734375
0.0806350708007813 -0.00389862060546875 0.049896240234375 0.289337158203125
0.0497322082519531 -0.0652427673339844 0.20355224609375 0.239181518554687
-0.0184898376464844 -0.0614166259765625 0.301513671875 0.095672607421875
-0.0475082397460937 -0.0246505737304688 0.253860473632813 -0.0679931640625
-0.0604515075683594 0.0192680358886719 0.141250610351563 -0.154205322265625
-0.0540351867675781 0.0330886840820313 0.04345703125 -0.1500244140625
-0.0574188232421875 0.0417404174804688 0.00885009765625001 -0.0962982177734375
-0.0732498168945313 0.05218505859375 0.00501251220703124 -0.0565681457519531
-0.0879135131835938 0.015167236328125 0.00173759460449218 -0.0168447494506836
-0.0736083984375 -0.0426254272460938 -0.0307788848876953 0.0121688842773438
-0.0191421508789063 -0.08050537109375 -0.105133056640625 0.00251007080078122
0.0781402587890625 -0.05712890625 -0.157882690429688 -0.10943603515625
0.0899124145507813 0.0150146484375 -0.0496978759765625 -0.19207763671875
0.0676078796386719 0.0606613159179688 0.138969421386719 -0.07147216796875
-0.00705432891845703 -0.0123910903930664 -0.177093505859375 0.0785064697265625
-0.0036320686340332 0.00615406036376953 0.025390625 0.21142578125
-0.00530433654785156 -0.0207386016845703 0.176284790039063 0.105545043945313
-0.00953960418701172 0.0050516128540039 0.12066650390625 -0.00275421142578125
0.00339126586914063 0.0123968124389648 0.0303840637207031 -0.00893783569335938
0.0177059173583984 -0.00290489196777344 -0.00944137573242188 0.0353965759277344
0.0115690231323242 -0.00907611846923828 -0.0155792236328125 0.0817108154296875
0.0101432800292969 -0.00536155700683594 -0.0127944946289063 0.109603881835938
0.0157175064086914 -0.00710201263427734 -0.050628662109375 0.160385131835938
0.0137128829956055 0.00148963928222656 -0.146865844726562 0.17010498046875
0.0134077072143555 0.0145950317382813 -0.242691040039062 0.119293212890625
-0.00779151916503906 0.018310546875 -0.29296875 -0.0342407226562499
-0.0253257751464844 0.00812149047851562 -0.238800048828125 -0.242446899414063
-0.0371894836425781 -0.00276947021484374 -0.1236572265625 -0.283416748046875
-0.0382652282714844 -0.0351104736328125 -0.0178985595703125 -0.275634765625
0.0678672790527344 0.0357551574707031 -0.1802978515625 0.06439208984375
0.0844573974609375 0.00041961669921875 0.000427246093749999 0.200531005859375
0.0555267333984375 -0.0900650024414063 0.151687622070313 0.126968383789063
-0.030792236328125 -0.0767364501953125 0.12066650390625 0.0294036865234375
-0.0654335021972656 -0.0223045349121094 0.0504531860351562 0.000572204589843749
-0.0490188598632812 0.0279541015625 -0.000802993774414067 0.0309371948242187
-0.0226554870605469 0.0411376953125 -0.0159072875976563 0.0750808715820313
-0.0184059143066406 0.0347652435302734 -0.0154953002929688 0.105079650878906
-0.0136985778808594 0.03778076171875 -0.0529632568359375 0.1597900390625
-0.0242824554443359 0.0312004089355469 -0.142913818359375 0.178176879882812
-0.0362205505371094 0.0153083801269531 -0.23681640625 0.128219604492188
-0.0432243347167969 -0.0148468017578125 -0.293609619140625 -0.0183715820312501
-0.00445938110351562 -0.049652099609375 -0.250579833984375 -0.221206665039062
0.0295696258544922 -0.0299301147460937 -0.141647338867188 -0.274734497070312
0.0330066680908203 -0.00230789184570312 -0.0282440185546875 -0.279556274414062
0.131698608398438 0.0720138549804688 -0.173187255859375 0.067626953125
0.15643310546875 -0.01593017578125 -0.026580810546875 0.194442749023438
0.09490966796875 -0.154617309570312 0.122177124023438 0.162567138671875
-0.0564346313476563 -0.140388488769531 0.1357421875 0.07757568359375
-0.12139892578125 -0.0458297729492187 0.094085693359375 0.00975799560546875
-0.102699279785156 0.0542755126953125 0.0278606414794922 0.0102062225341797
-0.0537261962890625 0.082183837890625 -0.00885009765625 0.0463218688964844
-0.0452651977539063 0.0704193115234375 -0.0159988403320312 0.0857696533203125
-0.0423812866210938 0.0802383422851563 -0.053802490234375 0.147842407226563
-0.0630683898925781 0.0617256164550781 -0.136138916015625 0.174697875976562
-0.0894851684570312 0.016265869140625 -0.225967407226563 0.126693725585937
-0.0823898315429688 -0.0498046875 -0.285919189453125 -0.011962890625
0.0159149169921875 -0.108901977539063 -0.246551513671875 -0.202880859375
0.095733642578125 -0.0561752319335938 -0.142318725585938 -0.261703491210938
0.0999832153320312 0.0297012329101563 -0.02337646484375 -0.268524169921875
0.174942016601563 0.0908966064453125 -0.1541748046875 0.088409423828125
0.195037841796875 -0.0381622314453125 -0.045867919921875 0.206085205078125
0.103790283203125 -0.19573974609375 0.1097412109375 0.209564208984375
-0.0804290771484375 -0.168502807617188 0.174209594726563 0.121627807617187
-0.152984619140625 -0.051239013671875 0.151153564453125 0.006134033203125
-0.131401062011719 0.0721054077148438 0.0646896362304687 -0.0261764526367187
-0.0743484497070313 0.10595703125 0.00245833396911621 0.00258779525756837
-0.0669937133789062 0.0953903198242188 -0.0150299072265625 0.0525016784667969
-0.0682907104492188 0.113609313964844 -0.05181884765625 0.11993408203125
-0.101402282714844 0.0864410400390625 -0.122833251953125 0.153289794921875
-0.1396484375 0.0113449096679687 -0.2052001953125 0.107574462890625
-0.116127014160156 -0.0892715454101563 -0.263351440429688 -0.0164947509765626
0.0407867431640625 -0.162643432617187 -0.224929809570313 -0.186264038085938
0.153396606445312 -0.0730743408203125 -0.125564575195313 -0.244796752929688
0.1505126953125 0.0579376220703125 -0.00120544433593748 -0.242630004882813
0.192901611328125 0.09454345703125 -0.125877380371094 0.123268127441406
0.198638916015625 -0.0509185791015625 -0.0442962646484375 0.234176635742187
0.093719482421875 -0.199188232421875 0.127044677734375 0.25018310546875
-0.088836669921875 -0.161270141601563 0.22674560546875 0.141754150390625
-0.153060913085938 -0.0443115234375 0.203536987304688 -0.0125885009765625
-0.134475708007812 0.0770263671875 0.0979156494140625 -0.0703125
-0.0837326049804688 0.111778259277344 0.0142288208007813 -0.0465850830078125
-0.08050537109375 0.106338500976562 -0.0118465423583984 0.0121421813964844
-0.0877609252929687 0.1312255859375 -0.0447769165039063 0.078460693359375
-0.133438110351563 0.0965118408203125 -0.100967407226563 0.1131591796875
-0.175491333007813 -0.00399780273437498 -0.168838500976563 0.0737152099609375
-0.130043029785156 -0.127754211425781 -0.221038818359375 -0.02276611328125
0.0741729736328125 -0.19439697265625 -0.193695068359375 -0.162460327148437
0.194091796875 -0.0701904296875 -0.103286743164062 -0.222564697265625
0.176254272460938 0.0806121826171875 0.031951904296875 -0.204833984375
0.18389892578125 0.0826873779296875 -0.0879058837890625 0.16595458984375
0.174240112304688 -0.0475921630859375 -0.01568603515625 0.264678955078125
0.0772552490234375 -0.16986083984375 0.162582397460938 0.263824462890625
-0.0751266479492188 -0.132553100585937 0.27337646484375 0.132583618164063
-0.127662658691406 -0.0355300903320313 0.237747192382812 -0.0397796630859375
-0.118629455566406 0.067626953125 0.119560241699219 -0.111648559570313
-0.0827255249023438 0.0991592407226563 0.02386474609375 -0.0925750732421875
-0.0831222534179688 0.100898742675781 -0.00716781616210938 -0.0298080444335937
-0.097320556640625 0.127754211425781 -0.032318115234375 0.0275363922119141
-0.147171020507812 0.0859527587890625 -0.0680770874023438 0.0620841979980469
-0.178085327148438 -0.0276031494140625 -0.117385864257813 0.0404129028320312
-0.110733032226563 -0.149871826171875 -0.16961669921875 -0.019378662109375
0.10467529296875 -0.183990478515625 -0.168624877929688 -0.131210327148438
0.201889038085937 -0.0450592041015625 -0.085479736328125 -0.201492309570313
0.169891357421875 0.092315673828125 0.070068359375 -0.162460327148437
0.152328491210938 0.05987548828125 -0.045501708984375 0.207015991210937
0.133186340332031 -0.031402587890625 0.0277099609375 0.285430908203125
0.0621490478515625 -0.122314453125 0.198501586914063 0.253768920898438
-0.050384521484375 -0.0965728759765625 0.302398681640625 0.10662841796875
-0.0903091430664063 -0.02783203125 0.253265380859375 -0.066314697265625
-0.092498779296875 0.04815673828125 0.130615234375 -0.14288330078125
-0.0720901489257812 0.0732040405273438 0.0309295654296875 -0.129325866699219
-0.0750274658203125 0.0796966552734375 -0.00154113769531251 -0.06829833984375
-0.0928115844726563 0.102104187011719 -0.0155162811279297 -0.0214862823486328
-0.133369445800781 0.057037353515625 -0.0302162170410156 0.014678955078125
-0.142929077148438 -0.043548583984375 -0.0654144287109375 0.0202140808105469
-0.06793212890625 -0.135238647460937 -0.127655029296875 -0.00385284423828127
0.110466003417969 -0.133399963378906 -0.16485595703125 -0.105300903320313
0.167404174804687 -0.0112762451171875 -0.0753021240234375 -0.192474365234375
0.133430480957031 0.0864639282226563 0.107269287109375 -0.119766235351563
0.0984954833984375 0.030487060546875 -0.00607299804687501 0.239120483398438
0.082122802734375 -0.0078277587890625 0.0716552734375 0.293243408203125
0.0468177795410156 -0.0701866149902344 0.22564697265625 0.231475830078125
-0.0225296020507813 -0.06060791015625 0.31549072265625 0.076904296875
-0.0497856140136719 -0.0217819213867187 0.254913330078125 -0.086669921875
-0.0608177185058594 0.0235061645507812 0.133712768554688 -0.1656494140625
-0.0540657043457031 0.0380783081054688 0.034454345703125 -0.154678344726563
-0.056182861328125 0.0471763610839844 0.0033721923828125 -0.0968551635742187
-0.0716323852539062 0.059478759765625 0.000995635986328119 -0.0577507019042969
-0.0890121459960938 0.0224838256835938 0.00102233886718749 -0.0190258026123047
-0.078643798828125 -0.038909912109375 -0.0304031372070313 0.0128898620605469
-0.024871826171875 -0.0814208984375 -0.106796264648438 0.0103530883789062
0.0760955810546875 -0.0640182495117188 -0.169403076171875 -0.100616455078125
0.0936508178710938 0.0107879638671875 -0.064178466796875 -0.193756103515625
0.07281494140625 0.058624267578125 0.137283325195313 -0.0832366943359375
-0.00941276550292969 -0.0119972229003906 -0.171112060546875 0.0898590087890625
-0.0042424201965332 0.00565004348754883 0.0416107177734375 0.2076416015625
-0.00938796997070313 -0.0197734832763672 0.184249877929688 0.0912628173828125
-0.00954055786132813 0.00609016418457031 0.121063232421875 -0.0124664306640625
0.00463390350341797 0.0119209289550781 0.0293750762939453 -0.0107879638671875
0.0167770385742188 -0.00417518615722656 -0.0060882568359375 0.0356788635253906
0.0103645324707031 -0.00927639007568359 -0.00833129882812501 0.0816879272460938
0.0100841522216797 -0.00543117523193359 -0.004791259765625 0.10748291015625
0.0154170989990234 -0.00770854949951172 -0.0382080078125 0.160507202148438
0.0139064788818359 0.000338554382324219 -0.132553100585938 0.177520751953125
0.0144186019897461 0.0138339996337891 -0.232406616210938 0.136383056640625
-0.00656890869140625 0.0188350677490234 -0.295196533203125 -0.013946533203125
-0.0256862640380859 0.00875473022460937 -0.2569580078125 -0.224838256835938
-0.0375938415527344 -0.00130462646484375 -0.143829345703125 -0.275283813476563
-0.04168701171875 -0.0337257385253906 -0.0354766845703125 -0.275970458984375
0.0693817138671875 0.0315971374511719 -0.17626953125 0.0764923095703125
0.0840911865234375 -0.0047760009765625 0.015777587890625 0.198776245117188
0.0470962524414063 -0.094085693359375 0.16217041015625 0.114288330078125
-0.0364837646484375 -0.0742950439453125 0.12384033203125 0.019134521484375
-0.0666160583496094 -0.0178604125976563 0.0504875183105469 -0.00351715087890625
-0.0478744506835938 0.031768798828125 0.00243568420410156 0.0308589935302734
-0.0197715759277344 0.0441551208496094 -0.00966644287109375 0.0753555297851563
-0.0150184631347656 0.0365333557128906 -0.00734710693359375 0.10321044921875
-0.0102958679199219 0.0386734008789063 -0.0411224365234375 0.161209106445313
-0.0210323333740234 0.0321941375732422 -0.128570556640625 0.18548583984375
-0.0346660614013672 0.0185680389404297 -0.225372314453125 0.144683837890625
-0.0433769226074219 -0.0114479064941406 -0.29449462890625 0.00207519531250006
-0.010040283203125 -0.0493316650390625 -0.266311645507813 -0.203048706054688
0.0262641906738281 -0.0328292846679688 -0.161300659179688 -0.265045166015625
0.0313453674316406 -0.0042572021484375 -0.046844482421875 -0.2794189453125
0.135993957519531 0.06439208984375 -0.16845703125 0.079010009765625
0.155014038085937 -0.0253753662109375 -0.0116119384765625 0.1939697265625
0.0826416015625 -0.162063598632812 0.134735107421875 0.151321411132813
-0.0667724609375 -0.135887145996094 0.141876220703125 0.066650390625
-0.124031066894531 -0.03717041015625 0.0953216552734375 0.00226593017578125
-0.09869384765625 0.0620040893554687 0.0293216705322265 0.00804328918457031
-0.047576904296875 0.0866317749023438 -0.00426101684570312 0.0458450317382813
-0.0396652221679688 0.0738754272460938 -0.00910186767578126 0.0841293334960938
-0.035614013671875 0.0831451416015625 -0.042938232421875 0.149200439453125
-0.0577125549316406 0.0654373168945312 -0.121292114257812 0.181640625
-0.0866622924804688 0.0234832763671875 -0.215118408203125 0.141998291015625
-0.0843124389648438 -0.0435638427734375 -0.28662109375 0.00836181640625002
0.00683593749999999 -0.110504150390625 -0.260757446289063 -0.186203002929688
0.089874267578125 -0.0630645751953125 -0.161270141601563 -0.252670288085938
0.101005554199219 0.0231857299804688 -0.041168212890625 -0.26898193359375
0.179763793945312 0.081512451171875 -0.148178100585938 0.09759521484375
0.192123413085937 -0.050079345703125 -0.031097412109375 0.207351684570313
0.08868408203125 -0.203903198242188 0.1256103515625 0.199569702148438
-0.0925140380859375 -0.161972045898437 0.18365478515625 0.107925415039063
-0.15545654296875 -0.0399627685546875 0.15167236328125 -0.0056610107421875
-0.125778198242188 0.0818023681640625 0.0633926391601562 -0.0305099487304687
-0.066162109375 0.112129211425781 0.00348258018493652 0.00236129760742188
-0.0594100952148437 0.100257873535156 -0.0105209350585938 0.0518417358398438
-0.0581893920898437 0.1185302734375 -0.0428466796875 0.122268676757813
-0.09429931640625 0.0929946899414062 -0.110809326171875 0.159408569335938
-0.137580871582031 0.0230178833007813 -0.196395874023437 0.1220703125
-0.121360778808594 -0.08038330078125 -0.263717651367188 0.00207519531250003
0.0280609130859375 -0.165802001953125 -0.238449096679687 -0.1707763671875
0.146835327148438 -0.0836334228515625 -0.143646240234375 -0.235870361328125
0.1541748046875 0.049163818359375 -0.0182342529296875 -0.243560791015625
0.197769165039063 0.08416748046875 -0.117683410644531 0.132118225097656
0.194656372070313 -0.062713623046875 -0.026519775390625 0.2359619140625
0.078216552734375 -0.206573486328125 0.145980834960938 0.238632202148437
-0.099090576171875 -0.15374755859375 0.237396240234375 0.1239013671875
-0.154891967773437 -0.033782958984375 0.202178955078125 -0.0284271240234375
-0.128379821777344 0.08636474609375 0.0926589965820312 -0.0766754150390625
-0.0756454467773438 0.118240356445313 0.0112075805664062 -0.0470123291015625
-0.07220458984375 0.112030029296875 -0.00993728637695313 0.0126609802246094
-0.0764541625976563 0.138290405273438 -0.0389175415039063 0.08074951171875
-0.125587463378906 0.106124877929687 -0.09161376953125 0.11822509765625
-0.17437744140625 0.00981140136718751 -0.163177490234375 0.0858612060546875
-0.137886047363281 -0.118247985839844 -0.221786499023438 -0.00692749023437499
0.0595703125 -0.200241088867187 -0.205215454101563 -0.149093627929688
0.188644409179688 -0.0828857421875 -0.119644165039062 -0.214950561523438
0.182113647460937 0.0703887939453125 0.0172271728515625 -0.208648681640625
0.187789916992188 0.0735015869140625 -0.0777587890625 0.172042846679688
0.170425415039063 -0.0575408935546875 0.0036163330078125 0.264404296875
0.0645599365234375 -0.17462158203125 0.182403564453125 0.250762939453125
-0.0838088989257813 -0.125556945800781 0.282562255859375 0.1112060546875
-0.128517150878906 -0.0265426635742188 0.23394775390625 -0.05828857421875
-0.11273193359375 0.07513427734375 0.111518859863281 -0.1187744140625
-0.0753097534179688 0.105323791503906 0.0178604125976562 -0.0924224853515625
-0.0742340087890625 0.106178283691406 -0.00847244262695313 -0.0289592742919922
-0.087066650390625 0.135711669921875 -0.0303592681884766 0.0296382904052734
-0.140625 0.0959320068359375 -0.0625801086425781 0.0646324157714844
-0.1798095703125 -0.0137481689453125 -0.114761352539063 0.0480194091796875
-0.120849609375 -0.142257690429688 -0.169601440429687 -0.00790405273437498
0.0911865234375 -0.19195556640625 -0.177658081054688 -0.118392944335938
0.198211669921875 -0.0584716796875 -0.100753784179687 -0.19500732421875
0.176376342773438 0.0829010009765625 0.057952880859375 -0.16754150390625
0.154129028320313 0.052093505859375 -0.0324554443359375 0.211257934570313
0.130828857421875 -0.0387039184570313 0.049468994140625 0.28253173828125
0.0532760620117187 -0.126739501953125 0.217300415039063 0.237808227539062
-0.0559844970703125 -0.091796875 0.30926513671875 0.08404541015625
-0.0905609130859375 -0.021636962890625 0.2471923828125 -0.084716796875
-0.0879898071289062 0.054901123046875 0.120162963867188 -0.151092529296875
-0.066925048828125 0.0788955688476562 0.0214691162109375 -0.12921142578125
-0.067474365234375 0.0849227905273438 -0.00532531738281251 -0.0669708251953125
-0.0841064453125 0.11053466796875 -0.0169677734375 -0.020263671875
-0.129104614257812 0.0666961669921875 -0.0285663604736328 0.0145111083984375
-0.145843505859375 -0.033416748046875 -0.0637321472167969 0.0245780944824219
-0.0770721435546875 -0.130905151367188 -0.126899719238281 0.00554656982421874
0.101211547851562 -0.142120361328125 -0.171890258789063 -0.09259033203125
0.167098999023438 -0.0225982666015625 -0.089508056640625 -0.186676025390625
0.138946533203125 0.0791168212890625 0.097747802734375 -0.127906799316406
0.0984344482421875 0.0247650146484375 0.00959777832031249 0.241165161132812
0.0815887451171875 -0.0128860473632813 0.094146728515625 0.28759765625
0.0416259765625 -0.0736923217773438 0.242431640625 0.214111328125
-0.0261039733886719 -0.0582504272460938 0.319732666015625 0.053314208984375
-0.0502128601074219 -0.0185050964355469 0.247406005859375 -0.10467529296875
-0.0586967468261719 0.0271720886230469 0.1224365234375 -0.17303466796875
-0.0517997741699219 0.0424003601074219 0.0234832763671875 -0.154586791992187
-0.0515556335449219 0.051239013671875 -0.002777099609375 -0.09503173828125
-0.0660667419433594 0.0656509399414063 -0.00324249267578126 -0.0573768615722656
-0.088287353515625 0.0290374755859375 -0.000398635864257817 -0.0212879180908203
-0.0810546875 -0.033599853515625 -0.0288581848144531 0.0148143768310547
-0.0290679931640625 -0.0803070068359375 -0.10467529296875 0.017852783203125
0.0713577270507813 -0.069366455078125 -0.176620483398438 -0.088043212890625
0.094329833984375 0.00484466552734375 -0.0782623291015625 -0.188674926757813
0.0766830444335937 0.0542144775390625 0.130416870117188 -0.0924758911132813
-0.0106821060180664 -0.0117607116699219 -0.16339111328125 0.0950164794921875
-0.00449800491333008 0.00587749481201172 0.052001953125 0.199493408203125
-0.0121803283691406 -0.0180702209472656 0.186065673828125 0.07763671875
-0.00847864151000976 0.00662565231323242 0.117561340332031 -0.0194931030273438
0.00534915924072266 0.0111980438232422 0.0281391143798828 -0.0123767852783203
0.0152006149291992 -0.00425338745117188 -0.00281143188476563 0.0351905822753906
0.0102424621582031 -0.00772285461425781 -0.00317382812500001 0.0792694091796875
0.0103359222412109 -0.00502872467041016 0.000190734863281258 0.1026611328125
0.0147647857666016 -0.00816059112548828 -0.028900146484375 0.155105590820313
0.0134258270263672 -0.000739097595214844 -0.11968994140625 0.178192138671875
0.0156764984130859 0.0126638412475586 -0.218109130859375 0.145034790039063
-0.0049285888671875 0.0186824798583984 -0.289031982421875 0.00131225585937504
-0.0260543823242188 0.00948905944824219 -0.263809204101563 -0.20709228515625
-0.0372161865234375 -0.000156402587890628 -0.1556396484375 -0.26171875
-0.0431251525878906 -0.0311927795410156 -0.0484161376953125 -0.2698974609375
0.0694007873535156 0.0279541015625 -0.168594360351563 0.082427978515625
0.0819320678710938 -0.0095672607421875 0.0265350341796875 0.19122314453125
0.0389785766601562 -0.0949783325195313 0.165115356445313 0.101333618164063
-0.0395050048828125 -0.0709075927734375 0.122108459472656 0.0111618041992187
-0.0656509399414063 -0.0140266418457031 0.0497169494628906 -0.00684738159179688
-0.0450592041015625 0.0345077514648437 0.00516700744628906 0.0300121307373047
-0.0163116455078125 0.0457191467285156 -0.003997802734375 0.0722198486328125
-0.0119438171386719 0.0363311767578125 -0.00191497802734375 0.0983352661132813
-0.00731277465820313 0.0382118225097656 -0.0316009521484375 0.156051635742188
-0.0188751220703125 0.0323925018310547 -0.114593505859375 0.185348510742188
-0.0312480926513672 0.0196857452392578 -0.210281372070312 0.15301513671875
-0.0421714782714844 -0.00834274291992187 -0.287261962890625 0.0169982910156249
-0.0133247375488281 -0.0480461120605469 -0.272064208984375 -0.185226440429687
0.0225543975830078 -0.0335979461669922 -0.171859741210937 -0.251739501953125
0.0300579071044922 -0.00563430786132812 -0.0597686767578125 -0.2734375
0.1357421875 0.0581512451171875 -0.161270141601562 0.0850982666015625
0.150253295898438 -0.031768798828125 -0.000885009765624972 0.188125610351563
0.0711822509765625 -0.163406372070312 0.140106201171875 0.138725280761719
-0.0720977783203125 -0.129135131835938 0.143173217773438 0.056976318359375
-0.123207092285156 -0.0303421020507813 0.0936431884765625 -0.0037841796875
-0.0930404663085938 0.0664901733398437 0.0305690765380859 0.00679969787597657
-0.0410232543945313 0.0889511108398437 -0.000568389892578132 0.0442581176757813
-0.0338211059570313 0.073699951171875 -0.00470733642578125 0.0804672241210938
-0.0285263061523437 0.0834426879882813 -0.033416748046875 0.146148681640625
-0.052642822265625 0.0669631958007812 -0.108230590820313 0.181472778320312
-0.0816726684570312 0.0278778076171875 -0.2010498046875 0.150619506835937
-0.083709716796875 -0.0373077392578125 -0.27935791015625 0.0232696533203124
-0.000595092773437502 -0.107826232910156 -0.265777587890625 -0.168838500976562
0.0832901000976563 -0.0661773681640625 -0.1715087890625 -0.239028930664063
0.0991058349609375 0.018829345703125 -0.0531158447265625 -0.262420654296875
0.178970336914063 0.0729217529296875 -0.14019775390625 0.103469848632813
0.185226440429688 -0.056976318359375 -0.019287109375 0.201492309570313
0.074737548828125 -0.204437255859375 0.133880615234375 0.187057495117188
-0.09869384765625 -0.153167724609375 0.185791015625 0.0948944091796875
-0.152999877929688 -0.031341552734375 0.148162841796875 -0.014801025390625
-0.118202209472656 0.0865936279296875 0.0613059997558594 -0.033111572265625
-0.0582656860351563 0.113883972167969 0.00469255447387695 0.00110483169555665
-0.0518569946289062 0.100601196289063 -0.007171630859375 0.0492897033691406
-0.048980712890625 0.118537902832031 -0.034759521484375 0.120635986328125
-0.08612060546875 0.09564208984375 -0.09881591796875 0.1595458984375
-0.131881713867188 0.0301361083984375 -0.184173583984375 0.128921508789063
-0.121986389160156 -0.0719070434570313 -0.256759643554688 0.0153045654296875
0.01800537109375 -0.163726806640625 -0.242752075195312 -0.155517578125
0.138359069824219 -0.0888290405273437 -0.153167724609375 -0.223526000976562
0.152450561523438 0.042236328125 -0.0296630859375 -0.238571166992188
0.196914672851562 0.0753326416015625 -0.109268188476562 0.135627746582031
0.186920166015625 -0.06903076171875 -0.0138702392578125 0.229949951171875
0.06439208984375 -0.206008911132813 0.15533447265625 0.22412109375
-0.10418701171875 -0.144912719726563 0.239486694335937 0.107498168945312
-0.151992797851563 -0.02496337890625 0.1962890625 -0.03955078125
-0.119712829589844 0.0909576416015625 0.0879440307617187 -0.079681396484375
-0.0667190551757812 0.120361328125 0.0093536376953125 -0.0469322204589844
-0.0633926391601563 0.112541198730469 -0.00826168060302735 0.0117349624633789
-0.0654144287109375 0.139396667480469 -0.03338623046875 0.0804443359375
-0.116729736328125 0.110511779785156 -0.08294677734375 0.117950439453125
-0.169036865234375 0.0195159912109375 -0.1541748046875 0.0915985107421875
-0.140792846679687 -0.108428955078125 -0.216629028320313 0.00321960449218753
0.046722412109375 -0.199020385742188 -0.207901000976563 -0.136154174804688
0.179122924804688 -0.090179443359375 -0.129470825195313 -0.203933715820312
0.181564331054688 0.0618438720703125 0.00532531738281253 -0.205764770507812
0.186325073242188 0.0656280517578125 -0.0679168701171875 0.174072265625
0.163467407226562 -0.0630035400390625 0.017669677734375 0.25665283203125
0.05322265625 -0.174118041992188 0.190933227539063 0.23406982421875
-0.0867385864257813 -0.117660522460938 0.2833251953125 0.09271240234375
-0.125534057617188 -0.0198898315429687 0.225997924804687 -0.070098876953125
-0.105598449707031 0.0791473388671875 0.103858947753906 -0.121292114257813
-0.0680389404296875 0.107536315917969 0.013336181640625 -0.0914764404296875
-0.066680908203125 0.1070556640625 -0.0082244873046875 -0.0274829864501953
-0.075897216796875 0.137298583984375 -0.0273895263671875 0.030599594116211
-0.131950378417969 0.101531982421875 -0.0575027465820313 0.0643424987792969
-0.176162719726563 -0.00317382812499997 -0.109100341796875 0.0528411865234375
-0.124961853027344 -0.132919311523437 -0.165802001953125 0.000656127929687494
0.0796661376953125 -0.193511962890625 -0.179931640625 -0.1070556640625
0.190765380859375 -0.0669708251953125 -0.109481811523437 -0.185501098632813
0.176788330078125 0.074371337890625 0.0475311279296875 -0.167861938476563
0.15185546875 0.045745849609375 -0.0221405029296875 0.210250854492188
0.125358581542969 -0.0427780151367188 0.06304931640625 0.27227783203125
0.0447845458984375 -0.125907897949219 0.225128173828125 0.220169067382813
-0.058319091796875 -0.0858688354492188 0.306182861328125 0.064453125
-0.0884017944335938 -0.0172271728515625 0.236053466796875 -0.0964202880859375
-0.0827484130859375 0.05755615234375 0.109771728515625 -0.152420043945313
-0.0609970092773437 0.0808868408203125 0.01513671875 -0.126457214355469
-0.0613021850585938 0.0861282348632813 -0.00785827636718751 -0.0642967224121094
-0.0746841430664063 0.112373352050781 -0.0173358917236328 -0.0186824798583984
-0.122634887695313 0.072845458984375 -0.0273761749267578 0.0139083862304688
-0.143936157226563 -0.0243682861328125 -0.060577392578125 0.0261993408203125
-0.0814666748046875 -0.125076293945313 -0.122772216796875 0.0112533569335937
0.090789794921875 -0.144485473632813 -0.172637939453125 -0.0816802978515625
0.162429809570313 -0.0295562744140625 -0.0984039306640625 -0.178192138671875
0.140052795410156 0.0719070434570313 0.0882492065429688 -0.130195617675781
0.0964202880859375 0.0219650268554688 0.020477294921875 0.236724853515625
0.07965087890625 -0.0159225463867188 0.10687255859375 0.2738037109375
0.0363693237304688 -0.0749282836914062 0.24822998046875 0.196304321289063
-0.027496337890625 -0.0548477172851563 0.3157958984375 0.034576416015625
-0.0493316650390625 -0.0160484313964844 0.235824584960938 -0.11572265625
-0.0560150146484375 0.0294380187988281 0.110748291015625 -0.1734619140625
-0.0489234924316406 0.0446128845214844 0.0156097412109375 -0.150466918945313
-0.0472793579101562 0.0525856018066406 -0.00621795654296874 -0.0913925170898437
-0.06036376953125 0.0680160522460938 -0.00641250610351563 -0.0554351806640625
-0.0848007202148438 0.0332183837890625 -0.00206375122070313 -0.0222873687744141
-0.0809478759765625 -0.0294113159179687 -0.0271015167236328 0.0146007537841797
-0.0321044921875 -0.0782699584960938 -0.100418090820313 0.0225067138671875
0.0663223266601563 -0.0716476440429688 -0.17706298828125 -0.075653076171875
0.0929031372070312 0.000335693359375 -0.0875396728515625 -0.180450439453125
0.0772628784179688 0.0507125854492188 0.121910095214844 -0.0977325439453125
-0.0110092163085938 -0.0115070343017578 -0.157562255859375 0.09661865234375
-0.00415897369384766 0.00557041168212891 0.0567626953125 0.191970825195313
-0.0142154693603516 -0.0166187286376953 0.1844482421875 0.0695343017578125
-0.00797843933105469 0.00668764114379883 0.114402770996094 -0.02288818359375
0.00598812103271484 0.011073112487793 0.0276317596435547 -0.0131301879882813
0.0147867202758789 -0.00370883941650391 -0.000576019287109373 0.0338230133056641
0.0100202560424805 -0.00713253021240234 0.000152587890625 0.0756607055664063
0.0113735198974609 -0.00542831420898438 0.00265502929687499 0.09722900390625
0.0144796371459961 -0.00824737548828125 -0.0246734619140625 0.1488037109375
0.0126867294311523 -0.000412940979003906 -0.111343383789063 0.174789428710938
0.0158243179321289 0.0115070343017578 -0.206634521484375 0.14697265625
-0.00464630126953125 0.0186405181884766 -0.2821044921875 0.00817871093749997
-0.0263671875 0.00934791564941407 -0.264251708984375 -0.196014404296875
-0.0373344421386719 0.000644683837890633 -0.159027099609375 -0.252853393554688
-0.0431900024414062 -0.0303153991699219 -0.0521697998046875 -0.26507568359375
0.0684318542480469 0.0266685485839844 -0.16357421875 0.0840606689453125
0.08013916015625 -0.0106277465820313 0.031219482421875 0.184616088867188
0.0344390869140625 -0.0933990478515625 0.164566040039063 0.09271240234375
-0.0402030944824219 -0.0682868957519531 0.119956970214844 0.00673675537109375
-0.0642318725585938 -0.0127449035644531 0.0483856201171875 -0.00832366943359375
-0.0429229736328125 0.0360069274902344 0.00781631469726562 0.0288658142089844
-0.0142326354980469 0.0463218688964844 -0.00135421752929688 0.0691947937011719
-0.009857177734375 0.0361175537109375 -0.000190734863281247 0.0938796997070313
-0.00496292114257812 0.0376968383789063 -0.0270233154296875 0.150604248046875
-0.0175590515136719 0.0319709777832031 -0.106369018554688 0.181610107421875
-0.0286922454833984 0.01995849609375 -0.199905395507813 0.154327392578125
-0.0408554077148437 -0.006591796875 -0.280319213867187 0.0237274169921875
-0.0159263610839844 -0.0463104248046875 -0.271575927734375 -0.174545288085938
0.0203723907470703 -0.0331993103027344 -0.1748046875 -0.241836547851562
0.0285129547119141 -0.00636482238769531 -0.06414794921875 -0.268707275390625
0.134201049804688 0.0552291870117188 -0.156051635742187 0.0862579345703125
0.146514892578125 -0.033843994140625 0.00448608398437502 0.181442260742187
0.063446044921875 -0.161895751953125 0.141189575195313 0.130233764648438
-0.0731658935546875 -0.123916625976562 0.141403198242188 0.0501251220703125
-0.120491027832031 -0.0264358520507813 0.0915145874023437 -0.0074615478515625
-0.0884780883789063 0.0685348510742188 0.0316600799560547 0.00510787963867188
-0.0361557006835938 0.0883712768554688 0.00120925903320312 0.0417404174804688
-0.0304489135742188 0.0724716186523438 -0.00323486328125 0.0756072998046875
-0.0242080688476563 0.081512451171875 -0.029327392578125 0.141464233398438
-0.0487632751464844 0.0665435791015625 -0.100341796875 0.178054809570312
-0.0771255493164063 0.0293350219726563 -0.19091796875 0.15167236328125
-0.0820999145507813 -0.03424072265625 -0.27178955078125 0.029083251953125
-0.00495147705078125 -0.105522155761719 -0.264877319335938 -0.158950805664062
0.0786666870117188 -0.066253662109375 -0.174209594726563 -0.229354858398437
0.0969924926757813 0.0169830322265625 -0.0583343505859375 -0.257888793945312
0.176605224609375 0.069549560546875 -0.135505676269531 0.104438781738281
0.179977416992188 -0.0586395263671875 -0.0136871337890625 0.194915771484375
0.066436767578125 -0.201950073242188 0.13592529296875 0.17755126953125
-0.0997772216796875 -0.146575927734375 0.184524536132813 0.086883544921875
-0.15008544921875 -0.027313232421875 0.144439697265625 -0.019866943359375
-0.111740112304687 0.0888290405273438 0.0608291625976562 -0.033721923828125
-0.0525436401367188 0.11297607421875 0.005218505859375 -2.86102294921183E-06
-0.0471420288085938 0.09857177734375 -0.00595474243164063 0.0466423034667969
-0.0426559448242187 0.117179870605469 -0.0307998657226563 0.117393493652344
-0.0810165405273437 0.0956802368164063 -0.091339111328125 0.156387329101563
-0.125762939453125 0.0330352783203125 -0.175552368164063 0.130218505859375
-0.119781494140625 -0.06683349609375 -0.250885009765625 0.0207366943359375
0.011962890625 -0.160568237304688 -0.241897583007813 -0.1466064453125
0.132034301757813 -0.08929443359375 -0.156600952148438 -0.21527099609375
0.150360107421875 0.0388336181640625 -0.0348052978515625 -0.234954833984375
0.193710327148438 0.0720367431640625 -0.103858947753906 0.135871887207031
0.18115234375 -0.069915771484375 -0.00740051269531247 0.22265625
0.056243896484375 -0.20257568359375 0.158432006835938 0.213607788085938
-0.104812622070313 -0.1383056640625 0.237594604492188 0.0978546142578125
-0.14727783203125 -0.021240234375 0.190704345703125 -0.0453338623046875
-0.113243103027344 0.0918807983398438 0.0847396850585938 -0.0798416137695313
-0.0610733032226562 0.119415283203125 0.00871276855468749 -0.046600341796875
-0.0589599609375 0.110939025878906 -0.00746917724609375 0.0107755661010742
-0.0581588745117187 0.137283325195313 -0.0299606323242188 0.078643798828125
-0.109733581542969 0.1109619140625 -0.0773391723632813 0.11553955078125
-0.163116455078125 0.0235595703125 -0.14752197265625 0.0932769775390625
-0.139595031738281 -0.102577209472656 -0.211685180664063 0.00816345214843745
0.040435791015625 -0.1966552734375 -0.207351684570312 -0.128097534179688
0.17327880859375 -0.0926513671875 -0.132400512695313 -0.196395874023438
0.179046630859375 0.0584716796875 0.000595092773437523 -0.20294189453125
0.183502197265625 0.06207275390625 -0.06268310546875 0.172821044921875
0.158096313476563 -0.0637359619140625 0.02313232421875 0.248153686523438
0.0466766357421875 -0.171371459960938 0.192901611328125 0.22271728515625
-0.0863723754882813 -0.112030029296875 0.279052734375 0.0821075439453125
-0.121681213378906 -0.01678466796875 0.217910766601563 -0.0754852294921875
-0.100028991699219 0.0800704956054688 0.0990676879882813 -0.120941162109375
-0.0620803833007813 0.106613159179688 0.0107421875 -0.0890960693359375
-0.0622100830078125 0.105232238769531 -0.00796318054199219 -0.0270061492919922
-0.0679702758789062 0.135498046875 -0.0256519317626953 0.0305576324462891
-0.125724792480469 0.103569030761719 -0.0551071166992188 0.06268310546875
-0.170822143554688 0.00181579589843754 -0.104812622070313 0.0529327392578125
-0.125259399414063 -0.127494812011719 -0.161056518554688 0.00350952148437502
0.0722503662109375 -0.191818237304688 -0.178573608398437 -0.100189208984375
0.185272216796875 -0.069610595703125 -0.112899780273437 -0.17889404296875
0.175643920898438 0.0708770751953125 0.042083740234375 -0.165725708007813
0.149093627929688 0.043853759765625 -0.0166168212890625 0.207687377929688
0.121994018554688 -0.0440521240234375 0.06793212890625 0.263076782226562
0.0397186279296875 -0.124313354492188 0.225494384765625 0.2088623046875
-0.057525634765625 -0.0823440551757813 0.3016357421875 0.053741455078125
-0.0852737426757813 -0.015350341796875 0.227828979492188 -0.101394653320313
-0.078704833984375 0.0579681396484375 0.104598999023438 -0.151107788085938
-0.0572662353515625 0.0809478759765625 0.0119171142578125 -0.123214721679688
-0.0573806762695312 0.0845947265625 -0.00794219970703125 -0.062347412109375
-0.0680999755859375 0.111915588378906 -0.0172977447509766 -0.0171613693237305
-0.117141723632813 0.0753707885742188 -0.0269927978515625 0.0123081207275391
-0.140975952148438 -0.0202789306640625 -0.0576286315917969 0.0258102416992187
-0.0825729370117188 -0.120765686035156 -0.11846923828125 0.0131683349609375
0.085693359375 -0.144088745117188 -0.170867919921875 -0.074920654296875
0.1585693359375 -0.0326690673828125 -0.1019287109375 -0.171142578125
0.1395263671875 0.0698165893554688 0.082183837890625 -0.129447937011719
0.0942306518554688 0.0213546752929687 0.0254058837890625 0.233184814453125
0.0780029296875 -0.0164947509765625 0.111053466796875 0.263473510742188
0.0334091186523437 -0.073638916015625 0.248123168945313 0.184524536132813
-0.02752685546875 -0.0527992248535156 0.3089599609375 0.024749755859375
-0.0470809936523438 -0.0154151916503906 0.22662353515625 -0.119598388671875
-0.0534019470214844 0.0300254821777344 0.104049682617187 -0.171295166015625
-0.0463943481445313 0.0451507568359375 0.0120849609375 -0.146286010742187
-0.0442047119140625 0.0518836975097656 -0.00687408447265626 -0.08782958984375
-0.0551834106445313 0.06793212890625 -0.00770950317382813 -0.0531044006347656
-0.081695556640625 0.035552978515625 -0.00273895263671876 -0.0229663848876953
-0.078948974609375 -0.0269775390625 -0.0250644683837891 0.0138359069824219
-0.0325927734375 -0.076080322265625 -0.096649169921875 0.0240325927734375
0.0629806518554688 -0.0722274780273438 -0.175048828125 -0.068450927734375
0.0909881591796875 -0.00078582763671875 -0.0919952392578125 -0.174530029296875
0.0771484375 0.04852294921875 0.116142272949219 -0.0977020263671875
-0.0113277435302734 -0.0114269256591797 -0.156539916992188 0.0969085693359375
-0.00458192825317383 0.00557518005371094 0.058319091796875 0.189041137695313
-0.0153284072875977 -0.0149250030517578 0.185150146484375 0.066192626953125
-0.00763416290283203 0.00675868988037109 0.113746643066406 -0.0249176025390625
0.00642585754394531 0.0101985931396484 0.0274925231933594 -0.0128993988037109
0.015009880065918 -0.00333690643310547 0.00153350830078125 0.0333309173583984
0.0108089447021484 -0.00617694854736328 0.00170898437500001 0.0731887817382812
0.0121679306030273 -0.00556755065917969 0.00224304199218751 0.0940780639648438
0.0150947570800781 -0.00790977478027344 -0.0238494873046875 0.145187377929688
0.0125770568847656 -0.000380516052246094 -0.108474731445312 0.172393798828125
0.0161209106445313 0.0107421875 -0.202392578125 0.146392822265625
-0.00451278686523437 0.0184993743896484 -0.281219482421875 0.0108032226562501
-0.0281715393066406 0.00889587402343751 -0.266738891601563 -0.1932373046875
-0.0382804870605469 0.000625610351562506 -0.1611328125 -0.250946044921875
-0.043243408203125 -0.0306777954101563 -0.0532379150390625 -0.267105102539063
0.0685882568359375 0.0272750854492188 -0.162399291992188 0.0848846435546875
0.0797119140625 -0.0099334716796875 0.032501220703125 0.181869506835938
0.03240966796875 -0.0928802490234375 0.165847778320312 0.0894927978515625
-0.0403976440429687 -0.0677452087402344 0.11962890625 0.0043792724609375
-0.0634002685546875 -0.0123138427734375 0.0481147766113281 -0.00966644287109375
-0.0416603088378906 0.0364875793457031 0.00919723510742187 0.0280284881591797
-0.01165771484375 0.0465621948242188 9.5367431640627E-05 0.0670433044433594
-0.00832748413085938 0.0353279113769531 -0.000205993652343758 0.090240478515625
-0.00360870361328125 0.037261962890625 -0.0262298583984375 0.147567749023438
-0.0164318084716797 0.0321483612060547 -0.10369873046875 0.179718017578125
-0.0268135070800781 0.0197238922119141 -0.195541381835938 0.154678344726563
-0.0401649475097656 -0.00658798217773438 -0.27911376953125 0.025634765625
-0.0179710388183594 -0.0456581115722656 -0.273330688476563 -0.172042846679687
0.0186920166015625 -0.0325908660888672 -0.177291870117188 -0.240158081054688
0.0277214050292969 -0.00681686401367188 -0.06512451171875 -0.269866943359375
0.135246276855469 0.0557937622070312 -0.154327392578125 0.087158203125
0.145858764648438 -0.0340728759765625 0.00593566894531251 0.178482055664062
0.0604705810546875 -0.161468505859375 0.142425537109375 0.1270751953125
-0.0737075805664063 -0.123207092285156 0.142074584960938 0.0475311279296875
-0.120018005371094 -0.0260543823242188 0.0915985107421875 -0.00937652587890625
-0.08624267578125 0.069610595703125 0.0334815979003906 0.00444412231445313
-0.0339736938476562 0.0887908935546875 0.00188064575195313 0.0396270751953125
-0.0291976928710937 0.0721969604492188 -0.00299072265625 0.0730209350585938
-0.0216064453125 0.0807113647460938 -0.0281906127929688 0.138961791992188
-0.0468635559082031 0.0666618347167969 -0.0973358154296875 0.176620483398437
-0.0745849609375 0.0297470092773438 -0.186920166015625 0.151702880859375
-0.0810546875 -0.0330734252929688 -0.271682739257813 0.0309600830078125
-0.007171630859375 -0.104591369628906 -0.266357421875 -0.156265258789062
0.0765914916992188 -0.0657196044921875 -0.17657470703125 -0.227996826171875
0.0962600708007813 0.0168838500976563 -0.05950927734375 -0.259368896484375
0.177108764648438 0.070556640625 -0.134315490722656 0.105392456054687
0.179351806640625 -0.058624267578125 -0.0123748779296875 0.192596435546875
0.0632171630859375 -0.201080322265625 0.137649536132812 0.174819946289063
-0.0995025634765625 -0.14544677734375 0.185470581054688 0.0836029052734375
-0.14892578125 -0.0265045166015625 0.143890380859375 -0.0219573974609375
-0.108955383300781 0.0897903442382812 0.0619430541992187 -0.0346450805664062
-0.0500564575195313 0.112983703613281 0.00547695159912109 -0.00155639648437499
-0.0458221435546875 0.098297119140625 -0.00589370727539063 0.0447158813476563
-0.039398193359375 0.116233825683594 -0.0297622680664063 0.11566162109375
-0.0787887573242188 0.0959930419921875 -0.0895233154296875 0.155532836914063
-0.122772216796875 0.0343017578125 -0.1722412109375 0.130538940429688
-0.119346618652344 -0.0652542114257813 -0.250640869140625 0.0213775634765625
0.00961303710937501 -0.160110473632812 -0.243087768554688 -0.144546508789063
0.130081176757813 -0.0892181396484375 -0.15899658203125 -0.213653564453125
0.150665283203125 0.03955078125 -0.03631591796875 -0.236770629882812
0.1942138671875 0.0726776123046875 -0.102333068847656 0.137260437011719
0.180587768554688 -0.070037841796875 -0.00634765624999997 0.220321655273438
0.053314208984375 -0.201400756835938 0.160171508789063 0.211151123046875
-0.104019165039063 -0.136161804199219 0.238540649414063 0.0941619873046875
-0.146209716796875 -0.0208587646484375 0.190017700195312 -0.048431396484375
-0.110267639160156 0.0926666259765625 0.0859603881835938 -0.080413818359375
-0.0585098266601562 0.119796752929687 0.0084686279296875 -0.0471687316894531
-0.0573348999023438 0.110389709472656 -0.00749683380126954 0.00950241088867188
-0.0545806884765625 0.136177062988281 -0.0288543701171875 0.0779495239257813
-0.107559204101563 0.111984252929687 -0.0759048461914062 0.114036560058594
-0.160675048828125 0.0257110595703125 -0.145278930664063 0.0922698974609375
-0.139251708984375 -0.101043701171875 -0.211257934570313 0.00865173339843749
0.0373992919921875 -0.196456909179688 -0.207855224609375 -0.12628173828125
0.171539306640625 -0.0922698974609375 -0.134780883789063 -0.194534301757812
0.18017578125 0.05877685546875 -0.000976562499999978 -0.204315185546875
0.183242797851563 0.063690185546875 -0.0615081787109375 0.173873901367187
0.1575927734375 -0.0633392333984375 0.0244598388671875 0.245773315429687
0.0436248779296875 -0.169891357421875 0.194747924804688 0.21966552734375
-0.0856246948242188 -0.110275268554688 0.279693603515625 0.07794189453125
-0.119873046875 -0.0172119140625 0.216201782226562 -0.0780792236328125
-0.0972518920898438 0.079833984375 0.0994110107421875 -0.120941162109375
-0.0599288940429687 0.107322692871094 0.010406494140625 -0.0887298583984375
-0.0609207153320313 0.104644775390625 -0.00750160217285157 -0.0270977020263672
-0.0647811889648438 0.135169982910156 -0.0247211456298828 0.0303440093994141
-0.122901916503906 0.104820251464844 -0.0541458129882813 0.0613327026367188
-0.169418334960938 0.00314331054687501 -0.102523803710938 0.0526504516601563
-0.125831604003906 -0.126708984375 -0.160736083984375 0.00329589843749997
0.0695343017578125 -0.192306518554688 -0.179306030273438 -0.0984954833984375
0.1846923828125 -0.06982421875 -0.115951538085937 -0.176971435546875
0.17694091796875 0.07177734375 0.040374755859375 -0.166763305664063
0.14910888671875 0.0456085205078125 -0.0158538818359375 0.209274291992188
0.122001647949219 -0.0425338745117187 0.069000244140625 0.259902954101563
0.0382461547851563 -0.123199462890625 0.226913452148438 0.205535888671875
-0.056304931640625 -0.08123779296875 0.301025390625 0.04931640625
-0.08355712890625 -0.0160140991210937 0.225082397460938 -0.10345458984375
-0.0768966674804687 0.05804443359375 0.10369873046875 -0.150665283203125
-0.0558853149414063 0.0817413330078125 0.011199951171875 -0.121864318847656
-0.0561599731445313 0.0845489501953125 -0.0072784423828125 -0.0617256164550781
-0.0650863647460938 0.111740112304688 -0.0173120498657227 -0.0171871185302734
-0.115242004394531 0.0766448974609375 -0.0271492004394531 0.0109653472900391
-0.139854431152344 -0.0192642211914062 -0.0568923950195312 0.0246238708496094
-0.08270263671875 -0.120948791503906 -0.118011474609375 0.0128936767578125
0.0840301513671875 -0.145111083984375 -0.171340942382813 -0.07293701171875
0.158309936523437 -0.0324249267578125 -0.105300903320312 -0.1695556640625
0.140327453613281 0.0699462890625 0.0805587768554688 -0.130226135253906
0.093475341796875 0.0222854614257813 0.0261993408203125 0.234664916992187
0.0781936645507812 -0.0165481567382812 0.11224365234375 0.261062622070313
0.0323257446289063 -0.0726852416992188 0.24884033203125 0.181503295898438
-0.0260429382324219 -0.0522880554199219 0.30804443359375 0.020355224609375
-0.0463981628417969 -0.0164909362792969 0.2237548828125 -0.120941162109375
-0.0524101257324219 0.0295295715332031 0.102493286132813 -0.170318603515625
-0.0455856323242188 0.0463790893554688 0.0106048583984375 -0.14398193359375
-0.0437965393066406 0.0512580871582031 -0.00640106201171875 -0.0862274169921875
-0.0533599853515625 0.0681800842285156 -0.00757598876953126 -0.0524024963378906
-0.0807723999023438 0.0366668701171875 -0.00408172607421876 -0.0235939025878906
-0.0792083740234375 -0.0274200439453125 -0.0247383117675781 0.0125255584716797
-0.0325546264648437 -0.076751708984375 -0.0947494506835938 0.0240707397460937
0.0627212524414063 -0.0718002319335938 -0.175628662109375 -0.06671142578125
0.0913467407226562 -0.00051116943359375 -0.09429931640625 -0.172866821289063
0.077392578125 0.0497817993164063 0.114212036132812 -0.0987014770507812
-0.0122756958007812 -0.0116376876831055 -0.158187866210938 0.0998992919921875
-0.00491142272949219 0.00570774078369141 0.06280517578125 0.19091796875
-0.0170974731445313 -0.0140409469604492 0.191909790039063 0.06329345703125
-0.00699710845947266 0.00682258605957031 0.115859985351563 -0.0286331176757813
0.00710487365722656 0.00949382781982422 0.0283889770507813 -0.0138759613037109
0.0150203704833984 -0.00314807891845703 0.00358772277832031 0.0321865081787109
0.0122337341308594 -0.00562381744384766 0.00324249267578125 0.0724945068359375
0.0135564804077148 -0.00618648529052734 0.00220489501953126 0.0930099487304688
0.0163087844848633 -0.0084228515625 -0.02349853515625 0.145065307617188
0.0129718780517578 -2.95639038085937E-05 -0.107696533203125 0.174758911132813
0.0171594619750977 0.0102872848510742 -0.20184326171875 0.150802612304687
-0.00440216064453125 0.0194377899169922 -0.287445068359375 0.014801025390625
-0.0305366516113281 0.0100688934326172 -0.276092529296875 -0.193084716796875
-0.0396461486816406 0.0014801025390625 -0.168060302734375 -0.254165649414063
-0.0453910827636719 -0.0308570861816406 -0.056793212890625 -0.27398681640625
0.0716781616210938 0.0275115966796875 -0.164642333984375 0.08770751953125
0.0815658569335938 -0.0107345581054688 0.0361328125 0.183486938476562
0.0304794311523438 -0.0938644409179688 0.171707153320313 0.08734130859375
-0.04132080078125 -0.0688858032226563 0.122077941894531 0.0014801025390625
-0.0646705627441406 -0.0129013061523437 0.0492324829101562 -0.0107688903808594
-0.0413551330566406 0.0382575988769531 0.0119743347167969 0.0277271270751953
-0.0102615356445313 0.0476417541503906 0.000942230224609381 0.0658340454101562
-0.00710678100585938 0.0357246398925781 -0.000335693359375004 0.0896377563476562
-0.00172042846679687 0.0380020141601563 -0.02593994140625 0.14776611328125
-0.0154132843017578 0.0331859588623047 -0.102508544921875 0.1822509765625
-0.0261440277099609 0.0200443267822266 -0.195404052734375 0.158157348632812
-0.0406112670898438 -0.00530242919921876 -0.284637451171875 0.0302429199218749
-0.0208473205566406 -0.0456085205078125 -0.28271484375 -0.171722412109375
0.0175800323486328 -0.0328254699707031 -0.184036254882813 -0.242965698242188
0.0278949737548828 -0.00653266906738281 -0.0689697265625 -0.27740478515625
0.139877319335938 0.0571136474609375 -0.155899047851563 0.0909271240234375
0.149002075195313 -0.034759521484375 0.00784301757812501 0.179702758789063
0.0593414306640625 -0.164947509765625 0.147857666015625 0.125946044921875
-0.0760345458984375 -0.125328063964844 0.145751953125 0.0452728271484375
-0.122383117675781 -0.026458740234375 0.0932540893554687 -0.0115203857421875
-0.0854721069335937 0.0720977783203125 0.0358352661132812 0.003143310546875
-0.031402587890625 0.090667724609375 0.00272369384765625 0.0387191772460938
-0.0277557373046875 0.0731353759765625 -0.00362396240234376 0.0722274780273438
-0.0191574096679687 0.08160400390625 -0.0270233154296875 0.139884948730469
-0.0455474853515625 0.0684928894042969 -0.0969085693359375 0.179229736328125
-0.074371337890625 0.0305557250976562 -0.187240600585938 0.15606689453125
-0.0821609497070312 -0.0323944091796875 -0.277053833007813 0.0345001220703125
-0.0105819702148437 -0.10540771484375 -0.276092529296875 -0.155975341796875
0.07623291015625 -0.0667037963867188 -0.18359375 -0.230621337890625
0.0980148315429688 0.0174407958984375 -0.0634918212890625 -0.26715087890625
0.18328857421875 0.0721893310546875 -0.134986877441406 0.109809875488281
0.182723999023437 -0.0602569580078125 -0.0106658935546875 0.193817138671875
0.061248779296875 -0.204254150390625 0.143264770507813 0.17474365234375
-0.102569580078125 -0.147247314453125 0.191009521484375 0.0816192626953125
-0.151275634765625 -0.026397705078125 0.146575927734375 -0.0253448486328125
-0.108207702636719 0.0919647216796875 0.0648689270019531 -0.0376625061035156
-0.0471878051757813 0.116203308105469 0.00531196594238281 -0.00246524810791015
-0.0445632934570313 0.100067138671875 -0.00658416748046876 0.0439224243164063
-0.0368423461914063 0.117523193359375 -0.0289230346679687 0.117362976074219
-0.0766372680664063 0.09893798828125 -0.0880889892578125 0.157730102539063
-0.123092651367188 0.0365371704101563 -0.172958374023438 0.134567260742187
-0.121711730957031 -0.0641098022460938 -0.255599975585938 0.0252685546875
0.00555419921875002 -0.162384033203125 -0.25146484375 -0.144439697265625
0.131393432617188 -0.0907211303710938 -0.166244506835938 -0.215652465820313
0.154510498046875 0.039886474609375 -0.040252685546875 -0.243408203125
0.200088500976562 0.0750732421875 -0.102645874023437 0.142593383789063
0.183868408203125 -0.071197509765625 -0.00512695312499999 0.22296142578125
0.050384521484375 -0.204620361328125 0.16619873046875 0.212066650390625
-0.106796264648437 -0.137489318847656 0.24517822265625 0.09136962890625
-0.148284912109375 -0.0204925537109375 0.192474365234375 -0.0522308349609375
-0.109130859375 0.09564208984375 0.0878677368164063 -0.083709716796875
-0.0559310913085937 0.122360229492188 0.00799942016601562 -0.0490036010742187
-0.056427001953125 0.112174987792969 -0.00804519653320313 0.00908279418945313
-0.0511016845703125 0.138534545898438 -0.0282211303710938 0.07958984375
-0.105545043945313 0.115692138671875 -0.0755615234375 0.116928100585938
-0.161712646484375 0.0283203125 -0.146636962890625 0.0958099365234375
-0.142959594726563 -0.101455688476563 -0.215789794921875 0.0107574462890625
0.0342254638671875 -0.200912475585937 -0.21539306640625 -0.126480102539063
0.1737060546875 -0.095001220703125 -0.141357421875 -0.196548461914062
0.18499755859375 0.060760498046875 -0.00384521484374997 -0.209716796875
0.188812255859375 0.0660400390625 -0.0605010986328125 0.180389404296875
0.159652709960938 -0.0636444091796875 0.026580810546875 0.249053955078125
0.0420074462890625 -0.172164916992188 0.202560424804688 0.2215576171875
-0.0870742797851563 -0.111099243164062 0.286834716796875 0.07470703125
-0.120918273925781 -0.0172119140625 0.21881103515625 -0.0833740234375
-0.0962905883789063 0.0819320678710938 0.10028076171875 -0.124656677246094
-0.0587005615234375 0.110183715820312 0.009124755859375 -0.0901031494140625
-0.0596389770507812 0.107124328613281 -0.00803947448730469 -0.0279102325439453
-0.0623703002929687 0.137916564941406 -0.0245723724365234 0.0313587188720703
-0.12237548828125 0.109382629394531 -0.0552864074707031 0.0624847412109375
-0.172134399414063 0.00524902343750002 -0.104560852050781 0.053314208984375
-0.12969970703125 -0.1278076171875 -0.1639404296875 0.00451660156250001
0.0680084228515625 -0.197494506835938 -0.185028076171875 -0.0977783203125
0.188201904296875 -0.072418212890625 -0.121597290039063 -0.178329467773438
0.182571411132812 0.0736083984375 0.0379180908203125 -0.171585083007813
0.152664184570313 0.047515869140625 -0.0136566162109375 0.216552734375
0.124076843261719 -0.0440292358398438 0.0726318359375 0.263717651367188
0.0368118286132813 -0.124725341796875 0.23541259765625 0.206573486328125
-0.0568923950195313 -0.0814361572265625 0.30810546875 0.045013427734375
-0.0840835571289063 -0.01715087890625 0.227249145507812 -0.10980224609375
-0.0757904052734375 0.0591583251953125 0.104400634765625 -0.154464721679688
-0.054840087890625 0.0841827392578125 0.00968933105468751 -0.122917175292969
-0.0556259155273438 0.0867843627929688 -0.00693511962890626 -0.0618133544921875
-0.0629348754882813 0.113845825195313 -0.0170955657958984 -0.0169296264648437
-0.115219116210938 0.080291748046875 -0.0275535583496094 0.0109939575195313
-0.14263916015625 -0.018310546875 -0.0577850341796875 0.0243034362792969
-0.0853958129882813 -0.123046875 -0.119865417480469 0.0137481689453125
0.0843505859375 -0.149520874023437 -0.176467895507813 -0.07147216796875
0.162139892578125 -0.03363037109375 -0.111236572265625 -0.1708984375
0.145355224609375 0.0721435546875 0.080078125 -0.13433837890625
0.0957260131835938 0.023956298828125 0.029510498046875 0.241928100585938
0.0797958374023438 -0.0167083740234375 0.11651611328125 0.264251708984375
0.0315017700195313 -0.0743408203125 0.257080078125 0.181640625
-0.0262336730957031 -0.0530738830566406 0.314208984375 0.014801025390625
-0.0468215942382813 -0.0179214477539062 0.224945068359375 -0.127349853515625
-0.0521507263183594 0.0307693481445313 0.102645874023438 -0.173675537109375
-0.0457801818847656 0.0484657287597656 0.00900268554687499 -0.145172119140625
-0.0433120727539063 0.053070068359375 -0.00645446777343751 -0.0867691040039063
-0.051788330078125 0.0695953369140625 -0.00764083862304688 -0.0532150268554687
-0.0811920166015625 0.0392684936523438 -0.00464630126953125 -0.0246753692626953
-0.0807647705078125 -0.0272903442382812 -0.0249462127685547 0.0118179321289063
-0.0337982177734375 -0.0785293579101563 -0.0966339111328125 0.0253219604492187
0.0629959106445313 -0.0740203857421875 -0.180389404296875 -0.0645294189453125
0.0942916870117188 9.1552734375E-05 -0.100738525390625 -0.17462158203125
0.0793075561523438 0.0516891479492188 0.115020751953125 -0.102043151855469
-0.012293815612793 -0.0116786956787109 -0.15911865234375 0.10723876953125
-0.00476264953613281 0.006011962890625 0.0722808837890625 0.192611694335938
-0.0183734893798828 -0.0118389129638672 0.200546264648438 0.0565032958984375
-0.00645256042480469 0.00663280487060547 0.117958068847656 -0.0345535278320312
0.00757789611816406 0.0087132453918457 0.0287628173828125 -0.0153121948242188
0.0162553787231445 -0.00328636169433594 0.0062255859375 0.0317974090576172
0.0132894515991211 -0.00607013702392578 0.00554656982421874 0.0724945068359375
0.0141830444335938 -0.00720882415771484 0.00365447998046875 0.09332275390625
0.0174484252929688 -0.00891590118408203 -0.021087646484375 0.147079467773438
0.0139617919921875 0.000744819641113281 -0.10443115234375 0.18121337890625
0.0179672241210938 0.00964164733886719 -0.200942993164062 0.159942626953125
-0.00420188903808594 0.0206661224365234 -0.29547119140625 0.026214599609375
-0.0327949523925781 0.0120220184326172 -0.292694091796875 -0.18878173828125
-0.0401496887207031 0.00352859497070313 -0.18194580078125 -0.255996704101563
-0.0482139587402344 -0.0304794311523438 -0.0670166015625 -0.283294677734375
0.0753707885742187 0.0261077880859375 -0.16619873046875 0.09625244140625
0.0846633911132813 -0.0137176513671875 0.043304443359375 0.1859130859375
0.0279769897460937 -0.0963363647460938 0.1812744140625 0.0814971923828125
-0.0450248718261719 -0.0701713562011719 0.1260986328125 -0.0037841796875
-0.0678482055664063 -0.0120048522949219 0.0505714416503906 -0.0132522583007813
-0.0400810241699219 0.0416374206542969 0.0151748657226562 0.0262870788574219
-0.00745010375976562 0.0496940612792969 0.00335693359375 0.0660552978515625
-0.005340576171875 0.0363426208496094 0.000740051269531258 0.0897674560546875
0.000774383544921875 0.0376853942871094 -0.02325439453125 0.150421142578125
-0.0141429901123047 0.0346775054931641 -0.09844970703125 0.188507080078125
-0.0251216888427734 0.0208015441894531 -0.1934814453125 0.167953491210937
-0.0411796569824219 -0.00317764282226562 -0.292633056640625 0.041229248046875
-0.0245590209960938 -0.0443572998046875 -0.297821044921875 -0.166534423828125
0.0169582366943359 -0.0325736999511719 -0.198104858398437 -0.2442626953125
0.0278053283691406 -0.0072174072265625 -0.080535888671875 -0.286590576171875
0.146957397460938 0.055023193359375 -0.157302856445313 0.0986785888671875
0.154022216796875 -0.0404205322265625 0.01336669921875 0.183380126953125
0.0548095703125 -0.170486450195313 0.157928466796875 0.12255859375
-0.0825042724609375 -0.126853942871094 0.15240478515625 0.040924072265625
-0.127426147460938 -0.0240859985351562 0.0957794189453125 -0.0158233642578125
-0.0842132568359375 0.077117919921875 0.0391845703125 0.00062942504882813
-0.0275497436523437 0.0939712524414063 0.00406646728515625 0.0380592346191406
-0.025421142578125 0.0755386352539063 -0.00274658203125 0.07257080078125
-0.0156478881835937 0.083404541015625 -0.0245361328125 0.143356323242188
-0.04229736328125 0.0717010498046875 -0.0923919677734375 0.185897827148438
-0.0732955932617188 0.0336151123046875 -0.186508178710937 0.165313720703125
-0.084014892578125 -0.0295333862304688 -0.284698486328125 0.0453796386718749
-0.0162277221679688 -0.106414794921875 -0.29083251953125 -0.150604248046875
0.0759811401367188 -0.069244384765625 -0.19805908203125 -0.230941772460937
0.101455688476563 0.0158157348632813 -0.0754852294921875 -0.276123046875
0.192398071289063 0.0698699951171875 -0.134574890136719 0.118179321289063
0.187545776367188 -0.0659942626953125 -0.00567626953124997 0.198760986328125
0.055633544921875 -0.2120361328125 0.154464721679687 0.173690795898438
-0.109970092773438 -0.148056030273437 0.199996948242187 0.075897216796875
-0.156997680664063 -0.0231170654296875 0.1500244140625 -0.03204345703125
-0.106422424316406 0.097991943359375 0.0673065185546875 -0.0418167114257812
-0.0429534912109375 0.120697021484375 0.00530147552490234 -0.00396490097045898
-0.0421905517578125 0.10357666015625 -0.0058441162109375 0.044464111328125
-0.0313873291015625 0.120742797851563 -0.0262832641601563 0.120796203613281
-0.07354736328125 0.104476928710938 -0.0850677490234375 0.163925170898438
-0.123710632324219 0.0412139892578125 -0.172775268554688 0.14337158203125
-0.125877380371094 -0.061431884765625 -0.264144897460938 0.03515625
-0.00128173828125 -0.16583251953125 -0.264999389648438 -0.140304565429687
0.132125854492188 -0.09625244140625 -0.179153442382813 -0.216552734375
0.160659790039063 0.038604736328125 -0.0503692626953125 -0.251953125
0.209747314453125 0.07305908203125 -0.100067138671875 0.151290893554688
0.18743896484375 -0.077056884765625 0.00103759765625 0.2298583984375
0.0452728271484375 -0.211257934570313 0.179550170898438 0.211471557617187
-0.113296508789062 -0.137596130371094 0.256149291992188 0.084014892578125
-0.152877807617188 -0.0180816650390625 0.196014404296875 -0.0622100830078125
-0.107795715332031 0.101203918457031 0.089111328125 -0.0901336669921875
-0.052398681640625 0.127349853515625 0.00628280639648438 -0.0504531860351562
-0.0535888671875 0.116226196289063 -0.0079183578491211 0.00934600830078126
-0.0465087890625 0.1429443359375 -0.0263137817382813 0.0826187133789063
-0.102447509765625 0.122726440429688 -0.0737228393554688 0.121253967285156
-0.164031982421875 0.0341949462890625 -0.147186279296875 0.1019287109375
-0.149765014648438 -0.0994873046875 -0.223342895507813 0.0180511474609375
0.02734375 -0.207443237304688 -0.227203369140625 -0.122512817382813
0.176055908203125 -0.101654052734375 -0.15374755859375 -0.196868896484375
0.193405151367187 0.0579071044921875 -0.0114593505859375 -0.218353271484375
0.197250366210938 0.0638885498046875 -0.0550537109375 0.189804077148438
0.163482666015625 -0.0688934326171875 0.034515380859375 0.255874633789063
0.0369415283203125 -0.176467895507813 0.216796875 0.21990966796875
-0.0916976928710938 -0.111351013183594 0.2977294921875 0.065093994140625
-0.123817443847656 -0.0152359008789062 0.2220458984375 -0.0947265625
-0.0946044921875 0.0870437622070312 0.1007080078125 -0.132568359375
-0.0551528930664062 0.11492919921875 0.00704193115234375 -0.0923919677734375
-0.057525634765625 0.111297607421875 -0.00849151611328126 -0.0285148620605469
-0.0570526123046875 0.1427001953125 -0.0239353179931641 0.0333499908447266
-0.120185852050781 0.116783142089844 -0.0541305541992188 0.0655403137207031
-0.175247192382813 0.010955810546875 -0.104927062988281 0.0570755004882813
-0.137290954589844 -0.127532958984375 -0.16986083984375 0.00962829589843748
0.06304931640625 -0.20550537109375 -0.195098876953125 -0.093902587890625
0.192123413085938 -0.07940673828125 -0.132476806640625 -0.177947998046875
0.191436767578125 0.072509765625 0.0335845947265625 -0.179092407226563
0.15948486328125 0.0462646484375 -0.00634765624999999 0.225662231445313
0.126945495605469 -0.0471878051757812 0.0814666748046875 0.268753051757813
0.0337753295898437 -0.127464294433594 0.250198364257813 0.203460693359375
-0.0598831176757813 -0.0819854736328125 0.318115234375 0.0343017578125
-0.086700439453125 -0.0167083740234375 0.229248046875 -0.121429443359375
-0.0750045776367187 0.06207275390625 0.103485107421875 -0.16265869140625
-0.0528640747070312 0.0884246826171875 0.00696563720703125 -0.124588012695312
-0.0543365478515625 0.0904693603515625 -0.00845718383789063 -0.0619697570800781
-0.0591201782226563 0.117622375488281 -0.0180511474609375 -0.0164852142333984
-0.114089965820313 0.0873336791992188 -0.0285358428955078 0.0118083953857422
-0.147018432617187 -0.0146331787109375 -0.0583038330078125 0.0254096984863281
-0.0921630859375 -0.12457275390625 -0.123321533203125 0.017913818359375
0.081817626953125 -0.156478881835938 -0.185806274414063 -0.0666046142578125
0.166656494140625 -0.0384063720703125 -0.12200927734375 -0.171279907226562
0.152786254882813 0.0724334716796875 0.0772247314453125 -0.141387939453125
0.100288391113281 0.02349853515625 0.0384979248046875 0.251388549804687
0.0822830200195313 -0.018310546875 0.126846313476563 0.268646240234375
0.0300140380859375 -0.076080322265625 0.271194458007813 0.1778564453125
-0.027435302734375 -0.0537528991699219 0.32318115234375 0.0029296875
-0.0483207702636719 -0.0181961059570312 0.22625732421875 -0.138504028320313
-0.0524177551269531 0.0333061218261719 0.10089111328125 -0.18194580078125
-0.0444183349609375 0.0521202087402344 0.00588989257812501 -0.147415161132813
-0.0432586669921875 0.0561141967773438 -0.00792694091796876 -0.08746337890625
-0.0502471923828125 0.0728836059570313 -0.00922012329101563 -0.0534095764160156
-0.0809783935546875 0.044036865234375 -0.006317138671875 -0.0258445739746094
-0.0836334228515625 -0.0262985229492188 -0.0248241424560547 0.0113716125488281
-0.0366668701171875 -0.0798492431640625 -0.0988235473632812 0.0288543701171875
0.06268310546875 -0.077880859375 -0.190109252929688 -0.0592498779296875
0.098052978515625 -0.00167083740234375 -0.111968994140625 -0.175155639648438
0.0850067138671875 0.0525741577148438 0.114593505859375 -0.109130859375
-0.0136432647705078 -0.0126752853393555 -0.155548095703125 0.117813110351563
-0.00433206558227539 0.00678539276123047 0.084228515625 0.19091796875
-0.0196418762207031 -0.00912094116210938 0.208786010742188 0.0434722900390625
-0.00673341751098633 0.00693035125732422 0.118423461914063 -0.042877197265625
0.00765085220336914 0.00750207901000977 0.0290641784667969 -0.0173397064208984
0.0164556503295898 -0.00379371643066406 0.0088043212890625 0.0301685333251953
0.014617919921875 -0.00697231292724609 0.00900268554687501 0.071380615234375
0.0147371292114258 -0.00832748413085938 0.00705718994140626 0.0926666259765625
0.0181007385253906 -0.0109786987304688 -0.015594482421875 0.148834228515625
0.0153255462646484 0.000255584716796875 -0.0957183837890625 0.187332153320312
0.0191154479980469 0.00864791870117188 -0.19488525390625 0.171920776367187
-0.00321388244628906 0.0222034454345703 -0.299468994140625 0.043609619140625
-0.0339221954345703 0.0154056549072266 -0.308807373046875 -0.1741943359375
-0.0403861999511719 0.0059967041015625 -0.199203491210938 -0.250656127929688
-0.0507736206054688 -0.0287933349609375 -0.08416748046875 -0.28753662109375
0.0787734985351563 0.0216827392578125 -0.162857055664063 0.106231689453125
0.086456298828125 -0.017364501953125 0.055084228515625 0.185272216796875
0.0231781005859375 -0.0982513427734375 0.190261840820313 0.069915771484375
-0.0500411987304688 -0.0692214965820313 0.128265380859375 -0.0120468139648438
-0.0704421997070313 -0.0092010498046875 0.0512428283691406 -0.0170516967773438
-0.0377159118652344 0.04473876953125 0.0180435180664063 0.0241870880126953
-0.00365829467773438 0.0503005981445313 0.00669097900390625 0.0652656555175781
-0.00306320190429688 0.0363731384277344 0.00357055664062499 0.0895919799804688
0.00395965576171875 0.0372772216796875 -0.0168914794921875 0.152313232421875
-0.0102157592773438 0.0366401672363281 -0.0896453857421875 0.194869995117188
-0.0231113433837891 0.0221042633056641 -0.1861572265625 0.179000854492188
-0.0406990051269531 -0.000251770019531259 -0.296112060546875 0.058685302734375
-0.028656005859375 -0.0418968200683594 -0.313720703125 -0.1507568359375
0.0157852172851563 -0.0328273773193359 -0.216598510742188 -0.237152099609375
0.0277729034423828 -0.00803184509277344 -0.09820556640625 -0.2901611328125
0.153793334960938 0.0483856201171875 -0.152999877929688 0.10906982421875
0.155746459960938 -0.04766845703125 0.0238037109375 0.184661865234375
0.046142578125 -0.1751708984375 0.1680908203125 0.113235473632812
-0.091400146484375 -0.124725341796875 0.156906127929687 0.0316009521484375
-0.1319580078125 -0.0181045532226562 0.0966644287109375 -0.0219192504882813
-0.079925537109375 0.0833587646484375 0.0415496826171875 -0.00326538085937499
-0.02166748046875 0.0963897705078125 0.00559616088867187 0.037353515625
-0.021331787109375 0.07684326171875 -0.000129699707031247 0.0726852416992188
-0.0100479125976562 0.0839309692382813 -0.01776123046875 0.146224975585938
-0.0372314453125 0.074951171875 -0.08319091796875 0.192657470703125
-0.0707550048828125 0.0379409790039062 -0.179183959960938 0.176971435546875
-0.0859451293945313 -0.0245208740234375 -0.288360595703125 0.06329345703125
-0.0235595703125 -0.104698181152344 -0.30548095703125 -0.13629150390625
0.07354736328125 -0.072845458984375 -0.215423583984375 -0.224258422851563
0.1044921875 0.0118865966796875 -0.0921630859375 -0.279571533203125
0.200897216796875 0.061248779296875 -0.128402709960938 0.127960205078125
0.188751220703125 -0.0757904052734375 0.0040283203125 0.202407836914063
0.04449462890625 -0.217453002929688 0.16729736328125 0.165573120117188
-0.11981201171875 -0.144393920898438 0.208541870117187 0.064849853515625
-0.161224365234375 -0.015899658203125 0.150726318359375 -0.042327880859375
-0.101097106933594 0.105262756347656 0.0674285888671875 -0.0484428405761719
-0.0353469848632812 0.124397277832031 0.0053873062133789 -0.00534534454345702
-0.0370254516601563 0.106330871582031 -0.00436782836914063 0.0450401306152344
-0.0242233276367188 0.122406005859375 -0.0200119018554687 0.123573303222656
-0.0666122436523438 0.110115051269531 -0.07684326171875 0.170135498046875
-0.121330261230469 0.0485610961914062 -0.167205810546875 0.154037475585937
-0.130645751953125 -0.0553054809570313 -0.2677001953125 0.0508270263671875
-0.011383056640625 -0.16693115234375 -0.279342651367188 -0.126876831054688
0.129547119140625 -0.103424072265625 -0.195419311523438 -0.209869384765625
0.166290283203125 0.032257080078125 -0.06622314453125 -0.255996704101563
0.2186279296875 0.064117431640625 -0.091583251953125 0.160354614257813
0.188232421875 -0.086395263671875 0.012603759765625 0.232696533203125
0.0347442626953125 -0.214981079101563 0.195144653320313 0.20361328125
-0.122001647949219 -0.133171081542969 0.265228271484375 0.070037841796875
-0.156341552734375 -0.0110931396484375 0.1961669921875 -0.0750885009765625
-0.101692199707031 0.107795715332031 0.0869293212890625 -0.0978927612304688
-0.0445175170898437 0.131507873535156 0.00366973876953125 -0.0517196655273437
-0.0477066040039063 0.120147705078125 -0.00722694396972656 0.00951766967773438
-0.03802490234375 0.145751953125 -0.0215835571289063 0.08563232421875
-0.0952987670898438 0.130332946777344 -0.0677871704101562 0.126792907714844
-0.163970947265625 0.0440826416015625 -0.143722534179688 0.110610961914062
-0.157333374023438 -0.0921630859375 -0.227920532226563 0.0309600830078125
0.015472412109375 -0.210601806640625 -0.2392578125 -0.110855102539063
0.174285888671875 -0.1109619140625 -0.168731689453125 -0.190383911132813
0.201858520507813 0.051055908203125 -0.0257110595703125 -0.222900390625
0.205337524414063 0.0564422607421875 -0.0438385009765625 0.198135375976563
0.164016723632813 -0.0767822265625 0.047332763671875 0.258834838867188
0.028564453125 -0.1798095703125 0.233810424804688 0.210830688476563
-0.0980072021484375 -0.107955932617187 0.30694580078125 0.04791259765625
-0.126197814941406 -0.010650634765625 0.219970703125 -0.109634399414063
-0.0896530151367187 0.0925140380859375 0.095794677734375 -0.14141845703125
-0.048614501953125 0.119468688964844 0.002960205078125 -0.0928955078125
-0.0525741577148437 0.116020202636719 -0.00904655456542969 -0.0276050567626953
-0.0488739013671875 0.14593505859375 -0.0216217041015625 0.0360145568847656
-0.113334655761719 0.125579833984375 -0.0517768859863281 0.0687370300292969
-0.177536010742188 0.020721435546875 -0.104080200195313 0.0626144409179687
-0.14605712890625 -0.122833251953125 -0.173187255859375 0.01904296875
0.052154541015625 -0.212432861328125 -0.204238891601563 -0.0833892822265625
0.193161010742187 -0.089080810546875 -0.14666748046875 -0.17242431640625
0.200790405273438 0.0653076171875 0.0223236083984375 -0.185577392578125
0.16558837890625 0.039886474609375 0.00740051269531253 0.232818603515625
0.12762451171875 -0.0525283813476562 0.0966339111328125 0.270797729492188
0.0277481079101562 -0.129623413085938 0.266830444335938 0.192337036132813
-0.0637664794921875 -0.0802459716796875 0.325775146484375 0.015594482421875
-0.0884857177734375 -0.0134048461914063 0.225753784179688 -0.135910034179688
-0.0712738037109375 0.0666885375976563 0.0966796875 -0.170562744140625
-0.0479583740234375 0.0933685302734375 0.00128173828125001 -0.125839233398438
-0.0499038696289062 0.0945205688476563 -0.0102195739746094 -0.0619087219238281
-0.0528488159179687 0.122062683105469 -0.0181465148925781 -0.0146980285644531
-0.109443664550781 0.0953140258789063 -0.0291099548339844 0.0133914947509766
-0.149932861328125 -0.0068511962890625 -0.0576286315917969 0.0279426574707031
-0.0996246337890625 -0.122085571289063 -0.125259399414063 0.0250625610351563
0.0748748779296875 -0.162933349609375 -0.194168090820312 -0.055572509765625
0.169326782226563 -0.046722412109375 -0.136199951171875 -0.165618896484375
0.161834716796875 0.06756591796875 0.0693359375 -0.148895263671875
0.103507995605469 0.0198135375976563 0.0535888671875 0.25592041015625
0.083740234375 -0.0220184326171875 0.143310546875 0.267425537109375
0.0270004272460938 -0.0770187377929687 0.287384033203125 0.164398193359375
-0.0302543640136719 -0.0533485412597656 0.328643798828125 -0.015960693359375
-0.0497550964355469 -0.0175857543945312 0.22119140625 -0.153778076171875
-0.0502815246582031 0.0361175537109375 0.093109130859375 -0.189865112304688
-0.0415573120117188 0.0567207336425781 -0.00128173828124999 -0.1475830078125
-0.0408744812011719 0.0584716796875 -0.0102767944335938 -0.086883544921875
-0.0462112426757812 0.0759201049804688 -0.0113334655761719 -0.0533409118652344
-0.0787506103515625 0.0493621826171875 -0.00772666931152344 -0.0260047912597656
-0.087310791015625 -0.0225601196289063 -0.02410888671875 0.0120754241943359
-0.0413284301757813 -0.080169677734375 -0.0990676879882813 0.0352325439453125
0.0603179931640625 -0.0818862915039063 -0.198135375976562 -0.0471343994140625
0.101173400878906 -0.00598907470703125 -0.125732421875 -0.170364379882812
0.0899581909179688 0.0507736206054688 0.109397888183594 -0.116996765136719
-0.0153732299804688 -0.012730598449707 -0.14697265625 0.124862670898437
-0.00380468368530273 0.00737094879150391 0.095550537109375 0.182662963867188
-0.0196170806884766 -0.00605010986328125 0.210281372070313 0.0281829833984375
-0.00678777694702149 0.00738668441772461 0.114570617675781 -0.0509033203125
0.00708389282226563 0.00704479217529297 0.0282669067382813 -0.0190505981445313
0.0162553787231445 -0.00407695770263672 0.0112991333007812 0.0272598266601563
0.0147027969360352 -0.00722980499267578 0.0128250122070313 0.0683937072753906
0.014348030090332 -0.00986766815185547 0.0101470947265625 0.0900650024414062
0.0174798965454102 -0.0124893188476563 -0.00927734375000001 0.14678955078125
0.0165586471557617 -0.000266075134277344 -0.084808349609375 0.188812255859375
0.0196514129638672 0.00799179077148438 -0.181869506835937 0.179595947265625
-0.00135040283203125 0.0231170654296875 -0.293182373046875 0.06146240234375
-0.0337638854980469 0.0192489624023438 -0.316650390625 -0.1539306640625
-0.0387763977050781 0.00826263427734375 -0.212158203125 -0.237045288085937
-0.0528450012207031 -0.0259246826171875 -0.099334716796875 -0.28192138671875
0.079437255859375 0.0166397094726563 -0.153823852539063 0.114303588867187
0.0855789184570313 -0.021392822265625 0.0651702880859375 0.179473876953125
0.0179367065429688 -0.0975494384765625 0.192916870117188 0.0556640625
-0.0537567138671875 -0.0659980773925781 0.126213073730469 -0.020965576171875
-0.0720748901367188 -0.00539398193359376 0.0497169494628906 -0.020416259765625
-0.0340080261230469 0.0467185974121094 0.0200862884521484 0.0210018157958984
0.000545501708984378 0.0506095886230469 0.00970077514648438 0.0623054504394531
-0.000751495361328122 0.0354995727539063 0.00689697265625 0.0871200561523438
0.00685501098632812 0.0354995727539063 -0.00894165039062498 0.151016235351562
-0.006378173828125 0.0360260009765625 -0.0777587890625 0.196487426757813
-0.0204277038574219 0.0227642059326172 -0.174087524414063 0.187149047851562
-0.0391769409179688 0.00239181518554687 -0.2900390625 0.076873779296875
-0.0314521789550781 -0.0367546081542969 -0.320159912109375 -0.13116455078125
0.0137138366699219 -0.0326633453369141 -0.227737426757812 -0.222702026367188
0.0269966125488281 -0.00905799865722656 -0.114501953125 -0.284423828125
0.155731201171875 0.0388031005859375 -0.14410400390625 0.116439819335938
0.153671264648438 -0.05474853515625 0.0337677001953125 0.1806640625
0.0364532470703125 -0.175323486328125 0.173355102539063 0.0994720458984375
-0.0976333618164063 -0.118186950683594 0.157455444335938 0.020599365234375
-0.132759094238281 -0.0108413696289063 0.0945053100585937 -0.0282363891601563
-0.0733261108398438 0.0872039794921875 0.0420265197753906 -0.00848007202148437
-0.0145187377929687 0.096466064453125 0.00783729553222656 0.0350303649902344
-0.0165481567382813 0.0767898559570312 0.00254821777343749 0.0713272094726563
-0.00421142578125001 0.081787109375 -0.0098876953125 0.14471435546875
-0.0304946899414063 0.0754013061523438 -0.0713348388671875 0.19366455078125
-0.0663604736328125 0.040618896484375 -0.166763305664062 0.184295654296875
-0.084808349609375 -0.0187225341796875 -0.28271484375 0.080169677734375
-0.029632568359375 -0.099395751953125 -0.311798095703125 -0.11614990234375
0.0689620971679688 -0.0748519897460938 -0.226821899414063 -0.209014892578125
0.10400390625 0.00746917724609375 -0.108108520507813 -0.2734375
0.203475952148438 0.05047607421875 -0.117774963378906 0.133804321289063
0.184814453125 -0.0840911865234375 0.0152435302734375 0.199630737304688
0.0328826904296875 -0.216232299804688 0.17584228515625 0.152816772460938
-0.126274108886719 -0.135650634765625 0.209869384765625 0.0516357421875
-0.1619873046875 -0.0071258544921875 0.147186279296875 -0.051361083984375
-0.092681884765625 0.110137939453125 0.0654106140136719 -0.0536956787109375
-0.02734375 0.124382019042969 0.00473546981811523 -0.0065169334411621
-0.0300445556640625 0.106895446777344 -0.00223922729492188 0.0440406799316406
-0.0159759521484375 0.120651245117188 -0.0128097534179687 0.123252868652344
-0.0571060180664062 0.111091613769531 -0.06573486328125 0.171295166015625
-0.115646362304687 0.05426025390625 -0.156524658203125 0.160964965820313
-0.131210327148437 -0.046661376953125 -0.263168334960938 0.066680908203125
-0.0211639404296875 -0.16168212890625 -0.28515625 -0.108184814453125
0.1231689453125 -0.108177185058594 -0.20623779296875 -0.195358276367188
0.1671142578125 0.0239410400390625 -0.0816497802734375 -0.251708984375
0.221237182617187 0.0525054931640625 -0.079620361328125 0.164443969726563
0.183120727539063 -0.0947723388671875 0.02520751953125 0.230239868164062
0.0229644775390625 -0.213165283203125 0.205673217773438 0.189010620117188
-0.12725830078125 -0.1240234375 0.267593383789062 0.0530548095703125
-0.1556396484375 -0.00318908691406252 0.189132690429688 -0.0865631103515625
-0.0934066772460938 0.111534118652344 0.0811843872070312 -0.104034423828125
-0.0353012084960938 0.132057189941406 0.00156402587890625 -0.0514259338378906
-0.040802001953125 0.121009826660156 -0.00609111785888672 0.00975990295410157
-0.0286712646484375 0.144668579101563 -0.0166244506835938 0.0868072509765625
-0.084259033203125 0.133430480957031 -0.0596771240234375 0.128166198730469
-0.15826416015625 0.0526123046875 -0.136253356933594 0.117012023925781
-0.159698486328125 -0.0826873779296875 -0.224655151367187 0.0453338623046875
0.0031280517578125 -0.207473754882813 -0.244186401367187 -0.0944976806640625
0.1680908203125 -0.118728637695313 -0.178939819335938 -0.178466796875
0.2041015625 0.0410003662109375 -0.0394744873046875 -0.220428466796875
0.207015991210938 0.0457916259765625 -0.0302734375 0.199569702148438
0.160263061523438 -0.0830230712890625 0.0611572265625 0.255035400390625
0.0200347900390625 -0.176528930664063 0.244155883789063 0.194366455078125
-0.101722717285156 -0.100379943847656 0.30706787109375 0.02947998046875
-0.12591552734375 -0.00442504882812498 0.210494995117187 -0.121871948242187
-0.0820770263671875 0.0950851440429687 0.0872802734375 -0.146636962890625
-0.0402450561523437 0.121170043945313 -0.00137329101562499 -0.0916290283203125
-0.04583740234375 0.11688232421875 -0.00923347473144532 -0.0268135070800781
-0.0397491455078125 0.145980834960938 -0.0190620422363281 0.0374298095703125
-0.102691650390625 0.130287170410156 -0.0469741821289063 0.0708999633789063
-0.173477172851563 0.0310516357421875 -0.099853515625 0.0667877197265625
-0.151580810546875 -0.113693237304687 -0.171585083007813 0.0297088623046875
0.0398712158203125 -0.21173095703125 -0.208602905273438 -0.068939208984375
0.188262939453125 -0.0980682373046875 -0.156997680664063 -0.160476684570312
0.204544067382813 0.055816650390625 0.01025390625 -0.185150146484375
0.166900634765625 0.03155517578125 0.0223846435546875 0.232086181640625
0.125724792480469 -0.0578765869140625 0.110641479492188 0.263885498046875
0.0214996337890625 -0.12811279296875 0.275802612304687 0.174240112304688
-0.0665359497070313 -0.0750732421875 0.32257080078125 -0.004608154296875
-0.0885467529296875 -0.010101318359375 0.214645385742188 -0.148544311523438
-0.06561279296875 0.0692214965820313 0.0861053466796875 -0.174728393554688
-0.0405960083007813 0.0951919555664063 -0.00412750244140625 -0.12322998046875
-0.0443267822265625 0.09515380859375 -0.01104736328125 -0.0601005554199219
-0.0447006225585938 0.122520446777344 -0.0177326202392578 -0.0128211975097656
-0.100608825683594 0.10076904296875 -0.0278873443603516 0.0145015716552734
-0.1490478515625 0.0012969970703125 -0.0562095642089844 0.0292892456054688
-0.105720520019531 -0.116584777832031 -0.123008728027344 0.0328903198242188
0.06573486328125 -0.164535522460938 -0.195831298828125 -0.0411529541015625
0.167648315429688 -0.0544891357421875 -0.145645141601563 -0.153823852539063
0.16558837890625 0.0595550537109375 0.059356689453125 -0.151641845703125
0.104454040527344 0.0153350830078125 0.06976318359375 0.2530517578125
0.0838699340820313 -0.0251693725585938 0.156631469726563 0.257843017578125
0.0241317749023438 -0.0764846801757813 0.294677734375 0.145416259765625
-0.03155517578125 -0.0508193969726563 0.32293701171875 -0.0355224609375
-0.0511741638183594 -0.0157241821289062 0.209625244140625 -0.164566040039063
-0.0472412109375 0.03802490234375 0.0813446044921875 -0.191864013671875
-0.0372085571289063 0.058685302734375 -0.0070648193359375 -0.144454956054687
-0.0370826721191406 0.0603981018066406 -0.011688232421875 -0.0841827392578125
-0.0406494140625 0.0770034790039063 -0.0132064819335938 -0.0513114929199219
-0.0734786987304688 0.0534133911132813 -0.00905418395996094 -0.0250682830810547
-0.0877685546875 -0.0177841186523437 -0.0236778259277344 0.0119228363037109
-0.0447463989257813 -0.078033447265625 -0.0963668823242188 0.04132080078125
0.0559310913085938 -0.0831146240234375 -0.19976806640625 -0.0323944091796875
0.101692199707031 -0.0102920532226563 -0.136428833007812 -0.158889770507813
0.09326171875 0.0464401245117188 0.100433349609375 -0.121665954589844
-0.0162487030029297 -0.012324333190918 -0.137924194335938 0.125877380371094
-0.00328922271728516 0.0076441764831543 0.0999298095703125 0.174087524414063
-0.0182933807373047 -0.00398445129394531 0.206939697265625 0.0170440673828125
-0.00638151168823242 0.00811624526977539 0.109298706054688 -0.0549240112304688
0.00564479827880859 0.00663089752197266 0.0268821716308594 -0.0205802917480469
0.0155000686645508 -0.00370597839355469 0.0114917755126953 0.0239582061767578
0.0147428512573242 -0.00717926025390625 0.0138511657714844 0.0645027160644531
0.0135059356689453 -0.0100622177124023 0.0106124877929687 0.0858917236328125
0.0164527893066406 -0.0134830474853516 -0.0064239501953125 0.14251708984375
0.0170164108276367 -0.00061798095703125 -0.076324462890625 0.184829711914063
0.0197849273681641 0.00694656372070313 -0.17138671875 0.179534912109375
-0.000171661376953124 0.0231609344482422 -0.284149169921875 0.071075439453125
-0.0325107574462891 0.0216732025146484 -0.3143310546875 -0.137908935546875
-0.0368919372558594 0.00925064086914063 -0.214813232421875 -0.224227905273438
-0.0525894165039062 -0.0241622924804687 -0.10638427734375 -0.274444580078125
0.077880859375 0.0129241943359375 -0.1455078125 0.115280151367188
0.0841445922851563 -0.022979736328125 0.070037841796875 0.17193603515625
0.0155715942382812 -0.0949935913085938 0.191131591796875 0.0443115234375
-0.0543479919433594 -0.0619544982910156 0.121871948242188 -0.0262527465820313
-0.0715560913085938 -0.00232696533203126 0.048065185546875 -0.0222854614257813
-0.0307807922363281 0.04766845703125 0.0206718444824219 0.0173492431640625
0.00300216674804688 0.0486946105957031 0.0111732482910156 0.0586509704589844
0.000328063964843747 0.0342140197753906 0.00759124755859375 0.0834426879882813
0.00756454467773438 0.0329036712646484 -0.00575256347656251 0.146484375
-0.00331497192382813 0.0347213745117188 -0.0691680908203125 0.191543579101563
-0.0181446075439453 0.0224208831787109 -0.163101196289063 0.1866455078125
-0.037353515625 0.00426483154296875 -0.280670166015625 0.085693359375
-0.0316619873046875 -0.0322132110595703 -0.3177490234375 -0.11541748046875
0.0129470825195313 -0.0317192077636719 -0.229904174804687 -0.210159301757813
0.0250606536865234 -0.00891494750976563 -0.120864868164062 -0.275375366210938
0.153533935546875 0.033294677734375 -0.135032653808594 0.117446899414063
0.149673461914063 -0.0576324462890625 0.0388336181640625 0.17431640625
0.0307159423828125 -0.171463012695313 0.173248291015625 0.08856201171875
-0.099212646484375 -0.111907958984375 0.154266357421875 0.0136566162109375
-0.13165283203125 -0.00601196289062503 0.091339111328125 -0.0317230224609375
-0.0676193237304688 0.0876007080078125 0.0414810180664062 -0.0118637084960937
-0.00931549072265625 0.0941925048828125 0.00842094421386719 0.0323238372802734
-0.0139694213867188 0.07452392578125 0.00384521484375 0.0679473876953125
-0.0016021728515625 0.0783004760742188 -0.00531005859374999 0.141021728515625
-0.0253753662109375 0.07305908203125 -0.062591552734375 0.189071655273438
-0.0620002746582031 0.0411186218261719 -0.156204223632813 0.184494018554687
-0.0819473266601563 -0.0149383544921875 -0.27349853515625 0.0888214111328125
-0.03216552734375 -0.0928115844726563 -0.30877685546875 -0.101531982421875
0.065704345703125 -0.0737152099609375 -0.22845458984375 -0.196502685546875
0.101654052734375 0.00487518310546875 -0.114837646484375 -0.264266967773438
0.200439453125 0.043853759765625 -0.109031677246094 0.134292602539063
0.179534912109375 -0.0868682861328125 0.0217742919921875 0.193878173828125
0.0258941650390625 -0.210845947265625 0.176910400390625 0.14105224609375
-0.127082824707031 -0.127723693847656 0.2064208984375 0.0416259765625
-0.158798217773438 -0.00163269042968749 0.141128540039063 -0.0564727783203125
-0.0852127075195313 0.10943603515625 0.0622406005859375 -0.057220458984375
-0.0204238891601563 0.121910095214844 0.00445127487182617 -0.00742006301879882
-0.0261917114257812 0.104522705078125 -0.0013427734375 0.0421218872070313
-0.0116119384765625 0.116401672363281 -0.0078125 0.120681762695313
-0.0496063232421875 0.108573913574219 -0.0583648681640625 0.168685913085937
-0.1092529296875 0.0560455322265625 -0.147872924804688 0.160690307617188
-0.127616882324219 -0.0407180786132813 -0.254913330078125 0.0751953125
-0.0261688232421875 -0.154342651367188 -0.282196044921875 -0.094573974609375
0.118080139160156 -0.107734680175781 -0.208892822265625 -0.183013916015625
0.16400146484375 0.0200042724609375 -0.088958740234375 -0.24383544921875
0.217803955078125 0.0455169677734375 -0.0699005126953125 0.163253784179687
0.17779541015625 -0.0970916748046875 0.0321807861328125 0.22430419921875
0.016632080078125 -0.2073974609375 0.20758056640625 0.17572021484375
-0.126434326171875 -0.116790771484375 0.26202392578125 0.0412750244140625
-0.15234375 0.00210571289062498 0.1810302734375 -0.091796875
-0.0856857299804688 0.110786437988281 0.075836181640625 -0.106071472167969
-0.0286712646484375 0.1295166015625 3.43322753906259E-05 -0.0509300231933594
-0.0360183715820313 0.119041442871094 -0.0055694580078125 0.00920486450195313
-0.0224151611328125 0.140060424804688 -0.0118560791015625 0.0848541259765625
-0.0749969482421875 0.131690979003906 -0.0530853271484375 0.126594543457031
-0.15093994140625 0.056396484375 -0.129356384277344 0.117477416992187
-0.158111572265625 -0.0752105712890625 -0.218841552734375 0.0521087646484375
-0.00337219238281248 -0.20062255859375 -0.242507934570312 -0.0825958251953125
0.161590576171875 -0.120193481445313 -0.181304931640625 -0.165634155273438
0.201553344726562 0.0355682373046875 -0.0471954345703125 -0.215042114257813
0.203140258789063 0.039764404296875 -0.021392822265625 0.196762084960938
0.155075073242188 -0.0843505859375 0.068450927734375 0.247726440429687
0.0153656005859375 -0.171478271484375 0.246231079101563 0.180068969726563
-0.100540161132813 -0.0936050415039062 0.29998779296875 0.016265869140625
-0.123420715332031 -0.000122070312499974 0.200424194335938 -0.126449584960937
-0.0753936767578125 0.0938491821289062 0.0810089111328125 -0.146194458007813
-0.0334930419921875 0.119239807128906 -0.00369262695312501 -0.089935302734375
-0.0408935546875 0.115623474121094 -0.00829505920410156 -0.0260105133056641
-0.033843994140625 0.142181396484375 -0.015899658203125 0.0375938415527344
-0.0931777954101563 0.129714965820312 -0.0434799194335937 0.0705718994140625
-0.167526245117187 0.03558349609375 -0.0958709716796875 0.0675506591796875
-0.150833129882812 -0.10614013671875 -0.167266845703125 0.0360565185546875
0.0328826904296875 -0.207275390625 -0.205780029296875 -0.0577392578125
0.182235717773437 -0.101425170898437 -0.158416748046875 -0.14959716796875
0.202728271484375 0.0498199462890625 0.00259399414062502 -0.181716918945313
0.164077758789063 0.0276947021484375 0.0310516357421875 0.226608276367188
0.122016906738281 -0.0585250854492188 0.116973876953125 0.255218505859375
0.0193023681640625 -0.123550415039062 0.276290893554688 0.16009521484375
-0.0656280517578125 -0.0705947875976562 0.313934326171875 -0.01702880859375
-0.0866241455078125 -0.00765991210937499 0.202911376953125 -0.15155029296875
-0.0605239868164063 0.0680923461914063 0.0783233642578125 -0.17333984375
-0.0349960327148437 0.0941848754882813 -0.00738525390625 -0.119308471679687
-0.0406417846679687 0.0948867797851563 -0.0108795166015625 -0.0584259033203125
-0.0388565063476563 0.119682312011719 -0.016240119934082 -0.0114679336547851
-0.0930023193359375 0.101089477539062 -0.0266208648681641 0.0148887634277344
-0.145050048828125 0.00621032714843752 -0.0540199279785156 0.0297126770019531
-0.105918884277344 -0.110557556152344 -0.119178771972656 0.0367050170898437
0.0594635009765625 -0.161483764648438 -0.192825317382813 -0.0303497314453125
0.163772583007813 -0.0579071044921875 -0.148696899414063 -0.142868041992187
0.164825439453125 0.0549774169921875 0.0511016845703125 -0.149200439453125
0.102439880371094 0.013427734375 0.07769775390625 0.246292114257812
0.0825271606445313 -0.026031494140625 0.161514282226562 0.248489379882813
0.0224838256835937 -0.0746688842773438 0.29388427734375 0.131256103515625
-0.0314064025878906 -0.0486793518066406 0.313385009765625 -0.04730224609375
-0.0509033203125 -0.0144691467285156 0.196975708007813 -0.16729736328125
-0.0442619323730469 0.0379676818847656 0.07293701171875 -0.189285278320313
-0.0332679748535156 0.0593032836914063 -0.0097503662109375 -0.138816833496094
-0.0342063903808594 0.06036376953125 -0.0116653442382813 -0.0821151733398438
-0.0369186401367188 0.0759811401367188 -0.0128593444824219 -0.048736572265625
-0.0683670043945312 0.0545997619628906 -0.00996971130371094 -0.0237541198730469
-0.0863037109375 -0.0150680541992187 -0.0225696563720703 0.0113601684570313
-0.0453109741210937 -0.07550048828125 -0.0921783447265625 0.0442352294921875
0.0533828735351563 -0.08197021484375 -0.196868896484375 -0.021331787109375
0.10076904296875 -0.0125961303710938 -0.139877319335938 -0.147933959960937
0.0930328369140625 0.0441513061523438 0.0931472778320313 -0.121940612792969
-0.0170841217041016 -0.0120925903320313 -0.133628845214844 0.123748779296875
-0.00236606597900391 0.00780963897705078 0.1007080078125 0.16827392578125
-0.017369270324707 -0.0028839111328125 0.20391845703125 0.011322021484375
-0.0061798095703125 0.00785350799560547 0.106163024902344 -0.0565872192382813
0.00431585311889649 0.00761604309082031 0.0256061553955078 -0.0208988189697266
0.0156383514404297 -0.00268268585205078 0.0110797882080078 0.0216960906982422
0.0156917572021484 -0.00653266906738281 0.0126838684082031 0.0612983703613281
0.0135221481323242 -0.00952625274658203 0.00877380371093749 0.0832061767578125
0.0159635543823242 -0.0131320953369141 -0.00720214843750001 0.138221740722656
0.0178489685058594 -0.0014190673828125 -0.0742645263671875 0.180419921875
0.0197010040283203 0.00642967224121094 -0.166656494140625 0.176422119140625
0.000688552856445311 0.0237216949462891 -0.2781982421875 0.0730895996093749
-0.0320186614990234 0.0230388641357422 -0.311248779296875 -0.13153076171875
-0.0357437133789062 0.0088348388671875 -0.213424682617188 -0.218658447265625
-0.0531578063964844 -0.0236015319824219 -0.106170654296875 -0.270339965820312
0.0760879516601563 0.0129318237304688 -0.141372680664063 0.113128662109375
0.0840530395507813 -0.022430419921875 0.070770263671875 0.16705322265625
0.0154266357421875 -0.0934600830078125 0.188644409179688 0.0380859375
-0.0537147521972656 -0.0609169006347656 0.118598937988281 -0.0284652709960938
-0.0719070434570313 -0.00117492675781249 0.0465049743652344 -0.0232124328613281
-0.0292015075683594 0.046905517578125 0.0202751159667969 0.014434814453125
0.00501632690429687 0.0471878051757813 0.00985717773437499 0.0557937622070313
0.00055503845214844 0.0338554382324219 0.00621795654296875 0.0802078247070313
0.00767135620117188 0.0319442749023438 -0.00617980957031249 0.142913818359375
-0.00178909301757813 0.0327281951904297 -0.0673065185546875 0.187210083007813
-0.016845703125 0.0211524963378906 -0.158233642578125 0.183792114257813
-0.0348911285400391 0.0052337646484375 -0.274795532226563 0.0879058837890625
-0.0314216613769531 -0.0290641784667969 -0.313323974609375 -0.109649658203125
0.0128669738769531 -0.0307826995849609 -0.227890014648438 -0.204498291015625
0.0240020751953125 -0.00821113586425781 -0.120956420898437 -0.271240234375
0.1510009765625 0.0325164794921875 -0.130180358886719 0.115196228027344
0.149200439453125 -0.056976318359375 0.0405120849609375 0.169723510742188
0.0305328369140625 -0.168655395507813 0.171035766601562 0.0823211669921875
-0.0974655151367187 -0.108909606933594 0.150772094726563 0.0105133056640625
-0.130966186523438 -0.00377655029296875 0.0886306762695312 -0.0326919555664063
-0.0645675659179688 0.0865936279296875 0.0408096313476563 -0.0140495300292969
-0.00695800781249999 0.0920333862304688 0.00700759887695312 0.0297966003417969
-0.0127716064453125 0.0736770629882813 0.00249862670898437 0.0657730102539063
-0.000885009765625 0.0756988525390625 -0.00440216064453125 0.137710571289063
-0.0228424072265625 0.0695266723632813 -0.06036376953125 0.185165405273438
-0.0587730407714844 0.0396385192871094 -0.152099609375 0.181137084960938
-0.0780563354492188 -0.0139541625976562 -0.267929077148438 0.0909576416015625
-0.031646728515625 -0.0879287719726562 -0.304595947265625 -0.0956115722656251
0.0648345947265625 -0.0720977783203125 -0.226730346679688 -0.19085693359375
0.0993804931640625 0.00566864013671875 -0.115676879882813 -0.261398315429688
0.197540283203125 0.04278564453125 -0.104515075683594 0.1312255859375
0.176925659179688 -0.0858306884765625 0.0234222412109375 0.1893310546875
0.025421142578125 -0.207183837890625 0.17498779296875 0.134033203125
-0.124671936035156 -0.123512268066406 0.203018188476563 0.0374755859375
-0.157180786132813 0.000717163085937523 0.137344360351562 -0.0573043823242187
-0.08099365234375 0.108123779296875 0.0611686706542969 -0.0585212707519531
-0.0174026489257812 0.119194030761719 0.00372982025146484 -0.00831031799316406
-0.0250015258789062 0.102859497070313 -0.00146865844726563 0.0408554077148438
-0.0101699829101562 0.113105773925781 -0.00581359863281249 0.117866516113281
-0.0458755493164062 0.104774475097656 -0.0555572509765625 0.16455078125
-0.105117797851562 0.0551910400390625 -0.144317626953125 0.158843994140625
-0.124183654785156 -0.038818359375 -0.251251220703125 0.0774383544921875
-0.025665283203125 -0.148284912109375 -0.279373168945313 -0.0893096923828125
0.115959167480469 -0.105842590332031 -0.207107543945312 -0.17724609375
0.161514282226563 0.020416259765625 -0.090179443359375 -0.240524291992187
0.214584350585937 0.044677734375 -0.0658721923828125 0.159805297851563
0.175521850585938 -0.095489501953125 0.0337982177734375 0.220504760742188
0.0165252685546875 -0.202621459960937 0.205902099609375 0.169219970703125
-0.123092651367188 -0.112480163574219 0.258056640625 0.0365753173828125
-0.149932861328125 0.00379943847656251 0.176223754882812 -0.092437744140625
-0.0812225341796875 0.1082763671875 0.0741119384765625 -0.106666564941406
-0.0251846313476563 0.126579284667969 -0.000572204589843747 -0.050537109375
-0.034454345703125 0.117202758789063 -0.00493860244750977 0.00830888748168946
-0.0207443237304687 0.136337280273437 -0.00992584228515626 0.0832901000976563
-0.0696334838867187 0.127983093261719 -0.0511474609375 0.124656677246094
-0.146575927734375 0.05596923828125 -0.127418518066406 0.116218566894531
-0.1544189453125 -0.072662353515625 -0.215255737304688 0.054229736328125
-0.00418090820312502 -0.19500732421875 -0.238845825195312 -0.0772247314453126
0.159286499023437 -0.118682861328125 -0.179534912109375 -0.160140991210938
0.199111938476562 0.0359039306640625 -0.049102783203125 -0.2115478515625
0.201095581054688 0.03936767578125 -0.017547607421875 0.193130493164063
0.153427124023438 -0.0830078125 0.0690460205078125 0.243423461914063
0.015533447265625 -0.167083740234375 0.244293212890625 0.17327880859375
-0.097412109375 -0.0908355712890625 0.294281005859375 0.0125732421875
-0.121139526367188 -0.000251770019531223 0.194290161132813 -0.126022338867188
-0.0713272094726563 0.091461181640625 0.07806396484375 -0.145370483398438
-0.0298233032226562 0.116416931152344 -0.0035247802734375 -0.0881195068359375
-0.0389022827148438 0.113639831542969 -0.00728607177734376 -0.0263996124267578
-0.0312271118164062 0.138595581054688 -0.0134849548339844 0.0369071960449219
-0.0882415771484375 0.12652587890625 -0.0418663024902344 0.0688972473144531
-0.163818359375 0.0360260009765625 -0.0949630737304688 0.0662689208984375
-0.1480712890625 -0.103652954101563 -0.164627075195313 0.037261962890625
0.0317840576171875 -0.2017822265625 -0.202255249023438 -0.0518951416015625
0.180313110351563 -0.0997314453125 -0.15802001953125 -0.143508911132812
0.200424194335938 0.0496063232421875 -0.000274658203124973 -0.178985595703125
0.161483764648438 0.0282440185546875 0.0337371826171875 0.223098754882812
0.121589660644531 -0.0573654174804688 0.117233276367188 0.251449584960938
0.019775390625 -0.120498657226563 0.273635864257813 0.15301513671875
-0.0626449584960938 -0.0684127807617188 0.3077392578125 -0.020294189453125
-0.0856399536132812 -0.007293701171875 0.196914672851563 -0.15057373046875
-0.0577392578125 0.0664024353027344 0.0755615234375 -0.170211791992187
-0.0316314697265625 0.0931015014648438 -0.00690460205078124 -0.116355895996094
-0.0388565063476563 0.0939254760742188 -0.0084991455078125 -0.0578460693359375
-0.0368118286132813 0.117263793945312 -0.0140323638916016 -0.0106687545776367
-0.0884857177734375 0.0992584228515625 -0.0259780883789063 0.0148239135742188
-0.143096923828125 0.0064697265625 -0.0542221069335938 0.0281829833984375
-0.105003356933594 -0.10931396484375 -0.117012023925781 0.0379562377929687
0.0586700439453125 -0.158737182617188 -0.189285278320313 -0.025115966796875
0.162872314453125 -0.057281494140625 -0.147857666015625 -0.13641357421875
0.163726806640625 0.0546417236328125 0.047760009765625 -0.147003173828125
0.101119995117188 0.0141525268554688 0.0793304443359375 0.242813110351563
0.0825576782226563 -0.0258941650390625 0.16033935546875 0.24432373046875
0.023223876953125 -0.0731124877929688 0.29034423828125 0.12493896484375
-0.0299110412597656 -0.0475578308105469 0.306121826171875 -0.04901123046875
-0.0507850646972656 -0.0141754150390625 0.191207885742188 -0.165008544921875
-0.0424728393554688 0.0371894836425781 0.070709228515625 -0.1856689453125
-0.0302925109863281 0.0586128234863281 -0.00920867919921875 -0.1348876953125
-0.0329017639160156 0.0603904724121094 -0.00955963134765625 -0.0804367065429687
-0.0355377197265625 0.0747451782226562 -0.0114021301269531 -0.0482063293457031
-0.065460205078125 0.0533866882324219 -0.00990676879882813 -0.0230922698974609
-0.0859298706054688 -0.0146560668945313 -0.0236015319824219 0.0107097625732422
-0.0443496704101562 -0.0745697021484375 -0.0901565551757813 0.0455856323242188
0.0534515380859375 -0.0803298950195313 -0.193679809570312 -0.0154876708984375
0.100990295410156 -0.012115478515625 -0.139801025390625 -0.141571044921875
0.092498779296875 0.0439453125 0.08929443359375 -0.120765686035156
-0.0188446044921875 -0.0118579864501953 -0.134681701660156 0.12274169921875
-0.00211191177368164 0.00804424285888672 0.101165771484375 0.167449951171875
-0.0166711807250977 -0.00288867950439453 0.205093383789063 0.0081329345703125
-0.00640869140625 0.00818872451782227 0.105827331542969 -0.0581741333007812
0.00377511978149414 0.00877285003662109 0.0257072448730469 -0.0211868286132813
0.016484260559082 -0.00163650512695313 0.0100059509277344 0.0204219818115234
0.0166282653808594 -0.00643634796142578 0.0100517272949219 0.0596084594726563
0.0139656066894531 -0.00893497467041016 0.00585174560546874 0.0829315185546875
0.0158061981201172 -0.0129566192626953 -0.0100250244140625 0.13812255859375
0.01788330078125 -0.0018157958984375 -0.0770111083984375 0.1788330078125
0.0199832916259766 0.00649833679199219 -0.168533325195313 0.175247192382812
0.00139236450195313 0.0240726470947266 -0.280792236328125 0.072540283203125
-0.0328941345214844 0.0241622924804688 -0.313323974609375 -0.133270263671875
-0.0359916687011719 0.007354736328125 -0.213394165039063 -0.22186279296875
-0.0533599853515625 -0.0241584777832031 -0.104812622070313 -0.274459838867188
0.0754776000976562 0.0146636962890625 -0.141921997070313 0.111282348632813
0.086883544921875 -0.0216445922851563 0.0711212158203125 0.166610717773438
0.01739501953125 -0.093963623046875 0.189300537109375 0.0350494384765625
-0.0537910461425781 -0.0612411499023438 0.118522644042969 -0.0292739868164063
-0.0738525390625 -0.000335693359375015 0.0461654663085937 -0.0235824584960938
-0.0283164978027344 0.0480232238769531 0.0196685791015625 0.0133705139160156
0.00672531127929687 0.0474281311035156 0.00797653198242187 0.0543899536132813
0.000846862792968748 0.0342597961425781 0.0031890869140625 0.07928466796875
0.00703239440917969 0.0312595367431641 -0.00843811035156252 0.142669677734375
-0.00131034851074219 0.0311012268066406 -0.069244384765625 0.18585205078125
-0.0160388946533203 0.0201492309570313 -0.160491943359375 0.183258056640625
-0.0336513519287109 0.00530433654785156 -0.277664184570313 0.0878753662109374
-0.0303535461425781 -0.0276298522949219 -0.31622314453125 -0.11163330078125
0.01336669921875 -0.0307750701904297 -0.229248046875 -0.207656860351562
0.0228805541992188 -0.00766944885253906 -0.120635986328125 -0.276153564453125
0.152114868164063 0.0351409912109375 -0.13104248046875 0.113487243652344
0.15240478515625 -0.055572509765625 0.0409088134765625 0.1697998046875
0.032745361328125 -0.1702880859375 0.171630859375 0.079833984375
-0.0969009399414062 -0.110183715820313 0.15087890625 0.010345458984375
-0.132637023925781 -0.00318908691406249 0.0889739990234375 -0.0328292846679688
-0.063690185546875 0.0867462158203125 0.0407257080078125 -0.0157814025878906
-0.00588989257812501 0.091339111328125 0.00591468811035156 0.0288028717041016
-0.0133132934570312 0.0738525390625 0.000282287597656249 0.0645637512207031
-0.00144195556640625 0.0758132934570312 -0.00590515136718751 0.137741088867188
-0.0219383239746094 0.0678367614746094 -0.0614013671875 0.184173583984375
-0.0580520629882813 0.0383186340332031 -0.154617309570312 0.180938720703125
-0.0769271850585937 -0.01416015625 -0.270751953125 0.09124755859375
-0.0301742553710938 -0.08642578125 -0.3070068359375 -0.097412109375
0.0660781860351563 -0.0714111328125 -0.227203369140625 -0.193832397460937
0.098876953125 0.00865936279296875 -0.114898681640625 -0.266281127929688
0.199447631835938 0.0461578369140625 -0.103950500488281 0.130111694335938
0.18206787109375 -0.0842742919921875 0.0230255126953125 0.190567016601563
0.0276947021484375 -0.20831298828125 0.175704956054688 0.132675170898438
-0.123695373535156 -0.125740051269531 0.20367431640625 0.038360595703125
-0.158599853515625 0.00126647949218752 0.138755798339844 -0.0569534301757813
-0.0805587768554688 0.107040405273437 0.0618972778320312 -0.060760498046875
-0.0156784057617188 0.117874145507813 0.00272083282470703 -0.00987243652343749
-0.025299072265625 0.103263854980469 -0.00327682495117188 0.0398025512695313
-0.0110092163085938 0.112541198730469 -0.00686645507812499 0.118377685546875
-0.0458450317382812 0.103179931640625 -0.0562286376953125 0.16461181640625
-0.104591369628906 0.0535049438476563 -0.146743774414062 0.158905029296875
-0.122344970703125 -0.0397186279296875 -0.253265380859375 0.0779876708984375
-0.0242156982421875 -0.147979736328125 -0.280441284179688 -0.09033203125
0.117820739746094 -0.104820251464844 -0.207733154296875 -0.179290771484375
0.16253662109375 0.0239410400390625 -0.090301513671875 -0.2437744140625
0.215866088867188 0.0489044189453125 -0.0660400390625 0.15948486328125
0.179519653320313 -0.0930633544921875 0.032958984375 0.221664428710938
0.01983642578125 -0.203140258789063 0.207107543945313 0.169357299804688
-0.121452331542969 -0.113807678222656 0.259445190429688 0.037200927734375
-0.151153564453125 0.00335693359374998 0.177032470703125 -0.0924224853515625
-0.0801925659179687 0.10693359375 0.0747604370117188 -0.108512878417969
-0.0241317749023437 0.125595092773438 -0.000473022460937502 -0.0515327453613281
-0.0351638793945312 0.117828369140625 -0.00523138046264649 0.00709533691406251
-0.02191162109375 0.136222839355469 -0.00943756103515625 0.0829010009765625
-0.0696640014648437 0.125869750976563 -0.051513671875 0.124031066894531
-0.146896362304688 0.05487060546875 -0.129531860351562 0.116294860839844
-0.153213500976563 -0.0744476318359375 -0.217697143554688 0.055084228515625
-0.00148010253906251 -0.194732666015625 -0.2401123046875 -0.0774078369140626
0.162628173828125 -0.11767578125 -0.180145263671875 -0.16156005859375
0.200607299804688 0.040008544921875 -0.0498046875 -0.214157104492188
0.20172119140625 0.0432891845703125 -0.017852783203125 0.193710327148438
0.15673828125 -0.08099365234375 0.0691070556640625 0.246490478515625
0.0188446044921875 -0.168167114257813 0.24566650390625 0.173660278320313
-0.0943679809570313 -0.091949462890625 0.29595947265625 0.012603759765625
-0.121414184570313 -0.00095367431640627 0.195632934570313 -0.125930786132813
-0.0707550048828125 0.0899505615234375 0.079132080078125 -0.146469116210937
-0.0289764404296875 0.115264892578125 -0.00389099121093749 -0.0880355834960937
-0.040252685546875 0.114555358886719 -0.00673294067382813 -0.0278396606445312
-0.0323104858398438 0.138839721679688 -0.0125923156738281 0.036895751953125
-0.0882568359375 0.124870300292969 -0.0424346923828125 0.0689544677734375
-0.164764404296875 0.0355377197265625 -0.0970993041992188 0.0656585693359375
-0.147903442382812 -0.106094360351563 -0.166259765625 0.03790283203125
0.0349884033203125 -0.203048706054688 -0.202911376953125 -0.0518035888671875
0.184326171875 -0.0989532470703125 -0.158294677734375 -0.143020629882813
0.20318603515625 0.0545501708984375 -0.00122070312499998 -0.1795654296875
0.163681030273438 0.031402587890625 0.0330810546875 0.225372314453125
0.124320983886719 -0.055755615234375 0.117355346679688 0.25469970703125
0.0230178833007812 -0.12066650390625 0.275283813476563 0.154632568359375
-0.060333251953125 -0.0695610046386719 0.30902099609375 -0.019805908203125
-0.0866851806640625 -0.00795745849609373 0.197982788085938 -0.150131225585938
-0.0573234558105469 0.0654563903808594 0.077545166015625 -0.170578002929687
-0.0304794311523438 0.0926132202148437 -0.00464630126953126 -0.1170654296875
-0.0399169921875 0.0942306518554688 -0.00747299194335937 -0.0594940185546875
-0.03851318359375 0.117538452148438 -0.0125455856323242 -0.0109348297119141
-0.0884628295898437 0.0976791381835938 -0.0260124206542969 0.0149211883544922
-0.143814086914063 0.00587463378906251 -0.05548095703125 0.0274734497070312
-0.104652404785156 -0.111618041992188 -0.117530822753906 0.0391998291015625
0.0624237060546875 -0.159454345703125 -0.189865112304688 -0.022735595703125
0.166702270507813 -0.0563507080078125 -0.148818969726563 -0.135894775390625
0.165847778320313 0.05914306640625 0.0477294921875 -0.147613525390625
0.102920532226563 0.0168609619140625 0.0791778564453125 0.246475219726563
0.0848846435546875 -0.025238037109375 0.161544799804688 0.24908447265625
0.025543212890625 -0.0733489990234375 0.292724609375 0.1259765625
-0.02783203125 -0.0477752685546875 0.3076171875 -0.049468994140625
-0.0511589050292969 -0.0146064758300781 0.19281005859375 -0.16436767578125
-0.0421180725097656 0.0365066528320313 0.072418212890625 -0.184860229492188
-0.0288848876953125 0.0592536926269531 -0.00665283203124999 -0.135169982910156
-0.0332107543945312 0.0608367919921875 -0.00722503662109376 -0.0818710327148438
-0.0362396240234375 0.0746994018554687 -0.00955200195312499 -0.0479812622070312
-0.0650978088378906 0.0527114868164063 -0.00938034057617188 -0.0233249664306641
-0.086456298828125 -0.0160064697265625 -0.0243091583251953 0.00983810424804688
-0.043182373046875 -0.076690673828125 -0.0903778076171875 0.0458297729492187
0.0562515258789063 -0.0802841186523437 -0.19439697265625 -0.013275146484375
0.10394287109375 -0.0114822387695312 -0.140853881835938 -0.140945434570312
0.0937576293945313 0.0475845336914063 0.0892791748046875 -0.1197509765625
-0.019622802734375 -0.0117359161376953 -0.138442993164062 0.126174926757813
-0.000551700592041015 0.00811958312988281 0.106674194335938 0.1712646484375
-0.0167360305786133 -0.00308990478515625 0.211685180664062 0.0027923583984375
-0.00662708282470703 0.00797414779663086 0.107620239257813 -0.0619659423828125
0.00364589691162109 0.0106019973754883 0.0262908935546875 -0.0217266082763672
0.0180034637451172 -0.000959396362304688 0.0101318359375 0.0201454162597656
0.0188865661621094 -0.00724983215332031 0.009002685546875 0.0606117248535156
0.0153884887695313 -0.00901985168457031 0.00306701660156251 0.084320068359375
0.0160770416259766 -0.012908935546875 -0.0121917724609375 0.141860961914063
0.0185718536376953 -0.00264358520507813 -0.0796051025390625 0.183517456054687
0.0204944610595703 0.00592803955078125 -0.174072265625 0.181869506835938
0.00217247009277344 0.0252971649169922 -0.289398193359375 0.07794189453125
-0.0335903167724609 0.02655029296875 -0.325347900390625 -0.135650634765625
-0.037017822265625 0.00658035278320313 -0.22216796875 -0.229507446289063
-0.0563163757324219 -0.0247154235839844 -0.109710693359375 -0.2867431640625
0.079559326171875 0.0154495239257813 -0.14569091796875 0.11468505859375
0.0920867919921875 -0.0232315063476562 0.07513427734375 0.17047119140625
0.0179443359375 -0.0984268188476563 0.195114135742188 0.0308685302734375
-0.0559120178222656 -0.0635604858398438 0.120864868164063 -0.0318679809570313
-0.0770339965820313 0.0021514892578125 0.0476531982421875 -0.0241508483886719
-0.0278778076171875 0.0504302978515625 0.0200080871582031 0.0116291046142578
0.00777053833007813 0.0479507446289063 0.00604248046875 0.0549201965332031
0.00161361694335938 0.0353126525878906 0.000572204589843746 0.0818557739257813
0.00780105590820313 0.0323715209960938 -0.00979614257812501 0.146560668945312
-0.00117683410644531 0.0305137634277344 -0.0710906982421875 0.190109252929688
-0.0157623291015625 0.019927978515625 -0.166000366210938 0.190093994140625
-0.0327911376953125 0.00582504272460938 -0.286285400390625 0.093719482421875
-0.0308246612548828 -0.0260963439941406 -0.327789306640625 -0.112762451171875
0.0136756896972656 -0.0319175720214844 -0.237640380859375 -0.21453857421875
0.023284912109375 -0.00605201721191406 -0.125762939453125 -0.28857421875
0.157943725585937 0.0372467041015625 -0.134033203125 0.116836547851563
0.160125732421875 -0.0579376220703125 0.0433349609375 0.173858642578125
0.0342254638671875 -0.176971435546875 0.176773071289063 0.0771636962890625
-0.100631713867187 -0.114067077636719 0.154510498046875 0.00955200195312499
-0.137603759765625 -0.000907897949218769 0.09173583984375 -0.0345687866210938
-0.0638275146484375 0.08990478515625 0.0416107177734375 -0.0184707641601562
-0.00371551513671875 0.0928573608398438 0.00418853759765625 0.0288333892822266
-0.0126800537109375 0.0759811401367188 -0.00185775756835938 0.0662117004394531
-0.00128173828125 0.07696533203125 -0.00646972656250002 0.14141845703125
-0.0218658447265625 0.0677337646484375 -0.0626068115234375 0.189117431640625
-0.0583152770996094 0.0382957458496094 -0.159164428710938 0.187759399414062
-0.0774688720703125 -0.0146942138671875 -0.280029296875 0.097869873046875
-0.02996826171875 -0.0869522094726563 -0.318267822265625 -0.09808349609375
0.0681304931640625 -0.073699951171875 -0.236297607421875 -0.199493408203125
0.102157592773438 0.011077880859375 -0.120513916015625 -0.277359008789063
0.2069091796875 0.0493316650390625 -0.106483459472656 0.134315490722656
0.189620971679688 -0.086700439453125 0.024658203125 0.195480346679688
0.028961181640625 -0.21636962890625 0.181243896484375 0.133590698242188
-0.127067565917969 -0.129684448242188 0.209991455078125 0.0384521484375
-0.163894653320313 0.00309753417968751 0.142471313476562 -0.059814453125
-0.0808258056640625 0.1102294921875 0.0630302429199219 -0.0645866394042969
-0.0145187377929688 0.120193481445313 0.00133323669433594 -0.0103998184204101
-0.0253219604492187 0.106376647949219 -0.00466156005859375 0.0404129028320313
-0.0110092163085938 0.115684509277344 -0.00634765625 0.1212158203125
-0.0455703735351562 0.103523254394531 -0.0571136474609375 0.169189453125
-0.106483459472656 0.0553131103515625 -0.151275634765625 0.165176391601563
-0.124618530273438 -0.041046142578125 -0.262359619140625 0.083648681640625
-0.0235748291015625 -0.15069580078125 -0.2908935546875 -0.090911865234375
0.122535705566406 -0.108078002929688 -0.21551513671875 -0.184661865234375
0.168411254882812 0.0279541015625 -0.0956573486328125 -0.253677368164063
0.224212646484375 0.0518646240234375 -0.0664520263671875 0.164993286132813
0.187347412109375 -0.0958251953125 0.0355377197265625 0.228775024414063
0.021026611328125 -0.209884643554687 0.214599609375 0.171157836914063
-0.124320983886719 -0.117698669433594 0.268295288085938 0.036773681640625
-0.15582275390625 0.00477600097656252 0.182388305664062 -0.096160888671875
-0.0807952880859375 0.109298706054688 0.076446533203125 -0.113296508789062
-0.0223007202148438 0.127883911132813 -0.00209426879882813 -0.0531806945800781
-0.0355377197265625 0.121269226074219 -0.00630950927734375 0.00649356842041016
-0.0216598510742188 0.140098571777344 -0.00888824462890625 0.0855636596679688
-0.0708160400390625 0.128189086914063 -0.0523452758789063 0.127906799316406
-0.150680541992188 0.056610107421875 -0.134170532226563 0.120719909667969
-0.157546997070313 -0.0765533447265625 -0.225570678710938 0.0589141845703125
-0.000656127929687513 -0.200210571289062 -0.24786376953125 -0.078094482421875
0.16925048828125 -0.121246337890625 -0.1876220703125 -0.16522216796875
0.208770751953125 0.0446319580078125 -0.0533905029296875 -0.221572875976563
0.2099609375 0.0470428466796875 -0.0169525146484375 0.20086669921875
0.164093017578125 -0.083526611328125 0.073150634765625 0.255264282226563
0.02099609375 -0.172561645507813 0.254837036132813 0.1756591796875
-0.0956192016601563 -0.0947952270507812 0.30572509765625 0.010986328125
-0.125129699707031 0.000312805175781276 0.20098876953125 -0.130905151367188
-0.0714492797851562 0.0915145874023438 0.080291748046875 -0.152328491210938
-0.0273208618164063 0.117507934570313 -0.00410461425781251 -0.0908584594726562
-0.0403671264648438 0.118118286132813 -0.00671768188476563 -0.0292587280273437
-0.032501220703125 0.142547607421875 -0.0115699768066406 0.0371055603027344
-0.0897903442382813 0.127593994140625 -0.0435409545898438 0.0705337524414063
-0.169677734375 0.036285400390625 -0.101234436035156 0.0682449340820313
-0.153167724609375 -0.110824584960937 -0.171783447265625 0.041534423828125
0.0370635986328125 -0.209274291992188 -0.208984375 -0.0501708984375
0.19207763671875 -0.102340698242188 -0.165252685546875 -0.1461181640625
0.211105346679687 0.0594024658203125 -0.00355529785156249 -0.18634033203125
0.169769287109375 0.0342254638671875 0.0352935791015625 0.233612060546875
0.129646301269531 -0.0575103759765625 0.123306274414062 0.265029907226563
0.0251312255859375 -0.124862670898437 0.286590576171875 0.155914306640625
-0.0604705810546875 -0.0718994140625 0.31842041015625 -0.02294921875
-0.088836669921875 -0.00785064697265624 0.2032470703125 -0.155227661132812
-0.0576133728027344 0.0658950805664063 0.0794525146484375 -0.176071166992188
-0.0294876098632812 0.094390869140625 -0.00507354736328125 -0.119369506835937
-0.0396728515625 0.0976638793945313 -0.00656890869140625 -0.0617179870605469
-0.0383377075195313 0.121017456054688 -0.0117263793945313 -0.0125007629394531
-0.0900344848632812 0.0997390747070313 -0.0264816284179688 0.0151996612548828
-0.1488037109375 0.00663757324218747 -0.0586128234863281 0.0286331176757813
-0.108283996582031 -0.116569519042969 -0.121253967285156 0.0417098999023438
0.0661773681640625 -0.165695190429688 -0.195404052734375 -0.0200042724609375
0.173736572265625 -0.0583648681640625 -0.155197143554688 -0.137649536132813
0.172943115234375 0.0635223388671875 0.04705810546875 -0.152603149414063
0.106986999511719 0.0187759399414063 0.0820465087890625 0.256103515625
0.0889663696289063 -0.0261001586914063 0.169357299804688 0.258529663085938
0.0275115966796875 -0.0756988525390625 0.3031005859375 0.127655029296875
-0.0278549194335938 -0.0493888854980469 0.31683349609375 -0.053466796875
-0.0533065795898437 -0.01397705078125 0.197418212890625 -0.169723510742188
-0.0427780151367188 0.0368270874023438 0.0743865966796875 -0.189590454101563
-0.0279808044433594 0.0603981018066406 -0.00584411621093751 -0.137657165527344
-0.033416748046875 0.06317138671875 -0.00596618652343749 -0.085174560546875
-0.0371017456054688 0.077301025390625 -0.00871658325195313 -0.0504608154296875
-0.0667228698730469 0.0539741516113281 -0.00925064086914063 -0.0244369506835937
-0.0900115966796875 -0.015838623046875 -0.0257644653320313 0.0100212097167969
-0.0448455810546875 -0.08026123046875 -0.09259033203125 0.0497360229492188
0.0606613159179688 -0.083160400390625 -0.200347900390625 -0.00964355468749997
0.109260559082031 -0.0116806030273437 -0.147659301757813 -0.14306640625
0.0981903076171875 0.0519790649414063 0.09027099609375 -0.123443603515625
-0.0207271575927734 -0.0111351013183594 -0.140121459960938 0.134590148925781
0.00073862075805664 0.00745439529418945 0.117263793945313 0.173187255859375
-0.0174875259399414 -0.00363349914550781 0.220077514648438 -0.0090179443359375
-0.00666332244873047 0.00852489471435547 0.108795166015625 -0.0691146850585938
0.00395774841308594 0.0124893188476563 0.0264835357666016 -0.0233097076416016
0.0202713012695313 -0.000818252563476563 0.00932121276855469 0.0196533203125
0.0203418731689453 -0.00899314880371094 0.008758544921875 0.0627059936523438
0.016596794128418 -0.00995922088623047 0.00276947021484375 0.0880508422851563
0.0173397064208984 -0.0132036209106445 -0.0106964111328125 0.14788818359375
0.0194053649902344 -0.00374984741210938 -0.078765869140625 0.192520141601563
0.02130126953125 0.00494956970214844 -0.175811767578125 0.194259643554688
0.00384330749511719 0.0263671875 -0.30029296875 0.09259033203125
-0.0341281890869141 0.0296154022216797 -0.345977783203125 -0.13006591796875
-0.0394706726074219 0.00743865966796875 -0.240737915039062 -0.2327880859375
-0.0601806640625 -0.0232315063476563 -0.1226806640625 -0.298797607421875
0.0833053588867187 0.014007568359375 -0.147857666015625 0.123275756835938
0.097442626953125 -0.0279159545898438 0.08477783203125 0.173980712890625
0.0155563354492188 -0.104446411132812 0.203170776367188 0.0208282470703125
-0.0606956481933594 -0.0651626586914063 0.123695373535156 -0.0382537841796875
-0.0797195434570313 0.00636291503906248 0.0490264892578125 -0.0265350341796875
-0.0257682800292969 0.0536880493164062 0.0206813812255859 0.00980758666992188
0.0110435485839844 0.0489234924316406 0.00569915771484375 0.0573387145996094
0.00352859497070312 0.0362434387207031 -5.34057617187524E-05 0.0850982666015625
0.00916671752929688 0.0335006713867188 -0.00714111328125002 0.152313232421875
-3.05175781249988E-05 0.0305576324462891 -0.06915283203125 0.199539184570313
-0.0158100128173828 0.02032470703125 -0.166778564453125 0.2034912109375
-0.0326404571533203 0.00667572021484375 -0.29583740234375 0.109283447265625
-0.0324840545654297 -0.0246200561523438 -0.347930908203125 -0.10577392578125
0.0125408172607422 -0.0335464477539063 -0.255722045898438 -0.217498779296875
0.0235481262207031 -0.00510406494140625 -0.141082763671875 -0.3001708984375
0.166580200195313 0.034515380859375 -0.13519287109375 0.125526428222656
0.1683349609375 -0.06622314453125 0.05145263671875 0.1788330078125
0.0304107666015625 -0.187408447265625 0.184478759765625 0.0703887939453125
-0.108230590820312 -0.116416931152344 0.161376953125 0.00421142578124999
-0.143768310546875 0.00509643554687501 0.0945663452148437 -0.0389404296875
-0.0614852905273438 0.0953445434570313 0.0421333312988281 -0.0230789184570312
-0.00036621093749999 0.0954666137695313 0.00285530090332032 0.0295391082763672
-0.0100784301757813 0.0788726806640625 -0.00262832641601562 0.0692825317382813
0.00135040283203125 0.0801925659179688 -0.00363159179687501 0.14654541015625
-0.0207023620605469 0.0691947937011719 -0.0598907470703125 0.197402954101563
-0.0593223571777344 0.0405693054199219 -0.159942626953125 0.2012939453125
-0.079010009765625 -0.0138931274414063 -0.28955078125 0.11346435546875
-0.0322723388671875 -0.0879364013671875 -0.3367919921875 -0.0916748046875
0.0686721801757812 -0.07781982421875 -0.253814697265625 -0.20166015625
0.107673645019531 0.0116424560546875 -0.136016845703125 -0.28741455078125
0.218032836914063 0.0461273193359375 -0.105575561523438 0.142410278320312
0.1978759765625 -0.0970001220703125 0.033050537109375 0.201858520507813
0.0238800048828125 -0.227386474609375 0.19207763671875 0.129531860351562
-0.13568115234375 -0.131248474121094 0.220489501953125 0.032562255859375
-0.170700073242187 0.00950622558593749 0.146743774414063 -0.0673980712890625
-0.078887939453125 0.116378784179687 0.0634231567382812 -0.07183837890625
-0.0107421875 0.123092651367188 -0.000729560852050783 -0.0110282897949219
-0.0225982666015625 0.110580444335938 -0.00530624389648437 0.0416946411132813
-0.007354736328125 0.120048522949219 -0.0028839111328125 0.125717163085938
-0.0438613891601563 0.107475280761719 -0.054290771484375 0.1766357421875
-0.108543395996094 0.0593643188476562 -0.153167724609375 0.17822265625
-0.129554748535156 -0.0399703979492188 -0.272262573242188 0.097503662109375
-0.02740478515625 -0.15460205078125 -0.307647705078125 -0.084808349609375
0.124526977539063 -0.115776062011719 -0.232070922851563 -0.185745239257813
0.177902221679688 0.0278167724609375 -0.108901977539062 -0.263809204101562
0.235931396484375 0.049041748046875 -0.063629150390625 0.173873901367188
0.194244384765625 -0.1055908203125 0.0452117919921875 0.23724365234375
0.016448974609375 -0.220321655273438 0.227783203125 0.1689453125
-0.131599426269531 -0.119422912597656 0.2806396484375 0.0294342041015625
-0.161376953125 0.01104736328125 0.186843872070313 -0.106277465820313
-0.0794296264648437 0.114753723144531 0.0757217407226563 -0.122810363769531
-0.01812744140625 0.131378173828125 -0.00485992431640625 -0.0548591613769531
-0.03204345703125 0.127128601074219 -0.00739765167236328 0.00663566589355469
-0.0176849365234375 0.145782470703125 -0.00555419921875001 0.088470458984375
-0.0694732666015625 0.133613586425781 -0.0507583618164063 0.134063720703125
-0.154632568359375 0.062957763671875 -0.137153625488281 0.131080627441406
-0.166290283203125 -0.076812744140625 -0.234344482421875 0.0713500976562499
-0.00543212890625 -0.208511352539063 -0.261199951171875 -0.0718536376953125
0.173431396484375 -0.131210327148438 -0.202117919921875 -0.165908813476563
0.220748901367187 0.0443267822265625 -0.06488037109375 -0.230758666992187
0.221099853515625 0.044189453125 -0.011260986328125 0.210739135742188
0.170272827148438 -0.091217041015625 0.085601806640625 0.265274047851563
0.01763916015625 -0.180618286132812 0.2713623046875 0.172927856445313
-0.100372314453125 -0.0962753295898438 0.3189697265625 0.000854492187499994
-0.129379272460938 0.00392150878906252 0.204574584960938 -0.143157958984375
-0.0705642700195313 0.0954208374023437 0.0792694091796875 -0.161895751953125
-0.0236892700195312 0.121147155761719 -0.007232666015625 -0.0937118530273437
-0.0380325317382812 0.123588562011719 -0.00759315490722657 -0.0307064056396484
-0.0287933349609375 0.149063110351563 -0.0104026794433594 0.038543701171875
-0.0888748168945313 0.1343994140625 -0.0427474975585938 0.07470703125
-0.175918579101563 0.0435791015625 -0.104736328125 0.0745010375976563
-0.162979125976563 -0.111679077148438 -0.178878784179688 0.0501556396484375
0.0342254638671875 -0.219680786132813 -0.218399047851563 -0.0433349609375001
0.19921875 -0.112106323242188 -0.178009033203125 -0.145523071289063
0.2252197265625 0.0591888427734375 -0.011627197265625 -0.194686889648438
0.17901611328125 0.0322418212890625 0.0437164306640625 0.244476318359375
0.135322570800781 -0.0635833740234375 0.138381958007813 0.273956298828125
0.0236129760742188 -0.130531311035156 0.30419921875 0.1514892578125
-0.06317138671875 -0.0734710693359375 0.330413818359375 -0.034454345703125
-0.0921478271484375 -0.00507354736328127 0.20623779296875 -0.168243408203125
-0.0572509765625 0.0682830810546875 0.07763671875 -0.185943603515625
-0.0261764526367188 0.097442626953125 -0.00791931152343751 -0.123085021972656
-0.0378189086914062 0.102432250976563 -0.00820922851562501 -0.0654335021972656
-0.035858154296875 0.12774658203125 -0.0118894577026367 -0.0130910873413086
-0.0904159545898438 0.105812072753906 -0.0275497436523438 0.0161705017089844
-0.155349731445313 0.01116943359375 -0.0613822937011719 0.0316543579101562
-0.11669921875 -0.11993408203125 -0.125221252441406 0.0490264892578125
0.0663909912109375 -0.175064086914063 -0.203277587890625 -0.0115814208984375
0.182342529296875 -0.066009521484375 -0.167556762695313 -0.137222290039063
0.185195922851562 0.0645904541015625 0.0423431396484375 -0.159744262695313
0.113204956054688 0.0174331665039063 0.0938568115234375 0.2666015625
0.093841552734375 -0.0300445556640625 0.1859130859375 0.266357421875
0.0273513793945313 -0.0801849365234375 0.321319580078125 0.120941162109375
-0.0296669006347656 -0.0511932373046875 0.327789306640625 -0.0665283203125
-0.0558547973632812 -0.0127105712890625 0.199722290039062 -0.182937622070313
-0.0423355102539063 0.0394134521484375 0.07183837890625 -0.19921875
-0.0259208679199219 0.06317138671875 -0.00885009765625001 -0.142257690429688
-0.03228759765625 0.0673484802246094 -0.00714111328125 -0.089691162109375
-0.0361099243164063 0.0823974609375 -0.00923538208007813 -0.0535507202148437
-0.0675544738769531 0.0572128295898437 -0.0106086730957031 -0.0257129669189453
-0.0943069458007813 -0.0138626098632813 -0.0273799896240234 0.0108604431152344
-0.0490493774414063 -0.0844802856445312 -0.09423828125 0.0561141967773438
0.0623855590820312 -0.0890426635742188 -0.208648681640625 1.52587890625019E-05
0.115425109863281 -0.01513671875 -0.160049438476563 -0.14215087890625
0.106330871582031 0.0538711547851562 0.0882720947265625 -0.131385803222656
-0.0223865509033203 -0.0109500885009766 -0.135955810546875 0.146270751953125
0.00231695175170898 0.00582504272460937 0.131332397460938 0.16876220703125
-0.0188159942626953 -0.00295829772949219 0.22357177734375 -0.0265045166015625
-0.00722980499267578 0.00873947143554688 0.106338500976562 -0.0784835815429688
0.00553989410400391 0.0139751434326172 0.0262279510498047 -0.0253677368164063
0.0222663879394531 -0.00159454345703125 0.0103321075439453 0.0186042785644531
0.0210704803466797 -0.0109500885009766 0.00987243652343751 0.0643234252929688
0.0178337097167969 -0.0113792419433594 0.00475311279296875 0.091033935546875
0.0172386169433594 -0.0145530700683594 -0.00521850585937499 0.152908325195313
0.0193405151367188 -0.00522232055664063 -0.071533203125 0.201385498046875
0.0215435028076172 0.00411796569824219 -0.169647216796875 0.210403442382812
0.00608444213867187 0.0270824432373047 -0.303497314453125 0.114837646484375
-0.0334491729736328 0.0338573455810547 -0.366912841796875 -0.112213134765625
-0.0414695739746094 0.00914001464843751 -0.262619018554688 -0.226821899414062
-0.0637130737304688 -0.019775390625 -0.14385986328125 -0.303924560546875
0.0870437622070313 0.0102005004882813 -0.144577026367187 0.134872436523438
0.100799560546875 -0.0363922119140625 0.0984039306640625 0.171539306640625
0.00943756103515625 -0.109321594238281 0.206497192382812 0.00544738769531249
-0.066986083984375 -0.064453125 0.124153137207031 -0.0471267700195313
-0.08221435546875 0.01312255859375 0.0491981506347656 -0.0302467346191406
-0.0217170715332031 0.0561103820800781 0.0212268829345703 0.00706672668457032
0.0150184631347656 0.0481109619140625 0.0070343017578125 0.0585784912109375
0.00658798217773437 0.0367622375488281 0.00181579589843751 0.0880889892578125
0.0117816925048828 0.0334300994873047 -0.000335693359375008 0.156875610351563
0.000682830810546875 0.0300464630126953 -0.0605926513671875 0.208084106445312
-0.0153217315673828 0.0207176208496094 -0.160110473632812 0.21881103515625
-0.0314788818359375 0.00775337219238281 -0.298828125 0.13201904296875
-0.0338096618652344 -0.0223026275634766 -0.366973876953125 -0.0880432128906251
0.0103836059570312 -0.0349674224853516 -0.277542114257813 -0.20989990234375
0.0242290496826172 -0.00388526916503906 -0.163482666015625 -0.30438232421875
0.174758911132813 0.0269317626953125 -0.130844116210938 0.135932922363281
0.171722412109375 -0.0796661376953125 0.0634918212890625 0.178573608398438
0.01971435546875 -0.195205688476563 0.191680908203125 0.0584869384765625
-0.118438720703125 -0.114692687988281 0.165802001953125 -0.00508117675781251
-0.14697265625 0.01513671875 0.0957717895507812 -0.0460281372070313
-0.0559616088867188 0.100814819335937 0.0420303344726563 -0.0281829833984375
0.00604248046875 0.095977783203125 0.00312232971191407 0.0305595397949219
-0.005859375 0.080902099609375 -0.00128936767578125 0.07232666015625
0.0069580078125 0.0814132690429688 0.00334167480468752 0.150726318359375
-0.0178985595703125 0.0704498291015625 -0.0511322021484375 0.206161499023438
-0.0583076477050781 0.0440025329589844 -0.152664184570313 0.217376708984375
-0.0802001953125 -0.0107955932617188 -0.291748046875 0.136474609375
-0.0368576049804687 -0.0870132446289063 -0.35540771484375 -0.074188232421875
0.0657501220703125 -0.0829238891601563 -0.275283813476563 -0.193023681640625
0.11260986328125 0.00965118408203125 -0.157989501953125 -0.2916259765625
0.22857666015625 0.036102294921875 -0.0994110107421874 0.1517333984375
0.200897216796875 -0.112747192382813 0.04541015625 0.205245971679688
0.0111236572265625 -0.236358642578125 0.20257568359375 0.1195068359375
-0.147293090820312 -0.128524780273438 0.228256225585938 0.0209197998046875
-0.174118041992188 0.0212249755859375 0.147491455078125 -0.0783843994140625
-0.072265625 0.122627258300781 0.0599441528320313 -0.0799484252929687
-0.00291442871093749 0.125205993652344 -0.00335884094238281 -0.0108633041381836
-0.0167999267578125 0.114227294921875 -0.00492095947265625 0.0436363220214844
-0.000343322753906258 0.122940063476563 0.00418090820312499 0.128982543945313
-0.03948974609375 0.110885620117188 -0.0465240478515625 0.184097290039062
-0.107536315917969 0.0666275024414062 -0.147445678710937 0.19329833984375
-0.134132385253906 -0.0348587036132812 -0.274795532226563 0.119049072265625
-0.035797119140625 -0.157089233398438 -0.323150634765625 -0.068328857421875
0.122085571289063 -0.125236511230469 -0.252090454101562 -0.178390502929688
0.18701171875 0.02252197265625 -0.12945556640625 -0.26715087890625
0.24700927734375 0.0391693115234375 -0.0541839599609375 0.182754516601563
0.196441650390625 -0.12005615234375 0.0601959228515625 0.24176025390625
0.00463867187499998 -0.227951049804688 0.243377685546875 0.15887451171875
-0.14080810546875 -0.115997314453125 0.290863037109375 0.013580322265625
-0.164047241210938 0.0207366943359375 0.186172485351562 -0.120880126953125
-0.0734100341796875 0.120018005371094 0.0700531005859375 -0.132133483886719
-0.0107192993164063 0.133674621582031 -0.00861358642578125 -0.0554656982421875
-0.0260009765625 0.131118774414063 -0.00759172439575195 0.00735569000244141
-0.00949096679687501 0.150619506835938 -0.000907897949218754 0.0906219482421875
-0.0637054443359375 0.139778137207031 -0.0451812744140625 0.140403747558594
-0.154739379882813 0.073638916015625 -0.133926391601562 0.14398193359375
-0.17474365234375 -0.0700531005859375 -0.23736572265625 0.08917236328125
-0.015625 -0.213897705078125 -0.273834228515625 -0.057830810546875
0.172760009765625 -0.144149780273438 -0.219161987304688 -0.158126831054687
0.233200073242187 0.0367889404296875 -0.0823822021484375 -0.23541259765625
0.231689453125 0.0349273681640625 0.0010833740234375 0.218460083007812
0.17120361328125 -0.103012084960938 0.104049682617188 0.268478393554688
0.00869750976562499 -0.1873779296875 0.289031982421875 0.1600341796875
-0.106910705566406 -0.0950469970703125 0.32769775390625 -0.017791748046875
-0.131599426269531 0.0114669799804687 0.2020263671875 -0.158721923828125
-0.0654983520507813 0.09906005859375 0.0717620849609375 -0.171920776367188
-0.01629638671875 0.123664855957031 -0.0127182006835937 -0.09527587890625
-0.031890869140625 0.128395080566406 -0.0100650787353516 -0.0315628051757813
-0.020660400390625 0.15496826171875 -0.00818252563476563 0.0397186279296875
-0.083892822265625 0.141708374023438 -0.03961181640625 0.0791015625
-0.17828369140625 0.05535888671875 -0.104393005371094 0.084136962890625
-0.17413330078125 -0.106903076171875 -0.181182861328125 0.063385009765625
0.024261474609375 -0.229598999023438 -0.227035522460938 -0.0305328369140626
0.20068359375 -0.12664794921875 -0.192825317382813 -0.137649536132812
0.238876342773438 0.0520477294921875 -0.025360107421875 -0.199508666992188
0.18707275390625 0.024749755859375 0.0601959228515625 0.251708984375
0.137863159179688 -0.0724105834960938 0.159698486328125 0.276123046875
0.01812744140625 -0.135772705078125 0.321533203125 0.136962890625
-0.0672454833984375 -0.07281494140625 0.338165283203125 -0.0555419921875
-0.094268798828125 -0.000343322753906231 0.201507568359375 -0.185409545898438
-0.0536041259765625 0.071441650390625 0.0694732666015625 -0.195388793945313
-0.0205612182617187 0.0992431640625 -0.0146102905273438 -0.124725341796875
-0.033203125 0.107170104980469 -0.0112152099609375 -0.066986083984375
-0.0293350219726562 0.132797241210938 -0.0124540328979492 -0.0138750076293945
-0.0867385864257813 0.113212585449219 -0.0272941589355469 0.0180606842041016
-0.159942626953125 0.020477294921875 -0.0620536804199219 0.0362052917480469
-0.127067565917969 -0.118370056152344 -0.125633239746094 0.05926513671875
0.060150146484375 -0.185791015625 -0.208740234375 0.00286865234375001
0.186431884765625 -0.0782318115234375 -0.182327270507813 -0.129257202148438
0.19818115234375 0.06011962890625 0.0315093994140625 -0.166213989257813
0.11895751953125 0.012481689453125 0.112258911132813 0.2728271484375
0.0963668823242188 -0.03643798828125 0.209442138671875 0.266098022460938
0.024505615234375 -0.0839767456054688 0.33831787109375 0.104736328125
-0.0321426391601563 -0.0515251159667969 0.33233642578125 -0.087860107421875
-0.0578498840332031 -0.00993728637695312 0.19354248046875 -0.199630737304688
-0.0401039123535156 0.0418586730957031 0.0639801025390625 -0.208343505859375
-0.0218009948730469 0.064727783203125 -0.014801025390625 -0.144775390625
-0.0288314819335937 0.0703964233398438 -0.0114364624023438 -0.0927658081054688
-0.0317916870117187 0.087127685546875 -0.0121231079101563 -0.0552177429199219
-0.0666160583496094 0.0622291564941406 -0.0124073028564453 -0.02593994140625
-0.0986099243164063 -0.00823974609375002 -0.0278224945068359 0.0129642486572266
-0.0553665161132812 -0.0860824584960938 -0.0933761596679687 0.0644912719726563
0.0616073608398438 -0.0963592529296875 -0.214553833007813 0.0154876708984375
0.11956787109375 -0.0213851928710938 -0.175308227539062 -0.134490966796875
0.115066528320313 0.0524978637695313 0.080535888671875 -0.138694763183594
-0.0235176086425781 -0.0100536346435547 -0.126266479492187 0.154037475585938
0.00300359725952148 0.00350856781005859 0.142486572265625 0.158477783203125
-0.0199489593505859 -0.00209617614746093 0.218109130859375 -0.045074462890625
-0.00772953033447266 0.00897789001464844 0.100357055664063 -0.0864105224609375
0.006927490234375 0.0146579742431641 0.0250015258789063 -0.0270252227783203
0.0238418579101562 -0.00359725952148437 0.0100688934326172 0.0165195465087891
0.0212898254394531 -0.0130710601806641 0.0117721557617188 0.0645599365234375
0.0179576873779297 -0.0127925872802734 0.00759124755859374 0.0916519165039062
0.0170650482177734 -0.0152158737182617 0.00180053710937501 0.15289306640625
0.0188426971435547 -0.00627517700195312 -0.0605316162109375 0.20513916015625
0.0208034515380859 0.00283432006835938 -0.155685424804687 0.220535278320313
0.00868988037109375 0.0259075164794922 -0.29534912109375 0.136383056640625
-0.03167724609375 0.036468505859375 -0.376983642578125 -0.08587646484375
-0.0422859191894531 0.0122299194335937 -0.278427124023438 -0.210708618164062
-0.0643501281738281 -0.0143318176269531 -0.16363525390625 -0.29779052734375
0.0880203247070313 0.00423431396484375 -0.13482666015625 0.14312744140625
0.0998001098632813 -0.0448150634765625 0.109161376953125 0.16314697265625
0.00142669677734375 -0.110816955566406 0.20306396484375 -0.011627197265625
-0.0723037719726563 -0.060302734375 0.119834899902344 -0.0558242797851563
-0.0804061889648438 0.0195770263671875 0.0473480224609375 -0.0340347290039063
-0.0165176391601562 0.056549072265625 0.0198478698730469 0.00454139709472657
0.0181198120117188 0.0458030700683594 0.00864791870117188 0.0591163635253906
0.00910568237304687 0.03570556640625 0.00518035888671875 0.0890426635742188
0.014739990234375 0.0321540832519531 0.0066986083984375 0.156326293945312
0.00253868103027344 0.0295867919921875 -0.0485687255859375 0.210906982421875
-0.0137157440185547 0.0207366943359375 -0.145431518554688 0.229202270507813
-0.0297794342041016 0.00876235961914062 -0.28887939453125 0.1533203125
-0.0345058441162109 -0.0181808471679687 -0.3748779296875 -0.0615234375
0.00702667236328125 -0.0340633392333984 -0.29345703125 -0.191192626953125
0.0252952575683594 -0.00323104858398438 -0.1827392578125 -0.29705810546875
0.176559448242188 0.016326904296875 -0.121047973632813 0.142898559570312
0.16815185546875 -0.0926513671875 0.07550048828125 0.172988891601562
0.0057373046875 -0.197433471679688 0.191085815429688 0.0438690185546875
-0.1268310546875 -0.107246398925781 0.164962768554688 -0.0159454345703125
-0.145736694335938 0.0257568359375 0.092864990234375 -0.0527572631835938
-0.048004150390625 0.102638244628906 0.0383682250976562 -0.032958984375
0.01202392578125 0.093292236328125 0.00334930419921875 0.0312271118164063
-0.000755310058593747 0.0806350708007812 0.000953674316406248 0.0728836059570313
0.011688232421875 0.0796661376953125 0.01165771484375 0.150009155273438
-0.0138473510742187 0.0705337524414063 -0.039306640625 0.208404541015625
-0.0550193786621094 0.0468368530273438 -0.138351440429687 0.2275390625
-0.0791778564453125 -0.00730895996093751 -0.28228759765625 0.157257080078125
-0.0410537719726563 -0.0833206176757813 -0.361785888671875 -0.0488586425781251
0.0609359741210937 -0.08477783203125 -0.28924560546875 -0.175445556640625
0.115081787109375 0.00543975830078125 -0.1778564453125 -0.284149169921875
0.230972290039062 0.022705078125 -0.0886383056640625 0.1573486328125
0.195281982421875 -0.126327514648438 0.0588836669921875 0.201004028320313
-0.00428771972656248 -0.237442016601563 0.206680297851563 0.104782104492187
-0.154434204101563 -0.1201171875 0.230117797851563 0.00582885742187499
-0.17181396484375 0.0326385498046875 0.142807006835938 -0.087890625
-0.0629730224609375 0.124565124511719 0.0536117553710937 -0.0854873657226562
0.004852294921875 0.122581481933594 -0.00483989715576172 -0.00980758666992187
-0.010467529296875 0.114242553710938 -0.00390243530273437 0.0445976257324219
0.008056640625 0.121177673339844 0.01153564453125 0.127914428710938
-0.0326309204101563 0.111892700195312 -0.0351104736328125 0.18695068359375
-0.102729797363281 0.0727386474609375 -0.13470458984375 0.203338623046875
-0.135032653808594 -0.027130126953125 -0.26727294921875 0.139175415039063
-0.0438079833984375 -0.153350830078125 -0.329193115234375 -0.0455322265624999
0.114837646484375 -0.130989074707031 -0.264846801757813 -0.16162109375
0.191680908203125 0.014556884765625 -0.14825439453125 -0.260452270507812
0.249465942382813 0.0250091552734375 -0.041839599609375 0.185806274414063
0.190017700195312 -0.132919311523438 0.075897216796875 0.237838745117188
-0.0096282958984375 -0.227325439453125 0.251007080078125 0.141693115234375
-0.146743774414062 -0.108322143554688 0.2926025390625 -0.00527954101562501
-0.161758422851563 0.0311737060546875 0.178466796875 -0.133148193359375
-0.064910888671875 0.121223449707031 0.0603256225585937 -0.137680053710937
-0.00274658203125 0.13128662109375 -0.0127067565917969 -0.0541419982910156
-0.0185775756835937 0.1314697265625 -0.00802373886108398 0.00838708877563478
0.000228881835937514 0.149276733398438 0.00503540039062499 0.0901947021484375
-0.0552520751953125 0.1424560546875 -0.036468505859375 0.142791748046875
-0.149642944335938 0.0833740234375 -0.125411987304687 0.153076171875
-0.178634643554688 -0.0605621337890625 -0.232437133789062 0.106094360351562
-0.0279998779296875 -0.2132568359375 -0.278030395507813 -0.03857421875
0.16558837890625 -0.15399169921875 -0.230865478515625 -0.142913818359375
0.240341186523438 0.0260467529296875 -0.0989227294921875 -0.229782104492188
0.234207153320313 0.0224151611328125 0.016204833984375 0.220199584960937
0.166229248046875 -0.114334106445312 0.122268676757813 0.2626953125
-0.00175476074218752 -0.187164306640625 0.298095703125 0.141326904296875
-0.11114501953125 -0.088836669921875 0.327056884765625 -0.0389404296875
-0.129371643066406 0.0196609497070313 0.19183349609375 -0.171600341796875
-0.0582733154296875 0.100013732910156 0.06011962890625 -0.1766357421875
-0.009185791015625 0.121513366699219 -0.0179672241210937 -0.0932388305664062
-0.023956298828125 0.129524230957031 -0.0119342803955078 -0.0309791564941406
-0.010589599609375 0.155426025390625 -0.00525665283203125 0.0393028259277344
-0.0748748779296875 0.146453857421875 -0.0354080200195313 0.08172607421875
-0.174713134765625 0.0665435791015625 -0.0998382568359375 0.091033935546875
-0.182113647460938 -0.097930908203125 -0.177154541015625 0.076446533203125
0.01080322265625 -0.232223510742188 -0.229278564453125 -0.0141448974609375
0.195266723632813 -0.138809204101563 -0.203216552734375 -0.123062133789062
0.2471923828125 0.0404510498046875 -0.0401153564453125 -0.197219848632813
0.188674926757813 0.01397705078125 0.0771942138671875 0.250518798828125
0.13409423828125 -0.0811843872070313 0.179214477539063 0.267257690429688
0.0107650756835938 -0.136398315429687 0.329681396484375 0.1146240234375
-0.0700263977050781 -0.0699386596679688 0.334503173828125 -0.077392578125
-0.0929641723632813 0.00537109374999999 0.189224243164063 -0.196426391601563
-0.048828125 0.0716705322265625 0.056976318359375 -0.19964599609375
-0.0142059326171875 0.0981826782226563 -0.0204010009765625 -0.123092651367188
-0.0262298583984375 0.108818054199219 -0.0146026611328125 -0.0663223266601563
-0.0205078125 0.133743286132813 -0.0132074356079102 -0.0132780075073242
-0.0800704956054688 0.118186950683594 -0.0266456604003906 0.0195522308349609
-0.158981323242188 0.031402587890625 -0.0604209899902344 0.0407447814941406
-0.136192321777344 -0.112075805664063 -0.121421813964844 0.0684814453125
0.050201416015625 -0.190628051757812 -0.208206176757813 0.0190887451171875
0.184051513671875 -0.08880615234375 -0.192413330078125 -0.1143798828125
0.206268310546875 0.05023193359375 0.01904296875 -0.166900634765625
0.119583129882813 0.0057525634765625 0.130447387695313 0.269332885742188
0.0948562622070312 -0.0429458618164062 0.228500366210938 0.254913330078125
0.019866943359375 -0.0854263305664063 0.343780517578125 0.081817626953125
-0.0344390869140625 -0.0495033264160156 0.32659912109375 -0.109161376953125
-0.0574989318847656 -0.005584716796875 0.18017578125 -0.21044921875
-0.0371551513671875 0.0421524047851563 0.05218505859375 -0.210784912109375
-0.0169410705566406 0.0649909973144531 -0.0216064453125 -0.142913818359375
-0.0245132446289062 0.07220458984375 -0.0156173706054687 -0.09295654296875
-0.0259628295898438 0.0882492065429688 -0.0154190063476563 -0.0551643371582031
-0.0627326965332031 0.0659980773925781 -0.0143661499023438 -0.025543212890625
-0.09918212890625 -0.00160980224609376 -0.0275955200195313 0.0150508880615234
-0.0609512329101563 -0.0838851928710938 -0.0878982543945313 0.0721359252929688
0.0569076538085938 -0.100906372070312 -0.212112426757813 0.0326385498046875
0.120780944824219 -0.02813720703125 -0.185577392578125 -0.1199951171875
0.121337890625 0.0475540161132813 0.0694732666015625 -0.14178466796875
-0.0246200561523437 -0.00949668884277344 -0.1165771484375 0.155624389648438
0.00221967697143555 0.00106358528137207 0.1466064453125 0.147048950195313
-0.0206623077392578 -0.000856399536132813 0.208709716796875 -0.0562744140625
-0.00805759429931641 0.0103139877319336 0.0923995971679688 -0.0901107788085938
0.00827312469482422 0.0151958465576172 0.0230121612548828 -0.0284996032714844
0.0242633819580078 -0.00526618957519531 0.00896644592285156 0.0152816772460938
0.0213394165039063 -0.0145950317382812 0.0129432678222656 0.0639762878417969
0.017791748046875 -0.0142555236816406 0.009063720703125 0.0909042358398438
0.01739501953125 -0.0162067413330078 0.0057830810546875 0.150802612304687
0.0186443328857422 -0.006500244140625 -0.051971435546875 0.20367431640625
0.0205554962158203 0.00220298767089844 -0.143096923828125 0.223663330078125
0.00951385498046875 0.0246639251708984 -0.283355712890625 0.149078369140625
-0.0295562744140625 0.0387001037597656 -0.376190185546875 -0.065185546875
-0.0416908264160156 0.0141372680664063 -0.284149169921875 -0.1942138671875
-0.0629501342773437 -0.0114021301269531 -0.174072265625 -0.2896728515625
0.0858001708984375 0.000396728515625 -0.1248779296875 0.14471435546875
0.09613037109375 -0.0509414672851563 0.114913940429688 0.154129028320313
-0.00450897216796875 -0.109695434570313 0.194992065429687 -0.0225372314453125
-0.0752792358398438 -0.0562362670898438 0.114028930664062 -0.06103515625
-0.0776138305664063 0.0239944458007813 0.0452346801757812 -0.03607177734375
-0.0126152038574219 0.0551567077636719 0.0181522369384766 0.00200080871582032
0.0200843811035156 0.0424880981445312 0.00930023193359374 0.0580253601074219
0.0102062225341797 0.0337448120117188 0.00609588623046875 0.08819580078125
0.015594482421875 0.0303325653076172 0.010894775390625 0.153854370117188
0.00339698791503907 0.0283603668212891 -0.04071044921875 0.20916748046875
-0.0125560760498047 0.0205821990966797 -0.132186889648438 0.231109619140625
-0.0283298492431641 0.00844001770019531 -0.277145385742187 0.165969848632813
-0.0335750579833984 -0.0145015716552734 -0.3734130859375 -0.041290283203125
0.00556564331054687 -0.0318202972412109 -0.298309326171875 -0.175628662109375
0.0265407562255859 -0.00254058837890625 -0.193084716796875 -0.287109375
0.174224853515625 0.0092620849609375 -0.111343383789062 0.14398193359375
0.162506103515625 -0.099609375 0.0818023681640625 0.165267944335938
-0.00329589843749999 -0.194320678710938 0.185821533203125 0.0335540771484375
-0.130340576171875 -0.100265502929688 0.160797119140625 -0.0229949951171875
-0.140823364257813 0.032318115234375 0.0896835327148437 -0.0563735961914062
-0.0414962768554687 0.10089111328125 0.0344810485839844 -0.0359077453613281
0.0157470703125 0.0890655517578125 0.00321388244628906 0.0315265655517578
0.00225830078125 0.0779190063476563 0.00231170654296875 0.0724716186523438
0.0152969360351562 0.0763168334960937 0.016204833984375 0.146469116210938
-0.0113067626953125 0.0685997009277344 -0.03057861328125 0.205490112304688
-0.0516815185546875 0.0472335815429687 -0.125198364257812 0.2294921875
-0.0772781372070313 -0.0050201416015625 -0.270660400390625 0.169158935546875
-0.0422210693359375 -0.07830810546875 -0.358673095703125 -0.0287170410156251
0.0568389892578125 -0.0839004516601563 -0.293853759765625 -0.15960693359375
0.116539001464844 0.0028076171875 -0.188278198242187 -0.27435302734375
0.227615356445313 0.014251708984375 -0.0790252685546875 0.15679931640625
0.187484741210938 -0.13311767578125 0.0668792724609375 0.1937255859375
-0.0141754150390625 -0.233139038085938 0.203948974609375 0.092926025390625
-0.157363891601562 -0.111434936523438 0.226776123046875 -0.00453186035156251
-0.166122436523438 0.03912353515625 0.137458801269531 -0.0934829711914063
-0.0559005737304687 0.122093200683594 0.0474166870117188 -0.087799072265625
0.00949859619140625 0.117904663085938 -0.00636386871337891 -0.00835943222045898
-0.0057220458984375 0.111648559570313 -0.00312423706054688 0.0446128845214844
0.0131912231445312 0.116859436035156 0.0158233642578125 0.124565124511719
-0.0278396606445312 0.109809875488281 -0.026824951171875 0.184829711914063
-0.096649169921875 0.074798583984375 -0.12359619140625 0.206405639648437
-0.133338928222656 -0.0226287841796875 -0.256851196289063 0.15081787109375
-0.0488739013671875 -0.147674560546875 -0.327301025390625 -0.027923583984375
0.108924865722656 -0.131591796875 -0.26959228515625 -0.146072387695313
0.192581176757812 0.008880615234375 -0.158920288085938 -0.251373291015625
0.24591064453125 0.0161590576171875 -0.0321807861328125 0.184051513671875
0.181793212890625 -0.13818359375 0.085174560546875 0.229843139648438
-0.0182037353515625 -0.222915649414063 0.250473022460938 0.12786865234375
-0.148056030273438 -0.100616455078125 0.288360595703125 -0.0189208984375
-0.155624389648437 0.0367279052734375 0.169387817382813 -0.138839721679688
-0.0579452514648438 0.118362426757813 0.052032470703125 -0.139328002929688
0.00241851806640624 0.126182556152344 -0.0149116516113281 -0.0519485473632812
-0.0134048461914062 0.129196166992188 -0.0079336166381836 0.00906658172607423
0.00671386718749999 0.14501953125 0.00848388671874999 0.0874404907226563
-0.04766845703125 0.14080810546875 -0.0298614501953125 0.1419677734375
-0.142471313476563 0.0880889892578125 -0.116928100585938 0.156417846679688
-0.178512573242188 -0.052734375 -0.2244873046875 0.116607666015625
-0.0354461669921875 -0.2080078125 -0.275543212890625 -0.023651123046875
0.157684326171875 -0.157211303710938 -0.234848022460938 -0.128616333007812
0.241165161132812 0.0177001953125 -0.109344482421875 -0.221588134765625
0.230514526367188 0.014068603515625 0.025848388671875 0.216171264648438
0.1590576171875 -0.118392944335937 0.132415771484375 0.25335693359375
-0.00852966308593752 -0.183151245117188 0.297332763671875 0.12493896484375
-0.111106872558594 -0.0828933715820313 0.32000732421875 -0.053009033203125
-0.124748229980469 0.0236663818359375 0.180313110351563 -0.177459716796875
-0.053131103515625 0.0972213745117187 0.0501708984375 -0.17718505859375
-0.00460815429687501 0.116302490234375 -0.02154541015625 -0.0898284912109375
-0.0190353393554687 0.127540588378906 -0.0129661560058594 -0.0297718048095703
-0.00326538085937501 0.151168823242188 -0.00341796875 0.0384521484375
-0.0672454833984375 0.145828247070313 -0.0315399169921875 0.0818557739257813
-0.168121337890625 0.073272705078125 -0.0951690673828125 0.0946578979492188
-0.183914184570313 -0.088836669921875 -0.170822143554688 0.0851287841796875
0.00146484374999998 -0.229293823242188 -0.225448608398438 -0.00187683105468753
0.188873291015625 -0.144119262695313 -0.207199096679688 -0.109848022460937
0.24945068359375 0.030670166015625 -0.0499420166015625 -0.191314697265625
0.186080932617188 0.00811767578125 0.087127685546875 0.244888305664063
0.129135131835938 -0.0852737426757813 0.189208984375 0.256011962890625
0.00669097900390624 -0.134056091308594 0.328033447265625 0.097320556640625
-0.0700187683105469 -0.0661239624023437 0.325042724609375 -0.091583251953125
-0.0896530151367188 0.00803375244140625 0.177215576171875 -0.200942993164063
-0.0450172424316406 0.0688858032226563 0.0468597412109375 -0.198013305664063
-0.0097808837890625 0.094482421875 -0.0242767333984375 -0.118766784667969
-0.0220108032226562 0.106849670410156 -0.0166358947753906 -0.0657196044921875
-0.0145339965820312 0.13177490234375 -0.0132808685302734 -0.0129156112670898
-0.0737075805664063 0.119132995605469 -0.0258674621582031 0.0201663970947266
-0.154373168945313 0.037750244140625 -0.0586090087890625 0.0424995422363281
-0.139579772949219 -0.105918884277344 -0.115989685058594 0.0735015869140625
0.0421600341796875 -0.191146850585938 -0.2021484375 0.0303192138671875
0.17962646484375 -0.095550537109375 -0.196044921875 -0.100418090820313
0.209442138671875 0.042083740234375 0.00956726074218751 -0.162704467773438
0.117355346679687 0.001861572265625 0.141937255859375 0.262374877929688
0.0918807983398438 -0.0461502075195313 0.237625122070313 0.241256713867188
0.0172042846679688 -0.0842819213867188 0.341278076171875 0.06427001953125
-0.0351600646972656 -0.0476493835449219 0.31585693359375 -0.122283935546875
-0.0561904907226563 -0.00403213500976562 0.167877197265625 -0.212905883789063
-0.0343589782714844 0.0405769348144531 0.042388916015625 -0.208526611328125
-0.0138130187988281 0.0622978210449219 -0.025177001953125 -0.138511657714844
-0.021270751953125 0.070831298828125 -0.0182342529296875 -0.0915908813476563
-0.0216064453125 0.0877609252929688 -0.0170555114746094 -0.0539093017578125
-0.058929443359375 0.0676689147949219 -0.0155773162841797 -0.0244083404541016
-0.0975112915039063 0.00245666503906249 -0.0270175933837891 0.0162582397460937
-0.0649490356445312 -0.08172607421875 -0.0826644897460938 0.0756378173828125
0.0526275634765625 -0.102043151855469 -0.20635986328125 0.0454559326171875
0.119789123535156 -0.032562255859375 -0.189559936523438 -0.106185913085937
0.125068664550781 0.0427703857421875 0.0607833862304688 -0.140121459960937
-0.0260639190673828 -0.00879096984863281 -0.110458374023438 0.15484619140625
0.00151169300079346 -0.000510811805725098 0.147720336914063 0.139938354492188
-0.0215892791748047 -0.000165939331054689 0.200286865234375 -0.0624847412109375
-0.00953865051269531 0.0109968185424805 0.0874404907226563 -0.0917129516601563
0.00888156890869141 0.015528678894043 0.0221729278564453 -0.0289707183837891
0.0247879028320312 -0.00708580017089844 0.00690269470214844 0.0145320892333984
0.0206508636474609 -0.0159149169921875 0.0123252868652344 0.0636062622070312
0.0179157257080078 -0.0156650543212891 0.00817871093750001 0.0904998779296875
0.016932487487793 -0.016636848449707 0.00651550292968749 0.149261474609375
0.0179615020751953 -0.00629997253417969 -0.04833984375 0.201187133789062
0.0196895599365234 0.00146484375 -0.13592529296875 0.222686767578125
0.00972747802734375 0.0235328674316406 -0.275527954101562 0.154800415039063
-0.0285873413085938 0.0401077270507813 -0.373931884765625 -0.0519409179687499
-0.04071044921875 0.0156707763671875 -0.285552978515625 -0.185791015625
-0.0614051818847656 -0.0108413696289063 -0.177001953125 -0.28582763671875
0.0832595825195313 -0.00122833251953125 -0.119064331054688 0.144180297851562
0.09381103515625 -0.0541305541992188 0.116744995117188 0.147109985351563
-0.00797271728515626 -0.107597351074219 0.18792724609375 -0.028289794921875
-0.0764312744140625 -0.0529327392578125 0.109748840332031 -0.0634918212890625
-0.0750885009765625 0.0256271362304688 0.0442276000976563 -0.0374259948730469
-0.0110092163085937 0.0523948669433594 0.0161628723144531 0.000472068786621097
0.0206832885742187 0.0393447875976563 0.00909423828125001 0.0580940246582031
0.0107192993164063 0.0316658020019531 0.00524902343750001 0.0882492065429688
0.0160942077636719 0.0282382965087891 0.01123046875 0.151718139648438
0.00364494323730469 0.0270195007324219 -0.03643798828125 0.206390380859375
-0.0116634368896484 0.0197257995605469 -0.124740600585937 0.229949951171875
-0.0269489288330078 0.00720405578613281 -0.2691650390625 0.171249389648438
-0.0326519012451172 -0.0122051239013672 -0.370208740234375 -0.0285644531250001
0.00581932067871093 -0.0298538208007813 -0.298919677734375 -0.166778564453125
0.0279884338378906 -0.0033111572265625 -0.197235107421875 -0.282806396484375
0.17083740234375 0.006744384765625 -0.1058349609375 0.142807006835938
0.157852172851563 -0.103561401367188 0.083953857421875 0.158935546875
-0.00807189941406249 -0.19158935546875 0.179595947265625 0.027313232421875
-0.131095886230469 -0.0958023071289063 0.158004760742188 -0.027099609375
-0.137260437011719 0.0351715087890625 0.0869598388671875 -0.0583419799804688
-0.03863525390625 0.0973587036132813 0.0310897827148437 -0.0370521545410156
0.0164108276367188 0.0852432250976563 0.00265312194824219 0.031890869140625
0.00283050537109376 0.0755767822265625 0.0013580322265625 0.0725784301757813
0.0161285400390625 0.0737838745117188 0.0167694091796875 0.144210815429688
-0.00994873046875 0.0665626525878906 -0.026519775390625 0.202926635742188
-0.0490074157714844 0.0461235046386719 -0.118392944335937 0.22894287109375
-0.0752105712890625 -0.005279541015625 -0.263275146484375 0.175048828125
-0.04168701171875 -0.0746917724609375 -0.356597900390625 -0.017822265625
0.0557098388671875 -0.0820541381835937 -0.2947998046875 -0.15081787109375
0.117141723632813 0.001312255859375 -0.192886352539063 -0.269622802734375
0.223800659179688 0.0114288330078125 -0.072998046875 0.155044555664063
0.182113647460938 -0.135711669921875 0.0694427490234375 0.1881103515625
-0.0191192626953125 -0.228302001953125 0.200424194335938 0.087188720703125
-0.157455444335938 -0.106277465820312 0.22357177734375 -0.010711669921875
-0.161712646484375 0.0423431396484375 0.133216857910156 -0.095611572265625
-0.0533218383789063 0.118110656738281 0.0432815551757812 -0.0887298583984375
0.0108261108398438 0.113090515136719 -0.00685262680053711 -0.00705623626708984
-0.00482940673828125 0.109016418457031 -0.00391769409179688 0.0445289611816406
0.014495849609375 0.113533020019531 0.0166091918945312 0.122016906738281
-0.0251083374023438 0.107414245605469 -0.023193359375 0.182205200195313
-0.09228515625 0.0741424560546875 -0.117538452148438 0.205810546875
-0.131431579589844 -0.0207138061523438 -0.25030517578125 0.156753540039062
-0.049346923828125 -0.14300537109375 -0.32470703125 -0.01806640625
0.106193542480469 -0.130348205566406 -0.269607543945313 -0.137008666992187
0.19287109375 0.005859375 -0.16400146484375 -0.24658203125
0.242263793945313 0.013702392578125 -0.0265655517578125 0.18182373046875
0.176666259765625 -0.139999389648438 0.0889129638671875 0.224639892578125
-0.0221405029296875 -0.218185424804688 0.247589111328125 0.120437622070312
-0.146926879882813 -0.0962066650390625 0.283721923828125 -0.0260009765625
-0.15130615234375 0.0388031005859375 0.163955688476563 -0.141128540039063
-0.0560302734375 0.114082336425781 0.0465316772460937 -0.139068603515625
0.00347137451171874 0.121894836425781 -0.0161666870117188 -0.0494117736816406
-0.0116806030273438 0.126388549804688 -0.00876617431640625 0.00895881652832032
0.00932312011718749 0.141067504882813 0.009552001953125 0.085906982421875
-0.0444183349609375 0.138633728027344 -0.0266876220703125 0.140495300292969
-0.137550354003906 0.0885848999023438 -0.11260986328125 0.157562255859375
-0.17718505859375 -0.0492706298828125 -0.21942138671875 0.122100830078125
-0.0383453369140625 -0.203872680664063 -0.2730712890625 -0.0152893066406251
0.154632568359375 -0.1573486328125 -0.235366821289063 -0.119186401367188
0.242889404296875 0.0136566162109375 -0.114578247070312 -0.216934204101563
0.2265625 0.0124053955078125 0.0310211181640625 0.21392822265625
0.155075073242188 -0.119186401367187 0.136520385742188 0.2470703125
-0.0104827880859375 -0.179412841796875 0.2945556640625 0.1162109375
-0.110145568847656 -0.0801162719726562 0.3148193359375 -0.060394287109375
-0.120956420898437 0.0241851806640625 0.173965454101562 -0.178604125976563
-0.0514755249023437 0.0918807983398438 0.0449066162109375 -0.175369262695312
-0.00376129150390625 0.112655639648438 -0.0219497680664063 -0.0868682861328125
-0.0177078247070312 0.124656677246094 -0.0135555267333984 -0.0291252136230469
-0.00103759765625001 0.14794921875 -0.00264739990234375 0.0376358032226563
-0.0630340576171875 0.144088745117188 -0.0294570922851562 0.08172607421875
-0.163543701171875 0.074859619140625 -0.0930862426757813 0.0956802368164062
-0.184310913085938 -0.0846405029296875 -0.166885375976562 0.088958740234375
-0.00184631347656252 -0.226837158203125 -0.222015380859375 0.00540161132812495
0.186187744140625 -0.145919799804688 -0.207321166992188 -0.100830078125
0.251373291015625 0.026031494140625 -0.055145263671875 -0.186614990234375
0.182235717773438 0.0068511962890625 0.0926666259765625 0.242218017578125
0.125953674316406 -0.0859451293945313 0.193191528320313 0.248794555664063
0.00527191162109374 -0.132110595703125 0.3245849609375 0.088592529296875
-0.0685081481933594 -0.0641441345214844 0.31854248046875 -0.09735107421875
-0.0865097045898438 0.00822448730468752 0.169921875 -0.201248168945313
-0.04412841796875 0.0651397705078125 0.04180908203125 -0.195648193359375
-0.00904083251953124 0.091033935546875 -0.02496337890625 -0.11529541015625
-0.0203704833984375 0.104606628417969 -0.0175857543945313 -0.0646781921386719
-0.0117340087890625 0.129608154296875 -0.0131616592407227 -0.0128374099731445
-0.0699539184570313 0.1182861328125 -0.0252265930175781 0.0211181640625
-0.151336669921875 0.0403900146484375 -0.0581550598144531 0.0433616638183594
-0.140640258789063 -0.10205078125 -0.112174987792969 0.0768051147460938
0.0390625 -0.190567016601563 -0.197357177734375 0.0370025634765625
0.178939819335938 -0.097686767578125 -0.196426391601563 -0.09173583984375
0.211807250976563 0.03717041015625 0.00421142578125003 -0.15875244140625
0.115264892578125 0.00152587890625 0.146011352539063 0.2584228515625
0.0899124145507813 -0.0471572875976563 0.24163818359375 0.233566284179688
0.0167922973632812 -0.0833816528320313 0.337646484375 0.05523681640625
-0.0334396362304688 -0.0462417602539062 0.308197021484375 -0.127838134765625
-0.0549430847167969 -0.00364303588867187 0.160842895507813 -0.212066650390625
-0.0338401794433594 0.0380859375 0.038543701171875 -0.204803466796875
-0.0131263732910156 0.0602989196777344 -0.0258407592773437 -0.135353088378906
-0.0199470520019531 0.0698127746582031 -0.0192337036132812 -0.0911636352539063
-0.019805908203125 0.0867156982421875 -0.0174331665039062 -0.053466796875
-0.0564537048339844 0.0674057006835938 -0.0158405303955078 -0.0238857269287109
-0.0957260131835938 0.00440216064453125 -0.0270500183105469 0.0166149139404297
-0.0663375854492188 -0.0800933837890625 -0.07916259765625 0.0779953002929688
0.0518112182617188 -0.102622985839844 -0.201019287109375 0.0527496337890625
0.120292663574219 -0.0348129272460938 -0.189956665039063 -0.0967864990234375
0.127288818359375 0.0399551391601563 0.0548324584960938 -0.136199951171875
-0.0280303955078125 -0.00830078125000001 -0.107254028320313 0.15478515625
-0.000200748443603516 -0.00261640548706055 0.150588989257813 0.137237548828125
-0.0229988098144531 0.000190734863281248 0.1962890625 -0.0661468505859375
-0.0106515884399414 0.011749267578125 0.08453369140625 -0.0939102172851563
0.0103855133056641 0.0156288146972656 0.0216808319091797 -0.0306949615478516
0.0244426727294922 -0.00823402404785156 0.00539302825927734 0.0146827697753906
0.0204410552978516 -0.0175609588623047 0.0119171142578125 0.0646133422851563
0.0182933807373047 -0.017181396484375 0.00672149658203125 0.0915451049804688
0.0173454284667969 -0.0176067352294922 0.00526428222656249 0.15020751953125
0.0180778503417969 -0.00619888305664063 -0.0481719970703125 0.201263427734375
0.0192680358886719 0.00164794921875 -0.133758544921875 0.22393798828125
0.00963401794433594 0.0225925445556641 -0.273910522460938 0.159515380859375
-0.0281486511230469 0.0423774719238281 -0.376556396484375 -0.04443359375
-0.040313720703125 0.0158119201660156 -0.289276123046875 -0.184844970703125
-0.0616035461425781 -0.0120277404785156 -0.18182373046875 -0.29010009765625
0.083251953125 -0.00055694580078125 -0.116424560546875 0.143997192382813
0.0932540893554687 -0.05694580078125 0.118743896484375 0.144454956054687
-0.00980377197265625 -0.107376098632812 0.183700561523438 -0.0311431884765625
-0.0776214599609375 -0.052093505859375 0.108406066894531 -0.0653533935546875
-0.0745086669921875 0.0265655517578125 0.043121337890625 -0.0391387939453125
-0.0106849670410156 0.0509529113769531 0.0139036178588867 0.000287055969238284
0.0200233459472656 0.0380134582519531 0.00878524780273437 0.059326171875
0.0108680725097656 0.0305671691894531 0.00376129150390625 0.0892410278320313
0.0161342620849609 0.0270576477050781 0.010711669921875 0.152877807617188
0.003875732421875 0.0263690948486328 -0.03619384765625 0.20623779296875
-0.0117950439453125 0.0193939208984375 -0.122817993164063 0.2313232421875
-0.0270614624023438 0.00700950622558594 -0.26763916015625 0.1766357421875
-0.0314502716064453 -0.00983619689941406 -0.373077392578125 -0.0215148925781249
0.00657844543457031 -0.0293674468994141 -0.303131103515625 -0.16552734375
0.0288734436035156 -0.003875732421875 -0.2027587890625 -0.287139892578125
0.171035766601563 0.00750732421875 -0.102828979492188 0.142486572265625
0.157821655273438 -0.1065673828125 0.085601806640625 0.156906127929688
-0.010162353515625 -0.192184448242187 0.1768798828125 0.0257110595703125
-0.132987976074219 -0.094451904296875 0.157333374023438 -0.0298614501953125
-0.136795043945313 0.0363998413085937 0.0869674682617187 -0.0605392456054688
-0.03857421875 0.0959091186523438 0.02880859375 -0.0384063720703125
0.0163955688476562 0.0833511352539063 0.00230598449707032 0.0330867767333985
0.00210571289062499 0.0747756958007813 -0.000221252441406257 0.0738525390625
0.0158233642578125 0.0722503662109375 0.0165252685546875 0.144760131835938
-0.00975418090820313 0.0656661987304688 -0.0255584716796875 0.20294189453125
-0.0482025146484375 0.0448646545410156 -0.11663818359375 0.23046875
-0.0751495361328125 -0.00598907470703126 -0.2615966796875 0.18145751953125
-0.0407638549804688 -0.0727767944335938 -0.359283447265625 -0.010406494140625
0.0565948486328125 -0.08135986328125 -0.298736572265625 -0.1475830078125
0.119842529296875 0.00118255615234375 -0.19830322265625 -0.272964477539063
0.224685668945313 0.0131378173828125 -0.071136474609375 0.155105590820313
0.182266235351563 -0.13800048828125 0.0712432861328125 0.187179565429687
-0.0217437744140625 -0.229385375976563 0.199005126953125 0.0858001708984375
-0.158737182617187 -0.104843139648438 0.22454833984375 -0.0137176513671875
-0.161300659179688 0.04345703125 0.132965087890625 -0.0986785888671875
-0.0532073974609375 0.116165161132813 0.0405731201171875 -0.0903167724609375
0.0102462768554687 0.111396789550781 -0.00724363327026367 -0.0063333511352539
-0.00566101074218749 0.108314514160156 -0.00518035888671875 0.0458335876464844
0.01416015625 0.112098693847656 0.0164794921875 0.12255859375
-0.0243606567382813 0.106254577636719 -0.0222320556640625 0.182891845703125
-0.0914154052734375 0.0736236572265625 -0.116058349609375 0.207916259765625
-0.131141662597656 -0.0208587646484375 -0.250030517578125 0.1629638671875
-0.0491790771484375 -0.141921997070312 -0.326812744140625 -0.011810302734375
0.107818603515625 -0.130882263183594 -0.273223876953125 -0.133834838867187
0.196517944335938 0.0046844482421875 -0.168792724609375 -0.248199462890625
0.242218017578125 0.0158538818359375 -0.0239410400390625 0.182113647460938
0.17608642578125 -0.141555786132813 0.091583251953125 0.224685668945313
-0.023101806640625 -0.218948364257812 0.248092651367188 0.118438720703125
-0.146957397460938 -0.0958709716796875 0.28521728515625 -0.029876708984375
-0.150283813476563 0.0388946533203125 0.163467407226563 -0.144317626953125
-0.0561676025390625 0.110847473144531 0.0436325073242187 -0.139602661132813
0.00238037109375001 0.119148254394531 -0.016448974609375 -0.0481796264648437
-0.0123443603515625 0.125419616699219 -0.0102252960205078 0.00978088378906251
0.00911712646484375 0.140289306640625 0.00926971435546875 0.0859146118164063
-0.0425949096679688 0.137916564941406 -0.0251922607421875 0.1412353515625
-0.136444091796875 0.0886917114257812 -0.111801147460938 0.159805297851563
-0.178314208984375 -0.0489959716796875 -0.218856811523437 0.12744140625
-0.0385894775390625 -0.203323364257813 -0.274169921875 -0.010284423828125
0.155838012695313 -0.159088134765625 -0.23858642578125 -0.11578369140625
0.24658203125 0.011993408203125 -0.120025634765625 -0.2174072265625
0.226715087890625 0.0142669677734375 0.0351409912109375 0.214859008789063
0.155181884765625 -0.119949340820313 0.140350341796875 0.247314453125
-0.01092529296875 -0.180007934570313 0.2958984375 0.113037109375
-0.108665466308594 -0.080291748046875 0.315185546875 -0.066009521484375
-0.119918823242188 0.023284912109375 0.172210693359375 -0.181289672851563
-0.053558349609375 0.0895843505859375 0.04266357421875 -0.17547607421875
-0.00420379638671876 0.110015869140625 -0.021453857421875 -0.0854110717773438
-0.0183944702148438 0.124397277832031 -0.0142498016357422 -0.0293865203857422
-0.000122070312500015 0.146865844726563 -0.00276947021484375 0.0378646850585938
-0.0616455078125 0.144058227539063 -0.0297164916992188 0.0823898315429688
-0.163314819335938 0.076385498046875 -0.0939254760742188 0.0974655151367188
-0.186431884765625 -0.08416748046875 -0.167144775390625 0.0936279296875
-0.00289916992187498 -0.228012084960937 -0.220977783203125 0.00952148437500002
0.187942504882812 -0.149063110351563 -0.2100830078125 -0.095794677734375
0.255767822265625 0.0240325927734375 -0.0595703125 -0.186477661132813
0.182510375976562 0.00921630859375 0.096649169921875 0.244094848632813
0.12615966796875 -0.0863876342773438 0.198348999023438 0.249725341796875
0.00575256347656251 -0.132865905761719 0.326629638671875 0.0845947265625
-0.067047119140625 -0.0647735595703125 0.318023681640625 -0.102935791015625
-0.0862503051757813 0.0067901611328125 0.168228149414063 -0.203521728515625
-0.0461883544921875 0.062164306640625 0.0400848388671875 -0.195953369140625
-0.0100326538085937 0.0892257690429688 -0.023529052734375 -0.11444091796875
-0.0209579467773438 0.104751586914063 -0.0184288024902344 -0.0651283264160156
-0.0117950439453125 0.128959655761719 -0.0137138366699219 -0.0132808685302734
-0.0693893432617187 0.11798095703125 -0.0251979827880859 0.0211906433105469
-0.15179443359375 0.0414581298828125 -0.0592384338378906 0.0448341369628906
-0.143569946289063 -0.1024169921875 -0.111557006835938 0.0803298950195313
0.038299560546875 -0.1922607421875 -0.196380615234375 0.0422821044921875
0.18182373046875 -0.100738525390625 -0.19891357421875 -0.0867156982421875
0.21612548828125 0.0363616943359375 0.000534057617187519 -0.15789794921875
0.114540100097656 0.00345611572265625 0.151214599609375 0.261703491210938
0.090545654296875 -0.048248291015625 0.247711181640625 0.233413696289062
0.0171737670898437 -0.0846099853515625 0.339599609375 0.050872802734375
-0.03265380859375 -0.0460128784179687 0.30792236328125 -0.1326904296875
-0.0540275573730469 -0.00412368774414063 0.159011840820313 -0.2139892578125
-0.0355224609375 0.03582763671875 0.0377655029296875 -0.204513549804688
-0.0130577087402344 0.0588760375976563 -0.024383544921875 -0.13470458984375
-0.0201454162597656 0.0695152282714844 -0.0194015502929688 -0.0919876098632813
-0.0196762084960937 0.0863113403320313 -0.0180702209472656 -0.0545463562011719
-0.056427001953125 0.0674591064453125 -0.0159759521484375 -0.0233955383300781
-0.0965499877929688 0.00439453125000001 -0.0282917022705078 0.0173053741455078
-0.0679092407226562 -0.0809707641601563 -0.0774078369140625 0.0813980102539063
0.0519790649414062 -0.103988647460938 -0.199905395507813 0.0589447021484375
0.123275756835937 -0.036712646484375 -0.192886352539063 -0.0913848876953125
0.130416870117188 0.03936767578125 0.0519943237304688 -0.134567260742188
-0.0298213958740234 -0.00781440734863281 -0.105377197265625 0.158432006835938
-0.00213193893432617 -0.0043482780456543 0.156463623046875 0.135589599609375
-0.0246086120605469 0.00134658813476562 0.196182250976562 -0.0728302001953125
-0.0102643966674805 0.0140810012817383 0.0823974609375 -0.0984115600585938
0.0118808746337891 0.0160121917724609 0.0211467742919922 -0.0327396392822266
0.0246810913085938 -0.0101966857910156 0.00405406951904297 0.0153064727783203
0.0202426910400391 -0.0196933746337891 0.0121574401855469 0.0664787292480469
0.0181865692138672 -0.0190200805664063 0.00552368164062501 0.0957794189453125
0.0177745819091797 -0.0191268920898438 0.00547790527343751 0.155838012695312
0.0197067260742188 -0.00656509399414063 -0.0471038818359375 0.20660400390625
0.0198402404785156 0.00118446350097656 -0.13311767578125 0.231292724609375
0.00959968566894531 0.0227336883544922 -0.27630615234375 0.170745849609375
-0.0273704528808594 0.0456962585449219 -0.38726806640625 -0.03424072265625
-0.0409431457519531 0.0162620544433594 -0.300567626953125 -0.184326171875
-0.0646171569824219 -0.0129241943359375 -0.193511962890625 -0.2998046875
0.0844039916992188 -3.0517578125E-05 -0.114288330078125 0.14752197265625
0.093994140625 -0.0613021850585938 0.124282836914063 0.144622802734375
-0.01324462890625 -0.110557556152344 0.184951782226563 -0.03631591796875
-0.0814208984375 -0.05096435546875 0.108024597167969 -0.0695571899414063
-0.075164794921875 0.0281829833984375 0.0435371398925781 -0.0420188903808594
-0.0100326538085938 0.0511398315429688 0.0123319625854492 -0.000361442565917966
0.0203971862792969 0.0364341735839844 0.00832366943359376 0.0611076354980469
0.0108051300048828 0.0294055938720703 0.00283050537109375 0.0938873291015625
0.0160064697265625 0.0265293121337891 0.01104736328125 0.157546997070313
0.00424575805664063 0.0266342163085938 -0.03448486328125 0.210891723632813
-0.0115737915039063 0.0183277130126953 -0.121627807617188 0.238235473632812
-0.0271148681640625 0.00605583190917969 -0.269012451171875 0.188796997070312
-0.0307464599609375 -0.00812530517578126 -0.3826904296875 -0.0108642578125
0.00760841369628906 -0.0299110412597656 -0.314849853515625 -0.16357421875
0.0294685363769531 -0.00487518310546875 -0.21533203125 -0.295196533203125
0.175643920898438 0.007598876953125 -0.100555419921875 0.146041870117187
0.159347534179687 -0.11309814453125 0.0912933349609375 0.157577514648438
-0.0148162841796875 -0.196578979492188 0.178466796875 0.023345947265625
-0.13824462890625 -0.093902587890625 0.1597900390625 -0.0343017578125
-0.139274597167969 0.0395355224609375 0.0880203247070312 -0.0652008056640625
-0.0393524169921875 0.0968246459960938 0.0266265869140625 -0.0397872924804687
0.0164947509765625 0.0833511352539063 0.00226020812988281 0.0342655181884766
0.00221252441406251 0.0756378173828125 -0.000923156738281255 0.0771408081054688
0.016265869140625 0.0722579956054688 0.0170440673828125 0.149017333984375
-0.00926971435546876 0.0661544799804688 -0.023223876953125 0.2076416015625
-0.0483474731445313 0.0447616577148437 -0.115081787109375 0.237655639648438
-0.0767440795898438 -0.00636291503906252 -0.2635498046875 0.192779541015625
-0.0408172607421875 -0.0719757080078125 -0.368408203125 -0.000701904296875039
0.0580825805664063 -0.0840835571289063 -0.310455322265625 -0.14544677734375
0.12408447265625 -0.000579833984375 -0.212249755859375 -0.279129028320313
0.230880737304688 0.0130767822265625 -0.068389892578125 0.158676147460938
0.184432983398438 -0.145217895507813 0.0770111083984375 0.189056396484375
-0.0260772705078125 -0.234329223632813 0.20318603515625 0.0839385986328125
-0.163421630859375 -0.10491943359375 0.229782104492188 -0.01898193359375
-0.163604736328125 0.0457000732421875 0.134765625 -0.105171203613281
-0.0542755126953125 0.116943359375 0.0375137329101562 -0.0931777954101562
0.00980377197265626 0.111625671386719 -0.00763225555419922 -0.00496768951416015
-0.00573730468750001 0.110504150390625 -0.0060577392578125 0.0487251281738281
0.0153045654296875 0.112693786621094 0.0178375244140625 0.126091003417969
-0.0233612060546875 0.107192993164063 -0.0193939208984375 0.186874389648438
-0.0918655395507813 0.0749588012695313 -0.11505126953125 0.216140747070313
-0.134719848632813 -0.0209884643554688 -0.252410888671875 0.1748046875
-0.05059814453125 -0.143157958984375 -0.3350830078125 -0.00256347656250007
0.109748840332031 -0.135978698730469 -0.2843017578125 -0.13079833984375
0.203475952148438 0.002288818359375 -0.181716918945313 -0.252899169921875
0.249588012695312 0.01617431640625 -0.01922607421875 0.18670654296875
0.1785888671875 -0.146560668945313 0.098663330078125 0.228057861328125
-0.026947021484375 -0.223464965820313 0.254241943359375 0.117080688476562
-0.150039672851562 -0.0959625244140625 0.290863037109375 -0.03765869140625
-0.152191162109375 0.0396575927734375 0.164962768554688 -0.152236938476563
-0.0587844848632813 0.1116943359375 0.0405731201171875 -0.143600463867188
0.00209045410156251 0.120223999023437 -0.0168800354003906 -0.0483436584472656
-0.0131607055664063 0.128547668457031 -0.0110387802124023 0.0108528137207031
0.01031494140625 0.141799926757813 0.0103073120117187 0.08819580078125
-0.0419998168945313 0.140388488769531 -0.0238800048828125 0.144912719726563
-0.137825012207031 0.0913925170898438 -0.112640380859375 0.166473388671875
-0.183578491210938 -0.0475921630859375 -0.22119140625 0.138153076171875
-0.0421142578125 -0.2080078125 -0.280258178710938 -0.00234985351562501
0.159133911132813 -0.166275024414063 -0.247299194335938 -0.112533569335937
0.256149291992188 0.0086669921875 -0.129928588867187 -0.221054077148438
0.233261108398437 0.0150909423828125 0.040771484375 0.22003173828125
0.157424926757813 -0.124099731445312 0.1495361328125 0.2515869140625
-0.013336181640625 -0.184188842773438 0.3043212890625 0.10968017578125
-0.109992980957031 -0.0813827514648437 0.32171630859375 -0.075408935546875
-0.121780395507812 0.0232391357421875 0.173065185546875 -0.189361572265625
-0.0560760498046875 0.0891036987304688 0.03900146484375 -0.18035888671875
-0.00514984130859376 0.1112060546875 -0.0227279663085938 -0.0866546630859375
-0.0186614990234375 0.127525329589844 -0.0156669616699219 -0.0294475555419922
0.000701904296875002 0.149810791015625 -0.00304794311523438 0.038360595703125
-0.0608978271484375 0.146957397460937 -0.0284423828125 0.0842437744140625
-0.165374755859375 0.0793914794921875 -0.0954055786132813 0.10235595703125
-0.193588256835938 -0.08380126953125 -0.168899536132813 0.102310180664062
-0.00619506835937498 -0.234970092773438 -0.225448608398438 0.0174407958984374
0.19281005859375 -0.157073974609375 -0.2178955078125 -0.0918121337890625
0.26556396484375 0.0206756591796875 -0.06756591796875 -0.189727783203125
0.187225341796875 0.0105743408203125 0.105621337890625 0.251251220703125
0.127693176269531 -0.0902557373046875 0.209732055664063 0.252532958984375
0.00498199462890625 -0.135757446289062 0.33544921875 0.0797119140625
-0.0674514770507813 -0.0663795471191406 0.323394775390625 -0.113922119140625
-0.0874862670898438 0.00632476806640624 0.167816162109375 -0.211929321289063
-0.0496940612792969 0.0618400573730469 0.03790283203125 -0.200088500976563
-0.0107345581054687 0.090057373046875 -0.024261474609375 -0.116531372070313
-0.021148681640625 0.107200622558594 -0.0198822021484375 -0.066131591796875
-0.0108566284179688 0.132057189941406 -0.0145082473754883 -0.013819694519043
-0.0686187744140625 0.121353149414063 -0.025726318359375 0.0223007202148438
-0.15472412109375 0.0434722900390625 -0.0614242553710938 0.0473175048828125
-0.149932861328125 -0.103439331054688 -0.111770629882813 0.0869522094726563
0.0372772216796875 -0.198928833007813 -0.198593139648438 0.0501708984375
0.1871337890625 -0.1083984375 -0.206329345703125 -0.080810546875
0.224884033203125 0.033599853515625 -0.00463867187499998 -0.159591674804688
0.117744445800781 0.00475311279296875 0.161865234375 0.26898193359375
0.0922317504882813 -0.0512008666992188 0.260421752929688 0.234878540039063
0.017242431640625 -0.087677001953125 0.34832763671875 0.042877197265625
-0.0327339172363281 -0.0484809875488281 0.3116455078125 -0.14337158203125
-0.0553627014160156 -0.00444793701171874 0.1585693359375 -0.221771240234375
-0.0379600524902344 0.0355758666992187 0.0367431640625 -0.20904541015625
-0.013519287109375 0.0587997436523437 -0.0239639282226563 -0.137176513671875
-0.0205612182617187 0.0709609985351562 -0.0205535888671875 -0.0944366455078125
-0.0192413330078125 0.0887603759765625 -0.0198707580566406 -0.0559310913085937
-0.0567512512207031 0.0691299438476563 -0.0173511505126953 -0.0241260528564453
-0.09912109375 0.0054473876953125 -0.0290546417236328 0.0182971954345703
-0.0712966918945313 -0.0828018188476563 -0.076568603515625 0.0862655639648438
0.052825927734375 -0.108528137207031 -0.20159912109375 0.0679779052734375
0.128059387207031 -0.0402069091796875 -0.200836181640625 -0.085601806640625
0.136077880859375 0.0384140014648438 0.048583984375 -0.136428833007813
-0.0316543579101563 -0.00575065612792969 -0.100006103515625 0.164459228515625
-0.00401735305786133 -0.00579404830932617 0.167617797851563 0.130889892578125
-0.0269622802734375 0.00341987609863281 0.195449829101563 -0.083770751953125
-0.0105705261230469 0.0161008834838867 0.078826904296875 -0.104927062988281
0.0130062103271484 0.0153007507324219 0.0192031860351563 -0.0356521606445313
0.0246658325195313 -0.0120334625244141 0.00347709655761719 0.0166034698486328
0.019287109375 -0.0216159820556641 0.0140876770019531 0.0686569213867188
0.0169773101806641 -0.0215988159179688 0.00802612304687499 0.100105285644531
0.0173892974853516 -0.0209445953369141 0.00990295410156252 0.161270141601563
0.0198745727539063 -0.00802993774414063 -0.0412445068359375 0.212982177734375
0.0194282531738281 0.00043487548828125 -0.127716064453125 0.2415771484375
0.0096588134765625 0.0226554870605469 -0.275497436523438 0.189559936523438
-0.0256614685058594 0.0494766235351562 -0.3984375 -0.01416015625
-0.0414466857910156 0.0170669555664062 -0.318359375 -0.178131103515625
-0.0676040649414063 -0.012054443359375 -0.213409423828125 -0.305572509765625
0.0873947143554687 -0.00220489501953125 -0.10980224609375 0.1533203125
0.0925827026367188 -0.0687255859375 0.13531494140625 0.140823364257813
-0.0193405151367187 -0.112434387207031 0.184783935546875 -0.0446319580078125
-0.085845947265625 -0.0483169555664062 0.10675048828125 -0.0768814086914063
-0.07659912109375 0.0323410034179687 0.0419692993164062 -0.0465774536132813
-0.0096588134765625 0.0520668029785156 0.0104103088378906 -2.28881835937468E-05
0.0212135314941406 0.0358619689941406 0.0109138488769531 0.0634346008300781
0.0106296539306641 0.0297565460205078 0.00461578369140625 0.098236083984375
0.0170192718505859 0.0256385803222656 0.015899658203125 0.162994384765625
0.00529289245605469 0.0261211395263672 -0.0280303955078125 0.21697998046875
-0.0118370056152344 0.0175666809082031 -0.115478515625 0.249237060546875
-0.0284137725830078 0.00621223449707031 -0.267288208007813 0.207992553710938
-0.0301322937011719 -0.00574493408203126 -0.392791748046875 0.00924682617187501
0.00681686401367187 -0.0311641693115234 -0.331756591796875 -0.156951904296875
0.030029296875 -0.00571441650390625 -0.237213134765625 -0.299163818359375
0.181625366210938 0.003570556640625 -0.0955352783203125 0.1507568359375
0.159072875976563 -0.123504638671875 0.101165771484375 0.156356811523438
-0.0240325927734375 -0.201339721679688 0.181732177734375 0.0169677734375
-0.145309448242187 -0.0914306640625 0.162139892578125 -0.042816162109375
-0.1417236328125 0.045196533203125 0.08697509765625 -0.0721817016601562
-0.0381011962890625 0.0999755859375 0.0242843627929687 -0.0421257019042969
0.0183563232421875 0.08416748046875 0.00343704223632813 0.0357208251953125
0.00366210937499999 0.0769195556640625 3.05175781250002E-05 0.0809783935546875
0.0181732177734375 0.0725326538085938 0.021759033203125 0.153549194335938
-0.00714111328125 0.0664939880371094 -0.016082763671875 0.213592529296875
-0.0477676391601563 0.0458259582519531 -0.108383178710938 0.249130249023438
-0.0797119140625 -0.00535583496093751 -0.26177978515625 0.21246337890625
-0.0418930053710938 -0.0706558227539063 -0.3782958984375 0.0183715820312501
0.0578994750976563 -0.0886459350585938 -0.327301025390625 -0.13714599609375
0.127799987792969 -0.00441741943359375 -0.233489990234375 -0.28125
0.238937377929687 0.007659912109375 -0.0615997314453125 0.163467407226562
0.183639526367188 -0.156280517578125 0.0877838134765625 0.1903076171875
-0.0361175537109375 -0.2393798828125 0.21026611328125 0.0789642333984375
-0.171417236328125 -0.102157592773438 0.234909057617188 -0.030517578125
-0.165786743164063 0.0521697998046875 0.133773803710938 -0.115310668945313
-0.0535430908203125 0.120529174804688 0.0333023071289063 -0.09759521484375
0.0120697021484375 0.112709045410156 -0.00811958312988281 -0.00475406646728515
-0.00408935546875001 0.112884521484375 -0.00495529174804688 0.0515403747558594
0.0180282592773437 0.114128112792969 0.0224151611328125 0.129417419433594
-0.0200958251953125 0.109359741210937 -0.013092041015625 0.192306518554688
-0.0918121337890625 0.0775985717773437 -0.110107421875 0.227020263671875
-0.13916015625 -0.017333984375 -0.250885009765625 0.19403076171875
-0.0548095703125 -0.144287109375 -0.343597412109375 0.013580322265625
0.109130859375 -0.143310546875 -0.298797607421875 -0.1221923828125
0.211349487304688 -0.00439453125 -0.200225830078125 -0.254547119140625
0.25860595703125 0.0113372802734375 -0.0100860595703125 0.191360473632812
0.177947998046875 -0.157684326171875 0.112030029296875 0.2298583984375
-0.0359039306640625 -0.22784423828125 0.264968872070313 0.1102294921875
-0.155715942382812 -0.094268798828125 0.297515869140625 -0.05279541015625
-0.154769897460938 0.0456085205078125 0.162582397460937 -0.164352416992188
-0.0580978393554687 0.115081787109375 0.0348052978515625 -0.149093627929688
0.00395965576171875 0.121406555175781 -0.0182228088378906 -0.0484886169433594
-0.0105819702148437 0.132476806640625 -0.0112762451171875 0.0128335952758789
0.0145721435546875 0.144485473632813 0.0137710571289062 0.0908355712890625
-0.0381622314453125 0.143585205078125 -0.01849365234375 0.149490356445313
-0.137939453125 0.0972824096679687 -0.110397338867187 0.176864624023438
-0.190643310546875 -0.04266357421875 -0.221038818359375 0.154434204101562
-0.04962158203125 -0.211898803710938 -0.286865234375 0.012359619140625
0.158843994140625 -0.178298950195313 -0.259994506835938 -0.103378295898438
0.265670776367187 0.00018310546875 -0.146255493164062 -0.222244262695313
0.2412109375 0.0119171142578125 0.053863525390625 0.225479125976563
0.15673828125 -0.132537841796875 0.16583251953125 0.2530517578125
-0.0199432373046875 -0.188629150390625 0.316162109375 0.100067138671875
-0.114158630371094 -0.0813369750976563 0.32666015625 -0.09259033203125
-0.123733520507813 0.0255966186523438 0.16973876953125 -0.20294189453125
-0.0573348999023437 0.0916976928710938 0.0331573486328125 -0.1864013671875
-0.00342559814453125 0.112785339355469 -0.0244903564453125 -0.0879058837890625
-0.0161590576171875 0.131217956542969 -0.0177860260009766 -0.029083251953125
0.00552368164062499 0.152801513671875 -0.00142288208007813 0.0399436950683594
-0.0573883056640625 0.151763916015625 -0.0263137817382813 0.08770751953125
-0.1673583984375 0.087158203125 -0.095001220703125 0.110221862792969
-0.203018188476563 -0.0798950195312499 -0.168411254882812 0.114593505859375
-0.0137786865234375 -0.24169921875 -0.229141235351563 0.0294036865234375
0.193801879882813 -0.17059326171875 -0.22772216796875 -0.08245849609375
0.276412963867188 0.01177978515625 -0.080230712890625 -0.190414428710937
0.1942138671875 0.0091705322265625 0.121627807617187 0.25555419921875
0.128158569335938 -0.0967254638671875 0.228347778320312 0.25054931640625
0.00047302246093751 -0.140350341796875 0.346832275390625 0.06683349609375
-0.0697784423828125 -0.0675811767578125 0.326141357421875 -0.1319580078125
-0.0892105102539063 0.00730895996093751 0.1639404296875 -0.224960327148438
-0.0516395568847656 0.0643424987792969 0.0316162109375 -0.2061767578125
-0.009307861328125 0.0909881591796875 -0.0262374877929687 -0.118316650390625
-0.0194931030273437 0.111167907714844 -0.0227928161621094 -0.0676307678222656
-0.00621795654296876 0.135726928710938 -0.0153570175170898 -0.013340950012207
-0.0665512084960937 0.12646484375 -0.0256900787353516 0.0235919952392578
-0.158111572265625 0.0509490966796875 -0.0621719360351563 0.0517158508300781
-0.159805297851563 -0.101242065429687 -0.109962463378906 0.09588623046875
0.0313873291015625 -0.207473754882813 -0.19915771484375 0.0623321533203125
0.18994140625 -0.121047973632812 -0.215911865234375 -0.071075439453125
0.234848022460938 0.02618408203125 -0.013946533203125 -0.1617431640625
0.122482299804687 0.004547119140625 0.180984497070313 0.272994995117188
0.0930709838867188 -0.056182861328125 0.27960205078125 0.231536865234375
0.0142288208007812 -0.0915069580078125 0.3590087890625 0.028076171875
-0.0334281921386719 -0.0497169494628906 0.312652587890625 -0.16217041015625
-0.0569267272949219 -0.00474166870117189 0.15362548828125 -0.2344970703125
-0.0405082702636719 0.037078857421875 0.03106689453125 -0.215164184570313
-0.0128746032714844 0.0596771240234375 -0.0270462036132813 -0.140022277832031
-0.0191497802734375 0.0740127563476563 -0.025115966796875 -0.097320556640625
-0.0165863037109375 0.0922317504882812 -0.0225677490234375 -0.0574302673339844
-0.05572509765625 0.0725173950195313 -0.0191745758056641 -0.0243473052978516
-0.102500915527344 0.00827026367187502 -0.0302085876464844 0.0208034515380859
-0.0780792236328125 -0.0837783813476563 -0.0727996826171875 0.0936508178710938
0.0513458251953125 -0.114654541015625 -0.20196533203125 0.0819244384765625
0.131752014160156 -0.0492706298828125 -0.210494995117188 -0.0760040283203125
0.143310546875 0.034942626953125 0.0423431396484375 -0.138542175292969
-0.0329170227050781 -0.00294113159179688 -0.0894775390625 0.168289184570313
-0.00614643096923828 -0.00642299652099609 0.178695678710938 0.118484497070313
-0.0278511047363281 0.00609016418457032 0.190078735351563 -0.0966796875
-0.0100030899047852 0.0174455642700195 0.0713882446289063 -0.111198425292969
0.0138101577758789 0.0140771865844727 0.0160675048828125 -0.0380859375
0.0242042541503906 -0.0136623382568359 0.00375175476074219 0.0176925659179688
0.0178318023681641 -0.0240516662597656 0.0172843933105469 0.0696754455566406
0.0154304504394531 -0.0239372253417969 0.0115890502929687 0.102737426757812
0.0166893005371094 -0.0230751037597656 0.0177001953125 0.163406372070312
0.0203151702880859 -0.00989532470703125 -0.031494140625 0.216171264648437
0.0189895629882813 -0.000818252563476563 -0.115020751953125 0.250961303710938
0.0105876922607422 0.0224723815917969 -0.26416015625 0.208587646484375
-0.0215263366699219 0.0523796081542969 -0.401885986328125 0.0123596191406249
-0.0412101745605469 0.0186996459960937 -0.334014892578125 -0.1622314453125
-0.07061767578125 -0.00851440429687501 -0.23724365234375 -0.300628662109375
0.0890121459960938 -0.00543212890625 -0.0997161865234375 0.156936645507813
0.0883102416992188 -0.0756759643554688 0.14569091796875 0.13104248046875
-0.0265960693359375 -0.112129211425781 0.181930541992187 -0.0565948486328125
-0.0892791748046875 -0.0438232421875 0.1009521484375 -0.0844573974609375
-0.0762557983398438 0.0358047485351563 0.038787841796875 -0.050537109375
-0.00819778442382813 0.0524406433105469 0.00931358337402344 -0.000425338745117184
0.0223979949951172 0.0346450805664063 0.0141220092773437 0.06390380859375
0.0109004974365234 0.0289516448974609 0.00888824462890625 0.100906372070313
0.0180225372314453 0.0239887237548828 0.023529052734375 0.1649169921875
0.00686264038085938 0.0247344970703125 -0.0176849365234375 0.219833374023437
-0.0121250152587891 0.0172262191772461 -0.102508544921875 0.258331298828125
-0.0293922424316406 0.00709724426269531 -0.254852294921875 0.228424072265625
-0.0275688171386719 -0.00262451171875 -0.39581298828125 0.0361328124999999
0.00522804260253906 -0.0322265625 -0.34808349609375 -0.138671875
0.0294761657714844 -0.00694084167480469 -0.261444091796875 -0.292449951171875
0.185531616210937 -0.004638671875 -0.0857086181640625 0.1536865234375
0.153106689453125 -0.134429931640625 0.112533569335938 0.148727416992188
-0.036468505859375 -0.202194213867188 0.182327270507813 0.00656127929687499
-0.15203857421875 -0.0839996337890625 0.159652709960938 -0.053253173828125
-0.141311645507813 0.0534515380859375 0.0832061767578125 -0.0799407958984375
-0.0339889526367188 0.102447509765625 0.0209693908691406 -0.0444145202636719
0.0216827392578125 0.0828628540039063 0.00491714477539063 0.0365486145019531
0.00563812255859376 0.077606201171875 0.00395965576171876 0.08355712890625
0.021026611328125 0.0710525512695313 0.0297698974609375 0.155136108398438
-0.00415802001953125 0.0654983520507813 -0.00523376464843752 0.215301513671875
-0.0469398498535156 0.0467529296875 -0.0952301025390625 0.257553100585938
-0.080596923828125 -0.00248718261718752 -0.249038696289063 0.233047485351563
-0.0433845520019531 -0.0685157775878906 -0.3798828125 0.0443725585937501
0.0541610717773438 -0.0929183959960938 -0.341156005859375 -0.11895751953125
0.130477905273438 -0.0103607177734375 -0.25689697265625 -0.272750854492188
0.24420166015625 -0.00201416015625 -0.0504302978515625 0.165328979492187
0.176315307617188 -0.168167114257813 0.100540161132813 0.184677124023438
-0.0507049560546875 -0.239288330078125 0.215728759765625 0.067901611328125
-0.177459716796875 -0.093536376953125 0.234786987304688 -0.0459136962890625
-0.165145874023437 0.0611572265625 0.127899169921875 -0.12713623046875
-0.04852294921875 0.123275756835938 0.027618408203125 -0.100730895996094
0.0163955688476562 0.112335205078125 -0.00819253921508789 -0.00453186035156249
0.000267028808593755 0.114852905273437 -0.003021240234375 0.0536651611328125
0.023712158203125 0.113494873046875 0.0294113159179688 0.130714416503906
-0.0153274536132813 0.109573364257813 -0.00257873535156252 0.193984985351562
-0.0884933471679687 0.0815963745117188 -0.0981292724609375 0.236831665039062
-0.141372680664063 -0.011505126953125 -0.240066528320313 0.213653564453125
-0.0609588623046875 -0.1424560546875 -0.345428466796875 0.036865234375
0.10272216796875 -0.151641845703125 -0.311798095703125 -0.104766845703125
0.214981079101563 -0.0149993896484375 -0.222396850585938 -0.245376586914062
0.264266967773438 0.0009918212890625 0.0032806396484375 0.192153930664063
0.17132568359375 -0.168197631835937 0.127792358398438 0.224807739257813
-0.0493927001953125 -0.228042602539062 0.273452758789063 0.0962677001953125
-0.160842895507813 -0.0878143310546875 0.29693603515625 -0.0732421875
-0.153839111328125 0.0520172119140625 0.154159545898438 -0.177749633789063
-0.0549240112304688 0.117927551269531 0.026397705078125 -0.153610229492188
0.00820159912109374 0.121627807617188 -0.0203971862792969 -0.0477943420410156
-0.00564575195312499 0.134857177734375 -0.0110349655151367 0.0151472091674805
0.021209716796875 0.144256591796875 0.0186996459960938 0.0918502807617188
-0.03070068359375 0.145111083984375 -0.010772705078125 0.15118408203125
-0.133964538574219 0.104415893554688 -0.101791381835938 0.186996459960938
-0.195220947265625 -0.033905029296875 -0.212600708007813 0.172821044921875
-0.0596771240234375 -0.211181640625 -0.2879638671875 0.0308837890625
0.1517333984375 -0.189788818359375 -0.270462036132812 -0.0874786376953125
0.270538330078125 -0.0141448974609375 -0.16461181640625 -0.214828491210938
0.247222900390625 0.002685546875 0.0705718994140625 0.224365234375
0.151123046875 -0.141510009765625 0.184585571289063 0.2449951171875
-0.0297088623046875 -0.188400268554688 0.324737548828125 0.0821533203125
-0.1171875 -0.0778579711914062 0.323089599609375 -0.11505126953125
-0.12408447265625 0.0304794311523438 0.158966064453125 -0.215789794921875
-0.0560989379882813 0.0944290161132812 0.0231170654296875 -0.189849853515625
0.000144958496093743 0.112464904785156 -0.0278091430664063 -0.0871200561523438
-0.0111160278320313 0.134101867675781 -0.0188713073730469 -0.0275611877441406
0.012786865234375 0.153884887695313 0.000759124755859374 0.0410842895507813
-0.04925537109375 0.15472412109375 -0.0214767456054688 0.0898971557617188
-0.164749145507813 0.09625244140625 -0.0908050537109375 0.11907958984375
-0.210708618164063 -0.069427490234375 -0.16143798828125 0.128219604492188
-0.0260467529296875 -0.245025634765625 -0.227127075195312 0.0447998046875
0.187911987304687 -0.185867309570313 -0.235855102539063 -0.0665893554687501
0.28253173828125 -0.002960205078125 -0.09564208984375 -0.185104370117188
0.199539184570313 0.002593994140625 0.141128540039063 0.25201416015625
0.124778747558594 -0.1041259765625 0.248321533203125 0.240203857421875
-0.00622558593750001 -0.142318725585938 0.35394287109375 0.04547119140625
-0.0718994140625 -0.067138671875 0.31976318359375 -0.1541748046875
-0.090240478515625 0.00972747802734374 0.15203857421875 -0.237503051757813
-0.0513496398925781 0.0668525695800781 0.021728515625 -0.209548950195313
-0.00656890869140624 0.0913238525390625 -0.03094482421875 -0.118606567382813
-0.0156936645507812 0.113372802734375 -0.0264320373535156 -0.0669097900390625
0.000656127929687485 0.136482238769531 -0.0164289474487305 -0.0127086639404297
-0.0604248046875 0.129928588867188 -0.025115966796875 0.0246620178222656
-0.157745361328125 0.0588226318359375 -0.0608062744140625 0.0571632385253906
-0.168365478515625 -0.094085693359375 -0.10308837890625 0.105415344238281
0.0219268798828125 -0.21368408203125 -0.1944580078125 0.0773315429687499
0.186660766601563 -0.135360717773438 -0.222915649414062 -0.0550689697265625
0.242202758789063 0.01422119140625 -0.02545166015625 -0.15924072265625
0.126022338867188 0.0015411376953125 0.20208740234375 0.267593383789062
0.0903701782226562 -0.0619735717773437 0.299560546875 0.2164306640625
0.00933837890625001 -0.0935516357421875 0.363433837890625 0.00555419921874999
-0.0348739624023438 -0.0504722595214844 0.30377197265625 -0.18487548828125
-0.0582847595214844 -0.00268936157226563 0.141494750976563 -0.2457275390625
-0.0410919189453125 0.0395889282226563 0.0207366943359375 -0.219390869140625
-0.0107231140136719 0.0602340698242188 -0.032196044921875 -0.141586303710938
-0.0166168212890625 0.0759201049804688 -0.030181884765625 -0.0975341796875
-0.0124130249023438 0.0936660766601562 -0.0269775390625 -0.056976318359375
-0.0525436401367187 0.0755233764648438 -0.020965576171875 -0.0241622924804688
-0.104408264160156 0.0136871337890625 -0.0297832489013672 0.02325439453125
-0.0848770141601563 -0.080902099609375 -0.0652847290039062 0.100601196289063
0.0479278564453125 -0.120536804199219 -0.19488525390625 0.0977325439453125
0.132057189941406 -0.05865478515625 -0.217788696289063 -0.0601806640625
0.148651123046875 0.02789306640625 0.0330276489257813 -0.138008117675781
-0.0327243804931641 -0.000820159912109378 -0.0775604248046875 0.165679931640625
-0.00883769989013672 -0.00647830963134766 0.183349609375 0.103408813476563
-0.0275974273681641 0.00837326049804688 0.179534912109375 -0.106430053710938
-0.00857353210449219 0.0185298919677734 0.0616073608398438 -0.113739013671875
0.0142650604248047 0.0136070251464844 0.0124168395996094 -0.0390548706054688
0.0226116180419922 -0.0156211853027344 0.00426483154296875 0.0176029205322266
0.0164890289306641 -0.0243034362792969 0.0203514099121094 0.0686187744140625
0.013214111328125 -0.024627685546875 0.0162887573242187 0.102714538574219
0.0150833129882813 -0.0242176055908203 0.0248260498046875 0.16168212890625
0.0198135375976562 -0.0108623504638672 -0.0215301513671875 0.214019775390625
0.0177803039550781 -0.00115394592285156 -0.0997314453125 0.252273559570313
0.0106906890869141 0.0217990875244141 -0.245956420898437 0.221954345703125
-0.016815185546875 0.0530204772949219 -0.392486572265625 0.038909912109375
-0.0405998229980469 0.0189399719238281 -0.34002685546875 -0.141510009765625
-0.0714492797851562 -0.00452423095703126 -0.253997802734375 -0.287078857421875
0.0887908935546875 -0.0086212158203125 -0.0880889892578125 0.155532836914063
0.0817413330078125 -0.0797882080078125 0.152145385742188 0.116668701171875
-0.0329055786132812 -0.108116149902344 0.173629760742188 -0.0653839111328125
-0.09039306640625 -0.0386199951171875 0.0935821533203125 -0.0897750854492188
-0.0737533569335938 0.039642333984375 0.0338325500488281 -0.0531120300292969
-0.005462646484375 0.0513458251953125 0.00895023345947265 -0.00133419036865234
0.0226249694824219 0.0320816040039063 0.0163459777832031 0.0625991821289063
0.0110855102539063 0.0279216766357422 0.0130157470703125 0.100700378417969
0.0181007385253906 0.0221767425537109 0.0311737060546875 0.16290283203125
0.00720787048339843 0.0225238800048828 -0.00752258300781248 0.216827392578125
-0.0122051239013672 0.0167016983032227 -0.087432861328125 0.25872802734375
-0.0292301177978516 0.00738906860351563 -0.23663330078125 0.23944091796875
-0.0246982574462891 -0.00074195861816406 -0.38531494140625 0.061309814453125
0.00401115417480469 -0.0330619812011719 -0.352783203125 -0.1177978515625
0.0286102294921875 -0.00722694396972656 -0.276947021484375 -0.276535034179688
0.18524169921875 -0.0123443603515625 -0.0745849609375 0.151535034179688
0.143295288085938 -0.140975952148438 0.1202392578125 0.136283874511719
-0.0467987060546875 -0.196853637695313 0.1781005859375 -0.00373840332031251
-0.153594970703125 -0.07537841796875 0.153472900390625 -0.06201171875
-0.13671875 0.0596237182617187 0.0764923095703125 -0.0850296020507813
-0.0290679931640625 0.101615905761719 0.0172500610351562 -0.0451927185058594
0.0238418579101562 0.0800399780273437 0.00663375854492188 0.0355987548828125
0.00779724121093749 0.0766754150390625 0.0074005126953125 0.083831787109375
0.0229873657226563 0.0682716369628906 0.0376739501953125 0.152297973632813
-0.00125885009765625 0.0625038146972656 0.00498962402343748 0.211593627929688
-0.0448074340820313 0.0467147827148438 -0.0800933837890625 0.259170532226563
-0.0792083740234375 0.000740051269531253 -0.230194091796875 0.245132446289063
-0.0427093505859375 -0.065216064453125 -0.37078857421875 0.0669250488281249
0.0492324829101562 -0.0939865112304688 -0.344818115234375 -0.098297119140625
0.128952026367188 -0.0156784057617188 -0.271621704101563 -0.256744384765625
0.243316650390625 -0.0123138427734375 -0.03857421875 0.16131591796875
0.164794921875 -0.175277709960938 0.110336303710938 0.173797607421875
-0.0625 -0.232513427734375 0.21453857421875 0.05517578125
-0.179306030273438 -0.085205078125 0.228546142578125 -0.058929443359375
-0.159881591796875 0.0675506591796875 0.117973327636719 -0.133934020996094
-0.0433807373046875 0.123481750488281 0.0208206176757812 -0.101600646972656
0.0202178955078125 0.109458923339844 -0.00766849517822266 -0.00431156158447265
0.00399017333984374 0.113723754882813 -0.000720977783203125 0.0545310974121094
0.0276107788085937 0.109573364257813 0.0354385375976563 0.127952575683594
-0.0101165771484375 0.105987548828125 0.00685119628906249 0.190597534179688
-0.0836029052734375 0.0833053588867188 -0.0838165283203125 0.2396240234375
-0.140380859375 -0.0054168701171875 -0.221969604492187 0.226318359375
-0.0635986328125 -0.137199401855469 -0.336456298828125 0.0580139160156249
0.0947113037109375 -0.155426025390625 -0.314178466796875 -0.084869384765625
0.2138671875 -0.023651123046875 -0.235946655273437 -0.230117797851563
0.263839721679688 -0.0086517333984375 0.015533447265625 0.186203002929688
0.1600341796875 -0.173095703125 0.139816284179687 0.212326049804687
-0.0595855712890625 -0.220672607421875 0.273834228515625 0.0800018310546875
-0.161376953125 -0.080352783203125 0.287109375 -0.089111328125
-0.149246215820313 0.057464599609375 0.141647338867188 -0.18487548828125
-0.0498428344726562 0.117591857910156 0.0172271728515625 -0.15313720703125
0.0121383666992188 0.11834716796875 -0.0216598510742188 -0.0466728210449219
-0.000671386718749989 0.134193420410156 -0.00979042053222657 0.0159788131713867
0.0269393920898438 0.140037536621094 0.0237960815429687 0.08978271484375
-0.0237884521484375 0.1422119140625 -0.00321960449218749 0.149368286132813
-0.127304077148438 0.108222961425781 -0.090362548828125 0.191207885742188
-0.19512939453125 -0.02392578125 -0.197296142578125 0.1844482421875
-0.0669403076171875 -0.20623779296875 -0.279830932617188 0.04754638671875
0.140304565429688 -0.196182250976563 -0.272247314453125 -0.0691375732421875
0.268966674804688 -0.026397705078125 -0.1767578125 -0.200637817382812
0.247238159179688 -0.006103515625 0.0843353271484375 0.2156982421875
0.142013549804688 -0.146102905273438 0.197601318359375 0.230194091796875
-0.03717041015625 -0.183425903320312 0.324066162109375 0.063201904296875
-0.118110656738281 -0.0735015869140625 0.31048583984375 -0.132843017578125
-0.12066650390625 0.0341262817382812 0.143585205078125 -0.222564697265625
-0.0526962280273438 0.0957260131835937 0.0127105712890625 -0.1885986328125
0.00343322753906249 0.110183715820313 -0.0298995971679688 -0.0853271484375
-0.00601196289062499 0.133575439453125 -0.0194625854492188 -0.02557373046875
0.0196380615234375 0.150344848632812 0.00344467163085938 0.0407180786132813
-0.0411529541015625 0.153274536132813 -0.0169448852539063 0.0896377563476563
-0.158309936523438 0.101959228515625 -0.0839157104492188 0.123214721679688
-0.212066650390625 -0.058258056640625 -0.149429321289063 0.1368408203125
-0.0372314453125 -0.241943359375 -0.218673706054688 0.0579376220703124
0.176040649414063 -0.194869995117188 -0.237091064453125 -0.0500335693359375
0.281524658203125 -0.016693115234375 -0.106582641601563 -0.17437744140625
0.200653076171875 -0.004486083984375 0.156204223632813 0.240829467773438
0.11773681640625 -0.107498168945313 0.260589599609375 0.221847534179688
-0.0127639770507813 -0.139419555664063 0.35028076171875 0.024322509765625
-0.0728378295898438 -0.0653533935546875 0.304351806640625 -0.171356201171875
-0.088531494140625 0.011627197265625 0.135055541992187 -0.242279052734375
-0.0497932434082031 0.0681838989257813 0.01153564453125 -0.207748413085938
-0.00400543212890625 0.0889205932617188 -0.0335693359375 -0.116569519042969
-0.01055908203125 0.113227844238281 -0.0285682678222656 -0.0646209716796875
0.00654602050781249 0.134803771972656 -0.0172348022460938 -0.0110063552856445
-0.0530548095703125 0.129539489746094 -0.0240726470947266 0.0254478454589844
-0.153610229492188 0.06585693359375 -0.0575637817382813 0.0608787536621094
-0.17205810546875 -0.0849456787109375 -0.092681884765625 0.110679626464844
0.012298583984375 -0.21417236328125 -0.183792114257813 0.088409423828125
0.178497314453125 -0.145462036132813 -0.223052978515625 -0.037994384765625
0.241836547851563 0.0019683837890625 -0.035369873046875 -0.151519775390625
0.127510070800781 -0.00225830078125 0.217803955078125 0.25396728515625
0.0856857299804688 -0.0655975341796875 0.30987548828125 0.1962890625
0.004547119140625 -0.0927810668945313 0.35748291015625 -0.01593017578125
-0.0361824035644531 -0.0508155822753906 0.286468505859375 -0.199310302734375
-0.0577163696289063 -0.000907897949218754 0.12506103515625 -0.24981689453125
-0.0407066345214844 0.0414237976074219 0.0113372802734375 -0.21697998046875
-0.00889205932617187 0.0586318969726562 -0.0356063842773437 -0.139244079589844
-0.0133209228515625 0.0766830444335938 -0.0338516235351563 -0.0951614379882813
-0.00756835937499999 0.09356689453125 -0.0291786193847656 -0.0542259216308594
-0.0485610961914063 0.075958251953125 -0.0224761962890625 -0.0229816436767578
-0.103485107421875 0.0181884765625 -0.0283164978027344 0.0251522064208984
-0.0887298583984375 -0.07647705078125 -0.0556564331054688 0.103080749511719
0.0426177978515625 -0.123687744140625 -0.183151245117188 0.110137939453125
0.128692626953125 -0.0670166015625 -0.218429565429688 -0.04229736328125
0.15032958984375 0.0203094482421875 0.0244293212890625 -0.133735656738281
-0.0313224792480469 0.000846862792968744 -0.0693206787109375 0.158645629882813
-0.010746955871582 -0.00623798370361328 0.182113647460938 0.0892181396484375
-0.0266227722167969 0.0105705261230469 0.1689453125 -0.110488891601563
-0.00807571411132813 0.0185394287109375 0.0538330078125 -0.11328125
0.0137805938720703 0.0131921768188477 0.0093841552734375 -0.0381584167480469
0.0213356018066406 -0.0163898468017578 0.00457859039306641 0.0174703598022461
0.015228271484375 -0.0247898101806641 0.0212478637695313 0.0668487548828125
0.0115852355957031 -0.0245304107666016 0.0177764892578125 0.101615905761719
0.0134372711181641 -0.0247440338134766 0.0274810791015625 0.15814208984375
0.0191535949707031 -0.0121974945068359 -0.0172576904296875 0.2086181640625
0.0170059204101563 -0.00117206573486328 -0.09033203125 0.248443603515625
0.0105628967285156 0.0219402313232422 -0.230255126953125 0.2239990234375
-0.0131912231445312 0.0522384643554688 -0.377471923828125 0.05316162109375
-0.0399055480957031 0.0188865661621094 -0.337646484375 -0.127197265625
-0.0707015991210938 -0.00197601318359375 -0.259918212890625 -0.274520874023437
0.0870895385742187 -0.0102386474609375 -0.080596923828125 0.148223876953125
0.0762481689453125 -0.0805740356445312 0.151824951171875 0.103729248046875
-0.03558349609375 -0.104057312011719 0.16461181640625 -0.0701141357421875
-0.0893173217773438 -0.0348587036132813 0.085906982421875 -0.0903091430664063
-0.0707931518554688 0.0414886474609375 0.029541015625 -0.0537223815917969
-0.00400543212890625 0.0501289367675781 0.00818157196044922 -0.000780582427978513
0.0227108001708984 0.0303916931152344 0.0175247192382813 0.0612564086914063
0.0105705261230469 0.0269966125488281 0.0150299072265625 0.0995559692382813
0.0172958374023437 0.0200595855712891 0.03436279296875 0.158798217773438
0.00771713256835938 0.0200233459472656 -0.00282287597656251 0.2103271484375
-0.0118741989135742 0.0159854888916016 -0.077301025390625 0.254547119140625
-0.028076171875 0.0078887939453125 -0.218902587890625 0.242019653320312
-0.0211086273193359 -0.000486373901367188 -0.37060546875 0.0740966796875
0.00244140625 -0.0321636199951172 -0.348907470703125 -0.1026611328125
0.0281715393066406 -0.00679969787597656 -0.282257080078125 -0.26318359375
0.182418823242188 -0.0162353515625 -0.066925048828125 0.143829345703125
0.13470458984375 -0.142074584960938 0.121047973632813 0.124580383300781
-0.05181884765625 -0.189590454101562 0.171218872070313 -0.00939941406250001
-0.151901245117188 -0.0697021484375 0.145706176757813 -0.06573486328125
-0.132011413574219 0.0622100830078125 0.0702056884765625 -0.0864791870117188
-0.0256729125976562 0.0990066528320313 0.0149383544921875 -0.0451850891113281
0.0244216918945312 0.075958251953125 0.00722312927246094 0.0343284606933594
0.00894165039062499 0.07489013671875 0.0093994140625 0.0833282470703125
0.0226707458496094 0.0649223327636719 0.040374755859375 0.147857666015625
-0.000679016113281246 0.0587654113769531 0.00987243652343751 0.20538330078125
-0.0428428649902344 0.0449905395507812 -0.06976318359375 0.254928588867188
-0.0774154663085938 0.00205993652343751 -0.212844848632813 0.24737548828125
-0.0403022766113281 -0.0622291564941406 -0.355560302734375 0.079742431640625
0.0454559326171875 -0.0936050415039063 -0.34161376953125 -0.0837097167968751
0.126693725585938 -0.0173873901367188 -0.276092529296875 -0.24267578125
0.23974609375 -0.01702880859375 -0.031707763671875 0.153564453125
0.155792236328125 -0.174484252929688 0.11309814453125 0.16143798828125
-0.0677337646484375 -0.223770141601563 0.20916748046875 0.047637939453125
-0.176300048828125 -0.07843017578125 0.219192504882813 -0.0655517578125
-0.154373168945313 0.0699615478515625 0.109512329101562 -0.135200500488281
-0.0395355224609375 0.120338439941406 0.016021728515625 -0.100105285644531
0.0209503173828125 0.104850769042969 -0.00783777236938476 -0.00403404235839843
0.00577545166015625 0.111534118652344 0.00102233886718751 0.0543060302734375
0.0274810791015625 0.104957580566406 0.03887939453125 0.124343872070312
-0.00772094726562499 0.101081848144531 0.0119171142578125 0.184722900390625
-0.079986572265625 0.081512451171875 -0.0738677978515625 0.236679077148438
-0.136032104492187 -0.00245666503906252 -0.2059326171875 0.229095458984375
-0.0627059936523438 -0.132331848144531 -0.323486328125 0.068634033203125
0.0882415771484375 -0.154342651367188 -0.310272216796875 -0.070831298828125
0.209381103515625 -0.0277099609375 -0.24017333984375 -0.216629028320313
0.259994506835938 -0.013336181640625 0.022216796875 0.177078247070313
0.151687622070313 -0.172622680664063 0.14349365234375 0.199798583984375
-0.0632476806640625 -0.212112426757813 0.268356323242188 0.069244384765625
-0.158493041992187 -0.0754852294921875 0.275588989257813 -0.0969390869140625
-0.143798828125 0.0583343505859375 0.130508422851563 -0.186019897460938
-0.0473480224609375 0.114715576171875 0.0124664306640625 -0.14996337890625
0.0134658813476563 0.113815307617188 -0.0212669372558594 -0.0454635620117187
0.001495361328125 0.131675720214844 -0.00869083404541016 0.0166740417480469
0.02899169921875 0.134841918945313 0.02630615234375 0.0873870849609375
-0.0196685791015625 0.136985778808594 0.00120544433593749 0.145233154296875
-0.121810913085937 0.107475280761719 -0.082244873046875 0.190399169921875
-0.190658569335938 -0.01922607421875 -0.182952880859375 0.187576293945312
-0.06915283203125 -0.199813842773438 -0.26861572265625 0.0565338134765624
0.131927490234375 -0.196182250976562 -0.267684936523437 -0.0553588867187501
0.264144897460938 -0.0318603515625 -0.1802978515625 -0.188629150390625
0.244583129882813 -0.0096893310546875 0.0904998779296875 0.205154418945313
0.134979248046875 -0.144668579101563 0.200759887695313 0.216537475585938
-0.04071044921875 -0.176681518554688 0.316314697265625 0.0511474609375
-0.114936828613281 -0.0714035034179688 0.295440673828125 -0.13946533203125
-0.1171875 0.034393310546875 0.131805419921875 -0.22222900390625
-0.0507354736328125 0.0928573608398438 0.00688171386718748 -0.184524536132813
0.00432586669921875 0.105850219726563 -0.0300064086914063 -0.0835723876953125
-0.00343322753906251 0.130966186523437 -0.0190792083740234 -0.0246334075927734
0.0225067138671875 0.1451416015625 0.00562286376953125 0.040191650390625
-0.0367584228515625 0.148788452148438 -0.013702392578125 0.0870895385742188
-0.152191162109375 0.104080200195312 -0.07818603515625 0.124473571777344
-0.208160400390625 -0.05078125 -0.137908935546875 0.139671325683594
-0.0414276123046875 -0.235824584960938 -0.207733154296875 0.0638580322265625
0.166488647460938 -0.196502685546875 -0.231781005859375 -0.0371246337890625
0.277389526367188 -0.023223876953125 -0.110031127929688 -0.163970947265625
0.19873046875 -0.0077056884765625 0.162017822265625 0.228652954101563
0.112098693847656 -0.106758117675781 0.262664794921875 0.206436157226562
-0.0150222778320313 -0.134857177734375 0.33984375 0.011749267578125
-0.0716476440429688 -0.0648651123046875 0.287933349609375 -0.177093505859375
-0.0869216918945312 0.0121612548828125 0.123367309570312 -0.2401123046875
-0.0480766296386719 0.0670433044433594 0.00598144531250001 -0.202926635742187
-0.00408172607421876 0.0861434936523438 -0.03350830078125 -0.114967346191406
-0.0083465576171875 0.111572265625 -0.0283279418945313 -0.0622100830078125
0.0101394653320312 0.130622863769531 -0.016331672668457 -0.00959777832031249
-0.0488204956054688 0.127098083496094 -0.0229206085205078 0.0253486633300781
-0.149078369140625 0.0681915283203125 -0.0546226501464844 0.0623893737792969
-0.1708984375 -0.078399658203125 -0.0832977294921875 0.111190795898437
0.00666809082031251 -0.210586547851563 -0.172012329101563 0.0933074951171875
0.170013427734375 -0.14886474609375 -0.218276977539063 -0.0253753662109375
0.238937377929688 -0.00408935546875 -0.03961181640625 -0.14215087890625
0.127899169921875 -0.0042572021484375 0.223434448242188 0.240768432617188
0.0815505981445313 -0.0657119750976563 0.31024169921875 0.179779052734375
0.00262451171875001 -0.0905075073242188 0.345001220703125 -0.027862548828125
-0.0355339050292969 -0.0504722595214844 0.269393920898438 -0.203414916992188
-0.0568122863769531 -0.000484466552734378 0.113449096679687 -0.246810913085938
-0.0400924682617188 0.0414810180664062 0.006805419921875 -0.212310791015625
-0.00827789306640625 0.0562705993652344 -0.0360488891601562 -0.137046813964844
-0.0112380981445313 0.0750961303710937 -0.0350570678710938 -0.0920333862304688
-0.00446319580078125 0.0911636352539063 -0.0300140380859375 -0.0521926879882813
-0.0458221435546875 0.0744094848632812 -0.0228672027587891 -0.0222949981689453
-0.101608276367188 0.0204925537109375 -0.0263023376464844 0.0261440277099609
-0.0893325805664063 -0.0732345581054688 -0.0474700927734375 0.102523803710937
0.0392837524414063 -0.123878479003906 -0.170791625976563 0.115234375
0.124076843261719 -0.07147216796875 -0.21343994140625 -0.029296875
0.149703979492188 0.0172119140625 0.0203475952148438 -0.125846862792969
-0.0306262969970703 0.00118255615234375 -0.0669403076171875 0.151565551757813
-0.0127592086791992 -0.00647068023681641 0.178909301757813 0.0810546875
-0.0264148712158203 0.0115070343017578 0.162109375 -0.11065673828125
-0.00785636901855469 0.0188770294189453 0.0492172241210938 -0.111167907714844
0.0138273239135742 0.013859748840332 0.0079498291015625 -0.037353515625
0.0209903717041016 -0.0159816741943359 0.00494956970214844 0.0171060562133789
0.0150203704833984 -0.0252742767333984 0.0213470458984375 0.0665168762207031
0.0110797882080078 -0.0239658355712891 0.0177536010742187 0.101547241210937
0.0126380920410156 -0.0249004364013672 0.0272216796875 0.15570068359375
0.0187873840332031 -0.0125293731689453 -0.0175323486328125 0.204513549804688
0.0158309936523438 -0.000530242919921875 -0.08660888671875 0.244918823242188
0.0101833343505859 0.02178955078125 -0.220245361328125 0.221908569335938
-0.0109901428222656 0.0515060424804688 -0.367279052734375 0.058135986328125
-0.0403900146484375 0.0182723999023438 -0.334136962890625 -0.121429443359375
-0.0702362060546875 -0.00110626220703126 -0.260955810546875 -0.270370483398438
0.0875778198242188 -0.0107040405273438 -0.0779037475585938 0.140190124511719
0.0736770629882813 -0.0798263549804688 0.149993896484375 0.09527587890625
-0.0353012084960937 -0.101455688476563 0.159271240234375 -0.07086181640625
-0.0883865356445313 -0.0339813232421875 0.080902099609375 -0.089508056640625
-0.0699729919433594 0.042449951171875 0.0274696350097656 -0.0533065795898438
-0.00382232666015625 0.0490036010742188 0.00752592086791992 -0.00161409378051758
0.0219192504882813 0.0286941528320313 0.0175247192382812 0.0597076416015625
0.00984954833984375 0.0272731781005859 0.0145416259765625 0.0992507934570313
0.0160675048828125 0.0191993713378906 0.0342254638671875 0.156723022460938
0.00670051574707031 0.0181808471679687 -0.0032958984375 0.2064208984375
-0.0124855041503906 0.0155868530273438 -0.0734710693359375 0.250091552734375
-0.0273456573486328 0.00744438171386718 -0.20941162109375 0.239761352539063
-0.0179405212402344 -0.00051116943359375 -0.3599853515625 0.078094482421875
0.001983642578125 -0.0318717956542969 -0.34619140625 -0.096923828125
0.0285415649414062 -0.00567245483398437 -0.28363037109375 -0.259185791015625
0.181427001953125 -0.0166473388671875 -0.0649871826171875 0.136688232421875
0.131500244140625 -0.140281677246094 0.119918823242188 0.116203308105469
-0.0518798828125 -0.18560791015625 0.166824340820313 -0.010711669921875
-0.149551391601563 -0.068145751953125 0.141189575195313 -0.06640625
-0.129814147949219 0.0625457763671875 0.06695556640625 -0.086395263671875
-0.0254669189453125 0.0966339111328125 0.013214111328125 -0.0451850891113281
0.02374267578125 0.0737838745117188 0.00687217712402344 0.0336341857910156
0.00821685791015624 0.0747756958007813 0.00959014892578125 0.0830154418945312
0.0213356018066406 0.0631904602050781 0.04046630859375 0.146194458007812
-0.00152969360351562 0.0554924011230469 0.009521484375 0.2008056640625
-0.0428314208984375 0.0435447692871094 -0.0663909912109375 0.2518310546875
-0.0754318237304687 0.00126647949218751 -0.203201293945312 0.246337890625
-0.0365104675292969 -0.0622482299804688 -0.345855712890625 0.0834045410156251
0.0441207885742187 -0.091766357421875 -0.33807373046875 -0.077239990234375
0.126411437988281 -0.015960693359375 -0.27679443359375 -0.237213134765625
0.238357543945313 -0.0165252685546875 -0.0305023193359375 0.145858764648438
0.152145385742188 -0.171600341796875 0.11199951171875 0.153900146484375
-0.066680908203125 -0.218154907226563 0.204574584960937 0.044647216796875
-0.1728515625 -0.0777740478515625 0.213088989257813 -0.0669708251953125
-0.151641845703125 0.0692138671875 0.104949951171875 -0.135688781738281
-0.039276123046875 0.116973876953125 0.0141220092773437 -0.0999069213867188
0.0191879272460937 0.101089477539063 -0.007568359375 -0.00412511825561523
0.00561523437500001 0.110038757324219 0.00151824951171875 0.0549087524414063
0.0264892578125 0.102409362792969 0.0392990112304688 0.1217041015625
-0.008514404296875 0.0971832275390625 0.0118255615234375 0.180984497070313
-0.0788040161132812 0.0792007446289063 -0.0701751708984375 0.233612060546875
-0.133338928222656 -0.00298309326171877 -0.196884155273438 0.2283935546875
-0.0594253540039063 -0.130546569824219 -0.31524658203125 0.071319580078125
0.0860748291015625 -0.152023315429688 -0.306854248046875 -0.064239501953125
0.208511352539062 -0.026947021484375 -0.239852905273438 -0.210891723632813
0.2589111328125 -0.012542724609375 0.023529052734375 0.169662475585938
0.1488037109375 -0.168441772460938 0.142745971679688 0.19207763671875
-0.06121826171875 -0.20709228515625 0.263839721679688 0.06512451171875
-0.155014038085938 -0.0754547119140625 0.268890380859375 -0.0985107421875
-0.1417236328125 0.056976318359375 0.125457763671875 -0.184967041015625
-0.0479736328125 0.111808776855469 0.00979614257812499 -0.148086547851563
0.0110931396484375 0.110252380371094 -0.0207138061523437 -0.0455513000488281
0.00131988525390626 0.130149841308594 -0.00809955596923828 0.0168933868408203
0.0272216796875 0.131599426269531 0.0273818969726563 0.0857086181640625
-0.0197982788085938 0.1324462890625 0.001495361328125 0.142044067382813
-0.1197509765625 0.10546875 -0.078399658203125 0.189361572265625
-0.187225341796875 -0.0184478759765625 -0.174270629882813 0.186187744140625
-0.067047119140625 -0.197097778320313 -0.261260986328125 0.0583343505859375
0.12860107421875 -0.194366455078125 -0.264083862304688 -0.0496368408203125
0.263076782226563 -0.0308380126953125 -0.1807861328125 -0.181961059570312
0.243316650390625 -0.00933837890625 0.0916748046875 0.1988525390625
0.132293701171875 -0.140396118164063 0.200271606445312 0.20880126953125
-0.0386199951171875 -0.172561645507813 0.310577392578125 0.046478271484375
-0.111824035644531 -0.0723876953125 0.28753662109375 -0.14019775390625
-0.114944458007813 0.031890869140625 0.126373291015625 -0.219985961914062
-0.0513381958007813 0.0908279418945312 0.005523681640625 -0.181991577148438
0.0021209716796875 0.103126525878906 -0.0290374755859375 -0.0835418701171875
-0.00365447998046874 0.130043029785156 -0.0171775817871094 -0.0237522125244141
0.021820068359375 0.142135620117188 0.00659942626953125 0.0392570495605469
-0.0361328125 0.144302368164063 -0.0137863159179688 0.0853424072265625
-0.14984130859375 0.102401733398437 -0.0759963989257813 0.124870300292969
-0.205886840820313 -0.0498504638671875 -0.130500793457031 0.13812255859375
-0.0411376953125 -0.233566284179688 -0.201248168945313 0.0645294189453124
0.16229248046875 -0.195693969726563 -0.227890014648438 -0.030975341796875
0.276229858398438 -0.0237884521484375 -0.110641479492188 -0.15643310546875
0.199188232421875 -0.0069122314453125 0.1634521484375 0.221664428710938
0.110000610351563 -0.1033935546875 0.261138916015625 0.199356079101562
-0.0137405395507812 -0.131576538085938 0.333648681640625 0.00772094726562499
-0.0690689086914063 -0.0666580200195312 0.279205322265625 -0.176193237304687
-0.0857315063476563 0.010162353515625 0.11798095703125 -0.23736572265625
-0.0489425659179687 0.0658416748046875 0.00555419921874999 -0.200668334960938
-0.0055999755859375 0.083404541015625 -0.0318984985351562 -0.114547729492188
-0.00814056396484375 0.110237121582031 -0.0272254943847656 -0.0615310668945312
0.00995635986328125 0.1282958984375 -0.0151643753051758 -0.00927543640136718
-0.0481109619140625 0.123565673828125 -0.0228691101074219 0.0245532989501953
-0.14697265625 0.0675506591796875 -0.0532569885253906 0.063140869140625
-0.168975830078125 -0.07659912109375 -0.0775604248046875 0.109527587890625
0.00593566894531252 -0.209182739257813 -0.164779663085938 0.0935211181640625
0.166580200195313 -0.149978637695313 -0.214080810546875 -0.018280029296875
0.238418579101563 -0.004425048828125 -0.0402603149414062 -0.135704040527344
0.128852844238281 -0.004119873046875 0.224273681640625 0.23431396484375
0.0796890258789063 -0.0641555786132812 0.30865478515625 0.1728515625
0.00266265869140625 -0.088409423828125 0.33734130859375 -0.03106689453125
-0.0350074768066406 -0.0523262023925781 0.260650634765625 -0.201934814453125
-0.0557632446289063 -0.00209426879882811 0.108795166015625 -0.243408203125
-0.0404281616210937 0.0409889221191406 0.00688171386718748 -0.209808349609375
-0.00944137573242187 0.054412841796875 -0.0337448120117188 -0.137199401855469
-0.0109024047851563 0.0740509033203125 -0.0339584350585938 -0.0906829833984375
-0.00342559814453125 0.0888290405273437 -0.0295829772949219 -0.0510597229003906
-0.0449752807617187 0.0726394653320313 -0.0230064392089844 -0.0216941833496094
-0.100868225097656 0.0204620361328125 -0.0258636474609375 0.0267391204833984
-0.0887222290039063 -0.0719985961914063 -0.0427398681640625 0.100830078125
0.0390548706054688 -0.124221801757813 -0.162841796875 0.11627197265625
0.12158203125 -0.0725250244140625 -0.209243774414063 -0.0217132568359375
0.149887084960938 0.016754150390625 0.0192184448242187 -0.119186401367187
-0.0302906036376953 0.000818252563476566 -0.068511962890625 0.1463623046875
-0.0141849517822266 -0.00632953643798828 0.178604125976563 0.076446533203125
-0.0266819000244141 0.0118598937988281 0.1602783203125 -0.1121826171875
-0.00805854797363281 0.019256591796875 0.0468368530273437 -0.110702514648438
0.014561653137207 0.0154829025268555 0.00725555419921875 -0.0369873046875
0.0214519500732422 -0.0163345336914063 0.00561332702636719 0.0166387557983398
0.015289306640625 -0.0261249542236328 0.0208168029785156 0.0670394897460938
0.0113334655761719 -0.0244522094726563 0.017120361328125 0.103744506835937
0.0126705169677734 -0.0246028900146484 0.025299072265625 0.157867431640625
0.0188064575195313 -0.0131778717041016 -0.020904541015625 0.205581665039062
0.0162191390991211 0.000983238220214844 -0.0872650146484375 0.245361328125
0.00972175598144531 0.0230121612548828 -0.218704223632812 0.223037719726563
-0.00980758666992187 0.0509872436523437 -0.365509033203125 0.059356689453125
-0.0426063537597656 0.0178565979003906 -0.337249755859375 -0.12176513671875
-0.0705490112304688 -0.00119781494140626 -0.265274047851563 -0.275558471679688
0.0893478393554688 -0.010284423828125 -0.0802459716796875 0.134773254394531
0.0735321044921875 -0.0806427001953125 0.149566650390625 0.0907745361328125
-0.0362014770507813 -0.1014404296875 0.15802001953125 -0.071685791015625
-0.0885086059570313 -0.0352630615234375 0.0796890258789063 -0.0892105102539063
-0.0703811645507813 0.0432586669921875 0.0262641906738281 -0.0536308288574219
-0.004638671875 0.0486412048339844 0.00776863098144531 -0.00209426879882812
0.0213413238525391 0.0281696319580078 0.0172080993652344 0.0605239868164063
0.009796142578125 0.0274868011474609 0.0138015747070313 0.101600646972656
0.0150260925292969 0.0196247100830078 0.0323638916015625 0.158157348632813
0.00573062896728515 0.0166997909545898 -0.00645446777343752 0.206588745117188
-0.0136985778808594 0.0147991180419922 -0.0741424560546875 0.251251220703125
-0.0274791717529297 0.00663566589355469 -0.207183837890625 0.240631103515625
-0.0155582427978516 -0.00191116333007812 -0.35845947265625 0.079071044921875
0.00139808654785156 -0.0320510864257812 -0.34918212890625 -0.0965576171875
0.0295391082763672 -0.00413322448730469 -0.287750244140625 -0.2630615234375
0.1839599609375 -0.0153961181640625 -0.0665283203125 0.131446838378906
0.132568359375 -0.139991760253906 0.118759155273438 0.112274169921875
-0.05169677734375 -0.186111450195313 0.165847778320313 -0.0113372802734375
-0.149871826171875 -0.0698394775390625 0.140121459960938 -0.0663299560546875
-0.130165100097656 0.0628509521484375 0.0657577514648437 -0.0875930786132813
-0.0265731811523438 0.0961227416992188 0.0127105712890625 -0.0466232299804687
0.02142333984375 0.0727691650390625 0.0064544677734375 0.0338401794433594
0.00716400146484376 0.0752029418945312 0.00892639160156251 0.0849227905273438
0.0196342468261719 0.0636177062988281 0.03973388671875 0.14715576171875
-0.00360107421875 0.0534172058105469 0.00732421875000002 0.200897216796875
-0.0442619323730469 0.0418243408203125 -0.0661468505859375 0.252105712890625
-0.0754852294921875 -0.000457763671874985 -0.200592041015625 0.247085571289063
-0.0330390930175781 -0.0636634826660156 -0.34527587890625 0.083984375
0.0444183349609375 -0.0912628173828125 -0.340179443359375 -0.07562255859375
0.12939453125 -0.0141754150390625 -0.281097412109375 -0.2406005859375
0.242050170898438 -0.014862060546875 -0.0311279296875 0.1414794921875
0.153732299804687 -0.171188354492188 0.111679077148437 0.150543212890625
-0.065093994140625 -0.219436645507813 0.2052001953125 0.0452728271484375
-0.172698974609375 -0.0804595947265625 0.213470458984375 -0.06744384765625
-0.152557373046875 0.068328857421875 0.10455322265625 -0.136474609375
-0.041595458984375 0.116104125976562 0.013458251953125 -0.101470947265625
0.0167083740234375 0.100334167480469 -0.00821685791015625 -0.00481462478637695
0.00387573242187499 0.111335754394531 0.00146865844726563 0.0553474426269531
0.0242691040039063 0.103065490722656 0.039276123046875 0.122749328613281
-0.0109939575195313 0.0950088500976563 0.01025390625 0.181289672851563
-0.080535888671875 0.0768051147460937 -0.070098876953125 0.235305786132813
-0.133979797363281 -0.00510406494140624 -0.19403076171875 0.229095458984375
-0.0567703247070312 -0.132827758789063 -0.31512451171875 0.07147216796875
0.0872344970703125 -0.152450561523437 -0.30902099609375 -0.0627441406250001
0.213333129882812 -0.0244598388671875 -0.242874145507813 -0.212051391601563
0.262893676757813 -0.0103912353515625 0.022430419921875 0.166824340820313
0.150634765625 -0.16644287109375 0.14300537109375 0.190948486328125
-0.058837890625 -0.207672119140625 0.263916015625 0.0660552978515625
-0.153976440429688 -0.079376220703125 0.2684326171875 -0.0989837646484375
-0.142562866210938 0.0540771484375 0.125045776367188 -0.187240600585937
-0.050018310546875 0.11065673828125 0.0091552734375 -0.1500244140625
0.00767517089843751 0.11004638671875 -0.0202980041503906 -0.0467491149902344
-0.000808715820312511 0.131324768066406 -0.00726795196533203 0.017115592956543
0.02557373046875 0.131584167480469 0.0278396606445313 0.0860977172851563
-0.0224609375 0.130851745605469 0.000198364257812505 0.142288208007812
-0.121307373046875 0.103912353515625 -0.0787353515625 0.191268920898438
-0.18768310546875 -0.02081298828125 -0.172271728515625 0.187637329101562
-0.0648956298828125 -0.20001220703125 -0.26104736328125 0.05828857421875
0.129974365234375 -0.194595336914062 -0.2645263671875 -0.0465850830078125
0.26824951171875 -0.028839111328125 -0.18292236328125 -0.181381225585938
0.248641967773438 -0.005584716796875 0.0911407470703125 0.197052001953125
0.134475708007813 -0.138099670410156 0.20172119140625 0.207992553710938
-0.0352630615234375 -0.173202514648437 0.312042236328125 0.0469970703125
-0.110939025878906 -0.0765533447265625 0.287261962890625 -0.140716552734375
-0.116035461425781 0.0293731689453125 0.125778198242187 -0.221282958984375
-0.0539321899414062 0.089447021484375 0.00622558593749998 -0.18316650390625
-0.00193023681640626 0.102584838867188 -0.0280685424804687 -0.0856399536132813
-0.00563812255859375 0.130897521972656 -0.0166664123535156 -0.0238056182861328
0.019927978515625 0.142349243164063 0.00748825073242188 0.0395736694335938
-0.038482666015625 0.143356323242188 -0.0146636962890625 0.0855789184570313
-0.151580810546875 0.101272583007812 -0.0758895874023438 0.126472473144531
-0.207275390625 -0.05145263671875 -0.128005981445313 0.139358520507813
-0.0390625 -0.2366943359375 -0.199462890625 0.0643157958984375
0.164093017578125 -0.196670532226562 -0.2283935546875 -0.026824951171875
0.28173828125 -0.021881103515625 -0.110946655273438 -0.154251098632812
0.203140258789063 -0.00439453125 0.16436767578125 0.2230224609375
0.111595153808594 -0.101158142089844 0.264480590820313 0.199005126953125
-0.0105667114257813 -0.132156372070313 0.333831787109375 0.00811767578124999
-0.0680618286132813 -0.0700454711914063 0.277191162109375 -0.1766357421875
-0.086883544921875 0.00750732421874998 0.118133544921875 -0.238021850585938
-0.05157470703125 0.0655174255371094 0.00691223144531251 -0.202301025390625
-0.00821685791015625 0.0830841064453125 -0.029998779296875 -0.117263793945313
-0.00968933105468751 0.11126708984375 -0.0255317687988281 -0.0626182556152344
0.00872802734374999 0.128349304199219 -0.014094352722168 -0.00937366485595702
-0.0499038696289063 0.122886657714844 -0.0236625671386719 0.0244636535644531
-0.148880004882813 0.067352294921875 -0.0535430908203125 0.064422607421875
-0.170242309570313 -0.07891845703125 -0.074249267578125 0.109405517578125
0.00785827636718748 -0.213653564453125 -0.162506103515625 0.0942840576171875
0.167922973632813 -0.151412963867188 -0.213760375976563 -0.013031005859375
0.2440185546875 -0.0027008056640625 -0.0394363403320312 -0.132095336914063
0.132621765136719 -0.00254058837890625 0.22650146484375 0.23583984375
0.0803298950195313 -0.0630645751953125 0.31146240234375 0.1724853515625
0.00444793701171874 -0.088165283203125 0.33819580078125 -0.03167724609375
-0.0342369079589844 -0.0552711486816406 0.259170532226563 -0.201507568359375
-0.0570335388183594 -0.00360488891601561 0.10906982421875 -0.243499755859375
-0.0416488647460937 0.0414962768554687 0.0089874267578125 -0.211639404296875
-0.0119895935058594 0.0541496276855469 -0.0313491821289063 -0.140182495117187
-0.0119476318359375 0.0744705200195313 -0.032257080078125 -0.0918197631835938
-0.00428771972656251 0.0893096923828125 -0.0284271240234375 -0.0517959594726562
-0.0470123291015625 0.0715179443359375 -0.0235195159912109 -0.0221767425537109
-0.102363586425781 0.0194168090820313 -0.0253086090087891 0.0273494720458984
-0.0890426635742188 -0.0741500854492187 -0.03936767578125 0.0999755859375
0.0408554077148438 -0.127265930175781 -0.16021728515625 0.118423461914063
0.122657775878906 -0.0741348266601563 -0.20843505859375 -0.0162200927734375
0.154266357421875 0.0178680419921875 0.0210494995117188 -0.1153564453125
-0.0311794281005859 0.000829696655273442 -0.069793701171875 0.145095825195313
-0.0160646438598633 -0.00651359558105469 0.1815185546875 0.07135009765625
-0.0276241302490234 0.0134639739990234 0.16107177734375 -0.116867065429687
-0.00855255126953125 0.0206356048583984 0.0444107055664063 -0.112335205078125
0.0158786773681641 0.0161027908325195 0.00590133666992187 -0.0375328063964844
0.0212821960449219 -0.0173568725585938 0.00615978240966797 0.0161685943603516
0.0154380798339844 -0.0280952453613281 0.0224647521972656 0.0690498352050781
0.0121841430664063 -0.0253696441650391 0.01751708984375 0.108207702636719
0.0128154754638672 -0.0252857208251953 0.025360107421875 0.16259765625
0.0192127227783203 -0.0139236450195312 -0.02264404296875 0.210769653320313
0.0162448883056641 0.00167179107666016 -0.0872802734375 0.251693725585938
0.0102462768554688 0.0243110656738281 -0.218231201171875 0.2294921875
-0.00893402099609376 0.0515556335449219 -0.370452880859375 0.06573486328125
-0.0449028015136719 0.0176315307617188 -0.347869873046875 -0.120391845703125
-0.0723800659179688 -0.000137329101562515 -0.278167724609375 -0.28289794921875
0.0921478271484375 -0.0111007690429687 -0.08221435546875 0.133712768554688
0.0738525390625 -0.0821304321289063 0.152633666992188 0.0858612060546875
-0.0376815795898437 -0.103797912597656 0.158935546875 -0.0758819580078125
-0.0922164916992187 -0.0354843139648438 0.078460693359375 -0.090789794921875
-0.0709228515625 0.04559326171875 0.0251350402832031 -0.0546760559082031
-0.00462722778320313 0.0495414733886719 0.00698232650756836 -0.00356006622314453
0.0207633972167969 0.0267753601074219 0.0175628662109375 0.0619010925292969
0.00977134704589844 0.0281105041503906 0.0146026611328125 0.106124877929688
0.014617919921875 0.0195236206054688 0.0330657958984375 0.162994384765625
0.00482463836669922 0.0162544250488281 -0.00759887695312498 0.212005615234375
-0.0141420364379883 0.014678955078125 -0.07305908203125 0.257308959960938
-0.0280704498291016 0.00726509094238281 -0.206558227539063 0.247299194335938
-0.0137720108032227 -0.00255489349365234 -0.363861083984375 0.084747314453125
0.000539779663085939 -0.0320930480957031 -0.359954833984375 -0.0943298339843751
0.0325603485107422 -0.00385856628417969 -0.300750732421875 -0.270050048828125
0.190719604492188 -0.016387939453125 -0.0679931640625 0.129837036132813
0.13458251953125 -0.144363403320313 0.120903015136719 0.109024047851562
-0.053955078125 -0.19049072265625 0.168228149414063 -0.0128936767578125
-0.154144287109375 -0.07159423828125 0.141525268554688 -0.0686798095703125
-0.1331787109375 0.0661849975585937 0.06451416015625 -0.090972900390625
-0.0275344848632812 0.09747314453125 0.0110740661621094 -0.0492095947265625
0.0204238891601563 0.073333740234375 0.00639152526855469 0.0342807769775391
0.00662994384765626 0.07733154296875 0.00902557373046874 0.0884246826171875
0.0185432434082031 0.0640907287597656 0.041351318359375 0.151412963867188
-0.00524520874023437 0.0536308288574219 0.00645446777343749 0.206329345703125
-0.0463905334472656 0.0418586730957031 -0.0650482177734375 0.2589111328125
-0.0772018432617188 -0.00109863281250001 -0.199203491210938 0.254486083984375
-0.0318756103515625 -0.0661468505859375 -0.349884033203125 0.089691162109375
0.0452041625976563 -0.0927200317382812 -0.35003662109375 -0.073028564453125
0.13555908203125 -0.0141220092773438 -0.2935791015625 -0.245147705078125
0.250320434570313 -0.015472412109375 -0.0322418212890625 0.141098022460938
0.1568603515625 -0.174209594726563 0.114669799804688 0.1492919921875
-0.0666046142578125 -0.224472045898438 0.209396362304687 0.044342041015625
-0.1771240234375 -0.08319091796875 0.216796875 -0.071075439453125
-0.15582275390625 0.07098388671875 0.10382080078125 -0.142196655273438
-0.0432586669921875 0.117874145507812 0.011444091796875 -0.10540771484375
0.0146408081054688 0.101768493652344 -0.00835466384887695 -0.00570297241210937
0.00362396240234374 0.114479064941406 0.00209426879882812 0.0582351684570313
0.0230636596679688 0.105171203613281 0.04083251953125 0.126686096191406
-0.0132904052734375 0.0957412719726563 0.0102386474609375 0.185104370117187
-0.0828704833984375 0.0775375366210938 -0.0694427490234375 0.242416381835938
-0.136665344238281 -0.00573730468749999 -0.19317626953125 0.236068725585938
-0.056243896484375 -0.136932373046875 -0.32025146484375 0.076416015625
0.0883636474609375 -0.155517578125 -0.317352294921875 -0.0582275390625
0.2225341796875 -0.0250701904296875 -0.25341796875 -0.214614868164062
0.271774291992188 -0.009429931640625 0.02386474609375 0.167877197265625
0.154281616210938 -0.168365478515625 0.148361206054688 0.191192626953125
-0.0595703125 -0.212249755859375 0.2706298828125 0.0647430419921875
-0.157257080078125 -0.082763671875 0.27301025390625 -0.103561401367187
-0.145584106445313 0.054656982421875 0.124557495117187 -0.193588256835938
-0.0530014038085937 0.11224365234375 0.00683593750000001 -0.154937744140625
0.00479888916015625 0.111488342285156 -0.020721435546875 -0.0484199523925781
-0.00139617919921874 0.1351318359375 -0.00671005249023438 0.0183238983154297
0.0246810913085938 0.134666442871094 0.029937744140625 0.0879898071289063
-0.0240707397460938 0.131988525390625 6.10351562499951E-05 0.145965576171875
-0.124740600585937 0.105819702148438 -0.078155517578125 0.198028564453125
-0.19232177734375 -0.0214691162109375 -0.171463012695313 0.19232177734375
-0.0663299560546875 -0.2060546875 -0.265625 0.0612792968749999
0.132247924804688 -0.199539184570313 -0.27105712890625 -0.0412445068359375
0.279754638671875 -0.0303955078125 -0.190383911132812 -0.183029174804688
0.256729125976563 -0.005218505859375 0.0954437255859375 0.199356079101563
0.138320922851563 -0.139251708984375 0.209457397460938 0.209121704101562
-0.0351409912109375 -0.1771240234375 0.31939697265625 0.04498291015625
-0.112754821777344 -0.0810470581054688 0.29071044921875 -0.14642333984375
-0.119644165039063 0.0279998779296875 0.124710083007812 -0.2286376953125
-0.057342529296875 0.0906829833984375 0.00442504882812499 -0.18841552734375
-0.00447082519531249 0.104598999023438 -0.02813720703125 -0.0885543823242188
-0.00608062744140624 0.134742736816406 -0.0160980224609375 -0.0246009826660156
0.0196533203125 0.145217895507813 0.00873565673828125 0.0403671264648438
-0.0394134521484375 0.145462036132812 -0.0151596069335937 0.0881500244140625
-0.155715942382812 0.104522705078125 -0.0764846801757813 0.131629943847656
-0.2130126953125 -0.053131103515625 -0.12677001953125 0.14178466796875
-0.040496826171875 -0.244354248046875 -0.20111083984375 0.067291259765625
0.166976928710938 -0.20294189453125 -0.232742309570313 -0.0208892822265625
0.29351806640625 -0.0220947265625 -0.115814208984375 -0.154647827148438
0.211257934570312 -0.0039520263671875 0.1707763671875 0.226119995117187
0.11505126953125 -0.101966857910156 0.274444580078125 0.199111938476563
-0.00993347167968751 -0.135108947753906 0.341583251953125 0.00479125976562499
-0.0699996948242188 -0.0748138427734375 0.280960083007812 -0.1827392578125
-0.0893630981445313 0.00627899169921875 0.117279052734375 -0.244293212890625
-0.0540237426757813 0.0664749145507813 0.00564575195312501 -0.207687377929688
-0.0109710693359375 0.0846176147460938 -0.0304641723632813 -0.122589111328125
-0.00992584228515626 0.114242553710938 -0.0249404907226563 -0.0641937255859375
0.00878143310546875 0.131034851074219 -0.0134239196777344 -0.0102262496948242
-0.0519332885742188 0.124725341796875 -0.0250663757324219 0.0256576538085938
-0.153335571289063 0.069580078125 -0.0543594360351562 0.0676116943359375
-0.175094604492188 -0.0809173583984375 -0.071990966796875 0.111442565917969
0.00694274902343748 -0.221054077148438 -0.162841796875 0.0980072021484375
0.171356201171875 -0.156585693359375 -0.216888427734375 -0.00619506835937501
0.254180908203125 -0.003570556640625 -0.0414581298828125 -0.131019592285156
0.138725280761719 -0.002899169921875 0.235458374023438 0.23992919921875
0.08294677734375 -0.0625228881835938 0.322052001953125 0.172607421875
0.00557708740234374 -0.090423583984375 0.3443603515625 -0.03607177734375
-0.0352096557617188 -0.0584030151367187 0.2606201171875 -0.207778930664063
-0.0587692260742188 -0.00480651855468751 0.1080322265625 -0.249542236328125
-0.0433273315429687 0.0427589416503906 0.0083465576171875 -0.218063354492188
-0.01434326171875 0.0549240112304688 -0.0317535400390625 -0.146286010742188
-0.0117950439453125 0.0764007568359375 -0.0320053100585937 -0.0950698852539062
-0.0043487548828125 0.0913772583007812 -0.0289726257324219 -0.0531120300292969
-0.0491256713867188 0.0728225708007813 -0.0252647399902344 -0.0229759216308594
-0.105461120605469 0.0207366943359375 -0.0256481170654297 0.0286273956298828
-0.0922698974609375 -0.0772018432617188 -0.0366592407226563 0.101837158203125
0.04193115234375 -0.132896423339844 -0.15960693359375 0.12335205078125
0.124977111816406 -0.0780868530273438 -0.21234130859375 -0.00878906250000002
0.161895751953125 0.0184173583984375 0.0220565795898438 -0.113311767578125
0.0235139249269192 0.00848130415279631 -0.160973103137647 0.012531223192024
-0.0131241293477527 0.0163888030587888 0.0288222202719844 0.203544029024767
0.0174064499511646 0.0316889307486257 0.198279257550942 0.0805071315120326
0.0233112775096501 0.00328849652113553 0.119225419400245 -0.0218548278728593
0.00035529660382943 -0.0209447446121245 0.0345814299005197 -0.0141730344541114
-0.0272080531281092 -0.00759534229891189 -0.0100141945374605 0.0155814803737909
-0.0355357955781099 -0.0017322699767862 -0.058146334824689 0.0502829929582853
-0.0289024542778948 -0.000449238752730392 -0.0984233921657297 0.071528210729814
-0.0276884956796458 -0.00831357606111203 -0.145445404722317 0.0937317776653261
-0.0255182884372502 -0.0185630271585431 -0.197951796128514 0.0810481756814822
-0.00320323487259426 -0.0256815364138046 -0.283035220972691 0.0410001728837346
0.0291355618669317 -0.0370533469246033 -0.324794292330662 -0.0936405748431757
0.0675600598060456 -0.0285786434728828 -0.263038717473394 -0.27649114544401
0.059455939803675 0.0328199812555937 -0.0633749826869394 -0.37309483823012
0.0507093273111929 0.0689998251470514 0.0628849005261041 -0.390388703023091
-0.0503981960880374 -0.0873867130324997 -0.167121537799679 0.0125059686785162
-0.132492288179356 -0.0125937803608982 0.000342083420520489 0.206753865380666
-0.0786740108888285 0.105675784269681 0.186460907647584 0.11263971094174
0.0295234154593141 0.115809430034745 0.142711035153156 0.00550422770131867
0.0846861050543335 0.024708220300105 0.0600047612936542 -0.0210103983009338
0.0407791434908348 -0.02631754265296 0.000522127991749066 -0.0017162020270424
0.0127239031246437 -0.0349347987119869 -0.0592486476835365 0.0363005503763434
0.0131531371064043 -0.0324441059793897 -0.102518927296082 0.0647464866072914
0.0113293557821152 -0.035517867503383 -0.146210229572596 0.0968600187940606
0.00776412050521969 -0.0248112942611765 -0.191919378737764 0.0894821371942671
0.0268039270056666 -0.0110528975003302 -0.279468897055749 0.0531745967538969
0.0352273419756358 0.00687352496301374 -0.329869466502332 -0.0748563148341399
0.0323808396644221 0.0122993339352556 -0.271603670546852 -0.257100872458456
-0.00524623301406063 0.0252168097372026 -0.0945212019941534 -0.363121673952728
-0.00229352618450105 -0.0143214879148338 0.0272450743087293 -0.399792172339544
-0.108080916529229 -0.166024991002901 -0.164296077178752 0.036035843046435
-0.220731328535034 -0.0282949550367346 -0.0358378423056358 0.2071572845918
-0.146539919201702 0.164359637363389 0.153092285827347 0.162122981434567
0.0352575951404369 0.195517298606284 0.172620898174618 0.0635363565349021
0.141842703409087 0.0610742885436281 0.115849364980212 -0.0143648261136933
0.0926398703272441 -0.0327569910863473 0.0388601359076454 -0.0244274046402784
0.0568096530875359 -0.0560563932188645 -0.0400495734037436 0.00923981871666661
0.0528055769471121 -0.0599671120140102 -0.0916337802303361 0.0487728863333417
0.0483108888338766 -0.0633879519845434 -0.135611359560473 0.0963799375419569
0.0429933400097848 -0.0390525850408033 -0.181206256914643 0.0948410545653865
0.0682491917029475 -0.00387645797595361 -0.276863258169244 0.0558819212277789
0.0567910440353735 0.0549020800315732 -0.325864070431874 -0.0691211562517087
0.000360743311067231 0.0692776904944843 -0.261937227137085 -0.240972438281193
-0.0788791290526757 0.0246193388879633 -0.112396316679783 -0.334432814868287
-0.0625383650685378 -0.0932193809039933 0.000619726929707954 -0.376644953431977
-0.142158572406463 -0.218578787017854 -0.160326926418312 0.0822036897537345
-0.260348288850248 -0.033154204112934 -0.0772842715487268 0.229121352541604
-0.173423731872877 0.190249150730453 0.129194914431234 0.235018873374446
0.0331620101910105 0.225177059013483 0.218718076116166 0.12793373424294
0.158357113356241 0.0817917332257374 0.187070069887476 -0.0107717948741544
0.117193465862167 -0.0272544890303906 0.0880223514741863 -0.0535484293383937
0.0871214621102639 -0.0623868552508905 -0.0084584425413637 -0.0236782730879958
0.0841819189808272 -0.078835594955492 -0.0677312487578769 0.0251716208121975
0.0815266819581454 -0.0883805935697235 -0.113923990488275 0.0824252119110179
0.0820642461885146 -0.058114150593842 -0.164449918583519 0.0828630712972511
0.120772790138496 0.000904210105918119 -0.262814274942614 0.0374315544605665
0.0886815328953698 0.112378035411503 -0.296758912415032 -0.0775364101208653
-0.0333735423884288 0.137534863442479 -0.227114202015499 -0.220287241383646
-0.154836097397281 0.0268158958613952 -0.109538449551906 -0.288117954279452
-0.116119043734467 -0.158680173158018 -0.00835109948609481 -0.325344036939639
-0.155688547994719 -0.242129173421729 -0.15590934625887 0.149689500308684
-0.257767175486864 -0.0393377586622094 -0.102085123015861 0.282141228153635
-0.174878804305571 0.176707989247946 0.139532994519229 0.305519518369516
0.0125032722493789 0.211335663911919 0.274839147886741 0.169371585223499
0.137320896368346 0.0926299996588733 0.248975380103672 -0.0180418574616451
0.118871324061084 -0.0101653110532677 0.132640728259903 -0.08001769414868
0.102193890744334 -0.0561391327662385 0.0297315687850957 -0.0527143812412579
0.103877438557122 -0.0857962105745447 -0.0327342896524567 -0.00376397741126255
0.106551203858342 -0.10443007850719 -0.0846007094811839 0.0543434089726772
0.119515899774365 -0.0709904284836198 -0.136771144449522 0.050411929185297
0.170406871317178 0.0148921871842381 -0.223834161215764 0.000876482414115553
0.108803524220985 0.173928447190595 -0.236556472763582 -0.0823249714303665
-0.0778763543587083 0.194754426833953 -0.177242308539462 -0.178472941329154
-0.217520459483855 0.0184514764989801 -0.104526249528769 -0.231635061637308
-0.152525896298683 -0.202636205112512 -0.00237210767748372 -0.254943482768672
-0.153028410234394 -0.234530586861854 -0.143405295977544 0.229093852135828
-0.229515837395943 -0.0454852286389339 -0.0925324507565061 0.344535627707425
-0.16402192446985 0.136833160179553 0.173570264508602 0.343751258887267
-0.0183035839527474 0.175421892153773 0.317427670274463 0.17501637976163
0.0978148725614141 0.0962246906109193 0.284395824552427 -0.0311593354221082
0.104934959476835 0.00939559785888247 0.166081627934038 -0.0958355681005645
0.101512763898986 -0.0413560152324619 0.0687926504506567 -0.0724715473756732
0.107348348351678 -0.0786952913590338 0.00625864799813218 -0.0327925113260328
0.118698650431989 -0.102951128274127 -0.0477574578199335 0.0137526404795218
0.143011004619752 -0.0640473742404742 -0.093050836114134 0.00702348474826934
0.190742825270369 0.0417819150050728 -0.157314964047825 -0.0334777303450865
0.0908115336226296 0.213578630538788 -0.160709627054026 -0.063559511971862
-0.125987660618206 0.204467250171214 -0.145750150928263 -0.117109963504085
-0.243313983735627 -0.00677563483350398 -0.107387838188263 -0.183053602754408
-0.157264309672106 -0.218693969597962 0.017868334271642 -0.178469245163421
-0.138466893821495 -0.199045202047914 -0.120893197717168 0.305706712405346
-0.189172901500721 -0.0473967126024795 -0.0546785983728344 0.394577103761795
-0.143575175097886 0.0949976089208624 0.210836232503064 0.343921663426528
-0.0416694755271903 0.135716151726295 0.33697979091125 0.158493352614275
0.0605033801193103 0.0915416858708983 0.297022553679759 -0.0412402182723797
0.0830938908964368 0.0240808067350379 0.187640169264832 -0.0999037419339219
0.0872297752458058 -0.0237362626991898 0.10348262413341 -0.0843728635220541
0.0955254870094233 -0.0606500649531201 0.0429711578281959 -0.0607521443946309
0.112843316225884 -0.0811042174388523 -0.0062386426820061 -0.0280728015681254
0.13571320510771 -0.0383490995456331 -0.0394712073311716 -0.0297336232997943
0.161267328260946 0.0666499304214578 -0.0818717067516515 -0.0397765803565482
0.0397438201922848 0.200348642214411 -0.105777436931721 -0.0197315627727501
-0.147129437039739 0.152058537343032 -0.155203190608003 -0.0634340803937277
-0.211177722207459 -0.0376907886672166 -0.115698931759127 -0.166193940083139
-0.126680305157919 -0.197274824162865 0.0488448738949792 -0.106562020516078
-0.107671334674395 -0.139329784287974 -0.0890227899103482 0.362366743457788
-0.140514285329929 -0.0407278453732124 -0.00637125764430497 0.417077976412208
-0.112757995347481 0.0605348342981457 0.238983680933355 0.322627365541468
-0.0486627386452986 0.0959040653144685 0.341842262248885 0.134620197429332
0.0315890922739821 0.0756987774537534 0.297517862647135 -0.0469921403972508
0.0573803849695673 0.0307237032469548 0.201354831096495 -0.0988686191892009
0.061242518326126 -0.00474158013256577 0.130416947675275 -0.0904078131145137
0.0684530957443527 -0.0328608924153917 0.0740292156825289 -0.0809151653390708
0.0842031318051666 -0.0439018200453619 0.0327272060711337 -0.05828509187124
0.0931215773653651 -0.00536747826013997 0.00645806549666557 -0.0465273284567548
0.0902592978986632 0.0665512102228133 -0.0297851410304838 -0.0225336616501195
-0.0103229730270055 0.124650756096196 -0.0905834882283642 0.0173905659321546
-0.110744768783271 0.0624808625783158 -0.184359231100539 -0.0491115021815989
-0.123396981582797 -0.0488925951852079 -0.11051672436956 -0.17237366591072
-0.0669198412800164 -0.134791608247886 0.0823442413236254 -0.0483489227603564
0.0244154883939882 0.00887623331795406 -0.159580522730155 0.0153292323092099
-0.0107721463286438 0.0188542833852075 0.0418146477459197 0.200132762523184
0.0209278985054187 0.0319666175158855 0.204747153889228 0.0700470650049128
0.025762516844571 0.00214285295968963 0.117757388309986 -0.0283852245407734
-0.000836900782762799 -0.0227441447007333 0.0324576807030729 -0.0163912626888603
-0.0281128063588061 -0.00633045634848105 -0.0096062406909725 0.0140729816585088
-0.0358513278762405 0.00118878087359681 -0.0570648565284441 0.05323091790023
-0.0302626635085658 0.00131037149279045 -0.0990041170565421 0.0776513852995984
-0.0288001924058385 -0.0075538299782909 -0.146574805308838 0.100741387877642
-0.0271330478893705 -0.017405286024272 -0.200108574413655 0.0892812421996256
-0.00332066999957796 -0.026924052126778 -0.285651529231421 0.054583174788234
0.0281543070241521 -0.0394002105969106 -0.332401047941323 -0.0799789889514388
0.0662774390249788 -0.031788452801888 -0.278228319767208 -0.266542241389336
0.0629728524345385 0.0317813445687705 -0.0821249616666746 -0.377203117575858
0.0543888627884597 0.0677250118980393 0.0458681693404694 -0.404197812519423
-0.0541204790181045 -0.0868296683778995 -0.166442040366453 0.0153421214235773
-0.13518318683451 -0.0065472147020443 0.0132766970678087 0.205330909996669
-0.0743880087076033 0.110665675249862 0.194276719000573 0.103215411842913
0.0364170471341265 0.116951453241664 0.143967700686495 -0.0013051556028758
0.0878169388224069 0.0204150091049286 0.0577512431249918 -0.0251356914164772
0.0415320863932414 -0.027457617583009 0.000377384461683099 -0.00391618028234374
0.0129947748840233 -0.0341816601741158 -0.0581908910136591 0.0381888920860864
0.0124709468507703 -0.0329003938850295 -0.103033035290716 0.0710202722118548
0.0106988113601759 -0.0356923531822496 -0.147066254101216 0.104101655884495
0.00716470644235673 -0.0232884567044847 -0.192948973126019 0.0980033727333134
0.0276328416650902 -0.0115621231105092 -0.281241408932741 0.0667030524254881
0.0348832975492868 0.00576338210835699 -0.335086103493762 -0.0594784127482445
0.031236207303209 0.0103581884819969 -0.286786220552062 -0.246808567141212
-0.00321175779625273 0.0250846273163846 -0.114166701883882 -0.36405305915422
-0.00384227885024333 -0.0158818704835537 0.00915512794494613 -0.411718185188634
-0.116192202000435 -0.165953451409415 -0.16321268334953 0.0390208405309937
-0.225231446256366 -0.0195952812491181 -0.0238027390068581 0.207083091825198
-0.141765696640904 0.173004047906927 0.162628907276057 0.15579967869415
0.0438125112146204 0.198654730466565 0.17727970673181 0.0572546709011988
0.146830919051251 0.0562383621363583 0.116335365226068 -0.0215723764330162
0.0938498874659217 -0.0357146969102896 0.0378782464959537 -0.029744919870747
0.0571240442711573 -0.0565223097488331 -0.0395825046910364 0.00937781720996444
0.0526951348418976 -0.0627444924947832 -0.0925781550939916 0.0535041993630501
0.0480138562297561 -0.0654790808875451 -0.134869776692802 0.102795496789379
0.0432890215744565 -0.0386437856325755 -0.18159117401446 0.102656094128588
0.0694400066256953 -0.0052765801983149 -0.278052236238535 0.069993711552627
0.0580813072145483 0.0552327336991612 -0.330794202256391 -0.0536329789858776
5.16817820275933E-05 0.0700474672576977 -0.276823556559311 -0.231866629196387
-0.0780818414831391 0.0268158192536344 -0.131233843996319 -0.334787078124195
-0.0684464723976624 -0.0948536520217618 -0.0171695473194922 -0.386594058902387
-0.153312105846457 -0.218993664763677 -0.1573173764883 0.0865057658263645
-0.265323539011397 -0.0241668925022272 -0.0656602277005817 0.232355971183001
-0.168488061978519 0.199874421199699 0.141555655500915 0.231661204892821
0.0417698576190933 0.229340050062335 0.228837177728721 0.121238358634654
0.163783101501778 0.0779667675098887 0.18825100165462 -0.0209582183053179
0.119447310446614 -0.0298424485858428 0.0869745373205633 -0.0608056168946833
0.0887271397984868 -0.0638575378419252 -0.00885257391076127 -0.0251240251839051
0.0845367039302105 -0.082991356931496 -0.0681416895204099 0.0285583382188552
0.0806676384748989 -0.0919533580881839 -0.113045247302708 0.0885896650268875
0.0821610685517819 -0.0594858818174328 -0.164682353052822 0.0899351519594002
0.122783844538231 -0.00228659075645592 -0.264965266439363 0.0511201091923678
0.0924501423975605 0.112158799873007 -0.303135903727549 -0.0636526859468366
-0.0314042624686435 0.141397013839814 -0.23995062289005 -0.21313939229056
-0.155890901259431 0.0311578850096115 -0.127039622502217 -0.287145503568492
-0.126776840551599 -0.160080631584535 -0.0257777936888029 -0.332691462197973
-0.16734542283493 -0.243168518208902 -0.151195524374203 0.157098114019236
-0.263214880948928 -0.0324532034465703 -0.0889319742882463 0.289255379748965
-0.171258132241422 0.184371113709484 0.154598252918967 0.304527507653196
0.0189951781905097 0.216918100343194 0.287940745924191 0.160185007076457
0.142441202355988 0.0907029849637912 0.250818434983334 -0.0310447539681806
0.121527551244736 -0.0126152930421372 0.131332252707152 -0.0888094147515282
0.105007869101453 -0.0579416315725814 0.0293219816508735 -0.0560980018030141
0.104367729095103 -0.0907158151025594 -0.0334741195721335 -0.00161594454180813
0.106209543813835 -0.109150983544197 -0.0829855057679383 0.0589595425828645
0.119822829106464 -0.074234923622747 -0.137538922965044 0.0567332854706687
0.174536696201351 0.00961237608038258 -0.228006248004797 0.0114576762312599
0.116007580292742 0.174399003934121 -0.242602905176875 -0.0722464621353578
-0.0743126176433534 0.201267819928732 -0.187756117518042 -0.172340760623656
-0.220822336420707 0.0258613124067105 -0.119086250457025 -0.227473374743612
-0.165828546311052 -0.204295383488642 -0.0163616632366116 -0.258925842185365
-0.165021561596856 -0.236718387796455 -0.136691606280806 0.238494730538027
-0.234334212585749 -0.0416003183391571 -0.0772428377030526 0.353919393698054
-0.162327429163604 0.143442159309615 0.191518163244606 0.340781694380032
-0.0148594449811917 0.181601093535661 0.330588389914875 0.165854499368883
0.102301783498307 0.0975221870668448 0.286933229386189 -0.0459470506334846
0.107851962973189 0.00836820194393147 0.164168093146248 -0.105384324940393
0.104977322007965 -0.0431525631862428 0.0692132042473533 -0.0777168210128053
0.107852086096946 -0.0836947098505924 0.00575321372281475 -0.0335097848766927
0.118850339426628 -0.108437740400728 -0.0474879416308716 0.0160729923861273
0.143988478045265 -0.0686603675032229 -0.0949217416894038 0.0105219471838625
0.196079586015334 0.0359668847961979 -0.162274112120597 -0.025532252932627
0.0998453496192951 0.216090276605784 -0.163444254037997 -0.0566971980704871
-0.123510606621998 0.21391805504288 -0.152509109583233 -0.110293938795793
-0.247780857003329 0.00161190142928003 -0.119786483690199 -0.176919084333458
-0.171906806847561 -0.220770853472759 0.00807801147059879 -0.180698414291681
-0.148029244334629 -0.200975513405175 -0.110294827981849 0.316918774519625
-0.193771275705042 -0.0444947327308911 -0.0372817946056239 0.403686119206488
-0.143244354749436 0.10045601302117 0.22973056907325 0.34081937703978
-0.0396329099245459 0.142017149188807 0.348850333298242 0.146872860986507
0.0644688058918454 0.0937511366845494 0.298702782335576 -0.0562463188324118
0.087328532307048 0.023093917616104 0.186652325608007 -0.110249319692916
0.0900650848332701 -0.024593742051534 0.10490802492926 -0.0902445227747588
0.0959613409013554 -0.0644685567276753 0.043219064775998 -0.0628581912364524
0.112700872682486 -0.0860724462891449 -0.00748327290377148 -0.0285297790922681
0.137998960116875 -0.0432991996700512 -0.0423587561361381 -0.0289884045402907
0.167987740487892 0.0619415062832756 -0.0851913642607781 -0.0357797296865691
0.0475853149028109 0.20449409713414 -0.105202194488348 -0.0141893220757539
-0.146355139036246 0.161840734498903 -0.159670048719976 -0.0552774206022351
-0.216776978261061 -0.030941951911406 -0.128481731095108 -0.158205337072172
-0.140691027661983 -0.199485832665595 0.0426904359303941 -0.107638832646578
-0.115271078510951 -0.140260622951603 -0.0772191045985079 0.375014322757579
-0.144642940607466 -0.0383270060603083 0.0129454698170207 0.426078463314581
-0.113296515833907 0.0644810324129329 0.257150588335138 0.317460081052357
-0.0469395019537151 0.10095734605572 0.351647864224201 0.120997226063371
0.0350014998939643 0.0775148938505934 0.298435646987569 -0.0618065963419024
0.0600966192764715 0.0296665941510393 0.200538934406007 -0.108147689941003
0.0639257243474403 -0.00512948410400908 0.132105690804168 -0.0975013929798733
0.0691911016431003 -0.0355648723004488 0.0738626110104731 -0.085009647254429
0.0849003026700044 -0.0474573567837539 0.0312638311387945 -0.0606410596087316
0.0953802870245612 -0.0079587619337414 0.00443253286179211 -0.0476676407123065
0.0951529710013243 0.064074731972662 -0.0314439421476127 -0.0209940976141543
-0.00671821683516428 0.129246970416787 -0.0883135911292445 0.0234261881326146
-0.113137877100911 0.0688380979108339 -0.188698140736627 -0.0376428105141975
-0.12773639100995 -0.0451630693882108 -0.12404400461718 -0.165193391211311
-0.0765162245203108 -0.137610550895844 0.0797072052252443 -0.048217027877298
0.0259043167235196 0.00853172664181502 -0.155749787811291 0.0171355241165348
-0.00853994632053333 0.0205055790258345 0.0536753560960612 0.192529634587132
0.0239095243848751 0.0309673798618572 0.206667990675449 0.0582447544829092
0.027781855375541 0.000739288777782064 0.114162848127937 -0.0338938881805413
-0.00248104572202871 -0.0234360147950881 0.030577496954782 -0.017147450027466
-0.0275851975156491 -0.00550443874914613 -0.00932654613635687 0.0122597175845185
-0.0356334563974028 0.00361990646401242 -0.0542407660722179 0.0545222608122224
-0.0307694753156101 0.00282762379376023 -0.0969349652377624 0.0820475979770794
-0.0288374554448177 -0.00665193050211212 -0.14514354649917 0.105660918439225
-0.027261457184553 -0.0161236505135805 -0.19955512558254 0.0965485422509689
-0.0039132165013058 -0.0273427173132016 -0.281634424091048 0.0652537280231714
0.0269089364429492 -0.0406286984257532 -0.3329292606634 -0.0665760538036271
0.0644006514855535 -0.0342790701936834 -0.288520666160797 -0.253208033726613
0.0652299850411691 0.0298709298814137 -0.0974918054231657 -0.374036344144231
0.0562529423284922 0.0664729122486964 0.0289429573843372 -0.41080292909572
-0.0569749492794243 -0.0852643760825849 -0.162868442376863 0.0171394048345659
-0.134177355994877 -0.00119702304487033 0.0259493559230248 0.19855880820562
-0.0689762678499765 0.11362480723371 0.198379992018019 0.0920954916234578
0.0420121211900634 0.11656595369842 0.142096423204323 -0.00754895426921718
0.0883691861057319 0.0170743788529867 0.0557337547884758 -0.0280697357244564
0.041738579798958 -0.0284458672872263 -0.000865747699805456 -0.0066328913116197
0.0130968054896307 -0.032155471001435 -0.0566279305892682 0.0394093948480829
0.0116986466479045 -0.0327626352912372 -0.10167708312846 0.0748858570826275
0.0103233882638589 -0.0358475273774628 -0.145200552737445 0.10905411748468
0.00701343831780314 -0.0222256330078182 -0.191887386370791 0.104507237701245
0.0272541987371958 -0.0122509923896572 -0.277401050885312 0.0777073044265616
0.0338502004272389 0.00489460466920321 -0.335169892069928 -0.0449966297963371
0.0291988806441051 0.0092508592146012 -0.295662032500256 -0.233836137394725
-0.00124107770330502 0.0243074137226582 -0.13127861680573 -0.360512924849311
-0.00551925065412848 -0.0166977153257196 -0.00888895304315303 -0.416261346995525
-0.12173814975713 -0.16369421566954 -0.159270931961585 0.0416042532101545
-0.225359462800352 -0.0117094814275223 -0.0123558627637696 0.201883735494909
-0.133905867048001 0.17780180386693 0.168102505941503 0.146615002201891
0.0516833654284354 0.199030401476359 0.179275230531188 0.0497799827611709
0.148968935268038 0.0507607082216319 0.113853695478437 -0.0269417849000962
0.0940842915621821 -0.0379473521692 0.0360030060540389 -0.0344909160234636
0.0570584434885658 -0.0562677201015362 -0.039289974287121 0.00948327720625146
0.0511428772775766 -0.0640429894019836 -0.0911362722991926 0.057555850180829
0.0472695359923324 -0.0665409341636706 -0.131930183180837 0.107364519094724
0.0431168376590391 -0.0378044506433987 -0.179797583515804 0.108036451432649
0.0688581282104015 -0.00649745812967477 -0.273673112378354 0.0819708398637743
0.0579140803307853 0.0540262107022734 -0.330830125215245 -0.0389167412901942
-0.000781439361019792 0.0696539351669284 -0.285927706286812 -0.218551051063645
-0.0767946940385336 0.02779054525578 -0.145511539006449 -0.328358549267524
-0.0734806434379776 -0.094720149401264 -0.0343726471560483 -0.388865942550082
-0.16062507755412 -0.216435628420755 -0.152202246325842 0.0898591942930376
-0.265738184645401 -0.0169577514654196 -0.0536694696379832 0.230125062019145
-0.161224344036312 0.204853733132296 0.149969022677723 0.224523182813895
0.0489669300781872 0.229524403529293 0.233415515817371 0.112871970956647
0.166374345691932 0.0732731250123696 0.18661989705865 -0.0297504888299564
0.119721643174068 -0.0320556166409702 0.083491011780991 -0.0665561961045446
0.0895506250517482 -0.0642358479954745 -0.0091241543560775 -0.0264008004839206
0.0832770960479091 -0.0854807948560844 -0.0678311300058586 0.0315676442603389
0.079360697549477 -0.093951166728146 -0.110147208706577 0.0927896681618788
0.081094851163369 -0.0594997437299754 -0.161934543331737 0.0955095352140096
0.122238719470588 -0.00582862554847531 -0.262636961836462 0.0621034650431119
0.0943496424447187 0.110920935212349 -0.303481100868575 -0.0499365400971979
-0.0299932458259279 0.142179246033583 -0.248290863521684 -0.201270221205896
-0.154109040552306 0.0346622125616631 -0.140234891580765 -0.279495012010642
-0.134615413810441 -0.158312268347199 -0.0401907788636748 -0.333117945229531
-0.176331280763842 -0.241857854817788 -0.144538322588201 0.16124524752024
-0.264113027231154 -0.026347332754249 -0.0755979205850498 0.289820226692523
-0.165536938609751 0.188570981200577 0.167026934165544 0.297502591756293
0.0245097114131358 0.21824952032688 0.294591162793567 0.149266894295753
0.144573821208262 0.0887104266471522 0.248249988299998 -0.0424127978168142
0.12294119683233 -0.0143635483433454 0.126581533792366 -0.096378012946834
0.106214432379549 -0.0589226069464275 0.0286269129706311 -0.0586485351288464
0.102976794254586 -0.0935259600207209 -0.0328206860232621 -8.65611598231727E-06
0.104610309740575 -0.111291272405858 -0.0806312551145666 0.0618632400357841
0.118422827666576 -0.0759021526296898 -0.135785118752823 0.0616078666228671
0.174987891279333 0.00421250215820097 -0.227270670524478 0.0221185752586179
0.120571149809702 0.17247074165692 -0.2429739403695 -0.0615865628076086
-0.0706078214000419 0.205047935213129 -0.19389144917716 -0.163621885406919
-0.219426518858804 0.0319515977376992 -0.12926123569793 -0.219735845528292
-0.175968423578447 -0.202047258860903 -0.0294366930760693 -0.258472960891808
-0.173197548706292 -0.234539436236134 -0.127679290656198 0.244779122316201
-0.235155299556935 -0.0376468278730467 -0.0620735798053371 0.355737445079085
-0.158759231585057 0.147094050108251 0.205488712403058 0.333535168495572
-0.0109825631738646 0.184736389742774 0.337242980598273 0.152347213037649
0.105103738146765 0.0971464472925112 0.283083324337156 -0.0576958328971266
0.110084600795967 0.00695795682926379 0.159252895422131 -0.113038382708683
0.106584743670368 -0.0440211584387687 0.0675165653782284 -0.0814119346709492
0.107557500560177 -0.0874571453263917 0.00599150024729918 -0.0331348575006806
0.116647607193597 -0.111527258631211 -0.0461357423965688 0.0180548050175512
0.142273582248763 -0.0723638853474273 -0.0954641723800697 0.0145375987518155
0.198126526580986 0.0290418665222535 -0.163481909853269 -0.0177276186819641
0.106873519628146 0.215895482373639 -0.163029515191414 -0.0501915583649756
-0.118340192098941 0.220319920077222 -0.155558089816294 -0.102725001548039
-0.248685244968913 0.00833893434081452 -0.129093633408084 -0.167064860630223
-0.183829452992263 -0.217607621725684 -0.00182031331224126 -0.179401438664862
-0.156292917494648 -0.198882334047376 -0.0985281029566424 0.323265254190944
-0.195397577524674 -0.0411796678685241 -0.0193867944746782 0.404699135428835
-0.14121892920253 0.103264621032654 0.242642963669282 0.330282589971205
-0.0368390136052963 0.145890625156877 0.354376714828019 0.133027262959982
0.0672346814603889 0.094253896499587 0.294628266205832 -0.0680775562578186
0.0895542239292511 0.021882573936319 0.181280539203123 -0.11736925014455
0.0927837526110145 -0.0258543211840149 0.103769168459538 -0.094890323080547
0.0957622837427037 -0.0674518437696292 0.0426204514101181 -0.0637938719081583
0.110918151189941 -0.0899116968475181 -0.00751325523191669 -0.0278730575627268
0.137847470152544 -0.0465371455488005 -0.0439708269461692 -0.0273442424001159
0.171502311978964 0.0564702210555237 -0.0865328905653338 -0.0317436515443066
0.0543081955476873 0.20655474631889 -0.102339744258114 -0.0090912873125434
-0.143632313775497 0.169284285005003 -0.160791842965199 -0.0457341645582876
-0.219065197102763 -0.0240692582388395 -0.137871998265423 -0.146645930583018
-0.151606509047191 -0.197662932462597 0.0359014137208401 -0.10659476243432
-0.121551599392955 -0.138181838627449 -0.0633841806438471 0.380639597716792
-0.145497993885337 -0.035751277056314 0.0307298447769551 0.426453766284043
-0.111540185831251 0.0669132376537805 0.269392611197862 0.306520375147888
-0.0443581559950465 0.104020072573297 0.355337806439483 0.107709988057954
0.0370771086419169 0.0780360721577452 0.294143869250673 -0.0722607553199832
0.0626372708960572 0.0284605026472038 0.196856352175811 -0.115748334074928
0.0662286226529112 -0.00636688903737962 0.130847901045415 -0.102571657086417
0.0689990360083516 -0.0375187598710274 0.0728613992289346 -0.0876761198898636
0.0834977508167218 -0.0501675575651478 0.029723651915173 -0.0619965678029728
0.0964163560337074 -0.0107288076671005 0.00173164474878531 -0.0482683069933934
0.0982404211397384 0.060938304096806 -0.0320019040146799 -0.0189394827068319
-0.00297757155296112 0.132882468144368 -0.0840462958218786 0.0276290678357048
-0.113289623776946 0.0744782946069153 -0.189537838797016 -0.0262136463543383
-0.130042521534606 -0.041748667557094 -0.133374469253756 -0.153302209684438
-0.0844260557192361 -0.137307216225935 0.0757051514734936 -0.0472586407234198
0.0283906793116635 0.00117843456291616 -0.142003484169459 0.0612860943516649
0.00316119735854051 0.0243106181852432 0.11462656269887 0.156729633094569
0.0362360285305557 0.018147406053469 0.210391533208404 -0.0140573151596347
0.0284285765957186 -0.0111347877286158 0.094793340996127 -0.0665881362267195
-0.0102618923003475 -0.0218675074931063 0.0233790202382738 -0.0247618988192372
-0.0273631353188854 0.00376022684701419 -0.00556203299993938 0.0127460650685692
-0.0326083330843794 0.0160737774250296 -0.0324605590042806 0.0679142085290131
-0.0288696539097639 0.0132990608115028 -0.0632831730108662 0.108737529886131
-0.0297506972579735 0.00325993195549955 -0.105045665640311 0.145878770755056
-0.0294935175127983 -0.00569778602885886 -0.159219468605973 0.15316209614699
-0.0128382225142622 -0.026107369700793 -0.240017290561749 0.15161582352739
0.0127379049127524 -0.047619815539385 -0.330531028521914 0.0433303809262278
0.0486139912386993 -0.0510083488595644 -0.350815743487261 -0.14421539366473
0.0729674610595954 0.010650228619851 -0.210149172959858 -0.324136236255018
0.0749419538227747 0.0492063528341589 -0.0975209482030706 -0.399242713464893
-0.0855396522666398 -0.0618902901459948 -0.142975438918643 0.0636246611500715
-0.126302989819812 0.0479888923862169 0.0937876149612485 0.16670076780426
-0.0235703764412991 0.129422953801112 0.209895622013475 0.0137557661788688
0.0831740791657727 0.0934152188255644 0.124245086215225 -0.0536724864024468
0.0887465317758047 -0.0141667811759093 0.0400539244934688 -0.039959101984109
0.0302732652293777 -0.0404413941990834 -0.00438419390398349 -0.00591906024708381
0.00299431889906547 -0.03421620914284 -0.0403071284509611 0.0560267845142709
0.000564805378803833 -0.0336006454978316 -0.0706091787961811 0.105064246277218
-0.00147637219679272 -0.0369063561671665 -0.103237223489886 0.149310614764031
0.00164804154695071 -0.0216491829741462 -0.149939690397367 0.15857533944582
0.0213549838550429 -0.0201333775255648 -0.232357268038204 0.161685289750221
0.0337100836318697 -0.00535527125236511 -0.327425994247744 0.062688126583327
0.0273751687440118 0.000432842195937871 -0.351427823131945 -0.123514005458614
0.00842934640634628 0.0255489386832648 -0.237227251418625 -0.298498117990877
-0.010099886313371 -0.0121051729384129 -0.136269889113039 -0.389427682719944
-0.175259583409772 -0.115816286749376 -0.127614196472103 0.0855659370093044
-0.21755830781004 0.068054588271836 0.0621159689297259 0.179039291100794
-0.0639716597637111 0.212500709318087 0.197239893625907 0.0700939094962714
0.12085236950174 0.168277595173127 0.17407114391359 -0.0116359360885128
0.157806436176563 -0.00121392210032811 0.0927046404166359 -0.0561445226808225
0.0771793990127577 -0.0660206742660618 0.0202447052386587 -0.0416270896626984
0.0389718885046215 -0.0717197467521559 -0.0357594567311405 0.022455098931881
0.0292934118485333 -0.0757046877180661 -0.0666500619858344 0.0865760055189341
0.0246366619480762 -0.0770663573218124 -0.0909143344362166 0.144287989017304
0.0312406022779547 -0.0470436641241465 -0.136733185079095 0.159497908661161
0.062489410205839 -0.0271234744079466 -0.228503089682904 0.165557048531531
0.0714679628912177 0.0343072123204475 -0.321602610778234 0.0664451873700201
0.017722435056695 0.0674998458090052 -0.336485012560157 -0.114297995842203
-0.0627283222446555 0.0519073955489313 -0.241145374143812 -0.262153619877319
-0.100151326293609 -0.0667929966965829 -0.152990758929323 -0.350941137726411
-0.230298712291945 -0.154553141218568 -0.103572920848571 0.13084776649691
-0.258375672361222 0.0759108012088589 0.0326369506082405 0.218934617980715
-0.0805884490532428 0.247163072627457 0.20493210707962 0.148162346206731
0.128784922359329 0.199384054961893 0.245001736295946 0.029134916688636
0.182209765404403 0.0149804627372862 0.159673600757318 -0.0820211178337922
0.104724335614509 -0.0687784754647984 0.0540326445052119 -0.087376775143805
0.0681117903521387 -0.0900186624537188 -0.0204040238678101 -0.0207552566223894
0.0529096164032515 -0.105660150787812 -0.0520132415187603 0.0551632920327957
0.046405586138029 -0.1130152350294 -0.0732364283656676 0.123733657762684
0.0601977033030137 -0.0792697823167983 -0.124493834410925 0.14331185203042
0.113134990041494 -0.043403080409915 -0.225387708248007 0.145608679451003
0.124471348299262 0.0763145914443041 -0.300917674050194 0.0467306077665786
0.0126541756565697 0.144925606422816 -0.295920577632095 -0.111099461630588
-0.134073686440117 0.0831994065987204 -0.217811374911815 -0.215617850645927
-0.179531732862424 -0.109935173404504 -0.142242229830062 -0.292917032086668
-0.252948157841007 -0.174015608057891 -0.0718524822458851 0.19779122827882
-0.259817183762411 0.0654095769085178 0.031782121209491 0.284314983546903
-0.0918752006890902 0.232815360256267 0.246137460639793 0.21301827125171
0.101419839621304 0.198306880769425 0.316444237516428 0.0437667041262354
0.167610904582611 0.0372781433938775 0.213961718686174 -0.115185060683208
0.114156052744373 -0.0521134040998286 0.0846627240284742 -0.128424053072827
0.0869053730327027 -0.0905719536576635 0.00436665558259955 -0.0633105494527272
0.0690902278284712 -0.119817600175763 -0.0296551030763847 0.0139587257486559
0.0640617392961626 -0.137865628449831 -0.0549267311997378 0.0859558869393367
0.0897816159944726 -0.10736133856315 -0.110418514461099 0.103862174000815
0.165262051636277 -0.0520475226903341 -0.208087743725016 0.0981266430304034
0.168857100049958 0.126845381761563 -0.248870005317224 0.0157823267990836
-0.00461075653775905 0.216790996747718 -0.230944980665955 -0.0946129346532795
-0.197429574283928 0.10133086523526 -0.188271907499003 -0.159100303761178
-0.233396510772077 -0.138941847076492 -0.108691584390173 -0.223277376527581
-0.247542725590361 -0.168165408419993 -0.02954798768002 0.273255234415081
-0.236668990408422 0.0449934780257792 0.0659389685087201 0.34634313162215
-0.099944318426924 0.190768074340389 0.296897390448392 0.23688191921512
0.0555091541304713 0.179684983441306 0.360463288780563 0.0317057138112113
0.133895224138133 0.0596557329484493 0.241345219413193 -0.142658141131955
0.109584983676074 -0.0281996791311191 0.109878686250456 -0.154771710239337
0.0925477840662571 -0.07681038049037 0.0342088542030275 -0.0984926833508872
0.0751469134339573 -0.115177975406324 -0.00339330419322649 -0.0298845458426448
0.0750706566733319 -0.142171834068045 -0.0362272926712211 0.0334032105225938
0.113106623217062 -0.11219693900791 -0.0875617608919628 0.0470347320760632
0.195945012260552 -0.0366224427693112 -0.162212427954877 0.039940006602661
0.170343653053002 0.17189872233584 -0.169860275358405 0.000147508774118867
-0.0442335753298362 0.246639122908993 -0.173848053781282 -0.048479266674217
-0.232134322243218 0.0899297484707997 -0.171151214982887 -0.108715050501878
-0.246315195714277 -0.152162613972544 -0.0592651217038823 -0.156023046860096
-0.21789746945147 -0.138731691592091 0.0210819950176193 0.340762673107988
-0.199422803006952 0.0279036713681179 0.121323420459325 0.382963650463873
-0.0979375978743226 0.144438356795152 0.333742836450975 0.223754593544685
0.0177275277198849 0.152804675367103 0.372703333587735 0.00625761743630781
0.0977809999559972 0.0689921056382562 0.24921045283072 -0.156289867010067
0.0947964029812267 -0.00843935008134417 0.130214257652382 -0.166065424108766
0.0848000129424489 -0.0553135828949856 0.0643959154878499 -0.123764469915106
0.0702565081195361 -0.0931285547690921 0.0211172855094479 -0.0717542410292728
0.0763566447158762 -0.120096026895869 -0.0148905522876781 -0.0218316302546567
0.115881531711761 -0.0868536929964936 -0.0525696001627567 -0.0089197275484813
0.179764533331333 -0.00273105530341037 -0.0948421022262458 0.000671525815632387
0.11770398222288 0.180383218166406 -0.099172406744548 0.0190410498655571
-0.0832964299810246 0.207150407489936 -0.159372613486724 0.00824533208208496
-0.215200266255995 0.0484439423148861 -0.173290560521617 -0.0848796582168737
-0.209210435817352 -0.142964154141068 -0.00150150891665739 -0.0992857937716135
-0.163127394466788 -0.0910348392183124 0.0710134135575599 0.384189608351893
-0.148891854760291 0.0163955969970171 0.174790513670626 0.389244302847361
-0.0817254849441632 0.0998589826774894 0.352491600413023 0.194109600462931
-0.00328316043344512 0.115171034767435 0.366361558697404 -0.0173358388776041
0.0636011274910894 0.0611095017848482 0.248549973424121 -0.160570393636054
0.0713781186527517 0.00516830217066376 0.146131270673549 -0.170394210552489
0.0647583210570355 -0.0288231582212785 0.0888368251935742 -0.141266880475453
0.0541668171818047 -0.0570320923407031 0.0410820913604238 -0.104746017171033
0.0634303797368354 -0.0740753061551926 0.00806505294812166 -0.0663167898127569
0.0890965687825099 -0.0401449164764374 -0.0156417809920872 -0.0447666256555858
0.113004977686093 0.0255170921308834 -0.0383105196474876 -0.00710056759264543
0.039817203120025 0.128921216437359 -0.0685651860807854 0.049116496099166
-0.084838829610444 0.108531205668671 -0.181396363838523 0.0392145670937523
-0.136429092459572 0.00393820830321779 -0.171801548107072 -0.093228860992544
-0.12678518852704 -0.105988431516202 0.0542430948374291 -0.058265089807324
0.0290184564695338 0.00123823980922012 -0.140109195552172 0.0576603804904298
0.00551794361152633 0.0257364697485601 0.118356340495088 0.147910702908726
0.0384312081117076 0.016665311567756 0.209776986395433 -0.0204862796213589
0.0300267113297156 -0.0139349261287453 0.0918244224563146 -0.068165915652783
-0.0103004524530163 -0.0225314591946617 0.0221798959925999 -0.0238737696790707
-0.0268071073597691 0.00328203531435968 -0.00764475391622794 0.0122263295734854
-0.0315877950023644 0.0168903981139892 -0.0323917323260394 0.0670396716658398
-0.0289406862044665 0.0146481137689449 -0.0642256729274008 0.109827052692361
-0.0307519354855839 0.00307847303789852 -0.106691243146929 0.149274583270799
-0.0293252621803313 -0.00537863624484324 -0.161199466459649 0.156660781293597
-0.0135531796205613 -0.0273103636101525 -0.238986004069779 0.153806425667433
0.0126606245836122 -0.0483480412701209 -0.331007733004702 0.0468890894888013
0.0477566905762076 -0.0513908463807255 -0.353453691616534 -0.139242287899994
0.0745025813297865 0.010779555466091 -0.217573261761643 -0.323584773836089
0.0764492722109157 0.0504332834939577 -0.104470844247382 -0.405444266420712
-0.0868915056331979 -0.0627987479113668 -0.141680209475236 0.060366480122809
-0.125990838334682 0.0495298224229287 0.097279093039461 0.157923207105669
-0.0217693897335295 0.129776736092604 0.209541955919206 0.00761270470950875
0.086033180929946 0.0924623260340472 0.12293724394023 -0.0548164080644918
0.0893803720311551 -0.01516762998432 0.0385185096608434 -0.0399944789550082
0.0310590591744419 -0.0420677393122502 -0.00672113232353466 -0.00607384405210206
0.00501920214817405 -0.034315094605445 -0.0415503327646943 0.0541041170910977
0.00107869625546756 -0.0339526537721355 -0.0712806732502317 0.106872632577309
-0.00140080887273664 -0.0371753054421605 -0.105650835523987 0.152334274443013
0.00293191895287077 -0.020777346464647 -0.151346110795316 0.161527942196138
0.0219848008397432 -0.0197521399150461 -0.231231919713715 0.163911625464996
0.0334483343325377 -0.00446280086885953 -0.326663495220906 0.0671328590384375
0.0260694505763149 0.00176242055300292 -0.35427986745968 -0.117790321779504
0.00834934872472821 0.024974429868701 -0.243787244942411 -0.297009241558116
-0.0109811399943621 -0.0117391854401425 -0.14357965135452 -0.394584555794038
-0.178554283222044 -0.116866370341741 -0.125903681531544 0.0829297392015254
-0.219124407938012 0.0698060039803782 0.0656562084102627 0.171440739229168
-0.0624009368304237 0.213940861273562 0.197679142156024 0.0654278529412069
0.124184248313506 0.168823070039394 0.174936585971872 -0.0138135396703464
0.159742717435319 -0.00236250457911882 0.0916752003581622 -0.0573226030007904
0.078374661128082 -0.0672433250275902 0.0178389310973334 -0.042849995882036
0.0417313398619934 -0.071899999947452 -0.0370894800683293 0.021154337290662
0.0302967061625532 -0.076519146582197 -0.0668477102202829 0.0883047339810057
0.0252852123629229 -0.0784657691395009 -0.0924851073892157 0.147221211080652
0.033051706850356 -0.0462657881834793 -0.138003137771005 0.161982100777093
0.0633726543360812 -0.0266447696160014 -0.228218149835396 0.168145814403616
0.0713574845175615 0.036075373076829 -0.321005667081678 0.0719509944030399
0.0158476212748947 0.0691064056847992 -0.340193740657639 -0.109281442194829
-0.0634765222350205 0.0514228087853155 -0.246695205119249 -0.260067027546785
-0.103147304643321 -0.0665384208628843 -0.161098564903997 -0.355467893067978
-0.234729556714994 -0.156823717073571 -0.101276425221576 0.12931385373157
-0.261273937892969 0.0763734952742589 0.035969350229041 0.213649753838329
-0.080995011768208 0.24789043508459 0.20677124358093 0.144974634454355
0.13128134545395 0.201354112987736 0.248232783422654 0.0262193310121906
0.184655442835139 0.0152336093116111 0.158804840181268 -0.0846793255217544
0.106659873665601 -0.0691808731926055 0.0519652738266009 -0.0888390809112676
0.0723775041848896 -0.0908022057023386 -0.0215921393610094 -0.0223885081130461
0.0543863627872216 -0.107870018807475 -0.0519551460860889 0.0561005500311295
0.0476601931583572 -0.114470582067603 -0.0737232757146479 0.125845009331153
0.0626304657800092 -0.0783004664550081 -0.124588882445536 0.145527129622712
0.113518870909869 -0.0434003092233352 -0.22453084372067 0.149403058777921
0.125226661722262 0.0787043796225376 -0.300855317848862 0.0517148049943042
0.0112287981337675 0.147713241368281 -0.299341515661307 -0.107155935668626
-0.136214317677732 0.0828963133600304 -0.223051820634911 -0.212309467057919
-0.183812275710804 -0.110138462895602 -0.149384570963976 -0.29449936009556
-0.258490763941839 -0.177417386286273 -0.0693380959789301 0.198671551996972
-0.263978988860057 0.0642772096027504 0.0360321307631197 0.282469379411174
-0.0929716391872972 0.233846387832319 0.249854528852658 0.210888538259603
0.102778286272923 0.201235569558659 0.321073209394637 0.0395237734620895
0.170836991976612 0.039426639760679 0.212664543386576 -0.118444276606778
0.116421952518251 -0.0523007305936592 0.0832972443421025 -0.130027954289608
0.0912291285755081 -0.0912599856525851 0.00376483485146812 -0.0657827165851843
0.0713112272464343 -0.122057743652593 -0.0288727138919349 0.0144318037347372
0.0654498614109064 -0.140219300073163 -0.0548409373418732 0.0874220829660941
0.092027582233262 -0.106616847799197 -0.110848968681821 0.106144195999395
0.166582690314658 -0.0524182878107817 -0.208104873100082 0.101709520767835
0.171476628643524 0.12916673052026 -0.248404403797846 0.0186502977207172
-0.00519109069943282 0.220851425178072 -0.233200000097426 -0.0910818241938052
-0.199898956537495 0.102290251443807 -0.191359700908187 -0.154737503588998
-0.240113234919246 -0.139914662289212 -0.11494603397066 -0.223286545021695
-0.252875901034388 -0.171561448413411 -0.0258574350592041 0.27629003922915
-0.2415204594537 0.0428862805317829 0.0726579974214956 0.346560750508009
-0.102159271294592 0.191400563098485 0.3017890214755 0.234035778195765
0.0553815821972733 0.184193845442039 0.364344884696287 0.0267585521769397
0.136939221230844 0.0627394555428448 0.240242150311941 -0.145697802225839
0.11281020057669 -0.0276618471695236 0.108540586518044 -0.156445736204984
0.0970427580893507 -0.0777144932099489 0.0342096381803356 -0.101489440429954
0.0771500799428604 -0.117271940102554 -0.00241577793019144 -0.0307868063669308
0.0761749611234242 -0.144584942713422 -0.0356856050570043 0.0343012413864297
0.115253403072824 -0.112342101847148 -0.0883571958418459 0.0488053042391482
0.197544770072686 -0.0376023640398478 -0.162762316597723 0.0427844289582101
0.174298274463125 0.175550592478763 -0.169261985194492 0.00160409184885689
-0.0445727633476095 0.252094259724302 -0.174295490028909 -0.0451908709775886
-0.235574602000705 0.0914884349264343 -0.172738287091938 -0.10156058268374
-0.253651406059523 -0.152436787375506 -0.0628848779398974 -0.153891859865022
-0.222243328917297 -0.141861294399005 0.0253494311941734 0.345035847555197
-0.203027554914278 0.0256139414523639 0.128888196502944 0.384657410477868
-0.100923629894308 0.144723760951396 0.339333804164962 0.220053801296186
0.0177292676077031 0.156621748834868 0.374152058225744 0.00197349822863788
0.100707622155035 0.0715694888161488 0.247081614184021 -0.159787619233285
0.0974756491345053 -0.00869031876498442 0.130353676891673 -0.168261168439216
0.0889833319500276 -0.0562969158526084 0.0657186228255937 -0.126651228116625
0.0722181690514082 -0.0951097912469127 0.0228970182743489 -0.0731146642460468
0.0772462519464163 -0.121863985371497 -0.015516218757389 -0.0212798805735656
0.117947388384701 -0.0878777335073986 -0.0538635835028897 -0.00854307434846342
0.182578881978155 -0.00400653179286679 -0.0956497098877352 0.00231635491095225
0.12158070550393 0.184372098773521 -0.097604444072828 0.0190494672877363
-0.0838831641026798 0.212641217046232 -0.158335063890959 0.0134124901090715
-0.21823421592569 0.050751674998151 -0.174581553586743 -0.0768757047650508
-0.216428902338292 -0.143446836326533 -0.0039230843299863 -0.0964698339984396
-0.167114195255308 -0.092044678440627 0.0779534252640517 0.389956392772645
-0.151843915445824 0.0151860466761611 0.183791113023282 0.390993958346387
-0.0843405014845577 0.100036298796719 0.357436825009634 0.190880387353584
-0.00340181898853554 0.117879142813685 0.367290304798089 -0.0216832665603166
0.0655729465694451 0.0636657526076093 0.247287142843178 -0.164004701883616
0.0728041382858845 0.00427327345658097 0.146345113800418 -0.17112284407746
0.0676542909178031 -0.0290352703358451 0.090429856473023 -0.143959766359903
0.055693337438909 -0.0583077143143933 0.0426672399647713 -0.106144385679065
0.0641032471025254 -0.0758469710382807 0.00719255615215213 -0.0669390479085196
0.0904099302014037 -0.040989601920308 -0.0172134675934965 -0.044937140389333
0.115034931627621 0.0252556427089846 -0.0387407187867254 -0.00713969584649298
0.0419145718835296 0.133372149080748 -0.0657688620248131 0.0497854059105162
-0.0863847474461025 0.11304863142498 -0.178746658688146 0.0460192605032446
-0.138670318282384 0.00424484355395197 -0.173771551340011 -0.085298680339064
-0.132038190761827 -0.106147045747378 0.0534891683724012 -0.0548502226408598
0.0300761400204198 0.000904177912851571 -0.141669308296234 0.0547113799501009
0.00781468094248558 0.0276136069567273 0.123693697161669 0.141096857867673
0.041372367770132 0.0150590201489378 0.212063190906538 -0.0280869001419022
0.0321622787499825 -0.0172130848369189 0.0912794836144089 -0.071284762143543
-0.0119205392271067 -0.0238002465957663 0.0220358943903195 -0.0233398755520851
-0.0286179870598613 0.00292793401504672 -0.00922055991100516 0.0129700014817362
-0.0316932616185048 0.0174323206897229 -0.0339827408229378 0.0679024058456717
-0.0299875424244572 0.0162543835729505 -0.0655935629208134 0.113204685028077
-0.0322383843985971 0.00340180239634037 -0.110309154214846 0.155958457064267
-0.0297402178329332 -0.00589527946154246 -0.165616115699439 0.163235346433752
-0.0142286912448948 -0.0287534761088198 -0.242722988454457 0.159497706272699
0.0129472714525437 -0.050226096439653 -0.337261875358281 0.0538203550849475
0.0480745496489047 -0.0530148403824944 -0.363128111998283 -0.135202676369168
0.0777162869672292 0.0109701828057465 -0.229568042948621 -0.329950499014799
0.0800923030868777 0.0526296206259339 -0.116598251989015 -0.419453604584605
-0.0907741901625442 -0.0638734607396431 -0.143458041044414 0.0571328521608324
-0.128749079019185 0.0533942420492792 0.101974901121773 0.151877297658101
-0.0202601890765836 0.132488743938415 0.212292087190059 0.00080454479952958
0.0914797760942295 0.0930209965059014 0.124264210071434 -0.0588296287046801
0.0923219157698233 -0.0171109868588864 0.0382370922560034 -0.0399293379448507
0.0314027899332638 -0.0440364888050789 -0.0089140207051959 -0.00667820729386389
0.00709693128919511 -0.0354933239720832 -0.0436866479138506 0.0546148385303504
0.00134664327051293 -0.0345288000748406 -0.0730189894514601 0.111301851586112
-0.00152602876842353 -0.0387954818447929 -0.108695909330466 0.15935831897484
0.00434615987340386 -0.0205638478823937 -0.155394908465943 0.167667161807699
0.0220861781668666 -0.0197049060524908 -0.233929475096718 0.170774806126651
0.033871433617167 -0.00393972179824884 -0.332172867213993 0.0741673690489996
0.0249292597576307 0.00229721420351431 -0.364091557809925 -0.114168334646965
0.00878096478016702 0.0249386927218498 -0.256549476847197 -0.300988244104478
-0.0112517503124648 -0.0116774812496778 -0.157185895696419 -0.40752888536491
-0.186252707172722 -0.120722268775713 -0.126811296122734 0.0815718603436082
-0.225946169087313 0.0741248392369443 0.0688556270976582 0.166387141124815
-0.0623852560325047 0.219390618324975 0.201075488951627 0.0612333959182751
0.13024370399894 0.173359992223516 0.179031540039358 -0.016773068966431
0.164945331167375 -0.0044562452864082 0.0919214894454511 -0.0590249949250915
0.0809330981786848 -0.0703551717083734 0.0157185255851249 -0.0450733295806744
0.0456743889446506 -0.0747538690742451 -0.0396109717857709 0.020139368495052
0.0319480532032999 -0.0794101114931069 -0.0683269362435223 0.0920741744547794
0.0263405837373332 -0.080521098749174 -0.0944505548245412 0.153410368297133
0.0362892389155394 -0.0466614853167762 -0.140714040971069 0.167898948516873
0.0648699793528426 -0.0260708110080954 -0.230894936586119 0.175450640993155
0.0728288933374259 0.0390472409946731 -0.32694642187885 0.0794177970541591
0.0149639223937877 0.072062640846184 -0.349825540478205 -0.105744352021095
-0.065502383216765 0.0520147580945325 -0.257931457965221 -0.2615331859038
-0.107446788512188 -0.068187420875899 -0.173586950714161 -0.365573449389148
-0.245022286328819 -0.162109591845862 -0.101265344899642 0.13030939620045
-0.269629206765799 0.0796623704185617 0.0394199464122951 0.211942142488936
-0.0824247489845194 0.254186620262307 0.212696313477195 0.1442033619705
0.136275446959791 0.206966710677287 0.25602361946988 0.0230359651775051
0.190969911395112 0.0150132776878497 0.160856868298543 -0.0888159423138617
0.110345487958403 -0.0715185796529817 0.0505121261039419 -0.0919217675086418
0.0779766636235581 -0.0940516451599437 -0.0236411110443343 -0.0253799691486162
0.0572612026716277 -0.111960936272444 -0.0527379714275231 0.059108690237595
0.0492990874016529 -0.118583343403942 -0.0750997523486946 0.131564315594369
0.0658995201130499 -0.0797259716294672 -0.126552848947669 0.151561091260816
0.116558140262108 -0.0433863979887903 -0.228067564752775 0.156499258976773
0.129122586102913 0.0825680191967122 -0.307354827197825 0.0575323873067386
0.0104867241664394 0.15348257759468 -0.307854992674527 -0.104416420570288
-0.140592612627429 0.0853038764923011 -0.232116529485665 -0.212496036742202
-0.192667003895877 -0.113252779385469 -0.161228678189412 -0.301768892092192
-0.269174611638017 -0.183654504785233 -0.0673134636521611 0.202945220112444
-0.272873208503569 0.0659009059856617 0.041319803872093 0.283825839715084
-0.096140302348815 0.239113903469229 0.258730814712402 0.212258646287072
0.106118331917281 0.208149075389907 0.331579074601473 0.0364719289995492
0.177010626566525 0.0412696582504205 0.215598980647091 -0.124268423182406
0.121245841752687 -0.0539233216967235 0.0825789533612215 -0.134820325540908
0.0978265113633223 -0.0945938171399981 0.00258787731785522 -0.0704842430010427
0.0744637082557878 -0.127492312783381 -0.0289037748810149 0.0159447819417057
0.0666832853186701 -0.145096557123783 -0.0552415424239928 0.0911227304738113
0.0958228214042384 -0.109518594213845 -0.113327132663727 0.110868076743152
0.170974759263682 -0.0547016260314894 -0.211890148629977 0.108705981564841
0.17794285239008 0.133452845622942 -0.255072656867447 0.0229888766821779
-0.00517547080097194 0.229142265153016 -0.23956759376783 -0.0885040340693652
-0.206186045249664 0.10660066128702 -0.198402606599003 -0.15224455936656
-0.251673611782556 -0.142966617467542 -0.123641311915807 -0.226184386704409
-0.263060480947177 -0.178146098123464 -0.0215769759021034 0.284227496520698
-0.250389850972928 0.0422184731731835 0.0794782058336871 0.352167713647535
-0.107217121305624 0.196298363592277 0.312911049887468 0.235776593499162
0.0570470170273093 0.191721873287228 0.375251576227011 0.0221594120434157
0.142612219793912 0.0665631689560242 0.243306758787583 -0.151019008189766
0.117588107305627 -0.0286632293386486 0.109971177273563 -0.161535790420078
0.103835389588933 -0.0813572263895827 0.0347816023232067 -0.106517633237225
0.0808690746943436 -0.122340722952683 -0.00103540671437761 -0.0310858402029153
0.0780334726932099 -0.149622064787917 -0.035902425385705 0.0368232847881006
0.119121765607911 -0.11577694187436 -0.090625617417506 0.0516837776067624
0.203791014640852 -0.0402820038073708 -0.166499164218346 0.04719025138489
0.182617870479203 0.181730302876852 -0.172786111891538 0.00375167419390169
-0.0443206769437426 0.262241928394695 -0.177967689693649 -0.0414677384173067
-0.243505416473275 0.0951999766097642 -0.178156155348898 -0.0968038796039188
-0.266189638579982 -0.155116844849025 -0.0692938234281238 -0.155437292854919
-0.231706486764899 -0.147128312684788 0.0325154706604015 0.356602194900566
-0.211627922787008 0.0248806150483936 0.140352567090477 0.392429625406672
-0.106249949850687 0.149003295900004 0.350990965508574 0.219986476103756
0.0175090377950567 0.16416235127184 0.384593330743219 -0.00345899331777326
0.105668692837627 0.0760401675633112 0.250395714524476 -0.16578815339584
0.10181057144399 -0.00898955727386712 0.13307937979095 -0.172546952297801
0.0945251905773685 -0.0590307742796295 0.068326034582903 -0.132591440165641
0.075447831383159 -0.0994524776931307 0.0253003763669294 -0.0755200416960051
0.0790972969905418 -0.126611375239106 -0.0159392409272095 -0.0215727792571024
0.122397712216991 -0.0909214648335339 -0.0556859280659176 -0.00719294735517592
0.188437688881709 -0.00550170860707527 -0.0988596353269742 0.00344203703032291
0.128417310876982 0.19235046875698 -0.0979024275942503 0.0204567800618101
-0.0852105170665477 0.223460456901232 -0.159015391046881 0.0199890695866671
-0.22638290539404 0.0531120571272759 -0.178864993085252 -0.0700382782744181
-0.228086835931727 -0.146423774856692 -0.00688811263504982 -0.0955286634891655
-0.173989817277229 -0.0956685791533462 0.0863878447433171 0.402836083706512
-0.158620064318824 0.0149140359325491 0.196862577635585 0.399854089062642
-0.0883323685928914 0.10308689481901 0.368092440621051 0.189859661876391
-0.00323392335446575 0.122875343754158 0.375604307273657 -0.0273297513782915
0.069900268198674 0.0665365802377476 0.250057278848193 -0.169121223901686
0.0758999244210164 0.0043990663301163 0.150356446507361 -0.176091182606491
0.0720053435988077 -0.0314237673186011 0.093962649335095 -0.150523534482791
0.0579819579246699 -0.0608981313944873 0.0446406666612068 -0.109871980557541
0.0659325713729502 -0.0791137197260675 0.00632090899732311 -0.0686470621426727
0.0944279201080769 -0.0429682243024715 -0.0190915675983116 -0.0456362762089386
0.120303475021994 0.0249707430066036 -0.0402166639049439 -0.0074590488613903
0.0454680125856263 0.140220340492772 -0.0644629181291595 0.0519860838521631
-0.0892060131610113 0.120193082239523 -0.179591703605052 0.0547190294795529
-0.144444962649839 0.00539257617770967 -0.177985628430395 -0.0776275718264675
-0.140504188695668 -0.108654596299373 0.0537415110081427 -0.0524325628796482
0.0315785801234108 6.18406580675766E-05 -0.144454677409736 0.0542397020423742
0.011870380120343 0.0294469758604276 0.130885375751659 0.131787814209246
0.0443851389636271 0.0126475567043414 0.214701291493647 -0.0402277086877806
0.0335963135091061 -0.0220816658262503 0.0898692559398992 -0.0753026501572556
-0.0130069027274028 -0.0249439948596578 0.0219701777705205 -0.0229921123737055
-0.0296723095331156 0.00323776265335072 -0.0108014185046967 0.0136313551286414
-0.0312542570872134 0.0187971393885189 -0.0349629257602447 0.0699182208763417
-0.0301825509165313 0.0185878438714987 -0.065797797973559 0.119222235190346
-0.034048257382273 0.00484494081313148 -0.111993717354061 0.166868938348271
-0.0299949842810644 -0.00551690080533907 -0.16862210543972 0.174621676246525
-0.0154881473663742 -0.0302327379590473 -0.245602315031853 0.172098508066344
0.012193648428482 -0.0529188226058463 -0.344705914517371 0.0683706932450472
0.0475826358295691 -0.056468046368802 -0.3786079770769 -0.12495270631306
0.0826334256123756 0.0096758572303354 -0.250085030209243 -0.333584909938719
0.0865888515778984 0.0531729366999352 -0.13848852027242 -0.435645397393699
-0.0969565036563501 -0.0644758723824925 -0.145859184757718 0.0574204120008143
-0.131385572825801 0.0605939247911613 0.109482154898593 0.144289568523156
-0.0167694710218302 0.136725030519019 0.215893167187978 -0.00976344355661413
0.0987246264108019 0.0922059537404145 0.124682983335102 -0.0644633207647707
0.0950731356764727 -0.0219482018732596 0.0375742130968411 -0.0409739195928188
0.0310484455562817 -0.0475717397866617 -0.0112903948676016 -0.00551546477837328
0.00836250571783126 -0.0380999517747311 -0.0462279917192527 0.056515799159239
0.00145702199001019 -0.0354228489975135 -0.0732391120366274 0.117256896081376
-0.00272257936783184 -0.040022407788445 -0.110078134267755 0.170923626444439
0.0055037731937428 -0.0216136820677508 -0.157933648945442 0.178656883325801
0.0230559979306959 -0.0203106828561885 -0.236730491739576 0.1833027807883
0.0346517945036725 -0.00353117048817608 -0.339352299144783 0.089588995933147
0.0244511856665051 0.00237746337554512 -0.379025881793757 -0.103485720730319
0.0110830383964214 0.0253071897559468 -0.276842760861503 -0.302448703639778
-0.0112976982469396 -0.0113924514658339 -0.181686342429635 -0.420817143643372
-0.198516230460995 -0.120857024632967 -0.12776337094812 0.0824383672628335
-0.232790205775044 0.0841068931672624 0.0757568297992681 0.161686320453195
-0.0589334368472582 0.228337366762171 0.206850983018968 0.0542889126358865
0.141422729323253 0.174641315370505 0.184181884132299 -0.0234852695594242
0.171425987742886 -0.00956495992663814 0.0937187287357272 -0.0634630441301674
0.0815612901348296 -0.0760378316969037 0.0130765345119673 -0.047113620355064
0.0489479581679505 -0.0800858421599266 -0.0430091442049212 0.0199898676360311
0.0323156274063293 -0.0838749989150603 -0.0689061905061092 0.0977370887245041
0.0257269987432018 -0.0848216731613477 -0.0944563222180101 0.163850026243188
0.0387536026668854 -0.0475934153966701 -0.141009864634801 0.178960221616191
0.067270201015819 -0.0272523285092839 -0.231486656602884 0.188950500923118
0.0769069411692354 0.0406926559313435 -0.33387779560761 0.094143726892719
0.0150499451084024 0.0754630253519675 -0.364573659087897 -0.0945403523752616
-0.066426091849738 0.0545445640991997 -0.277821911370423 -0.260728546682201
-0.114590768987655 -0.0685049163018805 -0.196872005493827 -0.374466643116169
-0.260833398063831 -0.163074389010826 -0.0983908255300997 0.133421801498095
-0.279405170698951 0.089971815830551 0.0467991118958008 0.211086367763079
-0.0795950092227427 0.265105444977928 0.222715591816275 0.140183680446009
0.147755335448888 0.211926183585044 0.267296601965112 0.0152727710115393
0.199596979412476 0.0103692695663785 0.163477092720027 -0.0959779128298968
0.113295657266668 -0.0773152263976271 0.0481140156540054 -0.0972942721079547
0.0821824490858311 -0.101113855190454 -0.0274515001661582 -0.0273589139701888
0.0585800945624042 -0.118613569664041 -0.0529923729267469 0.0630954382849242
0.048690066678755 -0.125462089109285 -0.0742066540820412 0.139532644998363
0.068692899966288 -0.083074322121206 -0.127090215853626 0.161391702133425
0.120868557403558 -0.046318915048394 -0.230018532313485 0.170324298530869
0.136609836324584 0.0839853693978999 -0.314431976626194 0.072705262671879
0.0131887938776828 0.161039873907633 -0.321012789417729 -0.0949238884746317
-0.143638016772836 0.0921861788639171 -0.247914562363755 -0.209646947264431
-0.205976931955105 -0.112172465807313 -0.180700592255863 -0.307465949121947
-0.287138064624892 -0.186166349386343 -0.0616610627795651 0.2099805639362
-0.284053661324084 0.0734323336476592 0.0510265445845653 0.288539317551372
-0.0959849043545623 0.249447710155058 0.274093833029401 0.209566162831458
0.114115839515649 0.215193014437839 0.34600608942797 0.0260475650392072
0.186865589575041 0.0398937202592085 0.219013998311118 -0.135098052456151
0.125782802651208 -0.0582389626008966 0.0808933082459971 -0.14173417750881
0.103890658119762 -0.102462092878148 -0.000794250741114712 -0.07453845448267
0.0759042343803115 -0.135668620937291 -0.0278082450567312 0.0169541362439725
0.0667711905676442 -0.153783258432136 -0.0544930730188833 0.0972870710724852
0.0988391880959788 -0.114810260896995 -0.113443567183059 0.119359071009786
0.176632406119885 -0.0604730313178616 -0.215807223052137 0.120333191056722
0.190071221140594 0.136438986825107 -0.260963850469995 0.033685648569644
0.000157372473204468 0.24076100521519 -0.250388877284731 -0.081243681706775
-0.212356552041429 0.115868385280617 -0.20964955082573 -0.147239175705705
-0.268823062872069 -0.141427429212177 -0.139140551913596 -0.229933738047316
-0.281357211102239 -0.181786952985282 -0.011639098288813 0.296186888323933
-0.26206754895525 0.0481497849375938 0.0958447602960885 0.359498704377886
-0.109676324586325 0.205973865929473 0.332134429619011 0.231816410961874
0.0632557298309944 0.200900627763906 0.390388828620756 0.00999452115738633
0.152767812230592 0.0676643179429269 0.24646271013532 -0.164304446964759
0.123185102911691 -0.0320927855151835 0.108954989988649 -0.169991985239953
0.109775570106777 -0.0882182274810337 0.0330128222680504 -0.113173624003859
0.0827069768762214 -0.131193494620679 0.000388858968673758 -0.0333738739937302
0.0776254238437935 -0.158417723641688 -0.0352790633792379 0.0407202570889479
0.122475570760202 -0.123081283351684 -0.0924090968694635 0.0570329748694073
0.21100183761079 -0.0479074469293129 -0.171731943661294 0.0544545216894061
0.196996365116284 0.186191395263432 -0.177735634663352 0.0105658034795011
-0.0388947352899975 0.277139356336582 -0.182505074244434 -0.0343935063839276
-0.251871215357183 0.106351415841697 -0.185658936681966 -0.0890584275685752
-0.285041756851051 -0.153871311675243 -0.078863940834465 -0.15489463090912
-0.247897456522612 -0.149050422167475 0.0477519187866765 0.371177665608361
-0.22235168825285 0.0294614738307932 0.161474064922556 0.400808748938097
-0.109652854163576 0.157004590251156 0.370690739316917 0.214973059006634
0.0214137652301953 0.173196268176871 0.39852217046965 -0.0155594759377678
0.114051790648839 0.0783750441535552 0.25268375995731 -0.177229180872954
0.107131984687008 -0.0113212510158235 0.133449608894045 -0.181884601896021
0.100070948255104 -0.0648159239694273 0.0674123445136836 -0.141543367806845
0.0772482445027463 -0.105876525269497 0.0256442983015812 -0.0797218953190716
0.0788328970438682 -0.134997327014246 -0.0164186705600119 -0.0198052139666131
0.125837408182113 -0.098133020972168 -0.0589358525352591 -0.00502724882934081
0.196801985711914 -0.011440123561459 -0.102809726645901 0.00748696592849537
0.14183407554753 0.19875824062998 -0.0988766560189272 0.024156335378062
-0.0827218771239932 0.237461607247246 -0.160335685093319 0.0291730705648666
-0.23535870388509 0.0627021860025117 -0.184921208243912 -0.0600484964623764
-0.244539736689137 -0.145281916336355 -0.0112346370778665 -0.0943801331646599
-0.185711902439755 -0.0966068763015853 0.10562941054023 0.418935055421766
-0.167442486569077 0.0188775228402139 0.22172626293051 0.407659828861378
-0.0911934688495555 0.109851290941609 0.387055585812451 0.182397122265807
-0.000754118900405346 0.130560303944352 0.38698690039237 -0.0408571115434248
0.075752176125539 0.0684228620281574 0.252334773603646 -0.181694453375894
0.0798931897221933 0.00138493076855044 0.152289240017767 -0.186072817753654
0.0763160549650199 -0.0355985345966997 0.0944998988372746 -0.16060950035815
0.0596993075132125 -0.0652017848326505 0.0450780937174886 -0.116069543984501
0.0662145661578265 -0.0844001213810289 0.00437684035676555 -0.0703829280817013
0.0979293310183664 -0.0472622925799854 -0.0219345142971483 -0.0466927856120945
0.126735535280435 0.0226914824691398 -0.0426785947043557 -0.00702656224057848
0.0540698938822609 0.147162108014551 -0.0624576705023522 0.0553014900175708
-0.0901776230511722 0.130101479294045 -0.17869669730613 0.0675226578777866
-0.152163869007639 0.0101645350667346 -0.184976914514792 -0.0669461904039839
-0.151852126897643 -0.109129554035036 0.0531923867205458 -0.0519356461745582
0.0323883165909083 -0.000810825160617173 -0.145252948614472 0.0558488056869156
0.016170139249188 0.0306255876685625 0.137661777462961 0.117852492618653
0.0471429177679699 0.00827271318530265 0.213087608220535 -0.0558591821491988
0.0338388616340274 -0.0283735926248375 0.085642854851132 -0.0812308064422356
-0.0160336273836006 -0.0257665395709972 0.0218818994404506 -0.0227728423554333
-0.0314826914283649 0.00474615309228239 -0.0115607660747062 0.0153327822260959
-0.0306685573560045 0.0202054937641758 -0.0348112088283703 0.0724910353099037
-0.0297542407963525 0.0217988045890751 -0.0631234879639936 0.125282033063521
-0.0358270943685431 0.00747766403340167 -0.107827700377453 0.179009767629822
-0.0314428342800573 -0.00450977253567171 -0.166484324504982 0.188713817305113
-0.0179454416250179 -0.03132056337567 -0.242313792846355 0.187872211526202
0.01043701556651 -0.0559212159546498 -0.347837287857988 0.0881965381188656
0.0453624901291051 -0.0596693497972835 -0.390745955432268 -0.105449307040627
0.0878522389221507 0.00546761533274408 -0.276626516736638 -0.328314442969403
0.0939182674270286 0.0503710675854096 -0.171160032470212 -0.441993200041612
-0.103988982692114 -0.0609992750850929 -0.146050075245341 0.0580448635495564
-0.130101950886139 0.070853992321409 0.117488509694595 0.132451035378395
-0.00939180132396279 0.139719879887669 0.216517451538356 -0.0250462125447031
0.106519616592519 0.0876210201215904 0.123375956620192 -0.0724443080989378
0.097115649154497 -0.028524995678866 0.0367298731049174 -0.0422764922465746
0.0284932702127308 -0.0503140079048465 -0.0127980076582108 -0.00435815444145984
0.00914455653291385 -0.0401105993411859 -0.0473200302217445 0.0585413900339103
0.000749073048448483 -0.0367641966080113 -0.0710781803930171 0.123780394248831
-0.00423741768590982 -0.0401514015736832 -0.105489288965848 0.182572490910801
0.00651836484120825 -0.0227078501188766 -0.154451283987785 0.192590291154761
0.0233841307883701 -0.0220540657142821 -0.231935148937983 0.198433442759029
0.0353139816484911 -0.00467840075748558 -0.339086077603274 0.111186170539604
0.0238672093097505 0.00298902516770948 -0.391290199115383 -0.0835495752482501
0.0138147333568894 0.0241793319827534 -0.302697521431746 -0.294547079134615
-0.0119131760693906 -0.0116811889372972 -0.213384546249508 -0.423864133420902
-0.212545362413794 -0.115131821896007 -0.126039442993542 0.0843843395989506
-0.234907664507515 0.0991242258060271 0.0832831782485985 0.15241271693914
-0.0490128642046627 0.236275413874607 0.211748340907722 0.0418099280090253
0.154335589977732 0.172073660832349 0.188188848044067 -0.0338830780338056
0.17646859671743 -0.0196140509842392 0.0930474158487327 -0.0682673715334549
0.0804080221754975 -0.0810545519465936 0.01021221508 -0.0491643785419152
0.0490968791800686 -0.0859761045587413 -0.046322481185883 0.0217487731253584
0.031077208955929 -0.0888007503317701 -0.066397239417435 0.104219215338337
0.0228252325906912 -0.088377464153868 -0.0893138823825896 0.174553779855517
0.0397252430510275 -0.050738134409196 -0.137230499004877 0.191683280171846
0.0691020074186299 -0.0295653670453142 -0.226951715373714 0.205501401849203
0.0808732753370251 0.0399431843603513 -0.33433053543568 0.116670246369016
0.0168546315140007 0.0783348683004599 -0.377012376083267 -0.0744568393385973
-0.0652861821442275 0.0576674828118844 -0.300430099366904 -0.251319822248622
-0.12150279456043 -0.0649166458641011 -0.226704765566705 -0.374394988977299
-0.279016081683935 -0.156982528397924 -0.0929857711146127 0.137122794550705
-0.283690900663523 0.105407118852993 0.0564143596180856 0.206650122253871
-0.0706286280855018 0.274929808733438 0.233772981989312 0.131436485543591
0.161833702890535 0.211401670686863 0.276362160349452 0.00105234118363358
0.206517761948725 0.00137627754897737 0.16309267951947 -0.106904695596533
0.113289142761622 -0.0835973811410957 0.043745514011428 -0.102465669715957
0.0833307743265125 -0.110117829644377 -0.0324636348293667 -0.0282153610718937
0.0567038381318755 -0.12640345244885 -0.0512685469263144 0.0672290212511931
0.0449934532717715 -0.1314743924853 -0.0689346410746115 0.148423243071428
0.0690672989367367 -0.0877965153951371 -0.122168325436456 0.172767358223124
0.122578680304476 -0.0517185849486436 -0.225915650234752 0.18716288245891
0.144776751076576 0.0826917197066396 -0.315674909534669 0.0925852166023986
0.0201497612619011 0.166668380732584 -0.332763304814454 -0.0778922195335106
-0.144093447332472 0.0998247694400295 -0.266501791122264 -0.199336246818614
-0.219222297110726 -0.106211381572566 -0.206443639841361 -0.305658835503729
-0.307265795099934 -0.180503365655691 -0.050811626504717 0.216074788658808
-0.291875511108925 0.0873717403393645 0.066672185655621 0.288149407933048
-0.0894547679847142 0.260189492259594 0.291060548264647 0.199345864443595
0.127356615015796 0.218800923739041 0.35908118724333 0.00690838001167943
0.19615108806963 0.0336663232555908 0.217329856738106 -0.149598460458385
0.128440647750073 -0.0647227161389663 0.0758448457421318 -0.149810106249644
0.105767177379651 -0.111935481961389 -0.00684197298416877 -0.0779245709097851
0.073904851733966 -0.144957332592757 -0.0270449251662549 0.0177023289082602
0.0619491802662338 -0.161315656452994 -0.0492858714799436 0.103667096543409
0.0976725697103141 -0.122204075086779 -0.110559813156003 0.12912929062113
0.178955183719674 -0.0698301646276555 -0.214378172624566 0.13618594742223
0.203323208026208 0.132303961047294 -0.264699953067312 0.0509897870111829
0.0106335718358733 0.249929589998177 -0.258078942794624 -0.0679615762030555
-0.214238638292986 0.129335029424507 -0.221716918837371 -0.136482065073285
-0.286557380745853 -0.13236421331291 -0.158515037809749 -0.225547918176738
-0.301583941589605 -0.176513344343286 0.00617882335015306 0.304425624772913
-0.271084655521981 0.0597267044260139 0.117705707025192 0.361405505091452
-0.106736084649969 0.216165332124203 0.352249063226451 0.21954467629492
0.0729596259351616 0.207535671536819 0.402953731636353 -0.0108590624473657
0.161942989477646 0.0642799872502236 0.243512798911784 -0.179381638708758
0.126783295345977 -0.0376692598951744 0.103952714137986 -0.179480066797314
0.112419774872958 -0.0975579533116645 0.0274763587575808 -0.119377864504923
0.080851127453449 -0.140536596283251 0.00031862279582895 -0.0351453749754091
0.0733067467334809 -0.167808885164909 -0.0328162168665332 0.04489052301623
0.121301506098122 -0.131859698471304 -0.0918611506220194 0.0647941957160945
0.215026867228662 -0.0597000634216896 -0.172935176044603 0.0669225221010241
0.213904172201184 0.182735256564939 -0.179649965187172 0.0206963618521644
-0.0270837359244281 0.290152849140994 -0.186050889778914 -0.0232509159241066
-0.254501396762877 0.121543115321786 -0.192799677103981 -0.0763128973473356
-0.304216319190325 -0.144410233097402 -0.092032692765706 -0.151256851757089
-0.26471309824577 -0.144757841115985 0.0710139431178478 0.379110530854258
-0.232336012033067 0.0382055121553564 0.189449165093655 0.40093160478814
-0.108677507236422 0.166490949873275 0.390684166086837 0.199877648593613
0.0295032006243475 0.181071730652119 0.408163323452996 -0.0372681795215704
0.123221616004501 0.0773299321590019 0.24927323082808 -0.192924836741913
0.110731778945606 -0.0162003217060079 0.12960395438163 -0.192706984793861
0.103478139640544 -0.0736136947567081 0.0634219891160146 -0.150507088695429
0.0755364252562565 -0.114867835288856 0.0253591633017057 -0.0842468721305053
0.0745271200563138 -0.143240896966372 -0.0171299255520263 -0.0185764687713929
0.126890800782349 -0.107202010576165 -0.0607706135238488 -0.00121206253849806
0.202591087551244 -0.0218727377600029 -0.105723335137708 0.0134010830646641
0.158862521775872 0.199512753817739 -0.0972406525717282 0.030376409444195
-0.0730190860951348 0.252198868047047 -0.15721782472358 0.0411457283048658
-0.240672148054578 0.0771189075212438 -0.189626112817822 -0.0459079430903042
-0.262389681627154 -0.137340395332912 -0.0185941100347679 -0.0919040824202641
-0.19859499510416 -0.0926659358400246 0.134547630105641 0.427369010090295
-0.174030179461073 0.026773457140646 0.253124221373316 0.404631044935763
-0.0911117823774997 0.117464791681548 0.405740061552744 0.165420906310595
0.00544002869965148 0.136468612577568 0.393126954103319 -0.0622055620091573
0.0828219953915112 0.0673101039941777 0.247873114752622 -0.196178188795786
0.0823405667172407 -0.00212709737528371 0.149922105189419 -0.198389043451234
0.0786779568744787 -0.0417420842502719 0.0909604037872459 -0.171198708425572
0.0594264916332284 -0.0707539554183958 0.0433209698845766 -0.122523391917264
0.0640919118701454 -0.0905663077476491 0.000988824718231018 -0.070565777524452
0.100357012754412 -0.054521411664972 -0.025778516353088 -0.0457127087249598
0.13208579047965 0.0171451006683991 -0.0445592694342764 -0.00453737541979382
0.0654105473186734 0.151944874921385 -0.057639935530252 0.060270775222494
-0.0873764727830757 0.141437642286314 -0.173213338609645 0.0825384065853918
-0.157170951632684 0.0188476028037361 -0.190029827194685 -0.0516172011699617
-0.164498534068788 -0.104911373509514 0.0516666982787673 -0.0502925830957708
0.0309463505937131 -0.00362720138719837 -0.135896255348917 0.0710262534978464
0.029101441634372 0.0277424672823477 0.148338285628627 0.0848421105545013
0.0507993672032765 -0.00551178757615312 0.193985554331586 -0.0904075163752135
0.0276030330083553 -0.0392964402516676 0.0707586093275 -0.0904587829300644
-0.0199929546101238 -0.0240617140936293 0.0216979566903056 -0.0255634266375098
-0.0316306091419758 0.00988862030095888 -0.00881690409018697 0.0171362951689507
-0.0272978111175983 0.026574366238852 -0.0250999100240811 0.0758473388417026
-0.0249137085028705 0.0282304263385926 -0.0460982357046734 0.132572156807764
-0.0335512258591304 0.0163138268343604 -0.0840253155299693 0.195332593632995
-0.0295815330415536 0.00198015727791545 -0.14220322528842 0.212155421076649
-0.021035433113011 -0.0261357709727141 -0.213739896495792 0.218030437846593
0.00393593600380127 -0.0543911864595819 -0.330901777567406 0.135882857899789
0.0367662509184935 -0.0596953514614444 -0.402581487852861 -0.048406856641583
0.0900168735465355 -0.00338319605202518 -0.325695308084877 -0.29115780564787
0.0992760041979127 0.0394852970512898 -0.231222755388513 -0.422064483102302
-0.116804062684916 -0.0385886511675145 -0.130907297877369 0.0703360311825506
-0.109286547919836 0.0960219804655753 0.131000017942277 0.0943042706182412
0.0185759244023168 0.137178260483065 0.197262822576828 -0.0654835163288005
0.123188935881921 0.0622211104160094 0.101867684754614 -0.0883755699034734
0.0902501999473933 -0.0467981402969922 0.031702327832073 -0.0414048558295057
0.0191419808208079 -0.0532778322228912 -0.0127518591916767 -0.000385533585476715
0.00266203818940514 -0.042698237779635 -0.0402774562205491 0.0679642038646796
-0.00262499459294795 -0.0344511592387096 -0.051777073359927 0.133379537045772
-0.00959009305946884 -0.0367241650597225 -0.0803861759821521 0.198931015416731
0.00717918852525414 -0.0216635890356522 -0.13018172706286 0.214281824744318
0.0221571277108584 -0.0219601585600091 -0.202882235012357 0.228101249214717
0.0378209471825806 -0.00551775601737751 -0.32032216869396 0.155846509542888
0.0242250299038146 0.00612402023489133 -0.39819190998524 -0.0276163889899279
0.0185158109035491 0.0256948210783202 -0.344683460583685 -0.252690742889875
-0.0163416982608181 -0.00759154483823879 -0.270697222180512 -0.393874702802641
-0.234229551304503 -0.0736027043616619 -0.101254015644686 0.0900206320776778
-0.208486490839882 0.144353042678729 0.102122185064873 0.116537159720188
-0.00388223251394504 0.241773942086055 0.199901176352835 -0.00256377900287081
0.187125662284675 0.138517803208845 0.168612225049855 -0.0624024767030242
0.171932486597068 -0.0519094644301182 0.0816482943008015 -0.0747299773074103
0.0659674073231399 -0.0934820575900795 0.00362634151386188 -0.0464207399932447
0.0361642233722506 -0.0968611832858605 -0.0465777600609171 0.0329703399768581
0.0193826301644773 -0.0911065274376091 -0.0495823692135709 0.113777771747982
0.0109478833712161 -0.0900555745230914 -0.0648646344805784 0.188449931476898
0.0368206421284771 -0.0551593772251853 -0.112525298079253 0.211566053172232
0.0670858886264441 -0.0364868366005206 -0.196666515046517 0.234369124249208
0.0911041481470332 0.0329381181345773 -0.315529329888468 0.160072965781405
0.0288593181671964 0.0825102304462031 -0.382629187491236 -0.023131561548678
-0.0553206514526764 0.0708443148350386 -0.334123283178147 -0.207514300451385
-0.135281366267552 -0.0458769810765638 -0.277403288722212 -0.338572689594305
-0.307245305119414 -0.103305401936963 -0.0572671767250084 0.136405719215378
-0.258134355175903 0.159626571361813 0.0863386722221195 0.174295544753178
-0.0181040023011245 0.284387394298621 0.236693846316337 0.0797069886151539
0.203391473249914 0.178121367499201 0.260384777337709 -0.0441130546373959
0.207498716675046 -0.0371214905557296 0.143057158367572 -0.123745004551975
0.0995818514268353 -0.102254425666546 0.0274565929224646 -0.103894248517714
0.0671032463568343 -0.127566562365933 -0.0415451356006141 -0.0170254458544396
0.039246710321291 -0.133454601333601 -0.0384353858984101 0.0746419508706315
0.0259952960717336 -0.137379450745065 -0.0464544651534229 0.159075493452935
0.0597045379967069 -0.0973415952161863 -0.0997510940037822 0.191742316974579
0.115966016653086 -0.0670669970706887 -0.199187185037816 0.218645370650914
0.16196139664127 0.0646944842466493 -0.303006060136216 0.133652978275029
0.0455193555756441 0.169622419142075 -0.339638786451336 -0.0347913650028372
-0.12837369629641 0.12357578165454 -0.291682162158387 -0.15771316670067
-0.239279207497761 -0.0734656982799215 -0.246428265136379 -0.267874859110307
-0.338882369732597 -0.120684741179389 -0.000328653026989787 0.208567992104672
-0.2688555294418 0.143981355702525 0.112758124496791 0.254143731741664
-0.0396644654115912 0.273376968126411 0.307100092891251 0.137410193143086
0.171124967720884 0.193358378592231 0.343916277936601 -0.054308222292818
0.203452963732517 -0.00390005259380809 0.188131597865122 -0.175539566130666
0.118018533254752 -0.0871372772733302 0.0512151771685751 -0.154654030474205
0.0898521848855464 -0.135053629810923 -0.0241284947801616 -0.0705474291607062
0.0535698812208195 -0.154990949281182 -0.0213137444423968 0.0227666533186964
0.0373581301359283 -0.170934973751127 -0.0325117423434941 0.111892685141802
0.0822356795397803 -0.136463386004299 -0.0942835384105338 0.147673955667227
0.168326355946517 -0.0941582222251947 -0.195539087939852 0.167871484517902
0.22920266634116 0.104404856957409 -0.25960610255445 0.0829258656910128
0.0501029188972056 0.253145341004211 -0.262542935882173 -0.0379330568512728
-0.192932117945497 0.162949309971553 -0.234528947999205 -0.0992885251385717
-0.310770768907343 -0.0901366385191771 -0.186613713139165 -0.191438136856073
-0.331811800932303 -0.118263985046462 0.0705444723336343 0.288516461083457
-0.252978442646491 0.112445066247449 0.178993381650319 0.319607908378988
-0.0645035324663613 0.2337302330226 0.374029843382949 0.145937878796588
0.116281403187323 0.192524103650309 0.38556267766902 -0.0815502518755323
0.176636542552837 0.0318966246179997 0.207366561582437 -0.211567758700341
0.121128737518062 -0.0616766936028284 0.0744210474825564 -0.188355427378035
0.0983804187546691 -0.122861738902168 0.00410849247478536 -0.117625493350075
0.0608502870900472 -0.152086915574236 -0.00190785818709142 -0.0346725939225633
0.0464418614854319 -0.179321303731277 -0.0238369151628056 0.0501420789117312
0.103345234380048 -0.150796210049535 -0.0847803203656993 0.0802513727154138
0.205178574468176 -0.0911241939503229 -0.165149083571279 0.0944669575890572
0.248966821901699 0.151897764284401 -0.180375710786069 0.039677154948829
0.0190625449311752 0.297763410977978 -0.181171540080125 -0.00484351878984539
-0.23538434103899 0.162622704877396 -0.195146663123382 -0.0402923352269316
-0.330856799565637 -0.100432212625047 -0.111206399092717 -0.1240070836046
-0.287347986886499 -0.0923129139251653 0.14612973514775 0.35459374217844
-0.21591806211107 0.0845812323947524 0.25824758938188 0.349784453097067
-0.0743547299781959 0.184836628903954 0.41201516693217 0.12176811016057
0.0689592815593697 0.173740509199299 0.388095475406305 -0.109785432069413
0.140068433974389 0.0507534733565942 0.21129462339002 -0.22540256330933
0.108583660342197 -0.0387885963060643 0.098043483557314 -0.20604641180085
0.0932677600695023 -0.0971752818460154 0.0357137094956121 -0.155884765315367
0.0592211810251088 -0.126710958340606 0.0151507322221724 -0.087295466222594
0.0516572658183264 -0.156110567660568 -0.0166603203117576 -0.0147087454733658
0.110565129383494 -0.12759682735879 -0.0628903198536425 0.00969296447980732
0.197556971199303 -0.0536406251484658 -0.107026960645067 0.0315053590665145
0.196084485800826 0.176318196508301 -0.0950670511666931 0.0375625530128254
-0.0322495444643357 0.267390779231061 -0.141042960196757 0.0578636738999746
-0.227494247773898 0.115737718826498 -0.188733682117748 -0.00847885959952795
-0.287869657402748 -0.0993509907658537 -0.0293300388079709 -0.074784199069167
-0.208938018645564 -0.0516316850032574 0.212667992558162 0.392976976964684
-0.15907723491354 0.0624209006698244 0.322415648516203 0.346348333141243
-0.0646269975741721 0.131788786994021 0.422496170728823 0.0870588688642481
0.0365403622318584 0.132080721862258 0.371164727030946 -0.130931059689691
0.0981471692548373 0.0464737950543919 0.20956479334176 -0.229968749985327
0.0819803565144276 -0.0215942713701566 0.117349732884375 -0.216215534494906
0.0730021014573302 -0.0612701394583878 0.0619942403190588 -0.182985254437335
0.0479240891530065 -0.0811696125289355 0.0274164377806893 -0.127446386131156
0.048285259086823 -0.102770175149478 -0.00704580587941974 -0.0686159143352536
0.091850812602877 -0.0708116860450646 -0.0340358019151281 -0.0404118776561817
0.134375580076323 -0.00397575029867698 -0.047897147472601 0.00331267556519844
0.0948131894483441 0.143122400326071 -0.0483232658715478 0.0627285602610775
-0.0629711982791383 0.15918459289283 -0.150348296269063 0.104149273155427
-0.153179424492549 0.0455396733393619 -0.191425218571417 -0.0150005675554106
-0.183883859495097 -0.0819820077435408 0.0452114292531391 -0.0453400747785518
0.0313425710495864 -0.00470354305710063 -0.134871395230886 0.0680373843334155
0.0332143672582566 0.0257660799742621 0.141905566977213 0.0690114875265282
0.050447372218243 -0.00891936128305731 0.180517549337061 -0.0988136082531668
0.0245803378756145 -0.0425052706965281 0.0649744562152354 -0.0908298337426452
-0.0218226019021485 -0.023898542810678 0.0221771770586606 -0.0256517207600256
-0.0306625452620183 0.0117860452164151 -0.00821911180129679 0.0180202827423727
-0.0260082077885314 0.0271517529384039 -0.023819530980669 0.0767234375235096
-0.0229551358533324 0.0293334546543999 -0.0431537290042321 0.132835029138567
-0.0327823929457012 0.0186339758280188 -0.0768016074307395 0.196730798018737
-0.0287389341500891 0.00251095241256295 -0.133067047189931 0.215477227908492
-0.0223150365870382 -0.0256481337299598 -0.201796713475369 0.221817550541336
0.00185072160292554 -0.0546462687212628 -0.317411497310746 0.146398725068638
0.0343728477172043 -0.0593210571576315 -0.395093432086271 -0.0303439586598286
0.0906263309809081 -0.00748528516658123 -0.333727562538635 -0.272811717209123
0.100502081919447 0.0342033471143839 -0.249921304465789 -0.406898124993751
-0.117269143262962 -0.033133089798598 -0.128411729285883 0.0667040027547291
-0.101470427190141 0.0994788371070002 0.125363250325357 0.0792490227584644
0.0236405102697658 0.133784359283955 0.186317755678763 -0.0743653807721793
0.1237520375104 0.0550627547276017 0.0967158972234138 -0.0912415677904622
0.086680023037877 -0.0510799510797643 0.0314215642422938 -0.0423539292750323
0.0169218889169067 -0.0530085649916353 -0.0125222825379919 -0.000284017274377921
0.0015379145623132 -0.0437590942045002 -0.0399602465902314 0.069509212179021
-0.00271797368931753 -0.0343656695758109 -0.0487941481886525 0.134142516740125
-0.0104582447110657 -0.0350943238887376 -0.0727156501051979 0.200708162402755
0.00749308518588025 -0.0218275299489516 -0.121375052078601 0.216813004496729
0.0220824654307595 -0.0225342541709816 -0.190248168856538 0.230754608539312
0.0372285627366522 -0.00642004519343158 -0.305407570337612 0.165515751646856
0.0231875014355218 0.00591828595626146 -0.390302468286272 -0.00917723324403909
0.0202428417255776 0.0226092687743582 -0.352660099135225 -0.231523431628508
-0.0162080862958949 -0.00819014531412814 -0.288008673216347 -0.378350008090357
-0.23479263945779 -0.0636268865217544 -0.0985689095086937 0.0851816188345172
-0.198830307087616 0.151247788327193 0.0987188709391219 0.102765881631005
0.00511061959051933 0.23787894181089 0.192441921037073 -0.0117557351098435
0.190813163245412 0.1296032105922 0.16336442858175 -0.0697578549135024
0.167191272097209 -0.0589033687146219 0.0792148879411939 -0.0770043733224151
0.0621971650803172 -0.0934408956765748 0.00131698298490199 -0.0465054006895327
0.0332954887766262 -0.0989014919619971 -0.0472355409983719 0.0355508719356132
0.0177238956004602 -0.0920293552492877 -0.0461399424771279 0.114481497007599
0.00840662958838098 -0.0884696359801845 -0.0564240724187415 0.189658458930013
0.0364600695901631 -0.0556218387398356 -0.104242401712853 0.212120168572371
0.065868923228368 -0.0371243199964212 -0.184078958413204 0.238101325461471
0.0914211916547202 0.0308006429187038 -0.300826955668691 0.170281387049559
0.0301222856499346 0.0823829271365853 -0.375134572483388 -0.00578057317402822
-0.0515449539917342 0.0688532316653747 -0.339471818641091 -0.187760690409626
-0.135878878723464 -0.0410147353907286 -0.291563789262909 -0.32183420917447
-0.309686430745123 -0.091119796870811 -0.0522654893464308 0.131268571521733
-0.248224661185303 0.167323385405497 0.0871103339560517 0.161193158150552
-0.00935928348721212 0.281532400882271 0.233695231550405 0.0682479689913068
0.207702693587736 0.169505044030312 0.255934470892727 -0.0572350988793852
0.203722394833198 -0.044242032712448 0.13748303648317 -0.128503250594932
0.0960808624287458 -0.103146654789854 0.0225230806255493 -0.104444147540802
0.0641567472904986 -0.131415297709331 -0.0439343598756308 -0.0139374700597572
0.0356728708163707 -0.135289619339742 -0.0357740497590699 0.0753669279655685
0.0219108950114558 -0.136116851704411 -0.0390179325035237 0.159560530472563
0.0582083907090471 -0.0980322294808149 -0.0917287070175904 0.193155282745948
0.113302295134825 -0.0693092869730769 -0.186626841174755 0.222856103484175
0.163556032647892 0.0599142440319249 -0.289896547085914 0.143586211968634
0.0498732184156689 0.167857518895912 -0.333212660482619 -0.0185002914604732
-0.121707010391702 0.124539160166941 -0.293972551323925 -0.1404412541757
-0.241442100301174 -0.0641263352557429 -0.256620424483774 -0.251908036301231
-0.34267737270383 -0.108825875463495 0.00844217826757403 0.202008252524462
-0.261624890979633 0.150870312077187 0.117898204944032 0.240308619433265
-0.0326310465348281 0.272459396511619 0.306524774041843 0.122204360433141
0.175675369747336 0.187776507589953 0.338010256192995 -0.0708206364574244
0.202243860435073 -0.0105717931086989 0.179092343107683 -0.180621018515641
0.115893847316765 -0.0887979782755418 0.0446511362108468 -0.155695127508034
0.0868679682905234 -0.139342340176376 -0.0277510354727893 -0.0681992045840362
0.0493744658244155 -0.157766577276297 -0.0201654313691361 0.0220112931421798
0.0315355911198148 -0.169714354752815 -0.0260737099966548 0.111703394512029
0.0778665594910928 -0.137472307400581 -0.0864648758838876 0.148950435493469
0.163808377514917 -0.0984734113692143 -0.184912010920371 0.174664794965744
0.232055455310431 0.0963469277125729 -0.249824380834135 0.0925406732036749
0.0581033239382375 0.250125539142768 -0.257282199377945 -0.0262082188636574
-0.185074530570406 0.167025685739516 -0.233939488607231 -0.0851607761667926
-0.313560132308438 -0.0779868935878534 -0.194096925327009 -0.177176672070104
-0.335452091231891 -0.106253990266271 0.0822359366574844 0.279277653541502
-0.249240451288435 0.119558178156128 0.188311134439488 0.303437736922754
-0.0587849005528995 0.234202491525381 0.373845594290036 0.127729760890015
0.121844220296653 0.190357885807539 0.377736313371373 -0.0989751572871528
0.177794888143936 0.0267306815146092 0.196471664155944 -0.216082526580723
0.120023122477429 -0.0636362319918312 0.0673727979952801 -0.189812124756833
0.0959623809721552 -0.127768622133125 -0.00114608509351708 -0.116888574940936
0.0569580528795814 -0.155155598277643 -0.00214966805279964 -0.0360693729689645
0.0401096784216652 -0.178536660523541 -0.0192374857984024 0.0509144585860229
0.0978097660368252 -0.152396745546091 -0.0801279263186491 0.0829001263973074
0.199277179729995 -0.0973821940056222 -0.158802410115151 0.101283041774606
0.253720143040324 0.14160672689885 -0.173115445949927 0.0462495915823025
0.030961546599606 0.296045252652317 -0.174762292901112 0.00268682436718593
-0.225935550169186 0.169192450167558 -0.190933100746301 -0.0279980150913037
-0.333805950554637 -0.0863006982801171 -0.114851677318755 -0.113310889475054
-0.290820078658839 -0.0823806036635384 0.159904355853202 0.343250736676071
-0.213240159981945 0.0914974875771804 0.269426276324941 0.330165722575052
-0.070715324687052 0.186566429138245 0.410556873509201 0.10104471366261
0.074255195775749 0.173319334365469 0.377884993592036 -0.125526555843672
0.14219235388933 0.046001808785064 0.198994876277329 -0.229371628000637
0.107600634766959 -0.0414995203122543 0.090307274855567 -0.207717375429127
0.0909681781760854 -0.102299153229594 0.0303654386856448 -0.156487419233984
0.0556672273552924 -0.129172238432943 0.0133548978434997 -0.0888769721827511
0.0445848932776943 -0.156062214285951 -0.0149425457642816 -0.0131429849940842
0.105286969899953 -0.130726395647222 -0.0622866879255419 0.0124398840961123
0.194086314381251 -0.0610634803577104 -0.10443724285209 0.0365802984612447
0.204949316256353 0.167113705435221 -0.0899325460102465 0.039332625691005
-0.0208081221507189 0.268446418362121 -0.130655658833605 0.0622230965919329
-0.220250036528293 0.123381157762821 -0.182538619800859 0.00412896668199345
-0.2917866313022 -0.0874048908793207 -0.0314881384743452 -0.0673104438889731
-0.210875249306685 -0.0440344555449979 0.229106159874475 0.379323846756804
-0.156898714661311 0.0682273976226633 0.33391624005976 0.323579713122317
-0.0612652025876957 0.13388091573099 0.4196064310192 0.0674194659550732
0.0415144539829262 0.132533094047378 0.359680152997519 -0.144143297075975
0.0997194130974708 0.0432852392964971 0.198186788239893 -0.232454901094532
0.0801094415985621 -0.0240521659904363 0.109965178354688 -0.218171108942979
0.0713091482418143 -0.0651951920159778 0.055910809352519 -0.184945895385206
0.0459087748695397 -0.0828091415730653 0.0241808152547357 -0.12891256511161
0.043871850551956 -0.102995947885029 -0.00776713421590708 -0.0660948888014886
0.088864713732745 -0.0740129936222959 -0.0357463823259419 -0.0382049887937675
0.134138736510084 -0.00953844399692171 -0.047894757951987 0.0061065248929967
0.102613165016047 0.139274649803659 -0.0417899455878203 0.0620719723239766
-0.0557663989868814 0.163449243010418 -0.136417707888127 0.108700585925701
-0.149878252045429 0.0509797199709922 -0.184442943486274 -0.00221195049405555
-0.187626017953086 -0.0738645894075156 0.0443325177164855 -0.0405446231115501
0.0318157129987756 -0.00467881141511065 -0.135628800427264 0.0625885036673868
0.0377971538002608 0.0244598143304721 0.133165718407127 0.0587801131088174
0.050326349105978 -0.0112824962754267 0.170774744129905 -0.103135464680979
0.0217623368237307 -0.0446374265828285 0.0611771053983382 -0.0905786795328484
-0.022625243572075 -0.0238523545232706 0.0233379027722699 -0.0263525982544744
-0.0308787965770168 0.0126316014838356 -0.00744975541626134 0.0176846847823243
-0.0252937384121255 0.0267177656300337 -0.0247736648718148 0.076807195838596
-0.0214525960139475 0.0298670021072197 -0.0437642504976661 0.133116328153375
-0.0318512575445285 0.019402796789091 -0.074787816241917 0.197341518596753
-0.0285860138073302 0.00236423558301406 -0.130165829178068 0.215781039397075
-0.022621887079682 -0.0260240137263964 -0.196890681341815 0.22027001475273
0.000432223771364578 -0.0546952326736295 -0.307115450193329 0.14831683396881
0.0334442323461833 -0.0586460747154364 -0.38707339478209 -0.0221949644302137
0.0915721590313711 -0.0108255680682784 -0.337146854925431 -0.261051713872839
0.1014280401058 0.0318628151498294 -0.258437328012095 -0.399363475029747
-0.11693269011611 -0.031120066532542 -0.129355986461455 0.0610039769795403
-0.0955703835841292 0.100227499294429 0.116897153931392 0.0693096437329926
0.0265879694807618 0.131841271347138 0.177559895377624 -0.0782521910664927
0.122630011038763 0.0513786279936921 0.0926286585448989 -0.0920714587838614
0.0845965903092091 -0.0522746714214854 0.0325189769904913 -0.042610563030734
0.0164527244283003 -0.0516001379058957 -0.0128190105586419 -0.00027414201116893
0.00156437194031311 -0.0442247534412221 -0.0403494326957716 0.0699507846287812
-0.00168355352963078 -0.0348812372941943 -0.0482795586668553 0.13434794662411
-0.00954162559678878 -0.0336342803758833 -0.0693211758192734 0.200531004704856
0.008388353000136 -0.0219039979215778 -0.118736582327338 0.216679384165694
0.0224194057565631 -0.0220875931132258 -0.184986335615986 0.228881121509897
0.0365646366422526 -0.00574617211585225 -0.295165345153429 0.16690885738233
0.0226191216760151 0.00697733220736933 -0.38292553804203 -0.00121756340036989
0.021358091801749 0.019056908937219 -0.354700411552874 -0.220888144313934
-0.0159014064449781 -0.00887698111192568 -0.296859946449525 -0.368843576868658
-0.23535160779913 -0.0601714394591315 -0.0987668870326307 0.0794761185289484
-0.192366481785388 0.152813068226738 0.0920329540340225 0.0930372064976801
0.00810608205747296 0.235960845689041 0.186381637556679 -0.0154283093131302
0.19086806092908 0.125288854258391 0.16078087299932 -0.0743402091884477
0.164807701538508 -0.0608312627632135 0.0787932764945554 -0.0787788789801466
0.0618028241919509 -0.0925709844565414 -0.000491538532865529 -0.0467273725821365
0.033303361361343 -0.100611754435119 -0.0481452073012007 0.0368810790176178
0.018043971106493 -0.0931650247678754 -0.0458263950906042 0.113985219901382
0.00917220529418537 -0.0871837169179673 -0.0531850486615269 0.188766751044758
0.0377737585224174 -0.0553763257752474 -0.101171177868427 0.211749845302694
0.0668286252727676 -0.036366592529603 -0.178083897750894 0.237112498641668
0.0909305595292442 0.0310031631841865 -0.290496923870424 0.172502891187171
0.0296092031456175 0.0824532780472446 -0.36840442277522 0.00246208831141883
-0.0505525623544206 0.0658900192675789 -0.340533561593767 -0.17613829248877
-0.135945436836057 -0.0397943973952948 -0.297265977843188 -0.313153492313653
-0.310870814775242 -0.0873337980677391 -0.0510209259774634 0.124236269587789
-0.243167179091442 0.168916248525917 0.0826622350710096 0.152719037530915
-0.00738237724714174 0.279858705930961 0.229659759814049 0.0629985495198877
0.208407282798254 0.166455622417722 0.252421863588265 -0.0642499772193924
0.201602564610617 -0.0460892676233797 0.135005244511731 -0.130487380073272
0.0959326364309288 -0.102339133503549 0.0203367707886098 -0.104629828384944
0.0633025248496177 -0.134208111916766 -0.0456944131420985 -0.0122964589891869
0.0359512636400906 -0.137202403457798 -0.035347228297901 0.0744811896923133
0.0218133590667126 -0.135226804096023 -0.0353115872371298 0.15839838802788
0.0590433207742673 -0.0973548642619048 -0.0882874820918892 0.192144640978192
0.112873495928467 -0.0683983939590442 -0.18022581541451 0.224093835439395
0.163393602297744 0.0590238223822041 -0.280011421434135 0.146465388160246
0.0508079148756613 0.166963884096433 -0.327599013107435 -0.0126694409563121
-0.119262107338456 0.121862485516193 -0.292982724102232 -0.130802775370681
-0.242015061832604 -0.0612229957586945 -0.261693299426206 -0.243229867996037
-0.344462303578355 -0.105172838225557 0.0112745895316242 0.195783101047734
-0.258934407773877 0.152931918524096 0.117289749607283 0.231766898567779
-0.0323267289333228 0.270979420418633 0.304906723946728 0.114364201031398
0.177521731060203 0.187107132249228 0.333591191540316 -0.0800995147776073
0.201537528715364 -0.0109454170338515 0.175574352016917 -0.183329866556481
0.116474667531141 -0.0876919690912946 0.0413276913874062 -0.155993060720682
0.0862154964648719 -0.143043023002464 -0.0300719532350008 -0.0663245144993447
0.0491233353607457 -0.159982265225099 -0.0189756321921543 0.0205992219839955
0.0305010769080792 -0.169014024614511 -0.022540172314989 0.110738873312915
0.0779104203673737 -0.136956637626123 -0.0841619487143964 0.148795948963131
0.161342727073694 -0.0986892708493405 -0.179827816975111 0.176570287773856
0.232496741424606 0.0933230212323126 -0.242303898014945 0.0948997780034874
0.0608798543303868 0.249877180788512 -0.252126704581814 -0.0217427919150239
-0.180943365202913 0.166111734838257 -0.232162641006328 -0.0769579880516121
-0.314671364988427 -0.0734788906864271 -0.196617015630139 -0.169672863880114
-0.337325663296569 -0.10267356065621 0.0866869114543639 0.272975211013347
-0.247827680000811 0.121192309117398 0.189409103667643 0.292874882969876
-0.0597395117773014 0.234630614653851 0.371908560642502 0.118438239818308
0.123486533213904 0.191774542850984 0.372392205829834 -0.109069156050565
0.178927223740105 0.0264271119939045 0.191382858062055 -0.216800737918302
0.121114247262253 -0.0632144141025101 0.0639237226827475 -0.189948165147827
0.0956656343270445 -0.130814990763769 -0.00280585576950688 -0.116267590244856
0.0566627385728414 -0.157102169332597 -0.0020029053193501 -0.0376913053526584
0.0378723651783997 -0.177482453860909 -0.0164109612811326 0.0506021656195218
0.0957039163567351 -0.152349503438413 -0.0784956508575547 0.0834847663079824
0.197137634668985 -0.0993671523645809 -0.155299604130451 0.104622391508042
0.256008118435163 0.136921388230342 -0.168561402906721 0.046827411072248
0.0355713235164641 0.2956772840623 -0.169121484709115 0.0046841475421021
-0.221787498606263 0.170117572086438 -0.187125485639275 -0.0206347283667046
-0.335442943485881 -0.0807672562533332 -0.115833380141353 -0.106734942651407
-0.293365540323349 -0.0790254747538165 0.166370570944646 0.336470231795717
-0.212705421698483 0.0932793996106695 0.272975920889048 0.317423154393925
-0.0711064221416541 0.187618943323572 0.407285937382619 0.0919074234468179
0.0764401832166314 0.175871873007896 0.371354358842784 -0.13314635681503
0.143747135361009 0.0456589781300571 0.193042826251108 -0.228561448917809
0.108222423375623 -0.0411620234793279 0.0883093789057182 -0.208831277601752
0.0903988563352358 -0.105161182817752 0.0279864629877208 -0.15673648527686
0.0555830137872689 -0.131313878289634 0.0134028884283466 -0.0904419504563048
0.0434556594916489 -0.155131030071464 -0.0122184171079612 -0.012423653197203
0.103642504307553 -0.131135493519356 -0.0621767145399257 0.0133950136994011
0.192677795431666 -0.0633369047019693 -0.103001148803444 0.0392375443125873
0.208093272925482 0.163236802168137 -0.085753633911686 0.0379567496288987
-0.0154342774529599 0.269341443454295 -0.123398086926716 0.0625903474822315
-0.216713272099828 0.125538100150195 -0.176120681956582 0.0116268668758002
-0.293750583488499 -0.0817662378811436 -0.031260840645239 -0.061358471050122
-0.212688567548624 -0.0412377064641974 0.235419082635061 0.371565339427691
-0.155868260022496 0.0703637534995946 0.33793360737034 0.31077308180686
-0.061856612809415 0.136133682382546 0.415016555173602 0.0580614362366333
0.0433784540509739 0.13354440572694 0.352488610684502 -0.150000010861121
0.100809846650187 0.0424977245410642 0.192379462232335 -0.23143735474661
0.0796233905706531 -0.023694168402715 0.10815422168986 -0.219044713094683
0.0704458042437187 -0.0675043647909124 0.0541519089350573 -0.18538167946488
0.0461846923579614 -0.0841868180678059 0.0242318318877871 -0.130332535943274
0.042154282480877 -0.102194445969396 -0.00644271512206689 -0.0647077216301881
0.0880571102245361 -0.07489576975997 -0.0372308496489363 -0.036542951123387
0.13378803082663 -0.0115948790990234 -0.048128247993197 0.007776122603408
0.106441883800311 0.1378973589227 -0.0373470840391884 0.0595632717808743
-0.0520015903894873 0.166014165285977 -0.127287780577388 0.109028119901608
-0.147716021833532 0.0526395765829532 -0.177934152887369 0.00651627116207526
-0.190166537994018 -0.0711447669023692 0.0449943026485896 -0.0360904583161279
0.032692063716836 -0.00390638457779945 -0.139896593808373 0.0567114370298545
0.0427121441246303 0.0232213382426471 0.125307696702568 0.0521487534705151
0.051750046554744 -0.0131031445643057 0.165077477930341 -0.104824530580648
0.0207468377485203 -0.0469893002563572 0.0591947648570902 -0.0911552999516906
-0.0232594714185376 -0.0242803894989878 0.0252755538257527 -0.027256491600647
-0.0311529724664291 0.0131969071578453 -0.0071470839867783 0.0183120564263328
-0.0255601926974022 0.0274076894759021 -0.0265622575829386 0.0780229479740274
-0.0204239716176297 0.0304353450416497 -0.0463308755577557 0.135299808011744
-0.0321165798595127 0.0208072504472477 -0.0766922422798665 0.200419458037029
-0.0291903181746277 0.00191344287837524 -0.133561884830022 0.218716649284188
-0.023157714821101 -0.0269573396753221 -0.198106828567948 0.220125769957954
8.11510177797705E-05 -0.055816821582374 -0.306540475660703 0.148507123457175
0.0342219855223399 -0.0587380338685562 -0.386572900218536 -0.0194004035156925
0.0938445953374415 -0.0128100278928794 -0.341614747350301 -0.258304866935593
0.103284374897289 0.0309788546523697 -0.267230848989723 -0.401669860210849
-0.118450850498862 -0.0312709389423934 -0.13424776568923 0.0553412934576868
-0.0926506137743468 0.100653460331082 0.109483005097925 0.0627309076837085
0.0269035192406384 0.132352716546098 0.172873323524337 -0.0801797426501775
0.123481139393648 0.0501651971766772 0.0910309534396097 -0.094343288233588
0.0843521608809682 -0.0535039273551849 0.0340830045075089 -0.0444458153082493
0.0172401414895317 -0.0517686238790033 -0.0134891511927894 -0.000571814144447564
0.00190497401551987 -0.0455402334607363 -0.0422467622698823 0.071704880505724
-0.000439444356157124 -0.0361541155142064 -0.0513034327800177 0.136426934659805
-0.00868156640310507 -0.0333703737930486 -0.0704379843154049 0.204152855533253
0.00972760282710617 -0.0217484270811699 -0.121461510502029 0.219810604105525
0.0231531968606362 -0.0221463755585202 -0.186860963608942 0.230614325836941
0.0369764418870022 -0.00473031105407906 -0.293633319590359 0.167853027565798
0.0218898860625218 0.007846669098461 -0.382461793642541 0.00113575851081253
0.0215186417906095 0.0160539383480916 -0.359649913324752 -0.2172682829168
-0.0157848539614442 -0.0105760595622599 -0.304714733954657 -0.371134863748341
-0.239050346885315 -0.0609708676330293 -0.102832778453327 0.0739323245676932
-0.191275224786207 0.153864967126915 0.0844874711561448 0.0878736814486198
0.00814390554795793 0.238526701004279 0.183700276045885 -0.0171433527875611
0.192993228637567 0.126757180957904 0.160655363628032 -0.0779842609484608
0.165697782039548 -0.0618719727532676 0.0803476563448328 -0.0811227923472336
0.0636456225497411 -0.0923324070420089 -0.00141350716814057 -0.0484060437586335
0.0344143370830074 -0.103880205534366 -0.0501804592842682 0.0384097240219976
0.0201482288044111 -0.0963845168035342 -0.047511186335353 0.11542222853413
0.011090885465902 -0.0875368634483761 -0.0537548279596353 0.191338588558756
0.040399790287587 -0.0560535896749059 -0.103354593984484 0.214100899784261
0.0686423630466485 -0.0355983954265425 -0.178809166228882 0.237933457753771
0.0923505913959985 0.0339692495264662 -0.288438623987906 0.173395726584967
0.0291678893218103 0.0847760386042577 -0.368367249224901 0.00424179276724077
-0.0514314099286051 0.062674722909629 -0.345059063607798 -0.173334122995477
-0.138437198044013 -0.0418340768180796 -0.305598485977345 -0.313141413194823
-0.316232234112027 -0.088882138601622 -0.0528920055529703 0.120652877615403
-0.24432939303807 0.17010132543504 0.0773217019989852 0.14895955946258
-0.00907449158770649 0.282965650700433 0.229572504983339 0.0619431412961859
0.210913053750016 0.169922988721466 0.25384652267611 -0.0703097142559351
0.204163358777295 -0.0460254146908773 0.136504063479656 -0.134295352050554
0.0995041378407487 -0.102036552178069 0.0188972840866021 -0.107202324557977
0.0656591052674695 -0.137738596399141 -0.0471189283964869 -0.0116253109503759
0.0376062490259039 -0.141294523668212 -0.0360139352904473 0.0745894615911904
0.0242725849464324 -0.136620844043487 -0.0343408608902837 0.160123569032309
0.0623547089119898 -0.097398687124272 -0.0894473923826358 0.193712554335752
0.115336210090774 -0.0680927707852781 -0.179840188318688 0.226459971759403
0.165903468083101 0.0612557823312191 -0.279071585171635 0.147755295754035
0.050381632148492 0.170814017787762 -0.328131363227621 -0.010041952117302
-0.121414584131111 0.119860854533001 -0.296766702757103 -0.127004121825425
-0.246537256473447 -0.0622707124264914 -0.267237534712706 -0.242407872123446
-0.351658931184351 -0.107919544906586 0.0108028223234628 0.19361736621047
-0.262387725003044 0.152923623606032 0.114961381147882 0.228694599637299
-0.0360204786760606 0.275229469057845 0.30655068168335 0.112922830177683
0.179136656119659 0.192349172329672 0.335502099370957 -0.0871243789138741
0.205565060095279 -0.00956841363499036 0.175896246564976 -0.187528960298775
0.121253451167342 -0.0874367375614113 0.0412776545044001 -0.158485639783979
0.0891042675908418 -0.146928009408017 -0.0303372896255794 -0.0660425130603547
0.0511982949273968 -0.164171521449035 -0.0195958382527627 0.0198099519363454
0.0329303121661257 -0.170669203262953 -0.0207366064397768 0.111412192192733
0.0808887348027948 -0.137401642185164 -0.0849458756928722 0.151159431226265
0.164223822266338 -0.0990331179724015 -0.179755011881424 0.179404665108612
0.237134368768283 0.0957344668334893 -0.241421996924572 0.0951957447975223
0.0618168379474571 0.253757680840965 -0.252715761394134 -0.021360669353875
-0.18395528680446 0.165689942069531 -0.233459579672626 -0.0724731220305613
-0.320783932169092 -0.0736053509882452 -0.200878839249478 -0.167677711037784
-0.345051743830005 -0.105158144972207 0.0895184415655501 0.273180951376707
-0.252334978286269 0.121358575884058 0.190466750374873 0.290063333314015
-0.0643740440864292 0.238770749029634 0.375279331971581 0.116428485801695
0.125317619530332 0.198450507908231 0.373508643541939 -0.115465368218997
0.183834019442679 0.0283933737547694 0.191782656456652 -0.219689862895618
0.125422108563646 -0.0620392084433669 0.0648621023032464 -0.192807757793614
0.0988309253620633 -0.134862035720236 -0.00256669746444129 -0.11745149353281
0.0586829773380774 -0.162273742929445 -0.00124634913446751 -0.0399597072531945
0.0398200023769737 -0.179260260243262 -0.0138470718244321 0.0503656593653751
0.0986541198330187 -0.154014409058793 -0.0795716614792709 0.0852419974138886
0.199897478134794 -0.100435053111718 -0.155818560446865 0.107361391366305
0.261981029842121 0.139191818889259 -0.167436316242086 0.0460461242855832
0.0369821070279128 0.301490405826383 -0.167562835527218 0.00401879457036033
-0.224791879785069 0.170073054055822 -0.186288257693138 -0.0155801284330808
-0.343019657823434 -0.0810196772717401 -0.117421537379674 -0.102862457682861
-0.299952218067876 -0.0813740874260998 0.170871947046213 0.338801382244893
-0.216669350417093 0.0936235576051293 0.276212009247264 0.31566645816831
-0.0754209977187697 0.191772711111103 0.411005455989479 0.0893567363753977
0.0780998244576715 0.181866625429591 0.372297043292195 -0.139399490361399
0.148009321873102 0.0479880367515013 0.194672505701321 -0.230326116738188
0.111467289267987 -0.0406571267625698 0.0895091267479542 -0.211217345881055
0.0928390045110562 -0.108987885440297 0.0296849593189996 -0.15940166023196
0.0579608910526802 -0.134794601384353 0.0148804054344019 -0.0938821948144283
0.0446285572605807 -0.156312511198459 -0.0100258505729729 -0.0127528712723793
0.106040510432029 -0.132831138036969 -0.063707830098605 0.0153011508143626
0.194751912396611 -0.0650964457972001 -0.103567270031272 0.0418729812385354
0.213733082183006 0.165445053791671 -0.0841749608641428 0.0356433868715513
-0.0144850572688865 0.275039462616968 -0.119651753231998 0.0619428778882058
-0.219246248808929 0.126075586103255 -0.173539401726701 0.0176637126400568
-0.301331579382877 -0.0820337317791253 -0.0307432834407277 -0.0573350211200503
-0.218811426885844 -0.0428602572025456 0.241659619242676 0.376211040632947
-0.158759103014945 0.0713610296007331 0.342846938133083 0.306947249866969
-0.0645422801826252 0.139389429182868 0.418695387501991 0.0544022468473502
0.0447830064701641 0.138234502906766 0.35212803137907 -0.154654841658083
0.102960404341066 0.0433947328169571 0.192956639725953 -0.232026873937152
0.0814460433640966 -0.0232893685781855 0.110221817952758 -0.222111660645396
0.0717445855221864 -0.0701629102120935 0.0552193916275608 -0.189323680369207
0.0487014426931655 -0.0870035529611214 0.0256381490251831 -0.134066731092055
0.0433734415839831 -0.102714203083308 -0.00466801820670996 -0.064835703799151
0.0900676142572644 -0.0762959060931742 -0.0392381180930274 -0.0358992719067525
0.136300616163638 -0.0124916147548042 -0.0486152667632761 0.00972084212334481
0.110833097048189 0.139296843773785 -0.0351729147871801 0.0577274855755219
-0.05122581044666 0.170915482008421 -0.121872623789896 0.109112957743719
-0.149477523446232 0.0526465467956264 -0.174581579931549 0.0121075461692255
-0.195828258134492 -0.070718231004962 0.0476840632747799 -0.0312913293766755
0.0343145115603299 -0.00413155297314138 -0.148739138923115 0.0531037506915268
0.0486625220336542 0.0218384345410878 0.120188464345929 0.0475547888273164
0.0544307601056994 -0.0156653914477697 0.162821090413969 -0.110653745121955
0.0189157719837522 -0.0509893063854124 0.0578995402450431 -0.0942233096645905
-0.0248962872479641 -0.0253461958581916 0.0270044876439086 -0.0297275145130213
-0.031771245802566 0.0137892635771268 -0.00667535505735264 0.0182772823077594
-0.0260156962066633 0.0281312574603881 -0.0285849627603788 0.0811437774360988
-0.0205270729048382 0.0320214506664709 -0.0503407712817563 0.142055956121112
-0.0323457372541919 0.0232652470100989 -0.0791355500606321 0.209586948602584
-0.0304712593051925 0.00161519244096621 -0.138261992724737 0.228834100594127
-0.0250917298578272 -0.0286942746757105 -0.203424644128611 0.227477261335971
-0.000437570421799039 -0.0582334676832306 -0.312640891277395 0.154230527640439
0.0351190743085067 -0.0606504102439534 -0.39610013539754 -0.0156833303420503
0.0976782222573388 -0.0160739614500158 -0.356580783082025 -0.260811196930912
0.108067527133251 0.0306246398735579 -0.284576302150234 -0.41389215188435
-0.123204616307861 -0.0307192120968728 -0.142147347573751 0.051289515933462
-0.0917015168229868 0.103603802171319 0.104291743525277 0.0584432326438261
0.0301656082274811 0.136244567619659 0.172477716863189 -0.0855493159735005
0.128326217639082 0.0495862744996249 0.0909304356563651 -0.099258171267236
0.0867421325536051 -0.0568698147692093 0.0358434963257095 -0.0477118913383241
0.0182494090498479 -0.0536603352116047 -0.0137461703052252 -0.00117091973908486
0.00168838002616532 -0.0489141495374295 -0.0448317174984025 0.0752998468117912
0.000583658741898701 -0.0382649816654089 -0.0542877759168358 0.142629074336768
-0.00727668745685258 -0.0343187382568394 -0.0730052062951555 0.212616816940279
0.0114951014408305 -0.0228598457732282 -0.125826953735845 0.228600255240987
0.0249225882499825 -0.0220612070828492 -0.190729027530449 0.237176328212882
0.0386634790797712 -0.0041817526022733 -0.299226336945238 0.174150939978238
0.0220978246400905 0.00901674341753919 -0.392016563061681 0.00606731597434122
0.0220703501218802 0.0128745562183964 -0.374285364398695 -0.217099502948302
-0.0170308276181712 -0.0117560082963972 -0.323175013339258 -0.379764023165185
-0.249966651019206 -0.0613126566099657 -0.108384377013173 0.0708501497030737
-0.194755323241862 0.15935348882623 0.0801732346674315 0.0849083125416407
0.0104359534307129 0.24624462255179 0.185980255448639 -0.0202576545205142
0.200848129587513 0.129298794408414 0.163037692139481 -0.0842319253245298
0.171112810889462 -0.0652683022355244 0.083133583772413 -0.0870463698415845
0.066904296216748 -0.0957446517798635 -0.00246946314107497 -0.0511885107352318
0.0353653469545461 -0.109260241803321 -0.0531228217130714 0.0408894645086044
0.0215508865123121 -0.10205892114062 -0.0504627501752653 0.120556064928452
0.0130187890833013 -0.0910612434053757 -0.0535380432559768 0.199499031603059
0.0440854602374152 -0.0578663580421654 -0.106123328157127 0.222874185027035
0.0724643201706769 -0.0363376024475702 -0.182132835324406 0.246961189375467
0.0963283904300808 0.0364819915150741 -0.292682076632976 0.180040551349822
0.0291181926576102 0.089312111791275 -0.3784802837103 0.00885296704484268
-0.0541755839259966 0.0608965536069945 -0.35889081690849 -0.171465121092535
-0.144991120627427 -0.0432987078612435 -0.323461332815015 -0.319655366753382
-0.330607815300522 -0.0908209757488461 -0.0555709724639954 0.119902703607694
-0.250705676970458 0.17561829413019 0.0753757721228218 0.149362827201428
-0.00899153679678908 0.292891964266003 0.236049280077994 0.0612796663105559
0.21943621856265 0.176333661891864 0.25997031619489 -0.0784613297003062
0.212410038335053 -0.04864950481302 0.140010274412457 -0.143069677063147
0.105363530618473 -0.105453024340493 0.0178605578090678 -0.112567673910546
0.0686398650764088 -0.145213902073066 -0.0490248445218836 -0.010669333084427
0.0403986332781048 -0.14923068393226 -0.0387690041021108 0.0772737136714405
0.0271315295158205 -0.141118422780122 -0.0337497224185592 0.165477226199835
0.0666823518284421 -0.10070831639004 -0.0920370684176742 0.201749047950791
0.120529458276806 -0.0693921821065799 -0.182675334253113 0.235586914914573
0.173253538164901 0.0650259242431861 -0.283809383142773 0.154140179522362
0.0519290960218239 0.178224545876913 -0.337563396126464 -0.00615303408277186
-0.126693066299705 0.121265329652956 -0.3070691703073 -0.124459376951803
-0.257903777050296 -0.063333170656184 -0.282108318548272 -0.24596073234135
-0.367747944524549 -0.110359043586449 0.0127338840846216 0.196060396215303
-0.271879043883448 0.157932372729307 0.116736163655993 0.232043571499506
-0.0387074690908907 0.286182075299757 0.316802502699136 0.111465201033837
0.18674716287497 0.202094855263761 0.344585481212143 -0.0985653025604369
0.2148729413316 -0.00933790573452533 0.180580398502909 -0.196937693916596
0.128441702509372 -0.0902267790261226 0.0401812656078631 -0.166307520878637
0.0930077906674499 -0.155791332897535 -0.0320777932986072 -0.0680005153641866
0.054263918341979 -0.174134542867595 -0.0207134318703105 0.0188036398113869
0.035771573329958 -0.176292544083652 -0.0183955286745788 0.114255538400416
0.0859136597612848 -0.141921197404829 -0.0868294642134688 0.157377493813678
0.170153732472811 -0.102289563453159 -0.182596167222394 0.188792748462426
0.247551598434221 0.0991430351307127 -0.246488131615263 0.100132439398457
0.0647199607259678 0.264369128167566 -0.259323483542001 -0.0189526640492714
-0.191107922825667 0.169719735921319 -0.239542751178598 -0.0684573964199012
-0.336345079391287 -0.0740127171288213 -0.210953524780114 -0.168458544563286
-0.361266066897125 -0.108582715019642 0.0953626735328661 0.279993360064875
-0.26237619108075 0.125568655527632 0.197989940131648 0.294521850652639
-0.0687602690719637 0.249858727918974 0.388461519200804 0.113641438353713
0.131349819556104 0.209852100226841 0.382999892697675 -0.127793986771952
0.192784919087884 0.0303852555524661 0.19569762510891 -0.229295596849969
0.133659926682511 -0.0646325842595746 0.0655520644133365 -0.201391696992647
0.10354847855415 -0.143782962191039 -0.00335071305824672 -0.122026751461467
0.0614629840605123 -0.171686106845572 -0.00132148213698412 -0.0434393408686826
0.0421875755386902 -0.185662722567185 -0.0120084634337447 0.0513567618138172
0.103509190487507 -0.16011569980864 -0.082250267811721 0.0895280468558401
0.205898932109424 -0.104746817449853 -0.158954265859429 0.11415059876542
0.274490867630986 0.142712399131612 -0.16996622575095 0.047561329774851
0.0410241815424091 0.313946227881045 -0.170489160846856 0.00459894804769091
-0.232628729531551 0.175417416955793 -0.189516638115743 -0.00995005461447905
-0.359958530709448 -0.0803254263075178 -0.122453472775479 -0.101528420346032
-0.315025486041645 -0.0837213539169259 0.182085406608903 0.347581543963656
-0.226008684534753 0.0968782606624574 0.2875588328361 0.318611740084677
-0.0801060708615517 0.202348294922567 0.424240582033012 0.0850977612663293
0.0830465225868123 0.192465734758434 0.379935888054474 -0.15085004574624
0.156689514479189 0.050485602007509 0.198679524917063 -0.240021429389709
0.118214267043733 -0.0411053858354506 0.0925810447586819 -0.220439352544592
0.0962853981169609 -0.11540102536116 0.0304380788838145 -0.166389626470335
0.0610329955500103 -0.142863850178394 0.0154525301601961 -0.100181102892343
0.04638866965295 -0.162200913495991 -0.00800742153001706 -0.0141550281919191
0.109985846564243 -0.137890341434749 -0.066773995771737 0.0180552613234474
0.201828019554662 -0.0692105697891665 -0.106214760744801 0.0461564768593605
0.226492289512485 0.170496597802444 -0.0846674631297361 0.0353896584613847
-0.0111025758365415 0.287422132531438 -0.118486011309693 0.063149571625228
-0.227226223202885 0.1301669362585 -0.174958269089221 0.0244367189016715
-0.316262385387647 -0.0815745375930744 -0.0309619358765729 -0.0545977607969202
-0.230031595019327 -0.0434358261600631 0.256051091068701 0.385983873247274
-0.165151351919029 0.07418779952046 0.357878803084189 0.308627335215956
-0.0677192438390091 0.147516513226727 0.431832974411064 0.0489322288521591
0.0482631132548784 0.146365531474549 0.35890863523198 -0.164856986842131
0.109203224217333 0.0449014945346816 0.197666995967474 -0.23964896941463
0.0846527065957917 -0.0237340394433866 0.113935461161916 -0.231681356919666
0.0744945227048456 -0.0747465803510026 0.0575131389157037 -0.198770871713725
0.0510189598758 -0.0923309771067901 0.0269011197062962 -0.14158190754392
0.0449983113550523 -0.106571038546305 -0.00289506022759759 -0.0668906249150987
0.0933307135607652 -0.080028169630396 -0.0422965223775471 -0.0346390152325931
0.141968451439023 -0.0143852401037593 -0.049782048996339 0.0116209935159107
0.119128691567703 0.144598331104389 -0.0342051804235888 0.0562661875114915
-0.0505419083460688 0.180220348403444 -0.118708773140611 0.11228564991275
-0.155365723881156 0.0541540641200614 -0.174809505745425 0.0198888390115605
-0.207351688117491 -0.0710084553793897 0.0506078697261843 -0.0280004802862039
0.0350871501242036 -0.00535377999641424 -0.154931351698364 0.0610922146144908
0.0578074433629349 0.0122441425581188 0.116953015092095 0.0386460228115457
0.0533199096931294 -0.027970049637233 0.15362379218909 -0.122226356737903
0.0110697386191923 -0.0579698736345732 0.0537085403352119 -0.0985192410141324
-0.0284905767920065 -0.024382396851299 0.0290454513156518 -0.0373012259649637
-0.0310326358342401 0.017557414808567 -0.00535512065008949 0.0168045390883561
-0.0242899359602235 0.0336114391640345 -0.0237738762969652 0.0845263379309526
-0.01606333987928 0.0354814273873053 -0.042606389271868 0.154013170193857
-0.0304165106855071 0.0274599995983327 -0.0670050341320881 0.231609557765934
-0.0327198886253206 0.00254631175963771 -0.128877305668436 0.257307962340235
-0.0316019098383817 -0.0307432039789601 -0.196997730985237 0.258662842557865
-0.00705498395282564 -0.0673341281669758 -0.316034844118669 0.192038661775229
0.0329014782531925 -0.0732600689893854 -0.418956505157036 0.0216697145971987
0.109696067299389 -0.0336088788300156 -0.409778446839022 -0.245329121984517
0.124545479146325 0.0187389291399185 -0.341259966506497 -0.420580576683828
-0.129308505132305 -0.0132574634199219 -0.145712343139053 0.0483130827056098
-0.0755094483798288 0.112681492467526 0.0971345604526841 0.0425622230301723
0.0485352377249058 0.131236993191349 0.15307260341682 -0.101843085210397
0.136667817093274 0.0312854451263888 0.0765240433306054 -0.100097228005792
0.0813340112532034 -0.0689513620326835 0.0388129301063521 -0.0494453173666455
0.0141662491386236 -0.0564069434834195 -0.0108119638937623 -0.00026126701199323
-0.0043894317843411 -0.0511783514123324 -0.038206526208234 0.0849130259223187
-0.00176271389866153 -0.039533852415255 -0.0451364828468989 0.154841027197117
-0.00962210350168078 -0.0345174371774913 -0.0588650758507989 0.233346198666935
0.00989293226450994 -0.0275944526643093 -0.115926802013442 0.257157995444708
0.0212781908096549 -0.028605645834605 -0.18182996880262 0.268085165798509
0.0391204104783329 -0.0134885121131996 -0.301452470480574 0.209988895097509
0.0251583840200128 0.00164946246926278 -0.413827372917666 0.0412244169140498
0.0301492443066342 0.00248688380782486 -0.420228232686364 -0.196533128762946
-0.0136141750281303 -0.0170417777061187 -0.374963466147911 -0.376563069943303
-0.262796275352523 -0.0293826087060543 -0.105489172908052 0.0569137310178947
-0.175364191707598 0.182084863989713 0.0721029727493355 0.0657600762408415
0.0427206600110154 0.248291220981449 0.164346528037014 -0.0385825410083558
0.224317018009026 0.103483625852406 0.144135127625107 -0.0886173158966439
0.16702960193527 -0.0889677032187096 0.0842840322747318 -0.0878142255647872
0.0606251122382036 -0.104635274731169 -0.00247740849413056 -0.0506271370412622
0.0235418154710649 -0.11916443603292 -0.0479972919022223 0.0555723648649414
0.0147320079095319 -0.108053849911412 -0.0408877300800713 0.130483618706092
0.00564067456903265 -0.0959896910531375 -0.0395975808024417 0.217026484060581
0.040860447746277 -0.0665140292315065 -0.0957036900333785 0.250295020658121
0.0699454541747904 -0.0464661613651162 -0.171587440246453 0.278867361788347
0.103728896232084 0.0227713824264848 -0.296765720304647 0.216814932569696
0.0394600364465544 0.0852526775896484 -0.400593385911137 0.0392680072431889
-0.0480378576987626 0.0608328352711298 -0.39371943922697 -0.147854021765847
-0.155483006124452 -0.0393671251689515 -0.361567637612111 -0.305792281133657
-0.348865508609245 -0.0505138954423211 -0.0436161780926529 0.0988185259003844
-0.231639341072353 0.206393008733502 0.0729249563700861 0.128344674397543
0.0276038886214855 0.300146111131386 0.220462294094736 0.0376121194433281
0.25046626146337 0.150955827348812 0.239736031836989 -0.0914973477068943
0.212512018960227 -0.0758012928330327 0.136284377032238 -0.148226405955862
0.0998461834509686 -0.119929550325645 0.0134493867797199 -0.113436577953634
0.0540165013981216 -0.161970797874016 -0.0484188290524262 0.00545003459727382
0.0303579740676188 -0.159855116000863 -0.0313829369032145 0.0830668919570638
0.0148803679999152 -0.150046496412383 -0.019811205630367 0.178351002299233
0.0600147409817221 -0.1138012765887 -0.0815403032376741 0.227603938239431
0.116003301797496 -0.0851144941848866 -0.172371343655759 0.269518184393022
0.187653252400225 0.0442882592340672 -0.293109720992079 0.189987702338034
0.0726716784783705 0.175766084126566 -0.361594477975559 0.0152273122843378
-0.12105692807214 0.131953424310573 -0.327728835010815 -0.103500728594581
-0.279880542492698 -0.0501430289806631 -0.307707166276098 -0.223806554196956
-0.388363952973172 -0.0672743102668519 0.0361890892479641 0.172687753276878
-0.254942655640291 0.189601957683707 0.126205447702072 0.210608909619556
-0.00338016013252004 0.296793038842036 0.311015254310326 0.0799738645828032
0.221888122431527 0.181399724681647 0.323464228251612 -0.122634484083921
0.22075097994611 -0.0364620783424795 0.169689057929292 -0.207458622984249
0.126614754148062 -0.106899462979651 0.0317443299471744 -0.170251729933087
0.0787087946584562 -0.176739667988376 -0.0359230006010446 -0.054213891954715
0.0424279667947047 -0.186872143351315 -0.0171751420920208 0.0196988846345887
0.0194029472376191 -0.186545832732446 -0.00867419714122431 0.121836310614391
0.0756886746342339 -0.157663410414204 -0.0796051754785022 0.180139989850574
0.16259523026611 -0.124440732215865 -0.176764011716359 0.223189788429091
0.269307116194979 0.069665473255391 -0.261742028278879 0.129769517063032
0.0971856205719324 0.265239937987217 -0.282051646962526 -0.00890208128760592
-0.185672076703641 0.190510627266418 -0.243982801538273 -0.0498930246052746
-0.367027039359963 -0.0523411769675828 -0.220936954250512 -0.142644237603054
-0.381113909655593 -0.0672629315558974 0.129997399793556 0.254657750106913
-0.248902087705909 0.155863430546645 0.218777523687397 0.269655500797104
-0.0388071932806035 0.263554526527729 0.388859818227674 0.072378902017334
0.166722272579714 0.197809917785714 0.360866000087338 -0.161293026221825
0.204457546957456 0.00566536863713834 0.180373601376751 -0.242836462166009
0.132880242602722 -0.0809901930670977 0.0543747552887624 -0.208429791284452
0.0907267370433925 -0.166247710317538 -0.0114282859259553 -0.113557119126486
0.0502623004451096 -0.18558261606973 -0.00245662565736825 -0.0480039732383005
0.0244349126075576 -0.196999764833194 -0.00568885753075555 0.0539266738794827
0.0918741281986351 -0.178034548991225 -0.0803670837423104 0.109123625184391
0.199653337290318 -0.131661251982253 -0.159381856786238 0.143063700792869
0.30364648506153 0.113824691154803 -0.187820683964229 0.0654437957733377
0.0775976211688042 0.32124226959852 -0.183863361957409 0.0042215198892368
-0.230643621860912 0.202811437310886 -0.180164596798325 0.00833289351633755
-0.394088594156571 -0.0552281311040548 -0.121256514997662 -0.0754855736506238
-0.32928273139368 -0.0468692569915726 0.223719446147621 0.324113107342963
-0.214287587513317 0.121941788583175 0.318014753465128 0.287886373388186
-0.0565495260604916 0.216021996044442 0.42700752693749 0.0385121530518985
0.115518676577944 0.186008851574141 0.358767630752894 -0.186577340189328
0.168407102769442 0.0294567550751158 0.180423298566284 -0.253335943927573
0.11814207455157 -0.0570545539915843 0.0805558964562879 -0.230790361076464
0.0866148345525892 -0.13647928392596 0.0194464943113679 -0.166240152063894
0.0513373283354652 -0.156151887582605 0.0103710176273213 -0.108557994434381
0.0318133062099811 -0.172610139343282 -0.00705869699899937 -0.015462233874017
0.100966451360241 -0.156184890458386 -0.0713990239461532 0.0303722027954645
0.199768888387688 -0.0944786761863217 -0.109451946480281 0.0646820186462255
0.256645269082462 0.149009137347303 -0.0970080287578103 0.0412678843977685
0.0192822405586436 0.30167482167018 -0.118718267721047 0.0623698481077212
-0.229654418832323 0.155130726304006 -0.161618086789474 0.0468537523024019
-0.348848186501924 -0.058734853193061 -0.0212023492739119 -0.0337518833639435
-0.235726675392036 -0.0176976132773418 0.301451644137936 0.365926369303439
-0.152745610614974 0.091427413303568 0.391338716739785 0.276017860335718
-0.0492273199723089 0.157326473300826 0.434723048910306 0.00294202232549342
0.0732734566169519 0.141452426670096 0.339242124729138 -0.200159835287688
0.117693547518449 0.0287516836988833 0.180667402780452 -0.256571545482797
0.0838879350716629 -0.0354145850513683 0.101281864988899 -0.246181002055689
0.068038388780169 -0.0907095292007489 0.0432413440348882 -0.206126426688456
0.0452339762429735 -0.101822398160015 0.0178647783433094 -0.152916061164919
0.0354048469359606 -0.114759569442161 -0.00692672338499337 -0.0713681074661602
0.0898705317065866 -0.0935673547855052 -0.0502418326771522 -0.0279842558847372
0.144797365519009 -0.0311688133536917 -0.0535051907615425 0.0212604179259239
0.142286000688489 0.13558374209933 -0.0366224603793588 0.0578061201580614
-0.0328331570231103 0.19349391104085 -0.110782365868631 0.118967977931716
-0.160811197361465 0.0678597351428312 -0.168365282262701 0.0444948537445554
-0.231424671267043 -0.0553766340611294 0.0630332589217131 -0.0162144701816403
0.036931767138892 -0.00746032701751341 -0.162105546788382 0.0660852931321158
0.0625951666458606 0.00553468002774086 0.112930966866264 0.02947925689391
0.0536751772247201 -0.0341776662657837 0.143967026984537 -0.133735466228011
0.00587124648852634 -0.0619726440803768 0.0467981016805258 -0.102696789199533
-0.0320293531137602 -0.0242534526556779 0.0280377267602777 -0.042650641477213
-0.0310099521627963 0.0206573868483621 -0.00331183430113855 0.0154980973251635
-0.02336605946877 0.0368453254384087 -0.0215790163784789 0.0886310750817301
-0.014359291707303 0.0379454248949754 -0.0374465331385541 0.164044078650972
-0.0292258646739254 0.0307316537426883 -0.0569513205116881 0.245467246756338
-0.0341532001626743 0.00426605773686099 -0.119215801942238 0.274937729246328
-0.0353808205718086 -0.0304088230708674 -0.188429339134693 0.276081097032391
-0.0117827059884513 -0.0698561647918841 -0.312277129627149 0.213411293375539
0.0301776640796331 -0.0767176681559047 -0.424532240211599 0.0472465930488735
0.110537514435382 -0.0435517419142465 -0.436941210215637 -0.223938159853787
0.129425147603548 0.0109732932601076 -0.383927514272206 -0.412491335569459
-0.135773520698377 -0.00527440550032121 -0.152784624256035 0.05179252549055
-0.0697154276909957 0.117990336251351 0.0931571568224679 0.0348552115593612
0.0587183895846956 0.132223581579522 0.145251892358121 -0.114253326717418
0.142998952332628 0.0232899173231153 0.0695838609139146 -0.107500601110839
0.0789574620222107 -0.0773464756154587 0.0379251881879549 -0.0549195971551994
0.0121635400450056 -0.0588998346372519 -0.0119494296467589 -0.00168713790949324
-0.00767251591961695 -0.0523731024727413 -0.03563345774494 0.0901286462052102
-0.00329635638111981 -0.0423631866864253 -0.0400560494276969 0.163309433922094
-0.010089857605879 -0.0357033053049498 -0.0480791290606378 0.246816274593119
0.00976810834978314 -0.0296393354812696 -0.106524857851269 0.273679222785022
0.0212958003263274 -0.0304005160179295 -0.172416858923716 0.285485064806225
0.0399267110527627 -0.0150721627680209 -0.295142836618141 0.231510518888995
0.0245531550192344 0.0013831723032882 -0.420018208781386 0.067078967546468
0.0288031087900302 -0.00222146121737598 -0.444197295731005 -0.172219472983819
-0.016425777792316 -0.0173544489235849 -0.413113475316176 -0.363821997701173
-0.27567304352028 -0.0144969914416097 -0.109335083271554 0.0586875769145823
-0.168926456203655 0.196141650030553 0.0700976463030115 0.0602056991846612
0.0581038381378735 0.253614685577974 0.16253082782651 -0.0503101296115026
0.237790300531964 0.0941545348427016 0.139926897557521 -0.100460719148938
0.167481264689073 -0.101221997916216 0.0821262242107363 -0.0993720889246615
0.0588641521838005 -0.112403466761533 -0.00696156278014095 -0.0542099506785825
0.0176210439401546 -0.126866712899705 -0.0471243695537955 0.0608718502031617
0.00987140306214317 -0.115418652208356 -0.037055218484846 0.137950829956581
0.00287109861533452 -0.100790397555416 -0.0279354851645062 0.22640211156773
0.0415500519637935 -0.0717301242763378 -0.0848781582215431 0.264594769512888
0.0717327668117606 -0.0509152302628079 -0.159667571837987 0.296589972647749
0.109999866312021 0.0195299698515567 -0.290782779752304 0.23883861774523
0.0442663933274524 0.087571578512924 -0.407054941976666 0.06623305601144
-0.0498482073550832 0.0616769820454724 -0.413087060588576 -0.123634622121004
-0.164982049006355 -0.032271281688252 -0.397003090094761 -0.290187674939182
-0.366618423702692 -0.0319366926383477 -0.0415489941500672 0.0987716281081121
-0.228266621977799 0.223403487001283 0.0764296516499503 0.125432096305261
0.0451658274718253 0.309145728206399 0.22676704562426 0.0229476015263264
0.268176930052316 0.143253267930056 0.238473589773275 -0.111300367082827
0.215357619979911 -0.0900737153860751 0.131211079354835 -0.164946887630856
0.0998875001256673 -0.129689524103512 0.0051306859901171 -0.120816540902899
0.0471640206477021 -0.173139558887145 -0.050050536231306 0.00820804263668158
0.0225166896067507 -0.170234476021051 -0.0286432022021924 0.087707591154675
0.00934362886522698 -0.157043019020688 -0.00910412856335477 0.184465764364776
0.05941780280188 -0.121458001870405 -0.0707081409288883 0.240224087246987
0.117165825835395 -0.092934979792226 -0.160397856039756 0.287994691062986
0.197497732295431 0.0368278725569191 -0.287220956059218 0.211595214262924
0.0847622318515244 0.180161933755991 -0.37042870430032 0.0379888425415664
-0.121627669462761 0.13966359944821 -0.341950408866377 -0.0815946204579828
-0.294861923672923 -0.0355765049949361 -0.334084737913558 -0.209176794157959
-0.410151400375178 -0.0479171595444502 0.0464495381275683 0.170989102577131
-0.25549978588912 0.209142074782048 0.138072922614881 0.205769342862506
0.0107228199766489 0.309477652669834 0.323308383743917 0.0599613876226225
0.241378133423302 0.179623129866929 0.321550765404885 -0.149233577147378
0.228431287959737 -0.0497602744243478 0.161694306171265 -0.226637903231118
0.128458557655254 -0.117989887333013 0.0213997251838309 -0.179808110581553
0.0727491576449607 -0.190279873433756 -0.0396050347276057 -0.0545211179526853
0.0335666834882411 -0.200151538857803 -0.018033219699197 0.0202799407894467
0.0119718412235944 -0.195783367741802 -0.00010569049792235 0.124738012769547
0.0724341971450612 -0.168176940445727 -0.0714572654487527 0.192206685345559
0.162629432587733 -0.136202353593717 -0.166178562529964 0.240625798517144
0.284957884486558 0.0587627176727019 -0.260190188235807 0.147178892184279
0.11542933235978 0.270835047594687 -0.290074043957938 0.00655021829478886
-0.18365034400339 0.204726197633027 -0.251665206855427 -0.0328110248893868
-0.38554690159459 -0.0317838165553382 -0.238476021613481 -0.129061076238315
-0.40221421843083 -0.0477564559675018 0.149970947453245 0.252416495405562
-0.25256774523196 0.173021051890159 0.239591348851527 0.260148870744477
-0.0287684885724212 0.278504652066533 0.402969010618836 0.0480397878583519
0.186570240774731 0.200276006733769 0.357567512791629 -0.190928060924003
0.21472324742274 -0.00367827491742293 0.170626544907631 -0.261184455633624
0.137579660387612 -0.0915135464306163 0.0433529200204 -0.220034078724769
0.0853405113714992 -0.180382947472167 -0.0176227528610687 -0.118208747778129
0.041731343169693 -0.198998609847772 -0.00579695952369069 -0.0517846034014991
0.0165501871384789 -0.206362851431156 -0.000845027299030572 0.0534100487262232
0.086575506654716 -0.189702403343758 -0.0763907695341633 0.119357712109435
0.199706943945057 -0.146337077577412 -0.153243014562173 0.157840928836317
0.323057651778981 0.100372340249773 -0.189006060921775 0.0757162449601354
0.100959454337544 0.330351018572411 -0.188084069155246 0.0137394292541591
-0.229195931664037 0.221223124308743 -0.180538560837045 0.0237692321510798
-0.414197652857971 -0.0312929296287472 -0.12798545380538 -0.0657164442851366
-0.347847231221928 -0.0303548175243481 0.252823408990177 0.318958315591128
-0.217798721373708 0.137233053801872 0.342966758025239 0.273562178851232
-0.0478942014358655 0.230045037971721 0.441236844885254 0.00873376614680341
0.132466221995283 0.190333172444974 0.353128660343878 -0.215567536189997
0.178801297652411 0.0226722069604421 0.171213439449976 -0.270766135451746
0.122982559472724 -0.0646011258062708 0.0700080176291862 -0.244988048573217
0.0823100752965707 -0.148537507543341 0.0113590829014533 -0.17478497041343
0.0450633107394161 -0.167832557581694 0.00441967548962227 -0.116306462469899
0.0245127192296694 -0.180930228583107 -0.00575776186267877 -0.0168651901173159
0.0965107888063221 -0.167120224968325 -0.0710146563247856 0.0389651497831784
0.201124730156124 -0.108576662068293 -0.108084368535496 0.0740162926229957
0.277162944401033 0.138217557228216 -0.0967168452240495 0.0453828578706296
0.0407961094473629 0.312250148837167 -0.116499706270192 0.0688135306070452
-0.231644266464953 0.172634247685248 -0.157766866439714 0.0620438489451912
-0.368222009809746 -0.0369714209124843 -0.0216313156707417 -0.0278756099084031
-0.2494909441975 -0.00305810443509211 0.336412130592403 0.357843955013609
-0.155304715324239 0.102355676893217 0.419052244600055 0.255241719295938
-0.0431444500657609 0.168670066888369 0.446216858401517 -0.0279325455287399
0.0858906872647882 0.145530121959784 0.332869111177112 -0.226642671073005
0.124332372100045 0.0235967333977495 0.171265894913225 -0.272811403801328
0.0867611424408905 -0.0404774142100919 0.0923759559272397 -0.262663986618352
0.0640090315057537 -0.0986636348138775 0.0347811701805573 -0.217412064197427
0.0415778656706003 -0.110825801077843 0.0102372906264279 -0.161886512573549
0.0311063417734326 -0.121444430681327 -0.00870816076090206 -0.0738678978071733
0.0881338480160668 -0.102938481266077 -0.0533055750776149 -0.0227321107815376
0.148534922929749 -0.0407796628770371 -0.0531736564813272 0.0261103385396817
0.158191492438887 0.13163395531306 -0.0324531384390424 0.0579553714335945
-0.0210015491241362 0.204735320968585 -0.102095186390905 0.126035206292727
-0.165315249778142 0.0785789917931991 -0.162883615770839 0.0605664944704793
-0.246782842538059 -0.0410696513645195 0.0676739621024436 -0.0149449847713065
0.036719240388775 -0.00856912819359159 -0.163889824955717 0.0705589741825494
0.0644628696443402 -0.00220379208660961 0.104729445880479 0.0198157546456052
0.0514571458926194 -0.0401482447260565 0.128996745878968 -0.141971256313136
-0.00017750746055184 -0.0645830742881205 0.0380714251166577 -0.103295762268554
-0.03432109557616 -0.0238770770519471 0.025785297478186 -0.0469568210249848
-0.0303970938139695 0.0230232565190663 -0.00203015088098241 0.013280046521344
-0.0214633674514883 0.0383567912060767 -0.0185775260507198 0.0906893563590989
-0.011415799234585 0.0385374309688251 -0.0304505746257302 0.169447028989729
-0.0274637326277706 0.0329929566780109 -0.0421284624673773 0.252402194159932
-0.0345659362223006 0.00611873013909832 -0.104056584754113 0.285709368887562
-0.0388213671586746 -0.0289008791764131 -0.172912077250598 0.287095318556939
-0.017084701497985 -0.069840445366408 -0.297454029544896 0.231061093042907
0.0256120789064212 -0.0785236952680467 -0.418121929913349 0.0738505073255506
0.107523361792702 -0.0516555347530755 -0.450203482815758 -0.193175992968367
0.1299440418552 0.00189325236462065 -0.415623864715828 -0.386389397241916
-0.137007089592357 0.00444917150126998 -0.155640615336979 0.0551044758299588
-0.0614681308466234 0.120038339317673 0.085411274184047 0.0262602666044814
0.0675335893242823 0.127269118426892 0.131906146399378 -0.122949985072294
0.144187617560079 0.0128566051574001 0.0600097106879635 -0.110783522551727
0.073387869732732 -0.0832773389910169 0.0345312852909365 -0.0612798023102221
0.00940361025776141 -0.060109977893699 -0.0128325743068476 -0.00313040107052217
-0.0111095359602018 -0.0522865925024279 -0.0325300251686902 0.0927884429646427
-0.00508419996278327 -0.0445935311651539 -0.0326885201751562 0.168694830015493
-0.0110318200295069 -0.0359119680538642 -0.0327205568437781 0.252121353599398
0.00972593117618903 -0.0309232324496339 -0.0910383854959567 0.283169649730573
0.0207473984283636 -0.0316703864531246 -0.15575132554044 0.295704449103522
0.0395411756179281 -0.0164394612221954 -0.278742217996905 0.247910360323091
0.0243612098598071 0.00164657934862392 -0.411823012376074 0.0941277278044357
0.0252574322587998 -0.00664243760493756 -0.453864659118361 -0.13913747098765
-0.0187495027378911 -0.017434747354364 -0.444116021783024 -0.335425647890794
-0.279440270981639 0.00351903295459675 -0.110569476816577 0.0600734961657171
-0.158385744941789 0.204374705526139 0.0653501365219673 0.0538439971882148
0.0746107412664831 0.250901805342811 0.154871310883079 -0.0621259784013699
0.24525987170938 0.0796713208336767 0.130422725621478 -0.109815830277984
0.161040688571943 -0.112196797455306 0.0757691023608529 -0.108629046591066
0.0538036482042109 -0.116894552530499 -0.0126308015123539 -0.0564801937490323
0.0100326786501915 -0.129126553230554 -0.0448379140145012 0.063178433758076
0.00305428928051838 -0.11980412785497 -0.030557840108258 0.142506134420944
-0.000988104698108417 -0.103310252344025 -0.0138469665139603 0.229908012548828
0.040015327158075 -0.0755167710474748 -0.0691036075246795 0.27227597357937
0.0714424967661243 -0.0547346364386596 -0.140903586964056 0.306000997747834
0.113029900727975 0.0154719544488639 -0.273293076973012 0.255127039927273
0.0486886313024691 0.0871915489398935 -0.401256229791298 0.0929162515148622
-0.0510643050108183 0.0621873497401954 -0.419016152636287 -0.092744785237453
-0.169358668202341 -0.0228865956257401 -0.421076043162997 -0.263070324760997
-0.374028448269081 -0.00897654253607578 -0.0385279140868218 0.0965677379053742
-0.217400964961919 0.235915463095209 0.0774901245343729 0.117995419093165
0.062871825860866 0.308895199135074 0.225053712313266 0.00658052586942832
0.279604320426471 0.128553237339937 0.227483135834676 -0.128348964404439
0.211868951669958 -0.10276224860653 0.119213242944774 -0.17703094582519
0.0953459143381928 -0.137074690651344 -0.00492070321745923 -0.123998892829929
0.0371005375114287 -0.179328928820236 -0.0501782646317575 0.0108951600007141
0.0126896815594729 -0.176911540295694 -0.0250749971372537 0.0904342387864202
0.00202479992489294 -0.161117505013766 0.00259355184412509 0.184872103906623
0.0557717438841121 -0.126863087542842 -0.0558731873921619 0.245844708333428
0.114680369531138 -0.0991433142970852 -0.140664425885583 0.298213603479919
0.202580208443785 0.0271399118598556 -0.272057932099666 0.22830978431613
0.094890807872666 0.17793291140381 -0.366153019777059 0.0634350913962791
-0.118735150687536 0.145232403610889 -0.344461018611223 -0.0546869421461572
-0.302002830832531 -0.0170553340973085 -0.350411674231262 -0.182974256802827
-0.4193401835926 -0.0225181854860049 0.0561105937926704 0.164083633402715
-0.247470727634217 0.22282744313701 0.146472689913327 0.194435116265191
0.0269960194331878 0.313178135486489 0.325724548152933 0.0355077224492547
0.255906763229941 0.169077900534228 0.307441960154793 -0.171925047075936
0.22904415510422 -0.062556197941434 0.145511406647482 -0.240043605939738
0.126536564320555 -0.12718409808576 0.0080625577193925 -0.183790809436626
0.0619745877695191 -0.19870128736008 -0.0430357770711723 -0.0533056171032994
0.0220736904739949 -0.208245760112602 -0.0176072598988201 0.0204719062263661
0.00231548204716815 -0.199950294077927 0.00902721477373526 0.123115821672048
0.0652752354276569 -0.17398675787749 -0.0587570999368059 0.198618390775983
0.157393301238908 -0.145073668738878 -0.149631165551163 0.25212417941883
0.291680379005176 0.0419590738524764 -0.249785119067408 0.162611641828101
0.133125673702047 0.266878162321508 -0.289237148443016 0.026514362565137
-0.177049863981531 0.215506458467077 -0.249898597568494 -0.0113042273159966
-0.393159643619305 -0.0068068250563664 -0.247764958059036 -0.10876140126193
-0.412963084149532 -0.0230455879538897 0.1673766227667 0.239648478507555
-0.247247482306652 0.187658850436367 0.253277305058541 0.241267465917565
-0.0142072172262543 0.285363970771385 0.403845783291945 0.0172464696585161
0.203583537803448 0.194125212061525 0.340283646095304 -0.215081332867099
0.218445989684684 -0.0152997718525916 0.153452753753351 -0.273684910773337
0.137435903877135 -0.101068152012398 0.0287041991362748 -0.225639713428757
0.0757722514097221 -0.188732888585081 -0.0240223782313857 -0.119722750702678
0.0299746996323494 -0.20785663837313 -0.00978780443524993 -0.0537868663506138
0.00597922492938559 -0.210558260779565 0.0038425635100802 0.0513144209031903
0.0775274126776487 -0.196442607251461 -0.0675422856649984 0.126557814223652
0.1929684447001 -0.158808110555723 -0.14157512906057 0.168526470380269
0.33355216091591 0.0795497510545857 -0.184109258202536 0.0865335687932424
0.123113820422058 0.326371364957515 -0.186283775986151 0.0244540370689353
-0.221082284330167 0.235626763163988 -0.172977715976275 0.0396675759903257
-0.422967535016381 -0.00336935578970344 -0.131619202161505 -0.0521135986172038
-0.355877501713302 -0.00734022250867863 0.276620525711273 0.301324080594202
-0.215794543791068 0.149937618820158 0.359679762462693 0.247419036070766
-0.0361710507521199 0.239082794515909 0.438714858513633 -0.0232652618414956
0.148998992428338 0.187539738916262 0.334881043339913 -0.239780561386225
0.183842045661701 0.0129871391955908 0.154077070504999 -0.281466840607264
0.122764468658854 -0.0724699740014901 0.0551435729333875 -0.252773612051466
0.0739327394980646 -0.156322666621064 0.0017509457911431 -0.179475867720224
0.0349807159277858 -0.175774076657772 -0.00239620653878238 -0.119967399069811
0.0146068153685249 -0.18565724194711 -0.00518617277538197 -0.018605440860932
0.0878285542042511 -0.17546232863695 -0.0683329782092924 0.0461719944079586
0.196551605853279 -0.121801225391308 -0.102197114412365 0.0817141151107698
0.290891124368529 0.120427667723844 -0.0933405654881429 0.0485015923008163
0.0633215353359846 0.313232570178865 -0.109539534485385 0.0737909288899512
-0.225567671209351 0.187885929736006 -0.146765878531525 0.0769214450454008
-0.376557562104747 -0.00982624610368204 -0.0200879744403041 -0.0206605487946897
-0.254977571094101 0.013675781048792 0.364212577839332 0.334972965653575
-0.152887645489466 0.112250774681822 0.434497503591689 0.223655562679033
-0.0331946943550084 0.175195246957374 0.441188540324354 -0.0604296835592956
0.0988401958989587 0.144092210941023 0.313291337930279 -0.247439703608671
0.127399429885764 0.0173670843953304 0.155200609209546 -0.28134374985761
0.0859278502759444 -0.0453073493002864 0.0775304294637773 -0.271521448397034
0.0582577680332974 -0.10474639808401 0.023299563620705 -0.224484589144923
0.0348862246614442 -0.117166405849009 0.00180966836103767 -0.167087593855852
0.025234592170721 -0.125227110128097 -0.0107881988519997 -0.0750359677869046
0.0828346680453127 -0.109845777788662 -0.0538638353482703 -0.0161743649428247
0.147712115361317 -0.0508047503315184 -0.050252121275006 0.0300754664480167
0.170920567595156 0.121862411926811 -0.0282555840798979 0.0561056833368161
-0.00601326334558859 0.209234510725351 -0.0898413065250557 0.129699065584277
-0.164627733629676 0.0895480966290019 -0.150420960487509 0.074962123483308
-0.254269969695255 -0.0227760662319044 0.0715851818804307 -0.0131655882931043
0.0366953448452862 -0.00875811659782712 -0.164932359269627 0.0705180866446391
0.0651752507264007 -0.00862181195498027 0.0937795381044924 0.0142068242216354
0.0488073710729333 -0.0435820416160611 0.113745074314979 -0.142465614296684
-0.00543785343854324 -0.0646993210690004 0.0311466400341954 -0.100193172410284
-0.0369485737176976 -0.0232693363403081 0.0231654156180309 -0.0496116042102994
-0.0291574455372974 0.0234215832608708 -0.00245371669138031 0.00989091721755162
-0.0197815349243389 0.0394334416586515 -0.0170550396996656 0.0910896630363066
-0.00960675933528806 0.0378462915153574 -0.0254595945793172 0.170775053423076
-0.0248145354435972 0.0344084067705513 -0.0316754287444149 0.251728382340204
-0.0346568271324519 0.0069472249796819 -0.0911987793304773 0.288095863171565
-0.0399292147403106 -0.0271187421757227 -0.159525585304039 0.288586260117375
-0.0204072832789851 -0.0688804779131251 -0.280660275961645 0.236925409165459
0.0220767650731586 -0.0779187297392253 -0.403143880356603 0.0900856087759488
0.102091327994863 -0.057113859006395 -0.449082898872813 -0.166779231124808
0.127471048843447 -0.00403537804426111 -0.429908962027073 -0.359723163143842
-0.135408629392805 0.0118730796396601 -0.15686520483481 0.0554451357221855
-0.0539800747211666 0.117708694487659 0.0747784993472455 0.020652764883885
0.0726162196067858 0.120822219885086 0.118017516782511 -0.125274540172665
0.141928183594475 0.00504753717870177 0.0526144324395751 -0.109296791459007
0.0674109922367555 -0.0860682847440808 0.0309091112600521 -0.0641881128226598
0.00722598280947544 -0.0592593767611983 -0.0150408530059018 -0.00520741205599464
-0.0131079033875372 -0.0515459586944234 -0.0304544909615055 0.093338731464721
-0.00682238090181628 -0.0452804581129251 -0.0274950341348861 0.170202585641354
-0.0109484108532987 -0.03576762938181 -0.0218727806317553 0.25142765863626
0.00951436967441101 -0.0316233240264964 -0.0787644204753736 0.285126640183127
0.0203608291051866 -0.0316577936606439 -0.141954356270487 0.295122622372358
0.0390048904189068 -0.0172198015658903 -0.262004674554056 0.251835001595448
0.0234046317651549 0.00199102954141805 -0.397075395460903 0.109802117598543
0.0215263944902667 -0.00966829540272839 -0.449541552212078 -0.112334948715767
-0.0210878740901569 -0.0176281335601461 -0.45481904033707 -0.307206558084859
-0.276885050589642 0.017477017344898 -0.111938807210678 0.0578018450636239
-0.147866876604781 0.206126497457014 0.0572482161701303 0.0484043159695062
0.0837954555417785 0.243482098623259 0.143704532700559 -0.0673777953387542
0.244839078184051 0.0677721580252394 0.121145208784947 -0.1132558880165
0.153264265641888 -0.116893101549649 0.067941796703224 -0.11397485761923
0.0504435956946966 -0.117870538965613 -0.0174902731118099 -0.0571580767640996
0.00542377934748309 -0.128954589299112 -0.0436416804398278 0.0641301390864434
-0.00148947196741172 -0.12146560227401 -0.0265185749932587 0.143075623437212
-0.00341557654863497 -0.103732772903687 -0.00388942272460883 0.226892089013581
0.0391787660204107 -0.0772661875450283 -0.0574502782247648 0.272296706985151
0.0708803602860356 -0.0563952219915694 -0.126244501383371 0.305191028588179
0.1138944185347 0.0123178657624698 -0.255162605837709 0.258996178438031
0.0503218221340705 0.0863859997174519 -0.387078921799259 0.109551450819339
-0.0529666270251793 0.0612646898136465 -0.413480462114227 -0.0689786854203112
-0.170361631333789 -0.0157741333877825 -0.428619756510529 -0.236294314857258
-0.372099039740502 0.00821540277144741 -0.0378039126679037 0.0917231159261956
-0.206495515351509 0.238517366465199 0.073926159520341 0.11095910307464
0.0735032671268832 0.30271285817646 0.216996975891628 -0.00498741061804358
0.282161179407697 0.117021287212563 0.214396662073636 -0.136561562662575
0.205567880482277 -0.108909654531839 0.107567996819302 -0.182623129892665
0.0920104967750588 -0.139870919289508 -0.0137699259505249 -0.123540983086681
0.0306293232823145 -0.180517015434905 -0.0507394755396127 0.0122019144879054
0.0048531919785813 -0.179722722037425 -0.02243536542178 0.0907600186666439
-0.00197636326651304 -0.161619330670182 0.0102455604903429 0.180362513018187
0.0530575201640381 -0.128064586350602 -0.0442823913992517 0.246440747764919
0.112137966212595 -0.101286318918914 -0.124769985323717 0.298371296741328
0.203124179607152 0.0201096309845181 -0.256687766020864 0.234437048204097
0.100248798874062 0.173491485239554 -0.355724387659801 0.0794270952889208
-0.115732570322993 0.145883306157022 -0.337855847289929 -0.0350610200830977
-0.300638509114843 -0.00381897184357957 -0.354544347532722 -0.160640950685495
-0.419040977897096 -0.00330906173834222 0.0607964164662857 0.154825401014187
-0.238985184949952 0.227458261101288 0.14677154831388 0.182039488333422
0.0374831179606528 0.310650588886165 0.317445071643742 0.0183154842404606
0.261868086682277 0.159468153258868 0.290456191279657 -0.184609444855212
0.225534102349411 -0.0688660800741683 0.131408808579105 -0.244364204967758
0.12393542346205 -0.131642454394722 -0.00339293007629098 -0.183579079337764
0.0543414035861518 -0.201015859866086 -0.045893289976084 -0.0524535959354842
0.0127982176591545 -0.211277961376989 -0.0179947278572831 0.0202778169387784
-0.00337083783951581 -0.200491885688073 0.0143475258935478 0.118565843675326
0.0599567393911465 -0.174695234212285 -0.0477710239085894 0.198995427043655
0.151946478985656 -0.14850274645113 -0.13397305169737 0.254007893325991
0.292005417625537 0.0294214452412565 -0.237788600961634 0.16945062756132
0.1425264702259 0.259067198056882 -0.282399374842749 0.0392135474864687
-0.170535838938952 0.218203342778279 -0.241552503049171 0.00310698174963673
-0.39095933255446 0.0121812167703857 -0.24846657975875 -0.0920920465920284
-0.413254272646613 -0.00399383273227369 0.175217549093439 0.22579079902966
-0.24166411882298 0.193624980284224 0.255429445706177 0.222721808550409
-0.00510281990910679 0.286800984900364 0.393340650638288 -0.00528528557281225
0.212219120374413 0.187845786158249 0.320679576915756 -0.22697961388723
0.218630668478839 -0.0222123298705072 0.137725552917926 -0.275792598370968
0.135825691636284 -0.106028580316882 0.0161844137791968 -0.225182991906185
0.067916517208132 -0.192032524404584 -0.0285485935060373 -0.119333427782205
0.0206429077240963 -0.210643812139568 -0.0129623850883639 -0.0541568575338335
-0.000860452113509186 -0.210470782568839 0.00715146799004692 0.0478334577729769
0.0701889187396952 -0.197161620547659 -0.0594628333834856 0.129453435254043
0.185293190051266 -0.16386181132194 -0.130303939565149 0.172571249698823
0.335107520750528 0.0635092410680312 -0.177124147526722 0.090812199684943
0.137134033072319 0.317861764701952 -0.182041753583956 0.0319519450769471
-0.213229095027939 0.241642954978311 -0.162512301369683 0.0498762925063526
-0.419290994699155 0.0178147537929676 -0.129352609507364 -0.040946694703719
-0.356665136956974 0.00923464811855115 0.287716731302205 0.282692853181245
-0.210717663515082 0.15699568666107 0.360900963644571 0.223485330925942
-0.0279356449108657 0.241058834891605 0.426022075759358 -0.0457858124362009
0.159358849125808 0.183831993554335 0.313436943999785 -0.248976358224437
0.185260150405885 0.00744962298833033 0.140252673226855 -0.281643704839312
0.122169857426833 -0.0772741834338798 0.0430405886732283 -0.253714347373979
0.0665078869126509 -0.159950735569118 -0.00558482794826651 -0.180242979459489
0.026814984996791 -0.179185781353524 -0.00779300128323616 -0.120978825586487
0.0083651024360331 -0.18526389281643 -0.00399721374831919 -0.0205633102845921
0.0805609080055645 -0.177056756214218 -0.0633226010102558 0.0505313582569066
0.189118415709925 -0.127864135190586 -0.0956382438458259 0.0854650477903357
0.29472478831649 0.104636708241453 -0.0905843852212965 0.0486683538296543
0.0782224327206707 0.307795843848226 -0.102528821285641 0.0750271613882697
-0.218373096331947 0.194965649890587 -0.132176982368278 0.0841917765704604
-0.374024617019121 0.00947818719687809 -0.0169968701029956 -0.0146481671590224
-0.254270605361749 0.0263893235488007 0.375411134132912 0.311860686067567
-0.149515497651695 0.11717823025286 0.434215096018845 0.19632460233933
-0.0260080809687125 0.177795293823838 0.425613251887482 -0.0813481771649699
0.106436723265244 0.140680913087162 0.293756994246416 -0.254759297162926
0.127557678728812 0.0127625544530801 0.142358608771154 -0.280742082554253
0.0848759380662007 -0.0476245182655914 0.0658348455242139 -0.272262824561351
0.0529251514985288 -0.106922102710662 0.0137089554584708 -0.225751759605966
0.0287656029097308 -0.120402679119405 -0.00440637121301071 -0.1678228649044
0.0204135545810837 -0.124921536658104 -0.0112512465059788 -0.0747417934999309
0.0776696197131129 -0.112505580841682 -0.0522073314148708 -0.0101139759834019
0.144148526166097 -0.0563249405964853 -0.0475978001851497 0.0324391882972826
0.176202958098961 0.111067215904858 -0.0258656079732832 0.0532244173083998
0.00596647633032905 0.208164366026823 -0.0793344904831995 0.128599695059328
-0.162441167843922 0.0961919342250886 -0.135759799523422 0.0831227482786025
-0.254614729092937 -0.00886160730955691 0.074567828608433 -0.0117154691067449
0.0373941541844695 -0.00886400109307593 -0.169911459829979 0.0678780669397366
0.0656395391730661 -0.0130632613252952 0.0819197396358662 0.0122135938372496
0.0475959236759589 -0.0466612675358471 0.103833583414148 -0.139278424230034
-0.00973778510024534 -0.0653617340851506 0.0289157271800975 -0.0962975649636257
-0.0394865667518813 -0.0238366368779062 0.0219607268376037 -0.051400201205107
-0.028595506029931 0.0240476025422345 -0.00347556576917453 0.00709140062049931
-0.0192204373952949 0.0407453845531798 -0.0180202291939305 0.0917634979260967
-0.00853876613416051 0.037379799121318 -0.0259724111875403 0.172835139184558
-0.0237414193842403 0.0347880563303447 -0.0289792170007557 0.252121883592431
-0.035085871796303 0.00728986020308176 -0.087094387285797 0.289588547854522
-0.0413190945005765 -0.0267744623944237 -0.155013979850978 0.28859582965654
-0.0221460741819372 -0.0688004052022309 -0.272977712868509 0.236712226780777
0.0214526814858485 -0.077771196741635 -0.393641709537743 0.0940346539477487
0.0988633417438247 -0.0592551894082513 -0.444496849495781 -0.153497432328735
0.12548322870003 -0.00612237209240478 -0.436411687361938 -0.345595389400593
-0.134206365206985 0.0161650708226825 -0.161715129599429 0.0520158618592553
-0.0510288224443458 0.114773293325055 0.0638792329137349 0.018713507649042
0.0742467249361028 0.117061690002872 0.108192376806469 -0.123005042247717
0.139124468596779 0.0016821900823481 0.0482428435196026 -0.106390177834343
0.0633847087511088 -0.0868542967747196 0.0288956300094916 -0.0666221881987127
0.00633676264515935 -0.0597622749850509 -0.0170923036563721 -0.00722622265672754
-0.013771742946848 -0.051571425781602 -0.0318204800426294 0.0944079157224131
-0.00742944017446623 -0.0472794941592387 -0.0277226601735023 0.171853178356161
-0.0103044811571223 -0.0361619795934148 -0.0188784019812584 0.250411843702205
0.0101581444397714 -0.0325034554082648 -0.0740784960075695 0.285851247676096
0.0209138021065117 -0.0320192233862166 -0.137687389845083 0.293998456144333
0.038963809774889 -0.016371622702784 -0.253566169270526 0.250962147094606
0.0226827350916142 0.00263204899024366 -0.387150439747182 0.115185424325541
0.0174524176238812 -0.0115558437744409 -0.443815635306752 -0.100331307544283
-0.0218016414963299 -0.0168464369974873 -0.459396462007168 -0.293418118941469
-0.275490476077016 0.0232966604350866 -0.115595853691758 0.053411914695663
-0.143194681617647 0.204128216093352 0.0482021300343276 0.0457260335744499
0.0871198080924625 0.239790752120236 0.135048788257924 -0.0683938143735193
0.243191790773943 0.0629949882993569 0.115387067713848 -0.11272694590017
0.149651636498274 -0.117987598119026 0.0630827817153359 -0.116715167794718
0.0495772873141058 -0.118294075559323 -0.0217217366746599 -0.0579455228814383
0.00415028356620363 -0.129538741181357 -0.0454532050945052 0.0645394516718651
-0.00375013263632967 -0.124114583927789 -0.0263212215909776 0.144089428331558
-0.00257129480881925 -0.10510276398005 -0.00108292611442 0.224941754833411
0.0408919811456463 -0.0786759982484468 -0.0528507984893968 0.27283888384612
0.0724985681833936 -0.0563805441980089 -0.120742549931081 0.303334386064626
0.114709636503809 0.0124861967683124 -0.246813746671031 0.258408603444131
0.0499467343846174 0.0870091941483905 -0.377768909900148 0.115451837016684
-0.0568729603483932 0.0598274747559666 -0.406256748861637 -0.0564779344756371
-0.171536992114092 -0.0130081415180586 -0.429557750914106 -0.221814312687562
-0.371201228026312 0.015884147537059 -0.0406231190786056 0.0856493724578878
-0.204153680366848 0.238080168038292 0.0675108305189448 0.106623324635329
0.0764072322023953 0.300558343935188 0.209869492753693 -0.00974515529607808
0.282870665257869 0.112794887618781 0.206898750408089 -0.139163202271487
0.203078483935887 -0.109372803748232 0.101002010116483 -0.185501892011989
0.0922282692307933 -0.14181327372565 -0.0198358609434019 -0.123735906217745
0.0286517845228009 -0.181780694251799 -0.0520285648632278 0.0124871208151868
0.00149238137600837 -0.183101959734688 -0.0231903335839159 0.0904687435503227
-0.00215138822640517 -0.163501336961263 0.0127897042516474 0.177722786595087
0.0541363103211036 -0.129155879963774 -0.0396775254450803 0.24506895234688
0.113352405691229 -0.101711503225594 -0.118468166896644 0.296518990493813
0.204165802438686 0.0183541533367076 -0.247748889240813 0.234499238765419
0.100867957920394 0.17277792734212 -0.348422695334029 0.0861561775594437
-0.118376483528324 0.144989835700476 -0.331447079216001 -0.0249090313051481
-0.301042902722315 0.00206334628959362 -0.355213602991358 -0.149414877407008
-0.419699061935566 0.00470870622471305 0.0604848682793619 0.147943183431811
-0.237921203629232 0.228213587215482 0.142954383965548 0.175507008245886
0.0400368096277082 0.310180786055994 0.309662028622303 0.0093266003898781
0.264968872247308 0.158029047646207 0.28032718493652 -0.188001735399179
0.226198812893865 -0.0704803052174095 0.123046808873159 -0.24556615774255
0.125195632204742 -0.134098582302818 -0.00941251017248657 -0.182933913723371
0.0518352829630261 -0.203471914207568 -0.047158658036426 -0.0524295580627958
0.00848289988761859 -0.214658635452056 -0.0191825044139043 0.0202153979889803
-0.00465332906599095 -0.2015213243308 0.015991613155348 0.115051033515186
0.0606121492708259 -0.175041525109968 -0.0429442679001584 0.199386616373887
0.151023551230989 -0.148852581152038 -0.127384079870856 0.253594962942305
0.29174681184919 0.025491241216358 -0.23164981966624 0.170314548060939
0.145153249399548 0.25675899018996 -0.277592326436993 0.0453664626533145
-0.171143413283726 0.218825217647523 -0.233708981710397 0.010636864738904
-0.390863654283627 0.0198885101530748 -0.246588125751903 -0.0820459768495196
-0.41389426702535 0.00412259083703828 0.177094415544269 0.217301319046257
-0.242046520366794 0.195761053923487 0.251642118975825 0.213332174279293
-0.00232657524263787 0.289301627626728 0.384266986885893 -0.0150659195919838
0.218225935643203 0.187651246221438 0.308440329737779 -0.230218147180195
0.221062399962947 -0.0227946270209861 0.130645338010712 -0.274723643213874
0.13831541346486 -0.108456477491017 0.0112106637110173 -0.224302458478821
0.0652900167707123 -0.194618799570955 -0.0309195187550932 -0.120015423654445
0.0162625331315532 -0.214573325906116 -0.0147040833275285 -0.0558537541758951
-0.00223894431688442 -0.21123828538709 0.0088266268129874 0.0448916400351308
0.069316681611807 -0.197462663344301 -0.0555785341232572 0.130452294839103
0.183040939592782 -0.165022491620898 -0.125024361348565 0.17385411953747
0.335699789422168 0.0562950513731761 -0.174541919874223 0.0911039667442515
0.142345361236316 0.314779536072588 -0.177610610944408 0.0350686259628482
-0.21133495897929 0.242772617924363 -0.153700882243418 0.0544444725609467
-0.419155638303852 0.0273025080812568 -0.127020224050811 -0.0331914078462503
-0.357577995844817 0.0170212337752702 0.290886166416764 0.272590571691187
-0.21234140959031 0.159286913338251 0.357643548769892 0.211296214381734
-0.0249139480086157 0.244534850891299 0.414420935680903 -0.0558824728756979
0.165050569082665 0.183514849281261 0.302321670194532 -0.249703921460537
0.187559789366418 0.006272902395398 0.135393882541668 -0.279806068837839
0.123971593855338 -0.0788001837906698 0.0381720266246881 -0.253170603651419
0.0645108921939354 -0.161991674244194 -0.008167346564449 -0.181695711610961
0.0225298790226314 -0.182339204296051 -0.00992947546319609 -0.122822809599888
0.00729419146147112 -0.185802616961899 -0.00334449600718302 -0.0224373051150517
0.0785098667091317 -0.177757144497404 -0.0597931473289721 0.0538623797636042
0.18691183702025 -0.129749829123354 -0.0924604691358735 0.0872422491748165
0.296957159518122 0.0974790709508179 -0.0902345967526973 0.0474580233361289
0.084484781142384 0.305237484383529 -0.0980507280619323 0.0748685435050462
-0.217266848346904 0.19823953181317 -0.122245008699826 0.0878890480318568
-0.373960007506614 0.0186527442522661 -0.0130452796561059 -0.00902659524352485
-0.255094659991284 0.0324905742480909 0.380497512963706 0.300989791120567
-0.149843105609999 0.120574965491288 0.430752923133067 0.182481645653945
-0.0232479797143424 0.180087288798133 0.413794657767438 -0.0904004721858285
0.112006532938306 0.140404744056765 0.28325684450204 -0.253658482170636
0.129276260453345 0.0129698674868549 0.138651287164526 -0.277996642904381
0.0857859722888509 -0.0473686940195286 0.0613123348227159 -0.273117841204492
0.0501847979816985 -0.107861800621931 0.0111852941852504 -0.228131820466235
0.0261499589541312 -0.12227604917725 -0.00674614246464688 -0.170401720248651
0.0187982321254851 -0.126020058315121 -0.00975454195857442 -0.0753479705728617
0.0765391725656978 -0.112866945585494 -0.0496988269970023 -0.00649747520910986
0.143087142887421 -0.058744937433027 -0.0463420853640218 0.0337251815797039
0.179488654196406 0.105797523844049 -0.0264014134524187 0.0497978012870948
0.0114470244216429 0.207946960362895 -0.0728731117766274 0.125634535495057
-0.162794649444948 0.0996156719572847 -0.12337778702812 0.0866278852511742
-0.255380870146518 -0.000918840488446764 0.0787782396128442 -0.00756405514669112
0.0357429666657789 -0.0142186959520806 -0.168697506066949 0.102224885545661
0.0621945541341436 -0.0304925536136443 0.0784399007420154 0.00117866336762617
0.0346056411725782 -0.0586202346718892 0.0785497539978413 -0.155340344414412
-0.0274129429871594 -0.0620155955029097 0.0162945483896867 -0.102826791858855
-0.0468303569478567 -0.0166839948043958 0.010229516726667 -0.0613538399628656
-0.0238039617976793 0.0283578920627551 -0.00708016813454682 0.00450061582973678
-0.00974967778261913 0.0446280123599007 -0.00788216181038355 0.0974266046724186
-0.00171033514702993 0.0384820555910297 0.00445297809937158 0.182966020432493
-0.0161326526267012 0.0403523260988534 0.0186195019524986 0.264654883592674
-0.0359985840492116 0.0162539455348077 -0.0294256648384474 0.316468563218899
-0.0491063154856311 -0.0156938199537876 -0.10021483269002 0.324817975108147
-0.0412253034101249 -0.0640585313041901 -0.225381065710433 0.295411871302961
0.00171586856000052 -0.0819079765991358 -0.37439875677819 0.178424086815954
0.0820846635585802 -0.0868082713787184 -0.487883541918223 -0.05126333354955
0.120188844150623 -0.0386415707321958 -0.522713682174414 -0.257021828659223
-0.125444583869075 0.0417259164466913 -0.171768171561003 0.0773110302882942
-0.0260774525026492 0.117744574166404 0.051854346131045 0.0106962590495129
0.0949855861275122 0.0945385057825341 0.0755639588612776 -0.13055800327721
0.131461298504139 -0.0298812111207012 0.0334988555601942 -0.104224865584194
0.0419683537853005 -0.0977119297591229 0.0215958998718821 -0.0771640434755738
-0.00454731424554495 -0.0602042080709806 -0.0184716760082955 -0.00750529260917106
-0.0233620370255647 -0.0459532350523055 -0.0136893452878857 0.099522565249857
-0.0157905464465132 -0.0458545067543703 0.0025716850560367 0.181979669139258
-0.0152840441099176 -0.0332742209319794 0.0284613355940936 0.261467362288899
0.00335790729948649 -0.0328041513573219 -0.0177239448066788 0.310571766022673
0.0129933866673295 -0.0319725295159202 -0.0810122190201447 0.327716660147822
0.0299948190743681 -0.0226044334002723 -0.20500370034209 0.306325723223883
0.0173077193994778 -0.00193844207014243 -0.367370741563347 0.198119269784694
0.00739982736972689 -0.0220561275937359 -0.472203068799093 -0.0018696000294427
-0.0311755223165105 -0.019968504058515 -0.527332377824475 -0.204006903748518
-0.261460571550585 0.0754635139243066 -0.129959075001663 0.0634066962434502
-0.0986424618207849 0.223720617587414 0.0355381345983035 0.0395005770761139
0.131719904478032 0.211585613707685 0.106960443089871 -0.0749245787858923
0.2477442903767 0.0073150999348016 0.0979974658441934 -0.113877622736379
0.120816359024192 -0.145019502187513 0.0521367429675718 -0.131365216818085
0.0269493356988591 -0.126466490822286 -0.0299019419003343 -0.0571532441540131
-0.0227725735162635 -0.127516642478181 -0.0255107964710285 0.0720215735764682
-0.0264540356366661 -0.124192361305576 -0.000881637095808237 0.152119518723904
-0.0202268570452002 -0.103492682060681 0.0414610560132702 0.232134441242609
0.0267927417709876 -0.08424411807356 0.00210086113497315 0.293822294198189
0.0600945803847276 -0.0647897485054184 -0.0602283340506419 0.334278173359807
0.109791790012389 -0.00702808158393146 -0.197464543403313 0.314112606901115
0.0592206242138842 0.0750013079631076 -0.36279792164471 0.198172824834022
-0.0526833740902729 0.0647963818835265 -0.423079478826611 0.0291145241690193
-0.179966081310965 0.0150905004321408 -0.477453743292799 -0.142133521259689
-0.356236770146844 0.0856216807762278 -0.0470834444684256 0.0777977150198416
-0.151803943120204 0.269382510322787 0.0653983769568017 0.0958812466238334
0.134099754694587 0.273784770261093 0.188836439454661 -0.0291417077402649
0.298621381691647 0.0477518357064056 0.181488487296493 -0.154482923634198
0.176322185698875 -0.148723943987717 0.0776837564428975 -0.204682395637595
0.0649318994200156 -0.157988485079365 -0.0370667795414594 -0.121578724722415
-0.00980083067419802 -0.184777160497185 -0.0372277081030341 0.0212323913099426
-0.031714842508377 -0.183677603888847 -0.00703539866964825 0.0975141754436222
-0.0303213321478935 -0.161667327498486 0.0466167937173373 0.180430464646829
0.0321412933346948 -0.136836350813302 0.0116368356019 0.264143433804829
0.0922652412140756 -0.114901917043847 -0.0572297186653092 0.327745720488514
0.198767261427357 -0.018683877111673 -0.204395691506742 0.292958620863201
0.125677881407037 0.148873741611195 -0.343235978671105 0.16434144113462
-0.0968866175720274 0.164005857876091 -0.336974352994582 0.0390174427765179
-0.306103763639516 0.0577834178229564 -0.378515658766491 -0.0874119556571603
-0.404743632461175 0.0840547726310686 0.0695292907563971 0.118157464538962
-0.18764839628874 0.267042478143243 0.157003472219918 0.149146018371989
0.101109166805136 0.292713275964797 0.291428255246976 -0.0327862740469484
0.293367758691909 0.0940938143352909 0.242264450885933 -0.216975848031566
0.207499351665463 -0.114801103997877 0.0888175177779851 -0.265543016720349
0.0994838238202216 -0.157411126499285 -0.0368488626175623 -0.1805328403831
0.00800938249785585 -0.211161320055538 -0.0411533040920123 -0.0441859640063741
-0.0314704754867464 -0.217181320522851 -0.0161430552039461 0.0238947728400595
-0.0393029184648909 -0.199152278250314 0.0377141161593094 0.115387550313087
0.0295156616294541 -0.183121746770415 -0.000124513465183241 0.217552309966304
0.119791276848864 -0.167989844836077 -0.0736404195049715 0.287640519002026
0.286975143271408 -0.029636973601931 -0.202939384907815 0.226969176566377
0.186440824135964 0.220471857991115 -0.285381093241848 0.109014332782399
-0.132513174792186 0.249476766437051 -0.229640611345257 0.0479391973744078
-0.391102420502682 0.0960191108837611 -0.248216011980262 -0.044098984337325
-0.401010037544903 0.0838126747806491 0.206915584295261 0.167297588875696
-0.19868825799047 0.236554819384662 0.279690700032748 0.164791692769063
0.0557413261874232 0.28059507777227 0.36130767108916 -0.0765623879448031
0.254530204499975 0.132338302162804 0.259657112664005 -0.267473811204311
0.212851189329802 -0.0691523414197186 0.0904507203187459 -0.294083707187613
0.117165161051407 -0.135154383398887 -0.0229564288234811 -0.225992874975918
0.0221942589515844 -0.206258770972228 -0.0370032974967758 -0.115232225705369
-0.0236783951821925 -0.218663622936315 -0.0255818833164656 -0.0541391008220973
-0.0391755987477554 -0.208903595809253 0.016645952953378 0.0448483948448259
0.0334542415558545 -0.207050992795655 -0.0260113568397121 0.151298705535625
0.146987287335226 -0.189879813580236 -0.0880666662633506 0.206183674347519
0.337047025833081 -0.00908284480117616 -0.163650865620147 0.135851813965576
0.196635554344067 0.277694869371164 -0.188576566829642 0.0757433817389114
-0.165719412575768 0.284485578907342 -0.135703529823301 0.0713295918976523
-0.417006841560841 0.11215412690367 -0.112822592391982 -0.0199230571096878
-0.343235393248477 0.0860098636177514 0.339143077471559 0.204307540185757
-0.175638932313793 0.195505951781493 0.390601222273535 0.140431488612164
0.0266196251125838 0.242215761845005 0.385455394272145 -0.127193182714917
0.203744330636146 0.138028262867193 0.247746126420638 -0.289027396762612
0.186279064439122 -0.034482262482065 0.0914472939671832 -0.299270686786485
0.108028721743583 -0.102540122860046 -0.000727046030073774 -0.260581004726426
0.0278203447654507 -0.173901665987406 -0.0276646155374814 -0.182171141785728
-0.0120080160184198 -0.187465508281261 -0.0341170984889095 -0.123523799046854
-0.026104930793532 -0.18542138130943 -0.00715111746114327 -0.022155346703194
0.0458114864256989 -0.18958015485181 -0.0458251785522483 0.0743005990960804
0.157045485215341 -0.158004136101245 -0.0734572999703341 0.112364395337554
0.307479922847841 0.0371047823714785 -0.088683681418405 0.0714752318445921
0.139506146166086 0.279373202339767 -0.0970377755156945 0.0951169106991954
-0.180524810918551 0.242464999957625 -0.0919433634891869 0.100032440408176
-0.371570996081047 0.0964568598274319 0.00733322594815495 -0.0154746596497266
-0.240975730141325 0.0829888129861756 0.443739678084779 0.220272696221903
-0.121466759901884 0.145158624521553 0.465085558644708 0.0979116643478828
0.0158332648283525 0.178622649527284 0.382950296435467 -0.163787496913358
0.14131158190418 0.106977035024408 0.230104013919914 -0.294034930229857
0.128837486271859 -0.0163069129335939 0.094834925444294 -0.30088316129949
0.0744248766621016 -0.0639118354945921 0.0161815936812465 -0.287728587207686
0.0248775596010391 -0.117644764156003 -0.0211837036248074 -0.233127232815916
0.00267657405663063 -0.128544251629509 -0.0392385388953453 -0.172474687418567
-0.00383440183759737 -0.128134830360401 -0.0241409394683282 -0.0752429454066605
0.0545967392456981 -0.12670633375319 -0.0482537779990654 0.00957757587999159
0.127467812295417 -0.0820864746226664 -0.0382537038989643 0.0478913443142444
0.196103685457462 0.0683187323849799 -0.0224812845954862 0.0572463185801511
0.0509597558901893 0.200563948783483 -0.0539502326079623 0.13784743954536
-0.146137563089339 0.132988603136649 -0.0929703520468987 0.104955657578942
-0.255626381915205 0.053971363576722 0.0975203605936866 -0.0281029117610201
0.0387416253826825 -0.0152370246898834 -0.182822002094074 0.107979744208828
0.0638297290563081 -0.0373027553567163 0.0703193484850739 0.00381623399353267
0.0334129382959549 -0.0645188190868523 0.073520929654334 -0.15562564494598
-0.0324735182672978 -0.0639255516615969 0.0156911036045792 -0.10440054259143
-0.0526116676477346 -0.0158975535677082 0.00841628539747282 -0.0658689296996142
-0.025277555822436 0.0301380883615399 -0.0103796095248532 0.00333257193132503
-0.00862593003192455 0.0470479924682185 -0.00914877139741479 0.104637987275624
-0.001549821342929 0.0403136790660764 0.00619063537221368 0.196619076557356
-0.0156529582588295 0.0421349749575848 0.0231174423205403 0.279382968740325
-0.0377048985969204 0.0176829958616575 -0.0252905732390199 0.332488469912069
-0.0522374792060097 -0.0156378984260865 -0.101200414461985 0.339478717738011
-0.0454747729454668 -0.0666625359793917 -0.227819262683663 0.307906653310781
0.00137043848852034 -0.0855854622303753 -0.382018194748349 0.189036623049537
0.0824825018254139 -0.0917725561935241 -0.502634902534862 -0.0414845095688032
0.12435151067217 -0.0417285998195215 -0.550320297079602 -0.253164453802332
-0.128265074381502 0.0464867826229973 -0.186762596023861 0.0810661150211902
-0.0250132294329027 0.119466900446402 0.042982075813423 0.0135634561093608
0.0997172253493912 0.0936523013086219 0.07068656239866 -0.130884217266097
0.134823227465885 -0.0338053037329491 0.0325850744165476 -0.105601991177578
0.0393684582491284 -0.101941783884978 0.0193450428137543 -0.0818978630243718
-0.00558481573037906 -0.0630920677212947 -0.02292389007357 -0.00844235840139985
-0.0241319642288623 -0.0484918183782317 -0.0149406830231223 0.106819263676516
-0.0182109185483267 -0.0489812337838768 0.00367336863975529 0.194003917324682
-0.0153873359856268 -0.0365569589717337 0.0321020308355307 0.274692888555045
0.00432602976130313 -0.0352535042233143 -0.0135098301727731 0.326638653976238
0.0140472226493296 -0.0346632172629275 -0.0808821467779327 0.342067040233674
0.030737171515792 -0.0233333790289134 -0.20691393739866 0.318243321724493
0.0176267453836448 -0.000838079727208691 -0.375037732250668 0.210570376587377
0.00357380079507205 -0.0230532518053599 -0.485254298364659 0.00937455297078301
-0.0337568879964911 -0.0196500107726856 -0.55460738673754 -0.198082190716866
-0.270017037247972 0.0843336207682841 -0.143592595332198 0.0659195188555126
-0.0996994010953244 0.23128330414292 0.0272977941053452 0.0430191411057333
0.140549589641763 0.216376413012691 0.103318950991684 -0.0755866725868187
0.258306390420273 0.00375011013129195 0.0980950663466911 -0.118813113726028
0.122259737385537 -0.152502667475577 0.0484276802092545 -0.139451811639439
0.0275332883849722 -0.133357038547046 -0.0360105282196632 -0.0589811387338805
-0.0250184939364304 -0.13421945352639 -0.0279895467596335 0.0774341866583003
-0.0311533818235429 -0.131457430457825 1.08666463208959E-05 0.16289674720034
-0.0216924655327204 -0.111246788434542 0.0451914217575135 0.241724049853276
0.029366789680732 -0.0910196148029362 0.00636174618565525 0.307344736643234
0.0645037573833862 -0.0694163809988151 -0.0582021279577717 0.347696750635527
0.116504852048008 -0.00789307465754421 -0.198875344827182 0.327042084145764
0.062359316832519 0.0801201274253523 -0.368767252023496 0.21100905245206
-0.0593171826249583 0.0686684189939818 -0.43399763408277 0.0401256274797246
-0.188688438161184 0.0194228135795713 -0.500614602264955 -0.134590421227143
-0.370788082625429 0.0973948889786796 -0.0549528000670675 0.0776261683551951
-0.155954493852262 0.281388873834995 0.0612723436631729 0.099656394365207
0.143158140605966 0.284426662961642 0.189547711141302 -0.0317554040688847
0.314011522345243 0.045593727526203 0.183534163502765 -0.161913533892548
0.183885527738556 -0.156519843028515 0.0737696581720844 -0.215292180163675
0.0678065835212535 -0.167636414492302 -0.0444329841701378 -0.125355607967382
-0.012335641110175 -0.194946751751838 -0.0405761781147063 0.0238630511331313
-0.0379744799743185 -0.194942546914643 -0.00793968672677572 0.103634002788292
-0.032834363189313 -0.172018171009074 0.0496205848412943 0.186467568874483
0.0347276004911734 -0.145716755787552 0.0165083398983477 0.274786387290937
0.0981323799537038 -0.122010356943423 -0.0535266978552811 0.340027211610494
0.209110823532309 -0.0211507465259982 -0.206114633281624 0.306381302967987
0.133147212663942 0.155408653818729 -0.350099910828828 0.17759300548872
-0.103293340926807 0.172934432775502 -0.344396872583873 0.0489686349287317
-0.319816264380879 0.0673876113172718 -0.394985056747506 -0.0781194656714317
-0.422582921972028 0.0967976087859695 0.0699306221658477 0.118214863895705
-0.19442447120119 0.280660788785841 0.158475921247574 0.152159204112007
0.109156815289138 0.306032874451627 0.295489160639926 -0.0386516559581114
0.310327851861463 0.0965500790904956 0.243647492999711 -0.229238304942855
0.219233948864795 -0.122368141194113 0.0844019280827202 -0.277504854092179
0.105475758750399 -0.168088245261071 -0.0440388042067949 -0.18650872389447
0.00625075253292462 -0.223925095372606 -0.0459214964493027 -0.0456067852894261
-0.0383829325047848 -0.230394504873327 -0.0184602902061556 0.0261655692627406
-0.0432387459211723 -0.211111282017201 0.0394391177835561 0.1186881264378
0.0312683183341071 -0.194124889119189 0.00515901413598054 0.227021393076751
0.124970525195248 -0.176943581725917 -0.0702755458523492 0.299519638650471
0.299600041229591 -0.0351720957603316 -0.207117388059727 0.238750969655004
0.197905217340865 0.228778344770027 -0.29143725285056 0.119378039402887
-0.138339310407123 0.263320213010305 -0.232118956753933 0.0552488869926613
-0.407624737051183 0.110210158703119 -0.257657548316734 -0.0357134848834207
-0.41843107453281 0.0968447989054755 0.216438715117404 0.16641088433673
-0.20640426040384 0.250549549317993 0.287121219219412 0.165016967119427
0.0633276495485748 0.296022946728359 0.366741849388986 -0.0862246503938962
0.272864311218624 0.136316206228889 0.260841972674934 -0.280125321062992
0.226703320941145 -0.0754596061581019 0.087150763378275 -0.306225216282341
0.124272679116626 -0.145769177932259 -0.0293394341266395 -0.234752122474789
0.0209868417117786 -0.218663357665284 -0.042174369212234 -0.121167330408482
-0.0308597175976487 -0.231480607759229 -0.030227892105161 -0.0568733175881449
-0.0434758109106456 -0.220609770259995 0.0168671822091363 0.0449508782885591
0.0340383013445585 -0.217856574221218 -0.0218236718558941 0.158765028601035
0.152335231273096 -0.200898175501415 -0.0859521912651208 0.216610678003823
0.352372727906868 -0.0165196364764794 -0.168771060236505 0.143550158430196
0.210745235504958 0.28637367642227 -0.192649010792034 0.0824040303510795
-0.172234846769755 0.300501628876023 -0.132498135097662 0.0771981484965572
-0.433287055962651 0.127182186483864 -0.11458622650382 -0.0135959714959217
-0.358210858012941 0.098743052761009 0.357030146225791 0.202094702666216
-0.182417881190506 0.207946769523249 0.402573947868108 0.137231471976249
0.0319845452552496 0.256400044520153 0.390546417041861 -0.138376712626325
0.219655576084771 0.142807020164734 0.249665899297162 -0.301982829268304
0.199043880451759 -0.039001133389703 0.0928208106129137 -0.312098470106843
0.1152631426482 -0.110789328978642 -0.00604403069309054 -0.271743937773369
0.0263657799361228 -0.183487944558139 -0.0331725601120197 -0.192052328960404
-0.018019770341827 -0.198732236762677 -0.0393034465723724 -0.13053655714818
-0.0292692821353643 -0.195650492026607 -0.00752203174985177 -0.0251549739169958
0.0461487927523032 -0.199494919283956 -0.043369542756376 0.0792075905358387
0.162544594406408 -0.167166806804093 -0.073304049018258 0.118772787071225
0.322555427315023 0.0316105890168075 -0.0926987838064946 0.0751302801263855
0.153326895509265 0.290011159788672 -0.096793614630949 0.0978605076924648
-0.18644204025048 0.257677518413093 -0.085719862681898 0.104551152708906
-0.385637016131968 0.110934876091266 0.0129691485130189 -0.0124319466902029
-0.25092167565434 0.0944751938772371 0.466909095636372 0.217143891973725
-0.125463398710899 0.155160489796662 0.479777799262545 0.0904131567873348
0.0207101240630684 0.188550300584756 0.38688256071855 -0.175842283997529
0.153409117241045 0.109280229154876 0.231925357004364 -0.305039017815993
0.138122117535452 -0.0190240254332991 0.096728360787002 -0.312683343322784
0.0800371389280557 -0.068224112715707 0.0130423276658975 -0.300955917576309
0.0238530526502166 -0.123630744529582 -0.0270178815361673 -0.246224345202903
-0.00114663116707694 -0.136159965253879 -0.0445209589977766 -0.182339576683447
-0.0051991302356808 -0.135217484334395 -0.0240052289302017 -0.0799227515641822
0.0558389829731533 -0.133614722291543 -0.0461115248833428 0.0131564939980344
0.132146921465193 -0.0879680896372615 -0.0380135623840755 0.0514316298606314
0.206532558519464 0.06587458605497 -0.0244023293709705 0.0581370326442635
0.0590108902719444 0.208411756341113 -0.0512026516475633 0.140242897266253
-0.152211955491455 0.143959437486808 -0.0844695898052372 0.108772495831406
-0.265881647145247 0.0651394403045827 0.108372381888864 -0.0273367976028217
0.042170319690459 -0.0177713670597533 -0.195672535157502 0.121080572688296
0.0639201497900125 -0.0468558107199551 0.0624735186677157 0.0057043193693052
0.0295433258580168 -0.0722851323893158 0.0654125618496224 -0.158757374217008
-0.0404118164913392 -0.0649388049973953 0.0126019053874531 -0.106623350817373
-0.0592944054761683 -0.012118638873736 0.00512307855192924 -0.0709588207261563
-0.025527063499218 0.0327108355016642 -0.0144834006927061 0.00238722539292537
-0.00623625282597933 0.0497388567045502 -0.00616255444808273 0.113849969975282
0.000232171992957938 0.0418423946059637 0.0154123143648176 0.212913984592398
-0.014069218873742 0.0447532164478993 0.0368566012364286 0.29583287580825
-0.0395033205172357 0.0203649099547334 -0.0101262704005004 0.351826370866441
-0.0571348283723015 -0.0143999440838973 -0.0904682082918513 0.360872410277869
-0.0525546508851917 -0.0674788539391411 -0.221519466522517 0.329685456792335
-0.00224883946413321 -0.0900557818033374 -0.386637807215424 0.213332492970475
0.0804358750327836 -0.0998644725172064 -0.522473399768123 -0.0152225730725143
0.128323424961897 -0.0490277132194843 -0.590788528648892 -0.231725524207535
-0.129920359804873 0.0556076375290948 -0.201365351783423 0.0926940314229301
-0.0206263330985478 0.122588365951453 0.0346077105989341 0.0172254594236413
0.107701181597311 0.0902480152752766 0.0625978857015838 -0.133631954955467
0.137215679788343 -0.0419632919395012 0.0294314519196179 -0.109769519426994
0.0333068855952889 -0.106683260645983 0.0144672710245114 -0.0888395868276852
-0.00887124444478172 -0.0662403508758684 -0.028617657239145 -0.00826512472660094
-0.0269945329891999 -0.0504710037786171 -0.0132200277490898 0.11553801397046
-0.0227435093098475 -0.0521884442278502 0.0129252718781512 0.209876046715642
-0.0171943822260667 -0.0397147793144824 0.0461954087238569 0.29002163185629
0.00372936097095574 -0.0390909861586654 0.00183358372566981 0.345003608120031
0.0141211851047546 -0.037561518342435 -0.0690949906040334 0.3613495546495
0.0319302411803169 -0.0243109947478945 -0.199878522477798 0.34013155195892
0.0180996997991423 -0.000127919858947743 -0.376943776348796 0.235928600966392
-0.00144307140046928 -0.0240563430239176 -0.501947029545064 0.036426034588068
-0.0367670962363168 -0.0184839840552306 -0.59369529591555 -0.172044514586941
-0.277826473781139 0.103312906611135 -0.155757243094946 0.0732412148072166
-0.094514150340081 0.243477326732524 0.0205184754156188 0.0477821513580378
0.157137165885748 0.218199917783942 0.0988975309120821 -0.0784409943326955
0.269834027384569 -0.00868834072609485 0.0955814749848899 -0.126778004453857
0.120677303344005 -0.165090003288181 0.0403454638654409 -0.149724469853035
0.023498842572086 -0.142302692813652 -0.0444096378639187 -0.0588407898644104
-0.0317908552156443 -0.141454278788054 -0.0282733498795364 0.0847958882302133
-0.0405912352704833 -0.139682399355179 0.00648397389486934 0.175832998544583
-0.0277780607718963 -0.118599104564217 0.0580182527276302 0.253492317722638
0.0290964847147368 -0.0997168129152229 0.0222424290078446 0.322247093934587
0.0675134208442387 -0.0770693804407881 -0.0447253737355324 0.365793422158545
0.123843890667731 -0.012223152263995 -0.190326255267697 0.348427553924996
0.0685668542124363 0.0837327514449993 -0.370538088277962 0.238589187496572
-0.064397184286987 0.0755400389133967 -0.445087192906268 0.0667066067786016
-0.198377096922243 0.0309633985877682 -0.531001392622013 -0.108118882910718
-0.383431696882841 0.121728511842858 -0.0614675435955019 0.0813407379189823
-0.152023274008575 0.299363020530656 0.0599484372448585 0.104223626800843
0.162939467514552 0.290206551587997 0.19079796783428 -0.0388706855398545
0.332962095198956 0.0339398700741235 0.180941276416401 -0.177502649779441
0.186592269171434 -0.17266533183213 0.0625363473847597 -0.229205795459323
0.0663839172717187 -0.181471908293844 -0.0560578475083493 -0.127658519388571
-0.0217686562696452 -0.206989934466481 -0.0434138991694311 0.0282570067960801
-0.0521912667091193 -0.206229059462334 -0.00483847972546973 0.112129513059352
-0.0423778906426826 -0.183183980770154 0.0596294194144797 0.194136124902854
0.0335515757423328 -0.158065190277729 0.0314412286261019 0.286966891153744
0.100547747393217 -0.134102280800443 -0.0380797431358708 0.357747923787002
0.220284287065387 -0.0307801950006455 -0.199065335909748 0.328423898594477
0.146177422369977 0.159198842800756 -0.352828994503727 0.203761122922299
-0.105160692099085 0.187383572172449 -0.351471828983967 0.0700038942830877
-0.333057847740481 0.0877029028971149 -0.417261643006287 -0.0556375751220906
-0.439102728923394 0.124732086569925 0.0740167411421949 0.116080766450047
-0.194319087004856 0.302947161323346 0.165810527941569 0.151988593880843
0.128493440025824 0.318541938833266 0.299863770456798 -0.0528706491898737
0.334454355434059 0.0881557443157437 0.239623524537932 -0.249730141850742
0.229032304574469 -0.138996672961128 0.0705057486406125 -0.294445477650328
0.106651876588938 -0.184784774827087 -0.0578845710419333 -0.191826542022617
-0.00356485824374856 -0.238864972647633 -0.0518182630451276 -0.0454449771817238
-0.0550302270760522 -0.243337637510185 -0.0200439326352889 0.0299244207455389
-0.0551548933833826 -0.224008478954038 0.0456092067754511 0.121257544060285
0.0273081445338084 -0.207931019645158 0.0176669258754667 0.237002396745028
0.126029730679326 -0.192213404837768 -0.0570388215159737 0.3159164416977
0.313676669104098 -0.0512449579939482 -0.202207299287582 0.260077598571364
0.219077351147938 0.231919079905461 -0.295693539310407 0.140741531347059
-0.136464248654905 0.28440188350651 -0.232943918153506 0.0701449398002627
-0.422472590719266 0.138218974934056 -0.268809919981111 -0.0184556917917943
-0.435539505071442 0.125487880968752 0.231522568433896 0.15809612057439
-0.208795945190024 0.27315252779076 0.3019239064481 0.157395815330243
0.081055958234154 0.311562970321919 0.370285248507391 -0.107257169240646
0.298494117754406 0.131589915963556 0.253989181661152 -0.303889117374055
0.240091280797267 -0.0913811190618066 0.0742825537832991 -0.323316977933976
0.128716293932868 -0.162542529562921 -0.0434063321758776 -0.243853336191286
0.0124567310060749 -0.233398724708701 -0.0514323899739205 -0.126556406603414
-0.0468247412763522 -0.244801821013465 -0.0360997140898831 -0.0585919952855836
-0.056228959400088 -0.233238620002208 0.0191184995807032 0.0444984283213618
0.0286314611763389 -0.232445428637151 -0.0125440506406049 0.16693873662773
0.152419087975867 -0.217623607751495 -0.0768341855695365 0.231016517022287
0.369116711500748 -0.0362483106760957 -0.169480542703742 0.15930811282261
0.236453308116264 0.29073838758379 -0.194731099038793 0.094800378461896
-0.16828560465114 0.32546432354853 -0.127013333694632 0.086547699722209
-0.447245464144706 0.158855100236472 -0.115051813520948 -0.00375734457798004
-0.372326833728899 0.125116548183462 0.382778252835097 0.189852743776013
-0.184265464184714 0.227921658427893 0.421812095289954 0.121552852913275
0.0476976679919758 0.271150576098306 0.394304376388077 -0.162487870856604
0.243415522958948 0.13935465027901 0.242043018932541 -0.324034927274661
0.212606421301363 -0.0521500235842706 0.0818496218046839 -0.33000918382964
0.120311379660867 -0.125053447880596 -0.0196245130989684 -0.285101481205711
0.0201273454233109 -0.19637785759301 -0.0458152206806353 -0.202940539964871
-0.0313538073718435 -0.210989449173783 -0.0493528957482048 -0.136779632951329
-0.0397608264420762 -0.206881807428007 -0.00889532564632633 -0.0278857045624431
0.0404699530140511 -0.212760745324489 -0.0379041719363561 0.0861625625230457
0.16310006910224 -0.184312693133162 -0.0692385630411798 0.129324467303887
0.340646444184372 0.0153455326328169 -0.0950012757546515 0.0828573941328701
0.17712420985386 0.295856307015693 -0.0945046366347104 0.104935365127816
-0.184388074037855 0.281783403618368 -0.0758773762924893 0.111158424806311
-0.398847403231715 0.140797189187217 0.0203751048417244 -0.0098686200622061
-0.258209862826884 0.114977559408329 0.499381354387057 0.199560232863384
-0.125063865938022 0.169998464708716 0.500599840820651 0.0685294891859699
0.0330181126833619 0.199220414610902 0.389080179459063 -0.200847802690879
0.170889973547117 0.106235296680042 0.225184079289426 -0.32618831600871
0.147555780589035 -0.027465925919631 0.0876212321068176 -0.331490773892834
0.0846342616642116 -0.0758482574129313 0.000361063317501881 -0.31757367391878
0.0198238638691396 -0.130882798443843 -0.0414004492550527 -0.261692841334915
-0.0100004803907409 -0.144748917739673 -0.0571139907684466 -0.192422519540837
-0.0118339787455457 -0.14389273621361 -0.0278976215220913 -0.0851909199779646
0.0528903821411463 -0.144292914710388 -0.0437506294243504 0.0176319320633802
0.135569055626902 -0.0994951247093262 -0.0362279543071721 0.0569656689592341
0.220743793305412 0.0567494916234765 -0.0253183336463563 0.0613827923760483
0.0747933470515582 0.216023197110841 -0.0428718812213494 0.144279796210603
-0.154663529491169 0.161102860615723 -0.0731472056128744 0.115108113750154
-0.275940922980772 0.0863061682023046 0.120214417207374 -0.031140136969393
0.0437400157193969 -0.0215828871740501 -0.200237149254213 0.13895179979045
0.0600184793792078 -0.0562349110788679 0.0541429457744033 0.00783160638250976
0.0212371946252245 -0.0787972026771643 0.0520853874213423 -0.15816225605694
-0.0492704897777929 -0.0620402559098772 0.00678108104471024 -0.106950470334063
-0.0646941359793794 -0.00491204011252734 -0.00112401753187043 -0.0755192019594634
-0.0247347293679749 0.035335733029111 -0.0192211658019491 0.00234311845861321
-0.00142336731878278 0.0510450086561766 0.000375004760763003 0.120737799050818
0.00389773129278842 0.0430485346014581 0.0320784796001128 0.223001062066329
-0.0105280548042972 0.0467537948932082 0.0597516683340256 0.304680150034571
-0.040153502629616 0.0241198125022049 0.0162152149611632 0.362431933897715
-0.0609708302189634 -0.0106110254912628 -0.0672756195101143 0.37605049979101
-0.0601364006318101 -0.0642713311288745 -0.200490478730343 0.349521918232332
-0.00864056175481448 -0.0923817117781312 -0.373219656136764 0.243352137515882
0.0724735194052817 -0.107930473777322 -0.527628583309669 0.025310614136813
0.127732089894279 -0.0595813445468596 -0.621625314642951 -0.186238638108063
-0.126713417482914 0.0666439515145557 -0.208531090087982 0.1092992130686
-0.0141491690851512 0.122166479594549 0.0266611046789274 0.0217435685264015
0.114455099409385 0.0813816828865962 0.0501831020946428 -0.132978660443153
0.134954101073462 -0.0527428942097896 0.0230217985459521 -0.111527308759004
0.0246915787687211 -0.109178636473758 0.0057421628221667 -0.0938568316255772
-0.0135320940650391 -0.0676561709272004 -0.0346027847312333 -0.0071878312352155
-0.0308145311601814 -0.0511623841443068 -0.00694416822557399 0.122784737163674
-0.0283155208949881 -0.0530477708638867 0.0288739265542652 0.220774497856509
-0.0208808342391857 -0.0417547580015621 0.0685374552575926 0.296748478548459
0.00137275468155856 -0.042486038798203 0.0283083272149121 0.353934964528492
0.0126102455436483 -0.040974343515634 -0.0463181311614794 0.37416985217123
0.0320613132958381 -0.0263577157348181 -0.177512703979266 0.357013473394384
0.0189032168903606 -7.63749206319289E-05 -0.362208781988195 0.266727519427449
-0.00689331379022673 -0.0236013735428459 -0.502657192254847 0.0770009869619466
-0.0398146476708723 -0.015830771838023 -0.618447441485255 -0.124353228750835
-0.274218092843135 0.127218642333205 -0.162910558231765 0.0851294447868651
-0.0805872729520675 0.252250728855424 0.0151152760761816 0.0532523119591423
0.175021535119454 0.209164349276311 0.090702447660156 -0.0814834024221972
0.275000533958411 -0.0286029192337457 0.0872001723058765 -0.135345227754674
0.111346750302096 -0.175405199267191 0.0262309026876324 -0.156579240264766
0.0153934303625931 -0.149012150296448 -0.0541072884442471 -0.0565365894913239
-0.0426882535821542 -0.144971403049499 -0.0243529379560709 0.0913962859886292
-0.0541726517528881 -0.142163448625166 0.0194497710884878 0.184280355130209
-0.0368791351799522 -0.123257455579871 0.077704442212929 0.257388148463407
0.0245925008772707 -0.107731180285599 0.046515815277453 0.329274829456561
0.0660587778136351 -0.0853797284755658 -0.019285838155521 0.375514833022111
0.128439174632578 -0.0193380433609359 -0.16803375195516 0.365975923188542
0.0766128543887292 0.0836774037302997 -0.356183594998107 0.269776839989189
-0.0653296707788387 0.0831175072162563 -0.4428879413437 0.103418983018463
-0.200760974227341 0.0468378021956157 -0.550681643775509 -0.0653077335790382
-0.382372413353452 0.154635771557622 -0.0641961525956213 0.0851048535996709
-0.136928473016471 0.315141715107215 0.0605068826596112 0.105620413493164
0.18776732799173 0.285133541324955 0.186392263482105 -0.0495933693971195
0.344618840383546 0.0113711283271828 0.168285626086359 -0.192995834064173
0.18113547537882 -0.189496716550531 0.0425299901829506 -0.238637755189476
0.0574276906552375 -0.192999837417059 -0.0708424607860504 -0.124527348387185
-0.036442478972689 -0.213813494227909 -0.0450489562187316 0.0333551808750446
-0.0710769027554339 -0.210657566180376 0.0025816168985568 0.118922402279129
-0.0571282739837106 -0.188896832903958 0.0741749478934487 0.19519097969349
0.0256674076558106 -0.168551292317875 0.0535262312329088 0.291171642777226
0.0970502006206434 -0.146197403423152 -0.0131212773148266 0.366643158924101
0.226646428748196 -0.0456700576344948 -0.176087557816041 0.346868203059155
0.161313215194897 0.154836692351567 -0.339945405698494 0.234207747254138
-0.0986107141458414 0.200722135040174 -0.346958581802881 0.099016181204422
-0.334636065489941 0.117491112725869 -0.427238196116323 -0.0192892590742112
-0.440208500174893 0.162926537844795 0.0781029055707921 0.109580494711941
-0.18140805010356 0.322491690333401 0.173139192191525 0.145034909274187
0.154812220759708 0.317515945742006 0.295005216300209 -0.0730637651900667
0.352969149666271 0.0664866881457056 0.221923505830288 -0.271086398055973
0.228903812005076 -0.15970265003729 0.0470972141383877 -0.304692024993402
0.0997612331888458 -0.201184677956262 -0.0760210117969125 -0.190300884566442
-0.0208672076797644 -0.248790260673411 -0.0588701033517806 -0.0426719888454112
-0.076781204032998 -0.24928333180071 -0.0199257872159361 0.0334965882915882
-0.0736586017508693 -0.229806516281629 0.0541881690231115 0.120254706508646
0.01633162396264 -0.218513191431564 0.0370319070144528 0.240808032507055
0.118583433130725 -0.207056452190753 -0.0328758325527075 0.325971545144736
0.319002491591098 -0.0745784219561322 -0.186054405033841 0.27920606176864
0.24187355349395 0.222240603989802 -0.287472067692017 0.165373633811431
-0.122759451329757 0.302720849939789 -0.225175676387001 0.0901697535219891
-0.421292115726176 0.176378177888083 -0.272021466433377 0.0063473431641805
-0.437066751612677 0.163909006953875 0.244291150577926 0.140257788159123
-0.197418341277101 0.294541802290116 0.313158605680284 0.138636695772166
0.106211942929577 0.316232814157895 0.36262019459025 -0.133824527230433
0.32142440913495 0.113657702780423 0.23254664854179 -0.32572356565152
0.244873681298232 -0.112823879969799 0.0502697971737254 -0.335076384404846
0.124463723428581 -0.180781491489575 -0.063448560045545 -0.245045748692346
-0.0039219950224847 -0.244636493835645 -0.0640506414080837 -0.126766956209647
-0.0693829486705733 -0.251090846410095 -0.0435525191403042 -0.057272968330668
-0.0744888885860363 -0.23803227624524 0.0226757351367033 0.0428618710321306
0.0147896436643042 -0.242375529825543 0.00239347775178241 0.171815955237007
0.141718515193845 -0.234682898084493 -0.0596402987470622 0.241451581782882
0.375620625247802 -0.0646030703267436 -0.160675685659799 0.175982598136858
0.264417100324955 0.280333604057691 -0.189485627441907 0.110189630456028
-0.150403492072005 0.346866026676081 -0.115683485064228 0.0963454246216102
-0.444663060901434 0.201192063511384 -0.111662488367256 0.00837717524046399
-0.37065987656041 0.159240275133056 0.402581533623833 0.160481646324975
-0.174760555786027 0.248268096836219 0.433297819423071 0.0917191658481603
0.0705675178517256 0.276741190158312 0.381869780368252 -0.191423702702593
0.264938946045278 0.124307638874652 0.219636238791024 -0.345058843971638
0.2189960751882 -0.0718887518185557 0.0596540349950835 -0.341694992053953
0.118632351516583 -0.140604533937069 -0.0413132612165051 -0.28986135673061
0.00681131343860598 -0.205082146524001 -0.0633917924881771 -0.20678817620589
-0.0507763333949581 -0.21646222081026 -0.0625844350244319 -0.138764839889021
-0.0559608732221511 -0.21202163809886 -0.0112341087849406 -0.0297790443042999
0.0272451642463844 -0.222886876878164 -0.0286661594549533 0.0912692018750779
0.1555471515694 -0.200967482578669 -0.0597695513063339 0.137899003616192
0.349979117867789 -0.0120275012229483 -0.0923183054199933 0.0928108167339469
0.205905458785773 0.289371531731838 -0.0869363333099784 0.110478699917111
-0.16989077459018 0.305032587122758 -0.060459564873795 0.116054289799651
-0.396143944507459 0.178145044140697 0.0276518147710071 -0.00869056245489285
-0.255158064591191 0.14104654794251 0.523780792661092 0.162027594614894
-0.116268303953834 0.183808491815772 0.509570934354829 0.03119460662531
0.0515211102664599 0.202848063714095 0.374376636941484 -0.229576009376422
0.186683707950641 0.0950696196065799 0.204810227307251 -0.344749048560688
0.151983917958441 -0.0409242602820809 0.0680513300956303 -0.34460497883184
0.0849714124710193 -0.0860965216480993 -0.0234990066598638 -0.327230416221925
0.0110802935872518 -0.137070037136033 -0.0634074883716343 -0.267883749060437
-0.0234552254665591 -0.149149330364924 -0.0735099867510289 -0.19566136861956
-0.0224299026125378 -0.14836564235354 -0.0333596413086081 -0.0879373968169654
0.0443836645654946 -0.152962115528375 -0.0380943308952883 0.0218802587949972
0.132571579302512 -0.113021225963687 -0.0316916583382186 0.0618928578954657
0.230816038685502 0.0398462479901953 -0.0230927053981181 0.0644956164283588
0.0948391077594983 0.214593373277161 -0.031793709181286 0.145742151634567
-0.147345982093881 0.179419335490988 -0.0565421539206672 0.1185780165321
-0.274036583113139 0.113441340310714 0.129693316064526 -0.0393343163687975
0.0440888263045694 -0.0249407422844211 -0.19604378230887 0.151009933627722
0.0525270292774064 -0.0625702210108347 0.0456319728607787 0.0122941091489443
0.0122687596352003 -0.0802526380865892 0.0405888038802817 -0.151377748111787
-0.0557985762009278 -0.0554066492252905 0.00183885870804271 -0.104641796192679
-0.0652861200987315 0.00278681551326273 -0.00807871313542751 -0.0771059080636669
-0.0225971737763911 0.0371834078816887 -0.0236425146717751 0.00320684125114889
0.00210162901715536 0.050447670848207 0.00800934511596423 0.122887317810456
0.00668793832893166 0.0420521238870919 0.0483884952979 0.224350862779077
-0.00738140644045102 0.0462145068844763 0.0804350965845221 0.300397806847502
-0.0386288441712041 0.0266350265326166 0.0406342139293098 0.358208358966374
-0.0624358640138847 -0.00623157472644359 -0.0420875114084147 0.37505020307499
-0.0647277403635216 -0.0585635348026389 -0.173576599341813 0.352077532206768
-0.0147169375282034 -0.0914256958600099 -0.347737472076783 0.261378939859434
0.0629790008160034 -0.111029291107074 -0.512155380315575 0.0607105194009996
0.121751395006318 -0.0673499740152815 -0.624551426972157 -0.132920673984983
-0.117002874263237 0.0745704241300774 -0.207058300147803 0.122192723463096
-0.00752463652802005 0.118386733702928 0.0192094343105753 0.0271218117981211
0.115399898818965 0.0701610148062429 0.0388819722230479 -0.125999049214565
0.127794954578652 -0.0604235931486736 0.0159733364043718 -0.109490591494246
0.0163923721338678 -0.106609865261019 -0.00303603632203319 -0.0949651011499345
-0.0174471773649704 -0.0662615455389406 -0.0390137201823488 -0.00460378042474234
-0.0332796273112295 -0.0500096170438888 0.000135966327766626 0.124794464004994
-0.0322674857272217 -0.0519625898801135 0.0442140354580777 0.221806838089603
-0.02347496153465 -0.041580605120769 0.0880077071369284 0.291923332678907
-0.000845207137252436 -0.0436114532276578 0.0510392631278675 0.348939273286912
0.00996476492373501 -0.0426499165068251 -0.0207829858887684 0.371515247124439
0.0316079240634906 -0.0262437119394576 -0.150528975607239 0.358684048281956
0.0183895115768845 0.000689131162792435 -0.334466936454689 0.283951999890959
-0.0125681227196682 -0.0215802427858189 -0.482979870690575 0.110031168864174
-0.0406275954268759 -0.0127251593470685 -0.616353250968838 -0.0736445383897955
-0.260000159128667 0.143975023694808 -0.163154462035545 0.0951003466223865
-0.0653998540980675 0.251428942778498 0.0104142084289905 0.0576893988742901
0.184488782248867 0.192683661691757 0.0808516191993954 -0.0793838727598687
0.269049597513196 -0.0464692590277707 0.0764922451542108 -0.137676140479615
0.0990716027483681 -0.178431521457484 0.0115721582269045 -0.157143988722521
0.00717877038194155 -0.149223705401956 -0.0612644667239904 -0.0509433333598916
-0.051638155650386 -0.142818883679432 -0.0198530386091859 0.0945617065284313
-0.0650650411733111 -0.139131805249293 0.0315000150265712 0.185762817121425
-0.0449631006181037 -0.122825025386058 0.0930720940803182 0.250806046395502
0.0189984349632169 -0.111871968069284 0.0677947875518291 0.321654563706125
0.0620010995704758 -0.0910885002719332 0.00451851292612185 0.370587593602241
0.128882424783378 -0.0259348026555556 -0.139119310905184 0.367278589354848
0.0813217546948218 0.0802445377456283 -0.326512237238952 0.286199018481792
-0.0642823591466812 0.0884546273278139 -0.421305895232303 0.132039058909554
-0.195099500963226 0.0600190310703235 -0.543952344847558 -0.0188971851008494
-0.364984910892145 0.179589547455446 -0.0659898590226374 0.0871636476150125
-0.118368254301375 0.317159075424953 0.059110382684634 0.104756228309386
0.201767151346248 0.268784245150594 0.17531517485019 -0.0564875222934929
0.342369291485672 -0.0106918582245817 0.150081362152672 -0.200657956359277
0.168825111307608 -0.198023958630698 0.0217774953684394 -0.237928857655997
0.0467285728603135 -0.197256168980322 -0.0815811637927751 -0.116459859105047
-0.0501883645906552 -0.21263458405473 -0.0438826798464008 0.037779060880342
-0.0872519917338418 -0.20578992785315 0.0100751037861265 0.120215734425154
-0.069637398232881 -0.186911726891892 0.0851977894779622 0.188237916221876
0.0169670098760809 -0.172785754295107 0.0722040489134504 0.283128163199502
0.089514749559556 -0.152445963325642 0.0125421520297844 0.359881112598503
0.22314745839911 -0.0588147516193074 -0.14919381640677 0.350372883008857
0.169755055327331 0.145213796789102 -0.314158657582796 0.251253674430372
-0.0892341810889435 0.206401791143113 -0.327578691646018 0.121996231920147
-0.321594155147778 0.138237388494272 -0.419729290645229 0.0164127487942177
-0.421133955537189 0.193034198809365 0.0778823444308394 0.10062059017313
-0.162469421187523 0.329672974255584 0.173892450883572 0.133843149503279
0.172617962342853 0.305469699112458 0.27935533492575 -0.0878480766679844
0.356368625410401 0.0431362023676597 0.196477843696108 -0.280121668404635
0.21973927416987 -0.174237677240869 0.0227093011179316 -0.30125742089608
0.088697608305432 -0.209741951069714 -0.0898453226643513 -0.180684493689348
-0.0365822159414052 -0.247814820419224 -0.0629648219959173 -0.0383179515916607
-0.0960187991650598 -0.243480489366441 -0.0178568798768674 0.0360625934258121
-0.0884268161115166 -0.226219662205664 0.0608296840742075 0.115145466441114
0.00460323799560256 -0.220605396311035 0.0542346217444111 0.233182339516052
0.106542128889209 -0.213771016726712 -0.00879391816440362 0.321785244255597
0.31140235130608 -0.0941312682136699 -0.162046754441821 0.286180471662275
0.252880095926004 0.20471365054375 -0.267622049437273 0.181653354624006
-0.1048590488584 0.307447017780977 -0.209301834861689 0.102882902354537
-0.40218429073372 0.203816674291263 -0.262365668977502 0.0295086632779234
-0.418320732294165 0.192984194716402 0.245759563452206 0.119561851210458
-0.180214482829905 0.304404054235049 0.311247106578907 0.116883126076227
0.127166853527659 0.306943952102241 0.340168216398834 -0.15204886987422
0.329627767801531 0.0913178554656038 0.2040539474629 -0.33309477694592
0.239774635925628 -0.130743822150277 0.0260487882693192 -0.331034359752611
0.114903838242949 -0.191477372094726 -0.0801172199982002 -0.236060987220233
-0.0199300703156843 -0.24493235413257 -0.0744946759072965 -0.121963509390614
-0.0885523032881108 -0.2459591009502 -0.0476734720240691 -0.0530788116198673
-0.0896436421719702 -0.234582856816506 0.0243338358352641 0.038974582302289
0.000809019876407175 -0.243061456692632 0.016221870516595 0.168197596839388
0.126992604073004 -0.241860682312727 -0.0405015505030534 0.241790654481992
0.366602636594729 -0.0886147819211378 -0.144705210989618 0.183560712867779
0.281739988456195 0.258168409124061 -0.177018766677528 0.119714824130671
-0.127930637888873 0.354060026323097 -0.100374313495955 0.100208268674878
-0.422922220420681 0.230383898110714 -0.103016104359823 0.01923274156764
-0.354582332630652 0.184997255511929 0.405008436473254 0.127659639561074
-0.159090412347239 0.257757844091026 0.426248264295168 0.06187528140565
0.0898169011220205 0.270317570906135 0.355240153072956 -0.208791746040154
0.274828672352484 0.104617108718936 0.191155206001473 -0.350164806711069
0.216059905441651 -0.088766087557147 0.0362823538787945 -0.339226344911818
0.112457571436717 -0.151674184913365 -0.0603632111720803 -0.284127962821308
-0.00591394580280818 -0.206530786544292 -0.0791597831230016 -0.202066825917193
-0.0671758910769675 -0.212729732692965 -0.0726418855631499 -0.133130088294779
-0.0700820731797424 -0.208845963419517 -0.0124547074858721 -0.031555920851167
0.0135584242238489 -0.223984154814772 -0.0184980869571012 0.0915857570171636
0.14164189264023 -0.209334308789388 -0.0481721890305802 0.140704185715075
0.344345089217124 -0.0366156986544138 -0.0845365725589765 0.0981994399148596
0.224804850693614 0.270471487064795 -0.0774221356493201 0.111318538388385
-0.148097914540631 0.314580701027587 -0.0435624684653364 0.114244179702539
-0.376147014187213 0.206312226791697 0.0348503445036431 -0.00947539389636252
-0.239980119657374 0.159464380416196 0.5256517725818 0.120609804571035
-0.103593921484032 0.189981111109497 0.497598888205007 -0.0043806894027224
0.0663966495838281 0.197285402960216 0.345993741883718 -0.245755049099904
0.193417232443157 0.0791348826847814 0.176846593488321 -0.348511858576488
0.150283758389767 -0.0528287923184955 0.0459539803531968 -0.34401654780149
0.0814725360897672 -0.0936588664899554 -0.0452011860193458 -0.32200399039165
0.00300870815534324 -0.137424333750843 -0.0836246370165514 -0.263787038254017
-0.0349658840098447 -0.147268699438379 -0.0880849625820992 -0.191237244904657
-0.0323044580839532 -0.14730338272504 -0.0371733678350447 -0.0869147128315041
0.0344489112358676 -0.155502676301173 -0.0310736031224601 0.0239265177021792
0.12389229758689 -0.121499578276343 -0.0252429840380207 0.0643358910820947
0.230747083479389 0.0224253443675228 -0.0198001380746836 0.0652973950255798
0.110552305132458 0.204789382669142 -0.0213360115318114 0.139909016786625
-0.133889270298862 0.189918140959797 -0.0389723085798366 0.115610666595663
-0.260876690208686 0.134465348024681 0.134173725065733 -0.0476045917275223
0.0402075548212451 -0.0254182284749148 -0.165788165544196 0.181766377624442
0.0386004142370475 -0.0687559701013117 0.0422656468755082 0.0107039164428548
-0.00528252641168007 -0.0791577132189926 0.0161176617700945 -0.150030705529521
-0.0648324686292835 -0.0418547801454354 -0.0148588152845174 -0.105451993762988
-0.0631753954296054 0.0154053554644663 -0.0282296494547144 -0.0751835131929624
-0.0171616078150485 0.0394031206993546 -0.0283054598620675 0.00945342358999733
0.0111891147740427 0.0464705720334164 0.0258082621627186 0.125684725313129
0.0135617124941289 0.0394540782966734 0.0856949448684065 0.215642210892488
0.0026575075904021 0.0454102715514675 0.130932815649112 0.282699859492632
-0.0319521806494268 0.0339435864054279 0.103716800809125 0.341232253789521
-0.0605169855314273 0.00561621767479438 0.0253329453339596 0.370148481694539
-0.0733624283561939 -0.0424414236969108 -0.105270999968768 0.363431996482417
-0.0291308834842984 -0.0838231246084405 -0.28315804025533 0.305756155433895
0.0343149133377938 -0.115568380771993 -0.468600196193088 0.150527739561288
0.0993243263437598 -0.0798645274942451 -0.614671271383744 -0.0232920988254668
-0.0996992066883935 0.0900591223308571 -0.189157621415077 0.16039754860322
0.00857764891625354 0.110495845633118 0.0158482459211276 0.0364820234086463
0.113678196894635 0.0466153807937855 0.0219000202411277 -0.113725317800876
0.105972072428313 -0.0762459581536854 0.00845963299739051 -0.106600732519026
-0.00201117908344476 -0.100512597084973 -0.0216345748616573 -0.0994773398437596
-0.0258664012405454 -0.0605829409970286 -0.043847216142627 0.000560534408995974
-0.0377008464150842 -0.0441787921420853 0.0189852447563257 0.123354504775436
-0.0372333250120835 -0.0465138497648903 0.0822279673964942 0.212271321904066
-0.0259659892857197 -0.0391079128418665 0.138186615288017 0.273240505487371
-0.00513921374858436 -0.0424404971460237 0.112935728775791 0.331377890413245
0.00652915181321621 -0.0402299411834154 0.0442583436955238 0.362568400430216
0.026890184752569 -0.0248105092014266 -0.0846696257732741 0.366298470235393
0.0146931454112341 0.00169836812928189 -0.267685802096626 0.327160275996763
-0.0259361659641655 -0.016796571396854 -0.433200927608171 0.189493329400502
-0.0502296642317267 -0.00485085730894245 -0.59640821723345 0.032500059000711
-0.226074516422295 0.174271124870795 -0.159297541555851 0.128139748036184
-0.0261453439310409 0.244881459637571 0.0100877666401869 0.0710729533363985
0.197392724233032 0.15152291133182 0.0725767835328928 -0.0678408398477759
0.241390819943241 -0.0872054293990186 0.0687825484505198 -0.136840992405227
0.0658621526447652 -0.181305665920458 -0.011823044358523 -0.164983950622369
-0.0133030207186504 -0.144787703208406 -0.0719473676922188 -0.0443291790620829
-0.0697579977660863 -0.130741556349251 -0.00501485393588157 0.0917559551919944
-0.0816693399924413 -0.125987464377247 0.0634573932044238 0.177764872390122
-0.0598924879640168 -0.115087421919896 0.136857495321816 0.233324932023651
0.00395101589367479 -0.112791628321983 0.125871674673656 0.302602291593913
0.0518091820570357 -0.094453209505456 0.069296638101019 0.356364021685006
0.122678015982275 -0.03835948872717 -0.0734721802221285 0.374091439990687
0.0846519622294165 0.0708943876435154 -0.260472552544859 0.331439896821986
-0.0594854420606993 0.0968264837611023 -0.371772043300101 0.197814913533451
-0.188681917256101 0.0869880256325315 -0.518633473970387 0.0696135623846338
-0.320065061818833 0.220682385046705 -0.0719221374798139 0.103173642362917
-0.0671826953023369 0.315820229270302 0.0634489518429657 0.108433394305341
0.226253887738306 0.219878933418926 0.165106522343893 -0.0574585383825264
0.316798032937949 -0.0680222223121899 0.131790630893695 -0.20540436954523
0.128490273035784 -0.212739897002502 -0.0112523974796446 -0.244398730962235
0.017581580224071 -0.197756346169819 -0.0996708338756983 -0.106471298350255
-0.0797582857512573 -0.198142792915532 -0.0360540551175758 0.0354276457879604
-0.113145143219335 -0.188224567002709 0.0313567353674657 0.11600626056137
-0.0932684087205239 -0.17404531136213 0.118840043046073 0.171857391802456
-0.00601679134193077 -0.171927792875588 0.124864175363208 0.263940175817637
0.071512947730292 -0.157102353764588 0.0759395850474637 0.344929854542796
0.209020875935693 -0.0834817662971058 -0.0859153423328696 0.361433025444668
0.177145806157177 0.120646390784208 -0.253026441087689 0.298338515869782
-0.0650203581818756 0.213606174157259 -0.285026646105655 0.169226945079211
-0.297606569236758 0.180443824359301 -0.394325255661833 0.0826351521707508
-0.370469814675175 0.239031353334729 0.0664219676083232 0.0892665424738845
-0.106292186428475 0.332797889464525 0.177667865074352 0.11398706925934
0.206169539997717 0.258164979834507 0.255305261639423 -0.104197357077675
0.339634588726166 -0.021138051277439 0.160914775722333 -0.284888637689059
0.179601917154879 -0.200117439639507 -0.0161228682956588 -0.303897750550449
0.0559060475556766 -0.21730454171326 -0.115085569247064 -0.168302362701318
-0.0728747676896662 -0.234032261832381 -0.065608917785811 -0.0383834853051978
-0.127250500853352 -0.222950573438157 -0.0103079084757116 0.0367259543198213
-0.117962285018615 -0.209006133301692 0.0824183990214025 0.103929179447315
-0.0247421527980036 -0.216833913164324 0.100060741554196 0.217752090803757
0.0800508395332563 -0.21663382372079 0.0488976189711225 0.311445875651145
0.28817631540788 -0.130946349094177 -0.109438035169018 0.304464660972986
0.264153520417477 0.165031212047981 -0.222502024969057 0.225605212228394
-0.0615648479017287 0.312246345091008 -0.177792451480858 0.127220872444014
-0.363692410929744 0.254176666594646 -0.241937073590422 0.0675271994475163
-0.363434945934856 0.239200127441826 0.231165530238434 0.0754444075181879
-0.125609442540197 0.310520762603767 0.307132042093497 0.0710661112677087
0.163770366933319 0.266637367513534 0.299282416965895 -0.177202727851289
0.322005739535045 0.0262831789868285 0.155634263735491 -0.334068846869554
0.205023985053141 -0.163739568183889 -0.0156196309539292 -0.330560886233726
0.0834304516513531 -0.204678157155938 -0.112331544067559 -0.224708518878631
-0.0572907351759849 -0.233487920224278 -0.0892079581341939 -0.119517075346159
-0.121047667245043 -0.225730426168393 -0.0544310731547121 -0.0461851526722753
-0.121485483246909 -0.216218081731985 0.0349976624026728 0.0354211319343255
-0.0322034386595362 -0.237500037547287 0.053992952408865 0.161162463330669
0.094670836713082 -0.246135919759479 0.0062192599889845 0.241206143009962
0.340354115301987 -0.136139351111625 -0.11266612999756 0.205754038718704
0.299127197558659 0.210018544221998 -0.147893817359464 0.151659798058296
-0.0734436947007091 0.359734840599345 -0.0759159113742635 0.10315567383468
-0.377881941228078 0.282181088399382 -0.0893876377829014 0.0310705004208133
-0.300743052992363 0.220450679130291 0.389232341994956 0.053027427091996
-0.112664284816967 0.261686544580233 0.410267772414989 -0.00571602261944615
0.123800377839586 0.236050838046005 0.302441135092893 -0.237467149392539
0.272224209373793 0.0467770175461057 0.137205869668476 -0.349362379040711
0.187930167963027 -0.121248832577638 -0.00723541417200616 -0.33813597815002
0.0852818947182512 -0.165689464047357 -0.10044215667772 -0.273313817940662
-0.0388638158597194 -0.197884731368306 -0.107307864359111 -0.197252265718005
-0.0966377356351961 -0.196301262886279 -0.0923033065977514 -0.120479529146133
-0.0984640745488284 -0.193266928307447 -0.0131924096003334 -0.0289092429128896
-0.0176359044591564 -0.219360769141011 0.00824118282941609 0.0924143042599705
0.111105912608318 -0.217823058121579 -0.0195023207104779 0.146074831582338
0.326453287742999 -0.0840331487247963 -0.0704501567897088 0.112353906326788
0.247858706824655 0.227401514246203 -0.0564251552527899 0.124247897794072
-0.0968459407500938 0.325475199187167 -0.0184140083853174 0.105020731572867
-0.333144981930402 0.25208330254863 0.0387759185236511 -0.0188858359371211
-0.194241756643516 0.179605975548111 0.509896360821382 0.0220983364521476
-0.0682759035440589 0.187169249948531 0.469298709842426 -0.0858301832202824
0.0908121090726352 0.168546173700814 0.286923123300227 -0.276460188765423
0.189522793589002 0.0359075128279012 0.121400518590598 -0.35017109471305
0.128995050436043 -0.076432102511377 -0.00219949172392972 -0.342054007202186
0.0630041151598825 -0.103780161381762 -0.093922435485811 -0.311725784456542
-0.01995858523998 -0.132352155418776 -0.123066024959253 -0.253981593072314
-0.0564133171988014 -0.137687433363177 -0.117481877368215 -0.175004985547466
-0.0537366810843463 -0.139224102898977 -0.0472139838996181 -0.0799067457223289
0.0110681454289315 -0.155852178334565 -0.0174413685190634 0.0290632743799186
0.10472475350207 -0.131935955800366 -0.0111795849044677 0.0688765454860553
0.22657242945616 -0.0124743801815934 -0.0138769158122419 0.0675480263210248
0.133291770700485 0.180273291824771 0.00178046085478775 0.137254532591502
-0.100736657259369 0.204965575635808 -0.0115998294446621 0.10510395649243
-0.23076257797884 0.167001259802529 0.128540112070733 -0.0708419208947256
0.042361183426134 -0.0268153522134312 -0.170492914440454 0.181334803396497
0.0362557604303226 -0.0694724435194492 0.0359770324580128 0.0198294768682325
-0.00769821614163734 -0.077926318532158 0.0177048033561597 -0.14080596186456
-0.0659703885925331 -0.0394309794196575 -0.0120402296933172 -0.102932245320679
-0.062070045544175 0.0176738831557951 -0.0313224862386806 -0.0762522404027241
-0.0172523871694987 0.0392245587042729 -0.032768440411443 0.0110568779399353
0.0109569697488904 0.0454197331658279 0.0259532512433806 0.127976261531082
0.0137574200839433 0.0386059876376234 0.0884520321978846 0.218508656012808
0.00310697254590741 0.0444735031448163 0.129927242352375 0.283825092430304
-0.0318788346036294 0.0336951167234891 0.102149408114195 0.338497035887178
-0.0612634305854837 0.00619116284586388 0.0232915571834597 0.3649515978903
-0.0728724208854515 -0.0413597707754464 -0.106185245674969 0.35310142186658
-0.0287386505435922 -0.0832972145520139 -0.275465827505038 0.295905636201441
0.032927448203908 -0.112145248243833 -0.454300127687681 0.145732481524481
0.0981460814694195 -0.0776862131279205 -0.601719853885978 -0.017471309857401
-0.0956369502581135 0.0873202064375045 -0.194557916419128 0.160765436438502
0.00634548114922745 0.107074337434436 0.0099863011504215 0.0445446570126509
0.109627500858312 0.0455622819773772 0.0233144901371199 -0.105226732071904
0.103471630419603 -0.0739802545245504 0.0100197128175531 -0.10384119058942
-0.000949527721561895 -0.0963438685228874 -0.0247319664938202 -0.0993106534699019
-0.0249315139018253 -0.0602805221955815 -0.0483395637558411 0.0026472495354801
-0.0372459923372589 -0.0450434231877369 0.0176243569161753 0.125245217655383
-0.0381427650068325 -0.0467974507713739 0.0834775839045674 0.214710324070172
-0.0263280299702895 -0.0405663910881862 0.136956339307283 0.273957064493875
-0.00464044183883086 -0.0437919712339742 0.111561465213059 0.329400419125975
0.00672132958838381 -0.0404819375348556 0.0416386788832574 0.357539479671637
0.028893848537681 -0.0233366707797522 -0.0856684782014241 0.356626335568739
0.0152326237352904 0.00285293304731541 -0.260455288319584 0.317274796412046
-0.0290574140256391 -0.0138058024242809 -0.419051757681207 0.184148704494114
-0.050091184795347 -0.00507155364923485 -0.583877566662967 0.0373750290137912
-0.220382526392357 0.170588932888603 -0.164695758741027 0.128246304986645
-0.0294368647675706 0.239561898230963 0.00494612650097087 0.0773380351809354
0.191921731597984 0.149279689951702 0.0710728030923063 -0.0605648639533254
0.237799970570304 -0.0847043791305809 0.0678869819607867 -0.134062673169007
0.0667689066748119 -0.177305736538317 -0.0155873299831811 -0.162794387347313
-0.0119172529870538 -0.144797627869059 -0.0754038429916161 -0.0413846965945466
-0.0691703961443953 -0.131783337187026 -0.00628887868709534 0.0938635063935429
-0.08287658284172 -0.126632411279099 0.064763229571501 0.179275843547241
-0.0598345980238376 -0.116856957255967 0.134789613217198 0.23211894852074
0.00520721009818005 -0.115293564830857 0.123314062601898 0.299814618933463
0.0530683440124942 -0.0955696356925563 0.0668160541328223 0.350401703809556
0.124900593427963 -0.0368221739599813 -0.0736507585826169 0.363045034934415
0.0843700830084301 0.0728445795410115 -0.25255667429398 0.32185912685277
-0.0637229754475852 0.0990494018189687 -0.358832002179574 0.19199074637668
-0.186241063138001 0.0857612176044647 -0.507353741945091 0.0729684084803742
-0.31340106162071 0.217027308009986 -0.0783091672857396 0.102527219912421
-0.0703392109936143 0.310590384653554 0.0576000334077857 0.111882065223845
0.221729175120108 0.218576879380559 0.160956350137519 -0.0515091017524749
0.314025999512947 -0.0655268550074943 0.127757686116535 -0.199307623482187
0.130589733272678 -0.210193811848394 -0.0140907963211371 -0.23958599343949
0.0200091919814154 -0.199029961413487 -0.101172553835837 -0.102899286562578
-0.0799943573496734 -0.199421554756803 -0.037498899737818 0.0370686339896011
-0.114755091742378 -0.187954708655568 0.0321361724716317 0.117049886848795
-0.0935298087706563 -0.175634367183578 0.116131020649482 0.171287178284594
-0.00407472150521355 -0.17526789299294 0.122992109173186 0.25995828297271
0.0731074317037722 -0.157595435035244 0.0737628615701281 0.337928395420622
0.211566731092855 -0.0806985516046199 -0.0840940310029478 0.351929504633359
0.175331603464559 0.122319025299665 -0.245556279003756 0.291063976251349
-0.0698040031755826 0.214031409579835 -0.274029722049986 0.164603271544871
-0.293279399278804 0.177200122383427 -0.383546731518692 0.0846028085714402
-0.362929398089874 0.236893613545734 0.0587836285952017 0.0875210151552521
-0.111123211039324 0.329221853700118 0.169825014235394 0.11642348228718
0.201921385395371 0.258330262341936 0.248091421240319 -0.0974434391260284
0.338946843843872 -0.019704643948398 0.155811070773492 -0.277639795078378
0.182768845954581 -0.199396314287123 -0.0174428157606433 -0.297778224148384
0.05866500634813 -0.219869782325009 -0.114878872292152 -0.164723464888488
-0.0729023762250333 -0.235626075543922 -0.0665071396798481 -0.0371333330444425
-0.129269525213751 -0.222942824014764 -0.0101594933556174 0.0370598682426882
-0.118315368404573 -0.210151444747247 0.0805421404529113 0.102018082112728
-0.0225906730012411 -0.218628905082278 0.0993032324868142 0.214261691411383
0.082201039064739 -0.216213015362686 0.0495651188280789 0.305135282581855
0.287563724616873 -0.127480022029322 -0.106399316629719 0.296517933121703
0.260824639005345 0.165269506621494 -0.215652399965777 0.220963343426967
-0.0654260809466589 0.310578111288406 -0.168492006240522 0.122646042090604
-0.358141972806712 0.249834818898448 -0.23245559772368 0.0688199579629328
-0.356889633803667 0.235643507482436 0.222820936881945 0.0728197105633304
-0.129289074217207 0.30869653884323 0.297683118716408 0.0723152426154406
0.161597348725169 0.266582930814557 0.290449429781183 -0.167861383851828
0.322977618622124 0.0258143118679019 0.151250011581811 -0.324551760375186
0.206807221240356 -0.165168042514493 -0.0149481299176472 -0.323710367526705
0.0842997140818717 -0.207470364552134 -0.111318435848343 -0.220878029285299
-0.0571912684241428 -0.235097586172959 -0.0901354746237754 -0.118734485718438
-0.123628436917588 -0.225559422093708 -0.0550100771030678 -0.0465890221016003
-0.121109260505688 -0.21741343891312 0.0337865933111435 0.0330666461399349
-0.0297358968926961 -0.237582394929247 0.0558845933658186 0.156518949938787
0.0955159245456607 -0.244053063573018 0.00788516756951164 0.236330045864911
0.336957087133638 -0.132900587687887 -0.108384839107599 0.200743668931735
0.294928285994595 0.207244088053823 -0.144278550600039 0.148469692795329
-0.0755033338497409 0.356610582833903 -0.0689549957448961 0.0974994574573957
-0.37092695685261 0.279455584904756 -0.0814125160089249 0.0309669767884383
-0.294836958173447 0.217508247239468 0.379756745656604 0.0495883822799685
-0.114734492918928 0.259884887078352 0.399321691338298 -0.00396866695521035
0.122972141840254 0.235292584572576 0.292480662227391 -0.226953292223222
0.273087464980165 0.0449872899041542 0.134860240691963 -0.338912482525824
0.188764173656025 -0.123351625239686 -0.00475027396204975 -0.332436949790255
0.0859660709997312 -0.169056239620668 -0.0984999108880578 -0.270221625107334
-0.0386811079911932 -0.19904677565494 -0.109295481417511 -0.19608725439922
-0.0984370686755319 -0.196223234794212 -0.0931810114054605 -0.121283623469216
-0.0984378402021222 -0.193717473540624 -0.0125552473895133 -0.031182869684282
-0.0160476772882777 -0.218956410452372 0.011389617926962 0.088863519958237
0.110816646991498 -0.216200908032145 -0.0162145192129762 0.14375029307388
0.322690082636536 -0.0838391029348339 -0.0687321702946848 0.111116778264833
0.246227919866914 0.223556050566677 -0.0560883647801329 0.120619490606629
-0.0967999578303703 0.322569043461162 -0.0127785047741602 0.0973822268359943
-0.325959907416029 0.249789163223892 0.0452926514655333 -0.0199328247502154
-0.188833134760545 0.177403002062046 0.50030849923312 0.0194773210342499
-0.0698385771583396 0.186341105405215 0.45725739356843 -0.0822459378144368
0.0915047988524611 0.16679178126548 0.278910355977328 -0.26467917226949
0.189539216646684 0.0338825383126742 0.120392707690955 -0.339825914607284
0.129812765287103 -0.0783100993531191 0.000534707922436049 -0.33822615408433
0.0643330293372096 -0.106314332135071 -0.0922641574389493 -0.309180983849957
-0.019318186889327 -0.132706308609753 -0.124815717384351 -0.253329652464851
-0.058174557115179 -0.137239114224672 -0.117372286199195 -0.175721032030096
-0.0535999242606046 -0.13903656935223 -0.0459458274606942 -0.0830375490237858
0.01084039904717 -0.155737598532342 -0.0121248216572316 0.0270857185653064
0.103494055762181 -0.131516881931022 -0.00848369142057344 0.0685819520745076
0.223693888348505 -0.0131301604608428 -0.0144336519600897 0.0670964594955439
0.132666134867191 0.17667936387022 0.000397010305446974 0.131978236829636
-0.10027473137757 0.20521012845382 -0.00409327329273668 0.0962017701433317
-0.225198199353004 0.166902152302237 0.134625796126013 -0.0723643062012034
0.0463786467665082 -0.029236145893703 -0.183654984978541 0.186374039186611
0.0368141366937856 -0.0727985319936077 0.0315197485838623 0.0300040425504664
-0.00952036788662201 -0.0798309921316522 0.0229646942043744 -0.13758739087331
-0.0683048638907195 -0.0386155745761744 -0.00809907731249312 -0.104618908393897
-0.0629185343350738 0.0195744690667183 -0.0345553880543325 -0.0796416364893005
-0.0190741470644733 0.0406402588041853 -0.0392840866199307 0.0124891484816225
0.0106409766892458 0.0463639262527823 0.0246402083668571 0.134476919131743
0.0134041716544928 0.0391303064983891 0.0916754646509353 0.229386376950837
0.00266350400757488 0.0448789873155823 0.131774155640581 0.296396768485079
-0.0334253605233879 0.0346259827527925 0.099805673920198 0.349869511678917
-0.0639693288233902 0.00625936935127635 0.017743721159931 0.373705741616108
-0.0739363583416905 -0.0425101476721772 -0.116761540093689 0.354978281824233
-0.0285117207297319 -0.0862340033080101 -0.283385180526397 0.293086592898158
0.0339864675826655 -0.112171338243477 -0.459037471485305 0.13869319211919
0.101635513914256 -0.0772582039635879 -0.610264311410983 -0.0217180571393708
-0.0962865730479871 0.0854531967813899 -0.209093723922217 0.164296796013798
0.00303770634969862 0.107090610176102 0.00458644005755301 0.0546453079582389
0.108646045130193 0.0473621340417376 0.0274912107923537 -0.101469556915441
0.105403867397223 -0.0728006069641136 0.0130491054306411 -0.105008195760827
0.00160565511941013 -0.0963731538519526 -0.0279987426473537 -0.102082207700322
-0.0241222035153976 -0.062591950663551 -0.0546585179333899 0.0037505806639808
-0.0385165722687068 -0.0482929688925745 0.0154979173354829 0.131924419888686
-0.039574698085458 -0.0500201720635693 0.0865087511502351 0.225415666660731
-0.026324603047053 -0.0436437939767348 0.13772758121151 0.285025283152958
-0.00421588735046178 -0.0470234513521947 0.109020797180874 0.339790877472166
0.00768535905315889 -0.041886353158627 0.0360794663934509 0.365016997680009
0.0329817590815234 -0.0234254238094448 -0.095242260253993 0.358072713098361
0.0161349221179408 0.00535156542377203 -0.267185033507731 0.314940704656295
-0.0335271643683727 -0.0110571860530123 -0.422506336588694 0.179645739257343
-0.0511435393023063 -0.00581983742431156 -0.593772646567293 0.0344606422754886
-0.224806615614635 0.169454538855696 -0.177670902883088 0.13169980025841
-0.0371603195025618 0.242520207373261 -0.00102535393016101 0.0865140271227899
0.191584007774639 0.155060964777571 0.0744499296258235 -0.0560086277061832
0.243775108298836 -0.0812692244506673 0.0708505518171162 -0.135238855385684
0.0732860826499174 -0.179324549216266 -0.0181566196936841 -0.166580185179861
-0.00825342645028581 -0.150647664582689 -0.0809377787378587 -0.0409211847425946
-0.069370195768564 -0.138628983738706 -0.00929023429501456 0.0984481014054173
-0.0859468007900001 -0.132843610465225 0.066633967492641 0.18819771244555
-0.0607083831007413 -0.12386369261222 0.135007909232784 0.241282566768672
0.00743936372932699 -0.122133341502414 0.121740142132009 0.309665049591635
0.0571388946799813 -0.0994919656675058 0.0616245649667646 0.357368669499687
0.132960042447947 -0.0353107491276508 -0.0822583461088992 0.365308810362631
0.0865102106548556 0.0786729011200339 -0.258332390568822 0.320636570330101
-0.0721370618018652 0.104585036790832 -0.361255614905461 0.187939019674239
-0.192388945787007 0.0846401945501117 -0.514490096047447 0.0722596084038833
-0.321155293588297 0.216247289723779 -0.088087380817267 0.105194525966673
-0.0813231677154971 0.316204270069492 0.0526930541819669 0.120502485092211
0.221142102250382 0.22856026030431 0.163690860663216 -0.0455139254344108
0.324150207328079 -0.060389393912607 0.13133457989963 -0.200635007778629
0.139959384960849 -0.213156473647473 -0.0151139501950758 -0.243691174970428
0.0257806304320515 -0.207584906735636 -0.105173525881096 -0.103895760638054
-0.0794113856455622 -0.208912464247911 -0.0409171095355159 0.0393630898004058
-0.118119571273347 -0.196950201062959 0.0324124990227445 0.122102806596864
-0.094954198045703 -0.185008404676591 0.116060146742331 0.176931294289868
-0.00123288430677268 -0.184054212122238 0.120942195061861 0.267860855513532
0.0798717739371732 -0.162762328482898 0.0700703921967113 0.343514765385524
0.221035100951902 -0.078602242108417 -0.0914742435100991 0.353940725288978
0.178213032311509 0.130600793915573 -0.250827434689739 0.290461645568657
-0.0800016923666528 0.221811611704191 -0.27447740804304 0.160996838563197
-0.302571309946483 0.176976653230706 -0.387125691204827 0.0837090592705496
-0.373136830560565 0.234929722362408 0.0530799086058763 0.0907515619384727
-0.123763516683561 0.335980232166962 0.167313807043613 0.124700347810701
0.202516867106327 0.270563482314362 0.251022216403948 -0.0912146875028693
0.351037960872768 -0.014074670894033 0.160712688112452 -0.277441799586772
0.194786410306545 -0.204104062939938 -0.0163361868528847 -0.303318902167359
0.0647913840524985 -0.230432175649028 -0.116905532472311 -0.168466971977038
-0.0727263031403432 -0.24722033318073 -0.0695326993146785 -0.038267597259835
-0.132642676485447 -0.233150252422791 -0.0112458768979308 0.0391493620062157
-0.11914435335086 -0.220473157829519 0.0810521675819765 0.10476869613104
-0.0180247924107732 -0.229444748467493 0.0988985905674027 0.218450080870569
0.0884938285460048 -0.221742426860228 0.0470536216356738 0.309515766970393
0.299204354844643 -0.124841568069937 -0.111675748408652 0.298194253397583
0.264893337324625 0.174305973040234 -0.219376694967358 0.221289074667555
-0.0770261358292917 0.320056412637211 -0.166957590179825 0.120002054953594
-0.368658260962039 0.251678172172701 -0.232153584205629 0.0693727632405448
-0.36624696612935 0.234365429873398 0.221925554886943 0.0763595827371342
-0.142150888005535 0.31479731470473 0.297736069275975 0.0806148810946495
0.162101292434931 0.2781527996165 0.294640510469066 -0.161828550944634
0.335198032517633 0.0317316879846655 0.156433897428983 -0.325226267497206
0.218733849707529 -0.170186895641573 -0.0109084696761838 -0.329799527913267
0.0914308041273002 -0.218458388315203 -0.111003164351129 -0.227678221472028
-0.0564563229651291 -0.247090328988953 -0.0930955834061002 -0.122976299925132
-0.127229906600293 -0.234687218019215 -0.0565608753470651 -0.0485270579126642
-0.12235312573817 -0.227529302047189 0.0334811432413392 0.0315356122316245
-0.0251107964861679 -0.24733931074531 0.0565855967586113 0.15871448751329
0.102528609435877 -0.249455855670802 0.00659596892944259 0.239861228590296
0.349807079121339 -0.13116783529056 -0.1125542377589 0.202605163987128
0.298933864996076 0.216374166061589 -0.147642080929097 0.149634619485336
-0.0860856304803935 0.365948375363204 -0.0655645211932316 0.0945269944869547
-0.380891369800495 0.279877867165729 -0.0769212878660855 0.0307011948487659
-0.30193457261387 0.21811583422306 0.383258110628853 0.0542992883266172
-0.12496742897147 0.266038095475834 0.402832952314176 0.00384543954843235
0.124648559468086 0.244727334458054 0.297998346450782 -0.221405194537167
0.28273126865873 0.0487516882679775 0.141164961483386 -0.339507669283117
0.198936404056361 -0.127577682163898 0.00193025072342153 -0.339202057344848
0.0919672894847882 -0.177918323294059 -0.0960071367367055 -0.27986625042818
-0.037717526873204 -0.208241259293397 -0.110947607783956 -0.203478516934766
-0.101543715765356 -0.203776326370319 -0.0955022632347445 -0.127147022514295
-0.0992168686431168 -0.202898002810292 -0.012437257342117 -0.0361014054740674
-0.0119142917784085 -0.22696844365342 0.0140920710891909 0.0883015908453715
0.11707895658044 -0.220548764235337 -0.0154351771520241 0.146116648205358
0.332129597781234 -0.0800775365583693 -0.0713393090966575 0.111437792273506
0.248963770267843 0.230460999328738 -0.0588283381887755 0.121840416787661
-0.105957265354565 0.331555096149701 -0.0084286001963443 0.0931553929590465
-0.334283081441726 0.251606543891615 0.0544994625468385 -0.0212449258152453
-0.192615893584253 0.179093284067105 0.507349403117513 0.0235017787995302
-0.0755409663710815 0.19028148632429 0.463215193025417 -0.0760880864845229
0.092019891701577 0.172906137782831 0.284664345550928 -0.259975487183547
0.195539337409298 0.0355372676899136 0.128478726002997 -0.340321684543221
0.135655090651268 -0.0803345525347834 0.00799080143889325 -0.345254729150204
0.0689240351381648 -0.111994347684897 -0.0891312794723791 -0.318934183159401
-0.0175916667760898 -0.138902853528486 -0.12690674146915 -0.263087945342343
-0.0599157134562302 -0.142369296175385 -0.121086197096464 -0.184672697878856
-0.0535674407713089 -0.145441738898069 -0.0448664017035757 -0.0905592535498487
0.013552508924617 -0.16059534190369 -0.00784143344605422 0.0243382854217978
0.107959902691689 -0.13433958187552 -0.00703139704698556 0.0702155077138517
0.229771673963655 -0.0112762711124286 -0.0162959580363675 0.0690870796150092
0.135125551430418 0.180759898168884 -0.00228709983325185 0.131812726366468
-0.105914406545877 0.211401321547922 -2.74401884837734E-05 0.0906192057720981
-0.229231321542331 0.169613587169145 0.147276723773828 -0.0755828170844499
0.0512316775664824 -0.0336529382852847 -0.202420192900333 0.200689153256293
0.0371398375813572 -0.0795433771984343 0.0286308054259495 0.041558241548638
-0.0122171917638583 -0.0852630269499072 0.0270057531617739 -0.140089225636029
-0.0734672951706496 -0.0387730841878631 -0.00558679249107885 -0.110638745496362
-0.0661853132140453 0.0224575115885244 -0.0411115950916099 -0.0849828977989958
-0.0210128180428772 0.0437660376494668 -0.0476161689995982 0.016298117314834
0.0112348044043699 0.0483253510308996 0.0267223333795425 0.146493513403241
0.0136812162276886 0.04073788943247 0.102154651547807 0.247624199772371
0.00350833697660453 0.0471108993275883 0.142424801381837 0.318722678176666
-0.0359766684415805 0.0371182204790515 0.107611668093209 0.373695801252201
-0.0692468509373978 0.00792230986806577 0.0172775961190213 0.396216284973585
-0.0783172005606342 -0.0450206669359368 -0.126006454506305 0.372196453910149
-0.0304912408494998 -0.0917453866508453 -0.295774031969209 0.303606681202366
0.0352999465130553 -0.116456039889242 -0.478874319487603 0.14375454858683
0.108978151534884 -0.0817332576080615 -0.644137753532913 -0.0165181048670428
-0.0992381132250138 0.0871686154244987 -0.228649063792514 0.177812029742089
0.000631808715292163 0.111029102976073 0.000339039705081186 0.0674164464705164
0.112329305391297 0.0493406633873201 0.0309342503770198 -0.102413390624558
0.11080707889873 -0.0743976513898384 0.0161280990228137 -0.111884501726631
0.00355749132653653 -0.100236976221898 -0.0345835324921638 -0.109176838605423
-0.0252449473583538 -0.067206022531159 -0.0636337944193459 0.0071806612269693
-0.0406285472742636 -0.0530384779472636 0.0159846695162527 0.14408199810322
-0.044278848958572 -0.054091249765288 0.0952216360845225 0.243446698409112
-0.0288540226863546 -0.0489048326804083 0.147972918594272 0.306118516398875
-0.00483305280453602 -0.0521755175233311 0.115788984089956 0.362122515304539
0.00803917921000588 -0.0456179294211057 0.0359944899381338 0.387027628102844
0.037894006548748 -0.0253703199064605 -0.104311946951054 0.375263340611017
0.0171413934300073 0.00673816230809315 -0.279990727991301 0.328393915351902
-0.0389253403132564 -0.00737461410137762 -0.440858774667371 0.18640149393741
-0.0542990513239288 -0.00622172682129324 -0.62405332316885 0.0406600112568238
-0.235843921919931 0.176360020857744 -0.196303908601651 0.141817778783047
-0.0419845081756419 0.255500842957591 -0.00511756839624718 0.0988986001844668
0.200522536869942 0.164109485047536 0.0787343452259947 -0.0546467696082885
0.258851762367138 -0.0844818550315678 0.0745284044929294 -0.142915866511227
0.0806661783257897 -0.189585957473816 -0.0238185842838113 -0.176655508211221
-0.00737876439334397 -0.162471001303295 -0.0905715559884884 -0.0398171231225713
-0.0746310818064587 -0.150506242591203 -0.0118941852893274 0.10859590621905
-0.0944266859384767 -0.142682563987712 0.0730650434432822 0.203003502964055
-0.0659557649805116 -0.135401753143633 0.144446239774396 0.258822943227502
0.00797955963220113 -0.134231805516451 0.128746440738475 0.329861103946992
0.0620645911425714 -0.107565173537616 0.0630564551787065 0.37780608818581
0.146486657265755 -0.0377755354791999 -0.0890559437306778 0.382953105073589
0.0927300124789109 0.0865822288378716 -0.269830274298344 0.335489121156072
-0.081128317696925 0.115647672234378 -0.375333765477167 0.195047485928403
-0.204073561857788 0.0888344615346027 -0.540890204275287 0.0804744107121712
-0.338604992703664 0.226903266003925 -0.100645218149899 0.113100144960939
-0.0915006411997485 0.334048085559338 0.0511782541123026 0.133128224538215
0.232118281882417 0.24338360886167 0.171081438274371 -0.0444623525884808
0.345536846309686 -0.0628813179880326 0.137035044538699 -0.211182745879964
0.153305405936025 -0.227389181160532 -0.0198795172304646 -0.257695029703159
0.0285016560659259 -0.22553271802365 -0.114771403537161 -0.107276293111605
-0.0849899970425517 -0.225638074574829 -0.0457082261702522 0.0448961647571345
-0.130598185510027 -0.211772503640427 0.035384673192785 0.132344488918955
-0.10256743405831 -0.200424021682005 0.123268328467778 0.188935595112123
-0.000710472479290033 -0.201171490259739 0.129190580931149 0.283516519429658
0.0861991034329662 -0.175313934606285 0.0727230345846932 0.36246667612588
0.240588639576259 -0.0828003917111431 -0.0962447102827861 0.370119094430065
0.189285130056784 0.142003956804665 -0.260552798315156 0.305374469509431
-0.0905047044820685 0.239891647147448 -0.282453360373082 0.166917354780438
-0.320459591427178 0.187692894617177 -0.40463276522348 0.0927585250576454
-0.393478893416939 0.248395149510426 0.0496175482547176 0.096529547354049
-0.137357296328428 0.357068457609956 0.172370407541096 0.135634164269248
0.214006413690343 0.289790064661409 0.262433837105257 -0.092029423881846
0.37640782741405 -0.0138173264183504 0.166932812092087 -0.290755011386353
0.211916506307748 -0.219685008826244 -0.0197918866383747 -0.319610317489763
0.0709354640178426 -0.250970475977582 -0.125262464673898 -0.176663461039557
-0.0782902664454157 -0.26702656035419 -0.076641040368671 -0.0390574568925802
-0.146777116312158 -0.249724010576396 -0.0125276663613169 0.0425021170071223
-0.12833761764151 -0.238605735548217 0.0847277054641073 0.109590076081123
-0.0179773591825998 -0.247837363286199 0.105806546445619 0.230718848261508
0.0962941608831797 -0.237392914262939 0.0508602754333275 0.324454802200591
0.322101180677358 -0.131638670834273 -0.115869704792818 0.31210513272705
0.280336319905576 0.186661103036823 -0.227857266420311 0.234241907312391
-0.0870483025030496 0.342755939797054 -0.169058235294146 0.123155517121367
-0.390035270267029 0.265944412275282 -0.239295317005648 0.0749695510148129
-0.386245217039603 0.247251631030974 0.229973156093903 0.079855486950437
-0.157120127308801 0.336948495627122 0.310817831389916 0.0879917284413262
0.172555246658298 0.298254699881955 0.307584179112405 -0.165881278803638
0.361330758936797 0.0329408703758558 0.163709148928639 -0.339922741068016
0.236742693172758 -0.185047462440783 -0.0113527642140332 -0.349047902324916
0.0987882010605325 -0.239548809526761 -0.117289346779945 -0.240978734379904
-0.0606612569639123 -0.266576976670773 -0.101402844074874 -0.130151451138739
-0.140032794669902 -0.251969559926605 -0.0620978282092841 -0.0518977114076221
-0.132149324611153 -0.245770318717696 0.0347538682497724 0.0304895996660543
-0.0256041908314433 -0.26689773326306 0.0623127799403319 0.165785805922528
0.110009418987238 -0.265249626944928 0.00968714717205406 0.251566024275234
0.373131156461236 -0.138299143740901 -0.117062641440085 0.212554580671827
0.316409527226174 0.228392394614595 -0.152960423518108 0.158687270242029
-0.0947071827484479 0.391453162643796 -0.0626663152499157 0.0947449918063109
-0.400532496636826 0.298419615898535 -0.0740765569636962 0.0314074709133591
-0.318386382552917 0.229788719802486 0.402115307295622 0.0561016523807877
-0.136805704314645 0.284823754351773 0.421442724209062 0.00585553612481047
0.133584748192536 0.262156017631129 0.311061763700795 -0.227562098371839
0.305017385354227 0.0499563862351645 0.148901600705723 -0.353847295338824
0.213900914562835 -0.139541798104875 0.00392719204479792 -0.3599234573522
0.0989961116834066 -0.195769731242404 -0.10177276301096 -0.297531910709251
-0.0411160608562096 -0.225082093719754 -0.121551828906558 -0.216736549366547
-0.112455218166213 -0.218366818272456 -0.10376291111173 -0.136363992028533
-0.106444439140916 -0.218719884143786 -0.0141572691161462 -0.0423908456887407
-0.0120897448352725 -0.243229131200479 0.0190008653598544 0.090747795002943
0.12412551067058 -0.234305070186088 -0.0136687613847426 0.154399717227395
0.354181679796953 -0.0864340388277386 -0.0748783495757791 0.117680756168042
0.264496158792261 0.242720848438072 -0.0612642048651249 0.128441201954052
-0.113162625106999 0.355129128802575 -0.0021377175971706 0.0912228028999794
-0.351232208707205 0.268322792689947 0.0656797322730154 -0.0257216036430894
-0.201145803906077 0.189081182451476 0.534604733221052 0.0226160409719147
-0.0817861516874915 0.203512839573377 0.485615283753124 -0.0794354454890629
0.0989656817767365 0.183684332918256 0.298594367956474 -0.267687741415247
0.210402600989868 0.0360011695348593 0.137078660065599 -0.355500819933253
0.145514860500889 -0.0884049242194132 0.0112240543946063 -0.367661327083337
0.0738467778269752 -0.123271768258458 -0.0937176363054232 -0.341317996091684
-0.0194239150101222 -0.149302966200712 -0.13756760980836 -0.280518892983897
-0.0669429767391963 -0.152492986237918 -0.13182263979492 -0.199039425518571
-0.0579374845067664 -0.157151108825453 -0.0480056983674545 -0.101073853986021
0.015010473224408 -0.172327353702977 -0.00321174722281611 0.0224145908259067
0.114727720294536 -0.142854364781916 -0.00422554772838173 0.0742888132081865
0.2451541073254 -0.0132383999755939 -0.0177805803794463 0.0728300009428096
0.143853056996828 0.189799155101918 -0.00290745472143151 0.137686000143953
-0.11316564196242 0.227472257498183 0.00654969368595168 0.0871489817587335
-0.2395724727096 0.182204899818109 0.163786479119269 -0.0836874458288496
0.0557827472840334 -0.0425984194024594 -0.21634822129581 0.229862703957041
0.0342595150145249 -0.0904169886105524 0.0281361640435019 0.0545448266589037
-0.0201333785278331 -0.0922662569111945 0.0262750723976546 -0.147435066612195
-0.0819503119730881 -0.035756126966498 -0.00753203046647417 -0.120168509440106
-0.0695546007858014 0.0281825103357313 -0.0529502887385946 -0.0904338155387422
-0.0207076823841056 0.0488942626758337 -0.0565000076334982 0.0241768807719081
0.0138022734380431 0.0511470126018772 0.0356788058763867 0.162255198952667
0.0159878738899267 0.0432598461344457 0.126468920258192 0.268321669288577
0.00557439460587037 0.0503255052945732 0.171421956856679 0.343173630925988
-0.0384837699804398 0.042173166616571 0.133089246282522 0.402201700425842
-0.0762377624721132 0.0131541305983826 0.0337019948148047 0.426775146802169
-0.086605691773357 -0.0455090375298754 -0.125103522896993 0.403488319273915
-0.0373364780807337 -0.0982433282608418 -0.303510589753861 0.333362737538556
0.0330834611179114 -0.124315575869147 -0.504316226588953 0.169973664009384
0.115118104391925 -0.0925871831602908 -0.688620401026419 0.0129362648487271
-0.102015472260463 0.0945559125274117 -0.24683523751112 0.205960864230519
0.00225527566658776 0.116915879217566 -0.000997601012885513 0.0825263888960126
0.119716538045592 0.0469177497249769 0.0316877995465773 -0.106687115614045
0.115382853053664 -0.0832515969685982 0.0140825403711457 -0.121523730226308
0.000809922336967926 -0.107512041368776 -0.0472205310507444 -0.116848314463788
-0.0301668126203361 -0.0726691882450002 -0.0738988640377406 0.0149385548724473
-0.0466792033197144 -0.0576367916030508 0.0222531454208613 0.159889969392456
-0.0528236055538331 -0.0583878727714114 0.117928425186826 0.263608225557726
-0.0346036456183887 -0.0544449310104496 0.175695875014957 0.3285392530475
-0.00840015412955678 -0.0585459461086417 0.141628081431176 0.389442322237945
0.00647826947485059 -0.0504034202002563 0.0532527473031018 0.416732083052985
0.0430450307112154 -0.0294192535925325 -0.100197919232668 0.406024240471737
0.0199467218232478 0.00840615433509291 -0.283658385285998 0.359742597610692
-0.0444638179824074 -0.00125692865502017 -0.460221471201599 0.213788757930128
-0.0587081497190785 -0.00452848185192314 -0.666725585594089 0.0758104102872508
-0.245553197230004 0.196866346151384 -0.212817357773185 0.165519426182681
-0.0401591775340823 0.274620095198032 -0.00533766759978283 0.115069373990031
0.219924800119583 0.168562500584371 0.0832689171940858 -0.0584838866645454
0.276708105441195 -0.100089630276462 0.0735699190877953 -0.157209534635699
0.0821173246627538 -0.207398919451151 -0.0388974757529708 -0.188621654218692
-0.0142547502374157 -0.178535480374027 -0.103579641942084 -0.0341950205857349
-0.0880699604048512 -0.162426490961567 -0.00977756314980271 0.122446299699063
-0.11250785743028 -0.152345347345944 0.0905107457518982 0.219827042075864
-0.0794321254458407 -0.14767942600599 0.16800142416826 0.276371709703916
0.00274338356207716 -0.150319785260024 0.153286505293366 0.35213086615391
0.0632882537239773 -0.121032816278627 0.0814583793692708 0.403217026394305
0.161901741886543 -0.0481460580398716 -0.0816943968930885 0.412448799210671
0.104758911699707 0.0927886065069052 -0.272481230507681 0.36748662922655
-0.0869219396253179 0.134309624133028 -0.388710770446124 0.221692576830688
-0.217569057536577 0.104209147473354 -0.573623889596166 0.113612912138599
-0.354793514730666 0.256177942924872 -0.110156040370472 0.128973471073691
-0.0911752146539958 0.364104888833403 0.057257706299469 0.147139587257018
0.258900870466223 0.254667988456276 0.180945430639467 -0.0512947875973602
0.373590891148285 -0.0803854592566331 0.136741944009016 -0.231967851602646
0.159882321287195 -0.253818381976314 -0.0370981432223222 -0.275130804390745
0.0227967865592518 -0.250208872601358 -0.132018329989131 -0.106805415694637
-0.103540060356596 -0.245332877271756 -0.0493768856964821 0.0540417471311338
-0.15511119795896 -0.225591523021367 0.0448062165513807 0.143701141290617
-0.122055295957865 -0.217542524649093 0.140635307827441 0.199639984166995
-0.00916632239256544 -0.223312443573982 0.150572340791957 0.300994129131684
0.0882688868634788 -0.195348219230462 0.0927115282684814 0.383510980247799
0.262668932905222 -0.0999532889015177 -0.0886841397923732 0.398507118492818
0.211692770724254 0.14910778296615 -0.262661368969177 0.335770785199352
-0.093459240665316 0.268782809403108 -0.289494154705596 0.18704315979915
-0.338447472737587 0.215518153528397 -0.425360294246987 0.120332348213132
-0.412539345221409 0.280453577751386 0.0520607551019383 0.102887189864271
-0.140277538987415 0.394250294114552 0.187115671339116 0.142250957012102
0.242488016308971 0.306689408640092 0.275288154894591 -0.105490243745437
0.411894540587972 -0.0303218962009414 0.164394876610788 -0.316891695364689
0.223512386358571 -0.250714028883626 -0.0375527794265842 -0.342260284415738
0.0668350396513088 -0.282266686805457 -0.14433085104501 -0.18412088567426
-0.0978907010885488 -0.291186718255638 -0.0871788226886123 -0.0361641126346097
-0.174958640874193 -0.265843848529972 -0.0117579155592517 0.0477346310436378
-0.152142731816406 -0.256647350662906 0.0946530151467403 0.113990534565033
-0.0290997126391402 -0.273243663009556 0.124712704879532 0.242855396866132
0.0967485485486428 -0.26171335355777 0.0679029009348663 0.344692701659405
0.347700093127486 -0.156686129454108 -0.11097834166009 0.337548729868945
0.310490403765716 0.192001309388802 -0.230271620964015 0.260065707487605
-0.0844500901523031 0.37955813645299 -0.169058643968598 0.134968596153611
-0.409070714209259 0.303164132007651 -0.247398414362663 0.0926030167729084
-0.405917971604569 0.281080896106924 0.246892322393967 0.0757800465786418
-0.162086677756959 0.374279692222448 0.334357889611166 0.0831967954836439
0.200230024485935 0.318355010336704 0.320492013890552 -0.186028952122655
0.398069150639479 0.0201688949667238 0.160297332571918 -0.368319449540895
0.251211389356391 -0.215750208795674 -0.0281348787777163 -0.375345382824445
0.0967915682815638 -0.271316146713231 -0.137256946557528 -0.256186849052526
-0.0795575502046654 -0.29053596991118 -0.11762755981844 -0.135802226010173
-0.167995321981155 -0.268784879051244 -0.0707235150906432 -0.0537937381351231
-0.155561253121 -0.264064476581416 0.0368056108616185 0.0286035956671214
-0.0374589445906483 -0.291499645152986 0.0768959510590742 0.17297951838504
0.109487190450761 -0.292221902207023 0.023375245896235 0.267421132729098
0.400187323939202 -0.166479304030366 -0.115875434148168 0.230919895209589
0.350445348904127 0.233938082231568 -0.153338541553882 0.177941140893447
-0.089869826611336 0.430731892219274 -0.0574276233095203 0.0989181970578365
-0.417582440271452 0.33928359002603 -0.0711333015359312 0.036284637034129
-0.332334503935656 0.258623572201664 0.432270518448209 0.0412028573178184
-0.140180285306456 0.317072044257576 0.450187457849208 -0.00987032131335215
0.15768416094937 0.280414711769637 0.322649622855883 -0.25085248290077
0.337737136876943 0.0391147853474769 0.145734173298951 -0.381676805472373
0.228327875098079 -0.165906705415543 -0.0103398384099813 -0.38961560833854
0.0987285495603401 -0.222515147085972 -0.12232007791168 -0.318739679451648
-0.0550471492431707 -0.246530172548268 -0.143237302631239 -0.230140401074641
-0.135533722045298 -0.232695215626375 -0.121450063113302 -0.144468387341985
-0.12620975857709 -0.235570502149517 -0.0193901102598317 -0.049933483306376
-0.0221206002652449 -0.265889284321939 0.0280711679214403 0.092908092460055
0.125448410288733 -0.2581570432641 -0.00567364041446664 0.165829223305528
0.380229278036487 -0.109691320709007 -0.0746306738964066 0.129420030599956
0.29441957334233 0.24928212584136 -0.0579210044781644 0.140627193425344
-0.109259505377708 0.39220574193408 0.00727828878934172 0.0903212175867708
-0.365130563121923 0.304469382274229 0.0772418374065897 -0.0338240078513025
-0.207277220885173 0.210990154234612 0.574538434144727 -0.00166916457584849
-0.0823328981690575 0.225148794696552 0.514810087460159 -0.105063187267413
0.116619158942585 0.194985039310198 0.308452862776858 -0.293153455804209
0.231315457757379 0.0282251678286324 0.13378232071781 -0.382462335828668
0.154798855970998 -0.103929402373267 -0.00121406006819925 -0.39883547783773
0.0752928346714932 -0.141293566963265 -0.115396957852435 -0.367624685475673
-0.0272919140544606 -0.164357945861341 -0.164409477326785 -0.298624977498844
-0.0824751192536051 -0.163017960200518 -0.154853468780601 -0.211214962070677
-0.070706415196869 -0.170103709666195 -0.0577522446348931 -0.112912827273556
0.00934875605676478 -0.188287102801466 0.00225709966853869 0.0188119565833681
0.117952858030828 -0.159100266952426 0.00201835048910298 0.0801718757053212
0.264923251955125 -0.0264934512572538 -0.0160411324103254 0.0796965796506379
0.163765704177848 0.19713803089038 0.00349754786212187 0.1465001353758
-0.112523877889387 0.254620254170052 0.0165892925421724 0.0839176678376174
-0.248015766869214 0.207862555044153 0.181102843004017 -0.102876691714805
0.0670216381123241 -0.032121649939619 -0.264368592559054 0.209599819131932
0.0473227870882669 -0.091523145869445 0.0173443332120014 0.0692459588739091
-0.0120079228964913 -0.100530303286952 0.0484055872927611 -0.151715949250649
-0.0816558240277679 -0.045827707732378 0.00657917292094937 -0.134255179353008
-0.0788124463154451 0.0209191869220979 -0.0524222044516344 -0.100844357439743
-0.0304406303026895 0.0495543484231479 -0.0703724130512173 0.0236531926557871
0.0073338114067214 0.0551828842480356 0.0152206167979614 0.185681008420552
0.0102694143396637 0.0491557656236863 0.100973819217386 0.308183295559426
-0.00243954187760361 0.0530368794359081 0.140071163741337 0.396140876466026
-0.0471477859545952 0.0415765872779307 0.0896438216160196 0.446236496991894
-0.0858338636182705 0.005683397656304 -0.0197008418206897 0.456139837856445
-0.0900963999052413 -0.0570661660481843 -0.185242047466524 0.405424641086
-0.0278866570519787 -0.110985708303615 -0.360535030901419 0.305796438933655
0.0479986982064816 -0.124180151473473 -0.547428811362763 0.107274034982911
0.136401566857723 -0.0786503987887551 -0.734827666016052 -0.0886356540831206
-0.119656973192122 0.0846774377045565 -0.298785560980207 0.185050346068616
-0.0171912522590145 0.11807015628665 -0.0177370117295473 0.100546152848322
0.111362256758273 0.0655304091923939 0.0562007792504401 -0.100882632300523
0.128522802933283 -0.067110394561996 0.0419851331516084 -0.131421514511552
0.0168307692776678 -0.109870779245315 -0.0409899849517214 -0.136941889122063
-0.0199464765203591 -0.0814221750558413 -0.0873683433782853 0.0090262124231019
-0.0407918381191694 -0.0694760088335165 0.0013850541836378 0.177850261835616
-0.0453504763393166 -0.0706756087883727 0.0924560363434713 0.302663573833192
-0.0290358412515003 -0.0654625835400016 0.147171692848021 0.380926362529693
0.00138424892813364 -0.0629306443144369 0.101419523939776 0.436716349509368
0.0162733430600044 -0.0488103428619651 -0.00198553695875796 0.448622302673067
0.0482842050707265 -0.0212351767539283 -0.166934371333651 0.413935403068926
0.0138223392452388 0.0160341294184156 -0.344714932325012 0.333634939714231
-0.0576810999554241 -0.00383673151074423 -0.503821334061388 0.153821706754119
-0.0702519623655198 -0.0136561005947434 -0.709278302459715 -0.0203302637139062
-0.285801645203721 0.166337132633178 -0.263661112984227 0.150033404766064
-0.0856865527801529 0.275627855261903 -0.028186816152838 0.137385003085135
0.196217393538777 0.207718037964093 0.108171536047068 -0.0358655684580151
0.296753202664516 -0.0631872252232669 0.119642685889009 -0.157261945307529
0.116755597086804 -0.202524780147695 -0.0194145650984391 -0.21727318511627
0.0133414682300261 -0.193243272349176 -0.110806344470969 -0.0510066362872364
-0.0695272200318641 -0.187169861134666 -0.0269314794760235 0.128965068858244
-0.0940749199438379 -0.182023338946023 0.0678880264343636 0.250457579025695
-0.0618754638055119 -0.173181276227554 0.14678129242377 0.321905238546042
0.0279425006144379 -0.161590739893838 0.119064907533487 0.399725813075275
0.0919397614623665 -0.115173185108754 0.0276628836037474 0.439869919042875
0.1807469688987 -0.0229236648028684 -0.154788131826909 0.425945642462365
0.087862999587893 0.123084947792139 -0.333755201869168 0.343445981427271
-0.127574307376488 0.135186104066175 -0.426075570616166 0.166219153543347
-0.261773561487263 0.0757905303570721 -0.606480545859329 0.0347941189473517
-0.408652578458048 0.207748576176841 -0.15663774601391 0.127083362505296
-0.153288501255683 0.361076616269455 0.0315937433950528 0.17898301039332
0.224042808705524 0.302510968485389 0.210038823543078 -0.00963104019526978
0.39626696954199 -0.0300899482585716 0.201200601211521 -0.222794215297883
0.205346075343774 -0.24090388146848 -0.000221035848314466 -0.312214982654203
0.062860035827869 -0.265783424920168 -0.127926336168463 -0.134739340264691
-0.0735888700797179 -0.276704928579413 -0.0596905594926613 0.0459423107025861
-0.128256998479102 -0.267327415254467 0.0294961987390474 0.16218504764292
-0.0959368820653568 -0.254695718939602 0.127457871263547 0.235602974631644
0.0284139658573583 -0.241796981082881 0.124708036496908 0.344358233693709
0.133445517005043 -0.190310453946878 0.0406101170599907 0.42267546346676
0.297236473603965 -0.0623174229343956 -0.162280995644024 0.414186050277856
0.190891854334644 0.203187761139105 -0.320402610943064 0.312073389671372
-0.156012678004743 0.277581712860379 -0.316140411065366 0.138356347550738
-0.413516033780345 0.176106932904708 -0.44087334633891 0.0599551975876946
-0.471730487041473 0.222242420738018 0.0149502359103017 0.121798337713892
-0.20892322217438 0.384865314847781 0.16768679142802 0.191286490851615
0.200439845176433 0.354274067529175 0.315307866333898 -0.0497844083197229
0.428778771127889 0.0256606195139737 0.244810395908409 -0.302429591619015
0.269658853307966 -0.229607999972956 0.0139900088989245 -0.383434961702767
0.113840801825404 -0.294232870209998 -0.127994227007456 -0.220239120132634
-0.0615394838483208 -0.325956080600938 -0.0858179234458145 -0.0585261515691542
-0.141872398992525 -0.314294264519546 -0.0195274868323078 0.0495857776431858
-0.120433151456181 -0.301633516228882 0.090233624831476 0.135735374087874
0.0153843234111223 -0.298481780005421 0.106396504312939 0.276838433579717
0.155004412207515 -0.259019996304333 0.0217061034091893 0.37942219447118
0.395748154682489 -0.109099250316109 -0.179113113374488 0.352871612937558
0.287987880783587 0.265723949649308 -0.278149616615731 0.235506748042727
-0.162802844290452 0.395231300569042 -0.184349096757186 0.0947182799336243
-0.502155881658917 0.261126139560974 -0.240166896479179 0.0533907694310711
-0.463092362279593 0.219453061579088 0.222312830306585 0.120367922866422
-0.227532381049411 0.359829348967812 0.330363122387189 0.145958273519182
0.156651097548391 0.359293342864166 0.370684962742358 -0.124669068085679
0.407738033057124 0.0719490998612131 0.245944406184848 -0.352398006461499
0.29160522318483 -0.191165300145679 0.033056316354309 -0.416906723526994
0.142619490086007 -0.279707828291952 -0.108857401789655 -0.297595998253761
-0.0420214786708392 -0.323276622296596 -0.104806079169342 -0.171676912295312
-0.135138588269645 -0.316202922159848 -0.0694584291798964 -0.0684763512663645
-0.123052459427189 -0.309378265453654 0.0397966517575185 0.0343005489835059
0.00950960862358312 -0.318510098244673 0.0667958497307578 0.194939009504025
0.173112222368269 -0.288962874432352 -0.0138329361891341 0.293657787435133
0.450860735300969 -0.112768996301984 -0.171144054988268 0.243670542607063
0.322239308153577 0.314946254782569 -0.187427028416093 0.159216965096123
-0.174261651921719 0.449052304806374 -0.0614132193650367 0.0691599638086724
-0.516030885163611 0.296980477338155 -0.0433505842532919 0.01778462151029
-0.380017981907505 0.20586047395612 0.425383722202177 0.110816740378082
-0.195970695408006 0.30234583784704 0.465564471212411 0.0611304657410579
0.118624739958591 0.310814575279106 0.380051027132332 -0.195062621465219
0.34057034606856 0.0822878058319904 0.23089582957101 -0.368599926443686
0.257656548880276 -0.142520050235985 0.0543986251708023 -0.427705526458599
0.135712167463697 -0.227774942954065 -0.0831698197355747 -0.364174434581376
-0.0230143386469431 -0.272659804071969 -0.120360801827867 -0.274755895639117
-0.107303722529428 -0.272466430525469 -0.111123043962563 -0.173868790398171
-0.0969068706105038 -0.273064832684406 -0.0105851213264455 -0.0587587313558254
0.0216849333096843 -0.287713403472716 0.026358310662367 0.101540565486306
0.182302514511967 -0.249772928875563 -0.0297868365642289 0.18206690295606
0.421122146515768 -0.0582227529149398 -0.115771809043284 0.140088109052841
0.26305302302542 0.319835219326357 -0.0829871300787696 0.132366879606998
-0.184746576235053 0.403672729706062 0.00720679723894544 0.0695478587819564
-0.450166184664215 0.267700614858639 0.120928347384824 -0.0344868367086329
-0.239384336462095 0.174173237381985 0.583721799097355 0.0848895545087248
-0.119902671854476 0.21378833436652 0.548735627722564 -0.033686441004641
0.0891563209049642 0.213984380916895 0.369448851502233 -0.245272034962786
0.230579403086495 0.0552125974457824 0.2121916735365 -0.374770260150127
0.170807090929356 -0.0885236310028622 0.0634274585016972 -0.431927509600645
0.0980629644685775 -0.14355131195802 -0.0696035107362097 -0.414536330385275
-0.00575329052265272 -0.180792820839702 -0.134155967481748 -0.350408916683206
-0.0631118354539584 -0.188191337515048 -0.13743313463966 -0.251103586380951
-0.047564524093401 -0.194012585810784 -0.0449202048876968 -0.132653386907944
0.0409635631429697 -0.19979701580184 0.00870025905271533 0.0183204919893598
0.155860982167308 -0.147558841205898 -0.00950723366090118 0.0906329943954211
0.286349716448135 0.0115387937564038 -0.043192253537359 0.0898579825732697
0.135191250432506 0.239943782160114 -0.0171778116042241 0.146732418671615
-0.163015161661897 0.257694603959432 0.0176019822255765 0.0680503015241449
-0.302560248829728 0.181691036868818 0.233604782999861 -0.0901649794533975
0.0649237955149498 -0.043246935256607 -0.252642783325315 0.245609866744757
0.0344774196722681 -0.0997789486334059 0.0203690472059016 0.0805173660880144
-0.026128018120775 -0.10121611294459 0.0340841993485528 -0.154730070587727
-0.0883823472100882 -0.0359289307359545 -0.00555483010937062 -0.138904196183826
-0.0772947182007586 0.0311129093608642 -0.0693134984550983 -0.0964968993356168
-0.0266129251205596 0.0544063768367645 -0.0746753561056175 0.0374140855624352
0.0123800361023923 0.0545473465526896 0.036229051351854 0.192323714088424
0.0157231048778994 0.0488057043205339 0.141155225521501 0.306535962462105
0.00278302403265956 0.0533204087053083 0.189754160678518 0.392708709014059
-0.0435841822838995 0.0478379711658119 0.141062250288555 0.446288145764707
-0.0876728508792945 0.0170778682969575 0.0281871913478541 0.465998695424837
-0.0981319311379145 -0.0489146517077184 -0.148565319393222 0.429613015194207
-0.0406223917925752 -0.109879234858257 -0.330892372288476 0.339446647792822
0.037253965246517 -0.128395256122524 -0.540084192191729 0.161199932723668
0.131213691054601 -0.0951601287303556 -0.74882929180156 -0.006285381624482
-0.111794888595174 0.0941192559724733 -0.290774013153036 0.224330486089501
-0.0093772802283188 0.119569883744152 -0.0111161095189121 0.114442218364169
0.115187074536943 0.0540032793753922 0.0468234377709059 -0.103784266229613
0.1233747514689 -0.0797253164533681 0.0286278781273316 -0.139760760689099
0.00719225012551731 -0.111859726562632 -0.062041435430588 -0.133744921355662
-0.0293415226235217 -0.0817351740223881 -0.0933803426734643 0.0237334271961027
-0.0503916373805674 -0.0691396601701209 0.0209050573684919 0.186451893359681
-0.0565441774744656 -0.0676734308768897 0.131699096697918 0.30134480016641
-0.038148267573495 -0.0666134159994017 0.193839064323895 0.375668068893153
-0.00617488959131246 -0.0670455394592742 0.150545812510643 0.434883095321025
0.0118232508986229 -0.0518002849438782 0.0438840761489694 0.457389686206831
0.0500558987250599 -0.0284798074739375 -0.130138025450946 0.435198116500932
0.0158457119908613 0.0170161889861203 -0.309527101274345 0.36753505340566
-0.0600536922731288 0.00814639869541618 -0.487574756643159 0.203406059238678
-0.0724092341779453 -0.00794001289283741 -0.714525911583872 0.0593904024582668
-0.272312751690414 0.195534800963858 -0.258592214776862 0.184550413103099
-0.0633627212460359 0.287988645460572 -0.0170793569995616 0.150275242949861
0.216690996242955 0.18940109286935 0.105249920071215 -0.0453221209808309
0.296441910978099 -0.0941160997089988 0.103061597274066 -0.172348335730407
0.100214348747127 -0.218358984864408 -0.0489282523777955 -0.216628530728251
-0.00673902875328587 -0.200592137209708 -0.122906566013592 -0.0345228669515434
-0.0926461205356162 -0.187641056912044 -0.0143127603498566 0.139913447132389
-0.119700752770558 -0.176089326980742 0.0997829084428212 0.250894029896662
-0.0847431473298083 -0.173893712906038 0.185565786334475 0.315754556949701
0.0104111257218928 -0.171722908379762 0.164160186943101 0.394275912457699
0.0828817404052486 -0.128921598339534 0.0716607252881428 0.443246667799996
0.186974325477202 -0.044346380186238 -0.11418771003673 0.443822381604218
0.103404927829923 0.120260806498002 -0.296003401503303 0.37689659094897
-0.11850420265448 0.158176485635838 -0.407354373758975 0.206533963884092
-0.25874325091347 0.103079183738987 -0.602939445896405 0.103752462268724
-0.39360280149276 0.251394162262476 -0.151704504331087 0.147196532253993
-0.124743293780582 0.383068731339739 0.04754261795061 0.183936270239104
0.255372280343609 0.285546410334364 0.209545768415991 -0.0288560037880898
0.403667128230784 -0.0710027296774703 0.177634039645167 -0.244939745483286
0.185864204128806 -0.268758865876724 -0.0392924784974925 -0.31460616350365
0.0351652597240804 -0.282433292029232 -0.148359910196143 -0.118779654189284
-0.108286793981068 -0.280082865638075 -0.0565715131470077 0.0584973624740328
-0.165121387528221 -0.259800607049681 0.0484495391183303 0.164131917689613
-0.128681495360523 -0.254400863374228 0.154468526478934 0.227868927804711
0.0028764791448741 -0.255188236564002 0.163584723999353 0.336581026022303
0.118300858518761 -0.210242161168516 0.0835531904294075 0.423117737413475
0.301714139242148 -0.0969520821967899 -0.12154834785775 0.432231925264945
0.215634726674695 0.190435300938131 -0.284364501823494 0.343594254415431
-0.133479041200102 0.306009942918416 -0.297098869438392 0.166413612288133
-0.400778704271218 0.221201484672796 -0.43271302858081 0.109407842257267
-0.45695595783592 0.272524112311584 0.0217560979668922 0.122269108782615
-0.179563677692255 0.415424999570421 0.184622512665395 0.179334364231644
0.239681218201533 0.342307448168058 0.309869592814344 -0.0788939829462244
0.445850095939716 -0.0203690575963672 0.214715670559308 -0.32894528535429
0.253825613616768 -0.266695272027807 -0.0298472439322144 -0.389905275668832
0.0825813562033246 -0.318604752556168 -0.156548255022605 -0.208322119767805
-0.101287461450369 -0.331289884165445 -0.0953918771556591 -0.0467811923275938
-0.185393990687672 -0.306317343249519 -0.0145794184716239 0.0539045910691794
-0.15929678741138 -0.299775841386609 0.104017406606628 0.128703918426769
-0.0156105914080275 -0.311073952747303 0.138635531636811 0.268655133732497
0.133202744593954 -0.281642202704836 0.0619824417216719 0.37952291733391
0.395286887748163 -0.153893889285286 -0.143073120949614 0.372025340365
0.319614163479153 0.242977876620224 -0.247991092132184 0.26410643097316
-0.127433768566646 0.425177794448921 -0.168397773336906 0.108582578044357
-0.4802801239154 0.316881189783822 -0.229875640300571 0.0806071200693682
-0.447121687929032 0.269347408207667 0.232864637086739 0.0979206996659545
-0.200469788020329 0.394351658055548 0.344552506115845 0.114996341294839
0.197987914304524 0.351446887896866 0.358703197571605 -0.159999592224215
0.429926149659687 0.0283799039084197 0.212070714479602 -0.378753185099261
0.279688636474762 -0.231326328743149 -0.0119658295728613 -0.426873407078219
0.113686658465737 -0.308239127145522 -0.143554291903632 -0.291493261563093
-0.0806910698781071 -0.330914042008218 -0.127547015853708 -0.161518303107071
-0.177046515490537 -0.307924657533569 -0.0791594109135393 -0.0614556710736582
-0.162716419718859 -0.306031722700088 0.0411797744486368 0.0291139877648036
-0.0227306363240982 -0.329865690387042 0.0901375593195587 0.186001769261391
0.148894910109067 -0.312530201864883 0.0175345333578494 0.297949709248621
0.449449566323018 -0.163787531339087 -0.146342324083057 0.261729602720241
0.359868994949319 0.28720357014618 -0.166637050896541 0.178339169817737
-0.130169884886795 0.47987917391692 -0.048617447904017 0.0687159339727692
-0.49036296026226 0.354593101642169 -0.0342888868848406 0.0211390845126012
-0.363478927767083 0.246535391042265 0.437700212876877 0.064206101504026
-0.172244713317105 0.331939773060525 0.473135622568781 0.0140565363028832
0.155001580774957 0.304731805799847 0.362343194788338 -0.2309579860044
0.361203691296442 0.0439386457017052 0.195744427443608 -0.393145931147746
0.248843830388686 -0.177667037337657 0.0101024939362628 -0.440265193506767
0.112505680589809 -0.25336182323946 -0.124477151907139 -0.364678818156004
-0.0559596280161365 -0.279890390720784 -0.154895776270888 -0.267529385289356
-0.143627858267643 -0.265799107268202 -0.134889574353815 -0.16646595376191
-0.131353607541593 -0.270875042211226 -0.0201462727228996 -0.062329492542295
-0.00709603087042935 -0.298137970005523 0.0407725335126984 0.0945380367816934
0.161713328760606 -0.273771342329621 -0.00842647134420267 0.187193432789637
0.422847140381614 -0.105582175391437 -0.101115950765986 0.153069678166313
0.299181151989659 0.296448629227762 -0.065238866644552 0.140824516635171
-0.144731193513963 0.43391876185103 0.0199291934129239 0.0594492369895032
-0.424271474198734 0.317609295764823 0.126068720690784 -0.0522399809266327
-0.223112275463923 0.199416244044166 0.596056946313947 0.0213687325999546
-0.101736878099632 0.232417594833916 0.546384573021541 -0.0911425474405235
0.114450386033332 0.207578531859726 0.347652949283616 -0.28015012868784
0.24332266177739 0.0288242865981394 0.178578754323331 -0.397041302345466
0.164995128317001 -0.111425184971123 0.0197700894647929 -0.44676511197762
0.0832327170940033 -0.161191402309306 -0.115553547994862 -0.417421106996232
-0.0262765584401972 -0.187384256793419 -0.1778433739957 -0.343249130311814
-0.0882661144306949 -0.183697725747881 -0.170325072776845 -0.242414880611493
-0.0721637314230297 -0.194819321673745 -0.0619926994946156 -0.135118848869525
0.0212495311804532 -0.209256875411755 0.0150599611791521 0.0111277504729975
0.144732138721213 -0.166646260444774 0.00364107683659439 0.0931873962492391
0.292314973488685 -0.0212611690029748 -0.0339972221767793 0.0962144094827115
0.162683705543508 0.228494719291291 -0.000314600163650633 0.147060467354819
-0.135980394020383 0.28396214423097 0.0298925122197292 0.0552577238710397
-0.284095986189254 0.217726124274396 0.234309233281557 -0.123136604073611
0.0597080575159371 -0.0509661859330184 -0.231965147473797 0.265602383094333
0.022265804295427 -0.101355793331971 0.0250114379736784 0.0888064384169184
-0.0380820037939465 -0.0954365643149242 0.022585383058816 -0.14966004711091
-0.0887419301178258 -0.0257697719778692 -0.0159243310157813 -0.137470447114767
-0.072913640843244 0.0384816217704132 -0.0804665343476264 -0.0875253876693085
-0.0218591338085955 0.0562864283560814 -0.0743806252415026 0.0490125136799009
0.0157098700690064 0.0515113117824284 0.0538444466352865 0.189988938934377
0.0192878661380338 0.0468349442933354 0.171026901743208 0.290742032074083
0.00683615430799928 0.0510487893155943 0.225049019019548 0.370786357343874
-0.0390559521558139 0.0508832997465023 0.177036366397088 0.426614245683274
-0.0843860957204837 0.0258517024083314 0.0658580427168992 0.454263664960166
-0.100223423209757 -0.0392176253461442 -0.112251326948966 0.430042844587432
-0.0497070673523918 -0.103719419781076 -0.293199641747965 0.350133303111043
0.027846383859491 -0.126170416896723 -0.507740384393546 0.19536535256894
0.121025012649272 -0.105256169472472 -0.724911602705072 0.0611315033705159
-0.102572221645372 0.0979485072927375 -0.270229124675975 0.248219931320404
-0.00362202919527979 0.116171422603242 -0.00308226698148432 0.124234486819727
0.112612609198277 0.0439068331772964 0.0384774971495495 -0.101302991519687
0.114844262112876 -0.0873096264872502 0.0164060660892123 -0.13968325600334
-0.00106275604445382 -0.109357416500406 -0.0779680158811537 -0.123792891379042
-0.0357299365576139 -0.0786730215276047 -0.0934417020808908 0.0379703393144321
-0.0573676715378189 -0.0652089155462225 0.0373076305201696 0.186157234782334
-0.0637711358145469 -0.0612072226626454 0.159501587712961 0.286971892977989
-0.0453322112412178 -0.0646303582498762 0.227222428872675 0.354365537694335
-0.0126927030511122 -0.0669307756479197 0.185189362638199 0.414655811754991
0.00758223914422635 -0.0519852831731218 0.079221497759443 0.444349653462885
0.049226696552875 -0.0333059197678307 -0.092509383066896 0.432624741004005
0.0182797848146395 0.0179913471978186 -0.270038793255331 0.375171639999589
-0.057551022341873 0.0184971706757692 -0.455287251322548 0.231201003130864
-0.072042713184526 -0.00389199932448311 -0.68636858031559 0.121830084436688
-0.250859934271023 0.209983066389465 -0.243090218081864 0.205549250693782
-0.0445478394235687 0.28586143811542 -0.0068714381111139 0.15719033955564
0.222857062272429 0.168470589574355 0.0982520725070976 -0.0496072376842029
0.284187515565141 -0.115470696942838 0.084582355600556 -0.177163625721399
0.0827069326369847 -0.222628887863491 -0.0721024718165641 -0.205161798165978
-0.0244464924500519 -0.199063454614145 -0.126763867797781 -0.0169024438209094
-0.110133327948109 -0.17970728153114 -0.000934103224023059 0.144297148459825
-0.136722362022903 -0.162593480314494 0.122652775208881 0.240192772122501
-0.101708313003528 -0.167141866162299 0.210671983296258 0.297346873642671
-0.00553604617112933 -0.173329869558111 0.194994200914993 0.373861734000428
0.0722531503136719 -0.135870610915051 0.10393868830112 0.428983282894563
0.183426956298784 -0.0617473433165506 -0.0766956076722981 0.439671069376779
0.113208752217248 0.112689794598951 -0.253802955960286 0.383360660745946
-0.104185193557408 0.172042175019312 -0.373727216164555 0.227744598638788
-0.245123512105103 0.12038823010141 -0.573910354344933 0.15466236371438
-0.364411653794686 0.275722325194727 -0.141303183273528 0.159167279485854
-0.0977612730856297 0.387536094227568 0.0574587181366027 0.181473865392751
0.270110848281779 0.260780881788092 0.198861832727985 -0.0420044130922277
0.393280499917698 -0.103153747529519 0.150119390958245 -0.251870522447474
0.163786703356394 -0.281052742670037 -0.070088523902861 -0.300505664672156
0.00978992364190771 -0.284438950111845 -0.158434199822223 -0.0982612367421698
-0.133764911524392 -0.270398033291257 -0.0503925138870113 0.0668755788397102
-0.189199996976526 -0.240865398476367 0.0637001786447237 0.158611930351237
-0.152104010809116 -0.242319937777629 0.171358702880561 0.211772462639301
-0.0189207350864211 -0.25582507905789 0.188947781563723 0.314931181428989
0.101063439888725 -0.218544526037183 0.115390193478834 0.405712870501667
0.292794621374207 -0.122676637918075 -0.0835520157529731 0.427026307836297
0.227905862122425 0.173771250657069 -0.242214628723922 0.35146559025797
-0.1076374428306 0.318059582973744 -0.269481125558387 0.179121962979942
-0.373129849988285 0.246758764924473 -0.405062763418373 0.146151778256086
-0.425238564717971 0.300827260519091 0.0258181501473719 0.118496067932031
-0.148817568194657 0.42476162799731 0.190331841223624 0.163302955240104
0.261064184615402 0.318375618902199 0.291757356223545 -0.0976726374732309
0.440432754707592 -0.0583463237621567 0.179361357693047 -0.334790182709699
0.229851199425147 -0.287466921245134 -0.0660341543015868 -0.37581827793828
0.0527238153027386 -0.326470174532389 -0.17328912307024 -0.187715945299904
-0.132205203381252 -0.32195673747743 -0.0977372477786153 -0.0342068610441892
-0.214234678479497 -0.28473040873177 -0.00924572089015827 0.0548232400153231
-0.186996313469193 -0.284213992877053 0.111449118492458 0.117309990635726
-0.0408219861615526 -0.309514610269098 0.157568961440615 0.247219931185735
0.111194966489174 -0.289470532691112 0.0900675086589029 0.364736905171046
0.378677811498001 -0.184951582187453 -0.108317767572072 0.369768304510248
0.331847112584721 0.215030934210901 -0.212576679477274 0.272938491588011
-0.0912685823444928 0.43258026058321 -0.14918287376419 0.112007690878812
-0.442202072447106 0.347292869418654 -0.209933553198606 0.0971607124652619
-0.416770452483967 0.297692426355656 0.229090087186712 0.0742155844279366
-0.170412277024194 0.407792872501065 0.340429708355712 0.0865205385821266
0.222540324275568 0.330614708207513 0.333978980594782 -0.180374403249042
0.429300835105573 -0.011608992337038 0.17542372047188 -0.381910205199803
0.257356170195957 -0.255405354914382 -0.0493919487356704 -0.415001947129041
0.0827551714805935 -0.317777268187517 -0.167692721258656 -0.273473741669267
-0.111862138992053 -0.323290597739187 -0.140188274978189 -0.145615217792807
-0.206523789953285 -0.286400966815775 -0.0846808441310355 -0.0540169453394777
-0.189859323966239 -0.290808212090734 0.0393063353512514 0.0240196809967869
-0.0489553912094505 -0.325543191958013 0.104396703414611 0.169762629512789
0.12290222880641 -0.318863868465749 0.0438582755573163 0.287546272096864
0.428523183287649 -0.198364498448854 -0.120269578601844 0.264225677311053
0.374563043270864 0.252635776818522 -0.140662727996231 0.183812661624121
-0.0884836622349559 0.484946687147615 -0.036836481013099 0.0618370665165939
-0.446437396942986 0.385624626445115 -0.0247050797409932 0.0203191247738426
-0.3360890495029 0.269024010684542 0.427173513130272 0.0243312592970451
-0.144989753978464 0.34433250497843 0.457044752168685 -0.0236875506197863
0.177618954011442 0.287733891733576 0.332396401069211 -0.248678210352055
0.361877941350107 0.00857332889406325 0.160875403952223 -0.395092428922835
0.230277241126396 -0.20027021903149 -0.0274700122479538 -0.43236216982192
0.0863613146053212 -0.26382352295076 -0.155269993557682 -0.34825360169773
-0.0825038658346971 -0.274376249422054 -0.176179362118808 -0.249115856712391
-0.168727189972822 -0.247778054984726 -0.148578150548245 -0.151936734812158
-0.155465346559184 -0.25744108576661 -0.0279313447324799 -0.0624156374042369
-0.0307746551443865 -0.294348860272593 0.0491603891286372 0.0824413282479193
0.13797074965954 -0.282016757035013 0.0106459533067546 0.181890713273721
0.405828409051668 -0.140351123147133 -0.0855414129132475 0.156344491078264
0.315826136072298 0.265988951326183 -0.0480813107380114 0.139141103096467
-0.10433531435694 0.440425680553795 0.0277711880813903 0.0456972594542547
-0.382982293892939 0.345990374812089 0.125046223799822 -0.0674690562072611
-0.201093686139589 0.211549321541839 0.57908877735797 -0.0307060626883029
-0.0829003777297715 0.239063007523097 0.518495460472764 -0.132635379726296
0.13001217202056 0.194296190161425 0.315552542220244 -0.29544622822238
0.242572134621657 0.00434049632828468 0.144871263130162 -0.398504426562507
0.153035982333498 -0.125916346201336 -0.0175806415251251 -0.439920635254609
0.0669354683063646 -0.16923088008627 -0.150213882124051 -0.401781061841755
-0.0442143099915045 -0.18427107330478 -0.205751833908298 -0.322751105698599
-0.105259630201465 -0.172133958259167 -0.19135416136887 -0.224472121614025
-0.0903240295360025 -0.187337839114663 -0.0753497851721028 -0.131621779623894
0.00459729654042319 -0.208739852179895 0.0177709256391777 0.00181238065720067
0.128763866359808 -0.176442020670375 0.0155819274469589 0.0903390902032428
0.28357897458345 -0.0469096946992942 -0.0253373131907268 0.0968352000736692
0.177773015735564 0.209799506166716 0.0135458983412529 0.139252341922044
-0.107002671642859 0.291899549201946 0.0363165036638492 0.0389557121327289
-0.255766593244883 0.236054675663432 0.223759624420159 -0.146385771493516
0.0551241929095808 -0.0552939732102491 -0.217486209784934 0.272878844435209
0.0137516023785491 -0.100082553476193 0.0272718531352557 0.0956909473828229
-0.0452161625639593 -0.0892978823874435 0.0167015111674491 -0.141997069654228
-0.0869160360877724 -0.0199059505033088 -0.0217241750299637 -0.134640132830112
-0.0683471708144542 0.0420551861175638 -0.0871257694543359 -0.0794298601832491
-0.0188472370274812 0.0572989993644668 -0.0740806048692752 0.0584174808074224
0.0161596838168926 0.049198877041464 0.0632436513073332 0.186915718284021
0.0204571289615793 0.0441435617143894 0.185998352665315 0.276882068583348
0.00875541436257663 0.0484565084885119 0.242755889747594 0.353227511445455
-0.0361355573058172 0.0516716113111061 0.194044792319181 0.408909599782028
-0.0808844165268877 0.0311410005745056 0.0844832706670161 0.439146271387261
-0.0999741207942941 -0.0333109825468924 -0.0918302812384448 0.421460878498388
-0.0528860267201446 -0.0984587369967769 -0.268992965317439 0.343405714931603
0.0234728117279774 -0.122071348728833 -0.480650126162712 0.207743339542485
0.112709871192456 -0.10927269457004 -0.69457409012793 0.0959717102665186
-0.0952865348129607 0.0960220626148612 -0.256017679588272 0.258072154368035
-0.0024558948015179 0.112667330780433 0.00201963570613749 0.130905123991107
0.106616932919034 0.0390052566837999 0.0340074780051679 -0.0959465857042814
0.108367202247158 -0.0891969552814487 0.00837502311964971 -0.137776059787819
-0.00406880868549325 -0.105399326104583 -0.0866881341823051 -0.114108296690257
-0.0393423203171245 -0.0754279721374921 -0.0929583278085999 0.0485069583181499
-0.0617703227371141 -0.0630643931933711 0.0475758955264672 0.18581268760294
-0.067231918786135 -0.0566980067314536 0.17504810087278 0.274452946296789
-0.0497664660723922 -0.0633945558637285 0.243326135130907 0.336742243796232
-0.0161316558662329 -0.0670234904923451 0.200792887351402 0.396755860154064
0.00622622773514274 -0.052263561325453 0.0959906888293511 0.429149286008075
0.0487669508606075 -0.0363737465540986 -0.0726607935980521 0.422232769258406
0.0199811838562657 0.019079025919683 -0.244032933504006 0.367065434169306
-0.054643590837276 0.025292299013271 -0.426925926316462 0.23968168429584
-0.0712877105456886 -0.00242025150262984 -0.65215224416038 0.152407664788361
-0.235231507132896 0.212031458677845 -0.230502311639986 0.215151986412482
-0.0353792318652173 0.280484538749913 -0.000449759095673941 0.160505264766105
0.219588201117445 0.156005539754206 0.0922482245732148 -0.048933474760427
0.273003383245989 -0.124909349612095 0.0713245252969069 -0.175184391815957
0.0731156281604819 -0.221563126278287 -0.085286241264714 -0.192914326009017
-0.0338689994965717 -0.194606320455965 -0.127460033698422 -0.00357734233446075
-0.119708365832672 -0.17291150965829 0.00769762404647295 0.145979087133202
-0.145240941994441 -0.151449526944914 0.135785904730952 0.230490763707496
-0.111290964291251 -0.161239961312487 0.222208449051119 0.281142280885173
-0.0149548210214013 -0.172696181431241 0.206409017308745 0.35512996226753
0.0652811018743915 -0.138454710407556 0.118978398182771 0.412892583771191
0.180206671654517 -0.0718384928923197 -0.0570830274280934 0.426909218376878
0.117674996370803 0.108743532560354 -0.22638472485784 0.374167055214902
-0.0937124149807487 0.178723876519066 -0.347963950535111 0.229748705268234
-0.233527850526425 0.125730762717933 -0.540833126854386 0.176951693664578
-0.34351601073144 0.281870694364764 -0.135101425408082 0.163680761362264
-0.0838807152944114 0.382567378185277 0.0615415412105445 0.179157866794843
0.271253654763427 0.244820623600809 0.18874175828653 -0.0462479880224621
0.381169174324521 -0.119950410093067 0.131614551632681 -0.249116006593133
0.149542479482398 -0.284483477513242 -0.0867642557475956 -0.284942767444119
-0.00572077979137173 -0.281907563194264 -0.160941732307368 -0.0824300025914321
-0.148546336875153 -0.261540304420967 -0.0445411731419461 0.0730449179891394
-0.201796626930138 -0.225089486048808 0.0725635524955082 0.153114379286382
-0.16557530733102 -0.233114190093748 0.178049193143182 0.200233528019121
-0.0323724502949913 -0.254138286210514 0.19810016142959 0.296928560523931
0.0908781784967109 -0.221897951454031 0.127581612717633 0.388885839040062
0.28456896949172 -0.136064344506106 -0.0638222555803264 0.413772529212763
0.23121570202826 0.163696141840735 -0.214808845681136 0.343826459386082
-0.0919126346275795 0.321211451585238 -0.248397330303177 0.178344002556728
-0.352069228083938 0.253730455976994 -0.377576234132503 0.159693618983575
-0.402465274523367 0.309490978258174 0.0248420195695652 0.115005558864837
-0.132222569260315 0.425757835491292 0.188040619870015 0.1534195729157
0.26709201854582 0.302776395640271 0.274565026629334 -0.103469028361038
0.430867059981262 -0.0800618127244943 0.156698578665241 -0.329580654922473
0.21299862569836 -0.295655672705629 -0.0853263328094025 -0.358781840908056
0.0336553614885116 -0.326126967214584 -0.179387720173558 -0.170247751345087
-0.149942437804578 -0.3120176195186 -0.096529551746473 -0.0253995329763848
-0.229147753616805 -0.26614116516053 -0.00511296600742394 0.0553778557449839
-0.201123352708641 -0.272352893374477 0.112990460463519 0.109512408332832
-0.054842885885171 -0.30579695662426 0.164285100887255 0.231104519841926
0.0981835574210377 -0.289396701566941 0.103551112673184 0.347584727727665
0.365673475808137 -0.200146632983534 -0.0902972138200101 0.358569989470221
0.333311712857798 0.199065240597476 -0.187856304930209 0.266409518014944
-0.0704264567628552 0.430824388375698 -0.134838124318435 0.106734072609481
-0.413484463715774 0.353532443015774 -0.19133691564109 0.102153052199149
-0.392686937258831 0.307303735041383 0.220563996022676 0.0627134960844674
-0.152686354168634 0.410822046650611 0.328814980818878 0.0713920696638864
0.23308584401578 0.315869901290175 0.311486503648969 -0.184045539573603
0.422787779680893 -0.0363519543417786 0.152532917196022 -0.37456261462573
0.240445596786322 -0.266497135187635 -0.0695189074603415 -0.399767065655994
0.062558708732215 -0.319384789524057 -0.178039647622679 -0.256701249216638
-0.130577320129432 -0.313921675368924 -0.144203722781507 -0.133594498697036
-0.220653513158606 -0.268113137555623 -0.0853551161832975 -0.0483760554773313
-0.204037814124946 -0.276343828355505 0.0376629203362873 0.0203560769089917
-0.0625781343620549 -0.320503548512583 0.108254402110568 0.155362331940839
0.108161840365555 -0.318429009913268 0.0568924388262108 0.275048393222573
0.410222561129406 -0.21381565985599 -0.103860023858995 0.257795225242637
0.374207456472388 0.232318248821725 -0.121939116636491 0.179671761611938
-0.0632739852119602 0.479189578731168 -0.0305456885354714 0.053021813654375
-0.414672972867731 0.39177386234896 -0.0166619126974415 0.0175647349870285
-0.315573120596415 0.274675430179859 0.409252234317558 0.0030974980260092
-0.128859416042825 0.347188493144913 0.437256215490994 -0.0423218668620991
0.187579751343703 0.273825256730843 0.309402868803173 -0.25014068327683
0.35661771326201 -0.013919727830772 0.139592274243511 -0.386462953783995
0.216150851771987 -0.210477498798447 -0.0474112019476906 -0.420465243528796
0.0688113973162962 -0.265891426999767 -0.169928689939617 -0.332045508113544
-0.0990307426231449 -0.267588351331736 -0.18556250330203 -0.234734788004052
-0.180654335904071 -0.231812177660549 -0.154347406937759 -0.142189285771059
-0.168247102681531 -0.245760220601178 -0.0327576374071152 -0.0617699192426142
-0.0424252892063056 -0.289532271417356 0.0516091642438076 0.0714084666728309
0.123531159471574 -0.281740690570213 0.0222804673783809 0.174287819474402
0.388776879527597 -0.155823987534716 -0.0746446481365445 0.154048281977177
0.318275124069656 0.245081624735556 -0.0374484696393118 0.132167179529336
-0.0793189082543568 0.435051764470311 0.0296533656726239 0.0328163766012251
-0.355391144849353 0.351647155978672 0.124178991994699 -0.0768754298485912
-0.185492288265435 0.212495137948809 0.554492449086783 -0.057733640534207
-0.0709349150302813 0.239043559372194 0.491991690230958 -0.150603403548733
0.135496782128359 0.182758243122189 0.291160406083196 -0.294551816036384
0.237225821130425 -0.0108328267128384 0.125344913923744 -0.390130075206756
0.143743020496648 -0.132150916620434 -0.0377351190363875 -0.428823712190742
0.0548845113102392 -0.170714528764803 -0.167570190117909 -0.386457554425373
-0.0556951642920858 -0.180050752563276 -0.218888236032485 -0.30576123212956
-0.113845142369616 -0.161109416563262 -0.200562760641752 -0.212276506990074
-0.100348636189846 -0.179601124148422 -0.082554176877505 -0.128166128840278
-0.00451055360586288 -0.206274096867175 0.0177964830433215 -0.00671157950563253
0.117877959185883 -0.178638554012561 0.0238395083348355 0.0860367066500426
0.273747859677112 -0.0600837913685024 -0.019997651478007 0.0957414064168935
0.182270078174787 0.195819305044872 0.0196071638220318 0.12969966128356
-0.087293024514315 0.292560528179905 0.0374733004523046 0.0241341475022183
-0.234258233393168 0.239414296031444 0.214620408641732 -0.159408617996371
0.0523935321404349 -0.0590866565415038 -0.214535566400382 0.280007837466673
0.00861752641782953 -0.0991001987117249 0.0291717388684666 0.10592680056422
-0.0495395968756649 -0.0857020805764217 0.0154275557527201 -0.137005992389832
-0.0868937094781111 -0.0165305319573611 -0.0240486124715379 -0.135888561987657
-0.0664560797647398 0.0445472320462814 -0.0932483373503479 -0.0752848309334918
-0.0174038310339255 0.0580571327066917 -0.0750032895938938 0.0673265541781398
0.0153020233953649 0.0486185555990195 0.0702927671983805 0.188127074557082
0.0208202406411273 0.0436688104237299 0.197565285927207 0.271770155680026
0.00906807355729126 0.0479364901015593 0.257643458686258 0.346422370289347
-0.0350881617259789 0.0528796870851936 0.204535793743921 0.403424015644951
-0.0793918820728582 0.0347230706743535 0.0941230118292657 0.433678962743002
-0.09976415368564 -0.0302262275298868 -0.08359174162678 0.417990087303763
-0.0545146774448948 -0.0959121469000986 -0.260172508846209 0.33779870035223
0.0231124474371985 -0.12100580411691 -0.468400332986082 0.210775535206787
0.109023484122715 -0.111658562302477 -0.678973906242969 0.113755255988861
-0.093696528561135 0.0949718478911348 -0.251705439986494 0.265633850051301
-0.00410246871881885 0.111848514361043 0.0058703423286085 0.139113874870334
0.103111122500051 0.0385480987824459 0.0320614002380248 -0.0927478203302476
0.105445511278055 -0.0903002815177447 0.00458637271231601 -0.138478456766644
-0.00507143658320085 -0.1045458375114 -0.0948554860024811 -0.108859458911648
-0.0407995820692194 -0.0743821849474799 -0.0940303560733151 0.0579635083496839
-0.0661542246681352 -0.06203475712431 0.0542364376886293 0.188117635095345
-0.0711934586378592 -0.054584831836603 0.185881699896885 0.269363100044247
-0.0538858147751838 -0.0639710795595517 0.255271987163424 0.331143103362569
-0.0192677054379373 -0.068133204746659 0.210752979404083 0.391173471686778
0.00535230032861578 -0.052277423181061 0.104244691742269 0.424948014455547
0.049627820237076 -0.0393771656064068 -0.0659802921960294 0.418087432985502
0.0214544923788433 0.0208957419982076 -0.233240106676126 0.359601808878974
-0.051878548231974 0.0302885359300178 -0.415398837095273 0.23918841631575
-0.0722766245976324 -0.00231339611149958 -0.635462735221938 0.169145654705124
-0.229900827066069 0.213334616467789 -0.228194893263704 0.221468190758591
-0.0347507186999287 0.280010276091726 0.00335334397100352 0.166587292474088
0.21731303549516 0.153300223970279 0.0891435706473614 -0.0473504990428244
0.269241982962276 -0.130676795039327 0.0644301295039006 -0.175164615919749
0.0695967570174151 -0.222325493062292 -0.0956809624557527 -0.185028384966835
-0.0382811957556611 -0.19548715805662 -0.129206782690944 0.00714818217312473
-0.127909702046117 -0.171145078324134 0.0136965701497891 0.150406859150475
-0.153000433678989 -0.146337311817648 0.144785180024862 0.228009734860296
-0.119672369029611 -0.159945738205367 0.231999861631191 0.275588811175677
-0.0210441722986289 -0.175990492915242 0.215146138757186 0.348817908808538
0.062737867649754 -0.142098154203076 0.125824265192262 0.40788458732106
0.181598295704526 -0.0789426837459054 -0.049823456589342 0.420989793336305
0.121521930145429 0.109548283414402 -0.214433738605933 0.366500283719127
-0.0886163889676555 0.185486329872995 -0.336636036044489 0.227726379360493
-0.231487140697683 0.128112076785944 -0.523898770682395 0.188392124672869
-0.33694014243747 0.284297911588069 -0.134552219441248 0.167681568272906
-0.0813296364015132 0.386282136312846 0.0630318162506896 0.180974393231434
0.272026447215604 0.240873379967554 0.182451347005134 -0.0459182681118168
0.379311052736314 -0.128661793707258 0.121721871995316 -0.246908500592495
0.14533070320677 -0.289364505906543 -0.0982940844773581 -0.276123388406188
-0.0131282304245131 -0.284723048501283 -0.163955491563242 -0.0713331178759267
-0.159687247956474 -0.259409939293947 -0.0403256965704472 0.078454343755713
-0.211952193303217 -0.217409730072352 0.0789864008752231 0.151994048100729
-0.176943363466984 -0.230973752427435 0.182981212787499 0.196300639255606
-0.0400306183570325 -0.25835926346523 0.203110416115165 0.290233298165457
0.0870050848253577 -0.22641719805594 0.133787348153326 0.382593955628281
0.284815279429396 -0.145429395203259 -0.0561906010663572 0.406845977511536
0.236269662506601 0.162090098946035 -0.202057051453506 0.335191114618564
-0.0841508761188624 0.327191934073846 -0.238827272475481 0.173520924788328
-0.345710496630735 0.257632016347038 -0.362512409442137 0.165937343904527
-0.393812571698399 0.314984507968119 0.0221670295369179 0.114717345892803
-0.128443466993631 0.43244814842946 0.186034917745601 0.151157984410494
0.271234380166369 0.299406403830884 0.265636782857793 -0.103332581318797
0.431222436359802 -0.0932839923697694 0.14652099521906 -0.325514901377485
0.20701936959402 -0.30487486010482 -0.0974493643946811 -0.35096465326416
0.0231232848306925 -0.330033025340786 -0.183188096269483 -0.1605954254841
-0.163759489572962 -0.310032248744312 -0.095833521431968 -0.0196675540079626
-0.240108604632086 -0.257816933267228 -0.00340371969244801 0.0561603113164977
-0.213329583739755 -0.269236672423104 0.114943626697213 0.106660400584356
-0.0630622555795098 -0.309620726595944 0.167208098029083 0.222771309845212
0.0938739111725425 -0.294329905872278 0.110753032606878 0.341187213663464
0.361750296943089 -0.209648811430236 -0.0814793383739726 0.353016566752314
0.335727128770139 0.195118226324589 -0.174951684508338 0.260952045750977
-0.0604407790728529 0.435574376724272 -0.127858592288138 0.0998576976984156
-0.402345583017089 0.357529571043974 -0.18034775525408 0.1030734201929
-0.383632938446751 0.312418699833427 0.214478809096479 0.0577819718870438
-0.146483827076781 0.418548724907369 0.322043836766615 0.0648634060912313
0.239036712329506 0.312361030286852 0.301107528257732 -0.183385292930072
0.423762723370716 -0.0506432187125427 0.143077427382248 -0.369810467034287
0.234085374694467 -0.27729049595294 -0.0809099014419423 -0.393330554964949
0.0514342828719487 -0.324326419368934 -0.185410616218448 -0.248342583733947
-0.143887035774983 -0.312778556842197 -0.147082534418689 -0.128254381760652
-0.231672456876409 -0.259807941564072 -0.0878866303613954 -0.0466912230600491
-0.216019509655832 -0.272946647588542 0.0359054980212566 0.0187609370066029
-0.069392945192951 -0.323748024047795 0.109441149560162 0.147610209304286
0.1038031361411 -0.321424609960852 0.0634778581758184 0.268971078490531
0.404982183072741 -0.224132784081494 -0.0973899655641915 0.254229410342657
0.376044240650437 0.225951019020214 -0.112307027822848 0.174677272714762
-0.0529662917608498 0.481013690529439 -0.0273170342625615 0.045317164721331
-0.402132179617385 0.394291054255519 -0.0099833200531131 0.0134415493046217
-0.30789318342776 0.278650597664727 0.40056908815077 -0.00533007085251041
-0.122743500249847 0.353600699306936 0.425856621349541 -0.0504620019782954
0.194055119736981 0.270468803558316 0.298145302814168 -0.248024083273684
0.356506575523789 -0.0270148621181174 0.131534738692148 -0.38287580158799
0.209807705398629 -0.219714395558622 -0.0580687393720442 -0.415508197761327
0.0589413359819356 -0.270324271286637 -0.177809769092119 -0.326564769082053
-0.110016180093079 -0.266196965779552 -0.191871298396975 -0.228618356845152
-0.189449583939864 -0.224767740147902 -0.160247593388207 -0.138937111969568
-0.179024802172302 -0.242831371587045 -0.037394116760103 -0.0626399515850063
-0.0480441051722606 -0.291929902885832 0.0516122658586514 0.0635739407536833
0.117900167447301 -0.28443366696441 0.0293892922624919 0.170681732622356
0.38344984367797 -0.165108481627865 -0.070329940368111 0.152482374985527
0.320957750390233 0.237432947444533 -0.0318147260429727 0.126961744535325
-0.0670203286168964 0.435852175969873 0.0295392773540784 0.021643421280265
-0.340871473575705 0.35476974456864 0.125180201128533 -0.0849317713465333
-0.179601752009027 0.213589018434521 0.542568369231544 -0.0703252215120177
-0.0661304942424115 0.243282249132457 0.478783648109835 -0.158367365640366
0.139673546874852 0.178997194318823 0.281519472811072 -0.292026668225953
0.236593314808032 -0.0202630882975791 0.118147729732801 -0.386132975263691
0.14002964773335 -0.137779745458647 -0.046946871075341 -0.426619796534676
0.0491911919747398 -0.174085153342172 -0.178488698545893 -0.381858350281945
-0.0623775418529145 -0.179825041032358 -0.228283396932377 -0.300970084833691
-0.119965704871896 -0.155601844114055 -0.209204325062929 -0.208088023834956
-0.108391141619841 -0.177356194134726 -0.0879833191798429 -0.129633572444222
-0.00866640507028087 -0.207570528135892 0.0174205062933026 -0.0145100324229165
0.114290026619256 -0.181590392356534 0.0302153459605643 0.0829896692510947
0.270416956255034 -0.0671381072632932 -0.0169767654992199 0.0949204167126575
0.185945777110989 0.190461224833003 0.0220067576584246 0.122941779497299
-0.076664741681421 0.293473583427368 0.0358339066130304 0.0122993242027982
-0.224583660564555 0.242770714300315 0.212655226527482 -0.170162046754383
0.0278746898411093 -0.0790183196169359 -0.0764846186546039 0.35560774264563
-0.036219979475333 -0.0939317516171971 0.0780641169121415 0.0917068069434542
-0.0848840916715633 -0.0527874450864803 -0.04874775631423 -0.128174805016732
-0.0858369131299964 0.0256911694385768 -0.0905675749921094 -0.112113734756261
-0.0391560575539608 0.0719581229519793 -0.12257564297752 -0.0172563539202923
0.0108932362921015 0.0623106054118268 -0.0345697104318845 0.105459552589416
0.0342474605259871 0.0389130019695286 0.157288232125726 0.143354942259373
0.0379491610621581 0.030069683563455 0.313027637554775 0.155199087992237
0.0294066721831815 0.0416865416686015 0.401729296875304 0.194145535818556
-0.00703550225702467 0.0660581968567759 0.375305135146099 0.272898307152123
-0.0553963727225202 0.0712092223517788 0.280891363998126 0.347751404218474
-0.105148754533968 0.0245482379384991 0.108290038674147 0.411304527741535
-0.0984404099959299 -0.0617846780837409 -0.0846580409307158 0.412892365344875
-0.037807516856246 -0.121220216510587 -0.329070170163729 0.395915183103207
0.0414678680814183 -0.156229519264764 -0.560120917969989 0.412516396639606
-0.0419607312012317 0.124522419573442 -0.113721254950803 0.366980010599398
0.0421757662862754 0.102856249211238 0.0760544258722111 0.133718643296845
0.107352916980578 -0.00402704790996478 -0.00683662740877126 -0.100297364184012
0.0538595693881929 -0.124220377159382 -0.0623694194103427 -0.136493278719603
-0.0484251835155889 -0.0907112302708462 -0.144908973905524 -0.0505095820288017
-0.0696752637942768 -0.0499177183527328 -0.0592940730903072 0.104447660144277
-0.0912226769043333 -0.0261927588652906 0.137505792065126 0.149327423289532
-0.0925957450832076 -0.0203177178166285 0.300059833419055 0.157546182334658
-0.0817444079698161 -0.033350392116771 0.393551016019052 0.180107927418804
-0.0490807177357002 -0.055794980207482 0.377623238904074 0.257623542420631
-0.0165385162265194 -0.0515685087655518 0.291678361091924 0.338816242297097
0.0285855654919928 -0.0549075560507427 0.130430087618019 0.412568028510527
0.0284149746499014 0.0135027724047346 -0.0541146183751467 0.425394577380039
-0.0374801443763783 0.0565175952302425 -0.275056882984888 0.393134206590566
-0.0769173775852002 0.0354812585751443 -0.500127527108589 0.431475889791584
-0.118396678548543 0.289741493076396 -0.111109110228251 0.322542515206869
0.085561826626057 0.270378301378144 0.0889592131298283 0.159097954897694
0.260451493272314 0.050938060999266 0.0703428912280891 -0.0874573267279449
0.182877389070303 -0.232100340172616 -0.020796909428532 -0.202714044708362
-0.0334455273852362 -0.231335678789716 -0.18433463174905 -0.12412035623145
-0.122792898873634 -0.162783487442641 -0.117071503530478 0.0715541212184764
-0.19737416739585 -0.0986746348660324 0.0789481951495233 0.131238385264162
-0.211115525091255 -0.0693699180748669 0.242019042657352 0.137442375521082
-0.188384683708916 -0.0942168558905536 0.346115648135948 0.140057083328624
-0.100838014654455 -0.156952674921489 0.362864921782532 0.215566165357508
-0.00339574392320843 -0.16414361309419 0.306518125777183 0.315410691034619
0.131741632281094 -0.15329741655163 0.152470422911622 0.41356570018376
0.164000657130983 0.0524576875279308 -0.0358342345034446 0.426184383842745
0.000910943986378202 0.219329381298127 -0.21670226941147 0.345625344819802
-0.163359856889601 0.235240608374823 -0.394985452676987 0.389003788402167
-0.189272961790011 0.400861767546713 -0.04882076187405 0.236562419621365
0.088475365312925 0.388104345679335 0.149827565347607 0.145915585683157
0.34874244483263 0.108889972336703 0.159241125330837 -0.127545602641515
0.280844172302712 -0.280045701103795 0.00353231697681097 -0.297655468507983
0.00396331861012219 -0.326507596635463 -0.229903174500186 -0.208991613345559
-0.140403795672317 -0.256137449092285 -0.186789955886253 0.0131511783984618
-0.266839319967875 -0.165082394101397 -0.00790934618348192 0.0869293495324922
-0.29874237999451 -0.10946107172851 0.144927933773399 0.0990392912803502
-0.273798589861314 -0.134487168390587 0.263056215437458 0.089442379657593
-0.155953324437404 -0.226087537236625 0.323990254216086 0.165656198713115
-0.0185386030889731 -0.256403504180547 0.306487558898169 0.289038205083649
0.196217120716198 -0.26168888524263 0.148493582289076 0.406576274702157
0.295996751384252 0.0514620660585273 -0.0378847923077733 0.396214501623641
0.0705933338047187 0.348805903731011 -0.159030140299637 0.25353382658842
-0.206413250603509 0.410494190070467 -0.262902006590712 0.286560756183025
-0.231156513848874 0.451862599033395 0.0705388496011654 0.120292866222187
0.0643615910023318 0.451227950019668 0.246465078314224 0.0634679617927122
0.373741055491099 0.161112953418728 0.21081757597793 -0.214837097703536
0.342624244866885 -0.271959892527985 -0.00498900743705121 -0.379570904526699
0.0524528891184533 -0.366817976529119 -0.261876078656641 -0.281433920610856
-0.129924838277708 -0.313806975664863 -0.24803299676644 -0.062127599026262
-0.293062844758599 -0.210528911138781 -0.106765788979844 0.020575435396295
-0.342679936731178 -0.133504058400962 0.0227614592869253 0.0492268041722263
-0.325231323240339 -0.15342718236651 0.156668921506256 0.0395491810861298
-0.200367361388363 -0.265023257452098 0.258559491122726 0.118371646342585
-0.041678089230534 -0.322436117557545 0.268992593472701 0.260560057081473
0.237437186052761 -0.355437080145047 0.10760082574635 0.36981669121369
0.403548259727932 0.0372226609128405 -0.0461845949571085 0.321189442103422
0.141852324636149 0.435861670552279 -0.0956750753865056 0.1393796418767
-0.210038001821388 0.530502870261575 -0.129924056287146 0.142032485165567
-0.228989378640386 0.443519322011534 0.22178197516096 -0.0183482232659523
0.0416798732543936 0.447503148445691 0.331297474818655 -0.0770661723629004
0.349467404563576 0.186462634373687 0.208650646740096 -0.301414891354088
0.352733321940711 -0.232381598833154 -0.025813393713985 -0.417615644052308
0.0865976630538733 -0.353832612699893 -0.265252319666185 -0.330735669389485
-0.10320280176127 -0.321657683979526 -0.290228888700437 -0.14486012699912
-0.276326768094412 -0.221737429435942 -0.205537773032344 -0.0561409917901365
-0.334806166697806 -0.137856403418342 -0.103552244016901 -0.00487749157144068
-0.328099435939144 -0.156513137637888 0.0416971999088309 -0.00495968130949637
-0.211906237705271 -0.274876527137185 0.170726712611402 0.0740855669155478
-0.0442317019956973 -0.351158497149252 0.195915228867487 0.21398819396339
0.269904796196849 -0.386906019215273 0.053902106504299 0.290352510875567
0.454313122146904 0.0480417851000579 -0.0286581579831442 0.218746118931178
0.171399153584701 0.471902216964204 -0.0328544868589517 0.044929795430635
-0.187568425722534 0.563037712987587 -0.0177275853721592 -0.0179831460808238
-0.173531541419465 0.379019166621841 0.364308496594364 -0.162477697371106
0.0337156274631677 0.377449726104446 0.370669471779351 -0.230787187771425
0.289329369415862 0.16481962526505 0.175377385515611 -0.357665703875994
0.301319572928493 -0.181143246092318 -0.041869808449043 -0.421919469837836
0.0892474184693756 -0.289416957839637 -0.253315436018606 -0.361213378770739
-0.071865768979889 -0.273638401735679 -0.320929602528154 -0.221061165280783
-0.223484506952838 -0.194957896976034 -0.293709033227449 -0.127313790214849
-0.279182423390208 -0.122713787834455 -0.214777226834677 -0.0544043464991165
-0.279471818719842 -0.144994891792935 -0.0652265453903851 -0.0455355936704818
-0.177372600635946 -0.253563566364122 0.0784904890329174 0.0237407308702086
-0.0142373807822612 -0.322226686837203 0.11963728687295 0.140301243503559
0.274468929466958 -0.322981084916793 0.0287663205673565 0.187334612565692
0.407287022227627 0.0806293873465825 0.0209325485948675 0.13975638437324
0.140204419716245 0.434691915824339 0.00900417182500886 -0.0024019853998099
-0.149355744377881 0.495039573919366 0.0624206289630425 -0.165389882912291
-0.0845379571624955 0.264062353853771 0.465563969764515 -0.290448189610693
0.0358733965480082 0.250410464050358 0.366623589402443 -0.354942047278375
0.199013218698339 0.104646643364861 0.136173552941148 -0.388998783526532
0.19527808506775 -0.120386265690267 -0.0586037237107697 -0.415640334770695
0.0624067090784515 -0.182684054468658 -0.24471719331526 -0.374326652814603
-0.0364826084462878 -0.180542465810277 -0.34499092047451 -0.270230863101905
-0.139757448392637 -0.136465732009736 -0.357922798261232 -0.175681120353983
-0.181286777343314 -0.089282801161463 -0.293245598174359 -0.0939823408786691
-0.1829757923192 -0.115273711031833 -0.144193452591961 -0.0816470239000177
-0.101987082512416 -0.192035229867787 0.00901794142874632 -0.0307834530345615
0.0265381610949696 -0.222488408855237 0.077375891281413 0.0600802881193022
0.215536237424844 -0.183154457770935 0.042009397540546 0.108512991382614
0.260076158273587 0.0963185692099258 0.0665721646543764 0.106922913626289
0.0673295648757584 0.306817504794498 0.0160534450283003 -0.0164193984825113
-0.0906792502724576 0.332230435527801 0.108183038946221 -0.27485486735407
0.022758731822981 -0.0842440062254591 -0.0634498245364305 0.376486000997446
-0.0440594062090281 -0.0944196796079438 0.091746895031005 0.0995825351115827
-0.0909556356444317 -0.0462958111215466 -0.0524782395545089 -0.127455318421896
-0.0873063785800099 0.0321900586373742 -0.102426268044101 -0.113015777112353
-0.0352911350951842 0.0770332992768859 -0.130177835294638 -0.00649645794348915
0.0149337740425018 0.0653435702344274 -0.0281116488277145 0.120151654276962
0.0365886319925395 0.0409895443344654 0.174562411763404 0.142836134936121
0.0402741289408235 0.0293318763056323 0.337368061020606 0.142323208663956
0.0320142611189095 0.0419431410461527 0.43173079797505 0.175918373890356
-0.00361842079122911 0.0697918623454839 0.404816517413941 0.263094082693446
-0.0524202127873687 0.0778493293169709 0.307826578898057 0.346975757749349
-0.107208258838424 0.0303242648670167 0.129679230529958 0.420102142900324
-0.105269137175528 -0.058700219132451 -0.0737600318156867 0.425137186524078
-0.0428989669786247 -0.124254842734046 -0.322134932606402 0.418062368130611
0.0340740732563249 -0.163871594767556 -0.55030522121985 0.451628222072319
-0.0394297566975445 0.128774268611718 -0.10112491695434 0.390057521345317
0.0457459785240312 0.106655425551092 0.0911523794249114 0.142249706069662
0.109277702487892 -0.00599879373023923 -0.00917614301417141 -0.10046474016543
0.0496893872993189 -0.129626188160778 -0.0749428070945707 -0.137894890557093
-0.0533545160458826 -0.0924777921617358 -0.156046344335905 -0.0378487938007657
-0.0749375517804483 -0.0484543082100253 -0.0531294083828434 0.120243923492013
-0.0993276631630661 -0.0204556905684564 0.15567007772536 0.150574249199886
-0.0993377107892817 -0.0146883207928478 0.324655250781516 0.145646631071761
-0.090597801331051 -0.0291847034290582 0.422395005103523 0.162615364465231
-0.0563492312694671 -0.0554641440812192 0.406920958571207 0.247320952272296
-0.0194977419841926 -0.0536058794915392 0.318112875974306 0.337476545140125
0.026707858245481 -0.0611299165025547 0.152266931684194 0.419184512132613
0.0329291466052522 0.0139073322853419 -0.0421855959701151 0.435080329214413
-0.032818326905846 0.0622060175270678 -0.266854208981627 0.414043665667394
-0.0807352901463193 0.0413908903064649 -0.489280812599681 0.467179272960146
-0.110290089155368 0.30405023243648 -0.101187713680988 0.343451625902465
0.0984365930295711 0.279707042171412 0.102285090669744 0.166356225017568
0.27103182285351 0.0445639707337179 0.0689857007536164 -0.0892259090601258
0.178199132136876 -0.249108127387625 -0.0347248539931393 -0.205770781950088
-0.0444093322355624 -0.240784424089257 -0.199342596782978 -0.110207170592043
-0.13714467353037 -0.164582755005836 -0.113698160042855 0.08830031269642
-0.214725887558502 -0.0905644496752186 0.0935147723717678 0.134486310446139
-0.225949554620919 -0.0579129753506991 0.262166191682175 0.129067435223914
-0.205910941169382 -0.0861428190519442 0.370365317108626 0.125146942853048
-0.117364402030425 -0.159904050474082 0.38853784072714 0.205711168005856
-0.0126744371088184 -0.173294686996754 0.333613020396252 0.31324161535573
0.12862074171286 -0.17069056355316 0.174438416865124 0.419005873132249
0.177663105138381 0.0473948696724476 -0.0216207792437536 0.434525404778608
0.0146489671230252 0.231478486842014 -0.20894817947697 0.361166561160926
-0.160896547912202 0.252130593748277 -0.381258972977714 0.416854582999575
-0.177173334722599 0.421398991558226 -0.0420115331431279 0.251303855174769
0.108250831813247 0.40497248134245 0.161500213267744 0.148999164653982
0.367699453498547 0.100509656673305 0.157568778072047 -0.13318459807183
0.279217858998334 -0.306458731316279 -0.0126349679628505 -0.303387141588389
-0.0113716039091951 -0.34283381650933 -0.249847983752779 -0.195692688293961
-0.162463913293742 -0.261749168134584 -0.189243887964956 0.0296638050069547
-0.29197032006562 -0.156263961171522 0.000430183031072938 0.0930855000370171
-0.320024853913011 -0.0933111364099755 0.157375700698626 0.0948391413784912
-0.298513485949489 -0.122732593463828 0.279282343132951 0.0786375596997988
-0.179538693713084 -0.231211774233178 0.343358053683626 0.155320345553712
-0.0325560856138761 -0.269361798622192 0.329987894312653 0.284853118590581
0.191598008238511 -0.287735018910813 0.168693530298124 0.41044349285633
0.314642511805193 0.0410389069806698 -0.0230763621727015 0.40301928073709
0.0931589295966528 0.362994914251078 -0.153492512133016 0.26259217761635
-0.196594050223384 0.435251059010263 -0.251698630100867 0.30387906099283
-0.219104373838616 0.476619099321293 0.0747880670698267 0.125097087273002
0.0891198143008091 0.472458173023354 0.255379165199876 0.0588533842995126
0.398283382162368 0.152155616151665 0.207671899647515 -0.223621300234246
0.342637309676281 -0.303799654604323 -0.0244291625410348 -0.386416747530773
0.0339277102909834 -0.388499293275682 -0.286703381448928 -0.269821899650449
-0.155097406158437 -0.323202602077611 -0.2572174993799 -0.047311805691133
-0.322763751398123 -0.201305584529021 -0.107884428329177 0.0284768818806087
-0.366253219792477 -0.115861184741365 0.0260561673442026 0.0498639596440851
-0.352713816103816 -0.140333819904682 0.164645514140229 0.032372233481735
-0.22737552738709 -0.269524583533049 0.271986939953093 0.108976258247428
-0.0598073644422218 -0.337324016991475 0.289988627716686 0.25508253637173
0.230646451487983 -0.38537200993683 0.125941547661809 0.374364498248749
0.42483116562961 0.0217914882547952 -0.0332717877726639 0.324768368890495
0.169949305089019 0.449010689277258 -0.0945163162068875 0.142204595983731
-0.193273752199801 0.558400795138969 -0.123611950370199 0.146397799694721
-0.215806589394193 0.469811515616721 0.223320302925099 -0.0261071027459033
0.0667117148969293 0.470151303104383 0.33312230438696 -0.0912175822057123
0.376224241418668 0.177499607972855 0.201805561870167 -0.312708600352448
0.353324755869274 -0.264328813041093 -0.0446267123679109 -0.42612367568073
0.0688009762681924 -0.376641370638857 -0.293187858996286 -0.32364046435875
-0.127887722423888 -0.331442616249013 -0.307471298866578 -0.132580359512935
-0.305899976918093 -0.214008122624721 -0.21711016619924 -0.0465642738773584
-0.358052118521126 -0.121211936966632 -0.109653843468827 0.00123287557214416
-0.355764405321386 -0.14320067039485 0.0404246576862506 -0.00784235779092479
-0.239138502541697 -0.27946556615467 0.176267890250244 0.0663283803867683
-0.0625487893403005 -0.366230187843172 0.213336958464706 0.208703020931799
0.261243545081088 -0.417200048876289 0.067103544781735 0.294458754216032
0.474417438552102 0.0278505533640288 -0.0192957059486041 0.220768981778764
0.202511632142972 0.483171156270496 -0.0351120036699625 0.0420029580364282
-0.167171920873614 0.589246017773274 -0.0179754237597727 -0.0245707009272517
-0.163362036719267 0.39982622746119 0.363646844137851 -0.183906644794144
0.0555990361685509 0.395640936284489 0.366109660868251 -0.251333628815543
0.312173139016342 0.157182204345944 0.166131440199035 -0.369985773282219
0.301714844432168 -0.208667796126178 -0.0608234706237976 -0.432288965398934
0.075152722709032 -0.309109582524196 -0.282401582893347 -0.359503688752835
-0.0931623477201275 -0.282995160083309 -0.345162008548799 -0.210424046574641
-0.247840777334362 -0.189263832306605 -0.31433797472934 -0.11677502934567
-0.297421784241324 -0.108145641782597 -0.229172905246813 -0.0441503761845774
-0.30208090940131 -0.133479714382751 -0.0740324289864639 -0.0442414210971159
-0.20081135532181 -0.258940539537868 0.0775571043546168 0.0175421838838909
-0.0298998075524052 -0.335938081570034 0.132860034589885 0.134201532195593
0.268613505515816 -0.350219307249486 0.0384035300995787 0.190526746292013
0.425290552539908 0.0641125953336463 0.0275144166881133 0.138674388090825
0.16792628899527 0.443471623095239 0.00352933003831984 -0.00902440851479268
-0.128650123275425 0.51797198566843 0.0557386463032059 -0.181753744315139
-0.0752581086178612 0.275621259214277 0.463293312056751 -0.32104146939697
0.0522853993788497 0.260883938908064 0.354574709074967 -0.380492197271449
0.212794723691575 0.0989079064630285 0.124273799296861 -0.402469740363897
0.195077418966681 -0.137306995572454 -0.0772434813488773 -0.426046991819022
0.0542896691307028 -0.194529977659511 -0.274695035107576 -0.375347661720968
-0.0499355807673101 -0.187339105919798 -0.374591792093671 -0.261535432694172
-0.155560773204594 -0.132654732687314 -0.385208925729995 -0.162997855816662
-0.193313974801101 -0.0803718505203216 -0.314024998399878 -0.0815868227731711
-0.199085758480249 -0.107982153878996 -0.158997313231657 -0.0788302781897384
-0.118637033772801 -0.197386894028696 0.00317464545118049 -0.0365833427273945
0.0166624093110803 -0.234035158268939 0.085577325012942 0.0528842859788486
0.213515580537921 -0.20131335692127 0.0488615318991311 0.110286656910161
0.275800077741624 0.0853135801671178 0.0707491259837231 0.104609833835975
0.0881135544977221 0.313112542630104 0.00878715200167764 -0.0247844067530587
-0.0764894863395353 0.346592932764601 0.0965476651698229 -0.296891500313158
0.0145278322256691 -0.089556349823206 -0.037897818828214 0.393768687214478
-0.0535081563193322 -0.0917614990877621 0.10895094990003 0.103269588842523
-0.0969048801556455 -0.0367166227538148 -0.0589175237569729 -0.124387850042433
-0.0859677737710607 0.0412031383350736 -0.116642747237171 -0.107209772058927
-0.0285956194741022 0.0822279812845557 -0.135836696188564 0.00930521078481937
0.0208299579442344 0.0666566278375932 -0.0141431152355162 0.133103754795157
0.0402023241006613 0.0419925624209227 0.194621593121221 0.134165459413348
0.0429422256499614 0.0276565255344906 0.361359719198519 0.11571168126427
0.0352941772424108 0.0406466499686942 0.459690526495068 0.140601076760262
0.0018695860925013 0.0728933315748849 0.437714573398288 0.236224434086795
-0.0452919961838519 0.0846565347468761 0.340611514338982 0.329855699666407
-0.106921545972337 0.0398430229450135 0.162128710482544 0.417966195432638
-0.111667824525036 -0.051495360907635 -0.050971092267612 0.434376236319375
-0.0506427566480567 -0.124368992008638 -0.298339388548155 0.445242186689182
0.0212071344119294 -0.169418025204929 -0.51692888871439 0.497073655301933
-0.0329821931827062 0.132238044494363 -0.0744631288043988 0.411167120916562
0.0525515259694716 0.107395519251674 0.110054790347078 0.145308874303486
0.109570244075551 -0.0107678532129672 -0.0140859809761548 -0.0990467571175642
0.0411746340575117 -0.135142854457535 -0.0899147288314986 -0.133307475450045
-0.0601076689176238 -0.0908897393420894 -0.163951905269264 -0.018340349465238
-0.0811047782064293 -0.0446737110435535 -0.0392116532959786 0.135519476757249
-0.105548977050193 -0.0102963699316564 0.176609232481074 0.14371810190708
-0.104572832688371 -0.00460411279096177 0.348601602745707 0.121031302738026
-0.0986059963770467 -0.0212726695048397 0.448468908774389 0.128509448405951
-0.0646137275634976 -0.0535167764220123 0.43743890633767 0.221106125011134
-0.0237651296262439 -0.0545533814603294 0.35139924246714 0.320744531352427
0.0222841828692928 -0.0679940185331475 0.18367787373632 0.416094352591552
0.0379469180051402 0.0121026036200942 -0.0158946792263327 0.441325518058422
-0.0258601785841907 0.0683825772860311 -0.241774912821959 0.435760274042282
-0.0817003220842451 0.0497013801317164 -0.454173679797419 0.50823112832887
-0.0919635954704268 0.316250941193633 -0.0782048794440615 0.362213649929664
0.118799297113439 0.281533525876516 0.120142951013417 0.167933416879994
0.279795839899819 0.0292094531709783 0.064432415854091 -0.0918025758468283
0.16408748055748 -0.268403315225917 -0.0534973767472968 -0.202878882149667
-0.0639352953035391 -0.244998973402516 -0.213135702693125 -0.0866793892090271
-0.15513463992138 -0.160024239500848 -0.104001141909862 0.107508827032493
-0.231070782196933 -0.0722407506164497 0.111045105393549 0.132225271238046
-0.238358816417154 -0.0376807756808371 0.281324061619005 0.109331330377553
-0.22363880118719 -0.0687116857522001 0.391547413153008 0.095011157420038
-0.13843285185477 -0.156058355802666 0.414792994414221 0.18001955963714
-0.0274780214308728 -0.179448361297097 0.364620768825524 0.294532213282659
0.117669599683492 -0.190839389590832 0.204811537206444 0.413816232377793
0.190378285420772 0.0352061715820121 0.00494136181456703 0.437457737413485
0.0363775614791724 0.239330895632721 -0.187618097311111 0.377326179766714
-0.147614506758265 0.270968129541419 -0.349147385014272 0.448406408238725
-0.151088041508322 0.442258338439883 -0.0268778505777058 0.263805738962244
0.138881009049794 0.411509754170247 0.175372698688462 0.145632326720766
0.384152961348019 0.0783342305182597 0.150251283620876 -0.139988359739765
0.262989439067819 -0.336171010536277 -0.0377188418702278 -0.301179886920794
-0.0393178180063926 -0.353418290617045 -0.270697617345884 -0.169659029071669
-0.189816415923453 -0.257861692537279 -0.185932786427304 0.0518438827065439
-0.316738541154858 -0.133175108712388 0.0113797594277573 0.0971546694946161
-0.33733672006957 -0.065810625817071 0.170248698083182 0.0842658757650898
-0.3212246420196 -0.09784595456201 0.292929945598607 0.0560774420877135
-0.208274841137662 -0.224944776187024 0.363013634528264 0.132732913959715
-0.0556971521086371 -0.277936316919112 0.358138208194478 0.266146093713626
0.173835349074359 -0.315087075434611 0.198084854722373 0.404516301591415
0.330548998147542 0.0177141196542773 0.00185583082217449 0.40473289242621
0.125369847119444 0.367791521361357 -0.138437758928104 0.271860037526304
-0.170264670180242 0.459612672907877 -0.227125799425219 0.321586986062608
-0.189442214032727 0.5024499089753 0.0814481469106341 0.12525167041385
0.12668963283793 0.484225885328497 0.260430647970141 0.0473199576963785
0.422089156361319 0.12919934528609 0.1949950804113 -0.234741785677983
0.327239911830313 -0.341784126095121 -0.0530886884854699 -0.387150172104993
0.00163422785484325 -0.405859490552606 -0.313440705102383 -0.244543954088524
-0.189207844778514 -0.321038246697063 -0.26324748617234 -0.0229418882301044
-0.352360366419991 -0.178534529787193 -0.10641714792252 0.0395875767222417
-0.387637359499281 -0.0839110149489116 0.030205580528657 0.0495299471614961
-0.377795539749458 -0.110671866799163 0.169626052679185 0.0196043244627551
-0.261357040009244 -0.26201054877573 0.283964056089622 0.0907949307455017
-0.0872673369906307 -0.345939474323333 0.314547252675937 0.236803499555372
0.206519798667007 -0.417264843709012 0.151695037027901 0.370066557613372
0.44008694409044 -0.00870621529576971 -0.0123506287428001 0.325701170069217
0.210312999306054 0.449554198901266 -0.0865202725305503 0.145636203333918
-0.156084866685694 0.583994303191286 -0.111188527495239 0.151497703972346
-0.18705820506845 0.494580984988496 0.22080698920497 -0.0405316706164052
0.106439542398524 0.483344444484778 0.326259504609986 -0.110954630931594
0.402681973606612 0.15466173409212 0.183330486103788 -0.325410492588696
0.340951903864839 -0.303232072763843 -0.0762083073935713 -0.426907137036749
0.0383602315096663 -0.395436542829021 -0.32447829003554 -0.300765456832855
-0.162482444722091 -0.331396531155015 -0.323910199264856 -0.108017963681067
-0.336164744795474 -0.191470526558535 -0.226213389337581 -0.0289602384786689
-0.378244559603006 -0.090513793996205 -0.11458694763354 0.011555480372112
-0.38020448275395 -0.113568190569675 0.038282459938577 -0.0113607315622652
-0.2723050995504 -0.271409197148093 0.181910148921993 0.0532338379997569
-0.0912548538238071 -0.373641238184046 0.232447478869219 0.192501248930475
0.235571157423552 -0.450149558738212 0.0876285969906407 0.293714633918717
0.49035248216327 -0.00579805863155447 -0.00409261698149085 0.219834765977705
0.244466949912606 0.47892263370795 -0.0355773232331076 0.0405801692539628
-0.126920403775643 0.613291073874004 -0.0193714755812807 -0.0310190487934442
-0.138442223525234 0.418583208511652 0.351712187704562 -0.211798433864859
0.0909173085295814 0.40639108785525 0.347818903233701 -0.276285412498911
0.334558128097964 0.136735490600171 0.144056964776015 -0.381304964445617
0.290053392768939 -0.240972522416426 -0.0907857646078602 -0.43388849856122
0.0497776245124135 -0.325955813323555 -0.317486985398867 -0.340759007276449
-0.122133412041768 -0.285188330526261 -0.370695842515993 -0.187233086607989
-0.273902681858918 -0.171784685433446 -0.333967974196771 -0.0923801222941534
-0.314651394612244 -0.083645054904262 -0.242539888243945 -0.0251540046758598
-0.323629312579562 -0.108406223621356 -0.0837413925245392 -0.039943693027913
-0.229987710401507 -0.252781674294117 0.0759298397917232 0.009755320985521
-0.0554683420367187 -0.343800545451192 0.146256474661384 0.121402517484768
0.247003470657968 -0.379919509038463 0.0524373857440002 0.19068017707893
0.440962435637404 0.0331681828627878 0.0372081789312736 0.135247187810797
0.206247113968605 0.439224252180052 -0.00221969307917934 -0.0144183438369438
-0.0921412355921391 0.53609491877729 0.0413079132504856 -0.195846644954925
-0.0575802481903358 0.285418166446141 0.441846116122373 -0.359114594615863
0.0760496007563125 0.266371651244669 0.326170003069184 -0.407158739107678
0.22675146234183 0.0843381811224277 0.100527506914589 -0.414001735653186
0.185947327260068 -0.157077994447427 -0.107578044407351 -0.428056887278007
0.0392598546881392 -0.206076231282947 -0.311282674895423 -0.359967661728495
-0.0690634743939898 -0.189835636121706 -0.406593846151964 -0.238449992674113
-0.173560146650438 -0.122688404289059 -0.41163835118291 -0.133982005829599
-0.204347208466823 -0.0639141869139827 -0.33345548431421 -0.0558243859082388
-0.213523235224039 -0.091126356344784 -0.174933194283276 -0.0688000213307395
-0.139641125254217 -0.194827212625616 -0.00465449721026247 -0.0413704674254274
-0.000831270003146299 -0.242288676713711 0.0933647261621455 0.041146068844403
0.20228529813661 -0.223782804673558 0.0584946514766445 0.108994894922566
0.28854108746747 0.0643947060357589 0.0777124792165128 0.0996276654792857
0.116157224689033 0.311170397204719 -0.000200165511868791 -0.0322108657887866
-0.0490516863365851 0.357147562637341 0.0726071958045991 -0.317005066090606
0.00445585776604568 -0.0909582795262712 -0.00615345002085543 0.398362466691519
-0.0617903463249527 -0.0852866661203181 0.124907994062061 0.0997802833719249
-0.0982119756257578 -0.0252443904620623 -0.0644154141288053 -0.117424876764686
-0.0802071086536017 0.049778470360441 -0.127476146310396 -0.0958107737724074
-0.0204082974348705 0.0838415986068137 -0.135067447309048 0.026586548113031
0.0270652717797429 0.0655211938627842 0.00300292086006526 0.140052713214296
0.044311559776598 0.0402343632840575 0.209792342417981 0.117786681169091
0.044678523233459 0.0245303326980076 0.372025476874453 0.0811047697977932
0.0367913482526887 0.0371401872033738 0.469831246846398 0.0967421418307853
0.00853486138220256 0.0728483824895008 0.456461763634492 0.196748651939283
-0.0357456665837761 0.0875836737946787 0.362792255651915 0.297236124163619
-0.102931630378263 0.0486046525739146 0.19174237443905 0.399824694243939
-0.114827852293255 -0.0412014765989535 -0.0225147697729798 0.43016046046222
-0.0583806216087317 -0.119965997391291 -0.259767337118842 0.460503501762432
0.00557789019789749 -0.167979121125705 -0.461937924123184 0.527243979984787
-0.0248259276047848 0.131568710216792 -0.0425905753833214 0.417258681721362
0.0580326351878996 0.104501763630053 0.127933225029249 0.140940209377106
0.107610612395891 -0.0158730009358638 -0.019262497874938 -0.0942614046384824
0.0305456332828097 -0.135800212128729 -0.103215610600465 -0.12131752293509
-0.066232288737411 -0.0865143614252944 -0.163578262769172 0.00392968891115891
-0.0847186554981537 -0.0380905031802018 -0.0211542297566297 0.144956998088994
-0.106777441452643 0.00181867310078466 0.193046746653669 0.129088652918858
-0.10536879056838 0.00690431945903187 0.359565859550529 0.0883899448830505
-0.102795127518922 -0.0103808028379579 0.459032016839289 0.0866625845921061
-0.0711839579384589 -0.0474504060544235 0.454959587311714 0.181330357517086
-0.028398605542841 -0.0536283536414427 0.374744458658743 0.289270713671565
0.0159389397694645 -0.0717235835244843 0.211424121457403 0.396625279656885
0.041209196369206 0.00865512847350248 0.0117664298709433 0.433173461000763
-0.016490163521497 0.0711050076716147 -0.206311272521432 0.444538581715046
-0.0789631218769828 0.0573819509035478 -0.398418707235728 0.53175503024719
-0.068674403604863 0.317734399860699 -0.0507779983550655 0.369796198788217
0.138042147229102 0.273755492126502 0.137047554698036 0.162184753348753
0.279571512027142 0.0102544993111957 0.0575042461315859 -0.0910179497214495
0.141663991895332 -0.278828693568687 -0.0714537422343421 -0.1914218555222
-0.0827544249927179 -0.240722391542367 -0.216488801913029 -0.0577999280617581
-0.169341676776705 -0.14761678715986 -0.0870784456692635 0.121407665824539
-0.238411726231019 -0.0487556958007422 0.127145580730938 0.123871742893033
-0.241794255972292 -0.0132877707294119 0.291393721639038 0.0837176970048079
-0.232179487939309 -0.0457301453128505 0.398022472981791 0.0589856344127227
-0.155117898581977 -0.144066361301968 0.426939290549497 0.145295284538306
-0.0438247763765273 -0.178890943487927 0.38586175619803 0.262638669398596
0.100095166562156 -0.204204011754495 0.231866409584254 0.393303259747771
0.196167882653795 0.0189143688643853 0.0330293269828144 0.4265804378563
0.05910253926337 0.237385506121783 -0.156334431885391 0.381610866171349
-0.12638589229192 0.282149531351848 -0.30152854009322 0.461716161204638
-0.117100874399682 0.447356113193096 -0.00866220945579897 0.267747757879467
0.17054738282763 0.402428993034946 0.185132810807213 0.13623050186217
0.388807227162125 0.0505865959242574 0.137924735182488 -0.142904721835653
0.233742443728621 -0.356758639012598 -0.0611920819262244 -0.288923421966315
-0.0686958675653403 -0.352203207788907 -0.27917252269285 -0.135819705598903
-0.214155239348163 -0.243185011902061 -0.173770308106156 0.0716034301751764
-0.33059112291408 -0.102389098849837 0.0240667298768184 0.0968557709417597
-0.342565465928984 -0.0317051435405531 0.177436831390592 0.0687924342730402
-0.332482059475854 -0.0654722344039458 0.295738796532268 0.0299009361131053
-0.232748015438888 -0.207994619919486 0.370804219322354 0.102986522118191
-0.0795713165159407 -0.275561519921279 0.376437464081647 0.233373591096913
0.145245734016849 -0.333839875675706 0.223011812051729 0.38442950455443
0.334282207858567 -0.00857597034611506 0.0289003218368347 0.392409759416835
0.157454872965716 0.358697434017365 -0.116665937573165 0.273863980787988
-0.133370493107963 0.469392536808027 -0.19483454497346 0.328233743271525
-0.150146948771591 0.510961981228662 0.086580104279576 0.122326216396965
0.166869494325895 0.477007392635464 0.258637417039164 0.0339647780595768
0.433125423211645 0.0952946076404967 0.175715854764595 -0.238242301103007
0.297502734050289 -0.369563577263206 -0.0821119969319072 -0.371954154259293
-0.0336563520273829 -0.407689277247194 -0.327427779205824 -0.207001824682284
-0.220236293918903 -0.306442957093726 -0.25709230315985 0.00266477849409571
-0.370513831031332 -0.142260504593308 -0.100409957202393 0.049800816456422
-0.393377612620316 -0.0458012240493733 0.0341385930687192 0.0478477845710392
-0.389853701748584 -0.0731834068487873 0.168724719525508 0.00473711725503613
-0.288274565266013 -0.240417503839461 0.28733109950803 0.0678580943170501
-0.115619079644414 -0.341708054028941 0.329246428344243 0.206403121222889
0.170585366200631 -0.437177330948802 0.174598812702548 0.353319305119689
0.440123105628136 -0.0433493443058011 0.010154096692377 0.315158276218434
0.244509812139787 0.430857342766052 -0.0762408596686635 0.145370643553928
-0.108923456500789 0.588184122945499 -0.0957818949106303 0.151843313954176
-0.147542991836916 0.502716491438708 0.209389378583152 -0.0527644984002907
0.148498734223547 0.476897069569732 0.309212309641963 -0.126058935521875
0.416550333233052 0.121087580621331 0.159233322095125 -0.326097056907938
0.311496198981075 -0.332913582084031 -0.106942999602178 -0.410961690615073
0.00226766345858622 -0.400263732912563 -0.34445632331395 -0.264460790487279
-0.19490911476728 -0.318243640838172 -0.326909015065823 -0.0777495599887112
-0.355620692600342 -0.158051082811687 -0.227589002956606 -0.00776866202647115
-0.385155268152253 -0.053176288275694 -0.115098047891351 0.0234932283506563
-0.391651359792818 -0.0763034908875206 0.0331118739416474 -0.0139448956304755
-0.299461206541526 -0.249885091180037 0.180782702872039 0.0380400606905546
-0.120867197688326 -0.367959573892033 0.245201766291651 0.167847500739059
0.198902800615423 -0.468783797350762 0.106317849558732 0.281525556214634
0.487076856688826 -0.0427574714792579 0.0118802719238863 0.210835659597532
0.28133478285511 0.455865783139635 -0.0355620779835038 0.0379108929741588
-0.0766017149099002 0.614505987180037 -0.0211828449580066 -0.0353896901019156
-0.104879131392946 0.424735583969574 0.324747792830408 -0.232638730355861
0.127382028275699 0.400625178193484 0.316226350985534 -0.29162124722945
0.346245462298072 0.107896183134452 0.115397367725872 -0.381601389236024
0.265397882384073 -0.265949576034788 -0.12208851884291 -0.419283546312981
0.0200036770397329 -0.331160705841814 -0.341943799261427 -0.30743391266401
-0.15018904973489 -0.273833312998674 -0.382988480149782 -0.152642750181778
-0.291121735189753 -0.143413644299761 -0.341472468724319 -0.0608472100474667
-0.320074163275432 -0.0527336993885412 -0.24677153617773 -0.00157024269486522
-0.332353507309261 -0.0764827988061838 -0.0916094855057178 -0.0323310562330322
-0.253953510338954 -0.234260861256862 0.0712664210620667 0.00146790032143041
-0.0828708784824723 -0.339449257111078 0.153979434191574 0.102387114273318
0.214467886225593 -0.399356223601767 0.0657631192195837 0.184292315080085
0.4395959736211 -0.00311518542240875 0.0462333759245845 0.126469563628328
0.240050145997991 0.417677998732866 -0.00878405048264568 -0.0180770365044558
-0.0473878816868522 0.533049682260787 0.0227449422700066 -0.202419302472136
-0.0357955324807788 0.285848286241062 0.403191274155418 -0.385188828438732
0.100369844843847 0.26021104973568 0.284995216482954 -0.419014380586599
0.232368184993714 0.0645492279050831 0.0707013414303841 -0.410800168170566
0.16878399569658 -0.172203264923838 -0.137551241864318 -0.414001350213749
0.0209150848797737 -0.20989843846486 -0.33829827499759 -0.328496896368996
-0.0874245967346182 -0.183625367114741 -0.424481040944494 -0.201152290617375
-0.185838179353695 -0.105169918669818 -0.424232818636651 -0.0963650051612829
-0.207904803647358 -0.043701738699677 -0.340694281822167 -0.0237507206411586
-0.220633191840257 -0.0696187861370588 -0.185756103863823 -0.0532314940326385
-0.157354096925492 -0.183011551766194 -0.0128850018755976 -0.0438540331065613
-0.020430856705981 -0.241557483204413 0.0955374506676492 0.026111132962554
0.181912551416723 -0.239818554709545 0.0670552547174392 0.103349918058114
0.29094730269894 0.0390505416147318 0.0825129923111289 0.0898413833570621
0.142031522578971 0.297216322159529 -0.0111143887470788 -0.0357363594936216
-0.0180524598078968 0.355552092127063 0.042496624940295 -0.324421421834752
-0.00364938380182453 -0.0886059442568567 0.0170036894009649 0.390388212674959
-0.0659001531488214 -0.0777608479056819 0.135744191100636 0.0937789883746873
-0.0952734103894643 -0.0159651485861587 -0.0656416389613048 -0.108817923714285
-0.0737187742742753 0.0541901833881601 -0.132148572996956 -0.0828459138351744
-0.0137826058510085 0.0827302269985594 -0.129024287555375 0.0400396251456273
0.0312623944474206 0.06293608397248 0.0189139284976764 0.141405940225551
0.0465891223434912 0.0390168588592182 0.217317405569913 0.101654679456703
0.0443196797940797 0.0219994723532324 0.370151458552056 0.0528703005392299
0.037090352885867 0.0348616931074026 0.463143403634538 0.0588956833172322
0.0131086892633289 0.0701210818279861 0.456012289451312 0.16046455694044
-0.0275180174289769 0.0872461016286838 0.368507148338969 0.266633759632946
-0.0965176278745857 0.053994047531607 0.207022477920482 0.374730354809571
-0.112700159876546 -0.0321109582690631 -0.003976310263515 0.414922755357532
-0.0624308772255167 -0.113859222375204 -0.226290800591904 0.455161970380298
-0.00553896607287744 -0.161422657019806 -0.409076886578776 0.528246119269351
-0.0194217477809409 0.126996365066398 -0.0172666186744371 0.410849355022598
0.0604580024071599 0.100042345489746 0.139795517971541 0.133461987344903
0.104001683310081 -0.0184561230101387 -0.0213274138376701 -0.0870616546070815
0.0224937541535436 -0.131734120387499 -0.109596103647362 -0.108026074856133
-0.0687136106071321 -0.0812508336119972 -0.156530730734543 0.0218326536608721
-0.085408949356826 -0.0321126812682415 -0.00351361404023471 0.147012428465253
-0.103873518199489 0.0114521732095919 0.201492658760822 0.11464948607177
-0.102727842452561 0.0159107987752344 0.358232964771254 0.0605089208738635
-0.103205095032685 -0.000700849841218387 0.451771779928625 0.0509542155330539
-0.0747777432629091 -0.0416415626118924 0.454344044762512 0.147759421179335
-0.0311033166978359 -0.0518304649636564 0.380188119198539 0.257093886640066
0.00930515417545928 -0.072897983001642 0.226161892550286 0.371723212380289
0.0428802400001811 0.00504818477874453 0.0298118575518212 0.41536082175903
-0.00876932535818395 0.0708885222093165 -0.176230698993654 0.437736102003105
-0.0747475183417556 0.0619746155099342 -0.34755672901567 0.529038721402647
-0.0510076866694903 0.309308376406163 -0.0289397717959511 0.365062787829429
0.149121322797505 0.26175849064363 0.145892288964439 0.154512970568048
0.272219852234136 -0.00300596279217034 0.0520666476614108 -0.0860190180711224
0.121576812706911 -0.278297154534678 -0.0818209187308013 -0.175025954778373
-0.0947080639357708 -0.23159946983082 -0.209561912809234 -0.0331696670187901
-0.175793856137534 -0.134766637933803 -0.0683542679511511 0.127615961608363
-0.236678703405781 -0.0291557415211378 0.136981996359229 0.112642066998962
-0.237104787604883 0.00635563366190308 0.291340844233479 0.0618055193270929
-0.232233876146546 -0.0254206732138938 0.390568935825321 0.029815064242385
-0.165145967332285 -0.130464957048314 0.424668248979288 0.11415681834468
-0.0552575754648594 -0.174022005841733 0.388389385049095 0.230329866823523
0.0828164442431265 -0.209219228434637 0.243644494706588 0.368329441102716
0.195936631376714 0.00519445879929186 0.0501034382771769 0.406865550720672
0.074911482973422 0.228960961476553 -0.131495171382368 0.373770348488888
-0.107879125186541 0.282088759372057 -0.2596131758076 0.457013517224784
-0.0907405315808432 0.438109113810467 0.00455785631609361 0.264642683754453
0.189638570403231 0.385561888649255 0.187770628737509 0.127954966383445
0.382848918442609 0.0294096471544947 0.126575263046874 -0.137963547347463
0.206277270175197 -0.362068117703198 -0.076259049753414 -0.26854604164525
-0.0900227874281723 -0.342017537243109 -0.273561495174335 -0.104665713586003
-0.227442515108963 -0.225269311678762 -0.156394563445148 0.0835143069249086
-0.330099358703992 -0.0746802638530662 0.0337988922821619 0.0934384074782803
-0.336242910318104 -0.0047936305936572 0.178293829428665 0.0567492818884001
-0.331611095689842 -0.0369760457444547 0.287723209457947 0.00900207510508294
-0.245735825242279 -0.187541837402409 0.365511238086256 0.0776798794059165
-0.097320549207901 -0.266781593925615 0.376969348685781 0.203110072948693
0.120025117398773 -0.338703531910892 0.233310982178887 0.360096524493947
0.328445183096026 -0.0290360917862575 0.0448610249140312 0.372076496635315
0.176229503209303 0.341436448385543 -0.0982833696158185 0.265601643251061
-0.10422597313842 0.462113885824468 -0.164908925834686 0.321466304651373
-0.118184205903774 0.50183367825038 0.0859802345499384 0.11883793611863
0.193834271366291 0.458540266388774 0.250530443640884 0.0267889981456426
0.429556785148359 0.067767337961171 0.15922898838703 -0.230227250037273
0.265378230648288 -0.379241195042107 -0.0987091333920589 -0.3489121206244
-0.0612218345402925 -0.398734991819415 -0.324296319097707 -0.171311843519754
-0.237728836365943 -0.286205509120423 -0.243906823595715 0.0209864709645658
-0.372784260814791 -0.110819008211332 -0.0913674402027923 0.056191079671264
-0.385755295349275 -0.0145134153785616 0.0358417510627246 0.0465646784456643
-0.386234749387056 -0.0411532065265153 0.161642624034341 -0.0054142077272672
-0.301032155774784 -0.216791523977308 0.280948158398382 0.0486910277289846
-0.135097018760821 -0.329211033094832 0.32911892116569 0.178041043222807
0.138554955157676 -0.438902469927453 0.18507136157442 0.332013387791579
0.428250547957747 -0.0681370806722953 0.0245482035896314 0.296812778046758
0.265020329933058 0.406694580614098 -0.0680082099164907 0.139095227798836
-0.0725762704615489 0.574621097846128 -0.0814369703929211 0.144986997549653
-0.116054720259351 0.494262657313111 0.195380075447124 -0.0578037191423146
0.177327390842372 0.459514652713317 0.289013563656761 -0.130412589204065
0.415187528439577 0.0913834629910377 0.138131345117318 -0.315030523064712
0.279565636427497 -0.346067870547569 -0.123902393261707 -0.387361111024129
-0.0263255797015189 -0.393439079514342 -0.346369372981382 -0.227036676991723
-0.215396966866121 -0.298499621023302 -0.319625193129077 -0.053651977130323
-0.359472217527734 -0.127591469075588 -0.221320612495191 0.00872849503252297
-0.377990111356283 -0.0226489276899437 -0.111751413234373 0.0343416796351387
-0.387042821850135 -0.04522448263512 0.0276639066856139 -0.014263399045214
-0.311522010339316 -0.225790002537585 0.174385621768869 0.0256448838999101
-0.140793815767912 -0.354429183532253 0.244910909178636 0.143784445208195
0.164096855222465 -0.470916235472441 0.117310317980947 0.266346986374186
0.471429002643781 -0.0707412188126579 0.0214520143141799 0.196574514689908
0.299028243230929 0.427357455467525 -0.0355842052158715 0.0344980533290445
-0.0399905947778115 0.595710052291213 -0.0235990340751717 -0.0381385105483816
-0.0785018542361786 0.417366819643315 0.296299358371068 -0.238508437860979
0.152551785185208 0.384424273148433 0.285557435676519 -0.290165081199748
0.344876658707314 0.0824564054972553 0.0942072239184756 -0.367826400206963
0.238256220515487 -0.276881366902858 -0.140129765219677 -0.394865226911295
-0.00512732668138978 -0.325468345509418 -0.347878366317269 -0.271160138432088
-0.168142475733564 -0.257477169517186 -0.380773204869628 -0.123388632293486
-0.29506116492568 -0.117787668485865 -0.337212441120588 -0.0347560877849097
-0.313855152774149 -0.0275604528633686 -0.242779386590995 0.0188898449061077
-0.329178401031722 -0.049780224388571 -0.0956293663113091 -0.0237380489470152
-0.2655626090548 -0.213029929824104 0.064557763667654 -0.0037244222588729
-0.10111475440125 -0.32757500353932 0.15371238043112 0.0840644586108307
0.182873214273519 -0.401824258574358 0.075095246452379 0.174302882344673
0.425823312326825 -0.0284633148900562 0.0505521436209136 0.115362480040105
0.257607400180831 0.390391260392469 -0.0155665200706978 -0.0206432096875446
-0.0135605747585245 0.515995357338126 0.00750983838212596 -0.202623959169316
-0.0195848541731119 0.277379502126346 0.362948985033688 -0.392217246726028
0.115766731734359 0.246528807004129 0.248181454032588 -0.411329499673193
0.23104183495919 0.0476084839606616 0.0489539297489052 -0.394898780548033
0.151846697456018 -0.177738021712226 -0.155852848562835 -0.390620320982606
0.00546357929530092 -0.207090950520508 -0.347442721347325 -0.294823007951845
-0.0995029659156663 -0.173582877655627 -0.42686381231228 -0.168368312247465
-0.188483233811294 -0.0880642685146668 -0.421419619947547 -0.0629182348343364
-0.203954128005393 -0.0274285744748051 -0.336036419447605 0.00294923419601805
-0.218978352242024 -0.0508606371819692 -0.189172307389577 -0.0388110871330756
-0.167466181104033 -0.168399152988221 -0.0203912319519686 -0.0443923189277831
-0.0352490737799706 -0.235168130068409 0.0931269831076532 0.0130868408551499
0.161241641991888 -0.244395493662414 0.0719972145422375 0.0966209209242315
0.282919100932674 0.0191269318875342 0.0826845981777383 0.0804721720074802
0.156567527671701 0.277530980256468 -0.0212811467962025 -0.0373122688792454
0.00456947094332041 0.341808163850296 0.0181103442883594 -0.320874960962389
0.00110938090208314 -0.0902352162478312 0.000470052714979638 0.383614429944016
-0.0625283611516508 -0.0787415903615165 0.136383285129951 0.100256652736986
-0.0926271235634487 -0.0156128761162772 -0.0572467768152172 -0.100901495392744
-0.0713220828871781 0.0523800858015031 -0.128395786746382 -0.0761988799249186
-0.0134911157877285 0.0806469428309265 -0.122045142598842 0.0451451612356936
0.0308515300402383 0.062586673592908 0.0253320508321074 0.140791492265231
0.0474804614043332 0.0419398241311794 0.217383721534339 0.100215446159556
0.0444191095265305 0.0246748140559129 0.364062874383677 0.0477975289050484
0.0395521209316277 0.0362032593732503 0.451256923964141 0.0557328124032646
0.0169299431353352 0.0692619264069419 0.442844656116337 0.155491065550264
-0.0235163211593966 0.0859926549550054 0.349173824974141 0.259821071761502
-0.0887029162699858 0.0570254218648971 0.187054263175462 0.364312464878799
-0.110117394451505 -0.0259189135007428 -0.0204594234837848 0.392239017581453
-0.0626410572691852 -0.10671813161209 -0.22784830521276 0.426650966128588
-0.00654505637399859 -0.148991416260325 -0.399053762480275 0.483186442088065
-0.0236831848409298 0.120999293062885 -0.025176136427439 0.406143653113327
0.0542227005777844 0.0995261661905898 0.142149170289363 0.134083656829668
0.101479689549188 -0.0106400431836109 -0.0158869899729872 -0.0859875293025301
0.0257269296149094 -0.124215535855006 -0.109022869878741 -0.106658458477629
-0.0617994015379258 -0.0803975896029344 -0.153830057440415 0.0273276608177394
-0.081992720263034 -0.0337652559257526 0.000219723336859878 0.146793108746106
-0.0997423356989241 0.0127505819289443 0.199265007340904 0.114760172918658
-0.102275890382995 0.0159879889466375 0.350906314186504 0.0569360831054089
-0.100297775291838 0.00136525530679068 0.440534504190957 0.0448398925743837
-0.0722838677527642 -0.0421359059289431 0.441739668528488 0.141073784791334
-0.0273008338658872 -0.0530463452662438 0.36542645987635 0.249619403728114
0.0148853999303679 -0.0680804910683843 0.2124104540013 0.361251562284936
0.0445696088204007 0.011441535752697 0.0134343708661007 0.399309966417231
-0.0106111185145955 0.0759689149231043 -0.183700163999273 0.413914391856508
-0.073764130275546 0.0693696453414992 -0.347396366299927 0.486641896776424
-0.0628653687383443 0.299700490947676 -0.029116557293032 0.364717041197781
0.134875085664167 0.261849725507113 0.149363857576988 0.151904389320843
0.266002358425795 0.0099010422679812 0.0545249722299142 -0.086782388462113
0.124501864839928 -0.263151491348159 -0.0823141060343562 -0.176507534321224
-0.0838367071545884 -0.227047926591459 -0.208027444974072 -0.0278751011778152
-0.170298065086823 -0.136155084779754 -0.0651590816231952 0.12700291753961
-0.230444793642039 -0.0299371529711571 0.132378569275997 0.11478859187846
-0.235696055092475 0.00500260414040725 0.28396941744202 0.0589937973009269
-0.228659786627119 -0.0231569644435088 0.379489016576504 0.0247076921896511
-0.164102827473542 -0.130527669377069 0.413062932016258 0.10668899263502
-0.0518603234264953 -0.175476635228339 0.376617751920511 0.221885382795856
0.086729469880219 -0.20098281759571 0.23546779514477 0.355524732486014
0.195672770616505 0.0125961449406476 0.0363566923380847 0.393894515675517
0.0711300934327632 0.231895921312323 -0.143827740203786 0.355124063163393
-0.105671828884501 0.282042389616192 -0.268102872401821 0.421390213570446
-0.107592864015325 0.424414909949572 0.0101105465063588 0.271833001202071
0.171193566192995 0.386712382291412 0.190811685190087 0.127140840604051
0.374347734808422 0.0441097332909563 0.128945966608883 -0.13665961343437
0.207161811042567 -0.342732912328375 -0.0731258495349044 -0.270671756501275
-0.0776147315291551 -0.333957219005219 -0.27149894019311 -0.100029889004644
-0.220158428381778 -0.225566757580512 -0.152710868192824 0.0830737301654794
-0.322868417421923 -0.075240863717845 0.0288194701577968 0.0965031474423987
-0.334729038726363 -0.00739554126308027 0.171554710918316 0.0550657407008992
-0.327728316454746 -0.0355832424365356 0.27838498398484 0.004510252315298
-0.245478802613301 -0.188030307291033 0.355684001893176 0.0700934274742767
-0.0928608515876612 -0.269119965017152 0.367588636755682 0.192504965243298
0.123184728131279 -0.327675589243253 0.230672924667943 0.344004267676908
0.327051647498182 -0.0194737939609644 0.0359173472068668 0.361796310420772
0.169359021866836 0.343037128709336 -0.112724036307921 0.254361838967725
-0.102332398872046 0.454525393659572 -0.179804610421938 0.293909157753214
-0.140748834971648 0.48847265814713 0.0953524694789434 0.135165822340239
0.17425468021415 0.458967910645834 0.254044153064649 0.0318930174603373
0.418469955137778 0.081985413754939 0.164978572579503 -0.225611483652885
0.262506804644441 -0.359826850356123 -0.0906213132749268 -0.350759703228684
-0.050379812248304 -0.38732152976194 -0.32155551507157 -0.169349243990522
-0.230895443399147 -0.283846058011678 -0.239606535873152 0.0197597574081767
-0.364768797035317 -0.112638507162835 -0.0957311334717074 0.0600844574013444
-0.384081585352599 -0.0178583181327544 0.0310681181473985 0.0478646173282342
-0.38252880544757 -0.0393213287204157 0.153886087948584 -0.00911709792485752
-0.301204547743527 -0.217987550034587 0.27123565265428 0.0415247792612744
-0.129606031109972 -0.331800174110177 0.321382183007225 0.164905035593394
0.143362105602059 -0.425108070064268 0.188004972275863 0.311439589143074
0.424119056818213 -0.0556884352436879 0.0221818220581204 0.290475809580521
0.254355232944836 0.405224531111664 -0.0812921501532328 0.13630604268381
-0.0722519196183162 0.560238723250539 -0.0980544268343238 0.131204998032134
-0.139735694273054 0.482193596266851 0.205157990113341 -0.0339652600106942
0.157364915057293 0.458106131988706 0.293883140891327 -0.116808145999576
0.403503925956404 0.103321233992173 0.14959611324703 -0.306834496723495
0.274646345537396 -0.327690781011179 -0.113057708656423 -0.390051475260001
-0.0187135027892267 -0.379905730585059 -0.341310920130086 -0.22568661038581
-0.208841400718674 -0.294382289890931 -0.313409829418315 -0.0543252157183073
-0.353427833757732 -0.128280716612837 -0.223047447503017 0.0139547673951111
-0.374701946032813 -0.0281572034124094 -0.113893444994408 0.0367082927288
-0.38278050026306 -0.0438918520250121 0.0223811420776525 -0.0173007898253399
-0.311767511899006 -0.226905380639586 0.16643539974169 0.0183736753506318
-0.134392253512887 -0.356709054436617 0.241042432346633 0.127829663792318
0.166831268939453 -0.453560305424885 0.127519555322746 0.245950322825634
0.465475635410649 -0.0589315669664604 0.0242878287939865 0.195737876280997
0.286257746196553 0.422683133377972 -0.0481441454428677 0.0390357536703123
-0.0394432225589068 0.57690544411743 -0.0384811183955628 -0.0403361755476161
-0.101657139769622 0.407121253125256 0.305563292498079 -0.208045896294687
0.134694723363974 0.383000965437417 0.291804932152058 -0.271127583655902
0.33351743929095 0.0912888105583492 0.108894020774201 -0.356153937849906
0.232148573432801 -0.260305341974978 -0.127174707425319 -0.396581970341379
0.000800195404420074 -0.312411918754848 -0.341954186330834 -0.268125303813747
-0.163375382283526 -0.252581294927648 -0.371778288470736 -0.121992311231001
-0.291213192826385 -0.118786432822686 -0.336936225247465 -0.0298635967333875
-0.311408022559456 -0.0313258451262889 -0.241712990305936 0.0228310944383171
-0.326445976852907 -0.0489691335368712 -0.0985682655317399 -0.025686738018025
-0.264568647045986 -0.214114468638112 0.0592616315051025 -0.0114459797314681
-0.095526495783887 -0.329049567858539 0.153433017608956 0.0699523682440744
0.183010375323805 -0.386583945354049 0.0891302705343168 0.160043611038673
0.416847035305175 -0.0193819008049636 0.0531325470642596 0.120047995099502
0.247549984328915 0.38347371425305 -0.0299687238863007 -0.0136644541295189
-0.0142028760776368 0.498082261628764 -0.0026234434648979 -0.195671980211782
-0.0384335192384978 0.271439509764335 0.370302200133267 -0.358752034588586
0.102425132278258 0.246966160572247 0.254790748425196 -0.387063042886816
0.221139450526498 0.0543540622507536 0.0646052562449188 -0.381144500874777
0.146356786553289 -0.164744150485527 -0.140808910169304 -0.387764411695491
0.00836333408295385 -0.19638387888088 -0.337917937553943 -0.290535037736281
-0.0972246561834745 -0.168445182139455 -0.414518537501411 -0.165831202547549
-0.187440747159005 -0.0882587679728031 -0.41622574821893 -0.05889376165404
-0.201493950175638 -0.0302811471946609 -0.332068227845021 0.00765391286546506
-0.217770018963984 -0.0507168043071901 -0.189787525365739 -0.0392638042510231
-0.167291527205754 -0.16808259558302 -0.0239170614366857 -0.0498902939211886
-0.0315087009794132 -0.23402625061445 0.0943905376349096 0.00311914262959065
0.160118369845429 -0.234575977847358 0.0830014747829447 0.0902562271871639
0.276719381424811 0.0232625610247333 0.0800136284345978 0.0854395995059465
0.15042245602512 0.270994355892513 -0.033810615935558 -0.033435058277168
0.00453779880876072 0.326841496328879 0.0145291041731398 -0.309412523426521
-0.00230027164072956 -0.0899535939375314 0.00380379586496799 0.385111983636636
-0.0641777870698968 -0.0769864878801604 0.144486552995966 0.101182405253997
-0.0904314739721965 -0.012507781833164 -0.0542565228216544 -0.0986429502374325
-0.0690276758838851 0.0543306210992673 -0.130634049724691 -0.0702580574446029
-0.0112986954171167 0.0796418054695139 -0.119021277830474 0.0523845335361214
0.0328974370198458 0.0626709168669935 0.0353063989512198 0.142583549361955
0.0501421386241633 0.0419474028503251 0.223858601752724 0.0948113646654615
0.0450079475413464 0.0247602171695789 0.36685096081162 0.0363084826834771
0.0393229625149792 0.0363522763759448 0.451491092602349 0.044085811764195
0.0180183451774397 0.0687658889382196 0.443761812604864 0.145442796438612
-0.0202342149146676 0.0852027727845459 0.348747128027555 0.253624404398156
-0.086590217578151 0.0579058211577474 0.188511188560086 0.358567918688278
-0.109138672483337 -0.02423710080982 -0.0219902035512305 0.388696385519742
-0.0627128644198612 -0.106374722357821 -0.218917615018236 0.420797407989228
-0.00889375106488006 -0.145878591723144 -0.382441312194432 0.474791816834484
-0.0255472057441717 0.119224112399155 -0.0208245457568265 0.407573797147191
0.0538443931314519 0.0995109549430639 0.149758882457105 0.135216246889242
0.101150024494865 -0.0100662510774893 -0.0131700006375432 -0.0824862376375915
0.0251740189830739 -0.122585230945125 -0.110824911546114 -0.0997449743595596
-0.062359213571217 -0.0806108132123263 -0.148998306204819 0.036341920195999
-0.082914688567801 -0.0327442539269156 0.0105046436201639 0.148683065967147
-0.0986163203470587 0.0158428495838199 0.206429885239936 0.109304696066302
-0.101692397145108 0.0204518996196718 0.353833355940292 0.0468832559767922
-0.101140518947793 0.00591939800975633 0.438610440657455 0.033910361494717
-0.0754590772746912 -0.0399445843893268 0.442238829663981 0.131610557677546
-0.0284609955540713 -0.0545440698685515 0.364521158762316 0.243440724535277
0.0124301961266946 -0.0698447557093304 0.213412344090531 0.356154171245633
0.0468349905623999 0.00942818855681777 0.0110220675247378 0.393806641529729
-0.00690226842518683 0.0762813673601953 -0.179055885311264 0.40708030002519
-0.0732194678732179 0.0714511242290926 -0.33438740879881 0.478330856384395
-0.0627551096341538 0.296153068524632 -0.0257563588375846 0.366795960352312
0.137041012184921 0.261009989963489 0.154570876551821 0.152884548569414
0.264602403025142 0.00924118576202251 0.0558676652452462 -0.0810258269232874
0.121602788221453 -0.263491466109963 -0.0841564571629715 -0.167795763531458
-0.0876270809759555 -0.227573559065386 -0.201739260729511 -0.016615763559902
-0.174514506046569 -0.134214287233681 -0.0555852345322644 0.129190343035112
-0.230352445721458 -0.0227681367834137 0.139256785216644 0.111495250058092
-0.234706419749333 0.0127682715769211 0.287093972079002 0.0516975909762545
-0.229861699482069 -0.0146169336266848 0.377915409338977 0.0164555957197528
-0.170279490935414 -0.126346331614447 0.413672768551288 0.0993536232041508
-0.0565536182412823 -0.176346996726292 0.376210249370884 0.216081237914035
0.0808399228143887 -0.205232508080864 0.23514371345979 0.351534374397546
0.198132249407737 0.00809781715125471 0.0339810996291782 0.386612616753457
0.0769080911259775 0.23162985295828 -0.139550424080175 0.348628935106933
-0.104075887923636 0.282887412633372 -0.258305927290478 0.411539538979876
-0.105408871925844 0.421726030389071 0.0112059706109575 0.274667406318831
0.176310836051152 0.386086991990766 0.192994749690596 0.130385526560251
0.374176597572297 0.0407829043794429 0.129820933266103 -0.128744194851613
0.201954238990517 -0.345664021522257 -0.0739121992379228 -0.26010703066881
-0.0855515799894848 -0.334874725734212 -0.26352317999467 -0.087645448741676
-0.227966337171604 -0.222094599498302 -0.144429868150503 0.0858940832702057
-0.324579918383885 -0.0668405336345979 0.034651514776618 0.0955202239765459
-0.333196900022599 0.00365229667265245 0.174953668350957 0.0523721645267215
-0.329622653559631 -0.0237183275421113 0.276276804769302 -6.66781914748692E-05
-0.253624566860341 -0.1823455878363 0.354700204171936 0.0654602143726314
-0.0991217446084845 -0.270619413700598 0.365222494666859 0.186788570499426
0.115686143595041 -0.33259809800849 0.229722266604585 0.339253296551999
0.328274611169638 -0.0259632658686807 0.0331357596673664 0.354130353103412
0.175705195350651 0.341052452150147 -0.110907487963744 0.248224905884929
-0.0980364181469647 0.452199050922463 -0.172500145266115 0.287571526390234
-0.13707403964622 0.484565872709556 0.0934510679518483 0.139141151142158
0.182982232579454 0.458248842343923 0.2523894140971 0.0374188648652299
0.420802180214923 0.075882035446899 0.165551471170408 -0.215837002830315
0.255869964500901 -0.365494103134475 -0.0914014491757049 -0.339863200807164
-0.0595094142303069 -0.388921893093245 -0.314729048283853 -0.155325726781943
-0.240675532815188 -0.279914735341798 -0.232966470212302 0.0234623615039408
-0.368673767469931 -0.101991499099264 -0.0919042976942214 0.0619848284443012
-0.382245430335036 -0.00716025177245142 0.0338356681771326 0.0491986879779889
-0.383416205440738 -0.0275863923484869 0.150748131808548 -0.0103197756164157
-0.309985385143095 -0.211786857668087 0.268720826486346 0.0382292333980919
-0.135903037193406 -0.333316305176212 0.318659369934221 0.158478150425644
0.135401751360269 -0.429590077269402 0.18779404647601 0.307647036417836
0.424045450453 -0.0609256706447988 0.0209615508651836 0.282232683661849
0.258827563149961 0.404550582689664 -0.0807373457142494 0.131222470068336
-0.0669506192453254 0.554650382763045 -0.0953722105145053 0.124938621335736
-0.135717475965907 0.477983711425796 0.199922602753609 -0.0287921614699256
0.167481377989827 0.457120995216984 0.289479086329967 -0.109371856615668
0.404382992987058 0.0953478599816911 0.150561265088322 -0.296815042093749
0.266227206922393 -0.333585674301295 -0.112312145126145 -0.379787027584521
-0.0288871401678436 -0.381642800655344 -0.33651704566786 -0.211740164622942
-0.218744394524254 -0.289935951526928 -0.309991820797046 -0.0489015225594483
-0.357001904380527 -0.118233731275785 -0.221636411994444 0.0192908201618312
-0.373495835265614 -0.0160785747422763 -0.112174662389726 0.0421661290527985
-0.383719950730219 -0.0329168012993305 0.0186706447583443 -0.0150835584409718
-0.319259819322208 -0.22170901095506 0.162896495999897 0.0159751276400993
-0.139338909512574 -0.357468949337637 0.237157446912005 0.121117210747231
0.158734563218801 -0.457195524771771 0.128225306347737 0.24237252979788
0.463544019287986 -0.0629138323512811 0.023466676800926 0.188287171562256
0.291005565855639 0.416728801684957 -0.0505445063194759 0.0357115078177305
-0.0334463988438179 0.5700556247846 -0.0398118290745202 -0.044836800511055
-0.0983052892285367 0.404319074679194 0.296825394136633 -0.203696921040372
0.14425407454019 0.381123682760657 0.284416338045928 -0.261869682470379
0.335003637862683 0.0827102355369378 0.109832753272981 -0.347411124050787
0.225277065307668 -0.265247954244597 -0.127594071463314 -0.388910076150958
-0.00879792621585597 -0.314132263132365 -0.339911516536005 -0.25654656546384
-0.172167497842458 -0.248822048044681 -0.37227498739727 -0.114884466203909
-0.293726154242349 -0.110061064161373 -0.33674446457858 -0.020747702045767
-0.310303309113558 -0.0231487618591215 -0.240760899730865 0.031773293178
-0.325656427180591 -0.0402394563911786 -0.103366350468666 -0.0213742106803037
-0.271069043167015 -0.20856198447703 0.0542558685568337 -0.012474093283492
-0.0997229872086036 -0.328621877166303 0.150149606646319 0.0629309507250208
0.176544696935251 -0.388159759246949 0.0903278069480911 0.156727958529853
0.41409889046528 -0.0244134714831077 0.0520505318827905 0.11430713473894
0.249898044012937 0.378056699057595 -0.0344329908008329 -0.0153047973004008
-0.00933486793949367 0.490404587339438 -0.00762827917725546 -0.197866740963355
-0.0367294183922362 0.26873888265164 0.36001473958736 -0.35426165132548
0.108202327767974 0.244182639194628 0.247092948734759 -0.375564201431614
0.221572638768833 0.0489909755781131 0.065143128948349 -0.372644460587115
0.141473717364274 -0.167051808887869 -0.141808799117973 -0.382316664846071
0.00300888953552519 -0.197104551876567 -0.339298328632692 -0.280086404652325
-0.103048479902274 -0.165793436834267 -0.41712117031683 -0.156472921628555
-0.189259778469245 -0.0827931474727899 -0.418241277675556 -0.0464771337789688
-0.200467778595271 -0.0250173112578564 -0.331603110661919 0.0195742107545156
-0.216540836414953 -0.0440197978038655 -0.194450577108102 -0.0333116980311004
-0.171737286585903 -0.164488805631953 -0.0301205920222303 -0.0510963724987679
-0.0353481198255056 -0.234352693162568 0.091263869144971 -0.00355041887004834
0.154843826622798 -0.236473975245853 0.085221974709209 0.0879817279608762
0.273693798602398 0.0187793200173709 0.0785599542943932 0.0812304010542861
0.154158422306855 0.265604695212216 -0.0412585236089782 -0.0349603627860127
0.00977476144721601 0.320703270767319 0.00763024040805341 -0.309889897344996
-0.00652996180973609 -0.0919256097086734 0.00867579400643045 0.396498384184046
-0.0677494679636479 -0.0773793771387205 0.157112694141543 0.103208801201337
-0.0912053354242033 -0.00994014347521295 -0.0533041404587162 -0.0991280031660282
-0.0682235695373432 0.0569331151075415 -0.135280004771639 -0.0662507643107152
-0.00981430420996098 0.0817439029430608 -0.119058447478579 0.0607374826362539
0.0357167099560284 0.0638052851407661 0.045921709788187 0.14725062152805
0.0535826598072849 0.0427892726177251 0.236671916470393 0.0901432993124589
0.046356370328253 0.0254715246562041 0.377833640607565 0.0240600453066589
0.0410042581615642 0.0373880298646948 0.461583725983854 0.0320676051606532
0.0197541000882045 0.070272087916736 0.456069286226427 0.138489545594575
-0.0181601176357548 0.0856715955832742 0.35802091709963 0.252390520453828
-0.0871086225250539 0.0608355382689349 0.195890473421256 0.361255427209353
-0.11079110082626 -0.0223060793079612 -0.0238743964162754 0.395323545731642
-0.0640428611380148 -0.108617394330271 -0.219209221244137 0.425667012611537
-0.0113204643819788 -0.146959145678724 -0.37981953896557 0.478028327989461
-0.0275304475898776 0.120157883958954 -0.0160559064080154 0.420273685124661
0.0545320347451179 0.101892488313389 0.161983147394897 0.138093398472547
0.102518701725943 -0.00928311850338229 -0.0111042032561946 -0.0811629236914302
0.0247027038437641 -0.124741473416777 -0.115914977584545 -0.0950783636437328
-0.0651199242660806 -0.0822756995299458 -0.147309250479383 0.0461830822188041
-0.0862578091947067 -0.0320846602059703 0.0207671860795718 0.153972028318577
-0.0994248412294213 0.019523387030945 0.218940283389226 0.106578353493525
-0.103428076276711 0.0251813599434607 0.365558920839673 0.0355166089148028
-0.104264603365572 0.0110093242809711 0.449092293951815 0.0233565638237214
-0.0806101942340649 -0.03856612980545 0.455037348471947 0.125447498991905
-0.0312131292394651 -0.0570759858473999 0.373724575360584 0.242170656601997
0.00990930367189382 -0.0732238089416825 0.22136510513486 0.360345300958939
0.0501134353037015 0.00817771369993456 0.0104958692464428 0.400399111300847
-0.00306273629970254 0.0779852187198916 -0.176047975042556 0.410966172663026
-0.0744221747487391 0.0757403323180586 -0.329959377331876 0.481103097534463
-0.0641029397008541 0.300628480793443 -0.0215733949623895 0.379331537355381
0.142360287972755 0.266637055762386 0.165477768779441 0.157628768214426
0.269691511174204 0.0074789650078345 0.0587611982572575 -0.0787284706876209
0.120256506384517 -0.271450154624351 -0.0873568678869317 -0.163538089119833
-0.0945475433776965 -0.233477324493599 -0.199082158418755 -0.00648576357951213
-0.183833183573037 -0.13422186038972 -0.0468305067925753 0.134684174634941
-0.236978693055294 -0.0165286018212954 0.14980456947602 0.110032854260329
-0.23913495092982 0.0212673315123878 0.297348496912599 0.0438692930970763
-0.236901886552564 -0.00514855260723252 0.385714354394012 0.00746039332909693
-0.181369817916829 -0.12426667960903 0.425318575105267 0.0943115120098617
-0.0629393299697344 -0.182065123918803 0.384908307930161 0.214135054479323
0.0758861004101572 -0.215180902775681 0.242458040069796 0.35498289378259
0.205391144099223 0.00322788010668262 0.0338176614819273 0.391513078124667
0.0855323800112564 0.237013346500574 -0.139789002860315 0.350761368685106
-0.103151927358069 0.290700311156937 -0.254724907643277 0.413444228237897
-0.10574555336061 0.428436306200764 0.0136293103107631 0.284923222276889
0.186702924339761 0.394701382230561 0.20120604784107 0.136532821481781
0.382931541407645 0.0367299648287924 0.134481089732304 -0.125572883594122
0.201492704352573 -0.359096075932582 -0.0767774744605871 -0.257695716914094
-0.0952522230841846 -0.344318110642872 -0.261864345567763 -0.0771116826612268
-0.241636740116245 -0.223302477429271 -0.139505479139532 0.0905913384499219
-0.334049266489946 -0.05883067552155 0.041304387638719 0.0963559279158749
-0.340443730631723 0.0144943361136732 0.182398307792927 0.0496751794396334
-0.338271629892585 -0.0128480690010948 0.281526339512882 -0.0052250209608775
-0.269009740739143 -0.180033058226434 0.363032337650851 0.0615034188838571
-0.108892214417432 -0.27807395876158 0.373033887182283 0.184812304383106
0.109745285711977 -0.34685789039998 0.235679580029688 0.343910979771059
0.338961727532019 -0.0327829035103192 0.0330607730006641 0.355568439321518
0.187898911774379 0.348695741585782 -0.111738415178903 0.248425344481003
-0.0961157658091316 0.462468848383685 -0.170290383244308 0.285467268317721
-0.135819563802854 0.492648071567127 0.0950980584607435 0.146404167464689
0.196752228470622 0.468153566402717 0.259174152444548 0.0436855971502787
0.432241386246518 0.0710630147661364 0.171915043349642 -0.213794696053217
0.253634679848544 -0.381719575806955 -0.0932609148991848 -0.339343150381382
-0.0726273295194639 -0.399568928444681 -0.313883892372701 -0.146262532165218
-0.25711446569483 -0.28164224402113 -0.233601423385155 0.0281472058893303
-0.380875950792495 -0.0931905880164863 -0.0901303736738723 0.0661177730823146
-0.390496679581455 0.00505569916950396 0.0384717592068168 0.0513574895257259
-0.39448159487174 -0.0158135188419492 0.151876601958593 -0.011179148096797
-0.326954687720327 -0.210055432974142 0.273894239114994 0.0357447233832789
-0.147051063947532 -0.342803599557181 0.323537946527444 0.156073199783845
0.129252607451831 -0.445528575849897 0.193125887498162 0.311158505826132
0.435004901990994 -0.0701066941032853 0.0204440012126188 0.281694390144071
0.271890674659949 0.409549184875639 -0.0831282018628328 0.129871794177326
-0.0630909066975021 0.565478827314472 -0.0950841248806697 0.121949154753038
-0.134440081560783 0.486894914287048 0.200672775376142 -0.026045952709885
0.182608463945177 0.467030664876162 0.294690616988516 -0.1052107018206
0.41699766143279 0.088109762130049 0.156014541071248 -0.296131358115991
0.264405346198793 -0.348601644027902 -0.115208578305081 -0.381362489146166
-0.041085169242993 -0.392264821012788 -0.339307335763282 -0.205675617198408
-0.235155247703549 -0.291668798858647 -0.315619531522314 -0.0428545632451109
-0.369186557530128 -0.110038335091508 -0.225025918189604 0.0260888852827429
-0.381853507534534 -0.00600333006261334 -0.111309377665584 0.0489410598462537
-0.393368458463853 -0.0223792565141211 0.0160430599297468 -0.0130089358793604
-0.335968530033718 -0.220301215784194 0.163017765779348 0.0145157010144084
-0.149114730268012 -0.367422088709884 0.239939387814351 0.117764330930341
0.152339165863097 -0.471878175969959 0.133062221765786 0.244138396222728
0.473388600448129 -0.0697675385914925 0.0233910638128685 0.18672996327513
0.301988268768617 0.423882068428207 -0.0542148369077798 0.0339277396162043
-0.0294070597210149 0.579014916383743 -0.0426330766791735 -0.0499696090922366
-0.0959347321202899 0.4120443408171 0.297246243048892 -0.205078493919318
0.157509817043785 0.386862689100742 0.286830331988594 -0.259164895471996
0.344195303061711 0.0761038467502056 0.114428223693869 -0.347718927493649
0.22278688886208 -0.277177576100609 -0.130481490100093 -0.390633189329647
-0.0180167300889026 -0.322629699128493 -0.344918503339184 -0.250604787633387
-0.1861412351803 -0.249816677247873 -0.382413775025837 -0.108839024723609
-0.304854135960561 -0.103597904191233 -0.345645211765418 -0.0106179416457438
-0.316915901511423 -0.0142985689942476 -0.243979996707287 0.0420695038625264
-0.333967918779975 -0.0317608267019336 -0.109376818566229 -0.0165234254560817
-0.284644072107604 -0.208478239201723 0.0506510641247696 -0.0139407939778524
-0.107425371553382 -0.337466688886408 0.150677055545009 0.0581286073559468
0.17283990065535 -0.400579979493145 0.0959946542907771 0.157493494467634
0.420609747855055 -0.0298698208633842 0.0528033950086509 0.111873620086555
0.260035621501466 0.381701938561851 -0.0402041395640245 -0.0161038868447398
-0.00360746048369049 0.495575016175995 -0.0137219356515161 -0.205098678082193
-0.035251087526927 0.273982189451897 0.358525184362748 -0.358101853993365
0.117323565701158 0.24734518386176 0.246210587995158 -0.375917813080845
0.227053812990924 0.043845510541331 0.0680930020413971 -0.375383861140376
0.140910539118617 -0.173634061087394 -0.145505410600584 -0.385889920860999
-0.00208175827644453 -0.203147613384481 -0.346110043776843 -0.275827261615822
-0.111654124471629 -0.167088069019205 -0.430598366593996 -0.149501017860186
-0.195851969997939 -0.0792384325237165 -0.429167877567054 -0.0356576775716512
-0.203614581223602 -0.0204054977425639 -0.338961631664403 0.0320153024879636
-0.221115628265396 -0.0391696120507753 -0.203988358004281 -0.0273979643894143
-0.18050281955931 -0.164520775678775 -0.0369533152348586 -0.0527207761243372
-0.0400143573708543 -0.24036160832264 0.0904978049363176 -0.0102923410021028
0.152262129196116 -0.244950628696386 0.0906662324263539 0.0875402914871584
0.277581259546499 0.0145197488377411 0.0787805316572915 0.079970259097506
0.161692711217867 0.266550353340252 -0.0502353121224083 -0.0357946319671956
0.0142172340392075 0.322485512475871 -0.000870266363800553 -0.3184032759929
-0.0130414073915762 -0.0942882249249045 0.021860568719806 0.415396082609332
-0.0749448493922701 -0.0767119368770788 0.175159331709961 0.102580414765856
-0.0938823541061989 -0.00558714034452408 -0.0557542226811289 -0.100452623799588
-0.0669927140537427 0.0617869702136028 -0.143251056047228 -0.0586144677571804
-0.00700614369487044 0.084798467789993 -0.119214137670467 0.072081311448956
0.0410758354116439 0.0657265064156302 0.0608843777272128 0.152060770164237
0.0597992030157141 0.0423386870931803 0.254332042472562 0.081498409226657
0.0496581728884032 0.0253427450015623 0.393758433524408 0.00194962771784121
0.0440621142119234 0.0383641759991239 0.480564235380971 0.0097837050698644
0.023393541841023 0.0722891970051272 0.478657615253215 0.122542674491407
-0.0149496207340759 0.0879454470632122 0.378700192018368 0.24939164592614
-0.0875119962590226 0.0665661914223849 0.214007902504277 0.365474792778076
-0.114797257112694 -0.0183077864794415 -0.0161628054944188 0.409952046215338
-0.0689480835095121 -0.111265167052325 -0.211964166672501 0.443091449754921
-0.0172350540489863 -0.150283456125164 -0.373369983196862 0.499784812426653
-0.028585157118713 0.12429308188908 -0.00309423770039655 0.440759628729087
0.057577266599971 0.104905698845799 0.180378562669787 0.138969431482273
0.10546171300301 -0.0112179079629132 -0.0108968672214517 -0.082147840346152
0.0223171023269799 -0.130069017063039 -0.123285005671359 -0.0882122710741053
-0.0709902493807449 -0.0840610581651701 -0.146106535988168 0.0593669811307859
-0.0912693056794621 -0.0296340499990177 0.0352915146341082 0.159559616361865
-0.10162169711927 0.0259959335616333 0.236216634256429 0.0988767222692177
-0.105795966907527 0.033107845355846 0.382366460529005 0.0161247675324778
-0.108711744533632 0.0184015509119044 0.466721644796436 0.00219980430462385
-0.0872278176743675 -0.0353554427909863 0.477599706713584 0.110312167955296
-0.0356742346323399 -0.060086260686985 0.395390081128553 0.236898264499878
0.00632294666731633 -0.0783991932202647 0.240558115895015 0.363896632563641
0.0545140045818829 0.00570268714738384 0.0198431873300786 0.413098329322162
0.00281627986193134 0.0814662284659433 -0.168887981472678 0.428022644131889
-0.0754782137371848 0.0832842500590817 -0.321390804477754 0.499368564380729
-0.0606669909086976 0.311890716714208 -0.00983787165431416 0.398304036499681
0.155243942351209 0.273521202564715 0.182800677909674 0.160192575258682
0.278769845241609 0.000997759594088108 0.0623326034000376 -0.0784786157415216
0.115047573314483 -0.286486101774115 -0.0944511499782198 -0.159179366753242
-0.108464136967716 -0.240037941781401 -0.198407060399493 0.00681474729675921
-0.199132446328198 -0.132189707376965 -0.0365931306713514 0.141569505052559
-0.247137796302781 -0.00520731640058456 0.165292000184075 0.105814225600021
-0.247544832697245 0.0357359096776952 0.31315090826679 0.0294827293688913
-0.24698429828893 0.00843527204476816 0.400020337514078 -0.0100714412392802
-0.197423420569486 -0.119547283465613 0.444956472775166 0.0794788657681412
-0.075781095905087 -0.189586709034106 0.405676052332806 0.208516245000913
0.0677920243595379 -0.229368005591798 0.263092108222631 0.359601449181713
0.216038277548308 -0.00662215530921603 0.0428281608245583 0.40284876950986
0.101624794748932 0.243904320377012 -0.134280020811198 0.36260157737777
-0.0973851661541987 0.306254034897233 -0.245313643215221 0.426990342851003
-0.0994725693362277 0.445017150330229 0.0241662696930106 0.300700381118858
0.208707944702425 0.405302481747496 0.217522453688571 0.139425380537465
0.399083675704575 0.0257373751324394 0.140647996759584 -0.127228473680132
0.195140193515864 -0.382277986179177 -0.08510196944297 -0.257208789333854
-0.116480069102934 -0.355887231032793 -0.263784456199769 -0.0642537835730962
-0.265087526279526 -0.222384021518773 -0.134637785229007 0.0990027548309976
-0.351669441578866 -0.0436041605618088 0.0504552932180143 0.0974555185991045
-0.352247094525614 0.0339931261803234 0.194307643521812 0.0413839350755671
-0.352738980000019 0.00596794809838693 0.290933277420294 -0.0167756258183511
-0.292098026542843 -0.17376673076111 0.379073218936778 0.0497033573262391
-0.127833658234574 -0.288172436545206 0.390784416953792 0.178095073121041
0.095792843848495 -0.369304375818209 0.255415314732768 0.349014083159663
0.353268296003692 -0.0486770569752583 0.0417116470826747 0.364184514524126
0.21049576211338 0.356906918048943 -0.108713947251666 0.255952359822592
-0.0848476009256385 0.48336622893752 -0.165189945124693 0.293809964597811
-0.127949859275821 0.513506164531452 0.103122652803042 0.154939021338331
0.223027916162002 0.481792472943833 0.273037377465018 0.0435871176121154
0.451684019337302 0.057656803933642 0.177442577667962 -0.219135618375581
0.247758416389125 -0.409212886434271 -0.103522400827569 -0.342508700871132
-0.09578229336648 -0.415437896817255 -0.320389751862152 -0.134102690295485
-0.285218750164192 -0.281114864612713 -0.236513125729963 0.0386047988125774
-0.401736888648404 -0.0774689745060682 -0.0879217277703141 0.0728756493743111
-0.405321479442453 0.0264222110175023 0.0451531837199319 0.0518682519361405
-0.410476094577466 0.00450193050425721 0.155862104662717 -0.016049563818968
-0.35468111031836 -0.202858575933041 0.284904416139456 0.0271316959252485
-0.169740662017683 -0.354620431333495 0.337326371068253 0.149840941662837
0.112926738980496 -0.47178235792874 0.209910655103087 0.315039014009483
0.451404534924804 -0.0882450058070826 0.0262748599439223 0.286298484870718
0.298412112870745 0.418116560246697 -0.0828518012200451 0.133254329660216
-0.0487888112853209 0.587073544345764 -0.0945406117121465 0.12343920550559
-0.125044187972084 0.5085005561829 0.205749711163607 -0.0277516899425559
0.211494976882652 0.47850856913454 0.303081561270106 -0.10927293407368
0.435696945640622 0.0741231036455885 0.159526202721396 -0.30471922471343
0.258499511602645 -0.375780688257316 -0.128359777078114 -0.386529376508815
-0.0639870809800636 -0.408078471404261 -0.349783292474047 -0.195049886546378
-0.263235448712388 -0.291928047170196 -0.326319043436383 -0.032106114525962
-0.391271930991078 -0.0939482117275714 -0.231254525426152 0.0393414032977413
-0.395963832220235 0.0146742235587344 -0.111207064233258 0.0577887939048605
-0.410213429921585 -0.00270332467002608 0.0134817013385503 -0.0109189222353088
-0.362201452528994 -0.2139795671519 0.167135608068961 0.00983791449274764
-0.172275357491094 -0.380737600585535 0.248067949980178 0.111229426915171
0.139723637293148 -0.498152057377924 0.14623074587438 0.24669665412686
0.488330250605358 -0.0890026375073414 0.0285947262202455 0.187183398820332
0.328419065109233 0.42995775686187 -0.0577620505931404 0.0343185894816034
-0.0127122622475503 0.596543620113412 -0.0479912229617447 -0.0549979769440511
-0.0870443450645897 0.429192651496449 0.29837189385682 -0.216581766442723
0.182185418343689 0.396033767056618 0.289481088150976 -0.268829735363624
0.359585679252775 0.063742257811383 0.113984743224006 -0.358470114290498
0.21659724703915 -0.299040915630809 -0.144859741090046 -0.398044717389417
-0.0363360008039152 -0.336046386989577 -0.359728375849806 -0.242758592547535
-0.208974701351054 -0.250209250013652 -0.401115949423053 -0.0962909227139971
-0.32329281474977 -0.0908371725138747 -0.358312640604289 0.00760207186332823
-0.328933494723002 0.00132862869985877 -0.249335864219057 0.0586110387153019
-0.34852945893052 -0.0158841559193746 -0.117374054025021 -0.0084918034644432
-0.307594828150693 -0.204039493215812 0.0475986926297698 -0.0159935353162007
-0.125690311453627 -0.349838800492561 0.15444435068316 0.0501835813944144
0.161702642024821 -0.422952469916958 0.106568549602018 0.157661233382957
0.434769717514846 -0.0449391032601088 0.0567814023918372 0.110697204620894
0.283378949888799 0.385216405330448 -0.0476744717114194 -0.0167462172046241
0.0107493839220113 0.510400101268354 -0.0239140827367847 -0.214374034873323
-0.0283818447019181 0.283916051372885 0.35653539083293 -0.378749380687049
0.132654683324562 0.251766069879877 0.242853131006703 -0.387007955450492
0.236051681693762 0.0349356736169875 0.0652351002727636 -0.386284406788811
0.137921010078181 -0.186414119008726 -0.160724804082173 -0.392837216903777
-0.0130464587756464 -0.211812051382917 -0.364798960765053 -0.270091689116749
-0.126830685847584 -0.167730728129055 -0.45272882643126 -0.136244943010038
-0.208240711523631 -0.0712927681189831 -0.447342274608223 -0.0132065976720507
-0.211961452479603 -0.0115583277409172 -0.349018472458457 0.0526591848832603
-0.23087643429169 -0.030319924708038 -0.217019020435581 -0.0158209130049538
-0.19574110141192 -0.163380768236495 -0.0459496211498959 -0.0534610715839711
-0.0514217053273938 -0.249571784881438 0.0892969244715152 -0.0191214152930242
0.147545767093413 -0.260039076279526 0.0993226468834684 0.0854744929978154
0.287445842716384 0.00525456593523627 0.0826128001742037 0.077482600771801
0.177616362952909 0.268049242095273 -0.060287210138593 -0.0353540991689563
0.0254030624189669 0.329115371343493 -0.0168097367477563 -0.33173837403638
-0.0230531739559857 -0.0950327971079455 0.0494986422304271 0.4321368163651
-0.0843958870336258 -0.0723499039277896 0.196016113345425 0.0940613100213974
-0.0960233436863525 0.00253034688353336 -0.0610146946968448 -0.0991309004445928
-0.0634715053768722 0.0685021805284681 -0.151532967376257 -0.0461139304538033
-0.000776326706268924 0.0885103792560381 -0.115424108247932 0.0877845928650268
0.0484916019523705 0.0651017986593719 0.0811112071659754 0.153451470263203
0.0671119114339278 0.0398177462852033 0.272706144296501 0.0612756005191694
0.0536812493663049 0.0236925874674868 0.406175019877481 -0.0310495925262399
0.0478783709885608 0.037493766014042 0.495333520153338 -0.0288418590925088
0.0291532950714657 0.0740031372161939 0.500786625300039 0.0911596375699804
-0.00858234519231158 0.0905396534598028 0.40621319347598 0.230046459421086
-0.0851524823690594 0.0750095070387878 0.242342646248631 0.360342963858692
-0.118222256779082 -0.0103551937354975 0.00514972019800727 0.424330429665192
-0.0771629386909648 -0.11086841720169 -0.187755928862206 0.463871614339697
-0.0263334998718889 -0.15059365025616 -0.349479561684457 0.526414804697978
-0.027153313030061 0.13041241768868 0.0256714500502095 0.458773092701218
0.0641289781793352 0.10688491816389 0.202782958161619 0.131205698370025
0.107104197955458 -0.0151239711575951 -0.0133668484993626 -0.0817318942326927
0.0147520259597908 -0.135653744780078 -0.131176786408648 -0.0773807293650325
-0.0795594301755851 -0.0823148938992637 -0.140731915771833 0.0756511374415077
-0.0972487945665674 -0.0240733127462055 0.0550585587815372 0.162619458593411
-0.102358580717839 0.0353710565612361 0.256812731888214 0.0812693410639631
-0.105897294896212 0.0442976738446618 0.396098202431907 -0.0165358468202693
-0.111028210431272 0.0309788225228703 0.48058624991581 -0.033876092494923
-0.0952207339620278 -0.0281857985916345 0.501108101179374 0.0781089877663397
-0.0431867337755847 -0.0606791990184624 0.422584430089391 0.218975633342862
-0.00149700660622428 -0.0829173602269761 0.270219329546192 0.3596435999008
0.0585992582757355 0.000827279397711109 0.0412486473601132 0.424253822724121
0.0109821173074829 0.0835798283268201 -0.147816948003367 0.444698342942178
-0.0716382016603392 0.0932062303180177 -0.298259095191134 0.524231866112524
-0.048256998663625 0.325514837319333 0.016290597446424 0.416560432794416
0.175916846440242 0.274679454896345 0.205132441925699 0.155910961099219
0.287192257572531 -0.0141943876326496 0.063022590035258 -0.0812585303723058
0.101250188091519 -0.303333085402083 -0.105045984659735 -0.150172178018476
-0.131014910783057 -0.242265889969807 -0.195286303443953 0.0256991091710224
-0.217501616121245 -0.121985768613566 -0.0203352477705029 0.148086071835056
-0.254819130932643 0.0150818947244316 0.182641536523561 0.0942675642949973
-0.251452025619954 0.0591501995865557 0.326230156138734 0.00330893659966328
-0.255020405635111 0.0310947444464891 0.411562851193702 -0.0403381739656363
-0.216360934847358 -0.106759635662733 0.465126935916009 0.0512230438755424
-0.0949973561883226 -0.19207391173827 0.430170502230703 0.189247283157125
0.0489414815946373 -0.243723253923445 0.293335556385876 0.35485173451529
0.225413350074378 -0.0229153330606653 0.0643812936648332 0.410508657537543
0.124547625447936 0.245886354597334 -0.116802114373844 0.377212788266949
-0.0815314804104108 0.32378563573707 -0.225120197773202 0.445036557840712
-0.0788413881858256 0.464341105153555 0.0438961337990862 0.31363532618451
0.241817910183969 0.407850652679913 0.237297792459517 0.134148061769683
0.412879571050765 0.00443732597097502 0.141749457261551 -0.134095145002749
0.175080673708432 -0.410465805426866 -0.0991023477345734 -0.251907318066087
-0.147754132386416 -0.361538936281351 -0.264167177701417 -0.0440238238012384
-0.293711149690359 -0.209302172621127 -0.12640647252895 0.111198566073197
-0.367251016417019 -0.016570651563689 0.0637497134999537 0.0948623487145443
-0.360185864837115 0.0644002625227756 0.206194274687978 0.0273698263448328
-0.365220372081626 0.0374027029912889 0.298591504467046 -0.03741920032494
-0.319576082311676 -0.155521275953995 0.394878422365257 0.0256528384304567
-0.157199959153674 -0.291410564322561 0.413616924353534 0.158525769977534
0.0690542727947719 -0.391094202267913 0.28390691752209 0.344167989570914
0.364011920168832 -0.0755261327901345 0.0606956653614289 0.369641088205147
0.243784083465223 0.356012837138155 -0.0972994377947756 0.265058070789116
-0.0578768674613198 0.50478122594061 -0.151981367641081 0.304792907376634
-0.102859564216181 0.536834105530446 0.115057714373369 0.159159081452595
0.265888546056683 0.484670420111951 0.287892351598918 0.0336104413811118
0.470067664063128 0.0292613715042604 0.175688267828876 -0.230544133823221
0.224089128006448 -0.443320336449837 -0.122916202420512 -0.340264199513388
-0.133903623163239 -0.424209267215228 -0.328217033068123 -0.114064012165919
-0.320084938605494 -0.267497512237471 -0.236778243607993 0.0551788708663662
-0.421729126532365 -0.0454666789113406 -0.082568119787311 0.0817985298239634
-0.415235766534682 0.0607718467645054 0.0532544924908275 0.0494329377347013
-0.423642582865157 0.0395260358469237 0.158556330829532 -0.0260097402760764
-0.386101280861846 -0.181849508221336 0.294044644452527 0.0104466766030679
-0.204812507321314 -0.359261514045552 0.354488913948708 0.132398017727489
0.0812815685865038 -0.49919405639128 0.234804255346153 0.31079049570225
0.463300166312692 -0.122196544091491 0.0411082394785663 0.288547923676938
0.337052377435912 0.415542090083189 -0.0791807303842905 0.137102499216801
-0.0157255912275685 0.608285757925189 -0.0905638454900551 0.126110328460139
-0.099232349904529 0.531621140499958 0.208918672978021 -0.0352556572785234
0.253737203790134 0.481942956611686 0.308352501410809 -0.123465889918565
0.454825450089498 0.0449677050275024 0.153070481088271 -0.318452088274716
0.236258290637702 -0.408693241349658 -0.15014307341639 -0.386471135638278
-0.101291987371743 -0.417975990736754 -0.3633028140347 -0.17508175798529
-0.29840589999103 -0.279974518811959 -0.336409790981756 -0.0100498874769023
-0.41240038749151 -0.0644945449731288 -0.23387007855214 0.0583866579192401
-0.406647151969762 0.0483309068629844 -0.107441105505914 0.0696341556775003
-0.423062950357631 0.0311222750477122 0.0112836170118116 -0.00855586706454861
-0.394526355794723 -0.193388222073868 0.17039018741139 0.000507099684489971
-0.207076600358567 -0.384866878177239 0.259333554317527 0.0970137668920296
0.107911166886486 -0.527257474859755 0.165817401396219 0.242860826335806
0.499721416241613 -0.123942748370265 0.0392910276606283 0.185253311477418
0.36876955433643 0.424870358629736 -0.0601736094295634 0.0364304496450951
0.0219365681775224 0.613986690110516 -0.0551487747336755 -0.0576718715607356
-0.065811501583134 0.447008403267594 0.291942559859186 -0.236113607970199
0.2185703632464 0.396128128351926 0.283712202841864 -0.285596896572371
0.374842549926652 0.0396039267357026 0.103107237531405 -0.372136804380293
0.199596162356901 -0.325829647910557 -0.170226857947903 -0.397791009347168
-0.066330248783059 -0.345285984736761 -0.379311438880171 -0.223046471258362
-0.238429932432589 -0.240258853959899 -0.418904537682593 -0.0702106963905699
-0.341437212154598 -0.0660075664911749 -0.367642586611432 0.0368459835213273
-0.339020077322624 0.0281995191309423 -0.25055005325051 0.0817047555079986
-0.360339618990324 0.0107544406378079 -0.124740294167637 0.00314539458390374
-0.334918616426148 -0.188433677465013 0.0434202677965772 -0.01936790691268
-0.155832076748924 -0.355850997807924 0.157587842187669 0.0387794622184342
0.135907904332574 -0.448650622169836 0.121892628430033 0.153293090680583
0.443820650041498 -0.0747381568944093 0.0644709319202406 0.105935409995014
0.316767160835467 0.379168683236316 -0.0545764524225293 -0.0135883129464486
0.0412553135710052 0.520143883752624 -0.0425033469941729 -0.221258887837123
-0.012951874520693 0.293481097037805 0.340926350767281 -0.405905042678636
0.15611399568451 0.248414328995633 0.226851828711524 -0.405587949573585
0.244808475879961 0.0181180232465652 0.0489582407371317 -0.398676101744405
0.126130334686393 -0.202679215690888 -0.187449658670086 -0.393388738096773
-0.0322823145371715 -0.219091093254918 -0.388531331343179 -0.251324570526313
-0.146455126557085 -0.161208078589961 -0.477351310065974 -0.106195743720159
-0.220814525501085 -0.0559056118974407 -0.462184146194665 0.0234272671966187
-0.21876056147115 0.00486824024308552 -0.354404391020912 0.0843513877673829
-0.239789593388082 -0.0126513274983035 -0.228084196282741 0.00449259518551814
-0.215893663390413 -0.153481090270214 -0.0571870969437519 -0.0518219548454712
-0.0717405702250433 -0.255537112756905 0.0870498847700999 -0.0297903646501778
0.132327567858639 -0.278233367257137 0.110974321132538 0.0784015640590718
0.294671329022864 -0.0134854177140591 0.0891592500303867 0.071949391637773
0.201067292515611 0.262476269012519 -0.0716252460506728 -0.0313255592397757
0.0458698742680324 0.333948029586528 -0.0419621694989116 -0.34158305470899
0.0198651675621225 -0.10069165622483 -0.143447532836492 0.426614955271846
-0.0520142241052654 -0.103964299900583 0.148828901055583 0.176997121058153
-0.0891320226872315 -0.0347250580297193 -0.00859532128873091 -0.111252349395513
-0.0838479568077491 0.0384397678418905 -0.119119277628274 -0.0999671403478134
-0.0362026459274271 0.0816936707276421 -0.137814134005423 0.0387231271768871
0.0203005067922051 0.0799964064084095 0.0166214076827999 0.176373227902565
0.0503860363355294 0.0653998848291046 0.229136482142211 0.16939864634836
0.0417790658797245 0.0455526854329079 0.384188780079155 0.131360383859713
0.0293131259883938 0.052150019821165 0.466448678961711 0.171343497850973
0.000307457985689374 0.0777758724678962 0.417692905627817 0.286956514589515
-0.0428536661543289 0.0786653251451006 0.270085874189634 0.380404182328389
-0.101987966354713 0.036913577827153 0.061759623023029 0.428794588395711
-0.102260572833506 -0.0549403575640887 -0.185209796665038 0.385718454457482
-0.0252573550562019 -0.129217909023541 -0.374843453783857 0.33622056954168
0.0387195740513716 -0.14598251923655 -0.553880346148387 0.313602573997835
-0.0806602080453443 0.103343964813283 -0.170110232421332 0.44163091455735
0.00867046415939497 0.123028005299939 0.139728197225194 0.206335918775071
0.103691252036173 0.0364188220184276 0.021760050673055 -0.0790044471050469
0.071092093758531 -0.114562779994646 -0.0933484193967458 -0.121488234696522
-0.0354244518349031 -0.107935535191299 -0.16263316906297 0.0199653980130079
-0.0780564471984081 -0.0627890608085072 -0.0117271671025488 0.1777427236079
-0.106349796532429 -0.0084359821769911 0.205946581274799 0.182884759878659
-0.116407497657302 -0.00135650745860349 0.369904859006451 0.143299749475536
-0.114553854704035 -0.0171046883540121 0.454337132793484 0.160864210390226
-0.0750305577766159 -0.0656888387496896 0.42459702104556 0.271620929515264
-0.0134255240774896 -0.0757755085776491 0.295229655557238 0.373212359733911
0.0378190284929776 -0.0747133701312556 0.0922907527843043 0.439031845590454
0.0563124200148842 0.0299932680143555 -0.150436040445435 0.406137819544013
-0.023763977601989 0.0879305949573183 -0.333524136641642 0.338314929117141
-0.104353507688853 0.0590622280308821 -0.508536018811334 0.332647114758196
-0.185020176463823 0.273166919132495 -0.15733922622607 0.398652961432039
0.0426622564466767 0.326897169414564 0.128766031922061 0.223874544107052
0.26823802666848 0.113408567624914 0.088333863137801 -0.0493743968063097
0.217941957508585 -0.233723807314708 -0.0408470025740185 -0.178570219356961
-0.0164850115338408 -0.277045165525724 -0.196838814838066 -0.0473824159214275
-0.150483346691019 -0.203915012531119 -0.0776781371393702 0.135616206533199
-0.242039002241585 -0.0902958150734411 0.132791693997673 0.1656625627265
-0.259326959194233 -0.0483090642541699 0.297898017334273 0.135241773691208
-0.248076796132368 -0.07360644182645 0.39213290003323 0.126760064848355
-0.158641952359869 -0.18635260828358 0.403423952950177 0.23144862906982
-0.00971774948743875 -0.220436842881728 0.316694247063223 0.345177882616699
0.149230396176014 -0.202460169138269 0.121147062558766 0.441355348307613
0.219834744029702 0.0779924022802898 -0.121250091293277 0.406396425915199
0.0132180166975978 0.285708410129333 -0.280681944486642 0.288915730609672
-0.210861058887797 0.265658011937787 -0.409455825882456 0.292272696208281
-0.27628908318932 0.388271289566282 -0.0838358209560856 0.316917395389256
0.0480491012748292 0.47886317236598 0.166269292672977 0.214284169879587
0.376895827776596 0.18260327534071 0.18190599442016 -0.0649895297434242
0.328462977917259 -0.299634224811647 0.00665036509849086 -0.271290329763858
0.0167377301236403 -0.392707131769817 -0.235291821317113 -0.141615619656343
-0.186274877212851 -0.315587679102215 -0.160821346375834 0.0587154505894362
-0.335134862324119 -0.164862449503626 0.02176263239945 0.11821452429642
-0.363699294712154 -0.0878991850745197 0.178079706130483 0.10864093604257
-0.351622018679165 -0.11168548823904 0.287700292860786 0.0838586079715719
-0.2349575229892 -0.272611595877824 0.349275663785877 0.179368032982072
-0.0263545808949695 -0.338779206848484 0.313612970165477 0.308701959764613
0.227262438676882 -0.329317935065979 0.120489942543732 0.426083651355752
0.37119253213594 0.0900028756010371 -0.103721554429463 0.368279287884747
0.0753175907802172 0.437058077005947 -0.217466231135112 0.195827740450628
-0.265686344418359 0.438854473038129 -0.28190472890631 0.195424549903229
-0.329087275136492 0.445611565650986 0.049743750192644 0.203841869295196
0.0370090229108806 0.560693567157409 0.25342136801375 0.144906465792058
0.418663369933999 0.229791230856056 0.255904753907585 -0.139342112976117
0.385711561904084 -0.309012630423109 0.0221940373466472 -0.36493647052483
0.0539983332484829 -0.442445124516625 -0.265353166754521 -0.232788637116781
-0.188649438884985 -0.378770951427909 -0.242298533214465 -0.0386180969282617
-0.376020366711904 -0.214145247458857 -0.108073617305907 0.0454249077256496
-0.414506750847689 -0.114371747260406 0.0279791714455607 0.0694973049151849
-0.408596002779253 -0.133073101459131 0.153545631447787 0.0397875136755995
-0.287241584085583 -0.325438771802747 0.262998187551679 0.123879289439119
-0.0426802586314748 -0.421551480365272 0.272585044945202 0.256930442611803
0.283638317965807 -0.422663558408051 0.0919790914671873 0.372383164337903
0.479464232600086 0.0907157195047288 -0.082030197818101 0.285211703554318
0.134568167805064 0.52593637896825 -0.147218527821557 0.0896047441841664
-0.270372104276644 0.549697225425716 -0.147467165081496 0.0610600822983291
-0.326527840733236 0.443060234875013 0.21865125960558 0.0652219483081832
0.0308583967585422 0.553365689036771 0.338528519265696 0.00823520121811674
0.397681268589366 0.237572041771307 0.273597449145199 -0.230550470167954
0.380524288809696 -0.275003610889844 0.0163570240169776 -0.421323689957846
0.0791744514433441 -0.421125733677528 -0.272082155040408 -0.305895438571916
-0.163769291750135 -0.378647257441126 -0.308303348037009 -0.142698371458077
-0.360842512618436 -0.226926003947499 -0.23918028256474 -0.0384663389271452
-0.40148405927867 -0.124074069773959 -0.126151256517129 0.0241738593541841
-0.403877859453633 -0.141092714778936 0.0123664645895684 -0.00377891338266205
-0.289307719596498 -0.339187709454557 0.152760653997505 0.0645087135612766
-0.033500384212766 -0.447923976554203 0.19944218292517 0.18346956903577
0.316743270193933 -0.436398302159215 0.0621021029632587 0.280472427226744
0.510962416738658 0.105705281427935 -0.036813576913421 0.190981087852883
0.157338922485374 0.544508996293664 -0.0872487640605288 0.00817063890861311
-0.239721159129916 0.569839688644341 -0.0315812919705051 -0.0880615939944519
-0.261269205834365 0.382230701634425 0.378599959835177 -0.0858655039053765
0.0317309501218526 0.460503958046677 0.383021210066246 -0.146922084177087
0.324861710373309 0.197522832623225 0.252713183963357 -0.300590008898572
0.311656452391825 -0.211903059754076 0.00529245461053544 -0.441046106909679
0.0805057931412173 -0.338716061436078 -0.265732456458271 -0.359103363173652
-0.125177529730095 -0.316581120132718 -0.358148686127759 -0.233845245279959
-0.295571914056739 -0.199334984108964 -0.353625033518973 -0.114662975790798
-0.328520473833657 -0.113345130584508 -0.26281702174129 -0.0227952920183288
-0.337474293731422 -0.133650093337501 -0.118654264588087 -0.0465869468809935
-0.236264845251196 -0.310463286092051 0.044664441974812 -0.00489543701791078
0.00222053736529143 -0.397191394459691 0.132738039359846 0.0872925651398282
0.310044799241417 -0.351840496081919 0.0605317740742744 0.181001156240763
0.437876126476506 0.125591575500393 0.0193017513716959 0.130099683142504
0.129722062144622 0.479038086213587 -0.0608392062797505 -0.0355187686018311
-0.182556357498333 0.490823337655346 0.054684054734923 -0.230196577608143
-0.147361364584383 0.263980687537235 0.493372378620989 -0.223298579284796
0.0347264180947693 0.298805463964081 0.381012404056545 -0.275454864068267
0.21332378995313 0.123421061144041 0.216924584459417 -0.344821913599617
0.194673787755008 -0.128422922642482 -0.00849962684381324 -0.443540348479169
0.0600412206066821 -0.208431029599274 -0.257628522278083 -0.391511239013262
-0.0715874843429098 -0.205257420723323 -0.396418731129062 -0.293628184916579
-0.187072302418342 -0.14006746532252 -0.434741838901749 -0.166822510741311
-0.206993490961075 -0.0857696966001262 -0.358329416792873 -0.0623995276098458
-0.215909081343771 -0.108048941853892 -0.213828895972395 -0.0881529529329925
-0.139265019747644 -0.22970126333504 -0.0353571320788048 -0.0753392652262476
0.0383848280261596 -0.268426967271651 0.0951653105905524 -0.00270012360594471
0.235869132218172 -0.199637597218212 0.0800055574178262 0.114147579765569
0.274824273304116 0.115312288565038 0.0523190927019987 0.108867440058326
0.0727026501341757 0.321878674602968 -0.0660781872805919 -0.059909044093097
-0.0982504574287063 0.321026647133184 0.111164735489021 -0.336481434715194
0.00906971984447499 -0.0986597385355242 -0.110284958722834 0.435405432867952
-0.0602531599516712 -0.0971197200509941 0.166922687752995 0.165103375650942
-0.089407546898615 -0.0263625346074448 -0.0138082926346957 -0.107272280792583
-0.0788782494816241 0.0433999816355322 -0.123009135688006 -0.0849834457957445
-0.0288033869014906 0.0828604320336618 -0.132096026091868 0.0537486286408946
0.0277894626301782 0.0767801644549861 0.0374709054019214 0.175039591811625
0.0559924087653226 0.0598554715401874 0.244107374410421 0.146128335694015
0.046368238662461 0.0424675090448529 0.388391760618415 0.0957731847882777
0.0335714622398917 0.051004779659578 0.471040937000843 0.130041566461714
0.00574414270824752 0.0774527463050219 0.434615657015611 0.248195605429864
-0.0356556659099165 0.0804846756741944 0.293239493776208 0.354825158993628
-0.0966786955707142 0.0439080468317256 0.0887624964437934 0.415652099902319
-0.102953291832951 -0.0457076011264207 -0.157921386873588 0.391642797299121
-0.0324269421266929 -0.126361104795721 -0.343860065283321 0.350977483268543
0.0286963273668355 -0.14500980411549 -0.516923775113252 0.339869952444885
-0.077467585240828 0.108079623994958 -0.136145435199912 0.451444088150237
0.0147643651907243 0.123057509237383 0.158853281323256 0.194900405953771
0.104757358222562 0.031546713264322 0.0191769251030362 -0.0765834646416221
0.0624316017995313 -0.11842389806555 -0.099293045416954 -0.106940635967903
-0.0433166417616231 -0.104491857617067 -0.155148207768431 0.0384760866005469
-0.0823336026575604 -0.0568487069118983 0.00856473327705059 0.178040347409269
-0.104816221178633 0.000702509285641457 0.221628980615364 0.162371293927974
-0.113972413629209 0.0106240653873886 0.376251826212464 0.108723642032864
-0.114922798639598 -0.00402135944560088 0.458387351529381 0.119624534145596
-0.081321311256895 -0.057188472244871 0.439752362092008 0.234972683663758
-0.0203742765888039 -0.0757087648459167 0.316298893364602 0.345330516578112
0.0300264662253473 -0.0780121489411361 0.121969824224603 0.42364520876854
0.0604854346274843 0.0247551282578365 -0.122727531205491 0.408317243027717
-0.0143252310820893 0.0891097580552278 -0.305650945142927 0.348273000374553
-0.0988508332392014 0.066738931341497 -0.473359789322244 0.353276223312022
-0.168435247222468 0.28137130176196 -0.125094252931848 0.408310797377051
0.063553992904957 0.322998671487774 0.148191016225132 0.212388633162159
0.271763285600599 0.0972137275137363 0.0860292053243816 -0.0487480964330514
0.197392626679017 -0.246073194120641 -0.0503194045225379 -0.165454027231324
-0.0376001294616902 -0.272611544959891 -0.189595715160776 -0.0263568020259666
-0.165761829331792 -0.189187043212709 -0.0593902311608194 0.140626220140867
-0.245844765728739 -0.0678599934576902 0.148507837559551 0.150828199601116
-0.257993951395521 -0.0231452541025751 0.304866358087991 0.106936936883084
-0.251165183559016 -0.0478819114049786 0.395856392262793 0.0930772618583941
-0.174712740446201 -0.168915513562223 0.414977570526095 0.197220342682814
-0.0290281882616001 -0.218539517262432 0.335895853408613 0.318935035510482
0.127900440690018 -0.213647934760549 0.148816700313461 0.425676955251438
0.226263285333421 0.059842273237156 -0.0946146233856021 0.405170697712278
0.0367891432502787 0.281622199508877 -0.25671331109551 0.298029262307615
-0.189475791933897 0.277511625117069 -0.380558804840884 0.307746852791199
-0.249452917223926 0.40004446392403 -0.060554256415494 0.322197293728898
0.0813549327789868 0.472298185014565 0.182318505071202 0.203679323425028
0.384309079495239 0.156709104544175 0.177977372807848 -0.0701273021658774
0.29989307615971 -0.321972182535828 -0.00914126845093249 -0.260235433959319
-0.0174100859468187 -0.389631752207632 -0.231624830111514 -0.116360035379131
-0.212218061417582 -0.295931161710271 -0.148587960858881 0.070059708376283
-0.344364488525913 -0.132520068842021 0.0343432885324582 0.113163481928236
-0.365094383017511 -0.0537375879137775 0.186402391532066 0.0920186376949627
-0.356829669801412 -0.0767365059401408 0.288861113921926 0.0610424088597542
-0.257790962388117 -0.248425014988287 0.358073657106532 0.151084423097377
-0.0550656690654018 -0.335173183645011 0.32885177601373 0.281561888090546
0.195747956884564 -0.346187399024169 0.148432656564036 0.409370657788418
0.375159004304066 0.0608637287199971 -0.0794123204825429 0.363639766805296
0.108737050530335 0.427526220595374 -0.201336272105938 0.202226449265043
-0.233011139098361 0.45123028774908 -0.260840639387973 0.205000318873345
-0.297736282556369 0.462564644857466 0.0619102001019962 0.202723011662443
0.080135151920977 0.55228287712357 0.261859256109742 0.13006839424643
0.430177291811168 0.19876719072412 0.247220103644407 -0.147675108684564
0.355680543387999 -0.338330943616383 0.000890974830677418 -0.354517258360656
0.0143160238326511 -0.442131271879583 -0.268013260984102 -0.206708903006868
-0.22028511833068 -0.356678498445647 -0.237291843233718 -0.0201334693027105
-0.389190411447943 -0.178046244267035 -0.0995870759983299 0.0521563680151035
-0.416868874198957 -0.0748390625045709 0.0357759641701924 0.0668982845585365
-0.413619026385383 -0.0943719325245809 0.153517973429926 0.0281700962377098
-0.312202222910119 -0.296587657094483 0.26755960877017 0.103616630426106
-0.0772319706525705 -0.417089074015875 0.283169601410442 0.233514298519663
0.244276398689853 -0.441362672907035 0.117311527120232 0.358423098098372
0.482672989018705 0.0556156479168444 -0.0630455509644618 0.279385525161827
0.173594650966483 0.512799117136867 -0.139579856044614 0.0930350845599531
-0.23066529719713 0.558247139701555 -0.139209996798492 0.0652447257411556
-0.293082531100446 0.458937063438303 0.216186006047075 0.0547319088587842
0.0732562749604441 0.545719097519347 0.335577485782265 -0.00613436178193116
0.408703798713382 0.205329756076551 0.259846608929704 -0.237995676603621
0.350534895548137 -0.302450620038313 -0.00748335558431944 -0.411079128845192
0.0400860210196284 -0.423141364582337 -0.281290674222402 -0.27907308572017
-0.195847805434435 -0.357928212003615 -0.311725055021738 -0.116201132831732
-0.375499746092875 -0.189688588625852 -0.236099841704256 -0.0177356009120018
-0.404372217037161 -0.085932649541906 -0.120452862786647 0.0344862936824398
-0.410556976440015 -0.103481460458317 0.00922590202366321 -0.00131937901320904
-0.31623815652223 -0.311847346222045 0.152904101643912 0.0526655822350376
-0.0689440476751203 -0.441683017375997 0.206795882624784 0.164570056146071
0.277926062051135 -0.455828389889522 0.0825900193093116 0.269083212154438
0.511171159624027 0.0685089551526523 -0.0241486675701868 0.183943990840023
0.19306475206621 0.529202624061852 -0.0856769488069527 0.0111799117060664
-0.199294378030533 0.573280454396273 -0.038186722945991 -0.0886882677280447
-0.232480756453744 0.393414567381645 0.361917959640312 -0.105722232673549
0.0680781824061527 0.451996907822127 0.366601308401781 -0.162805290983179
0.333723381971017 0.169592278625338 0.233974019325012 -0.307380388709117
0.286889598369982 -0.234980399414406 -0.0213153911855986 -0.431651037162503
0.047756643215171 -0.34093326241435 -0.27951533716112 -0.332105774644212
-0.151716580575413 -0.298949175068934 -0.370579041692504 -0.201829625430157
-0.308213975126243 -0.169269462747778 -0.35643273667703 -0.0821983476207816
-0.332046079897716 -0.0824354145338283 -0.257936970897205 0.00098163922717787
-0.343038619751423 -0.102604839372428 -0.122181841717304 -0.0332615014981323
-0.259615467446433 -0.288089555865711 0.0390514517848576 -0.00773391877502845
-0.0286006441874879 -0.393517834583094 0.133567368808771 0.0725665145855717
0.276900899210008 -0.370187628500468 0.0750661466232291 0.171267395604195
0.439470492531807 0.0936321469438595 0.0280129684349545 0.120513503140839
0.160650643573775 0.464677981047598 -0.065220388846377 -0.0320362240385045
-0.146600664188333 0.490163844944133 0.0351195154799701 -0.231935142588108
-0.128691724130406 0.269070645991036 0.465479864190842 -0.249696434760524
0.0576309324524294 0.290739184975078 0.354712615474104 -0.287003659214568
0.217490786389656 0.105591787032169 0.19497089967521 -0.350568306359313
0.179989718223239 -0.14250337426033 -0.0379224323676288 -0.433501504988563
0.040373993159539 -0.209801503095873 -0.277586687508893 -0.364031337468237
-0.0890899200606296 -0.193705697505722 -0.412546118621917 -0.25685378326567
-0.196600703634068 -0.120208719697338 -0.440524630965818 -0.127217046037537
-0.210353006287267 -0.0673573332741293 -0.356539930157308 -0.0300901991724638
-0.221202790772308 -0.0879685676375577 -0.220552674459847 -0.0663142128896848
-0.155558074128765 -0.215510676579088 -0.0450216369622052 -0.0722729371354272
0.0169241060022372 -0.268395236417171 0.091014604259874 -0.013849969106358
0.215312950959161 -0.213500687850839 0.0907337226518421 0.103579887500047
0.278065503948038 0.0948921264862327 0.0588713572084309 0.0983734689512866
0.0958387161212208 0.310636851281403 -0.0762756295025768 -0.0548049907912424
-0.0755073393769968 0.320194739479002 0.0834428216917312 -0.34138083359706
0.00101869224551136 -0.0941039646605653 -0.084700672316245 0.435726393991299
-0.0656674551032912 -0.0895839039528076 0.179695880796506 0.152480912333237
-0.0869665337614721 -0.0196869926715404 -0.0150904346740531 -0.102456551982371
-0.0742202770481703 0.0472294829929805 -0.12382487926221 -0.0723189240971192
-0.0228797497650863 0.0831937881992836 -0.124036590103179 0.0652561238807034
0.0327456661874123 0.0727934506658338 0.0541590278177327 0.169991084306604
0.0593924895301033 0.0547043188775799 0.251769386470793 0.126111351554577
0.0482550541936903 0.0396630954338486 0.384656293582374 0.0668235528547891
0.0362334883788031 0.0494040211468684 0.466767589367674 0.0950831257079117
0.0104658375334154 0.0763120600882166 0.439423431488255 0.214432029476982
-0.0300916078927991 0.0798070345471003 0.305374218412754 0.328466453354647
-0.090378736392852 0.0482410829218175 0.107760778996049 0.398539359924764
-0.10105299109289 -0.0387233532128458 -0.137087461038326 0.390294756445342
-0.0376331318859535 -0.122769192119049 -0.315063947732145 0.354752406312688
0.0210670911094184 -0.141577835896642 -0.482821099424724 0.3484908962386
-0.0735313633955962 0.11106891393285 -0.108352294660446 0.451737266663289
0.0195121323273648 0.121669195634872 0.172159466545136 0.181892858863066
0.104008421003669 0.0278939473606721 0.0182867293849327 -0.0729050210542867
0.0545158445311579 -0.118013882479328 -0.100527690864255 -0.0939612804126464
-0.0481486713870369 -0.100194931628254 -0.145016074525562 0.0509213451311992
-0.0836721141641944 -0.0512656080973744 0.0260884615340549 0.173717397734716
-0.102239581830426 0.00769395106721374 0.231502141114037 0.141086748897421
-0.109218017494321 0.0193891761035204 0.373782314350274 0.0798736613937431
-0.112360124468889 0.00643488200348558 0.454809497424089 0.0870331733593968
-0.0850808434833829 -0.0489576722556645 0.444059200910463 0.202294266233469
-0.0265127973584189 -0.0735191894957402 0.328106369588148 0.319660952045877
0.023309233613158 -0.0795552566976863 0.141015753039357 0.405235106984721
0.0627273506677589 0.020165291460631 -0.102101171012435 0.403702212001752
-0.00567198535073056 0.0873652326256232 -0.279258059368097 0.349510522197811
-0.0928690024980954 0.0716315658890516 -0.440449604746799 0.360676290251183
-0.154671555463262 0.284402611448996 -0.0996374437968179 0.409287100664035
0.0780043966048474 0.314206790939933 0.161217882209246 0.200151816921858
0.270521523623558 0.0839441294505521 0.0849479623058687 -0.0479506670938864
0.178740010674474 -0.251954437989347 -0.0550779826600669 -0.153364622357766
-0.0543155628354685 -0.264773010873013 -0.179215846239848 -0.0108051164509937
-0.17536982540156 -0.175082909911852 -0.0430267502746785 0.140051030267268
-0.244956454921929 -0.0492631195389691 0.157704509059754 0.135876489974078
-0.252611255330892 -0.00353249206855503 0.30485441347938 0.0828819980091777
-0.248552570572997 -0.0264178108364355 0.390873814653737 0.0658395902535273
-0.18310684434549 -0.152031330849575 0.417958493252844 0.167828199570857
-0.0444371603333312 -0.21330922023317 0.345130241135673 0.293202885932947
0.109249597617913 -0.219455212304611 0.167091373645975 0.406065951023266
0.227419515133131 0.0438888110419454 -0.0746968980640942 0.397940032588625
0.0548580628710098 0.273912019348524 -0.234247495269751 0.298382969826698
-0.170918464895466 0.28191173744857 -0.352611808646815 0.31080111905721
-0.226193087753765 0.404759234349355 -0.0410938072922087 0.322246306625217
0.105957651380199 0.460575176416428 0.192827548764175 0.190845863384705
0.385087182973977 0.135581771467844 0.174015782692529 -0.0715306122792651
0.272630042369417 -0.332254085697709 -0.0180647381867658 -0.247467933490756
-0.0417095049559332 -0.381696274409297 -0.223223275992986 -0.0979476539087732
-0.228208391364617 -0.274833290387952 -0.135703490722608 0.0760656962019198
-0.346069158318725 -0.105741005830657 0.0438545217451681 0.106195794045672
-0.357613226421843 -0.0251724723442843 0.189187998276968 0.0763219106744828
-0.35373008604975 -0.0476735437187785 0.284447372113254 0.0425360194221225
-0.270366177514211 -0.225185050320364 0.358904457793177 0.126917889219562
-0.0777860293271102 -0.327342388640659 0.33577701818912 0.257392076656554
0.167124335051717 -0.352636214014279 0.165752936234855 0.390751028634471
0.373946232940415 0.0377380864388294 -0.061916579172835 0.354009557915184
0.132938558284559 0.414428563640887 -0.186799576938678 0.201521101098091
-0.204885916726667 0.453459257144566 -0.243177300607169 0.20649980739662
-0.271301275504 0.465992818162263 0.0708286746467808 0.200293393125327
0.111118057311832 0.53968833488332 0.265252576045302 0.118050970555416
0.432865666347634 0.172607506790081 0.238191915917514 -0.150137423629652
0.323502685136178 -0.351712309053273 -0.0126787917302349 -0.341588526883469
-0.0165093990285483 -0.432937306421427 -0.262960458142236 -0.184089250249564
-0.240283792687088 -0.333036862525394 -0.228563583371899 -0.00650619996874656
-0.391828330623968 -0.14505418552817 -0.0919428478677387 0.0564127990533808
-0.410160324182906 -0.0422667913428895 0.0416273868314609 0.0617650034837969
-0.410099722716403 -0.0613704067605057 0.149920374683817 0.0205454673801835
-0.32709645435646 -0.268929187759712 0.266308058166427 0.0866380701217915
-0.103078624644033 -0.406087294000337 0.286650261661439 0.212709495041839
0.209581380111388 -0.448592009883451 0.133617338824557 0.340817169524162
0.477903061347095 0.0273345787644069 -0.0488484406397164 0.269739690247046
0.19800640315116 0.493491995328363 -0.131901436220007 0.093966522166968
-0.197459323987375 0.556693515490132 -0.132315248874419 0.065016491291394
-0.265848395826902 0.464523720166892 0.212427148084336 0.0475886415017314
0.106200603335217 0.530214287058923 0.328972804615574 -0.0176738279952849
0.411400968486195 0.17780138267273 0.247256904474276 -0.239623936917259
0.320590456880859 -0.317214388334772 -0.0239200852362941 -0.39755368731524
0.00942311118257655 -0.416069965968013 -0.281108260107185 -0.25488652963709
-0.216465216165017 -0.334394074486771 -0.309047099482613 -0.0948710209336803
-0.379988924646198 -0.158468083764407 -0.230275944108484 -0.00241312564948076
-0.399138322619615 -0.0546809200602037 -0.112895371568393 0.0414401270468068
-0.40688554075818 -0.0715674710545599 0.00705751708766053 0.000741126757798835
-0.330242901703287 -0.285611976928835 0.15030387792859 0.0442781932349695
-0.0961959701463926 -0.431647685577112 0.207535843805154 0.147519916962966
0.242812630620255 -0.463616245280161 0.0958251061764513 0.254575300172543
0.505531292640346 0.0412761996648836 -0.015493443369521 0.173395595051426
0.218241045362546 0.506714147925682 -0.0846235861909286 0.0125745409736021
-0.16572904824673 0.56809081211842 -0.0429990786365644 -0.0878326053938797
-0.209109578704905 0.396250086671376 0.344633707926082 -0.115971604682313
0.0950666127961699 0.437351362609021 0.350928479322633 -0.169212212866983
0.33527144514452 0.147228493942552 0.218664182287889 -0.30734093492409
0.26176271917505 -0.247157592478737 -0.0393969925175523 -0.417531410863573
0.0232572226674153 -0.335457048528331 -0.284254310664183 -0.307699314889752
-0.16914712070864 -0.279665893011658 -0.371996736371254 -0.173477238373901
-0.312171933491074 -0.141356247977545 -0.351848659384207 -0.0571358108895742
-0.328360818243573 -0.0578953537821622 -0.249657789407967 0.0176053952491934
-0.341601551967655 -0.0763581359677703 -0.124010223548731 -0.0215848673892
-0.273429278437144 -0.266795235049849 0.033976519672983 -0.00879432154485468
-0.0526655688326642 -0.386553992199388 0.130543986528692 0.0610255465111163
0.247872482975828 -0.376990967864713 0.0854759358741704 0.158755056115147
0.434449901252617 0.0704477002264518 0.0331679631575511 0.110447321556709
0.182283813060581 0.443736113585812 -0.0687923640347689 -0.0278124311097436
-0.118133181871297 0.48394728180449 0.0204849681138215 -0.230544155539843
-0.112739957847609 0.268547172749764 0.435348817918995 -0.260662790034582
0.0745365014147549 0.280116250530848 0.332806586744807 -0.291144269886857
0.217619059893762 0.0903089284436918 0.177663266891079 -0.3491103798806
0.164699189277936 -0.149091974377268 -0.0578100989148307 -0.419991732504512
0.0245694138046887 -0.206902315904272 -0.286890262152814 -0.338174324843513
-0.100431313012426 -0.181202921942479 -0.417773829183016 -0.224087525575456
-0.199951564832654 -0.102541690112444 -0.437110108404351 -0.0946858762827996
-0.208163268391536 -0.0510316415446529 -0.34686822168873 -0.00522669856002082
-0.221283961603847 -0.0706040567314608 -0.221165146728873 -0.0479722379319764
-0.165952470180083 -0.201672430238344 -0.0534415779686376 -0.0676525498947613
-0.000132709649291904 -0.264509252218975 0.0844550628681912 -0.0226652412505359
0.196124390487166 -0.220564583668464 0.0968630960225266 0.0919999071255302
0.275583100672357 0.0788052752725771 0.0614553955302211 0.0886948213664801
0.109684643038864 0.296651329815445 -0.082688677398298 -0.0488724644774428
-0.05781375964973 0.312560199420873 0.0605100827935395 -0.338151990185815
-0.00413759062346115 -0.0896227896464022 -0.0646929941181302 0.434394370571985
-0.06901807091182 -0.0838872963333197 0.189531037174881 0.141915035493051
-0.0854124080868126 -0.0144778352332743 -0.0151350451213015 -0.0992034726751826
-0.0702237716055326 0.0500611183206972 -0.12254399314908 -0.0626767695839432
-0.0184161099672933 0.0832401133090739 -0.115612714477002 0.0746039953020043
0.0363993168644515 0.069249233858928 0.0677335712675025 0.163562174658224
0.0623905625600918 0.050233228068163 0.258195141819758 0.106849284311365
0.0508264280379668 0.0364144158080244 0.380588171337128 0.0444864493058393
0.0386386474969585 0.04775536564442 0.462203231867297 0.0674198439255749
0.0138593555622185 0.0755889370265477 0.44201728574698 0.188217443464431
-0.0261356480791124 0.0793962261920841 0.313737137601613 0.307431577388874
-0.0861498979236883 0.0511144360943131 0.120601707710346 0.384961107401554
-0.0990725381676701 -0.0336154875902896 -0.121443029506505 0.387659861712063
-0.04163158618159 -0.120926009708826 -0.295692325509298 0.354576671616202
0.0147008028313047 -0.138774982626741 -0.456699822651777 0.353556857423573
-0.0703752037188253 0.114082602106685 -0.086253675494512 0.451472000787683
0.0230753463831444 0.120724493416149 0.183349595775472 0.170400716773923
0.103644716272689 0.0258152688498263 0.0189102496128613 -0.0710911557155605
0.0483429143850462 -0.117710329413609 -0.100172651240885 -0.08418068710521
-0.0522519788993148 -0.0963365488993093 -0.13507617288908 0.060037896010092
-0.0852028724680088 -0.0468343945722473 0.0397899860760758 0.168391960027441
-0.0993634698387844 0.0132182492570007 0.237935973089751 0.124597683855279
-0.104510610945635 0.0260088962215942 0.370327638907785 0.0579453292738028
-0.109136944571445 0.0143014180039104 0.448627631024081 0.0617536708670038
-0.087140547164863 -0.0421223721010224 0.446495337721751 0.17540777282945
-0.0311632168890418 -0.0718549272391873 0.335707664102184 0.30026550365382
0.0178302987977644 -0.0803230735149099 0.153521477335671 0.390322690346616
0.0651938280875886 0.0151048777668893 -0.0858378772995759 0.398784893176797
0.000510288927898048 0.0855202228967075 -0.259223977135072 0.348792571187623
-0.0881762161681511 0.0755468443728127 -0.415461330115949 0.364514509195873
-0.143742488280383 0.286343463766007 -0.0796011663167558 0.40919933137889
0.0901898540163626 0.308217420418132 0.171748929035645 0.189228319968532
0.270524689818003 0.0746950008694945 0.0850673053032328 -0.046894960068821
0.163944671148246 -0.254641854227089 -0.0566958563160435 -0.143340511669069
-0.0660682357243473 -0.258842795051102 -0.168876323715003 0.000137254381491539
-0.182607419896714 -0.163779158295156 -0.030075097878518 0.138160775952902
-0.242988821604944 -0.0350461492259495 0.165045346513796 0.122858831203415
-0.245980293577574 0.0124810965989528 0.303968538767586 0.0638810884683301
-0.244370781650831 -0.00955559687591217 0.386184065559033 0.0452431739883253
-0.189795615248901 -0.137993839295532 0.420108631031074 0.14420195684268
-0.0565669085363077 -0.20896091179799 0.351813136008029 0.273230182879217
0.0935251167834756 -0.222205311286488 0.180901374479689 0.390294571764659
0.228636002049141 0.0306042634782887 -0.0609687210621126 0.390774346626229
0.0692740107452423 0.26835137852107 -0.218466200156298 0.296225751569182
-0.156895990032594 0.284516289510544 -0.332493195325646 0.313479776456981
-0.210821057091307 0.407246087109737 -0.026075156965656 0.322175392992354
0.124803043641971 0.451305876535387 0.201427841785151 0.181161060754929
0.384903157152264 0.120649431772164 0.173148552120903 -0.0715429635030073
0.251801867162107 -0.33927479799644 -0.0234322857968931 -0.237164059990506
-0.0607837294507896 -0.374070756772981 -0.214606983289961 -0.0853339358206561
-0.239101200912303 -0.258807462019856 -0.124828300045121 0.0793104693569632
-0.345393361777708 -0.0828442866839488 0.0507742591190182 0.100067246045993
-0.350525431655398 -0.00390663662995511 0.190551345341882 0.0634593622993304
-0.348334244476905 -0.0244755245358658 0.279727995056368 0.0286069045394474
-0.279742019912586 -0.206009094176078 0.359270278632815 0.108577423446848
-0.0954801956138364 -0.319624597662551 0.340552802342553 0.239703132735472
0.143829982047708 -0.357781157440702 0.178714621909828 0.37499161818815
0.372754906949588 0.0187685637905756 -0.0505267383632276 0.345441017630742
0.152017812324668 0.402635076104706 -0.175749356780327 0.199842433800809
-0.184019837546202 0.453893199499633 -0.229679416812164 0.206388479074448
-0.250639694073151 0.470671223283455 0.0777123681487887 0.197730622475336
0.135960014057144 0.526615014891924 0.268554980023566 0.108414269261775
0.433761032102528 0.151457910597135 0.234005726655902 -0.151066425172378
0.298451346572899 -0.362299536634443 -0.0210332074753749 -0.329994960979904
-0.0401400250982387 -0.425640339083959 -0.256759346705255 -0.169393797358254
-0.25514528340527 -0.313955076033849 -0.221268919719806 0.00307577315637475
-0.393754170507022 -0.118677611535861 -0.0861482559225389 0.0588619782473599
-0.402017167977554 -0.0178270906345779 0.045340032301404 0.056623205212455
-0.404568206307397 -0.0356189668118115 0.147091883666517 0.0155480255264664
-0.337653814515555 -0.247429776576212 0.26559713559811 0.0750815608050341
-0.124615242584098 -0.397061168552089 0.289563019829322 0.197288700268901
0.181818438263374 -0.453922270094748 0.144524362374034 0.326662601993876
0.473998861528721 0.00602307453254393 -0.0416731813838608 0.259551586762168
0.217851946896586 0.479965805963107 -0.126182595907219 0.0923853151592842
-0.17369330911797 0.551945270194662 -0.128058712308466 0.0658056782677419
-0.245619544809198 0.466793840585382 0.209393789365047 0.0434065735190543
0.130603496702239 0.517697664604946 0.325424346398097 -0.025265627791949
0.413657946717401 0.157515573739526 0.239077428430638 -0.24140764646855
0.294863729546266 -0.327457117161468 -0.0360630598538907 -0.386095764453503
-0.0133436525073224 -0.409091109883113 -0.27858724403381 -0.238569246409944
-0.231343064255492 -0.315180004495247 -0.30501504435013 -0.0790666887154084
-0.381407022350017 -0.131907973775716 -0.225196726695305 0.00861182335900616
-0.392247486536109 -0.0305898728864512 -0.106452652662377 0.0456541025143688
-0.402844227417549 -0.0464720122408447 0.00559211049648942 0.00409777229758357
-0.341484835274872 -0.265136350693883 0.148548573522782 0.0382998039275339
-0.116651483083884 -0.4231497729656 0.207567892925471 0.135360500449006
0.216088403061473 -0.467560482678995 0.104611618647542 0.241657967705908
0.50171725239 0.0199171170884667 -0.0103109781918023 0.16378482537228
0.233636166085435 0.491541080259907 -0.0830273003323063 0.0137008794748717
-0.141473860017294 0.564022144971167 -0.0462634854013311 -0.0871839220964417
-0.190991010971279 0.39769268084043 0.332203186537257 -0.121546771825262
0.115706835424834 0.42488150739237 0.34060448409385 -0.173805291880936
0.335717326605921 0.128856283690461 0.207852977596931 -0.307201568239453
0.241618487844825 -0.255120520793077 -0.0526870617288525 -0.40606738994424
0.00406283190194269 -0.330323713647803 -0.28573992294405 -0.288723172330941
-0.180900640534717 -0.263552510190021 -0.372418104244549 -0.151640809749347
-0.314095057495405 -0.119540105056809 -0.348158431347849 -0.0371873887287578
-0.323058624557927 -0.0387775825036125 -0.241466409409685 0.0308031180556067
-0.338115276733371 -0.0562624521877797 -0.123820669548294 -0.0112653327210785
-0.283572090052841 -0.249555630397174 0.0301272781892159 -0.00816934066168051
-0.0715239809332723 -0.379992637175803 0.127299192819857 0.0522690179062745
0.224455329966548 -0.381993103255603 0.0920356193284085 0.147961791301936
0.430256312410961 0.0515753137505006 0.0352766180959404 0.101358821287187
0.19617352117228 0.429446121213781 -0.0710954371711977 -0.0242924278953989
-0.0999012780955236 0.477195064496714 0.00973288159404714 -0.228507347494346
-0.101255661052218 0.26791593674309 0.413525372148889 -0.267616714733179
0.0864544284309123 0.270437941042866 0.316722443193266 -0.291103108182616
0.216574110012057 0.0789731610323502 0.165588395360085 -0.346595764276675
0.152023033837586 -0.153705535567248 -0.070797803103771 -0.408162912308269
0.012489308560889 -0.204668593365542 -0.29155757546786 -0.318104853783416
-0.107458833138918 -0.170683678784524 -0.419917792473972 -0.198061051791091
-0.201497368688383 -0.088264039758967 -0.434283671896379 -0.0684553039217823
-0.205502335099132 -0.0393094214630022 -0.339299940372064 0.0131730003974632
-0.219971121335711 -0.0577448064919808 -0.22081998940955 -0.0324949904993046
-0.17433254571973 -0.190637731701564 -0.0598692422317189 -0.0623337964624938
-0.0133372965993948 -0.260706873620199 0.0789555447149813 -0.0298210572808701
0.181227424504496 -0.22527852082516 0.10150999304561 0.0825672773309833
0.273562281223591 0.0664159706972843 0.062104645919048 0.0805425792345054
0.119617798682706 0.285240776588914 -0.0878504307848642 -0.0431156459986061
-0.0453918066292881 0.307164862534288 0.0434905564261844 -0.334956991425537
-0.0078633532904504 -0.0860577069276294 -0.0472783848497624 0.436992683477262
-0.0727839853174413 -0.0789816635761646 0.19906745982622 0.131827761387307
-0.0842602217670737 -0.00990645278515968 -0.0159045491184879 -0.0978626740296901
-0.0662541348342637 0.0523902266444318 -0.122542551031539 -0.0544933764914341
-0.0147531650825203 0.0838239241811469 -0.108599845310921 0.0823095581992091
0.0391180846040303 0.0652674115029584 0.0796819885448093 0.157542513136176
0.0648670894773034 0.046141938410404 0.263649075813014 0.0897847701482299
0.053108760743715 0.0339083611492047 0.377574222676768 0.0235939709731573
0.0417161196167395 0.0458405865419383 0.458156840432862 0.0430619184094777
0.017120636719351 0.074751472453561 0.445347820608426 0.164543921984733
-0.0219034240048336 0.0793452435175769 0.323175955858306 0.291891235227996
-0.0816964976286077 0.0529315025372513 0.133911177216692 0.374608311297623
-0.0982019141420178 -0.0294450676427489 -0.108029575085443 0.387168030617548
-0.0454581823032369 -0.119710472467886 -0.279766102945187 0.35580870589295
0.00922928507493944 -0.137162074328104 -0.436943448151682 0.358178231851163
-0.0675256678505855 0.116822878648039 -0.0671070477795827 0.453044382610796
0.026310708007994 0.119685771476425 0.193858682309607 0.159407537123179
0.103839253679801 0.0242001160064099 0.0194936780807458 -0.0699561370136325
0.0430206326392301 -0.117671892907775 -0.0995752059611676 -0.076224570455471
-0.0557416452654144 -0.0936681376888697 -0.126360840876151 0.068051226296929
-0.0867711162930211 -0.0430869754828025 0.0519822637487489 0.163624046172844
-0.0973071954346754 0.0189815718541995 0.245089888229141 0.108039391978596
-0.100843432264613 0.0317085676552729 0.368643477527859 0.037856899864125
-0.106128741999052 0.0219199934336529 0.445921419392027 0.0382999377201723
-0.0891793424559531 -0.0358342322278291 0.449396676261758 0.151334042385907
-0.0351732609218169 -0.0707129249968237 0.34422183302623 0.282218129182795
0.0122873527568282 -0.0820147795932409 0.167571961458444 0.377916782899429
0.067521670084075 0.0110008735319618 -0.0730266962865409 0.397614399611289
0.00606168806732173 0.0836717647585932 -0.243115609645544 0.350381847735232
-0.0838185734586361 0.0787776504767128 -0.393869914381847 0.367235748290001
-0.135039498561517 0.291511098651705 -0.0610755369995377 0.409985270713457
0.100904144625838 0.303576551028435 0.182257558714998 0.178488930872987
0.270783479084237 0.0662171101644397 0.0855425653656691 -0.0468734905014352
0.151047615351753 -0.258657211225855 -0.0583490353948835 -0.135647853407181
-0.0782996032226041 -0.253532862464238 -0.159902593220796 0.00911651488586485
-0.189157778672973 -0.153527001192415 -0.0192582823631721 0.135495364022191
-0.241139149958336 -0.0215581353521325 0.17174429543653 0.110396251790917
-0.240805440624624 0.026041987413163 0.304111790801329 0.0463368977250161
-0.24065320047806 0.00568614821505979 0.382492666104638 0.026633920422604
-0.195939744124364 -0.124698172234912 0.423609610136824 0.122961003925606
-0.068375109594968 -0.204916484833797 0.3596018886117 0.255814935003765
0.0794039279821654 -0.226513855758573 0.195907446983458 0.377656120284001
0.2309744573891 0.0185374609798909 -0.0481782432815801 0.386663314418332
0.0827804907449473 0.262328841172416 -0.205886705758432 0.295685752677711
-0.143917339620579 0.288193422758887 -0.314620507428767 0.314662225179559
-0.197721414118868 0.412143810845328 -0.0127642506519455 0.322058623602921
0.143589665853913 0.442539516304062 0.208696924885679 0.170834163214266
0.387278804395573 0.106992239010829 0.17320554989074 -0.0740499224791542
0.233547453453347 -0.347674649697013 -0.0285571686255991 -0.229177083999118
-0.0797964964816427 -0.367905391583531 -0.206993706336274 -0.0755630045745305
-0.25145854508393 -0.244647415457465 -0.116182314887588 0.0820171207613453
-0.345130017595339 -0.0625095739261721 0.0565320966911917 0.0938480859484448
-0.344631791675696 0.0161728069637277 0.191627238223673 0.0519855039028472
-0.344059886002778 -0.00368671094134651 0.277619158992527 0.0167797812635804
-0.289455512591053 -0.188530741367358 0.361711816966327 0.0907453678793096
-0.114110244009327 -0.31456132113099 0.346730823380705 0.224459372829844
0.122275592107295 -0.361964949196955 0.192742989290916 0.362383501706091
0.373456980355541 0.000538961959344312 -0.0411452177132775 0.3402080179127
0.170296884618543 0.39383744450424 -0.166847239019802 0.199158495232687
-0.16652910159486 0.455781427369053 -0.21837205390112 0.208886364742462
-0.23326051141675 0.474905472211442 0.0855038927771623 0.196153136114167
0.158695071560689 0.517946104805609 0.273753327442209 0.0990914975937664
0.437593308887775 0.13340012030098 0.231255201858633 -0.154046435727201
0.276790292712984 -0.372483691143338 -0.0287217400956575 -0.322567428215778
-0.0618897643549687 -0.420776424959072 -0.25265443835487 -0.157698698846265
-0.268205750543794 -0.298485802829975 -0.216761904042472 0.0113714593942373
-0.395696936840293 -0.0952620124739248 -0.0811893263712948 0.0618839914243249
-0.395620166893685 0.00484735969222124 0.0490698262976645 0.0520797374867197
-0.401783026145222 -0.0108762158226067 0.145843681320666 0.0109532561519862
-0.349740259906927 -0.22653041443342 0.267512996917209 0.0632641099696195
-0.14501874331789 -0.390441580055015 0.292987536515355 0.184277502938503
0.154510668065269 -0.459501842937987 0.155714423225303 0.314703465622619
0.473152328776447 -0.0146336727067004 -0.0348881142162209 0.253062771878577
0.237011842155683 0.468157280763227 -0.12248307817299 0.0913136075958945
-0.150700558830719 0.553179837519009 -0.12451126517677 0.0649982220296831
-0.22540776100655 0.472670350610445 0.208522095748417 0.0397803369672362
0.154877276424302 0.50803886789015 0.324216215303299 -0.0332581691574447
0.417101698717714 0.137228999086144 0.23458899594416 -0.243578176737641
0.274200295889915 -0.338136783961035 -0.0454603923442111 -0.378039295214391
-0.037261394723458 -0.404450473519018 -0.277840767804814 -0.225428973743241
-0.245455386469152 -0.29942034047079 -0.303901458937754 -0.0662113448491605
-0.383943979778421 -0.10755699687565 -0.221819507467584 0.0204892869231506
-0.387607408736216 -0.0101113457980765 -0.101257492707562 0.0490630704812964
-0.399481683058452 -0.0228626968233406 0.00523208021064199 0.00719591259624725
-0.354036749509556 -0.2463935126286 0.148293213228568 0.0328907865845837
-0.138218477664506 -0.415935546013131 0.207943400900925 0.125146695729885
0.191163226772051 -0.472628531274195 0.113807696855774 0.231159184909111
0.499400758062799 -0.000619721657728441 -0.00678142905561609 0.156855063546818
0.253960748606656 0.478971872948801 -0.0825207870562717 0.0138258119399014
-0.121182484937405 0.561061142050804 -0.0494678389549551 -0.0874448970538883
-0.173922213512911 0.401600049329345 0.322411197064894 -0.12733705359412
0.134508580617648 0.415114838479495 0.332862847226095 -0.178021090879753
0.338504371155734 0.111477464869813 0.200448816984539 -0.307760127141376
0.224481518000454 -0.262379265199971 -0.0645240186699376 -0.398481410000651
-0.0149579527146521 -0.327427254564346 -0.2878082937576 -0.273901967820521
-0.191608064895757 -0.250434425494778 -0.374230599587112 -0.13287697736757
-0.31598008615664 -0.0999546816682956 -0.345446457833196 -0.0181219284017949
-0.320232173484541 -0.0212801152415008 -0.236060609017037 0.0416456648456293
-0.337071416579075 -0.0376925006874971 -0.124428302562525 -0.00207747296355358
-0.29524794582474 -0.23471674702796 0.0276440050501391 -0.00781648663868849
-0.0893861215820067 -0.375762727553864 0.12486668647073 0.0448517041119206
0.204643831415438 -0.387751980447479 0.0976399070868769 0.138444340847443
0.429259990983238 0.034576456037807 0.0369474530111887 0.0941920155154853
0.210478223954023 0.416597934612839 -0.073425170847112 -0.0209048897173733
-0.0822560101328706 0.474489038030757 -0.000754935458769102 -0.227767687011967
-0.0905908148802581 0.26764908926652 0.396900038862516 -0.272776812451713
0.0985074673631051 0.262218853051615 0.304589258710548 -0.293432711086629
0.21790579144344 0.0679914049702779 0.156501409455629 -0.347132259942445
0.141095532282134 -0.157876890995404 -0.0842381601089622 -0.398366149598923
0.00109559174404025 -0.202995758202846 -0.297475321213611 -0.302211185102306
-0.113912430659211 -0.162303776870494 -0.423014599095349 -0.174602747892263
-0.202292653570205 -0.0750851280094835 -0.432825524093031 -0.0435749899465098
-0.203779531126605 -0.028558939538226 -0.333209172946919 0.0298043629019604
-0.219857417346428 -0.0455538926320968 -0.220752179169989 -0.0173584458017868
-0.182802357128962 -0.181035062353782 -0.0654417159033637 -0.0576716233273546
-0.0257143350142158 -0.259304532361532 0.0729749150875977 -0.0361779628437819
0.167247378046684 -0.230103503478343 0.105809940039621 0.0727005356829199
0.273301089854129 0.0543525726322354 0.0620019810505008 0.073438370701988
0.129188520804109 0.276382819117777 -0.0929845980597637 -0.037426349393981
-0.0336166302406914 0.302791113031261 0.0273133651933109 -0.334171304428333
0.00258934416651104 -0.087101649899086 -0.115825803532641 0.421836782921667
-0.0619256638565554 -0.0835928567158921 0.184439963032144 0.157311600972033
-0.0776068168485882 -0.0213967470620115 0.00392185385060293 -0.100064565782893
-0.0683944093423567 0.0386812019178659 -0.110728154448734 -0.0715728112720304
-0.0256684740029923 0.0765007183909307 -0.117432178992684 0.0652486192072003
0.0268171955541727 0.0684279103478511 0.055671553111729 0.166396837920161
0.0572016775443492 0.0523288990068552 0.247276769173257 0.130860092605009
0.0470029493313019 0.0408095294279925 0.362550627398863 0.084869938173785
0.0321748960004711 0.0528453735831106 0.437799874533115 0.117557724477813
0.00475962338624809 0.0745113148867439 0.399945747644104 0.235622662957116
-0.0353586735436259 0.0712729009011609 0.262116355891342 0.340776681163305
-0.0847436271627384 0.0346393812093049 0.0590861122595372 0.389912901994866
-0.0868742486218162 -0.0456145406566399 -0.17812115444072 0.362006353318916
-0.0195641015199888 -0.123108784530233 -0.338674319603827 0.295704365195381
0.0345687149982113 -0.131972157621154 -0.506089861289267 0.267085502806028
-0.0913364841537754 0.0973493091559672 -0.138920656804373 0.438336495885972
0.000992548172747117 0.120930773330689 0.166059287408277 0.18507184757434
0.0963568476115626 0.0429942140863419 0.0312924937447757 -0.0595956574603487
0.0618114039740943 -0.103291157997426 -0.0811272173476851 -0.0860461502361125
-0.0369791042190276 -0.100697326767431 -0.129382695344461 0.0515546634865917
-0.0775868686810729 -0.0580574739049127 0.0307949533732021 0.166937899508801
-0.0956265364715036 0.0012418952774495 0.224836707330147 0.144285674472724
-0.103986858045053 0.0148955041706718 0.351503062391657 0.0956182530249381
-0.106870560342751 0.00507868688912442 0.42623757240014 0.110540126777507
-0.0810347893459824 -0.0492415297161024 0.40708218781437 0.222382690411753
-0.023079231982966 -0.0765143805571477 0.285533156805521 0.32994558433173
0.0282951347126316 -0.07827621645623 0.0950552677232792 0.396159017136014
0.0674596388746171 0.0243298479021661 -0.143065117210811 0.377616702095201
-0.00543180238712782 0.0851274990869313 -0.306045845397287 0.300925153728377
-0.0979222345892486 0.0616035678642688 -0.464619113542585 0.285767238643777
-0.185564505459054 0.251186901124639 -0.129191270734125 0.397620731308183
0.0441533412312755 0.308313134792731 0.142004003141575 0.203389049535019
0.249791757889512 0.112205934432717 0.0904374242143577 -0.0196359372316298
0.185927614761111 -0.219380735054983 -0.0274266329741797 -0.133722868945106
-0.0322329812888891 -0.258103405055587 -0.150044690442937 -0.0101289982382048
-0.158881865184139 -0.181573745857213 -0.031472758281368 0.12763506614121
-0.229910643810536 -0.0586072573628272 0.15074426484517 0.133664942926271
-0.239874898814879 -0.0133839635570936 0.288173240826528 0.0942715647047202
-0.235007926177329 -0.032874338005076 0.36585217563002 0.0890887263339347
-0.171342960253574 -0.153836550295077 0.386436738438389 0.188501982892829
-0.0327073572654324 -0.213170140083541 0.303380421157327 0.304369529973969
0.118473742801593 -0.20616257254441 0.122765381122131 0.395693943771837
0.226621488808413 0.0632511085585761 -0.11164850903097 0.369938171200688
0.0368258450772541 0.274041430932176 -0.261777562283507 0.257112039365032
-0.196015898632802 0.255245686310283 -0.375610464497739 0.25060634301375
-0.265688971676853 0.358177451159538 -0.0682026495711983 0.320964100354502
0.0654823576438429 0.44888925321966 0.162253158376296 0.202262213822358
0.357468465080982 0.170143158684892 0.177906563448067 -0.0260324391978402
0.27690787355932 -0.290010766675426 0.021179745804691 -0.21818706626842
-0.0154030308747683 -0.367958949995449 -0.180777489781219 -0.0997401602608157
-0.2042807694154 -0.278585794716089 -0.115413268219812 0.0582591770392014
-0.324450041750359 -0.112527010772074 0.0403918792778765 0.097329391781693
-0.340419443279574 -0.0395786544467149 0.178868250138658 0.0810387972638642
-0.333004476099337 -0.059463218524477 0.265577591712485 0.0616524556269399
-0.250671465588451 -0.230598632863397 0.330889883232395 0.146643419489974
-0.0573525670569946 -0.327043739222651 0.294055104218601 0.268509844920276
0.185101690573738 -0.328854321435323 0.123019628228205 0.374570695246787
0.369280185507433 0.0752635669127451 -0.092148170028257 0.322544694133544
0.0964434928848271 0.419493726890724 -0.205609685928782 0.16905339448983
-0.249012448490622 0.413486355664056 -0.257714480899404 0.163523303733666
-0.311762707039712 0.414168696137545 0.046198370987796 0.214788573623572
0.0704535927641981 0.521987690802787 0.232499829465612 0.144482536342004
0.401495114689613 0.204125713285668 0.249389874946474 -0.0922962258150983
0.32209165602245 -0.30651192543043 0.0367722661697345 -0.308774765285934
0.00913611379278037 -0.414040769977966 -0.211114294623583 -0.187606743988714
-0.210947627460095 -0.33145428093779 -0.202482972555003 -0.0266808815584397
-0.367036807655075 -0.152388682686858 -0.0911376865766315 0.0416151122517076
-0.388387950629743 -0.058789991036748 0.0399416167040893 0.0583149862587982
-0.386285701750957 -0.0774887678848077 0.138140953782974 0.0356783602991464
-0.303202221094188 -0.278803041280627 0.243648814965316 0.102932276928198
-0.075056160741285 -0.408115653250745 0.246199731246892 0.21687328245922
0.234213656020502 -0.413664099317069 0.0973114194086792 0.317918354210566
0.471249187324041 0.0801610672488581 -0.067138623444745 0.235731458861974
0.146232810872097 0.503914988680137 -0.142155891067628 0.073488881017017
-0.253558255993518 0.510788360865687 -0.135714203390191 0.0392275388954168
-0.302961539338526 0.414365225126038 0.190945296744348 0.0826849875371477
0.0712471496356285 0.512223548858992 0.303307248753584 0.0246998085841415
0.379858129691488 0.203686703580289 0.26761172768672 -0.180197974028638
0.312937797910686 -0.273016690086337 0.0285258389844804 -0.366570946255336
0.0312828131694634 -0.392766722213847 -0.226607405858873 -0.25744292002205
-0.188151003161752 -0.328246597628086 -0.276649808138067 -0.115288253665406
-0.354067160050425 -0.160076477811737 -0.223283165472916 -0.0213142644494382
-0.378431945106372 -0.0712217120604334 -0.105442807512529 0.0312068020741442
-0.381670028259246 -0.0896388434177683 0.00221069137635232 0.00813378473595811
-0.304399075574043 -0.299138432969705 0.132022292900987 0.0537236602190122
-0.0621485715829121 -0.433028894806703 0.173675528517323 0.143490864582429
0.271245689383576 -0.419293322052806 0.0732666087197545 0.226446491475863
0.491567683848855 0.100760914169009 -0.0208352259979073 0.145012155328319
0.157663091284952 0.515563647843708 -0.0892011474589843 0.0056570216246793
-0.226489439345751 0.520945780757224 -0.0319778022148899 -0.0971305028374675
-0.238608713654069 0.357352691568082 0.330351830646397 -0.0625912045022925
0.0672360798860618 0.42134473064157 0.3394344463578 -0.113863159967562
0.309993759331741 0.166647388001375 0.246877074784076 -0.251495642431947
0.254639291816352 -0.209682685894498 0.0111968915296022 -0.390203161431706
0.0415061613283854 -0.315605284254881 -0.231751574217492 -0.307919986293388
-0.142613392240363 -0.271323537449857 -0.336728473553583 -0.191932360136193
-0.28993635284649 -0.141399497890571 -0.337185962440967 -0.0781739676543489
-0.31001890700504 -0.0723131598011946 -0.234511852888899 0.000587579150343851
-0.319078063938582 -0.093570054578232 -0.121810709059515 -0.0213463169599278
-0.248388513111808 -0.278583134205679 0.0236470635728248 -0.00711126425637692
-0.0212448540201109 -0.383420232495259 0.108283505030306 0.0504864634264051
0.267937696510946 -0.334568601467968 0.0767998382235098 0.135366596673857
0.414543117553071 0.121091157917845 0.0312705812513499 0.0939564508894536
0.127184473513258 0.446741750775944 -0.0749424145811341 -0.026241379332025
-0.170967359373109 0.444591940793643 0.0428154655909249 -0.22860149320062
-0.135342911445236 0.246391045554464 0.428338965230072 -0.194577424734743
0.0556632348634001 0.270203341953304 0.3357899528971 -0.228489503120505
0.200392717581228 0.104059234820879 0.211591350529705 -0.300298218020415
0.16091293640724 -0.123675355695656 -0.00832020271691554 -0.396655037402971
0.0373501496793417 -0.193212454778044 -0.23753977748567 -0.336935113106654
-0.0811256962035154 -0.173860296045831 -0.381222145249537 -0.240870352615528
-0.184630669206766 -0.100117066472524 -0.418251419543614 -0.117022587713611
-0.194044525617149 -0.0619997229896861 -0.326551461969822 -0.0254742740847764
-0.204008161066813 -0.0815643134181253 -0.213536853669143 -0.0529377460861877
-0.147064884799901 -0.207977504237772 -0.0570538013167808 -0.0701837656430507
0.0207670770931483 -0.257787499524336 0.0733492384866882 -0.0337918442531895
0.203304188672513 -0.19001924983842 0.0963572857971504 0.0781185008043765
0.256600097054649 0.107966382450411 0.0558601551213341 0.0801999846281511
0.0738231591090308 0.292351058153076 -0.0922389348564185 -0.0475321990644202
-0.0904941277884788 0.288126339485029 0.0912264212716117 -0.330383672257803
-0.00169288086803101 -0.0838151754797153 -0.0956399415025468 0.422114631054155
-0.0657121280656887 -0.0775747676656605 0.192375280173233 0.145598309581094
-0.0762224001568467 -0.0157294816603628 0.0016342958421767 -0.0977076037663409
-0.0646759116824634 0.041311126865254 -0.110327148026181 -0.063086998287256
-0.021190096164423 0.0759299646853648 -0.111456051270927 0.0731513665079073
0.0291285468969684 0.0655178807694214 0.0662879468420725 0.159471709528458
0.0591260543112975 0.0482994213066123 0.251589446399508 0.112266579529394
0.0485148265091033 0.0373791245310253 0.357968813485518 0.0637085511360826
0.0341523847444955 0.0503681994832996 0.43393732880221 0.0921728462192741
0.00869821521915688 0.0742181036690458 0.402745347134785 0.209929227604316
-0.0311993484714874 0.0711621166487866 0.270548278855135 0.322228723679637
-0.0815263715809346 0.0368735151380388 0.0739666683870785 0.377898434526348
-0.085117859385426 -0.0409190562152591 -0.163193567258388 0.361175333544461
-0.0242661276033453 -0.121105328187969 -0.319960226401742 0.297646149896954
0.0278998943057548 -0.129510854830699 -0.480739464581878 0.271492969701219
-0.0876180267355919 0.0996746354608541 -0.118000573133557 0.438853454271761
0.00427121818415847 0.12032935612693 0.175422139432147 0.17141156369834
0.0967712823997295 0.0413186415703555 0.0303541027702938 -0.0593154535240366
0.056947735069016 -0.103393399738888 -0.0817549207041561 -0.0778499904010346
-0.0398765972872819 -0.0975263080690079 -0.121392878684879 0.0581920889944323
-0.0808805806298618 -0.0538809375438608 0.0415080841544714 0.160717768545229
-0.09249681527519 0.00541713946929399 0.230058277126607 0.126299763998351
-0.100120287705753 0.019813886842363 0.348814374571373 0.0754844138874074
-0.103334267912388 0.0119495201977689 0.421180586863648 0.0866605137118991
-0.0818817367128768 -0.0426762101364765 0.410927058592356 0.197194925095894
-0.0273745562075188 -0.074707833322255 0.293552813118578 0.312201014415309
0.0222850315238795 -0.0798258332567253 0.108928787173912 0.381683518814274
0.0698440999772852 0.0199762791571729 -0.1266399186059 0.373079130780968
-0.000867233377848844 0.0821091913898605 -0.286792347006097 0.301287821035002
-0.0942103259046651 0.0650656446308723 -0.442072342357172 0.290106281968955
-0.174539927670012 0.255045605892048 -0.109403574481445 0.397305564301648
0.0551135119576631 0.301386288512051 0.151309856579392 0.190042073479939
0.250341735663386 0.102942558318628 0.0905365290824724 -0.019933012709256
0.172444423903114 -0.221915341654188 -0.0297343190017069 -0.126161374293647
-0.0448043845222083 -0.252256632745052 -0.142743263994216 -0.00315146621491747
-0.166361874777993 -0.171368593724249 -0.02285680151609 0.124970949969994
-0.22776777893766 -0.0448952987603115 0.156445647884156 0.120560056309426
-0.234062705221972 -0.000304978869218934 0.287021685936301 0.0768482139374124
-0.229902550086616 -0.0176349686696145 0.362617794793081 0.0694556598234786
-0.176479035230508 -0.140098367135339 0.38843381917537 0.163492648377869
-0.0452959130079598 -0.209706635207158 0.310182516035223 0.284979099274118
0.102326833081455 -0.208438480136627 0.136771564089381 0.38039451191818
0.227127484213846 0.0488519122115849 -0.0980218046527431 0.36487205106256
0.0508257679410574 0.266330981864923 -0.244505677063434 0.255054100045359
-0.183387592641635 0.258368486911802 -0.355916256641292 0.252729167010278
-0.249460022909096 0.362561595019967 -0.0520290041378216 0.319022629862335
0.0834803188113364 0.43817666094757 0.169094295445953 0.190754990518022
0.358604945884565 0.153710465774223 0.177816751018563 -0.0278057362759723
0.258430036933884 -0.297201617866317 0.0163934101273943 -0.210699093827743
-0.0338042491851557 -0.361069542907744 -0.174988943921926 -0.089731677684963
-0.216186906180958 -0.264042852565357 -0.109637645540262 0.0616615710635899
-0.323149570118628 -0.0938552889196358 0.0456358213781979 0.0929065560692368
-0.334462682837838 -0.0197139157156536 0.17852595377127 0.0695398840550599
-0.327147021106261 -0.0387157154662374 0.263074629854446 0.0501036481527726
-0.259744929903439 -0.211496030625087 0.332582483260877 0.127598886552024
-0.0752374095317481 -0.321100476827279 0.299331184753427 0.25060555664476
0.160396553916465 -0.332919794913327 0.135153165374407 0.359530786720262
0.368159718768618 0.0543015396376216 -0.0814987280522245 0.315809575557863
0.114712281211618 0.406807797701045 -0.19474192435865 0.168829462166752
-0.228470779684967 0.414307252267913 -0.243865290918204 0.163348507985964
-0.289745743710066 0.418387371405842 0.0542051235665494 0.210642802776394
0.0946368146592565 0.50897927717748 0.235774885180098 0.133065122992141
0.403030997516554 0.183170182861817 0.246293938174866 -0.0950760561029047
0.298814267921526 -0.315362710405571 0.0294754332926664 -0.301067727161077
-0.0131345574866748 -0.40630393273996 -0.208326062006636 -0.175839723223201
-0.225585349058452 -0.314945242400595 -0.198572162310236 -0.0182910894038903
-0.366661867068675 -0.126363318052139 -0.0857934053379023 0.0465956990257084
-0.381791931113964 -0.0376662346722425 0.042282492829574 0.0547764646336194
-0.38031914479577 -0.0548015174392656 0.137075084712504 0.0312704925583368
-0.313736602622178 -0.25780029723273 0.24492941885108 0.0893803171942295
-0.0956723500506557 -0.399878854446975 0.25004273684607 0.202935887547355
0.2075514263831 -0.41920332157752 0.108273593754496 0.304711658362235
0.467985295613076 0.0575365456468942 -0.0597581821273862 0.228297592766277
0.16567526924998 0.488832945229633 -0.135931441686979 0.0733116548369377
-0.232073166225284 0.508374518909235 -0.130315724796905 0.04003517004645
-0.282430232871229 0.418989345892758 0.190262381533043 0.0763112982579891
0.093304635461258 0.498300831599219 0.300215080093263 0.0160176749715171
0.383700099265263 0.182573671718719 0.261748119235105 -0.183418269179081
0.290402307378618 -0.282074992365548 0.0175914623876684 -0.357530570869978
0.00940791454849988 -0.386293481052986 -0.226857498221378 -0.244308848539761
-0.201704122558895 -0.311882267904833 -0.276030188513057 -0.100609293761291
-0.353790150600501 -0.136332728272777 -0.218243786065035 -0.00843872925548315
-0.371671716813148 -0.0502934692122313 -0.101118633236278 0.0345717872635813
-0.377137870977604 -0.0681928765054749 0.00187868712116926 0.0112689049456645
-0.314961394255269 -0.27720348650112 0.133167048699579 0.045925485405012
-0.0835791066743908 -0.425136682329533 0.173781550486378 0.133037376738013
0.24276909993197 -0.425126057142323 0.081111931718013 0.214460995535756
0.488977493628414 0.0775931533350677 -0.0170360203800158 0.137566699272104
0.176210086370431 0.499878238936676 -0.0876794127680161 0.0073993904679114
-0.202724483398708 0.51784370520449 -0.0351928369399818 -0.0970151539565653
-0.223390164053748 0.360114659687 0.320181257382095 -0.0695638165938241
0.0863429080222879 0.407964454561762 0.329785006545298 -0.119939397870637
0.310767131577545 0.14767089401189 0.238662097934562 -0.252828616512903
0.236048312286994 -0.217441444861995 -0.00161929807777867 -0.381195846492846
0.022090596665993 -0.309981206306284 -0.234386012443769 -0.291851465433053
-0.153135446766949 -0.259097336579887 -0.338482311669099 -0.171193614653562
-0.289130620331898 -0.121959457640267 -0.333634127915922 -0.0570053798553281
-0.305700453885049 -0.0551429006031392 -0.228390198380117 0.012915592745354
-0.315403810860106 -0.0737664843339182 -0.121163838254731 -0.0119075706339543
-0.258701140923355 -0.26058868582884 0.0219393370771902 -0.00732608701488509
-0.0392847252528388 -0.376866540283853 0.105434241947845 0.0431212935141481
0.246413080164846 -0.339256101195609 0.082237862833125 0.123956875158482
0.410612976846743 0.10169006959087 0.0327748323345094 0.086079469602904
0.142106387397088 0.431131568779253 -0.0751150093302345 -0.0221924221223406
-0.151377724587663 0.439895915554627 0.0321284289568666 -0.226958300176835
-0.124675174270768 0.246573248924376 0.410630921235498 -0.201503396375432
0.0670793404746707 0.260050732009345 0.321412107938506 -0.231097399133222
0.199997941601333 0.091929330344153 0.201778568480487 -0.300536765346772
0.149688449167317 -0.127417124329137 -0.0238662368201968 -0.386173830876209
0.0256724050496391 -0.190968251959969 -0.242373069919252 -0.320763970169702
-0.0874161195689674 -0.166108672386225 -0.384336729288125 -0.215944084308636
-0.184000001156122 -0.0868992273260987 -0.414203406164851 -0.0906455177887879
-0.192517966617852 -0.0508093786459714 -0.32036072649204 -0.00891229605058285
-0.202392634198361 -0.0699499250056205 -0.211667238984175 -0.0385427643311997
-0.155796636741842 -0.195807137765751 -0.0617181418007867 -0.0654662209746874
0.00794092452899256 -0.253856021632177 0.0673226244433062 -0.0384539222520712
0.189247445918649 -0.193919491752223 0.100376568425103 0.0673237508346885
0.255456320849018 0.0950452793289761 0.0556207576110334 0.073525310408134
0.0840189512416565 0.281963377749586 -0.0958224089474588 -0.041228744349991
-0.0769598233982979 0.281934420859802 0.0745100842022038 -0.327273297802347
-0.0047708143905092 -0.0800890927913012 -0.0804193025948778 0.419602058172163
-0.0679666782945417 -0.071901527874871 0.197340246188182 0.134572164255225
-0.0744353744746648 -0.011530204679135 0.000147610230438093 -0.0947909421276015
-0.0608182934735739 0.0420378393844359 -0.109638037481938 -0.0557586786889799
-0.0180086562872598 0.0751887730385661 -0.104159314844008 0.0790074484129736
0.0303539914543353 0.062859381014382 0.074148816434028 0.15315014745098
0.0605419448022022 0.043174219674147 0.251054672916186 0.0947475868749677
0.0489598298013646 0.0342921667578357 0.351791060766365 0.0479640244289894
0.0366725871464776 0.0480355571383896 0.424267249939993 0.0728231069917419
0.0125069092743738 0.0728215737902885 0.399805361525747 0.189332166216187
-0.0279094885880742 0.0696107985389538 0.27324276717549 0.303525084930415
-0.0790518183357039 0.0382620709120014 0.0815095529015665 0.363684718400289
-0.0825272896927988 -0.0385445433372488 -0.15164514176047 0.356767440264381
-0.0275162955768078 -0.11878285886369 -0.305144274121829 0.295131262259364
0.0222565193320482 -0.124547849288037 -0.461271485064446 0.269429156094647
-0.0846590566303497 0.10145617957319 -0.101130721076226 0.431953665393302
0.00591807197343693 0.12005807336299 0.18062869299195 0.158821747378179
0.0964851325448539 0.0401537779190368 0.0305003456408979 -0.0571809242682747
0.0526100813980596 -0.10206078545395 -0.0813779399235691 -0.0701195821795566
-0.0429780471640326 -0.0939316736666125 -0.114369264014109 0.0643831406939608
-0.081857445044212 -0.0502522191396486 0.0490857724936958 0.15526685892736
-0.0916637931641796 0.00900922113842897 0.230780658260486 0.111757250308774
-0.0956396515183389 0.0236277920475659 0.343178193944511 0.0593534291606282
-0.0996215157694921 0.0164113386891456 0.414856823098323 0.0689762120422379
-0.0819647897747701 -0.0370802852952912 0.40747914349187 0.174258104215468
-0.0314117031409357 -0.0729379333253743 0.296324759793382 0.294620169638228
0.0159332278652957 -0.0790525680772462 0.118335552100367 0.366949636089445
0.0707606772264509 0.0152006146070787 -0.115040737995949 0.368512723772528
0.00385500359379999 0.0796522118939763 -0.27235847396317 0.297531353015329
-0.0917618126201459 0.0670639521905475 -0.421438141527575 0.287948324231435
-0.167217758981689 0.255111290552711 -0.0940474974181939 0.391698403762261
0.0609521030118089 0.295807155190636 0.155537288173583 0.178295064175628
0.248829439062982 0.0962414394241743 0.0901714658696309 -0.0185483294884557
0.160893324342626 -0.222032940842894 -0.030281534642429 -0.118848973858484
-0.0528617246445093 -0.245784767252768 -0.134760612948221 0.00231993872941354
-0.17063120952362 -0.161753822245532 -0.0155123323558762 0.121617757623067
-0.224729971576666 -0.0358825460187101 0.158748046628354 0.109851116737777
-0.227713357454587 0.00905436013129055 0.283685776905961 0.0625134284270894
-0.223881946070527 -0.00687925247201519 0.356449585678612 0.0555484539400528
-0.178261300520341 -0.128289753846223 0.386434066425587 0.144319012098533
-0.0542296367565284 -0.204039657363144 0.31154495105144 0.269675706662291
0.0889586357540435 -0.208147599026211 0.143718612081477 0.364858082073229
0.225919775521245 0.0388704880295797 -0.0885317407332125 0.356915153319763
0.0598230235503158 0.258847619685443 -0.231842307117604 0.251549249922978
-0.173331882329516 0.258318324839353 -0.340305324430258 0.249687601729301
-0.235777967411983 0.36461539172206 -0.0408976725501749 0.314232485564509
0.0958173900596929 0.428728405825386 0.172604466811765 0.179353576214397
0.356639994834381 0.141150056299327 0.176811851110383 -0.028022824619791
0.240872375741543 -0.298540677532666 0.0134667094572307 -0.203732798388811
-0.0471048547804442 -0.351503391950922 -0.167991368218814 -0.083782398590882
-0.22375675307941 -0.249488865068572 -0.103753706875958 0.0630535390504741
-0.318634830974308 -0.0779505132978221 0.0482345425935099 0.0875949906164819
-0.325685151709806 -0.00546043302778794 0.177836374652302 0.0593873945867326
-0.318984665439068 -0.0232747403708728 0.25831169411809 0.0410369839783816
-0.263753275218059 -0.19464422479144 0.330283669583718 0.111572378275551
-0.0885881318715308 -0.312880601983332 0.30057325355649 0.237046581432948
0.140427052092361 -0.330869227271527 0.142742260619545 0.344954332969946
0.364034160788877 0.0396573220835537 -0.0742432659669368 0.307606184119305
0.127128191547783 0.395815190556759 -0.187028073623207 0.165064797610418
-0.215613222037268 0.410222908182078 -0.234075249243681 0.160384889194621
-0.276615189613646 0.420532357262297 0.0598401532450394 0.206557369381424
0.108219906291162 0.496680737306051 0.235048115725546 0.124602138925845
0.401597116700461 0.16859139070401 0.243780757719456 -0.0966285959756645
0.279513577735317 -0.317776105859657 0.0247364693773146 -0.293181861466986
-0.0300032731020991 -0.396332601319525 -0.203284874670027 -0.167495922011584
-0.234633980896948 -0.299203278114172 -0.194830341041248 -0.0116027619778876
-0.363451197937307 -0.110902167150271 -0.081184449299549 0.0487283540057393
-0.373969612786578 -0.0209478285715233 0.0437161023336354 0.0508585635060797
-0.372764535743946 -0.0357525030599897 0.135520327222249 0.0274422877624546
-0.318751835633876 -0.23879066542289 0.243577874285383 0.0779957656565263
-0.112088633838335 -0.389372120983914 0.249577928830742 0.191537466043102
0.184014299493411 -0.418430392896965 0.113839622591333 0.290242791673266
0.461781272804646 0.0407443819085013 -0.0560039821397403 0.220164741745439
0.177978845601761 0.475183176719002 -0.131275133184065 0.070607582221065
-0.21522929452139 0.50285137731794 -0.125124240365939 0.03818021800585
-0.266276209968741 0.419797997371793 0.187768015382657 0.071487151746824
0.10940397206945 0.48258519567165 0.295495228158497 0.0100913589568779
0.379939621679108 0.16494639817388 0.256659821125559 -0.183303574844673
0.271847182642647 -0.285656623665289 0.0110992323187189 -0.348814464005097
-0.00775717528427181 -0.377454329970086 -0.224395613533053 -0.233122527728612
-0.210393521198395 -0.297803857719616 -0.272672216883905 -0.0885877207941356
-0.350254264511325 -0.11991915791058 -0.212591402858004 0.00200332000473801
-0.365240215655553 -0.0345544387729703 -0.0966992823404218 0.0378111834902268
-0.368183094492201 -0.0493593440764034 0.00264718511741558 0.0137029244300819
-0.321951681709581 -0.258619964008369 0.131154461775506 0.0400691103370867
-0.0991277772962647 -0.413988708694686 0.172388641883537 0.124781084992954
0.219823612170157 -0.423795190519455 0.0852209984697159 0.202505731698867
0.481417558048216 0.0601364396406295 -0.0160128152249778 0.128931922012754
0.18822615686224 0.485237421778558 -0.0853139934765876 0.00645274910309754
-0.185149452312636 0.50833815425088 -0.0377613069713155 -0.0955754195568775
-0.209014259712334 0.359514594014108 0.310569551311498 -0.0724271876333366
0.0985838689635616 0.394556762345856 0.321027459904794 -0.122764036352473
0.307757719986129 0.134555273367683 0.232122818116117 -0.25187661780708
0.220507587063299 -0.218054581447605 -0.00917615373998475 -0.371334680643905
0.00713793073327493 -0.302302994371617 -0.233550608267513 -0.280489159521509
-0.159428097754917 -0.24712754507996 -0.33670738707439 -0.155459637713636
-0.286268183684056 -0.106660699708245 -0.326796566804071 -0.0399511850274139
-0.300156652960625 -0.0425311373183993 -0.222913482987556 0.0207044231511503
-0.309498355870111 -0.0599896418383944 -0.117975338370868 -0.00448952852122368
-0.265232259533372 -0.24525050071455 0.0198664339192867 -0.00798342148151254
-0.05278663228799 -0.367456644049371 0.101342736377796 0.0370340579533549
0.227256926922597 -0.339601604540795 0.0846891891628052 0.113684485814886
0.406285611519147 0.0873365489804248 0.0320147543446 0.0780880131505625
0.152908418868586 0.418330122352464 -0.0749439628424588 -0.0193109887928713
-0.137388471499715 0.431679959931081 0.0236360277734579 -0.22392478122681
-0.116057975376223 0.244478593022289 0.394960535583793 -0.203537585339653
0.0743296811549081 0.249989734240911 0.309433331384288 -0.230044274207013
0.197211363771503 0.0825996491808769 0.193966365986926 -0.298852483561669
0.140406622055836 -0.129269294384842 -0.030826651728275 -0.375870320589638
0.0164755217940866 -0.186997374689781 -0.243043703236686 -0.307292637535866
-0.0912997499915957 -0.158479769939295 -0.382619918059251 -0.196000762211643
-0.180628652452276 -0.0783141159468479 -0.407686864099835 -0.0705108277841929
-0.190027721025369 -0.0436664794355379 -0.312978811975292 0.00346862018055013
-0.199198179985099 -0.0599122468305353 -0.208736324277065 -0.0279365857699334
-0.161623643938433 -0.185627928872177 -0.065055919309292 -0.0612704960253158
-0.0021472882693641 -0.249069460581239 0.0609122152692642 -0.0437066826546671
0.177702614438366 -0.195400779514603 0.101061917165318 0.0577694129651186
0.2525643761246 0.0859860153909172 0.0534761481848822 0.0660775530268855
0.0901761462260027 0.271715591251421 -0.0973880373727217 -0.0356210561981275
-0.0684209118965522 0.275584380821584 0.0607837370997819 -0.322224856739382
-0.00663790026855989 -0.0784288053336323 -0.0710228356976412 0.418418384698989
-0.0689807418241835 -0.0669556140911298 0.201433900597785 0.125721123458968
-0.0710837734171357 -0.00922547081462795 -0.00025266698824691 -0.0936386114265215
-0.0590424820072589 0.0425313273961854 -0.107694678496848 -0.0495026020756829
-0.0164119811405415 0.0745329705759466 -0.100323763130444 0.0851597438335437
0.0303215259210528 0.0618285105919189 0.0794547538287832 0.148111631987869
0.0600711151780785 0.0411278501555683 0.250229410314121 0.0823196855952522
0.0497120739206586 0.0321852659526564 0.34768539223673 0.0359820239752863
0.0371453743927294 0.0460319878351083 0.418623233220579 0.0604612562582983
0.0144104734962805 0.0720381606172617 0.395766622154033 0.177077046956886
-0.0258746718508352 0.0685864154639571 0.274667694349101 0.294250274610404
-0.0767442691483699 0.0385837274644654 0.0852918837148213 0.35407518333696
-0.0803545986275443 -0.0369645687353002 -0.146118211291016 0.352979441471752
-0.0291217877048309 -0.118457046422467 -0.295605762767311 0.289957897429725
0.0192278508807389 -0.120308728604586 -0.448609449112905 0.265564970765565
-0.08351389866956 0.102851833428549 -0.0915696433533601 0.430067350058465
0.00704008088951783 0.120411021405164 0.184183000676699 0.150599035645073
0.0973577564796739 0.040210728706115 0.0313283088492895 -0.0549600771363079
0.0502136130551317 -0.100974529204956 -0.080313838930517 -0.0646286004297369
-0.0449682122550716 -0.0917291953438386 -0.108919159423562 0.0691296867045881
-0.0839675707575776 -0.0471897393256237 0.0547581543883084 0.151605408457405
-0.0894431104270933 0.0114060555127201 0.230706272062965 0.100865058852521
-0.0934468124352719 0.0258632527574061 0.339652264563083 0.0475560777512877
-0.0962759127880956 0.0198297603268275 0.409078635831479 0.057624609106307
-0.0811852962039421 -0.0329644107737506 0.404154937217518 0.161985804810824
-0.0343368253515636 -0.0718043749832297 0.298316431223512 0.284018168824341
0.0116066711588333 -0.0782058620301476 0.120697584177285 0.355766780341311
0.0717701313020811 0.0112543162269696 -0.110316054096664 0.364043580546149
0.00628545549203106 0.0774297395109329 -0.26345016639508 0.291827926731977
-0.0907494492183479 0.0704411759713913 -0.41020914880168 0.282786114037233
-0.162932480199101 0.255998775356511 -0.0835787055716703 0.390429663588757
0.0655155873237022 0.292732515552167 0.158197810770999 0.169698598753016
0.248911007015364 0.09341629449527 0.09134106348188 -0.0172618459501579
0.154707396090715 -0.221454535525496 -0.0293445357344632 -0.112344223696338
-0.0589476314290073 -0.240258500959786 -0.128535613212161 0.00686106991534081
-0.173920016978603 -0.155739618696547 -0.0103088029697814 0.120531301691883
-0.222079770053134 -0.0285982244428535 0.160473348755193 0.1018041333501
-0.223855443465125 0.0156300409227532 0.280993050815251 0.0531525637119069
-0.219180288300219 0.000701374273594084 0.352990884574364 0.0460081578529998
-0.179340789854541 -0.119498136362788 0.384480209727299 0.131771912972751
-0.0615168370127847 -0.199937712760731 0.312935081539746 0.259973533039137
0.0784208754047355 -0.206751785964396 0.14731502865881 0.353363915716764
0.224769204125212 0.0311789555057312 -0.0845192034629928 0.352074065038196
0.0662255858775933 0.253325069648175 -0.226529522042748 0.245200462740851
-0.168916292392796 0.25832796876842 -0.329586744333103 0.243792101777558
-0.229791323908086 0.36311621584653 -0.0352829364393014 0.311437131434483
0.102266370405958 0.422564573852231 0.173084434768738 0.171679718757592
0.355288665438253 0.136525531156391 0.177513558575591 -0.0263860365712637
0.230206267786253 -0.298483569503437 0.0135131958042007 -0.197730882157904
-0.0568818886690768 -0.344453391292515 -0.163031194206135 -0.0795618709263393
-0.227972469434395 -0.241716637182993 -0.0990942935054375 0.0642024755728023
-0.317020602247876 -0.0679931574797982 0.0514643627815629 0.0840032369776618
-0.319867767566445 0.00402042406742919 0.176890018136993 0.053041618916188
-0.313199303268337 -0.0131035203776979 0.2561781494269 0.0355458132396843
-0.265817436953816 -0.182619946623437 0.328235244784209 0.100576793112021
-0.0986355591661631 -0.306229076410391 0.300789721039097 0.227572560598081
0.126487482851562 -0.329791541443103 0.146111916916652 0.333990024417098
0.362838706725445 0.0304317741804364 -0.0721171326880876 0.301799122644143
0.134595101890797 0.388243983906001 -0.181579019176802 0.16023315397794
-0.20636030015044 0.408610161993239 -0.226139978446843 0.155259973782028
-0.268545867519023 0.41922753789022 0.0621995245385784 0.204432516267219
0.118359125176831 0.487190855935862 0.233977684239523 0.118441256092697
0.399854441149107 0.159451685576518 0.243717288217131 -0.0948896691288049
0.266736476855884 -0.319610488162806 0.0227462445983841 -0.286475080123492
-0.0416957559304373 -0.389131146837697 -0.19857390849017 -0.16307378213713
-0.240402750507807 -0.288074864780945 -0.190729919689564 -0.00670936659210162
-0.359556855015043 -0.0978924698708254 -0.0773517998753166 0.0504841808643701
-0.368980918569972 -0.0105725138848799 0.0451580669968878 0.0482997243363054
-0.364423410387973 -0.024801707500596 0.1349879514068 0.026164875265416
-0.322085804773713 -0.224742463943956 0.241502485219534 0.0703891293276369
-0.123771180817622 -0.381523093261988 0.249054320791746 0.185387451433339
0.168915636657094 -0.416620498166738 0.115505179664483 0.279843148812117
0.458241802613962 0.0293180798067617 -0.0562022163696205 0.213037221541131
0.186132241886317 0.466100725328635 -0.1282672825974 0.0670427472114582
-0.205933034001382 0.497376775550294 -0.12331758443286 0.035598471499814
-0.259473175627799 0.41886085125819 0.186240600341865 0.0705031858067859
0.117442823361203 0.473621168820367 0.291729390987071 0.00667591060873814
0.378435121903985 0.155469564744435 0.256152587046926 -0.183422363814554
0.259116328036742 -0.286813805195966 0.00825333304218633 -0.342548415020504
-0.0193350566648955 -0.369875006341502 -0.220129344016599 -0.228071939737129
-0.216667818117169 -0.287039777105171 -0.270083651867896 -0.0800991759190303
-0.348014311436762 -0.106285420731916 -0.207734513851529 0.00981616788001933
-0.359389802373462 -0.0237410874544621 -0.0949532419478572 0.0392249881290853
-0.363726954398647 -0.0383743127287929 0.00430968764340069 0.016963752845886
-0.324992446307139 -0.247020010261273 0.130245147479999 0.0365133634078
-0.110208408443336 -0.40857259468167 0.170458172784775 0.119939989969613
0.206185283796072 -0.421059675367925 0.0861035695212513 0.19232258683292
0.477790563833143 0.0521285718127757 -0.0173248282822106 0.121478507381611
0.193473220178609 0.476198153400902 -0.0837671294403265 0.00638768811856452
-0.179884070405603 0.502313000275926 -0.0390619983278519 -0.0965318259304254
-0.202674993475275 0.358301976544359 0.303100813944148 -0.0728995957320836
0.104848967629134 0.38455929635952 0.315650871668884 -0.12288124563349
0.305025168276079 0.124886204705238 0.229452841574526 -0.251788786858798
0.209810196010573 -0.218921121917819 -0.0130723936858018 -0.364266815905223
-0.00244092182836881 -0.296982958824475 -0.231548782126784 -0.272902441838675
-0.16464934319002 -0.238847991563335 -0.334930929340169 -0.143135237410917
-0.284031534911325 -0.0965089912913233 -0.320865168625614 -0.0286363564175927
-0.296272110189868 -0.0337897848875619 -0.218102537616604 0.0269721800532704
-0.305309388753278 -0.0510499031400741 -0.116374884381077 0.000850794338408755
-0.267817838738774 -0.234773601555675 0.017797081686797 -0.00874318137654042
-0.0624608454883518 -0.363957658238128 0.0982371482871286 0.0339401325490788
0.215700647928912 -0.337744846866619 0.0855083547295799 0.104390328671913
0.403374216072247 0.0803797534228949 0.0301092051113728 0.0722971081365761
0.155551751107805 0.409501347203868 -0.0764437248228346 -0.0172836451996753
-0.13265270477969 0.424441982681007 0.0180771846366965 -0.221771070328669
-0.112280238327973 0.243226759855236 0.384743121704967 -0.200128492666369
0.077182522854727 0.242116153968983 0.303000061147331 -0.226281886816668
0.195124488750565 0.0765544212461247 0.190192773599558 -0.298155350276032
0.134357798624486 -0.128901582782566 -0.0353564519274866 -0.36904858761223
0.0108719523231228 -0.184339873017572 -0.241846770125579 -0.297336267745656
-0.093725073276336 -0.154456431706647 -0.380951468400097 -0.181395087973018
-0.179219640046092 -0.0714406249643419 -0.400021695018666 -0.055404307195415
-0.187671601142777 -0.0378569172021964 -0.308212739444049 0.0124635561606187
-0.196346065596551 -0.054531152761339 -0.205623928801863 -0.0207863703382363
-0.163607312712309 -0.179432920951126 -0.0680237441911377 -0.0597389750877633
-0.00745900901225369 -0.245459412629579 0.0558027218904934 -0.0461491963727349
0.16881505892155 -0.194815693984732 0.101313299674108 0.0506392240413692
0.250261730395814 0.0803106175619576 0.0512094804810038 0.0612031004603346
0.0930673954254791 0.265351631276663 -0.0992906436208543 -0.0304989626312711
-0.0645907516104698 0.269164329382028 0.0536561708311368 -0.318902249567162
-0.00778765547402488 -0.0769517864542137 -0.0636980335810808 0.423462701459053
-0.0702262624142694 -0.0639156111868273 0.207889715643053 0.120306839850571
-0.0689750036157356 -0.00719038905126336 -0.00058378142755434 -0.0932708807868039
-0.0574104122478606 0.0437025484958831 -0.107551929657134 -0.0455437491603229
-0.0142985147687824 0.075978949728698 -0.0962298883407928 0.0917329190349657
0.0314195150726871 0.0623438609970895 0.0857950128676521 0.146081122144846
0.0609106421580707 0.0394992914878641 0.251808148585283 0.0728030830955005
0.0503375279213704 0.0317605448268086 0.350453178258151 0.0271854830358344
0.0387452914616162 0.0458635237154072 0.421013356812076 0.0501781972738264
0.0172906088027854 0.0721801398355568 0.399917534111903 0.166932763985524
-0.0262721933279162 0.0683723641156653 0.279608886803434 0.288736388109119
-0.076478300050376 0.0398526551753965 0.0883273653424083 0.351937486248035
-0.0795930331066887 -0.0365954123371556 -0.143462307276021 0.357151497127194
-0.0317524435415225 -0.119621902520313 -0.293848179393525 0.288523115232322
0.0181730166839951 -0.117608786614299 -0.447530375848503 0.26277196972658
-0.084829825681054 0.10619163563108 -0.0836016577995087 0.433987268772123
0.00801107669034976 0.123132604601594 0.18782888903212 0.143346434164475
0.100203854146088 0.0414076845800672 0.0314332352635013 -0.0548237290893607
0.0499341158014274 -0.101373954455494 -0.0797993139369912 -0.0601005792606147
-0.0466677211900215 -0.0909705018993446 -0.10449254954558 0.0745772345200056
-0.0865660312881504 -0.0449443511216785 0.0599919905321443 0.149955581172982
-0.0899438854611385 0.0134053423342009 0.233094313354224 0.0930076511013889
-0.0937473107386288 0.0282443413577354 0.341377006193507 0.0384351535409593
-0.0954883589245306 0.0235784014478283 0.410447109422623 0.0481428492747788
-0.0813009844026659 -0.0302927997940226 0.407749405803047 0.152604643651288
-0.038071124482801 -0.0721086774135123 0.303229068459251 0.280457774982002
0.00884639313614 -0.078334463131829 0.123429381559785 0.351941460786874
0.0738789432415992 0.00838661430637153 -0.107667114303442 0.36611688488203
0.00859231638385386 0.0766997874558167 -0.261408785695998 0.290733071827491
-0.0909047971137297 0.0744920345061179 -0.408142937986059 0.279128562418587
-0.16305104601592 0.26180825769976 -0.0783927115634689 0.392900471844783
0.0697956644672345 0.294725533969987 0.160923997636068 0.164040514767732
0.252786510308807 0.0931650659945437 0.0941788200708411 -0.0161719143494765
0.151695290682691 -0.224466078604525 -0.0286365013212067 -0.108879610284125
-0.0633708264596106 -0.240190565944082 -0.124472440601523 0.0104512233256494
-0.180390205159624 -0.152025620026385 -0.00544186331642023 0.121012389120735
-0.223630058167538 -0.0231254402251205 0.162966701234792 0.0968404882783854
-0.223157601337483 0.0218971741097829 0.282824963829904 0.0455429039558814
-0.218321301668511 0.00751200832089722 0.354613685420957 0.0393623140892206
-0.182045909156709 -0.114228074600642 0.386530017085876 0.123444076609714
-0.0685743294584183 -0.199232028143946 0.319267800068642 0.255196155518731
0.0708508166501589 -0.208621831390355 0.151304440926423 0.348803290680466
0.228566605806595 0.0246847449343254 -0.0838946330827053 0.351115827940855
0.0716960668600996 0.253314095849328 -0.225562936258153 0.243953639802869
-0.168030677803395 0.263156450805905 -0.32785436539795 0.241672823556219
-0.228507983042345 0.371208782723164 -0.0305021985097093 0.313312958725129
0.109360205380357 0.423832078029932 0.175048458940666 0.167741337751258
0.36144571356458 0.133044950943811 0.182454331383062 -0.0263595450724161
0.225503282197482 -0.302148963276651 0.0139007242329319 -0.194517197332603
-0.0666024130006375 -0.344138453582297 -0.159299477041412 -0.0768271201009825
-0.236304061764097 -0.236833139278542 -0.0969300932197284 0.0656495505126647
-0.319134513032641 -0.0597745941597486 0.054286569578199 0.0823355167293463
-0.32009391359146 0.0122527311740245 0.178547526293604 0.0483545343460367
-0.312358622353711 -0.00352416665667776 0.258753465452301 0.0309909001407993
-0.270065487314182 -0.176590447370952 0.331308944743579 0.0920057869687433
-0.108798662557985 -0.305583974817965 0.305170266322289 0.224786058028602
0.116610916004395 -0.332080291303054 0.149158839907241 0.328766966714023
0.366801251272121 0.0225395521838501 -0.0728524549091853 0.299338671340253
0.142232664429956 0.387754216410656 -0.181760872921238 0.157959155109759
-0.205458718018332 0.411826522259687 -0.225403265237331 0.153047352410501
-0.26579209325352 0.42778679203115 0.0651245217499019 0.204560142613372
0.127522929103349 0.488413270482861 0.236272140201277 0.114538387312757
0.404576838847761 0.155074930595119 0.247787608145554 -0.0959082625498733
0.260821625314302 -0.324020645644559 0.0225309782684467 -0.285523338635364
-0.0523980878984514 -0.388927730518127 -0.197081672272915 -0.162218534555965
-0.249274801415807 -0.28377477475006 -0.190773623609434 -0.00289529392672819
-0.362842090373691 -0.088337164019264 -0.0748890461298637 0.05275842117351
-0.368533075997185 -0.00103042777670828 0.0461511404833458 0.0465870005072907
-0.364504947633293 -0.013941542774916 0.137129472005405 0.0255969545425073
-0.327733416548531 -0.218544987393564 0.243429422053401 0.064241064747674
-0.135807751685384 -0.381885622594338 0.252200476131253 0.182667451779753
0.158002791204461 -0.418966752302654 0.118201856354924 0.274343210838454
0.463340262570523 0.0221773220202316 -0.0575313178121274 0.209836781247089
0.194178844304886 0.468080607595506 -0.128061947248964 0.0640272477606615
-0.204801603887922 0.499167291764078 -0.123042753103863 0.0328636971174933
-0.256682780788429 0.423266858258374 0.186709795486159 0.0705657739425726
0.126987983887553 0.471948237790077 0.292966530678715 0.00452323097236039
0.381697566614788 0.149403915243144 0.259403924475371 -0.18557162015215
0.251241790267033 -0.290128337970734 0.0065284562675813 -0.342615076667957
-0.03049845525715 -0.369171572115114 -0.220662230610733 -0.227445942090566
-0.224981461303331 -0.284220334426521 -0.271746199878069 -0.0739840910982986
-0.349082773129309 -0.0980907935339031 -0.205247493335145 0.0157643059833471
-0.359686756624127 -0.0150515352495956 -0.0935005736938351 0.0407931893170111
-0.363510158059415 -0.0303685728497572 0.00619251591657424 0.0186790992662623
-0.332524984638238 -0.238769428264002 0.129949806843243 0.0326333550254373
-0.121561700584768 -0.408499647636532 0.171695866944915 0.117480527122752
0.196881627626645 -0.425793850067118 0.0876822714516063 0.185984569966056
0.483526408628351 0.045389179244161 -0.0191352056765687 0.117519387919848
0.200297042070632 0.476230054978773 -0.0842473097646271 0.00551258631378517
-0.178089578503978 0.504191392228774 -0.0400470378567262 -0.0986757339173596
-0.19947176726443 0.362548801486944 0.303181313485805 -0.0726805139103868
0.111127200383315 0.382405333488626 0.315761022329138 -0.123975793711477
0.30728328474929 0.119753760988933 0.231255823263227 -0.254388308665611
0.203729744196557 -0.222043538278589 -0.0153561074277187 -0.363948531654894
-0.0100836468883874 -0.295489976878095 -0.232724226592316 -0.272034321239256
-0.170571767046067 -0.235828577612508 -0.336592238388973 -0.135352706191395
-0.285591556162256 -0.0896877457765915 -0.320514230867648 -0.018924922702236
-0.297498003365668 -0.026512677540548 -0.218141965110975 0.0313678869674574
-0.305159364586581 -0.0444495849420393 -0.116332011100265 0.00624767000588936
-0.275447042245356 -0.229273034322106 0.0157499329879178 -0.0103725506141892
-0.0708811401935113 -0.364580293037854 0.0964184068073465 0.031969254202932
0.209473681814058 -0.341613882510777 0.0875102284777607 0.0973831641921565
0.406214976242988 0.0758118662229969 0.0281880553998953 0.0675107383435086
0.15985574225005 0.408258510317648 -0.0768754700234245 -0.0157623964853035
-0.131291172078997 0.423956991785395 0.0155620742476338 -0.224097983570085
-0.11084539363294 0.246237807643896 0.383228098028051 -0.200917701185443
0.0808824784509699 0.239351723695724 0.30276949606549 -0.226462314601369
0.195224163565862 0.0733933049144109 0.189862215490453 -0.300535564281729
0.13105271831721 -0.130835408894718 -0.0381911377651685 -0.367130183971849
0.00522978052564215 -0.183347509718889 -0.244679347636827 -0.296488427844963
-0.0984064306911071 -0.1536137503175 -0.384218634573754 -0.172444651571732
-0.181141598221513 -0.0675913718513199 -0.400746683984828 -0.0444035346278201
-0.189313580663105 -0.0346135624394951 -0.308535390084743 0.0185145085232668
-0.198212904953098 -0.0510341171098903 -0.206746333109841 -0.014969960168332
-0.169331479359953 -0.176209639295308 -0.0713600237297355 -0.0591016084043815
-0.0122071804624537 -0.246849713694188 0.0533597906746673 -0.0487079541279876
0.164556461958317 -0.196737023642831 0.10209115086556 0.0430289073305472
0.25263429498065 0.0771640991334326 0.0485820307652341 0.0582828654449927
0.0973375236314914 0.263842382864871 -0.103589569464356 -0.0264968972890262
-0.0631364339633486 0.268138153890864 0.0492157135406733 -0.320044819075641
-0.0489652530838411 -0.0551801851301087 0.210025955561469 0.378356919968965
-0.0903512477494791 -0.00878125263955657 0.236641249846132 -0.0386020710167505
-0.0583054478623002 0.0338395327029686 -0.0588188128264622 -0.0726735617171774
-0.0199846066408529 0.0682584574471522 -0.111646952592308 0.0354381811599775
0.035510435683439 0.0693681318654778 -0.0124806959589794 0.136778791572911
0.0635084357791582 0.0304258848422766 0.163206257383558 0.0617331850869305
0.0711104211306124 -0.00814663793367228 0.246824078712617 -0.10581057038005
0.0601846439419492 -0.0072728716771208 0.292813589058997 -0.200378998956834
0.0628081460038297 0.0106560370362967 0.363575818377127 -0.227129881214475
0.0622506715828961 0.0448789301888667 0.423711419458632 -0.119429788691312
0.0255689420381599 0.0715130749492891 0.403859053528258 0.0512031035810864
-0.0333216265714077 0.0813782269732953 0.290243970401874 0.225359658262785
-0.0871176966842974 0.024244317401353 0.114868240456165 0.376721869940287
-0.104287255182434 -0.0720964417870084 -0.0460233510258993 0.416475235321752
-0.0654810990036405 -0.102824460404061 -0.193880416161136 0.501835055804863
-0.00667991236753318 0.140552495477767 0.213200127554821 0.402775565474563
0.0806788503120017 0.0938791843038309 0.241993831877083 -0.00428372363678912
0.107527946522936 -0.0272006823713396 -0.00277393219959312 -0.0674395385993984
-0.0198808946465827 -0.109190137271651 -0.100460155963854 -0.0012985891534501
-0.0912139973139054 -0.0438339255581284 -0.0330280873968827 0.124837239765562
-0.096204086915635 0.0177588436539161 0.142423110204406 0.0792268315828328
-0.0634733411890084 0.0655029600938711 0.243243916766965 -0.0753266736290867
-0.054771739224677 0.0813263572811081 0.294067069750652 -0.187451504269646
-0.0583636332142036 0.0776687229553485 0.356420725816394 -0.224298088536945
-0.0826544153753885 0.0266009869367536 0.421713284768239 -0.136791501234835
-0.0750440418949051 -0.0333584183894734 0.416976171151363 0.0303961493964599
-0.0402747797337166 -0.0685367541487929 0.319579935365056 0.204135985060831
0.0699376631947095 -0.0396053432431527 0.146966049910834 0.361842706767414
0.0571780628643203 0.0615263556291394 -0.0257015973957601 0.399733609103442
-0.0295142604016266 0.128882260366678 -0.155566840381576 0.480678777189778
0.0190940785206539 0.314242199428244 0.202655595998324 0.366881780901134
0.22955176586609 0.193503984427865 0.239314704464848 0.0334998220446127
0.261549392443754 -0.076221032025228 0.0783622418414373 -0.0785031479709126
-0.0107433708647745 -0.265663752851241 -0.090731757143731 -0.0801272110648368
-0.194748735571167 -0.151580114237308 -0.0930665014229054 0.0833432498892837
-0.235890806632543 -0.0084197408862427 0.066960866634539 0.0957337927508525
-0.189875076721771 0.120872249373569 0.188570472939026 -0.0255846337590821
-0.161772134245736 0.158905869906888 0.252461834783095 -0.144488693025584
-0.165949903989783 0.143608124381469 0.307737785021975 -0.197127850008275
-0.217619552605918 0.0238842519895337 0.386444200897737 -0.147290978478485
-0.182470962265592 -0.115869683570175 0.414898755504422 0.00254644888070982
-0.0720993850780617 -0.214042820585729 0.33878821104801 0.185899439130382
0.209501920008884 -0.127950510241405 0.153587428392219 0.334162376668885
0.224830016277171 0.163792070961384 -0.032742565173959 0.341902641043008
0.0299527761027484 0.334614085940282 -0.120655193325993 0.391066668858273
0.0270937344515908 0.442516607913061 0.198178813160257 0.278821951406279
0.336836833481087 0.272068294806412 0.257624705723819 0.0316641708159917
0.372530526323531 -0.10950437897832 0.148512125525376 -0.144452786097017
0.00117330673401693 -0.370876698464907 -0.111076456394093 -0.181368538839585
-0.259567592732974 -0.230989909043064 -0.177610147037835 0.0322612854275843
-0.332834389270373 -0.0420621412581619 -0.0417643318438023 0.108213295784441
-0.286521804973419 0.151686159677658 0.0921315358165379 0.0344377264087509
-0.245568665029806 0.212805530039515 0.171995914975578 -0.0779244630036364
-0.249638775162789 0.19591494884554 0.228070252499352 -0.145194140878225
-0.328523571241331 0.0324225441309103 0.323686637182025 -0.136916942272356
-0.284304563897689 -0.176178710347958 0.384582344634234 -0.011069035308462
-0.114232480496067 -0.344312829923594 0.323654609975233 0.171573097323375
0.32336106774668 -0.220914377829779 0.125874721576544 0.287097360168321
0.371961862590538 0.227663996738167 -0.0582437380901027 0.246978800112622
0.0973681316083479 0.482558794108227 -0.0999968096088704 0.247274435927443
0.0313432916619227 0.507774155536003 0.211487393653347 0.136115933350991
0.387707303182646 0.309759377702515 0.276824857960596 -0.0444227404639977
0.420536110552112 -0.121065306969548 0.161650869731535 -0.243055689085636
0.0147223397470813 -0.407288099722536 -0.16132168908813 -0.263186265373151
-0.274505956247882 -0.273103501365026 -0.26288656191926 -0.0124619878953461
-0.37258360188573 -0.0700835618242603 -0.161158710239113 0.112568906648457
-0.337946257620328 0.158512685451281 -0.030185812070441 0.0946168756343554
-0.29254127914255 0.233419485787241 0.0661167173572011 0.00546296648564308
-0.300262973938089 0.220115757669842 0.127728407572373 -0.0716482589751516
-0.403735430175217 0.0360263437114366 0.236519277765576 -0.103726934079013
-0.35519215065625 -0.222062354079651 0.314765147308873 -0.00896591138954257
-0.135151033971402 -0.442197773675627 0.263069505394534 0.14834585726881
0.40501183582035 -0.285046386781122 0.0774648147001499 0.205396208725421
0.464116834986433 0.258432093737816 -0.0765702677064512 0.140163912785513
0.154449606332256 0.551542657365301 -0.098036288455534 0.0819478136162145
0.0365607309498332 0.499424920406532 0.225229144504007 -0.0455431322850333
0.376904708901935 0.295837547966891 0.254591481326187 -0.168732351673675
0.396882816174364 -0.111437185035518 0.114942348936468 -0.322637881555991
0.0254248146170832 -0.375332074401731 -0.210156406416642 -0.298354913433652
-0.245989278321188 -0.271062884262632 -0.32220005159173 -0.050013777215387
-0.351548468451709 -0.0842976690921571 -0.270188609251321 0.107636433493161
-0.333822648405966 0.143053028807837 -0.157055369225776 0.148825201609426
-0.295780127683929 0.218132871098482 -0.0481002132615456 0.090452200702326
-0.311177989413067 0.208309458194932 0.0197332709669176 0.00740082348451641
-0.421807607947797 0.0214170633261815 0.125722858201428 -0.0565746894928704
-0.361938046664783 -0.253863449442848 0.207180188176738 -0.00907481295963825
-0.106382962822433 -0.47324025757506 0.182034698206956 0.0957438281404614
0.435542782374984 -0.277224147762098 0.0487307438721294 0.106009244915586
0.475551122586152 0.261629195374055 -0.0789127576138948 0.0657344354385175
0.178999082351968 0.533790671195977 -0.116326925217699 -0.0754415862111058
0.0475507748412297 0.414598782724174 0.224764994473237 -0.233853753120638
0.30994230943311 0.233651452600016 0.191174122343461 -0.286176514966627
0.316054589111529 -0.0898149184505995 0.0446886275862333 -0.359250794258867
0.027938755234041 -0.293400243254586 -0.241436644454272 -0.29709389962551
-0.186639646938654 -0.225091084464482 -0.35843842649575 -0.0760462639468354
-0.279814544731247 -0.0795486260022208 -0.357873513234282 0.101369594922213
-0.27714671620677 0.109268064985033 -0.269449559581914 0.192617947319002
-0.253886747794473 0.168071098242749 -0.152633339038111 0.161933957741869
-0.274773851994692 0.159524382146815 -0.0855570683360414 0.0753537222039076
-0.369610440710528 -0.00754999960051843 0.00594880692572914 -0.017097547141753
-0.292389634302589 -0.251582024472965 0.0915921639805365 -0.0311946378935359
-0.042326490722665 -0.410730344947469 0.125030894032748 0.0225659675469063
0.390999461945104 -0.201254498332012 0.0559767482668322 0.0356570501432351
0.395255834516604 0.232509707485568 -0.0833325337492603 0.0450220681861685
0.165559053412065 0.434702123127301 -0.149309216291121 -0.208720455610459
0.052636572332126 0.264539461091524 0.20029470787487 -0.389080997878595
0.20121794936412 0.139756038390347 0.112737102189752 -0.362197748353245
0.198895259730385 -0.0586294307852502 -0.0218435227442347 -0.3671778628615
0.0244522796909368 -0.178988568157531 -0.260332629108568 -0.280572233802883
-0.107082745068924 -0.145623089556743 -0.38016841615656 -0.0867186934905019
-0.171299737184075 -0.0599226420447343 -0.414247225216396 0.102797514617569
-0.182141997135816 0.0613555196219046 -0.347207928726991 0.222344575178315
-0.173626820583999 0.0939997650414818 -0.231008959207628 0.209493389054807
-0.192578350126082 0.0845465054020278 -0.17232090297301 0.118843954344877
-0.249378120821203 -0.0334027823019863 -0.0952928251069243 0.000174067856549693
-0.168634324413475 -0.193937441199985 0.00518600422669264 -0.0686436246198966
0.0115430962575752 -0.26492766994107 0.10459692534795 -0.0330709617663436
0.263187109193935 -0.100185030941853 0.06805703599586 0.014729025113979
0.247781742362557 0.153871225434422 -0.105083122421943 0.0536156238218523
0.11957216961106 0.259629929922181 -0.180014468868242 -0.300791324238561
-0.0523665251155834 -0.0528840282964677 0.236009065022154 0.376116030048761
-0.0911214490337289 -0.0040972166841514 0.239744688626812 -0.0560029203815444
-0.0559683972310871 0.035645693914591 -0.0629270134507395 -0.0721256839021044
-0.0166339207956865 0.0704165623237599 -0.109113204813397 0.0431343465945208
0.0403948867572012 0.0685840902558561 0.00120273761220533 0.141192254330033
0.0677682958447106 0.0287416040596927 0.173087119303942 0.0512032104117733
0.0728025717028643 -0.0124662118306769 0.2428775184028 -0.124796123144238
0.0611630025118745 -0.0106759634169726 0.285381535804531 -0.22263979734644
0.0656988413772801 0.00795775707174996 0.358273131907216 -0.255707797261026
0.0667119748669939 0.0415136554201164 0.424491437509748 -0.145467450539159
0.0301870052420417 0.0719448153131863 0.414174544792623 0.0310422715368205
-0.030162026092885 0.0848446190099385 0.304742972187139 0.216355024665637
-0.0874235840343896 0.0269506144452075 0.13453116253109 0.378928999727931
-0.111435354550449 -0.0680474790953275 -0.0318394495153894 0.423672972812244
-0.0682832551699493 -0.100130803064023 -0.181869017407462 0.517104373395812
-0.000140625845294142 0.146906793471498 0.23913260785388 0.400485481863723
0.0876894803899078 0.094093062115509 0.244932999539067 -0.0203990718424404
0.111141755065456 -0.0334015471083563 -0.00349055398762876 -0.0691112586534816
-0.0247310796238974 -0.110439697028711 -0.0984092499631629 0.00478194166451876
-0.0948723142280462 -0.0395101362161012 -0.0216017341518313 0.128089135213211
-0.0978424513858731 0.0250378137214565 0.151993156680188 0.0719114205893222
-0.0603549672248135 0.071487849464978 0.242167209011901 -0.0927832573019599
-0.0506463464669402 0.0871231007751271 0.288623089979527 -0.208677960576829
-0.0528328324226906 0.0839133428166563 0.3513895868812 -0.251510893619908
-0.0819457264007724 0.0316703161635704 0.421115431540558 -0.163639616599214
-0.0798580352841743 -0.0283270714774192 0.427571435903496 0.00899315706980861
-0.0454216246332327 -0.0663613907845648 0.333556328555411 0.192118143335295
0.0688404799995144 -0.0473594381248875 0.165436461666628 0.362079039769949
0.0613162038900495 0.0593677323028248 -0.01085816701652 0.405659264491422
-0.0222978293904115 0.136069316249906 -0.143658956174985 0.494464877772471
0.0352380758498139 0.324173307008958 0.224356300208289 0.366514814787659
0.245693623277843 0.188190207965017 0.241985834228681 0.0202400942828102
0.267805637193662 -0.0923664654105329 0.0796955252300714 -0.0841697849038554
-0.0234878301622401 -0.271083730823427 -0.0916802568766808 -0.0765913708706839
-0.20798903921236 -0.143611043105345 -0.0847646002461149 0.0880353727383026
-0.243170734032632 0.00617104098836936 0.0763546459069621 0.0935117421319876
-0.1864114164132 0.135585289230916 0.191034105046695 -0.0383657995781536
-0.155242492941719 0.17295895628176 0.247580438634832 -0.16282796963841
-0.159053292830923 0.15715189418652 0.303037003190507 -0.221290488076646
-0.21994822644078 0.0372368685752741 0.384420889200225 -0.173423532831073
-0.194860252050361 -0.106212680490698 0.425010464550952 -0.0199518189841616
-0.0870105047574776 -0.211921325179786 0.352905297955072 0.171728904372814
0.206406757557183 -0.145275369718892 0.171013181718755 0.336127905972826
0.238976347351169 0.155501172853875 -0.0218078634443385 0.346784740628329
0.0475593055342352 0.345186123185126 -0.111976563696898 0.400348087579677
0.0498476986992166 0.45480816713401 0.216349764914917 0.275240633919273
0.359237083127036 0.260712342453875 0.260073680995311 0.019999938591645
0.380549310170306 -0.132571407305602 0.150034807012373 -0.154645600685004
-0.0189002434570486 -0.379792187587524 -0.116454888502534 -0.180309312498245
-0.278976863391355 -0.220462941933372 -0.175971939302133 0.0380825500572509
-0.343902249753469 -0.0209014336070834 -0.0355496388364554 0.111702911559288
-0.283175124992397 0.172700247132006 0.0967011999696269 0.0287842422510832
-0.236567933295752 0.232815141083693 0.170639960892833 -0.0889271588592894
-0.239845108217453 0.214962732335356 0.226343360706917 -0.162226703603667
-0.33375031154832 0.0531153387224899 0.32125479752693 -0.158511499188877
-0.302531283233604 -0.161543994171229 0.39290279045858 -0.0322721136078564
-0.136301476663939 -0.342195732185662 0.335630690839034 0.158144651614905
0.318124783976219 -0.246623258900933 0.138148421213424 0.288362037128167
0.393234277143217 0.213932927383033 -0.0513861576585643 0.251597731768122
0.120306803345197 0.494613858164274 -0.0953504340866378 0.252426084568362
0.0561115076691225 0.522379871086193 0.222266092925442 0.130193672277652
0.413763824136307 0.296583393598593 0.278226587706908 -0.0572746349518824
0.42632980404667 -0.146849747197844 0.15954400460826 -0.258223702395124
-0.00672611227193703 -0.41539240039411 -0.172965585956401 -0.261344094039789
-0.297950365887539 -0.260235776264021 -0.266186573977249 -0.00470765881828704
-0.386250070120025 -0.0485681276120775 -0.156546794679092 0.123383835005002
-0.333392413714739 0.182842057738484 -0.0236071258738339 0.0974118098263131
-0.283173111702507 0.257429919244957 0.0666779272189633 0.00198623832318836
-0.290885028524948 0.242839573964902 0.129149931878789 -0.0819744622931411
-0.409470505699287 0.0619108654392793 0.233849713942361 -0.11827987823013
-0.378319818368416 -0.205522208374197 0.32243843185784 -0.0251993445996504
-0.163598816134048 -0.443092848093594 0.271139063308015 0.137084688166199
0.400316464834106 -0.31453870627527 0.0829577573919708 0.206609166845687
0.490079201019814 0.241155077283981 -0.0754047182851807 0.144597779572141
0.18043954195197 0.561693137192297 -0.099506763486785 0.08508749717549
0.0621147547694494 0.512189048904618 0.229052237463625 -0.0550235042241558
0.399779959487977 0.282973874475218 0.251500660136481 -0.182156013721594
0.400563857810385 -0.136016085944834 0.108065132341047 -0.338188169824275
0.0040739251919617 -0.383413648359113 -0.226162346751278 -0.294711729978816
-0.267115649434961 -0.259728758977001 -0.33091496794905 -0.0390722103955566
-0.365381378910978 -0.0638002487643832 -0.268503393712447 0.124928725884303
-0.329094873164108 0.166912856286712 -0.148994940366083 0.160004338745127
-0.287357084577428 0.240759593556961 -0.0441445184577625 0.0951691012451765
-0.301434297673719 0.229920069989557 0.0228124444993351 0.00594280957817152
-0.430427726405838 0.0475818127268102 0.123190047842047 -0.0632617552409693
-0.386455004256726 -0.239437775858367 0.210880095865675 -0.0194461065993674
-0.134148501629984 -0.47620730138459 0.184057913722196 0.0865288457666572
0.433809471171248 -0.307819337587685 0.0487074476773148 0.105694302958508
0.500424819835971 0.245709382174287 -0.0787246736093725 0.0686157226365064
0.205075906829202 0.543850337289099 -0.125369496004559 -0.0753921560272522
0.0699173462752791 0.424084387911957 0.219979643552232 -0.245948306671194
0.32834861758701 0.221350974038228 0.183428030762828 -0.299753575702909
0.318262229259249 -0.108715571624014 0.0329011008151277 -0.372681918611686
0.0117781659523345 -0.300019038988305 -0.257592164820879 -0.293386943261044
-0.204378676884186 -0.216303184384564 -0.369041835273963 -0.0641430564329421
-0.291512901297268 -0.0641943591167727 -0.357538528796531 0.123413235065247
-0.274724419690885 0.129029370616534 -0.260501606279805 0.211046173887688
-0.248800598802428 0.187505852272855 -0.145683596176872 0.174626922773921
-0.269687905490085 0.178236602839497 -0.0815900595950969 0.0815673207313869
-0.378950134418909 0.0138171733904868 0.00307808719442367 -0.0155642803061254
-0.314210314030673 -0.241969250866943 0.0901323156190545 -0.0355952010762677
-0.0653437738781379 -0.416043346190986 0.122690371000537 0.0130005805230479
0.390049896890756 -0.226339433102232 0.0535736183831542 0.0334945190319298
0.416359664158147 0.220093998352507 -0.0817240216585079 0.0506246184644747
0.184366345818706 0.439383876190113 -0.16418929065244 -0.207055839097078
0.0657312059700822 0.26900880925011 0.189286717470708 -0.402139586111616
0.211184966784795 0.132759685855328 0.101055760832546 -0.373329728282519
0.19966658718329 -0.0698089521155038 -0.0376775446242318 -0.376579783981198
0.0152586014685308 -0.182570029208971 -0.276855614391669 -0.274348425414385
-0.118006499527109 -0.141915788834135 -0.392037476172859 -0.0719953325058186
-0.179192451536019 -0.0508979320638535 -0.416222008781211 0.12829749105254
-0.181124217882386 0.0725709600792172 -0.337786634337219 0.247846427271531
-0.171646406603215 0.106205693137805 -0.223514101439592 0.228072735407085
-0.191143359503898 0.0970176167260001 -0.168190721739513 0.13166909075786
-0.257248775629301 -0.0200055213314393 -0.0993224580029554 0.00799983121193283
-0.184104411931885 -0.189429576993029 -0.00081595096372051 -0.0698449681871077
-0.00165531763390547 -0.269851321394522 0.100707696560925 -0.0426435038641117
0.264865647132907 -0.116215312189594 0.0670697312499992 0.0127664504409664
0.25961943132142 0.144779813151459 -0.103675222173079 0.0632972142985845
0.130953530065998 0.26017799783387 -0.198625948016243 -0.299921527991173
-0.0558457345741778 -0.0478082151805902 0.264783105173435 0.361471066215982
-0.0903778986272462 0.00351159636140229 0.233659004272797 -0.0771178809651754
-0.0531176670733731 0.0376167768563883 -0.0668655645335391 -0.0684068666304681
-0.0109779611108401 0.0704269182472668 -0.102714591862984 0.0509082365930151
0.047393855053827 0.0656450846657135 0.0177882651869546 0.141769283837249
0.0708629274100503 0.0240077556806259 0.179724728163052 0.0366505396635359
0.0711359036541217 -0.0178388024682407 0.230061505145977 -0.143123530170109
0.0609275010584811 -0.0148320260939236 0.266831495557886 -0.246315963626461
0.0670289268628378 0.00209590450827353 0.337781480046388 -0.284286176472937
0.0706501817717752 0.0354702228433953 0.413531724468488 -0.177076986224759
0.0344143169461287 0.0702366197057076 0.41655595471324 0.00253385991196189
-0.0235748336025031 0.0863238789364675 0.317830897753014 0.197757879835548
-0.0861509931915177 0.0312689708186752 0.161281312432624 0.372156357264236
-0.117842803321068 -0.0608172558952628 -0.00913398259981754 0.423083242217586
-0.0716221394342662 -0.0960931883313337 -0.156628228622606 0.528451934480614
0.010639156772377 0.150914163892717 0.266631705261006 0.385014783566401
0.0958098039687562 0.0901503142870152 0.240543282910647 -0.0398300677621147
0.11089048057311 -0.0425796759779156 -0.00581501433963845 -0.0696321521812746
-0.0317888402020411 -0.109765558524438 -0.0933923471300358 0.0121047420683375
-0.0975797830279897 -0.032860905510876 -0.00642977079530794 0.128840976368076
-0.0955176581535092 0.0339328840870381 0.160412544181912 0.0584386951970907
-0.0545657510345639 0.0765566221115517 0.23403148501065 -0.112421383812917
-0.0430067107295615 0.0922346279809856 0.270447938302647 -0.23238744339866
-0.0447354423011734 0.0884553395109136 0.332773681489285 -0.280147945263928
-0.0783127675754514 0.0377815563049725 0.409458713243709 -0.194896690820728
-0.0820938792576824 -0.0210453790460921 0.429577130633129 -0.0219840024883039
-0.0508411904778409 -0.0622256369484641 0.344456836168751 0.169306476290377
0.0642219036064802 -0.0544673230695473 0.189644076972669 0.354482687832357
0.0652242019999008 0.0541133121119619 0.00928834180011467 0.40462115040834
-0.0101894111116116 0.139811083578578 -0.118675708617311 0.503626956433285
0.0570477079129296 0.326798309752183 0.24979544229776 0.352900238703265
0.261010598267568 0.173734925533984 0.239031086566535 0.00321106696330003
0.264636015847388 -0.111795400551436 0.0773293077408962 -0.0908683915695819
-0.041904057053852 -0.271070935528994 -0.0916850608212946 -0.0707834141986371
-0.218949156794218 -0.12844682916286 -0.0735737828539746 0.0907170410166052
-0.244044473402049 0.0272446487019488 0.085339627959976 0.0861410075834803
-0.175144770667185 0.151576718712432 0.188291649136583 -0.0536973958398479
-0.140023674216093 0.186206607676593 0.234198938213345 -0.182953651653796
-0.144403163981799 0.169332934955807 0.287073988483837 -0.247388889590761
-0.216317107121165 0.0551579144438649 0.371879895979665 -0.2014876956783
-0.203649264326997 -0.0900063824222926 0.425652899774827 -0.0509705474813045
-0.103301367636926 -0.203349637550408 0.36136574020615 0.14770628159991
0.195419622823567 -0.162793760943907 0.19227713540817 0.327049882969463
0.251635132027644 0.138084971214294 -0.00409776457753358 0.346120854901353
0.0730891321678504 0.34701197067199 -0.09272835601617 0.405370369583135
0.0818083632623206 0.456168382586399 0.234442655781102 0.262644266645576
0.380416049645405 0.238538383579304 0.258553669562101 0.0036343333018025
0.373893215393558 -0.160755651823885 0.146248951963553 -0.166955921886664
-0.04472940412775 -0.379251620148712 -0.123022142293614 -0.17405793116009
-0.296166964135499 -0.199597833750115 -0.171232349759214 0.0456052311142798
-0.348782184888599 0.00657247759721112 -0.0252317412233275 0.113407129823267
-0.268135542178831 0.196251891733249 0.100087084967038 0.0206987750351193
-0.216981309553903 0.252879230887967 0.162538464030428 -0.103009579410088
-0.22143343321612 0.233732090031609 0.213742031259716 -0.18185685037069
-0.329711341431678 0.0790957614295642 0.308136541840359 -0.182927726646005
-0.316751762881641 -0.137154921798679 0.394630777654962 -0.0610067690951776
-0.163893210353279 -0.330643614742289 0.342223635706902 0.136134573634006
0.301068533150277 -0.273912376488547 0.153895338103332 0.281975878553709
0.410689414854137 0.185539858617325 -0.04167932118231 0.253906973694519
0.154899301830202 0.492104087305624 -0.0854731763067925 0.257419436058716
0.0920120686597112 0.522067638832402 0.231129476778168 0.116722240533146
0.436390012216144 0.268207588805589 0.272978660797779 -0.0736689281871612
0.418633093150619 -0.1783074177238 0.148681466093351 -0.272282713122014
-0.0382890260380019 -0.415712604804222 -0.186692294244966 -0.252938851761707
-0.31916097492952 -0.237824902751765 -0.266898550705938 0.00954845976749218
-0.391459451723434 -0.0163675073217895 -0.146164465181289 0.133950645860431
-0.317459890397701 0.210617605810516 -0.0134586708500244 0.0984176621528006
-0.261873319169305 0.281212409378433 0.0667224638479579 -0.00369520405292506
-0.269855186876396 0.265088499513372 0.124130618997724 -0.0933873095459876
-0.40568399121404 0.093894639759084 0.223600687683983 -0.135660982236829
-0.397762352609265 -0.174992648202975 0.322535757353108 -0.0488710603873495
-0.198024545828879 -0.428894080571901 0.275434187252564 0.118387366178522
0.378598844783422 -0.348232653050915 0.0917366836136713 0.203194556408113
0.509734461880554 0.208931708320765 -0.0703821170593638 0.146525742561021
0.218233800896918 0.557615271466345 -0.0990952383950065 0.088503056809029
0.0981545442529157 0.51269326055516 0.227046012348178 -0.0679350931296971
0.421427911655444 0.256306292905822 0.240608965277798 -0.196237913936013
0.393747512960552 -0.16437728048534 0.0901839432462107 -0.349411833343258
-0.0236910186099316 -0.382910177544922 -0.242465627615581 -0.282385991529946
-0.287976633574529 -0.237112250800728 -0.334540046525133 -0.0203839953399386
-0.371654255739772 -0.0344030356192799 -0.258068551824898 0.1442204406868
-0.314619654576781 0.192476423649907 -0.133990013456577 0.170111480730188
-0.267794979466063 0.265793004076009 -0.0363715335165987 0.0990384388377479
-0.283482776753215 0.253417697074894 0.0244613099835152 0.00281595007783312
-0.429561655391916 0.0810186772400203 0.117533837928708 -0.0710454638702299
-0.407907600927827 -0.210271131437818 0.21046295232185 -0.033925153362482
-0.170110275406275 -0.465436283454892 0.18374029347731 0.0721657642312392
0.414866019570056 -0.341403948121792 0.0503244177053519 0.10343809324467
0.520419958043395 0.2140585515299 -0.0757488691345101 0.071141901451863
0.23756666662129 0.537959607191368 -0.133786090784133 -0.0692054404745308
0.0988112173323315 0.422455322763289 0.206243851832947 -0.258377127184966
0.343730222360973 0.198853070252954 0.16571166763534 -0.310465126202242
0.310363357712008 -0.132447085693067 0.0105216927703296 -0.379306123964877
-0.0104781174756629 -0.299139055276443 -0.275126101877717 -0.276902007357525
-0.221573601295132 -0.198996104119995 -0.37548949880512 -0.0420211410543269
-0.298426115249217 -0.0410096967044355 -0.347492711604972 0.150369605764725
-0.262938046613952 0.150531983501531 -0.24086994243628 0.230958637966784
-0.233646675092163 0.208086204124859 -0.132131988762542 0.186716186649105
-0.25579168642807 0.198354954146268 -0.0745219315637262 0.0884292466058059
-0.38026005073533 0.043616556096734 -5.8786114696784E-05 -0.013342422895012
-0.33558627906791 -0.219414702463699 0.0865334657278102 -0.0415596351127016
-0.0934124696120653 -0.410699410882198 0.117262472684321 0.00112994194763119
0.378797027013232 -0.255320268150768 0.0515613702461095 0.0304410481234976
0.432790279770075 0.194459900134658 -0.0777911527480108 0.0561080107524709
0.210771370008983 0.434361090257224 -0.18155776805931 -0.199238055549464
0.0839086039834839 0.26677031170319 0.166263474931647 -0.41368744306807
0.218760209692369 0.118753571672315 0.0800600071700686 -0.378618440236205
0.194691810568227 -0.0842098929140147 -0.0606537426224912 -0.377852864742152
0.00173118286185142 -0.183015360164987 -0.294972890322683 -0.256868965188353
-0.129803456721395 -0.131268092502599 -0.398634754435412 -0.0466222258733979
-0.185133595497638 -0.0372842689111342 -0.405996256451063 0.15865644158845
-0.174408125515704 0.0868101747862681 -0.316080720764675 0.271455373791209
-0.163940277022409 0.120030084589608 -0.205630777315009 0.245937036611128
-0.184790320058838 0.11056274390591 -0.158347680693274 0.145732903003304
-0.260392647141984 0.00025543621200475 -0.101021065131026 0.019413917010795
-0.198624314432285 -0.178041716490137 -0.00900839269837712 -0.0689258473544464
-0.0198790230813824 -0.269523294455736 0.0920353198541126 -0.0539941754073021
0.258377536682884 -0.134747144060478 0.0639711505256956 0.00995271384651942
0.268382385881059 0.129035900605486 -0.0970270807109614 0.0725935221765753
0.145739361566299 0.255431003309707 -0.22166114784309 -0.288372471849021
-0.0567327495903966 -0.0416254255128149 0.284358965608868 0.336875955275319
-0.0865453098114791 0.0103088305073514 0.220161944465462 -0.09424624754219
-0.0493341174601199 0.0379446951281207 -0.069572747236373 -0.0625815782267964
-0.00580049472700389 0.0690716714029204 -0.0926958310401282 0.0558944660260064
0.0515099502486139 0.0609068398845652 0.0339702476920094 0.135694496745539
0.0722460580896968 0.0184514833465472 0.181202340980376 0.0198194225067849
0.0679515819221924 -0.022254773938419 0.211749592248511 -0.157372327709068
0.0590589133641173 -0.0187662522115473 0.241122416043236 -0.260045370025459
0.0659374930023598 -0.00328506331176069 0.307052058239318 -0.302453774080048
0.0723708161325071 0.0290657939391726 0.390089297696981 -0.20231626379186
0.0387104765030745 0.0663200573410305 0.405464296369548 -0.0268171345023387
-0.0166900103178122 0.0857775130707033 0.320987020183154 0.173567031789881
-0.0832770330012471 0.0345305198716087 0.182507255763364 0.35488606759106
-0.120168760066446 -0.0506412045644944 0.0139759253434113 0.412685973334662
-0.0730339612007506 -0.089064206078263 -0.12499769490449 0.526725219809094
0.0211056394515535 0.149931825277004 0.286313947398192 0.360466626902329
0.101168050571804 0.0825774008535434 0.228296512106955 -0.0569454617852516
0.107379893082168 -0.0506835625681523 -0.00905243893682869 -0.0684478003020667
-0.0385612379096303 -0.10660909132367 -0.0866053702368899 0.0171861342186061
-0.0975603955911327 -0.02590930942983 0.00824250647492151 0.123674234904278
-0.0905055246275332 0.041427635651464 0.164425439114631 0.0426447641369413
-0.0469735363745287 0.0793388403823836 0.217893054742156 -0.127463656279172
-0.033180435048512 0.0935171206586861 0.245796647542122 -0.248185897353045
-0.0349181310169033 0.0888841001258985 0.300544562619331 -0.299402171713801
-0.0732048472107069 0.0422965898901356 0.383304410417281 -0.220328512383512
-0.0816500935230006 -0.0131217429445973 0.418897215738753 -0.0514638214814559
-0.0545222205758623 -0.0552992445285582 0.344722515044959 0.144454335796925
0.0568897644041782 -0.0601263147518811 0.208268837939116 0.334529140926996
0.067251824838743 0.0485091341253587 0.0306636295175635 0.392200972899825
0.00293441158095732 0.138459762648582 -0.0902677730566514 0.498296584235969
0.0788414725106585 0.319444894417842 0.267357958225278 0.328800785612671
0.267950742794351 0.153871174541906 0.229328354774754 -0.0124218219899663
0.253412992503687 -0.129267436007513 0.0733517229502073 -0.0946335490317068
-0.0596337324773931 -0.263138927767571 -0.0888687859104677 -0.0642765158942216
-0.223453366762304 -0.109758600961755 -0.0626371263001237 0.0894608298060111
-0.237033764432933 0.0461049619460703 0.0925646003136181 0.0756550582307489
-0.158389411818743 0.161610205860388 0.179664817771298 -0.0677745914073526
-0.120253268465064 0.193401042336905 0.213718115574161 -0.196932180018333
-0.124967483205025 0.175328671111323 0.260786419933304 -0.264748213499649
-0.205870994478883 0.0697336190449217 0.346606456156011 -0.225088490557403
-0.206141478593419 -0.0701242402909938 0.413263551180111 -0.0802175159147028
-0.116586890286954 -0.188789697369329 0.359461936980053 0.1212826193244
0.177735258084517 -0.175551361025069 0.207258768136917 0.308675013914887
0.255760250140749 0.117343355008848 0.0123837264198108 0.337595755860256
0.0961870113841881 0.337649894783118 -0.07171120235275 0.401618721199674
0.111854444160021 0.445175908851724 0.245403229636866 0.241912973204264
0.389149088161574 0.208660264933527 0.25030049517127 -0.0102338427614655
0.357548824901264 -0.184378072567339 0.136318443014204 -0.174456319342208
-0.070663364175119 -0.367934730622983 -0.126994547618693 -0.164633203211352
-0.304291506046463 -0.172562766004161 -0.162683629571005 0.0518604098836801
-0.339939891529083 0.0355015932832343 -0.0145064933284664 0.110848568293753
-0.244782411192693 0.212719072250769 0.100386167781155 0.0110538278786022
-0.18972239522345 0.264150238101754 0.150070705982465 -0.113192945050441
-0.195894301587983 0.243726932925751 0.195580737620607 -0.195157928574814
-0.31631769202977 0.101527961038643 0.286271668745888 -0.199846027181058
-0.321556725951898 -0.109030091478992 0.382392288346998 -0.0886642689440373
-0.18523166795913 -0.308452173570843 0.339056284276498 0.110642283778839
0.274478935384398 -0.291926633553545 0.165039176130963 0.26681431930865
0.416668345729863 0.153747488322449 -0.0294735027052134 0.247589059722144
0.185083479799375 0.477941796660485 -0.0722908172851052 0.255419484969899
0.12603127034311 0.509923428094422 0.233126157344666 0.10137840310167
0.445936018795629 0.233768947342084 0.26095918365744 -0.0860067658303002
0.399183996398599 -0.205269566890263 0.132700737111563 -0.279707288594076
-0.068119509987271 -0.403166344417299 -0.19451142394617 -0.237635749469851
-0.328747217505033 -0.207511628628222 -0.260290984725812 0.0219440686117347
-0.385523800497276 0.0159010737932125 -0.132081903888177 0.14049968726818
-0.292316582947118 0.229125760739124 -0.00401305834566021 0.0949876196842248
-0.231388577227469 0.295132894617146 0.0644162392960336 -0.0082587347299586
-0.240796712854471 0.277535407158268 0.113808818250928 -0.102403116675661
-0.391334763564584 0.122080824098694 0.208263501907451 -0.146948730222368
-0.403210596557007 -0.140519475829768 0.313562669906413 -0.0704771242935239
-0.225445631801387 -0.403243855051401 0.271128610526333 0.0980878063878357
0.347225318452646 -0.369217442085446 0.0977844131114684 0.194324112936893
0.516912744818191 0.169997936329746 -0.0644577983325071 0.145269321994206
0.249069954914053 0.538397986484929 -0.0966791036612222 0.0913946211989389
0.132196265687438 0.498451215170707 0.218982244517058 -0.0787461601273826
0.430736046219859 0.221581702306151 0.22274262609466 -0.20446511392499
0.373592272965125 -0.189520310782607 0.0684184965606974 -0.352440788271614
-0.0518598861740124 -0.371172427299229 -0.25252908794568 -0.263003189086633
-0.298482229366484 -0.208514517926581 -0.329983406245056 -0.00118929222762698
-0.367840211602529 -0.00368989698609628 -0.240100741435734 0.158612852536606
-0.289847769328607 0.2112911279762 -0.115487586988114 0.174763148007885
-0.239651822269968 0.280286414388731 -0.0287733721825111 0.099255204624115
-0.255977715505432 0.267639027719847 0.0241705340076193 3.38385845091185E-05
-0.41525703461054 0.110920149412086 0.107812508704899 -0.0751019073901126
-0.417261031467545 -0.174994680864706 0.203534337906258 -0.0480439737133031
-0.198344513486892 -0.442267213247656 0.176125364281901 0.0576286627301211
0.383719850377504 -0.36546011469101 0.0501576622269472 0.0980770495190834
0.525293038748815 0.177636018392845 -0.0720216139695943 0.0728266622230452
0.266871075526141 0.516873800655011 -0.139479285135418 -0.0607833224640296
0.124961285076178 0.40886544578792 0.188421874033025 -0.263512530801105
0.349137428347194 0.171972703729383 0.143489147733596 -0.310733603547378
0.294712746153526 -0.150151839354027 -0.0116715777283049 -0.37642489939789
-0.032008163919607 -0.288957805309756 -0.285240525873752 -0.254204740442404
-0.230117456930203 -0.175781801178517 -0.371332478921988 -0.0176862324560951
-0.295513470899769 -0.0163806646396703 -0.32771269812314 0.171426656844169
-0.242904552508644 0.166482602979715 -0.21594970928634 0.241348498750253
-0.211015853572197 0.221461327968816 -0.114813275691812 0.191787063883178
-0.234323760948767 0.211431261707362 -0.0659907057126366 0.0913818324138524
-0.369700787152978 0.0711837504354058 -0.00147486656879225 -0.0098130530245966
-0.346382629628992 -0.190419584482175 0.0804030456566018 -0.0458663905083472
-0.121235270439012 -0.396072437826704 0.106843058163145 -0.00805316989700996
0.354272663024537 -0.276245359793875 0.0473937478748088 0.0271458934856414
0.437339236316587 0.164956380959563 -0.0721952407724154 0.0585838777811411
0.23326022066071 0.416286226421644 -0.19401770318345 -0.184140996938036
0.0993306185076367 0.256338685534928 0.140926916709767 -0.413044537430403
0.221338143248167 0.102328532126359 0.0576044994022482 -0.374106393799642
0.184297263189425 -0.0952012614584648 -0.0823274573670005 -0.369215167396333
-0.0121432331114358 -0.177560003795373 -0.302682498828165 -0.232871984534109
-0.13674035150268 -0.116496784246887 -0.393190747227566 -0.0211482871008034
-0.185020460761693 -0.0218919077321197 -0.382530541382538 0.183085237928524
-0.162531463553614 0.0972182214448382 -0.286593658665344 0.287341552376007
-0.150773137346658 0.13077502225486 -0.18151626382039 0.255755975070931
-0.172167748964912 0.120607826270075 -0.143450075766592 0.154905391184959
-0.255194895945997 0.0182855015088713 -0.098365527982366 0.0293735598325585
-0.208662282019465 -0.159824375555195 -0.016288641294253 -0.0663637864526449
-0.037544581875473 -0.261466864788042 0.0794520910661611 -0.0615816805375998
0.243460316054603 -0.149723516405015 0.0601215384316234 0.00736172569478561
0.270478113108461 0.110489326562227 -0.0873756331680189 0.077491589130251
0.158704399394876 0.243116555376487 -0.239106554372249 -0.268402378647982
-0.0554573313101473 -0.0366848805882165 0.288911948619618 0.309824870932052
-0.0812573512910005 0.0145655039539438 0.204289026859798 -0.102704954747091
-0.045519547558485 0.0370300209031306 -0.0687895752608887 -0.0559379859601177
-0.00327144504240947 0.0660414837717814 -0.0829755091081491 0.0566597557286143
0.0532618550430818 0.055166242454446 0.0449790918516776 0.12705406722296
0.0720633172710609 0.0138450804804358 0.178148536304667 0.00637805523601089
0.06420466510024 -0.0248217603752128 0.192367203447016 -0.162926317382904
0.0564436031473691 -0.0213692078244392 0.214768351543658 -0.26347460292658
0.0636822934327488 -0.00599746133184293 0.276012121925342 -0.308390258469079
0.0712895378179651 0.0229934954661134 0.362600040451894 -0.216060496034866
0.0407990368022255 0.0631300678725118 0.388534987516795 -0.0450197557873356
-0.0130213772354962 0.0829109383625832 0.315451136002836 0.153654815570851
-0.0796057237739322 0.0369492926012933 0.192641138463447 0.332643545060586
-0.118499687788103 -0.0425779817972354 0.0253185138523321 0.395069298058354
-0.0715012185202791 -0.0831198214632952 -0.102633699811867 0.512354339472998
0.0294621751758638 0.145281460969051 0.291624230986461 0.333985442357746
0.103295495792466 0.0767850302847188 0.213180420811149 -0.0657635616865027
0.101132434243378 -0.0547910277122281 -0.0109582696474773 -0.0656518800184671
-0.0424189513696593 -0.101887403926315 -0.0782897407033237 0.0194338018070345
-0.0948036682818988 -0.0208008011301102 0.0184631438007206 0.116022652972025
-0.0842898774143261 0.0453254782398976 0.162414320733432 0.029444898500947
-0.0401539102049034 0.0792700393464646 0.20248458921534 -0.135100482653205
-0.0253848174234352 0.092425188658292 0.220791786730291 -0.251223331030009
-0.0265574659664138 0.0863179105881047 0.271133924099105 -0.30657078805637
-0.0676364975839425 0.0438911946979785 0.35417505831478 -0.231871636550731
-0.0805549075820664 -0.00686373595474965 0.400320623048845 -0.0732026890167724
-0.0563938276363531 -0.0486646211106428 0.335957484787565 0.123462933802695
0.0499509407677013 -0.0624576974099649 0.216239758092078 0.312709166653655
0.0673746573258605 0.0432049214034755 0.0402614052591772 0.374740621936677
0.0133996668425929 0.135164064562474 -0.0713002648447255 0.484344467675628
0.0938325135702538 0.306838298931816 0.270020090833363 0.304840047386393
0.26721284298529 0.136754960736524 0.216397113656706 -0.0204706475666466
0.239460927645237 -0.1370072781629 0.0682772010010256 -0.095196440859917
-0.0710589271766706 -0.251593987684526 -0.0835483008170635 -0.0597894601982367
-0.220934791270574 -0.0944928908379393 -0.0531212147016676 0.0843164255258865
-0.225587029770784 0.0589225044914532 0.0948067293810465 0.0651868280806055
-0.141509212052603 0.16413583638551 0.169356393770081 -0.0766651763069858
-0.102663773410753 0.19201565054102 0.193041693294607 -0.201085378184369
-0.108162774741125 0.174821237420345 0.234785849343865 -0.270448779828925
-0.194980354610581 0.0782175841917178 0.319862130351447 -0.23340413090172
-0.202550827697999 -0.0550486775263579 0.394022056811201 -0.100669980787762
-0.122185970275813 -0.17272910728427 0.347701838593639 0.100509105683579
0.160905596957596 -0.180074045503745 0.212397134524355 0.288389299826915
0.253307957752719 0.100433167049881 0.0207870809116725 0.323369944539134
0.111520866013055 0.323619726141262 -0.0572816838736942 0.388991067337538
0.13031726236094 0.426474987379323 0.245682317301969 0.22374745026618
0.387448882241213 0.183271256033192 0.23796208798897 -0.0168843094394016
0.336769860531548 -0.197538236470823 0.127451995898616 -0.176373354315683
-0.0876396259406322 -0.351136350629081 -0.125633290512706 -0.155145633874649
-0.302009047373508 -0.149336582748239 -0.15303836307555 0.0528640221541747
-0.326141380302104 0.0543673312664801 -0.00638789908366713 0.105355416124513
-0.222003872026615 0.217522580577035 0.0985076230549738 0.00194108960366501
-0.164323644685286 0.264336266463358 0.136835125973971 -0.117081495290567
-0.171510508754629 0.24281708675185 0.175180002152964 -0.200113616109925
-0.297885671371726 0.115918769774062 0.264560481994133 -0.206748838838281
-0.316348275357853 -0.085556016099309 0.365059950039195 -0.107010599438293
-0.195268027457864 -0.282953503672167 0.327954999327352 0.0919257472022897
0.249408538342158 -0.297580821085139 0.16866839546329 0.251036400974622
0.411321669158597 0.129986610968355 -0.023658800998544 0.239279218926574
0.203142367507261 0.455985003751901 -0.0649083440713493 0.247924909515181
0.148018688717883 0.487758153155734 0.228505230545108 0.0889819743014536
0.442822048546245 0.20387838282129 0.245697962246523 -0.0900443140916269
0.374565354421302 -0.218650360319005 0.118903613169286 -0.279267867211391
-0.0855348487714307 -0.383230278818326 -0.195377451674597 -0.223055894906244
-0.326378827385735 -0.179518372069742 -0.250956519869702 0.0303095462648305
-0.369401227859637 0.0395398450181271 -0.118221570006843 0.140134461686466
-0.265869719290984 0.235519163514863 0.00274365616228048 0.0890430057637615
-0.203159104691545 0.295723214247116 0.0607669389909491 -0.011266780133823
-0.212162317916676 0.279365077751455 0.102590896746575 -0.105369405598573
-0.369515700003087 0.141157474989308 0.191848310978088 -0.150842641207694
-0.397664368433051 -0.111279852229093 0.299216560135748 -0.0863886097629225
-0.237799625547555 -0.373820100752692 0.259497825019374 0.0838393592397741
0.315967675659591 -0.377203364223242 0.0973293060249888 0.183801396583184
0.508478942858068 0.141573149294591 -0.0613821161917367 0.140928380430508
0.266594302787778 0.51216626245843 -0.0942476670742613 0.0918079298160428
0.15059186339418 0.475205847248775 0.207749261062099 -0.083455213149983
0.425636211496312 0.191541586364715 0.205135531559659 -0.202820726291482
0.349533438960312 -0.201017982056349 0.0533366215098868 -0.347010024370883
-0.0693546331074993 -0.352690863842853 -0.253599101350744 -0.243628301760405
-0.296931371721772 -0.1818905784932 -0.318042386388313 0.0114363275126266
-0.354977410271809 0.0177825624532832 -0.22196056236676 0.164190703943732
-0.265077281345892 0.218326790599783 -0.0987167332002277 0.171282321277045
-0.212540753485335 0.282827543584327 -0.0214369488479114 0.0968072056977261
-0.229438973814768 0.270881596550785 0.0225759062742442 -0.00171345878586756
-0.395060420458628 0.131562238552467 0.100343734733601 -0.0755601177889819
-0.41224370571706 -0.145984838910279 0.193336308852618 -0.0566179700491574
-0.213551618776193 -0.414686874519053 0.164705670349426 0.0480093146080351
0.35321078178795 -0.372818978532637 0.0466507218650285 0.0934197576206965
0.517368583388589 0.148284282268241 -0.0691099966503339 0.0709814554918354
0.281940085645201 0.492949775540967 -0.141429562047259 -0.0531011230284522
0.139799218382003 0.389443171781807 0.171550046807414 -0.26018779442607
0.344305362867752 0.148714983884594 0.126030325541671 -0.304112919367474
0.275858764091861 -0.158884903072103 -0.0267809716695857 -0.365480999167251
-0.0458256860051567 -0.274272448580417 -0.285018345242053 -0.233313912956595
-0.229535121830028 -0.153923593295266 -0.359604570145228 0.000329859531965154
-0.285821792471032 0.00219979041571277 -0.305783346427775 0.180797727790378
-0.223018090030642 0.171668451408169 -0.191258945858851 0.241138060869979
-0.18837749628735 0.225014323587922 -0.0991847414410055 0.191158354792796
-0.213243575858959 0.215789933138499 -0.0581744162319769 0.0919668153654356
-0.354430944047214 0.0888805016873826 -0.00249908508339594 -0.00674529635978068
-0.344367141280285 -0.164329727471697 0.0737122508826824 -0.0483324698393642
-0.13418736045507 -0.372591900641633 0.0935304320038444 -0.013600688276424
0.328776309740339 -0.284706180508737 0.0420928564676572 0.024726407501177
0.430426963813705 0.141092706135168 -0.0664344667600295 0.0581921583675965
0.244022305733053 0.39477732053084 -0.19838523807042 -0.16869035183219
0.107080486325604 0.243960136112821 0.12098414904044 -0.402779515408564
0.216620877842671 0.0894200502132906 0.0419333704620999 -0.362101771688085
0.171955491702045 -0.0993536502321404 -0.0962456611352078 -0.354368951199227
-0.0200254472695045 -0.168236113408964 -0.300536861122626 -0.210564648174185
-0.135833900021933 -0.102772984501381 -0.379755649214075 -0.0016687727680647
-0.179832620139768 -0.00920277672203255 -0.357993466579491 0.196417936667154
-0.151193448334629 0.101348961931286 -0.256518664669852 0.288842838683021
-0.136013557507594 0.134961180801298 -0.159185108496171 0.255777361846194
-0.159880445778148 0.124717353166065 -0.128935737907163 0.157911288375983
-0.245611266417172 0.0307468144028899 -0.0932883647432067 0.0362685268783731
-0.210730247589704 -0.143638816139529 -0.021542577907276 -0.0628715677443182
-0.048018466755621 -0.248185944906081 0.0673800232777532 -0.0649252725015653
0.227337906191896 -0.157021952475542 0.0548069307443731 0.00638686929981166
0.26545448545912 0.0954552420449282 -0.0790210927509948 0.0791170988493679
0.162562095669143 0.229338534086001 -0.245407552389869 -0.246771137451323
-0.032422726860109 -0.0547991636041522 0.131402766129389 0.39796950983878
-0.07639716786662 -0.0209293409432089 0.220616105703508 -0.0068837230551823
-0.0566350415539628 0.0120480216172675 -0.0359397582904006 -0.0738666688950661
-0.029869293129687 0.0549294202813457 -0.0908097407102959 0.0190484353470941
0.0250167636155102 0.068249806565735 -0.00176215312283781 0.128032203855884
0.0582981199565915 0.0404847163518216 0.160621103165679 0.0708661771326311
0.0661076336878197 0.00369117341253657 0.2330751773126 -0.0720315633471951
0.0585843808246933 0.00257312790419263 0.289304965586342 -0.151894937108235
0.0598680912597811 0.0151836020750129 0.361439601502646 -0.166681538923646
0.0543403066471533 0.0418874686890504 0.406294964505662 -0.0505588775007575
0.0148170426739497 0.0661873321579718 0.357325571649773 0.112324319493558
-0.0379894765774913 0.0661012962859269 0.215590528650748 0.262146267171777
-0.0801777474534058 0.00407967926770436 0.0367770729100739 0.366443363370445
-0.0871656656063057 -0.0750940353873143 -0.132360929576189 0.351794909339412
-0.0322791122950534 -0.0932840611056973 -0.294376979615946 0.412200565296277
-0.0352614556708446 0.146858053542467 0.141513881678034 0.40766751506789
0.0582794768876239 0.110802842977904 0.21728875235575 0.0207309746772983
0.112732159155503 -0.00807572133713581 0.0149162527543191 -0.0694858953763938
0.00523926151137767 -0.106262981905416 -0.0817299216690132 -0.0135575862558674
-0.0741962780521505 -0.0579445287706936 -0.0267169468878835 0.112966471310264
-0.0919239753365285 0.00800832120170705 0.135727526306652 0.0909842091744663
-0.0651836466812692 0.0546696948124568 0.232529005864858 -0.0417590443772579
-0.0557705669031797 0.0732082609812414 0.289953361392575 -0.138907381981268
-0.0547795180721573 0.0642486393783369 0.354308245436867 -0.168341285313903
-0.077684696692426 0.0101105439307687 0.403728376740283 -0.0690059446416469
-0.0678975696151849 -0.0396744603995611 0.378209654952643 0.090406783751407
-0.0296372712692312 -0.0669575174850002 0.245053118388116 0.242182149739725
0.0734791857615519 -0.0390500724848156 0.0682454904640837 0.358907128629117
0.0494101667012939 0.0680901641982261 -0.113161284008564 0.34923660232242
-0.033318503141807 0.135932957993665 -0.267326448189939 0.400199451088987
-0.0474150808191014 0.32132267609018 0.149305477001324 0.363302991102063
0.176754532393549 0.233407014808563 0.20607134028821 0.0554173342689999
0.269283622928825 -0.0239257655211473 0.0948133020478439 -0.0740154635111362
0.0414849896305938 -0.24704582979907 -0.0637804759715204 -0.0881382117226987
-0.153257345942548 -0.171980012815879 -0.0854219013564931 0.0611409641849942
-0.220749813421166 -0.034852334657663 0.0578287819397843 0.101082826365653
-0.186587525630528 0.0894169015012027 0.180639232463181 -0.000341206054555658
-0.161984631133401 0.133128666042806 0.246770973631818 -0.104483533356226
-0.158393799170245 0.112273559651467 0.305720136068965 -0.152497116407895
-0.202183508281167 -0.00502172938012217 0.372555155575276 -0.08707895539345
-0.160142693599123 -0.126303297316218 0.384718844784194 0.0628467056477448
-0.0429186521897002 -0.201242114507943 0.265686877071722 0.224305462927264
0.215177507391339 -0.107861962272893 0.0756978348409268 0.337489883203299
0.196060657206016 0.184240299381419 -0.112031640387108 0.305490069038613
-0.00999132853388991 0.342813693520296 -0.226942267010842 0.322156154347953
-0.0656253702277836 0.445062347662469 0.171196510573193 0.274160802336184
0.262095685054098 0.323101856879601 0.227335536376639 0.0629484104532705
0.380523632865928 -0.0367601291327312 0.178364347928583 -0.130696959065405
0.068015429273214 -0.340059180164701 -0.0696132664809518 -0.192817472101594
-0.201540669447445 -0.251527008984927 -0.166812086969395 -0.00422974178661382
-0.306652886322244 -0.077919846439148 -0.0514150765292378 0.100591622964305
-0.276546541462969 0.105418202464241 0.0869993767161375 0.0442881352453543
-0.243969302493568 0.174134909548772 0.165172543051864 -0.0518785676760181
-0.240679484932346 0.150613387064181 0.226377723470208 -0.114558149321123
-0.309742630818167 -0.00729731703168368 0.311850757582457 -0.0853716411354018
-0.251515140213434 -0.194607242523806 0.362230680401319 0.0450385498686323
-0.0670079147443132 -0.32618184842304 0.250333309840623 0.206013147759699
0.337536142108412 -0.18267276931261 0.0523699217464166 0.288199594515658
0.326938005672405 0.265161322625457 -0.118679790269949 0.221668181089102
0.0251640477044532 0.494543200005025 -0.186041475728275 0.194789542443043
-0.077742704650678 0.508482894651252 0.216064160100171 0.145464346917128
0.300703706556451 0.363294456911731 0.266874571301353 -0.000469504103673717
0.421983678386971 -0.0413355113639551 0.210614774812592 -0.229898690055327
0.0798990253782009 -0.366117573708051 -0.10773829754149 -0.281671827373052
-0.21123655761997 -0.287320338873646 -0.246827248637125 -0.0621928862269162
-0.339893958759965 -0.10929179781145 -0.165587148699311 0.0896382264767776
-0.322353560547182 0.104261704224739 -0.0315078925181058 0.084179903734444
-0.29114544215768 0.187970105752744 0.0590117769395469 0.0129891665461044
-0.291770419027224 0.167459651596402 0.12621247617784 -0.0585642138663833
-0.381956220745075 -0.0137739372619218 0.225415219264491 -0.0630381568701772
-0.315760101997346 -0.247694562631807 0.294744740696131 0.036878652118158
-0.0713859668884402 -0.421826270984387 0.192635768792156 0.170053390171419
0.427537538877669 -0.228400581969611 0.0182256289894571 0.20150658024956
0.409309176833055 0.311843761423595 -0.112781753894043 0.124195854571682
0.0610154330444251 0.566687963519117 -0.153341567542536 0.04569006664894
-0.0700758865502372 0.497711670543276 0.266246985350894 -0.0156570585206477
0.290842143313351 0.346093667399697 0.27707103503636 -0.11662052280028
0.391560982717676 -0.0363926341682739 0.179459787487818 -0.315626848142339
0.0826721807139278 -0.331042662946045 -0.151572467805951 -0.323480727902087
-0.182140891698249 -0.275142672811274 -0.30065564111762 -0.106650894159259
-0.316544829490798 -0.120690795015985 -0.267271603490395 0.0690878136031168
-0.314735743065386 0.0890269786571962 -0.154860292098561 0.11649482468906
-0.294180667540563 0.172996655198254 -0.0558303180432222 0.077476744015868
-0.303384274236997 0.154041328137366 0.0158362663060776 0.00363020237646638
-0.401573838196142 -0.0289821480337783 0.114767543719407 -0.032106769183153
-0.317041434431889 -0.283452393345933 0.190063629217533 0.0213000061316049
-0.0345761891587535 -0.450083544020245 0.123307731191879 0.100398044758326
0.460151948788947 -0.211833149187313 0.00942802942466355 0.102640277343554
0.412105805588136 0.321840221587662 -0.0910239157326381 0.0598439394099518
0.0802100211968415 0.550353950981595 -0.13734003242436 -0.099978995902006
-0.0432780177299633 0.415583600960907 0.297141422112965 -0.184050444605364
0.237091398771292 0.275933751104502 0.244958473353898 -0.234476027484467
0.307480727527861 -0.0283019101173226 0.117031737775466 -0.358952214486013
0.0723322540380369 -0.253297469708694 -0.179023762004673 -0.325877292712297
-0.134444398342456 -0.223591966364632 -0.32922529443449 -0.134580053635477
-0.250881924828547 -0.108679278817509 -0.346854840943483 0.0492973858466497
-0.260390907900781 0.0637795006204441 -0.263129193679914 0.142740599863063
-0.252888485479852 0.130771249358938 -0.159257087353054 0.131565389475369
-0.269707417661486 0.112894790302193 -0.0912249229257894 0.0558645628640797
-0.349659941051549 -0.0505729320657023 -0.00321310358843545 -0.00956500614485446
-0.248155406027615 -0.275743023899394 0.0800221775745898 -0.0172416220995685
0.0203695552110758 -0.383422444551427 0.0845705121635352 0.0177265895656268
0.404497623756325 -0.139287879137737 0.0320408601030924 0.0415729771778948
0.335090640210845 0.282784550932863 -0.0826144202359657 0.0469191018423213
0.0787327252855402 0.447441655780696 -0.136877417375615 -0.22528356384402
-0.0097853811482296 0.267826131879911 0.294725344961994 -0.325080320532647
0.150229489526695 0.170865733299996 0.191300879608291 -0.313820043878503
0.191825376106911 -0.0170197074330642 0.0542229281330658 -0.368972826794308
0.0512336492087044 -0.150819182808501 -0.194710990655941 -0.310877186110153
-0.072975666183795 -0.141487234975475 -0.343387309043073 -0.147470889299137
-0.152628129556965 -0.078383653658466 -0.397336125189761 0.0374675634045361
-0.170390762187874 0.0292456770377532 -0.339745269227681 0.157674261788662
-0.172891792970421 0.0688235540821495 -0.237033881845224 0.165955933632531
-0.189158316333608 0.0522332638050508 -0.176818621262555 0.0892615625361622
-0.232368266977517 -0.0626100752131826 -0.0991696468631041 -0.00550309319466294
-0.135594644313837 -0.20616786322424 0.00146286054726305 -0.0665033212983954
0.0514817972824816 -0.23925565023682 0.0815328959643005 -0.0371954499416346
0.264298057430833 -0.061158535800101 0.0480044116804948 0.0312970737839658
0.202778696132047 0.183399637807127 -0.0997910469158627 0.0542135978010919
0.060898502278119 0.266340640497049 -0.137321462793443 -0.314115220232384
-0.0320501787409451 -0.0522043996892153 0.137992686269575 0.391582272780812
-0.0741252542195709 -0.0180714125827875 0.214633716882943 -0.0116781481879497
-0.0561418858365341 0.0122344870143118 -0.0353735721869453 -0.0713376485745809
-0.0295682155281492 0.0542520297567165 -0.0876323894290803 0.019870383857868
0.0269375919113042 0.0662938547373058 0.00698618825337272 0.125490244563843
0.0589444821402679 0.0385146066195746 0.163397423980221 0.0622460250649711
0.064630894133767 0.00286752599720821 0.22570276857815 -0.0776051097343057
0.0585268456282289 0.000235920122172212 0.279086693681238 -0.15789528850057
0.0600603331761358 0.0129773573623121 0.348399741357902 -0.175047063045582
0.0544074075451417 0.0392264148767937 0.396919380417026 -0.0597385409198311
0.0159179362088291 0.065386315761999 0.354706297122653 0.102006034654551
-0.0362154647666209 0.0663446106066466 0.216288807169895 0.254395464796965
-0.0793823456958955 0.00509137993994241 0.0431464871114791 0.359754197639797
-0.0875595838005817 -0.0712962776686767 -0.129175996155957 0.346591985866185
-0.0306334852039028 -0.0912516837901281 -0.287744135490973 0.412678496491985
-0.030829389919992 0.147521816100647 0.146686803774411 0.399457285318797
0.0610248544925235 0.109927391703619 0.212629225047285 0.0175557582189453
0.111962314467797 -0.0107983595879675 0.0141862680048109 -0.0682898430384175
0.00238563849638462 -0.104943276282537 -0.0783711050228672 -0.0114800403220672
-0.0744238891348766 -0.0558153363508505 -0.0183737810750795 0.110226294924604
-0.0897626284323105 0.0108706843573733 0.139405330132291 0.0834524415592823
-0.0627631900430963 0.0564627207906932 0.227020087539593 -0.0487625174865032
-0.0502150309250118 0.0735728543910224 0.280600806642588 -0.145874618195758
-0.0507013485534708 0.0638448239988137 0.341269565598607 -0.176362143340016
-0.0760096286523638 0.0123708205991889 0.395254338276608 -0.0795933013854414
-0.0682258830376882 -0.0362740666732197 0.376365786493611 0.0792278475092033
-0.0308402150553527 -0.0636530164999574 0.244019037080009 0.233620512934667
0.0705132037962958 -0.042104895131278 0.0729050552986282 0.352769077362405
0.0513511714195142 0.0667988755476305 -0.110294460440384 0.344577316629984
-0.0258805531735794 0.136431868884791 -0.260347294399304 0.397277279593595
-0.0390380532219822 0.320313633803791 0.15162748703809 0.356952291425658
0.1802756149682 0.227908033440513 0.200526847169675 0.0527184029952716
0.267347462837891 -0.0294841196154233 0.0942116775488276 -0.0749962518744605
0.0353433998146595 -0.245232614367496 -0.0606781228195133 -0.0855436303347352
-0.155548037077477 -0.166616783467968 -0.0792678273621734 0.0589129978413794
-0.219058655685991 -0.0267567050159904 0.0625370322461053 0.0954359967443959
-0.181650822066472 0.0941209155490408 0.177534754256902 -0.00793132539552664
-0.152718240813229 0.13650783365281 0.238378177156397 -0.110323168917646
-0.151057972070267 0.114549187552957 0.294969617712854 -0.161027970230513
-0.200137564705995 0.000856601534381119 0.363992975681342 -0.0951305723886875
-0.16195344497867 -0.119351246786666 0.381526457718484 0.0494292333141804
-0.0480627390857609 -0.19389193639404 0.262963297038356 0.216551409847387
0.209177035169377 -0.112844286312794 0.0789790553086559 0.331917654030853
0.199658061839608 0.17938697641013 -0.110240731337023 0.301506158624384
0.000894017122679992 0.342522945830264 -0.224067654029004 0.319511726056788
-0.0548983724502342 0.442878540321645 0.171921384190291 0.269453659664224
0.26629362414865 0.313043339828815 0.221948524245034 0.0613830340467777
0.37578019454809 -0.0452980528163595 0.176637122870042 -0.132585764767852
0.0578990329526641 -0.337122395960241 -0.0676991725381215 -0.189654383777035
-0.204207570238512 -0.242602888772314 -0.162534882794545 -0.00393200186235031
-0.305435965994578 -0.0664675623226174 -0.0450761627733476 0.097968485428002
-0.268970282850208 0.111269034016332 0.0874125012091329 0.0376810594483296
-0.232584375656394 0.179434566693864 0.16087439387829 -0.0562876949281839
-0.230124429757731 0.154425106912405 0.218130859758845 -0.120191119282967
-0.306325111275912 0.000460154174661902 0.304745711760001 -0.0913202670661944
-0.254436992187524 -0.18372344361701 0.358620973095973 0.0331074341435123
-0.0747558116814729 -0.318061893276349 0.246896330754282 0.198273646201466
0.328740989912666 -0.190742040381212 0.0526969302998053 0.284739256495255
0.330441410568664 0.258283726441238 -0.118232638993977 0.218342985888688
0.0361670198239755 0.491809491000078 -0.184764158100123 0.19384237642882
-0.0632293752571643 0.506035956826377 0.214451264182449 0.140663638426721
0.306928579292447 0.352983945053808 0.261731163024881 -0.00138049209998804
0.416022984690444 -0.0513561917477186 0.207617189516642 -0.233265487163706
0.0700649061742582 -0.36154461916739 -0.108984973478632 -0.277198441347407
-0.213443575103958 -0.276091189783956 -0.244364530889851 -0.0598753540367426
-0.337497362545068 -0.0954038205149725 -0.159854935670231 0.0917483635517711
-0.312238531512834 0.111541572379966 -0.0272077122761394 0.0809901366992369
-0.278091430022376 0.194371931575076 0.0580369447515625 0.0119590228003016
-0.280265174296101 0.171942367183383 0.1213959711822 -0.0619866122040765
-0.378301003777585 -0.00107761248461144 0.220920459892749 -0.0681680847980884
-0.319196764469253 -0.235528994391688 0.291649214545835 0.0270036969587925
-0.0811122170830623 -0.41288741363492 0.187410719521238 0.164816159553969
0.418933383096905 -0.238376608666109 0.0154664333752277 0.199087293438624
0.413961667725494 0.301828314301371 -0.113938082210472 0.12236252272274
0.0719955043728027 0.564711368593409 -0.155057511969602 0.0462672592904509
-0.0581659931129514 0.495437317619964 0.262258200458053 -0.0191479320374623
0.295052955912546 0.335216957025245 0.271270806847528 -0.116311684613142
0.387276008929897 -0.0442875726206625 0.173999546012685 -0.319203476308226
0.0723138858234861 -0.326187388160358 -0.152254674501188 -0.316801068664055
-0.186474187947102 -0.265286944280162 -0.298997825221909 -0.0996954048071001
-0.31605632841672 -0.107561260158227 -0.26009863063418 0.0747291354578649
-0.30527222680761 0.0956286921984906 -0.146779204278824 0.116855076339566
-0.281797188602519 0.179304883238659 -0.0522574519677165 0.0784848488060849
-0.293409539356912 0.159975719803368 0.0149605855836784 0.00249636403165911
-0.397853979254624 -0.0167547882132398 0.112392704536178 -0.0337921389086282
-0.321227194932742 -0.271532035640308 0.186518732332837 0.0145931925817056
-0.0445626891121485 -0.441320271296096 0.115046093127141 0.096063790301268
0.450335328445772 -0.221914689453632 0.00542291948228821 0.100987968295839
0.416488133466233 0.312627986743714 -0.0912907803286343 0.0579516239835798
0.0906956287906595 0.549687645111934 -0.141437067706324 -0.0978021819119438
-0.0334155802112773 0.412128753857983 0.290266552770592 -0.185551796982715
0.239694251425889 0.26751809954805 0.239447173671602 -0.232680570064489
0.30305708057698 -0.0348076672724224 0.110227592742014 -0.359953024865836
0.0639612264058031 -0.248299295056281 -0.180561310334533 -0.318496919315354
-0.136812513365844 -0.215137065203907 -0.326760278880463 -0.127500226973827
-0.250301639829735 -0.0982956717631051 -0.338305309029329 0.0568105464807836
-0.253545287789182 0.0691929524072288 -0.252419514176043 0.145004507136168
-0.242796920609913 0.136538898974214 -0.152943710166751 0.134034722681327
-0.262344052064781 0.117769719915344 -0.0891027505592649 0.058700508539223
-0.347885158851778 -0.0398165751578312 -0.00396847908387914 -0.00762944748350897
-0.253127617409624 -0.266055543867988 0.075506623155334 -0.0205321872507214
0.0127102546759385 -0.377296931403171 0.0756291040197254 0.0148317681090456
0.398239594041417 -0.148089954056982 0.027257633510204 0.040275322424707
0.340183722793727 0.275600559139507 -0.0810592896694856 0.0465041461900296
0.0863312178059598 0.445019877784961 -0.142550495590397 -0.220337264891093
-0.00386119620381708 0.265435464416821 0.287642129545711 -0.323529050533238
0.150977101691108 0.167011601965145 0.18581649038645 -0.31148657062299
0.189316760211629 -0.0202840486044466 0.0477738946531989 -0.36906837865847
0.0467077915612862 -0.14830845875361 -0.196762513447466 -0.303757025172104
-0.0751824698950446 -0.136027133428136 -0.341275986355367 -0.138017145181751
-0.153503296347534 -0.0716093391236522 -0.389688872812646 0.0492326209038018
-0.166268550623818 0.0335347965831754 -0.328064449762178 0.163552227065424
-0.167899294783414 0.0731694883097457 -0.228960712152781 0.169775361597723
-0.184807110530537 0.0559328207656879 -0.172169848648352 0.0938461397335848
-0.232520644289976 -0.0547331087367004 -0.098863366547444 -0.000902182232026855
-0.139608590363593 -0.200267196027746 -0.00308118177202272 -0.0662743653008432
0.0458241423893021 -0.23676912616451 0.0731944380892453 -0.0400370910619853
0.259336339170888 -0.0674301035500412 0.0447453023663125 0.0310546164014511
0.2045520365553 0.179744438457986 -0.0965210388709934 0.0561867365302662
0.0651891918969073 0.264828909358414 -0.145119564814481 -0.308142134707871
-0.0318906889411219 -0.0496772649617727 0.151408408524075 0.38890309536292
-0.0734156728022776 -0.0154655832696557 0.213359511953712 -0.0176682372527813
-0.0567556528443667 0.0126346033410321 -0.0368108386611983 -0.0685803901421368
-0.0281473199478485 0.0555161595973825 -0.0853766267242484 0.0223215679781034
0.0286916811499142 0.0648394978170434 0.0157852352380311 0.122879742457051
0.061437017479078 0.0363004075942622 0.167925044670696 0.0524746777150198
0.0657449883470879 0.000594758880940537 0.219986278166056 -0.0871169088945367
0.0592565019680738 -0.00156313054184375 0.269791779542992 -0.168376972870375
0.0604492501222096 0.0115040607841386 0.33821040712085 -0.190578028909061
0.0555956255775508 0.0363232604986664 0.393530073182601 -0.0750494545756568
0.0180163754707702 0.0648897428199453 0.356992567715882 0.0887631985566622
-0.033437064456178 0.0673140214048574 0.223439297058419 0.248823574755158
-0.0803937217123582 0.00663521784527382 0.0556701299687144 0.357208909545648
-0.0898056035584253 -0.0674980393930032 -0.124153993217478 0.348420874238728
-0.0307728471459312 -0.0904380308070763 -0.279173821592833 0.419968633690514
-0.0240868548313807 0.150506407140398 0.158685490166518 0.397351156670845
0.0655356472590682 0.108738178503428 0.209966610880968 0.0114188983161962
0.111510995006467 -0.0156776936864133 0.0135999314667289 -0.0684111222447983
-0.00176756202625276 -0.105089926972689 -0.0765895225347404 -0.00981341294072535
-0.0768373451125332 -0.0532497684276964 -0.0122146003075879 0.107929950688439
-0.0888465148224529 0.0155998647300444 0.144077140998299 0.0742507534652409
-0.0596628597023635 0.0606513742576939 0.222820342187781 -0.0589822566117245
-0.0464854752772552 0.0760953912146291 0.272004794526793 -0.157080331748001
-0.0459394591207986 0.0654283948306198 0.330186286790186 -0.191403893791007
-0.0760418818093128 0.0145459983318654 0.390501288579933 -0.0961383399458826
-0.0704508709572641 -0.0319371352659096 0.377370717742267 0.0645438927672419
-0.0337571919673489 -0.0610009360290537 0.250548754614773 0.228082094185198
0.0683120537790793 -0.045839542724685 0.0827346712690469 0.349467370508878
0.054299562537372 0.0657472517137868 -0.10609873164531 0.345746538192922
-0.0183084058438831 0.138154025001174 -0.25374250648991 0.405763622952693
-0.0264310848330456 0.323495033017379 0.160929903554181 0.352788946706753
0.189452160123641 0.22329988943936 0.199462639490329 0.0494044495743571
0.267120174275274 -0.0390038394261517 0.0941092543578853 -0.0773231024093795
0.0266973313616921 -0.246225476749667 -0.0602615857044456 -0.0845296082816048
-0.161720138402478 -0.16046288253457 -0.0744623984169313 0.0586023160743975
-0.218835135672711 -0.0167444644779663 0.0680933384293555 0.0895849295523993
-0.175964642360052 0.101799853170056 0.176128402691594 -0.0170239371452132
-0.145110256789689 0.142351922671045 0.232655857086881 -0.119724705593123
-0.143287667273897 0.118881828032007 0.284681757036672 -0.172885230338779
-0.200258529972019 0.00968333193345466 0.358922600889211 -0.109443596168119
-0.167031720842665 -0.111195587593105 0.382308931558274 0.0328775034081495
-0.0564535165376215 -0.189730064520996 0.266283784191374 0.208697156460277
0.204523676567276 -0.122732622708631 0.086627405703738 0.32941030839372
0.208055588494733 0.172744201355455 -0.106805766772596 0.30270775982252
0.0143423423088095 0.345822841317548 -0.218848237892104 0.327487054239034
-0.0385256644637494 0.446530043282692 0.177789449651937 0.265971457577729
0.278391429375657 0.305857547030334 0.221928648540698 0.0588475985487008
0.375992382409667 -0.0578064360091282 0.175025666030961 -0.139812414360075
0.0461100810495932 -0.336761381751845 -0.0702161889733448 -0.188195959056132
-0.213967444140194 -0.233670381297149 -0.161103799206825 -0.00252321193573945
-0.306648384419745 -0.0521162519745073 -0.040049477694928 0.0974386832850823
-0.262626972675866 0.12261878409567 0.0885203788965847 0.0319739108448735
-0.221728311932502 0.188011676788095 0.157109713401838 -0.0617138336599735
-0.220785497235916 0.161673871441611 0.210317878256489 -0.128918652845865
-0.306186011911681 0.0141421614882582 0.300626246861968 -0.103880853569401
-0.26148964281387 -0.1707442519765 0.35951588131741 0.0165984302891308
-0.0868449088615424 -0.312186896924024 0.248146593249268 0.192303260140178
0.322417055765347 -0.203769123447961 0.0579341656256499 0.282552329338029
0.343274791356097 0.247951546499816 -0.117246449488695 0.220111615961124
0.0566799953978626 0.495189292388867 -0.184392789419612 0.199326845610869
-0.0453897003193447 0.509350042589878 0.216905592134632 0.136413421928118
0.319627352141806 0.343612069452623 0.261076721436947 -0.00373617427454303
0.416985209179733 -0.0665257618648304 0.202261769325977 -0.24214961290962
0.0564726622020838 -0.362324702530935 -0.113909327499614 -0.275650257059911
-0.223520354252792 -0.266156862286186 -0.245916109248336 -0.0545810094237546
-0.341771474870149 -0.0801027266853073 -0.154255048445796 0.094715361240514
-0.305570291928327 0.123396722472247 -0.0233457283910019 0.0786537218922407
-0.265435469499012 0.205520303477807 0.057850912970461 0.00930355909893854
-0.270521672468068 0.181459147734735 0.117693175851995 -0.06676234622785
-0.378973518645931 0.0153639114882757 0.217270938407117 -0.0763751635612325
-0.329556204026652 -0.220849417844278 0.292784736246415 0.0142508700561532
-0.0967604093369807 -0.407358668366041 0.186403195249201 0.160499124928618
0.411005127097757 -0.25449955969074 0.0172194272242904 0.198874557186102
0.428103903062969 0.289318037502131 -0.113764332432867 0.124034679553601
0.0944921161339658 0.568060122622603 -0.158638691625586 0.0493507035760873
-0.0392283704159728 0.499073481036659 0.261058644013406 -0.0241432298073023
0.307123944730636 0.325231019816161 0.268370070719969 -0.119975187986591
0.385158545819944 -0.0587617266198696 0.166088247970542 -0.327012064203135
0.0602145031616872 -0.325048735212858 -0.159631388681956 -0.313345098967015
-0.195068532923474 -0.256102457141401 -0.300848995132961 -0.0930878542397983
-0.318704514482168 -0.0934460060342621 -0.255569953351903 0.0819859733971677
-0.300265122800557 0.106820929990307 -0.141773595515776 0.119608473196265
-0.270384748885667 0.190438369898985 -0.0491247083462125 0.0802182421012638
-0.285379309772375 0.169118560114028 0.0146242332871497 0.00164583827088486
-0.400793589476771 0.00123201638968648 0.110926311977736 -0.0372814470179694
-0.333848571255475 -0.258402264118209 0.186293744473058 0.00696934777505147
-0.0585013576602553 -0.438791267786176 0.110329193210591 0.0942094782858083
0.444419188975611 -0.238402721312238 0.0029404969209832 0.101419626376579
0.431057709897683 0.300333174584915 -0.0922840582573981 0.0593045460782492
0.110957267786101 0.551738772317562 -0.148705138674062 -0.0944990863316769
-0.0183025008372131 0.41517320526933 0.285753147091124 -0.191466369551693
0.249021879152881 0.260088435347086 0.233996900823471 -0.237140642314432
0.302418137357185 -0.0447751650116717 0.0994038794642175 -0.367334054604267
0.0549896427277794 -0.248197260309192 -0.188101689857624 -0.314169514732532
-0.143805054983913 -0.207925139784834 -0.330915048195923 -0.117951820199004
-0.252991609066209 -0.0862785910812607 -0.333864534364616 0.0686764019632369
-0.249533042432703 0.0786184230052703 -0.245684841051206 0.151664230437406
-0.234054089058536 0.147218432716502 -0.146104356279199 0.139667643160072
-0.256105789486008 0.12687084632025 -0.0859559752581782 0.0623620093466274
-0.351256280440879 -0.0255153438570047 -0.00390021373261739 -0.00654265283181058
-0.263740385407769 -0.256068725601251 0.0718863262300535 -0.0241524170464197
-0.000421541356665149 -0.377134373696584 0.069419895208255 0.01265602233315
0.392733778941496 -0.162864307928307 0.0246358534360687 0.0407612828755205
0.349820149328067 0.267497651492644 -0.0791360713500394 0.0485209811036628
0.101024500365549 0.446258569137511 -0.153718693341483 -0.216325695286666
0.00507584369549248 0.266654639381523 0.278521754438784 -0.331251339299581
0.156423522100018 0.163794309823209 0.178746237173095 -0.315105421728738
0.18865111854124 -0.0264860688600165 0.0367176532275319 -0.373647248594133
0.0415816579359606 -0.147657282987396 -0.204497635403367 -0.297377944207949
-0.078540298021099 -0.13191810064483 -0.345960783611444 -0.125705376450423
-0.154933899672852 -0.0638192943647507 -0.38414631337246 0.0633175920484151
-0.165509440671281 0.0389583786070518 -0.3196469716591 0.173385882543193
-0.163177017120182 0.0808185163125279 -0.219994765287662 0.17875976725517
-0.182272298805722 0.0638779874730729 -0.167101500094581 0.102017561006314
-0.234972016863979 -0.044667606202226 -0.0985502158392897 0.00441516592038932
-0.14785924789944 -0.195053074303355 -0.0095681532425106 -0.0671943975357277
0.038426816658016 -0.236824424251181 0.0646458385568368 -0.0426146811552541
0.256809935638176 -0.0759855134531335 0.0432010233267044 0.0309775730416213
0.211405589447722 0.174343811189044 -0.0937092555088783 0.0590073794928393
0.0743784669403463 0.264483834191051 -0.158371977440367 -0.302510058603953
-0.0328941746834009 -0.0467182180544864 0.169694715430487 0.380276371184617
-0.0719733557561519 -0.011649074609134 0.210528308503828 -0.0285657908732958
-0.0570498027554002 0.0146511690158631 -0.0388393275262369 -0.064454463699232
-0.0258607755303609 0.0568707087599309 -0.0827837078587347 0.026441246372445
0.0327115834311218 0.0624106297114056 0.0264478882250242 0.119499521339828
0.0639589774814676 0.031599579795052 0.171005770718527 0.0383633347706259
0.0659648721003473 -0.00212115310830945 0.210502073295617 -0.0987057587921093
0.0586045899706622 -0.00475024511805624 0.254337036787242 -0.182519970714137
0.0612172071401147 0.00725384773465292 0.319989584147339 -0.206699662029481
0.0571186411414195 0.0321424238334507 0.381892586757411 -0.0998699750623176
0.0213435789991277 0.0632357078921088 0.356428668325181 0.0677457040830307
-0.0292791555401955 0.0679398826677999 0.233621028271793 0.235233536211392
-0.0788124378778226 0.0102995718886729 0.0734610064351565 0.349279730688998
-0.0922597307063337 -0.0618344377891952 -0.110708206938237 0.351108052128764
-0.0324467441086979 -0.0891267697743416 -0.259561075784699 0.43173245118757
-0.014237953796925 0.152332155387611 0.177533336194802 0.388431611876734
0.0718959436954903 0.105213373056652 0.208272576508476 0.00136422711078332
0.109458517490719 -0.021516730403275 0.0118820363506921 -0.0677678018070315
-0.00868643124125538 -0.104006743358304 -0.0739786997020914 -0.0059454736359234
-0.0780189587844814 -0.0489412136709641 -0.00211270500560815 0.105004630170281
-0.0862975529816314 0.0205762287687813 0.149396421307232 0.061552214740093
-0.0546487250829173 0.0629921091678594 0.214627969826116 -0.0729318665636919
-0.0400438941369867 0.0776027593062187 0.257347195680879 -0.170754609128105
-0.0403239451352285 0.0659978860765891 0.312113324130385 -0.208882260219063
-0.0745393191062695 0.0189971673635565 0.378796386056468 -0.117105390538839
-0.0717676277563975 -0.0265941528756598 0.376208056780557 0.0411559477686672
-0.0370162931516098 -0.0572649569038992 0.256485125476141 0.21303245444169
0.0638823622288144 -0.0500435858070981 0.100011409104302 0.341549733478633
0.0597601236355803 0.0621479091434312 -0.0926993683514235 0.347553743941753
-0.0075580563466141 0.138458781031849 -0.23403374840366 0.415585358608451
-0.00754051919190044 0.323000095870506 0.176746943435516 0.344947699457881
0.200324034039532 0.21250751499652 0.199213564801803 0.041663807800135
0.263982384304711 -0.053345515810139 0.0913582188695675 -0.0813206375023074
0.0127981417114039 -0.244792677279813 -0.0608488790690525 -0.0812592664327733
-0.169499345548133 -0.149728897213281 -0.0680522222596672 0.0578716732050218
-0.217471853703266 -0.00265085269590282 0.0739141559798255 0.0817506318347654
-0.166862051622717 0.11188828203098 0.172190437903701 -0.0282847978569566
-0.132148460680031 0.148888132297648 0.222359627028404 -0.132719145732296
-0.13229815785622 0.124701638088253 0.268411929304407 -0.18806206493897
-0.197622998920464 0.0207582943103859 0.346911596231282 -0.129691721560242
-0.172658788764512 -0.0981115916664734 0.379957838996299 0.00825368176881767
-0.0675150434530205 -0.183145423191575 0.272796966549237 0.194103702227107
0.194479936409527 -0.134327965070642 0.101343372060003 0.322517052644464
0.217747646128692 0.159489756795171 -0.0953013621619532 0.305613552231697
0.0374706566343638 0.343184378437371 -0.205150328352367 0.335468739563759
-0.0118358170464519 0.446466915198904 0.187660018057888 0.257745572449407
0.293099639271405 0.289548847708416 0.222753248742657 0.0516631964376672
0.372280286240856 -0.0795420485156275 0.168388868538468 -0.149012931286927
0.0263907403963736 -0.336184768492956 -0.0755169720817979 -0.184125479223669
-0.224751114356045 -0.218717710283505 -0.15913307887787 0.00195558848658425
-0.306551175692803 -0.0307078756783751 -0.0334050454784536 0.0951802401114632
-0.251376686502485 0.137689086832366 0.0884168878265787 0.0236895407515168
-0.204722472297042 0.198555892373142 0.151507935702905 -0.0707417253706817
-0.206368478088086 0.170683764637619 0.197960464814279 -0.139882591865614
-0.302300947271499 0.0340018624498684 0.29099919819384 -0.121992876378626
-0.270173280436059 -0.152636419676102 0.356734744463045 -0.00672332149666975
-0.105141120769002 -0.300911536180825 0.252940159100398 0.180430659404072
0.30636958361356 -0.222775110316712 0.0683441000979485 0.279098787728408
0.357834303675435 0.226864536545019 -0.111151047738945 0.223540024491956
0.0871701938299615 0.49235344987272 -0.177269799338714 0.206179028827956
-0.017064333353938 0.508882251084045 0.220535459459804 0.127885188460957
0.335950337050315 0.32321202759934 0.258309566906082 -0.011918081894807
0.410334806302634 -0.0894653833209964 0.190504675209157 -0.252950115157487
0.0362255646308417 -0.360315344651788 -0.12287590319071 -0.269048433819024
-0.236798168618381 -0.249860504977008 -0.246758999151399 -0.044258378046829
-0.341331333421671 -0.0564975736369229 -0.146655576891103 0.10046297234957
-0.294140979876084 0.140109757017389 -0.0186669947681539 0.0762537578659486
-0.247550608463315 0.219210709853557 0.05780207770328 0.00515683631874958
-0.254497303936804 0.194044761467885 0.109927345914791 -0.0733857631221688
-0.37547848126573 0.0401097735997531 0.210947114063899 -0.0888445792418354
-0.341134441348062 -0.198414096559691 0.289966156274862 -0.00435892775964766
-0.118453694403756 -0.396656178130059 0.187654341467491 0.151966201576388
0.392696363432883 -0.27910241966017 0.0224037413504898 0.198262429805794
0.445716238387596 0.265813684524105 -0.111535547125231 0.127221536586524
0.128908110382802 0.562218424423468 -0.159708103528765 0.0578793162435488
-0.0107966190700413 0.497005452276552 0.255585689651177 -0.03477353155731
0.322801762093931 0.30639559811913 0.261266833430388 -0.128826544491499
0.38001649272893 -0.0807807011032605 0.147790224333405 -0.336787443973219
0.0419252280160079 -0.322801863188837 -0.17058077686715 -0.304353382648479
-0.206494103570303 -0.241179759444898 -0.305578489228758 -0.0786089637502317
-0.320204502629897 -0.0711644526587875 -0.247266260156876 0.0950855025214082
-0.289242431218802 0.124658033078321 -0.131566766394382 0.123818031057856
-0.252715182393549 0.204587701311362 -0.0429048898792573 0.082157652730302
-0.269845789515738 0.182872893919399 0.0132900781919208 0.00159877748945816
-0.397020195620538 0.0270827230144414 0.108442140864963 -0.0430742796771984
-0.346959787510863 -0.235396082280194 0.182223218545131 -0.00551110072666771
-0.0839289129478282 -0.429947023863929 0.108390932055035 0.0913587834157877
0.42707245593688 -0.261265520570349 0.00377750058253207 0.101249472949021
0.447890464897226 0.277907352781273 -0.0910411922448009 0.0616880245476443
0.142051490999367 0.543995964141843 -0.15705294613811 -0.0851540612172553
0.00357799340102708 0.41184566973517 0.273687089620008 -0.202491920257088
0.262465815929842 0.245097049619697 0.221665382219866 -0.244427779896909
0.297281235793291 -0.0620873927453693 0.0787663083786977 -0.372895472051227
0.0411276893608959 -0.246574230779313 -0.200199401501369 -0.301698218092004
-0.153029018814901 -0.196243985336392 -0.333936506262784 -0.100850398726272
-0.255058158711828 -0.0691555465606598 -0.325608565481853 0.0865616536281191
-0.242143078084396 0.0932566260766565 -0.233004720917195 0.162959304796334
-0.220881225045319 0.159156997359887 -0.135048967180227 0.145915929516907
-0.246116326180448 0.140479727912948 -0.0811736053606422 0.0676397449706408
-0.350949963882874 -0.00217766348251605 -0.00338827045533157 -0.00514986834518241
-0.278336850248465 -0.238398297699789 0.0670557508035265 -0.0288224966034184
-0.0193570741295438 -0.37318975188777 0.0618566397145526 0.0107279794782768
0.381462705365912 -0.183412854051386 0.0235673723046875 0.0400414552908927
0.364695795876141 0.250587608699742 -0.0771854616224303 0.050516240801122
0.125982357728324 0.441887723844557 -0.167099426509326 -0.206348765805047
0.0187596200874135 0.264371105767212 0.262344297335275 -0.340398910343955
0.164196045063875 0.154680515952349 0.163820822636689 -0.320347797714668
0.186250294180039 -0.0363765967710924 0.0156469386035051 -0.374555579779515
0.0335771053544361 -0.147132575787304 -0.21677948782912 -0.28446844762369
-0.0842184837012011 -0.124791712369409 -0.348359177752501 -0.107045067673195
-0.156932202528429 -0.053022765262829 -0.374688361428064 0.084730247523158
-0.16087327838617 0.0483255908527379 -0.304883672994629 0.189298443447291
-0.154522401943835 0.0903528931238432 -0.205800628278816 0.189342989751739
-0.177709682634788 0.0733044649206129 -0.159534775316267 0.111515147524988
-0.237224548091573 -0.0288911801586335 -0.0975367058086009 0.0111550793229947
-0.158180506954168 -0.186855011898045 -0.0170831322445562 -0.0656003900480046
0.0264420453305897 -0.237191459095892 0.0563557424028151 -0.0454716840649841
0.251151487352249 -0.0893876282427088 0.042993941710221 0.0298929668863
0.219723836479295 0.163645673214979 -0.0883602745738726 0.0630340392387282
0.0892625306562783 0.259625965186828 -0.175981019597904 -0.291833809451686
-0.0324976094292649 -0.0427412907230764 0.185282512925359 0.360179711895277
-0.0697531273814909 -0.00757304411683682 0.202380039797322 -0.0381715423400537
-0.0552072260221023 0.0174995548193954 -0.03856852737628 -0.0597304757390461
-0.0223730833404112 0.0567343228757198 -0.0778782902494362 0.0292442801033991
0.0354328201280979 0.0582232675577711 0.0358321665761136 0.111571885895123
0.0640363514294399 0.0263150042742926 0.168502297014529 0.0232517620857054
0.0643503620708816 -0.00586942313981281 0.195393255873711 -0.107342444232281
0.0567648349379355 -0.00820343304920629 0.231905446612542 -0.1902489976213
0.0597495580980103 0.002173985023792 0.292387100377548 -0.217938396553489
0.055920638318528 0.026640471529986 0.360668495299599 -0.118287746343469
0.023573417860464 0.060698590801414 0.346517361373633 0.0454316733345318
-0.0249772400876057 0.0666344085046712 0.237191137510614 0.21574570071654
-0.0752740900176751 0.0138262945088983 0.0896114372474373 0.332607179525063
-0.0922398319034746 -0.0547917781130258 -0.092371711976718 0.344065727278872
-0.0341250616547872 -0.0856339550656918 -0.230548427537372 0.431431442725971
-0.00280719398485819 0.14873834414784 0.190668379604458 0.369191035156093
0.076580166063555 0.0987209479975124 0.200908832041747 -0.00809818403337149
0.10464417561434 -0.0264084938329989 0.00948108680824812 -0.0658009977488669
-0.0137205444500671 -0.0988846434000803 -0.06974962344222 -0.00144318464171286
-0.0785482153136957 -0.0429815436836605 0.00643483184937702 0.0977954376474998
-0.0817764919577067 0.0257316254250133 0.147824208706614 0.0474796766732949
-0.0474918430942988 0.064947597993734 0.20148743143473 -0.0833416202507449
-0.0325898029982672 0.0772135160392067 0.23641591594221 -0.179577870185072
-0.033024592923774 0.0650275928055772 0.284297747395056 -0.219843227235432
-0.0710964716176266 0.0226612729435094 0.357179689019738 -0.135612993513876
-0.0708306554897034 -0.0199231880604314 0.362591309732349 0.015749909660405
-0.0386621014266597 -0.0520260171837005 0.25886070194536 0.192453357823381
0.0579451677547711 -0.0542065356956765 0.113886078333316 0.324505554997459
0.0629392370807226 0.0558374118461441 -0.0751733554739773 0.339170814396174
0.0036097799516961 0.133740335597659 -0.208028134012144 0.41470243804397
0.0127968778696816 0.313864564660038 0.188112906493867 0.327297453929515
0.206624834393737 0.195739978665192 0.1941684510745 0.0323409042100625
0.252029531841759 -0.0668702537739061 0.0858034352657251 -0.0828283561072704
-0.00169557557233127 -0.236900176325712 -0.0594693993185546 -0.0755362065355443
-0.172981991631245 -0.134387274875764 -0.0606961894585071 0.0561412904453342
-0.209935783216462 0.0114811598587598 0.076416938791104 0.071019096226731
-0.152812284712434 0.117762149287168 0.162263373242853 -0.0395839783894246
-0.116059460039791 0.150718385379659 0.204060166909604 -0.141470473676205
-0.118088690569134 0.125973896916739 0.244233035063639 -0.196934103017555
-0.189496797033945 0.0329825607882622 0.325815105996909 -0.145598325882166
-0.172442341133857 -0.0831671608936408 0.365753698231619 -0.015290652780131
-0.0752157511950523 -0.170352880702807 0.272385952480129 0.174346975330474
0.178183749297009 -0.141973995075916 0.113523724537958 0.305877004502158
0.222505267956284 0.141047595525973 -0.0815809377082384 0.299412180511984
0.0586584403898522 0.329847907003658 -0.184457431453969 0.336295581267436
0.0147345407452424 0.433870115200468 0.193534656394218 0.242908832941848
0.302061046247117 0.265981581458482 0.216811954901823 0.0419740436388977
0.356000255081166 -0.0988170850551647 0.157307924959919 -0.152804947672552
0.00652035226823513 -0.325847350015766 -0.0791231040056244 -0.175805926114518
-0.229839572309088 -0.198534115867523 -0.153451871338343 0.00698376689816558
-0.296790656251107 -0.0102231814010751 -0.0264183425598947 0.0918036086276677
-0.232700331216716 0.147757811016514 0.0861541967988471 0.0157050913405886
-0.182294713884359 0.202460729893766 0.140632552562231 -0.0777767113208035
-0.186334175201388 0.175062927393835 0.180406176622199 -0.147642924177721
-0.290128618205261 0.0518815589942979 0.271906064091028 -0.135509349100326
-0.270739617690271 -0.129875623103415 0.342581267668367 -0.029369051239937
-0.118891118666864 -0.282460802588383 0.250024089662716 0.163641527978836
0.281806757978882 -0.235490770111558 0.077824226468778 0.268210061140635
0.360419459930801 0.198634669589925 -0.100426800250374 0.221053381429067
0.115579909933252 0.471161636961997 -0.164688540699033 0.210432621365205
0.0137977725632599 0.493997983077208 0.218672948647297 0.11554679381942
0.34351705786404 0.296969880097269 0.250919467386558 -0.0209026003155863
0.39183711847463 -0.112304638398256 0.171804169276581 -0.256125399721447
0.0138198171078119 -0.348948035692172 -0.12989146482875 -0.25606255819161
-0.241451177535473 -0.225712274471959 -0.24089719308128 -0.0325071888471549
-0.332271013724385 -0.0321190533385767 -0.135022095013677 0.103822514542118
-0.273335798540717 0.152672392603717 -0.014302985745356 0.0724434292106353
-0.220976901520759 0.224784904283654 0.0563165566410021 0.000987979557444449
-0.232412445789415 0.199581562488886 0.0999437172526787 -0.0771557735310594
-0.361130519619473 0.0650038734813155 0.197999335866445 -0.0984439246889564
-0.341435321851585 -0.169442539607664 0.2775781121879 -0.0232354996658215
-0.137401556821451 -0.374583552490274 0.185520832467716 0.141352619161998
0.363478154795327 -0.293858215116865 0.0280981922689805 0.192416175236559
0.448732508371128 0.231093754929184 -0.105720857086915 0.127553482414256
0.157261287545825 0.539500321935657 -0.154657968176594 0.0644480095082337
0.0169777451011046 0.481803653602566 0.245544032021525 -0.0436526192436644
0.32953367566997 0.280513489521188 0.247327055055455 -0.133905972735885
0.361949325813908 -0.101282296433331 0.125385148570905 -0.336700272006133
0.0218716200863565 -0.312703658790806 -0.17885139366909 -0.287421637677489
-0.211892734537848 -0.218954988269587 -0.299108108515825 -0.0606249707185862
-0.312743218463195 -0.0489273251693649 -0.232934264444213 0.104444269726864
-0.270262132652751 0.137204011094128 -0.12009915529357 0.12514067750076
-0.227572868987209 0.210906754656771 -0.0353865808288488 0.0802824082354755
-0.248560848931115 0.191450711159896 0.0121854649409141 0.000728590508567102
-0.381936951049891 0.0520772270457906 0.100771616792846 -0.0478275655170201
-0.35034290778507 -0.206985147542901 0.173109641234181 -0.0165718097247898
-0.104594150563018 -0.410484305363159 0.103465109379597 0.0854018957857399
0.399068379511 -0.279444422693217 0.0054591149740191 0.0990374317709876
0.452289695710255 0.244265847428275 -0.0875166723404602 0.0634487320967579
0.1695550269793 0.521222816897374 -0.158907482136863 -0.0732094744494787
0.0265459283296596 0.399530004844704 0.256074282407825 -0.207387515213214
0.267132588652359 0.222922299925671 0.203207034884559 -0.244964531592073
0.284072639161929 -0.076799122121163 0.0557842812707424 -0.366966275544544
0.0262266157596152 -0.23785250593585 -0.207300755196194 -0.28287121381916
-0.15735180720348 -0.179718753299424 -0.328524860027366 -0.0805918168659504
-0.248444097313229 -0.0500820482318246 -0.308134995879262 0.101459802376933
-0.226819972714482 0.103886525102683 -0.214907233336467 0.168308912410916
-0.200921465760335 0.165569078996898 -0.120645484544404 0.14800007267604
-0.228844465295241 0.149172877017351 -0.0741883166829843 0.0700986560613455
-0.338989181816819 0.0209117882407811 -0.00482064817387204 -0.00487588992523186
-0.283137319190341 -0.215814675335562 0.0598225799344418 -0.0320350043562615
-0.039131093760487 -0.359147756969994 0.0550299047631837 0.00969770213309698
0.359138836555869 -0.199340558826212 0.0223623453341651 0.0386407921507104
0.370209270881372 0.221988271091607 -0.0718418553577045 0.051782949537414
0.147875781274152 0.42158243061872 -0.175102123037882 -0.188927164718027
0.0326568887284469 0.255178747402149 0.236556279553269 -0.34140891132768
0.167975131591853 0.14253770035404 0.144349897260604 -0.31705395262833
0.178001271791178 -0.0452327423235332 -0.00519455850783386 -0.36512092308281
0.0252772245356731 -0.142690563428696 -0.221018495401483 -0.264402793114616
-0.0872427325032172 -0.114910613047146 -0.340517297025866 -0.0856445839310354
-0.154339835740844 -0.0410040221807928 -0.356370906067638 0.101900616930313
-0.15245989654047 0.0568116104536849 -0.281044996394407 0.198160003644034
-0.142317111785098 0.0960933397332178 -0.185290089631941 0.193035005933365
-0.166166432520329 0.0806864625015814 -0.146081822258769 0.117588998740124
-0.230630186631355 -0.0128472096532379 -0.0934725050210225 0.0174452280909875
-0.163922682877659 -0.171354165747831 -0.0242666561657366 -0.06230225404163
0.0128850004648864 -0.229296846100261 0.0466134054150642 -0.0457840081699573
0.236457717814577 -0.0998218529680849 0.04199887907334 0.028132685021663
0.223772814150351 0.147357282561117 -0.0805369597174682 0.0649144694329078
0.101978883337155 0.247346282888718 -0.188393720377391 -0.270592793146505
-0.0320853408227428 -0.0359352785488069 0.224857596172918 0.32277062300737
-0.0646003232695934 -0.000439004280711686 0.18825082397419 -0.0620685987165637
-0.0514351121215448 0.0240112792024271 -0.0390115779131798 -0.0525523582584622
-0.0156093797310023 0.056261995106738 -0.06643086481785 0.0378614406302016
0.0394009305330505 0.050766850951234 0.051378038623069 0.0951425157943138
0.0639537039153921 0.0170118210778021 0.161239377342985 -0.00444420917765671
0.0605403764419254 -0.0144439619152101 0.171414690503034 -0.128586090494844
0.0524796684884042 -0.0150401699705741 0.189816856591053 -0.206830283387196
0.0552890656615537 -0.00667331397899888 0.244142142838229 -0.24029172024858
0.0524295910418919 0.0174975419276605 0.322223868987436 -0.158148477872444
0.0269829207589375 0.0518721523124985 0.332444201321247 0.000418481037778541
-0.0154177846377466 0.0611267631445739 0.252000506160617 0.176621618439447
-0.0667416579200147 0.0192396234703176 0.12261303780331 0.30575645387517
-0.0858888901049427 -0.0395564339768459 -0.0522036439384764 0.336121745259388
-0.035521505129875 -0.073170255554126 -0.168910686327417 0.435597389369877
0.0217912880417917 0.145355768261289 0.224936068529064 0.314325549457131
0.085265822087159 0.0849772842535497 0.185648227565779 -0.03619598222239
0.0949525660048287 -0.0372004178502869 -0.00194664627471083 -0.062578910389935
-0.0241508668746763 -0.0906527371403723 -0.0656228285961385 0.0113049729606999
-0.0790281314740668 -0.0307432490331141 0.0227150214049417 0.0922173233902513
-0.0728487407305604 0.0332116693608192 0.148343215550746 0.0248084661843667
-0.03492086136706 0.0651855343173275 0.181830588148639 -0.102895324786566
-0.0196844107496559 0.0753688986781373 0.196066757632973 -0.196916961649592
-0.0233364682176238 0.0636070954058488 0.236055004984364 -0.23957760896868
-0.0656336549179366 0.0301998882274229 0.31386890429849 -0.173735352729399
-0.0713783360315518 -0.0103954097587852 0.341314717707553 -0.0284162338931534
-0.0422781401657298 -0.0460098489079722 0.265447606705857 0.152944997276794
0.0473766736628142 -0.0618204808995648 0.145264956287703 0.289492826244956
0.0710270161335645 0.0417794492913857 -0.0276406272126683 0.330234801695455
0.0293082849711859 0.123421177124308 -0.149028130855367 0.423255644427994
0.0589966444057884 0.30378657458654 0.212473046675702 0.263596669459207
0.21975931509792 0.162112380754165 0.179617622024632 0.00203694524467368
0.230363415643945 -0.0934963963174315 0.0610845910078939 -0.0886347695602366
-0.0266925152309366 -0.221209696579408 -0.0688049632785657 -0.0569286951549674
-0.177867777312596 -0.106635114766301 -0.0468218647975822 0.0660852983518931
-0.194197867626743 0.0357849571838602 0.0868157849907485 0.0609276858877167
-0.127112945401376 0.127172602327576 0.151646619602736 -0.0525291616181023
-0.0874666862756389 0.154497866838109 0.171889924953429 -0.156391807803093
-0.0950000894061835 0.130848224207187 0.201472173180703 -0.211618200929467
-0.173438359378408 0.0553131802577058 0.281641133595459 -0.176347376684548
-0.173971261671934 -0.0551133135712524 0.337316474241392 -0.0556441927706149
-0.0898808827894925 -0.150127506214708 0.272515432249736 0.135041765946698
0.14739833027862 -0.160672277233275 0.142414682085391 0.269134470768982
0.226650572815697 0.0999139832251073 -0.0306852307857393 0.292303556650042
0.105394329724323 0.297249837612501 -0.135058499612474 0.352230406864594
0.0770364277219309 0.417050124440034 0.20509744041558 0.172072315135768
0.316507197467296 0.216885082838714 0.200136856589466 0.00764075074575114
0.323847237867771 -0.138063290379454 0.114956008792695 -0.163164508915211
-0.0294352429465497 -0.306054870742543 -0.10160280155321 -0.14809799303229
-0.238014566039043 -0.158676153399582 -0.140458666310741 0.0356015328611369
-0.277850906344513 0.0257738170379105 -0.00653702652758807 0.0972082820828445
-0.197188945277766 0.164903063365779 0.08727490354331 0.0114840206267418
-0.142466895428878 0.211499873976256 0.120589368232967 -0.0893292744404842
-0.151661449542569 0.185799805718617 0.148245468876753 -0.155243449063422
-0.263261523775651 0.0859269380293561 0.232081739501867 -0.156411502033212
-0.270831064181015 -0.0855362128980796 0.3127802250274 -0.0637976882602018
-0.143827990317219 -0.24825073028503 0.247813946793435 0.127786974376678
0.230204235566735 -0.260629237622574 0.102173532950292 0.233261520989532
0.361975785763165 0.1355987223164 -0.0508527085417461 0.21996215101799
0.173573030490842 0.420044249724756 -0.130754882310842 0.235020817516122
0.083708840579544 0.475543302388417 0.212020624061163 0.0445124664272659
0.360948960414607 0.23880713889298 0.224208738009398 -0.0561891824075941
0.355578030624446 -0.154453574094019 0.113798557857762 -0.263439912359741
-0.0254621155704734 -0.327847183746584 -0.162701100847523 -0.215559357605336
-0.253228317977881 -0.183360904016267 -0.229744037220267 0.0111273897714519
-0.3142024400874 0.00995650453041694 -0.108127058441314 0.123955534898493
-0.235361364908802 0.17447657195232 -0.00178759013660269 0.0790872806161426
-0.175630771379356 0.236376545185044 0.0527431012498344 -0.00466662054695097
-0.191425098499703 0.21551936111625 0.0827129054392501 -0.0783108933909354
-0.327280329822126 0.106654445096012 0.166203990762868 -0.111556798644204
-0.343120152873293 -0.114076079781826 0.25105842546698 -0.0479904322807018
-0.17310795637127 -0.332046625329287 0.179209687707128 0.114142278511748
0.298975658278703 -0.326016118201411 0.0456648848322563 0.163940119951232
0.447787720798418 0.156492736216438 -0.0633197279745625 0.13103979404191
0.221266673201234 0.475349057263231 -0.138406636395637 0.0987054382267224
0.0856240481990179 0.462417029777081 0.218057086160782 -0.108680430716662
0.345237562145736 0.224559252620586 0.208052289376793 -0.162885158246285
0.328034299247491 -0.142466511343595 0.0592680052394649 -0.333343204609842
-0.0129559050562658 -0.294665973788122 -0.214228063938035 -0.240012610254825
-0.223787102939935 -0.180302464751395 -0.289237724035908 -0.00818225701408687
-0.298057701853443 -0.00645450957958235 -0.200266918192796 0.137448829548114
-0.234213917503287 0.159966406740707 -0.0956154707603287 0.142456124766967
-0.183828488416109 0.225522837956096 -0.0226154997674513 0.081447030676373
-0.207739062898717 0.209670889532021 0.0102166625135131 0.00576097978006636
-0.34842777883018 0.0989429895728198 0.0825632132774094 -0.051271797026267
-0.355432888961191 -0.145783383769633 0.151324552985285 -0.0287263723025835
-0.145153049158267 -0.369387574207328 0.0932361924950576 0.0708185776930774
0.335422748553011 -0.316227699117021 0.0140863945454639 0.0779205444619345
0.450485645291053 0.17017859365099 -0.0514894496349451 0.067495192444501
0.228690450627929 0.459702714177132 -0.159009012056864 -0.0326070085400421
0.0822532135076059 0.381201725728411 0.208606059482434 -0.258849862063701
0.279401432324742 0.179136283984365 0.154524202563504 -0.260877653523603
0.257129986780849 -0.108996116588068 -0.00774628700375181 -0.353827038785066
-0.00101803894500737 -0.225107581971321 -0.23926819606434 -0.233430439788047
-0.167464834480902 -0.150577419332682 -0.319314226090024 -0.0243851297816927
-0.238245270731092 -0.0166084632954653 -0.272819184641786 0.142445637653407
-0.198159214567808 0.125042730478157 -0.181011349961362 0.194164060656194
-0.164959772651851 0.180263502663487 -0.0938715559059857 0.154667155007048
-0.194567875228024 0.168633776882091 -0.0619651300031774 0.0804833496104135
-0.311764984656475 0.0627904468355854 -0.0106044028603523 0.00327438617171977
-0.293701307424064 -0.164839147118067 0.0423425799892464 -0.0305636345789757
-0.0772040407368212 -0.327799538315347 0.0392440970709242 0.00165965842195836
0.307445423306902 -0.234438639637163 0.0258738670941398 0.0206459562590118
0.371052127681806 0.16063349142381 -0.0411533448223379 0.0560919027716182
0.192314207657883 0.371526210284058 -0.189468736600258 -0.142655385453486
0.0664137728107031 0.240167897992998 0.177934048408905 -0.370377869073004
0.175415411219899 0.114764832166771 0.093098914186836 -0.320709948585218
0.160487830347728 -0.0662127960911078 -0.0617892015853393 -0.34418883764537
0.00795495163293738 -0.136952255318372 -0.247314822555761 -0.216055011978557
-0.0941152917366873 -0.098778226148771 -0.332094514331501 -0.030135445116071
-0.148821229476238 -0.0191307010585741 -0.320071524157806 0.144920624507132
-0.135903907647179 0.0733642543070392 -0.242584282549506 0.228634249224331
-0.119902921611271 0.10772452490408 -0.148432359122804 0.204891647838783
-0.146218271890782 0.0968062055157612 -0.122479928434508 0.132503153864386
-0.214962069453487 0.0174518182352171 -0.0904806171551315 0.0343502500042869
-0.175306230537193 -0.138927659649126 -0.0390306509410675 -0.0504528378597415
-0.0146000912566715 -0.213877537097138 0.0279218475722811 -0.0499257017444392
0.20669604068123 -0.124626863041849 0.0442891822696663 0.0137840179585856
0.226260894579688 0.109427319720613 -0.0544567799146579 0.0712704463886665
0.12338127183835 0.216241930525693 -0.212421292431123 -0.224253535632449
-0.0286911629397809 -0.0349806843397738 0.214902888286131 0.310763481111814
-0.0609305926822577 -0.00115304623775278 0.180260286961816 -0.0595421127282296
-0.0497884391379678 0.0230095136124494 -0.0348845941617905 -0.0495802922233176
-0.0150257921431189 0.0543842716134287 -0.0618421628128894 0.0360394319806952
0.0378824318895117 0.0477790272571031 0.0519551737762839 0.0889614871085272
0.0607855297855282 0.0154978642220536 0.153152585731325 -0.00709753110028321
0.0585852141969969 -0.0140713766287272 0.161525220313409 -0.121021569801828
0.0508157302323601 -0.0142877637401385 0.178795213306416 -0.195199336009537
0.0522486110133369 -0.00690830128262955 0.228374877300413 -0.228150028538168
0.0487689360920865 0.0165763275126932 0.304788239385326 -0.151322352568812
0.0260180415839163 0.0500826936165423 0.314222615662841 0.00102261557671378
-0.0143098925094973 0.0577992006960657 0.238581138055992 0.169159047083708
-0.0637010016021816 0.0175122392610482 0.114076559858188 0.288942991332986
-0.0808678522511593 -0.0386561048445642 -0.0548843503351295 0.320132405179309
-0.0328279455925872 -0.0710151610314611 -0.163782666921113 0.415079245779233
0.0220695059171133 0.138123811933199 0.21477726224818 0.303497912121633
0.0820645015241456 0.0803567712276957 0.176794258151456 -0.0334007417309227
0.0913657115016187 -0.0345230882122684 -0.000788260197927366 -0.0597153103751195
-0.0224006186616432 -0.0858898930027247 -0.0605465303535858 0.0104960169176318
-0.0755912080822552 -0.029682055707639 0.0229160151687772 0.0854031427800275
-0.0689668009375418 0.0323699526978343 0.141190923040161 0.0212377351262857
-0.0320437847569664 0.0611125527829315 0.170823065913451 -0.098496444711705
-0.0165255979251308 0.0713173713947315 0.184133905168526 -0.186882247252618
-0.0216508700622919 0.0595997009499804 0.221289024128294 -0.226074383384463
-0.0625197265225656 0.028887498392626 0.29639181361784 -0.165055227759747
-0.0676812083042616 -0.00835224225586528 0.322016836528104 -0.0277642886390135
-0.0401301678689601 -0.0430987004132272 0.251098754945008 0.147118792122292
0.0436409177897678 -0.0596919676938492 0.136222551129938 0.275512804742246
0.067931474531282 0.0390582815254653 -0.0316547381306222 0.315103169706988
0.0297294627759142 0.11715756457228 -0.144935451912886 0.402751667038131
0.0577480102163425 0.289184250156567 0.202330308529541 0.254295273830694
0.210938965809555 0.155384298508753 0.170958983797771 0.00400501170856661
0.220858803044799 -0.0893724284390223 0.060399088223254 -0.0838510440468633
-0.0258998489427894 -0.209971700713314 -0.061101720983798 -0.055869306024664
-0.169716089283124 -0.101432290796235 -0.0440803775827129 0.0600739155802338
-0.184137143324835 0.0353005119969918 0.0825130688372491 0.0555559785477416
-0.119082541857084 0.121480210773813 0.14303087204802 -0.0509595687854559
-0.0809856497561996 0.145964598289683 0.161498098030937 -0.148517536387811
-0.0887931904736488 0.122879454204233 0.18785111329559 -0.199753051426971
-0.164954225637297 0.0537825273514501 0.265185483952892 -0.168692465551055
-0.165409154391451 -0.0504502101729133 0.319451739195799 -0.0547572268056289
-0.0851347022527383 -0.140139854507674 0.257455535052204 0.13133865918175
0.138157976101247 -0.153832559549109 0.133096884495493 0.256912322768444
0.218606487383833 0.0936024791906657 -0.0348428088954921 0.279566035077538
0.102998607738222 0.281611466054042 -0.133608045207429 0.33695668594626
0.0745428000368854 0.398161670143114 0.195563272933914 0.169049874257773
0.302988899242595 0.207880908545648 0.19137398841407 0.0104070576894989
0.309437122696533 -0.13203821145508 0.111732073234897 -0.155376246338609
-0.027631262609161 -0.289679998841229 -0.0935800763107212 -0.144413752800801
-0.22682239673796 -0.150869864738983 -0.135201770429954 0.0304653275586919
-0.264143695222205 0.0268685013045534 -0.0062376126936895 0.0913505239200532
-0.186271431390548 0.157281928904909 0.0818640568015445 0.00941950757309637
-0.132105188041841 0.199620668413223 0.113771639661321 -0.0847069461226975
-0.142598899431801 0.17565815283623 0.13731526568962 -0.146783572358495
-0.250598422838441 0.0834842562647452 0.21899997531174 -0.150052970385184
-0.258992497429678 -0.0787129605718077 0.294552624483973 -0.0630859201505391
-0.137487845634447 -0.234058939757542 0.233872295270252 0.125156743396334
0.21808733500346 -0.249262569164342 0.0945323332346699 0.223911746963462
0.347853618181457 0.128946323607363 -0.0538580558429605 0.209573484828674
0.168702220320267 0.400322684132231 -0.128103490545703 0.224415689840615
0.0806994717835397 0.451940413891617 0.202000203858989 0.0469022160524109
0.346626251170749 0.228393684305133 0.214908693846547 -0.0489111055625749
0.33967820643504 -0.148904985981464 0.110594098074932 -0.251542433899421
-0.0245740794821262 -0.31118309268717 -0.151941524151357 -0.209088310549311
-0.23988047165687 -0.173861726969287 -0.219971724979033 0.00807466148069972
-0.297390940712036 0.0107877901863979 -0.102570350665592 0.11766415859176
-0.222204775475097 0.165959744648944 -0.00197385688985522 0.0737650861798307
-0.164503888018162 0.223927533411625 0.0491864050430292 -0.00523887118589785
-0.179947344574688 0.203985313199526 0.0763496000295935 -0.0730669087546123
-0.309719852093025 0.103691001627355 0.157164808620812 -0.106655474525115
-0.327581602837274 -0.106404091527843 0.236767636397087 -0.0474685457671134
-0.164124982250089 -0.313916023559089 0.168071492214226 0.113328354918796
0.284327276143788 -0.311481454897098 0.0399347430212337 0.157836171611669
0.428865193130871 0.14948070084462 -0.0638051854776248 0.125162760664922
0.213448949242804 0.455025299165461 -0.134537303694563 0.0949337793845623
0.0822067787230934 0.440843668363732 0.209362786857268 -0.0995957302462029
0.331615759290763 0.2154854452883 0.200241285253555 -0.150540247141009
0.312167830097305 -0.134879376820557 0.0577646452642365 -0.318536351007297
-0.0125896477254046 -0.27790797844798 -0.201310848825911 -0.232445002852055
-0.211826206569922 -0.171380454378906 -0.276256551330491 -0.00951225162325851
-0.282164379121075 -0.00548477489829437 -0.190342521693921 0.130736086743118
-0.220961784586401 0.152138586455347 -0.0907756062581324 0.133754779845688
-0.171614500542588 0.213496849520777 -0.0217359182629895 0.0767805534388408
-0.195974383883848 0.199799192295557 0.0089032675796924 0.00651181468555383
-0.33185167036281 0.0959819008494149 0.0770814195988755 -0.0485150943219486
-0.340441218745958 -0.138625615363082 0.141735698051282 -0.0276923071481091
-0.137545628447636 -0.349850725525994 0.0858658841240365 0.0715423243373824
0.319192132740398 -0.301496679781283 0.00997665497332678 0.0746691365706531
0.432973562237873 0.162646708548787 -0.0513667367717721 0.063245565105756
0.218627808749223 0.437813917722464 -0.152469549879829 -0.0290823117787668
0.0788859373626414 0.363102483930251 0.201158172396583 -0.242855273213745
0.267372055686696 0.171703423554151 0.150078523005618 -0.245892247750673
0.243365876974453 -0.104957444139921 -0.0080608575377616 -0.33776474376263
-0.00113090262464985 -0.213167885725277 -0.224989449448393 -0.22605383679408
-0.157629376217601 -0.142987251666494 -0.304670606652882 -0.0245272781354955
-0.225967203588393 -0.0150682290697474 -0.258583026048261 0.13581980301702
-0.187664493847881 0.11975510481774 -0.171310290981041 0.18362892276352
-0.153932468230487 0.170457592046999 -0.0877649812224307 0.146610807590037
-0.184335481788918 0.160143818096232 -0.0586163063700147 0.0780905305490378
-0.297200318948273 0.0621276675550932 -0.0105840146456548 0.00407157748595193
-0.280793964638418 -0.15497214319612 0.0372581156433419 -0.0286707685823104
-0.0730846102789711 -0.31168456384262 0.0339887088241542 0.00478374103546329
0.293443614471424 -0.222391852780193 0.0223180838762611 0.0201401052685039
0.355772762077252 0.153583734129385 -0.040086647694123 0.0529783414581511
0.1839214128989 0.353415009879975 -0.181839177482111 -0.134485122259504
0.0636821239913236 0.229308383338434 0.171210845573105 -0.353436116588303
0.168821533349889 0.1100226973052 0.0908205424552392 -0.304564001679991
0.152098046586519 -0.0636627642046474 -0.0583255453421509 -0.327794592869291
0.00739120224188329 -0.128980994471413 -0.235054253541755 -0.209101472921123
-0.0888095758426692 -0.0942695094650036 -0.315775970513687 -0.0307805442930335
-0.140837316732901 -0.0186672764975838 -0.30187408204595 0.139366276262277
-0.128782471685372 0.0706726174114274 -0.22887060630969 0.216645653020475
-0.112435519129392 0.102612869063331 -0.14060846019607 0.193682746485024
-0.138985191654051 0.0923406869914073 -0.115698032013385 0.126925643172565
-0.205205217652753 0.0180771729648376 -0.0865303191549653 0.033186205975994
-0.167952910253838 -0.132322273756674 -0.0406072459368328 -0.0471576064426661
-0.0124719148227989 -0.203747496044957 0.0238745301698717 -0.0463921679812893
0.196585668972124 -0.118886786531782 0.0418221978267162 0.0143715377439114
0.216632768978449 0.104778487085565 -0.0510305917305312 0.0668301524394205
0.118921647167881 0.205000437942177 -0.203398360288972 -0.211697865852575
-0.0266644212053941 -0.0363796376974082 0.205965024993373 0.311045479445289
-0.0592122291741788 -0.00289344766296685 0.178752109719843 -0.0549081315339672
-0.0489415485980739 0.0217020674957948 -0.0310896342334839 -0.0501303114689136
-0.0160342216150071 0.0535594560222617 -0.0600368582381722 0.0349378844875599
0.0360159003827926 0.0475487852369985 0.0514005044008367 0.0852974972417382
0.0598768763758733 0.0166661001748143 0.151318060987032 -0.00636038936513044
0.0580227214392367 -0.0128142859207313 0.158757727283505 -0.114367383689393
0.0510579712438708 -0.0133846635605656 0.177831352143938 -0.186447849525424
0.0514985192326375 -0.00579120948450817 0.225727787165732 -0.215988679055063
0.0473671046281518 0.0167148761650356 0.298021103305864 -0.141498743584423
0.0250373711038568 0.0494348224284402 0.30601969767794 0.00693783189832763
-0.0158499358755897 0.055312392883858 0.229158552371193 0.171523391536833
-0.0639656804056777 0.0146515755154191 0.10425489578004 0.285730117438056
-0.0787996964028903 -0.0400395892792089 -0.0652521682391197 0.313843116976615
-0.0297381301809423 -0.0715183004853333 -0.173870289454455 0.402136961653788
0.0200313638995136 0.135578286384687 0.207194644245585 0.305795760898631
0.0798400002431058 0.0814379498495426 0.173321872120701 -0.0277477014572785
0.0904792896428064 -0.0321105768138485 0.00253390978561706 -0.0585304532407633
-0.0201466788076732 -0.0843762901268783 -0.0570455072899971 0.00882483688802572
-0.073761320144671 -0.0315181514313138 0.0216764508904187 0.0810733340308813
-0.067349497462074 0.0305129614392779 0.138909189308742 0.0206558228143165
-0.0314653139435034 0.059144793550312 0.168433369805978 -0.0923670064096184
-0.015968350084384 0.0688148627973488 0.182912096020991 -0.177457583238314
-0.0225908513528684 0.0566579596867342 0.218432502426883 -0.215094477849672
-0.0621028143904156 0.0273219936947369 0.291022160548321 -0.155790436885014
-0.0658469319302948 -0.00849682382609031 0.313658491222772 -0.0205455481960481
-0.0387251148187725 -0.0419528198940409 0.242478379813966 0.150530637966602
0.0424424658106124 -0.0590222328626166 0.125392295595862 0.272284644422804
0.066447127603234 0.037978048650109 -0.0430058243872621 0.309244800515098
0.0285221941150081 0.113360034252705 -0.155376110755247 0.392140121366322
0.0523785882120862 0.284217044197511 0.19493730099869 0.256549134018237
0.204522453853665 0.15671035277763 0.166027976821593 0.0101682469290515
0.219249772179432 -0.0826175781409881 0.0626856095748743 -0.0803023532357897
-0.0203672845892497 -0.206280732246139 -0.055965271524069 -0.0571665450503418
-0.164121919155113 -0.102818438155455 -0.044743035900801 0.0553293647026742
-0.180989457874617 0.0315107180892892 0.0800431591821974 0.0549258270503725
-0.117633308994485 0.116607173074257 0.140095841259563 -0.0479357756038369
-0.0796095128021051 0.140178159382654 0.159443182484357 -0.141594123356581
-0.0891997124385673 0.117320797238116 0.184749832767839 -0.189901736748434
-0.162218859149669 0.049279343399251 0.261392827372495 -0.159217713584769
-0.160817106285986 -0.0520717583202309 0.311819753663913 -0.0479535356631719
-0.0800587826841462 -0.138382281986397 0.248528547487518 0.136688803001485
0.136138201277861 -0.149372468639187 0.121928771111464 0.256102342806125
0.214110632393921 0.0952668528628608 -0.0446436749712587 0.274095325493302
0.0965775645613658 0.278542869337576 -0.141734099516627 0.326467709518152
0.0663232841014659 0.39192879354988 0.189449483086943 0.173721594749425
0.295076786582858 0.209535311007069 0.186986825802721 0.0191672003538767
0.306918115383514 -0.122838597095232 0.11485227172738 -0.149601173528247
-0.0211259005034363 -0.284776855473856 -0.0856572605566947 -0.146189258642619
-0.218442023941643 -0.152009813747162 -0.134708294625394 0.0249250937616836
-0.258624668861409 0.0205576555843795 -0.00754891025988173 0.0871955514155034
-0.184467749125088 0.14945555657695 0.0787537950800322 0.00985185523432197
-0.130994828547726 0.191647193504567 0.112519096275085 -0.0803866088462014
-0.142555471162934 0.165996798191391 0.135566726110421 -0.138903513514943
-0.24679628323974 0.0784087206939553 0.215158403160931 -0.141858081809273
-0.251528762173843 -0.0807464268824346 0.288424425975254 -0.0576168566963395
-0.127879786263914 -0.230554538805666 0.225345567095167 0.131516756295489
0.217343067957573 -0.240941751602731 0.0841243423544833 0.223161168228975
0.340740987214279 0.132214424462321 -0.0612893276330167 0.205651266709076
0.158823340325318 0.39569346554439 -0.133414496384335 0.218436006930335
0.070316243498273 0.444273549697226 0.198925363030338 0.0545722439687134
0.33601458114937 0.231622909255131 0.213145076469425 -0.0385934623338253
0.336340661887557 -0.13959648641045 0.115379506099867 -0.243957204707071
-0.0170690969347385 -0.304545737612547 -0.142962186853603 -0.212590999971516
-0.230402891257792 -0.174835863923582 -0.217865988849663 0.000513291254185345
-0.29054740332385 0.00551268554057855 -0.102536083183335 0.112522887127223
-0.219953506365586 0.157938445533539 -0.00345884267672975 0.0708283684860879
-0.162305809448952 0.214417124239261 0.0469423077598702 -0.00366437546092437
-0.180157815529151 0.194196914819114 0.0748226581386773 -0.0689940505683643
-0.305769316429423 0.0960892667684019 0.154336016771357 -0.10120286760421
-0.319400479040754 -0.108161531184165 0.230329120507562 -0.0422563277402488
-0.15309657677759 -0.309261513899751 0.160428458085164 0.119626554067773
0.284232135536923 -0.300284299685937 0.0320500207618616 0.157605741617212
0.421558317908566 0.154781725662616 -0.0689063494338135 0.121553167421723
0.201091508317995 0.450047917653137 -0.136493166610457 0.0915396958757691
0.0723229013345642 0.433483341308712 0.209722320221778 -0.0891583179425394
0.322972399269056 0.217597126266718 0.202358982750104 -0.140081064615045
0.308233081182751 -0.126349821297668 0.0640798196463654 -0.312076387078479
-0.00588567585787096 -0.272127872778933 -0.191786223518348 -0.235520236301725
-0.202606609863014 -0.171975424062704 -0.272563574857163 -0.0171658061187553
-0.27526559039765 -0.0103831247408463 -0.18788843068767 0.123609044334137
-0.217863212984018 0.1449423643477 -0.0910447171034877 0.127466255147084
-0.17032916857681 0.204277551710473 -0.022698689020935 0.0747002333747595
-0.196251323216081 0.191106834995484 0.00815873106116914 0.00768054833884148
-0.327638402636369 0.0885799773870132 0.0752807882216512 -0.045730013706034
-0.330966092331104 -0.140246099141104 0.136810645267942 -0.0238834891258575
-0.125918182036864 -0.344357291616046 0.0784483560501209 0.0762528254528978
0.318375292214603 -0.29007889210884 0.004609179908183 0.0747323066664249
0.424523262914086 0.166425290006508 -0.0546420631701822 0.0611431581560371
0.206755862733602 0.434576249807363 -0.151471492619223 -0.0306068111833811
0.0703167778888428 0.35706369180058 0.204661497368159 -0.231403905490814
0.260104028676041 0.173315850324503 0.155578288144652 -0.234931517044523
0.239856980746413 -0.0972416279476067 -2.88300363395179E-05 -0.330589227414736
0.00434106684735752 -0.20727596293037 -0.215495055339015 -0.230535201740551
-0.150757551699008 -0.142919687299166 -0.298174271779327 -0.0314374573382841
-0.220209359734305 -0.0188264068193786 -0.255310744232802 0.126615829921007
-0.184399816319391 0.112905341078961 -0.170286210618252 0.175299162181945
-0.152396197727054 0.163740756570385 -0.0892093343591719 0.141056685142418
-0.18310252211044 0.152997772977888 -0.0589066975467882 0.0758421318837202
-0.293076082974308 0.0558471785739496 -0.0113661970424598 0.0044963881065939
-0.273206774947409 -0.158068179917211 0.0341341579522346 -0.0264252512106082
-0.0636423551904576 -0.307573199573161 0.0291707638344256 0.00866496530201235
0.291945875033006 -0.211690648479637 0.0198875273468822 0.020500808320633
0.347164280631404 0.158100652406244 -0.040993340866952 0.051280784778857
0.174158074942084 0.351416836256272 -0.175642856728135 -0.133949590193854
0.0581218085965479 0.22707180537026 0.179206754587391 -0.340502246037567
0.165229211272205 0.111113145103923 0.0995267576275734 -0.294308443648655
0.149851172996181 -0.0589270436676482 -0.0509480891938356 -0.322498946880399
0.0112688575807145 -0.125726803604455 -0.225771332965868 -0.212582927053936
-0.0841351091740449 -0.0940694004840553 -0.309040338569515 -0.0377823837637191
-0.137635942273448 -0.020396891536142 -0.297212324861757 0.12824102694273
-0.127141748385291 0.0666536894141499 -0.226854311351263 0.207219628066288
-0.110673710464801 0.0981882333383311 -0.140276922244356 0.186000985597972
-0.138511074837465 0.0885722064383777 -0.114608720755831 0.123047224398455
-0.201241610498606 0.0128910889962556 -0.0859009420803403 0.0319873552627862
-0.162597856404345 -0.13377792122844 -0.0413039281473906 -0.044985274938284
-0.00600457653465492 -0.199207182884094 0.0220393653054507 -0.0428837058050041
0.194489257058863 -0.110766810234507 0.0402499915031368 0.0149437240587905
0.212030145255231 0.107490743158965 -0.0506829281420049 0.0645909581592079
0.111819614838339 0.203116156562592 -0.195297412002323 -0.20985237826376
-0.0254382640928694 -0.0391162061022776 0.2050833975002 0.323154275435253
-0.0596199774397034 -0.00543988643562423 0.182233441531623 -0.0531198485443936
-0.0508629118679219 0.0214029240295052 -0.0288738352174675 -0.0517738825006528
-0.0177280872153027 0.0541668498974083 -0.0597549317564515 0.0349927557323122
0.0357014812236587 0.0484060519995865 0.0528328627571202 0.0846891240296605
0.0616547169648552 0.018009352914242 0.15382295741757 -0.00777522906039067
0.0592496190851766 -0.0126854694623517 0.162474850592596 -0.111808583313639
0.0529834945661411 -0.0127069237397417 0.182931231750296 -0.183315779473344
0.0508993827412008 -0.00565646584269079 0.231648435275441 -0.212939638997237
0.0472163242607116 0.0181993710176895 0.302831620037108 -0.137889870554394
0.0254285663244381 0.0508209560107944 0.308232327814138 0.0138224512167585
-0.0173548607926475 0.0557288562204651 0.227502565907936 0.1802430343665
-0.066381775327143 0.0121567895520373 0.0966932799911689 0.292013391729622
-0.0789916786131115 -0.0422755216992061 -0.0772505897612731 0.318772306655463
-0.0268137994242487 -0.0745352451221664 -0.186904137161066 0.405221972322665
0.018483594584824 0.137443086624809 0.2053889335081 0.316873145036029
0.0798091644392944 0.0837522245991785 0.176129404184306 -0.0245625568779134
0.0930357271742278 -0.0299402402741078 0.00534004268654654 -0.0596141082133631
-0.0184127574637713 -0.0858481199408231 -0.0555257179562587 0.00715030852949588
-0.0746817195574896 -0.0333892157279108 0.0214811573462864 0.0801996652494331
-0.0688529912112881 0.0294637740384609 0.141531462439302 0.0207742622950631
-0.0326211280519744 0.0593631484862045 0.171533344241462 -0.0907121369873424
-0.0164759735376575 0.0683246494970826 0.188206135633239 -0.175461954317467
-0.0236585435962719 0.0552253313922022 0.2227044033446 -0.211557688090583
-0.063967973471917 0.0266874272830732 0.295598620052245 -0.151354280039717
-0.06604542360834 -0.0101607587804387 0.316855183119887 -0.0156962956261303
-0.037846722514619 -0.0429817266646072 0.241350351644524 0.160587721648175
0.0425807278350184 -0.0604760078522282 0.119569767309766 0.279984350732974
0.0677807094691341 0.0387068989806691 -0.0546253350131108 0.314464364347254
0.0281244064904011 0.115028558600053 -0.169374138084438 0.397489540872563
0.0482524337065513 0.288846380393816 0.193638383339064 0.268086982627526
0.205679420644196 0.16420226909304 0.16809319431171 0.0168477059096184
0.224936630442036 -0.0794746591181676 0.0672695174468749 -0.0793419614733785
-0.0166380840522303 -0.209272857600463 -0.053039574495571 -0.0616638495554903
-0.165040116210623 -0.108081269302435 -0.0466007950234901 0.0530031096737681
-0.183834563293407 0.0285536025053581 0.0814358691246236 0.0548536705412804
-0.121049683629834 0.115908025530239 0.142635073261793 -0.0459897659899048
-0.0813209531629814 0.13952942439691 0.16368761707977 -0.139541477219571
-0.0919073423537417 0.115305228811635 0.188910757352432 -0.187135189157753
-0.166233403089369 0.0481947696349589 0.265559803946482 -0.157444993996621
-0.162227973479969 -0.0544265197683159 0.315308675107343 -0.0443034299621057
-0.0786222886007739 -0.139785558606398 0.249174805271158 0.146001343668731
0.139444532464989 -0.150798998515751 0.116145072351714 0.264727197798482
0.21720890677363 0.0984316122285596 -0.0552305389292396 0.279879374809039
0.0948509345161306 0.282606053605741 -0.15278435253766 0.330942414206648
0.0613143877255238 0.397622822546187 0.190620339429865 0.183526651584347
0.297828290951667 0.219669311520862 0.190436045136889 0.0279219500819066
0.314351884156928 -0.120278781010422 0.123117058932175 -0.148400173108005
-0.0155296600722693 -0.288337637366609 -0.0809408332106891 -0.152694502873967
-0.21982553419715 -0.159426938339967 -0.138705527495847 0.0202415573177216
-0.26288694994376 0.0175115857550277 -0.00841144976243671 0.0877406074734804
-0.188607734668769 0.149094680663484 0.0797310302508161 0.0105911147688839
-0.133186262953897 0.18965775477481 0.113722843980115 -0.0790017049765529
-0.14844911766244 0.165254714246346 0.138116167364347 -0.136913675963049
-0.252223497141636 0.0759312506139193 0.218626415963459 -0.140156297896882
-0.254374877356774 -0.0842848506862205 0.291269735936594 -0.0533066573158731
-0.126088319988423 -0.233576866271985 0.225367696634485 0.14155985722942
0.223366037485936 -0.242641393864664 0.0785643465324392 0.230646195919817
0.347935223903789 0.138892363313142 -0.071452969831398 0.20915733426923
0.153924627775259 0.40436263505507 -0.142918509340655 0.220258660685592
0.0647312781365205 0.451840174572621 0.201863131608514 0.0633829552144193
0.33814357959016 0.241984196155687 0.219745425896121 -0.0295690993001211
0.345582640814016 -0.136633245311598 0.123484094015434 -0.245845898174294
-0.0104803925918415 -0.307080987552692 -0.138631575102988 -0.222033742657201
-0.230403776666097 -0.182358325622248 -0.223978749066792 -0.00454141577447509
-0.294981889862629 0.000552126891187122 -0.105047446861665 0.111429764115855
-0.225490645837907 0.15653139812005 -0.00507664824329122 0.070296496064074
-0.165599987327238 0.212897956354607 0.0475595071095228 -0.00282853667549933
-0.186094919921793 0.192677998042781 0.0761258495711351 -0.0668651600645785
-0.313326210957005 0.0944013785451457 0.157218864483036 -0.0997823906303815
-0.323413594153866 -0.114394228512396 0.232531926106464 -0.0391409873524944
-0.150270669863219 -0.315320601750507 0.159660716374934 0.129672021839184
0.293396974424309 -0.30131173922874 0.0262060006052261 0.162641259914795
0.426868948002321 0.164206806592558 -0.0760766540247392 0.122574996083326
0.197295475460027 0.461492777288754 -0.142019006874679 0.0916754661749882
0.0657350017722244 0.440655181573823 0.216476520279072 -0.0823164690832101
0.325309290941809 0.227298054420346 0.212003386250485 -0.13377832187768
0.315250858365781 -0.12264080015654 0.072094750686617 -0.314527316556089
-1.91156446049737E-05 -0.274515513408484 -0.188759912411444 -0.247184761224873
-0.201486560928146 -0.178066356927005 -0.278845017131724 -0.0240532727231664
-0.278860096914234 -0.0155736323393507 -0.191892021142925 0.121674346406695
-0.223268128083672 0.143167117398674 -0.095295304839063 0.126809401146061
-0.172969165191615 0.202180515776379 -0.025136668984927 0.0751789657018253
-0.202385718244879 0.18947838315934 0.00811062520614024 0.00916497745010776
-0.33430723120346 0.0854901669258939 0.0761504992291782 -0.0433662006178449
-0.335988942706909 -0.149064775182735 0.137331649784374 -0.0209670078287378
-0.121125718215279 -0.353720947563008 0.0767777237436678 0.0831074218391749
0.330023144137576 -0.289617209481101 0.000499753755367232 0.0768450095265107
0.431500599369539 0.177501397595963 -0.0578795806336217 0.0604705559129597
0.201101961049309 0.447083165861101 -0.153301734816849 -0.0318960090671818
0.0650563447220893 0.363936941617261 0.215231567827739 -0.227222609851417
0.26304718692926 0.181269150050592 0.166016130529304 -0.232411871911863
0.244690123982215 -0.0949039567702573 0.00589125374626815 -0.336279276256778
0.00871300682158151 -0.208925657571134 -0.214201548069546 -0.240622696933728
-0.148704006854616 -0.148703220130308 -0.303836550663831 -0.0395654519968891
-0.223432523113053 -0.0232069468553999 -0.26109492953541 0.123781235291543
-0.188612789871075 0.111534029907066 -0.175921863981145 0.17329050377567
-0.154482087337617 0.162409632871526 -0.0931364454683419 0.141775587018184
-0.189248065107852 0.153078833349115 -0.0607541701821708 0.0771477337750032
-0.299628193068346 0.0530344822917221 -0.0131281754476104 0.00510948896319896
-0.276254976940163 -0.165461554447008 0.0319616034323578 -0.0249076608861613
-0.0564809054560966 -0.314050051985689 0.0257064965071589 0.0124007666268909
0.302198459644142 -0.210124074358727 0.018275076997553 0.021349560685685
0.352433899219437 0.16659550598548 -0.0435202164236236 0.0498602672622482
0.169161420435292 0.35954744218189 -0.176407660757327 -0.137064897302608
0.0549723121366246 0.231409059212754 0.192306895764713 -0.339601178000811
0.167022904838066 0.117100461681886 0.109668219622798 -0.295997266150479
0.152812486257729 -0.0570034009389808 -0.0460993537113096 -0.32874786808765
0.0142436879093173 -0.126416833977549 -0.224107571767226 -0.223748543524587
-0.0821605197616399 -0.0980458694442511 -0.313534892284374 -0.0445420616717817
-0.139195475343981 -0.0236364868376369 -0.303950192347532 0.124923947638224
-0.129036028630701 0.0655882432632911 -0.233601663462313 0.204384356502447
-0.11283135833387 0.0968769464025237 -0.146399116942346 0.187026290874341
-0.142443999202417 0.0885526364043073 -0.118641509823792 0.122411036455579
-0.204908585808708 0.010490994732204 -0.0894286977010469 0.0322371329625196
-0.163600547546912 -0.139428989867497 -0.0436436398120769 -0.0448450514409038
-0.000927339518723453 -0.202965520129102 0.0192322597443439 -0.0404448130663325
0.200157650285145 -0.10750082815207 0.0396353674806036 0.0170373916080592
0.213544924595588 0.112665968199672 -0.053199106348971 0.0638569492314099
0.10898946722684 0.208378793939789 -0.195860357604041 -0.215542758489054
-0.0263175974872655 -0.0417975029467177 0.219801936961249 0.337999902388272
-0.0622425410479659 -0.00674786377866767 0.190376906202975 -0.0567594294352786
-0.0525322599000011 0.022957604008957 -0.0292708543870355 -0.0552664278159684
-0.018355446446957 0.0575690693652171 -0.0602722631702579 0.0374328850080435
0.0371111656273987 0.0502661828149419 0.0579117863714196 0.085944703948835
0.0648457046619663 0.0187573758148969 0.161064900546583 -0.0129117432447238
0.0623706067814007 -0.013719844880072 0.168601570279708 -0.117489117581248
0.0559057142025297 -0.0143104935964994 0.188835884550973 -0.192541634457048
0.05343536881302 -0.0072425210508944 0.238182067529732 -0.222864892067087
0.0490669946088915 0.0187679284797942 0.314116820910908 -0.145017238055491
0.026453827162175 0.0525959185760703 0.321426334964741 0.012265209185239
-0.0185371685743232 0.0580614955975304 0.239729911840819 0.187783577779517
-0.0705441872833408 0.0123016243370141 0.102406676173468 0.305271210569116
-0.0833887682912507 -0.0449685713776148 -0.0829494326511649 0.334093662865978
-0.0266730657771936 -0.079930997318511 -0.19803523571185 0.425303900024908
0.0212253699236171 0.143128489623545 0.219086302887615 0.332682489440938
0.0851691583779128 0.0866409583663545 0.183504612707785 -0.0255040339288107
0.0977647101131098 -0.0324964882430575 0.00674088209413132 -0.0626739644108601
-0.0199744079000692 -0.0891951736783371 -0.0562283725480307 0.00727475578583047
-0.0790417095508077 -0.0343225904048436 0.0231438636781637 0.0825080767049219
-0.0712817683736865 0.0322740531383187 0.148769732313737 0.0168057613961904
-0.0321576768157618 0.0625428181056861 0.17832970072042 -0.0961548847202905
-0.0149252658826313 0.0698444531252252 0.193225804063469 -0.183808808038126
-0.0243002070104402 0.0578694225794522 0.228399099870843 -0.221033926401205
-0.0676309356061818 0.0294391960565036 0.305379841283474 -0.16054704705223
-0.0691012427333301 -0.0089216301732471 0.329294661072336 -0.0187811714382617
-0.0400115514637593 -0.0430007762418727 0.253337798484549 0.167576689172574
0.0420085021450324 -0.0636952795907904 0.12580864757078 0.292955848948286
0.071330235591522 0.0384900860520886 -0.0593186810116347 0.330820663697264
0.0324022406685589 0.118448406126846 -0.178608894451298 0.417263948100328
0.0531314750780956 0.302055107477794 0.206608165230141 0.28212610567077
0.218356717207177 0.170070730019657 0.175585730295126 0.0201010671758803
0.235576673463316 -0.0848767230336245 0.0719435983945877 -0.0831542175873086
-0.0177693803137621 -0.21883046770247 -0.0531484966207028 -0.0662272054945257
-0.174497428445232 -0.11313919766368 -0.0498557399745398 0.054134316483795
-0.191901692062395 0.0328385759608089 0.0859529463123697 0.0541313242675907
-0.12453588428589 0.122867860217912 0.14780317797199 -0.0499792282710634
-0.0819268864371615 0.145227096307585 0.169420776813308 -0.146694725625018
-0.094888850632524 0.120254936797986 0.194109944861215 -0.194848755649228
-0.174105710625159 0.0525184514997881 0.273969424049888 -0.165984538247637
-0.16939138548954 -0.0534363609292663 0.326800320868891 -0.050271643250011
-0.0821033788447591 -0.144082951502541 0.260761257783992 0.154840737344615
0.142904307992903 -0.15959052145467 0.12071561791173 0.277148322530154
0.229148139951689 0.0995884016586823 -0.0610377596204377 0.294528653938055
0.103100808812024 0.293696876372622 -0.160494976660888 0.348305103449491
0.0671343994190348 0.41553507098134 0.20069888654199 0.194231902238226
0.315090814646922 0.227385803760778 0.199891748678279 0.0337421883693291
0.32843919727698 -0.128509235067193 0.129892481455594 -0.155853487124223
-0.0182168789322273 -0.301297643260604 -0.0845273902662071 -0.162702144333666
-0.231542555745528 -0.166009863949373 -0.14723148830937 0.0206943295817839
-0.274767846986608 0.0215323149988467 -0.00818982518453828 0.0897345992838099
-0.195702866421974 0.157936413897862 0.0823533991493071 0.00899024170231218
-0.135536868041934 0.198486446624379 0.117702053860311 -0.0830699268991888
-0.151696639237358 0.172043596844562 0.142058464716055 -0.141958183855824
-0.263630420703992 0.0822087591999764 0.226399051976585 -0.148216828992252
-0.267539048128436 -0.0853500733802681 0.302135698691038 -0.0597936589399551
-0.132823322514728 -0.242765906078642 0.235985860302946 0.150597186435612
0.231271323519807 -0.257584084900484 0.0806621950203189 0.242596272873774
0.366733529152253 0.139806261200608 -0.0769713928815297 0.220370028289669
0.166576546516391 0.422515245079833 -0.150027914562614 0.234165053637071
0.0719889342625169 0.47316465990071 0.213991618127198 0.0682931889990397
0.35969838866939 0.249466116691131 0.231672361736295 -0.0270688691153061
0.359559280551598 -0.145272338560316 0.12982201975896 -0.257390512253518
-0.0129029884374026 -0.321456838666711 -0.146849100803377 -0.236292519538085
-0.242796827621987 -0.18927600164006 -0.237173128526311 -0.00367227702891911
-0.308751015740606 0.00420888019201965 -0.108620317880107 0.116530126402563
-0.232969556843351 0.166304491605286 -0.00502138031595442 0.0730400558881355
-0.168981379756178 0.221446439544491 0.04890609711903 -0.00325821499486405
-0.192022472429334 0.202008689470965 0.0782401300040932 -0.0681303046772663
-0.327078079878759 0.102643511088004 0.162341717564466 -0.103956472093526
-0.340161329677864 -0.115148091550823 0.241162137600893 -0.043908370259524
-0.158961545084246 -0.329188960797465 0.166024452396142 0.138973027790363
0.304134164815286 -0.320653019239362 0.0246124934247878 0.172644739723318
0.453457821342601 0.164842598275252 -0.0823968366680459 0.129615501068734
0.210251535058561 0.482673516630042 -0.148748105249358 0.097610961952268
0.073835638458645 0.459989851352349 0.22782001992694 -0.0843862779093418
0.344105769608044 0.232778760224793 0.224263620917473 -0.136506632322839
0.328158531626148 -0.132625601753028 0.0745518579092047 -0.330194766474847
-0.00142376973604019 -0.285969458489147 -0.200173740909934 -0.261100095110949
-0.212013024857145 -0.185116424144913 -0.293328628116487 -0.022830160184049
-0.29202446316304 -0.0134073839031479 -0.199546013834529 0.128332222962168
-0.230836400773593 0.152179808082486 -0.0987431738203804 0.132829661711961
-0.176620400068524 0.211238577798742 -0.026054262114482 0.0792271837209859
-0.209545022408094 0.20043093685126 0.00839506621892367 0.0125433621392624
-0.350531227112345 0.0937730905757447 0.078340053309631 -0.0448629117280737
-0.354837654726625 -0.150647806735702 0.140816883717517 -0.0233216632901857
-0.127434687362768 -0.36870164045981 0.07807182528204 0.0909462295884247
0.344131714595642 -0.307527724504256 -0.00242037691203012 0.0809985366754131
0.456832634810397 0.180849015239173 -0.0633403047707926 0.0637924460221359
0.213774225129922 0.466701899432224 -0.16111642837071 -0.0309057600178504
0.0721591835030425 0.380193665906828 0.225989341700531 -0.237745169086898
0.278905528586439 0.186386047079619 0.175862621515813 -0.240736642445338
0.254618885295984 -0.101139514286998 0.00510692858560758 -0.35216159370869
0.00875060227089556 -0.2174128276377 -0.227457982299132 -0.252737793520899
-0.155960994420131 -0.155364518663041 -0.319912047361309 -0.0401135546647896
-0.23438588505479 -0.0229275771965965 -0.270827723368649 0.131886864314304
-0.195527979955419 0.119045621688455 -0.182917443036126 0.181632404538618
-0.158497212137141 0.169685709998135 -0.0967786371114652 0.148936121620011
-0.195947124966423 0.161281893633573 -0.0628974696465144 0.0831793111992116
-0.314236501564562 0.0585436320648681 -0.0142894103098234 0.00669366591232259
-0.292485383108658 -0.170856952343996 0.0308468303134717 -0.0246393014239022
-0.0600767688430483 -0.32908709658918 0.0240140493252074 0.0165243280999348
0.31557904389002 -0.221761398253036 0.0168753495734832 0.0227816673609842
0.37447297565711 0.172952812665698 -0.0460573165994307 0.0529396293492088
0.179451257710909 0.375670764799473 -0.186022543563596 -0.140901887141625
0.0604441792209392 0.241678557626886 0.200760776164103 -0.355473538627958
0.177976510552233 0.120393449360408 0.115832339376533 -0.309203839951895
0.15930730424446 -0.0615070295672708 -0.0500515012073118 -0.343969883050331
0.0153222133775291 -0.131052954949948 -0.236803925530772 -0.234416891278743
-0.0861453461011093 -0.10297351207616 -0.32889210979298 -0.0456077316843712
-0.146155092823735 -0.0241003196652608 -0.31628318932155 0.13307022692551
-0.133791696710507 0.0711377155461795 -0.242249089304368 0.215056407663715
-0.115588912965455 0.101454036464658 -0.150818493703968 0.196078677214276
-0.147753826018678 0.0944731706123195 -0.12263819889563 0.12997113207848
-0.21594144806783 0.0128624537667419 -0.0933710747783316 0.0366633680342508
-0.174503656645206 -0.144674541937157 -0.0495380333001032 -0.045301551827432
-0.000429573062989069 -0.213890744496771 0.0174590838012827 -0.0411939170552073
0.20928943463809 -0.113839885879044 0.040919025693686 0.0173599021085502
0.226795359238777 0.11594941208988 -0.0550685217900045 0.0663468937285914
0.114914244611314 0.21666172198939 -0.206411038172908 -0.22259631798623
-0.0397051075140977 -0.0399795237260211 0.30135744521375 0.316163460141604
-0.0673574474537209 0.00402936454280394 0.190948070733677 -0.0946867317327751
-0.0515092496203911 0.0333784347406979 -0.0372149948741617 -0.0567397883459067
-0.0105338034232791 0.0625053518241816 -0.0529315086139974 0.0469708810931476
0.0445643479004864 0.0472246086331225 0.0745277338832032 0.0736437295226861
0.0701601424538463 0.00924433179540888 0.162323363040432 -0.0456841303466078
0.0646340880649878 -0.023377657057595 0.152899699274356 -0.154937259842551
0.0562801821564664 -0.0239932840952122 0.161208976389773 -0.227381800709833
0.0555275270135934 -0.0151773968056254 0.207695256784883 -0.26925354390081
0.0530359091507955 0.0133642413006733 0.29949001223798 -0.202940475296457
0.0344108483653591 0.0534280119244326 0.335581132422038 -0.0397111558694737
-0.0113327383506261 0.0615354418740462 0.281864188298904 0.156927222855204
-0.0721565724492267 0.0239811183282381 0.158032262918793 0.302220213693144
-0.0921384033755943 -0.0341632268931268 -0.035433502876358 0.364776478659098
-0.0363331638622046 -0.0809085776802908 -0.140603586391529 0.476486541034808
0.0448705282328199 0.145396947099239 0.28413250107238 0.301443644632166
0.10328825536929 0.0786474666948597 0.182016937645866 -0.0594735953025449
0.0976365475697472 -0.0494146975967098 -0.00724415471976198 -0.0617980583266824
-0.0341563200813056 -0.0893034401768705 -0.0535875460849351 0.021718211543959
-0.0893490137478963 -0.0234510894682034 0.0445583331967127 0.0812483962536348
-0.0687630442316289 0.0455301850428994 0.160738553081874 -0.0139283148602266
-0.0223922562299467 0.0704577539351555 0.170443093375678 -0.13572372046448
-0.00198864014079942 0.0746971288051854 0.167402206854422 -0.221506239731958
-0.0132672918078082 0.0639191132529569 0.198626157413587 -0.26662807167157
-0.0639028734016733 0.0441378036576752 0.287431426852892 -0.21631589414511
-0.0733127621610934 0.00620727149502284 0.339512133892219 -0.0743621716049659
-0.0486922872294062 -0.0380425167338054 0.2936026493687 0.136763193558523
0.0293127471207912 -0.0742359485700045 0.176417539697345 0.285743786087975
0.0803552260226504 0.0242700829347025 -0.00857688057181438 0.353875766134318
0.0565166813813766 0.112319578682881 -0.120708078428788 0.466556517900152
0.109481943888048 0.30759604520394 0.24919352761054 0.244326461595353
0.255641499180051 0.143851370871582 0.174345471715129 -0.00884802461294817
0.233713516274924 -0.127573665791894 0.0519804852638503 -0.0875603207423755
-0.0509030610843786 -0.224880999427794 -0.0636112883228316 -0.0496369265826881
-0.199045640759401 -0.0898566349238324 -0.033157549627267 0.0687354516921293
-0.194398448360739 0.0653811434813177 0.107499689132952 0.035111145201857
-0.109027836238348 0.147402225335125 0.15040963239889 -0.0825451939547003
-0.0591604580807831 0.162848256712131 0.148955792431191 -0.180123864479599
-0.0757602153124491 0.139472241588879 0.168129279300686 -0.232809651713228
-0.168976804735028 0.086646275299835 0.254633444575307 -0.216154995376976
-0.183346474521864 -0.0220848929929336 0.332199714064078 -0.105289667830763
-0.108019503638136 -0.134707791101753 0.299195844553225 0.122651272043596
0.115021944530065 -0.188777872713287 0.166686732677936 0.270743006066183
0.251933023913969 0.0600156660266888 -0.0150766599642082 0.312664554123727
0.157687848732915 0.280196743858255 -0.112634880498983 0.391756746714083
0.14643445683972 0.426064351486753 0.218694687834297 0.147725790270273
0.366950531651232 0.187034609921536 0.198783150687546 0.00222780150509538
0.32330069150986 -0.188207489298759 0.0970780395031416 -0.169172949722957
-0.0616204322651227 -0.310967268101794 -0.114844634992952 -0.140890292249013
-0.265873709658069 -0.136847381102949 -0.137887178561825 0.0554128033074741
-0.282291872889983 0.0676429547800733 0.020486469051719 0.0903049408071688
-0.176748732650082 0.194959402432765 0.0956355220917054 -0.00788970882012271
-0.106103387570668 0.225242653750591 0.106568406441916 -0.106149256062505
-0.125323259421349 0.203060507216942 0.123031087505128 -0.168195431543565
-0.255393922732847 0.131828291074281 0.208616068424226 -0.18864623152692
-0.28919033803758 -0.0371830214578703 0.306494536402251 -0.110469292130154
-0.175493498031175 -0.228212860522141 0.272422869786022 0.12620911996912
0.188118746765163 -0.305441924448976 0.116112479472042 0.241711679325777
0.400601042537216 0.0790776617869359 -0.0438830446539562 0.234962483966959
0.244234941886408 0.400928696263475 -0.118862536322092 0.270762879290023
0.162486301017564 0.484477871440131 0.204597332921013 0.0099945185505984
0.415797002167505 0.205552708549804 0.221044392147227 -0.0670440426992855
0.352264021284913 -0.210824094429867 0.0781141199189029 -0.275386868756941
-0.0592364844911236 -0.331978639331932 -0.195049650990609 -0.203388299888277
-0.280193018965624 -0.160909625438497 -0.235657947101503 0.0472644611925033
-0.319709052337422 0.0538896977404788 -0.0779248357025183 0.136732463409909
-0.214479269158201 0.208807314269853 0.0165176440306149 0.0743559137841678
-0.136008002029112 0.254338309624344 0.0498231732566517 -0.0122181828065428
-0.161869353355221 0.240646217897237 0.0710388992333283 -0.0827068570609935
-0.318456471038738 0.163023049287791 0.150378225942524 -0.131661256439556
-0.370071185091563 -0.0563926629690595 0.246197650911438 -0.0825512471646464
-0.214865251493168 -0.314488414947473 0.196976218978894 0.128511748815682
0.254319640321488 -0.382289266637172 0.042712803204556 0.176411236368218
0.493438738040336 0.0913348888216698 -0.064244326290897 0.13844721546237
0.296834234989459 0.455376309961337 -0.139828517220077 0.130077033938031
0.163044153799214 0.473797741857221 0.191701460130728 -0.152181231160383
0.399084552051811 0.190031706974681 0.195784840787069 -0.180743715206423
0.321866343573438 -0.190890135702743 0.00695275213441191 -0.341436957430304
-0.0404065478438076 -0.297214731257961 -0.256044024746792 -0.220630821996553
-0.246988648038591 -0.163174035639756 -0.299497736369199 0.0384519163022829
-0.3056063081297 0.0328710743717926 -0.170270247882269 0.166261910348793
-0.215800187958416 0.193494150685397 -0.0708986250744505 0.155553966910501
-0.146138646280374 0.245569538035534 -0.0128654994680431 0.0845197193925981
-0.181105142358269 0.240617234958856 0.0117404212145652 0.0126893308549375
-0.343765222901959 0.158209313069881 0.0746098506376392 -0.0553223592811719
-0.390757365703994 -0.0921558595176493 0.145105091321155 -0.0429991698543778
-0.189886011507099 -0.361748675861486 0.094164083346747 0.0950483813660919
0.298776179604268 -0.375051611452675 -0.00184127326672086 0.0848351772690198
0.498231807013977 0.108854820091127 -0.0530414187094419 0.0668172606741303
0.296135025380199 0.440994860846772 -0.172750582470613 -0.00377055625790568
0.149628557414867 0.38942620111337 0.167555235095553 -0.308385623082215
0.323983033538581 0.151294613771171 0.129350383886135 -0.281556635048769
0.250996598797263 -0.145835652604337 -0.0670395617630109 -0.354829830685383
-0.0188129631386502 -0.227303452571156 -0.284401697067954 -0.209926854600391
-0.184146380111269 -0.141176816738202 -0.331132944740724 0.0248763584027837
-0.246296754599973 0.0127512603122219 -0.246370456636429 0.18430835835531
-0.182905337341154 0.152635688020641 -0.150354750156138 0.224280865114347
-0.135204277236284 0.19868688934121 -0.0745804083329958 0.169327668848005
-0.174656013799893 0.20004782167282 -0.0498045012184048 0.0980334897488924
-0.313932740058224 0.114140172406934 -0.0130197903697045 0.0150307226553174
-0.330104311271312 -0.125487349687779 0.0295614026202111 -0.0254144221648663
-0.111356274995658 -0.332035028165432 0.0232133173547806 0.0240298299013316
0.285163109664176 -0.282637243152287 0.0112580716347123 0.0196364631831523
0.41115821916454 0.112603227127424 -0.0358665916793108 0.0530995130351372
0.246142361214321 0.354647538792048 -0.216036889540171 -0.11421018818995
0.110966623270652 0.24652716416253 0.129448088669948 -0.419051500424089
0.209869187541493 0.0985416506239268 0.0600842996518984 -0.343622635463218
0.158269378310195 -0.0878528555786007 -0.120633719415537 -0.34149237777931
-4.50647078337099E-06 -0.140463267149616 -0.291480800543289 -0.191616534405051
-0.10283439033261 -0.098313975363963 -0.344527792775335 0.0189165459841341
-0.15580012152401 -0.00349726708716124 -0.297178381364217 0.19545460354247
-0.126805040620905 0.0933100321966822 -0.208968426493395 0.271749794230991
-0.10307213019394 0.121452495896877 -0.122289531491118 0.227073331483539
-0.137247592345049 0.123540763486899 -0.103898247113554 0.157075566100495
-0.221016880010936 0.0495417393865279 -0.0906082231769346 0.0579285455423221
-0.203137004763098 -0.120853036847537 -0.059320855766704 -0.0336308644966705
-0.0321217048724083 -0.221308730531631 0.00597789526927751 -0.0393337434984505
0.194782513448572 -0.15244418148177 0.0396515681257341 0.00935060407616588
0.252306458452455 0.0809814852136228 -0.0429005786567893 0.0730976209027663
0.151695781839601 0.203637007570389 -0.25110385919582 -0.1960382563979
-0.0436002338687921 -0.0369584635385697 0.337238608845866 0.288515570986458
-0.0684739637552989 0.00967572160571327 0.183750996156676 -0.114399784162113
-0.049488934073305 0.0384729326669666 -0.0413504836108644 -0.0538427083163108
-0.00438112062851076 0.0650635858453756 -0.0471217952450091 0.0527618078623964
0.0492254725974189 0.0438513351648058 0.0820916307901009 0.0636271435129111
0.0724839096219383 0.00150638933760924 0.15694094138853 -0.0661858998808605
0.0631738199509427 -0.0311178094451967 0.138986582086943 -0.170228861088378
0.0545900652219342 -0.0300651814906757 0.141129686600111 -0.243102379934163
0.0543513455151231 -0.020926465576381 0.182572389051162 -0.289077459454198
0.0546363575032136 0.00889810024538494 0.281219024908381 -0.231180901912736
0.0406418122174251 0.0497839923297916 0.332064685183645 -0.0713376844315105
-0.0059510344390231 0.063544315917482 0.299609139019096 0.131892987510405
-0.072201458002732 0.0306938651189542 0.185478738131628 0.289289387948491
-0.09630887571745 -0.0255512156631699 -0.00401955368684479 0.37288782868559
-0.0433621994156795 -0.0803964705594029 -0.0985129641095464 0.494818681841668
0.0598708910326684 0.141629784672076 0.318490318170672 0.277708759860672
0.111328201897322 0.0690292377802112 0.178539633149439 -0.0758528829546566
0.0929316532096622 -0.0586825354821013 -0.0112210338240321 -0.0620879031950985
-0.0422390007398989 -0.0859249233086017 -0.0499340153910943 0.0255012585304041
-0.0924799763701665 -0.0148747823508149 0.0522789862606244 0.0753421705228183
-0.0649473736101707 0.0525065250362211 0.158643161361227 -0.0327927961531344
-0.014178645737965 0.0727808355476766 0.158081400221553 -0.152976387429437
0.00657862916869626 0.0738651631421166 0.148249051373023 -0.236841499008327
-0.00793621884883645 0.0641643080764123 0.174166064150159 -0.284985531285496
-0.0601704742182589 0.0513579791454259 0.266904934085027 -0.244080539809201
-0.0719576456998519 0.013969321031087 0.33172543026066 -0.106514557920176
-0.052911398939886 -0.0336876721125284 0.30761412937853 0.109511231518533
0.0197890587526538 -0.0769673632401411 0.203820271307072 0.270966149180448
0.0830599915667297 0.0148221564285951 0.0212336161521006 0.360647062531518
0.0690574617393974 0.104672980101731 -0.0799257671644939 0.483575562779326
0.13978477131612 0.297817763305127 0.276629420587512 0.224170565825113
0.27259517105899 0.120212702585055 0.176274634544105 -0.0222194001675226
0.223732239133968 -0.151349807429759 0.0464965431083881 -0.0928345929358218
-0.0718620798257055 -0.221649425529953 -0.0671161388950701 -0.0458424129902253
-0.210102244096649 -0.0712457226183385 -0.0275550116809758 0.0715661456704725
-0.189025084153322 0.0852761639079982 0.109652395382416 0.022851392303191
-0.0932525151985846 0.159223744262917 0.142069068817271 -0.0982103893948873
-0.0420357245647828 0.16697520968021 0.132583218964267 -0.194286558188715
-0.0625364636678914 0.146429803389427 0.145783437109037 -0.247305459878842
-0.162438289336269 0.104432533762814 0.233846728998804 -0.240119078733259
-0.186403080576658 -0.00425552890912585 0.321549187460332 -0.137804102282887
-0.120272099817078 -0.123882030067931 0.313721672351144 0.0982318569550225
0.095403181027839 -0.200983079389001 0.192539934250909 0.258642748389878
0.259611341737062 0.0337355046700367 0.010204205307249 0.31880798095695
0.186600769983629 0.265943778631025 -0.0773206160689267 0.407685704705145
0.187623564018839 0.412614623113656 0.23653703223456 0.130128858368023
0.38785550129672 0.154194452292743 0.203875600914367 -0.012160952613937
0.308687003514319 -0.220536162505027 0.0847569041093876 -0.178835039378853
-0.0916998371795758 -0.307299215780811 -0.127996345536603 -0.135310184050918
-0.282022370104692 -0.112623429203756 -0.135305835137578 0.0690812046170214
-0.277735414903199 0.0955021039682146 0.0279534356922018 0.0876362782573346
-0.157279027705138 0.213188090761162 0.0938839709373596 -0.0188411599333666
-0.0833005948371071 0.233919923014772 0.0971057661686322 -0.115852867231337
-0.105626993806955 0.214777790794047 0.107108413666626 -0.17884334186767
-0.244988587901239 0.160052964185654 0.190671293230958 -0.207975641096822
-0.29424823250053 -0.0078737165221177 0.294720931767695 -0.141754305407705
-0.197043334072379 -0.211859689924968 0.288754222706511 0.104414190810392
0.157740622085158 -0.325820778752111 0.137884016334649 0.236458300964335
0.411271994343828 0.0379862175733534 -0.0250357788974831 0.243675235844276
0.286116028989952 0.379575258234971 -0.0951731671839608 0.28572974599807
0.210469063284828 0.471498189908913 0.210071395285057 -0.00573882260997337
0.44050229851068 0.164207972825323 0.221980249056336 -0.0835313801104435
0.334262013032787 -0.246146666229185 0.055710942688693 -0.284795343719322
-0.0897950800497823 -0.328612619384597 -0.215938337735693 -0.190642453977053
-0.298551586859237 -0.135562507794817 -0.234506890611098 0.0715143268282468
-0.317584380162205 0.0860865709515043 -0.0662490139134683 0.145075644051664
-0.194639611061409 0.231245500213376 0.0225585792425412 0.0740376148562922
-0.110571787079975 0.266261799559303 0.0488408074454819 -0.0166561751070313
-0.139272884150588 0.257188667048857 0.0634132904257207 -0.0872872327836425
-0.305044898574385 0.19745677991658 0.138075925044524 -0.145770875382644
-0.378185012754401 -0.0195459511111607 0.237111698191091 -0.106869981904035
-0.245447422742959 -0.296571116591442 0.212350765219244 0.115431413507811
0.217288988471611 -0.410847652784791 0.0566335191062071 0.177967332094145
0.505555738597162 0.0422038309846383 -0.053943351625049 0.147194587946981
0.343571168986127 0.432254179523208 -0.128820524048439 0.145346504437845
0.209842716256418 0.457772790639944 0.182692701092287 -0.167938212424226
0.420218368502371 0.150926852130279 0.184955329205864 -0.197236874764883
0.304271519808274 -0.223466477707194 -0.0231851272989556 -0.344965343898732
-0.0679712047621254 -0.294340731557184 -0.281129508282793 -0.199879208863553
-0.265192758504107 -0.141381590634858 -0.299748430557421 0.068605402423529
-0.305810103718615 0.0639780529339426 -0.155794273444211 0.184865724045986
-0.196220900270952 0.214330121116062 -0.0562965897906931 0.162876570277454
-0.122774762014352 0.257342075163764 -0.00500103167738955 0.0881422104503874
-0.158196795569695 0.260570353711363 0.0143674109446174 0.0138216492643084
-0.331681546715628 0.195333380707365 0.0694650915390799 -0.0610369820325868
-0.403712028845732 -0.0549108391804676 0.139601262749229 -0.056825583253487
-0.225850238103228 -0.347969784135268 0.104092527115051 0.0922296088167067
0.263848090576805 -0.408579460637986 0.00305658486331788 0.089124381896574
0.514374688047982 0.0581591812717994 -0.0490722564188051 0.0725959988600192
0.34168935150869 0.415487056051392 -0.173875025839 0.0141857847994834
0.186918484436082 0.375709693510593 0.142145395439647 -0.322424048925551
0.342120326616605 0.11916315811268 0.108310894344647 -0.294929754197179
0.237997805153004 -0.170688305303668 -0.10053176097836 -0.350636291296325
-0.0391305534526059 -0.226474816710714 -0.307266948106868 -0.185744206948195
-0.198888673261144 -0.125362930658116 -0.331842880896531 0.0590568231280677
-0.248219414178702 0.0377802821118831 -0.229122165232377 0.208327791882654
-0.16882341230431 0.171533336261268 -0.130123874296033 0.239377231233167
-0.115538089352465 0.21065951477064 -0.0581514713189462 0.177813554689182
-0.155463648620373 0.21915770630867 -0.0393446733446953 0.105488003509701
-0.305554634739009 0.147293573966949 -0.0121514810738994 0.0182037982496226
-0.346741423647931 -0.0946222639983741 0.0241192775226459 -0.0260088533648492
-0.143165509526826 -0.326417553944839 0.0243945768138419 0.0251927009910313
0.260186886352495 -0.312831808428011 0.0112039232516722 0.0204447835189221
0.426435458124903 0.0724646147541219 -0.0307813762945936 0.0572840798974177
0.279109767671107 0.335397318643126 -0.22732704988554 -0.0933275965698922
0.13641530984677 0.236157008861523 0.0937494916654525 -0.433540772759055
0.221861912817713 0.077301846460467 0.0303521835621988 -0.351489759585915
0.150565607973937 -0.103229325840672 -0.153230039929642 -0.332509605634729
-0.0113373118372641 -0.141829617620554 -0.313789960395979 -0.166062020062902
-0.114210365002689 -0.0909399703379031 -0.345131645352376 0.0519986201133604
-0.158391656386905 0.0123757837011284 -0.279156103015777 0.225001543594574
-0.117969009770717 0.106565490278321 -0.184121560300373 0.292770691291178
-0.0904925764218278 0.130627718621332 -0.102030368766437 0.23996436814335
-0.124727156504547 0.137572293273634 -0.0894359435484988 0.169364027673488
-0.219142220254282 0.0728710285286032 -0.0858282783344968 0.0687620179917705
-0.219015644566476 -0.102155247192782 -0.0659900723290859 -0.0265790270495212
-0.0520207256855091 -0.222629622022016 2.30267508945332E-05 -0.0371844818965982
0.182259214567051 -0.172341910156351 0.0399497808226996 0.0074100717317067
0.262029840804012 0.0550423101990645 -0.0351691967252119 0.0771519112295575
0.171652808986409 0.191684814760736 -0.271109230456431 -0.171397494049456
-0.0453922960149631 -0.0332681660276632 0.349034543197164 0.246307610522903
-0.0657384217664753 0.0152047939326359 0.164805148323328 -0.123394204206149
-0.0436935837857545 0.0413688561887118 -0.0429824109616563 -0.0488479699711374
0.00205025145846407 0.0643266039321836 -0.0381150892959774 0.0544738605025654
0.0511183969571489 0.0389621561579602 0.0851642564558948 0.052065721788339
0.0697300781223189 -0.00477421789200551 0.141646943208367 -0.079361644449
0.0584752781463009 -0.0371388360330536 0.117606148945838 -0.174070810655204
0.0498079515150769 -0.0338738587386265 0.115697946829885 -0.243210882655597
0.0497062594754511 -0.0244399510287841 0.149934099576791 -0.288799861287461
0.0527719701925138 0.00443402523044399 0.248183451657641 -0.243481805849986
0.0432079671731268 0.0438835552876479 0.31127330172538 -0.0952206343136315
-0.000476773907273942 0.0613498381530954 0.29665396815159 0.101851537749312
-0.0682811676153108 0.0359044830962509 0.200215039258903 0.260790197919134
-0.0939476782594706 -0.0167069051671451 0.0238651132354461 0.360190629358007
-0.0483838503829544 -0.075887855666948 -0.0535380901180139 0.482441554379343
0.0693473385851606 0.129358778706207 0.331043144243355 0.238222544262031
0.111152100903862 0.0561563026590327 0.163766509489671 -0.0857371953073128
0.085187137521703 -0.0638725537625174 -0.0141787188708834 -0.0584002510272317
-0.0464053675805808 -0.078843095321523 -0.042806580023879 0.0280065567596966
-0.0906092765954472 -0.00590198505645406 0.0569669418074467 0.0654963176371645
-0.0567292938309371 0.0562661076273483 0.146299547780055 -0.0474170044190278
-0.00595389924469764 0.0689945474984772 0.137041012732466 -0.161051973274506
0.0121367333182706 0.0685363916526115 0.1222272366346 -0.238346062633877
-0.00213450793796562 0.0613256806862695 0.141759206384824 -0.283258364116962
-0.0533200287122733 0.0546779927510227 0.233038047825728 -0.254273165315798
-0.0668659625238415 0.0191769516631671 0.306582267061208 -0.129240125557814
-0.0517622549655851 -0.0272659278047119 0.305251848660551 0.0801799573257849
0.00986373115807354 -0.0737623531946295 0.215990371663442 0.243707240087595
0.0799421481213955 0.00543948908383025 0.0459495250665375 0.344226416401531
0.0751065093241118 0.0915762344803737 -0.0357169767751446 0.468535211985472
0.159262547887807 0.271634632012098 0.286622569466737 0.191689985048021
0.270221810077126 0.0916694969861807 0.167985428330603 -0.0324148515766926
0.20231111519645 -0.163425544699142 0.0403404425875291 -0.0927326240691057
-0.0865848491842672 -0.206447660447926 -0.0663179252059814 -0.041499967173181
-0.208727449526648 -0.0503533183552646 -0.0203585903485442 0.0706633815618929
-0.172893372629138 0.0987069944586413 0.105790712970296 0.01011928304648
-0.0745081149279922 0.15858319927643 0.126732969076147 -0.106563154916717
-0.0255354424875617 0.160691604398874 0.110525184618652 -0.19492770998874
-0.0473303283565702 0.144374539927736 0.118245361132035 -0.245845742399813
-0.14524475083809 0.114617921156637 0.201284096699735 -0.248222145707907
-0.177771636319041 0.0130102084451683 0.292653576822357 -0.158975624458674
-0.123875944963145 -0.107864492406735 0.310790788295482 0.0684994520406317
0.0708657123347367 -0.199058035860539 0.204456891016974 0.233190711891
0.249521635529846 0.00784972929473551 0.0347768122813591 0.307166623965671
0.202077534864315 0.235717118421373 -0.0403834451058769 0.398299968789103
0.214644203658079 0.375662136787279 0.239800577131112 0.106562796064739
0.38424440679426 0.113363828603507 0.196418756699208 -0.0249190028817744
0.27721372044944 -0.237103782876633 0.0701157006310656 -0.180123520359019
-0.112701242748673 -0.285592009463503 -0.132926453664795 -0.120826463679009
-0.280568702816119 -0.0831372508551007 -0.124446120169324 0.0774056030052577
-0.257010269752696 0.116491878673884 0.0329878810079639 0.0794686463717439
-0.130683041180232 0.216730704323671 0.086968249333944 -0.0259152120750706
-0.0586819626666831 0.22842237523357 0.0834787138792032 -0.117750046007293
-0.082249892295093 0.213812986273749 0.0879437265530165 -0.177154049775814
-0.219045777895461 0.174971150206747 0.163290676796024 -0.213552804495422
-0.281574456526411 0.019824800347272 0.266705394389025 -0.160306451325373
-0.205475331746395 -0.185897569731819 0.286847216372579 0.0786151826650946
0.120632689400855 -0.324159531067808 0.150817421782063 0.217406699717511
0.394207227054292 -0.00187041999528821 -0.00598996501546094 0.238601452757439
0.305000455218195 0.338705476908281 -0.0669182168446126 0.282277618282289
0.24078456411397 0.429455450447176 0.203332698244856 -0.0200219067240872
0.436410345128787 0.118931544050681 0.209926355394827 -0.0954577882542588
0.29943299774959 -0.264409136658959 0.0324418382411843 -0.278534675513208
-0.112536926577324 -0.306235447042913 -0.222444781488955 -0.165712354470112
-0.296815448767299 -0.104167044045374 -0.219548061821574 0.0894921198479264
-0.295994224369573 0.111508903242824 -0.0500288151698429 0.143582342469753
-0.164523625844471 0.23654940778516 0.0264131180012748 0.067083374837644
-0.0827038411749627 0.260979740058937 0.0458573995712062 -0.0190550578451848
-0.110354089948312 0.256745797621686 0.0540403543632966 -0.0863222096762084
-0.274048838253015 0.217848845522425 0.118421820602837 -0.150169993167206
-0.364298896481267 0.015201136047159 0.214745896802232 -0.122463163780115
-0.260193741616828 -0.262976877998507 0.214788239206378 0.0960535490342201
0.170841409836868 -0.412327003646348 0.067479802619299 0.169973635152772
0.486443304409277 -0.00641000352794191 -0.0413328424116511 0.147233665102128
0.365717523233382 0.384361228408735 -0.11059319521082 0.150140592970086
0.239717661085224 0.416956743055654 0.16243989883612 -0.172849416855016
0.416217033881167 0.106509304346476 0.166217948783889 -0.20172397825256
0.271043205839751 -0.239611201495769 -0.049645818141505 -0.328948279802746
-0.0881608004453647 -0.275656777630651 -0.286474407813408 -0.168463437675003
-0.265982736368053 -0.112692141224285 -0.281622933935236 0.0919025141286865
-0.286297008591194 0.0890871971207541 -0.13215736653578 0.189580285201607
-0.168215428464056 0.222482066461217 -0.0402729420158905 0.160027416912083
-0.0937552536900658 0.253421464518356 0.00249948385652032 0.0845809923997262
-0.127124273826892 0.261921411118086 0.015779166860514 0.0137521347841586
-0.29990655478761 0.218572143408347 0.0613178555423688 -0.0629355799782531
-0.392382537284295 -0.0150301774066651 0.125966852383721 -0.0649393498423172
-0.245073671169109 -0.314553881670921 0.108885107266395 0.0832438873487126
0.217232399962638 -0.413367223641071 0.00768276081917895 0.088578958097831
0.496563635057899 0.00948974099749635 -0.0412351497908047 0.0738843609940511
0.361993675167624 0.36813606281995 -0.164945937622775 0.0296244440928441
0.209549940119205 0.341078558204727 0.113352711047865 -0.319249746562375
0.337658551058651 0.0830423094353984 0.0845350106049594 -0.289825662520258
0.212332949594404 -0.182035310335489 -0.124151413749259 -0.327663289215332
-0.0560015765978866 -0.213618789919167 -0.311156975583791 -0.151382496629701
-0.202312524279884 -0.103696486391704 -0.312681878650467 0.0843387217255464
-0.234138003202936 0.0588604273884573 -0.200197801096711 0.219054294070081
-0.144824438458687 0.177863946339862 -0.102978047587813 0.239704575670538
-0.0921037914421831 0.208216626534622 -0.0403116967994741 0.17491742443409
-0.129092523990466 0.222238712453024 -0.0283047453979968 0.105108596791266
-0.280087740310695 0.170024186058804 -0.00995057175158773 0.020648461213519
-0.342049073148029 -0.0592372152809273 0.0181008585872171 -0.0258952807552867
-0.164768385199375 -0.302997715566718 0.0248709258787299 0.0265348615390167
0.223553408445921 -0.320467900394446 0.00988900994774641 0.020616164968671
0.413617250077134 0.032439452544 -0.0238293374116931 0.0571317250595551
0.295636056010946 0.297927206172734 -0.224959957449566 -0.0686802372573607
0.149674496859402 0.21187187367907 0.0559813175314403 -0.421299729219571
0.21882518721895 0.0544546653068366 0.0038303436372323 -0.33807048315375
0.134124357389827 -0.11059458359353 -0.17312521867571 -0.304048759542957
-0.0229708712904604 -0.13381305295474 -0.314534713674755 -0.131148869757156
-0.117356980098267 -0.0777219066495475 -0.324365010764486 0.0788400462754408
-0.151093942077686 0.0271395375437037 -0.246991259523141 0.238374982433365
-0.102185473678286 0.112810468834371 -0.148987555492201 0.295572766924604
-0.0748063130347319 0.131281032891687 -0.0760973916188282 0.238567021609036
-0.106166971917368 0.143379292402005 -0.0693469281790756 0.170182112033523
-0.203120744933504 0.0904301751238989 -0.0748432522544142 0.0755699338271437
-0.22029982126089 -0.078929811707889 -0.0681666180355776 -0.0168104687635812
-0.0679076324582922 -0.210299223414657 -0.00381420485555709 -0.0323498429014264
0.160737272026095 -0.178958152636052 0.0376026459007067 0.00552014941698323
0.254304647367749 0.0302119064683924 -0.026385357064627 0.0755570305016485
0.178636150214881 0.169045109824122 -0.273402365043547 -0.138633675304937
-0.0436781529938792 -0.0284721190846894 0.338583736672757 0.214063987855026
-0.0616309093564164 0.0177872904566409 0.149351349000852 -0.123578257953297
-0.0387123338681357 0.0400961446461658 -0.0419956248019498 -0.0445268658253694
0.00523560042945949 0.0599015202715806 -0.0318775834054366 0.0506122889121729
0.0499457094671133 0.034153452354818 0.0815419363781562 0.0429292478525599
0.0663475437082582 -0.00771887768165735 0.125825911729246 -0.0823279601026279
0.0534546695360698 -0.0381463300582963 0.101832788361635 -0.167487945413559
0.045288489826716 -0.0347701295036451 0.0984338816347001 -0.231002027562341
0.044762855801354 -0.0247604540955896 0.126940637179204 -0.273946428008544
0.0492334006047833 0.00206269353461192 0.218661521647163 -0.23623754516741
0.0434569147444415 0.0381257046451533 0.285064601492226 -0.100669377677989
0.0021169002985767 0.0574302458325174 0.280726158750951 0.0830750014731673
-0.0627992158925364 0.0373860030654977 0.195729769620675 0.23451259085702
-0.0878403237059668 -0.0114530393174136 0.0341840759602637 0.337385573782791
-0.04810185267459 -0.0712254049780205 -0.0322266350015232 0.452200917023593
0.0702731425774217 0.117159056923414 0.321141721029091 0.207252280732452
0.105741944499115 0.0486062888027915 0.150401394181239 -0.0865841312522166
0.0778434156951927 -0.0634628987577689 -0.0145871675827619 -0.0543375183101924
-0.0460332567268406 -0.071520876445921 -0.037495405772746 0.0262769418846648
-0.0845106081891827 -0.00136671741387011 0.0562996339091899 0.0580323972591637
-0.0494826887826166 0.055166529059843 0.131738295673816 -0.0526537412456344
-0.00212180680481239 0.0632055792959452 0.12035204397976 -0.155356444802402
0.0147710666050726 0.0616257957231231 0.105110813307538 -0.226048105055738
-4.46715945656003E-05 0.0567687047272221 0.120018318232729 -0.267044066992209
-0.0468150207047772 0.0540559330318116 0.204292964359099 -0.245514870019852
-0.0603075416568795 0.0207630907085961 0.278417933260682 -0.132548152050972
-0.0486709689385886 -0.0235204914522056 0.288006039710142 0.0631857579839425
0.00555913053194961 -0.0680592607286998 0.210087832285056 0.218913733787049
0.0742687663188866 0.00132342019455272 0.0556542085747522 0.323467955540414
0.0745299608645525 0.0806582524740617 -0.0152225595491795 0.439122736625975
0.159873378028112 0.24498936010896 0.276729796222987 0.165657027395897
0.255120100039232 0.0738945064423808 0.157774772966815 -0.0349068670904268
0.182495389109262 -0.161049228411557 0.0353462957278207 -0.0886159333497574
-0.0884626551307856 -0.18917778713468 -0.0615661519433892 -0.0381619874152666
-0.197046794464657 -0.0381393841330386 -0.015837760328423 0.0656428649462313
-0.157010080445682 0.0998099161328328 0.0978940890153581 0.00458257989612178
-0.061119936645159 0.149709856719786 0.11246993221024 -0.105036606178086
-0.0167410540482791 0.149132151124133 0.0955717716815901 -0.186317927298334
-0.0379986435927124 0.135472276341257 0.0997994836531088 -0.231304978208202
-0.130525301814513 0.114241204641963 0.176187388700561 -0.237971325452138
-0.164209494343219 0.0204950082207706 0.263973630254377 -0.159942004553206
-0.118553984872769 -0.0949865891692202 0.2935966079397 0.050648504128201
0.0563867808421966 -0.187528294839366 0.199659757253488 0.211236378229944
0.232150477712388 -0.00542360971689122 0.0417288134285755 0.288533382283382
0.198253570328504 0.21003295244294 -0.0223347305549335 0.373684431659431
0.215301477303139 0.339650192159181 0.231017263793912 0.0909221662749493
0.362789778913417 0.087349055607383 0.186371580441198 -0.0276769597226094
0.248462660751993 -0.233915013665702 0.0613423960265632 -0.171584121595351
-0.116965865642998 -0.262845378056497 -0.128126940864401 -0.110641576032925
-0.266360312608225 -0.065395768491326 -0.112842899460661 0.0785835308363504
-0.234745954837447 0.121397828293868 0.0345931971213388 0.0730096211327756
-0.111150248335537 0.205733664109735 0.0789453270596408 -0.0284599396249386
-0.0452513893615132 0.212371271678652 0.0728971769416889 -0.112709805716913
-0.0683089092934436 0.201512692669182 0.0752564966772481 -0.16602514245665
-0.196833485184071 0.175731425430627 0.141709133339293 -0.204725367958922
-0.260990165766647 0.0311925193218068 0.238330097624721 -0.160719020363402
-0.197913716657684 -0.163968256078066 0.274002676287727 0.0613757352070815
0.0971303563232252 -0.306549078966029 0.147320429318417 0.199172520703709
0.366764821380447 -0.0203108915136991 0.00209252388095787 0.224323964238306
0.298648825339994 0.30162345285016 -0.0508113348579519 0.266912360759789
0.240575050413095 0.388072670424 0.192658942284803 -0.0253464544989697
0.410100280780352 0.0908488672153811 0.196523642762124 -0.094545025938637
0.266751741638461 -0.259586251370604 0.0215373915739603 -0.261986491474803
-0.117663705432969 -0.281348041858467 -0.213896803648369 -0.148247300792898
-0.283018944693012 -0.0846918610024859 -0.200715541148162 0.0951355335439234
-0.271103526451352 0.11807132792129 -0.0405912161943665 0.136246818582154
-0.14155700892339 0.227721470813898 0.0274041256468975 0.0612766344555085
-0.0651001313462584 0.243746049762032 0.0425432134643811 -0.0192320715706008
-0.0914594580504992 0.242944498121147 0.047830935494097 -0.0806369492759484
-0.244892134463423 0.217083578969596 0.103396348974999 -0.142684643575419
-0.339556670284224 0.032246714584537 0.192216663776029 -0.122557203203255
-0.252367558703311 -0.234771381021396 0.206584778411536 0.0838259804462216
0.141413868160983 -0.390912792929103 0.0681260567011535 0.159766434380347
0.452194616304505 -0.0280059427326661 -0.0322845184282365 0.140490013834163
0.356215802570274 0.34183956391424 -0.0963291919502866 0.145106084725847
0.23877473902095 0.37680038303945 0.148185990384715 -0.166292122435516
0.39193811316915 0.0802544069595429 0.151819073923707 -0.193294724466152
0.242952836719987 -0.23426672615267 -0.0572535071047957 -0.30599510080558
-0.0935513730065522 -0.253143015082575 -0.274791269631873 -0.145831283624024
-0.254089976400845 -0.0936597452744572 -0.257902352881887 0.0994032182357496
-0.263393853337792 0.0964546485040804 -0.113719704220033 0.181865306965049
-0.145751201248421 0.213815785382926 -0.0304651462261065 0.150364019769749
-0.0769095991903154 0.237612513023608 0.00639865233616575 0.0791858447873206
-0.10691088259087 0.249017453420803 0.0163966859693532 0.0142934809280191
-0.269850315592578 0.217457399294534 0.0539402290170016 -0.0594018144362833
-0.367352575787886 0.00277191433367576 0.111823642542177 -0.0642333675614154
-0.242443215301104 -0.285728381453633 0.106057340474529 0.07723080743845
0.183970816291509 -0.394781681307502 0.00958992127368315 0.085714763934525
0.463462658551497 -0.0140276479487321 -0.0351567959492191 0.0703637724957254
0.353149615405728 0.330510489971039 -0.152639410973449 0.0344883248374359
0.209672186698578 0.305397707695317 0.0946397352519238 -0.299648190915198
0.317886899302256 0.0607955938779192 0.0703220825596485 -0.272676236470146
0.189350905744696 -0.178166047986806 -0.12758264141417 -0.300742779114988
-0.0603012440876694 -0.196943892877729 -0.296130526419272 -0.128173974620128
-0.193353055115219 -0.088909875791079 -0.286512516726637 0.0924238379682105
-0.216026472989808 0.0668585946500245 -0.175393919073515 0.212630389195692
-0.12630928668156 0.171189165071844 -0.0857661296359025 0.227641190395559
-0.0758659773861034 0.195557696132222 -0.0290902024901287 0.16457527508346
-0.10912738280196 0.212962420459378 -0.0206278709875615 0.10017517826291
-0.253188961944529 0.172894725308617 -0.00763498436857932 0.0205149699589607
-0.323339703445523 -0.0392027093543544 0.0133361876680337 -0.0222603173211604
-0.16639861009482 -0.278042879534774 0.0249710056729272 0.0272445428827674
0.194835271738063 -0.30732306265501 0.00874323996202298 0.0206145972824777
0.386262434374356 0.011675286844722 -0.0189974514726746 0.0529399032818472
0.286762844986728 0.265453289785165 -0.211234135798168 -0.0527686236888262
0.147517204517991 0.189123326234481 0.0378275432010899 -0.392676806981331
0.205510032503537 0.0401112347038824 -0.00834718649188677 -0.313725117468925
0.119766623538843 -0.107819984283198 -0.17359508338981 -0.276875294895026
-0.0264852137253437 -0.12485061578465 -0.298875286070521 -0.108895445247579
-0.113595509899447 -0.068388080025496 -0.297777232731418 0.0870552608749155
-0.140388216806946 0.0331844847727966 -0.218955216305914 0.232937971246183
-0.0899574468808218 0.107823415672332 -0.126137880014843 0.281881859885882
-0.0639339091766319 0.124230247412782 -0.0600554642479011 0.224867142528322
-0.0921776549829769 0.137468277439719 -0.0564191271144114 0.161868067677721
-0.185947446116201 0.0943871042525918 -0.0669388939433083 0.0750268369544044
-0.21089916173002 -0.0640676636569421 -0.0658778608601117 -0.00996726723601199
-0.0723131972239868 -0.195861510266501 -0.00572096262831817 -0.0279210546408671
0.142303245987796 -0.17304373805748 0.0356140939554797 0.00422984742419242
0.236837444228172 0.0161804735073486 -0.0194931288311882 0.0703301192177358
0.172586426874996 0.150755914615263 -0.260987440128777 -0.116399649564428
-0.0417608465368394 -0.0270908251663701 0.321930317569232 0.200722822830264
-0.0588777329118885 0.017252473985266 0.141239489653287 -0.116954194405859
-0.0368571453726811 0.0386332608005977 -0.0384427850850173 -0.0423592041927409
0.006022239817496 0.0568556714452323 -0.0282031735698059 0.0472836432872569
0.0484357226796485 0.032928702154727 0.0777642092365912 0.039099636849792
0.0634101968084417 -0.00851094197275913 0.11628707269522 -0.080102312967684
0.0502798671863756 -0.037100391430264 0.0962499108758205 -0.158113069470675
0.0426188107567919 -0.0338494631092766 0.0933158691155487 -0.218808156149436
0.0422904248657217 -0.0234000641766608 0.120215475073856 -0.256815015645993
0.0464786203837304 0.00248840357262801 0.206018216711553 -0.2229196586118
0.0411089172302644 0.0360526217895269 0.268774574366989 -0.0937704278756125
0.00182932561491892 0.0542871653396341 0.264794104978329 0.076763480910618
-0.060105445409913 0.0360770898513849 0.183417322549569 0.223004773267578
-0.0822384589766598 -0.0110846712340301 0.0305492049940803 0.322191180930721
-0.0453182970930144 -0.0698692902247167 -0.0329329598741954 0.428791357454095
0.0659400689095946 0.110092732878945 0.306562167277415 0.194727983809539
0.100039012373948 0.0467238255699207 0.143233002915571 -0.0812750280956197
0.0738627251236034 -0.0593339019689778 -0.0132008447762984 -0.051750790405658
-0.0422799610133506 -0.0682604850094818 -0.0332731442327075 0.0237178841353315
-0.079798907744696 -0.000173425772970622 0.0535881501255256 0.0540227044373206
-0.0464229816580826 0.0525103489654827 0.124074332155254 -0.0511533256751111
-0.0015607930998664 0.0593158877843129 0.113424875891751 -0.147338215371926
0.013816945385573 0.0570243884206572 0.099881502995059 -0.213772355360223
-0.000617591669176769 0.0541676789802614 0.114136239949522 -0.251564213675041
-0.0439008091944444 0.0518890078413933 0.192525737761191 -0.231660891897954
-0.056618134475238 0.0194554297083047 0.261089123906492 -0.123868980765748
-0.0451807453708362 -0.0216842714790029 0.273230525853614 0.0586234025610954
0.00328211481731128 -0.0630551835221863 0.198081732571898 0.209625008296113
0.0703286002623595 0.000425063490862064 0.0506304377144107 0.309672816184332
0.070784245990252 0.07464419530521 -0.0150257197563523 0.416464689628883
0.150477024503535 0.230319726294883 0.264156802196212 0.157144449427541
0.242306406433293 0.0705910425238061 0.150783932226568 -0.0308693718271129
0.173341472675963 -0.152632442517815 0.0361660084589672 -0.0844739197307277
-0.0834254791902553 -0.17987743307098 -0.0570603040096087 -0.0382578158231121
-0.18789278561762 -0.0352870552638385 -0.0152431959917837 0.0620843204429778
-0.148667055124005 0.0956176421744227 0.0920613132630009 0.00198862358599598
-0.0567257497233563 0.141228999439648 0.105534899192668 -0.0995922896019998
-0.015696795368236 0.139257819678526 0.0910508346385548 -0.175473551770729
-0.0361415350645343 0.127897748081462 0.0958463150357633 -0.216172168345093
-0.123304565501433 0.109304687856436 0.166043013454852 -0.22449617578855
-0.154429305041315 0.019893866901738 0.245888098179836 -0.150731846076333
-0.111809101102608 -0.0896713463949007 0.278694973533506 0.0477098534445069
0.051909601896952 -0.175427125207265 0.188407765068106 0.203128244348286
0.219504224802136 -0.00555253009336366 0.0392548030837363 0.275772658391
0.187919903025548 0.197002102166103 -0.0217855645315462 0.353472207311639
0.202330189421102 0.319787775535051 0.221195679273045 0.0865920755275321
0.343343706746706 0.0820358973847747 0.180702994222516 -0.0223769874079308
0.235491799791537 -0.221180791880297 0.0608379191943336 -0.163650144974569
-0.110290503867053 -0.249157791686797 -0.119707331405753 -0.107404674180573
-0.253166763410833 -0.0610602830276392 -0.107430449128563 0.0745084730577726
-0.220820244952178 0.116827991432467 0.0329846296320821 0.0685112287106298
-0.10445484975573 0.19479337428456 0.0735767532881878 -0.027406054230743
-0.042580751705489 0.198452369235674 0.0693621089712598 -0.106180859387526
-0.0640864609179224 0.189817393458987 0.0723704701810805 -0.155138134770661
-0.185099186326222 0.166546501325086 0.132977054590513 -0.193353565251912
-0.246605397098944 0.0315541246807624 0.222650081348104 -0.151524506834131
-0.186989331294644 -0.15426753589464 0.260225972684058 0.0597038802273581
0.0893961401029482 -0.287888847164648 0.139046989139998 0.192212853329025
0.345848953804901 -0.019839364739073 0.000632649339008335 0.214698397396141
0.283463403487485 0.283076699481063 -0.0485549136723217 0.252236487006354
0.225955845996059 0.364313260565272 0.184397234131724 -0.02114330615437
0.388348683378932 0.0845746199402829 0.191522216263406 -0.0876944105663122
0.252528873671771 -0.245435406338426 0.0231132907149268 -0.249438725663169
-0.110778861168629 -0.266609011835104 -0.202606703587472 -0.143341690609607
-0.269560272194626 -0.0793869433582869 -0.190651819358757 0.0903436668871734
-0.257199773492844 0.114359990490231 -0.0377260273381089 0.128946065296794
-0.133550980543141 0.214647965588294 0.0256489810856586 0.0574406821078417
-0.0613643589770413 0.227916877083806 0.0411797193383967 -0.0180700537813675
-0.0852271746627914 0.230324566842621 0.0468524856666466 -0.0739113816804455
-0.231199458063736 0.20697613123536 0.0975424369258035 -0.133827003262629
-0.321100743019911 0.032526612495391 0.17809355150984 -0.114728865681064
-0.240838171172375 -0.222819230982521 0.19710020678531 0.0812512891862369
0.132217911922665 -0.36878724478971 0.0646371539883095 0.155810821312802
0.426853153611778 -0.0280084921603127 -0.0320012528631338 0.132975189589092
0.338846456937867 0.323705777962761 -0.09162592321102 0.13720010546109
0.223972568379984 0.353933906072831 0.143653696934557 -0.155031426051529
0.369404274792528 0.0746692687895066 0.149084452491315 -0.181658378694209
0.228876990786472 -0.221717239319046 -0.0522400941950785 -0.290512987083234
-0.0883387189676718 -0.239952401589766 -0.260066436388125 -0.13941593770931
-0.24141579178811 -0.088707222213432 -0.243603504355731 0.0946786446797678
-0.248479095476771 0.0934469253126449 -0.10614697385684 0.171934752616622
-0.137792894138293 0.20158114920603 -0.0295267398894801 0.141515320303162
-0.0715745361780177 0.221553272212173 0.00834023578992584 0.0753208513626095
-0.0998584168815633 0.235336038989819 0.0178664676907988 0.0145695832978882
-0.255035224347625 0.211038253551859 0.0513291183682239 -0.055063848507358
-0.349351969650398 0.0064226254453524 0.102089500154691 -0.0584488914257653
-0.23140515224511 -0.272303848918208 0.100332345860707 0.0753628113490862
0.175471930085433 -0.372779625224833 0.00757818075918388 0.0839142018280784
0.438079391294797 -0.0139263547317758 -0.0332921151103075 0.0660501303500141
0.333723064924866 0.314011325849346 -0.142859031004274 0.0327258017404072
0.194827409343575 0.286262900488406 0.0934542742948711 -0.281101609465225
0.300448314700151 0.0562558533378832 0.0720378965344599 -0.257129487740531
0.178750432875225 -0.168203222573308 -0.119044177557681 -0.284503861771014
-0.0562945845553942 -0.186601558576462 -0.281676165383397 -0.121617114011552
-0.184577804747614 -0.0846526851498609 -0.271666181876466 0.0876226135617167
-0.204558936270332 0.0648299340109248 -0.164350847174719 0.201375789405909
-0.118872983819996 0.162139009154236 -0.0803386602346141 0.215635192148318
-0.0725421269364276 0.183546540247283 -0.027136662738599 0.156303456893275
-0.102184035772057 0.202189528676919 -0.017886062925435 0.0964864706183423
-0.240550282432838 0.166023276781736 -0.00698108372835718 0.0218543180509748
-0.308373530326898 -0.036039893121009 0.00919036601451423 -0.0181095822524951
-0.158944119777655 -0.265176553560759 0.023135850184384 0.0277160671896152
0.185762624136341 -0.291333556127918 0.0080818238324927 0.0220912522424218
0.364571023226316 0.0106756378087897 -0.0169907716523158 0.0487592801008243
0.272119316226964 0.25356069128833 -0.199363768838531 -0.0497730423820611
0.138009950395356 0.177949175818524 0.039527039826433 -0.370211547920693
0.195254529954406 0.0361927570529771 -0.00446306800061066 -0.297694660982637
0.114094422490881 -0.101714887624899 -0.163011122830478 -0.261648098235766
-0.0248723015966243 -0.118472205578569 -0.283077499217289 -0.102652883406583
-0.109206268652878 -0.0652322126938894 -0.281884979354745 0.0812226117016547
-0.132352260031669 0.0324698619805302 -0.204046696988607 0.219958895749882
-0.0843746068547439 0.103493432028737 -0.11901445191362 0.266655385222337
-0.0609650109631171 0.116209871253772 -0.0561270415495721 0.213333055775043
-0.0858456178145396 0.131087287915757 -0.0522309242799235 0.154362163977073
-0.176874099710703 0.0909648115484404 -0.0634259494427007 0.0723102906428141
-0.201479611395069 -0.060369242980416 -0.0652508370222905 -0.00669070090655945
-0.0690600168992701 -0.187188983520216 -0.00592372483866645 -0.023715349218934
0.135305469652146 -0.162375761089975 0.0341358260929245 0.00513328394310746
0.223651178235471 0.0156592943430826 -0.0182746989296639 0.0650263456079869
0.163458824589874 0.143858492871888 -0.245389174225257 -0.108293306775482
-0.0365469899823005 -0.0322187018963576 0.290418726330599 0.234014517717789
-0.0596358449016057 0.0092527294324602 0.156818433249091 -0.0977879988807425
-0.0411406282749688 0.0316996527533381 -0.0312961809978204 -0.0511282430878146
-0.00318252588095173 0.0555629034473813 -0.0328019778626835 0.0400092575635501
0.0412861894282102 0.040403267146483 0.0678761575392825 0.0464816460710446
0.0622409047114249 0.000839752268269213 0.120752331337763 -0.0611474313229326
0.0555141448167192 -0.0297155624459892 0.113543214066441 -0.140710596324587
0.0466332327862292 -0.0274509963960937 0.126413814694731 -0.195263049955318
0.0425703587393717 -0.0182162898133695 0.158374848230806 -0.229783593091037
0.0442472536069859 0.00760495725305254 0.23480090131555 -0.1829742752068
0.0345108890513144 0.0365177438747505 0.276006912685987 -0.047066089995165
-0.00472066589514059 0.0487299700024885 0.24701898507316 0.116761345696866
-0.0578274791999552 0.024258864390921 0.14093535053626 0.246513995516447
-0.0726658470770692 -0.0232470211249814 -0.0249703894520093 0.32231777871526
-0.0270371403990553 -0.0749666486517123 -0.107401709851314 0.41580682917218
0.0478266456995883 0.115247922968844 0.263615310055754 0.229783057092656
0.0892066729511171 0.0613982578023989 0.147900640972503 -0.0551697452604469
0.0808227571681331 -0.0465429183027517 -0.00271752881544671 -0.0465218836918491
-0.028741895300673 -0.0725488482918863 -0.0291480768869378 0.0185473198095782
-0.0771651336141266 -0.0134853444472686 0.0481730135534255 0.0578370678112689
-0.0535915809917188 0.043006851157908 0.126723621919114 -0.036945966669048
-0.0102293523094674 0.0560197411082285 0.130112204291129 -0.129233319895114
0.00490828688233342 0.0544458375273771 0.130851093220927 -0.190725567439542
-0.00997715938814155 0.0480760942585977 0.151974991734385 -0.224223667889748
-0.0504544202060579 0.0410199739024137 0.222857327260176 -0.191988765201515
-0.0565827349822733 0.00682144585860086 0.273491402558332 -0.0763992158653948
-0.038072230768548 -0.0318345298472002 0.257140094341408 0.102804120825847
0.0180570696502215 -0.0597010054123658 0.155304900395664 0.236566239303272
0.0710472934369266 0.0117648424521067 -0.00386174736223313 0.309675017822467
0.0611838356119359 0.0821229092081063 -0.0872759376163079 0.405196747515483
0.111912893084651 0.241784817212926 0.21673627203543 0.189382495661594
0.222529085928021 0.106019615917439 0.144096750709291 0.00043929464150582
0.19054154379141 -0.12095728218979 0.0504980506357099 -0.0632060129441356
-0.049870833435004 -0.186627763323856 -0.0401764685435859 -0.0421378989263221
-0.173799279503452 -0.0641173535558565 -0.0141522323607763 0.0560078159990851
-0.157831344201289 0.0693200698138444 0.0912861669234763 0.00711633342407202
-0.0778694411793651 0.126574635788607 0.117589287841558 -0.0860159657318715
-0.0374657653877769 0.128861727772899 0.11603995496483 -0.155340536273135
-0.0558571311849478 0.112941716406934 0.129148402108876 -0.192758530512886
-0.134843651966536 0.0838417131294768 0.196467849512022 -0.187337894618017
-0.149299383403056 -0.00835406492892358 0.262345527636101 -0.10381629596901
-0.089560106167595 -0.10855314247077 0.265701481967676 0.0948067530599286
0.0813537088757688 -0.159648849712075 0.145594444895628 0.229350983057115
0.213815335675311 0.0300427851732158 -0.0116705648646858 0.271804410347087
0.153367959025523 0.220809926160305 -0.0817486703589682 0.339383604791904
0.149321775048407 0.335272758713245 0.178392142595422 0.115947566015994
0.31998382892533 0.133528464049412 0.169777813264002 0.0164130860318171
0.260975939598985 -0.177798166072262 0.0885155125284252 -0.131457429649525
-0.0636151732547884 -0.257576443186163 -0.0902881777739036 -0.115074959925679
-0.23253789468079 -0.101218237973909 -0.101133080628481 0.0558529013851977
-0.23157685720789 0.0785633664905193 0.0257369835165053 0.0601693819955074
-0.130892572141229 0.172162422904947 0.07856707159128 -0.0208164673545573
-0.0725062337056488 0.182207070936969 0.0845411740297472 -0.0913903617146542
-0.092102333740854 0.168895543402181 0.0980827058281675 -0.136663607205726
-0.203508664139553 0.13009465925072 0.161699503612126 -0.160343504500701
-0.23985925461491 -0.0113029716339811 0.238760244721505 -0.107025825682772
-0.152538921755027 -0.184179127736699 0.247165548263697 0.104535150731171
0.135104014492169 -0.261332475134735 0.098032770930356 0.213323551894581
0.337641376693678 0.0363912766685566 -0.0401951045695478 0.20256361421224
0.229824952583565 0.320676189879377 -0.0904213662346963 0.233376113309566
0.166278069062126 0.38120051802876 0.153949258577637 0.00679941728940469
0.361600795107494 0.13912601239573 0.190088725230855 -0.0426640072880453
0.280074271088057 -0.1968300432346 0.0649593153755308 -0.220107517829365
-0.0617155616750726 -0.27392400538827 -0.166303845325419 -0.159410451404394
-0.24489278583292 -0.120984029661923 -0.183601788469922 0.0602468084772166
-0.263414391148482 0.0712039999541688 -0.0485468698760968 0.108174459408644
-0.16283728720183 0.187376001930718 0.0204503809169472 0.0551421576235247
-0.0961615768665413 0.2076439927873 0.0417159375854015 -0.00955496704850535
-0.117857720894029 0.204147705850663 0.0605573396396991 -0.0620469547347666
-0.253542115729226 0.163038631788556 0.119388102986843 -0.109246670959009
-0.311212715067332 -0.0211427558959644 0.189732993656295 -0.0765910120490577
-0.193626300351847 -0.256724351640085 0.181705458512994 0.117665951123591
0.187574664659122 -0.332710418060105 0.0289199112242531 0.164001793624564
0.416170614241478 0.04059163071454 -0.0595114585490598 0.115220764695454
0.274112415447384 0.369364420394465 -0.113971313335233 0.113967141699073
0.165186221317984 0.370831443375287 0.134637624744061 -0.128350419342325
0.347261046519838 0.127143636707587 0.163693986680999 -0.141765550345348
0.253512218802465 -0.177750892820713 -0.00397274240222124 -0.272511731046122
-0.0433029024910628 -0.245032996386933 -0.223051630238513 -0.163126791303442
-0.21718864372947 -0.125643315568823 -0.237382486579049 0.0575456155438632
-0.252572227726681 0.0531178879806371 -0.121468650956255 0.141147511255927
-0.164700364238292 0.174296554959541 -0.0440400000588616 0.129137481214776
-0.105712954480382 0.202001683128167 -0.00421249035071626 0.0741798153559131
-0.131034470759123 0.208308079270159 0.0184741596493265 0.0193931388702338
-0.276235109888007 0.162492843404431 0.0621192932106663 -0.0384981118637123
-0.334576027684256 -0.0496546625776436 0.107657549242998 -0.0331486529682756
-0.176498745307427 -0.30277899475073 0.0875145137190147 0.0979797139227299
0.228915211744172 -0.329469541404296 -0.0145177918783745 0.0844631184491263
0.421883001814123 0.0595063313879245 -0.0482979448743021 0.046599529280275
0.270305414903404 0.359509643995854 -0.14642196070659 0.00202982795588819
0.147057295353669 0.302663932647322 0.108699346360558 -0.256856081861746
0.281322677840985 0.0989924307117401 0.100043268605127 -0.229761673210092
0.198728876472214 -0.133881064395073 -0.0726608916027612 -0.279812050452444
-0.0224676607068244 -0.188814163701737 -0.248130994659401 -0.148367789063894
-0.163944511211611 -0.112516599818384 -0.264097140685452 0.0483302932196921
-0.205325816762995 0.0321341797040888 -0.183128520078008 0.163392257861892
-0.140143162405094 0.139865073291625 -0.103424848292515 0.194901369138702
-0.0992661516342514 0.165002657251858 -0.050587925468751 0.147479247964321
-0.127793797719626 0.177220368992555 -0.0288592181477183 0.0929219310442131
-0.255350970886881 0.123695433712616 -0.0069657562894468 0.0263655789468212
-0.290152840388435 -0.0828148722164535 0.0098178394662595 -0.00843395431858512
-0.109417309425395 -0.28366653303907 0.0171365694146009 0.0384385179082107
0.224740174392199 -0.24978373044851 -0.00223796368548802 0.0217249228646744
0.349725110382248 0.0708657023903282 -0.0278627934445539 0.0334536875366432
0.218078159584432 0.292223441898026 -0.187003087822793 -0.0861192155895067
0.106673624711836 0.189375454773345 0.075929947596258 -0.35102458299147
0.183439217232247 0.0642346633759376 0.0351816661798157 -0.284141869159285
0.125817186396038 -0.0793575683856496 -0.119120896743827 -0.267229637016752
-0.00297564259007528 -0.118281482513669 -0.254532843575185 -0.131669165239973
-0.0955253164567684 -0.0819425099276729 -0.27683255398289 0.040238496196298
-0.131541572509794 0.0125657316043076 -0.225350974443243 0.178588347080261
-0.0966883511589929 0.08882689215698 -0.148224611175396 0.241249690610604
-0.0774977559861873 0.102430273237621 -0.0886826127500535 0.19753853474368
-0.101106322316264 0.112818386023368 -0.0737400113370741 0.143679747860029
-0.183487901377508 0.0621471117201088 -0.070853952575183 0.0655384461416705
-0.185035812790878 -0.0868425751252132 -0.0648649824064611 -0.0117895010588581
-0.0360775079146186 -0.193678021488812 -0.00363255785476906 -0.0194961820998783
0.156764333300707 -0.134826409690236 0.0283014456253882 0.00996051877290753
0.21186071709915 0.0525712649030104 -0.0292827098987732 0.0528812836628442
0.13092444722792 0.169556308050666 -0.222300321652516 -0.149045728473877
-0.0363736811415059 -0.0322087326779531 0.294205896103962 0.236090902542125
-0.0598043897927686 0.0092930323500888 0.158661272984007 -0.0998864410862146
-0.0422561983113195 0.031725369567382 -0.0308059650855243 -0.0525489869068011
-0.00301882512314044 0.0575745958602577 -0.0307795311868075 0.0382213362319312
0.0420573009275099 0.0414059726606958 0.069333508858919 0.0460623103791753
0.0633502138970992 0.000546115690443403 0.12000675805173 -0.0628680485023074
0.0556673467453346 -0.0310022932275957 0.114110697569223 -0.14148071682762
0.0473111985992934 -0.028251493734697 0.129580586219328 -0.198327456412548
0.043509292594049 -0.0182754759238444 0.161586588707503 -0.231072169652757
0.0448062045346151 0.00738342911462207 0.236535538319651 -0.183740942150039
0.0352167246828133 0.0367064990064415 0.278710594294689 -0.045939043997135
-0.00543892672012769 0.0498793689549225 0.247949044135351 0.11946369621305
-0.0591654750931915 0.0254002507002439 0.139237071477407 0.25105631002326
-0.0728512828955839 -0.0243987233535424 -0.02771519913771 0.329279855134149
-0.0275395653023764 -0.0778714850232904 -0.111085463567815 0.420005359305664
0.0477607630573185 0.116374785254089 0.26646458525435 0.23119085251248
0.0912049414780257 0.0639702829171577 0.150557084039268 -0.0565516575498818
0.0818488713766824 -0.0473222272299634 -0.00149254221480912 -0.0468868571990783
-0.0283966556534812 -0.0739519448378345 -0.0282841349232047 0.0170627605789017
-0.0777946492933418 -0.0128564019478545 0.0504298004514568 0.0567875378511966
-0.0534236329781281 0.0435571030637905 0.127317945335449 -0.0392766750586906
-0.00949301171606028 0.0558495362003354 0.131356450315494 -0.130473961193422
0.00446450730212039 0.0544834862203564 0.13385299726495 -0.193272703590962
-0.0101321545793774 0.0481996626434293 0.155356420020256 -0.224597290579143
-0.0510964211572369 0.0419202999738669 0.225521355608124 -0.19111827816945
-0.0573074422680661 0.00566090127647207 0.274384920231369 -0.0757473757191943
-0.0379636502912662 -0.031960562749061 0.259802400317538 0.104182189480893
0.0181382646123372 -0.0596110922471547 0.155363403985083 0.24050415682498
0.0719958275178729 0.0116063475643869 -0.00740128364973705 0.315038125701811
0.0614212757176843 0.0814353353873906 -0.0914234542941869 0.4074587476312
0.111339555552219 0.245100751766746 0.220570314104566 0.192071147398199
0.225048118030079 0.108151926340614 0.148056744592834 0.00296209213850944
0.193430372072798 -0.122485001893158 0.0545956634675892 -0.0633342145420494
-0.0497987046620232 -0.189742741482324 -0.0383347899136243 -0.0453281054135666
-0.176735929592004 -0.0652179056887503 -0.0133224691336383 0.0562484226708539
-0.159796802562607 0.0707385195827866 0.0920174013341086 0.00508441990898035
-0.0773092990348365 0.12785231648978 0.119078952161599 -0.0866893946466087
-0.038461522537085 0.128090029992781 0.118236210272322 -0.15735868905526
-0.0564926087592102 0.113857264954882 0.132745008551784 -0.192758419259652
-0.136568233706291 0.0860925977519912 0.19843946407059 -0.187597524405467
-0.151716358666357 -0.00853743507300864 0.263940389750527 -0.103351007571269
-0.0902543523162899 -0.110091111016062 0.269251166424058 0.0970529141712964
0.0814609241685898 -0.159734955475854 0.146954883679987 0.234893836420965
0.216067514576413 0.0303764310134354 -0.0154108118323032 0.276652074506331
0.154555685511065 0.222347575546441 -0.0849187461101108 0.341706559053579
0.148305699090228 0.337828070033847 0.18136509209652 0.118929259957261
0.322926513941709 0.135292447723133 0.175146047532738 0.0202231254244564
0.264479720381935 -0.180183107015505 0.0936565106789401 -0.133543107087451
-0.0645533114646833 -0.260986386477874 -0.089733553214469 -0.120085644427695
-0.236485975511614 -0.101866745677213 -0.102416132983147 0.0553926724278113
-0.234267682117474 0.0801207316370737 0.0276431412703269 0.0591870738096462
-0.132869333929244 0.173406265249683 0.0785238341411869 -0.021199679172538
-0.0740626921206744 0.182664393068228 0.0860930684970212 -0.0921838062878878
-0.0931750958638151 0.169254538944827 0.101447117838352 -0.135941589002621
-0.205796334846073 0.132952287708803 0.164336685327532 -0.16055969448872
-0.242530850455739 -0.0108641767263852 0.238811187763455 -0.105896327130899
-0.154322218614701 -0.18621427931105 0.250524665569683 0.107307119938458
0.137196433512626 -0.263442547502135 0.0990424412393599 0.218878525450395
0.340966202266774 0.0369666621870187 -0.0425931253578683 0.205990704882353
0.232004836732017 0.325511438124862 -0.0930562553064715 0.235756873081982
0.163746195769116 0.384397867109609 0.159205124404493 0.00838221824287495
0.366314264240722 0.14198279830802 0.19676732051499 -0.0402979573728131
0.284313399903593 -0.199629030769507 0.0695021592271813 -0.22383548426188
-0.0613494724398393 -0.277534164847055 -0.16714010956541 -0.16411043509965
-0.249060644375888 -0.122274372587334 -0.185948353643598 0.0607429841306576
-0.26692997276897 0.0735204779562426 -0.0482014828949363 0.107943283602731
-0.164271187829031 0.189378734590255 0.0206450214164114 0.05455826159873
-0.0972561542013094 0.208206914464728 0.0434297488330379 -0.0102219844583389
-0.11926739537505 0.205566707795024 0.0639600774571635 -0.0608196199534389
-0.256207691420734 0.167148415234799 0.121490939666939 -0.108592174187903
-0.315985337032272 -0.0198432737352462 0.189865808749505 -0.0747709511846987
-0.196632801311832 -0.260670073798857 0.184695740265836 0.122182263652946
0.191604370459854 -0.334616490380602 0.0288412932685948 0.169117194710992
0.420130877097335 0.0432500530694992 -0.0612437840998352 0.115081342478229
0.277870513103205 0.373797257391733 -0.115560753483795 0.113774227958845
0.161855232399387 0.373299875065122 0.140791391550687 -0.126352887567542
0.349707894751529 0.128094407474539 0.170988593072982 -0.141594840039117
0.257184079383567 -0.17935474412254 -0.000530435445742742 -0.277574858869679
-0.0434565739223067 -0.247172097321184 -0.225552091313371 -0.167012022735681
-0.221285752312933 -0.127941402626214 -0.240272472920381 0.0582341099725731
-0.255753105267047 0.0552807341476971 -0.122641303725814 0.140439781930801
-0.165634872687894 0.17647892387407 -0.044703195401935 0.130746188839864
-0.107254615232522 0.200980984744933 -0.0035984037826244 0.0749082007045824
-0.132192758896346 0.210071198510802 0.0201836269969889 0.0201807225347144
-0.27937370927239 0.165643380443413 0.0624636129216795 -0.0372769262448657
-0.340192949653223 -0.0498252139622928 0.105856077390429 -0.0300411001195151
-0.180160196371539 -0.30725305911412 0.0890288942752809 0.101968258886919
0.233929028080142 -0.33171278230477 -0.0154496521716552 0.0871385874593876
0.426992803014333 0.0611361539502094 -0.048598934429367 0.0452474954323683
0.274023793259617 0.365949607077281 -0.147733471780529 0.00139668503955668
0.143827981323088 0.305762546777487 0.114889446942497 -0.257753991929689
0.283965809751476 0.0985754273066948 0.107301216191409 -0.231551912529535
0.201807068869734 -0.134626367968081 -0.070046319024013 -0.284225650255266
-0.0221906888109696 -0.191097323547319 -0.250094603693446 -0.151742196888692
-0.167213307393489 -0.114683413567269 -0.267628357096414 0.0462481277172745
-0.207473915685027 0.0340150215072464 -0.183401821229511 0.162661307027857
-0.141236314920173 0.141343743630095 -0.105322916627258 0.196955493135329
-0.101520557171308 0.164405405397652 -0.0509119947224035 0.148167888072524
-0.128488280724442 0.178790669701201 -0.0270645884897975 0.0948280469114521
-0.259410130003092 0.127541657670074 -0.00662035960882286 0.0285139634152095
-0.295319641274715 -0.082702512203327 0.00655534499214501 -0.00463865005870445
-0.111632924897982 -0.289194205810192 0.0165908126310534 0.0411137959884221
0.230357391664837 -0.251338116219971 -0.00103493743221065 0.0231322300932663
0.352501186220056 0.0732627875851586 -0.0268287483402459 0.0307568262767915
0.221575224678994 0.297502525474157 -0.18865423920477 -0.0875088114788173
0.104318196629475 0.191434833523558 0.0840831709369864 -0.353461536353666
0.185923435479779 0.0624273178915352 0.0403445905995758 -0.285624242119499
0.128280372004231 -0.079983897021339 -0.119284453970898 -0.271920652260669
-0.00371485548884799 -0.119362415357637 -0.257330981826938 -0.134096722369316
-0.0974487381784098 -0.0842276266549765 -0.280397106043083 0.0381012130787725
-0.131619204551935 0.0148992130721722 -0.227215194483109 0.179640859722248
-0.0979949565175582 0.089481750369157 -0.149488923812318 0.242974547557716
-0.0789523213716213 0.102256405344602 -0.0901258605916741 0.199484127421749
-0.100966281669654 0.114532804792024 -0.0723690208370816 0.145389509143177
-0.186446712567825 0.0642128182121502 -0.0714994152171067 0.0681307150449856
-0.188574773605564 -0.0886294141248647 -0.0682135443576485 -0.00765522395993613
-0.0376699118087079 -0.197985810915318 -0.00462106434802042 -0.0187826420411214
0.160684092783538 -0.135192153932406 0.0290701897315907 0.0102580653859581
0.213618789110971 0.0549009398719605 -0.0294432474944222 0.050572277477227
0.131670777222138 0.173185965501023 -0.222978254720876 -0.148891306696252
-0.0368049762758587 -0.0322403198083417 0.306462543126623 0.229875889742319
-0.0611751794635719 0.0121402469380878 0.157666356932628 -0.107613583532845
-0.0420602915061357 0.0338263760864983 -0.031043335866266 -0.052515190400387
-0.000347602274537178 0.0589376571673731 -0.028836641390882 0.0390613574102507
0.0451024393690036 0.0413048100756039 0.0741947232159191 0.0434144538279464
0.065156771456896 -0.00223905129659329 0.11788488177464 -0.0691296726175363
0.0561916151806571 -0.0342714828040742 0.111872547436992 -0.147700449854139
0.0470701073122025 -0.0308605311627967 0.125981302011031 -0.205776471801694
0.0429189730768311 -0.0199961697623282 0.157779990141265 -0.239898756191061
0.0458618461629328 0.00669363137851112 0.234829289720876 -0.193486760229754
0.0363261610978099 0.0363892547867731 0.282707132726856 -0.0548489994548663
-0.00315529719893711 0.0508437519162865 0.255881437410291 0.114125947796869
-0.0604414535495368 0.0270366572742402 0.148661895720344 0.253415484135507
-0.0746448994644122 -0.0232323186332217 -0.0205056397446035 0.338539207735257
-0.0309842972639391 -0.0803575404498891 -0.101675742976539 0.43117871794302
0.0530930560791188 0.116955951206537 0.279422474993423 0.225823562577539
0.0942549529802905 0.0630739357234145 0.152324871480628 -0.0625930992568154
0.0819696246665312 -0.0507611069988244 -0.00177763387077612 -0.0475931640487538
-0.0312734186273957 -0.074535451594364 -0.0258560677751015 0.016976771160777
-0.0802528840591141 -0.0102049445520057 0.0543899146037532 0.0549837603933497
-0.053149350184387 0.0458929550052329 0.126367994895562 -0.0454395210622271
-0.00804074482037749 0.056331126047903 0.128478675488458 -0.136908495512256
0.00618511774402209 0.0539650752309853 0.131551097151749 -0.201307047747548
-0.00800452366062814 0.0488413243311014 0.151919661854702 -0.233102979941749
-0.0512206907588985 0.0452139867617866 0.222311644631508 -0.20077703173039
-0.0579529205049367 0.00804502976608169 0.276113573747035 -0.0847161596083064
-0.0389059134596364 -0.0309567556395884 0.268235640130492 0.0973229570297495
0.0159224309029826 -0.0598028201701523 0.165650470010356 0.241548705298318
0.0739404422420804 0.00828451138690694 0.00172623554149171 0.324310531880049
0.0643326733204263 0.0796281773910303 -0.0806081996010525 0.418279031039675
0.120002459824243 0.244813396866562 0.232282219148408 0.187560082284168
0.233534821333553 0.103539855969297 0.152894561678473 -0.00037701458453119
0.193298742013999 -0.130696564118757 0.057122744346021 -0.0665297603687095
-0.0568814371693702 -0.191762749710506 -0.0396323414572862 -0.0477888673565339
-0.183777588349302 -0.0598990348777388 -0.0114334288526449 0.0556325332126563
-0.160575916102636 0.0785699522162645 0.0927669337980384 0.000592597597953406
-0.0737741250795562 0.131714265483503 0.117418771449089 -0.0929826907672559
-0.0355099890752091 0.130614480574685 0.115812685772432 -0.163935242481901
-0.0532229207007655 0.117105163051432 0.130036700804556 -0.199101763312119
-0.136049672613358 0.0927108234863452 0.195809359135031 -0.196526212698674
-0.154267991006136 -0.00292971508940919 0.26316889866906 -0.111714951423625
-0.0954669669882124 -0.108473990927188 0.278186832970725 0.090360507872813
0.0783702287657118 -0.164385871497288 0.157351799391615 0.237149080367253
0.220527193944031 0.0230752574128008 -0.00717673350129589 0.283810962011104
0.165037760235327 0.220269408043332 -0.0763728089332175 0.350149724247512
0.158144362607274 0.339297539277172 0.190866872598213 0.115902012905217
0.332073097292859 0.126540746621557 0.18365797367757 0.0175791923467201
0.264230676036039 -0.192303913157317 0.0946085995803786 -0.139915013880955
-0.0743387708336699 -0.264254825421112 -0.0944794250310901 -0.124365907474416
-0.245693395585684 -0.0953532927953429 -0.102320397600264 0.0584779235235596
-0.235885912006405 0.0916311384450939 0.0299712259877938 0.0575570952942479
-0.127692532164542 0.180898554245775 0.0786059920323039 -0.0244753059844837
-0.0698022164623242 0.186726324162005 0.0859010313301632 -0.0975878052218563
-0.0888524248325366 0.174442312163625 0.100701281502013 -0.141578336579601
-0.204625140142358 0.144610761789626 0.162267489323562 -0.168254669868176
-0.247879239078211 -0.00196251432652401 0.238207332348381 -0.113963086658133
-0.163318764932335 -0.184430434499388 0.259408512263175 0.101817270483111
0.130888426050177 -0.271799471359885 0.108009112516283 0.222145715364296
0.348700265671224 0.0264601872185195 -0.0383387210146143 0.211749758309461
0.24767961899751 0.321989250103437 -0.0893034428009154 0.240958686755309
0.174573056643025 0.385328721141266 0.166314310784915 0.0052939621317065
0.376238826950628 0.131541968405032 0.206148616908623 -0.0461678548967327
0.283160722867733 -0.213299248101728 0.06676124802928 -0.232424878215868
-0.0719058553308818 -0.281102372165606 -0.175961986031386 -0.165178112595809
-0.259041458270604 -0.116011398229143 -0.187856699824851 0.067442294488819
-0.268543935940678 0.0851526711735136 -0.0457205095076599 0.109523267193785
-0.15910232427758 0.198980579667771 0.0212827420174324 0.054500763942706
-0.0935900506275469 0.212721576401983 0.0445285416557526 -0.0122184523847086
-0.113497995297428 0.212024782041858 0.0663522711941179 -0.0640037867699687
-0.254175425460704 0.180507805714238 0.120085964879601 -0.112936410735677
-0.322940551379069 -0.00849268250556853 0.188292079082836 -0.0801623167297742
-0.210212755170758 -0.25885945635449 0.193962728518534 0.118934989424338
0.183011241750295 -0.347885303408378 0.0356000169375252 0.173143210144552
0.429603087432993 0.0310754642318092 -0.059635296380424 0.117982999304251
0.296646369418401 0.371928889321064 -0.114555302735093 0.117252116374384
0.172841194267462 0.375451826401149 0.14409440244445 -0.132646769890488
0.359146360935869 0.117265969236754 0.175763314161821 -0.149723695655823
0.256930476203863 -0.190982930767345 -0.00638962759302962 -0.284198872563415
-0.0526532882279272 -0.250198287315183 -0.234925284191552 -0.1650719309051
-0.230801947163869 -0.121535496051458 -0.242522227932755 0.0661261458134312
-0.257570001788852 0.0664842668663944 -0.118540435888491 0.146005194478406
-0.161729407536063 0.185005418145998 -0.041898222714269 0.134439982743387
-0.10464713167554 0.20638848500142 -0.000946303760645661 0.0761928620854733
-0.127241800064862 0.217692854952103 0.0247561544941229 0.0209296128781152
-0.27982212464214 0.181996665171076 0.063940269683378 -0.0381698174675332
-0.350633488133299 -0.0379559076888769 0.104450941077475 -0.0302384431517349
-0.196213206329065 -0.307500796273617 0.0939116725110771 0.103940772906629
0.229002898649361 -0.345812909415795 -0.0123471131349839 0.0902287775478174
0.438282771947591 0.0494288854636425 -0.0497495628721472 0.0447557108972725
0.293749531259298 0.364563616842721 -0.150280013055093 0.00423383299932562
0.153413843647003 0.305980041031339 0.114532059446193 -0.26504818115379
0.291995232803533 0.0889225699169407 0.107472913365614 -0.239560377465464
0.200793399869605 -0.144033321086615 -0.0786796060232642 -0.288881602682137
-0.0288466432000944 -0.193208601708446 -0.259746964241331 -0.146935221368803
-0.17565402882438 -0.110252870750982 -0.271117100973171 0.0551450920943246
-0.208364816079823 0.0431354200798369 -0.180738712142255 0.169949085996886
-0.137553155864532 0.148810383268857 -0.100438744667061 0.202919435711444
-0.0985786869042451 0.168466564371506 -0.0471654677563629 0.153286553828362
-0.123960445941973 0.186040722602873 -0.022778493114101 0.0977357535891533
-0.259968533153822 0.141213928065186 -0.00559576407481291 0.0312345561464413
-0.305797772517595 -0.0731889798413065 0.00404731589362422 -0.000729904940438155
-0.125426547874613 -0.292626564352674 0.0180534394952738 0.0433105577159388
0.228661756838347 -0.263517239451478 -0.000921871920513004 0.0233383625570478
0.362673866651069 0.0643223786345963 -0.0271400073738697 0.0295110790223708
0.237130990008678 0.296008688288044 -0.193818698691688 -0.0824613261047231
0.109359692131575 0.191306606939417 0.0787123060060926 -0.362434261474307
0.191271579476056 0.0558164385705422 0.0362162983801824 -0.292655812668779
0.128967416157452 -0.0857148671007868 -0.128053118690825 -0.273845481767767
-0.00841752117828124 -0.121398995190452 -0.265377913534809 -0.128249033934715
-0.10390267898632 -0.0824310155651295 -0.283545112045472 0.0466859177849669
-0.132598130748808 0.0208196685971012 -0.223080926731119 0.188096977534811
-0.0950974129553143 0.0944644885549298 -0.144349495922663 0.252505828099144
-0.0777059700981996 0.104944448154099 -0.0848349707872451 0.205564456786727
-0.0987520261182655 0.119446497809221 -0.0674830811365022 0.150559522890405
-0.188315597562875 0.073978659649808 -0.0705274782044747 0.0736652585760567
-0.197089014673112 -0.0834432239514048 -0.0730960116778974 -0.00171593391241872
-0.0460817935444489 -0.201982562809049 -0.00729776802075733 -0.017034593353719
0.161365543776918 -0.142126322526769 0.0317213694615483 0.00943881059073574
0.219704163889098 0.050521072849585 -0.0282192210519996 0.0495439296098041
0.141454302465433 0.172879556683824 -0.231023263794665 -0.143995101937752
-0.0374059690793272 -0.0308076536165076 0.316772221502252 0.209103793503729
-0.0594724214856499 0.0169145363061926 0.150920475770897 -0.116805724242882
-0.0405847447675049 0.0371987629005948 -0.0329172887289887 -0.0511263663587574
0.00316209990856998 0.0591518769755139 -0.0242020309135583 0.038929419516717
0.0476903543065223 0.0390335111767514 0.0767358201907976 0.0368856583728382
0.0648692411030865 -0.00663355281752252 0.109750833844534 -0.076317091855229
0.0535592031470312 -0.039360894061836 0.10287464799184 -0.152368583383789
0.0454875372036498 -0.0334831110583731 0.11505942004613 -0.213237120797813
0.0422165625236899 -0.0219916129432921 0.14249434812609 -0.245868144321832
0.0462856814761893 0.0039592596579314 0.2219139083914 -0.204433892404489
0.037789134108143 0.033398315728848 0.277712357019943 -0.0690951024416277
-0.000364247384100302 0.0503148362446857 0.258941741434669 0.0989561325606138
-0.0586943944340875 0.0319197722754744 0.158772274459696 0.243366274695637
-0.0746847772957449 -0.0196251368399566 -0.00177384460988375 0.340696711176386
-0.036179269429195 -0.0795614769562025 -0.0777351341857144 0.433476533024363
0.058850591770022 0.112274181915644 0.289413991853563 0.206789044177577
0.0980224034985597 0.0572689411072016 0.148336324836266 -0.0706264646637255
0.0793401985761495 -0.0544015008553019 -0.0017957139446975 -0.0478432161655146
-0.0347727036983217 -0.0717392139887744 -0.0236949866849262 0.0155301297551449
-0.080249946925684 -0.00484590223527734 0.0579934992332005 0.0489179831210122
-0.0499666662702631 0.0485725519682267 0.120699695614758 -0.0538351090510728
-0.00317676181404238 0.0549188770864163 0.120272247295298 -0.14284463010679
0.00873309842263228 0.052039405264101 0.119333236888695 -0.207135456788792
-0.00539856810060503 0.0489733111074289 0.138563236146015 -0.238812343571553
-0.0475087635062535 0.048349696420923 0.209295485741514 -0.211143529157816
-0.0574343333488018 0.0113534085571066 0.267939996629234 -0.0974737836532919
-0.0399145860641476 -0.0287500507348658 0.270769772210235 0.081744893359096
0.0121552365833994 -0.0596082640719745 0.176765226290294 0.232113322605573
0.0733810206160938 0.00365158042551241 0.0182805476838174 0.323586219478093
0.0683025925803184 0.0729752848475821 -0.058410678953218 0.418309691233511
0.131793015511657 0.236019551704103 0.24154411777177 0.173009004337144
0.237506642071616 0.0893398099017527 0.153542086022681 -0.00829284193072549
0.185377528992095 -0.140567899343335 0.055874103864706 -0.0693514468253644
-0.0670758297798356 -0.187542719944202 -0.0407853573119215 -0.0490626295219242
-0.186944118166347 -0.0479604531451281 -0.00720176806681441 0.0536750588672357
-0.154373388347557 0.088113347752138 0.0911560324906 -0.0062286123070068
-0.0645453584225922 0.133885881269588 0.110500876392866 -0.0989326988983224
-0.0281782370259789 0.130201327521399 0.106668450461257 -0.16987295062068
-0.0468701251826441 0.118391193696001 0.119127945992622 -0.204937535647046
-0.129198549122577 0.10138509558864 0.183760463354864 -0.204581944749328
-0.154090716885242 0.00597848448219407 0.252350581695125 -0.123582562520745
-0.099704912692448 -0.101675866457053 0.280833919226917 0.0734711551406255
0.0685451538901217 -0.166304436676092 0.168592135229626 0.226488797304931
0.220460693837221 0.009746888366371 0.00689038891807853 0.283639893089774
0.175752864693043 0.20716952643006 -0.0583063493000672 0.349617603683223
0.173548639590338 0.327538046858024 0.198830649018937 0.104202938012446
0.337002261152394 0.107208979135942 0.187361963106281 0.00784371225208629
0.251451356634883 -0.205467088797811 0.090662405947504 -0.145070860494803
-0.08913612450529 -0.258477364357153 -0.100668176344745 -0.121966384312358
-0.250502192616809 -0.0798864626244365 -0.0989048265925492 0.0632762916724794
-0.227372286140113 0.105667222599114 0.0322583866335248 0.0533813632507391
-0.114819839964512 0.186515558460232 0.0753629029262032 -0.0292069757474176
-0.0600160822016751 0.187225324558429 0.0802893717032029 -0.101815613014902
-0.0785366363108556 0.177046939879781 0.0943028702678402 -0.144842334824014
-0.193870054325063 0.156713498674552 0.151219664132445 -0.174892272512962
-0.246827071138503 0.0132862436885454 0.227232453942444 -0.123018779108369
-0.172498717517354 -0.172838081071753 0.265103460022402 0.0884488994091524
0.115266345838788 -0.276746903649701 0.120659225783461 0.215712403405736
0.347784826255513 0.00579957662418929 -0.0277035068550556 0.212088542812301
0.265029698513603 0.304083474542526 -0.0760539272137628 0.242130707845029
0.190945138543517 0.373969993773265 0.168883238688121 -0.00333943503126515
0.379334858427368 0.108918623442766 0.207237423880252 -0.056444895613574
0.268802405364697 -0.227845202537937 0.0575324110016076 -0.236634305801225
-0.0877016636101253 -0.274541258778389 -0.185425147757314 -0.15815824973991
-0.264760165779785 -0.0992900329654437 -0.182719443670717 0.0759712985747474
-0.260639850426784 0.102029126231837 -0.0390415004767847 0.109197627330204
-0.144836518999554 0.205766018825375 0.0229906089803054 0.0525917878648095
-0.0831707274747536 0.215123879984673 0.0441816984282548 -0.0144037369869957
-0.100274614993222 0.215674221006256 0.0640222075419728 -0.0665110021741551
-0.242659067990202 0.197292441476185 0.11349440766187 -0.117220614606762
-0.321885986626723 0.0119414619428339 0.180684071502774 -0.08650484317298
-0.224297049664219 -0.244778914395198 0.200388313436078 0.109403011445538
0.16370722696439 -0.354590978766909 0.0442745937392246 0.170918271223762
0.428368207039905 0.00596939103158967 -0.0558289076196709 0.118663423508861
0.317029472756675 0.352593550971644 -0.107963903272548 0.120030465593949
0.188413605764379 0.363270272506388 0.139958920596318 -0.13797180091622
0.360710980087866 0.0946331523971121 0.172319208131944 -0.158416909292779
0.243468287554124 -0.204053591748118 -0.0203252963590619 -0.284028341608628
-0.0654893317334199 -0.244962911367009 -0.243628511851764 -0.152220965668267
-0.237025422823125 -0.107077644333276 -0.237561749354074 0.0797942529140005
-0.251158062646742 0.0822017878281561 -0.109171765119108 0.149040158930022
-0.14846842819035 0.192777382226136 -0.0344286503681244 0.135087857349453
-0.0931092550784301 0.208370230733897 0.0036458905927222 0.0755394079484832
-0.113313385341679 0.221989962152287 0.0273165558223951 0.0192504110006819
-0.266488848675786 0.199598776755079 0.0623642650780911 -0.0402109619188953
-0.351765402526147 -0.0157958998478104 0.0999869338042465 -0.0305964682581442
-0.212781851515912 -0.293685066954201 0.0997003225083441 0.0995663082271899
0.209610172379956 -0.358155858625265 -0.00883283983152255 0.0897555801198162
0.439850766262374 0.0241607236499644 -0.0484562819574138 0.0437902097002231
0.311844206160449 0.345104528837786 -0.149268232389337 0.010776175810648
0.165204740077582 0.296091242497494 0.103946241731062 -0.268216519718541
0.29172518775408 0.0699869684007906 0.0983884629151914 -0.244299412324214
0.190894051963321 -0.154205545698291 -0.092076378058401 -0.2837874616212
-0.0391064745835917 -0.188630373071536 -0.265751107300978 -0.131880699253277
-0.181724800065592 -0.0986461696040184 -0.265658790345212 0.0695350158530421
-0.204277043737194 0.0561684448609105 -0.168913804355322 0.17613496744538
-0.126772336777639 0.155510302993622 -0.0887263151413295 0.206617686222275
-0.0904108252434557 0.171451479478084 -0.0378646928920367 0.154373078619169
-0.1118400382921 0.190687463515133 -0.0146453896990998 0.0979895114672446
-0.249624190924837 0.15834141060602 -0.00224856231092349 0.0335819487848268
-0.310431054272233 -0.0545493293774538 0.00181456850795028 0.00368519548151769
-0.142681099533265 -0.284137994619172 0.0190601654718973 0.0440971758924798
0.214254785784181 -0.274185744276039 0.00015920657200856 0.021478644004426
0.365028082058988 0.044857139349846 -0.0270047411192753 0.0269535227599098
0.252987345823087 0.280465764620002 -0.195708022175946 -0.0726182399090756
0.116433014899313 0.18382392234676 0.063724656979193 -0.364283406925738
0.190280012226642 0.0418440074481773 0.0237867055255537 -0.293028930444164
0.121901272356036 -0.0933113683486471 -0.139884196350315 -0.265325489389607
-0.014541193422951 -0.119482239071176 -0.270121993897342 -0.112684154476579
-0.109815741224367 -0.0747143698306363 -0.279541416589902 0.0615168724270157
-0.129147967069884 0.0281958581677297 -0.210956187116467 0.196610285880348
-0.0869605536281611 0.0996936867596286 -0.128024217819281 0.258464300786261
-0.0727489208955334 0.107680037390178 -0.0733629113601125 0.210180843933237
-0.0905571842752662 0.123552599514487 -0.0566809348613544 0.153236726805737
-0.183576910894366 0.0855999129521567 -0.0640239320258454 0.0789572878355692
-0.202862403911925 -0.0712600222326622 -0.0739298365759607 0.00748866112906792
-0.0585260947465382 -0.198557489488329 -0.00900084229446077 -0.0151442770258324
0.153695361116522 -0.150529472449502 0.0322497379712997 0.00474355206351274
0.220748853110534 0.0389417217545488 -0.0263368855961034 0.049559938567873
0.149773917821411 0.163946946239704 -0.235512653194127 -0.129080143245814
-0.0362320796539734 -0.0288925483769782 0.313040108007338 0.183716470703848
-0.055810473058002 0.0196545064489982 0.138499212331878 -0.12004632136071
-0.0364920420710872 0.037780430569307 -0.032830801681378 -0.0485313234464942
0.00627443585709981 0.0560568443144921 -0.0198442143135582 0.0369493709672512
0.0486301873967032 0.034328334904641 0.0757765262889879 0.0288140916396862
0.0612270420523462 -0.00981279038080714 0.0999578258077878 -0.0792297213717497
0.0491187233352583 -0.0423014505785244 0.0915670821220442 -0.149999799857836
0.0423372031342618 -0.0360293136484699 0.100935557531629 -0.209751654861386
0.0393199776755123 -0.0225847883990592 0.125470979420126 -0.242548125754726
0.0443696072677039 0.00175347629958601 0.202753619231032 -0.205705188002868
0.0370636151498412 0.0298933763006688 0.261932145953788 -0.0784363454809925
0.00244682065048865 0.0479436018502127 0.251802367189866 0.0834079860381385
-0.0545567644207291 0.0334592296379805 0.161660328948327 0.228672501256772
-0.0728636793751498 -0.0161409682192426 0.0128172009292108 0.328536042741562
-0.0400704684376698 -0.0755843134215028 -0.0589623489020317 0.417972893882709
0.0605910776281172 0.104852193118305 0.287279960509181 0.183605574566924
0.096879447633648 0.0516554921725632 0.139236645896482 -0.0756259667954801
0.0737368129478102 -0.055140382471489 -0.00265163814060734 -0.0463111776621155
-0.0360733341074646 -0.0677153107186052 -0.0206880345449592 0.0138557498464926
-0.0769596521077442 -0.000950682882647812 0.0583875808525478 0.0420636987380593
-0.0451822375071473 0.0501690270885244 0.111425697830548 -0.058142041214676
-0.00159309241185524 0.0511750061130022 0.107443476748349 -0.142408648655606
0.010850094619692 0.0491797233973276 0.105648977831624 -0.20637075865645
-0.00361378232788142 0.0467569070927307 0.122900572489936 -0.234706739917004
-0.0434627653372669 0.0480614660985731 0.191095476017505 -0.211550248025943
-0.0540219388623654 0.0133830153566484 0.252263926825105 -0.104281464896398
-0.0382549657029181 -0.0257468156606745 0.263278706861316 0.0664468529539033
0.0091290242339887 -0.0561277711472067 0.178849254746568 0.215471458564633
0.0703411237138986 -0.000587924885880414 0.0315456569563804 0.310739793962363
0.0675981623084832 0.0662531740978479 -0.0400040293924194 0.402310250286308
0.135581067344713 0.220240306780876 0.240181744423446 0.153418614048632
0.231022634138226 0.0759925048019903 0.148442996131358 -0.0142994064623341
0.171132228791138 -0.143405338201594 0.0536818737092977 -0.0704123064910284
-0.0727633903355277 -0.177026205644603 -0.0402458165077217 -0.0473639311487909
-0.181988682125494 -0.0371140198320399 -0.00556967708353059 0.049892267725218
-0.143265299923681 0.0932159615129887 0.0853526725609475 -0.0117218907855406
-0.0548876329986817 0.130089729609233 0.100474658212969 -0.0988438970829774
-0.0210240425266967 0.125001906874172 0.0951586223374299 -0.16863320133924
-0.0396384641042028 0.114898062116729 0.106828034961393 -0.201209282743491
-0.119440915781238 0.104255553988333 0.166043698002345 -0.203158141006328
-0.147789971423553 0.0134116573088916 0.234421975336399 -0.128139740106775
-0.100163060350466 -0.0924875656306937 0.272831601942198 0.057732635083134
0.0576481826457649 -0.161107222265197 0.172622439393389 0.211247472992488
0.211423068136841 -0.00183523001204108 0.0186926183128443 0.272930183370468
0.178161609281565 0.188171998737893 -0.042352716951224 0.335305175896627
0.179096376447757 0.307337728386034 0.196411255922514 0.0897510729222649
0.326262482547157 0.0870387728615762 0.18439378858421 0.000582383520942064
0.232195764295854 -0.208846962707562 0.0839146552721176 -0.145199310883441
-0.0974802344115318 -0.243404824397037 -0.102767414509477 -0.115142462291904
-0.245040353785969 -0.063828903291051 -0.0928103097220398 0.0639206917717804
-0.212752878098753 0.113191687083723 0.0320674238947482 0.0482885975890007
-0.099998684132582 0.182435147531141 0.070225658221629 -0.0315299335869872
-0.0491618848311165 0.181315660517637 0.0728890249081283 -0.102094972626135
-0.067367702349944 0.173013317824088 0.0853655107001033 -0.142354507252797
-0.17843446419232 0.161066925987837 0.137838068604014 -0.173271870439384
-0.235766358775799 0.0249199704599113 0.21045148324146 -0.125705816735538
-0.172689741896624 -0.156603488070481 0.258469862524046 0.0720874455474314
0.0979670204774985 -0.269309903539824 0.124771781804904 0.201448627366249
0.332986085228171 -0.0103011358978843 -0.0197938708037986 0.20532872431778
0.26761965502432 0.277463417190255 -0.0647119690700703 0.233762251073578
0.197498516284846 0.350844817542041 0.164876763064177 -0.0110564355288754
0.367031575087667 0.0859845756124327 0.200415942904171 -0.063196955290822
0.246374594724179 -0.229313985310657 0.0480460148187845 -0.231383206749457
-0.0960746974737433 -0.258467722725178 -0.185640957015297 -0.145625983742299
-0.259706661522403 -0.0811500999295519 -0.172850673996061 0.0810743492831893
-0.24379871787856 0.110698108033546 -0.0333694886159465 0.104953045489157
-0.12791585439522 0.202087072500495 0.0236363753841176 0.0497386830676119
-0.0704452758631554 0.20793747189804 0.0422974076041037 -0.0167329394305294
-0.0860771491335084 0.209646781809508 0.060536253357025 -0.0675540037300391
-0.221780447946758 0.202859139549243 0.104746772112507 -0.11771346180113
-0.308988957794191 0.0278882662052431 0.168171889885111 -0.087186751978086
-0.226964124625751 -0.223275465433662 0.19784900450394 0.0967583789996773
0.1420327446196 -0.348776588649152 0.0494070789284077 0.162405545993676
0.412680529815956 -0.0134951563675995 -0.0510574608405158 0.114992572097135
0.319957160579687 0.318837313371242 -0.100463885043746 0.118719994862409
0.193702360706474 0.340618971306766 0.132722165404712 -0.139035792328603
0.347672417704862 0.0731839721591561 0.163996591849541 -0.161129390886394
0.222896003127423 -0.206486535350982 -0.0304496053709406 -0.273181658430617
-0.0734487886157884 -0.230627939859481 -0.240929388468842 -0.136410075636015
-0.232917240400664 -0.0901561785185853 -0.224765102257025 0.0866092169249348
-0.235390761821996 0.0917741692774947 -0.0979745739748733 0.146521498930376
-0.131806795269156 0.190660940139074 -0.0278436932730487 0.13009458833264
-0.0819568665390358 0.202619938110627 0.00808812539571987 0.0725591447028136
-0.0979020827599367 0.21659153229399 0.0290704126604308 0.016939013976834
-0.24419637772297 0.206932596196772 0.0596050744119527 -0.0405075533357024
-0.338605428290883 0.00320447469620708 0.0943845447127201 -0.0291111460556358
-0.219957651941897 -0.271254806013603 0.100550061204421 0.0926704468293242
0.185884174100254 -0.352002754048757 -0.00500201895915403 0.0863329376662884
0.422182778306352 0.00409386583188081 -0.0477279950442079 0.0415020964956694
0.315349793553796 0.313030783819005 -0.143366826364309 0.0165014515120701
0.167626762363755 0.276797168651039 0.0928488824788304 -0.262731042778904
0.281538706078615 0.0519219931209447 0.0881754837291996 -0.239772708303595
0.174544596870588 -0.156407325682021 -0.100133364466911 -0.269268038916799
-0.04542539339015 -0.177942071868221 -0.260919946727009 -0.115734662399587
-0.180242607618351 -0.0839159749242182 -0.252527595003481 0.0777367464231351
-0.19038315233368 0.0636402278250783 -0.153668509841618 0.174640971089511
-0.112171207611113 0.153468548054433 -0.0750449339792955 0.201662400990086
-0.0796233342154068 0.167225616006376 -0.0291352159461972 0.150162572753421
-0.097992541761783 0.187113432662507 -0.00780727108260218 0.0935335370713226
-0.23119908520089 0.165492460248965 0.00062317872020836 0.0336336250869037
-0.301086174978352 -0.0359190159790938 0.00164009711055049 0.00964927092610553
-0.151801684840851 -0.265261090921152 0.0202037396398059 0.0433903714390251
0.195056870263519 -0.274593635458847 -0.000545986277479734 0.0186312852890722
0.352548944510827 0.0269032702808111 -0.0258699931432659 0.0245704454485626
0.255117236459221 0.25668364168603 -0.19124141420475 -0.0612246670432535
0.117126646121227 0.172534500080784 0.04907643068586 -0.351867312807766
0.182633704508156 0.0297994779277193 0.0132926543845605 -0.282376259033388
0.111652917908607 -0.0945931968429545 -0.144973069356018 -0.248515104305711
-0.0191531129145855 -0.112658942357034 -0.263287264357717 -0.095162799530314
-0.110359209557439 -0.0648276892247324 -0.263802917358217 0.0708885134696433
-0.120477908033159 0.0340402620782006 -0.192443804429373 0.19530041206415
-0.0768544390694996 0.0987202181958518 -0.111261126665752 0.253120606457192
-0.0658786581667978 0.10622055433018 -0.0595779225602986 0.204496376271545
-0.0802176649421099 0.121432770738159 -0.0466474781993937 0.149060535395941
-0.171091121202851 0.092850759513028 -0.0569563872277465 0.0815098199902437
-0.199278163534173 -0.0570967020684168 -0.0714465138711626 0.01540509668532
-0.0669571070705569 -0.18797892998835 -0.0104572000532275 -0.0136537861281413
0.141975074487031 -0.150867271004717 0.0307674855790641 0.00188988085072968
0.214163116967287 0.0285466867691432 -0.0243769910664681 0.0465091264914302
0.151145719828454 0.150011578414183 -0.230479768555076 -0.112575911845887
-0.0291042340181692 -0.0320857696116242 0.268432522402211 0.199351099529298
-0.0528004477211827 0.0108219196284124 0.140034402382333 -0.0990363705761536
-0.0380442761339042 0.0297383606515532 -0.026578092724616 -0.0502772589998746
-0.00184184823197102 0.0534355037282724 -0.0237657084790345 0.0301564612061781
0.0404204197111951 0.0397342723572526 0.0649013262561309 0.0357118728343471
0.0581251683769261 0.00031812904073156 0.10050262621383 -0.0603070482909533
0.0505627851211998 -0.0348369245765807 0.102402670398047 -0.12872958398473
0.0445881130451333 -0.0296916858851287 0.120684023637811 -0.185917144614638
0.0385316289695873 -0.015847446043551 0.148682765280761 -0.213053937312298
0.0397542702328684 0.00732679174470965 0.215038700273602 -0.170009372830208
0.0290309187867464 0.0314894770049339 0.258530177803482 -0.042889844348686
-0.00585157675816259 0.0425262160741633 0.229808099130307 0.109165494164046
-0.0554787445536213 0.0215736688420499 0.126262652923656 0.238131822375478
-0.0652867864143308 -0.0271071009018579 -0.0247366193685726 0.317316827691416
-0.0282411781952694 -0.0804424566497771 -0.107069209904101 0.397953655934521
0.042046620776145 0.103750065709578 0.239358317645282 0.206734585896985
0.0824831331211754 0.0610547051297525 0.138457557893401 -0.0496603400059326
0.0765499424668577 -0.0402177014949671 0.0101373088215612 -0.0409961009699908
-0.0226354564802366 -0.0678729022950185 -0.0165111394003468 0.00746446082796858
-0.0719273835385733 -0.0117964634264106 0.0499388184473338 0.0415360258328553
-0.0490090214352704 0.0414694391232628 0.105748865392665 -0.0435885519006401
-0.00793067675521638 0.0468970220604381 0.11639484806509 -0.120428664462304
0.00403998141342691 0.0462261375347336 0.126302770292666 -0.181619598504849
-0.0113287124414336 0.0437877652842111 0.146455148381874 -0.207957319704691
-0.0480747561222065 0.0406086264141352 0.207931032217319 -0.176621486826853
-0.055510548670911 0.00496122165364072 0.253976866159577 -0.0665504074565034
-0.0360496275604762 -0.0318875885600135 0.24374915719999 0.0960194625558353
0.0161329973329257 -0.0562805562145158 0.14252374920204 0.230696554304772
0.0678007090701254 0.00471791394334562 -0.0112606465091754 0.30344699516447
0.0573393025817286 0.0670860507914574 -0.0938958913784367 0.381730105107695
0.0947704670675445 0.219486978241502 0.194658879217574 0.181767755598504
0.202743951375723 0.101318832268705 0.14363947159656 0.0149828343287169
0.178853076806679 -0.108186825966883 0.0721027419188959 -0.0530131876939301
-0.0406577044831463 -0.174664474071717 -0.0235557648388606 -0.0531570505893609
-0.164526479176851 -0.0608238716110736 -0.00547374413203655 0.0376055536331661
-0.146092547461875 0.0683859687025856 0.0744135405572711 -0.00682321572105781
-0.0679412596491729 0.114079533410063 0.104517700178618 -0.0831839872954644
-0.0369294444643954 0.113789032506222 0.111614388808767 -0.145964047006644
-0.0540301381029336 0.102369992225264 0.129283259074001 -0.178205746310364
-0.125873765867427 0.0844650106077526 0.1875331073761 -0.172575899899686
-0.143441738131394 -0.00635398870074434 0.244167928880016 -0.0891634251348464
-0.0856332957045232 -0.102845735050242 0.257535937386871 0.0907727936097615
0.0755347408227092 -0.149855341349485 0.133869427799884 0.227941327443336
0.200291379085929 0.0215674290257186 -0.0262321409815188 0.265162524351664
0.148174507735272 0.196942878505798 -0.0956511945481394 0.314866236108083
0.121988922266284 0.303130957397181 0.158485701348271 0.124637540379506
0.286947966993074 0.123882093738202 0.179399124892003 0.037342673529445
0.242996956721688 -0.160417799280459 0.114450528723855 -0.11861872572182
-0.052793656336862 -0.239922060837651 -0.070824176991368 -0.122673899938039
-0.219454543154333 -0.0959616701623092 -0.0864862746174074 0.038734229906805
-0.213138395442167 0.0779556212823686 0.0168131503061085 0.0402366971951443
-0.116305914597612 0.158229043638591 0.0677461323571862 -0.0241592052250332
-0.070794195089433 0.163503270364413 0.0833299358957682 -0.085816161324778
-0.086363182318997 0.152924241192182 0.102984418209449 -0.126412926793094
-0.188141501756677 0.130754976751832 0.159339975878541 -0.148120489597254
-0.22841727478431 -0.0056487943731887 0.223135664748361 -0.0885785993649252
-0.147080663701032 -0.172380940809814 0.245110369612451 0.104889884244321
0.126289562724172 -0.247290159762344 0.0883922099892246 0.217702470566403
0.317699139323086 0.0279574861528673 -0.0603635295778544 0.195552231037073
0.223687678427628 0.294028931045439 -0.10959981343786 0.211178959752663
0.132404255910022 0.347461627514949 0.139234953915592 0.0289276625403991
0.322539939520901 0.127874577833115 0.204648017778449 -0.0183796716363359
0.258854748086172 -0.177173141010895 0.0905015785794303 -0.203618168492212
-0.0495558446775075 -0.253300621437596 -0.14285773390015 -0.159492419874754
-0.22982248744149 -0.114315703194084 -0.160392825625203 0.0454510662416411
-0.240396399340035 0.0697479030139192 -0.0492382541358907 0.0837265067005969
-0.144515974571739 0.172235335226591 0.0156808540069986 0.045370690053258
-0.0941017752241647 0.186872987531068 0.044114179790047 -0.0092491515624013
-0.109867162191579 0.185635275484844 0.0707724888369754 -0.0584502370113472
-0.234603748352366 0.165041701908783 0.123737720583991 -0.098787516021322
-0.297562459494275 -0.0119074605940419 0.181261508142788 -0.0553880084196388
-0.188596009193906 -0.242108557374411 0.185498872231627 0.123696645442187
0.177917775641414 -0.316334999300499 0.0175737767608691 0.172269521247984
0.393043291110813 0.036009640788725 -0.0838274105241804 0.105104153089088
0.268024924743212 0.340695756990686 -0.131841775300804 0.0956846052733825
0.132196571361372 0.338340485291092 0.12553386269979 -0.0928804677956717
0.305637252515551 0.113640919400656 0.18070217713664 -0.116147675308299
0.233306958376865 -0.159036881412309 0.0217157513108372 -0.252016577308051
-0.0322104361072256 -0.224157296847529 -0.196173405349634 -0.155987136480576
-0.203759266426738 -0.118708503207505 -0.209381319147768 0.0451920490400338
-0.229159243206691 0.0521622449759596 -0.11493501901802 0.114801390340023
-0.14537282399172 0.16133622239147 -0.0403163019830148 0.115547358823536
-0.104844198679942 0.181496022049256 0.000110722721473148 0.0708627209681653
-0.120387347876144 0.189907080329634 0.0310627838395216 0.0176551740807103
-0.25546761022866 0.165832005877422 0.0725206043879515 -0.0311932338466025
-0.323254585594156 -0.0399080032514378 0.104683694312274 -0.0074542235884104
-0.17470855447407 -0.287501823109922 0.0920954189601702 0.111253919233995
0.219300099854294 -0.315445271592563 -0.0263781203249611 0.0908663035510426
0.402343167633837 0.0536386126900607 -0.072621732083401 0.0335848754693505
0.265373737082634 0.335789621153981 -0.160557193366336 -0.00791876807939513
0.116259537392886 0.276894033311651 0.10608896135814 -0.214840421306621
0.247633851017722 0.084392018816338 0.119224234502138 -0.201051440424506
0.181899116417352 -0.118855588418747 -0.048043541425695 -0.256485559880235
-0.0139716926605577 -0.171454299336504 -0.21947645413553 -0.137964603400518
-0.155024480144734 -0.105703341901072 -0.234264031210111 0.0363511065770671
-0.184141973047251 0.0323251463138561 -0.16795030481372 0.13602362061086
-0.122483211157483 0.129147743507961 -0.0924876674371225 0.176672104007436
-0.0988893243525112 0.148654679966698 -0.0438082111690167 0.139298566248238
-0.115647901796643 0.162096070552823 -0.0144778237143632 0.0864745483440627
-0.238232987563738 0.128806902576133 0.00690196760484936 0.0328280211007323
-0.281906061367153 -0.0715523222510858 0.00979586053040776 0.0191030263026708
-0.110285293359784 -0.272411732075202 0.0177787765327994 0.0534311653658916
0.21928118042327 -0.237864558859376 -0.0130738218848139 0.0235921554757818
0.331593324169883 0.0686870885108738 -0.0450986785839535 0.0173459884545154
0.214866404857314 0.275271801920652 -0.192440847154016 -0.0869825243636578
0.0836861803743006 0.174520779538599 0.0810977587269088 -0.307977980171819
0.160675614075865 0.050690981091577 0.0524054353512976 -0.254304047607237
0.115783768886865 -0.0712908557671234 -0.0976728694270119 -0.244605967094335
-0.000486082909231648 -0.10643372073339 -0.224135391990682 -0.118356376669501
-0.0930276029240494 -0.077303095870072 -0.247247297891818 0.0295273722584356
-0.114302043378756 0.0136750461576509 -0.203899194472077 0.153259377496594
-0.0824850468565565 0.0818560012311874 -0.132343918985704 0.220716527085827
-0.0769577234370173 0.0923456558479126 -0.0815915837928589 0.186345695613093
-0.0910854131275911 0.102991587213331 -0.0583528634645956 0.135036828923405
-0.171400628717554 0.0666281844723156 -0.0562855704745604 0.0714410749743137
-0.181592318327249 -0.0784891544348514 -0.0638990761577415 0.0148582923550416
-0.0391525077986049 -0.187337714048972 -0.00761301099783168 -0.00676293889688106
0.153381889971331 -0.127141739146533 0.0225633775631804 0.00729468845113732
0.200909071066191 0.0536961195238525 -0.039923773415185 0.0385266183933192
0.12743803132584 0.161521363090063 -0.216159299921962 -0.13875494134766
-0.0269345989888188 -0.0325992311223012 0.254175490374212 0.198387781384756
-0.0505341917227973 0.00963828652096452 0.136220948402676 -0.0936365834838878
-0.0372667161722652 0.027830187368521 -0.0235822326412632 -0.0506430832751836
-0.00321089210012732 0.0518761262116022 -0.0210910541504959 0.0274741940274633
0.0393160248465469 0.0395187669741627 0.062331432030524 0.0337234403675947
0.0570470957996665 0.00188839923323504 0.0964763298330765 -0.0561228501662517
0.0488854054504192 -0.0333457678687566 0.101742849844044 -0.122002373713837
0.0440839241580567 -0.028980147438911 0.122643858256232 -0.17811623352079
0.0377576320297678 -0.0135459299948936 0.14954027037829 -0.202043271704017
0.0386890877396848 0.00791780792170496 0.211551100100175 -0.158290077856218
0.0275445916372931 0.0316518546320823 0.25167246709349 -0.0347848729869605
-0.0066328545189209 0.0406829629988878 0.218901501133518 0.111047359251759
-0.0536972675621539 0.0201054259970232 0.115980750645808 0.235477936708835
-0.063066587344537 -0.0283420440803521 -0.0324757418729147 0.309394268784422
-0.0255657995456955 -0.0787828243740167 -0.114819426448232 0.381130994556005
0.0379440083892354 0.101069269555691 0.225463182130015 0.204776016438801
0.0792464982460468 0.0620281530108275 0.134910194699871 -0.0450141020339012
0.0763049925408112 -0.0380096680068916 0.0117949867382596 -0.0403721240042084
-0.0203992624267792 -0.066554699462285 -0.014474993120024 0.00493612142513018
-0.0698083691100055 -0.0126116796134111 0.0482797546075106 0.0395214773764222
-0.0481575275318027 0.0393869301636508 0.101873116371227 -0.040344842087695
-0.00927561458783996 0.043233712859576 0.115035729231392 -0.113494391842946
0.0025564503758884 0.0434687691994429 0.126384958530861 -0.173689695536621
-0.0118262444721464 0.04242204124895 0.148342796610601 -0.196123725648142
-0.0475975497394481 0.0392007377468495 0.205692130385564 -0.165601602361161
-0.0540756099355036 0.00424490800597372 0.247521545886047 -0.0572541454931146
-0.0332716461516785 -0.0320472466222512 0.232891182895789 0.0987851641402011
0.0169395030869419 -0.0537000072884927 0.132059304875929 0.227182730123542
0.0646922509474216 0.005746083604815 -0.0193973838125456 0.295301489657511
0.0538168955626503 0.0643275890676394 -0.103506183036303 0.365316119135768
0.0861182094992937 0.213826615711151 0.183849716524836 0.179140966717567
0.19348785195013 0.102865952497997 0.139806168389321 0.018741712167152
0.176654559518773 -0.0998803992865148 0.0741561293018193 -0.0511859015071536
-0.0347879917363261 -0.169791772576068 -0.0209276324459255 -0.0542856642575346
-0.158596093364262 -0.0618517644543919 -0.00698094849299527 0.0344357350742861
-0.142215269990526 0.0642202965469104 0.0700905002151321 -0.0059751906997751
-0.0680390075139998 0.107430493678359 0.102553786636265 -0.0777550418031463
-0.0388881995232356 0.107783780588223 0.11216961672726 -0.140371613946114
-0.0550588299413139 0.0982219852798962 0.129987946521999 -0.169989819120877
-0.123726290018082 0.0804016493536868 0.185088146272418 -0.161586205460351
-0.138875338830438 -0.00817039358838172 0.237595722796171 -0.0790466481032305
-0.0795846311385272 -0.101165065604749 0.246704013646429 0.094944806325746
0.076245633706931 -0.142688338384405 0.123921556253668 0.225305369176194
0.194816948264639 0.0251409570824417 -0.0347961987350679 0.256593099733462
0.137447289722943 0.192823403239613 -0.103585798257973 0.301301658340081
0.110505367524797 0.297375299673843 0.151486286080529 0.124094155370087
0.273608353132756 0.127160367913713 0.174687813646429 0.0414830270808524
0.239691090494143 -0.149225440365665 0.116292025404892 -0.115139999484066
-0.0442785917268674 -0.233521426285189 -0.0658268654170401 -0.123415579882128
-0.21106396801635 -0.0960097387318038 -0.0854083641180447 0.0342872855928013
-0.206807602947817 0.0716206290721214 0.0136291517117057 0.0383598065323901
-0.115856350198065 0.148308149527762 0.0658287506899429 -0.0212483146631853
-0.0729050801318461 0.154955118664368 0.0830774836912726 -0.0819120162055148
-0.088100190412486 0.144450446002873 0.104291927423359 -0.119582575070651
-0.184266430338956 0.124387444498175 0.158234088549303 -0.139347503912367
-0.221857735033869 -0.00916403331669573 0.218722029023535 -0.0783712512213603
-0.137848981277083 -0.170251644783416 0.234471245711 0.107114932489696
0.128729347236815 -0.23702558346474 0.0786637270832594 0.213249224898614
0.307098037022453 0.0340330643146501 -0.0663267363782547 0.188659289166927
0.208523998977468 0.287001337162813 -0.114261116911008 0.201840576594938
0.118541959395326 0.34074543056929 0.136165279979978 0.0315671451267374
0.306864439198942 0.131198434015195 0.203366503543995 -0.0131465506484493
0.255498989195741 -0.165557552582966 0.0954896014801376 -0.198167510919766
-0.0413766286168873 -0.246005702488023 -0.135608666851488 -0.160397774574724
-0.220470044284486 -0.115370349686624 -0.157914037495023 0.0395863475028066
-0.235065691194088 0.0641549348761167 -0.0505427873611361 0.0796630876955922
-0.143285213320435 0.162275212732749 0.0138863023467967 0.0447663746070693
-0.0976315470714468 0.177409308708325 0.042952185217472 -0.00856683644764991
-0.110699521910298 0.175683895587002 0.0720149782644741 -0.0546854322176187
-0.229064540503613 0.15641773950319 0.12299623262762 -0.0926937589435216
-0.28878013326262 -0.0169029769472265 0.177604604427257 -0.0467076523035961
-0.177817322829728 -0.238823514459915 0.177457747092153 0.125042925376659
0.181709329987929 -0.302049651757709 0.0111010907930777 0.167443063286213
0.381896783982708 0.0430436616271138 -0.0873174066595012 0.098990938394255
0.251689083775357 0.334640264736749 -0.133501341191994 0.0883817586395052
0.117517103382597 0.332186812019096 0.127179409286362 -0.0869860610917469
0.291765858937162 0.117513627369552 0.182172142212122 -0.107613159932187
0.229409739157411 -0.147436446331623 0.0282992466551467 -0.246102260862224
-0.024521295441917 -0.217135223491473 -0.187783013761348 -0.15765010886767
-0.19463291817955 -0.118539371661658 -0.204992307327072 0.0387477287391899
-0.222803769861326 0.0457629251070248 -0.114136441034397 0.107617086443803
-0.143470650855837 0.151091220639594 -0.0425951554670739 0.110353584789269
-0.106871690987086 0.172237218313471 -0.00114591122376733 0.0677212114112773
-0.12122911471065 0.179975767522849 0.0316854905786345 0.0168772044978037
-0.250500149482464 0.156481494420313 0.072883021551835 -0.028144041047944
-0.313463593094057 -0.0430717018937988 0.102353816509177 -0.000978214396216251
-0.164136860851353 -0.281405206391816 0.0864866305519071 0.110946903282509
0.22179197454105 -0.300733327050234 -0.0308530426392563 0.0861365055505908
0.388856564867314 0.0617558646341158 -0.0744437399555284 0.0289652265141101
0.248885099739549 0.329689692443802 -0.157373528505144 -0.012316198969412
0.103692479838482 0.272887493202131 0.112930081612379 -0.205784773871199
0.235549241735228 0.0881268824388886 0.124296275335552 -0.193302020658722
0.178827420191381 -0.109870519426619 -0.0396086921698969 -0.252138205970076
-0.00841547762578 -0.165772175245009 -0.208667329575403 -0.138459270711464
-0.148124545316642 -0.104437569114404 -0.229084511447679 0.0285883711746302
-0.178334408940484 0.0269461956548625 -0.166125872215843 0.125913842616533
-0.12080966854176 0.120576272127336 -0.094070397634692 0.168388745976118
-0.100694264220259 0.141539234510362 -0.0458188866052968 0.133987461013127
-0.116201186882082 0.152943940516282 -0.0152141257033418 0.0833348880219691
-0.232305038761894 0.121703601704545 0.00798032319716731 0.0326577800737422
-0.272725456234282 -0.0738270912652794 0.00970250128816319 0.0233318831107292
-0.101533562175212 -0.266395364016786 0.0146523818586822 0.0541023120220498
0.220582917191543 -0.226673385949442 -0.0160634856710945 0.0209660013369894
0.322223713014178 0.0742762130508718 -0.0476046336343887 0.0138833669765047
0.200731026692034 0.270392486837115 -0.18455851649661 -0.0893199689513404
0.0750027311176272 0.17170262970315 0.0901633300849121 -0.296655490551526
0.152266206904476 0.0533279940231017 0.0606536898697601 -0.245355935493366
0.113849612091125 -0.0655162003587605 -0.0873255028178169 -0.239803326707829
0.00344173803543704 -0.102667672315216 -0.214147414884057 -0.12069951259072
-0.0894426335733828 -0.0766961013682762 -0.240628045618218 0.0214756105842065
-0.110656988860485 0.0104617079211059 -0.201747396446118 0.140865993599528
-0.0804258997421406 0.0759353502974772 -0.132470279986272 0.211008422728608
-0.0781387569691405 0.0878879694174523 -0.0832620263317105 0.179369675694245
-0.089712411670815 0.0963041328639393 -0.0595344879306999 0.129115221696441
-0.1673872556999 0.0623362726353013 -0.0550213535153824 0.0695646108276053
-0.175684198292548 -0.0791288320351029 -0.0629807303133236 0.0180777049753169
-0.0340961920859932 -0.182760476733806 -0.008585885375167 -0.00509751302182076
0.153106583656253 -0.120651745700864 0.0196643698626948 0.00546201734979254
0.19440838449271 0.0573083414756375 -0.0413113224453202 0.0340216061440441
0.119440578294782 0.157350185963146 -0.205821984712472 -0.138499443383404
-0.0265157102736513 -0.034849705751585 0.247562229059257 0.207949725608538
-0.0507682655792636 0.00795967245430196 0.13997221309763 -0.0907627785566725
-0.0389218626323202 0.0258845839531464 -0.0217121828747512 -0.0531563627397486
-0.00410605277699562 0.0519076577309215 -0.0209645809124306 0.0250828893438596
0.0383040372344801 0.0414909162459435 0.0635645579628049 0.034966205829815
0.0582117176729849 0.00289263471568654 0.0966180064740257 -0.0525928184918787
0.0493327993970198 -0.0336082024486437 0.106673750917788 -0.118591584554763
0.045250866753665 -0.0288266076591753 0.130392713437667 -0.176950779852879
0.0388343553409805 -0.0126321997870605 0.157277253187301 -0.198208071949548
0.0385013705811307 0.0102173982427216 0.218836586856601 -0.152166673444658
0.0262315188863184 0.0327482635046268 0.25423245536646 -0.0268220146988042
-0.00795637446795574 0.0403716112580481 0.216200579409444 0.120271175008321
-0.0548506051691511 0.0187794096448074 0.108386700093633 0.241687293015868
-0.0627307088084028 -0.031038680172702 -0.043907068401377 0.311676517499972
-0.0244663403702198 -0.0808979880288264 -0.130664880521687 0.379825888961942
0.035154316888564 0.102525792150323 0.219765139943805 0.212571104571184
0.0778848704220721 0.0647654156099946 0.137368288243391 -0.0409943235057732
0.077748127458302 -0.0357631442773187 0.0156641679924384 -0.0414230987802908
-0.0174086573737287 -0.0673538461020597 -0.013470614707151 0.00319478119744163
-0.0696785373186497 -0.0146193871124884 0.0479892589407914 0.0403515258009559
-0.0494032815805006 0.0388908847234189 0.101560147647603 -0.0376791433657002
-0.0106979655157454 0.0421020104547483 0.119783329894727 -0.110106977981
0.000112262332302535 0.0422860642420726 0.134479047075787 -0.171880560454583
-0.0131948734511944 0.0416746560912515 0.156256812374323 -0.193343379949774
-0.0493285822116993 0.0394291323646036 0.212241773924182 -0.158559313427056
-0.0549397492076346 0.002967418711492 0.250937300674143 -0.04906470085369
-0.0320571162196673 -0.0339143705217916 0.231212177170062 0.108062419564701
0.0187527079183939 -0.0528672195964201 0.123654696325084 0.235071973469961
0.0650445981701684 0.00713219565316578 -0.0318988069607027 0.298457999775637
0.0507867650348279 0.0654524252116412 -0.119553036955055 0.363778940128135
0.0784368149447432 0.219111119174238 0.178990246466054 0.187118339681705
0.191067209709442 0.111090094794024 0.1424128216074 0.02436961175635
0.181650342251322 -0.0959450797411584 0.0789349821319469 -0.0505180897459842
-0.0290806035123579 -0.172874610628226 -0.0182950676854833 -0.0572978835000747
-0.15832185959753 -0.066674425606205 -0.00881122091455321 0.0341243663031137
-0.144552854624725 0.0606945633980513 0.0692854031512344 -0.00405971476464331
-0.072606190993748 0.104799184274307 0.105799272601018 -0.0744955487129811
-0.0435947475332569 0.105766000609566 0.11830593011875 -0.139511846878115
-0.0582711960189479 0.0965085720379844 0.138523298238233 -0.165859627155667
-0.126986041121786 0.0779851866265658 0.192153481508116 -0.155686433051195
-0.139546716305639 -0.0116658596337342 0.242017344598326 -0.0707434598265081
-0.076111034581572 -0.104581395226391 0.244865243109405 0.103486254299133
0.0822838624717599 -0.142123164477426 0.115819057370002 0.232896998344164
0.194592762985239 0.0310542534733333 -0.0455310505163343 0.259562151309095
0.131218486588171 0.196653309300388 -0.117832269275037 0.29893506790896
0.0988430789960132 0.303679979653434 0.148782046825692 0.129843556643359
0.271263267914496 0.138565414628955 0.177844847316238 0.0490803548870986
0.247216315666393 -0.142658300611068 0.124688933412257 -0.114139656982677
-0.0361745636759705 -0.237174941259958 -0.0632978622805982 -0.129495756487221
-0.210416863721641 -0.102749514257801 -0.0888309880929634 0.0317812536714055
-0.209848945599541 0.065770629624049 0.0112303923299577 0.0388331087379928
-0.122281784709652 0.145066474401186 0.0658305193730991 -0.0188730903479136
-0.0808373336250027 0.152312752619842 0.0863530462617832 -0.0812059977154276
-0.0935934343338323 0.142590249792626 0.111069988002243 -0.118120072645959
-0.189746445871841 0.120703723488255 0.164950797987503 -0.13479527460422
-0.22289821706875 -0.0149905195164963 0.223662204884062 -0.0703909233915113
-0.132030936367897 -0.17564095520907 0.233170295798791 0.117435976902264
0.137949007064554 -0.235266974425003 0.0706071336793801 0.218421268176573
0.309497792407697 0.0435257133242882 -0.0768148948532371 0.18944638934322
0.199543521046079 0.293723515345208 -0.126174121103893 0.197981247221043
0.10603805278844 0.347665738398069 0.138272291224036 0.0367123994731351
0.304238494864928 0.144680035901437 0.210352198578181 -0.00563449765435686
0.262907622607638 -0.15784723923536 0.105850187928531 -0.198435807680501
-0.0319475881161852 -0.248857340439973 -0.132341608203365 -0.168393400717453
-0.218877160732433 -0.121318070317682 -0.162326321127387 0.0356682389191477
-0.237170615630614 0.0568758121133436 -0.0558868359056824 0.0776831694031627
-0.149038930932092 0.156967288289525 0.0112380555022597 0.0461133343318014
-0.105045984154855 0.174211316388643 0.0441648065054297 -0.00753477546009495
-0.116866862815922 0.172392387688198 0.076219887688637 -0.0539084432925829
-0.234542111278117 0.152570778831984 0.128113071891731 -0.0896499392342458
-0.291839267394205 -0.0233607091956157 0.181422239408757 -0.0382705955041959
-0.170685226935231 -0.245551868207699 0.173805215392572 0.133634132269081
0.192560286541807 -0.300367474395964 0.00322461428872145 0.169658958765547
0.384797870987687 0.0559215185826983 -0.0959810222447131 0.0971429679742895
0.240954724528887 0.342688641388126 -0.141195219635508 0.0845264519869504
0.102965242828887 0.339064543725939 0.134723082999235 -0.0835460203965868
0.287577362589934 0.1277623642096 0.192020300945211 -0.104085231400911
0.23661402724161 -0.140595937256109 0.0394407842817104 -0.248960712185725
-0.0155673547790803 -0.219351821256969 -0.18505559943816 -0.165599062108574
-0.193558771646458 -0.124494994972095 -0.208872301080886 0.0325903454397304
-0.225168066184203 0.0396428115391863 -0.120152487001722 0.102989945007428
-0.149632923341468 0.146539848861883 -0.0482418738859056 0.110090928381198
-0.115360096164702 0.169003563703802 -0.00327378750461433 0.0682283393677362
-0.128121381081184 0.176160428723544 0.0324034279099348 0.0174176125302483
-0.255763181605897 0.152955110163894 0.0749833330249753 -0.0256012665002605
-0.315773805521095 -0.051316930510005 0.104653481765816 0.00582127018753414
-0.156652663330333 -0.28951993034221 0.0835452175515151 0.116797822103431
0.235404574286615 -0.298134771672795 -0.037723104426948 0.0860014889569262
0.39122881833355 0.0764478807948158 -0.0798195858149421 0.0252671257084274
0.238420048266294 0.338352298132357 -0.160813572867002 -0.0182550860793263
0.0926323419043436 0.279648690022594 0.124523946499893 -0.205054749286965
0.232145887728779 0.0970390711200541 0.136505257248202 -0.192578559034672
0.184098376283477 -0.104438309973184 -0.0303774358925292 -0.256847299628191
-0.00131441558954573 -0.16663380273672 -0.20598273036404 -0.146246178352528
-0.146648138991184 -0.109646613890353 -0.232955726161174 0.0211236472796042
-0.179635016237811 0.0212462388238952 -0.173169104002309 0.120294213063998
-0.124958854484407 0.116404175003006 -0.0998228838498652 0.166530080033022
-0.107740573749307 0.138492168980661 -0.049978688109539 0.13348296371803
-0.12241524155505 0.14935082628011 -0.0156592641617125 0.0824147538605361
-0.236962042850125 0.117207608580265 0.00839833208276057 0.0336385574915837
-0.274030843544094 -0.0802454585573947 0.0101253692268206 0.0280580064655583
-0.0939636698049458 -0.271660046129764 0.0121341512441853 0.0570265846705416
0.231202283173117 -0.222573422193677 -0.0197645471828551 0.0187044099329579
0.324140031418001 0.0853848105847578 -0.051507221986348 0.010600010179179
0.193195885862962 0.277605471419605 -0.184718645396935 -0.0955877822563696
0.0675085711845164 0.177922268285953 0.105872626228825 -0.297400302846364
0.149430039418596 0.0581484532430217 0.0731083977315128 -0.245920865466871
0.115963678509612 -0.0613838463045568 -0.0796372725643487 -0.24647133807792
0.00789560490520055 -0.103157552210144 -0.211908208738564 -0.128115668267289
-0.0880988019077861 -0.0784767721605744 -0.244905469583962 0.0126534988679143
-0.11056334183224 0.00637520571494719 -0.20898946361508 0.134542163043983
-0.0834479384207465 0.0735912935170927 -0.139826607911525 0.208385310137681
-0.083059180598481 0.08629108658969 -0.0906369559070415 0.17839730697976
-0.0943261171422049 0.0942087626051595 -0.0640766839841782 0.127921419294231
-0.171445188857661 0.0587284507901723 -0.0561871109631625 0.0690933788909838
-0.175793680634767 -0.0836983703365827 -0.062743133279106 0.0203756078959974
-0.0293737808717802 -0.184837014865136 -0.00957020479506716 -0.0044937825692334
0.159160130299355 -0.117636981840169 0.0178906290879769 0.00431236822057544
0.196500349753983 0.0650186268219989 -0.0441638576239499 0.0318151348845455
0.114109279496475 0.162899089924012 -0.201950210606144 -0.146280549074075
